{
    "Plan": {
        "Node Type": "Aggregate",
        "Strategy": "Plain",
        "Partial Mode": "Simple",
        "Parallel Aware": false,
        "Startup Cost": 70001910429.3,
        "Total Cost": 70001910429.31,
        "Plan Rows": 1,
        "Plan Width": 64,
        "Actual Startup Time": 5454.324,
        "Actual Total Time": 5454.335,
        "Actual Rows": 1,
        "Actual Loops": 1,
        "Output": [
            "min((kt.kind)::text)",
            "min(t.title)"
        ],
        "Plans": [
            {
                "Node Type": "Hash Join",
                "Parent Relationship": "Outer",
                "Parallel Aware": false,
                "Join Type": "Inner",
                "Startup Cost": 70001909727.6,
                "Total Cost": 70001910429.29,
                "Plan Rows": 1,
                "Plan Width": 27,
                "Actual Startup Time": 5431.1,
                "Actual Total Time": 5454.162,
                "Actual Rows": 618,
                "Actual Loops": 1,
                "Output": [
                    "kt.kind",
                    "t.title"
                ],
                "Inner Unique": true,
                "Hash Cond": "(t.kind_id = kt.id)",
                "Plans": [
                    {
                        "Node Type": "Nested Loop",
                        "Parent Relationship": "Outer",
                        "Parallel Aware": false,
                        "Join Type": "Inner",
                        "Startup Cost": 60001909715.33,
                        "Total Cost": 60001910417.0,
                        "Plan Rows": 7,
                        "Plan Width": 21,
                        "Actual Startup Time": 5431.011,
                        "Actual Total Time": 5453.821,
                        "Actual Rows": 618,
                        "Actual Loops": 1,
                        "Output": [
                            "t.title",
                            "t.kind_id"
                        ],
                        "Inner Unique": true,
                        "Plans": [
                            {
                                "Node Type": "Nested Loop",
                                "Parent Relationship": "Outer",
                                "Parallel Aware": false,
                                "Join Type": "Inner",
                                "Startup Cost": 60001909715.2,
                                "Total Cost": 60001910415.98,
                                "Plan Rows": 7,
                                "Plan Width": 25,
                                "Actual Startup Time": 5431.0,
                                "Actual Total Time": 5453.132,
                                "Actual Rows": 618,
                                "Actual Loops": 1,
                                "Output": [
                                    "mc.company_type_id",
                                    "t.title",
                                    "t.kind_id"
                                ],
                                "Inner Unique": true,
                                "Plans": [
                                    {
                                        "Node Type": "Hash Join",
                                        "Parent Relationship": "Outer",
                                        "Parallel Aware": false,
                                        "Join Type": "Inner",
                                        "Startup Cost": 50001909714.77,
                                        "Total Cost": 50001910384.87,
                                        "Plan Rows": 7,
                                        "Plan Width": 29,
                                        "Actual Startup Time": 5430.978,
                                        "Actual Total Time": 5450.172,
                                        "Actual Rows": 618,
                                        "Actual Loops": 1,
                                        "Output": [
                                            "mc.company_id",
                                            "mc.company_type_id",
                                            "t.title",
                                            "t.kind_id"
                                        ],
                                        "Inner Unique": false,
                                        "Hash Cond": "(mi.movie_id = t.id)",
                                        "Plans": [
                                            {
                                                "Node Type": "Hash Join",
                                                "Parent Relationship": "Outer",
                                                "Parallel Aware": false,
                                                "Join Type": "Inner",
                                                "Startup Cost": 50001824218.52,
                                                "Total Cost": 50001824888.5,
                                                "Plan Rows": 12,
                                                "Plan Width": 24,
                                                "Actual Startup Time": 4751.591,
                                                "Actual Total Time": 4770.632,
                                                "Actual Rows": 628,
                                                "Actual Loops": 1,
                                                "Output": [
                                                    "cc.movie_id",
                                                    "mc.movie_id",
                                                    "mc.company_id",
                                                    "mc.company_type_id",
                                                    "mi.movie_id",
                                                    "mk.movie_id"
                                                ],
                                                "Inner Unique": false,
                                                "Hash Cond": "(mi.movie_id = mc.movie_id)",
                                                "Plans": [
                                                    {
                                                        "Node Type": "Merge Join",
                                                        "Parent Relationship": "Outer",
                                                        "Parallel Aware": false,
                                                        "Join Type": "Inner",
                                                        "Startup Cost": 50001746723.12,
                                                        "Total Cost": 50001747392.35,
                                                        "Plan Rows": 12,
                                                        "Plan Width": 12,
                                                        "Actual Startup Time": 4000.018,
                                                        "Actual Total Time": 4018.838,
                                                        "Actual Rows": 625,
                                                        "Actual Loops": 1,
                                                        "Output": [
                                                            "cc.movie_id",
                                                            "mi.movie_id",
                                                            "mk.movie_id"
                                                        ],
                                                        "Inner Unique": false,
                                                        "Merge Cond": "(k.id = mk.keyword_id)",
                                                        "Plans": [
                                                            {
                                                                "Node Type": "Sort",
                                                                "Parent Relationship": "Outer",
                                                                "Parallel Aware": false,
                                                                "Startup Cost": 10000013717.76,
                                                                "Total Cost": 10000014053.18,
                                                                "Plan Rows": 134170,
                                                                "Plan Width": 4,
                                                                "Actual Startup Time": 35.123,
                                                                "Actual Total Time": 46.338,
                                                                "Actual Rows": 124591,
                                                                "Actual Loops": 1,
                                                                "Output": [
                                                                    "k.id"
                                                                ],
                                                                "Sort Key": [
                                                                    "k.id"
                                                                ],
                                                                "Sort Method": "quicksort",
                                                                "Sort Space Used": 12434,
                                                                "Sort Space Type": "Memory",
                                                                "Plans": [
                                                                    {
                                                                        "Node Type": "Seq Scan",
                                                                        "Parent Relationship": "Outer",
                                                                        "Parallel Aware": false,
                                                                        "Relation Name": "keyword",
                                                                        "Schema": "public",
                                                                        "Alias": "k",
                                                                        "Startup Cost": 10000000000.0,
                                                                        "Total Cost": 10000002290.7,
                                                                        "Plan Rows": 134170,
                                                                        "Plan Width": 4,
                                                                        "Actual Startup Time": 0.017,
                                                                        "Actual Total Time": 10.597,
                                                                        "Actual Rows": 134170,
                                                                        "Actual Loops": 1,
                                                                        "Output": [
                                                                            "k.id"
                                                                        ]
                                                                    }
                                                                ]
                                                            },
                                                            {
                                                                "Node Type": "Sort",
                                                                "Parent Relationship": "Inner",
                                                                "Parallel Aware": false,
                                                                "Startup Cost": 40001733005.29,
                                                                "Total Cost": 40001733005.32,
                                                                "Plan Rows": 12,
                                                                "Plan Width": 16,
                                                                "Actual Startup Time": 3964.862,
                                                                "Actual Total Time": 3965.002,
                                                                "Actual Rows": 625,
                                                                "Actual Loops": 1,
                                                                "Output": [
                                                                    "cc.movie_id",
                                                                    "mi.movie_id",
                                                                    "mk.movie_id",
                                                                    "mk.keyword_id"
                                                                ],
                                                                "Sort Key": [
                                                                    "mk.keyword_id"
                                                                ],
                                                                "Sort Method": "quicksort",
                                                                "Sort Space Used": 54,
                                                                "Sort Space Type": "Memory",
                                                                "Plans": [
                                                                    {
                                                                        "Node Type": "Hash Join",
                                                                        "Parent Relationship": "Outer",
                                                                        "Parallel Aware": false,
                                                                        "Join Type": "Inner",
                                                                        "Startup Cost": 40001693904.16,
                                                                        "Total Cost": 40001733005.08,
                                                                        "Plan Rows": 12,
                                                                        "Plan Width": 16,
                                                                        "Actual Startup Time": 3694.346,
                                                                        "Actual Total Time": 3964.669,
                                                                        "Actual Rows": 625,
                                                                        "Actual Loops": 1,
                                                                        "Output": [
                                                                            "cc.movie_id",
                                                                            "mi.movie_id",
                                                                            "mk.movie_id",
                                                                            "mk.keyword_id"
                                                                        ],
                                                                        "Inner Unique": false,
                                                                        "Hash Cond": "(cc.status_id = cct1.id)",
                                                                        "Plans": [
                                                                            {
                                                                                "Node Type": "Nested Loop",
                                                                                "Parent Relationship": "Outer",
                                                                                "Parallel Aware": false,
                                                                                "Join Type": "Inner",
                                                                                "Startup Cost": 40001693903.1,
                                                                                "Total Cost": 40001733003.94,
                                                                                "Plan Rows": 12,
                                                                                "Plan Width": 20,
                                                                                "Actual Startup Time": 3623.38,
                                                                                "Actual Total Time": 3964.367,
                                                                                "Actual Rows": 741,
                                                                                "Actual Loops": 1,
                                                                                "Output": [
                                                                                    "cc.movie_id",
                                                                                    "cc.status_id",
                                                                                    "mi.movie_id",
                                                                                    "mk.movie_id",
                                                                                    "mk.keyword_id"
                                                                                ],
                                                                                "Inner Unique": false,
                                                                                "Join Filter": "(mi.movie_id = cc.movie_id)",
                                                                                "Rows Removed by Join Filter": 0,
                                                                                "Plans": [
                                                                                    {
                                                                                        "Node Type": "Nested Loop",
                                                                                        "Parent Relationship": "Outer",
                                                                                        "Parallel Aware": false,
                                                                                        "Join Type": "Inner",
                                                                                        "Startup Cost": 30001693902.66,
                                                                                        "Total Cost": 30001732842.45,
                                                                                        "Plan Rows": 36,
                                                                                        "Plan Width": 12,
                                                                                        "Actual Startup Time": 3538.502,
                                                                                        "Actual Total Time": 3942.0,
                                                                                        "Actual Rows": 4463,
                                                                                        "Actual Loops": 1,
                                                                                        "Output": [
                                                                                            "mi.movie_id",
                                                                                            "mk.movie_id",
                                                                                            "mk.keyword_id"
                                                                                        ],
                                                                                        "Inner Unique": true,
                                                                                        "Plans": [
                                                                                            {
                                                                                                "Node Type": "Merge Join",
                                                                                                "Parent Relationship": "Outer",
                                                                                                "Parallel Aware": false,
                                                                                                "Join Type": "Inner",
                                                                                                "Startup Cost": 20001693902.48,
                                                                                                "Total Cost": 20001716580.35,
                                                                                                "Plan Rows": 3881,
                                                                                                "Plan Width": 16,
                                                                                                "Actual Startup Time": 3538.469,
                                                                                                "Actual Total Time": 3924.102,
                                                                                                "Actual Rows": 4463,
                                                                                                "Actual Loops": 1,
                                                                                                "Output": [
                                                                                                    "mi.movie_id",
                                                                                                    "mi.info_type_id",
                                                                                                    "mk.movie_id",
                                                                                                    "mk.keyword_id"
                                                                                                ],
                                                                                                "Inner Unique": false,
                                                                                                "Merge Cond": "(mk.movie_id = mi.movie_id)",
                                                                                                "Plans": [
                                                                                                    {
                                                                                                        "Node Type": "Sort",
                                                                                                        "Parent Relationship": "Outer",
                                                                                                        "Parallel Aware": false,
                                                                                                        "Startup Cost": 10000569794.43,
                                                                                                        "Total Cost": 10000581104.25,
                                                                                                        "Plan Rows": 4523930,
                                                                                                        "Plan Width": 8,
                                                                                                        "Actual Startup Time": 1028.994,
                                                                                                        "Actual Total Time": 1194.161,
                                                                                                        "Actual Rows": 4514673,
                                                                                                        "Actual Loops": 1,
                                                                                                        "Output": [
                                                                                                            "mk.movie_id",
                                                                                                            "mk.keyword_id"
                                                                                                        ],
                                                                                                        "Sort Key": [
                                                                                                            "mk.movie_id"
                                                                                                        ],
                                                                                                        "Sort Method": "quicksort",
                                                                                                        "Sort Space Used": 408668,
                                                                                                        "Sort Space Type": "Memory",
                                                                                                        "Plans": [
                                                                                                            {
                                                                                                                "Node Type": "Seq Scan",
                                                                                                                "Parent Relationship": "Outer",
                                                                                                                "Parallel Aware": false,
                                                                                                                "Relation Name": "movie_keyword",
                                                                                                                "Schema": "public",
                                                                                                                "Alias": "mk",
                                                                                                                "Startup Cost": 10000000000.0,
                                                                                                                "Total Cost": 10000069693.3,
                                                                                                                "Plan Rows": 4523930,
                                                                                                                "Plan Width": 8,
                                                                                                                "Actual Startup Time": 0.01,
                                                                                                                "Actual Total Time": 371.619,
                                                                                                                "Actual Rows": 4523930,
                                                                                                                "Actual Loops": 1,
                                                                                                                "Output": [
                                                                                                                    "mk.movie_id",
                                                                                                                    "mk.keyword_id"
                                                                                                                ]
                                                                                                            }
                                                                                                        ]
                                                                                                    },
                                                                                                    {
                                                                                                        "Node Type": "Sort",
                                                                                                        "Parent Relationship": "Inner",
                                                                                                        "Parallel Aware": false,
                                                                                                        "Startup Cost": 10001124108.06,
                                                                                                        "Total Cost": 10001124108.86,
                                                                                                        "Plan Rows": 322,
                                                                                                        "Plan Width": 8,
                                                                                                        "Actual Startup Time": 2509.446,
                                                                                                        "Actual Total Time": 2510.356,
                                                                                                        "Actual Rows": 5662,
                                                                                                        "Actual Loops": 1,
                                                                                                        "Output": [
                                                                                                            "mi.movie_id",
                                                                                                            "mi.info_type_id"
                                                                                                        ],
                                                                                                        "Sort Key": [
                                                                                                            "mi.movie_id"
                                                                                                        ],
                                                                                                        "Sort Method": "quicksort",
                                                                                                        "Sort Space Used": 132,
                                                                                                        "Sort Space Type": "Memory",
                                                                                                        "Plans": [
                                                                                                            {
                                                                                                                "Node Type": "Index Scan",
                                                                                                                "Parent Relationship": "Outer",
                                                                                                                "Parallel Aware": false,
                                                                                                                "Scan Direction": "Forward",
                                                                                                                "Index Name": "info_type_id_movie_info",
                                                                                                                "Relation Name": "movie_info",
                                                                                                                "Schema": "public",
                                                                                                                "Alias": "mi",
                                                                                                                "Startup Cost": 10000000000.43,
                                                                                                                "Total Cost": 10001124094.65,
                                                                                                                "Plan Rows": 322,
                                                                                                                "Plan Width": 8,
                                                                                                                "Actual Startup Time": 1481.502,
                                                                                                                "Actual Total Time": 2508.882,
                                                                                                                "Actual Rows": 1783,
                                                                                                                "Actual Loops": 1,
                                                                                                                "Output": [
                                                                                                                    "mi.movie_id",
                                                                                                                    "mi.info_type_id"
                                                                                                                ],
                                                                                                                "Filter": "((mi.info IS NOT NULL) AND (mi.note ~~ '%internet%'::text) AND ((mi.info ~~ 'USA:% 199%'::text) OR (mi.info ~~ 'USA:% 200%'::text)))",
                                                                                                                "Rows Removed by Filter": 14833937
                                                                                                            }
                                                                                                        ]
                                                                                                    }
                                                                                                ]
                                                                                            },
                                                                                            {
                                                                                                "Node Type": "Bitmap Heap Scan",
                                                                                                "Parent Relationship": "Inner",
                                                                                                "Parallel Aware": false,
                                                                                                "Relation Name": "info_type",
                                                                                                "Schema": "public",
                                                                                                "Alias": "it1",
                                                                                                "Startup Cost": 0.18,
                                                                                                "Total Cost": 4.19,
                                                                                                "Plan Rows": 1,
                                                                                                "Plan Width": 4,
                                                                                                "Actual Startup Time": 0.002,
                                                                                                "Actual Total Time": 0.002,
                                                                                                "Actual Rows": 1,
                                                                                                "Actual Loops": 4463,
                                                                                                "Output": [
                                                                                                    "it1.id",
                                                                                                    "it1.info"
                                                                                                ],
                                                                                                "Recheck Cond": "(it1.id = mi.info_type_id)",
                                                                                                "Rows Removed by Index Recheck": 0,
                                                                                                "Filter": "((it1.info)::text = 'release dates'::text)",
                                                                                                "Rows Removed by Filter": 0,
                                                                                                "Exact Heap Blocks": 4463,
                                                                                                "Lossy Heap Blocks": 0,
                                                                                                "Plans": [
                                                                                                    {
                                                                                                        "Node Type": "Bitmap Index Scan",
                                                                                                        "Parent Relationship": "Outer",
                                                                                                        "Parallel Aware": false,
                                                                                                        "Index Name": "info_type_pkey",
                                                                                                        "Startup Cost": 0.0,
                                                                                                        "Total Cost": 0.17,
                                                                                                        "Plan Rows": 1,
                                                                                                        "Plan Width": 0,
                                                                                                        "Actual Startup Time": 0.001,
                                                                                                        "Actual Total Time": 0.001,
                                                                                                        "Actual Rows": 1,
                                                                                                        "Actual Loops": 4463,
                                                                                                        "Index Cond": "(it1.id = mi.info_type_id)"
                                                                                                    }
                                                                                                ]
                                                                                            }
                                                                                        ]
                                                                                    },
                                                                                    {
                                                                                        "Node Type": "Bitmap Heap Scan",
                                                                                        "Parent Relationship": "Inner",
                                                                                        "Parallel Aware": false,
                                                                                        "Relation Name": "complete_cast",
                                                                                        "Schema": "public",
                                                                                        "Alias": "cc",
                                                                                        "Startup Cost": 0.44,
                                                                                        "Total Cost": 4.46,
                                                                                        "Plan Rows": 2,
                                                                                        "Plan Width": 8,
                                                                                        "Actual Startup Time": 0.003,
                                                                                        "Actual Total Time": 0.003,
                                                                                        "Actual Rows": 0,
                                                                                        "Actual Loops": 4463,
                                                                                        "Output": [
                                                                                            "cc.id",
                                                                                            "cc.movie_id",
                                                                                            "cc.subject_id",
                                                                                            "cc.status_id"
                                                                                        ],
                                                                                        "Recheck Cond": "(cc.movie_id = mk.movie_id)",
                                                                                        "Rows Removed by Index Recheck": 0,
                                                                                        "Exact Heap Blocks": 741,
                                                                                        "Lossy Heap Blocks": 0,
                                                                                        "Plans": [
                                                                                            {
                                                                                                "Node Type": "Bitmap Index Scan",
                                                                                                "Parent Relationship": "Outer",
                                                                                                "Parallel Aware": false,
                                                                                                "Index Name": "movie_id_complete_cast",
                                                                                                "Startup Cost": 0.0,
                                                                                                "Total Cost": 0.44,
                                                                                                "Plan Rows": 2,
                                                                                                "Plan Width": 0,
                                                                                                "Actual Startup Time": 0.003,
                                                                                                "Actual Total Time": 0.003,
                                                                                                "Actual Rows": 0,
                                                                                                "Actual Loops": 4463,
                                                                                                "Index Cond": "(cc.movie_id = mk.movie_id)"
                                                                                            }
                                                                                        ]
                                                                                    }
                                                                                ]
                                                                            },
                                                                            {
                                                                                "Node Type": "Hash",
                                                                                "Parent Relationship": "Inner",
                                                                                "Parallel Aware": false,
                                                                                "Startup Cost": 1.05,
                                                                                "Total Cost": 1.05,
                                                                                "Plan Rows": 1,
                                                                                "Plan Width": 4,
                                                                                "Actual Startup Time": 0.054,
                                                                                "Actual Total Time": 0.055,
                                                                                "Actual Rows": 1,
                                                                                "Actual Loops": 1,
                                                                                "Output": [
                                                                                    "cct1.id"
                                                                                ],
                                                                                "Hash Buckets": 1024,
                                                                                "Original Hash Buckets": 1024,
                                                                                "Hash Batches": 1,
                                                                                "Original Hash Batches": 1,
                                                                                "Peak Memory Usage": 9,
                                                                                "Plans": [
                                                                                    {
                                                                                        "Node Type": "Seq Scan",
                                                                                        "Parent Relationship": "Outer",
                                                                                        "Parallel Aware": false,
                                                                                        "Relation Name": "comp_cast_type",
                                                                                        "Schema": "public",
                                                                                        "Alias": "cct1",
                                                                                        "Startup Cost": 0.0,
                                                                                        "Total Cost": 1.05,
                                                                                        "Plan Rows": 1,
                                                                                        "Plan Width": 4,
                                                                                        "Actual Startup Time": 0.051,
                                                                                        "Actual Total Time": 0.052,
                                                                                        "Actual Rows": 1,
                                                                                        "Actual Loops": 1,
                                                                                        "Output": [
                                                                                            "cct1.id"
                                                                                        ],
                                                                                        "Filter": "((cct1.kind)::text = 'complete+verified'::text)",
                                                                                        "Rows Removed by Filter": 3
                                                                                    }
                                                                                ]
                                                                            }
                                                                        ]
                                                                    }
                                                                ]
                                                            }
                                                        ]
                                                    },
                                                    {
                                                        "Node Type": "Hash",
                                                        "Parent Relationship": "Inner",
                                                        "Parallel Aware": false,
                                                        "Startup Cost": 44881.29,
                                                        "Total Cost": 44881.29,
                                                        "Plan Rows": 2609129,
                                                        "Plan Width": 12,
                                                        "Actual Startup Time": 747.462,
                                                        "Actual Total Time": 747.463,
                                                        "Actual Rows": 2609129,
                                                        "Actual Loops": 1,
                                                        "Output": [
                                                            "mc.movie_id",
                                                            "mc.company_id",
                                                            "mc.company_type_id"
                                                        ],
                                                        "Hash Buckets": 4194304,
                                                        "Original Hash Buckets": 4194304,
                                                        "Hash Batches": 1,
                                                        "Original Hash Batches": 1,
                                                        "Peak Memory Usage": 144880,
                                                        "Plans": [
                                                            {
                                                                "Node Type": "Seq Scan",
                                                                "Parent Relationship": "Outer",
                                                                "Parallel Aware": false,
                                                                "Relation Name": "movie_companies",
                                                                "Schema": "public",
                                                                "Alias": "mc",
                                                                "Startup Cost": 0.0,
                                                                "Total Cost": 44881.29,
                                                                "Plan Rows": 2609129,
                                                                "Plan Width": 12,
                                                                "Actual Startup Time": 0.017,
                                                                "Actual Total Time": 279.855,
                                                                "Actual Rows": 2609129,
                                                                "Actual Loops": 1,
                                                                "Output": [
                                                                    "mc.movie_id",
                                                                    "mc.company_id",
                                                                    "mc.company_type_id"
                                                                ]
                                                            }
                                                        ]
                                                    }
                                                ]
                                            },
                                            {
                                                "Node Type": "Hash",
                                                "Parent Relationship": "Inner",
                                                "Parallel Aware": false,
                                                "Startup Cost": 67602.02,
                                                "Total Cost": 67602.02,
                                                "Plan Rows": 1431538,
                                                "Plan Width": 25,
                                                "Actual Startup Time": 676.962,
                                                "Actual Total Time": 676.962,
                                                "Actual Rows": 1434466,
                                                "Actual Loops": 1,
                                                "Output": [
                                                    "t.title",
                                                    "t.kind_id",
                                                    "t.id"
                                                ],
                                                "Hash Buckets": 2097152,
                                                "Original Hash Buckets": 2097152,
                                                "Hash Batches": 1,
                                                "Original Hash Batches": 1,
                                                "Peak Memory Usage": 98805,
                                                "Plans": [
                                                    {
                                                        "Node Type": "Seq Scan",
                                                        "Parent Relationship": "Outer",
                                                        "Parallel Aware": false,
                                                        "Relation Name": "title",
                                                        "Schema": "public",
                                                        "Alias": "t",
                                                        "Startup Cost": 0.0,
                                                        "Total Cost": 67602.02,
                                                        "Plan Rows": 1431538,
                                                        "Plan Width": 25,
                                                        "Actual Startup Time": 0.021,
                                                        "Actual Total Time": 303.752,
                                                        "Actual Rows": 1434466,
                                                        "Actual Loops": 1,
                                                        "Output": [
                                                            "t.title",
                                                            "t.kind_id",
                                                            "t.id"
                                                        ],
                                                        "Filter": "(t.production_year > 1999)",
                                                        "Rows Removed by Filter": 1093846
                                                    }
                                                ]
                                            }
                                        ]
                                    },
                                    {
                                        "Node Type": "Bitmap Heap Scan",
                                        "Parent Relationship": "Inner",
                                        "Parallel Aware": false,
                                        "Relation Name": "company_name",
                                        "Schema": "public",
                                        "Alias": "cn",
                                        "Startup Cost": 0.43,
                                        "Total Cost": 4.44,
                                        "Plan Rows": 1,
                                        "Plan Width": 4,
                                        "Actual Startup Time": 0.003,
                                        "Actual Total Time": 0.003,
                                        "Actual Rows": 1,
                                        "Actual Loops": 618,
                                        "Output": [
                                            "cn.id",
                                            "cn.name",
                                            "cn.country_code",
                                            "cn.imdb_id",
                                            "cn.name_pcode_nf",
                                            "cn.name_pcode_sf",
                                            "cn.md5sum"
                                        ],
                                        "Recheck Cond": "(cn.id = mc.company_id)",
                                        "Rows Removed by Index Recheck": 0,
                                        "Filter": "((cn.country_code)::text = '[us]'::text)",
                                        "Rows Removed by Filter": 0,
                                        "Exact Heap Blocks": 618,
                                        "Lossy Heap Blocks": 0,
                                        "Plans": [
                                            {
                                                "Node Type": "Bitmap Index Scan",
                                                "Parent Relationship": "Outer",
                                                "Parallel Aware": false,
                                                "Index Name": "company_name_pkey",
                                                "Startup Cost": 0.0,
                                                "Total Cost": 0.43,
                                                "Plan Rows": 1,
                                                "Plan Width": 0,
                                                "Actual Startup Time": 0.002,
                                                "Actual Total Time": 0.002,
                                                "Actual Rows": 1,
                                                "Actual Loops": 618,
                                                "Index Cond": "(cn.id = mc.company_id)"
                                            }
                                        ]
                                    }
                                ]
                            },
                            {
                                "Node Type": "Index Scan",
                                "Parent Relationship": "Inner",
                                "Parallel Aware": false,
                                "Scan Direction": "Forward",
                                "Index Name": "company_type_pkey",
                                "Relation Name": "company_type",
                                "Schema": "public",
                                "Alias": "ct",
                                "Startup Cost": 0.13,
                                "Total Cost": 0.15,
                                "Plan Rows": 1,
                                "Plan Width": 4,
                                "Actual Startup Time": 0.001,
                                "Actual Total Time": 0.001,
                                "Actual Rows": 1,
                                "Actual Loops": 618,
                                "Output": [
                                    "ct.id",
                                    "ct.kind"
                                ],
                                "Index Cond": "(ct.id = mc.company_type_id)",
                                "Rows Removed by Index Recheck": 0
                            }
                        ]
                    },
                    {
                        "Node Type": "Hash",
                        "Parent Relationship": "Inner",
                        "Parallel Aware": false,
                        "Startup Cost": 10000000012.25,
                        "Total Cost": 10000000012.25,
                        "Plan Rows": 1,
                        "Plan Width": 14,
                        "Actual Startup Time": 0.08,
                        "Actual Total Time": 0.081,
                        "Actual Rows": 1,
                        "Actual Loops": 1,
                        "Output": [
                            "kt.kind",
                            "kt.id"
                        ],
                        "Hash Buckets": 1024,
                        "Original Hash Buckets": 1024,
                        "Hash Batches": 1,
                        "Original Hash Batches": 1,
                        "Peak Memory Usage": 9,
                        "Plans": [
                            {
                                "Node Type": "Index Scan",
                                "Parent Relationship": "Outer",
                                "Parallel Aware": false,
                                "Scan Direction": "Forward",
                                "Index Name": "kind_type_pkey",
                                "Relation Name": "kind_type",
                                "Schema": "public",
                                "Alias": "kt",
                                "Startup Cost": 10000000000.13,
                                "Total Cost": 10000000012.25,
                                "Plan Rows": 1,
                                "Plan Width": 14,
                                "Actual Startup Time": 0.072,
                                "Actual Total Time": 0.076,
                                "Actual Rows": 1,
                                "Actual Loops": 1,
                                "Output": [
                                    "kt.kind",
                                    "kt.id"
                                ],
                                "Filter": "((kt.kind)::text = 'movie'::text)",
                                "Rows Removed by Filter": 6
                            }
                        ]
                    }
                ]
            }
        ]
    },
    "Planning Time": 26.152,
    "Triggers": [],
    "Execution Time": 5456.51
}