{
  "Plan": {
    "Node Type": "Aggregate",
    "Strategy": "Plain",
    "Partial Mode": "Finalize",
    "Parallel Aware": false,
    "Startup Cost": 82739.63,
    "Total Cost": 82739.64,
    "Plan Rows": 1,
    "Plan Width": 8,
    "Actual Startup Time": 344.567,
    "Actual Total Time": 356.185,
    "Actual Rows": 1,
    "Actual Loops": 1,
    "Plans": [
      {
        "Node Type": "Gather",
        "Parent Relationship": "Outer",
        "Parallel Aware": false,
        "Startup Cost": 82739.51,
        "Total Cost": 82739.62,
        "Plan Rows": 1,
        "Plan Width": 8,
        "Actual Startup Time": 344.374,
        "Actual Total Time": 356.177,
        "Actual Rows": 2,
        "Actual Loops": 1,
        "Workers Planned": 1,
        "Workers Launched": 1,
        "Single Copy": false,
        "Plans": [
          {
            "Node Type": "Aggregate",
            "Strategy": "Plain",
            "Partial Mode": "Partial",
            "Parent Relationship": "Outer",
            "Parallel Aware": false,
            "Startup Cost": 81739.51,
            "Total Cost": 81739.52,
            "Plan Rows": 1,
            "Plan Width": 8,
            "Actual Startup Time": 338.015,
            "Actual Total Time": 338.025,
            "Actual Rows": 1,
            "Actual Loops": 2,
            "Plans": [
              {
                "Node Type": "Hash Join",
                "Parent Relationship": "Outer",
                "Parallel Aware": true,
                "Join Type": "Inner",
                "Startup Cost": 19390.03,
                "Total Cost": 81737.06,
                "Plan Rows": 981,
                "Plan Width": 0,
                "Actual Startup Time": 35.099,
                "Actual Total Time": 337.462,
                "Actual Rows": 9825,
                "Actual Loops": 2,
                "Inner Unique": false,
                "Hash Cond": "(mk.movie_id = t.id)",
                "Plans": [
                  {
                    "Node Type": "Seq Scan",
                    "Parent Relationship": "Outer",
                    "Parallel Aware": true,
                    "Relation Name": "movie_keyword",
                    "Alias": "mk",
                    "Startup Cost": 0.0,
                    "Total Cost": 57718.19,
                    "Plan Rows": 1232818,
                    "Plan Width": 4,
                    "Actual Startup Time": 0.014,
                    "Actual Total Time": 220.584,
                    "Actual Rows": 1049419,
                    "Actual Loops": 2,
                    "Filter": "(keyword_id < 3779)",
                    "Rows Removed by Filter": 1212546
                  },
                  {
                    "Node Type": "Hash",
                    "Parent Relationship": "Inner",
                    "Parallel Aware": true,
                    "Startup Cost": 19375.23,
                    "Total Cost": 19375.23,
                    "Plan Rows": 1184,
                    "Plan Width": 8,
                    "Actual Startup Time": 33.405,
                    "Actual Total Time": 33.408,
                    "Actual Rows": 1714,
                    "Actual Loops": 2,
                    "Hash Buckets": 4096,
                    "Original Hash Buckets": 2048,
                    "Hash Batches": 1,
                    "Original Hash Batches": 1,
                    "Peak Memory Usage": 240,
                    "Plans": [
                      {
                        "Node Type": "Nested Loop",
                        "Parent Relationship": "Outer",
                        "Parallel Aware": false,
                        "Join Type": "Inner",
                        "Startup Cost": 92.02,
                        "Total Cost": 19375.23,
                        "Plan Rows": 1184,
                        "Plan Width": 8,
                        "Actual Startup Time": 0.937,
                        "Actual Total Time": 24.105,
                        "Actual Rows": 1714,
                        "Actual Loops": 2,
                        "Inner Unique": true,
                        "Plans": [
                          {
                            "Node Type": "Bitmap Heap Scan",
                            "Parent Relationship": "Outer",
                            "Parallel Aware": true,
                            "Relation Name": "movie_companies",
                            "Alias": "mc",
                            "Startup Cost": 91.59,
                            "Total Cost": 9975.99,
                            "Plan Rows": 1184,
                            "Plan Width": 4,
                            "Actual Startup Time": 0.794,
                            "Actual Total Time": 5.222,
                            "Actual Rows": 1714,
                            "Actual Loops": 2,
                            "Recheck Cond": "(company_id = 428)",
                            "Rows Removed by Index Recheck": 0,
                            "Filter": "(company_type_id < 2)",
                            "Rows Removed by Filter": 1,
                            "Exact Heap Blocks": 547,
                            "Lossy Heap Blocks": 0,
                            "Plans": [
                              {
                                "Node Type": "Bitmap Index Scan",
                                "Parent Relationship": "Outer",
                                "Parallel Aware": false,
                                "Index Name": "company_id_movie_companies",
                                "Startup Cost": 0.0,
                                "Total Cost": 91.09,
                                "Plan Rows": 4088,
                                "Plan Width": 0,
                                "Actual Startup Time": 0.975,
                                "Actual Total Time": 0.976,
                                "Actual Rows": 3430,
                                "Actual Loops": 1,
                                "Index Cond": "(company_id = 428)"
                              }
                            ]
                          },
                          {
                            "Node Type": "Index Only Scan",
                            "Parent Relationship": "Inner",
                            "Parallel Aware": false,
                            "Scan Direction": "Forward",
                            "Index Name": "title_pkey",
                            "Relation Name": "title",
                            "Alias": "t",
                            "Startup Cost": 0.43,
                            "Total Cost": 7.94,
                            "Plan Rows": 1,
                            "Plan Width": 4,
                            "Actual Startup Time": 0.01,
                            "Actual Total Time": 0.01,
                            "Actual Rows": 1,
                            "Actual Loops": 3428,
                            "Index Cond": "(id = mc.movie_id)",
                            "Rows Removed by Index Recheck": 0,
                            "Heap Fetches": 3428
                          }
                        ]
                      }
                    ]
                  }
                ]
              }
            ]
          }
        ]
      }
    ]
  },
  "Planning Time": 1.138,
  "Triggers": [],
  "Execution Time": 356.321
}