[
  {
    "Plan": {
      "Node Type": "Aggregate",
      "Strategy": "Plain",
      "Partial Mode": "Finalize",
      "Parallel Aware": false,
      "Startup Cost": 29585.56,
      "Total Cost": 29585.57,
      "Plan Rows": 1,
      "Plan Width": 8,
      "Actual Startup Time": 72.876,
      "Actual Total Time": 89.845,
      "Actual Rows": 1,
      "Actual Loops": 1,
      "Plans": [
        {
          "Node Type": "Gather",
          "Parent Relationship": "Outer",
          "Parallel Aware": false,
          "Startup Cost": 29585.35,
          "Total Cost": 29585.56,
          "Plan Rows": 2,
          "Plan Width": 8,
          "Actual Startup Time": 72.554,
          "Actual Total Time": 89.837,
          "Actual Rows": 3,
          "Actual Loops": 1,
          "Workers Planned": 2,
          "Workers Launched": 2,
          "Single Copy": false,
          "Plans": [
            {
              "Node Type": "Aggregate",
              "Strategy": "Plain",
              "Partial Mode": "Partial",
              "Parent Relationship": "Outer",
              "Parallel Aware": false,
              "Startup Cost": 28585.35,
              "Total Cost": 28585.36,
              "Plan Rows": 1,
              "Plan Width": 8,
              "Actual Startup Time": 67.14,
              "Actual Total Time": 67.142,
              "Actual Rows": 1,
              "Actual Loops": 3,
              "Plans": [
                {
                  "Node Type": "Nested Loop",
                  "Parent Relationship": "Outer",
                  "Parallel Aware": false,
                  "Join Type": "Inner",
                  "Startup Cost": 174.32,
                  "Total Cost": 28582.2,
                  "Plan Rows": 1260,
                  "Plan Width": 0,
                  "Actual Startup Time": 5.393,
                  "Actual Total Time": 65.118,
                  "Actual Rows": 33073,
                  "Actual Loops": 3,
                  "Inner Unique": false,
                  "Plans": [
                    {
                      "Node Type": "Nested Loop",
                      "Parent Relationship": "Outer",
                      "Parallel Aware": false,
                      "Join Type": "Inner",
                      "Startup Cost": 173.89,
                      "Total Cost": 27662.54,
                      "Plan Rows": 215,
                      "Plan Width": 8,
                      "Actual Startup Time": 5.232,
                      "Actual Total Time": 16.615,
                      "Actual Rows": 1001,
                      "Actual Loops": 3,
                      "Inner Unique": true,
                      "Plans": [
                        {
                          "Node Type": "Bitmap Heap Scan",
                          "Parent Relationship": "Outer",
                          "Parallel Aware": true,
                          "Relation Name": "movie_companies",
                          "Alias": "mc",
                          "Startup Cost": 173.46,
                          "Total Cost": 14884.72,
                          "Plan Rows": 1704,
                          "Plan Width": 4,
                          "Actual Startup Time": 4.934,
                          "Actual Total Time": 8.005,
                          "Actual Rows": 1062,
                          "Actual Loops": 3,
                          "Recheck Cond": "(company_id = 159)",
                          "Rows Removed by Index Recheck": 0,
                          "Filter": "(company_type_id > 1)",
                          "Rows Removed by Filter": 1458,
                          "Exact Heap Blocks": 3577,
                          "Lossy Heap Blocks": 0,
                          "Plans": [
                            {
                              "Node Type": "Bitmap Index Scan",
                              "Parent Relationship": "Outer",
                              "Parallel Aware": false,
                              "Index Name": "company_id_movie_companies",
                              "Startup Cost": 0.0,
                              "Total Cost": 172.44,
                              "Plan Rows": 8001,
                              "Plan Width": 0,
                              "Actual Startup Time": 2.628,
                              "Actual Total Time": 2.628,
                              "Actual Rows": 7560,
                              "Actual Loops": 1,
                              "Index Cond": "(company_id = 159)"
                            }
                          ]
                        },
                        {
                          "Node Type": "Index Scan",
                          "Parent Relationship": "Inner",
                          "Parallel Aware": false,
                          "Scan Direction": "Forward",
                          "Index Name": "title_pkey",
                          "Relation Name": "title",
                          "Alias": "t",
                          "Startup Cost": 0.43,
                          "Total Cost": 7.5,
                          "Plan Rows": 1,
                          "Plan Width": 4,
                          "Actual Startup Time": 0.008,
                          "Actual Total Time": 0.008,
                          "Actual Rows": 1,
                          "Actual Loops": 3185,
                          "Index Cond": "(id = mc.movie_id)",
                          "Rows Removed by Index Recheck": 0,
                          "Filter": "((kind_id < 3) AND (production_year < 2001))",
                          "Rows Removed by Filter": 0
                        }
                      ]
                    },
                    {
                      "Node Type": "Index Only Scan",
                      "Parent Relationship": "Inner",
                      "Parallel Aware": false,
                      "Scan Direction": "Forward",
                      "Index Name": "movie_id_movie_info",
                      "Relation Name": "movie_info",
                      "Alias": "mi",
                      "Startup Cost": 0.43,
                      "Total Cost": 3.87,
                      "Plan Rows": 41,
                      "Plan Width": 4,
                      "Actual Startup Time": 0.01,
                      "Actual Total Time": 0.045,
                      "Actual Rows": 33,
                      "Actual Loops": 3002,
                      "Index Cond": "(movie_id = t.id)",
                      "Rows Removed by Index Recheck": 0,
                      "Heap Fetches": 99219
                    }
                  ]
                }
              ]
            }
          ]
        }
      ]
    },
    "Planning Time": 0.551,
    "Triggers": [],
    "Execution Time": 89.897
  }
]