[
  {
    "Plan": {
      "Node Type": "Aggregate",
      "Strategy": "Plain",
      "Partial Mode": "Finalize",
      "Parallel Aware": false,
      "Startup Cost": 31359.16,
      "Total Cost": 31359.17,
      "Plan Rows": 1,
      "Plan Width": 8,
      "Actual Startup Time": 103.551,
      "Actual Total Time": 111.406,
      "Actual Rows": 1,
      "Actual Loops": 1,
      "Plans": [
        {
          "Node Type": "Gather",
          "Parent Relationship": "Outer",
          "Parallel Aware": false,
          "Startup Cost": 31358.84,
          "Total Cost": 31359.15,
          "Plan Rows": 3,
          "Plan Width": 8,
          "Actual Startup Time": 103.43,
          "Actual Total Time": 111.399,
          "Actual Rows": 4,
          "Actual Loops": 1,
          "Workers Planned": 3,
          "Workers Launched": 3,
          "Single Copy": false,
          "Plans": [
            {
              "Node Type": "Aggregate",
              "Strategy": "Plain",
              "Partial Mode": "Partial",
              "Parent Relationship": "Outer",
              "Parallel Aware": false,
              "Startup Cost": 30358.84,
              "Total Cost": 30358.85,
              "Plan Rows": 1,
              "Plan Width": 8,
              "Actual Startup Time": 95.152,
              "Actual Total Time": 95.153,
              "Actual Rows": 1,
              "Actual Loops": 4,
              "Plans": [
                {
                  "Node Type": "Seq Scan",
                  "Parent Relationship": "Outer",
                  "Parallel Aware": true,
                  "Relation Name": "movie_companies",
                  "Alias": "mc",
                  "Startup Cost": 0.0,
                  "Total Cost": 29310.68,
                  "Plan Rows": 419264,
                  "Plan Width": 0,
                  "Actual Startup Time": 22.846,
                  "Actual Total Time": 81.161,
                  "Actual Rows": 326207,
                  "Actual Loops": 4,
                  "Filter": "(company_id > 11313)",
                  "Rows Removed by Filter": 326075
                }
              ]
            }
          ]
        }
      ]
    },
    "Planning Time": 0.16,
    "Triggers": [],
    "Execution Time": 111.455
  }
]