[
  {
    "Plan": {
      "Node Type": "Aggregate",
      "Strategy": "Plain",
      "Partial Mode": "Finalize",
      "Parallel Aware": false,
      "Startup Cost": 97603.57,
      "Total Cost": 97603.58,
      "Plan Rows": 1,
      "Plan Width": 8,
      "Actual Startup Time": 572.988,
      "Actual Total Time": 589.53,
      "Actual Rows": 1,
      "Actual Loops": 1,
      "Plans": [
        {
          "Node Type": "Gather",
          "Parent Relationship": "Outer",
          "Parallel Aware": false,
          "Startup Cost": 97603.36,
          "Total Cost": 97603.57,
          "Plan Rows": 2,
          "Plan Width": 8,
          "Actual Startup Time": 569.85,
          "Actual Total Time": 589.522,
          "Actual Rows": 3,
          "Actual Loops": 1,
          "Workers Planned": 2,
          "Workers Launched": 2,
          "Single Copy": false,
          "Plans": [
            {
              "Node Type": "Aggregate",
              "Strategy": "Plain",
              "Partial Mode": "Partial",
              "Parent Relationship": "Outer",
              "Parallel Aware": false,
              "Startup Cost": 96603.36,
              "Total Cost": 96603.37,
              "Plan Rows": 1,
              "Plan Width": 8,
              "Actual Startup Time": 561.518,
              "Actual Total Time": 561.524,
              "Actual Rows": 1,
              "Actual Loops": 3,
              "Plans": [
                {
                  "Node Type": "Hash Join",
                  "Parent Relationship": "Outer",
                  "Parallel Aware": true,
                  "Join Type": "Inner",
                  "Startup Cost": 80664.68,
                  "Total Cost": 96550.54,
                  "Plan Rows": 21128,
                  "Plan Width": 0,
                  "Actual Startup Time": 474.835,
                  "Actual Total Time": 558.322,
                  "Actual Rows": 77574,
                  "Actual Loops": 3,
                  "Inner Unique": false,
                  "Hash Cond": "(mi_idx.movie_id = t.id)",
                  "Plans": [
                    {
                      "Node Type": "Seq Scan",
                      "Parent Relationship": "Outer",
                      "Parallel Aware": true,
                      "Relation Name": "movie_info_idx",
                      "Alias": "mi_idx",
                      "Startup Cost": 0.0,
                      "Total Cost": 15122.68,
                      "Plan Rows": 189429,
                      "Plan Width": 4,
                      "Actual Startup Time": 0.043,
                      "Actual Total Time": 37.522,
                      "Actual Rows": 153308,
                      "Actual Loops": 3,
                      "Filter": "(info_type_id = 99)",
                      "Rows Removed by Filter": 306703
                    },
                    {
                      "Node Type": "Hash",
                      "Parent Relationship": "Inner",
                      "Parallel Aware": true,
                      "Startup Cost": 79783.44,
                      "Total Cost": 79783.44,
                      "Plan Rows": 70499,
                      "Plan Width": 8,
                      "Actual Startup Time": 470.801,
                      "Actual Total Time": 470.805,
                      "Actual Rows": 140651,
                      "Actual Loops": 3,
                      "Hash Buckets": 524288,
                      "Original Hash Buckets": 524288,
                      "Hash Batches": 1,
                      "Original Hash Batches": 1,
                      "Peak Memory Usage": 20640,
                      "Plans": [
                        {
                          "Node Type": "Hash Join",
                          "Parent Relationship": "Outer",
                          "Parallel Aware": true,
                          "Join Type": "Inner",
                          "Startup Cost": 32584.31,
                          "Total Cost": 79783.44,
                          "Plan Rows": 70499,
                          "Plan Width": 8,
                          "Actual Startup Time": 136.497,
                          "Actual Total Time": 430.013,
                          "Actual Rows": 140651,
                          "Actual Loops": 3,
                          "Inner Unique": false,
                          "Hash Cond": "(t.id = mc.movie_id)",
                          "Plans": [
                            {
                              "Node Type": "Seq Scan",
                              "Parent Relationship": "Outer",
                              "Parallel Aware": true,
                              "Relation Name": "title",
                              "Alias": "t",
                              "Startup Cost": 0.0,
                              "Total Cost": 43898.92,
                              "Plan Rows": 614560,
                              "Plan Width": 4,
                              "Actual Startup Time": 0.01,
                              "Actual Total Time": 120.022,
                              "Actual Rows": 818739,
                              "Actual Loops": 3,
                              "Filter": "(production_year > 0)",
                              "Rows Removed by Filter": 24031
                            },
                            {
                              "Node Type": "Hash",
                              "Parent Relationship": "Inner",
                              "Parallel Aware": true,
                              "Startup Cost": 31414.82,
                              "Total Cost": 31414.82,
                              "Plan Rows": 93559,
                              "Plan Width": 4,
                              "Actual Startup Time": 133.98,
                              "Actual Total Time": 133.981,
                              "Actual Rows": 140944,
                              "Actual Loops": 3,
                              "Hash Buckets": 524288,
                              "Original Hash Buckets": 524288,
                              "Hash Batches": 1,
                              "Original Hash Batches": 1,
                              "Peak Memory Usage": 20672,
                              "Plans": [
                                {
                                  "Node Type": "Seq Scan",
                                  "Parent Relationship": "Outer",
                                  "Parallel Aware": true,
                                  "Relation Name": "movie_companies",
                                  "Alias": "mc",
                                  "Startup Cost": 0.0,
                                  "Total Cost": 31414.82,
                                  "Plan Rows": 93559,
                                  "Plan Width": 4,
                                  "Actual Startup Time": 0.042,
                                  "Actual Total Time": 87.314,
                                  "Actual Rows": 140944,
                                  "Actual Loops": 3,
                                  "Filter": "((company_id < 663) AND (company_type_id < 2))",
                                  "Rows Removed by Filter": 728766
                                }
                              ]
                            }
                          ]
                        }
                      ]
                    }
                  ]
                }
              ]
            }
          ]
        }
      ]
    },
    "Planning Time": 1.501,
    "Triggers": [],
    "Execution Time": 589.618
  }
]