{
  "Plan": {
    "Node Type": "Aggregate",
    "Strategy": "Plain",
    "Partial Mode": "Finalize",
    "Parallel Aware": false,
    "Startup Cost": 80296.7,
    "Total Cost": 80296.71,
    "Plan Rows": 1,
    "Plan Width": 8,
    "Actual Startup Time": 275.955,
    "Actual Total Time": 285.336,
    "Actual Rows": 1,
    "Actual Loops": 1,
    "Plans": [
      {
        "Node Type": "Gather",
        "Parent Relationship": "Outer",
        "Parallel Aware": false,
        "Startup Cost": 80296.59,
        "Total Cost": 80296.7,
        "Plan Rows": 1,
        "Plan Width": 8,
        "Actual Startup Time": 275.483,
        "Actual Total Time": 285.328,
        "Actual Rows": 2,
        "Actual Loops": 1,
        "Workers Planned": 1,
        "Workers Launched": 1,
        "Single Copy": false,
        "Plans": [
          {
            "Node Type": "Aggregate",
            "Strategy": "Plain",
            "Partial Mode": "Partial",
            "Parent Relationship": "Outer",
            "Parallel Aware": false,
            "Startup Cost": 79296.59,
            "Total Cost": 79296.6,
            "Plan Rows": 1,
            "Plan Width": 8,
            "Actual Startup Time": 272.522,
            "Actual Total Time": 272.526,
            "Actual Rows": 1,
            "Actual Loops": 2,
            "Plans": [
              {
                "Node Type": "Hash Join",
                "Parent Relationship": "Outer",
                "Parallel Aware": true,
                "Join Type": "Inner",
                "Startup Cost": 39274.05,
                "Total Cost": 79242.18,
                "Plan Rows": 21764,
                "Plan Width": 0,
                "Actual Startup Time": 109.129,
                "Actual Total Time": 269.486,
                "Actual Rows": 58182,
                "Actual Loops": 2,
                "Inner Unique": true,
                "Hash Cond": "(mc.movie_id = t.id)",
                "Plans": [
                  {
                    "Node Type": "Seq Scan",
                    "Parent Relationship": "Outer",
                    "Parallel Aware": true,
                    "Relation Name": "movie_companies",
                    "Alias": "mc",
                    "Startup Cost": 0.0,
                    "Total Cost": 37974.77,
                    "Plan Rows": 759374,
                    "Plan Width": 4,
                    "Actual Startup Time": 0.015,
                    "Actual Total Time": 127.8,
                    "Actual Rows": 642390,
                    "Actual Loops": 2,
                    "Filter": "(company_id < 11241)",
                    "Rows Removed by Filter": 662174
                  },
                  {
                    "Node Type": "Hash",
                    "Parent Relationship": "Inner",
                    "Parallel Aware": true,
                    "Startup Cost": 38741.25,
                    "Total Cost": 38741.25,
                    "Plan Rows": 42624,
                    "Plan Width": 4,
                    "Actual Startup Time": 61.192,
                    "Actual Total Time": 61.193,
                    "Actual Rows": 42638,
                    "Actual Loops": 2,
                    "Hash Buckets": 131072,
                    "Original Hash Buckets": 131072,
                    "Hash Batches": 1,
                    "Original Hash Batches": 1,
                    "Peak Memory Usage": 4416,
                    "Plans": [
                      {
                        "Node Type": "Bitmap Heap Scan",
                        "Parent Relationship": "Outer",
                        "Parallel Aware": true,
                        "Relation Name": "title",
                        "Alias": "t",
                        "Startup Cost": 1841.25,
                        "Total Cost": 38741.25,
                        "Plan Rows": 42624,
                        "Plan Width": 4,
                        "Actual Startup Time": 16.219,
                        "Actual Total Time": 50.861,
                        "Actual Rows": 42638,
                        "Actual Loops": 2,
                        "Recheck Cond": "(kind_id = 3)",
                        "Rows Removed by Index Recheck": 0,
                        "Filter": "(production_year < 2009)",
                        "Rows Removed by Filter": 7631,
                        "Exact Heap Blocks": 10481,
                        "Lossy Heap Blocks": 0,
                        "Plans": [
                          {
                            "Node Type": "Bitmap Index Scan",
                            "Parent Relationship": "Outer",
                            "Parallel Aware": false,
                            "Index Name": "kind_id_title",
                            "Startup Cost": 0.0,
                            "Total Cost": 1823.13,
                            "Plan Rows": 102227,
                            "Plan Width": 0,
                            "Actual Startup Time": 13.7,
                            "Actual Total Time": 13.7,
                            "Actual Rows": 100537,
                            "Actual Loops": 1,
                            "Index Cond": "(kind_id = 3)"
                          }
                        ]
                      }
                    ]
                  }
                ]
              }
            ]
          }
        ]
      }
    ]
  },
  "Planning Time": 0.396,
  "Triggers": [],
  "Execution Time": 285.394
}