[
  {
    "Plan": {
      "Node Type": "Aggregate",
      "Strategy": "Plain",
      "Partial Mode": "Finalize",
      "Parallel Aware": false,
      "Startup Cost": 87551.42,
      "Total Cost": 87551.43,
      "Plan Rows": 1,
      "Plan Width": 8,
      "Actual Startup Time": 573.742,
      "Actual Total Time": 594.153,
      "Actual Rows": 1,
      "Actual Loops": 1,
      "Plans": [
        {
          "Node Type": "Gather",
          "Parent Relationship": "Outer",
          "Parallel Aware": false,
          "Startup Cost": 87551.11,
          "Total Cost": 87551.42,
          "Plan Rows": 3,
          "Plan Width": 8,
          "Actual Startup Time": 560.084,
          "Actual Total Time": 594.142,
          "Actual Rows": 4,
          "Actual Loops": 1,
          "Workers Planned": 3,
          "Workers Launched": 3,
          "Single Copy": false,
          "Plans": [
            {
              "Node Type": "Aggregate",
              "Strategy": "Plain",
              "Partial Mode": "Partial",
              "Parent Relationship": "Outer",
              "Parallel Aware": false,
              "Startup Cost": 86551.11,
              "Total Cost": 86551.12,
              "Plan Rows": 1,
              "Plan Width": 8,
              "Actual Startup Time": 540.973,
              "Actual Total Time": 540.981,
              "Actual Rows": 1,
              "Actual Loops": 4,
              "Plans": [
                {
                  "Node Type": "Hash Join",
                  "Parent Relationship": "Outer",
                  "Parallel Aware": true,
                  "Join Type": "Inner",
                  "Startup Cost": 59586.74,
                  "Total Cost": 86195.03,
                  "Plan Rows": 142432,
                  "Plan Width": 0,
                  "Actual Startup Time": 431.87,
                  "Actual Total Time": 534.45,
                  "Actual Rows": 109243,
                  "Actual Loops": 4,
                  "Inner Unique": true,
                  "Hash Cond": "(mk.movie_id = t.id)",
                  "Plans": [
                    {
                      "Node Type": "Bitmap Heap Scan",
                      "Parent Relationship": "Outer",
                      "Parallel Aware": true,
                      "Relation Name": "movie_keyword",
                      "Alias": "mk",
                      "Startup Cost": 9366.36,
                      "Total Cost": 35600.76,
                      "Plan Rows": 142432,
                      "Plan Width": 4,
                      "Actual Startup Time": 43.401,
                      "Actual Total Time": 101.144,
                      "Actual Rows": 109243,
                      "Actual Loops": 4,
                      "Recheck Cond": "(keyword_id > 40224)",
                      "Rows Removed by Index Recheck": 0,
                      "Exact Heap Blocks": 6730,
                      "Lossy Heap Blocks": 0,
                      "Plans": [
                        {
                          "Node Type": "Bitmap Index Scan",
                          "Parent Relationship": "Outer",
                          "Parallel Aware": false,
                          "Index Name": "keyword_id_movie_keyword",
                          "Startup Cost": 0.0,
                          "Total Cost": 9255.98,
                          "Plan Rows": 441539,
                          "Plan Width": 0,
                          "Actual Startup Time": 38.079,
                          "Actual Total Time": 38.08,
                          "Actual Rows": 436973,
                          "Actual Loops": 1,
                          "Index Cond": "(keyword_id > 40224)"
                        }
                      ]
                    },
                    {
                      "Node Type": "Hash",
                      "Parent Relationship": "Inner",
                      "Parallel Aware": true,
                      "Startup Cost": 42319.06,
                      "Total Cost": 42319.06,
                      "Plan Rows": 632106,
                      "Plan Width": 4,
                      "Actual Startup Time": 376.614,
                      "Actual Total Time": 376.615,
                      "Actual Rows": 632078,
                      "Actual Loops": 4,
                      "Hash Buckets": 4194304,
                      "Original Hash Buckets": 4194304,
                      "Hash Batches": 1,
                      "Original Hash Batches": 1,
                      "Peak Memory Usage": 131744,
                      "Plans": [
                        {
                          "Node Type": "Seq Scan",
                          "Parent Relationship": "Outer",
                          "Parallel Aware": true,
                          "Relation Name": "title",
                          "Alias": "t",
                          "Startup Cost": 0.0,
                          "Total Cost": 42319.06,
                          "Plan Rows": 632106,
                          "Plan Width": 4,
                          "Actual Startup Time": 0.047,
                          "Actual Total Time": 109.954,
                          "Actual Rows": 632078,
                          "Actual Loops": 4
                        }
                      ]
                    }
                  ]
                }
              ]
            }
          ]
        }
      ]
    },
    "Planning Time": 0.641,
    "Triggers": [],
    "Execution Time": 594.245
  }
]