[
  {
    "Plan": {
      "Node Type": "Aggregate",
      "Strategy": "Plain",
      "Partial Mode": "Finalize",
      "Parallel Aware": false,
      "Startup Cost": 101411.59,
      "Total Cost": 101411.6,
      "Plan Rows": 1,
      "Plan Width": 8,
      "Actual Startup Time": 649.539,
      "Actual Total Time": 667.711,
      "Actual Rows": 1,
      "Actual Loops": 1,
      "Plans": [
        {
          "Node Type": "Gather",
          "Parent Relationship": "Outer",
          "Parallel Aware": false,
          "Startup Cost": 101411.37,
          "Total Cost": 101411.58,
          "Plan Rows": 2,
          "Plan Width": 8,
          "Actual Startup Time": 640.179,
          "Actual Total Time": 667.701,
          "Actual Rows": 3,
          "Actual Loops": 1,
          "Workers Planned": 2,
          "Workers Launched": 2,
          "Single Copy": false,
          "Plans": [
            {
              "Node Type": "Aggregate",
              "Strategy": "Plain",
              "Partial Mode": "Partial",
              "Parent Relationship": "Outer",
              "Parallel Aware": false,
              "Startup Cost": 100411.37,
              "Total Cost": 100411.38,
              "Plan Rows": 1,
              "Plan Width": 8,
              "Actual Startup Time": 629.029,
              "Actual Total Time": 629.035,
              "Actual Rows": 1,
              "Actual Loops": 3,
              "Plans": [
                {
                  "Node Type": "Hash Join",
                  "Parent Relationship": "Outer",
                  "Parallel Aware": true,
                  "Join Type": "Inner",
                  "Startup Cost": 84159.99,
                  "Total Cost": 100232.39,
                  "Plan Rows": 71595,
                  "Plan Width": 0,
                  "Actual Startup Time": 520.75,
                  "Actual Total Time": 619.768,
                  "Actual Rows": 225165,
                  "Actual Loops": 3,
                  "Inner Unique": false,
                  "Hash Cond": "(mi_idx.movie_id = t.id)",
                  "Plans": [
                    {
                      "Node Type": "Seq Scan",
                      "Parent Relationship": "Outer",
                      "Parallel Aware": true,
                      "Relation Name": "movie_info_idx",
                      "Alias": "mi_idx",
                      "Startup Cost": 0.0,
                      "Total Cost": 13685.15,
                      "Plan Rows": 575015,
                      "Plan Width": 4,
                      "Actual Startup Time": 0.016,
                      "Actual Total Time": 36.163,
                      "Actual Rows": 460012,
                      "Actual Loops": 3
                    },
                    {
                      "Node Type": "Hash",
                      "Parent Relationship": "Inner",
                      "Parallel Aware": true,
                      "Startup Cost": 82890.59,
                      "Total Cost": 82890.59,
                      "Plan Rows": 101552,
                      "Plan Width": 8,
                      "Actual Startup Time": 518.903,
                      "Actual Total Time": 518.908,
                      "Actual Rows": 103829,
                      "Actual Loops": 3,
                      "Hash Buckets": 524288,
                      "Original Hash Buckets": 524288,
                      "Hash Batches": 1,
                      "Original Hash Batches": 1,
                      "Peak Memory Usage": 16352,
                      "Plans": [
                        {
                          "Node Type": "Hash Join",
                          "Parent Relationship": "Outer",
                          "Parallel Aware": true,
                          "Join Type": "Inner",
                          "Startup Cost": 56900.61,
                          "Total Cost": 82890.59,
                          "Plan Rows": 101552,
                          "Plan Width": 8,
                          "Actual Startup Time": 404.31,
                          "Actual Total Time": 490.857,
                          "Actual Rows": 103829,
                          "Actual Loops": 3,
                          "Inner Unique": true,
                          "Hash Cond": "(mk.movie_id = t.id)",
                          "Plans": [
                            {
                              "Node Type": "Bitmap Heap Scan",
                              "Parent Relationship": "Outer",
                              "Parallel Aware": true,
                              "Relation Name": "movie_keyword",
                              "Alias": "mk",
                              "Startup Cost": 6680.23,
                              "Total Cost": 32403.63,
                              "Plan Rows": 101552,
                              "Plan Width": 4,
                              "Actual Startup Time": 20.681,
                              "Actual Total Time": 62.727,
                              "Actual Rows": 103829,
                              "Actual Loops": 3,
                              "Recheck Cond": "(keyword_id < 249)",
                              "Rows Removed by Index Recheck": 0,
                              "Exact Heap Blocks": 8916,
                              "Lossy Heap Blocks": 0,
                              "Plans": [
                                {
                                  "Node Type": "Bitmap Index Scan",
                                  "Parent Relationship": "Outer",
                                  "Parallel Aware": false,
                                  "Index Name": "keyword_id_movie_keyword",
                                  "Startup Cost": 0.0,
                                  "Total Cost": 6601.52,
                                  "Plan Rows": 314812,
                                  "Plan Width": 0,
                                  "Actual Startup Time": 17.209,
                                  "Actual Total Time": 17.21,
                                  "Actual Rows": 311486,
                                  "Actual Loops": 1,
                                  "Index Cond": "(keyword_id < 249)"
                                }
                              ]
                            },
                            {
                              "Node Type": "Hash",
                              "Parent Relationship": "Inner",
                              "Parallel Aware": true,
                              "Startup Cost": 42319.06,
                              "Total Cost": 42319.06,
                              "Plan Rows": 632106,
                              "Plan Width": 4,
                              "Actual Startup Time": 375.056,
                              "Actual Total Time": 375.057,
                              "Actual Rows": 842771,
                              "Actual Loops": 3,
                              "Hash Buckets": 4194304,
                              "Original Hash Buckets": 4194304,
                              "Hash Batches": 1,
                              "Original Hash Batches": 1,
                              "Peak Memory Usage": 131744,
                              "Plans": [
                                {
                                  "Node Type": "Seq Scan",
                                  "Parent Relationship": "Outer",
                                  "Parallel Aware": true,
                                  "Relation Name": "title",
                                  "Alias": "t",
                                  "Startup Cost": 0.0,
                                  "Total Cost": 42319.06,
                                  "Plan Rows": 632106,
                                  "Plan Width": 4,
                                  "Actual Startup Time": 0.039,
                                  "Actual Total Time": 111.609,
                                  "Actual Rows": 842771,
                                  "Actual Loops": 3
                                }
                              ]
                            }
                          ]
                        }
                      ]
                    }
                  ]
                }
              ]
            }
          ]
        }
      ]
    },
    "Planning Time": 0.314,
    "Triggers": [],
    "Execution Time": 667.752
  }
]