[
  {
    "Plan": {
      "Node Type": "Aggregate",
      "Strategy": "Plain",
      "Partial Mode": "Finalize",
      "Parallel Aware": false,
      "Startup Cost": 394151.52,
      "Total Cost": 394151.53,
      "Plan Rows": 1,
      "Plan Width": 8,
      "Actual Startup Time": 976.439,
      "Actual Total Time": 997.839,
      "Actual Rows": 1,
      "Actual Loops": 1,
      "Plans": [
        {
          "Node Type": "Gather",
          "Parent Relationship": "Outer",
          "Parallel Aware": false,
          "Startup Cost": 394151.2,
          "Total Cost": 394151.51,
          "Plan Rows": 3,
          "Plan Width": 8,
          "Actual Startup Time": 959.845,
          "Actual Total Time": 997.83,
          "Actual Rows": 4,
          "Actual Loops": 1,
          "Workers Planned": 3,
          "Workers Launched": 3,
          "Single Copy": false,
          "Plans": [
            {
              "Node Type": "Aggregate",
              "Strategy": "Plain",
              "Partial Mode": "Partial",
              "Parent Relationship": "Outer",
              "Parallel Aware": false,
              "Startup Cost": 393151.2,
              "Total Cost": 393151.21,
              "Plan Rows": 1,
              "Plan Width": 8,
              "Actual Startup Time": 951.29,
              "Actual Total Time": 951.3,
              "Actual Rows": 1,
              "Actual Loops": 4,
              "Plans": [
                {
                  "Node Type": "Hash Join",
                  "Parent Relationship": "Outer",
                  "Parallel Aware": true,
                  "Join Type": "Inner",
                  "Startup Cost": 346051.78,
                  "Total Cost": 391603.44,
                  "Plan Rows": 619105,
                  "Plan Width": 0,
                  "Actual Startup Time": 662.96,
                  "Actual Total Time": 919.7,
                  "Actual Rows": 717570,
                  "Actual Loops": 4,
                  "Inner Unique": false,
                  "Hash Cond": "(mk.movie_id = t.id)",
                  "Plans": [
                    {
                      "Node Type": "Seq Scan",
                      "Parent Relationship": "Outer",
                      "Parallel Aware": true,
                      "Relation Name": "movie_keyword",
                      "Alias": "mk",
                      "Startup Cost": 0.0,
                      "Total Cost": 39047.32,
                      "Plan Rows": 1459332,
                      "Plan Width": 4,
                      "Actual Startup Time": 0.048,
                      "Actual Total Time": 97.775,
                      "Actual Rows": 1130982,
                      "Actual Loops": 4
                    },
                    {
                      "Node Type": "Hash",
                      "Parent Relationship": "Inner",
                      "Parallel Aware": true,
                      "Startup Cost": 343817.08,
                      "Total Cost": 343817.08,
                      "Plan Rows": 178776,
                      "Plan Width": 8,
                      "Actual Startup Time": 657.587,
                      "Actual Total Time": 657.595,
                      "Actual Rows": 120624,
                      "Actual Loops": 4,
                      "Hash Buckets": 2097152,
                      "Original Hash Buckets": 2097152,
                      "Hash Batches": 1,
                      "Original Hash Batches": 1,
                      "Peak Memory Usage": 35328,
                      "Plans": [
                        {
                          "Node Type": "Hash Join",
                          "Parent Relationship": "Outer",
                          "Parallel Aware": true,
                          "Join Type": "Inner",
                          "Startup Cost": 86532.87,
                          "Total Cost": 343817.08,
                          "Plan Rows": 178776,
                          "Plan Width": 8,
                          "Actual Startup Time": 501.084,
                          "Actual Total Time": 604.032,
                          "Actual Rows": 120624,
                          "Actual Loops": 4,
                          "Inner Unique": true,
                          "Hash Cond": "(ci.movie_id = t.id)",
                          "Plans": [
                            {
                              "Node Type": "Bitmap Heap Scan",
                              "Parent Relationship": "Outer",
                              "Parallel Aware": true,
                              "Relation Name": "cast_info",
                              "Alias": "ci",
                              "Startup Cost": 36312.49,
                              "Total Cost": 293127.41,
                              "Plan Rows": 178776,
                              "Plan Width": 4,
                              "Actual Startup Time": 126.459,
                              "Actual Total Time": 159.801,
                              "Actual Rows": 120624,
                              "Actual Loops": 4,
                              "Recheck Cond": "(person_id < 169477)",
                              "Rows Removed by Index Recheck": 0,
                              "Filter": "(role_id > 1)",
                              "Rows Removed by Filter": 305797,
                              "Exact Heap Blocks": 4758,
                              "Lossy Heap Blocks": 0,
                              "Plans": [
                                {
                                  "Node Type": "Bitmap Index Scan",
                                  "Parent Relationship": "Outer",
                                  "Parallel Aware": false,
                                  "Index Name": "person_id_cast_info",
                                  "Startup Cost": 0.0,
                                  "Total Cost": 36044.33,
                                  "Plan Rows": 1651168,
                                  "Plan Width": 0,
                                  "Actual Startup Time": 70.922,
                                  "Actual Total Time": 70.923,
                                  "Actual Rows": 1705681,
                                  "Actual Loops": 1,
                                  "Index Cond": "(person_id < 169477)"
                                }
                              ]
                            },
                            {
                              "Node Type": "Hash",
                              "Parent Relationship": "Inner",
                              "Parallel Aware": true,
                              "Startup Cost": 42319.06,
                              "Total Cost": 42319.06,
                              "Plan Rows": 632106,
                              "Plan Width": 4,
                              "Actual Startup Time": 367.69,
                              "Actual Total Time": 367.691,
                              "Actual Rows": 632078,
                              "Actual Loops": 4,
                              "Hash Buckets": 4194304,
                              "Original Hash Buckets": 4194304,
                              "Hash Batches": 1,
                              "Original Hash Batches": 1,
                              "Peak Memory Usage": 131744,
                              "Plans": [
                                {
                                  "Node Type": "Seq Scan",
                                  "Parent Relationship": "Outer",
                                  "Parallel Aware": true,
                                  "Relation Name": "title",
                                  "Alias": "t",
                                  "Startup Cost": 0.0,
                                  "Total Cost": 42319.06,
                                  "Plan Rows": 632106,
                                  "Plan Width": 4,
                                  "Actual Startup Time": 0.074,
                                  "Actual Total Time": 107.521,
                                  "Actual Rows": 632078,
                                  "Actual Loops": 4
                                }
                              ]
                            }
                          ]
                        }
                      ]
                    }
                  ]
                }
              ]
            }
          ]
        }
      ]
    },
    "Planning Time": 0.423,
    "Triggers": [],
    "Execution Time": 997.887
  }
]