[
  {
    "Plan": {
      "Node Type": "Aggregate",
      "Strategy": "Plain",
      "Partial Mode": "Finalize",
      "Parallel Aware": false,
      "Startup Cost": 200693.75,
      "Total Cost": 200693.76,
      "Plan Rows": 1,
      "Plan Width": 8,
      "Actual Startup Time": 328.806,
      "Actual Total Time": 343.699,
      "Actual Rows": 1,
      "Actual Loops": 1,
      "Plans": [
        {
          "Node Type": "Gather",
          "Parent Relationship": "Outer",
          "Parallel Aware": false,
          "Startup Cost": 200693.13,
          "Total Cost": 200693.74,
          "Plan Rows": 6,
          "Plan Width": 8,
          "Actual Startup Time": 328.705,
          "Actual Total Time": 343.684,
          "Actual Rows": 7,
          "Actual Loops": 1,
          "Workers Planned": 6,
          "Workers Launched": 6,
          "Single Copy": false,
          "Plans": [
            {
              "Node Type": "Aggregate",
              "Strategy": "Plain",
              "Partial Mode": "Partial",
              "Parent Relationship": "Outer",
              "Parallel Aware": false,
              "Startup Cost": 199693.13,
              "Total Cost": 199693.14,
              "Plan Rows": 1,
              "Plan Width": 8,
              "Actual Startup Time": 316.869,
              "Actual Total Time": 316.87,
              "Actual Rows": 1,
              "Actual Loops": 7,
              "Plans": [
                {
                  "Node Type": "Index Scan",
                  "Parent Relationship": "Outer",
                  "Parallel Aware": true,
                  "Scan Direction": "Forward",
                  "Index Name": "role_id_cast_info",
                  "Relation Name": "cast_info",
                  "Alias": "ci",
                  "Startup Cost": 0.56,
                  "Total Cost": 197877.72,
                  "Plan Rows": 726162,
                  "Plan Width": 0,
                  "Actual Startup Time": 0.237,
                  "Actual Total Time": 291.813,
                  "Actual Rows": 485179,
                  "Actual Loops": 7,
                  "Index Cond": "(role_id = 2)",
                  "Rows Removed by Index Recheck": 0,
                  "Filter": "(person_id < 2175779)",
                  "Rows Removed by Filter": 579389
                }
              ]
            }
          ]
        }
      ]
    },
    "Planning Time": 0.196,
    "Triggers": [],
    "Execution Time": 343.759
  }
]