[
  {
    "Plan": {
      "Node Type": "Aggregate",
      "Strategy": "Plain",
      "Partial Mode": "Finalize",
      "Parallel Aware": false,
      "Startup Cost": 55341.98,
      "Total Cost": 55341.99,
      "Plan Rows": 1,
      "Plan Width": 8,
      "Actual Startup Time": 93.946,
      "Actual Total Time": 107.422,
      "Actual Rows": 1,
      "Actual Loops": 1,
      "Plans": [
        {
          "Node Type": "Gather",
          "Parent Relationship": "Outer",
          "Parallel Aware": false,
          "Startup Cost": 55341.56,
          "Total Cost": 55341.97,
          "Plan Rows": 4,
          "Plan Width": 8,
          "Actual Startup Time": 93.756,
          "Actual Total Time": 107.411,
          "Actual Rows": 5,
          "Actual Loops": 1,
          "Workers Planned": 4,
          "Workers Launched": 4,
          "Single Copy": false,
          "Plans": [
            {
              "Node Type": "Aggregate",
              "Strategy": "Plain",
              "Partial Mode": "Partial",
              "Parent Relationship": "Outer",
              "Parallel Aware": false,
              "Startup Cost": 54341.56,
              "Total Cost": 54341.57,
              "Plan Rows": 1,
              "Plan Width": 8,
              "Actual Startup Time": 87.345,
              "Actual Total Time": 87.347,
              "Actual Rows": 1,
              "Actual Loops": 5,
              "Plans": [
                {
                  "Node Type": "Nested Loop",
                  "Parent Relationship": "Outer",
                  "Parallel Aware": false,
                  "Join Type": "Inner",
                  "Startup Cost": 0.43,
                  "Total Cost": 54339.6,
                  "Plan Rows": 781,
                  "Plan Width": 0,
                  "Actual Startup Time": 1.205,
                  "Actual Total Time": 87.208,
                  "Actual Rows": 1444,
                  "Actual Loops": 5,
                  "Inner Unique": false,
                  "Plans": [
                    {
                      "Node Type": "Seq Scan",
                      "Parent Relationship": "Outer",
                      "Parallel Aware": true,
                      "Relation Name": "title",
                      "Alias": "t",
                      "Startup Cost": 0.0,
                      "Total Cost": 45479.59,
                      "Plan Rows": 1430,
                      "Plan Width": 4,
                      "Actual Startup Time": 0.524,
                      "Actual Total Time": 76.25,
                      "Actual Rows": 1240,
                      "Actual Loops": 5,
                      "Filter": "((kind_id < 7) AND (production_year = 1976))",
                      "Rows Removed by Filter": 504423
                    },
                    {
                      "Node Type": "Index Only Scan",
                      "Parent Relationship": "Inner",
                      "Parallel Aware": false,
                      "Scan Direction": "Forward",
                      "Index Name": "movie_id_movie_info_idx",
                      "Relation Name": "movie_info_idx",
                      "Alias": "mi_idx",
                      "Startup Cost": 0.43,
                      "Total Cost": 6.17,
                      "Plan Rows": 3,
                      "Plan Width": 4,
                      "Actual Startup Time": 0.008,
                      "Actual Total Time": 0.008,
                      "Actual Rows": 1,
                      "Actual Loops": 6198,
                      "Index Cond": "(movie_id = t.id)",
                      "Rows Removed by Index Recheck": 0,
                      "Heap Fetches": 7219
                    }
                  ]
                }
              ]
            }
          ]
        }
      ]
    },
    "Planning Time": 0.192,
    "Triggers": [],
    "Execution Time": 107.455
  }
]