[
  {
    "Plan": {
      "Node Type": "Aggregate",
      "Strategy": "Plain",
      "Partial Mode": "Finalize",
      "Parallel Aware": false,
      "Startup Cost": 45025.14,
      "Total Cost": 45025.15,
      "Plan Rows": 1,
      "Plan Width": 8,
      "Actual Startup Time": 139.223,
      "Actual Total Time": 149.563,
      "Actual Rows": 1,
      "Actual Loops": 1,
      "Plans": [
        {
          "Node Type": "Gather",
          "Parent Relationship": "Outer",
          "Parallel Aware": false,
          "Startup Cost": 45024.82,
          "Total Cost": 45025.13,
          "Plan Rows": 3,
          "Plan Width": 8,
          "Actual Startup Time": 139.082,
          "Actual Total Time": 149.553,
          "Actual Rows": 4,
          "Actual Loops": 1,
          "Workers Planned": 3,
          "Workers Launched": 3,
          "Single Copy": false,
          "Plans": [
            {
              "Node Type": "Aggregate",
              "Strategy": "Plain",
              "Partial Mode": "Partial",
              "Parent Relationship": "Outer",
              "Parallel Aware": false,
              "Startup Cost": 44024.82,
              "Total Cost": 44024.83,
              "Plan Rows": 1,
              "Plan Width": 8,
              "Actual Startup Time": 132.03,
              "Actual Total Time": 132.032,
              "Actual Rows": 1,
              "Actual Loops": 4,
              "Plans": [
                {
                  "Node Type": "Seq Scan",
                  "Parent Relationship": "Outer",
                  "Parallel Aware": true,
                  "Relation Name": "movie_keyword",
                  "Alias": "mk",
                  "Startup Cost": 0.0,
                  "Total Cost": 42695.65,
                  "Plan Rows": 531666,
                  "Plan Width": 0,
                  "Actual Startup Time": 1.678,
                  "Actual Total Time": 111.52,
                  "Actual Rows": 408386,
                  "Actual Loops": 4,
                  "Filter": "(keyword_id > 9083)",
                  "Rows Removed by Filter": 722597
                }
              ]
            }
          ]
        }
      ]
    },
    "Planning Time": 0.186,
    "Triggers": [],
    "Execution Time": 149.617
  }
]