[
  {
    "Plan": {
      "Node Type": "Aggregate",
      "Strategy": "Plain",
      "Partial Mode": "Finalize",
      "Parallel Aware": false,
      "Startup Cost": 344702.15,
      "Total Cost": 344702.16,
      "Plan Rows": 1,
      "Plan Width": 8,
      "Actual Startup Time": 580.997,
      "Actual Total Time": 615.982,
      "Actual Rows": 1,
      "Actual Loops": 1,
      "Plans": [
        {
          "Node Type": "Gather",
          "Parent Relationship": "Outer",
          "Parallel Aware": false,
          "Startup Cost": 344701.52,
          "Total Cost": 344702.13,
          "Plan Rows": 6,
          "Plan Width": 8,
          "Actual Startup Time": 580.852,
          "Actual Total Time": 615.971,
          "Actual Rows": 7,
          "Actual Loops": 1,
          "Workers Planned": 6,
          "Workers Launched": 6,
          "Single Copy": false,
          "Plans": [
            {
              "Node Type": "Aggregate",
              "Strategy": "Plain",
              "Partial Mode": "Partial",
              "Parent Relationship": "Outer",
              "Parallel Aware": false,
              "Startup Cost": 343701.52,
              "Total Cost": 343701.53,
              "Plan Rows": 1,
              "Plan Width": 8,
              "Actual Startup Time": 572.489,
              "Actual Total Time": 572.491,
              "Actual Rows": 1,
              "Actual Loops": 7,
              "Plans": [
                {
                  "Node Type": "Index Scan",
                  "Parent Relationship": "Outer",
                  "Parallel Aware": true,
                  "Scan Direction": "Forward",
                  "Index Name": "role_id_cast_info",
                  "Relation Name": "cast_info",
                  "Alias": "ci",
                  "Startup Cost": 0.56,
                  "Total Cost": 341155.22,
                  "Plan Rows": 1018521,
                  "Plan Width": 0,
                  "Actual Startup Time": 0.114,
                  "Actual Total Time": 469.603,
                  "Actual Rows": 1807836,
                  "Actual Loops": 7,
                  "Index Cond": "(role_id < 2)",
                  "Rows Removed by Index Recheck": 0,
                  "Filter": "(person_id < 1738003)",
                  "Rows Removed by Filter": 2262
                }
              ]
            }
          ]
        }
      ]
    },
    "Planning Time": 0.122,
    "Triggers": [],
    "Execution Time": 616.025
  }
]