[
    {
        "Bao": {
            "Bao prediction": "NaN",
            "Bao recommended hint": "(no hint)"
        }
    },
    {
        "Plan": {
            "Node Type": "Aggregate",
            "Strategy": "Plain",
            "Partial Mode": "Finalize",
            "Parallel Aware": false,
            "Startup Cost": 603895.16,
            "Total Cost": 603895.17,
            "Plan Rows": 1,
            "Plan Width": 8,
            "Actual Startup Time": 4021.935,
            "Actual Total Time": 4061.942,
            "Actual Rows": 1,
            "Actual Loops": 1,
            "Output": [
                "count(*)"
            ],
            "Plans": [
                {
                    "Node Type": "Gather",
                    "Parent Relationship": "Outer",
                    "Parallel Aware": false,
                    "Startup Cost": 603894.64,
                    "Total Cost": 603895.15,
                    "Plan Rows": 5,
                    "Plan Width": 8,
                    "Actual Startup Time": 4008.074,
                    "Actual Total Time": 4061.931,
                    "Actual Rows": 6,
                    "Actual Loops": 1,
                    "Output": [
                        "(PARTIAL count(*))"
                    ],
                    "Workers Planned": 5,
                    "Workers Launched": 5,
                    "Single Copy": false,
                    "Plans": [
                        {
                            "Node Type": "Aggregate",
                            "Strategy": "Plain",
                            "Partial Mode": "Partial",
                            "Parent Relationship": "Outer",
                            "Parallel Aware": false,
                            "Startup Cost": 602894.64,
                            "Total Cost": 602894.65,
                            "Plan Rows": 1,
                            "Plan Width": 8,
                            "Actual Startup Time": 3986.768,
                            "Actual Total Time": 3987.042,
                            "Actual Rows": 1,
                            "Actual Loops": 6,
                            "Output": [
                                "PARTIAL count(*)"
                            ],
                            "Workers": [
                                {
                                    "Worker Number": 0,
                                    "Actual Startup Time": 3982.238,
                                    "Actual Total Time": 3982.243,
                                    "Actual Rows": 1,
                                    "Actual Loops": 1
                                },
                                {
                                    "Worker Number": 1,
                                    "Actual Startup Time": 3982.284,
                                    "Actual Total Time": 3982.288,
                                    "Actual Rows": 1,
                                    "Actual Loops": 1
                                },
                                {
                                    "Worker Number": 2,
                                    "Actual Startup Time": 3984.312,
                                    "Actual Total Time": 3984.317,
                                    "Actual Rows": 1,
                                    "Actual Loops": 1
                                },
                                {
                                    "Worker Number": 3,
                                    "Actual Startup Time": 3982.379,
                                    "Actual Total Time": 3982.383,
                                    "Actual Rows": 1,
                                    "Actual Loops": 1
                                },
                                {
                                    "Worker Number": 4,
                                    "Actual Startup Time": 3982.233,
                                    "Actual Total Time": 3982.239,
                                    "Actual Rows": 1,
                                    "Actual Loops": 1
                                }
                            ],
                            "Plans": [
                                {
                                    "Node Type": "Hash Join",
                                    "Parent Relationship": "Outer",
                                    "Parallel Aware": true,
                                    "Join Type": "Inner",
                                    "Startup Cost": 383773.25,
                                    "Total Cost": 596461.56,
                                    "Plan Rows": 2573231,
                                    "Plan Width": 0,
                                    "Actual Startup Time": 1230.485,
                                    "Actual Total Time": 3400.176,
                                    "Actual Rows": 14710349,
                                    "Actual Loops": 6,
                                    "Inner Unique": false,
                                    "Hash Cond": "(mi.movie_id = t.id)",
                                    "Workers": [
                                        {
                                            "Worker Number": 0,
                                            "Actual Startup Time": 1226.276,
                                            "Actual Total Time": 3393.462,
                                            "Actual Rows": 14695590,
                                            "Actual Loops": 1
                                        },
                                        {
                                            "Worker Number": 1,
                                            "Actual Startup Time": 1226.313,
                                            "Actual Total Time": 3404.269,
                                            "Actual Rows": 14904497,
                                            "Actual Loops": 1
                                        },
                                        {
                                            "Worker Number": 2,
                                            "Actual Startup Time": 1226.397,
                                            "Actual Total Time": 3394.224,
                                            "Actual Rows": 14762319,
                                            "Actual Loops": 1
                                        },
                                        {
                                            "Worker Number": 3,
                                            "Actual Startup Time": 1226.455,
                                            "Actual Total Time": 3394.433,
                                            "Actual Rows": 14330665,
                                            "Actual Loops": 1
                                        },
                                        {
                                            "Worker Number": 4,
                                            "Actual Startup Time": 1226.305,
                                            "Actual Total Time": 3394.973,
                                            "Actual Rows": 14514467,
                                            "Actual Loops": 1
                                        }
                                    ],
                                    "Plans": [
                                        {
                                            "Node Type": "Seq Scan",
                                            "Parent Relationship": "Outer",
                                            "Parallel Aware": true,
                                            "Relation Name": "movie_info",
                                            "Schema": "public",
                                            "Alias": "mi",
                                            "Startup Cost": 0.0,
                                            "Total Cost": 198880.74,
                                            "Plan Rows": 2538363,
                                            "Plan Width": 4,
                                            "Actual Startup Time": 0.026,
                                            "Actual Total Time": 305.079,
                                            "Actual Rows": 2124109,
                                            "Actual Loops": 6,
                                            "Output": [
                                                "mi.id",
                                                "mi.movie_id",
                                                "mi.info_type_id",
                                                "mi.info",
                                                "mi.note"
                                            ],
                                            "Filter": "(mi.info_type_id > 2)",
                                            "Rows Removed by Filter": 348511,
                                            "Workers": [
                                                {
                                                    "Worker Number": 0,
                                                    "Actual Startup Time": 0.026,
                                                    "Actual Total Time": 310.431,
                                                    "Actual Rows": 2123555,
                                                    "Actual Loops": 1
                                                },
                                                {
                                                    "Worker Number": 1,
                                                    "Actual Startup Time": 0.029,
                                                    "Actual Total Time": 320.815,
                                                    "Actual Rows": 2094603,
                                                    "Actual Loops": 1
                                                },
                                                {
                                                    "Worker Number": 2,
                                                    "Actual Startup Time": 0.027,
                                                    "Actual Total Time": 308.345,
                                                    "Actual Rows": 2115292,
                                                    "Actual Loops": 1
                                                },
                                                {
                                                    "Worker Number": 3,
                                                    "Actual Startup Time": 0.028,
                                                    "Actual Total Time": 310.98,
                                                    "Actual Rows": 2088966,
                                                    "Actual Loops": 1
                                                },
                                                {
                                                    "Worker Number": 4,
                                                    "Actual Startup Time": 0.03,
                                                    "Actual Total Time": 310.674,
                                                    "Actual Rows": 2092869,
                                                    "Actual Loops": 1
                                                }
                                            ]
                                        },
                                        {
                                            "Node Type": "Hash",
                                            "Parent Relationship": "Inner",
                                            "Parallel Aware": true,
                                            "Startup Cost": 378433.56,
                                            "Total Cost": 378433.56,
                                            "Plan Rows": 427175,
                                            "Plan Width": 8,
                                            "Actual Startup Time": 1203.495,
                                            "Actual Total Time": 1203.768,
                                            "Actual Rows": 466432,
                                            "Actual Loops": 6,
                                            "Output": [
                                                "t.id",
                                                "ci.movie_id"
                                            ],
                                            "Hash Buckets": 4194304,
                                            "Original Hash Buckets": 4194304,
                                            "Hash Batches": 1,
                                            "Original Hash Batches": 1,
                                            "Peak Memory Usage": 142368,
                                            "Workers": [
                                                {
                                                    "Worker Number": 0,
                                                    "Actual Startup Time": 1206.515,
                                                    "Actual Total Time": 1206.519,
                                                    "Actual Rows": 462972,
                                                    "Actual Loops": 1
                                                },
                                                {
                                                    "Worker Number": 1,
                                                    "Actual Startup Time": 1206.668,
                                                    "Actual Total Time": 1206.671,
                                                    "Actual Rows": 455705,
                                                    "Actual Loops": 1
                                                },
                                                {
                                                    "Worker Number": 2,
                                                    "Actual Startup Time": 1206.816,
                                                    "Actual Total Time": 1206.82,
                                                    "Actual Rows": 466821,
                                                    "Actual Loops": 1
                                                },
                                                {
                                                    "Worker Number": 3,
                                                    "Actual Startup Time": 1206.824,
                                                    "Actual Total Time": 1206.827,
                                                    "Actual Rows": 460662,
                                                    "Actual Loops": 1
                                                },
                                                {
                                                    "Worker Number": 4,
                                                    "Actual Startup Time": 1206.632,
                                                    "Actual Total Time": 1206.636,
                                                    "Actual Rows": 461424,
                                                    "Actual Loops": 1
                                                }
                                            ],
                                            "Plans": [
                                                {
                                                    "Node Type": "Hash Join",
                                                    "Parent Relationship": "Outer",
                                                    "Parallel Aware": true,
                                                    "Join Type": "Inner",
                                                    "Startup Cost": 45996.98,
                                                    "Total Cost": 378433.56,
                                                    "Plan Rows": 427175,
                                                    "Plan Width": 8,
                                                    "Actual Startup Time": 384.454,
                                                    "Actual Total Time": 1019.039,
                                                    "Actual Rows": 466432,
                                                    "Actual Loops": 6,
                                                    "Output": [
                                                        "t.id",
                                                        "ci.movie_id"
                                                    ],
                                                    "Inner Unique": true,
                                                    "Hash Cond": "(ci.movie_id = t.id)",
                                                    "Workers": [
                                                        {
                                                            "Worker Number": 0,
                                                            "Actual Startup Time": 384.387,
                                                            "Actual Total Time": 1019.734,
                                                            "Actual Rows": 462972,
                                                            "Actual Loops": 1
                                                        },
                                                        {
                                                            "Worker Number": 1,
                                                            "Actual Startup Time": 384.563,
                                                            "Actual Total Time": 1020.661,
                                                            "Actual Rows": 455705,
                                                            "Actual Loops": 1
                                                        },
                                                        {
                                                            "Worker Number": 2,
                                                            "Actual Startup Time": 384.395,
                                                            "Actual Total Time": 1020.178,
                                                            "Actual Rows": 466821,
                                                            "Actual Loops": 1
                                                        },
                                                        {
                                                            "Worker Number": 3,
                                                            "Actual Startup Time": 384.326,
                                                            "Actual Total Time": 1019.126,
                                                            "Actual Rows": 460662,
                                                            "Actual Loops": 1
                                                        },
                                                        {
                                                            "Worker Number": 4,
                                                            "Actual Startup Time": 384.347,
                                                            "Actual Total Time": 1020.03,
                                                            "Actual Rows": 461424,
                                                            "Actual Loops": 1
                                                        }
                                                    ],
                                                    "Plans": [
                                                        {
                                                            "Node Type": "Seq Scan",
                                                            "Parent Relationship": "Outer",
                                                            "Parallel Aware": true,
                                                            "Relation Name": "cast_info",
                                                            "Schema": "public",
                                                            "Alias": "ci",
                                                            "Startup Cost": 0.0,
                                                            "Total Cost": 328213.62,
                                                            "Plan Rows": 1608744,
                                                            "Plan Width": 4,
                                                            "Actual Startup Time": 264.48,
                                                            "Actual Total Time": 522.843,
                                                            "Actual Rows": 1613114,
                                                            "Actual Loops": 6,
                                                            "Output": [
                                                                "ci.id",
                                                                "ci.person_id",
                                                                "ci.movie_id",
                                                                "ci.person_role_id",
                                                                "ci.note",
                                                                "ci.nr_order",
                                                                "ci.role_id"
                                                            ],
                                                            "Filter": "(ci.person_id > 2740976)",
                                                            "Rows Removed by Filter": 4427610,
                                                            "Workers": [
                                                                {
                                                                    "Worker Number": 0,
                                                                    "Actual Startup Time": 264.479,
                                                                    "Actual Total Time": 526.03,
                                                                    "Actual Rows": 1593894,
                                                                    "Actual Loops": 1
                                                                },
                                                                {
                                                                    "Worker Number": 1,
                                                                    "Actual Startup Time": 264.475,
                                                                    "Actual Total Time": 534.612,
                                                                    "Actual Rows": 1592138,
                                                                    "Actual Loops": 1
                                                                },
                                                                {
                                                                    "Worker Number": 2,
                                                                    "Actual Startup Time": 264.499,
                                                                    "Actual Total Time": 525.863,
                                                                    "Actual Rows": 1605936,
                                                                    "Actual Loops": 1
                                                                },
                                                                {
                                                                    "Worker Number": 3,
                                                                    "Actual Startup Time": 264.493,
                                                                    "Actual Total Time": 524.938,
                                                                    "Actual Rows": 1584090,
                                                                    "Actual Loops": 1
                                                                },
                                                                {
                                                                    "Worker Number": 4,
                                                                    "Actual Startup Time": 264.484,
                                                                    "Actual Total Time": 525.87,
                                                                    "Actual Rows": 1596514,
                                                                    "Actual Loops": 1
                                                                }
                                                            ]
                                                        },
                                                        {
                                                            "Node Type": "Hash",
                                                            "Parent Relationship": "Inner",
                                                            "Parallel Aware": true,
                                                            "Startup Cost": 43899.01,
                                                            "Total Cost": 43899.01,
                                                            "Plan Rows": 167838,
                                                            "Plan Width": 4,
                                                            "Actual Startup Time": 118.857,
                                                            "Actual Total Time": 118.858,
                                                            "Actual Rows": 110471,
                                                            "Actual Loops": 6,
                                                            "Output": [
                                                                "t.id"
                                                            ],
                                                            "Hash Buckets": 1048576,
                                                            "Original Hash Buckets": 1048576,
                                                            "Hash Batches": 1,
                                                            "Original Hash Batches": 1,
                                                            "Peak Memory Usage": 34208,
                                                            "Workers": [
                                                                {
                                                                    "Worker Number": 0,
                                                                    "Actual Startup Time": 119.828,
                                                                    "Actual Total Time": 119.83,
                                                                    "Actual Rows": 110880,
                                                                    "Actual Loops": 1
                                                                },
                                                                {
                                                                    "Worker Number": 1,
                                                                    "Actual Startup Time": 119.968,
                                                                    "Actual Total Time": 119.97,
                                                                    "Actual Rows": 99478,
                                                                    "Actual Loops": 1
                                                                },
                                                                {
                                                                    "Worker Number": 2,
                                                                    "Actual Startup Time": 119.806,
                                                                    "Actual Total Time": 119.808,
                                                                    "Actual Rows": 113185,
                                                                    "Actual Loops": 1
                                                                },
                                                                {
                                                                    "Worker Number": 3,
                                                                    "Actual Startup Time": 119.749,
                                                                    "Actual Total Time": 119.75,
                                                                    "Actual Rows": 110014,
                                                                    "Actual Loops": 1
                                                                },
                                                                {
                                                                    "Worker Number": 4,
                                                                    "Actual Startup Time": 119.759,
                                                                    "Actual Total Time": 119.76,
                                                                    "Actual Rows": 110850,
                                                                    "Actual Loops": 1
                                                                }
                                                            ],
                                                            "Plans": [
                                                                {
                                                                    "Node Type": "Seq Scan",
                                                                    "Parent Relationship": "Outer",
                                                                    "Parallel Aware": true,
                                                                    "Relation Name": "title",
                                                                    "Schema": "public",
                                                                    "Alias": "t",
                                                                    "Startup Cost": 0.0,
                                                                    "Total Cost": 43899.01,
                                                                    "Plan Rows": 167838,
                                                                    "Plan Width": 4,
                                                                    "Actual Startup Time": 40.648,
                                                                    "Actual Total Time": 76.545,
                                                                    "Actual Rows": 110471,
                                                                    "Actual Loops": 6,
                                                                    "Output": [
                                                                        "t.id"
                                                                    ],
                                                                    "Filter": "(t.kind_id = 1)",
                                                                    "Rows Removed by Filter": 310914,
                                                                    "Workers": [
                                                                        {
                                                                            "Worker Number": 0,
                                                                            "Actual Startup Time": 47.869,
                                                                            "Actual Total Time": 77.175,
                                                                            "Actual Rows": 110880,
                                                                            "Actual Loops": 1
                                                                        },
                                                                        {
                                                                            "Worker Number": 1,
                                                                            "Actual Startup Time": 47.96,
                                                                            "Actual Total Time": 76.819,
                                                                            "Actual Rows": 99478,
                                                                            "Actual Loops": 1
                                                                        },
                                                                        {
                                                                            "Worker Number": 2,
                                                                            "Actual Startup Time": 47.935,
                                                                            "Actual Total Time": 77.774,
                                                                            "Actual Rows": 113185,
                                                                            "Actual Loops": 1
                                                                        },
                                                                        {
                                                                            "Worker Number": 3,
                                                                            "Actual Startup Time": 47.9,
                                                                            "Actual Total Time": 77.097,
                                                                            "Actual Rows": 110014,
                                                                            "Actual Loops": 1
                                                                        },
                                                                        {
                                                                            "Worker Number": 4,
                                                                            "Actual Startup Time": 47.726,
                                                                            "Actual Total Time": 77.296,
                                                                            "Actual Rows": 110850,
                                                                            "Actual Loops": 1
                                                                        }
                                                                    ]
                                                                }
                                                            ]
                                                        }
                                                    ]
                                                }
                                            ]
                                        }
                                    ]
                                }
                            ]
                        }
                    ]
                }
            ]
        },
        "Planning Time": 208.688,
        "Triggers": [],
        "Execution Time": 4062.053
    }
]