{
  "Plan": {
    "Node Type": "Aggregate",
    "Strategy": "Plain",
    "Partial Mode": "Finalize",
    "Parallel Aware": false,
    "Startup Cost": 98602.21,
    "Total Cost": 98602.22,
    "Plan Rows": 1,
    "Plan Width": 8,
    "Actual Startup Time": 529.718,
    "Actual Total Time": 548.108,
    "Actual Rows": 1,
    "Actual Loops": 1,
    "Plans": [
      {
        "Node Type": "Gather",
        "Parent Relationship": "Outer",
        "Parallel Aware": false,
        "Startup Cost": 98602.1,
        "Total Cost": 98602.21,
        "Plan Rows": 1,
        "Plan Width": 8,
        "Actual Startup Time": 528.761,
        "Actual Total Time": 548.101,
        "Actual Rows": 2,
        "Actual Loops": 1,
        "Workers Planned": 1,
        "Workers Launched": 1,
        "Single Copy": false,
        "Plans": [
          {
            "Node Type": "Aggregate",
            "Strategy": "Plain",
            "Partial Mode": "Partial",
            "Parent Relationship": "Outer",
            "Parallel Aware": false,
            "Startup Cost": 97602.1,
            "Total Cost": 97602.11,
            "Plan Rows": 1,
            "Plan Width": 8,
            "Actual Startup Time": 522.801,
            "Actual Total Time": 522.805,
            "Actual Rows": 1,
            "Actual Loops": 2,
            "Plans": [
              {
                "Node Type": "Hash Join",
                "Parent Relationship": "Outer",
                "Parallel Aware": true,
                "Join Type": "Inner",
                "Startup Cost": 59242.32,
                "Total Cost": 97408.95,
                "Plan Rows": 77261,
                "Plan Width": 0,
                "Actual Startup Time": 195.359,
                "Actual Total Time": 510.729,
                "Actual Rows": 244836,
                "Actual Loops": 2,
                "Inner Unique": true,
                "Hash Cond": "(mc.movie_id = t.id)",
                "Plans": [
                  {
                    "Node Type": "Seq Scan",
                    "Parent Relationship": "Outer",
                    "Parallel Aware": true,
                    "Relation Name": "movie_companies",
                    "Alias": "mc",
                    "Startup Cost": 0.0,
                    "Total Cost": 34137.82,
                    "Plan Rows": 1534782,
                    "Plan Width": 4,
                    "Actual Startup Time": 0.021,
                    "Actual Total Time": 115.054,
                    "Actual Rows": 1304564,
                    "Actual Loops": 2
                  },
                  {
                    "Node Type": "Hash",
                    "Parent Relationship": "Inner",
                    "Parallel Aware": true,
                    "Startup Cost": 58306.47,
                    "Total Cost": 58306.47,
                    "Plan Rows": 74868,
                    "Plan Width": 4,
                    "Actual Startup Time": 192.728,
                    "Actual Total Time": 192.729,
                    "Actual Rows": 116846,
                    "Actual Loops": 2,
                    "Hash Buckets": 262144,
                    "Original Hash Buckets": 131072,
                    "Hash Batches": 1,
                    "Original Hash Batches": 1,
                    "Peak Memory Usage": 12256,
                    "Plans": [
                      {
                        "Node Type": "Seq Scan",
                        "Parent Relationship": "Outer",
                        "Parallel Aware": true,
                        "Relation Name": "title",
                        "Alias": "t",
                        "Startup Cost": 0.0,
                        "Total Cost": 58306.47,
                        "Plan Rows": 74868,
                        "Plan Width": 4,
                        "Actual Startup Time": 0.238,
                        "Actual Total Time": 160.911,
                        "Actual Rows": 116846,
                        "Actual Loops": 2,
                        "Filter": "((kind_id < 7) AND (production_year < 1968))",
                        "Rows Removed by Filter": 1147310
                      }
                    ]
                  }
                ]
              }
            ]
          }
        ]
      }
    ]
  },
  "Planning Time": 0.446,
  "Triggers": [],
  "Execution Time": 548.182
}