{
    "Plan": {
        "Node Type": "Aggregate",
        "Strategy": "Plain",
        "Partial Mode": "Finalize",
        "Parallel Aware": false,
        "Startup Cost": 293146.95,
        "Total Cost": 293146.96,
        "Plan Rows": 1,
        "Plan Width": 8,
        "Actual Startup Time": 1259.552,
        "Actual Total Time": 1294.195,
        "Actual Rows": 1,
        "Actual Loops": 1,
        "Output": [
            "count(*)"
        ],
        "Plans": [
            {
                "Node Type": "Gather",
                "Parent Relationship": "Outer",
                "Parallel Aware": false,
                "Startup Cost": 293146.32,
                "Total Cost": 293146.93,
                "Plan Rows": 6,
                "Plan Width": 8,
                "Actual Startup Time": 1225.134,
                "Actual Total Time": 1294.171,
                "Actual Rows": 7,
                "Actual Loops": 1,
                "Output": [
                    "(PARTIAL count(*))"
                ],
                "Workers Planned": 6,
                "Workers Launched": 6,
                "Single Copy": false,
                "Plans": [
                    {
                        "Node Type": "Aggregate",
                        "Strategy": "Plain",
                        "Partial Mode": "Partial",
                        "Parent Relationship": "Outer",
                        "Parallel Aware": false,
                        "Startup Cost": 292146.32,
                        "Total Cost": 292146.33,
                        "Plan Rows": 1,
                        "Plan Width": 8,
                        "Actual Startup Time": 1210.186,
                        "Actual Total Time": 1210.629,
                        "Actual Rows": 1,
                        "Actual Loops": 7,
                        "Output": [
                            "PARTIAL count(*)"
                        ],
                        "Workers": [
                            {
                                "Worker Number": 0,
                                "Actual Startup Time": 1207.484,
                                "Actual Total Time": 1207.49,
                                "Actual Rows": 1,
                                "Actual Loops": 1
                            },
                            {
                                "Worker Number": 1,
                                "Actual Startup Time": 1207.533,
                                "Actual Total Time": 1207.54,
                                "Actual Rows": 1,
                                "Actual Loops": 1
                            },
                            {
                                "Worker Number": 2,
                                "Actual Startup Time": 1208.909,
                                "Actual Total Time": 1208.913,
                                "Actual Rows": 1,
                                "Actual Loops": 1
                            },
                            {
                                "Worker Number": 3,
                                "Actual Startup Time": 1207.727,
                                "Actual Total Time": 1207.733,
                                "Actual Rows": 1,
                                "Actual Loops": 1
                            },
                            {
                                "Worker Number": 4,
                                "Actual Startup Time": 1207.748,
                                "Actual Total Time": 1207.753,
                                "Actual Rows": 1,
                                "Actual Loops": 1
                            },
                            {
                                "Worker Number": 5,
                                "Actual Startup Time": 1207.747,
                                "Actual Total Time": 1207.752,
                                "Actual Rows": 1,
                                "Actual Loops": 1
                            }
                        ],
                        "Plans": [
                            {
                                "Node Type": "Hash Join",
                                "Parent Relationship": "Outer",
                                "Parallel Aware": true,
                                "Join Type": "Inner",
                                "Startup Cost": 86020.95,
                                "Total Cost": 290507.39,
                                "Plan Rows": 655572,
                                "Plan Width": 0,
                                "Actual Startup Time": 479.244,
                                "Actual Total Time": 1161.749,
                                "Actual Rows": 1021607,
                                "Actual Loops": 7,
                                "Inner Unique": false,
                                "Hash Cond": "(ci.movie_id = t.id)",
                                "Workers": [
                                    {
                                        "Worker Number": 0,
                                        "Actual Startup Time": 476.991,
                                        "Actual Total Time": 1155.272,
                                        "Actual Rows": 809653,
                                        "Actual Loops": 1
                                    },
                                    {
                                        "Worker Number": 1,
                                        "Actual Startup Time": 476.679,
                                        "Actual Total Time": 1165.252,
                                        "Actual Rows": 1083949,
                                        "Actual Loops": 1
                                    },
                                    {
                                        "Worker Number": 2,
                                        "Actual Startup Time": 476.939,
                                        "Actual Total Time": 1162.529,
                                        "Actual Rows": 1186774,
                                        "Actual Loops": 1
                                    },
                                    {
                                        "Worker Number": 3,
                                        "Actual Startup Time": 477.067,
                                        "Actual Total Time": 1158.011,
                                        "Actual Rows": 789280,
                                        "Actual Loops": 1
                                    },
                                    {
                                        "Worker Number": 4,
                                        "Actual Startup Time": 476.85,
                                        "Actual Total Time": 1162.336,
                                        "Actual Rows": 1162507,
                                        "Actual Loops": 1
                                    },
                                    {
                                        "Worker Number": 5,
                                        "Actual Startup Time": 476.795,
                                        "Actual Total Time": 1161.42,
                                        "Actual Rows": 1185298,
                                        "Actual Loops": 1
                                    }
                                ],
                                "Plans": [
                                    {
                                        "Node Type": "Index Scan",
                                        "Parent Relationship": "Outer",
                                        "Parallel Aware": true,
                                        "Scan Direction": "Forward",
                                        "Index Name": "role_id_cast_info",
                                        "Relation Name": "cast_info",
                                        "Schema": "public",
                                        "Alias": "ci",
                                        "Startup Cost": 0.56,
                                        "Total Cost": 197699.43,
                                        "Plan Rows": 1246088,
                                        "Plan Width": 4,
                                        "Actual Startup Time": 0.242,
                                        "Actual Total Time": 243.169,
                                        "Actual Rows": 1064568,
                                        "Actual Loops": 7,
                                        "Output": [
                                            "ci.id",
                                            "ci.person_id",
                                            "ci.movie_id",
                                            "ci.person_role_id",
                                            "ci.note",
                                            "ci.nr_order",
                                            "ci.role_id"
                                        ],
                                        "Index Cond": "(ci.role_id = 2)",
                                        "Rows Removed by Index Recheck": 0,
                                        "Workers": [
                                            {
                                                "Worker Number": 0,
                                                "Actual Startup Time": 0.366,
                                                "Actual Total Time": 259.326,
                                                "Actual Rows": 847860,
                                                "Actual Loops": 1
                                            },
                                            {
                                                "Worker Number": 1,
                                                "Actual Startup Time": 0.2,
                                                "Actual Total Time": 237.214,
                                                "Actual Rows": 1128271,
                                                "Actual Loops": 1
                                            },
                                            {
                                                "Worker Number": 2,
                                                "Actual Startup Time": 0.267,
                                                "Actual Total Time": 246.266,
                                                "Actual Rows": 1233180,
                                                "Actual Loops": 1
                                            },
                                            {
                                                "Worker Number": 3,
                                                "Actual Startup Time": 0.385,
                                                "Actual Total Time": 251.449,
                                                "Actual Rows": 819001,
                                                "Actual Loops": 1
                                            },
                                            {
                                                "Worker Number": 4,
                                                "Actual Startup Time": 0.157,
                                                "Actual Total Time": 244.23,
                                                "Actual Rows": 1209390,
                                                "Actual Loops": 1
                                            },
                                            {
                                                "Worker Number": 5,
                                                "Actual Startup Time": 0.106,
                                                "Actual Total Time": 246.226,
                                                "Actual Rows": 1236541,
                                                "Actual Loops": 1
                                            }
                                        ]
                                    },
                                    {
                                        "Node Type": "Hash",
                                        "Parent Relationship": "Inner",
                                        "Parallel Aware": true,
                                        "Startup Cost": 80656.83,
                                        "Total Cost": 80656.83,
                                        "Plan Rows": 429084,
                                        "Plan Width": 8,
                                        "Actual Startup Time": 474.419,
                                        "Actual Total Time": 474.86,
                                        "Actual Rows": 189287,
                                        "Actual Loops": 7,
                                        "Output": [
                                            "t.id",
                                            "mc.movie_id"
                                        ],
                                        "Hash Buckets": 2097152,
                                        "Original Hash Buckets": 2097152,
                                        "Hash Batches": 1,
                                        "Original Hash Batches": 1,
                                        "Peak Memory Usage": 68320,
                                        "Workers": [
                                            {
                                                "Worker Number": 0,
                                                "Actual Startup Time": 476.015,
                                                "Actual Total Time": 476.019,
                                                "Actual Rows": 153169,
                                                "Actual Loops": 1
                                            },
                                            {
                                                "Worker Number": 1,
                                                "Actual Startup Time": 476.073,
                                                "Actual Total Time": 476.078,
                                                "Actual Rows": 198297,
                                                "Actual Loops": 1
                                            },
                                            {
                                                "Worker Number": 2,
                                                "Actual Startup Time": 476.275,
                                                "Actual Total Time": 476.278,
                                                "Actual Rows": 219017,
                                                "Actual Loops": 1
                                            },
                                            {
                                                "Worker Number": 3,
                                                "Actual Startup Time": 476.231,
                                                "Actual Total Time": 476.236,
                                                "Actual Rows": 142617,
                                                "Actual Loops": 1
                                            },
                                            {
                                                "Worker Number": 4,
                                                "Actual Startup Time": 476.265,
                                                "Actual Total Time": 476.268,
                                                "Actual Rows": 217981,
                                                "Actual Loops": 1
                                            },
                                            {
                                                "Worker Number": 5,
                                                "Actual Startup Time": 476.236,
                                                "Actual Total Time": 476.24,
                                                "Actual Rows": 219885,
                                                "Actual Loops": 1
                                            }
                                        ],
                                        "Plans": [
                                            {
                                                "Node Type": "Hash Join",
                                                "Parent Relationship": "Outer",
                                                "Parallel Aware": true,
                                                "Join Type": "Inner",
                                                "Startup Cost": 50219.81,
                                                "Total Cost": 80656.83,
                                                "Plan Rows": 429084,
                                                "Plan Width": 8,
                                                "Actual Startup Time": 261.747,
                                                "Actual Total Time": 396.208,
                                                "Actual Rows": 189287,
                                                "Actual Loops": 7,
                                                "Output": [
                                                    "t.id",
                                                    "mc.movie_id"
                                                ],
                                                "Inner Unique": true,
                                                "Hash Cond": "(mc.movie_id = t.id)",
                                                "Workers": [
                                                    {
                                                        "Worker Number": 0,
                                                        "Actual Startup Time": 261.806,
                                                        "Actual Total Time": 398.19,
                                                        "Actual Rows": 153169,
                                                        "Actual Loops": 1
                                                    },
                                                    {
                                                        "Worker Number": 1,
                                                        "Actual Startup Time": 261.768,
                                                        "Actual Total Time": 395.718,
                                                        "Actual Rows": 198297,
                                                        "Actual Loops": 1
                                                    },
                                                    {
                                                        "Worker Number": 2,
                                                        "Actual Startup Time": 261.688,
                                                        "Actual Total Time": 395.547,
                                                        "Actual Rows": 219017,
                                                        "Actual Loops": 1
                                                    },
                                                    {
                                                        "Worker Number": 3,
                                                        "Actual Startup Time": 261.765,
                                                        "Actual Total Time": 396.05,
                                                        "Actual Rows": 142617,
                                                        "Actual Loops": 1
                                                    },
                                                    {
                                                        "Worker Number": 4,
                                                        "Actual Startup Time": 261.733,
                                                        "Actual Total Time": 395.345,
                                                        "Actual Rows": 217981,
                                                        "Actual Loops": 1
                                                    },
                                                    {
                                                        "Worker Number": 5,
                                                        "Actual Startup Time": 261.669,
                                                        "Actual Total Time": 395.786,
                                                        "Actual Rows": 219885,
                                                        "Actual Loops": 1
                                                    }
                                                ],
                                                "Plans": [
                                                    {
                                                        "Node Type": "Seq Scan",
                                                        "Parent Relationship": "Outer",
                                                        "Parallel Aware": true,
                                                        "Relation Name": "movie_companies",
                                                        "Schema": "public",
                                                        "Alias": "mc",
                                                        "Startup Cost": 0.0,
                                                        "Total Cost": 29310.68,
                                                        "Plan Rows": 429084,
                                                        "Plan Width": 4,
                                                        "Actual Startup Time": 0.029,
                                                        "Actual Total Time": 50.048,
                                                        "Actual Rows": 189287,
                                                        "Actual Loops": 7,
                                                        "Output": [
                                                            "mc.id",
                                                            "mc.movie_id",
                                                            "mc.company_id",
                                                            "mc.company_type_id",
                                                            "mc.note"
                                                        ],
                                                        "Filter": "(mc.company_id < 11386)",
                                                        "Rows Removed by Filter": 183445,
                                                        "Workers": [
                                                            {
                                                                "Worker Number": 0,
                                                                "Actual Startup Time": 0.035,
                                                                "Actual Total Time": 53.832,
                                                                "Actual Rows": 153169,
                                                                "Actual Loops": 1
                                                            },
                                                            {
                                                                "Worker Number": 1,
                                                                "Actual Startup Time": 0.033,
                                                                "Actual Total Time": 48.93,
                                                                "Actual Rows": 198297,
                                                                "Actual Loops": 1
                                                            },
                                                            {
                                                                "Worker Number": 2,
                                                                "Actual Startup Time": 0.025,
                                                                "Actual Total Time": 49.379,
                                                                "Actual Rows": 219017,
                                                                "Actual Loops": 1
                                                            },
                                                            {
                                                                "Worker Number": 3,
                                                                "Actual Startup Time": 0.037,
                                                                "Actual Total Time": 53.379,
                                                                "Actual Rows": 142617,
                                                                "Actual Loops": 1
                                                            },
                                                            {
                                                                "Worker Number": 4,
                                                                "Actual Startup Time": 0.025,
                                                                "Actual Total Time": 48.709,
                                                                "Actual Rows": 217981,
                                                                "Actual Loops": 1
                                                            },
                                                            {
                                                                "Worker Number": 5,
                                                                "Actual Startup Time": 0.029,
                                                                "Actual Total Time": 49.88,
                                                                "Actual Rows": 219885,
                                                                "Actual Loops": 1
                                                            }
                                                        ]
                                                    },
                                                    {
                                                        "Node Type": "Hash",
                                                        "Parent Relationship": "Inner",
                                                        "Parallel Aware": true,
                                                        "Startup Cost": 42318.81,
                                                        "Total Cost": 42318.81,
                                                        "Plan Rows": 632080,
                                                        "Plan Width": 4,
                                                        "Actual Startup Time": 256.903,
                                                        "Actual Total Time": 256.905,
                                                        "Actual Rows": 361187,
                                                        "Actual Loops": 7,
                                                        "Output": [
                                                            "t.id"
                                                        ],
                                                        "Hash Buckets": 4194304,
                                                        "Original Hash Buckets": 4194304,
                                                        "Hash Batches": 1,
                                                        "Original Hash Batches": 1,
                                                        "Peak Memory Usage": 131808,
                                                        "Workers": [
                                                            {
                                                                "Worker Number": 0,
                                                                "Actual Startup Time": 261.433,
                                                                "Actual Total Time": 261.435,
                                                                "Actual Rows": 298494,
                                                                "Actual Loops": 1
                                                            },
                                                            {
                                                                "Worker Number": 1,
                                                                "Actual Startup Time": 261.387,
                                                                "Actual Total Time": 261.389,
                                                                "Actual Rows": 358730,
                                                                "Actual Loops": 1
                                                            },
                                                            {
                                                                "Worker Number": 2,
                                                                "Actual Startup Time": 261.563,
                                                                "Actual Total Time": 261.564,
                                                                "Actual Rows": 403336,
                                                                "Actual Loops": 1
                                                            },
                                                            {
                                                                "Worker Number": 3,
                                                                "Actual Startup Time": 261.379,
                                                                "Actual Total Time": 261.381,
                                                                "Actual Rows": 274102,
                                                                "Actual Loops": 1
                                                            },
                                                            {
                                                                "Worker Number": 4,
                                                                "Actual Startup Time": 261.354,
                                                                "Actual Total Time": 261.355,
                                                                "Actual Rows": 397928,
                                                                "Actual Loops": 1
                                                            },
                                                            {
                                                                "Worker Number": 5,
                                                                "Actual Startup Time": 261.508,
                                                                "Actual Total Time": 261.509,
                                                                "Actual Rows": 397208,
                                                                "Actual Loops": 1
                                                            }
                                                        ],
                                                        "Plans": [
                                                            {
                                                                "Node Type": "Seq Scan",
                                                                "Parent Relationship": "Outer",
                                                                "Parallel Aware": true,
                                                                "Relation Name": "title",
                                                                "Schema": "public",
                                                                "Alias": "t",
                                                                "Startup Cost": 0.0,
                                                                "Total Cost": 42318.81,
                                                                "Plan Rows": 632080,
                                                                "Plan Width": 4,
                                                                "Actual Startup Time": 0.066,
                                                                "Actual Total Time": 73.781,
                                                                "Actual Rows": 361187,
                                                                "Actual Loops": 7,
                                                                "Output": [
                                                                    "t.id"
                                                                ],
                                                                "Workers": [
                                                                    {
                                                                        "Worker Number": 0,
                                                                        "Actual Startup Time": 0.074,
                                                                        "Actual Total Time": 79.054,
                                                                        "Actual Rows": 298494,
                                                                        "Actual Loops": 1
                                                                    },
                                                                    {
                                                                        "Worker Number": 1,
                                                                        "Actual Startup Time": 0.076,
                                                                        "Actual Total Time": 73.134,
                                                                        "Actual Rows": 358730,
                                                                        "Actual Loops": 1
                                                                    },
                                                                    {
                                                                        "Worker Number": 2,
                                                                        "Actual Startup Time": 0.073,
                                                                        "Actual Total Time": 74.756,
                                                                        "Actual Rows": 403336,
                                                                        "Actual Loops": 1
                                                                    },
                                                                    {
                                                                        "Worker Number": 3,
                                                                        "Actual Startup Time": 0.066,
                                                                        "Actual Total Time": 76.579,
                                                                        "Actual Rows": 274102,
                                                                        "Actual Loops": 1
                                                                    },
                                                                    {
                                                                        "Worker Number": 4,
                                                                        "Actual Startup Time": 0.065,
                                                                        "Actual Total Time": 75.122,
                                                                        "Actual Rows": 397928,
                                                                        "Actual Loops": 1
                                                                    },
                                                                    {
                                                                        "Worker Number": 5,
                                                                        "Actual Startup Time": 0.091,
                                                                        "Actual Total Time": 73.94,
                                                                        "Actual Rows": 397208,
                                                                        "Actual Loops": 1
                                                                    }
                                                                ]
                                                            }
                                                        ]
                                                    }
                                                ]
                                            }
                                        ]
                                    }
                                ]
                            }
                        ]
                    }
                ]
            }
        ]
    },
    "Planning Time": 1.589,
    "Triggers": [],
    "Execution Time": 1294.292
}