[
    {
        "Bao": {
            "Bao prediction": "NaN",
            "Bao recommended hint": "(no hint)"
        }
    },
    {
        "Plan": {
            "Node Type": "Aggregate",
            "Strategy": "Plain",
            "Partial Mode": "Finalize",
            "Parallel Aware": false,
            "Startup Cost": 186340.12,
            "Total Cost": 186340.13,
            "Plan Rows": 1,
            "Plan Width": 8,
            "Actual Startup Time": 146.098,
            "Actual Total Time": 150.884,
            "Actual Rows": 1,
            "Actual Loops": 1,
            "Output": [
                "count(*)"
            ],
            "Plans": [
                {
                    "Node Type": "Gather",
                    "Parent Relationship": "Outer",
                    "Parallel Aware": false,
                    "Startup Cost": 186339.6,
                    "Total Cost": 186340.11,
                    "Plan Rows": 5,
                    "Plan Width": 8,
                    "Actual Startup Time": 145.434,
                    "Actual Total Time": 150.875,
                    "Actual Rows": 6,
                    "Actual Loops": 1,
                    "Output": [
                        "(PARTIAL count(*))"
                    ],
                    "Workers Planned": 5,
                    "Workers Launched": 5,
                    "Single Copy": false,
                    "Plans": [
                        {
                            "Node Type": "Aggregate",
                            "Strategy": "Plain",
                            "Partial Mode": "Partial",
                            "Parent Relationship": "Outer",
                            "Parallel Aware": false,
                            "Startup Cost": 185339.6,
                            "Total Cost": 185339.61,
                            "Plan Rows": 1,
                            "Plan Width": 8,
                            "Actual Startup Time": 135.315,
                            "Actual Total Time": 135.317,
                            "Actual Rows": 1,
                            "Actual Loops": 6,
                            "Output": [
                                "PARTIAL count(*)"
                            ],
                            "Workers": [
                                {
                                    "Worker Number": 0,
                                    "Actual Startup Time": 132.852,
                                    "Actual Total Time": 132.853,
                                    "Actual Rows": 1,
                                    "Actual Loops": 1
                                },
                                {
                                    "Worker Number": 1,
                                    "Actual Startup Time": 133.164,
                                    "Actual Total Time": 133.166,
                                    "Actual Rows": 1,
                                    "Actual Loops": 1
                                },
                                {
                                    "Worker Number": 2,
                                    "Actual Startup Time": 133.489,
                                    "Actual Total Time": 133.491,
                                    "Actual Rows": 1,
                                    "Actual Loops": 1
                                },
                                {
                                    "Worker Number": 3,
                                    "Actual Startup Time": 133.696,
                                    "Actual Total Time": 133.698,
                                    "Actual Rows": 1,
                                    "Actual Loops": 1
                                },
                                {
                                    "Worker Number": 4,
                                    "Actual Startup Time": 133.798,
                                    "Actual Total Time": 133.8,
                                    "Actual Rows": 1,
                                    "Actual Loops": 1
                                }
                            ],
                            "Plans": [
                                {
                                    "Node Type": "Bitmap Heap Scan",
                                    "Parent Relationship": "Outer",
                                    "Parallel Aware": true,
                                    "Relation Name": "movie_info",
                                    "Schema": "public",
                                    "Alias": "mi",
                                    "Startup Cost": 20032.88,
                                    "Total Cost": 184787.31,
                                    "Plan Rows": 220915,
                                    "Plan Width": 0,
                                    "Actual Startup Time": 53.376,
                                    "Actual Total Time": 123.551,
                                    "Actual Rows": 185897,
                                    "Actual Loops": 6,
                                    "Recheck Cond": "(mi.info_type_id > 63)",
                                    "Rows Removed by Index Recheck": 0,
                                    "Exact Heap Blocks": 10900,
                                    "Lossy Heap Blocks": 0,
                                    "Workers": [
                                        {
                                            "Worker Number": 0,
                                            "Actual Startup Time": 50.862,
                                            "Actual Total Time": 121.791,
                                            "Actual Rows": 151055,
                                            "Actual Loops": 1
                                        },
                                        {
                                            "Worker Number": 1,
                                            "Actual Startup Time": 51.476,
                                            "Actual Total Time": 122.116,
                                            "Actual Rows": 149834,
                                            "Actual Loops": 1
                                        },
                                        {
                                            "Worker Number": 2,
                                            "Actual Startup Time": 51.751,
                                            "Actual Total Time": 122.361,
                                            "Actual Rows": 150653,
                                            "Actual Loops": 1
                                        },
                                        {
                                            "Worker Number": 3,
                                            "Actual Startup Time": 51.703,
                                            "Actual Total Time": 122.624,
                                            "Actual Rows": 151080,
                                            "Actual Loops": 1
                                        },
                                        {
                                            "Worker Number": 4,
                                            "Actual Startup Time": 51.977,
                                            "Actual Total Time": 123.802,
                                            "Actual Rows": 122349,
                                            "Actual Loops": 1
                                        }
                                    ],
                                    "Plans": [
                                        {
                                            "Node Type": "Bitmap Index Scan",
                                            "Parent Relationship": "Outer",
                                            "Parallel Aware": false,
                                            "Index Name": "info_type_id_movie_info",
                                            "Startup Cost": 0.0,
                                            "Total Cost": 19756.73,
                                            "Plan Rows": 1104573,
                                            "Plan Width": 0,
                                            "Actual Startup Time": 57.054,
                                            "Actual Total Time": 57.055,
                                            "Actual Rows": 1115380,
                                            "Actual Loops": 1,
                                            "Index Cond": "(mi.info_type_id > 63)"
                                        }
                                    ]
                                }
                            ]
                        }
                    ]
                }
            ]
        },
        "Planning Time": 199.744,
        "Triggers": [],
        "Execution Time": 150.96
    }
]