[
  {
    "Plan": {
      "Node Type": "Aggregate",
      "Strategy": "Plain",
      "Partial Mode": "Finalize",
      "Parallel Aware": false,
      "Startup Cost": 46500.83,
      "Total Cost": 46500.84,
      "Plan Rows": 1,
      "Plan Width": 8,
      "Actual Startup Time": 98.58,
      "Actual Total Time": 111.096,
      "Actual Rows": 1,
      "Actual Loops": 1,
      "Plans": [
        {
          "Node Type": "Gather",
          "Parent Relationship": "Outer",
          "Parallel Aware": false,
          "Startup Cost": 46500.41,
          "Total Cost": 46500.82,
          "Plan Rows": 4,
          "Plan Width": 8,
          "Actual Startup Time": 98.326,
          "Actual Total Time": 111.089,
          "Actual Rows": 5,
          "Actual Loops": 1,
          "Workers Planned": 4,
          "Workers Launched": 4,
          "Single Copy": false,
          "Plans": [
            {
              "Node Type": "Aggregate",
              "Strategy": "Plain",
              "Partial Mode": "Partial",
              "Parent Relationship": "Outer",
              "Parallel Aware": false,
              "Startup Cost": 45500.41,
              "Total Cost": 45500.42,
              "Plan Rows": 1,
              "Plan Width": 8,
              "Actual Startup Time": 89.938,
              "Actual Total Time": 89.939,
              "Actual Rows": 1,
              "Actual Loops": 5,
              "Plans": [
                {
                  "Node Type": "Seq Scan",
                  "Parent Relationship": "Outer",
                  "Parallel Aware": true,
                  "Relation Name": "title",
                  "Alias": "t",
                  "Startup Cost": 0.0,
                  "Total Cost": 45479.1,
                  "Plan Rows": 8525,
                  "Plan Width": 0,
                  "Actual Startup Time": 58.25,
                  "Actual Total Time": 88.527,
                  "Actual Rows": 26063,
                  "Actual Loops": 5,
                  "Filter": "((production_year < 1936) AND (kind_id = 1))",
                  "Rows Removed by Filter": 479600
                }
              ]
            }
          ]
        }
      ]
    },
    "Planning Time": 0.157,
    "Triggers": [],
    "Execution Time": 111.147
  }
]