[
  {
    "Plan": {
      "Node Type": "Aggregate",
      "Strategy": "Plain",
      "Partial Mode": "Finalize",
      "Parallel Aware": false,
      "Startup Cost": 32981.66,
      "Total Cost": 32981.67,
      "Plan Rows": 1,
      "Plan Width": 8,
      "Actual Startup Time": 107.176,
      "Actual Total Time": 112.983,
      "Actual Rows": 1,
      "Actual Loops": 1,
      "Plans": [
        {
          "Node Type": "Gather",
          "Parent Relationship": "Outer",
          "Parallel Aware": false,
          "Startup Cost": 32981.34,
          "Total Cost": 32981.65,
          "Plan Rows": 3,
          "Plan Width": 8,
          "Actual Startup Time": 107.069,
          "Actual Total Time": 112.974,
          "Actual Rows": 4,
          "Actual Loops": 1,
          "Workers Planned": 3,
          "Workers Launched": 3,
          "Single Copy": false,
          "Plans": [
            {
              "Node Type": "Aggregate",
              "Strategy": "Plain",
              "Partial Mode": "Partial",
              "Parent Relationship": "Outer",
              "Parallel Aware": false,
              "Startup Cost": 31981.34,
              "Total Cost": 31981.35,
              "Plan Rows": 1,
              "Plan Width": 8,
              "Actual Startup Time": 100.492,
              "Actual Total Time": 100.493,
              "Actual Rows": 1,
              "Actual Loops": 4,
              "Plans": [
                {
                  "Node Type": "Seq Scan",
                  "Parent Relationship": "Outer",
                  "Parallel Aware": true,
                  "Relation Name": "movie_companies",
                  "Alias": "mc",
                  "Startup Cost": 0.0,
                  "Total Cost": 31414.82,
                  "Plan Rows": 226610,
                  "Plan Width": 0,
                  "Actual Startup Time": 0.031,
                  "Actual Total Time": 85.452,
                  "Actual Rows": 245826,
                  "Actual Loops": 4,
                  "Filter": "((company_id < 12929) AND (company_type_id < 2))",
                  "Rows Removed by Filter": 406456
                }
              ]
            }
          ]
        }
      ]
    },
    "Planning Time": 0.224,
    "Triggers": [],
    "Execution Time": 113.048
  }
]