{
  "Plan": {
    "Node Type": "Hash Join",
    "Parallel Aware": false,
    "Join Type": "Inner",
    "Startup Cost": 94947.84,
    "Total Cost": 179186.95,
    "Plan Rows": 518519,
    "Plan Width": 4,
    "Actual Startup Time": 1777.052,
    "Actual Total Time": 2709.206,
    "Actual Rows": 521808,
    "Actual Loops": 1,
    "Inner Unique": true,
    "Hash Cond": "(mc.movie_id = t.id)",
    "Plans": [
      {
        "Node Type": "Merge Join",
        "Parent Relationship": "Outer",
        "Parallel Aware": false,
        "Join Type": "Inner",
        "Startup Cost": 2058.38,
        "Total Cost": 84936.38,
        "Plan Rows": 518519,
        "Plan Width": 8,
        "Actual Startup Time": 0.153,
        "Actual Total Time": 496.631,
        "Actual Rows": 521808,
        "Actual Loops": 1,
        "Inner Unique": false,
        "Merge Cond": "(cn.id = mc.company_id)",
        "Plans": [
          {
            "Node Type": "Index Only Scan",
            "Parent Relationship": "Outer",
            "Parallel Aware": false,
            "Scan Direction": "Forward",
            "Index Name": "company_name_pkey",
            "Relation Name": "company_name",
            "Alias": "cn",
            "Startup Cost": 0.42,
            "Total Cost": 11881.93,
            "Plan Rows": 234997,
            "Plan Width": 4,
            "Actual Startup Time": 0.094,
            "Actual Total Time": 3.499,
            "Actual Rows": 476,
            "Actual Loops": 1,
            "Heap Fetches": 476
          },
          {
            "Node Type": "Index Scan",
            "Parent Relationship": "Inner",
            "Parallel Aware": false,
            "Scan Direction": "Forward",
            "Index Name": "company_id_movie_companies",
            "Relation Name": "movie_companies",
            "Alias": "mc",
            "Startup Cost": 0.43,
            "Total Cost": 65993.32,
            "Plan Rows": 518519,
            "Plan Width": 8,
            "Actual Startup Time": 0.046,
            "Actual Total Time": 403.457,
            "Actual Rows": 521808,
            "Actual Loops": 1,
            "Index Cond": "(company_id < 476)",
            "Rows Removed by Index Recheck": 0
          }
        ]
      },
      {
        "Node Type": "Hash",
        "Parent Relationship": "Inner",
        "Parallel Aware": false,
        "Startup Cost": 61283.09,
        "Total Cost": 61283.09,
        "Plan Rows": 2528509,
        "Plan Width": 4,
        "Actual Startup Time": 1738.184,
        "Actual Total Time": 1738.185,
        "Actual Rows": 2528312,
        "Actual Loops": 1,
        "Hash Buckets": 4194304,
        "Original Hash Buckets": 4194304,
        "Hash Batches": 1,
        "Original Hash Batches": 1,
        "Peak Memory Usage": 121654,
        "Plans": [
          {
            "Node Type": "Seq Scan",
            "Parent Relationship": "Outer",
            "Parallel Aware": false,
            "Relation Name": "title",
            "Alias": "t",
            "Startup Cost": 0.0,
            "Total Cost": 61283.09,
            "Plan Rows": 2528509,
            "Plan Width": 4,
            "Actual Startup Time": 0.074,
            "Actual Total Time": 608.935,
            "Actual Rows": 2528312,
            "Actual Loops": 1
          }
        ]
      }
    ]
  },
  "Planning Time": 4.534,
  "Triggers": [],
  "Execution Time": 2740.172
}