{
  "Plan": {
    "Node Type": "Aggregate",
    "Strategy": "Plain",
    "Partial Mode": "Finalize",
    "Parallel Aware": false,
    "Startup Cost": 352667.01,
    "Total Cost": 352667.02,
    "Plan Rows": 1,
    "Plan Width": 8,
    "Actual Startup Time": 2901.186,
    "Actual Total Time": 2964.147,
    "Actual Rows": 1,
    "Actual Loops": 1,
    "Plans": [
      {
        "Node Type": "Gather",
        "Parent Relationship": "Outer",
        "Parallel Aware": false,
        "Startup Cost": 352666.9,
        "Total Cost": 352667.01,
        "Plan Rows": 1,
        "Plan Width": 8,
        "Actual Startup Time": 2899.967,
        "Actual Total Time": 2964.14,
        "Actual Rows": 2,
        "Actual Loops": 1,
        "Workers Planned": 1,
        "Workers Launched": 1,
        "Single Copy": false,
        "Plans": [
          {
            "Node Type": "Aggregate",
            "Strategy": "Plain",
            "Partial Mode": "Partial",
            "Parent Relationship": "Outer",
            "Parallel Aware": false,
            "Startup Cost": 351666.9,
            "Total Cost": 351666.91,
            "Plan Rows": 1,
            "Plan Width": 8,
            "Actual Startup Time": 2893.56,
            "Actual Total Time": 2893.565,
            "Actual Rows": 1,
            "Actual Loops": 2,
            "Plans": [
              {
                "Node Type": "Nested Loop",
                "Parent Relationship": "Outer",
                "Parallel Aware": false,
                "Join Type": "Inner",
                "Startup Cost": 34981.15,
                "Total Cost": 350785.22,
                "Plan Rows": 352672,
                "Plan Width": 0,
                "Actual Startup Time": 150.796,
                "Actual Total Time": 2805.838,
                "Actual Rows": 1984218,
                "Actual Loops": 2,
                "Inner Unique": false,
                "Plans": [
                  {
                    "Node Type": "Hash Join",
                    "Parent Relationship": "Outer",
                    "Parallel Aware": true,
                    "Join Type": "Inner",
                    "Startup Cost": 34980.72,
                    "Total Cost": 95980.3,
                    "Plan Rows": 141792,
                    "Plan Width": 8,
                    "Actual Startup Time": 150.727,
                    "Actual Total Time": 665.419,
                    "Actual Rows": 240296,
                    "Actual Loops": 2,
                    "Inner Unique": false,
                    "Hash Cond": "(t.id = mc.movie_id)",
                    "Plans": [
                      {
                        "Node Type": "Seq Scan",
                        "Parent Relationship": "Outer",
                        "Parallel Aware": true,
                        "Relation Name": "title",
                        "Alias": "t",
                        "Startup Cost": 0.0,
                        "Total Cost": 50870.31,
                        "Plan Rows": 1487231,
                        "Plan Width": 4,
                        "Actual Startup Time": 0.012,
                        "Actual Total Time": 117.041,
                        "Actual Rows": 1264156,
                        "Actual Loops": 2
                      },
                      {
                        "Node Type": "Hash",
                        "Parent Relationship": "Inner",
                        "Parallel Aware": true,
                        "Startup Cost": 33208.32,
                        "Total Cost": 33208.32,
                        "Plan Rows": 141792,
                        "Plan Width": 4,
                        "Actual Startup Time": 135.695,
                        "Actual Total Time": 135.696,
                        "Actual Rows": 240296,
                        "Actual Loops": 2,
                        "Hash Buckets": 524288,
                        "Original Hash Buckets": 262144,
                        "Hash Batches": 1,
                        "Original Hash Batches": 1,
                        "Peak Memory Usage": 24960,
                        "Plans": [
                          {
                            "Node Type": "Bitmap Heap Scan",
                            "Parent Relationship": "Outer",
                            "Parallel Aware": true,
                            "Relation Name": "movie_companies",
                            "Alias": "mc",
                            "Startup Cost": 10229.33,
                            "Total Cost": 33208.32,
                            "Plan Rows": 141792,
                            "Plan Width": 4,
                            "Actual Startup Time": 33.999,
                            "Actual Total Time": 84.959,
                            "Actual Rows": 240296,
                            "Actual Loops": 2,
                            "Recheck Cond": "(company_id > 75184)",
                            "Rows Removed by Index Recheck": 0,
                            "Filter": "(company_type_id > 1)",
                            "Rows Removed by Filter": 0,
                            "Exact Heap Blocks": 4552,
                            "Lossy Heap Blocks": 0,
                            "Plans": [
                              {
                                "Node Type": "Bitmap Index Scan",
                                "Parent Relationship": "Outer",
                                "Parallel Aware": false,
                                "Index Name": "company_id_movie_companies",
                                "Startup Cost": 0.0,
                                "Total Cost": 10169.07,
                                "Plan Rows": 474752,
                                "Plan Width": 0,
                                "Actual Startup Time": 35.581,
                                "Actual Total Time": 35.581,
                                "Actual Rows": 480592,
                                "Actual Loops": 1,
                                "Index Cond": "(company_id > 75184)"
                              }
                            ]
                          }
                        ]
                      }
                    ]
                  },
                  {
                    "Node Type": "Index Scan",
                    "Parent Relationship": "Inner",
                    "Parallel Aware": false,
                    "Scan Direction": "Forward",
                    "Index Name": "movie_id_movie_info",
                    "Relation Name": "movie_info",
                    "Alias": "mi",
                    "Startup Cost": 0.43,
                    "Total Cost": 1.62,
                    "Plan Rows": 18,
                    "Plan Width": 4,
                    "Actual Startup Time": 0.004,
                    "Actual Total Time": 0.008,
                    "Actual Rows": 8,
                    "Actual Loops": 480592,
                    "Index Cond": "(movie_id = t.id)",
                    "Rows Removed by Index Recheck": 0,
                    "Filter": "(info_type_id > 8)",
                    "Rows Removed by Filter": 8
                  }
                ]
              }
            ]
          }
        ]
      }
    ]
  },
  "Planning Time": 1.004,
  "Triggers": [],
  "Execution Time": 2964.275
}