{
    "Plan": {
        "Node Type": "Aggregate",
        "Strategy": "Plain",
        "Partial Mode": "Finalize",
        "Parallel Aware": false,
        "Startup Cost": 298603.53,
        "Total Cost": 298603.54,
        "Plan Rows": 1,
        "Plan Width": 8,
        "Actual Startup Time": 2579.731,
        "Actual Total Time": 2635.211,
        "Actual Rows": 1,
        "Actual Loops": 1,
        "Output": [
            "count(*)"
        ],
        "Plans": [
            {
                "Node Type": "Gather",
                "Parent Relationship": "Outer",
                "Parallel Aware": false,
                "Startup Cost": 298603.21,
                "Total Cost": 298603.52,
                "Plan Rows": 3,
                "Plan Width": 8,
                "Actual Startup Time": 2574.535,
                "Actual Total Time": 2635.202,
                "Actual Rows": 4,
                "Actual Loops": 1,
                "Output": [
                    "(PARTIAL count(*))"
                ],
                "Workers Planned": 3,
                "Workers Launched": 3,
                "Single Copy": false,
                "Plans": [
                    {
                        "Node Type": "Aggregate",
                        "Strategy": "Plain",
                        "Partial Mode": "Partial",
                        "Parent Relationship": "Outer",
                        "Parallel Aware": false,
                        "Startup Cost": 297603.21,
                        "Total Cost": 297603.22,
                        "Plan Rows": 1,
                        "Plan Width": 8,
                        "Actual Startup Time": 2563.34,
                        "Actual Total Time": 2563.346,
                        "Actual Rows": 1,
                        "Actual Loops": 4,
                        "Output": [
                            "PARTIAL count(*)"
                        ],
                        "Workers": [
                            {
                                "Worker Number": 0,
                                "Actual Startup Time": 2559.845,
                                "Actual Total Time": 2559.85,
                                "Actual Rows": 1,
                                "Actual Loops": 1
                            },
                            {
                                "Worker Number": 1,
                                "Actual Startup Time": 2559.995,
                                "Actual Total Time": 2559.999,
                                "Actual Rows": 1,
                                "Actual Loops": 1
                            },
                            {
                                "Worker Number": 2,
                                "Actual Startup Time": 2559.81,
                                "Actual Total Time": 2559.815,
                                "Actual Rows": 1,
                                "Actual Loops": 1
                            }
                        ],
                        "Plans": [
                            {
                                "Node Type": "Hash Join",
                                "Parent Relationship": "Outer",
                                "Parallel Aware": true,
                                "Join Type": "Inner",
                                "Startup Cost": 250188.54,
                                "Total Cost": 296901.13,
                                "Plan Rows": 280832,
                                "Plan Width": 0,
                                "Actual Startup Time": 838.56,
                                "Actual Total Time": 2001.17,
                                "Actual Rows": 13695701,
                                "Actual Loops": 4,
                                "Inner Unique": false,
                                "Hash Cond": "(mk.movie_id = t.id)",
                                "Workers": [
                                    {
                                        "Worker Number": 0,
                                        "Actual Startup Time": 835.748,
                                        "Actual Total Time": 1997.932,
                                        "Actual Rows": 13589003,
                                        "Actual Loops": 1
                                    },
                                    {
                                        "Worker Number": 1,
                                        "Actual Startup Time": 835.751,
                                        "Actual Total Time": 2003.978,
                                        "Actual Rows": 13287512,
                                        "Actual Loops": 1
                                    },
                                    {
                                        "Worker Number": 2,
                                        "Actual Startup Time": 835.736,
                                        "Actual Total Time": 2001.719,
                                        "Actual Rows": 14121173,
                                        "Actual Loops": 1
                                    }
                                ],
                                "Plans": [
                                    {
                                        "Node Type": "Seq Scan",
                                        "Parent Relationship": "Outer",
                                        "Parallel Aware": true,
                                        "Relation Name": "movie_keyword",
                                        "Schema": "public",
                                        "Alias": "mk",
                                        "Startup Cost": 0.0,
                                        "Total Cost": 42695.65,
                                        "Plan Rows": 921408,
                                        "Plan Width": 4,
                                        "Actual Startup Time": 0.139,
                                        "Actual Total Time": 123.894,
                                        "Actual Rows": 713627,
                                        "Actual Loops": 4,
                                        "Output": [
                                            "mk.id",
                                            "mk.movie_id",
                                            "mk.keyword_id"
                                        ],
                                        "Filter": "(mk.keyword_id > 2555)",
                                        "Rows Removed by Filter": 417355,
                                        "Workers": [
                                            {
                                                "Worker Number": 0,
                                                "Actual Startup Time": 0.156,
                                                "Actual Total Time": 124.673,
                                                "Actual Rows": 674166,
                                                "Actual Loops": 1
                                            },
                                            {
                                                "Worker Number": 1,
                                                "Actual Startup Time": 0.191,
                                                "Actual Total Time": 132.321,
                                                "Actual Rows": 710775,
                                                "Actual Loops": 1
                                            },
                                            {
                                                "Worker Number": 2,
                                                "Actual Startup Time": 0.159,
                                                "Actual Total Time": 132.109,
                                                "Actual Rows": 742047,
                                                "Actual Loops": 1
                                            }
                                        ]
                                    },
                                    {
                                        "Node Type": "Hash",
                                        "Parent Relationship": "Inner",
                                        "Parallel Aware": true,
                                        "Startup Cost": 248262.05,
                                        "Total Cost": 248262.05,
                                        "Plan Rows": 154119,
                                        "Plan Width": 8,
                                        "Actual Startup Time": 833.571,
                                        "Actual Total Time": 833.575,
                                        "Actual Rows": 433957,
                                        "Actual Loops": 4,
                                        "Output": [
                                            "t.id",
                                            "mi.movie_id"
                                        ],
                                        "Hash Buckets": 2097152,
                                        "Original Hash Buckets": 1048576,
                                        "Hash Batches": 1,
                                        "Original Hash Batches": 1,
                                        "Peak Memory Usage": 92512,
                                        "Workers": [
                                            {
                                                "Worker Number": 0,
                                                "Actual Startup Time": 834.957,
                                                "Actual Total Time": 834.96,
                                                "Actual Rows": 452329,
                                                "Actual Loops": 1
                                            },
                                            {
                                                "Worker Number": 1,
                                                "Actual Startup Time": 834.978,
                                                "Actual Total Time": 834.981,
                                                "Actual Rows": 397155,
                                                "Actual Loops": 1
                                            },
                                            {
                                                "Worker Number": 2,
                                                "Actual Startup Time": 834.957,
                                                "Actual Total Time": 834.96,
                                                "Actual Rows": 451223,
                                                "Actual Loops": 1
                                            }
                                        ],
                                        "Plans": [
                                            {
                                                "Node Type": "Hash Join",
                                                "Parent Relationship": "Outer",
                                                "Parallel Aware": true,
                                                "Join Type": "Inner",
                                                "Startup Cost": 48211.38,
                                                "Total Cost": 248262.05,
                                                "Plan Rows": 154119,
                                                "Plan Width": 8,
                                                "Actual Startup Time": 206.062,
                                                "Actual Total Time": 703.494,
                                                "Actual Rows": 433957,
                                                "Actual Loops": 4,
                                                "Output": [
                                                    "t.id",
                                                    "mi.movie_id"
                                                ],
                                                "Inner Unique": true,
                                                "Hash Cond": "(mi.movie_id = t.id)",
                                                "Workers": [
                                                    {
                                                        "Worker Number": 0,
                                                        "Actual Startup Time": 206.059,
                                                        "Actual Total Time": 704.049,
                                                        "Actual Rows": 452329,
                                                        "Actual Loops": 1
                                                    },
                                                    {
                                                        "Worker Number": 1,
                                                        "Actual Startup Time": 206.035,
                                                        "Actual Total Time": 705.024,
                                                        "Actual Rows": 397155,
                                                        "Actual Loops": 1
                                                    },
                                                    {
                                                        "Worker Number": 2,
                                                        "Actual Startup Time": 206.009,
                                                        "Actual Total Time": 703.404,
                                                        "Actual Rows": 451223,
                                                        "Actual Loops": 1
                                                    }
                                                ],
                                                "Plans": [
                                                    {
                                                        "Node Type": "Seq Scan",
                                                        "Parent Relationship": "Outer",
                                                        "Parallel Aware": true,
                                                        "Relation Name": "movie_info",
                                                        "Schema": "public",
                                                        "Alias": "mi",
                                                        "Startup Cost": 0.0,
                                                        "Total Cost": 198880.74,
                                                        "Plan Rows": 445687,
                                                        "Plan Width": 4,
                                                        "Actual Startup Time": 20.754,
                                                        "Actual Total Time": 369.465,
                                                        "Actual Rows": 558462,
                                                        "Actual Loops": 4,
                                                        "Output": [
                                                            "mi.id",
                                                            "mi.movie_id",
                                                            "mi.info_type_id",
                                                            "mi.info",
                                                            "mi.note"
                                                        ],
                                                        "Filter": "(mi.info_type_id > 16)",
                                                        "Rows Removed by Filter": 3150468,
                                                        "Workers": [
                                                            {
                                                                "Worker Number": 0,
                                                                "Actual Startup Time": 20.736,
                                                                "Actual Total Time": 374.26,
                                                                "Actual Rows": 575948,
                                                                "Actual Loops": 1
                                                            },
                                                            {
                                                                "Worker Number": 1,
                                                                "Actual Startup Time": 20.771,
                                                                "Actual Total Time": 375.341,
                                                                "Actual Rows": 519051,
                                                                "Actual Loops": 1
                                                            },
                                                            {
                                                                "Worker Number": 2,
                                                                "Actual Startup Time": 20.755,
                                                                "Actual Total Time": 374.272,
                                                                "Actual Rows": 574644,
                                                                "Actual Loops": 1
                                                            }
                                                        ]
                                                    },
                                                    {
                                                        "Node Type": "Hash",
                                                        "Parent Relationship": "Inner",
                                                        "Parallel Aware": true,
                                                        "Startup Cost": 45479.21,
                                                        "Total Cost": 45479.21,
                                                        "Plan Rows": 218574,
                                                        "Plan Width": 4,
                                                        "Actual Startup Time": 182.783,
                                                        "Actual Total Time": 182.784,
                                                        "Actual Rows": 224197,
                                                        "Actual Loops": 4,
                                                        "Output": [
                                                            "t.id"
                                                        ],
                                                        "Hash Buckets": 1048576,
                                                        "Original Hash Buckets": 1048576,
                                                        "Hash Batches": 1,
                                                        "Original Hash Batches": 1,
                                                        "Peak Memory Usage": 43328,
                                                        "Workers": [
                                                            {
                                                                "Worker Number": 0,
                                                                "Actual Startup Time": 185.191,
                                                                "Actual Total Time": 185.192,
                                                                "Actual Rows": 220800,
                                                                "Actual Loops": 1
                                                            },
                                                            {
                                                                "Worker Number": 1,
                                                                "Actual Startup Time": 185.2,
                                                                "Actual Total Time": 185.201,
                                                                "Actual Rows": 219090,
                                                                "Actual Loops": 1
                                                            },
                                                            {
                                                                "Worker Number": 2,
                                                                "Actual Startup Time": 185.186,
                                                                "Actual Total Time": 185.187,
                                                                "Actual Rows": 220920,
                                                                "Actual Loops": 1
                                                            }
                                                        ],
                                                        "Plans": [
                                                            {
                                                                "Node Type": "Seq Scan",
                                                                "Parent Relationship": "Outer",
                                                                "Parallel Aware": true,
                                                                "Relation Name": "title",
                                                                "Schema": "public",
                                                                "Alias": "t",
                                                                "Startup Cost": 0.0,
                                                                "Total Cost": 45479.21,
                                                                "Plan Rows": 218574,
                                                                "Plan Width": 4,
                                                                "Actual Startup Time": 0.072,
                                                                "Actual Total Time": 106.57,
                                                                "Actual Rows": 224197,
                                                                "Actual Loops": 4,
                                                                "Output": [
                                                                    "t.id"
                                                                ],
                                                                "Filter": "((t.kind_id < 7) AND (t.production_year < 2012))",
                                                                "Rows Removed by Filter": 407881,
                                                                "Workers": [
                                                                    {
                                                                        "Worker Number": 0,
                                                                        "Actual Startup Time": 0.091,
                                                                        "Actual Total Time": 108.094,
                                                                        "Actual Rows": 220800,
                                                                        "Actual Loops": 1
                                                                    },
                                                                    {
                                                                        "Worker Number": 1,
                                                                        "Actual Startup Time": 0.088,
                                                                        "Actual Total Time": 107.787,
                                                                        "Actual Rows": 219090,
                                                                        "Actual Loops": 1
                                                                    },
                                                                    {
                                                                        "Worker Number": 2,
                                                                        "Actual Startup Time": 0.087,
                                                                        "Actual Total Time": 108.066,
                                                                        "Actual Rows": 220920,
                                                                        "Actual Loops": 1
                                                                    }
                                                                ]
                                                            }
                                                        ]
                                                    }
                                                ]
                                            }
                                        ]
                                    }
                                ]
                            }
                        ]
                    }
                ]
            }
        ]
    },
    "Planning Time": 1.613,
    "Triggers": [],
    "Execution Time": 2635.337
}