{
  "Plan": {
    "Node Type": "Aggregate",
    "Strategy": "Plain",
    "Partial Mode": "Finalize",
    "Parallel Aware": false,
    "Startup Cost": 104332.19,
    "Total Cost": 104332.2,
    "Plan Rows": 1,
    "Plan Width": 8,
    "Actual Startup Time": 694.206,
    "Actual Total Time": 704.99,
    "Actual Rows": 1,
    "Actual Loops": 1,
    "Plans": [
      {
        "Node Type": "Gather",
        "Parent Relationship": "Outer",
        "Parallel Aware": false,
        "Startup Cost": 104332.07,
        "Total Cost": 104332.18,
        "Plan Rows": 1,
        "Plan Width": 8,
        "Actual Startup Time": 692.453,
        "Actual Total Time": 704.979,
        "Actual Rows": 2,
        "Actual Loops": 1,
        "Workers Planned": 1,
        "Workers Launched": 1,
        "Single Copy": false,
        "Plans": [
          {
            "Node Type": "Aggregate",
            "Strategy": "Plain",
            "Partial Mode": "Partial",
            "Parent Relationship": "Outer",
            "Parallel Aware": false,
            "Startup Cost": 103332.07,
            "Total Cost": 103332.08,
            "Plan Rows": 1,
            "Plan Width": 8,
            "Actual Startup Time": 686.099,
            "Actual Total Time": 686.104,
            "Actual Rows": 1,
            "Actual Loops": 2,
            "Plans": [
              {
                "Node Type": "Hash Join",
                "Parent Relationship": "Outer",
                "Parallel Aware": true,
                "Join Type": "Inner",
                "Startup Cost": 41499.39,
                "Total Cost": 102834.85,
                "Plan Rows": 198891,
                "Plan Width": 0,
                "Actual Startup Time": 233.402,
                "Actual Total Time": 672.448,
                "Actual Rows": 325580,
                "Actual Loops": 2,
                "Inner Unique": false,
                "Hash Cond": "(t.id = mc.movie_id)",
                "Plans": [
                  {
                    "Node Type": "Seq Scan",
                    "Parent Relationship": "Outer",
                    "Parallel Aware": true,
                    "Relation Name": "title",
                    "Alias": "t",
                    "Startup Cost": 0.0,
                    "Total Cost": 50870.31,
                    "Plan Rows": 1487231,
                    "Plan Width": 4,
                    "Actual Startup Time": 0.013,
                    "Actual Total Time": 122.784,
                    "Actual Rows": 1264156,
                    "Actual Loops": 2
                  },
                  {
                    "Node Type": "Hash",
                    "Parent Relationship": "Inner",
                    "Parallel Aware": true,
                    "Startup Cost": 39013.25,
                    "Total Cost": 39013.25,
                    "Plan Rows": 198891,
                    "Plan Width": 4,
                    "Actual Startup Time": 227.968,
                    "Actual Total Time": 227.969,
                    "Actual Rows": 325580,
                    "Actual Loops": 2,
                    "Hash Buckets": 1048576,
                    "Original Hash Buckets": 524288,
                    "Hash Batches": 1,
                    "Original Hash Batches": 1,
                    "Peak Memory Usage": 37824,
                    "Plans": [
                      {
                        "Node Type": "Bitmap Heap Scan",
                        "Parent Relationship": "Outer",
                        "Parallel Aware": true,
                        "Relation Name": "movie_companies",
                        "Alias": "mc",
                        "Startup Cost": 14347.42,
                        "Total Cost": 39013.25,
                        "Plan Rows": 198891,
                        "Plan Width": 4,
                        "Actual Startup Time": 71.576,
                        "Actual Total Time": 132.906,
                        "Actual Rows": 325580,
                        "Actual Loops": 2,
                        "Recheck Cond": "(company_id > 48992)",
                        "Rows Removed by Index Recheck": 0,
                        "Filter": "(company_type_id > 1)",
                        "Rows Removed by Filter": 14024,
                        "Exact Heap Blocks": 8170,
                        "Lossy Heap Blocks": 0,
                        "Plans": [
                          {
                            "Node Type": "Bitmap Index Scan",
                            "Parent Relationship": "Outer",
                            "Parallel Aware": false,
                            "Index Name": "company_id_movie_companies",
                            "Startup Cost": 0.0,
                            "Total Cost": 14262.89,
                            "Plan Rows": 665928,
                            "Plan Width": 0,
                            "Actual Startup Time": 59.457,
                            "Actual Total Time": 59.457,
                            "Actual Rows": 679209,
                            "Actual Loops": 1,
                            "Index Cond": "(company_id > 48992)"
                          }
                        ]
                      }
                    ]
                  }
                ]
              }
            ]
          }
        ]
      }
    ]
  },
  "Planning Time": 0.773,
  "Triggers": [],
  "Execution Time": 705.084
}