[
  {
    "Plan": {
      "Node Type": "Aggregate",
      "Strategy": "Plain",
      "Partial Mode": "Finalize",
      "Parallel Aware": false,
      "Startup Cost": 429913.6,
      "Total Cost": 429913.61,
      "Plan Rows": 1,
      "Plan Width": 8,
      "Actual Startup Time": 2660.23,
      "Actual Total Time": 2724.904,
      "Actual Rows": 1,
      "Actual Loops": 1,
      "Plans": [
        {
          "Node Type": "Gather",
          "Parent Relationship": "Outer",
          "Parallel Aware": false,
          "Startup Cost": 429912.97,
          "Total Cost": 429913.58,
          "Plan Rows": 6,
          "Plan Width": 8,
          "Actual Startup Time": 2652.698,
          "Actual Total Time": 2724.892,
          "Actual Rows": 7,
          "Actual Loops": 1,
          "Workers Planned": 6,
          "Workers Launched": 6,
          "Single Copy": false,
          "Plans": [
            {
              "Node Type": "Aggregate",
              "Strategy": "Plain",
              "Partial Mode": "Partial",
              "Parent Relationship": "Outer",
              "Parallel Aware": false,
              "Startup Cost": 428912.97,
              "Total Cost": 428912.98,
              "Plan Rows": 1,
              "Plan Width": 8,
              "Actual Startup Time": 2641.322,
              "Actual Total Time": 2641.518,
              "Actual Rows": 1,
              "Actual Loops": 7,
              "Plans": [
                {
                  "Node Type": "Hash Join",
                  "Parent Relationship": "Outer",
                  "Parallel Aware": true,
                  "Join Type": "Inner",
                  "Startup Cost": 82156.99,
                  "Total Cost": 423389.74,
                  "Plan Rows": 2209294,
                  "Plan Width": 0,
                  "Actual Startup Time": 367.697,
                  "Actual Total Time": 2494.47,
                  "Actual Rows": 3452950,
                  "Actual Loops": 7,
                  "Inner Unique": false,
                  "Hash Cond": "(ci.movie_id = t.id)",
                  "Plans": [
                    {
                      "Node Type": "Seq Scan",
                      "Parent Relationship": "Outer",
                      "Parallel Aware": true,
                      "Relation Name": "cast_info",
                      "Alias": "ci",
                      "Startup Cost": 0.0,
                      "Total Cost": 313067.02,
                      "Plan Rows": 6038002,
                      "Plan Width": 4,
                      "Actual Startup Time": 0.027,
                      "Actual Total Time": 536.142,
                      "Actual Rows": 5177763,
                      "Actual Loops": 7
                    },
                    {
                      "Node Type": "Hash",
                      "Parent Relationship": "Inner",
                      "Parallel Aware": true,
                      "Startup Cost": 79266.07,
                      "Total Cost": 79266.07,
                      "Plan Rows": 231274,
                      "Plan Width": 8,
                      "Actual Startup Time": 364.188,
                      "Actual Total Time": 364.384,
                      "Actual Rows": 133900,
                      "Actual Loops": 7,
                      "Hash Buckets": 1048576,
                      "Original Hash Buckets": 1048576,
                      "Hash Batches": 1,
                      "Original Hash Batches": 1,
                      "Peak Memory Usage": 44992,
                      "Plans": [
                        {
                          "Node Type": "Hash Join",
                          "Parent Relationship": "Outer",
                          "Parallel Aware": true,
                          "Join Type": "Inner",
                          "Startup Cost": 33040.92,
                          "Total Cost": 79266.07,
                          "Plan Rows": 231274,
                          "Plan Width": 8,
                          "Actual Startup Time": 122.232,
                          "Actual Total Time": 311.799,
                          "Actual Rows": 133900,
                          "Actual Loops": 7,
                          "Inner Unique": false,
                          "Hash Cond": "(t.id = mc.movie_id)",
                          "Plans": [
                            {
                              "Node Type": "Seq Scan",
                              "Parent Relationship": "Outer",
                              "Parallel Aware": true,
                              "Relation Name": "title",
                              "Alias": "t",
                              "Startup Cost": 0.0,
                              "Total Cost": 42318.73,
                              "Plan Rows": 632073,
                              "Plan Width": 4,
                              "Actual Startup Time": 0.011,
                              "Actual Total Time": 56.613,
                              "Actual Rows": 361187,
                              "Actual Loops": 7
                            },
                            {
                              "Node Type": "Hash",
                              "Parent Relationship": "Inner",
                              "Parallel Aware": true,
                              "Startup Cost": 29310.68,
                              "Total Cost": 29310.68,
                              "Plan Rows": 298419,
                              "Plan Width": 4,
                              "Actual Startup Time": 120.662,
                              "Actual Total Time": 120.663,
                              "Actual Rows": 133900,
                              "Actual Loops": 7,
                              "Hash Buckets": 1048576,
                              "Original Hash Buckets": 1048576,
                              "Hash Batches": 1,
                              "Original Hash Batches": 1,
                              "Peak Memory Usage": 44960,
                              "Plans": [
                                {
                                  "Node Type": "Seq Scan",
                                  "Parent Relationship": "Outer",
                                  "Parallel Aware": true,
                                  "Relation Name": "movie_companies",
                                  "Alias": "mc",
                                  "Startup Cost": 0.0,
                                  "Total Cost": 29310.68,
                                  "Plan Rows": 298419,
                                  "Plan Width": 4,
                                  "Actual Startup Time": 17.076,
                                  "Actual Total Time": 62.36,
                                  "Actual Rows": 133900,
                                  "Actual Loops": 7,
                                  "Filter": "(company_id > 19176)",
                                  "Rows Removed by Filter": 238833
                                }
                              ]
                            }
                          ]
                        }
                      ]
                    }
                  ]
                }
              ]
            }
          ]
        }
      ]
    },
    "Planning Time": 1.399,
    "Triggers": [],
    "Execution Time": 2725.007
  }
]