{
  "Plan": {
    "Node Type": "Aggregate",
    "Strategy": "Plain",
    "Partial Mode": "Finalize",
    "Parallel Aware": false,
    "Startup Cost": 522004.67,
    "Total Cost": 522004.68,
    "Plan Rows": 1,
    "Plan Width": 8,
    "Actual Startup Time": 1981.747,
    "Actual Total Time": 2044.212,
    "Actual Rows": 1,
    "Actual Loops": 1,
    "Plans": [
      {
        "Node Type": "Gather",
        "Parent Relationship": "Outer",
        "Parallel Aware": false,
        "Startup Cost": 522004.55,
        "Total Cost": 522004.66,
        "Plan Rows": 1,
        "Plan Width": 8,
        "Actual Startup Time": 1981.491,
        "Actual Total Time": 2044.205,
        "Actual Rows": 2,
        "Actual Loops": 1,
        "Workers Planned": 1,
        "Workers Launched": 1,
        "Single Copy": false,
        "Plans": [
          {
            "Node Type": "Aggregate",
            "Strategy": "Plain",
            "Partial Mode": "Partial",
            "Parent Relationship": "Outer",
            "Parallel Aware": false,
            "Startup Cost": 521004.55,
            "Total Cost": 521004.56,
            "Plan Rows": 1,
            "Plan Width": 8,
            "Actual Startup Time": 1977.216,
            "Actual Total Time": 1977.219,
            "Actual Rows": 1,
            "Actual Loops": 2,
            "Plans": [
              {
                "Node Type": "Nested Loop",
                "Parent Relationship": "Outer",
                "Parallel Aware": false,
                "Join Type": "Inner",
                "Startup Cost": 58970.19,
                "Total Cost": 519866.82,
                "Plan Rows": 455095,
                "Plan Width": 0,
                "Actual Startup Time": 164.323,
                "Actual Total Time": 1936.004,
                "Actual Rows": 800432,
                "Actual Loops": 2,
                "Inner Unique": false,
                "Join Filter": "(t.id = mi.movie_id)",
                "Rows Removed by Join Filter": 0,
                "Plans": [
                  {
                    "Node Type": "Hash Join",
                    "Parent Relationship": "Outer",
                    "Parallel Aware": true,
                    "Join Type": "Inner",
                    "Startup Cost": 58969.76,
                    "Total Cost": 369810.93,
                    "Plan Rows": 77830,
                    "Plan Width": 8,
                    "Actual Startup Time": 164.243,
                    "Actual Total Time": 1057.307,
                    "Actual Rows": 42500,
                    "Actual Loops": 2,
                    "Inner Unique": true,
                    "Hash Cond": "(ci.movie_id = t.id)",
                    "Plans": [
                      {
                        "Node Type": "Index Scan",
                        "Parent Relationship": "Outer",
                        "Parallel Aware": true,
                        "Scan Direction": "Forward",
                        "Index Name": "role_id_cast_info",
                        "Relation Name": "cast_info",
                        "Alias": "ci",
                        "Startup Cost": 0.56,
                        "Total Cost": 305110.75,
                        "Plan Rows": 2183228,
                        "Plan Width": 4,
                        "Actual Startup Time": 0.076,
                        "Actual Total Time": 705.768,
                        "Actual Rows": 934097,
                        "Actual Loops": 2,
                        "Index Cond": "(role_id > 4)",
                        "Rows Removed by Index Recheck": 0,
                        "Filter": "(person_id < 1394316)",
                        "Rows Removed by Filter": 3758254
                      },
                      {
                        "Node Type": "Hash",
                        "Parent Relationship": "Inner",
                        "Parallel Aware": true,
                        "Startup Cost": 58306.47,
                        "Total Cost": 58306.47,
                        "Plan Rows": 53018,
                        "Plan Width": 4,
                        "Actual Startup Time": 162.465,
                        "Actual Total Time": 162.466,
                        "Actual Rows": 40495,
                        "Actual Loops": 2,
                        "Hash Buckets": 131072,
                        "Original Hash Buckets": 131072,
                        "Hash Batches": 1,
                        "Original Hash Batches": 1,
                        "Peak Memory Usage": 4224,
                        "Plans": [
                          {
                            "Node Type": "Seq Scan",
                            "Parent Relationship": "Outer",
                            "Parallel Aware": true,
                            "Relation Name": "title",
                            "Alias": "t",
                            "Startup Cost": 0.0,
                            "Total Cost": 58306.47,
                            "Plan Rows": 53018,
                            "Plan Width": 4,
                            "Actual Startup Time": 0.076,
                            "Actual Total Time": 150.68,
                            "Actual Rows": 40495,
                            "Actual Loops": 2,
                            "Filter": "((kind_id < 7) AND (production_year > 2011))",
                            "Rows Removed by Filter": 1223661
                          }
                        ]
                      }
                    ]
                  },
                  {
                    "Node Type": "Index Only Scan",
                    "Parent Relationship": "Inner",
                    "Parallel Aware": false,
                    "Scan Direction": "Forward",
                    "Index Name": "movie_id_movie_info",
                    "Relation Name": "movie_info",
                    "Alias": "mi",
                    "Startup Cost": 0.43,
                    "Total Cost": 1.4,
                    "Plan Rows": 42,
                    "Plan Width": 4,
                    "Actual Startup Time": 0.007,
                    "Actual Total Time": 0.019,
                    "Actual Rows": 19,
                    "Actual Loops": 84999,
                    "Index Cond": "(movie_id = ci.movie_id)",
                    "Rows Removed by Index Recheck": 0,
                    "Heap Fetches": 1600863
                  }
                ]
              }
            ]
          }
        ]
      }
    ]
  },
  "Planning Time": 0.936,
  "Triggers": [],
  "Execution Time": 2044.312
}