{
  "Plan": {
    "Node Type": "Aggregate",
    "Strategy": "Plain",
    "Partial Mode": "Finalize",
    "Parallel Aware": false,
    "Startup Cost": 448567.73,
    "Total Cost": 448567.74,
    "Plan Rows": 1,
    "Plan Width": 8,
    "Actual Startup Time": 1884.288,
    "Actual Total Time": 1904.442,
    "Actual Rows": 1,
    "Actual Loops": 1,
    "Plans": [
      {
        "Node Type": "Gather",
        "Parent Relationship": "Outer",
        "Parallel Aware": false,
        "Startup Cost": 448567.62,
        "Total Cost": 448567.73,
        "Plan Rows": 1,
        "Plan Width": 8,
        "Actual Startup Time": 1594.122,
        "Actual Total Time": 1904.427,
        "Actual Rows": 2,
        "Actual Loops": 1,
        "Workers Planned": 1,
        "Workers Launched": 1,
        "Single Copy": false,
        "Plans": [
          {
            "Node Type": "Aggregate",
            "Strategy": "Plain",
            "Partial Mode": "Partial",
            "Parent Relationship": "Outer",
            "Parallel Aware": false,
            "Startup Cost": 447567.62,
            "Total Cost": 447567.63,
            "Plan Rows": 1,
            "Plan Width": 8,
            "Actual Startup Time": 1730.858,
            "Actual Total Time": 1730.865,
            "Actual Rows": 1,
            "Actual Loops": 2,
            "Plans": [
              {
                "Node Type": "Merge Join",
                "Parent Relationship": "Outer",
                "Parallel Aware": false,
                "Join Type": "Inner",
                "Startup Cost": 297913.42,
                "Total Cost": 445577.37,
                "Plan Rows": 796101,
                "Plan Width": 0,
                "Actual Startup Time": 1506.865,
                "Actual Total Time": 1712.818,
                "Actual Rows": 473130,
                "Actual Loops": 2,
                "Inner Unique": false,
                "Merge Cond": "(mc.movie_id = t.id)",
                "Plans": [
                  {
                    "Node Type": "Index Only Scan",
                    "Parent Relationship": "Outer",
                    "Parallel Aware": true,
                    "Scan Direction": "Forward",
                    "Index Name": "movie_id_movie_companies",
                    "Relation Name": "movie_companies",
                    "Alias": "mc",
                    "Startup Cost": 0.43,
                    "Total Cost": 129315.97,
                    "Plan Rows": 1534782,
                    "Plan Width": 4,
                    "Actual Startup Time": 0.116,
                    "Actual Total Time": 102.285,
                    "Actual Rows": 455662,
                    "Actual Loops": 2,
                    "Heap Fetches": 911325
                  },
                  {
                    "Node Type": "Sort",
                    "Parent Relationship": "Inner",
                    "Parallel Aware": false,
                    "Startup Cost": 297912.86,
                    "Total Cost": 301191.46,
                    "Plan Rows": 1311441,
                    "Plan Width": 8,
                    "Actual Startup Time": 1506.692,
                    "Actual Total Time": 1533.989,
                    "Actual Rows": 705126,
                    "Actual Loops": 2,
                    "Sort Key": [
                      "t.id"
                    ],
                    "Sort Method": "quicksort",
                    "Sort Space Used": 27695,
                    "Sort Space Type": "Memory",
                    "Workers": [
                      {
                        "Worker Number": 0,
                        "Sort Method": "quicksort",
                        "Sort Space Used": 27695,
                        "Sort Space Type": "Memory"
                      }
                    ],
                    "Plans": [
                      {
                        "Node Type": "Hash Join",
                        "Parent Relationship": "Outer",
                        "Parallel Aware": false,
                        "Join Type": "Inner",
                        "Startup Cost": 83083.97,
                        "Total Cost": 164652.61,
                        "Plan Rows": 1311441,
                        "Plan Width": 8,
                        "Actual Startup Time": 547.266,
                        "Actual Total Time": 1427.612,
                        "Actual Rows": 328672,
                        "Actual Loops": 2,
                        "Inner Unique": true,
                        "Hash Cond": "(mk.movie_id = t.id)",
                        "Plans": [
                          {
                            "Node Type": "Seq Scan",
                            "Parent Relationship": "Outer",
                            "Parallel Aware": false,
                            "Relation Name": "movie_keyword",
                            "Alias": "mk",
                            "Startup Cost": 0.0,
                            "Total Cost": 69693.3,
                            "Plan Rows": 4523930,
                            "Plan Width": 4,
                            "Actual Startup Time": 0.037,
                            "Actual Total Time": 369.688,
                            "Actual Rows": 4523930,
                            "Actual Loops": 2
                          },
                          {
                            "Node Type": "Hash",
                            "Parent Relationship": "Inner",
                            "Parallel Aware": false,
                            "Startup Cost": 73922.39,
                            "Total Cost": 73922.39,
                            "Plan Rows": 732926,
                            "Plan Width": 4,
                            "Actual Startup Time": 540.445,
                            "Actual Total Time": 540.446,
                            "Actual Rows": 796159,
                            "Actual Loops": 2,
                            "Hash Buckets": 1048576,
                            "Original Hash Buckets": 1048576,
                            "Hash Batches": 1,
                            "Original Hash Batches": 1,
                            "Peak Memory Usage": 36182,
                            "Plans": [
                              {
                                "Node Type": "Seq Scan",
                                "Parent Relationship": "Outer",
                                "Parallel Aware": false,
                                "Relation Name": "title",
                                "Alias": "t",
                                "Startup Cost": 0.0,
                                "Total Cost": 73922.39,
                                "Plan Rows": 732926,
                                "Plan Width": 4,
                                "Actual Startup Time": 0.04,
                                "Actual Total Time": 338.619,
                                "Actual Rows": 796159,
                                "Actual Loops": 2,
                                "Filter": "((production_year > 2003) AND (kind_id = 7))",
                                "Rows Removed by Filter": 1732153
                              }
                            ]
                          }
                        ]
                      }
                    ]
                  }
                ]
              }
            ]
          }
        ]
      }
    ]
  },
  "Planning Time": 0.921,
  "Triggers": [],
  "Execution Time": 1904.984
}