{
  "Plan": {
    "Node Type": "Aggregate",
    "Strategy": "Plain",
    "Partial Mode": "Finalize",
    "Parallel Aware": false,
    "Startup Cost": 93259.93,
    "Total Cost": 93259.94,
    "Plan Rows": 1,
    "Plan Width": 8,
    "Actual Startup Time": 321.998,
    "Actual Total Time": 338.015,
    "Actual Rows": 1,
    "Actual Loops": 1,
    "Plans": [
      {
        "Node Type": "Gather",
        "Parent Relationship": "Outer",
        "Parallel Aware": false,
        "Startup Cost": 93259.82,
        "Total Cost": 93259.93,
        "Plan Rows": 1,
        "Plan Width": 8,
        "Actual Startup Time": 320.845,
        "Actual Total Time": 338.006,
        "Actual Rows": 2,
        "Actual Loops": 1,
        "Workers Planned": 1,
        "Workers Launched": 1,
        "Single Copy": false,
        "Plans": [
          {
            "Node Type": "Aggregate",
            "Strategy": "Plain",
            "Partial Mode": "Partial",
            "Parent Relationship": "Outer",
            "Parallel Aware": false,
            "Startup Cost": 92259.82,
            "Total Cost": 92259.83,
            "Plan Rows": 1,
            "Plan Width": 8,
            "Actual Startup Time": 315.035,
            "Actual Total Time": 315.039,
            "Actual Rows": 1,
            "Actual Loops": 2,
            "Plans": [
              {
                "Node Type": "Hash Join",
                "Parent Relationship": "Outer",
                "Parallel Aware": true,
                "Join Type": "Inner",
                "Startup Cost": 68455.0,
                "Total Cost": 92205.07,
                "Plan Rows": 21902,
                "Plan Width": 0,
                "Actual Startup Time": 218.074,
                "Actual Total Time": 312.944,
                "Actual Rows": 44769,
                "Actual Loops": 2,
                "Inner Unique": true,
                "Hash Cond": "(mc.movie_id = t.id)",
                "Plans": [
                  {
                    "Node Type": "Bitmap Heap Scan",
                    "Parent Relationship": "Outer",
                    "Parallel Aware": true,
                    "Relation Name": "movie_companies",
                    "Alias": "mc",
                    "Startup Cost": 11149.79,
                    "Total Cost": 34506.45,
                    "Plan Rows": 149868,
                    "Plan Width": 4,
                    "Actual Startup Time": 22.993,
                    "Actual Total Time": 79.8,
                    "Actual Rows": 189010,
                    "Actual Loops": 2,
                    "Recheck Cond": "(company_id < 475)",
                    "Rows Removed by Index Recheck": 0,
                    "Filter": "(company_type_id < 2)",
                    "Rows Removed by Filter": 69354,
                    "Exact Heap Blocks": 10979,
                    "Lossy Heap Blocks": 0,
                    "Plans": [
                      {
                        "Node Type": "Bitmap Index Scan",
                        "Parent Relationship": "Outer",
                        "Parallel Aware": false,
                        "Index Name": "company_id_movie_companies",
                        "Startup Cost": 0.0,
                        "Total Cost": 11086.09,
                        "Plan Rows": 517555,
                        "Plan Width": 0,
                        "Actual Startup Time": 20.234,
                        "Actual Total Time": 20.235,
                        "Actual Rows": 516728,
                        "Actual Loops": 1,
                        "Index Cond": "(company_id < 475)"
                      }
                    ]
                  },
                  {
                    "Node Type": "Hash",
                    "Parent Relationship": "Inner",
                    "Parallel Aware": true,
                    "Startup Cost": 54588.39,
                    "Total Cost": 54588.39,
                    "Plan Rows": 217346,
                    "Plan Width": 4,
                    "Actual Startup Time": 189.108,
                    "Actual Total Time": 189.109,
                    "Actual Rows": 190715,
                    "Actual Loops": 2,
                    "Hash Buckets": 524288,
                    "Original Hash Buckets": 524288,
                    "Hash Batches": 1,
                    "Original Hash Batches": 1,
                    "Peak Memory Usage": 19040,
                    "Plans": [
                      {
                        "Node Type": "Seq Scan",
                        "Parent Relationship": "Outer",
                        "Parallel Aware": true,
                        "Relation Name": "title",
                        "Alias": "t",
                        "Startup Cost": 0.0,
                        "Total Cost": 54588.39,
                        "Plan Rows": 217346,
                        "Plan Width": 4,
                        "Actual Startup Time": 0.033,
                        "Actual Total Time": 142.247,
                        "Actual Rows": 190715,
                        "Actual Loops": 2,
                        "Filter": "(production_year < 1971)",
                        "Rows Removed by Filter": 1073441
                      }
                    ]
                  }
                ]
              }
            ]
          }
        ]
      }
    ]
  },
  "Planning Time": 0.488,
  "Triggers": [],
  "Execution Time": 338.11
}