[
  {
    "Plan": {
      "Node Type": "Aggregate",
      "Strategy": "Plain",
      "Partial Mode": "Finalize",
      "Parallel Aware": false,
      "Startup Cost": 32653.44,
      "Total Cost": 32653.45,
      "Plan Rows": 1,
      "Plan Width": 8,
      "Actual Startup Time": 89.684,
      "Actual Total Time": 95.632,
      "Actual Rows": 1,
      "Actual Loops": 1,
      "Plans": [
        {
          "Node Type": "Gather",
          "Parent Relationship": "Outer",
          "Parallel Aware": false,
          "Startup Cost": 32653.12,
          "Total Cost": 32653.43,
          "Plan Rows": 3,
          "Plan Width": 8,
          "Actual Startup Time": 89.557,
          "Actual Total Time": 95.625,
          "Actual Rows": 4,
          "Actual Loops": 1,
          "Workers Planned": 3,
          "Workers Launched": 3,
          "Single Copy": false,
          "Plans": [
            {
              "Node Type": "Aggregate",
              "Strategy": "Plain",
              "Partial Mode": "Partial",
              "Parent Relationship": "Outer",
              "Parallel Aware": false,
              "Startup Cost": 31653.12,
              "Total Cost": 31653.13,
              "Plan Rows": 1,
              "Plan Width": 8,
              "Actual Startup Time": 81.353,
              "Actual Total Time": 81.354,
              "Actual Rows": 1,
              "Actual Loops": 4,
              "Plans": [
                {
                  "Node Type": "Seq Scan",
                  "Parent Relationship": "Outer",
                  "Parallel Aware": true,
                  "Relation Name": "movie_companies",
                  "Alias": "mc",
                  "Startup Cost": 0.0,
                  "Total Cost": 31414.82,
                  "Plan Rows": 95321,
                  "Plan Width": 0,
                  "Actual Startup Time": 45.468,
                  "Actual Total Time": 75.543,
                  "Actual Rows": 148361,
                  "Actual Loops": 4,
                  "Filter": "((company_id > 69018) AND (company_type_id > 1))",
                  "Rows Removed by Filter": 503922
                }
              ]
            }
          ]
        }
      ]
    },
    "Planning Time": 0.19,
    "Triggers": [],
    "Execution Time": 95.683
  }
]