{
  "Plan": {
    "Node Type": "Aggregate",
    "Strategy": "Plain",
    "Partial Mode": "Finalize",
    "Parallel Aware": false,
    "Startup Cost": 328555.75,
    "Total Cost": 328555.76,
    "Plan Rows": 1,
    "Plan Width": 8,
    "Actual Startup Time": 198.619,
    "Actual Total Time": 224.544,
    "Actual Rows": 1,
    "Actual Loops": 1,
    "Plans": [
      {
        "Node Type": "Gather",
        "Parent Relationship": "Outer",
        "Parallel Aware": false,
        "Startup Cost": 328555.64,
        "Total Cost": 328555.75,
        "Plan Rows": 1,
        "Plan Width": 8,
        "Actual Startup Time": 198.52,
        "Actual Total Time": 224.537,
        "Actual Rows": 2,
        "Actual Loops": 1,
        "Workers Planned": 1,
        "Workers Launched": 1,
        "Single Copy": false,
        "Plans": [
          {
            "Node Type": "Aggregate",
            "Strategy": "Plain",
            "Partial Mode": "Partial",
            "Parent Relationship": "Outer",
            "Parallel Aware": false,
            "Startup Cost": 327555.64,
            "Total Cost": 327555.65,
            "Plan Rows": 1,
            "Plan Width": 8,
            "Actual Startup Time": 192.642,
            "Actual Total Time": 192.644,
            "Actual Rows": 1,
            "Actual Loops": 2,
            "Plans": [
              {
                "Node Type": "Nested Loop",
                "Parent Relationship": "Outer",
                "Parallel Aware": false,
                "Join Type": "Inner",
                "Startup Cost": 0.43,
                "Total Cost": 327521.25,
                "Plan Rows": 13755,
                "Plan Width": 0,
                "Actual Startup Time": 3.834,
                "Actual Total Time": 191.217,
                "Actual Rows": 23600,
                "Actual Loops": 2,
                "Inner Unique": false,
                "Plans": [
                  {
                    "Node Type": "Seq Scan",
                    "Parent Relationship": "Outer",
                    "Parallel Aware": true,
                    "Relation Name": "title",
                    "Alias": "t",
                    "Startup Cost": 0.0,
                    "Total Cost": 58306.47,
                    "Plan Rows": 2352,
                    "Plan Width": 4,
                    "Actual Startup Time": 3.662,
                    "Actual Total Time": 135.798,
                    "Actual Rows": 2296,
                    "Actual Loops": 2,
                    "Filter": "((kind_id < 7) AND (production_year = 1963))",
                    "Rows Removed by Filter": 1261860
                  },
                  {
                    "Node Type": "Index Only Scan",
                    "Parent Relationship": "Inner",
                    "Parallel Aware": false,
                    "Scan Direction": "Forward",
                    "Index Name": "movie_id_movie_info",
                    "Relation Name": "movie_info",
                    "Alias": "mi",
                    "Startup Cost": 0.43,
                    "Total Cost": 114.04,
                    "Plan Rows": 42,
                    "Plan Width": 4,
                    "Actual Startup Time": 0.009,
                    "Actual Total Time": 0.023,
                    "Actual Rows": 10,
                    "Actual Loops": 4593,
                    "Index Cond": "(movie_id = t.id)",
                    "Rows Removed by Index Recheck": 0,
                    "Heap Fetches": 47200
                  }
                ]
              }
            ]
          }
        ]
      }
    ]
  },
  "Planning Time": 0.455,
  "Triggers": [],
  "Execution Time": 224.622
}