[
  {
    "Plan": {
      "Node Type": "Aggregate",
      "Strategy": "Plain",
      "Partial Mode": "Finalize",
      "Parallel Aware": false,
      "Startup Cost": 33307.12,
      "Total Cost": 33307.13,
      "Plan Rows": 1,
      "Plan Width": 8,
      "Actual Startup Time": 123.315,
      "Actual Total Time": 132.607,
      "Actual Rows": 1,
      "Actual Loops": 1,
      "Plans": [
        {
          "Node Type": "Gather",
          "Parent Relationship": "Outer",
          "Parallel Aware": false,
          "Startup Cost": 33306.81,
          "Total Cost": 33307.12,
          "Plan Rows": 3,
          "Plan Width": 8,
          "Actual Startup Time": 123.212,
          "Actual Total Time": 132.598,
          "Actual Rows": 4,
          "Actual Loops": 1,
          "Workers Planned": 3,
          "Workers Launched": 3,
          "Single Copy": false,
          "Plans": [
            {
              "Node Type": "Aggregate",
              "Strategy": "Plain",
              "Partial Mode": "Partial",
              "Parent Relationship": "Outer",
              "Parallel Aware": false,
              "Startup Cost": 32306.81,
              "Total Cost": 32306.82,
              "Plan Rows": 1,
              "Plan Width": 8,
              "Actual Startup Time": 114.857,
              "Actual Total Time": 114.859,
              "Actual Rows": 1,
              "Actual Loops": 4,
              "Plans": [
                {
                  "Node Type": "Seq Scan",
                  "Parent Relationship": "Outer",
                  "Parallel Aware": true,
                  "Relation Name": "movie_companies",
                  "Alias": "mc",
                  "Startup Cost": 0.0,
                  "Total Cost": 31414.82,
                  "Plan Rows": 356795,
                  "Plan Width": 0,
                  "Actual Startup Time": 52.968,
                  "Actual Total Time": 98.933,
                  "Actual Rows": 308337,
                  "Actual Loops": 4,
                  "Filter": "((company_id > 302) AND (company_type_id > 1))",
                  "Rows Removed by Filter": 343946
                }
              ]
            }
          ]
        }
      ]
    },
    "Planning Time": 0.219,
    "Triggers": [],
    "Execution Time": 132.667
  }
]