[
  {
    "Plan": {
      "Node Type": "Aggregate",
      "Strategy": "Plain",
      "Partial Mode": "Finalize",
      "Parallel Aware": false,
      "Startup Cost": 46214.63,
      "Total Cost": 46214.64,
      "Plan Rows": 1,
      "Plan Width": 8,
      "Actual Startup Time": 169.219,
      "Actual Total Time": 178.349,
      "Actual Rows": 1,
      "Actual Loops": 1,
      "Plans": [
        {
          "Node Type": "Gather",
          "Parent Relationship": "Outer",
          "Parallel Aware": false,
          "Startup Cost": 46214.31,
          "Total Cost": 46214.62,
          "Plan Rows": 3,
          "Plan Width": 8,
          "Actual Startup Time": 169.024,
          "Actual Total Time": 178.341,
          "Actual Rows": 4,
          "Actual Loops": 1,
          "Workers Planned": 3,
          "Workers Launched": 3,
          "Single Copy": false,
          "Plans": [
            {
              "Node Type": "Aggregate",
              "Strategy": "Plain",
              "Partial Mode": "Partial",
              "Parent Relationship": "Outer",
              "Parallel Aware": false,
              "Startup Cost": 45214.31,
              "Total Cost": 45214.32,
              "Plan Rows": 1,
              "Plan Width": 8,
              "Actual Startup Time": 163.304,
              "Actual Total Time": 163.305,
              "Actual Rows": 1,
              "Actual Loops": 4,
              "Plans": [
                {
                  "Node Type": "Seq Scan",
                  "Parent Relationship": "Outer",
                  "Parallel Aware": true,
                  "Relation Name": "movie_keyword",
                  "Alias": "mk",
                  "Startup Cost": 0.0,
                  "Total Cost": 42695.65,
                  "Plan Rows": 1007463,
                  "Plan Width": 0,
                  "Actual Startup Time": 0.059,
                  "Actual Total Time": 125.145,
                  "Actual Rows": 779697,
                  "Actual Loops": 4,
                  "Filter": "(keyword_id < 11914)",
                  "Rows Removed by Filter": 351286
                }
              ]
            }
          ]
        }
      ]
    },
    "Planning Time": 0.152,
    "Triggers": [],
    "Execution Time": 178.396
  }
]