{
  "Plan": {
    "Node Type": "Aggregate",
    "Strategy": "Plain",
    "Partial Mode": "Finalize",
    "Parallel Aware": false,
    "Startup Cost": 579395.0,
    "Total Cost": 579395.01,
    "Plan Rows": 1,
    "Plan Width": 8,
    "Actual Startup Time": 3595.552,
    "Actual Total Time": 3661.672,
    "Actual Rows": 1,
    "Actual Loops": 1,
    "Plans": [
      {
        "Node Type": "Gather",
        "Parent Relationship": "Outer",
        "Parallel Aware": false,
        "Startup Cost": 579394.88,
        "Total Cost": 579394.99,
        "Plan Rows": 1,
        "Plan Width": 8,
        "Actual Startup Time": 3595.315,
        "Actual Total Time": 3661.665,
        "Actual Rows": 2,
        "Actual Loops": 1,
        "Workers Planned": 1,
        "Workers Launched": 1,
        "Single Copy": false,
        "Plans": [
          {
            "Node Type": "Aggregate",
            "Strategy": "Plain",
            "Partial Mode": "Partial",
            "Parent Relationship": "Outer",
            "Parallel Aware": false,
            "Startup Cost": 578394.88,
            "Total Cost": 578394.89,
            "Plan Rows": 1,
            "Plan Width": 8,
            "Actual Startup Time": 3591.284,
            "Actual Total Time": 3591.286,
            "Actual Rows": 1,
            "Actual Loops": 2,
            "Plans": [
              {
                "Node Type": "Hash Join",
                "Parent Relationship": "Outer",
                "Parallel Aware": true,
                "Join Type": "Inner",
                "Startup Cost": 56241.06,
                "Total Cost": 577974.41,
                "Plan Rows": 168189,
                "Plan Width": 0,
                "Actual Startup Time": 149.085,
                "Actual Total Time": 3582.236,
                "Actual Rows": 125811,
                "Actual Loops": 2,
                "Inner Unique": true,
                "Hash Cond": "(ci.movie_id = t.id)",
                "Plans": [
                  {
                    "Node Type": "Seq Scan",
                    "Parent Relationship": "Outer",
                    "Parallel Aware": true,
                    "Relation Name": "cast_info",
                    "Alias": "ci",
                    "Startup Cost": 0.0,
                    "Total Cost": 465792.95,
                    "Plan Rows": 21310595,
                    "Plan Width": 4,
                    "Actual Startup Time": 0.017,
                    "Actual Total Time": 1626.154,
                    "Actual Rows": 18122172,
                    "Actual Loops": 2
                  },
                  {
                    "Node Type": "Hash",
                    "Parent Relationship": "Inner",
                    "Parallel Aware": true,
                    "Startup Cost": 56094.33,
                    "Total Cost": 56094.33,
                    "Plan Rows": 11738,
                    "Plan Width": 4,
                    "Actual Startup Time": 147.985,
                    "Actual Total Time": 147.986,
                    "Actual Rows": 6920,
                    "Actual Loops": 2,
                    "Hash Buckets": 32768,
                    "Original Hash Buckets": 32768,
                    "Hash Batches": 1,
                    "Original Hash Batches": 1,
                    "Peak Memory Usage": 832,
                    "Plans": [
                      {
                        "Node Type": "Bitmap Heap Scan",
                        "Parent Relationship": "Outer",
                        "Parallel Aware": true,
                        "Relation Name": "title",
                        "Alias": "t",
                        "Startup Cost": 13443.95,
                        "Total Cost": 56094.33,
                        "Plan Rows": 11738,
                        "Plan Width": 4,
                        "Actual Startup Time": 50.134,
                        "Actual Total Time": 145.604,
                        "Actual Rows": 6920,
                        "Actual Loops": 2,
                        "Recheck Cond": "(kind_id < 3)",
                        "Rows Removed by Index Recheck": 0,
                        "Filter": "(production_year = 2003)",
                        "Rows Removed by Filter": 369918,
                        "Exact Heap Blocks": 29773,
                        "Lossy Heap Blocks": 0,
                        "Plans": [
                          {
                            "Node Type": "Bitmap Index Scan",
                            "Parent Relationship": "Outer",
                            "Parallel Aware": false,
                            "Index Name": "kind_id_title",
                            "Startup Cost": 0.0,
                            "Total Cost": 13438.96,
                            "Plan Rows": 753937,
                            "Plan Width": 0,
                            "Actual Startup Time": 46.901,
                            "Actual Total Time": 46.901,
                            "Actual Rows": 753677,
                            "Actual Loops": 1,
                            "Index Cond": "(kind_id < 3)"
                          }
                        ]
                      }
                    ]
                  }
                ]
              }
            ]
          }
        ]
      }
    ]
  },
  "Planning Time": 0.348,
  "Triggers": [],
  "Execution Time": 3661.793
}