[
  {
    "Plan": {
      "Node Type": "Aggregate",
      "Strategy": "Plain",
      "Partial Mode": "Finalize",
      "Parallel Aware": false,
      "Startup Cost": 46440.68,
      "Total Cost": 46440.69,
      "Plan Rows": 1,
      "Plan Width": 8,
      "Actual Startup Time": 163.135,
      "Actual Total Time": 173.956,
      "Actual Rows": 1,
      "Actual Loops": 1,
      "Plans": [
        {
          "Node Type": "Gather",
          "Parent Relationship": "Outer",
          "Parallel Aware": false,
          "Startup Cost": 46440.36,
          "Total Cost": 46440.67,
          "Plan Rows": 3,
          "Plan Width": 8,
          "Actual Startup Time": 163.001,
          "Actual Total Time": 173.944,
          "Actual Rows": 4,
          "Actual Loops": 1,
          "Workers Planned": 3,
          "Workers Launched": 3,
          "Single Copy": false,
          "Plans": [
            {
              "Node Type": "Aggregate",
              "Strategy": "Plain",
              "Partial Mode": "Partial",
              "Parent Relationship": "Outer",
              "Parallel Aware": false,
              "Startup Cost": 45440.36,
              "Total Cost": 45440.37,
              "Plan Rows": 1,
              "Plan Width": 8,
              "Actual Startup Time": 157.963,
              "Actual Total Time": 157.965,
              "Actual Rows": 1,
              "Actual Loops": 4,
              "Plans": [
                {
                  "Node Type": "Seq Scan",
                  "Parent Relationship": "Outer",
                  "Parallel Aware": true,
                  "Relation Name": "movie_keyword",
                  "Alias": "mk",
                  "Startup Cost": 0.0,
                  "Total Cost": 42695.65,
                  "Plan Rows": 1097884,
                  "Plan Width": 0,
                  "Actual Startup Time": 0.13,
                  "Actual Total Time": 120.059,
                  "Actual Rows": 848340,
                  "Actual Loops": 4,
                  "Filter": "(keyword_id > 1226)",
                  "Rows Removed by Filter": 282642
                }
              ]
            }
          ]
        }
      ]
    },
    "Planning Time": 0.159,
    "Triggers": [],
    "Execution Time": 174.008
  }
]