{
  "Plan": {
    "Node Type": "Aggregate",
    "Strategy": "Plain",
    "Partial Mode": "Finalize",
    "Parallel Aware": false,
    "Startup Cost": 74893.16,
    "Total Cost": 74893.17,
    "Plan Rows": 1,
    "Plan Width": 8,
    "Actual Startup Time": 264.713,
    "Actual Total Time": 277.952,
    "Actual Rows": 1,
    "Actual Loops": 1,
    "Plans": [
      {
        "Node Type": "Gather",
        "Parent Relationship": "Outer",
        "Parallel Aware": false,
        "Startup Cost": 74893.05,
        "Total Cost": 74893.16,
        "Plan Rows": 1,
        "Plan Width": 8,
        "Actual Startup Time": 264.352,
        "Actual Total Time": 277.946,
        "Actual Rows": 2,
        "Actual Loops": 1,
        "Workers Planned": 1,
        "Workers Launched": 1,
        "Single Copy": false,
        "Plans": [
          {
            "Node Type": "Aggregate",
            "Strategy": "Plain",
            "Partial Mode": "Partial",
            "Parent Relationship": "Outer",
            "Parallel Aware": false,
            "Startup Cost": 73893.05,
            "Total Cost": 73893.06,
            "Plan Rows": 1,
            "Plan Width": 8,
            "Actual Startup Time": 258.716,
            "Actual Total Time": 258.719,
            "Actual Rows": 1,
            "Actual Loops": 2,
            "Plans": [
              {
                "Node Type": "Hash Join",
                "Parent Relationship": "Outer",
                "Parallel Aware": true,
                "Join Type": "Inner",
                "Startup Cost": 55598.94,
                "Total Cost": 73782.73,
                "Plan Rows": 44128,
                "Plan Width": 0,
                "Actual Startup Time": 154.944,
                "Actual Total Time": 257.654,
                "Actual Rows": 25936,
                "Actual Loops": 2,
                "Inner Unique": true,
                "Hash Cond": "(mi_idx.movie_id = t.id)",
                "Plans": [
                  {
                    "Node Type": "Seq Scan",
                    "Parent Relationship": "Outer",
                    "Parallel Aware": true,
                    "Relation Name": "movie_info_idx",
                    "Alias": "mi_idx",
                    "Startup Cost": 0.0,
                    "Total Cost": 16052.85,
                    "Plan Rows": 811785,
                    "Plan Width": 4,
                    "Actual Startup Time": 0.024,
                    "Actual Total Time": 46.707,
                    "Actual Rows": 690018,
                    "Actual Loops": 2
                  },
                  {
                    "Node Type": "Hash",
                    "Parent Relationship": "Inner",
                    "Parallel Aware": true,
                    "Startup Cost": 54588.39,
                    "Total Cost": 54588.39,
                    "Plan Rows": 80844,
                    "Plan Width": 4,
                    "Actual Startup Time": 147.599,
                    "Actual Total Time": 147.6,
                    "Actual Rows": 69324,
                    "Actual Loops": 2,
                    "Hash Buckets": 262144,
                    "Original Hash Buckets": 262144,
                    "Hash Batches": 1,
                    "Original Hash Batches": 1,
                    "Peak Memory Usage": 7520,
                    "Plans": [
                      {
                        "Node Type": "Seq Scan",
                        "Parent Relationship": "Outer",
                        "Parallel Aware": true,
                        "Relation Name": "title",
                        "Alias": "t",
                        "Startup Cost": 0.0,
                        "Total Cost": 54588.39,
                        "Plan Rows": 80844,
                        "Plan Width": 4,
                        "Actual Startup Time": 5.477,
                        "Actual Total Time": 132.686,
                        "Actual Rows": 69324,
                        "Actual Loops": 2,
                        "Filter": "(production_year < 1939)",
                        "Rows Removed by Filter": 1194832
                      }
                    ]
                  }
                ]
              }
            ]
          }
        ]
      }
    ]
  },
  "Planning Time": 0.405,
  "Triggers": [],
  "Execution Time": 278.022
}