[
  {
    "Plan": {
      "Node Type": "Aggregate",
      "Strategy": "Plain",
      "Partial Mode": "Finalize",
      "Parallel Aware": false,
      "Startup Cost": 46518.52,
      "Total Cost": 46518.53,
      "Plan Rows": 1,
      "Plan Width": 8,
      "Actual Startup Time": 45.414,
      "Actual Total Time": 51.827,
      "Actual Rows": 1,
      "Actual Loops": 1,
      "Plans": [
        {
          "Node Type": "Gather",
          "Parent Relationship": "Outer",
          "Parallel Aware": false,
          "Startup Cost": 46518.2,
          "Total Cost": 46518.51,
          "Plan Rows": 3,
          "Plan Width": 8,
          "Actual Startup Time": 45.182,
          "Actual Total Time": 51.819,
          "Actual Rows": 4,
          "Actual Loops": 1,
          "Workers Planned": 3,
          "Workers Launched": 3,
          "Single Copy": false,
          "Plans": [
            {
              "Node Type": "Aggregate",
              "Strategy": "Plain",
              "Partial Mode": "Partial",
              "Parent Relationship": "Outer",
              "Parallel Aware": false,
              "Startup Cost": 45518.2,
              "Total Cost": 45518.21,
              "Plan Rows": 1,
              "Plan Width": 8,
              "Actual Startup Time": 35.633,
              "Actual Total Time": 35.636,
              "Actual Rows": 1,
              "Actual Loops": 4,
              "Plans": [
                {
                  "Node Type": "Nested Loop",
                  "Parent Relationship": "Outer",
                  "Parallel Aware": false,
                  "Join Type": "Inner",
                  "Startup Cost": 258.79,
                  "Total Cost": 45518.19,
                  "Plan Rows": 4,
                  "Plan Width": 0,
                  "Actual Startup Time": 33.938,
                  "Actual Total Time": 35.631,
                  "Actual Rows": 0,
                  "Actual Loops": 4,
                  "Inner Unique": false,
                  "Join Filter": "(t.id = mi.movie_id)",
                  "Rows Removed by Join Filter": 0,
                  "Plans": [
                    {
                      "Node Type": "Nested Loop",
                      "Parent Relationship": "Outer",
                      "Parallel Aware": false,
                      "Join Type": "Inner",
                      "Startup Cost": 258.36,
                      "Total Cost": 45170.94,
                      "Plan Rows": 6,
                      "Plan Width": 8,
                      "Actual Startup Time": 33.928,
                      "Actual Total Time": 35.619,
                      "Actual Rows": 0,
                      "Actual Loops": 4,
                      "Inner Unique": true,
                      "Plans": [
                        {
                          "Node Type": "Bitmap Heap Scan",
                          "Parent Relationship": "Outer",
                          "Parallel Aware": true,
                          "Relation Name": "movie_keyword",
                          "Alias": "mk",
                          "Startup Cost": 257.93,
                          "Total Cost": 20753.36,
                          "Plan Rows": 3892,
                          "Plan Width": 4,
                          "Actual Startup Time": 2.328,
                          "Actual Total Time": 10.215,
                          "Actual Rows": 2142,
                          "Actual Loops": 4,
                          "Recheck Cond": "(keyword_id = 3636)",
                          "Rows Removed by Index Recheck": 0,
                          "Exact Heap Blocks": 2460,
                          "Lossy Heap Blocks": 0,
                          "Plans": [
                            {
                              "Node Type": "Bitmap Index Scan",
                              "Parent Relationship": "Outer",
                              "Parallel Aware": false,
                              "Index Name": "keyword_id_movie_keyword",
                              "Startup Cost": 0.0,
                              "Total Cost": 254.91,
                              "Plan Rows": 12064,
                              "Plan Width": 0,
                              "Actual Startup Time": 6.802,
                              "Actual Total Time": 6.803,
                              "Actual Rows": 8567,
                              "Actual Loops": 1,
                              "Index Cond": "(keyword_id = 3636)"
                            }
                          ]
                        },
                        {
                          "Node Type": "Index Scan",
                          "Parent Relationship": "Inner",
                          "Parallel Aware": false,
                          "Scan Direction": "Forward",
                          "Index Name": "title_pkey",
                          "Relation Name": "title",
                          "Alias": "t",
                          "Startup Cost": 0.43,
                          "Total Cost": 6.27,
                          "Plan Rows": 1,
                          "Plan Width": 4,
                          "Actual Startup Time": 0.011,
                          "Actual Total Time": 0.011,
                          "Actual Rows": 0,
                          "Actual Loops": 8567,
                          "Index Cond": "(id = mk.movie_id)",
                          "Rows Removed by Index Recheck": 0,
                          "Filter": "((kind_id = 1) AND (production_year = 1968))",
                          "Rows Removed by Filter": 1
                        }
                      ]
                    },
                    {
                      "Node Type": "Index Scan",
                      "Parent Relationship": "Inner",
                      "Parallel Aware": false,
                      "Scan Direction": "Forward",
                      "Index Name": "movie_id_movie_info",
                      "Relation Name": "movie_info",
                      "Alias": "mi",
                      "Startup Cost": 0.43,
                      "Total Cost": 57.82,
                      "Plan Rows": 4,
                      "Plan Width": 4,
                      "Actual Startup Time": 0.036,
                      "Actual Total Time": 0.039,
                      "Actual Rows": 1,
                      "Actual Loops": 1,
                      "Index Cond": "(movie_id = mk.movie_id)",
                      "Rows Removed by Index Recheck": 0,
                      "Filter": "(info_type_id = 8)",
                      "Rows Removed by Filter": 10
                    }
                  ]
                }
              ]
            }
          ]
        }
      ]
    },
    "Planning Time": 1.472,
    "Triggers": [],
    "Execution Time": 51.929
  }
]