[
  {
    "Plan": {
      "Node Type": "Aggregate",
      "Strategy": "Plain",
      "Partial Mode": "Finalize",
      "Parallel Aware": false,
      "Startup Cost": 46703.42,
      "Total Cost": 46703.43,
      "Plan Rows": 1,
      "Plan Width": 8,
      "Actual Startup Time": 162.477,
      "Actual Total Time": 171.413,
      "Actual Rows": 1,
      "Actual Loops": 1,
      "Plans": [
        {
          "Node Type": "Gather",
          "Parent Relationship": "Outer",
          "Parallel Aware": false,
          "Startup Cost": 46703.1,
          "Total Cost": 46703.41,
          "Plan Rows": 3,
          "Plan Width": 8,
          "Actual Startup Time": 162.199,
          "Actual Total Time": 171.402,
          "Actual Rows": 4,
          "Actual Loops": 1,
          "Workers Planned": 3,
          "Workers Launched": 3,
          "Single Copy": false,
          "Plans": [
            {
              "Node Type": "Aggregate",
              "Strategy": "Plain",
              "Partial Mode": "Partial",
              "Parent Relationship": "Outer",
              "Parallel Aware": false,
              "Startup Cost": 45703.1,
              "Total Cost": 45703.11,
              "Plan Rows": 1,
              "Plan Width": 8,
              "Actual Startup Time": 158.545,
              "Actual Total Time": 158.547,
              "Actual Rows": 1,
              "Actual Loops": 4,
              "Plans": [
                {
                  "Node Type": "Seq Scan",
                  "Parent Relationship": "Outer",
                  "Parallel Aware": true,
                  "Relation Name": "movie_keyword",
                  "Alias": "mk",
                  "Startup Cost": 0.0,
                  "Total Cost": 42695.65,
                  "Plan Rows": 1202978,
                  "Plan Width": 0,
                  "Actual Startup Time": 0.055,
                  "Actual Total Time": 117.954,
                  "Actual Rows": 931708,
                  "Actual Loops": 4,
                  "Filter": "(keyword_id > 766)",
                  "Rows Removed by Filter": 199275
                }
              ]
            }
          ]
        }
      ]
    },
    "Planning Time": 0.095,
    "Triggers": [],
    "Execution Time": 171.444
  }
]