[
  {
    "Plan": {
      "Node Type": "Aggregate",
      "Strategy": "Plain",
      "Partial Mode": "Finalize",
      "Parallel Aware": false,
      "Startup Cost": 46711.87,
      "Total Cost": 46711.88,
      "Plan Rows": 1,
      "Plan Width": 8,
      "Actual Startup Time": 167.021,
      "Actual Total Time": 176.281,
      "Actual Rows": 1,
      "Actual Loops": 1,
      "Plans": [
        {
          "Node Type": "Gather",
          "Parent Relationship": "Outer",
          "Parallel Aware": false,
          "Startup Cost": 46711.56,
          "Total Cost": 46711.87,
          "Plan Rows": 3,
          "Plan Width": 8,
          "Actual Startup Time": 166.829,
          "Actual Total Time": 176.202,
          "Actual Rows": 4,
          "Actual Loops": 1,
          "Workers Planned": 3,
          "Workers Launched": 3,
          "Single Copy": false,
          "Plans": [
            {
              "Node Type": "Aggregate",
              "Strategy": "Plain",
              "Partial Mode": "Partial",
              "Parent Relationship": "Outer",
              "Parallel Aware": false,
              "Startup Cost": 45711.56,
              "Total Cost": 45711.57,
              "Plan Rows": 1,
              "Plan Width": 8,
              "Actual Startup Time": 159.96,
              "Actual Total Time": 159.961,
              "Actual Rows": 1,
              "Actual Loops": 4,
              "Plans": [
                {
                  "Node Type": "Seq Scan",
                  "Parent Relationship": "Outer",
                  "Parallel Aware": true,
                  "Relation Name": "movie_keyword",
                  "Alias": "mk",
                  "Startup Cost": 0.0,
                  "Total Cost": 42695.65,
                  "Plan Rows": 1206361,
                  "Plan Width": 0,
                  "Actual Startup Time": 0.112,
                  "Actual Total Time": 119.296,
                  "Actual Rows": 931708,
                  "Actual Loops": 4,
                  "Filter": "(keyword_id > 766)",
                  "Rows Removed by Filter": 199275
                }
              ]
            }
          ]
        }
      ]
    },
    "Planning Time": 0.156,
    "Triggers": [],
    "Execution Time": 176.33
  }
]