[
  {
    "Plan": {
      "Node Type": "Aggregate",
      "Strategy": "Plain",
      "Partial Mode": "Finalize",
      "Parallel Aware": false,
      "Startup Cost": 43057.22,
      "Total Cost": 43057.23,
      "Plan Rows": 1,
      "Plan Width": 8,
      "Actual Startup Time": 150.658,
      "Actual Total Time": 157.294,
      "Actual Rows": 1,
      "Actual Loops": 1,
      "Plans": [
        {
          "Node Type": "Gather",
          "Parent Relationship": "Outer",
          "Parallel Aware": false,
          "Startup Cost": 43056.9,
          "Total Cost": 43057.21,
          "Plan Rows": 3,
          "Plan Width": 8,
          "Actual Startup Time": 150.404,
          "Actual Total Time": 157.284,
          "Actual Rows": 4,
          "Actual Loops": 1,
          "Workers Planned": 3,
          "Workers Launched": 3,
          "Single Copy": false,
          "Plans": [
            {
              "Node Type": "Aggregate",
              "Strategy": "Plain",
              "Partial Mode": "Partial",
              "Parent Relationship": "Outer",
              "Parallel Aware": false,
              "Startup Cost": 42056.9,
              "Total Cost": 42056.91,
              "Plan Rows": 1,
              "Plan Width": 8,
              "Actual Startup Time": 143.438,
              "Actual Total Time": 143.439,
              "Actual Rows": 1,
              "Actual Loops": 4,
              "Plans": [
                {
                  "Node Type": "Bitmap Heap Scan",
                  "Parent Relationship": "Outer",
                  "Parallel Aware": true,
                  "Relation Name": "movie_keyword",
                  "Alias": "mk",
                  "Startup Cost": 14333.28,
                  "Total Cost": 41511.96,
                  "Plan Rows": 217975,
                  "Plan Width": 0,
                  "Actual Startup Time": 57.09,
                  "Actual Total Time": 134.011,
                  "Actual Rows": 168859,
                  "Actual Loops": 4,
                  "Recheck Cond": "(keyword_id > 27754)",
                  "Rows Removed by Index Recheck": 0,
                  "Exact Heap Blocks": 9174,
                  "Lossy Heap Blocks": 0,
                  "Plans": [
                    {
                      "Node Type": "Bitmap Index Scan",
                      "Parent Relationship": "Outer",
                      "Parallel Aware": false,
                      "Index Name": "keyword_id_movie_keyword",
                      "Startup Cost": 0.0,
                      "Total Cost": 14164.35,
                      "Plan Rows": 675722,
                      "Plan Width": 0,
                      "Actual Startup Time": 59.867,
                      "Actual Total Time": 59.867,
                      "Actual Rows": 675436,
                      "Actual Loops": 1,
                      "Index Cond": "(keyword_id > 27754)"
                    }
                  ]
                }
              ]
            }
          ]
        }
      ]
    },
    "Planning Time": 0.162,
    "Triggers": [],
    "Execution Time": 157.376
  }
]