{
  "Plan": {
    "Node Type": "Aggregate",
    "Strategy": "Plain",
    "Partial Mode": "Finalize",
    "Parallel Aware": false,
    "Startup Cost": 571311.05,
    "Total Cost": 571311.06,
    "Plan Rows": 1,
    "Plan Width": 32,
    "Actual Startup Time": 2987.688,
    "Actual Total Time": 2987.879,
    "Actual Rows": 1,
    "Actual Loops": 1,
    "Plans": [
      {
        "Node Type": "Gather",
        "Parent Relationship": "Outer",
        "Parallel Aware": false,
        "Startup Cost": 571310.94,
        "Total Cost": 571311.05,
        "Plan Rows": 1,
        "Plan Width": 32,
        "Actual Startup Time": 2987.679,
        "Actual Total Time": 2987.873,
        "Actual Rows": 2,
        "Actual Loops": 1,
        "Workers Planned": 1,
        "Workers Launched": 1,
        "Single Copy": false,
        "Plans": [
          {
            "Node Type": "Aggregate",
            "Strategy": "Plain",
            "Partial Mode": "Partial",
            "Parent Relationship": "Outer",
            "Parallel Aware": false,
            "Startup Cost": 570310.94,
            "Total Cost": 570310.95,
            "Plan Rows": 1,
            "Plan Width": 32,
            "Actual Startup Time": 2949.504,
            "Actual Total Time": 2949.511,
            "Actual Rows": 1,
            "Actual Loops": 2,
            "Plans": [
              {
                "Node Type": "Hash Join",
                "Parent Relationship": "Outer",
                "Parallel Aware": false,
                "Join Type": "Inner",
                "Startup Cost": 566500.38,
                "Total Cost": 570310.93,
                "Plan Rows": 1,
                "Plan Width": 17,
                "Actual Startup Time": 2949.499,
                "Actual Total Time": 2949.505,
                "Actual Rows": 0,
                "Actual Loops": 2,
                "Inner Unique": true,
                "Hash Cond": "(mc.company_type_id = ct.id)",
                "Plans": [
                  {
                    "Node Type": "Hash Join",
                    "Parent Relationship": "Outer",
                    "Parallel Aware": true,
                    "Join Type": "Inner",
                    "Startup Cost": 566499.32,
                    "Total Cost": 570309.85,
                    "Plan Rows": 4,
                    "Plan Width": 21,
                    "Actual Startup Time": 2936.445,
                    "Actual Total Time": 2949.251,
                    "Actual Rows": 1,
                    "Actual Loops": 2,
                    "Inner Unique": false,
                    "Hash Cond": "(t.id = mc.movie_id)",
                    "Plans": [
                      {
                        "Node Type": "Merge Join",
                        "Parent Relationship": "Outer",
                        "Parallel Aware": false,
                        "Join Type": "Inner",
                        "Startup Cost": 520850.21,
                        "Total Cost": 523540.15,
                        "Plan Rows": 179292,
                        "Plan Width": 25,
                        "Actual Startup Time": 2728.102,
                        "Actual Total Time": 2751.248,
                        "Actual Rows": 162296,
                        "Actual Loops": 2,
                        "Inner Unique": true,
                        "Merge Cond": "(mi.info_type_id = it.id)",
                        "Plans": [
                          {
                            "Node Type": "Sort",
                            "Parent Relationship": "Outer",
                            "Parallel Aware": false,
                            "Startup Cost": 520844.23,
                            "Total Cost": 521292.46,
                            "Plan Rows": 179292,
                            "Plan Width": 29,
                            "Actual Startup Time": 2728.039,
                            "Actual Total Time": 2733.551,
                            "Actual Rows": 162296,
                            "Actual Loops": 2,
                            "Sort Key": [
                              "mi.info_type_id"
                            ],
                            "Sort Method": "quicksort",
                            "Sort Space Used": 37534,
                            "Sort Space Type": "Memory",
                            "Workers": [
                              {
                                "Worker Number": 0,
                                "Sort Method": "quicksort",
                                "Sort Space Used": 2376,
                                "Sort Space Type": "Memory"
                              }
                            ],
                            "Plans": [
                              {
                                "Node Type": "Merge Join",
                                "Parent Relationship": "Outer",
                                "Parallel Aware": false,
                                "Join Type": "Inner",
                                "Startup Cost": 395061.63,
                                "Total Cost": 505199.25,
                                "Plan Rows": 179292,
                                "Plan Width": 29,
                                "Actual Startup Time": 2037.292,
                                "Actual Total Time": 2696.587,
                                "Actual Rows": 162296,
                                "Actual Loops": 2,
                                "Inner Unique": false,
                                "Merge Cond": "(t.id = mi.movie_id)",
                                "Plans": [
                                  {
                                    "Node Type": "Index Scan",
                                    "Parent Relationship": "Outer",
                                    "Parallel Aware": true,
                                    "Scan Direction": "Forward",
                                    "Index Name": "title_pkey",
                                    "Relation Name": "title",
                                    "Alias": "t",
                                    "Startup Cost": 0.43,
                                    "Total Cost": 103663.46,
                                    "Plan Rows": 902186,
                                    "Plan Width": 21,
                                    "Actual Startup Time": 0.161,
                                    "Actual Total Time": 543.203,
                                    "Actual Rows": 765616,
                                    "Actual Loops": 2,
                                    "Filter": "(production_year > 1997)",
                                    "Rows Removed by Filter": 497416
                                  },
                                  {
                                    "Node Type": "Sort",
                                    "Parent Relationship": "Inner",
                                    "Parallel Aware": false,
                                    "Startup Cost": 395055.92,
                                    "Total Cost": 396311.99,
                                    "Plan Rows": 502429,
                                    "Plan Width": 8,
                                    "Actual Startup Time": 2036.984,
                                    "Actual Total Time": 2066.829,
                                    "Actual Rows": 552777,
                                    "Actual Loops": 2,
                                    "Sort Key": [
                                      "mi.movie_id"
                                    ],
                                    "Sort Method": "quicksort",
                                    "Sort Space Used": 50488,
                                    "Sort Space Type": "Memory",
                                    "Workers": [
                                      {
                                        "Worker Number": 0,
                                        "Sort Method": "quicksort",
                                        "Sort Space Used": 50488,
                                        "Sort Space Type": "Memory"
                                      }
                                    ],
                                    "Plans": [
                                      {
                                        "Node Type": "Seq Scan",
                                        "Parent Relationship": "Outer",
                                        "Parallel Aware": false,
                                        "Relation Name": "movie_info",
                                        "Alias": "mi",
                                        "Startup Cost": 0.0,
                                        "Total Cost": 347479.51,
                                        "Plan Rows": 502429,
                                        "Plan Width": 8,
                                        "Actual Startup Time": 123.01,
                                        "Actual Total Time": 1900.742,
                                        "Actual Rows": 552777,
                                        "Actual Loops": 2,
                                        "Filter": "(info = ANY ('{America,USA}'::text[]))",
                                        "Rows Removed by Filter": 14282943
                                      }
                                    ]
                                  }
                                ]
                              }
                            ]
                          },
                          {
                            "Node Type": "Sort",
                            "Parent Relationship": "Inner",
                            "Parallel Aware": false,
                            "Startup Cost": 5.98,
                            "Total Cost": 6.27,
                            "Plan Rows": 113,
                            "Plan Width": 4,
                            "Actual Startup Time": 0.056,
                            "Actual Total Time": 0.059,
                            "Actual Rows": 57,
                            "Actual Loops": 2,
                            "Sort Key": [
                              "it.id"
                            ],
                            "Sort Method": "quicksort",
                            "Sort Space Used": 30,
                            "Sort Space Type": "Memory",
                            "Workers": [
                              {
                                "Worker Number": 0,
                                "Sort Method": "quicksort",
                                "Sort Space Used": 30,
                                "Sort Space Type": "Memory"
                              }
                            ],
                            "Plans": [
                              {
                                "Node Type": "Seq Scan",
                                "Parent Relationship": "Outer",
                                "Parallel Aware": false,
                                "Relation Name": "info_type",
                                "Alias": "it",
                                "Startup Cost": 0.0,
                                "Total Cost": 2.13,
                                "Plan Rows": 113,
                                "Plan Width": 4,
                                "Actual Startup Time": 0.029,
                                "Actual Total Time": 0.037,
                                "Actual Rows": 113,
                                "Actual Loops": 2
                              }
                            ]
                          }
                        ]
                      },
                      {
                        "Node Type": "Hash",
                        "Parent Relationship": "Inner",
                        "Parallel Aware": true,
                        "Startup Cost": 45648.68,
                        "Total Cost": 45648.68,
                        "Plan Rows": 34,
                        "Plan Width": 8,
                        "Actual Startup Time": 185.168,
                        "Actual Total Time": 185.169,
                        "Actual Rows": 709,
                        "Actual Loops": 2,
                        "Hash Buckets": 1024,
                        "Original Hash Buckets": 1024,
                        "Hash Batches": 1,
                        "Original Hash Batches": 1,
                        "Peak Memory Usage": 104,
                        "Plans": [
                          {
                            "Node Type": "Seq Scan",
                            "Parent Relationship": "Outer",
                            "Parallel Aware": true,
                            "Relation Name": "movie_companies",
                            "Alias": "mc",
                            "Startup Cost": 0.0,
                            "Total Cost": 45648.68,
                            "Plan Rows": 34,
                            "Plan Width": 8,
                            "Actual Startup Time": 3.972,
                            "Actual Total Time": 184.735,
                            "Actual Rows": 709,
                            "Actual Loops": 2,
                            "Filter": "((note ~~ '%(VHS)%'::text) AND (note ~~ '%(USA)%'::text) AND (note ~~ '%(1994)%'::text))",
                            "Rows Removed by Filter": 1303856
                          }
                        ]
                      }
                    ]
                  },
                  {
                    "Node Type": "Hash",
                    "Parent Relationship": "Inner",
                    "Parallel Aware": false,
                    "Startup Cost": 1.05,
                    "Total Cost": 1.05,
                    "Plan Rows": 1,
                    "Plan Width": 4,
                    "Actual Startup Time": 0.072,
                    "Actual Total Time": 0.072,
                    "Actual Rows": 1,
                    "Actual Loops": 2,
                    "Hash Buckets": 1024,
                    "Original Hash Buckets": 1024,
                    "Hash Batches": 1,
                    "Original Hash Batches": 1,
                    "Peak Memory Usage": 9,
                    "Plans": [
                      {
                        "Node Type": "Seq Scan",
                        "Parent Relationship": "Outer",
                        "Parallel Aware": false,
                        "Relation Name": "company_type",
                        "Alias": "ct",
                        "Startup Cost": 0.0,
                        "Total Cost": 1.05,
                        "Plan Rows": 1,
                        "Plan Width": 4,
                        "Actual Startup Time": 0.055,
                        "Actual Total Time": 0.057,
                        "Actual Rows": 1,
                        "Actual Loops": 2,
                        "Filter": "((kind)::text = 'production companies'::text)",
                        "Rows Removed by Filter": 3
                      }
                    ]
                  }
                ]
              }
            ]
          }
        ]
      }
    ]
  },
  "Planning Time": 1.76,
  "Triggers": [],
  "Execution Time": 2988.004
}