{
  "Plan": {
    "Node Type": "Aggregate",
    "Strategy": "Plain",
    "Partial Mode": "Finalize",
    "Parallel Aware": false,
    "Startup Cost": 330221.54,
    "Total Cost": 330221.55,
    "Plan Rows": 1,
    "Plan Width": 8,
    "Actual Startup Time": 4419.108,
    "Actual Total Time": 4470.498,
    "Actual Rows": 1,
    "Actual Loops": 1,
    "Plans": [
      {
        "Node Type": "Gather",
        "Parent Relationship": "Outer",
        "Parallel Aware": false,
        "Startup Cost": 330221.42,
        "Total Cost": 330221.53,
        "Plan Rows": 1,
        "Plan Width": 8,
        "Actual Startup Time": 4417.823,
        "Actual Total Time": 4470.49,
        "Actual Rows": 2,
        "Actual Loops": 1,
        "Workers Planned": 1,
        "Workers Launched": 1,
        "Single Copy": false,
        "Plans": [
          {
            "Node Type": "Aggregate",
            "Strategy": "Plain",
            "Partial Mode": "Partial",
            "Parent Relationship": "Outer",
            "Parallel Aware": false,
            "Startup Cost": 329221.42,
            "Total Cost": 329221.43,
            "Plan Rows": 1,
            "Plan Width": 8,
            "Actual Startup Time": 4411.148,
            "Actual Total Time": 4411.152,
            "Actual Rows": 1,
            "Actual Loops": 2,
            "Plans": [
              {
                "Node Type": "Nested Loop",
                "Parent Relationship": "Outer",
                "Parallel Aware": false,
                "Join Type": "Inner",
                "Startup Cost": 73898.09,
                "Total Cost": 328090.34,
                "Plan Rows": 452432,
                "Plan Width": 0,
                "Actual Startup Time": 303.769,
                "Actual Total Time": 3971.635,
                "Actual Rows": 10949381,
                "Actual Loops": 2,
                "Inner Unique": false,
                "Plans": [
                  {
                    "Node Type": "Hash Join",
                    "Parent Relationship": "Outer",
                    "Parallel Aware": true,
                    "Join Type": "Inner",
                    "Startup Cost": 73897.65,
                    "Total Cost": 102870.72,
                    "Plan Rows": 77375,
                    "Plan Width": 8,
                    "Actual Startup Time": 303.623,
                    "Actual Total Time": 456.853,
                    "Actual Rows": 173388,
                    "Actual Loops": 2,
                    "Inner Unique": true,
                    "Hash Cond": "(mk.movie_id = t.id)",
                    "Plans": [
                      {
                        "Node Type": "Bitmap Heap Scan",
                        "Parent Relationship": "Outer",
                        "Parallel Aware": true,
                        "Relation Name": "movie_keyword",
                        "Alias": "mk",
                        "Startup Cost": 10776.87,
                        "Total Cost": 38965.64,
                        "Plan Rows": 298781,
                        "Plan Width": 4,
                        "Actual Startup Time": 28.361,
                        "Actual Total Time": 101.447,
                        "Actual Rows": 247756,
                        "Actual Loops": 2,
                        "Recheck Cond": "(keyword_id > 36404)",
                        "Rows Removed by Index Recheck": 0,
                        "Exact Heap Blocks": 12121,
                        "Lossy Heap Blocks": 0,
                        "Plans": [
                          {
                            "Node Type": "Bitmap Index Scan",
                            "Parent Relationship": "Outer",
                            "Parallel Aware": false,
                            "Index Name": "keyword_id_movie_keyword",
                            "Startup Cost": 0.0,
                            "Total Cost": 10649.89,
                            "Plan Rows": 507928,
                            "Plan Width": 0,
                            "Actual Startup Time": 24.909,
                            "Actual Total Time": 24.91,
                            "Actual Rows": 495512,
                            "Actual Loops": 1,
                            "Index Cond": "(keyword_id > 36404)"
                          }
                        ]
                      },
                      {
                        "Node Type": "Hash",
                        "Parent Relationship": "Inner",
                        "Parallel Aware": true,
                        "Startup Cost": 58306.47,
                        "Total Cost": 58306.47,
                        "Plan Rows": 385145,
                        "Plan Width": 4,
                        "Actual Startup Time": 265.778,
                        "Actual Total Time": 265.778,
                        "Actual Rows": 355590,
                        "Actual Loops": 2,
                        "Hash Buckets": 1048576,
                        "Original Hash Buckets": 1048576,
                        "Hash Batches": 1,
                        "Original Hash Batches": 1,
                        "Peak Memory Usage": 36032,
                        "Plans": [
                          {
                            "Node Type": "Seq Scan",
                            "Parent Relationship": "Outer",
                            "Parallel Aware": true,
                            "Relation Name": "title",
                            "Alias": "t",
                            "Startup Cost": 0.0,
                            "Total Cost": 58306.47,
                            "Plan Rows": 385145,
                            "Plan Width": 4,
                            "Actual Startup Time": 0.034,
                            "Actual Total Time": 159.777,
                            "Actual Rows": 355590,
                            "Actual Loops": 2,
                            "Filter": "((kind_id < 7) AND (production_year < 2008))",
                            "Rows Removed by Filter": 908566
                          }
                        ]
                      }
                    ]
                  },
                  {
                    "Node Type": "Index Only Scan",
                    "Parent Relationship": "Inner",
                    "Parallel Aware": false,
                    "Scan Direction": "Forward",
                    "Index Name": "movie_id_movie_info",
                    "Relation Name": "movie_info",
                    "Alias": "mi",
                    "Startup Cost": 0.43,
                    "Total Cost": 2.49,
                    "Plan Rows": 42,
                    "Plan Width": 4,
                    "Actual Startup Time": 0.003,
                    "Actual Total Time": 0.016,
                    "Actual Rows": 63,
                    "Actual Loops": 346777,
                    "Index Cond": "(movie_id = t.id)",
                    "Rows Removed by Index Recheck": 0,
                    "Heap Fetches": 21898762
                  }
                ]
              }
            ]
          }
        ]
      }
    ]
  },
  "Planning Time": 1.042,
  "Triggers": [],
  "Execution Time": 4470.61
}