{
  "Plan": {
    "Node Type": "Aggregate",
    "Strategy": "Plain",
    "Partial Mode": "Finalize",
    "Parallel Aware": false,
    "Startup Cost": 1397678.3,
    "Total Cost": 1397678.31,
    "Plan Rows": 1,
    "Plan Width": 8,
    "Actual Startup Time": 3743.172,
    "Actual Total Time": 3783.658,
    "Actual Rows": 1,
    "Actual Loops": 1,
    "Plans": [
      {
        "Node Type": "Gather",
        "Parent Relationship": "Outer",
        "Parallel Aware": false,
        "Startup Cost": 1397678.19,
        "Total Cost": 1397678.3,
        "Plan Rows": 1,
        "Plan Width": 8,
        "Actual Startup Time": 3742.962,
        "Actual Total Time": 3783.65,
        "Actual Rows": 2,
        "Actual Loops": 1,
        "Workers Planned": 1,
        "Workers Launched": 1,
        "Single Copy": false,
        "Plans": [
          {
            "Node Type": "Aggregate",
            "Strategy": "Plain",
            "Partial Mode": "Partial",
            "Parent Relationship": "Outer",
            "Parallel Aware": false,
            "Startup Cost": 1396678.19,
            "Total Cost": 1396678.2,
            "Plan Rows": 1,
            "Plan Width": 8,
            "Actual Startup Time": 3736.714,
            "Actual Total Time": 3736.716,
            "Actual Rows": 1,
            "Actual Loops": 2,
            "Plans": [
              {
                "Node Type": "Merge Join",
                "Parent Relationship": "Outer",
                "Parallel Aware": false,
                "Join Type": "Inner",
                "Startup Cost": 9.75,
                "Total Cost": 1386317.01,
                "Plan Rows": 4144471,
                "Plan Width": 0,
                "Actual Startup Time": 7.323,
                "Actual Total Time": 3621.9,
                "Actual Rows": 2549162,
                "Actual Loops": 2,
                "Inner Unique": false,
                "Merge Cond": "(mi.movie_id = t.id)",
                "Plans": [
                  {
                    "Node Type": "Index Only Scan",
                    "Parent Relationship": "Outer",
                    "Parallel Aware": true,
                    "Scan Direction": "Forward",
                    "Index Name": "movie_id_movie_info",
                    "Relation Name": "movie_info",
                    "Alias": "mi",
                    "Startup Cost": 0.43,
                    "Total Cost": 1018223.42,
                    "Plan Rows": 8696274,
                    "Plan Width": 4,
                    "Actual Startup Time": 0.117,
                    "Actual Total Time": 780.021,
                    "Actual Rows": 2366103,
                    "Actual Loops": 2,
                    "Heap Fetches": 4732206
                  },
                  {
                    "Node Type": "Materialize",
                    "Parent Relationship": "Inner",
                    "Parallel Aware": false,
                    "Startup Cost": 3.45,
                    "Total Cost": 287417.04,
                    "Plan Rows": 1204934,
                    "Plan Width": 8,
                    "Actual Startup Time": 1.563,
                    "Actual Total Time": 2431.965,
                    "Actual Rows": 2828608,
                    "Actual Loops": 2,
                    "Plans": [
                      {
                        "Node Type": "Merge Join",
                        "Parent Relationship": "Outer",
                        "Parallel Aware": false,
                        "Join Type": "Inner",
                        "Startup Cost": 3.45,
                        "Total Cost": 284404.7,
                        "Plan Rows": 1204934,
                        "Plan Width": 8,
                        "Actual Startup Time": 1.553,
                        "Actual Total Time": 2260.851,
                        "Actual Rows": 558885,
                        "Actual Loops": 2,
                        "Inner Unique": true,
                        "Merge Cond": "(mc.movie_id = t.id)",
                        "Plans": [
                          {
                            "Node Type": "Index Only Scan",
                            "Parent Relationship": "Outer",
                            "Parallel Aware": false,
                            "Scan Direction": "Forward",
                            "Index Name": "movie_id_movie_companies",
                            "Relation Name": "movie_companies",
                            "Alias": "mc",
                            "Startup Cost": 0.43,
                            "Total Cost": 140059.44,
                            "Plan Rows": 2609129,
                            "Plan Width": 4,
                            "Actual Startup Time": 0.136,
                            "Actual Total Time": 762.372,
                            "Actual Rows": 2609129,
                            "Actual Loops": 2,
                            "Heap Fetches": 5218258
                          },
                          {
                            "Node Type": "Index Scan",
                            "Parent Relationship": "Inner",
                            "Parallel Aware": false,
                            "Scan Direction": "Forward",
                            "Index Name": "title_pkey",
                            "Relation Name": "title",
                            "Alias": "t",
                            "Startup Cost": 0.43,
                            "Total Cost": 122981.43,
                            "Plan Rows": 1167603,
                            "Plan Width": 4,
                            "Actual Startup Time": 0.14,
                            "Actual Total Time": 1263.24,
                            "Actual Rows": 1128902,
                            "Actual Loops": 2,
                            "Filter": "((production_year < 2010) AND (kind_id = 7))",
                            "Rows Removed by Filter": 1396920
                          }
                        ]
                      }
                    ]
                  }
                ]
              }
            ]
          }
        ]
      }
    ]
  },
  "Planning Time": 1.092,
  "Triggers": [],
  "Execution Time": 3783.774
}