{
    "Plan": {
        "Node Type": "Aggregate",
        "Strategy": "Plain",
        "Partial Mode": "Finalize",
        "Parallel Aware": false,
        "Startup Cost": 202366.52,
        "Total Cost": 202366.53,
        "Plan Rows": 1,
        "Plan Width": 8,
        "Actual Startup Time": 1101.744,
        "Actual Total Time": 1144.764,
        "Actual Rows": 1,
        "Actual Loops": 1,
        "Output": [
            "count(*)"
        ],
        "Plans": [
            {
                "Node Type": "Gather",
                "Parent Relationship": "Outer",
                "Parallel Aware": false,
                "Startup Cost": 202366.1,
                "Total Cost": 202366.51,
                "Plan Rows": 4,
                "Plan Width": 8,
                "Actual Startup Time": 1100.227,
                "Actual Total Time": 1144.753,
                "Actual Rows": 5,
                "Actual Loops": 1,
                "Output": [
                    "(PARTIAL count(*))"
                ],
                "Workers Planned": 4,
                "Workers Launched": 4,
                "Single Copy": false,
                "Plans": [
                    {
                        "Node Type": "Aggregate",
                        "Strategy": "Plain",
                        "Partial Mode": "Partial",
                        "Parent Relationship": "Outer",
                        "Parallel Aware": false,
                        "Startup Cost": 201366.1,
                        "Total Cost": 201366.11,
                        "Plan Rows": 1,
                        "Plan Width": 8,
                        "Actual Startup Time": 1089.559,
                        "Actual Total Time": 1089.563,
                        "Actual Rows": 1,
                        "Actual Loops": 5,
                        "Output": [
                            "PARTIAL count(*)"
                        ],
                        "Workers": [
                            {
                                "Worker Number": 0,
                                "Actual Startup Time": 1087.284,
                                "Actual Total Time": 1087.287,
                                "Actual Rows": 1,
                                "Actual Loops": 1
                            },
                            {
                                "Worker Number": 1,
                                "Actual Startup Time": 1085.677,
                                "Actual Total Time": 1085.68,
                                "Actual Rows": 1,
                                "Actual Loops": 1
                            },
                            {
                                "Worker Number": 2,
                                "Actual Startup Time": 1087.583,
                                "Actual Total Time": 1087.588,
                                "Actual Rows": 1,
                                "Actual Loops": 1
                            },
                            {
                                "Worker Number": 3,
                                "Actual Startup Time": 1087.876,
                                "Actual Total Time": 1087.88,
                                "Actual Rows": 1,
                                "Actual Loops": 1
                            }
                        ],
                        "Plans": [
                            {
                                "Node Type": "Nested Loop",
                                "Parent Relationship": "Outer",
                                "Parallel Aware": false,
                                "Join Type": "Inner",
                                "Startup Cost": 30597.63,
                                "Total Cost": 201326.22,
                                "Plan Rows": 15951,
                                "Plan Width": 0,
                                "Actual Startup Time": 192.678,
                                "Actual Total Time": 1086.342,
                                "Actual Rows": 29692,
                                "Actual Loops": 5,
                                "Inner Unique": false,
                                "Workers": [
                                    {
                                        "Worker Number": 0,
                                        "Actual Startup Time": 188.888,
                                        "Actual Total Time": 1084.316,
                                        "Actual Rows": 32446,
                                        "Actual Loops": 1
                                    },
                                    {
                                        "Worker Number": 1,
                                        "Actual Startup Time": 189.087,
                                        "Actual Total Time": 1082.058,
                                        "Actual Rows": 23701,
                                        "Actual Loops": 1
                                    },
                                    {
                                        "Worker Number": 2,
                                        "Actual Startup Time": 191.658,
                                        "Actual Total Time": 1084.021,
                                        "Actual Rows": 23201,
                                        "Actual Loops": 1
                                    },
                                    {
                                        "Worker Number": 3,
                                        "Actual Startup Time": 190.507,
                                        "Actual Total Time": 1084.936,
                                        "Actual Rows": 31884,
                                        "Actual Loops": 1
                                    }
                                ],
                                "Plans": [
                                    {
                                        "Node Type": "Hash Join",
                                        "Parent Relationship": "Outer",
                                        "Parallel Aware": true,
                                        "Join Type": "Inner",
                                        "Startup Cost": 30597.19,
                                        "Total Cost": 76333.7,
                                        "Plan Rows": 79764,
                                        "Plan Width": 8,
                                        "Actual Startup Time": 191.842,
                                        "Actual Total Time": 318.757,
                                        "Actual Rows": 63971,
                                        "Actual Loops": 5,
                                        "Output": [
                                            "t.id",
                                            "mc.movie_id"
                                        ],
                                        "Inner Unique": false,
                                        "Hash Cond": "(t.id = mc.movie_id)",
                                        "Workers": [
                                            {
                                                "Worker Number": 0,
                                                "Actual Startup Time": 188.711,
                                                "Actual Total Time": 320.309,
                                                "Actual Rows": 70269,
                                                "Actual Loops": 1
                                            },
                                            {
                                                "Worker Number": 1,
                                                "Actual Startup Time": 187.478,
                                                "Actual Total Time": 312.498,
                                                "Actual Rows": 51299,
                                                "Actual Loops": 1
                                            },
                                            {
                                                "Worker Number": 2,
                                                "Actual Startup Time": 191.515,
                                                "Actual Total Time": 314.412,
                                                "Actual Rows": 49996,
                                                "Actual Loops": 1
                                            },
                                            {
                                                "Worker Number": 3,
                                                "Actual Startup Time": 189.822,
                                                "Actual Total Time": 320.073,
                                                "Actual Rows": 68480,
                                                "Actual Loops": 1
                                            }
                                        ],
                                        "Plans": [
                                            {
                                                "Node Type": "Seq Scan",
                                                "Parent Relationship": "Outer",
                                                "Parallel Aware": true,
                                                "Relation Name": "title",
                                                "Schema": "public",
                                                "Alias": "t",
                                                "Startup Cost": 0.0,
                                                "Total Cost": 42318.81,
                                                "Plan Rows": 632080,
                                                "Plan Width": 4,
                                                "Actual Startup Time": 0.021,
                                                "Actual Total Time": 73.944,
                                                "Actual Rows": 505662,
                                                "Actual Loops": 5,
                                                "Output": [
                                                    "t.id",
                                                    "t.title",
                                                    "t.imdb_index",
                                                    "t.kind_id",
                                                    "t.production_year",
                                                    "t.imdb_id",
                                                    "t.phonetic_code",
                                                    "t.episode_of_id",
                                                    "t.season_nr",
                                                    "t.episode_nr",
                                                    "t.series_years",
                                                    "t.md5sum"
                                                ],
                                                "Workers": [
                                                    {
                                                        "Worker Number": 0,
                                                        "Actual Startup Time": 0.022,
                                                        "Actual Total Time": 76.824,
                                                        "Actual Rows": 547529,
                                                        "Actual Loops": 1
                                                    },
                                                    {
                                                        "Worker Number": 1,
                                                        "Actual Startup Time": 0.027,
                                                        "Actual Total Time": 79.146,
                                                        "Actual Rows": 397088,
                                                        "Actual Loops": 1
                                                    },
                                                    {
                                                        "Worker Number": 2,
                                                        "Actual Startup Time": 0.03,
                                                        "Actual Total Time": 79.276,
                                                        "Actual Rows": 388195,
                                                        "Actual Loops": 1
                                                    },
                                                    {
                                                        "Worker Number": 3,
                                                        "Actual Startup Time": 0.02,
                                                        "Actual Total Time": 76.448,
                                                        "Actual Rows": 538004,
                                                        "Actual Loops": 1
                                                    }
                                                ]
                                            },
                                            {
                                                "Node Type": "Hash",
                                                "Parent Relationship": "Inner",
                                                "Parallel Aware": true,
                                                "Startup Cost": 29310.68,
                                                "Total Cost": 29310.68,
                                                "Plan Rows": 102921,
                                                "Plan Width": 4,
                                                "Actual Startup Time": 89.148,
                                                "Actual Total Time": 89.149,
                                                "Actual Rows": 63971,
                                                "Actual Loops": 5,
                                                "Output": [
                                                    "mc.movie_id"
                                                ],
                                                "Hash Buckets": 524288,
                                                "Original Hash Buckets": 524288,
                                                "Hash Batches": 1,
                                                "Original Hash Batches": 1,
                                                "Peak Memory Usage": 16704,
                                                "Workers": [
                                                    {
                                                        "Worker Number": 0,
                                                        "Actual Startup Time": 89.576,
                                                        "Actual Total Time": 89.577,
                                                        "Actual Rows": 73285,
                                                        "Actual Loops": 1
                                                    },
                                                    {
                                                        "Worker Number": 1,
                                                        "Actual Startup Time": 87.436,
                                                        "Actual Total Time": 87.437,
                                                        "Actual Rows": 49353,
                                                        "Actual Loops": 1
                                                    },
                                                    {
                                                        "Worker Number": 2,
                                                        "Actual Startup Time": 89.872,
                                                        "Actual Total Time": 89.874,
                                                        "Actual Rows": 48911,
                                                        "Actual Loops": 1
                                                    },
                                                    {
                                                        "Worker Number": 3,
                                                        "Actual Startup Time": 90.145,
                                                        "Actual Total Time": 90.146,
                                                        "Actual Rows": 72198,
                                                        "Actual Loops": 1
                                                    }
                                                ],
                                                "Plans": [
                                                    {
                                                        "Node Type": "Seq Scan",
                                                        "Parent Relationship": "Outer",
                                                        "Parallel Aware": true,
                                                        "Relation Name": "movie_companies",
                                                        "Schema": "public",
                                                        "Alias": "mc",
                                                        "Startup Cost": 0.0,
                                                        "Total Cost": 29310.68,
                                                        "Plan Rows": 102921,
                                                        "Plan Width": 4,
                                                        "Actual Startup Time": 48.543,
                                                        "Actual Total Time": 67.619,
                                                        "Actual Rows": 63971,
                                                        "Actual Loops": 5,
                                                        "Output": [
                                                            "mc.movie_id"
                                                        ],
                                                        "Filter": "(mc.company_id > 91513)",
                                                        "Rows Removed by Filter": 457855,
                                                        "Workers": [
                                                            {
                                                                "Worker Number": 0,
                                                                "Actual Startup Time": 48.796,
                                                                "Actual Total Time": 67.767,
                                                                "Actual Rows": 73285,
                                                                "Actual Loops": 1
                                                            },
                                                            {
                                                                "Worker Number": 1,
                                                                "Actual Startup Time": 47.543,
                                                                "Actual Total Time": 67.778,
                                                                "Actual Rows": 49353,
                                                                "Actual Loops": 1
                                                            },
                                                            {
                                                                "Worker Number": 2,
                                                                "Actual Startup Time": 48.791,
                                                                "Actual Total Time": 69.22,
                                                                "Actual Rows": 48911,
                                                                "Actual Loops": 1
                                                            },
                                                            {
                                                                "Worker Number": 3,
                                                                "Actual Startup Time": 48.69,
                                                                "Actual Total Time": 67.687,
                                                                "Actual Rows": 72198,
                                                                "Actual Loops": 1
                                                            }
                                                        ]
                                                    }
                                                ]
                                            }
                                        ]
                                    },
                                    {
                                        "Node Type": "Index Scan",
                                        "Parent Relationship": "Inner",
                                        "Parallel Aware": false,
                                        "Scan Direction": "Forward",
                                        "Index Name": "movie_id_movie_info",
                                        "Relation Name": "movie_info",
                                        "Schema": "public",
                                        "Alias": "mi",
                                        "Startup Cost": 0.43,
                                        "Total Cost": 1.56,
                                        "Plan Rows": 1,
                                        "Plan Width": 4,
                                        "Actual Startup Time": 0.008,
                                        "Actual Total Time": 0.012,
                                        "Actual Rows": 0,
                                        "Actual Loops": 319854,
                                        "Output": [
                                            "mi.id",
                                            "mi.movie_id",
                                            "mi.info_type_id",
                                            "mi.info",
                                            "mi.note"
                                        ],
                                        "Index Cond": "(mi.movie_id = t.id)",
                                        "Rows Removed by Index Recheck": 0,
                                        "Filter": "(mi.info_type_id = 6)",
                                        "Rows Removed by Filter": 18,
                                        "Workers": [
                                            {
                                                "Worker Number": 0,
                                                "Actual Startup Time": 0.007,
                                                "Actual Total Time": 0.011,
                                                "Actual Rows": 0,
                                                "Actual Loops": 70269
                                            },
                                            {
                                                "Worker Number": 1,
                                                "Actual Startup Time": 0.01,
                                                "Actual Total Time": 0.015,
                                                "Actual Rows": 0,
                                                "Actual Loops": 51299
                                            },
                                            {
                                                "Worker Number": 2,
                                                "Actual Startup Time": 0.01,
                                                "Actual Total Time": 0.015,
                                                "Actual Rows": 0,
                                                "Actual Loops": 49996
                                            },
                                            {
                                                "Worker Number": 3,
                                                "Actual Startup Time": 0.007,
                                                "Actual Total Time": 0.011,
                                                "Actual Rows": 0,
                                                "Actual Loops": 68480
                                            }
                                        ]
                                    }
                                ]
                            }
                        ]
                    }
                ]
            }
        ]
    },
    "Planning Time": 1.557,
    "Triggers": [],
    "Execution Time": 1144.863
}