[
  {
    "Plan": {
      "Node Type": "Aggregate",
      "Strategy": "Plain",
      "Partial Mode": "Finalize",
      "Parallel Aware": false,
      "Startup Cost": 254659.05,
      "Total Cost": 254659.06,
      "Plan Rows": 1,
      "Plan Width": 8,
      "Actual Startup Time": 337.272,
      "Actual Total Time": 363.746,
      "Actual Rows": 1,
      "Actual Loops": 1,
      "Plans": [
        {
          "Node Type": "Gather",
          "Parent Relationship": "Outer",
          "Parallel Aware": false,
          "Startup Cost": 254658.42,
          "Total Cost": 254659.03,
          "Plan Rows": 6,
          "Plan Width": 8,
          "Actual Startup Time": 337.148,
          "Actual Total Time": 363.729,
          "Actual Rows": 7,
          "Actual Loops": 1,
          "Workers Planned": 6,
          "Workers Launched": 6,
          "Single Copy": false,
          "Plans": [
            {
              "Node Type": "Aggregate",
              "Strategy": "Plain",
              "Partial Mode": "Partial",
              "Parent Relationship": "Outer",
              "Parallel Aware": false,
              "Startup Cost": 253658.42,
              "Total Cost": 253658.43,
              "Plan Rows": 1,
              "Plan Width": 8,
              "Actual Startup Time": 331.18,
              "Actual Total Time": 331.181,
              "Actual Rows": 1,
              "Actual Loops": 7,
              "Plans": [
                {
                  "Node Type": "Index Scan",
                  "Parent Relationship": "Outer",
                  "Parallel Aware": true,
                  "Scan Direction": "Forward",
                  "Index Name": "role_id_cast_info",
                  "Relation Name": "cast_info",
                  "Alias": "ci",
                  "Startup Cost": 0.56,
                  "Total Cost": 253362.23,
                  "Plan Rows": 118479,
                  "Plan Width": 0,
                  "Actual Startup Time": 149.552,
                  "Actual Total Time": 310.666,
                  "Actual Rows": 375590,
                  "Actual Loops": 7,
                  "Index Cond": "(role_id > 4)",
                  "Rows Removed by Index Recheck": 0,
                  "Filter": "(person_id > 3553851)",
                  "Rows Removed by Filter": 965082
                }
              ]
            }
          ]
        }
      ]
    },
    "Planning Time": 0.244,
    "Triggers": [],
    "Execution Time": 363.818
  }
]