[
  {
    "Plan": {
      "Node Type": "Aggregate",
      "Strategy": "Plain",
      "Partial Mode": "Finalize",
      "Parallel Aware": false,
      "Startup Cost": 347056.72,
      "Total Cost": 347056.73,
      "Plan Rows": 1,
      "Plan Width": 8,
      "Actual Startup Time": 976.613,
      "Actual Total Time": 1043.349,
      "Actual Rows": 1,
      "Actual Loops": 1,
      "Plans": [
        {
          "Node Type": "Gather",
          "Parent Relationship": "Outer",
          "Parallel Aware": false,
          "Startup Cost": 347056.1,
          "Total Cost": 347056.71,
          "Plan Rows": 6,
          "Plan Width": 8,
          "Actual Startup Time": 976.4,
          "Actual Total Time": 1043.336,
          "Actual Rows": 7,
          "Actual Loops": 1,
          "Workers Planned": 6,
          "Workers Launched": 6,
          "Single Copy": false,
          "Plans": [
            {
              "Node Type": "Aggregate",
              "Strategy": "Plain",
              "Partial Mode": "Partial",
              "Parent Relationship": "Outer",
              "Parallel Aware": false,
              "Startup Cost": 346056.1,
              "Total Cost": 346056.11,
              "Plan Rows": 1,
              "Plan Width": 8,
              "Actual Startup Time": 969.264,
              "Actual Total Time": 969.266,
              "Actual Rows": 1,
              "Actual Loops": 7,
              "Plans": [
                {
                  "Node Type": "Seq Scan",
                  "Parent Relationship": "Outer",
                  "Parallel Aware": true,
                  "Relation Name": "cast_info",
                  "Alias": "ci",
                  "Startup Cost": 0.0,
                  "Total Cost": 343316.27,
                  "Plan Rows": 1095930,
                  "Plan Width": 0,
                  "Actual Startup Time": 0.046,
                  "Actual Total Time": 891.797,
                  "Actual Rows": 1106823,
                  "Actual Loops": 7,
                  "Filter": "((person_id < 878428) AND (role_id < 5))",
                  "Rows Removed by Filter": 4070941
                }
              ]
            }
          ]
        }
      ]
    },
    "Planning Time": 0.231,
    "Triggers": [],
    "Execution Time": 1043.417
  }
]