[
  {
    "Plan": {
      "Node Type": "Aggregate",
      "Strategy": "Plain",
      "Partial Mode": "Finalize",
      "Parallel Aware": false,
      "Startup Cost": 623387.86,
      "Total Cost": 623387.87,
      "Plan Rows": 1,
      "Plan Width": 8,
      "Actual Startup Time": 6286.102,
      "Actual Total Time": 6372.506,
      "Actual Rows": 1,
      "Actual Loops": 1,
      "Plans": [
        {
          "Node Type": "Gather",
          "Parent Relationship": "Outer",
          "Parallel Aware": false,
          "Startup Cost": 623387.24,
          "Total Cost": 623387.85,
          "Plan Rows": 6,
          "Plan Width": 8,
          "Actual Startup Time": 6228.138,
          "Actual Total Time": 6372.489,
          "Actual Rows": 7,
          "Actual Loops": 1,
          "Workers Planned": 6,
          "Workers Launched": 6,
          "Single Copy": false,
          "Plans": [
            {
              "Node Type": "Aggregate",
              "Strategy": "Plain",
              "Partial Mode": "Partial",
              "Parent Relationship": "Outer",
              "Parallel Aware": false,
              "Startup Cost": 622387.24,
              "Total Cost": 622387.25,
              "Plan Rows": 1,
              "Plan Width": 8,
              "Actual Startup Time": 6206.608,
              "Actual Total Time": 6207.011,
              "Actual Rows": 1,
              "Actual Loops": 7,
              "Plans": [
                {
                  "Node Type": "Hash Join",
                  "Parent Relationship": "Outer",
                  "Parallel Aware": true,
                  "Join Type": "Inner",
                  "Startup Cost": 254041.04,
                  "Total Cost": 609192.29,
                  "Plan Rows": 5277978,
                  "Plan Width": 0,
                  "Actual Startup Time": 1261.448,
                  "Actual Total Time": 5358.608,
                  "Actual Rows": 21722136,
                  "Actual Loops": 7,
                  "Inner Unique": false,
                  "Hash Cond": "(ci.movie_id = t.id)",
                  "Plans": [
                    {
                      "Node Type": "Seq Scan",
                      "Parent Relationship": "Outer",
                      "Parallel Aware": true,
                      "Relation Name": "cast_info",
                      "Alias": "ci",
                      "Startup Cost": 0.0,
                      "Total Cost": 328162.03,
                      "Plan Rows": 4382205,
                      "Plan Width": 4,
                      "Actual Startup Time": 96.12,
                      "Actual Total Time": 580.157,
                      "Actual Rows": 3750237,
                      "Actual Loops": 7,
                      "Filter": "(person_id > 983415)",
                      "Rows Removed by Filter": 1427527
                    },
                    {
                      "Node Type": "Hash",
                      "Parent Relationship": "Inner",
                      "Parallel Aware": true,
                      "Startup Cost": 246428.28,
                      "Total Cost": 246428.28,
                      "Plan Rows": 609021,
                      "Plan Width": 8,
                      "Actual Startup Time": 1158.407,
                      "Actual Total Time": 1158.808,
                      "Actual Rows": 680329,
                      "Actual Loops": 7,
                      "Hash Buckets": 8388608,
                      "Original Hash Buckets": 4194304,
                      "Hash Batches": 1,
                      "Original Hash Batches": 1,
                      "Peak Memory Usage": 284736,
                      "Plans": [
                        {
                          "Node Type": "Hash Join",
                          "Parent Relationship": "Outer",
                          "Parallel Aware": true,
                          "Join Type": "Inner",
                          "Startup Cost": 47106.51,
                          "Total Cost": 246428.28,
                          "Plan Rows": 609021,
                          "Plan Width": 8,
                          "Actual Startup Time": 103.306,
                          "Actual Total Time": 776.042,
                          "Actual Rows": 680329,
                          "Actual Loops": 7,
                          "Inner Unique": true,
                          "Hash Cond": "(mi.movie_id = t.id)",
                          "Plans": [
                            {
                              "Node Type": "Seq Scan",
                              "Parent Relationship": "Outer",
                              "Parallel Aware": true,
                              "Relation Name": "movie_info",
                              "Alias": "mi",
                              "Startup Cost": 0.0,
                              "Total Cost": 191560.33,
                              "Plan Rows": 2956733,
                              "Plan Width": 4,
                              "Actual Startup Time": 0.025,
                              "Actual Total Time": 268.115,
                              "Actual Rows": 2119389,
                              "Actual Loops": 7
                            },
                            {
                              "Node Type": "Hash",
                              "Parent Relationship": "Inner",
                              "Parallel Aware": true,
                              "Startup Cost": 45479.1,
                              "Total Cost": 45479.1,
                              "Plan Rows": 130193,
                              "Plan Width": 4,
                              "Actual Startup Time": 101.605,
                              "Actual Total Time": 101.606,
                              "Actual Rows": 57696,
                              "Actual Loops": 7,
                              "Hash Buckets": 524288,
                              "Original Hash Buckets": 524288,
                              "Hash Batches": 1,
                              "Original Hash Batches": 1,
                              "Peak Memory Usage": 20000,
                              "Plans": [
                                {
                                  "Node Type": "Seq Scan",
                                  "Parent Relationship": "Outer",
                                  "Parallel Aware": true,
                                  "Relation Name": "title",
                                  "Alias": "t",
                                  "Startup Cost": 0.0,
                                  "Total Cost": 45479.1,
                                  "Plan Rows": 130193,
                                  "Plan Width": 4,
                                  "Actual Startup Time": 0.051,
                                  "Actual Total Time": 75.455,
                                  "Actual Rows": 57696,
                                  "Actual Loops": 7,
                                  "Filter": "((kind_id < 4) AND (production_year > 1997))",
                                  "Rows Removed by Filter": 303491
                                }
                              ]
                            }
                          ]
                        }
                      ]
                    }
                  ]
                }
              ]
            }
          ]
        }
      ]
    },
    "Planning Time": 1.373,
    "Triggers": [],
    "Execution Time": 6372.603
  }
]