[
  {
    "Plan": {
      "Node Type": "Aggregate",
      "Strategy": "Plain",
      "Partial Mode": "Finalize",
      "Parallel Aware": false,
      "Startup Cost": 350280.87,
      "Total Cost": 350280.88,
      "Plan Rows": 1,
      "Plan Width": 8,
      "Actual Startup Time": 912.581,
      "Actual Total Time": 961.357,
      "Actual Rows": 1,
      "Actual Loops": 1,
      "Plans": [
        {
          "Node Type": "Gather",
          "Parent Relationship": "Outer",
          "Parallel Aware": false,
          "Startup Cost": 350280.25,
          "Total Cost": 350280.86,
          "Plan Rows": 6,
          "Plan Width": 8,
          "Actual Startup Time": 912.441,
          "Actual Total Time": 961.347,
          "Actual Rows": 7,
          "Actual Loops": 1,
          "Workers Planned": 6,
          "Workers Launched": 6,
          "Single Copy": false,
          "Plans": [
            {
              "Node Type": "Aggregate",
              "Strategy": "Plain",
              "Partial Mode": "Partial",
              "Parent Relationship": "Outer",
              "Parallel Aware": false,
              "Startup Cost": 349280.25,
              "Total Cost": 349280.26,
              "Plan Rows": 1,
              "Plan Width": 8,
              "Actual Startup Time": 902.079,
              "Actual Total Time": 902.082,
              "Actual Rows": 1,
              "Actual Loops": 7,
              "Plans": [
                {
                  "Node Type": "Seq Scan",
                  "Parent Relationship": "Outer",
                  "Parallel Aware": true,
                  "Relation Name": "cast_info",
                  "Alias": "ci",
                  "Startup Cost": 0.0,
                  "Total Cost": 343316.27,
                  "Plan Rows": 2385591,
                  "Plan Width": 0,
                  "Actual Startup Time": 246.069,
                  "Actual Total Time": 753.042,
                  "Actual Rows": 2797176,
                  "Actual Loops": 7,
                  "Filter": "((person_id > 1413435) AND (role_id > 1))",
                  "Rows Removed by Filter": 2380588
                }
              ]
            }
          ]
        }
      ]
    },
    "Planning Time": 0.259,
    "Triggers": [],
    "Execution Time": 961.436
  }
]