[
  {
    "Plan": {
      "Node Type": "Aggregate",
      "Strategy": "Plain",
      "Partial Mode": "Finalize",
      "Parallel Aware": false,
      "Startup Cost": 44535.84,
      "Total Cost": 44535.85,
      "Plan Rows": 1,
      "Plan Width": 8,
      "Actual Startup Time": 115.643,
      "Actual Total Time": 125.04,
      "Actual Rows": 1,
      "Actual Loops": 1,
      "Plans": [
        {
          "Node Type": "Gather",
          "Parent Relationship": "Outer",
          "Parallel Aware": false,
          "Startup Cost": 44535.52,
          "Total Cost": 44535.83,
          "Plan Rows": 3,
          "Plan Width": 8,
          "Actual Startup Time": 115.526,
          "Actual Total Time": 125.028,
          "Actual Rows": 4,
          "Actual Loops": 1,
          "Workers Planned": 3,
          "Workers Launched": 3,
          "Single Copy": false,
          "Plans": [
            {
              "Node Type": "Aggregate",
              "Strategy": "Plain",
              "Partial Mode": "Partial",
              "Parent Relationship": "Outer",
              "Parallel Aware": false,
              "Startup Cost": 43535.52,
              "Total Cost": 43535.53,
              "Plan Rows": 1,
              "Plan Width": 8,
              "Actual Startup Time": 110.185,
              "Actual Total Time": 110.186,
              "Actual Rows": 1,
              "Actual Loops": 4,
              "Plans": [
                {
                  "Node Type": "Seq Scan",
                  "Parent Relationship": "Outer",
                  "Parallel Aware": true,
                  "Relation Name": "movie_keyword",
                  "Alias": "mk",
                  "Startup Cost": 0.0,
                  "Total Cost": 42695.65,
                  "Plan Rows": 335948,
                  "Plan Width": 0,
                  "Actual Startup Time": 2.272,
                  "Actual Total Time": 97.826,
                  "Actual Rows": 259108,
                  "Actual Loops": 4,
                  "Filter": "(keyword_id > 17114)",
                  "Rows Removed by Filter": 871874
                }
              ]
            }
          ]
        }
      ]
    },
    "Planning Time": 0.18,
    "Triggers": [],
    "Execution Time": 125.096
  }
]