[
  {
    "Plan": {
      "Node Type": "Aggregate",
      "Strategy": "Plain",
      "Partial Mode": "Finalize",
      "Parallel Aware": false,
      "Startup Cost": 160008.2,
      "Total Cost": 160008.21,
      "Plan Rows": 1,
      "Plan Width": 8,
      "Actual Startup Time": 119.921,
      "Actual Total Time": 137.99,
      "Actual Rows": 1,
      "Actual Loops": 1,
      "Plans": [
        {
          "Node Type": "Gather",
          "Parent Relationship": "Outer",
          "Parallel Aware": false,
          "Startup Cost": 160007.78,
          "Total Cost": 160008.19,
          "Plan Rows": 4,
          "Plan Width": 8,
          "Actual Startup Time": 119.804,
          "Actual Total Time": 137.982,
          "Actual Rows": 5,
          "Actual Loops": 1,
          "Workers Planned": 4,
          "Workers Launched": 4,
          "Single Copy": false,
          "Plans": [
            {
              "Node Type": "Aggregate",
              "Strategy": "Plain",
              "Partial Mode": "Partial",
              "Parent Relationship": "Outer",
              "Parallel Aware": false,
              "Startup Cost": 159007.78,
              "Total Cost": 159007.79,
              "Plan Rows": 1,
              "Plan Width": 8,
              "Actual Startup Time": 109.504,
              "Actual Total Time": 109.505,
              "Actual Rows": 1,
              "Actual Loops": 5,
              "Plans": [
                {
                  "Node Type": "Nested Loop",
                  "Parent Relationship": "Outer",
                  "Parallel Aware": false,
                  "Join Type": "Inner",
                  "Startup Cost": 0.56,
                  "Total Cost": 158974.38,
                  "Plan Rows": 13362,
                  "Plan Width": 0,
                  "Actual Startup Time": 1.075,
                  "Actual Total Time": 108.853,
                  "Actual Rows": 6262,
                  "Actual Loops": 5,
                  "Inner Unique": false,
                  "Plans": [
                    {
                      "Node Type": "Seq Scan",
                      "Parent Relationship": "Outer",
                      "Parallel Aware": true,
                      "Relation Name": "title",
                      "Alias": "t",
                      "Startup Cost": 0.0,
                      "Total Cost": 45479.1,
                      "Plan Rows": 932,
                      "Plan Width": 4,
                      "Actual Startup Time": 0.213,
                      "Actual Total Time": 74.611,
                      "Actual Rows": 820,
                      "Actual Loops": 5,
                      "Filter": "((kind_id > 1) AND (production_year = 1953))",
                      "Rows Removed by Filter": 504843
                    },
                    {
                      "Node Type": "Index Only Scan",
                      "Parent Relationship": "Inner",
                      "Parallel Aware": false,
                      "Scan Direction": "Forward",
                      "Index Name": "movie_id_cast_info",
                      "Relation Name": "cast_info",
                      "Alias": "ci",
                      "Startup Cost": 0.56,
                      "Total Cost": 121.41,
                      "Plan Rows": 37,
                      "Plan Width": 4,
                      "Actual Startup Time": 0.012,
                      "Actual Total Time": 0.04,
                      "Actual Rows": 8,
                      "Actual Loops": 4098,
                      "Index Cond": "(movie_id = t.id)",
                      "Rows Removed by Index Recheck": 0,
                      "Heap Fetches": 31311
                    }
                  ]
                }
              ]
            }
          ]
        }
      ]
    },
    "Planning Time": 0.549,
    "Triggers": [],
    "Execution Time": 138.057
  }
]