[
  {
    "Plan": {
      "Node Type": "Aggregate",
      "Strategy": "Plain",
      "Partial Mode": "Finalize",
      "Parallel Aware": false,
      "Startup Cost": 52780.24,
      "Total Cost": 52780.25,
      "Plan Rows": 1,
      "Plan Width": 8,
      "Actual Startup Time": 95.877,
      "Actual Total Time": 107.286,
      "Actual Rows": 1,
      "Actual Loops": 1,
      "Plans": [
        {
          "Node Type": "Gather",
          "Parent Relationship": "Outer",
          "Parallel Aware": false,
          "Startup Cost": 52779.82,
          "Total Cost": 52780.23,
          "Plan Rows": 4,
          "Plan Width": 8,
          "Actual Startup Time": 95.762,
          "Actual Total Time": 107.278,
          "Actual Rows": 5,
          "Actual Loops": 1,
          "Workers Planned": 4,
          "Workers Launched": 4,
          "Single Copy": false,
          "Plans": [
            {
              "Node Type": "Aggregate",
              "Strategy": "Plain",
              "Partial Mode": "Partial",
              "Parent Relationship": "Outer",
              "Parallel Aware": false,
              "Startup Cost": 51779.82,
              "Total Cost": 51779.83,
              "Plan Rows": 1,
              "Plan Width": 8,
              "Actual Startup Time": 86.141,
              "Actual Total Time": 86.143,
              "Actual Rows": 1,
              "Actual Loops": 5,
              "Plans": [
                {
                  "Node Type": "Nested Loop",
                  "Parent Relationship": "Outer",
                  "Parallel Aware": false,
                  "Join Type": "Inner",
                  "Startup Cost": 0.43,
                  "Total Cost": 51778.98,
                  "Plan Rows": 337,
                  "Plan Width": 0,
                  "Actual Startup Time": 15.551,
                  "Actual Total Time": 86.066,
                  "Actual Rows": 712,
                  "Actual Loops": 5,
                  "Inner Unique": false,
                  "Plans": [
                    {
                      "Node Type": "Seq Scan",
                      "Parent Relationship": "Outer",
                      "Parallel Aware": true,
                      "Relation Name": "title",
                      "Alias": "t",
                      "Startup Cost": 0.0,
                      "Total Cost": 45479.1,
                      "Plan Rows": 920,
                      "Plan Width": 4,
                      "Actual Startup Time": 1.552,
                      "Actual Total Time": 78.394,
                      "Actual Rows": 992,
                      "Actual Loops": 5,
                      "Filter": "((kind_id < 4) AND (production_year = 1964))",
                      "Rows Removed by Filter": 504670
                    },
                    {
                      "Node Type": "Index Scan",
                      "Parent Relationship": "Inner",
                      "Parallel Aware": false,
                      "Scan Direction": "Forward",
                      "Index Name": "movie_id_movie_info_idx",
                      "Relation Name": "movie_info_idx",
                      "Alias": "mi_idx",
                      "Startup Cost": 0.43,
                      "Total Cost": 6.83,
                      "Plan Rows": 2,
                      "Plan Width": 4,
                      "Actual Startup Time": 0.007,
                      "Actual Total Time": 0.007,
                      "Actual Rows": 1,
                      "Actual Loops": 4962,
                      "Index Cond": "(movie_id = t.id)",
                      "Rows Removed by Index Recheck": 0,
                      "Filter": "(info_type_id > 99)",
                      "Rows Removed by Filter": 0
                    }
                  ]
                }
              ]
            }
          ]
        }
      ]
    },
    "Planning Time": 0.606,
    "Triggers": [],
    "Execution Time": 107.356
  }
]