[
  {
    "Plan": {
      "Node Type": "Aggregate",
      "Strategy": "Plain",
      "Partial Mode": "Finalize",
      "Parallel Aware": false,
      "Startup Cost": 91326.3,
      "Total Cost": 91326.31,
      "Plan Rows": 1,
      "Plan Width": 8,
      "Actual Startup Time": 338.723,
      "Actual Total Time": 359.155,
      "Actual Rows": 1,
      "Actual Loops": 1,
      "Plans": [
        {
          "Node Type": "Gather",
          "Parent Relationship": "Outer",
          "Parallel Aware": false,
          "Startup Cost": 91325.98,
          "Total Cost": 91326.29,
          "Plan Rows": 3,
          "Plan Width": 8,
          "Actual Startup Time": 335.68,
          "Actual Total Time": 359.136,
          "Actual Rows": 4,
          "Actual Loops": 1,
          "Workers Planned": 3,
          "Workers Launched": 3,
          "Single Copy": false,
          "Plans": [
            {
              "Node Type": "Aggregate",
              "Strategy": "Plain",
              "Partial Mode": "Partial",
              "Parent Relationship": "Outer",
              "Parallel Aware": false,
              "Startup Cost": 90325.98,
              "Total Cost": 90325.99,
              "Plan Rows": 1,
              "Plan Width": 8,
              "Actual Startup Time": 330.525,
              "Actual Total Time": 330.529,
              "Actual Rows": 1,
              "Actual Loops": 4,
              "Plans": [
                {
                  "Node Type": "Hash Join",
                  "Parent Relationship": "Outer",
                  "Parallel Aware": true,
                  "Join Type": "Inner",
                  "Startup Cost": 44709.16,
                  "Total Cost": 90066.2,
                  "Plan Rows": 103915,
                  "Plan Width": 0,
                  "Actual Startup Time": 144.252,
                  "Actual Total Time": 324.72,
                  "Actual Rows": 136496,
                  "Actual Loops": 4,
                  "Inner Unique": true,
                  "Hash Cond": "(mk.movie_id = t.id)",
                  "Plans": [
                    {
                      "Node Type": "Seq Scan",
                      "Parent Relationship": "Outer",
                      "Parallel Aware": true,
                      "Relation Name": "movie_keyword",
                      "Alias": "mk",
                      "Startup Cost": 0.0,
                      "Total Cost": 42695.65,
                      "Plan Rows": 1013860,
                      "Plan Width": 4,
                      "Actual Startup Time": 0.031,
                      "Actual Total Time": 109.037,
                      "Actual Rows": 785882,
                      "Actual Loops": 4,
                      "Filter": "(keyword_id < 12097)",
                      "Rows Removed by Filter": 345100
                    },
                    {
                      "Node Type": "Hash",
                      "Parent Relationship": "Inner",
                      "Parallel Aware": true,
                      "Startup Cost": 43899.32,
                      "Total Cost": 43899.32,
                      "Plan Rows": 64787,
                      "Plan Width": 4,
                      "Actual Startup Time": 142.517,
                      "Actual Total Time": 142.519,
                      "Actual Rows": 68476,
                      "Actual Loops": 4,
                      "Hash Buckets": 524288,
                      "Original Hash Buckets": 262144,
                      "Hash Batches": 1,
                      "Original Hash Batches": 1,
                      "Peak Memory Usage": 16960,
                      "Plans": [
                        {
                          "Node Type": "Seq Scan",
                          "Parent Relationship": "Outer",
                          "Parallel Aware": true,
                          "Relation Name": "title",
                          "Alias": "t",
                          "Startup Cost": 0.0,
                          "Total Cost": 43899.32,
                          "Plan Rows": 64787,
                          "Plan Width": 4,
                          "Actual Startup Time": 0.029,
                          "Actual Total Time": 89.695,
                          "Actual Rows": 68476,
                          "Actual Loops": 4,
                          "Filter": "(production_year < 1963)",
                          "Rows Removed by Filter": 563602
                        }
                      ]
                    }
                  ]
                }
              ]
            }
          ]
        }
      ]
    },
    "Planning Time": 0.25,
    "Triggers": [],
    "Execution Time": 359.203
  }
]