[
  {
    "Plan": {
      "Node Type": "Aggregate",
      "Strategy": "Plain",
      "Partial Mode": "Finalize",
      "Parallel Aware": false,
      "Startup Cost": 33088.94,
      "Total Cost": 33088.95,
      "Plan Rows": 1,
      "Plan Width": 8,
      "Actual Startup Time": 109.47,
      "Actual Total Time": 114.739,
      "Actual Rows": 1,
      "Actual Loops": 1,
      "Plans": [
        {
          "Node Type": "Gather",
          "Parent Relationship": "Outer",
          "Parallel Aware": false,
          "Startup Cost": 33088.63,
          "Total Cost": 33088.94,
          "Plan Rows": 3,
          "Plan Width": 8,
          "Actual Startup Time": 109.36,
          "Actual Total Time": 114.729,
          "Actual Rows": 4,
          "Actual Loops": 1,
          "Workers Planned": 3,
          "Workers Launched": 3,
          "Single Copy": false,
          "Plans": [
            {
              "Node Type": "Aggregate",
              "Strategy": "Plain",
              "Partial Mode": "Partial",
              "Parent Relationship": "Outer",
              "Parallel Aware": false,
              "Startup Cost": 32088.63,
              "Total Cost": 32088.64,
              "Plan Rows": 1,
              "Plan Width": 8,
              "Actual Startup Time": 101.156,
              "Actual Total Time": 101.157,
              "Actual Rows": 1,
              "Actual Loops": 4,
              "Plans": [
                {
                  "Node Type": "Seq Scan",
                  "Parent Relationship": "Outer",
                  "Parallel Aware": true,
                  "Relation Name": "movie_companies",
                  "Alias": "mc",
                  "Startup Cost": 0.0,
                  "Total Cost": 31414.82,
                  "Plan Rows": 269523,
                  "Plan Width": 0,
                  "Actual Startup Time": 0.776,
                  "Actual Total Time": 89.739,
                  "Actual Rows": 159080,
                  "Actual Loops": 4,
                  "Filter": "((company_id > 2870) AND (company_type_id < 2))",
                  "Rows Removed by Filter": 493202
                }
              ]
            }
          ]
        }
      ]
    },
    "Planning Time": 0.096,
    "Triggers": [],
    "Execution Time": 114.777
  }
]