[
  {
    "Plan": {
      "Node Type": "Aggregate",
      "Strategy": "Plain",
      "Partial Mode": "Finalize",
      "Parallel Aware": false,
      "Startup Cost": 33092.65,
      "Total Cost": 33092.66,
      "Plan Rows": 1,
      "Plan Width": 8,
      "Actual Startup Time": 91.398,
      "Actual Total Time": 98.926,
      "Actual Rows": 1,
      "Actual Loops": 1,
      "Plans": [
        {
          "Node Type": "Gather",
          "Parent Relationship": "Outer",
          "Parallel Aware": false,
          "Startup Cost": 33092.33,
          "Total Cost": 33092.64,
          "Plan Rows": 3,
          "Plan Width": 8,
          "Actual Startup Time": 91.306,
          "Actual Total Time": 98.919,
          "Actual Rows": 4,
          "Actual Loops": 1,
          "Workers Planned": 3,
          "Workers Launched": 3,
          "Single Copy": false,
          "Plans": [
            {
              "Node Type": "Aggregate",
              "Strategy": "Plain",
              "Partial Mode": "Partial",
              "Parent Relationship": "Outer",
              "Parallel Aware": false,
              "Startup Cost": 32092.33,
              "Total Cost": 32092.34,
              "Plan Rows": 1,
              "Plan Width": 8,
              "Actual Startup Time": 85.108,
              "Actual Total Time": 85.109,
              "Actual Rows": 1,
              "Actual Loops": 4,
              "Plans": [
                {
                  "Node Type": "Seq Scan",
                  "Parent Relationship": "Outer",
                  "Parallel Aware": true,
                  "Relation Name": "movie_companies",
                  "Alias": "mc",
                  "Startup Cost": 0.0,
                  "Total Cost": 31414.82,
                  "Plan Rows": 271005,
                  "Plan Width": 0,
                  "Actual Startup Time": 2.235,
                  "Actual Total Time": 77.446,
                  "Actual Rows": 159080,
                  "Actual Loops": 4,
                  "Filter": "((company_id > 2870) AND (company_type_id < 2))",
                  "Rows Removed by Filter": 493202
                }
              ]
            }
          ]
        }
      ]
    },
    "Planning Time": 0.193,
    "Triggers": [],
    "Execution Time": 98.977
  }
]