[
  {
    "Plan": {
      "Node Type": "Aggregate",
      "Strategy": "Plain",
      "Partial Mode": "Finalize",
      "Parallel Aware": false,
      "Startup Cost": 73727.19,
      "Total Cost": 73727.2,
      "Plan Rows": 1,
      "Plan Width": 8,
      "Actual Startup Time": 411.218,
      "Actual Total Time": 426.593,
      "Actual Rows": 1,
      "Actual Loops": 1,
      "Plans": [
        {
          "Node Type": "Gather",
          "Parent Relationship": "Outer",
          "Parallel Aware": false,
          "Startup Cost": 73726.87,
          "Total Cost": 73727.18,
          "Plan Rows": 3,
          "Plan Width": 8,
          "Actual Startup Time": 402.763,
          "Actual Total Time": 426.584,
          "Actual Rows": 4,
          "Actual Loops": 1,
          "Workers Planned": 3,
          "Workers Launched": 3,
          "Single Copy": false,
          "Plans": [
            {
              "Node Type": "Aggregate",
              "Strategy": "Plain",
              "Partial Mode": "Partial",
              "Parent Relationship": "Outer",
              "Parallel Aware": false,
              "Startup Cost": 72726.87,
              "Total Cost": 72726.88,
              "Plan Rows": 1,
              "Plan Width": 8,
              "Actual Startup Time": 389.029,
              "Actual Total Time": 389.034,
              "Actual Rows": 1,
              "Actual Loops": 4,
              "Plans": [
                {
                  "Node Type": "Hash Join",
                  "Parent Relationship": "Outer",
                  "Parallel Aware": true,
                  "Join Type": "Inner",
                  "Startup Cost": 53165.71,
                  "Total Cost": 72673.03,
                  "Plan Rows": 21538,
                  "Plan Width": 0,
                  "Actual Startup Time": 349.96,
                  "Actual Total Time": 387.659,
                  "Actual Rows": 27816,
                  "Actual Loops": 4,
                  "Inner Unique": true,
                  "Hash Cond": "(mc.movie_id = t.id)",
                  "Plans": [
                    {
                      "Node Type": "Bitmap Heap Scan",
                      "Parent Relationship": "Outer",
                      "Parallel Aware": true,
                      "Relation Name": "movie_companies",
                      "Alias": "mc",
                      "Startup Cost": 2945.33,
                      "Total Cost": 22396.11,
                      "Plan Rows": 21538,
                      "Plan Width": 4,
                      "Actual Startup Time": 7.602,
                      "Actual Total Time": 25.467,
                      "Actual Rows": 27816,
                      "Actual Loops": 4,
                      "Recheck Cond": "(company_id < 27)",
                      "Rows Removed by Index Recheck": 0,
                      "Filter": "(company_type_id = 1)",
                      "Rows Removed by Filter": 5885,
                      "Exact Heap Blocks": 4402,
                      "Lossy Heap Blocks": 0,
                      "Plans": [
                        {
                          "Node Type": "Bitmap Index Scan",
                          "Parent Relationship": "Outer",
                          "Parallel Aware": false,
                          "Index Name": "company_id_movie_companies",
                          "Startup Cost": 0.0,
                          "Total Cost": 2928.64,
                          "Plan Rows": 136561,
                          "Plan Width": 0,
                          "Actual Startup Time": 6.201,
                          "Actual Total Time": 6.202,
                          "Actual Rows": 134807,
                          "Actual Loops": 1,
                          "Index Cond": "(company_id < 27)"
                        }
                      ]
                    },
                    {
                      "Node Type": "Hash",
                      "Parent Relationship": "Inner",
                      "Parallel Aware": true,
                      "Startup Cost": 42319.06,
                      "Total Cost": 42319.06,
                      "Plan Rows": 632106,
                      "Plan Width": 4,
                      "Actual Startup Time": 333.274,
                      "Actual Total Time": 333.275,
                      "Actual Rows": 632078,
                      "Actual Loops": 4,
                      "Hash Buckets": 4194304,
                      "Original Hash Buckets": 4194304,
                      "Hash Batches": 1,
                      "Original Hash Batches": 1,
                      "Peak Memory Usage": 131744,
                      "Plans": [
                        {
                          "Node Type": "Seq Scan",
                          "Parent Relationship": "Outer",
                          "Parallel Aware": true,
                          "Relation Name": "title",
                          "Alias": "t",
                          "Startup Cost": 0.0,
                          "Total Cost": 42319.06,
                          "Plan Rows": 632106,
                          "Plan Width": 4,
                          "Actual Startup Time": 0.043,
                          "Actual Total Time": 98.239,
                          "Actual Rows": 632078,
                          "Actual Loops": 4
                        }
                      ]
                    }
                  ]
                }
              ]
            }
          ]
        }
      ]
    },
    "Planning Time": 0.532,
    "Triggers": [],
    "Execution Time": 426.643
  }
]