[
    {
        "Bao": {
            "Bao prediction": "NaN",
            "Bao recommended hint": "(no hint)"
        }
    },
    {
        "Plan": {
            "Node Type": "Aggregate",
            "Strategy": "Plain",
            "Partial Mode": "Finalize",
            "Parallel Aware": false,
            "Startup Cost": 296665.69,
            "Total Cost": 296665.7,
            "Plan Rows": 1,
            "Plan Width": 8,
            "Actual Startup Time": 1679.824,
            "Actual Total Time": 1710.85,
            "Actual Rows": 1,
            "Actual Loops": 1,
            "Output": [
                "count(*)"
            ],
            "Plans": [
                {
                    "Node Type": "Gather",
                    "Parent Relationship": "Outer",
                    "Parallel Aware": false,
                    "Startup Cost": 296665.17,
                    "Total Cost": 296665.68,
                    "Plan Rows": 5,
                    "Plan Width": 8,
                    "Actual Startup Time": 1663.727,
                    "Actual Total Time": 1710.839,
                    "Actual Rows": 6,
                    "Actual Loops": 1,
                    "Output": [
                        "(PARTIAL count(*))"
                    ],
                    "Workers Planned": 5,
                    "Workers Launched": 5,
                    "Single Copy": false,
                    "Plans": [
                        {
                            "Node Type": "Aggregate",
                            "Strategy": "Plain",
                            "Partial Mode": "Partial",
                            "Parent Relationship": "Outer",
                            "Parallel Aware": false,
                            "Startup Cost": 295665.17,
                            "Total Cost": 295665.18,
                            "Plan Rows": 1,
                            "Plan Width": 8,
                            "Actual Startup Time": 1653.239,
                            "Actual Total Time": 1653.348,
                            "Actual Rows": 1,
                            "Actual Loops": 6,
                            "Output": [
                                "PARTIAL count(*)"
                            ],
                            "Workers": [
                                {
                                    "Worker Number": 0,
                                    "Actual Startup Time": 1650.188,
                                    "Actual Total Time": 1650.195,
                                    "Actual Rows": 1,
                                    "Actual Loops": 1
                                },
                                {
                                    "Worker Number": 1,
                                    "Actual Startup Time": 1650.851,
                                    "Actual Total Time": 1650.856,
                                    "Actual Rows": 1,
                                    "Actual Loops": 1
                                },
                                {
                                    "Worker Number": 2,
                                    "Actual Startup Time": 1651.348,
                                    "Actual Total Time": 1651.353,
                                    "Actual Rows": 1,
                                    "Actual Loops": 1
                                },
                                {
                                    "Worker Number": 3,
                                    "Actual Startup Time": 1651.448,
                                    "Actual Total Time": 1651.453,
                                    "Actual Rows": 1,
                                    "Actual Loops": 1
                                },
                                {
                                    "Worker Number": 4,
                                    "Actual Startup Time": 1652.62,
                                    "Actual Total Time": 1652.627,
                                    "Actual Rows": 1,
                                    "Actual Loops": 1
                                }
                            ],
                            "Plans": [
                                {
                                    "Node Type": "Hash Join",
                                    "Parent Relationship": "Outer",
                                    "Parallel Aware": true,
                                    "Join Type": "Inner",
                                    "Startup Cost": 91217.85,
                                    "Total Cost": 294845.28,
                                    "Plan Rows": 327958,
                                    "Plan Width": 0,
                                    "Actual Startup Time": 350.399,
                                    "Actual Total Time": 1428.757,
                                    "Actual Rows": 4581303,
                                    "Actual Loops": 6,
                                    "Inner Unique": false,
                                    "Hash Cond": "(mi.movie_id = t.id)",
                                    "Workers": [
                                        {
                                            "Worker Number": 0,
                                            "Actual Startup Time": 347.436,
                                            "Actual Total Time": 1428.32,
                                            "Actual Rows": 3797762,
                                            "Actual Loops": 1
                                        },
                                        {
                                            "Worker Number": 1,
                                            "Actual Startup Time": 348.107,
                                            "Actual Total Time": 1429.657,
                                            "Actual Rows": 5487561,
                                            "Actual Loops": 1
                                        },
                                        {
                                            "Worker Number": 2,
                                            "Actual Startup Time": 348.618,
                                            "Actual Total Time": 1429.541,
                                            "Actual Rows": 5509993,
                                            "Actual Loops": 1
                                        },
                                        {
                                            "Worker Number": 3,
                                            "Actual Startup Time": 348.697,
                                            "Actual Total Time": 1421.713,
                                            "Actual Rows": 3508157,
                                            "Actual Loops": 1
                                        },
                                        {
                                            "Worker Number": 4,
                                            "Actual Startup Time": 349.309,
                                            "Actual Total Time": 1429.494,
                                            "Actual Rows": 3398586,
                                            "Actual Loops": 1
                                        }
                                    ],
                                    "Plans": [
                                        {
                                            "Node Type": "Seq Scan",
                                            "Parent Relationship": "Outer",
                                            "Parallel Aware": true,
                                            "Relation Name": "movie_info",
                                            "Schema": "public",
                                            "Alias": "mi",
                                            "Startup Cost": 0.0,
                                            "Total Cost": 191503.19,
                                            "Plan Rows": 2951019,
                                            "Plan Width": 4,
                                            "Actual Startup Time": 0.037,
                                            "Actual Total Time": 303.916,
                                            "Actual Rows": 2472620,
                                            "Actual Loops": 6,
                                            "Output": [
                                                "mi.id",
                                                "mi.movie_id",
                                                "mi.info_type_id",
                                                "mi.info",
                                                "mi.note"
                                            ],
                                            "Workers": [
                                                {
                                                    "Worker Number": 0,
                                                    "Actual Startup Time": 0.062,
                                                    "Actual Total Time": 302.996,
                                                    "Actual Rows": 2192387,
                                                    "Actual Loops": 1
                                                },
                                                {
                                                    "Worker Number": 1,
                                                    "Actual Startup Time": 0.022,
                                                    "Actual Total Time": 315.509,
                                                    "Actual Rows": 2876236,
                                                    "Actual Loops": 1
                                                },
                                                {
                                                    "Worker Number": 2,
                                                    "Actual Startup Time": 0.026,
                                                    "Actual Total Time": 314.823,
                                                    "Actual Rows": 2897575,
                                                    "Actual Loops": 1
                                                },
                                                {
                                                    "Worker Number": 3,
                                                    "Actual Startup Time": 0.03,
                                                    "Actual Total Time": 319.19,
                                                    "Actual Rows": 1869656,
                                                    "Actual Loops": 1
                                                },
                                                {
                                                    "Worker Number": 4,
                                                    "Actual Startup Time": 0.072,
                                                    "Actual Total Time": 309.095,
                                                    "Actual Rows": 1786046,
                                                    "Actual Loops": 1
                                                }
                                            ]
                                        },
                                        {
                                            "Node Type": "Hash",
                                            "Parent Relationship": "Inner",
                                            "Parallel Aware": true,
                                            "Startup Cost": 90084.86,
                                            "Total Cost": 90084.86,
                                            "Plan Rows": 90639,
                                            "Plan Width": 8,
                                            "Actual Startup Time": 347.381,
                                            "Actual Total Time": 347.489,
                                            "Actual Rows": 105214,
                                            "Actual Loops": 6,
                                            "Output": [
                                                "t.id",
                                                "mk.movie_id"
                                            ],
                                            "Hash Buckets": 1048576,
                                            "Original Hash Buckets": 524288,
                                            "Hash Batches": 1,
                                            "Original Hash Batches": 1,
                                            "Peak Memory Usage": 37088,
                                            "Workers": [
                                                {
                                                    "Worker Number": 0,
                                                    "Actual Startup Time": 346.161,
                                                    "Actual Total Time": 346.166,
                                                    "Actual Rows": 101512,
                                                    "Actual Loops": 1
                                                },
                                                {
                                                    "Worker Number": 1,
                                                    "Actual Startup Time": 346.735,
                                                    "Actual Total Time": 346.739,
                                                    "Actual Rows": 112005,
                                                    "Actual Loops": 1
                                                },
                                                {
                                                    "Worker Number": 2,
                                                    "Actual Startup Time": 347.254,
                                                    "Actual Total Time": 347.258,
                                                    "Actual Rows": 113407,
                                                    "Actual Loops": 1
                                                },
                                                {
                                                    "Worker Number": 3,
                                                    "Actual Startup Time": 347.241,
                                                    "Actual Total Time": 347.245,
                                                    "Actual Rows": 82746,
                                                    "Actual Loops": 1
                                                },
                                                {
                                                    "Worker Number": 4,
                                                    "Actual Startup Time": 347.721,
                                                    "Actual Total Time": 347.725,
                                                    "Actual Rows": 76944,
                                                    "Actual Loops": 1
                                                }
                                            ],
                                            "Plans": [
                                                {
                                                    "Node Type": "Hash Join",
                                                    "Parent Relationship": "Outer",
                                                    "Parallel Aware": true,
                                                    "Join Type": "Inner",
                                                    "Startup Cost": 62149.01,
                                                    "Total Cost": 90084.86,
                                                    "Plan Rows": 90639,
                                                    "Plan Width": 8,
                                                    "Actual Startup Time": 197.813,
                                                    "Actual Total Time": 301.03,
                                                    "Actual Rows": 105214,
                                                    "Actual Loops": 6,
                                                    "Output": [
                                                        "t.id",
                                                        "mk.movie_id"
                                                    ],
                                                    "Inner Unique": true,
                                                    "Hash Cond": "(mk.movie_id = t.id)",
                                                    "Workers": [
                                                        {
                                                            "Worker Number": 0,
                                                            "Actual Startup Time": 196.609,
                                                            "Actual Total Time": 299.826,
                                                            "Actual Rows": 101512,
                                                            "Actual Loops": 1
                                                        },
                                                        {
                                                            "Worker Number": 1,
                                                            "Actual Startup Time": 196.916,
                                                            "Actual Total Time": 300.319,
                                                            "Actual Rows": 112005,
                                                            "Actual Loops": 1
                                                        },
                                                        {
                                                            "Worker Number": 2,
                                                            "Actual Startup Time": 198.023,
                                                            "Actual Total Time": 300.438,
                                                            "Actual Rows": 113407,
                                                            "Actual Loops": 1
                                                        },
                                                        {
                                                            "Worker Number": 3,
                                                            "Actual Startup Time": 197.668,
                                                            "Actual Total Time": 301.464,
                                                            "Actual Rows": 82746,
                                                            "Actual Loops": 1
                                                        },
                                                        {
                                                            "Worker Number": 4,
                                                            "Actual Startup Time": 198.48,
                                                            "Actual Total Time": 302.267,
                                                            "Actual Rows": 76944,
                                                            "Actual Loops": 1
                                                        }
                                                    ],
                                                    "Plans": [
                                                        {
                                                            "Node Type": "Bitmap Heap Scan",
                                                            "Parent Relationship": "Outer",
                                                            "Parallel Aware": true,
                                                            "Relation Name": "movie_keyword",
                                                            "Schema": "public",
                                                            "Alias": "mk",
                                                            "Startup Cost": 15139.11,
                                                            "Total Cost": 42470.68,
                                                            "Plan Rows": 230205,
                                                            "Plan Width": 4,
                                                            "Actual Startup Time": 44.076,
                                                            "Actual Total Time": 99.827,
                                                            "Actual Rows": 118610,
                                                            "Actual Loops": 6,
                                                            "Output": [
                                                                "mk.id",
                                                                "mk.movie_id",
                                                                "mk.keyword_id"
                                                            ],
                                                            "Recheck Cond": "(mk.keyword_id < 613)",
                                                            "Rows Removed by Index Recheck": 0,
                                                            "Exact Heap Blocks": 6152,
                                                            "Lossy Heap Blocks": 0,
                                                            "Workers": [
                                                                {
                                                                    "Worker Number": 0,
                                                                    "Actual Startup Time": 44.28,
                                                                    "Actual Total Time": 101.12,
                                                                    "Actual Rows": 110271,
                                                                    "Actual Loops": 1
                                                                },
                                                                {
                                                                    "Worker Number": 1,
                                                                    "Actual Startup Time": 43.953,
                                                                    "Actual Total Time": 100.517,
                                                                    "Actual Rows": 121858,
                                                                    "Actual Loops": 1
                                                                },
                                                                {
                                                                    "Worker Number": 2,
                                                                    "Actual Startup Time": 44.078,
                                                                    "Actual Total Time": 100.201,
                                                                    "Actual Rows": 123722,
                                                                    "Actual Loops": 1
                                                                },
                                                                {
                                                                    "Worker Number": 3,
                                                                    "Actual Startup Time": 43.957,
                                                                    "Actual Total Time": 100.934,
                                                                    "Actual Rows": 92473,
                                                                    "Actual Loops": 1
                                                                },
                                                                {
                                                                    "Worker Number": 4,
                                                                    "Actual Startup Time": 44.414,
                                                                    "Actual Total Time": 102.121,
                                                                    "Actual Rows": 86324,
                                                                    "Actual Loops": 1
                                                                }
                                                            ],
                                                            "Plans": [
                                                                {
                                                                    "Node Type": "Bitmap Index Scan",
                                                                    "Parent Relationship": "Outer",
                                                                    "Parallel Aware": false,
                                                                    "Index Name": "keyword_id_movie_keyword",
                                                                    "Startup Cost": 0.0,
                                                                    "Total Cost": 14960.7,
                                                                    "Plan Rows": 713636,
                                                                    "Plan Width": 0,
                                                                    "Actual Startup Time": 40.278,
                                                                    "Actual Total Time": 40.278,
                                                                    "Actual Rows": 711658,
                                                                    "Actual Loops": 1,
                                                                    "Index Cond": "(mk.keyword_id < 613)"
                                                                }
                                                            ]
                                                        },
                                                        {
                                                            "Node Type": "Hash",
                                                            "Parent Relationship": "Inner",
                                                            "Parallel Aware": true,
                                                            "Startup Cost": 43899.01,
                                                            "Total Cost": 43899.01,
                                                            "Plan Rows": 248871,
                                                            "Plan Width": 4,
                                                            "Actual Startup Time": 151.59,
                                                            "Actual Total Time": 151.591,
                                                            "Actual Rows": 164175,
                                                            "Actual Loops": 6,
                                                            "Output": [
                                                                "t.id"
                                                            ],
                                                            "Hash Buckets": 1048576,
                                                            "Original Hash Buckets": 1048576,
                                                            "Hash Batches": 1,
                                                            "Original Hash Batches": 1,
                                                            "Peak Memory Usage": 46880,
                                                            "Workers": [
                                                                {
                                                                    "Worker Number": 0,
                                                                    "Actual Startup Time": 152.053,
                                                                    "Actual Total Time": 152.054,
                                                                    "Actual Rows": 160486,
                                                                    "Actual Loops": 1
                                                                },
                                                                {
                                                                    "Worker Number": 1,
                                                                    "Actual Startup Time": 152.676,
                                                                    "Actual Total Time": 152.677,
                                                                    "Actual Rows": 178400,
                                                                    "Actual Loops": 1
                                                                },
                                                                {
                                                                    "Worker Number": 2,
                                                                    "Actual Startup Time": 153.219,
                                                                    "Actual Total Time": 153.22,
                                                                    "Actual Rows": 180799,
                                                                    "Actual Loops": 1
                                                                },
                                                                {
                                                                    "Worker Number": 3,
                                                                    "Actual Startup Time": 153.282,
                                                                    "Actual Total Time": 153.283,
                                                                    "Actual Rows": 125170,
                                                                    "Actual Loops": 1
                                                                },
                                                                {
                                                                    "Worker Number": 4,
                                                                    "Actual Startup Time": 153.771,
                                                                    "Actual Total Time": 153.772,
                                                                    "Actual Rows": 116774,
                                                                    "Actual Loops": 1
                                                                }
                                                            ],
                                                            "Plans": [
                                                                {
                                                                    "Node Type": "Seq Scan",
                                                                    "Parent Relationship": "Outer",
                                                                    "Parallel Aware": true,
                                                                    "Relation Name": "title",
                                                                    "Schema": "public",
                                                                    "Alias": "t",
                                                                    "Startup Cost": 0.0,
                                                                    "Total Cost": 43899.01,
                                                                    "Plan Rows": 248871,
                                                                    "Plan Width": 4,
                                                                    "Actual Startup Time": 0.048,
                                                                    "Actual Total Time": 82.484,
                                                                    "Actual Rows": 164175,
                                                                    "Actual Loops": 6,
                                                                    "Output": [
                                                                        "t.id"
                                                                    ],
                                                                    "Filter": "(t.kind_id < 7)",
                                                                    "Rows Removed by Filter": 257211,
                                                                    "Workers": [
                                                                        {
                                                                            "Worker Number": 0,
                                                                            "Actual Startup Time": 0.063,
                                                                            "Actual Total Time": 80.789,
                                                                            "Actual Rows": 160486,
                                                                            "Actual Loops": 1
                                                                        },
                                                                        {
                                                                            "Worker Number": 1,
                                                                            "Actual Startup Time": 0.038,
                                                                            "Actual Total Time": 82.775,
                                                                            "Actual Rows": 178400,
                                                                            "Actual Loops": 1
                                                                        },
                                                                        {
                                                                            "Worker Number": 2,
                                                                            "Actual Startup Time": 0.064,
                                                                            "Actual Total Time": 83.341,
                                                                            "Actual Rows": 180799,
                                                                            "Actual Loops": 1
                                                                        },
                                                                        {
                                                                            "Worker Number": 3,
                                                                            "Actual Startup Time": 0.052,
                                                                            "Actual Total Time": 85.697,
                                                                            "Actual Rows": 125170,
                                                                            "Actual Loops": 1
                                                                        },
                                                                        {
                                                                            "Worker Number": 4,
                                                                            "Actual Startup Time": 0.055,
                                                                            "Actual Total Time": 83.772,
                                                                            "Actual Rows": 116774,
                                                                            "Actual Loops": 1
                                                                        }
                                                                    ]
                                                                }
                                                            ]
                                                        }
                                                    ]
                                                }
                                            ]
                                        }
                                    ]
                                }
                            ]
                        }
                    ]
                }
            ]
        },
        "Planning Time": 239.505,
        "Triggers": [],
        "Execution Time": 1711.01
    }
]