[
    {
        "Bao": {
            "Bao prediction": "NaN",
            "Bao recommended hint": "(no hint)"
        }
    },
    {
        "Plan": {
            "Node Type": "Aggregate",
            "Strategy": "Plain",
            "Partial Mode": "Finalize",
            "Parallel Aware": false,
            "Startup Cost": 29418.68,
            "Total Cost": 29418.69,
            "Plan Rows": 1,
            "Plan Width": 8,
            "Actual Startup Time": 74.016,
            "Actual Total Time": 79.099,
            "Actual Rows": 1,
            "Actual Loops": 1,
            "Output": [
                "count(*)"
            ],
            "Plans": [
                {
                    "Node Type": "Gather",
                    "Parent Relationship": "Outer",
                    "Parallel Aware": false,
                    "Startup Cost": 29418.36,
                    "Total Cost": 29418.67,
                    "Plan Rows": 3,
                    "Plan Width": 8,
                    "Actual Startup Time": 73.784,
                    "Actual Total Time": 79.091,
                    "Actual Rows": 4,
                    "Actual Loops": 1,
                    "Output": [
                        "(PARTIAL count(*))"
                    ],
                    "Workers Planned": 3,
                    "Workers Launched": 3,
                    "Single Copy": false,
                    "Plans": [
                        {
                            "Node Type": "Aggregate",
                            "Strategy": "Plain",
                            "Partial Mode": "Partial",
                            "Parent Relationship": "Outer",
                            "Parallel Aware": false,
                            "Startup Cost": 28418.36,
                            "Total Cost": 28418.37,
                            "Plan Rows": 1,
                            "Plan Width": 8,
                            "Actual Startup Time": 65.347,
                            "Actual Total Time": 65.349,
                            "Actual Rows": 1,
                            "Actual Loops": 4,
                            "Output": [
                                "PARTIAL count(*)"
                            ],
                            "Workers": [
                                {
                                    "Worker Number": 0,
                                    "Actual Startup Time": 62.453,
                                    "Actual Total Time": 62.455,
                                    "Actual Rows": 1,
                                    "Actual Loops": 1
                                },
                                {
                                    "Worker Number": 1,
                                    "Actual Startup Time": 62.458,
                                    "Actual Total Time": 62.459,
                                    "Actual Rows": 1,
                                    "Actual Loops": 1
                                },
                                {
                                    "Worker Number": 2,
                                    "Actual Startup Time": 62.972,
                                    "Actual Total Time": 62.973,
                                    "Actual Rows": 1,
                                    "Actual Loops": 1
                                }
                            ],
                            "Plans": [
                                {
                                    "Node Type": "Bitmap Heap Scan",
                                    "Parent Relationship": "Outer",
                                    "Parallel Aware": true,
                                    "Relation Name": "movie_companies",
                                    "Schema": "public",
                                    "Alias": "mc",
                                    "Startup Cost": 7871.05,
                                    "Total Cost": 28125.48,
                                    "Plan Rows": 117154,
                                    "Plan Width": 0,
                                    "Actual Startup Time": 13.935,
                                    "Actual Total Time": 59.139,
                                    "Actual Rows": 89089,
                                    "Actual Loops": 4,
                                    "Recheck Cond": "(mc.company_id < 180)",
                                    "Rows Removed by Index Recheck": 0,
                                    "Exact Heap Blocks": 9982,
                                    "Lossy Heap Blocks": 0,
                                    "Workers": [
                                        {
                                            "Worker Number": 0,
                                            "Actual Startup Time": 11.183,
                                            "Actual Total Time": 57.078,
                                            "Actual Rows": 47262,
                                            "Actual Loops": 1
                                        },
                                        {
                                            "Worker Number": 1,
                                            "Actual Startup Time": 11.096,
                                            "Actual Total Time": 57.031,
                                            "Actual Rows": 47338,
                                            "Actual Loops": 1
                                        },
                                        {
                                            "Worker Number": 2,
                                            "Actual Startup Time": 11.593,
                                            "Actual Total Time": 57.738,
                                            "Actual Rows": 51408,
                                            "Actual Loops": 1
                                        }
                                    ],
                                    "Plans": [
                                        {
                                            "Node Type": "Bitmap Index Scan",
                                            "Parent Relationship": "Outer",
                                            "Parallel Aware": false,
                                            "Index Name": "company_id_movie_companies",
                                            "Startup Cost": 0.0,
                                            "Total Cost": 7780.26,
                                            "Plan Rows": 363177,
                                            "Plan Width": 0,
                                            "Actual Startup Time": 18.937,
                                            "Actual Total Time": 18.938,
                                            "Actual Rows": 356356,
                                            "Actual Loops": 1,
                                            "Index Cond": "(mc.company_id < 180)"
                                        }
                                    ]
                                }
                            ]
                        }
                    ]
                }
            ]
        },
        "Planning Time": 212.68,
        "Triggers": [],
        "Execution Time": 79.153
    }
]