{
  "Plan": {
    "Node Type": "Aggregate",
    "Strategy": "Plain",
    "Partial Mode": "Finalize",
    "Parallel Aware": false,
    "Startup Cost": 77171.76,
    "Total Cost": 77171.77,
    "Plan Rows": 1,
    "Plan Width": 8,
    "Actual Startup Time": 99.967,
    "Actual Total Time": 112.998,
    "Actual Rows": 1,
    "Actual Loops": 1,
    "Plans": [
      {
        "Node Type": "Gather",
        "Parent Relationship": "Outer",
        "Parallel Aware": false,
        "Startup Cost": 77171.64,
        "Total Cost": 77171.75,
        "Plan Rows": 1,
        "Plan Width": 8,
        "Actual Startup Time": 99.775,
        "Actual Total Time": 112.99,
        "Actual Rows": 2,
        "Actual Loops": 1,
        "Workers Planned": 1,
        "Workers Launched": 1,
        "Single Copy": false,
        "Plans": [
          {
            "Node Type": "Aggregate",
            "Strategy": "Plain",
            "Partial Mode": "Partial",
            "Parent Relationship": "Outer",
            "Parallel Aware": false,
            "Startup Cost": 76171.64,
            "Total Cost": 76171.65,
            "Plan Rows": 1,
            "Plan Width": 8,
            "Actual Startup Time": 93.625,
            "Actual Total Time": 93.627,
            "Actual Rows": 1,
            "Actual Loops": 2,
            "Plans": [
              {
                "Node Type": "Nested Loop",
                "Parent Relationship": "Outer",
                "Parallel Aware": false,
                "Join Type": "Inner",
                "Startup Cost": 1618.08,
                "Total Cost": 76168.21,
                "Plan Rows": 1374,
                "Plan Width": 0,
                "Actual Startup Time": 22.497,
                "Actual Total Time": 93.304,
                "Actual Rows": 2224,
                "Actual Loops": 2,
                "Inner Unique": false,
                "Plans": [
                  {
                    "Node Type": "Bitmap Heap Scan",
                    "Parent Relationship": "Outer",
                    "Parallel Aware": true,
                    "Relation Name": "title",
                    "Alias": "t",
                    "Startup Cost": 1617.65,
                    "Total Cost": 38415.78,
                    "Plan Rows": 2623,
                    "Plan Width": 4,
                    "Actual Startup Time": 22.339,
                    "Actual Total Time": 73.901,
                    "Actual Rows": 2029,
                    "Actual Loops": 2,
                    "Recheck Cond": "(kind_id = 2)",
                    "Rows Removed by Index Recheck": 0,
                    "Filter": "(production_year = 2007)",
                    "Rows Removed by Filter": 43397,
                    "Exact Heap Blocks": 18341,
                    "Lossy Heap Blocks": 0,
                    "Plans": [
                      {
                        "Node Type": "Bitmap Index Scan",
                        "Parent Relationship": "Outer",
                        "Parallel Aware": false,
                        "Index Name": "kind_id_title",
                        "Startup Cost": 0.0,
                        "Total Cost": 1616.54,
                        "Plan Rows": 90681,
                        "Plan Width": 0,
                        "Actual Startup Time": 19.66,
                        "Actual Total Time": 19.661,
                        "Actual Rows": 90852,
                        "Actual Loops": 1,
                        "Index Cond": "(kind_id = 2)"
                      }
                    ]
                  },
                  {
                    "Node Type": "Index Scan",
                    "Parent Relationship": "Inner",
                    "Parallel Aware": false,
                    "Scan Direction": "Forward",
                    "Index Name": "movie_id_movie_companies",
                    "Relation Name": "movie_companies",
                    "Alias": "mc",
                    "Startup Cost": 0.43,
                    "Total Cost": 14.36,
                    "Plan Rows": 3,
                    "Plan Width": 4,
                    "Actual Startup Time": 0.009,
                    "Actual Total Time": 0.009,
                    "Actual Rows": 1,
                    "Actual Loops": 4058,
                    "Index Cond": "(movie_id = t.id)",
                    "Rows Removed by Index Recheck": 0,
                    "Filter": "(company_type_id > 1)",
                    "Rows Removed by Filter": 1
                  }
                ]
              }
            ]
          }
        ]
      }
    ]
  },
  "Planning Time": 0.454,
  "Triggers": [],
  "Execution Time": 113.089
}