[
  {
    "Plan": {
      "Node Type": "Aggregate",
      "Strategy": "Plain",
      "Partial Mode": "Finalize",
      "Parallel Aware": false,
      "Startup Cost": 300874.25,
      "Total Cost": 300874.26,
      "Plan Rows": 1,
      "Plan Width": 8,
      "Actual Startup Time": 171.534,
      "Actual Total Time": 184.077,
      "Actual Rows": 1,
      "Actual Loops": 1,
      "Plans": [
        {
          "Node Type": "Gather",
          "Parent Relationship": "Outer",
          "Parallel Aware": false,
          "Startup Cost": 300873.63,
          "Total Cost": 300874.24,
          "Plan Rows": 6,
          "Plan Width": 8,
          "Actual Startup Time": 170.807,
          "Actual Total Time": 184.065,
          "Actual Rows": 7,
          "Actual Loops": 1,
          "Workers Planned": 6,
          "Workers Launched": 6,
          "Single Copy": false,
          "Plans": [
            {
              "Node Type": "Aggregate",
              "Strategy": "Plain",
              "Partial Mode": "Partial",
              "Parent Relationship": "Outer",
              "Parallel Aware": false,
              "Startup Cost": 299873.63,
              "Total Cost": 299873.64,
              "Plan Rows": 1,
              "Plan Width": 8,
              "Actual Startup Time": 163.468,
              "Actual Total Time": 163.47,
              "Actual Rows": 1,
              "Actual Loops": 7,
              "Plans": [
                {
                  "Node Type": "Bitmap Heap Scan",
                  "Parent Relationship": "Outer",
                  "Parallel Aware": true,
                  "Relation Name": "cast_info",
                  "Alias": "ci",
                  "Startup Cost": 42387.1,
                  "Total Cost": 299073.71,
                  "Plan Rows": 319968,
                  "Plan Width": 0,
                  "Actual Startup Time": 59.422,
                  "Actual Total Time": 147.048,
                  "Actual Rows": 263152,
                  "Actual Loops": 7,
                  "Recheck Cond": "(person_id > 3698088)",
                  "Rows Removed by Index Recheck": 0,
                  "Exact Heap Blocks": 7430,
                  "Lossy Heap Blocks": 0,
                  "Plans": [
                    {
                      "Node Type": "Bitmap Index Scan",
                      "Parent Relationship": "Outer",
                      "Parallel Aware": false,
                      "Index Name": "person_id_cast_info",
                      "Startup Cost": 0.0,
                      "Total Cost": 41907.15,
                      "Plan Rows": 1919811,
                      "Plan Width": 0,
                      "Actual Startup Time": 62.295,
                      "Actual Total Time": 62.296,
                      "Actual Rows": 1842067,
                      "Actual Loops": 1,
                      "Index Cond": "(person_id > 3698088)"
                    }
                  ]
                }
              ]
            }
          ]
        }
      ]
    },
    "Planning Time": 0.091,
    "Triggers": [],
    "Execution Time": 184.115
  }
]