{
  "Plan": {
    "Node Type": "Aggregate",
    "Strategy": "Plain",
    "Partial Mode": "Finalize",
    "Parallel Aware": false,
    "Startup Cost": 1148959.24,
    "Total Cost": 1148959.25,
    "Plan Rows": 1,
    "Plan Width": 8,
    "Actual Startup Time": 11498.039,
    "Actual Total Time": 11616.734,
    "Actual Rows": 1,
    "Actual Loops": 1,
    "Plans": [
      {
        "Node Type": "Gather",
        "Parent Relationship": "Outer",
        "Parallel Aware": false,
        "Startup Cost": 1148959.12,
        "Total Cost": 1148959.23,
        "Plan Rows": 1,
        "Plan Width": 8,
        "Actual Startup Time": 11472.797,
        "Actual Total Time": 11616.723,
        "Actual Rows": 2,
        "Actual Loops": 1,
        "Workers Planned": 1,
        "Workers Launched": 1,
        "Single Copy": false,
        "Plans": [
          {
            "Node Type": "Aggregate",
            "Strategy": "Plain",
            "Partial Mode": "Partial",
            "Parent Relationship": "Outer",
            "Parallel Aware": false,
            "Startup Cost": 1147959.12,
            "Total Cost": 1147959.13,
            "Plan Rows": 1,
            "Plan Width": 8,
            "Actual Startup Time": 11449.024,
            "Actual Total Time": 11452.471,
            "Actual Rows": 1,
            "Actual Loops": 2,
            "Plans": [
              {
                "Node Type": "Hash Join",
                "Parent Relationship": "Outer",
                "Parallel Aware": true,
                "Join Type": "Inner",
                "Startup Cost": 811684.12,
                "Total Cost": 1113309.81,
                "Plan Rows": 13859725,
                "Plan Width": 0,
                "Actual Startup Time": 9492.517,
                "Actual Total Time": 11220.687,
                "Actual Rows": 5870874,
                "Actual Loops": 2,
                "Inner Unique": false,
                "Hash Cond": "(mi.movie_id = t.id)",
                "Plans": [
                  {
                    "Node Type": "Bitmap Heap Scan",
                    "Parent Relationship": "Outer",
                    "Parallel Aware": true,
                    "Relation Name": "movie_info",
                    "Alias": "mi",
                    "Startup Cost": 65065.95,
                    "Total Cost": 253470.26,
                    "Plan Rows": 2112905,
                    "Plan Width": 4,
                    "Actual Startup Time": 100.017,
                    "Actual Total Time": 252.176,
                    "Actual Rows": 1812488,
                    "Actual Loops": 2,
                    "Recheck Cond": "(info_type_id < 4)",
                    "Rows Removed by Index Recheck": 0,
                    "Exact Heap Blocks": 11949,
                    "Lossy Heap Blocks": 0,
                    "Plans": [
                      {
                        "Node Type": "Bitmap Index Scan",
                        "Parent Relationship": "Outer",
                        "Parallel Aware": false,
                        "Index Name": "info_type_id_movie_info",
                        "Startup Cost": 0.0,
                        "Total Cost": 64167.97,
                        "Plan Rows": 3591938,
                        "Plan Width": 0,
                        "Actual Startup Time": 96.578,
                        "Actual Total Time": 96.579,
                        "Actual Rows": 3624977,
                        "Actual Loops": 1,
                        "Index Cond": "(info_type_id < 4)"
                      }
                    ]
                  },
                  {
                    "Node Type": "Hash",
                    "Parent Relationship": "Inner",
                    "Parallel Aware": true,
                    "Startup Cost": 624673.39,
                    "Total Cost": 624673.39,
                    "Plan Rows": 9755582,
                    "Plan Width": 8,
                    "Actual Startup Time": 9338.146,
                    "Actual Total Time": 9341.59,
                    "Actual Rows": 8058520,
                    "Actual Loops": 2,
                    "Hash Buckets": 16777216,
                    "Original Hash Buckets": 16777216,
                    "Hash Batches": 1,
                    "Original Hash Batches": 1,
                    "Peak Memory Usage": 761600,
                    "Plans": [
                      {
                        "Node Type": "Hash Join",
                        "Parent Relationship": "Outer",
                        "Parallel Aware": true,
                        "Join Type": "Inner",
                        "Startup Cost": 66883.45,
                        "Total Cost": 624673.39,
                        "Plan Rows": 9755582,
                        "Plan Width": 8,
                        "Actual Startup Time": 599.781,
                        "Actual Total Time": 6732.415,
                        "Actual Rows": 8058520,
                        "Actual Loops": 2,
                        "Inner Unique": true,
                        "Hash Cond": "(ci.movie_id = t.id)",
                        "Plans": [
                          {
                            "Node Type": "Seq Scan",
                            "Parent Relationship": "Outer",
                            "Parallel Aware": true,
                            "Relation Name": "cast_info",
                            "Alias": "ci",
                            "Startup Cost": 0.0,
                            "Total Cost": 519069.44,
                            "Plan Rows": 14750639,
                            "Plan Width": 4,
                            "Actual Startup Time": 237.709,
                            "Actual Total Time": 1579.032,
                            "Actual Rows": 12540044,
                            "Actual Loops": 2,
                            "Filter": "(person_id > 1095575)",
                            "Rows Removed by Filter": 5582128
                          },
                          {
                            "Node Type": "Hash",
                            "Parent Relationship": "Inner",
                            "Parallel Aware": true,
                            "Startup Cost": 54588.39,
                            "Total Cost": 54588.39,
                            "Plan Rows": 983605,
                            "Plan Width": 4,
                            "Actual Startup Time": 356.586,
                            "Actual Total Time": 356.587,
                            "Actual Rows": 837049,
                            "Actual Loops": 2,
                            "Hash Buckets": 2097152,
                            "Original Hash Buckets": 2097152,
                            "Hash Batches": 1,
                            "Original Hash Batches": 1,
                            "Peak Memory Usage": 81920,
                            "Plans": [
                              {
                                "Node Type": "Seq Scan",
                                "Parent Relationship": "Outer",
                                "Parallel Aware": true,
                                "Relation Name": "title",
                                "Alias": "t",
                                "Startup Cost": 0.0,
                                "Total Cost": 54588.39,
                                "Plan Rows": 983605,
                                "Plan Width": 4,
                                "Actual Startup Time": 0.03,
                                "Actual Total Time": 156.608,
                                "Actual Rows": 837049,
                                "Actual Loops": 2,
                                "Filter": "(kind_id > 3)",
                                "Rows Removed by Filter": 427107
                              }
                            ]
                          }
                        ]
                      }
                    ]
                  }
                ]
              }
            ]
          }
        ]
      }
    ]
  },
  "Planning Time": 0.905,
  "Triggers": [],
  "Execution Time": 11616.839
}