{
  "Plan": {
    "Node Type": "Aggregate",
    "Strategy": "Plain",
    "Partial Mode": "Finalize",
    "Parallel Aware": false,
    "Startup Cost": 387556.26,
    "Total Cost": 387556.27,
    "Plan Rows": 1,
    "Plan Width": 8,
    "Actual Startup Time": 1804.387,
    "Actual Total Time": 1837.0,
    "Actual Rows": 1,
    "Actual Loops": 1,
    "Plans": [
      {
        "Node Type": "Gather",
        "Parent Relationship": "Outer",
        "Parallel Aware": false,
        "Startup Cost": 387556.14,
        "Total Cost": 387556.25,
        "Plan Rows": 1,
        "Plan Width": 8,
        "Actual Startup Time": 1801.32,
        "Actual Total Time": 1836.99,
        "Actual Rows": 2,
        "Actual Loops": 1,
        "Workers Planned": 1,
        "Workers Launched": 1,
        "Single Copy": false,
        "Plans": [
          {
            "Node Type": "Aggregate",
            "Strategy": "Plain",
            "Partial Mode": "Partial",
            "Parent Relationship": "Outer",
            "Parallel Aware": false,
            "Startup Cost": 386556.14,
            "Total Cost": 386556.15,
            "Plan Rows": 1,
            "Plan Width": 8,
            "Actual Startup Time": 1795.486,
            "Actual Total Time": 1796.44,
            "Actual Rows": 1,
            "Actual Loops": 2,
            "Plans": [
              {
                "Node Type": "Hash Join",
                "Parent Relationship": "Outer",
                "Parallel Aware": true,
                "Join Type": "Inner",
                "Startup Cost": 132388.07,
                "Total Cost": 382955.98,
                "Plan Rows": 1440064,
                "Plan Width": 0,
                "Actual Startup Time": 666.151,
                "Actual Total Time": 1769.508,
                "Actual Rows": 675135,
                "Actual Loops": 2,
                "Inner Unique": false,
                "Hash Cond": "(ci.movie_id = t.id)",
                "Plans": [
                  {
                    "Node Type": "Index Scan",
                    "Parent Relationship": "Outer",
                    "Parallel Aware": true,
                    "Scan Direction": "Forward",
                    "Index Name": "role_id_cast_info",
                    "Relation Name": "cast_info",
                    "Alias": "ci",
                    "Startup Cost": 0.56,
                    "Total Cost": 225853.5,
                    "Plan Rows": 4331734,
                    "Plan Width": 4,
                    "Actual Startup Time": 0.05,
                    "Actual Total Time": 513.397,
                    "Actual Rows": 3725986,
                    "Actual Loops": 2,
                    "Index Cond": "(role_id = 2)",
                    "Rows Removed by Index Recheck": 0
                  },
                  {
                    "Node Type": "Hash",
                    "Parent Relationship": "Inner",
                    "Parallel Aware": true,
                    "Startup Cost": 126207.22,
                    "Total Cost": 126207.22,
                    "Plan Rows": 494423,
                    "Plan Width": 8,
                    "Actual Startup Time": 656.869,
                    "Actual Total Time": 657.821,
                    "Actual Rows": 103492,
                    "Actual Loops": 2,
                    "Hash Buckets": 1048576,
                    "Original Hash Buckets": 1048576,
                    "Hash Batches": 1,
                    "Original Hash Batches": 1,
                    "Peak Memory Usage": 16320,
                    "Plans": [
                      {
                        "Node Type": "Hash Join",
                        "Parent Relationship": "Outer",
                        "Parallel Aware": true,
                        "Join Type": "Inner",
                        "Startup Cost": 64736.89,
                        "Total Cost": 126207.22,
                        "Plan Rows": 494423,
                        "Plan Width": 8,
                        "Actual Startup Time": 307.213,
                        "Actual Total Time": 634.297,
                        "Actual Rows": 103492,
                        "Actual Loops": 2,
                        "Inner Unique": true,
                        "Hash Cond": "(mk.movie_id = t.id)",
                        "Plans": [
                          {
                            "Node Type": "Seq Scan",
                            "Parent Relationship": "Outer",
                            "Parallel Aware": true,
                            "Relation Name": "movie_keyword",
                            "Alias": "mk",
                            "Startup Cost": 0.0,
                            "Total Cost": 57718.19,
                            "Plan Rows": 1429381,
                            "Plan Width": 4,
                            "Actual Startup Time": 0.015,
                            "Actual Total Time": 183.779,
                            "Actual Rows": 1215876,
                            "Actual Loops": 2,
                            "Filter": "(keyword_id < 5765)",
                            "Rows Removed by Filter": 1046088
                          },
                          {
                            "Node Type": "Hash",
                            "Parent Relationship": "Inner",
                            "Parallel Aware": true,
                            "Startup Cost": 58306.47,
                            "Total Cost": 58306.47,
                            "Plan Rows": 514434,
                            "Plan Width": 4,
                            "Actual Startup Time": 301.591,
                            "Actual Total Time": 301.592,
                            "Actual Rows": 478650,
                            "Actual Loops": 2,
                            "Hash Buckets": 1048576,
                            "Original Hash Buckets": 1048576,
                            "Hash Batches": 1,
                            "Original Hash Batches": 1,
                            "Peak Memory Usage": 45696,
                            "Plans": [
                              {
                                "Node Type": "Seq Scan",
                                "Parent Relationship": "Outer",
                                "Parallel Aware": true,
                                "Relation Name": "title",
                                "Alias": "t",
                                "Startup Cost": 0.0,
                                "Total Cost": 58306.47,
                                "Plan Rows": 514434,
                                "Plan Width": 4,
                                "Actual Startup Time": 0.033,
                                "Actual Total Time": 161.493,
                                "Actual Rows": 478650,
                                "Actual Loops": 2,
                                "Filter": "((production_year > 1999) AND (kind_id = 7))",
                                "Rows Removed by Filter": 785506
                              }
                            ]
                          }
                        ]
                      }
                    ]
                  }
                ]
              }
            ]
          }
        ]
      }
    ]
  },
  "Planning Time": 1.116,
  "Triggers": [],
  "Execution Time": 1837.095
}