[
  {
    "Plan": {
      "Node Type": "Aggregate",
      "Strategy": "Plain",
      "Partial Mode": "Finalize",
      "Parallel Aware": false,
      "Startup Cost": 69287.81,
      "Total Cost": 69287.82,
      "Plan Rows": 1,
      "Plan Width": 8,
      "Actual Startup Time": 109.516,
      "Actual Total Time": 124.466,
      "Actual Rows": 1,
      "Actual Loops": 1,
      "Plans": [
        {
          "Node Type": "Gather",
          "Parent Relationship": "Outer",
          "Parallel Aware": false,
          "Startup Cost": 69287.39,
          "Total Cost": 69287.8,
          "Plan Rows": 4,
          "Plan Width": 8,
          "Actual Startup Time": 109.368,
          "Actual Total Time": 124.458,
          "Actual Rows": 5,
          "Actual Loops": 1,
          "Workers Planned": 4,
          "Workers Launched": 4,
          "Single Copy": false,
          "Plans": [
            {
              "Node Type": "Aggregate",
              "Strategy": "Plain",
              "Partial Mode": "Partial",
              "Parent Relationship": "Outer",
              "Parallel Aware": false,
              "Startup Cost": 68287.39,
              "Total Cost": 68287.4,
              "Plan Rows": 1,
              "Plan Width": 8,
              "Actual Startup Time": 99.72,
              "Actual Total Time": 99.721,
              "Actual Rows": 1,
              "Actual Loops": 5,
              "Plans": [
                {
                  "Node Type": "Nested Loop",
                  "Parent Relationship": "Outer",
                  "Parallel Aware": false,
                  "Join Type": "Inner",
                  "Startup Cost": 0.43,
                  "Total Cost": 68282.31,
                  "Plan Rows": 2035,
                  "Plan Width": 0,
                  "Actual Startup Time": 1.027,
                  "Actual Total Time": 99.565,
                  "Actual Rows": 1243,
                  "Actual Loops": 5,
                  "Inner Unique": false,
                  "Plans": [
                    {
                      "Node Type": "Seq Scan",
                      "Parent Relationship": "Outer",
                      "Parallel Aware": true,
                      "Relation Name": "title",
                      "Alias": "t",
                      "Startup Cost": 0.0,
                      "Total Cost": 45479.1,
                      "Plan Rows": 1972,
                      "Plan Width": 4,
                      "Actual Startup Time": 0.388,
                      "Actual Total Time": 87.519,
                      "Actual Rows": 1572,
                      "Actual Loops": 5,
                      "Filter": "((kind_id = 7) AND (production_year = 1975))",
                      "Rows Removed by Filter": 504091
                    },
                    {
                      "Node Type": "Index Only Scan",
                      "Parent Relationship": "Inner",
                      "Parallel Aware": false,
                      "Scan Direction": "Forward",
                      "Index Name": "movie_id_movie_companies",
                      "Relation Name": "movie_companies",
                      "Alias": "mc",
                      "Startup Cost": 0.43,
                      "Total Cost": 11.51,
                      "Plan Rows": 5,
                      "Plan Width": 4,
                      "Actual Startup Time": 0.006,
                      "Actual Total Time": 0.007,
                      "Actual Rows": 1,
                      "Actual Loops": 7858,
                      "Index Cond": "(movie_id = t.id)",
                      "Rows Removed by Index Recheck": 0,
                      "Heap Fetches": 6217
                    }
                  ]
                }
              ]
            }
          ]
        }
      ]
    },
    "Planning Time": 0.636,
    "Triggers": [],
    "Execution Time": 124.54
  }
]