[
  {
    "Plan": {
      "Node Type": "Aggregate",
      "Strategy": "Plain",
      "Partial Mode": "Finalize",
      "Parallel Aware": false,
      "Startup Cost": 351204.03,
      "Total Cost": 351204.04,
      "Plan Rows": 1,
      "Plan Width": 8,
      "Actual Startup Time": 788.893,
      "Actual Total Time": 834.15,
      "Actual Rows": 1,
      "Actual Loops": 1,
      "Plans": [
        {
          "Node Type": "Gather",
          "Parent Relationship": "Outer",
          "Parallel Aware": false,
          "Startup Cost": 351203.4,
          "Total Cost": 351204.01,
          "Plan Rows": 6,
          "Plan Width": 8,
          "Actual Startup Time": 788.698,
          "Actual Total Time": 834.133,
          "Actual Rows": 7,
          "Actual Loops": 1,
          "Workers Planned": 6,
          "Workers Launched": 6,
          "Single Copy": false,
          "Plans": [
            {
              "Node Type": "Aggregate",
              "Strategy": "Plain",
              "Partial Mode": "Partial",
              "Parent Relationship": "Outer",
              "Parallel Aware": false,
              "Startup Cost": 350203.4,
              "Total Cost": 350203.41,
              "Plan Rows": 1,
              "Plan Width": 8,
              "Actual Startup Time": 781.517,
              "Actual Total Time": 781.519,
              "Actual Rows": 1,
              "Actual Loops": 7,
              "Plans": [
                {
                  "Node Type": "Seq Scan",
                  "Parent Relationship": "Outer",
                  "Parallel Aware": true,
                  "Relation Name": "cast_info",
                  "Alias": "ci",
                  "Startup Cost": 0.0,
                  "Total Cost": 343316.27,
                  "Plan Rows": 2754852,
                  "Plan Width": 0,
                  "Actual Startup Time": 216.51,
                  "Actual Total Time": 679.44,
                  "Actual Rows": 2089987,
                  "Actual Loops": 7,
                  "Filter": "((person_id > 1663342) AND (role_id < 9))",
                  "Rows Removed by Filter": 3087777
                }
              ]
            }
          ]
        }
      ]
    },
    "Planning Time": 0.095,
    "Triggers": [],
    "Execution Time": 834.192
  }
]