[
  {
    "Plan": {
      "Node Type": "Aggregate",
      "Strategy": "Plain",
      "Partial Mode": "Finalize",
      "Parallel Aware": false,
      "Startup Cost": 46815.21,
      "Total Cost": 46815.22,
      "Plan Rows": 1,
      "Plan Width": 8,
      "Actual Startup Time": 94.627,
      "Actual Total Time": 107.617,
      "Actual Rows": 1,
      "Actual Loops": 1,
      "Plans": [
        {
          "Node Type": "Gather",
          "Parent Relationship": "Outer",
          "Parallel Aware": false,
          "Startup Cost": 46814.79,
          "Total Cost": 46815.2,
          "Plan Rows": 4,
          "Plan Width": 8,
          "Actual Startup Time": 94.456,
          "Actual Total Time": 107.606,
          "Actual Rows": 5,
          "Actual Loops": 1,
          "Workers Planned": 4,
          "Workers Launched": 4,
          "Single Copy": false,
          "Plans": [
            {
              "Node Type": "Aggregate",
              "Strategy": "Plain",
              "Partial Mode": "Partial",
              "Parent Relationship": "Outer",
              "Parallel Aware": false,
              "Startup Cost": 45814.79,
              "Total Cost": 45814.8,
              "Plan Rows": 1,
              "Plan Width": 8,
              "Actual Startup Time": 87.135,
              "Actual Total Time": 87.137,
              "Actual Rows": 1,
              "Actual Loops": 5,
              "Plans": [
                {
                  "Node Type": "Nested Loop",
                  "Parent Relationship": "Outer",
                  "Parallel Aware": false,
                  "Join Type": "Inner",
                  "Startup Cost": 0.43,
                  "Total Cost": 45814.76,
                  "Plan Rows": 9,
                  "Plan Width": 0,
                  "Actual Startup Time": 57.368,
                  "Actual Total Time": 87.063,
                  "Actual Rows": 550,
                  "Actual Loops": 5,
                  "Inner Unique": false,
                  "Plans": [
                    {
                      "Node Type": "Seq Scan",
                      "Parent Relationship": "Outer",
                      "Parallel Aware": true,
                      "Relation Name": "title",
                      "Alias": "t",
                      "Startup Cost": 0.0,
                      "Total Cost": 45479.59,
                      "Plan Rows": 2,
                      "Plan Width": 4,
                      "Actual Startup Time": 57.238,
                      "Actual Total Time": 81.957,
                      "Actual Rows": 86,
                      "Actual Loops": 5,
                      "Filter": "((production_year > 2014) AND (kind_id = 1))",
                      "Rows Removed by Filter": 505577
                    },
                    {
                      "Node Type": "Index Only Scan",
                      "Parent Relationship": "Inner",
                      "Parallel Aware": false,
                      "Scan Direction": "Forward",
                      "Index Name": "movie_id_movie_info",
                      "Relation Name": "movie_info",
                      "Alias": "mi",
                      "Startup Cost": 0.43,
                      "Total Cost": 167.18,
                      "Plan Rows": 41,
                      "Plan Width": 4,
                      "Actual Startup Time": 0.03,
                      "Actual Total Time": 0.058,
                      "Actual Rows": 6,
                      "Actual Loops": 428,
                      "Index Cond": "(movie_id = t.id)",
                      "Rows Removed by Index Recheck": 0,
                      "Heap Fetches": 2748
                    }
                  ]
                }
              ]
            }
          ]
        }
      ]
    },
    "Planning Time": 0.613,
    "Triggers": [],
    "Execution Time": 107.686
  }
]