[
  {
    "Plan": {
      "Node Type": "Aggregate",
      "Strategy": "Plain",
      "Partial Mode": "Finalize",
      "Parallel Aware": false,
      "Startup Cost": 348861.95,
      "Total Cost": 348861.96,
      "Plan Rows": 1,
      "Plan Width": 8,
      "Actual Startup Time": 578.889,
      "Actual Total Time": 601.471,
      "Actual Rows": 1,
      "Actual Loops": 1,
      "Plans": [
        {
          "Node Type": "Gather",
          "Parent Relationship": "Outer",
          "Parallel Aware": false,
          "Startup Cost": 348861.32,
          "Total Cost": 348861.93,
          "Plan Rows": 6,
          "Plan Width": 8,
          "Actual Startup Time": 578.809,
          "Actual Total Time": 601.465,
          "Actual Rows": 7,
          "Actual Loops": 1,
          "Workers Planned": 6,
          "Workers Launched": 6,
          "Single Copy": false,
          "Plans": [
            {
              "Node Type": "Aggregate",
              "Strategy": "Plain",
              "Partial Mode": "Partial",
              "Parent Relationship": "Outer",
              "Parallel Aware": false,
              "Startup Cost": 347861.32,
              "Total Cost": 347861.33,
              "Plan Rows": 1,
              "Plan Width": 8,
              "Actual Startup Time": 574.301,
              "Actual Total Time": 574.301,
              "Actual Rows": 1,
              "Actual Loops": 7,
              "Plans": [
                {
                  "Node Type": "Seq Scan",
                  "Parent Relationship": "Outer",
                  "Parallel Aware": true,
                  "Relation Name": "cast_info",
                  "Alias": "ci",
                  "Startup Cost": 0.0,
                  "Total Cost": 343318.94,
                  "Plan Rows": 1816952,
                  "Plan Width": 0,
                  "Actual Startup Time": 197.586,
                  "Actual Total Time": 545.842,
                  "Actual Rows": 668223,
                  "Actual Loops": 7,
                  "Filter": "((person_id < 1659248) AND (role_id > 1))",
                  "Rows Removed by Filter": 4509541
                }
              ]
            }
          ]
        }
      ]
    },
    "Planning Time": 0.122,
    "Triggers": [],
    "Execution Time": 601.509
  }
]