[
  {
    "Plan": {
      "Node Type": "Aggregate",
      "Strategy": "Plain",
      "Partial Mode": "Finalize",
      "Parallel Aware": false,
      "Startup Cost": 348834.77,
      "Total Cost": 348834.78,
      "Plan Rows": 1,
      "Plan Width": 8,
      "Actual Startup Time": 656.085,
      "Actual Total Time": 727.487,
      "Actual Rows": 1,
      "Actual Loops": 1,
      "Plans": [
        {
          "Node Type": "Gather",
          "Parent Relationship": "Outer",
          "Parallel Aware": false,
          "Startup Cost": 348834.15,
          "Total Cost": 348834.76,
          "Plan Rows": 6,
          "Plan Width": 8,
          "Actual Startup Time": 655.944,
          "Actual Total Time": 727.475,
          "Actual Rows": 7,
          "Actual Loops": 1,
          "Workers Planned": 6,
          "Workers Launched": 6,
          "Single Copy": false,
          "Plans": [
            {
              "Node Type": "Aggregate",
              "Strategy": "Plain",
              "Partial Mode": "Partial",
              "Parent Relationship": "Outer",
              "Parallel Aware": false,
              "Startup Cost": 347834.15,
              "Total Cost": 347834.16,
              "Plan Rows": 1,
              "Plan Width": 8,
              "Actual Startup Time": 646.809,
              "Actual Total Time": 646.81,
              "Actual Rows": 1,
              "Actual Loops": 7,
              "Plans": [
                {
                  "Node Type": "Seq Scan",
                  "Parent Relationship": "Outer",
                  "Parallel Aware": true,
                  "Relation Name": "cast_info",
                  "Alias": "ci",
                  "Startup Cost": 0.0,
                  "Total Cost": 343257.03,
                  "Plan Rows": 1830847,
                  "Plan Width": 0,
                  "Actual Startup Time": 228.819,
                  "Actual Total Time": 617.443,
                  "Actual Rows": 668223,
                  "Actual Loops": 7,
                  "Filter": "((person_id < 1659248) AND (role_id > 1))",
                  "Rows Removed by Filter": 4509541
                }
              ]
            }
          ]
        }
      ]
    },
    "Planning Time": 0.214,
    "Triggers": [],
    "Execution Time": 727.556
  }
]