[
  {
    "Plan": {
      "Node Type": "Aggregate",
      "Strategy": "Plain",
      "Partial Mode": "Finalize",
      "Parallel Aware": false,
      "Startup Cost": 33144.82,
      "Total Cost": 33144.83,
      "Plan Rows": 1,
      "Plan Width": 8,
      "Actual Startup Time": 76.309,
      "Actual Total Time": 82.179,
      "Actual Rows": 1,
      "Actual Loops": 1,
      "Plans": [
        {
          "Node Type": "Gather",
          "Parent Relationship": "Outer",
          "Parallel Aware": false,
          "Startup Cost": 33144.51,
          "Total Cost": 33144.82,
          "Plan Rows": 3,
          "Plan Width": 8,
          "Actual Startup Time": 76.223,
          "Actual Total Time": 82.173,
          "Actual Rows": 4,
          "Actual Loops": 1,
          "Workers Planned": 3,
          "Workers Launched": 3,
          "Single Copy": false,
          "Plans": [
            {
              "Node Type": "Aggregate",
              "Strategy": "Plain",
              "Partial Mode": "Partial",
              "Parent Relationship": "Outer",
              "Parallel Aware": false,
              "Startup Cost": 32144.51,
              "Total Cost": 32144.52,
              "Plan Rows": 1,
              "Plan Width": 8,
              "Actual Startup Time": 73.688,
              "Actual Total Time": 73.689,
              "Actual Rows": 1,
              "Actual Loops": 4,
              "Plans": [
                {
                  "Node Type": "Seq Scan",
                  "Parent Relationship": "Outer",
                  "Parallel Aware": true,
                  "Relation Name": "movie_companies",
                  "Alias": "mc",
                  "Startup Cost": 0.0,
                  "Total Cost": 31414.82,
                  "Plan Rows": 291875,
                  "Plan Width": 0,
                  "Actual Startup Time": 29.129,
                  "Actual Total Time": 62.662,
                  "Actual Rows": 272782,
                  "Actual Loops": 4,
                  "Filter": "((company_id > 2090) AND (company_type_id > 1))",
                  "Rows Removed by Filter": 379500
                }
              ]
            }
          ]
        }
      ]
    },
    "Planning Time": 0.089,
    "Triggers": [],
    "Execution Time": 82.201
  }
]