[
  {
    "Plan": {
      "Node Type": "Aggregate",
      "Strategy": "Plain",
      "Partial Mode": "Finalize",
      "Parallel Aware": false,
      "Startup Cost": 98474.33,
      "Total Cost": 98474.34,
      "Plan Rows": 1,
      "Plan Width": 8,
      "Actual Startup Time": 576.866,
      "Actual Total Time": 591.495,
      "Actual Rows": 1,
      "Actual Loops": 1,
      "Plans": [
        {
          "Node Type": "Gather",
          "Parent Relationship": "Outer",
          "Parallel Aware": false,
          "Startup Cost": 98474.01,
          "Total Cost": 98474.32,
          "Plan Rows": 3,
          "Plan Width": 8,
          "Actual Startup Time": 569.523,
          "Actual Total Time": 591.486,
          "Actual Rows": 4,
          "Actual Loops": 1,
          "Workers Planned": 3,
          "Workers Launched": 3,
          "Single Copy": false,
          "Plans": [
            {
              "Node Type": "Aggregate",
              "Strategy": "Plain",
              "Partial Mode": "Partial",
              "Parent Relationship": "Outer",
              "Parallel Aware": false,
              "Startup Cost": 97474.01,
              "Total Cost": 97474.02,
              "Plan Rows": 1,
              "Plan Width": 8,
              "Actual Startup Time": 560.105,
              "Actual Total Time": 560.108,
              "Actual Rows": 1,
              "Actual Loops": 4,
              "Plans": [
                {
                  "Node Type": "Hash Join",
                  "Parent Relationship": "Outer",
                  "Parallel Aware": true,
                  "Join Type": "Inner",
                  "Startup Cost": 49254.65,
                  "Total Cost": 95307.16,
                  "Plan Rows": 866740,
                  "Plan Width": 0,
                  "Actual Startup Time": 280.498,
                  "Actual Total Time": 534.759,
                  "Actual Rows": 575312,
                  "Actual Loops": 4,
                  "Inner Unique": true,
                  "Hash Cond": "(mk.movie_id = t.id)",
                  "Plans": [
                    {
                      "Node Type": "Seq Scan",
                      "Parent Relationship": "Outer",
                      "Parallel Aware": true,
                      "Relation Name": "movie_keyword",
                      "Alias": "mk",
                      "Startup Cost": 0.0,
                      "Total Cost": 42695.65,
                      "Plan Rows": 1278800,
                      "Plan Width": 4,
                      "Actual Startup Time": 0.039,
                      "Actual Total Time": 116.437,
                      "Actual Rows": 989415,
                      "Actual Loops": 4,
                      "Filter": "(keyword_id > 398)",
                      "Rows Removed by Filter": 141568
                    },
                    {
                      "Node Type": "Hash",
                      "Parent Relationship": "Inner",
                      "Parallel Aware": true,
                      "Startup Cost": 43899.32,
                      "Total Cost": 43899.32,
                      "Plan Rows": 428426,
                      "Plan Width": 4,
                      "Actual Startup Time": 274.006,
                      "Actual Total Time": 274.008,
                      "Actual Rows": 425079,
                      "Actual Loops": 4,
                      "Hash Buckets": 2097152,
                      "Original Hash Buckets": 2097152,
                      "Hash Batches": 1,
                      "Original Hash Batches": 1,
                      "Peak Memory Usage": 82944,
                      "Plans": [
                        {
                          "Node Type": "Seq Scan",
                          "Parent Relationship": "Outer",
                          "Parallel Aware": true,
                          "Relation Name": "title",
                          "Alias": "t",
                          "Startup Cost": 0.0,
                          "Total Cost": 43899.32,
                          "Plan Rows": 428426,
                          "Plan Width": 4,
                          "Actual Startup Time": 0.046,
                          "Actual Total Time": 115.858,
                          "Actual Rows": 425079,
                          "Actual Loops": 4,
                          "Filter": "(production_year > 1992)",
                          "Rows Removed by Filter": 206999
                        }
                      ]
                    }
                  ]
                }
              ]
            }
          ]
        }
      ]
    },
    "Planning Time": 0.394,
    "Triggers": [],
    "Execution Time": 591.541
  }
]