[
  {
    "Plan": {
      "Node Type": "Aggregate",
      "Strategy": "Plain",
      "Partial Mode": "Finalize",
      "Parallel Aware": false,
      "Startup Cost": 338771.77,
      "Total Cost": 338771.78,
      "Plan Rows": 1,
      "Plan Width": 8,
      "Actual Startup Time": 819.409,
      "Actual Total Time": 879.426,
      "Actual Rows": 1,
      "Actual Loops": 1,
      "Plans": [
        {
          "Node Type": "Gather",
          "Parent Relationship": "Outer",
          "Parallel Aware": false,
          "Startup Cost": 338771.14,
          "Total Cost": 338771.75,
          "Plan Rows": 6,
          "Plan Width": 8,
          "Actual Startup Time": 819.276,
          "Actual Total Time": 879.413,
          "Actual Rows": 7,
          "Actual Loops": 1,
          "Workers Planned": 6,
          "Workers Launched": 6,
          "Single Copy": false,
          "Plans": [
            {
              "Node Type": "Aggregate",
              "Strategy": "Plain",
              "Partial Mode": "Partial",
              "Parent Relationship": "Outer",
              "Parallel Aware": false,
              "Startup Cost": 337771.14,
              "Total Cost": 337771.15,
              "Plan Rows": 1,
              "Plan Width": 8,
              "Actual Startup Time": 810.709,
              "Actual Total Time": 810.711,
              "Actual Rows": 1,
              "Actual Loops": 7,
              "Plans": [
                {
                  "Node Type": "Seq Scan",
                  "Parent Relationship": "Outer",
                  "Parallel Aware": true,
                  "Relation Name": "cast_info",
                  "Alias": "ci",
                  "Startup Cost": 0.0,
                  "Total Cost": 328162.03,
                  "Plan Rows": 3843646,
                  "Plan Width": 0,
                  "Actual Startup Time": 0.049,
                  "Actual Total Time": 653.222,
                  "Actual Rows": 3302240,
                  "Actual Loops": 7,
                  "Filter": "(person_id < 2363288)",
                  "Rows Removed by Filter": 1875523
                }
              ]
            }
          ]
        }
      ]
    },
    "Planning Time": 0.207,
    "Triggers": [],
    "Execution Time": 879.503
  }
]