{
  "Plan": {
    "Node Type": "Aggregate",
    "Strategy": "Plain",
    "Partial Mode": "Finalize",
    "Parallel Aware": false,
    "Startup Cost": 988491.53,
    "Total Cost": 988491.54,
    "Plan Rows": 1,
    "Plan Width": 8,
    "Actual Startup Time": 18205.435,
    "Actual Total Time": 18270.529,
    "Actual Rows": 1,
    "Actual Loops": 1,
    "Plans": [
      {
        "Node Type": "Gather",
        "Parent Relationship": "Outer",
        "Parallel Aware": false,
        "Startup Cost": 988491.42,
        "Total Cost": 988491.53,
        "Plan Rows": 1,
        "Plan Width": 8,
        "Actual Startup Time": 18196.568,
        "Actual Total Time": 18270.516,
        "Actual Rows": 2,
        "Actual Loops": 1,
        "Workers Planned": 1,
        "Workers Launched": 1,
        "Single Copy": false,
        "Plans": [
          {
            "Node Type": "Aggregate",
            "Strategy": "Plain",
            "Partial Mode": "Partial",
            "Parent Relationship": "Outer",
            "Parallel Aware": false,
            "Startup Cost": 987491.42,
            "Total Cost": 987491.43,
            "Plan Rows": 1,
            "Plan Width": 8,
            "Actual Startup Time": 18185.111,
            "Actual Total Time": 18186.392,
            "Actual Rows": 1,
            "Actual Loops": 2,
            "Plans": [
              {
                "Node Type": "Hash Join",
                "Parent Relationship": "Outer",
                "Parallel Aware": true,
                "Join Type": "Inner",
                "Startup Cost": 149394.76,
                "Total Cost": 922778.01,
                "Plan Rows": 25885362,
                "Plan Width": 0,
                "Actual Startup Time": 1393.512,
                "Actual Total Time": 14842.938,
                "Actual Rows": 83790996,
                "Actual Loops": 2,
                "Inner Unique": false,
                "Hash Cond": "(ci.movie_id = t.id)",
                "Plans": [
                  {
                    "Node Type": "Seq Scan",
                    "Parent Relationship": "Outer",
                    "Parallel Aware": true,
                    "Relation Name": "cast_info",
                    "Alias": "ci",
                    "Startup Cost": 0.0,
                    "Total Cost": 519069.44,
                    "Plan Rows": 20409399,
                    "Plan Width": 4,
                    "Actual Startup Time": 37.802,
                    "Actual Total Time": 1815.883,
                    "Actual Rows": 17329644,
                    "Actual Loops": 2,
                    "Filter": "(person_id > 157653)",
                    "Rows Removed by Filter": 792528
                  },
                  {
                    "Node Type": "Hash",
                    "Parent Relationship": "Inner",
                    "Parallel Aware": true,
                    "Startup Cost": 125816.46,
                    "Total Cost": 125816.46,
                    "Plan Rows": 1886264,
                    "Plan Width": 8,
                    "Actual Startup Time": 1333.232,
                    "Actual Total Time": 1334.511,
                    "Actual Rows": 1907965,
                    "Actual Loops": 2,
                    "Hash Buckets": 4194304,
                    "Original Hash Buckets": 4194304,
                    "Hash Batches": 1,
                    "Original Hash Batches": 1,
                    "Peak Memory Usage": 182080,
                    "Plans": [
                      {
                        "Node Type": "Hash Join",
                        "Parent Relationship": "Outer",
                        "Parallel Aware": true,
                        "Join Type": "Inner",
                        "Startup Cost": 67765.61,
                        "Total Cost": 125816.46,
                        "Plan Rows": 1886264,
                        "Plan Width": 8,
                        "Actual Startup Time": 429.47,
                        "Actual Total Time": 998.914,
                        "Actual Rows": 1907965,
                        "Actual Loops": 2,
                        "Inner Unique": true,
                        "Hash Cond": "(mk.movie_id = t.id)",
                        "Plans": [
                          {
                            "Node Type": "Seq Scan",
                            "Parent Relationship": "Outer",
                            "Parallel Aware": true,
                            "Relation Name": "movie_keyword",
                            "Alias": "mk",
                            "Startup Cost": 0.0,
                            "Total Cost": 51065.35,
                            "Plan Rows": 2661135,
                            "Plan Width": 4,
                            "Actual Startup Time": 0.022,
                            "Actual Total Time": 172.991,
                            "Actual Rows": 2261965,
                            "Actual Loops": 2
                          },
                          {
                            "Node Type": "Hash",
                            "Parent Relationship": "Inner",
                            "Parallel Aware": true,
                            "Startup Cost": 54588.39,
                            "Total Cost": 54588.39,
                            "Plan Rows": 1054178,
                            "Plan Width": 4,
                            "Actual Startup Time": 423.284,
                            "Actual Total Time": 423.285,
                            "Actual Rows": 897076,
                            "Actual Loops": 2,
                            "Hash Buckets": 2097152,
                            "Original Hash Buckets": 2097152,
                            "Hash Batches": 1,
                            "Original Hash Batches": 1,
                            "Peak Memory Usage": 86592,
                            "Plans": [
                              {
                                "Node Type": "Seq Scan",
                                "Parent Relationship": "Outer",
                                "Parallel Aware": true,
                                "Relation Name": "title",
                                "Alias": "t",
                                "Startup Cost": 0.0,
                                "Total Cost": 54588.39,
                                "Plan Rows": 1054178,
                                "Plan Width": 4,
                                "Actual Startup Time": 0.058,
                                "Actual Total Time": 180.271,
                                "Actual Rows": 897076,
                                "Actual Loops": 2,
                                "Filter": "(production_year < 2009)",
                                "Rows Removed by Filter": 367080
                              }
                            ]
                          }
                        ]
                      }
                    ]
                  }
                ]
              }
            ]
          }
        ]
      }
    ]
  },
  "Planning Time": 1.012,
  "Triggers": [],
  "Execution Time": 18270.637
}