{
  "Plan": {
    "Node Type": "Aggregate",
    "Strategy": "Plain",
    "Partial Mode": "Finalize",
    "Parallel Aware": false,
    "Startup Cost": 100555.63,
    "Total Cost": 100555.64,
    "Plan Rows": 1,
    "Plan Width": 8,
    "Actual Startup Time": 366.617,
    "Actual Total Time": 376.841,
    "Actual Rows": 1,
    "Actual Loops": 1,
    "Plans": [
      {
        "Node Type": "Gather",
        "Parent Relationship": "Outer",
        "Parallel Aware": false,
        "Startup Cost": 100555.52,
        "Total Cost": 100555.63,
        "Plan Rows": 1,
        "Plan Width": 8,
        "Actual Startup Time": 365.573,
        "Actual Total Time": 376.834,
        "Actual Rows": 2,
        "Actual Loops": 1,
        "Workers Planned": 1,
        "Workers Launched": 1,
        "Single Copy": false,
        "Plans": [
          {
            "Node Type": "Aggregate",
            "Strategy": "Plain",
            "Partial Mode": "Partial",
            "Parent Relationship": "Outer",
            "Parallel Aware": false,
            "Startup Cost": 99555.52,
            "Total Cost": 99555.53,
            "Plan Rows": 1,
            "Plan Width": 8,
            "Actual Startup Time": 359.653,
            "Actual Total Time": 359.657,
            "Actual Rows": 1,
            "Actual Loops": 2,
            "Plans": [
              {
                "Node Type": "Hash Join",
                "Parent Relationship": "Outer",
                "Parallel Aware": true,
                "Join Type": "Inner",
                "Startup Cost": 56167.72,
                "Total Cost": 99382.15,
                "Plan Rows": 69347,
                "Plan Width": 0,
                "Actual Startup Time": 247.722,
                "Actual Total Time": 351.863,
                "Actual Rows": 188346,
                "Actual Loops": 2,
                "Inner Unique": true,
                "Hash Cond": "(mc.movie_id = t.id)",
                "Plans": [
                  {
                    "Node Type": "Seq Scan",
                    "Parent Relationship": "Outer",
                    "Parallel Aware": true,
                    "Relation Name": "movie_companies",
                    "Alias": "mc",
                    "Startup Cost": 0.0,
                    "Total Cost": 41811.73,
                    "Plan Rows": 534361,
                    "Plan Width": 4,
                    "Actual Startup Time": 48.469,
                    "Actual Total Time": 112.207,
                    "Actual Rows": 549013,
                    "Actual Loops": 2,
                    "Filter": "((company_id > 1886) AND (company_type_id > 1))",
                    "Rows Removed by Filter": 755552
                  },
                  {
                    "Node Type": "Hash",
                    "Parent Relationship": "Inner",
                    "Parallel Aware": true,
                    "Startup Cost": 53755.14,
                    "Total Cost": 53755.14,
                    "Plan Rows": 193007,
                    "Plan Width": 4,
                    "Actual Startup Time": 143.046,
                    "Actual Total Time": 143.048,
                    "Actual Rows": 205761,
                    "Actual Loops": 2,
                    "Hash Buckets": 524288,
                    "Original Hash Buckets": 524288,
                    "Hash Batches": 1,
                    "Original Hash Batches": 1,
                    "Peak Memory Usage": 20224,
                    "Plans": [
                      {
                        "Node Type": "Bitmap Heap Scan",
                        "Parent Relationship": "Outer",
                        "Parallel Aware": true,
                        "Relation Name": "title",
                        "Alias": "t",
                        "Startup Cost": 11904.88,
                        "Total Cost": 53755.14,
                        "Plan Rows": 193007,
                        "Plan Width": 4,
                        "Actual Startup Time": 35.108,
                        "Actual Total Time": 100.743,
                        "Actual Rows": 205761,
                        "Actual Loops": 2,
                        "Recheck Cond": "(kind_id < 2)",
                        "Rows Removed by Index Recheck": 0,
                        "Filter": "(production_year < 2004)",
                        "Rows Removed by Filter": 125652,
                        "Exact Heap Blocks": 8065,
                        "Lossy Heap Blocks": 0,
                        "Plans": [
                          {
                            "Node Type": "Bitmap Index Scan",
                            "Parent Relationship": "Outer",
                            "Parallel Aware": false,
                            "Index Name": "kind_id_title",
                            "Startup Cost": 0.0,
                            "Total Cost": 11822.85,
                            "Plan Rows": 663256,
                            "Plan Width": 0,
                            "Actual Startup Time": 33.632,
                            "Actual Total Time": 33.632,
                            "Actual Rows": 662825,
                            "Actual Loops": 1,
                            "Index Cond": "(kind_id < 2)"
                          }
                        ]
                      }
                    ]
                  }
                ]
              }
            ]
          }
        ]
      }
    ]
  },
  "Planning Time": 0.65,
  "Triggers": [],
  "Execution Time": 376.929
}