{
  "Plan": {
    "Node Type": "Aggregate",
    "Strategy": "Plain",
    "Partial Mode": "Finalize",
    "Parallel Aware": false,
    "Startup Cost": 83643.75,
    "Total Cost": 83643.76,
    "Plan Rows": 1,
    "Plan Width": 8,
    "Actual Startup Time": 327.49,
    "Actual Total Time": 339.666,
    "Actual Rows": 1,
    "Actual Loops": 1,
    "Plans": [
      {
        "Node Type": "Gather",
        "Parent Relationship": "Outer",
        "Parallel Aware": false,
        "Startup Cost": 83643.63,
        "Total Cost": 83643.74,
        "Plan Rows": 1,
        "Plan Width": 8,
        "Actual Startup Time": 326.972,
        "Actual Total Time": 339.657,
        "Actual Rows": 2,
        "Actual Loops": 1,
        "Workers Planned": 1,
        "Workers Launched": 1,
        "Single Copy": false,
        "Plans": [
          {
            "Node Type": "Aggregate",
            "Strategy": "Plain",
            "Partial Mode": "Partial",
            "Parent Relationship": "Outer",
            "Parallel Aware": false,
            "Startup Cost": 82643.63,
            "Total Cost": 82643.64,
            "Plan Rows": 1,
            "Plan Width": 8,
            "Actual Startup Time": 320.71,
            "Actual Total Time": 320.714,
            "Actual Rows": 1,
            "Actual Loops": 2,
            "Plans": [
              {
                "Node Type": "Hash Join",
                "Parent Relationship": "Outer",
                "Parallel Aware": true,
                "Join Type": "Inner",
                "Startup Cost": 22226.12,
                "Total Cost": 82568.47,
                "Plan Rows": 30064,
                "Plan Width": 0,
                "Actual Startup Time": 224.474,
                "Actual Total Time": 318.662,
                "Actual Rows": 47622,
                "Actual Loops": 2,
                "Inner Unique": false,
                "Hash Cond": "(t.id = mc.movie_id)",
                "Plans": [
                  {
                    "Node Type": "Seq Scan",
                    "Parent Relationship": "Outer",
                    "Parallel Aware": true,
                    "Relation Name": "title",
                    "Alias": "t",
                    "Startup Cost": 0.0,
                    "Total Cost": 50870.31,
                    "Plan Rows": 1487231,
                    "Plan Width": 4,
                    "Actual Startup Time": 0.01,
                    "Actual Total Time": 119.014,
                    "Actual Rows": 1264156,
                    "Actual Loops": 2
                  },
                  {
                    "Node Type": "Hash",
                    "Parent Relationship": "Inner",
                    "Parallel Aware": true,
                    "Startup Cost": 21850.32,
                    "Total Cost": 21850.32,
                    "Plan Rows": 30064,
                    "Plan Width": 4,
                    "Actual Startup Time": 48.402,
                    "Actual Total Time": 48.403,
                    "Actual Rows": 47622,
                    "Actual Loops": 2,
                    "Hash Buckets": 131072,
                    "Original Hash Buckets": 65536,
                    "Hash Batches": 1,
                    "Original Hash Batches": 1,
                    "Peak Memory Usage": 5280,
                    "Plans": [
                      {
                        "Node Type": "Bitmap Heap Scan",
                        "Parent Relationship": "Outer",
                        "Parallel Aware": true,
                        "Relation Name": "movie_companies",
                        "Alias": "mc",
                        "Startup Cost": 2172.15,
                        "Total Cost": 21850.32,
                        "Plan Rows": 30064,
                        "Plan Width": 4,
                        "Actual Startup Time": 9.617,
                        "Actual Total Time": 32.804,
                        "Actual Rows": 47622,
                        "Actual Loops": 2,
                        "Recheck Cond": "(company_id > 160437)",
                        "Rows Removed by Index Recheck": 0,
                        "Filter": "(company_type_id > 1)",
                        "Rows Removed by Filter": 0,
                        "Exact Heap Blocks": 2187,
                        "Lossy Heap Blocks": 0,
                        "Plans": [
                          {
                            "Node Type": "Bitmap Index Scan",
                            "Parent Relationship": "Outer",
                            "Parallel Aware": false,
                            "Index Name": "company_id_movie_companies",
                            "Startup Cost": 0.0,
                            "Total Cost": 2159.37,
                            "Plan Rows": 100659,
                            "Plan Width": 0,
                            "Actual Startup Time": 13.647,
                            "Actual Total Time": 13.647,
                            "Actual Rows": 95244,
                            "Actual Loops": 1,
                            "Index Cond": "(company_id > 160437)"
                          }
                        ]
                      }
                    ]
                  }
                ]
              }
            ]
          }
        ]
      }
    ]
  },
  "Planning Time": 0.447,
  "Triggers": [],
  "Execution Time": 339.758
}