[
  {
    "Plan": {
      "Node Type": "Aggregate",
      "Strategy": "Plain",
      "Partial Mode": "Finalize",
      "Parallel Aware": false,
      "Startup Cost": 31838.53,
      "Total Cost": 31838.54,
      "Plan Rows": 1,
      "Plan Width": 8,
      "Actual Startup Time": 107.587,
      "Actual Total Time": 113.782,
      "Actual Rows": 1,
      "Actual Loops": 1,
      "Plans": [
        {
          "Node Type": "Gather",
          "Parent Relationship": "Outer",
          "Parallel Aware": false,
          "Startup Cost": 31838.21,
          "Total Cost": 31838.52,
          "Plan Rows": 3,
          "Plan Width": 8,
          "Actual Startup Time": 107.501,
          "Actual Total Time": 113.776,
          "Actual Rows": 4,
          "Actual Loops": 1,
          "Workers Planned": 3,
          "Workers Launched": 3,
          "Single Copy": false,
          "Plans": [
            {
              "Node Type": "Aggregate",
              "Strategy": "Plain",
              "Partial Mode": "Partial",
              "Parent Relationship": "Outer",
              "Parallel Aware": false,
              "Startup Cost": 30838.21,
              "Total Cost": 30838.22,
              "Plan Rows": 1,
              "Plan Width": 8,
              "Actual Startup Time": 100.146,
              "Actual Total Time": 100.147,
              "Actual Rows": 1,
              "Actual Loops": 4,
              "Plans": [
                {
                  "Node Type": "Seq Scan",
                  "Parent Relationship": "Outer",
                  "Parallel Aware": true,
                  "Relation Name": "movie_companies",
                  "Alias": "mc",
                  "Startup Cost": 0.0,
                  "Total Cost": 29310.68,
                  "Plan Rows": 611013,
                  "Plan Width": 0,
                  "Actual Startup Time": 0.684,
                  "Actual Total Time": 78.639,
                  "Actual Rows": 475122,
                  "Actual Loops": 4,
                  "Filter": "(company_id > 1347)",
                  "Rows Removed by Filter": 177160
                }
              ]
            }
          ]
        }
      ]
    },
    "Planning Time": 0.112,
    "Triggers": [],
    "Execution Time": 113.813
  }
]