{
    "Plan": {
        "Node Type": "Aggregate",
        "Strategy": "Plain",
        "Partial Mode": "Simple",
        "Parallel Aware": false,
        "Startup Cost": 90021951833.44,
        "Total Cost": 90021951833.45,
        "Plan Rows": 1,
        "Plan Width": 96,
        "Actual Startup Time": 57634.758,
        "Actual Total Time": 57634.782,
        "Actual Rows": 1,
        "Actual Loops": 1,
        "Output": [
            "min(chn.name)",
            "min(n.name)",
            "min(t.title)"
        ],
        "Plans": [
            {
                "Node Type": "Nested Loop",
                "Parent Relationship": "Outer",
                "Parallel Aware": false,
                "Join Type": "Inner",
                "Startup Cost": 90021945309.43,
                "Total Cost": 90021951833.43,
                "Plan Rows": 1,
                "Plan Width": 48,
                "Actual Startup Time": 57619.066,
                "Actual Total Time": 57634.76,
                "Actual Rows": 25,
                "Actual Loops": 1,
                "Output": [
                    "chn.name",
                    "n.name",
                    "t.title"
                ],
                "Inner Unique": true,
                "Join Filter": "(mi.movie_id = t.id)",
                "Rows Removed by Join Filter": 0,
                "Plans": [
                    {
                        "Node Type": "Hash Join",
                        "Parent Relationship": "Outer",
                        "Parallel Aware": false,
                        "Join Type": "Inner",
                        "Startup Cost": 80021945308.99,
                        "Total Cost": 80021951828.96,
                        "Plan Rows": 1,
                        "Plan Width": 47,
                        "Actual Startup Time": 57619.039,
                        "Actual Total Time": 57634.556,
                        "Actual Rows": 40,
                        "Actual Loops": 1,
                        "Output": [
                            "ci.movie_id",
                            "chn.name",
                            "mc.movie_id",
                            "mi.movie_id",
                            "mk.movie_id",
                            "n.name"
                        ],
                        "Inner Unique": false,
                        "Hash Cond": "(cn.id = mc.company_id)",
                        "Plans": [
                            {
                                "Node Type": "Seq Scan",
                                "Parent Relationship": "Outer",
                                "Parallel Aware": false,
                                "Relation Name": "company_name",
                                "Schema": "public",
                                "Alias": "cn",
                                "Startup Cost": 10000000000.0,
                                "Total Cost": 10000006519.95,
                                "Plan Rows": 1,
                                "Plan Width": 4,
                                "Actual Startup Time": 6.087,
                                "Actual Total Time": 21.574,
                                "Actual Rows": 1,
                                "Actual Loops": 1,
                                "Output": [
                                    "cn.id",
                                    "cn.name",
                                    "cn.country_code",
                                    "cn.imdb_id",
                                    "cn.name_pcode_nf",
                                    "cn.name_pcode_sf",
                                    "cn.md5sum"
                                ],
                                "Filter": "(((cn.country_code)::text = '[us]'::text) AND (cn.name = 'DreamWorks Animation'::text))",
                                "Rows Removed by Filter": 234996
                            },
                            {
                                "Node Type": "Hash",
                                "Parent Relationship": "Inner",
                                "Parallel Aware": false,
                                "Startup Cost": 70021945308.98,
                                "Total Cost": 70021945308.98,
                                "Plan Rows": 1,
                                "Plan Width": 51,
                                "Actual Startup Time": 57612.942,
                                "Actual Total Time": 57612.962,
                                "Actual Rows": 2071,
                                "Actual Loops": 1,
                                "Output": [
                                    "ci.movie_id",
                                    "chn.name",
                                    "mc.movie_id",
                                    "mc.company_id",
                                    "mi.movie_id",
                                    "mk.movie_id",
                                    "n.name"
                                ],
                                "Hash Buckets": 4096,
                                "Original Hash Buckets": 1024,
                                "Hash Batches": 1,
                                "Original Hash Batches": 1,
                                "Peak Memory Usage": 193,
                                "Plans": [
                                    {
                                        "Node Type": "Nested Loop",
                                        "Parent Relationship": "Outer",
                                        "Parallel Aware": false,
                                        "Join Type": "Inner",
                                        "Startup Cost": 70021945262.83,
                                        "Total Cost": 70021945308.98,
                                        "Plan Rows": 1,
                                        "Plan Width": 51,
                                        "Actual Startup Time": 57588.551,
                                        "Actual Total Time": 57612.507,
                                        "Actual Rows": 2071,
                                        "Actual Loops": 1,
                                        "Output": [
                                            "ci.movie_id",
                                            "chn.name",
                                            "mc.movie_id",
                                            "mc.company_id",
                                            "mi.movie_id",
                                            "mk.movie_id",
                                            "n.name"
                                        ],
                                        "Inner Unique": false,
                                        "Join Filter": "(mi.movie_id = mc.movie_id)",
                                        "Rows Removed by Join Filter": 0,
                                        "Plans": [
                                            {
                                                "Node Type": "Hash Join",
                                                "Parent Relationship": "Outer",
                                                "Parallel Aware": false,
                                                "Join Type": "Inner",
                                                "Startup Cost": 60021945262.35,
                                                "Total Cost": 60021945304.37,
                                                "Plan Rows": 1,
                                                "Plan Width": 43,
                                                "Actual Startup Time": 57588.525,
                                                "Actual Total Time": 57611.058,
                                                "Actual Rows": 113,
                                                "Actual Loops": 1,
                                                "Output": [
                                                    "ci.movie_id",
                                                    "chn.name",
                                                    "mi.movie_id",
                                                    "mk.movie_id",
                                                    "n.name"
                                                ],
                                                "Inner Unique": false,
                                                "Hash Cond": "(n.id = an.person_id)",
                                                "Plans": [
                                                    {
                                                        "Node Type": "Nested Loop",
                                                        "Parent Relationship": "Outer",
                                                        "Parallel Aware": false,
                                                        "Join Type": "Inner",
                                                        "Startup Cost": 60021861983.4,
                                                        "Total Cost": 60021862025.22,
                                                        "Plan Rows": 1,
                                                        "Plan Width": 51,
                                                        "Actual Startup Time": 56863.818,
                                                        "Actual Total Time": 56886.517,
                                                        "Actual Rows": 74,
                                                        "Actual Loops": 1,
                                                        "Output": [
                                                            "chn.name",
                                                            "ci.movie_id",
                                                            "ci.person_id",
                                                            "mi.movie_id",
                                                            "mk.movie_id",
                                                            "n.name",
                                                            "n.id"
                                                        ],
                                                        "Inner Unique": true,
                                                        "Plans": [
                                                            {
                                                                "Node Type": "Nested Loop",
                                                                "Parent Relationship": "Outer",
                                                                "Parallel Aware": false,
                                                                "Join Type": "Inner",
                                                                "Startup Cost": 50021861982.9,
                                                                "Total Cost": 50021862020.7,
                                                                "Plan Rows": 1,
                                                                "Plan Width": 32,
                                                                "Actual Startup Time": 56863.777,
                                                                "Actual Total Time": 56873.386,
                                                                "Actual Rows": 2201,
                                                                "Actual Loops": 1,
                                                                "Output": [
                                                                    "chn.name",
                                                                    "ci.movie_id",
                                                                    "ci.person_id",
                                                                    "mi.movie_id",
                                                                    "mk.movie_id"
                                                                ],
                                                                "Inner Unique": true,
                                                                "Plans": [
                                                                    {
                                                                        "Node Type": "Merge Join",
                                                                        "Parent Relationship": "Outer",
                                                                        "Parallel Aware": false,
                                                                        "Join Type": "Inner",
                                                                        "Startup Cost": 40021861982.75,
                                                                        "Total Cost": 40021861983.36,
                                                                        "Plan Rows": 8,
                                                                        "Plan Width": 36,
                                                                        "Actual Startup Time": 56863.761,
                                                                        "Actual Total Time": 56864.926,
                                                                        "Actual Rows": 2201,
                                                                        "Actual Loops": 1,
                                                                        "Output": [
                                                                            "chn.name",
                                                                            "ci.movie_id",
                                                                            "ci.person_id",
                                                                            "mi.movie_id",
                                                                            "mi.info_type_id",
                                                                            "mk.movie_id"
                                                                        ],
                                                                        "Inner Unique": false,
                                                                        "Merge Cond": "(ci.role_id = rt.id)",
                                                                        "Plans": [
                                                                            {
                                                                                "Node Type": "Sort",
                                                                                "Parent Relationship": "Outer",
                                                                                "Parallel Aware": false,
                                                                                "Startup Cost": 40021861981.59,
                                                                                "Total Cost": 40021861981.83,
                                                                                "Plan Rows": 98,
                                                                                "Plan Width": 40,
                                                                                "Actual Startup Time": 56863.165,
                                                                                "Actual Total Time": 56863.826,
                                                                                "Actual Rows": 8164,
                                                                                "Actual Loops": 1,
                                                                                "Output": [
                                                                                    "chn.name",
                                                                                    "ci.movie_id",
                                                                                    "ci.person_id",
                                                                                    "ci.role_id",
                                                                                    "mi.movie_id",
                                                                                    "mi.info_type_id",
                                                                                    "mk.movie_id"
                                                                                ],
                                                                                "Sort Key": [
                                                                                    "ci.role_id"
                                                                                ],
                                                                                "Sort Method": "quicksort",
                                                                                "Sort Space Used": 845,
                                                                                "Sort Space Type": "Memory",
                                                                                "Plans": [
                                                                                    {
                                                                                        "Node Type": "Nested Loop",
                                                                                        "Parent Relationship": "Outer",
                                                                                        "Parallel Aware": false,
                                                                                        "Join Type": "Inner",
                                                                                        "Startup Cost": 40021845072.36,
                                                                                        "Total Cost": 40021861978.34,
                                                                                        "Plan Rows": 98,
                                                                                        "Plan Width": 40,
                                                                                        "Actual Startup Time": 56619.544,
                                                                                        "Actual Total Time": 56859.634,
                                                                                        "Actual Rows": 8164,
                                                                                        "Actual Loops": 1,
                                                                                        "Output": [
                                                                                            "chn.name",
                                                                                            "ci.movie_id",
                                                                                            "ci.person_id",
                                                                                            "ci.role_id",
                                                                                            "mi.movie_id",
                                                                                            "mi.info_type_id",
                                                                                            "mk.movie_id"
                                                                                        ],
                                                                                        "Inner Unique": true,
                                                                                        "Plans": [
                                                                                            {
                                                                                                "Node Type": "Merge Join",
                                                                                                "Parent Relationship": "Outer",
                                                                                                "Parallel Aware": false,
                                                                                                "Join Type": "Inner",
                                                                                                "Startup Cost": 30021845071.87,
                                                                                                "Total Cost": 30021861536.98,
                                                                                                "Plan Rows": 98,
                                                                                                "Plan Width": 28,
                                                                                                "Actual Startup Time": 56619.461,
                                                                                                "Actual Total Time": 56797.95,
                                                                                                "Actual Rows": 8267,
                                                                                                "Actual Loops": 1,
                                                                                                "Output": [
                                                                                                    "ci.movie_id",
                                                                                                    "ci.person_id",
                                                                                                    "ci.role_id",
                                                                                                    "ci.person_role_id",
                                                                                                    "mi.movie_id",
                                                                                                    "mi.info_type_id",
                                                                                                    "mk.movie_id"
                                                                                                ],
                                                                                                "Inner Unique": false,
                                                                                                "Merge Cond": "(k.id = mk.keyword_id)",
                                                                                                "Plans": [
                                                                                                    {
                                                                                                        "Node Type": "Sort",
                                                                                                        "Parent Relationship": "Outer",
                                                                                                        "Parallel Aware": false,
                                                                                                        "Startup Cost": 2961.59,
                                                                                                        "Total Cost": 2961.6,
                                                                                                        "Plan Rows": 4,
                                                                                                        "Plan Width": 4,
                                                                                                        "Actual Startup Time": 21.712,
                                                                                                        "Actual Total Time": 21.718,
                                                                                                        "Actual Rows": 4,
                                                                                                        "Actual Loops": 1,
                                                                                                        "Output": [
                                                                                                            "k.id"
                                                                                                        ],
                                                                                                        "Sort Key": [
                                                                                                            "k.id"
                                                                                                        ],
                                                                                                        "Sort Method": "quicksort",
                                                                                                        "Sort Space Used": 25,
                                                                                                        "Sort Space Type": "Memory",
                                                                                                        "Plans": [
                                                                                                            {
                                                                                                                "Node Type": "Seq Scan",
                                                                                                                "Parent Relationship": "Outer",
                                                                                                                "Parallel Aware": false,
                                                                                                                "Relation Name": "keyword",
                                                                                                                "Schema": "public",
                                                                                                                "Alias": "k",
                                                                                                                "Startup Cost": 0.0,
                                                                                                                "Total Cost": 2961.55,
                                                                                                                "Plan Rows": 4,
                                                                                                                "Plan Width": 4,
                                                                                                                "Actual Startup Time": 1.255,
                                                                                                                "Actual Total Time": 21.703,
                                                                                                                "Actual Rows": 4,
                                                                                                                "Actual Loops": 1,
                                                                                                                "Output": [
                                                                                                                    "k.id"
                                                                                                                ],
                                                                                                                "Filter": "(k.keyword = ANY ('{sequel,tv-special,murder,martial-arts-spoof}'::text[]))",
                                                                                                                "Rows Removed by Filter": 134166
                                                                                                            }
                                                                                                        ]
                                                                                                    },
                                                                                                    {
                                                                                                        "Node Type": "Sort",
                                                                                                        "Parent Relationship": "Inner",
                                                                                                        "Parallel Aware": false,
                                                                                                        "Startup Cost": 30021842110.28,
                                                                                                        "Total Cost": 30021850342.34,
                                                                                                        "Plan Rows": 3292822,
                                                                                                        "Plan Width": 32,
                                                                                                        "Actual Startup Time": 56593.231,
                                                                                                        "Actual Total Time": 56681.006,
                                                                                                        "Actual Rows": 1370840,
                                                                                                        "Actual Loops": 1,
                                                                                                        "Output": [
                                                                                                            "ci.movie_id",
                                                                                                            "ci.person_id",
                                                                                                            "ci.role_id",
                                                                                                            "ci.person_role_id",
                                                                                                            "mi.movie_id",
                                                                                                            "mi.info_type_id",
                                                                                                            "mk.movie_id",
                                                                                                            "mk.keyword_id"
                                                                                                        ],
                                                                                                        "Sort Key": [
                                                                                                            "mk.keyword_id"
                                                                                                        ],
                                                                                                        "Sort Method": "quicksort",
                                                                                                        "Sort Space Used": 188087,
                                                                                                        "Sort Space Type": "Memory",
                                                                                                        "Plans": [
                                                                                                            {
                                                                                                                "Node Type": "Nested Loop",
                                                                                                                "Parent Relationship": "Outer",
                                                                                                                "Parallel Aware": false,
                                                                                                                "Join Type": "Inner",
                                                                                                                "Startup Cost": 30000411256.91,
                                                                                                                "Total Cost": 30021485647.6,
                                                                                                                "Plan Rows": 3292822,
                                                                                                                "Plan Width": 32,
                                                                                                                "Actual Startup Time": 2080.274,
                                                                                                                "Actual Total Time": 56172.14,
                                                                                                                "Actual Rows": 1778365,
                                                                                                                "Actual Loops": 1,
                                                                                                                "Output": [
                                                                                                                    "ci.movie_id",
                                                                                                                    "ci.person_id",
                                                                                                                    "ci.role_id",
                                                                                                                    "ci.person_role_id",
                                                                                                                    "mi.movie_id",
                                                                                                                    "mi.info_type_id",
                                                                                                                    "mk.movie_id",
                                                                                                                    "mk.keyword_id"
                                                                                                                ],
                                                                                                                "Inner Unique": false,
                                                                                                                "Join Filter": "(mi.movie_id = ci.movie_id)",
                                                                                                                "Rows Removed by Join Filter": 0,
                                                                                                                "Plans": [
                                                                                                                    {
                                                                                                                        "Node Type": "Merge Join",
                                                                                                                        "Parent Relationship": "Outer",
                                                                                                                        "Parallel Aware": false,
                                                                                                                        "Join Type": "Inner",
                                                                                                                        "Startup Cost": 20000411255.94,
                                                                                                                        "Total Cost": 20000638220.2,
                                                                                                                        "Plan Rows": 3694533,
                                                                                                                        "Plan Width": 16,
                                                                                                                        "Actual Startup Time": 2058.066,
                                                                                                                        "Actual Total Time": 3256.752,
                                                                                                                        "Actual Rows": 954852,
                                                                                                                        "Actual Loops": 1,
                                                                                                                        "Output": [
                                                                                                                            "mi.movie_id",
                                                                                                                            "mi.info_type_id",
                                                                                                                            "mk.movie_id",
                                                                                                                            "mk.keyword_id"
                                                                                                                        ],
                                                                                                                        "Inner Unique": false,
                                                                                                                        "Merge Cond": "(mi.movie_id = mk.movie_id)",
                                                                                                                        "Plans": [
                                                                                                                            {
                                                                                                                                "Node Type": "Sort",
                                                                                                                                "Parent Relationship": "Outer",
                                                                                                                                "Parallel Aware": false,
                                                                                                                                "Startup Cost": 10000411255.36,
                                                                                                                                "Total Cost": 10000412021.74,
                                                                                                                                "Plan Rows": 306554,
                                                                                                                                "Plan Width": 8,
                                                                                                                                "Actual Startup Time": 2058.033,
                                                                                                                                "Actual Total Time": 2079.759,
                                                                                                                                "Actual Rows": 301246,
                                                                                                                                "Actual Loops": 1,
                                                                                                                                "Output": [
                                                                                                                                    "mi.movie_id",
                                                                                                                                    "mi.info_type_id"
                                                                                                                                ],
                                                                                                                                "Sort Key": [
                                                                                                                                    "mi.movie_id"
                                                                                                                                ],
                                                                                                                                "Sort Method": "quicksort",
                                                                                                                                "Sort Space Used": 26409,
                                                                                                                                "Sort Space Type": "Memory",
                                                                                                                                "Plans": [
                                                                                                                                    {
                                                                                                                                        "Node Type": "Seq Scan",
                                                                                                                                        "Parent Relationship": "Outer",
                                                                                                                                        "Parallel Aware": false,
                                                                                                                                        "Relation Name": "movie_info",
                                                                                                                                        "Schema": "public",
                                                                                                                                        "Alias": "mi",
                                                                                                                                        "Startup Cost": 10000000000.0,
                                                                                                                                        "Total Cost": 10000383319.42,
                                                                                                                                        "Plan Rows": 306554,
                                                                                                                                        "Plan Width": 8,
                                                                                                                                        "Actual Startup Time": 305.142,
                                                                                                                                        "Actual Total Time": 2004.258,
                                                                                                                                        "Actual Rows": 301247,
                                                                                                                                        "Actual Loops": 1,
                                                                                                                                        "Output": [
                                                                                                                                            "mi.movie_id",
                                                                                                                                            "mi.info_type_id"
                                                                                                                                        ],
                                                                                                                                        "Filter": "((mi.info IS NOT NULL) AND ((mi.info ~~ 'Japan:%201%'::text) OR (mi.info ~~ 'USA:%201%'::text)))",
                                                                                                                                        "Rows Removed by Filter": 14534473
                                                                                                                                    }
                                                                                                                                ]
                                                                                                                            },
                                                                                                                            {
                                                                                                                                "Node Type": "Index Scan",
                                                                                                                                "Parent Relationship": "Inner",
                                                                                                                                "Parallel Aware": false,
                                                                                                                                "Scan Direction": "Forward",
                                                                                                                                "Index Name": "movie_id_movie_keyword",
                                                                                                                                "Relation Name": "movie_keyword",
                                                                                                                                "Schema": "public",
                                                                                                                                "Alias": "mk",
                                                                                                                                "Startup Cost": 10000000000.43,
                                                                                                                                "Total Cost": 10000177177.46,
                                                                                                                                "Plan Rows": 4523930,
                                                                                                                                "Plan Width": 8,
                                                                                                                                "Actual Startup Time": 0.024,
                                                                                                                                "Actual Total Time": 685.573,
                                                                                                                                "Actual Rows": 4991137,
                                                                                                                                "Actual Loops": 1,
                                                                                                                                "Output": [
                                                                                                                                    "mk.id",
                                                                                                                                    "mk.movie_id",
                                                                                                                                    "mk.keyword_id"
                                                                                                                                ]
                                                                                                                            }
                                                                                                                        ]
                                                                                                                    },
                                                                                                                    {
                                                                                                                        "Node Type": "Bitmap Heap Scan",
                                                                                                                        "Parent Relationship": "Inner",
                                                                                                                        "Parallel Aware": false,
                                                                                                                        "Relation Name": "cast_info",
                                                                                                                        "Schema": "public",
                                                                                                                        "Alias": "ci",
                                                                                                                        "Startup Cost": 0.97,
                                                                                                                        "Total Cost": 5.63,
                                                                                                                        "Plan Rows": 1,
                                                                                                                        "Plan Width": 16,
                                                                                                                        "Actual Startup Time": 0.043,
                                                                                                                        "Actual Total Time": 0.053,
                                                                                                                        "Actual Rows": 2,
                                                                                                                        "Actual Loops": 954852,
                                                                                                                        "Output": [
                                                                                                                            "ci.id",
                                                                                                                            "ci.person_id",
                                                                                                                            "ci.movie_id",
                                                                                                                            "ci.person_role_id",
                                                                                                                            "ci.note",
                                                                                                                            "ci.nr_order",
                                                                                                                            "ci.role_id"
                                                                                                                        ],
                                                                                                                        "Recheck Cond": "(ci.movie_id = mk.movie_id)",
                                                                                                                        "Rows Removed by Index Recheck": 0,
                                                                                                                        "Filter": "(ci.note = ANY ('{(voice),\"(voice: Japanese version)\",\"(voice) (uncredited)\",\"(voice: English version)\"}'::text[]))",
                                                                                                                        "Rows Removed by Filter": 91,
                                                                                                                        "Exact Heap Blocks": 85026298,
                                                                                                                        "Lossy Heap Blocks": 0,
                                                                                                                        "Plans": [
                                                                                                                            {
                                                                                                                                "Node Type": "Bitmap Index Scan",
                                                                                                                                "Parent Relationship": "Outer",
                                                                                                                                "Parallel Aware": false,
                                                                                                                                "Index Name": "movie_id_cast_info",
                                                                                                                                "Startup Cost": 0.0,
                                                                                                                                "Total Cost": 0.97,
                                                                                                                                "Plan Rows": 38,
                                                                                                                                "Plan Width": 0,
                                                                                                                                "Actual Startup Time": 0.005,
                                                                                                                                "Actual Total Time": 0.005,
                                                                                                                                "Actual Rows": 92,
                                                                                                                                "Actual Loops": 954852,
                                                                                                                                "Index Cond": "(ci.movie_id = mk.movie_id)"
                                                                                                                            }
                                                                                                                        ]
                                                                                                                    }
                                                                                                                ]
                                                                                                            }
                                                                                                        ]
                                                                                                    }
                                                                                                ]
                                                                                            },
                                                                                            {
                                                                                                "Node Type": "Bitmap Heap Scan",
                                                                                                "Parent Relationship": "Inner",
                                                                                                "Parallel Aware": false,
                                                                                                "Relation Name": "char_name",
                                                                                                "Schema": "public",
                                                                                                "Alias": "chn",
                                                                                                "Startup Cost": 0.49,
                                                                                                "Total Cost": 4.5,
                                                                                                "Plan Rows": 1,
                                                                                                "Plan Width": 20,
                                                                                                "Actual Startup Time": 0.006,
                                                                                                "Actual Total Time": 0.006,
                                                                                                "Actual Rows": 1,
                                                                                                "Actual Loops": 8267,
                                                                                                "Output": [
                                                                                                    "chn.id",
                                                                                                    "chn.name",
                                                                                                    "chn.imdb_index",
                                                                                                    "chn.imdb_id",
                                                                                                    "chn.name_pcode_nf",
                                                                                                    "chn.surname_pcode",
                                                                                                    "chn.md5sum"
                                                                                                ],
                                                                                                "Recheck Cond": "(chn.id = ci.person_role_id)",
                                                                                                "Rows Removed by Index Recheck": 0,
                                                                                                "Exact Heap Blocks": 8164,
                                                                                                "Lossy Heap Blocks": 0,
                                                                                                "Plans": [
                                                                                                    {
                                                                                                        "Node Type": "Bitmap Index Scan",
                                                                                                        "Parent Relationship": "Outer",
                                                                                                        "Parallel Aware": false,
                                                                                                        "Index Name": "char_name_pkey",
                                                                                                        "Startup Cost": 0.0,
                                                                                                        "Total Cost": 0.49,
                                                                                                        "Plan Rows": 1,
                                                                                                        "Plan Width": 0,
                                                                                                        "Actual Startup Time": 0.004,
                                                                                                        "Actual Total Time": 0.004,
                                                                                                        "Actual Rows": 1,
                                                                                                        "Actual Loops": 8267,
                                                                                                        "Index Cond": "(chn.id = ci.person_role_id)"
                                                                                                    }
                                                                                                ]
                                                                                            }
                                                                                        ]
                                                                                    }
                                                                                ]
                                                                            },
                                                                            {
                                                                                "Node Type": "Materialize",
                                                                                "Parent Relationship": "Inner",
                                                                                "Parallel Aware": false,
                                                                                "Startup Cost": 1.16,
                                                                                "Total Cost": 1.17,
                                                                                "Plan Rows": 1,
                                                                                "Plan Width": 4,
                                                                                "Actual Startup Time": 0.034,
                                                                                "Actual Total Time": 0.174,
                                                                                "Actual Rows": 1,
                                                                                "Actual Loops": 1,
                                                                                "Output": [
                                                                                    "rt.id"
                                                                                ],
                                                                                "Plans": [
                                                                                    {
                                                                                        "Node Type": "Sort",
                                                                                        "Parent Relationship": "Outer",
                                                                                        "Parallel Aware": false,
                                                                                        "Startup Cost": 1.16,
                                                                                        "Total Cost": 1.16,
                                                                                        "Plan Rows": 1,
                                                                                        "Plan Width": 4,
                                                                                        "Actual Startup Time": 0.031,
                                                                                        "Actual Total Time": 0.032,
                                                                                        "Actual Rows": 1,
                                                                                        "Actual Loops": 1,
                                                                                        "Output": [
                                                                                            "rt.id"
                                                                                        ],
                                                                                        "Sort Key": [
                                                                                            "rt.id"
                                                                                        ],
                                                                                        "Sort Method": "quicksort",
                                                                                        "Sort Space Used": 25,
                                                                                        "Sort Space Type": "Memory",
                                                                                        "Plans": [
                                                                                            {
                                                                                                "Node Type": "Seq Scan",
                                                                                                "Parent Relationship": "Outer",
                                                                                                "Parallel Aware": false,
                                                                                                "Relation Name": "role_type",
                                                                                                "Schema": "public",
                                                                                                "Alias": "rt",
                                                                                                "Startup Cost": 0.0,
                                                                                                "Total Cost": 1.15,
                                                                                                "Plan Rows": 1,
                                                                                                "Plan Width": 4,
                                                                                                "Actual Startup Time": 0.021,
                                                                                                "Actual Total Time": 0.022,
                                                                                                "Actual Rows": 1,
                                                                                                "Actual Loops": 1,
                                                                                                "Output": [
                                                                                                    "rt.id"
                                                                                                ],
                                                                                                "Filter": "((rt.role)::text = 'actress'::text)",
                                                                                                "Rows Removed by Filter": 11
                                                                                            }
                                                                                        ]
                                                                                    }
                                                                                ]
                                                                            }
                                                                        ]
                                                                    },
                                                                    {
                                                                        "Node Type": "Bitmap Heap Scan",
                                                                        "Parent Relationship": "Inner",
                                                                        "Parallel Aware": false,
                                                                        "Relation Name": "info_type",
                                                                        "Schema": "public",
                                                                        "Alias": "it",
                                                                        "Startup Cost": 0.15,
                                                                        "Total Cost": 4.17,
                                                                        "Plan Rows": 1,
                                                                        "Plan Width": 4,
                                                                        "Actual Startup Time": 0.002,
                                                                        "Actual Total Time": 0.002,
                                                                        "Actual Rows": 1,
                                                                        "Actual Loops": 2201,
                                                                        "Output": [
                                                                            "it.id",
                                                                            "it.info"
                                                                        ],
                                                                        "Recheck Cond": "(it.id = mi.info_type_id)",
                                                                        "Rows Removed by Index Recheck": 0,
                                                                        "Filter": "((it.info)::text = 'release dates'::text)",
                                                                        "Rows Removed by Filter": 0,
                                                                        "Exact Heap Blocks": 2201,
                                                                        "Lossy Heap Blocks": 0,
                                                                        "Plans": [
                                                                            {
                                                                                "Node Type": "Bitmap Index Scan",
                                                                                "Parent Relationship": "Outer",
                                                                                "Parallel Aware": false,
                                                                                "Index Name": "info_type_pkey",
                                                                                "Startup Cost": 0.0,
                                                                                "Total Cost": 0.15,
                                                                                "Plan Rows": 1,
                                                                                "Plan Width": 0,
                                                                                "Actual Startup Time": 0.001,
                                                                                "Actual Total Time": 0.001,
                                                                                "Actual Rows": 1,
                                                                                "Actual Loops": 2201,
                                                                                "Index Cond": "(it.id = mi.info_type_id)"
                                                                            }
                                                                        ]
                                                                    }
                                                                ]
                                                            },
                                                            {
                                                                "Node Type": "Bitmap Heap Scan",
                                                                "Parent Relationship": "Inner",
                                                                "Parallel Aware": false,
                                                                "Relation Name": "name",
                                                                "Schema": "public",
                                                                "Alias": "n",
                                                                "Startup Cost": 0.51,
                                                                "Total Cost": 4.53,
                                                                "Plan Rows": 1,
                                                                "Plan Width": 19,
                                                                "Actual Startup Time": 0.004,
                                                                "Actual Total Time": 0.004,
                                                                "Actual Rows": 0,
                                                                "Actual Loops": 2201,
                                                                "Output": [
                                                                    "n.id",
                                                                    "n.name",
                                                                    "n.imdb_index",
                                                                    "n.imdb_id",
                                                                    "n.gender",
                                                                    "n.name_pcode_cf",
                                                                    "n.name_pcode_nf",
                                                                    "n.surname_pcode",
                                                                    "n.md5sum"
                                                                ],
                                                                "Recheck Cond": "(n.id = ci.person_id)",
                                                                "Rows Removed by Index Recheck": 0,
                                                                "Filter": "((n.name ~~ '%An%'::text) AND ((n.gender)::text = 'f'::text))",
                                                                "Rows Removed by Filter": 1,
                                                                "Exact Heap Blocks": 2201,
                                                                "Lossy Heap Blocks": 0,
                                                                "Plans": [
                                                                    {
                                                                        "Node Type": "Bitmap Index Scan",
                                                                        "Parent Relationship": "Outer",
                                                                        "Parallel Aware": false,
                                                                        "Index Name": "name_pkey",
                                                                        "Startup Cost": 0.0,
                                                                        "Total Cost": 0.51,
                                                                        "Plan Rows": 1,
                                                                        "Plan Width": 0,
                                                                        "Actual Startup Time": 0.003,
                                                                        "Actual Total Time": 0.003,
                                                                        "Actual Rows": 1,
                                                                        "Actual Loops": 2201,
                                                                        "Index Cond": "(n.id = ci.person_id)"
                                                                    }
                                                                ]
                                                            }
                                                        ]
                                                    },
                                                    {
                                                        "Node Type": "Hash",
                                                        "Parent Relationship": "Inner",
                                                        "Parallel Aware": false,
                                                        "Startup Cost": 72012.16,
                                                        "Total Cost": 72012.16,
                                                        "Plan Rows": 901343,
                                                        "Plan Width": 4,
                                                        "Actual Startup Time": 723.433,
                                                        "Actual Total Time": 723.434,
                                                        "Actual Rows": 901343,
                                                        "Actual Loops": 1,
                                                        "Output": [
                                                            "an.person_id"
                                                        ],
                                                        "Hash Buckets": 1048576,
                                                        "Original Hash Buckets": 1048576,
                                                        "Hash Batches": 1,
                                                        "Original Hash Batches": 1,
                                                        "Peak Memory Usage": 39880,
                                                        "Plans": [
                                                            {
                                                                "Node Type": "Index Scan",
                                                                "Parent Relationship": "Outer",
                                                                "Parallel Aware": false,
                                                                "Scan Direction": "Forward",
                                                                "Index Name": "person_id_aka_name",
                                                                "Relation Name": "aka_name",
                                                                "Schema": "public",
                                                                "Alias": "an",
                                                                "Startup Cost": 0.42,
                                                                "Total Cost": 72012.16,
                                                                "Plan Rows": 901343,
                                                                "Plan Width": 4,
                                                                "Actual Startup Time": 0.047,
                                                                "Actual Total Time": 523.771,
                                                                "Actual Rows": 901343,
                                                                "Actual Loops": 1,
                                                                "Output": [
                                                                    "an.person_id"
                                                                ]
                                                            }
                                                        ]
                                                    }
                                                ]
                                            },
                                            {
                                                "Node Type": "Bitmap Heap Scan",
                                                "Parent Relationship": "Inner",
                                                "Parallel Aware": false,
                                                "Relation Name": "movie_companies",
                                                "Schema": "public",
                                                "Alias": "mc",
                                                "Startup Cost": 0.48,
                                                "Total Cost": 4.54,
                                                "Plan Rows": 5,
                                                "Plan Width": 8,
                                                "Actual Startup Time": 0.006,
                                                "Actual Total Time": 0.009,
                                                "Actual Rows": 18,
                                                "Actual Loops": 113,
                                                "Output": [
                                                    "mc.id",
                                                    "mc.movie_id",
                                                    "mc.company_id",
                                                    "mc.company_type_id",
                                                    "mc.note"
                                                ],
                                                "Recheck Cond": "(mc.movie_id = mk.movie_id)",
                                                "Rows Removed by Index Recheck": 0,
                                                "Exact Heap Blocks": 252,
                                                "Lossy Heap Blocks": 0,
                                                "Plans": [
                                                    {
                                                        "Node Type": "Bitmap Index Scan",
                                                        "Parent Relationship": "Outer",
                                                        "Parallel Aware": false,
                                                        "Index Name": "movie_id_movie_companies",
                                                        "Startup Cost": 0.0,
                                                        "Total Cost": 0.48,
                                                        "Plan Rows": 5,
                                                        "Plan Width": 0,
                                                        "Actual Startup Time": 0.005,
                                                        "Actual Total Time": 0.005,
                                                        "Actual Rows": 18,
                                                        "Actual Loops": 113,
                                                        "Index Cond": "(mc.movie_id = mk.movie_id)"
                                                    }
                                                ]
                                            }
                                        ]
                                    }
                                ]
                            }
                        ]
                    },
                    {
                        "Node Type": "Bitmap Heap Scan",
                        "Parent Relationship": "Inner",
                        "Parallel Aware": false,
                        "Relation Name": "title",
                        "Schema": "public",
                        "Alias": "t",
                        "Startup Cost": 0.45,
                        "Total Cost": 4.46,
                        "Plan Rows": 1,
                        "Plan Width": 21,
                        "Actual Startup Time": 0.003,
                        "Actual Total Time": 0.003,
                        "Actual Rows": 1,
                        "Actual Loops": 40,
                        "Output": [
                            "t.id",
                            "t.title",
                            "t.imdb_index",
                            "t.kind_id",
                            "t.production_year",
                            "t.imdb_id",
                            "t.phonetic_code",
                            "t.episode_of_id",
                            "t.season_nr",
                            "t.episode_nr",
                            "t.series_years",
                            "t.md5sum"
                        ],
                        "Recheck Cond": "(t.id = mk.movie_id)",
                        "Rows Removed by Index Recheck": 0,
                        "Filter": "((t.title ~~ 'Kung Fu Panda%'::text) AND (t.production_year > 2009))",
                        "Rows Removed by Filter": 0,
                        "Exact Heap Blocks": 40,
                        "Lossy Heap Blocks": 0,
                        "Plans": [
                            {
                                "Node Type": "Bitmap Index Scan",
                                "Parent Relationship": "Outer",
                                "Parallel Aware": false,
                                "Index Name": "title_pkey",
                                "Startup Cost": 0.0,
                                "Total Cost": 0.45,
                                "Plan Rows": 1,
                                "Plan Width": 0,
                                "Actual Startup Time": 0.002,
                                "Actual Total Time": 0.002,
                                "Actual Rows": 1,
                                "Actual Loops": 40,
                                "Index Cond": "(t.id = mk.movie_id)"
                            }
                        ]
                    }
                ]
            }
        ]
    },
    "Planning Time": 54.069,
    "Triggers": [],
    "Execution Time": 57635.34
}