[
  {
    "Plan": {
      "Node Type": "Aggregate",
      "Strategy": "Plain",
      "Partial Mode": "Finalize",
      "Parallel Aware": false,
      "Startup Cost": 285706.06,
      "Total Cost": 285706.07,
      "Plan Rows": 1,
      "Plan Width": 8,
      "Actual Startup Time": 1608.578,
      "Actual Total Time": 1656.573,
      "Actual Rows": 1,
      "Actual Loops": 1,
      "Plans": [
        {
          "Node Type": "Gather",
          "Parent Relationship": "Outer",
          "Parallel Aware": false,
          "Startup Cost": 285705.54,
          "Total Cost": 285706.05,
          "Plan Rows": 5,
          "Plan Width": 8,
          "Actual Startup Time": 1581.057,
          "Actual Total Time": 1656.548,
          "Actual Rows": 6,
          "Actual Loops": 1,
          "Workers Planned": 5,
          "Workers Launched": 5,
          "Single Copy": false,
          "Plans": [
            {
              "Node Type": "Aggregate",
              "Strategy": "Plain",
              "Partial Mode": "Partial",
              "Parent Relationship": "Outer",
              "Parallel Aware": false,
              "Startup Cost": 284705.54,
              "Total Cost": 284705.55,
              "Plan Rows": 1,
              "Plan Width": 8,
              "Actual Startup Time": 1566.401,
              "Actual Total Time": 1566.842,
              "Actual Rows": 1,
              "Actual Loops": 6,
              "Plans": [
                {
                  "Node Type": "Hash Join",
                  "Parent Relationship": "Outer",
                  "Parallel Aware": true,
                  "Join Type": "Inner",
                  "Startup Cost": 72498.61,
                  "Total Cost": 281120.97,
                  "Plan Rows": 1433828,
                  "Plan Width": 0,
                  "Actual Startup Time": 424.195,
                  "Actual Total Time": 1431.686,
                  "Actual Rows": 3089214,
                  "Actual Loops": 6,
                  "Inner Unique": false,
                  "Hash Cond": "(mi.movie_id = t.id)",
                  "Plans": [
                    {
                      "Node Type": "Seq Scan",
                      "Parent Relationship": "Outer",
                      "Parallel Aware": true,
                      "Relation Name": "movie_info",
                      "Alias": "mi",
                      "Startup Cost": 0.0,
                      "Total Cost": 191560.33,
                      "Plan Rows": 2956733,
                      "Plan Width": 4,
                      "Actual Startup Time": 0.055,
                      "Actual Total Time": 314.845,
                      "Actual Rows": 2472620,
                      "Actual Loops": 6
                    },
                    {
                      "Node Type": "Hash",
                      "Parent Relationship": "Inner",
                      "Parallel Aware": true,
                      "Startup Cost": 66112.88,
                      "Total Cost": 66112.88,
                      "Plan Rows": 510859,
                      "Plan Width": 8,
                      "Actual Startup Time": 417.391,
                      "Actual Total Time": 417.831,
                      "Actual Rows": 210015,
                      "Actual Loops": 6,
                      "Hash Buckets": 2097152,
                      "Original Hash Buckets": 2097152,
                      "Hash Batches": 1,
                      "Original Hash Batches": 1,
                      "Peak Memory Usage": 65792,
                      "Plans": [
                        {
                          "Node Type": "Hash Join",
                          "Parent Relationship": "Outer",
                          "Parallel Aware": true,
                          "Join Type": "Inner",
                          "Startup Cost": 50918.32,
                          "Total Cost": 66112.88,
                          "Plan Rows": 510859,
                          "Plan Width": 8,
                          "Actual Startup Time": 258.475,
                          "Actual Total Time": 347.426,
                          "Actual Rows": 210015,
                          "Actual Loops": 6,
                          "Inner Unique": true,
                          "Hash Cond": "(mi_idx.movie_id = t.id)",
                          "Plans": [
                            {
                              "Node Type": "Seq Scan",
                              "Parent Relationship": "Outer",
                              "Parallel Aware": true,
                              "Relation Name": "movie_info_idx",
                              "Alias": "mi_idx",
                              "Startup Cost": 0.0,
                              "Total Cost": 13685.15,
                              "Plan Rows": 575015,
                              "Plan Width": 4,
                              "Actual Startup Time": 0.029,
                              "Actual Total Time": 23.082,
                              "Actual Rows": 230006,
                              "Actual Loops": 6
                            },
                            {
                              "Node Type": "Hash",
                              "Parent Relationship": "Inner",
                              "Parallel Aware": true,
                              "Startup Cost": 43898.92,
                              "Total Cost": 43898.92,
                              "Plan Rows": 561552,
                              "Plan Width": 4,
                              "Actual Startup Time": 254.163,
                              "Actual Total Time": 254.164,
                              "Actual Rows": 372517,
                              "Actual Loops": 6,
                              "Hash Buckets": 4194304,
                              "Original Hash Buckets": 4194304,
                              "Hash Batches": 1,
                              "Original Hash Batches": 1,
                              "Peak Memory Usage": 120320,
                              "Plans": [
                                {
                                  "Node Type": "Seq Scan",
                                  "Parent Relationship": "Outer",
                                  "Parallel Aware": true,
                                  "Relation Name": "title",
                                  "Alias": "t",
                                  "Startup Cost": 0.0,
                                  "Total Cost": 43898.92,
                                  "Plan Rows": 561552,
                                  "Plan Width": 4,
                                  "Actual Startup Time": 0.041,
                                  "Actual Total Time": 90.583,
                                  "Actual Rows": 372517,
                                  "Actual Loops": 6,
                                  "Filter": "(production_year > 1957)",
                                  "Rows Removed by Filter": 48868
                                }
                              ]
                            }
                          ]
                        }
                      ]
                    }
                  ]
                }
              ]
            }
          ]
        }
      ]
    },
    "Planning Time": 1.332,
    "Triggers": [],
    "Execution Time": 1656.661
  }
]