[
  {
    "Plan": {
      "Node Type": "Aggregate",
      "Strategy": "Plain",
      "Partial Mode": "Finalize",
      "Parallel Aware": false,
      "Startup Cost": 47131.24,
      "Total Cost": 47131.25,
      "Plan Rows": 1,
      "Plan Width": 8,
      "Actual Startup Time": 115.516,
      "Actual Total Time": 128.172,
      "Actual Rows": 1,
      "Actual Loops": 1,
      "Plans": [
        {
          "Node Type": "Gather",
          "Parent Relationship": "Outer",
          "Parallel Aware": false,
          "Startup Cost": 47130.82,
          "Total Cost": 47131.23,
          "Plan Rows": 4,
          "Plan Width": 8,
          "Actual Startup Time": 115.368,
          "Actual Total Time": 128.164,
          "Actual Rows": 5,
          "Actual Loops": 1,
          "Workers Planned": 4,
          "Workers Launched": 4,
          "Single Copy": false,
          "Plans": [
            {
              "Node Type": "Aggregate",
              "Strategy": "Plain",
              "Partial Mode": "Partial",
              "Parent Relationship": "Outer",
              "Parallel Aware": false,
              "Startup Cost": 46130.82,
              "Total Cost": 46130.83,
              "Plan Rows": 1,
              "Plan Width": 8,
              "Actual Startup Time": 106.338,
              "Actual Total Time": 106.339,
              "Actual Rows": 1,
              "Actual Loops": 5,
              "Plans": [
                {
                  "Node Type": "Seq Scan",
                  "Parent Relationship": "Outer",
                  "Parallel Aware": true,
                  "Relation Name": "title",
                  "Alias": "t",
                  "Startup Cost": 0.0,
                  "Total Cost": 45479.1,
                  "Plan Rows": 260687,
                  "Plan Width": 0,
                  "Actual Startup Time": 0.041,
                  "Actual Total Time": 93.555,
                  "Actual Rows": 231262,
                  "Actual Loops": 5,
                  "Filter": "((kind_id > 3) AND (production_year > 1996))",
                  "Rows Removed by Filter": 274400
                }
              ]
            }
          ]
        }
      ]
    },
    "Planning Time": 0.23,
    "Triggers": [],
    "Execution Time": 128.235
  }
]