[
  {
    "Plan": {
      "Node Type": "Aggregate",
      "Strategy": "Plain",
      "Partial Mode": "Finalize",
      "Parallel Aware": false,
      "Startup Cost": 44489.65,
      "Total Cost": 44489.66,
      "Plan Rows": 1,
      "Plan Width": 8,
      "Actual Startup Time": 103.2,
      "Actual Total Time": 110.503,
      "Actual Rows": 1,
      "Actual Loops": 1,
      "Plans": [
        {
          "Node Type": "Gather",
          "Parent Relationship": "Outer",
          "Parallel Aware": false,
          "Startup Cost": 44489.33,
          "Total Cost": 44489.64,
          "Plan Rows": 3,
          "Plan Width": 8,
          "Actual Startup Time": 103.094,
          "Actual Total Time": 110.496,
          "Actual Rows": 4,
          "Actual Loops": 1,
          "Workers Planned": 3,
          "Workers Launched": 3,
          "Single Copy": false,
          "Plans": [
            {
              "Node Type": "Aggregate",
              "Strategy": "Plain",
              "Partial Mode": "Partial",
              "Parent Relationship": "Outer",
              "Parallel Aware": false,
              "Startup Cost": 43489.33,
              "Total Cost": 43489.34,
              "Plan Rows": 1,
              "Plan Width": 8,
              "Actual Startup Time": 99.939,
              "Actual Total Time": 99.939,
              "Actual Rows": 1,
              "Actual Loops": 4,
              "Plans": [
                {
                  "Node Type": "Seq Scan",
                  "Parent Relationship": "Outer",
                  "Parallel Aware": true,
                  "Relation Name": "movie_keyword",
                  "Alias": "mk",
                  "Startup Cost": 0.0,
                  "Total Cost": 42695.65,
                  "Plan Rows": 317472,
                  "Plan Width": 0,
                  "Actual Startup Time": 1.833,
                  "Actual Total Time": 89.243,
                  "Actual Rows": 244864,
                  "Actual Loops": 4,
                  "Filter": "(keyword_id > 18999)",
                  "Rows Removed by Filter": 886119
                }
              ]
            }
          ]
        }
      ]
    },
    "Planning Time": 0.126,
    "Triggers": [],
    "Execution Time": 110.546
  }
]