{
    "Plan": {
        "Node Type": "Aggregate",
        "Strategy": "Plain",
        "Partial Mode": "Finalize",
        "Parallel Aware": false,
        "Startup Cost": 78047.08,
        "Total Cost": 78047.09,
        "Plan Rows": 1,
        "Plan Width": 8,
        "Actual Startup Time": 141.119,
        "Actual Total Time": 156.084,
        "Actual Rows": 1,
        "Actual Loops": 1,
        "Output": [
            "count(*)"
        ],
        "Plans": [
            {
                "Node Type": "Gather",
                "Parent Relationship": "Outer",
                "Parallel Aware": false,
                "Startup Cost": 78046.66,
                "Total Cost": 78047.07,
                "Plan Rows": 4,
                "Plan Width": 8,
                "Actual Startup Time": 140.537,
                "Actual Total Time": 156.075,
                "Actual Rows": 5,
                "Actual Loops": 1,
                "Output": [
                    "(PARTIAL count(*))"
                ],
                "Workers Planned": 4,
                "Workers Launched": 4,
                "Single Copy": false,
                "Plans": [
                    {
                        "Node Type": "Aggregate",
                        "Strategy": "Plain",
                        "Partial Mode": "Partial",
                        "Parent Relationship": "Outer",
                        "Parallel Aware": false,
                        "Startup Cost": 77046.66,
                        "Total Cost": 77046.67,
                        "Plan Rows": 1,
                        "Plan Width": 8,
                        "Actual Startup Time": 130.176,
                        "Actual Total Time": 130.18,
                        "Actual Rows": 1,
                        "Actual Loops": 5,
                        "Output": [
                            "PARTIAL count(*)"
                        ],
                        "Workers": [
                            {
                                "Worker Number": 0,
                                "Actual Startup Time": 127.189,
                                "Actual Total Time": 127.193,
                                "Actual Rows": 1,
                                "Actual Loops": 1
                            },
                            {
                                "Worker Number": 1,
                                "Actual Startup Time": 127.506,
                                "Actual Total Time": 127.51,
                                "Actual Rows": 1,
                                "Actual Loops": 1
                            },
                            {
                                "Worker Number": 2,
                                "Actual Startup Time": 128.167,
                                "Actual Total Time": 128.171,
                                "Actual Rows": 1,
                                "Actual Loops": 1
                            },
                            {
                                "Worker Number": 3,
                                "Actual Startup Time": 128.371,
                                "Actual Total Time": 128.375,
                                "Actual Rows": 1,
                                "Actual Loops": 1
                            }
                        ],
                        "Plans": [
                            {
                                "Node Type": "Nested Loop",
                                "Parent Relationship": "Outer",
                                "Parallel Aware": false,
                                "Join Type": "Inner",
                                "Startup Cost": 44062.24,
                                "Total Cost": 77046.58,
                                "Plan Rows": 32,
                                "Plan Width": 0,
                                "Actual Startup Time": 89.057,
                                "Actual Total Time": 130.168,
                                "Actual Rows": 36,
                                "Actual Loops": 5,
                                "Inner Unique": false,
                                "Join Filter": "(t.id = mk.movie_id)",
                                "Rows Removed by Join Filter": 0,
                                "Workers": [
                                    {
                                        "Worker Number": 0,
                                        "Actual Startup Time": 86.717,
                                        "Actual Total Time": 127.182,
                                        "Actual Rows": 26,
                                        "Actual Loops": 1
                                    },
                                    {
                                        "Worker Number": 1,
                                        "Actual Startup Time": 86.892,
                                        "Actual Total Time": 127.499,
                                        "Actual Rows": 23,
                                        "Actual Loops": 1
                                    },
                                    {
                                        "Worker Number": 2,
                                        "Actual Startup Time": 86.337,
                                        "Actual Total Time": 128.159,
                                        "Actual Rows": 42,
                                        "Actual Loops": 1
                                    },
                                    {
                                        "Worker Number": 3,
                                        "Actual Startup Time": 88.212,
                                        "Actual Total Time": 128.364,
                                        "Actual Rows": 45,
                                        "Actual Loops": 1
                                    }
                                ],
                                "Plans": [
                                    {
                                        "Node Type": "Hash Join",
                                        "Parent Relationship": "Outer",
                                        "Parallel Aware": true,
                                        "Join Type": "Inner",
                                        "Startup Cost": 44061.81,
                                        "Total Cost": 75542.78,
                                        "Plan Rows": 411,
                                        "Plan Width": 8,
                                        "Actual Startup Time": 88.135,
                                        "Actual Total Time": 128.32,
                                        "Actual Rows": 109,
                                        "Actual Loops": 5,
                                        "Output": [
                                            "t.id",
                                            "ci.movie_id"
                                        ],
                                        "Inner Unique": true,
                                        "Hash Cond": "(ci.movie_id = t.id)",
                                        "Workers": [
                                            {
                                                "Worker Number": 0,
                                                "Actual Startup Time": 85.558,
                                                "Actual Total Time": 124.947,
                                                "Actual Rows": 113,
                                                "Actual Loops": 1
                                            },
                                            {
                                                "Worker Number": 1,
                                                "Actual Startup Time": 85.761,
                                                "Actual Total Time": 125.065,
                                                "Actual Rows": 110,
                                                "Actual Loops": 1
                                            },
                                            {
                                                "Worker Number": 2,
                                                "Actual Startup Time": 85.952,
                                                "Actual Total Time": 126.647,
                                                "Actual Rows": 68,
                                                "Actual Loops": 1
                                            },
                                            {
                                                "Worker Number": 3,
                                                "Actual Startup Time": 86.296,
                                                "Actual Total Time": 126.322,
                                                "Actual Rows": 76,
                                                "Actual Loops": 1
                                            }
                                        ],
                                        "Plans": [
                                            {
                                                "Node Type": "Index Scan",
                                                "Parent Relationship": "Outer",
                                                "Parallel Aware": true,
                                                "Scan Direction": "Forward",
                                                "Index Name": "role_id_cast_info",
                                                "Relation Name": "cast_info",
                                                "Schema": "public",
                                                "Alias": "ci",
                                                "Startup Cost": 0.56,
                                                "Total Cost": 31429.0,
                                                "Plan Rows": 20011,
                                                "Plan Width": 4,
                                                "Actual Startup Time": 0.101,
                                                "Actual Total Time": 38.759,
                                                "Actual Rows": 6945,
                                                "Actual Loops": 5,
                                                "Output": [
                                                    "ci.id",
                                                    "ci.person_id",
                                                    "ci.movie_id",
                                                    "ci.person_role_id",
                                                    "ci.note",
                                                    "ci.nr_order",
                                                    "ci.role_id"
                                                ],
                                                "Index Cond": "(ci.role_id = 9)",
                                                "Rows Removed by Index Recheck": 0,
                                                "Filter": "(ci.person_id < 250764)",
                                                "Rows Removed by Filter": 211766,
                                                "Workers": [
                                                    {
                                                        "Worker Number": 0,
                                                        "Actual Startup Time": 0.116,
                                                        "Actual Total Time": 38.325,
                                                        "Actual Rows": 6557,
                                                        "Actual Loops": 1
                                                    },
                                                    {
                                                        "Worker Number": 1,
                                                        "Actual Startup Time": 0.069,
                                                        "Actual Total Time": 38.557,
                                                        "Actual Rows": 5650,
                                                        "Actual Loops": 1
                                                    },
                                                    {
                                                        "Worker Number": 2,
                                                        "Actual Startup Time": 0.123,
                                                        "Actual Total Time": 39.166,
                                                        "Actual Rows": 6354,
                                                        "Actual Loops": 1
                                                    },
                                                    {
                                                        "Worker Number": 3,
                                                        "Actual Startup Time": 0.163,
                                                        "Actual Total Time": 38.717,
                                                        "Actual Rows": 6058,
                                                        "Actual Loops": 1
                                                    }
                                                ]
                                            },
                                            {
                                                "Node Type": "Hash",
                                                "Parent Relationship": "Inner",
                                                "Parallel Aware": true,
                                                "Startup Cost": 43899.01,
                                                "Total Cost": 43899.01,
                                                "Plan Rows": 12979,
                                                "Plan Width": 4,
                                                "Actual Startup Time": 86.186,
                                                "Actual Total Time": 86.187,
                                                "Actual Rows": 10603,
                                                "Actual Loops": 5,
                                                "Output": [
                                                    "t.id"
                                                ],
                                                "Hash Buckets": 65536,
                                                "Original Hash Buckets": 65536,
                                                "Hash Batches": 1,
                                                "Original Hash Batches": 1,
                                                "Peak Memory Usage": 2656,
                                                "Workers": [
                                                    {
                                                        "Worker Number": 0,
                                                        "Actual Startup Time": 84.116,
                                                        "Actual Total Time": 84.117,
                                                        "Actual Rows": 8920,
                                                        "Actual Loops": 1
                                                    },
                                                    {
                                                        "Worker Number": 1,
                                                        "Actual Startup Time": 84.393,
                                                        "Actual Total Time": 84.394,
                                                        "Actual Rows": 9152,
                                                        "Actual Loops": 1
                                                    },
                                                    {
                                                        "Worker Number": 2,
                                                        "Actual Startup Time": 85.118,
                                                        "Actual Total Time": 85.12,
                                                        "Actual Rows": 9043,
                                                        "Actual Loops": 1
                                                    },
                                                    {
                                                        "Worker Number": 3,
                                                        "Actual Startup Time": 85.213,
                                                        "Actual Total Time": 85.214,
                                                        "Actual Rows": 8883,
                                                        "Actual Loops": 1
                                                    }
                                                ],
                                                "Plans": [
                                                    {
                                                        "Node Type": "Seq Scan",
                                                        "Parent Relationship": "Outer",
                                                        "Parallel Aware": true,
                                                        "Relation Name": "title",
                                                        "Schema": "public",
                                                        "Alias": "t",
                                                        "Startup Cost": 0.0,
                                                        "Total Cost": 43899.01,
                                                        "Plan Rows": 12979,
                                                        "Plan Width": 4,
                                                        "Actual Startup Time": 0.073,
                                                        "Actual Total Time": 80.91,
                                                        "Actual Rows": 10603,
                                                        "Actual Loops": 5,
                                                        "Output": [
                                                            "t.id"
                                                        ],
                                                        "Filter": "(t.production_year = 2000)",
                                                        "Rows Removed by Filter": 495060,
                                                        "Workers": [
                                                            {
                                                                "Worker Number": 0,
                                                                "Actual Startup Time": 0.058,
                                                                "Actual Total Time": 79.128,
                                                                "Actual Rows": 8920,
                                                                "Actual Loops": 1
                                                            },
                                                            {
                                                                "Worker Number": 1,
                                                                "Actual Startup Time": 0.084,
                                                                "Actual Total Time": 79.385,
                                                                "Actual Rows": 9152,
                                                                "Actual Loops": 1
                                                            },
                                                            {
                                                                "Worker Number": 2,
                                                                "Actual Startup Time": 0.064,
                                                                "Actual Total Time": 79.702,
                                                                "Actual Rows": 9043,
                                                                "Actual Loops": 1
                                                            },
                                                            {
                                                                "Worker Number": 3,
                                                                "Actual Startup Time": 0.109,
                                                                "Actual Total Time": 80.299,
                                                                "Actual Rows": 8883,
                                                                "Actual Loops": 1
                                                            }
                                                        ]
                                                    }
                                                ]
                                            }
                                        ]
                                    },
                                    {
                                        "Node Type": "Index Scan",
                                        "Parent Relationship": "Inner",
                                        "Parallel Aware": false,
                                        "Scan Direction": "Forward",
                                        "Index Name": "movie_id_movie_keyword",
                                        "Relation Name": "movie_keyword",
                                        "Schema": "public",
                                        "Alias": "mk",
                                        "Startup Cost": 0.43,
                                        "Total Cost": 3.63,
                                        "Plan Rows": 2,
                                        "Plan Width": 4,
                                        "Actual Startup Time": 0.016,
                                        "Actual Total Time": 0.016,
                                        "Actual Rows": 0,
                                        "Actual Loops": 547,
                                        "Output": [
                                            "mk.id",
                                            "mk.movie_id",
                                            "mk.keyword_id"
                                        ],
                                        "Index Cond": "(mk.movie_id = ci.movie_id)",
                                        "Rows Removed by Index Recheck": 0,
                                        "Filter": "(mk.keyword_id > 69448)",
                                        "Rows Removed by Filter": 7,
                                        "Workers": [
                                            {
                                                "Worker Number": 0,
                                                "Actual Startup Time": 0.019,
                                                "Actual Total Time": 0.019,
                                                "Actual Rows": 0,
                                                "Actual Loops": 113
                                            },
                                            {
                                                "Worker Number": 1,
                                                "Actual Startup Time": 0.021,
                                                "Actual Total Time": 0.022,
                                                "Actual Rows": 0,
                                                "Actual Loops": 110
                                            },
                                            {
                                                "Worker Number": 2,
                                                "Actual Startup Time": 0.021,
                                                "Actual Total Time": 0.022,
                                                "Actual Rows": 1,
                                                "Actual Loops": 68
                                            },
                                            {
                                                "Worker Number": 3,
                                                "Actual Startup Time": 0.025,
                                                "Actual Total Time": 0.026,
                                                "Actual Rows": 1,
                                                "Actual Loops": 76
                                            }
                                        ]
                                    }
                                ]
                            }
                        ]
                    }
                ]
            }
        ]
    },
    "Planning Time": 1.519,
    "Triggers": [],
    "Execution Time": 156.182
}