[
  {
    "Plan": {
      "Node Type": "Aggregate",
      "Strategy": "Plain",
      "Partial Mode": "Finalize",
      "Parallel Aware": false,
      "Startup Cost": 33004.51,
      "Total Cost": 33004.52,
      "Plan Rows": 1,
      "Plan Width": 8,
      "Actual Startup Time": 103.159,
      "Actual Total Time": 109.553,
      "Actual Rows": 1,
      "Actual Loops": 1,
      "Plans": [
        {
          "Node Type": "Gather",
          "Parent Relationship": "Outer",
          "Parallel Aware": false,
          "Startup Cost": 33004.19,
          "Total Cost": 33004.5,
          "Plan Rows": 3,
          "Plan Width": 8,
          "Actual Startup Time": 102.944,
          "Actual Total Time": 109.546,
          "Actual Rows": 4,
          "Actual Loops": 1,
          "Workers Planned": 3,
          "Workers Launched": 3,
          "Single Copy": false,
          "Plans": [
            {
              "Node Type": "Aggregate",
              "Strategy": "Plain",
              "Partial Mode": "Partial",
              "Parent Relationship": "Outer",
              "Parallel Aware": false,
              "Startup Cost": 32004.19,
              "Total Cost": 32004.2,
              "Plan Rows": 1,
              "Plan Width": 8,
              "Actual Startup Time": 94.811,
              "Actual Total Time": 94.812,
              "Actual Rows": 1,
              "Actual Loops": 4,
              "Plans": [
                {
                  "Node Type": "Seq Scan",
                  "Parent Relationship": "Outer",
                  "Parallel Aware": true,
                  "Relation Name": "movie_companies",
                  "Alias": "mc",
                  "Startup Cost": 0.0,
                  "Total Cost": 31414.82,
                  "Plan Rows": 235749,
                  "Plan Width": 0,
                  "Actual Startup Time": 47.807,
                  "Actual Total Time": 84.464,
                  "Actual Rows": 238493,
                  "Actual Loops": 4,
                  "Filter": "((company_id > 9701) AND (company_type_id > 1))",
                  "Rows Removed by Filter": 413789
                }
              ]
            }
          ]
        }
      ]
    },
    "Planning Time": 0.195,
    "Triggers": [],
    "Execution Time": 109.612
  }
]