[
  {
    "Plan": {
      "Node Type": "Aggregate",
      "Strategy": "Plain",
      "Partial Mode": "Finalize",
      "Parallel Aware": false,
      "Startup Cost": 341043.43,
      "Total Cost": 341043.44,
      "Plan Rows": 1,
      "Plan Width": 8,
      "Actual Startup Time": 932.355,
      "Actual Total Time": 975.665,
      "Actual Rows": 1,
      "Actual Loops": 1,
      "Plans": [
        {
          "Node Type": "Gather",
          "Parent Relationship": "Outer",
          "Parallel Aware": false,
          "Startup Cost": 341042.8,
          "Total Cost": 341043.41,
          "Plan Rows": 6,
          "Plan Width": 8,
          "Actual Startup Time": 932.06,
          "Actual Total Time": 975.655,
          "Actual Rows": 7,
          "Actual Loops": 1,
          "Workers Planned": 6,
          "Workers Launched": 6,
          "Single Copy": false,
          "Plans": [
            {
              "Node Type": "Aggregate",
              "Strategy": "Plain",
              "Partial Mode": "Partial",
              "Parent Relationship": "Outer",
              "Parallel Aware": false,
              "Startup Cost": 340042.8,
              "Total Cost": 340042.81,
              "Plan Rows": 1,
              "Plan Width": 8,
              "Actual Startup Time": 925.602,
              "Actual Total Time": 925.603,
              "Actual Rows": 1,
              "Actual Loops": 7,
              "Plans": [
                {
                  "Node Type": "Seq Scan",
                  "Parent Relationship": "Outer",
                  "Parallel Aware": true,
                  "Relation Name": "cast_info",
                  "Alias": "ci",
                  "Startup Cost": 0.0,
                  "Total Cost": 328211.39,
                  "Plan Rows": 4732565,
                  "Plan Width": 0,
                  "Actual Startup Time": 104.751,
                  "Actual Total Time": 706.154,
                  "Actual Rows": 4039666,
                  "Actual Loops": 7,
                  "Filter": "(person_id > 778696)",
                  "Rows Removed by Filter": 1138098
                }
              ]
            }
          ]
        }
      ]
    },
    "Planning Time": 0.227,
    "Triggers": [],
    "Execution Time": 975.724
  }
]