[
  {
    "Plan": {
      "Node Type": "Aggregate",
      "Strategy": "Plain",
      "Partial Mode": "Finalize",
      "Parallel Aware": false,
      "Startup Cost": 33011.99,
      "Total Cost": 33012.0,
      "Plan Rows": 1,
      "Plan Width": 8,
      "Actual Startup Time": 96.641,
      "Actual Total Time": 102.507,
      "Actual Rows": 1,
      "Actual Loops": 1,
      "Plans": [
        {
          "Node Type": "Gather",
          "Parent Relationship": "Outer",
          "Parallel Aware": false,
          "Startup Cost": 33011.67,
          "Total Cost": 33011.98,
          "Plan Rows": 3,
          "Plan Width": 8,
          "Actual Startup Time": 96.539,
          "Actual Total Time": 102.5,
          "Actual Rows": 4,
          "Actual Loops": 1,
          "Workers Planned": 3,
          "Workers Launched": 3,
          "Single Copy": false,
          "Plans": [
            {
              "Node Type": "Aggregate",
              "Strategy": "Plain",
              "Partial Mode": "Partial",
              "Parent Relationship": "Outer",
              "Parallel Aware": false,
              "Startup Cost": 32011.67,
              "Total Cost": 32011.68,
              "Plan Rows": 1,
              "Plan Width": 8,
              "Actual Startup Time": 89.313,
              "Actual Total Time": 89.314,
              "Actual Rows": 1,
              "Actual Loops": 4,
              "Plans": [
                {
                  "Node Type": "Seq Scan",
                  "Parent Relationship": "Outer",
                  "Parallel Aware": true,
                  "Relation Name": "movie_companies",
                  "Alias": "mc",
                  "Startup Cost": 0.0,
                  "Total Cost": 31414.82,
                  "Plan Rows": 238742,
                  "Plan Width": 0,
                  "Actual Startup Time": 46.279,
                  "Actual Total Time": 80.031,
                  "Actual Rows": 240055,
                  "Actual Loops": 4,
                  "Filter": "((company_id > 8968) AND (company_type_id = 2))",
                  "Rows Removed by Filter": 412227
                }
              ]
            }
          ]
        }
      ]
    },
    "Planning Time": 0.143,
    "Triggers": [],
    "Execution Time": 102.551
  }
]