{
  "Plan": {
    "Node Type": "Aggregate",
    "Strategy": "Plain",
    "Partial Mode": "Finalize",
    "Parallel Aware": false,
    "Startup Cost": 159276.32,
    "Total Cost": 159276.33,
    "Plan Rows": 1,
    "Plan Width": 8,
    "Actual Startup Time": 948.172,
    "Actual Total Time": 966.587,
    "Actual Rows": 1,
    "Actual Loops": 1,
    "Plans": [
      {
        "Node Type": "Gather",
        "Parent Relationship": "Outer",
        "Parallel Aware": false,
        "Startup Cost": 159276.21,
        "Total Cost": 159276.32,
        "Plan Rows": 1,
        "Plan Width": 8,
        "Actual Startup Time": 943.426,
        "Actual Total Time": 966.574,
        "Actual Rows": 2,
        "Actual Loops": 1,
        "Workers Planned": 1,
        "Workers Launched": 1,
        "Single Copy": false,
        "Plans": [
          {
            "Node Type": "Aggregate",
            "Strategy": "Plain",
            "Partial Mode": "Partial",
            "Parent Relationship": "Outer",
            "Parallel Aware": false,
            "Startup Cost": 158276.21,
            "Total Cost": 158276.22,
            "Plan Rows": 1,
            "Plan Width": 8,
            "Actual Startup Time": 937.222,
            "Actual Total Time": 937.228,
            "Actual Rows": 1,
            "Actual Loops": 2,
            "Plans": [
              {
                "Node Type": "Hash Join",
                "Parent Relationship": "Outer",
                "Parallel Aware": true,
                "Join Type": "Inner",
                "Startup Cost": 95856.34,
                "Total Cost": 157643.49,
                "Plan Rows": 253089,
                "Plan Width": 0,
                "Actual Startup Time": 678.381,
                "Actual Total Time": 922.78,
                "Actual Rows": 361782,
                "Actual Loops": 2,
                "Inner Unique": false,
                "Hash Cond": "(mk.movie_id = t.id)",
                "Plans": [
                  {
                    "Node Type": "Seq Scan",
                    "Parent Relationship": "Outer",
                    "Parallel Aware": true,
                    "Relation Name": "movie_keyword",
                    "Alias": "mk",
                    "Startup Cost": 0.0,
                    "Total Cost": 57718.19,
                    "Plan Rows": 688052,
                    "Plan Width": 4,
                    "Actual Startup Time": 1.698,
                    "Actual Total Time": 156.554,
                    "Actual Rows": 587480,
                    "Actual Loops": 2,
                    "Filter": "(keyword_id > 15855)",
                    "Rows Removed by Filter": 1674485
                  },
                  {
                    "Node Type": "Hash",
                    "Parent Relationship": "Inner",
                    "Parallel Aware": true,
                    "Startup Cost": 89018.16,
                    "Total Cost": 89018.16,
                    "Plan Rows": 547055,
                    "Plan Width": 8,
                    "Actual Startup Time": 667.516,
                    "Actual Total Time": 667.519,
                    "Actual Rows": 374940,
                    "Actual Loops": 2,
                    "Hash Buckets": 1048576,
                    "Original Hash Buckets": 1048576,
                    "Hash Batches": 1,
                    "Original Hash Batches": 1,
                    "Peak Memory Usage": 37568,
                    "Plans": [
                      {
                        "Node Type": "Hash Join",
                        "Parent Relationship": "Outer",
                        "Parallel Aware": true,
                        "Join Type": "Inner",
                        "Startup Cost": 70834.37,
                        "Total Cost": 89018.16,
                        "Plan Rows": 547055,
                        "Plan Width": 8,
                        "Actual Startup Time": 402.966,
                        "Actual Total Time": 594.758,
                        "Actual Rows": 374940,
                        "Actual Loops": 2,
                        "Inner Unique": true,
                        "Hash Cond": "(mi_idx.movie_id = t.id)",
                        "Plans": [
                          {
                            "Node Type": "Seq Scan",
                            "Parent Relationship": "Outer",
                            "Parallel Aware": true,
                            "Relation Name": "movie_info_idx",
                            "Alias": "mi_idx",
                            "Startup Cost": 0.0,
                            "Total Cost": 16052.85,
                            "Plan Rows": 811785,
                            "Plan Width": 4,
                            "Actual Startup Time": 0.022,
                            "Actual Total Time": 49.08,
                            "Actual Rows": 690018,
                            "Actual Loops": 2
                          },
                          {
                            "Node Type": "Hash",
                            "Parent Relationship": "Inner",
                            "Parallel Aware": true,
                            "Startup Cost": 58306.47,
                            "Total Cost": 58306.47,
                            "Plan Rows": 1002232,
                            "Plan Width": 4,
                            "Actual Startup Time": 393.846,
                            "Actual Total Time": 393.847,
                            "Actual Rows": 899770,
                            "Actual Loops": 2,
                            "Hash Buckets": 2097152,
                            "Original Hash Buckets": 2097152,
                            "Hash Batches": 1,
                            "Original Hash Batches": 1,
                            "Peak Memory Usage": 86816,
                            "Plans": [
                              {
                                "Node Type": "Seq Scan",
                                "Parent Relationship": "Outer",
                                "Parallel Aware": true,
                                "Relation Name": "title",
                                "Alias": "t",
                                "Startup Cost": 0.0,
                                "Total Cost": 58306.47,
                                "Plan Rows": 1002232,
                                "Plan Width": 4,
                                "Actual Startup Time": 0.036,
                                "Actual Total Time": 172.524,
                                "Actual Rows": 899770,
                                "Actual Loops": 2,
                                "Filter": "((kind_id > 1) AND (production_year > 1943))",
                                "Rows Removed by Filter": 364386
                              }
                            ]
                          }
                        ]
                      }
                    ]
                  }
                ]
              }
            ]
          }
        ]
      }
    ]
  },
  "Planning Time": 1.069,
  "Triggers": [],
  "Execution Time": 966.668
}