[
  {
    "Plan": {
      "Node Type": "Aggregate",
      "Strategy": "Plain",
      "Partial Mode": "Finalize",
      "Parallel Aware": false,
      "Startup Cost": 46359.32,
      "Total Cost": 46359.33,
      "Plan Rows": 1,
      "Plan Width": 8,
      "Actual Startup Time": 136.329,
      "Actual Total Time": 143.863,
      "Actual Rows": 1,
      "Actual Loops": 1,
      "Plans": [
        {
          "Node Type": "Gather",
          "Parent Relationship": "Outer",
          "Parallel Aware": false,
          "Startup Cost": 46359.01,
          "Total Cost": 46359.32,
          "Plan Rows": 3,
          "Plan Width": 8,
          "Actual Startup Time": 136.222,
          "Actual Total Time": 143.854,
          "Actual Rows": 4,
          "Actual Loops": 1,
          "Workers Planned": 3,
          "Workers Launched": 3,
          "Single Copy": false,
          "Plans": [
            {
              "Node Type": "Aggregate",
              "Strategy": "Plain",
              "Partial Mode": "Partial",
              "Parent Relationship": "Outer",
              "Parallel Aware": false,
              "Startup Cost": 45359.01,
              "Total Cost": 45359.02,
              "Plan Rows": 1,
              "Plan Width": 8,
              "Actual Startup Time": 133.136,
              "Actual Total Time": 133.137,
              "Actual Rows": 1,
              "Actual Loops": 4,
              "Plans": [
                {
                  "Node Type": "Seq Scan",
                  "Parent Relationship": "Outer",
                  "Parallel Aware": true,
                  "Relation Name": "movie_keyword",
                  "Alias": "mk",
                  "Startup Cost": 0.0,
                  "Total Cost": 42695.65,
                  "Plan Rows": 1065341,
                  "Plan Width": 0,
                  "Actual Startup Time": 0.022,
                  "Actual Total Time": 100.433,
                  "Actual Rows": 824859,
                  "Actual Loops": 4,
                  "Filter": "(keyword_id < 14844)",
                  "Rows Removed by Filter": 306124
                }
              ]
            }
          ]
        }
      ]
    },
    "Planning Time": 0.123,
    "Triggers": [],
    "Execution Time": 143.9
  }
]