[
  {
    "Plan": {
      "Node Type": "Aggregate",
      "Strategy": "Plain",
      "Partial Mode": "Finalize",
      "Parallel Aware": false,
      "Startup Cost": 51946.05,
      "Total Cost": 51946.06,
      "Plan Rows": 1,
      "Plan Width": 8,
      "Actual Startup Time": 88.225,
      "Actual Total Time": 101.492,
      "Actual Rows": 1,
      "Actual Loops": 1,
      "Plans": [
        {
          "Node Type": "Gather",
          "Parent Relationship": "Outer",
          "Parallel Aware": false,
          "Startup Cost": 51945.63,
          "Total Cost": 51946.04,
          "Plan Rows": 4,
          "Plan Width": 8,
          "Actual Startup Time": 88.062,
          "Actual Total Time": 101.482,
          "Actual Rows": 5,
          "Actual Loops": 1,
          "Workers Planned": 4,
          "Workers Launched": 4,
          "Single Copy": false,
          "Plans": [
            {
              "Node Type": "Aggregate",
              "Strategy": "Plain",
              "Partial Mode": "Partial",
              "Parent Relationship": "Outer",
              "Parallel Aware": false,
              "Startup Cost": 50945.63,
              "Total Cost": 50945.64,
              "Plan Rows": 1,
              "Plan Width": 8,
              "Actual Startup Time": 82.959,
              "Actual Total Time": 82.96,
              "Actual Rows": 1,
              "Actual Loops": 5,
              "Plans": [
                {
                  "Node Type": "Nested Loop",
                  "Parent Relationship": "Outer",
                  "Parallel Aware": false,
                  "Join Type": "Inner",
                  "Startup Cost": 0.43,
                  "Total Cost": 50944.58,
                  "Plan Rows": 422,
                  "Plan Width": 0,
                  "Actual Startup Time": 5.819,
                  "Actual Total Time": 82.88,
                  "Actual Rows": 852,
                  "Actual Loops": 5,
                  "Inner Unique": false,
                  "Plans": [
                    {
                      "Node Type": "Seq Scan",
                      "Parent Relationship": "Outer",
                      "Parallel Aware": true,
                      "Relation Name": "title",
                      "Alias": "t",
                      "Startup Cost": 0.0,
                      "Total Cost": 45479.59,
                      "Plan Rows": 773,
                      "Plan Width": 4,
                      "Actual Startup Time": 1.549,
                      "Actual Total Time": 75.7,
                      "Actual Rows": 729,
                      "Actual Loops": 5,
                      "Filter": "((kind_id < 7) AND (production_year = 1957))",
                      "Rows Removed by Filter": 504933
                    },
                    {
                      "Node Type": "Index Only Scan",
                      "Parent Relationship": "Inner",
                      "Parallel Aware": false,
                      "Scan Direction": "Forward",
                      "Index Name": "movie_id_movie_info_idx",
                      "Relation Name": "movie_info_idx",
                      "Alias": "mi_idx",
                      "Startup Cost": 0.43,
                      "Total Cost": 7.04,
                      "Plan Rows": 3,
                      "Plan Width": 4,
                      "Actual Startup Time": 0.009,
                      "Actual Total Time": 0.009,
                      "Actual Rows": 1,
                      "Actual Loops": 3646,
                      "Index Cond": "(movie_id = t.id)",
                      "Rows Removed by Index Recheck": 0,
                      "Heap Fetches": 4260
                    }
                  ]
                }
              ]
            }
          ]
        }
      ]
    },
    "Planning Time": 0.472,
    "Triggers": [],
    "Execution Time": 101.53
  }
]