{
  "Plan": {
    "Node Type": "Aggregate",
    "Strategy": "Plain",
    "Partial Mode": "Finalize",
    "Parallel Aware": false,
    "Startup Cost": 89672.09,
    "Total Cost": 89672.1,
    "Plan Rows": 1,
    "Plan Width": 8,
    "Actual Startup Time": 208.689,
    "Actual Total Time": 228.972,
    "Actual Rows": 1,
    "Actual Loops": 1,
    "Plans": [
      {
        "Node Type": "Gather",
        "Parent Relationship": "Outer",
        "Parallel Aware": false,
        "Startup Cost": 89671.98,
        "Total Cost": 89672.09,
        "Plan Rows": 1,
        "Plan Width": 8,
        "Actual Startup Time": 208.232,
        "Actual Total Time": 228.964,
        "Actual Rows": 2,
        "Actual Loops": 1,
        "Workers Planned": 1,
        "Workers Launched": 1,
        "Single Copy": false,
        "Plans": [
          {
            "Node Type": "Aggregate",
            "Strategy": "Plain",
            "Partial Mode": "Partial",
            "Parent Relationship": "Outer",
            "Parallel Aware": false,
            "Startup Cost": 88671.98,
            "Total Cost": 88671.99,
            "Plan Rows": 1,
            "Plan Width": 8,
            "Actual Startup Time": 202.213,
            "Actual Total Time": 202.217,
            "Actual Rows": 1,
            "Actual Loops": 2,
            "Plans": [
              {
                "Node Type": "Nested Loop",
                "Parent Relationship": "Outer",
                "Parallel Aware": false,
                "Join Type": "Inner",
                "Startup Cost": 59161.73,
                "Total Cost": 88662.37,
                "Plan Rows": 3844,
                "Plan Width": 0,
                "Actual Startup Time": 169.522,
                "Actual Total Time": 201.774,
                "Actual Rows": 6022,
                "Actual Loops": 2,
                "Inner Unique": false,
                "Plans": [
                  {
                    "Node Type": "Hash Join",
                    "Parent Relationship": "Outer",
                    "Parallel Aware": true,
                    "Join Type": "Inner",
                    "Startup Cost": 59161.16,
                    "Total Cost": 83091.2,
                    "Plan Rows": 268,
                    "Plan Width": 8,
                    "Actual Startup Time": 169.391,
                    "Actual Total Time": 183.782,
                    "Actual Rows": 173,
                    "Actual Loops": 2,
                    "Inner Unique": true,
                    "Hash Cond": "(mk.movie_id = t.id)",
                    "Plans": [
                      {
                        "Node Type": "Bitmap Heap Scan",
                        "Parent Relationship": "Outer",
                        "Parallel Aware": true,
                        "Relation Name": "movie_keyword",
                        "Alias": "mk",
                        "Startup Cost": 389.85,
                        "Total Cost": 24291.7,
                        "Plan Rows": 10734,
                        "Plan Width": 4,
                        "Actual Startup Time": 6.502,
                        "Actual Total Time": 19.169,
                        "Actual Rows": 10261,
                        "Actual Loops": 2,
                        "Recheck Cond": "(keyword_id = 382)",
                        "Rows Removed by Index Recheck": 0,
                        "Exact Heap Blocks": 9278,
                        "Lossy Heap Blocks": 0,
                        "Plans": [
                          {
                            "Node Type": "Bitmap Index Scan",
                            "Parent Relationship": "Outer",
                            "Parallel Aware": false,
                            "Index Name": "keyword_id_movie_keyword",
                            "Startup Cost": 0.0,
                            "Total Cost": 385.28,
                            "Plan Rows": 18247,
                            "Plan Width": 0,
                            "Actual Startup Time": 4.012,
                            "Actual Total Time": 4.013,
                            "Actual Rows": 20522,
                            "Actual Loops": 1,
                            "Index Cond": "(keyword_id = 382)"
                          }
                        ]
                      },
                      {
                        "Node Type": "Hash",
                        "Parent Relationship": "Inner",
                        "Parallel Aware": true,
                        "Startup Cost": 58306.47,
                        "Total Cost": 58306.47,
                        "Plan Rows": 37188,
                        "Plan Width": 4,
                        "Actual Startup Time": 160.706,
                        "Actual Total Time": 160.707,
                        "Actual Rows": 26885,
                        "Actual Loops": 2,
                        "Hash Buckets": 65536,
                        "Original Hash Buckets": 65536,
                        "Hash Batches": 1,
                        "Original Hash Batches": 1,
                        "Peak Memory Usage": 2656,
                        "Plans": [
                          {
                            "Node Type": "Seq Scan",
                            "Parent Relationship": "Outer",
                            "Parallel Aware": true,
                            "Relation Name": "title",
                            "Alias": "t",
                            "Startup Cost": 0.0,
                            "Total Cost": 58306.47,
                            "Plan Rows": 37188,
                            "Plan Width": 4,
                            "Actual Startup Time": 0.084,
                            "Actual Total Time": 153.125,
                            "Actual Rows": 26885,
                            "Actual Loops": 2,
                            "Filter": "((kind_id < 7) AND (production_year = 2011))",
                            "Rows Removed by Filter": 1237271
                          }
                        ]
                      }
                    ]
                  },
                  {
                    "Node Type": "Index Only Scan",
                    "Parent Relationship": "Inner",
                    "Parallel Aware": false,
                    "Scan Direction": "Forward",
                    "Index Name": "movie_id_cast_info",
                    "Relation Name": "cast_info",
                    "Alias": "ci",
                    "Startup Cost": 0.56,
                    "Total Cost": 20.42,
                    "Plan Rows": 37,
                    "Plan Width": 4,
                    "Actual Startup Time": 0.012,
                    "Actual Total Time": 0.1,
                    "Actual Rows": 35,
                    "Actual Loops": 346,
                    "Index Cond": "(movie_id = t.id)",
                    "Rows Removed by Index Recheck": 0,
                    "Heap Fetches": 12044
                  }
                ]
              }
            ]
          }
        ]
      }
    ]
  },
  "Planning Time": 0.952,
  "Triggers": [],
  "Execution Time": 229.076
}