[
  {
    "Plan": {
      "Node Type": "Aggregate",
      "Strategy": "Plain",
      "Partial Mode": "Finalize",
      "Parallel Aware": false,
      "Startup Cost": 44954.61,
      "Total Cost": 44954.62,
      "Plan Rows": 1,
      "Plan Width": 8,
      "Actual Startup Time": 137.161,
      "Actual Total Time": 144.084,
      "Actual Rows": 1,
      "Actual Loops": 1,
      "Plans": [
        {
          "Node Type": "Gather",
          "Parent Relationship": "Outer",
          "Parallel Aware": false,
          "Startup Cost": 44954.29,
          "Total Cost": 44954.6,
          "Plan Rows": 3,
          "Plan Width": 8,
          "Actual Startup Time": 137.048,
          "Actual Total Time": 144.078,
          "Actual Rows": 4,
          "Actual Loops": 1,
          "Workers Planned": 3,
          "Workers Launched": 3,
          "Single Copy": false,
          "Plans": [
            {
              "Node Type": "Aggregate",
              "Strategy": "Plain",
              "Partial Mode": "Partial",
              "Parent Relationship": "Outer",
              "Parallel Aware": false,
              "Startup Cost": 43954.29,
              "Total Cost": 43954.3,
              "Plan Rows": 1,
              "Plan Width": 8,
              "Actual Startup Time": 128.55,
              "Actual Total Time": 128.552,
              "Actual Rows": 1,
              "Actual Loops": 4,
              "Plans": [
                {
                  "Node Type": "Seq Scan",
                  "Parent Relationship": "Outer",
                  "Parallel Aware": true,
                  "Relation Name": "movie_keyword",
                  "Alias": "mk",
                  "Startup Cost": 0.0,
                  "Total Cost": 42695.65,
                  "Plan Rows": 503455,
                  "Plan Width": 0,
                  "Actual Startup Time": 1.609,
                  "Actual Total Time": 109.38,
                  "Actual Rows": 391967,
                  "Actual Loops": 4,
                  "Filter": "(keyword_id > 9992)",
                  "Rows Removed by Filter": 739015
                }
              ]
            }
          ]
        }
      ]
    },
    "Planning Time": 0.148,
    "Triggers": [],
    "Execution Time": 144.134
  }
]