{
  "Plan": {
    "Node Type": "Aggregate",
    "Strategy": "Plain",
    "Partial Mode": "Finalize",
    "Parallel Aware": false,
    "Startup Cost": 124970.65,
    "Total Cost": 124970.66,
    "Plan Rows": 1,
    "Plan Width": 8,
    "Actual Startup Time": 715.411,
    "Actual Total Time": 729.351,
    "Actual Rows": 1,
    "Actual Loops": 1,
    "Plans": [
      {
        "Node Type": "Gather",
        "Parent Relationship": "Outer",
        "Parallel Aware": false,
        "Startup Cost": 124970.53,
        "Total Cost": 124970.64,
        "Plan Rows": 1,
        "Plan Width": 8,
        "Actual Startup Time": 714.224,
        "Actual Total Time": 729.346,
        "Actual Rows": 2,
        "Actual Loops": 1,
        "Workers Planned": 1,
        "Workers Launched": 1,
        "Single Copy": false,
        "Plans": [
          {
            "Node Type": "Aggregate",
            "Strategy": "Plain",
            "Partial Mode": "Partial",
            "Parent Relationship": "Outer",
            "Parallel Aware": false,
            "Startup Cost": 123970.53,
            "Total Cost": 123970.54,
            "Plan Rows": 1,
            "Plan Width": 8,
            "Actual Startup Time": 711.298,
            "Actual Total Time": 711.301,
            "Actual Rows": 1,
            "Actual Loops": 2,
            "Plans": [
              {
                "Node Type": "Hash Join",
                "Parent Relationship": "Outer",
                "Parallel Aware": true,
                "Join Type": "Inner",
                "Startup Cost": 63913.23,
                "Total Cost": 121964.07,
                "Plan Rows": 802584,
                "Plan Width": 0,
                "Actual Startup Time": 228.81,
                "Actual Total Time": 659.647,
                "Actual Rows": 1333528,
                "Actual Loops": 2,
                "Inner Unique": true,
                "Hash Cond": "(mk.movie_id = t.id)",
                "Plans": [
                  {
                    "Node Type": "Seq Scan",
                    "Parent Relationship": "Outer",
                    "Parallel Aware": true,
                    "Relation Name": "movie_keyword",
                    "Alias": "mk",
                    "Startup Cost": 0.0,
                    "Total Cost": 51065.35,
                    "Plan Rows": 2661135,
                    "Plan Width": 4,
                    "Actual Startup Time": 0.013,
                    "Actual Total Time": 148.273,
                    "Actual Rows": 2261965,
                    "Actual Loops": 2
                  },
                  {
                    "Node Type": "Hash",
                    "Parent Relationship": "Inner",
                    "Parallel Aware": true,
                    "Startup Cost": 58306.47,
                    "Total Cost": 58306.47,
                    "Plan Rows": 448541,
                    "Plan Width": 4,
                    "Actual Startup Time": 222.987,
                    "Actual Total Time": 222.988,
                    "Actual Rows": 331924,
                    "Actual Loops": 2,
                    "Hash Buckets": 1048576,
                    "Original Hash Buckets": 1048576,
                    "Hash Batches": 1,
                    "Original Hash Batches": 1,
                    "Peak Memory Usage": 34208,
                    "Plans": [
                      {
                        "Node Type": "Seq Scan",
                        "Parent Relationship": "Outer",
                        "Parallel Aware": true,
                        "Relation Name": "title",
                        "Alias": "t",
                        "Startup Cost": 0.0,
                        "Total Cost": 58306.47,
                        "Plan Rows": 448541,
                        "Plan Width": 4,
                        "Actual Startup Time": 0.021,
                        "Actual Total Time": 144.233,
                        "Actual Rows": 331924,
                        "Actual Loops": 2,
                        "Filter": "((kind_id < 7) AND (production_year > 1980))",
                        "Rows Removed by Filter": 932232
                      }
                    ]
                  }
                ]
              }
            ]
          }
        ]
      }
    ]
  },
  "Planning Time": 0.348,
  "Triggers": [],
  "Execution Time": 729.389
}