[
  {
    "Plan": {
      "Node Type": "Aggregate",
      "Strategy": "Plain",
      "Partial Mode": "Finalize",
      "Parallel Aware": false,
      "Startup Cost": 33341.17,
      "Total Cost": 33341.18,
      "Plan Rows": 1,
      "Plan Width": 8,
      "Actual Startup Time": 93.301,
      "Actual Total Time": 100.905,
      "Actual Rows": 1,
      "Actual Loops": 1,
      "Plans": [
        {
          "Node Type": "Gather",
          "Parent Relationship": "Outer",
          "Parallel Aware": false,
          "Startup Cost": 33340.85,
          "Total Cost": 33341.16,
          "Plan Rows": 3,
          "Plan Width": 8,
          "Actual Startup Time": 93.168,
          "Actual Total Time": 100.896,
          "Actual Rows": 4,
          "Actual Loops": 1,
          "Workers Planned": 3,
          "Workers Launched": 3,
          "Single Copy": false,
          "Plans": [
            {
              "Node Type": "Aggregate",
              "Strategy": "Plain",
              "Partial Mode": "Partial",
              "Parent Relationship": "Outer",
              "Parallel Aware": false,
              "Startup Cost": 32340.85,
              "Total Cost": 32340.86,
              "Plan Rows": 1,
              "Plan Width": 8,
              "Actual Startup Time": 87.793,
              "Actual Total Time": 87.794,
              "Actual Rows": 1,
              "Actual Loops": 4,
              "Plans": [
                {
                  "Node Type": "Seq Scan",
                  "Parent Relationship": "Outer",
                  "Parallel Aware": true,
                  "Relation Name": "movie_companies",
                  "Alias": "mc",
                  "Startup Cost": 0.0,
                  "Total Cost": 31414.82,
                  "Plan Rows": 370414,
                  "Plan Width": 0,
                  "Actual Startup Time": 0.045,
                  "Actual Total Time": 74.825,
                  "Actual Rows": 269617,
                  "Actual Loops": 4,
                  "Filter": "((company_id > 122) AND (company_type_id < 2))",
                  "Rows Removed by Filter": 382666
                }
              ]
            }
          ]
        }
      ]
    },
    "Planning Time": 0.086,
    "Triggers": [],
    "Execution Time": 100.934
  }
]