[
  {
    "Plan": {
      "Node Type": "Aggregate",
      "Strategy": "Plain",
      "Partial Mode": "Finalize",
      "Parallel Aware": false,
      "Startup Cost": 67589.47,
      "Total Cost": 67589.48,
      "Plan Rows": 1,
      "Plan Width": 8,
      "Actual Startup Time": 205.544,
      "Actual Total Time": 219.804,
      "Actual Rows": 1,
      "Actual Loops": 1,
      "Plans": [
        {
          "Node Type": "Gather",
          "Parent Relationship": "Outer",
          "Parallel Aware": false,
          "Startup Cost": 67589.15,
          "Total Cost": 67589.46,
          "Plan Rows": 3,
          "Plan Width": 8,
          "Actual Startup Time": 197.297,
          "Actual Total Time": 219.797,
          "Actual Rows": 4,
          "Actual Loops": 1,
          "Workers Planned": 3,
          "Workers Launched": 3,
          "Single Copy": false,
          "Plans": [
            {
              "Node Type": "Aggregate",
              "Strategy": "Plain",
              "Partial Mode": "Partial",
              "Parent Relationship": "Outer",
              "Parallel Aware": false,
              "Startup Cost": 66589.15,
              "Total Cost": 66589.16,
              "Plan Rows": 1,
              "Plan Width": 8,
              "Actual Startup Time": 189.955,
              "Actual Total Time": 189.959,
              "Actual Rows": 1,
              "Actual Loops": 4,
              "Plans": [
                {
                  "Node Type": "Hash Join",
                  "Parent Relationship": "Outer",
                  "Parallel Aware": true,
                  "Join Type": "Inner",
                  "Startup Cost": 47450.18,
                  "Total Cost": 66574.71,
                  "Plan Rows": 5775,
                  "Plan Width": 0,
                  "Actual Startup Time": 182.082,
                  "Actual Total Time": 189.886,
                  "Actual Rows": 600,
                  "Actual Loops": 4,
                  "Inner Unique": true,
                  "Hash Cond": "(mc.movie_id = t.id)",
                  "Plans": [
                    {
                      "Node Type": "Bitmap Heap Scan",
                      "Parent Relationship": "Outer",
                      "Parallel Aware": true,
                      "Relation Name": "movie_companies",
                      "Alias": "mc",
                      "Startup Cost": 1487.82,
                      "Total Cost": 20554.29,
                      "Plan Rows": 22118,
                      "Plan Width": 4,
                      "Actual Startup Time": 5.879,
                      "Actual Total Time": 17.161,
                      "Actual Rows": 17482,
                      "Actual Loops": 4,
                      "Recheck Cond": "(company_id < 11)",
                      "Rows Removed by Index Recheck": 0,
                      "Exact Heap Blocks": 3342,
                      "Lossy Heap Blocks": 0,
                      "Plans": [
                        {
                          "Node Type": "Bitmap Index Scan",
                          "Parent Relationship": "Outer",
                          "Parallel Aware": false,
                          "Index Name": "company_id_movie_companies",
                          "Startup Cost": 0.0,
                          "Total Cost": 1470.67,
                          "Plan Rows": 68566,
                          "Plan Width": 0,
                          "Actual Startup Time": 5.046,
                          "Actual Total Time": 5.047,
                          "Actual Rows": 69928,
                          "Actual Loops": 1,
                          "Index Cond": "(company_id < 11)"
                        }
                      ]
                    },
                    {
                      "Node Type": "Hash",
                      "Parent Relationship": "Inner",
                      "Parallel Aware": true,
                      "Startup Cost": 43899.32,
                      "Total Cost": 43899.32,
                      "Plan Rows": 165043,
                      "Plan Width": 4,
                      "Actual Startup Time": 162.112,
                      "Actual Total Time": 162.113,
                      "Actual Rows": 165706,
                      "Actual Loops": 4,
                      "Hash Buckets": 1048576,
                      "Original Hash Buckets": 1048576,
                      "Hash Batches": 1,
                      "Original Hash Batches": 1,
                      "Peak Memory Usage": 34208,
                      "Plans": [
                        {
                          "Node Type": "Seq Scan",
                          "Parent Relationship": "Outer",
                          "Parallel Aware": true,
                          "Relation Name": "title",
                          "Alias": "t",
                          "Startup Cost": 0.0,
                          "Total Cost": 43899.32,
                          "Plan Rows": 165043,
                          "Plan Width": 4,
                          "Actual Startup Time": 46.686,
                          "Actual Total Time": 104.768,
                          "Actual Rows": 165706,
                          "Actual Loops": 4,
                          "Filter": "(kind_id < 2)",
                          "Rows Removed by Filter": 466372
                        }
                      ]
                    }
                  ]
                }
              ]
            }
          ]
        }
      ]
    },
    "Planning Time": 0.366,
    "Triggers": [],
    "Execution Time": 219.861
  }
]