{
  "Plan": {
    "Node Type": "Aggregate",
    "Strategy": "Plain",
    "Partial Mode": "Finalize",
    "Parallel Aware": false,
    "Startup Cost": 335356.61,
    "Total Cost": 335356.62,
    "Plan Rows": 1,
    "Plan Width": 8,
    "Actual Startup Time": 1223.092,
    "Actual Total Time": 1273.38,
    "Actual Rows": 1,
    "Actual Loops": 1,
    "Plans": [
      {
        "Node Type": "Gather",
        "Parent Relationship": "Outer",
        "Parallel Aware": false,
        "Startup Cost": 335356.5,
        "Total Cost": 335356.61,
        "Plan Rows": 1,
        "Plan Width": 8,
        "Actual Startup Time": 1222.937,
        "Actual Total Time": 1273.37,
        "Actual Rows": 2,
        "Actual Loops": 1,
        "Workers Planned": 1,
        "Workers Launched": 1,
        "Single Copy": false,
        "Plans": [
          {
            "Node Type": "Aggregate",
            "Strategy": "Plain",
            "Partial Mode": "Partial",
            "Parent Relationship": "Outer",
            "Parallel Aware": false,
            "Startup Cost": 334356.5,
            "Total Cost": 334356.51,
            "Plan Rows": 1,
            "Plan Width": 8,
            "Actual Startup Time": 1218.436,
            "Actual Total Time": 1218.44,
            "Actual Rows": 1,
            "Actual Loops": 2,
            "Plans": [
              {
                "Node Type": "Hash Join",
                "Parent Relationship": "Outer",
                "Parallel Aware": true,
                "Join Type": "Inner",
                "Startup Cost": 54640.44,
                "Total Cost": 334332.51,
                "Plan Rows": 9595,
                "Plan Width": 0,
                "Actual Startup Time": 174.389,
                "Actual Total Time": 1217.218,
                "Actual Rows": 19475,
                "Actual Loops": 2,
                "Inner Unique": true,
                "Hash Cond": "(mi.movie_id = t.id)",
                "Plans": [
                  {
                    "Node Type": "Seq Scan",
                    "Parent Relationship": "Outer",
                    "Parallel Aware": true,
                    "Relation Name": "movie_info",
                    "Alias": "mi",
                    "Startup Cost": 0.0,
                    "Total Cost": 270696.42,
                    "Plan Rows": 3426912,
                    "Plan Width": 4,
                    "Actual Startup Time": 0.013,
                    "Actual Total Time": 807.498,
                    "Actual Rows": 2942482,
                    "Actual Loops": 2,
                    "Filter": "(info_type_id < 7)",
                    "Rows Removed by Filter": 4475378
                  },
                  {
                    "Node Type": "Hash",
                    "Parent Relationship": "Inner",
                    "Parallel Aware": true,
                    "Startup Cost": 54588.39,
                    "Total Cost": 54588.39,
                    "Plan Rows": 4164,
                    "Plan Width": 4,
                    "Actual Startup Time": 152.639,
                    "Actual Total Time": 152.64,
                    "Actual Rows": 4062,
                    "Actual Loops": 2,
                    "Hash Buckets": 8192,
                    "Original Hash Buckets": 8192,
                    "Hash Batches": 1,
                    "Original Hash Batches": 1,
                    "Peak Memory Usage": 416,
                    "Plans": [
                      {
                        "Node Type": "Seq Scan",
                        "Parent Relationship": "Outer",
                        "Parallel Aware": true,
                        "Relation Name": "title",
                        "Alias": "t",
                        "Startup Cost": 0.0,
                        "Total Cost": 54588.39,
                        "Plan Rows": 4164,
                        "Plan Width": 4,
                        "Actual Startup Time": 100.203,
                        "Actual Total Time": 151.303,
                        "Actual Rows": 4062,
                        "Actual Loops": 2,
                        "Filter": "(production_year = 1914)",
                        "Rows Removed by Filter": 1260094
                      }
                    ]
                  }
                ]
              }
            ]
          }
        ]
      }
    ]
  },
  "Planning Time": 0.275,
  "Triggers": [],
  "Execution Time": 1273.442
}