[
  {
    "Plan": {
      "Node Type": "Aggregate",
      "Strategy": "Plain",
      "Partial Mode": "Finalize",
      "Parallel Aware": false,
      "Startup Cost": 110123.27,
      "Total Cost": 110123.28,
      "Plan Rows": 1,
      "Plan Width": 8,
      "Actual Startup Time": 464.808,
      "Actual Total Time": 484.876,
      "Actual Rows": 1,
      "Actual Loops": 1,
      "Plans": [
        {
          "Node Type": "Gather",
          "Parent Relationship": "Outer",
          "Parallel Aware": false,
          "Startup Cost": 110122.95,
          "Total Cost": 110123.26,
          "Plan Rows": 3,
          "Plan Width": 8,
          "Actual Startup Time": 461.728,
          "Actual Total Time": 484.863,
          "Actual Rows": 4,
          "Actual Loops": 1,
          "Workers Planned": 3,
          "Workers Launched": 3,
          "Single Copy": false,
          "Plans": [
            {
              "Node Type": "Aggregate",
              "Strategy": "Plain",
              "Partial Mode": "Partial",
              "Parent Relationship": "Outer",
              "Parallel Aware": false,
              "Startup Cost": 109122.95,
              "Total Cost": 109122.96,
              "Plan Rows": 1,
              "Plan Width": 8,
              "Actual Startup Time": 456.463,
              "Actual Total Time": 456.592,
              "Actual Rows": 1,
              "Actual Loops": 4,
              "Plans": [
                {
                  "Node Type": "Hash Join",
                  "Parent Relationship": "Outer",
                  "Parallel Aware": true,
                  "Join Type": "Inner",
                  "Startup Cost": 61519.11,
                  "Total Cost": 108874.62,
                  "Plan Rows": 99330,
                  "Plan Width": 0,
                  "Actual Startup Time": 230.956,
                  "Actual Total Time": 436.314,
                  "Actual Rows": 499563,
                  "Actual Loops": 4,
                  "Inner Unique": false,
                  "Hash Cond": "(mk.movie_id = t.id)",
                  "Plans": [
                    {
                      "Node Type": "Seq Scan",
                      "Parent Relationship": "Outer",
                      "Parallel Aware": true,
                      "Relation Name": "movie_keyword",
                      "Alias": "mk",
                      "Startup Cost": 0.0,
                      "Total Cost": 42695.65,
                      "Plan Rows": 1132265,
                      "Plan Width": 4,
                      "Actual Startup Time": 0.054,
                      "Actual Total Time": 106.028,
                      "Actual Rows": 877648,
                      "Actual Loops": 4,
                      "Filter": "(keyword_id < 17849)",
                      "Rows Removed by Filter": 253335
                    },
                    {
                      "Node Type": "Hash",
                      "Parent Relationship": "Inner",
                      "Parallel Aware": true,
                      "Startup Cost": 60363.84,
                      "Total Cost": 60363.84,
                      "Plan Rows": 92421,
                      "Plan Width": 8,
                      "Actual Startup Time": 229.343,
                      "Actual Total Time": 229.469,
                      "Actual Rows": 63868,
                      "Actual Loops": 4,
                      "Hash Buckets": 262144,
                      "Original Hash Buckets": 262144,
                      "Hash Batches": 1,
                      "Original Hash Batches": 1,
                      "Peak Memory Usage": 12096,
                      "Plans": [
                        {
                          "Node Type": "Hash Join",
                          "Parent Relationship": "Outer",
                          "Parallel Aware": true,
                          "Join Type": "Inner",
                          "Startup Cost": 45169.28,
                          "Total Cost": 60363.84,
                          "Plan Rows": 92421,
                          "Plan Width": 8,
                          "Actual Startup Time": 129.06,
                          "Actual Total Time": 211.083,
                          "Actual Rows": 63868,
                          "Actual Loops": 4,
                          "Inner Unique": true,
                          "Hash Cond": "(mi_idx.movie_id = t.id)",
                          "Plans": [
                            {
                              "Node Type": "Seq Scan",
                              "Parent Relationship": "Outer",
                              "Parallel Aware": true,
                              "Relation Name": "movie_info_idx",
                              "Alias": "mi_idx",
                              "Startup Cost": 0.0,
                              "Total Cost": 13685.15,
                              "Plan Rows": 575015,
                              "Plan Width": 4,
                              "Actual Startup Time": 0.014,
                              "Actual Total Time": 31.019,
                              "Actual Rows": 345009,
                              "Actual Loops": 4
                            },
                            {
                              "Node Type": "Hash",
                              "Parent Relationship": "Inner",
                              "Parallel Aware": true,
                              "Startup Cost": 43899.32,
                              "Total Cost": 43899.32,
                              "Plan Rows": 101597,
                              "Plan Width": 4,
                              "Actual Startup Time": 127.646,
                              "Actual Total Time": 127.648,
                              "Actual Rows": 105945,
                              "Actual Loops": 4,
                              "Hash Buckets": 524288,
                              "Original Hash Buckets": 524288,
                              "Hash Batches": 1,
                              "Original Hash Batches": 1,
                              "Peak Memory Usage": 20736,
                              "Plans": [
                                {
                                  "Node Type": "Seq Scan",
                                  "Parent Relationship": "Outer",
                                  "Parallel Aware": true,
                                  "Relation Name": "title",
                                  "Alias": "t",
                                  "Startup Cost": 0.0,
                                  "Total Cost": 43899.32,
                                  "Plan Rows": 101597,
                                  "Plan Width": 4,
                                  "Actual Startup Time": 0.038,
                                  "Actual Total Time": 90.778,
                                  "Actual Rows": 105945,
                                  "Actual Loops": 4,
                                  "Filter": "(production_year < 1974)",
                                  "Rows Removed by Filter": 526133
                                }
                              ]
                            }
                          ]
                        }
                      ]
                    }
                  ]
                }
              ]
            }
          ]
        }
      ]
    },
    "Planning Time": 0.71,
    "Triggers": [],
    "Execution Time": 484.92
  }
]