[
  {
    "Plan": {
      "Node Type": "Aggregate",
      "Strategy": "Plain",
      "Partial Mode": "Finalize",
      "Parallel Aware": false,
      "Startup Cost": 380925.79,
      "Total Cost": 380925.8,
      "Plan Rows": 1,
      "Plan Width": 8,
      "Actual Startup Time": 1115.024,
      "Actual Total Time": 1175.03,
      "Actual Rows": 1,
      "Actual Loops": 1,
      "Plans": [
        {
          "Node Type": "Gather",
          "Parent Relationship": "Outer",
          "Parallel Aware": false,
          "Startup Cost": 380925.16,
          "Total Cost": 380925.77,
          "Plan Rows": 6,
          "Plan Width": 8,
          "Actual Startup Time": 1102.719,
          "Actual Total Time": 1175.014,
          "Actual Rows": 7,
          "Actual Loops": 1,
          "Workers Planned": 6,
          "Workers Launched": 6,
          "Single Copy": false,
          "Plans": [
            {
              "Node Type": "Aggregate",
              "Strategy": "Plain",
              "Partial Mode": "Partial",
              "Parent Relationship": "Outer",
              "Parallel Aware": false,
              "Startup Cost": 379925.16,
              "Total Cost": 379925.17,
              "Plan Rows": 1,
              "Plan Width": 8,
              "Actual Startup Time": 1091.346,
              "Actual Total Time": 1091.35,
              "Actual Rows": 1,
              "Actual Loops": 7,
              "Plans": [
                {
                  "Node Type": "Hash Join",
                  "Parent Relationship": "Outer",
                  "Parallel Aware": true,
                  "Join Type": "Inner",
                  "Startup Cost": 48717.81,
                  "Total Cost": 378824.43,
                  "Plan Rows": 440294,
                  "Plan Width": 0,
                  "Actual Startup Time": 667.428,
                  "Actual Total Time": 1071.335,
                  "Actual Rows": 369462,
                  "Actual Loops": 7,
                  "Inner Unique": true,
                  "Hash Cond": "(ci.movie_id = t.id)",
                  "Plans": [
                    {
                      "Node Type": "Seq Scan",
                      "Parent Relationship": "Outer",
                      "Parallel Aware": true,
                      "Relation Name": "cast_info",
                      "Alias": "ci",
                      "Startup Cost": 0.0,
                      "Total Cost": 328211.39,
                      "Plan Rows": 721991,
                      "Plan Width": 4,
                      "Actual Startup Time": 444.431,
                      "Actual Total Time": 600.814,
                      "Actual Rows": 612270,
                      "Actual Loops": 7,
                      "Filter": "(person_id > 3276019)",
                      "Rows Removed by Filter": 4565494
                    },
                    {
                      "Node Type": "Hash",
                      "Parent Relationship": "Inner",
                      "Parallel Aware": true,
                      "Startup Cost": 43899.32,
                      "Total Cost": 43899.32,
                      "Plan Rows": 385479,
                      "Plan Width": 4,
                      "Actual Startup Time": 218.917,
                      "Actual Total Time": 218.919,
                      "Actual Rows": 220466,
                      "Actual Loops": 7,
                      "Hash Buckets": 2097152,
                      "Original Hash Buckets": 2097152,
                      "Hash Batches": 1,
                      "Original Hash Batches": 1,
                      "Peak Memory Usage": 76864,
                      "Plans": [
                        {
                          "Node Type": "Seq Scan",
                          "Parent Relationship": "Outer",
                          "Parallel Aware": true,
                          "Relation Name": "title",
                          "Alias": "t",
                          "Startup Cost": 0.0,
                          "Total Cost": 43899.32,
                          "Plan Rows": 385479,
                          "Plan Width": 4,
                          "Actual Startup Time": 0.052,
                          "Actual Total Time": 94.167,
                          "Actual Rows": 220466,
                          "Actual Loops": 7,
                          "Filter": "(kind_id > 6)",
                          "Rows Removed by Filter": 140721
                        }
                      ]
                    }
                  ]
                }
              ]
            }
          ]
        }
      ]
    },
    "Planning Time": 0.236,
    "Triggers": [],
    "Execution Time": 1175.085
  }
]