[
  {
    "Plan": {
      "Node Type": "Aggregate",
      "Strategy": "Plain",
      "Partial Mode": "Finalize",
      "Parallel Aware": false,
      "Startup Cost": 380958.81,
      "Total Cost": 380958.82,
      "Plan Rows": 1,
      "Plan Width": 8,
      "Actual Startup Time": 1025.855,
      "Actual Total Time": 1090.15,
      "Actual Rows": 1,
      "Actual Loops": 1,
      "Plans": [
        {
          "Node Type": "Gather",
          "Parent Relationship": "Outer",
          "Parallel Aware": false,
          "Startup Cost": 380958.18,
          "Total Cost": 380958.79,
          "Plan Rows": 6,
          "Plan Width": 8,
          "Actual Startup Time": 1014.115,
          "Actual Total Time": 1090.134,
          "Actual Rows": 7,
          "Actual Loops": 1,
          "Workers Planned": 6,
          "Workers Launched": 6,
          "Single Copy": false,
          "Plans": [
            {
              "Node Type": "Aggregate",
              "Strategy": "Plain",
              "Partial Mode": "Partial",
              "Parent Relationship": "Outer",
              "Parallel Aware": false,
              "Startup Cost": 379958.18,
              "Total Cost": 379958.19,
              "Plan Rows": 1,
              "Plan Width": 8,
              "Actual Startup Time": 998.645,
              "Actual Total Time": 998.648,
              "Actual Rows": 1,
              "Actual Loops": 7,
              "Plans": [
                {
                  "Node Type": "Hash Join",
                  "Parent Relationship": "Outer",
                  "Parallel Aware": true,
                  "Join Type": "Inner",
                  "Startup Cost": 48701.62,
                  "Total Cost": 378823.55,
                  "Plan Rows": 453853,
                  "Plan Width": 0,
                  "Actual Startup Time": 597.994,
                  "Actual Total Time": 979.457,
                  "Actual Rows": 369462,
                  "Actual Loops": 7,
                  "Inner Unique": true,
                  "Hash Cond": "(ci.movie_id = t.id)",
                  "Plans": [
                    {
                      "Node Type": "Seq Scan",
                      "Parent Relationship": "Outer",
                      "Parallel Aware": true,
                      "Relation Name": "cast_info",
                      "Alias": "ci",
                      "Startup Cost": 0.0,
                      "Total Cost": 328162.03,
                      "Plan Rows": 746633,
                      "Plan Width": 4,
                      "Actual Startup Time": 404.742,
                      "Actual Total Time": 557.941,
                      "Actual Rows": 612270,
                      "Actual Loops": 7,
                      "Filter": "(person_id > 3276019)",
                      "Rows Removed by Filter": 4565494
                    },
                    {
                      "Node Type": "Hash",
                      "Parent Relationship": "Inner",
                      "Parallel Aware": true,
                      "Startup Cost": 43898.92,
                      "Total Cost": 43898.92,
                      "Plan Rows": 384216,
                      "Plan Width": 4,
                      "Actual Startup Time": 188.118,
                      "Actual Total Time": 188.119,
                      "Actual Rows": 220466,
                      "Actual Loops": 7,
                      "Hash Buckets": 2097152,
                      "Original Hash Buckets": 2097152,
                      "Hash Batches": 1,
                      "Original Hash Batches": 1,
                      "Peak Memory Usage": 76864,
                      "Plans": [
                        {
                          "Node Type": "Seq Scan",
                          "Parent Relationship": "Outer",
                          "Parallel Aware": true,
                          "Relation Name": "title",
                          "Alias": "t",
                          "Startup Cost": 0.0,
                          "Total Cost": 43898.92,
                          "Plan Rows": 384216,
                          "Plan Width": 4,
                          "Actual Startup Time": 0.05,
                          "Actual Total Time": 80.675,
                          "Actual Rows": 220466,
                          "Actual Loops": 7,
                          "Filter": "(kind_id > 6)",
                          "Rows Removed by Filter": 140721
                        }
                      ]
                    }
                  ]
                }
              ]
            }
          ]
        }
      ]
    },
    "Planning Time": 0.591,
    "Triggers": [],
    "Execution Time": 1090.238
  }
]