[
  {
    "Plan": {
      "Node Type": "Aggregate",
      "Strategy": "Plain",
      "Partial Mode": "Finalize",
      "Parallel Aware": false,
      "Startup Cost": 30718.71,
      "Total Cost": 30718.72,
      "Plan Rows": 1,
      "Plan Width": 8,
      "Actual Startup Time": 92.905,
      "Actual Total Time": 101.012,
      "Actual Rows": 1,
      "Actual Loops": 1,
      "Plans": [
        {
          "Node Type": "Gather",
          "Parent Relationship": "Outer",
          "Parallel Aware": false,
          "Startup Cost": 30718.39,
          "Total Cost": 30718.7,
          "Plan Rows": 3,
          "Plan Width": 8,
          "Actual Startup Time": 92.747,
          "Actual Total Time": 101.004,
          "Actual Rows": 4,
          "Actual Loops": 1,
          "Workers Planned": 3,
          "Workers Launched": 3,
          "Single Copy": false,
          "Plans": [
            {
              "Node Type": "Aggregate",
              "Strategy": "Plain",
              "Partial Mode": "Partial",
              "Parent Relationship": "Outer",
              "Parallel Aware": false,
              "Startup Cost": 29718.39,
              "Total Cost": 29718.4,
              "Plan Rows": 1,
              "Plan Width": 8,
              "Actual Startup Time": 87.793,
              "Actual Total Time": 87.794,
              "Actual Rows": 1,
              "Actual Loops": 4,
              "Plans": [
                {
                  "Node Type": "Seq Scan",
                  "Parent Relationship": "Outer",
                  "Parallel Aware": true,
                  "Relation Name": "movie_companies",
                  "Alias": "mc",
                  "Startup Cost": 0.0,
                  "Total Cost": 29310.68,
                  "Plan Rows": 163084,
                  "Plan Width": 0,
                  "Actual Startup Time": 52.754,
                  "Actual Total Time": 82.296,
                  "Actual Rows": 125776,
                  "Actual Loops": 4,
                  "Filter": "(company_id > 74086)",
                  "Rows Removed by Filter": 526506
                }
              ]
            }
          ]
        }
      ]
    },
    "Planning Time": 0.168,
    "Triggers": [],
    "Execution Time": 101.062
  }
]