[
    {
        "Bao": {
            "Bao prediction": "NaN",
            "Bao recommended hint": "(no hint)"
        }
    },
    {
        "Plan": {
            "Node Type": "Aggregate",
            "Strategy": "Plain",
            "Partial Mode": "Finalize",
            "Parallel Aware": false,
            "Startup Cost": 33046.07,
            "Total Cost": 33046.08,
            "Plan Rows": 1,
            "Plan Width": 8,
            "Actual Startup Time": 98.102,
            "Actual Total Time": 105.577,
            "Actual Rows": 1,
            "Actual Loops": 1,
            "Output": [
                "count(*)"
            ],
            "Plans": [
                {
                    "Node Type": "Gather",
                    "Parent Relationship": "Outer",
                    "Parallel Aware": false,
                    "Startup Cost": 33045.75,
                    "Total Cost": 33046.06,
                    "Plan Rows": 3,
                    "Plan Width": 8,
                    "Actual Startup Time": 97.978,
                    "Actual Total Time": 105.569,
                    "Actual Rows": 4,
                    "Actual Loops": 1,
                    "Output": [
                        "(PARTIAL count(*))"
                    ],
                    "Workers Planned": 3,
                    "Workers Launched": 3,
                    "Single Copy": false,
                    "Plans": [
                        {
                            "Node Type": "Aggregate",
                            "Strategy": "Plain",
                            "Partial Mode": "Partial",
                            "Parent Relationship": "Outer",
                            "Parallel Aware": false,
                            "Startup Cost": 32045.75,
                            "Total Cost": 32045.76,
                            "Plan Rows": 1,
                            "Plan Width": 8,
                            "Actual Startup Time": 89.821,
                            "Actual Total Time": 89.822,
                            "Actual Rows": 1,
                            "Actual Loops": 4,
                            "Output": [
                                "PARTIAL count(*)"
                            ],
                            "Workers": [
                                {
                                    "Worker Number": 0,
                                    "Actual Startup Time": 86.705,
                                    "Actual Total Time": 86.706,
                                    "Actual Rows": 1,
                                    "Actual Loops": 1
                                },
                                {
                                    "Worker Number": 1,
                                    "Actual Startup Time": 87.303,
                                    "Actual Total Time": 87.305,
                                    "Actual Rows": 1,
                                    "Actual Loops": 1
                                },
                                {
                                    "Worker Number": 2,
                                    "Actual Startup Time": 87.537,
                                    "Actual Total Time": 87.538,
                                    "Actual Rows": 1,
                                    "Actual Loops": 1
                                }
                            ],
                            "Plans": [
                                {
                                    "Node Type": "Seq Scan",
                                    "Parent Relationship": "Outer",
                                    "Parallel Aware": true,
                                    "Relation Name": "movie_companies",
                                    "Schema": "public",
                                    "Alias": "mc",
                                    "Startup Cost": 0.0,
                                    "Total Cost": 31414.82,
                                    "Plan Rows": 252374,
                                    "Plan Width": 0,
                                    "Actual Startup Time": 43.139,
                                    "Actual Total Time": 82.782,
                                    "Actual Rows": 122965,
                                    "Actual Loops": 4,
                                    "Output": [
                                        "id",
                                        "movie_id",
                                        "company_id",
                                        "company_type_id",
                                        "note"
                                    ],
                                    "Filter": "((mc.company_id < 14423) AND (mc.company_type_id = 2))",
                                    "Rows Removed by Filter": 529317,
                                    "Workers": [
                                        {
                                            "Worker Number": 0,
                                            "Actual Startup Time": 40.006,
                                            "Actual Total Time": 80.074,
                                            "Actual Rows": 97903,
                                            "Actual Loops": 1
                                        },
                                        {
                                            "Worker Number": 1,
                                            "Actual Startup Time": 40.63,
                                            "Actual Total Time": 80.417,
                                            "Actual Rows": 101536,
                                            "Actual Loops": 1
                                        },
                                        {
                                            "Worker Number": 2,
                                            "Actual Startup Time": 40.863,
                                            "Actual Total Time": 80.733,
                                            "Actual Rows": 99971,
                                            "Actual Loops": 1
                                        }
                                    ]
                                }
                            ]
                        }
                    ]
                }
            ]
        },
        "Planning Time": 196.137,
        "Triggers": [],
        "Execution Time": 105.617
    }
]