{
  "Plan": {
    "Node Type": "Aggregate",
    "Strategy": "Plain",
    "Partial Mode": "Finalize",
    "Parallel Aware": false,
    "Startup Cost": 567930.33,
    "Total Cost": 567930.34,
    "Plan Rows": 1,
    "Plan Width": 8,
    "Actual Startup Time": 11772.562,
    "Actual Total Time": 11855.661,
    "Actual Rows": 1,
    "Actual Loops": 1,
    "Plans": [
      {
        "Node Type": "Gather",
        "Parent Relationship": "Outer",
        "Parallel Aware": false,
        "Startup Cost": 567930.22,
        "Total Cost": 567930.33,
        "Plan Rows": 1,
        "Plan Width": 8,
        "Actual Startup Time": 11751.823,
        "Actual Total Time": 11855.652,
        "Actual Rows": 2,
        "Actual Loops": 1,
        "Workers Planned": 1,
        "Workers Launched": 1,
        "Single Copy": false,
        "Plans": [
          {
            "Node Type": "Aggregate",
            "Strategy": "Plain",
            "Partial Mode": "Partial",
            "Parent Relationship": "Outer",
            "Parallel Aware": false,
            "Startup Cost": 566930.22,
            "Total Cost": 566930.23,
            "Plan Rows": 1,
            "Plan Width": 8,
            "Actual Startup Time": 11726.374,
            "Actual Total Time": 11728.738,
            "Actual Rows": 1,
            "Actual Loops": 2,
            "Plans": [
              {
                "Node Type": "Hash Join",
                "Parent Relationship": "Outer",
                "Parallel Aware": true,
                "Join Type": "Inner",
                "Startup Cost": 412165.67,
                "Total Cost": 544712.24,
                "Plan Rows": 8887194,
                "Plan Width": 0,
                "Actual Startup Time": 4346.071,
                "Actual Total Time": 9185.037,
                "Actual Rows": 66690084,
                "Actual Loops": 2,
                "Inner Unique": false,
                "Hash Cond": "(mk.movie_id = t.id)",
                "Plans": [
                  {
                    "Node Type": "Seq Scan",
                    "Parent Relationship": "Outer",
                    "Parallel Aware": true,
                    "Relation Name": "movie_keyword",
                    "Alias": "mk",
                    "Startup Cost": 0.0,
                    "Total Cost": 57718.19,
                    "Plan Rows": 2255077,
                    "Plan Width": 4,
                    "Actual Startup Time": 0.068,
                    "Actual Total Time": 199.774,
                    "Actual Rows": 1912388,
                    "Actual Loops": 2,
                    "Filter": "(keyword_id > 580)",
                    "Rows Removed by Filter": 349576
                  },
                  {
                    "Node Type": "Hash",
                    "Parent Relationship": "Inner",
                    "Parallel Aware": true,
                    "Startup Cost": 338901.48,
                    "Total Cost": 338901.48,
                    "Plan Rows": 5861135,
                    "Plan Width": 8,
                    "Actual Startup Time": 4290.082,
                    "Actual Total Time": 4292.444,
                    "Actual Rows": 4398602,
                    "Actual Loops": 2,
                    "Hash Buckets": 16777216,
                    "Original Hash Buckets": 16777216,
                    "Hash Batches": 1,
                    "Original Hash Batches": 1,
                    "Peak Memory Usage": 475264,
                    "Plans": [
                      {
                        "Node Type": "Hash Join",
                        "Parent Relationship": "Outer",
                        "Parallel Aware": true,
                        "Join Type": "Inner",
                        "Startup Cost": 67117.99,
                        "Total Cost": 338901.48,
                        "Plan Rows": 5861135,
                        "Plan Width": 8,
                        "Actual Startup Time": 375.537,
                        "Actual Total Time": 3049.214,
                        "Actual Rows": 4398602,
                        "Actual Loops": 2,
                        "Inner Unique": true,
                        "Hash Cond": "(mi.movie_id = t.id)",
                        "Plans": [
                          {
                            "Node Type": "Seq Scan",
                            "Parent Relationship": "Outer",
                            "Parallel Aware": true,
                            "Relation Name": "movie_info",
                            "Alias": "mi",
                            "Startup Cost": 0.0,
                            "Total Cost": 248955.74,
                            "Plan Rows": 8696274,
                            "Plan Width": 4,
                            "Actual Startup Time": 0.011,
                            "Actual Total Time": 643.171,
                            "Actual Rows": 7417860,
                            "Actual Loops": 2
                          },
                          {
                            "Node Type": "Hash",
                            "Parent Relationship": "Inner",
                            "Parallel Aware": true,
                            "Startup Cost": 54588.39,
                            "Total Cost": 54588.39,
                            "Plan Rows": 1002368,
                            "Plan Width": 4,
                            "Actual Startup Time": 369.796,
                            "Actual Total Time": 369.797,
                            "Actual Rows": 850158,
                            "Actual Loops": 2,
                            "Hash Buckets": 2097152,
                            "Original Hash Buckets": 2097152,
                            "Hash Batches": 1,
                            "Original Hash Batches": 1,
                            "Peak Memory Usage": 82944,
                            "Plans": [
                              {
                                "Node Type": "Seq Scan",
                                "Parent Relationship": "Outer",
                                "Parallel Aware": true,
                                "Relation Name": "title",
                                "Alias": "t",
                                "Startup Cost": 0.0,
                                "Total Cost": 54588.39,
                                "Plan Rows": 1002368,
                                "Plan Width": 4,
                                "Actual Startup Time": 0.041,
                                "Actual Total Time": 169.787,
                                "Actual Rows": 850158,
                                "Actual Loops": 2,
                                "Filter": "(production_year > 1992)",
                                "Rows Removed by Filter": 413998
                              }
                            ]
                          }
                        ]
                      }
                    ]
                  }
                ]
              }
            ]
          }
        ]
      }
    ]
  },
  "Planning Time": 1.04,
  "Triggers": [],
  "Execution Time": 11855.746
}