[
  {
    "Plan": {
      "Node Type": "Aggregate",
      "Strategy": "Plain",
      "Partial Mode": "Finalize",
      "Parallel Aware": false,
      "Startup Cost": 341775.8,
      "Total Cost": 341775.81,
      "Plan Rows": 1,
      "Plan Width": 8,
      "Actual Startup Time": 1025.792,
      "Actual Total Time": 1074.621,
      "Actual Rows": 1,
      "Actual Loops": 1,
      "Plans": [
        {
          "Node Type": "Gather",
          "Parent Relationship": "Outer",
          "Parallel Aware": false,
          "Startup Cost": 341775.18,
          "Total Cost": 341775.79,
          "Plan Rows": 6,
          "Plan Width": 8,
          "Actual Startup Time": 1025.513,
          "Actual Total Time": 1074.606,
          "Actual Rows": 7,
          "Actual Loops": 1,
          "Workers Planned": 6,
          "Workers Launched": 6,
          "Single Copy": false,
          "Plans": [
            {
              "Node Type": "Aggregate",
              "Strategy": "Plain",
              "Partial Mode": "Partial",
              "Parent Relationship": "Outer",
              "Parallel Aware": false,
              "Startup Cost": 340775.18,
              "Total Cost": 340775.19,
              "Plan Rows": 1,
              "Plan Width": 8,
              "Actual Startup Time": 1018.8,
              "Actual Total Time": 1018.803,
              "Actual Rows": 1,
              "Actual Loops": 7,
              "Plans": [
                {
                  "Node Type": "Seq Scan",
                  "Parent Relationship": "Outer",
                  "Parallel Aware": true,
                  "Relation Name": "cast_info",
                  "Alias": "ci",
                  "Startup Cost": 0.0,
                  "Total Cost": 328211.39,
                  "Plan Rows": 5025515,
                  "Plan Width": 0,
                  "Actual Startup Time": 79.626,
                  "Actual Total Time": 778.484,
                  "Actual Rows": 4280974,
                  "Actual Loops": 7,
                  "Filter": "(person_id > 604857)",
                  "Rows Removed by Filter": 896790
                }
              ]
            }
          ]
        }
      ]
    },
    "Planning Time": 0.209,
    "Triggers": [],
    "Execution Time": 1074.695
  }
]