{
  "Plan": {
    "Node Type": "Aggregate",
    "Strategy": "Plain",
    "Partial Mode": "Finalize",
    "Parallel Aware": false,
    "Startup Cost": 101095.47,
    "Total Cost": 101095.48,
    "Plan Rows": 1,
    "Plan Width": 8,
    "Actual Startup Time": 477.239,
    "Actual Total Time": 495.469,
    "Actual Rows": 1,
    "Actual Loops": 1,
    "Plans": [
      {
        "Node Type": "Gather",
        "Parent Relationship": "Outer",
        "Parallel Aware": false,
        "Startup Cost": 101095.36,
        "Total Cost": 101095.47,
        "Plan Rows": 1,
        "Plan Width": 8,
        "Actual Startup Time": 476.677,
        "Actual Total Time": 495.461,
        "Actual Rows": 2,
        "Actual Loops": 1,
        "Workers Planned": 1,
        "Workers Launched": 1,
        "Single Copy": false,
        "Plans": [
          {
            "Node Type": "Aggregate",
            "Strategy": "Plain",
            "Partial Mode": "Partial",
            "Parent Relationship": "Outer",
            "Parallel Aware": false,
            "Startup Cost": 100095.36,
            "Total Cost": 100095.37,
            "Plan Rows": 1,
            "Plan Width": 8,
            "Actual Startup Time": 470.407,
            "Actual Total Time": 470.411,
            "Actual Rows": 1,
            "Actual Loops": 2,
            "Plans": [
              {
                "Node Type": "Hash Join",
                "Parent Relationship": "Outer",
                "Parallel Aware": true,
                "Join Type": "Inner",
                "Startup Cost": 36195.57,
                "Total Cost": 99759.75,
                "Plan Rows": 134242,
                "Plan Width": 0,
                "Actual Startup Time": 131.499,
                "Actual Total Time": 466.636,
                "Actual Rows": 62846,
                "Actual Loops": 2,
                "Inner Unique": false,
                "Hash Cond": "(t.id = mc.movie_id)",
                "Plans": [
                  {
                    "Node Type": "Seq Scan",
                    "Parent Relationship": "Outer",
                    "Parallel Aware": true,
                    "Relation Name": "title",
                    "Alias": "t",
                    "Startup Cost": 0.0,
                    "Total Cost": 54588.39,
                    "Plan Rows": 1309782,
                    "Plan Width": 4,
                    "Actual Startup Time": 0.013,
                    "Actual Total Time": 181.945,
                    "Actual Rows": 1112284,
                    "Actual Loops": 2,
                    "Filter": "(production_year < 2012)",
                    "Rows Removed by Filter": 151872
                  },
                  {
                    "Node Type": "Hash",
                    "Parent Relationship": "Inner",
                    "Parallel Aware": true,
                    "Startup Cost": 34290.2,
                    "Total Cost": 34290.2,
                    "Plan Rows": 152429,
                    "Plan Width": 4,
                    "Actual Startup Time": 128.046,
                    "Actual Total Time": 128.048,
                    "Actual Rows": 68216,
                    "Actual Loops": 2,
                    "Hash Buckets": 262144,
                    "Original Hash Buckets": 262144,
                    "Hash Batches": 1,
                    "Original Hash Batches": 1,
                    "Peak Memory Usage": 7424,
                    "Plans": [
                      {
                        "Node Type": "Bitmap Heap Scan",
                        "Parent Relationship": "Outer",
                        "Parallel Aware": true,
                        "Relation Name": "movie_companies",
                        "Alias": "mc",
                        "Startup Cost": 10996.97,
                        "Total Cost": 34290.2,
                        "Plan Rows": 152429,
                        "Plan Width": 4,
                        "Actual Startup Time": 86.095,
                        "Actual Total Time": 112.531,
                        "Actual Rows": 68216,
                        "Actual Loops": 2,
                        "Recheck Cond": "(company_id < 464)",
                        "Rows Removed by Index Recheck": 0,
                        "Filter": "(company_type_id = 2)",
                        "Rows Removed by Filter": 185612,
                        "Exact Heap Blocks": 13596,
                        "Lossy Heap Blocks": 0,
                        "Plans": [
                          {
                            "Node Type": "Bitmap Index Scan",
                            "Parent Relationship": "Outer",
                            "Parallel Aware": false,
                            "Index Name": "company_id_movie_companies",
                            "Startup Cost": 0.0,
                            "Total Cost": 10932.18,
                            "Plan Rows": 510367,
                            "Plan Width": 0,
                            "Actual Startup Time": 38.489,
                            "Actual Total Time": 38.489,
                            "Actual Rows": 507655,
                            "Actual Loops": 1,
                            "Index Cond": "(company_id < 464)"
                          }
                        ]
                      }
                    ]
                  }
                ]
              }
            ]
          }
        ]
      }
    ]
  },
  "Planning Time": 0.487,
  "Triggers": [],
  "Execution Time": 495.568
}