[
  {
    "Plan": {
      "Node Type": "Aggregate",
      "Strategy": "Plain",
      "Partial Mode": "Simple",
      "Parallel Aware": false,
      "Startup Cost": 20524.8,
      "Total Cost": 20524.81,
      "Plan Rows": 1,
      "Plan Width": 8,
      "Actual Startup Time": 31.825,
      "Actual Total Time": 31.826,
      "Actual Rows": 1,
      "Actual Loops": 1,
      "Plans": [
        {
          "Node Type": "Bitmap Heap Scan",
          "Parent Relationship": "Outer",
          "Parallel Aware": false,
          "Relation Name": "movie_companies",
          "Alias": "mc",
          "Startup Cost": 1026.42,
          "Total Cost": 20406.74,
          "Plan Rows": 47225,
          "Plan Width": 0,
          "Actual Startup Time": 8.466,
          "Actual Total Time": 27.097,
          "Actual Rows": 47252,
          "Actual Loops": 1,
          "Recheck Cond": "(company_id = 19)",
          "Rows Removed by Index Recheck": 0,
          "Exact Heap Blocks": 4740,
          "Lossy Heap Blocks": 0,
          "Plans": [
            {
              "Node Type": "Bitmap Index Scan",
              "Parent Relationship": "Outer",
              "Parallel Aware": false,
              "Index Name": "company_id_movie_companies",
              "Startup Cost": 0.0,
              "Total Cost": 1014.62,
              "Plan Rows": 47225,
              "Plan Width": 0,
              "Actual Startup Time": 6.308,
              "Actual Total Time": 6.308,
              "Actual Rows": 47252,
              "Actual Loops": 1,
              "Index Cond": "(company_id = 19)"
            }
          ]
        }
      ]
    },
    "Planning Time": 0.154,
    "Triggers": [],
    "Execution Time": 31.881
  }
]