{
  "Plan": {
    "Node Type": "Aggregate",
    "Strategy": "Plain",
    "Partial Mode": "Finalize",
    "Parallel Aware": false,
    "Startup Cost": 78222.09,
    "Total Cost": 78222.1,
    "Plan Rows": 1,
    "Plan Width": 8,
    "Actual Startup Time": 321.09,
    "Actual Total Time": 334.589,
    "Actual Rows": 1,
    "Actual Loops": 1,
    "Plans": [
      {
        "Node Type": "Gather",
        "Parent Relationship": "Outer",
        "Parallel Aware": false,
        "Startup Cost": 78221.98,
        "Total Cost": 78222.09,
        "Plan Rows": 1,
        "Plan Width": 8,
        "Actual Startup Time": 319.929,
        "Actual Total Time": 334.58,
        "Actual Rows": 2,
        "Actual Loops": 1,
        "Workers Planned": 1,
        "Workers Launched": 1,
        "Single Copy": false,
        "Plans": [
          {
            "Node Type": "Aggregate",
            "Strategy": "Plain",
            "Partial Mode": "Partial",
            "Parent Relationship": "Outer",
            "Parallel Aware": false,
            "Startup Cost": 77221.98,
            "Total Cost": 77221.99,
            "Plan Rows": 1,
            "Plan Width": 8,
            "Actual Startup Time": 314.486,
            "Actual Total Time": 314.489,
            "Actual Rows": 1,
            "Actual Loops": 2,
            "Plans": [
              {
                "Node Type": "Hash Join",
                "Parent Relationship": "Outer",
                "Parallel Aware": true,
                "Join Type": "Inner",
                "Startup Cost": 57508.25,
                "Total Cost": 77009.7,
                "Plan Rows": 84912,
                "Plan Width": 0,
                "Actual Startup Time": 194.891,
                "Actual Total Time": 311.186,
                "Actual Rows": 81924,
                "Actual Loops": 2,
                "Inner Unique": true,
                "Hash Cond": "(mi_idx.movie_id = t.id)",
                "Plans": [
                  {
                    "Node Type": "Seq Scan",
                    "Parent Relationship": "Outer",
                    "Parallel Aware": true,
                    "Relation Name": "movie_info_idx",
                    "Alias": "mi_idx",
                    "Startup Cost": 0.0,
                    "Total Cost": 18082.32,
                    "Plan Rows": 540622,
                    "Plan Width": 4,
                    "Actual Startup Time": 0.034,
                    "Actual Total Time": 55.817,
                    "Actual Rows": 459925,
                    "Actual Loops": 2,
                    "Filter": "(info_type_id < 101)",
                    "Rows Removed by Filter": 230092
                  },
                  {
                    "Node Type": "Hash",
                    "Parent Relationship": "Inner",
                    "Parallel Aware": true,
                    "Startup Cost": 54588.39,
                    "Total Cost": 54588.39,
                    "Plan Rows": 233589,
                    "Plan Width": 4,
                    "Actual Startup Time": 189.262,
                    "Actual Total Time": 189.263,
                    "Actual Rows": 204748,
                    "Actual Loops": 2,
                    "Hash Buckets": 524288,
                    "Original Hash Buckets": 524288,
                    "Hash Batches": 1,
                    "Original Hash Batches": 1,
                    "Peak Memory Usage": 20160,
                    "Plans": [
                      {
                        "Node Type": "Seq Scan",
                        "Parent Relationship": "Outer",
                        "Parallel Aware": true,
                        "Relation Name": "title",
                        "Alias": "t",
                        "Startup Cost": 0.0,
                        "Total Cost": 54588.39,
                        "Plan Rows": 233589,
                        "Plan Width": 4,
                        "Actual Startup Time": 0.026,
                        "Actual Total Time": 140.195,
                        "Actual Rows": 204748,
                        "Actual Loops": 2,
                        "Filter": "(production_year < 1973)",
                        "Rows Removed by Filter": 1059408
                      }
                    ]
                  }
                ]
              }
            ]
          }
        ]
      }
    ]
  },
  "Planning Time": 0.428,
  "Triggers": [],
  "Execution Time": 334.658
}