[
  {
    "Plan": {
      "Node Type": "Aggregate",
      "Strategy": "Plain",
      "Partial Mode": "Simple",
      "Parallel Aware": false,
      "Startup Cost": 3378.84,
      "Total Cost": 3378.85,
      "Plan Rows": 1,
      "Plan Width": 8,
      "Actual Startup Time": 20.804,
      "Actual Total Time": 20.808,
      "Actual Rows": 1,
      "Actual Loops": 1,
      "Plans": [
        {
          "Node Type": "Nested Loop",
          "Parent Relationship": "Outer",
          "Parallel Aware": false,
          "Join Type": "Inner",
          "Startup Cost": 7.22,
          "Total Cost": 3376.23,
          "Plan Rows": 1044,
          "Plan Width": 0,
          "Actual Startup Time": 0.319,
          "Actual Total Time": 19.384,
          "Actual Rows": 9432,
          "Actual Loops": 1,
          "Inner Unique": false,
          "Plans": [
            {
              "Node Type": "Nested Loop",
              "Parent Relationship": "Outer",
              "Parallel Aware": false,
              "Join Type": "Inner",
              "Startup Cost": 6.78,
              "Total Cost": 3006.58,
              "Plan Rows": 179,
              "Plan Width": 8,
              "Actual Startup Time": 0.3,
              "Actual Total Time": 4.405,
              "Actual Rows": 358,
              "Actual Loops": 1,
              "Inner Unique": true,
              "Plans": [
                {
                  "Node Type": "Bitmap Heap Scan",
                  "Parent Relationship": "Outer",
                  "Parallel Aware": false,
                  "Relation Name": "movie_keyword",
                  "Alias": "mk",
                  "Startup Cost": 6.35,
                  "Total Cost": 922.98,
                  "Plan Rows": 248,
                  "Plan Width": 4,
                  "Actual Startup Time": 0.273,
                  "Actual Total Time": 1.047,
                  "Actual Rows": 405,
                  "Actual Loops": 1,
                  "Recheck Cond": "(keyword_id = 1776)",
                  "Rows Removed by Index Recheck": 0,
                  "Exact Heap Blocks": 235,
                  "Lossy Heap Blocks": 0,
                  "Plans": [
                    {
                      "Node Type": "Bitmap Index Scan",
                      "Parent Relationship": "Outer",
                      "Parallel Aware": false,
                      "Index Name": "keyword_id_movie_keyword",
                      "Startup Cost": 0.0,
                      "Total Cost": 6.29,
                      "Plan Rows": 248,
                      "Plan Width": 0,
                      "Actual Startup Time": 0.179,
                      "Actual Total Time": 0.18,
                      "Actual Rows": 405,
                      "Actual Loops": 1,
                      "Index Cond": "(keyword_id = 1776)"
                    }
                  ]
                },
                {
                  "Node Type": "Index Scan",
                  "Parent Relationship": "Inner",
                  "Parallel Aware": false,
                  "Scan Direction": "Forward",
                  "Index Name": "title_pkey",
                  "Relation Name": "title",
                  "Alias": "t",
                  "Startup Cost": 0.43,
                  "Total Cost": 8.4,
                  "Plan Rows": 1,
                  "Plan Width": 4,
                  "Actual Startup Time": 0.007,
                  "Actual Total Time": 0.007,
                  "Actual Rows": 1,
                  "Actual Loops": 405,
                  "Index Cond": "(id = mk.movie_id)",
                  "Rows Removed by Index Recheck": 0,
                  "Filter": "(production_year > 1987)",
                  "Rows Removed by Filter": 0
                }
              ]
            },
            {
              "Node Type": "Index Only Scan",
              "Parent Relationship": "Inner",
              "Parallel Aware": false,
              "Scan Direction": "Forward",
              "Index Name": "movie_id_movie_info",
              "Relation Name": "movie_info",
              "Alias": "mi",
              "Startup Cost": 0.43,
              "Total Cost": 1.65,
              "Plan Rows": 42,
              "Plan Width": 4,
              "Actual Startup Time": 0.011,
              "Actual Total Time": 0.035,
              "Actual Rows": 26,
              "Actual Loops": 358,
              "Index Cond": "(movie_id = t.id)",
              "Rows Removed by Index Recheck": 0,
              "Heap Fetches": 9432
            }
          ]
        }
      ]
    },
    "Planning Time": 1.345,
    "Triggers": [],
    "Execution Time": 20.895
  }
]