[
  {
    "Plan": {
      "Node Type": "Aggregate",
      "Strategy": "Plain",
      "Partial Mode": "Finalize",
      "Parallel Aware": false,
      "Startup Cost": 255141.2,
      "Total Cost": 255141.21,
      "Plan Rows": 1,
      "Plan Width": 8,
      "Actual Startup Time": 1670.0,
      "Actual Total Time": 1723.135,
      "Actual Rows": 1,
      "Actual Loops": 1,
      "Plans": [
        {
          "Node Type": "Gather",
          "Parent Relationship": "Outer",
          "Parallel Aware": false,
          "Startup Cost": 255140.78,
          "Total Cost": 255141.19,
          "Plan Rows": 4,
          "Plan Width": 8,
          "Actual Startup Time": 1669.982,
          "Actual Total Time": 1723.111,
          "Actual Rows": 5,
          "Actual Loops": 1,
          "Workers Planned": 4,
          "Workers Launched": 4,
          "Single Copy": false,
          "Plans": [
            {
              "Node Type": "Aggregate",
              "Strategy": "Plain",
              "Partial Mode": "Partial",
              "Parent Relationship": "Outer",
              "Parallel Aware": false,
              "Startup Cost": 254140.78,
              "Total Cost": 254140.79,
              "Plan Rows": 1,
              "Plan Width": 8,
              "Actual Startup Time": 1602.576,
              "Actual Total Time": 1602.579,
              "Actual Rows": 1,
              "Actual Loops": 5,
              "Plans": [
                {
                  "Node Type": "Nested Loop",
                  "Parent Relationship": "Outer",
                  "Parallel Aware": false,
                  "Join Type": "Inner",
                  "Startup Cost": 128629.48,
                  "Total Cost": 254013.93,
                  "Plan Rows": 50742,
                  "Plan Width": 0,
                  "Actual Startup Time": 362.654,
                  "Actual Total Time": 1597.648,
                  "Actual Rows": 67833,
                  "Actual Loops": 5,
                  "Inner Unique": false,
                  "Plans": [
                    {
                      "Node Type": "Merge Join",
                      "Parent Relationship": "Outer",
                      "Parallel Aware": false,
                      "Join Type": "Inner",
                      "Startup Cost": 128628.92,
                      "Total Cost": 132439.19,
                      "Plan Rows": 40640,
                      "Plan Width": 8,
                      "Actual Startup Time": 362.414,
                      "Actual Total Time": 464.296,
                      "Actual Rows": 24609,
                      "Actual Loops": 5,
                      "Inner Unique": false,
                      "Merge Cond": "(t.id = mi_idx.movie_id)",
                      "Plans": [
                        {
                          "Node Type": "Sort",
                          "Parent Relationship": "Outer",
                          "Parallel Aware": false,
                          "Startup Cost": 63961.79,
                          "Total Cost": 64525.87,
                          "Plan Rows": 225629,
                          "Plan Width": 4,
                          "Actual Startup Time": 143.907,
                          "Actual Total Time": 176.691,
                          "Actual Rows": 180851,
                          "Actual Loops": 5,
                          "Sort Key": [
                            "t.id"
                          ],
                          "Sort Method": "quicksort",
                          "Sort Space Used": 16054,
                          "Sort Space Type": "Memory",
                          "Workers": [
                            {
                              "Worker Number": 0,
                              "Sort Method": "quicksort",
                              "Sort Space Used": 14114,
                              "Sort Space Type": "Memory"
                            },
                            {
                              "Worker Number": 1,
                              "Sort Method": "quicksort",
                              "Sort Space Used": 14553,
                              "Sort Space Type": "Memory"
                            },
                            {
                              "Worker Number": 2,
                              "Sort Method": "quicksort",
                              "Sort Space Used": 14185,
                              "Sort Space Type": "Memory"
                            },
                            {
                              "Worker Number": 3,
                              "Sort Method": "quicksort",
                              "Sort Space Used": 14215,
                              "Sort Space Type": "Memory"
                            }
                          ],
                          "Plans": [
                            {
                              "Node Type": "Seq Scan",
                              "Parent Relationship": "Outer",
                              "Parallel Aware": true,
                              "Relation Name": "title",
                              "Alias": "t",
                              "Startup Cost": 0.0,
                              "Total Cost": 43899.32,
                              "Plan Rows": 225629,
                              "Plan Width": 4,
                              "Actual Startup Time": 0.031,
                              "Actual Total Time": 92.508,
                              "Actual Rows": 180898,
                              "Actual Loops": 5,
                              "Filter": "(production_year > 2006)",
                              "Rows Removed by Filter": 324764
                            }
                          ]
                        },
                        {
                          "Node Type": "Sort",
                          "Parent Relationship": "Inner",
                          "Parallel Aware": false,
                          "Startup Cost": 64666.99,
                          "Total Cost": 65805.52,
                          "Plan Rows": 455412,
                          "Plan Width": 4,
                          "Actual Startup Time": 218.488,
                          "Actual Total Time": 241.412,
                          "Actual Rows": 459925,
                          "Actual Loops": 5,
                          "Sort Key": [
                            "mi_idx.movie_id"
                          ],
                          "Sort Method": "quicksort",
                          "Sort Space Used": 33847,
                          "Sort Space Type": "Memory",
                          "Workers": [
                            {
                              "Worker Number": 0,
                              "Sort Method": "quicksort",
                              "Sort Space Used": 33847,
                              "Sort Space Type": "Memory"
                            },
                            {
                              "Worker Number": 1,
                              "Sort Method": "quicksort",
                              "Sort Space Used": 33847,
                              "Sort Space Type": "Memory"
                            },
                            {
                              "Worker Number": 2,
                              "Sort Method": "quicksort",
                              "Sort Space Used": 33847,
                              "Sort Space Type": "Memory"
                            },
                            {
                              "Worker Number": 3,
                              "Sort Method": "quicksort",
                              "Sort Space Used": 33847,
                              "Sort Space Type": "Memory"
                            }
                          ],
                          "Plans": [
                            {
                              "Node Type": "Bitmap Heap Scan",
                              "Parent Relationship": "Outer",
                              "Parallel Aware": false,
                              "Relation Name": "movie_info_idx",
                              "Alias": "mi_idx",
                              "Startup Cost": 8237.87,
                              "Total Cost": 21865.52,
                              "Plan Rows": 455412,
                              "Plan Width": 4,
                              "Actual Startup Time": 31.818,
                              "Actual Total Time": 103.056,
                              "Actual Rows": 459925,
                              "Actual Loops": 5,
                              "Recheck Cond": "(info_type_id = 99)",
                              "Rows Removed by Index Recheck": 0,
                              "Exact Heap Blocks": 7934,
                              "Lossy Heap Blocks": 0,
                              "Plans": [
                                {
                                  "Node Type": "Bitmap Index Scan",
                                  "Parent Relationship": "Outer",
                                  "Parallel Aware": false,
                                  "Index Name": "info_type_id_movie_info_idx",
                                  "Startup Cost": 0.0,
                                  "Total Cost": 8124.02,
                                  "Plan Rows": 455412,
                                  "Plan Width": 0,
                                  "Actual Startup Time": 30.83,
                                  "Actual Total Time": 30.83,
                                  "Actual Rows": 459925,
                                  "Actual Loops": 5,
                                  "Index Cond": "(info_type_id = 99)"
                                }
                              ]
                            }
                          ]
                        }
                      ]
                    },
                    {
                      "Node Type": "Index Scan",
                      "Parent Relationship": "Inner",
                      "Parallel Aware": false,
                      "Scan Direction": "Forward",
                      "Index Name": "movie_id_cast_info",
                      "Relation Name": "cast_info",
                      "Alias": "ci",
                      "Startup Cost": 0.56,
                      "Total Cost": 2.96,
                      "Plan Rows": 3,
                      "Plan Width": 4,
                      "Actual Startup Time": 0.012,
                      "Actual Total Time": 0.046,
                      "Actual Rows": 3,
                      "Actual Loops": 123044,
                      "Index Cond": "(movie_id = t.id)",
                      "Rows Removed by Index Recheck": 0,
                      "Filter": "(person_id < 315076)",
                      "Rows Removed by Filter": 31
                    }
                  ]
                }
              ]
            }
          ]
        }
      ]
    },
    "Planning Time": 1.339,
    "Triggers": [],
    "Execution Time": 1728.834
  }
]