[
  {
    "Plan": {
      "Node Type": "Aggregate",
      "Strategy": "Plain",
      "Partial Mode": "Finalize",
      "Parallel Aware": false,
      "Startup Cost": 46604.81,
      "Total Cost": 46604.82,
      "Plan Rows": 1,
      "Plan Width": 8,
      "Actual Startup Time": 95.641,
      "Actual Total Time": 108.029,
      "Actual Rows": 1,
      "Actual Loops": 1,
      "Plans": [
        {
          "Node Type": "Gather",
          "Parent Relationship": "Outer",
          "Parallel Aware": false,
          "Startup Cost": 46604.39,
          "Total Cost": 46604.8,
          "Plan Rows": 4,
          "Plan Width": 8,
          "Actual Startup Time": 95.485,
          "Actual Total Time": 108.018,
          "Actual Rows": 5,
          "Actual Loops": 1,
          "Workers Planned": 4,
          "Workers Launched": 4,
          "Single Copy": false,
          "Plans": [
            {
              "Node Type": "Aggregate",
              "Strategy": "Plain",
              "Partial Mode": "Partial",
              "Parent Relationship": "Outer",
              "Parallel Aware": false,
              "Startup Cost": 45604.39,
              "Total Cost": 45604.4,
              "Plan Rows": 1,
              "Plan Width": 8,
              "Actual Startup Time": 90.027,
              "Actual Total Time": 90.029,
              "Actual Rows": 1,
              "Actual Loops": 5,
              "Plans": [
                {
                  "Node Type": "Seq Scan",
                  "Parent Relationship": "Outer",
                  "Parallel Aware": true,
                  "Relation Name": "title",
                  "Alias": "t",
                  "Startup Cost": 0.0,
                  "Total Cost": 45479.59,
                  "Plan Rows": 49922,
                  "Plan Width": 0,
                  "Actual Startup Time": 47.876,
                  "Actual Total Time": 86.399,
                  "Actual Rows": 67258,
                  "Actual Loops": 5,
                  "Filter": "((kind_id < 2) AND (production_year < 1994))",
                  "Rows Removed by Filter": 438404
                }
              ]
            }
          ]
        }
      ]
    },
    "Planning Time": 0.124,
    "Triggers": [],
    "Execution Time": 108.07
  }
]