{
  "Plan": {
    "Node Type": "Aggregate",
    "Strategy": "Plain",
    "Partial Mode": "Finalize",
    "Parallel Aware": false,
    "Startup Cost": 1595986.94,
    "Total Cost": 1595986.95,
    "Plan Rows": 1,
    "Plan Width": 8,
    "Actual Startup Time": 35202.322,
    "Actual Total Time": 35421.693,
    "Actual Rows": 1,
    "Actual Loops": 1,
    "Plans": [
      {
        "Node Type": "Gather",
        "Parent Relationship": "Outer",
        "Parallel Aware": false,
        "Startup Cost": 1595986.82,
        "Total Cost": 1595986.93,
        "Plan Rows": 1,
        "Plan Width": 8,
        "Actual Startup Time": 35149.167,
        "Actual Total Time": 35421.678,
        "Actual Rows": 2,
        "Actual Loops": 1,
        "Workers Planned": 1,
        "Workers Launched": 1,
        "Single Copy": false,
        "Plans": [
          {
            "Node Type": "Aggregate",
            "Strategy": "Plain",
            "Partial Mode": "Partial",
            "Parent Relationship": "Outer",
            "Parallel Aware": false,
            "Startup Cost": 1594986.82,
            "Total Cost": 1594986.83,
            "Plan Rows": 1,
            "Plan Width": 8,
            "Actual Startup Time": 35112.026,
            "Actual Total Time": 35119.03,
            "Actual Rows": 1,
            "Actual Loops": 2,
            "Plans": [
              {
                "Node Type": "Hash Join",
                "Parent Relationship": "Outer",
                "Parallel Aware": true,
                "Join Type": "Inner",
                "Startup Cost": 798534.22,
                "Total Cost": 1469901.52,
                "Plan Rows": 50034121,
                "Plan Width": 0,
                "Actual Startup Time": 14344.393,
                "Actual Total Time": 30028.021,
                "Actual Rows": 128840282,
                "Actual Loops": 2,
                "Inner Unique": false,
                "Hash Cond": "(mi.movie_id = t.id)",
                "Plans": [
                  {
                    "Node Type": "Seq Scan",
                    "Parent Relationship": "Outer",
                    "Parallel Aware": true,
                    "Relation Name": "movie_info",
                    "Alias": "mi",
                    "Startup Cost": 0.0,
                    "Total Cost": 270696.42,
                    "Plan Rows": 4478001,
                    "Plan Width": 4,
                    "Actual Startup Time": 34.825,
                    "Actual Total Time": 799.523,
                    "Actual Rows": 3774428,
                    "Actual Loops": 2,
                    "Filter": "(info_type_id > 7)",
                    "Rows Removed by Filter": 3643432
                  },
                  {
                    "Node Type": "Hash",
                    "Parent Relationship": "Inner",
                    "Parallel Aware": true,
                    "Startup Cost": 590817.92,
                    "Total Cost": 590817.92,
                    "Plan Rows": 16617304,
                    "Plan Width": 8,
                    "Actual Startup Time": 14208.702,
                    "Actual Total Time": 14215.702,
                    "Actual Rows": 15048978,
                    "Actual Loops": 2,
                    "Hash Buckets": 33554432,
                    "Original Hash Buckets": 33554432,
                    "Hash Batches": 1,
                    "Original Hash Batches": 1,
                    "Peak Memory Usage": 1439584,
                    "Plans": [
                      {
                        "Node Type": "Hash Join",
                        "Parent Relationship": "Outer",
                        "Parallel Aware": true,
                        "Join Type": "Inner",
                        "Startup Cost": 69084.56,
                        "Total Cost": 590817.92,
                        "Plan Rows": 16617304,
                        "Plan Width": 8,
                        "Actual Startup Time": 401.84,
                        "Actual Total Time": 9179.094,
                        "Actual Rows": 15048978,
                        "Actual Loops": 2,
                        "Inner Unique": true,
                        "Hash Cond": "(ci.movie_id = t.id)",
                        "Plans": [
                          {
                            "Node Type": "Seq Scan",
                            "Parent Relationship": "Outer",
                            "Parallel Aware": true,
                            "Relation Name": "cast_info",
                            "Alias": "ci",
                            "Startup Cost": 0.0,
                            "Total Cost": 465792.95,
                            "Plan Rows": 21310595,
                            "Plan Width": 4,
                            "Actual Startup Time": 0.013,
                            "Actual Total Time": 1430.031,
                            "Actual Rows": 18122172,
                            "Actual Loops": 2
                          },
                          {
                            "Node Type": "Hash",
                            "Parent Relationship": "Inner",
                            "Parallel Aware": true,
                            "Startup Cost": 54588.39,
                            "Total Cost": 54588.39,
                            "Plan Rows": 1159694,
                            "Plan Width": 4,
                            "Actual Startup Time": 396.362,
                            "Actual Total Time": 396.364,
                            "Actual Rows": 981094,
                            "Actual Loops": 2,
                            "Hash Buckets": 2097152,
                            "Original Hash Buckets": 2097152,
                            "Hash Batches": 1,
                            "Original Hash Batches": 1,
                            "Peak Memory Usage": 93184,
                            "Plans": [
                              {
                                "Node Type": "Seq Scan",
                                "Parent Relationship": "Outer",
                                "Parallel Aware": true,
                                "Relation Name": "title",
                                "Alias": "t",
                                "Startup Cost": 0.0,
                                "Total Cost": 54588.39,
                                "Plan Rows": 1159694,
                                "Plan Width": 4,
                                "Actual Startup Time": 0.042,
                                "Actual Total Time": 172.503,
                                "Actual Rows": 981094,
                                "Actual Loops": 2,
                                "Filter": "(production_year > 1978)",
                                "Rows Removed by Filter": 283062
                              }
                            ]
                          }
                        ]
                      }
                    ]
                  }
                ]
              }
            ]
          }
        ]
      }
    ]
  },
  "Planning Time": 0.87,
  "Triggers": [],
  "Execution Time": 35421.786
}