[
  {
    "Plan": {
      "Node Type": "Aggregate",
      "Strategy": "Plain",
      "Partial Mode": "Finalize",
      "Parallel Aware": false,
      "Startup Cost": 33710.97,
      "Total Cost": 33710.98,
      "Plan Rows": 1,
      "Plan Width": 8,
      "Actual Startup Time": 110.302,
      "Actual Total Time": 115.631,
      "Actual Rows": 1,
      "Actual Loops": 1,
      "Plans": [
        {
          "Node Type": "Gather",
          "Parent Relationship": "Outer",
          "Parallel Aware": false,
          "Startup Cost": 33710.65,
          "Total Cost": 33710.96,
          "Plan Rows": 3,
          "Plan Width": 8,
          "Actual Startup Time": 110.059,
          "Actual Total Time": 115.624,
          "Actual Rows": 4,
          "Actual Loops": 1,
          "Workers Planned": 3,
          "Workers Launched": 3,
          "Single Copy": false,
          "Plans": [
            {
              "Node Type": "Aggregate",
              "Strategy": "Plain",
              "Partial Mode": "Partial",
              "Parent Relationship": "Outer",
              "Parallel Aware": false,
              "Startup Cost": 32710.65,
              "Total Cost": 32710.66,
              "Plan Rows": 1,
              "Plan Width": 8,
              "Actual Startup Time": 101.606,
              "Actual Total Time": 101.608,
              "Actual Rows": 1,
              "Actual Loops": 4,
              "Plans": [
                {
                  "Node Type": "Bitmap Heap Scan",
                  "Parent Relationship": "Outer",
                  "Parallel Aware": true,
                  "Relation Name": "movie_keyword",
                  "Alias": "mk",
                  "Startup Cost": 6723.7,
                  "Total Cost": 32455.16,
                  "Plan Rows": 102196,
                  "Plan Width": 0,
                  "Actual Startup Time": 34.159,
                  "Actual Total Time": 96.378,
                  "Actual Rows": 77829,
                  "Actual Loops": 4,
                  "Recheck Cond": "(keyword_id > 52425)",
                  "Rows Removed by Index Recheck": 0,
                  "Exact Heap Blocks": 11190,
                  "Lossy Heap Blocks": 0,
                  "Plans": [
                    {
                      "Node Type": "Bitmap Index Scan",
                      "Parent Relationship": "Outer",
                      "Parallel Aware": false,
                      "Index Name": "keyword_id_movie_keyword",
                      "Startup Cost": 0.0,
                      "Total Cost": 6644.5,
                      "Plan Rows": 316809,
                      "Plan Width": 0,
                      "Actual Startup Time": 37.785,
                      "Actual Total Time": 37.785,
                      "Actual Rows": 311317,
                      "Actual Loops": 1,
                      "Index Cond": "(keyword_id > 52425)"
                    }
                  ]
                }
              ]
            }
          ]
        }
      ]
    },
    "Planning Time": 0.156,
    "Triggers": [],
    "Execution Time": 115.701
  }
]