{
    "Plan": {
        "Node Type": "Aggregate",
        "Strategy": "Plain",
        "Partial Mode": "Simple",
        "Parallel Aware": false,
        "Startup Cost": 40003360810.45,
        "Total Cost": 40003360810.46,
        "Plan Rows": 1,
        "Plan Width": 96,
        "Actual Startup Time": 65865.409,
        "Actual Total Time": 65865.425,
        "Actual Rows": 1,
        "Actual Loops": 1,
        "Output": [
            "min(mi.info)",
            "min(miidx.info)",
            "min(t.title)"
        ],
        "Plans": [
            {
                "Node Type": "Hash Join",
                "Parent Relationship": "Outer",
                "Parallel Aware": false,
                "Join Type": "Inner",
                "Startup Cost": 40003360797.85,
                "Total Cost": 40003360810.25,
                "Plan Rows": 26,
                "Plan Width": 65,
                "Actual Startup Time": 65781.478,
                "Actual Total Time": 65822.615,
                "Actual Rows": 445209,
                "Actual Loops": 1,
                "Output": [
                    "mi.info",
                    "miidx.info",
                    "t.title"
                ],
                "Inner Unique": false,
                "Hash Cond": "(ct.id = mc.company_type_id)",
                "Plans": [
                    {
                        "Node Type": "Index Scan",
                        "Parent Relationship": "Outer",
                        "Parallel Aware": false,
                        "Scan Direction": "Forward",
                        "Index Name": "company_type_pkey",
                        "Relation Name": "company_type",
                        "Schema": "public",
                        "Alias": "ct",
                        "Startup Cost": 10000000000.13,
                        "Total Cost": 10000000012.2,
                        "Plan Rows": 1,
                        "Plan Width": 4,
                        "Actual Startup Time": 0.02,
                        "Actual Total Time": 0.033,
                        "Actual Rows": 1,
                        "Actual Loops": 1,
                        "Output": [
                            "ct.id",
                            "ct.kind"
                        ],
                        "Filter": "((ct.kind)::text = 'distributors'::text)",
                        "Rows Removed by Filter": 3
                    },
                    {
                        "Node Type": "Hash",
                        "Parent Relationship": "Inner",
                        "Parallel Aware": false,
                        "Startup Cost": 30003360796.4,
                        "Total Cost": 30003360796.4,
                        "Plan Rows": 106,
                        "Plan Width": 69,
                        "Actual Startup Time": 65781.446,
                        "Actual Total Time": 65781.46,
                        "Actual Rows": 556310,
                        "Actual Loops": 1,
                        "Output": [
                            "mc.company_type_id",
                            "mi.info",
                            "miidx.info",
                            "t.title"
                        ],
                        "Hash Buckets": 1048576,
                        "Original Hash Buckets": 1024,
                        "Hash Batches": 1,
                        "Original Hash Batches": 1,
                        "Peak Memory Usage": 51377,
                        "Plans": [
                            {
                                "Node Type": "Hash Join",
                                "Parent Relationship": "Outer",
                                "Parallel Aware": false,
                                "Join Type": "Inner",
                                "Startup Cost": 30003360793.68,
                                "Total Cost": 30003360796.4,
                                "Plan Rows": 106,
                                "Plan Width": 69,
                                "Actual Startup Time": 65641.387,
                                "Actual Total Time": 65696.833,
                                "Actual Rows": 556310,
                                "Actual Loops": 1,
                                "Output": [
                                    "mc.company_type_id",
                                    "mi.info",
                                    "miidx.info",
                                    "t.title"
                                ],
                                "Inner Unique": false,
                                "Hash Cond": "(kt.id = t.kind_id)",
                                "Plans": [
                                    {
                                        "Node Type": "Seq Scan",
                                        "Parent Relationship": "Outer",
                                        "Parallel Aware": false,
                                        "Relation Name": "kind_type",
                                        "Schema": "public",
                                        "Alias": "kt",
                                        "Startup Cost": 0.0,
                                        "Total Cost": 1.09,
                                        "Plan Rows": 1,
                                        "Plan Width": 4,
                                        "Actual Startup Time": 0.018,
                                        "Actual Total Time": 0.027,
                                        "Actual Rows": 1,
                                        "Actual Loops": 1,
                                        "Output": [
                                            "kt.id",
                                            "kt.kind"
                                        ],
                                        "Filter": "((kt.kind)::text = 'movie'::text)",
                                        "Rows Removed by Filter": 6
                                    },
                                    {
                                        "Node Type": "Hash",
                                        "Parent Relationship": "Inner",
                                        "Parallel Aware": false,
                                        "Startup Cost": 30003360784.43,
                                        "Total Cost": 30003360784.43,
                                        "Plan Rows": 740,
                                        "Plan Width": 73,
                                        "Actual Startup Time": 65641.356,
                                        "Actual Total Time": 65641.368,
                                        "Actual Rows": 650584,
                                        "Actual Loops": 1,
                                        "Output": [
                                            "mc.company_type_id",
                                            "mi.info",
                                            "miidx.info",
                                            "t.title",
                                            "t.kind_id"
                                        ],
                                        "Hash Buckets": 1048576,
                                        "Original Hash Buckets": 1024,
                                        "Hash Batches": 1,
                                        "Original Hash Batches": 1,
                                        "Peak Memory Usage": 62274,
                                        "Plans": [
                                            {
                                                "Node Type": "Merge Join",
                                                "Parent Relationship": "Outer",
                                                "Parallel Aware": false,
                                                "Join Type": "Inner",
                                                "Startup Cost": 30003360358.9,
                                                "Total Cost": 30003360784.43,
                                                "Plan Rows": 740,
                                                "Plan Width": 73,
                                                "Actual Startup Time": 65374.32,
                                                "Actual Total Time": 65508.775,
                                                "Actual Rows": 650584,
                                                "Actual Loops": 1,
                                                "Output": [
                                                    "mc.company_type_id",
                                                    "mi.info",
                                                    "miidx.info",
                                                    "t.title",
                                                    "t.kind_id"
                                                ],
                                                "Inner Unique": false,
                                                "Merge Cond": "(it.id = miidx.info_type_id)",
                                                "Plans": [
                                                    {
                                                        "Node Type": "Sort",
                                                        "Parent Relationship": "Outer",
                                                        "Parallel Aware": false,
                                                        "Startup Cost": 2.42,
                                                        "Total Cost": 2.43,
                                                        "Plan Rows": 1,
                                                        "Plan Width": 4,
                                                        "Actual Startup Time": 0.044,
                                                        "Actual Total Time": 0.046,
                                                        "Actual Rows": 1,
                                                        "Actual Loops": 1,
                                                        "Output": [
                                                            "it.id"
                                                        ],
                                                        "Sort Key": [
                                                            "it.id"
                                                        ],
                                                        "Sort Method": "quicksort",
                                                        "Sort Space Used": 25,
                                                        "Sort Space Type": "Memory",
                                                        "Plans": [
                                                            {
                                                                "Node Type": "Seq Scan",
                                                                "Parent Relationship": "Outer",
                                                                "Parallel Aware": false,
                                                                "Relation Name": "info_type",
                                                                "Schema": "public",
                                                                "Alias": "it",
                                                                "Startup Cost": 0.0,
                                                                "Total Cost": 2.41,
                                                                "Plan Rows": 1,
                                                                "Plan Width": 4,
                                                                "Actual Startup Time": 0.032,
                                                                "Actual Total Time": 0.035,
                                                                "Actual Rows": 1,
                                                                "Actual Loops": 1,
                                                                "Output": [
                                                                    "it.id"
                                                                ],
                                                                "Filter": "((it.info)::text = 'rating'::text)",
                                                                "Rows Removed by Filter": 112
                                                            }
                                                        ]
                                                    },
                                                    {
                                                        "Node Type": "Sort",
                                                        "Parent Relationship": "Inner",
                                                        "Parallel Aware": false,
                                                        "Startup Cost": 30003360356.47,
                                                        "Total Cost": 30003360565.54,
                                                        "Plan Rows": 83627,
                                                        "Plan Width": 77,
                                                        "Actual Startup Time": 65133.741,
                                                        "Actual Total Time": 65316.137,
                                                        "Actual Rows": 1951753,
                                                        "Actual Loops": 1,
                                                        "Output": [
                                                            "mc.company_type_id",
                                                            "mi.info",
                                                            "miidx.info",
                                                            "miidx.info_type_id",
                                                            "t.title",
                                                            "t.kind_id"
                                                        ],
                                                        "Sort Key": [
                                                            "miidx.info_type_id"
                                                        ],
                                                        "Sort Method": "quicksort",
                                                        "Sort Space Used": 314725,
                                                        "Sort Space Type": "Memory",
                                                        "Plans": [
                                                            {
                                                                "Node Type": "Merge Join",
                                                                "Parent Relationship": "Outer",
                                                                "Parallel Aware": false,
                                                                "Join Type": "Inner",
                                                                "Startup Cost": 30003330502.69,
                                                                "Total Cost": 30003353519.26,
                                                                "Plan Rows": 83627,
                                                                "Plan Width": 77,
                                                                "Actual Startup Time": 59811.817,
                                                                "Actual Total Time": 64688.042,
                                                                "Actual Rows": 1975563,
                                                                "Actual Loops": 1,
                                                                "Output": [
                                                                    "mc.company_type_id",
                                                                    "mi.info",
                                                                    "miidx.info",
                                                                    "miidx.info_type_id",
                                                                    "t.title",
                                                                    "t.kind_id"
                                                                ],
                                                                "Inner Unique": false,
                                                                "Merge Cond": "(cn.id = mc.company_id)",
                                                                "Plans": [
                                                                    {
                                                                        "Node Type": "Index Scan",
                                                                        "Parent Relationship": "Outer",
                                                                        "Parallel Aware": false,
                                                                        "Scan Direction": "Forward",
                                                                        "Index Name": "company_name_pkey",
                                                                        "Relation Name": "company_name",
                                                                        "Schema": "public",
                                                                        "Alias": "cn",
                                                                        "Startup Cost": 10000000000.42,
                                                                        "Total Cost": 10000012454.44,
                                                                        "Plan Rows": 9870,
                                                                        "Plan Width": 4,
                                                                        "Actual Startup Time": 0.133,
                                                                        "Actual Total Time": 162.018,
                                                                        "Actual Rows": 9775,
                                                                        "Actual Loops": 1,
                                                                        "Output": [
                                                                            "cn.id",
                                                                            "cn.name",
                                                                            "cn.country_code",
                                                                            "cn.imdb_id",
                                                                            "cn.name_pcode_nf",
                                                                            "cn.name_pcode_sf",
                                                                            "cn.md5sum"
                                                                        ],
                                                                        "Filter": "((cn.country_code)::text = '[de]'::text)",
                                                                        "Rows Removed by Filter": 225222
                                                                    },
                                                                    {
                                                                        "Node Type": "Sort",
                                                                        "Parent Relationship": "Inner",
                                                                        "Parallel Aware": false,
                                                                        "Startup Cost": 20003330258.54,
                                                                        "Total Cost": 20003335236.26,
                                                                        "Plan Rows": 1991090,
                                                                        "Plan Width": 81,
                                                                        "Actual Startup Time": 59718.462,
                                                                        "Actual Total Time": 62757.656,
                                                                        "Actual Rows": 29157255,
                                                                        "Actual Loops": 1,
                                                                        "Output": [
                                                                            "mi.info",
                                                                            "mc.company_id",
                                                                            "mc.company_type_id",
                                                                            "miidx.info",
                                                                            "miidx.info_type_id",
                                                                            "t.title",
                                                                            "t.kind_id"
                                                                        ],
                                                                        "Sort Key": [
                                                                            "mc.company_id"
                                                                        ],
                                                                        "Sort Method": "external sort",
                                                                        "Sort Space Used": 2269240,
                                                                        "Sort Space Type": "Disk",
                                                                        "Plans": [
                                                                            {
                                                                                "Node Type": "Merge Join",
                                                                                "Parent Relationship": "Outer",
                                                                                "Parallel Aware": false,
                                                                                "Join Type": "Inner",
                                                                                "Startup Cost": 20003079442.56,
                                                                                "Total Cost": 20003121939.48,
                                                                                "Plan Rows": 1991090,
                                                                                "Plan Width": 81,
                                                                                "Actual Startup Time": 27327.688,
                                                                                "Actual Total Time": 35285.668,
                                                                                "Actual Rows": 29157386,
                                                                                "Actual Loops": 1,
                                                                                "Output": [
                                                                                    "mi.info",
                                                                                    "mc.company_id",
                                                                                    "mc.company_type_id",
                                                                                    "miidx.info",
                                                                                    "miidx.info_type_id",
                                                                                    "t.title",
                                                                                    "t.kind_id"
                                                                                ],
                                                                                "Inner Unique": false,
                                                                                "Merge Cond": "(t.id = mi.movie_id)",
                                                                                "Plans": [
                                                                                    {
                                                                                        "Node Type": "Sort",
                                                                                        "Parent Relationship": "Outer",
                                                                                        "Parallel Aware": false,
                                                                                        "Startup Cost": 330165.09,
                                                                                        "Total Cost": 336485.89,
                                                                                        "Plan Rows": 2528322,
                                                                                        "Plan Width": 25,
                                                                                        "Actual Startup Time": 1004.321,
                                                                                        "Actual Total Time": 1454.06,
                                                                                        "Actual Rows": 2525734,
                                                                                        "Actual Loops": 1,
                                                                                        "Output": [
                                                                                            "t.title",
                                                                                            "t.id",
                                                                                            "t.kind_id"
                                                                                        ],
                                                                                        "Sort Key": [
                                                                                            "t.id"
                                                                                        ],
                                                                                        "Sort Method": "quicksort",
                                                                                        "Sort Space Used": 290000,
                                                                                        "Sort Space Type": "Memory",
                                                                                        "Plans": [
                                                                                            {
                                                                                                "Node Type": "Seq Scan",
                                                                                                "Parent Relationship": "Outer",
                                                                                                "Parallel Aware": false,
                                                                                                "Relation Name": "title",
                                                                                                "Schema": "public",
                                                                                                "Alias": "t",
                                                                                                "Startup Cost": 0.0,
                                                                                                "Total Cost": 61281.22,
                                                                                                "Plan Rows": 2528322,
                                                                                                "Plan Width": 25,
                                                                                                "Actual Startup Time": 0.017,
                                                                                                "Actual Total Time": 293.761,
                                                                                                "Actual Rows": 2528312,
                                                                                                "Actual Loops": 1,
                                                                                                "Output": [
                                                                                                    "t.title",
                                                                                                    "t.id",
                                                                                                    "t.kind_id"
                                                                                                ]
                                                                                            }
                                                                                        ]
                                                                                    },
                                                                                    {
                                                                                        "Node Type": "Sort",
                                                                                        "Parent Relationship": "Inner",
                                                                                        "Parallel Aware": false,
                                                                                        "Startup Cost": 20002749276.21,
                                                                                        "Total Cost": 20002754253.93,
                                                                                        "Plan Rows": 1991090,
                                                                                        "Plan Width": 72,
                                                                                        "Actual Startup Time": 26323.35,
                                                                                        "Actual Total Time": 29588.808,
                                                                                        "Actual Rows": 29157386,
                                                                                        "Actual Loops": 1,
                                                                                        "Output": [
                                                                                            "mi.info",
                                                                                            "mi.movie_id",
                                                                                            "mc.movie_id",
                                                                                            "mc.company_id",
                                                                                            "mc.company_type_id",
                                                                                            "miidx.info",
                                                                                            "miidx.movie_id",
                                                                                            "miidx.info_type_id"
                                                                                        ],
                                                                                        "Sort Key": [
                                                                                            "mi.movie_id"
                                                                                        ],
                                                                                        "Sort Method": "external sort",
                                                                                        "Sort Space Used": 1976248,
                                                                                        "Sort Space Type": "Disk",
                                                                                        "Plans": [
                                                                                            {
                                                                                                "Node Type": "Hash Join",
                                                                                                "Parent Relationship": "Outer",
                                                                                                "Parallel Aware": false,
                                                                                                "Join Type": "Inner",
                                                                                                "Startup Cost": 20002220708.87,
                                                                                                "Total Cost": 20002540957.15,
                                                                                                "Plan Rows": 1991090,
                                                                                                "Plan Width": 72,
                                                                                                "Actual Startup Time": 6889.238,
                                                                                                "Actual Total Time": 11140.907,
                                                                                                "Actual Rows": 29157386,
                                                                                                "Actual Loops": 1,
                                                                                                "Output": [
                                                                                                    "mi.info",
                                                                                                    "mi.movie_id",
                                                                                                    "mc.movie_id",
                                                                                                    "mc.company_id",
                                                                                                    "mc.company_type_id",
                                                                                                    "miidx.info",
                                                                                                    "miidx.movie_id",
                                                                                                    "miidx.info_type_id"
                                                                                                ],
                                                                                                "Inner Unique": false,
                                                                                                "Hash Cond": "(mi.movie_id = mc.movie_id)",
                                                                                                "Plans": [
                                                                                                    {
                                                                                                        "Node Type": "Hash Join",
                                                                                                        "Parent Relationship": "Outer",
                                                                                                        "Parallel Aware": false,
                                                                                                        "Join Type": "Inner",
                                                                                                        "Startup Cost": 20002143213.47,
                                                                                                        "Total Cost": 20002440318.76,
                                                                                                        "Plan Rows": 369382,
                                                                                                        "Plan Width": 60,
                                                                                                        "Actual Startup Time": 6116.93,
                                                                                                        "Actual Total Time": 7063.987,
                                                                                                        "Actual Rows": 3367474,
                                                                                                        "Actual Loops": 1,
                                                                                                        "Output": [
                                                                                                            "mi.info",
                                                                                                            "mi.movie_id",
                                                                                                            "miidx.info",
                                                                                                            "miidx.movie_id",
                                                                                                            "miidx.info_type_id"
                                                                                                        ],
                                                                                                        "Inner Unique": false,
                                                                                                        "Hash Cond": "(miidx.movie_id = mi.movie_id)",
                                                                                                        "Plans": [
                                                                                                            {
                                                                                                                "Node Type": "Index Scan",
                                                                                                                "Parent Relationship": "Outer",
                                                                                                                "Parallel Aware": false,
                                                                                                                "Scan Direction": "Forward",
                                                                                                                "Index Name": "movie_id_movie_info_idx",
                                                                                                                "Relation Name": "movie_info_idx",
                                                                                                                "Schema": "public",
                                                                                                                "Alias": "miidx",
                                                                                                                "Startup Cost": 10000000000.43,
                                                                                                                "Total Cost": 10000053630.81,
                                                                                                                "Plan Rows": 1380035,
                                                                                                                "Plan Width": 13,
                                                                                                                "Actual Startup Time": 0.044,
                                                                                                                "Actual Total Time": 260.975,
                                                                                                                "Actual Rows": 1380035,
                                                                                                                "Actual Loops": 1,
                                                                                                                "Output": [
                                                                                                                    "miidx.id",
                                                                                                                    "miidx.movie_id",
                                                                                                                    "miidx.info_type_id",
                                                                                                                    "miidx.info",
                                                                                                                    "miidx.note"
                                                                                                                ]
                                                                                                            },
                                                                                                            {
                                                                                                                "Node Type": "Hash",
                                                                                                                "Parent Relationship": "Inner",
                                                                                                                "Parallel Aware": false,
                                                                                                                "Startup Cost": 10002141580.84,
                                                                                                                "Total Cost": 10002141580.84,
                                                                                                                "Plan Rows": 130576,
                                                                                                                "Plan Width": 47,
                                                                                                                "Actual Startup Time": 6116.544,
                                                                                                                "Actual Total Time": 6116.546,
                                                                                                                "Actual Rows": 3036719,
                                                                                                                "Actual Loops": 1,
                                                                                                                "Output": [
                                                                                                                    "mi.info",
                                                                                                                    "mi.movie_id"
                                                                                                                ],
                                                                                                                "Hash Buckets": 4194304,
                                                                                                                "Original Hash Buckets": 131072,
                                                                                                                "Hash Batches": 1,
                                                                                                                "Original Hash Batches": 1,
                                                                                                                "Peak Memory Usage": 204107,
                                                                                                                "Plans": [
                                                                                                                    {
                                                                                                                        "Node Type": "Merge Join",
                                                                                                                        "Parent Relationship": "Outer",
                                                                                                                        "Parallel Aware": false,
                                                                                                                        "Join Type": "Inner",
                                                                                                                        "Startup Cost": 10002066485.91,
                                                                                                                        "Total Cost": 10002141580.84,
                                                                                                                        "Plan Rows": 130576,
                                                                                                                        "Plan Width": 47,
                                                                                                                        "Actual Startup Time": 5135.055,
                                                                                                                        "Actual Total Time": 5616.17,
                                                                                                                        "Actual Rows": 3036719,
                                                                                                                        "Actual Loops": 1,
                                                                                                                        "Output": [
                                                                                                                            "mi.info",
                                                                                                                            "mi.movie_id"
                                                                                                                        ],
                                                                                                                        "Inner Unique": true,
                                                                                                                        "Merge Cond": "(mi.info_type_id = it2.id)",
                                                                                                                        "Plans": [
                                                                                                                            {
                                                                                                                                "Node Type": "Sort",
                                                                                                                                "Parent Relationship": "Outer",
                                                                                                                                "Parallel Aware": false,
                                                                                                                                "Startup Cost": 10002066485.48,
                                                                                                                                "Total Cost": 10002103373.22,
                                                                                                                                "Plan Rows": 14755095,
                                                                                                                                "Plan Width": 51,
                                                                                                                                "Actual Startup Time": 4209.472,
                                                                                                                                "Actual Total Time": 4715.492,
                                                                                                                                "Actual Rows": 12601871,
                                                                                                                                "Actual Loops": 1,
                                                                                                                                "Output": [
                                                                                                                                    "mi.info",
                                                                                                                                    "mi.movie_id",
                                                                                                                                    "mi.info_type_id"
                                                                                                                                ],
                                                                                                                                "Sort Key": [
                                                                                                                                    "mi.info_type_id"
                                                                                                                                ],
                                                                                                                                "Sort Method": "quicksort",
                                                                                                                                "Sort Space Used": 1988368,
                                                                                                                                "Sort Space Type": "Memory",
                                                                                                                                "Plans": [
                                                                                                                                    {
                                                                                                                                        "Node Type": "Seq Scan",
                                                                                                                                        "Parent Relationship": "Outer",
                                                                                                                                        "Parallel Aware": false,
                                                                                                                                        "Relation Name": "movie_info",
                                                                                                                                        "Schema": "public",
                                                                                                                                        "Alias": "mi",
                                                                                                                                        "Startup Cost": 10000000000.0,
                                                                                                                                        "Total Cost": 10000309543.95,
                                                                                                                                        "Plan Rows": 14755095,
                                                                                                                                        "Plan Width": 51,
                                                                                                                                        "Actual Startup Time": 0.017,
                                                                                                                                        "Actual Total Time": 1733.628,
                                                                                                                                        "Actual Rows": 14835720,
                                                                                                                                        "Actual Loops": 1,
                                                                                                                                        "Output": [
                                                                                                                                            "mi.info",
                                                                                                                                            "mi.movie_id",
                                                                                                                                            "mi.info_type_id"
                                                                                                                                        ]
                                                                                                                                    }
                                                                                                                                ]
                                                                                                                            },
                                                                                                                            {
                                                                                                                                "Node Type": "Index Scan",
                                                                                                                                "Parent Relationship": "Inner",
                                                                                                                                "Parallel Aware": false,
                                                                                                                                "Scan Direction": "Forward",
                                                                                                                                "Index Name": "info_type_pkey",
                                                                                                                                "Relation Name": "info_type",
                                                                                                                                "Schema": "public",
                                                                                                                                "Alias": "it2",
                                                                                                                                "Startup Cost": 0.14,
                                                                                                                                "Total Cost": 14.12,
                                                                                                                                "Plan Rows": 1,
                                                                                                                                "Plan Width": 4,
                                                                                                                                "Actual Startup Time": 0.036,
                                                                                                                                "Actual Total Time": 0.061,
                                                                                                                                "Actual Rows": 1,
                                                                                                                                "Actual Loops": 1,
                                                                                                                                "Output": [
                                                                                                                                    "it2.id",
                                                                                                                                    "it2.info"
                                                                                                                                ],
                                                                                                                                "Filter": "((it2.info)::text = 'release dates'::text)",
                                                                                                                                "Rows Removed by Filter": 112
                                                                                                                            }
                                                                                                                        ]
                                                                                                                    }
                                                                                                                ]
                                                                                                            }
                                                                                                        ]
                                                                                                    },
                                                                                                    {
                                                                                                        "Node Type": "Hash",
                                                                                                        "Parent Relationship": "Inner",
                                                                                                        "Parallel Aware": false,
                                                                                                        "Startup Cost": 44881.29,
                                                                                                        "Total Cost": 44881.29,
                                                                                                        "Plan Rows": 2609129,
                                                                                                        "Plan Width": 12,
                                                                                                        "Actual Startup Time": 763.196,
                                                                                                        "Actual Total Time": 763.197,
                                                                                                        "Actual Rows": 2609129,
                                                                                                        "Actual Loops": 1,
                                                                                                        "Output": [
                                                                                                            "mc.movie_id",
                                                                                                            "mc.company_id",
                                                                                                            "mc.company_type_id"
                                                                                                        ],
                                                                                                        "Hash Buckets": 4194304,
                                                                                                        "Original Hash Buckets": 4194304,
                                                                                                        "Hash Batches": 1,
                                                                                                        "Original Hash Batches": 1,
                                                                                                        "Peak Memory Usage": 144880,
                                                                                                        "Plans": [
                                                                                                            {
                                                                                                                "Node Type": "Seq Scan",
                                                                                                                "Parent Relationship": "Outer",
                                                                                                                "Parallel Aware": false,
                                                                                                                "Relation Name": "movie_companies",
                                                                                                                "Schema": "public",
                                                                                                                "Alias": "mc",
                                                                                                                "Startup Cost": 0.0,
                                                                                                                "Total Cost": 44881.29,
                                                                                                                "Plan Rows": 2609129,
                                                                                                                "Plan Width": 12,
                                                                                                                "Actual Startup Time": 0.027,
                                                                                                                "Actual Total Time": 296.553,
                                                                                                                "Actual Rows": 2609129,
                                                                                                                "Actual Loops": 1,
                                                                                                                "Output": [
                                                                                                                    "mc.movie_id",
                                                                                                                    "mc.company_id",
                                                                                                                    "mc.company_type_id"
                                                                                                                ]
                                                                                                            }
                                                                                                        ]
                                                                                                    }
                                                                                                ]
                                                                                            }
                                                                                        ]
                                                                                    }
                                                                                ]
                                                                            }
                                                                        ]
                                                                    }
                                                                ]
                                                            }
                                                        ]
                                                    }
                                                ]
                                            }
                                        ]
                                    }
                                ]
                            }
                        ]
                    }
                ]
            }
        ]
    },
    "Planning Time": 7.93,
    "Triggers": [],
    "Execution Time": 66425.176
}