[
  {
    "Plan": {
      "Node Type": "Aggregate",
      "Strategy": "Plain",
      "Partial Mode": "Finalize",
      "Parallel Aware": false,
      "Startup Cost": 44822.93,
      "Total Cost": 44822.94,
      "Plan Rows": 1,
      "Plan Width": 8,
      "Actual Startup Time": 133.394,
      "Actual Total Time": 143.114,
      "Actual Rows": 1,
      "Actual Loops": 1,
      "Plans": [
        {
          "Node Type": "Gather",
          "Parent Relationship": "Outer",
          "Parallel Aware": false,
          "Startup Cost": 44822.62,
          "Total Cost": 44822.93,
          "Plan Rows": 3,
          "Plan Width": 8,
          "Actual Startup Time": 133.268,
          "Actual Total Time": 143.105,
          "Actual Rows": 4,
          "Actual Loops": 1,
          "Workers Planned": 3,
          "Workers Launched": 3,
          "Single Copy": false,
          "Plans": [
            {
              "Node Type": "Aggregate",
              "Strategy": "Plain",
              "Partial Mode": "Partial",
              "Parent Relationship": "Outer",
              "Parallel Aware": false,
              "Startup Cost": 43822.62,
              "Total Cost": 43822.63,
              "Plan Rows": 1,
              "Plan Width": 8,
              "Actual Startup Time": 124.769,
              "Actual Total Time": 124.77,
              "Actual Rows": 1,
              "Actual Loops": 4,
              "Plans": [
                {
                  "Node Type": "Seq Scan",
                  "Parent Relationship": "Outer",
                  "Parallel Aware": true,
                  "Relation Name": "movie_keyword",
                  "Alias": "mk",
                  "Startup Cost": 0.0,
                  "Total Cost": 42695.65,
                  "Plan Rows": 450785,
                  "Plan Width": 0,
                  "Actual Startup Time": 1.958,
                  "Actual Total Time": 107.429,
                  "Actual Rows": 350546,
                  "Actual Loops": 4,
                  "Filter": "(keyword_id > 11944)",
                  "Rows Removed by Filter": 780437
                }
              ]
            }
          ]
        }
      ]
    },
    "Planning Time": 0.159,
    "Triggers": [],
    "Execution Time": 143.165
  }
]