{
  "Plan": {
    "Node Type": "Aggregate",
    "Strategy": "Plain",
    "Partial Mode": "Finalize",
    "Parallel Aware": false,
    "Startup Cost": 314494.2,
    "Total Cost": 314494.21,
    "Plan Rows": 1,
    "Plan Width": 8,
    "Actual Startup Time": 1230.615,
    "Actual Total Time": 1244.136,
    "Actual Rows": 1,
    "Actual Loops": 1,
    "Plans": [
      {
        "Node Type": "Gather",
        "Parent Relationship": "Outer",
        "Parallel Aware": false,
        "Startup Cost": 314494.09,
        "Total Cost": 314494.2,
        "Plan Rows": 1,
        "Plan Width": 8,
        "Actual Startup Time": 1226.888,
        "Actual Total Time": 1244.126,
        "Actual Rows": 2,
        "Actual Loops": 1,
        "Workers Planned": 1,
        "Workers Launched": 1,
        "Single Copy": false,
        "Plans": [
          {
            "Node Type": "Aggregate",
            "Strategy": "Plain",
            "Partial Mode": "Partial",
            "Parent Relationship": "Outer",
            "Parallel Aware": false,
            "Startup Cost": 313494.09,
            "Total Cost": 313494.1,
            "Plan Rows": 1,
            "Plan Width": 8,
            "Actual Startup Time": 1219.568,
            "Actual Total Time": 1219.572,
            "Actual Rows": 1,
            "Actual Loops": 2,
            "Plans": [
              {
                "Node Type": "Hash Join",
                "Parent Relationship": "Outer",
                "Parallel Aware": true,
                "Join Type": "Inner",
                "Startup Cost": 121845.36,
                "Total Cost": 310372.59,
                "Plan Rows": 1248601,
                "Plan Width": 0,
                "Actual Startup Time": 538.326,
                "Actual Total Time": 1172.776,
                "Actual Rows": 1134117,
                "Actual Loops": 2,
                "Inner Unique": true,
                "Hash Cond": "(mi.movie_id = t.id)",
                "Plans": [
                  {
                    "Node Type": "Bitmap Heap Scan",
                    "Parent Relationship": "Outer",
                    "Parallel Aware": true,
                    "Relation Name": "movie_info",
                    "Alias": "mi",
                    "Startup Cost": 54025.71,
                    "Total Cost": 237947.81,
                    "Plan Rows": 1754328,
                    "Plan Width": 4,
                    "Actual Startup Time": 108.584,
                    "Actual Total Time": 245.615,
                    "Actual Rows": 1518360,
                    "Actual Loops": 2,
                    "Recheck Cond": "(info_type_id = 16)",
                    "Rows Removed by Index Recheck": 0,
                    "Exact Heap Blocks": 13131,
                    "Lossy Heap Blocks": 0,
                    "Plans": [
                      {
                        "Node Type": "Bitmap Index Scan",
                        "Parent Relationship": "Outer",
                        "Parallel Aware": false,
                        "Index Name": "info_type_id_movie_info",
                        "Startup Cost": 0.0,
                        "Total Cost": 53280.12,
                        "Plan Rows": 2982358,
                        "Plan Width": 0,
                        "Actual Startup Time": 104.438,
                        "Actual Total Time": 104.438,
                        "Actual Rows": 3036719,
                        "Actual Loops": 1,
                        "Index Cond": "(info_type_id = 16)"
                      }
                    ]
                  },
                  {
                    "Node Type": "Hash",
                    "Parent Relationship": "Inner",
                    "Parallel Aware": true,
                    "Startup Cost": 54588.39,
                    "Total Cost": 54588.39,
                    "Plan Rows": 1058501,
                    "Plan Width": 4,
                    "Actual Startup Time": 415.281,
                    "Actual Total Time": 415.282,
                    "Actual Rows": 896692,
                    "Actual Loops": 2,
                    "Hash Buckets": 2097152,
                    "Original Hash Buckets": 2097152,
                    "Hash Batches": 1,
                    "Original Hash Batches": 1,
                    "Peak Memory Usage": 86592,
                    "Plans": [
                      {
                        "Node Type": "Seq Scan",
                        "Parent Relationship": "Outer",
                        "Parallel Aware": true,
                        "Relation Name": "title",
                        "Alias": "t",
                        "Startup Cost": 0.0,
                        "Total Cost": 54588.39,
                        "Plan Rows": 1058501,
                        "Plan Width": 4,
                        "Actual Startup Time": 0.029,
                        "Actual Total Time": 170.124,
                        "Actual Rows": 896692,
                        "Actual Loops": 2,
                        "Filter": "(production_year > 1988)",
                        "Rows Removed by Filter": 367464
                      }
                    ]
                  }
                ]
              }
            ]
          }
        ]
      }
    ]
  },
  "Planning Time": 0.56,
  "Triggers": [],
  "Execution Time": 1244.211
}