[
  {
    "Plan": {
      "Node Type": "Aggregate",
      "Strategy": "Plain",
      "Partial Mode": "Simple",
      "Parallel Aware": false,
      "Startup Cost": 12332.62,
      "Total Cost": 12332.63,
      "Plan Rows": 1,
      "Plan Width": 8,
      "Actual Startup Time": 15.312,
      "Actual Total Time": 15.313,
      "Actual Rows": 1,
      "Actual Loops": 1,
      "Plans": [
        {
          "Node Type": "Bitmap Heap Scan",
          "Parent Relationship": "Outer",
          "Parallel Aware": false,
          "Relation Name": "movie_companies",
          "Alias": "mc",
          "Startup Cost": 123.55,
          "Total Cost": 12325.4,
          "Plan Rows": 2889,
          "Plan Width": 0,
          "Actual Startup Time": 11.048,
          "Actual Total Time": 15.001,
          "Actual Rows": 1626,
          "Actual Loops": 1,
          "Recheck Cond": "(company_id = 475)",
          "Rows Removed by Index Recheck": 0,
          "Filter": "(company_type_id > 1)",
          "Rows Removed by Filter": 3454,
          "Exact Heap Blocks": 3665,
          "Lossy Heap Blocks": 0,
          "Plans": [
            {
              "Node Type": "Bitmap Index Scan",
              "Parent Relationship": "Outer",
              "Parallel Aware": false,
              "Index Name": "company_id_movie_companies",
              "Startup Cost": 0.0,
              "Total Cost": 122.83,
              "Plan Rows": 5653,
              "Plan Width": 0,
              "Actual Startup Time": 1.692,
              "Actual Total Time": 1.692,
              "Actual Rows": 5080,
              "Actual Loops": 1,
              "Index Cond": "(company_id = 475)"
            }
          ]
        }
      ]
    },
    "Planning Time": 0.237,
    "Triggers": [],
    "Execution Time": 15.378
  }
]