[
    {
        "Bao": {
            "Bao prediction": 478.865,
            "Bao recommended hint": "(no hint)"
        }
    },
    {
        "Plan": {
            "Node Type": "Aggregate",
            "Strategy": "Plain",
            "Partial Mode": "Finalize",
            "Parallel Aware": false,
            "Startup Cost": 332977.96,
            "Total Cost": 332977.97,
            "Plan Rows": 1,
            "Plan Width": 8,
            "Actual Startup Time": 818.148,
            "Actual Total Time": 849.804,
            "Actual Rows": 1,
            "Actual Loops": 1,
            "Output": [
                "count(*)"
            ],
            "Plans": [
                {
                    "Node Type": "Gather",
                    "Parent Relationship": "Outer",
                    "Parallel Aware": false,
                    "Startup Cost": 332977.33,
                    "Total Cost": 332977.94,
                    "Plan Rows": 6,
                    "Plan Width": 8,
                    "Actual Startup Time": 818.058,
                    "Actual Total Time": 849.793,
                    "Actual Rows": 7,
                    "Actual Loops": 1,
                    "Output": [
                        "(PARTIAL count(*))"
                    ],
                    "Workers Planned": 6,
                    "Workers Launched": 6,
                    "Single Copy": false,
                    "Plans": [
                        {
                            "Node Type": "Aggregate",
                            "Strategy": "Plain",
                            "Partial Mode": "Partial",
                            "Parent Relationship": "Outer",
                            "Parallel Aware": false,
                            "Startup Cost": 331977.33,
                            "Total Cost": 331977.34,
                            "Plan Rows": 1,
                            "Plan Width": 8,
                            "Actual Startup Time": 808.601,
                            "Actual Total Time": 808.602,
                            "Actual Rows": 1,
                            "Actual Loops": 7,
                            "Output": [
                                "PARTIAL count(*)"
                            ],
                            "Workers": [
                                {
                                    "Worker Number": 0,
                                    "Actual Startup Time": 806.8,
                                    "Actual Total Time": 806.802,
                                    "Actual Rows": 1,
                                    "Actual Loops": 1
                                },
                                {
                                    "Worker Number": 1,
                                    "Actual Startup Time": 806.844,
                                    "Actual Total Time": 806.845,
                                    "Actual Rows": 1,
                                    "Actual Loops": 1
                                },
                                {
                                    "Worker Number": 2,
                                    "Actual Startup Time": 807.089,
                                    "Actual Total Time": 807.09,
                                    "Actual Rows": 1,
                                    "Actual Loops": 1
                                },
                                {
                                    "Worker Number": 3,
                                    "Actual Startup Time": 807.404,
                                    "Actual Total Time": 807.405,
                                    "Actual Rows": 1,
                                    "Actual Loops": 1
                                },
                                {
                                    "Worker Number": 4,
                                    "Actual Startup Time": 807.274,
                                    "Actual Total Time": 807.276,
                                    "Actual Rows": 1,
                                    "Actual Loops": 1
                                },
                                {
                                    "Worker Number": 5,
                                    "Actual Startup Time": 807.61,
                                    "Actual Total Time": 807.611,
                                    "Actual Rows": 1,
                                    "Actual Loops": 1
                                }
                            ],
                            "Plans": [
                                {
                                    "Node Type": "Seq Scan",
                                    "Parent Relationship": "Outer",
                                    "Parallel Aware": true,
                                    "Relation Name": "cast_info",
                                    "Schema": "public",
                                    "Alias": "ci",
                                    "Startup Cost": 0.0,
                                    "Total Cost": 328213.62,
                                    "Plan Rows": 1505487,
                                    "Plan Width": 0,
                                    "Actual Startup Time": 401.339,
                                    "Actual Total Time": 724.378,
                                    "Actual Rows": 1288855,
                                    "Actual Loops": 7,
                                    "Output": [
                                        "id",
                                        "person_id",
                                        "movie_id",
                                        "person_role_id",
                                        "note",
                                        "nr_order",
                                        "role_id"
                                    ],
                                    "Filter": "(ci.person_id > 2794519)",
                                    "Rows Removed by Filter": 3888909,
                                    "Workers": [
                                        {
                                            "Worker Number": 0,
                                            "Actual Startup Time": 399.548,
                                            "Actual Total Time": 724.7,
                                            "Actual Rows": 1238153,
                                            "Actual Loops": 1
                                        },
                                        {
                                            "Worker Number": 1,
                                            "Actual Startup Time": 399.603,
                                            "Actual Total Time": 725.094,
                                            "Actual Rows": 1230251,
                                            "Actual Loops": 1
                                        },
                                        {
                                            "Worker Number": 2,
                                            "Actual Startup Time": 399.821,
                                            "Actual Total Time": 725.613,
                                            "Actual Rows": 1227896,
                                            "Actual Loops": 1
                                        },
                                        {
                                            "Worker Number": 3,
                                            "Actual Startup Time": 400.151,
                                            "Actual Total Time": 724.757,
                                            "Actual Rows": 1234880,
                                            "Actual Loops": 1
                                        },
                                        {
                                            "Worker Number": 4,
                                            "Actual Startup Time": 400.006,
                                            "Actual Total Time": 725.994,
                                            "Actual Rows": 1227130,
                                            "Actual Loops": 1
                                        },
                                        {
                                            "Worker Number": 5,
                                            "Actual Startup Time": 400.334,
                                            "Actual Total Time": 725.633,
                                            "Actual Rows": 1232780,
                                            "Actual Loops": 1
                                        }
                                    ]
                                }
                            ]
                        }
                    ]
                }
            ]
        },
        "Planning Time": 2973.629,
        "Triggers": [],
        "Execution Time": 849.903
    }
]