{
  "Plan": {
    "Node Type": "Aggregate",
    "Strategy": "Plain",
    "Partial Mode": "Finalize",
    "Parallel Aware": false,
    "Startup Cost": 105586.29,
    "Total Cost": 105586.3,
    "Plan Rows": 1,
    "Plan Width": 8,
    "Actual Startup Time": 406.864,
    "Actual Total Time": 422.572,
    "Actual Rows": 1,
    "Actual Loops": 1,
    "Plans": [
      {
        "Node Type": "Gather",
        "Parent Relationship": "Outer",
        "Parallel Aware": false,
        "Startup Cost": 105586.17,
        "Total Cost": 105586.28,
        "Plan Rows": 1,
        "Plan Width": 8,
        "Actual Startup Time": 406.043,
        "Actual Total Time": 422.565,
        "Actual Rows": 2,
        "Actual Loops": 1,
        "Workers Planned": 1,
        "Workers Launched": 1,
        "Single Copy": false,
        "Plans": [
          {
            "Node Type": "Aggregate",
            "Strategy": "Plain",
            "Partial Mode": "Partial",
            "Parent Relationship": "Outer",
            "Parallel Aware": false,
            "Startup Cost": 104586.17,
            "Total Cost": 104586.18,
            "Plan Rows": 1,
            "Plan Width": 8,
            "Actual Startup Time": 399.785,
            "Actual Total Time": 399.789,
            "Actual Rows": 1,
            "Actual Loops": 2,
            "Plans": [
              {
                "Node Type": "Hash Join",
                "Parent Relationship": "Outer",
                "Parallel Aware": true,
                "Join Type": "Inner",
                "Startup Cost": 43438.79,
                "Total Cost": 104267.41,
                "Plan Rows": 127504,
                "Plan Width": 0,
                "Actual Startup Time": 151.547,
                "Actual Total Time": 397.491,
                "Actual Rows": 47086,
                "Actual Loops": 2,
                "Inner Unique": false,
                "Hash Cond": "(t.id = mc.movie_id)",
                "Plans": [
                  {
                    "Node Type": "Seq Scan",
                    "Parent Relationship": "Outer",
                    "Parallel Aware": true,
                    "Relation Name": "title",
                    "Alias": "t",
                    "Startup Cost": 0.0,
                    "Total Cost": 54588.39,
                    "Plan Rows": 878434,
                    "Plan Width": 4,
                    "Actual Startup Time": 0.012,
                    "Actual Total Time": 144.039,
                    "Actual Rows": 742515,
                    "Actual Loops": 2,
                    "Filter": "(production_year > 1998)",
                    "Rows Removed by Filter": 521641
                  },
                  {
                    "Node Type": "Hash",
                    "Parent Relationship": "Inner",
                    "Parallel Aware": true,
                    "Startup Cost": 40740.43,
                    "Total Cost": 40740.43,
                    "Plan Rows": 215869,
                    "Plan Width": 4,
                    "Actual Startup Time": 146.12,
                    "Actual Total Time": 146.121,
                    "Actual Rows": 104930,
                    "Actual Loops": 2,
                    "Hash Buckets": 524288,
                    "Original Hash Buckets": 524288,
                    "Hash Batches": 1,
                    "Original Hash Batches": 1,
                    "Peak Memory Usage": 12320,
                    "Plans": [
                      {
                        "Node Type": "Bitmap Heap Scan",
                        "Parent Relationship": "Outer",
                        "Parallel Aware": true,
                        "Relation Name": "movie_companies",
                        "Alias": "mc",
                        "Startup Cost": 15572.99,
                        "Total Cost": 40740.43,
                        "Plan Rows": 215869,
                        "Plan Width": 4,
                        "Actual Startup Time": 98.071,
                        "Actual Total Time": 124.749,
                        "Actual Rows": 104930,
                        "Actual Loops": 2,
                        "Recheck Cond": "(company_id < 1402)",
                        "Rows Removed by Index Recheck": 0,
                        "Filter": "(company_type_id = 2)",
                        "Rows Removed by Filter": 254794,
                        "Exact Heap Blocks": 12774,
                        "Lossy Heap Blocks": 0,
                        "Plans": [
                          {
                            "Node Type": "Bitmap Index Scan",
                            "Parent Relationship": "Outer",
                            "Parallel Aware": false,
                            "Index Name": "company_id_movie_companies",
                            "Startup Cost": 0.0,
                            "Total Cost": 15481.25,
                            "Plan Rows": 722776,
                            "Plan Width": 0,
                            "Actual Startup Time": 46.192,
                            "Actual Total Time": 46.192,
                            "Actual Rows": 719447,
                            "Actual Loops": 1,
                            "Index Cond": "(company_id < 1402)"
                          }
                        ]
                      }
                    ]
                  }
                ]
              }
            ]
          }
        ]
      }
    ]
  },
  "Planning Time": 0.793,
  "Triggers": [],
  "Execution Time": 422.665
}