[
  {
    "Plan": {
      "Node Type": "Aggregate",
      "Strategy": "Plain",
      "Partial Mode": "Finalize",
      "Parallel Aware": false,
      "Startup Cost": 344154.28,
      "Total Cost": 344154.29,
      "Plan Rows": 1,
      "Plan Width": 8,
      "Actual Startup Time": 892.945,
      "Actual Total Time": 948.187,
      "Actual Rows": 1,
      "Actual Loops": 1,
      "Plans": [
        {
          "Node Type": "Gather",
          "Parent Relationship": "Outer",
          "Parallel Aware": false,
          "Startup Cost": 344153.66,
          "Total Cost": 344154.27,
          "Plan Rows": 6,
          "Plan Width": 8,
          "Actual Startup Time": 892.721,
          "Actual Total Time": 948.178,
          "Actual Rows": 7,
          "Actual Loops": 1,
          "Workers Planned": 6,
          "Workers Launched": 6,
          "Single Copy": false,
          "Plans": [
            {
              "Node Type": "Aggregate",
              "Strategy": "Plain",
              "Partial Mode": "Partial",
              "Parent Relationship": "Outer",
              "Parallel Aware": false,
              "Startup Cost": 343153.66,
              "Total Cost": 343153.67,
              "Plan Rows": 1,
              "Plan Width": 8,
              "Actual Startup Time": 883.921,
              "Actual Total Time": 883.922,
              "Actual Rows": 1,
              "Actual Loops": 7,
              "Plans": [
                {
                  "Node Type": "Seq Scan",
                  "Parent Relationship": "Outer",
                  "Parallel Aware": true,
                  "Relation Name": "cast_info",
                  "Alias": "ci",
                  "Startup Cost": 0.0,
                  "Total Cost": 328162.03,
                  "Plan Rows": 5996653,
                  "Plan Width": 0,
                  "Actual Startup Time": 6.886,
                  "Actual Total Time": 659.209,
                  "Actual Rows": 5142751,
                  "Actual Loops": 7,
                  "Filter": "(person_id > 28945)",
                  "Rows Removed by Filter": 35012
                }
              ]
            }
          ]
        }
      ]
    },
    "Planning Time": 0.272,
    "Triggers": [],
    "Execution Time": 948.251
  }
]