{
  "Plan": {
    "Node Type": "Aggregate",
    "Strategy": "Plain",
    "Partial Mode": "Finalize",
    "Parallel Aware": false,
    "Startup Cost": 23336.82,
    "Total Cost": 23336.83,
    "Plan Rows": 1,
    "Plan Width": 8,
    "Actual Startup Time": 15.243,
    "Actual Total Time": 16.971,
    "Actual Rows": 1,
    "Actual Loops": 1,
    "Plans": [
      {
        "Node Type": "Gather",
        "Parent Relationship": "Outer",
        "Parallel Aware": false,
        "Startup Cost": 23336.7,
        "Total Cost": 23336.81,
        "Plan Rows": 1,
        "Plan Width": 8,
        "Actual Startup Time": 14.798,
        "Actual Total Time": 16.958,
        "Actual Rows": 2,
        "Actual Loops": 1,
        "Workers Planned": 1,
        "Workers Launched": 1,
        "Single Copy": false,
        "Plans": [
          {
            "Node Type": "Aggregate",
            "Strategy": "Plain",
            "Partial Mode": "Partial",
            "Parent Relationship": "Outer",
            "Parallel Aware": false,
            "Startup Cost": 22336.7,
            "Total Cost": 22336.71,
            "Plan Rows": 1,
            "Plan Width": 8,
            "Actual Startup Time": 8.691,
            "Actual Total Time": 8.694,
            "Actual Rows": 1,
            "Actual Loops": 2,
            "Plans": [
              {
                "Node Type": "Nested Loop",
                "Parent Relationship": "Outer",
                "Parallel Aware": false,
                "Join Type": "Inner",
                "Startup Cost": 104.45,
                "Total Cost": 22335.09,
                "Plan Rows": 646,
                "Plan Width": 0,
                "Actual Startup Time": 7.37,
                "Actual Total Time": 8.678,
                "Actual Rows": 24,
                "Actual Loops": 2,
                "Inner Unique": false,
                "Plans": [
                  {
                    "Node Type": "Nested Loop",
                    "Parent Relationship": "Outer",
                    "Parallel Aware": false,
                    "Join Type": "Inner",
                    "Startup Cost": 104.01,
                    "Total Cost": 21632.83,
                    "Plan Rows": 361,
                    "Plan Width": 8,
                    "Actual Startup Time": 7.178,
                    "Actual Total Time": 7.896,
                    "Actual Rows": 22,
                    "Actual Loops": 2,
                    "Inner Unique": true,
                    "Plans": [
                      {
                        "Node Type": "Bitmap Heap Scan",
                        "Parent Relationship": "Outer",
                        "Parallel Aware": true,
                        "Relation Name": "movie_companies",
                        "Alias": "mc",
                        "Startup Cost": 103.58,
                        "Total Cost": 10810.06,
                        "Plan Rows": 1376,
                        "Plan Width": 4,
                        "Actual Startup Time": 7.05,
                        "Actual Total Time": 7.236,
                        "Actual Rows": 22,
                        "Actual Loops": 2,
                        "Recheck Cond": "(company_id = 11138)",
                        "Rows Removed by Index Recheck": 0,
                        "Filter": "(company_type_id > 1)",
                        "Rows Removed by Filter": 2068,
                        "Exact Heap Blocks": 2084,
                        "Lossy Heap Blocks": 0,
                        "Plans": [
                          {
                            "Node Type": "Bitmap Index Scan",
                            "Parent Relationship": "Outer",
                            "Parallel Aware": false,
                            "Index Name": "company_id_movie_companies",
                            "Startup Cost": 0.0,
                            "Total Cost": 103.0,
                            "Plan Rows": 4609,
                            "Plan Width": 0,
                            "Actual Startup Time": 3.189,
                            "Actual Total Time": 3.19,
                            "Actual Rows": 4181,
                            "Actual Loops": 1,
                            "Index Cond": "(company_id = 11138)"
                          }
                        ]
                      },
                      {
                        "Node Type": "Index Scan",
                        "Parent Relationship": "Inner",
                        "Parallel Aware": false,
                        "Scan Direction": "Forward",
                        "Index Name": "title_pkey",
                        "Relation Name": "title",
                        "Alias": "t",
                        "Startup Cost": 0.43,
                        "Total Cost": 7.87,
                        "Plan Rows": 1,
                        "Plan Width": 4,
                        "Actual Startup Time": 0.027,
                        "Actual Total Time": 0.027,
                        "Actual Rows": 1,
                        "Actual Loops": 45,
                        "Index Cond": "(id = mc.movie_id)",
                        "Rows Removed by Index Recheck": 0,
                        "Filter": "(kind_id = 1)",
                        "Rows Removed by Filter": 0
                      }
                    ]
                  },
                  {
                    "Node Type": "Index Only Scan",
                    "Parent Relationship": "Inner",
                    "Parallel Aware": false,
                    "Scan Direction": "Forward",
                    "Index Name": "movie_id_movie_keyword",
                    "Relation Name": "movie_keyword",
                    "Alias": "mk",
                    "Startup Cost": 0.43,
                    "Total Cost": 1.5,
                    "Plan Rows": 45,
                    "Plan Width": 4,
                    "Actual Startup Time": 0.033,
                    "Actual Total Time": 0.033,
                    "Actual Rows": 1,
                    "Actual Loops": 45,
                    "Index Cond": "(movie_id = t.id)",
                    "Rows Removed by Index Recheck": 0,
                    "Heap Fetches": 48
                  }
                ]
              }
            ]
          }
        ]
      }
    ]
  },
  "Planning Time": 0.978,
  "Triggers": [],
  "Execution Time": 17.075
}