{
  "Plan": {
    "Node Type": "Aggregate",
    "Strategy": "Plain",
    "Partial Mode": "Finalize",
    "Parallel Aware": false,
    "Startup Cost": 985955.0,
    "Total Cost": 985955.01,
    "Plan Rows": 1,
    "Plan Width": 8,
    "Actual Startup Time": 4870.023,
    "Actual Total Time": 4971.457,
    "Actual Rows": 1,
    "Actual Loops": 1,
    "Plans": [
      {
        "Node Type": "Gather",
        "Parent Relationship": "Outer",
        "Parallel Aware": false,
        "Startup Cost": 985954.89,
        "Total Cost": 985955.0,
        "Plan Rows": 1,
        "Plan Width": 8,
        "Actual Startup Time": 4868.81,
        "Actual Total Time": 4971.448,
        "Actual Rows": 2,
        "Actual Loops": 1,
        "Workers Planned": 1,
        "Workers Launched": 1,
        "Single Copy": false,
        "Plans": [
          {
            "Node Type": "Aggregate",
            "Strategy": "Plain",
            "Partial Mode": "Partial",
            "Parent Relationship": "Outer",
            "Parallel Aware": false,
            "Startup Cost": 984954.89,
            "Total Cost": 984954.9,
            "Plan Rows": 1,
            "Plan Width": 8,
            "Actual Startup Time": 4864.211,
            "Actual Total Time": 4864.217,
            "Actual Rows": 1,
            "Actual Loops": 2,
            "Plans": [
              {
                "Node Type": "Hash Join",
                "Parent Relationship": "Outer",
                "Parallel Aware": true,
                "Join Type": "Inner",
                "Startup Cost": 356004.69,
                "Total Cost": 974903.8,
                "Plan Rows": 4020437,
                "Plan Width": 0,
                "Actual Startup Time": 1503.639,
                "Actual Total Time": 4806.214,
                "Actual Rows": 1432747,
                "Actual Loops": 2,
                "Inner Unique": false,
                "Hash Cond": "(ci.movie_id = t.id)",
                "Plans": [
                  {
                    "Node Type": "Seq Scan",
                    "Parent Relationship": "Outer",
                    "Parallel Aware": true,
                    "Relation Name": "cast_info",
                    "Alias": "ci",
                    "Startup Cost": 0.0,
                    "Total Cost": 519069.44,
                    "Plan Rows": 12188807,
                    "Plan Width": 4,
                    "Actual Startup Time": 0.017,
                    "Actual Total Time": 1479.154,
                    "Actual Rows": 10377510,
                    "Actual Loops": 2,
                    "Filter": "(person_id < 2090607)",
                    "Rows Removed by Filter": 7744662
                  },
                  {
                    "Node Type": "Hash",
                    "Parent Relationship": "Inner",
                    "Parallel Aware": true,
                    "Startup Cost": 349872.72,
                    "Total Cost": 349872.72,
                    "Plan Rows": 490558,
                    "Plan Width": 8,
                    "Actual Startup Time": 1497.096,
                    "Actual Total Time": 1497.101,
                    "Actual Rows": 169719,
                    "Actual Loops": 2,
                    "Hash Buckets": 1048576,
                    "Original Hash Buckets": 1048576,
                    "Hash Batches": 1,
                    "Original Hash Batches": 1,
                    "Peak Memory Usage": 21504,
                    "Plans": [
                      {
                        "Node Type": "Hash Join",
                        "Parent Relationship": "Outer",
                        "Parallel Aware": true,
                        "Join Type": "Inner",
                        "Startup Cost": 59524.64,
                        "Total Cost": 349872.72,
                        "Plan Rows": 490558,
                        "Plan Width": 8,
                        "Actual Startup Time": 143.598,
                        "Actual Total Time": 1447.606,
                        "Actual Rows": 169719,
                        "Actual Loops": 2,
                        "Inner Unique": true,
                        "Hash Cond": "(mi.movie_id = t.id)",
                        "Plans": [
                          {
                            "Node Type": "Seq Scan",
                            "Parent Relationship": "Outer",
                            "Parallel Aware": true,
                            "Relation Name": "movie_info",
                            "Alias": "mi",
                            "Startup Cost": 0.0,
                            "Total Cost": 270696.42,
                            "Plan Rows": 7486332,
                            "Plan Width": 4,
                            "Actual Startup Time": 0.012,
                            "Actual Total Time": 759.892,
                            "Actual Rows": 6372326,
                            "Actual Loops": 2,
                            "Filter": "(info_type_id > 2)",
                            "Rows Removed by Filter": 1045534
                          },
                          {
                            "Node Type": "Hash",
                            "Parent Relationship": "Inner",
                            "Parallel Aware": true,
                            "Startup Cost": 58306.47,
                            "Total Cost": 58306.47,
                            "Plan Rows": 97454,
                            "Plan Width": 4,
                            "Actual Startup Time": 141.315,
                            "Actual Total Time": 141.316,
                            "Actual Rows": 36319,
                            "Actual Loops": 2,
                            "Hash Buckets": 262144,
                            "Original Hash Buckets": 262144,
                            "Hash Batches": 1,
                            "Original Hash Batches": 1,
                            "Peak Memory Usage": 4928,
                            "Plans": [
                              {
                                "Node Type": "Seq Scan",
                                "Parent Relationship": "Outer",
                                "Parallel Aware": true,
                                "Relation Name": "title",
                                "Alias": "t",
                                "Startup Cost": 0.0,
                                "Total Cost": 58306.47,
                                "Plan Rows": 97454,
                                "Plan Width": 4,
                                "Actual Startup Time": 0.028,
                                "Actual Total Time": 129.594,
                                "Actual Rows": 36319,
                                "Actual Loops": 2,
                                "Filter": "((production_year < 1964) AND (kind_id = 7))",
                                "Rows Removed by Filter": 1227837
                              }
                            ]
                          }
                        ]
                      }
                    ]
                  }
                ]
              }
            ]
          }
        ]
      }
    ]
  },
  "Planning Time": 0.493,
  "Triggers": [],
  "Execution Time": 4971.55
}