[
  {
    "Plan": {
      "Node Type": "Aggregate",
      "Strategy": "Plain",
      "Partial Mode": "Finalize",
      "Parallel Aware": false,
      "Startup Cost": 45121.08,
      "Total Cost": 45121.09,
      "Plan Rows": 1,
      "Plan Width": 8,
      "Actual Startup Time": 140.425,
      "Actual Total Time": 149.991,
      "Actual Rows": 1,
      "Actual Loops": 1,
      "Plans": [
        {
          "Node Type": "Gather",
          "Parent Relationship": "Outer",
          "Parallel Aware": false,
          "Startup Cost": 45120.76,
          "Total Cost": 45121.07,
          "Plan Rows": 3,
          "Plan Width": 8,
          "Actual Startup Time": 140.314,
          "Actual Total Time": 149.984,
          "Actual Rows": 4,
          "Actual Loops": 1,
          "Workers Planned": 3,
          "Workers Launched": 3,
          "Single Copy": false,
          "Plans": [
            {
              "Node Type": "Aggregate",
              "Strategy": "Plain",
              "Partial Mode": "Partial",
              "Parent Relationship": "Outer",
              "Parallel Aware": false,
              "Startup Cost": 44120.76,
              "Total Cost": 44120.77,
              "Plan Rows": 1,
              "Plan Width": 8,
              "Actual Startup Time": 134.705,
              "Actual Total Time": 134.706,
              "Actual Rows": 1,
              "Actual Loops": 4,
              "Plans": [
                {
                  "Node Type": "Seq Scan",
                  "Parent Relationship": "Outer",
                  "Parallel Aware": true,
                  "Relation Name": "movie_keyword",
                  "Alias": "mk",
                  "Startup Cost": 0.0,
                  "Total Cost": 42695.65,
                  "Plan Rows": 570043,
                  "Plan Width": 0,
                  "Actual Startup Time": 0.927,
                  "Actual Total Time": 112.794,
                  "Actual Rows": 443274,
                  "Actual Loops": 4,
                  "Filter": "(keyword_id > 7820)",
                  "Rows Removed by Filter": 687709
                }
              ]
            }
          ]
        }
      ]
    },
    "Planning Time": 0.15,
    "Triggers": [],
    "Execution Time": 150.037
  }
]