{
  "Plan": {
    "Node Type": "Aggregate",
    "Strategy": "Plain",
    "Partial Mode": "Finalize",
    "Parallel Aware": false,
    "Startup Cost": 278732.22,
    "Total Cost": 278732.23,
    "Plan Rows": 1,
    "Plan Width": 8,
    "Actual Startup Time": 1366.189,
    "Actual Total Time": 1384.297,
    "Actual Rows": 1,
    "Actual Loops": 1,
    "Plans": [
      {
        "Node Type": "Gather",
        "Parent Relationship": "Outer",
        "Parallel Aware": false,
        "Startup Cost": 278732.1,
        "Total Cost": 278732.21,
        "Plan Rows": 1,
        "Plan Width": 8,
        "Actual Startup Time": 1366.179,
        "Actual Total Time": 1384.291,
        "Actual Rows": 2,
        "Actual Loops": 1,
        "Workers Planned": 1,
        "Workers Launched": 1,
        "Single Copy": false,
        "Plans": [
          {
            "Node Type": "Aggregate",
            "Strategy": "Plain",
            "Partial Mode": "Partial",
            "Parent Relationship": "Outer",
            "Parallel Aware": false,
            "Startup Cost": 277732.1,
            "Total Cost": 277732.11,
            "Plan Rows": 1,
            "Plan Width": 8,
            "Actual Startup Time": 1355.242,
            "Actual Total Time": 1355.246,
            "Actual Rows": 1,
            "Actual Loops": 2,
            "Plans": [
              {
                "Node Type": "Merge Join",
                "Parent Relationship": "Outer",
                "Parallel Aware": false,
                "Join Type": "Inner",
                "Startup Cost": 269184.51,
                "Total Cost": 277327.02,
                "Plan Rows": 162034,
                "Plan Width": 0,
                "Actual Startup Time": 1194.786,
                "Actual Total Time": 1340.319,
                "Actual Rows": 390477,
                "Actual Loops": 2,
                "Inner Unique": false,
                "Merge Cond": "(mc.movie_id = t.id)",
                "Plans": [
                  {
                    "Node Type": "Sort",
                    "Parent Relationship": "Outer",
                    "Parallel Aware": false,
                    "Startup Cost": 114232.16,
                    "Total Cost": 116180.31,
                    "Plan Rows": 779260,
                    "Plan Width": 4,
                    "Actual Startup Time": 264.386,
                    "Actual Total Time": 287.91,
                    "Actual Rows": 667428,
                    "Actual Loops": 2,
                    "Sort Key": [
                      "mc.movie_id"
                    ],
                    "Sort Method": "quicksort",
                    "Sort Space Used": 56824,
                    "Sort Space Type": "Memory",
                    "Workers": [
                      {
                        "Worker Number": 0,
                        "Sort Method": "quicksort",
                        "Sort Space Used": 54902,
                        "Sort Space Type": "Memory"
                      }
                    ],
                    "Plans": [
                      {
                        "Node Type": "Seq Scan",
                        "Parent Relationship": "Outer",
                        "Parallel Aware": true,
                        "Relation Name": "movie_companies",
                        "Alias": "mc",
                        "Startup Cost": 0.0,
                        "Total Cost": 37974.77,
                        "Plan Rows": 779260,
                        "Plan Width": 4,
                        "Actual Startup Time": 66.695,
                        "Actual Total Time": 137.596,
                        "Actual Rows": 667442,
                        "Actual Loops": 2,
                        "Filter": "(company_type_id > 1)",
                        "Rows Removed by Filter": 637123
                      }
                    ]
                  },
                  {
                    "Node Type": "Sort",
                    "Parent Relationship": "Inner",
                    "Parallel Aware": false,
                    "Startup Cost": 154952.29,
                    "Total Cost": 156266.58,
                    "Plan Rows": 525717,
                    "Plan Width": 8,
                    "Actual Startup Time": 930.383,
                    "Actual Total Time": 957.83,
                    "Actual Rows": 790062,
                    "Actual Loops": 2,
                    "Sort Key": [
                      "mi_idx.movie_id"
                    ],
                    "Sort Method": "quicksort",
                    "Sort Space Used": 55039,
                    "Sort Space Type": "Memory",
                    "Workers": [
                      {
                        "Worker Number": 0,
                        "Sort Method": "quicksort",
                        "Sort Space Used": 55039,
                        "Sort Space Type": "Memory"
                      }
                    ],
                    "Plans": [
                      {
                        "Node Type": "Hash Join",
                        "Parent Relationship": "Outer",
                        "Parallel Aware": false,
                        "Join Type": "Inner",
                        "Startup Cost": 79640.9,
                        "Total Cost": 104998.85,
                        "Plan Rows": 525717,
                        "Plan Width": 8,
                        "Actual Startup Time": 449.817,
                        "Actual Total Time": 794.477,
                        "Actual Rows": 649871,
                        "Actual Loops": 2,
                        "Inner Unique": true,
                        "Hash Cond": "(mi_idx.movie_id = t.id)",
                        "Plans": [
                          {
                            "Node Type": "Seq Scan",
                            "Parent Relationship": "Outer",
                            "Parallel Aware": false,
                            "Relation Name": "movie_info_idx",
                            "Alias": "mi_idx",
                            "Startup Cost": 0.0,
                            "Total Cost": 21735.35,
                            "Plan Rows": 1380035,
                            "Plan Width": 4,
                            "Actual Startup Time": 0.043,
                            "Actual Total Time": 91.145,
                            "Actual Rows": 1380035,
                            "Actual Loops": 2
                          },
                          {
                            "Node Type": "Hash",
                            "Parent Relationship": "Inner",
                            "Parallel Aware": false,
                            "Startup Cost": 67601.66,
                            "Total Cost": 67601.66,
                            "Plan Rows": 963139,
                            "Plan Width": 4,
                            "Actual Startup Time": 447.311,
                            "Actual Total Time": 447.312,
                            "Actual Rows": 971188,
                            "Actual Loops": 2,
                            "Hash Buckets": 1048576,
                            "Original Hash Buckets": 1048576,
                            "Hash Batches": 1,
                            "Original Hash Batches": 1,
                            "Peak Memory Usage": 42336,
                            "Plans": [
                              {
                                "Node Type": "Seq Scan",
                                "Parent Relationship": "Outer",
                                "Parallel Aware": false,
                                "Relation Name": "title",
                                "Alias": "t",
                                "Startup Cost": 0.0,
                                "Total Cost": 67601.66,
                                "Plan Rows": 963139,
                                "Plan Width": 4,
                                "Actual Startup Time": 0.023,
                                "Actual Total Time": 253.195,
                                "Actual Rows": 971188,
                                "Actual Loops": 2,
                                "Filter": "(production_year < 1999)",
                                "Rows Removed by Filter": 1557124
                              }
                            ]
                          }
                        ]
                      }
                    ]
                  }
                ]
              }
            ]
          }
        ]
      }
    ]
  },
  "Planning Time": 1.049,
  "Triggers": [],
  "Execution Time": 1396.593
}