{
    "Plan": {
        "Node Type": "Aggregate",
        "Strategy": "Plain",
        "Partial Mode": "Simple",
        "Parallel Aware": false,
        "Startup Cost": 10001110559.29,
        "Total Cost": 10001110559.3,
        "Plan Rows": 1,
        "Plan Width": 8,
        "Actual Startup Time": 7288.773,
        "Actual Total Time": 7288.777,
        "Actual Rows": 1,
        "Actual Loops": 1,
        "Output": [
            "count(*)"
        ],
        "Plans": [
            {
                "Node Type": "Hash Join",
                "Parent Relationship": "Outer",
                "Parallel Aware": false,
                "Join Type": "Inner",
                "Startup Cost": 10000975225.39,
                "Total Cost": 10001110467.81,
                "Plan Rows": 36592,
                "Plan Width": 0,
                "Actual Startup Time": 6964.606,
                "Actual Total Time": 7287.235,
                "Actual Rows": 36267,
                "Actual Loops": 1,
                "Inner Unique": false,
                "Hash Cond": "(t.id = ci.movie_id)",
                "Plans": [
                    {
                        "Node Type": "Nested Loop",
                        "Parent Relationship": "Outer",
                        "Parallel Aware": false,
                        "Join Type": "Inner",
                        "Startup Cost": 10000033100.95,
                        "Total Cost": 10000167688.53,
                        "Plan Rows": 5778,
                        "Plan Width": 8,
                        "Actual Startup Time": 65.002,
                        "Actual Total Time": 380.592,
                        "Actual Rows": 4023,
                        "Actual Loops": 1,
                        "Output": [
                            "t.id",
                            "mi_idx.movie_id"
                        ],
                        "Inner Unique": false,
                        "Plans": [
                            {
                                "Node Type": "Bitmap Heap Scan",
                                "Parent Relationship": "Outer",
                                "Parallel Aware": false,
                                "Relation Name": "title",
                                "Schema": "public",
                                "Alias": "t",
                                "Startup Cost": 33098.34,
                                "Total Cost": 96950.86,
                                "Plan Rows": 10585,
                                "Plan Width": 4,
                                "Actual Startup Time": 64.332,
                                "Actual Total Time": 329.325,
                                "Actual Rows": 9678,
                                "Actual Loops": 1,
                                "Output": [
                                    "t.id",
                                    "t.title",
                                    "t.imdb_index",
                                    "t.kind_id",
                                    "t.production_year",
                                    "t.imdb_id",
                                    "t.phonetic_code",
                                    "t.episode_of_id",
                                    "t.season_nr",
                                    "t.episode_nr",
                                    "t.series_years",
                                    "t.md5sum"
                                ],
                                "Recheck Cond": "(t.kind_id > 1)",
                                "Rows Removed by Index Recheck": 0,
                                "Filter": "(t.production_year = 1968)",
                                "Rows Removed by Filter": 1855809,
                                "Exact Heap Blocks": 35995,
                                "Lossy Heap Blocks": 0,
                                "Plans": [
                                    {
                                        "Node Type": "Bitmap Index Scan",
                                        "Parent Relationship": "Outer",
                                        "Parallel Aware": false,
                                        "Index Name": "kind_id_title",
                                        "Startup Cost": 0.0,
                                        "Total Cost": 33095.69,
                                        "Plan Rows": 1856968,
                                        "Plan Width": 0,
                                        "Actual Startup Time": 59.554,
                                        "Actual Total Time": 59.554,
                                        "Actual Rows": 1865487,
                                        "Actual Loops": 1,
                                        "Index Cond": "(t.kind_id > 1)"
                                    }
                                ]
                            },
                            {
                                "Node Type": "Bitmap Heap Scan",
                                "Parent Relationship": "Inner",
                                "Parallel Aware": false,
                                "Relation Name": "movie_info_idx",
                                "Schema": "public",
                                "Alias": "mi_idx",
                                "Startup Cost": 2.62,
                                "Total Cost": 6.65,
                                "Plan Rows": 3,
                                "Plan Width": 4,
                                "Actual Startup Time": 0.004,
                                "Actual Total Time": 0.004,
                                "Actual Rows": 0,
                                "Actual Loops": 9678,
                                "Output": [
                                    "mi_idx.id",
                                    "mi_idx.movie_id",
                                    "mi_idx.info_type_id",
                                    "mi_idx.info",
                                    "mi_idx.note"
                                ],
                                "Recheck Cond": "(mi_idx.movie_id = t.id)",
                                "Rows Removed by Index Recheck": 0,
                                "Exact Heap Blocks": 1346,
                                "Lossy Heap Blocks": 0,
                                "Plans": [
                                    {
                                        "Node Type": "Bitmap Index Scan",
                                        "Parent Relationship": "Outer",
                                        "Parallel Aware": false,
                                        "Index Name": "movie_id_movie_info_idx",
                                        "Startup Cost": 0.0,
                                        "Total Cost": 2.61,
                                        "Plan Rows": 3,
                                        "Plan Width": 0,
                                        "Actual Startup Time": 0.003,
                                        "Actual Total Time": 0.003,
                                        "Actual Rows": 0,
                                        "Actual Loops": 9678,
                                        "Index Cond": "(mi_idx.movie_id = t.id)"
                                    }
                                ]
                            }
                        ]
                    },
                    {
                        "Node Type": "Hash",
                        "Parent Relationship": "Inner",
                        "Parallel Aware": false,
                        "Startup Cost": 741963.8,
                        "Total Cost": 741963.8,
                        "Plan Rows": 16012851,
                        "Plan Width": 4,
                        "Actual Startup Time": 6823.584,
                        "Actual Total Time": 6823.585,
                        "Actual Rows": 16121683,
                        "Actual Loops": 1,
                        "Output": [
                            "ci.movie_id"
                        ],
                        "Hash Buckets": 16777216,
                        "Original Hash Buckets": 16777216,
                        "Hash Batches": 1,
                        "Original Hash Batches": 1,
                        "Peak Memory Usage": 697850,
                        "Plans": [
                            {
                                "Node Type": "Bitmap Heap Scan",
                                "Parent Relationship": "Outer",
                                "Parallel Aware": false,
                                "Relation Name": "cast_info",
                                "Schema": "public",
                                "Alias": "ci",
                                "Startup Cost": 289116.16,
                                "Total Cost": 741963.8,
                                "Plan Rows": 16012851,
                                "Plan Width": 4,
                                "Actual Startup Time": 727.23,
                                "Actual Total Time": 2859.326,
                                "Actual Rows": 16121683,
                                "Actual Loops": 1,
                                "Output": [
                                    "ci.movie_id"
                                ],
                                "Recheck Cond": "(ci.role_id > 2)",
                                "Rows Removed by Index Recheck": 0,
                                "Exact Heap Blocks": 119419,
                                "Lossy Heap Blocks": 0,
                                "Plans": [
                                    {
                                        "Node Type": "Bitmap Index Scan",
                                        "Parent Relationship": "Outer",
                                        "Parallel Aware": false,
                                        "Index Name": "role_id_cast_info",
                                        "Startup Cost": 0.0,
                                        "Total Cost": 285112.95,
                                        "Plan Rows": 16012851,
                                        "Plan Width": 0,
                                        "Actual Startup Time": 707.022,
                                        "Actual Total Time": 707.022,
                                        "Actual Rows": 16121683,
                                        "Actual Loops": 1,
                                        "Index Cond": "(ci.role_id > 2)"
                                    }
                                ]
                            }
                        ]
                    }
                ]
            }
        ]
    },
    "Planning Time": 3.138,
    "Triggers": [],
    "Execution Time": 7303.062
}