[
  {
    "Plan": {
      "Node Type": "Aggregate",
      "Strategy": "Plain",
      "Partial Mode": "Finalize",
      "Parallel Aware": false,
      "Startup Cost": 46033.18,
      "Total Cost": 46033.19,
      "Plan Rows": 1,
      "Plan Width": 8,
      "Actual Startup Time": 154.621,
      "Actual Total Time": 163.972,
      "Actual Rows": 1,
      "Actual Loops": 1,
      "Plans": [
        {
          "Node Type": "Gather",
          "Parent Relationship": "Outer",
          "Parallel Aware": false,
          "Startup Cost": 46032.87,
          "Total Cost": 46033.18,
          "Plan Rows": 3,
          "Plan Width": 8,
          "Actual Startup Time": 154.438,
          "Actual Total Time": 163.964,
          "Actual Rows": 4,
          "Actual Loops": 1,
          "Workers Planned": 3,
          "Workers Launched": 3,
          "Single Copy": false,
          "Plans": [
            {
              "Node Type": "Aggregate",
              "Strategy": "Plain",
              "Partial Mode": "Partial",
              "Parent Relationship": "Outer",
              "Parallel Aware": false,
              "Startup Cost": 45032.87,
              "Total Cost": 45032.88,
              "Plan Rows": 1,
              "Plan Width": 8,
              "Actual Startup Time": 148.932,
              "Actual Total Time": 148.934,
              "Actual Rows": 1,
              "Actual Loops": 4,
              "Plans": [
                {
                  "Node Type": "Seq Scan",
                  "Parent Relationship": "Outer",
                  "Parallel Aware": true,
                  "Relation Name": "movie_keyword",
                  "Alias": "mk",
                  "Startup Cost": 0.0,
                  "Total Cost": 42695.65,
                  "Plan Rows": 934885,
                  "Plan Width": 0,
                  "Actual Startup Time": 0.043,
                  "Actual Total Time": 117.006,
                  "Actual Rows": 723495,
                  "Actual Loops": 4,
                  "Filter": "(keyword_id < 9127)",
                  "Rows Removed by Filter": 407487
                }
              ]
            }
          ]
        }
      ]
    },
    "Planning Time": 0.175,
    "Triggers": [],
    "Execution Time": 164.026
  }
]