{
  "Plan": {
    "Node Type": "Aggregate",
    "Strategy": "Plain",
    "Partial Mode": "Finalize",
    "Parallel Aware": false,
    "Startup Cost": 183852.53,
    "Total Cost": 183852.54,
    "Plan Rows": 1,
    "Plan Width": 8,
    "Actual Startup Time": 982.156,
    "Actual Total Time": 1000.798,
    "Actual Rows": 1,
    "Actual Loops": 1,
    "Plans": [
      {
        "Node Type": "Gather",
        "Parent Relationship": "Outer",
        "Parallel Aware": false,
        "Startup Cost": 183852.42,
        "Total Cost": 183852.53,
        "Plan Rows": 1,
        "Plan Width": 8,
        "Actual Startup Time": 978.683,
        "Actual Total Time": 1000.791,
        "Actual Rows": 2,
        "Actual Loops": 1,
        "Workers Planned": 1,
        "Workers Launched": 1,
        "Single Copy": false,
        "Plans": [
          {
            "Node Type": "Aggregate",
            "Strategy": "Plain",
            "Partial Mode": "Partial",
            "Parent Relationship": "Outer",
            "Parallel Aware": false,
            "Startup Cost": 182852.42,
            "Total Cost": 182852.43,
            "Plan Rows": 1,
            "Plan Width": 8,
            "Actual Startup Time": 974.52,
            "Actual Total Time": 974.526,
            "Actual Rows": 1,
            "Actual Loops": 2,
            "Plans": [
              {
                "Node Type": "Hash Join",
                "Parent Relationship": "Outer",
                "Parallel Aware": true,
                "Join Type": "Inner",
                "Startup Cost": 113209.49,
                "Total Cost": 181994.27,
                "Plan Rows": 343257,
                "Plan Width": 0,
                "Actual Startup Time": 617.241,
                "Actual Total Time": 968.162,
                "Actual Rows": 156014,
                "Actual Loops": 2,
                "Inner Unique": false,
                "Hash Cond": "(mk.movie_id = t.id)",
                "Plans": [
                  {
                    "Node Type": "Seq Scan",
                    "Parent Relationship": "Outer",
                    "Parallel Aware": true,
                    "Relation Name": "movie_keyword",
                    "Alias": "mk",
                    "Startup Cost": 0.0,
                    "Total Cost": 57718.19,
                    "Plan Rows": 2412650,
                    "Plan Width": 4,
                    "Actual Startup Time": 0.071,
                    "Actual Total Time": 200.366,
                    "Actual Rows": 2043154,
                    "Actual Loops": 2,
                    "Filter": "(keyword_id > 337)",
                    "Rows Removed by Filter": 218810
                  },
                  {
                    "Node Type": "Hash",
                    "Parent Relationship": "Inner",
                    "Parallel Aware": true,
                    "Startup Cost": 110564.56,
                    "Total Cost": 110564.56,
                    "Plan Rows": 211594,
                    "Plan Width": 8,
                    "Actual Startup Time": 611.715,
                    "Actual Total Time": 611.72,
                    "Actual Rows": 83896,
                    "Actual Loops": 2,
                    "Hash Buckets": 524288,
                    "Original Hash Buckets": 524288,
                    "Hash Batches": 1,
                    "Original Hash Batches": 1,
                    "Peak Memory Usage": 10688,
                    "Plans": [
                      {
                        "Node Type": "Hash Join",
                        "Parent Relationship": "Outer",
                        "Parallel Aware": true,
                        "Join Type": "Inner",
                        "Startup Cost": 67647.41,
                        "Total Cost": 110564.56,
                        "Plan Rows": 211594,
                        "Plan Width": 8,
                        "Actual Startup Time": 447.836,
                        "Actual Total Time": 584.865,
                        "Actual Rows": 83896,
                        "Actual Loops": 2,
                        "Inner Unique": true,
                        "Hash Cond": "(mc.movie_id = t.id)",
                        "Plans": [
                          {
                            "Node Type": "Seq Scan",
                            "Parent Relationship": "Outer",
                            "Parallel Aware": true,
                            "Relation Name": "movie_companies",
                            "Alias": "mc",
                            "Startup Cost": 0.0,
                            "Total Cost": 41811.73,
                            "Plan Rows": 421116,
                            "Plan Width": 4,
                            "Actual Startup Time": 52.372,
                            "Actual Total Time": 108.891,
                            "Actual Rows": 225683,
                            "Actual Loops": 2,
                            "Filter": "((company_id < 12306) AND (company_type_id > 1))",
                            "Rows Removed by Filter": 1078882
                          },
                          {
                            "Node Type": "Hash",
                            "Parent Relationship": "Inner",
                            "Parallel Aware": true,
                            "Startup Cost": 58306.47,
                            "Total Cost": 58306.47,
                            "Plan Rows": 747275,
                            "Plan Width": 4,
                            "Actual Startup Time": 383.788,
                            "Actual Total Time": 383.789,
                            "Actual Rows": 618398,
                            "Actual Loops": 2,
                            "Hash Buckets": 2097152,
                            "Original Hash Buckets": 2097152,
                            "Hash Batches": 1,
                            "Original Hash Batches": 1,
                            "Peak Memory Usage": 64800,
                            "Plans": [
                              {
                                "Node Type": "Seq Scan",
                                "Parent Relationship": "Outer",
                                "Parallel Aware": true,
                                "Relation Name": "title",
                                "Alias": "t",
                                "Startup Cost": 0.0,
                                "Total Cost": 58306.47,
                                "Plan Rows": 747275,
                                "Plan Width": 4,
                                "Actual Startup Time": 0.029,
                                "Actual Total Time": 174.341,
                                "Actual Rows": 618398,
                                "Actual Loops": 2,
                                "Filter": "((kind_id > 3) AND (production_year < 2010))",
                                "Rows Removed by Filter": 645758
                              }
                            ]
                          }
                        ]
                      }
                    ]
                  }
                ]
              }
            ]
          }
        ]
      }
    ]
  },
  "Planning Time": 0.96,
  "Triggers": [],
  "Execution Time": 1000.883
}