[
  {
    "Plan": {
      "Node Type": "Aggregate",
      "Strategy": "Plain",
      "Partial Mode": "Finalize",
      "Parallel Aware": false,
      "Startup Cost": 30682.73,
      "Total Cost": 30682.74,
      "Plan Rows": 1,
      "Plan Width": 8,
      "Actual Startup Time": 97.61,
      "Actual Total Time": 106.716,
      "Actual Rows": 1,
      "Actual Loops": 1,
      "Plans": [
        {
          "Node Type": "Gather",
          "Parent Relationship": "Outer",
          "Parallel Aware": false,
          "Startup Cost": 30682.41,
          "Total Cost": 30682.72,
          "Plan Rows": 3,
          "Plan Width": 8,
          "Actual Startup Time": 97.426,
          "Actual Total Time": 106.706,
          "Actual Rows": 4,
          "Actual Loops": 1,
          "Workers Planned": 3,
          "Workers Launched": 3,
          "Single Copy": false,
          "Plans": [
            {
              "Node Type": "Aggregate",
              "Strategy": "Plain",
              "Partial Mode": "Partial",
              "Parent Relationship": "Outer",
              "Parallel Aware": false,
              "Startup Cost": 29682.41,
              "Total Cost": 29682.42,
              "Plan Rows": 1,
              "Plan Width": 8,
              "Actual Startup Time": 88.46,
              "Actual Total Time": 88.463,
              "Actual Rows": 1,
              "Actual Loops": 4,
              "Plans": [
                {
                  "Node Type": "Seq Scan",
                  "Parent Relationship": "Outer",
                  "Parallel Aware": true,
                  "Relation Name": "movie_companies",
                  "Alias": "mc",
                  "Startup Cost": 0.0,
                  "Total Cost": 29310.68,
                  "Plan Rows": 148691,
                  "Plan Width": 0,
                  "Actual Startup Time": 0.08,
                  "Actual Total Time": 79.697,
                  "Actual Rows": 112855,
                  "Actual Loops": 4,
                  "Filter": "(company_id < 375)",
                  "Rows Removed by Filter": 539428
                }
              ]
            }
          ]
        }
      ]
    },
    "Planning Time": 0.274,
    "Triggers": [],
    "Execution Time": 106.789
  }
]