[
  {
    "Plan": {
      "Node Type": "Aggregate",
      "Strategy": "Plain",
      "Partial Mode": "Finalize",
      "Parallel Aware": false,
      "Startup Cost": 45697.27,
      "Total Cost": 45697.28,
      "Plan Rows": 1,
      "Plan Width": 8,
      "Actual Startup Time": 141.486,
      "Actual Total Time": 151.236,
      "Actual Rows": 1,
      "Actual Loops": 1,
      "Plans": [
        {
          "Node Type": "Gather",
          "Parent Relationship": "Outer",
          "Parallel Aware": false,
          "Startup Cost": 45696.96,
          "Total Cost": 45697.27,
          "Plan Rows": 3,
          "Plan Width": 8,
          "Actual Startup Time": 141.38,
          "Actual Total Time": 151.226,
          "Actual Rows": 4,
          "Actual Loops": 1,
          "Workers Planned": 3,
          "Workers Launched": 3,
          "Single Copy": false,
          "Plans": [
            {
              "Node Type": "Aggregate",
              "Strategy": "Plain",
              "Partial Mode": "Partial",
              "Parent Relationship": "Outer",
              "Parallel Aware": false,
              "Startup Cost": 44696.96,
              "Total Cost": 44696.97,
              "Plan Rows": 1,
              "Plan Width": 8,
              "Actual Startup Time": 134.59,
              "Actual Total Time": 134.591,
              "Actual Rows": 1,
              "Actual Loops": 4,
              "Plans": [
                {
                  "Node Type": "Seq Scan",
                  "Parent Relationship": "Outer",
                  "Parallel Aware": true,
                  "Relation Name": "movie_keyword",
                  "Alias": "mk",
                  "Startup Cost": 0.0,
                  "Total Cost": 42695.65,
                  "Plan Rows": 800521,
                  "Plan Width": 0,
                  "Actual Startup Time": 0.054,
                  "Actual Total Time": 107.884,
                  "Actual Rows": 624270,
                  "Actual Loops": 4,
                  "Filter": "(keyword_id < 6100)",
                  "Rows Removed by Filter": 506713
                }
              ]
            }
          ]
        }
      ]
    },
    "Planning Time": 0.188,
    "Triggers": [],
    "Execution Time": 151.291
  }
]