[
    {
        "Bao": {
            "Bao prediction": 640.117,
            "Bao recommended hint": "SET enable_mergejoin TO off; "
        }
    },
    {
        "Plan": {
            "Node Type": "Aggregate",
            "Strategy": "Plain",
            "Partial Mode": "Simple",
            "Parallel Aware": false,
            "Startup Cost": 22161.45,
            "Total Cost": 22161.46,
            "Plan Rows": 1,
            "Plan Width": 96,
            "Actual Startup Time": 1857.81,
            "Actual Total Time": 1947.791,
            "Actual Rows": 1,
            "Actual Loops": 1,
            "Output": [
                "min(cn.name)",
                "min(mi_idx.info)",
                "min(t.title)"
            ],
            "Plans": [
                {
                    "Node Type": "Gather",
                    "Parent Relationship": "Outer",
                    "Parallel Aware": false,
                    "Startup Cost": 1007.63,
                    "Total Cost": 22161.43,
                    "Plan Rows": 2,
                    "Plan Width": 41,
                    "Actual Startup Time": 25.717,
                    "Actual Total Time": 1945.874,
                    "Actual Rows": 9551,
                    "Actual Loops": 1,
                    "Output": [
                        "cn.name",
                        "mi_idx.info",
                        "t.title"
                    ],
                    "Workers Planned": 2,
                    "Workers Launched": 2,
                    "Single Copy": false,
                    "Plans": [
                        {
                            "Node Type": "Hash Join",
                            "Parent Relationship": "Outer",
                            "Parallel Aware": false,
                            "Join Type": "Inner",
                            "Startup Cost": 7.63,
                            "Total Cost": 21161.23,
                            "Plan Rows": 1,
                            "Plan Width": 41,
                            "Actual Startup Time": 14.387,
                            "Actual Total Time": 1844.251,
                            "Actual Rows": 3184,
                            "Actual Loops": 3,
                            "Output": [
                                "cn.name",
                                "mi_idx.info",
                                "t.title"
                            ],
                            "Inner Unique": true,
                            "Hash Cond": "(mi.info_type_id = it1.id)",
                            "Workers": [
                                {
                                    "Worker Number": 0,
                                    "Actual Startup Time": 15.642,
                                    "Actual Total Time": 1840.606,
                                    "Actual Rows": 2932,
                                    "Actual Loops": 1
                                },
                                {
                                    "Worker Number": 1,
                                    "Actual Startup Time": 3.601,
                                    "Actual Total Time": 1840.764,
                                    "Actual Rows": 2953,
                                    "Actual Loops": 1
                                }
                            ],
                            "Plans": [
                                {
                                    "Node Type": "Nested Loop",
                                    "Parent Relationship": "Outer",
                                    "Parallel Aware": false,
                                    "Join Type": "Inner",
                                    "Startup Cost": 5.2,
                                    "Total Cost": 21158.59,
                                    "Plan Rows": 78,
                                    "Plan Width": 45,
                                    "Actual Startup Time": 13.91,
                                    "Actual Total Time": 1842.43,
                                    "Actual Rows": 3243,
                                    "Actual Loops": 3,
                                    "Output": [
                                        "cn.name",
                                        "mi.info_type_id",
                                        "mi_idx.info",
                                        "t.title"
                                    ],
                                    "Inner Unique": false,
                                    "Join Filter": "(t.id = mi.movie_id)",
                                    "Rows Removed by Join Filter": 0,
                                    "Workers": [
                                        {
                                            "Worker Number": 0,
                                            "Actual Startup Time": 15.058,
                                            "Actual Total Time": 1838.628,
                                            "Actual Rows": 2984,
                                            "Actual Loops": 1
                                        },
                                        {
                                            "Worker Number": 1,
                                            "Actual Startup Time": 2.987,
                                            "Actual Total Time": 1838.75,
                                            "Actual Rows": 3006,
                                            "Actual Loops": 1
                                        }
                                    ],
                                    "Plans": [
                                        {
                                            "Node Type": "Nested Loop",
                                            "Parent Relationship": "Outer",
                                            "Parallel Aware": false,
                                            "Join Type": "Inner",
                                            "Startup Cost": 4.77,
                                            "Total Cost": 20127.28,
                                            "Plan Rows": 645,
                                            "Plan Width": 53,
                                            "Actual Startup Time": 1.65,
                                            "Actual Total Time": 1187.095,
                                            "Actual Rows": 35355,
                                            "Actual Loops": 3,
                                            "Output": [
                                                "cn.name",
                                                "mc.movie_id",
                                                "mi_idx.info",
                                                "mi_idx.movie_id",
                                                "t.title",
                                                "t.id"
                                            ],
                                            "Inner Unique": true,
                                            "Workers": [
                                                {
                                                    "Worker Number": 0,
                                                    "Actual Startup Time": 2.158,
                                                    "Actual Total Time": 1179.858,
                                                    "Actual Rows": 32823,
                                                    "Actual Loops": 1
                                                },
                                                {
                                                    "Worker Number": 1,
                                                    "Actual Startup Time": 2.237,
                                                    "Actual Total Time": 1172.677,
                                                    "Actual Rows": 32557,
                                                    "Actual Loops": 1
                                                }
                                            ],
                                            "Plans": [
                                                {
                                                    "Node Type": "Hash Join",
                                                    "Parent Relationship": "Outer",
                                                    "Parallel Aware": false,
                                                    "Join Type": "Inner",
                                                    "Startup Cost": 4.35,
                                                    "Total Cost": 19335.73,
                                                    "Plan Rows": 1775,
                                                    "Plan Width": 38,
                                                    "Actual Startup Time": 0.8,
                                                    "Actual Total Time": 908.36,
                                                    "Actual Rows": 84192,
                                                    "Actual Loops": 3,
                                                    "Output": [
                                                        "mc.movie_id",
                                                        "mc.company_id",
                                                        "mi_idx.info",
                                                        "mi_idx.movie_id",
                                                        "t.title",
                                                        "t.id"
                                                    ],
                                                    "Inner Unique": true,
                                                    "Hash Cond": "(mc.company_type_id = ct.id)",
                                                    "Workers": [
                                                        {
                                                            "Worker Number": 0,
                                                            "Actual Startup Time": 0.959,
                                                            "Actual Total Time": 907.106,
                                                            "Actual Rows": 77257,
                                                            "Actual Loops": 1
                                                        },
                                                        {
                                                            "Worker Number": 1,
                                                            "Actual Startup Time": 0.983,
                                                            "Actual Total Time": 899.326,
                                                            "Actual Rows": 76702,
                                                            "Actual Loops": 1
                                                        }
                                                    ],
                                                    "Plans": [
                                                        {
                                                            "Node Type": "Nested Loop",
                                                            "Parent Relationship": "Outer",
                                                            "Parallel Aware": false,
                                                            "Join Type": "Inner",
                                                            "Startup Cost": 3.29,
                                                            "Total Cost": 19296.28,
                                                            "Plan Rows": 7100,
                                                            "Plan Width": 42,
                                                            "Actual Startup Time": 0.664,
                                                            "Actual Total Time": 874.234,
                                                            "Actual Rows": 186435,
                                                            "Actual Loops": 3,
                                                            "Output": [
                                                                "mi_idx.info",
                                                                "mi_idx.movie_id",
                                                                "mc.movie_id",
                                                                "mc.company_type_id",
                                                                "mc.company_id",
                                                                "t.title",
                                                                "t.id"
                                                            ],
                                                            "Inner Unique": false,
                                                            "Workers": [
                                                                {
                                                                    "Worker Number": 0,
                                                                    "Actual Startup Time": 0.813,
                                                                    "Actual Total Time": 871.224,
                                                                    "Actual Rows": 169950,
                                                                    "Actual Loops": 1
                                                                },
                                                                {
                                                                    "Worker Number": 1,
                                                                    "Actual Startup Time": 0.871,
                                                                    "Actual Total Time": 863.342,
                                                                    "Actual Rows": 172207,
                                                                    "Actual Loops": 1
                                                                }
                                                            ],
                                                            "Plans": [
                                                                {
                                                                    "Node Type": "Nested Loop",
                                                                    "Parent Relationship": "Outer",
                                                                    "Parallel Aware": false,
                                                                    "Join Type": "Inner",
                                                                    "Startup Cost": 2.86,
                                                                    "Total Cost": 18359.99,
                                                                    "Plan Rows": 1383,
                                                                    "Plan Width": 30,
                                                                    "Actual Startup Time": 0.451,
                                                                    "Actual Total Time": 599.833,
                                                                    "Actual Rows": 65158,
                                                                    "Actual Loops": 3,
                                                                    "Output": [
                                                                        "mi_idx.info",
                                                                        "mi_idx.movie_id",
                                                                        "t.title",
                                                                        "t.id"
                                                                    ],
                                                                    "Inner Unique": true,
                                                                    "Workers": [
                                                                        {
                                                                            "Worker Number": 0,
                                                                            "Actual Startup Time": 0.53,
                                                                            "Actual Total Time": 598.07,
                                                                            "Actual Rows": 59675,
                                                                            "Actual Loops": 1
                                                                        },
                                                                        {
                                                                            "Worker Number": 1,
                                                                            "Actual Startup Time": 0.583,
                                                                            "Actual Total Time": 591.388,
                                                                            "Actual Rows": 58848,
                                                                            "Actual Loops": 1
                                                                        }
                                                                    ],
                                                                    "Plans": [
                                                                        {
                                                                            "Node Type": "Hash Join",
                                                                            "Parent Relationship": "Outer",
                                                                            "Parallel Aware": false,
                                                                            "Join Type": "Inner",
                                                                            "Startup Cost": 2.43,
                                                                            "Total Cost": 16165.89,
                                                                            "Plan Rows": 3382,
                                                                            "Plan Width": 9,
                                                                            "Actual Startup Time": 0.17,
                                                                            "Actual Total Time": 134.468,
                                                                            "Actual Rows": 150097,
                                                                            "Actual Loops": 3,
                                                                            "Output": [
                                                                                "mi_idx.info",
                                                                                "mi_idx.movie_id"
                                                                            ],
                                                                            "Inner Unique": true,
                                                                            "Hash Cond": "(mi_idx.info_type_id = it2.id)",
                                                                            "Workers": [
                                                                                {
                                                                                    "Worker Number": 0,
                                                                                    "Actual Startup Time": 0.185,
                                                                                    "Actual Total Time": 139.486,
                                                                                    "Actual Rows": 136751,
                                                                                    "Actual Loops": 1
                                                                                },
                                                                                {
                                                                                    "Worker Number": 1,
                                                                                    "Actual Startup Time": 0.188,
                                                                                    "Actual Total Time": 137.817,
                                                                                    "Actual Rows": 134523,
                                                                                    "Actual Loops": 1
                                                                                }
                                                                            ],
                                                                            "Plans": [
                                                                                {
                                                                                    "Node Type": "Seq Scan",
                                                                                    "Parent Relationship": "Outer",
                                                                                    "Parallel Aware": true,
                                                                                    "Relation Name": "movie_info_idx",
                                                                                    "Schema": "public",
                                                                                    "Alias": "mi_idx",
                                                                                    "Startup Cost": 0.0,
                                                                                    "Total Cost": 15122.68,
                                                                                    "Plan Rows": 382154,
                                                                                    "Plan Width": 13,
                                                                                    "Actual Startup Time": 0.054,
                                                                                    "Actual Total Time": 84.506,
                                                                                    "Actual Rows": 305485,
                                                                                    "Actual Loops": 3,
                                                                                    "Output": [
                                                                                        "mi_idx.id",
                                                                                        "mi_idx.movie_id",
                                                                                        "mi_idx.info_type_id",
                                                                                        "mi_idx.info",
                                                                                        "mi_idx.note"
                                                                                    ],
                                                                                    "Filter": "(mi_idx.info > '12'::text)",
                                                                                    "Rows Removed by Filter": 154527,
                                                                                    "Workers": [
                                                                                        {
                                                                                            "Worker Number": 0,
                                                                                            "Actual Startup Time": 0.069,
                                                                                            "Actual Total Time": 87.269,
                                                                                            "Actual Rows": 278434,
                                                                                            "Actual Loops": 1
                                                                                        },
                                                                                        {
                                                                                            "Worker Number": 1,
                                                                                            "Actual Startup Time": 0.072,
                                                                                            "Actual Total Time": 85.953,
                                                                                            "Actual Rows": 273840,
                                                                                            "Actual Loops": 1
                                                                                        }
                                                                                    ]
                                                                                },
                                                                                {
                                                                                    "Node Type": "Hash",
                                                                                    "Parent Relationship": "Inner",
                                                                                    "Parallel Aware": false,
                                                                                    "Startup Cost": 2.41,
                                                                                    "Total Cost": 2.41,
                                                                                    "Plan Rows": 1,
                                                                                    "Plan Width": 4,
                                                                                    "Actual Startup Time": 0.056,
                                                                                    "Actual Total Time": 0.057,
                                                                                    "Actual Rows": 1,
                                                                                    "Actual Loops": 3,
                                                                                    "Output": [
                                                                                        "it2.id"
                                                                                    ],
                                                                                    "Hash Buckets": 1024,
                                                                                    "Original Hash Buckets": 1024,
                                                                                    "Hash Batches": 1,
                                                                                    "Original Hash Batches": 1,
                                                                                    "Peak Memory Usage": 9,
                                                                                    "Workers": [
                                                                                        {
                                                                                            "Worker Number": 0,
                                                                                            "Actual Startup Time": 0.059,
                                                                                            "Actual Total Time": 0.06,
                                                                                            "Actual Rows": 1,
                                                                                            "Actual Loops": 1
                                                                                        },
                                                                                        {
                                                                                            "Worker Number": 1,
                                                                                            "Actual Startup Time": 0.057,
                                                                                            "Actual Total Time": 0.058,
                                                                                            "Actual Rows": 1,
                                                                                            "Actual Loops": 1
                                                                                        }
                                                                                    ],
                                                                                    "Plans": [
                                                                                        {
                                                                                            "Node Type": "Seq Scan",
                                                                                            "Parent Relationship": "Outer",
                                                                                            "Parallel Aware": false,
                                                                                            "Relation Name": "info_type",
                                                                                            "Schema": "public",
                                                                                            "Alias": "it2",
                                                                                            "Startup Cost": 0.0,
                                                                                            "Total Cost": 2.41,
                                                                                            "Plan Rows": 1,
                                                                                            "Plan Width": 4,
                                                                                            "Actual Startup Time": 0.033,
                                                                                            "Actual Total Time": 0.038,
                                                                                            "Actual Rows": 1,
                                                                                            "Actual Loops": 3,
                                                                                            "Output": [
                                                                                                "it2.id"
                                                                                            ],
                                                                                            "Filter": "((it2.info)::text = 'rating'::text)",
                                                                                            "Rows Removed by Filter": 112,
                                                                                            "Workers": [
                                                                                                {
                                                                                                    "Worker Number": 0,
                                                                                                    "Actual Startup Time": 0.033,
                                                                                                    "Actual Total Time": 0.038,
                                                                                                    "Actual Rows": 1,
                                                                                                    "Actual Loops": 1
                                                                                                },
                                                                                                {
                                                                                                    "Worker Number": 1,
                                                                                                    "Actual Startup Time": 0.032,
                                                                                                    "Actual Total Time": 0.037,
                                                                                                    "Actual Rows": 1,
                                                                                                    "Actual Loops": 1
                                                                                                }
                                                                                            ]
                                                                                        }
                                                                                    ]
                                                                                }
                                                                            ]
                                                                        },
                                                                        {
                                                                            "Node Type": "Index Scan",
                                                                            "Parent Relationship": "Inner",
                                                                            "Parallel Aware": false,
                                                                            "Scan Direction": "Forward",
                                                                            "Index Name": "title_pkey",
                                                                            "Relation Name": "title",
                                                                            "Schema": "public",
                                                                            "Alias": "t",
                                                                            "Startup Cost": 0.43,
                                                                            "Total Cost": 0.65,
                                                                            "Plan Rows": 1,
                                                                            "Plan Width": 21,
                                                                            "Actual Startup Time": 0.003,
                                                                            "Actual Total Time": 0.003,
                                                                            "Actual Rows": 0,
                                                                            "Actual Loops": 450291,
                                                                            "Output": [
                                                                                "t.id",
                                                                                "t.title",
                                                                                "t.imdb_index",
                                                                                "t.kind_id",
                                                                                "t.production_year",
                                                                                "t.imdb_id",
                                                                                "t.phonetic_code",
                                                                                "t.episode_of_id",
                                                                                "t.season_nr",
                                                                                "t.episode_nr",
                                                                                "t.series_years",
                                                                                "t.md5sum"
                                                                            ],
                                                                            "Index Cond": "(t.id = mi_idx.movie_id)",
                                                                            "Rows Removed by Index Recheck": 0,
                                                                            "Filter": "((t.production_year >= 1994) AND (t.production_year <= 2008))",
                                                                            "Rows Removed by Filter": 1,
                                                                            "Workers": [
                                                                                {
                                                                                    "Worker Number": 0,
                                                                                    "Actual Startup Time": 0.003,
                                                                                    "Actual Total Time": 0.003,
                                                                                    "Actual Rows": 0,
                                                                                    "Actual Loops": 136751
                                                                                },
                                                                                {
                                                                                    "Worker Number": 1,
                                                                                    "Actual Startup Time": 0.003,
                                                                                    "Actual Total Time": 0.003,
                                                                                    "Actual Rows": 0,
                                                                                    "Actual Loops": 134523
                                                                                }
                                                                            ]
                                                                        }
                                                                    ]
                                                                },
                                                                {
                                                                    "Node Type": "Index Scan",
                                                                    "Parent Relationship": "Inner",
                                                                    "Parallel Aware": false,
                                                                    "Scan Direction": "Forward",
                                                                    "Index Name": "movie_id_movie_companies",
                                                                    "Relation Name": "movie_companies",
                                                                    "Schema": "public",
                                                                    "Alias": "mc",
                                                                    "Startup Cost": 0.43,
                                                                    "Total Cost": 0.63,
                                                                    "Plan Rows": 5,
                                                                    "Plan Width": 12,
                                                                    "Actual Startup Time": 0.003,
                                                                    "Actual Total Time": 0.004,
                                                                    "Actual Rows": 3,
                                                                    "Actual Loops": 195473,
                                                                    "Output": [
                                                                        "mc.id",
                                                                        "mc.movie_id",
                                                                        "mc.company_id",
                                                                        "mc.company_type_id",
                                                                        "mc.note"
                                                                    ],
                                                                    "Index Cond": "(mc.movie_id = t.id)",
                                                                    "Rows Removed by Index Recheck": 0,
                                                                    "Workers": [
                                                                        {
                                                                            "Worker Number": 0,
                                                                            "Actual Startup Time": 0.003,
                                                                            "Actual Total Time": 0.004,
                                                                            "Actual Rows": 3,
                                                                            "Actual Loops": 59675
                                                                        },
                                                                        {
                                                                            "Worker Number": 1,
                                                                            "Actual Startup Time": 0.003,
                                                                            "Actual Total Time": 0.004,
                                                                            "Actual Rows": 3,
                                                                            "Actual Loops": 58848
                                                                        }
                                                                    ]
                                                                }
                                                            ]
                                                        },
                                                        {
                                                            "Node Type": "Hash",
                                                            "Parent Relationship": "Inner",
                                                            "Parallel Aware": false,
                                                            "Startup Cost": 1.05,
                                                            "Total Cost": 1.05,
                                                            "Plan Rows": 1,
                                                            "Plan Width": 4,
                                                            "Actual Startup Time": 0.05,
                                                            "Actual Total Time": 0.05,
                                                            "Actual Rows": 1,
                                                            "Actual Loops": 3,
                                                            "Output": [
                                                                "ct.id"
                                                            ],
                                                            "Hash Buckets": 1024,
                                                            "Original Hash Buckets": 1024,
                                                            "Hash Batches": 1,
                                                            "Original Hash Batches": 1,
                                                            "Peak Memory Usage": 9,
                                                            "Workers": [
                                                                {
                                                                    "Worker Number": 0,
                                                                    "Actual Startup Time": 0.06,
                                                                    "Actual Total Time": 0.06,
                                                                    "Actual Rows": 1,
                                                                    "Actual Loops": 1
                                                                },
                                                                {
                                                                    "Worker Number": 1,
                                                                    "Actual Startup Time": 0.06,
                                                                    "Actual Total Time": 0.061,
                                                                    "Actual Rows": 1,
                                                                    "Actual Loops": 1
                                                                }
                                                            ],
                                                            "Plans": [
                                                                {
                                                                    "Node Type": "Seq Scan",
                                                                    "Parent Relationship": "Outer",
                                                                    "Parallel Aware": false,
                                                                    "Relation Name": "company_type",
                                                                    "Schema": "public",
                                                                    "Alias": "ct",
                                                                    "Startup Cost": 0.0,
                                                                    "Total Cost": 1.05,
                                                                    "Plan Rows": 1,
                                                                    "Plan Width": 4,
                                                                    "Actual Startup Time": 0.031,
                                                                    "Actual Total Time": 0.034,
                                                                    "Actual Rows": 1,
                                                                    "Actual Loops": 3,
                                                                    "Output": [
                                                                        "ct.id"
                                                                    ],
                                                                    "Filter": "((ct.kind)::text = 'production companies'::text)",
                                                                    "Rows Removed by Filter": 3,
                                                                    "Workers": [
                                                                        {
                                                                            "Worker Number": 0,
                                                                            "Actual Startup Time": 0.039,
                                                                            "Actual Total Time": 0.042,
                                                                            "Actual Rows": 1,
                                                                            "Actual Loops": 1
                                                                        },
                                                                        {
                                                                            "Worker Number": 1,
                                                                            "Actual Startup Time": 0.04,
                                                                            "Actual Total Time": 0.043,
                                                                            "Actual Rows": 1,
                                                                            "Actual Loops": 1
                                                                        }
                                                                    ]
                                                                }
                                                            ]
                                                        }
                                                    ]
                                                },
                                                {
                                                    "Node Type": "Index Scan",
                                                    "Parent Relationship": "Inner",
                                                    "Parallel Aware": false,
                                                    "Scan Direction": "Forward",
                                                    "Index Name": "company_name_pkey",
                                                    "Relation Name": "company_name",
                                                    "Schema": "public",
                                                    "Alias": "cn",
                                                    "Startup Cost": 0.42,
                                                    "Total Cost": 0.45,
                                                    "Plan Rows": 1,
                                                    "Plan Width": 23,
                                                    "Actual Startup Time": 0.003,
                                                    "Actual Total Time": 0.003,
                                                    "Actual Rows": 0,
                                                    "Actual Loops": 252575,
                                                    "Output": [
                                                        "cn.id",
                                                        "cn.name",
                                                        "cn.country_code",
                                                        "cn.imdb_id",
                                                        "cn.name_pcode_nf",
                                                        "cn.name_pcode_sf",
                                                        "cn.md5sum"
                                                    ],
                                                    "Index Cond": "(cn.id = mc.company_id)",
                                                    "Rows Removed by Index Recheck": 0,
                                                    "Filter": "((cn.country_code)::text = '[us]'::text)",
                                                    "Rows Removed by Filter": 1,
                                                    "Workers": [
                                                        {
                                                            "Worker Number": 0,
                                                            "Actual Startup Time": 0.003,
                                                            "Actual Total Time": 0.003,
                                                            "Actual Rows": 0,
                                                            "Actual Loops": 77257
                                                        },
                                                        {
                                                            "Worker Number": 1,
                                                            "Actual Startup Time": 0.003,
                                                            "Actual Total Time": 0.003,
                                                            "Actual Rows": 0,
                                                            "Actual Loops": 76702
                                                        }
                                                    ]
                                                }
                                            ]
                                        },
                                        {
                                            "Node Type": "Index Scan",
                                            "Parent Relationship": "Inner",
                                            "Parallel Aware": false,
                                            "Scan Direction": "Forward",
                                            "Index Name": "movie_id_movie_info",
                                            "Relation Name": "movie_info",
                                            "Schema": "public",
                                            "Alias": "mi",
                                            "Startup Cost": 0.43,
                                            "Total Cost": 1.59,
                                            "Plan Rows": 1,
                                            "Plan Width": 8,
                                            "Actual Startup Time": 0.018,
                                            "Actual Total Time": 0.018,
                                            "Actual Rows": 0,
                                            "Actual Loops": 106065,
                                            "Output": [
                                                "mi.id",
                                                "mi.movie_id",
                                                "mi.info_type_id",
                                                "mi.info",
                                                "mi.note"
                                            ],
                                            "Index Cond": "(mi.movie_id = mc.movie_id)",
                                            "Rows Removed by Index Recheck": 0,
                                            "Filter": "(mi.info = ANY ('{War,Thriller}'::text[]))",
                                            "Rows Removed by Filter": 32,
                                            "Workers": [
                                                {
                                                    "Worker Number": 0,
                                                    "Actual Startup Time": 0.02,
                                                    "Actual Total Time": 0.02,
                                                    "Actual Rows": 0,
                                                    "Actual Loops": 32823
                                                },
                                                {
                                                    "Worker Number": 1,
                                                    "Actual Startup Time": 0.02,
                                                    "Actual Total Time": 0.02,
                                                    "Actual Rows": 0,
                                                    "Actual Loops": 32557
                                                }
                                            ]
                                        }
                                    ]
                                },
                                {
                                    "Node Type": "Hash",
                                    "Parent Relationship": "Inner",
                                    "Parallel Aware": false,
                                    "Startup Cost": 2.41,
                                    "Total Cost": 2.41,
                                    "Plan Rows": 1,
                                    "Plan Width": 4,
                                    "Actual Startup Time": 0.111,
                                    "Actual Total Time": 0.112,
                                    "Actual Rows": 1,
                                    "Actual Loops": 3,
                                    "Output": [
                                        "it1.id"
                                    ],
                                    "Hash Buckets": 1024,
                                    "Original Hash Buckets": 1024,
                                    "Hash Batches": 1,
                                    "Original Hash Batches": 1,
                                    "Peak Memory Usage": 9,
                                    "Workers": [
                                        {
                                            "Worker Number": 0,
                                            "Actual Startup Time": 0.123,
                                            "Actual Total Time": 0.124,
                                            "Actual Rows": 1,
                                            "Actual Loops": 1
                                        },
                                        {
                                            "Worker Number": 1,
                                            "Actual Startup Time": 0.128,
                                            "Actual Total Time": 0.128,
                                            "Actual Rows": 1,
                                            "Actual Loops": 1
                                        }
                                    ],
                                    "Plans": [
                                        {
                                            "Node Type": "Seq Scan",
                                            "Parent Relationship": "Outer",
                                            "Parallel Aware": false,
                                            "Relation Name": "info_type",
                                            "Schema": "public",
                                            "Alias": "it1",
                                            "Startup Cost": 0.0,
                                            "Total Cost": 2.41,
                                            "Plan Rows": 1,
                                            "Plan Width": 4,
                                            "Actual Startup Time": 0.059,
                                            "Actual Total Time": 0.082,
                                            "Actual Rows": 1,
                                            "Actual Loops": 3,
                                            "Output": [
                                                "it1.id"
                                            ],
                                            "Filter": "((it1.info)::text = 'genres'::text)",
                                            "Rows Removed by Filter": 112,
                                            "Workers": [
                                                {
                                                    "Worker Number": 0,
                                                    "Actual Startup Time": 0.065,
                                                    "Actual Total Time": 0.088,
                                                    "Actual Rows": 1,
                                                    "Actual Loops": 1
                                                },
                                                {
                                                    "Worker Number": 1,
                                                    "Actual Startup Time": 0.068,
                                                    "Actual Total Time": 0.092,
                                                    "Actual Rows": 1,
                                                    "Actual Loops": 1
                                                }
                                            ]
                                        }
                                    ]
                                }
                            ]
                        }
                    ]
                }
            ]
        },
        "Planning Time": 1280.098,
        "Triggers": [],
        "Execution Time": 1948.805
    }
]