[
  {
    "Plan": {
      "Node Type": "Aggregate",
      "Strategy": "Plain",
      "Partial Mode": "Finalize",
      "Parallel Aware": false,
      "Startup Cost": 337991.93,
      "Total Cost": 337991.94,
      "Plan Rows": 1,
      "Plan Width": 8,
      "Actual Startup Time": 473.362,
      "Actual Total Time": 495.522,
      "Actual Rows": 1,
      "Actual Loops": 1,
      "Plans": [
        {
          "Node Type": "Gather",
          "Parent Relationship": "Outer",
          "Parallel Aware": false,
          "Startup Cost": 337991.3,
          "Total Cost": 337991.91,
          "Plan Rows": 6,
          "Plan Width": 8,
          "Actual Startup Time": 473.256,
          "Actual Total Time": 495.512,
          "Actual Rows": 7,
          "Actual Loops": 1,
          "Workers Planned": 6,
          "Workers Launched": 6,
          "Single Copy": false,
          "Plans": [
            {
              "Node Type": "Aggregate",
              "Strategy": "Plain",
              "Partial Mode": "Partial",
              "Parent Relationship": "Outer",
              "Parallel Aware": false,
              "Startup Cost": 336991.3,
              "Total Cost": 336991.31,
              "Plan Rows": 1,
              "Plan Width": 8,
              "Actual Startup Time": 462.503,
              "Actual Total Time": 462.504,
              "Actual Rows": 1,
              "Actual Loops": 7,
              "Plans": [
                {
                  "Node Type": "Index Scan",
                  "Parent Relationship": "Outer",
                  "Parallel Aware": true,
                  "Scan Direction": "Forward",
                  "Index Name": "role_id_cast_info",
                  "Relation Name": "cast_info",
                  "Alias": "ci",
                  "Startup Cost": 0.56,
                  "Total Cost": 335235.55,
                  "Plan Rows": 702302,
                  "Plan Width": 0,
                  "Actual Startup Time": 0.236,
                  "Actual Total Time": 401.976,
                  "Actual Rows": 1260476,
                  "Actual Loops": 7,
                  "Index Cond": "(role_id = 1)",
                  "Rows Removed by Index Recheck": 0,
                  "Filter": "(person_id < 1203283)",
                  "Rows Removed by Filter": 549622
                }
              ]
            }
          ]
        }
      ]
    },
    "Planning Time": 0.21,
    "Triggers": [],
    "Execution Time": 495.611
  }
]