[
    {
        "Bao": {
            "Bao prediction": 667.374,
            "Bao recommended hint": "(no hint)"
        }
    },
    {
        "Plan": {
            "Node Type": "Aggregate",
            "Strategy": "Plain",
            "Partial Mode": "Simple",
            "Parallel Aware": false,
            "Startup Cost": 38143.1,
            "Total Cost": 38143.11,
            "Plan Rows": 1,
            "Plan Width": 64,
            "Actual Startup Time": 1024.756,
            "Actual Total Time": 1126.58,
            "Actual Rows": 1,
            "Actual Loops": 1,
            "Output": [
                "min(an1.name)",
                "min(t.title)"
            ],
            "Plans": [
                {
                    "Node Type": "Nested Loop",
                    "Parent Relationship": "Outer",
                    "Parallel Aware": false,
                    "Join Type": "Inner",
                    "Startup Cost": 5776.04,
                    "Total Cost": 38143.1,
                    "Plan Rows": 1,
                    "Plan Width": 33,
                    "Actual Startup Time": 148.018,
                    "Actual Total Time": 1126.449,
                    "Actual Rows": 337,
                    "Actual Loops": 1,
                    "Output": [
                        "an1.name",
                        "t.title"
                    ],
                    "Inner Unique": false,
                    "Join Filter": "(n1.id = an1.person_id)",
                    "Rows Removed by Join Filter": 0,
                    "Plans": [
                        {
                            "Node Type": "Gather",
                            "Parent Relationship": "Outer",
                            "Parallel Aware": false,
                            "Startup Cost": 5775.62,
                            "Total Cost": 38142.57,
                            "Plan Rows": 1,
                            "Plan Width": 25,
                            "Actual Startup Time": 59.969,
                            "Actual Total Time": 1120.624,
                            "Actual Rows": 1885,
                            "Actual Loops": 1,
                            "Output": [
                                "ci.person_id",
                                "n1.id",
                                "t.title"
                            ],
                            "Workers Planned": 3,
                            "Workers Launched": 3,
                            "Single Copy": false,
                            "Plans": [
                                {
                                    "Node Type": "Nested Loop",
                                    "Parent Relationship": "Outer",
                                    "Parallel Aware": false,
                                    "Join Type": "Inner",
                                    "Startup Cost": 4775.62,
                                    "Total Cost": 37142.47,
                                    "Plan Rows": 1,
                                    "Plan Width": 25,
                                    "Actual Startup Time": 64.195,
                                    "Actual Total Time": 1011.617,
                                    "Actual Rows": 471,
                                    "Actual Loops": 4,
                                    "Output": [
                                        "ci.person_id",
                                        "n1.id",
                                        "t.title"
                                    ],
                                    "Inner Unique": true,
                                    "Workers": [
                                        {
                                            "Worker Number": 0,
                                            "Actual Startup Time": 66.283,
                                            "Actual Total Time": 1009.509,
                                            "Actual Rows": 312,
                                            "Actual Loops": 1
                                        },
                                        {
                                            "Worker Number": 1,
                                            "Actual Startup Time": 66.164,
                                            "Actual Total Time": 1010.303,
                                            "Actual Rows": 506,
                                            "Actual Loops": 1
                                        },
                                        {
                                            "Worker Number": 2,
                                            "Actual Startup Time": 66.042,
                                            "Actual Total Time": 1010.408,
                                            "Actual Rows": 405,
                                            "Actual Loops": 1
                                        }
                                    ],
                                    "Plans": [
                                        {
                                            "Node Type": "Hash Join",
                                            "Parent Relationship": "Outer",
                                            "Parallel Aware": false,
                                            "Join Type": "Inner",
                                            "Startup Cost": 4775.19,
                                            "Total Cost": 37134.49,
                                            "Plan Rows": 12,
                                            "Plan Width": 21,
                                            "Actual Startup Time": 25.169,
                                            "Actual Total Time": 923.382,
                                            "Actual Rows": 13041,
                                            "Actual Loops": 4,
                                            "Output": [
                                                "ci.person_id",
                                                "t.title"
                                            ],
                                            "Inner Unique": true,
                                            "Hash Cond": "(ci.role_id = rt.id)",
                                            "Workers": [
                                                {
                                                    "Worker Number": 0,
                                                    "Actual Startup Time": 21.634,
                                                    "Actual Total Time": 923.346,
                                                    "Actual Rows": 11969,
                                                    "Actual Loops": 1
                                                },
                                                {
                                                    "Worker Number": 1,
                                                    "Actual Startup Time": 22.464,
                                                    "Actual Total Time": 921.626,
                                                    "Actual Rows": 13386,
                                                    "Actual Loops": 1
                                                },
                                                {
                                                    "Worker Number": 2,
                                                    "Actual Startup Time": 22.137,
                                                    "Actual Total Time": 922.169,
                                                    "Actual Rows": 12724,
                                                    "Actual Loops": 1
                                                }
                                            ],
                                            "Plans": [
                                                {
                                                    "Node Type": "Nested Loop",
                                                    "Parent Relationship": "Outer",
                                                    "Parallel Aware": false,
                                                    "Join Type": "Inner",
                                                    "Startup Cost": 4774.03,
                                                    "Total Cost": 37132.81,
                                                    "Plan Rows": 147,
                                                    "Plan Width": 25,
                                                    "Actual Startup Time": 24.651,
                                                    "Actual Total Time": 916.912,
                                                    "Actual Rows": 13041,
                                                    "Actual Loops": 4,
                                                    "Output": [
                                                        "ci.person_id",
                                                        "ci.role_id",
                                                        "t.title"
                                                    ],
                                                    "Inner Unique": false,
                                                    "Workers": [
                                                        {
                                                            "Worker Number": 0,
                                                            "Actual Startup Time": 21.023,
                                                            "Actual Total Time": 917.143,
                                                            "Actual Rows": 11969,
                                                            "Actual Loops": 1
                                                        },
                                                        {
                                                            "Worker Number": 1,
                                                            "Actual Startup Time": 21.856,
                                                            "Actual Total Time": 914.977,
                                                            "Actual Rows": 13386,
                                                            "Actual Loops": 1
                                                        },
                                                        {
                                                            "Worker Number": 2,
                                                            "Actual Startup Time": 21.498,
                                                            "Actual Total Time": 915.688,
                                                            "Actual Rows": 12724,
                                                            "Actual Loops": 1
                                                        }
                                                    ],
                                                    "Plans": [
                                                        {
                                                            "Node Type": "Nested Loop",
                                                            "Parent Relationship": "Outer",
                                                            "Parallel Aware": false,
                                                            "Join Type": "Inner",
                                                            "Startup Cost": 4773.46,
                                                            "Total Cost": 36916.54,
                                                            "Plan Rows": 115,
                                                            "Plan Width": 25,
                                                            "Actual Startup Time": 24.171,
                                                            "Actual Total Time": 227.277,
                                                            "Actual Rows": 12082,
                                                            "Actual Loops": 4,
                                                            "Output": [
                                                                "mc.movie_id",
                                                                "t.title",
                                                                "t.id"
                                                            ],
                                                            "Inner Unique": true,
                                                            "Workers": [
                                                                {
                                                                    "Worker Number": 0,
                                                                    "Actual Startup Time": 20.343,
                                                                    "Actual Total Time": 223.77,
                                                                    "Actual Rows": 11961,
                                                                    "Actual Loops": 1
                                                                },
                                                                {
                                                                    "Worker Number": 1,
                                                                    "Actual Startup Time": 21.328,
                                                                    "Actual Total Time": 225.44,
                                                                    "Actual Rows": 12312,
                                                                    "Actual Loops": 1
                                                                },
                                                                {
                                                                    "Worker Number": 2,
                                                                    "Actual Startup Time": 21.347,
                                                                    "Actual Total Time": 222.156,
                                                                    "Actual Rows": 11678,
                                                                    "Actual Loops": 1
                                                                }
                                                            ],
                                                            "Plans": [
                                                                {
                                                                    "Node Type": "Hash Join",
                                                                    "Parent Relationship": "Outer",
                                                                    "Parallel Aware": true,
                                                                    "Join Type": "Inner",
                                                                    "Startup Cost": 4773.03,
                                                                    "Total Cost": 36198.23,
                                                                    "Plan Rows": 115,
                                                                    "Plan Width": 4,
                                                                    "Actual Startup Time": 24.042,
                                                                    "Actual Total Time": 148.416,
                                                                    "Actual Rows": 12082,
                                                                    "Actual Loops": 4,
                                                                    "Output": [
                                                                        "mc.movie_id"
                                                                    ],
                                                                    "Inner Unique": true,
                                                                    "Hash Cond": "(mc.company_id = cn.id)",
                                                                    "Workers": [
                                                                        {
                                                                            "Worker Number": 0,
                                                                            "Actual Startup Time": 20.199,
                                                                            "Actual Total Time": 144.999,
                                                                            "Actual Rows": 11961,
                                                                            "Actual Loops": 1
                                                                        },
                                                                        {
                                                                            "Worker Number": 1,
                                                                            "Actual Startup Time": 21.169,
                                                                            "Actual Total Time": 146.851,
                                                                            "Actual Rows": 12312,
                                                                            "Actual Loops": 1
                                                                        },
                                                                        {
                                                                            "Worker Number": 2,
                                                                            "Actual Startup Time": 21.204,
                                                                            "Actual Total Time": 144.222,
                                                                            "Actual Rows": 11678,
                                                                            "Actual Loops": 1
                                                                        }
                                                                    ],
                                                                    "Plans": [
                                                                        {
                                                                            "Node Type": "Seq Scan",
                                                                            "Parent Relationship": "Outer",
                                                                            "Parallel Aware": true,
                                                                            "Relation Name": "movie_companies",
                                                                            "Schema": "public",
                                                                            "Alias": "mc",
                                                                            "Startup Cost": 0.0,
                                                                            "Total Cost": 31414.82,
                                                                            "Plan Rows": 3953,
                                                                            "Plan Width": 8,
                                                                            "Actual Startup Time": 0.077,
                                                                            "Actual Total Time": 116.995,
                                                                            "Actual Rows": 12224,
                                                                            "Actual Loops": 4,
                                                                            "Output": [
                                                                                "mc.id",
                                                                                "mc.movie_id",
                                                                                "mc.company_id",
                                                                                "mc.company_type_id",
                                                                                "mc.note"
                                                                            ],
                                                                            "Filter": "((mc.note ~~ '%(Japan)%'::text) AND (mc.note !~~ '%(USA)%'::text))",
                                                                            "Rows Removed by Filter": 640058,
                                                                            "Workers": [
                                                                                {
                                                                                    "Worker Number": 0,
                                                                                    "Actual Startup Time": 0.08,
                                                                                    "Actual Total Time": 117.554,
                                                                                    "Actual Rows": 12103,
                                                                                    "Actual Loops": 1
                                                                                },
                                                                                {
                                                                                    "Worker Number": 1,
                                                                                    "Actual Startup Time": 0.11,
                                                                                    "Actual Total Time": 118.256,
                                                                                    "Actual Rows": 12447,
                                                                                    "Actual Loops": 1
                                                                                },
                                                                                {
                                                                                    "Worker Number": 2,
                                                                                    "Actual Startup Time": 0.09,
                                                                                    "Actual Total Time": 115.721,
                                                                                    "Actual Rows": 11850,
                                                                                    "Actual Loops": 1
                                                                                }
                                                                            ]
                                                                        },
                                                                        {
                                                                            "Node Type": "Hash",
                                                                            "Parent Relationship": "Inner",
                                                                            "Parallel Aware": true,
                                                                            "Startup Cost": 4722.92,
                                                                            "Total Cost": 4722.92,
                                                                            "Plan Rows": 4009,
                                                                            "Plan Width": 4,
                                                                            "Actual Startup Time": 22.992,
                                                                            "Actual Total Time": 22.993,
                                                                            "Actual Rows": 1688,
                                                                            "Actual Loops": 4,
                                                                            "Output": [
                                                                                "cn.id"
                                                                            ],
                                                                            "Hash Buckets": 8192,
                                                                            "Original Hash Buckets": 8192,
                                                                            "Hash Batches": 1,
                                                                            "Original Hash Batches": 1,
                                                                            "Peak Memory Usage": 352,
                                                                            "Workers": [
                                                                                {
                                                                                    "Worker Number": 0,
                                                                                    "Actual Startup Time": 20.061,
                                                                                    "Actual Total Time": 20.062,
                                                                                    "Actual Rows": 1483,
                                                                                    "Actual Loops": 1
                                                                                },
                                                                                {
                                                                                    "Worker Number": 1,
                                                                                    "Actual Startup Time": 20.979,
                                                                                    "Actual Total Time": 20.98,
                                                                                    "Actual Rows": 1439,
                                                                                    "Actual Loops": 1
                                                                                },
                                                                                {
                                                                                    "Worker Number": 2,
                                                                                    "Actual Startup Time": 21.05,
                                                                                    "Actual Total Time": 21.051,
                                                                                    "Actual Rows": 1415,
                                                                                    "Actual Loops": 1
                                                                                }
                                                                            ],
                                                                            "Plans": [
                                                                                {
                                                                                    "Node Type": "Seq Scan",
                                                                                    "Parent Relationship": "Outer",
                                                                                    "Parallel Aware": true,
                                                                                    "Relation Name": "company_name",
                                                                                    "Schema": "public",
                                                                                    "Alias": "cn",
                                                                                    "Startup Cost": 0.0,
                                                                                    "Total Cost": 4722.92,
                                                                                    "Plan Rows": 4009,
                                                                                    "Plan Width": 4,
                                                                                    "Actual Startup Time": 0.059,
                                                                                    "Actual Total Time": 21.531,
                                                                                    "Actual Rows": 1688,
                                                                                    "Actual Loops": 4,
                                                                                    "Output": [
                                                                                        "cn.id"
                                                                                    ],
                                                                                    "Filter": "((cn.country_code)::text = '[jp]'::text)",
                                                                                    "Rows Removed by Filter": 57061,
                                                                                    "Workers": [
                                                                                        {
                                                                                            "Worker Number": 0,
                                                                                            "Actual Startup Time": 0.07,
                                                                                            "Actual Total Time": 18.826,
                                                                                            "Actual Rows": 1483,
                                                                                            "Actual Loops": 1
                                                                                        },
                                                                                        {
                                                                                            "Worker Number": 1,
                                                                                            "Actual Startup Time": 0.063,
                                                                                            "Actual Total Time": 19.642,
                                                                                            "Actual Rows": 1439,
                                                                                            "Actual Loops": 1
                                                                                        },
                                                                                        {
                                                                                            "Worker Number": 2,
                                                                                            "Actual Startup Time": 0.063,
                                                                                            "Actual Total Time": 19.668,
                                                                                            "Actual Rows": 1415,
                                                                                            "Actual Loops": 1
                                                                                        }
                                                                                    ]
                                                                                }
                                                                            ]
                                                                        }
                                                                    ]
                                                                },
                                                                {
                                                                    "Node Type": "Index Scan",
                                                                    "Parent Relationship": "Inner",
                                                                    "Parallel Aware": false,
                                                                    "Scan Direction": "Forward",
                                                                    "Index Name": "title_pkey",
                                                                    "Relation Name": "title",
                                                                    "Schema": "public",
                                                                    "Alias": "t",
                                                                    "Startup Cost": 0.43,
                                                                    "Total Cost": 6.25,
                                                                    "Plan Rows": 1,
                                                                    "Plan Width": 21,
                                                                    "Actual Startup Time": 0.006,
                                                                    "Actual Total Time": 0.006,
                                                                    "Actual Rows": 1,
                                                                    "Actual Loops": 48328,
                                                                    "Output": [
                                                                        "t.id",
                                                                        "t.title",
                                                                        "t.imdb_index",
                                                                        "t.kind_id",
                                                                        "t.production_year",
                                                                        "t.imdb_id",
                                                                        "t.phonetic_code",
                                                                        "t.episode_of_id",
                                                                        "t.season_nr",
                                                                        "t.episode_nr",
                                                                        "t.series_years",
                                                                        "t.md5sum"
                                                                    ],
                                                                    "Index Cond": "(t.id = mc.movie_id)",
                                                                    "Rows Removed by Index Recheck": 0,
                                                                    "Workers": [
                                                                        {
                                                                            "Worker Number": 0,
                                                                            "Actual Startup Time": 0.006,
                                                                            "Actual Total Time": 0.006,
                                                                            "Actual Rows": 1,
                                                                            "Actual Loops": 11961
                                                                        },
                                                                        {
                                                                            "Worker Number": 1,
                                                                            "Actual Startup Time": 0.006,
                                                                            "Actual Total Time": 0.006,
                                                                            "Actual Rows": 1,
                                                                            "Actual Loops": 12312
                                                                        },
                                                                        {
                                                                            "Worker Number": 2,
                                                                            "Actual Startup Time": 0.006,
                                                                            "Actual Total Time": 0.006,
                                                                            "Actual Rows": 1,
                                                                            "Actual Loops": 11678
                                                                        }
                                                                    ]
                                                                }
                                                            ]
                                                        },
                                                        {
                                                            "Node Type": "Index Scan",
                                                            "Parent Relationship": "Inner",
                                                            "Parallel Aware": false,
                                                            "Scan Direction": "Forward",
                                                            "Index Name": "movie_id_cast_info",
                                                            "Relation Name": "cast_info",
                                                            "Schema": "public",
                                                            "Alias": "ci",
                                                            "Startup Cost": 0.56,
                                                            "Total Cost": 1.87,
                                                            "Plan Rows": 1,
                                                            "Plan Width": 12,
                                                            "Actual Startup Time": 0.038,
                                                            "Actual Total Time": 0.056,
                                                            "Actual Rows": 1,
                                                            "Actual Loops": 48328,
                                                            "Output": [
                                                                "ci.id",
                                                                "ci.person_id",
                                                                "ci.movie_id",
                                                                "ci.person_role_id",
                                                                "ci.note",
                                                                "ci.nr_order",
                                                                "ci.role_id"
                                                            ],
                                                            "Index Cond": "(ci.movie_id = t.id)",
                                                            "Rows Removed by Index Recheck": 0,
                                                            "Filter": "(ci.note = '(producer)'::text)",
                                                            "Rows Removed by Filter": 31,
                                                            "Workers": [
                                                                {
                                                                    "Worker Number": 0,
                                                                    "Actual Startup Time": 0.038,
                                                                    "Actual Total Time": 0.057,
                                                                    "Actual Rows": 1,
                                                                    "Actual Loops": 11961
                                                                },
                                                                {
                                                                    "Worker Number": 1,
                                                                    "Actual Startup Time": 0.037,
                                                                    "Actual Total Time": 0.055,
                                                                    "Actual Rows": 1,
                                                                    "Actual Loops": 12312
                                                                },
                                                                {
                                                                    "Worker Number": 2,
                                                                    "Actual Startup Time": 0.039,
                                                                    "Actual Total Time": 0.059,
                                                                    "Actual Rows": 1,
                                                                    "Actual Loops": 11678
                                                                }
                                                            ]
                                                        }
                                                    ]
                                                },
                                                {
                                                    "Node Type": "Hash",
                                                    "Parent Relationship": "Inner",
                                                    "Parallel Aware": false,
                                                    "Startup Cost": 1.15,
                                                    "Total Cost": 1.15,
                                                    "Plan Rows": 1,
                                                    "Plan Width": 4,
                                                    "Actual Startup Time": 0.104,
                                                    "Actual Total Time": 0.105,
                                                    "Actual Rows": 1,
                                                    "Actual Loops": 4,
                                                    "Output": [
                                                        "rt.id"
                                                    ],
                                                    "Hash Buckets": 1024,
                                                    "Original Hash Buckets": 1024,
                                                    "Hash Batches": 1,
                                                    "Original Hash Batches": 1,
                                                    "Peak Memory Usage": 9,
                                                    "Workers": [
                                                        {
                                                            "Worker Number": 0,
                                                            "Actual Startup Time": 0.122,
                                                            "Actual Total Time": 0.123,
                                                            "Actual Rows": 1,
                                                            "Actual Loops": 1
                                                        },
                                                        {
                                                            "Worker Number": 1,
                                                            "Actual Startup Time": 0.116,
                                                            "Actual Total Time": 0.117,
                                                            "Actual Rows": 1,
                                                            "Actual Loops": 1
                                                        },
                                                        {
                                                            "Worker Number": 2,
                                                            "Actual Startup Time": 0.123,
                                                            "Actual Total Time": 0.124,
                                                            "Actual Rows": 1,
                                                            "Actual Loops": 1
                                                        }
                                                    ],
                                                    "Plans": [
                                                        {
                                                            "Node Type": "Seq Scan",
                                                            "Parent Relationship": "Outer",
                                                            "Parallel Aware": false,
                                                            "Relation Name": "role_type",
                                                            "Schema": "public",
                                                            "Alias": "rt",
                                                            "Startup Cost": 0.0,
                                                            "Total Cost": 1.15,
                                                            "Plan Rows": 1,
                                                            "Plan Width": 4,
                                                            "Actual Startup Time": 0.076,
                                                            "Actual Total Time": 0.081,
                                                            "Actual Rows": 1,
                                                            "Actual Loops": 4,
                                                            "Output": [
                                                                "rt.id"
                                                            ],
                                                            "Filter": "((rt.role)::text = 'producer'::text)",
                                                            "Rows Removed by Filter": 11,
                                                            "Workers": [
                                                                {
                                                                    "Worker Number": 0,
                                                                    "Actual Startup Time": 0.093,
                                                                    "Actual Total Time": 0.099,
                                                                    "Actual Rows": 1,
                                                                    "Actual Loops": 1
                                                                },
                                                                {
                                                                    "Worker Number": 1,
                                                                    "Actual Startup Time": 0.088,
                                                                    "Actual Total Time": 0.093,
                                                                    "Actual Rows": 1,
                                                                    "Actual Loops": 1
                                                                },
                                                                {
                                                                    "Worker Number": 2,
                                                                    "Actual Startup Time": 0.094,
                                                                    "Actual Total Time": 0.099,
                                                                    "Actual Rows": 1,
                                                                    "Actual Loops": 1
                                                                }
                                                            ]
                                                        }
                                                    ]
                                                }
                                            ]
                                        },
                                        {
                                            "Node Type": "Index Scan",
                                            "Parent Relationship": "Inner",
                                            "Parallel Aware": false,
                                            "Scan Direction": "Forward",
                                            "Index Name": "name_pkey",
                                            "Relation Name": "name",
                                            "Schema": "public",
                                            "Alias": "n1",
                                            "Startup Cost": 0.43,
                                            "Total Cost": 0.66,
                                            "Plan Rows": 1,
                                            "Plan Width": 4,
                                            "Actual Startup Time": 0.006,
                                            "Actual Total Time": 0.006,
                                            "Actual Rows": 0,
                                            "Actual Loops": 52165,
                                            "Output": [
                                                "n1.id",
                                                "n1.name",
                                                "n1.imdb_index",
                                                "n1.imdb_id",
                                                "n1.gender",
                                                "n1.name_pcode_cf",
                                                "n1.name_pcode_nf",
                                                "n1.surname_pcode",
                                                "n1.md5sum"
                                            ],
                                            "Index Cond": "(n1.id = ci.person_id)",
                                            "Rows Removed by Index Recheck": 0,
                                            "Filter": "((n1.name ~~ '%Yo%'::text) AND (n1.name !~~ '%Yu%'::text))",
                                            "Rows Removed by Filter": 1,
                                            "Workers": [
                                                {
                                                    "Worker Number": 0,
                                                    "Actual Startup Time": 0.007,
                                                    "Actual Total Time": 0.007,
                                                    "Actual Rows": 0,
                                                    "Actual Loops": 11969
                                                },
                                                {
                                                    "Worker Number": 1,
                                                    "Actual Startup Time": 0.006,
                                                    "Actual Total Time": 0.006,
                                                    "Actual Rows": 0,
                                                    "Actual Loops": 13386
                                                },
                                                {
                                                    "Worker Number": 2,
                                                    "Actual Startup Time": 0.006,
                                                    "Actual Total Time": 0.006,
                                                    "Actual Rows": 0,
                                                    "Actual Loops": 12724
                                                }
                                            ]
                                        }
                                    ]
                                }
                            ]
                        },
                        {
                            "Node Type": "Index Scan",
                            "Parent Relationship": "Inner",
                            "Parallel Aware": false,
                            "Scan Direction": "Forward",
                            "Index Name": "person_id_aka_name",
                            "Relation Name": "aka_name",
                            "Schema": "public",
                            "Alias": "an1",
                            "Startup Cost": 0.42,
                            "Total Cost": 0.5,
                            "Plan Rows": 2,
                            "Plan Width": 20,
                            "Actual Startup Time": 0.003,
                            "Actual Total Time": 0.003,
                            "Actual Rows": 0,
                            "Actual Loops": 1885,
                            "Output": [
                                "an1.id",
                                "an1.person_id",
                                "an1.name",
                                "an1.imdb_index",
                                "an1.name_pcode_cf",
                                "an1.name_pcode_nf",
                                "an1.surname_pcode",
                                "an1.md5sum"
                            ],
                            "Index Cond": "(an1.person_id = ci.person_id)",
                            "Rows Removed by Index Recheck": 0
                        }
                    ]
                }
            ]
        },
        "Planning Time": 1480.691,
        "Triggers": [],
        "Execution Time": 1127.427
    }
]