[
  {
    "Plan": {
      "Node Type": "Aggregate",
      "Strategy": "Plain",
      "Partial Mode": "Finalize",
      "Parallel Aware": false,
      "Startup Cost": 32049.94,
      "Total Cost": 32049.95,
      "Plan Rows": 1,
      "Plan Width": 8,
      "Actual Startup Time": 134.031,
      "Actual Total Time": 142.624,
      "Actual Rows": 1,
      "Actual Loops": 1,
      "Plans": [
        {
          "Node Type": "Gather",
          "Parent Relationship": "Outer",
          "Parallel Aware": false,
          "Startup Cost": 32049.63,
          "Total Cost": 32049.94,
          "Plan Rows": 3,
          "Plan Width": 8,
          "Actual Startup Time": 133.903,
          "Actual Total Time": 142.615,
          "Actual Rows": 4,
          "Actual Loops": 1,
          "Workers Planned": 3,
          "Workers Launched": 3,
          "Single Copy": false,
          "Plans": [
            {
              "Node Type": "Aggregate",
              "Strategy": "Plain",
              "Partial Mode": "Partial",
              "Parent Relationship": "Outer",
              "Parallel Aware": false,
              "Startup Cost": 31049.63,
              "Total Cost": 31049.64,
              "Plan Rows": 1,
              "Plan Width": 8,
              "Actual Startup Time": 127.097,
              "Actual Total Time": 127.098,
              "Actual Rows": 1,
              "Actual Loops": 4,
              "Plans": [
                {
                  "Node Type": "Seq Scan",
                  "Parent Relationship": "Outer",
                  "Parallel Aware": true,
                  "Relation Name": "movie_companies",
                  "Alias": "mc",
                  "Startup Cost": 0.0,
                  "Total Cost": 29310.68,
                  "Plan Rows": 695578,
                  "Plan Width": 0,
                  "Actual Startup Time": 0.141,
                  "Actual Total Time": 97.211,
                  "Actual Rows": 540069,
                  "Actual Loops": 4,
                  "Filter": "(company_id > 352)",
                  "Rows Removed by Filter": 112213
                }
              ]
            }
          ]
        }
      ]
    },
    "Planning Time": 0.156,
    "Triggers": [],
    "Execution Time": 142.67
  }
]