[
  {
    "Plan": {
      "Node Type": "Aggregate",
      "Strategy": "Plain",
      "Partial Mode": "Finalize",
      "Parallel Aware": false,
      "Startup Cost": 343122.19,
      "Total Cost": 343122.2,
      "Plan Rows": 1,
      "Plan Width": 8,
      "Actual Startup Time": 811.759,
      "Actual Total Time": 874.147,
      "Actual Rows": 1,
      "Actual Loops": 1,
      "Plans": [
        {
          "Node Type": "Gather",
          "Parent Relationship": "Outer",
          "Parallel Aware": false,
          "Startup Cost": 343121.57,
          "Total Cost": 343122.18,
          "Plan Rows": 6,
          "Plan Width": 8,
          "Actual Startup Time": 811.65,
          "Actual Total Time": 874.136,
          "Actual Rows": 7,
          "Actual Loops": 1,
          "Workers Planned": 6,
          "Workers Launched": 6,
          "Single Copy": false,
          "Plans": [
            {
              "Node Type": "Aggregate",
              "Strategy": "Plain",
              "Partial Mode": "Partial",
              "Parent Relationship": "Outer",
              "Parallel Aware": false,
              "Startup Cost": 342121.57,
              "Total Cost": 342121.58,
              "Plan Rows": 1,
              "Plan Width": 8,
              "Actual Startup Time": 801.417,
              "Actual Total Time": 801.418,
              "Actual Rows": 1,
              "Actual Loops": 7,
              "Plans": [
                {
                  "Node Type": "Seq Scan",
                  "Parent Relationship": "Outer",
                  "Parallel Aware": true,
                  "Relation Name": "cast_info",
                  "Alias": "ci",
                  "Startup Cost": 0.0,
                  "Total Cost": 328162.03,
                  "Plan Rows": 5583817,
                  "Plan Width": 0,
                  "Actual Startup Time": 44.444,
                  "Actual Total Time": 616.923,
                  "Actual Rows": 4778367,
                  "Actual Loops": 7,
                  "Filter": "(person_id > 268659)",
                  "Rows Removed by Filter": 399396
                }
              ]
            }
          ]
        }
      ]
    },
    "Planning Time": 0.199,
    "Triggers": [],
    "Execution Time": 874.216
  }
]