{
  "Plan": {
    "Node Type": "Aggregate",
    "Strategy": "Plain",
    "Partial Mode": "Finalize",
    "Parallel Aware": false,
    "Startup Cost": 422414.28,
    "Total Cost": 422414.29,
    "Plan Rows": 1,
    "Plan Width": 8,
    "Actual Startup Time": 1064.304,
    "Actual Total Time": 1086.921,
    "Actual Rows": 1,
    "Actual Loops": 1,
    "Plans": [
      {
        "Node Type": "Gather",
        "Parent Relationship": "Outer",
        "Parallel Aware": false,
        "Startup Cost": 422414.16,
        "Total Cost": 422414.27,
        "Plan Rows": 1,
        "Plan Width": 8,
        "Actual Startup Time": 1059.135,
        "Actual Total Time": 1086.914,
        "Actual Rows": 2,
        "Actual Loops": 1,
        "Workers Planned": 1,
        "Workers Launched": 1,
        "Single Copy": false,
        "Plans": [
          {
            "Node Type": "Aggregate",
            "Strategy": "Plain",
            "Partial Mode": "Partial",
            "Parent Relationship": "Outer",
            "Parallel Aware": false,
            "Startup Cost": 421414.16,
            "Total Cost": 421414.17,
            "Plan Rows": 1,
            "Plan Width": 8,
            "Actual Startup Time": 1046.86,
            "Actual Total Time": 1046.864,
            "Actual Rows": 1,
            "Actual Loops": 2,
            "Plans": [
              {
                "Node Type": "Hash Join",
                "Parent Relationship": "Outer",
                "Parallel Aware": true,
                "Join Type": "Inner",
                "Startup Cost": 137260.63,
                "Total Cost": 419359.35,
                "Plan Rows": 821925,
                "Plan Width": 0,
                "Actual Startup Time": 771.509,
                "Actual Total Time": 1028.733,
                "Actual Rows": 442780,
                "Actual Loops": 2,
                "Inner Unique": true,
                "Hash Cond": "(ci.movie_id = t.id)",
                "Plans": [
                  {
                    "Node Type": "Bitmap Heap Scan",
                    "Parent Relationship": "Outer",
                    "Parallel Aware": true,
                    "Relation Name": "cast_info",
                    "Alias": "ci",
                    "Startup Cost": 67799.93,
                    "Total Cost": 347741.1,
                    "Plan Rows": 821925,
                    "Plan Width": 4,
                    "Actual Startup Time": 255.224,
                    "Actual Total Time": 330.253,
                    "Actual Rows": 442780,
                    "Actual Loops": 2,
                    "Recheck Cond": "(person_id < 305812)",
                    "Rows Removed by Index Recheck": 0,
                    "Filter": "(role_id > 2)",
                    "Rows Removed by Filter": 1135910,
                    "Exact Heap Blocks": 16223,
                    "Lossy Heap Blocks": 0,
                    "Plans": [
                      {
                        "Node Type": "Bitmap Index Scan",
                        "Parent Relationship": "Outer",
                        "Parallel Aware": false,
                        "Index Name": "person_id_cast_info",
                        "Startup Cost": 0.0,
                        "Total Cost": 67450.61,
                        "Plan Rows": 3088806,
                        "Plan Width": 0,
                        "Actual Startup Time": 139.495,
                        "Actual Total Time": 139.496,
                        "Actual Rows": 3157382,
                        "Actual Loops": 1,
                        "Index Cond": "(person_id < 305812)"
                      }
                    ]
                  },
                  {
                    "Node Type": "Hash",
                    "Parent Relationship": "Inner",
                    "Parallel Aware": true,
                    "Startup Cost": 50870.31,
                    "Total Cost": 50870.31,
                    "Plan Rows": 1487231,
                    "Plan Width": 4,
                    "Actual Startup Time": 495.171,
                    "Actual Total Time": 495.172,
                    "Actual Rows": 1264156,
                    "Actual Loops": 2,
                    "Hash Buckets": 4194304,
                    "Original Hash Buckets": 4194304,
                    "Hash Batches": 1,
                    "Original Hash Batches": 1,
                    "Peak Memory Usage": 131712,
                    "Plans": [
                      {
                        "Node Type": "Seq Scan",
                        "Parent Relationship": "Outer",
                        "Parallel Aware": true,
                        "Relation Name": "title",
                        "Alias": "t",
                        "Startup Cost": 0.0,
                        "Total Cost": 50870.31,
                        "Plan Rows": 1487231,
                        "Plan Width": 4,
                        "Actual Startup Time": 0.026,
                        "Actual Total Time": 152.014,
                        "Actual Rows": 1264156,
                        "Actual Loops": 2
                      }
                    ]
                  }
                ]
              }
            ]
          }
        ]
      }
    ]
  },
  "Planning Time": 0.694,
  "Triggers": [],
  "Execution Time": 1087.015
}