[
  {
    "Plan": {
      "Node Type": "Aggregate",
      "Strategy": "Plain",
      "Partial Mode": "Finalize",
      "Parallel Aware": false,
      "Startup Cost": 354114.37,
      "Total Cost": 354114.38,
      "Plan Rows": 1,
      "Plan Width": 8,
      "Actual Startup Time": 613.504,
      "Actual Total Time": 634.467,
      "Actual Rows": 1,
      "Actual Loops": 1,
      "Plans": [
        {
          "Node Type": "Gather",
          "Parent Relationship": "Outer",
          "Parallel Aware": false,
          "Startup Cost": 354113.74,
          "Total Cost": 354114.35,
          "Plan Rows": 6,
          "Plan Width": 8,
          "Actual Startup Time": 588.761,
          "Actual Total Time": 634.456,
          "Actual Rows": 7,
          "Actual Loops": 1,
          "Workers Planned": 6,
          "Workers Launched": 6,
          "Single Copy": false,
          "Plans": [
            {
              "Node Type": "Aggregate",
              "Strategy": "Plain",
              "Partial Mode": "Partial",
              "Parent Relationship": "Outer",
              "Parallel Aware": false,
              "Startup Cost": 353113.74,
              "Total Cost": 353113.75,
              "Plan Rows": 1,
              "Plan Width": 8,
              "Actual Startup Time": 569.275,
              "Actual Total Time": 569.279,
              "Actual Rows": 1,
              "Actual Loops": 7,
              "Plans": [
                {
                  "Node Type": "Hash Join",
                  "Parent Relationship": "Outer",
                  "Parallel Aware": true,
                  "Join Type": "Inner",
                  "Startup Cost": 94533.18,
                  "Total Cost": 352277.78,
                  "Plan Rows": 334386,
                  "Plan Width": 0,
                  "Actual Startup Time": 333.351,
                  "Actual Total Time": 552.961,
                  "Actual Rows": 288392,
                  "Actual Loops": 7,
                  "Inner Unique": true,
                  "Hash Cond": "(ci.movie_id = t.id)",
                  "Plans": [
                    {
                      "Node Type": "Bitmap Heap Scan",
                      "Parent Relationship": "Outer",
                      "Parallel Aware": true,
                      "Relation Name": "cast_info",
                      "Alias": "ci",
                      "Startup Cost": 44313.54,
                      "Total Cost": 301180.37,
                      "Plan Rows": 334386,
                      "Plan Width": 4,
                      "Actual Startup Time": 71.602,
                      "Actual Total Time": 128.905,
                      "Actual Rows": 288392,
                      "Actual Loops": 7,
                      "Recheck Cond": "(person_id < 197886)",
                      "Rows Removed by Index Recheck": 0,
                      "Exact Heap Blocks": 3910,
                      "Lossy Heap Blocks": 0,
                      "Plans": [
                        {
                          "Node Type": "Bitmap Index Scan",
                          "Parent Relationship": "Outer",
                          "Parallel Aware": false,
                          "Index Name": "person_id_cast_info",
                          "Startup Cost": 0.0,
                          "Total Cost": 43811.96,
                          "Plan Rows": 2006319,
                          "Plan Width": 0,
                          "Actual Startup Time": 68.256,
                          "Actual Total Time": 68.256,
                          "Actual Rows": 2018741,
                          "Actual Loops": 1,
                          "Index Cond": "(person_id < 197886)"
                        }
                      ]
                    },
                    {
                      "Node Type": "Hash",
                      "Parent Relationship": "Inner",
                      "Parallel Aware": true,
                      "Startup Cost": 42318.73,
                      "Total Cost": 42318.73,
                      "Plan Rows": 632073,
                      "Plan Width": 4,
                      "Actual Startup Time": 255.532,
                      "Actual Total Time": 255.533,
                      "Actual Rows": 361187,
                      "Actual Loops": 7,
                      "Hash Buckets": 4194304,
                      "Original Hash Buckets": 4194304,
                      "Hash Batches": 1,
                      "Original Hash Batches": 1,
                      "Peak Memory Usage": 131776,
                      "Plans": [
                        {
                          "Node Type": "Seq Scan",
                          "Parent Relationship": "Outer",
                          "Parallel Aware": true,
                          "Relation Name": "title",
                          "Alias": "t",
                          "Startup Cost": 0.0,
                          "Total Cost": 42318.73,
                          "Plan Rows": 632073,
                          "Plan Width": 4,
                          "Actual Startup Time": 0.037,
                          "Actual Total Time": 79.626,
                          "Actual Rows": 361187,
                          "Actual Loops": 7
                        }
                      ]
                    }
                  ]
                }
              ]
            }
          ]
        }
      ]
    },
    "Planning Time": 0.614,
    "Triggers": [],
    "Execution Time": 634.555
  }
]