{
  "Plan": {
    "Node Type": "Aggregate",
    "Strategy": "Plain",
    "Partial Mode": "Finalize",
    "Parallel Aware": false,
    "Startup Cost": 79577.29,
    "Total Cost": 79577.3,
    "Plan Rows": 1,
    "Plan Width": 8,
    "Actual Startup Time": 160.548,
    "Actual Total Time": 175.243,
    "Actual Rows": 1,
    "Actual Loops": 1,
    "Plans": [
      {
        "Node Type": "Gather",
        "Parent Relationship": "Outer",
        "Parallel Aware": false,
        "Startup Cost": 79577.18,
        "Total Cost": 79577.29,
        "Plan Rows": 1,
        "Plan Width": 8,
        "Actual Startup Time": 160.306,
        "Actual Total Time": 175.236,
        "Actual Rows": 2,
        "Actual Loops": 1,
        "Workers Planned": 1,
        "Workers Launched": 1,
        "Single Copy": false,
        "Plans": [
          {
            "Node Type": "Aggregate",
            "Strategy": "Plain",
            "Partial Mode": "Partial",
            "Parent Relationship": "Outer",
            "Parallel Aware": false,
            "Startup Cost": 78577.18,
            "Total Cost": 78577.19,
            "Plan Rows": 1,
            "Plan Width": 8,
            "Actual Startup Time": 154.308,
            "Actual Total Time": 154.309,
            "Actual Rows": 1,
            "Actual Loops": 2,
            "Plans": [
              {
                "Node Type": "Nested Loop",
                "Parent Relationship": "Outer",
                "Parallel Aware": false,
                "Join Type": "Inner",
                "Startup Cost": 0.43,
                "Total Cost": 78575.89,
                "Plan Rows": 517,
                "Plan Width": 0,
                "Actual Startup Time": 15.299,
                "Actual Total Time": 154.155,
                "Actual Rows": 1788,
                "Actual Loops": 2,
                "Inner Unique": false,
                "Plans": [
                  {
                    "Node Type": "Seq Scan",
                    "Parent Relationship": "Outer",
                    "Parallel Aware": true,
                    "Relation Name": "title",
                    "Alias": "t",
                    "Startup Cost": 0.0,
                    "Total Cost": 58306.47,
                    "Plan Rows": 1166,
                    "Plan Width": 4,
                    "Actual Startup Time": 4.235,
                    "Actual Total Time": 138.587,
                    "Actual Rows": 1374,
                    "Actual Loops": 2,
                    "Filter": "((kind_id < 7) AND (production_year = 1951))",
                    "Rows Removed by Filter": 1262782
                  },
                  {
                    "Node Type": "Index Scan",
                    "Parent Relationship": "Inner",
                    "Parallel Aware": false,
                    "Scan Direction": "Forward",
                    "Index Name": "movie_id_movie_companies",
                    "Relation Name": "movie_companies",
                    "Alias": "mc",
                    "Startup Cost": 0.43,
                    "Total Cost": 17.36,
                    "Plan Rows": 2,
                    "Plan Width": 4,
                    "Actual Startup Time": 0.008,
                    "Actual Total Time": 0.011,
                    "Actual Rows": 1,
                    "Actual Loops": 2748,
                    "Index Cond": "(movie_id = t.id)",
                    "Rows Removed by Index Recheck": 0,
                    "Filter": "((company_id > 160) AND (company_type_id < 2))",
                    "Rows Removed by Filter": 1
                  }
                ]
              }
            ]
          }
        ]
      }
    ]
  },
  "Planning Time": 0.541,
  "Triggers": [],
  "Execution Time": 175.314
}