[
  {
    "Plan": {
      "Node Type": "Aggregate",
      "Strategy": "Plain",
      "Partial Mode": "Finalize",
      "Parallel Aware": false,
      "Startup Cost": 47782.74,
      "Total Cost": 47782.75,
      "Plan Rows": 1,
      "Plan Width": 8,
      "Actual Startup Time": 88.239,
      "Actual Total Time": 95.978,
      "Actual Rows": 1,
      "Actual Loops": 1,
      "Plans": [
        {
          "Node Type": "Gather",
          "Parent Relationship": "Outer",
          "Parallel Aware": false,
          "Startup Cost": 47782.32,
          "Total Cost": 47782.73,
          "Plan Rows": 4,
          "Plan Width": 8,
          "Actual Startup Time": 88.162,
          "Actual Total Time": 95.972,
          "Actual Rows": 5,
          "Actual Loops": 1,
          "Workers Planned": 4,
          "Workers Launched": 4,
          "Single Copy": false,
          "Plans": [
            {
              "Node Type": "Aggregate",
              "Strategy": "Plain",
              "Partial Mode": "Partial",
              "Parent Relationship": "Outer",
              "Parallel Aware": false,
              "Startup Cost": 46782.32,
              "Total Cost": 46782.33,
              "Plan Rows": 1,
              "Plan Width": 8,
              "Actual Startup Time": 80.285,
              "Actual Total Time": 80.286,
              "Actual Rows": 1,
              "Actual Loops": 5,
              "Plans": [
                {
                  "Node Type": "Nested Loop",
                  "Parent Relationship": "Outer",
                  "Parallel Aware": false,
                  "Join Type": "Inner",
                  "Startup Cost": 0.43,
                  "Total Cost": 46781.72,
                  "Plan Rows": 239,
                  "Plan Width": 0,
                  "Actual Startup Time": 51.168,
                  "Actual Total Time": 80.08,
                  "Actual Rows": 3805,
                  "Actual Loops": 5,
                  "Inner Unique": false,
                  "Plans": [
                    {
                      "Node Type": "Seq Scan",
                      "Parent Relationship": "Outer",
                      "Parallel Aware": true,
                      "Relation Name": "title",
                      "Alias": "t",
                      "Startup Cost": 0.0,
                      "Total Cost": 45479.21,
                      "Plan Rows": 134,
                      "Plan Width": 4,
                      "Actual Startup Time": 50.862,
                      "Actual Total Time": 74.266,
                      "Actual Rows": 364,
                      "Actual Loops": 5,
                      "Filter": "((kind_id = 1) AND (production_year = 1944))",
                      "Rows Removed by Filter": 505298
                    },
                    {
                      "Node Type": "Index Only Scan",
                      "Parent Relationship": "Inner",
                      "Parallel Aware": false,
                      "Scan Direction": "Forward",
                      "Index Name": "movie_id_movie_keyword",
                      "Relation Name": "movie_keyword",
                      "Alias": "mk",
                      "Startup Cost": 0.43,
                      "Total Cost": 9.26,
                      "Plan Rows": 46,
                      "Plan Width": 4,
                      "Actual Startup Time": 0.013,
                      "Actual Total Time": 0.015,
                      "Actual Rows": 10,
                      "Actual Loops": 1822,
                      "Index Cond": "(movie_id = t.id)",
                      "Rows Removed by Index Recheck": 0,
                      "Heap Fetches": 19024
                    }
                  ]
                }
              ]
            }
          ]
        }
      ]
    },
    "Planning Time": 0.148,
    "Triggers": [],
    "Execution Time": 96.003
  }
]