[
  {
    "Plan": {
      "Node Type": "Aggregate",
      "Strategy": "Plain",
      "Partial Mode": "Finalize",
      "Parallel Aware": false,
      "Startup Cost": 46509.57,
      "Total Cost": 46509.58,
      "Plan Rows": 1,
      "Plan Width": 8,
      "Actual Startup Time": 97.751,
      "Actual Total Time": 110.036,
      "Actual Rows": 1,
      "Actual Loops": 1,
      "Plans": [
        {
          "Node Type": "Gather",
          "Parent Relationship": "Outer",
          "Parallel Aware": false,
          "Startup Cost": 46509.15,
          "Total Cost": 46509.56,
          "Plan Rows": 4,
          "Plan Width": 8,
          "Actual Startup Time": 97.601,
          "Actual Total Time": 110.026,
          "Actual Rows": 5,
          "Actual Loops": 1,
          "Workers Planned": 4,
          "Workers Launched": 4,
          "Single Copy": false,
          "Plans": [
            {
              "Node Type": "Aggregate",
              "Strategy": "Plain",
              "Partial Mode": "Partial",
              "Parent Relationship": "Outer",
              "Parallel Aware": false,
              "Startup Cost": 45509.15,
              "Total Cost": 45509.16,
              "Plan Rows": 1,
              "Plan Width": 8,
              "Actual Startup Time": 89.193,
              "Actual Total Time": 89.194,
              "Actual Rows": 1,
              "Actual Loops": 5,
              "Plans": [
                {
                  "Node Type": "Seq Scan",
                  "Parent Relationship": "Outer",
                  "Parallel Aware": true,
                  "Relation Name": "title",
                  "Alias": "t",
                  "Startup Cost": 0.0,
                  "Total Cost": 45479.1,
                  "Plan Rows": 12019,
                  "Plan Width": 0,
                  "Actual Startup Time": 0.113,
                  "Actual Total Time": 88.509,
                  "Actual Rows": 8553,
                  "Actual Loops": 5,
                  "Filter": "((kind_id < 3) AND (production_year = 2011))",
                  "Rows Removed by Filter": 497110
                }
              ]
            }
          ]
        }
      ]
    },
    "Planning Time": 0.196,
    "Triggers": [],
    "Execution Time": 110.1
  }
]