{
  "Plan": {
    "Node Type": "Aggregate",
    "Strategy": "Plain",
    "Partial Mode": "Finalize",
    "Parallel Aware": false,
    "Startup Cost": 136366.65,
    "Total Cost": 136366.66,
    "Plan Rows": 1,
    "Plan Width": 8,
    "Actual Startup Time": 581.083,
    "Actual Total Time": 599.29,
    "Actual Rows": 1,
    "Actual Loops": 1,
    "Plans": [
      {
        "Node Type": "Gather",
        "Parent Relationship": "Outer",
        "Parallel Aware": false,
        "Startup Cost": 136366.54,
        "Total Cost": 136366.65,
        "Plan Rows": 1,
        "Plan Width": 8,
        "Actual Startup Time": 579.1,
        "Actual Total Time": 599.283,
        "Actual Rows": 2,
        "Actual Loops": 1,
        "Workers Planned": 1,
        "Workers Launched": 1,
        "Single Copy": false,
        "Plans": [
          {
            "Node Type": "Aggregate",
            "Strategy": "Plain",
            "Partial Mode": "Partial",
            "Parent Relationship": "Outer",
            "Parallel Aware": false,
            "Startup Cost": 135366.54,
            "Total Cost": 135366.55,
            "Plan Rows": 1,
            "Plan Width": 8,
            "Actual Startup Time": 571.416,
            "Actual Total Time": 571.422,
            "Actual Rows": 1,
            "Actual Loops": 2,
            "Plans": [
              {
                "Node Type": "Hash Join",
                "Parent Relationship": "Outer",
                "Parallel Aware": true,
                "Join Type": "Inner",
                "Startup Cost": 114815.58,
                "Total Cost": 135234.92,
                "Plan Rows": 52647,
                "Plan Width": 0,
                "Actual Startup Time": 475.645,
                "Actual Total Time": 570.4,
                "Actual Rows": 25223,
                "Actual Loops": 2,
                "Inner Unique": false,
                "Hash Cond": "(mi_idx.movie_id = t.id)",
                "Plans": [
                  {
                    "Node Type": "Seq Scan",
                    "Parent Relationship": "Outer",
                    "Parallel Aware": true,
                    "Relation Name": "movie_info_idx",
                    "Alias": "mi_idx",
                    "Startup Cost": 0.0,
                    "Total Cost": 18082.32,
                    "Plan Rows": 540622,
                    "Plan Width": 4,
                    "Actual Startup Time": 0.026,
                    "Actual Total Time": 56.515,
                    "Actual Rows": 459925,
                    "Actual Loops": 2,
                    "Filter": "(info_type_id < 101)",
                    "Rows Removed by Filter": 230092
                  },
                  {
                    "Node Type": "Hash",
                    "Parent Relationship": "Inner",
                    "Parallel Aware": true,
                    "Startup Cost": 113005.21,
                    "Total Cost": 113005.21,
                    "Plan Rows": 144830,
                    "Plan Width": 8,
                    "Actual Startup Time": 472.032,
                    "Actual Total Time": 472.036,
                    "Actual Rows": 24384,
                    "Actual Loops": 2,
                    "Hash Buckets": 262144,
                    "Original Hash Buckets": 262144,
                    "Hash Batches": 1,
                    "Original Hash Batches": 1,
                    "Peak Memory Usage": 4000,
                    "Plans": [
                      {
                        "Node Type": "Hash Join",
                        "Parent Relationship": "Outer",
                        "Parallel Aware": true,
                        "Join Type": "Inner",
                        "Startup Cost": 81266.63,
                        "Total Cost": 113005.21,
                        "Plan Rows": 144830,
                        "Plan Width": 8,
                        "Actual Startup Time": 302.048,
                        "Actual Total Time": 465.407,
                        "Actual Rows": 24384,
                        "Actual Loops": 2,
                        "Inner Unique": true,
                        "Hash Cond": "(mk.movie_id = t.id)",
                        "Plans": [
                          {
                            "Node Type": "Bitmap Heap Scan",
                            "Parent Relationship": "Outer",
                            "Parallel Aware": true,
                            "Relation Name": "movie_keyword",
                            "Alias": "mk",
                            "Startup Cost": 17369.84,
                            "Total Cost": 47844.15,
                            "Plan Rows": 481625,
                            "Plan Width": 4,
                            "Actual Startup Time": 41.562,
                            "Actual Total Time": 126.322,
                            "Actual Rows": 414291,
                            "Actual Loops": 2,
                            "Recheck Cond": "(keyword_id < 795)",
                            "Rows Removed by Index Recheck": 0,
                            "Exact Heap Blocks": 13743,
                            "Lossy Heap Blocks": 0,
                            "Plans": [
                              {
                                "Node Type": "Bitmap Index Scan",
                                "Parent Relationship": "Outer",
                                "Parallel Aware": false,
                                "Index Name": "keyword_id_movie_keyword",
                                "Startup Cost": 0.0,
                                "Total Cost": 17165.15,
                                "Plan Rows": 818762,
                                "Plan Width": 0,
                                "Actual Startup Time": 37.997,
                                "Actual Total Time": 37.998,
                                "Actual Rows": 828582,
                                "Actual Loops": 1,
                                "Index Cond": "(keyword_id < 795)"
                              }
                            ]
                          },
                          {
                            "Node Type": "Hash",
                            "Parent Relationship": "Inner",
                            "Parallel Aware": true,
                            "Startup Cost": 58306.47,
                            "Total Cost": 58306.47,
                            "Plan Rows": 447226,
                            "Plan Width": 4,
                            "Actual Startup Time": 253.595,
                            "Actual Total Time": 253.596,
                            "Actual Rows": 341140,
                            "Actual Loops": 2,
                            "Hash Buckets": 1048576,
                            "Original Hash Buckets": 1048576,
                            "Hash Batches": 1,
                            "Original Hash Batches": 1,
                            "Peak Memory Usage": 34912,
                            "Plans": [
                              {
                                "Node Type": "Seq Scan",
                                "Parent Relationship": "Outer",
                                "Parallel Aware": true,
                                "Relation Name": "title",
                                "Alias": "t",
                                "Startup Cost": 0.0,
                                "Total Cost": 58306.47,
                                "Plan Rows": 447226,
                                "Plan Width": 4,
                                "Actual Startup Time": 0.03,
                                "Actual Total Time": 157.134,
                                "Actual Rows": 341140,
                                "Actual Loops": 2,
                                "Filter": "((production_year < 2004) AND (kind_id = 7))",
                                "Rows Removed by Filter": 923016
                              }
                            ]
                          }
                        ]
                      }
                    ]
                  }
                ]
              }
            ]
          }
        ]
      }
    ]
  },
  "Planning Time": 1.1,
  "Triggers": [],
  "Execution Time": 599.401
}