{
  "Plan": {
    "Node Type": "Aggregate",
    "Strategy": "Plain",
    "Partial Mode": "Finalize",
    "Parallel Aware": false,
    "Startup Cost": 87519.62,
    "Total Cost": 87519.63,
    "Plan Rows": 1,
    "Plan Width": 8,
    "Actual Startup Time": 432.355,
    "Actual Total Time": 493.818,
    "Actual Rows": 1,
    "Actual Loops": 1,
    "Plans": [
      {
        "Node Type": "Gather",
        "Parent Relationship": "Outer",
        "Parallel Aware": false,
        "Startup Cost": 87519.51,
        "Total Cost": 87519.62,
        "Plan Rows": 1,
        "Plan Width": 8,
        "Actual Startup Time": 432.144,
        "Actual Total Time": 493.808,
        "Actual Rows": 2,
        "Actual Loops": 1,
        "Workers Planned": 1,
        "Workers Launched": 1,
        "Single Copy": false,
        "Plans": [
          {
            "Node Type": "Aggregate",
            "Strategy": "Plain",
            "Partial Mode": "Partial",
            "Parent Relationship": "Outer",
            "Parallel Aware": false,
            "Startup Cost": 86519.51,
            "Total Cost": 86519.52,
            "Plan Rows": 1,
            "Plan Width": 8,
            "Actual Startup Time": 426.193,
            "Actual Total Time": 426.197,
            "Actual Rows": 1,
            "Actual Loops": 2,
            "Plans": [
              {
                "Node Type": "Nested Loop",
                "Parent Relationship": "Outer",
                "Parallel Aware": false,
                "Join Type": "Inner",
                "Startup Cost": 58433.65,
                "Total Cost": 86453.38,
                "Plan Rows": 26450,
                "Plan Width": 0,
                "Actual Startup Time": 139.351,
                "Actual Total Time": 421.009,
                "Actual Rows": 89864,
                "Actual Loops": 2,
                "Inner Unique": false,
                "Join Filter": "(t.id = ci.movie_id)",
                "Rows Removed by Join Filter": 0,
                "Plans": [
                  {
                    "Node Type": "Hash Join",
                    "Parent Relationship": "Outer",
                    "Parallel Aware": true,
                    "Join Type": "Inner",
                    "Startup Cost": 58433.08,
                    "Total Cost": 77226.84,
                    "Plan Rows": 1846,
                    "Plan Width": 8,
                    "Actual Startup Time": 139.283,
                    "Actual Total Time": 210.894,
                    "Actual Rows": 3058,
                    "Actual Loops": 2,
                    "Inner Unique": true,
                    "Hash Cond": "(mi_idx.movie_id = t.id)",
                    "Plans": [
                      {
                        "Node Type": "Seq Scan",
                        "Parent Relationship": "Outer",
                        "Parallel Aware": true,
                        "Relation Name": "movie_info_idx",
                        "Alias": "mi_idx",
                        "Startup Cost": 0.0,
                        "Total Cost": 18082.32,
                        "Plan Rows": 271028,
                        "Plan Width": 4,
                        "Actual Startup Time": 0.02,
                        "Actual Total Time": 48.854,
                        "Actual Rows": 229962,
                        "Actual Loops": 2,
                        "Filter": "(info_type_id = 101)",
                        "Rows Removed by Filter": 460055
                      },
                      {
                        "Node Type": "Hash",
                        "Parent Relationship": "Inner",
                        "Parallel Aware": true,
                        "Startup Cost": 58306.47,
                        "Total Cost": 58306.47,
                        "Plan Rows": 10129,
                        "Plan Width": 4,
                        "Actual Startup Time": 138.116,
                        "Actual Total Time": 138.117,
                        "Actual Rows": 7060,
                        "Actual Loops": 2,
                        "Hash Buckets": 32768,
                        "Original Hash Buckets": 32768,
                        "Hash Batches": 1,
                        "Original Hash Batches": 1,
                        "Peak Memory Usage": 832,
                        "Plans": [
                          {
                            "Node Type": "Seq Scan",
                            "Parent Relationship": "Outer",
                            "Parallel Aware": true,
                            "Relation Name": "title",
                            "Alias": "t",
                            "Startup Cost": 0.0,
                            "Total Cost": 58306.47,
                            "Plan Rows": 10129,
                            "Plan Width": 4,
                            "Actual Startup Time": 0.89,
                            "Actual Total Time": 135.717,
                            "Actual Rows": 7060,
                            "Actual Loops": 2,
                            "Filter": "((kind_id < 6) AND (production_year = 1998))",
                            "Rows Removed by Filter": 1257096
                          }
                        ]
                      }
                    ]
                  },
                  {
                    "Node Type": "Index Only Scan",
                    "Parent Relationship": "Inner",
                    "Parallel Aware": false,
                    "Scan Direction": "Forward",
                    "Index Name": "movie_id_cast_info",
                    "Relation Name": "cast_info",
                    "Alias": "ci",
                    "Startup Cost": 0.56,
                    "Total Cost": 4.54,
                    "Plan Rows": 37,
                    "Plan Width": 4,
                    "Actual Startup Time": 0.009,
                    "Actual Total Time": 0.065,
                    "Actual Rows": 29,
                    "Actual Loops": 6116,
                    "Index Cond": "(movie_id = mi_idx.movie_id)",
                    "Rows Removed by Index Recheck": 0,
                    "Heap Fetches": 179727
                  }
                ]
              }
            ]
          }
        ]
      }
    ]
  },
  "Planning Time": 0.894,
  "Triggers": [],
  "Execution Time": 493.956
}