[
  {
    "Plan": {
      "Node Type": "Aggregate",
      "Strategy": "Plain",
      "Partial Mode": "Finalize",
      "Parallel Aware": false,
      "Startup Cost": 222066.36,
      "Total Cost": 222066.37,
      "Plan Rows": 1,
      "Plan Width": 8,
      "Actual Startup Time": 184.211,
      "Actual Total Time": 197.968,
      "Actual Rows": 1,
      "Actual Loops": 1,
      "Plans": [
        {
          "Node Type": "Gather",
          "Parent Relationship": "Outer",
          "Parallel Aware": false,
          "Startup Cost": 222065.84,
          "Total Cost": 222066.35,
          "Plan Rows": 5,
          "Plan Width": 8,
          "Actual Startup Time": 182.95,
          "Actual Total Time": 197.958,
          "Actual Rows": 6,
          "Actual Loops": 1,
          "Workers Planned": 5,
          "Workers Launched": 5,
          "Single Copy": false,
          "Plans": [
            {
              "Node Type": "Aggregate",
              "Strategy": "Plain",
              "Partial Mode": "Partial",
              "Parent Relationship": "Outer",
              "Parallel Aware": false,
              "Startup Cost": 221065.84,
              "Total Cost": 221065.85,
              "Plan Rows": 1,
              "Plan Width": 8,
              "Actual Startup Time": 172.171,
              "Actual Total Time": 172.175,
              "Actual Rows": 1,
              "Actual Loops": 6,
              "Plans": [
                {
                  "Node Type": "Hash Join",
                  "Parent Relationship": "Outer",
                  "Parallel Aware": true,
                  "Join Type": "Inner",
                  "Startup Cost": 56933.59,
                  "Total Cost": 221052.31,
                  "Plan Rows": 5411,
                  "Plan Width": 0,
                  "Actual Startup Time": 124.745,
                  "Actual Total Time": 171.799,
                  "Actual Rows": 4480,
                  "Actual Loops": 6,
                  "Inner Unique": true,
                  "Hash Cond": "(mi.movie_id = t.id)",
                  "Plans": [
                    {
                      "Node Type": "Bitmap Heap Scan",
                      "Parent Relationship": "Outer",
                      "Parallel Aware": true,
                      "Relation Name": "movie_info",
                      "Alias": "mi",
                      "Startup Cost": 12730.49,
                      "Total Cost": 176480.28,
                      "Plan Rows": 140543,
                      "Plan Width": 4,
                      "Actual Startup Time": 37.57,
                      "Actual Total Time": 64.2,
                      "Actual Rows": 110154,
                      "Actual Loops": 6,
                      "Recheck Cond": "(info_type_id = 18)",
                      "Rows Removed by Index Recheck": 0,
                      "Exact Heap Blocks": 2168,
                      "Lossy Heap Blocks": 0,
                      "Plans": [
                        {
                          "Node Type": "Bitmap Index Scan",
                          "Parent Relationship": "Outer",
                          "Parallel Aware": false,
                          "Index Name": "info_type_id_movie_info",
                          "Startup Cost": 0.0,
                          "Total Cost": 12554.81,
                          "Plan Rows": 702717,
                          "Plan Width": 0,
                          "Actual Startup Time": 36.394,
                          "Actual Total Time": 36.395,
                          "Actual Rows": 660923,
                          "Actual Loops": 1,
                          "Index Cond": "(info_type_id = 18)"
                        }
                      ]
                    },
                    {
                      "Node Type": "Hash",
                      "Parent Relationship": "Inner",
                      "Parallel Aware": true,
                      "Startup Cost": 43898.92,
                      "Total Cost": 43898.92,
                      "Plan Rows": 24335,
                      "Plan Width": 4,
                      "Actual Startup Time": 85.482,
                      "Actual Total Time": 85.483,
                      "Actual Rows": 15834,
                      "Actual Loops": 6,
                      "Hash Buckets": 131072,
                      "Original Hash Buckets": 131072,
                      "Hash Batches": 1,
                      "Original Hash Batches": 1,
                      "Peak Memory Usage": 4832,
                      "Plans": [
                        {
                          "Node Type": "Seq Scan",
                          "Parent Relationship": "Outer",
                          "Parallel Aware": true,
                          "Relation Name": "title",
                          "Alias": "t",
                          "Startup Cost": 0.0,
                          "Total Cost": 43898.92,
                          "Plan Rows": 24335,
                          "Plan Width": 4,
                          "Actual Startup Time": 0.043,
                          "Actual Total Time": 78.056,
                          "Actual Rows": 15834,
                          "Actual Loops": 6,
                          "Filter": "(production_year = 2005)",
                          "Rows Removed by Filter": 405551
                        }
                      ]
                    }
                  ]
                }
              ]
            }
          ]
        }
      ]
    },
    "Planning Time": 0.585,
    "Triggers": [],
    "Execution Time": 198.106
  }
]