[
  {
    "Plan": {
      "Node Type": "Aggregate",
      "Strategy": "Plain",
      "Partial Mode": "Finalize",
      "Parallel Aware": false,
      "Startup Cost": 46873.92,
      "Total Cost": 46873.93,
      "Plan Rows": 1,
      "Plan Width": 8,
      "Actual Startup Time": 168.661,
      "Actual Total Time": 177.656,
      "Actual Rows": 1,
      "Actual Loops": 1,
      "Plans": [
        {
          "Node Type": "Gather",
          "Parent Relationship": "Outer",
          "Parallel Aware": false,
          "Startup Cost": 46873.61,
          "Total Cost": 46873.92,
          "Plan Rows": 3,
          "Plan Width": 8,
          "Actual Startup Time": 168.538,
          "Actual Total Time": 177.646,
          "Actual Rows": 4,
          "Actual Loops": 1,
          "Workers Planned": 3,
          "Workers Launched": 3,
          "Single Copy": false,
          "Plans": [
            {
              "Node Type": "Aggregate",
              "Strategy": "Plain",
              "Partial Mode": "Partial",
              "Parent Relationship": "Outer",
              "Parallel Aware": false,
              "Startup Cost": 45873.61,
              "Total Cost": 45873.62,
              "Plan Rows": 1,
              "Plan Width": 8,
              "Actual Startup Time": 163.362,
              "Actual Total Time": 163.363,
              "Actual Rows": 1,
              "Actual Loops": 4,
              "Plans": [
                {
                  "Node Type": "Seq Scan",
                  "Parent Relationship": "Outer",
                  "Parallel Aware": true,
                  "Relation Name": "movie_keyword",
                  "Alias": "mk",
                  "Startup Cost": 0.0,
                  "Total Cost": 42695.65,
                  "Plan Rows": 1271181,
                  "Plan Width": 0,
                  "Actual Startup Time": 0.041,
                  "Actual Total Time": 118.882,
                  "Actual Rows": 985310,
                  "Actual Loops": 4,
                  "Filter": "(keyword_id < 31462)",
                  "Rows Removed by Filter": 145672
                }
              ]
            }
          ]
        }
      ]
    },
    "Planning Time": 0.19,
    "Triggers": [],
    "Execution Time": 177.712
  }
]