[
  {
    "Plan": {
      "Node Type": "Aggregate",
      "Strategy": "Plain",
      "Partial Mode": "Finalize",
      "Parallel Aware": false,
      "Startup Cost": 46966.17,
      "Total Cost": 46966.18,
      "Plan Rows": 1,
      "Plan Width": 8,
      "Actual Startup Time": 184.753,
      "Actual Total Time": 194.021,
      "Actual Rows": 1,
      "Actual Loops": 1,
      "Plans": [
        {
          "Node Type": "Gather",
          "Parent Relationship": "Outer",
          "Parallel Aware": false,
          "Startup Cost": 46965.86,
          "Total Cost": 46966.17,
          "Plan Rows": 3,
          "Plan Width": 8,
          "Actual Startup Time": 184.611,
          "Actual Total Time": 194.011,
          "Actual Rows": 4,
          "Actual Loops": 1,
          "Workers Planned": 3,
          "Workers Launched": 3,
          "Single Copy": false,
          "Plans": [
            {
              "Node Type": "Aggregate",
              "Strategy": "Plain",
              "Partial Mode": "Partial",
              "Parent Relationship": "Outer",
              "Parallel Aware": false,
              "Startup Cost": 45965.86,
              "Total Cost": 45965.87,
              "Plan Rows": 1,
              "Plan Width": 8,
              "Actual Startup Time": 179.305,
              "Actual Total Time": 179.307,
              "Actual Rows": 1,
              "Actual Loops": 4,
              "Plans": [
                {
                  "Node Type": "Seq Scan",
                  "Parent Relationship": "Outer",
                  "Parallel Aware": true,
                  "Relation Name": "movie_keyword",
                  "Alias": "mk",
                  "Startup Cost": 0.0,
                  "Total Cost": 42695.65,
                  "Plan Rows": 1308081,
                  "Plan Width": 0,
                  "Actual Startup Time": 0.038,
                  "Actual Total Time": 130.51,
                  "Actual Rows": 1014733,
                  "Actual Loops": 4,
                  "Filter": "(keyword_id < 38281)",
                  "Rows Removed by Filter": 116250
                }
              ]
            }
          ]
        }
      ]
    },
    "Planning Time": 0.179,
    "Triggers": [],
    "Execution Time": 194.075
  }
]