[
  {
    "Plan": {
      "Node Type": "Aggregate",
      "Strategy": "Plain",
      "Partial Mode": "Finalize",
      "Parallel Aware": false,
      "Startup Cost": 33113.28,
      "Total Cost": 33113.29,
      "Plan Rows": 1,
      "Plan Width": 8,
      "Actual Startup Time": 86.846,
      "Actual Total Time": 94.515,
      "Actual Rows": 1,
      "Actual Loops": 1,
      "Plans": [
        {
          "Node Type": "Gather",
          "Parent Relationship": "Outer",
          "Parallel Aware": false,
          "Startup Cost": 33112.96,
          "Total Cost": 33113.27,
          "Plan Rows": 3,
          "Plan Width": 8,
          "Actual Startup Time": 86.709,
          "Actual Total Time": 94.506,
          "Actual Rows": 4,
          "Actual Loops": 1,
          "Workers Planned": 3,
          "Workers Launched": 3,
          "Single Copy": false,
          "Plans": [
            {
              "Node Type": "Aggregate",
              "Strategy": "Plain",
              "Partial Mode": "Partial",
              "Parent Relationship": "Outer",
              "Parallel Aware": false,
              "Startup Cost": 32112.96,
              "Total Cost": 32112.97,
              "Plan Rows": 1,
              "Plan Width": 8,
              "Actual Startup Time": 81.707,
              "Actual Total Time": 81.708,
              "Actual Rows": 1,
              "Actual Loops": 4,
              "Plans": [
                {
                  "Node Type": "Seq Scan",
                  "Parent Relationship": "Outer",
                  "Parallel Aware": true,
                  "Relation Name": "movie_companies",
                  "Alias": "mc",
                  "Startup Cost": 0.0,
                  "Total Cost": 31414.82,
                  "Plan Rows": 279257,
                  "Plan Width": 0,
                  "Actual Startup Time": 1.015,
                  "Actual Total Time": 74.012,
                  "Actual Rows": 169162,
                  "Actual Loops": 4,
                  "Filter": "((company_id > 2281) AND (company_type_id = 1))",
                  "Rows Removed by Filter": 483120
                }
              ]
            }
          ]
        }
      ]
    },
    "Planning Time": 0.151,
    "Triggers": [],
    "Execution Time": 94.565
  }
]