{
  "Plan": {
    "Node Type": "Aggregate",
    "Strategy": "Plain",
    "Partial Mode": "Finalize",
    "Parallel Aware": false,
    "Startup Cost": 366310.02,
    "Total Cost": 366310.03,
    "Plan Rows": 1,
    "Plan Width": 8,
    "Actual Startup Time": 1496.67,
    "Actual Total Time": 1566.496,
    "Actual Rows": 1,
    "Actual Loops": 1,
    "Plans": [
      {
        "Node Type": "Gather",
        "Parent Relationship": "Outer",
        "Parallel Aware": false,
        "Startup Cost": 366309.91,
        "Total Cost": 366310.02,
        "Plan Rows": 1,
        "Plan Width": 8,
        "Actual Startup Time": 1496.198,
        "Actual Total Time": 1566.488,
        "Actual Rows": 2,
        "Actual Loops": 1,
        "Workers Planned": 1,
        "Workers Launched": 1,
        "Single Copy": false,
        "Plans": [
          {
            "Node Type": "Aggregate",
            "Strategy": "Plain",
            "Partial Mode": "Partial",
            "Parent Relationship": "Outer",
            "Parallel Aware": false,
            "Startup Cost": 365309.91,
            "Total Cost": 365309.92,
            "Plan Rows": 1,
            "Plan Width": 8,
            "Actual Startup Time": 1489.538,
            "Actual Total Time": 1489.544,
            "Actual Rows": 1,
            "Actual Loops": 2,
            "Plans": [
              {
                "Node Type": "Nested Loop",
                "Parent Relationship": "Outer",
                "Parallel Aware": false,
                "Join Type": "Inner",
                "Startup Cost": 74424.97,
                "Total Cost": 364694.47,
                "Plan Rows": 246176,
                "Plan Width": 0,
                "Actual Startup Time": 219.003,
                "Actual Total Time": 1451.091,
                "Actual Rows": 853954,
                "Actual Loops": 2,
                "Inner Unique": false,
                "Join Filter": "(t.id = ci.movie_id)",
                "Rows Removed by Join Filter": 0,
                "Plans": [
                  {
                    "Node Type": "Hash Join",
                    "Parent Relationship": "Outer",
                    "Parallel Aware": true,
                    "Join Type": "Inner",
                    "Startup Cost": 74424.4,
                    "Total Cost": 245576.36,
                    "Plan Rows": 38614,
                    "Plan Width": 8,
                    "Actual Startup Time": 218.796,
                    "Actual Total Time": 370.279,
                    "Actual Rows": 29824,
                    "Actual Loops": 2,
                    "Inner Unique": true,
                    "Hash Cond": "(mi.movie_id = t.id)",
                    "Plans": [
                      {
                        "Node Type": "Bitmap Heap Scan",
                        "Parent Relationship": "Outer",
                        "Parallel Aware": true,
                        "Relation Name": "movie_info",
                        "Alias": "mi",
                        "Startup Cost": 18650.56,
                        "Total Cost": 188212.95,
                        "Plan Rows": 605551,
                        "Plan Width": 4,
                        "Actual Startup Time": 37.506,
                        "Actual Total Time": 117.542,
                        "Actual Rows": 489362,
                        "Actual Loops": 2,
                        "Recheck Cond": "(info_type_id > 90)",
                        "Rows Removed by Index Recheck": 0,
                        "Exact Heap Blocks": 18540,
                        "Lossy Heap Blocks": 0,
                        "Plans": [
                          {
                            "Node Type": "Bitmap Index Scan",
                            "Parent Relationship": "Outer",
                            "Parallel Aware": false,
                            "Index Name": "info_type_id_movie_info",
                            "Startup Cost": 0.0,
                            "Total Cost": 18393.21,
                            "Plan Rows": 1029436,
                            "Plan Width": 0,
                            "Actual Startup Time": 32.149,
                            "Actual Total Time": 32.15,
                            "Actual Rows": 978723,
                            "Actual Loops": 1,
                            "Index Cond": "(info_type_id > 90)"
                          }
                        ]
                      },
                      {
                        "Node Type": "Hash",
                        "Parent Relationship": "Inner",
                        "Parallel Aware": true,
                        "Startup Cost": 54588.39,
                        "Total Cost": 54588.39,
                        "Plan Rows": 94836,
                        "Plan Width": 4,
                        "Actual Startup Time": 152.959,
                        "Actual Total Time": 152.959,
                        "Actual Rows": 80008,
                        "Actual Loops": 2,
                        "Hash Buckets": 262144,
                        "Original Hash Buckets": 262144,
                        "Hash Batches": 1,
                        "Original Hash Batches": 1,
                        "Peak Memory Usage": 8352,
                        "Plans": [
                          {
                            "Node Type": "Seq Scan",
                            "Parent Relationship": "Outer",
                            "Parallel Aware": true,
                            "Relation Name": "title",
                            "Alias": "t",
                            "Startup Cost": 0.0,
                            "Total Cost": 54588.39,
                            "Plan Rows": 94836,
                            "Plan Width": 4,
                            "Actual Startup Time": 0.036,
                            "Actual Total Time": 131.596,
                            "Actual Rows": 80008,
                            "Actual Loops": 2,
                            "Filter": "(production_year = 2011)",
                            "Rows Removed by Filter": 1184148
                          }
                        ]
                      }
                    ]
                  },
                  {
                    "Node Type": "Index Scan",
                    "Parent Relationship": "Inner",
                    "Parallel Aware": false,
                    "Scan Direction": "Forward",
                    "Index Name": "movie_id_cast_info",
                    "Relation Name": "cast_info",
                    "Alias": "ci",
                    "Startup Cost": 0.56,
                    "Total Cost": 2.88,
                    "Plan Rows": 16,
                    "Plan Width": 4,
                    "Actual Startup Time": 0.018,
                    "Actual Total Time": 0.034,
                    "Actual Rows": 29,
                    "Actual Loops": 59649,
                    "Index Cond": "(movie_id = mi.movie_id)",
                    "Rows Removed by Index Recheck": 0,
                    "Filter": "((person_id < 3953267) AND (role_id > 2))",
                    "Rows Removed by Filter": 23
                  }
                ]
              }
            ]
          }
        ]
      }
    ]
  },
  "Planning Time": 1.043,
  "Triggers": [],
  "Execution Time": 1566.622
}