[
  {
    "Plan": {
      "Node Type": "Aggregate",
      "Strategy": "Plain",
      "Partial Mode": "Simple",
      "Parallel Aware": false,
      "Startup Cost": 4335.93,
      "Total Cost": 4335.94,
      "Plan Rows": 1,
      "Plan Width": 8,
      "Actual Startup Time": 2.221,
      "Actual Total Time": 2.223,
      "Actual Rows": 1,
      "Actual Loops": 1,
      "Plans": [
        {
          "Node Type": "Nested Loop",
          "Parent Relationship": "Outer",
          "Parallel Aware": false,
          "Join Type": "Inner",
          "Startup Cost": 8.14,
          "Total Cost": 4335.91,
          "Plan Rows": 11,
          "Plan Width": 0,
          "Actual Startup Time": 0.739,
          "Actual Total Time": 2.168,
          "Actual Rows": 511,
          "Actual Loops": 1,
          "Inner Unique": false,
          "Plans": [
            {
              "Node Type": "Nested Loop",
              "Parent Relationship": "Outer",
              "Parallel Aware": false,
              "Join Type": "Inner",
              "Startup Cost": 7.71,
              "Total Cost": 4300.36,
              "Plan Rows": 6,
              "Plan Width": 8,
              "Actual Startup Time": 0.715,
              "Actual Total Time": 1.847,
              "Actual Rows": 5,
              "Actual Loops": 1,
              "Inner Unique": true,
              "Plans": [
                {
                  "Node Type": "Bitmap Heap Scan",
                  "Parent Relationship": "Outer",
                  "Parallel Aware": false,
                  "Relation Name": "movie_info_idx",
                  "Alias": "mi_idx",
                  "Startup Cost": 7.28,
                  "Total Cost": 1221.84,
                  "Plan Rows": 368,
                  "Plan Width": 4,
                  "Actual Startup Time": 0.042,
                  "Actual Total Time": 0.08,
                  "Actual Rows": 260,
                  "Actual Loops": 1,
                  "Recheck Cond": "(info_type_id > 101)",
                  "Rows Removed by Index Recheck": 0,
                  "Exact Heap Blocks": 2,
                  "Lossy Heap Blocks": 0,
                  "Plans": [
                    {
                      "Node Type": "Bitmap Index Scan",
                      "Parent Relationship": "Outer",
                      "Parallel Aware": false,
                      "Index Name": "info_type_id_movie_info_idx",
                      "Startup Cost": 0.0,
                      "Total Cost": 7.19,
                      "Plan Rows": 368,
                      "Plan Width": 0,
                      "Actual Startup Time": 0.027,
                      "Actual Total Time": 0.028,
                      "Actual Rows": 260,
                      "Actual Loops": 1,
                      "Index Cond": "(info_type_id > 101)"
                    }
                  ]
                },
                {
                  "Node Type": "Index Scan",
                  "Parent Relationship": "Inner",
                  "Parallel Aware": false,
                  "Scan Direction": "Forward",
                  "Index Name": "title_pkey",
                  "Relation Name": "title",
                  "Alias": "t",
                  "Startup Cost": 0.43,
                  "Total Cost": 8.37,
                  "Plan Rows": 1,
                  "Plan Width": 4,
                  "Actual Startup Time": 0.006,
                  "Actual Total Time": 0.006,
                  "Actual Rows": 0,
                  "Actual Loops": 260,
                  "Index Cond": "(id = mi_idx.movie_id)",
                  "Rows Removed by Index Recheck": 0,
                  "Filter": "((kind_id < 7) AND (production_year < 1929))",
                  "Rows Removed by Filter": 1
                }
              ]
            },
            {
              "Node Type": "Index Only Scan",
              "Parent Relationship": "Inner",
              "Parallel Aware": false,
              "Scan Direction": "Forward",
              "Index Name": "movie_id_movie_keyword",
              "Relation Name": "movie_keyword",
              "Alias": "mk",
              "Startup Cost": 0.43,
              "Total Cost": 5.46,
              "Plan Rows": 46,
              "Plan Width": 4,
              "Actual Startup Time": 0.016,
              "Actual Total Time": 0.048,
              "Actual Rows": 102,
              "Actual Loops": 5,
              "Index Cond": "(movie_id = t.id)",
              "Rows Removed by Index Recheck": 0,
              "Heap Fetches": 511
            }
          ]
        }
      ]
    },
    "Planning Time": 0.839,
    "Triggers": [],
    "Execution Time": 2.282
  }
]