[
  {
    "Plan": {
      "Node Type": "Aggregate",
      "Strategy": "Plain",
      "Partial Mode": "Finalize",
      "Parallel Aware": false,
      "Startup Cost": 352070.17,
      "Total Cost": 352070.18,
      "Plan Rows": 1,
      "Plan Width": 8,
      "Actual Startup Time": 842.916,
      "Actual Total Time": 908.48,
      "Actual Rows": 1,
      "Actual Loops": 1,
      "Plans": [
        {
          "Node Type": "Gather",
          "Parent Relationship": "Outer",
          "Parallel Aware": false,
          "Startup Cost": 352069.55,
          "Total Cost": 352070.16,
          "Plan Rows": 6,
          "Plan Width": 8,
          "Actual Startup Time": 842.725,
          "Actual Total Time": 908.445,
          "Actual Rows": 7,
          "Actual Loops": 1,
          "Workers Planned": 6,
          "Workers Launched": 6,
          "Single Copy": false,
          "Plans": [
            {
              "Node Type": "Aggregate",
              "Strategy": "Plain",
              "Partial Mode": "Partial",
              "Parent Relationship": "Outer",
              "Parallel Aware": false,
              "Startup Cost": 351069.55,
              "Total Cost": 351069.56,
              "Plan Rows": 1,
              "Plan Width": 8,
              "Actual Startup Time": 832.555,
              "Actual Total Time": 832.556,
              "Actual Rows": 1,
              "Actual Loops": 7,
              "Plans": [
                {
                  "Node Type": "Seq Scan",
                  "Parent Relationship": "Outer",
                  "Parallel Aware": true,
                  "Relation Name": "cast_info",
                  "Alias": "ci",
                  "Startup Cost": 0.0,
                  "Total Cost": 343316.27,
                  "Plan Rows": 3101310,
                  "Plan Width": 0,
                  "Actual Startup Time": 242.517,
                  "Actual Total Time": 730.362,
                  "Actual Rows": 2288779,
                  "Actual Loops": 7,
                  "Filter": "((person_id < 2918235) AND (role_id > 1))",
                  "Rows Removed by Filter": 2888985
                }
              ]
            }
          ]
        }
      ]
    },
    "Planning Time": 0.232,
    "Triggers": [],
    "Execution Time": 908.555
  }
]