{
  "Plan": {
    "Node Type": "Aggregate",
    "Strategy": "Plain",
    "Partial Mode": "Finalize",
    "Parallel Aware": false,
    "Startup Cost": 116955.12,
    "Total Cost": 116955.13,
    "Plan Rows": 1,
    "Plan Width": 8,
    "Actual Startup Time": 693.137,
    "Actual Total Time": 715.138,
    "Actual Rows": 1,
    "Actual Loops": 1,
    "Plans": [
      {
        "Node Type": "Gather",
        "Parent Relationship": "Outer",
        "Parallel Aware": false,
        "Startup Cost": 116955.0,
        "Total Cost": 116955.11,
        "Plan Rows": 1,
        "Plan Width": 8,
        "Actual Startup Time": 691.549,
        "Actual Total Time": 715.129,
        "Actual Rows": 2,
        "Actual Loops": 1,
        "Workers Planned": 1,
        "Workers Launched": 1,
        "Single Copy": false,
        "Plans": [
          {
            "Node Type": "Aggregate",
            "Strategy": "Plain",
            "Partial Mode": "Partial",
            "Parent Relationship": "Outer",
            "Parallel Aware": false,
            "Startup Cost": 115955.0,
            "Total Cost": 115955.01,
            "Plan Rows": 1,
            "Plan Width": 8,
            "Actual Startup Time": 685.073,
            "Actual Total Time": 685.077,
            "Actual Rows": 1,
            "Actual Loops": 2,
            "Plans": [
              {
                "Node Type": "Nested Loop",
                "Parent Relationship": "Outer",
                "Parallel Aware": false,
                "Join Type": "Inner",
                "Startup Cost": 64063.66,
                "Total Cost": 115913.58,
                "Plan Rows": 16569,
                "Plan Width": 0,
                "Actual Startup Time": 334.013,
                "Actual Total Time": 667.031,
                "Actual Rows": 249790,
                "Actual Loops": 2,
                "Inner Unique": false,
                "Plans": [
                  {
                    "Node Type": "Hash Join",
                    "Parent Relationship": "Outer",
                    "Parallel Aware": true,
                    "Join Type": "Inner",
                    "Startup Cost": 64063.23,
                    "Total Cost": 90822.4,
                    "Plan Rows": 32616,
                    "Plan Width": 8,
                    "Actual Startup Time": 333.934,
                    "Actual Total Time": 432.221,
                    "Actual Rows": 43897,
                    "Actual Loops": 2,
                    "Inner Unique": true,
                    "Hash Cond": "(mk.movie_id = t.id)",
                    "Plans": [
                      {
                        "Node Type": "Bitmap Heap Scan",
                        "Parent Relationship": "Outer",
                        "Parallel Aware": true,
                        "Relation Name": "movie_keyword",
                        "Alias": "mk",
                        "Startup Cost": 5496.41,
                        "Total Cost": 31855.51,
                        "Plan Rows": 152408,
                        "Plan Width": 4,
                        "Actual Startup Time": 28.406,
                        "Actual Total Time": 86.495,
                        "Actual Rows": 124460,
                        "Actual Loops": 2,
                        "Recheck Cond": "(keyword_id > 60607)",
                        "Rows Removed by Index Recheck": 0,
                        "Exact Heap Blocks": 11483,
                        "Lossy Heap Blocks": 0,
                        "Plans": [
                          {
                            "Node Type": "Bitmap Index Scan",
                            "Parent Relationship": "Outer",
                            "Parallel Aware": false,
                            "Index Name": "keyword_id_movie_keyword",
                            "Startup Cost": 0.0,
                            "Total Cost": 5431.64,
                            "Plan Rows": 259094,
                            "Plan Width": 0,
                            "Actual Startup Time": 23.396,
                            "Actual Total Time": 23.396,
                            "Actual Rows": 248920,
                            "Actual Loops": 1,
                            "Index Cond": "(keyword_id > 60607)"
                          }
                        ]
                      },
                      {
                        "Node Type": "Hash",
                        "Parent Relationship": "Inner",
                        "Parallel Aware": true,
                        "Startup Cost": 54588.39,
                        "Total Cost": 54588.39,
                        "Plan Rows": 318274,
                        "Plan Width": 4,
                        "Actual Startup Time": 296.837,
                        "Actual Total Time": 296.838,
                        "Actual Rows": 276480,
                        "Actual Loops": 2,
                        "Hash Buckets": 1048576,
                        "Original Hash Buckets": 1048576,
                        "Hash Batches": 1,
                        "Original Hash Batches": 1,
                        "Peak Memory Usage": 29856,
                        "Plans": [
                          {
                            "Node Type": "Seq Scan",
                            "Parent Relationship": "Outer",
                            "Parallel Aware": true,
                            "Relation Name": "title",
                            "Alias": "t",
                            "Startup Cost": 0.0,
                            "Total Cost": 54588.39,
                            "Plan Rows": 318274,
                            "Plan Width": 4,
                            "Actual Startup Time": 0.029,
                            "Actual Total Time": 194.259,
                            "Actual Rows": 276480,
                            "Actual Loops": 2,
                            "Filter": "(production_year < 1983)",
                            "Rows Removed by Filter": 987676
                          }
                        ]
                      }
                    ]
                  },
                  {
                    "Node Type": "Index Scan",
                    "Parent Relationship": "Inner",
                    "Parallel Aware": false,
                    "Scan Direction": "Forward",
                    "Index Name": "movie_id_movie_companies",
                    "Relation Name": "movie_companies",
                    "Alias": "mc",
                    "Startup Cost": 0.43,
                    "Total Cost": 0.74,
                    "Plan Rows": 3,
                    "Plan Width": 4,
                    "Actual Startup Time": 0.003,
                    "Actual Total Time": 0.004,
                    "Actual Rows": 6,
                    "Actual Loops": 87794,
                    "Index Cond": "(movie_id = t.id)",
                    "Rows Removed by Index Recheck": 0,
                    "Filter": "(company_type_id = 1)",
                    "Rows Removed by Filter": 1
                  }
                ]
              }
            ]
          }
        ]
      }
    ]
  },
  "Planning Time": 0.967,
  "Triggers": [],
  "Execution Time": 715.247
}