[
    {
        "Bao": {
            "Bao prediction": 1836.256,
            "Bao recommended hint": "(no hint)"
        }
    },
    {
        "Plan": {
            "Node Type": "Aggregate",
            "Strategy": "Plain",
            "Partial Mode": "Finalize",
            "Parallel Aware": false,
            "Startup Cost": 388480.17,
            "Total Cost": 388480.18,
            "Plan Rows": 1,
            "Plan Width": 64,
            "Actual Startup Time": 5572.599,
            "Actual Total Time": 5628.972,
            "Actual Rows": 1,
            "Actual Loops": 1,
            "Output": [
                "min(an1.name)",
                "min(t.title)"
            ],
            "Plans": [
                {
                    "Node Type": "Gather",
                    "Parent Relationship": "Outer",
                    "Parallel Aware": false,
                    "Startup Cost": 388479.84,
                    "Total Cost": 388480.15,
                    "Plan Rows": 3,
                    "Plan Width": 64,
                    "Actual Startup Time": 5519.664,
                    "Actual Total Time": 5628.956,
                    "Actual Rows": 4,
                    "Actual Loops": 1,
                    "Output": [
                        "(PARTIAL min(an1.name))",
                        "(PARTIAL min(t.title))"
                    ],
                    "Workers Planned": 3,
                    "Workers Launched": 3,
                    "Single Copy": false,
                    "Plans": [
                        {
                            "Node Type": "Aggregate",
                            "Strategy": "Plain",
                            "Partial Mode": "Partial",
                            "Parent Relationship": "Outer",
                            "Parallel Aware": false,
                            "Startup Cost": 387479.84,
                            "Total Cost": 387479.85,
                            "Plan Rows": 1,
                            "Plan Width": 64,
                            "Actual Startup Time": 5505.308,
                            "Actual Total Time": 5505.324,
                            "Actual Rows": 1,
                            "Actual Loops": 4,
                            "Output": [
                                "PARTIAL min(an1.name)",
                                "PARTIAL min(t.title)"
                            ],
                            "Workers": [
                                {
                                    "Worker Number": 0,
                                    "Actual Startup Time": 5501.874,
                                    "Actual Total Time": 5501.887,
                                    "Actual Rows": 1,
                                    "Actual Loops": 1
                                },
                                {
                                    "Worker Number": 1,
                                    "Actual Startup Time": 5500.678,
                                    "Actual Total Time": 5500.69,
                                    "Actual Rows": 1,
                                    "Actual Loops": 1
                                },
                                {
                                    "Worker Number": 2,
                                    "Actual Startup Time": 5500.819,
                                    "Actual Total Time": 5500.83,
                                    "Actual Rows": 1,
                                    "Actual Loops": 1
                                }
                            ],
                            "Plans": [
                                {
                                    "Node Type": "Hash Join",
                                    "Parent Relationship": "Outer",
                                    "Parallel Aware": true,
                                    "Join Type": "Inner",
                                    "Startup Cost": 332324.23,
                                    "Total Cost": 376793.88,
                                    "Plan Rows": 2137193,
                                    "Plan Width": 33,
                                    "Actual Startup Time": 4493.391,
                                    "Actual Total Time": 5416.725,
                                    "Actual Rows": 1149092,
                                    "Actual Loops": 4,
                                    "Output": [
                                        "an1.name",
                                        "t.title"
                                    ],
                                    "Inner Unique": false,
                                    "Hash Cond": "(ci.person_id = an1.person_id)",
                                    "Workers": [
                                        {
                                            "Worker Number": 0,
                                            "Actual Startup Time": 4665.616,
                                            "Actual Total Time": 5427.215,
                                            "Actual Rows": 970103,
                                            "Actual Loops": 1
                                        },
                                        {
                                            "Worker Number": 1,
                                            "Actual Startup Time": 4381.889,
                                            "Actual Total Time": 5398.502,
                                            "Actual Rows": 1238159,
                                            "Actual Loops": 1
                                        },
                                        {
                                            "Worker Number": 2,
                                            "Actual Startup Time": 4479.55,
                                            "Actual Total Time": 5411.559,
                                            "Actual Rows": 1194494,
                                            "Actual Loops": 1
                                        }
                                    ],
                                    "Plans": [
                                        {
                                            "Node Type": "Hash Join",
                                            "Parent Relationship": "Outer",
                                            "Parallel Aware": false,
                                            "Join Type": "Inner",
                                            "Startup Cost": 240903.59,
                                            "Total Cost": 276690.13,
                                            "Plan Rows": 890697,
                                            "Plan Width": 21,
                                            "Actual Startup Time": 3570.084,
                                            "Actual Total Time": 4161.647,
                                            "Actual Rows": 1600818,
                                            "Actual Loops": 4,
                                            "Output": [
                                                "ci.person_id",
                                                "t.title"
                                            ],
                                            "Inner Unique": false,
                                            "Hash Cond": "(t.id = ci.movie_id)",
                                            "Workers": [
                                                {
                                                    "Worker Number": 0,
                                                    "Actual Startup Time": 3744.641,
                                                    "Actual Total Time": 4225.787,
                                                    "Actual Rows": 1354554,
                                                    "Actual Loops": 1
                                                },
                                                {
                                                    "Worker Number": 1,
                                                    "Actual Startup Time": 3462.098,
                                                    "Actual Total Time": 4119.81,
                                                    "Actual Rows": 1708804,
                                                    "Actual Loops": 1
                                                },
                                                {
                                                    "Worker Number": 2,
                                                    "Actual Startup Time": 3559.716,
                                                    "Actual Total Time": 4152.849,
                                                    "Actual Rows": 1674233,
                                                    "Actual Loops": 1
                                                }
                                            ],
                                            "Plans": [
                                                {
                                                    "Node Type": "Hash Join",
                                                    "Parent Relationship": "Outer",
                                                    "Parallel Aware": true,
                                                    "Join Type": "Inner",
                                                    "Startup Cost": 55571.4,
                                                    "Total Cost": 85790.43,
                                                    "Plan Rows": 305940,
                                                    "Plan Width": 25,
                                                    "Actual Startup Time": 565.694,
                                                    "Actual Total Time": 861.451,
                                                    "Actual Rows": 288450,
                                                    "Actual Loops": 4,
                                                    "Output": [
                                                        "mc.movie_id",
                                                        "t.title",
                                                        "t.id"
                                                    ],
                                                    "Inner Unique": true,
                                                    "Hash Cond": "(mc.movie_id = t.id)",
                                                    "Workers": [
                                                        {
                                                            "Worker Number": 0,
                                                            "Actual Startup Time": 565.696,
                                                            "Actual Total Time": 807.791,
                                                            "Actual Rows": 238817,
                                                            "Actual Loops": 1
                                                        },
                                                        {
                                                            "Worker Number": 1,
                                                            "Actual Startup Time": 565.61,
                                                            "Actual Total Time": 894.615,
                                                            "Actual Rows": 310984,
                                                            "Actual Loops": 1
                                                        },
                                                        {
                                                            "Worker Number": 2,
                                                            "Actual Startup Time": 565.749,
                                                            "Actual Total Time": 863.676,
                                                            "Actual Rows": 299905,
                                                            "Actual Loops": 1
                                                        }
                                                    ],
                                                    "Plans": [
                                                        {
                                                            "Node Type": "Hash Join",
                                                            "Parent Relationship": "Outer",
                                                            "Parallel Aware": true,
                                                            "Join Type": "Inner",
                                                            "Startup Cost": 5351.02,
                                                            "Total Cost": 34766.95,
                                                            "Plan Rows": 305940,
                                                            "Plan Width": 4,
                                                            "Actual Startup Time": 21.266,
                                                            "Actual Total Time": 182.24,
                                                            "Actual Rows": 288450,
                                                            "Actual Loops": 4,
                                                            "Output": [
                                                                "mc.movie_id"
                                                            ],
                                                            "Inner Unique": true,
                                                            "Hash Cond": "(mc.company_id = cn.id)",
                                                            "Workers": [
                                                                {
                                                                    "Worker Number": 0,
                                                                    "Actual Startup Time": 21.408,
                                                                    "Actual Total Time": 157.723,
                                                                    "Actual Rows": 238817,
                                                                    "Actual Loops": 1
                                                                },
                                                                {
                                                                    "Worker Number": 1,
                                                                    "Actual Startup Time": 21.08,
                                                                    "Actual Total Time": 198.404,
                                                                    "Actual Rows": 310984,
                                                                    "Actual Loops": 1
                                                                },
                                                                {
                                                                    "Worker Number": 2,
                                                                    "Actual Startup Time": 21.26,
                                                                    "Actual Total Time": 182.495,
                                                                    "Actual Rows": 299905,
                                                                    "Actual Loops": 1
                                                                }
                                                            ],
                                                            "Plans": [
                                                                {
                                                                    "Node Type": "Seq Scan",
                                                                    "Parent Relationship": "Outer",
                                                                    "Parallel Aware": true,
                                                                    "Relation Name": "movie_companies",
                                                                    "Schema": "public",
                                                                    "Alias": "mc",
                                                                    "Startup Cost": 0.0,
                                                                    "Total Cost": 27206.55,
                                                                    "Plan Rows": 841655,
                                                                    "Plan Width": 8,
                                                                    "Actual Startup Time": 0.021,
                                                                    "Actual Total Time": 60.036,
                                                                    "Actual Rows": 652282,
                                                                    "Actual Loops": 4,
                                                                    "Output": [
                                                                        "mc.id",
                                                                        "mc.movie_id",
                                                                        "mc.company_id",
                                                                        "mc.company_type_id",
                                                                        "mc.note"
                                                                    ],
                                                                    "Workers": [
                                                                        {
                                                                            "Worker Number": 0,
                                                                            "Actual Startup Time": 0.021,
                                                                            "Actual Total Time": 48.808,
                                                                            "Actual Rows": 569191,
                                                                            "Actual Loops": 1
                                                                        },
                                                                        {
                                                                            "Worker Number": 1,
                                                                            "Actual Startup Time": 0.019,
                                                                            "Actual Total Time": 69.092,
                                                                            "Actual Rows": 689098,
                                                                            "Actual Loops": 1
                                                                        },
                                                                        {
                                                                            "Worker Number": 2,
                                                                            "Actual Startup Time": 0.033,
                                                                            "Actual Total Time": 59.272,
                                                                            "Actual Rows": 669796,
                                                                            "Actual Loops": 1
                                                                        }
                                                                    ]
                                                                },
                                                                {
                                                                    "Node Type": "Hash",
                                                                    "Parent Relationship": "Inner",
                                                                    "Parallel Aware": true,
                                                                    "Startup Cost": 4722.92,
                                                                    "Total Cost": 4722.92,
                                                                    "Plan Rows": 50248,
                                                                    "Plan Width": 4,
                                                                    "Actual Startup Time": 20.825,
                                                                    "Actual Total Time": 20.826,
                                                                    "Actual Rows": 21211,
                                                                    "Actual Loops": 4,
                                                                    "Output": [
                                                                        "cn.id"
                                                                    ],
                                                                    "Hash Buckets": 131072,
                                                                    "Original Hash Buckets": 131072,
                                                                    "Hash Batches": 1,
                                                                    "Original Hash Batches": 1,
                                                                    "Peak Memory Usage": 4416,
                                                                    "Workers": [
                                                                        {
                                                                            "Worker Number": 0,
                                                                            "Actual Startup Time": 20.329,
                                                                            "Actual Total Time": 20.33,
                                                                            "Actual Rows": 21486,
                                                                            "Actual Loops": 1
                                                                        },
                                                                        {
                                                                            "Worker Number": 1,
                                                                            "Actual Startup Time": 20.98,
                                                                            "Actual Total Time": 20.98,
                                                                            "Actual Rows": 20617,
                                                                            "Actual Loops": 1
                                                                        },
                                                                        {
                                                                            "Worker Number": 2,
                                                                            "Actual Startup Time": 20.942,
                                                                            "Actual Total Time": 20.943,
                                                                            "Actual Rows": 21706,
                                                                            "Actual Loops": 1
                                                                        }
                                                                    ],
                                                                    "Plans": [
                                                                        {
                                                                            "Node Type": "Seq Scan",
                                                                            "Parent Relationship": "Outer",
                                                                            "Parallel Aware": true,
                                                                            "Relation Name": "company_name",
                                                                            "Schema": "public",
                                                                            "Alias": "cn",
                                                                            "Startup Cost": 0.0,
                                                                            "Total Cost": 4722.92,
                                                                            "Plan Rows": 50248,
                                                                            "Plan Width": 4,
                                                                            "Actual Startup Time": 0.031,
                                                                            "Actual Total Time": 12.989,
                                                                            "Actual Rows": 21211,
                                                                            "Actual Loops": 4,
                                                                            "Output": [
                                                                                "cn.id"
                                                                            ],
                                                                            "Filter": "((cn.country_code)::text = '[us]'::text)",
                                                                            "Rows Removed by Filter": 37538,
                                                                            "Workers": [
                                                                                {
                                                                                    "Worker Number": 0,
                                                                                    "Actual Startup Time": 0.035,
                                                                                    "Actual Total Time": 13.089,
                                                                                    "Actual Rows": 21486,
                                                                                    "Actual Loops": 1
                                                                                },
                                                                                {
                                                                                    "Worker Number": 1,
                                                                                    "Actual Startup Time": 0.038,
                                                                                    "Actual Total Time": 12.99,
                                                                                    "Actual Rows": 20617,
                                                                                    "Actual Loops": 1
                                                                                },
                                                                                {
                                                                                    "Worker Number": 2,
                                                                                    "Actual Startup Time": 0.033,
                                                                                    "Actual Total Time": 13.006,
                                                                                    "Actual Rows": 21706,
                                                                                    "Actual Loops": 1
                                                                                }
                                                                            ]
                                                                        }
                                                                    ]
                                                                }
                                                            ]
                                                        },
                                                        {
                                                            "Node Type": "Hash",
                                                            "Parent Relationship": "Inner",
                                                            "Parallel Aware": true,
                                                            "Startup Cost": 42319.06,
                                                            "Total Cost": 42319.06,
                                                            "Plan Rows": 632106,
                                                            "Plan Width": 21,
                                                            "Actual Startup Time": 535.733,
                                                            "Actual Total Time": 535.734,
                                                            "Actual Rows": 632078,
                                                            "Actual Loops": 4,
                                                            "Output": [
                                                                "t.title",
                                                                "t.id"
                                                            ],
                                                            "Hash Buckets": 4194304,
                                                            "Original Hash Buckets": 4194304,
                                                            "Hash Batches": 1,
                                                            "Original Hash Batches": 1,
                                                            "Peak Memory Usage": 174784,
                                                            "Workers": [
                                                                {
                                                                    "Worker Number": 0,
                                                                    "Actual Startup Time": 544.207,
                                                                    "Actual Total Time": 544.208,
                                                                    "Actual Rows": 618489,
                                                                    "Actual Loops": 1
                                                                },
                                                                {
                                                                    "Worker Number": 1,
                                                                    "Actual Startup Time": 510.241,
                                                                    "Actual Total Time": 510.242,
                                                                    "Actual Rows": 649903,
                                                                    "Actual Loops": 1
                                                                },
                                                                {
                                                                    "Worker Number": 2,
                                                                    "Actual Startup Time": 544.226,
                                                                    "Actual Total Time": 544.227,
                                                                    "Actual Rows": 639054,
                                                                    "Actual Loops": 1
                                                                }
                                                            ],
                                                            "Plans": [
                                                                {
                                                                    "Node Type": "Seq Scan",
                                                                    "Parent Relationship": "Outer",
                                                                    "Parallel Aware": true,
                                                                    "Relation Name": "title",
                                                                    "Schema": "public",
                                                                    "Alias": "t",
                                                                    "Startup Cost": 0.0,
                                                                    "Total Cost": 42319.06,
                                                                    "Plan Rows": 632106,
                                                                    "Plan Width": 21,
                                                                    "Actual Startup Time": 0.049,
                                                                    "Actual Total Time": 143.433,
                                                                    "Actual Rows": 632078,
                                                                    "Actual Loops": 4,
                                                                    "Output": [
                                                                        "t.title",
                                                                        "t.id"
                                                                    ],
                                                                    "Workers": [
                                                                        {
                                                                            "Worker Number": 0,
                                                                            "Actual Startup Time": 0.055,
                                                                            "Actual Total Time": 142.571,
                                                                            "Actual Rows": 618489,
                                                                            "Actual Loops": 1
                                                                        },
                                                                        {
                                                                            "Worker Number": 1,
                                                                            "Actual Startup Time": 0.049,
                                                                            "Actual Total Time": 146.273,
                                                                            "Actual Rows": 649903,
                                                                            "Actual Loops": 1
                                                                        },
                                                                        {
                                                                            "Worker Number": 2,
                                                                            "Actual Startup Time": 0.057,
                                                                            "Actual Total Time": 142.212,
                                                                            "Actual Rows": 639054,
                                                                            "Actual Loops": 1
                                                                        }
                                                                    ]
                                                                }
                                                            ]
                                                        }
                                                    ]
                                                },
                                                {
                                                    "Node Type": "Hash",
                                                    "Parent Relationship": "Inner",
                                                    "Parallel Aware": false,
                                                    "Startup Cost": 147569.99,
                                                    "Total Cost": 147569.99,
                                                    "Plan Rows": 3020976,
                                                    "Plan Width": 8,
                                                    "Actual Startup Time": 2970.148,
                                                    "Actual Total Time": 2970.151,
                                                    "Actual Rows": 4323018,
                                                    "Actual Loops": 4,
                                                    "Output": [
                                                        "ci.person_id",
                                                        "ci.movie_id"
                                                    ],
                                                    "Hash Buckets": 8388608,
                                                    "Original Hash Buckets": 4194304,
                                                    "Hash Batches": 1,
                                                    "Original Hash Batches": 1,
                                                    "Peak Memory Usage": 234404,
                                                    "Workers": [
                                                        {
                                                            "Worker Number": 0,
                                                            "Actual Startup Time": 3144.855,
                                                            "Actual Total Time": 3144.857,
                                                            "Actual Rows": 4323018,
                                                            "Actual Loops": 1
                                                        },
                                                        {
                                                            "Worker Number": 1,
                                                            "Actual Startup Time": 2862.17,
                                                            "Actual Total Time": 2862.172,
                                                            "Actual Rows": 4323018,
                                                            "Actual Loops": 1
                                                        },
                                                        {
                                                            "Worker Number": 2,
                                                            "Actual Startup Time": 2959.717,
                                                            "Actual Total Time": 2959.719,
                                                            "Actual Rows": 4323018,
                                                            "Actual Loops": 1
                                                        }
                                                    ],
                                                    "Plans": [
                                                        {
                                                            "Node Type": "Nested Loop",
                                                            "Parent Relationship": "Outer",
                                                            "Parallel Aware": false,
                                                            "Join Type": "Inner",
                                                            "Startup Cost": 0.56,
                                                            "Total Cost": 147569.99,
                                                            "Plan Rows": 3020976,
                                                            "Plan Width": 8,
                                                            "Actual Startup Time": 0.286,
                                                            "Actual Total Time": 1607.255,
                                                            "Actual Rows": 4323018,
                                                            "Actual Loops": 4,
                                                            "Output": [
                                                                "ci.person_id",
                                                                "ci.movie_id"
                                                            ],
                                                            "Inner Unique": false,
                                                            "Workers": [
                                                                {
                                                                    "Worker Number": 0,
                                                                    "Actual Startup Time": 0.39,
                                                                    "Actual Total Time": 1746.898,
                                                                    "Actual Rows": 4323018,
                                                                    "Actual Loops": 1
                                                                },
                                                                {
                                                                    "Worker Number": 1,
                                                                    "Actual Startup Time": 0.32,
                                                                    "Actual Total Time": 1536.412,
                                                                    "Actual Rows": 4323018,
                                                                    "Actual Loops": 1
                                                                },
                                                                {
                                                                    "Worker Number": 2,
                                                                    "Actual Startup Time": 0.202,
                                                                    "Actual Total Time": 1629.711,
                                                                    "Actual Rows": 4323018,
                                                                    "Actual Loops": 1
                                                                }
                                                            ],
                                                            "Plans": [
                                                                {
                                                                    "Node Type": "Seq Scan",
                                                                    "Parent Relationship": "Outer",
                                                                    "Parallel Aware": false,
                                                                    "Relation Name": "role_type",
                                                                    "Schema": "public",
                                                                    "Alias": "rt",
                                                                    "Startup Cost": 0.0,
                                                                    "Total Cost": 1.15,
                                                                    "Plan Rows": 1,
                                                                    "Plan Width": 4,
                                                                    "Actual Startup Time": 0.049,
                                                                    "Actual Total Time": 0.055,
                                                                    "Actual Rows": 1,
                                                                    "Actual Loops": 4,
                                                                    "Output": [
                                                                        "rt.id",
                                                                        "rt.role"
                                                                    ],
                                                                    "Filter": "((rt.role)::text = 'miscellaneous crew'::text)",
                                                                    "Rows Removed by Filter": 11,
                                                                    "Workers": [
                                                                        {
                                                                            "Worker Number": 0,
                                                                            "Actual Startup Time": 0.073,
                                                                            "Actual Total Time": 0.077,
                                                                            "Actual Rows": 1,
                                                                            "Actual Loops": 1
                                                                        },
                                                                        {
                                                                            "Worker Number": 1,
                                                                            "Actual Startup Time": 0.05,
                                                                            "Actual Total Time": 0.056,
                                                                            "Actual Rows": 1,
                                                                            "Actual Loops": 1
                                                                        },
                                                                        {
                                                                            "Worker Number": 2,
                                                                            "Actual Startup Time": 0.053,
                                                                            "Actual Total Time": 0.06,
                                                                            "Actual Rows": 1,
                                                                            "Actual Loops": 1
                                                                        }
                                                                    ]
                                                                },
                                                                {
                                                                    "Node Type": "Index Scan",
                                                                    "Parent Relationship": "Inner",
                                                                    "Parallel Aware": false,
                                                                    "Scan Direction": "Forward",
                                                                    "Index Name": "role_id_cast_info",
                                                                    "Relation Name": "cast_info",
                                                                    "Schema": "public",
                                                                    "Alias": "ci",
                                                                    "Startup Cost": 0.56,
                                                                    "Total Cost": 114612.74,
                                                                    "Plan Rows": 3295610,
                                                                    "Plan Width": 12,
                                                                    "Actual Startup Time": 0.223,
                                                                    "Actual Total Time": 1073.66,
                                                                    "Actual Rows": 4323018,
                                                                    "Actual Loops": 4,
                                                                    "Output": [
                                                                        "ci.id",
                                                                        "ci.person_id",
                                                                        "ci.movie_id",
                                                                        "ci.person_role_id",
                                                                        "ci.note",
                                                                        "ci.nr_order",
                                                                        "ci.role_id"
                                                                    ],
                                                                    "Index Cond": "(ci.role_id = rt.id)",
                                                                    "Rows Removed by Index Recheck": 0,
                                                                    "Workers": [
                                                                        {
                                                                            "Worker Number": 0,
                                                                            "Actual Startup Time": 0.3,
                                                                            "Actual Total Time": 1177.025,
                                                                            "Actual Rows": 4323018,
                                                                            "Actual Loops": 1
                                                                        },
                                                                        {
                                                                            "Worker Number": 1,
                                                                            "Actual Startup Time": 0.253,
                                                                            "Actual Total Time": 984.014,
                                                                            "Actual Rows": 4323018,
                                                                            "Actual Loops": 1
                                                                        },
                                                                        {
                                                                            "Worker Number": 2,
                                                                            "Actual Startup Time": 0.136,
                                                                            "Actual Total Time": 1117.407,
                                                                            "Actual Rows": 4323018,
                                                                            "Actual Loops": 1
                                                                        }
                                                                    ]
                                                                }
                                                            ]
                                                        }
                                                    ]
                                                }
                                            ]
                                        },
                                        {
                                            "Node Type": "Hash",
                                            "Parent Relationship": "Inner",
                                            "Parallel Aware": true,
                                            "Startup Cost": 88603.94,
                                            "Total Cost": 88603.94,
                                            "Plan Rows": 225336,
                                            "Plan Width": 24,
                                            "Actual Startup Time": 917.964,
                                            "Actual Total Time": 917.968,
                                            "Actual Rows": 225336,
                                            "Actual Loops": 4,
                                            "Output": [
                                                "an1.name",
                                                "an1.person_id",
                                                "n1.id"
                                            ],
                                            "Hash Buckets": 1048576,
                                            "Original Hash Buckets": 1048576,
                                            "Hash Batches": 1,
                                            "Original Hash Batches": 1,
                                            "Peak Memory Usage": 61120,
                                            "Workers": [
                                                {
                                                    "Worker Number": 0,
                                                    "Actual Startup Time": 920.495,
                                                    "Actual Total Time": 920.5,
                                                    "Actual Rows": 232171,
                                                    "Actual Loops": 1
                                                },
                                                {
                                                    "Worker Number": 1,
                                                    "Actual Startup Time": 919.333,
                                                    "Actual Total Time": 919.336,
                                                    "Actual Rows": 216256,
                                                    "Actual Loops": 1
                                                },
                                                {
                                                    "Worker Number": 2,
                                                    "Actual Startup Time": 919.425,
                                                    "Actual Total Time": 919.428,
                                                    "Actual Rows": 233687,
                                                    "Actual Loops": 1
                                                }
                                            ],
                                            "Plans": [
                                                {
                                                    "Node Type": "Hash Join",
                                                    "Parent Relationship": "Outer",
                                                    "Parallel Aware": true,
                                                    "Join Type": "Inner",
                                                    "Startup Cost": 17938.01,
                                                    "Total Cost": 88603.94,
                                                    "Plan Rows": 225336,
                                                    "Plan Width": 24,
                                                    "Actual Startup Time": 183.105,
                                                    "Actual Total Time": 794.335,
                                                    "Actual Rows": 225336,
                                                    "Actual Loops": 4,
                                                    "Output": [
                                                        "an1.name",
                                                        "an1.person_id",
                                                        "n1.id"
                                                    ],
                                                    "Inner Unique": false,
                                                    "Hash Cond": "(n1.id = an1.person_id)",
                                                    "Workers": [
                                                        {
                                                            "Worker Number": 0,
                                                            "Actual Startup Time": 183.138,
                                                            "Actual Total Time": 793.933,
                                                            "Actual Rows": 232171,
                                                            "Actual Loops": 1
                                                        },
                                                        {
                                                            "Worker Number": 1,
                                                            "Actual Startup Time": 183.045,
                                                            "Actual Total Time": 795.506,
                                                            "Actual Rows": 216256,
                                                            "Actual Loops": 1
                                                        },
                                                        {
                                                            "Worker Number": 2,
                                                            "Actual Startup Time": 183.086,
                                                            "Actual Total Time": 789.849,
                                                            "Actual Rows": 233687,
                                                            "Actual Loops": 1
                                                        }
                                                    ],
                                                    "Plans": [
                                                        {
                                                            "Node Type": "Seq Scan",
                                                            "Parent Relationship": "Outer",
                                                            "Parallel Aware": true,
                                                            "Relation Name": "name",
                                                            "Schema": "public",
                                                            "Alias": "n1",
                                                            "Startup Cost": 0.0,
                                                            "Total Cost": 66031.94,
                                                            "Plan Rows": 1041894,
                                                            "Plan Width": 4,
                                                            "Actual Startup Time": 0.029,
                                                            "Actual Total Time": 181.53,
                                                            "Actual Rows": 1041873,
                                                            "Actual Loops": 4,
                                                            "Output": [
                                                                "n1.id",
                                                                "n1.name",
                                                                "n1.imdb_index",
                                                                "n1.imdb_id",
                                                                "n1.gender",
                                                                "n1.name_pcode_cf",
                                                                "n1.name_pcode_nf",
                                                                "n1.surname_pcode",
                                                                "n1.md5sum"
                                                            ],
                                                            "Workers": [
                                                                {
                                                                    "Worker Number": 0,
                                                                    "Actual Startup Time": 0.03,
                                                                    "Actual Total Time": 177.27,
                                                                    "Actual Rows": 1072024,
                                                                    "Actual Loops": 1
                                                                },
                                                                {
                                                                    "Worker Number": 1,
                                                                    "Actual Startup Time": 0.033,
                                                                    "Actual Total Time": 186.595,
                                                                    "Actual Rows": 999944,
                                                                    "Actual Loops": 1
                                                                },
                                                                {
                                                                    "Worker Number": 2,
                                                                    "Actual Startup Time": 0.039,
                                                                    "Actual Total Time": 178.562,
                                                                    "Actual Rows": 1082584,
                                                                    "Actual Loops": 1
                                                                }
                                                            ]
                                                        },
                                                        {
                                                            "Node Type": "Hash",
                                                            "Parent Relationship": "Inner",
                                                            "Parallel Aware": true,
                                                            "Startup Cost": 14303.56,
                                                            "Total Cost": 14303.56,
                                                            "Plan Rows": 290756,
                                                            "Plan Width": 20,
                                                            "Actual Startup Time": 180.111,
                                                            "Actual Total Time": 180.112,
                                                            "Actual Rows": 225336,
                                                            "Actual Loops": 4,
                                                            "Output": [
                                                                "an1.name",
                                                                "an1.person_id"
                                                            ],
                                                            "Hash Buckets": 1048576,
                                                            "Original Hash Buckets": 1048576,
                                                            "Hash Batches": 1,
                                                            "Original Hash Batches": 1,
                                                            "Peak Memory Usage": 58080,
                                                            "Workers": [
                                                                {
                                                                    "Worker Number": 0,
                                                                    "Actual Startup Time": 183.018,
                                                                    "Actual Total Time": 183.019,
                                                                    "Actual Rows": 225400,
                                                                    "Actual Loops": 1
                                                                },
                                                                {
                                                                    "Worker Number": 1,
                                                                    "Actual Startup Time": 182.899,
                                                                    "Actual Total Time": 182.9,
                                                                    "Actual Rows": 213524,
                                                                    "Actual Loops": 1
                                                                },
                                                                {
                                                                    "Worker Number": 2,
                                                                    "Actual Startup Time": 182.948,
                                                                    "Actual Total Time": 182.949,
                                                                    "Actual Rows": 217690,
                                                                    "Actual Loops": 1
                                                                }
                                                            ],
                                                            "Plans": [
                                                                {
                                                                    "Node Type": "Seq Scan",
                                                                    "Parent Relationship": "Outer",
                                                                    "Parallel Aware": true,
                                                                    "Relation Name": "aka_name",
                                                                    "Schema": "public",
                                                                    "Alias": "an1",
                                                                    "Startup Cost": 0.0,
                                                                    "Total Cost": 14303.56,
                                                                    "Plan Rows": 290756,
                                                                    "Plan Width": 20,
                                                                    "Actual Startup Time": 0.042,
                                                                    "Actual Total Time": 58.815,
                                                                    "Actual Rows": 225336,
                                                                    "Actual Loops": 4,
                                                                    "Output": [
                                                                        "an1.name",
                                                                        "an1.person_id"
                                                                    ],
                                                                    "Workers": [
                                                                        {
                                                                            "Worker Number": 0,
                                                                            "Actual Startup Time": 0.036,
                                                                            "Actual Total Time": 58.498,
                                                                            "Actual Rows": 225400,
                                                                            "Actual Loops": 1
                                                                        },
                                                                        {
                                                                            "Worker Number": 1,
                                                                            "Actual Startup Time": 0.065,
                                                                            "Actual Total Time": 59.365,
                                                                            "Actual Rows": 213524,
                                                                            "Actual Loops": 1
                                                                        },
                                                                        {
                                                                            "Worker Number": 2,
                                                                            "Actual Startup Time": 0.051,
                                                                            "Actual Total Time": 58.171,
                                                                            "Actual Rows": 217690,
                                                                            "Actual Loops": 1
                                                                        }
                                                                    ]
                                                                }
                                                            ]
                                                        }
                                                    ]
                                                }
                                            ]
                                        }
                                    ]
                                }
                            ]
                        }
                    ]
                }
            ]
        },
        "Planning Time": 1364.264,
        "Triggers": [],
        "Execution Time": 5634.602
    }
]