[
  {
    "Plan": {
      "Node Type": "Aggregate",
      "Strategy": "Plain",
      "Partial Mode": "Finalize",
      "Parallel Aware": false,
      "Startup Cost": 31200.37,
      "Total Cost": 31200.38,
      "Plan Rows": 1,
      "Plan Width": 8,
      "Actual Startup Time": 103.578,
      "Actual Total Time": 111.291,
      "Actual Rows": 1,
      "Actual Loops": 1,
      "Plans": [
        {
          "Node Type": "Gather",
          "Parent Relationship": "Outer",
          "Parallel Aware": false,
          "Startup Cost": 31200.05,
          "Total Cost": 31200.36,
          "Plan Rows": 3,
          "Plan Width": 8,
          "Actual Startup Time": 103.424,
          "Actual Total Time": 111.283,
          "Actual Rows": 4,
          "Actual Loops": 1,
          "Workers Planned": 3,
          "Workers Launched": 3,
          "Single Copy": false,
          "Plans": [
            {
              "Node Type": "Aggregate",
              "Strategy": "Plain",
              "Partial Mode": "Partial",
              "Parent Relationship": "Outer",
              "Parallel Aware": false,
              "Startup Cost": 30200.05,
              "Total Cost": 30200.06,
              "Plan Rows": 1,
              "Plan Width": 8,
              "Actual Startup Time": 95.035,
              "Actual Total Time": 95.036,
              "Actual Rows": 1,
              "Actual Loops": 4,
              "Plans": [
                {
                  "Node Type": "Seq Scan",
                  "Parent Relationship": "Outer",
                  "Parallel Aware": true,
                  "Relation Name": "movie_companies",
                  "Alias": "mc",
                  "Startup Cost": 0.0,
                  "Total Cost": 29310.68,
                  "Plan Rows": 355749,
                  "Plan Width": 0,
                  "Actual Startup Time": 0.045,
                  "Actual Total Time": 78.442,
                  "Actual Rows": 274669,
                  "Actual Loops": 4,
                  "Filter": "(company_id < 7540)",
                  "Rows Removed by Filter": 377613
                }
              ]
            }
          ]
        }
      ]
    },
    "Planning Time": 0.165,
    "Triggers": [],
    "Execution Time": 111.349
  }
]