[
  {
    "Plan": {
      "Node Type": "Aggregate",
      "Strategy": "Plain",
      "Partial Mode": "Finalize",
      "Parallel Aware": false,
      "Startup Cost": 31417.04,
      "Total Cost": 31417.05,
      "Plan Rows": 1,
      "Plan Width": 8,
      "Actual Startup Time": 108.565,
      "Actual Total Time": 116.87,
      "Actual Rows": 1,
      "Actual Loops": 1,
      "Plans": [
        {
          "Node Type": "Gather",
          "Parent Relationship": "Outer",
          "Parallel Aware": false,
          "Startup Cost": 31416.72,
          "Total Cost": 31417.03,
          "Plan Rows": 3,
          "Plan Width": 8,
          "Actual Startup Time": 108.367,
          "Actual Total Time": 116.855,
          "Actual Rows": 4,
          "Actual Loops": 1,
          "Workers Planned": 3,
          "Workers Launched": 3,
          "Single Copy": false,
          "Plans": [
            {
              "Node Type": "Aggregate",
              "Strategy": "Plain",
              "Partial Mode": "Partial",
              "Parent Relationship": "Outer",
              "Parallel Aware": false,
              "Startup Cost": 30416.72,
              "Total Cost": 30416.73,
              "Plan Rows": 1,
              "Plan Width": 8,
              "Actual Startup Time": 101.703,
              "Actual Total Time": 101.705,
              "Actual Rows": 1,
              "Actual Loops": 4,
              "Plans": [
                {
                  "Node Type": "Seq Scan",
                  "Parent Relationship": "Outer",
                  "Parallel Aware": true,
                  "Relation Name": "movie_companies",
                  "Alias": "mc",
                  "Startup Cost": 0.0,
                  "Total Cost": 29310.68,
                  "Plan Rows": 442417,
                  "Plan Width": 0,
                  "Actual Startup Time": 0.032,
                  "Actual Total Time": 82.986,
                  "Actual Rows": 344990,
                  "Actual Loops": 4,
                  "Filter": "(company_id < 11930)",
                  "Rows Removed by Filter": 307292
                }
              ]
            }
          ]
        }
      ]
    },
    "Planning Time": 0.196,
    "Triggers": [],
    "Execution Time": 116.927
  }
]