[
  {
    "Plan": {
      "Node Type": "Aggregate",
      "Strategy": "Plain",
      "Partial Mode": "Finalize",
      "Parallel Aware": false,
      "Startup Cost": 45786.04,
      "Total Cost": 45786.05,
      "Plan Rows": 1,
      "Plan Width": 8,
      "Actual Startup Time": 124.752,
      "Actual Total Time": 128.982,
      "Actual Rows": 1,
      "Actual Loops": 1,
      "Plans": [
        {
          "Node Type": "Gather",
          "Parent Relationship": "Outer",
          "Parallel Aware": false,
          "Startup Cost": 45785.72,
          "Total Cost": 45786.03,
          "Plan Rows": 3,
          "Plan Width": 8,
          "Actual Startup Time": 124.645,
          "Actual Total Time": 128.977,
          "Actual Rows": 4,
          "Actual Loops": 1,
          "Workers Planned": 3,
          "Workers Launched": 3,
          "Single Copy": false,
          "Plans": [
            {
              "Node Type": "Aggregate",
              "Strategy": "Plain",
              "Partial Mode": "Partial",
              "Parent Relationship": "Outer",
              "Parallel Aware": false,
              "Startup Cost": 44785.72,
              "Total Cost": 44785.73,
              "Plan Rows": 1,
              "Plan Width": 8,
              "Actual Startup Time": 122.267,
              "Actual Total Time": 122.268,
              "Actual Rows": 1,
              "Actual Loops": 4,
              "Plans": [
                {
                  "Node Type": "Seq Scan",
                  "Parent Relationship": "Outer",
                  "Parallel Aware": true,
                  "Relation Name": "movie_keyword",
                  "Alias": "mk",
                  "Startup Cost": 0.0,
                  "Total Cost": 42695.65,
                  "Plan Rows": 836027,
                  "Plan Width": 0,
                  "Actual Startup Time": 0.013,
                  "Actual Total Time": 95.159,
                  "Actual Rows": 651420,
                  "Actual Loops": 4,
                  "Filter": "(keyword_id < 7058)",
                  "Rows Removed by Filter": 479562
                }
              ]
            }
          ]
        }
      ]
    },
    "Planning Time": 0.105,
    "Triggers": [],
    "Execution Time": 129.006
  }
]