[
  {
    "Plan": {
      "Node Type": "Aggregate",
      "Strategy": "Plain",
      "Partial Mode": "Finalize",
      "Parallel Aware": false,
      "Startup Cost": 33186.87,
      "Total Cost": 33186.88,
      "Plan Rows": 1,
      "Plan Width": 8,
      "Actual Startup Time": 101.304,
      "Actual Total Time": 109.316,
      "Actual Rows": 1,
      "Actual Loops": 1,
      "Plans": [
        {
          "Node Type": "Gather",
          "Parent Relationship": "Outer",
          "Parallel Aware": false,
          "Startup Cost": 33186.55,
          "Total Cost": 33186.86,
          "Plan Rows": 3,
          "Plan Width": 8,
          "Actual Startup Time": 101.173,
          "Actual Total Time": 109.308,
          "Actual Rows": 4,
          "Actual Loops": 1,
          "Workers Planned": 3,
          "Workers Launched": 3,
          "Single Copy": false,
          "Plans": [
            {
              "Node Type": "Aggregate",
              "Strategy": "Plain",
              "Partial Mode": "Partial",
              "Parent Relationship": "Outer",
              "Parallel Aware": false,
              "Startup Cost": 32186.55,
              "Total Cost": 32186.56,
              "Plan Rows": 1,
              "Plan Width": 8,
              "Actual Startup Time": 93.244,
              "Actual Total Time": 93.245,
              "Actual Rows": 1,
              "Actual Loops": 4,
              "Plans": [
                {
                  "Node Type": "Seq Scan",
                  "Parent Relationship": "Outer",
                  "Parallel Aware": true,
                  "Relation Name": "movie_companies",
                  "Alias": "mc",
                  "Startup Cost": 0.0,
                  "Total Cost": 31414.82,
                  "Plan Rows": 308694,
                  "Plan Width": 0,
                  "Actual Startup Time": 0.589,
                  "Actual Total Time": 82.978,
                  "Actual Rows": 200139,
                  "Actual Loops": 4,
                  "Filter": "((company_id > 963) AND (company_type_id < 2))",
                  "Rows Removed by Filter": 452143
                }
              ]
            }
          ]
        }
      ]
    },
    "Planning Time": 0.221,
    "Triggers": [],
    "Execution Time": 109.371
  }
]