[
  {
    "Plan": {
      "Node Type": "Aggregate",
      "Strategy": "Plain",
      "Partial Mode": "Finalize",
      "Parallel Aware": false,
      "Startup Cost": 59421.62,
      "Total Cost": 59421.63,
      "Plan Rows": 1,
      "Plan Width": 8,
      "Actual Startup Time": 98.392,
      "Actual Total Time": 111.661,
      "Actual Rows": 1,
      "Actual Loops": 1,
      "Plans": [
        {
          "Node Type": "Gather",
          "Parent Relationship": "Outer",
          "Parallel Aware": false,
          "Startup Cost": 59421.2,
          "Total Cost": 59421.61,
          "Plan Rows": 4,
          "Plan Width": 8,
          "Actual Startup Time": 98.103,
          "Actual Total Time": 111.65,
          "Actual Rows": 5,
          "Actual Loops": 1,
          "Workers Planned": 4,
          "Workers Launched": 4,
          "Single Copy": false,
          "Plans": [
            {
              "Node Type": "Aggregate",
              "Strategy": "Plain",
              "Partial Mode": "Partial",
              "Parent Relationship": "Outer",
              "Parallel Aware": false,
              "Startup Cost": 58421.2,
              "Total Cost": 58421.21,
              "Plan Rows": 1,
              "Plan Width": 8,
              "Actual Startup Time": 92.762,
              "Actual Total Time": 92.763,
              "Actual Rows": 1,
              "Actual Loops": 5,
              "Plans": [
                {
                  "Node Type": "Nested Loop",
                  "Parent Relationship": "Outer",
                  "Parallel Aware": false,
                  "Join Type": "Inner",
                  "Startup Cost": 0.43,
                  "Total Cost": 58415.68,
                  "Plan Rows": 2208,
                  "Plan Width": 0,
                  "Actual Startup Time": 2.013,
                  "Actual Total Time": 92.425,
                  "Actual Rows": 6137,
                  "Actual Loops": 5,
                  "Inner Unique": false,
                  "Plans": [
                    {
                      "Node Type": "Seq Scan",
                      "Parent Relationship": "Outer",
                      "Parallel Aware": true,
                      "Relation Name": "title",
                      "Alias": "t",
                      "Startup Cost": 0.0,
                      "Total Cost": 45479.59,
                      "Plan Rows": 1463,
                      "Plan Width": 4,
                      "Actual Startup Time": 0.52,
                      "Actual Total Time": 75.871,
                      "Actual Rows": 1417,
                      "Actual Loops": 5,
                      "Filter": "((kind_id < 7) AND (production_year = 1983))",
                      "Rows Removed by Filter": 504245
                    },
                    {
                      "Node Type": "Index Scan",
                      "Parent Relationship": "Inner",
                      "Parallel Aware": false,
                      "Scan Direction": "Forward",
                      "Index Name": "movie_id_movie_keyword",
                      "Relation Name": "movie_keyword",
                      "Alias": "mk",
                      "Startup Cost": 0.43,
                      "Total Cost": 8.45,
                      "Plan Rows": 39,
                      "Plan Width": 4,
                      "Actual Startup Time": 0.01,
                      "Actual Total Time": 0.011,
                      "Actual Rows": 4,
                      "Actual Loops": 7085,
                      "Index Cond": "(movie_id = t.id)",
                      "Rows Removed by Index Recheck": 0,
                      "Filter": "(keyword_id < 26723)",
                      "Rows Removed by Filter": 1
                    }
                  ]
                }
              ]
            }
          ]
        }
      ]
    },
    "Planning Time": 0.255,
    "Triggers": [],
    "Execution Time": 111.697
  }
]