{
  "Plan": {
    "Node Type": "Aggregate",
    "Strategy": "Plain",
    "Partial Mode": "Finalize",
    "Parallel Aware": false,
    "Startup Cost": 84310.73,
    "Total Cost": 84310.74,
    "Plan Rows": 1,
    "Plan Width": 8,
    "Actual Startup Time": 199.445,
    "Actual Total Time": 207.648,
    "Actual Rows": 1,
    "Actual Loops": 1,
    "Plans": [
      {
        "Node Type": "Gather",
        "Parent Relationship": "Outer",
        "Parallel Aware": false,
        "Startup Cost": 84310.62,
        "Total Cost": 84310.73,
        "Plan Rows": 1,
        "Plan Width": 8,
        "Actual Startup Time": 199.274,
        "Actual Total Time": 207.639,
        "Actual Rows": 2,
        "Actual Loops": 1,
        "Workers Planned": 1,
        "Workers Launched": 1,
        "Single Copy": false,
        "Plans": [
          {
            "Node Type": "Aggregate",
            "Strategy": "Plain",
            "Partial Mode": "Partial",
            "Parent Relationship": "Outer",
            "Parallel Aware": false,
            "Startup Cost": 83310.62,
            "Total Cost": 83310.63,
            "Plan Rows": 1,
            "Plan Width": 8,
            "Actual Startup Time": 196.26,
            "Actual Total Time": 196.264,
            "Actual Rows": 1,
            "Actual Loops": 2,
            "Plans": [
              {
                "Node Type": "Hash Join",
                "Parent Relationship": "Outer",
                "Parallel Aware": true,
                "Join Type": "Inner",
                "Startup Cost": 39490.99,
                "Total Cost": 83287.62,
                "Plan Rows": 9198,
                "Plan Width": 0,
                "Actual Startup Time": 135.545,
                "Actual Total Time": 196.204,
                "Actual Rows": 700,
                "Actual Loops": 2,
                "Inner Unique": true,
                "Hash Cond": "(mc.movie_id = t.id)",
                "Plans": [
                  {
                    "Node Type": "Seq Scan",
                    "Parent Relationship": "Outer",
                    "Parallel Aware": true,
                    "Relation Name": "movie_companies",
                    "Alias": "mc",
                    "Startup Cost": 0.0,
                    "Total Cost": 41811.73,
                    "Plan Rows": 756152,
                    "Plan Width": 4,
                    "Actual Startup Time": 48.629,
                    "Actual Total Time": 113.344,
                    "Actual Rows": 630370,
                    "Actual Loops": 2,
                    "Filter": "((company_id < 173830) AND (company_type_id = 2))",
                    "Rows Removed by Filter": 674194
                  },
                  {
                    "Node Type": "Hash",
                    "Parent Relationship": "Inner",
                    "Parallel Aware": true,
                    "Startup Cost": 39264.87,
                    "Total Cost": 39264.87,
                    "Plan Rows": 18090,
                    "Plan Width": 4,
                    "Actual Startup Time": 47.981,
                    "Actual Total Time": 47.983,
                    "Actual Rows": 1562,
                    "Actual Loops": 2,
                    "Hash Buckets": 32768,
                    "Original Hash Buckets": 32768,
                    "Hash Batches": 1,
                    "Original Hash Batches": 1,
                    "Peak Memory Usage": 416,
                    "Plans": [
                      {
                        "Node Type": "Bitmap Heap Scan",
                        "Parent Relationship": "Outer",
                        "Parallel Aware": true,
                        "Relation Name": "title",
                        "Alias": "t",
                        "Startup Cost": 2188.63,
                        "Total Cost": 39264.87,
                        "Plan Rows": 18090,
                        "Plan Width": 4,
                        "Actual Startup Time": 15.385,
                        "Actual Total Time": 47.306,
                        "Actual Rows": 1562,
                        "Actual Loops": 2,
                        "Recheck Cond": "(kind_id = 4)",
                        "Rows Removed by Index Recheck": 0,
                        "Filter": "(production_year < 1988)",
                        "Rows Removed by Filter": 57554,
                        "Exact Heap Blocks": 10843,
                        "Lossy Heap Blocks": 0,
                        "Plans": [
                          {
                            "Node Type": "Bitmap Index Scan",
                            "Parent Relationship": "Outer",
                            "Parallel Aware": false,
                            "Index Name": "kind_id_title",
                            "Startup Cost": 0.0,
                            "Total Cost": 2180.94,
                            "Plan Rows": 122201,
                            "Plan Width": 0,
                            "Actual Startup Time": 13.099,
                            "Actual Total Time": 13.099,
                            "Actual Rows": 118234,
                            "Actual Loops": 1,
                            "Index Cond": "(kind_id = 4)"
                          }
                        ]
                      }
                    ]
                  }
                ]
              }
            ]
          }
        ]
      }
    ]
  },
  "Planning Time": 0.382,
  "Triggers": [],
  "Execution Time": 207.722
}