[
  {
    "Plan": {
      "Node Type": "Aggregate",
      "Strategy": "Plain",
      "Partial Mode": "Finalize",
      "Parallel Aware": false,
      "Startup Cost": 343185.27,
      "Total Cost": 343185.28,
      "Plan Rows": 1,
      "Plan Width": 8,
      "Actual Startup Time": 912.041,
      "Actual Total Time": 971.073,
      "Actual Rows": 1,
      "Actual Loops": 1,
      "Plans": [
        {
          "Node Type": "Gather",
          "Parent Relationship": "Outer",
          "Parallel Aware": false,
          "Startup Cost": 343184.64,
          "Total Cost": 343185.25,
          "Plan Rows": 6,
          "Plan Width": 8,
          "Actual Startup Time": 911.905,
          "Actual Total Time": 971.063,
          "Actual Rows": 7,
          "Actual Loops": 1,
          "Workers Planned": 6,
          "Workers Launched": 6,
          "Single Copy": false,
          "Plans": [
            {
              "Node Type": "Aggregate",
              "Strategy": "Plain",
              "Partial Mode": "Partial",
              "Parent Relationship": "Outer",
              "Parallel Aware": false,
              "Startup Cost": 342184.64,
              "Total Cost": 342184.65,
              "Plan Rows": 1,
              "Plan Width": 8,
              "Actual Startup Time": 902.041,
              "Actual Total Time": 902.042,
              "Actual Rows": 1,
              "Actual Loops": 7,
              "Plans": [
                {
                  "Node Type": "Seq Scan",
                  "Parent Relationship": "Outer",
                  "Parallel Aware": true,
                  "Relation Name": "cast_info",
                  "Alias": "ci",
                  "Startup Cost": 0.0,
                  "Total Cost": 328162.03,
                  "Plan Rows": 5609046,
                  "Plan Width": 0,
                  "Actual Startup Time": 41.909,
                  "Actual Total Time": 681.753,
                  "Actual Rows": 4803538,
                  "Actual Loops": 7,
                  "Filter": "(person_id > 251716)",
                  "Rows Removed by Filter": 374226
                }
              ]
            }
          ]
        }
      ]
    },
    "Planning Time": 0.139,
    "Triggers": [],
    "Execution Time": 971.13
  }
]