{
    "Plan": {
        "Node Type": "Aggregate",
        "Strategy": "Plain",
        "Partial Mode": "Finalize",
        "Parallel Aware": false,
        "Startup Cost": 6431.55,
        "Total Cost": 6431.56,
        "Plan Rows": 1,
        "Plan Width": 64,
        "Actual Startup Time": 29.052,
        "Actual Total Time": 31.741,
        "Actual Rows": 1,
        "Actual Loops": 1,
        "Plans": [
            {
                "Node Type": "Gather",
                "Parent Relationship": "Outer",
                "Parallel Aware": false,
                "Startup Cost": 6431.43,
                "Total Cost": 6431.54,
                "Plan Rows": 1,
                "Plan Width": 64,
                "Actual Startup Time": 28.93,
                "Actual Total Time": 31.735,
                "Actual Rows": 2,
                "Actual Loops": 1,
                "Workers Planned": 1,
                "Workers Launched": 1,
                "Single Copy": false,
                "Plans": [
                    {
                        "Node Type": "Aggregate",
                        "Strategy": "Plain",
                        "Partial Mode": "Partial",
                        "Parent Relationship": "Outer",
                        "Parallel Aware": false,
                        "Startup Cost": 5431.43,
                        "Total Cost": 5431.44,
                        "Plan Rows": 1,
                        "Plan Width": 64,
                        "Actual Startup Time": 21.851,
                        "Actual Total Time": 21.857,
                        "Actual Rows": 1,
                        "Actual Loops": 2,
                        "Plans": [
                            {
                                "Node Type": "Nested Loop",
                                "Parent Relationship": "Outer",
                                "Parallel Aware": false,
                                "Join Type": "Inner",
                                "Startup Cost": 2.84,
                                "Total Cost": 5431.41,
                                "Plan Rows": 5,
                                "Plan Width": 61,
                                "Actual Startup Time": 12.498,
                                "Actual Total Time": 21.848,
                                "Actual Rows": 18,
                                "Actual Loops": 2,
                                "Inner Unique": true,
                                "Plans": [
                                    {
                                        "Node Type": "Nested Loop",
                                        "Parent Relationship": "Outer",
                                        "Parallel Aware": false,
                                        "Join Type": "Inner",
                                        "Startup Cost": 2.42,
                                        "Total Cost": 5429.21,
                                        "Plan Rows": 5,
                                        "Plan Width": 65,
                                        "Actual Startup Time": 12.491,
                                        "Actual Total Time": 21.762,
                                        "Actual Rows": 18,
                                        "Actual Loops": 2,
                                        "Inner Unique": false,
                                        "Plans": [
                                            {
                                                "Node Type": "Nested Loop",
                                                "Parent Relationship": "Outer",
                                                "Parallel Aware": false,
                                                "Join Type": "Inner",
                                                "Startup Cost": 1.99,
                                                "Total Cost": 5427.34,
                                                "Plan Rows": 1,
                                                "Plan Width": 77,
                                                "Actual Startup Time": 11.611,
                                                "Actual Total Time": 21.74,
                                                "Actual Rows": 2,
                                                "Actual Loops": 2,
                                                "Inner Unique": true,
                                                "Plans": [
                                                    {
                                                        "Node Type": "Nested Loop",
                                                        "Parent Relationship": "Outer",
                                                        "Parallel Aware": false,
                                                        "Join Type": "Inner",
                                                        "Startup Cost": 1.85,
                                                        "Total Cost": 5427.11,
                                                        "Plan Rows": 1,
                                                        "Plan Width": 81,
                                                        "Actual Startup Time": 11.607,
                                                        "Actual Total Time": 21.732,
                                                        "Actual Rows": 2,
                                                        "Actual Loops": 2,
                                                        "Inner Unique": false,
                                                        "Plans": [
                                                            {
                                                                "Node Type": "Nested Loop",
                                                                "Parent Relationship": "Outer",
                                                                "Parallel Aware": false,
                                                                "Join Type": "Inner",
                                                                "Startup Cost": 1.41,
                                                                "Total Cost": 5424.61,
                                                                "Plan Rows": 1,
                                                                "Plan Width": 29,
                                                                "Actual Startup Time": 10.889,
                                                                "Actual Total Time": 21.37,
                                                                "Actual Rows": 13,
                                                                "Actual Loops": 2,
                                                                "Inner Unique": true,
                                                                "Plans": [
                                                                    {
                                                                        "Node Type": "Nested Loop",
                                                                        "Parent Relationship": "Outer",
                                                                        "Parallel Aware": false,
                                                                        "Join Type": "Inner",
                                                                        "Startup Cost": 0.98,
                                                                        "Total Cost": 5423.69,
                                                                        "Plan Rows": 1,
                                                                        "Plan Width": 8,
                                                                        "Actual Startup Time": 10.879,
                                                                        "Actual Total Time": 21.268,
                                                                        "Actual Rows": 14,
                                                                        "Actual Loops": 2,
                                                                        "Inner Unique": true,
                                                                        "Plans": [
                                                                            {
                                                                                "Node Type": "Nested Loop",
                                                                                "Parent Relationship": "Outer",
                                                                                "Parallel Aware": false,
                                                                                "Join Type": "Inner",
                                                                                "Startup Cost": 0.85,
                                                                                "Total Cost": 5423.53,
                                                                                "Plan Rows": 1,
                                                                                "Plan Width": 12,
                                                                                "Actual Startup Time": 10.875,
                                                                                "Actual Total Time": 21.246,
                                                                                "Actual Rows": 14,
                                                                                "Actual Loops": 2,
                                                                                "Inner Unique": false,
                                                                                "Plans": [
                                                                                    {
                                                                                        "Node Type": "Nested Loop",
                                                                                        "Parent Relationship": "Outer",
                                                                                        "Parallel Aware": false,
                                                                                        "Join Type": "Inner",
                                                                                        "Startup Cost": 0.43,
                                                                                        "Total Cost": 5420.73,
                                                                                        "Plan Rows": 1,
                                                                                        "Plan Width": 8,
                                                                                        "Actual Startup Time": 10.719,
                                                                                        "Actual Total Time": 20.721,
                                                                                        "Actual Rows": 139,
                                                                                        "Actual Loops": 2,
                                                                                        "Inner Unique": false,
                                                                                        "Plans": [
                                                                                            {
                                                                                                "Node Type": "Seq Scan",
                                                                                                "Parent Relationship": "Outer",
                                                                                                "Parallel Aware": true,
                                                                                                "Relation Name": "company_name",
                                                                                                "Alias": "cn",
                                                                                                "Startup Cost": 0.0,
                                                                                                "Total Cost": 5068.5,
                                                                                                "Plan Rows": 1,
                                                                                                "Plan Width": 4,
                                                                                                "Actual Startup Time": 10.696,
                                                                                                "Actual Total Time": 19.572,
                                                                                                "Actual Rows": 0,
                                                                                                "Actual Loops": 2,
                                                                                                "Filter": "(((country_code)::text = '[us]'::text) AND (name = 'YouTube'::text))",
                                                                                                "Rows Removed by Filter": 117498
                                                                                            },
                                                                                            {
                                                                                                "Node Type": "Index Scan",
                                                                                                "Parent Relationship": "Inner",
                                                                                                "Parallel Aware": false,
                                                                                                "Scan Direction": "Forward",
                                                                                                "Index Name": "company_id_movie_companies",
                                                                                                "Relation Name": "movie_companies",
                                                                                                "Alias": "mc",
                                                                                                "Startup Cost": 0.43,
                                                                                                "Total Cost": 352.21,
                                                                                                "Plan Rows": 1,
                                                                                                "Plan Width": 12,
                                                                                                "Actual Startup Time": 0.037,
                                                                                                "Actual Total Time": 2.256,
                                                                                                "Actual Rows": 278,
                                                                                                "Actual Loops": 1,
                                                                                                "Index Cond": "(company_id = cn.id)",
                                                                                                "Rows Removed by Index Recheck": 0,
                                                                                                "Filter": "((note ~~ '%(200%)%'::text) AND (note ~~ '%(worldwide)%'::text))",
                                                                                                "Rows Removed by Filter": 1180
                                                                                            }
                                                                                        ]
                                                                                    },
                                                                                    {
                                                                                        "Node Type": "Index Only Scan",
                                                                                        "Parent Relationship": "Inner",
                                                                                        "Parallel Aware": false,
                                                                                        "Scan Direction": "Forward",
                                                                                        "Index Name": "movie_id_aka_title",
                                                                                        "Relation Name": "aka_title",
                                                                                        "Alias": "at",
                                                                                        "Startup Cost": 0.42,
                                                                                        "Total Cost": 2.77,
                                                                                        "Plan Rows": 3,
                                                                                        "Plan Width": 4,
                                                                                        "Actual Startup Time": 0.003,
                                                                                        "Actual Total Time": 0.004,
                                                                                        "Actual Rows": 0,
                                                                                        "Actual Loops": 278,
                                                                                        "Index Cond": "(movie_id = mc.movie_id)",
                                                                                        "Rows Removed by Index Recheck": 0,
                                                                                        "Heap Fetches": 27
                                                                                    }
                                                                                ]
                                                                            },
                                                                            {
                                                                                "Node Type": "Index Only Scan",
                                                                                "Parent Relationship": "Inner",
                                                                                "Parallel Aware": false,
                                                                                "Scan Direction": "Forward",
                                                                                "Index Name": "company_type_pkey",
                                                                                "Relation Name": "company_type",
                                                                                "Alias": "ct",
                                                                                "Startup Cost": 0.13,
                                                                                "Total Cost": 0.15,
                                                                                "Plan Rows": 1,
                                                                                "Plan Width": 4,
                                                                                "Actual Startup Time": 0.001,
                                                                                "Actual Total Time": 0.001,
                                                                                "Actual Rows": 1,
                                                                                "Actual Loops": 27,
                                                                                "Index Cond": "(id = mc.company_type_id)",
                                                                                "Rows Removed by Index Recheck": 0,
                                                                                "Heap Fetches": 27
                                                                            }
                                                                        ]
                                                                    },
                                                                    {
                                                                        "Node Type": "Index Scan",
                                                                        "Parent Relationship": "Inner",
                                                                        "Parallel Aware": false,
                                                                        "Scan Direction": "Forward",
                                                                        "Index Name": "title_pkey",
                                                                        "Relation Name": "title",
                                                                        "Alias": "t",
                                                                        "Startup Cost": 0.43,
                                                                        "Total Cost": 0.93,
                                                                        "Plan Rows": 1,
                                                                        "Plan Width": 21,
                                                                        "Actual Startup Time": 0.007,
                                                                        "Actual Total Time": 0.007,
                                                                        "Actual Rows": 1,
                                                                        "Actual Loops": 27,
                                                                        "Index Cond": "(id = at.movie_id)",
                                                                        "Rows Removed by Index Recheck": 0,
                                                                        "Filter": "((production_year >= 2005) AND (production_year <= 2010))",
                                                                        "Rows Removed by Filter": 0
                                                                    }
                                                                ]
                                                            },
                                                            {
                                                                "Node Type": "Index Scan",
                                                                "Parent Relationship": "Inner",
                                                                "Parallel Aware": false,
                                                                "Scan Direction": "Forward",
                                                                "Index Name": "movie_id_movie_info",
                                                                "Relation Name": "movie_info",
                                                                "Alias": "mi",
                                                                "Startup Cost": 0.43,
                                                                "Total Cost": 2.49,
                                                                "Plan Rows": 1,
                                                                "Plan Width": 52,
                                                                "Actual Startup Time": 0.026,
                                                                "Actual Total Time": 0.027,
                                                                "Actual Rows": 0,
                                                                "Actual Loops": 26,
                                                                "Index Cond": "(movie_id = t.id)",
                                                                "Rows Removed by Index Recheck": 0,
                                                                "Filter": "((note ~~ '%internet%'::text) AND (info ~~ 'USA:% 200%'::text))",
                                                                "Rows Removed by Filter": 19
                                                            }
                                                        ]
                                                    },
                                                    {
                                                        "Node Type": "Index Scan",
                                                        "Parent Relationship": "Inner",
                                                        "Parallel Aware": false,
                                                        "Scan Direction": "Forward",
                                                        "Index Name": "info_type_pkey",
                                                        "Relation Name": "info_type",
                                                        "Alias": "it1",
                                                        "Startup Cost": 0.14,
                                                        "Total Cost": 0.18,
                                                        "Plan Rows": 1,
                                                        "Plan Width": 4,
                                                        "Actual Startup Time": 0.003,
                                                        "Actual Total Time": 0.003,
                                                        "Actual Rows": 1,
                                                        "Actual Loops": 3,
                                                        "Index Cond": "(id = mi.info_type_id)",
                                                        "Rows Removed by Index Recheck": 0,
                                                        "Filter": "((info)::text = 'release dates'::text)",
                                                        "Rows Removed by Filter": 0
                                                    }
                                                ]
                                            },
                                            {
                                                "Node Type": "Index Scan",
                                                "Parent Relationship": "Inner",
                                                "Parallel Aware": false,
                                                "Scan Direction": "Forward",
                                                "Index Name": "movie_id_movie_keyword",
                                                "Relation Name": "movie_keyword",
                                                "Alias": "mk",
                                                "Startup Cost": 0.43,
                                                "Total Cost": 1.42,
                                                "Plan Rows": 45,
                                                "Plan Width": 8,
                                                "Actual Startup Time": 0.009,
                                                "Actual Total Time": 0.011,
                                                "Actual Rows": 12,
                                                "Actual Loops": 3,
                                                "Index Cond": "(movie_id = t.id)",
                                                "Rows Removed by Index Recheck": 0
                                            }
                                        ]
                                    },
                                    {
                                        "Node Type": "Index Only Scan",
                                        "Parent Relationship": "Inner",
                                        "Parallel Aware": false,
                                        "Scan Direction": "Forward",
                                        "Index Name": "keyword_pkey",
                                        "Relation Name": "keyword",
                                        "Alias": "k",
                                        "Startup Cost": 0.42,
                                        "Total Cost": 0.44,
                                        "Plan Rows": 1,
                                        "Plan Width": 4,
                                        "Actual Startup Time": 0.004,
                                        "Actual Total Time": 0.004,
                                        "Actual Rows": 1,
                                        "Actual Loops": 37,
                                        "Index Cond": "(id = mk.keyword_id)",
                                        "Rows Removed by Index Recheck": 0,
                                        "Heap Fetches": 37
                                    }
                                ]
                            }
                        ]
                    }
                ]
            }
        ]
    },
    "Planning Time": 24.69,
    "Triggers": [],
    "Execution Time": 31.854
}