{
  "Plan": {
    "Node Type": "Aggregate",
    "Strategy": "Plain",
    "Partial Mode": "Finalize",
    "Parallel Aware": false,
    "Startup Cost": 3414143.7,
    "Total Cost": 3414143.71,
    "Plan Rows": 1,
    "Plan Width": 8,
    "Actual Startup Time": 30710.101,
    "Actual Total Time": 30819.131,
    "Actual Rows": 1,
    "Actual Loops": 1,
    "Plans": [
      {
        "Node Type": "Gather",
        "Parent Relationship": "Outer",
        "Parallel Aware": false,
        "Startup Cost": 3414143.59,
        "Total Cost": 3414143.7,
        "Plan Rows": 1,
        "Plan Width": 8,
        "Actual Startup Time": 30692.699,
        "Actual Total Time": 30819.122,
        "Actual Rows": 2,
        "Actual Loops": 1,
        "Workers Planned": 1,
        "Workers Launched": 1,
        "Single Copy": false,
        "Plans": [
          {
            "Node Type": "Aggregate",
            "Strategy": "Plain",
            "Partial Mode": "Partial",
            "Parent Relationship": "Outer",
            "Parallel Aware": false,
            "Startup Cost": 3413143.59,
            "Total Cost": 3413143.6,
            "Plan Rows": 1,
            "Plan Width": 8,
            "Actual Startup Time": 30688.968,
            "Actual Total Time": 30688.973,
            "Actual Rows": 1,
            "Actual Loops": 2,
            "Plans": [
              {
                "Node Type": "Merge Join",
                "Parent Relationship": "Outer",
                "Parallel Aware": false,
                "Join Type": "Inner",
                "Startup Cost": 869345.75,
                "Total Cost": 3332395.53,
                "Plan Rows": 32299224,
                "Plan Width": 0,
                "Actual Startup Time": 4564.351,
                "Actual Total Time": 27535.901,
                "Actual Rows": 73412188,
                "Actual Loops": 2,
                "Inner Unique": false,
                "Merge Cond": "(ci.movie_id = t.id)",
                "Plans": [
                  {
                    "Node Type": "Index Only Scan",
                    "Parent Relationship": "Outer",
                    "Parallel Aware": true,
                    "Scan Direction": "Forward",
                    "Index Name": "movie_id_cast_info",
                    "Relation Name": "cast_info",
                    "Alias": "ci",
                    "Startup Cost": 0.56,
                    "Total Cost": 1925345.15,
                    "Plan Rows": 21310595,
                    "Plan Width": 4,
                    "Actual Startup Time": 0.063,
                    "Actual Total Time": 12819.728,
                    "Actual Rows": 18122172,
                    "Actual Loops": 2,
                    "Heap Fetches": 36244344
                  },
                  {
                    "Node Type": "Sort",
                    "Parent Relationship": "Inner",
                    "Parallel Aware": false,
                    "Startup Cost": 869303.22,
                    "Total Cost": 878883.19,
                    "Plan Rows": 3831986,
                    "Plan Width": 8,
                    "Actual Startup Time": 4564.265,
                    "Actual Total Time": 7252.603,
                    "Actual Rows": 75237806,
                    "Actual Loops": 2,
                    "Sort Key": [
                      "mi.movie_id"
                    ],
                    "Sort Method": "quicksort",
                    "Sort Space Used": 264858,
                    "Sort Space Type": "Memory",
                    "Workers": [
                      {
                        "Worker Number": 0,
                        "Sort Method": "quicksort",
                        "Sort Space Used": 264858,
                        "Sort Space Type": "Memory"
                      }
                    ],
                    "Plans": [
                      {
                        "Node Type": "Hash Join",
                        "Parent Relationship": "Outer",
                        "Parallel Aware": false,
                        "Join Type": "Inner",
                        "Startup Cost": 83510.12,
                        "Total Cost": 450282.05,
                        "Plan Rows": 3831986,
                        "Plan Width": 8,
                        "Actual Startup Time": 637.049,
                        "Actual Total Time": 3770.43,
                        "Actual Rows": 3553148,
                        "Actual Loops": 2,
                        "Inner Unique": true,
                        "Hash Cond": "(mi.movie_id = t.id)",
                        "Plans": [
                          {
                            "Node Type": "Seq Scan",
                            "Parent Relationship": "Outer",
                            "Parallel Aware": false,
                            "Relation Name": "movie_info",
                            "Alias": "mi",
                            "Startup Cost": 0.0,
                            "Total Cost": 346788.81,
                            "Plan Rows": 7612602,
                            "Plan Width": 4,
                            "Actual Startup Time": 77.287,
                            "Actual Total Time": 1335.522,
                            "Actual Rows": 7548855,
                            "Actual Loops": 2,
                            "Filter": "(info_type_id > 7)",
                            "Rows Removed by Filter": 7286865
                          },
                          {
                            "Node Type": "Hash",
                            "Parent Relationship": "Inner",
                            "Parallel Aware": false,
                            "Startup Cost": 67601.66,
                            "Total Cost": 67601.66,
                            "Plan Rows": 1272677,
                            "Plan Width": 4,
                            "Actual Startup Time": 554.521,
                            "Actual Total Time": 554.522,
                            "Actual Rows": 1260295,
                            "Actual Loops": 2,
                            "Hash Buckets": 2097152,
                            "Original Hash Buckets": 2097152,
                            "Hash Batches": 1,
                            "Original Hash Batches": 1,
                            "Peak Memory Usage": 60692,
                            "Plans": [
                              {
                                "Node Type": "Seq Scan",
                                "Parent Relationship": "Outer",
                                "Parallel Aware": false,
                                "Relation Name": "title",
                                "Alias": "t",
                                "Startup Cost": 0.0,
                                "Total Cost": 67601.66,
                                "Plan Rows": 1272677,
                                "Plan Width": 4,
                                "Actual Startup Time": 0.028,
                                "Actual Total Time": 273.798,
                                "Actual Rows": 1260295,
                                "Actual Loops": 2,
                                "Filter": "(production_year > 2002)",
                                "Rows Removed by Filter": 1268017
                              }
                            ]
                          }
                        ]
                      }
                    ]
                  }
                ]
              }
            ]
          }
        ]
      }
    ]
  },
  "Planning Time": 0.858,
  "Triggers": [],
  "Execution Time": 30844.899
}