[
  {
    "Plan": {
      "Node Type": "Aggregate",
      "Strategy": "Plain",
      "Partial Mode": "Finalize",
      "Parallel Aware": false,
      "Startup Cost": 46574.11,
      "Total Cost": 46574.12,
      "Plan Rows": 1,
      "Plan Width": 8,
      "Actual Startup Time": 94.476,
      "Actual Total Time": 103.436,
      "Actual Rows": 1,
      "Actual Loops": 1,
      "Plans": [
        {
          "Node Type": "Gather",
          "Parent Relationship": "Outer",
          "Parallel Aware": false,
          "Startup Cost": 46573.69,
          "Total Cost": 46574.1,
          "Plan Rows": 4,
          "Plan Width": 8,
          "Actual Startup Time": 94.226,
          "Actual Total Time": 103.427,
          "Actual Rows": 5,
          "Actual Loops": 1,
          "Workers Planned": 4,
          "Workers Launched": 4,
          "Single Copy": false,
          "Plans": [
            {
              "Node Type": "Aggregate",
              "Strategy": "Plain",
              "Partial Mode": "Partial",
              "Parent Relationship": "Outer",
              "Parallel Aware": false,
              "Startup Cost": 45573.69,
              "Total Cost": 45573.7,
              "Plan Rows": 1,
              "Plan Width": 8,
              "Actual Startup Time": 85.849,
              "Actual Total Time": 85.85,
              "Actual Rows": 1,
              "Actual Loops": 5,
              "Plans": [
                {
                  "Node Type": "Seq Scan",
                  "Parent Relationship": "Outer",
                  "Parallel Aware": true,
                  "Relation Name": "title",
                  "Alias": "t",
                  "Startup Cost": 0.0,
                  "Total Cost": 45479.1,
                  "Plan Rows": 37835,
                  "Plan Width": 0,
                  "Actual Startup Time": 0.098,
                  "Actual Total Time": 84.23,
                  "Actual Rows": 26763,
                  "Actual Loops": 5,
                  "Filter": "((kind_id < 6) AND (production_year > 2010))",
                  "Rows Removed by Filter": 478899
                }
              ]
            }
          ]
        }
      ]
    },
    "Planning Time": 0.187,
    "Triggers": [],
    "Execution Time": 103.497
  }
]