{
  "Plan": {
    "Node Type": "Aggregate",
    "Strategy": "Plain",
    "Partial Mode": "Finalize",
    "Parallel Aware": false,
    "Startup Cost": 165652.76,
    "Total Cost": 165652.77,
    "Plan Rows": 1,
    "Plan Width": 8,
    "Actual Startup Time": 800.13,
    "Actual Total Time": 822.007,
    "Actual Rows": 1,
    "Actual Loops": 1,
    "Plans": [
      {
        "Node Type": "Gather",
        "Parent Relationship": "Outer",
        "Parallel Aware": false,
        "Startup Cost": 165652.64,
        "Total Cost": 165652.75,
        "Plan Rows": 1,
        "Plan Width": 8,
        "Actual Startup Time": 796.747,
        "Actual Total Time": 821.998,
        "Actual Rows": 2,
        "Actual Loops": 1,
        "Workers Planned": 1,
        "Workers Launched": 1,
        "Single Copy": false,
        "Plans": [
          {
            "Node Type": "Aggregate",
            "Strategy": "Plain",
            "Partial Mode": "Partial",
            "Parent Relationship": "Outer",
            "Parallel Aware": false,
            "Startup Cost": 164652.64,
            "Total Cost": 164652.65,
            "Plan Rows": 1,
            "Plan Width": 8,
            "Actual Startup Time": 790.56,
            "Actual Total Time": 790.565,
            "Actual Rows": 1,
            "Actual Loops": 2,
            "Plans": [
              {
                "Node Type": "Hash Join",
                "Parent Relationship": "Outer",
                "Parallel Aware": true,
                "Join Type": "Inner",
                "Startup Cost": 119338.15,
                "Total Cost": 164095.88,
                "Plan Rows": 222705,
                "Plan Width": 0,
                "Actual Startup Time": 559.523,
                "Actual Total Time": 786.727,
                "Actual Rows": 97392,
                "Actual Loops": 2,
                "Inner Unique": false,
                "Hash Cond": "(mc.movie_id = t.id)",
                "Plans": [
                  {
                    "Node Type": "Seq Scan",
                    "Parent Relationship": "Outer",
                    "Parallel Aware": true,
                    "Relation Name": "movie_companies",
                    "Alias": "mc",
                    "Startup Cost": 0.0,
                    "Total Cost": 37974.77,
                    "Plan Rows": 1459448,
                    "Plan Width": 4,
                    "Actual Startup Time": 0.025,
                    "Actual Total Time": 127.369,
                    "Actual Rows": 1238903,
                    "Actual Loops": 2,
                    "Filter": "(company_id > 19)",
                    "Rows Removed by Filter": 65662
                  },
                  {
                    "Node Type": "Hash",
                    "Parent Relationship": "Inner",
                    "Parallel Aware": true,
                    "Startup Cost": 116501.35,
                    "Total Cost": 116501.35,
                    "Plan Rows": 226944,
                    "Plan Width": 8,
                    "Actual Startup Time": 549.208,
                    "Actual Total Time": 549.213,
                    "Actual Rows": 52878,
                    "Actual Loops": 2,
                    "Hash Buckets": 524288,
                    "Original Hash Buckets": 524288,
                    "Hash Batches": 1,
                    "Original Hash Batches": 1,
                    "Peak Memory Usage": 8256,
                    "Plans": [
                      {
                        "Node Type": "Hash Join",
                        "Parent Relationship": "Outer",
                        "Parallel Aware": true,
                        "Join Type": "Inner",
                        "Startup Cost": 84614.65,
                        "Total Cost": 116501.35,
                        "Plan Rows": 226944,
                        "Plan Width": 8,
                        "Actual Startup Time": 384.385,
                        "Actual Total Time": 535.196,
                        "Actual Rows": 52878,
                        "Actual Loops": 2,
                        "Inner Unique": true,
                        "Hash Cond": "(mk.movie_id = t.id)",
                        "Plans": [
                          {
                            "Node Type": "Bitmap Heap Scan",
                            "Parent Relationship": "Outer",
                            "Parallel Aware": true,
                            "Relation Name": "movie_keyword",
                            "Alias": "mk",
                            "Startup Cost": 17722.87,
                            "Total Cost": 48319.6,
                            "Plan Rows": 491418,
                            "Plan Width": 4,
                            "Actual Startup Time": 53.36,
                            "Actual Total Time": 137.938,
                            "Actual Rows": 411168,
                            "Actual Loops": 2,
                            "Recheck Cond": "(keyword_id > 22324)",
                            "Rows Removed by Index Recheck": 0,
                            "Exact Heap Blocks": 13557,
                            "Lossy Heap Blocks": 0,
                            "Plans": [
                              {
                                "Node Type": "Bitmap Index Scan",
                                "Parent Relationship": "Outer",
                                "Parallel Aware": false,
                                "Index Name": "keyword_id_movie_keyword",
                                "Startup Cost": 0.0,
                                "Total Cost": 17514.01,
                                "Plan Rows": 835411,
                                "Plan Width": 0,
                                "Actual Startup Time": 49.697,
                                "Actual Total Time": 49.698,
                                "Actual Rows": 822337,
                                "Actual Loops": 1,
                                "Index Cond": "(keyword_id > 22324)"
                              }
                            ]
                          },
                          {
                            "Node Type": "Hash",
                            "Parent Relationship": "Inner",
                            "Parallel Aware": true,
                            "Startup Cost": 58306.47,
                            "Total Cost": 58306.47,
                            "Plan Rows": 686825,
                            "Plan Width": 4,
                            "Actual Startup Time": 319.909,
                            "Actual Total Time": 319.909,
                            "Actual Rows": 564453,
                            "Actual Loops": 2,
                            "Hash Buckets": 2097152,
                            "Original Hash Buckets": 2097152,
                            "Hash Batches": 1,
                            "Original Hash Batches": 1,
                            "Peak Memory Usage": 60576,
                            "Plans": [
                              {
                                "Node Type": "Seq Scan",
                                "Parent Relationship": "Outer",
                                "Parallel Aware": true,
                                "Relation Name": "title",
                                "Alias": "t",
                                "Startup Cost": 0.0,
                                "Total Cost": 58306.47,
                                "Plan Rows": 686825,
                                "Plan Width": 4,
                                "Actual Startup Time": 0.029,
                                "Actual Total Time": 163.654,
                                "Actual Rows": 564453,
                                "Actual Loops": 2,
                                "Filter": "((production_year < 2010) AND (kind_id = 7))",
                                "Rows Removed by Filter": 699703
                              }
                            ]
                          }
                        ]
                      }
                    ]
                  }
                ]
              }
            ]
          }
        ]
      }
    ]
  },
  "Planning Time": 1.165,
  "Triggers": [],
  "Execution Time": 822.115
}