{
  "Plan": {
    "Node Type": "Aggregate",
    "Strategy": "Plain",
    "Partial Mode": "Finalize",
    "Parallel Aware": false,
    "Startup Cost": 206707.7,
    "Total Cost": 206707.71,
    "Plan Rows": 1,
    "Plan Width": 8,
    "Actual Startup Time": 393.568,
    "Actual Total Time": 425.59,
    "Actual Rows": 1,
    "Actual Loops": 1,
    "Plans": [
      {
        "Node Type": "Gather",
        "Parent Relationship": "Outer",
        "Parallel Aware": false,
        "Startup Cost": 206707.59,
        "Total Cost": 206707.7,
        "Plan Rows": 1,
        "Plan Width": 8,
        "Actual Startup Time": 392.925,
        "Actual Total Time": 425.58,
        "Actual Rows": 2,
        "Actual Loops": 1,
        "Workers Planned": 1,
        "Workers Launched": 1,
        "Single Copy": false,
        "Plans": [
          {
            "Node Type": "Aggregate",
            "Strategy": "Plain",
            "Partial Mode": "Partial",
            "Parent Relationship": "Outer",
            "Parallel Aware": false,
            "Startup Cost": 205707.59,
            "Total Cost": 205707.6,
            "Plan Rows": 1,
            "Plan Width": 8,
            "Actual Startup Time": 386.727,
            "Actual Total Time": 386.732,
            "Actual Rows": 1,
            "Actual Loops": 2,
            "Plans": [
              {
                "Node Type": "Nested Loop",
                "Parent Relationship": "Outer",
                "Parallel Aware": false,
                "Join Type": "Inner",
                "Startup Cost": 69171.55,
                "Total Cost": 205658.83,
                "Plan Rows": 19504,
                "Plan Width": 0,
                "Actual Startup Time": 200.214,
                "Actual Total Time": 386.513,
                "Actual Rows": 2273,
                "Actual Loops": 2,
                "Inner Unique": false,
                "Join Filter": "(t.id = ci.movie_id)",
                "Rows Removed by Join Filter": 0,
                "Plans": [
                  {
                    "Node Type": "Hash Join",
                    "Parent Relationship": "Outer",
                    "Parallel Aware": true,
                    "Join Type": "Inner",
                    "Startup Cost": 69170.99,
                    "Total Cost": 97515.32,
                    "Plan Rows": 21962,
                    "Plan Width": 8,
                    "Actual Startup Time": 199.943,
                    "Actual Total Time": 306.706,
                    "Actual Rows": 3493,
                    "Actual Loops": 2,
                    "Inner Unique": true,
                    "Hash Cond": "(mk.movie_id = t.id)",
                    "Plans": [
                      {
                        "Node Type": "Bitmap Heap Scan",
                        "Parent Relationship": "Outer",
                        "Parallel Aware": true,
                        "Relation Name": "movie_keyword",
                        "Alias": "mk",
                        "Startup Cost": 9277.21,
                        "Total Cost": 36946.36,
                        "Plan Rows": 257212,
                        "Plan Width": 4,
                        "Actual Startup Time": 33.934,
                        "Actual Total Time": 104.862,
                        "Actual Rows": 226665,
                        "Actual Loops": 2,
                        "Recheck Cond": "(keyword_id < 348)",
                        "Rows Removed by Index Recheck": 0,
                        "Exact Heap Blocks": 14866,
                        "Lossy Heap Blocks": 0,
                        "Plans": [
                          {
                            "Node Type": "Bitmap Index Scan",
                            "Parent Relationship": "Outer",
                            "Parallel Aware": false,
                            "Index Name": "keyword_id_movie_keyword",
                            "Startup Cost": 0.0,
                            "Total Cost": 9167.89,
                            "Plan Rows": 437261,
                            "Plan Width": 0,
                            "Actual Startup Time": 29.459,
                            "Actual Total Time": 29.46,
                            "Actual Rows": 453330,
                            "Actual Loops": 1,
                            "Index Cond": "(keyword_id < 348)"
                          }
                        ]
                      },
                      {
                        "Node Type": "Hash",
                        "Parent Relationship": "Inner",
                        "Parallel Aware": true,
                        "Startup Cost": 58306.47,
                        "Total Cost": 58306.47,
                        "Plan Rows": 126985,
                        "Plan Width": 4,
                        "Actual Startup Time": 161.904,
                        "Actual Total Time": 161.905,
                        "Actual Rows": 60394,
                        "Actual Loops": 2,
                        "Hash Buckets": 262144,
                        "Original Hash Buckets": 262144,
                        "Hash Batches": 1,
                        "Original Hash Batches": 1,
                        "Peak Memory Usage": 6816,
                        "Plans": [
                          {
                            "Node Type": "Seq Scan",
                            "Parent Relationship": "Outer",
                            "Parallel Aware": true,
                            "Relation Name": "title",
                            "Alias": "t",
                            "Startup Cost": 0.0,
                            "Total Cost": 58306.47,
                            "Plan Rows": 126985,
                            "Plan Width": 4,
                            "Actual Startup Time": 0.05,
                            "Actual Total Time": 142.606,
                            "Actual Rows": 60394,
                            "Actual Loops": 2,
                            "Filter": "((production_year < 1970) AND (kind_id = 7))",
                            "Rows Removed by Filter": 1203762
                          }
                        ]
                      }
                    ]
                  },
                  {
                    "Node Type": "Index Scan",
                    "Parent Relationship": "Inner",
                    "Parallel Aware": false,
                    "Scan Direction": "Forward",
                    "Index Name": "movie_id_cast_info",
                    "Relation Name": "cast_info",
                    "Alias": "ci",
                    "Startup Cost": 0.56,
                    "Total Cost": 4.9,
                    "Plan Rows": 2,
                    "Plan Width": 4,
                    "Actual Startup Time": 0.021,
                    "Actual Total Time": 0.023,
                    "Actual Rows": 1,
                    "Actual Loops": 6986,
                    "Index Cond": "(movie_id = mk.movie_id)",
                    "Rows Removed by Index Recheck": 0,
                    "Filter": "((person_id < 656479) AND (role_id > 3))",
                    "Rows Removed by Filter": 15
                  }
                ]
              }
            ]
          }
        ]
      }
    ]
  },
  "Planning Time": 0.944,
  "Triggers": [],
  "Execution Time": 425.7
}