[
    {
        "Bao": {
            "Bao prediction": "NaN",
            "Bao recommended hint": "(no hint)"
        }
    },
    {
        "Plan": {
            "Node Type": "Aggregate",
            "Strategy": "Plain",
            "Partial Mode": "Finalize",
            "Parallel Aware": false,
            "Startup Cost": 31035.97,
            "Total Cost": 31035.98,
            "Plan Rows": 1,
            "Plan Width": 8,
            "Actual Startup Time": 97.669,
            "Actual Total Time": 103.869,
            "Actual Rows": 1,
            "Actual Loops": 1,
            "Output": [
                "count(*)"
            ],
            "Plans": [
                {
                    "Node Type": "Gather",
                    "Parent Relationship": "Outer",
                    "Parallel Aware": false,
                    "Startup Cost": 31035.65,
                    "Total Cost": 31035.96,
                    "Plan Rows": 3,
                    "Plan Width": 8,
                    "Actual Startup Time": 97.387,
                    "Actual Total Time": 103.859,
                    "Actual Rows": 4,
                    "Actual Loops": 1,
                    "Output": [
                        "(PARTIAL count(*))"
                    ],
                    "Workers Planned": 3,
                    "Workers Launched": 3,
                    "Single Copy": false,
                    "Plans": [
                        {
                            "Node Type": "Aggregate",
                            "Strategy": "Plain",
                            "Partial Mode": "Partial",
                            "Parent Relationship": "Outer",
                            "Parallel Aware": false,
                            "Startup Cost": 30035.65,
                            "Total Cost": 30035.66,
                            "Plan Rows": 1,
                            "Plan Width": 8,
                            "Actual Startup Time": 88.369,
                            "Actual Total Time": 88.371,
                            "Actual Rows": 1,
                            "Actual Loops": 4,
                            "Output": [
                                "PARTIAL count(*)"
                            ],
                            "Workers": [
                                {
                                    "Worker Number": 0,
                                    "Actual Startup Time": 85.673,
                                    "Actual Total Time": 85.674,
                                    "Actual Rows": 1,
                                    "Actual Loops": 1
                                },
                                {
                                    "Worker Number": 1,
                                    "Actual Startup Time": 85.396,
                                    "Actual Total Time": 85.398,
                                    "Actual Rows": 1,
                                    "Actual Loops": 1
                                },
                                {
                                    "Worker Number": 2,
                                    "Actual Startup Time": 85.435,
                                    "Actual Total Time": 85.437,
                                    "Actual Rows": 1,
                                    "Actual Loops": 1
                                }
                            ],
                            "Plans": [
                                {
                                    "Node Type": "Bitmap Heap Scan",
                                    "Parent Relationship": "Outer",
                                    "Parallel Aware": true,
                                    "Relation Name": "movie_keyword",
                                    "Schema": "public",
                                    "Alias": "mk",
                                    "Startup Cost": 4544.92,
                                    "Total Cost": 29862.86,
                                    "Plan Rows": 69115,
                                    "Plan Width": 0,
                                    "Actual Startup Time": 23.184,
                                    "Actual Total Time": 83.992,
                                    "Actual Rows": 52146,
                                    "Actual Loops": 4,
                                    "Recheck Cond": "(mk.keyword_id < 140)",
                                    "Rows Removed by Index Recheck": 0,
                                    "Exact Heap Blocks": 10302,
                                    "Lossy Heap Blocks": 0,
                                    "Workers": [
                                        {
                                            "Worker Number": 0,
                                            "Actual Startup Time": 20.46,
                                            "Actual Total Time": 82.011,
                                            "Actual Rows": 41975,
                                            "Actual Loops": 1
                                        },
                                        {
                                            "Worker Number": 1,
                                            "Actual Startup Time": 20.486,
                                            "Actual Total Time": 81.835,
                                            "Actual Rows": 40397,
                                            "Actual Loops": 1
                                        },
                                        {
                                            "Worker Number": 2,
                                            "Actual Startup Time": 20.327,
                                            "Actual Total Time": 81.793,
                                            "Actual Rows": 31304,
                                            "Actual Loops": 1
                                        }
                                    ],
                                    "Plans": [
                                        {
                                            "Node Type": "Bitmap Index Scan",
                                            "Parent Relationship": "Outer",
                                            "Parallel Aware": false,
                                            "Index Name": "keyword_id_movie_keyword",
                                            "Startup Cost": 0.0,
                                            "Total Cost": 4491.36,
                                            "Plan Rows": 214257,
                                            "Plan Width": 0,
                                            "Actual Startup Time": 25.961,
                                            "Actual Total Time": 25.961,
                                            "Actual Rows": 208584,
                                            "Actual Loops": 1,
                                            "Index Cond": "(mk.keyword_id < 140)"
                                        }
                                    ]
                                }
                            ]
                        }
                    ]
                }
            ]
        },
        "Planning Time": 291.253,
        "Triggers": [],
        "Execution Time": 103.957
    }
]