[
  {
    "Plan": {
      "Node Type": "Aggregate",
      "Strategy": "Plain",
      "Partial Mode": "Finalize",
      "Parallel Aware": false,
      "Startup Cost": 97280.51,
      "Total Cost": 97280.52,
      "Plan Rows": 1,
      "Plan Width": 8,
      "Actual Startup Time": 472.107,
      "Actual Total Time": 492.215,
      "Actual Rows": 1,
      "Actual Loops": 1,
      "Plans": [
        {
          "Node Type": "Gather",
          "Parent Relationship": "Outer",
          "Parallel Aware": false,
          "Startup Cost": 97280.19,
          "Total Cost": 97280.5,
          "Plan Rows": 3,
          "Plan Width": 8,
          "Actual Startup Time": 467.353,
          "Actual Total Time": 492.207,
          "Actual Rows": 4,
          "Actual Loops": 1,
          "Workers Planned": 3,
          "Workers Launched": 3,
          "Single Copy": false,
          "Plans": [
            {
              "Node Type": "Aggregate",
              "Strategy": "Plain",
              "Partial Mode": "Partial",
              "Parent Relationship": "Outer",
              "Parallel Aware": false,
              "Startup Cost": 96280.19,
              "Total Cost": 96280.2,
              "Plan Rows": 1,
              "Plan Width": 8,
              "Actual Startup Time": 463.604,
              "Actual Total Time": 463.842,
              "Actual Rows": 1,
              "Actual Loops": 4,
              "Plans": [
                {
                  "Node Type": "Hash Join",
                  "Parent Relationship": "Outer",
                  "Parallel Aware": true,
                  "Join Type": "Inner",
                  "Startup Cost": 63905.27,
                  "Total Cost": 96082.51,
                  "Plan Rows": 79074,
                  "Plan Width": 0,
                  "Actual Startup Time": 280.921,
                  "Actual Total Time": 451.067,
                  "Actual Rows": 285665,
                  "Actual Loops": 4,
                  "Inner Unique": false,
                  "Hash Cond": "(mc.movie_id = t.id)",
                  "Plans": [
                    {
                      "Node Type": "Seq Scan",
                      "Parent Relationship": "Outer",
                      "Parallel Aware": true,
                      "Relation Name": "movie_companies",
                      "Alias": "mc",
                      "Startup Cost": 0.0,
                      "Total Cost": 29310.68,
                      "Plan Rows": 676553,
                      "Plan Width": 4,
                      "Actual Startup Time": 0.015,
                      "Actual Total Time": 77.482,
                      "Actual Rows": 524920,
                      "Actual Loops": 4,
                      "Filter": "(company_id < 73820)",
                      "Rows Removed by Filter": 127362
                    },
                    {
                      "Node Type": "Hash",
                      "Parent Relationship": "Inner",
                      "Parallel Aware": true,
                      "Startup Cost": 62366.12,
                      "Total Cost": 62366.12,
                      "Plan Rows": 123132,
                      "Plan Width": 8,
                      "Actual Startup Time": 279.234,
                      "Actual Total Time": 279.47,
                      "Actual Rows": 109243,
                      "Actual Loops": 4,
                      "Hash Buckets": 524288,
                      "Original Hash Buckets": 524288,
                      "Hash Batches": 1,
                      "Original Hash Batches": 1,
                      "Peak Memory Usage": 21280,
                      "Plans": [
                        {
                          "Node Type": "Hash Join",
                          "Parent Relationship": "Outer",
                          "Parallel Aware": true,
                          "Join Type": "Inner",
                          "Startup Cost": 47171.56,
                          "Total Cost": 62366.12,
                          "Plan Rows": 123132,
                          "Plan Width": 8,
                          "Actual Startup Time": 154.897,
                          "Actual Total Time": 249.435,
                          "Actual Rows": 109243,
                          "Actual Loops": 4,
                          "Inner Unique": true,
                          "Hash Cond": "(mi_idx.movie_id = t.id)",
                          "Plans": [
                            {
                              "Node Type": "Seq Scan",
                              "Parent Relationship": "Outer",
                              "Parallel Aware": true,
                              "Relation Name": "movie_info_idx",
                              "Alias": "mi_idx",
                              "Startup Cost": 0.0,
                              "Total Cost": 13685.15,
                              "Plan Rows": 575015,
                              "Plan Width": 4,
                              "Actual Startup Time": 0.011,
                              "Actual Total Time": 33.593,
                              "Actual Rows": 345009,
                              "Actual Loops": 4
                            },
                            {
                              "Node Type": "Hash",
                              "Parent Relationship": "Inner",
                              "Parallel Aware": true,
                              "Startup Cost": 45479.59,
                              "Total Cost": 45479.59,
                              "Plan Rows": 135358,
                              "Plan Width": 4,
                              "Actual Startup Time": 152.979,
                              "Actual Total Time": 152.98,
                              "Actual Rows": 114952,
                              "Actual Loops": 4,
                              "Hash Buckets": 1048576,
                              "Original Hash Buckets": 1048576,
                              "Hash Batches": 1,
                              "Original Hash Batches": 1,
                              "Peak Memory Usage": 26240,
                              "Plans": [
                                {
                                  "Node Type": "Seq Scan",
                                  "Parent Relationship": "Outer",
                                  "Parallel Aware": true,
                                  "Relation Name": "title",
                                  "Alias": "t",
                                  "Startup Cost": 0.0,
                                  "Total Cost": 45479.59,
                                  "Plan Rows": 135358,
                                  "Plan Width": 4,
                                  "Actual Startup Time": 0.024,
                                  "Actual Total Time": 103.639,
                                  "Actual Rows": 114952,
                                  "Actual Loops": 4,
                                  "Filter": "((kind_id < 7) AND (production_year > 2000))",
                                  "Rows Removed by Filter": 517126
                                }
                              ]
                            }
                          ]
                        }
                      ]
                    }
                  ]
                }
              ]
            }
          ]
        }
      ]
    },
    "Planning Time": 0.517,
    "Triggers": [],
    "Execution Time": 492.271
  }
]