[
  {
    "Plan": {
      "Node Type": "Aggregate",
      "Strategy": "Plain",
      "Partial Mode": "Finalize",
      "Parallel Aware": false,
      "Startup Cost": 343048.44,
      "Total Cost": 343048.45,
      "Plan Rows": 1,
      "Plan Width": 8,
      "Actual Startup Time": 873.664,
      "Actual Total Time": 929.308,
      "Actual Rows": 1,
      "Actual Loops": 1,
      "Plans": [
        {
          "Node Type": "Gather",
          "Parent Relationship": "Outer",
          "Parallel Aware": false,
          "Startup Cost": 343047.81,
          "Total Cost": 343048.42,
          "Plan Rows": 6,
          "Plan Width": 8,
          "Actual Startup Time": 873.521,
          "Actual Total Time": 929.296,
          "Actual Rows": 7,
          "Actual Loops": 1,
          "Workers Planned": 6,
          "Workers Launched": 6,
          "Single Copy": false,
          "Plans": [
            {
              "Node Type": "Aggregate",
              "Strategy": "Plain",
              "Partial Mode": "Partial",
              "Parent Relationship": "Outer",
              "Parallel Aware": false,
              "Startup Cost": 342047.81,
              "Total Cost": 342047.82,
              "Plan Rows": 1,
              "Plan Width": 8,
              "Actual Startup Time": 863.118,
              "Actual Total Time": 863.119,
              "Actual Rows": 1,
              "Actual Loops": 7,
              "Plans": [
                {
                  "Node Type": "Seq Scan",
                  "Parent Relationship": "Outer",
                  "Parallel Aware": true,
                  "Relation Name": "cast_info",
                  "Alias": "ci",
                  "Startup Cost": 0.0,
                  "Total Cost": 328162.03,
                  "Plan Rows": 5554315,
                  "Plan Width": 0,
                  "Actual Startup Time": 46.454,
                  "Actual Total Time": 660.382,
                  "Actual Rows": 4757439,
                  "Actual Loops": 7,
                  "Filter": "(person_id > 286488)",
                  "Rows Removed by Filter": 420324
                }
              ]
            }
          ]
        }
      ]
    },
    "Planning Time": 0.175,
    "Triggers": [],
    "Execution Time": 929.378
  }
]