[
  {
    "Plan": {
      "Node Type": "Aggregate",
      "Strategy": "Plain",
      "Partial Mode": "Finalize",
      "Parallel Aware": false,
      "Startup Cost": 201610.24,
      "Total Cost": 201610.25,
      "Plan Rows": 1,
      "Plan Width": 8,
      "Actual Startup Time": 308.169,
      "Actual Total Time": 323.335,
      "Actual Rows": 1,
      "Actual Loops": 1,
      "Plans": [
        {
          "Node Type": "Gather",
          "Parent Relationship": "Outer",
          "Parallel Aware": false,
          "Startup Cost": 201609.61,
          "Total Cost": 201610.22,
          "Plan Rows": 6,
          "Plan Width": 8,
          "Actual Startup Time": 308.055,
          "Actual Total Time": 323.325,
          "Actual Rows": 7,
          "Actual Loops": 1,
          "Workers Planned": 6,
          "Workers Launched": 6,
          "Single Copy": false,
          "Plans": [
            {
              "Node Type": "Aggregate",
              "Strategy": "Plain",
              "Partial Mode": "Partial",
              "Parent Relationship": "Outer",
              "Parallel Aware": false,
              "Startup Cost": 200609.61,
              "Total Cost": 200609.62,
              "Plan Rows": 1,
              "Plan Width": 8,
              "Actual Startup Time": 298.892,
              "Actual Total Time": 298.893,
              "Actual Rows": 1,
              "Actual Loops": 7,
              "Plans": [
                {
                  "Node Type": "Index Scan",
                  "Parent Relationship": "Outer",
                  "Parallel Aware": true,
                  "Scan Direction": "Forward",
                  "Index Name": "role_id_cast_info",
                  "Relation Name": "cast_info",
                  "Alias": "ci",
                  "Startup Cost": 0.56,
                  "Total Cost": 197877.72,
                  "Plan Rows": 1092755,
                  "Plan Width": 0,
                  "Actual Startup Time": 0.131,
                  "Actual Total Time": 248.678,
                  "Actual Rows": 1064402,
                  "Actual Loops": 7,
                  "Index Cond": "(role_id = 2)",
                  "Rows Removed by Index Recheck": 0,
                  "Filter": "(person_id > 394003)",
                  "Rows Removed by Filter": 166
                }
              ]
            }
          ]
        }
      ]
    },
    "Planning Time": 0.238,
    "Triggers": [],
    "Execution Time": 323.4
  }
]