[
  {
    "Plan": {
      "Node Type": "Aggregate",
      "Strategy": "Plain",
      "Partial Mode": "Finalize",
      "Parallel Aware": false,
      "Startup Cost": 418125.51,
      "Total Cost": 418125.52,
      "Plan Rows": 1,
      "Plan Width": 8,
      "Actual Startup Time": 1809.894,
      "Actual Total Time": 1861.178,
      "Actual Rows": 1,
      "Actual Loops": 1,
      "Plans": [
        {
          "Node Type": "Gather",
          "Parent Relationship": "Outer",
          "Parallel Aware": false,
          "Startup Cost": 418124.88,
          "Total Cost": 418125.49,
          "Plan Rows": 6,
          "Plan Width": 8,
          "Actual Startup Time": 1798.792,
          "Actual Total Time": 1861.166,
          "Actual Rows": 7,
          "Actual Loops": 1,
          "Workers Planned": 6,
          "Workers Launched": 6,
          "Single Copy": false,
          "Plans": [
            {
              "Node Type": "Aggregate",
              "Strategy": "Plain",
              "Partial Mode": "Partial",
              "Parent Relationship": "Outer",
              "Parallel Aware": false,
              "Startup Cost": 417124.88,
              "Total Cost": 417124.89,
              "Plan Rows": 1,
              "Plan Width": 8,
              "Actual Startup Time": 1788.696,
              "Actual Total Time": 1788.704,
              "Actual Rows": 1,
              "Actual Loops": 7,
              "Plans": [
                {
                  "Node Type": "Hash Join",
                  "Parent Relationship": "Outer",
                  "Parallel Aware": true,
                  "Join Type": "Inner",
                  "Startup Cost": 64178.88,
                  "Total Cost": 416235.02,
                  "Plan Rows": 355945,
                  "Plan Width": 0,
                  "Actual Startup Time": 528.817,
                  "Actual Total Time": 1710.193,
                  "Actual Rows": 1519976,
                  "Actual Loops": 7,
                  "Inner Unique": false,
                  "Hash Cond": "(ci.movie_id = t.id)",
                  "Plans": [
                    {
                      "Node Type": "Seq Scan",
                      "Parent Relationship": "Outer",
                      "Parallel Aware": true,
                      "Relation Name": "cast_info",
                      "Alias": "ci",
                      "Startup Cost": 0.0,
                      "Total Cost": 343316.27,
                      "Plan Rows": 1935138,
                      "Plan Width": 4,
                      "Actual Startup Time": 234.583,
                      "Actual Total Time": 749.766,
                      "Actual Rows": 2524354,
                      "Actual Loops": 7,
                      "Filter": "((person_id > 1848489) AND (role_id > 1))",
                      "Rows Removed by Filter": 2653410
                    },
                    {
                      "Node Type": "Hash",
                      "Parent Relationship": "Inner",
                      "Parallel Aware": true,
                      "Startup Cost": 61756.63,
                      "Total Cost": 61756.63,
                      "Plan Rows": 193780,
                      "Plan Width": 8,
                      "Actual Startup Time": 291.957,
                      "Actual Total Time": 291.963,
                      "Actual Rows": 122015,
                      "Actual Loops": 7,
                      "Hash Buckets": 1048576,
                      "Original Hash Buckets": 524288,
                      "Hash Batches": 1,
                      "Original Hash Batches": 1,
                      "Peak Memory Usage": 45824,
                      "Plans": [
                        {
                          "Node Type": "Hash Join",
                          "Parent Relationship": "Outer",
                          "Parallel Aware": true,
                          "Join Type": "Inner",
                          "Startup Cost": 46562.07,
                          "Total Cost": 61756.63,
                          "Plan Rows": 193780,
                          "Plan Width": 8,
                          "Actual Startup Time": 155.358,
                          "Actual Total Time": 228.664,
                          "Actual Rows": 122015,
                          "Actual Loops": 7,
                          "Inner Unique": true,
                          "Hash Cond": "(mi_idx.movie_id = t.id)",
                          "Plans": [
                            {
                              "Node Type": "Seq Scan",
                              "Parent Relationship": "Outer",
                              "Parallel Aware": true,
                              "Relation Name": "movie_info_idx",
                              "Alias": "mi_idx",
                              "Startup Cost": 0.0,
                              "Total Cost": 13685.15,
                              "Plan Rows": 575015,
                              "Plan Width": 4,
                              "Actual Startup Time": 0.021,
                              "Actual Total Time": 22.576,
                              "Actual Rows": 197148,
                              "Actual Loops": 7
                            },
                            {
                              "Node Type": "Hash",
                              "Parent Relationship": "Inner",
                              "Parallel Aware": true,
                              "Startup Cost": 43899.32,
                              "Total Cost": 43899.32,
                              "Plan Rows": 213020,
                              "Plan Width": 4,
                              "Actual Startup Time": 153.313,
                              "Actual Total Time": 153.314,
                              "Actual Rows": 122031,
                              "Actual Loops": 7,
                              "Hash Buckets": 1048576,
                              "Original Hash Buckets": 1048576,
                              "Hash Batches": 1,
                              "Original Hash Batches": 1,
                              "Peak Memory Usage": 41824,
                              "Plans": [
                                {
                                  "Node Type": "Seq Scan",
                                  "Parent Relationship": "Outer",
                                  "Parallel Aware": true,
                                  "Relation Name": "title",
                                  "Alias": "t",
                                  "Startup Cost": 0.0,
                                  "Total Cost": 43899.32,
                                  "Plan Rows": 213020,
                                  "Plan Width": 4,
                                  "Actual Startup Time": 0.053,
                                  "Actual Total Time": 83.055,
                                  "Actual Rows": 122031,
                                  "Actual Loops": 7,
                                  "Filter": "(kind_id < 4)",
                                  "Rows Removed by Filter": 239157
                                }
                              ]
                            }
                          ]
                        }
                      ]
                    }
                  ]
                }
              ]
            }
          ]
        }
      ]
    },
    "Planning Time": 1.109,
    "Triggers": [],
    "Execution Time": 1861.263
  }
]