[
  {
    "Plan": {
      "Node Type": "Aggregate",
      "Strategy": "Plain",
      "Partial Mode": "Simple",
      "Parallel Aware": false,
      "Startup Cost": 21083.58,
      "Total Cost": 21083.59,
      "Plan Rows": 1,
      "Plan Width": 8,
      "Actual Startup Time": 24.211,
      "Actual Total Time": 24.212,
      "Actual Rows": 1,
      "Actual Loops": 1,
      "Plans": [
        {
          "Node Type": "Bitmap Heap Scan",
          "Parent Relationship": "Outer",
          "Parallel Aware": false,
          "Relation Name": "movie_companies",
          "Alias": "mc",
          "Startup Cost": 1356.56,
          "Total Cost": 20927.41,
          "Plan Rows": 62468,
          "Plan Width": 0,
          "Actual Startup Time": 4.094,
          "Actual Total Time": 20.049,
          "Actual Rows": 61662,
          "Actual Loops": 1,
          "Recheck Cond": "(company_id > 182610)",
          "Rows Removed by Index Recheck": 0,
          "Exact Heap Blocks": 2203,
          "Lossy Heap Blocks": 0,
          "Plans": [
            {
              "Node Type": "Bitmap Index Scan",
              "Parent Relationship": "Outer",
              "Parallel Aware": false,
              "Index Name": "company_id_movie_companies",
              "Startup Cost": 0.0,
              "Total Cost": 1340.94,
              "Plan Rows": 62468,
              "Plan Width": 0,
              "Actual Startup Time": 3.69,
              "Actual Total Time": 3.69,
              "Actual Rows": 61662,
              "Actual Loops": 1,
              "Index Cond": "(company_id > 182610)"
            }
          ]
        }
      ]
    },
    "Planning Time": 0.106,
    "Triggers": [],
    "Execution Time": 24.251
  }
]