[
  {
    "Plan": {
      "Node Type": "Aggregate",
      "Strategy": "Plain",
      "Partial Mode": "Simple",
      "Parallel Aware": false,
      "Startup Cost": 21150.89,
      "Total Cost": 21150.9,
      "Plan Rows": 1,
      "Plan Width": 8,
      "Actual Startup Time": 22.335,
      "Actual Total Time": 22.336,
      "Actual Rows": 1,
      "Actual Loops": 1,
      "Plans": [
        {
          "Node Type": "Bitmap Heap Scan",
          "Parent Relationship": "Outer",
          "Parallel Aware": false,
          "Relation Name": "movie_companies",
          "Alias": "mc",
          "Startup Cost": 1395.31,
          "Total Cost": 20989.96,
          "Plan Rows": 64372,
          "Plan Width": 0,
          "Actual Startup Time": 4.329,
          "Actual Total Time": 18.536,
          "Actual Rows": 61662,
          "Actual Loops": 1,
          "Recheck Cond": "(company_id > 182610)",
          "Rows Removed by Index Recheck": 0,
          "Exact Heap Blocks": 2203,
          "Lossy Heap Blocks": 0,
          "Plans": [
            {
              "Node Type": "Bitmap Index Scan",
              "Parent Relationship": "Outer",
              "Parallel Aware": false,
              "Index Name": "company_id_movie_companies",
              "Startup Cost": 0.0,
              "Total Cost": 1379.22,
              "Plan Rows": 64372,
              "Plan Width": 0,
              "Actual Startup Time": 3.922,
              "Actual Total Time": 3.923,
              "Actual Rows": 61662,
              "Actual Loops": 1,
              "Index Cond": "(company_id > 182610)"
            }
          ]
        }
      ]
    },
    "Planning Time": 0.102,
    "Triggers": [],
    "Execution Time": 22.384
  }
]