[
  {
    "Plan": {
      "Node Type": "Aggregate",
      "Strategy": "Plain",
      "Partial Mode": "Finalize",
      "Parallel Aware": false,
      "Startup Cost": 342879.6,
      "Total Cost": 342879.61,
      "Plan Rows": 1,
      "Plan Width": 8,
      "Actual Startup Time": 1005.411,
      "Actual Total Time": 1064.303,
      "Actual Rows": 1,
      "Actual Loops": 1,
      "Plans": [
        {
          "Node Type": "Gather",
          "Parent Relationship": "Outer",
          "Parallel Aware": false,
          "Startup Cost": 342878.98,
          "Total Cost": 342879.59,
          "Plan Rows": 6,
          "Plan Width": 8,
          "Actual Startup Time": 1005.297,
          "Actual Total Time": 1064.292,
          "Actual Rows": 7,
          "Actual Loops": 1,
          "Workers Planned": 6,
          "Workers Launched": 6,
          "Single Copy": false,
          "Plans": [
            {
              "Node Type": "Aggregate",
              "Strategy": "Plain",
              "Partial Mode": "Partial",
              "Parent Relationship": "Outer",
              "Parallel Aware": false,
              "Startup Cost": 341878.98,
              "Total Cost": 341878.99,
              "Plan Rows": 1,
              "Plan Width": 8,
              "Actual Startup Time": 995.953,
              "Actual Total Time": 995.954,
              "Actual Rows": 1,
              "Actual Loops": 7,
              "Plans": [
                {
                  "Node Type": "Seq Scan",
                  "Parent Relationship": "Outer",
                  "Parallel Aware": true,
                  "Relation Name": "cast_info",
                  "Alias": "ci",
                  "Startup Cost": 0.0,
                  "Total Cost": 328162.03,
                  "Plan Rows": 5486781,
                  "Plan Width": 0,
                  "Actual Startup Time": 53.948,
                  "Actual Total Time": 753.269,
                  "Actual Rows": 4691061,
                  "Actual Loops": 7,
                  "Filter": "(person_id > 327550)",
                  "Rows Removed by Filter": 486703
                }
              ]
            }
          ]
        }
      ]
    },
    "Planning Time": 0.196,
    "Triggers": [],
    "Execution Time": 1064.374
  }
]