[
  {
    "Plan": {
      "Node Type": "Aggregate",
      "Strategy": "Plain",
      "Partial Mode": "Finalize",
      "Parallel Aware": false,
      "Startup Cost": 76708.83,
      "Total Cost": 76708.84,
      "Plan Rows": 1,
      "Plan Width": 8,
      "Actual Startup Time": 197.105,
      "Actual Total Time": 213.495,
      "Actual Rows": 1,
      "Actual Loops": 1,
      "Plans": [
        {
          "Node Type": "Gather",
          "Parent Relationship": "Outer",
          "Parallel Aware": false,
          "Startup Cost": 76708.51,
          "Total Cost": 76708.82,
          "Plan Rows": 3,
          "Plan Width": 8,
          "Actual Startup Time": 196.616,
          "Actual Total Time": 213.488,
          "Actual Rows": 4,
          "Actual Loops": 1,
          "Workers Planned": 3,
          "Workers Launched": 3,
          "Single Copy": false,
          "Plans": [
            {
              "Node Type": "Aggregate",
              "Strategy": "Plain",
              "Partial Mode": "Partial",
              "Parent Relationship": "Outer",
              "Parallel Aware": false,
              "Startup Cost": 75708.51,
              "Total Cost": 75708.52,
              "Plan Rows": 1,
              "Plan Width": 8,
              "Actual Startup Time": 189.815,
              "Actual Total Time": 189.82,
              "Actual Rows": 1,
              "Actual Loops": 4,
              "Plans": [
                {
                  "Node Type": "Hash Join",
                  "Parent Relationship": "Outer",
                  "Parallel Aware": true,
                  "Join Type": "Inner",
                  "Startup Cost": 44029.36,
                  "Total Cost": 75704.43,
                  "Plan Rows": 1632,
                  "Plan Width": 0,
                  "Actual Startup Time": 153.752,
                  "Actual Total Time": 189.69,
                  "Actual Rows": 1520,
                  "Actual Loops": 4,
                  "Inner Unique": true,
                  "Hash Cond": "(mc.movie_id = t.id)",
                  "Plans": [
                    {
                      "Node Type": "Seq Scan",
                      "Parent Relationship": "Outer",
                      "Parallel Aware": true,
                      "Relation Name": "movie_companies",
                      "Alias": "mc",
                      "Startup Cost": 0.0,
                      "Total Cost": 31414.82,
                      "Plan Rows": 99145,
                      "Plan Width": 4,
                      "Actual Startup Time": 33.354,
                      "Actual Total Time": 71.644,
                      "Actual Rows": 148591,
                      "Actual Loops": 4,
                      "Filter": "((company_id > 68682) AND (company_type_id > 1))",
                      "Rows Removed by Filter": 503692
                    },
                    {
                      "Node Type": "Hash",
                      "Parent Relationship": "Inner",
                      "Parallel Aware": true,
                      "Startup Cost": 43899.32,
                      "Total Cost": 43899.32,
                      "Plan Rows": 10403,
                      "Plan Width": 4,
                      "Actual Startup Time": 98.581,
                      "Actual Total Time": 98.583,
                      "Actual Rows": 10705,
                      "Actual Loops": 4,
                      "Hash Buckets": 65536,
                      "Original Hash Buckets": 65536,
                      "Hash Batches": 1,
                      "Original Hash Batches": 1,
                      "Peak Memory Usage": 2240,
                      "Plans": [
                        {
                          "Node Type": "Seq Scan",
                          "Parent Relationship": "Outer",
                          "Parallel Aware": true,
                          "Relation Name": "title",
                          "Alias": "t",
                          "Startup Cost": 0.0,
                          "Total Cost": 43899.32,
                          "Plan Rows": 10403,
                          "Plan Width": 4,
                          "Actual Startup Time": 53.679,
                          "Actual Total Time": 94.188,
                          "Actual Rows": 10705,
                          "Actual Loops": 4,
                          "Filter": "(production_year < 1913)",
                          "Rows Removed by Filter": 621373
                        }
                      ]
                    }
                  ]
                }
              ]
            }
          ]
        }
      ]
    },
    "Planning Time": 0.291,
    "Triggers": [],
    "Execution Time": 213.536
  }
]