[
  {
    "Plan": {
      "Node Type": "Aggregate",
      "Strategy": "Plain",
      "Partial Mode": "Finalize",
      "Parallel Aware": false,
      "Startup Cost": 76694.6,
      "Total Cost": 76694.61,
      "Plan Rows": 1,
      "Plan Width": 8,
      "Actual Startup Time": 196.677,
      "Actual Total Time": 212.608,
      "Actual Rows": 1,
      "Actual Loops": 1,
      "Plans": [
        {
          "Node Type": "Gather",
          "Parent Relationship": "Outer",
          "Parallel Aware": false,
          "Startup Cost": 76694.28,
          "Total Cost": 76694.59,
          "Plan Rows": 3,
          "Plan Width": 8,
          "Actual Startup Time": 196.242,
          "Actual Total Time": 212.6,
          "Actual Rows": 4,
          "Actual Loops": 1,
          "Workers Planned": 3,
          "Workers Launched": 3,
          "Single Copy": false,
          "Plans": [
            {
              "Node Type": "Aggregate",
              "Strategy": "Plain",
              "Partial Mode": "Partial",
              "Parent Relationship": "Outer",
              "Parallel Aware": false,
              "Startup Cost": 75694.28,
              "Total Cost": 75694.29,
              "Plan Rows": 1,
              "Plan Width": 8,
              "Actual Startup Time": 187.368,
              "Actual Total Time": 187.371,
              "Actual Rows": 1,
              "Actual Loops": 4,
              "Plans": [
                {
                  "Node Type": "Hash Join",
                  "Parent Relationship": "Outer",
                  "Parallel Aware": true,
                  "Join Type": "Inner",
                  "Startup Cost": 44024.94,
                  "Total Cost": 75690.47,
                  "Plan Rows": 1524,
                  "Plan Width": 0,
                  "Actual Startup Time": 154.233,
                  "Actual Total Time": 187.261,
                  "Actual Rows": 1520,
                  "Actual Loops": 4,
                  "Inner Unique": true,
                  "Hash Cond": "(mc.movie_id = t.id)",
                  "Plans": [
                    {
                      "Node Type": "Seq Scan",
                      "Parent Relationship": "Outer",
                      "Parallel Aware": true,
                      "Relation Name": "movie_companies",
                      "Alias": "mc",
                      "Startup Cost": 0.0,
                      "Total Cost": 31414.82,
                      "Plan Rows": 95510,
                      "Plan Width": 4,
                      "Actual Startup Time": 30.646,
                      "Actual Total Time": 65.695,
                      "Actual Rows": 148591,
                      "Actual Loops": 4,
                      "Filter": "((company_id > 68682) AND (company_type_id > 1))",
                      "Rows Removed by Filter": 503692
                    },
                    {
                      "Node Type": "Hash",
                      "Parent Relationship": "Inner",
                      "Parallel Aware": true,
                      "Startup Cost": 43898.92,
                      "Total Cost": 43898.92,
                      "Plan Rows": 10082,
                      "Plan Width": 4,
                      "Actual Startup Time": 102.302,
                      "Actual Total Time": 102.302,
                      "Actual Rows": 10705,
                      "Actual Loops": 4,
                      "Hash Buckets": 65536,
                      "Original Hash Buckets": 65536,
                      "Hash Batches": 1,
                      "Original Hash Batches": 1,
                      "Peak Memory Usage": 2240,
                      "Plans": [
                        {
                          "Node Type": "Seq Scan",
                          "Parent Relationship": "Outer",
                          "Parallel Aware": true,
                          "Relation Name": "title",
                          "Alias": "t",
                          "Startup Cost": 0.0,
                          "Total Cost": 43898.92,
                          "Plan Rows": 10082,
                          "Plan Width": 4,
                          "Actual Startup Time": 61.448,
                          "Actual Total Time": 98.197,
                          "Actual Rows": 10705,
                          "Actual Loops": 4,
                          "Filter": "(production_year < 1913)",
                          "Rows Removed by Filter": 621373
                        }
                      ]
                    }
                  ]
                }
              ]
            }
          ]
        }
      ]
    },
    "Planning Time": 0.679,
    "Triggers": [],
    "Execution Time": 212.679
  }
]