[
    {
        "Bao": {
            "Bao prediction": 491.928,
            "Bao recommended hint": "SET enable_nestloop TO off; "
        }
    },
    {
        "Plan": {
            "Node Type": "Aggregate",
            "Strategy": "Plain",
            "Partial Mode": "Finalize",
            "Parallel Aware": false,
            "Startup Cost": 49125.36,
            "Total Cost": 49125.37,
            "Plan Rows": 1,
            "Plan Width": 8,
            "Actual Startup Time": 115.742,
            "Actual Total Time": 121.468,
            "Actual Rows": 1,
            "Actual Loops": 1,
            "Output": [
                "count(*)"
            ],
            "Plans": [
                {
                    "Node Type": "Gather",
                    "Parent Relationship": "Outer",
                    "Parallel Aware": false,
                    "Startup Cost": 49124.94,
                    "Total Cost": 49125.35,
                    "Plan Rows": 4,
                    "Plan Width": 8,
                    "Actual Startup Time": 115.613,
                    "Actual Total Time": 121.461,
                    "Actual Rows": 5,
                    "Actual Loops": 1,
                    "Output": [
                        "(PARTIAL count(*))"
                    ],
                    "Workers Planned": 4,
                    "Workers Launched": 4,
                    "Single Copy": false,
                    "Plans": [
                        {
                            "Node Type": "Aggregate",
                            "Strategy": "Plain",
                            "Partial Mode": "Partial",
                            "Parent Relationship": "Outer",
                            "Parallel Aware": false,
                            "Startup Cost": 48124.94,
                            "Total Cost": 48124.95,
                            "Plan Rows": 1,
                            "Plan Width": 8,
                            "Actual Startup Time": 106.333,
                            "Actual Total Time": 106.335,
                            "Actual Rows": 1,
                            "Actual Loops": 5,
                            "Output": [
                                "PARTIAL count(*)"
                            ],
                            "Workers": [
                                {
                                    "Worker Number": 0,
                                    "Actual Startup Time": 103.982,
                                    "Actual Total Time": 103.984,
                                    "Actual Rows": 1,
                                    "Actual Loops": 1
                                },
                                {
                                    "Worker Number": 1,
                                    "Actual Startup Time": 103.984,
                                    "Actual Total Time": 103.986,
                                    "Actual Rows": 1,
                                    "Actual Loops": 1
                                },
                                {
                                    "Worker Number": 2,
                                    "Actual Startup Time": 104.417,
                                    "Actual Total Time": 104.419,
                                    "Actual Rows": 1,
                                    "Actual Loops": 1
                                },
                                {
                                    "Worker Number": 3,
                                    "Actual Startup Time": 104.42,
                                    "Actual Total Time": 104.422,
                                    "Actual Rows": 1,
                                    "Actual Loops": 1
                                }
                            ],
                            "Plans": [
                                {
                                    "Node Type": "Hash Join",
                                    "Parent Relationship": "Outer",
                                    "Parallel Aware": false,
                                    "Join Type": "Inner",
                                    "Startup Cost": 275.12,
                                    "Total Cost": 48124.87,
                                    "Plan Rows": 26,
                                    "Plan Width": 0,
                                    "Actual Startup Time": 56.478,
                                    "Actual Total Time": 106.326,
                                    "Actual Rows": 9,
                                    "Actual Loops": 5,
                                    "Inner Unique": false,
                                    "Hash Cond": "(t.id = mc.movie_id)",
                                    "Workers": [
                                        {
                                            "Worker Number": 0,
                                            "Actual Startup Time": 85.59,
                                            "Actual Total Time": 103.974,
                                            "Actual Rows": 6,
                                            "Actual Loops": 1
                                        },
                                        {
                                            "Worker Number": 1,
                                            "Actual Startup Time": 42.717,
                                            "Actual Total Time": 103.977,
                                            "Actual Rows": 5,
                                            "Actual Loops": 1
                                        },
                                        {
                                            "Worker Number": 2,
                                            "Actual Startup Time": 42.544,
                                            "Actual Total Time": 104.408,
                                            "Actual Rows": 9,
                                            "Actual Loops": 1
                                        },
                                        {
                                            "Worker Number": 3,
                                            "Actual Startup Time": 73.681,
                                            "Actual Total Time": 104.413,
                                            "Actual Rows": 13,
                                            "Actual Loops": 1
                                        }
                                    ],
                                    "Plans": [
                                        {
                                            "Node Type": "Seq Scan",
                                            "Parent Relationship": "Outer",
                                            "Parallel Aware": true,
                                            "Relation Name": "title",
                                            "Schema": "public",
                                            "Alias": "t",
                                            "Startup Cost": 0.0,
                                            "Total Cost": 42318.81,
                                            "Plan Rows": 632080,
                                            "Plan Width": 4,
                                            "Actual Startup Time": 0.042,
                                            "Actual Total Time": 69.374,
                                            "Actual Rows": 505662,
                                            "Actual Loops": 5,
                                            "Output": [
                                                "t.id",
                                                "t.title",
                                                "t.imdb_index",
                                                "t.kind_id",
                                                "t.production_year",
                                                "t.imdb_id",
                                                "t.phonetic_code",
                                                "t.episode_of_id",
                                                "t.season_nr",
                                                "t.episode_nr",
                                                "t.series_years",
                                                "t.md5sum"
                                            ],
                                            "Workers": [
                                                {
                                                    "Worker Number": 0,
                                                    "Actual Startup Time": 0.048,
                                                    "Actual Total Time": 70.289,
                                                    "Actual Rows": 460906,
                                                    "Actual Loops": 1
                                                },
                                                {
                                                    "Worker Number": 1,
                                                    "Actual Startup Time": 0.042,
                                                    "Actual Total Time": 70.302,
                                                    "Actual Rows": 458067,
                                                    "Actual Loops": 1
                                                },
                                                {
                                                    "Worker Number": 2,
                                                    "Actual Startup Time": 0.053,
                                                    "Actual Total Time": 70.747,
                                                    "Actual Rows": 449633,
                                                    "Actual Loops": 1
                                                },
                                                {
                                                    "Worker Number": 3,
                                                    "Actual Startup Time": 0.052,
                                                    "Actual Total Time": 70.671,
                                                    "Actual Rows": 453006,
                                                    "Actual Loops": 1
                                                }
                                            ]
                                        },
                                        {
                                            "Node Type": "Hash",
                                            "Parent Relationship": "Inner",
                                            "Parallel Aware": false,
                                            "Startup Cost": 273.84,
                                            "Total Cost": 273.84,
                                            "Plan Rows": 102,
                                            "Plan Width": 4,
                                            "Actual Startup Time": 0.57,
                                            "Actual Total Time": 0.571,
                                            "Actual Rows": 47,
                                            "Actual Loops": 5,
                                            "Output": [
                                                "mc.movie_id"
                                            ],
                                            "Hash Buckets": 1024,
                                            "Original Hash Buckets": 1024,
                                            "Hash Batches": 1,
                                            "Original Hash Batches": 1,
                                            "Peak Memory Usage": 10,
                                            "Workers": [
                                                {
                                                    "Worker Number": 0,
                                                    "Actual Startup Time": 0.74,
                                                    "Actual Total Time": 0.741,
                                                    "Actual Rows": 47,
                                                    "Actual Loops": 1
                                                },
                                                {
                                                    "Worker Number": 1,
                                                    "Actual Startup Time": 0.743,
                                                    "Actual Total Time": 0.744,
                                                    "Actual Rows": 47,
                                                    "Actual Loops": 1
                                                },
                                                {
                                                    "Worker Number": 2,
                                                    "Actual Startup Time": 0.601,
                                                    "Actual Total Time": 0.602,
                                                    "Actual Rows": 47,
                                                    "Actual Loops": 1
                                                },
                                                {
                                                    "Worker Number": 3,
                                                    "Actual Startup Time": 0.594,
                                                    "Actual Total Time": 0.595,
                                                    "Actual Rows": 47,
                                                    "Actual Loops": 1
                                                }
                                            ],
                                            "Plans": [
                                                {
                                                    "Node Type": "Index Scan",
                                                    "Parent Relationship": "Outer",
                                                    "Parallel Aware": false,
                                                    "Scan Direction": "Forward",
                                                    "Index Name": "company_id_movie_companies",
                                                    "Relation Name": "movie_companies",
                                                    "Schema": "public",
                                                    "Alias": "mc",
                                                    "Startup Cost": 0.43,
                                                    "Total Cost": 273.84,
                                                    "Plan Rows": 102,
                                                    "Plan Width": 4,
                                                    "Actual Startup Time": 0.215,
                                                    "Actual Total Time": 0.52,
                                                    "Actual Rows": 47,
                                                    "Actual Loops": 5,
                                                    "Output": [
                                                        "mc.movie_id"
                                                    ],
                                                    "Index Cond": "(mc.company_id = 46772)",
                                                    "Rows Removed by Index Recheck": 0,
                                                    "Workers": [
                                                        {
                                                            "Worker Number": 0,
                                                            "Actual Startup Time": 0.297,
                                                            "Actual Total Time": 0.684,
                                                            "Actual Rows": 47,
                                                            "Actual Loops": 1
                                                        },
                                                        {
                                                            "Worker Number": 1,
                                                            "Actual Startup Time": 0.288,
                                                            "Actual Total Time": 0.687,
                                                            "Actual Rows": 47,
                                                            "Actual Loops": 1
                                                        },
                                                        {
                                                            "Worker Number": 2,
                                                            "Actual Startup Time": 0.214,
                                                            "Actual Total Time": 0.534,
                                                            "Actual Rows": 47,
                                                            "Actual Loops": 1
                                                        },
                                                        {
                                                            "Worker Number": 3,
                                                            "Actual Startup Time": 0.205,
                                                            "Actual Total Time": 0.546,
                                                            "Actual Rows": 47,
                                                            "Actual Loops": 1
                                                        }
                                                    ]
                                                }
                                            ]
                                        }
                                    ]
                                }
                            ]
                        }
                    ]
                }
            ]
        },
        "Planning Time": 493.704,
        "Triggers": [],
        "Execution Time": 121.567
    }
]