[
  {
    "Plan": {
      "Node Type": "Aggregate",
      "Strategy": "Plain",
      "Partial Mode": "Finalize",
      "Parallel Aware": false,
      "Startup Cost": 332603.1,
      "Total Cost": 332603.11,
      "Plan Rows": 1,
      "Plan Width": 8,
      "Actual Startup Time": 705.642,
      "Actual Total Time": 763.729,
      "Actual Rows": 1,
      "Actual Loops": 1,
      "Plans": [
        {
          "Node Type": "Gather",
          "Parent Relationship": "Outer",
          "Parallel Aware": false,
          "Startup Cost": 332602.47,
          "Total Cost": 332603.08,
          "Plan Rows": 6,
          "Plan Width": 8,
          "Actual Startup Time": 705.451,
          "Actual Total Time": 763.718,
          "Actual Rows": 7,
          "Actual Loops": 1,
          "Workers Planned": 6,
          "Workers Launched": 6,
          "Single Copy": false,
          "Plans": [
            {
              "Node Type": "Aggregate",
              "Strategy": "Plain",
              "Partial Mode": "Partial",
              "Parent Relationship": "Outer",
              "Parallel Aware": false,
              "Startup Cost": 331602.47,
              "Total Cost": 331602.48,
              "Plan Rows": 1,
              "Plan Width": 8,
              "Actual Startup Time": 691.147,
              "Actual Total Time": 691.149,
              "Actual Rows": 1,
              "Actual Loops": 7,
              "Plans": [
                {
                  "Node Type": "Seq Scan",
                  "Parent Relationship": "Outer",
                  "Parallel Aware": true,
                  "Relation Name": "cast_info",
                  "Alias": "ci",
                  "Startup Cost": 0.0,
                  "Total Cost": 328211.39,
                  "Plan Rows": 1356432,
                  "Plan Width": 0,
                  "Actual Startup Time": 364.228,
                  "Actual Total Time": 628.072,
                  "Actual Rows": 1155653,
                  "Actual Loops": 7,
                  "Filter": "(person_id > 2871710)",
                  "Rows Removed by Filter": 4022110
                }
              ]
            }
          ]
        }
      ]
    },
    "Planning Time": 0.095,
    "Triggers": [],
    "Execution Time": 763.772
  }
]