{
    "Plan": {
        "Node Type": "Aggregate",
        "Strategy": "Plain",
        "Partial Mode": "Finalize",
        "Parallel Aware": false,
        "Startup Cost": 31308.7,
        "Total Cost": 31308.71,
        "Plan Rows": 1,
        "Plan Width": 8,
        "Actual Startup Time": 123.369,
        "Actual Total Time": 132.207,
        "Actual Rows": 1,
        "Actual Loops": 1,
        "Output": [
            "count(*)"
        ],
        "Plans": [
            {
                "Node Type": "Gather",
                "Parent Relationship": "Outer",
                "Parallel Aware": false,
                "Startup Cost": 31308.38,
                "Total Cost": 31308.69,
                "Plan Rows": 3,
                "Plan Width": 8,
                "Actual Startup Time": 123.268,
                "Actual Total Time": 132.198,
                "Actual Rows": 4,
                "Actual Loops": 1,
                "Output": [
                    "(PARTIAL count(*))"
                ],
                "Workers Planned": 3,
                "Workers Launched": 3,
                "Single Copy": false,
                "Plans": [
                    {
                        "Node Type": "Aggregate",
                        "Strategy": "Plain",
                        "Partial Mode": "Partial",
                        "Parent Relationship": "Outer",
                        "Parallel Aware": false,
                        "Startup Cost": 30308.38,
                        "Total Cost": 30308.39,
                        "Plan Rows": 1,
                        "Plan Width": 8,
                        "Actual Startup Time": 114.597,
                        "Actual Total Time": 114.598,
                        "Actual Rows": 1,
                        "Actual Loops": 4,
                        "Output": [
                            "PARTIAL count(*)"
                        ],
                        "Workers": [
                            {
                                "Worker Number": 0,
                                "Actual Startup Time": 111.684,
                                "Actual Total Time": 111.685,
                                "Actual Rows": 1,
                                "Actual Loops": 1
                            },
                            {
                                "Worker Number": 1,
                                "Actual Startup Time": 111.96,
                                "Actual Total Time": 111.961,
                                "Actual Rows": 1,
                                "Actual Loops": 1
                            },
                            {
                                "Worker Number": 2,
                                "Actual Startup Time": 112.435,
                                "Actual Total Time": 112.437,
                                "Actual Rows": 1,
                                "Actual Loops": 1
                            }
                        ],
                        "Plans": [
                            {
                                "Node Type": "Seq Scan",
                                "Parent Relationship": "Outer",
                                "Parallel Aware": true,
                                "Relation Name": "movie_companies",
                                "Schema": "public",
                                "Alias": "mc",
                                "Startup Cost": 0.0,
                                "Total Cost": 29310.68,
                                "Plan Rows": 399079,
                                "Plan Width": 0,
                                "Actual Startup Time": 0.058,
                                "Actual Total Time": 95.78,
                                "Actual Rows": 305890,
                                "Actual Loops": 4,
                                "Output": [
                                    "id",
                                    "movie_id",
                                    "company_id",
                                    "company_type_id",
                                    "note"
                                ],
                                "Filter": "(mc.company_id < 11141)",
                                "Rows Removed by Filter": 346392,
                                "Workers": [
                                    {
                                        "Worker Number": 0,
                                        "Actual Startup Time": 0.064,
                                        "Actual Total Time": 93.271,
                                        "Actual Rows": 240003,
                                        "Actual Loops": 1
                                    },
                                    {
                                        "Worker Number": 1,
                                        "Actual Startup Time": 0.064,
                                        "Actual Total Time": 93.518,
                                        "Actual Rows": 240257,
                                        "Actual Loops": 1
                                    },
                                    {
                                        "Worker Number": 2,
                                        "Actual Startup Time": 0.066,
                                        "Actual Total Time": 94.518,
                                        "Actual Rows": 329769,
                                        "Actual Loops": 1
                                    }
                                ]
                            }
                        ]
                    }
                ]
            }
        ]
    },
    "Planning Time": 1.786,
    "Triggers": [],
    "Execution Time": 132.479
}