[
  {
    "Plan": {
      "Node Type": "Aggregate",
      "Strategy": "Plain",
      "Partial Mode": "Finalize",
      "Parallel Aware": false,
      "Startup Cost": 78603.99,
      "Total Cost": 78604.0,
      "Plan Rows": 1,
      "Plan Width": 8,
      "Actual Startup Time": 165.259,
      "Actual Total Time": 173.725,
      "Actual Rows": 1,
      "Actual Loops": 1,
      "Plans": [
        {
          "Node Type": "Gather",
          "Parent Relationship": "Outer",
          "Parallel Aware": false,
          "Startup Cost": 78603.67,
          "Total Cost": 78603.98,
          "Plan Rows": 3,
          "Plan Width": 8,
          "Actual Startup Time": 164.847,
          "Actual Total Time": 173.719,
          "Actual Rows": 4,
          "Actual Loops": 1,
          "Workers Planned": 3,
          "Workers Launched": 3,
          "Single Copy": false,
          "Plans": [
            {
              "Node Type": "Aggregate",
              "Strategy": "Plain",
              "Partial Mode": "Partial",
              "Parent Relationship": "Outer",
              "Parallel Aware": false,
              "Startup Cost": 77603.67,
              "Total Cost": 77603.68,
              "Plan Rows": 1,
              "Plan Width": 8,
              "Actual Startup Time": 161.868,
              "Actual Total Time": 161.871,
              "Actual Rows": 1,
              "Actual Loops": 4,
              "Plans": [
                {
                  "Node Type": "Hash Join",
                  "Parent Relationship": "Outer",
                  "Parallel Aware": true,
                  "Join Type": "Inner",
                  "Startup Cost": 45747.51,
                  "Total Cost": 77589.85,
                  "Plan Rows": 5530,
                  "Plan Width": 0,
                  "Actual Startup Time": 84.647,
                  "Actual Total Time": 161.558,
                  "Actual Rows": 6032,
                  "Actual Loops": 4,
                  "Inner Unique": true,
                  "Hash Cond": "(mc.movie_id = t.id)",
                  "Plans": [
                    {
                      "Node Type": "Seq Scan",
                      "Parent Relationship": "Outer",
                      "Parallel Aware": true,
                      "Relation Name": "movie_companies",
                      "Alias": "mc",
                      "Startup Cost": 0.0,
                      "Total Cost": 31414.82,
                      "Plan Rows": 162865,
                      "Plan Width": 4,
                      "Actual Startup Time": 0.018,
                      "Actual Total Time": 57.153,
                      "Actual Rows": 178865,
                      "Actual Loops": 4,
                      "Filter": "((company_id < 5706) AND (company_type_id = 1))",
                      "Rows Removed by Filter": 473418
                    },
                    {
                      "Node Type": "Hash",
                      "Parent Relationship": "Inner",
                      "Parallel Aware": true,
                      "Startup Cost": 45479.21,
                      "Total Cost": 45479.21,
                      "Plan Rows": 21464,
                      "Plan Width": 4,
                      "Actual Startup Time": 84.053,
                      "Actual Total Time": 84.054,
                      "Actual Rows": 25448,
                      "Actual Loops": 4,
                      "Hash Buckets": 131072,
                      "Original Hash Buckets": 131072,
                      "Hash Batches": 1,
                      "Original Hash Batches": 1,
                      "Peak Memory Usage": 5088,
                      "Plans": [
                        {
                          "Node Type": "Seq Scan",
                          "Parent Relationship": "Outer",
                          "Parallel Aware": true,
                          "Relation Name": "title",
                          "Alias": "t",
                          "Startup Cost": 0.0,
                          "Total Cost": 45479.21,
                          "Plan Rows": 21464,
                          "Plan Width": 4,
                          "Actual Startup Time": 0.019,
                          "Actual Total Time": 75.572,
                          "Actual Rows": 25448,
                          "Actual Loops": 4,
                          "Filter": "((kind_id > 1) AND (production_year = 2007))",
                          "Rows Removed by Filter": 606630
                        }
                      ]
                    }
                  ]
                }
              ]
            }
          ]
        }
      ]
    },
    "Planning Time": 0.232,
    "Triggers": [],
    "Execution Time": 173.754
  }
]