[
    {
        "Bao": {
            "Bao prediction": "NaN",
            "Bao recommended hint": "(no hint)"
        }
    },
    {
        "Plan": {
            "Node Type": "Aggregate",
            "Strategy": "Plain",
            "Partial Mode": "Finalize",
            "Parallel Aware": false,
            "Startup Cost": 348292.03,
            "Total Cost": 348292.04,
            "Plan Rows": 1,
            "Plan Width": 8,
            "Actual Startup Time": 491.976,
            "Actual Total Time": 512.987,
            "Actual Rows": 1,
            "Actual Loops": 1,
            "Output": [
                "count(*)"
            ],
            "Plans": [
                {
                    "Node Type": "Gather",
                    "Parent Relationship": "Outer",
                    "Parallel Aware": false,
                    "Startup Cost": 348291.41,
                    "Total Cost": 348292.02,
                    "Plan Rows": 6,
                    "Plan Width": 8,
                    "Actual Startup Time": 491.812,
                    "Actual Total Time": 512.975,
                    "Actual Rows": 7,
                    "Actual Loops": 1,
                    "Output": [
                        "(PARTIAL count(*))"
                    ],
                    "Workers Planned": 6,
                    "Workers Launched": 6,
                    "Single Copy": false,
                    "Plans": [
                        {
                            "Node Type": "Aggregate",
                            "Strategy": "Plain",
                            "Partial Mode": "Partial",
                            "Parent Relationship": "Outer",
                            "Parallel Aware": false,
                            "Startup Cost": 347291.41,
                            "Total Cost": 347291.42,
                            "Plan Rows": 1,
                            "Plan Width": 8,
                            "Actual Startup Time": 480.906,
                            "Actual Total Time": 480.907,
                            "Actual Rows": 1,
                            "Actual Loops": 7,
                            "Output": [
                                "PARTIAL count(*)"
                            ],
                            "Workers": [
                                {
                                    "Worker Number": 0,
                                    "Actual Startup Time": 478.566,
                                    "Actual Total Time": 478.567,
                                    "Actual Rows": 1,
                                    "Actual Loops": 1
                                },
                                {
                                    "Worker Number": 1,
                                    "Actual Startup Time": 479.156,
                                    "Actual Total Time": 479.157,
                                    "Actual Rows": 1,
                                    "Actual Loops": 1
                                },
                                {
                                    "Worker Number": 2,
                                    "Actual Startup Time": 478.954,
                                    "Actual Total Time": 478.955,
                                    "Actual Rows": 1,
                                    "Actual Loops": 1
                                },
                                {
                                    "Worker Number": 3,
                                    "Actual Startup Time": 478.976,
                                    "Actual Total Time": 478.977,
                                    "Actual Rows": 1,
                                    "Actual Loops": 1
                                },
                                {
                                    "Worker Number": 4,
                                    "Actual Startup Time": 479.845,
                                    "Actual Total Time": 479.846,
                                    "Actual Rows": 1,
                                    "Actual Loops": 1
                                },
                                {
                                    "Worker Number": 5,
                                    "Actual Startup Time": 479.812,
                                    "Actual Total Time": 479.812,
                                    "Actual Rows": 1,
                                    "Actual Loops": 1
                                }
                            ],
                            "Plans": [
                                {
                                    "Node Type": "Index Scan",
                                    "Parent Relationship": "Outer",
                                    "Parallel Aware": true,
                                    "Scan Direction": "Forward",
                                    "Index Name": "role_id_cast_info",
                                    "Relation Name": "cast_info",
                                    "Schema": "public",
                                    "Alias": "ci",
                                    "Startup Cost": 0.56,
                                    "Total Cost": 342814.42,
                                    "Plan Rows": 1790793,
                                    "Plan Width": 0,
                                    "Actual Startup Time": 172.575,
                                    "Actual Total Time": 422.489,
                                    "Actual Rows": 1199185,
                                    "Actual Loops": 7,
                                    "Output": [
                                        "id",
                                        "person_id",
                                        "movie_id",
                                        "person_role_id",
                                        "note",
                                        "nr_order",
                                        "role_id"
                                    ],
                                    "Index Cond": "(ci.role_id = 1)",
                                    "Rows Removed by Index Recheck": 0,
                                    "Filter": "(ci.person_id > 572309)",
                                    "Rows Removed by Filter": 610913,
                                    "Workers": [
                                        {
                                            "Worker Number": 0,
                                            "Actual Startup Time": 170.192,
                                            "Actual Total Time": 420.262,
                                            "Actual Rows": 842764,
                                            "Actual Loops": 1
                                        },
                                        {
                                            "Worker Number": 1,
                                            "Actual Startup Time": 170.817,
                                            "Actual Total Time": 421.252,
                                            "Actual Rows": 1315861,
                                            "Actual Loops": 1
                                        },
                                        {
                                            "Worker Number": 2,
                                            "Actual Startup Time": 170.616,
                                            "Actual Total Time": 421.343,
                                            "Actual Rows": 1305679,
                                            "Actual Loops": 1
                                        },
                                        {
                                            "Worker Number": 3,
                                            "Actual Startup Time": 170.646,
                                            "Actual Total Time": 421.019,
                                            "Actual Rows": 1310790,
                                            "Actual Loops": 1
                                        },
                                        {
                                            "Worker Number": 4,
                                            "Actual Startup Time": 171.541,
                                            "Actual Total Time": 422.753,
                                            "Actual Rows": 1339651,
                                            "Actual Loops": 1
                                        },
                                        {
                                            "Worker Number": 5,
                                            "Actual Startup Time": 171.472,
                                            "Actual Total Time": 422.689,
                                            "Actual Rows": 1329119,
                                            "Actual Loops": 1
                                        }
                                    ]
                                }
                            ]
                        }
                    ]
                }
            ]
        },
        "Planning Time": 328.107,
        "Triggers": [],
        "Execution Time": 513.099
    }
]