{
  "Plan": {
    "Node Type": "Aggregate",
    "Strategy": "Plain",
    "Partial Mode": "Finalize",
    "Parallel Aware": false,
    "Startup Cost": 892411.96,
    "Total Cost": 892411.97,
    "Plan Rows": 1,
    "Plan Width": 8,
    "Actual Startup Time": 11586.483,
    "Actual Total Time": 11666.116,
    "Actual Rows": 1,
    "Actual Loops": 1,
    "Plans": [
      {
        "Node Type": "Gather",
        "Parent Relationship": "Outer",
        "Parallel Aware": false,
        "Startup Cost": 892411.85,
        "Total Cost": 892411.96,
        "Plan Rows": 1,
        "Plan Width": 8,
        "Actual Startup Time": 11574.626,
        "Actual Total Time": 11666.103,
        "Actual Rows": 2,
        "Actual Loops": 1,
        "Workers Planned": 1,
        "Workers Launched": 1,
        "Single Copy": false,
        "Plans": [
          {
            "Node Type": "Aggregate",
            "Strategy": "Plain",
            "Partial Mode": "Partial",
            "Parent Relationship": "Outer",
            "Parallel Aware": false,
            "Startup Cost": 891411.85,
            "Total Cost": 891411.86,
            "Plan Rows": 1,
            "Plan Width": 8,
            "Actual Startup Time": 11562.808,
            "Actual Total Time": 11564.771,
            "Actual Rows": 1,
            "Actual Loops": 2,
            "Plans": [
              {
                "Node Type": "Hash Join",
                "Parent Relationship": "Outer",
                "Parallel Aware": true,
                "Join Type": "Inner",
                "Startup Cost": 160777.61,
                "Total Cost": 857675.66,
                "Plan Rows": 13494476,
                "Plan Width": 0,
                "Actual Startup Time": 1985.841,
                "Actual Total Time": 9696.209,
                "Actual Rows": 48066819,
                "Actual Loops": 2,
                "Inner Unique": false,
                "Hash Cond": "(ci.movie_id = t.id)",
                "Plans": [
                  {
                    "Node Type": "Seq Scan",
                    "Parent Relationship": "Outer",
                    "Parallel Aware": true,
                    "Relation Name": "cast_info",
                    "Alias": "ci",
                    "Startup Cost": 0.0,
                    "Total Cost": 572345.93,
                    "Plan Rows": 9034568,
                    "Plan Width": 4,
                    "Actual Startup Time": 518.729,
                    "Actual Total Time": 1875.727,
                    "Actual Rows": 10011594,
                    "Actual Loops": 2,
                    "Filter": "((person_id > 1263479) AND (role_id > 1))",
                    "Rows Removed by Filter": 8110578
                  },
                  {
                    "Node Type": "Hash",
                    "Parent Relationship": "Inner",
                    "Parallel Aware": true,
                    "Startup Cost": 133010.08,
                    "Total Cost": 133010.08,
                    "Plan Rows": 2221402,
                    "Plan Width": 8,
                    "Actual Startup Time": 1444.805,
                    "Actual Total Time": 1446.766,
                    "Actual Rows": 1892308,
                    "Actual Loops": 2,
                    "Hash Buckets": 4194304,
                    "Original Hash Buckets": 4194304,
                    "Hash Batches": 1,
                    "Original Hash Batches": 1,
                    "Peak Memory Usage": 180864,
                    "Plans": [
                      {
                        "Node Type": "Hash Join",
                        "Parent Relationship": "Outer",
                        "Parallel Aware": true,
                        "Join Type": "Inner",
                        "Startup Cost": 69460.7,
                        "Total Cost": 133010.08,
                        "Plan Rows": 2221402,
                        "Plan Width": 8,
                        "Actual Startup Time": 542.004,
                        "Actual Total Time": 1106.662,
                        "Actual Rows": 1892308,
                        "Actual Loops": 2,
                        "Inner Unique": true,
                        "Hash Cond": "(mk.movie_id = t.id)",
                        "Plans": [
                          {
                            "Node Type": "Seq Scan",
                            "Parent Relationship": "Outer",
                            "Parallel Aware": true,
                            "Relation Name": "movie_keyword",
                            "Alias": "mk",
                            "Startup Cost": 0.0,
                            "Total Cost": 57718.19,
                            "Plan Rows": 2221402,
                            "Plan Width": 4,
                            "Actual Startup Time": 0.023,
                            "Actual Total Time": 232.117,
                            "Actual Rows": 1892308,
                            "Actual Loops": 2,
                            "Filter": "(keyword_id < 25433)",
                            "Rows Removed by Filter": 369656
                          },
                          {
                            "Node Type": "Hash",
                            "Parent Relationship": "Inner",
                            "Parallel Aware": true,
                            "Startup Cost": 50870.31,
                            "Total Cost": 50870.31,
                            "Plan Rows": 1487231,
                            "Plan Width": 4,
                            "Actual Startup Time": 529.861,
                            "Actual Total Time": 529.862,
                            "Actual Rows": 1264156,
                            "Actual Loops": 2,
                            "Hash Buckets": 4194304,
                            "Original Hash Buckets": 4194304,
                            "Hash Batches": 1,
                            "Original Hash Batches": 1,
                            "Peak Memory Usage": 131712,
                            "Plans": [
                              {
                                "Node Type": "Seq Scan",
                                "Parent Relationship": "Outer",
                                "Parallel Aware": true,
                                "Relation Name": "title",
                                "Alias": "t",
                                "Startup Cost": 0.0,
                                "Total Cost": 50870.31,
                                "Plan Rows": 1487231,
                                "Plan Width": 4,
                                "Actual Startup Time": 0.056,
                                "Actual Total Time": 159.313,
                                "Actual Rows": 1264156,
                                "Actual Loops": 2
                              }
                            ]
                          }
                        ]
                      }
                    ]
                  }
                ]
              }
            ]
          }
        ]
      }
    ]
  },
  "Planning Time": 1.078,
  "Triggers": [],
  "Execution Time": 11666.216
}