[
  {
    "Plan": {
      "Node Type": "Aggregate",
      "Strategy": "Plain",
      "Partial Mode": "Finalize",
      "Parallel Aware": false,
      "Startup Cost": 31177.89,
      "Total Cost": 31177.9,
      "Plan Rows": 1,
      "Plan Width": 8,
      "Actual Startup Time": 114.454,
      "Actual Total Time": 124.879,
      "Actual Rows": 1,
      "Actual Loops": 1,
      "Plans": [
        {
          "Node Type": "Gather",
          "Parent Relationship": "Outer",
          "Parallel Aware": false,
          "Startup Cost": 31177.57,
          "Total Cost": 31177.88,
          "Plan Rows": 3,
          "Plan Width": 8,
          "Actual Startup Time": 114.277,
          "Actual Total Time": 124.871,
          "Actual Rows": 4,
          "Actual Loops": 1,
          "Workers Planned": 3,
          "Workers Launched": 3,
          "Single Copy": false,
          "Plans": [
            {
              "Node Type": "Aggregate",
              "Strategy": "Plain",
              "Partial Mode": "Partial",
              "Parent Relationship": "Outer",
              "Parallel Aware": false,
              "Startup Cost": 30177.57,
              "Total Cost": 30177.58,
              "Plan Rows": 1,
              "Plan Width": 8,
              "Actual Startup Time": 105.724,
              "Actual Total Time": 105.726,
              "Actual Rows": 1,
              "Actual Loops": 4,
              "Plans": [
                {
                  "Node Type": "Seq Scan",
                  "Parent Relationship": "Outer",
                  "Parallel Aware": true,
                  "Relation Name": "movie_companies",
                  "Alias": "mc",
                  "Startup Cost": 0.0,
                  "Total Cost": 29310.68,
                  "Plan Rows": 346755,
                  "Plan Width": 0,
                  "Actual Startup Time": 0.067,
                  "Actual Total Time": 87.57,
                  "Actual Rows": 270590,
                  "Actual Loops": 4,
                  "Filter": "(company_id < 6946)",
                  "Rows Removed by Filter": 381692
                }
              ]
            }
          ]
        }
      ]
    },
    "Planning Time": 0.172,
    "Triggers": [],
    "Execution Time": 124.933
  }
]