{
  "Plan": {
    "Node Type": "Aggregate",
    "Strategy": "Plain",
    "Partial Mode": "Finalize",
    "Parallel Aware": false,
    "Startup Cost": 19974.91,
    "Total Cost": 19974.92,
    "Plan Rows": 1,
    "Plan Width": 8,
    "Actual Startup Time": 11.919,
    "Actual Total Time": 13.58,
    "Actual Rows": 1,
    "Actual Loops": 1,
    "Plans": [
      {
        "Node Type": "Gather",
        "Parent Relationship": "Outer",
        "Parallel Aware": false,
        "Startup Cost": 19974.8,
        "Total Cost": 19974.91,
        "Plan Rows": 1,
        "Plan Width": 8,
        "Actual Startup Time": 8.13,
        "Actual Total Time": 13.566,
        "Actual Rows": 2,
        "Actual Loops": 1,
        "Workers Planned": 1,
        "Workers Launched": 1,
        "Single Copy": false,
        "Plans": [
          {
            "Node Type": "Aggregate",
            "Strategy": "Plain",
            "Partial Mode": "Partial",
            "Parent Relationship": "Outer",
            "Parallel Aware": false,
            "Startup Cost": 18974.8,
            "Total Cost": 18974.81,
            "Plan Rows": 1,
            "Plan Width": 8,
            "Actual Startup Time": 3.824,
            "Actual Total Time": 3.826,
            "Actual Rows": 1,
            "Actual Loops": 2,
            "Plans": [
              {
                "Node Type": "Nested Loop",
                "Parent Relationship": "Outer",
                "Parallel Aware": false,
                "Join Type": "Inner",
                "Startup Cost": 86.71,
                "Total Cost": 18974.1,
                "Plan Rows": 280,
                "Plan Width": 0,
                "Actual Startup Time": 3.572,
                "Actual Total Time": 3.815,
                "Actual Rows": 14,
                "Actual Loops": 2,
                "Inner Unique": true,
                "Plans": [
                  {
                    "Node Type": "Bitmap Heap Scan",
                    "Parent Relationship": "Outer",
                    "Parallel Aware": true,
                    "Relation Name": "movie_companies",
                    "Alias": "mc",
                    "Startup Cost": 86.28,
                    "Total Cost": 9681.45,
                    "Plan Rows": 1169,
                    "Plan Width": 4,
                    "Actual Startup Time": 3.543,
                    "Actual Total Time": 3.59,
                    "Actual Rows": 15,
                    "Actual Loops": 2,
                    "Recheck Cond": "(company_id = 1402)",
                    "Rows Removed by Index Recheck": 0,
                    "Filter": "(company_type_id > 1)",
                    "Rows Removed by Filter": 1490,
                    "Exact Heap Blocks": 1076,
                    "Lossy Heap Blocks": 0,
                    "Plans": [
                      {
                        "Node Type": "Bitmap Index Scan",
                        "Parent Relationship": "Outer",
                        "Parallel Aware": false,
                        "Index Name": "company_id_movie_companies",
                        "Startup Cost": 0.0,
                        "Total Cost": 85.79,
                        "Plan Rows": 3914,
                        "Plan Width": 0,
                        "Actual Startup Time": 2.379,
                        "Actual Total Time": 2.38,
                        "Actual Rows": 3009,
                        "Actual Loops": 1,
                        "Index Cond": "(company_id = 1402)"
                      }
                    ]
                  },
                  {
                    "Node Type": "Index Scan",
                    "Parent Relationship": "Inner",
                    "Parallel Aware": false,
                    "Scan Direction": "Forward",
                    "Index Name": "title_pkey",
                    "Relation Name": "title",
                    "Alias": "t",
                    "Startup Cost": 0.43,
                    "Total Cost": 7.95,
                    "Plan Rows": 1,
                    "Plan Width": 4,
                    "Actual Startup Time": 0.014,
                    "Actual Total Time": 0.014,
                    "Actual Rows": 1,
                    "Actual Loops": 30,
                    "Index Cond": "(id = mc.movie_id)",
                    "Rows Removed by Index Recheck": 0,
                    "Filter": "((kind_id < 7) AND (production_year < 2007))",
                    "Rows Removed by Filter": 0
                  }
                ]
              }
            ]
          }
        ]
      }
    ]
  },
  "Planning Time": 0.677,
  "Triggers": [],
  "Execution Time": 13.682
}