{
  "Plan": {
    "Node Type": "Aggregate",
    "Strategy": "Plain",
    "Partial Mode": "Finalize",
    "Parallel Aware": false,
    "Startup Cost": 146658.96,
    "Total Cost": 146658.97,
    "Plan Rows": 1,
    "Plan Width": 8,
    "Actual Startup Time": 409.236,
    "Actual Total Time": 440.602,
    "Actual Rows": 1,
    "Actual Loops": 1,
    "Plans": [
      {
        "Node Type": "Gather",
        "Parent Relationship": "Outer",
        "Parallel Aware": false,
        "Startup Cost": 146658.85,
        "Total Cost": 146658.96,
        "Plan Rows": 1,
        "Plan Width": 8,
        "Actual Startup Time": 408.759,
        "Actual Total Time": 440.595,
        "Actual Rows": 2,
        "Actual Loops": 1,
        "Workers Planned": 1,
        "Workers Launched": 1,
        "Single Copy": false,
        "Plans": [
          {
            "Node Type": "Aggregate",
            "Strategy": "Plain",
            "Partial Mode": "Partial",
            "Parent Relationship": "Outer",
            "Parallel Aware": false,
            "Startup Cost": 145658.85,
            "Total Cost": 145658.86,
            "Plan Rows": 1,
            "Plan Width": 8,
            "Actual Startup Time": 402.6,
            "Actual Total Time": 402.603,
            "Actual Rows": 1,
            "Actual Loops": 2,
            "Plans": [
              {
                "Node Type": "Nested Loop",
                "Parent Relationship": "Outer",
                "Parallel Aware": false,
                "Join Type": "Inner",
                "Startup Cost": 74317.74,
                "Total Cost": 145455.09,
                "Plan Rows": 81501,
                "Plan Width": 0,
                "Actual Startup Time": 205.543,
                "Actual Total Time": 397.645,
                "Actual Rows": 92678,
                "Actual Loops": 2,
                "Inner Unique": false,
                "Join Filter": "(t.id = mi.movie_id)",
                "Rows Removed by Join Filter": 0,
                "Plans": [
                  {
                    "Node Type": "Hash Join",
                    "Parent Relationship": "Outer",
                    "Parallel Aware": true,
                    "Join Type": "Inner",
                    "Startup Cost": 74317.3,
                    "Total Cost": 105232.06,
                    "Plan Rows": 13938,
                    "Plan Width": 8,
                    "Actual Startup Time": 205.406,
                    "Actual Total Time": 315.891,
                    "Actual Rows": 6220,
                    "Actual Loops": 2,
                    "Inner Unique": true,
                    "Hash Cond": "(mk.movie_id = t.id)",
                    "Plans": [
                      {
                        "Node Type": "Bitmap Heap Scan",
                        "Parent Relationship": "Outer",
                        "Parallel Aware": true,
                        "Relation Name": "movie_keyword",
                        "Alias": "mk",
                        "Startup Cost": 15404.23,
                        "Total Cost": 45197.71,
                        "Plan Rows": 427158,
                        "Plan Width": 4,
                        "Actual Startup Time": 49.367,
                        "Actual Total Time": 120.865,
                        "Actual Rows": 358356,
                        "Actual Loops": 2,
                        "Recheck Cond": "(keyword_id > 26254)",
                        "Rows Removed by Index Recheck": 0,
                        "Exact Heap Blocks": 14938,
                        "Lossy Heap Blocks": 0,
                        "Plans": [
                          {
                            "Node Type": "Bitmap Index Scan",
                            "Parent Relationship": "Outer",
                            "Parallel Aware": false,
                            "Index Name": "keyword_id_movie_keyword",
                            "Startup Cost": 0.0,
                            "Total Cost": 15222.69,
                            "Plan Rows": 726168,
                            "Plan Width": 0,
                            "Actual Startup Time": 45.781,
                            "Actual Total Time": 45.782,
                            "Actual Rows": 716711,
                            "Actual Loops": 1,
                            "Index Cond": "(keyword_id > 26254)"
                          }
                        ]
                      },
                      {
                        "Node Type": "Hash",
                        "Parent Relationship": "Inner",
                        "Parallel Aware": true,
                        "Startup Cost": 58306.47,
                        "Total Cost": 58306.47,
                        "Plan Rows": 48528,
                        "Plan Width": 4,
                        "Actual Startup Time": 153.322,
                        "Actual Total Time": 153.322,
                        "Actual Rows": 46156,
                        "Actual Loops": 2,
                        "Hash Buckets": 131072,
                        "Original Hash Buckets": 131072,
                        "Hash Batches": 1,
                        "Original Hash Batches": 1,
                        "Peak Memory Usage": 4672,
                        "Plans": [
                          {
                            "Node Type": "Seq Scan",
                            "Parent Relationship": "Outer",
                            "Parallel Aware": true,
                            "Relation Name": "title",
                            "Alias": "t",
                            "Startup Cost": 0.0,
                            "Total Cost": 58306.47,
                            "Plan Rows": 48528,
                            "Plan Width": 4,
                            "Actual Startup Time": 0.038,
                            "Actual Total Time": 140.814,
                            "Actual Rows": 46156,
                            "Actual Loops": 2,
                            "Filter": "((kind_id > 1) AND (production_year = 2006))",
                            "Rows Removed by Filter": 1218000
                          }
                        ]
                      }
                    ]
                  },
                  {
                    "Node Type": "Index Only Scan",
                    "Parent Relationship": "Inner",
                    "Parallel Aware": false,
                    "Scan Direction": "Forward",
                    "Index Name": "movie_id_movie_info",
                    "Relation Name": "movie_info",
                    "Alias": "mi",
                    "Startup Cost": 0.43,
                    "Total Cost": 2.36,
                    "Plan Rows": 42,
                    "Plan Width": 4,
                    "Actual Startup Time": 0.004,
                    "Actual Total Time": 0.011,
                    "Actual Rows": 15,
                    "Actual Loops": 12439,
                    "Index Cond": "(movie_id = mk.movie_id)",
                    "Rows Removed by Index Recheck": 0,
                    "Heap Fetches": 185356
                  }
                ]
              }
            ]
          }
        ]
      }
    ]
  },
  "Planning Time": 0.942,
  "Triggers": [],
  "Execution Time": 440.718
}