{
  "Plan": {
    "Node Type": "Aggregate",
    "Strategy": "Plain",
    "Partial Mode": "Simple",
    "Parallel Aware": false,
    "Startup Cost": 564056.23,
    "Total Cost": 564056.24,
    "Plan Rows": 1,
    "Plan Width": 192,
    "Actual Startup Time": 709.371,
    "Actual Total Time": 709.389,
    "Actual Rows": 1,
    "Actual Loops": 1,
    "Plans": [
      {
        "Node Type": "Merge Join",
        "Parent Relationship": "Outer",
        "Parallel Aware": false,
        "Join Type": "Inner",
        "Startup Cost": 551595.05,
        "Total Cost": 564056.22,
        "Plan Rows": 1,
        "Plan Width": 84,
        "Actual Startup Time": 683.57,
        "Actual Total Time": 709.373,
        "Actual Rows": 8,
        "Actual Loops": 1,
        "Inner Unique": false,
        "Merge Cond": "(cn2.id = mc2.company_id)",
        "Plans": [
          {
            "Node Type": "Index Scan",
            "Parent Relationship": "Outer",
            "Parallel Aware": false,
            "Scan Direction": "Forward",
            "Index Name": "company_name_pkey",
            "Relation Name": "company_name",
            "Alias": "cn2",
            "Startup Cost": 0.42,
            "Total Cost": 11881.93,
            "Plan Rows": 234997,
            "Plan Width": 23,
            "Actual Startup Time": 0.013,
            "Actual Total Time": 21.704,
            "Actual Rows": 71404,
            "Actual Loops": 1
          },
          {
            "Node Type": "Sort",
            "Parent Relationship": "Inner",
            "Parallel Aware": false,
            "Startup Cost": 551594.63,
            "Total Cost": 551594.63,
            "Plan Rows": 1,
            "Plan Width": 69,
            "Actual Startup Time": 683.541,
            "Actual Total Time": 683.559,
            "Actual Rows": 8,
            "Actual Loops": 1,
            "Sort Key": [
              "mc2.company_id"
            ],
            "Sort Method": "quicksort",
            "Sort Space Used": 26,
            "Sort Space Type": "Memory",
            "Plans": [
              {
                "Node Type": "Merge Join",
                "Parent Relationship": "Outer",
                "Parallel Aware": false,
                "Join Type": "Inner",
                "Startup Cost": 404667.44,
                "Total Cost": 551594.62,
                "Plan Rows": 1,
                "Plan Width": 69,
                "Actual Startup Time": 683.529,
                "Actual Total Time": 683.549,
                "Actual Rows": 8,
                "Actual Loops": 1,
                "Inner Unique": false,
                "Merge Cond": "(mc2.movie_id = t2.id)",
                "Plans": [
                  {
                    "Node Type": "Index Scan",
                    "Parent Relationship": "Outer",
                    "Parallel Aware": false,
                    "Scan Direction": "Forward",
                    "Index Name": "movie_id_movie_companies",
                    "Relation Name": "movie_companies",
                    "Alias": "mc2",
                    "Startup Cost": 0.43,
                    "Total Cost": 140404.76,
                    "Plan Rows": 2609129,
                    "Plan Width": 8,
                    "Actual Startup Time": 0.013,
                    "Actual Total Time": 2.573,
                    "Actual Rows": 15063,
                    "Actual Loops": 1
                  },
                  {
                    "Node Type": "Sort",
                    "Parent Relationship": "Inner",
                    "Parallel Aware": false,
                    "Startup Cost": 404667.01,
                    "Total Cost": 404667.02,
                    "Plan Rows": 1,
                    "Plan Width": 77,
                    "Actual Startup Time": 680.063,
                    "Actual Total Time": 680.079,
                    "Actual Rows": 5,
                    "Actual Loops": 1,
                    "Sort Key": [
                      "ml.linked_movie_id"
                    ],
                    "Sort Method": "quicksort",
                    "Sort Space Used": 25,
                    "Sort Space Type": "Memory",
                    "Plans": [
                      {
                        "Node Type": "Merge Join",
                        "Parent Relationship": "Outer",
                        "Parallel Aware": false,
                        "Join Type": "Inner",
                        "Startup Cost": 391991.12,
                        "Total Cost": 404667.0,
                        "Plan Rows": 1,
                        "Plan Width": 77,
                        "Actual Startup Time": 647.804,
                        "Actual Total Time": 680.073,
                        "Actual Rows": 2,
                        "Actual Loops": 1,
                        "Inner Unique": false,
                        "Merge Cond": "(cn1.id = mc1.company_id)",
                        "Plans": [
                          {
                            "Node Type": "Index Scan",
                            "Parent Relationship": "Outer",
                            "Parallel Aware": false,
                            "Scan Direction": "Forward",
                            "Index Name": "company_name_pkey",
                            "Relation Name": "company_name",
                            "Alias": "cn1",
                            "Startup Cost": 0.42,
                            "Total Cost": 12469.43,
                            "Plan Rows": 85931,
                            "Plan Width": 23,
                            "Actual Startup Time": 0.016,
                            "Actual Total Time": 30.942,
                            "Actual Rows": 26007,
                            "Actual Loops": 1,
                            "Filter": "((country_code)::text = '[us]'::text)",
                            "Rows Removed by Filter": 45397
                          },
                          {
                            "Node Type": "Sort",
                            "Parent Relationship": "Inner",
                            "Parallel Aware": false,
                            "Startup Cost": 391990.7,
                            "Total Cost": 391990.71,
                            "Plan Rows": 1,
                            "Plan Width": 62,
                            "Actual Startup Time": 647.753,
                            "Actual Total Time": 647.771,
                            "Actual Rows": 14,
                            "Actual Loops": 1,
                            "Sort Key": [
                              "mc1.company_id"
                            ],
                            "Sort Method": "quicksort",
                            "Sort Space Used": 26,
                            "Sort Space Type": "Memory",
                            "Plans": [
                              {
                                "Node Type": "Merge Join",
                                "Parent Relationship": "Outer",
                                "Parallel Aware": false,
                                "Join Type": "Inner",
                                "Startup Cost": 245063.52,
                                "Total Cost": 391990.69,
                                "Plan Rows": 1,
                                "Plan Width": 62,
                                "Actual Startup Time": 642.696,
                                "Actual Total Time": 647.757,
                                "Actual Rows": 14,
                                "Actual Loops": 1,
                                "Inner Unique": false,
                                "Merge Cond": "(mc1.movie_id = t1.id)",
                                "Plans": [
                                  {
                                    "Node Type": "Index Scan",
                                    "Parent Relationship": "Outer",
                                    "Parallel Aware": false,
                                    "Scan Direction": "Forward",
                                    "Index Name": "movie_id_movie_companies",
                                    "Relation Name": "movie_companies",
                                    "Alias": "mc1",
                                    "Startup Cost": 0.43,
                                    "Total Cost": 140404.76,
                                    "Plan Rows": 2609129,
                                    "Plan Width": 8,
                                    "Actual Startup Time": 0.011,
                                    "Actual Total Time": 6.448,
                                    "Actual Rows": 33407,
                                    "Actual Loops": 1
                                  },
                                  {
                                    "Node Type": "Sort",
                                    "Parent Relationship": "Inner",
                                    "Parallel Aware": false,
                                    "Startup Cost": 245063.09,
                                    "Total Cost": 245063.09,
                                    "Plan Rows": 1,
                                    "Plan Width": 70,
                                    "Actual Startup Time": 639.238,
                                    "Actual Total Time": 639.253,
                                    "Actual Rows": 14,
                                    "Actual Loops": 1,
                                    "Sort Key": [
                                      "ml.movie_id"
                                    ],
                                    "Sort Method": "quicksort",
                                    "Sort Space Used": 25,
                                    "Sort Space Type": "Memory",
                                    "Plans": [
                                      {
                                        "Node Type": "Merge Join",
                                        "Parent Relationship": "Outer",
                                        "Parallel Aware": false,
                                        "Join Type": "Inner",
                                        "Startup Cost": 245063.06,
                                        "Total Cost": 245063.08,
                                        "Plan Rows": 1,
                                        "Plan Width": 70,
                                        "Actual Startup Time": 639.231,
                                        "Actual Total Time": 639.246,
                                        "Actual Rows": 5,
                                        "Actual Loops": 1,
                                        "Inner Unique": true,
                                        "Merge Cond": "(mi_idx1.info_type_id = it1.id)",
                                        "Plans": [
                                          {
                                            "Node Type": "Sort",
                                            "Parent Relationship": "Outer",
                                            "Parallel Aware": false,
                                            "Startup Cost": 245060.63,
                                            "Total Cost": 245060.63,
                                            "Plan Rows": 1,
                                            "Plan Width": 74,
                                            "Actual Startup Time": 639.206,
                                            "Actual Total Time": 639.22,
                                            "Actual Rows": 15,
                                            "Actual Loops": 1,
                                            "Sort Key": [
                                              "mi_idx1.info_type_id"
                                            ],
                                            "Sort Method": "quicksort",
                                            "Sort Space Used": 27,
                                            "Sort Space Type": "Memory",
                                            "Plans": [
                                              {
                                                "Node Type": "Merge Join",
                                                "Parent Relationship": "Outer",
                                                "Parallel Aware": false,
                                                "Join Type": "Inner",
                                                "Startup Cost": 187988.21,
                                                "Total Cost": 245060.62,
                                                "Plan Rows": 1,
                                                "Plan Width": 74,
                                                "Actual Startup Time": 634.099,
                                                "Actual Total Time": 639.209,
                                                "Actual Rows": 15,
                                                "Actual Loops": 1,
                                                "Inner Unique": false,
                                                "Merge Cond": "(mi_idx1.movie_id = t1.id)",
                                                "Plans": [
                                                  {
                                                    "Node Type": "Index Scan",
                                                    "Parent Relationship": "Outer",
                                                    "Parallel Aware": false,
                                                    "Scan Direction": "Forward",
                                                    "Index Name": "movie_id_movie_info_idx",
                                                    "Relation Name": "movie_info_idx",
                                                    "Alias": "mi_idx1",
                                                    "Startup Cost": 0.43,
                                                    "Total Cost": 53622.74,
                                                    "Plan Rows": 1380035,
                                                    "Plan Width": 14,
                                                    "Actual Startup Time": 0.014,
                                                    "Actual Total Time": 4.325,
                                                    "Actual Rows": 38836,
                                                    "Actual Loops": 1
                                                  },
                                                  {
                                                    "Node Type": "Sort",
                                                    "Parent Relationship": "Inner",
                                                    "Parallel Aware": false,
                                                    "Startup Cost": 187987.78,
                                                    "Total Cost": 187987.78,
                                                    "Plan Rows": 1,
                                                    "Plan Width": 60,
                                                    "Actual Startup Time": 632.658,
                                                    "Actual Total Time": 632.671,
                                                    "Actual Rows": 16,
                                                    "Actual Loops": 1,
                                                    "Sort Key": [
                                                      "ml.movie_id"
                                                    ],
                                                    "Sort Method": "quicksort",
                                                    "Sort Space Used": 25,
                                                    "Sort Space Type": "Memory",
                                                    "Plans": [
                                                      {
                                                        "Node Type": "Merge Join",
                                                        "Parent Relationship": "Outer",
                                                        "Parallel Aware": false,
                                                        "Join Type": "Inner",
                                                        "Startup Cost": 187987.74,
                                                        "Total Cost": 187987.77,
                                                        "Plan Rows": 1,
                                                        "Plan Width": 60,
                                                        "Actual Startup Time": 632.652,
                                                        "Actual Total Time": 632.664,
                                                        "Actual Rows": 6,
                                                        "Actual Loops": 1,
                                                        "Inner Unique": true,
                                                        "Merge Cond": "(t1.kind_id = kt1.id)",
                                                        "Plans": [
                                                          {
                                                            "Node Type": "Sort",
                                                            "Parent Relationship": "Outer",
                                                            "Parallel Aware": false,
                                                            "Startup Cost": 187986.65,
                                                            "Total Cost": 187986.65,
                                                            "Plan Rows": 1,
                                                            "Plan Width": 64,
                                                            "Actual Startup Time": 632.64,
                                                            "Actual Total Time": 632.651,
                                                            "Actual Rows": 6,
                                                            "Actual Loops": 1,
                                                            "Sort Key": [
                                                              "t1.kind_id"
                                                            ],
                                                            "Sort Method": "quicksort",
                                                            "Sort Space Used": 25,
                                                            "Sort Space Type": "Memory",
                                                            "Plans": [
                                                              {
                                                                "Node Type": "Merge Join",
                                                                "Parent Relationship": "Outer",
                                                                "Parallel Aware": false,
                                                                "Join Type": "Inner",
                                                                "Startup Cost": 187986.46,
                                                                "Total Cost": 187986.64,
                                                                "Plan Rows": 1,
                                                                "Plan Width": 64,
                                                                "Actual Startup Time": 632.634,
                                                                "Actual Total Time": 632.644,
                                                                "Actual Rows": 6,
                                                                "Actual Loops": 1,
                                                                "Inner Unique": true,
                                                                "Merge Cond": "(mi_idx2.info_type_id = it2.id)",
                                                                "Plans": [
                                                                  {
                                                                    "Node Type": "Sort",
                                                                    "Parent Relationship": "Outer",
                                                                    "Parallel Aware": false,
                                                                    "Startup Cost": 187984.03,
                                                                    "Total Cost": 187984.11,
                                                                    "Plan Rows": 34,
                                                                    "Plan Width": 68,
                                                                    "Actual Startup Time": 632.587,
                                                                    "Actual Total Time": 632.601,
                                                                    "Actual Rows": 115,
                                                                    "Actual Loops": 1,
                                                                    "Sort Key": [
                                                                      "mi_idx2.info_type_id"
                                                                    ],
                                                                    "Sort Method": "quicksort",
                                                                    "Sort Space Used": 42,
                                                                    "Sort Space Type": "Memory",
                                                                    "Plans": [
                                                                      {
                                                                        "Node Type": "Merge Join",
                                                                        "Parent Relationship": "Outer",
                                                                        "Parallel Aware": false,
                                                                        "Join Type": "Inner",
                                                                        "Startup Cost": 179137.53,
                                                                        "Total Cost": 187983.16,
                                                                        "Plan Rows": 34,
                                                                        "Plan Width": 68,
                                                                        "Actual Startup Time": 543.144,
                                                                        "Actual Total Time": 632.529,
                                                                        "Actual Rows": 115,
                                                                        "Actual Loops": 1,
                                                                        "Inner Unique": false,
                                                                        "Merge Cond": "(t1.id = ml.movie_id)",
                                                                        "Plans": [
                                                                          {
                                                                            "Node Type": "Index Scan",
                                                                            "Parent Relationship": "Outer",
                                                                            "Parallel Aware": false,
                                                                            "Scan Direction": "Forward",
                                                                            "Index Name": "title_pkey",
                                                                            "Relation Name": "title",
                                                                            "Alias": "t1",
                                                                            "Startup Cost": 0.43,
                                                                            "Total Cost": 110359.06,
                                                                            "Plan Rows": 2528509,
                                                                            "Plan Width": 25,
                                                                            "Actual Startup Time": 0.013,
                                                                            "Actual Total Time": 79.048,
                                                                            "Actual Rows": 186176,
                                                                            "Actual Loops": 1
                                                                          },
                                                                          {
                                                                            "Node Type": "Sort",
                                                                            "Parent Relationship": "Inner",
                                                                            "Parallel Aware": false,
                                                                            "Startup Cost": 179137.1,
                                                                            "Total Cost": 179137.18,
                                                                            "Plan Rows": 34,
                                                                            "Plan Width": 43,
                                                                            "Actual Startup Time": 542.096,
                                                                            "Actual Total Time": 542.126,
                                                                            "Actual Rows": 115,
                                                                            "Actual Loops": 1,
                                                                            "Sort Key": [
                                                                              "ml.movie_id"
                                                                            ],
                                                                            "Sort Method": "quicksort",
                                                                            "Sort Space Used": 38,
                                                                            "Sort Space Type": "Memory",
                                                                            "Plans": [
                                                                              {
                                                                                "Node Type": "Merge Join",
                                                                                "Parent Relationship": "Outer",
                                                                                "Parallel Aware": false,
                                                                                "Join Type": "Inner",
                                                                                "Startup Cost": 120365.85,
                                                                                "Total Cost": 179136.23,
                                                                                "Plan Rows": 34,
                                                                                "Plan Width": 43,
                                                                                "Actual Startup Time": 456.645,
                                                                                "Actual Total Time": 542.057,
                                                                                "Actual Rows": 115,
                                                                                "Actual Loops": 1,
                                                                                "Inner Unique": false,
                                                                                "Merge Cond": "(mi_idx2.movie_id = t2.id)",
                                                                                "Plans": [
                                                                                  {
                                                                                    "Node Type": "Index Scan",
                                                                                    "Parent Relationship": "Outer",
                                                                                    "Parallel Aware": false,
                                                                                    "Scan Direction": "Forward",
                                                                                    "Index Name": "movie_id_movie_info_idx",
                                                                                    "Relation Name": "movie_info_idx",
                                                                                    "Alias": "mi_idx2",
                                                                                    "Startup Cost": 0.43,
                                                                                    "Total Cost": 57072.82,
                                                                                    "Plan Rows": 678805,
                                                                                    "Plan Width": 14,
                                                                                    "Actual Startup Time": 0.016,
                                                                                    "Actual Total Time": 74.243,
                                                                                    "Actual Rows": 248245,
                                                                                    "Actual Loops": 1,
                                                                                    "Filter": "(info < '3.0'::text)",
                                                                                    "Rows Removed by Filter": 267146
                                                                                  },
                                                                                  {
                                                                                    "Node Type": "Sort",
                                                                                    "Parent Relationship": "Inner",
                                                                                    "Parallel Aware": false,
                                                                                    "Startup Cost": 120365.42,
                                                                                    "Total Cost": 120365.74,
                                                                                    "Plan Rows": 127,
                                                                                    "Plan Width": 29,
                                                                                    "Actual Startup Time": 456.5,
                                                                                    "Actual Total Time": 456.52,
                                                                                    "Actual Rows": 137,
                                                                                    "Actual Loops": 1,
                                                                                    "Sort Key": [
                                                                                      "ml.linked_movie_id"
                                                                                    ],
                                                                                    "Sort Method": "quicksort",
                                                                                    "Sort Space Used": 33,
                                                                                    "Sort Space Type": "Memory",
                                                                                    "Plans": [
                                                                                      {
                                                                                        "Node Type": "Merge Join",
                                                                                        "Parent Relationship": "Outer",
                                                                                        "Parallel Aware": false,
                                                                                        "Join Type": "Inner",
                                                                                        "Startup Cost": 120355.26,
                                                                                        "Total Cost": 120360.99,
                                                                                        "Plan Rows": 127,
                                                                                        "Plan Width": 29,
                                                                                        "Actual Startup Time": 456.46,
                                                                                        "Actual Total Time": 456.484,
                                                                                        "Actual Rows": 100,
                                                                                        "Actual Loops": 1,
                                                                                        "Inner Unique": true,
                                                                                        "Merge Cond": "(t2.kind_id = kt2.id)",
                                                                                        "Plans": [
                                                                                          {
                                                                                            "Node Type": "Sort",
                                                                                            "Parent Relationship": "Outer",
                                                                                            "Parallel Aware": false,
                                                                                            "Startup Cost": 120354.17,
                                                                                            "Total Cost": 120356.39,
                                                                                            "Plan Rows": 889,
                                                                                            "Plan Width": 33,
                                                                                            "Actual Startup Time": 456.429,
                                                                                            "Actual Total Time": 456.44,
                                                                                            "Actual Rows": 108,
                                                                                            "Actual Loops": 1,
                                                                                            "Sort Key": [
                                                                                              "t2.kind_id"
                                                                                            ],
                                                                                            "Sort Method": "quicksort",
                                                                                            "Sort Space Used": 46,
                                                                                            "Sort Space Type": "Memory",
                                                                                            "Plans": [
                                                                                              {
                                                                                                "Node Type": "Merge Join",
                                                                                                "Parent Relationship": "Outer",
                                                                                                "Parallel Aware": false,
                                                                                                "Join Type": "Inner",
                                                                                                "Startup Cost": 118030.93,
                                                                                                "Total Cost": 120310.62,
                                                                                                "Plan Rows": 889,
                                                                                                "Plan Width": 33,
                                                                                                "Actual Startup Time": 361.887,
                                                                                                "Actual Total Time": 456.363,
                                                                                                "Actual Rows": 245,
                                                                                                "Actual Loops": 1,
                                                                                                "Inner Unique": true,
                                                                                                "Merge Cond": "(ml.linked_movie_id = t2.id)",
                                                                                                "Plans": [
                                                                                                  {
                                                                                                    "Node Type": "Sort",
                                                                                                    "Parent Relationship": "Outer",
                                                                                                    "Parallel Aware": false,
                                                                                                    "Startup Cost": 1869.83,
                                                                                                    "Total Cost": 1882.33,
                                                                                                    "Plan Rows": 5000,
                                                                                                    "Plan Width": 8,
                                                                                                    "Actual Startup Time": 4.065,
                                                                                                    "Actual Total Time": 4.298,
                                                                                                    "Actual Rows": 2315,
                                                                                                    "Actual Loops": 1,
                                                                                                    "Sort Key": [
                                                                                                      "ml.linked_movie_id"
                                                                                                    ],
                                                                                                    "Sort Method": "quicksort",
                                                                                                    "Sort Space Used": 205,
                                                                                                    "Sort Space Type": "Memory",
                                                                                                    "Plans": [
                                                                                                      {
                                                                                                        "Node Type": "Merge Join",
                                                                                                        "Parent Relationship": "Outer",
                                                                                                        "Parallel Aware": false,
                                                                                                        "Join Type": "Inner",
                                                                                                        "Startup Cost": 0.42,
                                                                                                        "Total Cost": 1562.63,
                                                                                                        "Plan Rows": 5000,
                                                                                                        "Plan Width": 8,
                                                                                                        "Actual Startup Time": 0.029,
                                                                                                        "Actual Total Time": 2.576,
                                                                                                        "Actual Rows": 2315,
                                                                                                        "Actual Loops": 1,
                                                                                                        "Inner Unique": true,
                                                                                                        "Merge Cond": "(ml.link_type_id = lt.id)",
                                                                                                        "Plans": [
                                                                                                          {
                                                                                                            "Node Type": "Index Scan",
                                                                                                            "Parent Relationship": "Outer",
                                                                                                            "Parallel Aware": false,
                                                                                                            "Scan Direction": "Forward",
                                                                                                            "Index Name": "link_type_id_movie_link",
                                                                                                            "Relation Name": "movie_link",
                                                                                                            "Alias": "ml",
                                                                                                            "Startup Cost": 0.29,
                                                                                                            "Total Cost": 1425.16,
                                                                                                            "Plan Rows": 29997,
                                                                                                            "Plan Width": 12,
                                                                                                            "Actual Startup Time": 0.017,
                                                                                                            "Actual Total Time": 1.43,
                                                                                                            "Actual Rows": 2316,
                                                                                                            "Actual Loops": 1
                                                                                                          },
                                                                                                          {
                                                                                                            "Node Type": "Index Scan",
                                                                                                            "Parent Relationship": "Inner",
                                                                                                            "Parallel Aware": false,
                                                                                                            "Scan Direction": "Forward",
                                                                                                            "Index Name": "link_type_pkey",
                                                                                                            "Relation Name": "link_type",
                                                                                                            "Alias": "lt",
                                                                                                            "Startup Cost": 0.14,
                                                                                                            "Total Cost": 12.47,
                                                                                                            "Plan Rows": 3,
                                                                                                            "Plan Width": 4,
                                                                                                            "Actual Startup Time": 0.007,
                                                                                                            "Actual Total Time": 0.023,
                                                                                                            "Actual Rows": 2,
                                                                                                            "Actual Loops": 1,
                                                                                                            "Filter": "((link)::text = ANY ('{sequel,follows,\"followed by\"}'::text[]))",
                                                                                                            "Rows Removed by Filter": 16
                                                                                                          }
                                                                                                        ]
                                                                                                      }
                                                                                                    ]
                                                                                                  },
                                                                                                  {
                                                                                                    "Node Type": "Sort",
                                                                                                    "Parent Relationship": "Inner",
                                                                                                    "Parallel Aware": false,
                                                                                                    "Startup Cost": 116160.85,
                                                                                                    "Total Cost": 117285.39,
                                                                                                    "Plan Rows": 449814,
                                                                                                    "Plan Width": 25,
                                                                                                    "Actual Startup Time": 357.724,
                                                                                                    "Actual Total Time": 409.857,
                                                                                                    "Actual Rows": 443399,
                                                                                                    "Actual Loops": 1,
                                                                                                    "Sort Key": [
                                                                                                      "t2.id"
                                                                                                    ],
                                                                                                    "Sort Method": "quicksort",
                                                                                                    "Sort Space Used": 45708,
                                                                                                    "Sort Space Type": "Memory",
                                                                                                    "Plans": [
                                                                                                      {
                                                                                                        "Node Type": "Seq Scan",
                                                                                                        "Parent Relationship": "Outer",
                                                                                                        "Parallel Aware": false,
                                                                                                        "Relation Name": "title",
                                                                                                        "Alias": "t2",
                                                                                                        "Startup Cost": 0.0,
                                                                                                        "Total Cost": 73925.64,
                                                                                                        "Plan Rows": 449814,
                                                                                                        "Plan Width": 25,
                                                                                                        "Actual Startup Time": 0.028,
                                                                                                        "Actual Total Time": 239.953,
                                                                                                        "Actual Rows": 445860,
                                                                                                        "Actual Loops": 1,
                                                                                                        "Filter": "((production_year >= 2005) AND (production_year <= 2008))",
                                                                                                        "Rows Removed by Filter": 2082452
                                                                                                      }
                                                                                                    ]
                                                                                                  }
                                                                                                ]
                                                                                              }
                                                                                            ]
                                                                                          },
                                                                                          {
                                                                                            "Node Type": "Sort",
                                                                                            "Parent Relationship": "Inner",
                                                                                            "Parallel Aware": false,
                                                                                            "Startup Cost": 1.1,
                                                                                            "Total Cost": 1.1,
                                                                                            "Plan Rows": 1,
                                                                                            "Plan Width": 4,
                                                                                            "Actual Startup Time": 0.026,
                                                                                            "Actual Total Time": 0.026,
                                                                                            "Actual Rows": 1,
                                                                                            "Actual Loops": 1,
                                                                                            "Sort Key": [
                                                                                              "kt2.id"
                                                                                            ],
                                                                                            "Sort Method": "quicksort",
                                                                                            "Sort Space Used": 25,
                                                                                            "Sort Space Type": "Memory",
                                                                                            "Plans": [
                                                                                              {
                                                                                                "Node Type": "Seq Scan",
                                                                                                "Parent Relationship": "Outer",
                                                                                                "Parallel Aware": false,
                                                                                                "Relation Name": "kind_type",
                                                                                                "Alias": "kt2",
                                                                                                "Startup Cost": 0.0,
                                                                                                "Total Cost": 1.09,
                                                                                                "Plan Rows": 1,
                                                                                                "Plan Width": 4,
                                                                                                "Actual Startup Time": 0.017,
                                                                                                "Actual Total Time": 0.018,
                                                                                                "Actual Rows": 1,
                                                                                                "Actual Loops": 1,
                                                                                                "Filter": "((kind)::text = 'tv series'::text COLLATE \"C\")",
                                                                                                "Rows Removed by Filter": 6
                                                                                              }
                                                                                            ]
                                                                                          }
                                                                                        ]
                                                                                      }
                                                                                    ]
                                                                                  }
                                                                                ]
                                                                              }
                                                                            ]
                                                                          }
                                                                        ]
                                                                      }
                                                                    ]
                                                                  },
                                                                  {
                                                                    "Node Type": "Sort",
                                                                    "Parent Relationship": "Inner",
                                                                    "Parallel Aware": false,
                                                                    "Startup Cost": 2.42,
                                                                    "Total Cost": 2.43,
                                                                    "Plan Rows": 1,
                                                                    "Plan Width": 4,
                                                                    "Actual Startup Time": 0.028,
                                                                    "Actual Total Time": 0.029,
                                                                    "Actual Rows": 1,
                                                                    "Actual Loops": 1,
                                                                    "Sort Key": [
                                                                      "it2.id"
                                                                    ],
                                                                    "Sort Method": "quicksort",
                                                                    "Sort Space Used": 25,
                                                                    "Sort Space Type": "Memory",
                                                                    "Plans": [
                                                                      {
                                                                        "Node Type": "Seq Scan",
                                                                        "Parent Relationship": "Outer",
                                                                        "Parallel Aware": false,
                                                                        "Relation Name": "info_type",
                                                                        "Alias": "it2",
                                                                        "Startup Cost": 0.0,
                                                                        "Total Cost": 2.41,
                                                                        "Plan Rows": 1,
                                                                        "Plan Width": 4,
                                                                        "Actual Startup Time": 0.021,
                                                                        "Actual Total Time": 0.022,
                                                                        "Actual Rows": 1,
                                                                        "Actual Loops": 1,
                                                                        "Filter": "((info)::text = 'rating'::text COLLATE \"C\")",
                                                                        "Rows Removed by Filter": 112
                                                                      }
                                                                    ]
                                                                  }
                                                                ]
                                                              }
                                                            ]
                                                          },
                                                          {
                                                            "Node Type": "Sort",
                                                            "Parent Relationship": "Inner",
                                                            "Parallel Aware": false,
                                                            "Startup Cost": 1.1,
                                                            "Total Cost": 1.1,
                                                            "Plan Rows": 1,
                                                            "Plan Width": 4,
                                                            "Actual Startup Time": 0.009,
                                                            "Actual Total Time": 0.01,
                                                            "Actual Rows": 1,
                                                            "Actual Loops": 1,
                                                            "Sort Key": [
                                                              "kt1.id"
                                                            ],
                                                            "Sort Method": "quicksort",
                                                            "Sort Space Used": 25,
                                                            "Sort Space Type": "Memory",
                                                            "Plans": [
                                                              {
                                                                "Node Type": "Seq Scan",
                                                                "Parent Relationship": "Outer",
                                                                "Parallel Aware": false,
                                                                "Relation Name": "kind_type",
                                                                "Alias": "kt1",
                                                                "Startup Cost": 0.0,
                                                                "Total Cost": 1.09,
                                                                "Plan Rows": 1,
                                                                "Plan Width": 4,
                                                                "Actual Startup Time": 0.006,
                                                                "Actual Total Time": 0.007,
                                                                "Actual Rows": 1,
                                                                "Actual Loops": 1,
                                                                "Filter": "((kind)::text = 'tv series'::text COLLATE \"C\")",
                                                                "Rows Removed by Filter": 6
                                                              }
                                                            ]
                                                          }
                                                        ]
                                                      }
                                                    ]
                                                  }
                                                ]
                                              }
                                            ]
                                          },
                                          {
                                            "Node Type": "Sort",
                                            "Parent Relationship": "Inner",
                                            "Parallel Aware": false,
                                            "Startup Cost": 2.42,
                                            "Total Cost": 2.43,
                                            "Plan Rows": 1,
                                            "Plan Width": 4,
                                            "Actual Startup Time": 0.018,
                                            "Actual Total Time": 0.019,
                                            "Actual Rows": 1,
                                            "Actual Loops": 1,
                                            "Sort Key": [
                                              "it1.id"
                                            ],
                                            "Sort Method": "quicksort",
                                            "Sort Space Used": 25,
                                            "Sort Space Type": "Memory",
                                            "Plans": [
                                              {
                                                "Node Type": "Seq Scan",
                                                "Parent Relationship": "Outer",
                                                "Parallel Aware": false,
                                                "Relation Name": "info_type",
                                                "Alias": "it1",
                                                "Startup Cost": 0.0,
                                                "Total Cost": 2.41,
                                                "Plan Rows": 1,
                                                "Plan Width": 4,
                                                "Actual Startup Time": 0.013,
                                                "Actual Total Time": 0.014,
                                                "Actual Rows": 1,
                                                "Actual Loops": 1,
                                                "Filter": "((info)::text = 'rating'::text COLLATE \"C\")",
                                                "Rows Removed by Filter": 112
                                              }
                                            ]
                                          }
                                        ]
                                      }
                                    ]
                                  }
                                ]
                              }
                            ]
                          }
                        ]
                      }
                    ]
                  }
                ]
              }
            ]
          }
        ]
      }
    ]
  },
  "Planning Time": 4.398,
  "Triggers": [],
  "Execution Time": 709.645
}