[
    {
        "Bao": {
            "Bao prediction": 555.619,
            "Bao recommended hint": "(no hint)"
        }
    },
    {
        "Plan": {
            "Node Type": "Aggregate",
            "Strategy": "Plain",
            "Partial Mode": "Simple",
            "Parallel Aware": false,
            "Startup Cost": 760.11,
            "Total Cost": 760.12,
            "Plan Rows": 1,
            "Plan Width": 8,
            "Actual Startup Time": 5.474,
            "Actual Total Time": 5.477,
            "Actual Rows": 1,
            "Actual Loops": 1,
            "Output": [
                "count(*)"
            ],
            "Plans": [
                {
                    "Node Type": "Nested Loop",
                    "Parent Relationship": "Outer",
                    "Parallel Aware": false,
                    "Join Type": "Inner",
                    "Startup Cost": 1.42,
                    "Total Cost": 759.79,
                    "Plan Rows": 129,
                    "Plan Width": 0,
                    "Actual Startup Time": 0.2,
                    "Actual Total Time": 5.46,
                    "Actual Rows": 34,
                    "Actual Loops": 1,
                    "Inner Unique": false,
                    "Plans": [
                        {
                            "Node Type": "Nested Loop",
                            "Parent Relationship": "Outer",
                            "Parallel Aware": false,
                            "Join Type": "Inner",
                            "Startup Cost": 0.86,
                            "Total Cost": 713.63,
                            "Plan Rows": 9,
                            "Plan Width": 8,
                            "Actual Startup Time": 0.153,
                            "Actual Total Time": 5.217,
                            "Actual Rows": 6,
                            "Actual Loops": 1,
                            "Output": [
                                "t.id",
                                "mc.movie_id"
                            ],
                            "Inner Unique": true,
                            "Plans": [
                                {
                                    "Node Type": "Index Scan",
                                    "Parent Relationship": "Outer",
                                    "Parallel Aware": false,
                                    "Scan Direction": "Forward",
                                    "Index Name": "company_id_movie_companies",
                                    "Relation Name": "movie_companies",
                                    "Schema": "public",
                                    "Alias": "mc",
                                    "Startup Cost": 0.43,
                                    "Total Cost": 274.1,
                                    "Plan Rows": 52,
                                    "Plan Width": 4,
                                    "Actual Startup Time": 0.109,
                                    "Actual Total Time": 0.601,
                                    "Actual Rows": 771,
                                    "Actual Loops": 1,
                                    "Output": [
                                        "mc.id",
                                        "mc.movie_id",
                                        "mc.company_id",
                                        "mc.company_type_id",
                                        "mc.note"
                                    ],
                                    "Index Cond": "(mc.company_id = 71884)",
                                    "Rows Removed by Index Recheck": 0,
                                    "Filter": "(mc.company_type_id > 1)",
                                    "Rows Removed by Filter": 0
                                },
                                {
                                    "Node Type": "Index Scan",
                                    "Parent Relationship": "Inner",
                                    "Parallel Aware": false,
                                    "Scan Direction": "Forward",
                                    "Index Name": "title_pkey",
                                    "Relation Name": "title",
                                    "Schema": "public",
                                    "Alias": "t",
                                    "Startup Cost": 0.43,
                                    "Total Cost": 8.45,
                                    "Plan Rows": 1,
                                    "Plan Width": 4,
                                    "Actual Startup Time": 0.005,
                                    "Actual Total Time": 0.005,
                                    "Actual Rows": 0,
                                    "Actual Loops": 771,
                                    "Output": [
                                        "t.id",
                                        "t.title",
                                        "t.imdb_index",
                                        "t.kind_id",
                                        "t.production_year",
                                        "t.imdb_id",
                                        "t.phonetic_code",
                                        "t.episode_of_id",
                                        "t.season_nr",
                                        "t.episode_nr",
                                        "t.series_years",
                                        "t.md5sum"
                                    ],
                                    "Index Cond": "(t.id = mc.movie_id)",
                                    "Rows Removed by Index Recheck": 0,
                                    "Filter": "((t.kind_id < 7) AND (t.production_year > 2004))",
                                    "Rows Removed by Filter": 1
                                }
                            ]
                        },
                        {
                            "Node Type": "Index Only Scan",
                            "Parent Relationship": "Inner",
                            "Parallel Aware": false,
                            "Scan Direction": "Forward",
                            "Index Name": "movie_id_cast_info",
                            "Relation Name": "cast_info",
                            "Schema": "public",
                            "Alias": "ci",
                            "Startup Cost": 0.56,
                            "Total Cost": 4.75,
                            "Plan Rows": 38,
                            "Plan Width": 4,
                            "Actual Startup Time": 0.024,
                            "Actual Total Time": 0.037,
                            "Actual Rows": 6,
                            "Actual Loops": 6,
                            "Output": [
                                "ci.movie_id"
                            ],
                            "Index Cond": "(ci.movie_id = t.id)",
                            "Rows Removed by Index Recheck": 0,
                            "Heap Fetches": 34
                        }
                    ]
                }
            ]
        },
        "Planning Time": 3223.648,
        "Triggers": [],
        "Execution Time": 5.656
    }
]