[
  {
    "Plan": {
      "Node Type": "Aggregate",
      "Strategy": "Plain",
      "Partial Mode": "Simple",
      "Parallel Aware": false,
      "Startup Cost": 27613.75,
      "Total Cost": 27613.76,
      "Plan Rows": 1,
      "Plan Width": 8,
      "Actual Startup Time": 54.536,
      "Actual Total Time": 54.537,
      "Actual Rows": 1,
      "Actual Loops": 1,
      "Plans": [
        {
          "Node Type": "Bitmap Heap Scan",
          "Parent Relationship": "Outer",
          "Parallel Aware": false,
          "Relation Name": "movie_keyword",
          "Alias": "mk",
          "Startup Cost": 1852.07,
          "Total Cost": 27395.81,
          "Plan Rows": 87179,
          "Plan Width": 0,
          "Actual Startup Time": 14.676,
          "Actual Total Time": 50.388,
          "Actual Rows": 85531,
          "Actual Loops": 1,
          "Recheck Cond": "(keyword_id > 86207)",
          "Rows Removed by Index Recheck": 0,
          "Exact Heap Blocks": 16264,
          "Lossy Heap Blocks": 0,
          "Plans": [
            {
              "Node Type": "Bitmap Index Scan",
              "Parent Relationship": "Outer",
              "Parallel Aware": false,
              "Index Name": "keyword_id_movie_keyword",
              "Startup Cost": 0.0,
              "Total Cost": 1830.27,
              "Plan Rows": 87179,
              "Plan Width": 0,
              "Actual Startup Time": 10.153,
              "Actual Total Time": 10.153,
              "Actual Rows": 85531,
              "Actual Loops": 1,
              "Index Cond": "(keyword_id > 86207)"
            }
          ]
        }
      ]
    },
    "Planning Time": 0.17,
    "Triggers": [],
    "Execution Time": 54.596
  }
]