[
  {
    "Plan": {
      "Node Type": "Aggregate",
      "Strategy": "Plain",
      "Partial Mode": "Finalize",
      "Parallel Aware": false,
      "Startup Cost": 120781.74,
      "Total Cost": 120781.75,
      "Plan Rows": 1,
      "Plan Width": 8,
      "Actual Startup Time": 181.719,
      "Actual Total Time": 200.006,
      "Actual Rows": 1,
      "Actual Loops": 1,
      "Plans": [
        {
          "Node Type": "Gather",
          "Parent Relationship": "Outer",
          "Parallel Aware": false,
          "Startup Cost": 120781.22,
          "Total Cost": 120781.73,
          "Plan Rows": 5,
          "Plan Width": 8,
          "Actual Startup Time": 181.58,
          "Actual Total Time": 199.992,
          "Actual Rows": 6,
          "Actual Loops": 1,
          "Workers Planned": 5,
          "Workers Launched": 5,
          "Single Copy": false,
          "Plans": [
            {
              "Node Type": "Aggregate",
              "Strategy": "Plain",
              "Partial Mode": "Partial",
              "Parent Relationship": "Outer",
              "Parallel Aware": false,
              "Startup Cost": 119781.22,
              "Total Cost": 119781.23,
              "Plan Rows": 1,
              "Plan Width": 8,
              "Actual Startup Time": 175.587,
              "Actual Total Time": 175.589,
              "Actual Rows": 1,
              "Actual Loops": 6,
              "Plans": [
                {
                  "Node Type": "Index Scan",
                  "Parent Relationship": "Outer",
                  "Parallel Aware": true,
                  "Scan Direction": "Forward",
                  "Index Name": "role_id_cast_info",
                  "Relation Name": "cast_info",
                  "Alias": "ci",
                  "Startup Cost": 0.56,
                  "Total Cost": 118067.1,
                  "Plan Rows": 685647,
                  "Plan Width": 0,
                  "Actual Startup Time": 0.09,
                  "Actual Total Time": 162.913,
                  "Actual Rows": 240277,
                  "Actual Loops": 6,
                  "Index Cond": "(role_id = 10)",
                  "Rows Removed by Index Recheck": 0,
                  "Filter": "(person_id < 2924227)",
                  "Rows Removed by Filter": 480226
                }
              ]
            }
          ]
        }
      ]
    },
    "Planning Time": 0.233,
    "Triggers": [],
    "Execution Time": 200.068
  }
]