{
    "Plan": {
        "Node Type": "Aggregate",
        "Strategy": "Plain",
        "Partial Mode": "Finalize",
        "Parallel Aware": false,
        "Startup Cost": 77805.81,
        "Total Cost": 77805.82,
        "Plan Rows": 1,
        "Plan Width": 8,
        "Actual Startup Time": 280.058,
        "Actual Total Time": 296.349,
        "Actual Rows": 1,
        "Actual Loops": 1,
        "Output": [
            "count(*)"
        ],
        "Plans": [
            {
                "Node Type": "Gather",
                "Parent Relationship": "Outer",
                "Parallel Aware": false,
                "Startup Cost": 77805.49,
                "Total Cost": 77805.8,
                "Plan Rows": 3,
                "Plan Width": 8,
                "Actual Startup Time": 278.053,
                "Actual Total Time": 296.339,
                "Actual Rows": 4,
                "Actual Loops": 1,
                "Output": [
                    "(PARTIAL count(*))"
                ],
                "Workers Planned": 3,
                "Workers Launched": 3,
                "Single Copy": false,
                "Plans": [
                    {
                        "Node Type": "Aggregate",
                        "Strategy": "Plain",
                        "Partial Mode": "Partial",
                        "Parent Relationship": "Outer",
                        "Parallel Aware": false,
                        "Startup Cost": 76805.49,
                        "Total Cost": 76805.5,
                        "Plan Rows": 1,
                        "Plan Width": 8,
                        "Actual Startup Time": 269.066,
                        "Actual Total Time": 269.069,
                        "Actual Rows": 1,
                        "Actual Loops": 4,
                        "Output": [
                            "PARTIAL count(*)"
                        ],
                        "Workers": [
                            {
                                "Worker Number": 0,
                                "Actual Startup Time": 265.59,
                                "Actual Total Time": 265.593,
                                "Actual Rows": 1,
                                "Actual Loops": 1
                            },
                            {
                                "Worker Number": 1,
                                "Actual Startup Time": 266.621,
                                "Actual Total Time": 266.623,
                                "Actual Rows": 1,
                                "Actual Loops": 1
                            },
                            {
                                "Worker Number": 2,
                                "Actual Startup Time": 266.733,
                                "Actual Total Time": 266.736,
                                "Actual Rows": 1,
                                "Actual Loops": 1
                            }
                        ],
                        "Plans": [
                            {
                                "Node Type": "Hash Join",
                                "Parent Relationship": "Outer",
                                "Parallel Aware": true,
                                "Join Type": "Inner",
                                "Startup Cost": 46520.43,
                                "Total Cost": 76696.84,
                                "Plan Rows": 43462,
                                "Plan Width": 0,
                                "Actual Startup Time": 150.098,
                                "Actual Total Time": 265.72,
                                "Actual Rows": 65555,
                                "Actual Loops": 4,
                                "Inner Unique": true,
                                "Hash Cond": "(mc.movie_id = t.id)",
                                "Workers": [
                                    {
                                        "Worker Number": 0,
                                        "Actual Startup Time": 146.681,
                                        "Actual Total Time": 262.278,
                                        "Actual Rows": 49602,
                                        "Actual Loops": 1
                                    },
                                    {
                                        "Worker Number": 1,
                                        "Actual Startup Time": 147.496,
                                        "Actual Total Time": 263.169,
                                        "Actual Rows": 51807,
                                        "Actual Loops": 1
                                    },
                                    {
                                        "Worker Number": 2,
                                        "Actual Startup Time": 147.815,
                                        "Actual Total Time": 263.551,
                                        "Actual Rows": 79209,
                                        "Actual Loops": 1
                                    }
                                ],
                                "Plans": [
                                    {
                                        "Node Type": "Seq Scan",
                                        "Parent Relationship": "Outer",
                                        "Parallel Aware": true,
                                        "Relation Name": "movie_companies",
                                        "Schema": "public",
                                        "Alias": "mc",
                                        "Startup Cost": 0.0,
                                        "Total Cost": 29310.68,
                                        "Plan Rows": 329799,
                                        "Plan Width": 4,
                                        "Actual Startup Time": 10.999,
                                        "Actual Total Time": 73.491,
                                        "Actual Rows": 256104,
                                        "Actual Loops": 4,
                                        "Output": [
                                            "mc.id",
                                            "mc.movie_id",
                                            "mc.company_id",
                                            "mc.company_type_id",
                                            "mc.note"
                                        ],
                                        "Filter": "(mc.company_id > 15807)",
                                        "Rows Removed by Filter": 396178,
                                        "Workers": [
                                            {
                                                "Worker Number": 0,
                                                "Actual Startup Time": 11.012,
                                                "Actual Total Time": 75.817,
                                                "Actual Rows": 195671,
                                                "Actual Loops": 1
                                            },
                                            {
                                                "Worker Number": 1,
                                                "Actual Startup Time": 10.999,
                                                "Actual Total Time": 75.76,
                                                "Actual Rows": 203532,
                                                "Actual Loops": 1
                                            },
                                            {
                                                "Worker Number": 2,
                                                "Actual Startup Time": 10.998,
                                                "Actual Total Time": 72.754,
                                                "Actual Rows": 304718,
                                                "Actual Loops": 1
                                            }
                                        ]
                                    },
                                    {
                                        "Node Type": "Hash",
                                        "Parent Relationship": "Inner",
                                        "Parallel Aware": true,
                                        "Startup Cost": 45479.21,
                                        "Total Cost": 45479.21,
                                        "Plan Rows": 83298,
                                        "Plan Width": 4,
                                        "Actual Startup Time": 135.709,
                                        "Actual Total Time": 135.71,
                                        "Actual Rows": 63893,
                                        "Actual Loops": 4,
                                        "Output": [
                                            "t.id"
                                        ],
                                        "Hash Buckets": 524288,
                                        "Original Hash Buckets": 524288,
                                        "Hash Batches": 1,
                                        "Original Hash Batches": 1,
                                        "Peak Memory Usage": 14208,
                                        "Workers": [
                                            {
                                                "Worker Number": 0,
                                                "Actual Startup Time": 135.017,
                                                "Actual Total Time": 135.018,
                                                "Actual Rows": 49103,
                                                "Actual Loops": 1
                                            },
                                            {
                                                "Worker Number": 1,
                                                "Actual Startup Time": 135.937,
                                                "Actual Total Time": 135.938,
                                                "Actual Rows": 51555,
                                                "Actual Loops": 1
                                            },
                                            {
                                                "Worker Number": 2,
                                                "Actual Startup Time": 136.168,
                                                "Actual Total Time": 136.169,
                                                "Actual Rows": 73862,
                                                "Actual Loops": 1
                                            }
                                        ],
                                        "Plans": [
                                            {
                                                "Node Type": "Seq Scan",
                                                "Parent Relationship": "Outer",
                                                "Parallel Aware": true,
                                                "Relation Name": "title",
                                                "Schema": "public",
                                                "Alias": "t",
                                                "Startup Cost": 0.0,
                                                "Total Cost": 45479.21,
                                                "Plan Rows": 83298,
                                                "Plan Width": 4,
                                                "Actual Startup Time": 52.671,
                                                "Actual Total Time": 111.795,
                                                "Actual Rows": 63893,
                                                "Actual Loops": 4,
                                                "Output": [
                                                    "t.id"
                                                ],
                                                "Filter": "((t.production_year > 2002) AND (t.kind_id = 1))",
                                                "Rows Removed by Filter": 568185,
                                                "Workers": [
                                                    {
                                                        "Worker Number": 0,
                                                        "Actual Startup Time": 66.67,
                                                        "Actual Total Time": 112.363,
                                                        "Actual Rows": 49103,
                                                        "Actual Loops": 1
                                                    },
                                                    {
                                                        "Worker Number": 1,
                                                        "Actual Startup Time": 9.555,
                                                        "Actual Total Time": 113.108,
                                                        "Actual Rows": 51555,
                                                        "Actual Loops": 1
                                                    },
                                                    {
                                                        "Worker Number": 2,
                                                        "Actual Startup Time": 67.204,
                                                        "Actual Total Time": 111.341,
                                                        "Actual Rows": 73862,
                                                        "Actual Loops": 1
                                                    }
                                                ]
                                            }
                                        ]
                                    }
                                ]
                            }
                        ]
                    }
                ]
            }
        ]
    },
    "Planning Time": 0.767,
    "Triggers": [],
    "Execution Time": 296.428
}