{
  "Plan": {
    "Node Type": "Aggregate",
    "Strategy": "Plain",
    "Partial Mode": "Finalize",
    "Parallel Aware": false,
    "Startup Cost": 122834.48,
    "Total Cost": 122834.49,
    "Plan Rows": 1,
    "Plan Width": 8,
    "Actual Startup Time": 649.252,
    "Actual Total Time": 665.026,
    "Actual Rows": 1,
    "Actual Loops": 1,
    "Plans": [
      {
        "Node Type": "Gather",
        "Parent Relationship": "Outer",
        "Parallel Aware": false,
        "Startup Cost": 122834.36,
        "Total Cost": 122834.47,
        "Plan Rows": 1,
        "Plan Width": 8,
        "Actual Startup Time": 647.241,
        "Actual Total Time": 665.018,
        "Actual Rows": 2,
        "Actual Loops": 1,
        "Workers Planned": 1,
        "Workers Launched": 1,
        "Single Copy": false,
        "Plans": [
          {
            "Node Type": "Aggregate",
            "Strategy": "Plain",
            "Partial Mode": "Partial",
            "Parent Relationship": "Outer",
            "Parallel Aware": false,
            "Startup Cost": 121834.36,
            "Total Cost": 121834.37,
            "Plan Rows": 1,
            "Plan Width": 8,
            "Actual Startup Time": 641.639,
            "Actual Total Time": 641.642,
            "Actual Rows": 1,
            "Actual Loops": 2,
            "Plans": [
              {
                "Node Type": "Hash Join",
                "Parent Relationship": "Outer",
                "Parallel Aware": true,
                "Join Type": "Inner",
                "Startup Cost": 59473.49,
                "Total Cost": 120905.05,
                "Plan Rows": 371726,
                "Plan Width": 0,
                "Actual Startup Time": 272.937,
                "Actual Total Time": 632.074,
                "Actual Rows": 187850,
                "Actual Loops": 2,
                "Inner Unique": true,
                "Hash Cond": "(mk.movie_id = t.id)",
                "Plans": [
                  {
                    "Node Type": "Seq Scan",
                    "Parent Relationship": "Outer",
                    "Parallel Aware": true,
                    "Relation Name": "movie_keyword",
                    "Alias": "mk",
                    "Startup Cost": 0.0,
                    "Total Cost": 57718.19,
                    "Plan Rows": 1414612,
                    "Plan Width": 4,
                    "Actual Startup Time": 0.382,
                    "Actual Total Time": 219.977,
                    "Actual Rows": 1201396,
                    "Actual Loops": 2,
                    "Filter": "(keyword_id > 3893)",
                    "Rows Removed by Filter": 1060568
                  },
                  {
                    "Node Type": "Hash",
                    "Parent Relationship": "Inner",
                    "Parallel Aware": true,
                    "Startup Cost": 54588.39,
                    "Total Cost": 54588.39,
                    "Plan Rows": 390808,
                    "Plan Width": 4,
                    "Actual Startup Time": 263.153,
                    "Actual Total Time": 263.154,
                    "Actual Rows": 331032,
                    "Actual Loops": 2,
                    "Hash Buckets": 1048576,
                    "Original Hash Buckets": 1048576,
                    "Hash Batches": 1,
                    "Original Hash Batches": 1,
                    "Peak Memory Usage": 34112,
                    "Plans": [
                      {
                        "Node Type": "Seq Scan",
                        "Parent Relationship": "Outer",
                        "Parallel Aware": true,
                        "Relation Name": "title",
                        "Alias": "t",
                        "Startup Cost": 0.0,
                        "Total Cost": 54588.39,
                        "Plan Rows": 390808,
                        "Plan Width": 4,
                        "Actual Startup Time": 0.03,
                        "Actual Total Time": 165.682,
                        "Actual Rows": 331032,
                        "Actual Loops": 2,
                        "Filter": "(production_year > 2008)",
                        "Rows Removed by Filter": 933124
                      }
                    ]
                  }
                ]
              }
            ]
          }
        ]
      }
    ]
  },
  "Planning Time": 0.437,
  "Triggers": [],
  "Execution Time": 665.094
}