[
  {
    "Plan": {
      "Node Type": "Aggregate",
      "Strategy": "Plain",
      "Partial Mode": "Finalize",
      "Parallel Aware": false,
      "Startup Cost": 29236.74,
      "Total Cost": 29236.75,
      "Plan Rows": 1,
      "Plan Width": 8,
      "Actual Startup Time": 94.206,
      "Actual Total Time": 97.2,
      "Actual Rows": 1,
      "Actual Loops": 1,
      "Plans": [
        {
          "Node Type": "Gather",
          "Parent Relationship": "Outer",
          "Parallel Aware": false,
          "Startup Cost": 29236.42,
          "Total Cost": 29236.73,
          "Plan Rows": 3,
          "Plan Width": 8,
          "Actual Startup Time": 94.052,
          "Actual Total Time": 97.189,
          "Actual Rows": 4,
          "Actual Loops": 1,
          "Workers Planned": 3,
          "Workers Launched": 3,
          "Single Copy": false,
          "Plans": [
            {
              "Node Type": "Aggregate",
              "Strategy": "Plain",
              "Partial Mode": "Partial",
              "Parent Relationship": "Outer",
              "Parallel Aware": false,
              "Startup Cost": 28236.42,
              "Total Cost": 28236.43,
              "Plan Rows": 1,
              "Plan Width": 8,
              "Actual Startup Time": 89.665,
              "Actual Total Time": 89.667,
              "Actual Rows": 1,
              "Actual Loops": 4,
              "Plans": [
                {
                  "Node Type": "Bitmap Heap Scan",
                  "Parent Relationship": "Outer",
                  "Parallel Aware": true,
                  "Relation Name": "movie_companies",
                  "Alias": "mc",
                  "Startup Cost": 7722.14,
                  "Total Cost": 27949.04,
                  "Plan Rows": 114952,
                  "Plan Width": 0,
                  "Actual Startup Time": 45.753,
                  "Actual Total Time": 81.926,
                  "Actual Rows": 88874,
                  "Actual Loops": 4,
                  "Recheck Cond": "(company_id > 87650)",
                  "Rows Removed by Index Recheck": 0,
                  "Exact Heap Blocks": 2355,
                  "Lossy Heap Blocks": 0,
                  "Plans": [
                    {
                      "Node Type": "Bitmap Index Scan",
                      "Parent Relationship": "Outer",
                      "Parallel Aware": false,
                      "Index Name": "company_id_movie_companies",
                      "Startup Cost": 0.0,
                      "Total Cost": 7633.06,
                      "Plan Rows": 356350,
                      "Plan Width": 0,
                      "Actual Startup Time": 48.076,
                      "Actual Total Time": 48.077,
                      "Actual Rows": 355495,
                      "Actual Loops": 1,
                      "Index Cond": "(company_id > 87650)"
                    }
                  ]
                }
              ]
            }
          ]
        }
      ]
    },
    "Planning Time": 0.198,
    "Triggers": [],
    "Execution Time": 97.281
  }
]