[
  {
    "Plan": {
      "Node Type": "Aggregate",
      "Strategy": "Plain",
      "Partial Mode": "Finalize",
      "Parallel Aware": false,
      "Startup Cost": 48989.12,
      "Total Cost": 48989.13,
      "Plan Rows": 1,
      "Plan Width": 8,
      "Actual Startup Time": 120.523,
      "Actual Total Time": 138.672,
      "Actual Rows": 1,
      "Actual Loops": 1,
      "Plans": [
        {
          "Node Type": "Gather",
          "Parent Relationship": "Outer",
          "Parallel Aware": false,
          "Startup Cost": 48988.7,
          "Total Cost": 48989.11,
          "Plan Rows": 4,
          "Plan Width": 8,
          "Actual Startup Time": 120.335,
          "Actual Total Time": 138.662,
          "Actual Rows": 5,
          "Actual Loops": 1,
          "Workers Planned": 4,
          "Workers Launched": 4,
          "Single Copy": false,
          "Plans": [
            {
              "Node Type": "Aggregate",
              "Strategy": "Plain",
              "Partial Mode": "Partial",
              "Parent Relationship": "Outer",
              "Parallel Aware": false,
              "Startup Cost": 47988.7,
              "Total Cost": 47988.71,
              "Plan Rows": 1,
              "Plan Width": 8,
              "Actual Startup Time": 112.684,
              "Actual Total Time": 112.686,
              "Actual Rows": 1,
              "Actual Loops": 5,
              "Plans": [
                {
                  "Node Type": "Nested Loop",
                  "Parent Relationship": "Outer",
                  "Parallel Aware": false,
                  "Join Type": "Inner",
                  "Startup Cost": 0.86,
                  "Total Cost": 47987.68,
                  "Plan Rows": 410,
                  "Plan Width": 0,
                  "Actual Startup Time": 56.334,
                  "Actual Total Time": 112.164,
                  "Actual Rows": 7671,
                  "Actual Loops": 5,
                  "Inner Unique": false,
                  "Join Filter": "(t.id = mi.movie_id)",
                  "Rows Removed by Join Filter": 0,
                  "Plans": [
                    {
                      "Node Type": "Nested Loop",
                      "Parent Relationship": "Outer",
                      "Parallel Aware": false,
                      "Join Type": "Inner",
                      "Startup Cost": 0.43,
                      "Total Cost": 47765.5,
                      "Plan Rows": 117,
                      "Plan Width": 8,
                      "Actual Startup Time": 56.191,
                      "Actual Total Time": 88.646,
                      "Actual Rows": 918,
                      "Actual Loops": 5,
                      "Inner Unique": false,
                      "Plans": [
                        {
                          "Node Type": "Seq Scan",
                          "Parent Relationship": "Outer",
                          "Parallel Aware": true,
                          "Relation Name": "title",
                          "Alias": "t",
                          "Startup Cost": 0.0,
                          "Total Cost": 45479.59,
                          "Plan Rows": 113,
                          "Plan Width": 4,
                          "Actual Startup Time": 56.084,
                          "Actual Total Time": 80.209,
                          "Actual Rows": 523,
                          "Actual Loops": 5,
                          "Filter": "((kind_id < 3) AND (production_year = 1923))",
                          "Rows Removed by Filter": 505140
                        },
                        {
                          "Node Type": "Index Only Scan",
                          "Parent Relationship": "Inner",
                          "Parallel Aware": false,
                          "Scan Direction": "Forward",
                          "Index Name": "movie_id_movie_companies",
                          "Relation Name": "movie_companies",
                          "Alias": "mc",
                          "Startup Cost": 0.43,
                          "Total Cost": 20.18,
                          "Plan Rows": 5,
                          "Plan Width": 4,
                          "Actual Startup Time": 0.012,
                          "Actual Total Time": 0.015,
                          "Actual Rows": 2,
                          "Actual Loops": 2614,
                          "Index Cond": "(movie_id = t.id)",
                          "Rows Removed by Index Recheck": 0,
                          "Heap Fetches": 4589
                        }
                      ]
                    },
                    {
                      "Node Type": "Index Scan",
                      "Parent Relationship": "Inner",
                      "Parallel Aware": false,
                      "Scan Direction": "Forward",
                      "Index Name": "movie_id_movie_info",
                      "Relation Name": "movie_info",
                      "Alias": "mi",
                      "Startup Cost": 0.43,
                      "Total Cost": 1.59,
                      "Plan Rows": 25,
                      "Plan Width": 4,
                      "Actual Startup Time": 0.012,
                      "Actual Total Time": 0.024,
                      "Actual Rows": 8,
                      "Actual Loops": 4589,
                      "Index Cond": "(movie_id = mc.movie_id)",
                      "Rows Removed by Index Recheck": 0,
                      "Filter": "(info_type_id > 6)",
                      "Rows Removed by Filter": 5
                    }
                  ]
                }
              ]
            }
          ]
        }
      ]
    },
    "Planning Time": 0.863,
    "Triggers": [],
    "Execution Time": 138.725
  }
]