[
    {
        "Bao": {
            "Bao prediction": "NaN",
            "Bao recommended hint": "(no hint)"
        }
    },
    {
        "Plan": {
            "Node Type": "Aggregate",
            "Strategy": "Plain",
            "Partial Mode": "Finalize",
            "Parallel Aware": false,
            "Startup Cost": 45627.42,
            "Total Cost": 45627.43,
            "Plan Rows": 1,
            "Plan Width": 8,
            "Actual Startup Time": 158.241,
            "Actual Total Time": 164.175,
            "Actual Rows": 1,
            "Actual Loops": 1,
            "Output": [
                "count(*)"
            ],
            "Plans": [
                {
                    "Node Type": "Gather",
                    "Parent Relationship": "Outer",
                    "Parallel Aware": false,
                    "Startup Cost": 45627.1,
                    "Total Cost": 45627.41,
                    "Plan Rows": 3,
                    "Plan Width": 8,
                    "Actual Startup Time": 158.156,
                    "Actual Total Time": 164.169,
                    "Actual Rows": 4,
                    "Actual Loops": 1,
                    "Output": [
                        "(PARTIAL count(*))"
                    ],
                    "Workers Planned": 3,
                    "Workers Launched": 3,
                    "Single Copy": false,
                    "Plans": [
                        {
                            "Node Type": "Aggregate",
                            "Strategy": "Plain",
                            "Partial Mode": "Partial",
                            "Parent Relationship": "Outer",
                            "Parallel Aware": false,
                            "Startup Cost": 44627.1,
                            "Total Cost": 44627.11,
                            "Plan Rows": 1,
                            "Plan Width": 8,
                            "Actual Startup Time": 149.86,
                            "Actual Total Time": 149.861,
                            "Actual Rows": 1,
                            "Actual Loops": 4,
                            "Output": [
                                "PARTIAL count(*)"
                            ],
                            "Workers": [
                                {
                                    "Worker Number": 0,
                                    "Actual Startup Time": 146.829,
                                    "Actual Total Time": 146.83,
                                    "Actual Rows": 1,
                                    "Actual Loops": 1
                                },
                                {
                                    "Worker Number": 1,
                                    "Actual Startup Time": 147.262,
                                    "Actual Total Time": 147.263,
                                    "Actual Rows": 1,
                                    "Actual Loops": 1
                                },
                                {
                                    "Worker Number": 2,
                                    "Actual Startup Time": 147.65,
                                    "Actual Total Time": 147.651,
                                    "Actual Rows": 1,
                                    "Actual Loops": 1
                                }
                            ],
                            "Plans": [
                                {
                                    "Node Type": "Seq Scan",
                                    "Parent Relationship": "Outer",
                                    "Parallel Aware": true,
                                    "Relation Name": "movie_keyword",
                                    "Schema": "public",
                                    "Alias": "mk",
                                    "Startup Cost": 0.0,
                                    "Total Cost": 42695.65,
                                    "Plan Rows": 772579,
                                    "Plan Width": 0,
                                    "Actual Startup Time": 0.048,
                                    "Actual Total Time": 118.334,
                                    "Actual Rows": 600924,
                                    "Actual Loops": 4,
                                    "Output": [
                                        "id",
                                        "movie_id",
                                        "keyword_id"
                                    ],
                                    "Filter": "(mk.keyword_id < 5601)",
                                    "Rows Removed by Filter": 530058,
                                    "Workers": [
                                        {
                                            "Worker Number": 0,
                                            "Actual Startup Time": 0.059,
                                            "Actual Total Time": 117.514,
                                            "Actual Rows": 604757,
                                            "Actual Loops": 1
                                        },
                                        {
                                            "Worker Number": 1,
                                            "Actual Startup Time": 0.044,
                                            "Actual Total Time": 117.609,
                                            "Actual Rows": 394587,
                                            "Actual Loops": 1
                                        },
                                        {
                                            "Worker Number": 2,
                                            "Actual Startup Time": 0.067,
                                            "Actual Total Time": 117.706,
                                            "Actual Rows": 611816,
                                            "Actual Loops": 1
                                        }
                                    ]
                                }
                            ]
                        }
                    ]
                }
            ]
        },
        "Planning Time": 227.375,
        "Triggers": [],
        "Execution Time": 164.232
    }
]