[
  {
    "Plan": {
      "Node Type": "Aggregate",
      "Strategy": "Plain",
      "Partial Mode": "Finalize",
      "Parallel Aware": false,
      "Startup Cost": 333166.52,
      "Total Cost": 333166.53,
      "Plan Rows": 1,
      "Plan Width": 8,
      "Actual Startup Time": 803.622,
      "Actual Total Time": 862.695,
      "Actual Rows": 1,
      "Actual Loops": 1,
      "Plans": [
        {
          "Node Type": "Gather",
          "Parent Relationship": "Outer",
          "Parallel Aware": false,
          "Startup Cost": 333165.89,
          "Total Cost": 333166.5,
          "Plan Rows": 6,
          "Plan Width": 8,
          "Actual Startup Time": 803.403,
          "Actual Total Time": 862.68,
          "Actual Rows": 7,
          "Actual Loops": 1,
          "Workers Planned": 6,
          "Workers Launched": 6,
          "Single Copy": false,
          "Plans": [
            {
              "Node Type": "Aggregate",
              "Strategy": "Plain",
              "Partial Mode": "Partial",
              "Parent Relationship": "Outer",
              "Parallel Aware": false,
              "Startup Cost": 332165.89,
              "Total Cost": 332165.9,
              "Plan Rows": 1,
              "Plan Width": 8,
              "Actual Startup Time": 795.962,
              "Actual Total Time": 795.964,
              "Actual Rows": 1,
              "Actual Loops": 7,
              "Plans": [
                {
                  "Node Type": "Seq Scan",
                  "Parent Relationship": "Outer",
                  "Parallel Aware": true,
                  "Relation Name": "cast_info",
                  "Alias": "ci",
                  "Startup Cost": 0.0,
                  "Total Cost": 328211.39,
                  "Plan Rows": 1581800,
                  "Plan Width": 0,
                  "Actual Startup Time": 385.149,
                  "Actual Total Time": 709.749,
                  "Actual Rows": 1342207,
                  "Actual Loops": 7,
                  "Filter": "(person_id > 2764382)",
                  "Rows Removed by Filter": 3835557
                }
              ]
            }
          ]
        }
      ]
    },
    "Planning Time": 0.203,
    "Triggers": [],
    "Execution Time": 862.775
  }
]