[
  {
    "Plan": {
      "Node Type": "Aggregate",
      "Strategy": "Plain",
      "Partial Mode": "Finalize",
      "Parallel Aware": false,
      "Startup Cost": 36989.45,
      "Total Cost": 36989.46,
      "Plan Rows": 1,
      "Plan Width": 8,
      "Actual Startup Time": 66.506,
      "Actual Total Time": 76.871,
      "Actual Rows": 1,
      "Actual Loops": 1,
      "Plans": [
        {
          "Node Type": "Gather",
          "Parent Relationship": "Outer",
          "Parallel Aware": false,
          "Startup Cost": 36989.13,
          "Total Cost": 36989.44,
          "Plan Rows": 3,
          "Plan Width": 8,
          "Actual Startup Time": 66.373,
          "Actual Total Time": 76.865,
          "Actual Rows": 4,
          "Actual Loops": 1,
          "Workers Planned": 3,
          "Workers Launched": 3,
          "Single Copy": false,
          "Plans": [
            {
              "Node Type": "Aggregate",
              "Strategy": "Plain",
              "Partial Mode": "Partial",
              "Parent Relationship": "Outer",
              "Parallel Aware": false,
              "Startup Cost": 35989.13,
              "Total Cost": 35989.14,
              "Plan Rows": 1,
              "Plan Width": 8,
              "Actual Startup Time": 60.59,
              "Actual Total Time": 60.592,
              "Actual Rows": 1,
              "Actual Loops": 4,
              "Plans": [
                {
                  "Node Type": "Nested Loop",
                  "Parent Relationship": "Outer",
                  "Parallel Aware": false,
                  "Join Type": "Inner",
                  "Startup Cost": 284.74,
                  "Total Cost": 35986.99,
                  "Plan Rows": 856,
                  "Plan Width": 0,
                  "Actual Startup Time": 1.076,
                  "Actual Total Time": 59.531,
                  "Actual Rows": 18770,
                  "Actual Loops": 4,
                  "Inner Unique": false,
                  "Plans": [
                    {
                      "Node Type": "Nested Loop",
                      "Parent Relationship": "Outer",
                      "Parallel Aware": false,
                      "Join Type": "Inner",
                      "Startup Cost": 284.3,
                      "Total Cost": 32820.85,
                      "Plan Rows": 2063,
                      "Plan Width": 8,
                      "Actual Startup Time": 0.663,
                      "Actual Total Time": 26.443,
                      "Actual Rows": 3197,
                      "Actual Loops": 4,
                      "Inner Unique": true,
                      "Plans": [
                        {
                          "Node Type": "Bitmap Heap Scan",
                          "Parent Relationship": "Outer",
                          "Parallel Aware": true,
                          "Relation Name": "movie_companies",
                          "Alias": "mc",
                          "Startup Cost": 283.87,
                          "Total Cost": 18227.34,
                          "Plan Rows": 2063,
                          "Plan Width": 4,
                          "Actual Startup Time": 0.528,
                          "Actual Total Time": 5.747,
                          "Actual Rows": 3197,
                          "Actual Loops": 4,
                          "Recheck Cond": "(company_id = 34)",
                          "Rows Removed by Index Recheck": 0,
                          "Filter": "(company_type_id < 2)",
                          "Rows Removed by Filter": 27,
                          "Exact Heap Blocks": 1655,
                          "Lossy Heap Blocks": 0,
                          "Plans": [
                            {
                              "Node Type": "Bitmap Index Scan",
                              "Parent Relationship": "Outer",
                              "Parallel Aware": false,
                              "Index Name": "company_id_movie_companies",
                              "Startup Cost": 0.0,
                              "Total Cost": 282.28,
                              "Plan Rows": 13046,
                              "Plan Width": 0,
                              "Actual Startup Time": 1.288,
                              "Actual Total Time": 1.288,
                              "Actual Rows": 12894,
                              "Actual Loops": 1,
                              "Index Cond": "(company_id = 34)"
                            }
                          ]
                        },
                        {
                          "Node Type": "Index Only Scan",
                          "Parent Relationship": "Inner",
                          "Parallel Aware": false,
                          "Scan Direction": "Forward",
                          "Index Name": "title_pkey",
                          "Relation Name": "title",
                          "Alias": "t",
                          "Startup Cost": 0.43,
                          "Total Cost": 7.07,
                          "Plan Rows": 1,
                          "Plan Width": 4,
                          "Actual Startup Time": 0.006,
                          "Actual Total Time": 0.006,
                          "Actual Rows": 1,
                          "Actual Loops": 12787,
                          "Index Cond": "(id = mc.movie_id)",
                          "Rows Removed by Index Recheck": 0,
                          "Heap Fetches": 12787
                        }
                      ]
                    },
                    {
                      "Node Type": "Index Scan",
                      "Parent Relationship": "Inner",
                      "Parallel Aware": false,
                      "Scan Direction": "Forward",
                      "Index Name": "movie_id_movie_keyword",
                      "Relation Name": "movie_keyword",
                      "Alias": "mk",
                      "Startup Cost": 0.43,
                      "Total Cost": 1.42,
                      "Plan Rows": 11,
                      "Plan Width": 4,
                      "Actual Startup Time": 0.006,
                      "Actual Total Time": 0.01,
                      "Actual Rows": 6,
                      "Actual Loops": 12787,
                      "Index Cond": "(movie_id = t.id)",
                      "Rows Removed by Index Recheck": 0,
                      "Filter": "(keyword_id < 1045)",
                      "Rows Removed by Filter": 26
                    }
                  ]
                }
              ]
            }
          ]
        }
      ]
    },
    "Planning Time": 0.354,
    "Triggers": [],
    "Execution Time": 76.916
  }
]