{
  "Plan": {
    "Node Type": "Aggregate",
    "Strategy": "Plain",
    "Partial Mode": "Simple",
    "Parallel Aware": false,
    "Startup Cost": 989664.93,
    "Total Cost": 989664.94,
    "Plan Rows": 1,
    "Plan Width": 64,
    "Actual Startup Time": 5380.4,
    "Actual Total Time": 5523.105,
    "Actual Rows": 1,
    "Actual Loops": 1,
    "Plans": [
      {
        "Node Type": "Hash Join",
        "Parent Relationship": "Outer",
        "Parallel Aware": false,
        "Join Type": "Inner",
        "Startup Cost": 988998.39,
        "Total Cost": 989644.04,
        "Plan Rows": 4178,
        "Plan Width": 38,
        "Actual Startup Time": 5365.298,
        "Actual Total Time": 5519.035,
        "Actual Rows": 11347,
        "Actual Loops": 1,
        "Inner Unique": true,
        "Hash Cond": "(mk.keyword_id = k.id)",
        "Plans": [
          {
            "Node Type": "Hash Join",
            "Parent Relationship": "Outer",
            "Parallel Aware": false,
            "Join Type": "Inner",
            "Startup Cost": 985030.57,
            "Total Cost": 985665.25,
            "Plan Rows": 4178,
            "Plan Width": 42,
            "Actual Startup Time": 5308.994,
            "Actual Total Time": 5455.775,
            "Actual Rows": 11347,
            "Actual Loops": 1,
            "Inner Unique": false,
            "Hash Cond": "(it1.id = mi.info_type_id)",
            "Plans": [
              {
                "Node Type": "Seq Scan",
                "Parent Relationship": "Outer",
                "Parallel Aware": false,
                "Relation Name": "info_type",
                "Alias": "it1",
                "Startup Cost": 0.0,
                "Total Cost": 2.41,
                "Plan Rows": 1,
                "Plan Width": 4,
                "Actual Startup Time": 0.032,
                "Actual Total Time": 0.058,
                "Actual Rows": 1,
                "Actual Loops": 1,
                "Filter": "((info)::text = 'release dates'::text)",
                "Rows Removed by Filter": 112
              },
              {
                "Node Type": "Hash",
                "Parent Relationship": "Inner",
                "Parallel Aware": false,
                "Startup Cost": 979125.92,
                "Total Cost": 979125.92,
                "Plan Rows": 472372,
                "Plan Width": 46,
                "Actual Startup Time": 5305.678,
                "Actual Total Time": 5448.377,
                "Actual Rows": 25736,
                "Actual Loops": 1,
                "Hash Buckets": 524288,
                "Original Hash Buckets": 524288,
                "Hash Batches": 1,
                "Original Hash Batches": 1,
                "Peak Memory Usage": 6162,
                "Plans": [
                  {
                    "Node Type": "Gather",
                    "Parent Relationship": "Outer",
                    "Parallel Aware": false,
                    "Startup Cost": 732660.83,
                    "Total Cost": 979125.92,
                    "Plan Rows": 472372,
                    "Plan Width": 46,
                    "Actual Startup Time": 4885.634,
                    "Actual Total Time": 5444.175,
                    "Actual Rows": 25736,
                    "Actual Loops": 1,
                    "Workers Planned": 5,
                    "Workers Launched": 5,
                    "Single Copy": false,
                    "Plans": [
                      {
                        "Node Type": "Hash Join",
                        "Parent Relationship": "Outer",
                        "Parallel Aware": true,
                        "Join Type": "Inner",
                        "Startup Cost": 731660.83,
                        "Total Cost": 930888.72,
                        "Plan Rows": 94474,
                        "Plan Width": 46,
                        "Actual Startup Time": 4805.798,
                        "Actual Total Time": 5110.704,
                        "Actual Rows": 4289,
                        "Actual Loops": 6,
                        "Inner Unique": false,
                        "Hash Cond": "(mi.movie_id = t.id)",
                        "Plans": [
                          {
                            "Node Type": "Seq Scan",
                            "Parent Relationship": "Outer",
                            "Parallel Aware": true,
                            "Relation Name": "movie_info",
                            "Alias": "mi",
                            "Startup Cost": 0.0,
                            "Total Cost": 199164.27,
                            "Plan Rows": 2297,
                            "Plan Width": 8,
                            "Actual Startup Time": 29.963,
                            "Actual Total Time": 360.039,
                            "Actual Rows": 1802,
                            "Actual Loops": 6,
                            "Filter": "(note ~~ '%internet%'::text)",
                            "Rows Removed by Filter": 2470818
                          },
                          {
                            "Node Type": "Hash",
                            "Parent Relationship": "Inner",
                            "Parallel Aware": true,
                            "Startup Cost": 671781.32,
                            "Total Cost": 671781.32,
                            "Plan Rows": 4790361,
                            "Plan Width": 58,
                            "Actual Startup Time": 4712.402,
                            "Actual Total Time": 4713.076,
                            "Actual Rows": 2023798,
                            "Actual Loops": 6,
                            "Hash Buckets": 16777216,
                            "Original Hash Buckets": 16777216,
                            "Hash Batches": 1,
                            "Original Hash Batches": 1,
                            "Peak Memory Usage": 1285312,
                            "Plans": [
                              {
                                "Node Type": "Hash Join",
                                "Parent Relationship": "Outer",
                                "Parallel Aware": true,
                                "Join Type": "Inner",
                                "Startup Cost": 626597.99,
                                "Total Cost": 671781.32,
                                "Plan Rows": 4790361,
                                "Plan Width": 58,
                                "Actual Startup Time": 3104.15,
                                "Actual Total Time": 3516.108,
                                "Actual Rows": 2023798,
                                "Actual Loops": 6,
                                "Inner Unique": false,
                                "Hash Cond": "(mk.movie_id = t.id)",
                                "Plans": [
                                  {
                                    "Node Type": "Seq Scan",
                                    "Parent Relationship": "Outer",
                                    "Parallel Aware": true,
                                    "Relation Name": "movie_keyword",
                                    "Alias": "mk",
                                    "Startup Cost": 0.0,
                                    "Total Cost": 39047.32,
                                    "Plan Rows": 1459332,
                                    "Plan Width": 8,
                                    "Actual Startup Time": 0.021,
                                    "Actual Total Time": 78.989,
                                    "Actual Rows": 753988,
                                    "Actual Loops": 6
                                  },
                                  {
                                    "Node Type": "Hash",
                                    "Parent Relationship": "Inner",
                                    "Parallel Aware": true,
                                    "Startup Cost": 625160.96,
                                    "Total Cost": 625160.96,
                                    "Plan Rows": 114963,
                                    "Plan Width": 50,
                                    "Actual Startup Time": 3103.236,
                                    "Actual Total Time": 3103.25,
                                    "Actual Rows": 36415,
                                    "Actual Loops": 6,
                                    "Hash Buckets": 524288,
                                    "Original Hash Buckets": 524288,
                                    "Hash Batches": 1,
                                    "Original Hash Batches": 1,
                                    "Peak Memory Usage": 23584,
                                    "Plans": [
                                      {
                                        "Node Type": "Hash Join",
                                        "Parent Relationship": "Outer",
                                        "Parallel Aware": false,
                                        "Join Type": "Inner",
                                        "Startup Cost": 482282.94,
                                        "Total Cost": 625160.96,
                                        "Plan Rows": 114963,
                                        "Plan Width": 50,
                                        "Actual Startup Time": 2919.02,
                                        "Actual Total Time": 3081.409,
                                        "Actual Rows": 36415,
                                        "Actual Loops": 6,
                                        "Inner Unique": false,
                                        "Hash Cond": "(t.id = at.movie_id)",
                                        "Plans": [
                                          {
                                            "Node Type": "Seq Scan",
                                            "Parent Relationship": "Outer",
                                            "Parallel Aware": true,
                                            "Relation Name": "title",
                                            "Alias": "t",
                                            "Startup Cost": 0.0,
                                            "Total Cost": 43899.59,
                                            "Plan Rows": 439680,
                                            "Plan Width": 21,
                                            "Actual Startup Time": 0.084,
                                            "Actual Total Time": 83.276,
                                            "Actual Rows": 291505,
                                            "Actual Loops": 6,
                                            "Filter": "(production_year > 1990)",
                                            "Rows Removed by Filter": 129880
                                          },
                                          {
                                            "Node Type": "Hash",
                                            "Parent Relationship": "Inner",
                                            "Parallel Aware": false,
                                            "Startup Cost": 474018.84,
                                            "Total Cost": 474018.84,
                                            "Plan Rows": 661128,
                                            "Plan Width": 29,
                                            "Actual Startup Time": 2904.974,
                                            "Actual Total Time": 2904.984,
                                            "Actual Rows": 627946,
                                            "Actual Loops": 6,
                                            "Hash Buckets": 1048576,
                                            "Original Hash Buckets": 1048576,
                                            "Hash Batches": 1,
                                            "Original Hash Batches": 1,
                                            "Peak Memory Usage": 47369,
                                            "Plans": [
                                              {
                                                "Node Type": "Hash Join",
                                                "Parent Relationship": "Outer",
                                                "Parallel Aware": false,
                                                "Join Type": "Inner",
                                                "Startup Cost": 98827.12,
                                                "Total Cost": 474018.84,
                                                "Plan Rows": 661128,
                                                "Plan Width": 29,
                                                "Actual Startup Time": 1492.551,
                                                "Actual Total Time": 2739.058,
                                                "Actual Rows": 627946,
                                                "Actual Loops": 6,
                                                "Inner Unique": true,
                                                "Hash Cond": "(mc.company_id = cn.id)",
                                                "Plans": [
                                                  {
                                                    "Node Type": "Hash Join",
                                                    "Parent Relationship": "Outer",
                                                    "Parallel Aware": false,
                                                    "Join Type": "Inner",
                                                    "Startup Cost": 91820.52,
                                                    "Total Cost": 462266.15,
                                                    "Plan Rows": 1807997,
                                                    "Plan Width": 33,
                                                    "Actual Startup Time": 1418.465,
                                                    "Actual Total Time": 2399.361,
                                                    "Actual Rows": 1946320,
                                                    "Actual Loops": 6,
                                                    "Inner Unique": false,
                                                    "Hash Cond": "(mc.movie_id = at.movie_id)",
                                                    "Plans": [
                                                      {
                                                        "Node Type": "Hash Join",
                                                        "Parent Relationship": "Outer",
                                                        "Parallel Aware": false,
                                                        "Join Type": "Inner",
                                                        "Startup Cost": 77495.4,
                                                        "Total Cost": 110242.76,
                                                        "Plan Rows": 2609129,
                                                        "Plan Width": 8,
                                                        "Actual Startup Time": 1122.663,
                                                        "Actual Total Time": 1347.318,
                                                        "Actual Rows": 2609129,
                                                        "Actual Loops": 6,
                                                        "Inner Unique": false,
                                                        "Hash Cond": "(ct.id = mc.company_type_id)",
                                                        "Plans": [
                                                          {
                                                            "Node Type": "Seq Scan",
                                                            "Parent Relationship": "Outer",
                                                            "Parallel Aware": false,
                                                            "Relation Name": "company_type",
                                                            "Alias": "ct",
                                                            "Startup Cost": 0.0,
                                                            "Total Cost": 1.04,
                                                            "Plan Rows": 4,
                                                            "Plan Width": 4,
                                                            "Actual Startup Time": 0.08,
                                                            "Actual Total Time": 0.088,
                                                            "Actual Rows": 4,
                                                            "Actual Loops": 6
                                                          },
                                                          {
                                                            "Node Type": "Hash",
                                                            "Parent Relationship": "Inner",
                                                            "Parallel Aware": false,
                                                            "Startup Cost": 44881.29,
                                                            "Total Cost": 44881.29,
                                                            "Plan Rows": 2609129,
                                                            "Plan Width": 12,
                                                            "Actual Startup Time": 1070.007,
                                                            "Actual Total Time": 1070.009,
                                                            "Actual Rows": 2609129,
                                                            "Actual Loops": 6,
                                                            "Hash Buckets": 4194304,
                                                            "Original Hash Buckets": 4194304,
                                                            "Hash Batches": 1,
                                                            "Original Hash Batches": 1,
                                                            "Peak Memory Usage": 144880,
                                                            "Plans": [
                                                              {
                                                                "Node Type": "Seq Scan",
                                                                "Parent Relationship": "Outer",
                                                                "Parallel Aware": false,
                                                                "Relation Name": "movie_companies",
                                                                "Alias": "mc",
                                                                "Startup Cost": 0.0,
                                                                "Total Cost": 44881.29,
                                                                "Plan Rows": 2609129,
                                                                "Plan Width": 12,
                                                                "Actual Startup Time": 0.098,
                                                                "Actual Total Time": 512.652,
                                                                "Actual Rows": 2609129,
                                                                "Actual Loops": 6
                                                              }
                                                            ]
                                                          }
                                                        ]
                                                      },
                                                      {
                                                        "Node Type": "Hash",
                                                        "Parent Relationship": "Inner",
                                                        "Parallel Aware": false,
                                                        "Startup Cost": 9806.72,
                                                        "Total Cost": 9806.72,
                                                        "Plan Rows": 361472,
                                                        "Plan Width": 25,
                                                        "Actual Startup Time": 290.971,
                                                        "Actual Total Time": 290.973,
                                                        "Actual Rows": 361472,
                                                        "Actual Loops": 6,
                                                        "Hash Buckets": 524288,
                                                        "Original Hash Buckets": 524288,
                                                        "Hash Batches": 1,
                                                        "Original Hash Batches": 1,
                                                        "Peak Memory Usage": 25054,
                                                        "Plans": [
                                                          {
                                                            "Node Type": "Seq Scan",
                                                            "Parent Relationship": "Outer",
                                                            "Parallel Aware": false,
                                                            "Relation Name": "aka_title",
                                                            "Alias": "at",
                                                            "Startup Cost": 0.0,
                                                            "Total Cost": 9806.72,
                                                            "Plan Rows": 361472,
                                                            "Plan Width": 25,
                                                            "Actual Startup Time": 0.088,
                                                            "Actual Total Time": 164.99,
                                                            "Actual Rows": 361472,
                                                            "Actual Loops": 6
                                                          }
                                                        ]
                                                      }
                                                    ]
                                                  },
                                                  {
                                                    "Node Type": "Hash",
                                                    "Parent Relationship": "Inner",
                                                    "Parallel Aware": false,
                                                    "Startup Cost": 5932.46,
                                                    "Total Cost": 5932.46,
                                                    "Plan Rows": 85931,
                                                    "Plan Width": 4,
                                                    "Actual Startup Time": 72.454,
                                                    "Actual Total Time": 72.456,
                                                    "Actual Rows": 84843,
                                                    "Actual Loops": 6,
                                                    "Hash Buckets": 131072,
                                                    "Original Hash Buckets": 131072,
                                                    "Hash Batches": 1,
                                                    "Original Hash Batches": 1,
                                                    "Peak Memory Usage": 4007,
                                                    "Plans": [
                                                      {
                                                        "Node Type": "Seq Scan",
                                                        "Parent Relationship": "Outer",
                                                        "Parallel Aware": false,
                                                        "Relation Name": "company_name",
                                                        "Alias": "cn",
                                                        "Startup Cost": 0.0,
                                                        "Total Cost": 5932.46,
                                                        "Plan Rows": 85931,
                                                        "Plan Width": 4,
                                                        "Actual Startup Time": 0.11,
                                                        "Actual Total Time": 49.669,
                                                        "Actual Rows": 84843,
                                                        "Actual Loops": 6,
                                                        "Filter": "((country_code)::text = '[us]'::text)",
                                                        "Rows Removed by Filter": 150154
                                                      }
                                                    ]
                                                  }
                                                ]
                                              }
                                            ]
                                          }
                                        ]
                                      }
                                    ]
                                  }
                                ]
                              }
                            ]
                          }
                        ]
                      }
                    ]
                  }
                ]
              }
            ]
          },
          {
            "Node Type": "Hash",
            "Parent Relationship": "Inner",
            "Parallel Aware": false,
            "Startup Cost": 2290.7,
            "Total Cost": 2290.7,
            "Plan Rows": 134170,
            "Plan Width": 4,
            "Actual Startup Time": 54.235,
            "Actual Total Time": 54.236,
            "Actual Rows": 134170,
            "Actual Loops": 1,
            "Hash Buckets": 262144,
            "Original Hash Buckets": 262144,
            "Hash Batches": 1,
            "Original Hash Batches": 1,
            "Peak Memory Usage": 6765,
            "Plans": [
              {
                "Node Type": "Seq Scan",
                "Parent Relationship": "Outer",
                "Parallel Aware": false,
                "Relation Name": "keyword",
                "Alias": "k",
                "Startup Cost": 0.0,
                "Total Cost": 2290.7,
                "Plan Rows": 134170,
                "Plan Width": 4,
                "Actual Startup Time": 0.049,
                "Actual Total Time": 23.3,
                "Actual Rows": 134170,
                "Actual Loops": 1
              }
            ]
          }
        ]
      }
    ]
  },
  "Planning Time": 23.324,
  "Triggers": [],
  "Execution Time": 5529.908
}