[
  {
    "Plan": {
      "Node Type": "Aggregate",
      "Strategy": "Plain",
      "Partial Mode": "Finalize",
      "Parallel Aware": false,
      "Startup Cost": 32041.28,
      "Total Cost": 32041.29,
      "Plan Rows": 1,
      "Plan Width": 8,
      "Actual Startup Time": 100.718,
      "Actual Total Time": 108.726,
      "Actual Rows": 1,
      "Actual Loops": 1,
      "Plans": [
        {
          "Node Type": "Gather",
          "Parent Relationship": "Outer",
          "Parallel Aware": false,
          "Startup Cost": 32040.96,
          "Total Cost": 32041.27,
          "Plan Rows": 3,
          "Plan Width": 8,
          "Actual Startup Time": 100.587,
          "Actual Total Time": 108.717,
          "Actual Rows": 4,
          "Actual Loops": 1,
          "Workers Planned": 3,
          "Workers Launched": 3,
          "Single Copy": false,
          "Plans": [
            {
              "Node Type": "Aggregate",
              "Strategy": "Plain",
              "Partial Mode": "Partial",
              "Parent Relationship": "Outer",
              "Parallel Aware": false,
              "Startup Cost": 31040.96,
              "Total Cost": 31040.97,
              "Plan Rows": 1,
              "Plan Width": 8,
              "Actual Startup Time": 97.253,
              "Actual Total Time": 97.255,
              "Actual Rows": 1,
              "Actual Loops": 4,
              "Plans": [
                {
                  "Node Type": "Seq Scan",
                  "Parent Relationship": "Outer",
                  "Parallel Aware": true,
                  "Relation Name": "movie_companies",
                  "Alias": "mc",
                  "Startup Cost": 0.0,
                  "Total Cost": 29310.68,
                  "Plan Rows": 692113,
                  "Plan Width": 0,
                  "Actual Startup Time": 0.016,
                  "Actual Total Time": 73.45,
                  "Actual Rows": 536711,
                  "Actual Loops": 4,
                  "Filter": "(company_id < 76414)",
                  "Rows Removed by Filter": 115571
                }
              ]
            }
          ]
        }
      ]
    },
    "Planning Time": 0.187,
    "Triggers": [],
    "Execution Time": 108.779
  }
]