[
  {
    "Plan": {
      "Node Type": "Aggregate",
      "Strategy": "Plain",
      "Partial Mode": "Finalize",
      "Parallel Aware": false,
      "Startup Cost": 32047.46,
      "Total Cost": 32047.47,
      "Plan Rows": 1,
      "Plan Width": 8,
      "Actual Startup Time": 124.741,
      "Actual Total Time": 132.287,
      "Actual Rows": 1,
      "Actual Loops": 1,
      "Plans": [
        {
          "Node Type": "Gather",
          "Parent Relationship": "Outer",
          "Parallel Aware": false,
          "Startup Cost": 32047.14,
          "Total Cost": 32047.45,
          "Plan Rows": 3,
          "Plan Width": 8,
          "Actual Startup Time": 124.624,
          "Actual Total Time": 132.278,
          "Actual Rows": 4,
          "Actual Loops": 1,
          "Workers Planned": 3,
          "Workers Launched": 3,
          "Single Copy": false,
          "Plans": [
            {
              "Node Type": "Aggregate",
              "Strategy": "Plain",
              "Partial Mode": "Partial",
              "Parent Relationship": "Outer",
              "Parallel Aware": false,
              "Startup Cost": 31047.14,
              "Total Cost": 31047.15,
              "Plan Rows": 1,
              "Plan Width": 8,
              "Actual Startup Time": 116.107,
              "Actual Total Time": 116.108,
              "Actual Rows": 1,
              "Actual Loops": 4,
              "Plans": [
                {
                  "Node Type": "Seq Scan",
                  "Parent Relationship": "Outer",
                  "Parallel Aware": true,
                  "Relation Name": "movie_companies",
                  "Alias": "mc",
                  "Startup Cost": 0.0,
                  "Total Cost": 29310.68,
                  "Plan Rows": 694584,
                  "Plan Width": 0,
                  "Actual Startup Time": 0.052,
                  "Actual Total Time": 87.821,
                  "Actual Rows": 536711,
                  "Actual Loops": 4,
                  "Filter": "(company_id < 76414)",
                  "Rows Removed by Filter": 115571
                }
              ]
            }
          ]
        }
      ]
    },
    "Planning Time": 0.162,
    "Triggers": [],
    "Execution Time": 132.34
  }
]