{
    "Plan": {
        "Node Type": "Aggregate",
        "Strategy": "Plain",
        "Partial Mode": "Finalize",
        "Parallel Aware": false,
        "Startup Cost": 298840.16,
        "Total Cost": 298840.17,
        "Plan Rows": 1,
        "Plan Width": 8,
        "Actual Startup Time": 2462.319,
        "Actual Total Time": 2506.561,
        "Actual Rows": 1,
        "Actual Loops": 1,
        "Output": [
            "count(*)"
        ],
        "Plans": [
            {
                "Node Type": "Gather",
                "Parent Relationship": "Outer",
                "Parallel Aware": false,
                "Startup Cost": 298839.64,
                "Total Cost": 298840.15,
                "Plan Rows": 5,
                "Plan Width": 8,
                "Actual Startup Time": 2442.368,
                "Actual Total Time": 2506.549,
                "Actual Rows": 6,
                "Actual Loops": 1,
                "Output": [
                    "(PARTIAL count(*))"
                ],
                "Workers Planned": 5,
                "Workers Launched": 5,
                "Single Copy": false,
                "Plans": [
                    {
                        "Node Type": "Aggregate",
                        "Strategy": "Plain",
                        "Partial Mode": "Partial",
                        "Parent Relationship": "Outer",
                        "Parallel Aware": false,
                        "Startup Cost": 297839.64,
                        "Total Cost": 297839.65,
                        "Plan Rows": 1,
                        "Plan Width": 8,
                        "Actual Startup Time": 2427.896,
                        "Actual Total Time": 2428.487,
                        "Actual Rows": 1,
                        "Actual Loops": 6,
                        "Output": [
                            "PARTIAL count(*)"
                        ],
                        "Workers": [
                            {
                                "Worker Number": 0,
                                "Actual Startup Time": 2424.61,
                                "Actual Total Time": 2424.616,
                                "Actual Rows": 1,
                                "Actual Loops": 1
                            },
                            {
                                "Worker Number": 1,
                                "Actual Startup Time": 2424.61,
                                "Actual Total Time": 2424.616,
                                "Actual Rows": 1,
                                "Actual Loops": 1
                            },
                            {
                                "Worker Number": 2,
                                "Actual Startup Time": 2424.859,
                                "Actual Total Time": 2424.864,
                                "Actual Rows": 1,
                                "Actual Loops": 1
                            },
                            {
                                "Worker Number": 3,
                                "Actual Startup Time": 2426.986,
                                "Actual Total Time": 2426.992,
                                "Actual Rows": 1,
                                "Actual Loops": 1
                            },
                            {
                                "Worker Number": 4,
                                "Actual Startup Time": 2424.92,
                                "Actual Total Time": 2424.924,
                                "Actual Rows": 1,
                                "Actual Loops": 1
                            }
                        ],
                        "Plans": [
                            {
                                "Node Type": "Hash Join",
                                "Parent Relationship": "Outer",
                                "Parallel Aware": true,
                                "Join Type": "Inner",
                                "Startup Cost": 86971.31,
                                "Total Cost": 294216.21,
                                "Plan Rows": 1449372,
                                "Plan Width": 0,
                                "Actual Startup Time": 524.803,
                                "Actual Total Time": 2058.093,
                                "Actual Rows": 7981094,
                                "Actual Loops": 6,
                                "Inner Unique": false,
                                "Hash Cond": "(mi.movie_id = t.id)",
                                "Workers": [
                                    {
                                        "Worker Number": 0,
                                        "Actual Startup Time": 521.965,
                                        "Actual Total Time": 2049.262,
                                        "Actual Rows": 6340696,
                                        "Actual Loops": 1
                                    },
                                    {
                                        "Worker Number": 1,
                                        "Actual Startup Time": 521.146,
                                        "Actual Total Time": 2062.23,
                                        "Actual Rows": 8834655,
                                        "Actual Loops": 1
                                    },
                                    {
                                        "Worker Number": 2,
                                        "Actual Startup Time": 521.788,
                                        "Actual Total Time": 2062.945,
                                        "Actual Rows": 8823914,
                                        "Actual Loops": 1
                                    },
                                    {
                                        "Worker Number": 3,
                                        "Actual Startup Time": 522.436,
                                        "Actual Total Time": 2051.192,
                                        "Actual Rows": 6004135,
                                        "Actual Loops": 1
                                    },
                                    {
                                        "Worker Number": 4,
                                        "Actual Startup Time": 522.676,
                                        "Actual Total Time": 2064.386,
                                        "Actual Rows": 8795962,
                                        "Actual Loops": 1
                                    }
                                ],
                                "Plans": [
                                    {
                                        "Node Type": "Seq Scan",
                                        "Parent Relationship": "Outer",
                                        "Parallel Aware": true,
                                        "Relation Name": "movie_info",
                                        "Schema": "public",
                                        "Alias": "mi",
                                        "Startup Cost": 0.0,
                                        "Total Cost": 191503.19,
                                        "Plan Rows": 2951019,
                                        "Plan Width": 4,
                                        "Actual Startup Time": 0.034,
                                        "Actual Total Time": 314.206,
                                        "Actual Rows": 2472620,
                                        "Actual Loops": 6,
                                        "Output": [
                                            "mi.id",
                                            "mi.movie_id",
                                            "mi.info_type_id",
                                            "mi.info",
                                            "mi.note"
                                        ],
                                        "Workers": [
                                            {
                                                "Worker Number": 0,
                                                "Actual Startup Time": 0.033,
                                                "Actual Total Time": 331.27,
                                                "Actual Rows": 2122793,
                                                "Actual Loops": 1
                                            },
                                            {
                                                "Worker Number": 1,
                                                "Actual Startup Time": 0.035,
                                                "Actual Total Time": 321.849,
                                                "Actual Rows": 2669057,
                                                "Actual Loops": 1
                                            },
                                            {
                                                "Worker Number": 2,
                                                "Actual Startup Time": 0.036,
                                                "Actual Total Time": 321.966,
                                                "Actual Rows": 2689587,
                                                "Actual Loops": 1
                                            },
                                            {
                                                "Worker Number": 3,
                                                "Actual Startup Time": 0.045,
                                                "Actual Total Time": 339.69,
                                                "Actual Rows": 1866891,
                                                "Actual Loops": 1
                                            },
                                            {
                                                "Worker Number": 4,
                                                "Actual Startup Time": 0.039,
                                                "Actual Total Time": 322.055,
                                                "Actual Rows": 2661047,
                                                "Actual Loops": 1
                                            }
                                        ]
                                    },
                                    {
                                        "Node Type": "Hash",
                                        "Parent Relationship": "Inner",
                                        "Parallel Aware": true,
                                        "Startup Cost": 81964.18,
                                        "Total Cost": 81964.18,
                                        "Plan Rows": 400570,
                                        "Plan Width": 8,
                                        "Actual Startup Time": 518.404,
                                        "Actual Total Time": 518.994,
                                        "Actual Rows": 211627,
                                        "Actual Loops": 6,
                                        "Output": [
                                            "t.id",
                                            "mc.movie_id"
                                        ],
                                        "Hash Buckets": 2097152,
                                        "Original Hash Buckets": 2097152,
                                        "Hash Batches": 1,
                                        "Original Hash Batches": 1,
                                        "Peak Memory Usage": 66144,
                                        "Workers": [
                                            {
                                                "Worker Number": 0,
                                                "Actual Startup Time": 520.183,
                                                "Actual Total Time": 520.187,
                                                "Actual Rows": 175242,
                                                "Actual Loops": 1
                                            },
                                            {
                                                "Worker Number": 1,
                                                "Actual Startup Time": 520.274,
                                                "Actual Total Time": 520.278,
                                                "Actual Rows": 230272,
                                                "Actual Loops": 1
                                            },
                                            {
                                                "Worker Number": 2,
                                                "Actual Startup Time": 520.698,
                                                "Actual Total Time": 520.701,
                                                "Actual Rows": 230624,
                                                "Actual Loops": 1
                                            },
                                            {
                                                "Worker Number": 3,
                                                "Actual Startup Time": 520.463,
                                                "Actual Total Time": 520.467,
                                                "Actual Rows": 163904,
                                                "Actual Loops": 1
                                            },
                                            {
                                                "Worker Number": 4,
                                                "Actual Startup Time": 520.715,
                                                "Actual Total Time": 520.719,
                                                "Actual Rows": 226456,
                                                "Actual Loops": 1
                                            }
                                        ],
                                        "Plans": [
                                            {
                                                "Node Type": "Hash Join",
                                                "Parent Relationship": "Outer",
                                                "Parallel Aware": true,
                                                "Join Type": "Inner",
                                                "Startup Cost": 51570.56,
                                                "Total Cost": 81964.18,
                                                "Plan Rows": 400570,
                                                "Plan Width": 8,
                                                "Actual Startup Time": 293.527,
                                                "Actual Total Time": 436.276,
                                                "Actual Rows": 211627,
                                                "Actual Loops": 6,
                                                "Output": [
                                                    "t.id",
                                                    "mc.movie_id"
                                                ],
                                                "Inner Unique": true,
                                                "Hash Cond": "(mc.movie_id = t.id)",
                                                "Workers": [
                                                    {
                                                        "Worker Number": 0,
                                                        "Actual Startup Time": 293.555,
                                                        "Actual Total Time": 437.541,
                                                        "Actual Rows": 175242,
                                                        "Actual Loops": 1
                                                    },
                                                    {
                                                        "Worker Number": 1,
                                                        "Actual Startup Time": 293.552,
                                                        "Actual Total Time": 435.477,
                                                        "Actual Rows": 230272,
                                                        "Actual Loops": 1
                                                    },
                                                    {
                                                        "Worker Number": 2,
                                                        "Actual Startup Time": 293.565,
                                                        "Actual Total Time": 435.502,
                                                        "Actual Rows": 230624,
                                                        "Actual Loops": 1
                                                    },
                                                    {
                                                        "Worker Number": 3,
                                                        "Actual Startup Time": 293.505,
                                                        "Actual Total Time": 435.357,
                                                        "Actual Rows": 163904,
                                                        "Actual Loops": 1
                                                    },
                                                    {
                                                        "Worker Number": 4,
                                                        "Actual Startup Time": 293.43,
                                                        "Actual Total Time": 435.681,
                                                        "Actual Rows": 226456,
                                                        "Actual Loops": 1
                                                    }
                                                ],
                                                "Plans": [
                                                    {
                                                        "Node Type": "Seq Scan",
                                                        "Parent Relationship": "Outer",
                                                        "Parallel Aware": true,
                                                        "Relation Name": "movie_companies",
                                                        "Schema": "public",
                                                        "Alias": "mc",
                                                        "Startup Cost": 0.0,
                                                        "Total Cost": 29310.68,
                                                        "Plan Rows": 412551,
                                                        "Plan Width": 4,
                                                        "Actual Startup Time": 0.028,
                                                        "Actual Total Time": 59.522,
                                                        "Actual Rows": 212374,
                                                        "Actual Loops": 6,
                                                        "Output": [
                                                            "mc.id",
                                                            "mc.movie_id",
                                                            "mc.company_id",
                                                            "mc.company_type_id",
                                                            "mc.note"
                                                        ],
                                                        "Filter": "(mc.company_type_id < 2)",
                                                        "Rows Removed by Filter": 222480,
                                                        "Workers": [
                                                            {
                                                                "Worker Number": 0,
                                                                "Actual Startup Time": 0.036,
                                                                "Actual Total Time": 61.601,
                                                                "Actual Rows": 175678,
                                                                "Actual Loops": 1
                                                            },
                                                            {
                                                                "Worker Number": 1,
                                                                "Actual Startup Time": 0.025,
                                                                "Actual Total Time": 58.758,
                                                                "Actual Rows": 231109,
                                                                "Actual Loops": 1
                                                            },
                                                            {
                                                                "Worker Number": 2,
                                                                "Actual Startup Time": 0.032,
                                                                "Actual Total Time": 58.63,
                                                                "Actual Rows": 231412,
                                                                "Actual Loops": 1
                                                            },
                                                            {
                                                                "Worker Number": 3,
                                                                "Actual Startup Time": 0.036,
                                                                "Actual Total Time": 64.406,
                                                                "Actual Rows": 164395,
                                                                "Actual Loops": 1
                                                            },
                                                            {
                                                                "Worker Number": 4,
                                                                "Actual Startup Time": 0.022,
                                                                "Actual Total Time": 59.38,
                                                                "Actual Rows": 227366,
                                                                "Actual Loops": 1
                                                            }
                                                        ]
                                                    },
                                                    {
                                                        "Node Type": "Hash",
                                                        "Parent Relationship": "Inner",
                                                        "Parallel Aware": true,
                                                        "Startup Cost": 43899.01,
                                                        "Total Cost": 43899.01,
                                                        "Plan Rows": 613724,
                                                        "Plan Width": 4,
                                                        "Actual Startup Time": 288.832,
                                                        "Actual Total Time": 288.834,
                                                        "Actual Rows": 409370,
                                                        "Actual Loops": 6,
                                                        "Output": [
                                                            "t.id"
                                                        ],
                                                        "Hash Buckets": 4194304,
                                                        "Original Hash Buckets": 4194304,
                                                        "Hash Batches": 1,
                                                        "Original Hash Batches": 1,
                                                        "Peak Memory Usage": 128960,
                                                        "Workers": [
                                                            {
                                                                "Worker Number": 0,
                                                                "Actual Startup Time": 293.223,
                                                                "Actual Total Time": 293.224,
                                                                "Actual Rows": 328703,
                                                                "Actual Loops": 1
                                                            },
                                                            {
                                                                "Worker Number": 1,
                                                                "Actual Startup Time": 293.246,
                                                                "Actual Total Time": 293.247,
                                                                "Actual Rows": 431338,
                                                                "Actual Loops": 1
                                                            },
                                                            {
                                                                "Worker Number": 2,
                                                                "Actual Startup Time": 293.243,
                                                                "Actual Total Time": 293.244,
                                                                "Actual Rows": 427742,
                                                                "Actual Loops": 1
                                                            },
                                                            {
                                                                "Worker Number": 3,
                                                                "Actual Startup Time": 293.16,
                                                                "Actual Total Time": 293.161,
                                                                "Actual Rows": 307005,
                                                                "Actual Loops": 1
                                                            },
                                                            {
                                                                "Worker Number": 4,
                                                                "Actual Startup Time": 293.223,
                                                                "Actual Total Time": 293.224,
                                                                "Actual Rows": 420673,
                                                                "Actual Loops": 1
                                                            }
                                                        ],
                                                        "Plans": [
                                                            {
                                                                "Node Type": "Seq Scan",
                                                                "Parent Relationship": "Outer",
                                                                "Parallel Aware": true,
                                                                "Relation Name": "title",
                                                                "Schema": "public",
                                                                "Alias": "t",
                                                                "Startup Cost": 0.0,
                                                                "Total Cost": 43899.01,
                                                                "Plan Rows": 613724,
                                                                "Plan Width": 4,
                                                                "Actual Startup Time": 0.077,
                                                                "Actual Total Time": 95.341,
                                                                "Actual Rows": 409370,
                                                                "Actual Loops": 6,
                                                                "Output": [
                                                                    "t.id"
                                                                ],
                                                                "Filter": "(t.production_year > 0)",
                                                                "Rows Removed by Filter": 12016,
                                                                "Workers": [
                                                                    {
                                                                        "Worker Number": 0,
                                                                        "Actual Startup Time": 0.099,
                                                                        "Actual Total Time": 100.524,
                                                                        "Actual Rows": 328703,
                                                                        "Actual Loops": 1
                                                                    },
                                                                    {
                                                                        "Worker Number": 1,
                                                                        "Actual Startup Time": 0.079,
                                                                        "Actual Total Time": 96.656,
                                                                        "Actual Rows": 431338,
                                                                        "Actual Loops": 1
                                                                    },
                                                                    {
                                                                        "Worker Number": 2,
                                                                        "Actual Startup Time": 0.08,
                                                                        "Actual Total Time": 96.351,
                                                                        "Actual Rows": 427742,
                                                                        "Actual Loops": 1
                                                                    },
                                                                    {
                                                                        "Worker Number": 3,
                                                                        "Actual Startup Time": 0.108,
                                                                        "Actual Total Time": 98.077,
                                                                        "Actual Rows": 307005,
                                                                        "Actual Loops": 1
                                                                    },
                                                                    {
                                                                        "Worker Number": 4,
                                                                        "Actual Startup Time": 0.08,
                                                                        "Actual Total Time": 96.5,
                                                                        "Actual Rows": 420673,
                                                                        "Actual Loops": 1
                                                                    }
                                                                ]
                                                            }
                                                        ]
                                                    }
                                                ]
                                            }
                                        ]
                                    }
                                ]
                            }
                        ]
                    }
                ]
            }
        ]
    },
    "Planning Time": 1.596,
    "Triggers": [],
    "Execution Time": 2506.661
}