{
  "Plan": {
    "Node Type": "Aggregate",
    "Strategy": "Plain",
    "Partial Mode": "Finalize",
    "Parallel Aware": false,
    "Startup Cost": 183984.01,
    "Total Cost": 183984.02,
    "Plan Rows": 1,
    "Plan Width": 8,
    "Actual Startup Time": 167.814,
    "Actual Total Time": 181.431,
    "Actual Rows": 1,
    "Actual Loops": 1,
    "Plans": [
      {
        "Node Type": "Gather",
        "Parent Relationship": "Outer",
        "Parallel Aware": false,
        "Startup Cost": 183983.9,
        "Total Cost": 183984.01,
        "Plan Rows": 1,
        "Plan Width": 8,
        "Actual Startup Time": 167.642,
        "Actual Total Time": 181.425,
        "Actual Rows": 2,
        "Actual Loops": 1,
        "Workers Planned": 1,
        "Workers Launched": 1,
        "Single Copy": false,
        "Plans": [
          {
            "Node Type": "Aggregate",
            "Strategy": "Plain",
            "Partial Mode": "Partial",
            "Parent Relationship": "Outer",
            "Parallel Aware": false,
            "Startup Cost": 182983.9,
            "Total Cost": 182983.91,
            "Plan Rows": 1,
            "Plan Width": 8,
            "Actual Startup Time": 161.398,
            "Actual Total Time": 161.401,
            "Actual Rows": 1,
            "Actual Loops": 2,
            "Plans": [
              {
                "Node Type": "Nested Loop",
                "Parent Relationship": "Outer",
                "Parallel Aware": false,
                "Join Type": "Inner",
                "Startup Cost": 59624.1,
                "Total Cost": 182982.42,
                "Plan Rows": 591,
                "Plan Width": 0,
                "Actual Startup Time": 147.721,
                "Actual Total Time": 161.291,
                "Actual Rows": 2212,
                "Actual Loops": 2,
                "Inner Unique": false,
                "Join Filter": "(t.id = mk.movie_id)",
                "Rows Removed by Join Filter": 0,
                "Plans": [
                  {
                    "Node Type": "Hash Join",
                    "Parent Relationship": "Outer",
                    "Parallel Aware": true,
                    "Join Type": "Inner",
                    "Startup Cost": 59623.67,
                    "Total Cost": 181446.23,
                    "Plan Rows": 330,
                    "Plan Width": 8,
                    "Actual Startup Time": 147.637,
                    "Actual Total Time": 157.15,
                    "Actual Rows": 335,
                    "Actual Loops": 2,
                    "Inner Unique": true,
                    "Hash Cond": "(mi.movie_id = t.id)",
                    "Plans": [
                      {
                        "Node Type": "Bitmap Heap Scan",
                        "Parent Relationship": "Outer",
                        "Parallel Aware": true,
                        "Relation Name": "movie_info",
                        "Alias": "mi",
                        "Startup Cost": 1153.1,
                        "Total Cost": 122877.51,
                        "Plan Rows": 37394,
                        "Plan Width": 4,
                        "Actual Startup Time": 3.283,
                        "Actual Total Time": 12.596,
                        "Actual Rows": 30564,
                        "Actual Loops": 2,
                        "Recheck Cond": "(info_type_id = 103)",
                        "Rows Removed by Index Recheck": 0,
                        "Exact Heap Blocks": 3333,
                        "Lossy Heap Blocks": 0,
                        "Plans": [
                          {
                            "Node Type": "Bitmap Index Scan",
                            "Parent Relationship": "Outer",
                            "Parallel Aware": false,
                            "Index Name": "info_type_id_movie_info",
                            "Startup Cost": 0.0,
                            "Total Cost": 1137.21,
                            "Plan Rows": 63570,
                            "Plan Width": 0,
                            "Actual Startup Time": 2.588,
                            "Actual Total Time": 2.588,
                            "Actual Rows": 61128,
                            "Actual Loops": 1,
                            "Index Cond": "(info_type_id = 103)"
                          }
                        ]
                      },
                      {
                        "Node Type": "Hash",
                        "Parent Relationship": "Inner",
                        "Parallel Aware": true,
                        "Startup Cost": 58306.47,
                        "Total Cost": 58306.47,
                        "Plan Rows": 13128,
                        "Plan Width": 4,
                        "Actual Startup Time": 139.252,
                        "Actual Total Time": 139.253,
                        "Actual Rows": 11214,
                        "Actual Loops": 2,
                        "Hash Buckets": 32768,
                        "Original Hash Buckets": 32768,
                        "Hash Batches": 1,
                        "Original Hash Batches": 1,
                        "Peak Memory Usage": 1184,
                        "Plans": [
                          {
                            "Node Type": "Seq Scan",
                            "Parent Relationship": "Outer",
                            "Parallel Aware": true,
                            "Relation Name": "title",
                            "Alias": "t",
                            "Startup Cost": 0.0,
                            "Total Cost": 58306.47,
                            "Plan Rows": 13128,
                            "Plan Width": 4,
                            "Actual Startup Time": 0.73,
                            "Actual Total Time": 136.055,
                            "Actual Rows": 11214,
                            "Actual Loops": 2,
                            "Filter": "((kind_id < 4) AND (production_year = 2013))",
                            "Rows Removed by Filter": 1252942
                          }
                        ]
                      }
                    ]
                  },
                  {
                    "Node Type": "Index Only Scan",
                    "Parent Relationship": "Inner",
                    "Parallel Aware": false,
                    "Scan Direction": "Forward",
                    "Index Name": "movie_id_movie_keyword",
                    "Relation Name": "movie_keyword",
                    "Alias": "mk",
                    "Startup Cost": 0.43,
                    "Total Cost": 4.09,
                    "Plan Rows": 45,
                    "Plan Width": 4,
                    "Actual Startup Time": 0.011,
                    "Actual Total Time": 0.012,
                    "Actual Rows": 7,
                    "Actual Loops": 670,
                    "Index Cond": "(movie_id = mi.movie_id)",
                    "Rows Removed by Index Recheck": 0,
                    "Heap Fetches": 4423
                  }
                ]
              }
            ]
          }
        ]
      }
    ]
  },
  "Planning Time": 0.949,
  "Triggers": [],
  "Execution Time": 181.533
}