[
  {
    "Plan": {
      "Node Type": "Aggregate",
      "Strategy": "Plain",
      "Partial Mode": "Finalize",
      "Parallel Aware": false,
      "Startup Cost": 81734.25,
      "Total Cost": 81734.26,
      "Plan Rows": 1,
      "Plan Width": 8,
      "Actual Startup Time": 318.444,
      "Actual Total Time": 333.138,
      "Actual Rows": 1,
      "Actual Loops": 1,
      "Plans": [
        {
          "Node Type": "Gather",
          "Parent Relationship": "Outer",
          "Parallel Aware": false,
          "Startup Cost": 81733.93,
          "Total Cost": 81734.24,
          "Plan Rows": 3,
          "Plan Width": 8,
          "Actual Startup Time": 314.628,
          "Actual Total Time": 333.13,
          "Actual Rows": 4,
          "Actual Loops": 1,
          "Workers Planned": 3,
          "Workers Launched": 3,
          "Single Copy": false,
          "Plans": [
            {
              "Node Type": "Aggregate",
              "Strategy": "Plain",
              "Partial Mode": "Partial",
              "Parent Relationship": "Outer",
              "Parallel Aware": false,
              "Startup Cost": 80733.93,
              "Total Cost": 80733.94,
              "Plan Rows": 1,
              "Plan Width": 8,
              "Actual Startup Time": 310.351,
              "Actual Total Time": 310.534,
              "Actual Rows": 1,
              "Actual Loops": 4,
              "Plans": [
                {
                  "Node Type": "Hash Join",
                  "Parent Relationship": "Outer",
                  "Parallel Aware": true,
                  "Join Type": "Inner",
                  "Startup Cost": 48683.85,
                  "Total Cost": 80556.94,
                  "Plan Rows": 70798,
                  "Plan Width": 0,
                  "Actual Startup Time": 207.182,
                  "Actual Total Time": 307.792,
                  "Actual Rows": 65973,
                  "Actual Loops": 4,
                  "Inner Unique": true,
                  "Hash Cond": "(mc.movie_id = t.id)",
                  "Plans": [
                    {
                      "Node Type": "Seq Scan",
                      "Parent Relationship": "Outer",
                      "Parallel Aware": true,
                      "Relation Name": "movie_companies",
                      "Alias": "mc",
                      "Startup Cost": 0.0,
                      "Total Cost": 31414.82,
                      "Plan Rows": 174579,
                      "Plan Width": 4,
                      "Actual Startup Time": 0.012,
                      "Actual Total Time": 59.411,
                      "Actual Rows": 189519,
                      "Actual Loops": 4,
                      "Filter": "((company_id < 7851) AND (company_type_id < 2))",
                      "Rows Removed by Filter": 462764
                    },
                    {
                      "Node Type": "Hash",
                      "Parent Relationship": "Inner",
                      "Parallel Aware": true,
                      "Startup Cost": 45479.59,
                      "Total Cost": 45479.59,
                      "Plan Rows": 256341,
                      "Plan Width": 4,
                      "Actual Startup Time": 204.407,
                      "Actual Total Time": 204.41,
                      "Actual Rows": 276860,
                      "Actual Loops": 4,
                      "Hash Buckets": 2097152,
                      "Original Hash Buckets": 1048576,
                      "Hash Batches": 1,
                      "Original Hash Batches": 1,
                      "Peak Memory Usage": 67968,
                      "Plans": [
                        {
                          "Node Type": "Seq Scan",
                          "Parent Relationship": "Outer",
                          "Parallel Aware": true,
                          "Relation Name": "title",
                          "Alias": "t",
                          "Startup Cost": 0.0,
                          "Total Cost": 45479.59,
                          "Plan Rows": 256341,
                          "Plan Width": 4,
                          "Actual Startup Time": 0.025,
                          "Actual Total Time": 98.668,
                          "Actual Rows": 276860,
                          "Actual Loops": 4,
                          "Filter": "((kind_id > 1) AND (production_year > 2000))",
                          "Rows Removed by Filter": 355218
                        }
                      ]
                    }
                  ]
                }
              ]
            }
          ]
        }
      ]
    },
    "Planning Time": 0.248,
    "Triggers": [],
    "Execution Time": 333.171
  }
]