[
  {
    "Plan": {
      "Node Type": "Aggregate",
      "Strategy": "Plain",
      "Partial Mode": "Finalize",
      "Parallel Aware": false,
      "Startup Cost": 77181.24,
      "Total Cost": 77181.25,
      "Plan Rows": 1,
      "Plan Width": 8,
      "Actual Startup Time": 212.279,
      "Actual Total Time": 229.465,
      "Actual Rows": 1,
      "Actual Loops": 1,
      "Plans": [
        {
          "Node Type": "Gather",
          "Parent Relationship": "Outer",
          "Parallel Aware": false,
          "Startup Cost": 77180.92,
          "Total Cost": 77181.23,
          "Plan Rows": 3,
          "Plan Width": 8,
          "Actual Startup Time": 211.644,
          "Actual Total Time": 229.457,
          "Actual Rows": 4,
          "Actual Loops": 1,
          "Workers Planned": 3,
          "Workers Launched": 3,
          "Single Copy": false,
          "Plans": [
            {
              "Node Type": "Aggregate",
              "Strategy": "Plain",
              "Partial Mode": "Partial",
              "Parent Relationship": "Outer",
              "Parallel Aware": false,
              "Startup Cost": 76180.92,
              "Total Cost": 76180.93,
              "Plan Rows": 1,
              "Plan Width": 8,
              "Actual Startup Time": 203.02,
              "Actual Total Time": 203.023,
              "Actual Rows": 1,
              "Actual Loops": 4,
              "Plans": [
                {
                  "Node Type": "Hash Join",
                  "Parent Relationship": "Outer",
                  "Parallel Aware": true,
                  "Join Type": "Inner",
                  "Startup Cost": 45747.47,
                  "Total Cost": 76145.74,
                  "Plan Rows": 14073,
                  "Plan Width": 0,
                  "Actual Startup Time": 107.686,
                  "Actual Total Time": 202.703,
                  "Actual Rows": 6240,
                  "Actual Loops": 4,
                  "Inner Unique": true,
                  "Hash Cond": "(mc.movie_id = t.id)",
                  "Plans": [
                    {
                      "Node Type": "Seq Scan",
                      "Parent Relationship": "Outer",
                      "Parallel Aware": true,
                      "Relation Name": "movie_companies",
                      "Alias": "mc",
                      "Startup Cost": 0.0,
                      "Total Cost": 29310.68,
                      "Plan Rows": 414318,
                      "Plan Width": 4,
                      "Actual Startup Time": 0.018,
                      "Actual Total Time": 62.46,
                      "Actual Rows": 318562,
                      "Actual Loops": 4,
                      "Filter": "(company_type_id < 2)",
                      "Rows Removed by Filter": 333721
                    },
                    {
                      "Node Type": "Hash",
                      "Parent Relationship": "Inner",
                      "Parallel Aware": true,
                      "Startup Cost": 45479.1,
                      "Total Cost": 45479.1,
                      "Plan Rows": 21470,
                      "Plan Width": 4,
                      "Actual Startup Time": 105.517,
                      "Actual Total Time": 105.518,
                      "Actual Rows": 24180,
                      "Actual Loops": 4,
                      "Hash Buckets": 131072,
                      "Original Hash Buckets": 131072,
                      "Hash Batches": 1,
                      "Original Hash Batches": 1,
                      "Peak Memory Usage": 4896,
                      "Plans": [
                        {
                          "Node Type": "Seq Scan",
                          "Parent Relationship": "Outer",
                          "Parallel Aware": true,
                          "Relation Name": "title",
                          "Alias": "t",
                          "Startup Cost": 0.0,
                          "Total Cost": 45479.1,
                          "Plan Rows": 21470,
                          "Plan Width": 4,
                          "Actual Startup Time": 0.04,
                          "Actual Total Time": 96.077,
                          "Actual Rows": 24180,
                          "Actual Loops": 4,
                          "Filter": "((kind_id > 2) AND (production_year = 2008))",
                          "Rows Removed by Filter": 607898
                        }
                      ]
                    }
                  ]
                }
              ]
            }
          ]
        }
      ]
    },
    "Planning Time": 0.641,
    "Triggers": [],
    "Execution Time": 229.532
  }
]