[
  {
    "Plan": {
      "Node Type": "Aggregate",
      "Strategy": "Plain",
      "Partial Mode": "Finalize",
      "Parallel Aware": false,
      "Startup Cost": 334800.99,
      "Total Cost": 334801.0,
      "Plan Rows": 1,
      "Plan Width": 8,
      "Actual Startup Time": 710.035,
      "Actual Total Time": 756.706,
      "Actual Rows": 1,
      "Actual Loops": 1,
      "Plans": [
        {
          "Node Type": "Gather",
          "Parent Relationship": "Outer",
          "Parallel Aware": false,
          "Startup Cost": 334800.37,
          "Total Cost": 334800.98,
          "Plan Rows": 6,
          "Plan Width": 8,
          "Actual Startup Time": 709.839,
          "Actual Total Time": 756.689,
          "Actual Rows": 7,
          "Actual Loops": 1,
          "Workers Planned": 6,
          "Workers Launched": 6,
          "Single Copy": false,
          "Plans": [
            {
              "Node Type": "Aggregate",
              "Strategy": "Plain",
              "Partial Mode": "Partial",
              "Parent Relationship": "Outer",
              "Parallel Aware": false,
              "Startup Cost": 333800.37,
              "Total Cost": 333800.38,
              "Plan Rows": 1,
              "Plan Width": 8,
              "Actual Startup Time": 702.318,
              "Actual Total Time": 702.319,
              "Actual Rows": 1,
              "Actual Loops": 7,
              "Plans": [
                {
                  "Node Type": "Seq Scan",
                  "Parent Relationship": "Outer",
                  "Parallel Aware": true,
                  "Relation Name": "cast_info",
                  "Alias": "ci",
                  "Startup Cost": 0.0,
                  "Total Cost": 328211.39,
                  "Plan Rows": 2235590,
                  "Plan Width": 0,
                  "Actual Startup Time": 0.045,
                  "Actual Total Time": 606.899,
                  "Actual Rows": 1933595,
                  "Actual Loops": 7,
                  "Filter": "(person_id < 1333884)",
                  "Rows Removed by Filter": 3244168
                }
              ]
            }
          ]
        }
      ]
    },
    "Planning Time": 0.209,
    "Triggers": [],
    "Execution Time": 756.777
  }
]