[
    {
        "Bao": {
            "Bao prediction": "NaN",
            "Bao recommended hint": "(no hint)"
        }
    },
    {
        "Plan": {
            "Node Type": "Aggregate",
            "Strategy": "Plain",
            "Partial Mode": "Finalize",
            "Parallel Aware": false,
            "Startup Cost": 613485.08,
            "Total Cost": 613485.09,
            "Plan Rows": 1,
            "Plan Width": 8,
            "Actual Startup Time": 6036.479,
            "Actual Total Time": 6078.444,
            "Actual Rows": 1,
            "Actual Loops": 1,
            "Output": [
                "count(*)"
            ],
            "Plans": [
                {
                    "Node Type": "Gather",
                    "Parent Relationship": "Outer",
                    "Parallel Aware": false,
                    "Startup Cost": 613484.56,
                    "Total Cost": 613485.07,
                    "Plan Rows": 5,
                    "Plan Width": 8,
                    "Actual Startup Time": 6018.103,
                    "Actual Total Time": 6078.432,
                    "Actual Rows": 6,
                    "Actual Loops": 1,
                    "Output": [
                        "(PARTIAL count(*))"
                    ],
                    "Workers Planned": 5,
                    "Workers Launched": 5,
                    "Single Copy": false,
                    "Plans": [
                        {
                            "Node Type": "Aggregate",
                            "Strategy": "Plain",
                            "Partial Mode": "Partial",
                            "Parent Relationship": "Outer",
                            "Parallel Aware": false,
                            "Startup Cost": 612484.56,
                            "Total Cost": 612484.57,
                            "Plan Rows": 1,
                            "Plan Width": 8,
                            "Actual Startup Time": 6005.559,
                            "Actual Total Time": 6005.923,
                            "Actual Rows": 1,
                            "Actual Loops": 6,
                            "Output": [
                                "PARTIAL count(*)"
                            ],
                            "Workers": [
                                {
                                    "Worker Number": 0,
                                    "Actual Startup Time": 6002.306,
                                    "Actual Total Time": 6002.311,
                                    "Actual Rows": 1,
                                    "Actual Loops": 1
                                },
                                {
                                    "Worker Number": 1,
                                    "Actual Startup Time": 6002.53,
                                    "Actual Total Time": 6002.535,
                                    "Actual Rows": 1,
                                    "Actual Loops": 1
                                },
                                {
                                    "Worker Number": 2,
                                    "Actual Startup Time": 6005.386,
                                    "Actual Total Time": 6005.391,
                                    "Actual Rows": 1,
                                    "Actual Loops": 1
                                },
                                {
                                    "Worker Number": 3,
                                    "Actual Startup Time": 6002.838,
                                    "Actual Total Time": 6002.842,
                                    "Actual Rows": 1,
                                    "Actual Loops": 1
                                },
                                {
                                    "Worker Number": 4,
                                    "Actual Startup Time": 6002.538,
                                    "Actual Total Time": 6002.543,
                                    "Actual Rows": 1,
                                    "Actual Loops": 1
                                }
                            ],
                            "Plans": [
                                {
                                    "Node Type": "Hash Join",
                                    "Parent Relationship": "Outer",
                                    "Parallel Aware": true,
                                    "Join Type": "Inner",
                                    "Startup Cost": 398258.5,
                                    "Total Cost": 605490.63,
                                    "Plan Rows": 2797570,
                                    "Plan Width": 0,
                                    "Actual Startup Time": 1949.42,
                                    "Actual Total Time": 5201.325,
                                    "Actual Rows": 20668404,
                                    "Actual Loops": 6,
                                    "Inner Unique": false,
                                    "Hash Cond": "(mi.movie_id = t.id)",
                                    "Workers": [
                                        {
                                            "Worker Number": 0,
                                            "Actual Startup Time": 1946.648,
                                            "Actual Total Time": 5212.555,
                                            "Actual Rows": 20406300,
                                            "Actual Loops": 1
                                        },
                                        {
                                            "Worker Number": 1,
                                            "Actual Startup Time": 1946.885,
                                            "Actual Total Time": 5202.27,
                                            "Actual Rows": 20816939,
                                            "Actual Loops": 1
                                        },
                                        {
                                            "Worker Number": 2,
                                            "Actual Startup Time": 1946.88,
                                            "Actual Total Time": 5212.615,
                                            "Actual Rows": 20619209,
                                            "Actual Loops": 1
                                        },
                                        {
                                            "Worker Number": 3,
                                            "Actual Startup Time": 1947.159,
                                            "Actual Total Time": 5195.378,
                                            "Actual Rows": 20732903,
                                            "Actual Loops": 1
                                        },
                                        {
                                            "Worker Number": 4,
                                            "Actual Startup Time": 1946.836,
                                            "Actual Total Time": 5209.064,
                                            "Actual Rows": 20640519,
                                            "Actual Loops": 1
                                        }
                                    ],
                                    "Plans": [
                                        {
                                            "Node Type": "Seq Scan",
                                            "Parent Relationship": "Outer",
                                            "Parallel Aware": true,
                                            "Relation Name": "movie_info",
                                            "Schema": "public",
                                            "Alias": "mi",
                                            "Startup Cost": 0.0,
                                            "Total Cost": 191503.19,
                                            "Plan Rows": 2951019,
                                            "Plan Width": 4,
                                            "Actual Startup Time": 0.03,
                                            "Actual Total Time": 266.358,
                                            "Actual Rows": 2472620,
                                            "Actual Loops": 6,
                                            "Output": [
                                                "mi.id",
                                                "mi.movie_id",
                                                "mi.info_type_id",
                                                "mi.info",
                                                "mi.note"
                                            ],
                                            "Workers": [
                                                {
                                                    "Worker Number": 0,
                                                    "Actual Startup Time": 0.035,
                                                    "Actual Total Time": 277.46,
                                                    "Actual Rows": 2388168,
                                                    "Actual Loops": 1
                                                },
                                                {
                                                    "Worker Number": 1,
                                                    "Actual Startup Time": 0.031,
                                                    "Actual Total Time": 277.526,
                                                    "Actual Rows": 2489310,
                                                    "Actual Loops": 1
                                                },
                                                {
                                                    "Worker Number": 2,
                                                    "Actual Startup Time": 0.027,
                                                    "Actual Total Time": 276.354,
                                                    "Actual Rows": 2465580,
                                                    "Actual Loops": 1
                                                },
                                                {
                                                    "Worker Number": 3,
                                                    "Actual Startup Time": 0.044,
                                                    "Actual Total Time": 278.516,
                                                    "Actual Rows": 2445664,
                                                    "Actual Loops": 1
                                                },
                                                {
                                                    "Worker Number": 4,
                                                    "Actual Startup Time": 0.029,
                                                    "Actual Total Time": 279.514,
                                                    "Actual Rows": 2447824,
                                                    "Actual Loops": 1
                                                }
                                            ]
                                        },
                                        {
                                            "Node Type": "Hash",
                                            "Parent Relationship": "Inner",
                                            "Parallel Aware": true,
                                            "Startup Cost": 393265.05,
                                            "Total Cost": 393265.05,
                                            "Plan Rows": 399476,
                                            "Plan Width": 8,
                                            "Actual Startup Time": 1917.305,
                                            "Actual Total Time": 1917.667,
                                            "Actual Rows": 647712,
                                            "Actual Loops": 6,
                                            "Output": [
                                                "t.id",
                                                "ci.movie_id"
                                            ],
                                            "Hash Buckets": 4194304,
                                            "Original Hash Buckets": 4194304,
                                            "Hash Batches": 1,
                                            "Original Hash Batches": 1,
                                            "Peak Memory Usage": 184928,
                                            "Workers": [
                                                {
                                                    "Worker Number": 0,
                                                    "Actual Startup Time": 1918.972,
                                                    "Actual Total Time": 1918.975,
                                                    "Actual Rows": 547663,
                                                    "Actual Loops": 1
                                                },
                                                {
                                                    "Worker Number": 1,
                                                    "Actual Startup Time": 1919.138,
                                                    "Actual Total Time": 1919.142,
                                                    "Actual Rows": 577517,
                                                    "Actual Loops": 1
                                                },
                                                {
                                                    "Worker Number": 2,
                                                    "Actual Startup Time": 1919.2,
                                                    "Actual Total Time": 1919.203,
                                                    "Actual Rows": 783674,
                                                    "Actual Loops": 1
                                                },
                                                {
                                                    "Worker Number": 3,
                                                    "Actual Startup Time": 1919.39,
                                                    "Actual Total Time": 1919.393,
                                                    "Actual Rows": 560567,
                                                    "Actual Loops": 1
                                                },
                                                {
                                                    "Worker Number": 4,
                                                    "Actual Startup Time": 1919.117,
                                                    "Actual Total Time": 1919.121,
                                                    "Actual Rows": 579852,
                                                    "Actual Loops": 1
                                                }
                                            ],
                                            "Plans": [
                                                {
                                                    "Node Type": "Hash Join",
                                                    "Parent Relationship": "Outer",
                                                    "Parallel Aware": true,
                                                    "Join Type": "Inner",
                                                    "Startup Cost": 45996.98,
                                                    "Total Cost": 393265.05,
                                                    "Plan Rows": 399476,
                                                    "Plan Width": 8,
                                                    "Actual Startup Time": 463.805,
                                                    "Actual Total Time": 1609.132,
                                                    "Actual Rows": 647712,
                                                    "Actual Loops": 6,
                                                    "Output": [
                                                        "t.id",
                                                        "ci.movie_id"
                                                    ],
                                                    "Inner Unique": true,
                                                    "Hash Cond": "(ci.movie_id = t.id)",
                                                    "Workers": [
                                                        {
                                                            "Worker Number": 0,
                                                            "Actual Startup Time": 463.534,
                                                            "Actual Total Time": 1610.968,
                                                            "Actual Rows": 547663,
                                                            "Actual Loops": 1
                                                        },
                                                        {
                                                            "Worker Number": 1,
                                                            "Actual Startup Time": 464.08,
                                                            "Actual Total Time": 1618.364,
                                                            "Actual Rows": 577517,
                                                            "Actual Loops": 1
                                                        },
                                                        {
                                                            "Worker Number": 2,
                                                            "Actual Startup Time": 463.68,
                                                            "Actual Total Time": 1600.867,
                                                            "Actual Rows": 783674,
                                                            "Actual Loops": 1
                                                        },
                                                        {
                                                            "Worker Number": 3,
                                                            "Actual Startup Time": 464.172,
                                                            "Actual Total Time": 1618.819,
                                                            "Actual Rows": 560567,
                                                            "Actual Loops": 1
                                                        },
                                                        {
                                                            "Worker Number": 4,
                                                            "Actual Startup Time": 463.556,
                                                            "Actual Total Time": 1608.588,
                                                            "Actual Rows": 579852,
                                                            "Actual Loops": 1
                                                        }
                                                    ],
                                                    "Plans": [
                                                        {
                                                            "Node Type": "Seq Scan",
                                                            "Parent Relationship": "Outer",
                                                            "Parallel Aware": true,
                                                            "Relation Name": "cast_info",
                                                            "Schema": "public",
                                                            "Alias": "ci",
                                                            "Startup Cost": 0.0,
                                                            "Total Cost": 343318.94,
                                                            "Plan Rows": 1504426,
                                                            "Plan Width": 4,
                                                            "Actual Startup Time": 325.037,
                                                            "Actual Total Time": 827.8,
                                                            "Actual Rows": 2335933,
                                                            "Actual Loops": 6,
                                                            "Output": [
                                                                "ci.id",
                                                                "ci.person_id",
                                                                "ci.movie_id",
                                                                "ci.person_role_id",
                                                                "ci.note",
                                                                "ci.nr_order",
                                                                "ci.role_id"
                                                            ],
                                                            "Filter": "((ci.person_id > 2265067) AND (ci.role_id > 1))",
                                                            "Rows Removed by Filter": 3704791,
                                                            "Workers": [
                                                                {
                                                                    "Worker Number": 0,
                                                                    "Actual Startup Time": 325.051,
                                                                    "Actual Total Time": 849.455,
                                                                    "Actual Rows": 1963799,
                                                                    "Actual Loops": 1
                                                                },
                                                                {
                                                                    "Worker Number": 1,
                                                                    "Actual Startup Time": 325.061,
                                                                    "Actual Total Time": 851.192,
                                                                    "Actual Rows": 2067049,
                                                                    "Actual Loops": 1
                                                                },
                                                                {
                                                                    "Worker Number": 2,
                                                                    "Actual Startup Time": 325.038,
                                                                    "Actual Total Time": 800.186,
                                                                    "Actual Rows": 2833221,
                                                                    "Actual Loops": 1
                                                                },
                                                                {
                                                                    "Worker Number": 3,
                                                                    "Actual Startup Time": 325.066,
                                                                    "Actual Total Time": 853.875,
                                                                    "Actual Rows": 2018879,
                                                                    "Actual Loops": 1
                                                                },
                                                                {
                                                                    "Worker Number": 4,
                                                                    "Actual Startup Time": 324.962,
                                                                    "Actual Total Time": 846.532,
                                                                    "Actual Rows": 2086323,
                                                                    "Actual Loops": 1
                                                                }
                                                            ]
                                                        },
                                                        {
                                                            "Node Type": "Hash",
                                                            "Parent Relationship": "Inner",
                                                            "Parallel Aware": true,
                                                            "Startup Cost": 43899.01,
                                                            "Total Cost": 43899.01,
                                                            "Plan Rows": 167838,
                                                            "Plan Width": 4,
                                                            "Actual Startup Time": 137.548,
                                                            "Actual Total Time": 137.549,
                                                            "Actual Rows": 110471,
                                                            "Actual Loops": 6,
                                                            "Output": [
                                                                "t.id"
                                                            ],
                                                            "Hash Buckets": 1048576,
                                                            "Original Hash Buckets": 1048576,
                                                            "Hash Batches": 1,
                                                            "Original Hash Batches": 1,
                                                            "Peak Memory Usage": 34208,
                                                            "Workers": [
                                                                {
                                                                    "Worker Number": 0,
                                                                    "Actual Startup Time": 138.394,
                                                                    "Actual Total Time": 138.396,
                                                                    "Actual Rows": 85061,
                                                                    "Actual Loops": 1
                                                                },
                                                                {
                                                                    "Worker Number": 1,
                                                                    "Actual Startup Time": 138.511,
                                                                    "Actual Total Time": 138.512,
                                                                    "Actual Rows": 95269,
                                                                    "Actual Loops": 1
                                                                },
                                                                {
                                                                    "Worker Number": 2,
                                                                    "Actual Startup Time": 138.507,
                                                                    "Actual Total Time": 138.508,
                                                                    "Actual Rows": 140170,
                                                                    "Actual Loops": 1
                                                                },
                                                                {
                                                                    "Worker Number": 3,
                                                                    "Actual Startup Time": 138.488,
                                                                    "Actual Total Time": 138.489,
                                                                    "Actual Rows": 95023,
                                                                    "Actual Loops": 1
                                                                },
                                                                {
                                                                    "Worker Number": 4,
                                                                    "Actual Startup Time": 138.314,
                                                                    "Actual Total Time": 138.315,
                                                                    "Actual Rows": 81277,
                                                                    "Actual Loops": 1
                                                                }
                                                            ],
                                                            "Plans": [
                                                                {
                                                                    "Node Type": "Seq Scan",
                                                                    "Parent Relationship": "Outer",
                                                                    "Parallel Aware": true,
                                                                    "Relation Name": "title",
                                                                    "Schema": "public",
                                                                    "Alias": "t",
                                                                    "Startup Cost": 0.0,
                                                                    "Total Cost": 43899.01,
                                                                    "Plan Rows": 167838,
                                                                    "Plan Width": 4,
                                                                    "Actual Startup Time": 42.364,
                                                                    "Actual Total Time": 87.241,
                                                                    "Actual Rows": 110471,
                                                                    "Actual Loops": 6,
                                                                    "Output": [
                                                                        "t.id"
                                                                    ],
                                                                    "Filter": "(t.kind_id < 2)",
                                                                    "Rows Removed by Filter": 310914,
                                                                    "Workers": [
                                                                        {
                                                                            "Worker Number": 0,
                                                                            "Actual Startup Time": 4.047,
                                                                            "Actual Total Time": 87.898,
                                                                            "Actual Rows": 85061,
                                                                            "Actual Loops": 1
                                                                        },
                                                                        {
                                                                            "Worker Number": 1,
                                                                            "Actual Startup Time": 50.187,
                                                                            "Actual Total Time": 89.285,
                                                                            "Actual Rows": 95269,
                                                                            "Actual Loops": 1
                                                                        },
                                                                        {
                                                                            "Worker Number": 2,
                                                                            "Actual Startup Time": 50.024,
                                                                            "Actual Total Time": 86.587,
                                                                            "Actual Rows": 140170,
                                                                            "Actual Loops": 1
                                                                        },
                                                                        {
                                                                            "Worker Number": 3,
                                                                            "Actual Startup Time": 50.059,
                                                                            "Actual Total Time": 89.318,
                                                                            "Actual Rows": 95023,
                                                                            "Actual Loops": 1
                                                                        },
                                                                        {
                                                                            "Worker Number": 4,
                                                                            "Actual Startup Time": 49.9,
                                                                            "Actual Total Time": 87.626,
                                                                            "Actual Rows": 81277,
                                                                            "Actual Loops": 1
                                                                        }
                                                                    ]
                                                                }
                                                            ]
                                                        }
                                                    ]
                                                }
                                            ]
                                        }
                                    ]
                                }
                            ]
                        }
                    ]
                }
            ]
        },
        "Planning Time": 215.463,
        "Triggers": [],
        "Execution Time": 6078.517
    }
]