[
  {
    "Plan": {
      "Node Type": "Aggregate",
      "Strategy": "Plain",
      "Partial Mode": "Finalize",
      "Parallel Aware": false,
      "Startup Cost": 130527.96,
      "Total Cost": 130527.97,
      "Plan Rows": 1,
      "Plan Width": 8,
      "Actual Startup Time": 774.764,
      "Actual Total Time": 799.882,
      "Actual Rows": 1,
      "Actual Loops": 1,
      "Plans": [
        {
          "Node Type": "Gather",
          "Parent Relationship": "Outer",
          "Parallel Aware": false,
          "Startup Cost": 130527.65,
          "Total Cost": 130527.96,
          "Plan Rows": 3,
          "Plan Width": 8,
          "Actual Startup Time": 755.9,
          "Actual Total Time": 799.865,
          "Actual Rows": 4,
          "Actual Loops": 1,
          "Workers Planned": 3,
          "Workers Launched": 3,
          "Single Copy": false,
          "Plans": [
            {
              "Node Type": "Aggregate",
              "Strategy": "Plain",
              "Partial Mode": "Partial",
              "Parent Relationship": "Outer",
              "Parallel Aware": false,
              "Startup Cost": 129527.65,
              "Total Cost": 129527.66,
              "Plan Rows": 1,
              "Plan Width": 8,
              "Actual Startup Time": 747.293,
              "Actual Total Time": 747.88,
              "Actual Rows": 1,
              "Actual Loops": 4,
              "Plans": [
                {
                  "Node Type": "Hash Join",
                  "Parent Relationship": "Outer",
                  "Parallel Aware": true,
                  "Join Type": "Inner",
                  "Startup Cost": 85210.99,
                  "Total Cost": 129310.51,
                  "Plan Rows": 86856,
                  "Plan Width": 0,
                  "Actual Startup Time": 595.866,
                  "Actual Total Time": 741.405,
                  "Actual Rows": 126075,
                  "Actual Loops": 4,
                  "Inner Unique": false,
                  "Hash Cond": "(mk.movie_id = t.id)",
                  "Plans": [
                    {
                      "Node Type": "Seq Scan",
                      "Parent Relationship": "Outer",
                      "Parallel Aware": true,
                      "Relation Name": "movie_keyword",
                      "Alias": "mk",
                      "Startup Cost": 0.0,
                      "Total Cost": 42695.65,
                      "Plan Rows": 299648,
                      "Plan Width": 4,
                      "Actual Startup Time": 1.902,
                      "Actual Total Time": 102.529,
                      "Actual Rows": 228383,
                      "Actual Loops": 4,
                      "Filter": "(keyword_id > 20335)",
                      "Rows Removed by Filter": 902599
                    },
                    {
                      "Node Type": "Hash",
                      "Parent Relationship": "Inner",
                      "Parallel Aware": true,
                      "Startup Cost": 82255.79,
                      "Total Cost": 82255.79,
                      "Plan Rows": 236416,
                      "Plan Width": 8,
                      "Actual Startup Time": 588.513,
                      "Actual Total Time": 589.098,
                      "Actual Rows": 115268,
                      "Actual Loops": 4,
                      "Hash Buckets": 1048576,
                      "Original Hash Buckets": 1048576,
                      "Hash Batches": 1,
                      "Original Hash Batches": 1,
                      "Peak Memory Usage": 26304,
                      "Plans": [
                        {
                          "Node Type": "Hash Join",
                          "Parent Relationship": "Outer",
                          "Parallel Aware": true,
                          "Join Type": "Inner",
                          "Startup Cost": 50220.38,
                          "Total Cost": 82255.79,
                          "Plan Rows": 236416,
                          "Plan Width": 8,
                          "Actual Startup Time": 432.277,
                          "Actual Total Time": 538.604,
                          "Actual Rows": 115268,
                          "Actual Loops": 4,
                          "Inner Unique": true,
                          "Hash Cond": "(mc.movie_id = t.id)",
                          "Plans": [
                            {
                              "Node Type": "Seq Scan",
                              "Parent Relationship": "Outer",
                              "Parallel Aware": true,
                              "Relation Name": "movie_companies",
                              "Alias": "mc",
                              "Startup Cost": 0.0,
                              "Total Cost": 31414.82,
                              "Plan Rows": 236416,
                              "Plan Width": 4,
                              "Actual Startup Time": 35.805,
                              "Actual Total Time": 74.944,
                              "Actual Rows": 115268,
                              "Actual Loops": 4,
                              "Filter": "((company_id < 12870) AND (company_type_id > 1))",
                              "Rows Removed by Filter": 537015
                            },
                            {
                              "Node Type": "Hash",
                              "Parent Relationship": "Inner",
                              "Parallel Aware": true,
                              "Startup Cost": 42319.06,
                              "Total Cost": 42319.06,
                              "Plan Rows": 632106,
                              "Plan Width": 4,
                              "Actual Startup Time": 388.3,
                              "Actual Total Time": 388.301,
                              "Actual Rows": 632078,
                              "Actual Loops": 4,
                              "Hash Buckets": 4194304,
                              "Original Hash Buckets": 4194304,
                              "Hash Batches": 1,
                              "Original Hash Batches": 1,
                              "Peak Memory Usage": 131712,
                              "Plans": [
                                {
                                  "Node Type": "Seq Scan",
                                  "Parent Relationship": "Outer",
                                  "Parallel Aware": true,
                                  "Relation Name": "title",
                                  "Alias": "t",
                                  "Startup Cost": 0.0,
                                  "Total Cost": 42319.06,
                                  "Plan Rows": 632106,
                                  "Plan Width": 4,
                                  "Actual Startup Time": 0.064,
                                  "Actual Total Time": 111.276,
                                  "Actual Rows": 632078,
                                  "Actual Loops": 4
                                }
                              ]
                            }
                          ]
                        }
                      ]
                    }
                  ]
                }
              ]
            }
          ]
        }
      ]
    },
    "Planning Time": 1.229,
    "Triggers": [],
    "Execution Time": 799.953
  }
]