[
    {
        "Bao": {
            "Bao prediction": 403.312,
            "Bao recommended hint": "(no hint)"
        }
    },
    {
        "Plan": {
            "Node Type": "Aggregate",
            "Strategy": "Plain",
            "Partial Mode": "Simple",
            "Parallel Aware": false,
            "Startup Cost": 72614.12,
            "Total Cost": 72614.13,
            "Plan Rows": 1,
            "Plan Width": 64,
            "Actual Startup Time": 230.189,
            "Actual Total Time": 271.022,
            "Actual Rows": 1,
            "Actual Loops": 1,
            "Output": [
                "min(n.name)",
                "min(t.title)"
            ],
            "Plans": [
                {
                    "Node Type": "Nested Loop",
                    "Parent Relationship": "Outer",
                    "Parallel Aware": false,
                    "Join Type": "Inner",
                    "Startup Cost": 1004.44,
                    "Total Cost": 72614.12,
                    "Plan Rows": 1,
                    "Plan Width": 32,
                    "Actual Startup Time": 229.565,
                    "Actual Total Time": 271.003,
                    "Actual Rows": 7,
                    "Actual Loops": 1,
                    "Output": [
                        "n.name",
                        "t.title"
                    ],
                    "Inner Unique": true,
                    "Join Filter": "(mi.movie_id = t.id)",
                    "Rows Removed by Join Filter": 0,
                    "Plans": [
                        {
                            "Node Type": "Nested Loop",
                            "Parent Relationship": "Outer",
                            "Parallel Aware": false,
                            "Join Type": "Inner",
                            "Startup Cost": 1004.01,
                            "Total Cost": 72613.58,
                            "Plan Rows": 1,
                            "Plan Width": 27,
                            "Actual Startup Time": 229.504,
                            "Actual Total Time": 270.826,
                            "Actual Rows": 7,
                            "Actual Loops": 1,
                            "Output": [
                                "ci.movie_id",
                                "mc.movie_id",
                                "mi.movie_id",
                                "n.name"
                            ],
                            "Inner Unique": true,
                            "Plans": [
                                {
                                    "Node Type": "Nested Loop",
                                    "Parent Relationship": "Outer",
                                    "Parallel Aware": false,
                                    "Join Type": "Inner",
                                    "Startup Cost": 1003.87,
                                    "Total Cost": 72613.4,
                                    "Plan Rows": 1,
                                    "Plan Width": 31,
                                    "Actual Startup Time": 229.479,
                                    "Actual Total Time": 270.785,
                                    "Actual Rows": 7,
                                    "Actual Loops": 1,
                                    "Output": [
                                        "ci.movie_id",
                                        "mc.movie_id",
                                        "mi.movie_id",
                                        "mi.info_type_id",
                                        "n.name"
                                    ],
                                    "Inner Unique": false,
                                    "Join Filter": "(mc.movie_id = mi.movie_id)",
                                    "Rows Removed by Join Filter": 0,
                                    "Plans": [
                                        {
                                            "Node Type": "Nested Loop",
                                            "Parent Relationship": "Outer",
                                            "Parallel Aware": false,
                                            "Join Type": "Inner",
                                            "Startup Cost": 1003.43,
                                            "Total Cost": 72611.71,
                                            "Plan Rows": 1,
                                            "Plan Width": 23,
                                            "Actual Startup Time": 228.59,
                                            "Actual Total Time": 269.54,
                                            "Actual Rows": 16,
                                            "Actual Loops": 1,
                                            "Output": [
                                                "ci.movie_id",
                                                "mc.movie_id",
                                                "n.name"
                                            ],
                                            "Inner Unique": true,
                                            "Plans": [
                                                {
                                                    "Node Type": "Gather",
                                                    "Parent Relationship": "Outer",
                                                    "Parallel Aware": false,
                                                    "Startup Cost": 1003.0,
                                                    "Total Cost": 72611.19,
                                                    "Plan Rows": 1,
                                                    "Plan Width": 27,
                                                    "Actual Startup Time": 228.504,
                                                    "Actual Total Time": 269.337,
                                                    "Actual Rows": 16,
                                                    "Actual Loops": 1,
                                                    "Output": [
                                                        "ci.movie_id",
                                                        "ci.person_role_id",
                                                        "mc.movie_id",
                                                        "n.name"
                                                    ],
                                                    "Workers Planned": 4,
                                                    "Workers Launched": 4,
                                                    "Single Copy": false,
                                                    "Plans": [
                                                        {
                                                            "Node Type": "Nested Loop",
                                                            "Parent Relationship": "Outer",
                                                            "Parallel Aware": false,
                                                            "Join Type": "Inner",
                                                            "Startup Cost": 3.0,
                                                            "Total Cost": 71611.09,
                                                            "Plan Rows": 1,
                                                            "Plan Width": 27,
                                                            "Actual Startup Time": 173.896,
                                                            "Actual Total Time": 217.845,
                                                            "Actual Rows": 3,
                                                            "Actual Loops": 5,
                                                            "Output": [
                                                                "ci.movie_id",
                                                                "ci.person_role_id",
                                                                "mc.movie_id",
                                                                "n.name"
                                                            ],
                                                            "Inner Unique": true,
                                                            "Workers": [
                                                                {
                                                                    "Worker Number": 0,
                                                                    "Actual Startup Time": 146.195,
                                                                    "Actual Total Time": 219.446,
                                                                    "Actual Rows": 6,
                                                                    "Actual Loops": 1
                                                                },
                                                                {
                                                                    "Worker Number": 1,
                                                                    "Actual Startup Time": 214.001,
                                                                    "Actual Total Time": 214.008,
                                                                    "Actual Rows": 0,
                                                                    "Actual Loops": 1
                                                                },
                                                                {
                                                                    "Worker Number": 2,
                                                                    "Actual Startup Time": 141.539,
                                                                    "Actual Total Time": 214.722,
                                                                    "Actual Rows": 7,
                                                                    "Actual Loops": 1
                                                                },
                                                                {
                                                                    "Worker Number": 3,
                                                                    "Actual Startup Time": 141.001,
                                                                    "Actual Total Time": 214.294,
                                                                    "Actual Rows": 3,
                                                                    "Actual Loops": 1
                                                                }
                                                            ],
                                                            "Plans": [
                                                                {
                                                                    "Node Type": "Nested Loop",
                                                                    "Parent Relationship": "Outer",
                                                                    "Parallel Aware": false,
                                                                    "Join Type": "Inner",
                                                                    "Startup Cost": 2.58,
                                                                    "Total Cost": 71610.6,
                                                                    "Plan Rows": 1,
                                                                    "Plan Width": 31,
                                                                    "Actual Startup Time": 173.841,
                                                                    "Actual Total Time": 217.779,
                                                                    "Actual Rows": 3,
                                                                    "Actual Loops": 5,
                                                                    "Output": [
                                                                        "ci.movie_id",
                                                                        "ci.person_role_id",
                                                                        "mc.movie_id",
                                                                        "mc.company_id",
                                                                        "n.name"
                                                                    ],
                                                                    "Inner Unique": false,
                                                                    "Workers": [
                                                                        {
                                                                            "Worker Number": 0,
                                                                            "Actual Startup Time": 146.094,
                                                                            "Actual Total Time": 219.316,
                                                                            "Actual Rows": 6,
                                                                            "Actual Loops": 1
                                                                        },
                                                                        {
                                                                            "Worker Number": 1,
                                                                            "Actual Startup Time": 213.999,
                                                                            "Actual Total Time": 214.006,
                                                                            "Actual Rows": 0,
                                                                            "Actual Loops": 1
                                                                        },
                                                                        {
                                                                            "Worker Number": 2,
                                                                            "Actual Startup Time": 141.464,
                                                                            "Actual Total Time": 214.628,
                                                                            "Actual Rows": 7,
                                                                            "Actual Loops": 1
                                                                        },
                                                                        {
                                                                            "Worker Number": 3,
                                                                            "Actual Startup Time": 140.904,
                                                                            "Actual Total Time": 214.188,
                                                                            "Actual Rows": 3,
                                                                            "Actual Loops": 1
                                                                        }
                                                                    ],
                                                                    "Plans": [
                                                                        {
                                                                            "Node Type": "Hash Join",
                                                                            "Parent Relationship": "Outer",
                                                                            "Parallel Aware": false,
                                                                            "Join Type": "Inner",
                                                                            "Startup Cost": 2.15,
                                                                            "Total Cost": 71608.82,
                                                                            "Plan Rows": 3,
                                                                            "Plan Width": 23,
                                                                            "Actual Startup Time": 173.767,
                                                                            "Actual Total Time": 217.66,
                                                                            "Actual Rows": 2,
                                                                            "Actual Loops": 5,
                                                                            "Output": [
                                                                                "ci.movie_id",
                                                                                "ci.person_role_id",
                                                                                "n.name"
                                                                            ],
                                                                            "Inner Unique": true,
                                                                            "Hash Cond": "(ci.role_id = rt.id)",
                                                                            "Workers": [
                                                                                {
                                                                                    "Worker Number": 0,
                                                                                    "Actual Startup Time": 145.975,
                                                                                    "Actual Total Time": 219.14,
                                                                                    "Actual Rows": 2,
                                                                                    "Actual Loops": 1
                                                                                },
                                                                                {
                                                                                    "Worker Number": 1,
                                                                                    "Actual Startup Time": 213.999,
                                                                                    "Actual Total Time": 214.005,
                                                                                    "Actual Rows": 0,
                                                                                    "Actual Loops": 1
                                                                                },
                                                                                {
                                                                                    "Worker Number": 2,
                                                                                    "Actual Startup Time": 141.353,
                                                                                    "Actual Total Time": 214.386,
                                                                                    "Actual Rows": 7,
                                                                                    "Actual Loops": 1
                                                                                },
                                                                                {
                                                                                    "Worker Number": 3,
                                                                                    "Actual Startup Time": 140.764,
                                                                                    "Actual Total Time": 214.015,
                                                                                    "Actual Rows": 3,
                                                                                    "Actual Loops": 1
                                                                                }
                                                                            ],
                                                                            "Plans": [
                                                                                {
                                                                                    "Node Type": "Nested Loop",
                                                                                    "Parent Relationship": "Outer",
                                                                                    "Parallel Aware": false,
                                                                                    "Join Type": "Inner",
                                                                                    "Startup Cost": 0.99,
                                                                                    "Total Cost": 71607.53,
                                                                                    "Plan Rows": 38,
                                                                                    "Plan Width": 27,
                                                                                    "Actual Startup Time": 144.106,
                                                                                    "Actual Total Time": 217.415,
                                                                                    "Actual Rows": 6,
                                                                                    "Actual Loops": 5,
                                                                                    "Output": [
                                                                                        "ci.movie_id",
                                                                                        "ci.role_id",
                                                                                        "ci.person_role_id",
                                                                                        "n.name"
                                                                                    ],
                                                                                    "Inner Unique": false,
                                                                                    "Join Filter": "(n.id = ci.person_id)",
                                                                                    "Rows Removed by Join Filter": 0,
                                                                                    "Workers": [
                                                                                        {
                                                                                            "Worker Number": 0,
                                                                                            "Actual Startup Time": 145.69,
                                                                                            "Actual Total Time": 218.849,
                                                                                            "Actual Rows": 2,
                                                                                            "Actual Loops": 1
                                                                                        },
                                                                                        {
                                                                                            "Worker Number": 1,
                                                                                            "Actual Startup Time": 140.142,
                                                                                            "Actual Total Time": 213.696,
                                                                                            "Actual Rows": 10,
                                                                                            "Actual Loops": 1
                                                                                        },
                                                                                        {
                                                                                            "Worker Number": 2,
                                                                                            "Actual Startup Time": 141.093,
                                                                                            "Actual Total Time": 214.118,
                                                                                            "Actual Rows": 7,
                                                                                            "Actual Loops": 1
                                                                                        },
                                                                                        {
                                                                                            "Worker Number": 3,
                                                                                            "Actual Startup Time": 140.515,
                                                                                            "Actual Total Time": 213.759,
                                                                                            "Actual Rows": 3,
                                                                                            "Actual Loops": 1
                                                                                        }
                                                                                    ],
                                                                                    "Plans": [
                                                                                        {
                                                                                            "Node Type": "Nested Loop",
                                                                                            "Parent Relationship": "Outer",
                                                                                            "Parallel Aware": false,
                                                                                            "Join Type": "Inner",
                                                                                            "Startup Cost": 0.42,
                                                                                            "Total Cost": 71538.77,
                                                                                            "Plan Rows": 5,
                                                                                            "Plan Width": 23,
                                                                                            "Actual Startup Time": 143.688,
                                                                                            "Actual Total Time": 217.005,
                                                                                            "Actual Rows": 8,
                                                                                            "Actual Loops": 5,
                                                                                            "Output": [
                                                                                                "an.person_id",
                                                                                                "n.name",
                                                                                                "n.id"
                                                                                            ],
                                                                                            "Inner Unique": false,
                                                                                            "Workers": [
                                                                                                {
                                                                                                    "Worker Number": 0,
                                                                                                    "Actual Startup Time": 145.272,
                                                                                                    "Actual Total Time": 218.51,
                                                                                                    "Actual Rows": 7,
                                                                                                    "Actual Loops": 1
                                                                                                },
                                                                                                {
                                                                                                    "Worker Number": 1,
                                                                                                    "Actual Startup Time": 139.863,
                                                                                                    "Actual Total Time": 213.288,
                                                                                                    "Actual Rows": 11,
                                                                                                    "Actual Loops": 1
                                                                                                },
                                                                                                {
                                                                                                    "Worker Number": 2,
                                                                                                    "Actual Startup Time": 140.575,
                                                                                                    "Actual Total Time": 213.799,
                                                                                                    "Actual Rows": 5,
                                                                                                    "Actual Loops": 1
                                                                                                },
                                                                                                {
                                                                                                    "Worker Number": 3,
                                                                                                    "Actual Startup Time": 140.157,
                                                                                                    "Actual Total Time": 213.436,
                                                                                                    "Actual Rows": 6,
                                                                                                    "Actual Loops": 1
                                                                                                }
                                                                                            ],
                                                                                            "Plans": [
                                                                                                {
                                                                                                    "Node Type": "Seq Scan",
                                                                                                    "Parent Relationship": "Outer",
                                                                                                    "Parallel Aware": true,
                                                                                                    "Relation Name": "name",
                                                                                                    "Schema": "public",
                                                                                                    "Alias": "n",
                                                                                                    "Startup Cost": 0.0,
                                                                                                    "Total Cost": 71241.41,
                                                                                                    "Plan Rows": 24,
                                                                                                    "Plan Width": 19,
                                                                                                    "Actual Startup Time": 137.61,
                                                                                                    "Actual Total Time": 216.702,
                                                                                                    "Actual Rows": 40,
                                                                                                    "Actual Loops": 5,
                                                                                                    "Output": [
                                                                                                        "n.id",
                                                                                                        "n.name",
                                                                                                        "n.imdb_index",
                                                                                                        "n.imdb_id",
                                                                                                        "n.gender",
                                                                                                        "n.name_pcode_cf",
                                                                                                        "n.name_pcode_nf",
                                                                                                        "n.surname_pcode",
                                                                                                        "n.md5sum"
                                                                                                    ],
                                                                                                    "Filter": "((n.name ~~ '%Washington,%'::text) AND ((n.gender)::text = 'f'::text))",
                                                                                                    "Rows Removed by Filter": 833458,
                                                                                                    "Workers": [
                                                                                                        {
                                                                                                            "Worker Number": 0,
                                                                                                            "Actual Startup Time": 115.617,
                                                                                                            "Actual Total Time": 218.127,
                                                                                                            "Actual Rows": 21,
                                                                                                            "Actual Loops": 1
                                                                                                        },
                                                                                                        {
                                                                                                            "Worker Number": 1,
                                                                                                            "Actual Startup Time": 139.678,
                                                                                                            "Actual Total Time": 212.954,
                                                                                                            "Actual Rows": 50,
                                                                                                            "Actual Loops": 1
                                                                                                        },
                                                                                                        {
                                                                                                            "Worker Number": 2,
                                                                                                            "Actual Startup Time": 140.38,
                                                                                                            "Actual Total Time": 213.496,
                                                                                                            "Actual Rows": 50,
                                                                                                            "Actual Loops": 1
                                                                                                        },
                                                                                                        {
                                                                                                            "Worker Number": 3,
                                                                                                            "Actual Startup Time": 139.962,
                                                                                                            "Actual Total Time": 213.197,
                                                                                                            "Actual Rows": 23,
                                                                                                            "Actual Loops": 1
                                                                                                        }
                                                                                                    ]
                                                                                                },
                                                                                                {
                                                                                                    "Node Type": "Index Only Scan",
                                                                                                    "Parent Relationship": "Inner",
                                                                                                    "Parallel Aware": false,
                                                                                                    "Scan Direction": "Forward",
                                                                                                    "Index Name": "person_id_aka_name",
                                                                                                    "Relation Name": "aka_name",
                                                                                                    "Schema": "public",
                                                                                                    "Alias": "an",
                                                                                                    "Startup Cost": 0.42,
                                                                                                    "Total Cost": 12.37,
                                                                                                    "Plan Rows": 2,
                                                                                                    "Plan Width": 4,
                                                                                                    "Actual Startup Time": 0.006,
                                                                                                    "Actual Total Time": 0.007,
                                                                                                    "Actual Rows": 0,
                                                                                                    "Actual Loops": 201,
                                                                                                    "Output": [
                                                                                                        "an.person_id"
                                                                                                    ],
                                                                                                    "Index Cond": "(an.person_id = n.id)",
                                                                                                    "Rows Removed by Index Recheck": 0,
                                                                                                    "Heap Fetches": 41,
                                                                                                    "Workers": [
                                                                                                        {
                                                                                                            "Worker Number": 0,
                                                                                                            "Actual Startup Time": 0.016,
                                                                                                            "Actual Total Time": 0.017,
                                                                                                            "Actual Rows": 0,
                                                                                                            "Actual Loops": 21
                                                                                                        },
                                                                                                        {
                                                                                                            "Worker Number": 1,
                                                                                                            "Actual Startup Time": 0.006,
                                                                                                            "Actual Total Time": 0.006,
                                                                                                            "Actual Rows": 0,
                                                                                                            "Actual Loops": 50
                                                                                                        },
                                                                                                        {
                                                                                                            "Worker Number": 2,
                                                                                                            "Actual Startup Time": 0.005,
                                                                                                            "Actual Total Time": 0.006,
                                                                                                            "Actual Rows": 0,
                                                                                                            "Actual Loops": 50
                                                                                                        },
                                                                                                        {
                                                                                                            "Worker Number": 3,
                                                                                                            "Actual Startup Time": 0.009,
                                                                                                            "Actual Total Time": 0.01,
                                                                                                            "Actual Rows": 0,
                                                                                                            "Actual Loops": 23
                                                                                                        }
                                                                                                    ]
                                                                                                }
                                                                                            ]
                                                                                        },
                                                                                        {
                                                                                            "Node Type": "Index Scan",
                                                                                            "Parent Relationship": "Inner",
                                                                                            "Parallel Aware": false,
                                                                                            "Scan Direction": "Forward",
                                                                                            "Index Name": "person_id_cast_info",
                                                                                            "Relation Name": "cast_info",
                                                                                            "Schema": "public",
                                                                                            "Alias": "ci",
                                                                                            "Startup Cost": 0.56,
                                                                                            "Total Cost": 13.29,
                                                                                            "Plan Rows": 37,
                                                                                            "Plan Width": 16,
                                                                                            "Actual Startup Time": 0.047,
                                                                                            "Actual Total Time": 0.048,
                                                                                            "Actual Rows": 1,
                                                                                            "Actual Loops": 41,
                                                                                            "Output": [
                                                                                                "ci.id",
                                                                                                "ci.person_id",
                                                                                                "ci.movie_id",
                                                                                                "ci.person_role_id",
                                                                                                "ci.note",
                                                                                                "ci.nr_order",
                                                                                                "ci.role_id"
                                                                                            ],
                                                                                            "Index Cond": "(ci.person_id = an.person_id)",
                                                                                            "Rows Removed by Index Recheck": 0,
                                                                                            "Filter": "(ci.note = ANY ('{(writer),(voice),(producer),\"(as Marvita) (credit only)\"}'::text[]))",
                                                                                            "Rows Removed by Filter": 15,
                                                                                            "Workers": [
                                                                                                {
                                                                                                    "Worker Number": 0,
                                                                                                    "Actual Startup Time": 0.041,
                                                                                                    "Actual Total Time": 0.047,
                                                                                                    "Actual Rows": 0,
                                                                                                    "Actual Loops": 7
                                                                                                },
                                                                                                {
                                                                                                    "Worker Number": 1,
                                                                                                    "Actual Startup Time": 0.035,
                                                                                                    "Actual Total Time": 0.036,
                                                                                                    "Actual Rows": 1,
                                                                                                    "Actual Loops": 11
                                                                                                },
                                                                                                {
                                                                                                    "Worker Number": 2,
                                                                                                    "Actual Startup Time": 0.06,
                                                                                                    "Actual Total Time": 0.062,
                                                                                                    "Actual Rows": 1,
                                                                                                    "Actual Loops": 5
                                                                                                },
                                                                                                {
                                                                                                    "Worker Number": 3,
                                                                                                    "Actual Startup Time": 0.052,
                                                                                                    "Actual Total Time": 0.052,
                                                                                                    "Actual Rows": 0,
                                                                                                    "Actual Loops": 6
                                                                                                }
                                                                                            ]
                                                                                        }
                                                                                    ]
                                                                                },
                                                                                {
                                                                                    "Node Type": "Hash",
                                                                                    "Parent Relationship": "Inner",
                                                                                    "Parallel Aware": false,
                                                                                    "Startup Cost": 1.15,
                                                                                    "Total Cost": 1.15,
                                                                                    "Plan Rows": 1,
                                                                                    "Plan Width": 4,
                                                                                    "Actual Startup Time": 0.057,
                                                                                    "Actual Total Time": 0.059,
                                                                                    "Actual Rows": 1,
                                                                                    "Actual Loops": 5,
                                                                                    "Output": [
                                                                                        "rt.id"
                                                                                    ],
                                                                                    "Hash Buckets": 1024,
                                                                                    "Original Hash Buckets": 1024,
                                                                                    "Hash Batches": 1,
                                                                                    "Original Hash Batches": 1,
                                                                                    "Peak Memory Usage": 9,
                                                                                    "Workers": [
                                                                                        {
                                                                                            "Worker Number": 0,
                                                                                            "Actual Startup Time": 0.067,
                                                                                            "Actual Total Time": 0.069,
                                                                                            "Actual Rows": 1,
                                                                                            "Actual Loops": 1
                                                                                        },
                                                                                        {
                                                                                            "Worker Number": 1,
                                                                                            "Actual Startup Time": 0.078,
                                                                                            "Actual Total Time": 0.079,
                                                                                            "Actual Rows": 1,
                                                                                            "Actual Loops": 1
                                                                                        },
                                                                                        {
                                                                                            "Worker Number": 2,
                                                                                            "Actual Startup Time": 0.058,
                                                                                            "Actual Total Time": 0.06,
                                                                                            "Actual Rows": 1,
                                                                                            "Actual Loops": 1
                                                                                        },
                                                                                        {
                                                                                            "Worker Number": 3,
                                                                                            "Actual Startup Time": 0.059,
                                                                                            "Actual Total Time": 0.06,
                                                                                            "Actual Rows": 1,
                                                                                            "Actual Loops": 1
                                                                                        }
                                                                                    ],
                                                                                    "Plans": [
                                                                                        {
                                                                                            "Node Type": "Seq Scan",
                                                                                            "Parent Relationship": "Outer",
                                                                                            "Parallel Aware": false,
                                                                                            "Relation Name": "role_type",
                                                                                            "Schema": "public",
                                                                                            "Alias": "rt",
                                                                                            "Startup Cost": 0.0,
                                                                                            "Total Cost": 1.15,
                                                                                            "Plan Rows": 1,
                                                                                            "Plan Width": 4,
                                                                                            "Actual Startup Time": 0.044,
                                                                                            "Actual Total Time": 0.046,
                                                                                            "Actual Rows": 1,
                                                                                            "Actual Loops": 5,
                                                                                            "Output": [
                                                                                                "rt.id"
                                                                                            ],
                                                                                            "Filter": "((rt.role)::text = 'actress'::text)",
                                                                                            "Rows Removed by Filter": 11,
                                                                                            "Workers": [
                                                                                                {
                                                                                                    "Worker Number": 0,
                                                                                                    "Actual Startup Time": 0.053,
                                                                                                    "Actual Total Time": 0.055,
                                                                                                    "Actual Rows": 1,
                                                                                                    "Actual Loops": 1
                                                                                                },
                                                                                                {
                                                                                                    "Worker Number": 1,
                                                                                                    "Actual Startup Time": 0.061,
                                                                                                    "Actual Total Time": 0.064,
                                                                                                    "Actual Rows": 1,
                                                                                                    "Actual Loops": 1
                                                                                                },
                                                                                                {
                                                                                                    "Worker Number": 2,
                                                                                                    "Actual Startup Time": 0.045,
                                                                                                    "Actual Total Time": 0.048,
                                                                                                    "Actual Rows": 1,
                                                                                                    "Actual Loops": 1
                                                                                                },
                                                                                                {
                                                                                                    "Worker Number": 3,
                                                                                                    "Actual Startup Time": 0.045,
                                                                                                    "Actual Total Time": 0.048,
                                                                                                    "Actual Rows": 1,
                                                                                                    "Actual Loops": 1
                                                                                                }
                                                                                            ]
                                                                                        }
                                                                                    ]
                                                                                }
                                                                            ]
                                                                        },
                                                                        {
                                                                            "Node Type": "Index Scan",
                                                                            "Parent Relationship": "Inner",
                                                                            "Parallel Aware": false,
                                                                            "Scan Direction": "Forward",
                                                                            "Index Name": "movie_id_movie_companies",
                                                                            "Relation Name": "movie_companies",
                                                                            "Schema": "public",
                                                                            "Alias": "mc",
                                                                            "Startup Cost": 0.43,
                                                                            "Total Cost": 0.58,
                                                                            "Plan Rows": 1,
                                                                            "Plan Width": 8,
                                                                            "Actual Startup Time": 0.038,
                                                                            "Actual Total Time": 0.048,
                                                                            "Actual Rows": 1,
                                                                            "Actual Loops": 12,
                                                                            "Output": [
                                                                                "mc.id",
                                                                                "mc.movie_id",
                                                                                "mc.company_id",
                                                                                "mc.company_type_id",
                                                                                "mc.note"
                                                                            ],
                                                                            "Index Cond": "(mc.movie_id = ci.movie_id)",
                                                                            "Rows Removed by Index Recheck": 0,
                                                                            "Filter": "((mc.note IS NOT NULL) AND ((mc.note ~~ '%(USA)%'::text) OR (mc.note ~~ '%(worldwide)%'::text)))",
                                                                            "Rows Removed by Filter": 8,
                                                                            "Workers": [
                                                                                {
                                                                                    "Worker Number": 0,
                                                                                    "Actual Startup Time": 0.061,
                                                                                    "Actual Total Time": 0.085,
                                                                                    "Actual Rows": 3,
                                                                                    "Actual Loops": 2
                                                                                },
                                                                                {
                                                                                    "Worker Number": 2,
                                                                                    "Actual Startup Time": 0.027,
                                                                                    "Actual Total Time": 0.033,
                                                                                    "Actual Rows": 1,
                                                                                    "Actual Loops": 7
                                                                                },
                                                                                {
                                                                                    "Worker Number": 3,
                                                                                    "Actual Startup Time": 0.048,
                                                                                    "Actual Total Time": 0.056,
                                                                                    "Actual Rows": 1,
                                                                                    "Actual Loops": 3
                                                                                }
                                                                            ]
                                                                        }
                                                                    ]
                                                                },
                                                                {
                                                                    "Node Type": "Index Scan",
                                                                    "Parent Relationship": "Inner",
                                                                    "Parallel Aware": false,
                                                                    "Scan Direction": "Forward",
                                                                    "Index Name": "company_name_pkey",
                                                                    "Relation Name": "company_name",
                                                                    "Schema": "public",
                                                                    "Alias": "cn",
                                                                    "Startup Cost": 0.42,
                                                                    "Total Cost": 0.49,
                                                                    "Plan Rows": 1,
                                                                    "Plan Width": 4,
                                                                    "Actual Startup Time": 0.019,
                                                                    "Actual Total Time": 0.019,
                                                                    "Actual Rows": 1,
                                                                    "Actual Loops": 16,
                                                                    "Output": [
                                                                        "cn.id",
                                                                        "cn.name",
                                                                        "cn.country_code",
                                                                        "cn.imdb_id",
                                                                        "cn.name_pcode_nf",
                                                                        "cn.name_pcode_sf",
                                                                        "cn.md5sum"
                                                                    ],
                                                                    "Index Cond": "(cn.id = mc.company_id)",
                                                                    "Rows Removed by Index Recheck": 0,
                                                                    "Filter": "((cn.country_code)::text = '[us]'::text)",
                                                                    "Rows Removed by Filter": 0,
                                                                    "Workers": [
                                                                        {
                                                                            "Worker Number": 0,
                                                                            "Actual Startup Time": 0.02,
                                                                            "Actual Total Time": 0.02,
                                                                            "Actual Rows": 1,
                                                                            "Actual Loops": 6
                                                                        },
                                                                        {
                                                                            "Worker Number": 2,
                                                                            "Actual Startup Time": 0.012,
                                                                            "Actual Total Time": 0.012,
                                                                            "Actual Rows": 1,
                                                                            "Actual Loops": 7
                                                                        },
                                                                        {
                                                                            "Worker Number": 3,
                                                                            "Actual Startup Time": 0.033,
                                                                            "Actual Total Time": 0.033,
                                                                            "Actual Rows": 1,
                                                                            "Actual Loops": 3
                                                                        }
                                                                    ]
                                                                }
                                                            ]
                                                        }
                                                    ]
                                                },
                                                {
                                                    "Node Type": "Index Only Scan",
                                                    "Parent Relationship": "Inner",
                                                    "Parallel Aware": false,
                                                    "Scan Direction": "Forward",
                                                    "Index Name": "char_name_pkey",
                                                    "Relation Name": "char_name",
                                                    "Schema": "public",
                                                    "Alias": "chn",
                                                    "Startup Cost": 0.43,
                                                    "Total Cost": 0.52,
                                                    "Plan Rows": 1,
                                                    "Plan Width": 4,
                                                    "Actual Startup Time": 0.011,
                                                    "Actual Total Time": 0.011,
                                                    "Actual Rows": 1,
                                                    "Actual Loops": 16,
                                                    "Output": [
                                                        "chn.id"
                                                    ],
                                                    "Index Cond": "(chn.id = ci.person_role_id)",
                                                    "Rows Removed by Index Recheck": 0,
                                                    "Heap Fetches": 16
                                                }
                                            ]
                                        },
                                        {
                                            "Node Type": "Index Scan",
                                            "Parent Relationship": "Inner",
                                            "Parallel Aware": false,
                                            "Scan Direction": "Forward",
                                            "Index Name": "movie_id_movie_info",
                                            "Relation Name": "movie_info",
                                            "Schema": "public",
                                            "Alias": "mi",
                                            "Startup Cost": 0.43,
                                            "Total Cost": 1.68,
                                            "Plan Rows": 1,
                                            "Plan Width": 8,
                                            "Actual Startup Time": 0.069,
                                            "Actual Total Time": 0.077,
                                            "Actual Rows": 0,
                                            "Actual Loops": 16,
                                            "Output": [
                                                "mi.id",
                                                "mi.movie_id",
                                                "mi.info_type_id",
                                                "mi.info",
                                                "mi.note"
                                            ],
                                            "Index Cond": "(mi.movie_id = ci.movie_id)",
                                            "Rows Removed by Index Recheck": 0,
                                            "Filter": "((mi.info IS NOT NULL) AND ((mi.info ~~ 'Japan:%200%'::text) OR (mi.info ~~ 'USA:%200%'::text)))",
                                            "Rows Removed by Filter": 106
                                        }
                                    ]
                                },
                                {
                                    "Node Type": "Index Scan",
                                    "Parent Relationship": "Inner",
                                    "Parallel Aware": false,
                                    "Scan Direction": "Forward",
                                    "Index Name": "info_type_pkey",
                                    "Relation Name": "info_type",
                                    "Schema": "public",
                                    "Alias": "it",
                                    "Startup Cost": 0.14,
                                    "Total Cost": 0.16,
                                    "Plan Rows": 1,
                                    "Plan Width": 4,
                                    "Actual Startup Time": 0.004,
                                    "Actual Total Time": 0.004,
                                    "Actual Rows": 1,
                                    "Actual Loops": 7,
                                    "Output": [
                                        "it.id",
                                        "it.info"
                                    ],
                                    "Index Cond": "(it.id = mi.info_type_id)",
                                    "Rows Removed by Index Recheck": 0,
                                    "Filter": "((it.info)::text = 'release dates'::text)",
                                    "Rows Removed by Filter": 0
                                }
                            ]
                        },
                        {
                            "Node Type": "Index Scan",
                            "Parent Relationship": "Inner",
                            "Parallel Aware": false,
                            "Scan Direction": "Forward",
                            "Index Name": "title_pkey",
                            "Relation Name": "title",
                            "Schema": "public",
                            "Alias": "t",
                            "Startup Cost": 0.43,
                            "Total Cost": 0.52,
                            "Plan Rows": 1,
                            "Plan Width": 21,
                            "Actual Startup Time": 0.024,
                            "Actual Total Time": 0.024,
                            "Actual Rows": 1,
                            "Actual Loops": 7,
                            "Output": [
                                "t.id",
                                "t.title",
                                "t.imdb_index",
                                "t.kind_id",
                                "t.production_year",
                                "t.imdb_id",
                                "t.phonetic_code",
                                "t.episode_of_id",
                                "t.season_nr",
                                "t.episode_nr",
                                "t.series_years",
                                "t.md5sum"
                            ],
                            "Index Cond": "(t.id = ci.movie_id)",
                            "Rows Removed by Index Recheck": 0,
                            "Filter": "((t.production_year >= 1999) AND (t.production_year <= 2010))",
                            "Rows Removed by Filter": 0
                        }
                    ]
                }
            ]
        },
        "Planning Time": 1793.479,
        "Triggers": [],
        "Execution Time": 272.055
    }
]