{
  "Plan": {
    "Node Type": "Aggregate",
    "Strategy": "Plain",
    "Partial Mode": "Finalize",
    "Parallel Aware": false,
    "Startup Cost": 353237.58,
    "Total Cost": 353237.59,
    "Plan Rows": 1,
    "Plan Width": 8,
    "Actual Startup Time": 590.662,
    "Actual Total Time": 605.155,
    "Actual Rows": 1,
    "Actual Loops": 1,
    "Plans": [
      {
        "Node Type": "Gather",
        "Parent Relationship": "Outer",
        "Parallel Aware": false,
        "Startup Cost": 353237.47,
        "Total Cost": 353237.58,
        "Plan Rows": 1,
        "Plan Width": 8,
        "Actual Startup Time": 586.172,
        "Actual Total Time": 605.147,
        "Actual Rows": 2,
        "Actual Loops": 1,
        "Workers Planned": 1,
        "Workers Launched": 1,
        "Single Copy": false,
        "Plans": [
          {
            "Node Type": "Aggregate",
            "Strategy": "Plain",
            "Partial Mode": "Partial",
            "Parent Relationship": "Outer",
            "Parallel Aware": false,
            "Startup Cost": 352237.47,
            "Total Cost": 352237.48,
            "Plan Rows": 1,
            "Plan Width": 8,
            "Actual Startup Time": 578.324,
            "Actual Total Time": 578.327,
            "Actual Rows": 1,
            "Actual Loops": 2,
            "Plans": [
              {
                "Node Type": "Hash Join",
                "Parent Relationship": "Outer",
                "Parallel Aware": true,
                "Join Type": "Inner",
                "Startup Cost": 89622.14,
                "Total Cost": 351767.18,
                "Plan Rows": 188116,
                "Plan Width": 0,
                "Actual Startup Time": 496.303,
                "Actual Total Time": 574.066,
                "Actual Rows": 101278,
                "Actual Loops": 2,
                "Inner Unique": true,
                "Hash Cond": "(ci.movie_id = t.id)",
                "Plans": [
                  {
                    "Node Type": "Bitmap Heap Scan",
                    "Parent Relationship": "Outer",
                    "Parallel Aware": true,
                    "Relation Name": "cast_info",
                    "Alias": "ci",
                    "Startup Cost": 21802.49,
                    "Total Cost": 283253.72,
                    "Plan Rows": 264309,
                    "Plan Width": 4,
                    "Actual Startup Time": 73.655,
                    "Actual Total Time": 96.638,
                    "Actual Rows": 133634,
                    "Actual Loops": 2,
                    "Recheck Cond": "(person_id < 101380)",
                    "Rows Removed by Index Recheck": 0,
                    "Filter": "(role_id > 2)",
                    "Rows Removed by Filter": 362693,
                    "Exact Heap Blocks": 6250,
                    "Lossy Heap Blocks": 0,
                    "Plans": [
                      {
                        "Node Type": "Bitmap Index Scan",
                        "Parent Relationship": "Outer",
                        "Parallel Aware": false,
                        "Index Name": "person_id_cast_info",
                        "Startup Cost": 0.0,
                        "Total Cost": 21690.16,
                        "Plan Rows": 993279,
                        "Plan Width": 0,
                        "Actual Startup Time": 32.093,
                        "Actual Total Time": 32.094,
                        "Actual Rows": 992655,
                        "Actual Loops": 1,
                        "Index Cond": "(person_id < 101380)"
                      }
                    ]
                  },
                  {
                    "Node Type": "Hash",
                    "Parent Relationship": "Inner",
                    "Parallel Aware": true,
                    "Startup Cost": 54588.39,
                    "Total Cost": 54588.39,
                    "Plan Rows": 1058501,
                    "Plan Width": 4,
                    "Actual Startup Time": 407.899,
                    "Actual Total Time": 407.899,
                    "Actual Rows": 896692,
                    "Actual Loops": 2,
                    "Hash Buckets": 2097152,
                    "Original Hash Buckets": 2097152,
                    "Hash Batches": 1,
                    "Original Hash Batches": 1,
                    "Peak Memory Usage": 86592,
                    "Plans": [
                      {
                        "Node Type": "Seq Scan",
                        "Parent Relationship": "Outer",
                        "Parallel Aware": true,
                        "Relation Name": "title",
                        "Alias": "t",
                        "Startup Cost": 0.0,
                        "Total Cost": 54588.39,
                        "Plan Rows": 1058501,
                        "Plan Width": 4,
                        "Actual Startup Time": 0.046,
                        "Actual Total Time": 175.317,
                        "Actual Rows": 896692,
                        "Actual Loops": 2,
                        "Filter": "(production_year > 1988)",
                        "Rows Removed by Filter": 367464
                      }
                    ]
                  }
                ]
              }
            ]
          }
        ]
      }
    ]
  },
  "Planning Time": 0.669,
  "Triggers": [],
  "Execution Time": 605.242
}