{
  "Plan": {
    "Node Type": "Aggregate",
    "Strategy": "Plain",
    "Partial Mode": "Simple",
    "Parallel Aware": false,
    "Startup Cost": 94170.88,
    "Total Cost": 94170.89,
    "Plan Rows": 1,
    "Plan Width": 8,
    "Actual Startup Time": 860.747,
    "Actual Total Time": 860.75,
    "Actual Rows": 1,
    "Actual Loops": 1,
    "Plans": [
      {
        "Node Type": "Nested Loop",
        "Parent Relationship": "Outer",
        "Parallel Aware": false,
        "Join Type": "Inner",
        "Startup Cost": 92885.59,
        "Total Cost": 94169.94,
        "Plan Rows": 379,
        "Plan Width": 0,
        "Actual Startup Time": 860.527,
        "Actual Total Time": 860.742,
        "Actual Rows": 52,
        "Actual Loops": 1,
        "Inner Unique": false,
        "Plans": [
          {
            "Node Type": "Hash Join",
            "Parent Relationship": "Outer",
            "Parallel Aware": false,
            "Join Type": "Inner",
            "Startup Cost": 92885.16,
            "Total Cost": 93945.23,
            "Plan Rows": 367,
            "Plan Width": 8,
            "Actual Startup Time": 860.503,
            "Actual Total Time": 860.563,
            "Actual Rows": 18,
            "Actual Loops": 1,
            "Inner Unique": true,
            "Hash Cond": "(ci.movie_id = t.id)",
            "Plans": [
              {
                "Node Type": "Index Scan",
                "Parent Relationship": "Outer",
                "Parallel Aware": false,
                "Scan Direction": "Forward",
                "Index Name": "person_id_cast_info",
                "Relation Name": "cast_info",
                "Alias": "ci",
                "Startup Cost": 0.56,
                "Total Cost": 1059.67,
                "Plan Rows": 367,
                "Plan Width": 4,
                "Actual Startup Time": 0.11,
                "Actual Total Time": 0.155,
                "Actual Rows": 18,
                "Actual Loops": 1,
                "Index Cond": "(person_id = 1020490)",
                "Rows Removed by Index Recheck": 0,
                "Filter": "(role_id < 5)",
                "Rows Removed by Filter": 295
              },
              {
                "Node Type": "Hash",
                "Parent Relationship": "Inner",
                "Parallel Aware": false,
                "Startup Cost": 61280.93,
                "Total Cost": 61280.93,
                "Plan Rows": 2528293,
                "Plan Width": 4,
                "Actual Startup Time": 825.851,
                "Actual Total Time": 825.852,
                "Actual Rows": 2528312,
                "Actual Loops": 1,
                "Hash Buckets": 4194304,
                "Original Hash Buckets": 4194304,
                "Hash Batches": 1,
                "Original Hash Batches": 1,
                "Peak Memory Usage": 121654,
                "Plans": [
                  {
                    "Node Type": "Seq Scan",
                    "Parent Relationship": "Outer",
                    "Parallel Aware": false,
                    "Relation Name": "title",
                    "Alias": "t",
                    "Startup Cost": 0.0,
                    "Total Cost": 61280.93,
                    "Plan Rows": 2528293,
                    "Plan Width": 4,
                    "Actual Startup Time": 0.016,
                    "Actual Total Time": 252.289,
                    "Actual Rows": 2528312,
                    "Actual Loops": 1
                  }
                ]
              }
            ]
          },
          {
            "Node Type": "Index Only Scan",
            "Parent Relationship": "Inner",
            "Parallel Aware": false,
            "Scan Direction": "Forward",
            "Index Name": "movie_id_movie_companies",
            "Relation Name": "movie_companies",
            "Alias": "mc",
            "Startup Cost": 0.43,
            "Total Cost": 0.56,
            "Plan Rows": 5,
            "Plan Width": 4,
            "Actual Startup Time": 0.008,
            "Actual Total Time": 0.009,
            "Actual Rows": 3,
            "Actual Loops": 18,
            "Index Cond": "(movie_id = t.id)",
            "Rows Removed by Index Recheck": 0,
            "Heap Fetches": 52
          }
        ]
      }
    ]
  },
  "Planning Time": 1.089,
  "Triggers": [],
  "Execution Time": 864.117
}