[
  {
    "Plan": {
      "Node Type": "Aggregate",
      "Strategy": "Plain",
      "Partial Mode": "Finalize",
      "Parallel Aware": false,
      "Startup Cost": 335200.73,
      "Total Cost": 335200.74,
      "Plan Rows": 1,
      "Plan Width": 8,
      "Actual Startup Time": 673.751,
      "Actual Total Time": 715.67,
      "Actual Rows": 1,
      "Actual Loops": 1,
      "Plans": [
        {
          "Node Type": "Gather",
          "Parent Relationship": "Outer",
          "Parallel Aware": false,
          "Startup Cost": 335200.1,
          "Total Cost": 335200.71,
          "Plan Rows": 6,
          "Plan Width": 8,
          "Actual Startup Time": 673.52,
          "Actual Total Time": 715.656,
          "Actual Rows": 7,
          "Actual Loops": 1,
          "Workers Planned": 6,
          "Workers Launched": 6,
          "Single Copy": false,
          "Plans": [
            {
              "Node Type": "Aggregate",
              "Strategy": "Plain",
              "Partial Mode": "Partial",
              "Parent Relationship": "Outer",
              "Parallel Aware": false,
              "Startup Cost": 334200.1,
              "Total Cost": 334200.11,
              "Plan Rows": 1,
              "Plan Width": 8,
              "Actual Startup Time": 666.345,
              "Actual Total Time": 666.346,
              "Actual Rows": 1,
              "Actual Loops": 7,
              "Plans": [
                {
                  "Node Type": "Seq Scan",
                  "Parent Relationship": "Outer",
                  "Parallel Aware": true,
                  "Relation Name": "cast_info",
                  "Alias": "ci",
                  "Startup Cost": 0.0,
                  "Total Cost": 328211.39,
                  "Plan Rows": 2395485,
                  "Plan Width": 0,
                  "Actual Startup Time": 241.265,
                  "Actual Total Time": 569.633,
                  "Actual Rows": 2012954,
                  "Actual Loops": 7,
                  "Filter": "(person_id > 2256600)",
                  "Rows Removed by Filter": 3164810
                }
              ]
            }
          ]
        }
      ]
    },
    "Planning Time": 0.198,
    "Triggers": [],
    "Execution Time": 715.74
  }
]