[
    {
        "Bao": {
            "Bao prediction": "NaN",
            "Bao recommended hint": "(no hint)"
        }
    },
    {
        "Plan": {
            "Node Type": "Aggregate",
            "Strategy": "Plain",
            "Partial Mode": "Finalize",
            "Parallel Aware": false,
            "Startup Cost": 30802.75,
            "Total Cost": 30802.76,
            "Plan Rows": 1,
            "Plan Width": 8,
            "Actual Startup Time": 83.7,
            "Actual Total Time": 89.171,
            "Actual Rows": 1,
            "Actual Loops": 1,
            "Output": [
                "count(*)"
            ],
            "Plans": [
                {
                    "Node Type": "Gather",
                    "Parent Relationship": "Outer",
                    "Parallel Aware": false,
                    "Startup Cost": 30802.43,
                    "Total Cost": 30802.74,
                    "Plan Rows": 3,
                    "Plan Width": 8,
                    "Actual Startup Time": 83.365,
                    "Actual Total Time": 89.163,
                    "Actual Rows": 4,
                    "Actual Loops": 1,
                    "Output": [
                        "(PARTIAL count(*))"
                    ],
                    "Workers Planned": 3,
                    "Workers Launched": 3,
                    "Single Copy": false,
                    "Plans": [
                        {
                            "Node Type": "Aggregate",
                            "Strategy": "Plain",
                            "Partial Mode": "Partial",
                            "Parent Relationship": "Outer",
                            "Parallel Aware": false,
                            "Startup Cost": 29802.43,
                            "Total Cost": 29802.44,
                            "Plan Rows": 1,
                            "Plan Width": 8,
                            "Actual Startup Time": 74.765,
                            "Actual Total Time": 74.766,
                            "Actual Rows": 1,
                            "Actual Loops": 4,
                            "Output": [
                                "PARTIAL count(*)"
                            ],
                            "Workers": [
                                {
                                    "Worker Number": 0,
                                    "Actual Startup Time": 71.789,
                                    "Actual Total Time": 71.79,
                                    "Actual Rows": 1,
                                    "Actual Loops": 1
                                },
                                {
                                    "Worker Number": 1,
                                    "Actual Startup Time": 71.924,
                                    "Actual Total Time": 71.925,
                                    "Actual Rows": 1,
                                    "Actual Loops": 1
                                },
                                {
                                    "Worker Number": 2,
                                    "Actual Startup Time": 72.299,
                                    "Actual Total Time": 72.302,
                                    "Actual Rows": 1,
                                    "Actual Loops": 1
                                }
                            ],
                            "Plans": [
                                {
                                    "Node Type": "Bitmap Heap Scan",
                                    "Parent Relationship": "Outer",
                                    "Parallel Aware": true,
                                    "Relation Name": "movie_keyword",
                                    "Schema": "public",
                                    "Alias": "mk",
                                    "Startup Cost": 4355.22,
                                    "Total Cost": 29636.89,
                                    "Plan Rows": 66214,
                                    "Plan Width": 0,
                                    "Actual Startup Time": 17.875,
                                    "Actual Total Time": 71.184,
                                    "Actual Rows": 50960,
                                    "Actual Loops": 4,
                                    "Recheck Cond": "(mk.keyword_id > 67854)",
                                    "Rows Removed by Index Recheck": 0,
                                    "Exact Heap Blocks": 11395,
                                    "Lossy Heap Blocks": 0,
                                    "Workers": [
                                        {
                                            "Worker Number": 0,
                                            "Actual Startup Time": 15.014,
                                            "Actual Total Time": 68.809,
                                            "Actual Rows": 27211,
                                            "Actual Loops": 1
                                        },
                                        {
                                            "Worker Number": 1,
                                            "Actual Startup Time": 15.205,
                                            "Actual Total Time": 68.963,
                                            "Actual Rows": 33970,
                                            "Actual Loops": 1
                                        },
                                        {
                                            "Worker Number": 2,
                                            "Actual Startup Time": 15.42,
                                            "Actual Total Time": 69.253,
                                            "Actual Rows": 28258,
                                            "Actual Loops": 1
                                        }
                                    ],
                                    "Plans": [
                                        {
                                            "Node Type": "Bitmap Index Scan",
                                            "Parent Relationship": "Outer",
                                            "Parallel Aware": false,
                                            "Index Name": "keyword_id_movie_keyword",
                                            "Startup Cost": 0.0,
                                            "Total Cost": 4303.9,
                                            "Plan Rows": 205263,
                                            "Plan Width": 0,
                                            "Actual Startup Time": 22.262,
                                            "Actual Total Time": 22.263,
                                            "Actual Rows": 203840,
                                            "Actual Loops": 1,
                                            "Index Cond": "(mk.keyword_id > 67854)"
                                        }
                                    ]
                                }
                            ]
                        }
                    ]
                }
            ]
        },
        "Planning Time": 191.616,
        "Triggers": [],
        "Execution Time": 89.251
    }
]