[
  {
    "Plan": {
      "Node Type": "Aggregate",
      "Strategy": "Plain",
      "Partial Mode": "Finalize",
      "Parallel Aware": false,
      "Startup Cost": 331946.68,
      "Total Cost": 331946.69,
      "Plan Rows": 1,
      "Plan Width": 8,
      "Actual Startup Time": 646.235,
      "Actual Total Time": 731.544,
      "Actual Rows": 1,
      "Actual Loops": 1,
      "Plans": [
        {
          "Node Type": "Gather",
          "Parent Relationship": "Outer",
          "Parallel Aware": false,
          "Startup Cost": 331946.06,
          "Total Cost": 331946.67,
          "Plan Rows": 6,
          "Plan Width": 8,
          "Actual Startup Time": 646.1,
          "Actual Total Time": 731.532,
          "Actual Rows": 7,
          "Actual Loops": 1,
          "Workers Planned": 6,
          "Workers Launched": 6,
          "Single Copy": false,
          "Plans": [
            {
              "Node Type": "Aggregate",
              "Strategy": "Plain",
              "Partial Mode": "Partial",
              "Parent Relationship": "Outer",
              "Parallel Aware": false,
              "Startup Cost": 330946.06,
              "Total Cost": 330946.07,
              "Plan Rows": 1,
              "Plan Width": 8,
              "Actual Startup Time": 638.139,
              "Actual Total Time": 638.14,
              "Actual Rows": 1,
              "Actual Loops": 7,
              "Plans": [
                {
                  "Node Type": "Seq Scan",
                  "Parent Relationship": "Outer",
                  "Parallel Aware": true,
                  "Relation Name": "cast_info",
                  "Alias": "ci",
                  "Startup Cost": 0.0,
                  "Total Cost": 328162.03,
                  "Plan Rows": 1113613,
                  "Plan Width": 0,
                  "Actual Startup Time": 0.041,
                  "Actual Total Time": 585.739,
                  "Actual Rows": 983122,
                  "Actual Loops": 7,
                  "Filter": "(person_id < 664813)",
                  "Rows Removed by Filter": 4194642
                }
              ]
            }
          ]
        }
      ]
    },
    "Planning Time": 0.161,
    "Triggers": [],
    "Execution Time": 731.608
  }
]