{
  "Plan": {
    "Node Type": "Aggregate",
    "Strategy": "Plain",
    "Partial Mode": "Simple",
    "Parallel Aware": false,
    "Startup Cost": 2867213.37,
    "Total Cost": 2867213.38,
    "Plan Rows": 1,
    "Plan Width": 32,
    "Actual Startup Time": 32136.626,
    "Actual Total Time": 32136.637,
    "Actual Rows": 1,
    "Actual Loops": 1,
    "Plans": [
      {
        "Node Type": "Merge Join",
        "Parent Relationship": "Outer",
        "Parallel Aware": false,
        "Join Type": "Inner",
        "Startup Cost": 2854750.9,
        "Total Cost": 2867213.18,
        "Plan Rows": 76,
        "Plan Width": 15,
        "Actual Startup Time": 31751.715,
        "Actual Total Time": 32077.075,
        "Actual Rows": 1113120,
        "Actual Loops": 1,
        "Inner Unique": false,
        "Merge Cond": "(cn.id = mc.company_id)",
        "Plans": [
          {
            "Node Type": "Index Only Scan",
            "Parent Relationship": "Outer",
            "Parallel Aware": false,
            "Scan Direction": "Forward",
            "Index Name": "company_name_pkey",
            "Relation Name": "company_name",
            "Alias": "cn",
            "Startup Cost": 0.42,
            "Total Cost": 11881.93,
            "Plan Rows": 234997,
            "Plan Width": 4,
            "Actual Startup Time": 0.031,
            "Actual Total Time": 110.91,
            "Actual Rows": 234934,
            "Actual Loops": 1,
            "Heap Fetches": 234934
          },
          {
            "Node Type": "Sort",
            "Parent Relationship": "Inner",
            "Parallel Aware": false,
            "Startup Cost": 2854750.47,
            "Total Cost": 2854750.66,
            "Plan Rows": 76,
            "Plan Width": 19,
            "Actual Startup Time": 31751.675,
            "Actual Total Time": 31840.615,
            "Actual Rows": 1113120,
            "Actual Loops": 1,
            "Sort Key": [
              "mc.company_id"
            ],
            "Sort Method": "quicksort",
            "Sort Space Used": 131201,
            "Sort Space Type": "Memory",
            "Plans": [
              {
                "Node Type": "Merge Join",
                "Parent Relationship": "Outer",
                "Parallel Aware": false,
                "Join Type": "Inner",
                "Startup Cost": 2707819.8,
                "Total Cost": 2854748.09,
                "Plan Rows": 76,
                "Plan Width": 19,
                "Actual Startup Time": 30565.22,
                "Actual Total Time": 31455.82,
                "Actual Rows": 1113120,
                "Actual Loops": 1,
                "Inner Unique": false,
                "Merge Cond": "(mc.movie_id = t.id)",
                "Plans": [
                  {
                    "Node Type": "Index Scan",
                    "Parent Relationship": "Outer",
                    "Parallel Aware": false,
                    "Scan Direction": "Forward",
                    "Index Name": "movie_id_movie_companies",
                    "Relation Name": "movie_companies",
                    "Alias": "mc",
                    "Startup Cost": 0.43,
                    "Total Cost": 140404.76,
                    "Plan Rows": 2609129,
                    "Plan Width": 8,
                    "Actual Startup Time": 0.015,
                    "Actual Total Time": 531.772,
                    "Actual Rows": 2609129,
                    "Actual Loops": 1
                  },
                  {
                    "Node Type": "Sort",
                    "Parent Relationship": "Inner",
                    "Parallel Aware": false,
                    "Startup Cost": 2707819.37,
                    "Total Cost": 2707819.55,
                    "Plan Rows": 74,
                    "Plan Width": 27,
                    "Actual Startup Time": 30564.931,
                    "Actual Total Time": 30634.853,
                    "Actual Rows": 1121977,
                    "Actual Loops": 1,
                    "Sort Key": [
                      "mk.movie_id"
                    ],
                    "Sort Method": "quicksort",
                    "Sort Space Used": 17857,
                    "Sort Space Type": "Memory",
                    "Plans": [
                      {
                        "Node Type": "Merge Join",
                        "Parent Relationship": "Outer",
                        "Parallel Aware": false,
                        "Join Type": "Inner",
                        "Startup Cost": 2522516.99,
                        "Total Cost": 2707817.07,
                        "Plan Rows": 74,
                        "Plan Width": 27,
                        "Actual Startup Time": 28806.862,
                        "Actual Total Time": 30526.485,
                        "Actual Rows": 149494,
                        "Actual Loops": 1,
                        "Inner Unique": false,
                        "Merge Cond": "(n.id = ci.person_id)",
                        "Plans": [
                          {
                            "Node Type": "Index Scan",
                            "Parent Relationship": "Outer",
                            "Parallel Aware": false,
                            "Scan Direction": "Forward",
                            "Index Name": "name_pkey",
                            "Relation Name": "name",
                            "Alias": "n",
                            "Startup Cost": 0.43,
                            "Total Cost": 188589.67,
                            "Plan Rows": 631421,
                            "Plan Width": 19,
                            "Actual Startup Time": 0.036,
                            "Actual Total Time": 1419.332,
                            "Actual Rows": 522512,
                            "Actual Loops": 1,
                            "Filter": "(name ~~ '%B%'::text)",
                            "Rows Removed by Filter": 3539430
                          },
                          {
                            "Node Type": "Sort",
                            "Parent Relationship": "Inner",
                            "Parallel Aware": false,
                            "Startup Cost": 2522516.56,
                            "Total Cost": 2522517.78,
                            "Plan Rows": 488,
                            "Plan Width": 16,
                            "Actual Startup Time": 28806.771,
                            "Actual Total Time": 28975.073,
                            "Actual Rows": 1038393,
                            "Actual Loops": 1,
                            "Sort Key": [
                              "ci.person_id"
                            ],
                            "Sort Method": "quicksort",
                            "Sort Space Used": 73251,
                            "Sort Space Type": "Memory",
                            "Plans": [
                              {
                                "Node Type": "Merge Join",
                                "Parent Relationship": "Outer",
                                "Parallel Aware": false,
                                "Join Type": "Inner",
                                "Startup Cost": 240502.06,
                                "Total Cost": 2522494.77,
                                "Plan Rows": 488,
                                "Plan Width": 16,
                                "Actual Startup Time": 143.425,
                                "Actual Total Time": 28555.414,
                                "Actual Rows": 1038393,
                                "Actual Loops": 1,
                                "Inner Unique": false,
                                "Merge Cond": "(t.id = ci.movie_id)",
                                "Plans": [
                                  {
                                    "Node Type": "Merge Join",
                                    "Parent Relationship": "Outer",
                                    "Parallel Aware": false,
                                    "Join Type": "Inner",
                                    "Startup Cost": 240501.5,
                                    "Total Cost": 357042.78,
                                    "Plan Rows": 34,
                                    "Plan Width": 8,
                                    "Actual Startup Time": 140.797,
                                    "Actual Total Time": 1815.622,
                                    "Actual Rows": 41840,
                                    "Actual Loops": 1,
                                    "Inner Unique": false,
                                    "Merge Cond": "(t.id = mk.movie_id)",
                                    "Plans": [
                                      {
                                        "Node Type": "Index Only Scan",
                                        "Parent Relationship": "Outer",
                                        "Parallel Aware": false,
                                        "Scan Direction": "Forward",
                                        "Index Name": "title_pkey",
                                        "Relation Name": "title",
                                        "Alias": "t",
                                        "Startup Cost": 0.43,
                                        "Total Cost": 110359.06,
                                        "Plan Rows": 2528509,
                                        "Plan Width": 4,
                                        "Actual Startup Time": 0.053,
                                        "Actual Total Time": 1538.267,
                                        "Actual Rows": 2525772,
                                        "Actual Loops": 1,
                                        "Heap Fetches": 2525772
                                      },
                                      {
                                        "Node Type": "Sort",
                                        "Parent Relationship": "Inner",
                                        "Parallel Aware": false,
                                        "Startup Cost": 240487.87,
                                        "Total Cost": 240487.95,
                                        "Plan Rows": 34,
                                        "Plan Width": 4,
                                        "Actual Startup Time": 140.316,
                                        "Actual Total Time": 146.911,
                                        "Actual Rows": 41840,
                                        "Actual Loops": 1,
                                        "Sort Key": [
                                          "mk.movie_id"
                                        ],
                                        "Sort Method": "quicksort",
                                        "Sort Space Used": 3498,
                                        "Sort Space Type": "Memory",
                                        "Plans": [
                                          {
                                            "Node Type": "Merge Join",
                                            "Parent Relationship": "Outer",
                                            "Parallel Aware": false,
                                            "Join Type": "Inner",
                                            "Startup Cost": 3468.34,
                                            "Total Cost": 240487.0,
                                            "Plan Rows": 34,
                                            "Plan Width": 4,
                                            "Actual Startup Time": 114.843,
                                            "Actual Total Time": 134.33,
                                            "Actual Rows": 41840,
                                            "Actual Loops": 1,
                                            "Inner Unique": true,
                                            "Merge Cond": "(mk.keyword_id = k.id)",
                                            "Plans": [
                                              {
                                                "Node Type": "Index Scan",
                                                "Parent Relationship": "Outer",
                                                "Parallel Aware": false,
                                                "Scan Direction": "Forward",
                                                "Index Name": "keyword_id_movie_keyword",
                                                "Relation Name": "movie_keyword",
                                                "Alias": "mk",
                                                "Startup Cost": 0.43,
                                                "Total Cost": 226550.7,
                                                "Plan Rows": 4523930,
                                                "Plan Width": 8,
                                                "Actual Startup Time": 0.018,
                                                "Actual Total Time": 97.317,
                                                "Actual Rows": 163762,
                                                "Actual Loops": 1
                                              },
                                              {
                                                "Node Type": "Sort",
                                                "Parent Relationship": "Inner",
                                                "Parallel Aware": false,
                                                "Startup Cost": 2626.14,
                                                "Total Cost": 2626.14,
                                                "Plan Rows": 1,
                                                "Plan Width": 4,
                                                "Actual Startup Time": 24.053,
                                                "Actual Total Time": 24.054,
                                                "Actual Rows": 1,
                                                "Actual Loops": 1,
                                                "Sort Key": [
                                                  "k.id"
                                                ],
                                                "Sort Method": "quicksort",
                                                "Sort Space Used": 25,
                                                "Sort Space Type": "Memory",
                                                "Plans": [
                                                  {
                                                    "Node Type": "Seq Scan",
                                                    "Parent Relationship": "Outer",
                                                    "Parallel Aware": false,
                                                    "Relation Name": "keyword",
                                                    "Alias": "k",
                                                    "Startup Cost": 0.0,
                                                    "Total Cost": 2626.12,
                                                    "Plan Rows": 1,
                                                    "Plan Width": 4,
                                                    "Actual Startup Time": 1.317,
                                                    "Actual Total Time": 24.045,
                                                    "Actual Rows": 1,
                                                    "Actual Loops": 1,
                                                    "Filter": "(keyword = 'character-name-in-title'::text)",
                                                    "Rows Removed by Filter": 134169
                                                  }
                                                ]
                                              }
                                            ]
                                          }
                                        ]
                                      }
                                    ]
                                  },
                                  {
                                    "Node Type": "Index Scan",
                                    "Parent Relationship": "Inner",
                                    "Parallel Aware": false,
                                    "Scan Direction": "Forward",
                                    "Index Name": "movie_id_cast_info",
                                    "Relation Name": "cast_info",
                                    "Alias": "ci",
                                    "Startup Cost": 0.56,
                                    "Total Cost": 2074802.47,
                                    "Plan Rows": 36257824,
                                    "Plan Width": 8,
                                    "Actual Startup Time": 0.017,
                                    "Actual Total Time": 24319.135,
                                    "Actual Rows": 36243485,
                                    "Actual Loops": 1
                                  }
                                ]
                              }
                            ]
                          }
                        ]
                      }
                    ]
                  }
                ]
              }
            ]
          }
        ]
      }
    ]
  },
  "Planning Time": 2.538,
  "Triggers": [],
  "Execution Time": 32145.83
}