[
  {
    "Plan": {
      "Node Type": "Aggregate",
      "Strategy": "Plain",
      "Partial Mode": "Finalize",
      "Parallel Aware": false,
      "Startup Cost": 242677.46,
      "Total Cost": 242677.47,
      "Plan Rows": 1,
      "Plan Width": 8,
      "Actual Startup Time": 589.457,
      "Actual Total Time": 605.905,
      "Actual Rows": 1,
      "Actual Loops": 1,
      "Plans": [
        {
          "Node Type": "Gather",
          "Parent Relationship": "Outer",
          "Parallel Aware": false,
          "Startup Cost": 242677.24,
          "Total Cost": 242677.45,
          "Plan Rows": 2,
          "Plan Width": 8,
          "Actual Startup Time": 582.801,
          "Actual Total Time": 605.896,
          "Actual Rows": 3,
          "Actual Loops": 1,
          "Workers Planned": 2,
          "Workers Launched": 2,
          "Single Copy": false,
          "Plans": [
            {
              "Node Type": "Aggregate",
              "Strategy": "Plain",
              "Partial Mode": "Partial",
              "Parent Relationship": "Outer",
              "Parallel Aware": false,
              "Startup Cost": 241677.24,
              "Total Cost": 241677.25,
              "Plan Rows": 1,
              "Plan Width": 8,
              "Actual Startup Time": 577.572,
              "Actual Total Time": 577.578,
              "Actual Rows": 1,
              "Actual Loops": 3,
              "Plans": [
                {
                  "Node Type": "Hash Join",
                  "Parent Relationship": "Outer",
                  "Parallel Aware": true,
                  "Join Type": "Inner",
                  "Startup Cost": 225503.12,
                  "Total Cost": 241492.43,
                  "Plan Rows": 73927,
                  "Plan Width": 0,
                  "Actual Startup Time": 467.037,
                  "Actual Total Time": 573.611,
                  "Actual Rows": 69290,
                  "Actual Loops": 3,
                  "Inner Unique": false,
                  "Hash Cond": "(mi_idx.movie_id = t.id)",
                  "Plans": [
                    {
                      "Node Type": "Seq Scan",
                      "Parent Relationship": "Outer",
                      "Parallel Aware": true,
                      "Relation Name": "movie_info_idx",
                      "Alias": "mi_idx",
                      "Startup Cost": 0.0,
                      "Total Cost": 13685.15,
                      "Plan Rows": 575015,
                      "Plan Width": 4,
                      "Actual Startup Time": 0.018,
                      "Actual Total Time": 46.118,
                      "Actual Rows": 460012,
                      "Actual Loops": 3
                    },
                    {
                      "Node Type": "Hash",
                      "Parent Relationship": "Inner",
                      "Parallel Aware": true,
                      "Startup Cost": 224690.46,
                      "Total Cost": 224690.46,
                      "Plan Rows": 65013,
                      "Plan Width": 8,
                      "Actual Startup Time": 462.722,
                      "Actual Total Time": 462.727,
                      "Actual Rows": 45247,
                      "Actual Loops": 3,
                      "Hash Buckets": 524288,
                      "Original Hash Buckets": 524288,
                      "Hash Batches": 1,
                      "Original Hash Batches": 1,
                      "Peak Memory Usage": 9440,
                      "Plans": [
                        {
                          "Node Type": "Hash Join",
                          "Parent Relationship": "Outer",
                          "Parallel Aware": true,
                          "Join Type": "Inner",
                          "Startup Cost": 60823.24,
                          "Total Cost": 224690.46,
                          "Plan Rows": 65013,
                          "Plan Width": 8,
                          "Actual Startup Time": 341.673,
                          "Actual Total Time": 439.728,
                          "Actual Rows": 45247,
                          "Actual Loops": 3,
                          "Inner Unique": true,
                          "Hash Cond": "(mi.movie_id = t.id)",
                          "Plans": [
                            {
                              "Node Type": "Bitmap Heap Scan",
                              "Parent Relationship": "Outer",
                              "Parallel Aware": true,
                              "Relation Name": "movie_info",
                              "Alias": "mi",
                              "Startup Cost": 11198.16,
                              "Total Cost": 174740.1,
                              "Plan Rows": 123915,
                              "Plan Width": 4,
                              "Actual Startup Time": 29.987,
                              "Actual Total Time": 60.456,
                              "Actual Rows": 220308,
                              "Actual Loops": 3,
                              "Recheck Cond": "(info_type_id = 18)",
                              "Rows Removed by Index Recheck": 0,
                              "Exact Heap Blocks": 2501,
                              "Lossy Heap Blocks": 0,
                              "Plans": [
                                {
                                  "Node Type": "Bitmap Index Scan",
                                  "Parent Relationship": "Outer",
                                  "Parallel Aware": false,
                                  "Index Name": "info_type_id_movie_info",
                                  "Startup Cost": 0.0,
                                  "Total Cost": 11043.26,
                                  "Plan Rows": 619577,
                                  "Plan Width": 0,
                                  "Actual Startup Time": 29.037,
                                  "Actual Total Time": 29.037,
                                  "Actual Rows": 660923,
                                  "Actual Loops": 1,
                                  "Index Cond": "(info_type_id = 18)"
                                }
                              ]
                            },
                            {
                              "Node Type": "Hash",
                              "Parent Relationship": "Inner",
                              "Parallel Aware": true,
                              "Startup Cost": 45479.59,
                              "Total Cost": 45479.59,
                              "Plan Rows": 331640,
                              "Plan Width": 4,
                              "Actual Startup Time": 303.589,
                              "Actual Total Time": 303.59,
                              "Actual Rows": 466449,
                              "Actual Loops": 3,
                              "Hash Buckets": 2097152,
                              "Original Hash Buckets": 2097152,
                              "Hash Batches": 1,
                              "Original Hash Batches": 1,
                              "Peak Memory Usage": 71200,
                              "Plans": [
                                {
                                  "Node Type": "Seq Scan",
                                  "Parent Relationship": "Outer",
                                  "Parallel Aware": true,
                                  "Relation Name": "title",
                                  "Alias": "t",
                                  "Startup Cost": 0.0,
                                  "Total Cost": 45479.59,
                                  "Plan Rows": 331640,
                                  "Plan Width": 4,
                                  "Actual Startup Time": 0.045,
                                  "Actual Total Time": 134.061,
                                  "Actual Rows": 466449,
                                  "Actual Loops": 3,
                                  "Filter": "((production_year > 1964) AND (kind_id = 7))",
                                  "Rows Removed by Filter": 376321
                                }
                              ]
                            }
                          ]
                        }
                      ]
                    }
                  ]
                }
              ]
            }
          ]
        }
      ]
    },
    "Planning Time": 1.469,
    "Triggers": [],
    "Execution Time": 606.018
  }
]