{
  "Plan": {
    "Node Type": "Aggregate",
    "Strategy": "Plain",
    "Partial Mode": "Finalize",
    "Parallel Aware": false,
    "Startup Cost": 149487.76,
    "Total Cost": 149487.77,
    "Plan Rows": 1,
    "Plan Width": 64,
    "Actual Startup Time": 1219.945,
    "Actual Total Time": 1238.206,
    "Actual Rows": 1,
    "Actual Loops": 1,
    "Plans": [
      {
        "Node Type": "Gather",
        "Parent Relationship": "Outer",
        "Parallel Aware": false,
        "Startup Cost": 149487.65,
        "Total Cost": 149487.76,
        "Plan Rows": 1,
        "Plan Width": 64,
        "Actual Startup Time": 1215.589,
        "Actual Total Time": 1238.195,
        "Actual Rows": 2,
        "Actual Loops": 1,
        "Workers Planned": 1,
        "Workers Launched": 1,
        "Single Copy": false,
        "Plans": [
          {
            "Node Type": "Aggregate",
            "Strategy": "Plain",
            "Partial Mode": "Partial",
            "Parent Relationship": "Outer",
            "Parallel Aware": false,
            "Startup Cost": 148487.65,
            "Total Cost": 148487.66,
            "Plan Rows": 1,
            "Plan Width": 64,
            "Actual Startup Time": 1210.245,
            "Actual Total Time": 1210.251,
            "Actual Rows": 1,
            "Actual Loops": 2,
            "Plans": [
              {
                "Node Type": "Hash Join",
                "Parent Relationship": "Outer",
                "Parallel Aware": true,
                "Join Type": "Inner",
                "Startup Cost": 83743.92,
                "Total Cost": 146788.05,
                "Plan Rows": 339919,
                "Plan Width": 23,
                "Actual Startup Time": 648.18,
                "Actual Total Time": 1141.032,
                "Actual Rows": 748668,
                "Actual Loops": 2,
                "Inner Unique": false,
                "Hash Cond": "(mk.movie_id = t.id)",
                "Plans": [
                  {
                    "Node Type": "Seq Scan",
                    "Parent Relationship": "Outer",
                    "Parallel Aware": true,
                    "Relation Name": "movie_keyword",
                    "Alias": "mk",
                    "Startup Cost": 0.0,
                    "Total Cost": 51065.35,
                    "Plan Rows": 2661135,
                    "Plan Width": 4,
                    "Actual Startup Time": 0.018,
                    "Actual Total Time": 186.325,
                    "Actual Rows": 2261965,
                    "Actual Loops": 2
                  },
                  {
                    "Node Type": "Hash",
                    "Parent Relationship": "Inner",
                    "Parallel Aware": true,
                    "Startup Cost": 81369.37,
                    "Total Cost": 81369.37,
                    "Plan Rows": 189964,
                    "Plan Width": 31,
                    "Actual Startup Time": 641.633,
                    "Actual Total Time": 641.637,
                    "Actual Rows": 126653,
                    "Actual Loops": 2,
                    "Hash Buckets": 524288,
                    "Original Hash Buckets": 524288,
                    "Hash Batches": 1,
                    "Original Hash Batches": 1,
                    "Peak Memory Usage": 20640,
                    "Plans": [
                      {
                        "Node Type": "Hash Join",
                        "Parent Relationship": "Outer",
                        "Parallel Aware": true,
                        "Join Type": "Inner",
                        "Startup Cost": 62043.8,
                        "Total Cost": 81369.37,
                        "Plan Rows": 189964,
                        "Plan Width": 31,
                        "Actual Startup Time": 383.972,
                        "Actual Total Time": 590.369,
                        "Actual Rows": 126653,
                        "Actual Loops": 2,
                        "Inner Unique": true,
                        "Hash Cond": "(mi_idx.movie_id = t.id)",
                        "Plans": [
                          {
                            "Node Type": "Seq Scan",
                            "Parent Relationship": "Outer",
                            "Parallel Aware": true,
                            "Relation Name": "movie_info_idx",
                            "Alias": "mi_idx",
                            "Startup Cost": 0.0,
                            "Total Cost": 18082.32,
                            "Plan Rows": 473620,
                            "Plan Width": 10,
                            "Actual Startup Time": 0.013,
                            "Actual Total Time": 89.043,
                            "Actual Rows": 403182,
                            "Actual Loops": 2,
                            "Filter": "(info > '2.0'::text)",
                            "Rows Removed by Filter": 286835
                          },
                          {
                            "Node Type": "Hash",
                            "Parent Relationship": "Inner",
                            "Parallel Aware": true,
                            "Startup Cost": 54587.68,
                            "Total Cost": 54587.68,
                            "Plan Rows": 596489,
                            "Plan Width": 21,
                            "Actual Startup Time": 377.456,
                            "Actual Total Time": 377.458,
                            "Actual Rows": 506460,
                            "Actual Loops": 2,
                            "Hash Buckets": 1048576,
                            "Original Hash Buckets": 1048576,
                            "Hash Batches": 1,
                            "Original Hash Batches": 1,
                            "Peak Memory Usage": 65056,
                            "Plans": [
                              {
                                "Node Type": "Seq Scan",
                                "Parent Relationship": "Outer",
                                "Parallel Aware": true,
                                "Relation Name": "title",
                                "Alias": "t",
                                "Startup Cost": 0.0,
                                "Total Cost": 54587.68,
                                "Plan Rows": 596489,
                                "Plan Width": 21,
                                "Actual Startup Time": 0.041,
                                "Actual Total Time": 187.215,
                                "Actual Rows": 506460,
                                "Actual Loops": 2,
                                "Filter": "(production_year > 2005)",
                                "Rows Removed by Filter": 757696
                              }
                            ]
                          }
                        ]
                      }
                    ]
                  }
                ]
              }
            ]
          }
        ]
      }
    ]
  },
  "Planning Time": 1.0,
  "Triggers": [],
  "Execution Time": 1238.317
}