{
  "Plan": {
    "Node Type": "Aggregate",
    "Strategy": "Plain",
    "Partial Mode": "Finalize",
    "Parallel Aware": false,
    "Startup Cost": 257128.47,
    "Total Cost": 257128.48,
    "Plan Rows": 1,
    "Plan Width": 8,
    "Actual Startup Time": 1134.232,
    "Actual Total Time": 1155.055,
    "Actual Rows": 1,
    "Actual Loops": 1,
    "Plans": [
      {
        "Node Type": "Gather",
        "Parent Relationship": "Outer",
        "Parallel Aware": false,
        "Startup Cost": 257128.36,
        "Total Cost": 257128.47,
        "Plan Rows": 1,
        "Plan Width": 8,
        "Actual Startup Time": 1129.354,
        "Actual Total Time": 1155.045,
        "Actual Rows": 2,
        "Actual Loops": 1,
        "Workers Planned": 1,
        "Workers Launched": 1,
        "Single Copy": false,
        "Plans": [
          {
            "Node Type": "Aggregate",
            "Strategy": "Plain",
            "Partial Mode": "Partial",
            "Parent Relationship": "Outer",
            "Parallel Aware": false,
            "Startup Cost": 256128.36,
            "Total Cost": 256128.37,
            "Plan Rows": 1,
            "Plan Width": 8,
            "Actual Startup Time": 1117.067,
            "Actual Total Time": 1117.071,
            "Actual Rows": 1,
            "Actual Loops": 2,
            "Plans": [
              {
                "Node Type": "Hash Join",
                "Parent Relationship": "Outer",
                "Parallel Aware": true,
                "Join Type": "Inner",
                "Startup Cost": 71327.83,
                "Total Cost": 255998.73,
                "Plan Rows": 51854,
                "Plan Width": 0,
                "Actual Startup Time": 882.508,
                "Actual Total Time": 1105.853,
                "Actual Rows": 284378,
                "Actual Loops": 2,
                "Inner Unique": true,
                "Hash Cond": "(ci.movie_id = t.id)",
                "Plans": [
                  {
                    "Node Type": "Index Scan",
                    "Parent Relationship": "Outer",
                    "Parallel Aware": true,
                    "Scan Direction": "Forward",
                    "Index Name": "role_id_cast_info",
                    "Relation Name": "cast_info",
                    "Alias": "ci",
                    "Startup Cost": 0.56,
                    "Total Cost": 184520.29,
                    "Plan Rows": 57589,
                    "Plan Width": 4,
                    "Actual Startup Time": 301.887,
                    "Actual Total Time": 383.929,
                    "Actual Rows": 291831,
                    "Actual Loops": 2,
                    "Index Cond": "(role_id > 8)",
                    "Rows Removed by Index Recheck": 0,
                    "Filter": "(person_id > 3949172)",
                    "Rows Removed by Filter": 2574516
                  },
                  {
                    "Node Type": "Hash",
                    "Parent Relationship": "Inner",
                    "Parallel Aware": true,
                    "Startup Cost": 54588.39,
                    "Total Cost": 54588.39,
                    "Plan Rows": 1339110,
                    "Plan Width": 4,
                    "Actual Startup Time": 558.852,
                    "Actual Total Time": 558.853,
                    "Actual Rows": 1134214,
                    "Actual Loops": 2,
                    "Hash Buckets": 4194304,
                    "Original Hash Buckets": 4194304,
                    "Hash Batches": 1,
                    "Original Hash Batches": 1,
                    "Peak Memory Usage": 121536,
                    "Plans": [
                      {
                        "Node Type": "Seq Scan",
                        "Parent Relationship": "Outer",
                        "Parallel Aware": true,
                        "Relation Name": "title",
                        "Alias": "t",
                        "Startup Cost": 0.0,
                        "Total Cost": 54588.39,
                        "Plan Rows": 1339110,
                        "Plan Width": 4,
                        "Actual Startup Time": 0.049,
                        "Actual Total Time": 188.961,
                        "Actual Rows": 1134214,
                        "Actual Loops": 2,
                        "Filter": "(production_year > 1953)",
                        "Rows Removed by Filter": 129942
                      }
                    ]
                  }
                ]
              }
            ]
          }
        ]
      }
    ]
  },
  "Planning Time": 0.864,
  "Triggers": [],
  "Execution Time": 1155.138
}