{
  "Plan": {
    "Node Type": "Aggregate",
    "Strategy": "Plain",
    "Partial Mode": "Finalize",
    "Parallel Aware": false,
    "Startup Cost": 1000028.71,
    "Total Cost": 1000028.72,
    "Plan Rows": 1,
    "Plan Width": 8,
    "Actual Startup Time": 7728.762,
    "Actual Total Time": 7834.176,
    "Actual Rows": 1,
    "Actual Loops": 1,
    "Plans": [
      {
        "Node Type": "Gather",
        "Parent Relationship": "Outer",
        "Parallel Aware": false,
        "Startup Cost": 1000028.6,
        "Total Cost": 1000028.71,
        "Plan Rows": 1,
        "Plan Width": 8,
        "Actual Startup Time": 7724.4,
        "Actual Total Time": 7834.167,
        "Actual Rows": 2,
        "Actual Loops": 1,
        "Workers Planned": 1,
        "Workers Launched": 1,
        "Single Copy": false,
        "Plans": [
          {
            "Node Type": "Aggregate",
            "Strategy": "Plain",
            "Partial Mode": "Partial",
            "Parent Relationship": "Outer",
            "Parallel Aware": false,
            "Startup Cost": 999028.6,
            "Total Cost": 999028.61,
            "Plan Rows": 1,
            "Plan Width": 8,
            "Actual Startup Time": 7718.094,
            "Actual Total Time": 7718.1,
            "Actual Rows": 1,
            "Actual Loops": 2,
            "Plans": [
              {
                "Node Type": "Hash Join",
                "Parent Relationship": "Outer",
                "Parallel Aware": true,
                "Join Type": "Inner",
                "Startup Cost": 662459.02,
                "Total Cost": 992350.34,
                "Plan Rows": 2671301,
                "Plan Width": 0,
                "Actual Startup Time": 3357.824,
                "Actual Total Time": 7095.008,
                "Actual Rows": 15805227,
                "Actual Loops": 2,
                "Inner Unique": false,
                "Hash Cond": "(mi.movie_id = t.id)",
                "Plans": [
                  {
                    "Node Type": "Seq Scan",
                    "Parent Relationship": "Outer",
                    "Parallel Aware": true,
                    "Relation Name": "movie_info",
                    "Alias": "mi",
                    "Startup Cost": 0.0,
                    "Total Cost": 248955.74,
                    "Plan Rows": 8696274,
                    "Plan Width": 4,
                    "Actual Startup Time": 0.015,
                    "Actual Total Time": 640.223,
                    "Actual Rows": 7417860,
                    "Actual Loops": 2
                  },
                  {
                    "Node Type": "Hash",
                    "Parent Relationship": "Inner",
                    "Parallel Aware": true,
                    "Startup Cost": 656748.47,
                    "Total Cost": 656748.47,
                    "Plan Rows": 456844,
                    "Plan Width": 8,
                    "Actual Startup Time": 3345.985,
                    "Actual Total Time": 3345.989,
                    "Actual Rows": 769284,
                    "Actual Loops": 2,
                    "Hash Buckets": 2097152,
                    "Original Hash Buckets": 1048576,
                    "Hash Batches": 1,
                    "Original Hash Batches": 1,
                    "Peak Memory Usage": 84800,
                    "Plans": [
                      {
                        "Node Type": "Hash Join",
                        "Parent Relationship": "Outer",
                        "Parallel Aware": true,
                        "Join Type": "Inner",
                        "Startup Cost": 59190.73,
                        "Total Cost": 656748.47,
                        "Plan Rows": 456844,
                        "Plan Width": 8,
                        "Actual Startup Time": 169.414,
                        "Actual Total Time": 3104.349,
                        "Actual Rows": 769284,
                        "Actual Loops": 2,
                        "Inner Unique": true,
                        "Hash Cond": "(ci.movie_id = t.id)",
                        "Plans": [
                          {
                            "Node Type": "Seq Scan",
                            "Parent Relationship": "Outer",
                            "Parallel Aware": true,
                            "Relation Name": "cast_info",
                            "Alias": "ci",
                            "Startup Cost": 0.0,
                            "Total Cost": 572345.93,
                            "Plan Rows": 9604484,
                            "Plan Width": 4,
                            "Actual Startup Time": 0.015,
                            "Actual Total Time": 1701.829,
                            "Actual Rows": 8200774,
                            "Actual Loops": 2,
                            "Filter": "((person_id < 1630568) AND (role_id < 11))",
                            "Rows Removed by Filter": 9921398
                          },
                          {
                            "Node Type": "Hash",
                            "Parent Relationship": "Inner",
                            "Parallel Aware": true,
                            "Startup Cost": 58306.47,
                            "Total Cost": 58306.47,
                            "Plan Rows": 70741,
                            "Plan Width": 4,
                            "Actual Startup Time": 168.468,
                            "Actual Total Time": 168.469,
                            "Actual Rows": 122814,
                            "Actual Loops": 2,
                            "Hash Buckets": 262144,
                            "Original Hash Buckets": 131072,
                            "Hash Batches": 1,
                            "Original Hash Batches": 1,
                            "Peak Memory Usage": 12704,
                            "Plans": [
                              {
                                "Node Type": "Seq Scan",
                                "Parent Relationship": "Outer",
                                "Parallel Aware": true,
                                "Relation Name": "title",
                                "Alias": "t",
                                "Startup Cost": 0.0,
                                "Total Cost": 58306.47,
                                "Plan Rows": 70741,
                                "Plan Width": 4,
                                "Actual Startup Time": 0.096,
                                "Actual Total Time": 139.761,
                                "Actual Rows": 122814,
                                "Actual Loops": 2,
                                "Filter": "((kind_id < 4) AND (production_year < 1970))",
                                "Rows Removed by Filter": 1141342
                              }
                            ]
                          }
                        ]
                      }
                    ]
                  }
                ]
              }
            ]
          }
        ]
      }
    ]
  },
  "Planning Time": 0.949,
  "Triggers": [],
  "Execution Time": 7834.278
}