[
  {
    "Plan": {
      "Node Type": "Aggregate",
      "Strategy": "Plain",
      "Partial Mode": "Finalize",
      "Parallel Aware": false,
      "Startup Cost": 44841.2,
      "Total Cost": 44841.21,
      "Plan Rows": 1,
      "Plan Width": 8,
      "Actual Startup Time": 161.089,
      "Actual Total Time": 172.163,
      "Actual Rows": 1,
      "Actual Loops": 1,
      "Plans": [
        {
          "Node Type": "Gather",
          "Parent Relationship": "Outer",
          "Parallel Aware": false,
          "Startup Cost": 44840.88,
          "Total Cost": 44841.19,
          "Plan Rows": 3,
          "Plan Width": 8,
          "Actual Startup Time": 160.922,
          "Actual Total Time": 172.151,
          "Actual Rows": 4,
          "Actual Loops": 1,
          "Workers Planned": 3,
          "Workers Launched": 3,
          "Single Copy": false,
          "Plans": [
            {
              "Node Type": "Aggregate",
              "Strategy": "Plain",
              "Partial Mode": "Partial",
              "Parent Relationship": "Outer",
              "Parallel Aware": false,
              "Startup Cost": 43840.88,
              "Total Cost": 43840.89,
              "Plan Rows": 1,
              "Plan Width": 8,
              "Actual Startup Time": 152.003,
              "Actual Total Time": 152.005,
              "Actual Rows": 1,
              "Actual Loops": 4,
              "Plans": [
                {
                  "Node Type": "Seq Scan",
                  "Parent Relationship": "Outer",
                  "Parallel Aware": true,
                  "Relation Name": "movie_keyword",
                  "Alias": "mk",
                  "Startup Cost": 0.0,
                  "Total Cost": 42695.65,
                  "Plan Rows": 458090,
                  "Plan Width": 0,
                  "Actual Startup Time": 0.064,
                  "Actual Total Time": 130.788,
                  "Actual Rows": 355982,
                  "Actual Loops": 4,
                  "Filter": "(keyword_id < 1962)",
                  "Rows Removed by Filter": 775001
                }
              ]
            }
          ]
        }
      ]
    },
    "Planning Time": 0.198,
    "Triggers": [],
    "Execution Time": 172.272
  }
]