[
  {
    "Plan": {
      "Node Type": "Aggregate",
      "Strategy": "Plain",
      "Partial Mode": "Finalize",
      "Parallel Aware": false,
      "Startup Cost": 259851.23,
      "Total Cost": 259851.24,
      "Plan Rows": 1,
      "Plan Width": 8,
      "Actual Startup Time": 252.757,
      "Actual Total Time": 267.748,
      "Actual Rows": 1,
      "Actual Loops": 1,
      "Plans": [
        {
          "Node Type": "Gather",
          "Parent Relationship": "Outer",
          "Parallel Aware": false,
          "Startup Cost": 259850.71,
          "Total Cost": 259851.22,
          "Plan Rows": 5,
          "Plan Width": 8,
          "Actual Startup Time": 242.832,
          "Actual Total Time": 267.735,
          "Actual Rows": 6,
          "Actual Loops": 1,
          "Workers Planned": 5,
          "Workers Launched": 5,
          "Single Copy": false,
          "Plans": [
            {
              "Node Type": "Aggregate",
              "Strategy": "Plain",
              "Partial Mode": "Partial",
              "Parent Relationship": "Outer",
              "Parallel Aware": false,
              "Startup Cost": 258850.71,
              "Total Cost": 258850.72,
              "Plan Rows": 1,
              "Plan Width": 8,
              "Actual Startup Time": 233.223,
              "Actual Total Time": 233.228,
              "Actual Rows": 1,
              "Actual Loops": 6,
              "Plans": [
                {
                  "Node Type": "Nested Loop",
                  "Parent Relationship": "Outer",
                  "Parallel Aware": false,
                  "Join Type": "Inner",
                  "Startup Cost": 51406.6,
                  "Total Cost": 258828.28,
                  "Plan Rows": 8971,
                  "Plan Width": 0,
                  "Actual Startup Time": 219.787,
                  "Actual Total Time": 233.199,
                  "Actual Rows": 333,
                  "Actual Loops": 6,
                  "Inner Unique": false,
                  "Plans": [
                    {
                      "Node Type": "Hash Join",
                      "Parent Relationship": "Outer",
                      "Parallel Aware": true,
                      "Join Type": "Inner",
                      "Startup Cost": 51406.03,
                      "Total Cost": 216540.92,
                      "Plan Rows": 18016,
                      "Plan Width": 8,
                      "Actual Startup Time": 219.167,
                      "Actual Total Time": 230.861,
                      "Actual Rows": 25,
                      "Actual Loops": 6,
                      "Inner Unique": true,
                      "Hash Cond": "(mi.movie_id = t.id)",
                      "Plans": [
                        {
                          "Node Type": "Bitmap Heap Scan",
                          "Parent Relationship": "Outer",
                          "Parallel Aware": true,
                          "Relation Name": "movie_info",
                          "Alias": "mi",
                          "Startup Cost": 2647.66,
                          "Total Cost": 167705.65,
                          "Plan Rows": 29296,
                          "Plan Width": 4,
                          "Actual Startup Time": 7.06,
                          "Actual Total Time": 16.452,
                          "Actual Rows": 24581,
                          "Actual Loops": 6,
                          "Recheck Cond": "(info_type_id = 107)",
                          "Rows Removed by Index Recheck": 0,
                          "Exact Heap Blocks": 1109,
                          "Lossy Heap Blocks": 0,
                          "Plans": [
                            {
                              "Node Type": "Bitmap Index Scan",
                              "Parent Relationship": "Outer",
                              "Parallel Aware": false,
                              "Index Name": "info_type_id_movie_info",
                              "Startup Cost": 0.0,
                              "Total Cost": 2611.04,
                              "Plan Rows": 146481,
                              "Plan Width": 0,
                              "Actual Startup Time": 6.135,
                              "Actual Total Time": 6.137,
                              "Actual Rows": 147487,
                              "Actual Loops": 1,
                              "Index Cond": "(info_type_id = 107)"
                            }
                          ]
                        },
                        {
                          "Node Type": "Hash",
                          "Parent Relationship": "Inner",
                          "Parallel Aware": true,
                          "Startup Cost": 43899.32,
                          "Total Cost": 43899.32,
                          "Plan Rows": 388724,
                          "Plan Width": 4,
                          "Actual Startup Time": 203.426,
                          "Actual Total Time": 203.427,
                          "Actual Rows": 259311,
                          "Actual Loops": 6,
                          "Hash Buckets": 2097152,
                          "Original Hash Buckets": 2097152,
                          "Hash Batches": 1,
                          "Original Hash Batches": 1,
                          "Peak Memory Usage": 77344,
                          "Plans": [
                            {
                              "Node Type": "Seq Scan",
                              "Parent Relationship": "Outer",
                              "Parallel Aware": true,
                              "Relation Name": "title",
                              "Alias": "t",
                              "Startup Cost": 0.0,
                              "Total Cost": 43899.32,
                              "Plan Rows": 388724,
                              "Plan Width": 4,
                              "Actual Startup Time": 0.031,
                              "Actual Total Time": 84.641,
                              "Actual Rows": 259311,
                              "Actual Loops": 6,
                              "Filter": "(kind_id > 4)",
                              "Rows Removed by Filter": 162075
                            }
                          ]
                        }
                      ]
                    },
                    {
                      "Node Type": "Index Scan",
                      "Parent Relationship": "Inner",
                      "Parallel Aware": false,
                      "Scan Direction": "Forward",
                      "Index Name": "movie_id_cast_info",
                      "Relation Name": "cast_info",
                      "Alias": "ci",
                      "Startup Cost": 0.56,
                      "Total Cost": 2.34,
                      "Plan Rows": 1,
                      "Plan Width": 4,
                      "Actual Startup Time": 0.059,
                      "Actual Total Time": 0.093,
                      "Actual Rows": 14,
                      "Actual Loops": 148,
                      "Index Cond": "(movie_id = t.id)",
                      "Rows Removed by Index Recheck": 0,
                      "Filter": "((person_id > 3376887) AND (role_id > 3))",
                      "Rows Removed by Filter": 52
                    }
                  ]
                }
              ]
            }
          ]
        }
      ]
    },
    "Planning Time": 0.642,
    "Triggers": [],
    "Execution Time": 267.812
  }
]