{
  "Plan": {
    "Node Type": "Aggregate",
    "Strategy": "Plain",
    "Partial Mode": "Finalize",
    "Parallel Aware": false,
    "Startup Cost": 160389.43,
    "Total Cost": 160389.44,
    "Plan Rows": 1,
    "Plan Width": 8,
    "Actual Startup Time": 737.854,
    "Actual Total Time": 758.883,
    "Actual Rows": 1,
    "Actual Loops": 1,
    "Plans": [
      {
        "Node Type": "Gather",
        "Parent Relationship": "Outer",
        "Parallel Aware": false,
        "Startup Cost": 160389.31,
        "Total Cost": 160389.42,
        "Plan Rows": 1,
        "Plan Width": 8,
        "Actual Startup Time": 737.413,
        "Actual Total Time": 758.877,
        "Actual Rows": 2,
        "Actual Loops": 1,
        "Workers Planned": 1,
        "Workers Launched": 1,
        "Single Copy": false,
        "Plans": [
          {
            "Node Type": "Aggregate",
            "Strategy": "Plain",
            "Partial Mode": "Partial",
            "Parent Relationship": "Outer",
            "Parallel Aware": false,
            "Startup Cost": 159389.31,
            "Total Cost": 159389.32,
            "Plan Rows": 1,
            "Plan Width": 8,
            "Actual Startup Time": 731.609,
            "Actual Total Time": 731.614,
            "Actual Rows": 1,
            "Actual Loops": 2,
            "Plans": [
              {
                "Node Type": "Hash Join",
                "Parent Relationship": "Outer",
                "Parallel Aware": true,
                "Join Type": "Inner",
                "Startup Cost": 97636.02,
                "Total Cost": 159177.95,
                "Plan Rows": 84544,
                "Plan Width": 0,
                "Actual Startup Time": 381.402,
                "Actual Total Time": 716.496,
                "Actual Rows": 389011,
                "Actual Loops": 2,
                "Inner Unique": false,
                "Hash Cond": "(mk.movie_id = t.id)",
                "Plans": [
                  {
                    "Node Type": "Seq Scan",
                    "Parent Relationship": "Outer",
                    "Parallel Aware": true,
                    "Relation Name": "movie_keyword",
                    "Alias": "mk",
                    "Startup Cost": 0.0,
                    "Total Cost": 51065.35,
                    "Plan Rows": 2661135,
                    "Plan Width": 4,
                    "Actual Startup Time": 0.012,
                    "Actual Total Time": 151.713,
                    "Actual Rows": 2261965,
                    "Actual Loops": 2
                  },
                  {
                    "Node Type": "Hash",
                    "Parent Relationship": "Inner",
                    "Parallel Aware": true,
                    "Startup Cost": 97045.41,
                    "Total Cost": 97045.41,
                    "Plan Rows": 47249,
                    "Plan Width": 8,
                    "Actual Startup Time": 378.757,
                    "Actual Total Time": 378.76,
                    "Actual Rows": 50357,
                    "Actual Loops": 2,
                    "Hash Buckets": 131072,
                    "Original Hash Buckets": 131072,
                    "Hash Batches": 1,
                    "Original Hash Batches": 1,
                    "Peak Memory Usage": 4992,
                    "Plans": [
                      {
                        "Node Type": "Hash Join",
                        "Parent Relationship": "Outer",
                        "Parallel Aware": true,
                        "Join Type": "Inner",
                        "Startup Cost": 58878.78,
                        "Total Cost": 97045.41,
                        "Plan Rows": 47249,
                        "Plan Width": 8,
                        "Actual Startup Time": 144.403,
                        "Actual Total Time": 368.295,
                        "Actual Rows": 50357,
                        "Actual Loops": 2,
                        "Inner Unique": true,
                        "Hash Cond": "(mc.movie_id = t.id)",
                        "Plans": [
                          {
                            "Node Type": "Seq Scan",
                            "Parent Relationship": "Outer",
                            "Parallel Aware": true,
                            "Relation Name": "movie_companies",
                            "Alias": "mc",
                            "Startup Cost": 0.0,
                            "Total Cost": 34137.82,
                            "Plan Rows": 1534782,
                            "Plan Width": 4,
                            "Actual Startup Time": 0.012,
                            "Actual Total Time": 94.68,
                            "Actual Rows": 1304564,
                            "Actual Loops": 2
                          },
                          {
                            "Node Type": "Hash",
                            "Parent Relationship": "Inner",
                            "Parallel Aware": true,
                            "Startup Cost": 58306.47,
                            "Total Cost": 58306.47,
                            "Plan Rows": 45785,
                            "Plan Width": 4,
                            "Actual Startup Time": 143.199,
                            "Actual Total Time": 143.2,
                            "Actual Rows": 37064,
                            "Actual Loops": 2,
                            "Hash Buckets": 131072,
                            "Original Hash Buckets": 131072,
                            "Hash Batches": 1,
                            "Original Hash Batches": 1,
                            "Peak Memory Usage": 3936,
                            "Plans": [
                              {
                                "Node Type": "Seq Scan",
                                "Parent Relationship": "Outer",
                                "Parallel Aware": true,
                                "Relation Name": "title",
                                "Alias": "t",
                                "Startup Cost": 0.0,
                                "Total Cost": 58306.47,
                                "Plan Rows": 45785,
                                "Plan Width": 4,
                                "Actual Startup Time": 0.085,
                                "Actual Total Time": 133.893,
                                "Actual Rows": 37064,
                                "Actual Loops": 2,
                                "Filter": "((kind_id < 4) AND (production_year > 2011))",
                                "Rows Removed by Filter": 1227092
                              }
                            ]
                          }
                        ]
                      }
                    ]
                  }
                ]
              }
            ]
          }
        ]
      }
    ]
  },
  "Planning Time": 0.951,
  "Triggers": [],
  "Execution Time": 758.961
}