[
  {
    "Plan": {
      "Node Type": "Aggregate",
      "Strategy": "Plain",
      "Partial Mode": "Finalize",
      "Parallel Aware": false,
      "Startup Cost": 221671.18,
      "Total Cost": 221671.19,
      "Plan Rows": 1,
      "Plan Width": 8,
      "Actual Startup Time": 164.976,
      "Actual Total Time": 177.036,
      "Actual Rows": 1,
      "Actual Loops": 1,
      "Plans": [
        {
          "Node Type": "Gather",
          "Parent Relationship": "Outer",
          "Parallel Aware": false,
          "Startup Cost": 221670.65,
          "Total Cost": 221671.16,
          "Plan Rows": 5,
          "Plan Width": 8,
          "Actual Startup Time": 164.555,
          "Actual Total Time": 177.027,
          "Actual Rows": 6,
          "Actual Loops": 1,
          "Workers Planned": 5,
          "Workers Launched": 5,
          "Single Copy": false,
          "Plans": [
            {
              "Node Type": "Aggregate",
              "Strategy": "Plain",
              "Partial Mode": "Partial",
              "Parent Relationship": "Outer",
              "Parallel Aware": false,
              "Startup Cost": 220670.65,
              "Total Cost": 220670.66,
              "Plan Rows": 1,
              "Plan Width": 8,
              "Actual Startup Time": 155.353,
              "Actual Total Time": 155.356,
              "Actual Rows": 1,
              "Actual Loops": 6,
              "Plans": [
                {
                  "Node Type": "Hash Join",
                  "Parent Relationship": "Outer",
                  "Parallel Aware": true,
                  "Join Type": "Inner",
                  "Startup Cost": 56798.69,
                  "Total Cost": 220665.91,
                  "Plan Rows": 1897,
                  "Plan Width": 0,
                  "Actual Startup Time": 110.228,
                  "Actual Total Time": 155.014,
                  "Actual Rows": 3722,
                  "Actual Loops": 6,
                  "Inner Unique": true,
                  "Hash Cond": "(mi.movie_id = t.id)",
                  "Plans": [
                    {
                      "Node Type": "Bitmap Heap Scan",
                      "Parent Relationship": "Outer",
                      "Parallel Aware": true,
                      "Relation Name": "movie_info",
                      "Alias": "mi",
                      "Startup Cost": 11198.16,
                      "Total Cost": 174740.1,
                      "Plan Rows": 123915,
                      "Plan Width": 4,
                      "Actual Startup Time": 34.91,
                      "Actual Total Time": 61.093,
                      "Actual Rows": 110154,
                      "Actual Loops": 6,
                      "Recheck Cond": "(info_type_id = 18)",
                      "Rows Removed by Index Recheck": 0,
                      "Exact Heap Blocks": 1458,
                      "Lossy Heap Blocks": 0,
                      "Plans": [
                        {
                          "Node Type": "Bitmap Index Scan",
                          "Parent Relationship": "Outer",
                          "Parallel Aware": false,
                          "Index Name": "info_type_id_movie_info",
                          "Startup Cost": 0.0,
                          "Total Cost": 11043.26,
                          "Plan Rows": 619577,
                          "Plan Width": 0,
                          "Actual Startup Time": 33.334,
                          "Actual Total Time": 33.334,
                          "Actual Rows": 660923,
                          "Actual Loops": 1,
                          "Index Cond": "(info_type_id = 18)"
                        }
                      ]
                    },
                    {
                      "Node Type": "Hash",
                      "Parent Relationship": "Inner",
                      "Parallel Aware": true,
                      "Startup Cost": 45479.59,
                      "Total Cost": 45479.59,
                      "Plan Rows": 9676,
                      "Plan Width": 4,
                      "Actual Startup Time": 74.64,
                      "Actual Total Time": 74.641,
                      "Actual Rows": 5376,
                      "Actual Loops": 6,
                      "Hash Buckets": 65536,
                      "Original Hash Buckets": 65536,
                      "Hash Batches": 1,
                      "Original Hash Batches": 1,
                      "Peak Memory Usage": 1888,
                      "Plans": [
                        {
                          "Node Type": "Seq Scan",
                          "Parent Relationship": "Outer",
                          "Parallel Aware": true,
                          "Relation Name": "title",
                          "Alias": "t",
                          "Startup Cost": 0.0,
                          "Total Cost": 45479.59,
                          "Plan Rows": 9676,
                          "Plan Width": 4,
                          "Actual Startup Time": 0.184,
                          "Actual Total Time": 72.154,
                          "Actual Rows": 5376,
                          "Actual Loops": 6,
                          "Filter": "((kind_id < 7) AND (production_year = 2005))",
                          "Rows Removed by Filter": 416010
                        }
                      ]
                    }
                  ]
                }
              ]
            }
          ]
        }
      ]
    },
    "Planning Time": 0.621,
    "Triggers": [],
    "Execution Time": 177.135
  }
]