[
  {
    "Plan": {
      "Node Type": "Aggregate",
      "Strategy": "Plain",
      "Partial Mode": "Finalize",
      "Parallel Aware": false,
      "Startup Cost": 126182.93,
      "Total Cost": 126182.94,
      "Plan Rows": 1,
      "Plan Width": 8,
      "Actual Startup Time": 951.011,
      "Actual Total Time": 977.861,
      "Actual Rows": 1,
      "Actual Loops": 1,
      "Plans": [
        {
          "Node Type": "Gather",
          "Parent Relationship": "Outer",
          "Parallel Aware": false,
          "Startup Cost": 126182.61,
          "Total Cost": 126182.92,
          "Plan Rows": 3,
          "Plan Width": 8,
          "Actual Startup Time": 929.649,
          "Actual Total Time": 977.849,
          "Actual Rows": 4,
          "Actual Loops": 1,
          "Workers Planned": 3,
          "Workers Launched": 3,
          "Single Copy": false,
          "Plans": [
            {
              "Node Type": "Aggregate",
              "Strategy": "Plain",
              "Partial Mode": "Partial",
              "Parent Relationship": "Outer",
              "Parallel Aware": false,
              "Startup Cost": 125182.61,
              "Total Cost": 125182.62,
              "Plan Rows": 1,
              "Plan Width": 8,
              "Actual Startup Time": 920.455,
              "Actual Total Time": 920.623,
              "Actual Rows": 1,
              "Actual Loops": 4,
              "Plans": [
                {
                  "Node Type": "Hash Join",
                  "Parent Relationship": "Outer",
                  "Parallel Aware": true,
                  "Join Type": "Inner",
                  "Startup Cost": 93621.04,
                  "Total Cost": 124659.18,
                  "Plan Rows": 209371,
                  "Plan Width": 0,
                  "Actual Startup Time": 617.831,
                  "Actual Total Time": 873.356,
                  "Actual Rows": 969610,
                  "Actual Loops": 4,
                  "Inner Unique": false,
                  "Hash Cond": "(mc.movie_id = t.id)",
                  "Plans": [
                    {
                      "Node Type": "Seq Scan",
                      "Parent Relationship": "Outer",
                      "Parallel Aware": true,
                      "Relation Name": "movie_companies",
                      "Alias": "mc",
                      "Startup Cost": 0.0,
                      "Total Cost": 27206.55,
                      "Plan Rows": 841655,
                      "Plan Width": 4,
                      "Actual Startup Time": 0.038,
                      "Actual Total Time": 63.675,
                      "Actual Rows": 652282,
                      "Actual Loops": 4
                    },
                    {
                      "Node Type": "Hash",
                      "Parent Relationship": "Inner",
                      "Parallel Aware": true,
                      "Startup Cost": 91084.99,
                      "Total Cost": 91084.99,
                      "Plan Rows": 202884,
                      "Plan Width": 8,
                      "Actual Startup Time": 612.747,
                      "Actual Total Time": 612.913,
                      "Actual Rows": 160370,
                      "Actual Loops": 4,
                      "Hash Buckets": 1048576,
                      "Original Hash Buckets": 1048576,
                      "Hash Batches": 1,
                      "Original Hash Batches": 1,
                      "Peak Memory Usage": 33344,
                      "Plans": [
                        {
                          "Node Type": "Hash Join",
                          "Parent Relationship": "Outer",
                          "Parallel Aware": true,
                          "Join Type": "Inner",
                          "Startup Cost": 63562.37,
                          "Total Cost": 91084.99,
                          "Plan Rows": 202884,
                          "Plan Width": 8,
                          "Actual Startup Time": 418.87,
                          "Actual Total Time": 553.428,
                          "Actual Rows": 160370,
                          "Actual Loops": 4,
                          "Inner Unique": true,
                          "Hash Cond": "(mk.movie_id = t.id)",
                          "Plans": [
                            {
                              "Node Type": "Bitmap Heap Scan",
                              "Parent Relationship": "Outer",
                              "Parallel Aware": true,
                              "Relation Name": "movie_keyword",
                              "Alias": "mk",
                              "Startup Cost": 13342.73,
                              "Total Cost": 40332.78,
                              "Plan Rows": 202884,
                              "Plan Width": 4,
                              "Actual Startup Time": 50.671,
                              "Actual Total Time": 115.554,
                              "Actual Rows": 160370,
                              "Actual Loops": 4,
                              "Recheck Cond": "(keyword_id < 497)",
                              "Rows Removed by Index Recheck": 0,
                              "Exact Heap Blocks": 6289,
                              "Lossy Heap Blocks": 0,
                              "Plans": [
                                {
                                  "Node Type": "Bitmap Index Scan",
                                  "Parent Relationship": "Outer",
                                  "Parallel Aware": false,
                                  "Index Name": "keyword_id_movie_keyword",
                                  "Startup Cost": 0.0,
                                  "Total Cost": 13185.49,
                                  "Plan Rows": 628941,
                                  "Plan Width": 0,
                                  "Actual Startup Time": 44.817,
                                  "Actual Total Time": 44.817,
                                  "Actual Rows": 641482,
                                  "Actual Loops": 1,
                                  "Index Cond": "(keyword_id < 497)"
                                }
                              ]
                            },
                            {
                              "Node Type": "Hash",
                              "Parent Relationship": "Inner",
                              "Parallel Aware": true,
                              "Startup Cost": 42318.73,
                              "Total Cost": 42318.73,
                              "Plan Rows": 632073,
                              "Plan Width": 4,
                              "Actual Startup Time": 359.389,
                              "Actual Total Time": 359.39,
                              "Actual Rows": 632078,
                              "Actual Loops": 4,
                              "Hash Buckets": 4194304,
                              "Original Hash Buckets": 4194304,
                              "Hash Batches": 1,
                              "Original Hash Batches": 1,
                              "Peak Memory Usage": 131744,
                              "Plans": [
                                {
                                  "Node Type": "Seq Scan",
                                  "Parent Relationship": "Outer",
                                  "Parallel Aware": true,
                                  "Relation Name": "title",
                                  "Alias": "t",
                                  "Startup Cost": 0.0,
                                  "Total Cost": 42318.73,
                                  "Plan Rows": 632073,
                                  "Plan Width": 4,
                                  "Actual Startup Time": 0.049,
                                  "Actual Total Time": 108.107,
                                  "Actual Rows": 632078,
                                  "Actual Loops": 4
                                }
                              ]
                            }
                          ]
                        }
                      ]
                    }
                  ]
                }
              ]
            }
          ]
        }
      ]
    },
    "Planning Time": 1.35,
    "Triggers": [],
    "Execution Time": 977.966
  }
]