[
  {
    "Plan": {
      "Node Type": "Aggregate",
      "Strategy": "Plain",
      "Partial Mode": "Finalize",
      "Parallel Aware": false,
      "Startup Cost": 46483.64,
      "Total Cost": 46483.65,
      "Plan Rows": 1,
      "Plan Width": 8,
      "Actual Startup Time": 100.33,
      "Actual Total Time": 112.56,
      "Actual Rows": 1,
      "Actual Loops": 1,
      "Plans": [
        {
          "Node Type": "Gather",
          "Parent Relationship": "Outer",
          "Parallel Aware": false,
          "Startup Cost": 46483.22,
          "Total Cost": 46483.63,
          "Plan Rows": 4,
          "Plan Width": 8,
          "Actual Startup Time": 100.158,
          "Actual Total Time": 112.55,
          "Actual Rows": 5,
          "Actual Loops": 1,
          "Workers Planned": 4,
          "Workers Launched": 4,
          "Single Copy": false,
          "Plans": [
            {
              "Node Type": "Aggregate",
              "Strategy": "Plain",
              "Partial Mode": "Partial",
              "Parent Relationship": "Outer",
              "Parallel Aware": false,
              "Startup Cost": 45483.22,
              "Total Cost": 45483.23,
              "Plan Rows": 1,
              "Plan Width": 8,
              "Actual Startup Time": 91.514,
              "Actual Total Time": 91.515,
              "Actual Rows": 1,
              "Actual Loops": 5,
              "Plans": [
                {
                  "Node Type": "Seq Scan",
                  "Parent Relationship": "Outer",
                  "Parallel Aware": true,
                  "Relation Name": "title",
                  "Alias": "t",
                  "Startup Cost": 0.0,
                  "Total Cost": 45479.1,
                  "Plan Rows": 1647,
                  "Plan Width": 0,
                  "Actual Startup Time": 63.47,
                  "Actual Total Time": 91.188,
                  "Actual Rows": 3676,
                  "Actual Loops": 5,
                  "Filter": "((kind_id < 7) AND (production_year < 1908))",
                  "Rows Removed by Filter": 501987
                }
              ]
            }
          ]
        }
      ]
    },
    "Planning Time": 0.192,
    "Triggers": [],
    "Execution Time": 112.63
  }
]