[
  {
    "Plan": {
      "Node Type": "Aggregate",
      "Strategy": "Plain",
      "Partial Mode": "Finalize",
      "Parallel Aware": false,
      "Startup Cost": 347978.89,
      "Total Cost": 347978.9,
      "Plan Rows": 1,
      "Plan Width": 8,
      "Actual Startup Time": 737.505,
      "Actual Total Time": 794.862,
      "Actual Rows": 1,
      "Actual Loops": 1,
      "Plans": [
        {
          "Node Type": "Gather",
          "Parent Relationship": "Outer",
          "Parallel Aware": false,
          "Startup Cost": 347978.27,
          "Total Cost": 347978.88,
          "Plan Rows": 6,
          "Plan Width": 8,
          "Actual Startup Time": 737.401,
          "Actual Total Time": 794.853,
          "Actual Rows": 7,
          "Actual Loops": 1,
          "Workers Planned": 6,
          "Workers Launched": 6,
          "Single Copy": false,
          "Plans": [
            {
              "Node Type": "Aggregate",
              "Strategy": "Plain",
              "Partial Mode": "Partial",
              "Parent Relationship": "Outer",
              "Parallel Aware": false,
              "Startup Cost": 346978.27,
              "Total Cost": 346978.28,
              "Plan Rows": 1,
              "Plan Width": 8,
              "Actual Startup Time": 727.934,
              "Actual Total Time": 727.935,
              "Actual Rows": 1,
              "Actual Loops": 7,
              "Plans": [
                {
                  "Node Type": "Seq Scan",
                  "Parent Relationship": "Outer",
                  "Parallel Aware": true,
                  "Relation Name": "cast_info",
                  "Alias": "ci",
                  "Startup Cost": 0.0,
                  "Total Cost": 343257.03,
                  "Plan Rows": 1488496,
                  "Plan Width": 0,
                  "Actual Startup Time": 0.05,
                  "Actual Total Time": 656.867,
                  "Actual Rows": 1547293,
                  "Actual Loops": 7,
                  "Filter": "((person_id < 1335526) AND (role_id < 4))",
                  "Rows Removed by Filter": 3630470
                }
              ]
            }
          ]
        }
      ]
    },
    "Planning Time": 0.219,
    "Triggers": [],
    "Execution Time": 794.934
  }
]