[
  {
    "Plan": {
      "Node Type": "Aggregate",
      "Strategy": "Plain",
      "Partial Mode": "Finalize",
      "Parallel Aware": false,
      "Startup Cost": 411548.66,
      "Total Cost": 411548.67,
      "Plan Rows": 1,
      "Plan Width": 8,
      "Actual Startup Time": 571.311,
      "Actual Total Time": 631.386,
      "Actual Rows": 1,
      "Actual Loops": 1,
      "Plans": [
        {
          "Node Type": "Gather",
          "Parent Relationship": "Outer",
          "Parallel Aware": false,
          "Startup Cost": 411548.03,
          "Total Cost": 411548.64,
          "Plan Rows": 6,
          "Plan Width": 8,
          "Actual Startup Time": 568.979,
          "Actual Total Time": 631.355,
          "Actual Rows": 7,
          "Actual Loops": 1,
          "Workers Planned": 6,
          "Workers Launched": 6,
          "Single Copy": false,
          "Plans": [
            {
              "Node Type": "Aggregate",
              "Strategy": "Plain",
              "Partial Mode": "Partial",
              "Parent Relationship": "Outer",
              "Parallel Aware": false,
              "Startup Cost": 410548.03,
              "Total Cost": 410548.04,
              "Plan Rows": 1,
              "Plan Width": 8,
              "Actual Startup Time": 557.669,
              "Actual Total Time": 557.682,
              "Actual Rows": 1,
              "Actual Loops": 7,
              "Plans": [
                {
                  "Node Type": "Nested Loop",
                  "Parent Relationship": "Outer",
                  "Parallel Aware": false,
                  "Join Type": "Inner",
                  "Startup Cost": 101633.98,
                  "Total Cost": 410255.02,
                  "Plan Rows": 117204,
                  "Plan Width": 0,
                  "Actual Startup Time": 208.952,
                  "Actual Total Time": 553.679,
                  "Actual Rows": 53630,
                  "Actual Loops": 7,
                  "Inner Unique": false,
                  "Join Filter": "(t.id = mi.movie_id)",
                  "Rows Removed by Join Filter": 0,
                  "Plans": [
                    {
                      "Node Type": "Hash Join",
                      "Parent Relationship": "Outer",
                      "Parallel Aware": true,
                      "Join Type": "Inner",
                      "Startup Cost": 101633.54,
                      "Total Cost": 361594.32,
                      "Plan Rows": 23334,
                      "Plan Width": 8,
                      "Actual Startup Time": 208.727,
                      "Actual Total Time": 385.343,
                      "Actual Rows": 19918,
                      "Actual Loops": 7,
                      "Inner Unique": true,
                      "Hash Cond": "(ci.movie_id = t.id)",
                      "Plans": [
                        {
                          "Node Type": "Bitmap Heap Scan",
                          "Parent Relationship": "Outer",
                          "Parallel Aware": true,
                          "Relation Name": "cast_info",
                          "Alias": "ci",
                          "Startup Cost": 55651.36,
                          "Total Cost": 314649.21,
                          "Plan Rows": 366829,
                          "Plan Width": 4,
                          "Actual Startup Time": 105.975,
                          "Actual Total Time": 215.829,
                          "Actual Rows": 359049,
                          "Actual Loops": 7,
                          "Recheck Cond": "(person_id < 252206)",
                          "Rows Removed by Index Recheck": 0,
                          "Filter": "(role_id < 10)",
                          "Rows Removed by Filter": 15808,
                          "Exact Heap Blocks": 5221,
                          "Lossy Heap Blocks": 0,
                          "Plans": [
                            {
                              "Node Type": "Bitmap Index Scan",
                              "Parent Relationship": "Outer",
                              "Parallel Aware": false,
                              "Index Name": "person_id_cast_info",
                              "Startup Cost": 0.0,
                              "Total Cost": 55101.12,
                              "Plan Rows": 2524340,
                              "Plan Width": 0,
                              "Actual Startup Time": 101.66,
                              "Actual Total Time": 101.66,
                              "Actual Rows": 2623998,
                              "Actual Loops": 1,
                              "Index Cond": "(person_id < 252206)"
                            }
                          ]
                        },
                        {
                          "Node Type": "Hash",
                          "Parent Relationship": "Inner",
                          "Parallel Aware": true,
                          "Startup Cost": 45479.59,
                          "Total Cost": 45479.59,
                          "Plan Rows": 40208,
                          "Plan Width": 4,
                          "Actual Startup Time": 100.567,
                          "Actual Total Time": 100.571,
                          "Actual Rows": 23174,
                          "Actual Loops": 7,
                          "Hash Buckets": 262144,
                          "Original Hash Buckets": 262144,
                          "Hash Batches": 1,
                          "Original Hash Batches": 1,
                          "Peak Memory Usage": 8480,
                          "Plans": [
                            {
                              "Node Type": "Seq Scan",
                              "Parent Relationship": "Outer",
                              "Parallel Aware": true,
                              "Relation Name": "title",
                              "Alias": "t",
                              "Startup Cost": 0.0,
                              "Total Cost": 45479.59,
                              "Plan Rows": 40208,
                              "Plan Width": 4,
                              "Actual Startup Time": 0.051,
                              "Actual Total Time": 87.03,
                              "Actual Rows": 23174,
                              "Actual Loops": 7,
                              "Filter": "((kind_id > 2) AND (production_year > 2011))",
                              "Rows Removed by Filter": 338013
                            }
                          ]
                        }
                      ]
                    },
                    {
                      "Node Type": "Index Scan",
                      "Parent Relationship": "Inner",
                      "Parallel Aware": false,
                      "Scan Direction": "Forward",
                      "Index Name": "movie_id_movie_info",
                      "Relation Name": "movie_info",
                      "Alias": "mi",
                      "Startup Cost": 0.43,
                      "Total Cost": 1.65,
                      "Plan Rows": 35,
                      "Plan Width": 4,
                      "Actual Startup Time": 0.004,
                      "Actual Total Time": 0.008,
                      "Actual Rows": 3,
                      "Actual Loops": 139427,
                      "Index Cond": "(movie_id = ci.movie_id)",
                      "Rows Removed by Index Recheck": 0,
                      "Filter": "(info_type_id > 2)",
                      "Rows Removed by Filter": 0
                    }
                  ]
                }
              ]
            }
          ]
        }
      ]
    },
    "Planning Time": 0.964,
    "Triggers": [],
    "Execution Time": 631.492
  }
]