[
  {
    "Plan": {
      "Node Type": "Aggregate",
      "Strategy": "Plain",
      "Partial Mode": "Finalize",
      "Parallel Aware": false,
      "Startup Cost": 331151.89,
      "Total Cost": 331151.9,
      "Plan Rows": 1,
      "Plan Width": 8,
      "Actual Startup Time": 641.673,
      "Actual Total Time": 687.768,
      "Actual Rows": 1,
      "Actual Loops": 1,
      "Plans": [
        {
          "Node Type": "Gather",
          "Parent Relationship": "Outer",
          "Parallel Aware": false,
          "Startup Cost": 331151.27,
          "Total Cost": 331151.88,
          "Plan Rows": 6,
          "Plan Width": 8,
          "Actual Startup Time": 641.374,
          "Actual Total Time": 687.755,
          "Actual Rows": 7,
          "Actual Loops": 1,
          "Workers Planned": 6,
          "Workers Launched": 6,
          "Single Copy": false,
          "Plans": [
            {
              "Node Type": "Aggregate",
              "Strategy": "Plain",
              "Partial Mode": "Partial",
              "Parent Relationship": "Outer",
              "Parallel Aware": false,
              "Startup Cost": 330151.27,
              "Total Cost": 330151.28,
              "Plan Rows": 1,
              "Plan Width": 8,
              "Actual Startup Time": 631.739,
              "Actual Total Time": 631.74,
              "Actual Rows": 1,
              "Actual Loops": 7,
              "Plans": [
                {
                  "Node Type": "Seq Scan",
                  "Parent Relationship": "Outer",
                  "Parallel Aware": true,
                  "Relation Name": "cast_info",
                  "Alias": "ci",
                  "Startup Cost": 0.0,
                  "Total Cost": 328211.39,
                  "Plan Rows": 775950,
                  "Plan Width": 0,
                  "Actual Startup Time": 0.059,
                  "Actual Total Time": 591.472,
                  "Actual Rows": 688874,
                  "Actual Loops": 7,
                  "Filter": "(person_id < 468405)",
                  "Rows Removed by Filter": 4488889
                }
              ]
            }
          ]
        }
      ]
    },
    "Planning Time": 0.19,
    "Triggers": [],
    "Execution Time": 687.835
  }
]