[
  {
    "Plan": {
      "Node Type": "Aggregate",
      "Strategy": "Plain",
      "Partial Mode": "Simple",
      "Parallel Aware": false,
      "Startup Cost": 28623.73,
      "Total Cost": 28623.74,
      "Plan Rows": 1,
      "Plan Width": 8,
      "Actual Startup Time": 53.926,
      "Actual Total Time": 53.927,
      "Actual Rows": 1,
      "Actual Loops": 1,
      "Plans": [
        {
          "Node Type": "Bitmap Heap Scan",
          "Parent Relationship": "Outer",
          "Parallel Aware": false,
          "Relation Name": "movie_keyword",
          "Alias": "mk",
          "Startup Cost": 2444.04,
          "Total Cost": 28336.11,
          "Plan Rows": 115046,
          "Plan Width": 0,
          "Actual Startup Time": 12.733,
          "Actual Total Time": 49.074,
          "Actual Rows": 109052,
          "Actual Loops": 1,
          "Recheck Cond": "(keyword_id > 80306)",
          "Rows Removed by Index Recheck": 0,
          "Exact Heap Blocks": 17778,
          "Lossy Heap Blocks": 0,
          "Plans": [
            {
              "Node Type": "Bitmap Index Scan",
              "Parent Relationship": "Outer",
              "Parallel Aware": false,
              "Index Name": "keyword_id_movie_keyword",
              "Startup Cost": 0.0,
              "Total Cost": 2415.28,
              "Plan Rows": 115046,
              "Plan Width": 0,
              "Actual Startup Time": 9.72,
              "Actual Total Time": 9.72,
              "Actual Rows": 109052,
              "Actual Loops": 1,
              "Index Cond": "(keyword_id > 80306)"
            }
          ]
        }
      ]
    },
    "Planning Time": 0.083,
    "Triggers": [],
    "Execution Time": 53.957
  }
]