[
  {
    "Plan": {
      "Node Type": "Aggregate",
      "Strategy": "Plain",
      "Partial Mode": "Simple",
      "Parallel Aware": false,
      "Startup Cost": 28401.91,
      "Total Cost": 28401.92,
      "Plan Rows": 1,
      "Plan Width": 8,
      "Actual Startup Time": 66.397,
      "Actual Total Time": 66.398,
      "Actual Rows": 1,
      "Actual Loops": 1,
      "Plans": [
        {
          "Node Type": "Bitmap Heap Scan",
          "Parent Relationship": "Outer",
          "Parallel Aware": false,
          "Relation Name": "movie_keyword",
          "Alias": "mk",
          "Startup Cost": 2313.09,
          "Total Cost": 28129.44,
          "Plan Rows": 108988,
          "Plan Width": 0,
          "Actual Startup Time": 20.988,
          "Actual Total Time": 61.307,
          "Actual Rows": 109052,
          "Actual Loops": 1,
          "Recheck Cond": "(keyword_id > 80306)",
          "Rows Removed by Index Recheck": 0,
          "Exact Heap Blocks": 17778,
          "Lossy Heap Blocks": 0,
          "Plans": [
            {
              "Node Type": "Bitmap Index Scan",
              "Parent Relationship": "Outer",
              "Parallel Aware": false,
              "Index Name": "keyword_id_movie_keyword",
              "Startup Cost": 0.0,
              "Total Cost": 2285.84,
              "Plan Rows": 108988,
              "Plan Width": 0,
              "Actual Startup Time": 15.733,
              "Actual Total Time": 15.733,
              "Actual Rows": 109052,
              "Actual Loops": 1,
              "Index Cond": "(keyword_id > 80306)"
            }
          ]
        }
      ]
    },
    "Planning Time": 0.168,
    "Triggers": [],
    "Execution Time": 66.456
  }
]