[
  {
    "Plan": {
      "Node Type": "Aggregate",
      "Strategy": "Plain",
      "Partial Mode": "Finalize",
      "Parallel Aware": false,
      "Startup Cost": 30970.48,
      "Total Cost": 30970.49,
      "Plan Rows": 1,
      "Plan Width": 8,
      "Actual Startup Time": 85.251,
      "Actual Total Time": 92.17,
      "Actual Rows": 1,
      "Actual Loops": 1,
      "Plans": [
        {
          "Node Type": "Gather",
          "Parent Relationship": "Outer",
          "Parallel Aware": false,
          "Startup Cost": 30970.16,
          "Total Cost": 30970.47,
          "Plan Rows": 3,
          "Plan Width": 8,
          "Actual Startup Time": 85.089,
          "Actual Total Time": 92.162,
          "Actual Rows": 4,
          "Actual Loops": 1,
          "Workers Planned": 3,
          "Workers Launched": 3,
          "Single Copy": false,
          "Plans": [
            {
              "Node Type": "Aggregate",
              "Strategy": "Plain",
              "Partial Mode": "Partial",
              "Parent Relationship": "Outer",
              "Parallel Aware": false,
              "Startup Cost": 29970.16,
              "Total Cost": 29970.17,
              "Plan Rows": 1,
              "Plan Width": 8,
              "Actual Startup Time": 79.922,
              "Actual Total Time": 79.923,
              "Actual Rows": 1,
              "Actual Loops": 4,
              "Plans": [
                {
                  "Node Type": "Seq Scan",
                  "Parent Relationship": "Outer",
                  "Parallel Aware": true,
                  "Relation Name": "movie_companies",
                  "Alias": "mc",
                  "Startup Cost": 0.0,
                  "Total Cost": 29310.68,
                  "Plan Rows": 263793,
                  "Plan Width": 0,
                  "Actual Startup Time": 18.757,
                  "Actual Total Time": 71.184,
                  "Actual Rows": 201818,
                  "Actual Loops": 4,
                  "Filter": "(company_id > 29621)",
                  "Rows Removed by Filter": 450464
                }
              ]
            }
          ]
        }
      ]
    },
    "Planning Time": 0.102,
    "Triggers": [],
    "Execution Time": 92.204
  }
]