[
  {
    "Plan": {
      "Node Type": "Aggregate",
      "Strategy": "Plain",
      "Partial Mode": "Finalize",
      "Parallel Aware": false,
      "Startup Cost": 33132.44,
      "Total Cost": 33132.45,
      "Plan Rows": 1,
      "Plan Width": 8,
      "Actual Startup Time": 73.144,
      "Actual Total Time": 79.942,
      "Actual Rows": 1,
      "Actual Loops": 1,
      "Plans": [
        {
          "Node Type": "Gather",
          "Parent Relationship": "Outer",
          "Parallel Aware": false,
          "Startup Cost": 33132.12,
          "Total Cost": 33132.43,
          "Plan Rows": 3,
          "Plan Width": 8,
          "Actual Startup Time": 73.066,
          "Actual Total Time": 79.935,
          "Actual Rows": 4,
          "Actual Loops": 1,
          "Workers Planned": 3,
          "Workers Launched": 3,
          "Single Copy": false,
          "Plans": [
            {
              "Node Type": "Aggregate",
              "Strategy": "Plain",
              "Partial Mode": "Partial",
              "Parent Relationship": "Outer",
              "Parallel Aware": false,
              "Startup Cost": 32132.12,
              "Total Cost": 32132.13,
              "Plan Rows": 1,
              "Plan Width": 8,
              "Actual Startup Time": 70.407,
              "Actual Total Time": 70.408,
              "Actual Rows": 1,
              "Actual Loops": 4,
              "Plans": [
                {
                  "Node Type": "Seq Scan",
                  "Parent Relationship": "Outer",
                  "Parallel Aware": true,
                  "Relation Name": "movie_companies",
                  "Alias": "mc",
                  "Startup Cost": 0.0,
                  "Total Cost": 31414.82,
                  "Plan Rows": 286921,
                  "Plan Width": 0,
                  "Actual Startup Time": 0.408,
                  "Actual Total Time": 62.747,
                  "Actual Rows": 178531,
                  "Actual Loops": 4,
                  "Filter": "((company_id > 1709) AND (company_type_id = 1))",
                  "Rows Removed by Filter": 473752
                }
              ]
            }
          ]
        }
      ]
    },
    "Planning Time": 0.095,
    "Triggers": [],
    "Execution Time": 79.968
  }
]