[
  {
    "Plan": {
      "Node Type": "Aggregate",
      "Strategy": "Plain",
      "Partial Mode": "Finalize",
      "Parallel Aware": false,
      "Startup Cost": 33133.08,
      "Total Cost": 33133.09,
      "Plan Rows": 1,
      "Plan Width": 8,
      "Actual Startup Time": 90.304,
      "Actual Total Time": 98.389,
      "Actual Rows": 1,
      "Actual Loops": 1,
      "Plans": [
        {
          "Node Type": "Gather",
          "Parent Relationship": "Outer",
          "Parallel Aware": false,
          "Startup Cost": 33132.77,
          "Total Cost": 33133.08,
          "Plan Rows": 3,
          "Plan Width": 8,
          "Actual Startup Time": 90.203,
          "Actual Total Time": 98.38,
          "Actual Rows": 4,
          "Actual Loops": 1,
          "Workers Planned": 3,
          "Workers Launched": 3,
          "Single Copy": false,
          "Plans": [
            {
              "Node Type": "Aggregate",
              "Strategy": "Plain",
              "Partial Mode": "Partial",
              "Parent Relationship": "Outer",
              "Parallel Aware": false,
              "Startup Cost": 32132.77,
              "Total Cost": 32132.78,
              "Plan Rows": 1,
              "Plan Width": 8,
              "Actual Startup Time": 84.485,
              "Actual Total Time": 84.486,
              "Actual Rows": 1,
              "Actual Loops": 4,
              "Plans": [
                {
                  "Node Type": "Seq Scan",
                  "Parent Relationship": "Outer",
                  "Parallel Aware": true,
                  "Relation Name": "movie_companies",
                  "Alias": "mc",
                  "Startup Cost": 0.0,
                  "Total Cost": 31414.82,
                  "Plan Rows": 287179,
                  "Plan Width": 0,
                  "Actual Startup Time": 1.169,
                  "Actual Total Time": 75.98,
                  "Actual Rows": 178531,
                  "Actual Loops": 4,
                  "Filter": "((company_id > 1709) AND (company_type_id = 1))",
                  "Rows Removed by Filter": 473752
                }
              ]
            }
          ]
        }
      ]
    },
    "Planning Time": 0.222,
    "Triggers": [],
    "Execution Time": 98.445
  }
]