[
  {
    "Plan": {
      "Node Type": "Aggregate",
      "Strategy": "Plain",
      "Partial Mode": "Finalize",
      "Parallel Aware": false,
      "Startup Cost": 83440.67,
      "Total Cost": 83440.68,
      "Plan Rows": 1,
      "Plan Width": 8,
      "Actual Startup Time": 402.031,
      "Actual Total Time": 417.334,
      "Actual Rows": 1,
      "Actual Loops": 1,
      "Plans": [
        {
          "Node Type": "Gather",
          "Parent Relationship": "Outer",
          "Parallel Aware": false,
          "Startup Cost": 83440.25,
          "Total Cost": 83440.66,
          "Plan Rows": 4,
          "Plan Width": 8,
          "Actual Startup Time": 394.293,
          "Actual Total Time": 417.324,
          "Actual Rows": 5,
          "Actual Loops": 1,
          "Workers Planned": 4,
          "Workers Launched": 4,
          "Single Copy": false,
          "Plans": [
            {
              "Node Type": "Aggregate",
              "Strategy": "Plain",
              "Partial Mode": "Partial",
              "Parent Relationship": "Outer",
              "Parallel Aware": false,
              "Startup Cost": 82440.25,
              "Total Cost": 82440.26,
              "Plan Rows": 1,
              "Plan Width": 8,
              "Actual Startup Time": 384.846,
              "Actual Total Time": 385.03,
              "Actual Rows": 1,
              "Actual Loops": 5,
              "Plans": [
                {
                  "Node Type": "Hash Join",
                  "Parent Relationship": "Outer",
                  "Parallel Aware": true,
                  "Join Type": "Inner",
                  "Startup Cost": 35136.54,
                  "Total Cost": 82001.98,
                  "Plan Rows": 175306,
                  "Plan Width": 0,
                  "Actual Startup Time": 175.606,
                  "Actual Total Time": 377.641,
                  "Actual Rows": 176610,
                  "Actual Loops": 5,
                  "Inner Unique": false,
                  "Hash Cond": "(t.id = mc.movie_id)",
                  "Plans": [
                    {
                      "Node Type": "Seq Scan",
                      "Parent Relationship": "Outer",
                      "Parallel Aware": true,
                      "Relation Name": "title",
                      "Alias": "t",
                      "Startup Cost": 0.0,
                      "Total Cost": 43898.92,
                      "Plan Rows": 480205,
                      "Plan Width": 4,
                      "Actual Startup Time": 0.012,
                      "Actual Total Time": 77.72,
                      "Actual Rows": 384570,
                      "Actual Loops": 5,
                      "Filter": "(production_year < 2010)",
                      "Rows Removed by Filter": 121093
                    },
                    {
                      "Node Type": "Hash",
                      "Parent Relationship": "Inner",
                      "Parallel Aware": true,
                      "Startup Cost": 31414.82,
                      "Total Cost": 31414.82,
                      "Plan Rows": 297738,
                      "Plan Width": 4,
                      "Actual Startup Time": 171.144,
                      "Actual Total Time": 171.145,
                      "Actual Rows": 220939,
                      "Actual Loops": 5,
                      "Hash Buckets": 2097152,
                      "Original Hash Buckets": 1048576,
                      "Hash Batches": 1,
                      "Original Hash Batches": 1,
                      "Peak Memory Usage": 67872,
                      "Plans": [
                        {
                          "Node Type": "Seq Scan",
                          "Parent Relationship": "Outer",
                          "Parallel Aware": true,
                          "Relation Name": "movie_companies",
                          "Alias": "mc",
                          "Startup Cost": 0.0,
                          "Total Cost": 31414.82,
                          "Plan Rows": 297738,
                          "Plan Width": 4,
                          "Actual Startup Time": 46.45,
                          "Actual Total Time": 81.184,
                          "Actual Rows": 220939,
                          "Actual Loops": 5,
                          "Filter": "((company_id > 1684) AND (company_type_id > 1))",
                          "Rows Removed by Filter": 300887
                        }
                      ]
                    }
                  ]
                }
              ]
            }
          ]
        }
      ]
    },
    "Planning Time": 0.651,
    "Triggers": [],
    "Execution Time": 417.412
  }
]