[
  {
    "Plan": {
      "Node Type": "Aggregate",
      "Strategy": "Plain",
      "Partial Mode": "Finalize",
      "Parallel Aware": false,
      "Startup Cost": 77226.59,
      "Total Cost": 77226.6,
      "Plan Rows": 1,
      "Plan Width": 8,
      "Actual Startup Time": 413.829,
      "Actual Total Time": 429.79,
      "Actual Rows": 1,
      "Actual Loops": 1,
      "Plans": [
        {
          "Node Type": "Gather",
          "Parent Relationship": "Outer",
          "Parallel Aware": false,
          "Startup Cost": 77226.27,
          "Total Cost": 77226.58,
          "Plan Rows": 3,
          "Plan Width": 8,
          "Actual Startup Time": 402.665,
          "Actual Total Time": 429.782,
          "Actual Rows": 4,
          "Actual Loops": 1,
          "Workers Planned": 3,
          "Workers Launched": 3,
          "Single Copy": false,
          "Plans": [
            {
              "Node Type": "Aggregate",
              "Strategy": "Plain",
              "Partial Mode": "Partial",
              "Parent Relationship": "Outer",
              "Parallel Aware": false,
              "Startup Cost": 76226.27,
              "Total Cost": 76226.28,
              "Plan Rows": 1,
              "Plan Width": 8,
              "Actual Startup Time": 390.71,
              "Actual Total Time": 390.713,
              "Actual Rows": 1,
              "Actual Loops": 4,
              "Plans": [
                {
                  "Node Type": "Hash Join",
                  "Parent Relationship": "Outer",
                  "Parallel Aware": true,
                  "Join Type": "Inner",
                  "Startup Cost": 51208.59,
                  "Total Cost": 76188.83,
                  "Plan Rows": 14975,
                  "Plan Width": 0,
                  "Actual Startup Time": 357.468,
                  "Actual Total Time": 390.015,
                  "Actual Rows": 9723,
                  "Actual Loops": 4,
                  "Inner Unique": true,
                  "Hash Cond": "(mk.movie_id = t.id)",
                  "Plans": [
                    {
                      "Node Type": "Bitmap Heap Scan",
                      "Parent Relationship": "Outer",
                      "Parallel Aware": true,
                      "Relation Name": "movie_keyword",
                      "Alias": "mk",
                      "Startup Cost": 988.2,
                      "Total Cost": 25929.14,
                      "Plan Rows": 14975,
                      "Plan Width": 4,
                      "Actual Startup Time": 6.316,
                      "Actual Total Time": 26.39,
                      "Actual Rows": 9723,
                      "Actual Loops": 4,
                      "Recheck Cond": "(keyword_id < 47)",
                      "Rows Removed by Index Recheck": 0,
                      "Exact Heap Blocks": 6700,
                      "Lossy Heap Blocks": 0,
                      "Plans": [
                        {
                          "Node Type": "Bitmap Index Scan",
                          "Parent Relationship": "Outer",
                          "Parallel Aware": false,
                          "Index Name": "keyword_id_movie_keyword",
                          "Startup Cost": 0.0,
                          "Total Cost": 976.6,
                          "Plan Rows": 46422,
                          "Plan Width": 0,
                          "Actual Startup Time": 4.208,
                          "Actual Total Time": 4.209,
                          "Actual Rows": 38892,
                          "Actual Loops": 1,
                          "Index Cond": "(keyword_id < 47)"
                        }
                      ]
                    },
                    {
                      "Node Type": "Hash",
                      "Parent Relationship": "Inner",
                      "Parallel Aware": true,
                      "Startup Cost": 42319.06,
                      "Total Cost": 42319.06,
                      "Plan Rows": 632106,
                      "Plan Width": 4,
                      "Actual Startup Time": 343.035,
                      "Actual Total Time": 343.036,
                      "Actual Rows": 632078,
                      "Actual Loops": 4,
                      "Hash Buckets": 4194304,
                      "Original Hash Buckets": 4194304,
                      "Hash Batches": 1,
                      "Original Hash Batches": 1,
                      "Peak Memory Usage": 131744,
                      "Plans": [
                        {
                          "Node Type": "Seq Scan",
                          "Parent Relationship": "Outer",
                          "Parallel Aware": true,
                          "Relation Name": "title",
                          "Alias": "t",
                          "Startup Cost": 0.0,
                          "Total Cost": 42319.06,
                          "Plan Rows": 632106,
                          "Plan Width": 4,
                          "Actual Startup Time": 0.037,
                          "Actual Total Time": 101.74,
                          "Actual Rows": 632078,
                          "Actual Loops": 4
                        }
                      ]
                    }
                  ]
                }
              ]
            }
          ]
        }
      ]
    },
    "Planning Time": 0.29,
    "Triggers": [],
    "Execution Time": 429.835
  }
]