[
  {
    "Plan": {
      "Node Type": "Aggregate",
      "Strategy": "Plain",
      "Partial Mode": "Simple",
      "Parallel Aware": false,
      "Startup Cost": 49072.28,
      "Total Cost": 49072.29,
      "Plan Rows": 1,
      "Plan Width": 64,
      "Actual Startup Time": 1271.532,
      "Actual Total Time": 1398.69,
      "Actual Rows": 1,
      "Actual Loops": 1,
      "Plans": [
        {
          "Node Type": "Nested Loop",
          "Parent Relationship": "Outer",
          "Parallel Aware": false,
          "Join Type": "Inner",
          "Startup Cost": 17630.18,
          "Total Cost": 49072.27,
          "Plan Rows": 1,
          "Plan Width": 32,
          "Actual Startup Time": 1133.594,
          "Actual Total Time": 1398.66,
          "Actual Rows": 26,
          "Actual Loops": 1,
          "Inner Unique": true,
          "Join Filter": "(pi.info_type_id = it.id)",
          "Rows Removed by Join Filter": 0,
          "Plans": [
            {
              "Node Type": "Nested Loop",
              "Parent Relationship": "Outer",
              "Parallel Aware": false,
              "Join Type": "Inner",
              "Startup Cost": 17630.18,
              "Total Cost": 49069.85,
              "Plan Rows": 1,
              "Plan Width": 36,
              "Actual Startup Time": 1133.563,
              "Actual Total Time": 1398.512,
              "Actual Rows": 26,
              "Actual Loops": 1,
              "Inner Unique": true,
              "Join Filter": "(an.person_id = n.id)",
              "Rows Removed by Join Filter": 0,
              "Plans": [
                {
                  "Node Type": "Gather",
                  "Parent Relationship": "Outer",
                  "Parallel Aware": false,
                  "Startup Cost": 17629.74,
                  "Total Cost": 49065.37,
                  "Plan Rows": 1,
                  "Plan Width": 33,
                  "Actual Startup Time": 1133.455,
                  "Actual Total Time": 1398.079,
                  "Actual Rows": 45,
                  "Actual Loops": 1,
                  "Workers Planned": 3,
                  "Workers Launched": 3,
                  "Single Copy": false,
                  "Plans": [
                    {
                      "Node Type": "Nested Loop",
                      "Parent Relationship": "Outer",
                      "Parallel Aware": false,
                      "Join Type": "Inner",
                      "Startup Cost": 16629.74,
                      "Total Cost": 48065.27,
                      "Plan Rows": 1,
                      "Plan Width": 33,
                      "Actual Startup Time": 1145.13,
                      "Actual Total Time": 1205.694,
                      "Actual Rows": 11,
                      "Actual Loops": 4,
                      "Inner Unique": false,
                      "Join Filter": "(an.person_id = pi.person_id)",
                      "Rows Removed by Join Filter": 0,
                      "Plans": [
                        {
                          "Node Type": "Hash Join",
                          "Parent Relationship": "Outer",
                          "Parallel Aware": false,
                          "Join Type": "Inner",
                          "Startup Cost": 16629.13,
                          "Total Cost": 32334.68,
                          "Plan Rows": 3156,
                          "Plan Width": 25,
                          "Actual Startup Time": 1053.269,
                          "Actual Total Time": 1104.292,
                          "Actual Rows": 7785,
                          "Actual Loops": 4,
                          "Inner Unique": false,
                          "Hash Cond": "(an.person_id = ci.person_id)",
                          "Plans": [
                            {
                              "Node Type": "Seq Scan",
                              "Parent Relationship": "Outer",
                              "Parallel Aware": true,
                              "Relation Name": "aka_name",
                              "Alias": "an",
                              "Startup Cost": 0.0,
                              "Total Cost": 15030.45,
                              "Plan Rows": 32177,
                              "Plan Width": 4,
                              "Actual Startup Time": 0.083,
                              "Actual Total Time": 42.362,
                              "Actual Rows": 15909,
                              "Actual Loops": 4,
                              "Filter": "(name ~~ '%E%'::text)",
                              "Rows Removed by Filter": 209427
                            },
                            {
                              "Node Type": "Hash",
                              "Parent Relationship": "Inner",
                              "Parallel Aware": false,
                              "Startup Cost": 16157.88,
                              "Total Cost": 16157.88,
                              "Plan Rows": 37700,
                              "Plan Width": 21,
                              "Actual Startup Time": 1051.89,
                              "Actual Total Time": 1051.9,
                              "Actual Rows": 340956,
                              "Actual Loops": 4,
                              "Hash Buckets": 524288,
                              "Original Hash Buckets": 65536,
                              "Hash Batches": 1,
                              "Original Hash Batches": 1,
                              "Peak Memory Usage": 22152,
                              "Plans": [
                                {
                                  "Node Type": "Nested Loop",
                                  "Parent Relationship": "Outer",
                                  "Parallel Aware": false,
                                  "Join Type": "Inner",
                                  "Startup Cost": 41.6,
                                  "Total Cost": 16157.88,
                                  "Plan Rows": 37700,
                                  "Plan Width": 21,
                                  "Actual Startup Time": 1.565,
                                  "Actual Total Time": 934.613,
                                  "Actual Rows": 340956,
                                  "Actual Loops": 4,
                                  "Inner Unique": false,
                                  "Plans": [
                                    {
                                      "Node Type": "Nested Loop",
                                      "Parent Relationship": "Outer",
                                      "Parallel Aware": false,
                                      "Join Type": "Inner",
                                      "Startup Cost": 40.46,
                                      "Total Cost": 9667.74,
                                      "Plan Rows": 1099,
                                      "Plan Width": 25,
                                      "Actual Startup Time": 1.262,
                                      "Actual Total Time": 70.945,
                                      "Actual Rows": 4370,
                                      "Actual Loops": 4,
                                      "Inner Unique": true,
                                      "Plans": [
                                        {
                                          "Node Type": "Nested Loop",
                                          "Parent Relationship": "Outer",
                                          "Parallel Aware": false,
                                          "Join Type": "Inner",
                                          "Startup Cost": 38.82,
                                          "Total Cost": 245.23,
                                          "Plan Rows": 1666,
                                          "Plan Width": 4,
                                          "Actual Startup Time": 1.049,
                                          "Actual Total Time": 3.538,
                                          "Actual Rows": 5186,
                                          "Actual Loops": 4,
                                          "Inner Unique": false,
                                          "Plans": [
                                            {
                                              "Node Type": "Seq Scan",
                                              "Parent Relationship": "Outer",
                                              "Parallel Aware": false,
                                              "Relation Name": "link_type",
                                              "Alias": "lt",
                                              "Startup Cost": 0.0,
                                              "Total Cost": 1.23,
                                              "Plan Rows": 1,
                                              "Plan Width": 4,
                                              "Actual Startup Time": 0.085,
                                              "Actual Total Time": 0.092,
                                              "Actual Rows": 1,
                                              "Actual Loops": 4,
                                              "Filter": "((link)::text = 'features'::text)",
                                              "Rows Removed by Filter": 17
                                            },
                                            {
                                              "Node Type": "Bitmap Heap Scan",
                                              "Parent Relationship": "Inner",
                                              "Parallel Aware": false,
                                              "Relation Name": "movie_link",
                                              "Alias": "ml",
                                              "Startup Cost": 38.82,
                                              "Total Cost": 225.26,
                                              "Plan Rows": 1875,
                                              "Plan Width": 8,
                                              "Actual Startup Time": 0.953,
                                              "Actual Total Time": 2.568,
                                              "Actual Rows": 5186,
                                              "Actual Loops": 4,
                                              "Recheck Cond": "(link_type_id = lt.id)",
                                              "Rows Removed by Index Recheck": 0,
                                              "Exact Heap Blocks": 132,
                                              "Lossy Heap Blocks": 0,
                                              "Plans": [
                                                {
                                                  "Node Type": "Bitmap Index Scan",
                                                  "Parent Relationship": "Outer",
                                                  "Parallel Aware": false,
                                                  "Index Name": "link_type_id_movie_link",
                                                  "Startup Cost": 0.0,
                                                  "Total Cost": 38.35,
                                                  "Plan Rows": 1875,
                                                  "Plan Width": 0,
                                                  "Actual Startup Time": 0.895,
                                                  "Actual Total Time": 0.896,
                                                  "Actual Rows": 5186,
                                                  "Actual Loops": 4,
                                                  "Index Cond": "(link_type_id = lt.id)"
                                                }
                                              ]
                                            }
                                          ]
                                        },
                                        {
                                          "Node Type": "Bitmap Heap Scan",
                                          "Parent Relationship": "Inner",
                                          "Parallel Aware": false,
                                          "Relation Name": "title",
                                          "Alias": "t",
                                          "Startup Cost": 1.64,
                                          "Total Cost": 5.66,
                                          "Plan Rows": 1,
                                          "Plan Width": 21,
                                          "Actual Startup Time": 0.011,
                                          "Actual Total Time": 0.011,
                                          "Actual Rows": 1,
                                          "Actual Loops": 20744,
                                          "Recheck Cond": "(id = ml.linked_movie_id)",
                                          "Rows Removed by Index Recheck": 0,
                                          "Filter": "((production_year >= 1936) AND (production_year <= 2008))",
                                          "Rows Removed by Filter": 0,
                                          "Exact Heap Blocks": 5186,
                                          "Lossy Heap Blocks": 0,
                                          "Plans": [
                                            {
                                              "Node Type": "Bitmap Index Scan",
                                              "Parent Relationship": "Outer",
                                              "Parallel Aware": false,
                                              "Index Name": "title_pkey",
                                              "Startup Cost": 0.0,
                                              "Total Cost": 1.64,
                                              "Plan Rows": 1,
                                              "Plan Width": 0,
                                              "Actual Startup Time": 0.006,
                                              "Actual Total Time": 0.006,
                                              "Actual Rows": 1,
                                              "Actual Loops": 20744,
                                              "Index Cond": "(id = ml.linked_movie_id)"
                                            }
                                          ]
                                        }
                                      ]
                                    },
                                    {
                                      "Node Type": "Bitmap Heap Scan",
                                      "Parent Relationship": "Inner",
                                      "Parallel Aware": false,
                                      "Relation Name": "cast_info",
                                      "Alias": "ci",
                                      "Startup Cost": 1.14,
                                      "Total Cost": 5.57,
                                      "Plan Rows": 34,
                                      "Plan Width": 8,
                                      "Actual Startup Time": 0.025,
                                      "Actual Total Time": 0.186,
                                      "Actual Rows": 78,
                                      "Actual Loops": 17480,
                                      "Recheck Cond": "(movie_id = t.id)",
                                      "Rows Removed by Index Recheck": 0,
                                      "Exact Heap Blocks": 330117,
                                      "Lossy Heap Blocks": 0,
                                      "Plans": [
                                        {
                                          "Node Type": "Bitmap Index Scan",
                                          "Parent Relationship": "Outer",
                                          "Parallel Aware": false,
                                          "Index Name": "movie_id_cast_info",
                                          "Startup Cost": 0.0,
                                          "Total Cost": 1.13,
                                          "Plan Rows": 34,
                                          "Plan Width": 0,
                                          "Actual Startup Time": 0.016,
                                          "Actual Total Time": 0.016,
                                          "Actual Rows": 78,
                                          "Actual Loops": 17480,
                                          "Index Cond": "(movie_id = t.id)"
                                        }
                                      ]
                                    }
                                  ]
                                }
                              ]
                            }
                          ]
                        },
                        {
                          "Node Type": "Bitmap Heap Scan",
                          "Parent Relationship": "Inner",
                          "Parallel Aware": false,
                          "Relation Name": "person_info",
                          "Alias": "pi",
                          "Startup Cost": 0.61,
                          "Total Cost": 4.97,
                          "Plan Rows": 1,
                          "Plan Width": 8,
                          "Actual Startup Time": 0.011,
                          "Actual Total Time": 0.011,
                          "Actual Rows": 0,
                          "Actual Loops": 31139,
                          "Recheck Cond": "(person_id = ci.person_id)",
                          "Rows Removed by Index Recheck": 0,
                          "Filter": "(note = 'Volker Boehm'::text)",
                          "Rows Removed by Filter": 33,
                          "Exact Heap Blocks": 20895,
                          "Lossy Heap Blocks": 0,
                          "Plans": [
                            {
                              "Node Type": "Bitmap Index Scan",
                              "Parent Relationship": "Outer",
                              "Parallel Aware": false,
                              "Index Name": "person_id_person_info",
                              "Startup Cost": 0.0,
                              "Total Cost": 0.61,
                              "Plan Rows": 24,
                              "Plan Width": 0,
                              "Actual Startup Time": 0.006,
                              "Actual Total Time": 0.006,
                              "Actual Rows": 33,
                              "Actual Loops": 31139,
                              "Index Cond": "(person_id = ci.person_id)"
                            }
                          ]
                        }
                      ]
                    }
                  ]
                },
                {
                  "Node Type": "Bitmap Heap Scan",
                  "Parent Relationship": "Inner",
                  "Parallel Aware": false,
                  "Relation Name": "name",
                  "Alias": "n",
                  "Startup Cost": 0.44,
                  "Total Cost": 4.46,
                  "Plan Rows": 1,
                  "Plan Width": 19,
                  "Actual Startup Time": 0.007,
                  "Actual Total Time": 0.007,
                  "Actual Rows": 1,
                  "Actual Loops": 45,
                  "Recheck Cond": "(id = ci.person_id)",
                  "Rows Removed by Index Recheck": 0,
                  "Filter": "(((name_pcode_cf)::text >= 'B'::text) AND ((name_pcode_cf)::text <= 'T'::text) AND (((gender)::text = 'm'::text) OR (((gender)::text = 'f'::text) AND (name ~~ 'B%'::text))))",
                  "Rows Removed by Filter": 0,
                  "Exact Heap Blocks": 45,
                  "Lossy Heap Blocks": 0,
                  "Plans": [
                    {
                      "Node Type": "Bitmap Index Scan",
                      "Parent Relationship": "Outer",
                      "Parallel Aware": false,
                      "Index Name": "name_pkey",
                      "Startup Cost": 0.0,
                      "Total Cost": 0.44,
                      "Plan Rows": 1,
                      "Plan Width": 0,
                      "Actual Startup Time": 0.005,
                      "Actual Total Time": 0.005,
                      "Actual Rows": 1,
                      "Actual Loops": 45,
                      "Index Cond": "(id = ci.person_id)"
                    }
                  ]
                }
              ]
            },
            {
              "Node Type": "Seq Scan",
              "Parent Relationship": "Inner",
              "Parallel Aware": false,
              "Relation Name": "info_type",
              "Alias": "it",
              "Startup Cost": 0.0,
              "Total Cost": 2.41,
              "Plan Rows": 1,
              "Plan Width": 4,
              "Actual Startup Time": 0.003,
              "Actual Total Time": 0.003,
              "Actual Rows": 1,
              "Actual Loops": 26,
              "Filter": "((info)::text = 'mini biography'::text)",
              "Rows Removed by Filter": 18
            }
          ]
        }
      ]
    },
    "Planning Time": 5.029,
    "Triggers": [],
    "Execution Time": 1400.771
  }
]