[
  {
    "Plan": {
      "Node Type": "Aggregate",
      "Strategy": "Plain",
      "Partial Mode": "Finalize",
      "Parallel Aware": false,
      "Startup Cost": 396217.03,
      "Total Cost": 396217.04,
      "Plan Rows": 1,
      "Plan Width": 8,
      "Actual Startup Time": 944.399,
      "Actual Total Time": 1000.031,
      "Actual Rows": 1,
      "Actual Loops": 1,
      "Plans": [
        {
          "Node Type": "Gather",
          "Parent Relationship": "Outer",
          "Parallel Aware": false,
          "Startup Cost": 396216.41,
          "Total Cost": 396217.02,
          "Plan Rows": 6,
          "Plan Width": 8,
          "Actual Startup Time": 937.088,
          "Actual Total Time": 1000.018,
          "Actual Rows": 7,
          "Actual Loops": 1,
          "Workers Planned": 6,
          "Workers Launched": 6,
          "Single Copy": false,
          "Plans": [
            {
              "Node Type": "Aggregate",
              "Strategy": "Plain",
              "Partial Mode": "Partial",
              "Parent Relationship": "Outer",
              "Parallel Aware": false,
              "Startup Cost": 395216.41,
              "Total Cost": 395216.42,
              "Plan Rows": 1,
              "Plan Width": 8,
              "Actual Startup Time": 927.643,
              "Actual Total Time": 927.646,
              "Actual Rows": 1,
              "Actual Loops": 7,
              "Plans": [
                {
                  "Node Type": "Hash Join",
                  "Parent Relationship": "Outer",
                  "Parallel Aware": true,
                  "Join Type": "Inner",
                  "Startup Cost": 48180.25,
                  "Total Cost": 394302.87,
                  "Plan Rows": 365413,
                  "Plan Width": 0,
                  "Actual Startup Time": 361.977,
                  "Actual Total Time": 919.756,
                  "Actual Rows": 142980,
                  "Actual Loops": 7,
                  "Inner Unique": true,
                  "Hash Cond": "(ci.movie_id = t.id)",
                  "Plans": [
                    {
                      "Node Type": "Seq Scan",
                      "Parent Relationship": "Outer",
                      "Parallel Aware": true,
                      "Relation Name": "cast_info",
                      "Alias": "ci",
                      "Startup Cost": 0.0,
                      "Total Cost": 343316.27,
                      "Plan Rows": 1069088,
                      "Plan Width": 4,
                      "Actual Startup Time": 225.876,
                      "Actual Total Time": 643.031,
                      "Actual Rows": 397595,
                      "Actual Loops": 7,
                      "Filter": "((person_id < 977106) AND (role_id > 1))",
                      "Rows Removed by Filter": 4780168
                    },
                    {
                      "Node Type": "Hash",
                      "Parent Relationship": "Inner",
                      "Parallel Aware": true,
                      "Startup Cost": 45479.59,
                      "Total Cost": 45479.59,
                      "Plan Rows": 216053,
                      "Plan Width": 4,
                      "Actual Startup Time": 133.21,
                      "Actual Total Time": 133.211,
                      "Actual Rows": 111240,
                      "Actual Loops": 7,
                      "Hash Buckets": 1048576,
                      "Original Hash Buckets": 1048576,
                      "Hash Batches": 1,
                      "Original Hash Batches": 1,
                      "Peak Memory Usage": 38752,
                      "Plans": [
                        {
                          "Node Type": "Seq Scan",
                          "Parent Relationship": "Outer",
                          "Parallel Aware": true,
                          "Relation Name": "title",
                          "Alias": "t",
                          "Startup Cost": 0.0,
                          "Total Cost": 45479.59,
                          "Plan Rows": 216053,
                          "Plan Width": 4,
                          "Actual Startup Time": 0.054,
                          "Actual Total Time": 80.819,
                          "Actual Rows": 111240,
                          "Actual Loops": 7,
                          "Filter": "((kind_id < 7) AND (production_year > 1960))",
                          "Rows Removed by Filter": 249947
                        }
                      ]
                    }
                  ]
                }
              ]
            }
          ]
        }
      ]
    },
    "Planning Time": 0.327,
    "Triggers": [],
    "Execution Time": 1000.087
  }
]