[
  {
    "Plan": {
      "Node Type": "Aggregate",
      "Strategy": "Plain",
      "Partial Mode": "Finalize",
      "Parallel Aware": false,
      "Startup Cost": 29484.73,
      "Total Cost": 29484.74,
      "Plan Rows": 1,
      "Plan Width": 8,
      "Actual Startup Time": 87.513,
      "Actual Total Time": 91.464,
      "Actual Rows": 1,
      "Actual Loops": 1,
      "Plans": [
        {
          "Node Type": "Gather",
          "Parent Relationship": "Outer",
          "Parallel Aware": false,
          "Startup Cost": 29484.41,
          "Total Cost": 29484.72,
          "Plan Rows": 3,
          "Plan Width": 8,
          "Actual Startup Time": 87.313,
          "Actual Total Time": 91.456,
          "Actual Rows": 4,
          "Actual Loops": 1,
          "Workers Planned": 3,
          "Workers Launched": 3,
          "Single Copy": false,
          "Plans": [
            {
              "Node Type": "Aggregate",
              "Strategy": "Plain",
              "Partial Mode": "Partial",
              "Parent Relationship": "Outer",
              "Parallel Aware": false,
              "Startup Cost": 28484.41,
              "Total Cost": 28484.42,
              "Plan Rows": 1,
              "Plan Width": 8,
              "Actual Startup Time": 78.443,
              "Actual Total Time": 78.444,
              "Actual Rows": 1,
              "Actual Loops": 4,
              "Plans": [
                {
                  "Node Type": "Bitmap Heap Scan",
                  "Parent Relationship": "Outer",
                  "Parallel Aware": true,
                  "Relation Name": "movie_companies",
                  "Alias": "mc",
                  "Startup Cost": 7795.26,
                  "Total Cost": 28335.34,
                  "Plan Rows": 59627,
                  "Plan Width": 0,
                  "Actual Startup Time": 35.171,
                  "Actual Total Time": 72.398,
                  "Actual Rows": 89920,
                  "Actual Loops": 4,
                  "Recheck Cond": "(company_id > 86998)",
                  "Rows Removed by Index Recheck": 0,
                  "Filter": "(company_type_id > 1)",
                  "Rows Removed by Filter": 0,
                  "Exact Heap Blocks": 3006,
                  "Lossy Heap Blocks": 0,
                  "Plans": [
                    {
                      "Node Type": "Bitmap Index Scan",
                      "Parent Relationship": "Outer",
                      "Parallel Aware": false,
                      "Index Name": "company_id_movie_companies",
                      "Startup Cost": 0.0,
                      "Total Cost": 7749.05,
                      "Plan Rows": 361683,
                      "Plan Width": 0,
                      "Actual Startup Time": 42.465,
                      "Actual Total Time": 42.465,
                      "Actual Rows": 359681,
                      "Actual Loops": 1,
                      "Index Cond": "(company_id > 86998)"
                    }
                  ]
                }
              ]
            }
          ]
        }
      ]
    },
    "Planning Time": 0.267,
    "Triggers": [],
    "Execution Time": 91.543
  }
]