[
  {
    "Plan": {
      "Node Type": "Aggregate",
      "Strategy": "Plain",
      "Partial Mode": "Finalize",
      "Parallel Aware": false,
      "Startup Cost": 237167.55,
      "Total Cost": 237167.56,
      "Plan Rows": 1,
      "Plan Width": 8,
      "Actual Startup Time": 560.18,
      "Actual Total Time": 593.499,
      "Actual Rows": 1,
      "Actual Loops": 1,
      "Plans": [
        {
          "Node Type": "Gather",
          "Parent Relationship": "Outer",
          "Parallel Aware": false,
          "Startup Cost": 237167.23,
          "Total Cost": 237167.54,
          "Plan Rows": 3,
          "Plan Width": 8,
          "Actual Startup Time": 556.913,
          "Actual Total Time": 593.486,
          "Actual Rows": 4,
          "Actual Loops": 1,
          "Workers Planned": 3,
          "Workers Launched": 3,
          "Single Copy": false,
          "Plans": [
            {
              "Node Type": "Aggregate",
              "Strategy": "Plain",
              "Partial Mode": "Partial",
              "Parent Relationship": "Outer",
              "Parallel Aware": false,
              "Startup Cost": 236167.23,
              "Total Cost": 236167.24,
              "Plan Rows": 1,
              "Plan Width": 8,
              "Actual Startup Time": 547.754,
              "Actual Total Time": 547.759,
              "Actual Rows": 1,
              "Actual Loops": 4,
              "Plans": [
                {
                  "Node Type": "Nested Loop",
                  "Parent Relationship": "Outer",
                  "Parallel Aware": false,
                  "Join Type": "Inner",
                  "Startup Cost": 47224.52,
                  "Total Cost": 235352.73,
                  "Plan Rows": 325800,
                  "Plan Width": 0,
                  "Actual Startup Time": 230.12,
                  "Actual Total Time": 533.629,
                  "Actual Rows": 198608,
                  "Actual Loops": 4,
                  "Inner Unique": false,
                  "Join Filter": "(t.id = mi.movie_id)",
                  "Rows Removed by Join Filter": 0,
                  "Plans": [
                    {
                      "Node Type": "Hash Join",
                      "Parent Relationship": "Outer",
                      "Parallel Aware": true,
                      "Join Type": "Inner",
                      "Startup Cost": 47224.09,
                      "Total Cost": 79301.14,
                      "Plan Rows": 55718,
                      "Plan Width": 8,
                      "Actual Startup Time": 230.023,
                      "Actual Total Time": 320.219,
                      "Actual Rows": 23926,
                      "Actual Loops": 4,
                      "Inner Unique": true,
                      "Hash Cond": "(mc.movie_id = t.id)",
                      "Plans": [
                        {
                          "Node Type": "Seq Scan",
                          "Parent Relationship": "Outer",
                          "Parallel Aware": true,
                          "Relation Name": "movie_companies",
                          "Alias": "mc",
                          "Startup Cost": 0.0,
                          "Total Cost": 31414.82,
                          "Plan Rows": 252279,
                          "Plan Width": 4,
                          "Actual Startup Time": 43.301,
                          "Actual Total Time": 90.337,
                          "Actual Rows": 122965,
                          "Actual Loops": 4,
                          "Filter": "((company_id < 14423) AND (company_type_id > 1))",
                          "Rows Removed by Filter": 529317
                        },
                        {
                          "Node Type": "Hash",
                          "Parent Relationship": "Inner",
                          "Parallel Aware": true,
                          "Startup Cost": 45479.1,
                          "Total Cost": 45479.1,
                          "Plan Rows": 139599,
                          "Plan Width": 4,
                          "Actual Startup Time": 181.555,
                          "Actual Total Time": 181.556,
                          "Actual Rows": 113558,
                          "Actual Loops": 4,
                          "Hash Buckets": 1048576,
                          "Original Hash Buckets": 1048576,
                          "Hash Batches": 1,
                          "Original Hash Batches": 1,
                          "Peak Memory Usage": 26016,
                          "Plans": [
                            {
                              "Node Type": "Seq Scan",
                              "Parent Relationship": "Outer",
                              "Parallel Aware": true,
                              "Relation Name": "title",
                              "Alias": "t",
                              "Startup Cost": 0.0,
                              "Total Cost": 45479.1,
                              "Plan Rows": 139599,
                              "Plan Width": 4,
                              "Actual Startup Time": 0.038,
                              "Actual Total Time": 128.964,
                              "Actual Rows": 113558,
                              "Actual Loops": 4,
                              "Filter": "((production_year < 1998) AND (kind_id = 7))",
                              "Rows Removed by Filter": 518520
                            }
                          ]
                        }
                      ]
                    },
                    {
                      "Node Type": "Index Only Scan",
                      "Parent Relationship": "Inner",
                      "Parallel Aware": false,
                      "Scan Direction": "Forward",
                      "Index Name": "movie_id_movie_info",
                      "Relation Name": "movie_info",
                      "Alias": "mi",
                      "Startup Cost": 0.43,
                      "Total Cost": 2.28,
                      "Plan Rows": 42,
                      "Plan Width": 4,
                      "Actual Startup Time": 0.003,
                      "Actual Total Time": 0.008,
                      "Actual Rows": 8,
                      "Actual Loops": 95704,
                      "Index Cond": "(movie_id = mc.movie_id)",
                      "Rows Removed by Index Recheck": 0,
                      "Heap Fetches": 794433
                    }
                  ]
                }
              ]
            }
          ]
        }
      ]
    },
    "Planning Time": 1.477,
    "Triggers": [],
    "Execution Time": 593.593
  }
]