[
    {
        "Bao": {
            "Bao prediction": "NaN",
            "Bao recommended hint": "(no hint)"
        }
    },
    {
        "Plan": {
            "Node Type": "Aggregate",
            "Strategy": "Plain",
            "Partial Mode": "Finalize",
            "Parallel Aware": false,
            "Startup Cost": 312700.4,
            "Total Cost": 312700.41,
            "Plan Rows": 1,
            "Plan Width": 8,
            "Actual Startup Time": 5188.093,
            "Actual Total Time": 5216.244,
            "Actual Rows": 1,
            "Actual Loops": 1,
            "Output": [
                "count(*)"
            ],
            "Plans": [
                {
                    "Node Type": "Gather",
                    "Parent Relationship": "Outer",
                    "Parallel Aware": false,
                    "Startup Cost": 312699.88,
                    "Total Cost": 312700.39,
                    "Plan Rows": 5,
                    "Plan Width": 8,
                    "Actual Startup Time": 5171.905,
                    "Actual Total Time": 5216.234,
                    "Actual Rows": 6,
                    "Actual Loops": 1,
                    "Output": [
                        "(PARTIAL count(*))"
                    ],
                    "Workers Planned": 5,
                    "Workers Launched": 5,
                    "Single Copy": false,
                    "Plans": [
                        {
                            "Node Type": "Aggregate",
                            "Strategy": "Plain",
                            "Partial Mode": "Partial",
                            "Parent Relationship": "Outer",
                            "Parallel Aware": false,
                            "Startup Cost": 311699.88,
                            "Total Cost": 311699.89,
                            "Plan Rows": 1,
                            "Plan Width": 8,
                            "Actual Startup Time": 5155.584,
                            "Actual Total Time": 5155.59,
                            "Actual Rows": 1,
                            "Actual Loops": 6,
                            "Output": [
                                "PARTIAL count(*)"
                            ],
                            "Workers": [
                                {
                                    "Worker Number": 0,
                                    "Actual Startup Time": 5152.359,
                                    "Actual Total Time": 5152.364,
                                    "Actual Rows": 1,
                                    "Actual Loops": 1
                                },
                                {
                                    "Worker Number": 1,
                                    "Actual Startup Time": 5152.414,
                                    "Actual Total Time": 5152.419,
                                    "Actual Rows": 1,
                                    "Actual Loops": 1
                                },
                                {
                                    "Worker Number": 2,
                                    "Actual Startup Time": 5152.557,
                                    "Actual Total Time": 5152.561,
                                    "Actual Rows": 1,
                                    "Actual Loops": 1
                                },
                                {
                                    "Worker Number": 3,
                                    "Actual Startup Time": 5152.418,
                                    "Actual Total Time": 5152.424,
                                    "Actual Rows": 1,
                                    "Actual Loops": 1
                                },
                                {
                                    "Worker Number": 4,
                                    "Actual Startup Time": 5152.617,
                                    "Actual Total Time": 5152.621,
                                    "Actual Rows": 1,
                                    "Actual Loops": 1
                                }
                            ],
                            "Plans": [
                                {
                                    "Node Type": "Hash Join",
                                    "Parent Relationship": "Outer",
                                    "Parallel Aware": true,
                                    "Join Type": "Inner",
                                    "Startup Cost": 99040.37,
                                    "Total Cost": 307294.39,
                                    "Plan Rows": 1762196,
                                    "Plan Width": 0,
                                    "Actual Startup Time": 616.38,
                                    "Actual Total Time": 3771.114,
                                    "Actual Rows": 32180296,
                                    "Actual Loops": 6,
                                    "Inner Unique": false,
                                    "Hash Cond": "(mi.movie_id = t.id)",
                                    "Workers": [
                                        {
                                            "Worker Number": 0,
                                            "Actual Startup Time": 613.845,
                                            "Actual Total Time": 3774.18,
                                            "Actual Rows": 31182985,
                                            "Actual Loops": 1
                                        },
                                        {
                                            "Worker Number": 1,
                                            "Actual Startup Time": 613.889,
                                            "Actual Total Time": 3789.926,
                                            "Actual Rows": 35463681,
                                            "Actual Loops": 1
                                        },
                                        {
                                            "Worker Number": 2,
                                            "Actual Startup Time": 613.994,
                                            "Actual Total Time": 3772.367,
                                            "Actual Rows": 32369750,
                                            "Actual Loops": 1
                                        },
                                        {
                                            "Worker Number": 3,
                                            "Actual Startup Time": 613.825,
                                            "Actual Total Time": 3786.117,
                                            "Actual Rows": 35609300,
                                            "Actual Loops": 1
                                        },
                                        {
                                            "Worker Number": 4,
                                            "Actual Startup Time": 614.042,
                                            "Actual Total Time": 3783.116,
                                            "Actual Rows": 35591677,
                                            "Actual Loops": 1
                                        }
                                    ],
                                    "Plans": [
                                        {
                                            "Node Type": "Seq Scan",
                                            "Parent Relationship": "Outer",
                                            "Parallel Aware": true,
                                            "Relation Name": "movie_info",
                                            "Schema": "public",
                                            "Alias": "mi",
                                            "Startup Cost": 0.0,
                                            "Total Cost": 191503.19,
                                            "Plan Rows": 2951019,
                                            "Plan Width": 4,
                                            "Actual Startup Time": 0.035,
                                            "Actual Total Time": 280.117,
                                            "Actual Rows": 2472620,
                                            "Actual Loops": 6,
                                            "Output": [
                                                "mi.id",
                                                "mi.movie_id",
                                                "mi.info_type_id",
                                                "mi.info",
                                                "mi.note"
                                            ],
                                            "Workers": [
                                                {
                                                    "Worker Number": 0,
                                                    "Actual Startup Time": 0.033,
                                                    "Actual Total Time": 298.594,
                                                    "Actual Rows": 2260404,
                                                    "Actual Loops": 1
                                                },
                                                {
                                                    "Worker Number": 1,
                                                    "Actual Startup Time": 0.022,
                                                    "Actual Total Time": 290.724,
                                                    "Actual Rows": 2729976,
                                                    "Actual Loops": 1
                                                },
                                                {
                                                    "Worker Number": 2,
                                                    "Actual Startup Time": 0.033,
                                                    "Actual Total Time": 296.784,
                                                    "Actual Rows": 2307228,
                                                    "Actual Loops": 1
                                                },
                                                {
                                                    "Worker Number": 3,
                                                    "Actual Startup Time": 0.073,
                                                    "Actual Total Time": 293.649,
                                                    "Actual Rows": 2712590,
                                                    "Actual Loops": 1
                                                },
                                                {
                                                    "Worker Number": 4,
                                                    "Actual Startup Time": 0.024,
                                                    "Actual Total Time": 288.478,
                                                    "Actual Rows": 2723443,
                                                    "Actual Loops": 1
                                                }
                                            ]
                                        },
                                        {
                                            "Node Type": "Hash",
                                            "Parent Relationship": "Inner",
                                            "Parallel Aware": true,
                                            "Startup Cost": 92952.53,
                                            "Total Cost": 92952.53,
                                            "Plan Rows": 487027,
                                            "Plan Width": 8,
                                            "Actual Startup Time": 610.234,
                                            "Actual Total Time": 610.238,
                                            "Actual Rows": 552256,
                                            "Actual Loops": 6,
                                            "Output": [
                                                "t.id",
                                                "mk.movie_id"
                                            ],
                                            "Hash Buckets": 4194304,
                                            "Original Hash Buckets": 2097152,
                                            "Hash Batches": 1,
                                            "Original Hash Batches": 1,
                                            "Peak Memory Usage": 178880,
                                            "Workers": [
                                                {
                                                    "Worker Number": 0,
                                                    "Actual Startup Time": 612.119,
                                                    "Actual Total Time": 612.122,
                                                    "Actual Rows": 442008,
                                                    "Actual Loops": 1
                                                },
                                                {
                                                    "Worker Number": 1,
                                                    "Actual Startup Time": 612.198,
                                                    "Actual Total Time": 612.202,
                                                    "Actual Rows": 652632,
                                                    "Actual Loops": 1
                                                },
                                                {
                                                    "Worker Number": 2,
                                                    "Actual Startup Time": 612.211,
                                                    "Actual Total Time": 612.214,
                                                    "Actual Rows": 443473,
                                                    "Actual Loops": 1
                                                },
                                                {
                                                    "Worker Number": 3,
                                                    "Actual Startup Time": 612.063,
                                                    "Actual Total Time": 612.067,
                                                    "Actual Rows": 645085,
                                                    "Actual Loops": 1
                                                },
                                                {
                                                    "Worker Number": 4,
                                                    "Actual Startup Time": 612.379,
                                                    "Actual Total Time": 612.382,
                                                    "Actual Rows": 670800,
                                                    "Actual Loops": 1
                                                }
                                            ],
                                            "Plans": [
                                                {
                                                    "Node Type": "Hash Join",
                                                    "Parent Relationship": "Outer",
                                                    "Parallel Aware": true,
                                                    "Join Type": "Inner",
                                                    "Startup Cost": 47009.89,
                                                    "Total Cost": 92952.53,
                                                    "Plan Rows": 487027,
                                                    "Plan Width": 8,
                                                    "Actual Startup Time": 163.44,
                                                    "Actual Total Time": 391.772,
                                                    "Actual Rows": 552256,
                                                    "Actual Loops": 6,
                                                    "Output": [
                                                        "t.id",
                                                        "mk.movie_id"
                                                    ],
                                                    "Inner Unique": true,
                                                    "Hash Cond": "(mk.movie_id = t.id)",
                                                    "Workers": [
                                                        {
                                                            "Worker Number": 0,
                                                            "Actual Startup Time": 163.718,
                                                            "Actual Total Time": 392.979,
                                                            "Actual Rows": 442008,
                                                            "Actual Loops": 1
                                                        },
                                                        {
                                                            "Worker Number": 1,
                                                            "Actual Startup Time": 163.467,
                                                            "Actual Total Time": 391.787,
                                                            "Actual Rows": 652632,
                                                            "Actual Loops": 1
                                                        },
                                                        {
                                                            "Worker Number": 2,
                                                            "Actual Startup Time": 163.279,
                                                            "Actual Total Time": 394.051,
                                                            "Actual Rows": 443473,
                                                            "Actual Loops": 1
                                                        },
                                                        {
                                                            "Worker Number": 3,
                                                            "Actual Startup Time": 163.327,
                                                            "Actual Total Time": 391.252,
                                                            "Actual Rows": 645085,
                                                            "Actual Loops": 1
                                                        },
                                                        {
                                                            "Worker Number": 4,
                                                            "Actual Startup Time": 163.313,
                                                            "Actual Total Time": 391.529,
                                                            "Actual Rows": 670800,
                                                            "Actual Loops": 1
                                                        }
                                                    ],
                                                    "Plans": [
                                                        {
                                                            "Node Type": "Seq Scan",
                                                            "Parent Relationship": "Outer",
                                                            "Parallel Aware": true,
                                                            "Relation Name": "movie_keyword",
                                                            "Schema": "public",
                                                            "Alias": "mk",
                                                            "Startup Cost": 0.0,
                                                            "Total Cost": 42695.65,
                                                            "Plan Rows": 1236945,
                                                            "Plan Width": 4,
                                                            "Actual Startup Time": 0.02,
                                                            "Actual Total Time": 99.304,
                                                            "Actual Rows": 641675,
                                                            "Actual Loops": 6,
                                                            "Output": [
                                                                "mk.id",
                                                                "mk.movie_id",
                                                                "mk.keyword_id"
                                                            ],
                                                            "Filter": "(mk.keyword_id < 27827)",
                                                            "Rows Removed by Filter": 112314,
                                                            "Workers": [
                                                                {
                                                                    "Worker Number": 0,
                                                                    "Actual Startup Time": 0.03,
                                                                    "Actual Total Time": 103.159,
                                                                    "Actual Rows": 509318,
                                                                    "Actual Loops": 1
                                                                },
                                                                {
                                                                    "Worker Number": 1,
                                                                    "Actual Startup Time": 0.022,
                                                                    "Actual Total Time": 98.98,
                                                                    "Actual Rows": 761864,
                                                                    "Actual Loops": 1
                                                                },
                                                                {
                                                                    "Worker Number": 2,
                                                                    "Actual Startup Time": 0.019,
                                                                    "Actual Total Time": 103.541,
                                                                    "Actual Rows": 512328,
                                                                    "Actual Loops": 1
                                                                },
                                                                {
                                                                    "Worker Number": 3,
                                                                    "Actual Startup Time": 0.02,
                                                                    "Actual Total Time": 99.253,
                                                                    "Actual Rows": 751219,
                                                                    "Actual Loops": 1
                                                                },
                                                                {
                                                                    "Worker Number": 4,
                                                                    "Actual Startup Time": 0.012,
                                                                    "Actual Total Time": 99.284,
                                                                    "Actual Rows": 779886,
                                                                    "Actual Loops": 1
                                                                }
                                                            ]
                                                        },
                                                        {
                                                            "Node Type": "Hash",
                                                            "Parent Relationship": "Inner",
                                                            "Parallel Aware": true,
                                                            "Startup Cost": 43899.01,
                                                            "Total Cost": 43899.01,
                                                            "Plan Rows": 248871,
                                                            "Plan Width": 4,
                                                            "Actual Startup Time": 161.741,
                                                            "Actual Total Time": 161.742,
                                                            "Actual Rows": 164175,
                                                            "Actual Loops": 6,
                                                            "Output": [
                                                                "t.id"
                                                            ],
                                                            "Hash Buckets": 1048576,
                                                            "Original Hash Buckets": 1048576,
                                                            "Hash Batches": 1,
                                                            "Original Hash Batches": 1,
                                                            "Peak Memory Usage": 46848,
                                                            "Workers": [
                                                                {
                                                                    "Worker Number": 0,
                                                                    "Actual Startup Time": 163.158,
                                                                    "Actual Total Time": 163.16,
                                                                    "Actual Rows": 134394,
                                                                    "Actual Loops": 1
                                                                },
                                                                {
                                                                    "Worker Number": 1,
                                                                    "Actual Startup Time": 163.178,
                                                                    "Actual Total Time": 163.179,
                                                                    "Actual Rows": 192484,
                                                                    "Actual Loops": 1
                                                                },
                                                                {
                                                                    "Worker Number": 2,
                                                                    "Actual Startup Time": 163.196,
                                                                    "Actual Total Time": 163.197,
                                                                    "Actual Rows": 135200,
                                                                    "Actual Loops": 1
                                                                },
                                                                {
                                                                    "Worker Number": 3,
                                                                    "Actual Startup Time": 163.008,
                                                                    "Actual Total Time": 163.009,
                                                                    "Actual Rows": 171081,
                                                                    "Actual Loops": 1
                                                                },
                                                                {
                                                                    "Worker Number": 4,
                                                                    "Actual Startup Time": 163.139,
                                                                    "Actual Total Time": 163.139,
                                                                    "Actual Rows": 194146,
                                                                    "Actual Loops": 1
                                                                }
                                                            ],
                                                            "Plans": [
                                                                {
                                                                    "Node Type": "Seq Scan",
                                                                    "Parent Relationship": "Outer",
                                                                    "Parallel Aware": true,
                                                                    "Relation Name": "title",
                                                                    "Schema": "public",
                                                                    "Alias": "t",
                                                                    "Startup Cost": 0.0,
                                                                    "Total Cost": 43899.01,
                                                                    "Plan Rows": 248871,
                                                                    "Plan Width": 4,
                                                                    "Actual Startup Time": 0.057,
                                                                    "Actual Total Time": 87.143,
                                                                    "Actual Rows": 164175,
                                                                    "Actual Loops": 6,
                                                                    "Output": [
                                                                        "t.id"
                                                                    ],
                                                                    "Filter": "(t.kind_id < 7)",
                                                                    "Rows Removed by Filter": 257211,
                                                                    "Workers": [
                                                                        {
                                                                            "Worker Number": 0,
                                                                            "Actual Startup Time": 0.053,
                                                                            "Actual Total Time": 90.145,
                                                                            "Actual Rows": 134394,
                                                                            "Actual Loops": 1
                                                                        },
                                                                        {
                                                                            "Worker Number": 1,
                                                                            "Actual Startup Time": 0.05,
                                                                            "Actual Total Time": 86.232,
                                                                            "Actual Rows": 192484,
                                                                            "Actual Loops": 1
                                                                        },
                                                                        {
                                                                            "Worker Number": 2,
                                                                            "Actual Startup Time": 0.065,
                                                                            "Actual Total Time": 89.483,
                                                                            "Actual Rows": 135200,
                                                                            "Actual Loops": 1
                                                                        },
                                                                        {
                                                                            "Worker Number": 3,
                                                                            "Actual Startup Time": 0.103,
                                                                            "Actual Total Time": 86.747,
                                                                            "Actual Rows": 171081,
                                                                            "Actual Loops": 1
                                                                        },
                                                                        {
                                                                            "Worker Number": 4,
                                                                            "Actual Startup Time": 0.052,
                                                                            "Actual Total Time": 86.639,
                                                                            "Actual Rows": 194146,
                                                                            "Actual Loops": 1
                                                                        }
                                                                    ]
                                                                }
                                                            ]
                                                        }
                                                    ]
                                                }
                                            ]
                                        }
                                    ]
                                }
                            ]
                        }
                    ]
                }
            ]
        },
        "Planning Time": 286.209,
        "Triggers": [],
        "Execution Time": 5216.369
    }
]