[
  {
    "Plan": {
      "Node Type": "Aggregate",
      "Strategy": "Plain",
      "Partial Mode": "Finalize",
      "Parallel Aware": false,
      "Startup Cost": 91001.42,
      "Total Cost": 91001.43,
      "Plan Rows": 1,
      "Plan Width": 8,
      "Actual Startup Time": 526.407,
      "Actual Total Time": 544.09,
      "Actual Rows": 1,
      "Actual Loops": 1,
      "Plans": [
        {
          "Node Type": "Gather",
          "Parent Relationship": "Outer",
          "Parallel Aware": false,
          "Startup Cost": 91001.1,
          "Total Cost": 91001.41,
          "Plan Rows": 3,
          "Plan Width": 8,
          "Actual Startup Time": 515.708,
          "Actual Total Time": 544.08,
          "Actual Rows": 4,
          "Actual Loops": 1,
          "Workers Planned": 3,
          "Workers Launched": 3,
          "Single Copy": false,
          "Plans": [
            {
              "Node Type": "Aggregate",
              "Strategy": "Plain",
              "Partial Mode": "Partial",
              "Parent Relationship": "Outer",
              "Parallel Aware": false,
              "Startup Cost": 90001.1,
              "Total Cost": 90001.11,
              "Plan Rows": 1,
              "Plan Width": 8,
              "Actual Startup Time": 496.62,
              "Actual Total Time": 496.624,
              "Actual Rows": 1,
              "Actual Loops": 4,
              "Plans": [
                {
                  "Node Type": "Hash Join",
                  "Parent Relationship": "Outer",
                  "Parallel Aware": true,
                  "Join Type": "Inner",
                  "Startup Cost": 62307.73,
                  "Total Cost": 89541.62,
                  "Plan Rows": 183794,
                  "Plan Width": 0,
                  "Actual Startup Time": 387.165,
                  "Actual Total Time": 489.963,
                  "Actual Rows": 139721,
                  "Actual Loops": 4,
                  "Inner Unique": true,
                  "Hash Cond": "(mk.movie_id = t.id)",
                  "Plans": [
                    {
                      "Node Type": "Bitmap Heap Scan",
                      "Parent Relationship": "Outer",
                      "Parallel Aware": true,
                      "Relation Name": "movie_keyword",
                      "Alias": "mk",
                      "Startup Cost": 12088.09,
                      "Total Cost": 38839.52,
                      "Plan Rows": 183794,
                      "Plan Width": 4,
                      "Actual Startup Time": 39.212,
                      "Actual Total Time": 95.909,
                      "Actual Rows": 139721,
                      "Actual Loops": 4,
                      "Recheck Cond": "(keyword_id > 32914)",
                      "Rows Removed by Index Recheck": 0,
                      "Exact Heap Blocks": 7538,
                      "Lossy Heap Blocks": 0,
                      "Plans": [
                        {
                          "Node Type": "Bitmap Index Scan",
                          "Parent Relationship": "Outer",
                          "Parallel Aware": false,
                          "Index Name": "keyword_id_movie_keyword",
                          "Startup Cost": 0.0,
                          "Total Cost": 11945.65,
                          "Plan Rows": 569762,
                          "Plan Width": 0,
                          "Actual Startup Time": 35.613,
                          "Actual Total Time": 35.613,
                          "Actual Rows": 558885,
                          "Actual Loops": 1,
                          "Index Cond": "(keyword_id > 32914)"
                        }
                      ]
                    },
                    {
                      "Node Type": "Hash",
                      "Parent Relationship": "Inner",
                      "Parallel Aware": true,
                      "Startup Cost": 42318.73,
                      "Total Cost": 42318.73,
                      "Plan Rows": 632073,
                      "Plan Width": 4,
                      "Actual Startup Time": 336.747,
                      "Actual Total Time": 336.748,
                      "Actual Rows": 632078,
                      "Actual Loops": 4,
                      "Hash Buckets": 4194304,
                      "Original Hash Buckets": 4194304,
                      "Hash Batches": 1,
                      "Original Hash Batches": 1,
                      "Peak Memory Usage": 131744,
                      "Plans": [
                        {
                          "Node Type": "Seq Scan",
                          "Parent Relationship": "Outer",
                          "Parallel Aware": true,
                          "Relation Name": "title",
                          "Alias": "t",
                          "Startup Cost": 0.0,
                          "Total Cost": 42318.73,
                          "Plan Rows": 632073,
                          "Plan Width": 4,
                          "Actual Startup Time": 0.034,
                          "Actual Total Time": 97.53,
                          "Actual Rows": 632078,
                          "Actual Loops": 4
                        }
                      ]
                    }
                  ]
                }
              ]
            }
          ]
        }
      ]
    },
    "Planning Time": 0.669,
    "Triggers": [],
    "Execution Time": 544.189
  }
]