[
  {
    "Plan": {
      "Node Type": "Aggregate",
      "Strategy": "Plain",
      "Partial Mode": "Finalize",
      "Parallel Aware": false,
      "Startup Cost": 32867.01,
      "Total Cost": 32867.02,
      "Plan Rows": 1,
      "Plan Width": 8,
      "Actual Startup Time": 80.609,
      "Actual Total Time": 87.151,
      "Actual Rows": 1,
      "Actual Loops": 1,
      "Plans": [
        {
          "Node Type": "Gather",
          "Parent Relationship": "Outer",
          "Parallel Aware": false,
          "Startup Cost": 32866.7,
          "Total Cost": 32867.01,
          "Plan Rows": 3,
          "Plan Width": 8,
          "Actual Startup Time": 80.484,
          "Actual Total Time": 87.142,
          "Actual Rows": 4,
          "Actual Loops": 1,
          "Workers Planned": 3,
          "Workers Launched": 3,
          "Single Copy": false,
          "Plans": [
            {
              "Node Type": "Aggregate",
              "Strategy": "Plain",
              "Partial Mode": "Partial",
              "Parent Relationship": "Outer",
              "Parallel Aware": false,
              "Startup Cost": 31866.7,
              "Total Cost": 31866.71,
              "Plan Rows": 1,
              "Plan Width": 8,
              "Actual Startup Time": 77.029,
              "Actual Total Time": 77.03,
              "Actual Rows": 1,
              "Actual Loops": 4,
              "Plans": [
                {
                  "Node Type": "Seq Scan",
                  "Parent Relationship": "Outer",
                  "Parallel Aware": true,
                  "Relation Name": "movie_companies",
                  "Alias": "mc",
                  "Startup Cost": 0.0,
                  "Total Cost": 31414.82,
                  "Plan Rows": 180751,
                  "Plan Width": 0,
                  "Actual Startup Time": 37.54,
                  "Actual Total Time": 72.354,
                  "Actual Rows": 87648,
                  "Actual Loops": 4,
                  "Filter": "((company_id < 7595) AND (company_type_id > 1))",
                  "Rows Removed by Filter": 564634
                }
              ]
            }
          ]
        }
      ]
    },
    "Planning Time": 0.128,
    "Triggers": [],
    "Execution Time": 87.188
  }
]