[
  {
    "Plan": {
      "Node Type": "Aggregate",
      "Strategy": "Plain",
      "Partial Mode": "Finalize",
      "Parallel Aware": false,
      "Startup Cost": 50754.53,
      "Total Cost": 50754.54,
      "Plan Rows": 1,
      "Plan Width": 8,
      "Actual Startup Time": 108.835,
      "Actual Total Time": 119.491,
      "Actual Rows": 1,
      "Actual Loops": 1,
      "Plans": [
        {
          "Node Type": "Gather",
          "Parent Relationship": "Outer",
          "Parallel Aware": false,
          "Startup Cost": 50754.11,
          "Total Cost": 50754.52,
          "Plan Rows": 4,
          "Plan Width": 8,
          "Actual Startup Time": 108.694,
          "Actual Total Time": 119.477,
          "Actual Rows": 5,
          "Actual Loops": 1,
          "Workers Planned": 4,
          "Workers Launched": 4,
          "Single Copy": false,
          "Plans": [
            {
              "Node Type": "Aggregate",
              "Strategy": "Plain",
              "Partial Mode": "Partial",
              "Parent Relationship": "Outer",
              "Parallel Aware": false,
              "Startup Cost": 49754.11,
              "Total Cost": 49754.12,
              "Plan Rows": 1,
              "Plan Width": 8,
              "Actual Startup Time": 101.19,
              "Actual Total Time": 101.192,
              "Actual Rows": 1,
              "Actual Loops": 5,
              "Plans": [
                {
                  "Node Type": "Index Scan",
                  "Parent Relationship": "Outer",
                  "Parallel Aware": true,
                  "Scan Direction": "Forward",
                  "Index Name": "role_id_cast_info",
                  "Relation Name": "cast_info",
                  "Alias": "ci",
                  "Startup Cost": 0.56,
                  "Total Cost": 49093.36,
                  "Plan Rows": 264300,
                  "Plan Width": 0,
                  "Actual Startup Time": 0.115,
                  "Actual Total Time": 90.186,
                  "Actual Rows": 167788,
                  "Actual Loops": 5,
                  "Index Cond": "(role_id = 8)",
                  "Rows Removed by Index Recheck": 0,
                  "Filter": "(person_id < 2244776)",
                  "Rows Removed by Filter": 172921
                }
              ]
            }
          ]
        }
      ]
    },
    "Planning Time": 0.132,
    "Triggers": [],
    "Execution Time": 119.532
  }
]