{
    "Plan": {
        "Node Type": "Aggregate",
        "Strategy": "Plain",
        "Partial Mode": "Simple",
        "Parallel Aware": false,
        "Startup Cost": 20000572941.79,
        "Total Cost": 20000572941.8,
        "Plan Rows": 1,
        "Plan Width": 64,
        "Actual Startup Time": 3077.499,
        "Actual Total Time": 3077.795,
        "Actual Rows": 1,
        "Actual Loops": 1,
        "Output": [
            "min((kt.kind)::text)",
            "min(t.title)"
        ],
        "Plans": [
            {
                "Node Type": "Nested Loop",
                "Parent Relationship": "Outer",
                "Parallel Aware": false,
                "Join Type": "Inner",
                "Startup Cost": 20000560281.44,
                "Total Cost": 20000572941.79,
                "Plan Rows": 1,
                "Plan Width": 27,
                "Actual Startup Time": 3074.981,
                "Actual Total Time": 3077.578,
                "Actual Rows": 612,
                "Actual Loops": 1,
                "Output": [
                    "kt.kind",
                    "t.title"
                ],
                "Inner Unique": true,
                "Plans": [
                    {
                        "Node Type": "Merge Join",
                        "Parent Relationship": "Outer",
                        "Parallel Aware": false,
                        "Join Type": "Inner",
                        "Startup Cost": 10000560281.31,
                        "Total Cost": 10000572936.03,
                        "Plan Rows": 1,
                        "Plan Width": 31,
                        "Actual Startup Time": 3074.957,
                        "Actual Total Time": 3075.435,
                        "Actual Rows": 612,
                        "Actual Loops": 1,
                        "Output": [
                            "mc.company_type_id",
                            "t.title",
                            "kt.kind"
                        ],
                        "Inner Unique": true,
                        "Merge Cond": "(mc.company_id = cn.id)",
                        "Plans": [
                            {
                                "Node Type": "Sort",
                                "Parent Relationship": "Outer",
                                "Parallel Aware": false,
                                "Startup Cost": 10000560280.89,
                                "Total Cost": 10000560280.89,
                                "Plan Rows": 1,
                                "Plan Width": 35,
                                "Actual Startup Time": 3010.892,
                                "Actual Total Time": 3011.24,
                                "Actual Rows": 612,
                                "Actual Loops": 1,
                                "Output": [
                                    "mc.company_id",
                                    "mc.company_type_id",
                                    "t.title",
                                    "kt.kind"
                                ],
                                "Sort Key": [
                                    "mc.company_id"
                                ],
                                "Sort Method": "quicksort",
                                "Sort Space Used": 72,
                                "Sort Space Type": "Memory",
                                "Plans": [
                                    {
                                        "Node Type": "Hash Join",
                                        "Parent Relationship": "Outer",
                                        "Parallel Aware": false,
                                        "Join Type": "Inner",
                                        "Startup Cost": 10000505615.34,
                                        "Total Cost": 10000560280.88,
                                        "Plan Rows": 1,
                                        "Plan Width": 35,
                                        "Actual Startup Time": 2987.861,
                                        "Actual Total Time": 3011.084,
                                        "Actual Rows": 612,
                                        "Actual Loops": 1,
                                        "Output": [
                                            "mc.company_id",
                                            "mc.company_type_id",
                                            "t.title",
                                            "kt.kind"
                                        ],
                                        "Inner Unique": false,
                                        "Hash Cond": "(mc.movie_id = t.id)",
                                        "Plans": [
                                            {
                                                "Node Type": "Seq Scan",
                                                "Parent Relationship": "Outer",
                                                "Parallel Aware": false,
                                                "Relation Name": "movie_companies",
                                                "Schema": "public",
                                                "Alias": "mc",
                                                "Startup Cost": 10000000000.0,
                                                "Total Cost": 10000044881.29,
                                                "Plan Rows": 2609129,
                                                "Plan Width": 12,
                                                "Actual Startup Time": 0.016,
                                                "Actual Total Time": 219.126,
                                                "Actual Rows": 2609129,
                                                "Actual Loops": 1,
                                                "Output": [
                                                    "mc.id",
                                                    "mc.movie_id",
                                                    "mc.company_id",
                                                    "mc.company_type_id",
                                                    "mc.note"
                                                ]
                                            },
                                            {
                                                "Node Type": "Hash",
                                                "Parent Relationship": "Inner",
                                                "Parallel Aware": false,
                                                "Startup Cost": 505615.33,
                                                "Total Cost": 505615.33,
                                                "Plan Rows": 1,
                                                "Plan Width": 43,
                                                "Actual Startup Time": 2632.266,
                                                "Actual Total Time": 2632.558,
                                                "Actual Rows": 612,
                                                "Actual Loops": 1,
                                                "Output": [
                                                    "cc.movie_id",
                                                    "mi.movie_id",
                                                    "mk.movie_id",
                                                    "t.title",
                                                    "t.id",
                                                    "kt.kind"
                                                ],
                                                "Hash Buckets": 1024,
                                                "Original Hash Buckets": 1024,
                                                "Hash Batches": 1,
                                                "Original Hash Batches": 1,
                                                "Peak Memory Usage": 50,
                                                "Plans": [
                                                    {
                                                        "Node Type": "Merge Join",
                                                        "Parent Relationship": "Outer",
                                                        "Parallel Aware": false,
                                                        "Join Type": "Inner",
                                                        "Startup Cost": 500286.66,
                                                        "Total Cost": 505615.33,
                                                        "Plan Rows": 1,
                                                        "Plan Width": 43,
                                                        "Actual Startup Time": 2587.161,
                                                        "Actual Total Time": 2632.434,
                                                        "Actual Rows": 612,
                                                        "Actual Loops": 1,
                                                        "Output": [
                                                            "cc.movie_id",
                                                            "mi.movie_id",
                                                            "mk.movie_id",
                                                            "t.title",
                                                            "t.id",
                                                            "kt.kind"
                                                        ],
                                                        "Inner Unique": false,
                                                        "Merge Cond": "(k.id = mk.keyword_id)",
                                                        "Plans": [
                                                            {
                                                                "Node Type": "Index Scan",
                                                                "Parent Relationship": "Outer",
                                                                "Parallel Aware": false,
                                                                "Scan Direction": "Forward",
                                                                "Index Name": "keyword_pkey",
                                                                "Relation Name": "keyword",
                                                                "Schema": "public",
                                                                "Alias": "k",
                                                                "Startup Cost": 0.42,
                                                                "Total Cost": 5007.5,
                                                                "Plan Rows": 134170,
                                                                "Plan Width": 4,
                                                                "Actual Startup Time": 0.017,
                                                                "Actual Total Time": 37.217,
                                                                "Actual Rows": 124591,
                                                                "Actual Loops": 1,
                                                                "Output": [
                                                                    "k.id",
                                                                    "k.keyword",
                                                                    "k.phonetic_code"
                                                                ]
                                                            },
                                                            {
                                                                "Node Type": "Sort",
                                                                "Parent Relationship": "Inner",
                                                                "Parallel Aware": false,
                                                                "Startup Cost": 500286.24,
                                                                "Total Cost": 500286.25,
                                                                "Plan Rows": 1,
                                                                "Plan Width": 47,
                                                                "Actual Startup Time": 2587.027,
                                                                "Actual Total Time": 2587.408,
                                                                "Actual Rows": 612,
                                                                "Actual Loops": 1,
                                                                "Output": [
                                                                    "cc.movie_id",
                                                                    "mi.movie_id",
                                                                    "mk.movie_id",
                                                                    "mk.keyword_id",
                                                                    "t.title",
                                                                    "t.id",
                                                                    "kt.kind"
                                                                ],
                                                                "Sort Key": [
                                                                    "mk.keyword_id"
                                                                ],
                                                                "Sort Method": "quicksort",
                                                                "Sort Space Used": 72,
                                                                "Sort Space Type": "Memory",
                                                                "Plans": [
                                                                    {
                                                                        "Node Type": "Nested Loop",
                                                                        "Parent Relationship": "Outer",
                                                                        "Parallel Aware": false,
                                                                        "Join Type": "Inner",
                                                                        "Startup Cost": 500269.85,
                                                                        "Total Cost": 500286.23,
                                                                        "Plan Rows": 1,
                                                                        "Plan Width": 47,
                                                                        "Actual Startup Time": 2586.292,
                                                                        "Actual Total Time": 2587.142,
                                                                        "Actual Rows": 612,
                                                                        "Actual Loops": 1,
                                                                        "Output": [
                                                                            "cc.movie_id",
                                                                            "mi.movie_id",
                                                                            "mk.movie_id",
                                                                            "mk.keyword_id",
                                                                            "t.title",
                                                                            "t.id",
                                                                            "kt.kind"
                                                                        ],
                                                                        "Inner Unique": true,
                                                                        "Plans": [
                                                                            {
                                                                                "Node Type": "Hash Join",
                                                                                "Parent Relationship": "Outer",
                                                                                "Parallel Aware": false,
                                                                                "Join Type": "Inner",
                                                                                "Startup Cost": 500269.72,
                                                                                "Total Cost": 500285.31,
                                                                                "Plan Rows": 6,
                                                                                "Plan Width": 41,
                                                                                "Actual Startup Time": 2586.248,
                                                                                "Actual Total Time": 2586.623,
                                                                                "Actual Rows": 612,
                                                                                "Actual Loops": 1,
                                                                                "Output": [
                                                                                    "cc.movie_id",
                                                                                    "mi.movie_id",
                                                                                    "mk.movie_id",
                                                                                    "mk.keyword_id",
                                                                                    "t.title",
                                                                                    "t.kind_id",
                                                                                    "t.id"
                                                                                ],
                                                                                "Inner Unique": false,
                                                                                "Hash Cond": "(t.id = mk.movie_id)",
                                                                                "Plans": [
                                                                                    {
                                                                                        "Node Type": "Merge Join",
                                                                                        "Parent Relationship": "Outer",
                                                                                        "Parallel Aware": false,
                                                                                        "Join Type": "Inner",
                                                                                        "Startup Cost": 266543.14,
                                                                                        "Total Cost": 266557.2,
                                                                                        "Plan Rows": 1,
                                                                                        "Plan Width": 33,
                                                                                        "Actual Startup Time": 723.392,
                                                                                        "Actual Total Time": 723.692,
                                                                                        "Actual Rows": 4,
                                                                                        "Actual Loops": 1,
                                                                                        "Output": [
                                                                                            "cc.movie_id",
                                                                                            "mi.movie_id",
                                                                                            "t.title",
                                                                                            "t.kind_id",
                                                                                            "t.id"
                                                                                        ],
                                                                                        "Inner Unique": false,
                                                                                        "Merge Cond": "(it1.id = mi.info_type_id)",
                                                                                        "Plans": [
                                                                                            {
                                                                                                "Node Type": "Index Scan",
                                                                                                "Parent Relationship": "Outer",
                                                                                                "Parallel Aware": false,
                                                                                                "Scan Direction": "Forward",
                                                                                                "Index Name": "info_type_pkey",
                                                                                                "Relation Name": "info_type",
                                                                                                "Schema": "public",
                                                                                                "Alias": "it1",
                                                                                                "Startup Cost": 0.14,
                                                                                                "Total Cost": 14.12,
                                                                                                "Plan Rows": 1,
                                                                                                "Plan Width": 4,
                                                                                                "Actual Startup Time": 0.019,
                                                                                                "Actual Total Time": 0.032,
                                                                                                "Actual Rows": 1,
                                                                                                "Actual Loops": 1,
                                                                                                "Output": [
                                                                                                    "it1.id",
                                                                                                    "it1.info"
                                                                                                ],
                                                                                                "Filter": "((it1.info)::text = 'release dates'::text)",
                                                                                                "Rows Removed by Filter": 112
                                                                                            },
                                                                                            {
                                                                                                "Node Type": "Sort",
                                                                                                "Parent Relationship": "Inner",
                                                                                                "Parallel Aware": false,
                                                                                                "Startup Cost": 266542.99,
                                                                                                "Total Cost": 266543.03,
                                                                                                "Plan Rows": 14,
                                                                                                "Plan Width": 37,
                                                                                                "Actual Startup Time": 723.365,
                                                                                                "Actual Total Time": 723.648,
                                                                                                "Actual Rows": 4,
                                                                                                "Actual Loops": 1,
                                                                                                "Output": [
                                                                                                    "cc.movie_id",
                                                                                                    "mi.movie_id",
                                                                                                    "mi.info_type_id",
                                                                                                    "t.title",
                                                                                                    "t.kind_id",
                                                                                                    "t.id"
                                                                                                ],
                                                                                                "Sort Key": [
                                                                                                    "mi.info_type_id"
                                                                                                ],
                                                                                                "Sort Method": "quicksort",
                                                                                                "Sort Space Used": 25,
                                                                                                "Sort Space Type": "Memory",
                                                                                                "Plans": [
                                                                                                    {
                                                                                                        "Node Type": "Gather",
                                                                                                        "Parent Relationship": "Outer",
                                                                                                        "Parallel Aware": false,
                                                                                                        "Startup Cost": 221159.79,
                                                                                                        "Total Cost": 266542.73,
                                                                                                        "Plan Rows": 14,
                                                                                                        "Plan Width": 37,
                                                                                                        "Actual Startup Time": 722.8,
                                                                                                        "Actual Total Time": 723.631,
                                                                                                        "Actual Rows": 4,
                                                                                                        "Actual Loops": 1,
                                                                                                        "Output": [
                                                                                                            "cc.movie_id",
                                                                                                            "mi.movie_id",
                                                                                                            "mi.info_type_id",
                                                                                                            "t.title",
                                                                                                            "t.kind_id",
                                                                                                            "t.id"
                                                                                                        ],
                                                                                                        "Workers Planned": 4,
                                                                                                        "Workers Launched": 4,
                                                                                                        "Single Copy": false,
                                                                                                        "Plans": [
                                                                                                            {
                                                                                                                "Node Type": "Hash Join",
                                                                                                                "Parent Relationship": "Outer",
                                                                                                                "Parallel Aware": true,
                                                                                                                "Join Type": "Inner",
                                                                                                                "Startup Cost": 220159.79,
                                                                                                                "Total Cost": 265541.33,
                                                                                                                "Plan Rows": 4,
                                                                                                                "Plan Width": 37,
                                                                                                                "Actual Startup Time": 710.545,
                                                                                                                "Actual Total Time": 712.454,
                                                                                                                "Actual Rows": 1,
                                                                                                                "Actual Loops": 5,
                                                                                                                "Output": [
                                                                                                                    "cc.movie_id",
                                                                                                                    "mi.movie_id",
                                                                                                                    "mi.info_type_id",
                                                                                                                    "t.title",
                                                                                                                    "t.kind_id",
                                                                                                                    "t.id"
                                                                                                                ],
                                                                                                                "Inner Unique": false,
                                                                                                                "Hash Cond": "(t.id = mi.movie_id)",
                                                                                                                "Workers": [
                                                                                                                    {
                                                                                                                        "Worker Number": 0,
                                                                                                                        "Actual Startup Time": 709.503,
                                                                                                                        "Actual Total Time": 709.509,
                                                                                                                        "Actual Rows": 0,
                                                                                                                        "Actual Loops": 1
                                                                                                                    },
                                                                                                                    {
                                                                                                                        "Worker Number": 1,
                                                                                                                        "Actual Startup Time": 699.96,
                                                                                                                        "Actual Total Time": 709.47,
                                                                                                                        "Actual Rows": 4,
                                                                                                                        "Actual Loops": 1
                                                                                                                    },
                                                                                                                    {
                                                                                                                        "Worker Number": 2,
                                                                                                                        "Actual Startup Time": 710.04,
                                                                                                                        "Actual Total Time": 710.048,
                                                                                                                        "Actual Rows": 0,
                                                                                                                        "Actual Loops": 1
                                                                                                                    },
                                                                                                                    {
                                                                                                                        "Worker Number": 3,
                                                                                                                        "Actual Startup Time": 710.975,
                                                                                                                        "Actual Total Time": 710.983,
                                                                                                                        "Actual Rows": 0,
                                                                                                                        "Actual Loops": 1
                                                                                                                    }
                                                                                                                ],
                                                                                                                "Plans": [
                                                                                                                    {
                                                                                                                        "Node Type": "Hash Join",
                                                                                                                        "Parent Relationship": "Outer",
                                                                                                                        "Parallel Aware": false,
                                                                                                                        "Join Type": "Inner",
                                                                                                                        "Startup Cost": 6523.16,
                                                                                                                        "Total Cost": 51577.0,
                                                                                                                        "Plan Rows": 3972,
                                                                                                                        "Plan Width": 29,
                                                                                                                        "Actual Startup Time": 59.988,
                                                                                                                        "Actual Total Time": 188.16,
                                                                                                                        "Actual Rows": 295,
                                                                                                                        "Actual Loops": 5,
                                                                                                                        "Output": [
                                                                                                                            "cc.movie_id",
                                                                                                                            "t.title",
                                                                                                                            "t.kind_id",
                                                                                                                            "t.id"
                                                                                                                        ],
                                                                                                                        "Inner Unique": false,
                                                                                                                        "Hash Cond": "(t.id = cc.movie_id)",
                                                                                                                        "Workers": [
                                                                                                                            {
                                                                                                                                "Worker Number": 0,
                                                                                                                                "Actual Startup Time": 73.021,
                                                                                                                                "Actual Total Time": 188.097,
                                                                                                                                "Actual Rows": 246,
                                                                                                                                "Actual Loops": 1
                                                                                                                            },
                                                                                                                            {
                                                                                                                                "Worker Number": 1,
                                                                                                                                "Actual Startup Time": 49.808,
                                                                                                                                "Actual Total Time": 188.194,
                                                                                                                                "Actual Rows": 261,
                                                                                                                                "Actual Loops": 1
                                                                                                                            },
                                                                                                                            {
                                                                                                                                "Worker Number": 2,
                                                                                                                                "Actual Startup Time": 72.685,
                                                                                                                                "Actual Total Time": 188.221,
                                                                                                                                "Actual Rows": 238,
                                                                                                                                "Actual Loops": 1
                                                                                                                            },
                                                                                                                            {
                                                                                                                                "Worker Number": 3,
                                                                                                                                "Actual Startup Time": 71.686,
                                                                                                                                "Actual Total Time": 188.108,
                                                                                                                                "Actual Rows": 226,
                                                                                                                                "Actual Loops": 1
                                                                                                                            }
                                                                                                                        ],
                                                                                                                        "Plans": [
                                                                                                                            {
                                                                                                                                "Node Type": "Seq Scan",
                                                                                                                                "Parent Relationship": "Outer",
                                                                                                                                "Parallel Aware": true,
                                                                                                                                "Relation Name": "title",
                                                                                                                                "Schema": "public",
                                                                                                                                "Alias": "t",
                                                                                                                                "Startup Cost": 0.0,
                                                                                                                                "Total Cost": 43899.01,
                                                                                                                                "Plan Rows": 297363,
                                                                                                                                "Plan Width": 25,
                                                                                                                                "Actual Startup Time": 0.037,
                                                                                                                                "Actual Total Time": 95.502,
                                                                                                                                "Actual Rows": 238504,
                                                                                                                                "Actual Loops": 5,
                                                                                                                                "Output": [
                                                                                                                                    "t.id",
                                                                                                                                    "t.title",
                                                                                                                                    "t.imdb_index",
                                                                                                                                    "t.kind_id",
                                                                                                                                    "t.production_year",
                                                                                                                                    "t.imdb_id",
                                                                                                                                    "t.phonetic_code",
                                                                                                                                    "t.episode_of_id",
                                                                                                                                    "t.season_nr",
                                                                                                                                    "t.episode_nr",
                                                                                                                                    "t.series_years",
                                                                                                                                    "t.md5sum"
                                                                                                                                ],
                                                                                                                                "Filter": "(t.production_year > 2003)",
                                                                                                                                "Rows Removed by Filter": 267159,
                                                                                                                                "Workers": [
                                                                                                                                    {
                                                                                                                                        "Worker Number": 0,
                                                                                                                                        "Actual Startup Time": 0.057,
                                                                                                                                        "Actual Total Time": 85.751,
                                                                                                                                        "Actual Rows": 176257,
                                                                                                                                        "Actual Loops": 1
                                                                                                                                    },
                                                                                                                                    {
                                                                                                                                        "Worker Number": 1,
                                                                                                                                        "Actual Startup Time": 0.039,
                                                                                                                                        "Actual Total Time": 102.261,
                                                                                                                                        "Actual Rows": 215310,
                                                                                                                                        "Actual Loops": 1
                                                                                                                                    },
                                                                                                                                    {
                                                                                                                                        "Worker Number": 2,
                                                                                                                                        "Actual Startup Time": 0.038,
                                                                                                                                        "Actual Total Time": 88.688,
                                                                                                                                        "Actual Rows": 176458,
                                                                                                                                        "Actual Loops": 1
                                                                                                                                    },
                                                                                                                                    {
                                                                                                                                        "Worker Number": 3,
                                                                                                                                        "Actual Startup Time": 0.036,
                                                                                                                                        "Actual Total Time": 86.099,
                                                                                                                                        "Actual Rows": 176274,
                                                                                                                                        "Actual Loops": 1
                                                                                                                                    }
                                                                                                                                ]
                                                                                                                            },
                                                                                                                            {
                                                                                                                                "Node Type": "Hash",
                                                                                                                                "Parent Relationship": "Inner",
                                                                                                                                "Parallel Aware": false,
                                                                                                                                "Startup Cost": 6101.01,
                                                                                                                                "Total Cost": 6101.01,
                                                                                                                                "Plan Rows": 33772,
                                                                                                                                "Plan Width": 4,
                                                                                                                                "Actual Startup Time": 58.753,
                                                                                                                                "Actual Total Time": 58.756,
                                                                                                                                "Actual Rows": 24592,
                                                                                                                                "Actual Loops": 5,
                                                                                                                                "Output": [
                                                                                                                                    "cc.movie_id"
                                                                                                                                ],
                                                                                                                                "Hash Buckets": 65536,
                                                                                                                                "Original Hash Buckets": 65536,
                                                                                                                                "Hash Batches": 1,
                                                                                                                                "Original Hash Batches": 1,
                                                                                                                                "Peak Memory Usage": 1377,
                                                                                                                                "Workers": [
                                                                                                                                    {
                                                                                                                                        "Worker Number": 0,
                                                                                                                                        "Actual Startup Time": 70.678,
                                                                                                                                        "Actual Total Time": 70.681,
                                                                                                                                        "Actual Rows": 24592,
                                                                                                                                        "Actual Loops": 1
                                                                                                                                    },
                                                                                                                                    {
                                                                                                                                        "Worker Number": 1,
                                                                                                                                        "Actual Startup Time": 49.121,
                                                                                                                                        "Actual Total Time": 49.124,
                                                                                                                                        "Actual Rows": 24592,
                                                                                                                                        "Actual Loops": 1
                                                                                                                                    },
                                                                                                                                    {
                                                                                                                                        "Worker Number": 2,
                                                                                                                                        "Actual Startup Time": 70.75,
                                                                                                                                        "Actual Total Time": 70.754,
                                                                                                                                        "Actual Rows": 24592,
                                                                                                                                        "Actual Loops": 1
                                                                                                                                    },
                                                                                                                                    {
                                                                                                                                        "Worker Number": 3,
                                                                                                                                        "Actual Startup Time": 70.642,
                                                                                                                                        "Actual Total Time": 70.646,
                                                                                                                                        "Actual Rows": 24592,
                                                                                                                                        "Actual Loops": 1
                                                                                                                                    }
                                                                                                                                ],
                                                                                                                                "Plans": [
                                                                                                                                    {
                                                                                                                                        "Node Type": "Hash Join",
                                                                                                                                        "Parent Relationship": "Outer",
                                                                                                                                        "Parallel Aware": false,
                                                                                                                                        "Join Type": "Inner",
                                                                                                                                        "Startup Cost": 12.63,
                                                                                                                                        "Total Cost": 6101.01,
                                                                                                                                        "Plan Rows": 33772,
                                                                                                                                        "Plan Width": 4,
                                                                                                                                        "Actual Startup Time": 41.414,
                                                                                                                                        "Actual Total Time": 53.32,
                                                                                                                                        "Actual Rows": 24592,
                                                                                                                                        "Actual Loops": 5,
                                                                                                                                        "Output": [
                                                                                                                                            "cc.movie_id"
                                                                                                                                        ],
                                                                                                                                        "Inner Unique": true,
                                                                                                                                        "Hash Cond": "(cc.status_id = cct1.id)",
                                                                                                                                        "Workers": [
                                                                                                                                            {
                                                                                                                                                "Worker Number": 0,
                                                                                                                                                "Actual Startup Time": 50.685,
                                                                                                                                                "Actual Total Time": 64.523,
                                                                                                                                                "Actual Rows": 24592,
                                                                                                                                                "Actual Loops": 1
                                                                                                                                            },
                                                                                                                                            {
                                                                                                                                                "Worker Number": 1,
                                                                                                                                                "Actual Startup Time": 32.671,
                                                                                                                                                "Actual Total Time": 43.386,
                                                                                                                                                "Actual Rows": 24592,
                                                                                                                                                "Actual Loops": 1
                                                                                                                                            },
                                                                                                                                            {
                                                                                                                                                "Worker Number": 2,
                                                                                                                                                "Actual Startup Time": 50.741,
                                                                                                                                                "Actual Total Time": 64.78,
                                                                                                                                                "Actual Rows": 24592,
                                                                                                                                                "Actual Loops": 1
                                                                                                                                            },
                                                                                                                                            {
                                                                                                                                                "Worker Number": 3,
                                                                                                                                                "Actual Startup Time": 50.652,
                                                                                                                                                "Actual Total Time": 64.465,
                                                                                                                                                "Actual Rows": 24592,
                                                                                                                                                "Actual Loops": 1
                                                                                                                                            }
                                                                                                                                        ],
                                                                                                                                        "Plans": [
                                                                                                                                            {
                                                                                                                                                "Node Type": "Index Scan",
                                                                                                                                                "Parent Relationship": "Outer",
                                                                                                                                                "Parallel Aware": false,
                                                                                                                                                "Scan Direction": "Forward",
                                                                                                                                                "Index Name": "status_id_complete_cast",
                                                                                                                                                "Relation Name": "complete_cast",
                                                                                                                                                "Schema": "public",
                                                                                                                                                "Alias": "cc",
                                                                                                                                                "Startup Cost": 0.42,
                                                                                                                                                "Total Cost": 5358.48,
                                                                                                                                                "Plan Rows": 135086,
                                                                                                                                                "Plan Width": 8,
                                                                                                                                                "Actual Startup Time": 0.077,
                                                                                                                                                "Actual Total Time": 36.807,
                                                                                                                                                "Actual Rows": 135086,
                                                                                                                                                "Actual Loops": 5,
                                                                                                                                                "Output": [
                                                                                                                                                    "cc.id",
                                                                                                                                                    "cc.movie_id",
                                                                                                                                                    "cc.subject_id",
                                                                                                                                                    "cc.status_id"
                                                                                                                                                ],
                                                                                                                                                "Workers": [
                                                                                                                                                    {
                                                                                                                                                        "Worker Number": 0,
                                                                                                                                                        "Actual Startup Time": 0.092,
                                                                                                                                                        "Actual Total Time": 46.937,
                                                                                                                                                        "Actual Rows": 135086,
                                                                                                                                                        "Actual Loops": 1
                                                                                                                                                    },
                                                                                                                                                    {
                                                                                                                                                        "Worker Number": 1,
                                                                                                                                                        "Actual Startup Time": 0.093,
                                                                                                                                                        "Actual Total Time": 25.171,
                                                                                                                                                        "Actual Rows": 135086,
                                                                                                                                                        "Actual Loops": 1
                                                                                                                                                    },
                                                                                                                                                    {
                                                                                                                                                        "Worker Number": 2,
                                                                                                                                                        "Actual Startup Time": 0.096,
                                                                                                                                                        "Actual Total Time": 47.136,
                                                                                                                                                        "Actual Rows": 135086,
                                                                                                                                                        "Actual Loops": 1
                                                                                                                                                    },
                                                                                                                                                    {
                                                                                                                                                        "Worker Number": 3,
                                                                                                                                                        "Actual Startup Time": 0.076,
                                                                                                                                                        "Actual Total Time": 46.947,
                                                                                                                                                        "Actual Rows": 135086,
                                                                                                                                                        "Actual Loops": 1
                                                                                                                                                    }
                                                                                                                                                ]
                                                                                                                                            },
                                                                                                                                            {
                                                                                                                                                "Node Type": "Hash",
                                                                                                                                                "Parent Relationship": "Inner",
                                                                                                                                                "Parallel Aware": false,
                                                                                                                                                "Startup Cost": 12.2,
                                                                                                                                                "Total Cost": 12.2,
                                                                                                                                                "Plan Rows": 1,
                                                                                                                                                "Plan Width": 4,
                                                                                                                                                "Actual Startup Time": 0.058,
                                                                                                                                                "Actual Total Time": 0.059,
                                                                                                                                                "Actual Rows": 1,
                                                                                                                                                "Actual Loops": 5,
                                                                                                                                                "Output": [
                                                                                                                                                    "cct1.id"
                                                                                                                                                ],
                                                                                                                                                "Hash Buckets": 1024,
                                                                                                                                                "Original Hash Buckets": 1024,
                                                                                                                                                "Hash Batches": 1,
                                                                                                                                                "Original Hash Batches": 1,
                                                                                                                                                "Peak Memory Usage": 9,
                                                                                                                                                "Workers": [
                                                                                                                                                    {
                                                                                                                                                        "Worker Number": 0,
                                                                                                                                                        "Actual Startup Time": 0.063,
                                                                                                                                                        "Actual Total Time": 0.065,
                                                                                                                                                        "Actual Rows": 1,
                                                                                                                                                        "Actual Loops": 1
                                                                                                                                                    },
                                                                                                                                                    {
                                                                                                                                                        "Worker Number": 1,
                                                                                                                                                        "Actual Startup Time": 0.088,
                                                                                                                                                        "Actual Total Time": 0.089,
                                                                                                                                                        "Actual Rows": 1,
                                                                                                                                                        "Actual Loops": 1
                                                                                                                                                    },
                                                                                                                                                    {
                                                                                                                                                        "Worker Number": 2,
                                                                                                                                                        "Actual Startup Time": 0.066,
                                                                                                                                                        "Actual Total Time": 0.068,
                                                                                                                                                        "Actual Rows": 1,
                                                                                                                                                        "Actual Loops": 1
                                                                                                                                                    },
                                                                                                                                                    {
                                                                                                                                                        "Worker Number": 3,
                                                                                                                                                        "Actual Startup Time": 0.056,
                                                                                                                                                        "Actual Total Time": 0.058,
                                                                                                                                                        "Actual Rows": 1,
                                                                                                                                                        "Actual Loops": 1
                                                                                                                                                    }
                                                                                                                                                ],
                                                                                                                                                "Plans": [
                                                                                                                                                    {
                                                                                                                                                        "Node Type": "Index Scan",
                                                                                                                                                        "Parent Relationship": "Outer",
                                                                                                                                                        "Parallel Aware": false,
                                                                                                                                                        "Scan Direction": "Forward",
                                                                                                                                                        "Index Name": "comp_cast_type_pkey",
                                                                                                                                                        "Relation Name": "comp_cast_type",
                                                                                                                                                        "Schema": "public",
                                                                                                                                                        "Alias": "cct1",
                                                                                                                                                        "Startup Cost": 0.13,
                                                                                                                                                        "Total Cost": 12.2,
                                                                                                                                                        "Plan Rows": 1,
                                                                                                                                                        "Plan Width": 4,
                                                                                                                                                        "Actual Startup Time": 0.05,
                                                                                                                                                        "Actual Total Time": 0.052,
                                                                                                                                                        "Actual Rows": 1,
                                                                                                                                                        "Actual Loops": 5,
                                                                                                                                                        "Output": [
                                                                                                                                                            "cct1.id"
                                                                                                                                                        ],
                                                                                                                                                        "Filter": "((cct1.kind)::text = 'complete+verified'::text)",
                                                                                                                                                        "Rows Removed by Filter": 3,
                                                                                                                                                        "Workers": [
                                                                                                                                                            {
                                                                                                                                                                "Worker Number": 0,
                                                                                                                                                                "Actual Startup Time": 0.054,
                                                                                                                                                                "Actual Total Time": 0.056,
                                                                                                                                                                "Actual Rows": 1,
                                                                                                                                                                "Actual Loops": 1
                                                                                                                                                            },
                                                                                                                                                            {
                                                                                                                                                                "Worker Number": 1,
                                                                                                                                                                "Actual Startup Time": 0.08,
                                                                                                                                                                "Actual Total Time": 0.082,
                                                                                                                                                                "Actual Rows": 1,
                                                                                                                                                                "Actual Loops": 1
                                                                                                                                                            },
                                                                                                                                                            {
                                                                                                                                                                "Worker Number": 2,
                                                                                                                                                                "Actual Startup Time": 0.057,
                                                                                                                                                                "Actual Total Time": 0.059,
                                                                                                                                                                "Actual Rows": 1,
                                                                                                                                                                "Actual Loops": 1
                                                                                                                                                            },
                                                                                                                                                            {
                                                                                                                                                                "Worker Number": 3,
                                                                                                                                                                "Actual Startup Time": 0.047,
                                                                                                                                                                "Actual Total Time": 0.049,
                                                                                                                                                                "Actual Rows": 1,
                                                                                                                                                                "Actual Loops": 1
                                                                                                                                                            }
                                                                                                                                                        ]
                                                                                                                                                    }
                                                                                                                                                ]
                                                                                                                                            }
                                                                                                                                        ]
                                                                                                                                    }
                                                                                                                                ]
                                                                                                                            }
                                                                                                                        ]
                                                                                                                    },
                                                                                                                    {
                                                                                                                        "Node Type": "Hash",
                                                                                                                        "Parent Relationship": "Inner",
                                                                                                                        "Parallel Aware": true,
                                                                                                                        "Startup Cost": 213635.83,
                                                                                                                        "Total Cost": 213635.83,
                                                                                                                        "Plan Rows": 64,
                                                                                                                        "Plan Width": 8,
                                                                                                                        "Actual Startup Time": 523.339,
                                                                                                                        "Actual Total Time": 523.341,
                                                                                                                        "Actual Rows": 357,
                                                                                                                        "Actual Loops": 5,
                                                                                                                        "Output": [
                                                                                                                            "mi.movie_id",
                                                                                                                            "mi.info_type_id"
                                                                                                                        ],
                                                                                                                        "Hash Buckets": 1024,
                                                                                                                        "Original Hash Buckets": 1024,
                                                                                                                        "Hash Batches": 1,
                                                                                                                        "Original Hash Batches": 1,
                                                                                                                        "Peak Memory Usage": 168,
                                                                                                                        "Workers": [
                                                                                                                            {
                                                                                                                                "Worker Number": 0,
                                                                                                                                "Actual Startup Time": 520.289,
                                                                                                                                "Actual Total Time": 520.29,
                                                                                                                                "Actual Rows": 290,
                                                                                                                                "Actual Loops": 1
                                                                                                                            },
                                                                                                                            {
                                                                                                                                "Worker Number": 1,
                                                                                                                                "Actual Startup Time": 520.294,
                                                                                                                                "Actual Total Time": 520.295,
                                                                                                                                "Actual Rows": 294,
                                                                                                                                "Actual Loops": 1
                                                                                                                            },
                                                                                                                            {
                                                                                                                                "Worker Number": 2,
                                                                                                                                "Actual Startup Time": 520.878,
                                                                                                                                "Actual Total Time": 520.879,
                                                                                                                                "Actual Rows": 287,
                                                                                                                                "Actual Loops": 1
                                                                                                                            },
                                                                                                                            {
                                                                                                                                "Worker Number": 3,
                                                                                                                                "Actual Startup Time": 521.822,
                                                                                                                                "Actual Total Time": 521.823,
                                                                                                                                "Actual Rows": 313,
                                                                                                                                "Actual Loops": 1
                                                                                                                            }
                                                                                                                        ],
                                                                                                                        "Plans": [
                                                                                                                            {
                                                                                                                                "Node Type": "Seq Scan",
                                                                                                                                "Parent Relationship": "Outer",
                                                                                                                                "Parallel Aware": true,
                                                                                                                                "Relation Name": "movie_info",
                                                                                                                                "Schema": "public",
                                                                                                                                "Alias": "mi",
                                                                                                                                "Startup Cost": 0.0,
                                                                                                                                "Total Cost": 213635.83,
                                                                                                                                "Plan Rows": 64,
                                                                                                                                "Plan Width": 8,
                                                                                                                                "Actual Startup Time": 146.818,
                                                                                                                                "Actual Total Time": 522.926,
                                                                                                                                "Actual Rows": 357,
                                                                                                                                "Actual Loops": 5,
                                                                                                                                "Output": [
                                                                                                                                    "mi.movie_id",
                                                                                                                                    "mi.info_type_id"
                                                                                                                                ],
                                                                                                                                "Filter": "((mi.info IS NOT NULL) AND (mi.note ~~ '%internet%'::text) AND ((mi.info ~~ 'USA:% 199%'::text) OR (mi.info ~~ 'USA:% 200%'::text)))",
                                                                                                                                "Rows Removed by Filter": 2966787,
                                                                                                                                "Workers": [
                                                                                                                                    {
                                                                                                                                        "Worker Number": 0,
                                                                                                                                        "Actual Startup Time": 144.234,
                                                                                                                                        "Actual Total Time": 519.869,
                                                                                                                                        "Actual Rows": 290,
                                                                                                                                        "Actual Loops": 1
                                                                                                                                    },
                                                                                                                                    {
                                                                                                                                        "Worker Number": 1,
                                                                                                                                        "Actual Startup Time": 144.642,
                                                                                                                                        "Actual Total Time": 519.873,
                                                                                                                                        "Actual Rows": 294,
                                                                                                                                        "Actual Loops": 1
                                                                                                                                    },
                                                                                                                                    {
                                                                                                                                        "Worker Number": 2,
                                                                                                                                        "Actual Startup Time": 144.048,
                                                                                                                                        "Actual Total Time": 520.437,
                                                                                                                                        "Actual Rows": 287,
                                                                                                                                        "Actual Loops": 1
                                                                                                                                    },
                                                                                                                                    {
                                                                                                                                        "Worker Number": 3,
                                                                                                                                        "Actual Startup Time": 144.892,
                                                                                                                                        "Actual Total Time": 521.37,
                                                                                                                                        "Actual Rows": 313,
                                                                                                                                        "Actual Loops": 1
                                                                                                                                    }
                                                                                                                                ]
                                                                                                                            }
                                                                                                                        ]
                                                                                                                    }
                                                                                                                ]
                                                                                                            }
                                                                                                        ]
                                                                                                    }
                                                                                                ]
                                                                                            }
                                                                                        ]
                                                                                    },
                                                                                    {
                                                                                        "Node Type": "Hash",
                                                                                        "Parent Relationship": "Inner",
                                                                                        "Parallel Aware": false,
                                                                                        "Startup Cost": 177177.46,
                                                                                        "Total Cost": 177177.46,
                                                                                        "Plan Rows": 4523930,
                                                                                        "Plan Width": 8,
                                                                                        "Actual Startup Time": 1847.32,
                                                                                        "Actual Total Time": 1847.321,
                                                                                        "Actual Rows": 4523930,
                                                                                        "Actual Loops": 1,
                                                                                        "Output": [
                                                                                            "mk.movie_id",
                                                                                            "mk.keyword_id"
                                                                                        ],
                                                                                        "Hash Buckets": 8388608,
                                                                                        "Original Hash Buckets": 8388608,
                                                                                        "Hash Batches": 1,
                                                                                        "Original Hash Batches": 1,
                                                                                        "Peak Memory Usage": 242253,
                                                                                        "Plans": [
                                                                                            {
                                                                                                "Node Type": "Index Scan",
                                                                                                "Parent Relationship": "Outer",
                                                                                                "Parallel Aware": false,
                                                                                                "Scan Direction": "Forward",
                                                                                                "Index Name": "movie_id_movie_keyword",
                                                                                                "Relation Name": "movie_keyword",
                                                                                                "Schema": "public",
                                                                                                "Alias": "mk",
                                                                                                "Startup Cost": 0.43,
                                                                                                "Total Cost": 177177.46,
                                                                                                "Plan Rows": 4523930,
                                                                                                "Plan Width": 8,
                                                                                                "Actual Startup Time": 0.042,
                                                                                                "Actual Total Time": 1056.111,
                                                                                                "Actual Rows": 4523930,
                                                                                                "Actual Loops": 1,
                                                                                                "Output": [
                                                                                                    "mk.movie_id",
                                                                                                    "mk.keyword_id"
                                                                                                ]
                                                                                            }
                                                                                        ]
                                                                                    }
                                                                                ]
                                                                            },
                                                                            {
                                                                                "Node Type": "Index Scan",
                                                                                "Parent Relationship": "Inner",
                                                                                "Parallel Aware": false,
                                                                                "Scan Direction": "Forward",
                                                                                "Index Name": "kind_type_pkey",
                                                                                "Relation Name": "kind_type",
                                                                                "Schema": "public",
                                                                                "Alias": "kt",
                                                                                "Startup Cost": 0.13,
                                                                                "Total Cost": 0.15,
                                                                                "Plan Rows": 1,
                                                                                "Plan Width": 14,
                                                                                "Actual Startup Time": 0.001,
                                                                                "Actual Total Time": 0.001,
                                                                                "Actual Rows": 1,
                                                                                "Actual Loops": 612,
                                                                                "Output": [
                                                                                    "kt.id",
                                                                                    "kt.kind"
                                                                                ],
                                                                                "Index Cond": "(kt.id = t.kind_id)",
                                                                                "Rows Removed by Index Recheck": 0,
                                                                                "Filter": "((kt.kind)::text = 'movie'::text)",
                                                                                "Rows Removed by Filter": 0
                                                                            }
                                                                        ]
                                                                    }
                                                                ]
                                                            }
                                                        ]
                                                    }
                                                ]
                                            }
                                        ]
                                    }
                                ]
                            },
                            {
                                "Node Type": "Index Scan",
                                "Parent Relationship": "Inner",
                                "Parallel Aware": false,
                                "Scan Direction": "Forward",
                                "Index Name": "company_name_pkey",
                                "Relation Name": "company_name",
                                "Schema": "public",
                                "Alias": "cn",
                                "Startup Cost": 0.42,
                                "Total Cost": 12454.44,
                                "Plan Rows": 84301,
                                "Plan Width": 4,
                                "Actual Startup Time": 0.022,
                                "Actual Total Time": 61.635,
                                "Actual Rows": 49482,
                                "Actual Loops": 1,
                                "Output": [
                                    "cn.id",
                                    "cn.name",
                                    "cn.country_code",
                                    "cn.imdb_id",
                                    "cn.name_pcode_nf",
                                    "cn.name_pcode_sf",
                                    "cn.md5sum"
                                ],
                                "Filter": "((cn.country_code)::text = '[us]'::text)",
                                "Rows Removed by Filter": 85001
                            }
                        ]
                    },
                    {
                        "Node Type": "Bitmap Heap Scan",
                        "Parent Relationship": "Inner",
                        "Parallel Aware": false,
                        "Relation Name": "company_type",
                        "Schema": "public",
                        "Alias": "ct",
                        "Startup Cost": 0.14,
                        "Total Cost": 4.15,
                        "Plan Rows": 1,
                        "Plan Width": 4,
                        "Actual Startup Time": 0.002,
                        "Actual Total Time": 0.002,
                        "Actual Rows": 1,
                        "Actual Loops": 612,
                        "Output": [
                            "ct.id",
                            "ct.kind"
                        ],
                        "Recheck Cond": "(ct.id = mc.company_type_id)",
                        "Rows Removed by Index Recheck": 0,
                        "Exact Heap Blocks": 612,
                        "Lossy Heap Blocks": 0,
                        "Plans": [
                            {
                                "Node Type": "Bitmap Index Scan",
                                "Parent Relationship": "Outer",
                                "Parallel Aware": false,
                                "Index Name": "company_type_pkey",
                                "Startup Cost": 0.0,
                                "Total Cost": 0.14,
                                "Plan Rows": 1,
                                "Plan Width": 0,
                                "Actual Startup Time": 0.001,
                                "Actual Total Time": 0.001,
                                "Actual Rows": 1,
                                "Actual Loops": 612,
                                "Index Cond": "(ct.id = mc.company_type_id)"
                            }
                        ]
                    }
                ]
            }
        ]
    },
    "Planning Time": 25.92,
    "Triggers": [],
    "Execution Time": 3079.755
}