[
  {
    "Plan": {
      "Node Type": "Aggregate",
      "Strategy": "Plain",
      "Partial Mode": "Finalize",
      "Parallel Aware": false,
      "Startup Cost": 249957.46,
      "Total Cost": 249957.47,
      "Plan Rows": 1,
      "Plan Width": 8,
      "Actual Startup Time": 706.077,
      "Actual Total Time": 752.533,
      "Actual Rows": 1,
      "Actual Loops": 1,
      "Plans": [
        {
          "Node Type": "Gather",
          "Parent Relationship": "Outer",
          "Parallel Aware": false,
          "Startup Cost": 249956.94,
          "Total Cost": 249957.45,
          "Plan Rows": 5,
          "Plan Width": 8,
          "Actual Startup Time": 703.802,
          "Actual Total Time": 752.507,
          "Actual Rows": 6,
          "Actual Loops": 1,
          "Workers Planned": 5,
          "Workers Launched": 5,
          "Single Copy": false,
          "Plans": [
            {
              "Node Type": "Aggregate",
              "Strategy": "Plain",
              "Partial Mode": "Partial",
              "Parent Relationship": "Outer",
              "Parallel Aware": false,
              "Startup Cost": 248956.94,
              "Total Cost": 248956.95,
              "Plan Rows": 1,
              "Plan Width": 8,
              "Actual Startup Time": 696.322,
              "Actual Total Time": 696.394,
              "Actual Rows": 1,
              "Actual Loops": 6,
              "Plans": [
                {
                  "Node Type": "Hash Join",
                  "Parent Relationship": "Outer",
                  "Parallel Aware": true,
                  "Join Type": "Inner",
                  "Startup Cost": 46296.04,
                  "Total Cost": 248638.64,
                  "Plan Rows": 127319,
                  "Plan Width": 0,
                  "Actual Startup Time": 143.212,
                  "Actual Total Time": 683.548,
                  "Actual Rows": 217569,
                  "Actual Loops": 6,
                  "Inner Unique": true,
                  "Hash Cond": "(mi.movie_id = t.id)",
                  "Plans": [
                    {
                      "Node Type": "Seq Scan",
                      "Parent Relationship": "Outer",
                      "Parallel Aware": true,
                      "Relation Name": "movie_info",
                      "Alias": "mi",
                      "Startup Cost": 0.0,
                      "Total Cost": 199108.24,
                      "Plan Rows": 1232139,
                      "Plan Width": 4,
                      "Actual Startup Time": 17.612,
                      "Actual Total Time": 366.416,
                      "Actual Rows": 1037249,
                      "Actual Loops": 6,
                      "Filter": "(info_type_id > 8)",
                      "Rows Removed by Filter": 1435371
                    },
                    {
                      "Node Type": "Hash",
                      "Parent Relationship": "Inner",
                      "Parallel Aware": true,
                      "Startup Cost": 45479.59,
                      "Total Cost": 45479.59,
                      "Plan Rows": 65316,
                      "Plan Width": 4,
                      "Actual Startup Time": 124.005,
                      "Actual Total Time": 124.006,
                      "Actual Rows": 63768,
                      "Actual Loops": 6,
                      "Hash Buckets": 524288,
                      "Original Hash Buckets": 262144,
                      "Hash Batches": 1,
                      "Original Hash Batches": 1,
                      "Peak Memory Usage": 21216,
                      "Plans": [
                        {
                          "Node Type": "Seq Scan",
                          "Parent Relationship": "Outer",
                          "Parallel Aware": true,
                          "Relation Name": "title",
                          "Alias": "t",
                          "Startup Cost": 0.0,
                          "Total Cost": 45479.59,
                          "Plan Rows": 65316,
                          "Plan Width": 4,
                          "Actual Startup Time": 0.056,
                          "Actual Total Time": 87.093,
                          "Actual Rows": 63768,
                          "Actual Loops": 6,
                          "Filter": "((kind_id < 7) AND (production_year < 1990))",
                          "Rows Removed by Filter": 357617
                        }
                      ]
                    }
                  ]
                }
              ]
            }
          ]
        }
      ]
    },
    "Planning Time": 0.374,
    "Triggers": [],
    "Execution Time": 752.585
  }
]