[
  {
    "Plan": {
      "Node Type": "Aggregate",
      "Strategy": "Plain",
      "Partial Mode": "Finalize",
      "Parallel Aware": false,
      "Startup Cost": 356202.51,
      "Total Cost": 356202.52,
      "Plan Rows": 1,
      "Plan Width": 8,
      "Actual Startup Time": 1015.352,
      "Actual Total Time": 1078.797,
      "Actual Rows": 1,
      "Actual Loops": 1,
      "Plans": [
        {
          "Node Type": "Gather",
          "Parent Relationship": "Outer",
          "Parallel Aware": false,
          "Startup Cost": 356201.89,
          "Total Cost": 356202.5,
          "Plan Rows": 6,
          "Plan Width": 8,
          "Actual Startup Time": 1015.085,
          "Actual Total Time": 1078.777,
          "Actual Rows": 7,
          "Actual Loops": 1,
          "Workers Planned": 6,
          "Workers Launched": 6,
          "Single Copy": false,
          "Plans": [
            {
              "Node Type": "Aggregate",
              "Strategy": "Plain",
              "Partial Mode": "Partial",
              "Parent Relationship": "Outer",
              "Parallel Aware": false,
              "Startup Cost": 355201.89,
              "Total Cost": 355201.9,
              "Plan Rows": 1,
              "Plan Width": 8,
              "Actual Startup Time": 1004.59,
              "Actual Total Time": 1004.592,
              "Actual Rows": 1,
              "Actual Loops": 7,
              "Plans": [
                {
                  "Node Type": "Seq Scan",
                  "Parent Relationship": "Outer",
                  "Parallel Aware": true,
                  "Relation Name": "cast_info",
                  "Alias": "ci",
                  "Startup Cost": 0.0,
                  "Total Cost": 343316.27,
                  "Plan Rows": 4754247,
                  "Plan Width": 0,
                  "Actual Startup Time": 58.129,
                  "Actual Total Time": 801.607,
                  "Actual Rows": 4013563,
                  "Actual Loops": 7,
                  "Filter": "((person_id > 351161) AND (role_id < 10))",
                  "Rows Removed by Filter": 1164200
                }
              ]
            }
          ]
        }
      ]
    },
    "Planning Time": 0.072,
    "Triggers": [],
    "Execution Time": 1078.833
  }
]