{
    "Plan": {
        "Node Type": "Aggregate",
        "Strategy": "Plain",
        "Partial Mode": "Finalize",
        "Parallel Aware": false,
        "Startup Cost": 89517.89,
        "Total Cost": 89517.9,
        "Plan Rows": 1,
        "Plan Width": 8,
        "Actual Startup Time": 315.317,
        "Actual Total Time": 338.088,
        "Actual Rows": 1,
        "Actual Loops": 1,
        "Output": [
            "count(*)"
        ],
        "Plans": [
            {
                "Node Type": "Gather",
                "Parent Relationship": "Outer",
                "Parallel Aware": false,
                "Startup Cost": 89517.57,
                "Total Cost": 89517.88,
                "Plan Rows": 3,
                "Plan Width": 8,
                "Actual Startup Time": 314.974,
                "Actual Total Time": 338.078,
                "Actual Rows": 4,
                "Actual Loops": 1,
                "Output": [
                    "(PARTIAL count(*))"
                ],
                "Workers Planned": 3,
                "Workers Launched": 3,
                "Single Copy": false,
                "Plans": [
                    {
                        "Node Type": "Aggregate",
                        "Strategy": "Plain",
                        "Partial Mode": "Partial",
                        "Parent Relationship": "Outer",
                        "Parallel Aware": false,
                        "Startup Cost": 88517.57,
                        "Total Cost": 88517.58,
                        "Plan Rows": 1,
                        "Plan Width": 8,
                        "Actual Startup Time": 305.972,
                        "Actual Total Time": 305.976,
                        "Actual Rows": 1,
                        "Actual Loops": 4,
                        "Output": [
                            "PARTIAL count(*)"
                        ],
                        "Workers": [
                            {
                                "Worker Number": 0,
                                "Actual Startup Time": 303.195,
                                "Actual Total Time": 303.199,
                                "Actual Rows": 1,
                                "Actual Loops": 1
                            },
                            {
                                "Worker Number": 1,
                                "Actual Startup Time": 303.237,
                                "Actual Total Time": 303.239,
                                "Actual Rows": 1,
                                "Actual Loops": 1
                            },
                            {
                                "Worker Number": 2,
                                "Actual Startup Time": 303.204,
                                "Actual Total Time": 303.207,
                                "Actual Rows": 1,
                                "Actual Loops": 1
                            }
                        ],
                        "Plans": [
                            {
                                "Node Type": "Hash Join",
                                "Parent Relationship": "Outer",
                                "Parallel Aware": true,
                                "Join Type": "Inner",
                                "Startup Cost": 45588.86,
                                "Total Cost": 88466.94,
                                "Plan Rows": 20253,
                                "Plan Width": 0,
                                "Actual Startup Time": 144.659,
                                "Actual Total Time": 304.53,
                                "Actual Rows": 30269,
                                "Actual Loops": 4,
                                "Inner Unique": true,
                                "Hash Cond": "(mk.movie_id = t.id)",
                                "Workers": [
                                    {
                                        "Worker Number": 0,
                                        "Actual Startup Time": 141.855,
                                        "Actual Total Time": 301.76,
                                        "Actual Rows": 29088,
                                        "Actual Loops": 1
                                    },
                                    {
                                        "Worker Number": 1,
                                        "Actual Startup Time": 141.901,
                                        "Actual Total Time": 301.831,
                                        "Actual Rows": 28611,
                                        "Actual Loops": 1
                                    },
                                    {
                                        "Worker Number": 2,
                                        "Actual Startup Time": 141.913,
                                        "Actual Total Time": 301.744,
                                        "Actual Rows": 29470,
                                        "Actual Loops": 1
                                    }
                                ],
                                "Plans": [
                                    {
                                        "Node Type": "Seq Scan",
                                        "Parent Relationship": "Outer",
                                        "Parallel Aware": true,
                                        "Relation Name": "movie_keyword",
                                        "Schema": "public",
                                        "Alias": "mk",
                                        "Startup Cost": 0.0,
                                        "Total Cost": 39047.32,
                                        "Plan Rows": 1459332,
                                        "Plan Width": 4,
                                        "Actual Startup Time": 0.017,
                                        "Actual Total Time": 106.697,
                                        "Actual Rows": 1130982,
                                        "Actual Loops": 4,
                                        "Output": [
                                            "mk.id",
                                            "mk.movie_id",
                                            "mk.keyword_id"
                                        ],
                                        "Workers": [
                                            {
                                                "Worker Number": 0,
                                                "Actual Startup Time": 0.026,
                                                "Actual Total Time": 111.135,
                                                "Actual Rows": 1085025,
                                                "Actual Loops": 1
                                            },
                                            {
                                                "Worker Number": 1,
                                                "Actual Startup Time": 0.02,
                                                "Actual Total Time": 111.208,
                                                "Actual Rows": 1085025,
                                                "Actual Loops": 1
                                            },
                                            {
                                                "Worker Number": 2,
                                                "Actual Startup Time": 0.015,
                                                "Actual Total Time": 111.079,
                                                "Actual Rows": 1083175,
                                                "Actual Loops": 1
                                            }
                                        ]
                                    },
                                    {
                                        "Node Type": "Hash",
                                        "Parent Relationship": "Inner",
                                        "Parallel Aware": true,
                                        "Startup Cost": 45479.21,
                                        "Total Cost": 45479.21,
                                        "Plan Rows": 8772,
                                        "Plan Width": 4,
                                        "Actual Startup Time": 105.045,
                                        "Actual Total Time": 105.046,
                                        "Actual Rows": 7026,
                                        "Actual Loops": 4,
                                        "Output": [
                                            "t.id"
                                        ],
                                        "Hash Buckets": 65536,
                                        "Original Hash Buckets": 65536,
                                        "Hash Batches": 1,
                                        "Original Hash Batches": 1,
                                        "Peak Memory Usage": 1664,
                                        "Workers": [
                                            {
                                                "Worker Number": 0,
                                                "Actual Startup Time": 103.107,
                                                "Actual Total Time": 103.109,
                                                "Actual Rows": 6576,
                                                "Actual Loops": 1
                                            },
                                            {
                                                "Worker Number": 1,
                                                "Actual Startup Time": 103.116,
                                                "Actual Total Time": 103.117,
                                                "Actual Rows": 6470,
                                                "Actual Loops": 1
                                            },
                                            {
                                                "Worker Number": 2,
                                                "Actual Startup Time": 103.197,
                                                "Actual Total Time": 103.198,
                                                "Actual Rows": 6281,
                                                "Actual Loops": 1
                                            }
                                        ],
                                        "Plans": [
                                            {
                                                "Node Type": "Seq Scan",
                                                "Parent Relationship": "Outer",
                                                "Parallel Aware": true,
                                                "Relation Name": "title",
                                                "Schema": "public",
                                                "Alias": "t",
                                                "Startup Cost": 0.0,
                                                "Total Cost": 45479.21,
                                                "Plan Rows": 8772,
                                                "Plan Width": 4,
                                                "Actual Startup Time": 64.04,
                                                "Actual Total Time": 101.988,
                                                "Actual Rows": 7026,
                                                "Actual Loops": 4,
                                                "Output": [
                                                    "t.id"
                                                ],
                                                "Filter": "((t.kind_id < 2) AND (t.production_year = 2009))",
                                                "Rows Removed by Filter": 625052,
                                                "Workers": [
                                                    {
                                                        "Worker Number": 0,
                                                        "Actual Startup Time": 60.486,
                                                        "Actual Total Time": 99.841,
                                                        "Actual Rows": 6576,
                                                        "Actual Loops": 1
                                                    },
                                                    {
                                                        "Worker Number": 1,
                                                        "Actual Startup Time": 60.341,
                                                        "Actual Total Time": 100.354,
                                                        "Actual Rows": 6470,
                                                        "Actual Loops": 1
                                                    },
                                                    {
                                                        "Worker Number": 2,
                                                        "Actual Startup Time": 66.407,
                                                        "Actual Total Time": 100.457,
                                                        "Actual Rows": 6281,
                                                        "Actual Loops": 1
                                                    }
                                                ]
                                            }
                                        ]
                                    }
                                ]
                            }
                        ]
                    }
                ]
            }
        ]
    },
    "Planning Time": 0.702,
    "Triggers": [],
    "Execution Time": 338.172
}