[
  {
    "Plan": {
      "Node Type": "Aggregate",
      "Strategy": "Plain",
      "Partial Mode": "Finalize",
      "Parallel Aware": false,
      "Startup Cost": 625644.49,
      "Total Cost": 625644.5,
      "Plan Rows": 1,
      "Plan Width": 8,
      "Actual Startup Time": 7145.528,
      "Actual Total Time": 7231.179,
      "Actual Rows": 1,
      "Actual Loops": 1,
      "Plans": [
        {
          "Node Type": "Gather",
          "Parent Relationship": "Outer",
          "Parallel Aware": false,
          "Startup Cost": 625643.86,
          "Total Cost": 625644.47,
          "Plan Rows": 6,
          "Plan Width": 8,
          "Actual Startup Time": 7076.534,
          "Actual Total Time": 7231.133,
          "Actual Rows": 7,
          "Actual Loops": 1,
          "Workers Planned": 6,
          "Workers Launched": 6,
          "Single Copy": false,
          "Plans": [
            {
              "Node Type": "Aggregate",
              "Strategy": "Plain",
              "Partial Mode": "Partial",
              "Parent Relationship": "Outer",
              "Parallel Aware": false,
              "Startup Cost": 624643.86,
              "Total Cost": 624643.87,
              "Plan Rows": 1,
              "Plan Width": 8,
              "Actual Startup Time": 7054.964,
              "Actual Total Time": 7056.131,
              "Actual Rows": 1,
              "Actual Loops": 7,
              "Plans": [
                {
                  "Node Type": "Hash Join",
                  "Parent Relationship": "Outer",
                  "Parallel Aware": true,
                  "Join Type": "Inner",
                  "Startup Cost": 261278.7,
                  "Total Cost": 612264.82,
                  "Plan Rows": 4951616,
                  "Plan Width": 0,
                  "Actual Startup Time": 1704.905,
                  "Actual Total Time": 6181.771,
                  "Actual Rows": 21380058,
                  "Actual Loops": 7,
                  "Inner Unique": false,
                  "Hash Cond": "(ci.movie_id = t.id)",
                  "Plans": [
                    {
                      "Node Type": "Seq Scan",
                      "Parent Relationship": "Outer",
                      "Parallel Aware": true,
                      "Relation Name": "cast_info",
                      "Alias": "ci",
                      "Startup Cost": 0.0,
                      "Total Cost": 328162.03,
                      "Plan Rows": 3445566,
                      "Plan Width": 4,
                      "Actual Startup Time": 163.879,
                      "Actual Total Time": 595.996,
                      "Actual Rows": 2961731,
                      "Actual Loops": 7,
                      "Filter": "(person_id > 1529884)",
                      "Rows Removed by Filter": 2216032
                    },
                    {
                      "Node Type": "Hash",
                      "Parent Relationship": "Inner",
                      "Parallel Aware": true,
                      "Startup Cost": 252195.18,
                      "Total Cost": 252195.18,
                      "Plan Rows": 726681,
                      "Plan Width": 8,
                      "Actual Startup Time": 1533.826,
                      "Actual Total Time": 1534.991,
                      "Actual Rows": 1092755,
                      "Actual Loops": 7,
                      "Hash Buckets": 8388608,
                      "Original Hash Buckets": 4194304,
                      "Hash Batches": 1,
                      "Original Hash Batches": 1,
                      "Peak Memory Usage": 397632,
                      "Plans": [
                        {
                          "Node Type": "Hash Join",
                          "Parent Relationship": "Outer",
                          "Parallel Aware": true,
                          "Join Type": "Inner",
                          "Startup Cost": 45971.59,
                          "Total Cost": 252195.18,
                          "Plan Rows": 726681,
                          "Plan Width": 8,
                          "Actual Startup Time": 142.338,
                          "Actual Total Time": 984.971,
                          "Actual Rows": 1092755,
                          "Actual Loops": 7,
                          "Inner Unique": true,
                          "Hash Cond": "(mi.movie_id = t.id)",
                          "Plans": [
                            {
                              "Node Type": "Seq Scan",
                              "Parent Relationship": "Outer",
                              "Parallel Aware": true,
                              "Relation Name": "movie_info",
                              "Alias": "mi",
                              "Startup Cost": 0.0,
                              "Total Cost": 198952.16,
                              "Plan Rows": 2770065,
                              "Plan Width": 4,
                              "Actual Startup Time": 0.037,
                              "Actual Total Time": 356.132,
                              "Actual Rows": 1992828,
                              "Actual Loops": 7,
                              "Filter": "(info_type_id < 97)",
                              "Rows Removed by Filter": 126560
                            },
                            {
                              "Node Type": "Hash",
                              "Parent Relationship": "Inner",
                              "Parallel Aware": true,
                              "Startup Cost": 43898.92,
                              "Total Cost": 43898.92,
                              "Plan Rows": 165814,
                              "Plan Width": 4,
                              "Actual Startup Time": 128.039,
                              "Actual Total Time": 128.041,
                              "Actual Rows": 94689,
                              "Actual Loops": 7,
                              "Hash Buckets": 1048576,
                              "Original Hash Buckets": 1048576,
                              "Hash Batches": 1,
                              "Original Hash Batches": 1,
                              "Peak Memory Usage": 34240,
                              "Plans": [
                                {
                                  "Node Type": "Seq Scan",
                                  "Parent Relationship": "Outer",
                                  "Parallel Aware": true,
                                  "Relation Name": "title",
                                  "Alias": "t",
                                  "Startup Cost": 0.0,
                                  "Total Cost": 43898.92,
                                  "Plan Rows": 165814,
                                  "Plan Width": 4,
                                  "Actual Startup Time": 45.288,
                                  "Actual Total Time": 82.164,
                                  "Actual Rows": 94689,
                                  "Actual Loops": 7,
                                  "Filter": "(kind_id < 2)",
                                  "Rows Removed by Filter": 266498
                                }
                              ]
                            }
                          ]
                        }
                      ]
                    }
                  ]
                }
              ]
            }
          ]
        }
      ]
    },
    "Planning Time": 1.416,
    "Triggers": [],
    "Execution Time": 7231.6
  }
]