[
  {
    "Plan": {
      "Node Type": "Aggregate",
      "Strategy": "Plain",
      "Partial Mode": "Finalize",
      "Parallel Aware": false,
      "Startup Cost": 88802.44,
      "Total Cost": 88802.45,
      "Plan Rows": 1,
      "Plan Width": 8,
      "Actual Startup Time": 215.93,
      "Actual Total Time": 233.204,
      "Actual Rows": 1,
      "Actual Loops": 1,
      "Plans": [
        {
          "Node Type": "Gather",
          "Parent Relationship": "Outer",
          "Parallel Aware": false,
          "Startup Cost": 88802.13,
          "Total Cost": 88802.44,
          "Plan Rows": 3,
          "Plan Width": 8,
          "Actual Startup Time": 215.06,
          "Actual Total Time": 233.195,
          "Actual Rows": 4,
          "Actual Loops": 1,
          "Workers Planned": 3,
          "Workers Launched": 3,
          "Single Copy": false,
          "Plans": [
            {
              "Node Type": "Aggregate",
              "Strategy": "Plain",
              "Partial Mode": "Partial",
              "Parent Relationship": "Outer",
              "Parallel Aware": false,
              "Startup Cost": 87802.13,
              "Total Cost": 87802.14,
              "Plan Rows": 1,
              "Plan Width": 8,
              "Actual Startup Time": 210.283,
              "Actual Total Time": 210.286,
              "Actual Rows": 1,
              "Actual Loops": 4,
              "Plans": [
                {
                  "Node Type": "Hash Join",
                  "Parent Relationship": "Outer",
                  "Parallel Aware": true,
                  "Join Type": "Inner",
                  "Startup Cost": 44399.47,
                  "Total Cost": 87761.93,
                  "Plan Rows": 16079,
                  "Plan Width": 0,
                  "Actual Startup Time": 105.117,
                  "Actual Total Time": 209.971,
                  "Actual Rows": 5665,
                  "Actual Loops": 4,
                  "Inner Unique": true,
                  "Hash Cond": "(mk.movie_id = t.id)",
                  "Plans": [
                    {
                      "Node Type": "Seq Scan",
                      "Parent Relationship": "Outer",
                      "Parallel Aware": true,
                      "Relation Name": "movie_keyword",
                      "Alias": "mk",
                      "Startup Cost": 0.0,
                      "Total Cost": 42695.65,
                      "Plan Rows": 254020,
                      "Plan Width": 4,
                      "Actual Startup Time": 1.812,
                      "Actual Total Time": 84.626,
                      "Actual Rows": 196242,
                      "Actual Loops": 4,
                      "Filter": "(keyword_id > 24007)",
                      "Rows Removed by Filter": 934740
                    },
                    {
                      "Node Type": "Hash",
                      "Parent Relationship": "Inner",
                      "Parallel Aware": true,
                      "Startup Cost": 43899.32,
                      "Total Cost": 43899.32,
                      "Plan Rows": 40012,
                      "Plan Width": 4,
                      "Actual Startup Time": 102.0,
                      "Actual Total Time": 102.001,
                      "Actual Rows": 41077,
                      "Actual Loops": 4,
                      "Hash Buckets": 262144,
                      "Original Hash Buckets": 262144,
                      "Hash Batches": 1,
                      "Original Hash Batches": 1,
                      "Peak Memory Usage": 8544,
                      "Plans": [
                        {
                          "Node Type": "Seq Scan",
                          "Parent Relationship": "Outer",
                          "Parallel Aware": true,
                          "Relation Name": "title",
                          "Alias": "t",
                          "Startup Cost": 0.0,
                          "Total Cost": 43899.32,
                          "Plan Rows": 40012,
                          "Plan Width": 4,
                          "Actual Startup Time": 0.037,
                          "Actual Total Time": 87.189,
                          "Actual Rows": 41077,
                          "Actual Loops": 4,
                          "Filter": "(production_year = 2012)",
                          "Rows Removed by Filter": 591001
                        }
                      ]
                    }
                  ]
                }
              ]
            }
          ]
        }
      ]
    },
    "Planning Time": 0.543,
    "Triggers": [],
    "Execution Time": 233.234
  }
]