[
  {
    "Plan": {
      "Node Type": "Aggregate",
      "Strategy": "Plain",
      "Partial Mode": "Finalize",
      "Parallel Aware": false,
      "Startup Cost": 598437.36,
      "Total Cost": 598437.37,
      "Plan Rows": 1,
      "Plan Width": 8,
      "Actual Startup Time": 4154.759,
      "Actual Total Time": 4244.079,
      "Actual Rows": 1,
      "Actual Loops": 1,
      "Plans": [
        {
          "Node Type": "Gather",
          "Parent Relationship": "Outer",
          "Parallel Aware": false,
          "Startup Cost": 598436.73,
          "Total Cost": 598437.34,
          "Plan Rows": 6,
          "Plan Width": 8,
          "Actual Startup Time": 4145.586,
          "Actual Total Time": 4244.065,
          "Actual Rows": 7,
          "Actual Loops": 1,
          "Workers Planned": 6,
          "Workers Launched": 6,
          "Single Copy": false,
          "Plans": [
            {
              "Node Type": "Aggregate",
              "Strategy": "Plain",
              "Partial Mode": "Partial",
              "Parent Relationship": "Outer",
              "Parallel Aware": false,
              "Startup Cost": 597436.73,
              "Total Cost": 597436.74,
              "Plan Rows": 1,
              "Plan Width": 8,
              "Actual Startup Time": 4131.092,
              "Actual Total Time": 4131.136,
              "Actual Rows": 1,
              "Actual Loops": 7,
              "Plans": [
                {
                  "Node Type": "Hash Join",
                  "Parent Relationship": "Outer",
                  "Parallel Aware": true,
                  "Join Type": "Inner",
                  "Startup Cost": 248527.81,
                  "Total Cost": 590103.74,
                  "Plan Rows": 2933197,
                  "Plan Width": 0,
                  "Actual Startup Time": 870.38,
                  "Actual Total Time": 3791.677,
                  "Actual Rows": 7725561,
                  "Actual Loops": 7,
                  "Inner Unique": false,
                  "Hash Cond": "(ci.movie_id = t.id)",
                  "Plans": [
                    {
                      "Node Type": "Seq Scan",
                      "Parent Relationship": "Outer",
                      "Parallel Aware": true,
                      "Relation Name": "cast_info",
                      "Alias": "ci",
                      "Startup Cost": 0.0,
                      "Total Cost": 313067.02,
                      "Plan Rows": 6038002,
                      "Plan Width": 4,
                      "Actual Startup Time": 0.02,
                      "Actual Total Time": 550.276,
                      "Actual Rows": 5177763,
                      "Actual Loops": 7
                    },
                    {
                      "Node Type": "Hash",
                      "Parent Relationship": "Inner",
                      "Parallel Aware": true,
                      "Startup Cost": 245457.26,
                      "Total Cost": 245457.26,
                      "Plan Rows": 245644,
                      "Plan Width": 8,
                      "Actual Startup Time": 865.627,
                      "Actual Total Time": 865.669,
                      "Actual Rows": 254113,
                      "Actual Loops": 7,
                      "Hash Buckets": 2097152,
                      "Original Hash Buckets": 2097152,
                      "Hash Batches": 1,
                      "Original Hash Batches": 1,
                      "Peak Memory Usage": 86080,
                      "Plans": [
                        {
                          "Node Type": "Hash Join",
                          "Parent Relationship": "Outer",
                          "Parallel Aware": true,
                          "Join Type": "Inner",
                          "Startup Cost": 46135.5,
                          "Total Cost": 245457.26,
                          "Plan Rows": 245644,
                          "Plan Width": 8,
                          "Actual Startup Time": 98.714,
                          "Actual Total Time": 749.923,
                          "Actual Rows": 254113,
                          "Actual Loops": 7,
                          "Inner Unique": true,
                          "Hash Cond": "(mi.movie_id = t.id)",
                          "Plans": [
                            {
                              "Node Type": "Seq Scan",
                              "Parent Relationship": "Outer",
                              "Parallel Aware": true,
                              "Relation Name": "movie_info",
                              "Alias": "mi",
                              "Startup Cost": 0.0,
                              "Total Cost": 191560.33,
                              "Plan Rows": 2956733,
                              "Plan Width": 4,
                              "Actual Startup Time": 0.027,
                              "Actual Total Time": 302.425,
                              "Actual Rows": 2119389,
                              "Actual Loops": 7
                            },
                            {
                              "Node Type": "Hash",
                              "Parent Relationship": "Inner",
                              "Parallel Aware": true,
                              "Startup Cost": 45479.1,
                              "Total Cost": 45479.1,
                              "Plan Rows": 52512,
                              "Plan Width": 4,
                              "Actual Startup Time": 97.427,
                              "Actual Total Time": 97.428,
                              "Actual Rows": 26262,
                              "Actual Loops": 7,
                              "Hash Buckets": 262144,
                              "Original Hash Buckets": 262144,
                              "Hash Batches": 1,
                              "Original Hash Batches": 1,
                              "Peak Memory Usage": 9376,
                              "Plans": [
                                {
                                  "Node Type": "Seq Scan",
                                  "Parent Relationship": "Outer",
                                  "Parallel Aware": true,
                                  "Relation Name": "title",
                                  "Alias": "t",
                                  "Startup Cost": 0.0,
                                  "Total Cost": 45479.1,
                                  "Plan Rows": 52512,
                                  "Plan Width": 4,
                                  "Actual Startup Time": 0.12,
                                  "Actual Total Time": 82.363,
                                  "Actual Rows": 26262,
                                  "Actual Loops": 7,
                                  "Filter": "((kind_id < 7) AND (production_year > 2009))",
                                  "Rows Removed by Filter": 334925
                                }
                              ]
                            }
                          ]
                        }
                      ]
                    }
                  ]
                }
              ]
            }
          ]
        }
      ]
    },
    "Planning Time": 1.352,
    "Triggers": [],
    "Execution Time": 4244.189
  }
]