[
  {
    "Plan": {
      "Node Type": "Aggregate",
      "Strategy": "Plain",
      "Partial Mode": "Simple",
      "Parallel Aware": false,
      "Startup Cost": 16385.68,
      "Total Cost": 16385.69,
      "Plan Rows": 1,
      "Plan Width": 96,
      "Actual Startup Time": 1051.794,
      "Actual Total Time": 1051.804,
      "Actual Rows": 1,
      "Actual Loops": 1,
      "Plans": [
        {
          "Node Type": "Nested Loop",
          "Parent Relationship": "Outer",
          "Parallel Aware": false,
          "Join Type": "Inner",
          "Startup Cost": 13.98,
          "Total Cost": 16385.67,
          "Plan Rows": 1,
          "Plan Width": 39,
          "Actual Startup Time": 40.015,
          "Actual Total Time": 1051.339,
          "Actual Rows": 885,
          "Actual Loops": 1,
          "Inner Unique": true,
          "Plans": [
            {
              "Node Type": "Nested Loop",
              "Parent Relationship": "Outer",
              "Parallel Aware": false,
              "Join Type": "Inner",
              "Startup Cost": 13.54,
              "Total Cost": 16381.22,
              "Plan Rows": 1,
              "Plan Width": 43,
              "Actual Startup Time": 39.952,
              "Actual Total Time": 1036.601,
              "Actual Rows": 885,
              "Actual Loops": 1,
              "Inner Unique": true,
              "Plans": [
                {
                  "Node Type": "Nested Loop",
                  "Parent Relationship": "Outer",
                  "Parallel Aware": false,
                  "Join Type": "Inner",
                  "Startup Cost": 13.1,
                  "Total Cost": 16376.76,
                  "Plan Rows": 1,
                  "Plan Width": 31,
                  "Actual Startup Time": 39.82,
                  "Actual Total Time": 842.685,
                  "Actual Rows": 37072,
                  "Actual Loops": 1,
                  "Inner Unique": false,
                  "Join Filter": "(t.id = ci.movie_id)",
                  "Rows Removed by Join Filter": 0,
                  "Plans": [
                    {
                      "Node Type": "Nested Loop",
                      "Parent Relationship": "Outer",
                      "Parallel Aware": false,
                      "Join Type": "Inner",
                      "Startup Cost": 12.16,
                      "Total Cost": 16370.97,
                      "Plan Rows": 1,
                      "Plan Width": 39,
                      "Actual Startup Time": 39.741,
                      "Actual Total Time": 678.506,
                      "Actual Rows": 257,
                      "Actual Loops": 1,
                      "Inner Unique": false,
                      "Join Filter": "(mi_idx.info_type_id = it2.id)",
                      "Rows Removed by Join Filter": 527,
                      "Plans": [
                        {
                          "Node Type": "Seq Scan",
                          "Parent Relationship": "Outer",
                          "Parallel Aware": false,
                          "Relation Name": "info_type",
                          "Alias": "it2",
                          "Startup Cost": 0.0,
                          "Total Cost": 2.41,
                          "Plan Rows": 1,
                          "Plan Width": 4,
                          "Actual Startup Time": 0.04,
                          "Actual Total Time": 0.044,
                          "Actual Rows": 1,
                          "Actual Loops": 1,
                          "Filter": "((info)::text = 'rating'::text)",
                          "Rows Removed by Filter": 112
                        },
                        {
                          "Node Type": "Nested Loop",
                          "Parent Relationship": "Inner",
                          "Parallel Aware": false,
                          "Join Type": "Inner",
                          "Startup Cost": 12.16,
                          "Total Cost": 16368.52,
                          "Plan Rows": 3,
                          "Plan Width": 43,
                          "Actual Startup Time": 39.697,
                          "Actual Total Time": 678.349,
                          "Actual Rows": 784,
                          "Actual Loops": 1,
                          "Inner Unique": false,
                          "Join Filter": "(t.id = mi_idx.movie_id)",
                          "Rows Removed by Join Filter": 0,
                          "Plans": [
                            {
                              "Node Type": "Nested Loop",
                              "Parent Relationship": "Outer",
                              "Parallel Aware": false,
                              "Join Type": "Inner",
                              "Startup Cost": 11.7,
                              "Total Cost": 16363.99,
                              "Plan Rows": 1,
                              "Plan Width": 29,
                              "Actual Startup Time": 39.658,
                              "Actual Total Time": 674.25,
                              "Actual Rows": 266,
                              "Actual Loops": 1,
                              "Inner Unique": false,
                              "Join Filter": "(cc.status_id = cct2.id)",
                              "Rows Removed by Join Filter": 266,
                              "Plans": [
                                {
                                  "Node Type": "Seq Scan",
                                  "Parent Relationship": "Outer",
                                  "Parallel Aware": false,
                                  "Relation Name": "comp_cast_type",
                                  "Alias": "cct2",
                                  "Startup Cost": 0.0,
                                  "Total Cost": 1.05,
                                  "Plan Rows": 1,
                                  "Plan Width": 4,
                                  "Actual Startup Time": 0.014,
                                  "Actual Total Time": 0.015,
                                  "Actual Rows": 2,
                                  "Actual Loops": 1,
                                  "Filter": "((kind)::text ~~ '%complete%'::text)",
                                  "Rows Removed by Filter": 2
                                },
                                {
                                  "Node Type": "Nested Loop",
                                  "Parent Relationship": "Inner",
                                  "Parallel Aware": false,
                                  "Join Type": "Inner",
                                  "Startup Cost": 11.7,
                                  "Total Cost": 16362.89,
                                  "Plan Rows": 4,
                                  "Plan Width": 33,
                                  "Actual Startup Time": 26.934,
                                  "Actual Total Time": 337.05,
                                  "Actual Rows": 266,
                                  "Actual Loops": 2,
                                  "Inner Unique": false,
                                  "Join Filter": "(cc.subject_id = cct1.id)",
                                  "Rows Removed by Join Filter": 63,
                                  "Plans": [
                                    {
                                      "Node Type": "Seq Scan",
                                      "Parent Relationship": "Outer",
                                      "Parallel Aware": false,
                                      "Relation Name": "comp_cast_type",
                                      "Alias": "cct1",
                                      "Startup Cost": 0.0,
                                      "Total Cost": 1.05,
                                      "Plan Rows": 1,
                                      "Plan Width": 4,
                                      "Actual Startup Time": 0.003,
                                      "Actual Total Time": 0.005,
                                      "Actual Rows": 1,
                                      "Actual Loops": 2,
                                      "Filter": "((kind)::text = 'cast'::text)",
                                      "Rows Removed by Filter": 3
                                    },
                                    {
                                      "Node Type": "Nested Loop",
                                      "Parent Relationship": "Inner",
                                      "Parallel Aware": false,
                                      "Join Type": "Inner",
                                      "Startup Cost": 11.7,
                                      "Total Cost": 16361.63,
                                      "Plan Rows": 17,
                                      "Plan Width": 37,
                                      "Actual Startup Time": 26.928,
                                      "Actual Total Time": 336.966,
                                      "Actual Rows": 329,
                                      "Actual Loops": 2,
                                      "Inner Unique": false,
                                      "Plans": [
                                        {
                                          "Node Type": "Nested Loop",
                                          "Parent Relationship": "Outer",
                                          "Parallel Aware": false,
                                          "Join Type": "Inner",
                                          "Startup Cost": 11.27,
                                          "Total Cost": 16303.35,
                                          "Plan Rows": 13,
                                          "Plan Width": 25,
                                          "Actual Startup Time": 1.763,
                                          "Actual Total Time": 321.962,
                                          "Actual Rows": 2967,
                                          "Actual Loops": 2,
                                          "Inner Unique": false,
                                          "Join Filter": "(t.kind_id = kt.id)",
                                          "Rows Removed by Join Filter": 1808,
                                          "Plans": [
                                            {
                                              "Node Type": "Seq Scan",
                                              "Parent Relationship": "Outer",
                                              "Parallel Aware": false,
                                              "Relation Name": "kind_type",
                                              "Alias": "kt",
                                              "Startup Cost": 0.0,
                                              "Total Cost": 1.09,
                                              "Plan Rows": 1,
                                              "Plan Width": 4,
                                              "Actual Startup Time": 0.01,
                                              "Actual Total Time": 0.012,
                                              "Actual Rows": 1,
                                              "Actual Loops": 2,
                                              "Filter": "((kind)::text = 'movie'::text)",
                                              "Rows Removed by Filter": 6
                                            },
                                            {
                                              "Node Type": "Nested Loop",
                                              "Parent Relationship": "Inner",
                                              "Parallel Aware": false,
                                              "Join Type": "Inner",
                                              "Startup Cost": 11.27,
                                              "Total Cost": 16301.16,
                                              "Plan Rows": 88,
                                              "Plan Width": 29,
                                              "Actual Startup Time": 0.679,
                                              "Actual Total Time": 321.156,
                                              "Actual Rows": 4775,
                                              "Actual Loops": 2,
                                              "Inner Unique": true,
                                              "Plans": [
                                                {
                                                  "Node Type": "Nested Loop",
                                                  "Parent Relationship": "Outer",
                                                  "Parallel Aware": false,
                                                  "Join Type": "Inner",
                                                  "Startup Cost": 10.82,
                                                  "Total Cost": 14797.9,
                                                  "Plan Rows": 337,
                                                  "Plan Width": 4,
                                                  "Actual Startup Time": 0.637,
                                                  "Actual Total Time": 106.435,
                                                  "Actual Rows": 29569,
                                                  "Actual Loops": 2,
                                                  "Inner Unique": false,
                                                  "Plans": [
                                                    {
                                                      "Node Type": "Seq Scan",
                                                      "Parent Relationship": "Outer",
                                                      "Parallel Aware": false,
                                                      "Relation Name": "keyword",
                                                      "Alias": "k",
                                                      "Startup Cost": 0.0,
                                                      "Total Cost": 3967.82,
                                                      "Plan Rows": 10,
                                                      "Plan Width": 4,
                                                      "Actual Startup Time": 0.573,
                                                      "Actual Total Time": 26.574,
                                                      "Actual Rows": 7,
                                                      "Actual Loops": 2,
                                                      "Filter": "(keyword = ANY ('{web,blood,tv-special,second-part,magnet,blood,blood,fight,tv-special,violence}'::text[]))",
                                                      "Rows Removed by Filter": 134163
                                                    },
                                                    {
                                                      "Node Type": "Bitmap Heap Scan",
                                                      "Parent Relationship": "Inner",
                                                      "Parallel Aware": false,
                                                      "Relation Name": "movie_keyword",
                                                      "Alias": "mk",
                                                      "Startup Cost": 10.82,
                                                      "Total Cost": 1079.93,
                                                      "Plan Rows": 308,
                                                      "Plan Width": 8,
                                                      "Actual Startup Time": 0.858,
                                                      "Actual Total Time": 10.745,
                                                      "Actual Rows": 4224,
                                                      "Actual Loops": 14,
                                                      "Recheck Cond": "(keyword_id = k.id)",
                                                      "Rows Removed by Index Recheck": 0,
                                                      "Exact Heap Blocks": 44188,
                                                      "Lossy Heap Blocks": 0,
                                                      "Plans": [
                                                        {
                                                          "Node Type": "Bitmap Index Scan",
                                                          "Parent Relationship": "Outer",
                                                          "Parallel Aware": false,
                                                          "Index Name": "keyword_id_movie_keyword",
                                                          "Startup Cost": 0.0,
                                                          "Total Cost": 10.74,
                                                          "Plan Rows": 308,
                                                          "Plan Width": 0,
                                                          "Actual Startup Time": 0.522,
                                                          "Actual Total Time": 0.522,
                                                          "Actual Rows": 4224,
                                                          "Actual Loops": 14,
                                                          "Index Cond": "(keyword_id = k.id)"
                                                        }
                                                      ]
                                                    }
                                                  ]
                                                },
                                                {
                                                  "Node Type": "Bitmap Heap Scan",
                                                  "Parent Relationship": "Inner",
                                                  "Parallel Aware": false,
                                                  "Relation Name": "title",
                                                  "Alias": "t",
                                                  "Startup Cost": 0.45,
                                                  "Total Cost": 4.46,
                                                  "Plan Rows": 1,
                                                  "Plan Width": 25,
                                                  "Actual Startup Time": 0.006,
                                                  "Actual Total Time": 0.006,
                                                  "Actual Rows": 0,
                                                  "Actual Loops": 59138,
                                                  "Recheck Cond": "(id = mk.movie_id)",
                                                  "Rows Removed by Index Recheck": 0,
                                                  "Filter": "(production_year > 2008)",
                                                  "Rows Removed by Filter": 1,
                                                  "Exact Heap Blocks": 59138,
                                                  "Lossy Heap Blocks": 0,
                                                  "Plans": [
                                                    {
                                                      "Node Type": "Bitmap Index Scan",
                                                      "Parent Relationship": "Outer",
                                                      "Parallel Aware": false,
                                                      "Index Name": "title_pkey",
                                                      "Startup Cost": 0.0,
                                                      "Total Cost": 0.45,
                                                      "Plan Rows": 1,
                                                      "Plan Width": 0,
                                                      "Actual Startup Time": 0.003,
                                                      "Actual Total Time": 0.003,
                                                      "Actual Rows": 1,
                                                      "Actual Loops": 59138,
                                                      "Index Cond": "(id = mk.movie_id)"
                                                    }
                                                  ]
                                                }
                                              ]
                                            }
                                          ]
                                        },
                                        {
                                          "Node Type": "Bitmap Heap Scan",
                                          "Parent Relationship": "Inner",
                                          "Parallel Aware": false,
                                          "Relation Name": "complete_cast",
                                          "Alias": "cc",
                                          "Startup Cost": 0.44,
                                          "Total Cost": 4.46,
                                          "Plan Rows": 2,
                                          "Plan Width": 12,
                                          "Actual Startup Time": 0.003,
                                          "Actual Total Time": 0.003,
                                          "Actual Rows": 0,
                                          "Actual Loops": 5934,
                                          "Recheck Cond": "(movie_id = t.id)",
                                          "Rows Removed by Index Recheck": 0,
                                          "Exact Heap Blocks": 658,
                                          "Lossy Heap Blocks": 0,
                                          "Plans": [
                                            {
                                              "Node Type": "Bitmap Index Scan",
                                              "Parent Relationship": "Outer",
                                              "Parallel Aware": false,
                                              "Index Name": "movie_id_complete_cast",
                                              "Startup Cost": 0.0,
                                              "Total Cost": 0.44,
                                              "Plan Rows": 2,
                                              "Plan Width": 0,
                                              "Actual Startup Time": 0.003,
                                              "Actual Total Time": 0.003,
                                              "Actual Rows": 0,
                                              "Actual Loops": 5934,
                                              "Index Cond": "(movie_id = t.id)"
                                            }
                                          ]
                                        }
                                      ]
                                    }
                                  ]
                                }
                              ]
                            },
                            {
                              "Node Type": "Bitmap Heap Scan",
                              "Parent Relationship": "Inner",
                              "Parallel Aware": false,
                              "Relation Name": "movie_info_idx",
                              "Alias": "mi_idx",
                              "Startup Cost": 0.46,
                              "Total Cost": 4.49,
                              "Plan Rows": 3,
                              "Plan Width": 14,
                              "Actual Startup Time": 0.012,
                              "Actual Total Time": 0.013,
                              "Actual Rows": 3,
                              "Actual Loops": 266,
                              "Recheck Cond": "(movie_id = mk.movie_id)",
                              "Rows Removed by Index Recheck": 0,
                              "Exact Heap Blocks": 274,
                              "Lossy Heap Blocks": 0,
                              "Plans": [
                                {
                                  "Node Type": "Bitmap Index Scan",
                                  "Parent Relationship": "Outer",
                                  "Parallel Aware": false,
                                  "Index Name": "movie_id_movie_info_idx",
                                  "Startup Cost": 0.0,
                                  "Total Cost": 0.46,
                                  "Plan Rows": 3,
                                  "Plan Width": 0,
                                  "Actual Startup Time": 0.009,
                                  "Actual Total Time": 0.009,
                                  "Actual Rows": 3,
                                  "Actual Loops": 266,
                                  "Index Cond": "(movie_id = mk.movie_id)"
                                }
                              ]
                            }
                          ]
                        }
                      ]
                    },
                    {
                      "Node Type": "Bitmap Heap Scan",
                      "Parent Relationship": "Inner",
                      "Parallel Aware": false,
                      "Relation Name": "cast_info",
                      "Alias": "ci",
                      "Startup Cost": 0.94,
                      "Total Cost": 5.37,
                      "Plan Rows": 34,
                      "Plan Width": 12,
                      "Actual Startup Time": 0.036,
                      "Actual Total Time": 0.601,
                      "Actual Rows": 144,
                      "Actual Loops": 257,
                      "Recheck Cond": "(movie_id = mk.movie_id)",
                      "Rows Removed by Index Recheck": 0,
                      "Exact Heap Blocks": 36010,
                      "Lossy Heap Blocks": 0,
                      "Plans": [
                        {
                          "Node Type": "Bitmap Index Scan",
                          "Parent Relationship": "Outer",
                          "Parallel Aware": false,
                          "Index Name": "movie_id_cast_info",
                          "Startup Cost": 0.0,
                          "Total Cost": 0.94,
                          "Plan Rows": 34,
                          "Plan Width": 0,
                          "Actual Startup Time": 0.021,
                          "Actual Total Time": 0.021,
                          "Actual Rows": 144,
                          "Actual Loops": 257,
                          "Index Cond": "(movie_id = mk.movie_id)"
                        }
                      ]
                    }
                  ]
                },
                {
                  "Node Type": "Bitmap Heap Scan",
                  "Parent Relationship": "Inner",
                  "Parallel Aware": false,
                  "Relation Name": "char_name",
                  "Alias": "chn",
                  "Startup Cost": 0.44,
                  "Total Cost": 4.46,
                  "Plan Rows": 1,
                  "Plan Width": 20,
                  "Actual Startup Time": 0.004,
                  "Actual Total Time": 0.004,
                  "Actual Rows": 0,
                  "Actual Loops": 37072,
                  "Recheck Cond": "(id = ci.person_role_id)",
                  "Rows Removed by Index Recheck": 0,
                  "Filter": "((name IS NOT NULL) AND ((name ~~ '%man%'::text) OR (name ~~ '%Man%'::text)))",
                  "Rows Removed by Filter": 0,
                  "Exact Heap Blocks": 14183,
                  "Lossy Heap Blocks": 0,
                  "Plans": [
                    {
                      "Node Type": "Bitmap Index Scan",
                      "Parent Relationship": "Outer",
                      "Parallel Aware": false,
                      "Index Name": "char_name_pkey",
                      "Startup Cost": 0.0,
                      "Total Cost": 0.44,
                      "Plan Rows": 1,
                      "Plan Width": 0,
                      "Actual Startup Time": 0.002,
                      "Actual Total Time": 0.002,
                      "Actual Rows": 0,
                      "Actual Loops": 37072,
                      "Index Cond": "(id = ci.person_role_id)"
                    }
                  ]
                }
              ]
            },
            {
              "Node Type": "Bitmap Heap Scan",
              "Parent Relationship": "Inner",
              "Parallel Aware": false,
              "Relation Name": "name",
              "Alias": "n",
              "Startup Cost": 0.44,
              "Total Cost": 4.45,
              "Plan Rows": 1,
              "Plan Width": 4,
              "Actual Startup Time": 0.015,
              "Actual Total Time": 0.015,
              "Actual Rows": 1,
              "Actual Loops": 885,
              "Recheck Cond": "(id = ci.person_id)",
              "Rows Removed by Index Recheck": 0,
              "Exact Heap Blocks": 885,
              "Lossy Heap Blocks": 0,
              "Plans": [
                {
                  "Node Type": "Bitmap Index Scan",
                  "Parent Relationship": "Outer",
                  "Parallel Aware": false,
                  "Index Name": "name_pkey",
                  "Startup Cost": 0.0,
                  "Total Cost": 0.44,
                  "Plan Rows": 1,
                  "Plan Width": 0,
                  "Actual Startup Time": 0.01,
                  "Actual Total Time": 0.01,
                  "Actual Rows": 1,
                  "Actual Loops": 885,
                  "Index Cond": "(id = ci.person_id)"
                }
              ]
            }
          ]
        }
      ]
    },
    "Planning Time": 40.67,
    "Triggers": [],
    "Execution Time": 1052.206
  }
]