[
  {
    "Plan": {
      "Node Type": "Aggregate",
      "Strategy": "Plain",
      "Partial Mode": "Finalize",
      "Parallel Aware": false,
      "Startup Cost": 32866.7,
      "Total Cost": 32866.71,
      "Plan Rows": 1,
      "Plan Width": 8,
      "Actual Startup Time": 85.904,
      "Actual Total Time": 92.967,
      "Actual Rows": 1,
      "Actual Loops": 1,
      "Plans": [
        {
          "Node Type": "Gather",
          "Parent Relationship": "Outer",
          "Parallel Aware": false,
          "Startup Cost": 32866.38,
          "Total Cost": 32866.69,
          "Plan Rows": 3,
          "Plan Width": 8,
          "Actual Startup Time": 85.665,
          "Actual Total Time": 92.959,
          "Actual Rows": 4,
          "Actual Loops": 1,
          "Workers Planned": 3,
          "Workers Launched": 3,
          "Single Copy": false,
          "Plans": [
            {
              "Node Type": "Aggregate",
              "Strategy": "Plain",
              "Partial Mode": "Partial",
              "Parent Relationship": "Outer",
              "Parallel Aware": false,
              "Startup Cost": 31866.38,
              "Total Cost": 31866.39,
              "Plan Rows": 1,
              "Plan Width": 8,
              "Actual Startup Time": 79.215,
              "Actual Total Time": 79.217,
              "Actual Rows": 1,
              "Actual Loops": 4,
              "Plans": [
                {
                  "Node Type": "Seq Scan",
                  "Parent Relationship": "Outer",
                  "Parallel Aware": true,
                  "Relation Name": "movie_companies",
                  "Alias": "mc",
                  "Startup Cost": 0.0,
                  "Total Cost": 31414.82,
                  "Plan Rows": 180625,
                  "Plan Width": 0,
                  "Actual Startup Time": 46.784,
                  "Actual Total Time": 75.715,
                  "Actual Rows": 86979,
                  "Actual Loops": 4,
                  "Filter": "((company_id < 7540) AND (company_type_id = 2))",
                  "Rows Removed by Filter": 565304
                }
              ]
            }
          ]
        }
      ]
    },
    "Planning Time": 0.216,
    "Triggers": [],
    "Execution Time": 93.022
  }
]