[
    {
        "Bao": {
            "Bao prediction": "NaN",
            "Bao recommended hint": "(no hint)"
        }
    },
    {
        "Plan": {
            "Node Type": "Aggregate",
            "Strategy": "Plain",
            "Partial Mode": "Finalize",
            "Parallel Aware": false,
            "Startup Cost": 333583.45,
            "Total Cost": 333583.46,
            "Plan Rows": 1,
            "Plan Width": 8,
            "Actual Startup Time": 648.589,
            "Actual Total Time": 681.728,
            "Actual Rows": 1,
            "Actual Loops": 1,
            "Output": [
                "count(*)"
            ],
            "Plans": [
                {
                    "Node Type": "Gather",
                    "Parent Relationship": "Outer",
                    "Parallel Aware": false,
                    "Startup Cost": 333582.82,
                    "Total Cost": 333583.43,
                    "Plan Rows": 6,
                    "Plan Width": 8,
                    "Actual Startup Time": 648.499,
                    "Actual Total Time": 681.718,
                    "Actual Rows": 7,
                    "Actual Loops": 1,
                    "Output": [
                        "(PARTIAL count(*))"
                    ],
                    "Workers Planned": 6,
                    "Workers Launched": 6,
                    "Single Copy": false,
                    "Plans": [
                        {
                            "Node Type": "Aggregate",
                            "Strategy": "Plain",
                            "Partial Mode": "Partial",
                            "Parent Relationship": "Outer",
                            "Parallel Aware": false,
                            "Startup Cost": 332582.82,
                            "Total Cost": 332582.83,
                            "Plan Rows": 1,
                            "Plan Width": 8,
                            "Actual Startup Time": 638.529,
                            "Actual Total Time": 638.53,
                            "Actual Rows": 1,
                            "Actual Loops": 7,
                            "Output": [
                                "PARTIAL count(*)"
                            ],
                            "Workers": [
                                {
                                    "Worker Number": 0,
                                    "Actual Startup Time": 636.16,
                                    "Actual Total Time": 636.161,
                                    "Actual Rows": 1,
                                    "Actual Loops": 1
                                },
                                {
                                    "Worker Number": 1,
                                    "Actual Startup Time": 636.608,
                                    "Actual Total Time": 636.609,
                                    "Actual Rows": 1,
                                    "Actual Loops": 1
                                },
                                {
                                    "Worker Number": 2,
                                    "Actual Startup Time": 636.634,
                                    "Actual Total Time": 636.635,
                                    "Actual Rows": 1,
                                    "Actual Loops": 1
                                },
                                {
                                    "Worker Number": 3,
                                    "Actual Startup Time": 637.37,
                                    "Actual Total Time": 637.371,
                                    "Actual Rows": 1,
                                    "Actual Loops": 1
                                },
                                {
                                    "Worker Number": 4,
                                    "Actual Startup Time": 637.439,
                                    "Actual Total Time": 637.44,
                                    "Actual Rows": 1,
                                    "Actual Loops": 1
                                },
                                {
                                    "Worker Number": 5,
                                    "Actual Startup Time": 637.621,
                                    "Actual Total Time": 637.622,
                                    "Actual Rows": 1,
                                    "Actual Loops": 1
                                }
                            ],
                            "Plans": [
                                {
                                    "Node Type": "Seq Scan",
                                    "Parent Relationship": "Outer",
                                    "Parallel Aware": true,
                                    "Relation Name": "cast_info",
                                    "Schema": "public",
                                    "Alias": "ci",
                                    "Startup Cost": 0.0,
                                    "Total Cost": 328213.62,
                                    "Plan Rows": 1747682,
                                    "Plan Width": 0,
                                    "Actual Startup Time": 286.515,
                                    "Actual Total Time": 563.956,
                                    "Actual Rows": 1504493,
                                    "Actual Loops": 7,
                                    "Output": [
                                        "id",
                                        "person_id",
                                        "movie_id",
                                        "person_role_id",
                                        "note",
                                        "nr_order",
                                        "role_id"
                                    ],
                                    "Filter": "(ci.person_id > 2656140)",
                                    "Rows Removed by Filter": 3673270,
                                    "Workers": [
                                        {
                                            "Worker Number": 0,
                                            "Actual Startup Time": 284.156,
                                            "Actual Total Time": 562.258,
                                            "Actual Rows": 1049477,
                                            "Actual Loops": 1
                                        },
                                        {
                                            "Worker Number": 1,
                                            "Actual Startup Time": 284.587,
                                            "Actual Total Time": 562.865,
                                            "Actual Rows": 1034360,
                                            "Actual Loops": 1
                                        },
                                        {
                                            "Worker Number": 2,
                                            "Actual Startup Time": 284.635,
                                            "Actual Total Time": 564.974,
                                            "Actual Rows": 1716749,
                                            "Actual Loops": 1
                                        },
                                        {
                                            "Worker Number": 3,
                                            "Actual Startup Time": 285.35,
                                            "Actual Total Time": 564.652,
                                            "Actual Rows": 1090305,
                                            "Actual Loops": 1
                                        },
                                        {
                                            "Worker Number": 4,
                                            "Actual Startup Time": 285.425,
                                            "Actual Total Time": 567.44,
                                            "Actual Rows": 1707753,
                                            "Actual Loops": 1
                                        },
                                        {
                                            "Worker Number": 5,
                                            "Actual Startup Time": 285.611,
                                            "Actual Total Time": 565.852,
                                            "Actual Rows": 1714248,
                                            "Actual Loops": 1
                                        }
                                    ]
                                }
                            ]
                        }
                    ]
                }
            ]
        },
        "Planning Time": 281.763,
        "Triggers": [],
        "Execution Time": 681.83
    }
]