[
  {
    "Plan": {
      "Node Type": "Aggregate",
      "Strategy": "Plain",
      "Partial Mode": "Finalize",
      "Parallel Aware": false,
      "Startup Cost": 47036.25,
      "Total Cost": 47036.26,
      "Plan Rows": 1,
      "Plan Width": 8,
      "Actual Startup Time": 169.114,
      "Actual Total Time": 178.918,
      "Actual Rows": 1,
      "Actual Loops": 1,
      "Plans": [
        {
          "Node Type": "Gather",
          "Parent Relationship": "Outer",
          "Parallel Aware": false,
          "Startup Cost": 47035.94,
          "Total Cost": 47036.25,
          "Plan Rows": 3,
          "Plan Width": 8,
          "Actual Startup Time": 168.955,
          "Actual Total Time": 178.907,
          "Actual Rows": 4,
          "Actual Loops": 1,
          "Workers Planned": 3,
          "Workers Launched": 3,
          "Single Copy": false,
          "Plans": [
            {
              "Node Type": "Aggregate",
              "Strategy": "Plain",
              "Partial Mode": "Partial",
              "Parent Relationship": "Outer",
              "Parallel Aware": false,
              "Startup Cost": 46035.94,
              "Total Cost": 46035.95,
              "Plan Rows": 1,
              "Plan Width": 8,
              "Actual Startup Time": 165.386,
              "Actual Total Time": 165.387,
              "Actual Rows": 1,
              "Actual Loops": 4,
              "Plans": [
                {
                  "Node Type": "Seq Scan",
                  "Parent Relationship": "Outer",
                  "Parallel Aware": true,
                  "Relation Name": "movie_keyword",
                  "Alias": "mk",
                  "Startup Cost": 0.0,
                  "Total Cost": 42695.65,
                  "Plan Rows": 1336113,
                  "Plan Width": 0,
                  "Actual Startup Time": 0.027,
                  "Actual Total Time": 119.302,
                  "Actual Rows": 1035124,
                  "Actual Loops": 4,
                  "Filter": "(keyword_id < 44736)",
                  "Rows Removed by Filter": 95858
                }
              ]
            }
          ]
        }
      ]
    },
    "Planning Time": 0.189,
    "Triggers": [],
    "Execution Time": 178.974
  }
]