[
  {
    "Plan": {
      "Node Type": "Aggregate",
      "Strategy": "Plain",
      "Partial Mode": "Finalize",
      "Parallel Aware": false,
      "Startup Cost": 46482.9,
      "Total Cost": 46482.91,
      "Plan Rows": 1,
      "Plan Width": 8,
      "Actual Startup Time": 97.508,
      "Actual Total Time": 110.495,
      "Actual Rows": 1,
      "Actual Loops": 1,
      "Plans": [
        {
          "Node Type": "Gather",
          "Parent Relationship": "Outer",
          "Parallel Aware": false,
          "Startup Cost": 46482.48,
          "Total Cost": 46482.89,
          "Plan Rows": 4,
          "Plan Width": 8,
          "Actual Startup Time": 97.371,
          "Actual Total Time": 110.487,
          "Actual Rows": 5,
          "Actual Loops": 1,
          "Workers Planned": 4,
          "Workers Launched": 4,
          "Single Copy": false,
          "Plans": [
            {
              "Node Type": "Aggregate",
              "Strategy": "Plain",
              "Partial Mode": "Partial",
              "Parent Relationship": "Outer",
              "Parallel Aware": false,
              "Startup Cost": 45482.48,
              "Total Cost": 45482.49,
              "Plan Rows": 1,
              "Plan Width": 8,
              "Actual Startup Time": 89.774,
              "Actual Total Time": 89.775,
              "Actual Rows": 1,
              "Actual Loops": 5,
              "Plans": [
                {
                  "Node Type": "Seq Scan",
                  "Parent Relationship": "Outer",
                  "Parallel Aware": true,
                  "Relation Name": "title",
                  "Alias": "t",
                  "Startup Cost": 0.0,
                  "Total Cost": 45479.1,
                  "Plan Rows": 1352,
                  "Plan Width": 0,
                  "Actual Startup Time": 0.548,
                  "Actual Total Time": 89.632,
                  "Actual Rows": 897,
                  "Actual Loops": 5,
                  "Filter": "((kind_id > 1) AND (production_year = 1954))",
                  "Rows Removed by Filter": 504765
                }
              ]
            }
          ]
        }
      ]
    },
    "Planning Time": 0.22,
    "Triggers": [],
    "Execution Time": 110.559
  }
]