[
  {
    "Plan": {
      "Node Type": "Aggregate",
      "Strategy": "Plain",
      "Partial Mode": "Finalize",
      "Parallel Aware": false,
      "Startup Cost": 44791.75,
      "Total Cost": 44791.76,
      "Plan Rows": 1,
      "Plan Width": 8,
      "Actual Startup Time": 146.002,
      "Actual Total Time": 154.928,
      "Actual Rows": 1,
      "Actual Loops": 1,
      "Plans": [
        {
          "Node Type": "Gather",
          "Parent Relationship": "Outer",
          "Parallel Aware": false,
          "Startup Cost": 44791.44,
          "Total Cost": 44791.75,
          "Plan Rows": 3,
          "Plan Width": 8,
          "Actual Startup Time": 145.809,
          "Actual Total Time": 154.911,
          "Actual Rows": 4,
          "Actual Loops": 1,
          "Workers Planned": 3,
          "Workers Launched": 3,
          "Single Copy": false,
          "Plans": [
            {
              "Node Type": "Aggregate",
              "Strategy": "Plain",
              "Partial Mode": "Partial",
              "Parent Relationship": "Outer",
              "Parallel Aware": false,
              "Startup Cost": 43791.44,
              "Total Cost": 43791.45,
              "Plan Rows": 1,
              "Plan Width": 8,
              "Actual Startup Time": 137.451,
              "Actual Total Time": 137.452,
              "Actual Rows": 1,
              "Actual Loops": 4,
              "Plans": [
                {
                  "Node Type": "Seq Scan",
                  "Parent Relationship": "Outer",
                  "Parallel Aware": true,
                  "Relation Name": "movie_keyword",
                  "Alias": "mk",
                  "Startup Cost": 0.0,
                  "Total Cost": 42695.65,
                  "Plan Rows": 438313,
                  "Plan Width": 0,
                  "Actual Startup Time": 0.066,
                  "Actual Total Time": 119.123,
                  "Actual Rows": 341580,
                  "Actual Loops": 4,
                  "Filter": "(keyword_id < 1792)",
                  "Rows Removed by Filter": 789402
                }
              ]
            }
          ]
        }
      ]
    },
    "Planning Time": 0.215,
    "Triggers": [],
    "Execution Time": 154.985
  }
]