[
    {
        "Bao": {
            "Bao prediction": "NaN",
            "Bao recommended hint": "(no hint)"
        }
    },
    {
        "Plan": {
            "Node Type": "Aggregate",
            "Strategy": "Plain",
            "Partial Mode": "Finalize",
            "Parallel Aware": false,
            "Startup Cost": 347498.51,
            "Total Cost": 347498.52,
            "Plan Rows": 1,
            "Plan Width": 8,
            "Actual Startup Time": 906.599,
            "Actual Total Time": 937.626,
            "Actual Rows": 1,
            "Actual Loops": 1,
            "Output": [
                "count(*)"
            ],
            "Plans": [
                {
                    "Node Type": "Gather",
                    "Parent Relationship": "Outer",
                    "Parallel Aware": false,
                    "Startup Cost": 347497.89,
                    "Total Cost": 347498.49,
                    "Plan Rows": 6,
                    "Plan Width": 8,
                    "Actual Startup Time": 906.509,
                    "Actual Total Time": 937.616,
                    "Actual Rows": 7,
                    "Actual Loops": 1,
                    "Output": [
                        "(PARTIAL count(*))"
                    ],
                    "Workers Planned": 6,
                    "Workers Launched": 6,
                    "Single Copy": false,
                    "Plans": [
                        {
                            "Node Type": "Aggregate",
                            "Strategy": "Plain",
                            "Partial Mode": "Partial",
                            "Parent Relationship": "Outer",
                            "Parallel Aware": false,
                            "Startup Cost": 346497.89,
                            "Total Cost": 346497.9,
                            "Plan Rows": 1,
                            "Plan Width": 8,
                            "Actual Startup Time": 895.963,
                            "Actual Total Time": 895.964,
                            "Actual Rows": 1,
                            "Actual Loops": 7,
                            "Output": [
                                "PARTIAL count(*)"
                            ],
                            "Workers": [
                                {
                                    "Worker Number": 0,
                                    "Actual Startup Time": 893.068,
                                    "Actual Total Time": 893.069,
                                    "Actual Rows": 1,
                                    "Actual Loops": 1
                                },
                                {
                                    "Worker Number": 1,
                                    "Actual Startup Time": 893.784,
                                    "Actual Total Time": 893.785,
                                    "Actual Rows": 1,
                                    "Actual Loops": 1
                                },
                                {
                                    "Worker Number": 2,
                                    "Actual Startup Time": 893.964,
                                    "Actual Total Time": 893.965,
                                    "Actual Rows": 1,
                                    "Actual Loops": 1
                                },
                                {
                                    "Worker Number": 3,
                                    "Actual Startup Time": 893.963,
                                    "Actual Total Time": 893.964,
                                    "Actual Rows": 1,
                                    "Actual Loops": 1
                                },
                                {
                                    "Worker Number": 4,
                                    "Actual Startup Time": 895.225,
                                    "Actual Total Time": 895.226,
                                    "Actual Rows": 1,
                                    "Actual Loops": 1
                                },
                                {
                                    "Worker Number": 5,
                                    "Actual Startup Time": 895.812,
                                    "Actual Total Time": 895.813,
                                    "Actual Rows": 1,
                                    "Actual Loops": 1
                                }
                            ],
                            "Plans": [
                                {
                                    "Node Type": "Seq Scan",
                                    "Parent Relationship": "Outer",
                                    "Parallel Aware": true,
                                    "Relation Name": "cast_info",
                                    "Schema": "public",
                                    "Alias": "ci",
                                    "Startup Cost": 0.0,
                                    "Total Cost": 343318.94,
                                    "Plan Rows": 1271578,
                                    "Plan Width": 0,
                                    "Actual Startup Time": 380.363,
                                    "Actual Total Time": 792.417,
                                    "Actual Rows": 1698946,
                                    "Actual Loops": 7,
                                    "Output": [
                                        "id",
                                        "person_id",
                                        "movie_id",
                                        "person_role_id",
                                        "note",
                                        "nr_order",
                                        "role_id"
                                    ],
                                    "Filter": "((ci.person_id > 2501176) AND (ci.role_id > 1))",
                                    "Rows Removed by Filter": 3478818,
                                    "Workers": [
                                        {
                                            "Worker Number": 0,
                                            "Actual Startup Time": 377.458,
                                            "Actual Total Time": 792.1,
                                            "Actual Rows": 1516877,
                                            "Actual Loops": 1
                                        },
                                        {
                                            "Worker Number": 1,
                                            "Actual Startup Time": 378.198,
                                            "Actual Total Time": 792.823,
                                            "Actual Rows": 1512793,
                                            "Actual Loops": 1
                                        },
                                        {
                                            "Worker Number": 2,
                                            "Actual Startup Time": 378.375,
                                            "Actual Total Time": 793.003,
                                            "Actual Rows": 1514725,
                                            "Actual Loops": 1
                                        },
                                        {
                                            "Worker Number": 3,
                                            "Actual Startup Time": 378.368,
                                            "Actual Total Time": 794.296,
                                            "Actual Rows": 2428496,
                                            "Actual Loops": 1
                                        },
                                        {
                                            "Worker Number": 4,
                                            "Actual Startup Time": 379.633,
                                            "Actual Total Time": 794.113,
                                            "Actual Rows": 1516596,
                                            "Actual Loops": 1
                                        },
                                        {
                                            "Worker Number": 5,
                                            "Actual Startup Time": 380.203,
                                            "Actual Total Time": 794.42,
                                            "Actual Rows": 1522033,
                                            "Actual Loops": 1
                                        }
                                    ]
                                }
                            ]
                        }
                    ]
                }
            ]
        },
        "Planning Time": 291.827,
        "Triggers": [],
        "Execution Time": 937.715
    }
]