{
  "Plan": {
    "Node Type": "Aggregate",
    "Strategy": "Plain",
    "Partial Mode": "Finalize",
    "Parallel Aware": false,
    "Startup Cost": 146953.49,
    "Total Cost": 146953.5,
    "Plan Rows": 1,
    "Plan Width": 8,
    "Actual Startup Time": 750.622,
    "Actual Total Time": 764.225,
    "Actual Rows": 1,
    "Actual Loops": 1,
    "Plans": [
      {
        "Node Type": "Gather",
        "Parent Relationship": "Outer",
        "Parallel Aware": false,
        "Startup Cost": 146953.38,
        "Total Cost": 146953.49,
        "Plan Rows": 1,
        "Plan Width": 8,
        "Actual Startup Time": 749.89,
        "Actual Total Time": 764.217,
        "Actual Rows": 2,
        "Actual Loops": 1,
        "Workers Planned": 1,
        "Workers Launched": 1,
        "Single Copy": false,
        "Plans": [
          {
            "Node Type": "Aggregate",
            "Strategy": "Plain",
            "Partial Mode": "Partial",
            "Parent Relationship": "Outer",
            "Parallel Aware": false,
            "Startup Cost": 145953.38,
            "Total Cost": 145953.39,
            "Plan Rows": 1,
            "Plan Width": 8,
            "Actual Startup Time": 743.366,
            "Actual Total Time": 743.373,
            "Actual Rows": 1,
            "Actual Loops": 2,
            "Plans": [
              {
                "Node Type": "Hash Join",
                "Parent Relationship": "Outer",
                "Parallel Aware": true,
                "Join Type": "Inner",
                "Startup Cost": 84544.44,
                "Total Cost": 145844.72,
                "Plan Rows": 43464,
                "Plan Width": 0,
                "Actual Startup Time": 405.76,
                "Actual Total Time": 708.315,
                "Actual Rows": 853370,
                "Actual Loops": 2,
                "Inner Unique": false,
                "Hash Cond": "(mk.movie_id = t.id)",
                "Plans": [
                  {
                    "Node Type": "Seq Scan",
                    "Parent Relationship": "Outer",
                    "Parallel Aware": true,
                    "Relation Name": "movie_keyword",
                    "Alias": "mk",
                    "Startup Cost": 0.0,
                    "Total Cost": 51065.35,
                    "Plan Rows": 2661135,
                    "Plan Width": 4,
                    "Actual Startup Time": 0.015,
                    "Actual Total Time": 147.832,
                    "Actual Rows": 2261965,
                    "Actual Loops": 2
                  },
                  {
                    "Node Type": "Hash",
                    "Parent Relationship": "Inner",
                    "Parallel Aware": true,
                    "Startup Cost": 84240.8,
                    "Total Cost": 84240.8,
                    "Plan Rows": 24291,
                    "Plan Width": 8,
                    "Actual Startup Time": 320.286,
                    "Actual Total Time": 320.29,
                    "Actual Rows": 100964,
                    "Actual Loops": 2,
                    "Hash Buckets": 262144,
                    "Original Hash Buckets": 65536,
                    "Hash Batches": 1,
                    "Original Hash Batches": 1,
                    "Peak Memory Usage": 11520,
                    "Plans": [
                      {
                        "Node Type": "Hash Join",
                        "Parent Relationship": "Outer",
                        "Parallel Aware": true,
                        "Join Type": "Inner",
                        "Startup Cost": 25864.57,
                        "Total Cost": 84240.8,
                        "Plan Rows": 24291,
                        "Plan Width": 8,
                        "Actual Startup Time": 165.216,
                        "Actual Total Time": 296.34,
                        "Actual Rows": 100964,
                        "Actual Loops": 2,
                        "Inner Unique": false,
                        "Hash Cond": "(t.id = mc.movie_id)",
                        "Plans": [
                          {
                            "Node Type": "Seq Scan",
                            "Parent Relationship": "Outer",
                            "Parallel Aware": true,
                            "Relation Name": "title",
                            "Alias": "t",
                            "Startup Cost": 0.0,
                            "Total Cost": 54588.39,
                            "Plan Rows": 583193,
                            "Plan Width": 4,
                            "Actual Startup Time": 0.012,
                            "Actual Total Time": 124.497,
                            "Actual Rows": 492524,
                            "Actual Loops": 2,
                            "Filter": "(kind_id < 7)",
                            "Rows Removed by Filter": 771632
                          },
                          {
                            "Node Type": "Hash",
                            "Parent Relationship": "Inner",
                            "Parallel Aware": true,
                            "Startup Cost": 25090.27,
                            "Total Cost": 25090.27,
                            "Plan Rows": 61944,
                            "Plan Width": 4,
                            "Actual Startup Time": 77.247,
                            "Actual Total Time": 77.249,
                            "Actual Rows": 100964,
                            "Actual Loops": 2,
                            "Hash Buckets": 262144,
                            "Original Hash Buckets": 131072,
                            "Hash Batches": 1,
                            "Original Hash Batches": 1,
                            "Peak Memory Usage": 11008,
                            "Plans": [
                              {
                                "Node Type": "Bitmap Heap Scan",
                                "Parent Relationship": "Outer",
                                "Parallel Aware": true,
                                "Relation Name": "movie_companies",
                                "Alias": "mc",
                                "Startup Cost": 4470.26,
                                "Total Cost": 25090.27,
                                "Plan Rows": 61944,
                                "Plan Width": 4,
                                "Actual Startup Time": 18.687,
                                "Actual Total Time": 52.02,
                                "Actual Rows": 100964,
                                "Actual Loops": 2,
                                "Recheck Cond": "(company_id > 112846)",
                                "Rows Removed by Index Recheck": 0,
                                "Filter": "(company_type_id = 2)",
                                "Rows Removed by Filter": 0,
                                "Exact Heap Blocks": 3048,
                                "Lossy Heap Blocks": 0,
                                "Plans": [
                                  {
                                    "Node Type": "Bitmap Index Scan",
                                    "Parent Relationship": "Outer",
                                    "Parallel Aware": false,
                                    "Index Name": "company_id_movie_companies",
                                    "Startup Cost": 0.0,
                                    "Total Cost": 4443.94,
                                    "Plan Rows": 207401,
                                    "Plan Width": 0,
                                    "Actual Startup Time": 20.869,
                                    "Actual Total Time": 20.87,
                                    "Actual Rows": 201929,
                                    "Actual Loops": 1,
                                    "Index Cond": "(company_id > 112846)"
                                  }
                                ]
                              }
                            ]
                          }
                        ]
                      }
                    ]
                  }
                ]
              }
            ]
          }
        ]
      }
    ]
  },
  "Planning Time": 0.916,
  "Triggers": [],
  "Execution Time": 764.331
}