{
  "Plan": {
    "Node Type": "Aggregate",
    "Strategy": "Plain",
    "Partial Mode": "Finalize",
    "Parallel Aware": false,
    "Startup Cost": 288040.22,
    "Total Cost": 288040.23,
    "Plan Rows": 1,
    "Plan Width": 8,
    "Actual Startup Time": 2141.373,
    "Actual Total Time": 2212.195,
    "Actual Rows": 1,
    "Actual Loops": 1,
    "Plans": [
      {
        "Node Type": "Gather",
        "Parent Relationship": "Outer",
        "Parallel Aware": false,
        "Startup Cost": 288040.11,
        "Total Cost": 288040.22,
        "Plan Rows": 1,
        "Plan Width": 8,
        "Actual Startup Time": 2140.737,
        "Actual Total Time": 2212.187,
        "Actual Rows": 2,
        "Actual Loops": 1,
        "Workers Planned": 1,
        "Workers Launched": 1,
        "Single Copy": false,
        "Plans": [
          {
            "Node Type": "Aggregate",
            "Strategy": "Plain",
            "Partial Mode": "Partial",
            "Parent Relationship": "Outer",
            "Parallel Aware": false,
            "Startup Cost": 287040.11,
            "Total Cost": 287040.12,
            "Plan Rows": 1,
            "Plan Width": 8,
            "Actual Startup Time": 2134.3,
            "Actual Total Time": 2134.304,
            "Actual Rows": 1,
            "Actual Loops": 2,
            "Plans": [
              {
                "Node Type": "Nested Loop",
                "Parent Relationship": "Outer",
                "Parallel Aware": false,
                "Join Type": "Inner",
                "Startup Cost": 72578.68,
                "Total Cost": 286956.98,
                "Plan Rows": 33253,
                "Plan Width": 0,
                "Actual Startup Time": 207.985,
                "Actual Total Time": 2116.025,
                "Actual Rows": 373370,
                "Actual Loops": 2,
                "Inner Unique": false,
                "Join Filter": "(t.id = ci.movie_id)",
                "Rows Removed by Join Filter": 0,
                "Plans": [
                  {
                    "Node Type": "Hash Join",
                    "Parent Relationship": "Outer",
                    "Parallel Aware": true,
                    "Join Type": "Inner",
                    "Startup Cost": 72578.11,
                    "Total Cost": 96148.64,
                    "Plan Rows": 44664,
                    "Plan Width": 8,
                    "Actual Startup Time": 207.627,
                    "Actual Total Time": 337.869,
                    "Actual Rows": 68819,
                    "Actual Loops": 2,
                    "Inner Unique": true,
                    "Hash Cond": "(mc.movie_id = t.id)",
                    "Plans": [
                      {
                        "Node Type": "Bitmap Heap Scan",
                        "Parent Relationship": "Outer",
                        "Parallel Aware": true,
                        "Relation Name": "movie_companies",
                        "Alias": "mc",
                        "Startup Cost": 11644.62,
                        "Total Cost": 34385.47,
                        "Plan Rows": 316068,
                        "Plan Width": 4,
                        "Actual Startup Time": 23.69,
                        "Actual Total Time": 60.117,
                        "Actual Rows": 273900,
                        "Actual Loops": 2,
                        "Recheck Cond": "(company_id > 71933)",
                        "Rows Removed by Index Recheck": 0,
                        "Exact Heap Blocks": 4234,
                        "Lossy Heap Blocks": 0,
                        "Plans": [
                          {
                            "Node Type": "Bitmap Index Scan",
                            "Parent Relationship": "Outer",
                            "Parallel Aware": false,
                            "Index Name": "company_id_movie_companies",
                            "Startup Cost": 0.0,
                            "Total Cost": 11510.29,
                            "Plan Rows": 537315,
                            "Plan Width": 0,
                            "Actual Startup Time": 22.597,
                            "Actual Total Time": 22.598,
                            "Actual Rows": 547801,
                            "Actual Loops": 1,
                            "Index Cond": "(company_id > 71933)"
                          }
                        ]
                      },
                      {
                        "Node Type": "Hash",
                        "Parent Relationship": "Inner",
                        "Parallel Aware": true,
                        "Startup Cost": 58306.47,
                        "Total Cost": 58306.47,
                        "Plan Rows": 210162,
                        "Plan Width": 4,
                        "Actual Startup Time": 178.661,
                        "Actual Total Time": 178.662,
                        "Actual Rows": 151044,
                        "Actual Loops": 2,
                        "Hash Buckets": 524288,
                        "Original Hash Buckets": 524288,
                        "Hash Batches": 1,
                        "Original Hash Batches": 1,
                        "Peak Memory Usage": 15936,
                        "Plans": [
                          {
                            "Node Type": "Seq Scan",
                            "Parent Relationship": "Outer",
                            "Parallel Aware": true,
                            "Relation Name": "title",
                            "Alias": "t",
                            "Startup Cost": 0.0,
                            "Total Cost": 58306.47,
                            "Plan Rows": 210162,
                            "Plan Width": 4,
                            "Actual Startup Time": 0.056,
                            "Actual Total Time": 141.991,
                            "Actual Rows": 151044,
                            "Actual Loops": 2,
                            "Filter": "((kind_id < 7) AND (production_year > 2006))",
                            "Rows Removed by Filter": 1113112
                          }
                        ]
                      }
                    ]
                  },
                  {
                    "Node Type": "Index Scan",
                    "Parent Relationship": "Inner",
                    "Parallel Aware": false,
                    "Scan Direction": "Forward",
                    "Index Name": "movie_id_cast_info",
                    "Relation Name": "cast_info",
                    "Alias": "ci",
                    "Startup Cost": 0.56,
                    "Total Cost": 4.25,
                    "Plan Rows": 2,
                    "Plan Width": 4,
                    "Actual Startup Time": 0.02,
                    "Actual Total Time": 0.025,
                    "Actual Rows": 5,
                    "Actual Loops": 137638,
                    "Index Cond": "(movie_id = mc.movie_id)",
                    "Rows Removed by Index Recheck": 0,
                    "Filter": "((person_id > 2960762) AND (role_id > 4))",
                    "Rows Removed by Filter": 22
                  }
                ]
              }
            ]
          }
        ]
      }
    ]
  },
  "Planning Time": 1.096,
  "Triggers": [],
  "Execution Time": 2212.331
}