[
  {
    "Plan": {
      "Node Type": "Aggregate",
      "Strategy": "Plain",
      "Partial Mode": "Finalize",
      "Parallel Aware": false,
      "Startup Cost": 98738.69,
      "Total Cost": 98738.7,
      "Plan Rows": 1,
      "Plan Width": 8,
      "Actual Startup Time": 467.927,
      "Actual Total Time": 484.711,
      "Actual Rows": 1,
      "Actual Loops": 1,
      "Plans": [
        {
          "Node Type": "Gather",
          "Parent Relationship": "Outer",
          "Parallel Aware": false,
          "Startup Cost": 98738.37,
          "Total Cost": 98738.68,
          "Plan Rows": 3,
          "Plan Width": 8,
          "Actual Startup Time": 462.589,
          "Actual Total Time": 484.701,
          "Actual Rows": 4,
          "Actual Loops": 1,
          "Workers Planned": 3,
          "Workers Launched": 3,
          "Single Copy": false,
          "Plans": [
            {
              "Node Type": "Aggregate",
              "Strategy": "Plain",
              "Partial Mode": "Partial",
              "Parent Relationship": "Outer",
              "Parallel Aware": false,
              "Startup Cost": 97738.37,
              "Total Cost": 97738.38,
              "Plan Rows": 1,
              "Plan Width": 8,
              "Actual Startup Time": 450.815,
              "Actual Total Time": 450.818,
              "Actual Rows": 1,
              "Actual Loops": 4,
              "Plans": [
                {
                  "Node Type": "Hash Join",
                  "Parent Relationship": "Outer",
                  "Parallel Aware": true,
                  "Join Type": "Inner",
                  "Startup Cost": 49708.77,
                  "Total Cost": 95937.2,
                  "Plan Rows": 720467,
                  "Plan Width": 0,
                  "Actual Startup Time": 233.157,
                  "Actual Total Time": 445.164,
                  "Actual Rows": 141830,
                  "Actual Loops": 4,
                  "Inner Unique": true,
                  "Hash Cond": "(mk.movie_id = t.id)",
                  "Plans": [
                    {
                      "Node Type": "Seq Scan",
                      "Parent Relationship": "Outer",
                      "Parallel Aware": true,
                      "Relation Name": "movie_keyword",
                      "Alias": "mk",
                      "Startup Cost": 0.0,
                      "Total Cost": 42695.65,
                      "Plan Rows": 1345815,
                      "Plan Width": 4,
                      "Actual Startup Time": 0.029,
                      "Actual Total Time": 109.704,
                      "Actual Rows": 1045495,
                      "Actual Loops": 4,
                      "Filter": "(keyword_id < 48575)",
                      "Rows Removed by Filter": 85488
                    },
                    {
                      "Node Type": "Hash",
                      "Parent Relationship": "Inner",
                      "Parallel Aware": true,
                      "Startup Cost": 45479.1,
                      "Total Cost": 45479.1,
                      "Plan Rows": 338374,
                      "Plan Width": 4,
                      "Actual Startup Time": 225.471,
                      "Actual Total Time": 225.472,
                      "Actual Rows": 331945,
                      "Actual Loops": 4,
                      "Hash Buckets": 2097152,
                      "Original Hash Buckets": 2097152,
                      "Hash Batches": 1,
                      "Original Hash Batches": 1,
                      "Peak Memory Usage": 68416,
                      "Plans": [
                        {
                          "Node Type": "Seq Scan",
                          "Parent Relationship": "Outer",
                          "Parallel Aware": true,
                          "Relation Name": "title",
                          "Alias": "t",
                          "Startup Cost": 0.0,
                          "Total Cost": 45479.1,
                          "Plan Rows": 338374,
                          "Plan Width": 4,
                          "Actual Startup Time": 0.035,
                          "Actual Total Time": 104.85,
                          "Actual Rows": 331945,
                          "Actual Loops": 4,
                          "Filter": "((production_year < 2012) AND (kind_id = 7))",
                          "Rows Removed by Filter": 300133
                        }
                      ]
                    }
                  ]
                }
              ]
            }
          ]
        }
      ]
    },
    "Planning Time": 0.587,
    "Triggers": [],
    "Execution Time": 484.775
  }
]