{
  "Plan": {
    "Node Type": "Aggregate",
    "Strategy": "Plain",
    "Partial Mode": "Finalize",
    "Parallel Aware": false,
    "Startup Cost": 20753.99,
    "Total Cost": 20754.0,
    "Plan Rows": 1,
    "Plan Width": 96,
    "Actual Startup Time": 2596.065,
    "Actual Total Time": 2668.447,
    "Actual Rows": 1,
    "Actual Loops": 1,
    "Plans": [
      {
        "Node Type": "Gather",
        "Parent Relationship": "Outer",
        "Parallel Aware": false,
        "Startup Cost": 20753.76,
        "Total Cost": 20753.97,
        "Plan Rows": 2,
        "Plan Width": 96,
        "Actual Startup Time": 2596.043,
        "Actual Total Time": 2668.434,
        "Actual Rows": 3,
        "Actual Loops": 1,
        "Workers Planned": 2,
        "Workers Launched": 2,
        "Single Copy": false,
        "Plans": [
          {
            "Node Type": "Aggregate",
            "Strategy": "Plain",
            "Partial Mode": "Partial",
            "Parent Relationship": "Outer",
            "Parallel Aware": false,
            "Startup Cost": 19753.76,
            "Total Cost": 19753.77,
            "Plan Rows": 1,
            "Plan Width": 96,
            "Actual Startup Time": 2586.211,
            "Actual Total Time": 2586.218,
            "Actual Rows": 1,
            "Actual Loops": 3,
            "Plans": [
              {
                "Node Type": "Hash Join",
                "Parent Relationship": "Outer",
                "Parallel Aware": false,
                "Join Type": "Inner",
                "Startup Cost": 8.73,
                "Total Cost": 19753.03,
                "Plan Rows": 97,
                "Plan Width": 42,
                "Actual Startup Time": 417.518,
                "Actual Total Time": 2551.314,
                "Actual Rows": 223463,
                "Actual Loops": 3,
                "Inner Unique": true,
                "Hash Cond": "(mi.info_type_id = it2.id)",
                "Plans": [
                  {
                    "Node Type": "Nested Loop",
                    "Parent Relationship": "Outer",
                    "Parallel Aware": false,
                    "Join Type": "Inner",
                    "Startup Cost": 6.3,
                    "Total Cost": 19720.77,
                    "Plan Rows": 10958,
                    "Plan Width": 46,
                    "Actual Startup Time": 416.994,
                    "Actual Total Time": 2411.978,
                    "Actual Rows": 1438861,
                    "Actual Loops": 3,
                    "Inner Unique": false,
                    "Plans": [
                      {
                        "Node Type": "Nested Loop",
                        "Parent Relationship": "Outer",
                        "Parallel Aware": false,
                        "Join Type": "Inner",
                        "Startup Cost": 5.87,
                        "Total Cost": 19088.47,
                        "Plan Rows": 332,
                        "Plan Width": 54,
                        "Actual Startup Time": 416.857,
                        "Actual Total Time": 1558.201,
                        "Actual Rows": 29098,
                        "Actual Loops": 3,
                        "Inner Unique": true,
                        "Plans": [
                          {
                            "Node Type": "Hash Join",
                            "Parent Relationship": "Outer",
                            "Parallel Aware": false,
                            "Join Type": "Inner",
                            "Startup Cost": 5.45,
                            "Total Cost": 18683.11,
                            "Plan Rows": 909,
                            "Plan Width": 39,
                            "Actual Startup Time": 416.691,
                            "Actual Total Time": 1201.917,
                            "Actual Rows": 100870,
                            "Actual Loops": 3,
                            "Inner Unique": true,
                            "Hash Cond": "(mc.company_type_id = ct.id)",
                            "Plans": [
                              {
                                "Node Type": "Nested Loop",
                                "Parent Relationship": "Outer",
                                "Parallel Aware": false,
                                "Join Type": "Inner",
                                "Startup Cost": 4.39,
                                "Total Cost": 18662.39,
                                "Plan Rows": 3636,
                                "Plan Width": 43,
                                "Actual Startup Time": 416.544,
                                "Actual Total Time": 1161.687,
                                "Actual Rows": 257695,
                                "Actual Loops": 3,
                                "Inner Unique": false,
                                "Plans": [
                                  {
                                    "Node Type": "Hash Join",
                                    "Parent Relationship": "Outer",
                                    "Parallel Aware": false,
                                    "Join Type": "Inner",
                                    "Startup Cost": 3.96,
                                    "Total Cost": 18217.25,
                                    "Plan Rows": 727,
                                    "Plan Width": 31,
                                    "Actual Startup Time": 416.375,
                                    "Actual Total Time": 845.722,
                                    "Actual Rows": 69960,
                                    "Actual Loops": 3,
                                    "Inner Unique": true,
                                    "Hash Cond": "(t.kind_id = kt.id)",
                                    "Plans": [
                                      {
                                        "Node Type": "Nested Loop",
                                        "Parent Relationship": "Outer",
                                        "Parallel Aware": false,
                                        "Join Type": "Inner",
                                        "Startup Cost": 2.86,
                                        "Total Cost": 18194.71,
                                        "Plan Rows": 5089,
                                        "Plan Width": 35,
                                        "Actual Startup Time": 0.305,
                                        "Actual Total Time": 815.012,
                                        "Actual Rows": 153308,
                                        "Actual Loops": 3,
                                        "Inner Unique": true,
                                        "Plans": [
                                          {
                                            "Node Type": "Hash Join",
                                            "Parent Relationship": "Outer",
                                            "Parallel Aware": false,
                                            "Join Type": "Inner",
                                            "Startup Cost": 2.43,
                                            "Total Cost": 15253.6,
                                            "Plan Rows": 5089,
                                            "Plan Width": 10,
                                            "Actual Startup Time": 0.142,
                                            "Actual Total Time": 146.641,
                                            "Actual Rows": 153308,
                                            "Actual Loops": 3,
                                            "Inner Unique": true,
                                            "Hash Cond": "(miidx.info_type_id = it.id)",
                                            "Plans": [
                                              {
                                                "Node Type": "Seq Scan",
                                                "Parent Relationship": "Outer",
                                                "Parallel Aware": true,
                                                "Relation Name": "movie_info_idx",
                                                "Alias": "miidx",
                                                "Startup Cost": 0.0,
                                                "Total Cost": 13685.15,
                                                "Plan Rows": 575015,
                                                "Plan Width": 14,
                                                "Actual Startup Time": 0.034,
                                                "Actual Total Time": 67.02,
                                                "Actual Rows": 460012,
                                                "Actual Loops": 3
                                              },
                                              {
                                                "Node Type": "Hash",
                                                "Parent Relationship": "Inner",
                                                "Parallel Aware": false,
                                                "Startup Cost": 2.41,
                                                "Total Cost": 2.41,
                                                "Plan Rows": 1,
                                                "Plan Width": 4,
                                                "Actual Startup Time": 0.044,
                                                "Actual Total Time": 0.045,
                                                "Actual Rows": 1,
                                                "Actual Loops": 3,
                                                "Hash Buckets": 1024,
                                                "Original Hash Buckets": 1024,
                                                "Hash Batches": 1,
                                                "Original Hash Batches": 1,
                                                "Peak Memory Usage": 9,
                                                "Plans": [
                                                  {
                                                    "Node Type": "Seq Scan",
                                                    "Parent Relationship": "Outer",
                                                    "Parallel Aware": false,
                                                    "Relation Name": "info_type",
                                                    "Alias": "it",
                                                    "Startup Cost": 0.0,
                                                    "Total Cost": 2.41,
                                                    "Plan Rows": 1,
                                                    "Plan Width": 4,
                                                    "Actual Startup Time": 0.027,
                                                    "Actual Total Time": 0.031,
                                                    "Actual Rows": 1,
                                                    "Actual Loops": 3,
                                                    "Filter": "((info)::text = 'rating'::text)",
                                                    "Rows Removed by Filter": 112
                                                  }
                                                ]
                                              }
                                            ]
                                          },
                                          {
                                            "Node Type": "Index Scan",
                                            "Parent Relationship": "Inner",
                                            "Parallel Aware": false,
                                            "Scan Direction": "Forward",
                                            "Index Name": "title_pkey",
                                            "Relation Name": "title",
                                            "Alias": "t",
                                            "Startup Cost": 0.43,
                                            "Total Cost": 0.58,
                                            "Plan Rows": 1,
                                            "Plan Width": 25,
                                            "Actual Startup Time": 0.004,
                                            "Actual Total Time": 0.004,
                                            "Actual Rows": 1,
                                            "Actual Loops": 459925,
                                            "Index Cond": "(id = miidx.movie_id)",
                                            "Rows Removed by Index Recheck": 0
                                          }
                                        ]
                                      },
                                      {
                                        "Node Type": "Hash",
                                        "Parent Relationship": "Inner",
                                        "Parallel Aware": false,
                                        "Startup Cost": 1.09,
                                        "Total Cost": 1.09,
                                        "Plan Rows": 1,
                                        "Plan Width": 4,
                                        "Actual Startup Time": 0.061,
                                        "Actual Total Time": 0.061,
                                        "Actual Rows": 1,
                                        "Actual Loops": 3,
                                        "Hash Buckets": 1024,
                                        "Original Hash Buckets": 1024,
                                        "Hash Batches": 1,
                                        "Original Hash Batches": 1,
                                        "Peak Memory Usage": 9,
                                        "Plans": [
                                          {
                                            "Node Type": "Seq Scan",
                                            "Parent Relationship": "Outer",
                                            "Parallel Aware": false,
                                            "Relation Name": "kind_type",
                                            "Alias": "kt",
                                            "Startup Cost": 0.0,
                                            "Total Cost": 1.09,
                                            "Plan Rows": 1,
                                            "Plan Width": 4,
                                            "Actual Startup Time": 0.048,
                                            "Actual Total Time": 0.051,
                                            "Actual Rows": 1,
                                            "Actual Loops": 3,
                                            "Filter": "((kind)::text = 'movie'::text)",
                                            "Rows Removed by Filter": 6
                                          }
                                        ]
                                      }
                                    ]
                                  },
                                  {
                                    "Node Type": "Index Scan",
                                    "Parent Relationship": "Inner",
                                    "Parallel Aware": false,
                                    "Scan Direction": "Forward",
                                    "Index Name": "movie_id_movie_companies",
                                    "Relation Name": "movie_companies",
                                    "Alias": "mc",
                                    "Startup Cost": 0.43,
                                    "Total Cost": 0.56,
                                    "Plan Rows": 5,
                                    "Plan Width": 12,
                                    "Actual Startup Time": 0.003,
                                    "Actual Total Time": 0.004,
                                    "Actual Rows": 4,
                                    "Actual Loops": 209880,
                                    "Index Cond": "(movie_id = t.id)",
                                    "Rows Removed by Index Recheck": 0
                                  }
                                ]
                              },
                              {
                                "Node Type": "Hash",
                                "Parent Relationship": "Inner",
                                "Parallel Aware": false,
                                "Startup Cost": 1.05,
                                "Total Cost": 1.05,
                                "Plan Rows": 1,
                                "Plan Width": 4,
                                "Actual Startup Time": 0.061,
                                "Actual Total Time": 0.061,
                                "Actual Rows": 1,
                                "Actual Loops": 3,
                                "Hash Buckets": 1024,
                                "Original Hash Buckets": 1024,
                                "Hash Batches": 1,
                                "Original Hash Batches": 1,
                                "Peak Memory Usage": 9,
                                "Plans": [
                                  {
                                    "Node Type": "Seq Scan",
                                    "Parent Relationship": "Outer",
                                    "Parallel Aware": false,
                                    "Relation Name": "company_type",
                                    "Alias": "ct",
                                    "Startup Cost": 0.0,
                                    "Total Cost": 1.05,
                                    "Plan Rows": 1,
                                    "Plan Width": 4,
                                    "Actual Startup Time": 0.049,
                                    "Actual Total Time": 0.051,
                                    "Actual Rows": 1,
                                    "Actual Loops": 3,
                                    "Filter": "((kind)::text = 'production companies'::text)",
                                    "Rows Removed by Filter": 3
                                  }
                                ]
                              }
                            ]
                          },
                          {
                            "Node Type": "Index Scan",
                            "Parent Relationship": "Inner",
                            "Parallel Aware": false,
                            "Scan Direction": "Forward",
                            "Index Name": "company_name_pkey",
                            "Relation Name": "company_name",
                            "Alias": "cn",
                            "Startup Cost": 0.42,
                            "Total Cost": 0.45,
                            "Plan Rows": 1,
                            "Plan Width": 23,
                            "Actual Startup Time": 0.003,
                            "Actual Total Time": 0.003,
                            "Actual Rows": 0,
                            "Actual Loops": 302610,
                            "Index Cond": "(id = mc.company_id)",
                            "Rows Removed by Index Recheck": 0,
                            "Filter": "((country_code)::text = '[us]'::text)",
                            "Rows Removed by Filter": 1
                          }
                        ]
                      },
                      {
                        "Node Type": "Index Scan",
                        "Parent Relationship": "Inner",
                        "Parallel Aware": false,
                        "Scan Direction": "Forward",
                        "Index Name": "movie_id_movie_info",
                        "Relation Name": "movie_info",
                        "Alias": "mi",
                        "Startup Cost": 0.43,
                        "Total Cost": 1.49,
                        "Plan Rows": 41,
                        "Plan Width": 8,
                        "Actual Startup Time": 0.005,
                        "Actual Total Time": 0.023,
                        "Actual Rows": 49,
                        "Actual Loops": 87293,
                        "Index Cond": "(movie_id = t.id)",
                        "Rows Removed by Index Recheck": 0
                      }
                    ]
                  },
                  {
                    "Node Type": "Hash",
                    "Parent Relationship": "Inner",
                    "Parallel Aware": false,
                    "Startup Cost": 2.41,
                    "Total Cost": 2.41,
                    "Plan Rows": 1,
                    "Plan Width": 4,
                    "Actual Startup Time": 0.109,
                    "Actual Total Time": 0.109,
                    "Actual Rows": 1,
                    "Actual Loops": 3,
                    "Hash Buckets": 1024,
                    "Original Hash Buckets": 1024,
                    "Hash Batches": 1,
                    "Original Hash Batches": 1,
                    "Peak Memory Usage": 9,
                    "Plans": [
                      {
                        "Node Type": "Seq Scan",
                        "Parent Relationship": "Outer",
                        "Parallel Aware": false,
                        "Relation Name": "info_type",
                        "Alias": "it2",
                        "Startup Cost": 0.0,
                        "Total Cost": 2.41,
                        "Plan Rows": 1,
                        "Plan Width": 4,
                        "Actual Startup Time": 0.07,
                        "Actual Total Time": 0.087,
                        "Actual Rows": 1,
                        "Actual Loops": 3,
                        "Filter": "((info)::text = 'release dates'::text)",
                        "Rows Removed by Filter": 112
                      }
                    ]
                  }
                ]
              }
            ]
          }
        ]
      }
    ]
  },
  "Planning Time": 25.379,
  "Triggers": [],
  "Execution Time": 2669.114
}