[
  {
    "Plan": {
      "Node Type": "Aggregate",
      "Strategy": "Plain",
      "Partial Mode": "Finalize",
      "Parallel Aware": false,
      "Startup Cost": 33086.17,
      "Total Cost": 33086.18,
      "Plan Rows": 1,
      "Plan Width": 8,
      "Actual Startup Time": 104.196,
      "Actual Total Time": 114.362,
      "Actual Rows": 1,
      "Actual Loops": 1,
      "Plans": [
        {
          "Node Type": "Gather",
          "Parent Relationship": "Outer",
          "Parallel Aware": false,
          "Startup Cost": 33085.85,
          "Total Cost": 33086.16,
          "Plan Rows": 3,
          "Plan Width": 8,
          "Actual Startup Time": 104.03,
          "Actual Total Time": 114.349,
          "Actual Rows": 4,
          "Actual Loops": 1,
          "Workers Planned": 3,
          "Workers Launched": 3,
          "Single Copy": false,
          "Plans": [
            {
              "Node Type": "Aggregate",
              "Strategy": "Plain",
              "Partial Mode": "Partial",
              "Parent Relationship": "Outer",
              "Parallel Aware": false,
              "Startup Cost": 32085.85,
              "Total Cost": 32085.86,
              "Plan Rows": 1,
              "Plan Width": 8,
              "Actual Startup Time": 95.723,
              "Actual Total Time": 95.724,
              "Actual Rows": 1,
              "Actual Loops": 4,
              "Plans": [
                {
                  "Node Type": "Seq Scan",
                  "Parent Relationship": "Outer",
                  "Parallel Aware": true,
                  "Relation Name": "movie_companies",
                  "Alias": "mc",
                  "Startup Cost": 0.0,
                  "Total Cost": 31414.82,
                  "Plan Rows": 268414,
                  "Plan Width": 0,
                  "Actual Startup Time": 1.066,
                  "Actual Total Time": 86.7,
                  "Actual Rows": 157809,
                  "Actual Loops": 4,
                  "Filter": "((company_id > 2980) AND (company_type_id < 2))",
                  "Rows Removed by Filter": 494473
                }
              ]
            }
          ]
        }
      ]
    },
    "Planning Time": 0.117,
    "Triggers": [],
    "Execution Time": 114.41
  }
]