[
  {
    "Plan": {
      "Node Type": "Aggregate",
      "Strategy": "Plain",
      "Partial Mode": "Finalize",
      "Parallel Aware": false,
      "Startup Cost": 33089.99,
      "Total Cost": 33090.0,
      "Plan Rows": 1,
      "Plan Width": 8,
      "Actual Startup Time": 89.073,
      "Actual Total Time": 96.874,
      "Actual Rows": 1,
      "Actual Loops": 1,
      "Plans": [
        {
          "Node Type": "Gather",
          "Parent Relationship": "Outer",
          "Parallel Aware": false,
          "Startup Cost": 33089.68,
          "Total Cost": 33089.99,
          "Plan Rows": 3,
          "Plan Width": 8,
          "Actual Startup Time": 88.956,
          "Actual Total Time": 96.866,
          "Actual Rows": 4,
          "Actual Loops": 1,
          "Workers Planned": 3,
          "Workers Launched": 3,
          "Single Copy": false,
          "Plans": [
            {
              "Node Type": "Aggregate",
              "Strategy": "Plain",
              "Partial Mode": "Partial",
              "Parent Relationship": "Outer",
              "Parallel Aware": false,
              "Startup Cost": 32089.68,
              "Total Cost": 32089.69,
              "Plan Rows": 1,
              "Plan Width": 8,
              "Actual Startup Time": 82.28,
              "Actual Total Time": 82.281,
              "Actual Rows": 1,
              "Actual Loops": 4,
              "Plans": [
                {
                  "Node Type": "Seq Scan",
                  "Parent Relationship": "Outer",
                  "Parallel Aware": true,
                  "Relation Name": "movie_companies",
                  "Alias": "mc",
                  "Startup Cost": 0.0,
                  "Total Cost": 31414.82,
                  "Plan Rows": 269943,
                  "Plan Width": 0,
                  "Actual Startup Time": 1.439,
                  "Actual Total Time": 74.628,
                  "Actual Rows": 157809,
                  "Actual Loops": 4,
                  "Filter": "((company_id > 2980) AND (company_type_id < 2))",
                  "Rows Removed by Filter": 494473
                }
              ]
            }
          ]
        }
      ]
    },
    "Planning Time": 0.12,
    "Triggers": [],
    "Execution Time": 96.916
  }
]