{
  "Plan": {
    "Node Type": "Aggregate",
    "Strategy": "Plain",
    "Partial Mode": "Simple",
    "Parallel Aware": false,
    "Startup Cost": 855259.05,
    "Total Cost": 855259.06,
    "Plan Rows": 1,
    "Plan Width": 96,
    "Actual Startup Time": 2117.825,
    "Actual Total Time": 2242.299,
    "Actual Rows": 1,
    "Actual Loops": 1,
    "Plans": [
      {
        "Node Type": "Gather",
        "Parent Relationship": "Outer",
        "Parallel Aware": false,
        "Startup Cost": 786040.03,
        "Total Cost": 855259.04,
        "Plan Rows": 1,
        "Plan Width": 66,
        "Actual Startup Time": 2056.615,
        "Actual Total Time": 2242.276,
        "Actual Rows": 11,
        "Actual Loops": 1,
        "Workers Planned": 4,
        "Workers Launched": 4,
        "Single Copy": false,
        "Plans": [
          {
            "Node Type": "Hash Join",
            "Parent Relationship": "Outer",
            "Parallel Aware": true,
            "Join Type": "Inner",
            "Startup Cost": 785040.03,
            "Total Cost": 854258.94,
            "Plan Rows": 1,
            "Plan Width": 66,
            "Actual Startup Time": 2040.163,
            "Actual Total Time": 2096.411,
            "Actual Rows": 2,
            "Actual Loops": 5,
            "Inner Unique": false,
            "Hash Cond": "(n.id = ci.person_id)",
            "Plans": [
              {
                "Node Type": "Seq Scan",
                "Parent Relationship": "Outer",
                "Parallel Aware": true,
                "Relation Name": "name",
                "Alias": "n",
                "Startup Cost": 0.0,
                "Total Cost": 68636.05,
                "Plan Rows": 155427,
                "Plan Width": 4,
                "Actual Startup Time": 49.678,
                "Actual Total Time": 120.696,
                "Actual Rows": 192311,
                "Actual Loops": 5,
                "Filter": "((gender IS NOT NULL) AND ((gender)::text = 'f'::text))",
                "Rows Removed by Filter": 641187
              },
              {
                "Node Type": "Hash",
                "Parent Relationship": "Inner",
                "Parallel Aware": true,
                "Startup Cost": 785040.02,
                "Total Cost": 785040.02,
                "Plan Rows": 1,
                "Plan Width": 70,
                "Actual Startup Time": 1961.35,
                "Actual Total Time": 1961.373,
                "Actual Rows": 54,
                "Actual Loops": 5,
                "Hash Buckets": 1024,
                "Original Hash Buckets": 1024,
                "Hash Batches": 1,
                "Original Hash Batches": 1,
                "Peak Memory Usage": 168,
                "Plans": [
                  {
                    "Node Type": "Hash Join",
                    "Parent Relationship": "Outer",
                    "Parallel Aware": false,
                    "Join Type": "Inner",
                    "Startup Cost": 769840.88,
                    "Total Cost": 785040.02,
                    "Plan Rows": 1,
                    "Plan Width": 70,
                    "Actual Startup Time": 1937.734,
                    "Actual Total Time": 1960.822,
                    "Actual Rows": 54,
                    "Actual Loops": 5,
                    "Inner Unique": true,
                    "Hash Cond": "(mi_idx.info_type_id = it2.id)",
                    "Plans": [
                      {
                        "Node Type": "Hash Join",
                        "Parent Relationship": "Outer",
                        "Parallel Aware": true,
                        "Join Type": "Inner",
                        "Startup Cost": 769838.45,
                        "Total Cost": 785037.56,
                        "Plan Rows": 10,
                        "Plan Width": 74,
                        "Actual Startup Time": 1934.626,
                        "Actual Total Time": 1960.613,
                        "Actual Rows": 182,
                        "Actual Loops": 5,
                        "Inner Unique": false,
                        "Hash Cond": "(mi_idx.movie_id = t.id)",
                        "Plans": [
                          {
                            "Node Type": "Seq Scan",
                            "Parent Relationship": "Outer",
                            "Parallel Aware": true,
                            "Relation Name": "movie_info_idx",
                            "Alias": "mi_idx",
                            "Startup Cost": 0.0,
                            "Total Cost": 15122.68,
                            "Plan Rows": 20378,
                            "Plan Width": 14,
                            "Actual Startup Time": 0.029,
                            "Actual Total Time": 29.878,
                            "Actual Rows": 10526,
                            "Actual Loops": 5,
                            "Filter": "(info > '8.0'::text)",
                            "Rows Removed by Filter": 265481
                          },
                          {
                            "Node Type": "Hash",
                            "Parent Relationship": "Inner",
                            "Parallel Aware": true,
                            "Startup Cost": 769837.79,
                            "Total Cost": 769837.79,
                            "Plan Rows": 53,
                            "Plan Width": 76,
                            "Actual Startup Time": 1928.08,
                            "Actual Total Time": 1928.097,
                            "Actual Rows": 4622,
                            "Actual Loops": 5,
                            "Hash Buckets": 32768,
                            "Original Hash Buckets": 1024,
                            "Hash Batches": 1,
                            "Original Hash Batches": 1,
                            "Peak Memory Usage": 2328,
                            "Plans": [
                              {
                                "Node Type": "Hash Join",
                                "Parent Relationship": "Outer",
                                "Parallel Aware": false,
                                "Join Type": "Inner",
                                "Startup Cost": 552643.03,
                                "Total Cost": 769837.79,
                                "Plan Rows": 53,
                                "Plan Width": 76,
                                "Actual Startup Time": 1783.314,
                                "Actual Total Time": 1912.18,
                                "Actual Rows": 4622,
                                "Actual Loops": 5,
                                "Inner Unique": true,
                                "Hash Cond": "(mi.info_type_id = it1.id)",
                                "Plans": [
                                  {
                                    "Node Type": "Hash Join",
                                    "Parent Relationship": "Outer",
                                    "Parallel Aware": true,
                                    "Join Type": "Inner",
                                    "Startup Cost": 552640.6,
                                    "Total Cost": 769819.12,
                                    "Plan Rows": 5965,
                                    "Plan Width": 80,
                                    "Actual Startup Time": 1783.214,
                                    "Actual Total Time": 1911.007,
                                    "Actual Rows": 4622,
                                    "Actual Loops": 5,
                                    "Inner Unique": false,
                                    "Hash Cond": "(t.id = ci.movie_id)",
                                    "Plans": [
                                      {
                                        "Node Type": "Hash Join",
                                        "Parent Relationship": "Outer",
                                        "Parallel Aware": true,
                                        "Join Type": "Inner",
                                        "Startup Cost": 199323.03,
                                        "Total Cost": 416448.19,
                                        "Plan Rows": 4955,
                                        "Plan Width": 72,
                                        "Actual Startup Time": 546.657,
                                        "Actual Total Time": 672.273,
                                        "Actual Rows": 6980,
                                        "Actual Loops": 5,
                                        "Inner Unique": false,
                                        "Hash Cond": "(t.id = mi.movie_id)",
                                        "Plans": [
                                          {
                                            "Node Type": "Seq Scan",
                                            "Parent Relationship": "Outer",
                                            "Parallel Aware": true,
                                            "Relation Name": "title",
                                            "Alias": "t",
                                            "Startup Cost": 0.0,
                                            "Total Cost": 45479.91,
                                            "Plan Rows": 197282,
                                            "Plan Width": 21,
                                            "Actual Startup Time": 0.015,
                                            "Actual Total Time": 94.195,
                                            "Actual Rows": 156898,
                                            "Actual Loops": 5,
                                            "Filter": "((production_year >= 2008) AND (production_year <= 2014))",
                                            "Rows Removed by Filter": 348765
                                          },
                                          {
                                            "Node Type": "Hash",
                                            "Parent Relationship": "Inner",
                                            "Parallel Aware": true,
                                            "Startup Cost": 199164.27,
                                            "Total Cost": 199164.27,
                                            "Plan Rows": 12701,
                                            "Plan Width": 51,
                                            "Actual Startup Time": 545.957,
                                            "Actual Total Time": 545.959,
                                            "Actual Rows": 14609,
                                            "Actual Loops": 5,
                                            "Hash Buckets": 131072,
                                            "Original Hash Buckets": 65536,
                                            "Hash Batches": 1,
                                            "Original Hash Batches": 1,
                                            "Peak Memory Usage": 5408,
                                            "Plans": [
                                              {
                                                "Node Type": "Seq Scan",
                                                "Parent Relationship": "Outer",
                                                "Parallel Aware": true,
                                                "Relation Name": "movie_info",
                                                "Alias": "mi",
                                                "Startup Cost": 0.0,
                                                "Total Cost": 199164.27,
                                                "Plan Rows": 12701,
                                                "Plan Width": 51,
                                                "Actual Startup Time": 340.246,
                                                "Actual Total Time": 534.543,
                                                "Actual Rows": 14609,
                                                "Actual Loops": 5,
                                                "Filter": "((note IS NULL) AND (info = ANY ('{Horror,Thriller}'::text[])))",
                                                "Rows Removed by Filter": 2952535
                                              }
                                            ]
                                          }
                                        ]
                                      },
                                      {
                                        "Node Type": "Hash",
                                        "Parent Relationship": "Inner",
                                        "Parallel Aware": true,
                                        "Startup Cost": 350885.27,
                                        "Total Cost": 350885.27,
                                        "Plan Rows": 194584,
                                        "Plan Width": 8,
                                        "Actual Startup Time": 1225.523,
                                        "Actual Total Time": 1225.525,
                                        "Actual Rows": 248943,
                                        "Actual Loops": 5,
                                        "Hash Buckets": 2097152,
                                        "Original Hash Buckets": 2097152,
                                        "Hash Batches": 1,
                                        "Original Hash Batches": 1,
                                        "Peak Memory Usage": 65152,
                                        "Plans": [
                                          {
                                            "Node Type": "Seq Scan",
                                            "Parent Relationship": "Outer",
                                            "Parallel Aware": true,
                                            "Relation Name": "cast_info",
                                            "Alias": "ci",
                                            "Startup Cost": 0.0,
                                            "Total Cost": 350885.27,
                                            "Plan Rows": 194584,
                                            "Plan Width": 8,
                                            "Actual Startup Time": 106.081,
                                            "Actual Total Time": 1116.813,
                                            "Actual Rows": 248943,
                                            "Actual Loops": 5,
                                            "Filter": "(note = ANY ('{(writer),\"(head writer)\",\"(written by)\",(story),\"(story editor)\"}'::text[]))",
                                            "Rows Removed by Filter": 6999926
                                          }
                                        ]
                                      }
                                    ]
                                  },
                                  {
                                    "Node Type": "Hash",
                                    "Parent Relationship": "Inner",
                                    "Parallel Aware": false,
                                    "Startup Cost": 2.41,
                                    "Total Cost": 2.41,
                                    "Plan Rows": 1,
                                    "Plan Width": 4,
                                    "Actual Startup Time": 0.047,
                                    "Actual Total Time": 0.049,
                                    "Actual Rows": 1,
                                    "Actual Loops": 5,
                                    "Hash Buckets": 1024,
                                    "Original Hash Buckets": 1024,
                                    "Hash Batches": 1,
                                    "Original Hash Batches": 1,
                                    "Peak Memory Usage": 9,
                                    "Plans": [
                                      {
                                        "Node Type": "Seq Scan",
                                        "Parent Relationship": "Outer",
                                        "Parallel Aware": false,
                                        "Relation Name": "info_type",
                                        "Alias": "it1",
                                        "Startup Cost": 0.0,
                                        "Total Cost": 2.41,
                                        "Plan Rows": 1,
                                        "Plan Width": 4,
                                        "Actual Startup Time": 0.017,
                                        "Actual Total Time": 0.037,
                                        "Actual Rows": 1,
                                        "Actual Loops": 5,
                                        "Filter": "((info)::text = 'genres'::text)",
                                        "Rows Removed by Filter": 112
                                      }
                                    ]
                                  }
                                ]
                              }
                            ]
                          }
                        ]
                      },
                      {
                        "Node Type": "Hash",
                        "Parent Relationship": "Inner",
                        "Parallel Aware": false,
                        "Startup Cost": 2.41,
                        "Total Cost": 2.41,
                        "Plan Rows": 1,
                        "Plan Width": 4,
                        "Actual Startup Time": 0.131,
                        "Actual Total Time": 0.133,
                        "Actual Rows": 1,
                        "Actual Loops": 5,
                        "Hash Buckets": 1024,
                        "Original Hash Buckets": 1024,
                        "Hash Batches": 1,
                        "Original Hash Batches": 1,
                        "Peak Memory Usage": 9,
                        "Plans": [
                          {
                            "Node Type": "Seq Scan",
                            "Parent Relationship": "Outer",
                            "Parallel Aware": false,
                            "Relation Name": "info_type",
                            "Alias": "it2",
                            "Startup Cost": 0.0,
                            "Total Cost": 2.41,
                            "Plan Rows": 1,
                            "Plan Width": 4,
                            "Actual Startup Time": 0.103,
                            "Actual Total Time": 0.108,
                            "Actual Rows": 1,
                            "Actual Loops": 5,
                            "Filter": "((info)::text = 'rating'::text)",
                            "Rows Removed by Filter": 112
                          }
                        ]
                      }
                    ]
                  }
                ]
              }
            ]
          }
        ]
      }
    ]
  },
  "Planning Time": 11.435,
  "Triggers": [],
  "Execution Time": 2242.973
}