[
  {
    "Plan": {
      "Node Type": "Aggregate",
      "Strategy": "Plain",
      "Partial Mode": "Finalize",
      "Parallel Aware": false,
      "Startup Cost": 240067.72,
      "Total Cost": 240067.73,
      "Plan Rows": 1,
      "Plan Width": 8,
      "Actual Startup Time": 208.747,
      "Actual Total Time": 216.43,
      "Actual Rows": 1,
      "Actual Loops": 1,
      "Plans": [
        {
          "Node Type": "Gather",
          "Parent Relationship": "Outer",
          "Parallel Aware": false,
          "Startup Cost": 240067.2,
          "Total Cost": 240067.71,
          "Plan Rows": 5,
          "Plan Width": 8,
          "Actual Startup Time": 207.607,
          "Actual Total Time": 216.423,
          "Actual Rows": 6,
          "Actual Loops": 1,
          "Workers Planned": 5,
          "Workers Launched": 5,
          "Single Copy": false,
          "Plans": [
            {
              "Node Type": "Aggregate",
              "Strategy": "Plain",
              "Partial Mode": "Partial",
              "Parent Relationship": "Outer",
              "Parallel Aware": false,
              "Startup Cost": 239067.2,
              "Total Cost": 239067.21,
              "Plan Rows": 1,
              "Plan Width": 8,
              "Actual Startup Time": 202.053,
              "Actual Total Time": 202.056,
              "Actual Rows": 1,
              "Actual Loops": 6,
              "Plans": [
                {
                  "Node Type": "Hash Join",
                  "Parent Relationship": "Outer",
                  "Parallel Aware": true,
                  "Join Type": "Inner",
                  "Startup Cost": 72610.08,
                  "Total Cost": 238992.11,
                  "Plan Rows": 30036,
                  "Plan Width": 0,
                  "Actual Startup Time": 122.226,
                  "Actual Total Time": 200.955,
                  "Actual Rows": 17062,
                  "Actual Loops": 6,
                  "Inner Unique": true,
                  "Hash Cond": "(mi.movie_id = t.id)",
                  "Plans": [
                    {
                      "Node Type": "Bitmap Heap Scan",
                      "Parent Relationship": "Outer",
                      "Parallel Aware": true,
                      "Relation Name": "movie_info",
                      "Alias": "mi",
                      "Startup Cost": 26313.05,
                      "Total Cost": 191933.34,
                      "Plan Rows": 290184,
                      "Plan Width": 4,
                      "Actual Startup Time": 42.675,
                      "Actual Total Time": 83.642,
                      "Actual Rows": 233650,
                      "Actual Loops": 6,
                      "Recheck Cond": "(info_type_id = 7)",
                      "Rows Removed by Index Recheck": 0,
                      "Exact Heap Blocks": 2261,
                      "Lossy Heap Blocks": 0,
                      "Plans": [
                        {
                          "Node Type": "Bitmap Index Scan",
                          "Parent Relationship": "Outer",
                          "Parallel Aware": false,
                          "Index Name": "info_type_id_movie_info",
                          "Startup Cost": 0.0,
                          "Total Cost": 25950.32,
                          "Plan Rows": 1450918,
                          "Plan Width": 0,
                          "Actual Startup Time": 40.953,
                          "Actual Total Time": 40.953,
                          "Actual Rows": 1401902,
                          "Actual Loops": 1,
                          "Index Cond": "(info_type_id = 7)"
                        }
                      ]
                    },
                    {
                      "Node Type": "Hash",
                      "Parent Relationship": "Inner",
                      "Parallel Aware": true,
                      "Startup Cost": 45479.21,
                      "Total Cost": 45479.21,
                      "Plan Rows": 65426,
                      "Plan Width": 4,
                      "Actual Startup Time": 78.13,
                      "Actual Total Time": 78.131,
                      "Actual Rows": 37974,
                      "Actual Loops": 6,
                      "Hash Buckets": 262144,
                      "Original Hash Buckets": 262144,
                      "Hash Batches": 1,
                      "Original Hash Batches": 1,
                      "Peak Memory Usage": 11040,
                      "Plans": [
                        {
                          "Node Type": "Seq Scan",
                          "Parent Relationship": "Outer",
                          "Parallel Aware": true,
                          "Relation Name": "title",
                          "Alias": "t",
                          "Startup Cost": 0.0,
                          "Total Cost": 45479.21,
                          "Plan Rows": 65426,
                          "Plan Width": 4,
                          "Actual Startup Time": 0.037,
                          "Actual Total Time": 65.009,
                          "Actual Rows": 37974,
                          "Actual Loops": 6,
                          "Filter": "((kind_id < 7) AND (production_year > 2008))",
                          "Rows Removed by Filter": 383411
                        }
                      ]
                    }
                  ]
                }
              ]
            }
          ]
        }
      ]
    },
    "Planning Time": 0.252,
    "Triggers": [],
    "Execution Time": 216.469
  }
]