[
  {
    "Plan": {
      "Node Type": "Aggregate",
      "Strategy": "Plain",
      "Partial Mode": "Finalize",
      "Parallel Aware": false,
      "Startup Cost": 341687.57,
      "Total Cost": 341687.58,
      "Plan Rows": 1,
      "Plan Width": 8,
      "Actual Startup Time": 962.402,
      "Actual Total Time": 1013.494,
      "Actual Rows": 1,
      "Actual Loops": 1,
      "Plans": [
        {
          "Node Type": "Gather",
          "Parent Relationship": "Outer",
          "Parallel Aware": false,
          "Startup Cost": 341686.95,
          "Total Cost": 341687.56,
          "Plan Rows": 6,
          "Plan Width": 8,
          "Actual Startup Time": 962.172,
          "Actual Total Time": 1013.481,
          "Actual Rows": 7,
          "Actual Loops": 1,
          "Workers Planned": 6,
          "Workers Launched": 6,
          "Single Copy": false,
          "Plans": [
            {
              "Node Type": "Aggregate",
              "Strategy": "Plain",
              "Partial Mode": "Partial",
              "Parent Relationship": "Outer",
              "Parallel Aware": false,
              "Startup Cost": 340686.95,
              "Total Cost": 340686.96,
              "Plan Rows": 1,
              "Plan Width": 8,
              "Actual Startup Time": 953.786,
              "Actual Total Time": 953.789,
              "Actual Rows": 1,
              "Actual Loops": 7,
              "Plans": [
                {
                  "Node Type": "Seq Scan",
                  "Parent Relationship": "Outer",
                  "Parallel Aware": true,
                  "Relation Name": "cast_info",
                  "Alias": "ci",
                  "Startup Cost": 0.0,
                  "Total Cost": 328211.39,
                  "Plan Rows": 4990222,
                  "Plan Width": 0,
                  "Actual Startup Time": 92.171,
                  "Actual Total Time": 717.925,
                  "Actual Rows": 4255812,
                  "Actual Loops": 7,
                  "Filter": "(person_id > 623401)",
                  "Rows Removed by Filter": 921951
                }
              ]
            }
          ]
        }
      ]
    },
    "Planning Time": 0.207,
    "Triggers": [],
    "Execution Time": 1013.565
  }
]