{
  "Plan": {
    "Node Type": "Aggregate",
    "Strategy": "Plain",
    "Partial Mode": "Finalize",
    "Parallel Aware": false,
    "Startup Cost": 356599.61,
    "Total Cost": 356599.62,
    "Plan Rows": 1,
    "Plan Width": 8,
    "Actual Startup Time": 2147.983,
    "Actual Total Time": 2202.438,
    "Actual Rows": 1,
    "Actual Loops": 1,
    "Plans": [
      {
        "Node Type": "Gather",
        "Parent Relationship": "Outer",
        "Parallel Aware": false,
        "Startup Cost": 356599.5,
        "Total Cost": 356599.61,
        "Plan Rows": 1,
        "Plan Width": 8,
        "Actual Startup Time": 2143.911,
        "Actual Total Time": 2202.429,
        "Actual Rows": 2,
        "Actual Loops": 1,
        "Workers Planned": 1,
        "Workers Launched": 1,
        "Single Copy": false,
        "Plans": [
          {
            "Node Type": "Aggregate",
            "Strategy": "Plain",
            "Partial Mode": "Partial",
            "Parent Relationship": "Outer",
            "Parallel Aware": false,
            "Startup Cost": 355599.5,
            "Total Cost": 355599.51,
            "Plan Rows": 1,
            "Plan Width": 8,
            "Actual Startup Time": 2136.34,
            "Actual Total Time": 2136.344,
            "Actual Rows": 1,
            "Actual Loops": 2,
            "Plans": [
              {
                "Node Type": "Hash Join",
                "Parent Relationship": "Outer",
                "Parallel Aware": true,
                "Join Type": "Inner",
                "Startup Cost": 66865.64,
                "Total Cost": 348635.05,
                "Plan Rows": 2785782,
                "Plan Width": 0,
                "Actual Startup Time": 402.923,
                "Actual Total Time": 2028.828,
                "Actual Rows": 2770497,
                "Actual Loops": 2,
                "Inner Unique": true,
                "Hash Cond": "(mi.movie_id = t.id)",
                "Plans": [
                  {
                    "Node Type": "Seq Scan",
                    "Parent Relationship": "Outer",
                    "Parallel Aware": true,
                    "Relation Name": "movie_info",
                    "Alias": "mi",
                    "Startup Cost": 0.0,
                    "Total Cost": 270696.42,
                    "Plan Rows": 4218272,
                    "Plan Width": 4,
                    "Actual Startup Time": 0.011,
                    "Actual Total Time": 677.253,
                    "Actual Rows": 3643432,
                    "Actual Loops": 2,
                    "Filter": "(info_type_id < 8)",
                    "Rows Removed by Filter": 3774428
                  },
                  {
                    "Node Type": "Hash",
                    "Parent Relationship": "Inner",
                    "Parallel Aware": true,
                    "Startup Cost": 54588.39,
                    "Total Cost": 54588.39,
                    "Plan Rows": 982180,
                    "Plan Width": 4,
                    "Actual Startup Time": 388.019,
                    "Actual Total Time": 388.02,
                    "Actual Rows": 835646,
                    "Actual Loops": 2,
                    "Hash Buckets": 2097152,
                    "Original Hash Buckets": 2097152,
                    "Hash Batches": 1,
                    "Original Hash Batches": 1,
                    "Peak Memory Usage": 81792,
                    "Plans": [
                      {
                        "Node Type": "Seq Scan",
                        "Parent Relationship": "Outer",
                        "Parallel Aware": true,
                        "Relation Name": "title",
                        "Alias": "t",
                        "Startup Cost": 0.0,
                        "Total Cost": 54588.39,
                        "Plan Rows": 982180,
                        "Plan Width": 4,
                        "Actual Startup Time": 0.028,
                        "Actual Total Time": 171.482,
                        "Actual Rows": 835646,
                        "Actual Loops": 2,
                        "Filter": "(production_year < 2008)",
                        "Rows Removed by Filter": 428510
                      }
                    ]
                  }
                ]
              }
            ]
          }
        ]
      }
    ]
  },
  "Planning Time": 0.648,
  "Triggers": [],
  "Execution Time": 2202.515
}