[
  {
    "Plan": {
      "Node Type": "Aggregate",
      "Strategy": "Plain",
      "Partial Mode": "Finalize",
      "Parallel Aware": false,
      "Startup Cost": 44763.25,
      "Total Cost": 44763.26,
      "Plan Rows": 1,
      "Plan Width": 8,
      "Actual Startup Time": 125.92,
      "Actual Total Time": 136.189,
      "Actual Rows": 1,
      "Actual Loops": 1,
      "Plans": [
        {
          "Node Type": "Gather",
          "Parent Relationship": "Outer",
          "Parallel Aware": false,
          "Startup Cost": 44762.94,
          "Total Cost": 44763.25,
          "Plan Rows": 3,
          "Plan Width": 8,
          "Actual Startup Time": 125.797,
          "Actual Total Time": 136.18,
          "Actual Rows": 4,
          "Actual Loops": 1,
          "Workers Planned": 3,
          "Workers Launched": 3,
          "Single Copy": false,
          "Plans": [
            {
              "Node Type": "Aggregate",
              "Strategy": "Plain",
              "Partial Mode": "Partial",
              "Parent Relationship": "Outer",
              "Parallel Aware": false,
              "Startup Cost": 43762.94,
              "Total Cost": 43762.95,
              "Plan Rows": 1,
              "Plan Width": 8,
              "Actual Startup Time": 121.062,
              "Actual Total Time": 121.063,
              "Actual Rows": 1,
              "Actual Loops": 4,
              "Plans": [
                {
                  "Node Type": "Seq Scan",
                  "Parent Relationship": "Outer",
                  "Parallel Aware": true,
                  "Relation Name": "movie_keyword",
                  "Alias": "mk",
                  "Startup Cost": 0.0,
                  "Total Cost": 42695.65,
                  "Plan Rows": 426913,
                  "Plan Width": 0,
                  "Actual Startup Time": 2.277,
                  "Actual Total Time": 105.458,
                  "Actual Rows": 332226,
                  "Actual Loops": 4,
                  "Filter": "(keyword_id > 12963)",
                  "Rows Removed by Filter": 798757
                }
              ]
            }
          ]
        }
      ]
    },
    "Planning Time": 0.188,
    "Triggers": [],
    "Execution Time": 136.245
  }
]