[
  {
    "Plan": {
      "Node Type": "Aggregate",
      "Strategy": "Plain",
      "Partial Mode": "Finalize",
      "Parallel Aware": false,
      "Startup Cost": 46481.4,
      "Total Cost": 46481.41,
      "Plan Rows": 1,
      "Plan Width": 8,
      "Actual Startup Time": 92.916,
      "Actual Total Time": 104.389,
      "Actual Rows": 1,
      "Actual Loops": 1,
      "Plans": [
        {
          "Node Type": "Gather",
          "Parent Relationship": "Outer",
          "Parallel Aware": false,
          "Startup Cost": 46480.98,
          "Total Cost": 46481.39,
          "Plan Rows": 4,
          "Plan Width": 8,
          "Actual Startup Time": 92.616,
          "Actual Total Time": 104.379,
          "Actual Rows": 5,
          "Actual Loops": 1,
          "Workers Planned": 4,
          "Workers Launched": 4,
          "Single Copy": false,
          "Plans": [
            {
              "Node Type": "Aggregate",
              "Strategy": "Plain",
              "Partial Mode": "Partial",
              "Parent Relationship": "Outer",
              "Parallel Aware": false,
              "Startup Cost": 45480.98,
              "Total Cost": 45480.99,
              "Plan Rows": 1,
              "Plan Width": 8,
              "Actual Startup Time": 84.038,
              "Actual Total Time": 84.039,
              "Actual Rows": 1,
              "Actual Loops": 5,
              "Plans": [
                {
                  "Node Type": "Seq Scan",
                  "Parent Relationship": "Outer",
                  "Parallel Aware": true,
                  "Relation Name": "title",
                  "Alias": "t",
                  "Startup Cost": 0.0,
                  "Total Cost": 45479.1,
                  "Plan Rows": 752,
                  "Plan Width": 0,
                  "Actual Startup Time": 5.821,
                  "Actual Total Time": 83.94,
                  "Actual Rows": 729,
                  "Actual Loops": 5,
                  "Filter": "((kind_id < 7) AND (production_year = 1957))",
                  "Rows Removed by Filter": 504933
                }
              ]
            }
          ]
        }
      ]
    },
    "Planning Time": 0.185,
    "Triggers": [],
    "Execution Time": 104.449
  }
]