[
  {
    "Plan": {
      "Node Type": "Aggregate",
      "Strategy": "Plain",
      "Partial Mode": "Finalize",
      "Parallel Aware": false,
      "Startup Cost": 100582.13,
      "Total Cost": 100582.14,
      "Plan Rows": 1,
      "Plan Width": 8,
      "Actual Startup Time": 834.684,
      "Actual Total Time": 913.348,
      "Actual Rows": 1,
      "Actual Loops": 1,
      "Plans": [
        {
          "Node Type": "Gather",
          "Parent Relationship": "Outer",
          "Parallel Aware": false,
          "Startup Cost": 100581.81,
          "Total Cost": 100582.12,
          "Plan Rows": 3,
          "Plan Width": 8,
          "Actual Startup Time": 833.271,
          "Actual Total Time": 913.336,
          "Actual Rows": 4,
          "Actual Loops": 1,
          "Workers Planned": 3,
          "Workers Launched": 3,
          "Single Copy": false,
          "Plans": [
            {
              "Node Type": "Aggregate",
              "Strategy": "Plain",
              "Partial Mode": "Partial",
              "Parent Relationship": "Outer",
              "Parallel Aware": false,
              "Startup Cost": 99581.81,
              "Total Cost": 99581.82,
              "Plan Rows": 1,
              "Plan Width": 8,
              "Actual Startup Time": 823.315,
              "Actual Total Time": 823.319,
              "Actual Rows": 1,
              "Actual Loops": 4,
              "Plans": [
                {
                  "Node Type": "Nested Loop",
                  "Parent Relationship": "Outer",
                  "Parallel Aware": false,
                  "Join Type": "Inner",
                  "Startup Cost": 48624.19,
                  "Total Cost": 99431.97,
                  "Plan Rows": 59938,
                  "Plan Width": 0,
                  "Actual Startup Time": 165.601,
                  "Actual Total Time": 796.543,
                  "Actual Rows": 455509,
                  "Actual Loops": 4,
                  "Inner Unique": false,
                  "Plans": [
                    {
                      "Node Type": "Hash Join",
                      "Parent Relationship": "Outer",
                      "Parallel Aware": true,
                      "Join Type": "Inner",
                      "Startup Cost": 48623.62,
                      "Total Cost": 73564.29,
                      "Plan Rows": 4180,
                      "Plan Width": 8,
                      "Actual Startup Time": 165.492,
                      "Actual Total Time": 194.893,
                      "Actual Rows": 9847,
                      "Actual Loops": 4,
                      "Inner Unique": true,
                      "Hash Cond": "(mk.movie_id = t.id)",
                      "Plans": [
                        {
                          "Node Type": "Bitmap Heap Scan",
                          "Parent Relationship": "Outer",
                          "Parallel Aware": true,
                          "Relation Name": "movie_keyword",
                          "Alias": "mk",
                          "Startup Cost": 2117.47,
                          "Total Cost": 26973.68,
                          "Plan Rows": 32176,
                          "Plan Width": 4,
                          "Actual Startup Time": 12.668,
                          "Actual Total Time": 39.627,
                          "Actual Rows": 26114,
                          "Actual Loops": 4,
                          "Recheck Cond": "(keyword_id < 107)",
                          "Rows Removed by Index Recheck": 0,
                          "Exact Heap Blocks": 5468,
                          "Lossy Heap Blocks": 0,
                          "Plans": [
                            {
                              "Node Type": "Bitmap Index Scan",
                              "Parent Relationship": "Outer",
                              "Parallel Aware": false,
                              "Index Name": "keyword_id_movie_keyword",
                              "Startup Cost": 0.0,
                              "Total Cost": 2092.53,
                              "Plan Rows": 99747,
                              "Plan Width": 0,
                              "Actual Startup Time": 9.398,
                              "Actual Total Time": 9.399,
                              "Actual Rows": 104458,
                              "Actual Loops": 1,
                              "Index Cond": "(keyword_id < 107)"
                            }
                          ]
                        },
                        {
                          "Node Type": "Hash",
                          "Parent Relationship": "Inner",
                          "Parallel Aware": true,
                          "Startup Cost": 45479.59,
                          "Total Cost": 45479.59,
                          "Plan Rows": 82125,
                          "Plan Width": 4,
                          "Actual Startup Time": 138.264,
                          "Actual Total Time": 138.265,
                          "Actual Rows": 102880,
                          "Actual Loops": 4,
                          "Hash Buckets": 524288,
                          "Original Hash Buckets": 524288,
                          "Hash Batches": 1,
                          "Original Hash Batches": 1,
                          "Peak Memory Usage": 20224,
                          "Plans": [
                            {
                              "Node Type": "Seq Scan",
                              "Parent Relationship": "Outer",
                              "Parallel Aware": true,
                              "Relation Name": "title",
                              "Alias": "t",
                              "Startup Cost": 0.0,
                              "Total Cost": 45479.59,
                              "Plan Rows": 82125,
                              "Plan Width": 4,
                              "Actual Startup Time": 64.146,
                              "Actual Total Time": 106.6,
                              "Actual Rows": 102880,
                              "Actual Loops": 4,
                              "Filter": "((production_year < 2004) AND (kind_id = 1))",
                              "Rows Removed by Filter": 529198
                            }
                          ]
                        }
                      ]
                    },
                    {
                      "Node Type": "Index Only Scan",
                      "Parent Relationship": "Inner",
                      "Parallel Aware": false,
                      "Scan Direction": "Forward",
                      "Index Name": "movie_id_cast_info",
                      "Relation Name": "cast_info",
                      "Alias": "ci",
                      "Startup Cost": 0.56,
                      "Total Cost": 5.84,
                      "Plan Rows": 35,
                      "Plan Width": 4,
                      "Actual Startup Time": 0.007,
                      "Actual Total Time": 0.057,
                      "Actual Rows": 46,
                      "Actual Loops": 39389,
                      "Index Cond": "(movie_id = t.id)",
                      "Rows Removed by Index Recheck": 0,
                      "Heap Fetches": 1822037
                    }
                  ]
                }
              ]
            }
          ]
        }
      ]
    },
    "Planning Time": 1.353,
    "Triggers": [],
    "Execution Time": 913.481
  }
]