[
  {
    "Plan": {
      "Node Type": "Aggregate",
      "Strategy": "Plain",
      "Partial Mode": "Finalize",
      "Parallel Aware": false,
      "Startup Cost": 98792.75,
      "Total Cost": 98792.76,
      "Plan Rows": 1,
      "Plan Width": 8,
      "Actual Startup Time": 809.767,
      "Actual Total Time": 880.677,
      "Actual Rows": 1,
      "Actual Loops": 1,
      "Plans": [
        {
          "Node Type": "Gather",
          "Parent Relationship": "Outer",
          "Parallel Aware": false,
          "Startup Cost": 98792.43,
          "Total Cost": 98792.74,
          "Plan Rows": 3,
          "Plan Width": 8,
          "Actual Startup Time": 808.287,
          "Actual Total Time": 880.669,
          "Actual Rows": 4,
          "Actual Loops": 1,
          "Workers Planned": 3,
          "Workers Launched": 3,
          "Single Copy": false,
          "Plans": [
            {
              "Node Type": "Aggregate",
              "Strategy": "Plain",
              "Partial Mode": "Partial",
              "Parent Relationship": "Outer",
              "Parallel Aware": false,
              "Startup Cost": 97792.43,
              "Total Cost": 97792.44,
              "Plan Rows": 1,
              "Plan Width": 8,
              "Actual Startup Time": 798.842,
              "Actual Total Time": 798.845,
              "Actual Rows": 1,
              "Actual Loops": 4,
              "Plans": [
                {
                  "Node Type": "Nested Loop",
                  "Parent Relationship": "Outer",
                  "Parallel Aware": false,
                  "Join Type": "Inner",
                  "Startup Cost": 48476.38,
                  "Total Cost": 97653.32,
                  "Plan Rows": 55646,
                  "Plan Width": 0,
                  "Actual Startup Time": 161.442,
                  "Actual Total Time": 774.895,
                  "Actual Rows": 455509,
                  "Actual Loops": 4,
                  "Inner Unique": false,
                  "Plans": [
                    {
                      "Node Type": "Hash Join",
                      "Parent Relationship": "Outer",
                      "Parallel Aware": true,
                      "Join Type": "Inner",
                      "Startup Cost": 48475.81,
                      "Total Cost": 73382.41,
                      "Plan Rows": 3884,
                      "Plan Width": 8,
                      "Actual Startup Time": 161.338,
                      "Actual Total Time": 191.657,
                      "Actual Rows": 9847,
                      "Actual Loops": 4,
                      "Inner Unique": true,
                      "Hash Cond": "(mk.movie_id = t.id)",
                      "Plans": [
                        {
                          "Node Type": "Bitmap Heap Scan",
                          "Parent Relationship": "Outer",
                          "Parallel Aware": true,
                          "Relation Name": "movie_keyword",
                          "Alias": "mk",
                          "Startup Cost": 1971.36,
                          "Total Cost": 26799.41,
                          "Plan Rows": 29924,
                          "Plan Width": 4,
                          "Actual Startup Time": 10.777,
                          "Actual Total Time": 39.445,
                          "Actual Rows": 26114,
                          "Actual Loops": 4,
                          "Recheck Cond": "(keyword_id < 107)",
                          "Rows Removed by Index Recheck": 0,
                          "Exact Heap Blocks": 8305,
                          "Lossy Heap Blocks": 0,
                          "Plans": [
                            {
                              "Node Type": "Bitmap Index Scan",
                              "Parent Relationship": "Outer",
                              "Parallel Aware": false,
                              "Index Name": "keyword_id_movie_keyword",
                              "Startup Cost": 0.0,
                              "Total Cost": 1948.17,
                              "Plan Rows": 92765,
                              "Plan Width": 0,
                              "Actual Startup Time": 7.351,
                              "Actual Total Time": 7.352,
                              "Actual Rows": 104458,
                              "Actual Loops": 1,
                              "Index Cond": "(keyword_id < 107)"
                            }
                          ]
                        },
                        {
                          "Node Type": "Hash",
                          "Parent Relationship": "Inner",
                          "Parallel Aware": true,
                          "Startup Cost": 45479.1,
                          "Total Cost": 45479.1,
                          "Plan Rows": 82028,
                          "Plan Width": 4,
                          "Actual Startup Time": 135.646,
                          "Actual Total Time": 135.647,
                          "Actual Rows": 102880,
                          "Actual Loops": 4,
                          "Hash Buckets": 524288,
                          "Original Hash Buckets": 524288,
                          "Hash Batches": 1,
                          "Original Hash Batches": 1,
                          "Peak Memory Usage": 20288,
                          "Plans": [
                            {
                              "Node Type": "Seq Scan",
                              "Parent Relationship": "Outer",
                              "Parallel Aware": true,
                              "Relation Name": "title",
                              "Alias": "t",
                              "Startup Cost": 0.0,
                              "Total Cost": 45479.1,
                              "Plan Rows": 82028,
                              "Plan Width": 4,
                              "Actual Startup Time": 61.054,
                              "Actual Total Time": 103.736,
                              "Actual Rows": 102880,
                              "Actual Loops": 4,
                              "Filter": "((production_year < 2004) AND (kind_id = 1))",
                              "Rows Removed by Filter": 529198
                            }
                          ]
                        }
                      ]
                    },
                    {
                      "Node Type": "Index Only Scan",
                      "Parent Relationship": "Inner",
                      "Parallel Aware": false,
                      "Scan Direction": "Forward",
                      "Index Name": "movie_id_cast_info",
                      "Relation Name": "cast_info",
                      "Alias": "ci",
                      "Startup Cost": 0.56,
                      "Total Cost": 5.88,
                      "Plan Rows": 37,
                      "Plan Width": 4,
                      "Actual Startup Time": 0.007,
                      "Actual Total Time": 0.055,
                      "Actual Rows": 46,
                      "Actual Loops": 39389,
                      "Index Cond": "(movie_id = t.id)",
                      "Rows Removed by Index Recheck": 0,
                      "Heap Fetches": 1822037
                    }
                  ]
                }
              ]
            }
          ]
        }
      ]
    },
    "Planning Time": 1.09,
    "Triggers": [],
    "Execution Time": 880.782
  }
]