[
  {
    "Plan": {
      "Node Type": "Aggregate",
      "Strategy": "Plain",
      "Partial Mode": "Finalize",
      "Parallel Aware": false,
      "Startup Cost": 435805.61,
      "Total Cost": 435805.62,
      "Plan Rows": 1,
      "Plan Width": 8,
      "Actual Startup Time": 1566.333,
      "Actual Total Time": 1602.144,
      "Actual Rows": 1,
      "Actual Loops": 1,
      "Plans": [
        {
          "Node Type": "Gather",
          "Parent Relationship": "Outer",
          "Parallel Aware": false,
          "Startup Cost": 435804.99,
          "Total Cost": 435805.6,
          "Plan Rows": 6,
          "Plan Width": 8,
          "Actual Startup Time": 1538.798,
          "Actual Total Time": 1602.133,
          "Actual Rows": 7,
          "Actual Loops": 1,
          "Workers Planned": 6,
          "Workers Launched": 6,
          "Single Copy": false,
          "Plans": [
            {
              "Node Type": "Aggregate",
              "Strategy": "Plain",
              "Partial Mode": "Partial",
              "Parent Relationship": "Outer",
              "Parallel Aware": false,
              "Startup Cost": 434804.99,
              "Total Cost": 434805.0,
              "Plan Rows": 1,
              "Plan Width": 8,
              "Actual Startup Time": 1522.889,
              "Actual Total Time": 1523.35,
              "Actual Rows": 1,
              "Actual Loops": 7,
              "Plans": [
                {
                  "Node Type": "Hash Join",
                  "Parent Relationship": "Outer",
                  "Parallel Aware": true,
                  "Join Type": "Inner",
                  "Startup Cost": 86632.23,
                  "Total Cost": 432162.44,
                  "Plan Rows": 1057018,
                  "Plan Width": 0,
                  "Actual Startup Time": 586.887,
                  "Actual Total Time": 1457.325,
                  "Actual Rows": 1489284,
                  "Actual Loops": 7,
                  "Inner Unique": false,
                  "Hash Cond": "(ci.movie_id = t.id)",
                  "Plans": [
                    {
                      "Node Type": "Index Scan",
                      "Parent Relationship": "Outer",
                      "Parallel Aware": true,
                      "Scan Direction": "Forward",
                      "Index Name": "role_id_cast_info",
                      "Relation Name": "cast_info",
                      "Alias": "ci",
                      "Startup Cost": 0.56,
                      "Total Cost": 335235.55,
                      "Plan Rows": 1836130,
                      "Plan Width": 4,
                      "Actual Startup Time": 91.734,
                      "Actual Total Time": 383.082,
                      "Actual Rows": 1362095,
                      "Actual Loops": 7,
                      "Index Cond": "(role_id = 1)",
                      "Rows Removed by Index Recheck": 0,
                      "Filter": "(person_id > 419192)",
                      "Rows Removed by Filter": 448003
                    },
                    {
                      "Node Type": "Hash",
                      "Parent Relationship": "Inner",
                      "Parallel Aware": true,
                      "Startup Cost": 80762.79,
                      "Total Cost": 80762.79,
                      "Plan Rows": 469510,
                      "Plan Width": 8,
                      "Actual Startup Time": 490.394,
                      "Actual Total Time": 490.853,
                      "Actual Rows": 208151,
                      "Actual Loops": 7,
                      "Hash Buckets": 2097152,
                      "Original Hash Buckets": 2097152,
                      "Hash Batches": 1,
                      "Original Hash Batches": 1,
                      "Peak Memory Usage": 73536,
                      "Plans": [
                        {
                          "Node Type": "Hash Join",
                          "Parent Relationship": "Outer",
                          "Parallel Aware": true,
                          "Join Type": "Inner",
                          "Startup Cost": 50219.64,
                          "Total Cost": 80762.79,
                          "Plan Rows": 469510,
                          "Plan Width": 8,
                          "Actual Startup Time": 266.288,
                          "Actual Total Time": 398.019,
                          "Actual Rows": 208151,
                          "Actual Loops": 7,
                          "Inner Unique": true,
                          "Hash Cond": "(mc.movie_id = t.id)",
                          "Plans": [
                            {
                              "Node Type": "Seq Scan",
                              "Parent Relationship": "Outer",
                              "Parallel Aware": true,
                              "Relation Name": "movie_companies",
                              "Alias": "mc",
                              "Startup Cost": 0.0,
                              "Total Cost": 29310.68,
                              "Plan Rows": 469510,
                              "Plan Width": 4,
                              "Actual Startup Time": 4.572,
                              "Actual Total Time": 49.773,
                              "Actual Rows": 208151,
                              "Actual Loops": 7,
                              "Filter": "(company_id > 9053)",
                              "Rows Removed by Filter": 164582
                            },
                            {
                              "Node Type": "Hash",
                              "Parent Relationship": "Inner",
                              "Parallel Aware": true,
                              "Startup Cost": 42318.73,
                              "Total Cost": 42318.73,
                              "Plan Rows": 632073,
                              "Plan Width": 4,
                              "Actual Startup Time": 257.62,
                              "Actual Total Time": 257.621,
                              "Actual Rows": 361187,
                              "Actual Loops": 7,
                              "Hash Buckets": 4194304,
                              "Original Hash Buckets": 4194304,
                              "Hash Batches": 1,
                              "Original Hash Batches": 1,
                              "Peak Memory Usage": 131808,
                              "Plans": [
                                {
                                  "Node Type": "Seq Scan",
                                  "Parent Relationship": "Outer",
                                  "Parallel Aware": true,
                                  "Relation Name": "title",
                                  "Alias": "t",
                                  "Startup Cost": 0.0,
                                  "Total Cost": 42318.73,
                                  "Plan Rows": 632073,
                                  "Plan Width": 4,
                                  "Actual Startup Time": 0.043,
                                  "Actual Total Time": 75.526,
                                  "Actual Rows": 361187,
                                  "Actual Loops": 7
                                }
                              ]
                            }
                          ]
                        }
                      ]
                    }
                  ]
                }
              ]
            }
          ]
        }
      ]
    },
    "Planning Time": 1.553,
    "Triggers": [],
    "Execution Time": 1602.24
  }
]