[
  {
    "Plan": {
      "Node Type": "Aggregate",
      "Strategy": "Plain",
      "Partial Mode": "Simple",
      "Parallel Aware": false,
      "Startup Cost": 5390.75,
      "Total Cost": 5390.76,
      "Plan Rows": 1,
      "Plan Width": 8,
      "Actual Startup Time": 3.718,
      "Actual Total Time": 3.72,
      "Actual Rows": 1,
      "Actual Loops": 1,
      "Plans": [
        {
          "Node Type": "Index Only Scan",
          "Parent Relationship": "Outer",
          "Parallel Aware": false,
          "Scan Direction": "Forward",
          "Index Name": "company_id_movie_companies",
          "Relation Name": "movie_companies",
          "Alias": "mc",
          "Startup Cost": 0.43,
          "Total Cost": 5385.31,
          "Plan Rows": 2174,
          "Plan Width": 0,
          "Actual Startup Time": 0.051,
          "Actual Total Time": 3.369,
          "Actual Rows": 2760,
          "Actual Loops": 1,
          "Index Cond": "(company_id = 31)",
          "Rows Removed by Index Recheck": 0,
          "Heap Fetches": 2760
        }
      ]
    },
    "Planning Time": 0.119,
    "Triggers": [],
    "Execution Time": 3.756
  }
]