[
  {
    "Plan": {
      "Node Type": "Aggregate",
      "Strategy": "Plain",
      "Partial Mode": "Finalize",
      "Parallel Aware": false,
      "Startup Cost": 32966.52,
      "Total Cost": 32966.53,
      "Plan Rows": 1,
      "Plan Width": 8,
      "Actual Startup Time": 101.533,
      "Actual Total Time": 109.696,
      "Actual Rows": 1,
      "Actual Loops": 1,
      "Plans": [
        {
          "Node Type": "Gather",
          "Parent Relationship": "Outer",
          "Parallel Aware": false,
          "Startup Cost": 32966.21,
          "Total Cost": 32966.52,
          "Plan Rows": 3,
          "Plan Width": 8,
          "Actual Startup Time": 101.288,
          "Actual Total Time": 109.689,
          "Actual Rows": 4,
          "Actual Loops": 1,
          "Workers Planned": 3,
          "Workers Launched": 3,
          "Single Copy": false,
          "Plans": [
            {
              "Node Type": "Aggregate",
              "Strategy": "Plain",
              "Partial Mode": "Partial",
              "Parent Relationship": "Outer",
              "Parallel Aware": false,
              "Startup Cost": 31966.21,
              "Total Cost": 31966.22,
              "Plan Rows": 1,
              "Plan Width": 8,
              "Actual Startup Time": 93.078,
              "Actual Total Time": 93.079,
              "Actual Rows": 1,
              "Actual Loops": 4,
              "Plans": [
                {
                  "Node Type": "Seq Scan",
                  "Parent Relationship": "Outer",
                  "Parallel Aware": true,
                  "Relation Name": "movie_companies",
                  "Alias": "mc",
                  "Startup Cost": 0.0,
                  "Total Cost": 31414.82,
                  "Plan Rows": 220555,
                  "Plan Width": 0,
                  "Actual Startup Time": 50.216,
                  "Actual Total Time": 87.541,
                  "Actual Rows": 109546,
                  "Actual Loops": 4,
                  "Filter": "((company_id < 11496) AND (company_type_id = 2))",
                  "Rows Removed by Filter": 542736
                }
              ]
            }
          ]
        }
      ]
    },
    "Planning Time": 0.195,
    "Triggers": [],
    "Execution Time": 109.748
  }
]