[
    {
        "Bao": {
            "Bao prediction": "NaN",
            "Bao recommended hint": "(no hint)"
        }
    },
    {
        "Plan": {
            "Node Type": "Aggregate",
            "Strategy": "Plain",
            "Partial Mode": "Finalize",
            "Parallel Aware": false,
            "Startup Cost": 346507.85,
            "Total Cost": 346507.86,
            "Plan Rows": 1,
            "Plan Width": 8,
            "Actual Startup Time": 611.583,
            "Actual Total Time": 640.998,
            "Actual Rows": 1,
            "Actual Loops": 1,
            "Output": [
                "count(*)"
            ],
            "Plans": [
                {
                    "Node Type": "Gather",
                    "Parent Relationship": "Outer",
                    "Parallel Aware": false,
                    "Startup Cost": 346507.23,
                    "Total Cost": 346507.84,
                    "Plan Rows": 6,
                    "Plan Width": 8,
                    "Actual Startup Time": 611.463,
                    "Actual Total Time": 640.989,
                    "Actual Rows": 7,
                    "Actual Loops": 1,
                    "Output": [
                        "(PARTIAL count(*))"
                    ],
                    "Workers Planned": 6,
                    "Workers Launched": 6,
                    "Single Copy": false,
                    "Plans": [
                        {
                            "Node Type": "Aggregate",
                            "Strategy": "Plain",
                            "Partial Mode": "Partial",
                            "Parent Relationship": "Outer",
                            "Parallel Aware": false,
                            "Startup Cost": 345507.23,
                            "Total Cost": 345507.24,
                            "Plan Rows": 1,
                            "Plan Width": 8,
                            "Actual Startup Time": 601.605,
                            "Actual Total Time": 601.606,
                            "Actual Rows": 1,
                            "Actual Loops": 7,
                            "Output": [
                                "PARTIAL count(*)"
                            ],
                            "Workers": [
                                {
                                    "Worker Number": 0,
                                    "Actual Startup Time": 599.274,
                                    "Actual Total Time": 599.275,
                                    "Actual Rows": 1,
                                    "Actual Loops": 1
                                },
                                {
                                    "Worker Number": 1,
                                    "Actual Startup Time": 599.802,
                                    "Actual Total Time": 599.803,
                                    "Actual Rows": 1,
                                    "Actual Loops": 1
                                },
                                {
                                    "Worker Number": 2,
                                    "Actual Startup Time": 600.069,
                                    "Actual Total Time": 600.07,
                                    "Actual Rows": 1,
                                    "Actual Loops": 1
                                },
                                {
                                    "Worker Number": 3,
                                    "Actual Startup Time": 600.067,
                                    "Actual Total Time": 600.069,
                                    "Actual Rows": 1,
                                    "Actual Loops": 1
                                },
                                {
                                    "Worker Number": 4,
                                    "Actual Startup Time": 600.084,
                                    "Actual Total Time": 600.085,
                                    "Actual Rows": 1,
                                    "Actual Loops": 1
                                },
                                {
                                    "Worker Number": 5,
                                    "Actual Startup Time": 600.816,
                                    "Actual Total Time": 600.817,
                                    "Actual Rows": 1,
                                    "Actual Loops": 1
                                }
                            ],
                            "Plans": [
                                {
                                    "Node Type": "Seq Scan",
                                    "Parent Relationship": "Outer",
                                    "Parallel Aware": true,
                                    "Relation Name": "cast_info",
                                    "Schema": "public",
                                    "Alias": "ci",
                                    "Startup Cost": 0.0,
                                    "Total Cost": 343318.94,
                                    "Plan Rows": 875316,
                                    "Plan Width": 0,
                                    "Actual Startup Time": 379.426,
                                    "Actual Total Time": 580.634,
                                    "Actual Rows": 442103,
                                    "Actual Loops": 7,
                                    "Output": [
                                        "id",
                                        "person_id",
                                        "movie_id",
                                        "person_role_id",
                                        "note",
                                        "nr_order",
                                        "role_id"
                                    ],
                                    "Filter": "((ci.person_id > 3050619) AND (ci.role_id < 10))",
                                    "Rows Removed by Filter": 4735660,
                                    "Workers": [
                                        {
                                            "Worker Number": 0,
                                            "Actual Startup Time": 377.088,
                                            "Actual Total Time": 579.424,
                                            "Actual Rows": 477680,
                                            "Actual Loops": 1
                                        },
                                        {
                                            "Worker Number": 1,
                                            "Actual Startup Time": 377.635,
                                            "Actual Total Time": 578.618,
                                            "Actual Rows": 314049,
                                            "Actual Loops": 1
                                        },
                                        {
                                            "Worker Number": 2,
                                            "Actual Startup Time": 377.892,
                                            "Actual Total Time": 578.674,
                                            "Actual Rows": 315995,
                                            "Actual Loops": 1
                                        },
                                        {
                                            "Worker Number": 3,
                                            "Actual Startup Time": 377.892,
                                            "Actual Total Time": 579.488,
                                            "Actual Rows": 462396,
                                            "Actual Loops": 1
                                        },
                                        {
                                            "Worker Number": 4,
                                            "Actual Startup Time": 377.901,
                                            "Actual Total Time": 579.254,
                                            "Actual Rows": 468858,
                                            "Actual Loops": 1
                                        },
                                        {
                                            "Worker Number": 5,
                                            "Actual Startup Time": 378.63,
                                            "Actual Total Time": 581.124,
                                            "Actual Rows": 474857,
                                            "Actual Loops": 1
                                        }
                                    ]
                                }
                            ]
                        }
                    ]
                }
            ]
        },
        "Planning Time": 207.568,
        "Triggers": [],
        "Execution Time": 641.047
    }
]