[
    {
        "Bao": {
            "Bao prediction": "NaN",
            "Bao recommended hint": "(no hint)"
        }
    },
    {
        "Plan": {
            "Node Type": "Aggregate",
            "Strategy": "Plain",
            "Partial Mode": "Finalize",
            "Parallel Aware": false,
            "Startup Cost": 86633.01,
            "Total Cost": 86633.02,
            "Plan Rows": 1,
            "Plan Width": 8,
            "Actual Startup Time": 337.655,
            "Actual Total Time": 346.67,
            "Actual Rows": 1,
            "Actual Loops": 1,
            "Output": [
                "count(*)"
            ],
            "Plans": [
                {
                    "Node Type": "Gather",
                    "Parent Relationship": "Outer",
                    "Parallel Aware": false,
                    "Startup Cost": 86632.69,
                    "Total Cost": 86633.0,
                    "Plan Rows": 3,
                    "Plan Width": 8,
                    "Actual Startup Time": 333.079,
                    "Actual Total Time": 346.661,
                    "Actual Rows": 4,
                    "Actual Loops": 1,
                    "Output": [
                        "(PARTIAL count(*))"
                    ],
                    "Workers Planned": 3,
                    "Workers Launched": 3,
                    "Single Copy": false,
                    "Plans": [
                        {
                            "Node Type": "Aggregate",
                            "Strategy": "Plain",
                            "Partial Mode": "Partial",
                            "Parent Relationship": "Outer",
                            "Parallel Aware": false,
                            "Startup Cost": 85632.69,
                            "Total Cost": 85632.7,
                            "Plan Rows": 1,
                            "Plan Width": 8,
                            "Actual Startup Time": 324.598,
                            "Actual Total Time": 324.602,
                            "Actual Rows": 1,
                            "Actual Loops": 4,
                            "Output": [
                                "PARTIAL count(*)"
                            ],
                            "Workers": [
                                {
                                    "Worker Number": 0,
                                    "Actual Startup Time": 321.419,
                                    "Actual Total Time": 321.421,
                                    "Actual Rows": 1,
                                    "Actual Loops": 1
                                },
                                {
                                    "Worker Number": 1,
                                    "Actual Startup Time": 322.425,
                                    "Actual Total Time": 322.428,
                                    "Actual Rows": 1,
                                    "Actual Loops": 1
                                },
                                {
                                    "Worker Number": 2,
                                    "Actual Startup Time": 321.771,
                                    "Actual Total Time": 321.775,
                                    "Actual Rows": 1,
                                    "Actual Loops": 1
                                }
                            ],
                            "Plans": [
                                {
                                    "Node Type": "Hash Join",
                                    "Parent Relationship": "Outer",
                                    "Parallel Aware": true,
                                    "Join Type": "Inner",
                                    "Startup Cost": 58809.34,
                                    "Total Cost": 85458.97,
                                    "Plan Rows": 69489,
                                    "Plan Width": 0,
                                    "Actual Startup Time": 246.229,
                                    "Actual Total Time": 323.836,
                                    "Actual Rows": 10124,
                                    "Actual Loops": 4,
                                    "Inner Unique": true,
                                    "Hash Cond": "(mk.movie_id = t.id)",
                                    "Workers": [
                                        {
                                            "Worker Number": 0,
                                            "Actual Startup Time": 243.334,
                                            "Actual Total Time": 320.657,
                                            "Actual Rows": 7326,
                                            "Actual Loops": 1
                                        },
                                        {
                                            "Worker Number": 1,
                                            "Actual Startup Time": 243.385,
                                            "Actual Total Time": 321.68,
                                            "Actual Rows": 7084,
                                            "Actual Loops": 1
                                        },
                                        {
                                            "Worker Number": 2,
                                            "Actual Startup Time": 243.643,
                                            "Actual Total Time": 320.961,
                                            "Actual Rows": 7738,
                                            "Actual Loops": 1
                                        }
                                    ],
                                    "Plans": [
                                        {
                                            "Node Type": "Bitmap Heap Scan",
                                            "Parent Relationship": "Outer",
                                            "Parallel Aware": true,
                                            "Relation Name": "movie_keyword",
                                            "Schema": "public",
                                            "Alias": "mk",
                                            "Startup Cost": 9548.03,
                                            "Total Cost": 35816.6,
                                            "Plan Rows": 145165,
                                            "Plan Width": 4,
                                            "Actual Startup Time": 31.179,
                                            "Actual Total Time": 82.4,
                                            "Actual Rows": 110756,
                                            "Actual Loops": 4,
                                            "Output": [
                                                "mk.id",
                                                "mk.movie_id",
                                                "mk.keyword_id"
                                            ],
                                            "Recheck Cond": "(mk.keyword_id > 39935)",
                                            "Rows Removed by Index Recheck": 0,
                                            "Exact Heap Blocks": 8054,
                                            "Lossy Heap Blocks": 0,
                                            "Workers": [
                                                {
                                                    "Worker Number": 0,
                                                    "Actual Startup Time": 31.232,
                                                    "Actual Total Time": 82.768,
                                                    "Actual Rows": 105459,
                                                    "Actual Loops": 1
                                                },
                                                {
                                                    "Worker Number": 1,
                                                    "Actual Startup Time": 31.152,
                                                    "Actual Total Time": 84.347,
                                                    "Actual Rows": 76010,
                                                    "Actual Loops": 1
                                                },
                                                {
                                                    "Worker Number": 2,
                                                    "Actual Startup Time": 31.208,
                                                    "Actual Total Time": 82.817,
                                                    "Actual Rows": 104918,
                                                    "Actual Loops": 1
                                                }
                                            ],
                                            "Plans": [
                                                {
                                                    "Node Type": "Bitmap Index Scan",
                                                    "Parent Relationship": "Outer",
                                                    "Parallel Aware": false,
                                                    "Index Name": "keyword_id_movie_keyword",
                                                    "Startup Cost": 0.0,
                                                    "Total Cost": 9435.53,
                                                    "Plan Rows": 450013,
                                                    "Plan Width": 0,
                                                    "Actual Startup Time": 27.822,
                                                    "Actual Total Time": 27.823,
                                                    "Actual Rows": 443023,
                                                    "Actual Loops": 1,
                                                    "Index Cond": "(mk.keyword_id > 39935)"
                                                }
                                            ]
                                        },
                                        {
                                            "Node Type": "Hash",
                                            "Parent Relationship": "Inner",
                                            "Parallel Aware": true,
                                            "Startup Cost": 45479.21,
                                            "Total Cost": 45479.21,
                                            "Plan Rows": 302568,
                                            "Plan Width": 4,
                                            "Actual Startup Time": 210.82,
                                            "Actual Total Time": 210.821,
                                            "Actual Rows": 327224,
                                            "Actual Loops": 4,
                                            "Output": [
                                                "t.id"
                                            ],
                                            "Hash Buckets": 2097152,
                                            "Original Hash Buckets": 2097152,
                                            "Hash Batches": 1,
                                            "Original Hash Batches": 1,
                                            "Peak Memory Usage": 67648,
                                            "Workers": [
                                                {
                                                    "Worker Number": 0,
                                                    "Actual Startup Time": 211.665,
                                                    "Actual Total Time": 211.665,
                                                    "Actual Rows": 329866,
                                                    "Actual Loops": 1
                                                },
                                                {
                                                    "Worker Number": 1,
                                                    "Actual Startup Time": 211.769,
                                                    "Actual Total Time": 211.77,
                                                    "Actual Rows": 235780,
                                                    "Actual Loops": 1
                                                },
                                                {
                                                    "Worker Number": 2,
                                                    "Actual Startup Time": 212.001,
                                                    "Actual Total Time": 212.002,
                                                    "Actual Rows": 329557,
                                                    "Actual Loops": 1
                                                }
                                            ],
                                            "Plans": [
                                                {
                                                    "Node Type": "Seq Scan",
                                                    "Parent Relationship": "Outer",
                                                    "Parallel Aware": true,
                                                    "Relation Name": "title",
                                                    "Schema": "public",
                                                    "Alias": "t",
                                                    "Startup Cost": 0.0,
                                                    "Total Cost": 45479.21,
                                                    "Plan Rows": 302568,
                                                    "Plan Width": 4,
                                                    "Actual Startup Time": 0.04,
                                                    "Actual Total Time": 100.118,
                                                    "Actual Rows": 327224,
                                                    "Actual Loops": 4,
                                                    "Output": [
                                                        "t.id"
                                                    ],
                                                    "Filter": "((t.production_year > 1975) AND (t.kind_id = 7))",
                                                    "Rows Removed by Filter": 304854,
                                                    "Workers": [
                                                        {
                                                            "Worker Number": 0,
                                                            "Actual Startup Time": 0.036,
                                                            "Actual Total Time": 100.023,
                                                            "Actual Rows": 329866,
                                                            "Actual Loops": 1
                                                        },
                                                        {
                                                            "Worker Number": 1,
                                                            "Actual Startup Time": 0.053,
                                                            "Actual Total Time": 106.095,
                                                            "Actual Rows": 235780,
                                                            "Actual Loops": 1
                                                        },
                                                        {
                                                            "Worker Number": 2,
                                                            "Actual Startup Time": 0.058,
                                                            "Actual Total Time": 100.634,
                                                            "Actual Rows": 329557,
                                                            "Actual Loops": 1
                                                        }
                                                    ]
                                                }
                                            ]
                                        }
                                    ]
                                }
                            ]
                        }
                    ]
                }
            ]
        },
        "Planning Time": 201.232,
        "Triggers": [],
        "Execution Time": 346.729
    }
]