{
  "Plan": {
    "Node Type": "Aggregate",
    "Strategy": "Plain",
    "Partial Mode": "Finalize",
    "Parallel Aware": false,
    "Startup Cost": 580240.77,
    "Total Cost": 580240.78,
    "Plan Rows": 1,
    "Plan Width": 8,
    "Actual Startup Time": 3493.193,
    "Actual Total Time": 3560.684,
    "Actual Rows": 1,
    "Actual Loops": 1,
    "Plans": [
      {
        "Node Type": "Gather",
        "Parent Relationship": "Outer",
        "Parallel Aware": false,
        "Startup Cost": 580240.66,
        "Total Cost": 580240.77,
        "Plan Rows": 1,
        "Plan Width": 8,
        "Actual Startup Time": 3492.895,
        "Actual Total Time": 3560.676,
        "Actual Rows": 2,
        "Actual Loops": 1,
        "Workers Planned": 1,
        "Workers Launched": 1,
        "Single Copy": false,
        "Plans": [
          {
            "Node Type": "Aggregate",
            "Strategy": "Plain",
            "Partial Mode": "Partial",
            "Parent Relationship": "Outer",
            "Parallel Aware": false,
            "Startup Cost": 579240.66,
            "Total Cost": 579240.67,
            "Plan Rows": 1,
            "Plan Width": 8,
            "Actual Startup Time": 3487.338,
            "Actual Total Time": 3487.341,
            "Actual Rows": 1,
            "Actual Loops": 2,
            "Plans": [
              {
                "Node Type": "Hash Join",
                "Parent Relationship": "Outer",
                "Parallel Aware": true,
                "Join Type": "Inner",
                "Startup Cost": 55343.45,
                "Total Cost": 577076.81,
                "Plan Rows": 865541,
                "Plan Width": 0,
                "Actual Startup Time": 150.321,
                "Actual Total Time": 3476.936,
                "Actual Rows": 239432,
                "Actual Loops": 2,
                "Inner Unique": true,
                "Hash Cond": "(ci.movie_id = t.id)",
                "Plans": [
                  {
                    "Node Type": "Seq Scan",
                    "Parent Relationship": "Outer",
                    "Parallel Aware": true,
                    "Relation Name": "cast_info",
                    "Alias": "ci",
                    "Startup Cost": 0.0,
                    "Total Cost": 465792.95,
                    "Plan Rows": 21310595,
                    "Plan Width": 4,
                    "Actual Startup Time": 0.014,
                    "Actual Total Time": 1304.631,
                    "Actual Rows": 18122172,
                    "Actual Loops": 2
                  },
                  {
                    "Node Type": "Hash",
                    "Parent Relationship": "Inner",
                    "Parallel Aware": true,
                    "Startup Cost": 54588.39,
                    "Total Cost": 54588.39,
                    "Plan Rows": 60405,
                    "Plan Width": 4,
                    "Actual Startup Time": 147.592,
                    "Actual Total Time": 147.592,
                    "Actual Rows": 51990,
                    "Actual Loops": 2,
                    "Hash Buckets": 131072,
                    "Original Hash Buckets": 131072,
                    "Hash Batches": 1,
                    "Original Hash Batches": 1,
                    "Peak Memory Usage": 5120,
                    "Plans": [
                      {
                        "Node Type": "Seq Scan",
                        "Parent Relationship": "Outer",
                        "Parallel Aware": true,
                        "Relation Name": "title",
                        "Alias": "t",
                        "Startup Cost": 0.0,
                        "Total Cost": 54588.39,
                        "Plan Rows": 60405,
                        "Plan Width": 4,
                        "Actual Startup Time": 70.191,
                        "Actual Total Time": 136.116,
                        "Actual Rows": 51990,
                        "Actual Loops": 2,
                        "Filter": "(production_year < 1926)",
                        "Rows Removed by Filter": 1212166
                      }
                    ]
                  }
                ]
              }
            ]
          }
        ]
      }
    ]
  },
  "Planning Time": 0.647,
  "Triggers": [],
  "Execution Time": 3560.766
}