[
  {
    "Plan": {
      "Node Type": "Aggregate",
      "Strategy": "Plain",
      "Partial Mode": "Finalize",
      "Parallel Aware": false,
      "Startup Cost": 45560.02,
      "Total Cost": 45560.03,
      "Plan Rows": 1,
      "Plan Width": 8,
      "Actual Startup Time": 129.396,
      "Actual Total Time": 138.718,
      "Actual Rows": 1,
      "Actual Loops": 1,
      "Plans": [
        {
          "Node Type": "Gather",
          "Parent Relationship": "Outer",
          "Parallel Aware": false,
          "Startup Cost": 45559.7,
          "Total Cost": 45560.01,
          "Plan Rows": 3,
          "Plan Width": 8,
          "Actual Startup Time": 129.323,
          "Actual Total Time": 138.703,
          "Actual Rows": 4,
          "Actual Loops": 1,
          "Workers Planned": 3,
          "Workers Launched": 3,
          "Single Copy": false,
          "Plans": [
            {
              "Node Type": "Aggregate",
              "Strategy": "Plain",
              "Partial Mode": "Partial",
              "Parent Relationship": "Outer",
              "Parallel Aware": false,
              "Startup Cost": 44559.7,
              "Total Cost": 44559.71,
              "Plan Rows": 1,
              "Plan Width": 8,
              "Actual Startup Time": 126.0,
              "Actual Total Time": 126.001,
              "Actual Rows": 1,
              "Actual Loops": 4,
              "Plans": [
                {
                  "Node Type": "Seq Scan",
                  "Parent Relationship": "Outer",
                  "Parallel Aware": true,
                  "Relation Name": "movie_keyword",
                  "Alias": "mk",
                  "Startup Cost": 0.0,
                  "Total Cost": 42695.65,
                  "Plan Rows": 745619,
                  "Plan Width": 0,
                  "Actual Startup Time": 0.024,
                  "Actual Total Time": 102.004,
                  "Actual Rows": 580958,
                  "Actual Loops": 4,
                  "Filter": "(keyword_id < 5076)",
                  "Rows Removed by Filter": 550024
                }
              ]
            }
          ]
        }
      ]
    },
    "Planning Time": 0.097,
    "Triggers": [],
    "Execution Time": 138.748
  }
]