[
  {
    "Plan": {
      "Node Type": "Aggregate",
      "Strategy": "Plain",
      "Partial Mode": "Finalize",
      "Parallel Aware": false,
      "Startup Cost": 347047.38,
      "Total Cost": 347047.39,
      "Plan Rows": 1,
      "Plan Width": 8,
      "Actual Startup Time": 543.85,
      "Actual Total Time": 575.655,
      "Actual Rows": 1,
      "Actual Loops": 1,
      "Plans": [
        {
          "Node Type": "Gather",
          "Parent Relationship": "Outer",
          "Parallel Aware": false,
          "Startup Cost": 347046.75,
          "Total Cost": 347047.36,
          "Plan Rows": 6,
          "Plan Width": 8,
          "Actual Startup Time": 543.719,
          "Actual Total Time": 575.641,
          "Actual Rows": 7,
          "Actual Loops": 1,
          "Workers Planned": 6,
          "Workers Launched": 6,
          "Single Copy": false,
          "Plans": [
            {
              "Node Type": "Aggregate",
              "Strategy": "Plain",
              "Partial Mode": "Partial",
              "Parent Relationship": "Outer",
              "Parallel Aware": false,
              "Startup Cost": 346046.75,
              "Total Cost": 346046.76,
              "Plan Rows": 1,
              "Plan Width": 8,
              "Actual Startup Time": 536.259,
              "Actual Total Time": 536.261,
              "Actual Rows": 1,
              "Actual Loops": 7,
              "Plans": [
                {
                  "Node Type": "Index Scan",
                  "Parent Relationship": "Outer",
                  "Parallel Aware": true,
                  "Scan Direction": "Forward",
                  "Index Name": "role_id_cast_info",
                  "Relation Name": "cast_info",
                  "Alias": "ci",
                  "Startup Cost": 0.56,
                  "Total Cost": 341155.22,
                  "Plan Rows": 1956613,
                  "Plan Width": 0,
                  "Actual Startup Time": 78.104,
                  "Actual Total Time": 450.55,
                  "Actual Rows": 1518331,
                  "Actual Loops": 7,
                  "Index Cond": "(role_id = 1)",
                  "Rows Removed by Index Recheck": 0,
                  "Filter": "(person_id > 274544)",
                  "Rows Removed by Filter": 291767
                }
              ]
            }
          ]
        }
      ]
    },
    "Planning Time": 0.077,
    "Triggers": [],
    "Execution Time": 575.694
  }
]