[
  {
    "Plan": {
      "Node Type": "Aggregate",
      "Strategy": "Plain",
      "Partial Mode": "Finalize",
      "Parallel Aware": false,
      "Startup Cost": 74756.59,
      "Total Cost": 74756.6,
      "Plan Rows": 1,
      "Plan Width": 8,
      "Actual Startup Time": 212.864,
      "Actual Total Time": 224.113,
      "Actual Rows": 1,
      "Actual Loops": 1,
      "Plans": [
        {
          "Node Type": "Gather",
          "Parent Relationship": "Outer",
          "Parallel Aware": false,
          "Startup Cost": 74756.27,
          "Total Cost": 74756.58,
          "Plan Rows": 3,
          "Plan Width": 8,
          "Actual Startup Time": 212.517,
          "Actual Total Time": 224.107,
          "Actual Rows": 4,
          "Actual Loops": 1,
          "Workers Planned": 3,
          "Workers Launched": 3,
          "Single Copy": false,
          "Plans": [
            {
              "Node Type": "Aggregate",
              "Strategy": "Plain",
              "Partial Mode": "Partial",
              "Parent Relationship": "Outer",
              "Parallel Aware": false,
              "Startup Cost": 73756.27,
              "Total Cost": 73756.28,
              "Plan Rows": 1,
              "Plan Width": 8,
              "Actual Startup Time": 209.64,
              "Actual Total Time": 209.643,
              "Actual Rows": 1,
              "Actual Loops": 4,
              "Plans": [
                {
                  "Node Type": "Hash Join",
                  "Parent Relationship": "Outer",
                  "Parallel Aware": true,
                  "Join Type": "Inner",
                  "Startup Cost": 44247.56,
                  "Total Cost": 73663.45,
                  "Plan Rows": 37130,
                  "Plan Width": 0,
                  "Actual Startup Time": 102.165,
                  "Actual Total Time": 207.296,
                  "Actual Rows": 52016,
                  "Actual Loops": 4,
                  "Inner Unique": true,
                  "Hash Cond": "(mc.movie_id = t.id)",
                  "Plans": [
                    {
                      "Node Type": "Seq Scan",
                      "Parent Relationship": "Outer",
                      "Parallel Aware": true,
                      "Relation Name": "movie_companies",
                      "Alias": "mc",
                      "Startup Cost": 0.0,
                      "Total Cost": 27206.55,
                      "Plan Rows": 841655,
                      "Plan Width": 4,
                      "Actual Startup Time": 0.017,
                      "Actual Total Time": 53.647,
                      "Actual Rows": 652282,
                      "Actual Loops": 4
                    },
                    {
                      "Node Type": "Hash",
                      "Parent Relationship": "Inner",
                      "Parallel Aware": true,
                      "Startup Cost": 43899.01,
                      "Total Cost": 43899.01,
                      "Plan Rows": 27884,
                      "Plan Width": 4,
                      "Actual Startup Time": 79.105,
                      "Actual Total Time": 79.106,
                      "Actual Rows": 27436,
                      "Actual Loops": 4,
                      "Hash Buckets": 131072,
                      "Original Hash Buckets": 131072,
                      "Hash Batches": 1,
                      "Original Hash Batches": 1,
                      "Peak Memory Usage": 5376,
                      "Plans": [
                        {
                          "Node Type": "Seq Scan",
                          "Parent Relationship": "Outer",
                          "Parallel Aware": true,
                          "Relation Name": "title",
                          "Alias": "t",
                          "Startup Cost": 0.0,
                          "Total Cost": 43899.01,
                          "Plan Rows": 27884,
                          "Plan Width": 4,
                          "Actual Startup Time": 34.239,
                          "Actual Total Time": 71.436,
                          "Actual Rows": 27436,
                          "Actual Loops": 4,
                          "Filter": "(production_year < 1928)",
                          "Rows Removed by Filter": 604642
                        }
                      ]
                    }
                  ]
                }
              ]
            }
          ]
        }
      ]
    },
    "Planning Time": 0.225,
    "Triggers": [],
    "Execution Time": 224.142
  }
]