[
  {
    "Plan": {
      "Node Type": "Aggregate",
      "Strategy": "Plain",
      "Partial Mode": "Finalize",
      "Parallel Aware": false,
      "Startup Cost": 33064.62,
      "Total Cost": 33064.63,
      "Plan Rows": 1,
      "Plan Width": 8,
      "Actual Startup Time": 101.591,
      "Actual Total Time": 108.798,
      "Actual Rows": 1,
      "Actual Loops": 1,
      "Plans": [
        {
          "Node Type": "Gather",
          "Parent Relationship": "Outer",
          "Parallel Aware": false,
          "Startup Cost": 33064.3,
          "Total Cost": 33064.61,
          "Plan Rows": 3,
          "Plan Width": 8,
          "Actual Startup Time": 101.397,
          "Actual Total Time": 108.791,
          "Actual Rows": 4,
          "Actual Loops": 1,
          "Workers Planned": 3,
          "Workers Launched": 3,
          "Single Copy": false,
          "Plans": [
            {
              "Node Type": "Aggregate",
              "Strategy": "Plain",
              "Partial Mode": "Partial",
              "Parent Relationship": "Outer",
              "Parallel Aware": false,
              "Startup Cost": 32064.3,
              "Total Cost": 32064.31,
              "Plan Rows": 1,
              "Plan Width": 8,
              "Actual Startup Time": 93.366,
              "Actual Total Time": 93.367,
              "Actual Rows": 1,
              "Actual Loops": 4,
              "Plans": [
                {
                  "Node Type": "Seq Scan",
                  "Parent Relationship": "Outer",
                  "Parallel Aware": true,
                  "Relation Name": "movie_companies",
                  "Alias": "mc",
                  "Startup Cost": 0.0,
                  "Total Cost": 31414.82,
                  "Plan Rows": 259793,
                  "Plan Width": 0,
                  "Actual Startup Time": 48.56,
                  "Actual Total Time": 83.274,
                  "Actual Rows": 256015,
                  "Actual Loops": 4,
                  "Filter": "((company_id > 5427) AND (company_type_id = 2))",
                  "Rows Removed by Filter": 396267
                }
              ]
            }
          ]
        }
      ]
    },
    "Planning Time": 0.217,
    "Triggers": [],
    "Execution Time": 108.855
  }
]