[
  {
    "Plan": {
      "Node Type": "Aggregate",
      "Strategy": "Plain",
      "Partial Mode": "Finalize",
      "Parallel Aware": false,
      "Startup Cost": 255716.5,
      "Total Cost": 255716.51,
      "Plan Rows": 1,
      "Plan Width": 8,
      "Actual Startup Time": 752.19,
      "Actual Total Time": 778.25,
      "Actual Rows": 1,
      "Actual Loops": 1,
      "Plans": [
        {
          "Node Type": "Gather",
          "Parent Relationship": "Outer",
          "Parallel Aware": false,
          "Startup Cost": 255715.98,
          "Total Cost": 255716.49,
          "Plan Rows": 5,
          "Plan Width": 8,
          "Actual Startup Time": 740.116,
          "Actual Total Time": 778.237,
          "Actual Rows": 6,
          "Actual Loops": 1,
          "Workers Planned": 5,
          "Workers Launched": 5,
          "Single Copy": false,
          "Plans": [
            {
              "Node Type": "Aggregate",
              "Strategy": "Plain",
              "Partial Mode": "Partial",
              "Parent Relationship": "Outer",
              "Parallel Aware": false,
              "Startup Cost": 254715.98,
              "Total Cost": 254715.99,
              "Plan Rows": 1,
              "Plan Width": 8,
              "Actual Startup Time": 729.222,
              "Actual Total Time": 729.319,
              "Actual Rows": 1,
              "Actual Loops": 6,
              "Plans": [
                {
                  "Node Type": "Hash Join",
                  "Parent Relationship": "Outer",
                  "Parallel Aware": true,
                  "Join Type": "Inner",
                  "Startup Cost": 95045.78,
                  "Total Cost": 254028.02,
                  "Plan Rows": 275184,
                  "Plan Width": 0,
                  "Actual Startup Time": 353.542,
                  "Actual Total Time": 713.826,
                  "Actual Rows": 305321,
                  "Actual Loops": 6,
                  "Inner Unique": false,
                  "Hash Cond": "(ci.movie_id = t.id)",
                  "Plans": [
                    {
                      "Node Type": "Index Scan",
                      "Parent Relationship": "Outer",
                      "Parallel Aware": true,
                      "Scan Direction": "Forward",
                      "Index Name": "role_id_cast_info",
                      "Relation Name": "cast_info",
                      "Alias": "ci",
                      "Startup Cost": 0.56,
                      "Total Cost": 153789.42,
                      "Plan Rows": 1148186,
                      "Plan Width": 4,
                      "Actual Startup Time": 0.067,
                      "Actual Total Time": 186.249,
                      "Actual Rows": 955449,
                      "Actual Loops": 6,
                      "Index Cond": "(role_id > 8)",
                      "Rows Removed by Index Recheck": 0
                    },
                    {
                      "Node Type": "Hash",
                      "Parent Relationship": "Inner",
                      "Parallel Aware": true,
                      "Startup Cost": 92601.86,
                      "Total Cost": 92601.86,
                      "Plan Rows": 195468,
                      "Plan Width": 8,
                      "Actual Startup Time": 347.966,
                      "Actual Total Time": 348.061,
                      "Actual Rows": 27462,
                      "Actual Loops": 6,
                      "Hash Buckets": 1048576,
                      "Original Hash Buckets": 1048576,
                      "Hash Batches": 1,
                      "Original Hash Batches": 1,
                      "Peak Memory Usage": 14784,
                      "Plans": [
                        {
                          "Node Type": "Hash Join",
                          "Parent Relationship": "Outer",
                          "Parallel Aware": true,
                          "Join Type": "Inner",
                          "Startup Cost": 48612.35,
                          "Total Cost": 92601.86,
                          "Plan Rows": 195468,
                          "Plan Width": 8,
                          "Actual Startup Time": 212.902,
                          "Actual Total Time": 333.68,
                          "Actual Rows": 27462,
                          "Actual Loops": 6,
                          "Inner Unique": true,
                          "Hash Cond": "(mk.movie_id = t.id)",
                          "Plans": [
                            {
                              "Node Type": "Seq Scan",
                              "Parent Relationship": "Outer",
                              "Parallel Aware": true,
                              "Relation Name": "movie_keyword",
                              "Alias": "mk",
                              "Startup Cost": 0.0,
                              "Total Cost": 42695.65,
                              "Plan Rows": 492899,
                              "Plan Width": 4,
                              "Actual Startup Time": 0.574,
                              "Actual Total Time": 82.31,
                              "Actual Rows": 255711,
                              "Actual Loops": 6,
                              "Filter": "(keyword_id > 10403)",
                              "Rows Removed by Filter": 498277
                            },
                            {
                              "Node Type": "Hash",
                              "Parent Relationship": "Inner",
                              "Parallel Aware": true,
                              "Startup Cost": 45479.1,
                              "Total Cost": 45479.1,
                              "Plan Rows": 250660,
                              "Plan Width": 4,
                              "Actual Startup Time": 210.442,
                              "Actual Total Time": 210.444,
                              "Actual Rows": 183182,
                              "Actual Loops": 6,
                              "Hash Buckets": 2097152,
                              "Original Hash Buckets": 1048576,
                              "Hash Batches": 1,
                              "Original Hash Batches": 1,
                              "Peak Memory Usage": 67680,
                              "Plans": [
                                {
                                  "Node Type": "Seq Scan",
                                  "Parent Relationship": "Outer",
                                  "Parallel Aware": true,
                                  "Relation Name": "title",
                                  "Alias": "t",
                                  "Startup Cost": 0.0,
                                  "Total Cost": 45479.1,
                                  "Plan Rows": 250660,
                                  "Plan Width": 4,
                                  "Actual Startup Time": 0.049,
                                  "Actual Total Time": 94.295,
                                  "Actual Rows": 183182,
                                  "Actual Loops": 6,
                                  "Filter": "((production_year > 1994) AND (kind_id = 7))",
                                  "Rows Removed by Filter": 238203
                                }
                              ]
                            }
                          ]
                        }
                      ]
                    }
                  ]
                }
              ]
            }
          ]
        }
      ]
    },
    "Planning Time": 1.422,
    "Triggers": [],
    "Execution Time": 778.352
  }
]