[
  {
    "Plan": {
      "Node Type": "Aggregate",
      "Strategy": "Plain",
      "Partial Mode": "Finalize",
      "Parallel Aware": false,
      "Startup Cost": 44465.17,
      "Total Cost": 44465.18,
      "Plan Rows": 1,
      "Plan Width": 8,
      "Actual Startup Time": 120.938,
      "Actual Total Time": 128.078,
      "Actual Rows": 1,
      "Actual Loops": 1,
      "Plans": [
        {
          "Node Type": "Gather",
          "Parent Relationship": "Outer",
          "Parallel Aware": false,
          "Startup Cost": 44464.86,
          "Total Cost": 44465.17,
          "Plan Rows": 3,
          "Plan Width": 8,
          "Actual Startup Time": 120.831,
          "Actual Total Time": 128.07,
          "Actual Rows": 4,
          "Actual Loops": 1,
          "Workers Planned": 3,
          "Workers Launched": 3,
          "Single Copy": false,
          "Plans": [
            {
              "Node Type": "Aggregate",
              "Strategy": "Plain",
              "Partial Mode": "Partial",
              "Parent Relationship": "Outer",
              "Parallel Aware": false,
              "Startup Cost": 43464.86,
              "Total Cost": 43464.87,
              "Plan Rows": 1,
              "Plan Width": 8,
              "Actual Startup Time": 114.587,
              "Actual Total Time": 114.588,
              "Actual Rows": 1,
              "Actual Loops": 4,
              "Plans": [
                {
                  "Node Type": "Seq Scan",
                  "Parent Relationship": "Outer",
                  "Parallel Aware": true,
                  "Relation Name": "movie_keyword",
                  "Alias": "mk",
                  "Startup Cost": 0.0,
                  "Total Cost": 42695.65,
                  "Plan Rows": 307681,
                  "Plan Width": 0,
                  "Actual Startup Time": 2.717,
                  "Actual Total Time": 102.556,
                  "Actual Rows": 238245,
                  "Actual Loops": 4,
                  "Filter": "(keyword_id > 19918)",
                  "Rows Removed by Filter": 892737
                }
              ]
            }
          ]
        }
      ]
    },
    "Planning Time": 0.119,
    "Triggers": [],
    "Execution Time": 128.115
  }
]