{
  "Plan": {
    "Node Type": "Aggregate",
    "Strategy": "Plain",
    "Partial Mode": "Finalize",
    "Parallel Aware": false,
    "Startup Cost": 1093342.89,
    "Total Cost": 1093342.9,
    "Plan Rows": 1,
    "Plan Width": 8,
    "Actual Startup Time": 16864.07,
    "Actual Total Time": 16970.458,
    "Actual Rows": 1,
    "Actual Loops": 1,
    "Plans": [
      {
        "Node Type": "Gather",
        "Parent Relationship": "Outer",
        "Parallel Aware": false,
        "Startup Cost": 1093342.78,
        "Total Cost": 1093342.89,
        "Plan Rows": 1,
        "Plan Width": 8,
        "Actual Startup Time": 16854.766,
        "Actual Total Time": 16970.45,
        "Actual Rows": 2,
        "Actual Loops": 1,
        "Workers Planned": 1,
        "Workers Launched": 1,
        "Single Copy": false,
        "Plans": [
          {
            "Node Type": "Aggregate",
            "Strategy": "Plain",
            "Partial Mode": "Partial",
            "Parent Relationship": "Outer",
            "Parallel Aware": false,
            "Startup Cost": 1092342.78,
            "Total Cost": 1092342.79,
            "Plan Rows": 1,
            "Plan Width": 8,
            "Actual Startup Time": 16834.691,
            "Actual Total Time": 16834.696,
            "Actual Rows": 1,
            "Actual Loops": 2,
            "Plans": [
              {
                "Node Type": "Hash Join",
                "Parent Relationship": "Outer",
                "Parallel Aware": true,
                "Join Type": "Inner",
                "Startup Cost": 644025.57,
                "Total Cost": 1052336.29,
                "Plan Rows": 16002594,
                "Plan Width": 0,
                "Actual Startup Time": 4470.18,
                "Actual Total Time": 14192.688,
                "Actual Rows": 65270364,
                "Actual Loops": 2,
                "Inner Unique": false,
                "Hash Cond": "(mi.movie_id = t.id)",
                "Plans": [
                  {
                    "Node Type": "Seq Scan",
                    "Parent Relationship": "Outer",
                    "Parallel Aware": true,
                    "Relation Name": "movie_info",
                    "Alias": "mi",
                    "Startup Cost": 0.0,
                    "Total Cost": 248955.74,
                    "Plan Rows": 8696274,
                    "Plan Width": 4,
                    "Actual Startup Time": 0.016,
                    "Actual Total Time": 650.71,
                    "Actual Rows": 7417860,
                    "Actual Loops": 2
                  },
                  {
                    "Node Type": "Hash",
                    "Parent Relationship": "Inner",
                    "Parallel Aware": true,
                    "Startup Cost": 609816.14,
                    "Total Cost": 609816.14,
                    "Plan Rows": 2736754,
                    "Plan Width": 8,
                    "Actual Startup Time": 4433.755,
                    "Actual Total Time": 4433.758,
                    "Actual Rows": 2353610,
                    "Actual Loops": 2,
                    "Hash Buckets": 8388608,
                    "Original Hash Buckets": 8388608,
                    "Hash Batches": 1,
                    "Original Hash Batches": 1,
                    "Peak Memory Usage": 249728,
                    "Plans": [
                      {
                        "Node Type": "Hash Join",
                        "Parent Relationship": "Outer",
                        "Parallel Aware": true,
                        "Join Type": "Inner",
                        "Startup Cost": 63145.07,
                        "Total Cost": 609816.14,
                        "Plan Rows": 2736754,
                        "Plan Width": 8,
                        "Actual Startup Time": 643.203,
                        "Actual Total Time": 3661.701,
                        "Actual Rows": 2353610,
                        "Actual Loops": 2,
                        "Inner Unique": true,
                        "Hash Cond": "(ci.movie_id = t.id)",
                        "Plans": [
                          {
                            "Node Type": "Seq Scan",
                            "Parent Relationship": "Outer",
                            "Parallel Aware": true,
                            "Relation Name": "cast_info",
                            "Alias": "ci",
                            "Startup Cost": 0.0,
                            "Total Cost": 519069.44,
                            "Plan Rows": 10514892,
                            "Plan Width": 4,
                            "Actual Startup Time": 419.089,
                            "Actual Total Time": 1450.308,
                            "Actual Rows": 8935786,
                            "Actual Loops": 2,
                            "Filter": "(person_id > 1825843)",
                            "Rows Removed by Filter": 9186386
                          },
                          {
                            "Node Type": "Hash",
                            "Parent Relationship": "Inner",
                            "Parallel Aware": true,
                            "Startup Cost": 58306.47,
                            "Total Cost": 58306.47,
                            "Plan Rows": 387088,
                            "Plan Width": 4,
                            "Actual Startup Time": 221.256,
                            "Actual Total Time": 221.257,
                            "Actual Rows": 277780,
                            "Actual Loops": 2,
                            "Hash Buckets": 1048576,
                            "Original Hash Buckets": 1048576,
                            "Hash Batches": 1,
                            "Original Hash Batches": 1,
                            "Peak Memory Usage": 29952,
                            "Plans": [
                              {
                                "Node Type": "Seq Scan",
                                "Parent Relationship": "Outer",
                                "Parallel Aware": true,
                                "Relation Name": "title",
                                "Alias": "t",
                                "Startup Cost": 0.0,
                                "Total Cost": 58306.47,
                                "Plan Rows": 387088,
                                "Plan Width": 4,
                                "Actual Startup Time": 0.036,
                                "Actual Total Time": 149.995,
                                "Actual Rows": 277780,
                                "Actual Loops": 2,
                                "Filter": "((kind_id < 7) AND (production_year > 1993))",
                                "Rows Removed by Filter": 986376
                              }
                            ]
                          }
                        ]
                      }
                    ]
                  }
                ]
              }
            ]
          }
        ]
      }
    ]
  },
  "Planning Time": 0.96,
  "Triggers": [],
  "Execution Time": 16970.559
}