[
  {
    "Plan": {
      "Node Type": "Aggregate",
      "Strategy": "Plain",
      "Partial Mode": "Finalize",
      "Parallel Aware": false,
      "Startup Cost": 338892.51,
      "Total Cost": 338892.52,
      "Plan Rows": 1,
      "Plan Width": 8,
      "Actual Startup Time": 770.314,
      "Actual Total Time": 826.43,
      "Actual Rows": 1,
      "Actual Loops": 1,
      "Plans": [
        {
          "Node Type": "Gather",
          "Parent Relationship": "Outer",
          "Parallel Aware": false,
          "Startup Cost": 338891.88,
          "Total Cost": 338892.49,
          "Plan Rows": 6,
          "Plan Width": 8,
          "Actual Startup Time": 770.203,
          "Actual Total Time": 826.42,
          "Actual Rows": 7,
          "Actual Loops": 1,
          "Workers Planned": 6,
          "Workers Launched": 6,
          "Single Copy": false,
          "Plans": [
            {
              "Node Type": "Aggregate",
              "Strategy": "Plain",
              "Partial Mode": "Partial",
              "Parent Relationship": "Outer",
              "Parallel Aware": false,
              "Startup Cost": 337891.88,
              "Total Cost": 337891.89,
              "Plan Rows": 1,
              "Plan Width": 8,
              "Actual Startup Time": 761.906,
              "Actual Total Time": 761.907,
              "Actual Rows": 1,
              "Actual Loops": 7,
              "Plans": [
                {
                  "Node Type": "Seq Scan",
                  "Parent Relationship": "Outer",
                  "Parallel Aware": true,
                  "Relation Name": "cast_info",
                  "Alias": "ci",
                  "Startup Cost": 0.0,
                  "Total Cost": 328162.03,
                  "Plan Rows": 3891942,
                  "Plan Width": 0,
                  "Actual Startup Time": 0.047,
                  "Actual Total Time": 612.206,
                  "Actual Rows": 3344240,
                  "Actual Loops": 7,
                  "Filter": "(person_id < 2395779)",
                  "Rows Removed by Filter": 1833523
                }
              ]
            }
          ]
        }
      ]
    },
    "Planning Time": 0.131,
    "Triggers": [],
    "Execution Time": 826.485
  }
]