[
  {
    "Plan": {
      "Node Type": "Aggregate",
      "Strategy": "Plain",
      "Partial Mode": "Finalize",
      "Parallel Aware": false,
      "Startup Cost": 65081.06,
      "Total Cost": 65081.07,
      "Plan Rows": 1,
      "Plan Width": 8,
      "Actual Startup Time": 105.419,
      "Actual Total Time": 120.073,
      "Actual Rows": 1,
      "Actual Loops": 1,
      "Plans": [
        {
          "Node Type": "Gather",
          "Parent Relationship": "Outer",
          "Parallel Aware": false,
          "Startup Cost": 65080.64,
          "Total Cost": 65081.05,
          "Plan Rows": 4,
          "Plan Width": 8,
          "Actual Startup Time": 105.287,
          "Actual Total Time": 120.065,
          "Actual Rows": 5,
          "Actual Loops": 1,
          "Workers Planned": 4,
          "Workers Launched": 4,
          "Single Copy": false,
          "Plans": [
            {
              "Node Type": "Aggregate",
              "Strategy": "Plain",
              "Partial Mode": "Partial",
              "Parent Relationship": "Outer",
              "Parallel Aware": false,
              "Startup Cost": 64080.64,
              "Total Cost": 64080.65,
              "Plan Rows": 1,
              "Plan Width": 8,
              "Actual Startup Time": 95.325,
              "Actual Total Time": 95.327,
              "Actual Rows": 1,
              "Actual Loops": 5,
              "Plans": [
                {
                  "Node Type": "Nested Loop",
                  "Parent Relationship": "Outer",
                  "Parallel Aware": false,
                  "Join Type": "Inner",
                  "Startup Cost": 0.43,
                  "Total Cost": 64079.94,
                  "Plan Rows": 278,
                  "Plan Width": 0,
                  "Actual Startup Time": 8.843,
                  "Actual Total Time": 95.23,
                  "Actual Rows": 755,
                  "Actual Loops": 5,
                  "Inner Unique": false,
                  "Plans": [
                    {
                      "Node Type": "Seq Scan",
                      "Parent Relationship": "Outer",
                      "Parallel Aware": true,
                      "Relation Name": "title",
                      "Alias": "t",
                      "Startup Cost": 0.0,
                      "Total Cost": 45479.1,
                      "Plan Rows": 1388,
                      "Plan Width": 4,
                      "Actual Startup Time": 1.891,
                      "Actual Total Time": 80.908,
                      "Actual Rows": 1172,
                      "Actual Loops": 5,
                      "Filter": "((kind_id < 7) AND (production_year = 1969))",
                      "Rows Removed by Filter": 504490
                    },
                    {
                      "Node Type": "Index Scan",
                      "Parent Relationship": "Inner",
                      "Parallel Aware": false,
                      "Scan Direction": "Forward",
                      "Index Name": "movie_id_movie_companies",
                      "Relation Name": "movie_companies",
                      "Alias": "mc",
                      "Startup Cost": 0.43,
                      "Total Cost": 13.39,
                      "Plan Rows": 1,
                      "Plan Width": 4,
                      "Actual Startup Time": 0.012,
                      "Actual Total Time": 0.012,
                      "Actual Rows": 1,
                      "Actual Loops": 5861,
                      "Index Cond": "(movie_id = t.id)",
                      "Rows Removed by Index Recheck": 0,
                      "Filter": "((company_id > 16339) AND (company_type_id = 2))",
                      "Rows Removed by Filter": 1
                    }
                  ]
                }
              ]
            }
          ]
        }
      ]
    },
    "Planning Time": 0.681,
    "Triggers": [],
    "Execution Time": 120.144
  }
]