[
  {
    "Plan": {
      "Node Type": "Aggregate",
      "Strategy": "Plain",
      "Partial Mode": "Finalize",
      "Parallel Aware": false,
      "Startup Cost": 70409.51,
      "Total Cost": 70409.52,
      "Plan Rows": 1,
      "Plan Width": 8,
      "Actual Startup Time": 186.255,
      "Actual Total Time": 197.123,
      "Actual Rows": 1,
      "Actual Loops": 1,
      "Plans": [
        {
          "Node Type": "Gather",
          "Parent Relationship": "Outer",
          "Parallel Aware": false,
          "Startup Cost": 70409.19,
          "Total Cost": 70409.5,
          "Plan Rows": 3,
          "Plan Width": 8,
          "Actual Startup Time": 185.59,
          "Actual Total Time": 197.113,
          "Actual Rows": 4,
          "Actual Loops": 1,
          "Workers Planned": 3,
          "Workers Launched": 3,
          "Single Copy": false,
          "Plans": [
            {
              "Node Type": "Aggregate",
              "Strategy": "Plain",
              "Partial Mode": "Partial",
              "Parent Relationship": "Outer",
              "Parallel Aware": false,
              "Startup Cost": 69409.19,
              "Total Cost": 69409.2,
              "Plan Rows": 1,
              "Plan Width": 8,
              "Actual Startup Time": 179.408,
              "Actual Total Time": 179.412,
              "Actual Rows": 1,
              "Actual Loops": 4,
              "Plans": [
                {
                  "Node Type": "Hash Join",
                  "Parent Relationship": "Outer",
                  "Parallel Aware": true,
                  "Join Type": "Inner",
                  "Startup Cost": 39007.32,
                  "Total Cost": 69364.06,
                  "Plan Rows": 18053,
                  "Plan Width": 0,
                  "Actual Startup Time": 72.741,
                  "Actual Total Time": 177.985,
                  "Actual Rows": 26466,
                  "Actual Loops": 4,
                  "Inner Unique": true,
                  "Hash Cond": "(mc.movie_id = t.id)",
                  "Plans": [
                    {
                      "Node Type": "Seq Scan",
                      "Parent Relationship": "Outer",
                      "Parallel Aware": true,
                      "Relation Name": "movie_companies",
                      "Alias": "mc",
                      "Startup Cost": 0.0,
                      "Total Cost": 29310.68,
                      "Plan Rows": 398500,
                      "Plan Width": 4,
                      "Actual Startup Time": 10.433,
                      "Actual Total Time": 72.399,
                      "Actual Rows": 305967,
                      "Actual Loops": 4,
                      "Filter": "(company_id > 11961)",
                      "Rows Removed by Filter": 346315
                    },
                    {
                      "Node Type": "Hash",
                      "Parent Relationship": "Inner",
                      "Parallel Aware": true,
                      "Startup Cost": 38649.37,
                      "Total Cost": 38649.37,
                      "Plan Rows": 28636,
                      "Plan Width": 4,
                      "Actual Startup Time": 60.855,
                      "Actual Total Time": 60.857,
                      "Actual Rows": 29193,
                      "Actual Loops": 4,
                      "Hash Buckets": 131072,
                      "Original Hash Buckets": 131072,
                      "Hash Batches": 1,
                      "Original Hash Batches": 1,
                      "Peak Memory Usage": 5632,
                      "Plans": [
                        {
                          "Node Type": "Bitmap Heap Scan",
                          "Parent Relationship": "Outer",
                          "Parallel Aware": true,
                          "Relation Name": "title",
                          "Alias": "t",
                          "Startup Cost": 2195.93,
                          "Total Cost": 38649.37,
                          "Plan Rows": 28636,
                          "Plan Width": 4,
                          "Actual Startup Time": 16.628,
                          "Actual Total Time": 50.794,
                          "Actual Rows": 29193,
                          "Actual Loops": 4,
                          "Recheck Cond": "(kind_id = 4)",
                          "Rows Removed by Index Recheck": 0,
                          "Filter": "(production_year < 2013)",
                          "Rows Removed by Filter": 366,
                          "Exact Heap Blocks": 7435,
                          "Lossy Heap Blocks": 0,
                          "Plans": [
                            {
                              "Node Type": "Bitmap Index Scan",
                              "Parent Relationship": "Outer",
                              "Parallel Aware": false,
                              "Index Name": "kind_id_title",
                              "Startup Cost": 0.0,
                              "Total Cost": 2167.3,
                              "Plan Rows": 121449,
                              "Plan Width": 0,
                              "Actual Startup Time": 15.109,
                              "Actual Total Time": 15.109,
                              "Actual Rows": 118234,
                              "Actual Loops": 1,
                              "Index Cond": "(kind_id = 4)"
                            }
                          ]
                        }
                      ]
                    }
                  ]
                }
              ]
            }
          ]
        }
      ]
    },
    "Planning Time": 0.619,
    "Triggers": [],
    "Execution Time": 197.209
  }
]