[
  {
    "Plan": {
      "Node Type": "Aggregate",
      "Strategy": "Plain",
      "Partial Mode": "Finalize",
      "Parallel Aware": false,
      "Startup Cost": 70417.17,
      "Total Cost": 70417.18,
      "Plan Rows": 1,
      "Plan Width": 8,
      "Actual Startup Time": 199.792,
      "Actual Total Time": 210.812,
      "Actual Rows": 1,
      "Actual Loops": 1,
      "Plans": [
        {
          "Node Type": "Gather",
          "Parent Relationship": "Outer",
          "Parallel Aware": false,
          "Startup Cost": 70416.85,
          "Total Cost": 70417.16,
          "Plan Rows": 3,
          "Plan Width": 8,
          "Actual Startup Time": 199.112,
          "Actual Total Time": 210.8,
          "Actual Rows": 4,
          "Actual Loops": 1,
          "Workers Planned": 3,
          "Workers Launched": 3,
          "Single Copy": false,
          "Plans": [
            {
              "Node Type": "Aggregate",
              "Strategy": "Plain",
              "Partial Mode": "Partial",
              "Parent Relationship": "Outer",
              "Parallel Aware": false,
              "Startup Cost": 69416.85,
              "Total Cost": 69416.86,
              "Plan Rows": 1,
              "Plan Width": 8,
              "Actual Startup Time": 189.956,
              "Actual Total Time": 189.96,
              "Actual Rows": 1,
              "Actual Loops": 4,
              "Plans": [
                {
                  "Node Type": "Hash Join",
                  "Parent Relationship": "Outer",
                  "Parallel Aware": true,
                  "Join Type": "Inner",
                  "Startup Cost": 39026.67,
                  "Total Cost": 69371.88,
                  "Plan Rows": 17989,
                  "Plan Width": 0,
                  "Actual Startup Time": 77.692,
                  "Actual Total Time": 188.501,
                  "Actual Rows": 26466,
                  "Actual Loops": 4,
                  "Inner Unique": true,
                  "Hash Cond": "(mc.movie_id = t.id)",
                  "Plans": [
                    {
                      "Node Type": "Seq Scan",
                      "Parent Relationship": "Outer",
                      "Parallel Aware": true,
                      "Relation Name": "movie_companies",
                      "Alias": "mc",
                      "Startup Cost": 0.0,
                      "Total Cost": 29310.68,
                      "Plan Rows": 394108,
                      "Plan Width": 4,
                      "Actual Startup Time": 10.424,
                      "Actual Total Time": 75.23,
                      "Actual Rows": 305967,
                      "Actual Loops": 4,
                      "Filter": "(company_id > 11961)",
                      "Rows Removed by Filter": 346315
                    },
                    {
                      "Node Type": "Hash",
                      "Parent Relationship": "Inner",
                      "Parallel Aware": true,
                      "Startup Cost": 38666.04,
                      "Total Cost": 38666.04,
                      "Plan Rows": 28850,
                      "Plan Width": 4,
                      "Actual Startup Time": 65.59,
                      "Actual Total Time": 65.592,
                      "Actual Rows": 29193,
                      "Actual Loops": 4,
                      "Hash Buckets": 131072,
                      "Original Hash Buckets": 131072,
                      "Hash Batches": 1,
                      "Original Hash Batches": 1,
                      "Peak Memory Usage": 5664,
                      "Plans": [
                        {
                          "Node Type": "Bitmap Heap Scan",
                          "Parent Relationship": "Outer",
                          "Parallel Aware": true,
                          "Relation Name": "title",
                          "Alias": "t",
                          "Startup Cost": 2209.79,
                          "Total Cost": 38666.04,
                          "Plan Rows": 28850,
                          "Plan Width": 4,
                          "Actual Startup Time": 14.167,
                          "Actual Total Time": 52.407,
                          "Actual Rows": 29193,
                          "Actual Loops": 4,
                          "Recheck Cond": "(kind_id = 4)",
                          "Rows Removed by Index Recheck": 0,
                          "Filter": "(production_year < 2013)",
                          "Rows Removed by Filter": 366,
                          "Exact Heap Blocks": 5921,
                          "Lossy Heap Blocks": 0,
                          "Plans": [
                            {
                              "Node Type": "Bitmap Index Scan",
                              "Parent Relationship": "Outer",
                              "Parallel Aware": false,
                              "Index Name": "kind_id_title",
                              "Startup Cost": 0.0,
                              "Total Cost": 2180.94,
                              "Plan Rows": 122201,
                              "Plan Width": 0,
                              "Actual Startup Time": 14.835,
                              "Actual Total Time": 14.835,
                              "Actual Rows": 118234,
                              "Actual Loops": 1,
                              "Index Cond": "(kind_id = 4)"
                            }
                          ]
                        }
                      ]
                    }
                  ]
                }
              ]
            }
          ]
        }
      ]
    },
    "Planning Time": 0.634,
    "Triggers": [],
    "Execution Time": 210.902
  }
]