{
  "Plan": {
    "Node Type": "Aggregate",
    "Strategy": "Plain",
    "Partial Mode": "Finalize",
    "Parallel Aware": false,
    "Startup Cost": 985121.94,
    "Total Cost": 985121.95,
    "Plan Rows": 1,
    "Plan Width": 8,
    "Actual Startup Time": 6889.076,
    "Actual Total Time": 6973.778,
    "Actual Rows": 1,
    "Actual Loops": 1,
    "Plans": [
      {
        "Node Type": "Gather",
        "Parent Relationship": "Outer",
        "Parallel Aware": false,
        "Startup Cost": 985121.83,
        "Total Cost": 985121.94,
        "Plan Rows": 1,
        "Plan Width": 8,
        "Actual Startup Time": 6886.952,
        "Actual Total Time": 6973.769,
        "Actual Rows": 2,
        "Actual Loops": 1,
        "Workers Planned": 1,
        "Workers Launched": 1,
        "Single Copy": false,
        "Plans": [
          {
            "Node Type": "Aggregate",
            "Strategy": "Plain",
            "Partial Mode": "Partial",
            "Parent Relationship": "Outer",
            "Parallel Aware": false,
            "Startup Cost": 984121.83,
            "Total Cost": 984121.84,
            "Plan Rows": 1,
            "Plan Width": 8,
            "Actual Startup Time": 6880.352,
            "Actual Total Time": 6880.359,
            "Actual Rows": 1,
            "Actual Loops": 2,
            "Plans": [
              {
                "Node Type": "Hash Join",
                "Parent Relationship": "Outer",
                "Parallel Aware": true,
                "Join Type": "Inner",
                "Startup Cost": 624889.91,
                "Total Cost": 980410.73,
                "Plan Rows": 1484441,
                "Plan Width": 0,
                "Actual Startup Time": 3915.453,
                "Actual Total Time": 6632.568,
                "Actual Rows": 6282576,
                "Actual Loops": 2,
                "Inner Unique": false,
                "Hash Cond": "(mi.movie_id = t.id)",
                "Plans": [
                  {
                    "Node Type": "Seq Scan",
                    "Parent Relationship": "Outer",
                    "Parallel Aware": true,
                    "Relation Name": "movie_info",
                    "Alias": "mi",
                    "Startup Cost": 0.0,
                    "Total Cost": 248955.74,
                    "Plan Rows": 8696274,
                    "Plan Width": 4,
                    "Actual Startup Time": 0.016,
                    "Actual Total Time": 667.285,
                    "Actual Rows": 7417860,
                    "Actual Loops": 2
                  },
                  {
                    "Node Type": "Hash",
                    "Parent Relationship": "Inner",
                    "Parallel Aware": true,
                    "Startup Cost": 621716.56,
                    "Total Cost": 621716.56,
                    "Plan Rows": 253868,
                    "Plan Width": 8,
                    "Actual Startup Time": 3868.506,
                    "Actual Total Time": 3868.51,
                    "Actual Rows": 427131,
                    "Actual Loops": 2,
                    "Hash Buckets": 1048576,
                    "Original Hash Buckets": 524288,
                    "Hash Batches": 1,
                    "Original Hash Batches": 1,
                    "Peak Memory Usage": 45728,
                    "Plans": [
                      {
                        "Node Type": "Hash Join",
                        "Parent Relationship": "Outer",
                        "Parallel Aware": true,
                        "Join Type": "Inner",
                        "Startup Cost": 53936.08,
                        "Total Cost": 621716.56,
                        "Plan Rows": 253868,
                        "Plan Width": 8,
                        "Actual Startup Time": 125.601,
                        "Actual Total Time": 3704.793,
                        "Actual Rows": 427131,
                        "Actual Loops": 2,
                        "Inner Unique": true,
                        "Hash Cond": "(ci.movie_id = t.id)",
                        "Plans": [
                          {
                            "Node Type": "Seq Scan",
                            "Parent Relationship": "Outer",
                            "Parallel Aware": true,
                            "Relation Name": "cast_info",
                            "Alias": "ci",
                            "Startup Cost": 0.0,
                            "Total Cost": 519069.44,
                            "Plan Rows": 18556556,
                            "Plan Width": 4,
                            "Actual Startup Time": 0.016,
                            "Actual Total Time": 1924.441,
                            "Actual Rows": 15802604,
                            "Actual Loops": 2,
                            "Filter": "(role_id < 10)",
                            "Rows Removed by Filter": 2319568
                          },
                          {
                            "Node Type": "Hash",
                            "Parent Relationship": "Inner",
                            "Parallel Aware": true,
                            "Startup Cost": 53681.76,
                            "Total Cost": 53681.76,
                            "Plan Rows": 20346,
                            "Plan Width": 4,
                            "Actual Startup Time": 125.066,
                            "Actual Total Time": 125.068,
                            "Actual Rows": 66546,
                            "Actual Loops": 2,
                            "Hash Buckets": 262144,
                            "Original Hash Buckets": 65536,
                            "Hash Batches": 1,
                            "Original Hash Batches": 1,
                            "Peak Memory Usage": 8832,
                            "Plans": [
                              {
                                "Node Type": "Bitmap Heap Scan",
                                "Parent Relationship": "Outer",
                                "Parallel Aware": true,
                                "Relation Name": "title",
                                "Alias": "t",
                                "Startup Cost": 11831.5,
                                "Total Cost": 53681.76,
                                "Plan Rows": 20346,
                                "Plan Width": 4,
                                "Actual Startup Time": 34.806,
                                "Actual Total Time": 101.573,
                                "Actual Rows": 66546,
                                "Actual Loops": 2,
                                "Recheck Cond": "(kind_id = 1)",
                                "Rows Removed by Index Recheck": 0,
                                "Filter": "(production_year < 1937)",
                                "Rows Removed by Filter": 264866,
                                "Exact Heap Blocks": 8774,
                                "Lossy Heap Blocks": 0,
                                "Plans": [
                                  {
                                    "Node Type": "Bitmap Index Scan",
                                    "Parent Relationship": "Outer",
                                    "Parallel Aware": false,
                                    "Index Name": "kind_id_title",
                                    "Startup Cost": 0.0,
                                    "Total Cost": 11822.85,
                                    "Plan Rows": 663256,
                                    "Plan Width": 0,
                                    "Actual Startup Time": 33.252,
                                    "Actual Total Time": 33.252,
                                    "Actual Rows": 662825,
                                    "Actual Loops": 1,
                                    "Index Cond": "(kind_id = 1)"
                                  }
                                ]
                              }
                            ]
                          }
                        ]
                      }
                    ]
                  }
                ]
              }
            ]
          }
        ]
      }
    ]
  },
  "Planning Time": 1.021,
  "Triggers": [],
  "Execution Time": 6973.946
}