{
  "Plan": {
    "Node Type": "Aggregate",
    "Strategy": "Plain",
    "Partial Mode": "Finalize",
    "Parallel Aware": false,
    "Startup Cost": 75258.39,
    "Total Cost": 75258.4,
    "Plan Rows": 1,
    "Plan Width": 8,
    "Actual Startup Time": 162.022,
    "Actual Total Time": 178.042,
    "Actual Rows": 1,
    "Actual Loops": 1,
    "Plans": [
      {
        "Node Type": "Gather",
        "Parent Relationship": "Outer",
        "Parallel Aware": false,
        "Startup Cost": 75258.28,
        "Total Cost": 75258.39,
        "Plan Rows": 1,
        "Plan Width": 8,
        "Actual Startup Time": 161.915,
        "Actual Total Time": 178.035,
        "Actual Rows": 2,
        "Actual Loops": 1,
        "Workers Planned": 1,
        "Workers Launched": 1,
        "Single Copy": false,
        "Plans": [
          {
            "Node Type": "Aggregate",
            "Strategy": "Plain",
            "Partial Mode": "Partial",
            "Parent Relationship": "Outer",
            "Parallel Aware": false,
            "Startup Cost": 74258.28,
            "Total Cost": 74258.29,
            "Plan Rows": 1,
            "Plan Width": 8,
            "Actual Startup Time": 156.136,
            "Actual Total Time": 156.137,
            "Actual Rows": 1,
            "Actual Loops": 2,
            "Plans": [
              {
                "Node Type": "Nested Loop",
                "Parent Relationship": "Outer",
                "Parallel Aware": false,
                "Join Type": "Inner",
                "Startup Cost": 0.43,
                "Total Cost": 74250.54,
                "Plan Rows": 3095,
                "Plan Width": 0,
                "Actual Startup Time": 92.479,
                "Actual Total Time": 155.978,
                "Actual Rows": 2618,
                "Actual Loops": 2,
                "Inner Unique": false,
                "Plans": [
                  {
                    "Node Type": "Seq Scan",
                    "Parent Relationship": "Outer",
                    "Parallel Aware": true,
                    "Relation Name": "title",
                    "Alias": "t",
                    "Startup Cost": 0.0,
                    "Total Cost": 58306.47,
                    "Plan Rows": 1730,
                    "Plan Width": 4,
                    "Actual Startup Time": 87.141,
                    "Actual Total Time": 136.254,
                    "Actual Rows": 3835,
                    "Actual Loops": 2,
                    "Filter": "((kind_id < 7) AND (production_year = 1915))",
                    "Rows Removed by Filter": 1260321
                  },
                  {
                    "Node Type": "Index Only Scan",
                    "Parent Relationship": "Inner",
                    "Parallel Aware": false,
                    "Scan Direction": "Forward",
                    "Index Name": "movie_id_movie_keyword",
                    "Relation Name": "movie_keyword",
                    "Alias": "mk",
                    "Startup Cost": 0.43,
                    "Total Cost": 8.77,
                    "Plan Rows": 45,
                    "Plan Width": 4,
                    "Actual Startup Time": 0.005,
                    "Actual Total Time": 0.005,
                    "Actual Rows": 1,
                    "Actual Loops": 7670,
                    "Index Cond": "(movie_id = t.id)",
                    "Rows Removed by Index Recheck": 0,
                    "Heap Fetches": 5236
                  }
                ]
              }
            ]
          }
        ]
      }
    ]
  },
  "Planning Time": 0.472,
  "Triggers": [],
  "Execution Time": 178.113
}