{
  "Plan": {
    "Node Type": "Aggregate",
    "Strategy": "Plain",
    "Partial Mode": "Finalize",
    "Parallel Aware": false,
    "Startup Cost": 132095.52,
    "Total Cost": 132095.53,
    "Plan Rows": 1,
    "Plan Width": 8,
    "Actual Startup Time": 961.987,
    "Actual Total Time": 983.751,
    "Actual Rows": 1,
    "Actual Loops": 1,
    "Plans": [
      {
        "Node Type": "Gather",
        "Parent Relationship": "Outer",
        "Parallel Aware": false,
        "Startup Cost": 132095.41,
        "Total Cost": 132095.52,
        "Plan Rows": 1,
        "Plan Width": 8,
        "Actual Startup Time": 957.342,
        "Actual Total Time": 983.742,
        "Actual Rows": 2,
        "Actual Loops": 1,
        "Workers Planned": 1,
        "Workers Launched": 1,
        "Single Copy": false,
        "Plans": [
          {
            "Node Type": "Aggregate",
            "Strategy": "Plain",
            "Partial Mode": "Partial",
            "Parent Relationship": "Outer",
            "Parallel Aware": false,
            "Startup Cost": 131095.41,
            "Total Cost": 131095.42,
            "Plan Rows": 1,
            "Plan Width": 8,
            "Actual Startup Time": 950.871,
            "Actual Total Time": 950.878,
            "Actual Rows": 1,
            "Actual Loops": 2,
            "Plans": [
              {
                "Node Type": "Hash Join",
                "Parent Relationship": "Outer",
                "Parallel Aware": true,
                "Join Type": "Inner",
                "Startup Cost": 110206.43,
                "Total Cost": 130862.98,
                "Plan Rows": 92974,
                "Plan Width": 0,
                "Actual Startup Time": 816.105,
                "Actual Total Time": 937.996,
                "Actual Rows": 328865,
                "Actual Loops": 2,
                "Inner Unique": false,
                "Hash Cond": "(mi_idx.movie_id = t.id)",
                "Plans": [
                  {
                    "Node Type": "Seq Scan",
                    "Parent Relationship": "Outer",
                    "Parallel Aware": true,
                    "Relation Name": "movie_info_idx",
                    "Alias": "mi_idx",
                    "Startup Cost": 0.0,
                    "Total Cost": 18082.32,
                    "Plan Rows": 540622,
                    "Plan Width": 4,
                    "Actual Startup Time": 0.026,
                    "Actual Total Time": 58.976,
                    "Actual Rows": 459925,
                    "Actual Loops": 2,
                    "Filter": "(info_type_id < 101)",
                    "Rows Removed by Filter": 230092
                  },
                  {
                    "Node Type": "Hash",
                    "Parent Relationship": "Inner",
                    "Parallel Aware": true,
                    "Startup Cost": 107009.34,
                    "Total Cost": 107009.34,
                    "Plan Rows": 255767,
                    "Plan Width": 8,
                    "Actual Startup Time": 792.221,
                    "Actual Total Time": 792.226,
                    "Actual Rows": 212253,
                    "Actual Loops": 2,
                    "Hash Buckets": 524288,
                    "Original Hash Buckets": 524288,
                    "Hash Batches": 1,
                    "Original Hash Batches": 1,
                    "Peak Memory Usage": 20736,
                    "Plans": [
                      {
                        "Node Type": "Hash Join",
                        "Parent Relationship": "Outer",
                        "Parallel Aware": true,
                        "Join Type": "Inner",
                        "Startup Cost": 78686.86,
                        "Total Cost": 107009.34,
                        "Plan Rows": 255767,
                        "Plan Width": 8,
                        "Actual Startup Time": 613.517,
                        "Actual Total Time": 746.129,
                        "Actual Rows": 212253,
                        "Actual Loops": 2,
                        "Inner Unique": true,
                        "Hash Cond": "(mk.movie_id = t.id)",
                        "Plans": [
                          {
                            "Node Type": "Bitmap Heap Scan",
                            "Parent Relationship": "Outer",
                            "Parallel Aware": true,
                            "Relation Name": "movie_keyword",
                            "Alias": "mk",
                            "Startup Cost": 9226.16,
                            "Total Cost": 36877.25,
                            "Plan Rows": 255767,
                            "Plan Width": 4,
                            "Actual Startup Time": 30.252,
                            "Actual Total Time": 99.082,
                            "Actual Rows": 212253,
                            "Actual Loops": 2,
                            "Recheck Cond": "(keyword_id > 41183)",
                            "Rows Removed by Index Recheck": 0,
                            "Exact Heap Blocks": 11261,
                            "Lossy Heap Blocks": 0,
                            "Plans": [
                              {
                                "Node Type": "Bitmap Index Scan",
                                "Parent Relationship": "Outer",
                                "Parallel Aware": false,
                                "Index Name": "keyword_id_movie_keyword",
                                "Startup Cost": 0.0,
                                "Total Cost": 9117.46,
                                "Plan Rows": 434804,
                                "Plan Width": 0,
                                "Actual Startup Time": 26.937,
                                "Actual Total Time": 26.937,
                                "Actual Rows": 424506,
                                "Actual Loops": 1,
                                "Index Cond": "(keyword_id > 41183)"
                              }
                            ]
                          },
                          {
                            "Node Type": "Hash",
                            "Parent Relationship": "Inner",
                            "Parallel Aware": true,
                            "Startup Cost": 50870.31,
                            "Total Cost": 50870.31,
                            "Plan Rows": 1487231,
                            "Plan Width": 4,
                            "Actual Startup Time": 564.876,
                            "Actual Total Time": 564.877,
                            "Actual Rows": 1264156,
                            "Actual Loops": 2,
                            "Hash Buckets": 4194304,
                            "Original Hash Buckets": 4194304,
                            "Hash Batches": 1,
                            "Original Hash Batches": 1,
                            "Peak Memory Usage": 131712,
                            "Plans": [
                              {
                                "Node Type": "Seq Scan",
                                "Parent Relationship": "Outer",
                                "Parallel Aware": true,
                                "Relation Name": "title",
                                "Alias": "t",
                                "Startup Cost": 0.0,
                                "Total Cost": 50870.31,
                                "Plan Rows": 1487231,
                                "Plan Width": 4,
                                "Actual Startup Time": 0.038,
                                "Actual Total Time": 157.326,
                                "Actual Rows": 1264156,
                                "Actual Loops": 2
                              }
                            ]
                          }
                        ]
                      }
                    ]
                  }
                ]
              }
            ]
          }
        ]
      }
    ]
  },
  "Planning Time": 0.931,
  "Triggers": [],
  "Execution Time": 983.854
}