{
    "Plan": {
        "Node Type": "Aggregate",
        "Strategy": "Plain",
        "Partial Mode": "Simple",
        "Parallel Aware": false,
        "Startup Cost": 30000739144.33,
        "Total Cost": 30000739144.34,
        "Plan Rows": 1,
        "Plan Width": 96,
        "Actual Startup Time": 9291.365,
        "Actual Total Time": 9322.163,
        "Actual Rows": 1,
        "Actual Loops": 1,
        "Output": [
            "min(cn.name)",
            "min(mi_idx.info)",
            "min(t.title)"
        ],
        "Plans": [
            {
                "Node Type": "Nested Loop",
                "Parent Relationship": "Outer",
                "Parallel Aware": false,
                "Join Type": "Inner",
                "Startup Cost": 30000739138.51,
                "Total Cost": 30000739144.32,
                "Plan Rows": 1,
                "Plan Width": 41,
                "Actual Startup Time": 9066.925,
                "Actual Total Time": 9315.316,
                "Actual Rows": 23142,
                "Actual Loops": 1,
                "Output": [
                    "cn.name",
                    "mi_idx.info",
                    "t.title"
                ],
                "Inner Unique": true,
                "Plans": [
                    {
                        "Node Type": "Merge Join",
                        "Parent Relationship": "Outer",
                        "Parallel Aware": false,
                        "Join Type": "Inner",
                        "Startup Cost": 20000739138.37,
                        "Total Cost": 20000739138.57,
                        "Plan Rows": 1,
                        "Plan Width": 45,
                        "Actual Startup Time": 9066.889,
                        "Actual Total Time": 9234.538,
                        "Actual Rows": 23142,
                        "Actual Loops": 1,
                        "Output": [
                            "cn.name",
                            "mc.company_type_id",
                            "mi_idx.info",
                            "t.title"
                        ],
                        "Inner Unique": false,
                        "Merge Cond": "(k.id = mk.keyword_id)",
                        "Plans": [
                            {
                                "Node Type": "Sort",
                                "Parent Relationship": "Outer",
                                "Parallel Aware": false,
                                "Startup Cost": 2961.59,
                                "Total Cost": 2961.6,
                                "Plan Rows": 4,
                                "Plan Width": 4,
                                "Actual Startup Time": 23.065,
                                "Actual Total Time": 23.069,
                                "Actual Rows": 3,
                                "Actual Loops": 1,
                                "Output": [
                                    "k.id"
                                ],
                                "Sort Key": [
                                    "k.id"
                                ],
                                "Sort Method": "quicksort",
                                "Sort Space Used": 25,
                                "Sort Space Type": "Memory",
                                "Plans": [
                                    {
                                        "Node Type": "Seq Scan",
                                        "Parent Relationship": "Outer",
                                        "Parallel Aware": false,
                                        "Relation Name": "keyword",
                                        "Schema": "public",
                                        "Alias": "k",
                                        "Startup Cost": 0.0,
                                        "Total Cost": 2961.55,
                                        "Plan Rows": 4,
                                        "Plan Width": 4,
                                        "Actual Startup Time": 1.336,
                                        "Actual Total Time": 23.047,
                                        "Actual Rows": 3,
                                        "Actual Loops": 1,
                                        "Output": [
                                            "k.id"
                                        ],
                                        "Filter": "(k.keyword = ANY ('{murder,murder-in-title,blood,violence}'::text[]))",
                                        "Rows Removed by Filter": 134167
                                    }
                                ]
                            },
                            {
                                "Node Type": "Sort",
                                "Parent Relationship": "Inner",
                                "Parallel Aware": false,
                                "Startup Cost": 20000736176.78,
                                "Total Cost": 20000736176.86,
                                "Plan Rows": 34,
                                "Plan Width": 49,
                                "Actual Startup Time": 9018.757,
                                "Actual Total Time": 9152.838,
                                "Actual Rows": 428853,
                                "Actual Loops": 1,
                                "Output": [
                                    "cn.name",
                                    "mc.company_type_id",
                                    "mi_idx.info",
                                    "mk.keyword_id",
                                    "t.title"
                                ],
                                "Sort Key": [
                                    "mk.keyword_id"
                                ],
                                "Sort Method": "quicksort",
                                "Sort Space Used": 391940,
                                "Sort Space Type": "Memory",
                                "Plans": [
                                    {
                                        "Node Type": "Gather",
                                        "Parent Relationship": "Outer",
                                        "Parallel Aware": false,
                                        "Startup Cost": 20000730336.81,
                                        "Total Cost": 20000736175.91,
                                        "Plan Rows": 34,
                                        "Plan Width": 49,
                                        "Actual Startup Time": 7833.7,
                                        "Actual Total Time": 8434.976,
                                        "Actual Rows": 2645425,
                                        "Actual Loops": 1,
                                        "Output": [
                                            "cn.name",
                                            "mc.company_type_id",
                                            "mi_idx.info",
                                            "mk.keyword_id",
                                            "t.title"
                                        ],
                                        "Workers Planned": 1,
                                        "Workers Launched": 1,
                                        "Single Copy": false,
                                        "Plans": [
                                            {
                                                "Node Type": "Hash Join",
                                                "Parent Relationship": "Outer",
                                                "Parallel Aware": true,
                                                "Join Type": "Inner",
                                                "Startup Cost": 20000729336.81,
                                                "Total Cost": 20000735172.51,
                                                "Plan Rows": 20,
                                                "Plan Width": 49,
                                                "Actual Startup Time": 7826.446,
                                                "Actual Total Time": 8021.185,
                                                "Actual Rows": 1322712,
                                                "Actual Loops": 2,
                                                "Output": [
                                                    "cn.name",
                                                    "mc.company_type_id",
                                                    "mi_idx.info",
                                                    "mk.keyword_id",
                                                    "t.title"
                                                ],
                                                "Inner Unique": false,
                                                "Hash Cond": "(cn.id = mc.company_id)",
                                                "Workers": [
                                                    {
                                                        "Worker Number": 0,
                                                        "Actual Startup Time": 7819.847,
                                                        "Actual Total Time": 8059.214,
                                                        "Actual Rows": 1843441,
                                                        "Actual Loops": 1
                                                    }
                                                ],
                                                "Plans": [
                                                    {
                                                        "Node Type": "Seq Scan",
                                                        "Parent Relationship": "Outer",
                                                        "Parallel Aware": true,
                                                        "Relation Name": "company_name",
                                                        "Schema": "public",
                                                        "Alias": "cn",
                                                        "Startup Cost": 0.0,
                                                        "Total Cost": 4722.92,
                                                        "Plan Rows": 74181,
                                                        "Plan Width": 23,
                                                        "Actual Startup Time": 0.071,
                                                        "Actual Total Time": 22.432,
                                                        "Actual Rows": 63115,
                                                        "Actual Loops": 2,
                                                        "Output": [
                                                            "cn.id",
                                                            "cn.name",
                                                            "cn.country_code",
                                                            "cn.imdb_id",
                                                            "cn.name_pcode_nf",
                                                            "cn.name_pcode_sf",
                                                            "cn.md5sum"
                                                        ],
                                                        "Filter": "((cn.country_code)::text <> '[us]'::text)",
                                                        "Rows Removed by Filter": 54384,
                                                        "Workers": [
                                                            {
                                                                "Worker Number": 0,
                                                                "Actual Startup Time": 0.122,
                                                                "Actual Total Time": 11.773,
                                                                "Actual Rows": 28738,
                                                                "Actual Loops": 1
                                                            }
                                                        ]
                                                    },
                                                    {
                                                        "Node Type": "Hash",
                                                        "Parent Relationship": "Inner",
                                                        "Parallel Aware": true,
                                                        "Startup Cost": 20000729336.55,
                                                        "Total Cost": 20000729336.55,
                                                        "Plan Rows": 21,
                                                        "Plan Width": 34,
                                                        "Actual Startup Time": 7825.796,
                                                        "Actual Total Time": 7825.812,
                                                        "Actual Rows": 1406030,
                                                        "Actual Loops": 2,
                                                        "Output": [
                                                            "mc.company_type_id",
                                                            "mc.company_id",
                                                            "mi_idx.info",
                                                            "mk.keyword_id",
                                                            "t.title"
                                                        ],
                                                        "Hash Buckets": 4194304,
                                                        "Original Hash Buckets": 1024,
                                                        "Hash Batches": 1,
                                                        "Original Hash Batches": 1,
                                                        "Peak Memory Usage": 251608,
                                                        "Workers": [
                                                            {
                                                                "Worker Number": 0,
                                                                "Actual Startup Time": 7819.158,
                                                                "Actual Total Time": 7819.177,
                                                                "Actual Rows": 1256427,
                                                                "Actual Loops": 1
                                                            }
                                                        ],
                                                        "Plans": [
                                                            {
                                                                "Node Type": "Merge Join",
                                                                "Parent Relationship": "Outer",
                                                                "Parallel Aware": false,
                                                                "Join Type": "Inner",
                                                                "Startup Cost": 20000729095.36,
                                                                "Total Cost": 20000729336.55,
                                                                "Plan Rows": 21,
                                                                "Plan Width": 34,
                                                                "Actual Startup Time": 6952.751,
                                                                "Actual Total Time": 7238.422,
                                                                "Actual Rows": 1406030,
                                                                "Actual Loops": 2,
                                                                "Output": [
                                                                    "mc.company_type_id",
                                                                    "mc.company_id",
                                                                    "mi_idx.info",
                                                                    "mk.keyword_id",
                                                                    "t.title"
                                                                ],
                                                                "Inner Unique": false,
                                                                "Merge Cond": "(mc.movie_id = t.id)",
                                                                "Workers": [
                                                                    {
                                                                        "Worker Number": 0,
                                                                        "Actual Startup Time": 6997.122,
                                                                        "Actual Total Time": 7249.313,
                                                                        "Actual Rows": 1256427,
                                                                        "Actual Loops": 1
                                                                    }
                                                                ],
                                                                "Plans": [
                                                                    {
                                                                        "Node Type": "Sort",
                                                                        "Parent Relationship": "Outer",
                                                                        "Parallel Aware": false,
                                                                        "Startup Cost": 35148.53,
                                                                        "Total Cost": 35268.57,
                                                                        "Plan Rows": 48018,
                                                                        "Plan Width": 12,
                                                                        "Actual Startup Time": 395.416,
                                                                        "Actual Total Time": 403.787,
                                                                        "Actual Rows": 151635,
                                                                        "Actual Loops": 2,
                                                                        "Output": [
                                                                            "mc.movie_id",
                                                                            "mc.company_type_id",
                                                                            "mc.company_id"
                                                                        ],
                                                                        "Sort Key": [
                                                                            "mc.movie_id"
                                                                        ],
                                                                        "Sort Method": "quicksort",
                                                                        "Sort Space Used": 14359,
                                                                        "Sort Space Type": "Memory",
                                                                        "Workers": [
                                                                            {
                                                                                "Worker Number": 0,
                                                                                "Actual Startup Time": 385.858,
                                                                                "Actual Total Time": 391.498,
                                                                                "Actual Rows": 128020,
                                                                                "Actual Loops": 1
                                                                            }
                                                                        ],
                                                                        "Plans": [
                                                                            {
                                                                                "Node Type": "Seq Scan",
                                                                                "Parent Relationship": "Outer",
                                                                                "Parallel Aware": true,
                                                                                "Relation Name": "movie_companies",
                                                                                "Schema": "public",
                                                                                "Alias": "mc",
                                                                                "Startup Cost": 0.0,
                                                                                "Total Cost": 31414.82,
                                                                                "Plan Rows": 48018,
                                                                                "Plan Width": 12,
                                                                                "Actual Startup Time": 0.063,
                                                                                "Actual Total Time": 350.287,
                                                                                "Actual Rows": 151636,
                                                                                "Actual Loops": 2,
                                                                                "Output": [
                                                                                    "mc.movie_id",
                                                                                    "mc.company_type_id",
                                                                                    "mc.company_id"
                                                                                ],
                                                                                "Filter": "((mc.note !~~ '%(USA)%'::text) AND (mc.note ~~ '%(200%)%'::text))",
                                                                                "Rows Removed by Filter": 1152929,
                                                                                "Workers": [
                                                                                    {
                                                                                        "Worker Number": 0,
                                                                                        "Actual Startup Time": 0.084,
                                                                                        "Actual Total Time": 341.745,
                                                                                        "Actual Rows": 128020,
                                                                                        "Actual Loops": 1
                                                                                    }
                                                                                ]
                                                                            }
                                                                        ]
                                                                    },
                                                                    {
                                                                        "Node Type": "Sort",
                                                                        "Parent Relationship": "Inner",
                                                                        "Parallel Aware": false,
                                                                        "Startup Cost": 20000693946.83,
                                                                        "Total Cost": 20000693947.36,
                                                                        "Plan Rows": 212,
                                                                        "Plan Width": 42,
                                                                        "Actual Startup Time": 6557.207,
                                                                        "Actual Total Time": 6623.585,
                                                                        "Actual Rows": 1671872,
                                                                        "Actual Loops": 2,
                                                                        "Output": [
                                                                            "mi.movie_id",
                                                                            "mi_idx.info",
                                                                            "mi_idx.movie_id",
                                                                            "mk.movie_id",
                                                                            "mk.keyword_id",
                                                                            "t.title",
                                                                            "t.id"
                                                                        ],
                                                                        "Sort Key": [
                                                                            "mi.movie_id"
                                                                        ],
                                                                        "Sort Method": "quicksort",
                                                                        "Sort Space Used": 46940,
                                                                        "Sort Space Type": "Memory",
                                                                        "Workers": [
                                                                            {
                                                                                "Worker Number": 0,
                                                                                "Actual Startup Time": 6611.053,
                                                                                "Actual Total Time": 6670.739,
                                                                                "Actual Rows": 1536749,
                                                                                "Actual Loops": 1
                                                                            }
                                                                        ],
                                                                        "Plans": [
                                                                            {
                                                                                "Node Type": "Hash Join",
                                                                                "Parent Relationship": "Outer",
                                                                                "Parallel Aware": false,
                                                                                "Join Type": "Inner",
                                                                                "Startup Cost": 20000693892.62,
                                                                                "Total Cost": 20000693938.64,
                                                                                "Plan Rows": 212,
                                                                                "Plan Width": 42,
                                                                                "Actual Startup Time": 6409.851,
                                                                                "Actual Total Time": 6453.323,
                                                                                "Actual Rows": 401444,
                                                                                "Actual Loops": 2,
                                                                                "Output": [
                                                                                    "mi.movie_id",
                                                                                    "mi_idx.info",
                                                                                    "mi_idx.movie_id",
                                                                                    "mk.movie_id",
                                                                                    "mk.keyword_id",
                                                                                    "t.title",
                                                                                    "t.id"
                                                                                ],
                                                                                "Inner Unique": false,
                                                                                "Hash Cond": "(it1.id = mi.info_type_id)",
                                                                                "Workers": [
                                                                                    {
                                                                                        "Worker Number": 0,
                                                                                        "Actual Startup Time": 6465.865,
                                                                                        "Actual Total Time": 6508.972,
                                                                                        "Actual Rows": 401444,
                                                                                        "Actual Loops": 1
                                                                                    }
                                                                                ],
                                                                                "Plans": [
                                                                                    {
                                                                                        "Node Type": "Index Scan",
                                                                                        "Parent Relationship": "Outer",
                                                                                        "Parallel Aware": false,
                                                                                        "Scan Direction": "Forward",
                                                                                        "Index Name": "info_type_pkey",
                                                                                        "Relation Name": "info_type",
                                                                                        "Schema": "public",
                                                                                        "Alias": "it1",
                                                                                        "Startup Cost": 0.14,
                                                                                        "Total Cost": 14.12,
                                                                                        "Plan Rows": 1,
                                                                                        "Plan Width": 4,
                                                                                        "Actual Startup Time": 0.077,
                                                                                        "Actual Total Time": 0.097,
                                                                                        "Actual Rows": 1,
                                                                                        "Actual Loops": 2,
                                                                                        "Output": [
                                                                                            "it1.id",
                                                                                            "it1.info"
                                                                                        ],
                                                                                        "Filter": "((it1.info)::text = 'countries'::text)",
                                                                                        "Rows Removed by Filter": 112,
                                                                                        "Workers": [
                                                                                            {
                                                                                                "Worker Number": 0,
                                                                                                "Actual Startup Time": 0.135,
                                                                                                "Actual Total Time": 0.155,
                                                                                                "Actual Rows": 1,
                                                                                                "Actual Loops": 1
                                                                                            }
                                                                                        ]
                                                                                    },
                                                                                    {
                                                                                        "Node Type": "Hash",
                                                                                        "Parent Relationship": "Inner",
                                                                                        "Parallel Aware": false,
                                                                                        "Startup Cost": 20000693593.29,
                                                                                        "Total Cost": 20000693593.29,
                                                                                        "Plan Rows": 23935,
                                                                                        "Plan Width": 46,
                                                                                        "Actual Startup Time": 6409.653,
                                                                                        "Actual Total Time": 6409.664,
                                                                                        "Actual Rows": 448912,
                                                                                        "Actual Loops": 2,
                                                                                        "Output": [
                                                                                            "mi_idx.info",
                                                                                            "mi_idx.movie_id",
                                                                                            "mi.movie_id",
                                                                                            "mi.info_type_id",
                                                                                            "mk.movie_id",
                                                                                            "mk.keyword_id",
                                                                                            "t.title",
                                                                                            "t.id"
                                                                                        ],
                                                                                        "Hash Buckets": 524288,
                                                                                        "Original Hash Buckets": 32768,
                                                                                        "Hash Batches": 1,
                                                                                        "Original Hash Batches": 1,
                                                                                        "Peak Memory Usage": 38282,
                                                                                        "Workers": [
                                                                                            {
                                                                                                "Worker Number": 0,
                                                                                                "Actual Startup Time": 6465.531,
                                                                                                "Actual Total Time": 6465.544,
                                                                                                "Actual Rows": 448912,
                                                                                                "Actual Loops": 1
                                                                                            }
                                                                                        ],
                                                                                        "Plans": [
                                                                                            {
                                                                                                "Node Type": "Hash Join",
                                                                                                "Parent Relationship": "Outer",
                                                                                                "Parallel Aware": false,
                                                                                                "Join Type": "Inner",
                                                                                                "Startup Cost": 20000600861.95,
                                                                                                "Total Cost": 20000693593.29,
                                                                                                "Plan Rows": 23935,
                                                                                                "Plan Width": 46,
                                                                                                "Actual Startup Time": 6097.418,
                                                                                                "Actual Total Time": 6306.344,
                                                                                                "Actual Rows": 448912,
                                                                                                "Actual Loops": 2,
                                                                                                "Output": [
                                                                                                    "mi_idx.info",
                                                                                                    "mi_idx.movie_id",
                                                                                                    "mi.movie_id",
                                                                                                    "mi.info_type_id",
                                                                                                    "mk.movie_id",
                                                                                                    "mk.keyword_id",
                                                                                                    "t.title",
                                                                                                    "t.id"
                                                                                                ],
                                                                                                "Inner Unique": false,
                                                                                                "Hash Cond": "(t.id = mi.movie_id)",
                                                                                                "Workers": [
                                                                                                    {
                                                                                                        "Worker Number": 0,
                                                                                                        "Actual Startup Time": 6146.826,
                                                                                                        "Actual Total Time": 6355.043,
                                                                                                        "Actual Rows": 448912,
                                                                                                        "Actual Loops": 1
                                                                                                    }
                                                                                                ],
                                                                                                "Plans": [
                                                                                                    {
                                                                                                        "Node Type": "Merge Join",
                                                                                                        "Parent Relationship": "Outer",
                                                                                                        "Parallel Aware": false,
                                                                                                        "Join Type": "Inner",
                                                                                                        "Startup Cost": 10000209311.84,
                                                                                                        "Total Cost": 10000209699.21,
                                                                                                        "Plan Rows": 13645,
                                                                                                        "Plan Width": 38,
                                                                                                        "Actual Startup Time": 3947.038,
                                                                                                        "Actual Total Time": 4066.962,
                                                                                                        "Actual Rows": 607187,
                                                                                                        "Actual Loops": 2,
                                                                                                        "Output": [
                                                                                                            "mi_idx.info",
                                                                                                            "mi_idx.movie_id",
                                                                                                            "mk.movie_id",
                                                                                                            "mk.keyword_id",
                                                                                                            "t.title",
                                                                                                            "t.id"
                                                                                                        ],
                                                                                                        "Inner Unique": false,
                                                                                                        "Merge Cond": "(kt.id = t.kind_id)",
                                                                                                        "Workers": [
                                                                                                            {
                                                                                                                "Worker Number": 0,
                                                                                                                "Actual Startup Time": 3993.205,
                                                                                                                "Actual Total Time": 4112.414,
                                                                                                                "Actual Rows": 607187,
                                                                                                                "Actual Loops": 1
                                                                                                            }
                                                                                                        ],
                                                                                                        "Plans": [
                                                                                                            {
                                                                                                                "Node Type": "Index Scan",
                                                                                                                "Parent Relationship": "Outer",
                                                                                                                "Parallel Aware": false,
                                                                                                                "Scan Direction": "Forward",
                                                                                                                "Index Name": "kind_type_pkey",
                                                                                                                "Relation Name": "kind_type",
                                                                                                                "Schema": "public",
                                                                                                                "Alias": "kt",
                                                                                                                "Startup Cost": 0.13,
                                                                                                                "Total Cost": 12.26,
                                                                                                                "Plan Rows": 2,
                                                                                                                "Plan Width": 4,
                                                                                                                "Actual Startup Time": 0.05,
                                                                                                                "Actual Total Time": 0.066,
                                                                                                                "Actual Rows": 2,
                                                                                                                "Actual Loops": 2,
                                                                                                                "Output": [
                                                                                                                    "kt.id",
                                                                                                                    "kt.kind"
                                                                                                                ],
                                                                                                                "Filter": "((kt.kind)::text = ANY ('{movie,episode}'::text[]))",
                                                                                                                "Rows Removed by Filter": 5,
                                                                                                                "Workers": [
                                                                                                                    {
                                                                                                                        "Worker Number": 0,
                                                                                                                        "Actual Startup Time": 0.09,
                                                                                                                        "Actual Total Time": 0.107,
                                                                                                                        "Actual Rows": 2,
                                                                                                                        "Actual Loops": 1
                                                                                                                    }
                                                                                                                ]
                                                                                                            },
                                                                                                            {
                                                                                                                "Node Type": "Sort",
                                                                                                                "Parent Relationship": "Inner",
                                                                                                                "Parallel Aware": false,
                                                                                                                "Startup Cost": 10000209311.71,
                                                                                                                "Total Cost": 10000209431.1,
                                                                                                                "Plan Rows": 47759,
                                                                                                                "Plan Width": 42,
                                                                                                                "Actual Startup Time": 3946.98,
                                                                                                                "Actual Total Time": 3978.083,
                                                                                                                "Actual Rows": 773780,
                                                                                                                "Actual Loops": 2,
                                                                                                                "Output": [
                                                                                                                    "mi_idx.info",
                                                                                                                    "mi_idx.movie_id",
                                                                                                                    "mk.movie_id",
                                                                                                                    "mk.keyword_id",
                                                                                                                    "t.title",
                                                                                                                    "t.kind_id",
                                                                                                                    "t.id"
                                                                                                                ],
                                                                                                                "Sort Key": [
                                                                                                                    "t.kind_id"
                                                                                                                ],
                                                                                                                "Sort Method": "quicksort",
                                                                                                                "Sort Space Used": 93817,
                                                                                                                "Sort Space Type": "Memory",
                                                                                                                "Workers": [
                                                                                                                    {
                                                                                                                        "Worker Number": 0,
                                                                                                                        "Actual Startup Time": 3993.105,
                                                                                                                        "Actual Total Time": 4024.515,
                                                                                                                        "Actual Rows": 773780,
                                                                                                                        "Actual Loops": 1
                                                                                                                    }
                                                                                                                ],
                                                                                                                "Plans": [
                                                                                                                    {
                                                                                                                        "Node Type": "Hash Join",
                                                                                                                        "Parent Relationship": "Outer",
                                                                                                                        "Parallel Aware": false,
                                                                                                                        "Join Type": "Inner",
                                                                                                                        "Startup Cost": 10000083302.43,
                                                                                                                        "Total Cost": 10000205600.0,
                                                                                                                        "Plan Rows": 47759,
                                                                                                                        "Plan Width": 42,
                                                                                                                        "Actual Startup Time": 938.392,
                                                                                                                        "Actual Total Time": 3749.138,
                                                                                                                        "Actual Rows": 773780,
                                                                                                                        "Actual Loops": 2,
                                                                                                                        "Output": [
                                                                                                                            "mi_idx.info",
                                                                                                                            "mi_idx.movie_id",
                                                                                                                            "mk.movie_id",
                                                                                                                            "mk.keyword_id",
                                                                                                                            "t.title",
                                                                                                                            "t.kind_id",
                                                                                                                            "t.id"
                                                                                                                        ],
                                                                                                                        "Inner Unique": false,
                                                                                                                        "Hash Cond": "(mk.movie_id = t.id)",
                                                                                                                        "Workers": [
                                                                                                                            {
                                                                                                                                "Worker Number": 0,
                                                                                                                                "Actual Startup Time": 1002.393,
                                                                                                                                "Actual Total Time": 3768.954,
                                                                                                                                "Actual Rows": 773780,
                                                                                                                                "Actual Loops": 1
                                                                                                                            }
                                                                                                                        ],
                                                                                                                        "Plans": [
                                                                                                                            {
                                                                                                                                "Node Type": "Nested Loop",
                                                                                                                                "Parent Relationship": "Outer",
                                                                                                                                "Parallel Aware": false,
                                                                                                                                "Join Type": "Inner",
                                                                                                                                "Startup Cost": 10000000015.42,
                                                                                                                                "Total Cost": 10000121474.54,
                                                                                                                                "Plan Rows": 96230,
                                                                                                                                "Plan Width": 17,
                                                                                                                                "Actual Startup Time": 0.217,
                                                                                                                                "Actual Total Time": 2497.484,
                                                                                                                                "Actual Rows": 2376417,
                                                                                                                                "Actual Loops": 2,
                                                                                                                                "Output": [
                                                                                                                                    "mi_idx.info",
                                                                                                                                    "mi_idx.movie_id",
                                                                                                                                    "mk.movie_id",
                                                                                                                                    "mk.keyword_id"
                                                                                                                                ],
                                                                                                                                "Inner Unique": false,
                                                                                                                                "Workers": [
                                                                                                                                    {
                                                                                                                                        "Worker Number": 0,
                                                                                                                                        "Actual Startup Time": 0.324,
                                                                                                                                        "Actual Total Time": 2459.527,
                                                                                                                                        "Actual Rows": 2376417,
                                                                                                                                        "Actual Loops": 1
                                                                                                                                    }
                                                                                                                                ],
                                                                                                                                "Plans": [
                                                                                                                                    {
                                                                                                                                        "Node Type": "Hash Join",
                                                                                                                                        "Parent Relationship": "Outer",
                                                                                                                                        "Parallel Aware": false,
                                                                                                                                        "Join Type": "Inner",
                                                                                                                                        "Startup Cost": 14.56,
                                                                                                                                        "Total Cost": 60288.46,
                                                                                                                                        "Plan Rows": 10377,
                                                                                                                                        "Plan Width": 9,
                                                                                                                                        "Actual Startup Time": 0.135,
                                                                                                                                        "Actual Total Time": 493.67,
                                                                                                                                        "Actual Rows": 324117,
                                                                                                                                        "Actual Loops": 2,
                                                                                                                                        "Output": [
                                                                                                                                            "mi_idx.info",
                                                                                                                                            "mi_idx.movie_id"
                                                                                                                                        ],
                                                                                                                                        "Inner Unique": true,
                                                                                                                                        "Hash Cond": "(mi_idx.info_type_id = it2.id)",
                                                                                                                                        "Workers": [
                                                                                                                                            {
                                                                                                                                                "Worker Number": 0,
                                                                                                                                                "Actual Startup Time": 0.19,
                                                                                                                                                "Actual Total Time": 483.002,
                                                                                                                                                "Actual Rows": 324117,
                                                                                                                                                "Actual Loops": 1
                                                                                                                                            }
                                                                                                                                        ],
                                                                                                                                        "Plans": [
                                                                                                                                            {
                                                                                                                                                "Node Type": "Index Scan",
                                                                                                                                                "Parent Relationship": "Outer",
                                                                                                                                                "Parallel Aware": false,
                                                                                                                                                "Scan Direction": "Forward",
                                                                                                                                                "Index Name": "movie_id_movie_info_idx",
                                                                                                                                                "Relation Name": "movie_info_idx",
                                                                                                                                                "Schema": "public",
                                                                                                                                                "Alias": "mi_idx",
                                                                                                                                                "Startup Cost": 0.43,
                                                                                                                                                "Total Cost": 57080.9,
                                                                                                                                                "Plan Rows": 1172563,
                                                                                                                                                "Plan Width": 13,
                                                                                                                                                "Actual Startup Time": 0.075,
                                                                                                                                                "Actual Total Time": 353.175,
                                                                                                                                                "Actual Rows": 1172960,
                                                                                                                                                "Actual Loops": 2,
                                                                                                                                                "Output": [
                                                                                                                                                    "mi_idx.id",
                                                                                                                                                    "mi_idx.movie_id",
                                                                                                                                                    "mi_idx.info_type_id",
                                                                                                                                                    "mi_idx.info",
                                                                                                                                                    "mi_idx.note"
                                                                                                                                                ],
                                                                                                                                                "Filter": "(mi_idx.info < '7.0'::text)",
                                                                                                                                                "Rows Removed by Filter": 207075,
                                                                                                                                                "Workers": [
                                                                                                                                                    {
                                                                                                                                                        "Worker Number": 0,
                                                                                                                                                        "Actual Startup Time": 0.122,
                                                                                                                                                        "Actual Total Time": 349.747,
                                                                                                                                                        "Actual Rows": 1172960,
                                                                                                                                                        "Actual Loops": 1
                                                                                                                                                    }
                                                                                                                                                ]
                                                                                                                                            },
                                                                                                                                            {
                                                                                                                                                "Node Type": "Hash",
                                                                                                                                                "Parent Relationship": "Inner",
                                                                                                                                                "Parallel Aware": false,
                                                                                                                                                "Startup Cost": 14.12,
                                                                                                                                                "Total Cost": 14.12,
                                                                                                                                                "Plan Rows": 1,
                                                                                                                                                "Plan Width": 4,
                                                                                                                                                "Actual Startup Time": 0.037,
                                                                                                                                                "Actual Total Time": 0.038,
                                                                                                                                                "Actual Rows": 1,
                                                                                                                                                "Actual Loops": 2,
                                                                                                                                                "Output": [
                                                                                                                                                    "it2.id"
                                                                                                                                                ],
                                                                                                                                                "Hash Buckets": 1024,
                                                                                                                                                "Original Hash Buckets": 1024,
                                                                                                                                                "Hash Batches": 1,
                                                                                                                                                "Original Hash Batches": 1,
                                                                                                                                                "Peak Memory Usage": 9,
                                                                                                                                                "Workers": [
                                                                                                                                                    {
                                                                                                                                                        "Worker Number": 0,
                                                                                                                                                        "Actual Startup Time": 0.038,
                                                                                                                                                        "Actual Total Time": 0.039,
                                                                                                                                                        "Actual Rows": 1,
                                                                                                                                                        "Actual Loops": 1
                                                                                                                                                    }
                                                                                                                                                ],
                                                                                                                                                "Plans": [
                                                                                                                                                    {
                                                                                                                                                        "Node Type": "Index Scan",
                                                                                                                                                        "Parent Relationship": "Outer",
                                                                                                                                                        "Parallel Aware": false,
                                                                                                                                                        "Scan Direction": "Forward",
                                                                                                                                                        "Index Name": "info_type_pkey",
                                                                                                                                                        "Relation Name": "info_type",
                                                                                                                                                        "Schema": "public",
                                                                                                                                                        "Alias": "it2",
                                                                                                                                                        "Startup Cost": 0.14,
                                                                                                                                                        "Total Cost": 14.12,
                                                                                                                                                        "Plan Rows": 1,
                                                                                                                                                        "Plan Width": 4,
                                                                                                                                                        "Actual Startup Time": 0.027,
                                                                                                                                                        "Actual Total Time": 0.03,
                                                                                                                                                        "Actual Rows": 1,
                                                                                                                                                        "Actual Loops": 2,
                                                                                                                                                        "Output": [
                                                                                                                                                            "it2.id"
                                                                                                                                                        ],
                                                                                                                                                        "Filter": "((it2.info)::text = 'rating'::text)",
                                                                                                                                                        "Rows Removed by Filter": 112,
                                                                                                                                                        "Workers": [
                                                                                                                                                            {
                                                                                                                                                                "Worker Number": 0,
                                                                                                                                                                "Actual Startup Time": 0.029,
                                                                                                                                                                "Actual Total Time": 0.034,
                                                                                                                                                                "Actual Rows": 1,
                                                                                                                                                                "Actual Loops": 1
                                                                                                                                                            }
                                                                                                                                                        ]
                                                                                                                                                    }
                                                                                                                                                ]
                                                                                                                                            }
                                                                                                                                        ]
                                                                                                                                    },
                                                                                                                                    {
                                                                                                                                        "Node Type": "Bitmap Heap Scan",
                                                                                                                                        "Parent Relationship": "Inner",
                                                                                                                                        "Parallel Aware": false,
                                                                                                                                        "Relation Name": "movie_keyword",
                                                                                                                                        "Schema": "public",
                                                                                                                                        "Alias": "mk",
                                                                                                                                        "Startup Cost": 0.86,
                                                                                                                                        "Total Cost": 5.44,
                                                                                                                                        "Plan Rows": 46,
                                                                                                                                        "Plan Width": 8,
                                                                                                                                        "Actual Startup Time": 0.003,
                                                                                                                                        "Actual Total Time": 0.004,
                                                                                                                                        "Actual Rows": 7,
                                                                                                                                        "Actual Loops": 648234,
                                                                                                                                        "Output": [
                                                                                                                                            "mk.id",
                                                                                                                                            "mk.movie_id",
                                                                                                                                            "mk.keyword_id"
                                                                                                                                        ],
                                                                                                                                        "Recheck Cond": "(mk.movie_id = mi_idx.movie_id)",
                                                                                                                                        "Rows Removed by Index Recheck": 0,
                                                                                                                                        "Exact Heap Blocks": 182535,
                                                                                                                                        "Lossy Heap Blocks": 0,
                                                                                                                                        "Workers": [
                                                                                                                                            {
                                                                                                                                                "Worker Number": 0,
                                                                                                                                                "Actual Startup Time": 0.003,
                                                                                                                                                "Actual Total Time": 0.004,
                                                                                                                                                "Actual Rows": 7,
                                                                                                                                                "Actual Loops": 324117
                                                                                                                                            }
                                                                                                                                        ],
                                                                                                                                        "Plans": [
                                                                                                                                            {
                                                                                                                                                "Node Type": "Bitmap Index Scan",
                                                                                                                                                "Parent Relationship": "Outer",
                                                                                                                                                "Parallel Aware": false,
                                                                                                                                                "Index Name": "movie_id_movie_keyword",
                                                                                                                                                "Startup Cost": 0.0,
                                                                                                                                                "Total Cost": 0.85,
                                                                                                                                                "Plan Rows": 46,
                                                                                                                                                "Plan Width": 0,
                                                                                                                                                "Actual Startup Time": 0.002,
                                                                                                                                                "Actual Total Time": 0.002,
                                                                                                                                                "Actual Rows": 7,
                                                                                                                                                "Actual Loops": 648234,
                                                                                                                                                "Index Cond": "(mk.movie_id = mi_idx.movie_id)",
                                                                                                                                                "Workers": [
                                                                                                                                                    {
                                                                                                                                                        "Worker Number": 0,
                                                                                                                                                        "Actual Startup Time": 0.002,
                                                                                                                                                        "Actual Total Time": 0.002,
                                                                                                                                                        "Actual Rows": 7,
                                                                                                                                                        "Actual Loops": 324117
                                                                                                                                                    }
                                                                                                                                                ]
                                                                                                                                            }
                                                                                                                                        ]
                                                                                                                                    }
                                                                                                                                ]
                                                                                                                            },
                                                                                                                            {
                                                                                                                                "Node Type": "Hash",
                                                                                                                                "Parent Relationship": "Inner",
                                                                                                                                "Parallel Aware": false,
                                                                                                                                "Startup Cost": 67602.02,
                                                                                                                                "Total Cost": 67602.02,
                                                                                                                                "Plan Rows": 1254799,
                                                                                                                                "Plan Width": 25,
                                                                                                                                "Actual Startup Time": 930.332,
                                                                                                                                "Actual Total Time": 930.333,
                                                                                                                                "Actual Rows": 1260295,
                                                                                                                                "Actual Loops": 2,
                                                                                                                                "Output": [
                                                                                                                                    "t.title",
                                                                                                                                    "t.kind_id",
                                                                                                                                    "t.id"
                                                                                                                                ],
                                                                                                                                "Hash Buckets": 2097152,
                                                                                                                                "Original Hash Buckets": 2097152,
                                                                                                                                "Hash Batches": 1,
                                                                                                                                "Original Hash Batches": 1,
                                                                                                                                "Peak Memory Usage": 88850,
                                                                                                                                "Workers": [
                                                                                                                                    {
                                                                                                                                        "Worker Number": 0,
                                                                                                                                        "Actual Startup Time": 991.584,
                                                                                                                                        "Actual Total Time": 991.584,
                                                                                                                                        "Actual Rows": 1260295,
                                                                                                                                        "Actual Loops": 1
                                                                                                                                    }
                                                                                                                                ],
                                                                                                                                "Plans": [
                                                                                                                                    {
                                                                                                                                        "Node Type": "Seq Scan",
                                                                                                                                        "Parent Relationship": "Outer",
                                                                                                                                        "Parallel Aware": false,
                                                                                                                                        "Relation Name": "title",
                                                                                                                                        "Schema": "public",
                                                                                                                                        "Alias": "t",
                                                                                                                                        "Startup Cost": 0.0,
                                                                                                                                        "Total Cost": 67602.02,
                                                                                                                                        "Plan Rows": 1254799,
                                                                                                                                        "Plan Width": 25,
                                                                                                                                        "Actual Startup Time": 0.051,
                                                                                                                                        "Actual Total Time": 441.381,
                                                                                                                                        "Actual Rows": 1260295,
                                                                                                                                        "Actual Loops": 2,
                                                                                                                                        "Output": [
                                                                                                                                            "t.title",
                                                                                                                                            "t.kind_id",
                                                                                                                                            "t.id"
                                                                                                                                        ],
                                                                                                                                        "Filter": "(t.production_year > 2002)",
                                                                                                                                        "Rows Removed by Filter": 1268017,
                                                                                                                                        "Workers": [
                                                                                                                                            {
                                                                                                                                                "Worker Number": 0,
                                                                                                                                                "Actual Startup Time": 0.084,
                                                                                                                                                "Actual Total Time": 465.511,
                                                                                                                                                "Actual Rows": 1260295,
                                                                                                                                                "Actual Loops": 1
                                                                                                                                            }
                                                                                                                                        ]
                                                                                                                                    }
                                                                                                                                ]
                                                                                                                            }
                                                                                                                        ]
                                                                                                                    }
                                                                                                                ]
                                                                                                            }
                                                                                                        ]
                                                                                                    },
                                                                                                    {
                                                                                                        "Node Type": "Hash",
                                                                                                        "Parent Relationship": "Inner",
                                                                                                        "Parallel Aware": false,
                                                                                                        "Startup Cost": 10000383319.42,
                                                                                                        "Total Cost": 10000383319.42,
                                                                                                        "Plan Rows": 658455,
                                                                                                        "Plan Width": 8,
                                                                                                        "Actual Startup Time": 2146.56,
                                                                                                        "Actual Total Time": 2146.561,
                                                                                                        "Actual Rows": 669336,
                                                                                                        "Actual Loops": 2,
                                                                                                        "Output": [
                                                                                                            "mi.movie_id",
                                                                                                            "mi.info_type_id"
                                                                                                        ],
                                                                                                        "Hash Buckets": 1048576,
                                                                                                        "Original Hash Buckets": 1048576,
                                                                                                        "Hash Batches": 1,
                                                                                                        "Original Hash Batches": 1,
                                                                                                        "Peak Memory Usage": 34338,
                                                                                                        "Workers": [
                                                                                                            {
                                                                                                                "Worker Number": 0,
                                                                                                                "Actual Startup Time": 2148.74,
                                                                                                                "Actual Total Time": 2148.742,
                                                                                                                "Actual Rows": 669336,
                                                                                                                "Actual Loops": 1
                                                                                                            }
                                                                                                        ],
                                                                                                        "Plans": [
                                                                                                            {
                                                                                                                "Node Type": "Seq Scan",
                                                                                                                "Parent Relationship": "Outer",
                                                                                                                "Parallel Aware": false,
                                                                                                                "Relation Name": "movie_info",
                                                                                                                "Schema": "public",
                                                                                                                "Alias": "mi",
                                                                                                                "Startup Cost": 10000000000.0,
                                                                                                                "Total Cost": 10000383319.42,
                                                                                                                "Plan Rows": 658455,
                                                                                                                "Plan Width": 8,
                                                                                                                "Actual Startup Time": 0.841,
                                                                                                                "Actual Total Time": 1999.731,
                                                                                                                "Actual Rows": 669336,
                                                                                                                "Actual Loops": 2,
                                                                                                                "Output": [
                                                                                                                    "mi.movie_id",
                                                                                                                    "mi.info_type_id"
                                                                                                                ],
                                                                                                                "Filter": "(mi.info = ANY ('{Germany,German,USA,American}'::text[]))",
                                                                                                                "Rows Removed by Filter": 14166384,
                                                                                                                "Workers": [
                                                                                                                    {
                                                                                                                        "Worker Number": 0,
                                                                                                                        "Actual Startup Time": 0.922,
                                                                                                                        "Actual Total Time": 1989.42,
                                                                                                                        "Actual Rows": 669336,
                                                                                                                        "Actual Loops": 1
                                                                                                                    }
                                                                                                                ]
                                                                                                            }
                                                                                                        ]
                                                                                                    }
                                                                                                ]
                                                                                            }
                                                                                        ]
                                                                                    }
                                                                                ]
                                                                            }
                                                                        ]
                                                                    }
                                                                ]
                                                            }
                                                        ]
                                                    }
                                                ]
                                            }
                                        ]
                                    }
                                ]
                            }
                        ]
                    },
                    {
                        "Node Type": "Bitmap Heap Scan",
                        "Parent Relationship": "Inner",
                        "Parallel Aware": false,
                        "Relation Name": "company_type",
                        "Schema": "public",
                        "Alias": "ct",
                        "Startup Cost": 0.14,
                        "Total Cost": 4.15,
                        "Plan Rows": 1,
                        "Plan Width": 4,
                        "Actual Startup Time": 0.002,
                        "Actual Total Time": 0.002,
                        "Actual Rows": 1,
                        "Actual Loops": 23142,
                        "Output": [
                            "ct.id",
                            "ct.kind"
                        ],
                        "Recheck Cond": "(ct.id = mc.company_type_id)",
                        "Rows Removed by Index Recheck": 0,
                        "Exact Heap Blocks": 23142,
                        "Lossy Heap Blocks": 0,
                        "Plans": [
                            {
                                "Node Type": "Bitmap Index Scan",
                                "Parent Relationship": "Outer",
                                "Parallel Aware": false,
                                "Index Name": "company_type_pkey",
                                "Startup Cost": 0.0,
                                "Total Cost": 0.14,
                                "Plan Rows": 1,
                                "Plan Width": 0,
                                "Actual Startup Time": 0.001,
                                "Actual Total Time": 0.001,
                                "Actual Rows": 1,
                                "Actual Loops": 23142,
                                "Index Cond": "(ct.id = mc.company_type_id)"
                            }
                        ]
                    }
                ]
            }
        ]
    },
    "Planning Time": 25.947,
    "Triggers": [],
    "Execution Time": 9323.667
}