{
    "Plan": {
        "Node Type": "Aggregate",
        "Strategy": "Plain",
        "Partial Mode": "Finalize",
        "Parallel Aware": false,
        "Startup Cost": 44959.69,
        "Total Cost": 44959.7,
        "Plan Rows": 1,
        "Plan Width": 8,
        "Actual Startup Time": 212.258,
        "Actual Total Time": 226.699,
        "Actual Rows": 1,
        "Actual Loops": 1,
        "Output": [
            "count(*)"
        ],
        "Plans": [
            {
                "Node Type": "Gather",
                "Parent Relationship": "Outer",
                "Parallel Aware": false,
                "Startup Cost": 44959.37,
                "Total Cost": 44959.68,
                "Plan Rows": 3,
                "Plan Width": 8,
                "Actual Startup Time": 212.092,
                "Actual Total Time": 226.689,
                "Actual Rows": 4,
                "Actual Loops": 1,
                "Output": [
                    "(PARTIAL count(*))"
                ],
                "Workers Planned": 3,
                "Workers Launched": 3,
                "Single Copy": false,
                "Plans": [
                    {
                        "Node Type": "Aggregate",
                        "Strategy": "Plain",
                        "Partial Mode": "Partial",
                        "Parent Relationship": "Outer",
                        "Parallel Aware": false,
                        "Startup Cost": 43959.37,
                        "Total Cost": 43959.38,
                        "Plan Rows": 1,
                        "Plan Width": 8,
                        "Actual Startup Time": 203.222,
                        "Actual Total Time": 203.224,
                        "Actual Rows": 1,
                        "Actual Loops": 4,
                        "Output": [
                            "PARTIAL count(*)"
                        ],
                        "Workers": [
                            {
                                "Worker Number": 0,
                                "Actual Startup Time": 200.125,
                                "Actual Total Time": 200.127,
                                "Actual Rows": 1,
                                "Actual Loops": 1
                            },
                            {
                                "Worker Number": 1,
                                "Actual Startup Time": 200.769,
                                "Actual Total Time": 200.771,
                                "Actual Rows": 1,
                                "Actual Loops": 1
                            },
                            {
                                "Worker Number": 2,
                                "Actual Startup Time": 200.953,
                                "Actual Total Time": 200.954,
                                "Actual Rows": 1,
                                "Actual Loops": 1
                            }
                        ],
                        "Plans": [
                            {
                                "Node Type": "Seq Scan",
                                "Parent Relationship": "Outer",
                                "Parallel Aware": true,
                                "Relation Name": "movie_keyword",
                                "Schema": "public",
                                "Alias": "mk",
                                "Startup Cost": 0.0,
                                "Total Cost": 42695.65,
                                "Plan Rows": 505488,
                                "Plan Width": 0,
                                "Actual Startup Time": 0.075,
                                "Actual Total Time": 175.537,
                                "Actual Rows": 392401,
                                "Actual Loops": 4,
                                "Output": [
                                    "id",
                                    "movie_id",
                                    "keyword_id"
                                ],
                                "Filter": "(mk.keyword_id < 2363)",
                                "Rows Removed by Filter": 738582,
                                "Workers": [
                                    {
                                        "Worker Number": 0,
                                        "Actual Startup Time": 0.095,
                                        "Actual Total Time": 173.222,
                                        "Actual Rows": 384162,
                                        "Actual Loops": 1
                                    },
                                    {
                                        "Worker Number": 1,
                                        "Actual Startup Time": 0.083,
                                        "Actual Total Time": 173.847,
                                        "Actual Rows": 384937,
                                        "Actual Loops": 1
                                    },
                                    {
                                        "Worker Number": 2,
                                        "Actual Startup Time": 0.073,
                                        "Actual Total Time": 174.05,
                                        "Actual Rows": 382770,
                                        "Actual Loops": 1
                                    }
                                ]
                            }
                        ]
                    }
                ]
            }
        ]
    },
    "Planning Time": 1.875,
    "Triggers": [],
    "Execution Time": 227.033
}