[
  {
    "Plan": {
      "Node Type": "Aggregate",
      "Strategy": "Plain",
      "Partial Mode": "Finalize",
      "Parallel Aware": false,
      "Startup Cost": 220346.4,
      "Total Cost": 220346.41,
      "Plan Rows": 1,
      "Plan Width": 8,
      "Actual Startup Time": 261.055,
      "Actual Total Time": 273.22,
      "Actual Rows": 1,
      "Actual Loops": 1,
      "Plans": [
        {
          "Node Type": "Gather",
          "Parent Relationship": "Outer",
          "Parallel Aware": false,
          "Startup Cost": 220345.87,
          "Total Cost": 220346.38,
          "Plan Rows": 5,
          "Plan Width": 8,
          "Actual Startup Time": 251.109,
          "Actual Total Time": 273.21,
          "Actual Rows": 6,
          "Actual Loops": 1,
          "Workers Planned": 5,
          "Workers Launched": 5,
          "Single Copy": false,
          "Plans": [
            {
              "Node Type": "Aggregate",
              "Strategy": "Plain",
              "Partial Mode": "Partial",
              "Parent Relationship": "Outer",
              "Parallel Aware": false,
              "Startup Cost": 219345.87,
              "Total Cost": 219345.88,
              "Plan Rows": 1,
              "Plan Width": 8,
              "Actual Startup Time": 236.658,
              "Actual Total Time": 236.662,
              "Actual Rows": 1,
              "Actual Loops": 6,
              "Plans": [
                {
                  "Node Type": "Hash Join",
                  "Parent Relationship": "Outer",
                  "Parallel Aware": true,
                  "Join Type": "Inner",
                  "Startup Cost": 52530.79,
                  "Total Cost": 219288.8,
                  "Plan Rows": 22829,
                  "Plan Width": 0,
                  "Actual Startup Time": 223.061,
                  "Actual Total Time": 236.638,
                  "Actual Rows": 106,
                  "Actual Loops": 6,
                  "Inner Unique": true,
                  "Hash Cond": "(mi.movie_id = t.id)",
                  "Plans": [
                    {
                      "Node Type": "Bitmap Heap Scan",
                      "Parent Relationship": "Outer",
                      "Parallel Aware": true,
                      "Relation Name": "movie_info",
                      "Alias": "mi",
                      "Startup Cost": 2803.64,
                      "Total Cost": 169480.41,
                      "Plan Rows": 30947,
                      "Plan Width": 4,
                      "Actual Startup Time": 6.207,
                      "Actual Total Time": 15.307,
                      "Actual Rows": 24581,
                      "Actual Loops": 6,
                      "Recheck Cond": "(info_type_id = 107)",
                      "Rows Removed by Index Recheck": 0,
                      "Exact Heap Blocks": 1150,
                      "Lossy Heap Blocks": 0,
                      "Plans": [
                        {
                          "Node Type": "Bitmap Index Scan",
                          "Parent Relationship": "Outer",
                          "Parallel Aware": false,
                          "Index Name": "info_type_id_movie_info",
                          "Startup Cost": 0.0,
                          "Total Cost": 2764.95,
                          "Plan Rows": 154736,
                          "Plan Width": 0,
                          "Actual Startup Time": 5.556,
                          "Actual Total Time": 5.556,
                          "Actual Rows": 147487,
                          "Actual Loops": 1,
                          "Index Cond": "(info_type_id = 107)"
                        }
                      ]
                    },
                    {
                      "Node Type": "Hash",
                      "Parent Relationship": "Inner",
                      "Parallel Aware": true,
                      "Startup Cost": 43898.92,
                      "Total Cost": 43898.92,
                      "Plan Rows": 466259,
                      "Plan Width": 4,
                      "Actual Startup Time": 208.899,
                      "Actual Total Time": 208.9,
                      "Actual Rows": 310914,
                      "Actual Loops": 6,
                      "Hash Buckets": 2097152,
                      "Original Hash Buckets": 2097152,
                      "Hash Batches": 1,
                      "Original Hash Batches": 1,
                      "Peak Memory Usage": 89440,
                      "Plans": [
                        {
                          "Node Type": "Seq Scan",
                          "Parent Relationship": "Outer",
                          "Parallel Aware": true,
                          "Relation Name": "title",
                          "Alias": "t",
                          "Startup Cost": 0.0,
                          "Total Cost": 43898.92,
                          "Plan Rows": 466259,
                          "Plan Width": 4,
                          "Actual Startup Time": 0.037,
                          "Actual Total Time": 83.373,
                          "Actual Rows": 310914,
                          "Actual Loops": 6,
                          "Filter": "(kind_id > 1)",
                          "Rows Removed by Filter": 110471
                        }
                      ]
                    }
                  ]
                }
              ]
            }
          ]
        }
      ]
    },
    "Planning Time": 0.591,
    "Triggers": [],
    "Execution Time": 273.314
  }
]