{
  "Plan": {
    "Node Type": "Aggregate",
    "Strategy": "Plain",
    "Partial Mode": "Finalize",
    "Parallel Aware": false,
    "Startup Cost": 36566.89,
    "Total Cost": 36566.9,
    "Plan Rows": 1,
    "Plan Width": 64,
    "Actual Startup Time": 4789.65,
    "Actual Total Time": 4789.767,
    "Actual Rows": 1,
    "Actual Loops": 1,
    "Plans": [
      {
        "Node Type": "Gather",
        "Parent Relationship": "Outer",
        "Parallel Aware": false,
        "Startup Cost": 36566.78,
        "Total Cost": 36566.89,
        "Plan Rows": 1,
        "Plan Width": 64,
        "Actual Startup Time": 4789.643,
        "Actual Total Time": 4789.76,
        "Actual Rows": 1,
        "Actual Loops": 1,
        "Workers Planned": 1,
        "Workers Launched": 0,
        "Single Copy": false,
        "Plans": [
          {
            "Node Type": "Aggregate",
            "Strategy": "Plain",
            "Partial Mode": "Partial",
            "Parent Relationship": "Outer",
            "Parallel Aware": false,
            "Startup Cost": 35566.78,
            "Total Cost": 35566.79,
            "Plan Rows": 1,
            "Plan Width": 64,
            "Actual Startup Time": 4788.924,
            "Actual Total Time": 4788.931,
            "Actual Rows": 1,
            "Actual Loops": 1,
            "Plans": [
              {
                "Node Type": "Nested Loop",
                "Parent Relationship": "Outer",
                "Parallel Aware": false,
                "Join Type": "Inner",
                "Startup Cost": 35319.82,
                "Total Cost": 35566.76,
                "Plan Rows": 3,
                "Plan Width": 23,
                "Actual Startup Time": 3922.179,
                "Actual Total Time": 4788.614,
                "Actual Rows": 2552,
                "Actual Loops": 1,
                "Inner Unique": true,
                "Plans": [
                  {
                    "Node Type": "Merge Join",
                    "Parent Relationship": "Outer",
                    "Parallel Aware": false,
                    "Join Type": "Inner",
                    "Startup Cost": 35319.39,
                    "Total Cost": 35564.31,
                    "Plan Rows": 5,
                    "Plan Width": 14,
                    "Actual Startup Time": 3922.105,
                    "Actual Total Time": 4755.09,
                    "Actual Rows": 8104,
                    "Actual Loops": 1,
                    "Inner Unique": true,
                    "Merge Cond": "(mk.keyword_id = k.id)",
                    "Plans": [
                      {
                        "Node Type": "Sort",
                        "Parent Relationship": "Outer",
                        "Parallel Aware": false,
                        "Startup Cost": 32693.03,
                        "Total Cost": 32815.43,
                        "Plan Rows": 48961,
                        "Plan Width": 18,
                        "Actual Startup Time": 3713.929,
                        "Actual Total Time": 4369.897,
                        "Actual Rows": 3435061,
                        "Actual Loops": 1,
                        "Sort Key": [
                          "mk.keyword_id"
                        ],
                        "Sort Method": "quicksort",
                        "Sort Space Used": 259543,
                        "Sort Space Type": "Memory",
                        "Plans": [
                          {
                            "Node Type": "Nested Loop",
                            "Parent Relationship": "Outer",
                            "Parallel Aware": false,
                            "Join Type": "Inner",
                            "Startup Cost": 2.86,
                            "Total Cost": 28879.13,
                            "Plan Rows": 48961,
                            "Plan Width": 18,
                            "Actual Startup Time": 0.107,
                            "Actual Total Time": 2531.522,
                            "Actual Rows": 3439752,
                            "Actual Loops": 1,
                            "Inner Unique": false,
                            "Plans": [
                              {
                                "Node Type": "Hash Join",
                                "Parent Relationship": "Outer",
                                "Parallel Aware": false,
                                "Join Type": "Inner",
                                "Startup Cost": 2.43,
                                "Total Cost": 19595.5,
                                "Plan Rows": 4909,
                                "Plan Width": 10,
                                "Actual Startup Time": 0.08,
                                "Actual Total Time": 427.211,
                                "Actual Rows": 450291,
                                "Actual Loops": 1,
                                "Inner Unique": true,
                                "Hash Cond": "(mi_idx.info_type_id = it.id)",
                                "Plans": [
                                  {
                                    "Node Type": "Seq Scan",
                                    "Parent Relationship": "Outer",
                                    "Parallel Aware": true,
                                    "Relation Name": "movie_info_idx",
                                    "Alias": "mi_idx",
                                    "Startup Cost": 0.0,
                                    "Total Cost": 18082.32,
                                    "Plan Rows": 554722,
                                    "Plan Width": 14,
                                    "Actual Startup Time": 0.02,
                                    "Actual Total Time": 268.063,
                                    "Actual Rows": 944918,
                                    "Actual Loops": 1,
                                    "Filter": "(info > '11'::text)",
                                    "Rows Removed by Filter": 435117
                                  },
                                  {
                                    "Node Type": "Hash",
                                    "Parent Relationship": "Inner",
                                    "Parallel Aware": false,
                                    "Startup Cost": 2.41,
                                    "Total Cost": 2.41,
                                    "Plan Rows": 1,
                                    "Plan Width": 4,
                                    "Actual Startup Time": 0.044,
                                    "Actual Total Time": 0.046,
                                    "Actual Rows": 1,
                                    "Actual Loops": 1,
                                    "Hash Buckets": 1024,
                                    "Original Hash Buckets": 1024,
                                    "Hash Batches": 1,
                                    "Original Hash Batches": 1,
                                    "Peak Memory Usage": 9,
                                    "Plans": [
                                      {
                                        "Node Type": "Seq Scan",
                                        "Parent Relationship": "Outer",
                                        "Parallel Aware": false,
                                        "Relation Name": "info_type",
                                        "Alias": "it",
                                        "Startup Cost": 0.0,
                                        "Total Cost": 2.41,
                                        "Plan Rows": 1,
                                        "Plan Width": 4,
                                        "Actual Startup Time": 0.034,
                                        "Actual Total Time": 0.038,
                                        "Actual Rows": 1,
                                        "Actual Loops": 1,
                                        "Filter": "((info)::text = 'rating'::text)",
                                        "Rows Removed by Filter": 112
                                      }
                                    ]
                                  }
                                ]
                              },
                              {
                                "Node Type": "Index Scan",
                                "Parent Relationship": "Inner",
                                "Parallel Aware": false,
                                "Scan Direction": "Forward",
                                "Index Name": "movie_id_movie_keyword",
                                "Relation Name": "movie_keyword",
                                "Alias": "mk",
                                "Startup Cost": 0.43,
                                "Total Cost": 1.43,
                                "Plan Rows": 46,
                                "Plan Width": 8,
                                "Actual Startup Time": 0.002,
                                "Actual Total Time": 0.003,
                                "Actual Rows": 8,
                                "Actual Loops": 450291,
                                "Index Cond": "(movie_id = mi_idx.movie_id)",
                                "Rows Removed by Index Recheck": 0
                              }
                            ]
                          }
                        ]
                      },
                      {
                        "Node Type": "Sort",
                        "Parent Relationship": "Inner",
                        "Parallel Aware": false,
                        "Startup Cost": 2626.37,
                        "Total Cost": 2626.4,
                        "Plan Rows": 13,
                        "Plan Width": 4,
                        "Actual Startup Time": 22.892,
                        "Actual Total Time": 22.903,
                        "Actual Rows": 30,
                        "Actual Loops": 1,
                        "Sort Key": [
                          "k.id"
                        ],
                        "Sort Method": "quicksort",
                        "Sort Space Used": 26,
                        "Sort Space Type": "Memory",
                        "Plans": [
                          {
                            "Node Type": "Seq Scan",
                            "Parent Relationship": "Outer",
                            "Parallel Aware": false,
                            "Relation Name": "keyword",
                            "Alias": "k",
                            "Startup Cost": 0.0,
                            "Total Cost": 2626.12,
                            "Plan Rows": 13,
                            "Plan Width": 4,
                            "Actual Startup Time": 1.304,
                            "Actual Total Time": 22.847,
                            "Actual Rows": 30,
                            "Actual Loops": 1,
                            "Filter": "(keyword ~~ '%sequel%'::text)",
                            "Rows Removed by Filter": 134140
                          }
                        ]
                      }
                    ]
                  },
                  {
                    "Node Type": "Index Scan",
                    "Parent Relationship": "Inner",
                    "Parallel Aware": false,
                    "Scan Direction": "Forward",
                    "Index Name": "title_pkey",
                    "Relation Name": "title",
                    "Alias": "t",
                    "Startup Cost": 0.43,
                    "Total Cost": 0.49,
                    "Plan Rows": 1,
                    "Plan Width": 21,
                    "Actual Startup Time": 0.004,
                    "Actual Total Time": 0.004,
                    "Actual Rows": 0,
                    "Actual Loops": 8104,
                    "Index Cond": "(id = mk.movie_id)",
                    "Rows Removed by Index Recheck": 0,
                    "Filter": "(production_year > 1999)",
                    "Rows Removed by Filter": 1
                  }
                ]
              }
            ]
          }
        ]
      }
    ]
  },
  "Planning Time": 1.403,
  "Triggers": [],
  "Execution Time": 4789.925
}