[
  {
    "Plan": {
      "Node Type": "Aggregate",
      "Strategy": "Plain",
      "Partial Mode": "Finalize",
      "Parallel Aware": false,
      "Startup Cost": 31911.83,
      "Total Cost": 31911.84,
      "Plan Rows": 1,
      "Plan Width": 8,
      "Actual Startup Time": 109.266,
      "Actual Total Time": 114.631,
      "Actual Rows": 1,
      "Actual Loops": 1,
      "Plans": [
        {
          "Node Type": "Gather",
          "Parent Relationship": "Outer",
          "Parallel Aware": false,
          "Startup Cost": 31911.51,
          "Total Cost": 31911.82,
          "Plan Rows": 3,
          "Plan Width": 8,
          "Actual Startup Time": 109.122,
          "Actual Total Time": 114.624,
          "Actual Rows": 4,
          "Actual Loops": 1,
          "Workers Planned": 3,
          "Workers Launched": 3,
          "Single Copy": false,
          "Plans": [
            {
              "Node Type": "Aggregate",
              "Strategy": "Plain",
              "Partial Mode": "Partial",
              "Parent Relationship": "Outer",
              "Parallel Aware": false,
              "Startup Cost": 30911.51,
              "Total Cost": 30911.52,
              "Plan Rows": 1,
              "Plan Width": 8,
              "Actual Startup Time": 104.223,
              "Actual Total Time": 104.224,
              "Actual Rows": 1,
              "Actual Loops": 4,
              "Plans": [
                {
                  "Node Type": "Seq Scan",
                  "Parent Relationship": "Outer",
                  "Parallel Aware": true,
                  "Relation Name": "movie_companies",
                  "Alias": "mc",
                  "Startup Cost": 0.0,
                  "Total Cost": 29310.68,
                  "Plan Rows": 640331,
                  "Plan Width": 0,
                  "Actual Startup Time": 0.205,
                  "Actual Total Time": 79.723,
                  "Actual Rows": 497679,
                  "Actual Loops": 4,
                  "Filter": "(company_id > 769)",
                  "Rows Removed by Filter": 154603
                }
              ]
            }
          ]
        }
      ]
    },
    "Planning Time": 0.125,
    "Triggers": [],
    "Execution Time": 114.67
  }
]