[
  {
    "Plan": {
      "Node Type": "Aggregate",
      "Strategy": "Plain",
      "Partial Mode": "Finalize",
      "Parallel Aware": false,
      "Startup Cost": 31913.79,
      "Total Cost": 31913.8,
      "Plan Rows": 1,
      "Plan Width": 8,
      "Actual Startup Time": 115.708,
      "Actual Total Time": 123.93,
      "Actual Rows": 1,
      "Actual Loops": 1,
      "Plans": [
        {
          "Node Type": "Gather",
          "Parent Relationship": "Outer",
          "Parallel Aware": false,
          "Startup Cost": 31913.47,
          "Total Cost": 31913.78,
          "Plan Rows": 3,
          "Plan Width": 8,
          "Actual Startup Time": 115.609,
          "Actual Total Time": 123.921,
          "Actual Rows": 4,
          "Actual Loops": 1,
          "Workers Planned": 3,
          "Workers Launched": 3,
          "Single Copy": false,
          "Plans": [
            {
              "Node Type": "Aggregate",
              "Strategy": "Plain",
              "Partial Mode": "Partial",
              "Parent Relationship": "Outer",
              "Parallel Aware": false,
              "Startup Cost": 30913.47,
              "Total Cost": 30913.48,
              "Plan Rows": 1,
              "Plan Width": 8,
              "Actual Startup Time": 106.925,
              "Actual Total Time": 106.925,
              "Actual Rows": 1,
              "Actual Loops": 4,
              "Plans": [
                {
                  "Node Type": "Seq Scan",
                  "Parent Relationship": "Outer",
                  "Parallel Aware": true,
                  "Relation Name": "movie_companies",
                  "Alias": "mc",
                  "Startup Cost": 0.0,
                  "Total Cost": 29310.68,
                  "Plan Rows": 641115,
                  "Plan Width": 0,
                  "Actual Startup Time": 0.472,
                  "Actual Total Time": 84.665,
                  "Actual Rows": 497679,
                  "Actual Loops": 4,
                  "Filter": "(company_id > 769)",
                  "Rows Removed by Filter": 154603
                }
              ]
            }
          ]
        }
      ]
    },
    "Planning Time": 0.185,
    "Triggers": [],
    "Execution Time": 123.986
  }
]