{
  "Plan": {
    "Node Type": "Aggregate",
    "Strategy": "Plain",
    "Partial Mode": "Finalize",
    "Parallel Aware": false,
    "Startup Cost": 77881.71,
    "Total Cost": 77881.72,
    "Plan Rows": 1,
    "Plan Width": 8,
    "Actual Startup Time": 267.075,
    "Actual Total Time": 277.914,
    "Actual Rows": 1,
    "Actual Loops": 1,
    "Plans": [
      {
        "Node Type": "Gather",
        "Parent Relationship": "Outer",
        "Parallel Aware": false,
        "Startup Cost": 77881.6,
        "Total Cost": 77881.71,
        "Plan Rows": 1,
        "Plan Width": 8,
        "Actual Startup Time": 266.769,
        "Actual Total Time": 277.902,
        "Actual Rows": 2,
        "Actual Loops": 1,
        "Workers Planned": 1,
        "Workers Launched": 1,
        "Single Copy": false,
        "Plans": [
          {
            "Node Type": "Aggregate",
            "Strategy": "Plain",
            "Partial Mode": "Partial",
            "Parent Relationship": "Outer",
            "Parallel Aware": false,
            "Startup Cost": 76881.6,
            "Total Cost": 76881.61,
            "Plan Rows": 1,
            "Plan Width": 8,
            "Actual Startup Time": 261.054,
            "Actual Total Time": 261.057,
            "Actual Rows": 1,
            "Actual Loops": 2,
            "Plans": [
              {
                "Node Type": "Hash Join",
                "Parent Relationship": "Outer",
                "Parallel Aware": true,
                "Join Type": "Inner",
                "Startup Cost": 58659.29,
                "Total Cost": 76843.08,
                "Plan Rows": 15407,
                "Plan Width": 0,
                "Actual Startup Time": 154.286,
                "Actual Total Time": 260.204,
                "Actual Rows": 19806,
                "Actual Loops": 2,
                "Inner Unique": true,
                "Hash Cond": "(mi_idx.movie_id = t.id)",
                "Plans": [
                  {
                    "Node Type": "Seq Scan",
                    "Parent Relationship": "Outer",
                    "Parallel Aware": true,
                    "Relation Name": "movie_info_idx",
                    "Alias": "mi_idx",
                    "Startup Cost": 0.0,
                    "Total Cost": 16052.85,
                    "Plan Rows": 811785,
                    "Plan Width": 4,
                    "Actual Startup Time": 0.019,
                    "Actual Total Time": 50.377,
                    "Actual Rows": 690018,
                    "Actual Loops": 2
                  },
                  {
                    "Node Type": "Hash",
                    "Parent Relationship": "Inner",
                    "Parallel Aware": true,
                    "Startup Cost": 58306.47,
                    "Total Cost": 58306.47,
                    "Plan Rows": 28226,
                    "Plan Width": 4,
                    "Actual Startup Time": 152.631,
                    "Actual Total Time": 152.632,
                    "Actual Rows": 19376,
                    "Actual Loops": 2,
                    "Hash Buckets": 65536,
                    "Original Hash Buckets": 65536,
                    "Hash Batches": 1,
                    "Original Hash Batches": 1,
                    "Peak Memory Usage": 2048,
                    "Plans": [
                      {
                        "Node Type": "Seq Scan",
                        "Parent Relationship": "Outer",
                        "Parallel Aware": true,
                        "Relation Name": "title",
                        "Alias": "t",
                        "Startup Cost": 0.0,
                        "Total Cost": 58306.47,
                        "Plan Rows": 28226,
                        "Plan Width": 4,
                        "Actual Startup Time": 0.106,
                        "Actual Total Time": 146.024,
                        "Actual Rows": 19376,
                        "Actual Loops": 2,
                        "Filter": "((kind_id < 7) AND (production_year = 2008))",
                        "Rows Removed by Filter": 1244780
                      }
                    ]
                  }
                ]
              }
            ]
          }
        ]
      }
    ]
  },
  "Planning Time": 0.505,
  "Triggers": [],
  "Execution Time": 277.984
}