[
  {
    "Plan": {
      "Node Type": "Aggregate",
      "Strategy": "Plain",
      "Partial Mode": "Finalize",
      "Parallel Aware": false,
      "Startup Cost": 30867.25,
      "Total Cost": 30867.26,
      "Plan Rows": 1,
      "Plan Width": 8,
      "Actual Startup Time": 91.315,
      "Actual Total Time": 100.216,
      "Actual Rows": 1,
      "Actual Loops": 1,
      "Plans": [
        {
          "Node Type": "Gather",
          "Parent Relationship": "Outer",
          "Parallel Aware": false,
          "Startup Cost": 30866.94,
          "Total Cost": 30867.25,
          "Plan Rows": 3,
          "Plan Width": 8,
          "Actual Startup Time": 91.213,
          "Actual Total Time": 100.208,
          "Actual Rows": 4,
          "Actual Loops": 1,
          "Workers Planned": 3,
          "Workers Launched": 3,
          "Single Copy": false,
          "Plans": [
            {
              "Node Type": "Aggregate",
              "Strategy": "Plain",
              "Partial Mode": "Partial",
              "Parent Relationship": "Outer",
              "Parallel Aware": false,
              "Startup Cost": 29866.94,
              "Total Cost": 29866.95,
              "Plan Rows": 1,
              "Plan Width": 8,
              "Actual Startup Time": 85.707,
              "Actual Total Time": 85.708,
              "Actual Rows": 1,
              "Actual Loops": 4,
              "Plans": [
                {
                  "Node Type": "Seq Scan",
                  "Parent Relationship": "Outer",
                  "Parallel Aware": true,
                  "Relation Name": "movie_companies",
                  "Alias": "mc",
                  "Startup Cost": 0.0,
                  "Total Cost": 29310.68,
                  "Plan Rows": 222502,
                  "Plan Width": 0,
                  "Actual Startup Time": 30.56,
                  "Actual Total Time": 77.937,
                  "Actual Rows": 176152,
                  "Actual Loops": 4,
                  "Filter": "(company_id > 44704)",
                  "Rows Removed by Filter": 476130
                }
              ]
            }
          ]
        }
      ]
    },
    "Planning Time": 0.136,
    "Triggers": [],
    "Execution Time": 100.259
  }
]