[
    {
        "Bao": {
            "Bao prediction": "NaN",
            "Bao recommended hint": "(no hint)"
        }
    },
    {
        "Plan": {
            "Node Type": "Aggregate",
            "Strategy": "Plain",
            "Partial Mode": "Finalize",
            "Parallel Aware": false,
            "Startup Cost": 347766.94,
            "Total Cost": 347766.95,
            "Plan Rows": 1,
            "Plan Width": 8,
            "Actual Startup Time": 616.728,
            "Actual Total Time": 657.918,
            "Actual Rows": 1,
            "Actual Loops": 1,
            "Output": [
                "count(*)"
            ],
            "Plans": [
                {
                    "Node Type": "Gather",
                    "Parent Relationship": "Outer",
                    "Parallel Aware": false,
                    "Startup Cost": 347766.32,
                    "Total Cost": 347766.93,
                    "Plan Rows": 6,
                    "Plan Width": 8,
                    "Actual Startup Time": 616.588,
                    "Actual Total Time": 657.909,
                    "Actual Rows": 7,
                    "Actual Loops": 1,
                    "Output": [
                        "(PARTIAL count(*))"
                    ],
                    "Workers Planned": 6,
                    "Workers Launched": 6,
                    "Single Copy": false,
                    "Plans": [
                        {
                            "Node Type": "Aggregate",
                            "Strategy": "Plain",
                            "Partial Mode": "Partial",
                            "Parent Relationship": "Outer",
                            "Parallel Aware": false,
                            "Startup Cost": 346766.32,
                            "Total Cost": 346766.33,
                            "Plan Rows": 1,
                            "Plan Width": 8,
                            "Actual Startup Time": 607.223,
                            "Actual Total Time": 607.225,
                            "Actual Rows": 1,
                            "Actual Loops": 7,
                            "Output": [
                                "PARTIAL count(*)"
                            ],
                            "Workers": [
                                {
                                    "Worker Number": 0,
                                    "Actual Startup Time": 604.926,
                                    "Actual Total Time": 604.927,
                                    "Actual Rows": 1,
                                    "Actual Loops": 1
                                },
                                {
                                    "Worker Number": 1,
                                    "Actual Startup Time": 605.32,
                                    "Actual Total Time": 605.322,
                                    "Actual Rows": 1,
                                    "Actual Loops": 1
                                },
                                {
                                    "Worker Number": 2,
                                    "Actual Startup Time": 605.534,
                                    "Actual Total Time": 605.536,
                                    "Actual Rows": 1,
                                    "Actual Loops": 1
                                },
                                {
                                    "Worker Number": 3,
                                    "Actual Startup Time": 605.917,
                                    "Actual Total Time": 605.918,
                                    "Actual Rows": 1,
                                    "Actual Loops": 1
                                },
                                {
                                    "Worker Number": 4,
                                    "Actual Startup Time": 606.162,
                                    "Actual Total Time": 606.163,
                                    "Actual Rows": 1,
                                    "Actual Loops": 1
                                },
                                {
                                    "Worker Number": 5,
                                    "Actual Startup Time": 606.447,
                                    "Actual Total Time": 606.448,
                                    "Actual Rows": 1,
                                    "Actual Loops": 1
                                }
                            ],
                            "Plans": [
                                {
                                    "Node Type": "Seq Scan",
                                    "Parent Relationship": "Outer",
                                    "Parallel Aware": true,
                                    "Relation Name": "cast_info",
                                    "Schema": "public",
                                    "Alias": "ci",
                                    "Startup Cost": 0.0,
                                    "Total Cost": 343318.94,
                                    "Plan Rows": 1378951,
                                    "Plan Width": 0,
                                    "Actual Startup Time": 214.639,
                                    "Actual Total Time": 583.585,
                                    "Actual Rows": 506000,
                                    "Actual Loops": 7,
                                    "Output": [
                                        "id",
                                        "person_id",
                                        "movie_id",
                                        "person_role_id",
                                        "note",
                                        "nr_order",
                                        "role_id"
                                    ],
                                    "Filter": "((ci.person_id < 1259635) AND (ci.role_id > 1))",
                                    "Rows Removed by Filter": 4671763,
                                    "Workers": [
                                        {
                                            "Worker Number": 0,
                                            "Actual Startup Time": 214.175,
                                            "Actual Total Time": 582.328,
                                            "Actual Rows": 535872,
                                            "Actual Loops": 1
                                        },
                                        {
                                            "Worker Number": 1,
                                            "Actual Startup Time": 211.654,
                                            "Actual Total Time": 582.434,
                                            "Actual Rows": 541645,
                                            "Actual Loops": 1
                                        },
                                        {
                                            "Worker Number": 2,
                                            "Actual Startup Time": 211.791,
                                            "Actual Total Time": 582.504,
                                            "Actual Rows": 543554,
                                            "Actual Loops": 1
                                        },
                                        {
                                            "Worker Number": 3,
                                            "Actual Startup Time": 210.682,
                                            "Actual Total Time": 583.886,
                                            "Actual Rows": 522947,
                                            "Actual Loops": 1
                                        },
                                        {
                                            "Worker Number": 4,
                                            "Actual Startup Time": 221.508,
                                            "Actual Total Time": 582.312,
                                            "Actual Rows": 346488,
                                            "Actual Loops": 1
                                        },
                                        {
                                            "Worker Number": 5,
                                            "Actual Startup Time": 211.477,
                                            "Actual Total Time": 582.577,
                                            "Actual Rows": 348469,
                                            "Actual Loops": 1
                                        }
                                    ]
                                }
                            ]
                        }
                    ]
                }
            ]
        },
        "Planning Time": 198.018,
        "Triggers": [],
        "Execution Time": 657.966
    }
]