[
  {
    "Plan": {
      "Node Type": "Aggregate",
      "Strategy": "Plain",
      "Partial Mode": "Finalize",
      "Parallel Aware": false,
      "Startup Cost": 430492.14,
      "Total Cost": 430492.15,
      "Plan Rows": 1,
      "Plan Width": 8,
      "Actual Startup Time": 2505.415,
      "Actual Total Time": 2582.2,
      "Actual Rows": 1,
      "Actual Loops": 1,
      "Plans": [
        {
          "Node Type": "Gather",
          "Parent Relationship": "Outer",
          "Parallel Aware": false,
          "Startup Cost": 430491.82,
          "Total Cost": 430492.13,
          "Plan Rows": 3,
          "Plan Width": 8,
          "Actual Startup Time": 2485.852,
          "Actual Total Time": 2582.187,
          "Actual Rows": 4,
          "Actual Loops": 1,
          "Workers Planned": 3,
          "Workers Launched": 3,
          "Single Copy": false,
          "Plans": [
            {
              "Node Type": "Aggregate",
              "Strategy": "Plain",
              "Partial Mode": "Partial",
              "Parent Relationship": "Outer",
              "Parallel Aware": false,
              "Startup Cost": 429491.82,
              "Total Cost": 429491.83,
              "Plan Rows": 1,
              "Plan Width": 8,
              "Actual Startup Time": 2472.792,
              "Actual Total Time": 2473.44,
              "Actual Rows": 1,
              "Actual Loops": 4,
              "Plans": [
                {
                  "Node Type": "Hash Join",
                  "Parent Relationship": "Outer",
                  "Parallel Aware": true,
                  "Join Type": "Inner",
                  "Startup Cost": 381161.51,
                  "Total Cost": 427970.26,
                  "Plan Rows": 608624,
                  "Plan Width": 0,
                  "Actual Startup Time": 1608.079,
                  "Actual Total Time": 2232.979,
                  "Actual Rows": 5232193,
                  "Actual Loops": 4,
                  "Inner Unique": false,
                  "Hash Cond": "(mk.movie_id = t.id)",
                  "Plans": [
                    {
                      "Node Type": "Seq Scan",
                      "Parent Relationship": "Outer",
                      "Parallel Aware": true,
                      "Relation Name": "movie_keyword",
                      "Alias": "mk",
                      "Startup Cost": 0.0,
                      "Total Cost": 42695.65,
                      "Plan Rows": 826327,
                      "Plan Width": 4,
                      "Actual Startup Time": 0.031,
                      "Actual Total Time": 113.13,
                      "Actual Rows": 643002,
                      "Actual Loops": 4,
                      "Filter": "(keyword_id < 6613)",
                      "Rows Removed by Filter": 487981
                    },
                    {
                      "Node Type": "Hash",
                      "Parent Relationship": "Inner",
                      "Parallel Aware": true,
                      "Startup Cost": 377281.75,
                      "Total Cost": 377281.75,
                      "Plan Rows": 310381,
                      "Plan Width": 8,
                      "Actual Startup Time": 1599.671,
                      "Actual Total Time": 1600.317,
                      "Actual Rows": 487426,
                      "Actual Loops": 4,
                      "Hash Buckets": 2097152,
                      "Original Hash Buckets": 2097152,
                      "Hash Batches": 1,
                      "Original Hash Batches": 1,
                      "Peak Memory Usage": 92736,
                      "Plans": [
                        {
                          "Node Type": "Hash Join",
                          "Parent Relationship": "Outer",
                          "Parallel Aware": true,
                          "Join Type": "Inner",
                          "Startup Cost": 46982.15,
                          "Total Cost": 377281.75,
                          "Plan Rows": 310381,
                          "Plan Width": 8,
                          "Actual Startup Time": 728.08,
                          "Actual Total Time": 1395.617,
                          "Actual Rows": 487426,
                          "Actual Loops": 4,
                          "Inner Unique": true,
                          "Hash Cond": "(ci.movie_id = t.id)",
                          "Plans": [
                            {
                              "Node Type": "Seq Scan",
                              "Parent Relationship": "Outer",
                              "Parallel Aware": true,
                              "Relation Name": "cast_info",
                              "Alias": "ci",
                              "Startup Cost": 0.0,
                              "Total Cost": 328211.39,
                              "Plan Rows": 795510,
                              "Plan Width": 4,
                              "Actual Startup Time": 529.49,
                              "Actual Total Time": 788.286,
                              "Actual Rows": 1185113,
                              "Actual Loops": 4,
                              "Filter": "(person_id > 3205439)",
                              "Rows Removed by Filter": 7875973
                            },
                            {
                              "Node Type": "Hash",
                              "Parent Relationship": "Inner",
                              "Parallel Aware": true,
                              "Startup Cost": 43899.32,
                              "Total Cost": 43899.32,
                              "Plan Rows": 246626,
                              "Plan Width": 4,
                              "Actual Startup Time": 196.422,
                              "Actual Total Time": 196.424,
                              "Actual Rows": 246262,
                              "Actual Loops": 4,
                              "Hash Buckets": 1048576,
                              "Original Hash Buckets": 1048576,
                              "Hash Batches": 1,
                              "Original Hash Batches": 1,
                              "Peak Memory Usage": 46784,
                              "Plans": [
                                {
                                  "Node Type": "Seq Scan",
                                  "Parent Relationship": "Outer",
                                  "Parallel Aware": true,
                                  "Relation Name": "title",
                                  "Alias": "t",
                                  "Startup Cost": 0.0,
                                  "Total Cost": 43899.32,
                                  "Plan Rows": 246626,
                                  "Plan Width": 4,
                                  "Actual Startup Time": 0.046,
                                  "Actual Total Time": 105.978,
                                  "Actual Rows": 246262,
                                  "Actual Loops": 4,
                                  "Filter": "(kind_id < 7)",
                                  "Rows Removed by Filter": 385816
                                }
                              ]
                            }
                          ]
                        }
                      ]
                    }
                  ]
                }
              ]
            }
          ]
        }
      ]
    },
    "Planning Time": 1.317,
    "Triggers": [],
    "Execution Time": 2582.302
  }
]