{
  "Plan": {
    "Node Type": "Aggregate",
    "Strategy": "Plain",
    "Partial Mode": "Finalize",
    "Parallel Aware": false,
    "Startup Cost": 133588.42,
    "Total Cost": 133588.43,
    "Plan Rows": 1,
    "Plan Width": 8,
    "Actual Startup Time": 699.329,
    "Actual Total Time": 716.448,
    "Actual Rows": 1,
    "Actual Loops": 1,
    "Plans": [
      {
        "Node Type": "Gather",
        "Parent Relationship": "Outer",
        "Parallel Aware": false,
        "Startup Cost": 133588.31,
        "Total Cost": 133588.42,
        "Plan Rows": 1,
        "Plan Width": 8,
        "Actual Startup Time": 695.933,
        "Actual Total Time": 716.441,
        "Actual Rows": 2,
        "Actual Loops": 1,
        "Workers Planned": 1,
        "Workers Launched": 1,
        "Single Copy": false,
        "Plans": [
          {
            "Node Type": "Aggregate",
            "Strategy": "Plain",
            "Partial Mode": "Partial",
            "Parent Relationship": "Outer",
            "Parallel Aware": false,
            "Startup Cost": 132588.31,
            "Total Cost": 132588.32,
            "Plan Rows": 1,
            "Plan Width": 8,
            "Actual Startup Time": 689.49,
            "Actual Total Time": 689.494,
            "Actual Rows": 1,
            "Actual Loops": 2,
            "Plans": [
              {
                "Node Type": "Hash Join",
                "Parent Relationship": "Outer",
                "Parallel Aware": true,
                "Join Type": "Inner",
                "Startup Cost": 71619.92,
                "Total Cost": 131270.4,
                "Plan Rows": 527163,
                "Plan Width": 0,
                "Actual Startup Time": 409.055,
                "Actual Total Time": 680.076,
                "Actual Rows": 237805,
                "Actual Loops": 2,
                "Inner Unique": true,
                "Hash Cond": "(mk.movie_id = t.id)",
                "Plans": [
                  {
                    "Node Type": "Seq Scan",
                    "Parent Relationship": "Outer",
                    "Parallel Aware": true,
                    "Relation Name": "movie_keyword",
                    "Alias": "mk",
                    "Startup Cost": 0.0,
                    "Total Cost": 57718.19,
                    "Plan Rows": 736110,
                    "Plan Width": 4,
                    "Actual Startup Time": 0.012,
                    "Actual Total Time": 159.221,
                    "Actual Rows": 629986,
                    "Actual Loops": 2,
                    "Filter": "(keyword_id < 1608)",
                    "Rows Removed by Filter": 1631978
                  },
                  {
                    "Node Type": "Hash",
                    "Parent Relationship": "Inner",
                    "Parallel Aware": true,
                    "Startup Cost": 58306.47,
                    "Total Cost": 58306.47,
                    "Plan Rows": 1065076,
                    "Plan Width": 4,
                    "Actual Startup Time": 396.066,
                    "Actual Total Time": 396.067,
                    "Actual Rows": 899954,
                    "Actual Loops": 2,
                    "Hash Buckets": 2097152,
                    "Original Hash Buckets": 2097152,
                    "Hash Batches": 1,
                    "Original Hash Batches": 1,
                    "Peak Memory Usage": 86816,
                    "Plans": [
                      {
                        "Node Type": "Seq Scan",
                        "Parent Relationship": "Outer",
                        "Parallel Aware": true,
                        "Relation Name": "title",
                        "Alias": "t",
                        "Startup Cost": 0.0,
                        "Total Cost": 58306.47,
                        "Plan Rows": 1065076,
                        "Plan Width": 4,
                        "Actual Startup Time": 0.028,
                        "Actual Total Time": 172.368,
                        "Actual Rows": 899954,
                        "Actual Loops": 2,
                        "Filter": "((kind_id > 1) AND (production_year > 1898))",
                        "Rows Removed by Filter": 364202
                      }
                    ]
                  }
                ]
              }
            ]
          }
        ]
      }
    ]
  },
  "Planning Time": 0.559,
  "Triggers": [],
  "Execution Time": 716.493
}