{
  "Plan": {
    "Node Type": "Aggregate",
    "Strategy": "Plain",
    "Partial Mode": "Finalize",
    "Parallel Aware": false,
    "Startup Cost": 136611.44,
    "Total Cost": 136611.45,
    "Plan Rows": 1,
    "Plan Width": 8,
    "Actual Startup Time": 159.772,
    "Actual Total Time": 171.187,
    "Actual Rows": 1,
    "Actual Loops": 1,
    "Plans": [
      {
        "Node Type": "Gather",
        "Parent Relationship": "Outer",
        "Parallel Aware": false,
        "Startup Cost": 136611.33,
        "Total Cost": 136611.44,
        "Plan Rows": 1,
        "Plan Width": 8,
        "Actual Startup Time": 159.534,
        "Actual Total Time": 171.181,
        "Actual Rows": 2,
        "Actual Loops": 1,
        "Workers Planned": 1,
        "Workers Launched": 1,
        "Single Copy": false,
        "Plans": [
          {
            "Node Type": "Aggregate",
            "Strategy": "Plain",
            "Partial Mode": "Partial",
            "Parent Relationship": "Outer",
            "Parallel Aware": false,
            "Startup Cost": 135611.33,
            "Total Cost": 135611.34,
            "Plan Rows": 1,
            "Plan Width": 8,
            "Actual Startup Time": 153.775,
            "Actual Total Time": 153.778,
            "Actual Rows": 1,
            "Actual Loops": 2,
            "Plans": [
              {
                "Node Type": "Hash Join",
                "Parent Relationship": "Outer",
                "Parallel Aware": true,
                "Join Type": "Inner",
                "Startup Cost": 58691.86,
                "Total Cost": 135610.14,
                "Plan Rows": 475,
                "Plan Width": 0,
                "Actual Startup Time": 147.034,
                "Actual Total Time": 153.752,
                "Actual Rows": 354,
                "Actual Loops": 2,
                "Inner Unique": true,
                "Hash Cond": "(ci.movie_id = t.id)",
                "Plans": [
                  {
                    "Node Type": "Index Scan",
                    "Parent Relationship": "Outer",
                    "Parallel Aware": true,
                    "Scan Direction": "Forward",
                    "Index Name": "person_id_cast_info",
                    "Relation Name": "cast_info",
                    "Alias": "ci",
                    "Startup Cost": 0.56,
                    "Total Cost": 76858.59,
                    "Plan Rows": 22954,
                    "Plan Width": 4,
                    "Actual Startup Time": 0.081,
                    "Actual Total Time": 3.408,
                    "Actual Rows": 17478,
                    "Actual Loops": 2,
                    "Index Cond": "(person_id < 4724)",
                    "Rows Removed by Index Recheck": 0
                  },
                  {
                    "Node Type": "Hash",
                    "Parent Relationship": "Inner",
                    "Parallel Aware": true,
                    "Startup Cost": 58306.47,
                    "Total Cost": 58306.47,
                    "Plan Rows": 30786,
                    "Plan Width": 4,
                    "Actual Startup Time": 145.535,
                    "Actual Total Time": 145.535,
                    "Actual Rows": 28455,
                    "Actual Loops": 2,
                    "Hash Buckets": 65536,
                    "Original Hash Buckets": 65536,
                    "Hash Batches": 1,
                    "Original Hash Batches": 1,
                    "Peak Memory Usage": 2784,
                    "Plans": [
                      {
                        "Node Type": "Seq Scan",
                        "Parent Relationship": "Outer",
                        "Parallel Aware": true,
                        "Relation Name": "title",
                        "Alias": "t",
                        "Startup Cost": 0.0,
                        "Total Cost": 58306.47,
                        "Plan Rows": 30786,
                        "Plan Width": 4,
                        "Actual Startup Time": 0.046,
                        "Actual Total Time": 137.573,
                        "Actual Rows": 28455,
                        "Actual Loops": 2,
                        "Filter": "((kind_id > 4) AND (production_year = 2004))",
                        "Rows Removed by Filter": 1235701
                      }
                    ]
                  }
                ]
              }
            ]
          }
        ]
      }
    ]
  },
  "Planning Time": 0.542,
  "Triggers": [],
  "Execution Time": 171.261
}