[
  {
    "Plan": {
      "Node Type": "Aggregate",
      "Strategy": "Plain",
      "Partial Mode": "Finalize",
      "Parallel Aware": false,
      "Startup Cost": 32718.51,
      "Total Cost": 32718.52,
      "Plan Rows": 1,
      "Plan Width": 8,
      "Actual Startup Time": 104.113,
      "Actual Total Time": 111.499,
      "Actual Rows": 1,
      "Actual Loops": 1,
      "Plans": [
        {
          "Node Type": "Gather",
          "Parent Relationship": "Outer",
          "Parallel Aware": false,
          "Startup Cost": 32718.19,
          "Total Cost": 32718.5,
          "Plan Rows": 3,
          "Plan Width": 8,
          "Actual Startup Time": 103.979,
          "Actual Total Time": 111.489,
          "Actual Rows": 4,
          "Actual Loops": 1,
          "Workers Planned": 3,
          "Workers Launched": 3,
          "Single Copy": false,
          "Plans": [
            {
              "Node Type": "Aggregate",
              "Strategy": "Plain",
              "Partial Mode": "Partial",
              "Parent Relationship": "Outer",
              "Parallel Aware": false,
              "Startup Cost": 31718.19,
              "Total Cost": 31718.2,
              "Plan Rows": 1,
              "Plan Width": 8,
              "Actual Startup Time": 95.249,
              "Actual Total Time": 95.251,
              "Actual Rows": 1,
              "Actual Loops": 4,
              "Plans": [
                {
                  "Node Type": "Seq Scan",
                  "Parent Relationship": "Outer",
                  "Parallel Aware": true,
                  "Relation Name": "movie_companies",
                  "Alias": "mc",
                  "Startup Cost": 0.0,
                  "Total Cost": 31414.82,
                  "Plan Rows": 121349,
                  "Plan Width": 0,
                  "Actual Startup Time": 50.648,
                  "Actual Total Time": 87.416,
                  "Actual Rows": 171682,
                  "Actual Loops": 4,
                  "Filter": "((company_id > 40541) AND (company_type_id = 2))",
                  "Rows Removed by Filter": 480600
                }
              ]
            }
          ]
        }
      ]
    },
    "Planning Time": 0.233,
    "Triggers": [],
    "Execution Time": 111.561
  }
]