[
    {
        "Bao": {
            "Bao prediction": 659.107,
            "Bao recommended hint": "(no hint)"
        }
    },
    {
        "Plan": {
            "Node Type": "Aggregate",
            "Strategy": "Plain",
            "Partial Mode": "Finalize",
            "Parallel Aware": false,
            "Startup Cost": 28986.29,
            "Total Cost": 28986.3,
            "Plan Rows": 1,
            "Plan Width": 8,
            "Actual Startup Time": 79.518,
            "Actual Total Time": 83.405,
            "Actual Rows": 1,
            "Actual Loops": 1,
            "Output": [
                "count(*)"
            ],
            "Plans": [
                {
                    "Node Type": "Gather",
                    "Parent Relationship": "Outer",
                    "Parallel Aware": false,
                    "Startup Cost": 28985.97,
                    "Total Cost": 28986.28,
                    "Plan Rows": 3,
                    "Plan Width": 8,
                    "Actual Startup Time": 79.332,
                    "Actual Total Time": 83.398,
                    "Actual Rows": 4,
                    "Actual Loops": 1,
                    "Output": [
                        "(PARTIAL count(*))"
                    ],
                    "Workers Planned": 3,
                    "Workers Launched": 3,
                    "Single Copy": false,
                    "Plans": [
                        {
                            "Node Type": "Aggregate",
                            "Strategy": "Plain",
                            "Partial Mode": "Partial",
                            "Parent Relationship": "Outer",
                            "Parallel Aware": false,
                            "Startup Cost": 27985.97,
                            "Total Cost": 27985.98,
                            "Plan Rows": 1,
                            "Plan Width": 8,
                            "Actual Startup Time": 71.014,
                            "Actual Total Time": 71.016,
                            "Actual Rows": 1,
                            "Actual Loops": 4,
                            "Output": [
                                "PARTIAL count(*)"
                            ],
                            "Workers": [
                                {
                                    "Worker Number": 0,
                                    "Actual Startup Time": 68.2,
                                    "Actual Total Time": 68.201,
                                    "Actual Rows": 1,
                                    "Actual Loops": 1
                                },
                                {
                                    "Worker Number": 1,
                                    "Actual Startup Time": 68.189,
                                    "Actual Total Time": 68.19,
                                    "Actual Rows": 1,
                                    "Actual Loops": 1
                                },
                                {
                                    "Worker Number": 2,
                                    "Actual Startup Time": 68.904,
                                    "Actual Total Time": 68.905,
                                    "Actual Rows": 1,
                                    "Actual Loops": 1
                                }
                            ],
                            "Plans": [
                                {
                                    "Node Type": "Bitmap Heap Scan",
                                    "Parent Relationship": "Outer",
                                    "Parallel Aware": true,
                                    "Relation Name": "movie_companies",
                                    "Schema": "public",
                                    "Alias": "mc",
                                    "Startup Cost": 7517.22,
                                    "Total Cost": 27706.18,
                                    "Plan Rows": 111916,
                                    "Plan Width": 0,
                                    "Actual Startup Time": 32.268,
                                    "Actual Total Time": 64.791,
                                    "Actual Rows": 88807,
                                    "Actual Loops": 4,
                                    "Recheck Cond": "(mc.company_id > 87694)",
                                    "Rows Removed by Index Recheck": 0,
                                    "Exact Heap Blocks": 3169,
                                    "Lossy Heap Blocks": 0,
                                    "Workers": [
                                        {
                                            "Worker Number": 0,
                                            "Actual Startup Time": 29.615,
                                            "Actual Total Time": 62.526,
                                            "Actual Rows": 48874,
                                            "Actual Loops": 1
                                        },
                                        {
                                            "Worker Number": 1,
                                            "Actual Startup Time": 29.483,
                                            "Actual Total Time": 62.531,
                                            "Actual Rows": 48747,
                                            "Actual Loops": 1
                                        },
                                        {
                                            "Worker Number": 2,
                                            "Actual Startup Time": 30.146,
                                            "Actual Total Time": 63.225,
                                            "Actual Rows": 55855,
                                            "Actual Loops": 1
                                        }
                                    ],
                                    "Plans": [
                                        {
                                            "Node Type": "Bitmap Index Scan",
                                            "Parent Relationship": "Outer",
                                            "Parallel Aware": false,
                                            "Index Name": "company_id_movie_companies",
                                            "Startup Cost": 0.0,
                                            "Total Cost": 7430.49,
                                            "Plan Rows": 346941,
                                            "Plan Width": 0,
                                            "Actual Startup Time": 38.872,
                                            "Actual Total Time": 38.872,
                                            "Actual Rows": 355228,
                                            "Actual Loops": 1,
                                            "Index Cond": "(mc.company_id > 87694)"
                                        }
                                    ]
                                }
                            ]
                        }
                    ]
                }
            ]
        },
        "Planning Time": 502.294,
        "Triggers": [],
        "Execution Time": 83.5
    }
]