[
  {
    "Plan": {
      "Node Type": "Aggregate",
      "Strategy": "Plain",
      "Partial Mode": "Finalize",
      "Parallel Aware": false,
      "Startup Cost": 77866.27,
      "Total Cost": 77866.28,
      "Plan Rows": 1,
      "Plan Width": 8,
      "Actual Startup Time": 421.115,
      "Actual Total Time": 441.056,
      "Actual Rows": 1,
      "Actual Loops": 1,
      "Plans": [
        {
          "Node Type": "Gather",
          "Parent Relationship": "Outer",
          "Parallel Aware": false,
          "Startup Cost": 77865.95,
          "Total Cost": 77866.26,
          "Plan Rows": 3,
          "Plan Width": 8,
          "Actual Startup Time": 412.483,
          "Actual Total Time": 441.045,
          "Actual Rows": 4,
          "Actual Loops": 1,
          "Workers Planned": 3,
          "Workers Launched": 3,
          "Single Copy": false,
          "Plans": [
            {
              "Node Type": "Aggregate",
              "Strategy": "Plain",
              "Partial Mode": "Partial",
              "Parent Relationship": "Outer",
              "Parallel Aware": false,
              "Startup Cost": 76865.95,
              "Total Cost": 76865.96,
              "Plan Rows": 1,
              "Plan Width": 8,
              "Actual Startup Time": 393.577,
              "Actual Total Time": 393.581,
              "Actual Rows": 1,
              "Actual Loops": 4,
              "Plans": [
                {
                  "Node Type": "Hash Join",
                  "Parent Relationship": "Outer",
                  "Parallel Aware": true,
                  "Join Type": "Inner",
                  "Startup Cost": 52080.69,
                  "Total Cost": 76824.05,
                  "Plan Rows": 16760,
                  "Plan Width": 0,
                  "Actual Startup Time": 362.27,
                  "Actual Total Time": 392.737,
                  "Actual Rows": 11858,
                  "Actual Loops": 4,
                  "Inner Unique": true,
                  "Hash Cond": "(mk.movie_id = t.id)",
                  "Plans": [
                    {
                      "Node Type": "Bitmap Heap Scan",
                      "Parent Relationship": "Outer",
                      "Parallel Aware": true,
                      "Relation Name": "movie_keyword",
                      "Alias": "mk",
                      "Startup Cost": 1260.07,
                      "Total Cost": 25953.21,
                      "Plan Rows": 19132,
                      "Plan Width": 4,
                      "Actual Startup Time": 8.726,
                      "Actual Total Time": 30.716,
                      "Actual Rows": 14466,
                      "Actual Loops": 4,
                      "Recheck Cond": "(keyword_id > 96003)",
                      "Rows Removed by Index Recheck": 0,
                      "Exact Heap Blocks": 4113,
                      "Lossy Heap Blocks": 0,
                      "Plans": [
                        {
                          "Node Type": "Bitmap Index Scan",
                          "Parent Relationship": "Outer",
                          "Parallel Aware": false,
                          "Index Name": "keyword_id_movie_keyword",
                          "Startup Cost": 0.0,
                          "Total Cost": 1245.24,
                          "Plan Rows": 59308,
                          "Plan Width": 0,
                          "Actual Startup Time": 5.71,
                          "Actual Total Time": 5.71,
                          "Actual Rows": 57865,
                          "Actual Loops": 1,
                          "Index Cond": "(keyword_id > 96003)"
                        }
                      ]
                    },
                    {
                      "Node Type": "Hash",
                      "Parent Relationship": "Inner",
                      "Parallel Aware": true,
                      "Startup Cost": 43898.92,
                      "Total Cost": 43898.92,
                      "Plan Rows": 553736,
                      "Plan Width": 4,
                      "Actual Startup Time": 341.793,
                      "Actual Total Time": 341.793,
                      "Actual Rows": 550924,
                      "Actual Loops": 4,
                      "Hash Buckets": 4194304,
                      "Original Hash Buckets": 4194304,
                      "Hash Batches": 1,
                      "Original Hash Batches": 1,
                      "Peak Memory Usage": 119008,
                      "Plans": [
                        {
                          "Node Type": "Seq Scan",
                          "Parent Relationship": "Outer",
                          "Parallel Aware": true,
                          "Relation Name": "title",
                          "Alias": "t",
                          "Startup Cost": 0.0,
                          "Total Cost": 43898.92,
                          "Plan Rows": 553736,
                          "Plan Width": 4,
                          "Actual Startup Time": 0.04,
                          "Actual Total Time": 118.969,
                          "Actual Rows": 550924,
                          "Actual Loops": 4,
                          "Filter": "(production_year > 1960)",
                          "Rows Removed by Filter": 81154
                        }
                      ]
                    }
                  ]
                }
              ]
            }
          ]
        }
      ]
    },
    "Planning Time": 0.731,
    "Triggers": [],
    "Execution Time": 441.146
  }
]