{
  "Plan": {
    "Node Type": "Aggregate",
    "Strategy": "Plain",
    "Partial Mode": "Finalize",
    "Parallel Aware": false,
    "Startup Cost": 547300.58,
    "Total Cost": 547300.59,
    "Plan Rows": 1,
    "Plan Width": 8,
    "Actual Startup Time": 4280.052,
    "Actual Total Time": 4327.534,
    "Actual Rows": 1,
    "Actual Loops": 1,
    "Plans": [
      {
        "Node Type": "Gather",
        "Parent Relationship": "Outer",
        "Parallel Aware": false,
        "Startup Cost": 547300.47,
        "Total Cost": 547300.58,
        "Plan Rows": 1,
        "Plan Width": 8,
        "Actual Startup Time": 4270.201,
        "Actual Total Time": 4327.528,
        "Actual Rows": 2,
        "Actual Loops": 1,
        "Workers Planned": 1,
        "Workers Launched": 1,
        "Single Copy": false,
        "Plans": [
          {
            "Node Type": "Aggregate",
            "Strategy": "Plain",
            "Partial Mode": "Partial",
            "Parent Relationship": "Outer",
            "Parallel Aware": false,
            "Startup Cost": 546300.47,
            "Total Cost": 546300.48,
            "Plan Rows": 1,
            "Plan Width": 8,
            "Actual Startup Time": 4261.056,
            "Actual Total Time": 4261.062,
            "Actual Rows": 1,
            "Actual Loops": 2,
            "Plans": [
              {
                "Node Type": "Hash Join",
                "Parent Relationship": "Outer",
                "Parallel Aware": true,
                "Join Type": "Inner",
                "Startup Cost": 471807.04,
                "Total Cost": 542289.41,
                "Plan Rows": 1604421,
                "Plan Width": 0,
                "Actual Startup Time": 2512.168,
                "Actual Total Time": 3786.565,
                "Actual Rows": 10290148,
                "Actual Loops": 2,
                "Inner Unique": false,
                "Hash Cond": "(mk.movie_id = t.id)",
                "Plans": [
                  {
                    "Node Type": "Seq Scan",
                    "Parent Relationship": "Outer",
                    "Parallel Aware": true,
                    "Relation Name": "movie_keyword",
                    "Alias": "mk",
                    "Startup Cost": 0.0,
                    "Total Cost": 51065.35,
                    "Plan Rows": 2661135,
                    "Plan Width": 4,
                    "Actual Startup Time": 0.018,
                    "Actual Total Time": 178.169,
                    "Actual Rows": 2261965,
                    "Actual Loops": 2
                  },
                  {
                    "Node Type": "Hash",
                    "Parent Relationship": "Inner",
                    "Parallel Aware": true,
                    "Startup Cost": 460598.74,
                    "Total Cost": 460598.74,
                    "Plan Rows": 896664,
                    "Plan Width": 8,
                    "Actual Startup Time": 2497.454,
                    "Actual Total Time": 2497.458,
                    "Actual Rows": 1633718,
                    "Actual Loops": 2,
                    "Hash Buckets": 4194304,
                    "Original Hash Buckets": 2097152,
                    "Hash Batches": 1,
                    "Original Hash Batches": 1,
                    "Peak Memory Usage": 176992,
                    "Plans": [
                      {
                        "Node Type": "Hash Join",
                        "Parent Relationship": "Outer",
                        "Parallel Aware": true,
                        "Join Type": "Inner",
                        "Startup Cost": 166500.89,
                        "Total Cost": 460598.74,
                        "Plan Rows": 896664,
                        "Plan Width": 8,
                        "Actual Startup Time": 745.923,
                        "Actual Total Time": 1928.504,
                        "Actual Rows": 1633718,
                        "Actual Loops": 2,
                        "Inner Unique": true,
                        "Hash Cond": "(ci.movie_id = t.id)",
                        "Plans": [
                          {
                            "Node Type": "Bitmap Heap Scan",
                            "Parent Relationship": "Outer",
                            "Parallel Aware": true,
                            "Relation Name": "cast_info",
                            "Alias": "ci",
                            "Startup Cost": 97040.19,
                            "Total Cost": 388784.29,
                            "Plan Rows": 896664,
                            "Plan Width": 4,
                            "Actual Startup Time": 154.613,
                            "Actual Total Time": 526.195,
                            "Actual Rows": 1633718,
                            "Actual Loops": 2,
                            "Recheck Cond": "(person_id < 437193)",
                            "Rows Removed by Index Recheck": 0,
                            "Filter": "(role_id < 2)",
                            "Rows Removed by Filter": 628931,
                            "Exact Heap Blocks": 30733,
                            "Lossy Heap Blocks": 0,
                            "Plans": [
                              {
                                "Node Type": "Bitmap Index Scan",
                                "Parent Relationship": "Outer",
                                "Parallel Aware": false,
                                "Index Name": "person_id_cast_info",
                                "Startup Cost": 0.0,
                                "Total Cost": 96659.11,
                                "Plan Rows": 4426472,
                                "Plan Width": 0,
                                "Actual Startup Time": 146.968,
                                "Actual Total Time": 146.968,
                                "Actual Rows": 4525297,
                                "Actual Loops": 1,
                                "Index Cond": "(person_id < 437193)"
                              }
                            ]
                          },
                          {
                            "Node Type": "Hash",
                            "Parent Relationship": "Inner",
                            "Parallel Aware": true,
                            "Startup Cost": 50870.31,
                            "Total Cost": 50870.31,
                            "Plan Rows": 1487231,
                            "Plan Width": 4,
                            "Actual Startup Time": 576.275,
                            "Actual Total Time": 576.276,
                            "Actual Rows": 1264156,
                            "Actual Loops": 2,
                            "Hash Buckets": 4194304,
                            "Original Hash Buckets": 4194304,
                            "Hash Batches": 1,
                            "Original Hash Batches": 1,
                            "Peak Memory Usage": 131712,
                            "Plans": [
                              {
                                "Node Type": "Seq Scan",
                                "Parent Relationship": "Outer",
                                "Parallel Aware": true,
                                "Relation Name": "title",
                                "Alias": "t",
                                "Startup Cost": 0.0,
                                "Total Cost": 50870.31,
                                "Plan Rows": 1487231,
                                "Plan Width": 4,
                                "Actual Startup Time": 0.034,
                                "Actual Total Time": 174.36,
                                "Actual Rows": 1264156,
                                "Actual Loops": 2
                              }
                            ]
                          }
                        ]
                      }
                    ]
                  }
                ]
              }
            ]
          }
        ]
      }
    ]
  },
  "Planning Time": 1.101,
  "Triggers": [],
  "Execution Time": 4327.644
}