[
  {
    "Plan": {
      "Node Type": "Aggregate",
      "Strategy": "Plain",
      "Partial Mode": "Simple",
      "Parallel Aware": false,
      "Startup Cost": 26626.09,
      "Total Cost": 26626.1,
      "Plan Rows": 1,
      "Plan Width": 8,
      "Actual Startup Time": 32.973,
      "Actual Total Time": 32.973,
      "Actual Rows": 1,
      "Actual Loops": 1,
      "Plans": [
        {
          "Node Type": "Bitmap Heap Scan",
          "Parent Relationship": "Outer",
          "Parallel Aware": false,
          "Relation Name": "movie_keyword",
          "Alias": "mk",
          "Startup Cost": 1272.98,
          "Total Cost": 26476.24,
          "Plan Rows": 59941,
          "Plan Width": 0,
          "Actual Startup Time": 8.101,
          "Actual Total Time": 30.439,
          "Actual Rows": 59669,
          "Actual Loops": 1,
          "Recheck Cond": "(keyword_id > 95326)",
          "Rows Removed by Index Recheck": 0,
          "Exact Heap Blocks": 13635,
          "Lossy Heap Blocks": 0,
          "Plans": [
            {
              "Node Type": "Bitmap Index Scan",
              "Parent Relationship": "Outer",
              "Parallel Aware": false,
              "Index Name": "keyword_id_movie_keyword",
              "Startup Cost": 0.0,
              "Total Cost": 1257.99,
              "Plan Rows": 59941,
              "Plan Width": 0,
              "Actual Startup Time": 5.68,
              "Actual Total Time": 5.68,
              "Actual Rows": 59669,
              "Actual Loops": 1,
              "Index Cond": "(keyword_id > 95326)"
            }
          ]
        }
      ]
    },
    "Planning Time": 0.338,
    "Triggers": [],
    "Execution Time": 33.066
  }
]