[
  {
    "Plan": {
      "Node Type": "Aggregate",
      "Strategy": "Plain",
      "Partial Mode": "Finalize",
      "Parallel Aware": false,
      "Startup Cost": 398487.9,
      "Total Cost": 398487.91,
      "Plan Rows": 1,
      "Plan Width": 8,
      "Actual Startup Time": 2322.814,
      "Actual Total Time": 2370.407,
      "Actual Rows": 1,
      "Actual Loops": 1,
      "Plans": [
        {
          "Node Type": "Gather",
          "Parent Relationship": "Outer",
          "Parallel Aware": false,
          "Startup Cost": 398487.27,
          "Total Cost": 398487.88,
          "Plan Rows": 6,
          "Plan Width": 8,
          "Actual Startup Time": 2312.818,
          "Actual Total Time": 2370.397,
          "Actual Rows": 7,
          "Actual Loops": 1,
          "Workers Planned": 6,
          "Workers Launched": 6,
          "Single Copy": false,
          "Plans": [
            {
              "Node Type": "Aggregate",
              "Strategy": "Plain",
              "Partial Mode": "Partial",
              "Parent Relationship": "Outer",
              "Parallel Aware": false,
              "Startup Cost": 397487.27,
              "Total Cost": 397487.28,
              "Plan Rows": 1,
              "Plan Width": 8,
              "Actual Startup Time": 2302.2,
              "Actual Total Time": 2302.203,
              "Actual Rows": 1,
              "Actual Loops": 7,
              "Plans": [
                {
                  "Node Type": "Hash Join",
                  "Parent Relationship": "Outer",
                  "Parallel Aware": true,
                  "Join Type": "Inner",
                  "Startup Cost": 47636.2,
                  "Total Cost": 390767.18,
                  "Plan Rows": 2688036,
                  "Plan Width": 0,
                  "Actual Startup Time": 164.217,
                  "Actual Total Time": 2191.482,
                  "Actual Rows": 2462229,
                  "Actual Loops": 7,
                  "Inner Unique": true,
                  "Hash Cond": "(ci.movie_id = t.id)",
                  "Plans": [
                    {
                      "Node Type": "Seq Scan",
                      "Parent Relationship": "Outer",
                      "Parallel Aware": true,
                      "Relation Name": "cast_info",
                      "Alias": "ci",
                      "Startup Cost": 0.0,
                      "Total Cost": 328211.39,
                      "Plan Rows": 5683646,
                      "Plan Width": 4,
                      "Actual Startup Time": 0.035,
                      "Actual Total Time": 653.564,
                      "Actual Rows": 4880638,
                      "Actual Loops": 7,
                      "Filter": "(person_id < 3654689)",
                      "Rows Removed by Filter": 297125
                    },
                    {
                      "Node Type": "Hash",
                      "Parent Relationship": "Inner",
                      "Parallel Aware": true,
                      "Startup Cost": 43899.32,
                      "Total Cost": 43899.32,
                      "Plan Rows": 298950,
                      "Plan Width": 4,
                      "Actual Startup Time": 160.683,
                      "Actual Total Time": 160.684,
                      "Actual Rows": 170360,
                      "Actual Loops": 7,
                      "Hash Buckets": 2097152,
                      "Original Hash Buckets": 2097152,
                      "Hash Batches": 1,
                      "Original Hash Batches": 1,
                      "Peak Memory Usage": 63168,
                      "Plans": [
                        {
                          "Node Type": "Seq Scan",
                          "Parent Relationship": "Outer",
                          "Parallel Aware": true,
                          "Relation Name": "title",
                          "Alias": "t",
                          "Startup Cost": 0.0,
                          "Total Cost": 43899.32,
                          "Plan Rows": 298950,
                          "Plan Width": 4,
                          "Actual Startup Time": 0.047,
                          "Actual Total Time": 78.969,
                          "Actual Rows": 170360,
                          "Actual Loops": 7,
                          "Filter": "(production_year > 2003)",
                          "Rows Removed by Filter": 190828
                        }
                      ]
                    }
                  ]
                }
              ]
            }
          ]
        }
      ]
    },
    "Planning Time": 0.253,
    "Triggers": [],
    "Execution Time": 2370.462
  }
]