[
    {
        "Bao": {
            "Bao prediction": "NaN",
            "Bao recommended hint": "(no hint)"
        }
    },
    {
        "Plan": {
            "Node Type": "Aggregate",
            "Strategy": "Plain",
            "Partial Mode": "Finalize",
            "Parallel Aware": false,
            "Startup Cost": 76708.08,
            "Total Cost": 76708.09,
            "Plan Rows": 1,
            "Plan Width": 8,
            "Actual Startup Time": 291.482,
            "Actual Total Time": 299.364,
            "Actual Rows": 1,
            "Actual Loops": 1,
            "Output": [
                "count(*)"
            ],
            "Plans": [
                {
                    "Node Type": "Gather",
                    "Parent Relationship": "Outer",
                    "Parallel Aware": false,
                    "Startup Cost": 76707.66,
                    "Total Cost": 76708.07,
                    "Plan Rows": 4,
                    "Plan Width": 8,
                    "Actual Startup Time": 288.499,
                    "Actual Total Time": 299.351,
                    "Actual Rows": 5,
                    "Actual Loops": 1,
                    "Output": [
                        "(PARTIAL count(*))"
                    ],
                    "Workers Planned": 4,
                    "Workers Launched": 4,
                    "Single Copy": false,
                    "Plans": [
                        {
                            "Node Type": "Aggregate",
                            "Strategy": "Plain",
                            "Partial Mode": "Partial",
                            "Parent Relationship": "Outer",
                            "Parallel Aware": false,
                            "Startup Cost": 75707.66,
                            "Total Cost": 75707.67,
                            "Plan Rows": 1,
                            "Plan Width": 8,
                            "Actual Startup Time": 278.524,
                            "Actual Total Time": 278.528,
                            "Actual Rows": 1,
                            "Actual Loops": 5,
                            "Output": [
                                "PARTIAL count(*)"
                            ],
                            "Workers": [
                                {
                                    "Worker Number": 0,
                                    "Actual Startup Time": 275.578,
                                    "Actual Total Time": 275.581,
                                    "Actual Rows": 1,
                                    "Actual Loops": 1
                                },
                                {
                                    "Worker Number": 1,
                                    "Actual Startup Time": 276.007,
                                    "Actual Total Time": 276.011,
                                    "Actual Rows": 1,
                                    "Actual Loops": 1
                                },
                                {
                                    "Worker Number": 2,
                                    "Actual Startup Time": 276.302,
                                    "Actual Total Time": 276.305,
                                    "Actual Rows": 1,
                                    "Actual Loops": 1
                                },
                                {
                                    "Worker Number": 3,
                                    "Actual Startup Time": 277.045,
                                    "Actual Total Time": 277.049,
                                    "Actual Rows": 1,
                                    "Actual Loops": 1
                                }
                            ],
                            "Plans": [
                                {
                                    "Node Type": "Hash Join",
                                    "Parent Relationship": "Outer",
                                    "Parallel Aware": true,
                                    "Join Type": "Inner",
                                    "Startup Cost": 29703.05,
                                    "Total Cost": 75478.25,
                                    "Plan Rows": 91761,
                                    "Plan Width": 0,
                                    "Actual Startup Time": 120.289,
                                    "Actual Total Time": 274.508,
                                    "Actual Rows": 74243,
                                    "Actual Loops": 5,
                                    "Inner Unique": false,
                                    "Hash Cond": "(t.id = mc.movie_id)",
                                    "Workers": [
                                        {
                                            "Worker Number": 0,
                                            "Actual Startup Time": 112.819,
                                            "Actual Total Time": 271.775,
                                            "Actual Rows": 81813,
                                            "Actual Loops": 1
                                        },
                                        {
                                            "Worker Number": 1,
                                            "Actual Startup Time": 102.834,
                                            "Actual Total Time": 272.251,
                                            "Actual Rows": 81762,
                                            "Actual Loops": 1
                                        },
                                        {
                                            "Worker Number": 2,
                                            "Actual Startup Time": 109.638,
                                            "Actual Total Time": 272.541,
                                            "Actual Rows": 82557,
                                            "Actual Loops": 1
                                        },
                                        {
                                            "Worker Number": 3,
                                            "Actual Startup Time": 142.621,
                                            "Actual Total Time": 272.956,
                                            "Actual Rows": 53992,
                                            "Actual Loops": 1
                                        }
                                    ],
                                    "Plans": [
                                        {
                                            "Node Type": "Seq Scan",
                                            "Parent Relationship": "Outer",
                                            "Parallel Aware": true,
                                            "Relation Name": "title",
                                            "Schema": "public",
                                            "Alias": "t",
                                            "Startup Cost": 0.0,
                                            "Total Cost": 42318.81,
                                            "Plan Rows": 632080,
                                            "Plan Width": 4,
                                            "Actual Startup Time": 0.011,
                                            "Actual Total Time": 65.247,
                                            "Actual Rows": 505662,
                                            "Actual Loops": 5,
                                            "Output": [
                                                "t.id",
                                                "t.title",
                                                "t.imdb_index",
                                                "t.kind_id",
                                                "t.production_year",
                                                "t.imdb_id",
                                                "t.phonetic_code",
                                                "t.episode_of_id",
                                                "t.season_nr",
                                                "t.episode_nr",
                                                "t.series_years",
                                                "t.md5sum"
                                            ],
                                            "Workers": [
                                                {
                                                    "Worker Number": 0,
                                                    "Actual Startup Time": 0.016,
                                                    "Actual Total Time": 67.53,
                                                    "Actual Rows": 558411,
                                                    "Actual Loops": 1
                                                },
                                                {
                                                    "Worker Number": 1,
                                                    "Actual Startup Time": 0.012,
                                                    "Actual Total Time": 65.135,
                                                    "Actual Rows": 539534,
                                                    "Actual Loops": 1
                                                },
                                                {
                                                    "Worker Number": 2,
                                                    "Actual Startup Time": 0.008,
                                                    "Actual Total Time": 67.317,
                                                    "Actual Rows": 566892,
                                                    "Actual Loops": 1
                                                },
                                                {
                                                    "Worker Number": 3,
                                                    "Actual Startup Time": 0.013,
                                                    "Actual Total Time": 69.979,
                                                    "Actual Rows": 364971,
                                                    "Actual Loops": 1
                                                }
                                            ]
                                        },
                                        {
                                            "Node Type": "Hash",
                                            "Parent Relationship": "Inner",
                                            "Parallel Aware": true,
                                            "Startup Cost": 28223.04,
                                            "Total Cost": 28223.04,
                                            "Plan Rows": 118401,
                                            "Plan Width": 4,
                                            "Actual Startup Time": 98.552,
                                            "Actual Total Time": 98.553,
                                            "Actual Rows": 74243,
                                            "Actual Loops": 5,
                                            "Output": [
                                                "mc.movie_id"
                                            ],
                                            "Hash Buckets": 524288,
                                            "Original Hash Buckets": 524288,
                                            "Hash Batches": 1,
                                            "Original Hash Batches": 1,
                                            "Peak Memory Usage": 18656,
                                            "Workers": [
                                                {
                                                    "Worker Number": 0,
                                                    "Actual Startup Time": 98.116,
                                                    "Actual Total Time": 98.118,
                                                    "Actual Rows": 70333,
                                                    "Actual Loops": 1
                                                },
                                                {
                                                    "Worker Number": 1,
                                                    "Actual Startup Time": 98.563,
                                                    "Actual Total Time": 98.564,
                                                    "Actual Rows": 67640,
                                                    "Actual Loops": 1
                                                },
                                                {
                                                    "Worker Number": 2,
                                                    "Actual Startup Time": 98.862,
                                                    "Actual Total Time": 98.863,
                                                    "Actual Rows": 67231,
                                                    "Actual Loops": 1
                                                },
                                                {
                                                    "Worker Number": 3,
                                                    "Actual Startup Time": 99.275,
                                                    "Actual Total Time": 99.277,
                                                    "Actual Rows": 58880,
                                                    "Actual Loops": 1
                                                }
                                            ],
                                            "Plans": [
                                                {
                                                    "Node Type": "Bitmap Heap Scan",
                                                    "Parent Relationship": "Outer",
                                                    "Parallel Aware": true,
                                                    "Relation Name": "movie_companies",
                                                    "Schema": "public",
                                                    "Alias": "mc",
                                                    "Startup Cost": 7953.02,
                                                    "Total Cost": 28223.04,
                                                    "Plan Rows": 118401,
                                                    "Plan Width": 4,
                                                    "Actual Startup Time": 33.56,
                                                    "Actual Total Time": 65.301,
                                                    "Actual Rows": 74243,
                                                    "Actual Loops": 5,
                                                    "Output": [
                                                        "mc.movie_id"
                                                    ],
                                                    "Recheck Cond": "(mc.company_id > 85283)",
                                                    "Rows Removed by Index Recheck": 0,
                                                    "Exact Heap Blocks": 1841,
                                                    "Lossy Heap Blocks": 0,
                                                    "Workers": [
                                                        {
                                                            "Worker Number": 0,
                                                            "Actual Startup Time": 33.509,
                                                            "Actual Total Time": 66.56,
                                                            "Actual Rows": 70333,
                                                            "Actual Loops": 1
                                                        },
                                                        {
                                                            "Worker Number": 1,
                                                            "Actual Startup Time": 33.542,
                                                            "Actual Total Time": 65.337,
                                                            "Actual Rows": 67640,
                                                            "Actual Loops": 1
                                                        },
                                                        {
                                                            "Worker Number": 2,
                                                            "Actual Startup Time": 33.564,
                                                            "Actual Total Time": 66.604,
                                                            "Actual Rows": 67231,
                                                            "Actual Loops": 1
                                                        },
                                                        {
                                                            "Worker Number": 3,
                                                            "Actual Startup Time": 33.6,
                                                            "Actual Total Time": 66.503,
                                                            "Actual Rows": 58880,
                                                            "Actual Loops": 1
                                                        }
                                                    ],
                                                    "Plans": [
                                                        {
                                                            "Node Type": "Bitmap Index Scan",
                                                            "Parent Relationship": "Outer",
                                                            "Parallel Aware": false,
                                                            "Index Name": "company_id_movie_companies",
                                                            "Startup Cost": 0.0,
                                                            "Total Cost": 7861.26,
                                                            "Plan Rows": 367044,
                                                            "Plan Width": 0,
                                                            "Actual Startup Time": 32.361,
                                                            "Actual Total Time": 32.361,
                                                            "Actual Rows": 371215,
                                                            "Actual Loops": 1,
                                                            "Index Cond": "(mc.company_id > 85283)"
                                                        }
                                                    ]
                                                }
                                            ]
                                        }
                                    ]
                                }
                            ]
                        }
                    ]
                }
            ]
        },
        "Planning Time": 325.43,
        "Triggers": [],
        "Execution Time": 299.489
    }
]