{
  "Plan": {
    "Node Type": "Aggregate",
    "Strategy": "Plain",
    "Partial Mode": "Simple",
    "Parallel Aware": false,
    "Startup Cost": 2449175.67,
    "Total Cost": 2449175.68,
    "Plan Rows": 1,
    "Plan Width": 96,
    "Actual Startup Time": 17814.448,
    "Actual Total Time": 17994.098,
    "Actual Rows": 1,
    "Actual Loops": 1,
    "Plans": [
      {
        "Node Type": "Gather",
        "Parent Relationship": "Outer",
        "Parallel Aware": false,
        "Startup Cost": 2449167.29,
        "Total Cost": 2449175.67,
        "Plan Rows": 1,
        "Plan Width": 48,
        "Actual Startup Time": 17811.188,
        "Actual Total Time": 17994.061,
        "Actual Rows": 88,
        "Actual Loops": 1,
        "Workers Planned": 1,
        "Workers Launched": 1,
        "Single Copy": false,
        "Plans": [
          {
            "Node Type": "Merge Join",
            "Parent Relationship": "Outer",
            "Parallel Aware": false,
            "Join Type": "Inner",
            "Startup Cost": 2448167.29,
            "Total Cost": 2448175.57,
            "Plan Rows": 1,
            "Plan Width": 48,
            "Actual Startup Time": 17804.323,
            "Actual Total Time": 17804.35,
            "Actual Rows": 44,
            "Actual Loops": 2,
            "Inner Unique": true,
            "Merge Cond": "(ci.person_id = n.id)",
            "Plans": [
              {
                "Node Type": "Sort",
                "Parent Relationship": "Outer",
                "Parallel Aware": false,
                "Startup Cost": 2340443.93,
                "Total Cost": 2340447.05,
                "Plan Rows": 1248,
                "Plan Width": 37,
                "Actual Startup Time": 17367.375,
                "Actual Total Time": 17373.484,
                "Actual Rows": 44883,
                "Actual Loops": 2,
                "Sort Key": [
                  "ci.person_id"
                ],
                "Sort Method": "quicksort",
                "Sort Space Used": 46167,
                "Sort Space Type": "Memory",
                "Workers": [
                  {
                    "Worker Number": 0,
                    "Sort Method": "quicksort",
                    "Sort Space Used": 44307,
                    "Sort Space Type": "Memory"
                  }
                ],
                "Plans": [
                  {
                    "Node Type": "Merge Join",
                    "Parent Relationship": "Outer",
                    "Parallel Aware": false,
                    "Join Type": "Inner",
                    "Startup Cost": 241521.25,
                    "Total Cost": 2340379.74,
                    "Plan Rows": 1248,
                    "Plan Width": 37,
                    "Actual Startup Time": 2167.503,
                    "Actual Total Time": 17238.431,
                    "Actual Rows": 392738,
                    "Actual Loops": 2,
                    "Inner Unique": false,
                    "Merge Cond": "(ci.movie_id = t.id)",
                    "Plans": [
                      {
                        "Node Type": "Index Scan",
                        "Parent Relationship": "Outer",
                        "Parallel Aware": true,
                        "Scan Direction": "Forward",
                        "Index Name": "movie_id_cast_info",
                        "Relation Name": "cast_info",
                        "Alias": "ci",
                        "Startup Cost": 0.56,
                        "Total Cost": 1925505.54,
                        "Plan Rows": 21328132,
                        "Plan Width": 8,
                        "Actual Startup Time": 0.063,
                        "Actual Total Time": 12429.054,
                        "Actual Rows": 18121175,
                        "Actual Loops": 2
                      },
                      {
                        "Node Type": "Materialize",
                        "Parent Relationship": "Inner",
                        "Parallel Aware": false,
                        "Startup Cost": 241520.69,
                        "Total Cost": 361535.52,
                        "Plan Rows": 148,
                        "Plan Width": 41,
                        "Actual Startup Time": 2080.646,
                        "Actual Total Time": 3586.259,
                        "Actual Rows": 399814,
                        "Actual Loops": 2,
                        "Plans": [
                          {
                            "Node Type": "Merge Join",
                            "Parent Relationship": "Outer",
                            "Parallel Aware": false,
                            "Join Type": "Inner",
                            "Startup Cost": 241520.69,
                            "Total Cost": 361535.15,
                            "Plan Rows": 148,
                            "Plan Width": 41,
                            "Actual Startup Time": 2080.637,
                            "Actual Total Time": 3559.436,
                            "Actual Rows": 14165,
                            "Actual Loops": 2,
                            "Inner Unique": false,
                            "Merge Cond": "(t.id = mk.movie_id)",
                            "Plans": [
                              {
                                "Node Type": "Index Scan",
                                "Parent Relationship": "Outer",
                                "Parallel Aware": false,
                                "Scan Direction": "Forward",
                                "Index Name": "title_pkey",
                                "Relation Name": "title",
                                "Alias": "t",
                                "Startup Cost": 0.43,
                                "Total Cost": 116680.33,
                                "Plan Rows": 1389987,
                                "Plan Width": 21,
                                "Actual Startup Time": 0.121,
                                "Actual Total Time": 1398.869,
                                "Actual Rows": 1381080,
                                "Actual Loops": 2,
                                "Filter": "(production_year > 2000)",
                                "Rows Removed by Filter": 1144653
                              },
                              {
                                "Node Type": "Sort",
                                "Parent Relationship": "Inner",
                                "Parallel Aware": false,
                                "Startup Cost": 241506.68,
                                "Total Cost": 241507.36,
                                "Plan Rows": 270,
                                "Plan Width": 20,
                                "Actual Startup Time": 2079.013,
                                "Actual Total Time": 2085.33,
                                "Actual Rows": 35548,
                                "Actual Loops": 2,
                                "Sort Key": [
                                  "mk.movie_id"
                                ],
                                "Sort Method": "quicksort",
                                "Sort Space Used": 3278,
                                "Sort Space Type": "Memory",
                                "Workers": [
                                  {
                                    "Worker Number": 0,
                                    "Sort Method": "quicksort",
                                    "Sort Space Used": 3278,
                                    "Sort Space Type": "Memory"
                                  }
                                ],
                                "Plans": [
                                  {
                                    "Node Type": "Merge Join",
                                    "Parent Relationship": "Outer",
                                    "Parallel Aware": false,
                                    "Join Type": "Inner",
                                    "Startup Cost": 4474.73,
                                    "Total Cost": 241495.78,
                                    "Plan Rows": 270,
                                    "Plan Width": 20,
                                    "Actual Startup Time": 407.738,
                                    "Actual Total Time": 2069.722,
                                    "Actual Rows": 35548,
                                    "Actual Loops": 2,
                                    "Inner Unique": true,
                                    "Merge Cond": "(mk.keyword_id = k.id)",
                                    "Plans": [
                                      {
                                        "Node Type": "Index Scan",
                                        "Parent Relationship": "Outer",
                                        "Parallel Aware": false,
                                        "Scan Direction": "Forward",
                                        "Index Name": "keyword_id_movie_keyword",
                                        "Relation Name": "movie_keyword",
                                        "Alias": "mk",
                                        "Startup Cost": 0.43,
                                        "Total Cost": 226550.7,
                                        "Plan Rows": 4523930,
                                        "Plan Width": 8,
                                        "Actual Startup Time": 0.079,
                                        "Actual Total Time": 1799.038,
                                        "Actual Rows": 2796931,
                                        "Actual Loops": 2
                                      },
                                      {
                                        "Node Type": "Sort",
                                        "Parent Relationship": "Inner",
                                        "Parallel Aware": false,
                                        "Startup Cost": 3632.52,
                                        "Total Cost": 3632.54,
                                        "Plan Rows": 8,
                                        "Plan Width": 20,
                                        "Actual Startup Time": 43.45,
                                        "Actual Total Time": 43.459,
                                        "Actual Rows": 8,
                                        "Actual Loops": 2,
                                        "Sort Key": [
                                          "k.id"
                                        ],
                                        "Sort Method": "quicksort",
                                        "Sort Space Used": 25,
                                        "Sort Space Type": "Memory",
                                        "Workers": [
                                          {
                                            "Worker Number": 0,
                                            "Sort Method": "quicksort",
                                            "Sort Space Used": 25,
                                            "Sort Space Type": "Memory"
                                          }
                                        ],
                                        "Plans": [
                                          {
                                            "Node Type": "Seq Scan",
                                            "Parent Relationship": "Outer",
                                            "Parallel Aware": false,
                                            "Relation Name": "keyword",
                                            "Alias": "k",
                                            "Startup Cost": 0.0,
                                            "Total Cost": 3632.4,
                                            "Plan Rows": 8,
                                            "Plan Width": 20,
                                            "Actual Startup Time": 0.304,
                                            "Actual Total Time": 43.421,
                                            "Actual Rows": 8,
                                            "Actual Loops": 2,
                                            "Filter": "(keyword = ANY ('{superhero,sequel,second-part,marvel-comics,based-on-comic,tv-special,fight,violence}'::text[]))",
                                            "Rows Removed by Filter": 134162
                                          }
                                        ]
                                      }
                                    ]
                                  }
                                ]
                              }
                            ]
                          }
                        ]
                      }
                    ]
                  }
                ]
              },
              {
                "Node Type": "Sort",
                "Parent Relationship": "Inner",
                "Parallel Aware": false,
                "Startup Cost": 107723.36,
                "Total Cost": 107724.4,
                "Plan Rows": 417,
                "Plan Width": 19,
                "Actual Startup Time": 425.701,
                "Actual Total Time": 425.703,
                "Actual Rows": 2,
                "Actual Loops": 2,
                "Sort Key": [
                  "n.id"
                ],
                "Sort Method": "quicksort",
                "Sort Space Used": 25,
                "Sort Space Type": "Memory",
                "Workers": [
                  {
                    "Worker Number": 0,
                    "Sort Method": "quicksort",
                    "Sort Space Used": 25,
                    "Sort Space Type": "Memory"
                  }
                ],
                "Plans": [
                  {
                    "Node Type": "Seq Scan",
                    "Parent Relationship": "Outer",
                    "Parallel Aware": false,
                    "Relation Name": "name",
                    "Alias": "n",
                    "Startup Cost": 0.0,
                    "Total Cost": 107705.21,
                    "Plan Rows": 417,
                    "Plan Width": 19,
                    "Actual Startup Time": 43.15,
                    "Actual Total Time": 425.686,
                    "Actual Rows": 2,
                    "Actual Loops": 2,
                    "Filter": "(name ~~ '%Downey%Robert%'::text)",
                    "Rows Removed by Filter": 4167489
                  }
                ]
              }
            ]
          }
        ]
      }
    ]
  },
  "Planning Time": 1.842,
  "Triggers": [],
  "Execution Time": 17994.269
}