[
  {
    "Plan": {
      "Node Type": "Aggregate",
      "Strategy": "Plain",
      "Partial Mode": "Finalize",
      "Parallel Aware": false,
      "Startup Cost": 397361.79,
      "Total Cost": 397361.8,
      "Plan Rows": 1,
      "Plan Width": 8,
      "Actual Startup Time": 1072.237,
      "Actual Total Time": 1131.36,
      "Actual Rows": 1,
      "Actual Loops": 1,
      "Plans": [
        {
          "Node Type": "Gather",
          "Parent Relationship": "Outer",
          "Parallel Aware": false,
          "Startup Cost": 397361.16,
          "Total Cost": 397361.77,
          "Plan Rows": 6,
          "Plan Width": 8,
          "Actual Startup Time": 1070.747,
          "Actual Total Time": 1131.349,
          "Actual Rows": 7,
          "Actual Loops": 1,
          "Workers Planned": 6,
          "Workers Launched": 6,
          "Single Copy": false,
          "Plans": [
            {
              "Node Type": "Aggregate",
              "Strategy": "Plain",
              "Partial Mode": "Partial",
              "Parent Relationship": "Outer",
              "Parallel Aware": false,
              "Startup Cost": 396361.16,
              "Total Cost": 396361.17,
              "Plan Rows": 1,
              "Plan Width": 8,
              "Actual Startup Time": 1062.444,
              "Actual Total Time": 1062.448,
              "Actual Rows": 1,
              "Actual Loops": 7,
              "Plans": [
                {
                  "Node Type": "Hash Join",
                  "Parent Relationship": "Outer",
                  "Parallel Aware": true,
                  "Join Type": "Inner",
                  "Startup Cost": 44350.59,
                  "Total Cost": 395909.19,
                  "Plan Rows": 180789,
                  "Plan Width": 0,
                  "Actual Startup Time": 207.41,
                  "Actual Total Time": 1054.698,
                  "Actual Rows": 159337,
                  "Actual Loops": 7,
                  "Inner Unique": true,
                  "Hash Cond": "(ci.movie_id = t.id)",
                  "Plans": [
                    {
                      "Node Type": "Seq Scan",
                      "Parent Relationship": "Outer",
                      "Parallel Aware": true,
                      "Relation Name": "cast_info",
                      "Alias": "ci",
                      "Startup Cost": 0.0,
                      "Total Cost": 343257.03,
                      "Plan Rows": 3162498,
                      "Plan Width": 4,
                      "Actual Startup Time": 125.866,
                      "Actual Total Time": 656.303,
                      "Actual Rows": 2534087,
                      "Actual Loops": 7,
                      "Filter": "((person_id > 1116046) AND (role_id < 6))",
                      "Rows Removed by Filter": 2643677
                    },
                    {
                      "Node Type": "Hash",
                      "Parent Relationship": "Inner",
                      "Parallel Aware": true,
                      "Startup Cost": 43898.92,
                      "Total Cost": 43898.92,
                      "Plan Rows": 36134,
                      "Plan Width": 4,
                      "Actual Startup Time": 79.744,
                      "Actual Total Time": 79.745,
                      "Actual Rows": 20243,
                      "Actual Loops": 7,
                      "Hash Buckets": 262144,
                      "Original Hash Buckets": 262144,
                      "Hash Batches": 1,
                      "Original Hash Batches": 1,
                      "Peak Memory Usage": 7712,
                      "Plans": [
                        {
                          "Node Type": "Seq Scan",
                          "Parent Relationship": "Outer",
                          "Parallel Aware": true,
                          "Relation Name": "title",
                          "Alias": "t",
                          "Startup Cost": 0.0,
                          "Total Cost": 43898.92,
                          "Plan Rows": 36134,
                          "Plan Width": 4,
                          "Actual Startup Time": 0.038,
                          "Actual Total Time": 69.914,
                          "Actual Rows": 20243,
                          "Actual Loops": 7,
                          "Filter": "(production_year = 2010)",
                          "Rows Removed by Filter": 340944
                        }
                      ]
                    }
                  ]
                }
              ]
            }
          ]
        }
      ]
    },
    "Planning Time": 0.667,
    "Triggers": [],
    "Execution Time": 1131.452
  }
]