[
    {
        "Bao": {
            "Bao prediction": "NaN",
            "Bao recommended hint": "(no hint)"
        }
    },
    {
        "Plan": {
            "Node Type": "Aggregate",
            "Strategy": "Plain",
            "Partial Mode": "Finalize",
            "Parallel Aware": false,
            "Startup Cost": 33067.38,
            "Total Cost": 33067.39,
            "Plan Rows": 1,
            "Plan Width": 8,
            "Actual Startup Time": 98.87,
            "Actual Total Time": 103.776,
            "Actual Rows": 1,
            "Actual Loops": 1,
            "Output": [
                "count(*)"
            ],
            "Plans": [
                {
                    "Node Type": "Gather",
                    "Parent Relationship": "Outer",
                    "Parallel Aware": false,
                    "Startup Cost": 33067.06,
                    "Total Cost": 33067.37,
                    "Plan Rows": 3,
                    "Plan Width": 8,
                    "Actual Startup Time": 98.758,
                    "Actual Total Time": 103.768,
                    "Actual Rows": 4,
                    "Actual Loops": 1,
                    "Output": [
                        "(PARTIAL count(*))"
                    ],
                    "Workers Planned": 3,
                    "Workers Launched": 3,
                    "Single Copy": false,
                    "Plans": [
                        {
                            "Node Type": "Aggregate",
                            "Strategy": "Plain",
                            "Partial Mode": "Partial",
                            "Parent Relationship": "Outer",
                            "Parallel Aware": false,
                            "Startup Cost": 32067.06,
                            "Total Cost": 32067.07,
                            "Plan Rows": 1,
                            "Plan Width": 8,
                            "Actual Startup Time": 90.536,
                            "Actual Total Time": 90.537,
                            "Actual Rows": 1,
                            "Actual Loops": 4,
                            "Output": [
                                "PARTIAL count(*)"
                            ],
                            "Workers": [
                                {
                                    "Worker Number": 0,
                                    "Actual Startup Time": 87.803,
                                    "Actual Total Time": 87.804,
                                    "Actual Rows": 1,
                                    "Actual Loops": 1
                                },
                                {
                                    "Worker Number": 1,
                                    "Actual Startup Time": 87.841,
                                    "Actual Total Time": 87.842,
                                    "Actual Rows": 1,
                                    "Actual Loops": 1
                                },
                                {
                                    "Worker Number": 2,
                                    "Actual Startup Time": 88.399,
                                    "Actual Total Time": 88.4,
                                    "Actual Rows": 1,
                                    "Actual Loops": 1
                                }
                            ],
                            "Plans": [
                                {
                                    "Node Type": "Seq Scan",
                                    "Parent Relationship": "Outer",
                                    "Parallel Aware": true,
                                    "Relation Name": "movie_companies",
                                    "Schema": "public",
                                    "Alias": "mc",
                                    "Startup Cost": 0.0,
                                    "Total Cost": 31414.82,
                                    "Plan Rows": 260897,
                                    "Plan Width": 0,
                                    "Actual Startup Time": 43.199,
                                    "Actual Total Time": 79.396,
                                    "Actual Rows": 255634,
                                    "Actual Loops": 4,
                                    "Output": [
                                        "id",
                                        "movie_id",
                                        "company_id",
                                        "company_type_id",
                                        "note"
                                    ],
                                    "Filter": "((mc.company_id > 5507) AND (mc.company_type_id = 2))",
                                    "Rows Removed by Filter": 396649,
                                    "Workers": [
                                        {
                                            "Worker Number": 0,
                                            "Actual Startup Time": 40.489,
                                            "Actual Total Time": 76.905,
                                            "Actual Rows": 268087,
                                            "Actual Loops": 1
                                        },
                                        {
                                            "Worker Number": 1,
                                            "Actual Startup Time": 40.483,
                                            "Actual Total Time": 76.841,
                                            "Actual Rows": 167631,
                                            "Actual Loops": 1
                                        },
                                        {
                                            "Worker Number": 2,
                                            "Actual Startup Time": 41.064,
                                            "Actual Total Time": 77.499,
                                            "Actual Rows": 269605,
                                            "Actual Loops": 1
                                        }
                                    ]
                                }
                            ]
                        }
                    ]
                }
            ]
        },
        "Planning Time": 217.732,
        "Triggers": [],
        "Execution Time": 103.855
    }
]