[
    {
        "Bao": {
            "Bao prediction": "NaN",
            "Bao recommended hint": "(no hint)"
        }
    },
    {
        "Plan": {
            "Node Type": "Aggregate",
            "Strategy": "Plain",
            "Partial Mode": "Finalize",
            "Parallel Aware": false,
            "Startup Cost": 32777.2,
            "Total Cost": 32777.21,
            "Plan Rows": 1,
            "Plan Width": 8,
            "Actual Startup Time": 80.117,
            "Actual Total Time": 84.745,
            "Actual Rows": 1,
            "Actual Loops": 1,
            "Output": [
                "count(*)"
            ],
            "Plans": [
                {
                    "Node Type": "Gather",
                    "Parent Relationship": "Outer",
                    "Parallel Aware": false,
                    "Startup Cost": 32776.88,
                    "Total Cost": 32777.19,
                    "Plan Rows": 3,
                    "Plan Width": 8,
                    "Actual Startup Time": 80.026,
                    "Actual Total Time": 84.738,
                    "Actual Rows": 4,
                    "Actual Loops": 1,
                    "Output": [
                        "(PARTIAL count(*))"
                    ],
                    "Workers Planned": 3,
                    "Workers Launched": 3,
                    "Single Copy": false,
                    "Plans": [
                        {
                            "Node Type": "Aggregate",
                            "Strategy": "Plain",
                            "Partial Mode": "Partial",
                            "Parent Relationship": "Outer",
                            "Parallel Aware": false,
                            "Startup Cost": 31776.88,
                            "Total Cost": 31776.89,
                            "Plan Rows": 1,
                            "Plan Width": 8,
                            "Actual Startup Time": 71.986,
                            "Actual Total Time": 71.987,
                            "Actual Rows": 1,
                            "Actual Loops": 4,
                            "Output": [
                                "PARTIAL count(*)"
                            ],
                            "Workers": [
                                {
                                    "Worker Number": 0,
                                    "Actual Startup Time": 68.878,
                                    "Actual Total Time": 68.879,
                                    "Actual Rows": 1,
                                    "Actual Loops": 1
                                },
                                {
                                    "Worker Number": 1,
                                    "Actual Startup Time": 69.388,
                                    "Actual Total Time": 69.389,
                                    "Actual Rows": 1,
                                    "Actual Loops": 1
                                },
                                {
                                    "Worker Number": 2,
                                    "Actual Startup Time": 69.9,
                                    "Actual Total Time": 69.901,
                                    "Actual Rows": 1,
                                    "Actual Loops": 1
                                }
                            ],
                            "Plans": [
                                {
                                    "Node Type": "Seq Scan",
                                    "Parent Relationship": "Outer",
                                    "Parallel Aware": true,
                                    "Relation Name": "movie_companies",
                                    "Schema": "public",
                                    "Alias": "mc",
                                    "Startup Cost": 0.0,
                                    "Total Cost": 31414.82,
                                    "Plan Rows": 144826,
                                    "Plan Width": 0,
                                    "Actual Startup Time": 15.525,
                                    "Actual Total Time": 69.997,
                                    "Actual Rows": 32962,
                                    "Actual Loops": 4,
                                    "Output": [
                                        "id",
                                        "movie_id",
                                        "company_id",
                                        "company_type_id",
                                        "note"
                                    ],
                                    "Filter": "((mc.company_id > 20148) AND (mc.company_type_id < 2))",
                                    "Rows Removed by Filter": 619320,
                                    "Workers": [
                                        {
                                            "Worker Number": 0,
                                            "Actual Startup Time": 12.43,
                                            "Actual Total Time": 67.006,
                                            "Actual Rows": 24182,
                                            "Actual Loops": 1
                                        },
                                        {
                                            "Worker Number": 1,
                                            "Actual Startup Time": 12.929,
                                            "Actual Total Time": 67.468,
                                            "Actual Rows": 27444,
                                            "Actual Loops": 1
                                        },
                                        {
                                            "Worker Number": 2,
                                            "Actual Startup Time": 13.433,
                                            "Actual Total Time": 67.977,
                                            "Actual Rows": 23724,
                                            "Actual Loops": 1
                                        }
                                    ]
                                }
                            ]
                        }
                    ]
                }
            ]
        },
        "Planning Time": 206.993,
        "Triggers": [],
        "Execution Time": 84.785
    }
]