[
  {
    "Plan": {
      "Node Type": "Aggregate",
      "Strategy": "Plain",
      "Partial Mode": "Finalize",
      "Parallel Aware": false,
      "Startup Cost": 366028.39,
      "Total Cost": 366028.4,
      "Plan Rows": 1,
      "Plan Width": 8,
      "Actual Startup Time": 4225.81,
      "Actual Total Time": 4349.357,
      "Actual Rows": 1,
      "Actual Loops": 1,
      "Plans": [
        {
          "Node Type": "Gather",
          "Parent Relationship": "Outer",
          "Parallel Aware": false,
          "Startup Cost": 366027.87,
          "Total Cost": 366028.38,
          "Plan Rows": 5,
          "Plan Width": 8,
          "Actual Startup Time": 4218.375,
          "Actual Total Time": 4349.346,
          "Actual Rows": 6,
          "Actual Loops": 1,
          "Workers Planned": 5,
          "Workers Launched": 5,
          "Single Copy": false,
          "Plans": [
            {
              "Node Type": "Aggregate",
              "Strategy": "Plain",
              "Partial Mode": "Partial",
              "Parent Relationship": "Outer",
              "Parallel Aware": false,
              "Startup Cost": 365027.87,
              "Total Cost": 365027.88,
              "Plan Rows": 1,
              "Plan Width": 8,
              "Actual Startup Time": 4211.88,
              "Actual Total Time": 4211.882,
              "Actual Rows": 1,
              "Actual Loops": 6,
              "Plans": [
                {
                  "Node Type": "Nested Loop",
                  "Parent Relationship": "Outer",
                  "Parallel Aware": false,
                  "Join Type": "Inner",
                  "Startup Cost": 87370.53,
                  "Total Cost": 361997.0,
                  "Plan Rows": 1212348,
                  "Plan Width": 0,
                  "Actual Startup Time": 487.522,
                  "Actual Total Time": 4019.381,
                  "Actual Rows": 3785655,
                  "Actual Loops": 6,
                  "Inner Unique": false,
                  "Plans": [
                    {
                      "Node Type": "Merge Join",
                      "Parent Relationship": "Outer",
                      "Parallel Aware": false,
                      "Join Type": "Inner",
                      "Startup Cost": 87369.96,
                      "Total Cost": 181631.44,
                      "Plan Rows": 84557,
                      "Plan Width": 8,
                      "Actual Startup Time": 487.408,
                      "Actual Total Time": 936.179,
                      "Actual Rows": 101918,
                      "Actual Loops": 6,
                      "Inner Unique": false,
                      "Merge Cond": "(t.id = mc.movie_id)",
                      "Plans": [
                        {
                          "Node Type": "Index Only Scan",
                          "Parent Relationship": "Outer",
                          "Parallel Aware": true,
                          "Scan Direction": "Forward",
                          "Index Name": "title_pkey",
                          "Relation Name": "title",
                          "Alias": "t",
                          "Startup Cost": 0.43,
                          "Total Cost": 90125.02,
                          "Plan Rows": 505685,
                          "Plan Width": 4,
                          "Actual Startup Time": 0.12,
                          "Actual Total Time": 332.605,
                          "Actual Rows": 420946,
                          "Actual Loops": 6,
                          "Heap Fetches": 2525673
                        },
                        {
                          "Node Type": "Sort",
                          "Parent Relationship": "Inner",
                          "Parallel Aware": false,
                          "Startup Cost": 87369.47,
                          "Total Cost": 88426.43,
                          "Plan Rows": 422784,
                          "Plan Width": 4,
                          "Actual Startup Time": 486.982,
                          "Actual Total Time": 523.326,
                          "Actual Rows": 611506,
                          "Actual Loops": 6,
                          "Sort Key": [
                            "mc.movie_id"
                          ],
                          "Sort Method": "quicksort",
                          "Sort Space Used": 53241,
                          "Sort Space Type": "Memory",
                          "Workers": [
                            {
                              "Worker Number": 0,
                              "Sort Method": "quicksort",
                              "Sort Space Used": 53241,
                              "Sort Space Type": "Memory"
                            },
                            {
                              "Worker Number": 1,
                              "Sort Method": "quicksort",
                              "Sort Space Used": 53241,
                              "Sort Space Type": "Memory"
                            },
                            {
                              "Worker Number": 2,
                              "Sort Method": "quicksort",
                              "Sort Space Used": 53241,
                              "Sort Space Type": "Memory"
                            },
                            {
                              "Worker Number": 3,
                              "Sort Method": "quicksort",
                              "Sort Space Used": 53241,
                              "Sort Space Type": "Memory"
                            },
                            {
                              "Worker Number": 4,
                              "Sort Method": "quicksort",
                              "Sort Space Used": 53241,
                              "Sort Space Type": "Memory"
                            }
                          ],
                          "Plans": [
                            {
                              "Node Type": "Index Scan",
                              "Parent Relationship": "Outer",
                              "Parallel Aware": false,
                              "Scan Direction": "Forward",
                              "Index Name": "company_type_id_movie_companies",
                              "Relation Name": "movie_companies",
                              "Alias": "mc",
                              "Startup Cost": 0.43,
                              "Total Cost": 47861.23,
                              "Plan Rows": 422784,
                              "Plan Width": 4,
                              "Actual Startup Time": 0.128,
                              "Actual Total Time": 310.264,
                              "Actual Rows": 611506,
                              "Actual Loops": 6,
                              "Index Cond": "(company_type_id < 2)",
                              "Rows Removed by Index Recheck": 0,
                              "Filter": "(company_id < 2561)",
                              "Rows Removed by Filter": 662740
                            }
                          ]
                        }
                      ]
                    },
                    {
                      "Node Type": "Index Only Scan",
                      "Parent Relationship": "Inner",
                      "Parallel Aware": false,
                      "Scan Direction": "Forward",
                      "Index Name": "movie_id_cast_info",
                      "Relation Name": "cast_info",
                      "Alias": "ci",
                      "Startup Cost": 0.56,
                      "Total Cost": 1.78,
                      "Plan Rows": 35,
                      "Plan Width": 4,
                      "Actual Startup Time": 0.004,
                      "Actual Total Time": 0.027,
                      "Actual Rows": 37,
                      "Actual Loops": 611506,
                      "Index Cond": "(movie_id = t.id)",
                      "Rows Removed by Index Recheck": 0,
                      "Heap Fetches": 22713932
                    }
                  ]
                }
              ]
            }
          ]
        }
      ]
    },
    "Planning Time": 0.432,
    "Triggers": [],
    "Execution Time": 4359.999
  }
]