[
  {
    "Plan": {
      "Node Type": "Aggregate",
      "Strategy": "Plain",
      "Partial Mode": "Finalize",
      "Parallel Aware": false,
      "Startup Cost": 130882.7,
      "Total Cost": 130882.71,
      "Plan Rows": 1,
      "Plan Width": 8,
      "Actual Startup Time": 585.419,
      "Actual Total Time": 598.092,
      "Actual Rows": 1,
      "Actual Loops": 1,
      "Plans": [
        {
          "Node Type": "Gather",
          "Parent Relationship": "Outer",
          "Parallel Aware": false,
          "Startup Cost": 130882.38,
          "Total Cost": 130882.69,
          "Plan Rows": 3,
          "Plan Width": 8,
          "Actual Startup Time": 581.68,
          "Actual Total Time": 598.087,
          "Actual Rows": 4,
          "Actual Loops": 1,
          "Workers Planned": 3,
          "Workers Launched": 3,
          "Single Copy": false,
          "Plans": [
            {
              "Node Type": "Aggregate",
              "Strategy": "Plain",
              "Partial Mode": "Partial",
              "Parent Relationship": "Outer",
              "Parallel Aware": false,
              "Startup Cost": 129882.38,
              "Total Cost": 129882.39,
              "Plan Rows": 1,
              "Plan Width": 8,
              "Actual Startup Time": 575.024,
              "Actual Total Time": 575.029,
              "Actual Rows": 1,
              "Actual Loops": 4,
              "Plans": [
                {
                  "Node Type": "Hash Join",
                  "Parent Relationship": "Outer",
                  "Parallel Aware": true,
                  "Join Type": "Inner",
                  "Startup Cost": 81497.59,
                  "Total Cost": 129217.81,
                  "Plan Rows": 265829,
                  "Plan Width": 0,
                  "Actual Startup Time": 341.733,
                  "Actual Total Time": 557.286,
                  "Actual Rows": 389910,
                  "Actual Loops": 4,
                  "Inner Unique": false,
                  "Hash Cond": "(mk.movie_id = t.id)",
                  "Plans": [
                    {
                      "Node Type": "Seq Scan",
                      "Parent Relationship": "Outer",
                      "Parallel Aware": true,
                      "Relation Name": "movie_keyword",
                      "Alias": "mk",
                      "Startup Cost": 0.0,
                      "Total Cost": 42695.65,
                      "Plan Rows": 1162666,
                      "Plan Width": 4,
                      "Actual Startup Time": 0.018,
                      "Actual Total Time": 111.866,
                      "Actual Rows": 907120,
                      "Actual Loops": 4,
                      "Filter": "(keyword_id < 20603)",
                      "Rows Removed by Filter": 223863
                    },
                    {
                      "Node Type": "Hash",
                      "Parent Relationship": "Inner",
                      "Parallel Aware": true,
                      "Startup Cost": 79691.13,
                      "Total Cost": 79691.13,
                      "Plan Rows": 144517,
                      "Plan Width": 8,
                      "Actual Startup Time": 338.776,
                      "Actual Total Time": 338.779,
                      "Actual Rows": 91676,
                      "Actual Loops": 4,
                      "Hash Buckets": 1048576,
                      "Original Hash Buckets": 1048576,
                      "Hash Batches": 1,
                      "Original Hash Batches": 1,
                      "Peak Memory Usage": 22592,
                      "Plans": [
                        {
                          "Node Type": "Hash Join",
                          "Parent Relationship": "Outer",
                          "Parallel Aware": true,
                          "Join Type": "Inner",
                          "Startup Cost": 33745.74,
                          "Total Cost": 79691.13,
                          "Plan Rows": 144517,
                          "Plan Width": 8,
                          "Actual Startup Time": 112.621,
                          "Actual Total Time": 307.121,
                          "Actual Rows": 91676,
                          "Actual Loops": 4,
                          "Inner Unique": false,
                          "Hash Cond": "(t.id = mc.movie_id)",
                          "Plans": [
                            {
                              "Node Type": "Seq Scan",
                              "Parent Relationship": "Outer",
                              "Parallel Aware": true,
                              "Relation Name": "title",
                              "Alias": "t",
                              "Startup Cost": 0.0,
                              "Total Cost": 42318.81,
                              "Plan Rows": 632080,
                              "Plan Width": 4,
                              "Actual Startup Time": 0.013,
                              "Actual Total Time": 71.634,
                              "Actual Rows": 632078,
                              "Actual Loops": 4
                            },
                            {
                              "Node Type": "Hash",
                              "Parent Relationship": "Inner",
                              "Parallel Aware": true,
                              "Startup Cost": 31414.82,
                              "Total Cost": 31414.82,
                              "Plan Rows": 186474,
                              "Plan Width": 4,
                              "Actual Startup Time": 110.729,
                              "Actual Total Time": 110.73,
                              "Actual Rows": 91676,
                              "Actual Loops": 4,
                              "Hash Buckets": 1048576,
                              "Original Hash Buckets": 1048576,
                              "Hash Batches": 1,
                              "Original Hash Batches": 1,
                              "Peak Memory Usage": 22592,
                              "Plans": [
                                {
                                  "Node Type": "Seq Scan",
                                  "Parent Relationship": "Outer",
                                  "Parallel Aware": true,
                                  "Relation Name": "movie_companies",
                                  "Alias": "mc",
                                  "Startup Cost": 0.0,
                                  "Total Cost": 31414.82,
                                  "Plan Rows": 186474,
                                  "Plan Width": 4,
                                  "Actual Startup Time": 45.246,
                                  "Actual Total Time": 78.571,
                                  "Actual Rows": 91676,
                                  "Actual Loops": 4,
                                  "Filter": "((company_id < 8320) AND (company_type_id > 1))",
                                  "Rows Removed by Filter": 560607
                                }
                              ]
                            }
                          ]
                        }
                      ]
                    }
                  ]
                }
              ]
            }
          ]
        }
      ]
    },
    "Planning Time": 0.456,
    "Triggers": [],
    "Execution Time": 598.128
  }
]