[
    {
        "Bao": {
            "Bao prediction": "NaN",
            "Bao recommended hint": "(no hint)"
        }
    },
    {
        "Plan": {
            "Node Type": "Aggregate",
            "Strategy": "Plain",
            "Partial Mode": "Finalize",
            "Parallel Aware": false,
            "Startup Cost": 42714.17,
            "Total Cost": 42714.18,
            "Plan Rows": 1,
            "Plan Width": 8,
            "Actual Startup Time": 131.276,
            "Actual Total Time": 137.64,
            "Actual Rows": 1,
            "Actual Loops": 1,
            "Output": [
                "count(*)"
            ],
            "Plans": [
                {
                    "Node Type": "Gather",
                    "Parent Relationship": "Outer",
                    "Parallel Aware": false,
                    "Startup Cost": 42713.85,
                    "Total Cost": 42714.16,
                    "Plan Rows": 3,
                    "Plan Width": 8,
                    "Actual Startup Time": 131.002,
                    "Actual Total Time": 137.633,
                    "Actual Rows": 4,
                    "Actual Loops": 1,
                    "Output": [
                        "(PARTIAL count(*))"
                    ],
                    "Workers Planned": 3,
                    "Workers Launched": 3,
                    "Single Copy": false,
                    "Plans": [
                        {
                            "Node Type": "Aggregate",
                            "Strategy": "Plain",
                            "Partial Mode": "Partial",
                            "Parent Relationship": "Outer",
                            "Parallel Aware": false,
                            "Startup Cost": 41713.85,
                            "Total Cost": 41713.86,
                            "Plan Rows": 1,
                            "Plan Width": 8,
                            "Actual Startup Time": 122.449,
                            "Actual Total Time": 122.45,
                            "Actual Rows": 1,
                            "Actual Loops": 4,
                            "Output": [
                                "PARTIAL count(*)"
                            ],
                            "Workers": [
                                {
                                    "Worker Number": 0,
                                    "Actual Startup Time": 119.223,
                                    "Actual Total Time": 119.225,
                                    "Actual Rows": 1,
                                    "Actual Loops": 1
                                },
                                {
                                    "Worker Number": 1,
                                    "Actual Startup Time": 119.802,
                                    "Actual Total Time": 119.804,
                                    "Actual Rows": 1,
                                    "Actual Loops": 1
                                },
                                {
                                    "Worker Number": 2,
                                    "Actual Startup Time": 120.067,
                                    "Actual Total Time": 120.068,
                                    "Actual Rows": 1,
                                    "Actual Loops": 1
                                }
                            ],
                            "Plans": [
                                {
                                    "Node Type": "Bitmap Heap Scan",
                                    "Parent Relationship": "Outer",
                                    "Parallel Aware": true,
                                    "Relation Name": "movie_keyword",
                                    "Schema": "public",
                                    "Alias": "mk",
                                    "Startup Cost": 14054.44,
                                    "Total Cost": 41179.61,
                                    "Plan Rows": 213694,
                                    "Plan Width": 0,
                                    "Actual Startup Time": 36.665,
                                    "Actual Total Time": 113.242,
                                    "Actual Rows": 166810,
                                    "Actual Loops": 4,
                                    "Recheck Cond": "(mk.keyword_id < 521)",
                                    "Rows Removed by Index Recheck": 0,
                                    "Exact Heap Blocks": 10825,
                                    "Lossy Heap Blocks": 0,
                                    "Workers": [
                                        {
                                            "Worker Number": 0,
                                            "Actual Startup Time": 33.757,
                                            "Actual Total Time": 111.127,
                                            "Actual Rows": 132632,
                                            "Actual Loops": 1
                                        },
                                        {
                                            "Worker Number": 1,
                                            "Actual Startup Time": 34.0,
                                            "Actual Total Time": 111.104,
                                            "Actual Rows": 99689,
                                            "Actual Loops": 1
                                        },
                                        {
                                            "Worker Number": 2,
                                            "Actual Startup Time": 34.375,
                                            "Actual Total Time": 111.564,
                                            "Actual Rows": 140833,
                                            "Actual Loops": 1
                                        }
                                    ],
                                    "Plans": [
                                        {
                                            "Node Type": "Bitmap Index Scan",
                                            "Parent Relationship": "Outer",
                                            "Parallel Aware": false,
                                            "Index Name": "keyword_id_movie_keyword",
                                            "Startup Cost": 0.0,
                                            "Total Cost": 13888.82,
                                            "Plan Rows": 662452,
                                            "Plan Width": 0,
                                            "Actual Startup Time": 40.973,
                                            "Actual Total Time": 40.973,
                                            "Actual Rows": 667241,
                                            "Actual Loops": 1,
                                            "Index Cond": "(mk.keyword_id < 521)"
                                        }
                                    ]
                                }
                            ]
                        }
                    ]
                }
            ]
        },
        "Planning Time": 232.309,
        "Triggers": [],
        "Execution Time": 137.703
    }
]