{
  "Plan": {
    "Node Type": "Aggregate",
    "Strategy": "Plain",
    "Partial Mode": "Finalize",
    "Parallel Aware": false,
    "Startup Cost": 237415.84,
    "Total Cost": 237415.85,
    "Plan Rows": 1,
    "Plan Width": 8,
    "Actual Startup Time": 1266.577,
    "Actual Total Time": 1287.387,
    "Actual Rows": 1,
    "Actual Loops": 1,
    "Plans": [
      {
        "Node Type": "Gather",
        "Parent Relationship": "Outer",
        "Parallel Aware": false,
        "Startup Cost": 237415.73,
        "Total Cost": 237415.84,
        "Plan Rows": 1,
        "Plan Width": 8,
        "Actual Startup Time": 1260.921,
        "Actual Total Time": 1287.377,
        "Actual Rows": 2,
        "Actual Loops": 1,
        "Workers Planned": 1,
        "Workers Launched": 1,
        "Single Copy": false,
        "Plans": [
          {
            "Node Type": "Aggregate",
            "Strategy": "Plain",
            "Partial Mode": "Partial",
            "Parent Relationship": "Outer",
            "Parallel Aware": false,
            "Startup Cost": 236415.73,
            "Total Cost": 236415.74,
            "Plan Rows": 1,
            "Plan Width": 8,
            "Actual Startup Time": 1255.103,
            "Actual Total Time": 1255.108,
            "Actual Rows": 1,
            "Actual Loops": 2,
            "Plans": [
              {
                "Node Type": "Hash Join",
                "Parent Relationship": "Outer",
                "Parallel Aware": false,
                "Join Type": "Inner",
                "Startup Cost": 109244.39,
                "Total Cost": 236415.55,
                "Plan Rows": 71,
                "Plan Width": 0,
                "Actual Startup Time": 1102.505,
                "Actual Total Time": 1255.099,
                "Actual Rows": 1,
                "Actual Loops": 2,
                "Inner Unique": false,
                "Hash Cond": "(t.id = ci.movie_id)",
                "Plans": [
                  {
                    "Node Type": "Merge Join",
                    "Parent Relationship": "Outer",
                    "Parallel Aware": false,
                    "Join Type": "Inner",
                    "Startup Cost": 108179.75,
                    "Total Cost": 218343.5,
                    "Plan Rows": 358036,
                    "Plan Width": 8,
                    "Actual Startup Time": 427.747,
                    "Actual Total Time": 1229.486,
                    "Actual Rows": 441590,
                    "Actual Loops": 2,
                    "Inner Unique": false,
                    "Merge Cond": "(t.id = mc.movie_id)",
                    "Plans": [
                      {
                        "Node Type": "Index Only Scan",
                        "Parent Relationship": "Outer",
                        "Parallel Aware": true,
                        "Scan Direction": "Forward",
                        "Index Name": "title_pkey",
                        "Relation Name": "title",
                        "Alias": "t",
                        "Startup Cost": 0.43,
                        "Total Cost": 99929.35,
                        "Plan Rows": 1487231,
                        "Plan Width": 4,
                        "Actual Startup Time": 0.099,
                        "Actual Total Time": 609.746,
                        "Actual Rows": 1262874,
                        "Actual Loops": 2,
                        "Heap Fetches": 2525747
                      },
                      {
                        "Node Type": "Sort",
                        "Parent Relationship": "Inner",
                        "Parallel Aware": false,
                        "Startup Cost": 108177.23,
                        "Total Cost": 109698.88,
                        "Plan Rows": 608661,
                        "Plan Width": 4,
                        "Actual Startup Time": 427.532,
                        "Actual Total Time": 469.558,
                        "Actual Rows": 883179,
                        "Actual Loops": 2,
                        "Sort Key": [
                          "mc.movie_id"
                        ],
                        "Sort Method": "quicksort",
                        "Sort Space Used": 65976,
                        "Sort Space Type": "Memory",
                        "Workers": [
                          {
                            "Worker Number": 0,
                            "Sort Method": "quicksort",
                            "Sort Space Used": 65976,
                            "Sort Space Type": "Memory"
                          }
                        ],
                        "Plans": [
                          {
                            "Node Type": "Index Scan",
                            "Parent Relationship": "Outer",
                            "Parallel Aware": false,
                            "Scan Direction": "Forward",
                            "Index Name": "company_type_id_movie_companies",
                            "Relation Name": "movie_companies",
                            "Alias": "mc",
                            "Startup Cost": 0.43,
                            "Total Cost": 49699.27,
                            "Plan Rows": 608661,
                            "Plan Width": 4,
                            "Actual Startup Time": 0.168,
                            "Actual Total Time": 242.929,
                            "Actual Rows": 883179,
                            "Actual Loops": 2,
                            "Index Cond": "(company_type_id = 2)",
                            "Rows Removed by Index Recheck": 0,
                            "Filter": "(company_id > 12310)",
                            "Rows Removed by Filter": 451704
                          }
                        ]
                      }
                    ]
                  },
                  {
                    "Node Type": "Hash",
                    "Parent Relationship": "Inner",
                    "Parallel Aware": false,
                    "Startup Cost": 1058.43,
                    "Total Cost": 1058.43,
                    "Plan Rows": 497,
                    "Plan Width": 4,
                    "Actual Startup Time": 0.246,
                    "Actual Total Time": 0.247,
                    "Actual Rows": 4,
                    "Actual Loops": 2,
                    "Hash Buckets": 1024,
                    "Original Hash Buckets": 1024,
                    "Hash Batches": 1,
                    "Original Hash Batches": 1,
                    "Peak Memory Usage": 9,
                    "Plans": [
                      {
                        "Node Type": "Index Scan",
                        "Parent Relationship": "Outer",
                        "Parallel Aware": false,
                        "Scan Direction": "Forward",
                        "Index Name": "person_id_cast_info",
                        "Relation Name": "cast_info",
                        "Alias": "ci",
                        "Startup Cost": 0.56,
                        "Total Cost": 1058.43,
                        "Plan Rows": 497,
                        "Plan Width": 4,
                        "Actual Startup Time": 0.229,
                        "Actual Total Time": 0.235,
                        "Actual Rows": 4,
                        "Actual Loops": 2,
                        "Index Cond": "(person_id = 636710)",
                        "Rows Removed by Index Recheck": 0
                      }
                    ]
                  }
                ]
              }
            ]
          }
        ]
      }
    ]
  },
  "Planning Time": 0.959,
  "Triggers": [],
  "Execution Time": 1294.267
}