{
  "Plan": {
    "Node Type": "Aggregate",
    "Strategy": "Plain",
    "Partial Mode": "Finalize",
    "Parallel Aware": false,
    "Startup Cost": 731314.95,
    "Total Cost": 731314.96,
    "Plan Rows": 1,
    "Plan Width": 8,
    "Actual Startup Time": 4874.415,
    "Actual Total Time": 4945.255,
    "Actual Rows": 1,
    "Actual Loops": 1,
    "Plans": [
      {
        "Node Type": "Gather",
        "Parent Relationship": "Outer",
        "Parallel Aware": false,
        "Startup Cost": 731314.84,
        "Total Cost": 731314.95,
        "Plan Rows": 1,
        "Plan Width": 8,
        "Actual Startup Time": 4870.333,
        "Actual Total Time": 4945.248,
        "Actual Rows": 2,
        "Actual Loops": 1,
        "Workers Planned": 1,
        "Workers Launched": 1,
        "Single Copy": false,
        "Plans": [
          {
            "Node Type": "Aggregate",
            "Strategy": "Plain",
            "Partial Mode": "Partial",
            "Parent Relationship": "Outer",
            "Parallel Aware": false,
            "Startup Cost": 730314.84,
            "Total Cost": 730314.85,
            "Plan Rows": 1,
            "Plan Width": 8,
            "Actual Startup Time": 4863.576,
            "Actual Total Time": 4863.581,
            "Actual Rows": 1,
            "Actual Loops": 2,
            "Plans": [
              {
                "Node Type": "Hash Join",
                "Parent Relationship": "Outer",
                "Parallel Aware": true,
                "Join Type": "Inner",
                "Startup Cost": 110191.72,
                "Total Cost": 726847.11,
                "Plan Rows": 1387091,
                "Plan Width": 0,
                "Actual Startup Time": 1069.528,
                "Actual Total Time": 4528.334,
                "Actual Rows": 8647188,
                "Actual Loops": 2,
                "Inner Unique": false,
                "Hash Cond": "(ci.movie_id = t.id)",
                "Plans": [
                  {
                    "Node Type": "Seq Scan",
                    "Parent Relationship": "Outer",
                    "Parallel Aware": true,
                    "Relation Name": "cast_info",
                    "Alias": "ci",
                    "Startup Cost": 0.0,
                    "Total Cost": 572345.93,
                    "Plan Rows": 9640024,
                    "Plan Width": 4,
                    "Actual Startup Time": 489.873,
                    "Actual Total Time": 1755.522,
                    "Actual Rows": 10215244,
                    "Actual Loops": 2,
                    "Filter": "((person_id > 1103506) AND (role_id > 1))",
                    "Rows Removed by Filter": 7906928
                  },
                  {
                    "Node Type": "Hash",
                    "Parent Relationship": "Inner",
                    "Parallel Aware": true,
                    "Startup Cost": 107516.77,
                    "Total Cost": 107516.77,
                    "Plan Rows": 213996,
                    "Plan Width": 8,
                    "Actual Startup Time": 573.745,
                    "Actual Total Time": 573.748,
                    "Actual Rows": 322493,
                    "Actual Loops": 2,
                    "Hash Buckets": 1048576,
                    "Original Hash Buckets": 524288,
                    "Hash Batches": 1,
                    "Original Hash Batches": 1,
                    "Peak Memory Usage": 37536,
                    "Plans": [
                      {
                        "Node Type": "Hash Join",
                        "Parent Relationship": "Outer",
                        "Parallel Aware": true,
                        "Join Type": "Inner",
                        "Startup Cost": 64158.1,
                        "Total Cost": 107516.77,
                        "Plan Rows": 213996,
                        "Plan Width": 8,
                        "Actual Startup Time": 246.95,
                        "Actual Total Time": 496.984,
                        "Actual Rows": 322493,
                        "Actual Loops": 2,
                        "Inner Unique": true,
                        "Hash Cond": "(mc.movie_id = t.id)",
                        "Plans": [
                          {
                            "Node Type": "Index Scan",
                            "Parent Relationship": "Outer",
                            "Parallel Aware": true,
                            "Scan Direction": "Forward",
                            "Index Name": "company_type_id_movie_companies",
                            "Relation Name": "movie_companies",
                            "Alias": "mc",
                            "Startup Cost": 0.43,
                            "Total Cost": 41574.35,
                            "Plan Rows": 679905,
                            "Plan Width": 4,
                            "Actual Startup Time": 0.038,
                            "Actual Total Time": 115.386,
                            "Actual Rows": 637123,
                            "Actual Loops": 2,
                            "Index Cond": "(company_type_id < 2)",
                            "Rows Removed by Index Recheck": 0,
                            "Filter": "(company_id < 99553)",
                            "Rows Removed by Filter": 0
                          },
                          {
                            "Node Type": "Hash",
                            "Parent Relationship": "Inner",
                            "Parallel Aware": true,
                            "Startup Cost": 58306.47,
                            "Total Cost": 58306.47,
                            "Plan Rows": 468096,
                            "Plan Width": 4,
                            "Actual Startup Time": 240.273,
                            "Actual Total Time": 240.274,
                            "Actual Rows": 350974,
                            "Actual Loops": 2,
                            "Hash Buckets": 1048576,
                            "Original Hash Buckets": 1048576,
                            "Hash Batches": 1,
                            "Original Hash Batches": 1,
                            "Peak Memory Usage": 35680,
                            "Plans": [
                              {
                                "Node Type": "Seq Scan",
                                "Parent Relationship": "Outer",
                                "Parallel Aware": true,
                                "Relation Name": "title",
                                "Alias": "t",
                                "Startup Cost": 0.0,
                                "Total Cost": 58306.47,
                                "Plan Rows": 468096,
                                "Plan Width": 4,
                                "Actual Startup Time": 0.042,
                                "Actual Total Time": 152.442,
                                "Actual Rows": 350974,
                                "Actual Loops": 2,
                                "Filter": "((kind_id < 7) AND (production_year > 1974))",
                                "Rows Removed by Filter": 913182
                              }
                            ]
                          }
                        ]
                      }
                    ]
                  }
                ]
              }
            ]
          }
        ]
      }
    ]
  },
  "Planning Time": 1.087,
  "Triggers": [],
  "Execution Time": 4945.364
}