[
    {
        "Bao": {
            "Bao prediction": "NaN",
            "Bao recommended hint": "(no hint)"
        }
    },
    {
        "Plan": {
            "Node Type": "Aggregate",
            "Strategy": "Plain",
            "Partial Mode": "Simple",
            "Parallel Aware": false,
            "Startup Cost": 39885.53,
            "Total Cost": 39885.54,
            "Plan Rows": 1,
            "Plan Width": 8,
            "Actual Startup Time": 65.78,
            "Actual Total Time": 65.783,
            "Actual Rows": 1,
            "Actual Loops": 1,
            "Output": [
                "count(*)"
            ],
            "Plans": [
                {
                    "Node Type": "Bitmap Heap Scan",
                    "Parent Relationship": "Outer",
                    "Parallel Aware": false,
                    "Relation Name": "title",
                    "Schema": "public",
                    "Alias": "t",
                    "Startup Cost": 2107.39,
                    "Total Cost": 39877.74,
                    "Plan Rows": 3115,
                    "Plan Width": 0,
                    "Actual Startup Time": 16.234,
                    "Actual Total Time": 65.391,
                    "Actual Rows": 4737,
                    "Actual Loops": 1,
                    "Recheck Cond": "(t.kind_id = 4)",
                    "Rows Removed by Index Recheck": 0,
                    "Filter": "(t.production_year = 2002)",
                    "Rows Removed by Filter": 113497,
                    "Exact Heap Blocks": 12711,
                    "Lossy Heap Blocks": 0,
                    "Plans": [
                        {
                            "Node Type": "Bitmap Index Scan",
                            "Parent Relationship": "Outer",
                            "Parallel Aware": false,
                            "Index Name": "kind_id_title",
                            "Startup Cost": 0.0,
                            "Total Cost": 2106.61,
                            "Plan Rows": 118157,
                            "Plan Width": 0,
                            "Actual Startup Time": 11.694,
                            "Actual Total Time": 11.694,
                            "Actual Rows": 118234,
                            "Actual Loops": 1,
                            "Index Cond": "(t.kind_id = 4)"
                        }
                    ]
                }
            ]
        },
        "Planning Time": 303.99,
        "Triggers": [],
        "Execution Time": 65.864
    }
]