[
  {
    "Plan": {
      "Node Type": "Aggregate",
      "Strategy": "Plain",
      "Partial Mode": "Finalize",
      "Parallel Aware": false,
      "Startup Cost": 90461.56,
      "Total Cost": 90461.57,
      "Plan Rows": 1,
      "Plan Width": 8,
      "Actual Startup Time": 562.102,
      "Actual Total Time": 579.182,
      "Actual Rows": 1,
      "Actual Loops": 1,
      "Plans": [
        {
          "Node Type": "Gather",
          "Parent Relationship": "Outer",
          "Parallel Aware": false,
          "Startup Cost": 90461.24,
          "Total Cost": 90461.55,
          "Plan Rows": 3,
          "Plan Width": 8,
          "Actual Startup Time": 550.404,
          "Actual Total Time": 579.17,
          "Actual Rows": 4,
          "Actual Loops": 1,
          "Workers Planned": 3,
          "Workers Launched": 3,
          "Single Copy": false,
          "Plans": [
            {
              "Node Type": "Aggregate",
              "Strategy": "Plain",
              "Partial Mode": "Partial",
              "Parent Relationship": "Outer",
              "Parallel Aware": false,
              "Startup Cost": 89461.24,
              "Total Cost": 89461.25,
              "Plan Rows": 1,
              "Plan Width": 8,
              "Actual Startup Time": 538.463,
              "Actual Total Time": 538.467,
              "Actual Rows": 1,
              "Actual Loops": 4,
              "Plans": [
                {
                  "Node Type": "Hash Join",
                  "Parent Relationship": "Outer",
                  "Parallel Aware": true,
                  "Join Type": "Inner",
                  "Startup Cost": 61881.53,
                  "Total Cost": 89017.88,
                  "Plan Rows": 177345,
                  "Plan Width": 0,
                  "Actual Startup Time": 411.128,
                  "Actual Total Time": 530.287,
                  "Actual Rows": 138489,
                  "Actual Loops": 4,
                  "Inner Unique": true,
                  "Hash Cond": "(mk.movie_id = t.id)",
                  "Plans": [
                    {
                      "Node Type": "Bitmap Heap Scan",
                      "Parent Relationship": "Outer",
                      "Parallel Aware": true,
                      "Relation Name": "movie_keyword",
                      "Alias": "mk",
                      "Startup Cost": 11661.15,
                      "Total Cost": 38331.96,
                      "Plan Rows": 177345,
                      "Plan Width": 4,
                      "Actual Startup Time": 39.778,
                      "Actual Total Time": 97.773,
                      "Actual Rows": 138489,
                      "Actual Loops": 4,
                      "Recheck Cond": "(keyword_id < 397)",
                      "Rows Removed by Index Recheck": 0,
                      "Exact Heap Blocks": 7696,
                      "Lossy Heap Blocks": 0,
                      "Plans": [
                        {
                          "Node Type": "Bitmap Index Scan",
                          "Parent Relationship": "Outer",
                          "Parallel Aware": false,
                          "Index Name": "keyword_id_movie_keyword",
                          "Startup Cost": 0.0,
                          "Total Cost": 11523.71,
                          "Plan Rows": 549770,
                          "Plan Width": 0,
                          "Actual Startup Time": 35.816,
                          "Actual Total Time": 35.817,
                          "Actual Rows": 553955,
                          "Actual Loops": 1,
                          "Index Cond": "(keyword_id < 397)"
                        }
                      ]
                    },
                    {
                      "Node Type": "Hash",
                      "Parent Relationship": "Inner",
                      "Parallel Aware": true,
                      "Startup Cost": 42319.06,
                      "Total Cost": 42319.06,
                      "Plan Rows": 632106,
                      "Plan Width": 4,
                      "Actual Startup Time": 363.149,
                      "Actual Total Time": 363.15,
                      "Actual Rows": 632078,
                      "Actual Loops": 4,
                      "Hash Buckets": 4194304,
                      "Original Hash Buckets": 4194304,
                      "Hash Batches": 1,
                      "Original Hash Batches": 1,
                      "Peak Memory Usage": 131712,
                      "Plans": [
                        {
                          "Node Type": "Seq Scan",
                          "Parent Relationship": "Outer",
                          "Parallel Aware": true,
                          "Relation Name": "title",
                          "Alias": "t",
                          "Startup Cost": 0.0,
                          "Total Cost": 42319.06,
                          "Plan Rows": 632106,
                          "Plan Width": 4,
                          "Actual Startup Time": 0.04,
                          "Actual Total Time": 113.736,
                          "Actual Rows": 632078,
                          "Actual Loops": 4
                        }
                      ]
                    }
                  ]
                }
              ]
            }
          ]
        }
      ]
    },
    "Planning Time": 0.351,
    "Triggers": [],
    "Execution Time": 579.233
  }
]