[
  {
    "Plan": {
      "Node Type": "Aggregate",
      "Strategy": "Plain",
      "Partial Mode": "Finalize",
      "Parallel Aware": false,
      "Startup Cost": 90164.84,
      "Total Cost": 90164.85,
      "Plan Rows": 1,
      "Plan Width": 8,
      "Actual Startup Time": 507.555,
      "Actual Total Time": 523.839,
      "Actual Rows": 1,
      "Actual Loops": 1,
      "Plans": [
        {
          "Node Type": "Gather",
          "Parent Relationship": "Outer",
          "Parallel Aware": false,
          "Startup Cost": 90164.52,
          "Total Cost": 90164.83,
          "Plan Rows": 3,
          "Plan Width": 8,
          "Actual Startup Time": 499.457,
          "Actual Total Time": 523.829,
          "Actual Rows": 4,
          "Actual Loops": 1,
          "Workers Planned": 3,
          "Workers Launched": 3,
          "Single Copy": false,
          "Plans": [
            {
              "Node Type": "Aggregate",
              "Strategy": "Plain",
              "Partial Mode": "Partial",
              "Parent Relationship": "Outer",
              "Parallel Aware": false,
              "Startup Cost": 89164.52,
              "Total Cost": 89164.53,
              "Plan Rows": 1,
              "Plan Width": 8,
              "Actual Startup Time": 481.767,
              "Actual Total Time": 481.773,
              "Actual Rows": 1,
              "Actual Loops": 4,
              "Plans": [
                {
                  "Node Type": "Hash Join",
                  "Parent Relationship": "Outer",
                  "Parallel Aware": true,
                  "Join Type": "Inner",
                  "Startup Cost": 61647.44,
                  "Total Cost": 88730.04,
                  "Plan Rows": 173792,
                  "Plan Width": 0,
                  "Actual Startup Time": 366.081,
                  "Actual Total Time": 475.499,
                  "Actual Rows": 138489,
                  "Actual Loops": 4,
                  "Inner Unique": true,
                  "Hash Cond": "(mk.movie_id = t.id)",
                  "Plans": [
                    {
                      "Node Type": "Bitmap Heap Scan",
                      "Parent Relationship": "Outer",
                      "Parallel Aware": true,
                      "Relation Name": "movie_keyword",
                      "Alias": "mk",
                      "Startup Cost": 11427.79,
                      "Total Cost": 38054.19,
                      "Plan Rows": 173792,
                      "Plan Width": 4,
                      "Actual Startup Time": 34.16,
                      "Actual Total Time": 88.356,
                      "Actual Rows": 138489,
                      "Actual Loops": 4,
                      "Recheck Cond": "(keyword_id < 397)",
                      "Rows Removed by Index Recheck": 0,
                      "Exact Heap Blocks": 7061,
                      "Lossy Heap Blocks": 0,
                      "Plans": [
                        {
                          "Node Type": "Bitmap Index Scan",
                          "Parent Relationship": "Outer",
                          "Parallel Aware": false,
                          "Index Name": "keyword_id_movie_keyword",
                          "Startup Cost": 0.0,
                          "Total Cost": 11293.1,
                          "Plan Rows": 538756,
                          "Plan Width": 0,
                          "Actual Startup Time": 30.486,
                          "Actual Total Time": 30.495,
                          "Actual Rows": 553955,
                          "Actual Loops": 1,
                          "Index Cond": "(keyword_id < 397)"
                        }
                      ]
                    },
                    {
                      "Node Type": "Hash",
                      "Parent Relationship": "Inner",
                      "Parallel Aware": true,
                      "Startup Cost": 42318.73,
                      "Total Cost": 42318.73,
                      "Plan Rows": 632073,
                      "Plan Width": 4,
                      "Actual Startup Time": 320.973,
                      "Actual Total Time": 320.973,
                      "Actual Rows": 632078,
                      "Actual Loops": 4,
                      "Hash Buckets": 4194304,
                      "Original Hash Buckets": 4194304,
                      "Hash Batches": 1,
                      "Original Hash Batches": 1,
                      "Peak Memory Usage": 131776,
                      "Plans": [
                        {
                          "Node Type": "Seq Scan",
                          "Parent Relationship": "Outer",
                          "Parallel Aware": true,
                          "Relation Name": "title",
                          "Alias": "t",
                          "Startup Cost": 0.0,
                          "Total Cost": 42318.73,
                          "Plan Rows": 632073,
                          "Plan Width": 4,
                          "Actual Startup Time": 0.033,
                          "Actual Total Time": 95.735,
                          "Actual Rows": 632078,
                          "Actual Loops": 4
                        }
                      ]
                    }
                  ]
                }
              ]
            }
          ]
        }
      ]
    },
    "Planning Time": 0.643,
    "Triggers": [],
    "Execution Time": 523.928
  }
]