[
  {
    "Plan": {
      "Node Type": "Aggregate",
      "Strategy": "Plain",
      "Partial Mode": "Finalize",
      "Parallel Aware": false,
      "Startup Cost": 47308.59,
      "Total Cost": 47308.6,
      "Plan Rows": 1,
      "Plan Width": 8,
      "Actual Startup Time": 207.468,
      "Actual Total Time": 215.312,
      "Actual Rows": 1,
      "Actual Loops": 1,
      "Plans": [
        {
          "Node Type": "Gather",
          "Parent Relationship": "Outer",
          "Parallel Aware": false,
          "Startup Cost": 47308.27,
          "Total Cost": 47308.58,
          "Plan Rows": 3,
          "Plan Width": 8,
          "Actual Startup Time": 207.36,
          "Actual Total Time": 215.304,
          "Actual Rows": 4,
          "Actual Loops": 1,
          "Workers Planned": 3,
          "Workers Launched": 3,
          "Single Copy": false,
          "Plans": [
            {
              "Node Type": "Aggregate",
              "Strategy": "Plain",
              "Partial Mode": "Partial",
              "Parent Relationship": "Outer",
              "Parallel Aware": false,
              "Startup Cost": 46308.27,
              "Total Cost": 46308.28,
              "Plan Rows": 1,
              "Plan Width": 8,
              "Actual Startup Time": 200.338,
              "Actual Total Time": 200.339,
              "Actual Rows": 1,
              "Actual Loops": 4,
              "Plans": [
                {
                  "Node Type": "Seq Scan",
                  "Parent Relationship": "Outer",
                  "Parallel Aware": true,
                  "Relation Name": "movie_keyword",
                  "Alias": "mk",
                  "Startup Cost": 0.0,
                  "Total Cost": 42695.65,
                  "Plan Rows": 1445046,
                  "Plan Width": 0,
                  "Actual Startup Time": 0.042,
                  "Actual Total Time": 137.836,
                  "Actual Rows": 1122300,
                  "Actual Loops": 4,
                  "Filter": "(keyword_id > 41)",
                  "Rows Removed by Filter": 8682
                }
              ]
            }
          ]
        }
      ]
    },
    "Planning Time": 0.228,
    "Triggers": [],
    "Execution Time": 215.363
  }
]