[
  {
    "Plan": {
      "Node Type": "Aggregate",
      "Strategy": "Plain",
      "Partial Mode": "Finalize",
      "Parallel Aware": false,
      "Startup Cost": 46969.94,
      "Total Cost": 46969.95,
      "Plan Rows": 1,
      "Plan Width": 8,
      "Actual Startup Time": 102.452,
      "Actual Total Time": 114.436,
      "Actual Rows": 1,
      "Actual Loops": 1,
      "Plans": [
        {
          "Node Type": "Gather",
          "Parent Relationship": "Outer",
          "Parallel Aware": false,
          "Startup Cost": 46969.52,
          "Total Cost": 46969.93,
          "Plan Rows": 4,
          "Plan Width": 8,
          "Actual Startup Time": 102.139,
          "Actual Total Time": 114.427,
          "Actual Rows": 5,
          "Actual Loops": 1,
          "Workers Planned": 4,
          "Workers Launched": 4,
          "Single Copy": false,
          "Plans": [
            {
              "Node Type": "Aggregate",
              "Strategy": "Plain",
              "Partial Mode": "Partial",
              "Parent Relationship": "Outer",
              "Parallel Aware": false,
              "Startup Cost": 45969.52,
              "Total Cost": 45969.53,
              "Plan Rows": 1,
              "Plan Width": 8,
              "Actual Startup Time": 94.803,
              "Actual Total Time": 94.805,
              "Actual Rows": 1,
              "Actual Loops": 5,
              "Plans": [
                {
                  "Node Type": "Seq Scan",
                  "Parent Relationship": "Outer",
                  "Parallel Aware": true,
                  "Relation Name": "title",
                  "Alias": "t",
                  "Startup Cost": 0.0,
                  "Total Cost": 45479.1,
                  "Plan Rows": 196168,
                  "Plan Width": 0,
                  "Actual Startup Time": 0.037,
                  "Actual Total Time": 88.103,
                  "Actual Rows": 137911,
                  "Actual Loops": 5,
                  "Filter": "((kind_id < 7) AND (production_year > 1976))",
                  "Rows Removed by Filter": 367751
                }
              ]
            }
          ]
        }
      ]
    },
    "Planning Time": 0.183,
    "Triggers": [],
    "Execution Time": 114.493
  }
]