{
  "Plan": {
    "Node Type": "Aggregate",
    "Strategy": "Plain",
    "Partial Mode": "Finalize",
    "Parallel Aware": false,
    "Startup Cost": 590882.0,
    "Total Cost": 590882.01,
    "Plan Rows": 1,
    "Plan Width": 8,
    "Actual Startup Time": 1438.384,
    "Actual Total Time": 1467.441,
    "Actual Rows": 1,
    "Actual Loops": 1,
    "Plans": [
      {
        "Node Type": "Gather",
        "Parent Relationship": "Outer",
        "Parallel Aware": false,
        "Startup Cost": 590881.89,
        "Total Cost": 590882.0,
        "Plan Rows": 1,
        "Plan Width": 8,
        "Actual Startup Time": 1437.895,
        "Actual Total Time": 1467.433,
        "Actual Rows": 2,
        "Actual Loops": 1,
        "Workers Planned": 1,
        "Workers Launched": 1,
        "Single Copy": false,
        "Plans": [
          {
            "Node Type": "Aggregate",
            "Strategy": "Plain",
            "Partial Mode": "Partial",
            "Parent Relationship": "Outer",
            "Parallel Aware": false,
            "Startup Cost": 589881.89,
            "Total Cost": 589881.9,
            "Plan Rows": 1,
            "Plan Width": 8,
            "Actual Startup Time": 1431.671,
            "Actual Total Time": 1431.674,
            "Actual Rows": 1,
            "Actual Loops": 2,
            "Plans": [
              {
                "Node Type": "Nested Loop",
                "Parent Relationship": "Outer",
                "Parallel Aware": false,
                "Join Type": "Inner",
                "Startup Cost": 235192.78,
                "Total Cost": 589755.03,
                "Plan Rows": 50743,
                "Plan Width": 0,
                "Actual Startup Time": 444.839,
                "Actual Total Time": 1425.887,
                "Actual Rows": 117556,
                "Actual Loops": 2,
                "Inner Unique": false,
                "Join Filter": "(t.id = mc.movie_id)",
                "Rows Removed by Join Filter": 0,
                "Plans": [
                  {
                    "Node Type": "Hash Join",
                    "Parent Relationship": "Outer",
                    "Parallel Aware": true,
                    "Join Type": "Inner",
                    "Startup Cost": 235192.35,
                    "Total Cost": 560554.18,
                    "Plan Rows": 49171,
                    "Plan Width": 8,
                    "Actual Startup Time": 444.59,
                    "Actual Total Time": 1267.392,
                    "Actual Rows": 41770,
                    "Actual Loops": 2,
                    "Inner Unique": true,
                    "Hash Cond": "(ci.movie_id = t.id)",
                    "Plans": [
                      {
                        "Node Type": "Bitmap Heap Scan",
                        "Parent Relationship": "Outer",
                        "Parallel Aware": true,
                        "Relation Name": "cast_info",
                        "Alias": "ci",
                        "Startup Cost": 180413.73,
                        "Total Cost": 493162.55,
                        "Plan Rows": 4804946,
                        "Plan Width": 4,
                        "Actual Startup Time": 310.283,
                        "Actual Total Time": 714.81,
                        "Actual Rows": 4040614,
                        "Actual Loops": 2,
                        "Recheck Cond": "(person_id > 2872390)",
                        "Rows Removed by Index Recheck": 0,
                        "Exact Heap Blocks": 52584,
                        "Lossy Heap Blocks": 0,
                        "Plans": [
                          {
                            "Node Type": "Bitmap Index Scan",
                            "Parent Relationship": "Outer",
                            "Parallel Aware": false,
                            "Index Name": "person_id_cast_info",
                            "Startup Cost": 0.0,
                            "Total Cost": 178371.62,
                            "Plan Rows": 8168408,
                            "Plan Width": 0,
                            "Actual Startup Time": 293.978,
                            "Actual Total Time": 293.979,
                            "Actual Rows": 8081229,
                            "Actual Loops": 1,
                            "Index Cond": "(person_id > 2872390)"
                          }
                        ]
                      },
                      {
                        "Node Type": "Hash",
                        "Parent Relationship": "Inner",
                        "Parallel Aware": true,
                        "Startup Cost": 54588.39,
                        "Total Cost": 54588.39,
                        "Plan Rows": 15219,
                        "Plan Width": 4,
                        "Actual Startup Time": 132.826,
                        "Actual Total Time": 132.827,
                        "Actual Rows": 13388,
                        "Actual Loops": 2,
                        "Hash Buckets": 32768,
                        "Original Hash Buckets": 32768,
                        "Hash Batches": 1,
                        "Original Hash Batches": 1,
                        "Peak Memory Usage": 1344,
                        "Plans": [
                          {
                            "Node Type": "Seq Scan",
                            "Parent Relationship": "Outer",
                            "Parallel Aware": true,
                            "Relation Name": "title",
                            "Alias": "t",
                            "Startup Cost": 0.0,
                            "Total Cost": 54588.39,
                            "Plan Rows": 15219,
                            "Plan Width": 4,
                            "Actual Startup Time": 0.109,
                            "Actual Total Time": 128.289,
                            "Actual Rows": 13388,
                            "Actual Loops": 2,
                            "Filter": "(production_year = 1993)",
                            "Rows Removed by Filter": 1250768
                          }
                        ]
                      }
                    ]
                  },
                  {
                    "Node Type": "Index Only Scan",
                    "Parent Relationship": "Inner",
                    "Parallel Aware": false,
                    "Scan Direction": "Forward",
                    "Index Name": "movie_id_movie_companies",
                    "Relation Name": "movie_companies",
                    "Alias": "mc",
                    "Startup Cost": 0.43,
                    "Total Cost": 0.53,
                    "Plan Rows": 5,
                    "Plan Width": 4,
                    "Actual Startup Time": 0.003,
                    "Actual Total Time": 0.003,
                    "Actual Rows": 3,
                    "Actual Loops": 83539,
                    "Index Cond": "(movie_id = ci.movie_id)",
                    "Rows Removed by Index Recheck": 0,
                    "Heap Fetches": 235112
                  }
                ]
              }
            ]
          }
        ]
      }
    ]
  },
  "Planning Time": 0.944,
  "Triggers": [],
  "Execution Time": 1467.575
}