[
  {
    "Plan": {
      "Node Type": "Aggregate",
      "Strategy": "Plain",
      "Partial Mode": "Finalize",
      "Parallel Aware": false,
      "Startup Cost": 93296.07,
      "Total Cost": 93296.08,
      "Plan Rows": 1,
      "Plan Width": 8,
      "Actual Startup Time": 647.28,
      "Actual Total Time": 672.335,
      "Actual Rows": 1,
      "Actual Loops": 1,
      "Plans": [
        {
          "Node Type": "Gather",
          "Parent Relationship": "Outer",
          "Parallel Aware": false,
          "Startup Cost": 93295.76,
          "Total Cost": 93296.07,
          "Plan Rows": 3,
          "Plan Width": 8,
          "Actual Startup Time": 632.359,
          "Actual Total Time": 672.324,
          "Actual Rows": 4,
          "Actual Loops": 1,
          "Workers Planned": 3,
          "Workers Launched": 3,
          "Single Copy": false,
          "Plans": [
            {
              "Node Type": "Aggregate",
              "Strategy": "Plain",
              "Partial Mode": "Partial",
              "Parent Relationship": "Outer",
              "Parallel Aware": false,
              "Startup Cost": 92295.76,
              "Total Cost": 92295.77,
              "Plan Rows": 1,
              "Plan Width": 8,
              "Actual Startup Time": 612.795,
              "Actual Total Time": 612.8,
              "Actual Rows": 1,
              "Actual Loops": 4,
              "Plans": [
                {
                  "Node Type": "Hash Join",
                  "Parent Relationship": "Outer",
                  "Parallel Aware": true,
                  "Join Type": "Inner",
                  "Startup Cost": 64117.47,
                  "Total Cost": 91767.49,
                  "Plan Rows": 211307,
                  "Plan Width": 0,
                  "Actual Startup Time": 467.804,
                  "Actual Total Time": 602.744,
                  "Actual Rows": 164923,
                  "Actual Loops": 4,
                  "Inner Unique": true,
                  "Hash Cond": "(mk.movie_id = t.id)",
                  "Plans": [
                    {
                      "Node Type": "Bitmap Heap Scan",
                      "Parent Relationship": "Outer",
                      "Parallel Aware": true,
                      "Relation Name": "movie_keyword",
                      "Alias": "mk",
                      "Startup Cost": 13897.09,
                      "Total Cost": 40992.42,
                      "Plan Rows": 211307,
                      "Plan Width": 4,
                      "Actual Startup Time": 46.016,
                      "Actual Total Time": 117.698,
                      "Actual Rows": 164923,
                      "Actual Loops": 4,
                      "Recheck Cond": "(keyword_id > 28492)",
                      "Rows Removed by Index Recheck": 0,
                      "Exact Heap Blocks": 8932,
                      "Lossy Heap Blocks": 0,
                      "Plans": [
                        {
                          "Node Type": "Bitmap Index Scan",
                          "Parent Relationship": "Outer",
                          "Parallel Aware": false,
                          "Index Name": "keyword_id_movie_keyword",
                          "Startup Cost": 0.0,
                          "Total Cost": 13733.32,
                          "Plan Rows": 655052,
                          "Plan Width": 0,
                          "Actual Startup Time": 42.54,
                          "Actual Total Time": 42.541,
                          "Actual Rows": 659691,
                          "Actual Loops": 1,
                          "Index Cond": "(keyword_id > 28492)"
                        }
                      ]
                    },
                    {
                      "Node Type": "Hash",
                      "Parent Relationship": "Inner",
                      "Parallel Aware": true,
                      "Startup Cost": 42319.06,
                      "Total Cost": 42319.06,
                      "Plan Rows": 632106,
                      "Plan Width": 4,
                      "Actual Startup Time": 409.997,
                      "Actual Total Time": 409.998,
                      "Actual Rows": 632078,
                      "Actual Loops": 4,
                      "Hash Buckets": 4194304,
                      "Original Hash Buckets": 4194304,
                      "Hash Batches": 1,
                      "Original Hash Batches": 1,
                      "Peak Memory Usage": 131712,
                      "Plans": [
                        {
                          "Node Type": "Seq Scan",
                          "Parent Relationship": "Outer",
                          "Parallel Aware": true,
                          "Relation Name": "title",
                          "Alias": "t",
                          "Startup Cost": 0.0,
                          "Total Cost": 42319.06,
                          "Plan Rows": 632106,
                          "Plan Width": 4,
                          "Actual Startup Time": 0.044,
                          "Actual Total Time": 124.304,
                          "Actual Rows": 632078,
                          "Actual Loops": 4
                        }
                      ]
                    }
                  ]
                }
              ]
            }
          ]
        }
      ]
    },
    "Planning Time": 0.539,
    "Triggers": [],
    "Execution Time": 672.42
  }
]