[
  {
    "Plan": {
      "Node Type": "Aggregate",
      "Strategy": "Plain",
      "Partial Mode": "Finalize",
      "Parallel Aware": false,
      "Startup Cost": 79412.76,
      "Total Cost": 79412.77,
      "Plan Rows": 1,
      "Plan Width": 8,
      "Actual Startup Time": 200.877,
      "Actual Total Time": 217.385,
      "Actual Rows": 1,
      "Actual Loops": 1,
      "Plans": [
        {
          "Node Type": "Gather",
          "Parent Relationship": "Outer",
          "Parallel Aware": false,
          "Startup Cost": 79412.44,
          "Total Cost": 79412.75,
          "Plan Rows": 3,
          "Plan Width": 8,
          "Actual Startup Time": 200.25,
          "Actual Total Time": 217.374,
          "Actual Rows": 4,
          "Actual Loops": 1,
          "Workers Planned": 3,
          "Workers Launched": 3,
          "Single Copy": false,
          "Plans": [
            {
              "Node Type": "Aggregate",
              "Strategy": "Plain",
              "Partial Mode": "Partial",
              "Parent Relationship": "Outer",
              "Parallel Aware": false,
              "Startup Cost": 78412.44,
              "Total Cost": 78412.45,
              "Plan Rows": 1,
              "Plan Width": 8,
              "Actual Startup Time": 191.159,
              "Actual Total Time": 191.163,
              "Actual Rows": 1,
              "Actual Loops": 4,
              "Plans": [
                {
                  "Node Type": "Hash Join",
                  "Parent Relationship": "Outer",
                  "Parallel Aware": true,
                  "Join Type": "Inner",
                  "Startup Cost": 52422.13,
                  "Total Cost": 78402.68,
                  "Plan Rows": 3906,
                  "Plan Width": 0,
                  "Actual Startup Time": 131.649,
                  "Actual Total Time": 191.128,
                  "Actual Rows": 322,
                  "Actual Loops": 4,
                  "Inner Unique": true,
                  "Hash Cond": "(mk.movie_id = t.id)",
                  "Plans": [
                    {
                      "Node Type": "Bitmap Heap Scan",
                      "Parent Relationship": "Outer",
                      "Parallel Aware": true,
                      "Relation Name": "movie_keyword",
                      "Alias": "mk",
                      "Startup Cost": 6637.25,
                      "Total Cost": 32352.87,
                      "Plan Rows": 100929,
                      "Plan Width": 4,
                      "Actual Startup Time": 21.699,
                      "Actual Total Time": 68.803,
                      "Actual Rows": 76864,
                      "Actual Loops": 4,
                      "Recheck Cond": "(keyword_id > 52922)",
                      "Rows Removed by Index Recheck": 0,
                      "Exact Heap Blocks": 6849,
                      "Lossy Heap Blocks": 0,
                      "Plans": [
                        {
                          "Node Type": "Bitmap Index Scan",
                          "Parent Relationship": "Outer",
                          "Parallel Aware": false,
                          "Index Name": "keyword_id_movie_keyword",
                          "Startup Cost": 0.0,
                          "Total Cost": 6559.03,
                          "Plan Rows": 312880,
                          "Plan Width": 0,
                          "Actual Startup Time": 18.209,
                          "Actual Total Time": 18.21,
                          "Actual Rows": 307455,
                          "Actual Loops": 1,
                          "Index Cond": "(keyword_id > 52922)"
                        }
                      ]
                    },
                    {
                      "Node Type": "Hash",
                      "Parent Relationship": "Inner",
                      "Parallel Aware": true,
                      "Startup Cost": 45479.1,
                      "Total Cost": 45479.1,
                      "Plan Rows": 24462,
                      "Plan Width": 4,
                      "Actual Startup Time": 107.563,
                      "Actual Total Time": 107.564,
                      "Actual Rows": 27600,
                      "Actual Loops": 4,
                      "Hash Buckets": 131072,
                      "Original Hash Buckets": 131072,
                      "Hash Batches": 1,
                      "Original Hash Batches": 1,
                      "Peak Memory Usage": 5408,
                      "Plans": [
                        {
                          "Node Type": "Seq Scan",
                          "Parent Relationship": "Outer",
                          "Parallel Aware": true,
                          "Relation Name": "title",
                          "Alias": "t",
                          "Startup Cost": 0.0,
                          "Total Cost": 45479.1,
                          "Plan Rows": 24462,
                          "Plan Width": 4,
                          "Actual Startup Time": 0.039,
                          "Actual Total Time": 96.425,
                          "Actual Rows": 27600,
                          "Actual Loops": 4,
                          "Filter": "((kind_id = 7) AND (production_year = 2012))",
                          "Rows Removed by Filter": 604478
                        }
                      ]
                    }
                  ]
                }
              ]
            }
          ]
        }
      ]
    },
    "Planning Time": 0.649,
    "Triggers": [],
    "Execution Time": 217.482
  }
]