[
  {
    "Plan": {
      "Node Type": "Aggregate",
      "Strategy": "Plain",
      "Partial Mode": "Finalize",
      "Parallel Aware": false,
      "Startup Cost": 406497.1,
      "Total Cost": 406497.11,
      "Plan Rows": 1,
      "Plan Width": 8,
      "Actual Startup Time": 1914.204,
      "Actual Total Time": 1978.635,
      "Actual Rows": 1,
      "Actual Loops": 1,
      "Plans": [
        {
          "Node Type": "Gather",
          "Parent Relationship": "Outer",
          "Parallel Aware": false,
          "Startup Cost": 406496.48,
          "Total Cost": 406497.09,
          "Plan Rows": 6,
          "Plan Width": 8,
          "Actual Startup Time": 1902.606,
          "Actual Total Time": 1978.54,
          "Actual Rows": 7,
          "Actual Loops": 1,
          "Workers Planned": 6,
          "Workers Launched": 6,
          "Single Copy": false,
          "Plans": [
            {
              "Node Type": "Aggregate",
              "Strategy": "Plain",
              "Partial Mode": "Partial",
              "Parent Relationship": "Outer",
              "Parallel Aware": false,
              "Startup Cost": 405496.48,
              "Total Cost": 405496.49,
              "Plan Rows": 1,
              "Plan Width": 8,
              "Actual Startup Time": 1892.096,
              "Actual Total Time": 1892.214,
              "Actual Rows": 1,
              "Actual Loops": 7,
              "Plans": [
                {
                  "Node Type": "Hash Join",
                  "Parent Relationship": "Outer",
                  "Parallel Aware": true,
                  "Join Type": "Inner",
                  "Startup Cost": 48716.04,
                  "Total Cost": 401700.87,
                  "Plan Rows": 1518244,
                  "Plan Width": 0,
                  "Actual Startup Time": 376.015,
                  "Actual Total Time": 1820.629,
                  "Actual Rows": 1583298,
                  "Actual Loops": 7,
                  "Inner Unique": true,
                  "Hash Cond": "(ci.movie_id = t.id)",
                  "Plans": [
                    {
                      "Node Type": "Seq Scan",
                      "Parent Relationship": "Outer",
                      "Parallel Aware": true,
                      "Relation Name": "cast_info",
                      "Alias": "ci",
                      "Startup Cost": 0.0,
                      "Total Cost": 343257.03,
                      "Plan Rows": 3705824,
                      "Plan Width": 4,
                      "Actual Startup Time": 195.522,
                      "Actual Total Time": 709.567,
                      "Actual Rows": 3272976,
                      "Actual Loops": 7,
                      "Filter": "((person_id > 226361) AND (role_id > 1))",
                      "Rows Removed by Filter": 1904787
                    },
                    {
                      "Node Type": "Hash",
                      "Parent Relationship": "Inner",
                      "Parallel Aware": true,
                      "Startup Cost": 45479.1,
                      "Total Cost": 45479.1,
                      "Plan Rows": 258955,
                      "Plan Width": 4,
                      "Actual Startup Time": 177.011,
                      "Actual Total Time": 177.012,
                      "Actual Rows": 162033,
                      "Actual Loops": 7,
                      "Hash Buckets": 2097152,
                      "Original Hash Buckets": 1048576,
                      "Hash Batches": 1,
                      "Original Hash Batches": 1,
                      "Peak Memory Usage": 69120,
                      "Plans": [
                        {
                          "Node Type": "Seq Scan",
                          "Parent Relationship": "Outer",
                          "Parallel Aware": true,
                          "Relation Name": "title",
                          "Alias": "t",
                          "Startup Cost": 0.0,
                          "Total Cost": 45479.1,
                          "Plan Rows": 258955,
                          "Plan Width": 4,
                          "Actual Startup Time": 0.048,
                          "Actual Total Time": 77.192,
                          "Actual Rows": 162033,
                          "Actual Loops": 7,
                          "Filter": "((production_year > 1992) AND (kind_id = 7))",
                          "Rows Removed by Filter": 199155
                        }
                      ]
                    }
                  ]
                }
              ]
            }
          ]
        }
      ]
    },
    "Planning Time": 0.637,
    "Triggers": [],
    "Execution Time": 1978.724
  }
]