[
  {
    "Plan": {
      "Node Type": "Aggregate",
      "Strategy": "Plain",
      "Partial Mode": "Finalize",
      "Parallel Aware": false,
      "Startup Cost": 45892.18,
      "Total Cost": 45892.19,
      "Plan Rows": 1,
      "Plan Width": 8,
      "Actual Startup Time": 205.211,
      "Actual Total Time": 216.903,
      "Actual Rows": 1,
      "Actual Loops": 1,
      "Plans": [
        {
          "Node Type": "Gather",
          "Parent Relationship": "Outer",
          "Parallel Aware": false,
          "Startup Cost": 45891.86,
          "Total Cost": 45892.17,
          "Plan Rows": 3,
          "Plan Width": 8,
          "Actual Startup Time": 205.069,
          "Actual Total Time": 216.893,
          "Actual Rows": 4,
          "Actual Loops": 1,
          "Workers Planned": 3,
          "Workers Launched": 3,
          "Single Copy": false,
          "Plans": [
            {
              "Node Type": "Aggregate",
              "Strategy": "Plain",
              "Partial Mode": "Partial",
              "Parent Relationship": "Outer",
              "Parallel Aware": false,
              "Startup Cost": 44891.86,
              "Total Cost": 44891.87,
              "Plan Rows": 1,
              "Plan Width": 8,
              "Actual Startup Time": 199.732,
              "Actual Total Time": 199.734,
              "Actual Rows": 1,
              "Actual Loops": 4,
              "Plans": [
                {
                  "Node Type": "Seq Scan",
                  "Parent Relationship": "Outer",
                  "Parallel Aware": true,
                  "Relation Name": "movie_keyword",
                  "Alias": "mk",
                  "Startup Cost": 0.0,
                  "Total Cost": 42695.65,
                  "Plan Rows": 878483,
                  "Plan Width": 0,
                  "Actual Startup Time": 0.038,
                  "Actual Total Time": 155.259,
                  "Actual Rows": 683090,
                  "Actual Loops": 4,
                  "Filter": "(keyword_id < 7766)",
                  "Rows Removed by Filter": 447892
                }
              ]
            }
          ]
        }
      ]
    },
    "Planning Time": 0.12,
    "Triggers": [],
    "Execution Time": 216.938
  }
]