[
  {
    "Plan": {
      "Node Type": "Aggregate",
      "Strategy": "Plain",
      "Partial Mode": "Finalize",
      "Parallel Aware": false,
      "Startup Cost": 67323.94,
      "Total Cost": 67323.95,
      "Plan Rows": 1,
      "Plan Width": 8,
      "Actual Startup Time": 68.169,
      "Actual Total Time": 76.885,
      "Actual Rows": 1,
      "Actual Loops": 1,
      "Plans": [
        {
          "Node Type": "Gather",
          "Parent Relationship": "Outer",
          "Parallel Aware": false,
          "Startup Cost": 67323.62,
          "Total Cost": 67323.93,
          "Plan Rows": 3,
          "Plan Width": 8,
          "Actual Startup Time": 67.904,
          "Actual Total Time": 76.879,
          "Actual Rows": 4,
          "Actual Loops": 1,
          "Workers Planned": 3,
          "Workers Launched": 3,
          "Single Copy": false,
          "Plans": [
            {
              "Node Type": "Aggregate",
              "Strategy": "Plain",
              "Partial Mode": "Partial",
              "Parent Relationship": "Outer",
              "Parallel Aware": false,
              "Startup Cost": 66323.62,
              "Total Cost": 66323.63,
              "Plan Rows": 1,
              "Plan Width": 8,
              "Actual Startup Time": 59.964,
              "Actual Total Time": 59.966,
              "Actual Rows": 1,
              "Actual Loops": 4,
              "Plans": [
                {
                  "Node Type": "Nested Loop",
                  "Parent Relationship": "Outer",
                  "Parallel Aware": false,
                  "Join Type": "Inner",
                  "Startup Cost": 559.59,
                  "Total Cost": 66302.53,
                  "Plan Rows": 8438,
                  "Plan Width": 0,
                  "Actual Startup Time": 6.446,
                  "Actual Total Time": 59.113,
                  "Actual Rows": 6394,
                  "Actual Loops": 4,
                  "Inner Unique": true,
                  "Plans": [
                    {
                      "Node Type": "Bitmap Heap Scan",
                      "Parent Relationship": "Outer",
                      "Parallel Aware": true,
                      "Relation Name": "movie_keyword",
                      "Alias": "mk",
                      "Startup Cost": 559.16,
                      "Total Cost": 26152.61,
                      "Plan Rows": 8438,
                      "Plan Width": 4,
                      "Actual Startup Time": 6.261,
                      "Actual Total Time": 22.075,
                      "Actual Rows": 6394,
                      "Actual Loops": 4,
                      "Recheck Cond": "(keyword_id > 113358)",
                      "Rows Removed by Index Recheck": 0,
                      "Exact Heap Blocks": 3451,
                      "Lossy Heap Blocks": 0,
                      "Plans": [
                        {
                          "Node Type": "Bitmap Index Scan",
                          "Parent Relationship": "Outer",
                          "Parallel Aware": false,
                          "Index Name": "keyword_id_movie_keyword",
                          "Startup Cost": 0.0,
                          "Total Cost": 552.62,
                          "Plan Rows": 26158,
                          "Plan Width": 0,
                          "Actual Startup Time": 10.288,
                          "Actual Total Time": 10.288,
                          "Actual Rows": 25578,
                          "Actual Loops": 1,
                          "Index Cond": "(keyword_id > 113358)"
                        }
                      ]
                    },
                    {
                      "Node Type": "Index Only Scan",
                      "Parent Relationship": "Inner",
                      "Parallel Aware": false,
                      "Scan Direction": "Forward",
                      "Index Name": "title_pkey",
                      "Relation Name": "title",
                      "Alias": "t",
                      "Startup Cost": 0.43,
                      "Total Cost": 4.76,
                      "Plan Rows": 1,
                      "Plan Width": 4,
                      "Actual Startup Time": 0.005,
                      "Actual Total Time": 0.005,
                      "Actual Rows": 1,
                      "Actual Loops": 25578,
                      "Index Cond": "(id = mk.movie_id)",
                      "Rows Removed by Index Recheck": 0,
                      "Heap Fetches": 25578
                    }
                  ]
                }
              ]
            }
          ]
        }
      ]
    },
    "Planning Time": 0.477,
    "Triggers": [],
    "Execution Time": 76.952
  }
]