[
  {
    "Plan": {
      "Node Type": "Aggregate",
      "Strategy": "Plain",
      "Partial Mode": "Finalize",
      "Parallel Aware": false,
      "Startup Cost": 68029.61,
      "Total Cost": 68029.62,
      "Plan Rows": 1,
      "Plan Width": 8,
      "Actual Startup Time": 75.973,
      "Actual Total Time": 84.233,
      "Actual Rows": 1,
      "Actual Loops": 1,
      "Plans": [
        {
          "Node Type": "Gather",
          "Parent Relationship": "Outer",
          "Parallel Aware": false,
          "Startup Cost": 68029.29,
          "Total Cost": 68029.6,
          "Plan Rows": 3,
          "Plan Width": 8,
          "Actual Startup Time": 75.719,
          "Actual Total Time": 84.22,
          "Actual Rows": 4,
          "Actual Loops": 1,
          "Workers Planned": 3,
          "Workers Launched": 3,
          "Single Copy": false,
          "Plans": [
            {
              "Node Type": "Aggregate",
              "Strategy": "Plain",
              "Partial Mode": "Partial",
              "Parent Relationship": "Outer",
              "Parallel Aware": false,
              "Startup Cost": 67029.29,
              "Total Cost": 67029.3,
              "Plan Rows": 1,
              "Plan Width": 8,
              "Actual Startup Time": 63.335,
              "Actual Total Time": 63.337,
              "Actual Rows": 1,
              "Actual Loops": 4,
              "Plans": [
                {
                  "Node Type": "Nested Loop",
                  "Parent Relationship": "Outer",
                  "Parallel Aware": false,
                  "Join Type": "Inner",
                  "Startup Cost": 573.33,
                  "Total Cost": 67007.6,
                  "Plan Rows": 8677,
                  "Plan Width": 0,
                  "Actual Startup Time": 8.532,
                  "Actual Total Time": 62.546,
                  "Actual Rows": 6394,
                  "Actual Loops": 4,
                  "Inner Unique": true,
                  "Plans": [
                    {
                      "Node Type": "Bitmap Heap Scan",
                      "Parent Relationship": "Outer",
                      "Parallel Aware": true,
                      "Relation Name": "movie_keyword",
                      "Alias": "mk",
                      "Startup Cost": 572.9,
                      "Total Cost": 26239.89,
                      "Plan Rows": 8677,
                      "Plan Width": 4,
                      "Actual Startup Time": 8.347,
                      "Actual Total Time": 23.431,
                      "Actual Rows": 6394,
                      "Actual Loops": 4,
                      "Recheck Cond": "(keyword_id > 113358)",
                      "Rows Removed by Index Recheck": 0,
                      "Exact Heap Blocks": 3105,
                      "Lossy Heap Blocks": 0,
                      "Plans": [
                        {
                          "Node Type": "Bitmap Index Scan",
                          "Parent Relationship": "Outer",
                          "Parallel Aware": false,
                          "Index Name": "keyword_id_movie_keyword",
                          "Startup Cost": 0.0,
                          "Total Cost": 566.17,
                          "Plan Rows": 26899,
                          "Plan Width": 0,
                          "Actual Startup Time": 16.895,
                          "Actual Total Time": 16.896,
                          "Actual Rows": 25578,
                          "Actual Loops": 1,
                          "Index Cond": "(keyword_id > 113358)"
                        }
                      ]
                    },
                    {
                      "Node Type": "Index Only Scan",
                      "Parent Relationship": "Inner",
                      "Parallel Aware": false,
                      "Scan Direction": "Forward",
                      "Index Name": "title_pkey",
                      "Relation Name": "title",
                      "Alias": "t",
                      "Startup Cost": 0.43,
                      "Total Cost": 4.7,
                      "Plan Rows": 1,
                      "Plan Width": 4,
                      "Actual Startup Time": 0.005,
                      "Actual Total Time": 0.005,
                      "Actual Rows": 1,
                      "Actual Loops": 25578,
                      "Index Cond": "(id = mk.movie_id)",
                      "Rows Removed by Index Recheck": 0,
                      "Heap Fetches": 25578
                    }
                  ]
                }
              ]
            }
          ]
        }
      ]
    },
    "Planning Time": 0.633,
    "Triggers": [],
    "Execution Time": 84.326
  }
]