[
  {
    "Plan": {
      "Node Type": "Aggregate",
      "Strategy": "Plain",
      "Partial Mode": "Finalize",
      "Parallel Aware": false,
      "Startup Cost": 80890.72,
      "Total Cost": 80890.73,
      "Plan Rows": 1,
      "Plan Width": 8,
      "Actual Startup Time": 298.016,
      "Actual Total Time": 319.104,
      "Actual Rows": 1,
      "Actual Loops": 1,
      "Plans": [
        {
          "Node Type": "Gather",
          "Parent Relationship": "Outer",
          "Parallel Aware": false,
          "Startup Cost": 80890.3,
          "Total Cost": 80890.71,
          "Plan Rows": 4,
          "Plan Width": 8,
          "Actual Startup Time": 295.614,
          "Actual Total Time": 319.094,
          "Actual Rows": 5,
          "Actual Loops": 1,
          "Workers Planned": 4,
          "Workers Launched": 4,
          "Single Copy": false,
          "Plans": [
            {
              "Node Type": "Aggregate",
              "Strategy": "Plain",
              "Partial Mode": "Partial",
              "Parent Relationship": "Outer",
              "Parallel Aware": false,
              "Startup Cost": 79890.3,
              "Total Cost": 79890.31,
              "Plan Rows": 1,
              "Plan Width": 8,
              "Actual Startup Time": 288.082,
              "Actual Total Time": 288.089,
              "Actual Rows": 1,
              "Actual Loops": 5,
              "Plans": [
                {
                  "Node Type": "Hash Join",
                  "Parent Relationship": "Outer",
                  "Parallel Aware": true,
                  "Join Type": "Inner",
                  "Startup Cost": 33626.17,
                  "Total Cost": 79547.54,
                  "Plan Rows": 137104,
                  "Plan Width": 0,
                  "Actual Startup Time": 103.564,
                  "Actual Total Time": 284.148,
                  "Actual Rows": 67305,
                  "Actual Loops": 5,
                  "Inner Unique": false,
                  "Hash Cond": "(t.id = mc.movie_id)",
                  "Plans": [
                    {
                      "Node Type": "Seq Scan",
                      "Parent Relationship": "Outer",
                      "Parallel Aware": true,
                      "Relation Name": "title",
                      "Alias": "t",
                      "Startup Cost": 0.0,
                      "Total Cost": 42318.73,
                      "Plan Rows": 632073,
                      "Plan Width": 4,
                      "Actual Startup Time": 0.013,
                      "Actual Total Time": 73.482,
                      "Actual Rows": 505662,
                      "Actual Loops": 5
                    },
                    {
                      "Node Type": "Hash",
                      "Parent Relationship": "Inner",
                      "Parallel Aware": true,
                      "Startup Cost": 31414.82,
                      "Total Cost": 31414.82,
                      "Plan Rows": 176908,
                      "Plan Width": 4,
                      "Actual Startup Time": 100.193,
                      "Actual Total Time": 100.194,
                      "Actual Rows": 67305,
                      "Actual Loops": 5,
                      "Hash Buckets": 1048576,
                      "Original Hash Buckets": 1048576,
                      "Hash Batches": 1,
                      "Original Hash Batches": 1,
                      "Peak Memory Usage": 21440,
                      "Plans": [
                        {
                          "Node Type": "Seq Scan",
                          "Parent Relationship": "Outer",
                          "Parallel Aware": true,
                          "Relation Name": "movie_companies",
                          "Alias": "mc",
                          "Startup Cost": 0.0,
                          "Total Cost": 31414.82,
                          "Plan Rows": 176908,
                          "Plan Width": 4,
                          "Actual Startup Time": 43.053,
                          "Actual Total Time": 72.684,
                          "Actual Rows": 67305,
                          "Actual Loops": 5,
                          "Filter": "((company_id < 6893) AND (company_type_id = 2))",
                          "Rows Removed by Filter": 454521
                        }
                      ]
                    }
                  ]
                }
              ]
            }
          ]
        }
      ]
    },
    "Planning Time": 0.441,
    "Triggers": [],
    "Execution Time": 319.159
  }
]