[
    {
        "Bao": {
            "Bao prediction": "NaN",
            "Bao recommended hint": "(no hint)"
        }
    },
    {
        "Plan": {
            "Node Type": "Aggregate",
            "Strategy": "Plain",
            "Partial Mode": "Finalize",
            "Parallel Aware": false,
            "Startup Cost": 169130.6,
            "Total Cost": 169130.61,
            "Plan Rows": 1,
            "Plan Width": 8,
            "Actual Startup Time": 119.096,
            "Actual Total Time": 126.853,
            "Actual Rows": 1,
            "Actual Loops": 1,
            "Output": [
                "count(*)"
            ],
            "Plans": [
                {
                    "Node Type": "Gather",
                    "Parent Relationship": "Outer",
                    "Parallel Aware": false,
                    "Startup Cost": 169130.18,
                    "Total Cost": 169130.59,
                    "Plan Rows": 4,
                    "Plan Width": 8,
                    "Actual Startup Time": 118.545,
                    "Actual Total Time": 126.846,
                    "Actual Rows": 5,
                    "Actual Loops": 1,
                    "Output": [
                        "(PARTIAL count(*))"
                    ],
                    "Workers Planned": 4,
                    "Workers Launched": 4,
                    "Single Copy": false,
                    "Plans": [
                        {
                            "Node Type": "Aggregate",
                            "Strategy": "Plain",
                            "Partial Mode": "Partial",
                            "Parent Relationship": "Outer",
                            "Parallel Aware": false,
                            "Startup Cost": 168130.18,
                            "Total Cost": 168130.19,
                            "Plan Rows": 1,
                            "Plan Width": 8,
                            "Actual Startup Time": 108.891,
                            "Actual Total Time": 108.896,
                            "Actual Rows": 1,
                            "Actual Loops": 5,
                            "Output": [
                                "PARTIAL count(*)"
                            ],
                            "Workers": [
                                {
                                    "Worker Number": 0,
                                    "Actual Startup Time": 106.11,
                                    "Actual Total Time": 106.114,
                                    "Actual Rows": 1,
                                    "Actual Loops": 1
                                },
                                {
                                    "Worker Number": 1,
                                    "Actual Startup Time": 106.335,
                                    "Actual Total Time": 106.338,
                                    "Actual Rows": 1,
                                    "Actual Loops": 1
                                },
                                {
                                    "Worker Number": 2,
                                    "Actual Startup Time": 106.682,
                                    "Actual Total Time": 106.686,
                                    "Actual Rows": 1,
                                    "Actual Loops": 1
                                },
                                {
                                    "Worker Number": 3,
                                    "Actual Startup Time": 107.136,
                                    "Actual Total Time": 107.139,
                                    "Actual Rows": 1,
                                    "Actual Loops": 1
                                }
                            ],
                            "Plans": [
                                {
                                    "Node Type": "Hash Join",
                                    "Parent Relationship": "Outer",
                                    "Parallel Aware": true,
                                    "Join Type": "Inner",
                                    "Startup Cost": 46755.11,
                                    "Total Cost": 168129.56,
                                    "Plan Rows": 248,
                                    "Plan Width": 0,
                                    "Actual Startup Time": 102.411,
                                    "Actual Total Time": 108.876,
                                    "Actual Rows": 141,
                                    "Actual Loops": 5,
                                    "Inner Unique": true,
                                    "Hash Cond": "(mi.movie_id = t.id)",
                                    "Workers": [
                                        {
                                            "Worker Number": 0,
                                            "Actual Startup Time": 99.071,
                                            "Actual Total Time": 106.097,
                                            "Actual Rows": 57,
                                            "Actual Loops": 1
                                        },
                                        {
                                            "Worker Number": 1,
                                            "Actual Startup Time": 100.333,
                                            "Actual Total Time": 106.318,
                                            "Actual Rows": 110,
                                            "Actual Loops": 1
                                        },
                                        {
                                            "Worker Number": 2,
                                            "Actual Startup Time": 100.15,
                                            "Actual Total Time": 106.664,
                                            "Actual Rows": 118,
                                            "Actual Loops": 1
                                        },
                                        {
                                            "Worker Number": 3,
                                            "Actual Startup Time": 100.7,
                                            "Actual Total Time": 107.122,
                                            "Actual Rows": 178,
                                            "Actual Loops": 1
                                        }
                                    ],
                                    "Plans": [
                                        {
                                            "Node Type": "Bitmap Heap Scan",
                                            "Parent Relationship": "Outer",
                                            "Parallel Aware": true,
                                            "Relation Name": "movie_info",
                                            "Schema": "public",
                                            "Alias": "mi",
                                            "Startup Cost": 1152.15,
                                            "Total Cost": 122484.97,
                                            "Plan Rows": 15862,
                                            "Plan Width": 4,
                                            "Actual Startup Time": 4.34,
                                            "Actual Total Time": 13.321,
                                            "Actual Rows": 12226,
                                            "Actual Loops": 5,
                                            "Output": [
                                                "mi.id",
                                                "mi.movie_id",
                                                "mi.info_type_id",
                                                "mi.info",
                                                "mi.note"
                                            ],
                                            "Recheck Cond": "(mi.info_type_id = 103)",
                                            "Rows Removed by Index Recheck": 0,
                                            "Exact Heap Blocks": 1780,
                                            "Lossy Heap Blocks": 0,
                                            "Workers": [
                                                {
                                                    "Worker Number": 0,
                                                    "Actual Startup Time": 4.359,
                                                    "Actual Total Time": 13.524,
                                                    "Actual Rows": 9556,
                                                    "Actual Loops": 1
                                                },
                                                {
                                                    "Worker Number": 1,
                                                    "Actual Startup Time": 4.373,
                                                    "Actual Total Time": 13.579,
                                                    "Actual Rows": 9465,
                                                    "Actual Loops": 1
                                                },
                                                {
                                                    "Worker Number": 2,
                                                    "Actual Startup Time": 4.321,
                                                    "Actual Total Time": 13.531,
                                                    "Actual Rows": 9135,
                                                    "Actual Loops": 1
                                                },
                                                {
                                                    "Worker Number": 3,
                                                    "Actual Startup Time": 4.43,
                                                    "Actual Total Time": 13.469,
                                                    "Actual Rows": 13249,
                                                    "Actual Loops": 1
                                                }
                                            ],
                                            "Plans": [
                                                {
                                                    "Node Type": "Bitmap Index Scan",
                                                    "Parent Relationship": "Outer",
                                                    "Parallel Aware": false,
                                                    "Index Name": "info_type_id_movie_info",
                                                    "Startup Cost": 0.0,
                                                    "Total Cost": 1136.29,
                                                    "Plan Rows": 63447,
                                                    "Plan Width": 0,
                                                    "Actual Startup Time": 3.552,
                                                    "Actual Total Time": 3.553,
                                                    "Actual Rows": 61128,
                                                    "Actual Loops": 1,
                                                    "Index Cond": "(mi.info_type_id = 103)"
                                                }
                                            ]
                                        },
                                        {
                                            "Node Type": "Hash",
                                            "Parent Relationship": "Inner",
                                            "Parallel Aware": true,
                                            "Startup Cost": 45479.21,
                                            "Total Cost": 45479.21,
                                            "Plan Rows": 9900,
                                            "Plan Width": 4,
                                            "Actual Startup Time": 91.883,
                                            "Actual Total Time": 91.883,
                                            "Actual Rows": 8770,
                                            "Actual Loops": 5,
                                            "Output": [
                                                "t.id"
                                            ],
                                            "Hash Buckets": 65536,
                                            "Original Hash Buckets": 65536,
                                            "Hash Batches": 1,
                                            "Original Hash Batches": 1,
                                            "Peak Memory Usage": 2336,
                                            "Workers": [
                                                {
                                                    "Worker Number": 0,
                                                    "Actual Startup Time": 89.162,
                                                    "Actual Total Time": 89.163,
                                                    "Actual Rows": 5768,
                                                    "Actual Loops": 1
                                                },
                                                {
                                                    "Worker Number": 1,
                                                    "Actual Startup Time": 89.372,
                                                    "Actual Total Time": 89.373,
                                                    "Actual Rows": 5919,
                                                    "Actual Loops": 1
                                                },
                                                {
                                                    "Worker Number": 2,
                                                    "Actual Startup Time": 89.675,
                                                    "Actual Total Time": 89.675,
                                                    "Actual Rows": 5808,
                                                    "Actual Loops": 1
                                                },
                                                {
                                                    "Worker Number": 3,
                                                    "Actual Startup Time": 90.175,
                                                    "Actual Total Time": 90.175,
                                                    "Actual Rows": 8076,
                                                    "Actual Loops": 1
                                                }
                                            ],
                                            "Plans": [
                                                {
                                                    "Node Type": "Seq Scan",
                                                    "Parent Relationship": "Outer",
                                                    "Parallel Aware": true,
                                                    "Relation Name": "title",
                                                    "Schema": "public",
                                                    "Alias": "t",
                                                    "Startup Cost": 0.0,
                                                    "Total Cost": 45479.21,
                                                    "Plan Rows": 9900,
                                                    "Plan Width": 4,
                                                    "Actual Startup Time": 0.061,
                                                    "Actual Total Time": 87.528,
                                                    "Actual Rows": 8770,
                                                    "Actual Loops": 5,
                                                    "Output": [
                                                        "t.id"
                                                    ],
                                                    "Filter": "((t.kind_id = 7) AND (t.production_year = 2003))",
                                                    "Rows Removed by Filter": 496892,
                                                    "Workers": [
                                                        {
                                                            "Worker Number": 0,
                                                            "Actual Startup Time": 0.051,
                                                            "Actual Total Time": 85.237,
                                                            "Actual Rows": 5768,
                                                            "Actual Loops": 1
                                                        },
                                                        {
                                                            "Worker Number": 1,
                                                            "Actual Startup Time": 0.059,
                                                            "Actual Total Time": 85.402,
                                                            "Actual Rows": 5919,
                                                            "Actual Loops": 1
                                                        },
                                                        {
                                                            "Worker Number": 2,
                                                            "Actual Startup Time": 0.065,
                                                            "Actual Total Time": 85.513,
                                                            "Actual Rows": 5808,
                                                            "Actual Loops": 1
                                                        },
                                                        {
                                                            "Worker Number": 3,
                                                            "Actual Startup Time": 0.115,
                                                            "Actual Total Time": 85.181,
                                                            "Actual Rows": 8076,
                                                            "Actual Loops": 1
                                                        }
                                                    ]
                                                }
                                            ]
                                        }
                                    ]
                                }
                            ]
                        }
                    ]
                }
            ]
        },
        "Planning Time": 195.496,
        "Triggers": [],
        "Execution Time": 126.92
    }
]