[
  {
    "Plan": {
      "Node Type": "Aggregate",
      "Strategy": "Plain",
      "Partial Mode": "Finalize",
      "Parallel Aware": false,
      "Startup Cost": 31364.79,
      "Total Cost": 31364.8,
      "Plan Rows": 1,
      "Plan Width": 8,
      "Actual Startup Time": 98.178,
      "Actual Total Time": 105.669,
      "Actual Rows": 1,
      "Actual Loops": 1,
      "Plans": [
        {
          "Node Type": "Gather",
          "Parent Relationship": "Outer",
          "Parallel Aware": false,
          "Startup Cost": 31364.47,
          "Total Cost": 31364.78,
          "Plan Rows": 3,
          "Plan Width": 8,
          "Actual Startup Time": 97.988,
          "Actual Total Time": 105.661,
          "Actual Rows": 4,
          "Actual Loops": 1,
          "Workers Planned": 3,
          "Workers Launched": 3,
          "Single Copy": false,
          "Plans": [
            {
              "Node Type": "Aggregate",
              "Strategy": "Plain",
              "Partial Mode": "Partial",
              "Parent Relationship": "Outer",
              "Parallel Aware": false,
              "Startup Cost": 30364.47,
              "Total Cost": 30364.48,
              "Plan Rows": 1,
              "Plan Width": 8,
              "Actual Startup Time": 91.389,
              "Actual Total Time": 91.39,
              "Actual Rows": 1,
              "Actual Loops": 4,
              "Plans": [
                {
                  "Node Type": "Seq Scan",
                  "Parent Relationship": "Outer",
                  "Parallel Aware": true,
                  "Relation Name": "movie_companies",
                  "Alias": "mc",
                  "Startup Cost": 0.0,
                  "Total Cost": 29310.68,
                  "Plan Rows": 421517,
                  "Plan Width": 0,
                  "Actual Startup Time": 0.045,
                  "Actual Total Time": 75.016,
                  "Actual Rows": 329448,
                  "Actual Loops": 4,
                  "Filter": "(company_id < 11373)",
                  "Rows Removed by Filter": 322834
                }
              ]
            }
          ]
        }
      ]
    },
    "Planning Time": 0.108,
    "Triggers": [],
    "Execution Time": 105.701
  }
]