[
  {
    "Plan": {
      "Node Type": "Aggregate",
      "Strategy": "Plain",
      "Partial Mode": "Finalize",
      "Parallel Aware": false,
      "Startup Cost": 46645.46,
      "Total Cost": 46645.47,
      "Plan Rows": 1,
      "Plan Width": 8,
      "Actual Startup Time": 177.086,
      "Actual Total Time": 185.244,
      "Actual Rows": 1,
      "Actual Loops": 1,
      "Plans": [
        {
          "Node Type": "Gather",
          "Parent Relationship": "Outer",
          "Parallel Aware": false,
          "Startup Cost": 46645.14,
          "Total Cost": 46645.45,
          "Plan Rows": 3,
          "Plan Width": 8,
          "Actual Startup Time": 176.977,
          "Actual Total Time": 185.236,
          "Actual Rows": 4,
          "Actual Loops": 1,
          "Workers Planned": 3,
          "Workers Launched": 3,
          "Single Copy": false,
          "Plans": [
            {
              "Node Type": "Aggregate",
              "Strategy": "Plain",
              "Partial Mode": "Partial",
              "Parent Relationship": "Outer",
              "Parallel Aware": false,
              "Startup Cost": 45645.14,
              "Total Cost": 45645.15,
              "Plan Rows": 1,
              "Plan Width": 8,
              "Actual Startup Time": 168.7,
              "Actual Total Time": 168.701,
              "Actual Rows": 1,
              "Actual Loops": 4,
              "Plans": [
                {
                  "Node Type": "Seq Scan",
                  "Parent Relationship": "Outer",
                  "Parallel Aware": true,
                  "Relation Name": "movie_keyword",
                  "Alias": "mk",
                  "Startup Cost": 0.0,
                  "Total Cost": 42695.65,
                  "Plan Rows": 1179794,
                  "Plan Width": 0,
                  "Actual Startup Time": 0.06,
                  "Actual Total Time": 126.064,
                  "Actual Rows": 915683,
                  "Actual Loops": 4,
                  "Filter": "(keyword_id < 21369)",
                  "Rows Removed by Filter": 215300
                }
              ]
            }
          ]
        }
      ]
    },
    "Planning Time": 0.181,
    "Triggers": [],
    "Execution Time": 185.299
  }
]