[
  {
    "Plan": {
      "Node Type": "Aggregate",
      "Strategy": "Plain",
      "Partial Mode": "Finalize",
      "Parallel Aware": false,
      "Startup Cost": 90667.28,
      "Total Cost": 90667.29,
      "Plan Rows": 1,
      "Plan Width": 8,
      "Actual Startup Time": 388.151,
      "Actual Total Time": 408.112,
      "Actual Rows": 1,
      "Actual Loops": 1,
      "Plans": [
        {
          "Node Type": "Gather",
          "Parent Relationship": "Outer",
          "Parallel Aware": false,
          "Startup Cost": 90666.96,
          "Total Cost": 90667.27,
          "Plan Rows": 3,
          "Plan Width": 8,
          "Actual Startup Time": 385.613,
          "Actual Total Time": 408.104,
          "Actual Rows": 4,
          "Actual Loops": 1,
          "Workers Planned": 3,
          "Workers Launched": 3,
          "Single Copy": false,
          "Plans": [
            {
              "Node Type": "Aggregate",
              "Strategy": "Plain",
              "Partial Mode": "Partial",
              "Parent Relationship": "Outer",
              "Parallel Aware": false,
              "Startup Cost": 89666.96,
              "Total Cost": 89666.97,
              "Plan Rows": 1,
              "Plan Width": 8,
              "Actual Startup Time": 374.971,
              "Actual Total Time": 374.975,
              "Actual Rows": 1,
              "Actual Loops": 4,
              "Plans": [
                {
                  "Node Type": "Nested Loop",
                  "Parent Relationship": "Outer",
                  "Parallel Aware": false,
                  "Join Type": "Inner",
                  "Startup Cost": 51770.15,
                  "Total Cost": 89661.83,
                  "Plan Rows": 2052,
                  "Plan Width": 0,
                  "Actual Startup Time": 353.114,
                  "Actual Total Time": 374.935,
                  "Actual Rows": 442,
                  "Actual Loops": 4,
                  "Inner Unique": false,
                  "Plans": [
                    {
                      "Node Type": "Hash Join",
                      "Parent Relationship": "Outer",
                      "Parallel Aware": true,
                      "Join Type": "Inner",
                      "Startup Cost": 51769.72,
                      "Total Cost": 77125.74,
                      "Plan Rows": 17855,
                      "Plan Width": 8,
                      "Actual Startup Time": 182.735,
                      "Actual Total Time": 231.288,
                      "Actual Rows": 30434,
                      "Actual Loops": 4,
                      "Inner Unique": true,
                      "Hash Cond": "(mk.movie_id = t.id)",
                      "Plans": [
                        {
                          "Node Type": "Bitmap Heap Scan",
                          "Parent Relationship": "Outer",
                          "Parallel Aware": true,
                          "Relation Name": "movie_keyword",
                          "Alias": "mk",
                          "Startup Cost": 3925.23,
                          "Total Cost": 29124.7,
                          "Plan Rows": 59638,
                          "Plan Width": 4,
                          "Actual Startup Time": 15.466,
                          "Actual Total Time": 47.019,
                          "Actual Rows": 46580,
                          "Actual Loops": 4,
                          "Recheck Cond": "(keyword_id > 71457)",
                          "Rows Removed by Index Recheck": 0,
                          "Exact Heap Blocks": 5834,
                          "Lossy Heap Blocks": 0,
                          "Plans": [
                            {
                              "Node Type": "Bitmap Index Scan",
                              "Parent Relationship": "Outer",
                              "Parallel Aware": false,
                              "Index Name": "keyword_id_movie_keyword",
                              "Startup Cost": 0.0,
                              "Total Cost": 3879.01,
                              "Plan Rows": 184877,
                              "Plan Width": 0,
                              "Actual Startup Time": 12.378,
                              "Actual Total Time": 12.378,
                              "Actual Rows": 186322,
                              "Actual Loops": 1,
                              "Index Cond": "(keyword_id > 71457)"
                            }
                          ]
                        },
                        {
                          "Node Type": "Hash",
                          "Parent Relationship": "Inner",
                          "Parallel Aware": true,
                          "Startup Cost": 45479.1,
                          "Total Cost": 45479.1,
                          "Plan Rows": 189231,
                          "Plan Width": 4,
                          "Actual Startup Time": 162.345,
                          "Actual Total Time": 162.345,
                          "Actual Rows": 164300,
                          "Actual Loops": 4,
                          "Hash Buckets": 1048576,
                          "Original Hash Buckets": 1048576,
                          "Hash Batches": 1,
                          "Original Hash Batches": 1,
                          "Peak Memory Usage": 33984,
                          "Plans": [
                            {
                              "Node Type": "Seq Scan",
                              "Parent Relationship": "Outer",
                              "Parallel Aware": true,
                              "Relation Name": "title",
                              "Alias": "t",
                              "Startup Cost": 0.0,
                              "Total Cost": 45479.1,
                              "Plan Rows": 189231,
                              "Plan Width": 4,
                              "Actual Startup Time": 0.039,
                              "Actual Total Time": 102.164,
                              "Actual Rows": 164300,
                              "Actual Loops": 4,
                              "Filter": "((kind_id < 7) AND (production_year > 1981))",
                              "Rows Removed by Filter": 467778
                            }
                          ]
                        }
                      ]
                    },
                    {
                      "Node Type": "Index Scan",
                      "Parent Relationship": "Inner",
                      "Parallel Aware": false,
                      "Scan Direction": "Forward",
                      "Index Name": "movie_id_movie_companies",
                      "Relation Name": "movie_companies",
                      "Alias": "mc",
                      "Startup Cost": 0.43,
                      "Total Cost": 0.69,
                      "Plan Rows": 1,
                      "Plan Width": 4,
                      "Actual Startup Time": 0.005,
                      "Actual Total Time": 0.005,
                      "Actual Rows": 0,
                      "Actual Loops": 121736,
                      "Index Cond": "(movie_id = t.id)",
                      "Rows Removed by Index Recheck": 0,
                      "Filter": "((company_id > 66583) AND (company_type_id = 1))",
                      "Rows Removed by Filter": 10
                    }
                  ]
                }
              ]
            }
          ]
        }
      ]
    },
    "Planning Time": 1.496,
    "Triggers": [],
    "Execution Time": 408.236
  }
]