[
  {
    "Plan": {
      "Node Type": "Aggregate",
      "Strategy": "Plain",
      "Partial Mode": "Finalize",
      "Parallel Aware": false,
      "Startup Cost": 32684.95,
      "Total Cost": 32684.96,
      "Plan Rows": 1,
      "Plan Width": 8,
      "Actual Startup Time": 98.685,
      "Actual Total Time": 104.379,
      "Actual Rows": 1,
      "Actual Loops": 1,
      "Plans": [
        {
          "Node Type": "Gather",
          "Parent Relationship": "Outer",
          "Parallel Aware": false,
          "Startup Cost": 32684.63,
          "Total Cost": 32684.94,
          "Plan Rows": 3,
          "Plan Width": 8,
          "Actual Startup Time": 98.558,
          "Actual Total Time": 104.372,
          "Actual Rows": 4,
          "Actual Loops": 1,
          "Workers Planned": 3,
          "Workers Launched": 3,
          "Single Copy": false,
          "Plans": [
            {
              "Node Type": "Aggregate",
              "Strategy": "Plain",
              "Partial Mode": "Partial",
              "Parent Relationship": "Outer",
              "Parallel Aware": false,
              "Startup Cost": 31684.63,
              "Total Cost": 31684.64,
              "Plan Rows": 1,
              "Plan Width": 8,
              "Actual Startup Time": 90.258,
              "Actual Total Time": 90.259,
              "Actual Rows": 1,
              "Actual Loops": 4,
              "Plans": [
                {
                  "Node Type": "Seq Scan",
                  "Parent Relationship": "Outer",
                  "Parallel Aware": true,
                  "Relation Name": "movie_companies",
                  "Alias": "mc",
                  "Startup Cost": 0.0,
                  "Total Cost": 31414.82,
                  "Plan Rows": 107924,
                  "Plan Width": 0,
                  "Actual Startup Time": 0.046,
                  "Actual Total Time": 80.892,
                  "Actual Rows": 120576,
                  "Actual Loops": 4,
                  "Filter": "((company_id < 1095) AND (company_type_id = 1))",
                  "Rows Removed by Filter": 531706
                }
              ]
            }
          ]
        }
      ]
    },
    "Planning Time": 0.195,
    "Triggers": [],
    "Execution Time": 104.43
  }
]