{
  "Plan": {
    "Node Type": "Aggregate",
    "Strategy": "Plain",
    "Partial Mode": "Finalize",
    "Parallel Aware": false,
    "Startup Cost": 208855.12,
    "Total Cost": 208855.13,
    "Plan Rows": 1,
    "Plan Width": 8,
    "Actual Startup Time": 916.285,
    "Actual Total Time": 935.274,
    "Actual Rows": 1,
    "Actual Loops": 1,
    "Plans": [
      {
        "Node Type": "Gather",
        "Parent Relationship": "Outer",
        "Parallel Aware": false,
        "Startup Cost": 208855.0,
        "Total Cost": 208855.11,
        "Plan Rows": 1,
        "Plan Width": 8,
        "Actual Startup Time": 912.913,
        "Actual Total Time": 935.266,
        "Actual Rows": 2,
        "Actual Loops": 1,
        "Workers Planned": 1,
        "Workers Launched": 1,
        "Single Copy": false,
        "Plans": [
          {
            "Node Type": "Aggregate",
            "Strategy": "Plain",
            "Partial Mode": "Partial",
            "Parent Relationship": "Outer",
            "Parallel Aware": false,
            "Startup Cost": 207855.0,
            "Total Cost": 207855.01,
            "Plan Rows": 1,
            "Plan Width": 8,
            "Actual Startup Time": 906.663,
            "Actual Total Time": 906.673,
            "Actual Rows": 1,
            "Actual Loops": 2,
            "Plans": [
              {
                "Node Type": "Hash Join",
                "Parent Relationship": "Outer",
                "Parallel Aware": true,
                "Join Type": "Inner",
                "Startup Cost": 146177.68,
                "Total Cost": 207666.3,
                "Plan Rows": 75483,
                "Plan Width": 0,
                "Actual Startup Time": 542.234,
                "Actual Total Time": 879.474,
                "Actual Rows": 560225,
                "Actual Loops": 2,
                "Inner Unique": false,
                "Hash Cond": "(mk.movie_id = t.id)",
                "Plans": [
                  {
                    "Node Type": "Seq Scan",
                    "Parent Relationship": "Outer",
                    "Parallel Aware": true,
                    "Relation Name": "movie_keyword",
                    "Alias": "mk",
                    "Startup Cost": 0.0,
                    "Total Cost": 51065.35,
                    "Plan Rows": 2661135,
                    "Plan Width": 4,
                    "Actual Startup Time": 0.024,
                    "Actual Total Time": 183.171,
                    "Actual Rows": 2261965,
                    "Actual Loops": 2
                  },
                  {
                    "Node Type": "Hash",
                    "Parent Relationship": "Inner",
                    "Parallel Aware": true,
                    "Startup Cost": 145650.36,
                    "Total Cost": 145650.36,
                    "Plan Rows": 42185,
                    "Plan Width": 8,
                    "Actual Startup Time": 465.166,
                    "Actual Total Time": 465.173,
                    "Actual Rows": 10886,
                    "Actual Loops": 2,
                    "Hash Buckets": 131072,
                    "Original Hash Buckets": 131072,
                    "Hash Batches": 1,
                    "Original Hash Batches": 1,
                    "Peak Memory Usage": 1888,
                    "Plans": [
                      {
                        "Node Type": "Merge Join",
                        "Parent Relationship": "Outer",
                        "Parallel Aware": false,
                        "Join Type": "Inner",
                        "Startup Cost": 141912.9,
                        "Total Cost": 145650.36,
                        "Plan Rows": 42185,
                        "Plan Width": 8,
                        "Actual Startup Time": 379.974,
                        "Actual Total Time": 447.738,
                        "Actual Rows": 10886,
                        "Actual Loops": 2,
                        "Inner Unique": false,
                        "Merge Cond": "(t.id = mc.movie_id)",
                        "Plans": [
                          {
                            "Node Type": "Sort",
                            "Parent Relationship": "Outer",
                            "Parallel Aware": false,
                            "Startup Cost": 89096.23,
                            "Total Cost": 90071.61,
                            "Plan Rows": 390151,
                            "Plan Width": 4,
                            "Actual Startup Time": 195.35,
                            "Actual Total Time": 229.672,
                            "Actual Rows": 330802,
                            "Actual Loops": 2,
                            "Sort Key": [
                              "t.id"
                            ],
                            "Sort Method": "quicksort",
                            "Sort Space Used": 34259,
                            "Sort Space Type": "Memory",
                            "Workers": [
                              {
                                "Worker Number": 0,
                                "Sort Method": "quicksort",
                                "Sort Space Used": 15244,
                                "Sort Space Type": "Memory"
                              }
                            ],
                            "Plans": [
                              {
                                "Node Type": "Bitmap Heap Scan",
                                "Parent Relationship": "Outer",
                                "Parallel Aware": true,
                                "Relation Name": "title",
                                "Alias": "t",
                                "Startup Cost": 11988.66,
                                "Total Cost": 52863.55,
                                "Plan Rows": 390151,
                                "Plan Width": 4,
                                "Actual Startup Time": 37.803,
                                "Actual Total Time": 105.603,
                                "Actual Rows": 331412,
                                "Actual Loops": 2,
                                "Recheck Cond": "(kind_id = 1)",
                                "Rows Removed by Index Recheck": 0,
                                "Exact Heap Blocks": 9261,
                                "Lossy Heap Blocks": 0,
                                "Plans": [
                                  {
                                    "Node Type": "Bitmap Index Scan",
                                    "Parent Relationship": "Outer",
                                    "Parallel Aware": false,
                                    "Index Name": "kind_id_title",
                                    "Startup Cost": 0.0,
                                    "Total Cost": 11822.85,
                                    "Plan Rows": 663256,
                                    "Plan Width": 0,
                                    "Actual Startup Time": 39.277,
                                    "Actual Total Time": 39.277,
                                    "Actual Rows": 662825,
                                    "Actual Loops": 1,
                                    "Index Cond": "(kind_id = 1)"
                                  }
                                ]
                              }
                            ]
                          },
                          {
                            "Node Type": "Sort",
                            "Parent Relationship": "Inner",
                            "Parallel Aware": false,
                            "Startup Cost": 52816.63,
                            "Total Cost": 53500.07,
                            "Plan Rows": 273374,
                            "Plan Width": 4,
                            "Actual Startup Time": 161.895,
                            "Actual Total Time": 174.897,
                            "Actual Rows": 271432,
                            "Actual Loops": 2,
                            "Sort Key": [
                              "mc.movie_id"
                            ],
                            "Sort Method": "quicksort",
                            "Sort Space Used": 25012,
                            "Sort Space Type": "Memory",
                            "Workers": [
                              {
                                "Worker Number": 0,
                                "Sort Method": "quicksort",
                                "Sort Space Used": 25012,
                                "Sort Space Type": "Memory"
                              }
                            ],
                            "Plans": [
                              {
                                "Node Type": "Bitmap Heap Scan",
                                "Parent Relationship": "Outer",
                                "Parallel Aware": false,
                                "Relation Name": "movie_companies",
                                "Alias": "mc",
                                "Startup Cost": 5923.08,
                                "Total Cost": 28130.25,
                                "Plan Rows": 273374,
                                "Plan Width": 4,
                                "Actual Startup Time": 16.858,
                                "Actual Total Time": 90.413,
                                "Actual Rows": 271432,
                                "Actual Loops": 2,
                                "Recheck Cond": "(company_id < 145)",
                                "Rows Removed by Index Recheck": 0,
                                "Exact Heap Blocks": 17226,
                                "Lossy Heap Blocks": 0,
                                "Plans": [
                                  {
                                    "Node Type": "Bitmap Index Scan",
                                    "Parent Relationship": "Outer",
                                    "Parallel Aware": false,
                                    "Index Name": "company_id_movie_companies",
                                    "Startup Cost": 0.0,
                                    "Total Cost": 5854.74,
                                    "Plan Rows": 273374,
                                    "Plan Width": 0,
                                    "Actual Startup Time": 14.056,
                                    "Actual Total Time": 14.056,
                                    "Actual Rows": 271432,
                                    "Actual Loops": 2,
                                    "Index Cond": "(company_id < 145)"
                                  }
                                ]
                              }
                            ]
                          }
                        ]
                      }
                    ]
                  }
                ]
              }
            ]
          }
        ]
      }
    ]
  },
  "Planning Time": 1.018,
  "Triggers": [],
  "Execution Time": 941.942
}