[
  {
    "Plan": {
      "Node Type": "Aggregate",
      "Strategy": "Plain",
      "Partial Mode": "Finalize",
      "Parallel Aware": false,
      "Startup Cost": 331828.79,
      "Total Cost": 331828.8,
      "Plan Rows": 1,
      "Plan Width": 8,
      "Actual Startup Time": 660.654,
      "Actual Total Time": 710.406,
      "Actual Rows": 1,
      "Actual Loops": 1,
      "Plans": [
        {
          "Node Type": "Gather",
          "Parent Relationship": "Outer",
          "Parallel Aware": false,
          "Startup Cost": 331828.16,
          "Total Cost": 331828.77,
          "Plan Rows": 6,
          "Plan Width": 8,
          "Actual Startup Time": 660.442,
          "Actual Total Time": 710.39,
          "Actual Rows": 7,
          "Actual Loops": 1,
          "Workers Planned": 6,
          "Workers Launched": 6,
          "Single Copy": false,
          "Plans": [
            {
              "Node Type": "Aggregate",
              "Strategy": "Plain",
              "Partial Mode": "Partial",
              "Parent Relationship": "Outer",
              "Parallel Aware": false,
              "Startup Cost": 330828.16,
              "Total Cost": 330828.17,
              "Plan Rows": 1,
              "Plan Width": 8,
              "Actual Startup Time": 652.557,
              "Actual Total Time": 652.558,
              "Actual Rows": 1,
              "Actual Loops": 7,
              "Plans": [
                {
                  "Node Type": "Seq Scan",
                  "Parent Relationship": "Outer",
                  "Parallel Aware": true,
                  "Relation Name": "cast_info",
                  "Alias": "ci",
                  "Startup Cost": 0.0,
                  "Total Cost": 328211.39,
                  "Plan Rows": 1046708,
                  "Plan Width": 0,
                  "Actual Startup Time": 387.375,
                  "Actual Total Time": 605.549,
                  "Actual Rows": 887836,
                  "Actual Loops": 7,
                  "Filter": "(person_id > 3029541)",
                  "Rows Removed by Filter": 4289928
                }
              ]
            }
          ]
        }
      ]
    },
    "Planning Time": 0.14,
    "Triggers": [],
    "Execution Time": 710.464
  }
]