{
  "Plan": {
    "Node Type": "Aggregate",
    "Strategy": "Plain",
    "Partial Mode": "Finalize",
    "Parallel Aware": false,
    "Startup Cost": 139575.8,
    "Total Cost": 139575.81,
    "Plan Rows": 1,
    "Plan Width": 8,
    "Actual Startup Time": 975.568,
    "Actual Total Time": 997.921,
    "Actual Rows": 1,
    "Actual Loops": 1,
    "Plans": [
      {
        "Node Type": "Gather",
        "Parent Relationship": "Outer",
        "Parallel Aware": false,
        "Startup Cost": 139575.69,
        "Total Cost": 139575.8,
        "Plan Rows": 1,
        "Plan Width": 8,
        "Actual Startup Time": 970.474,
        "Actual Total Time": 997.915,
        "Actual Rows": 2,
        "Actual Loops": 1,
        "Workers Planned": 1,
        "Workers Launched": 1,
        "Single Copy": false,
        "Plans": [
          {
            "Node Type": "Aggregate",
            "Strategy": "Plain",
            "Partial Mode": "Partial",
            "Parent Relationship": "Outer",
            "Parallel Aware": false,
            "Startup Cost": 138575.69,
            "Total Cost": 138575.7,
            "Plan Rows": 1,
            "Plan Width": 8,
            "Actual Startup Time": 963.517,
            "Actual Total Time": 963.522,
            "Actual Rows": 1,
            "Actual Loops": 2,
            "Plans": [
              {
                "Node Type": "Hash Join",
                "Parent Relationship": "Outer",
                "Parallel Aware": true,
                "Join Type": "Inner",
                "Startup Cost": 106170.11,
                "Total Cost": 138422.84,
                "Plan Rows": 61138,
                "Plan Width": 0,
                "Actual Startup Time": 714.505,
                "Actual Total Time": 952.146,
                "Actual Rows": 239188,
                "Actual Loops": 2,
                "Inner Unique": false,
                "Hash Cond": "(t.id = mi_idx.movie_id)",
                "Plans": [
                  {
                    "Node Type": "Hash Join",
                    "Parent Relationship": "Outer",
                    "Parallel Aware": true,
                    "Join Type": "Inner",
                    "Startup Cost": 84699.94,
                    "Total Cost": 114915.62,
                    "Plan Rows": 335486,
                    "Plan Width": 8,
                    "Actual Startup Time": 585.873,
                    "Actual Total Time": 755.44,
                    "Actual Rows": 300840,
                    "Actual Loops": 2,
                    "Inner Unique": true,
                    "Hash Cond": "(mk.movie_id = t.id)",
                    "Plans": [
                      {
                        "Node Type": "Bitmap Heap Scan",
                        "Parent Relationship": "Outer",
                        "Parallel Aware": true,
                        "Relation Name": "movie_keyword",
                        "Alias": "mk",
                        "Startup Cost": 13739.28,
                        "Total Cost": 42954.99,
                        "Plan Rows": 380937,
                        "Plan Width": 4,
                        "Actual Startup Time": 47.613,
                        "Actual Total Time": 134.248,
                        "Actual Rows": 315780,
                        "Actual Loops": 2,
                        "Recheck Cond": "(keyword_id > 29033)",
                        "Rows Removed by Index Recheck": 0,
                        "Exact Heap Blocks": 11938,
                        "Lossy Heap Blocks": 0,
                        "Plans": [
                          {
                            "Node Type": "Bitmap Index Scan",
                            "Parent Relationship": "Outer",
                            "Parallel Aware": false,
                            "Index Name": "keyword_id_movie_keyword",
                            "Startup Cost": 0.0,
                            "Total Cost": 13577.38,
                            "Plan Rows": 647593,
                            "Plan Width": 0,
                            "Actual Startup Time": 43.765,
                            "Actual Total Time": 43.765,
                            "Actual Rows": 631561,
                            "Actual Loops": 1,
                            "Index Cond": "(keyword_id > 29033)"
                          }
                        ]
                      },
                      {
                        "Node Type": "Hash",
                        "Parent Relationship": "Inner",
                        "Parallel Aware": true,
                        "Startup Cost": 54588.39,
                        "Total Cost": 54588.39,
                        "Plan Rows": 1309782,
                        "Plan Width": 4,
                        "Actual Startup Time": 525.843,
                        "Actual Total Time": 525.844,
                        "Actual Rows": 1112284,
                        "Actual Loops": 2,
                        "Hash Buckets": 4194304,
                        "Original Hash Buckets": 4194304,
                        "Hash Batches": 1,
                        "Original Hash Batches": 1,
                        "Peak Memory Usage": 119808,
                        "Plans": [
                          {
                            "Node Type": "Seq Scan",
                            "Parent Relationship": "Outer",
                            "Parallel Aware": true,
                            "Relation Name": "title",
                            "Alias": "t",
                            "Startup Cost": 0.0,
                            "Total Cost": 54588.39,
                            "Plan Rows": 1309782,
                            "Plan Width": 4,
                            "Actual Startup Time": 0.023,
                            "Actual Total Time": 191.751,
                            "Actual Rows": 1112284,
                            "Actual Loops": 2,
                            "Filter": "(production_year < 2012)",
                            "Rows Removed by Filter": 151872
                          }
                        ]
                      }
                    ]
                  },
                  {
                    "Node Type": "Hash",
                    "Parent Relationship": "Inner",
                    "Parallel Aware": true,
                    "Startup Cost": 18082.32,
                    "Total Cost": 18082.32,
                    "Plan Rows": 271028,
                    "Plan Width": 4,
                    "Actual Startup Time": 123.313,
                    "Actual Total Time": 123.313,
                    "Actual Rows": 229962,
                    "Actual Loops": 2,
                    "Hash Buckets": 524288,
                    "Original Hash Buckets": 524288,
                    "Hash Batches": 1,
                    "Original Hash Batches": 1,
                    "Peak Memory Usage": 22112,
                    "Plans": [
                      {
                        "Node Type": "Seq Scan",
                        "Parent Relationship": "Outer",
                        "Parallel Aware": true,
                        "Relation Name": "movie_info_idx",
                        "Alias": "mi_idx",
                        "Startup Cost": 0.0,
                        "Total Cost": 18082.32,
                        "Plan Rows": 271028,
                        "Plan Width": 4,
                        "Actual Startup Time": 0.045,
                        "Actual Total Time": 71.383,
                        "Actual Rows": 229962,
                        "Actual Loops": 2,
                        "Filter": "(info_type_id = 101)",
                        "Rows Removed by Filter": 460055
                      }
                    ]
                  }
                ]
              }
            ]
          }
        ]
      }
    ]
  },
  "Planning Time": 1.098,
  "Triggers": [],
  "Execution Time": 998.023
}