{
  "Plan": {
    "Node Type": "Aggregate",
    "Strategy": "Plain",
    "Partial Mode": "Simple",
    "Parallel Aware": false,
    "Startup Cost": 1147387.6,
    "Total Cost": 1147387.61,
    "Plan Rows": 1,
    "Plan Width": 128,
    "Actual Startup Time": 4452.073,
    "Actual Total Time": 4551.932,
    "Actual Rows": 1,
    "Actual Loops": 1,
    "Plans": [
      {
        "Node Type": "Gather",
        "Parent Relationship": "Outer",
        "Parallel Aware": false,
        "Startup Cost": 1057277.8,
        "Total Cost": 1147387.59,
        "Plan Rows": 1,
        "Plan Width": 81,
        "Actual Startup Time": 4189.684,
        "Actual Total Time": 4551.702,
        "Actual Rows": 1273,
        "Actual Loops": 1,
        "Workers Planned": 1,
        "Workers Launched": 1,
        "Single Copy": false,
        "Plans": [
          {
            "Node Type": "Hash Join",
            "Parent Relationship": "Outer",
            "Parallel Aware": true,
            "Join Type": "Inner",
            "Startup Cost": 1056277.8,
            "Total Cost": 1146387.49,
            "Plan Rows": 1,
            "Plan Width": 81,
            "Actual Startup Time": 4179.552,
            "Actual Total Time": 4443.432,
            "Actual Rows": 636,
            "Actual Loops": 2,
            "Inner Unique": false,
            "Hash Cond": "(n.id = ci.person_id)",
            "Plans": [
              {
                "Node Type": "Seq Scan",
                "Parent Relationship": "Outer",
                "Parallel Aware": true,
                "Relation Name": "name",
                "Alias": "n",
                "Startup Cost": 0.0,
                "Total Cost": 86255.48,
                "Plan Rows": 1027789,
                "Plan Width": 19,
                "Actual Startup Time": 0.01,
                "Actual Total Time": 211.35,
                "Actual Rows": 869790,
                "Actual Loops": 2,
                "Filter": "((gender)::text = 'm'::text)",
                "Rows Removed by Filter": 1213956
              },
              {
                "Node Type": "Hash",
                "Parent Relationship": "Inner",
                "Parallel Aware": true,
                "Startup Cost": 1056277.78,
                "Total Cost": 1056277.78,
                "Plan Rows": 1,
                "Plan Width": 70,
                "Actual Startup Time": 4175.046,
                "Actual Total Time": 4175.069,
                "Actual Rows": 778,
                "Actual Loops": 2,
                "Hash Buckets": 1024,
                "Original Hash Buckets": 1024,
                "Hash Batches": 1,
                "Original Hash Batches": 1,
                "Peak Memory Usage": 136,
                "Plans": [
                  {
                    "Node Type": "Hash Join",
                    "Parent Relationship": "Outer",
                    "Parallel Aware": true,
                    "Join Type": "Inner",
                    "Startup Cost": 999828.6,
                    "Total Cost": 1056277.78,
                    "Plan Rows": 1,
                    "Plan Width": 70,
                    "Actual Startup Time": 4100.816,
                    "Actual Total Time": 4174.823,
                    "Actual Rows": 778,
                    "Actual Loops": 2,
                    "Inner Unique": false,
                    "Hash Cond": "(t.id = ci.movie_id)",
                    "Plans": [
                      {
                        "Node Type": "Seq Scan",
                        "Parent Relationship": "Outer",
                        "Parallel Aware": true,
                        "Relation Name": "title",
                        "Alias": "t",
                        "Startup Cost": 0.0,
                        "Total Cost": 50871.58,
                        "Plan Rows": 1487358,
                        "Plan Width": 21,
                        "Actual Startup Time": 0.017,
                        "Actual Total Time": 108.152,
                        "Actual Rows": 1264156,
                        "Actual Loops": 2
                      },
                      {
                        "Node Type": "Hash",
                        "Parent Relationship": "Inner",
                        "Parallel Aware": true,
                        "Startup Cost": 999828.59,
                        "Total Cost": 999828.59,
                        "Plan Rows": 1,
                        "Plan Width": 73,
                        "Actual Startup Time": 3981.725,
                        "Actual Total Time": 3981.745,
                        "Actual Rows": 778,
                        "Actual Loops": 2,
                        "Hash Buckets": 2048,
                        "Original Hash Buckets": 1024,
                        "Hash Batches": 1,
                        "Original Hash Batches": 1,
                        "Peak Memory Usage": 184,
                        "Plans": [
                          {
                            "Node Type": "Hash Join",
                            "Parent Relationship": "Outer",
                            "Parallel Aware": false,
                            "Join Type": "Inner",
                            "Startup Cost": 938783.94,
                            "Total Cost": 999828.59,
                            "Plan Rows": 1,
                            "Plan Width": 73,
                            "Actual Startup Time": 3735.167,
                            "Actual Total Time": 3965.883,
                            "Actual Rows": 778,
                            "Actual Loops": 2,
                            "Inner Unique": true,
                            "Hash Cond": "(mk.keyword_id = k.id)",
                            "Plans": [
                              {
                                "Node Type": "Hash Join",
                                "Parent Relationship": "Outer",
                                "Parallel Aware": true,
                                "Join Type": "Inner",
                                "Startup Cost": 935319.16,
                                "Total Cost": 996363.8,
                                "Plan Rows": 3,
                                "Plan Width": 77,
                                "Actual Startup Time": 3695.294,
                                "Actual Total Time": 3925.22,
                                "Actual Rows": 29147,
                                "Actual Loops": 2,
                                "Inner Unique": false,
                                "Hash Cond": "(mk.movie_id = ci.movie_id)",
                                "Plans": [
                                  {
                                    "Node Type": "Seq Scan",
                                    "Parent Relationship": "Outer",
                                    "Parallel Aware": true,
                                    "Relation Name": "movie_keyword",
                                    "Alias": "mk",
                                    "Startup Cost": 0.0,
                                    "Total Cost": 51065.35,
                                    "Plan Rows": 2661135,
                                    "Plan Width": 8,
                                    "Actual Startup Time": 0.007,
                                    "Actual Total Time": 142.639,
                                    "Actual Rows": 2261965,
                                    "Actual Loops": 2
                                  },
                                  {
                                    "Node Type": "Hash",
                                    "Parent Relationship": "Inner",
                                    "Parallel Aware": true,
                                    "Startup Cost": 935319.15,
                                    "Total Cost": 935319.15,
                                    "Plan Rows": 1,
                                    "Plan Width": 69,
                                    "Actual Startup Time": 3642.524,
                                    "Actual Total Time": 3642.54,
                                    "Actual Rows": 294,
                                    "Actual Loops": 2,
                                    "Hash Buckets": 1024,
                                    "Original Hash Buckets": 1024,
                                    "Hash Batches": 1,
                                    "Original Hash Batches": 1,
                                    "Peak Memory Usage": 72,
                                    "Plans": [
                                      {
                                        "Node Type": "Hash Join",
                                        "Parent Relationship": "Outer",
                                        "Parallel Aware": false,
                                        "Join Type": "Inner",
                                        "Startup Cost": 663843.64,
                                        "Total Cost": 935319.15,
                                        "Plan Rows": 1,
                                        "Plan Width": 69,
                                        "Actual Startup Time": 3562.15,
                                        "Actual Total Time": 3642.414,
                                        "Actual Rows": 294,
                                        "Actual Loops": 2,
                                        "Inner Unique": true,
                                        "Hash Cond": "(mi.info_type_id = it1.id)",
                                        "Plans": [
                                          {
                                            "Node Type": "Hash Join",
                                            "Parent Relationship": "Outer",
                                            "Parallel Aware": true,
                                            "Join Type": "Inner",
                                            "Startup Cost": 663841.22,
                                            "Total Cost": 935316.72,
                                            "Plan Rows": 1,
                                            "Plan Width": 73,
                                            "Actual Startup Time": 3371.041,
                                            "Actual Total Time": 3642.295,
                                            "Actual Rows": 301,
                                            "Actual Loops": 2,
                                            "Inner Unique": false,
                                            "Hash Cond": "(mi.movie_id = ci.movie_id)",
                                            "Plans": [
                                              {
                                                "Node Type": "Seq Scan",
                                                "Parent Relationship": "Outer",
                                                "Parallel Aware": true,
                                                "Relation Name": "movie_info",
                                                "Alias": "mi",
                                                "Startup Cost": 0.0,
                                                "Total Cost": 271320.25,
                                                "Plan Rows": 41399,
                                                "Plan Width": 51,
                                                "Actual Startup Time": 470.959,
                                                "Actual Total Time": 744.378,
                                                "Actual Rows": 36524,
                                                "Actual Loops": 2,
                                                "Filter": "(info = ANY ('{Horror,Thriller}'::text[]))",
                                                "Rows Removed by Filter": 7381336
                                              },
                                              {
                                                "Node Type": "Hash",
                                                "Parent Relationship": "Inner",
                                                "Parallel Aware": true,
                                                "Startup Cost": 663841.19,
                                                "Total Cost": 663841.19,
                                                "Plan Rows": 2,
                                                "Plan Width": 22,
                                                "Actual Startup Time": 2894.815,
                                                "Actual Total Time": 2894.827,
                                                "Actual Rows": 690,
                                                "Actual Loops": 2,
                                                "Hash Buckets": 2048,
                                                "Original Hash Buckets": 1024,
                                                "Hash Batches": 1,
                                                "Original Hash Batches": 1,
                                                "Peak Memory Usage": 152,
                                                "Plans": [
                                                  {
                                                    "Node Type": "Hash Join",
                                                    "Parent Relationship": "Outer",
                                                    "Parallel Aware": false,
                                                    "Join Type": "Inner",
                                                    "Startup Cost": 644741.93,
                                                    "Total Cost": 663841.19,
                                                    "Plan Rows": 2,
                                                    "Plan Width": 22,
                                                    "Actual Startup Time": 2768.125,
                                                    "Actual Total Time": 2881.424,
                                                    "Actual Rows": 690,
                                                    "Actual Loops": 2,
                                                    "Inner Unique": true,
                                                    "Hash Cond": "(mi_idx.info_type_id = it2.id)",
                                                    "Plans": [
                                                      {
                                                        "Node Type": "Hash Join",
                                                        "Parent Relationship": "Outer",
                                                        "Parallel Aware": true,
                                                        "Join Type": "Inner",
                                                        "Startup Cost": 644739.5,
                                                        "Total Cost": 663838.07,
                                                        "Plan Rows": 257,
                                                        "Plan Width": 26,
                                                        "Actual Startup Time": 2768.088,
                                                        "Actual Total Time": 2881.144,
                                                        "Actual Rows": 2090,
                                                        "Actual Loops": 2,
                                                        "Inner Unique": false,
                                                        "Hash Cond": "(mi_idx.movie_id = ci.movie_id)",
                                                        "Plans": [
                                                          {
                                                            "Node Type": "Seq Scan",
                                                            "Parent Relationship": "Outer",
                                                            "Parallel Aware": true,
                                                            "Relation Name": "movie_info_idx",
                                                            "Alias": "mi_idx",
                                                            "Startup Cost": 0.0,
                                                            "Total Cost": 16052.85,
                                                            "Plan Rows": 811785,
                                                            "Plan Width": 14,
                                                            "Actual Startup Time": 0.019,
                                                            "Actual Total Time": 55.84,
                                                            "Actual Rows": 690018,
                                                            "Actual Loops": 2
                                                          },
                                                          {
                                                            "Node Type": "Hash",
                                                            "Parent Relationship": "Inner",
                                                            "Parallel Aware": true,
                                                            "Startup Cost": 644737.24,
                                                            "Total Cost": 644737.24,
                                                            "Plan Rows": 181,
                                                            "Plan Width": 12,
                                                            "Actual Startup Time": 2763.283,
                                                            "Actual Total Time": 2763.29,
                                                            "Actual Rows": 727,
                                                            "Actual Loops": 2,
                                                            "Hash Buckets": 1024,
                                                            "Original Hash Buckets": 1024,
                                                            "Hash Batches": 1,
                                                            "Original Hash Batches": 1,
                                                            "Peak Memory Usage": 104,
                                                            "Plans": [
                                                              {
                                                                "Node Type": "Hash Join",
                                                                "Parent Relationship": "Outer",
                                                                "Parallel Aware": true,
                                                                "Join Type": "Inner",
                                                                "Startup Cost": 42891.67,
                                                                "Total Cost": 644737.24,
                                                                "Plan Rows": 181,
                                                                "Plan Width": 12,
                                                                "Actual Startup Time": 1915.719,
                                                                "Actual Total Time": 2762.863,
                                                                "Actual Rows": 727,
                                                                "Actual Loops": 2,
                                                                "Inner Unique": false,
                                                                "Hash Cond": "(ci.movie_id = mc.movie_id)",
                                                                "Plans": [
                                                                  {
                                                                    "Node Type": "Seq Scan",
                                                                    "Parent Relationship": "Outer",
                                                                    "Parallel Aware": true,
                                                                    "Relation Name": "cast_info",
                                                                    "Alias": "ci",
                                                                    "Startup Cost": 0.0,
                                                                    "Total Cost": 599269.14,
                                                                    "Plan Rows": 686766,
                                                                    "Plan Width": 8,
                                                                    "Actual Startup Time": 120.812,
                                                                    "Actual Total Time": 2462.356,
                                                                    "Actual Rows": 622358,
                                                                    "Actual Loops": 2,
                                                                    "Filter": "(note = ANY ('{(writer),\"(head writer)\",\"(written by)\",(story),\"(story editor)\"}'::text[]))",
                                                                    "Rows Removed by Filter": 17499814
                                                                  },
                                                                  {
                                                                    "Node Type": "Hash",
                                                                    "Parent Relationship": "Inner",
                                                                    "Parallel Aware": true,
                                                                    "Startup Cost": 42889.79,
                                                                    "Total Cost": 42889.79,
                                                                    "Plan Rows": 150,
                                                                    "Plan Width": 4,
                                                                    "Actual Startup Time": 228.215,
                                                                    "Actual Total Time": 228.22,
                                                                    "Actual Rows": 907,
                                                                    "Actual Loops": 2,
                                                                    "Hash Buckets": 1024,
                                                                    "Original Hash Buckets": 1024,
                                                                    "Hash Batches": 1,
                                                                    "Original Hash Batches": 1,
                                                                    "Peak Memory Usage": 104,
                                                                    "Plans": [
                                                                      {
                                                                        "Node Type": "Hash Join",
                                                                        "Parent Relationship": "Outer",
                                                                        "Parallel Aware": true,
                                                                        "Join Type": "Inner",
                                                                        "Startup Cost": 4723.09,
                                                                        "Total Cost": 42889.79,
                                                                        "Plan Rows": 150,
                                                                        "Plan Width": 4,
                                                                        "Actual Startup Time": 15.201,
                                                                        "Actual Total Time": 227.836,
                                                                        "Actual Rows": 907,
                                                                        "Actual Loops": 2,
                                                                        "Inner Unique": true,
                                                                        "Hash Cond": "(mc.company_id = cn.id)",
                                                                        "Plans": [
                                                                          {
                                                                            "Node Type": "Seq Scan",
                                                                            "Parent Relationship": "Outer",
                                                                            "Parallel Aware": true,
                                                                            "Relation Name": "movie_companies",
                                                                            "Alias": "mc",
                                                                            "Startup Cost": 0.0,
                                                                            "Total Cost": 34137.82,
                                                                            "Plan Rows": 1534782,
                                                                            "Plan Width": 8,
                                                                            "Actual Startup Time": 0.021,
                                                                            "Actual Total Time": 114.3,
                                                                            "Actual Rows": 1304564,
                                                                            "Actual Loops": 2
                                                                          },
                                                                          {
                                                                            "Node Type": "Hash",
                                                                            "Parent Relationship": "Inner",
                                                                            "Parallel Aware": true,
                                                                            "Startup Cost": 4722.92,
                                                                            "Total Cost": 4722.92,
                                                                            "Plan Rows": 14,
                                                                            "Plan Width": 4,
                                                                            "Actual Startup Time": 11.635,
                                                                            "Actual Total Time": 11.636,
                                                                            "Actual Rows": 5,
                                                                            "Actual Loops": 2,
                                                                            "Hash Buckets": 1024,
                                                                            "Original Hash Buckets": 1024,
                                                                            "Hash Batches": 1,
                                                                            "Original Hash Batches": 1,
                                                                            "Peak Memory Usage": 40,
                                                                            "Plans": [
                                                                              {
                                                                                "Node Type": "Seq Scan",
                                                                                "Parent Relationship": "Outer",
                                                                                "Parallel Aware": true,
                                                                                "Relation Name": "company_name",
                                                                                "Alias": "cn",
                                                                                "Startup Cost": 0.0,
                                                                                "Total Cost": 4722.92,
                                                                                "Plan Rows": 14,
                                                                                "Plan Width": 4,
                                                                                "Actual Startup Time": 0.888,
                                                                                "Actual Total Time": 11.591,
                                                                                "Actual Rows": 5,
                                                                                "Actual Loops": 2,
                                                                                "Filter": "(name ~~ 'Lionsgate%'::text)",
                                                                                "Rows Removed by Filter": 117494
                                                                              }
                                                                            ]
                                                                          }
                                                                        ]
                                                                      }
                                                                    ]
                                                                  }
                                                                ]
                                                              }
                                                            ]
                                                          }
                                                        ]
                                                      },
                                                      {
                                                        "Node Type": "Hash",
                                                        "Parent Relationship": "Inner",
                                                        "Parallel Aware": false,
                                                        "Startup Cost": 2.41,
                                                        "Total Cost": 2.41,
                                                        "Plan Rows": 1,
                                                        "Plan Width": 4,
                                                        "Actual Startup Time": 0.019,
                                                        "Actual Total Time": 0.02,
                                                        "Actual Rows": 1,
                                                        "Actual Loops": 2,
                                                        "Hash Buckets": 1024,
                                                        "Original Hash Buckets": 1024,
                                                        "Hash Batches": 1,
                                                        "Original Hash Batches": 1,
                                                        "Peak Memory Usage": 9,
                                                        "Plans": [
                                                          {
                                                            "Node Type": "Seq Scan",
                                                            "Parent Relationship": "Outer",
                                                            "Parallel Aware": false,
                                                            "Relation Name": "info_type",
                                                            "Alias": "it2",
                                                            "Startup Cost": 0.0,
                                                            "Total Cost": 2.41,
                                                            "Plan Rows": 1,
                                                            "Plan Width": 4,
                                                            "Actual Startup Time": 0.012,
                                                            "Actual Total Time": 0.014,
                                                            "Actual Rows": 1,
                                                            "Actual Loops": 2,
                                                            "Filter": "((info)::text = 'votes'::text)",
                                                            "Rows Removed by Filter": 112
                                                          }
                                                        ]
                                                      }
                                                    ]
                                                  }
                                                ]
                                              }
                                            ]
                                          },
                                          {
                                            "Node Type": "Hash",
                                            "Parent Relationship": "Inner",
                                            "Parallel Aware": false,
                                            "Startup Cost": 2.41,
                                            "Total Cost": 2.41,
                                            "Plan Rows": 1,
                                            "Plan Width": 4,
                                            "Actual Startup Time": 0.039,
                                            "Actual Total Time": 0.04,
                                            "Actual Rows": 1,
                                            "Actual Loops": 2,
                                            "Hash Buckets": 1024,
                                            "Original Hash Buckets": 1024,
                                            "Hash Batches": 1,
                                            "Original Hash Batches": 1,
                                            "Peak Memory Usage": 9,
                                            "Plans": [
                                              {
                                                "Node Type": "Seq Scan",
                                                "Parent Relationship": "Outer",
                                                "Parallel Aware": false,
                                                "Relation Name": "info_type",
                                                "Alias": "it1",
                                                "Startup Cost": 0.0,
                                                "Total Cost": 2.41,
                                                "Plan Rows": 1,
                                                "Plan Width": 4,
                                                "Actual Startup Time": 0.028,
                                                "Actual Total Time": 0.035,
                                                "Actual Rows": 1,
                                                "Actual Loops": 2,
                                                "Filter": "((info)::text = 'genres'::text)",
                                                "Rows Removed by Filter": 112
                                              }
                                            ]
                                          }
                                        ]
                                      }
                                    ]
                                  }
                                ]
                              },
                              {
                                "Node Type": "Hash",
                                "Parent Relationship": "Inner",
                                "Parallel Aware": false,
                                "Startup Cost": 3464.69,
                                "Total Cost": 3464.69,
                                "Plan Rows": 7,
                                "Plan Width": 4,
                                "Actual Startup Time": 39.12,
                                "Actual Total Time": 39.121,
                                "Actual Rows": 7,
                                "Actual Loops": 2,
                                "Hash Buckets": 1024,
                                "Original Hash Buckets": 1024,
                                "Hash Batches": 1,
                                "Original Hash Batches": 1,
                                "Peak Memory Usage": 9,
                                "Plans": [
                                  {
                                    "Node Type": "Seq Scan",
                                    "Parent Relationship": "Outer",
                                    "Parallel Aware": false,
                                    "Relation Name": "keyword",
                                    "Alias": "k",
                                    "Startup Cost": 0.0,
                                    "Total Cost": 3464.69,
                                    "Plan Rows": 7,
                                    "Plan Width": 4,
                                    "Actual Startup Time": 1.876,
                                    "Actual Total Time": 39.1,
                                    "Actual Rows": 7,
                                    "Actual Loops": 2,
                                    "Filter": "(keyword = ANY ('{murder,violence,blood,gore,death,female-nudity,hospital}'::text[]))",
                                    "Rows Removed by Filter": 134163
                                  }
                                ]
                              }
                            ]
                          }
                        ]
                      }
                    ]
                  }
                ]
              }
            ]
          }
        ]
      }
    ]
  },
  "Planning Time": 2.814,
  "Triggers": [],
  "Execution Time": 4552.169
}