[
  {
    "Plan": {
      "Node Type": "Aggregate",
      "Strategy": "Plain",
      "Partial Mode": "Finalize",
      "Parallel Aware": false,
      "Startup Cost": 77538.82,
      "Total Cost": 77538.83,
      "Plan Rows": 1,
      "Plan Width": 8,
      "Actual Startup Time": 125.86,
      "Actual Total Time": 142.684,
      "Actual Rows": 1,
      "Actual Loops": 1,
      "Plans": [
        {
          "Node Type": "Gather",
          "Parent Relationship": "Outer",
          "Parallel Aware": false,
          "Startup Cost": 77538.4,
          "Total Cost": 77538.81,
          "Plan Rows": 4,
          "Plan Width": 8,
          "Actual Startup Time": 125.745,
          "Actual Total Time": 142.674,
          "Actual Rows": 5,
          "Actual Loops": 1,
          "Workers Planned": 4,
          "Workers Launched": 4,
          "Single Copy": false,
          "Plans": [
            {
              "Node Type": "Aggregate",
              "Strategy": "Plain",
              "Partial Mode": "Partial",
              "Parent Relationship": "Outer",
              "Parallel Aware": false,
              "Startup Cost": 76538.4,
              "Total Cost": 76538.41,
              "Plan Rows": 1,
              "Plan Width": 8,
              "Actual Startup Time": 115.795,
              "Actual Total Time": 115.797,
              "Actual Rows": 1,
              "Actual Loops": 5,
              "Plans": [
                {
                  "Node Type": "Nested Loop",
                  "Parent Relationship": "Outer",
                  "Parallel Aware": false,
                  "Join Type": "Inner",
                  "Startup Cost": 0.43,
                  "Total Cost": 76533.9,
                  "Plan Rows": 1798,
                  "Plan Width": 0,
                  "Actual Startup Time": 61.854,
                  "Actual Total Time": 115.731,
                  "Actual Rows": 461,
                  "Actual Loops": 5,
                  "Inner Unique": false,
                  "Plans": [
                    {
                      "Node Type": "Seq Scan",
                      "Parent Relationship": "Outer",
                      "Parallel Aware": true,
                      "Relation Name": "title",
                      "Alias": "t",
                      "Startup Cost": 0.0,
                      "Total Cost": 45479.1,
                      "Plan Rows": 6384,
                      "Plan Width": 4,
                      "Actual Startup Time": 58.975,
                      "Actual Total Time": 90.53,
                      "Actual Rows": 3091,
                      "Actual Loops": 5,
                      "Filter": "((kind_id = 1) AND (production_year = 2005))",
                      "Rows Removed by Filter": 502571
                    },
                    {
                      "Node Type": "Index Scan",
                      "Parent Relationship": "Inner",
                      "Parallel Aware": false,
                      "Scan Direction": "Forward",
                      "Index Name": "movie_id_movie_companies",
                      "Relation Name": "movie_companies",
                      "Alias": "mc",
                      "Startup Cost": 0.43,
                      "Total Cost": 4.85,
                      "Plan Rows": 1,
                      "Plan Width": 4,
                      "Actual Startup Time": 0.008,
                      "Actual Total Time": 0.008,
                      "Actual Rows": 0,
                      "Actual Loops": 15457,
                      "Index Cond": "(movie_id = t.id)",
                      "Rows Removed by Index Recheck": 0,
                      "Filter": "((company_id < 12194) AND (company_type_id = 2))",
                      "Rows Removed by Filter": 2
                    }
                  ]
                }
              ]
            }
          ]
        }
      ]
    },
    "Planning Time": 0.634,
    "Triggers": [],
    "Execution Time": 142.756
  }
]