[
  {
    "Plan": {
      "Node Type": "Aggregate",
      "Strategy": "Plain",
      "Partial Mode": "Finalize",
      "Parallel Aware": false,
      "Startup Cost": 334416.7,
      "Total Cost": 334416.71,
      "Plan Rows": 1,
      "Plan Width": 8,
      "Actual Startup Time": 722.756,
      "Actual Total Time": 768.965,
      "Actual Rows": 1,
      "Actual Loops": 1,
      "Plans": [
        {
          "Node Type": "Gather",
          "Parent Relationship": "Outer",
          "Parallel Aware": false,
          "Startup Cost": 334416.07,
          "Total Cost": 334416.68,
          "Plan Rows": 6,
          "Plan Width": 8,
          "Actual Startup Time": 722.529,
          "Actual Total Time": 768.951,
          "Actual Rows": 7,
          "Actual Loops": 1,
          "Workers Planned": 6,
          "Workers Launched": 6,
          "Single Copy": false,
          "Plans": [
            {
              "Node Type": "Aggregate",
              "Strategy": "Plain",
              "Partial Mode": "Partial",
              "Parent Relationship": "Outer",
              "Parallel Aware": false,
              "Startup Cost": 333416.07,
              "Total Cost": 333416.08,
              "Plan Rows": 1,
              "Plan Width": 8,
              "Actual Startup Time": 713.586,
              "Actual Total Time": 713.588,
              "Actual Rows": 1,
              "Actual Loops": 7,
              "Plans": [
                {
                  "Node Type": "Seq Scan",
                  "Parent Relationship": "Outer",
                  "Parallel Aware": true,
                  "Relation Name": "cast_info",
                  "Alias": "ci",
                  "Startup Cost": 0.0,
                  "Total Cost": 328211.39,
                  "Plan Rows": 2081872,
                  "Plan Width": 0,
                  "Actual Startup Time": 291.886,
                  "Actual Total Time": 619.235,
                  "Actual Rows": 1763374,
                  "Actual Loops": 7,
                  "Filter": "(person_id > 2451127)",
                  "Rows Removed by Filter": 3414389
                }
              ]
            }
          ]
        }
      ]
    },
    "Planning Time": 0.092,
    "Triggers": [],
    "Execution Time": 769.008
  }
]