[
  {
    "Plan": {
      "Node Type": "Aggregate",
      "Strategy": "Plain",
      "Partial Mode": "Finalize",
      "Parallel Aware": false,
      "Startup Cost": 398065.06,
      "Total Cost": 398065.07,
      "Plan Rows": 1,
      "Plan Width": 8,
      "Actual Startup Time": 1339.298,
      "Actual Total Time": 1420.708,
      "Actual Rows": 1,
      "Actual Loops": 1,
      "Plans": [
        {
          "Node Type": "Gather",
          "Parent Relationship": "Outer",
          "Parallel Aware": false,
          "Startup Cost": 398064.43,
          "Total Cost": 398065.04,
          "Plan Rows": 6,
          "Plan Width": 8,
          "Actual Startup Time": 1335.667,
          "Actual Total Time": 1420.68,
          "Actual Rows": 7,
          "Actual Loops": 1,
          "Workers Planned": 6,
          "Workers Launched": 6,
          "Single Copy": false,
          "Plans": [
            {
              "Node Type": "Aggregate",
              "Strategy": "Plain",
              "Partial Mode": "Partial",
              "Parent Relationship": "Outer",
              "Parallel Aware": false,
              "Startup Cost": 397064.43,
              "Total Cost": 397064.44,
              "Plan Rows": 1,
              "Plan Width": 8,
              "Actual Startup Time": 1327.242,
              "Actual Total Time": 1327.25,
              "Actual Rows": 1,
              "Actual Loops": 7,
              "Plans": [
                {
                  "Node Type": "Hash Join",
                  "Parent Relationship": "Outer",
                  "Parallel Aware": true,
                  "Join Type": "Inner",
                  "Startup Cost": 45341.55,
                  "Total Cost": 395819.47,
                  "Plan Rows": 497987,
                  "Plan Width": 0,
                  "Actual Startup Time": 285.403,
                  "Actual Total Time": 1312.47,
                  "Actual Rows": 297245,
                  "Actual Loops": 7,
                  "Inner Unique": true,
                  "Hash Cond": "(ci.movie_id = t.id)",
                  "Plans": [
                    {
                      "Node Type": "Seq Scan",
                      "Parent Relationship": "Outer",
                      "Parallel Aware": true,
                      "Relation Name": "cast_info",
                      "Alias": "ci",
                      "Startup Cost": 0.0,
                      "Total Cost": 343316.27,
                      "Plan Rows": 2728243,
                      "Plan Width": 4,
                      "Actual Startup Time": 158.2,
                      "Actual Total Time": 785.169,
                      "Actual Rows": 2103366,
                      "Actual Loops": 7,
                      "Filter": "((person_id > 1157768) AND (role_id < 4))",
                      "Rows Removed by Filter": 3074397
                    },
                    {
                      "Node Type": "Hash",
                      "Parent Relationship": "Inner",
                      "Parallel Aware": true,
                      "Startup Cost": 43899.32,
                      "Total Cost": 43899.32,
                      "Plan Rows": 115378,
                      "Plan Width": 4,
                      "Actual Startup Time": 124.538,
                      "Actual Total Time": 124.542,
                      "Actual Rows": 68514,
                      "Actual Loops": 7,
                      "Hash Buckets": 524288,
                      "Original Hash Buckets": 524288,
                      "Hash Batches": 1,
                      "Original Hash Batches": 1,
                      "Peak Memory Usage": 22944,
                      "Plans": [
                        {
                          "Node Type": "Seq Scan",
                          "Parent Relationship": "Outer",
                          "Parallel Aware": true,
                          "Relation Name": "title",
                          "Alias": "t",
                          "Startup Cost": 0.0,
                          "Total Cost": 43899.32,
                          "Plan Rows": 115378,
                          "Plan Width": 4,
                          "Actual Startup Time": 0.032,
                          "Actual Total Time": 87.145,
                          "Actual Rows": 68514,
                          "Actual Loops": 7,
                          "Filter": "(production_year < 1978)",
                          "Rows Removed by Filter": 292673
                        }
                      ]
                    }
                  ]
                }
              ]
            }
          ]
        }
      ]
    },
    "Planning Time": 0.639,
    "Triggers": [],
    "Execution Time": 1420.798
  }
]