[
  {
    "Plan": {
      "Node Type": "Aggregate",
      "Strategy": "Plain",
      "Partial Mode": "Finalize",
      "Parallel Aware": false,
      "Startup Cost": 397935.95,
      "Total Cost": 397935.96,
      "Plan Rows": 1,
      "Plan Width": 8,
      "Actual Startup Time": 1320.971,
      "Actual Total Time": 1390.503,
      "Actual Rows": 1,
      "Actual Loops": 1,
      "Plans": [
        {
          "Node Type": "Gather",
          "Parent Relationship": "Outer",
          "Parallel Aware": false,
          "Startup Cost": 397935.32,
          "Total Cost": 397935.93,
          "Plan Rows": 6,
          "Plan Width": 8,
          "Actual Startup Time": 1317.646,
          "Actual Total Time": 1390.488,
          "Actual Rows": 7,
          "Actual Loops": 1,
          "Workers Planned": 6,
          "Workers Launched": 6,
          "Single Copy": false,
          "Plans": [
            {
              "Node Type": "Aggregate",
              "Strategy": "Plain",
              "Partial Mode": "Partial",
              "Parent Relationship": "Outer",
              "Parallel Aware": false,
              "Startup Cost": 396935.32,
              "Total Cost": 396935.33,
              "Plan Rows": 1,
              "Plan Width": 8,
              "Actual Startup Time": 1307.037,
              "Actual Total Time": 1307.04,
              "Actual Rows": 1,
              "Actual Loops": 7,
              "Plans": [
                {
                  "Node Type": "Hash Join",
                  "Parent Relationship": "Outer",
                  "Parallel Aware": true,
                  "Join Type": "Inner",
                  "Startup Cost": 45372.04,
                  "Total Cost": 395682.78,
                  "Plan Rows": 501015,
                  "Plan Width": 0,
                  "Actual Startup Time": 266.735,
                  "Actual Total Time": 1291.048,
                  "Actual Rows": 297245,
                  "Actual Loops": 7,
                  "Inner Unique": true,
                  "Hash Cond": "(ci.movie_id = t.id)",
                  "Plans": [
                    {
                      "Node Type": "Seq Scan",
                      "Parent Relationship": "Outer",
                      "Parallel Aware": true,
                      "Relation Name": "cast_info",
                      "Alias": "ci",
                      "Startup Cost": 0.0,
                      "Total Cost": 343257.03,
                      "Plan Rows": 2687125,
                      "Plan Width": 4,
                      "Actual Startup Time": 151.394,
                      "Actual Total Time": 750.811,
                      "Actual Rows": 2103366,
                      "Actual Loops": 7,
                      "Filter": "((person_id > 1157768) AND (role_id < 4))",
                      "Rows Removed by Filter": 3074397
                    },
                    {
                      "Node Type": "Hash",
                      "Parent Relationship": "Inner",
                      "Parallel Aware": true,
                      "Startup Cost": 43898.92,
                      "Total Cost": 43898.92,
                      "Plan Rows": 117850,
                      "Plan Width": 4,
                      "Actual Startup Time": 112.659,
                      "Actual Total Time": 112.661,
                      "Actual Rows": 68514,
                      "Actual Loops": 7,
                      "Hash Buckets": 524288,
                      "Original Hash Buckets": 524288,
                      "Hash Batches": 1,
                      "Original Hash Batches": 1,
                      "Peak Memory Usage": 22976,
                      "Plans": [
                        {
                          "Node Type": "Seq Scan",
                          "Parent Relationship": "Outer",
                          "Parallel Aware": true,
                          "Relation Name": "title",
                          "Alias": "t",
                          "Startup Cost": 0.0,
                          "Total Cost": 43898.92,
                          "Plan Rows": 117850,
                          "Plan Width": 4,
                          "Actual Startup Time": 0.034,
                          "Actual Total Time": 81.457,
                          "Actual Rows": 68514,
                          "Actual Loops": 7,
                          "Filter": "(production_year < 1978)",
                          "Rows Removed by Filter": 292673
                        }
                      ]
                    }
                  ]
                }
              ]
            }
          ]
        }
      ]
    },
    "Planning Time": 0.644,
    "Triggers": [],
    "Execution Time": 1390.591
  }
]