[
    {
        "Bao": {
            "Bao prediction": "NaN",
            "Bao recommended hint": "(no hint)"
        }
    },
    {
        "Plan": {
            "Node Type": "Aggregate",
            "Strategy": "Plain",
            "Partial Mode": "Finalize",
            "Parallel Aware": false,
            "Startup Cost": 30547.89,
            "Total Cost": 30547.9,
            "Plan Rows": 1,
            "Plan Width": 8,
            "Actual Startup Time": 75.591,
            "Actual Total Time": 80.538,
            "Actual Rows": 1,
            "Actual Loops": 1,
            "Output": [
                "count(*)"
            ],
            "Plans": [
                {
                    "Node Type": "Gather",
                    "Parent Relationship": "Outer",
                    "Parallel Aware": false,
                    "Startup Cost": 30547.58,
                    "Total Cost": 30547.89,
                    "Plan Rows": 3,
                    "Plan Width": 8,
                    "Actual Startup Time": 75.343,
                    "Actual Total Time": 80.531,
                    "Actual Rows": 4,
                    "Actual Loops": 1,
                    "Output": [
                        "(PARTIAL count(*))"
                    ],
                    "Workers Planned": 3,
                    "Workers Launched": 3,
                    "Single Copy": false,
                    "Plans": [
                        {
                            "Node Type": "Aggregate",
                            "Strategy": "Plain",
                            "Partial Mode": "Partial",
                            "Parent Relationship": "Outer",
                            "Parallel Aware": false,
                            "Startup Cost": 29547.58,
                            "Total Cost": 29547.59,
                            "Plan Rows": 1,
                            "Plan Width": 8,
                            "Actual Startup Time": 66.583,
                            "Actual Total Time": 66.585,
                            "Actual Rows": 1,
                            "Actual Loops": 4,
                            "Output": [
                                "PARTIAL count(*)"
                            ],
                            "Workers": [
                                {
                                    "Worker Number": 0,
                                    "Actual Startup Time": 63.503,
                                    "Actual Total Time": 63.505,
                                    "Actual Rows": 1,
                                    "Actual Loops": 1
                                },
                                {
                                    "Worker Number": 1,
                                    "Actual Startup Time": 63.775,
                                    "Actual Total Time": 63.777,
                                    "Actual Rows": 1,
                                    "Actual Loops": 1
                                },
                                {
                                    "Worker Number": 2,
                                    "Actual Startup Time": 63.956,
                                    "Actual Total Time": 63.958,
                                    "Actual Rows": 1,
                                    "Actual Loops": 1
                                }
                            ],
                            "Plans": [
                                {
                                    "Node Type": "Bitmap Heap Scan",
                                    "Parent Relationship": "Outer",
                                    "Parallel Aware": true,
                                    "Relation Name": "movie_keyword",
                                    "Schema": "public",
                                    "Alias": "mk",
                                    "Startup Cost": 4147.59,
                                    "Total Cost": 29389.91,
                                    "Plan Rows": 63066,
                                    "Plan Width": 0,
                                    "Actual Startup Time": 9.974,
                                    "Actual Total Time": 63.097,
                                    "Actual Rows": 49159,
                                    "Actual Loops": 4,
                                    "Recheck Cond": "(mk.keyword_id > 69478)",
                                    "Rows Removed by Index Recheck": 0,
                                    "Exact Heap Blocks": 11591,
                                    "Lossy Heap Blocks": 0,
                                    "Workers": [
                                        {
                                            "Worker Number": 0,
                                            "Actual Startup Time": 7.071,
                                            "Actual Total Time": 60.362,
                                            "Actual Rows": 27652,
                                            "Actual Loops": 1
                                        },
                                        {
                                            "Worker Number": 1,
                                            "Actual Startup Time": 7.305,
                                            "Actual Total Time": 60.686,
                                            "Actual Rows": 27175,
                                            "Actual Loops": 1
                                        },
                                        {
                                            "Worker Number": 2,
                                            "Actual Startup Time": 7.378,
                                            "Actual Total Time": 60.782,
                                            "Actual Rows": 29495,
                                            "Actual Loops": 1
                                        }
                                    ],
                                    "Plans": [
                                        {
                                            "Node Type": "Bitmap Index Scan",
                                            "Parent Relationship": "Outer",
                                            "Parallel Aware": false,
                                            "Index Name": "keyword_id_movie_keyword",
                                            "Startup Cost": 0.0,
                                            "Total Cost": 4098.71,
                                            "Plan Rows": 195504,
                                            "Plan Width": 0,
                                            "Actual Startup Time": 14.972,
                                            "Actual Total Time": 14.973,
                                            "Actual Rows": 196635,
                                            "Actual Loops": 1,
                                            "Index Cond": "(mk.keyword_id > 69478)"
                                        }
                                    ]
                                }
                            ]
                        }
                    ]
                }
            ]
        },
        "Planning Time": 222.151,
        "Triggers": [],
        "Execution Time": 80.585
    }
]