[
  {
    "Plan": {
      "Node Type": "Aggregate",
      "Strategy": "Plain",
      "Partial Mode": "Finalize",
      "Parallel Aware": false,
      "Startup Cost": 340992.24,
      "Total Cost": 340992.25,
      "Plan Rows": 1,
      "Plan Width": 8,
      "Actual Startup Time": 488.305,
      "Actual Total Time": 509.391,
      "Actual Rows": 1,
      "Actual Loops": 1,
      "Plans": [
        {
          "Node Type": "Gather",
          "Parent Relationship": "Outer",
          "Parallel Aware": false,
          "Startup Cost": 340991.61,
          "Total Cost": 340992.22,
          "Plan Rows": 6,
          "Plan Width": 8,
          "Actual Startup Time": 488.225,
          "Actual Total Time": 509.383,
          "Actual Rows": 7,
          "Actual Loops": 1,
          "Workers Planned": 6,
          "Workers Launched": 6,
          "Single Copy": false,
          "Plans": [
            {
              "Node Type": "Aggregate",
              "Strategy": "Plain",
              "Partial Mode": "Partial",
              "Parent Relationship": "Outer",
              "Parallel Aware": false,
              "Startup Cost": 339991.61,
              "Total Cost": 339991.62,
              "Plan Rows": 1,
              "Plan Width": 8,
              "Actual Startup Time": 479.365,
              "Actual Total Time": 479.367,
              "Actual Rows": 1,
              "Actual Loops": 7,
              "Plans": [
                {
                  "Node Type": "Index Scan",
                  "Parent Relationship": "Outer",
                  "Parallel Aware": true,
                  "Scan Direction": "Forward",
                  "Index Name": "role_id_cast_info",
                  "Relation Name": "cast_info",
                  "Alias": "ci",
                  "Startup Cost": 0.56,
                  "Total Cost": 335235.55,
                  "Plan Rows": 1902426,
                  "Plan Width": 0,
                  "Actual Startup Time": 83.738,
                  "Actual Total Time": 410.892,
                  "Actual Rows": 1486577,
                  "Actual Loops": 7,
                  "Index Cond": "(role_id < 2)",
                  "Rows Removed by Index Recheck": 0,
                  "Filter": "(person_id > 305034)",
                  "Rows Removed by Filter": 323522
                }
              ]
            }
          ]
        }
      ]
    },
    "Planning Time": 0.268,
    "Triggers": [],
    "Execution Time": 509.44
  }
]