[
  {
    "Plan": {
      "Node Type": "Aggregate",
      "Strategy": "Plain",
      "Partial Mode": "Finalize",
      "Parallel Aware": false,
      "Startup Cost": 214689.74,
      "Total Cost": 214689.75,
      "Plan Rows": 1,
      "Plan Width": 8,
      "Actual Startup Time": 136.329,
      "Actual Total Time": 147.237,
      "Actual Rows": 1,
      "Actual Loops": 1,
      "Plans": [
        {
          "Node Type": "Gather",
          "Parent Relationship": "Outer",
          "Parallel Aware": false,
          "Startup Cost": 214689.22,
          "Total Cost": 214689.73,
          "Plan Rows": 5,
          "Plan Width": 8,
          "Actual Startup Time": 134.08,
          "Actual Total Time": 147.228,
          "Actual Rows": 6,
          "Actual Loops": 1,
          "Workers Planned": 5,
          "Workers Launched": 5,
          "Single Copy": false,
          "Plans": [
            {
              "Node Type": "Aggregate",
              "Strategy": "Plain",
              "Partial Mode": "Partial",
              "Parent Relationship": "Outer",
              "Parallel Aware": false,
              "Startup Cost": 213689.22,
              "Total Cost": 213689.23,
              "Plan Rows": 1,
              "Plan Width": 8,
              "Actual Startup Time": 123.558,
              "Actual Total Time": 123.561,
              "Actual Rows": 1,
              "Actual Loops": 6,
              "Plans": [
                {
                  "Node Type": "Hash Join",
                  "Parent Relationship": "Outer",
                  "Parallel Aware": true,
                  "Join Type": "Inner",
                  "Startup Cost": 49460.21,
                  "Total Cost": 213676.63,
                  "Plan Rows": 5036,
                  "Plan Width": 0,
                  "Actual Startup Time": 111.324,
                  "Actual Total Time": 122.957,
                  "Actual Rows": 11348,
                  "Actual Loops": 6,
                  "Inner Unique": true,
                  "Hash Cond": "(mi.movie_id = t.id)",
                  "Plans": [
                    {
                      "Node Type": "Bitmap Heap Scan",
                      "Parent Relationship": "Outer",
                      "Parallel Aware": true,
                      "Relation Name": "movie_info",
                      "Alias": "mi",
                      "Startup Cost": 2584.16,
                      "Total Cost": 166725.81,
                      "Plan Rows": 28483,
                      "Plan Width": 4,
                      "Actual Startup Time": 8.887,
                      "Actual Total Time": 14.253,
                      "Actual Rows": 23344,
                      "Actual Loops": 6,
                      "Recheck Cond": "(info_type_id = 9)",
                      "Rows Removed by Index Recheck": 0,
                      "Exact Heap Blocks": 306,
                      "Lossy Heap Blocks": 0,
                      "Plans": [
                        {
                          "Node Type": "Bitmap Index Scan",
                          "Parent Relationship": "Outer",
                          "Parallel Aware": false,
                          "Index Name": "info_type_id_movie_info",
                          "Startup Cost": 0.0,
                          "Total Cost": 2548.55,
                          "Plan Rows": 142416,
                          "Plan Width": 0,
                          "Actual Startup Time": 8.635,
                          "Actual Total Time": 8.636,
                          "Actual Rows": 140065,
                          "Actual Loops": 1,
                          "Index Cond": "(info_type_id = 9)"
                        }
                      ]
                    },
                    {
                      "Node Type": "Hash",
                      "Parent Relationship": "Inner",
                      "Parallel Aware": true,
                      "Startup Cost": 45479.1,
                      "Total Cost": 45479.1,
                      "Plan Rows": 111756,
                      "Plan Width": 4,
                      "Actual Startup Time": 99.13,
                      "Actual Total Time": 99.131,
                      "Actual Rows": 54182,
                      "Actual Loops": 6,
                      "Hash Buckets": 524288,
                      "Original Hash Buckets": 524288,
                      "Hash Batches": 1,
                      "Original Hash Batches": 1,
                      "Peak Memory Usage": 16864,
                      "Plans": [
                        {
                          "Node Type": "Seq Scan",
                          "Parent Relationship": "Outer",
                          "Parallel Aware": true,
                          "Relation Name": "title",
                          "Alias": "t",
                          "Startup Cost": 0.0,
                          "Total Cost": 45479.1,
                          "Plan Rows": 111756,
                          "Plan Width": 4,
                          "Actual Startup Time": 43.324,
                          "Actual Total Time": 80.822,
                          "Actual Rows": 54182,
                          "Actual Loops": 6,
                          "Filter": "((production_year > 1992) AND (kind_id = 1))",
                          "Rows Removed by Filter": 367204
                        }
                      ]
                    }
                  ]
                }
              ]
            }
          ]
        }
      ]
    },
    "Planning Time": 0.624,
    "Triggers": [],
    "Execution Time": 147.325
  }
]