{
  "Plan": {
    "Node Type": "Aggregate",
    "Strategy": "Plain",
    "Partial Mode": "Finalize",
    "Parallel Aware": false,
    "Startup Cost": 454089.7,
    "Total Cost": 454089.71,
    "Plan Rows": 1,
    "Plan Width": 8,
    "Actual Startup Time": 2045.428,
    "Actual Total Time": 2065.196,
    "Actual Rows": 1,
    "Actual Loops": 1,
    "Plans": [
      {
        "Node Type": "Gather",
        "Parent Relationship": "Outer",
        "Parallel Aware": false,
        "Startup Cost": 454089.59,
        "Total Cost": 454089.7,
        "Plan Rows": 1,
        "Plan Width": 8,
        "Actual Startup Time": 2040.042,
        "Actual Total Time": 2065.186,
        "Actual Rows": 2,
        "Actual Loops": 1,
        "Workers Planned": 1,
        "Workers Launched": 1,
        "Single Copy": false,
        "Plans": [
          {
            "Node Type": "Aggregate",
            "Strategy": "Plain",
            "Partial Mode": "Partial",
            "Parent Relationship": "Outer",
            "Parallel Aware": false,
            "Startup Cost": 453089.59,
            "Total Cost": 453089.6,
            "Plan Rows": 1,
            "Plan Width": 8,
            "Actual Startup Time": 2028.198,
            "Actual Total Time": 2028.202,
            "Actual Rows": 1,
            "Actual Loops": 2,
            "Plans": [
              {
                "Node Type": "Hash Join",
                "Parent Relationship": "Outer",
                "Parallel Aware": true,
                "Join Type": "Inner",
                "Startup Cost": 158573.35,
                "Total Cost": 447156.36,
                "Plan Rows": 2373289,
                "Plan Width": 0,
                "Actual Startup Time": 743.133,
                "Actual Total Time": 1938.853,
                "Actual Rows": 2083622,
                "Actual Loops": 2,
                "Inner Unique": true,
                "Hash Cond": "(ci.movie_id = t.id)",
                "Plans": [
                  {
                    "Node Type": "Bitmap Heap Scan",
                    "Parent Relationship": "Outer",
                    "Parallel Aware": true,
                    "Relation Name": "cast_info",
                    "Alias": "ci",
                    "Startup Cost": 89112.65,
                    "Total Cost": 371465.77,
                    "Plan Rows": 2373289,
                    "Plan Width": 4,
                    "Actual Startup Time": 164.642,
                    "Actual Total Time": 403.052,
                    "Actual Rows": 2083622,
                    "Actual Loops": 2,
                    "Recheck Cond": "(person_id < 400747)",
                    "Rows Removed by Index Recheck": 0,
                    "Exact Heap Blocks": 23771,
                    "Lossy Heap Blocks": 0,
                    "Plans": [
                      {
                        "Node Type": "Bitmap Index Scan",
                        "Parent Relationship": "Outer",
                        "Parallel Aware": false,
                        "Index Name": "person_id_cast_info",
                        "Startup Cost": 0.0,
                        "Total Cost": 88104.01,
                        "Plan Rows": 4034592,
                        "Plan Width": 0,
                        "Actual Startup Time": 157.583,
                        "Actual Total Time": 157.584,
                        "Actual Rows": 4167245,
                        "Actual Loops": 1,
                        "Index Cond": "(person_id < 400747)"
                      }
                    ]
                  },
                  {
                    "Node Type": "Hash",
                    "Parent Relationship": "Inner",
                    "Parallel Aware": true,
                    "Startup Cost": 50870.31,
                    "Total Cost": 50870.31,
                    "Plan Rows": 1487231,
                    "Plan Width": 4,
                    "Actual Startup Time": 556.707,
                    "Actual Total Time": 556.707,
                    "Actual Rows": 1264156,
                    "Actual Loops": 2,
                    "Hash Buckets": 4194304,
                    "Original Hash Buckets": 4194304,
                    "Hash Batches": 1,
                    "Original Hash Batches": 1,
                    "Peak Memory Usage": 131712,
                    "Plans": [
                      {
                        "Node Type": "Seq Scan",
                        "Parent Relationship": "Outer",
                        "Parallel Aware": true,
                        "Relation Name": "title",
                        "Alias": "t",
                        "Startup Cost": 0.0,
                        "Total Cost": 50870.31,
                        "Plan Rows": 1487231,
                        "Plan Width": 4,
                        "Actual Startup Time": 0.029,
                        "Actual Total Time": 159.513,
                        "Actual Rows": 1264156,
                        "Actual Loops": 2
                      }
                    ]
                  }
                ]
              }
            ]
          }
        ]
      }
    ]
  },
  "Planning Time": 0.727,
  "Triggers": [],
  "Execution Time": 2065.286
}