[
    {
        "Bao": {
            "Bao prediction": "NaN",
            "Bao recommended hint": "(no hint)"
        }
    },
    {
        "Plan": {
            "Node Type": "Aggregate",
            "Strategy": "Plain",
            "Partial Mode": "Finalize",
            "Parallel Aware": false,
            "Startup Cost": 303435.45,
            "Total Cost": 303435.46,
            "Plan Rows": 1,
            "Plan Width": 8,
            "Actual Startup Time": 211.567,
            "Actual Total Time": 217.666,
            "Actual Rows": 1,
            "Actual Loops": 1,
            "Output": [
                "count(*)"
            ],
            "Plans": [
                {
                    "Node Type": "Gather",
                    "Parent Relationship": "Outer",
                    "Parallel Aware": false,
                    "Startup Cost": 303434.83,
                    "Total Cost": 303435.44,
                    "Plan Rows": 6,
                    "Plan Width": 8,
                    "Actual Startup Time": 210.541,
                    "Actual Total Time": 217.657,
                    "Actual Rows": 7,
                    "Actual Loops": 1,
                    "Output": [
                        "(PARTIAL count(*))"
                    ],
                    "Workers Planned": 6,
                    "Workers Launched": 6,
                    "Single Copy": false,
                    "Plans": [
                        {
                            "Node Type": "Aggregate",
                            "Strategy": "Plain",
                            "Partial Mode": "Partial",
                            "Parent Relationship": "Outer",
                            "Parallel Aware": false,
                            "Startup Cost": 302434.83,
                            "Total Cost": 302434.84,
                            "Plan Rows": 1,
                            "Plan Width": 8,
                            "Actual Startup Time": 200.325,
                            "Actual Total Time": 200.326,
                            "Actual Rows": 1,
                            "Actual Loops": 7,
                            "Output": [
                                "PARTIAL count(*)"
                            ],
                            "Workers": [
                                {
                                    "Worker Number": 0,
                                    "Actual Startup Time": 197.993,
                                    "Actual Total Time": 197.994,
                                    "Actual Rows": 1,
                                    "Actual Loops": 1
                                },
                                {
                                    "Worker Number": 1,
                                    "Actual Startup Time": 198.655,
                                    "Actual Total Time": 198.655,
                                    "Actual Rows": 1,
                                    "Actual Loops": 1
                                },
                                {
                                    "Worker Number": 2,
                                    "Actual Startup Time": 198.726,
                                    "Actual Total Time": 198.727,
                                    "Actual Rows": 1,
                                    "Actual Loops": 1
                                },
                                {
                                    "Worker Number": 3,
                                    "Actual Startup Time": 198.737,
                                    "Actual Total Time": 198.739,
                                    "Actual Rows": 1,
                                    "Actual Loops": 1
                                },
                                {
                                    "Worker Number": 4,
                                    "Actual Startup Time": 198.727,
                                    "Actual Total Time": 198.729,
                                    "Actual Rows": 1,
                                    "Actual Loops": 1
                                },
                                {
                                    "Worker Number": 5,
                                    "Actual Startup Time": 199.29,
                                    "Actual Total Time": 199.292,
                                    "Actual Rows": 1,
                                    "Actual Loops": 1
                                }
                            ],
                            "Plans": [
                                {
                                    "Node Type": "Bitmap Heap Scan",
                                    "Parent Relationship": "Outer",
                                    "Parallel Aware": true,
                                    "Relation Name": "cast_info",
                                    "Schema": "public",
                                    "Alias": "ci",
                                    "Startup Cost": 44687.52,
                                    "Total Cost": 301591.44,
                                    "Plan Rows": 337354,
                                    "Plan Width": 0,
                                    "Actual Startup Time": 97.406,
                                    "Actual Total Time": 184.129,
                                    "Actual Rows": 304534,
                                    "Actual Loops": 7,
                                    "Recheck Cond": "(ci.person_id > 3646039)",
                                    "Rows Removed by Index Recheck": 0,
                                    "Exact Heap Blocks": 7764,
                                    "Lossy Heap Blocks": 0,
                                    "Workers": [
                                        {
                                            "Worker Number": 0,
                                            "Actual Startup Time": 95.076,
                                            "Actual Total Time": 181.492,
                                            "Actual Rows": 211467,
                                            "Actual Loops": 1
                                        },
                                        {
                                            "Worker Number": 1,
                                            "Actual Startup Time": 95.984,
                                            "Actual Total Time": 183.629,
                                            "Actual Rows": 269728,
                                            "Actual Loops": 1
                                        },
                                        {
                                            "Worker Number": 2,
                                            "Actual Startup Time": 95.801,
                                            "Actual Total Time": 183.778,
                                            "Actual Rows": 266949,
                                            "Actual Loops": 1
                                        },
                                        {
                                            "Worker Number": 3,
                                            "Actual Startup Time": 95.887,
                                            "Actual Total Time": 182.7,
                                            "Actual Rows": 296747,
                                            "Actual Loops": 1
                                        },
                                        {
                                            "Worker Number": 4,
                                            "Actual Startup Time": 95.832,
                                            "Actual Total Time": 182.802,
                                            "Actual Rows": 294049,
                                            "Actual Loops": 1
                                        },
                                        {
                                            "Worker Number": 5,
                                            "Actual Startup Time": 96.492,
                                            "Actual Total Time": 184.476,
                                            "Actual Rows": 265485,
                                            "Actual Loops": 1
                                        }
                                    ],
                                    "Plans": [
                                        {
                                            "Node Type": "Bitmap Index Scan",
                                            "Parent Relationship": "Outer",
                                            "Parallel Aware": false,
                                            "Index Name": "person_id_cast_info",
                                            "Startup Cost": 0.0,
                                            "Total Cost": 44181.49,
                                            "Plan Rows": 2024123,
                                            "Plan Width": 0,
                                            "Actual Startup Time": 101.881,
                                            "Actual Total Time": 101.882,
                                            "Actual Rows": 2131736,
                                            "Actual Loops": 1,
                                            "Index Cond": "(ci.person_id > 3646039)"
                                        }
                                    ]
                                }
                            ]
                        }
                    ]
                }
            ]
        },
        "Planning Time": 182.045,
        "Triggers": [],
        "Execution Time": 217.725
    }
]