[
    {
        "Bao": {
            "Bao prediction": "NaN",
            "Bao recommended hint": "(no hint)"
        }
    },
    {
        "Plan": {
            "Node Type": "Aggregate",
            "Strategy": "Plain",
            "Partial Mode": "Finalize",
            "Parallel Aware": false,
            "Startup Cost": 33291.39,
            "Total Cost": 33291.4,
            "Plan Rows": 1,
            "Plan Width": 8,
            "Actual Startup Time": 99.411,
            "Actual Total Time": 104.711,
            "Actual Rows": 1,
            "Actual Loops": 1,
            "Output": [
                "count(*)"
            ],
            "Plans": [
                {
                    "Node Type": "Gather",
                    "Parent Relationship": "Outer",
                    "Parallel Aware": false,
                    "Startup Cost": 33291.07,
                    "Total Cost": 33291.38,
                    "Plan Rows": 3,
                    "Plan Width": 8,
                    "Actual Startup Time": 99.334,
                    "Actual Total Time": 104.704,
                    "Actual Rows": 4,
                    "Actual Loops": 1,
                    "Output": [
                        "(PARTIAL count(*))"
                    ],
                    "Workers Planned": 3,
                    "Workers Launched": 3,
                    "Single Copy": false,
                    "Plans": [
                        {
                            "Node Type": "Aggregate",
                            "Strategy": "Plain",
                            "Partial Mode": "Partial",
                            "Parent Relationship": "Outer",
                            "Parallel Aware": false,
                            "Startup Cost": 32291.07,
                            "Total Cost": 32291.08,
                            "Plan Rows": 1,
                            "Plan Width": 8,
                            "Actual Startup Time": 91.016,
                            "Actual Total Time": 91.017,
                            "Actual Rows": 1,
                            "Actual Loops": 4,
                            "Output": [
                                "PARTIAL count(*)"
                            ],
                            "Workers": [
                                {
                                    "Worker Number": 0,
                                    "Actual Startup Time": 88.283,
                                    "Actual Total Time": 88.284,
                                    "Actual Rows": 1,
                                    "Actual Loops": 1
                                },
                                {
                                    "Worker Number": 1,
                                    "Actual Startup Time": 88.299,
                                    "Actual Total Time": 88.299,
                                    "Actual Rows": 1,
                                    "Actual Loops": 1
                                },
                                {
                                    "Worker Number": 2,
                                    "Actual Startup Time": 88.78,
                                    "Actual Total Time": 88.781,
                                    "Actual Rows": 1,
                                    "Actual Loops": 1
                                }
                            ],
                            "Plans": [
                                {
                                    "Node Type": "Seq Scan",
                                    "Parent Relationship": "Outer",
                                    "Parallel Aware": true,
                                    "Relation Name": "movie_companies",
                                    "Schema": "public",
                                    "Alias": "mc",
                                    "Startup Cost": 0.0,
                                    "Total Cost": 31414.82,
                                    "Plan Rows": 350501,
                                    "Plan Width": 0,
                                    "Actual Startup Time": 43.796,
                                    "Actual Total Time": 78.906,
                                    "Actual Rows": 303195,
                                    "Actual Loops": 4,
                                    "Output": [
                                        "id",
                                        "movie_id",
                                        "company_id",
                                        "company_type_id",
                                        "note"
                                    ],
                                    "Filter": "((mc.company_id > 406) AND (mc.company_type_id > 1))",
                                    "Rows Removed by Filter": 349087,
                                    "Workers": [
                                        {
                                            "Worker Number": 0,
                                            "Actual Startup Time": 41.074,
                                            "Actual Total Time": 76.581,
                                            "Actual Rows": 273925,
                                            "Actual Loops": 1
                                        },
                                        {
                                            "Worker Number": 1,
                                            "Actual Startup Time": 41.068,
                                            "Actual Total Time": 76.289,
                                            "Actual Rows": 297573,
                                            "Actual Loops": 1
                                        },
                                        {
                                            "Worker Number": 2,
                                            "Actual Startup Time": 41.57,
                                            "Actual Total Time": 76.815,
                                            "Actual Rows": 296192,
                                            "Actual Loops": 1
                                        }
                                    ]
                                }
                            ]
                        }
                    ]
                }
            ]
        },
        "Planning Time": 218.02,
        "Triggers": [],
        "Execution Time": 104.79
    }
]