{
  "Plan": {
    "Node Type": "Aggregate",
    "Strategy": "Plain",
    "Partial Mode": "Finalize",
    "Parallel Aware": false,
    "Startup Cost": 110909.38,
    "Total Cost": 110909.39,
    "Plan Rows": 1,
    "Plan Width": 8,
    "Actual Startup Time": 792.752,
    "Actual Total Time": 805.536,
    "Actual Rows": 1,
    "Actual Loops": 1,
    "Plans": [
      {
        "Node Type": "Gather",
        "Parent Relationship": "Outer",
        "Parallel Aware": false,
        "Startup Cost": 110909.27,
        "Total Cost": 110909.38,
        "Plan Rows": 1,
        "Plan Width": 8,
        "Actual Startup Time": 791.351,
        "Actual Total Time": 805.527,
        "Actual Rows": 2,
        "Actual Loops": 1,
        "Workers Planned": 1,
        "Workers Launched": 1,
        "Single Copy": false,
        "Plans": [
          {
            "Node Type": "Aggregate",
            "Strategy": "Plain",
            "Partial Mode": "Partial",
            "Parent Relationship": "Outer",
            "Parallel Aware": false,
            "Startup Cost": 109909.27,
            "Total Cost": 109909.28,
            "Plan Rows": 1,
            "Plan Width": 8,
            "Actual Startup Time": 785.662,
            "Actual Total Time": 785.666,
            "Actual Rows": 1,
            "Actual Loops": 2,
            "Plans": [
              {
                "Node Type": "Hash Join",
                "Parent Relationship": "Outer",
                "Parallel Aware": true,
                "Join Type": "Inner",
                "Startup Cost": 46559.78,
                "Total Cost": 108959.66,
                "Plan Rows": 379844,
                "Plan Width": 0,
                "Actual Startup Time": 253.311,
                "Actual Total Time": 767.582,
                "Actual Rows": 449149,
                "Actual Loops": 2,
                "Inner Unique": false,
                "Hash Cond": "(t.id = mc.movie_id)",
                "Plans": [
                  {
                    "Node Type": "Seq Scan",
                    "Parent Relationship": "Outer",
                    "Parallel Aware": true,
                    "Relation Name": "title",
                    "Alias": "t",
                    "Startup Cost": 0.0,
                    "Total Cost": 50870.31,
                    "Plan Rows": 1487231,
                    "Plan Width": 4,
                    "Actual Startup Time": 0.01,
                    "Actual Total Time": 123.454,
                    "Actual Rows": 1264156,
                    "Actual Loops": 2
                  },
                  {
                    "Node Type": "Hash",
                    "Parent Relationship": "Inner",
                    "Parallel Aware": true,
                    "Startup Cost": 41811.73,
                    "Total Cost": 41811.73,
                    "Plan Rows": 379844,
                    "Plan Width": 4,
                    "Actual Startup Time": 247.133,
                    "Actual Total Time": 247.134,
                    "Actual Rows": 449149,
                    "Actual Loops": 2,
                    "Hash Buckets": 1048576,
                    "Original Hash Buckets": 1048576,
                    "Hash Batches": 1,
                    "Original Hash Batches": 1,
                    "Peak Memory Usage": 43360,
                    "Plans": [
                      {
                        "Node Type": "Seq Scan",
                        "Parent Relationship": "Outer",
                        "Parallel Aware": true,
                        "Relation Name": "movie_companies",
                        "Alias": "mc",
                        "Startup Cost": 0.0,
                        "Total Cost": 41811.73,
                        "Plan Rows": 379844,
                        "Plan Width": 4,
                        "Actual Startup Time": 61.834,
                        "Actual Total Time": 135.331,
                        "Actual Rows": 449149,
                        "Actual Loops": 2,
                        "Filter": "((company_id > 11427) AND (company_type_id = 2))",
                        "Rows Removed by Filter": 855416
                      }
                    ]
                  }
                ]
              }
            ]
          }
        ]
      }
    ]
  },
  "Planning Time": 0.375,
  "Triggers": [],
  "Execution Time": 805.598
}