[
  {
    "Plan": {
      "Node Type": "Aggregate",
      "Strategy": "Plain",
      "Partial Mode": "Simple",
      "Parallel Aware": false,
      "Startup Cost": 5232.04,
      "Total Cost": 5232.05,
      "Plan Rows": 1,
      "Plan Width": 8,
      "Actual Startup Time": 11.306,
      "Actual Total Time": 11.309,
      "Actual Rows": 1,
      "Actual Loops": 1,
      "Plans": [
        {
          "Node Type": "Nested Loop",
          "Parent Relationship": "Outer",
          "Parallel Aware": false,
          "Join Type": "Inner",
          "Startup Cost": 1.43,
          "Total Cost": 5231.91,
          "Plan Rows": 49,
          "Plan Width": 0,
          "Actual Startup Time": 10.68,
          "Actual Total Time": 11.292,
          "Actual Rows": 30,
          "Actual Loops": 1,
          "Inner Unique": false,
          "Plans": [
            {
              "Node Type": "Nested Loop",
              "Parent Relationship": "Outer",
              "Parallel Aware": false,
              "Join Type": "Inner",
              "Startup Cost": 0.99,
              "Total Cost": 5016.87,
              "Plan Rows": 124,
              "Plan Width": 8,
              "Actual Startup Time": 10.507,
              "Actual Total Time": 10.911,
              "Actual Rows": 18,
              "Actual Loops": 1,
              "Inner Unique": true,
              "Plans": [
                {
                  "Node Type": "Index Scan",
                  "Parent Relationship": "Outer",
                  "Parallel Aware": false,
                  "Scan Direction": "Forward",
                  "Index Name": "person_id_cast_info",
                  "Relation Name": "cast_info",
                  "Alias": "ci",
                  "Startup Cost": 0.56,
                  "Total Cost": 985.86,
                  "Plan Rows": 484,
                  "Plan Width": 4,
                  "Actual Startup Time": 10.464,
                  "Actual Total Time": 10.483,
                  "Actual Rows": 28,
                  "Actual Loops": 1,
                  "Index Cond": "(person_id = 2279378)",
                  "Rows Removed by Index Recheck": 0
                },
                {
                  "Node Type": "Index Scan",
                  "Parent Relationship": "Inner",
                  "Parallel Aware": false,
                  "Scan Direction": "Forward",
                  "Index Name": "title_pkey",
                  "Relation Name": "title",
                  "Alias": "t",
                  "Startup Cost": 0.43,
                  "Total Cost": 8.33,
                  "Plan Rows": 1,
                  "Plan Width": 4,
                  "Actual Startup Time": 0.014,
                  "Actual Total Time": 0.014,
                  "Actual Rows": 1,
                  "Actual Loops": 28,
                  "Index Cond": "(id = ci.movie_id)",
                  "Rows Removed by Index Recheck": 0,
                  "Filter": "((kind_id < 4) AND (production_year < 2010))",
                  "Rows Removed by Filter": 0
                }
              ]
            },
            {
              "Node Type": "Index Scan",
              "Parent Relationship": "Inner",
              "Parallel Aware": false,
              "Scan Direction": "Forward",
              "Index Name": "movie_id_movie_keyword",
              "Relation Name": "movie_keyword",
              "Alias": "mk",
              "Startup Cost": 0.43,
              "Total Cost": 1.63,
              "Plan Rows": 10,
              "Plan Width": 4,
              "Actual Startup Time": 0.016,
              "Actual Total Time": 0.02,
              "Actual Rows": 2,
              "Actual Loops": 18,
              "Index Cond": "(movie_id = t.id)",
              "Rows Removed by Index Recheck": 0,
              "Filter": "(keyword_id < 980)",
              "Rows Removed by Filter": 10
            }
          ]
        }
      ]
    },
    "Planning Time": 1.337,
    "Triggers": [],
    "Execution Time": 11.382
  }
]