[
  {
    "Plan": {
      "Node Type": "Aggregate",
      "Strategy": "Plain",
      "Partial Mode": "Finalize",
      "Parallel Aware": false,
      "Startup Cost": 92223.52,
      "Total Cost": 92223.53,
      "Plan Rows": 1,
      "Plan Width": 8,
      "Actual Startup Time": 272.435,
      "Actual Total Time": 289.194,
      "Actual Rows": 1,
      "Actual Loops": 1,
      "Plans": [
        {
          "Node Type": "Gather",
          "Parent Relationship": "Outer",
          "Parallel Aware": false,
          "Startup Cost": 92223.2,
          "Total Cost": 92223.51,
          "Plan Rows": 3,
          "Plan Width": 8,
          "Actual Startup Time": 271.589,
          "Actual Total Time": 289.186,
          "Actual Rows": 4,
          "Actual Loops": 1,
          "Workers Planned": 3,
          "Workers Launched": 3,
          "Single Copy": false,
          "Plans": [
            {
              "Node Type": "Aggregate",
              "Strategy": "Plain",
              "Partial Mode": "Partial",
              "Parent Relationship": "Outer",
              "Parallel Aware": false,
              "Startup Cost": 91223.2,
              "Total Cost": 91223.21,
              "Plan Rows": 1,
              "Plan Width": 8,
              "Actual Startup Time": 266.438,
              "Actual Total Time": 266.442,
              "Actual Rows": 1,
              "Actual Loops": 4,
              "Plans": [
                {
                  "Node Type": "Hash Join",
                  "Parent Relationship": "Outer",
                  "Parallel Aware": true,
                  "Join Type": "Inner",
                  "Startup Cost": 46279.99,
                  "Total Cost": 91025.44,
                  "Plan Rows": 79102,
                  "Plan Width": 0,
                  "Actual Startup Time": 109.641,
                  "Actual Total Time": 263.468,
                  "Actual Rows": 69609,
                  "Actual Loops": 4,
                  "Inner Unique": true,
                  "Hash Cond": "(mk.movie_id = t.id)",
                  "Plans": [
                    {
                      "Node Type": "Seq Scan",
                      "Parent Relationship": "Outer",
                      "Parallel Aware": true,
                      "Relation Name": "movie_keyword",
                      "Alias": "mk",
                      "Startup Cost": 0.0,
                      "Total Cost": 42695.65,
                      "Plan Rows": 780878,
                      "Plan Width": 4,
                      "Actual Startup Time": 0.25,
                      "Actual Total Time": 99.817,
                      "Actual Rows": 603075,
                      "Actual Loops": 4,
                      "Filter": "(keyword_id > 3836)",
                      "Rows Removed by Filter": 527908
                    },
                    {
                      "Node Type": "Hash",
                      "Parent Relationship": "Inner",
                      "Parallel Aware": true,
                      "Startup Cost": 45479.59,
                      "Total Cost": 45479.59,
                      "Plan Rows": 64032,
                      "Plan Width": 4,
                      "Actual Startup Time": 108.132,
                      "Actual Total Time": 108.133,
                      "Actual Rows": 56962,
                      "Actual Loops": 4,
                      "Hash Buckets": 262144,
                      "Original Hash Buckets": 262144,
                      "Hash Batches": 1,
                      "Original Hash Batches": 1,
                      "Peak Memory Usage": 11008,
                      "Plans": [
                        {
                          "Node Type": "Seq Scan",
                          "Parent Relationship": "Outer",
                          "Parallel Aware": true,
                          "Relation Name": "title",
                          "Alias": "t",
                          "Startup Cost": 0.0,
                          "Total Cost": 45479.59,
                          "Plan Rows": 64032,
                          "Plan Width": 4,
                          "Actual Startup Time": 0.037,
                          "Actual Total Time": 88.718,
                          "Actual Rows": 56962,
                          "Actual Loops": 4,
                          "Filter": "((kind_id < 7) AND (production_year > 2008))",
                          "Rows Removed by Filter": 575116
                        }
                      ]
                    }
                  ]
                }
              ]
            }
          ]
        }
      ]
    },
    "Planning Time": 0.605,
    "Triggers": [],
    "Execution Time": 289.259
  }
]