[
  {
    "Plan": {
      "Node Type": "Aggregate",
      "Strategy": "Plain",
      "Partial Mode": "Finalize",
      "Parallel Aware": false,
      "Startup Cost": 559588.17,
      "Total Cost": 559588.18,
      "Plan Rows": 1,
      "Plan Width": 128,
      "Actual Startup Time": 3423.435,
      "Actual Total Time": 3556.148,
      "Actual Rows": 1,
      "Actual Loops": 1,
      "Plans": [
        {
          "Node Type": "Gather",
          "Parent Relationship": "Outer",
          "Parallel Aware": false,
          "Startup Cost": 559587.83,
          "Total Cost": 559588.14,
          "Plan Rows": 3,
          "Plan Width": 128,
          "Actual Startup Time": 3408.145,
          "Actual Total Time": 3556.134,
          "Actual Rows": 4,
          "Actual Loops": 1,
          "Workers Planned": 3,
          "Workers Launched": 3,
          "Single Copy": false,
          "Plans": [
            {
              "Node Type": "Aggregate",
              "Strategy": "Plain",
              "Partial Mode": "Partial",
              "Parent Relationship": "Outer",
              "Parallel Aware": false,
              "Startup Cost": 558587.83,
              "Total Cost": 558587.84,
              "Plan Rows": 1,
              "Plan Width": 128,
              "Actual Startup Time": 3396.067,
              "Actual Total Time": 3396.085,
              "Actual Rows": 1,
              "Actual Loops": 4,
              "Plans": [
                {
                  "Node Type": "Hash Join",
                  "Parent Relationship": "Outer",
                  "Parallel Aware": true,
                  "Join Type": "Inner",
                  "Startup Cost": 542773.05,
                  "Total Cost": 558179.1,
                  "Plan Rows": 40873,
                  "Plan Width": 64,
                  "Actual Startup Time": 3259.992,
                  "Actual Total Time": 3370.506,
                  "Actual Rows": 224408,
                  "Actual Loops": 4,
                  "Inner Unique": false,
                  "Hash Cond": "(an.person_id = n.id)",
                  "Plans": [
                    {
                      "Node Type": "Seq Scan",
                      "Parent Relationship": "Outer",
                      "Parallel Aware": true,
                      "Relation Name": "aka_name",
                      "Alias": "an",
                      "Startup Cost": 0.0,
                      "Total Cost": 14303.56,
                      "Plan Rows": 290756,
                      "Plan Width": 20,
                      "Actual Startup Time": 0.023,
                      "Actual Total Time": 31.445,
                      "Actual Rows": 225336,
                      "Actual Loops": 4
                    },
                    {
                      "Node Type": "Hash",
                      "Parent Relationship": "Inner",
                      "Parallel Aware": true,
                      "Startup Cost": 542555.17,
                      "Total Cost": 542555.17,
                      "Plan Rows": 17430,
                      "Plan Width": 56,
                      "Actual Startup Time": 3256.711,
                      "Actual Total Time": 3256.727,
                      "Actual Rows": 154109,
                      "Actual Loops": 4,
                      "Hash Buckets": 1048576,
                      "Original Hash Buckets": 65536,
                      "Hash Batches": 1,
                      "Original Hash Batches": 1,
                      "Peak Memory Usage": 72768,
                      "Plans": [
                        {
                          "Node Type": "Hash Join",
                          "Parent Relationship": "Outer",
                          "Parallel Aware": true,
                          "Join Type": "Inner",
                          "Startup Cost": 511950.9,
                          "Total Cost": 542555.17,
                          "Plan Rows": 17430,
                          "Plan Width": 56,
                          "Actual Startup Time": 2905.557,
                          "Actual Total Time": 3143.339,
                          "Actual Rows": 154109,
                          "Actual Loops": 4,
                          "Inner Unique": false,
                          "Hash Cond": "(mc.movie_id = ci.movie_id)",
                          "Plans": [
                            {
                              "Node Type": "Hash Join",
                              "Parent Relationship": "Outer",
                              "Parallel Aware": true,
                              "Join Type": "Inner",
                              "Startup Cost": 5349.63,
                              "Total Cost": 34765.57,
                              "Plan Rows": 305267,
                              "Plan Width": 4,
                              "Actual Startup Time": 16.346,
                              "Actual Total Time": 175.356,
                              "Actual Rows": 288450,
                              "Actual Loops": 4,
                              "Inner Unique": true,
                              "Hash Cond": "(mc.company_id = cn.id)",
                              "Plans": [
                                {
                                  "Node Type": "Seq Scan",
                                  "Parent Relationship": "Outer",
                                  "Parallel Aware": true,
                                  "Relation Name": "movie_companies",
                                  "Alias": "mc",
                                  "Startup Cost": 0.0,
                                  "Total Cost": 27206.55,
                                  "Plan Rows": 841655,
                                  "Plan Width": 8,
                                  "Actual Startup Time": 0.017,
                                  "Actual Total Time": 62.478,
                                  "Actual Rows": 652282,
                                  "Actual Loops": 4
                                },
                                {
                                  "Node Type": "Hash",
                                  "Parent Relationship": "Inner",
                                  "Parallel Aware": true,
                                  "Startup Cost": 4722.92,
                                  "Total Cost": 4722.92,
                                  "Plan Rows": 50137,
                                  "Plan Width": 4,
                                  "Actual Startup Time": 15.671,
                                  "Actual Total Time": 15.672,
                                  "Actual Rows": 21211,
                                  "Actual Loops": 4,
                                  "Hash Buckets": 131072,
                                  "Original Hash Buckets": 131072,
                                  "Hash Batches": 1,
                                  "Original Hash Batches": 1,
                                  "Peak Memory Usage": 4416,
                                  "Plans": [
                                    {
                                      "Node Type": "Seq Scan",
                                      "Parent Relationship": "Outer",
                                      "Parallel Aware": true,
                                      "Relation Name": "company_name",
                                      "Alias": "cn",
                                      "Startup Cost": 0.0,
                                      "Total Cost": 4722.92,
                                      "Plan Rows": 50137,
                                      "Plan Width": 4,
                                      "Actual Startup Time": 0.021,
                                      "Actual Total Time": 9.392,
                                      "Actual Rows": 21211,
                                      "Actual Loops": 4,
                                      "Filter": "((country_code)::text = '[us]'::text)",
                                      "Rows Removed by Filter": 37538
                                    }
                                  ]
                                }
                              ]
                            },
                            {
                              "Node Type": "Hash",
                              "Parent Relationship": "Inner",
                              "Parallel Aware": true,
                              "Startup Cost": 506412.76,
                              "Total Cost": 506412.76,
                              "Plan Rows": 15081,
                              "Plan Width": 64,
                              "Actual Startup Time": 2888.058,
                              "Actual Total Time": 2888.068,
                              "Actual Rows": 90368,
                              "Actual Loops": 4,
                              "Hash Buckets": 524288,
                              "Original Hash Buckets": 65536,
                              "Hash Batches": 1,
                              "Original Hash Batches": 1,
                              "Peak Memory Usage": 44352,
                              "Plans": [
                                {
                                  "Node Type": "Hash Join",
                                  "Parent Relationship": "Outer",
                                  "Parallel Aware": true,
                                  "Join Type": "Inner",
                                  "Startup Cost": 461698.95,
                                  "Total Cost": 506412.76,
                                  "Plan Rows": 15081,
                                  "Plan Width": 64,
                                  "Actual Startup Time": 2559.401,
                                  "Actual Total Time": 2805.661,
                                  "Actual Rows": 90368,
                                  "Actual Loops": 4,
                                  "Inner Unique": false,
                                  "Hash Cond": "(t.id = ci.movie_id)",
                                  "Plans": [
                                    {
                                      "Node Type": "Seq Scan",
                                      "Parent Relationship": "Outer",
                                      "Parallel Aware": true,
                                      "Relation Name": "title",
                                      "Alias": "t",
                                      "Startup Cost": 0.0,
                                      "Total Cost": 42318.49,
                                      "Plan Rows": 632049,
                                      "Plan Width": 21,
                                      "Actual Startup Time": 0.027,
                                      "Actual Total Time": 91.853,
                                      "Actual Rows": 632078,
                                      "Actual Loops": 4
                                    },
                                    {
                                      "Node Type": "Hash",
                                      "Parent Relationship": "Inner",
                                      "Parallel Aware": true,
                                      "Startup Cost": 461573.28,
                                      "Total Cost": 461573.28,
                                      "Plan Rows": 10054,
                                      "Plan Width": 43,
                                      "Actual Startup Time": 2558.846,
                                      "Actual Total Time": 2558.854,
                                      "Actual Rows": 90368,
                                      "Actual Loops": 4,
                                      "Hash Buckets": 524288,
                                      "Original Hash Buckets": 65536,
                                      "Hash Batches": 1,
                                      "Original Hash Batches": 1,
                                      "Peak Memory Usage": 34912,
                                      "Plans": [
                                        {
                                          "Node Type": "Nested Loop",
                                          "Parent Relationship": "Outer",
                                          "Parallel Aware": false,
                                          "Join Type": "Inner",
                                          "Startup Cost": 71615.46,
                                          "Total Cost": 461573.28,
                                          "Plan Rows": 10054,
                                          "Plan Width": 43,
                                          "Actual Startup Time": 704.839,
                                          "Actual Total Time": 2455.761,
                                          "Actual Rows": 90368,
                                          "Actual Loops": 4,
                                          "Inner Unique": true,
                                          "Plans": [
                                            {
                                              "Node Type": "Hash Join",
                                              "Parent Relationship": "Outer",
                                              "Parallel Aware": false,
                                              "Join Type": "Inner",
                                              "Startup Cost": 71615.01,
                                              "Total Cost": 416687.71,
                                              "Plan Rows": 10054,
                                              "Plan Width": 31,
                                              "Actual Startup Time": 704.756,
                                              "Actual Total Time": 1718.816,
                                              "Actual Rows": 97579,
                                              "Actual Loops": 4,
                                              "Inner Unique": true,
                                              "Hash Cond": "(ci.role_id = rt.id)",
                                              "Plans": [
                                                {
                                                  "Node Type": "Hash Join",
                                                  "Parent Relationship": "Outer",
                                                  "Parallel Aware": true,
                                                  "Join Type": "Inner",
                                                  "Startup Cost": 71613.85,
                                                  "Total Cost": 416257.99,
                                                  "Plan Rows": 120647,
                                                  "Plan Width": 35,
                                                  "Actual Startup Time": 704.629,
                                                  "Actual Total Time": 1689.1,
                                                  "Actual Rows": 132835,
                                                  "Actual Loops": 4,
                                                  "Inner Unique": true,
                                                  "Hash Cond": "(ci.person_id = n.id)",
                                                  "Plans": [
                                                    {
                                                      "Node Type": "Seq Scan",
                                                      "Parent Relationship": "Outer",
                                                      "Parallel Aware": true,
                                                      "Relation Name": "cast_info",
                                                      "Alias": "ci",
                                                      "Startup Cost": 0.0,
                                                      "Total Cost": 343259.37,
                                                      "Plan Rows": 527534,
                                                      "Plan Width": 16,
                                                      "Actual Startup Time": 0.025,
                                                      "Actual Total Time": 1234.903,
                                                      "Actual Rows": 778755,
                                                      "Actual Loops": 4,
                                                      "Filter": "(note = ANY ('{(writer),\"(executive producer)\",(voice),(uncredited)}'::text[]))",
                                                      "Rows Removed by Filter": 8282331
                                                    },
                                                    {
                                                      "Node Type": "Hash",
                                                      "Parent Relationship": "Inner",
                                                      "Parallel Aware": true,
                                                      "Startup Cost": 68635.58,
                                                      "Total Cost": 68635.58,
                                                      "Plan Rows": 238261,
                                                      "Plan Width": 19,
                                                      "Actual Startup Time": 282.347,
                                                      "Actual Total Time": 282.348,
                                                      "Actual Rows": 240389,
                                                      "Actual Loops": 4,
                                                      "Hash Buckets": 1048576,
                                                      "Original Hash Buckets": 1048576,
                                                      "Hash Batches": 1,
                                                      "Original Hash Batches": 1,
                                                      "Peak Memory Usage": 60608,
                                                      "Plans": [
                                                        {
                                                          "Node Type": "Seq Scan",
                                                          "Parent Relationship": "Outer",
                                                          "Parallel Aware": true,
                                                          "Relation Name": "name",
                                                          "Alias": "n",
                                                          "Startup Cost": 0.0,
                                                          "Total Cost": 68635.58,
                                                          "Plan Rows": 238261,
                                                          "Plan Width": 19,
                                                          "Actual Startup Time": 81.427,
                                                          "Actual Total Time": 183.625,
                                                          "Actual Rows": 240389,
                                                          "Actual Loops": 4,
                                                          "Filter": "((gender)::text = 'f'::text)",
                                                          "Rows Removed by Filter": 801484
                                                        }
                                                      ]
                                                    }
                                                  ]
                                                },
                                                {
                                                  "Node Type": "Hash",
                                                  "Parent Relationship": "Inner",
                                                  "Parallel Aware": false,
                                                  "Startup Cost": 1.15,
                                                  "Total Cost": 1.15,
                                                  "Plan Rows": 1,
                                                  "Plan Width": 4,
                                                  "Actual Startup Time": 0.084,
                                                  "Actual Total Time": 0.085,
                                                  "Actual Rows": 1,
                                                  "Actual Loops": 4,
                                                  "Hash Buckets": 1024,
                                                  "Original Hash Buckets": 1024,
                                                  "Hash Batches": 1,
                                                  "Original Hash Batches": 1,
                                                  "Peak Memory Usage": 9,
                                                  "Plans": [
                                                    {
                                                      "Node Type": "Seq Scan",
                                                      "Parent Relationship": "Outer",
                                                      "Parallel Aware": false,
                                                      "Relation Name": "role_type",
                                                      "Alias": "rt",
                                                      "Startup Cost": 0.0,
                                                      "Total Cost": 1.15,
                                                      "Plan Rows": 1,
                                                      "Plan Width": 4,
                                                      "Actual Startup Time": 0.061,
                                                      "Actual Total Time": 0.065,
                                                      "Actual Rows": 1,
                                                      "Actual Loops": 4,
                                                      "Filter": "((role)::text = 'actress'::text)",
                                                      "Rows Removed by Filter": 11
                                                    }
                                                  ]
                                                }
                                              ]
                                            },
                                            {
                                              "Node Type": "Bitmap Heap Scan",
                                              "Parent Relationship": "Inner",
                                              "Parallel Aware": false,
                                              "Relation Name": "char_name",
                                              "Alias": "chn",
                                              "Startup Cost": 0.45,
                                              "Total Cost": 4.46,
                                              "Plan Rows": 1,
                                              "Plan Width": 20,
                                              "Actual Startup Time": 0.005,
                                              "Actual Total Time": 0.005,
                                              "Actual Rows": 1,
                                              "Actual Loops": 390315,
                                              "Recheck Cond": "(id = ci.person_role_id)",
                                              "Rows Removed by Index Recheck": 0,
                                              "Exact Heap Blocks": 99100,
                                              "Lossy Heap Blocks": 0,
                                              "Plans": [
                                                {
                                                  "Node Type": "Bitmap Index Scan",
                                                  "Parent Relationship": "Outer",
                                                  "Parallel Aware": false,
                                                  "Index Name": "char_name_pkey",
                                                  "Startup Cost": 0.0,
                                                  "Total Cost": 0.45,
                                                  "Plan Rows": 1,
                                                  "Plan Width": 0,
                                                  "Actual Startup Time": 0.003,
                                                  "Actual Total Time": 0.003,
                                                  "Actual Rows": 1,
                                                  "Actual Loops": 390315,
                                                  "Index Cond": "(id = ci.person_role_id)"
                                                }
                                              ]
                                            }
                                          ]
                                        }
                                      ]
                                    }
                                  ]
                                }
                              ]
                            }
                          ]
                        }
                      ]
                    }
                  ]
                }
              ]
            }
          ]
        }
      ]
    },
    "Planning Time": 12.937,
    "Triggers": [],
    "Execution Time": 3556.838
  }
]