[
  {
    "Plan": {
      "Node Type": "Aggregate",
      "Strategy": "Plain",
      "Partial Mode": "Finalize",
      "Parallel Aware": false,
      "Startup Cost": 433261.53,
      "Total Cost": 433261.54,
      "Plan Rows": 1,
      "Plan Width": 8,
      "Actual Startup Time": 2551.354,
      "Actual Total Time": 2608.021,
      "Actual Rows": 1,
      "Actual Loops": 1,
      "Plans": [
        {
          "Node Type": "Gather",
          "Parent Relationship": "Outer",
          "Parallel Aware": false,
          "Startup Cost": 433260.91,
          "Total Cost": 433261.52,
          "Plan Rows": 6,
          "Plan Width": 8,
          "Actual Startup Time": 2537.451,
          "Actual Total Time": 2608.01,
          "Actual Rows": 7,
          "Actual Loops": 1,
          "Workers Planned": 6,
          "Workers Launched": 6,
          "Single Copy": false,
          "Plans": [
            {
              "Node Type": "Aggregate",
              "Strategy": "Plain",
              "Partial Mode": "Partial",
              "Parent Relationship": "Outer",
              "Parallel Aware": false,
              "Startup Cost": 432260.91,
              "Total Cost": 432260.92,
              "Plan Rows": 1,
              "Plan Width": 8,
              "Actual Startup Time": 2524.441,
              "Actual Total Time": 2524.449,
              "Actual Rows": 1,
              "Actual Loops": 7,
              "Plans": [
                {
                  "Node Type": "Hash Join",
                  "Parent Relationship": "Outer",
                  "Parallel Aware": true,
                  "Join Type": "Inner",
                  "Startup Cost": 85513.3,
                  "Total Cost": 427465.17,
                  "Plan Rows": 1918295,
                  "Plan Width": 0,
                  "Actual Startup Time": 379.271,
                  "Actual Total Time": 2324.595,
                  "Actual Rows": 4158406,
                  "Actual Loops": 7,
                  "Inner Unique": false,
                  "Hash Cond": "(ci.movie_id = t.id)",
                  "Plans": [
                    {
                      "Node Type": "Seq Scan",
                      "Parent Relationship": "Outer",
                      "Parallel Aware": true,
                      "Relation Name": "cast_info",
                      "Alias": "ci",
                      "Startup Cost": 0.0,
                      "Total Cost": 313106.51,
                      "Plan Rows": 6041951,
                      "Plan Width": 4,
                      "Actual Startup Time": 0.038,
                      "Actual Total Time": 582.543,
                      "Actual Rows": 5177763,
                      "Actual Loops": 7
                    },
                    {
                      "Node Type": "Hash",
                      "Parent Relationship": "Inner",
                      "Parallel Aware": true,
                      "Startup Cost": 82276.35,
                      "Total Cost": 82276.35,
                      "Plan Rows": 258956,
                      "Plan Width": 8,
                      "Actual Startup Time": 375.631,
                      "Actual Total Time": 375.637,
                      "Actual Rows": 85473,
                      "Actual Loops": 7,
                      "Hash Buckets": 1048576,
                      "Original Hash Buckets": 1048576,
                      "Hash Batches": 1,
                      "Original Hash Batches": 1,
                      "Peak Memory Usage": 31680,
                      "Plans": [
                        {
                          "Node Type": "Hash Join",
                          "Parent Relationship": "Outer",
                          "Parallel Aware": true,
                          "Join Type": "Inner",
                          "Startup Cost": 49977.95,
                          "Total Cost": 82276.35,
                          "Plan Rows": 258956,
                          "Plan Width": 8,
                          "Actual Startup Time": 239.6,
                          "Actual Total Time": 339.599,
                          "Actual Rows": 85473,
                          "Actual Loops": 7,
                          "Inner Unique": true,
                          "Hash Cond": "(mc.movie_id = t.id)",
                          "Plans": [
                            {
                              "Node Type": "Seq Scan",
                              "Parent Relationship": "Outer",
                              "Parallel Aware": true,
                              "Relation Name": "movie_companies",
                              "Alias": "mc",
                              "Startup Cost": 0.0,
                              "Total Cost": 31414.82,
                              "Plan Rows": 336605,
                              "Plan Width": 4,
                              "Actual Startup Time": 0.057,
                              "Actual Total Time": 51.968,
                              "Actual Rows": 132292,
                              "Actual Loops": 7,
                              "Filter": "((company_id > 401) AND (company_type_id = 1))",
                              "Rows Removed by Filter": 240441
                            },
                            {
                              "Node Type": "Hash",
                              "Parent Relationship": "Inner",
                              "Parallel Aware": true,
                              "Startup Cost": 43899.32,
                              "Total Cost": 43899.32,
                              "Plan Rows": 486290,
                              "Plan Width": 4,
                              "Actual Startup Time": 236.636,
                              "Actual Total Time": 236.638,
                              "Actual Rows": 276069,
                              "Actual Loops": 7,
                              "Hash Buckets": 2097152,
                              "Original Hash Buckets": 2097152,
                              "Hash Batches": 1,
                              "Original Hash Batches": 1,
                              "Peak Memory Usage": 92096,
                              "Plans": [
                                {
                                  "Node Type": "Seq Scan",
                                  "Parent Relationship": "Outer",
                                  "Parallel Aware": true,
                                  "Relation Name": "title",
                                  "Alias": "t",
                                  "Startup Cost": 0.0,
                                  "Total Cost": 43899.32,
                                  "Plan Rows": 486290,
                                  "Plan Width": 4,
                                  "Actual Startup Time": 0.055,
                                  "Actual Total Time": 91.015,
                                  "Actual Rows": 276069,
                                  "Actual Loops": 7,
                                  "Filter": "(production_year > 1980)",
                                  "Rows Removed by Filter": 85118
                                }
                              ]
                            }
                          ]
                        }
                      ]
                    }
                  ]
                }
              ]
            }
          ]
        }
      ]
    },
    "Planning Time": 1.388,
    "Triggers": [],
    "Execution Time": 2608.116
  }
]