[
  {
    "Plan": {
      "Node Type": "Aggregate",
      "Strategy": "Plain",
      "Partial Mode": "Finalize",
      "Parallel Aware": false,
      "Startup Cost": 285417.13,
      "Total Cost": 285417.14,
      "Plan Rows": 1,
      "Plan Width": 8,
      "Actual Startup Time": 1237.768,
      "Actual Total Time": 1284.952,
      "Actual Rows": 1,
      "Actual Loops": 1,
      "Plans": [
        {
          "Node Type": "Gather",
          "Parent Relationship": "Outer",
          "Parallel Aware": false,
          "Startup Cost": 285416.61,
          "Total Cost": 285417.12,
          "Plan Rows": 5,
          "Plan Width": 8,
          "Actual Startup Time": 1230.918,
          "Actual Total Time": 1284.94,
          "Actual Rows": 6,
          "Actual Loops": 1,
          "Workers Planned": 5,
          "Workers Launched": 5,
          "Single Copy": false,
          "Plans": [
            {
              "Node Type": "Aggregate",
              "Strategy": "Plain",
              "Partial Mode": "Partial",
              "Parent Relationship": "Outer",
              "Parallel Aware": false,
              "Startup Cost": 284416.61,
              "Total Cost": 284416.62,
              "Plan Rows": 1,
              "Plan Width": 8,
              "Actual Startup Time": 1220.564,
              "Actual Total Time": 1220.601,
              "Actual Rows": 1,
              "Actual Loops": 6,
              "Plans": [
                {
                  "Node Type": "Hash Join",
                  "Parent Relationship": "Outer",
                  "Parallel Aware": true,
                  "Join Type": "Inner",
                  "Startup Cost": 79420.88,
                  "Total Cost": 283391.58,
                  "Plan Rows": 410013,
                  "Plan Width": 0,
                  "Actual Startup Time": 255.21,
                  "Actual Total Time": 1117.476,
                  "Actual Rows": 2456284,
                  "Actual Loops": 6,
                  "Inner Unique": false,
                  "Hash Cond": "(mi.movie_id = t.id)",
                  "Plans": [
                    {
                      "Node Type": "Seq Scan",
                      "Parent Relationship": "Outer",
                      "Parallel Aware": true,
                      "Relation Name": "movie_info",
                      "Alias": "mi",
                      "Startup Cost": 0.0,
                      "Total Cost": 191560.33,
                      "Plan Rows": 2956733,
                      "Plan Width": 4,
                      "Actual Startup Time": 0.016,
                      "Actual Total Time": 314.856,
                      "Actual Rows": 2472620,
                      "Actual Loops": 6
                    },
                    {
                      "Node Type": "Hash",
                      "Parent Relationship": "Inner",
                      "Parallel Aware": true,
                      "Startup Cost": 78007.17,
                      "Total Cost": 78007.17,
                      "Plan Rows": 113097,
                      "Plan Width": 8,
                      "Actual Startup Time": 251.661,
                      "Actual Total Time": 251.697,
                      "Actual Rows": 81533,
                      "Actual Loops": 6,
                      "Hash Buckets": 524288,
                      "Original Hash Buckets": 524288,
                      "Hash Batches": 1,
                      "Original Hash Batches": 1,
                      "Peak Memory Usage": 23328,
                      "Plans": [
                        {
                          "Node Type": "Hash Join",
                          "Parent Relationship": "Outer",
                          "Parallel Aware": true,
                          "Join Type": "Inner",
                          "Startup Cost": 46595.59,
                          "Total Cost": 78007.17,
                          "Plan Rows": 113097,
                          "Plan Width": 8,
                          "Actual Startup Time": 108.348,
                          "Actual Total Time": 227.792,
                          "Actual Rows": 81533,
                          "Actual Loops": 6,
                          "Inner Unique": true,
                          "Hash Cond": "(mc.movie_id = t.id)",
                          "Plans": [
                            {
                              "Node Type": "Seq Scan",
                              "Parent Relationship": "Outer",
                              "Parallel Aware": true,
                              "Relation Name": "movie_companies",
                              "Alias": "mc",
                              "Startup Cost": 0.0,
                              "Total Cost": 29310.68,
                              "Plan Rows": 800343,
                              "Plan Width": 4,
                              "Actual Startup Time": 0.025,
                              "Actual Total Time": 56.524,
                              "Actual Rows": 412968,
                              "Actual Loops": 6,
                              "Filter": "(company_id > 19)",
                              "Rows Removed by Filter": 21887
                            },
                            {
                              "Node Type": "Hash",
                              "Parent Relationship": "Inner",
                              "Parallel Aware": true,
                              "Startup Cost": 45479.1,
                              "Total Cost": 45479.1,
                              "Plan Rows": 89319,
                              "Plan Width": 4,
                              "Actual Startup Time": 107.032,
                              "Actual Total Time": 107.033,
                              "Actual Rows": 50348,
                              "Actual Loops": 6,
                              "Hash Buckets": 524288,
                              "Original Hash Buckets": 524288,
                              "Hash Batches": 1,
                              "Original Hash Batches": 1,
                              "Peak Memory Usage": 16000,
                              "Plans": [
                                {
                                  "Node Type": "Seq Scan",
                                  "Parent Relationship": "Outer",
                                  "Parallel Aware": true,
                                  "Relation Name": "title",
                                  "Alias": "t",
                                  "Startup Cost": 0.0,
                                  "Total Cost": 45479.1,
                                  "Plan Rows": 89319,
                                  "Plan Width": 4,
                                  "Actual Startup Time": 0.1,
                                  "Actual Total Time": 83.427,
                                  "Actual Rows": 50348,
                                  "Actual Loops": 6,
                                  "Filter": "((kind_id < 7) AND (production_year > 2006))",
                                  "Rows Removed by Filter": 371037
                                }
                              ]
                            }
                          ]
                        }
                      ]
                    }
                  ]
                }
              ]
            }
          ]
        }
      ]
    },
    "Planning Time": 1.531,
    "Triggers": [],
    "Execution Time": 1285.059
  }
]