[
  {
    "Plan": {
      "Node Type": "Aggregate",
      "Strategy": "Plain",
      "Partial Mode": "Finalize",
      "Parallel Aware": false,
      "Startup Cost": 25070.15,
      "Total Cost": 25070.16,
      "Plan Rows": 1,
      "Plan Width": 8,
      "Actual Startup Time": 58.908,
      "Actual Total Time": 63.285,
      "Actual Rows": 1,
      "Actual Loops": 1,
      "Plans": [
        {
          "Node Type": "Gather",
          "Parent Relationship": "Outer",
          "Parallel Aware": false,
          "Startup Cost": 25069.84,
          "Total Cost": 25070.15,
          "Plan Rows": 3,
          "Plan Width": 8,
          "Actual Startup Time": 58.712,
          "Actual Total Time": 63.278,
          "Actual Rows": 4,
          "Actual Loops": 1,
          "Workers Planned": 3,
          "Workers Launched": 3,
          "Single Copy": false,
          "Plans": [
            {
              "Node Type": "Aggregate",
              "Strategy": "Plain",
              "Partial Mode": "Partial",
              "Parent Relationship": "Outer",
              "Parallel Aware": false,
              "Startup Cost": 24069.84,
              "Total Cost": 24069.85,
              "Plan Rows": 1,
              "Plan Width": 8,
              "Actual Startup Time": 49.485,
              "Actual Total Time": 49.486,
              "Actual Rows": 1,
              "Actual Loops": 4,
              "Plans": [
                {
                  "Node Type": "Bitmap Heap Scan",
                  "Parent Relationship": "Outer",
                  "Parallel Aware": true,
                  "Relation Name": "movie_companies",
                  "Alias": "mc",
                  "Startup Cost": 4316.07,
                  "Total Cost": 23909.21,
                  "Plan Rows": 64251,
                  "Plan Width": 0,
                  "Actual Startup Time": 16.902,
                  "Actual Total Time": 45.296,
                  "Actual Rows": 48972,
                  "Actual Loops": 4,
                  "Recheck Cond": "(company_id > 114782)",
                  "Rows Removed by Index Recheck": 0,
                  "Exact Heap Blocks": 2581,
                  "Lossy Heap Blocks": 0,
                  "Plans": [
                    {
                      "Node Type": "Bitmap Index Scan",
                      "Parent Relationship": "Outer",
                      "Parallel Aware": false,
                      "Index Name": "company_id_movie_companies",
                      "Startup Cost": 0.0,
                      "Total Cost": 4266.27,
                      "Plan Rows": 199179,
                      "Plan Width": 0,
                      "Actual Startup Time": 23.801,
                      "Actual Total Time": 23.801,
                      "Actual Rows": 195887,
                      "Actual Loops": 1,
                      "Index Cond": "(company_id > 114782)"
                    }
                  ]
                }
              ]
            }
          ]
        }
      ]
    },
    "Planning Time": 0.193,
    "Triggers": [],
    "Execution Time": 63.36
  }
]