[
  {
    "Plan": {
      "Node Type": "Aggregate",
      "Strategy": "Plain",
      "Partial Mode": "Finalize",
      "Parallel Aware": false,
      "Startup Cost": 31422.1,
      "Total Cost": 31422.11,
      "Plan Rows": 1,
      "Plan Width": 8,
      "Actual Startup Time": 122.337,
      "Actual Total Time": 128.178,
      "Actual Rows": 1,
      "Actual Loops": 1,
      "Plans": [
        {
          "Node Type": "Gather",
          "Parent Relationship": "Outer",
          "Parallel Aware": false,
          "Startup Cost": 31421.78,
          "Total Cost": 31422.09,
          "Plan Rows": 3,
          "Plan Width": 8,
          "Actual Startup Time": 122.111,
          "Actual Total Time": 128.169,
          "Actual Rows": 4,
          "Actual Loops": 1,
          "Workers Planned": 3,
          "Workers Launched": 3,
          "Single Copy": false,
          "Plans": [
            {
              "Node Type": "Aggregate",
              "Strategy": "Plain",
              "Partial Mode": "Partial",
              "Parent Relationship": "Outer",
              "Parallel Aware": false,
              "Startup Cost": 30421.78,
              "Total Cost": 30421.79,
              "Plan Rows": 1,
              "Plan Width": 8,
              "Actual Startup Time": 113.497,
              "Actual Total Time": 113.498,
              "Actual Rows": 1,
              "Actual Loops": 4,
              "Plans": [
                {
                  "Node Type": "Seq Scan",
                  "Parent Relationship": "Outer",
                  "Parallel Aware": true,
                  "Relation Name": "movie_companies",
                  "Alias": "mc",
                  "Startup Cost": 0.0,
                  "Total Cost": 29310.68,
                  "Plan Rows": 444439,
                  "Plan Width": 0,
                  "Actual Startup Time": 0.068,
                  "Actual Total Time": 90.924,
                  "Actual Rows": 347069,
                  "Actual Loops": 4,
                  "Filter": "(company_id < 12019)",
                  "Rows Removed by Filter": 305213
                }
              ]
            }
          ]
        }
      ]
    },
    "Planning Time": 0.202,
    "Triggers": [],
    "Execution Time": 128.234
  }
]