[
  {
    "Plan": {
      "Node Type": "Aggregate",
      "Strategy": "Plain",
      "Partial Mode": "Finalize",
      "Parallel Aware": false,
      "Startup Cost": 22110.16,
      "Total Cost": 22110.17,
      "Plan Rows": 1,
      "Plan Width": 8,
      "Actual Startup Time": 11.607,
      "Actual Total Time": 13.875,
      "Actual Rows": 1,
      "Actual Loops": 1,
      "Plans": [
        {
          "Node Type": "Gather",
          "Parent Relationship": "Outer",
          "Parallel Aware": false,
          "Startup Cost": 22109.94,
          "Total Cost": 22110.15,
          "Plan Rows": 2,
          "Plan Width": 8,
          "Actual Startup Time": 11.479,
          "Actual Total Time": 13.869,
          "Actual Rows": 3,
          "Actual Loops": 1,
          "Workers Planned": 2,
          "Workers Launched": 2,
          "Single Copy": false,
          "Plans": [
            {
              "Node Type": "Aggregate",
              "Strategy": "Plain",
              "Partial Mode": "Partial",
              "Parent Relationship": "Outer",
              "Parallel Aware": false,
              "Startup Cost": 21109.94,
              "Total Cost": 21109.95,
              "Plan Rows": 1,
              "Plan Width": 8,
              "Actual Startup Time": 7.961,
              "Actual Total Time": 7.962,
              "Actual Rows": 1,
              "Actual Loops": 3,
              "Plans": [
                {
                  "Node Type": "Nested Loop",
                  "Parent Relationship": "Outer",
                  "Parallel Aware": false,
                  "Join Type": "Inner",
                  "Startup Cost": 122.65,
                  "Total Cost": 21108.16,
                  "Plan Rows": 712,
                  "Plan Width": 0,
                  "Actual Startup Time": 0.486,
                  "Actual Total Time": 7.817,
                  "Actual Rows": 1224,
                  "Actual Loops": 3,
                  "Inner Unique": true,
                  "Plans": [
                    {
                      "Node Type": "Bitmap Heap Scan",
                      "Parent Relationship": "Outer",
                      "Parallel Aware": true,
                      "Relation Name": "movie_companies",
                      "Alias": "mc",
                      "Startup Cost": 122.22,
                      "Total Cost": 12047.24,
                      "Plan Rows": 1167,
                      "Plan Width": 4,
                      "Actual Startup Time": 0.398,
                      "Actual Total Time": 0.895,
                      "Actual Rows": 1259,
                      "Actual Loops": 3,
                      "Recheck Cond": "(company_id = 394)",
                      "Rows Removed by Index Recheck": 0,
                      "Filter": "(company_type_id = 2)",
                      "Rows Removed by Filter": 316,
                      "Exact Heap Blocks": 359,
                      "Lossy Heap Blocks": 0,
                      "Plans": [
                        {
                          "Node Type": "Bitmap Index Scan",
                          "Parent Relationship": "Outer",
                          "Parallel Aware": false,
                          "Index Name": "company_id_movie_companies",
                          "Startup Cost": 0.0,
                          "Total Cost": 121.52,
                          "Plan Rows": 5479,
                          "Plan Width": 0,
                          "Actual Startup Time": 0.585,
                          "Actual Total Time": 0.585,
                          "Actual Rows": 4726,
                          "Actual Loops": 1,
                          "Index Cond": "(company_id = 394)"
                        }
                      ]
                    },
                    {
                      "Node Type": "Index Scan",
                      "Parent Relationship": "Inner",
                      "Parallel Aware": false,
                      "Scan Direction": "Forward",
                      "Index Name": "title_pkey",
                      "Relation Name": "title",
                      "Alias": "t",
                      "Startup Cost": 0.43,
                      "Total Cost": 7.76,
                      "Plan Rows": 1,
                      "Plan Width": 4,
                      "Actual Startup Time": 0.005,
                      "Actual Total Time": 0.005,
                      "Actual Rows": 1,
                      "Actual Loops": 3777,
                      "Index Cond": "(id = mc.movie_id)",
                      "Rows Removed by Index Recheck": 0,
                      "Filter": "(kind_id = 7)",
                      "Rows Removed by Filter": 0
                    }
                  ]
                }
              ]
            }
          ]
        }
      ]
    },
    "Planning Time": 0.286,
    "Triggers": [],
    "Execution Time": 13.915
  }
]