[
    {
        "Bao": {
            "Bao prediction": "NaN",
            "Bao recommended hint": "(no hint)"
        }
    },
    {
        "Plan": {
            "Node Type": "Aggregate",
            "Strategy": "Plain",
            "Partial Mode": "Finalize",
            "Parallel Aware": false,
            "Startup Cost": 68531.11,
            "Total Cost": 68531.12,
            "Plan Rows": 1,
            "Plan Width": 8,
            "Actual Startup Time": 174.792,
            "Actual Total Time": 182.95,
            "Actual Rows": 1,
            "Actual Loops": 1,
            "Output": [
                "count(*)"
            ],
            "Plans": [
                {
                    "Node Type": "Gather",
                    "Parent Relationship": "Outer",
                    "Parallel Aware": false,
                    "Startup Cost": 68530.69,
                    "Total Cost": 68531.1,
                    "Plan Rows": 4,
                    "Plan Width": 8,
                    "Actual Startup Time": 174.098,
                    "Actual Total Time": 182.943,
                    "Actual Rows": 5,
                    "Actual Loops": 1,
                    "Output": [
                        "(PARTIAL count(*))"
                    ],
                    "Workers Planned": 4,
                    "Workers Launched": 4,
                    "Single Copy": false,
                    "Plans": [
                        {
                            "Node Type": "Aggregate",
                            "Strategy": "Plain",
                            "Partial Mode": "Partial",
                            "Parent Relationship": "Outer",
                            "Parallel Aware": false,
                            "Startup Cost": 67530.69,
                            "Total Cost": 67530.7,
                            "Plan Rows": 1,
                            "Plan Width": 8,
                            "Actual Startup Time": 164.503,
                            "Actual Total Time": 164.507,
                            "Actual Rows": 1,
                            "Actual Loops": 5,
                            "Output": [
                                "PARTIAL count(*)"
                            ],
                            "Workers": [
                                {
                                    "Worker Number": 0,
                                    "Actual Startup Time": 161.844,
                                    "Actual Total Time": 161.848,
                                    "Actual Rows": 1,
                                    "Actual Loops": 1
                                },
                                {
                                    "Worker Number": 1,
                                    "Actual Startup Time": 162.23,
                                    "Actual Total Time": 162.234,
                                    "Actual Rows": 1,
                                    "Actual Loops": 1
                                },
                                {
                                    "Worker Number": 2,
                                    "Actual Startup Time": 162.34,
                                    "Actual Total Time": 162.344,
                                    "Actual Rows": 1,
                                    "Actual Loops": 1
                                },
                                {
                                    "Worker Number": 3,
                                    "Actual Startup Time": 162.597,
                                    "Actual Total Time": 162.601,
                                    "Actual Rows": 1,
                                    "Actual Loops": 1
                                }
                            ],
                            "Plans": [
                                {
                                    "Node Type": "Hash Join",
                                    "Parent Relationship": "Outer",
                                    "Parallel Aware": true,
                                    "Join Type": "Inner",
                                    "Startup Cost": 21263.92,
                                    "Total Cost": 67510.36,
                                    "Plan Rows": 8132,
                                    "Plan Width": 0,
                                    "Actual Startup Time": 140.127,
                                    "Actual Total Time": 164.287,
                                    "Actual Rows": 2653,
                                    "Actual Loops": 5,
                                    "Inner Unique": false,
                                    "Hash Cond": "(t.id = mc.movie_id)",
                                    "Workers": [
                                        {
                                            "Worker Number": 0,
                                            "Actual Startup Time": 138.872,
                                            "Actual Total Time": 161.6,
                                            "Actual Rows": 1760,
                                            "Actual Loops": 1
                                        },
                                        {
                                            "Worker Number": 1,
                                            "Actual Startup Time": 138.92,
                                            "Actual Total Time": 162.021,
                                            "Actual Rows": 2815,
                                            "Actual Loops": 1
                                        },
                                        {
                                            "Worker Number": 2,
                                            "Actual Startup Time": 133.048,
                                            "Actual Total Time": 162.123,
                                            "Actual Rows": 2847,
                                            "Actual Loops": 1
                                        },
                                        {
                                            "Worker Number": 3,
                                            "Actual Startup Time": 139.377,
                                            "Actual Total Time": 162.368,
                                            "Actual Rows": 1652,
                                            "Actual Loops": 1
                                        }
                                    ],
                                    "Plans": [
                                        {
                                            "Node Type": "Seq Scan",
                                            "Parent Relationship": "Outer",
                                            "Parallel Aware": true,
                                            "Relation Name": "title",
                                            "Schema": "public",
                                            "Alias": "t",
                                            "Startup Cost": 0.0,
                                            "Total Cost": 43899.01,
                                            "Plan Rows": 464242,
                                            "Plan Width": 4,
                                            "Actual Startup Time": 0.015,
                                            "Actual Total Time": 79.374,
                                            "Actual Rows": 373097,
                                            "Actual Loops": 5,
                                            "Output": [
                                                "t.id",
                                                "t.title",
                                                "t.imdb_index",
                                                "t.kind_id",
                                                "t.production_year",
                                                "t.imdb_id",
                                                "t.phonetic_code",
                                                "t.episode_of_id",
                                                "t.season_nr",
                                                "t.episode_nr",
                                                "t.series_years",
                                                "t.md5sum"
                                            ],
                                            "Filter": "(t.kind_id > 1)",
                                            "Rows Removed by Filter": 132565,
                                            "Workers": [
                                                {
                                                    "Worker Number": 0,
                                                    "Actual Startup Time": 0.019,
                                                    "Actual Total Time": 80.788,
                                                    "Actual Rows": 262149,
                                                    "Actual Loops": 1
                                                },
                                                {
                                                    "Worker Number": 1,
                                                    "Actual Startup Time": 0.016,
                                                    "Actual Total Time": 79.748,
                                                    "Actual Rows": 401540,
                                                    "Actual Loops": 1
                                                },
                                                {
                                                    "Worker Number": 2,
                                                    "Actual Startup Time": 0.02,
                                                    "Actual Total Time": 80.129,
                                                    "Actual Rows": 404659,
                                                    "Actual Loops": 1
                                                },
                                                {
                                                    "Worker Number": 3,
                                                    "Actual Startup Time": 0.009,
                                                    "Actual Total Time": 79.607,
                                                    "Actual Rows": 240959,
                                                    "Actual Loops": 1
                                                }
                                            ]
                                        },
                                        {
                                            "Node Type": "Hash",
                                            "Parent Relationship": "Inner",
                                            "Parallel Aware": true,
                                            "Startup Cost": 21085.34,
                                            "Total Cost": 21085.34,
                                            "Plan Rows": 14286,
                                            "Plan Width": 4,
                                            "Actual Startup Time": 33.419,
                                            "Actual Total Time": 33.421,
                                            "Actual Rows": 17760,
                                            "Actual Loops": 5,
                                            "Output": [
                                                "mc.movie_id"
                                            ],
                                            "Hash Buckets": 131072,
                                            "Original Hash Buckets": 65536,
                                            "Hash Batches": 1,
                                            "Original Hash Batches": 1,
                                            "Peak Memory Usage": 5088,
                                            "Workers": [
                                                {
                                                    "Worker Number": 0,
                                                    "Actual Startup Time": 31.378,
                                                    "Actual Total Time": 31.38,
                                                    "Actual Rows": 14758,
                                                    "Actual Loops": 1
                                                },
                                                {
                                                    "Worker Number": 1,
                                                    "Actual Startup Time": 31.881,
                                                    "Actual Total Time": 31.883,
                                                    "Actual Rows": 12930,
                                                    "Actual Loops": 1
                                                },
                                                {
                                                    "Worker Number": 2,
                                                    "Actual Startup Time": 31.981,
                                                    "Actual Total Time": 31.983,
                                                    "Actual Rows": 13588,
                                                    "Actual Loops": 1
                                                },
                                                {
                                                    "Worker Number": 3,
                                                    "Actual Startup Time": 32.226,
                                                    "Actual Total Time": 32.228,
                                                    "Actual Rows": 13179,
                                                    "Actual Loops": 1
                                                }
                                            ],
                                            "Plans": [
                                                {
                                                    "Node Type": "Bitmap Heap Scan",
                                                    "Parent Relationship": "Outer",
                                                    "Parallel Aware": true,
                                                    "Relation Name": "movie_companies",
                                                    "Schema": "public",
                                                    "Alias": "mc",
                                                    "Startup Cost": 1875.01,
                                                    "Total Cost": 21085.34,
                                                    "Plan Rows": 14286,
                                                    "Plan Width": 4,
                                                    "Actual Startup Time": 4.971,
                                                    "Actual Total Time": 23.062,
                                                    "Actual Rows": 17760,
                                                    "Actual Loops": 5,
                                                    "Output": [
                                                        "mc.movie_id"
                                                    ],
                                                    "Recheck Cond": "(mc.company_id > 164442)",
                                                    "Rows Removed by Index Recheck": 0,
                                                    "Filter": "(mc.company_type_id = 2)",
                                                    "Rows Removed by Filter": 0,
                                                    "Exact Heap Blocks": 1143,
                                                    "Lossy Heap Blocks": 0,
                                                    "Workers": [
                                                        {
                                                            "Worker Number": 0,
                                                            "Actual Startup Time": 2.96,
                                                            "Actual Total Time": 22.176,
                                                            "Actual Rows": 14758,
                                                            "Actual Loops": 1
                                                        },
                                                        {
                                                            "Worker Number": 1,
                                                            "Actual Startup Time": 3.451,
                                                            "Actual Total Time": 21.705,
                                                            "Actual Rows": 12930,
                                                            "Actual Loops": 1
                                                        },
                                                        {
                                                            "Worker Number": 2,
                                                            "Actual Startup Time": 3.563,
                                                            "Actual Total Time": 22.81,
                                                            "Actual Rows": 13588,
                                                            "Actual Loops": 1
                                                        },
                                                        {
                                                            "Worker Number": 3,
                                                            "Actual Startup Time": 3.824,
                                                            "Actual Total Time": 22.829,
                                                            "Actual Rows": 13179,
                                                            "Actual Loops": 1
                                                        }
                                                    ],
                                                    "Plans": [
                                                        {
                                                            "Node Type": "Bitmap Index Scan",
                                                            "Parent Relationship": "Outer",
                                                            "Parallel Aware": false,
                                                            "Index Name": "company_id_movie_companies",
                                                            "Startup Cost": 0.0,
                                                            "Total Cost": 1863.94,
                                                            "Plan Rows": 86868,
                                                            "Plan Width": 0,
                                                            "Actual Startup Time": 9.804,
                                                            "Actual Total Time": 9.804,
                                                            "Actual Rows": 88802,
                                                            "Actual Loops": 1,
                                                            "Index Cond": "(mc.company_id > 164442)"
                                                        }
                                                    ]
                                                }
                                            ]
                                        }
                                    ]
                                }
                            ]
                        }
                    ]
                }
            ]
        },
        "Planning Time": 194.344,
        "Triggers": [],
        "Execution Time": 183.066
    }
]