[
  {
    "Plan": {
      "Node Type": "Aggregate",
      "Strategy": "Plain",
      "Partial Mode": "Finalize",
      "Parallel Aware": false,
      "Startup Cost": 336344.03,
      "Total Cost": 336344.04,
      "Plan Rows": 1,
      "Plan Width": 8,
      "Actual Startup Time": 722.575,
      "Actual Total Time": 769.095,
      "Actual Rows": 1,
      "Actual Loops": 1,
      "Plans": [
        {
          "Node Type": "Gather",
          "Parent Relationship": "Outer",
          "Parallel Aware": false,
          "Startup Cost": 336343.41,
          "Total Cost": 336344.02,
          "Plan Rows": 6,
          "Plan Width": 8,
          "Actual Startup Time": 722.359,
          "Actual Total Time": 769.08,
          "Actual Rows": 7,
          "Actual Loops": 1,
          "Workers Planned": 6,
          "Workers Launched": 6,
          "Single Copy": false,
          "Plans": [
            {
              "Node Type": "Aggregate",
              "Strategy": "Plain",
              "Partial Mode": "Partial",
              "Parent Relationship": "Outer",
              "Parallel Aware": false,
              "Startup Cost": 335343.41,
              "Total Cost": 335343.42,
              "Plan Rows": 1,
              "Plan Width": 8,
              "Actual Startup Time": 713.983,
              "Actual Total Time": 713.984,
              "Actual Rows": 1,
              "Actual Loops": 7,
              "Plans": [
                {
                  "Node Type": "Seq Scan",
                  "Parent Relationship": "Outer",
                  "Parallel Aware": true,
                  "Relation Name": "cast_info",
                  "Alias": "ci",
                  "Startup Cost": 0.0,
                  "Total Cost": 328211.39,
                  "Plan Rows": 2852806,
                  "Plan Width": 0,
                  "Actual Startup Time": 223.449,
                  "Actual Total Time": 600.06,
                  "Actual Rows": 2416513,
                  "Actual Loops": 7,
                  "Filter": "(person_id > 1933237)",
                  "Rows Removed by Filter": 2761250
                }
              ]
            }
          ]
        }
      ]
    },
    "Planning Time": 0.173,
    "Triggers": [],
    "Execution Time": 769.16
  }
]