{
  "Plan": {
    "Node Type": "Aggregate",
    "Strategy": "Plain",
    "Partial Mode": "Finalize",
    "Parallel Aware": false,
    "Startup Cost": 157498.47,
    "Total Cost": 157498.48,
    "Plan Rows": 1,
    "Plan Width": 8,
    "Actual Startup Time": 695.684,
    "Actual Total Time": 713.998,
    "Actual Rows": 1,
    "Actual Loops": 1,
    "Plans": [
      {
        "Node Type": "Gather",
        "Parent Relationship": "Outer",
        "Parallel Aware": false,
        "Startup Cost": 157498.35,
        "Total Cost": 157498.46,
        "Plan Rows": 1,
        "Plan Width": 8,
        "Actual Startup Time": 694.683,
        "Actual Total Time": 713.991,
        "Actual Rows": 2,
        "Actual Loops": 1,
        "Workers Planned": 1,
        "Workers Launched": 1,
        "Single Copy": false,
        "Plans": [
          {
            "Node Type": "Aggregate",
            "Strategy": "Plain",
            "Partial Mode": "Partial",
            "Parent Relationship": "Outer",
            "Parallel Aware": false,
            "Startup Cost": 156498.35,
            "Total Cost": 156498.36,
            "Plan Rows": 1,
            "Plan Width": 8,
            "Actual Startup Time": 688.373,
            "Actual Total Time": 688.388,
            "Actual Rows": 1,
            "Actual Loops": 2,
            "Plans": [
              {
                "Node Type": "Hash Join",
                "Parent Relationship": "Outer",
                "Parallel Aware": true,
                "Join Type": "Inner",
                "Startup Cost": 94621.23,
                "Total Cost": 156250.06,
                "Plan Rows": 99319,
                "Plan Width": 0,
                "Actual Startup Time": 398.187,
                "Actual Total Time": 686.21,
                "Actual Rows": 52882,
                "Actual Loops": 2,
                "Inner Unique": false,
                "Hash Cond": "(mk.movie_id = t.id)",
                "Plans": [
                  {
                    "Node Type": "Seq Scan",
                    "Parent Relationship": "Outer",
                    "Parallel Aware": true,
                    "Relation Name": "movie_keyword",
                    "Alias": "mk",
                    "Startup Cost": 0.0,
                    "Total Cost": 51065.35,
                    "Plan Rows": 2661135,
                    "Plan Width": 4,
                    "Actual Startup Time": 0.03,
                    "Actual Total Time": 159.997,
                    "Actual Rows": 2261965,
                    "Actual Loops": 2
                  },
                  {
                    "Node Type": "Hash",
                    "Parent Relationship": "Inner",
                    "Parallel Aware": true,
                    "Startup Cost": 93927.4,
                    "Total Cost": 93927.4,
                    "Plan Rows": 55506,
                    "Plan Width": 8,
                    "Actual Startup Time": 371.551,
                    "Actual Total Time": 371.565,
                    "Actual Rows": 17797,
                    "Actual Loops": 2,
                    "Hash Buckets": 131072,
                    "Original Hash Buckets": 131072,
                    "Hash Batches": 1,
                    "Original Hash Batches": 1,
                    "Peak Memory Usage": 2432,
                    "Plans": [
                      {
                        "Node Type": "Hash Join",
                        "Parent Relationship": "Outer",
                        "Parallel Aware": true,
                        "Join Type": "Inner",
                        "Startup Cost": 71480.12,
                        "Total Cost": 93927.4,
                        "Plan Rows": 55506,
                        "Plan Width": 8,
                        "Actual Startup Time": 278.039,
                        "Actual Total Time": 365.255,
                        "Actual Rows": 17797,
                        "Actual Loops": 2,
                        "Inner Unique": true,
                        "Hash Cond": "(mc.movie_id = t.id)",
                        "Plans": [
                          {
                            "Node Type": "Bitmap Heap Scan",
                            "Parent Relationship": "Outer",
                            "Parallel Aware": true,
                            "Relation Name": "movie_companies",
                            "Alias": "mc",
                            "Startup Cost": 8906.19,
                            "Total Cost": 30718.74,
                            "Plan Rows": 241804,
                            "Plan Width": 4,
                            "Actual Startup Time": 21.534,
                            "Actual Total Time": 56.766,
                            "Actual Rows": 207580,
                            "Actual Loops": 2,
                            "Recheck Cond": "(company_id > 80476)",
                            "Rows Removed by Index Recheck": 0,
                            "Exact Heap Blocks": 3419,
                            "Lossy Heap Blocks": 0,
                            "Plans": [
                              {
                                "Node Type": "Bitmap Index Scan",
                                "Parent Relationship": "Outer",
                                "Parallel Aware": false,
                                "Index Name": "company_id_movie_companies",
                                "Startup Cost": 0.0,
                                "Total Cost": 8803.42,
                                "Plan Rows": 411066,
                                "Plan Width": 0,
                                "Actual Startup Time": 20.627,
                                "Actual Total Time": 20.627,
                                "Actual Rows": 415160,
                                "Actual Loops": 1,
                                "Index Cond": "(company_id > 80476)"
                              }
                            ]
                          },
                          {
                            "Node Type": "Hash",
                            "Parent Relationship": "Inner",
                            "Parallel Aware": true,
                            "Startup Cost": 58306.47,
                            "Total Cost": 58306.47,
                            "Plan Rows": 341397,
                            "Plan Width": 4,
                            "Actual Startup Time": 249.426,
                            "Actual Total Time": 249.43,
                            "Actual Rows": 301266,
                            "Actual Loops": 2,
                            "Hash Buckets": 1048576,
                            "Original Hash Buckets": 1048576,
                            "Hash Batches": 1,
                            "Original Hash Batches": 1,
                            "Peak Memory Usage": 31808,
                            "Plans": [
                              {
                                "Node Type": "Seq Scan",
                                "Parent Relationship": "Outer",
                                "Parallel Aware": true,
                                "Relation Name": "title",
                                "Alias": "t",
                                "Startup Cost": 0.0,
                                "Total Cost": 58306.47,
                                "Plan Rows": 341397,
                                "Plan Width": 4,
                                "Actual Startup Time": 0.052,
                                "Actual Total Time": 158.455,
                                "Actual Rows": 301266,
                                "Actual Loops": 2,
                                "Filter": "((kind_id > 1) AND (production_year > 2007))",
                                "Rows Removed by Filter": 962890
                              }
                            ]
                          }
                        ]
                      }
                    ]
                  }
                ]
              }
            ]
          }
        ]
      }
    ]
  },
  "Planning Time": 0.939,
  "Triggers": [],
  "Execution Time": 714.115
}