[
  {
    "Plan": {
      "Node Type": "Aggregate",
      "Strategy": "Plain",
      "Partial Mode": "Finalize",
      "Parallel Aware": false,
      "Startup Cost": 33094.71,
      "Total Cost": 33094.72,
      "Plan Rows": 1,
      "Plan Width": 8,
      "Actual Startup Time": 102.348,
      "Actual Total Time": 109.938,
      "Actual Rows": 1,
      "Actual Loops": 1,
      "Plans": [
        {
          "Node Type": "Gather",
          "Parent Relationship": "Outer",
          "Parallel Aware": false,
          "Startup Cost": 33094.39,
          "Total Cost": 33094.7,
          "Plan Rows": 3,
          "Plan Width": 8,
          "Actual Startup Time": 102.286,
          "Actual Total Time": 109.93,
          "Actual Rows": 4,
          "Actual Loops": 1,
          "Workers Planned": 3,
          "Workers Launched": 3,
          "Single Copy": false,
          "Plans": [
            {
              "Node Type": "Aggregate",
              "Strategy": "Plain",
              "Partial Mode": "Partial",
              "Parent Relationship": "Outer",
              "Parallel Aware": false,
              "Startup Cost": 32094.39,
              "Total Cost": 32094.4,
              "Plan Rows": 1,
              "Plan Width": 8,
              "Actual Startup Time": 95.779,
              "Actual Total Time": 95.78,
              "Actual Rows": 1,
              "Actual Loops": 4,
              "Plans": [
                {
                  "Node Type": "Seq Scan",
                  "Parent Relationship": "Outer",
                  "Parallel Aware": true,
                  "Relation Name": "movie_companies",
                  "Alias": "mc",
                  "Startup Cost": 0.0,
                  "Total Cost": 31414.82,
                  "Plan Rows": 271830,
                  "Plan Width": 0,
                  "Actual Startup Time": 46.959,
                  "Actual Total Time": 84.408,
                  "Actual Rows": 263909,
                  "Actual Loops": 4,
                  "Filter": "((company_id > 3686) AND (company_type_id > 1))",
                  "Rows Removed by Filter": 388374
                }
              ]
            }
          ]
        }
      ]
    },
    "Planning Time": 0.221,
    "Triggers": [],
    "Execution Time": 110.0
  }
]