[
  {
    "Plan": {
      "Node Type": "Aggregate",
      "Strategy": "Plain",
      "Partial Mode": "Finalize",
      "Parallel Aware": false,
      "Startup Cost": 77859.59,
      "Total Cost": 77859.6,
      "Plan Rows": 1,
      "Plan Width": 8,
      "Actual Startup Time": 250.856,
      "Actual Total Time": 266.125,
      "Actual Rows": 1,
      "Actual Loops": 1,
      "Plans": [
        {
          "Node Type": "Gather",
          "Parent Relationship": "Outer",
          "Parallel Aware": false,
          "Startup Cost": 77859.28,
          "Total Cost": 77859.59,
          "Plan Rows": 3,
          "Plan Width": 8,
          "Actual Startup Time": 248.126,
          "Actual Total Time": 266.118,
          "Actual Rows": 4,
          "Actual Loops": 1,
          "Workers Planned": 3,
          "Workers Launched": 3,
          "Single Copy": false,
          "Plans": [
            {
              "Node Type": "Aggregate",
              "Strategy": "Plain",
              "Partial Mode": "Partial",
              "Parent Relationship": "Outer",
              "Parallel Aware": false,
              "Startup Cost": 76859.28,
              "Total Cost": 76859.29,
              "Plan Rows": 1,
              "Plan Width": 8,
              "Actual Startup Time": 238.887,
              "Actual Total Time": 238.89,
              "Actual Rows": 1,
              "Actual Loops": 4,
              "Plans": [
                {
                  "Node Type": "Hash Join",
                  "Parent Relationship": "Outer",
                  "Parallel Aware": true,
                  "Join Type": "Inner",
                  "Startup Cost": 46973.64,
                  "Total Cost": 76771.51,
                  "Plan Rows": 35107,
                  "Plan Width": 0,
                  "Actual Startup Time": 144.707,
                  "Actual Total Time": 238.01,
                  "Actual Rows": 20694,
                  "Actual Loops": 4,
                  "Inner Unique": true,
                  "Hash Cond": "(mc.movie_id = t.id)",
                  "Plans": [
                    {
                      "Node Type": "Seq Scan",
                      "Parent Relationship": "Outer",
                      "Parallel Aware": true,
                      "Relation Name": "movie_companies",
                      "Alias": "mc",
                      "Startup Cost": 0.0,
                      "Total Cost": 29310.68,
                      "Plan Rows": 185597,
                      "Plan Width": 4,
                      "Actual Startup Time": 0.019,
                      "Actual Total Time": 56.348,
                      "Actual Rows": 142636,
                      "Actual Loops": 4,
                      "Filter": "(company_id < 598)",
                      "Rows Removed by Filter": 509646
                    },
                    {
                      "Node Type": "Hash",
                      "Parent Relationship": "Inner",
                      "Parallel Aware": true,
                      "Startup Cost": 45479.1,
                      "Total Cost": 45479.1,
                      "Plan Rows": 119563,
                      "Plan Width": 4,
                      "Actual Startup Time": 140.896,
                      "Actual Total Time": 140.896,
                      "Actual Rows": 129582,
                      "Actual Loops": 4,
                      "Hash Buckets": 524288,
                      "Original Hash Buckets": 524288,
                      "Hash Batches": 1,
                      "Original Hash Batches": 1,
                      "Peak Memory Usage": 24416,
                      "Plans": [
                        {
                          "Node Type": "Seq Scan",
                          "Parent Relationship": "Outer",
                          "Parallel Aware": true,
                          "Relation Name": "title",
                          "Alias": "t",
                          "Startup Cost": 0.0,
                          "Total Cost": 45479.1,
                          "Plan Rows": 119563,
                          "Plan Width": 4,
                          "Actual Startup Time": 0.039,
                          "Actual Total Time": 98.884,
                          "Actual Rows": 129582,
                          "Actual Loops": 4,
                          "Filter": "((production_year > 2007) AND (kind_id = 7))",
                          "Rows Removed by Filter": 502496
                        }
                      ]
                    }
                  ]
                }
              ]
            }
          ]
        }
      ]
    },
    "Planning Time": 0.688,
    "Triggers": [],
    "Execution Time": 266.193
  }
]