[
    {
        "Bao": {
            "Bao prediction": 663.729,
            "Bao recommended hint": "(no hint)"
        }
    },
    {
        "Plan": {
            "Node Type": "Aggregate",
            "Strategy": "Plain",
            "Partial Mode": "Finalize",
            "Parallel Aware": false,
            "Startup Cost": 31110.66,
            "Total Cost": 31110.67,
            "Plan Rows": 1,
            "Plan Width": 8,
            "Actual Startup Time": 103.57,
            "Actual Total Time": 108.027,
            "Actual Rows": 1,
            "Actual Loops": 1,
            "Output": [
                "count(*)"
            ],
            "Plans": [
                {
                    "Node Type": "Gather",
                    "Parent Relationship": "Outer",
                    "Parallel Aware": false,
                    "Startup Cost": 31110.34,
                    "Total Cost": 31110.65,
                    "Plan Rows": 3,
                    "Plan Width": 8,
                    "Actual Startup Time": 103.238,
                    "Actual Total Time": 108.019,
                    "Actual Rows": 4,
                    "Actual Loops": 1,
                    "Output": [
                        "(PARTIAL count(*))"
                    ],
                    "Workers Planned": 3,
                    "Workers Launched": 3,
                    "Single Copy": false,
                    "Plans": [
                        {
                            "Node Type": "Aggregate",
                            "Strategy": "Plain",
                            "Partial Mode": "Partial",
                            "Parent Relationship": "Outer",
                            "Parallel Aware": false,
                            "Startup Cost": 30110.34,
                            "Total Cost": 30110.35,
                            "Plan Rows": 1,
                            "Plan Width": 8,
                            "Actual Startup Time": 95.279,
                            "Actual Total Time": 95.281,
                            "Actual Rows": 1,
                            "Actual Loops": 4,
                            "Output": [
                                "PARTIAL count(*)"
                            ],
                            "Workers": [
                                {
                                    "Worker Number": 0,
                                    "Actual Startup Time": 92.625,
                                    "Actual Total Time": 92.626,
                                    "Actual Rows": 1,
                                    "Actual Loops": 1
                                },
                                {
                                    "Worker Number": 1,
                                    "Actual Startup Time": 92.733,
                                    "Actual Total Time": 92.735,
                                    "Actual Rows": 1,
                                    "Actual Loops": 1
                                },
                                {
                                    "Worker Number": 2,
                                    "Actual Startup Time": 93.09,
                                    "Actual Total Time": 93.092,
                                    "Actual Rows": 1,
                                    "Actual Loops": 1
                                }
                            ],
                            "Plans": [
                                {
                                    "Node Type": "Bitmap Heap Scan",
                                    "Parent Relationship": "Outer",
                                    "Parallel Aware": true,
                                    "Relation Name": "movie_companies",
                                    "Schema": "public",
                                    "Alias": "mc",
                                    "Startup Cost": 9102.58,
                                    "Total Cost": 29936.65,
                                    "Plan Rows": 69475,
                                    "Plan Width": 0,
                                    "Actual Startup Time": 76.355,
                                    "Actual Total Time": 93.515,
                                    "Actual Rows": 24676,
                                    "Actual Loops": 4,
                                    "Recheck Cond": "(mc.company_id < 297)",
                                    "Rows Removed by Index Recheck": 0,
                                    "Filter": "(mc.company_type_id > 1)",
                                    "Rows Removed by Filter": 80599,
                                    "Exact Heap Blocks": 7583,
                                    "Lossy Heap Blocks": 0,
                                    "Workers": [
                                        {
                                            "Worker Number": 0,
                                            "Actual Startup Time": 73.688,
                                            "Actual Total Time": 90.954,
                                            "Actual Rows": 22342,
                                            "Actual Loops": 1
                                        },
                                        {
                                            "Worker Number": 1,
                                            "Actual Startup Time": 73.814,
                                            "Actual Total Time": 91.093,
                                            "Actual Rows": 21976,
                                            "Actual Loops": 1
                                        },
                                        {
                                            "Worker Number": 2,
                                            "Actual Startup Time": 74.18,
                                            "Actual Total Time": 91.399,
                                            "Actual Rows": 22536,
                                            "Actual Loops": 1
                                        }
                                    ],
                                    "Plans": [
                                        {
                                            "Node Type": "Bitmap Index Scan",
                                            "Parent Relationship": "Outer",
                                            "Parallel Aware": false,
                                            "Index Name": "company_id_movie_companies",
                                            "Startup Cost": 0.0,
                                            "Total Cost": 9048.74,
                                            "Plan Rows": 422441,
                                            "Plan Width": 0,
                                            "Actual Startup Time": 38.781,
                                            "Actual Total Time": 38.781,
                                            "Actual Rows": 421101,
                                            "Actual Loops": 1,
                                            "Index Cond": "(mc.company_id < 297)"
                                        }
                                    ]
                                }
                            ]
                        }
                    ]
                }
            ]
        },
        "Planning Time": 857.001,
        "Triggers": [],
        "Execution Time": 108.151
    }
]