[
  {
    "Plan": {
      "Node Type": "Aggregate",
      "Strategy": "Plain",
      "Partial Mode": "Finalize",
      "Parallel Aware": false,
      "Startup Cost": 397298.81,
      "Total Cost": 397298.82,
      "Plan Rows": 1,
      "Plan Width": 8,
      "Actual Startup Time": 1158.867,
      "Actual Total Time": 1208.973,
      "Actual Rows": 1,
      "Actual Loops": 1,
      "Plans": [
        {
          "Node Type": "Gather",
          "Parent Relationship": "Outer",
          "Parallel Aware": false,
          "Startup Cost": 397298.18,
          "Total Cost": 397298.79,
          "Plan Rows": 6,
          "Plan Width": 8,
          "Actual Startup Time": 1155.677,
          "Actual Total Time": 1208.959,
          "Actual Rows": 7,
          "Actual Loops": 1,
          "Workers Planned": 6,
          "Workers Launched": 6,
          "Single Copy": false,
          "Plans": [
            {
              "Node Type": "Aggregate",
              "Strategy": "Plain",
              "Partial Mode": "Partial",
              "Parent Relationship": "Outer",
              "Parallel Aware": false,
              "Startup Cost": 396298.18,
              "Total Cost": 396298.19,
              "Plan Rows": 1,
              "Plan Width": 8,
              "Actual Startup Time": 1148.017,
              "Actual Total Time": 1148.074,
              "Actual Rows": 1,
              "Actual Loops": 7,
              "Plans": [
                {
                  "Node Type": "Hash Join",
                  "Parent Relationship": "Outer",
                  "Parallel Aware": true,
                  "Join Type": "Inner",
                  "Startup Cost": 46158.66,
                  "Total Cost": 395781.95,
                  "Plan Rows": 206494,
                  "Plan Width": 0,
                  "Actual Startup Time": 437.212,
                  "Actual Total Time": 1136.56,
                  "Actual Rows": 228846,
                  "Actual Loops": 7,
                  "Inner Unique": true,
                  "Hash Cond": "(ci.movie_id = t.id)",
                  "Plans": [
                    {
                      "Node Type": "Seq Scan",
                      "Parent Relationship": "Outer",
                      "Parallel Aware": true,
                      "Relation Name": "cast_info",
                      "Alias": "ci",
                      "Startup Cost": 0.0,
                      "Total Cost": 343316.27,
                      "Plan Rows": 2402669,
                      "Plan Width": 4,
                      "Actual Startup Time": 336.589,
                      "Actual Total Time": 680.518,
                      "Actual Rows": 2151951,
                      "Actual Loops": 7,
                      "Filter": "((person_id > 363304) AND (role_id > 2))",
                      "Rows Removed by Filter": 3025812
                    },
                    {
                      "Node Type": "Hash",
                      "Parent Relationship": "Inner",
                      "Parallel Aware": true,
                      "Startup Cost": 45479.59,
                      "Total Cost": 45479.59,
                      "Plan Rows": 54326,
                      "Plan Width": 4,
                      "Actual Startup Time": 99.352,
                      "Actual Total Time": 99.352,
                      "Actual Rows": 49602,
                      "Actual Loops": 7,
                      "Hash Buckets": 524288,
                      "Original Hash Buckets": 262144,
                      "Hash Batches": 1,
                      "Original Hash Batches": 1,
                      "Peak Memory Usage": 19840,
                      "Plans": [
                        {
                          "Node Type": "Seq Scan",
                          "Parent Relationship": "Outer",
                          "Parallel Aware": true,
                          "Relation Name": "title",
                          "Alias": "t",
                          "Startup Cost": 0.0,
                          "Total Cost": 45479.59,
                          "Plan Rows": 54326,
                          "Plan Width": 4,
                          "Actual Startup Time": 42.141,
                          "Actual Total Time": 72.828,
                          "Actual Rows": 49602,
                          "Actual Loops": 7,
                          "Filter": "((kind_id < 2) AND (production_year < 1996))",
                          "Rows Removed by Filter": 311586
                        }
                      ]
                    }
                  ]
                }
              ]
            }
          ]
        }
      ]
    },
    "Planning Time": 0.318,
    "Triggers": [],
    "Execution Time": 1209.029
  }
]