{
    "Plan": {
        "Node Type": "Aggregate",
        "Strategy": "Plain",
        "Partial Mode": "Finalize",
        "Parallel Aware": false,
        "Startup Cost": 300992.18,
        "Total Cost": 300992.19,
        "Plan Rows": 1,
        "Plan Width": 8,
        "Actual Startup Time": 1593.251,
        "Actual Total Time": 1642.309,
        "Actual Rows": 1,
        "Actual Loops": 1,
        "Output": [
            "count(*)"
        ],
        "Plans": [
            {
                "Node Type": "Gather",
                "Parent Relationship": "Outer",
                "Parallel Aware": false,
                "Startup Cost": 300991.66,
                "Total Cost": 300992.17,
                "Plan Rows": 5,
                "Plan Width": 8,
                "Actual Startup Time": 1559.585,
                "Actual Total Time": 1642.298,
                "Actual Rows": 6,
                "Actual Loops": 1,
                "Output": [
                    "(PARTIAL count(*))"
                ],
                "Workers Planned": 5,
                "Workers Launched": 5,
                "Single Copy": false,
                "Plans": [
                    {
                        "Node Type": "Aggregate",
                        "Strategy": "Plain",
                        "Partial Mode": "Partial",
                        "Parent Relationship": "Outer",
                        "Parallel Aware": false,
                        "Startup Cost": 299991.66,
                        "Total Cost": 299991.67,
                        "Plan Rows": 1,
                        "Plan Width": 8,
                        "Actual Startup Time": 1543.06,
                        "Actual Total Time": 1543.066,
                        "Actual Rows": 1,
                        "Actual Loops": 6,
                        "Output": [
                            "PARTIAL count(*)"
                        ],
                        "Workers": [
                            {
                                "Worker Number": 0,
                                "Actual Startup Time": 1539.992,
                                "Actual Total Time": 1539.996,
                                "Actual Rows": 1,
                                "Actual Loops": 1
                            },
                            {
                                "Worker Number": 1,
                                "Actual Startup Time": 1539.661,
                                "Actual Total Time": 1539.667,
                                "Actual Rows": 1,
                                "Actual Loops": 1
                            },
                            {
                                "Worker Number": 2,
                                "Actual Startup Time": 1540.045,
                                "Actual Total Time": 1540.049,
                                "Actual Rows": 1,
                                "Actual Loops": 1
                            },
                            {
                                "Worker Number": 3,
                                "Actual Startup Time": 1540.125,
                                "Actual Total Time": 1540.129,
                                "Actual Rows": 1,
                                "Actual Loops": 1
                            },
                            {
                                "Worker Number": 4,
                                "Actual Startup Time": 1539.945,
                                "Actual Total Time": 1539.951,
                                "Actual Rows": 1,
                                "Actual Loops": 1
                            }
                        ],
                        "Plans": [
                            {
                                "Node Type": "Hash Join",
                                "Parent Relationship": "Outer",
                                "Parallel Aware": true,
                                "Join Type": "Inner",
                                "Startup Cost": 86020.68,
                                "Total Cost": 297056.58,
                                "Plan Rows": 1174031,
                                "Plan Width": 0,
                                "Actual Startup Time": 514.36,
                                "Actual Total Time": 1439.753,
                                "Actual Rows": 2646632,
                                "Actual Loops": 6,
                                "Inner Unique": false,
                                "Hash Cond": "(mi.movie_id = t.id)",
                                "Workers": [
                                    {
                                        "Worker Number": 0,
                                        "Actual Startup Time": 512.022,
                                        "Actual Total Time": 1436.45,
                                        "Actual Rows": 2662932,
                                        "Actual Loops": 1
                                    },
                                    {
                                        "Worker Number": 1,
                                        "Actual Startup Time": 511.824,
                                        "Actual Total Time": 1440.219,
                                        "Actual Rows": 2531988,
                                        "Actual Loops": 1
                                    },
                                    {
                                        "Worker Number": 2,
                                        "Actual Startup Time": 510.572,
                                        "Actual Total Time": 1436.554,
                                        "Actual Rows": 2647987,
                                        "Actual Loops": 1
                                    },
                                    {
                                        "Worker Number": 3,
                                        "Actual Startup Time": 511.617,
                                        "Actual Total Time": 1436.423,
                                        "Actual Rows": 2667659,
                                        "Actual Loops": 1
                                    },
                                    {
                                        "Worker Number": 4,
                                        "Actual Startup Time": 511.957,
                                        "Actual Total Time": 1440.422,
                                        "Actual Rows": 2532851,
                                        "Actual Loops": 1
                                    }
                                ],
                                "Plans": [
                                    {
                                        "Node Type": "Seq Scan",
                                        "Parent Relationship": "Outer",
                                        "Parallel Aware": true,
                                        "Relation Name": "movie_info",
                                        "Schema": "public",
                                        "Alias": "mi",
                                        "Startup Cost": 0.0,
                                        "Total Cost": 198880.74,
                                        "Plan Rows": 2231456,
                                        "Plan Width": 4,
                                        "Actual Startup Time": 0.03,
                                        "Actual Total Time": 332.636,
                                        "Actual Rows": 1868457,
                                        "Actual Loops": 6,
                                        "Output": [
                                            "mi.id",
                                            "mi.movie_id",
                                            "mi.info_type_id",
                                            "mi.info",
                                            "mi.note"
                                        ],
                                        "Filter": "(mi.info_type_id > 3)",
                                        "Rows Removed by Filter": 604163,
                                        "Workers": [
                                            {
                                                "Worker Number": 0,
                                                "Actual Startup Time": 0.032,
                                                "Actual Total Time": 340.21,
                                                "Actual Rows": 1882505,
                                                "Actual Loops": 1
                                            },
                                            {
                                                "Worker Number": 1,
                                                "Actual Startup Time": 0.033,
                                                "Actual Total Time": 344.493,
                                                "Actual Rows": 1782108,
                                                "Actual Loops": 1
                                            },
                                            {
                                                "Worker Number": 2,
                                                "Actual Startup Time": 0.032,
                                                "Actual Total Time": 340.703,
                                                "Actual Rows": 1862686,
                                                "Actual Loops": 1
                                            },
                                            {
                                                "Worker Number": 3,
                                                "Actual Startup Time": 0.037,
                                                "Actual Total Time": 340.531,
                                                "Actual Rows": 1893796,
                                                "Actual Loops": 1
                                            },
                                            {
                                                "Worker Number": 4,
                                                "Actual Startup Time": 0.032,
                                                "Actual Total Time": 344.176,
                                                "Actual Rows": 1788236,
                                                "Actual Loops": 1
                                            }
                                        ]
                                    },
                                    {
                                        "Node Type": "Hash",
                                        "Parent Relationship": "Inner",
                                        "Parallel Aware": true,
                                        "Startup Cost": 80656.88,
                                        "Total Cost": 80656.88,
                                        "Plan Rows": 429104,
                                        "Plan Width": 8,
                                        "Actual Startup Time": 507.582,
                                        "Actual Total Time": 507.586,
                                        "Actual Rows": 222480,
                                        "Actual Loops": 6,
                                        "Output": [
                                            "t.id",
                                            "mc.movie_id"
                                        ],
                                        "Hash Buckets": 2097152,
                                        "Original Hash Buckets": 2097152,
                                        "Hash Batches": 1,
                                        "Original Hash Batches": 1,
                                        "Peak Memory Usage": 68704,
                                        "Workers": [
                                            {
                                                "Worker Number": 0,
                                                "Actual Startup Time": 509.844,
                                                "Actual Total Time": 509.846,
                                                "Actual Rows": 227535,
                                                "Actual Loops": 1
                                            },
                                            {
                                                "Worker Number": 1,
                                                "Actual Startup Time": 509.363,
                                                "Actual Total Time": 509.367,
                                                "Actual Rows": 214450,
                                                "Actual Loops": 1
                                            },
                                            {
                                                "Worker Number": 2,
                                                "Actual Startup Time": 509.839,
                                                "Actual Total Time": 509.842,
                                                "Actual Rows": 226383,
                                                "Actual Loops": 1
                                            },
                                            {
                                                "Worker Number": 3,
                                                "Actual Startup Time": 509.917,
                                                "Actual Total Time": 509.92,
                                                "Actual Rows": 232532,
                                                "Actual Loops": 1
                                            },
                                            {
                                                "Worker Number": 4,
                                                "Actual Startup Time": 509.667,
                                                "Actual Total Time": 509.671,
                                                "Actual Rows": 212615,
                                                "Actual Loops": 1
                                            }
                                        ],
                                        "Plans": [
                                            {
                                                "Node Type": "Hash Join",
                                                "Parent Relationship": "Outer",
                                                "Parallel Aware": true,
                                                "Join Type": "Inner",
                                                "Startup Cost": 50219.81,
                                                "Total Cost": 80656.88,
                                                "Plan Rows": 429104,
                                                "Plan Width": 8,
                                                "Actual Startup Time": 301.853,
                                                "Actual Total Time": 420.76,
                                                "Actual Rows": 222480,
                                                "Actual Loops": 6,
                                                "Output": [
                                                    "t.id",
                                                    "mc.movie_id"
                                                ],
                                                "Inner Unique": true,
                                                "Hash Cond": "(mc.movie_id = t.id)",
                                                "Workers": [
                                                    {
                                                        "Worker Number": 0,
                                                        "Actual Startup Time": 301.854,
                                                        "Actual Total Time": 420.059,
                                                        "Actual Rows": 227535,
                                                        "Actual Loops": 1
                                                    },
                                                    {
                                                        "Worker Number": 1,
                                                        "Actual Startup Time": 301.837,
                                                        "Actual Total Time": 422.671,
                                                        "Actual Rows": 214450,
                                                        "Actual Loops": 1
                                                    },
                                                    {
                                                        "Worker Number": 2,
                                                        "Actual Startup Time": 301.828,
                                                        "Actual Total Time": 419.973,
                                                        "Actual Rows": 226383,
                                                        "Actual Loops": 1
                                                    },
                                                    {
                                                        "Worker Number": 3,
                                                        "Actual Startup Time": 301.836,
                                                        "Actual Total Time": 419.798,
                                                        "Actual Rows": 232532,
                                                        "Actual Loops": 1
                                                    },
                                                    {
                                                        "Worker Number": 4,
                                                        "Actual Startup Time": 301.808,
                                                        "Actual Total Time": 421.003,
                                                        "Actual Rows": 212615,
                                                        "Actual Loops": 1
                                                    }
                                                ],
                                                "Plans": [
                                                    {
                                                        "Node Type": "Seq Scan",
                                                        "Parent Relationship": "Outer",
                                                        "Parallel Aware": true,
                                                        "Relation Name": "movie_companies",
                                                        "Schema": "public",
                                                        "Alias": "mc",
                                                        "Startup Cost": 0.0,
                                                        "Total Cost": 29310.68,
                                                        "Plan Rows": 429104,
                                                        "Plan Width": 4,
                                                        "Actual Startup Time": 21.993,
                                                        "Actual Total Time": 50.242,
                                                        "Actual Rows": 222480,
                                                        "Actual Loops": 6,
                                                        "Output": [
                                                            "mc.id",
                                                            "mc.movie_id",
                                                            "mc.company_id",
                                                            "mc.company_type_id",
                                                            "mc.note"
                                                        ],
                                                        "Filter": "(mc.company_type_id = 2)",
                                                        "Rows Removed by Filter": 212374,
                                                        "Workers": [
                                                            {
                                                                "Worker Number": 0,
                                                                "Actual Startup Time": 21.908,
                                                                "Actual Total Time": 50.916,
                                                                "Actual Rows": 227535,
                                                                "Actual Loops": 1
                                                            },
                                                            {
                                                                "Worker Number": 1,
                                                                "Actual Startup Time": 22.02,
                                                                "Actual Total Time": 50.79,
                                                                "Actual Rows": 214450,
                                                                "Actual Loops": 1
                                                            },
                                                            {
                                                                "Worker Number": 2,
                                                                "Actual Startup Time": 22.003,
                                                                "Actual Total Time": 50.972,
                                                                "Actual Rows": 226383,
                                                                "Actual Loops": 1
                                                            },
                                                            {
                                                                "Worker Number": 3,
                                                                "Actual Startup Time": 22.018,
                                                                "Actual Total Time": 50.873,
                                                                "Actual Rows": 232532,
                                                                "Actual Loops": 1
                                                            },
                                                            {
                                                                "Worker Number": 4,
                                                                "Actual Startup Time": 22.005,
                                                                "Actual Total Time": 50.545,
                                                                "Actual Rows": 212615,
                                                                "Actual Loops": 1
                                                            }
                                                        ]
                                                    },
                                                    {
                                                        "Node Type": "Hash",
                                                        "Parent Relationship": "Inner",
                                                        "Parallel Aware": true,
                                                        "Startup Cost": 42318.81,
                                                        "Total Cost": 42318.81,
                                                        "Plan Rows": 632080,
                                                        "Plan Width": 4,
                                                        "Actual Startup Time": 275.014,
                                                        "Actual Total Time": 275.015,
                                                        "Actual Rows": 421385,
                                                        "Actual Loops": 6,
                                                        "Output": [
                                                            "t.id"
                                                        ],
                                                        "Hash Buckets": 4194304,
                                                        "Original Hash Buckets": 4194304,
                                                        "Hash Batches": 1,
                                                        "Original Hash Batches": 1,
                                                        "Peak Memory Usage": 131776,
                                                        "Workers": [
                                                            {
                                                                "Worker Number": 0,
                                                                "Actual Startup Time": 279.745,
                                                                "Actual Total Time": 279.746,
                                                                "Actual Rows": 412005,
                                                                "Actual Loops": 1
                                                            },
                                                            {
                                                                "Worker Number": 1,
                                                                "Actual Startup Time": 279.744,
                                                                "Actual Total Time": 279.745,
                                                                "Actual Rows": 392736,
                                                                "Actual Loops": 1
                                                            },
                                                            {
                                                                "Worker Number": 2,
                                                                "Actual Startup Time": 279.693,
                                                                "Actual Total Time": 279.694,
                                                                "Actual Rows": 408115,
                                                                "Actual Loops": 1
                                                            },
                                                            {
                                                                "Worker Number": 3,
                                                                "Actual Startup Time": 279.731,
                                                                "Actual Total Time": 279.732,
                                                                "Actual Rows": 414950,
                                                                "Actual Loops": 1
                                                            },
                                                            {
                                                                "Worker Number": 4,
                                                                "Actual Startup Time": 279.717,
                                                                "Actual Total Time": 279.718,
                                                                "Actual Rows": 392017,
                                                                "Actual Loops": 1
                                                            }
                                                        ],
                                                        "Plans": [
                                                            {
                                                                "Node Type": "Seq Scan",
                                                                "Parent Relationship": "Outer",
                                                                "Parallel Aware": true,
                                                                "Relation Name": "title",
                                                                "Schema": "public",
                                                                "Alias": "t",
                                                                "Startup Cost": 0.0,
                                                                "Total Cost": 42318.81,
                                                                "Plan Rows": 632080,
                                                                "Plan Width": 4,
                                                                "Actual Startup Time": 0.063,
                                                                "Actual Total Time": 74.83,
                                                                "Actual Rows": 421385,
                                                                "Actual Loops": 6,
                                                                "Output": [
                                                                    "t.id"
                                                                ],
                                                                "Workers": [
                                                                    {
                                                                        "Worker Number": 0,
                                                                        "Actual Startup Time": 0.073,
                                                                        "Actual Total Time": 76.409,
                                                                        "Actual Rows": 412005,
                                                                        "Actual Loops": 1
                                                                    },
                                                                    {
                                                                        "Worker Number": 1,
                                                                        "Actual Startup Time": 0.076,
                                                                        "Actual Total Time": 78.167,
                                                                        "Actual Rows": 392736,
                                                                        "Actual Loops": 1
                                                                    },
                                                                    {
                                                                        "Worker Number": 2,
                                                                        "Actual Startup Time": 0.066,
                                                                        "Actual Total Time": 76.439,
                                                                        "Actual Rows": 408115,
                                                                        "Actual Loops": 1
                                                                    },
                                                                    {
                                                                        "Worker Number": 3,
                                                                        "Actual Startup Time": 0.081,
                                                                        "Actual Total Time": 76.349,
                                                                        "Actual Rows": 414950,
                                                                        "Actual Loops": 1
                                                                    },
                                                                    {
                                                                        "Worker Number": 4,
                                                                        "Actual Startup Time": 0.065,
                                                                        "Actual Total Time": 78.157,
                                                                        "Actual Rows": 392017,
                                                                        "Actual Loops": 1
                                                                    }
                                                                ]
                                                            }
                                                        ]
                                                    }
                                                ]
                                            }
                                        ]
                                    }
                                ]
                            }
                        ]
                    }
                ]
            }
        ]
    },
    "Planning Time": 1.668,
    "Triggers": [],
    "Execution Time": 1642.412
}