[
  {
    "Plan": {
      "Node Type": "Aggregate",
      "Strategy": "Plain",
      "Partial Mode": "Finalize",
      "Parallel Aware": false,
      "Startup Cost": 32761.24,
      "Total Cost": 32761.25,
      "Plan Rows": 1,
      "Plan Width": 8,
      "Actual Startup Time": 78.47,
      "Actual Total Time": 86.384,
      "Actual Rows": 1,
      "Actual Loops": 1,
      "Plans": [
        {
          "Node Type": "Gather",
          "Parent Relationship": "Outer",
          "Parallel Aware": false,
          "Startup Cost": 32760.92,
          "Total Cost": 32761.23,
          "Plan Rows": 3,
          "Plan Width": 8,
          "Actual Startup Time": 78.34,
          "Actual Total Time": 86.376,
          "Actual Rows": 4,
          "Actual Loops": 1,
          "Workers Planned": 3,
          "Workers Launched": 3,
          "Single Copy": false,
          "Plans": [
            {
              "Node Type": "Aggregate",
              "Strategy": "Plain",
              "Partial Mode": "Partial",
              "Parent Relationship": "Outer",
              "Parallel Aware": false,
              "Startup Cost": 31760.92,
              "Total Cost": 31760.93,
              "Plan Rows": 1,
              "Plan Width": 8,
              "Actual Startup Time": 74.732,
              "Actual Total Time": 74.733,
              "Actual Rows": 1,
              "Actual Loops": 4,
              "Plans": [
                {
                  "Node Type": "Seq Scan",
                  "Parent Relationship": "Outer",
                  "Parallel Aware": true,
                  "Relation Name": "movie_companies",
                  "Alias": "mc",
                  "Startup Cost": 0.0,
                  "Total Cost": 31414.82,
                  "Plan Rows": 138440,
                  "Plan Width": 0,
                  "Actual Startup Time": 0.014,
                  "Actual Total Time": 67.464,
                  "Actual Rows": 155142,
                  "Actual Loops": 4,
                  "Filter": "((company_id < 2601) AND (company_type_id = 1))",
                  "Rows Removed by Filter": 497140
                }
              ]
            }
          ]
        }
      ]
    },
    "Planning Time": 0.101,
    "Triggers": [],
    "Execution Time": 86.41
  }
]