{
  "Plan": {
    "Node Type": "Aggregate",
    "Strategy": "Plain",
    "Partial Mode": "Finalize",
    "Parallel Aware": false,
    "Startup Cost": 243586.84,
    "Total Cost": 243586.85,
    "Plan Rows": 1,
    "Plan Width": 8,
    "Actual Startup Time": 239.054,
    "Actual Total Time": 254.817,
    "Actual Rows": 1,
    "Actual Loops": 1,
    "Plans": [
      {
        "Node Type": "Gather",
        "Parent Relationship": "Outer",
        "Parallel Aware": false,
        "Startup Cost": 243586.73,
        "Total Cost": 243586.84,
        "Plan Rows": 1,
        "Plan Width": 8,
        "Actual Startup Time": 238.912,
        "Actual Total Time": 254.801,
        "Actual Rows": 2,
        "Actual Loops": 1,
        "Workers Planned": 1,
        "Workers Launched": 1,
        "Single Copy": false,
        "Plans": [
          {
            "Node Type": "Aggregate",
            "Strategy": "Plain",
            "Partial Mode": "Partial",
            "Parent Relationship": "Outer",
            "Parallel Aware": false,
            "Startup Cost": 242586.73,
            "Total Cost": 242586.74,
            "Plan Rows": 1,
            "Plan Width": 8,
            "Actual Startup Time": 232.571,
            "Actual Total Time": 232.575,
            "Actual Rows": 1,
            "Actual Loops": 2,
            "Plans": [
              {
                "Node Type": "Nested Loop",
                "Parent Relationship": "Outer",
                "Parallel Aware": false,
                "Join Type": "Inner",
                "Startup Cost": 71076.65,
                "Total Cost": 242569.66,
                "Plan Rows": 6827,
                "Plan Width": 0,
                "Actual Startup Time": 153.534,
                "Actual Total Time": 232.112,
                "Actual Rows": 6722,
                "Actual Loops": 2,
                "Inner Unique": false,
                "Join Filter": "(t.id = ci.movie_id)",
                "Rows Removed by Join Filter": 0,
                "Plans": [
                  {
                    "Node Type": "Hash Join",
                    "Parent Relationship": "Outer",
                    "Parallel Aware": true,
                    "Join Type": "Inner",
                    "Startup Cost": 71076.08,
                    "Total Cost": 239321.2,
                    "Plan Rows": 870,
                    "Plan Width": 8,
                    "Actual Startup Time": 153.451,
                    "Actual Total Time": 211.107,
                    "Actual Rows": 822,
                    "Actual Loops": 2,
                    "Inner Unique": true,
                    "Hash Cond": "(mi.movie_id = t.id)",
                    "Plans": [
                      {
                        "Node Type": "Bitmap Heap Scan",
                        "Parent Relationship": "Outer",
                        "Parallel Aware": true,
                        "Relation Name": "movie_info",
                        "Alias": "mi",
                        "Startup Cost": 12730.49,
                        "Total Cost": 179890.53,
                        "Plan Rows": 413363,
                        "Plan Width": 4,
                        "Actual Startup Time": 18.968,
                        "Actual Total Time": 51.395,
                        "Actual Rows": 330462,
                        "Actual Loops": 2,
                        "Recheck Cond": "(info_type_id = 18)",
                        "Rows Removed by Index Recheck": 0,
                        "Exact Heap Blocks": 4258,
                        "Lossy Heap Blocks": 0,
                        "Plans": [
                          {
                            "Node Type": "Bitmap Index Scan",
                            "Parent Relationship": "Outer",
                            "Parallel Aware": false,
                            "Index Name": "info_type_id_movie_info",
                            "Startup Cost": 0.0,
                            "Total Cost": 12554.81,
                            "Plan Rows": 702717,
                            "Plan Width": 0,
                            "Actual Startup Time": 18.009,
                            "Actual Total Time": 18.009,
                            "Actual Rows": 660923,
                            "Actual Loops": 1,
                            "Index Cond": "(info_type_id = 18)"
                          }
                        ]
                      },
                      {
                        "Node Type": "Hash",
                        "Parent Relationship": "Inner",
                        "Parallel Aware": true,
                        "Startup Cost": 58306.47,
                        "Total Cost": 58306.47,
                        "Plan Rows": 3130,
                        "Plan Width": 4,
                        "Actual Startup Time": 132.764,
                        "Actual Total Time": 132.764,
                        "Actual Rows": 2600,
                        "Actual Loops": 2,
                        "Hash Buckets": 8192,
                        "Original Hash Buckets": 8192,
                        "Hash Batches": 1,
                        "Original Hash Batches": 1,
                        "Peak Memory Usage": 288,
                        "Plans": [
                          {
                            "Node Type": "Seq Scan",
                            "Parent Relationship": "Outer",
                            "Parallel Aware": true,
                            "Relation Name": "title",
                            "Alias": "t",
                            "Startup Cost": 0.0,
                            "Total Cost": 58306.47,
                            "Plan Rows": 3130,
                            "Plan Width": 4,
                            "Actual Startup Time": 0.105,
                            "Actual Total Time": 131.624,
                            "Actual Rows": 2600,
                            "Actual Loops": 2,
                            "Filter": "((kind_id > 4) AND (production_year = 1956))",
                            "Rows Removed by Filter": 1261556
                          }
                        ]
                      }
                    ]
                  },
                  {
                    "Node Type": "Index Scan",
                    "Parent Relationship": "Inner",
                    "Parallel Aware": false,
                    "Scan Direction": "Forward",
                    "Index Name": "movie_id_cast_info",
                    "Relation Name": "cast_info",
                    "Alias": "ci",
                    "Startup Cost": 0.56,
                    "Total Cost": 3.48,
                    "Plan Rows": 20,
                    "Plan Width": 4,
                    "Actual Startup Time": 0.005,
                    "Actual Total Time": 0.024,
                    "Actual Rows": 8,
                    "Actual Loops": 1645,
                    "Index Cond": "(movie_id = mi.movie_id)",
                    "Rows Removed by Index Recheck": 0,
                    "Filter": "(role_id < 3)",
                    "Rows Removed by Filter": 4
                  }
                ]
              }
            ]
          }
        ]
      }
    ]
  },
  "Planning Time": 0.975,
  "Triggers": [],
  "Execution Time": 254.928
}