[
  {
    "Plan": {
      "Node Type": "Aggregate",
      "Strategy": "Plain",
      "Partial Mode": "Finalize",
      "Parallel Aware": false,
      "Startup Cost": 26238.65,
      "Total Cost": 26238.66,
      "Plan Rows": 1,
      "Plan Width": 8,
      "Actual Startup Time": 89.84,
      "Actual Total Time": 96.743,
      "Actual Rows": 1,
      "Actual Loops": 1,
      "Plans": [
        {
          "Node Type": "Gather",
          "Parent Relationship": "Outer",
          "Parallel Aware": false,
          "Startup Cost": 26238.33,
          "Total Cost": 26238.64,
          "Plan Rows": 3,
          "Plan Width": 8,
          "Actual Startup Time": 89.631,
          "Actual Total Time": 96.734,
          "Actual Rows": 4,
          "Actual Loops": 1,
          "Workers Planned": 3,
          "Workers Launched": 3,
          "Single Copy": false,
          "Plans": [
            {
              "Node Type": "Aggregate",
              "Strategy": "Plain",
              "Partial Mode": "Partial",
              "Parent Relationship": "Outer",
              "Parallel Aware": false,
              "Startup Cost": 25238.33,
              "Total Cost": 25238.34,
              "Plan Rows": 1,
              "Plan Width": 8,
              "Actual Startup Time": 82.071,
              "Actual Total Time": 82.072,
              "Actual Rows": 1,
              "Actual Loops": 4,
              "Plans": [
                {
                  "Node Type": "Bitmap Heap Scan",
                  "Parent Relationship": "Outer",
                  "Parallel Aware": true,
                  "Relation Name": "movie_companies",
                  "Alias": "mc",
                  "Startup Cost": 5187.77,
                  "Total Cost": 25142.75,
                  "Plan Rows": 38232,
                  "Plan Width": 0,
                  "Actual Startup Time": 26.528,
                  "Actual Total Time": 77.583,
                  "Actual Rows": 46060,
                  "Actual Loops": 4,
                  "Recheck Cond": "(company_id < 95)",
                  "Rows Removed by Index Recheck": 0,
                  "Filter": "(company_type_id = 1)",
                  "Rows Removed by Filter": 13721,
                  "Exact Heap Blocks": 7401,
                  "Lossy Heap Blocks": 0,
                  "Plans": [
                    {
                      "Node Type": "Bitmap Index Scan",
                      "Parent Relationship": "Outer",
                      "Parallel Aware": false,
                      "Index Name": "company_id_movie_companies",
                      "Startup Cost": 0.0,
                      "Total Cost": 5158.15,
                      "Plan Rows": 240762,
                      "Plan Width": 0,
                      "Actual Startup Time": 29.168,
                      "Actual Total Time": 29.168,
                      "Actual Rows": 239124,
                      "Actual Loops": 1,
                      "Index Cond": "(company_id < 95)"
                    }
                  ]
                }
              ]
            }
          ]
        }
      ]
    },
    "Planning Time": 0.229,
    "Triggers": [],
    "Execution Time": 96.821
  }
]