[
  {
    "Plan": {
      "Node Type": "Aggregate",
      "Strategy": "Plain",
      "Partial Mode": "Finalize",
      "Parallel Aware": false,
      "Startup Cost": 47801.42,
      "Total Cost": 47801.43,
      "Plan Rows": 1,
      "Plan Width": 8,
      "Actual Startup Time": 338.314,
      "Actual Total Time": 360.656,
      "Actual Rows": 1,
      "Actual Loops": 1,
      "Plans": [
        {
          "Node Type": "Gather",
          "Parent Relationship": "Outer",
          "Parallel Aware": false,
          "Startup Cost": 47801.2,
          "Total Cost": 47801.41,
          "Plan Rows": 2,
          "Plan Width": 8,
          "Actual Startup Time": 337.949,
          "Actual Total Time": 360.644,
          "Actual Rows": 3,
          "Actual Loops": 1,
          "Workers Planned": 2,
          "Workers Launched": 2,
          "Single Copy": false,
          "Plans": [
            {
              "Node Type": "Aggregate",
              "Strategy": "Plain",
              "Partial Mode": "Partial",
              "Parent Relationship": "Outer",
              "Parallel Aware": false,
              "Startup Cost": 46801.2,
              "Total Cost": 46801.21,
              "Plan Rows": 1,
              "Plan Width": 8,
              "Actual Startup Time": 329.865,
              "Actual Total Time": 329.868,
              "Actual Rows": 1,
              "Actual Loops": 3,
              "Plans": [
                {
                  "Node Type": "Nested Loop",
                  "Parent Relationship": "Outer",
                  "Parallel Aware": false,
                  "Join Type": "Inner",
                  "Startup Cost": 209.26,
                  "Total Cost": 46799.6,
                  "Plan Rows": 641,
                  "Plan Width": 0,
                  "Actual Startup Time": 13.34,
                  "Actual Total Time": 329.783,
                  "Actual Rows": 119,
                  "Actual Loops": 3,
                  "Inner Unique": false,
                  "Plans": [
                    {
                      "Node Type": "Nested Loop",
                      "Parent Relationship": "Outer",
                      "Parallel Aware": false,
                      "Join Type": "Inner",
                      "Startup Cost": 208.83,
                      "Total Cost": 45572.13,
                      "Plan Rows": 1857,
                      "Plan Width": 8,
                      "Actual Startup Time": 5.884,
                      "Actual Total Time": 312.595,
                      "Actual Rows": 950,
                      "Actual Loops": 3,
                      "Inner Unique": true,
                      "Plans": [
                        {
                          "Node Type": "Bitmap Heap Scan",
                          "Parent Relationship": "Outer",
                          "Parallel Aware": true,
                          "Relation Name": "movie_keyword",
                          "Alias": "mk",
                          "Startup Cost": 208.4,
                          "Total Cost": 18766.8,
                          "Plan Rows": 4084,
                          "Plan Width": 4,
                          "Actual Startup Time": 5.326,
                          "Actual Total Time": 30.06,
                          "Actual Rows": 3600,
                          "Actual Loops": 3,
                          "Recheck Cond": "(keyword_id = 347)",
                          "Rows Removed by Index Recheck": 0,
                          "Exact Heap Blocks": 3788,
                          "Lossy Heap Blocks": 0,
                          "Plans": [
                            {
                              "Node Type": "Bitmap Index Scan",
                              "Parent Relationship": "Outer",
                              "Parallel Aware": false,
                              "Index Name": "keyword_id_movie_keyword",
                              "Startup Cost": 0.0,
                              "Total Cost": 205.95,
                              "Plan Rows": 9802,
                              "Plan Width": 0,
                              "Actual Startup Time": 7.982,
                              "Actual Total Time": 7.983,
                              "Actual Rows": 10799,
                              "Actual Loops": 1,
                              "Index Cond": "(keyword_id = 347)"
                            }
                          ]
                        },
                        {
                          "Node Type": "Index Scan",
                          "Parent Relationship": "Inner",
                          "Parallel Aware": false,
                          "Scan Direction": "Forward",
                          "Index Name": "title_pkey",
                          "Relation Name": "title",
                          "Alias": "t",
                          "Startup Cost": 0.43,
                          "Total Cost": 6.56,
                          "Plan Rows": 1,
                          "Plan Width": 4,
                          "Actual Startup Time": 0.077,
                          "Actual Total Time": 0.077,
                          "Actual Rows": 0,
                          "Actual Loops": 10799,
                          "Index Cond": "(id = mk.movie_id)",
                          "Rows Removed by Index Recheck": 0,
                          "Filter": "((production_year > 1984) AND (kind_id = 7))",
                          "Rows Removed by Filter": 1
                        }
                      ]
                    },
                    {
                      "Node Type": "Index Scan",
                      "Parent Relationship": "Inner",
                      "Parallel Aware": false,
                      "Scan Direction": "Forward",
                      "Index Name": "movie_id_movie_companies",
                      "Relation Name": "movie_companies",
                      "Alias": "mc",
                      "Startup Cost": 0.43,
                      "Total Cost": 0.64,
                      "Plan Rows": 2,
                      "Plan Width": 4,
                      "Actual Startup Time": 0.016,
                      "Actual Total Time": 0.016,
                      "Actual Rows": 0,
                      "Actual Loops": 2849,
                      "Index Cond": "(movie_id = t.id)",
                      "Rows Removed by Index Recheck": 0,
                      "Filter": "((company_id > 2007) AND (company_type_id < 2))",
                      "Rows Removed by Filter": 2
                    }
                  ]
                }
              ]
            }
          ]
        }
      ]
    },
    "Planning Time": 1.474,
    "Triggers": [],
    "Execution Time": 360.793
  }
]