[
  {
    "Plan": {
      "Node Type": "Aggregate",
      "Strategy": "Plain",
      "Partial Mode": "Finalize",
      "Parallel Aware": false,
      "Startup Cost": 484386.35,
      "Total Cost": 484386.36,
      "Plan Rows": 1,
      "Plan Width": 8,
      "Actual Startup Time": 2280.697,
      "Actual Total Time": 2345.12,
      "Actual Rows": 1,
      "Actual Loops": 1,
      "Plans": [
        {
          "Node Type": "Gather",
          "Parent Relationship": "Outer",
          "Parallel Aware": false,
          "Startup Cost": 484385.72,
          "Total Cost": 484386.33,
          "Plan Rows": 6,
          "Plan Width": 8,
          "Actual Startup Time": 2251.28,
          "Actual Total Time": 2345.105,
          "Actual Rows": 7,
          "Actual Loops": 1,
          "Workers Planned": 6,
          "Workers Launched": 6,
          "Single Copy": false,
          "Plans": [
            {
              "Node Type": "Aggregate",
              "Strategy": "Plain",
              "Partial Mode": "Partial",
              "Parent Relationship": "Outer",
              "Parallel Aware": false,
              "Startup Cost": 483385.72,
              "Total Cost": 483385.73,
              "Plan Rows": 1,
              "Plan Width": 8,
              "Actual Startup Time": 2226.758,
              "Actual Total Time": 2227.642,
              "Actual Rows": 1,
              "Actual Loops": 7,
              "Plans": [
                {
                  "Node Type": "Hash Join",
                  "Parent Relationship": "Outer",
                  "Parallel Aware": true,
                  "Join Type": "Inner",
                  "Startup Cost": 114129.21,
                  "Total Cost": 475183.61,
                  "Plan Rows": 3280846,
                  "Plan Width": 0,
                  "Actual Startup Time": 1042.463,
                  "Actual Total Time": 2004.87,
                  "Actual Rows": 5239872,
                  "Actual Loops": 7,
                  "Inner Unique": false,
                  "Hash Cond": "(ci.movie_id = t.id)",
                  "Plans": [
                    {
                      "Node Type": "Seq Scan",
                      "Parent Relationship": "Outer",
                      "Parallel Aware": true,
                      "Relation Name": "cast_info",
                      "Alias": "ci",
                      "Startup Cost": 0.0,
                      "Total Cost": 343316.27,
                      "Plan Rows": 1907936,
                      "Plan Width": 4,
                      "Actual Startup Time": 326.998,
                      "Actual Total Time": 606.858,
                      "Actual Rows": 851294,
                      "Actual Loops": 7,
                      "Filter": "((person_id < 2688864) AND (role_id > 2))",
                      "Rows Removed by Filter": 4326470
                    },
                    {
                      "Node Type": "Hash",
                      "Parent Relationship": "Inner",
                      "Parallel Aware": true,
                      "Startup Cost": 96597.67,
                      "Total Cost": 96597.67,
                      "Plan Rows": 1402523,
                      "Plan Width": 8,
                      "Actual Startup Time": 705.972,
                      "Actual Total Time": 706.854,
                      "Actual Rows": 620910,
                      "Actual Loops": 7,
                      "Hash Buckets": 8388608,
                      "Original Hash Buckets": 8388608,
                      "Hash Batches": 1,
                      "Original Hash Batches": 1,
                      "Peak Memory Usage": 235680,
                      "Plans": [
                        {
                          "Node Type": "Hash Join",
                          "Parent Relationship": "Outer",
                          "Parallel Aware": true,
                          "Join Type": "Inner",
                          "Startup Cost": 50220.38,
                          "Total Cost": 96597.67,
                          "Plan Rows": 1402523,
                          "Plan Width": 8,
                          "Actual Startup Time": 273.495,
                          "Actual Total Time": 483.08,
                          "Actual Rows": 620910,
                          "Actual Loops": 7,
                          "Inner Unique": true,
                          "Hash Cond": "(mk.movie_id = t.id)",
                          "Plans": [
                            {
                              "Node Type": "Seq Scan",
                              "Parent Relationship": "Outer",
                              "Parallel Aware": true,
                              "Relation Name": "movie_keyword",
                              "Alias": "mk",
                              "Startup Cost": 0.0,
                              "Total Cost": 42695.65,
                              "Plan Rows": 1402523,
                              "Plan Width": 4,
                              "Actual Startup Time": 0.037,
                              "Actual Total Time": 83.365,
                              "Actual Rows": 620910,
                              "Actual Loops": 7,
                              "Filter": "(keyword_id > 121)",
                              "Rows Removed by Filter": 25366
                            },
                            {
                              "Node Type": "Hash",
                              "Parent Relationship": "Inner",
                              "Parallel Aware": true,
                              "Startup Cost": 42319.06,
                              "Total Cost": 42319.06,
                              "Plan Rows": 632106,
                              "Plan Width": 4,
                              "Actual Startup Time": 269.283,
                              "Actual Total Time": 269.284,
                              "Actual Rows": 361187,
                              "Actual Loops": 7,
                              "Hash Buckets": 4194304,
                              "Original Hash Buckets": 4194304,
                              "Hash Batches": 1,
                              "Original Hash Batches": 1,
                              "Peak Memory Usage": 131808,
                              "Plans": [
                                {
                                  "Node Type": "Seq Scan",
                                  "Parent Relationship": "Outer",
                                  "Parallel Aware": true,
                                  "Relation Name": "title",
                                  "Alias": "t",
                                  "Startup Cost": 0.0,
                                  "Total Cost": 42319.06,
                                  "Plan Rows": 632106,
                                  "Plan Width": 4,
                                  "Actual Startup Time": 0.069,
                                  "Actual Total Time": 75.447,
                                  "Actual Rows": 361187,
                                  "Actual Loops": 7
                                }
                              ]
                            }
                          ]
                        }
                      ]
                    }
                  ]
                }
              ]
            }
          ]
        }
      ]
    },
    "Planning Time": 0.427,
    "Triggers": [],
    "Execution Time": 2345.168
  }
]