[
  {
    "Plan": {
      "Node Type": "Aggregate",
      "Strategy": "Plain",
      "Partial Mode": "Finalize",
      "Parallel Aware": false,
      "Startup Cost": 34233.01,
      "Total Cost": 34233.02,
      "Plan Rows": 1,
      "Plan Width": 8,
      "Actual Startup Time": 92.581,
      "Actual Total Time": 98.419,
      "Actual Rows": 1,
      "Actual Loops": 1,
      "Plans": [
        {
          "Node Type": "Gather",
          "Parent Relationship": "Outer",
          "Parallel Aware": false,
          "Startup Cost": 34232.69,
          "Total Cost": 34233.0,
          "Plan Rows": 3,
          "Plan Width": 8,
          "Actual Startup Time": 92.282,
          "Actual Total Time": 98.41,
          "Actual Rows": 4,
          "Actual Loops": 1,
          "Workers Planned": 3,
          "Workers Launched": 3,
          "Single Copy": false,
          "Plans": [
            {
              "Node Type": "Aggregate",
              "Strategy": "Plain",
              "Partial Mode": "Partial",
              "Parent Relationship": "Outer",
              "Parallel Aware": false,
              "Startup Cost": 33232.69,
              "Total Cost": 33232.7,
              "Plan Rows": 1,
              "Plan Width": 8,
              "Actual Startup Time": 86.946,
              "Actual Total Time": 86.947,
              "Actual Rows": 1,
              "Actual Loops": 4,
              "Plans": [
                {
                  "Node Type": "Bitmap Heap Scan",
                  "Parent Relationship": "Outer",
                  "Parallel Aware": true,
                  "Relation Name": "movie_keyword",
                  "Alias": "mk",
                  "Startup Cost": 7148.1,
                  "Total Cost": 32960.92,
                  "Plan Rows": 108706,
                  "Plan Width": 0,
                  "Actual Startup Time": 21.684,
                  "Actual Total Time": 81.73,
                  "Actual Rows": 83536,
                  "Actual Loops": 4,
                  "Recheck Cond": "(keyword_id < 275)",
                  "Rows Removed by Index Recheck": 0,
                  "Exact Heap Blocks": 9859,
                  "Lossy Heap Blocks": 0,
                  "Plans": [
                    {
                      "Node Type": "Bitmap Index Scan",
                      "Parent Relationship": "Outer",
                      "Parallel Aware": false,
                      "Index Name": "keyword_id_movie_keyword",
                      "Startup Cost": 0.0,
                      "Total Cost": 7063.85,
                      "Plan Rows": 336989,
                      "Plan Width": 0,
                      "Actual Startup Time": 22.376,
                      "Actual Total Time": 22.376,
                      "Actual Rows": 334142,
                      "Actual Loops": 1,
                      "Index Cond": "(keyword_id < 275)"
                    }
                  ]
                }
              ]
            }
          ]
        }
      ]
    },
    "Planning Time": 0.194,
    "Triggers": [],
    "Execution Time": 98.495
  }
]