[
  {
    "Plan": {
      "Node Type": "Aggregate",
      "Strategy": "Plain",
      "Partial Mode": "Finalize",
      "Parallel Aware": false,
      "Startup Cost": 33722.05,
      "Total Cost": 33722.06,
      "Plan Rows": 1,
      "Plan Width": 8,
      "Actual Startup Time": 114.982,
      "Actual Total Time": 123.155,
      "Actual Rows": 1,
      "Actual Loops": 1,
      "Plans": [
        {
          "Node Type": "Gather",
          "Parent Relationship": "Outer",
          "Parallel Aware": false,
          "Startup Cost": 33721.74,
          "Total Cost": 33722.05,
          "Plan Rows": 3,
          "Plan Width": 8,
          "Actual Startup Time": 114.689,
          "Actual Total Time": 123.146,
          "Actual Rows": 4,
          "Actual Loops": 1,
          "Workers Planned": 3,
          "Workers Launched": 3,
          "Single Copy": false,
          "Plans": [
            {
              "Node Type": "Aggregate",
              "Strategy": "Plain",
              "Partial Mode": "Partial",
              "Parent Relationship": "Outer",
              "Parallel Aware": false,
              "Startup Cost": 32721.74,
              "Total Cost": 32721.75,
              "Plan Rows": 1,
              "Plan Width": 8,
              "Actual Startup Time": 106.57,
              "Actual Total Time": 106.572,
              "Actual Rows": 1,
              "Actual Loops": 4,
              "Plans": [
                {
                  "Node Type": "Bitmap Heap Scan",
                  "Parent Relationship": "Outer",
                  "Parallel Aware": true,
                  "Relation Name": "movie_keyword",
                  "Alias": "mk",
                  "Startup Cost": 6732.07,
                  "Total Cost": 32465.79,
                  "Plan Rows": 102378,
                  "Plan Width": 0,
                  "Actual Startup Time": 36.045,
                  "Actual Total Time": 101.657,
                  "Actual Rows": 83536,
                  "Actual Loops": 4,
                  "Recheck Cond": "(keyword_id < 275)",
                  "Rows Removed by Index Recheck": 0,
                  "Exact Heap Blocks": 11662,
                  "Lossy Heap Blocks": 0,
                  "Plans": [
                    {
                      "Node Type": "Bitmap Index Scan",
                      "Parent Relationship": "Outer",
                      "Parallel Aware": false,
                      "Index Name": "keyword_id_movie_keyword",
                      "Startup Cost": 0.0,
                      "Total Cost": 6652.72,
                      "Plan Rows": 317372,
                      "Plan Width": 0,
                      "Actual Startup Time": 39.157,
                      "Actual Total Time": 39.158,
                      "Actual Rows": 334142,
                      "Actual Loops": 1,
                      "Index Cond": "(keyword_id < 275)"
                    }
                  ]
                }
              ]
            }
          ]
        }
      ]
    },
    "Planning Time": 0.17,
    "Triggers": [],
    "Execution Time": 123.226
  }
]