[
  {
    "Plan": {
      "Node Type": "Aggregate",
      "Strategy": "Plain",
      "Partial Mode": "Finalize",
      "Parallel Aware": false,
      "Startup Cost": 327639.87,
      "Total Cost": 327639.88,
      "Plan Rows": 1,
      "Plan Width": 8,
      "Actual Startup Time": 272.785,
      "Actual Total Time": 286.737,
      "Actual Rows": 1,
      "Actual Loops": 1,
      "Plans": [
        {
          "Node Type": "Gather",
          "Parent Relationship": "Outer",
          "Parallel Aware": false,
          "Startup Cost": 327639.45,
          "Total Cost": 327639.86,
          "Plan Rows": 4,
          "Plan Width": 8,
          "Actual Startup Time": 270.155,
          "Actual Total Time": 286.727,
          "Actual Rows": 5,
          "Actual Loops": 1,
          "Workers Planned": 4,
          "Workers Launched": 4,
          "Single Copy": false,
          "Plans": [
            {
              "Node Type": "Aggregate",
              "Strategy": "Plain",
              "Partial Mode": "Partial",
              "Parent Relationship": "Outer",
              "Parallel Aware": false,
              "Startup Cost": 326639.45,
              "Total Cost": 326639.46,
              "Plan Rows": 1,
              "Plan Width": 8,
              "Actual Startup Time": 260.482,
              "Actual Total Time": 260.485,
              "Actual Rows": 1,
              "Actual Loops": 5,
              "Plans": [
                {
                  "Node Type": "Hash Join",
                  "Parent Relationship": "Outer",
                  "Parallel Aware": true,
                  "Join Type": "Inner",
                  "Startup Cost": 277908.79,
                  "Total Cost": 326439.58,
                  "Plan Rows": 79949,
                  "Plan Width": 0,
                  "Actual Startup Time": 116.653,
                  "Actual Total Time": 258.397,
                  "Actual Rows": 40511,
                  "Actual Loops": 5,
                  "Inner Unique": false,
                  "Hash Cond": "(t.id = ci.movie_id)",
                  "Plans": [
                    {
                      "Node Type": "Seq Scan",
                      "Parent Relationship": "Outer",
                      "Parallel Aware": true,
                      "Relation Name": "title",
                      "Alias": "t",
                      "Startup Cost": 0.0,
                      "Total Cost": 43898.92,
                      "Plan Rows": 449863,
                      "Plan Width": 4,
                      "Actual Startup Time": 0.013,
                      "Actual Total Time": 78.558,
                      "Actual Rows": 358677,
                      "Actual Loops": 5,
                      "Filter": "(production_year > 1988)",
                      "Rows Removed by Filter": 146986
                    },
                    {
                      "Node Type": "Hash",
                      "Parent Relationship": "Inner",
                      "Parallel Aware": true,
                      "Startup Cost": 276972.69,
                      "Total Cost": 276972.69,
                      "Plan Rows": 74888,
                      "Plan Width": 4,
                      "Actual Startup Time": 113.906,
                      "Actual Total Time": 113.907,
                      "Actual Rows": 53454,
                      "Actual Loops": 5,
                      "Hash Buckets": 524288,
                      "Original Hash Buckets": 524288,
                      "Hash Batches": 1,
                      "Original Hash Batches": 1,
                      "Peak Memory Usage": 14656,
                      "Plans": [
                        {
                          "Node Type": "Bitmap Heap Scan",
                          "Parent Relationship": "Outer",
                          "Parallel Aware": true,
                          "Relation Name": "cast_info",
                          "Alias": "ci",
                          "Startup Cost": 21802.49,
                          "Total Cost": 276972.69,
                          "Plan Rows": 74888,
                          "Plan Width": 4,
                          "Actual Startup Time": 79.439,
                          "Actual Total Time": 95.409,
                          "Actual Rows": 53454,
                          "Actual Loops": 5,
                          "Recheck Cond": "(person_id < 101380)",
                          "Rows Removed by Index Recheck": 0,
                          "Filter": "(role_id > 2)",
                          "Rows Removed by Filter": 145077,
                          "Exact Heap Blocks": 4143,
                          "Lossy Heap Blocks": 0,
                          "Plans": [
                            {
                              "Node Type": "Bitmap Index Scan",
                              "Parent Relationship": "Outer",
                              "Parallel Aware": false,
                              "Index Name": "person_id_cast_info",
                              "Startup Cost": 0.0,
                              "Total Cost": 21690.16,
                              "Plan Rows": 993279,
                              "Plan Width": 0,
                              "Actual Startup Time": 41.735,
                              "Actual Total Time": 41.735,
                              "Actual Rows": 992655,
                              "Actual Loops": 1,
                              "Index Cond": "(person_id < 101380)"
                            }
                          ]
                        }
                      ]
                    }
                  ]
                }
              ]
            }
          ]
        }
      ]
    },
    "Planning Time": 0.638,
    "Triggers": [],
    "Execution Time": 286.828
  }
]