[
  {
    "Plan": {
      "Node Type": "Aggregate",
      "Strategy": "Plain",
      "Partial Mode": "Finalize",
      "Parallel Aware": false,
      "Startup Cost": 217714.08,
      "Total Cost": 217714.09,
      "Plan Rows": 1,
      "Plan Width": 8,
      "Actual Startup Time": 165.971,
      "Actual Total Time": 193.563,
      "Actual Rows": 1,
      "Actual Loops": 1,
      "Plans": [
        {
          "Node Type": "Gather",
          "Parent Relationship": "Outer",
          "Parallel Aware": false,
          "Startup Cost": 217713.66,
          "Total Cost": 217714.07,
          "Plan Rows": 4,
          "Plan Width": 8,
          "Actual Startup Time": 165.687,
          "Actual Total Time": 193.555,
          "Actual Rows": 5,
          "Actual Loops": 1,
          "Workers Planned": 4,
          "Workers Launched": 4,
          "Single Copy": false,
          "Plans": [
            {
              "Node Type": "Aggregate",
              "Strategy": "Plain",
              "Partial Mode": "Partial",
              "Parent Relationship": "Outer",
              "Parallel Aware": false,
              "Startup Cost": 216713.66,
              "Total Cost": 216713.67,
              "Plan Rows": 1,
              "Plan Width": 8,
              "Actual Startup Time": 161.025,
              "Actual Total Time": 161.027,
              "Actual Rows": 1,
              "Actual Loops": 5,
              "Plans": [
                {
                  "Node Type": "Nested Loop",
                  "Parent Relationship": "Outer",
                  "Parallel Aware": false,
                  "Join Type": "Inner",
                  "Startup Cost": 0.43,
                  "Total Cost": 216705.63,
                  "Plan Rows": 3211,
                  "Plan Width": 0,
                  "Actual Startup Time": 52.369,
                  "Actual Total Time": 160.054,
                  "Actual Rows": 14000,
                  "Actual Loops": 5,
                  "Inner Unique": false,
                  "Plans": [
                    {
                      "Node Type": "Seq Scan",
                      "Parent Relationship": "Outer",
                      "Parallel Aware": true,
                      "Relation Name": "title",
                      "Alias": "t",
                      "Startup Cost": 0.0,
                      "Total Cost": 45479.59,
                      "Plan Rows": 2201,
                      "Plan Width": 4,
                      "Actual Startup Time": 52.201,
                      "Actual Total Time": 76.07,
                      "Actual Rows": 4901,
                      "Actual Loops": 5,
                      "Filter": "((kind_id < 7) AND (production_year < 1910))",
                      "Rows Removed by Filter": 500761
                    },
                    {
                      "Node Type": "Index Scan",
                      "Parent Relationship": "Inner",
                      "Parallel Aware": false,
                      "Scan Direction": "Forward",
                      "Index Name": "movie_id_movie_info",
                      "Relation Name": "movie_info",
                      "Alias": "mi",
                      "Startup Cost": 0.43,
                      "Total Cost": 77.69,
                      "Plan Rows": 10,
                      "Plan Width": 4,
                      "Actual Startup Time": 0.013,
                      "Actual Total Time": 0.017,
                      "Actual Rows": 3,
                      "Actual Loops": 24507,
                      "Index Cond": "(movie_id = t.id)",
                      "Rows Removed by Index Recheck": 0,
                      "Filter": "(info_type_id < 4)",
                      "Rows Removed by Filter": 7
                    }
                  ]
                }
              ]
            }
          ]
        }
      ]
    },
    "Planning Time": 0.66,
    "Triggers": [],
    "Execution Time": 193.637
  }
]