[
  {
    "Plan": {
      "Node Type": "Aggregate",
      "Strategy": "Plain",
      "Partial Mode": "Finalize",
      "Parallel Aware": false,
      "Startup Cost": 25326.03,
      "Total Cost": 25326.04,
      "Plan Rows": 1,
      "Plan Width": 8,
      "Actual Startup Time": 74.623,
      "Actual Total Time": 81.144,
      "Actual Rows": 1,
      "Actual Loops": 1,
      "Plans": [
        {
          "Node Type": "Gather",
          "Parent Relationship": "Outer",
          "Parallel Aware": false,
          "Startup Cost": 25325.71,
          "Total Cost": 25326.02,
          "Plan Rows": 3,
          "Plan Width": 8,
          "Actual Startup Time": 74.247,
          "Actual Total Time": 81.136,
          "Actual Rows": 4,
          "Actual Loops": 1,
          "Workers Planned": 3,
          "Workers Launched": 3,
          "Single Copy": false,
          "Plans": [
            {
              "Node Type": "Aggregate",
              "Strategy": "Plain",
              "Partial Mode": "Partial",
              "Parent Relationship": "Outer",
              "Parallel Aware": false,
              "Startup Cost": 24325.71,
              "Total Cost": 24325.72,
              "Plan Rows": 1,
              "Plan Width": 8,
              "Actual Startup Time": 65.205,
              "Actual Total Time": 65.207,
              "Actual Rows": 1,
              "Actual Loops": 4,
              "Plans": [
                {
                  "Node Type": "Bitmap Heap Scan",
                  "Parent Relationship": "Outer",
                  "Parallel Aware": true,
                  "Relation Name": "movie_companies",
                  "Alias": "mc",
                  "Startup Cost": 4451.47,
                  "Total Cost": 24240.61,
                  "Plan Rows": 34042,
                  "Plan Width": 0,
                  "Actual Startup Time": 54.719,
                  "Actual Total Time": 64.507,
                  "Actual Rows": 10282,
                  "Actual Loops": 4,
                  "Recheck Cond": "(company_id < 64)",
                  "Rows Removed by Index Recheck": 0,
                  "Filter": "(company_type_id = 2)",
                  "Rows Removed by Filter": 40110,
                  "Exact Heap Blocks": 10520,
                  "Lossy Heap Blocks": 0,
                  "Plans": [
                    {
                      "Node Type": "Bitmap Index Scan",
                      "Parent Relationship": "Outer",
                      "Parallel Aware": false,
                      "Index Name": "company_id_movie_companies",
                      "Startup Cost": 0.0,
                      "Total Cost": 4425.09,
                      "Plan Rows": 206488,
                      "Plan Width": 0,
                      "Actual Startup Time": 29.052,
                      "Actual Total Time": 29.053,
                      "Actual Rows": 201569,
                      "Actual Loops": 1,
                      "Index Cond": "(company_id < 64)"
                    }
                  ]
                }
              ]
            }
          ]
        }
      ]
    },
    "Planning Time": 0.24,
    "Triggers": [],
    "Execution Time": 81.224
  }
]