[
  {
    "Plan": {
      "Node Type": "Aggregate",
      "Strategy": "Plain",
      "Partial Mode": "Finalize",
      "Parallel Aware": false,
      "Startup Cost": 82947.23,
      "Total Cost": 82947.24,
      "Plan Rows": 1,
      "Plan Width": 8,
      "Actual Startup Time": 452.88,
      "Actual Total Time": 467.119,
      "Actual Rows": 1,
      "Actual Loops": 1,
      "Plans": [
        {
          "Node Type": "Gather",
          "Parent Relationship": "Outer",
          "Parallel Aware": false,
          "Startup Cost": 82946.81,
          "Total Cost": 82947.22,
          "Plan Rows": 4,
          "Plan Width": 8,
          "Actual Startup Time": 446.213,
          "Actual Total Time": 467.11,
          "Actual Rows": 5,
          "Actual Loops": 1,
          "Workers Planned": 4,
          "Workers Launched": 4,
          "Single Copy": false,
          "Plans": [
            {
              "Node Type": "Aggregate",
              "Strategy": "Plain",
              "Partial Mode": "Partial",
              "Parent Relationship": "Outer",
              "Parallel Aware": false,
              "Startup Cost": 81946.81,
              "Total Cost": 81946.82,
              "Plan Rows": 1,
              "Plan Width": 8,
              "Actual Startup Time": 435.306,
              "Actual Total Time": 435.309,
              "Actual Rows": 1,
              "Actual Loops": 5,
              "Plans": [
                {
                  "Node Type": "Hash Join",
                  "Parent Relationship": "Outer",
                  "Parallel Aware": true,
                  "Join Type": "Inner",
                  "Startup Cost": 35143.89,
                  "Total Cost": 81368.8,
                  "Plan Rows": 231202,
                  "Plan Width": 0,
                  "Actual Startup Time": 185.524,
                  "Actual Total Time": 425.015,
                  "Actual Rows": 220954,
                  "Actual Loops": 5,
                  "Inner Unique": false,
                  "Hash Cond": "(t.id = mc.movie_id)",
                  "Plans": [
                    {
                      "Node Type": "Seq Scan",
                      "Parent Relationship": "Outer",
                      "Parallel Aware": true,
                      "Relation Name": "title",
                      "Alias": "t",
                      "Startup Cost": 0.0,
                      "Total Cost": 42318.73,
                      "Plan Rows": 632073,
                      "Plan Width": 4,
                      "Actual Startup Time": 0.011,
                      "Actual Total Time": 66.455,
                      "Actual Rows": 505662,
                      "Actual Loops": 5
                    },
                    {
                      "Node Type": "Hash",
                      "Parent Relationship": "Inner",
                      "Parallel Aware": true,
                      "Startup Cost": 31414.82,
                      "Total Cost": 31414.82,
                      "Plan Rows": 298326,
                      "Plan Width": 4,
                      "Actual Startup Time": 181.157,
                      "Actual Total Time": 181.158,
                      "Actual Rows": 220954,
                      "Actual Loops": 5,
                      "Hash Buckets": 2097152,
                      "Original Hash Buckets": 1048576,
                      "Hash Batches": 1,
                      "Original Hash Batches": 1,
                      "Peak Memory Usage": 67872,
                      "Plans": [
                        {
                          "Node Type": "Seq Scan",
                          "Parent Relationship": "Outer",
                          "Parallel Aware": true,
                          "Relation Name": "movie_companies",
                          "Alias": "mc",
                          "Startup Cost": 0.0,
                          "Total Cost": 31414.82,
                          "Plan Rows": 298326,
                          "Plan Width": 4,
                          "Actual Startup Time": 46.743,
                          "Actual Total Time": 82.98,
                          "Actual Rows": 220954,
                          "Actual Loops": 5,
                          "Filter": "((company_id > 1677) AND (company_type_id > 1))",
                          "Rows Removed by Filter": 300872
                        }
                      ]
                    }
                  ]
                }
              ]
            }
          ]
        }
      ]
    },
    "Planning Time": 0.629,
    "Triggers": [],
    "Execution Time": 467.189
  }
]