[
  {
    "Plan": {
      "Node Type": "Aggregate",
      "Strategy": "Plain",
      "Partial Mode": "Finalize",
      "Parallel Aware": false,
      "Startup Cost": 332457.36,
      "Total Cost": 332457.37,
      "Plan Rows": 1,
      "Plan Width": 8,
      "Actual Startup Time": 677.786,
      "Actual Total Time": 738.704,
      "Actual Rows": 1,
      "Actual Loops": 1,
      "Plans": [
        {
          "Node Type": "Gather",
          "Parent Relationship": "Outer",
          "Parallel Aware": false,
          "Startup Cost": 332456.74,
          "Total Cost": 332457.35,
          "Plan Rows": 6,
          "Plan Width": 8,
          "Actual Startup Time": 677.665,
          "Actual Total Time": 738.695,
          "Actual Rows": 7,
          "Actual Loops": 1,
          "Workers Planned": 6,
          "Workers Launched": 6,
          "Single Copy": false,
          "Plans": [
            {
              "Node Type": "Aggregate",
              "Strategy": "Plain",
              "Partial Mode": "Partial",
              "Parent Relationship": "Outer",
              "Parallel Aware": false,
              "Startup Cost": 331456.74,
              "Total Cost": 331456.75,
              "Plan Rows": 1,
              "Plan Width": 8,
              "Actual Startup Time": 667.322,
              "Actual Total Time": 667.323,
              "Actual Rows": 1,
              "Actual Loops": 7,
              "Plans": [
                {
                  "Node Type": "Seq Scan",
                  "Parent Relationship": "Outer",
                  "Parallel Aware": true,
                  "Relation Name": "cast_info",
                  "Alias": "ci",
                  "Startup Cost": 0.0,
                  "Total Cost": 328162.03,
                  "Plan Rows": 1317884,
                  "Plan Width": 0,
                  "Actual Startup Time": 356.021,
                  "Actual Total Time": 611.714,
                  "Actual Rows": 1119338,
                  "Actual Loops": 7,
                  "Filter": "(person_id > 2894396)",
                  "Rows Removed by Filter": 4058425
                }
              ]
            }
          ]
        }
      ]
    },
    "Planning Time": 0.102,
    "Triggers": [],
    "Execution Time": 738.751
  }
]