{
    "Plan": {
        "Node Type": "Aggregate",
        "Strategy": "Plain",
        "Partial Mode": "Finalize",
        "Parallel Aware": false,
        "Startup Cost": 432909.92,
        "Total Cost": 432909.93,
        "Plan Rows": 1,
        "Plan Width": 8,
        "Actual Startup Time": 1076.486,
        "Actual Total Time": 1129.579,
        "Actual Rows": 1,
        "Actual Loops": 1,
        "Output": [
            "count(*)"
        ],
        "Plans": [
            {
                "Node Type": "Gather",
                "Parent Relationship": "Outer",
                "Parallel Aware": false,
                "Startup Cost": 432909.29,
                "Total Cost": 432909.9,
                "Plan Rows": 6,
                "Plan Width": 8,
                "Actual Startup Time": 1071.88,
                "Actual Total Time": 1129.565,
                "Actual Rows": 7,
                "Actual Loops": 1,
                "Output": [
                    "(PARTIAL count(*))"
                ],
                "Workers Planned": 6,
                "Workers Launched": 6,
                "Single Copy": false,
                "Plans": [
                    {
                        "Node Type": "Aggregate",
                        "Strategy": "Plain",
                        "Partial Mode": "Partial",
                        "Parent Relationship": "Outer",
                        "Parallel Aware": false,
                        "Startup Cost": 431909.29,
                        "Total Cost": 431909.3,
                        "Plan Rows": 1,
                        "Plan Width": 8,
                        "Actual Startup Time": 1060.453,
                        "Actual Total Time": 1060.5,
                        "Actual Rows": 1,
                        "Actual Loops": 7,
                        "Output": [
                            "PARTIAL count(*)"
                        ],
                        "Workers": [
                            {
                                "Worker Number": 0,
                                "Actual Startup Time": 1058.1,
                                "Actual Total Time": 1058.105,
                                "Actual Rows": 1,
                                "Actual Loops": 1
                            },
                            {
                                "Worker Number": 1,
                                "Actual Startup Time": 1060.044,
                                "Actual Total Time": 1060.049,
                                "Actual Rows": 1,
                                "Actual Loops": 1
                            },
                            {
                                "Worker Number": 2,
                                "Actual Startup Time": 1058.395,
                                "Actual Total Time": 1058.401,
                                "Actual Rows": 1,
                                "Actual Loops": 1
                            },
                            {
                                "Worker Number": 3,
                                "Actual Startup Time": 1058.524,
                                "Actual Total Time": 1058.531,
                                "Actual Rows": 1,
                                "Actual Loops": 1
                            },
                            {
                                "Worker Number": 4,
                                "Actual Startup Time": 1058.56,
                                "Actual Total Time": 1058.565,
                                "Actual Rows": 1,
                                "Actual Loops": 1
                            },
                            {
                                "Worker Number": 5,
                                "Actual Startup Time": 1058.799,
                                "Actual Total Time": 1058.805,
                                "Actual Rows": 1,
                                "Actual Loops": 1
                            }
                        ],
                        "Plans": [
                            {
                                "Node Type": "Hash Join",
                                "Parent Relationship": "Outer",
                                "Parallel Aware": true,
                                "Join Type": "Inner",
                                "Startup Cost": 92371.83,
                                "Total Cost": 430448.04,
                                "Plan Rows": 584500,
                                "Plan Width": 0,
                                "Actual Startup Time": 236.341,
                                "Actual Total Time": 1050.4,
                                "Actual Rows": 230472,
                                "Actual Loops": 7,
                                "Inner Unique": false,
                                "Hash Cond": "(ci.movie_id = t.id)",
                                "Workers": [
                                    {
                                        "Worker Number": 0,
                                        "Actual Startup Time": 233.671,
                                        "Actual Total Time": 1048.634,
                                        "Actual Rows": 228633,
                                        "Actual Loops": 1
                                    },
                                    {
                                        "Worker Number": 1,
                                        "Actual Startup Time": 235.897,
                                        "Actual Total Time": 1050.069,
                                        "Actual Rows": 243960,
                                        "Actual Loops": 1
                                    },
                                    {
                                        "Worker Number": 2,
                                        "Actual Startup Time": 234.33,
                                        "Actual Total Time": 1047.755,
                                        "Actual Rows": 158672,
                                        "Actual Loops": 1
                                    },
                                    {
                                        "Worker Number": 3,
                                        "Actual Startup Time": 234.39,
                                        "Actual Total Time": 1048.977,
                                        "Actual Rows": 227523,
                                        "Actual Loops": 1
                                    },
                                    {
                                        "Worker Number": 4,
                                        "Actual Startup Time": 234.558,
                                        "Actual Total Time": 1049.028,
                                        "Actual Rows": 232408,
                                        "Actual Loops": 1
                                    },
                                    {
                                        "Worker Number": 5,
                                        "Actual Startup Time": 234.746,
                                        "Actual Total Time": 1048.913,
                                        "Actual Rows": 235843,
                                        "Actual Loops": 1
                                    }
                                ],
                                "Plans": [
                                    {
                                        "Node Type": "Seq Scan",
                                        "Parent Relationship": "Outer",
                                        "Parallel Aware": true,
                                        "Relation Name": "cast_info",
                                        "Schema": "public",
                                        "Alias": "ci",
                                        "Startup Cost": 0.0,
                                        "Total Cost": 328213.62,
                                        "Plan Rows": 2127232,
                                        "Plan Width": 4,
                                        "Actual Startup Time": 0.029,
                                        "Actual Total Time": 596.194,
                                        "Actual Rows": 1810098,
                                        "Actual Loops": 7,
                                        "Output": [
                                            "ci.id",
                                            "ci.person_id",
                                            "ci.movie_id",
                                            "ci.person_role_id",
                                            "ci.note",
                                            "ci.nr_order",
                                            "ci.role_id"
                                        ],
                                        "Filter": "(ci.role_id = 1)",
                                        "Rows Removed by Filter": 3367665,
                                        "Workers": [
                                            {
                                                "Worker Number": 0,
                                                "Actual Startup Time": 0.044,
                                                "Actual Total Time": 594.966,
                                                "Actual Rows": 1840437,
                                                "Actual Loops": 1
                                            },
                                            {
                                                "Worker Number": 1,
                                                "Actual Startup Time": 0.024,
                                                "Actual Total Time": 596.47,
                                                "Actual Rows": 1882267,
                                                "Actual Loops": 1
                                            },
                                            {
                                                "Worker Number": 2,
                                                "Actual Startup Time": 0.032,
                                                "Actual Total Time": 598.9,
                                                "Actual Rows": 1256020,
                                                "Actual Loops": 1
                                            },
                                            {
                                                "Worker Number": 3,
                                                "Actual Startup Time": 0.025,
                                                "Actual Total Time": 600.798,
                                                "Actual Rows": 1819312,
                                                "Actual Loops": 1
                                            },
                                            {
                                                "Worker Number": 4,
                                                "Actual Startup Time": 0.031,
                                                "Actual Total Time": 596.824,
                                                "Actual Rows": 1888913,
                                                "Actual Loops": 1
                                            },
                                            {
                                                "Worker Number": 5,
                                                "Actual Startup Time": 0.033,
                                                "Actual Total Time": 599.993,
                                                "Actual Rows": 1806725,
                                                "Actual Loops": 1
                                            }
                                        ]
                                    },
                                    {
                                        "Node Type": "Hash",
                                        "Parent Relationship": "Inner",
                                        "Parallel Aware": true,
                                        "Startup Cost": 89570.59,
                                        "Total Cost": 89570.59,
                                        "Plan Rows": 224099,
                                        "Plan Width": 8,
                                        "Actual Startup Time": 232.87,
                                        "Actual Total Time": 232.914,
                                        "Actual Rows": 26391,
                                        "Actual Loops": 7,
                                        "Output": [
                                            "t.id",
                                            "mk.movie_id"
                                        ],
                                        "Hash Buckets": 1048576,
                                        "Original Hash Buckets": 1048576,
                                        "Hash Batches": 1,
                                        "Original Hash Batches": 1,
                                        "Peak Memory Usage": 15520,
                                        "Workers": [
                                            {
                                                "Worker Number": 0,
                                                "Actual Startup Time": 232.98,
                                                "Actual Total Time": 232.983,
                                                "Actual Rows": 27667,
                                                "Actual Loops": 1
                                            },
                                            {
                                                "Worker Number": 1,
                                                "Actual Startup Time": 235.583,
                                                "Actual Total Time": 235.587,
                                                "Actual Rows": 27473,
                                                "Actual Loops": 1
                                            },
                                            {
                                                "Worker Number": 2,
                                                "Actual Startup Time": 233.461,
                                                "Actual Total Time": 233.465,
                                                "Actual Rows": 19491,
                                                "Actual Loops": 1
                                            },
                                            {
                                                "Worker Number": 3,
                                                "Actual Startup Time": 233.648,
                                                "Actual Total Time": 233.653,
                                                "Actual Rows": 25511,
                                                "Actual Loops": 1
                                            },
                                            {
                                                "Worker Number": 4,
                                                "Actual Startup Time": 233.688,
                                                "Actual Total Time": 233.692,
                                                "Actual Rows": 27064,
                                                "Actual Loops": 1
                                            },
                                            {
                                                "Worker Number": 5,
                                                "Actual Startup Time": 234.022,
                                                "Actual Total Time": 234.026,
                                                "Actual Rows": 24878,
                                                "Actual Loops": 1
                                            }
                                        ],
                                        "Plans": [
                                            {
                                                "Node Type": "Hash Join",
                                                "Parent Relationship": "Outer",
                                                "Parallel Aware": true,
                                                "Join Type": "Inner",
                                                "Startup Cost": 46692.51,
                                                "Total Cost": 89570.59,
                                                "Plan Rows": 224099,
                                                "Plan Width": 8,
                                                "Actual Startup Time": 93.447,
                                                "Actual Total Time": 218.725,
                                                "Actual Rows": 26391,
                                                "Actual Loops": 7,
                                                "Output": [
                                                    "t.id",
                                                    "mk.movie_id"
                                                ],
                                                "Inner Unique": true,
                                                "Hash Cond": "(mk.movie_id = t.id)",
                                                "Workers": [
                                                    {
                                                        "Worker Number": 0,
                                                        "Actual Startup Time": 93.383,
                                                        "Actual Total Time": 218.712,
                                                        "Actual Rows": 27667,
                                                        "Actual Loops": 1
                                                    },
                                                    {
                                                        "Worker Number": 1,
                                                        "Actual Startup Time": 93.41,
                                                        "Actual Total Time": 218.928,
                                                        "Actual Rows": 27473,
                                                        "Actual Loops": 1
                                                    },
                                                    {
                                                        "Worker Number": 2,
                                                        "Actual Startup Time": 93.543,
                                                        "Actual Total Time": 218.587,
                                                        "Actual Rows": 19491,
                                                        "Actual Loops": 1
                                                    },
                                                    {
                                                        "Worker Number": 3,
                                                        "Actual Startup Time": 93.436,
                                                        "Actual Total Time": 217.924,
                                                        "Actual Rows": 25511,
                                                        "Actual Loops": 1
                                                    },
                                                    {
                                                        "Worker Number": 4,
                                                        "Actual Startup Time": 93.389,
                                                        "Actual Total Time": 218.826,
                                                        "Actual Rows": 27064,
                                                        "Actual Loops": 1
                                                    },
                                                    {
                                                        "Worker Number": 5,
                                                        "Actual Startup Time": 93.452,
                                                        "Actual Total Time": 218.986,
                                                        "Actual Rows": 24878,
                                                        "Actual Loops": 1
                                                    }
                                                ],
                                                "Plans": [
                                                    {
                                                        "Node Type": "Seq Scan",
                                                        "Parent Relationship": "Outer",
                                                        "Parallel Aware": true,
                                                        "Relation Name": "movie_keyword",
                                                        "Schema": "public",
                                                        "Alias": "mk",
                                                        "Startup Cost": 0.0,
                                                        "Total Cost": 39047.32,
                                                        "Plan Rows": 1459332,
                                                        "Plan Width": 4,
                                                        "Actual Startup Time": 0.021,
                                                        "Actual Total Time": 65.665,
                                                        "Actual Rows": 646276,
                                                        "Actual Loops": 7,
                                                        "Output": [
                                                            "mk.id",
                                                            "mk.movie_id",
                                                            "mk.keyword_id"
                                                        ],
                                                        "Workers": [
                                                            {
                                                                "Worker Number": 0,
                                                                "Actual Startup Time": 0.022,
                                                                "Actual Total Time": 66.91,
                                                                "Actual Rows": 658600,
                                                                "Actual Loops": 1
                                                            },
                                                            {
                                                                "Worker Number": 1,
                                                                "Actual Startup Time": 0.011,
                                                                "Actual Total Time": 67.584,
                                                                "Actual Rows": 670440,
                                                                "Actual Loops": 1
                                                            },
                                                            {
                                                                "Worker Number": 2,
                                                                "Actual Startup Time": 0.024,
                                                                "Actual Total Time": 66.291,
                                                                "Actual Rows": 440300,
                                                                "Actual Loops": 1
                                                            },
                                                            {
                                                                "Worker Number": 3,
                                                                "Actual Startup Time": 0.033,
                                                                "Actual Total Time": 67.345,
                                                                "Actual Rows": 640285,
                                                                "Actual Loops": 1
                                                            },
                                                            {
                                                                "Worker Number": 4,
                                                                "Actual Startup Time": 0.02,
                                                                "Actual Total Time": 67.231,
                                                                "Actual Rows": 670810,
                                                                "Actual Loops": 1
                                                            },
                                                            {
                                                                "Worker Number": 5,
                                                                "Actual Startup Time": 0.022,
                                                                "Actual Total Time": 68.067,
                                                                "Actual Rows": 646020,
                                                                "Actual Loops": 1
                                                            }
                                                        ]
                                                    },
                                                    {
                                                        "Node Type": "Hash",
                                                        "Parent Relationship": "Inner",
                                                        "Parallel Aware": true,
                                                        "Startup Cost": 45479.21,
                                                        "Total Cost": 45479.21,
                                                        "Plan Rows": 97064,
                                                        "Plan Width": 4,
                                                        "Actual Startup Time": 92.404,
                                                        "Actual Total Time": 92.405,
                                                        "Actual Rows": 35647,
                                                        "Actual Loops": 7,
                                                        "Output": [
                                                            "t.id"
                                                        ],
                                                        "Hash Buckets": 524288,
                                                        "Original Hash Buckets": 524288,
                                                        "Hash Batches": 1,
                                                        "Original Hash Batches": 1,
                                                        "Peak Memory Usage": 13952,
                                                        "Workers": [
                                                            {
                                                                "Worker Number": 0,
                                                                "Actual Startup Time": 93.019,
                                                                "Actual Total Time": 93.02,
                                                                "Actual Rows": 30396,
                                                                "Actual Loops": 1
                                                            },
                                                            {
                                                                "Worker Number": 1,
                                                                "Actual Startup Time": 93.3,
                                                                "Actual Total Time": 93.302,
                                                                "Actual Rows": 46097,
                                                                "Actual Loops": 1
                                                            },
                                                            {
                                                                "Worker Number": 2,
                                                                "Actual Startup Time": 93.071,
                                                                "Actual Total Time": 93.072,
                                                                "Actual Rows": 25234,
                                                                "Actual Loops": 1
                                                            },
                                                            {
                                                                "Worker Number": 3,
                                                                "Actual Startup Time": 93.011,
                                                                "Actual Total Time": 93.012,
                                                                "Actual Rows": 29148,
                                                                "Actual Loops": 1
                                                            },
                                                            {
                                                                "Worker Number": 4,
                                                                "Actual Startup Time": 93.24,
                                                                "Actual Total Time": 93.241,
                                                                "Actual Rows": 32494,
                                                                "Actual Loops": 1
                                                            },
                                                            {
                                                                "Worker Number": 5,
                                                                "Actual Startup Time": 93.08,
                                                                "Actual Total Time": 93.082,
                                                                "Actual Rows": 28937,
                                                                "Actual Loops": 1
                                                            }
                                                        ],
                                                        "Plans": [
                                                            {
                                                                "Node Type": "Seq Scan",
                                                                "Parent Relationship": "Outer",
                                                                "Parallel Aware": true,
                                                                "Relation Name": "title",
                                                                "Schema": "public",
                                                                "Alias": "t",
                                                                "Startup Cost": 0.0,
                                                                "Total Cost": 45479.21,
                                                                "Plan Rows": 97064,
                                                                "Plan Width": 4,
                                                                "Actual Startup Time": 0.075,
                                                                "Actual Total Time": 71.149,
                                                                "Actual Rows": 35647,
                                                                "Actual Loops": 7,
                                                                "Output": [
                                                                    "t.id"
                                                                ],
                                                                "Filter": "((t.kind_id > 1) AND (t.production_year < 1981))",
                                                                "Rows Removed by Filter": 325540,
                                                                "Workers": [
                                                                    {
                                                                        "Worker Number": 0,
                                                                        "Actual Startup Time": 0.122,
                                                                        "Actual Total Time": 71.425,
                                                                        "Actual Rows": 30396,
                                                                        "Actual Loops": 1
                                                                    },
                                                                    {
                                                                        "Worker Number": 1,
                                                                        "Actual Startup Time": 0.032,
                                                                        "Actual Total Time": 71.82,
                                                                        "Actual Rows": 46097,
                                                                        "Actual Loops": 1
                                                                    },
                                                                    {
                                                                        "Worker Number": 2,
                                                                        "Actual Startup Time": 0.075,
                                                                        "Actual Total Time": 71.608,
                                                                        "Actual Rows": 25234,
                                                                        "Actual Loops": 1
                                                                    },
                                                                    {
                                                                        "Worker Number": 3,
                                                                        "Actual Startup Time": 0.117,
                                                                        "Actual Total Time": 71.581,
                                                                        "Actual Rows": 29148,
                                                                        "Actual Loops": 1
                                                                    },
                                                                    {
                                                                        "Worker Number": 4,
                                                                        "Actual Startup Time": 0.078,
                                                                        "Actual Total Time": 72.441,
                                                                        "Actual Rows": 32494,
                                                                        "Actual Loops": 1
                                                                    },
                                                                    {
                                                                        "Worker Number": 5,
                                                                        "Actual Startup Time": 0.078,
                                                                        "Actual Total Time": 72.336,
                                                                        "Actual Rows": 28937,
                                                                        "Actual Loops": 1
                                                                    }
                                                                ]
                                                            }
                                                        ]
                                                    }
                                                ]
                                            }
                                        ]
                                    }
                                ]
                            }
                        ]
                    }
                ]
            }
        ]
    },
    "Planning Time": 1.696,
    "Triggers": [],
    "Execution Time": 1129.69
}