{
  "Plan": {
    "Node Type": "Aggregate",
    "Strategy": "Plain",
    "Partial Mode": "Finalize",
    "Parallel Aware": false,
    "Startup Cost": 304792.56,
    "Total Cost": 304792.57,
    "Plan Rows": 1,
    "Plan Width": 8,
    "Actual Startup Time": 762.74,
    "Actual Total Time": 786.626,
    "Actual Rows": 1,
    "Actual Loops": 1,
    "Plans": [
      {
        "Node Type": "Gather",
        "Parent Relationship": "Outer",
        "Parallel Aware": false,
        "Startup Cost": 304792.45,
        "Total Cost": 304792.56,
        "Plan Rows": 1,
        "Plan Width": 8,
        "Actual Startup Time": 760.312,
        "Actual Total Time": 786.619,
        "Actual Rows": 2,
        "Actual Loops": 1,
        "Workers Planned": 1,
        "Workers Launched": 1,
        "Single Copy": false,
        "Plans": [
          {
            "Node Type": "Aggregate",
            "Strategy": "Plain",
            "Partial Mode": "Partial",
            "Parent Relationship": "Outer",
            "Parallel Aware": false,
            "Startup Cost": 303792.45,
            "Total Cost": 303792.46,
            "Plan Rows": 1,
            "Plan Width": 8,
            "Actual Startup Time": 753.693,
            "Actual Total Time": 753.699,
            "Actual Rows": 1,
            "Actual Loops": 2,
            "Plans": [
              {
                "Node Type": "Hash Join",
                "Parent Relationship": "Outer",
                "Parallel Aware": true,
                "Join Type": "Inner",
                "Startup Cost": 129418.52,
                "Total Cost": 303644.4,
                "Plan Rows": 59219,
                "Plan Width": 0,
                "Actual Startup Time": 524.964,
                "Actual Total Time": 731.718,
                "Actual Rows": 554256,
                "Actual Loops": 2,
                "Inner Unique": false,
                "Hash Cond": "(mi.movie_id = t.id)",
                "Plans": [
                  {
                    "Node Type": "Bitmap Heap Scan",
                    "Parent Relationship": "Outer",
                    "Parallel Aware": true,
                    "Relation Name": "movie_info",
                    "Alias": "mi",
                    "Startup Cost": 22524.06,
                    "Total Cost": 193659.01,
                    "Plan Rows": 731356,
                    "Plan Width": 4,
                    "Actual Startup Time": 43.178,
                    "Actual Total Time": 137.134,
                    "Actual Rows": 602354,
                    "Actual Loops": 2,
                    "Recheck Cond": "(info_type_id > 18)",
                    "Rows Removed by Index Recheck": 0,
                    "Exact Heap Blocks": 20314,
                    "Lossy Heap Blocks": 0,
                    "Plans": [
                      {
                        "Node Type": "Bitmap Index Scan",
                        "Parent Relationship": "Outer",
                        "Parallel Aware": false,
                        "Index Name": "info_type_id_movie_info",
                        "Startup Cost": 0.0,
                        "Total Cost": 22213.23,
                        "Plan Rows": 1243306,
                        "Plan Width": 0,
                        "Actual Startup Time": 37.576,
                        "Actual Total Time": 37.577,
                        "Actual Rows": 1204709,
                        "Actual Loops": 1,
                        "Index Cond": "(info_type_id > 18)"
                      }
                    ]
                  },
                  {
                    "Node Type": "Hash",
                    "Parent Relationship": "Inner",
                    "Parallel Aware": true,
                    "Startup Cost": 105389.19,
                    "Total Cost": 105389.19,
                    "Plan Rows": 120422,
                    "Plan Width": 8,
                    "Actual Startup Time": 465.378,
                    "Actual Total Time": 465.382,
                    "Actual Rows": 182159,
                    "Actual Loops": 2,
                    "Hash Buckets": 524288,
                    "Original Hash Buckets": 262144,
                    "Hash Batches": 1,
                    "Original Hash Batches": 1,
                    "Peak Memory Usage": 20448,
                    "Plans": [
                      {
                        "Node Type": "Hash Join",
                        "Parent Relationship": "Outer",
                        "Parallel Aware": true,
                        "Join Type": "Inner",
                        "Startup Cost": 61976.02,
                        "Total Cost": 105389.19,
                        "Plan Rows": 120422,
                        "Plan Width": 8,
                        "Actual Startup Time": 245.782,
                        "Actual Total Time": 422.169,
                        "Actual Rows": 182159,
                        "Actual Loops": 2,
                        "Inner Unique": true,
                        "Hash Cond": "(mc.movie_id = t.id)",
                        "Plans": [
                          {
                            "Node Type": "Seq Scan",
                            "Parent Relationship": "Outer",
                            "Parallel Aware": true,
                            "Relation Name": "movie_companies",
                            "Alias": "mc",
                            "Startup Cost": 0.0,
                            "Total Cost": 41811.73,
                            "Plan Rows": 610075,
                            "Plan Width": 4,
                            "Actual Startup Time": 48.772,
                            "Actual Total Time": 117.952,
                            "Actual Rows": 594408,
                            "Actual Loops": 2,
                            "Filter": "((company_id > 595) AND (company_type_id = 2))",
                            "Rows Removed by Filter": 710157
                          },
                          {
                            "Node Type": "Hash",
                            "Parent Relationship": "Inner",
                            "Parallel Aware": true,
                            "Startup Cost": 58306.47,
                            "Total Cost": 58306.47,
                            "Plan Rows": 293564,
                            "Plan Width": 4,
                            "Actual Startup Time": 193.176,
                            "Actual Total Time": 193.177,
                            "Actual Rows": 210142,
                            "Actual Loops": 2,
                            "Hash Buckets": 524288,
                            "Original Hash Buckets": 524288,
                            "Hash Batches": 1,
                            "Original Hash Batches": 1,
                            "Peak Memory Usage": 20544,
                            "Plans": [
                              {
                                "Node Type": "Seq Scan",
                                "Parent Relationship": "Outer",
                                "Parallel Aware": true,
                                "Relation Name": "title",
                                "Alias": "t",
                                "Startup Cost": 0.0,
                                "Total Cost": 58306.47,
                                "Plan Rows": 293564,
                                "Plan Width": 4,
                                "Actual Startup Time": 0.034,
                                "Actual Total Time": 146.158,
                                "Actual Rows": 210142,
                                "Actual Loops": 2,
                                "Filter": "((kind_id < 7) AND (production_year > 2002))",
                                "Rows Removed by Filter": 1054014
                              }
                            ]
                          }
                        ]
                      }
                    ]
                  }
                ]
              }
            ]
          }
        ]
      }
    ]
  },
  "Planning Time": 1.029,
  "Triggers": [],
  "Execution Time": 786.794
}