{
  "Plan": {
    "Node Type": "Aggregate",
    "Strategy": "Plain",
    "Partial Mode": "Finalize",
    "Parallel Aware": false,
    "Startup Cost": 80442.18,
    "Total Cost": 80442.19,
    "Plan Rows": 1,
    "Plan Width": 8,
    "Actual Startup Time": 171.992,
    "Actual Total Time": 184.352,
    "Actual Rows": 1,
    "Actual Loops": 1,
    "Plans": [
      {
        "Node Type": "Gather",
        "Parent Relationship": "Outer",
        "Parallel Aware": false,
        "Startup Cost": 80442.07,
        "Total Cost": 80442.18,
        "Plan Rows": 1,
        "Plan Width": 8,
        "Actual Startup Time": 171.766,
        "Actual Total Time": 184.347,
        "Actual Rows": 2,
        "Actual Loops": 1,
        "Workers Planned": 1,
        "Workers Launched": 1,
        "Single Copy": false,
        "Plans": [
          {
            "Node Type": "Aggregate",
            "Strategy": "Plain",
            "Partial Mode": "Partial",
            "Parent Relationship": "Outer",
            "Parallel Aware": false,
            "Startup Cost": 79442.07,
            "Total Cost": 79442.08,
            "Plan Rows": 1,
            "Plan Width": 8,
            "Actual Startup Time": 168.658,
            "Actual Total Time": 168.662,
            "Actual Rows": 1,
            "Actual Loops": 2,
            "Plans": [
              {
                "Node Type": "Hash Join",
                "Parent Relationship": "Outer",
                "Parallel Aware": true,
                "Join Type": "Inner",
                "Startup Cost": 58789.09,
                "Total Cost": 79441.9,
                "Plan Rows": 67,
                "Plan Width": 0,
                "Actual Startup Time": 163.419,
                "Actual Total Time": 168.654,
                "Actual Rows": 4,
                "Actual Loops": 2,
                "Inner Unique": true,
                "Hash Cond": "(mc.movie_id = t.id)",
                "Plans": [
                  {
                    "Node Type": "Bitmap Heap Scan",
                    "Parent Relationship": "Outer",
                    "Parallel Aware": true,
                    "Relation Name": "movie_companies",
                    "Alias": "mc",
                    "Startup Cost": 4179.22,
                    "Total Cost": 24680.03,
                    "Plan Rows": 57909,
                    "Plan Width": 4,
                    "Actual Startup Time": 33.299,
                    "Actual Total Time": 42.092,
                    "Actual Rows": 19562,
                    "Actual Loops": 2,
                    "Recheck Cond": "(company_id < 52)",
                    "Rows Removed by Index Recheck": 0,
                    "Filter": "(company_type_id = 2)",
                    "Rows Removed by Filter": 76457,
                    "Exact Heap Blocks": 8987,
                    "Lossy Heap Blocks": 0,
                    "Plans": [
                      {
                        "Node Type": "Bitmap Index Scan",
                        "Parent Relationship": "Outer",
                        "Parallel Aware": false,
                        "Index Name": "company_id_movie_companies",
                        "Startup Cost": 0.0,
                        "Total Cost": 4154.61,
                        "Plan Rows": 193891,
                        "Plan Width": 0,
                        "Actual Startup Time": 9.61,
                        "Actual Total Time": 9.61,
                        "Actual Rows": 192038,
                        "Actual Loops": 1,
                        "Index Cond": "(company_id < 52)"
                      }
                    ]
                  },
                  {
                    "Node Type": "Hash",
                    "Parent Relationship": "Inner",
                    "Parallel Aware": true,
                    "Startup Cost": 54588.39,
                    "Total Cost": 54588.39,
                    "Plan Rows": 1718,
                    "Plan Width": 4,
                    "Actual Startup Time": 124.091,
                    "Actual Total Time": 124.092,
                    "Actual Rows": 1758,
                    "Actual Loops": 2,
                    "Hash Buckets": 4096,
                    "Original Hash Buckets": 4096,
                    "Hash Batches": 1,
                    "Original Hash Batches": 1,
                    "Peak Memory Usage": 192,
                    "Plans": [
                      {
                        "Node Type": "Seq Scan",
                        "Parent Relationship": "Outer",
                        "Parallel Aware": true,
                        "Relation Name": "title",
                        "Alias": "t",
                        "Startup Cost": 0.0,
                        "Total Cost": 54588.39,
                        "Plan Rows": 1718,
                        "Plan Width": 4,
                        "Actual Startup Time": 0.802,
                        "Actual Total Time": 123.36,
                        "Actual Rows": 1758,
                        "Actual Loops": 2,
                        "Filter": "(production_year > 2013)",
                        "Rows Removed by Filter": 1262398
                      }
                    ]
                  }
                ]
              }
            ]
          }
        ]
      }
    ]
  },
  "Planning Time": 0.318,
  "Triggers": [],
  "Execution Time": 184.414
}