[
  {
    "Plan": {
      "Node Type": "Aggregate",
      "Strategy": "Plain",
      "Partial Mode": "Finalize",
      "Parallel Aware": false,
      "Startup Cost": 63274.0,
      "Total Cost": 63274.01,
      "Plan Rows": 1,
      "Plan Width": 8,
      "Actual Startup Time": 233.723,
      "Actual Total Time": 247.026,
      "Actual Rows": 1,
      "Actual Loops": 1,
      "Plans": [
        {
          "Node Type": "Gather",
          "Parent Relationship": "Outer",
          "Parallel Aware": false,
          "Startup Cost": 63273.79,
          "Total Cost": 63274.0,
          "Plan Rows": 2,
          "Plan Width": 8,
          "Actual Startup Time": 232.677,
          "Actual Total Time": 247.019,
          "Actual Rows": 3,
          "Actual Loops": 1,
          "Workers Planned": 2,
          "Workers Launched": 2,
          "Single Copy": false,
          "Plans": [
            {
              "Node Type": "Aggregate",
              "Strategy": "Plain",
              "Partial Mode": "Partial",
              "Parent Relationship": "Outer",
              "Parallel Aware": false,
              "Startup Cost": 62273.79,
              "Total Cost": 62273.8,
              "Plan Rows": 1,
              "Plan Width": 8,
              "Actual Startup Time": 225.396,
              "Actual Total Time": 225.399,
              "Actual Rows": 1,
              "Actual Loops": 3,
              "Plans": [
                {
                  "Node Type": "Hash Join",
                  "Parent Relationship": "Outer",
                  "Parallel Aware": true,
                  "Join Type": "Inner",
                  "Startup Cost": 46073.82,
                  "Total Cost": 62201.72,
                  "Plan Rows": 28825,
                  "Plan Width": 0,
                  "Actual Startup Time": 173.6,
                  "Actual Total Time": 222.921,
                  "Actual Rows": 64469,
                  "Actual Loops": 3,
                  "Inner Unique": true,
                  "Hash Cond": "(mi_idx.movie_id = t.id)",
                  "Plans": [
                    {
                      "Node Type": "Seq Scan",
                      "Parent Relationship": "Outer",
                      "Parallel Aware": true,
                      "Relation Name": "movie_info_idx",
                      "Alias": "mi_idx",
                      "Startup Cost": 0.0,
                      "Total Cost": 15122.68,
                      "Plan Rows": 382940,
                      "Plan Width": 4,
                      "Actual Startup Time": 0.021,
                      "Actual Total Time": 39.542,
                      "Actual Rows": 306617,
                      "Actual Loops": 3,
                      "Filter": "(info_type_id < 101)",
                      "Rows Removed by Filter": 153395
                    },
                    {
                      "Node Type": "Hash",
                      "Parent Relationship": "Inner",
                      "Parallel Aware": true,
                      "Startup Cost": 45479.1,
                      "Total Cost": 45479.1,
                      "Plan Rows": 47578,
                      "Plan Width": 4,
                      "Actual Startup Time": 142.47,
                      "Actual Total Time": 142.471,
                      "Actual Rows": 108677,
                      "Actual Loops": 3,
                      "Hash Buckets": 524288,
                      "Original Hash Buckets": 262144,
                      "Hash Batches": 1,
                      "Original Hash Batches": 1,
                      "Peak Memory Usage": 18912,
                      "Plans": [
                        {
                          "Node Type": "Seq Scan",
                          "Parent Relationship": "Outer",
                          "Parallel Aware": true,
                          "Relation Name": "title",
                          "Alias": "t",
                          "Startup Cost": 0.0,
                          "Total Cost": 45479.1,
                          "Plan Rows": 47578,
                          "Plan Width": 4,
                          "Actual Startup Time": 67.329,
                          "Actual Total Time": 113.922,
                          "Actual Rows": 108677,
                          "Actual Loops": 3,
                          "Filter": "((production_year < 1992) AND (kind_id = 1))",
                          "Rows Removed by Filter": 734093
                        }
                      ]
                    }
                  ]
                }
              ]
            }
          ]
        }
      ]
    },
    "Planning Time": 0.661,
    "Triggers": [],
    "Execution Time": 247.094
  }
]