{
  "Plan": {
    "Node Type": "Aggregate",
    "Strategy": "Plain",
    "Partial Mode": "Finalize",
    "Parallel Aware": false,
    "Startup Cost": 349187.28,
    "Total Cost": 349187.29,
    "Plan Rows": 1,
    "Plan Width": 8,
    "Actual Startup Time": 336.343,
    "Actual Total Time": 364.781,
    "Actual Rows": 1,
    "Actual Loops": 1,
    "Plans": [
      {
        "Node Type": "Gather",
        "Parent Relationship": "Outer",
        "Parallel Aware": false,
        "Startup Cost": 349187.17,
        "Total Cost": 349187.28,
        "Plan Rows": 1,
        "Plan Width": 8,
        "Actual Startup Time": 336.223,
        "Actual Total Time": 364.774,
        "Actual Rows": 2,
        "Actual Loops": 1,
        "Workers Planned": 1,
        "Workers Launched": 1,
        "Single Copy": false,
        "Plans": [
          {
            "Node Type": "Aggregate",
            "Strategy": "Plain",
            "Partial Mode": "Partial",
            "Parent Relationship": "Outer",
            "Parallel Aware": false,
            "Startup Cost": 348187.17,
            "Total Cost": 348187.18,
            "Plan Rows": 1,
            "Plan Width": 8,
            "Actual Startup Time": 329.93,
            "Actual Total Time": 329.934,
            "Actual Rows": 1,
            "Actual Loops": 2,
            "Plans": [
              {
                "Node Type": "Hash Join",
                "Parent Relationship": "Outer",
                "Parallel Aware": true,
                "Join Type": "Inner",
                "Startup Cost": 329083.1,
                "Total Cost": 348185.08,
                "Plan Rows": 837,
                "Plan Width": 0,
                "Actual Startup Time": 244.164,
                "Actual Total Time": 329.592,
                "Actual Rows": 7396,
                "Actual Loops": 2,
                "Inner Unique": false,
                "Hash Cond": "(mi_idx.movie_id = t.id)",
                "Plans": [
                  {
                    "Node Type": "Seq Scan",
                    "Parent Relationship": "Outer",
                    "Parallel Aware": true,
                    "Relation Name": "movie_info_idx",
                    "Alias": "mi_idx",
                    "Startup Cost": 0.0,
                    "Total Cost": 16052.85,
                    "Plan Rows": 811785,
                    "Plan Width": 4,
                    "Actual Startup Time": 0.009,
                    "Actual Total Time": 47.255,
                    "Actual Rows": 690018,
                    "Actual Loops": 2
                  },
                  {
                    "Node Type": "Hash",
                    "Parent Relationship": "Inner",
                    "Parallel Aware": true,
                    "Startup Cost": 329063.92,
                    "Total Cost": 329063.92,
                    "Plan Rows": 1534,
                    "Plan Width": 8,
                    "Actual Startup Time": 234.393,
                    "Actual Total Time": 234.394,
                    "Actual Rows": 3708,
                    "Actual Loops": 2,
                    "Hash Buckets": 8192,
                    "Original Hash Buckets": 4096,
                    "Hash Batches": 1,
                    "Original Hash Batches": 1,
                    "Peak Memory Usage": 416,
                    "Plans": [
                      {
                        "Node Type": "Nested Loop",
                        "Parent Relationship": "Outer",
                        "Parallel Aware": false,
                        "Join Type": "Inner",
                        "Startup Cost": 0.56,
                        "Total Cost": 329063.92,
                        "Plan Rows": 1534,
                        "Plan Width": 8,
                        "Actual Startup Time": 2.449,
                        "Actual Total Time": 227.258,
                        "Actual Rows": 3708,
                        "Actual Loops": 2,
                        "Inner Unique": false,
                        "Plans": [
                          {
                            "Node Type": "Seq Scan",
                            "Parent Relationship": "Outer",
                            "Parallel Aware": true,
                            "Relation Name": "title",
                            "Alias": "t",
                            "Startup Cost": 0.0,
                            "Total Cost": 58306.47,
                            "Plan Rows": 2235,
                            "Plan Width": 4,
                            "Actual Startup Time": 1.547,
                            "Actual Total Time": 133.801,
                            "Actual Rows": 1918,
                            "Actual Loops": 2,
                            "Filter": "((kind_id < 7) AND (production_year = 1959))",
                            "Rows Removed by Filter": 1262238
                          },
                          {
                            "Node Type": "Index Scan",
                            "Parent Relationship": "Inner",
                            "Parallel Aware": false,
                            "Scan Direction": "Forward",
                            "Index Name": "movie_id_cast_info",
                            "Relation Name": "cast_info",
                            "Alias": "ci",
                            "Startup Cost": 0.56,
                            "Total Cost": 121.12,
                            "Plan Rows": 2,
                            "Plan Width": 4,
                            "Actual Startup Time": 0.021,
                            "Actual Total Time": 0.048,
                            "Actual Rows": 2,
                            "Actual Loops": 3835,
                            "Index Cond": "(movie_id = t.id)",
                            "Rows Removed by Index Recheck": 0,
                            "Filter": "((person_id < 502807) AND (role_id = 1))",
                            "Rows Removed by Filter": 14
                          }
                        ]
                      }
                    ]
                  }
                ]
              }
            ]
          }
        ]
      }
    ]
  },
  "Planning Time": 1.128,
  "Triggers": [],
  "Execution Time": 364.877
}