{
  "Plan": {
    "Node Type": "Aggregate",
    "Strategy": "Plain",
    "Partial Mode": "Finalize",
    "Parallel Aware": false,
    "Startup Cost": 840329.18,
    "Total Cost": 840329.19,
    "Plan Rows": 1,
    "Plan Width": 64,
    "Actual Startup Time": 5028.823,
    "Actual Total Time": 5101.713,
    "Actual Rows": 1,
    "Actual Loops": 1,
    "Plans": [
      {
        "Node Type": "Gather",
        "Parent Relationship": "Outer",
        "Parallel Aware": false,
        "Startup Cost": 840329.07,
        "Total Cost": 840329.18,
        "Plan Rows": 1,
        "Plan Width": 64,
        "Actual Startup Time": 5019.75,
        "Actual Total Time": 5101.698,
        "Actual Rows": 2,
        "Actual Loops": 1,
        "Workers Planned": 1,
        "Workers Launched": 1,
        "Single Copy": false,
        "Plans": [
          {
            "Node Type": "Aggregate",
            "Strategy": "Plain",
            "Partial Mode": "Partial",
            "Parent Relationship": "Outer",
            "Parallel Aware": false,
            "Startup Cost": 839329.07,
            "Total Cost": 839329.08,
            "Plan Rows": 1,
            "Plan Width": 64,
            "Actual Startup Time": 5012.965,
            "Actual Total Time": 5015.257,
            "Actual Rows": 1,
            "Actual Loops": 2,
            "Plans": [
              {
                "Node Type": "Hash Join",
                "Parent Relationship": "Outer",
                "Parallel Aware": true,
                "Join Type": "Inner",
                "Startup Cost": 799433.04,
                "Total Cost": 839328.58,
                "Plan Rows": 98,
                "Plan Width": 33,
                "Actual Startup Time": 4714.483,
                "Actual Total Time": 5002.487,
                "Actual Rows": 159966,
                "Actual Loops": 2,
                "Inner Unique": true,
                "Hash Cond": "(mc.company_id = cn.id)",
                "Plans": [
                  {
                    "Node Type": "Hash Join",
                    "Parent Relationship": "Outer",
                    "Parallel Aware": true,
                    "Join Type": "Inner",
                    "Startup Cost": 794078.27,
                    "Total Cost": 833973.1,
                    "Plan Rows": 269,
                    "Plan Width": 37,
                    "Actual Startup Time": 4669.386,
                    "Actual Total Time": 4934.21,
                    "Actual Rows": 212242,
                    "Actual Loops": 2,
                    "Inner Unique": false,
                    "Hash Cond": "(mc.movie_id = t.id)",
                    "Plans": [
                      {
                        "Node Type": "Seq Scan",
                        "Parent Relationship": "Outer",
                        "Parallel Aware": true,
                        "Relation Name": "movie_companies",
                        "Alias": "mc",
                        "Startup Cost": 0.0,
                        "Total Cost": 34137.82,
                        "Plan Rows": 1534782,
                        "Plan Width": 8,
                        "Actual Startup Time": 0.019,
                        "Actual Total Time": 99.462,
                        "Actual Rows": 1304564,
                        "Actual Loops": 2
                      },
                      {
                        "Node Type": "Hash",
                        "Parent Relationship": "Inner",
                        "Parallel Aware": true,
                        "Startup Cost": 794075.01,
                        "Total Cost": 794075.01,
                        "Plan Rows": 261,
                        "Plan Width": 45,
                        "Actual Startup Time": 4668.865,
                        "Actual Total Time": 4671.153,
                        "Actual Rows": 90746,
                        "Actual Loops": 2,
                        "Hash Buckets": 262144,
                        "Original Hash Buckets": 1024,
                        "Hash Batches": 1,
                        "Original Hash Batches": 1,
                        "Peak Memory Usage": 19992,
                        "Plans": [
                          {
                            "Node Type": "Hash Join",
                            "Parent Relationship": "Outer",
                            "Parallel Aware": true,
                            "Join Type": "Inner",
                            "Startup Cost": 774061.01,
                            "Total Cost": 794075.01,
                            "Plan Rows": 261,
                            "Plan Width": 45,
                            "Actual Startup Time": 4488.995,
                            "Actual Total Time": 4630.108,
                            "Actual Rows": 90746,
                            "Actual Loops": 2,
                            "Inner Unique": true,
                            "Hash Cond": "(an.person_id = n.id)",
                            "Plans": [
                              {
                                "Node Type": "Hash Join",
                                "Parent Relationship": "Outer",
                                "Parallel Aware": true,
                                "Join Type": "Inner",
                                "Startup Cost": 663291.56,
                                "Total Cost": 683304.87,
                                "Plan Rows": 261,
                                "Plan Width": 53,
                                "Actual Startup Time": 3540.533,
                                "Actual Total Time": 3650.053,
                                "Actual Rows": 90746,
                                "Actual Loops": 2,
                                "Inner Unique": false,
                                "Hash Cond": "(an.person_id = ci.person_id)",
                                "Plans": [
                                  {
                                    "Node Type": "Seq Scan",
                                    "Parent Relationship": "Outer",
                                    "Parallel Aware": true,
                                    "Relation Name": "aka_name",
                                    "Alias": "an",
                                    "Startup Cost": 0.0,
                                    "Total Cost": 16698.02,
                                    "Plan Rows": 530202,
                                    "Plan Width": 20,
                                    "Actual Startup Time": 0.006,
                                    "Actual Total Time": 42.043,
                                    "Actual Rows": 450672,
                                    "Actual Loops": 2
                                  },
                                  {
                                    "Node Type": "Hash",
                                    "Parent Relationship": "Inner",
                                    "Parallel Aware": true,
                                    "Startup Cost": 663290.19,
                                    "Total Cost": 663290.19,
                                    "Plan Rows": 109,
                                    "Plan Width": 33,
                                    "Actual Startup Time": 3540.455,
                                    "Actual Total Time": 3542.739,
                                    "Actual Rows": 67105,
                                    "Actual Loops": 2,
                                    "Hash Buckets": 262144,
                                    "Original Hash Buckets": 1024,
                                    "Hash Batches": 1,
                                    "Original Hash Batches": 1,
                                    "Peak Memory Usage": 13912,
                                    "Plans": [
                                      {
                                        "Node Type": "Hash Join",
                                        "Parent Relationship": "Outer",
                                        "Parallel Aware": true,
                                        "Join Type": "Inner",
                                        "Startup Cost": 117340.71,
                                        "Total Cost": 663290.19,
                                        "Plan Rows": 109,
                                        "Plan Width": 33,
                                        "Actual Startup Time": 638.604,
                                        "Actual Total Time": 3480.68,
                                        "Actual Rows": 67105,
                                        "Actual Loops": 2,
                                        "Inner Unique": false,
                                        "Hash Cond": "(ci.movie_id = t.id)",
                                        "Plans": [
                                          {
                                            "Node Type": "Seq Scan",
                                            "Parent Relationship": "Outer",
                                            "Parallel Aware": true,
                                            "Relation Name": "cast_info",
                                            "Alias": "ci",
                                            "Startup Cost": 0.0,
                                            "Total Cost": 465968.32,
                                            "Plan Rows": 21328132,
                                            "Plan Width": 8,
                                            "Actual Startup Time": 0.012,
                                            "Actual Total Time": 1274.446,
                                            "Actual Rows": 18122172,
                                            "Actual Loops": 2
                                          },
                                          {
                                            "Node Type": "Hash",
                                            "Parent Relationship": "Inner",
                                            "Parallel Aware": true,
                                            "Startup Cost": 117340.61,
                                            "Total Cost": 117340.61,
                                            "Plan Rows": 8,
                                            "Plan Width": 25,
                                            "Actual Startup Time": 638.468,
                                            "Actual Total Time": 640.749,
                                            "Actual Rows": 3463,
                                            "Actual Loops": 2,
                                            "Hash Buckets": 8192,
                                            "Original Hash Buckets": 1024,
                                            "Hash Batches": 1,
                                            "Original Hash Batches": 1,
                                            "Peak Memory Usage": 600,
                                            "Plans": [
                                              {
                                                "Node Type": "Hash Join",
                                                "Parent Relationship": "Outer",
                                                "Parallel Aware": true,
                                                "Join Type": "Inner",
                                                "Startup Cost": 60677.44,
                                                "Total Cost": 117340.61,
                                                "Plan Rows": 8,
                                                "Plan Width": 25,
                                                "Actual Startup Time": 379.829,
                                                "Actual Total Time": 614.542,
                                                "Actual Rows": 3463,
                                                "Actual Loops": 2,
                                                "Inner Unique": false,
                                                "Hash Cond": "(t.id = mk.movie_id)",
                                                "Plans": [
                                                  {
                                                    "Node Type": "Seq Scan",
                                                    "Parent Relationship": "Outer",
                                                    "Parallel Aware": true,
                                                    "Relation Name": "title",
                                                    "Alias": "t",
                                                    "Startup Cost": 0.0,
                                                    "Total Cost": 54589.98,
                                                    "Plan Rows": 552840,
                                                    "Plan Width": 21,
                                                    "Actual Startup Time": 0.01,
                                                    "Actual Total Time": 173.205,
                                                    "Actual Rows": 473453,
                                                    "Actual Loops": 2,
                                                    "Filter": "(episode_nr < 100)",
                                                    "Rows Removed by Filter": 790703
                                                  },
                                                  {
                                                    "Node Type": "Hash",
                                                    "Parent Relationship": "Inner",
                                                    "Parallel Aware": true,
                                                    "Startup Cost": 60677.19,
                                                    "Total Cost": 60677.19,
                                                    "Plan Rows": 20,
                                                    "Plan Width": 4,
                                                    "Actual Startup Time": 379.705,
                                                    "Actual Total Time": 379.713,
                                                    "Actual Rows": 20920,
                                                    "Actual Loops": 2,
                                                    "Hash Buckets": 65536,
                                                    "Original Hash Buckets": 1024,
                                                    "Hash Batches": 1,
                                                    "Original Hash Batches": 1,
                                                    "Peak Memory Usage": 2680,
                                                    "Plans": [
                                                      {
                                                        "Node Type": "Hash Join",
                                                        "Parent Relationship": "Outer",
                                                        "Parallel Aware": false,
                                                        "Join Type": "Inner",
                                                        "Startup Cost": 2626.14,
                                                        "Total Cost": 60677.19,
                                                        "Plan Rows": 20,
                                                        "Plan Width": 4,
                                                        "Actual Startup Time": 11.388,
                                                        "Actual Total Time": 361.194,
                                                        "Actual Rows": 20920,
                                                        "Actual Loops": 2,
                                                        "Inner Unique": true,
                                                        "Hash Cond": "(mk.keyword_id = k.id)",
                                                        "Plans": [
                                                          {
                                                            "Node Type": "Seq Scan",
                                                            "Parent Relationship": "Outer",
                                                            "Parallel Aware": true,
                                                            "Relation Name": "movie_keyword",
                                                            "Alias": "mk",
                                                            "Startup Cost": 0.0,
                                                            "Total Cost": 51065.35,
                                                            "Plan Rows": 2661135,
                                                            "Plan Width": 8,
                                                            "Actual Startup Time": 0.009,
                                                            "Actual Total Time": 178.501,
                                                            "Actual Rows": 2261965,
                                                            "Actual Loops": 2
                                                          },
                                                          {
                                                            "Node Type": "Hash",
                                                            "Parent Relationship": "Inner",
                                                            "Parallel Aware": false,
                                                            "Startup Cost": 2626.12,
                                                            "Total Cost": 2626.12,
                                                            "Plan Rows": 1,
                                                            "Plan Width": 4,
                                                            "Actual Startup Time": 11.313,
                                                            "Actual Total Time": 11.314,
                                                            "Actual Rows": 1,
                                                            "Actual Loops": 2,
                                                            "Hash Buckets": 1024,
                                                            "Original Hash Buckets": 1024,
                                                            "Hash Batches": 1,
                                                            "Original Hash Batches": 1,
                                                            "Peak Memory Usage": 9,
                                                            "Plans": [
                                                              {
                                                                "Node Type": "Seq Scan",
                                                                "Parent Relationship": "Outer",
                                                                "Parallel Aware": false,
                                                                "Relation Name": "keyword",
                                                                "Alias": "k",
                                                                "Startup Cost": 0.0,
                                                                "Total Cost": 2626.12,
                                                                "Plan Rows": 1,
                                                                "Plan Width": 4,
                                                                "Actual Startup Time": 0.488,
                                                                "Actual Total Time": 11.309,
                                                                "Actual Rows": 1,
                                                                "Actual Loops": 2,
                                                                "Filter": "(keyword = 'character-name-in-title'::text)",
                                                                "Rows Removed by Filter": 134169
                                                              }
                                                            ]
                                                          }
                                                        ]
                                                      }
                                                    ]
                                                  }
                                                ]
                                              }
                                            ]
                                          }
                                        ]
                                      }
                                    ]
                                  }
                                ]
                              },
                              {
                                "Node Type": "Hash",
                                "Parent Relationship": "Inner",
                                "Parallel Aware": true,
                                "Startup Cost": 80126.98,
                                "Total Cost": 80126.98,
                                "Plan Rows": 2451398,
                                "Plan Width": 4,
                                "Actual Startup Time": 934.058,
                                "Actual Total Time": 934.058,
                                "Actual Rows": 2083746,
                                "Actual Loops": 2,
                                "Hash Buckets": 4194304,
                                "Original Hash Buckets": 4194304,
                                "Hash Batches": 1,
                                "Original Hash Batches": 1,
                                "Peak Memory Usage": 195808,
                                "Plans": [
                                  {
                                    "Node Type": "Seq Scan",
                                    "Parent Relationship": "Outer",
                                    "Parallel Aware": true,
                                    "Relation Name": "name",
                                    "Alias": "n",
                                    "Startup Cost": 0.0,
                                    "Total Cost": 80126.98,
                                    "Plan Rows": 2451398,
                                    "Plan Width": 4,
                                    "Actual Startup Time": 0.041,
                                    "Actual Total Time": 284.029,
                                    "Actual Rows": 2083746,
                                    "Actual Loops": 2
                                  }
                                ]
                              }
                            ]
                          }
                        ]
                      }
                    ]
                  },
                  {
                    "Node Type": "Hash",
                    "Parent Relationship": "Inner",
                    "Parallel Aware": true,
                    "Startup Cost": 4722.92,
                    "Total Cost": 4722.92,
                    "Plan Rows": 50548,
                    "Plan Width": 4,
                    "Actual Startup Time": 42.753,
                    "Actual Total Time": 42.754,
                    "Actual Rows": 42422,
                    "Actual Loops": 2,
                    "Hash Buckets": 131072,
                    "Original Hash Buckets": 131072,
                    "Hash Batches": 1,
                    "Original Hash Batches": 1,
                    "Peak Memory Usage": 4384,
                    "Plans": [
                      {
                        "Node Type": "Seq Scan",
                        "Parent Relationship": "Outer",
                        "Parallel Aware": true,
                        "Relation Name": "company_name",
                        "Alias": "cn",
                        "Startup Cost": 0.0,
                        "Total Cost": 4722.92,
                        "Plan Rows": 50548,
                        "Plan Width": 4,
                        "Actual Startup Time": 0.065,
                        "Actual Total Time": 28.707,
                        "Actual Rows": 42422,
                        "Actual Loops": 2,
                        "Filter": "((country_code)::text = '[us]'::text)",
                        "Rows Removed by Filter": 75077
                      }
                    ]
                  }
                ]
              }
            ]
          }
        ]
      }
    ]
  },
  "Planning Time": 1.662,
  "Triggers": [],
  "Execution Time": 5101.876
}