[
  {
    "Plan": {
      "Node Type": "Aggregate",
      "Strategy": "Plain",
      "Partial Mode": "Finalize",
      "Parallel Aware": false,
      "Startup Cost": 76068.04,
      "Total Cost": 76068.05,
      "Plan Rows": 1,
      "Plan Width": 8,
      "Actual Startup Time": 317.079,
      "Actual Total Time": 334.564,
      "Actual Rows": 1,
      "Actual Loops": 1,
      "Plans": [
        {
          "Node Type": "Gather",
          "Parent Relationship": "Outer",
          "Parallel Aware": false,
          "Startup Cost": 76067.73,
          "Total Cost": 76068.04,
          "Plan Rows": 3,
          "Plan Width": 8,
          "Actual Startup Time": 314.598,
          "Actual Total Time": 334.554,
          "Actual Rows": 4,
          "Actual Loops": 1,
          "Workers Planned": 3,
          "Workers Launched": 3,
          "Single Copy": false,
          "Plans": [
            {
              "Node Type": "Aggregate",
              "Strategy": "Plain",
              "Partial Mode": "Partial",
              "Parent Relationship": "Outer",
              "Parallel Aware": false,
              "Startup Cost": 75067.73,
              "Total Cost": 75067.74,
              "Plan Rows": 1,
              "Plan Width": 8,
              "Actual Startup Time": 307.325,
              "Actual Total Time": 307.33,
              "Actual Rows": 1,
              "Actual Loops": 4,
              "Plans": [
                {
                  "Node Type": "Hash Join",
                  "Parent Relationship": "Outer",
                  "Parallel Aware": true,
                  "Join Type": "Inner",
                  "Startup Cost": 45615.61,
                  "Total Cost": 75031.5,
                  "Plan Rows": 14490,
                  "Plan Width": 0,
                  "Actual Startup Time": 157.371,
                  "Actual Total Time": 302.133,
                  "Actual Rows": 90561,
                  "Actual Loops": 4,
                  "Inner Unique": true,
                  "Hash Cond": "(mc.movie_id = t.id)",
                  "Plans": [
                    {
                      "Node Type": "Seq Scan",
                      "Parent Relationship": "Outer",
                      "Parallel Aware": true,
                      "Relation Name": "movie_companies",
                      "Alias": "mc",
                      "Startup Cost": 0.0,
                      "Total Cost": 27206.55,
                      "Plan Rows": 841655,
                      "Plan Width": 4,
                      "Actual Startup Time": 0.03,
                      "Actual Total Time": 71.41,
                      "Actual Rows": 652282,
                      "Actual Loops": 4
                    },
                    {
                      "Node Type": "Hash",
                      "Parent Relationship": "Inner",
                      "Parallel Aware": true,
                      "Startup Cost": 45479.59,
                      "Total Cost": 45479.59,
                      "Plan Rows": 10882,
                      "Plan Width": 4,
                      "Actual Startup Time": 126.573,
                      "Actual Total Time": 126.574,
                      "Actual Rows": 42238,
                      "Actual Loops": 4,
                      "Hash Buckets": 262144,
                      "Original Hash Buckets": 65536,
                      "Hash Batches": 1,
                      "Original Hash Batches": 1,
                      "Peak Memory Usage": 10240,
                      "Plans": [
                        {
                          "Node Type": "Seq Scan",
                          "Parent Relationship": "Outer",
                          "Parallel Aware": true,
                          "Relation Name": "title",
                          "Alias": "t",
                          "Startup Cost": 0.0,
                          "Total Cost": 45479.59,
                          "Plan Rows": 10882,
                          "Plan Width": 4,
                          "Actual Startup Time": 60.644,
                          "Actual Total Time": 104.77,
                          "Actual Rows": 42238,
                          "Actual Loops": 4,
                          "Filter": "((production_year < 1953) AND (kind_id = 1))",
                          "Rows Removed by Filter": 589840
                        }
                      ]
                    }
                  ]
                }
              ]
            }
          ]
        }
      ]
    },
    "Planning Time": 0.191,
    "Triggers": [],
    "Execution Time": 334.595
  }
]