[
  {
    "Plan": {
      "Node Type": "Aggregate",
      "Strategy": "Plain",
      "Partial Mode": "Finalize",
      "Parallel Aware": false,
      "Startup Cost": 33153.33,
      "Total Cost": 33153.34,
      "Plan Rows": 1,
      "Plan Width": 8,
      "Actual Startup Time": 93.859,
      "Actual Total Time": 101.486,
      "Actual Rows": 1,
      "Actual Loops": 1,
      "Plans": [
        {
          "Node Type": "Gather",
          "Parent Relationship": "Outer",
          "Parallel Aware": false,
          "Startup Cost": 33153.01,
          "Total Cost": 33153.32,
          "Plan Rows": 3,
          "Plan Width": 8,
          "Actual Startup Time": 93.754,
          "Actual Total Time": 101.477,
          "Actual Rows": 4,
          "Actual Loops": 1,
          "Workers Planned": 3,
          "Workers Launched": 3,
          "Single Copy": false,
          "Plans": [
            {
              "Node Type": "Aggregate",
              "Strategy": "Plain",
              "Partial Mode": "Partial",
              "Parent Relationship": "Outer",
              "Parallel Aware": false,
              "Startup Cost": 32153.01,
              "Total Cost": 32153.02,
              "Plan Rows": 1,
              "Plan Width": 8,
              "Actual Startup Time": 85.644,
              "Actual Total Time": 85.645,
              "Actual Rows": 1,
              "Actual Loops": 4,
              "Plans": [
                {
                  "Node Type": "Seq Scan",
                  "Parent Relationship": "Outer",
                  "Parallel Aware": true,
                  "Relation Name": "movie_companies",
                  "Alias": "mc",
                  "Startup Cost": 0.0,
                  "Total Cost": 31414.82,
                  "Plan Rows": 295278,
                  "Plan Width": 0,
                  "Actual Startup Time": 48.269,
                  "Actual Total Time": 79.752,
                  "Actual Rows": 148393,
                  "Actual Loops": 4,
                  "Filter": "((company_id < 28339) AND (company_type_id > 1))",
                  "Rows Removed by Filter": 503889
                }
              ]
            }
          ]
        }
      ]
    },
    "Planning Time": 0.217,
    "Triggers": [],
    "Execution Time": 101.542
  }
]