{
  "Plan": {
    "Node Type": "Aggregate",
    "Strategy": "Plain",
    "Partial Mode": "Finalize",
    "Parallel Aware": false,
    "Startup Cost": 767428.91,
    "Total Cost": 767428.92,
    "Plan Rows": 1,
    "Plan Width": 8,
    "Actual Startup Time": 4518.875,
    "Actual Total Time": 4580.097,
    "Actual Rows": 1,
    "Actual Loops": 1,
    "Plans": [
      {
        "Node Type": "Gather",
        "Parent Relationship": "Outer",
        "Parallel Aware": false,
        "Startup Cost": 767428.8,
        "Total Cost": 767428.91,
        "Plan Rows": 1,
        "Plan Width": 8,
        "Actual Startup Time": 4516.738,
        "Actual Total Time": 4580.088,
        "Actual Rows": 2,
        "Actual Loops": 1,
        "Workers Planned": 1,
        "Workers Launched": 1,
        "Single Copy": false,
        "Plans": [
          {
            "Node Type": "Aggregate",
            "Strategy": "Plain",
            "Partial Mode": "Partial",
            "Parent Relationship": "Outer",
            "Parallel Aware": false,
            "Startup Cost": 766428.8,
            "Total Cost": 766428.81,
            "Plan Rows": 1,
            "Plan Width": 8,
            "Actual Startup Time": 4510.876,
            "Actual Total Time": 4511.165,
            "Actual Rows": 1,
            "Actual Loops": 2,
            "Plans": [
              {
                "Node Type": "Hash Join",
                "Parent Relationship": "Outer",
                "Parallel Aware": true,
                "Join Type": "Inner",
                "Startup Cost": 113189.1,
                "Total Cost": 757911.56,
                "Plan Rows": 3406894,
                "Plan Width": 0,
                "Actual Startup Time": 1128.499,
                "Actual Total Time": 4367.393,
                "Actual Rows": 3497243,
                "Actual Loops": 2,
                "Inner Unique": false,
                "Hash Cond": "(ci.movie_id = t.id)",
                "Plans": [
                  {
                    "Node Type": "Seq Scan",
                    "Parent Relationship": "Outer",
                    "Parallel Aware": true,
                    "Relation Name": "cast_info",
                    "Alias": "ci",
                    "Startup Cost": 0.0,
                    "Total Cost": 572345.93,
                    "Plan Rows": 13956265,
                    "Plan Width": 4,
                    "Actual Startup Time": 518.951,
                    "Actual Total Time": 1822.329,
                    "Actual Rows": 11781535,
                    "Actual Loops": 2,
                    "Filter": "((person_id > 4859) AND (role_id > 1))",
                    "Rows Removed by Filter": 6340637
                  },
                  {
                    "Node Type": "Hash",
                    "Parent Relationship": "Inner",
                    "Parallel Aware": true,
                    "Startup Cost": 108650.96,
                    "Total Cost": 108650.96,
                    "Plan Rows": 363051,
                    "Plan Width": 8,
                    "Actual Startup Time": 599.991,
                    "Actual Total Time": 600.278,
                    "Actual Rows": 199648,
                    "Actual Loops": 2,
                    "Hash Buckets": 1048576,
                    "Original Hash Buckets": 1048576,
                    "Hash Batches": 1,
                    "Original Hash Batches": 1,
                    "Peak Memory Usage": 23840,
                    "Plans": [
                      {
                        "Node Type": "Hash Join",
                        "Parent Relationship": "Outer",
                        "Parallel Aware": true,
                        "Join Type": "Inner",
                        "Startup Cost": 46349.86,
                        "Total Cost": 108650.96,
                        "Plan Rows": 363051,
                        "Plan Width": 8,
                        "Actual Startup Time": 174.829,
                        "Actual Total Time": 540.112,
                        "Actual Rows": 199648,
                        "Actual Loops": 2,
                        "Inner Unique": false,
                        "Hash Cond": "(t.id = mc.movie_id)",
                        "Plans": [
                          {
                            "Node Type": "Seq Scan",
                            "Parent Relationship": "Outer",
                            "Parallel Aware": true,
                            "Relation Name": "title",
                            "Alias": "t",
                            "Startup Cost": 0.0,
                            "Total Cost": 50870.31,
                            "Plan Rows": 1487231,
                            "Plan Width": 4,
                            "Actual Startup Time": 0.009,
                            "Actual Total Time": 117.083,
                            "Actual Rows": 1264156,
                            "Actual Loops": 2
                          },
                          {
                            "Node Type": "Hash",
                            "Parent Relationship": "Inner",
                            "Parallel Aware": true,
                            "Startup Cost": 41811.73,
                            "Total Cost": 41811.73,
                            "Plan Rows": 363051,
                            "Plan Width": 4,
                            "Actual Startup Time": 169.36,
                            "Actual Total Time": 169.361,
                            "Actual Rows": 199648,
                            "Actual Loops": 2,
                            "Hash Buckets": 1048576,
                            "Original Hash Buckets": 1048576,
                            "Hash Batches": 1,
                            "Original Hash Batches": 1,
                            "Peak Memory Usage": 23872,
                            "Plans": [
                              {
                                "Node Type": "Seq Scan",
                                "Parent Relationship": "Outer",
                                "Parallel Aware": true,
                                "Relation Name": "movie_companies",
                                "Alias": "mc",
                                "Startup Cost": 0.0,
                                "Total Cost": 41811.73,
                                "Plan Rows": 363051,
                                "Plan Width": 4,
                                "Actual Startup Time": 64.37,
                                "Actual Total Time": 119.91,
                                "Actual Rows": 199648,
                                "Actual Loops": 2,
                                "Filter": "((company_id < 11137) AND (company_type_id = 2))",
                                "Rows Removed by Filter": 1104916
                              }
                            ]
                          }
                        ]
                      }
                    ]
                  }
                ]
              }
            ]
          }
        ]
      }
    ]
  },
  "Planning Time": 1.076,
  "Triggers": [],
  "Execution Time": 4580.197
}