[
  {
    "Plan": {
      "Node Type": "Aggregate",
      "Strategy": "Plain",
      "Partial Mode": "Finalize",
      "Parallel Aware": false,
      "Startup Cost": 340725.83,
      "Total Cost": 340725.84,
      "Plan Rows": 1,
      "Plan Width": 8,
      "Actual Startup Time": 463.208,
      "Actual Total Time": 485.86,
      "Actual Rows": 1,
      "Actual Loops": 1,
      "Plans": [
        {
          "Node Type": "Gather",
          "Parent Relationship": "Outer",
          "Parallel Aware": false,
          "Startup Cost": 340725.21,
          "Total Cost": 340725.82,
          "Plan Rows": 6,
          "Plan Width": 8,
          "Actual Startup Time": 463.097,
          "Actual Total Time": 485.844,
          "Actual Rows": 7,
          "Actual Loops": 1,
          "Workers Planned": 6,
          "Workers Launched": 6,
          "Single Copy": false,
          "Plans": [
            {
              "Node Type": "Aggregate",
              "Strategy": "Plain",
              "Partial Mode": "Partial",
              "Parent Relationship": "Outer",
              "Parallel Aware": false,
              "Startup Cost": 339725.21,
              "Total Cost": 339725.22,
              "Plan Rows": 1,
              "Plan Width": 8,
              "Actual Startup Time": 455.392,
              "Actual Total Time": 455.393,
              "Actual Rows": 1,
              "Actual Loops": 7,
              "Plans": [
                {
                  "Node Type": "Index Scan",
                  "Parent Relationship": "Outer",
                  "Parallel Aware": true,
                  "Scan Direction": "Forward",
                  "Index Name": "role_id_cast_info",
                  "Relation Name": "cast_info",
                  "Alias": "ci",
                  "Startup Cost": 0.56,
                  "Total Cost": 335235.55,
                  "Plan Rows": 1795864,
                  "Plan Width": 0,
                  "Actual Startup Time": 129.786,
                  "Actual Total Time": 398.956,
                  "Actual Rows": 1282835,
                  "Actual Loops": 7,
                  "Index Cond": "(role_id = 1)",
                  "Rows Removed by Index Recheck": 0,
                  "Filter": "(person_id > 493794)",
                  "Rows Removed by Filter": 527263
                }
              ]
            }
          ]
        }
      ]
    },
    "Planning Time": 0.233,
    "Triggers": [],
    "Execution Time": 485.933
  }
]