[
  {
    "Plan": {
      "Node Type": "Aggregate",
      "Strategy": "Plain",
      "Partial Mode": "Finalize",
      "Parallel Aware": false,
      "Startup Cost": 77296.13,
      "Total Cost": 77296.14,
      "Plan Rows": 1,
      "Plan Width": 8,
      "Actual Startup Time": 335.626,
      "Actual Total Time": 350.314,
      "Actual Rows": 1,
      "Actual Loops": 1,
      "Plans": [
        {
          "Node Type": "Gather",
          "Parent Relationship": "Outer",
          "Parallel Aware": false,
          "Startup Cost": 77295.82,
          "Total Cost": 77296.13,
          "Plan Rows": 3,
          "Plan Width": 8,
          "Actual Startup Time": 332.616,
          "Actual Total Time": 350.304,
          "Actual Rows": 4,
          "Actual Loops": 1,
          "Workers Planned": 3,
          "Workers Launched": 3,
          "Single Copy": false,
          "Plans": [
            {
              "Node Type": "Aggregate",
              "Strategy": "Plain",
              "Partial Mode": "Partial",
              "Parent Relationship": "Outer",
              "Parallel Aware": false,
              "Startup Cost": 76295.82,
              "Total Cost": 76295.83,
              "Plan Rows": 1,
              "Plan Width": 8,
              "Actual Startup Time": 324.935,
              "Actual Total Time": 324.938,
              "Actual Rows": 1,
              "Actual Loops": 4,
              "Plans": [
                {
                  "Node Type": "Hash Join",
                  "Parent Relationship": "Outer",
                  "Parallel Aware": true,
                  "Join Type": "Inner",
                  "Startup Cost": 46585.44,
                  "Total Cost": 76001.33,
                  "Plan Rows": 117796,
                  "Plan Width": 0,
                  "Actual Startup Time": 143.453,
                  "Actual Total Time": 315.313,
                  "Actual Rows": 238880,
                  "Actual Loops": 4,
                  "Inner Unique": true,
                  "Hash Cond": "(mc.movie_id = t.id)",
                  "Plans": [
                    {
                      "Node Type": "Seq Scan",
                      "Parent Relationship": "Outer",
                      "Parallel Aware": true,
                      "Relation Name": "movie_companies",
                      "Alias": "mc",
                      "Startup Cost": 0.0,
                      "Total Cost": 27206.55,
                      "Plan Rows": 841655,
                      "Plan Width": 4,
                      "Actual Startup Time": 0.007,
                      "Actual Total Time": 55.24,
                      "Actual Rows": 652282,
                      "Actual Loops": 4
                    },
                    {
                      "Node Type": "Hash",
                      "Parent Relationship": "Inner",
                      "Parallel Aware": true,
                      "Startup Cost": 45479.59,
                      "Total Cost": 45479.59,
                      "Plan Rows": 88468,
                      "Plan Width": 4,
                      "Actual Startup Time": 140.014,
                      "Actual Total Time": 140.014,
                      "Actual Rows": 117593,
                      "Actual Loops": 4,
                      "Hash Buckets": 524288,
                      "Original Hash Buckets": 524288,
                      "Hash Batches": 1,
                      "Original Hash Batches": 1,
                      "Peak Memory Usage": 22560,
                      "Plans": [
                        {
                          "Node Type": "Seq Scan",
                          "Parent Relationship": "Outer",
                          "Parallel Aware": true,
                          "Relation Name": "title",
                          "Alias": "t",
                          "Startup Cost": 0.0,
                          "Total Cost": 45479.59,
                          "Plan Rows": 88468,
                          "Plan Width": 4,
                          "Actual Startup Time": 0.047,
                          "Actual Total Time": 100.175,
                          "Actual Rows": 117593,
                          "Actual Loops": 4,
                          "Filter": "((kind_id < 7) AND (production_year < 1998))",
                          "Rows Removed by Filter": 514485
                        }
                      ]
                    }
                  ]
                }
              ]
            }
          ]
        }
      ]
    },
    "Planning Time": 0.69,
    "Triggers": [],
    "Execution Time": 350.393
  }
]