[
    {
        "Bao": {
            "Bao prediction": "NaN",
            "Bao recommended hint": "(no hint)"
        }
    },
    {
        "Plan": {
            "Node Type": "Aggregate",
            "Strategy": "Plain",
            "Partial Mode": "Finalize",
            "Parallel Aware": false,
            "Startup Cost": 349514.24,
            "Total Cost": 349514.25,
            "Plan Rows": 1,
            "Plan Width": 8,
            "Actual Startup Time": 696.987,
            "Actual Total Time": 739.922,
            "Actual Rows": 1,
            "Actual Loops": 1,
            "Output": [
                "count(*)"
            ],
            "Plans": [
                {
                    "Node Type": "Gather",
                    "Parent Relationship": "Outer",
                    "Parallel Aware": false,
                    "Startup Cost": 349513.61,
                    "Total Cost": 349514.22,
                    "Plan Rows": 6,
                    "Plan Width": 8,
                    "Actual Startup Time": 696.868,
                    "Actual Total Time": 739.91,
                    "Actual Rows": 7,
                    "Actual Loops": 1,
                    "Output": [
                        "(PARTIAL count(*))"
                    ],
                    "Workers Planned": 6,
                    "Workers Launched": 6,
                    "Single Copy": false,
                    "Plans": [
                        {
                            "Node Type": "Aggregate",
                            "Strategy": "Plain",
                            "Partial Mode": "Partial",
                            "Parent Relationship": "Outer",
                            "Parallel Aware": false,
                            "Startup Cost": 348513.61,
                            "Total Cost": 348513.62,
                            "Plan Rows": 1,
                            "Plan Width": 8,
                            "Actual Startup Time": 686.859,
                            "Actual Total Time": 686.86,
                            "Actual Rows": 1,
                            "Actual Loops": 7,
                            "Output": [
                                "PARTIAL count(*)"
                            ],
                            "Workers": [
                                {
                                    "Worker Number": 0,
                                    "Actual Startup Time": 684.298,
                                    "Actual Total Time": 684.299,
                                    "Actual Rows": 1,
                                    "Actual Loops": 1
                                },
                                {
                                    "Worker Number": 1,
                                    "Actual Startup Time": 685.043,
                                    "Actual Total Time": 685.044,
                                    "Actual Rows": 1,
                                    "Actual Loops": 1
                                },
                                {
                                    "Worker Number": 2,
                                    "Actual Startup Time": 685.404,
                                    "Actual Total Time": 685.405,
                                    "Actual Rows": 1,
                                    "Actual Loops": 1
                                },
                                {
                                    "Worker Number": 3,
                                    "Actual Startup Time": 685.439,
                                    "Actual Total Time": 685.44,
                                    "Actual Rows": 1,
                                    "Actual Loops": 1
                                },
                                {
                                    "Worker Number": 4,
                                    "Actual Startup Time": 685.535,
                                    "Actual Total Time": 685.536,
                                    "Actual Rows": 1,
                                    "Actual Loops": 1
                                },
                                {
                                    "Worker Number": 5,
                                    "Actual Startup Time": 686.129,
                                    "Actual Total Time": 686.129,
                                    "Actual Rows": 1,
                                    "Actual Loops": 1
                                }
                            ],
                            "Plans": [
                                {
                                    "Node Type": "Seq Scan",
                                    "Parent Relationship": "Outer",
                                    "Parallel Aware": true,
                                    "Relation Name": "cast_info",
                                    "Schema": "public",
                                    "Alias": "ci",
                                    "Startup Cost": 0.0,
                                    "Total Cost": 343318.94,
                                    "Plan Rows": 2077869,
                                    "Plan Width": 0,
                                    "Actual Startup Time": 229.657,
                                    "Actual Total Time": 639.274,
                                    "Actual Rows": 926436,
                                    "Actual Loops": 7,
                                    "Output": [
                                        "id",
                                        "person_id",
                                        "movie_id",
                                        "person_role_id",
                                        "note",
                                        "nr_order",
                                        "role_id"
                                    ],
                                    "Filter": "((ci.person_id < 1914164) AND (ci.role_id > 1))",
                                    "Rows Removed by Filter": 4251328,
                                    "Workers": [
                                        {
                                            "Worker Number": 0,
                                            "Actual Startup Time": 227.101,
                                            "Actual Total Time": 640.193,
                                            "Actual Rows": 1056299,
                                            "Actual Loops": 1
                                        },
                                        {
                                            "Worker Number": 1,
                                            "Actual Startup Time": 227.849,
                                            "Actual Total Time": 637.286,
                                            "Actual Rows": 704011,
                                            "Actual Loops": 1
                                        },
                                        {
                                            "Worker Number": 2,
                                            "Actual Startup Time": 228.184,
                                            "Actual Total Time": 637.515,
                                            "Actual Rows": 705276,
                                            "Actual Loops": 1
                                        },
                                        {
                                            "Worker Number": 3,
                                            "Actual Startup Time": 228.233,
                                            "Actual Total Time": 638.411,
                                            "Actual Rows": 1018319,
                                            "Actual Loops": 1
                                        },
                                        {
                                            "Worker Number": 4,
                                            "Actual Startup Time": 228.336,
                                            "Actual Total Time": 641.441,
                                            "Actual Rows": 1056132,
                                            "Actual Loops": 1
                                        },
                                        {
                                            "Worker Number": 5,
                                            "Actual Startup Time": 228.933,
                                            "Actual Total Time": 639.457,
                                            "Actual Rows": 1028726,
                                            "Actual Loops": 1
                                        }
                                    ]
                                }
                            ]
                        }
                    ]
                }
            ]
        },
        "Planning Time": 287.569,
        "Triggers": [],
        "Execution Time": 740.007
    }
]