{
  "Plan": {
    "Node Type": "Aggregate",
    "Strategy": "Plain",
    "Partial Mode": "Finalize",
    "Parallel Aware": false,
    "Startup Cost": 101411.5,
    "Total Cost": 101411.51,
    "Plan Rows": 1,
    "Plan Width": 8,
    "Actual Startup Time": 480.496,
    "Actual Total Time": 499.798,
    "Actual Rows": 1,
    "Actual Loops": 1,
    "Plans": [
      {
        "Node Type": "Gather",
        "Parent Relationship": "Outer",
        "Parallel Aware": false,
        "Startup Cost": 101411.39,
        "Total Cost": 101411.5,
        "Plan Rows": 1,
        "Plan Width": 8,
        "Actual Startup Time": 477.775,
        "Actual Total Time": 499.789,
        "Actual Rows": 2,
        "Actual Loops": 1,
        "Workers Planned": 1,
        "Workers Launched": 1,
        "Single Copy": false,
        "Plans": [
          {
            "Node Type": "Aggregate",
            "Strategy": "Plain",
            "Partial Mode": "Partial",
            "Parent Relationship": "Outer",
            "Parallel Aware": false,
            "Startup Cost": 100411.39,
            "Total Cost": 100411.4,
            "Plan Rows": 1,
            "Plan Width": 8,
            "Actual Startup Time": 471.803,
            "Actual Total Time": 471.806,
            "Actual Rows": 1,
            "Actual Loops": 2,
            "Plans": [
              {
                "Node Type": "Hash Join",
                "Parent Relationship": "Outer",
                "Parallel Aware": true,
                "Join Type": "Inner",
                "Startup Cost": 71188.63,
                "Total Cost": 100178.1,
                "Plan Rows": 93314,
                "Plan Width": 0,
                "Actual Startup Time": 329.692,
                "Actual Total Time": 469.265,
                "Actual Rows": 43734,
                "Actual Loops": 2,
                "Inner Unique": true,
                "Hash Cond": "(mk.movie_id = t.id)",
                "Plans": [
                  {
                    "Node Type": "Bitmap Heap Scan",
                    "Parent Relationship": "Outer",
                    "Parallel Aware": true,
                    "Relation Name": "movie_keyword",
                    "Alias": "mk",
                    "Startup Cost": 10815.17,
                    "Total Cost": 39017.49,
                    "Plan Rows": 299866,
                    "Plan Width": 4,
                    "Actual Startup Time": 29.718,
                    "Actual Total Time": 106.353,
                    "Actual Rows": 260439,
                    "Actual Loops": 2,
                    "Recheck Cond": "(keyword_id < 382)",
                    "Rows Removed by Index Recheck": 0,
                    "Exact Heap Blocks": 16173,
                    "Lossy Heap Blocks": 0,
                    "Plans": [
                      {
                        "Node Type": "Bitmap Index Scan",
                        "Parent Relationship": "Outer",
                        "Parallel Aware": false,
                        "Index Name": "keyword_id_movie_keyword",
                        "Startup Cost": 0.0,
                        "Total Cost": 10687.72,
                        "Plan Rows": 509772,
                        "Plan Width": 0,
                        "Actual Startup Time": 26.035,
                        "Actual Total Time": 26.035,
                        "Actual Rows": 520878,
                        "Actual Loops": 1,
                        "Index Cond": "(keyword_id < 382)"
                      }
                    ]
                  },
                  {
                    "Node Type": "Hash",
                    "Parent Relationship": "Inner",
                    "Parallel Aware": true,
                    "Startup Cost": 54588.39,
                    "Total Cost": 54588.39,
                    "Plan Rows": 462806,
                    "Plan Width": 4,
                    "Actual Startup Time": 290.868,
                    "Actual Total Time": 290.868,
                    "Actual Rows": 392463,
                    "Actual Loops": 2,
                    "Hash Buckets": 1048576,
                    "Original Hash Buckets": 1048576,
                    "Hash Batches": 1,
                    "Original Hash Batches": 1,
                    "Peak Memory Usage": 38944,
                    "Plans": [
                      {
                        "Node Type": "Seq Scan",
                        "Parent Relationship": "Outer",
                        "Parallel Aware": true,
                        "Relation Name": "title",
                        "Alias": "t",
                        "Startup Cost": 0.0,
                        "Total Cost": 54588.39,
                        "Plan Rows": 462806,
                        "Plan Width": 4,
                        "Actual Startup Time": 0.032,
                        "Actual Total Time": 176.839,
                        "Actual Rows": 392463,
                        "Actual Loops": 2,
                        "Filter": "(production_year > 2007)",
                        "Rows Removed by Filter": 871693
                      }
                    ]
                  }
                ]
              }
            ]
          }
        ]
      }
    ]
  },
  "Planning Time": 0.504,
  "Triggers": [],
  "Execution Time": 499.891
}