{
  "Plan": {
    "Node Type": "Aggregate",
    "Strategy": "Plain",
    "Partial Mode": "Finalize",
    "Parallel Aware": false,
    "Startup Cost": 229641.44,
    "Total Cost": 229641.45,
    "Plan Rows": 1,
    "Plan Width": 8,
    "Actual Startup Time": 267.973,
    "Actual Total Time": 282.226,
    "Actual Rows": 1,
    "Actual Loops": 1,
    "Plans": [
      {
        "Node Type": "Gather",
        "Parent Relationship": "Outer",
        "Parallel Aware": false,
        "Startup Cost": 229641.33,
        "Total Cost": 229641.44,
        "Plan Rows": 1,
        "Plan Width": 8,
        "Actual Startup Time": 266.997,
        "Actual Total Time": 282.216,
        "Actual Rows": 2,
        "Actual Loops": 1,
        "Workers Planned": 1,
        "Workers Launched": 1,
        "Single Copy": false,
        "Plans": [
          {
            "Node Type": "Aggregate",
            "Strategy": "Plain",
            "Partial Mode": "Partial",
            "Parent Relationship": "Outer",
            "Parallel Aware": false,
            "Startup Cost": 228641.33,
            "Total Cost": 228641.34,
            "Plan Rows": 1,
            "Plan Width": 8,
            "Actual Startup Time": 262.922,
            "Actual Total Time": 262.925,
            "Actual Rows": 1,
            "Actual Loops": 2,
            "Plans": [
              {
                "Node Type": "Hash Join",
                "Parent Relationship": "Outer",
                "Parallel Aware": true,
                "Join Type": "Inner",
                "Startup Cost": 63297.0,
                "Total Cost": 228582.66,
                "Plan Rows": 23468,
                "Plan Width": 0,
                "Actual Startup Time": 202.443,
                "Actual Total Time": 261.301,
                "Actual Rows": 35952,
                "Actual Loops": 2,
                "Inner Unique": true,
                "Hash Cond": "(mi.movie_id = t.id)",
                "Plans": [
                  {
                    "Node Type": "Bitmap Heap Scan",
                    "Parent Relationship": "Outer",
                    "Parallel Aware": true,
                    "Relation Name": "movie_info",
                    "Alias": "mi",
                    "Startup Cost": 6704.59,
                    "Total Cost": 171418.79,
                    "Plan Rows": 217696,
                    "Plan Width": 4,
                    "Actual Startup Time": 13.808,
                    "Actual Total Time": 45.858,
                    "Actual Rows": 184109,
                    "Actual Loops": 2,
                    "Recheck Cond": "(info_type_id = 17)",
                    "Rows Removed by Index Recheck": 0,
                    "Exact Heap Blocks": 6256,
                    "Lossy Heap Blocks": 0,
                    "Plans": [
                      {
                        "Node Type": "Bitmap Index Scan",
                        "Parent Relationship": "Outer",
                        "Parallel Aware": false,
                        "Index Name": "info_type_id_movie_info",
                        "Startup Cost": 0.0,
                        "Total Cost": 6612.07,
                        "Plan Rows": 370084,
                        "Plan Width": 0,
                        "Actual Startup Time": 12.266,
                        "Actual Total Time": 12.267,
                        "Actual Rows": 368218,
                        "Actual Loops": 1,
                        "Index Cond": "(info_type_id = 17)"
                      }
                    ]
                  },
                  {
                    "Node Type": "Hash",
                    "Parent Relationship": "Inner",
                    "Parallel Aware": true,
                    "Startup Cost": 54588.39,
                    "Total Cost": 54588.39,
                    "Plan Rows": 160322,
                    "Plan Width": 4,
                    "Actual Startup Time": 182.619,
                    "Actual Total Time": 182.62,
                    "Actual Rows": 142528,
                    "Actual Loops": 2,
                    "Hash Buckets": 524288,
                    "Original Hash Buckets": 524288,
                    "Hash Batches": 1,
                    "Original Hash Batches": 1,
                    "Peak Memory Usage": 15296,
                    "Plans": [
                      {
                        "Node Type": "Seq Scan",
                        "Parent Relationship": "Outer",
                        "Parallel Aware": true,
                        "Relation Name": "title",
                        "Alias": "t",
                        "Startup Cost": 0.0,
                        "Total Cost": 54588.39,
                        "Plan Rows": 160322,
                        "Plan Width": 4,
                        "Actual Startup Time": 0.028,
                        "Actual Total Time": 143.581,
                        "Actual Rows": 142528,
                        "Actual Loops": 2,
                        "Filter": "(production_year < 1964)",
                        "Rows Removed by Filter": 1121628
                      }
                    ]
                  }
                ]
              }
            ]
          }
        ]
      }
    ]
  },
  "Planning Time": 0.59,
  "Triggers": [],
  "Execution Time": 282.316
}