[
  {
    "Plan": {
      "Node Type": "Aggregate",
      "Strategy": "Plain",
      "Partial Mode": "Finalize",
      "Parallel Aware": false,
      "Startup Cost": 242377.86,
      "Total Cost": 242377.87,
      "Plan Rows": 1,
      "Plan Width": 8,
      "Actual Startup Time": 628.246,
      "Actual Total Time": 650.019,
      "Actual Rows": 1,
      "Actual Loops": 1,
      "Plans": [
        {
          "Node Type": "Gather",
          "Parent Relationship": "Outer",
          "Parallel Aware": false,
          "Startup Cost": 242377.64,
          "Total Cost": 242377.85,
          "Plan Rows": 2,
          "Plan Width": 8,
          "Actual Startup Time": 618.468,
          "Actual Total Time": 650.009,
          "Actual Rows": 3,
          "Actual Loops": 1,
          "Workers Planned": 2,
          "Workers Launched": 2,
          "Single Copy": false,
          "Plans": [
            {
              "Node Type": "Aggregate",
              "Strategy": "Plain",
              "Partial Mode": "Partial",
              "Parent Relationship": "Outer",
              "Parallel Aware": false,
              "Startup Cost": 241377.64,
              "Total Cost": 241377.65,
              "Plan Rows": 1,
              "Plan Width": 8,
              "Actual Startup Time": 608.866,
              "Actual Total Time": 608.874,
              "Actual Rows": 1,
              "Actual Loops": 3,
              "Plans": [
                {
                  "Node Type": "Hash Join",
                  "Parent Relationship": "Outer",
                  "Parallel Aware": true,
                  "Join Type": "Inner",
                  "Startup Cost": 225333.88,
                  "Total Cost": 241265.25,
                  "Plan Rows": 44957,
                  "Plan Width": 0,
                  "Actual Startup Time": 508.348,
                  "Actual Total Time": 600.738,
                  "Actual Rows": 198432,
                  "Actual Loops": 3,
                  "Inner Unique": false,
                  "Hash Cond": "(mi_idx.movie_id = t.id)",
                  "Plans": [
                    {
                      "Node Type": "Seq Scan",
                      "Parent Relationship": "Outer",
                      "Parallel Aware": true,
                      "Relation Name": "movie_info_idx",
                      "Alias": "mi_idx",
                      "Startup Cost": 0.0,
                      "Total Cost": 13685.15,
                      "Plan Rows": 575015,
                      "Plan Width": 4,
                      "Actual Startup Time": 0.021,
                      "Actual Total Time": 38.543,
                      "Actual Rows": 460012,
                      "Actual Loops": 3
                    },
                    {
                      "Node Type": "Hash",
                      "Parent Relationship": "Inner",
                      "Parallel Aware": true,
                      "Startup Cost": 224839.67,
                      "Total Cost": 224839.67,
                      "Plan Rows": 39537,
                      "Plan Width": 8,
                      "Actual Startup Time": 504.766,
                      "Actual Total Time": 504.773,
                      "Actual Rows": 65918,
                      "Actual Loops": 3,
                      "Hash Buckets": 262144,
                      "Original Hash Buckets": 262144,
                      "Hash Batches": 1,
                      "Original Hash Batches": 1,
                      "Peak Memory Usage": 9824,
                      "Plans": [
                        {
                          "Node Type": "Hash Join",
                          "Parent Relationship": "Outer",
                          "Parallel Aware": true,
                          "Join Type": "Inner",
                          "Startup Cost": 53796.86,
                          "Total Cost": 224839.67,
                          "Plan Rows": 39537,
                          "Plan Width": 8,
                          "Actual Startup Time": 453.715,
                          "Actual Total Time": 484.651,
                          "Actual Rows": 65918,
                          "Actual Loops": 3,
                          "Inner Unique": true,
                          "Hash Cond": "(mi.movie_id = t.id)",
                          "Plans": [
                            {
                              "Node Type": "Bitmap Heap Scan",
                              "Parent Relationship": "Outer",
                              "Parallel Aware": true,
                              "Relation Name": "movie_info",
                              "Alias": "mi",
                              "Startup Cost": 3576.48,
                              "Total Cost": 174515.5,
                              "Plan Rows": 39537,
                              "Plan Width": 4,
                              "Actual Startup Time": 6.962,
                              "Actual Total Time": 21.12,
                              "Actual Rows": 65918,
                              "Actual Loops": 3,
                              "Recheck Cond": "(info_type_id > 106)",
                              "Rows Removed by Index Recheck": 0,
                              "Exact Heap Blocks": 1963,
                              "Lossy Heap Blocks": 0,
                              "Plans": [
                                {
                                  "Node Type": "Bitmap Index Scan",
                                  "Parent Relationship": "Outer",
                                  "Parallel Aware": false,
                                  "Index Name": "info_type_id_movie_info",
                                  "Startup Cost": 0.0,
                                  "Total Cost": 3527.06,
                                  "Plan Rows": 197683,
                                  "Plan Width": 0,
                                  "Actual Startup Time": 6.176,
                                  "Actual Total Time": 6.177,
                                  "Actual Rows": 197754,
                                  "Actual Loops": 1,
                                  "Index Cond": "(info_type_id > 106)"
                                }
                              ]
                            },
                            {
                              "Node Type": "Hash",
                              "Parent Relationship": "Inner",
                              "Parallel Aware": true,
                              "Startup Cost": 42319.06,
                              "Total Cost": 42319.06,
                              "Plan Rows": 632106,
                              "Plan Width": 4,
                              "Actual Startup Time": 434.185,
                              "Actual Total Time": 434.187,
                              "Actual Rows": 842771,
                              "Actual Loops": 3,
                              "Hash Buckets": 4194304,
                              "Original Hash Buckets": 4194304,
                              "Hash Batches": 1,
                              "Original Hash Batches": 1,
                              "Peak Memory Usage": 131712,
                              "Plans": [
                                {
                                  "Node Type": "Seq Scan",
                                  "Parent Relationship": "Outer",
                                  "Parallel Aware": true,
                                  "Relation Name": "title",
                                  "Alias": "t",
                                  "Startup Cost": 0.0,
                                  "Total Cost": 42319.06,
                                  "Plan Rows": 632106,
                                  "Plan Width": 4,
                                  "Actual Startup Time": 0.042,
                                  "Actual Total Time": 119.609,
                                  "Actual Rows": 842771,
                                  "Actual Loops": 3
                                }
                              ]
                            }
                          ]
                        }
                      ]
                    }
                  ]
                }
              ]
            }
          ]
        }
      ]
    },
    "Planning Time": 0.889,
    "Triggers": [],
    "Execution Time": 650.094
  }
]