[
    {
        "Bao": {
            "Bao prediction": 468.021,
            "Bao recommended hint": "(no hint)"
        }
    },
    {
        "Plan": {
            "Node Type": "Aggregate",
            "Strategy": "Plain",
            "Partial Mode": "Finalize",
            "Parallel Aware": false,
            "Startup Cost": 31284.17,
            "Total Cost": 31284.18,
            "Plan Rows": 1,
            "Plan Width": 8,
            "Actual Startup Time": 103.454,
            "Actual Total Time": 107.984,
            "Actual Rows": 1,
            "Actual Loops": 1,
            "Output": [
                "count(*)"
            ],
            "Plans": [
                {
                    "Node Type": "Gather",
                    "Parent Relationship": "Outer",
                    "Parallel Aware": false,
                    "Startup Cost": 31283.85,
                    "Total Cost": 31284.16,
                    "Plan Rows": 3,
                    "Plan Width": 8,
                    "Actual Startup Time": 103.33,
                    "Actual Total Time": 107.978,
                    "Actual Rows": 4,
                    "Actual Loops": 1,
                    "Output": [
                        "(PARTIAL count(*))"
                    ],
                    "Workers Planned": 3,
                    "Workers Launched": 3,
                    "Single Copy": false,
                    "Plans": [
                        {
                            "Node Type": "Aggregate",
                            "Strategy": "Plain",
                            "Partial Mode": "Partial",
                            "Parent Relationship": "Outer",
                            "Parallel Aware": false,
                            "Startup Cost": 30283.85,
                            "Total Cost": 30283.86,
                            "Plan Rows": 1,
                            "Plan Width": 8,
                            "Actual Startup Time": 95.827,
                            "Actual Total Time": 95.828,
                            "Actual Rows": 1,
                            "Actual Loops": 4,
                            "Output": [
                                "PARTIAL count(*)"
                            ],
                            "Workers": [
                                {
                                    "Worker Number": 0,
                                    "Actual Startup Time": 93.058,
                                    "Actual Total Time": 93.059,
                                    "Actual Rows": 1,
                                    "Actual Loops": 1
                                },
                                {
                                    "Worker Number": 1,
                                    "Actual Startup Time": 93.72,
                                    "Actual Total Time": 93.721,
                                    "Actual Rows": 1,
                                    "Actual Loops": 1
                                },
                                {
                                    "Worker Number": 2,
                                    "Actual Startup Time": 93.775,
                                    "Actual Total Time": 93.777,
                                    "Actual Rows": 1,
                                    "Actual Loops": 1
                                }
                            ],
                            "Plans": [
                                {
                                    "Node Type": "Seq Scan",
                                    "Parent Relationship": "Outer",
                                    "Parallel Aware": true,
                                    "Relation Name": "movie_companies",
                                    "Schema": "public",
                                    "Alias": "mc",
                                    "Startup Cost": 0.0,
                                    "Total Cost": 29310.68,
                                    "Plan Rows": 389267,
                                    "Plan Width": 0,
                                    "Actual Startup Time": 23.3,
                                    "Actual Total Time": 81.385,
                                    "Actual Rows": 303564,
                                    "Actual Loops": 4,
                                    "Output": [
                                        "id",
                                        "movie_id",
                                        "company_id",
                                        "company_type_id",
                                        "note"
                                    ],
                                    "Filter": "(mc.company_id > 12124)",
                                    "Rows Removed by Filter": 348718,
                                    "Workers": [
                                        {
                                            "Worker Number": 0,
                                            "Actual Startup Time": 20.526,
                                            "Actual Total Time": 79.562,
                                            "Actual Rows": 299236,
                                            "Actual Loops": 1
                                        },
                                        {
                                            "Worker Number": 1,
                                            "Actual Startup Time": 21.2,
                                            "Actual Total Time": 79.589,
                                            "Actual Rows": 279739,
                                            "Actual Loops": 1
                                        },
                                        {
                                            "Worker Number": 2,
                                            "Actual Startup Time": 21.242,
                                            "Actual Total Time": 79.571,
                                            "Actual Rows": 284014,
                                            "Actual Loops": 1
                                        }
                                    ]
                                }
                            ]
                        }
                    ]
                }
            ]
        },
        "Planning Time": 1100.903,
        "Triggers": [],
        "Execution Time": 108.074
    }
]