[
  {
    "Plan": {
      "Node Type": "Aggregate",
      "Strategy": "Plain",
      "Partial Mode": "Finalize",
      "Parallel Aware": false,
      "Startup Cost": 32025.64,
      "Total Cost": 32025.65,
      "Plan Rows": 1,
      "Plan Width": 8,
      "Actual Startup Time": 113.985,
      "Actual Total Time": 122.29,
      "Actual Rows": 1,
      "Actual Loops": 1,
      "Plans": [
        {
          "Node Type": "Gather",
          "Parent Relationship": "Outer",
          "Parallel Aware": false,
          "Startup Cost": 32025.32,
          "Total Cost": 32025.63,
          "Plan Rows": 3,
          "Plan Width": 8,
          "Actual Startup Time": 113.823,
          "Actual Total Time": 122.278,
          "Actual Rows": 4,
          "Actual Loops": 1,
          "Workers Planned": 3,
          "Workers Launched": 3,
          "Single Copy": false,
          "Plans": [
            {
              "Node Type": "Aggregate",
              "Strategy": "Plain",
              "Partial Mode": "Partial",
              "Parent Relationship": "Outer",
              "Parallel Aware": false,
              "Startup Cost": 31025.32,
              "Total Cost": 31025.33,
              "Plan Rows": 1,
              "Plan Width": 8,
              "Actual Startup Time": 108.471,
              "Actual Total Time": 108.473,
              "Actual Rows": 1,
              "Actual Loops": 4,
              "Plans": [
                {
                  "Node Type": "Seq Scan",
                  "Parent Relationship": "Outer",
                  "Parallel Aware": true,
                  "Relation Name": "movie_companies",
                  "Alias": "mc",
                  "Startup Cost": 0.0,
                  "Total Cost": 29310.68,
                  "Plan Rows": 685857,
                  "Plan Width": 0,
                  "Actual Startup Time": 0.037,
                  "Actual Total Time": 82.258,
                  "Actual Rows": 531960,
                  "Actual Loops": 4,
                  "Filter": "(company_id < 75175)",
                  "Rows Removed by Filter": 120323
                }
              ]
            }
          ]
        }
      ]
    },
    "Planning Time": 0.121,
    "Triggers": [],
    "Execution Time": 122.328
  }
]