[
    {
        "Bao": {
            "Bao prediction": 444.84,
            "Bao recommended hint": "SET enable_mergejoin TO off; "
        }
    },
    {
        "Plan": {
            "Node Type": "Aggregate",
            "Strategy": "Plain",
            "Partial Mode": "Finalize",
            "Parallel Aware": false,
            "Startup Cost": 44319.87,
            "Total Cost": 44319.88,
            "Plan Rows": 1,
            "Plan Width": 8,
            "Actual Startup Time": 116.933,
            "Actual Total Time": 123.242,
            "Actual Rows": 1,
            "Actual Loops": 1,
            "Output": [
                "count(*)"
            ],
            "Plans": [
                {
                    "Node Type": "Gather",
                    "Parent Relationship": "Outer",
                    "Parallel Aware": false,
                    "Startup Cost": 44319.55,
                    "Total Cost": 44319.86,
                    "Plan Rows": 3,
                    "Plan Width": 8,
                    "Actual Startup Time": 116.853,
                    "Actual Total Time": 123.235,
                    "Actual Rows": 4,
                    "Actual Loops": 1,
                    "Output": [
                        "(PARTIAL count(*))"
                    ],
                    "Workers Planned": 3,
                    "Workers Launched": 3,
                    "Single Copy": false,
                    "Plans": [
                        {
                            "Node Type": "Aggregate",
                            "Strategy": "Plain",
                            "Partial Mode": "Partial",
                            "Parent Relationship": "Outer",
                            "Parallel Aware": false,
                            "Startup Cost": 43319.55,
                            "Total Cost": 43319.56,
                            "Plan Rows": 1,
                            "Plan Width": 8,
                            "Actual Startup Time": 109.254,
                            "Actual Total Time": 109.255,
                            "Actual Rows": 1,
                            "Actual Loops": 4,
                            "Output": [
                                "PARTIAL count(*)"
                            ],
                            "Workers": [
                                {
                                    "Worker Number": 0,
                                    "Actual Startup Time": 106.632,
                                    "Actual Total Time": 106.633,
                                    "Actual Rows": 1,
                                    "Actual Loops": 1
                                },
                                {
                                    "Worker Number": 1,
                                    "Actual Startup Time": 106.706,
                                    "Actual Total Time": 106.707,
                                    "Actual Rows": 1,
                                    "Actual Loops": 1
                                },
                                {
                                    "Worker Number": 2,
                                    "Actual Startup Time": 107.416,
                                    "Actual Total Time": 107.416,
                                    "Actual Rows": 1,
                                    "Actual Loops": 1
                                }
                            ],
                            "Plans": [
                                {
                                    "Node Type": "Seq Scan",
                                    "Parent Relationship": "Outer",
                                    "Parallel Aware": true,
                                    "Relation Name": "movie_keyword",
                                    "Schema": "public",
                                    "Alias": "mk",
                                    "Startup Cost": 0.0,
                                    "Total Cost": 42695.65,
                                    "Plan Rows": 249558,
                                    "Plan Width": 0,
                                    "Actual Startup Time": 5.874,
                                    "Actual Total Time": 98.953,
                                    "Actual Rows": 189414,
                                    "Actual Loops": 4,
                                    "Output": [
                                        "id",
                                        "movie_id",
                                        "keyword_id"
                                    ],
                                    "Filter": "(mk.keyword_id > 24709)",
                                    "Rows Removed by Filter": 941569,
                                    "Workers": [
                                        {
                                            "Worker Number": 0,
                                            "Actual Startup Time": 3.255,
                                            "Actual Total Time": 96.72,
                                            "Actual Rows": 173015,
                                            "Actual Loops": 1
                                        },
                                        {
                                            "Worker Number": 1,
                                            "Actual Startup Time": 3.335,
                                            "Actual Total Time": 96.717,
                                            "Actual Rows": 175957,
                                            "Actual Loops": 1
                                        },
                                        {
                                            "Worker Number": 2,
                                            "Actual Startup Time": 4.033,
                                            "Actual Total Time": 97.545,
                                            "Actual Rows": 174543,
                                            "Actual Loops": 1
                                        }
                                    ]
                                }
                            ]
                        }
                    ]
                }
            ]
        },
        "Planning Time": 425.348,
        "Triggers": [],
        "Execution Time": 123.316
    }
]