{
  "Plan": {
    "Node Type": "Aggregate",
    "Strategy": "Plain",
    "Partial Mode": "Finalize",
    "Parallel Aware": false,
    "Startup Cost": 586281.48,
    "Total Cost": 586281.49,
    "Plan Rows": 1,
    "Plan Width": 8,
    "Actual Startup Time": 1801.615,
    "Actual Total Time": 1833.952,
    "Actual Rows": 1,
    "Actual Loops": 1,
    "Plans": [
      {
        "Node Type": "Gather",
        "Parent Relationship": "Outer",
        "Parallel Aware": false,
        "Startup Cost": 586281.36,
        "Total Cost": 586281.47,
        "Plan Rows": 1,
        "Plan Width": 8,
        "Actual Startup Time": 1799.79,
        "Actual Total Time": 1833.942,
        "Actual Rows": 2,
        "Actual Loops": 1,
        "Workers Planned": 1,
        "Workers Launched": 1,
        "Single Copy": false,
        "Plans": [
          {
            "Node Type": "Aggregate",
            "Strategy": "Plain",
            "Partial Mode": "Partial",
            "Parent Relationship": "Outer",
            "Parallel Aware": false,
            "Startup Cost": 585281.36,
            "Total Cost": 585281.37,
            "Plan Rows": 1,
            "Plan Width": 8,
            "Actual Startup Time": 1793.741,
            "Actual Total Time": 1793.933,
            "Actual Rows": 1,
            "Actual Loops": 2,
            "Plans": [
              {
                "Node Type": "Hash Join",
                "Parent Relationship": "Outer",
                "Parallel Aware": true,
                "Join Type": "Inner",
                "Startup Cost": 265160.19,
                "Total Cost": 585156.72,
                "Plan Rows": 49858,
                "Plan Width": 0,
                "Actual Startup Time": 614.722,
                "Actual Total Time": 1791.875,
                "Actual Rows": 24725,
                "Actual Loops": 2,
                "Inner Unique": false,
                "Hash Cond": "(t.id = mc.movie_id)",
                "Plans": [
                  {
                    "Node Type": "Hash Join",
                    "Parent Relationship": "Outer",
                    "Parallel Aware": true,
                    "Join Type": "Inner",
                    "Startup Cost": 220864.76,
                    "Total Cost": 538439.06,
                    "Plan Rows": 340632,
                    "Plan Width": 8,
                    "Actual Startup Time": 475.415,
                    "Actual Total Time": 1592.479,
                    "Actual Rows": 308072,
                    "Actual Loops": 2,
                    "Inner Unique": true,
                    "Hash Cond": "(ci.movie_id = t.id)",
                    "Plans": [
                      {
                        "Node Type": "Bitmap Heap Scan",
                        "Parent Relationship": "Outer",
                        "Parallel Aware": true,
                        "Relation Name": "cast_info",
                        "Alias": "ci",
                        "Startup Cost": 161082.21,
                        "Total Cost": 467395.07,
                        "Plan Rows": 4290068,
                        "Plan Width": 4,
                        "Actual Startup Time": 285.588,
                        "Actual Total Time": 750.793,
                        "Actual Rows": 3588772,
                        "Actual Loops": 2,
                        "Recheck Cond": "(person_id > 2950046)",
                        "Rows Removed by Index Recheck": 0,
                        "Exact Heap Blocks": 57426,
                        "Lossy Heap Blocks": 0,
                        "Plans": [
                          {
                            "Node Type": "Bitmap Index Scan",
                            "Parent Relationship": "Outer",
                            "Parallel Aware": false,
                            "Index Name": "person_id_cast_info",
                            "Startup Cost": 0.0,
                            "Total Cost": 159258.93,
                            "Plan Rows": 7293116,
                            "Plan Width": 0,
                            "Actual Startup Time": 270.301,
                            "Actual Total Time": 270.302,
                            "Actual Rows": 7177544,
                            "Actual Loops": 1,
                            "Index Cond": "(person_id > 2950046)"
                          }
                        ]
                      },
                      {
                        "Node Type": "Hash",
                        "Parent Relationship": "Inner",
                        "Parallel Aware": true,
                        "Startup Cost": 58306.47,
                        "Total Cost": 58306.47,
                        "Plan Rows": 118086,
                        "Plan Width": 4,
                        "Actual Startup Time": 189.024,
                        "Actual Total Time": 189.025,
                        "Actual Rows": 156964,
                        "Actual Loops": 2,
                        "Hash Buckets": 524288,
                        "Original Hash Buckets": 262144,
                        "Hash Batches": 1,
                        "Original Hash Batches": 1,
                        "Peak Memory Usage": 18464,
                        "Plans": [
                          {
                            "Node Type": "Seq Scan",
                            "Parent Relationship": "Outer",
                            "Parallel Aware": true,
                            "Relation Name": "title",
                            "Alias": "t",
                            "Startup Cost": 0.0,
                            "Total Cost": 58306.47,
                            "Plan Rows": 118086,
                            "Plan Width": 4,
                            "Actual Startup Time": 0.039,
                            "Actual Total Time": 145.238,
                            "Actual Rows": 156964,
                            "Actual Loops": 2,
                            "Filter": "((kind_id < 7) AND (production_year < 1981))",
                            "Rows Removed by Filter": 1107192
                          }
                        ]
                      }
                    ]
                  },
                  {
                    "Node Type": "Hash",
                    "Parent Relationship": "Inner",
                    "Parallel Aware": true,
                    "Startup Cost": 41574.35,
                    "Total Cost": 41574.35,
                    "Plan Rows": 217686,
                    "Plan Width": 4,
                    "Actual Startup Time": 132.793,
                    "Actual Total Time": 132.793,
                    "Actual Rows": 29220,
                    "Actual Loops": 2,
                    "Hash Buckets": 524288,
                    "Original Hash Buckets": 524288,
                    "Hash Batches": 1,
                    "Original Hash Batches": 1,
                    "Peak Memory Usage": 6400,
                    "Plans": [
                      {
                        "Node Type": "Index Scan",
                        "Parent Relationship": "Outer",
                        "Parallel Aware": true,
                        "Scan Direction": "Forward",
                        "Index Name": "company_type_id_movie_companies",
                        "Relation Name": "movie_companies",
                        "Alias": "mc",
                        "Startup Cost": 0.43,
                        "Total Cost": 41574.35,
                        "Plan Rows": 217686,
                        "Plan Width": 4,
                        "Actual Startup Time": 61.193,
                        "Actual Total Time": 123.568,
                        "Actual Rows": 29220,
                        "Actual Loops": 2,
                        "Index Cond": "(company_type_id < 2)",
                        "Rows Removed by Index Recheck": 0,
                        "Filter": "(company_id > 34505)",
                        "Rows Removed by Filter": 607902
                      }
                    ]
                  }
                ]
              }
            ]
          }
        ]
      }
    ]
  },
  "Planning Time": 0.534,
  "Triggers": [],
  "Execution Time": 1834.018
}