[
  {
    "Plan": {
      "Node Type": "Aggregate",
      "Strategy": "Plain",
      "Partial Mode": "Finalize",
      "Parallel Aware": false,
      "Startup Cost": 77441.89,
      "Total Cost": 77441.9,
      "Plan Rows": 1,
      "Plan Width": 8,
      "Actual Startup Time": 320.883,
      "Actual Total Time": 336.307,
      "Actual Rows": 1,
      "Actual Loops": 1,
      "Plans": [
        {
          "Node Type": "Gather",
          "Parent Relationship": "Outer",
          "Parallel Aware": false,
          "Startup Cost": 77441.47,
          "Total Cost": 77441.88,
          "Plan Rows": 4,
          "Plan Width": 8,
          "Actual Startup Time": 319.589,
          "Actual Total Time": 336.297,
          "Actual Rows": 5,
          "Actual Loops": 1,
          "Workers Planned": 4,
          "Workers Launched": 4,
          "Single Copy": false,
          "Plans": [
            {
              "Node Type": "Aggregate",
              "Strategy": "Plain",
              "Partial Mode": "Partial",
              "Parent Relationship": "Outer",
              "Parallel Aware": false,
              "Startup Cost": 76441.47,
              "Total Cost": 76441.48,
              "Plan Rows": 1,
              "Plan Width": 8,
              "Actual Startup Time": 309.815,
              "Actual Total Time": 309.819,
              "Actual Rows": 1,
              "Actual Loops": 5,
              "Plans": [
                {
                  "Node Type": "Hash Join",
                  "Parent Relationship": "Outer",
                  "Parallel Aware": true,
                  "Join Type": "Inner",
                  "Startup Cost": 30403.28,
                  "Total Cost": 76197.36,
                  "Plan Rows": 97645,
                  "Plan Width": 0,
                  "Actual Startup Time": 124.676,
                  "Actual Total Time": 305.917,
                  "Actual Rows": 77525,
                  "Actual Loops": 5,
                  "Inner Unique": false,
                  "Hash Cond": "(t.id = mc.movie_id)",
                  "Plans": [
                    {
                      "Node Type": "Seq Scan",
                      "Parent Relationship": "Outer",
                      "Parallel Aware": true,
                      "Relation Name": "title",
                      "Alias": "t",
                      "Startup Cost": 0.0,
                      "Total Cost": 42318.73,
                      "Plan Rows": 632073,
                      "Plan Width": 4,
                      "Actual Startup Time": 0.012,
                      "Actual Total Time": 69.249,
                      "Actual Rows": 505662,
                      "Actual Loops": 5
                    },
                    {
                      "Node Type": "Hash",
                      "Parent Relationship": "Inner",
                      "Parallel Aware": true,
                      "Startup Cost": 28828.36,
                      "Total Cost": 28828.36,
                      "Plan Rows": 125994,
                      "Plan Width": 4,
                      "Actual Startup Time": 121.694,
                      "Actual Total Time": 121.695,
                      "Actual Rows": 77525,
                      "Actual Loops": 5,
                      "Hash Buckets": 524288,
                      "Original Hash Buckets": 524288,
                      "Hash Batches": 1,
                      "Original Hash Batches": 1,
                      "Peak Memory Usage": 19328,
                      "Plans": [
                        {
                          "Node Type": "Bitmap Heap Scan",
                          "Parent Relationship": "Outer",
                          "Parallel Aware": true,
                          "Relation Name": "movie_companies",
                          "Alias": "mc",
                          "Startup Cost": 8463.43,
                          "Total Cost": 28828.36,
                          "Plan Rows": 125994,
                          "Plan Width": 4,
                          "Actual Startup Time": 35.712,
                          "Actual Total Time": 85.206,
                          "Actual Rows": 77525,
                          "Actual Loops": 5,
                          "Recheck Cond": "(company_id < 228)",
                          "Rows Removed by Index Recheck": 0,
                          "Exact Heap Blocks": 4964,
                          "Lossy Heap Blocks": 0,
                          "Plans": [
                            {
                              "Node Type": "Bitmap Index Scan",
                              "Parent Relationship": "Outer",
                              "Parallel Aware": false,
                              "Index Name": "company_id_movie_companies",
                              "Startup Cost": 0.0,
                              "Total Cost": 8365.79,
                              "Plan Rows": 390581,
                              "Plan Width": 0,
                              "Actual Startup Time": 31.239,
                              "Actual Total Time": 31.24,
                              "Actual Rows": 387626,
                              "Actual Loops": 1,
                              "Index Cond": "(company_id < 228)"
                            }
                          ]
                        }
                      ]
                    }
                  ]
                }
              ]
            }
          ]
        }
      ]
    },
    "Planning Time": 0.618,
    "Triggers": [],
    "Execution Time": 336.422
  }
]