{
  "Plan": {
    "Node Type": "Aggregate",
    "Strategy": "Plain",
    "Partial Mode": "Finalize",
    "Parallel Aware": false,
    "Startup Cost": 22005.82,
    "Total Cost": 22005.83,
    "Plan Rows": 1,
    "Plan Width": 8,
    "Actual Startup Time": 19.438,
    "Actual Total Time": 23.112,
    "Actual Rows": 1,
    "Actual Loops": 1,
    "Plans": [
      {
        "Node Type": "Gather",
        "Parent Relationship": "Outer",
        "Parallel Aware": false,
        "Startup Cost": 22005.71,
        "Total Cost": 22005.82,
        "Plan Rows": 1,
        "Plan Width": 8,
        "Actual Startup Time": 19.335,
        "Actual Total Time": 23.106,
        "Actual Rows": 2,
        "Actual Loops": 1,
        "Workers Planned": 1,
        "Workers Launched": 1,
        "Single Copy": false,
        "Plans": [
          {
            "Node Type": "Aggregate",
            "Strategy": "Plain",
            "Partial Mode": "Partial",
            "Parent Relationship": "Outer",
            "Parallel Aware": false,
            "Startup Cost": 21005.71,
            "Total Cost": 21005.72,
            "Plan Rows": 1,
            "Plan Width": 8,
            "Actual Startup Time": 16.313,
            "Actual Total Time": 16.314,
            "Actual Rows": 1,
            "Actual Loops": 2,
            "Plans": [
              {
                "Node Type": "Nested Loop",
                "Parent Relationship": "Outer",
                "Parallel Aware": false,
                "Join Type": "Inner",
                "Startup Cost": 99.33,
                "Total Cost": 21005.01,
                "Plan Rows": 280,
                "Plan Width": 0,
                "Actual Startup Time": 1.444,
                "Actual Total Time": 16.104,
                "Actual Rows": 1169,
                "Actual Loops": 2,
                "Inner Unique": true,
                "Plans": [
                  {
                    "Node Type": "Bitmap Heap Scan",
                    "Parent Relationship": "Outer",
                    "Parallel Aware": true,
                    "Relation Name": "movie_companies",
                    "Alias": "mc",
                    "Startup Cost": 98.9,
                    "Total Cost": 10673.14,
                    "Plan Rows": 1309,
                    "Plan Width": 4,
                    "Actual Startup Time": 1.358,
                    "Actual Total Time": 6.313,
                    "Actual Rows": 1170,
                    "Actual Loops": 2,
                    "Recheck Cond": "(company_id = 4625)",
                    "Rows Removed by Index Recheck": 0,
                    "Filter": "(company_type_id = 1)",
                    "Rows Removed by Filter": 630,
                    "Exact Heap Blocks": 2182,
                    "Lossy Heap Blocks": 0,
                    "Plans": [
                      {
                        "Node Type": "Bitmap Index Scan",
                        "Parent Relationship": "Outer",
                        "Parallel Aware": false,
                        "Index Name": "company_id_movie_companies",
                        "Startup Cost": 0.0,
                        "Total Cost": 98.34,
                        "Plan Rows": 4522,
                        "Plan Width": 0,
                        "Actual Startup Time": 1.923,
                        "Actual Total Time": 1.923,
                        "Actual Rows": 3599,
                        "Actual Loops": 1,
                        "Index Cond": "(company_id = 4625)"
                      }
                    ]
                  },
                  {
                    "Node Type": "Index Scan",
                    "Parent Relationship": "Inner",
                    "Parallel Aware": false,
                    "Scan Direction": "Forward",
                    "Index Name": "title_pkey",
                    "Relation Name": "title",
                    "Alias": "t",
                    "Startup Cost": 0.43,
                    "Total Cost": 7.89,
                    "Plan Rows": 1,
                    "Plan Width": 4,
                    "Actual Startup Time": 0.008,
                    "Actual Total Time": 0.008,
                    "Actual Rows": 1,
                    "Actual Loops": 2340,
                    "Index Cond": "(id = mc.movie_id)",
                    "Rows Removed by Index Recheck": 0,
                    "Filter": "(production_year < 1983)",
                    "Rows Removed by Filter": 0
                  }
                ]
              }
            ]
          }
        ]
      }
    ]
  },
  "Planning Time": 0.32,
  "Triggers": [],
  "Execution Time": 23.175
}