[
  {
    "Plan": {
      "Node Type": "Aggregate",
      "Strategy": "Plain",
      "Partial Mode": "Finalize",
      "Parallel Aware": false,
      "Startup Cost": 33412.69,
      "Total Cost": 33412.7,
      "Plan Rows": 1,
      "Plan Width": 8,
      "Actual Startup Time": 89.986,
      "Actual Total Time": 95.635,
      "Actual Rows": 1,
      "Actual Loops": 1,
      "Plans": [
        {
          "Node Type": "Gather",
          "Parent Relationship": "Outer",
          "Parallel Aware": false,
          "Startup Cost": 33412.38,
          "Total Cost": 33412.69,
          "Plan Rows": 3,
          "Plan Width": 8,
          "Actual Startup Time": 89.758,
          "Actual Total Time": 95.626,
          "Actual Rows": 4,
          "Actual Loops": 1,
          "Workers Planned": 3,
          "Workers Launched": 3,
          "Single Copy": false,
          "Plans": [
            {
              "Node Type": "Aggregate",
              "Strategy": "Plain",
              "Partial Mode": "Partial",
              "Parent Relationship": "Outer",
              "Parallel Aware": false,
              "Startup Cost": 32412.38,
              "Total Cost": 32412.39,
              "Plan Rows": 1,
              "Plan Width": 8,
              "Actual Startup Time": 85.131,
              "Actual Total Time": 85.132,
              "Actual Rows": 1,
              "Actual Loops": 4,
              "Plans": [
                {
                  "Node Type": "Seq Scan",
                  "Parent Relationship": "Outer",
                  "Parallel Aware": true,
                  "Relation Name": "movie_companies",
                  "Alias": "mc",
                  "Startup Cost": 0.0,
                  "Total Cost": 31414.82,
                  "Plan Rows": 399023,
                  "Plan Width": 0,
                  "Actual Startup Time": 38.523,
                  "Actual Total Time": 73.567,
                  "Actual Rows": 287380,
                  "Actual Loops": 4,
                  "Filter": "((company_id < 118415) AND (company_type_id > 1))",
                  "Rows Removed by Filter": 364902
                }
              ]
            }
          ]
        }
      ]
    },
    "Planning Time": 0.22,
    "Triggers": [],
    "Execution Time": 95.691
  }
]