{
    "Plan": {
        "Node Type": "Aggregate",
        "Strategy": "Plain",
        "Partial Mode": "Finalize",
        "Parallel Aware": false,
        "Startup Cost": 144505.66,
        "Total Cost": 144505.67,
        "Plan Rows": 1,
        "Plan Width": 8,
        "Actual Startup Time": 1823.455,
        "Actual Total Time": 1853.304,
        "Actual Rows": 1,
        "Actual Loops": 1,
        "Output": [
            "count(*)"
        ],
        "Plans": [
            {
                "Node Type": "Gather",
                "Parent Relationship": "Outer",
                "Parallel Aware": false,
                "Startup Cost": 144505.34,
                "Total Cost": 144505.65,
                "Plan Rows": 3,
                "Plan Width": 8,
                "Actual Startup Time": 1807.491,
                "Actual Total Time": 1853.295,
                "Actual Rows": 4,
                "Actual Loops": 1,
                "Output": [
                    "(PARTIAL count(*))"
                ],
                "Workers Planned": 3,
                "Workers Launched": 3,
                "Single Copy": false,
                "Plans": [
                    {
                        "Node Type": "Aggregate",
                        "Strategy": "Plain",
                        "Partial Mode": "Partial",
                        "Parent Relationship": "Outer",
                        "Parallel Aware": false,
                        "Startup Cost": 143505.34,
                        "Total Cost": 143505.35,
                        "Plan Rows": 1,
                        "Plan Width": 8,
                        "Actual Startup Time": 1785.831,
                        "Actual Total Time": 1785.838,
                        "Actual Rows": 1,
                        "Actual Loops": 4,
                        "Output": [
                            "PARTIAL count(*)"
                        ],
                        "Workers": [
                            {
                                "Worker Number": 0,
                                "Actual Startup Time": 1778.76,
                                "Actual Total Time": 1778.766,
                                "Actual Rows": 1,
                                "Actual Loops": 1
                            },
                            {
                                "Worker Number": 1,
                                "Actual Startup Time": 1779.081,
                                "Actual Total Time": 1779.086,
                                "Actual Rows": 1,
                                "Actual Loops": 1
                            },
                            {
                                "Worker Number": 2,
                                "Actual Startup Time": 1778.817,
                                "Actual Total Time": 1778.822,
                                "Actual Rows": 1,
                                "Actual Loops": 1
                            }
                        ],
                        "Plans": [
                            {
                                "Node Type": "Hash Join",
                                "Parent Relationship": "Outer",
                                "Parallel Aware": true,
                                "Join Type": "Inner",
                                "Startup Cost": 90240.33,
                                "Total Cost": 140874.87,
                                "Plan Rows": 1052188,
                                "Plan Width": 0,
                                "Actual Startup Time": 849.167,
                                "Actual Total Time": 1523.987,
                                "Actual Rows": 6838692,
                                "Actual Loops": 4,
                                "Inner Unique": false,
                                "Hash Cond": "(mk.movie_id = t.id)",
                                "Workers": [
                                    {
                                        "Worker Number": 0,
                                        "Actual Startup Time": 842.689,
                                        "Actual Total Time": 1520.127,
                                        "Actual Rows": 6795819,
                                        "Actual Loops": 1
                                    },
                                    {
                                        "Worker Number": 1,
                                        "Actual Startup Time": 843.129,
                                        "Actual Total Time": 1520.431,
                                        "Actual Rows": 6842639,
                                        "Actual Loops": 1
                                    },
                                    {
                                        "Worker Number": 2,
                                        "Actual Startup Time": 842.671,
                                        "Actual Total Time": 1519.48,
                                        "Actual Rows": 6814815,
                                        "Actual Loops": 1
                                    }
                                ],
                                "Plans": [
                                    {
                                        "Node Type": "Seq Scan",
                                        "Parent Relationship": "Outer",
                                        "Parallel Aware": true,
                                        "Relation Name": "movie_keyword",
                                        "Schema": "public",
                                        "Alias": "mk",
                                        "Startup Cost": 0.0,
                                        "Total Cost": 42695.65,
                                        "Plan Rows": 1211927,
                                        "Plan Width": 4,
                                        "Actual Startup Time": 0.047,
                                        "Actual Total Time": 125.529,
                                        "Actual Rows": 939728,
                                        "Actual Loops": 4,
                                        "Output": [
                                            "mk.id",
                                            "mk.movie_id",
                                            "mk.keyword_id"
                                        ],
                                        "Filter": "(mk.keyword_id > 720)",
                                        "Rows Removed by Filter": 191255,
                                        "Workers": [
                                            {
                                                "Worker Number": 0,
                                                "Actual Startup Time": 0.046,
                                                "Actual Total Time": 132.58,
                                                "Actual Rows": 929460,
                                                "Actual Loops": 1
                                            },
                                            {
                                                "Worker Number": 1,
                                                "Actual Startup Time": 0.029,
                                                "Actual Total Time": 132.73,
                                                "Actual Rows": 952462,
                                                "Actual Loops": 1
                                            },
                                            {
                                                "Worker Number": 2,
                                                "Actual Startup Time": 0.063,
                                                "Actual Total Time": 132.097,
                                                "Actual Rows": 927645,
                                                "Actual Loops": 1
                                            }
                                        ]
                                    },
                                    {
                                        "Node Type": "Hash",
                                        "Parent Relationship": "Inner",
                                        "Parallel Aware": true,
                                        "Startup Cost": 81389.22,
                                        "Total Cost": 81389.22,
                                        "Plan Rows": 708089,
                                        "Plan Width": 8,
                                        "Actual Startup Time": 837.345,
                                        "Actual Total Time": 837.35,
                                        "Actual Rows": 547588,
                                        "Actual Loops": 4,
                                        "Output": [
                                            "t.id",
                                            "mc.movie_id"
                                        ],
                                        "Hash Buckets": 4194304,
                                        "Original Hash Buckets": 4194304,
                                        "Hash Batches": 1,
                                        "Original Hash Batches": 1,
                                        "Peak Memory Usage": 118528,
                                        "Workers": [
                                            {
                                                "Worker Number": 0,
                                                "Actual Startup Time": 841.826,
                                                "Actual Total Time": 841.83,
                                                "Actual Rows": 538506,
                                                "Actual Loops": 1
                                            },
                                            {
                                                "Worker Number": 1,
                                                "Actual Startup Time": 842.237,
                                                "Actual Total Time": 842.241,
                                                "Actual Rows": 551036,
                                                "Actual Loops": 1
                                            },
                                            {
                                                "Worker Number": 2,
                                                "Actual Startup Time": 841.826,
                                                "Actual Total Time": 841.831,
                                                "Actual Rows": 540891,
                                                "Actual Loops": 1
                                            }
                                        ],
                                        "Plans": [
                                            {
                                                "Node Type": "Hash Join",
                                                "Parent Relationship": "Outer",
                                                "Parallel Aware": true,
                                                "Join Type": "Inner",
                                                "Startup Cost": 50219.81,
                                                "Total Cost": 81389.22,
                                                "Plan Rows": 708089,
                                                "Plan Width": 8,
                                                "Actual Startup Time": 363.573,
                                                "Actual Total Time": 652.085,
                                                "Actual Rows": 547588,
                                                "Actual Loops": 4,
                                                "Output": [
                                                    "t.id",
                                                    "mc.movie_id"
                                                ],
                                                "Inner Unique": true,
                                                "Hash Cond": "(mc.movie_id = t.id)",
                                                "Workers": [
                                                    {
                                                        "Worker Number": 0,
                                                        "Actual Startup Time": 363.522,
                                                        "Actual Total Time": 652.684,
                                                        "Actual Rows": 538506,
                                                        "Actual Loops": 1
                                                    },
                                                    {
                                                        "Worker Number": 1,
                                                        "Actual Startup Time": 363.64,
                                                        "Actual Total Time": 652.164,
                                                        "Actual Rows": 551036,
                                                        "Actual Loops": 1
                                                    },
                                                    {
                                                        "Worker Number": 2,
                                                        "Actual Startup Time": 363.504,
                                                        "Actual Total Time": 651.932,
                                                        "Actual Rows": 540891,
                                                        "Actual Loops": 1
                                                    }
                                                ],
                                                "Plans": [
                                                    {
                                                        "Node Type": "Seq Scan",
                                                        "Parent Relationship": "Outer",
                                                        "Parallel Aware": true,
                                                        "Relation Name": "movie_companies",
                                                        "Schema": "public",
                                                        "Alias": "mc",
                                                        "Startup Cost": 0.0,
                                                        "Total Cost": 29310.68,
                                                        "Plan Rows": 708089,
                                                        "Plan Width": 4,
                                                        "Actual Startup Time": 0.023,
                                                        "Actual Total Time": 77.751,
                                                        "Actual Rows": 547588,
                                                        "Actual Loops": 4,
                                                        "Output": [
                                                            "mc.id",
                                                            "mc.movie_id",
                                                            "mc.company_id",
                                                            "mc.company_type_id",
                                                            "mc.note"
                                                        ],
                                                        "Filter": "(mc.company_id < 80150)",
                                                        "Rows Removed by Filter": 104694,
                                                        "Workers": [
                                                            {
                                                                "Worker Number": 0,
                                                                "Actual Startup Time": 0.023,
                                                                "Actual Total Time": 79.845,
                                                                "Actual Rows": 538506,
                                                                "Actual Loops": 1
                                                            },
                                                            {
                                                                "Worker Number": 1,
                                                                "Actual Startup Time": 0.029,
                                                                "Actual Total Time": 80.208,
                                                                "Actual Rows": 551036,
                                                                "Actual Loops": 1
                                                            },
                                                            {
                                                                "Worker Number": 2,
                                                                "Actual Startup Time": 0.027,
                                                                "Actual Total Time": 79.345,
                                                                "Actual Rows": 540891,
                                                                "Actual Loops": 1
                                                            }
                                                        ]
                                                    },
                                                    {
                                                        "Node Type": "Hash",
                                                        "Parent Relationship": "Inner",
                                                        "Parallel Aware": true,
                                                        "Startup Cost": 42318.81,
                                                        "Total Cost": 42318.81,
                                                        "Plan Rows": 632080,
                                                        "Plan Width": 4,
                                                        "Actual Startup Time": 356.904,
                                                        "Actual Total Time": 356.906,
                                                        "Actual Rows": 632078,
                                                        "Actual Loops": 4,
                                                        "Output": [
                                                            "t.id"
                                                        ],
                                                        "Hash Buckets": 4194304,
                                                        "Original Hash Buckets": 4194304,
                                                        "Hash Batches": 1,
                                                        "Original Hash Batches": 1,
                                                        "Peak Memory Usage": 131776,
                                                        "Workers": [
                                                            {
                                                                "Worker Number": 0,
                                                                "Actual Startup Time": 363.443,
                                                                "Actual Total Time": 363.445,
                                                                "Actual Rows": 607110,
                                                                "Actual Loops": 1
                                                            },
                                                            {
                                                                "Worker Number": 1,
                                                                "Actual Startup Time": 363.387,
                                                                "Actual Total Time": 363.388,
                                                                "Actual Rows": 607250,
                                                                "Actual Loops": 1
                                                            },
                                                            {
                                                                "Worker Number": 2,
                                                                "Actual Startup Time": 363.431,
                                                                "Actual Total Time": 363.432,
                                                                "Actual Rows": 578376,
                                                                "Actual Loops": 1
                                                            }
                                                        ],
                                                        "Plans": [
                                                            {
                                                                "Node Type": "Seq Scan",
                                                                "Parent Relationship": "Outer",
                                                                "Parallel Aware": true,
                                                                "Relation Name": "title",
                                                                "Schema": "public",
                                                                "Alias": "t",
                                                                "Startup Cost": 0.0,
                                                                "Total Cost": 42318.81,
                                                                "Plan Rows": 632080,
                                                                "Plan Width": 4,
                                                                "Actual Startup Time": 0.058,
                                                                "Actual Total Time": 102.38,
                                                                "Actual Rows": 632078,
                                                                "Actual Loops": 4,
                                                                "Output": [
                                                                    "t.id"
                                                                ],
                                                                "Workers": [
                                                                    {
                                                                        "Worker Number": 0,
                                                                        "Actual Startup Time": 0.077,
                                                                        "Actual Total Time": 107.473,
                                                                        "Actual Rows": 607110,
                                                                        "Actual Loops": 1
                                                                    },
                                                                    {
                                                                        "Worker Number": 1,
                                                                        "Actual Startup Time": 0.073,
                                                                        "Actual Total Time": 102.892,
                                                                        "Actual Rows": 607250,
                                                                        "Actual Loops": 1
                                                                    },
                                                                    {
                                                                        "Worker Number": 2,
                                                                        "Actual Startup Time": 0.063,
                                                                        "Actual Total Time": 108.158,
                                                                        "Actual Rows": 578376,
                                                                        "Actual Loops": 1
                                                                    }
                                                                ]
                                                            }
                                                        ]
                                                    }
                                                ]
                                            }
                                        ]
                                    }
                                ]
                            }
                        ]
                    }
                ]
            }
        ]
    },
    "Planning Time": 1.61,
    "Triggers": [],
    "Execution Time": 1853.403
}