[
  {
    "Plan": {
      "Node Type": "Aggregate",
      "Strategy": "Plain",
      "Partial Mode": "Finalize",
      "Parallel Aware": false,
      "Startup Cost": 46719.47,
      "Total Cost": 46719.48,
      "Plan Rows": 1,
      "Plan Width": 8,
      "Actual Startup Time": 84.34,
      "Actual Total Time": 97.457,
      "Actual Rows": 1,
      "Actual Loops": 1,
      "Plans": [
        {
          "Node Type": "Gather",
          "Parent Relationship": "Outer",
          "Parallel Aware": false,
          "Startup Cost": 46719.05,
          "Total Cost": 46719.46,
          "Plan Rows": 4,
          "Plan Width": 8,
          "Actual Startup Time": 84.046,
          "Actual Total Time": 97.448,
          "Actual Rows": 5,
          "Actual Loops": 1,
          "Workers Planned": 4,
          "Workers Launched": 4,
          "Single Copy": false,
          "Plans": [
            {
              "Node Type": "Aggregate",
              "Strategy": "Plain",
              "Partial Mode": "Partial",
              "Parent Relationship": "Outer",
              "Parallel Aware": false,
              "Startup Cost": 45719.05,
              "Total Cost": 45719.06,
              "Plan Rows": 1,
              "Plan Width": 8,
              "Actual Startup Time": 79.942,
              "Actual Total Time": 79.943,
              "Actual Rows": 1,
              "Actual Loops": 5,
              "Plans": [
                {
                  "Node Type": "Seq Scan",
                  "Parent Relationship": "Outer",
                  "Parallel Aware": true,
                  "Relation Name": "title",
                  "Alias": "t",
                  "Startup Cost": 0.0,
                  "Total Cost": 45479.59,
                  "Plan Rows": 95787,
                  "Plan Width": 0,
                  "Actual Startup Time": 0.023,
                  "Actual Total Time": 76.992,
                  "Actual Rows": 55470,
                  "Actual Loops": 5,
                  "Filter": "((production_year < 1988) AND (kind_id = 7))",
                  "Rows Removed by Filter": 450192
                }
              ]
            }
          ]
        }
      ]
    },
    "Planning Time": 0.19,
    "Triggers": [],
    "Execution Time": 97.513
  }
]