[
    {
        "Bao": {
            "Bao prediction": "NaN",
            "Bao recommended hint": "(no hint)"
        }
    },
    {
        "Plan": {
            "Node Type": "Aggregate",
            "Strategy": "Plain",
            "Partial Mode": "Simple",
            "Parallel Aware": false,
            "Startup Cost": 39058.07,
            "Total Cost": 39058.08,
            "Plan Rows": 1,
            "Plan Width": 8,
            "Actual Startup Time": 47.008,
            "Actual Total Time": 47.009,
            "Actual Rows": 1,
            "Actual Loops": 1,
            "Output": [
                "count(*)"
            ],
            "Plans": [
                {
                    "Node Type": "Bitmap Heap Scan",
                    "Parent Relationship": "Outer",
                    "Parallel Aware": false,
                    "Relation Name": "title",
                    "Schema": "public",
                    "Alias": "t",
                    "Startup Cost": 1662.44,
                    "Total Cost": 39056.07,
                    "Plan Rows": 797,
                    "Plan Width": 0,
                    "Actual Startup Time": 10.769,
                    "Actual Total Time": 46.945,
                    "Actual Rows": 1107,
                    "Actual Loops": 1,
                    "Recheck Cond": "(t.kind_id = 2)",
                    "Rows Removed by Index Recheck": 0,
                    "Filter": "(t.production_year = 1989)",
                    "Rows Removed by Filter": 89745,
                    "Exact Heap Blocks": 23872,
                    "Lossy Heap Blocks": 0,
                    "Plans": [
                        {
                            "Node Type": "Bitmap Index Scan",
                            "Parent Relationship": "Outer",
                            "Parallel Aware": false,
                            "Index Name": "kind_id_title",
                            "Startup Cost": 0.0,
                            "Total Cost": 1662.25,
                            "Plan Rows": 93042,
                            "Plan Width": 0,
                            "Actual Startup Time": 6.825,
                            "Actual Total Time": 6.826,
                            "Actual Rows": 90852,
                            "Actual Loops": 1,
                            "Index Cond": "(t.kind_id = 2)"
                        }
                    ]
                }
            ]
        },
        "Planning Time": 199.039,
        "Triggers": [],
        "Execution Time": 47.049
    }
]