[
  {
    "Plan": {
      "Node Type": "Aggregate",
      "Strategy": "Plain",
      "Partial Mode": "Finalize",
      "Parallel Aware": false,
      "Startup Cost": 604002.57,
      "Total Cost": 604002.58,
      "Plan Rows": 1,
      "Plan Width": 8,
      "Actual Startup Time": 2084.119,
      "Actual Total Time": 2170.583,
      "Actual Rows": 1,
      "Actual Loops": 1,
      "Plans": [
        {
          "Node Type": "Gather",
          "Parent Relationship": "Outer",
          "Parallel Aware": false,
          "Startup Cost": 604002.05,
          "Total Cost": 604002.56,
          "Plan Rows": 5,
          "Plan Width": 8,
          "Actual Startup Time": 2074.419,
          "Actual Total Time": 2170.573,
          "Actual Rows": 6,
          "Actual Loops": 1,
          "Workers Planned": 5,
          "Workers Launched": 5,
          "Single Copy": false,
          "Plans": [
            {
              "Node Type": "Aggregate",
              "Strategy": "Plain",
              "Partial Mode": "Partial",
              "Parent Relationship": "Outer",
              "Parallel Aware": false,
              "Startup Cost": 603002.05,
              "Total Cost": 603002.06,
              "Plan Rows": 1,
              "Plan Width": 8,
              "Actual Startup Time": 2059.67,
              "Actual Total Time": 2059.676,
              "Actual Rows": 1,
              "Actual Loops": 6,
              "Plans": [
                {
                  "Node Type": "Hash Join",
                  "Parent Relationship": "Outer",
                  "Parallel Aware": true,
                  "Join Type": "Inner",
                  "Startup Cost": 394964.99,
                  "Total Cost": 599768.66,
                  "Plan Rows": 1293358,
                  "Plan Width": 0,
                  "Actual Startup Time": 1077.174,
                  "Actual Total Time": 2014.957,
                  "Actual Rows": 1030548,
                  "Actual Loops": 6,
                  "Inner Unique": false,
                  "Hash Cond": "(mi.movie_id = t.id)",
                  "Plans": [
                    {
                      "Node Type": "Seq Scan",
                      "Parent Relationship": "Outer",
                      "Parallel Aware": true,
                      "Relation Name": "movie_info",
                      "Alias": "mi",
                      "Startup Cost": 0.0,
                      "Total Cost": 191560.33,
                      "Plan Rows": 2956733,
                      "Plan Width": 4,
                      "Actual Startup Time": 0.028,
                      "Actual Total Time": 308.352,
                      "Actual Rows": 2472620,
                      "Actual Loops": 6
                    },
                    {
                      "Node Type": "Hash",
                      "Parent Relationship": "Inner",
                      "Parallel Aware": true,
                      "Startup Cost": 392660.94,
                      "Total Cost": 392660.94,
                      "Plan Rows": 184324,
                      "Plan Width": 8,
                      "Actual Startup Time": 1071.818,
                      "Actual Total Time": 1071.823,
                      "Actual Rows": 194653,
                      "Actual Loops": 6,
                      "Hash Buckets": 2097152,
                      "Original Hash Buckets": 2097152,
                      "Hash Batches": 1,
                      "Original Hash Batches": 1,
                      "Peak Memory Usage": 62176,
                      "Plans": [
                        {
                          "Node Type": "Hash Join",
                          "Parent Relationship": "Outer",
                          "Parallel Aware": true,
                          "Join Type": "Inner",
                          "Startup Cost": 47609.31,
                          "Total Cost": 392660.94,
                          "Plan Rows": 184324,
                          "Plan Width": 8,
                          "Actual Startup Time": 131.368,
                          "Actual Total Time": 984.113,
                          "Actual Rows": 194653,
                          "Actual Loops": 6,
                          "Inner Unique": true,
                          "Hash Cond": "(ci.movie_id = t.id)",
                          "Plans": [
                            {
                              "Node Type": "Seq Scan",
                              "Parent Relationship": "Outer",
                              "Parallel Aware": true,
                              "Relation Name": "cast_info",
                              "Alias": "ci",
                              "Startup Cost": 0.0,
                              "Total Cost": 343257.03,
                              "Plan Rows": 683656,
                              "Plan Width": 4,
                              "Actual Startup Time": 0.024,
                              "Actual Total Time": 654.05,
                              "Actual Rows": 796756,
                              "Actual Loops": 6,
                              "Filter": "((person_id < 515303) AND (role_id < 8))",
                              "Rows Removed by Filter": 5243968
                            },
                            {
                              "Node Type": "Hash",
                              "Parent Relationship": "Inner",
                              "Parallel Aware": true,
                              "Startup Cost": 45479.1,
                              "Total Cost": 45479.1,
                              "Plan Rows": 170417,
                              "Plan Width": 4,
                              "Actual Startup Time": 129.973,
                              "Actual Total Time": 129.974,
                              "Actual Rows": 99416,
                              "Actual Loops": 6,
                              "Hash Buckets": 1048576,
                              "Original Hash Buckets": 1048576,
                              "Hash Batches": 1,
                              "Original Hash Batches": 1,
                              "Peak Memory Usage": 31648,
                              "Plans": [
                                {
                                  "Node Type": "Seq Scan",
                                  "Parent Relationship": "Outer",
                                  "Parallel Aware": true,
                                  "Relation Name": "title",
                                  "Alias": "t",
                                  "Startup Cost": 0.0,
                                  "Total Cost": 45479.1,
                                  "Plan Rows": 170417,
                                  "Plan Width": 4,
                                  "Actual Startup Time": 0.049,
                                  "Actual Total Time": 81.45,
                                  "Actual Rows": 99416,
                                  "Actual Loops": 6,
                                  "Filter": "((production_year < 2002) AND (kind_id = 7))",
                                  "Rows Removed by Filter": 321970
                                }
                              ]
                            }
                          ]
                        }
                      ]
                    }
                  ]
                }
              ]
            }
          ]
        }
      ]
    },
    "Planning Time": 1.483,
    "Triggers": [],
    "Execution Time": 2170.681
  }
]