{
  "Plan": {
    "Node Type": "Aggregate",
    "Strategy": "Plain",
    "Partial Mode": "Finalize",
    "Parallel Aware": false,
    "Startup Cost": 77557.75,
    "Total Cost": 77557.76,
    "Plan Rows": 1,
    "Plan Width": 8,
    "Actual Startup Time": 232.736,
    "Actual Total Time": 242.886,
    "Actual Rows": 1,
    "Actual Loops": 1,
    "Plans": [
      {
        "Node Type": "Gather",
        "Parent Relationship": "Outer",
        "Parallel Aware": false,
        "Startup Cost": 77557.64,
        "Total Cost": 77557.75,
        "Plan Rows": 1,
        "Plan Width": 8,
        "Actual Startup Time": 232.615,
        "Actual Total Time": 242.879,
        "Actual Rows": 2,
        "Actual Loops": 1,
        "Workers Planned": 1,
        "Workers Launched": 1,
        "Single Copy": false,
        "Plans": [
          {
            "Node Type": "Aggregate",
            "Strategy": "Plain",
            "Partial Mode": "Partial",
            "Parent Relationship": "Outer",
            "Parallel Aware": false,
            "Startup Cost": 76557.64,
            "Total Cost": 76557.65,
            "Plan Rows": 1,
            "Plan Width": 8,
            "Actual Startup Time": 227.129,
            "Actual Total Time": 227.131,
            "Actual Rows": 1,
            "Actual Loops": 2,
            "Plans": [
              {
                "Node Type": "Hash Join",
                "Parent Relationship": "Outer",
                "Parallel Aware": true,
                "Join Type": "Inner",
                "Startup Cost": 58367.22,
                "Total Cost": 76551.01,
                "Plan Rows": 2653,
                "Plan Width": 0,
                "Actual Startup Time": 133.256,
                "Actual Total Time": 226.877,
                "Actual Rows": 5080,
                "Actual Loops": 2,
                "Inner Unique": true,
                "Hash Cond": "(mi_idx.movie_id = t.id)",
                "Plans": [
                  {
                    "Node Type": "Seq Scan",
                    "Parent Relationship": "Outer",
                    "Parallel Aware": true,
                    "Relation Name": "movie_info_idx",
                    "Alias": "mi_idx",
                    "Startup Cost": 0.0,
                    "Total Cost": 16052.85,
                    "Plan Rows": 811785,
                    "Plan Width": 4,
                    "Actual Startup Time": 0.02,
                    "Actual Total Time": 46.808,
                    "Actual Rows": 690018,
                    "Actual Loops": 2
                  },
                  {
                    "Node Type": "Hash",
                    "Parent Relationship": "Inner",
                    "Parallel Aware": true,
                    "Startup Cost": 58306.47,
                    "Total Cost": 58306.47,
                    "Plan Rows": 4860,
                    "Plan Width": 4,
                    "Actual Startup Time": 132.01,
                    "Actual Total Time": 132.01,
                    "Actual Rows": 3926,
                    "Actual Loops": 2,
                    "Hash Buckets": 16384,
                    "Original Hash Buckets": 16384,
                    "Hash Batches": 1,
                    "Original Hash Batches": 1,
                    "Peak Memory Usage": 480,
                    "Plans": [
                      {
                        "Node Type": "Seq Scan",
                        "Parent Relationship": "Outer",
                        "Parallel Aware": true,
                        "Relation Name": "title",
                        "Alias": "t",
                        "Startup Cost": 0.0,
                        "Total Cost": 58306.47,
                        "Plan Rows": 4860,
                        "Plan Width": 4,
                        "Actual Startup Time": 0.912,
                        "Actual Total Time": 130.615,
                        "Actual Rows": 3926,
                        "Actual Loops": 2,
                        "Filter": "((kind_id < 7) AND (production_year = 1986))",
                        "Rows Removed by Filter": 1260230
                      }
                    ]
                  }
                ]
              }
            ]
          }
        ]
      }
    ]
  },
  "Planning Time": 0.431,
  "Triggers": [],
  "Execution Time": 242.956
}