{
  "Plan": {
    "Node Type": "Aggregate",
    "Strategy": "Plain",
    "Partial Mode": "Finalize",
    "Parallel Aware": false,
    "Startup Cost": 440878.42,
    "Total Cost": 440878.43,
    "Plan Rows": 1,
    "Plan Width": 8,
    "Actual Startup Time": 6370.092,
    "Actual Total Time": 6409.877,
    "Actual Rows": 1,
    "Actual Loops": 1,
    "Plans": [
      {
        "Node Type": "Gather",
        "Parent Relationship": "Outer",
        "Parallel Aware": false,
        "Startup Cost": 440878.31,
        "Total Cost": 440878.42,
        "Plan Rows": 1,
        "Plan Width": 8,
        "Actual Startup Time": 6363.665,
        "Actual Total Time": 6409.868,
        "Actual Rows": 2,
        "Actual Loops": 1,
        "Workers Planned": 1,
        "Workers Launched": 1,
        "Single Copy": false,
        "Plans": [
          {
            "Node Type": "Aggregate",
            "Strategy": "Plain",
            "Partial Mode": "Partial",
            "Parent Relationship": "Outer",
            "Parallel Aware": false,
            "Startup Cost": 439878.31,
            "Total Cost": 439878.32,
            "Plan Rows": 1,
            "Plan Width": 8,
            "Actual Startup Time": 6356.141,
            "Actual Total Time": 6356.551,
            "Actual Rows": 1,
            "Actual Loops": 2,
            "Plans": [
              {
                "Node Type": "Hash Join",
                "Parent Relationship": "Outer",
                "Parallel Aware": true,
                "Join Type": "Inner",
                "Startup Cost": 358133.31,
                "Total Cost": 435688.69,
                "Plan Rows": 1675848,
                "Plan Width": 0,
                "Actual Startup Time": 2243.39,
                "Actual Total Time": 4956.825,
                "Actual Rows": 36217654,
                "Actual Loops": 2,
                "Inner Unique": false,
                "Hash Cond": "(mk.movie_id = t.id)",
                "Plans": [
                  {
                    "Node Type": "Seq Scan",
                    "Parent Relationship": "Outer",
                    "Parallel Aware": true,
                    "Relation Name": "movie_keyword",
                    "Alias": "mk",
                    "Startup Cost": 0.0,
                    "Total Cost": 51065.35,
                    "Plan Rows": 2661135,
                    "Plan Width": 4,
                    "Actual Startup Time": 0.018,
                    "Actual Total Time": 149.694,
                    "Actual Rows": 2261965,
                    "Actual Loops": 2
                  },
                  {
                    "Node Type": "Hash",
                    "Parent Relationship": "Inner",
                    "Parallel Aware": true,
                    "Startup Cost": 346426.02,
                    "Total Cost": 346426.02,
                    "Plan Rows": 936583,
                    "Plan Width": 8,
                    "Actual Startup Time": 2158.174,
                    "Actual Total Time": 2158.583,
                    "Actual Rows": 1290654,
                    "Actual Loops": 2,
                    "Hash Buckets": 4194304,
                    "Original Hash Buckets": 2097152,
                    "Hash Batches": 1,
                    "Original Hash Batches": 1,
                    "Peak Memory Usage": 150176,
                    "Plans": [
                      {
                        "Node Type": "Hash Join",
                        "Parent Relationship": "Outer",
                        "Parallel Aware": true,
                        "Join Type": "Inner",
                        "Startup Cost": 56077.95,
                        "Total Cost": 346426.02,
                        "Plan Rows": 936583,
                        "Plan Width": 8,
                        "Actual Startup Time": 148.034,
                        "Actual Total Time": 1788.726,
                        "Actual Rows": 1290654,
                        "Actual Loops": 2,
                        "Inner Unique": true,
                        "Hash Cond": "(mi.movie_id = t.id)",
                        "Plans": [
                          {
                            "Node Type": "Seq Scan",
                            "Parent Relationship": "Outer",
                            "Parallel Aware": true,
                            "Relation Name": "movie_info",
                            "Alias": "mi",
                            "Startup Cost": 0.0,
                            "Total Cost": 270696.42,
                            "Plan Rows": 7486332,
                            "Plan Width": 4,
                            "Actual Startup Time": 0.015,
                            "Actual Total Time": 801.861,
                            "Actual Rows": 6372326,
                            "Actual Loops": 2,
                            "Filter": "(info_type_id > 2)",
                            "Rows Removed by Filter": 1045534
                          },
                          {
                            "Node Type": "Hash",
                            "Parent Relationship": "Inner",
                            "Parallel Aware": true,
                            "Startup Cost": 53752.18,
                            "Total Cost": 53752.18,
                            "Plan Rows": 186061,
                            "Plan Width": 4,
                            "Actual Startup Time": 121.684,
                            "Actual Total Time": 121.685,
                            "Actual Rows": 122394,
                            "Actual Loops": 2,
                            "Hash Buckets": 524288,
                            "Original Hash Buckets": 524288,
                            "Hash Batches": 1,
                            "Original Hash Batches": 1,
                            "Peak Memory Usage": 13728,
                            "Plans": [
                              {
                                "Node Type": "Bitmap Heap Scan",
                                "Parent Relationship": "Outer",
                                "Parallel Aware": true,
                                "Relation Name": "title",
                                "Alias": "t",
                                "Startup Cost": 11901.93,
                                "Total Cost": 53752.18,
                                "Plan Rows": 186061,
                                "Plan Width": 4,
                                "Actual Startup Time": 27.389,
                                "Actual Total Time": 90.865,
                                "Actual Rows": 122394,
                                "Actual Loops": 2,
                                "Recheck Cond": "(kind_id < 2)",
                                "Rows Removed by Index Recheck": 0,
                                "Filter": "(production_year > 2003)",
                                "Rows Removed by Filter": 209018,
                                "Exact Heap Blocks": 8269,
                                "Lossy Heap Blocks": 0,
                                "Plans": [
                                  {
                                    "Node Type": "Bitmap Index Scan",
                                    "Parent Relationship": "Outer",
                                    "Parallel Aware": false,
                                    "Index Name": "kind_id_title",
                                    "Startup Cost": 0.0,
                                    "Total Cost": 11822.85,
                                    "Plan Rows": 663256,
                                    "Plan Width": 0,
                                    "Actual Startup Time": 25.509,
                                    "Actual Total Time": 25.509,
                                    "Actual Rows": 662825,
                                    "Actual Loops": 1,
                                    "Index Cond": "(kind_id < 2)"
                                  }
                                ]
                              }
                            ]
                          }
                        ]
                      }
                    ]
                  }
                ]
              }
            ]
          }
        ]
      }
    ]
  },
  "Planning Time": 1.112,
  "Triggers": [],
  "Execution Time": 6409.999
}