{
  "Plan": {
    "Node Type": "Aggregate",
    "Strategy": "Plain",
    "Partial Mode": "Finalize",
    "Parallel Aware": false,
    "Startup Cost": 48906.85,
    "Total Cost": 48906.86,
    "Plan Rows": 1,
    "Plan Width": 8,
    "Actual Startup Time": 115.381,
    "Actual Total Time": 139.861,
    "Actual Rows": 1,
    "Actual Loops": 1,
    "Plans": [
      {
        "Node Type": "Gather",
        "Parent Relationship": "Outer",
        "Parallel Aware": false,
        "Startup Cost": 48906.73,
        "Total Cost": 48906.84,
        "Plan Rows": 1,
        "Plan Width": 8,
        "Actual Startup Time": 115.256,
        "Actual Total Time": 139.853,
        "Actual Rows": 2,
        "Actual Loops": 1,
        "Workers Planned": 1,
        "Workers Launched": 1,
        "Single Copy": false,
        "Plans": [
          {
            "Node Type": "Aggregate",
            "Strategy": "Plain",
            "Partial Mode": "Partial",
            "Parent Relationship": "Outer",
            "Parallel Aware": false,
            "Startup Cost": 47906.73,
            "Total Cost": 47906.74,
            "Plan Rows": 1,
            "Plan Width": 8,
            "Actual Startup Time": 109.008,
            "Actual Total Time": 109.011,
            "Actual Rows": 1,
            "Actual Loops": 2,
            "Plans": [
              {
                "Node Type": "Nested Loop",
                "Parent Relationship": "Outer",
                "Parallel Aware": false,
                "Join Type": "Inner",
                "Startup Cost": 139.55,
                "Total Cost": 47905.98,
                "Plan Rows": 301,
                "Plan Width": 0,
                "Actual Startup Time": 5.884,
                "Actual Total Time": 108.883,
                "Actual Rows": 2356,
                "Actual Loops": 2,
                "Inner Unique": false,
                "Plans": [
                  {
                    "Node Type": "Nested Loop",
                    "Parent Relationship": "Outer",
                    "Parallel Aware": false,
                    "Join Type": "Inner",
                    "Startup Cost": 139.11,
                    "Total Cost": 41700.48,
                    "Plan Rows": 3814,
                    "Plan Width": 8,
                    "Actual Startup Time": 3.5,
                    "Actual Total Time": 35.849,
                    "Actual Rows": 3250,
                    "Actual Loops": 2,
                    "Inner Unique": true,
                    "Plans": [
                      {
                        "Node Type": "Bitmap Heap Scan",
                        "Parent Relationship": "Outer",
                        "Parallel Aware": true,
                        "Relation Name": "movie_keyword",
                        "Alias": "mk",
                        "Startup Cost": 138.68,
                        "Total Cost": 14778.02,
                        "Plan Rows": 3814,
                        "Plan Width": 4,
                        "Actual Startup Time": 3.306,
                        "Actual Total Time": 10.651,
                        "Actual Rows": 3250,
                        "Actual Loops": 2,
                        "Recheck Cond": "(keyword_id = 355)",
                        "Rows Removed by Index Recheck": 0,
                        "Exact Heap Blocks": 3289,
                        "Lossy Heap Blocks": 0,
                        "Plans": [
                          {
                            "Node Type": "Bitmap Index Scan",
                            "Parent Relationship": "Outer",
                            "Parallel Aware": false,
                            "Index Name": "keyword_id_movie_keyword",
                            "Startup Cost": 0.0,
                            "Total Cost": 137.06,
                            "Plan Rows": 6484,
                            "Plan Width": 0,
                            "Actual Startup Time": 4.257,
                            "Actual Total Time": 4.257,
                            "Actual Rows": 6501,
                            "Actual Loops": 1,
                            "Index Cond": "(keyword_id = 355)"
                          }
                        ]
                      },
                      {
                        "Node Type": "Index Only Scan",
                        "Parent Relationship": "Inner",
                        "Parallel Aware": false,
                        "Scan Direction": "Forward",
                        "Index Name": "title_pkey",
                        "Relation Name": "title",
                        "Alias": "t",
                        "Startup Cost": 0.43,
                        "Total Cost": 7.06,
                        "Plan Rows": 1,
                        "Plan Width": 4,
                        "Actual Startup Time": 0.007,
                        "Actual Total Time": 0.007,
                        "Actual Rows": 1,
                        "Actual Loops": 6501,
                        "Index Cond": "(id = mk.movie_id)",
                        "Rows Removed by Index Recheck": 0,
                        "Heap Fetches": 6501
                      }
                    ]
                  },
                  {
                    "Node Type": "Index Scan",
                    "Parent Relationship": "Inner",
                    "Parallel Aware": false,
                    "Scan Direction": "Forward",
                    "Index Name": "movie_id_movie_info",
                    "Relation Name": "movie_info",
                    "Alias": "mi",
                    "Startup Cost": 0.43,
                    "Total Cost": 1.62,
                    "Plan Rows": 1,
                    "Plan Width": 4,
                    "Actual Startup Time": 0.02,
                    "Actual Total Time": 0.022,
                    "Actual Rows": 1,
                    "Actual Loops": 6501,
                    "Index Cond": "(movie_id = t.id)",
                    "Rows Removed by Index Recheck": 0,
                    "Filter": "(info_type_id = 13)",
                    "Rows Removed by Filter": 20
                  }
                ]
              }
            ]
          }
        ]
      }
    ]
  },
  "Planning Time": 0.853,
  "Triggers": [],
  "Execution Time": 139.961
}