[
    {
        "Bao": {
            "Bao prediction": "NaN",
            "Bao recommended hint": "(no hint)"
        }
    },
    {
        "Plan": {
            "Node Type": "Aggregate",
            "Strategy": "Plain",
            "Partial Mode": "Finalize",
            "Parallel Aware": false,
            "Startup Cost": 30343.6,
            "Total Cost": 30343.61,
            "Plan Rows": 1,
            "Plan Width": 8,
            "Actual Startup Time": 90.539,
            "Actual Total Time": 95.603,
            "Actual Rows": 1,
            "Actual Loops": 1,
            "Output": [
                "count(*)"
            ],
            "Plans": [
                {
                    "Node Type": "Gather",
                    "Parent Relationship": "Outer",
                    "Parallel Aware": false,
                    "Startup Cost": 30343.28,
                    "Total Cost": 30343.59,
                    "Plan Rows": 3,
                    "Plan Width": 8,
                    "Actual Startup Time": 90.324,
                    "Actual Total Time": 95.595,
                    "Actual Rows": 4,
                    "Actual Loops": 1,
                    "Output": [
                        "(PARTIAL count(*))"
                    ],
                    "Workers Planned": 3,
                    "Workers Launched": 3,
                    "Single Copy": false,
                    "Plans": [
                        {
                            "Node Type": "Aggregate",
                            "Strategy": "Plain",
                            "Partial Mode": "Partial",
                            "Parent Relationship": "Outer",
                            "Parallel Aware": false,
                            "Startup Cost": 29343.28,
                            "Total Cost": 29343.29,
                            "Plan Rows": 1,
                            "Plan Width": 8,
                            "Actual Startup Time": 81.726,
                            "Actual Total Time": 81.727,
                            "Actual Rows": 1,
                            "Actual Loops": 4,
                            "Output": [
                                "PARTIAL count(*)"
                            ],
                            "Workers": [
                                {
                                    "Worker Number": 0,
                                    "Actual Startup Time": 78.273,
                                    "Actual Total Time": 78.274,
                                    "Actual Rows": 1,
                                    "Actual Loops": 1
                                },
                                {
                                    "Worker Number": 1,
                                    "Actual Startup Time": 79.281,
                                    "Actual Total Time": 79.283,
                                    "Actual Rows": 1,
                                    "Actual Loops": 1
                                },
                                {
                                    "Worker Number": 2,
                                    "Actual Startup Time": 79.415,
                                    "Actual Total Time": 79.416,
                                    "Actual Rows": 1,
                                    "Actual Loops": 1
                                }
                            ],
                            "Plans": [
                                {
                                    "Node Type": "Bitmap Heap Scan",
                                    "Parent Relationship": "Outer",
                                    "Parallel Aware": true,
                                    "Relation Name": "movie_keyword",
                                    "Schema": "public",
                                    "Alias": "mk",
                                    "Startup Cost": 3981.84,
                                    "Total Cost": 29192.04,
                                    "Plan Rows": 60496,
                                    "Plan Width": 0,
                                    "Actual Startup Time": 21.227,
                                    "Actual Total Time": 77.816,
                                    "Actual Rows": 45046,
                                    "Actual Loops": 4,
                                    "Recheck Cond": "(mk.keyword_id < 132)",
                                    "Rows Removed by Index Recheck": 0,
                                    "Exact Heap Blocks": 10482,
                                    "Lossy Heap Blocks": 0,
                                    "Workers": [
                                        {
                                            "Worker Number": 0,
                                            "Actual Startup Time": 17.733,
                                            "Actual Total Time": 74.952,
                                            "Actual Rows": 35348,
                                            "Actual Loops": 1
                                        },
                                        {
                                            "Worker Number": 1,
                                            "Actual Startup Time": 18.899,
                                            "Actual Total Time": 76.03,
                                            "Actual Rows": 32012,
                                            "Actual Loops": 1
                                        },
                                        {
                                            "Worker Number": 2,
                                            "Actual Startup Time": 19.122,
                                            "Actual Total Time": 76.156,
                                            "Actual Rows": 26683,
                                            "Actual Loops": 1
                                        }
                                    ],
                                    "Plans": [
                                        {
                                            "Node Type": "Bitmap Index Scan",
                                            "Parent Relationship": "Outer",
                                            "Parallel Aware": false,
                                            "Index Name": "keyword_id_movie_keyword",
                                            "Startup Cost": 0.0,
                                            "Total Cost": 3934.96,
                                            "Plan Rows": 187537,
                                            "Plan Width": 0,
                                            "Actual Startup Time": 23.669,
                                            "Actual Total Time": 23.67,
                                            "Actual Rows": 180184,
                                            "Actual Loops": 1,
                                            "Index Cond": "(mk.keyword_id < 132)"
                                        }
                                    ]
                                }
                            ]
                        }
                    ]
                }
            ]
        },
        "Planning Time": 294.277,
        "Triggers": [],
        "Execution Time": 95.673
    }
]