{
  "Plan": {
    "Node Type": "Aggregate",
    "Strategy": "Plain",
    "Partial Mode": "Finalize",
    "Parallel Aware": false,
    "Startup Cost": 352122.41,
    "Total Cost": 352122.42,
    "Plan Rows": 1,
    "Plan Width": 8,
    "Actual Startup Time": 1228.372,
    "Actual Total Time": 1247.976,
    "Actual Rows": 1,
    "Actual Loops": 1,
    "Plans": [
      {
        "Node Type": "Gather",
        "Parent Relationship": "Outer",
        "Parallel Aware": false,
        "Startup Cost": 352122.29,
        "Total Cost": 352122.4,
        "Plan Rows": 1,
        "Plan Width": 8,
        "Actual Startup Time": 1223.18,
        "Actual Total Time": 1247.967,
        "Actual Rows": 2,
        "Actual Loops": 1,
        "Workers Planned": 1,
        "Workers Launched": 1,
        "Single Copy": false,
        "Plans": [
          {
            "Node Type": "Aggregate",
            "Strategy": "Plain",
            "Partial Mode": "Partial",
            "Parent Relationship": "Outer",
            "Parallel Aware": false,
            "Startup Cost": 351122.29,
            "Total Cost": 351122.3,
            "Plan Rows": 1,
            "Plan Width": 8,
            "Actual Startup Time": 1215.148,
            "Actual Total Time": 1215.74,
            "Actual Rows": 1,
            "Actual Loops": 2,
            "Plans": [
              {
                "Node Type": "Hash Join",
                "Parent Relationship": "Outer",
                "Parallel Aware": true,
                "Join Type": "Inner",
                "Startup Cost": 280087.25,
                "Total Cost": 348142.69,
                "Plan Rows": 1191841,
                "Plan Width": 0,
                "Actual Startup Time": 786.894,
                "Actual Total Time": 1179.977,
                "Actual Rows": 921894,
                "Actual Loops": 2,
                "Inner Unique": false,
                "Hash Cond": "(mk.movie_id = t.id)",
                "Plans": [
                  {
                    "Node Type": "Seq Scan",
                    "Parent Relationship": "Outer",
                    "Parallel Aware": true,
                    "Relation Name": "movie_keyword",
                    "Alias": "mk",
                    "Startup Cost": 0.0,
                    "Total Cost": 51065.35,
                    "Plan Rows": 2661135,
                    "Plan Width": 4,
                    "Actual Startup Time": 0.017,
                    "Actual Total Time": 150.804,
                    "Actual Rows": 2261965,
                    "Actual Loops": 2
                  },
                  {
                    "Node Type": "Hash",
                    "Parent Relationship": "Inner",
                    "Parallel Aware": true,
                    "Startup Cost": 271761.19,
                    "Total Cost": 271761.19,
                    "Plan Rows": 666085,
                    "Plan Width": 8,
                    "Actual Startup Time": 772.272,
                    "Actual Total Time": 772.863,
                    "Actual Rows": 212026,
                    "Actual Loops": 2,
                    "Hash Buckets": 2097152,
                    "Original Hash Buckets": 2097152,
                    "Hash Batches": 1,
                    "Original Hash Batches": 1,
                    "Peak Memory Usage": 32992,
                    "Plans": [
                      {
                        "Node Type": "Hash Join",
                        "Parent Relationship": "Outer",
                        "Parallel Aware": true,
                        "Join Type": "Inner",
                        "Startup Cost": 96110.87,
                        "Total Cost": 271761.19,
                        "Plan Rows": 666085,
                        "Plan Width": 8,
                        "Actual Startup Time": 458.806,
                        "Actual Total Time": 711.71,
                        "Actual Rows": 212026,
                        "Actual Loops": 2,
                        "Inner Unique": true,
                        "Hash Cond": "(mi.movie_id = t.id)",
                        "Plans": [
                          {
                            "Node Type": "Bitmap Heap Scan",
                            "Parent Relationship": "Outer",
                            "Parallel Aware": true,
                            "Relation Name": "movie_info",
                            "Alias": "mi",
                            "Startup Cost": 27808.97,
                            "Total Cost": 201089.01,
                            "Plan Rows": 902963,
                            "Plan Width": 4,
                            "Actual Startup Time": 52.401,
                            "Actual Total Time": 117.088,
                            "Actual Rows": 766954,
                            "Actual Loops": 2,
                            "Recheck Cond": "(info_type_id = 3)",
                            "Rows Removed by Index Recheck": 0,
                            "Exact Heap Blocks": 5115,
                            "Lossy Heap Blocks": 0,
                            "Plans": [
                              {
                                "Node Type": "Bitmap Index Scan",
                                "Parent Relationship": "Outer",
                                "Parallel Aware": false,
                                "Index Name": "info_type_id_movie_info",
                                "Startup Cost": 0.0,
                                "Total Cost": 27425.21,
                                "Plan Rows": 1535037,
                                "Plan Width": 0,
                                "Actual Startup Time": 50.864,
                                "Actual Total Time": 50.864,
                                "Actual Rows": 1533909,
                                "Actual Loops": 1,
                                "Index Cond": "(info_type_id = 3)"
                              }
                            ]
                          },
                          {
                            "Node Type": "Hash",
                            "Parent Relationship": "Inner",
                            "Parallel Aware": true,
                            "Startup Cost": 54588.39,
                            "Total Cost": 54588.39,
                            "Plan Rows": 1097081,
                            "Plan Width": 4,
                            "Actual Startup Time": 398.883,
                            "Actual Total Time": 398.884,
                            "Actual Rows": 932744,
                            "Actual Loops": 2,
                            "Hash Buckets": 2097152,
                            "Original Hash Buckets": 2097152,
                            "Hash Batches": 1,
                            "Original Hash Batches": 1,
                            "Peak Memory Usage": 89408,
                            "Plans": [
                              {
                                "Node Type": "Seq Scan",
                                "Parent Relationship": "Outer",
                                "Parallel Aware": true,
                                "Relation Name": "title",
                                "Alias": "t",
                                "Startup Cost": 0.0,
                                "Total Cost": 54588.39,
                                "Plan Rows": 1097081,
                                "Plan Width": 4,
                                "Actual Startup Time": 0.028,
                                "Actual Total Time": 166.801,
                                "Actual Rows": 932744,
                                "Actual Loops": 2,
                                "Filter": "(kind_id > 1)",
                                "Rows Removed by Filter": 331412
                              }
                            ]
                          }
                        ]
                      }
                    ]
                  }
                ]
              }
            ]
          }
        ]
      }
    ]
  },
  "Planning Time": 1.048,
  "Triggers": [],
  "Execution Time": 1248.078
}