{
  "Plan": {
    "Node Type": "Aggregate",
    "Strategy": "Plain",
    "Partial Mode": "Finalize",
    "Parallel Aware": false,
    "Startup Cost": 739781.81,
    "Total Cost": 739781.82,
    "Plan Rows": 1,
    "Plan Width": 8,
    "Actual Startup Time": 13547.723,
    "Actual Total Time": 13615.664,
    "Actual Rows": 1,
    "Actual Loops": 1,
    "Plans": [
      {
        "Node Type": "Gather",
        "Parent Relationship": "Outer",
        "Parallel Aware": false,
        "Startup Cost": 739781.7,
        "Total Cost": 739781.81,
        "Plan Rows": 1,
        "Plan Width": 8,
        "Actual Startup Time": 13540.126,
        "Actual Total Time": 13615.656,
        "Actual Rows": 2,
        "Actual Loops": 1,
        "Workers Planned": 1,
        "Workers Launched": 1,
        "Single Copy": false,
        "Plans": [
          {
            "Node Type": "Aggregate",
            "Strategy": "Plain",
            "Partial Mode": "Partial",
            "Parent Relationship": "Outer",
            "Parallel Aware": false,
            "Startup Cost": 738781.7,
            "Total Cost": 738781.71,
            "Plan Rows": 1,
            "Plan Width": 8,
            "Actual Startup Time": 13533.054,
            "Actual Total Time": 13533.06,
            "Actual Rows": 1,
            "Actual Loops": 2,
            "Plans": [
              {
                "Node Type": "Hash Join",
                "Parent Relationship": "Outer",
                "Parallel Aware": true,
                "Join Type": "Inner",
                "Startup Cost": 127707.06,
                "Total Cost": 719286.3,
                "Plan Rows": 7798159,
                "Plan Width": 0,
                "Actual Startup Time": 1054.094,
                "Actual Total Time": 10910.423,
                "Actual Rows": 65731693,
                "Actual Loops": 2,
                "Inner Unique": false,
                "Hash Cond": "(ci.movie_id = t.id)",
                "Plans": [
                  {
                    "Node Type": "Seq Scan",
                    "Parent Relationship": "Outer",
                    "Parallel Aware": true,
                    "Relation Name": "cast_info",
                    "Alias": "ci",
                    "Startup Cost": 0.0,
                    "Total Cost": 465792.95,
                    "Plan Rows": 21310595,
                    "Plan Width": 4,
                    "Actual Startup Time": 0.016,
                    "Actual Total Time": 1363.845,
                    "Actual Rows": 18122172,
                    "Actual Loops": 2
                  },
                  {
                    "Node Type": "Hash",
                    "Parent Relationship": "Inner",
                    "Parallel Aware": true,
                    "Startup Cost": 120904.29,
                    "Total Cost": 120904.29,
                    "Plan Rows": 544221,
                    "Plan Width": 8,
                    "Actual Startup Time": 1044.869,
                    "Actual Total Time": 1044.873,
                    "Actual Rows": 1124392,
                    "Actual Loops": 2,
                    "Hash Buckets": 4194304,
                    "Original Hash Buckets": 1048576,
                    "Hash Batches": 1,
                    "Original Hash Batches": 1,
                    "Peak Memory Usage": 145344,
                    "Plans": [
                      {
                        "Node Type": "Hash Join",
                        "Parent Relationship": "Outer",
                        "Parallel Aware": true,
                        "Join Type": "Inner",
                        "Startup Cost": 57740.43,
                        "Total Cost": 120904.29,
                        "Plan Rows": 544221,
                        "Plan Width": 8,
                        "Actual Startup Time": 265.203,
                        "Actual Total Time": 730.401,
                        "Actual Rows": 1124392,
                        "Actual Loops": 2,
                        "Inner Unique": true,
                        "Hash Cond": "(mk.movie_id = t.id)",
                        "Plans": [
                          {
                            "Node Type": "Seq Scan",
                            "Parent Relationship": "Outer",
                            "Parallel Aware": true,
                            "Relation Name": "movie_keyword",
                            "Alias": "mk",
                            "Startup Cost": 0.0,
                            "Total Cost": 57718.19,
                            "Plan Rows": 2074536,
                            "Plan Width": 4,
                            "Actual Startup Time": 0.015,
                            "Actual Total Time": 251.791,
                            "Actual Rows": 1767140,
                            "Actual Loops": 2,
                            "Filter": "(keyword_id < 18703)",
                            "Rows Removed by Filter": 494825
                          },
                          {
                            "Node Type": "Hash",
                            "Parent Relationship": "Inner",
                            "Parallel Aware": true,
                            "Startup Cost": 52863.55,
                            "Total Cost": 52863.55,
                            "Plan Rows": 390151,
                            "Plan Width": 4,
                            "Actual Startup Time": 181.658,
                            "Actual Total Time": 181.659,
                            "Actual Rows": 331412,
                            "Actual Loops": 2,
                            "Hash Buckets": 1048576,
                            "Original Hash Buckets": 1048576,
                            "Hash Batches": 1,
                            "Original Hash Batches": 1,
                            "Peak Memory Usage": 34144,
                            "Plans": [
                              {
                                "Node Type": "Bitmap Heap Scan",
                                "Parent Relationship": "Outer",
                                "Parallel Aware": true,
                                "Relation Name": "title",
                                "Alias": "t",
                                "Startup Cost": 11988.66,
                                "Total Cost": 52863.55,
                                "Plan Rows": 390151,
                                "Plan Width": 4,
                                "Actual Startup Time": 25.375,
                                "Actual Total Time": 93.24,
                                "Actual Rows": 331412,
                                "Actual Loops": 2,
                                "Recheck Cond": "(kind_id = 1)",
                                "Rows Removed by Index Recheck": 0,
                                "Exact Heap Blocks": 8743,
                                "Lossy Heap Blocks": 0,
                                "Plans": [
                                  {
                                    "Node Type": "Bitmap Index Scan",
                                    "Parent Relationship": "Outer",
                                    "Parallel Aware": false,
                                    "Index Name": "kind_id_title",
                                    "Startup Cost": 0.0,
                                    "Total Cost": 11822.85,
                                    "Plan Rows": 663256,
                                    "Plan Width": 0,
                                    "Actual Startup Time": 23.454,
                                    "Actual Total Time": 23.454,
                                    "Actual Rows": 662825,
                                    "Actual Loops": 1,
                                    "Index Cond": "(kind_id = 1)"
                                  }
                                ]
                              }
                            ]
                          }
                        ]
                      }
                    ]
                  }
                ]
              }
            ]
          }
        ]
      }
    ]
  },
  "Planning Time": 0.928,
  "Triggers": [],
  "Execution Time": 13615.805
}