[
  {
    "Plan": {
      "Node Type": "Aggregate",
      "Strategy": "Plain",
      "Partial Mode": "Finalize",
      "Parallel Aware": false,
      "Startup Cost": 76384.67,
      "Total Cost": 76384.68,
      "Plan Rows": 1,
      "Plan Width": 8,
      "Actual Startup Time": 332.649,
      "Actual Total Time": 349.228,
      "Actual Rows": 1,
      "Actual Loops": 1,
      "Plans": [
        {
          "Node Type": "Gather",
          "Parent Relationship": "Outer",
          "Parallel Aware": false,
          "Startup Cost": 76384.36,
          "Total Cost": 76384.67,
          "Plan Rows": 3,
          "Plan Width": 8,
          "Actual Startup Time": 331.317,
          "Actual Total Time": 349.216,
          "Actual Rows": 4,
          "Actual Loops": 1,
          "Workers Planned": 3,
          "Workers Launched": 3,
          "Single Copy": false,
          "Plans": [
            {
              "Node Type": "Aggregate",
              "Strategy": "Plain",
              "Partial Mode": "Partial",
              "Parent Relationship": "Outer",
              "Parallel Aware": false,
              "Startup Cost": 75384.36,
              "Total Cost": 75384.37,
              "Plan Rows": 1,
              "Plan Width": 8,
              "Actual Startup Time": 323.095,
              "Actual Total Time": 323.208,
              "Actual Rows": 1,
              "Actual Loops": 4,
              "Plans": [
                {
                  "Node Type": "Hash Join",
                  "Parent Relationship": "Outer",
                  "Parallel Aware": true,
                  "Join Type": "Inner",
                  "Startup Cost": 45865.55,
                  "Total Cost": 75281.44,
                  "Plan Rows": 41167,
                  "Plan Width": 0,
                  "Actual Startup Time": 166.018,
                  "Actual Total Time": 316.064,
                  "Actual Rows": 137706,
                  "Actual Loops": 4,
                  "Inner Unique": true,
                  "Hash Cond": "(mc.movie_id = t.id)",
                  "Plans": [
                    {
                      "Node Type": "Seq Scan",
                      "Parent Relationship": "Outer",
                      "Parallel Aware": true,
                      "Relation Name": "movie_companies",
                      "Alias": "mc",
                      "Startup Cost": 0.0,
                      "Total Cost": 27206.55,
                      "Plan Rows": 841655,
                      "Plan Width": 4,
                      "Actual Startup Time": 0.019,
                      "Actual Total Time": 65.594,
                      "Actual Rows": 652282,
                      "Actual Loops": 4
                    },
                    {
                      "Node Type": "Hash",
                      "Parent Relationship": "Inner",
                      "Parallel Aware": true,
                      "Startup Cost": 45479.1,
                      "Total Cost": 45479.1,
                      "Plan Rows": 30916,
                      "Plan Width": 4,
                      "Actual Startup Time": 131.986,
                      "Actual Total Time": 131.987,
                      "Actual Rows": 65268,
                      "Actual Loops": 4,
                      "Hash Buckets": 262144,
                      "Original Hash Buckets": 131072,
                      "Hash Batches": 1,
                      "Original Hash Batches": 1,
                      "Peak Memory Usage": 13344,
                      "Plans": [
                        {
                          "Node Type": "Seq Scan",
                          "Parent Relationship": "Outer",
                          "Parallel Aware": true,
                          "Relation Name": "title",
                          "Alias": "t",
                          "Startup Cost": 0.0,
                          "Total Cost": 45479.1,
                          "Plan Rows": 30916,
                          "Plan Width": 4,
                          "Actual Startup Time": 62.241,
                          "Actual Total Time": 105.769,
                          "Actual Rows": 65268,
                          "Actual Loops": 4,
                          "Filter": "((production_year < 1978) AND (kind_id = 1))",
                          "Rows Removed by Filter": 566810
                        }
                      ]
                    }
                  ]
                }
              ]
            }
          ]
        }
      ]
    },
    "Planning Time": 0.499,
    "Triggers": [],
    "Execution Time": 349.285
  }
]