[
    {
        "Bao": {
            "Bao prediction": "NaN",
            "Bao recommended hint": "(no hint)"
        }
    },
    {
        "Plan": {
            "Node Type": "Aggregate",
            "Strategy": "Plain",
            "Partial Mode": "Finalize",
            "Parallel Aware": false,
            "Startup Cost": 80013.26,
            "Total Cost": 80013.27,
            "Plan Rows": 1,
            "Plan Width": 8,
            "Actual Startup Time": 143.905,
            "Actual Total Time": 152.753,
            "Actual Rows": 1,
            "Actual Loops": 1,
            "Output": [
                "count(*)"
            ],
            "Plans": [
                {
                    "Node Type": "Gather",
                    "Parent Relationship": "Outer",
                    "Parallel Aware": false,
                    "Startup Cost": 80012.94,
                    "Total Cost": 80013.25,
                    "Plan Rows": 3,
                    "Plan Width": 8,
                    "Actual Startup Time": 143.361,
                    "Actual Total Time": 152.747,
                    "Actual Rows": 4,
                    "Actual Loops": 1,
                    "Output": [
                        "(PARTIAL count(*))"
                    ],
                    "Workers Planned": 3,
                    "Workers Launched": 3,
                    "Single Copy": false,
                    "Plans": [
                        {
                            "Node Type": "Aggregate",
                            "Strategy": "Plain",
                            "Partial Mode": "Partial",
                            "Parent Relationship": "Outer",
                            "Parallel Aware": false,
                            "Startup Cost": 79012.94,
                            "Total Cost": 79012.95,
                            "Plan Rows": 1,
                            "Plan Width": 8,
                            "Actual Startup Time": 134.535,
                            "Actual Total Time": 134.539,
                            "Actual Rows": 1,
                            "Actual Loops": 4,
                            "Output": [
                                "PARTIAL count(*)"
                            ],
                            "Workers": [
                                {
                                    "Worker Number": 0,
                                    "Actual Startup Time": 131.471,
                                    "Actual Total Time": 131.475,
                                    "Actual Rows": 1,
                                    "Actual Loops": 1
                                },
                                {
                                    "Worker Number": 1,
                                    "Actual Startup Time": 131.754,
                                    "Actual Total Time": 131.757,
                                    "Actual Rows": 1,
                                    "Actual Loops": 1
                                },
                                {
                                    "Worker Number": 2,
                                    "Actual Startup Time": 131.908,
                                    "Actual Total Time": 131.911,
                                    "Actual Rows": 1,
                                    "Actual Loops": 1
                                }
                            ],
                            "Plans": [
                                {
                                    "Node Type": "Nested Loop",
                                    "Parent Relationship": "Outer",
                                    "Parallel Aware": false,
                                    "Join Type": "Inner",
                                    "Startup Cost": 50705.95,
                                    "Total Cost": 78999.26,
                                    "Plan Rows": 5471,
                                    "Plan Width": 0,
                                    "Actual Startup Time": 126.66,
                                    "Actual Total Time": 134.472,
                                    "Actual Rows": 940,
                                    "Actual Loops": 4,
                                    "Inner Unique": false,
                                    "Join Filter": "(t.id = mi.movie_id)",
                                    "Rows Removed by Join Filter": 0,
                                    "Workers": [
                                        {
                                            "Worker Number": 0,
                                            "Actual Startup Time": 123.4,
                                            "Actual Total Time": 131.407,
                                            "Actual Rows": 735,
                                            "Actual Loops": 1
                                        },
                                        {
                                            "Worker Number": 1,
                                            "Actual Startup Time": 124.045,
                                            "Actual Total Time": 131.703,
                                            "Actual Rows": 562,
                                            "Actual Loops": 1
                                        },
                                        {
                                            "Worker Number": 2,
                                            "Actual Startup Time": 124.024,
                                            "Actual Total Time": 131.858,
                                            "Actual Rows": 506,
                                            "Actual Loops": 1
                                        }
                                    ],
                                    "Plans": [
                                        {
                                            "Node Type": "Hash Join",
                                            "Parent Relationship": "Outer",
                                            "Parallel Aware": true,
                                            "Join Type": "Inner",
                                            "Startup Cost": 50705.51,
                                            "Total Cost": 70726.17,
                                            "Plan Rows": 937,
                                            "Plan Width": 8,
                                            "Actual Startup Time": 126.59,
                                            "Actual Total Time": 131.853,
                                            "Actual Rows": 46,
                                            "Actual Loops": 4,
                                            "Output": [
                                                "t.id",
                                                "mc.movie_id"
                                            ],
                                            "Inner Unique": true,
                                            "Hash Cond": "(mc.movie_id = t.id)",
                                            "Workers": [
                                                {
                                                    "Worker Number": 0,
                                                    "Actual Startup Time": 123.308,
                                                    "Actual Total Time": 128.166,
                                                    "Actual Rows": 34,
                                                    "Actual Loops": 1
                                                },
                                                {
                                                    "Worker Number": 1,
                                                    "Actual Startup Time": 123.97,
                                                    "Actual Total Time": 129.063,
                                                    "Actual Rows": 32,
                                                    "Actual Loops": 1
                                                },
                                                {
                                                    "Worker Number": 2,
                                                    "Actual Startup Time": 123.938,
                                                    "Actual Total Time": 129.105,
                                                    "Actual Rows": 33,
                                                    "Actual Loops": 1
                                                }
                                            ],
                                            "Plans": [
                                                {
                                                    "Node Type": "Bitmap Heap Scan",
                                                    "Parent Relationship": "Outer",
                                                    "Parallel Aware": true,
                                                    "Relation Name": "movie_companies",
                                                    "Schema": "public",
                                                    "Alias": "mc",
                                                    "Startup Cost": 5033.46,
                                                    "Total Cost": 24953.31,
                                                    "Plan Rows": 38402,
                                                    "Plan Width": 4,
                                                    "Actual Startup Time": 32.597,
                                                    "Actual Total Time": 41.249,
                                                    "Actual Rows": 13598,
                                                    "Actual Loops": 4,
                                                    "Output": [
                                                        "mc.id",
                                                        "mc.movie_id",
                                                        "mc.company_id",
                                                        "mc.company_type_id",
                                                        "mc.note"
                                                    ],
                                                    "Recheck Cond": "(mc.company_id < 93)",
                                                    "Rows Removed by Index Recheck": 0,
                                                    "Filter": "(mc.company_type_id > 1)",
                                                    "Rows Removed by Filter": 44569,
                                                    "Exact Heap Blocks": 6709,
                                                    "Lossy Heap Blocks": 0,
                                                    "Workers": [
                                                        {
                                                            "Worker Number": 0,
                                                            "Actual Startup Time": 32.582,
                                                            "Actual Total Time": 41.033,
                                                            "Actual Rows": 11660,
                                                            "Actual Loops": 1
                                                        },
                                                        {
                                                            "Worker Number": 1,
                                                            "Actual Startup Time": 32.617,
                                                            "Actual Total Time": 41.551,
                                                            "Actual Rows": 12271,
                                                            "Actual Loops": 1
                                                        },
                                                        {
                                                            "Worker Number": 2,
                                                            "Actual Startup Time": 32.568,
                                                            "Actual Total Time": 41.169,
                                                            "Actual Rows": 12527,
                                                            "Actual Loops": 1
                                                        }
                                                    ],
                                                    "Plans": [
                                                        {
                                                            "Node Type": "Bitmap Index Scan",
                                                            "Parent Relationship": "Outer",
                                                            "Parallel Aware": false,
                                                            "Index Name": "company_id_movie_companies",
                                                            "Startup Cost": 0.0,
                                                            "Total Cost": 5003.69,
                                                            "Plan Rows": 233502,
                                                            "Plan Width": 0,
                                                            "Actual Startup Time": 10.064,
                                                            "Actual Total Time": 10.064,
                                                            "Actual Rows": 232665,
                                                            "Actual Loops": 1,
                                                            "Index Cond": "(mc.company_id < 93)"
                                                        }
                                                    ]
                                                },
                                                {
                                                    "Node Type": "Hash",
                                                    "Parent Relationship": "Inner",
                                                    "Parallel Aware": true,
                                                    "Startup Cost": 45479.21,
                                                    "Total Cost": 45479.21,
                                                    "Plan Rows": 15428,
                                                    "Plan Width": 4,
                                                    "Actual Startup Time": 86.798,
                                                    "Actual Total Time": 86.799,
                                                    "Actual Rows": 15395,
                                                    "Actual Loops": 4,
                                                    "Output": [
                                                        "t.id"
                                                    ],
                                                    "Hash Buckets": 65536,
                                                    "Original Hash Buckets": 65536,
                                                    "Hash Batches": 1,
                                                    "Original Hash Batches": 1,
                                                    "Peak Memory Usage": 2976,
                                                    "Workers": [
                                                        {
                                                            "Worker Number": 0,
                                                            "Actual Startup Time": 83.691,
                                                            "Actual Total Time": 83.692,
                                                            "Actual Rows": 13856,
                                                            "Actual Loops": 1
                                                        },
                                                        {
                                                            "Worker Number": 1,
                                                            "Actual Startup Time": 84.019,
                                                            "Actual Total Time": 84.019,
                                                            "Actual Rows": 14129,
                                                            "Actual Loops": 1
                                                        },
                                                        {
                                                            "Worker Number": 2,
                                                            "Actual Startup Time": 84.333,
                                                            "Actual Total Time": 84.333,
                                                            "Actual Rows": 14372,
                                                            "Actual Loops": 1
                                                        }
                                                    ],
                                                    "Plans": [
                                                        {
                                                            "Node Type": "Seq Scan",
                                                            "Parent Relationship": "Outer",
                                                            "Parallel Aware": true,
                                                            "Relation Name": "title",
                                                            "Schema": "public",
                                                            "Alias": "t",
                                                            "Startup Cost": 0.0,
                                                            "Total Cost": 45479.21,
                                                            "Plan Rows": 15428,
                                                            "Plan Width": 4,
                                                            "Actual Startup Time": 37.487,
                                                            "Actual Total Time": 81.441,
                                                            "Actual Rows": 15395,
                                                            "Actual Loops": 4,
                                                            "Output": [
                                                                "t.id"
                                                            ],
                                                            "Filter": "((t.production_year > 2011) AND (t.kind_id = 1))",
                                                            "Rows Removed by Filter": 616683,
                                                            "Workers": [
                                                                {
                                                                    "Worker Number": 0,
                                                                    "Actual Startup Time": 46.618,
                                                                    "Actual Total Time": 78.682,
                                                                    "Actual Rows": 13856,
                                                                    "Actual Loops": 1
                                                                },
                                                                {
                                                                    "Worker Number": 1,
                                                                    "Actual Startup Time": 47.42,
                                                                    "Actual Total Time": 78.754,
                                                                    "Actual Rows": 14129,
                                                                    "Actual Loops": 1
                                                                },
                                                                {
                                                                    "Worker Number": 2,
                                                                    "Actual Startup Time": 47.452,
                                                                    "Actual Total Time": 79.432,
                                                                    "Actual Rows": 14372,
                                                                    "Actual Loops": 1
                                                                }
                                                            ]
                                                        }
                                                    ]
                                                }
                                            ]
                                        },
                                        {
                                            "Node Type": "Index Only Scan",
                                            "Parent Relationship": "Inner",
                                            "Parallel Aware": false,
                                            "Scan Direction": "Forward",
                                            "Index Name": "movie_id_movie_info",
                                            "Relation Name": "movie_info",
                                            "Schema": "public",
                                            "Alias": "mi",
                                            "Startup Cost": 0.43,
                                            "Total Cost": 8.34,
                                            "Plan Rows": 39,
                                            "Plan Width": 4,
                                            "Actual Startup Time": 0.02,
                                            "Actual Total Time": 0.053,
                                            "Actual Rows": 20,
                                            "Actual Loops": 186,
                                            "Output": [
                                                "mi.movie_id"
                                            ],
                                            "Index Cond": "(mi.movie_id = mc.movie_id)",
                                            "Rows Removed by Index Recheck": 0,
                                            "Heap Fetches": 3760,
                                            "Workers": [
                                                {
                                                    "Worker Number": 0,
                                                    "Actual Startup Time": 0.032,
                                                    "Actual Total Time": 0.091,
                                                    "Actual Rows": 22,
                                                    "Actual Loops": 34
                                                },
                                                {
                                                    "Worker Number": 1,
                                                    "Actual Startup Time": 0.03,
                                                    "Actual Total Time": 0.079,
                                                    "Actual Rows": 18,
                                                    "Actual Loops": 32
                                                },
                                                {
                                                    "Worker Number": 2,
                                                    "Actual Startup Time": 0.031,
                                                    "Actual Total Time": 0.081,
                                                    "Actual Rows": 15,
                                                    "Actual Loops": 33
                                                }
                                            ]
                                        }
                                    ]
                                }
                            ]
                        }
                    ]
                }
            ]
        },
        "Planning Time": 191.546,
        "Triggers": [],
        "Execution Time": 152.843
    }
]