{
    "Plan": {
        "Node Type": "Aggregate",
        "Strategy": "Plain",
        "Partial Mode": "Finalize",
        "Parallel Aware": false,
        "Startup Cost": 442291.28,
        "Total Cost": 442291.29,
        "Plan Rows": 1,
        "Plan Width": 8,
        "Actual Startup Time": 1769.282,
        "Actual Total Time": 1822.516,
        "Actual Rows": 1,
        "Actual Loops": 1,
        "Output": [
            "count(*)"
        ],
        "Plans": [
            {
                "Node Type": "Gather",
                "Parent Relationship": "Outer",
                "Parallel Aware": false,
                "Startup Cost": 442290.96,
                "Total Cost": 442291.27,
                "Plan Rows": 3,
                "Plan Width": 8,
                "Actual Startup Time": 1759.48,
                "Actual Total Time": 1822.506,
                "Actual Rows": 4,
                "Actual Loops": 1,
                "Output": [
                    "(PARTIAL count(*))"
                ],
                "Workers Planned": 3,
                "Workers Launched": 3,
                "Single Copy": false,
                "Plans": [
                    {
                        "Node Type": "Aggregate",
                        "Strategy": "Plain",
                        "Partial Mode": "Partial",
                        "Parent Relationship": "Outer",
                        "Parallel Aware": false,
                        "Startup Cost": 441290.96,
                        "Total Cost": 441290.97,
                        "Plan Rows": 1,
                        "Plan Width": 8,
                        "Actual Startup Time": 1748.978,
                        "Actual Total Time": 1749.885,
                        "Actual Rows": 1,
                        "Actual Loops": 4,
                        "Output": [
                            "PARTIAL count(*)"
                        ],
                        "Workers": [
                            {
                                "Worker Number": 0,
                                "Actual Startup Time": 1746.128,
                                "Actual Total Time": 1746.133,
                                "Actual Rows": 1,
                                "Actual Loops": 1
                            },
                            {
                                "Worker Number": 1,
                                "Actual Startup Time": 1747.342,
                                "Actual Total Time": 1747.348,
                                "Actual Rows": 1,
                                "Actual Loops": 1
                            },
                            {
                                "Worker Number": 2,
                                "Actual Startup Time": 1743.738,
                                "Actual Total Time": 1743.743,
                                "Actual Rows": 1,
                                "Actual Loops": 1
                            }
                        ],
                        "Plans": [
                            {
                                "Node Type": "Hash Join",
                                "Parent Relationship": "Outer",
                                "Parallel Aware": true,
                                "Join Type": "Inner",
                                "Startup Cost": 394968.18,
                                "Total Cost": 440389.47,
                                "Plan Rows": 360595,
                                "Plan Width": 0,
                                "Actual Startup Time": 1260.47,
                                "Actual Total Time": 1658.521,
                                "Actual Rows": 1940545,
                                "Actual Loops": 4,
                                "Inner Unique": false,
                                "Hash Cond": "(mk.movie_id = t.id)",
                                "Workers": [
                                    {
                                        "Worker Number": 0,
                                        "Actual Startup Time": 1256.358,
                                        "Actual Total Time": 1654.122,
                                        "Actual Rows": 1493238,
                                        "Actual Loops": 1
                                    },
                                    {
                                        "Worker Number": 1,
                                        "Actual Startup Time": 1258.962,
                                        "Actual Total Time": 1658.829,
                                        "Actual Rows": 2327573,
                                        "Actual Loops": 1
                                    },
                                    {
                                        "Worker Number": 2,
                                        "Actual Startup Time": 1255.149,
                                        "Actual Total Time": 1651.582,
                                        "Actual Rows": 1510360,
                                        "Actual Loops": 1
                                    }
                                ],
                                "Plans": [
                                    {
                                        "Node Type": "Seq Scan",
                                        "Parent Relationship": "Outer",
                                        "Parallel Aware": true,
                                        "Relation Name": "movie_keyword",
                                        "Schema": "public",
                                        "Alias": "mk",
                                        "Startup Cost": 0.0,
                                        "Total Cost": 39047.32,
                                        "Plan Rows": 1459332,
                                        "Plan Width": 4,
                                        "Actual Startup Time": 0.016,
                                        "Actual Total Time": 105.913,
                                        "Actual Rows": 1130982,
                                        "Actual Loops": 4,
                                        "Output": [
                                            "mk.id",
                                            "mk.movie_id",
                                            "mk.keyword_id"
                                        ],
                                        "Workers": [
                                            {
                                                "Worker Number": 0,
                                                "Actual Startup Time": 0.022,
                                                "Actual Total Time": 108.435,
                                                "Actual Rows": 859140,
                                                "Actual Loops": 1
                                            },
                                            {
                                                "Worker Number": 1,
                                                "Actual Startup Time": 0.011,
                                                "Actual Total Time": 111.596,
                                                "Actual Rows": 1358640,
                                                "Actual Loops": 1
                                            },
                                            {
                                                "Worker Number": 2,
                                                "Actual Startup Time": 0.022,
                                                "Actual Total Time": 109.615,
                                                "Actual Rows": 875235,
                                                "Actual Loops": 1
                                            }
                                        ]
                                    },
                                    {
                                        "Node Type": "Hash",
                                        "Parent Relationship": "Inner",
                                        "Parallel Aware": true,
                                        "Startup Cost": 393015.88,
                                        "Total Cost": 393015.88,
                                        "Plan Rows": 156184,
                                        "Plan Width": 8,
                                        "Actual Startup Time": 1254.062,
                                        "Actual Total Time": 1254.967,
                                        "Actual Rows": 321076,
                                        "Actual Loops": 4,
                                        "Output": [
                                            "t.id",
                                            "ci.movie_id"
                                        ],
                                        "Hash Buckets": 2097152,
                                        "Original Hash Buckets": 1048576,
                                        "Hash Batches": 1,
                                        "Original Hash Batches": 1,
                                        "Peak Memory Usage": 74880,
                                        "Workers": [
                                            {
                                                "Worker Number": 0,
                                                "Actual Startup Time": 1254.026,
                                                "Actual Total Time": 1254.03,
                                                "Actual Rows": 266408,
                                                "Actual Loops": 1
                                            },
                                            {
                                                "Worker Number": 1,
                                                "Actual Startup Time": 1257.727,
                                                "Actual Total Time": 1257.731,
                                                "Actual Rows": 360748,
                                                "Actual Loops": 1
                                            },
                                            {
                                                "Worker Number": 2,
                                                "Actual Startup Time": 1254.128,
                                                "Actual Total Time": 1254.131,
                                                "Actual Rows": 269475,
                                                "Actual Loops": 1
                                            }
                                        ],
                                        "Plans": [
                                            {
                                                "Node Type": "Hash Join",
                                                "Parent Relationship": "Outer",
                                                "Parallel Aware": true,
                                                "Join Type": "Inner",
                                                "Startup Cost": 344115.96,
                                                "Total Cost": 393015.88,
                                                "Plan Rows": 156184,
                                                "Plan Width": 8,
                                                "Actual Startup Time": 756.361,
                                                "Actual Total Time": 1125.197,
                                                "Actual Rows": 321076,
                                                "Actual Loops": 4,
                                                "Output": [
                                                    "t.id",
                                                    "ci.movie_id"
                                                ],
                                                "Inner Unique": false,
                                                "Hash Cond": "(t.id = ci.movie_id)",
                                                "Workers": [
                                                    {
                                                        "Worker Number": 0,
                                                        "Actual Startup Time": 756.329,
                                                        "Actual Total Time": 1122.868,
                                                        "Actual Rows": 266408,
                                                        "Actual Loops": 1
                                                    },
                                                    {
                                                        "Worker Number": 1,
                                                        "Actual Startup Time": 756.333,
                                                        "Actual Total Time": 1126.029,
                                                        "Actual Rows": 360748,
                                                        "Actual Loops": 1
                                                    },
                                                    {
                                                        "Worker Number": 2,
                                                        "Actual Startup Time": 756.328,
                                                        "Actual Total Time": 1123.918,
                                                        "Actual Rows": 269475,
                                                        "Actual Loops": 1
                                                    }
                                                ],
                                                "Plans": [
                                                    {
                                                        "Node Type": "Seq Scan",
                                                        "Parent Relationship": "Outer",
                                                        "Parallel Aware": true,
                                                        "Relation Name": "title",
                                                        "Schema": "public",
                                                        "Alias": "t",
                                                        "Startup Cost": 0.0,
                                                        "Total Cost": 42318.81,
                                                        "Plan Rows": 632080,
                                                        "Plan Width": 4,
                                                        "Actual Startup Time": 0.021,
                                                        "Actual Total Time": 90.203,
                                                        "Actual Rows": 632078,
                                                        "Actual Loops": 4,
                                                        "Output": [
                                                            "t.id",
                                                            "t.title",
                                                            "t.imdb_index",
                                                            "t.kind_id",
                                                            "t.production_year",
                                                            "t.imdb_id",
                                                            "t.phonetic_code",
                                                            "t.episode_of_id",
                                                            "t.season_nr",
                                                            "t.episode_nr",
                                                            "t.series_years",
                                                            "t.md5sum"
                                                        ],
                                                        "Workers": [
                                                            {
                                                                "Worker Number": 0,
                                                                "Actual Startup Time": 0.031,
                                                                "Actual Total Time": 98.421,
                                                                "Actual Rows": 522453,
                                                                "Actual Loops": 1
                                                            },
                                                            {
                                                                "Worker Number": 1,
                                                                "Actual Startup Time": 0.02,
                                                                "Actual Total Time": 91.531,
                                                                "Actual Rows": 709589,
                                                                "Actual Loops": 1
                                                            },
                                                            {
                                                                "Worker Number": 2,
                                                                "Actual Startup Time": 0.024,
                                                                "Actual Total Time": 98.813,
                                                                "Actual Rows": 530421,
                                                                "Actual Loops": 1
                                                            }
                                                        ]
                                                    },
                                                    {
                                                        "Node Type": "Hash",
                                                        "Parent Relationship": "Inner",
                                                        "Parallel Aware": true,
                                                        "Startup Cost": 342814.42,
                                                        "Total Cost": 342814.42,
                                                        "Plan Rows": 104123,
                                                        "Plan Width": 4,
                                                        "Actual Startup Time": 753.535,
                                                        "Actual Total Time": 753.536,
                                                        "Actual Rows": 321076,
                                                        "Actual Loops": 4,
                                                        "Output": [
                                                            "ci.movie_id"
                                                        ],
                                                        "Hash Buckets": 2097152,
                                                        "Original Hash Buckets": 1048576,
                                                        "Hash Batches": 1,
                                                        "Original Hash Batches": 1,
                                                        "Peak Memory Usage": 74880,
                                                        "Workers": [
                                                            {
                                                                "Worker Number": 0,
                                                                "Actual Startup Time": 756.243,
                                                                "Actual Total Time": 756.245,
                                                                "Actual Rows": 226980,
                                                                "Actual Loops": 1
                                                            },
                                                            {
                                                                "Worker Number": 1,
                                                                "Actual Startup Time": 756.253,
                                                                "Actual Total Time": 756.254,
                                                                "Actual Rows": 363480,
                                                                "Actual Loops": 1
                                                            },
                                                            {
                                                                "Worker Number": 2,
                                                                "Actual Startup Time": 756.235,
                                                                "Actual Total Time": 756.236,
                                                                "Actual Rows": 210210,
                                                                "Actual Loops": 1
                                                            }
                                                        ],
                                                        "Plans": [
                                                            {
                                                                "Node Type": "Index Scan",
                                                                "Parent Relationship": "Outer",
                                                                "Parallel Aware": true,
                                                                "Scan Direction": "Forward",
                                                                "Index Name": "role_id_cast_info",
                                                                "Relation Name": "cast_info",
                                                                "Schema": "public",
                                                                "Alias": "ci",
                                                                "Startup Cost": 0.56,
                                                                "Total Cost": 342814.42,
                                                                "Plan Rows": 104123,
                                                                "Plan Width": 4,
                                                                "Actual Startup Time": 0.276,
                                                                "Actual Total Time": 621.245,
                                                                "Actual Rows": 321076,
                                                                "Actual Loops": 4,
                                                                "Output": [
                                                                    "ci.movie_id"
                                                                ],
                                                                "Index Cond": "(ci.role_id = 1)",
                                                                "Rows Removed by Index Recheck": 0,
                                                                "Filter": "(ci.person_id < 177751)",
                                                                "Rows Removed by Filter": 2846596,
                                                                "Workers": [
                                                                    {
                                                                        "Worker Number": 0,
                                                                        "Actual Startup Time": 0.476,
                                                                        "Actual Total Time": 625.921,
                                                                        "Actual Rows": 226980,
                                                                        "Actual Loops": 1
                                                                    },
                                                                    {
                                                                        "Worker Number": 1,
                                                                        "Actual Startup Time": 0.239,
                                                                        "Actual Total Time": 621.73,
                                                                        "Actual Rows": 363480,
                                                                        "Actual Loops": 1
                                                                    },
                                                                    {
                                                                        "Worker Number": 2,
                                                                        "Actual Startup Time": 0.351,
                                                                        "Actual Total Time": 627.114,
                                                                        "Actual Rows": 210210,
                                                                        "Actual Loops": 1
                                                                    }
                                                                ]
                                                            }
                                                        ]
                                                    }
                                                ]
                                            }
                                        ]
                                    }
                                ]
                            }
                        ]
                    }
                ]
            }
        ]
    },
    "Planning Time": 1.43,
    "Triggers": [],
    "Execution Time": 1822.611
}