{
  "Plan": {
    "Node Type": "Aggregate",
    "Strategy": "Plain",
    "Partial Mode": "Finalize",
    "Parallel Aware": false,
    "Startup Cost": 720504.21,
    "Total Cost": 720504.22,
    "Plan Rows": 1,
    "Plan Width": 8,
    "Actual Startup Time": 3332.748,
    "Actual Total Time": 3376.448,
    "Actual Rows": 1,
    "Actual Loops": 1,
    "Plans": [
      {
        "Node Type": "Gather",
        "Parent Relationship": "Outer",
        "Parallel Aware": false,
        "Startup Cost": 720504.1,
        "Total Cost": 720504.21,
        "Plan Rows": 1,
        "Plan Width": 8,
        "Actual Startup Time": 3321.61,
        "Actual Total Time": 3376.438,
        "Actual Rows": 2,
        "Actual Loops": 1,
        "Workers Planned": 1,
        "Workers Launched": 1,
        "Single Copy": false,
        "Plans": [
          {
            "Node Type": "Aggregate",
            "Strategy": "Plain",
            "Partial Mode": "Partial",
            "Parent Relationship": "Outer",
            "Parallel Aware": false,
            "Startup Cost": 719504.1,
            "Total Cost": 719504.11,
            "Plan Rows": 1,
            "Plan Width": 8,
            "Actual Startup Time": 3303.213,
            "Actual Total Time": 3303.757,
            "Actual Rows": 1,
            "Actual Loops": 2,
            "Plans": [
              {
                "Node Type": "Hash Join",
                "Parent Relationship": "Outer",
                "Parallel Aware": true,
                "Join Type": "Inner",
                "Startup Cost": 606876.39,
                "Total Cost": 706103.84,
                "Plan Rows": 5360102,
                "Plan Width": 0,
                "Actual Startup Time": 2188.608,
                "Actual Total Time": 3031.617,
                "Actual Rows": 6879957,
                "Actual Loops": 2,
                "Inner Unique": false,
                "Hash Cond": "(mk.movie_id = t.id)",
                "Plans": [
                  {
                    "Node Type": "Seq Scan",
                    "Parent Relationship": "Outer",
                    "Parallel Aware": true,
                    "Relation Name": "movie_keyword",
                    "Alias": "mk",
                    "Startup Cost": 0.0,
                    "Total Cost": 51065.35,
                    "Plan Rows": 2661135,
                    "Plan Width": 4,
                    "Actual Startup Time": 0.013,
                    "Actual Total Time": 151.639,
                    "Actual Rows": 2261965,
                    "Actual Loops": 2
                  },
                  {
                    "Node Type": "Hash",
                    "Parent Relationship": "Inner",
                    "Parallel Aware": true,
                    "Startup Cost": 569431.32,
                    "Total Cost": 569431.32,
                    "Plan Rows": 2995605,
                    "Plan Width": 8,
                    "Actual Startup Time": 2155.392,
                    "Actual Total Time": 2155.934,
                    "Actual Rows": 1102352,
                    "Actual Loops": 2,
                    "Hash Buckets": 8388608,
                    "Original Hash Buckets": 8388608,
                    "Hash Batches": 1,
                    "Original Hash Batches": 1,
                    "Peak Memory Usage": 151808,
                    "Plans": [
                      {
                        "Node Type": "Hash Join",
                        "Parent Relationship": "Outer",
                        "Parallel Aware": true,
                        "Join Type": "Inner",
                        "Startup Cost": 240345.47,
                        "Total Cost": 569431.32,
                        "Plan Rows": 2995605,
                        "Plan Width": 8,
                        "Actual Startup Time": 1106.07,
                        "Actual Total Time": 1804.033,
                        "Actual Rows": 1102352,
                        "Actual Loops": 2,
                        "Inner Unique": true,
                        "Hash Cond": "(ci.movie_id = t.id)",
                        "Plans": [
                          {
                            "Node Type": "Bitmap Heap Scan",
                            "Parent Relationship": "Outer",
                            "Parallel Aware": true,
                            "Relation Name": "cast_info",
                            "Alias": "ci",
                            "Startup Cost": 170884.77,
                            "Total Cost": 492107.15,
                            "Plan Rows": 2995605,
                            "Plan Width": 4,
                            "Actual Startup Time": 603.718,
                            "Actual Total Time": 809.622,
                            "Actual Rows": 1102352,
                            "Actual Loops": 2,
                            "Recheck Cond": "(person_id < 775211)",
                            "Rows Removed by Index Recheck": 0,
                            "Filter": "(role_id > 1)",
                            "Rows Removed by Filter": 2867476,
                            "Exact Heap Blocks": 44633,
                            "Lossy Heap Blocks": 0,
                            "Plans": [
                              {
                                "Node Type": "Bitmap Index Scan",
                                "Parent Relationship": "Outer",
                                "Parallel Aware": false,
                                "Index Name": "person_id_cast_info",
                                "Startup Cost": 0.0,
                                "Total Cost": 169611.64,
                                "Plan Rows": 7767343,
                                "Plan Width": 0,
                                "Actual Startup Time": 322.89,
                                "Actual Total Time": 322.89,
                                "Actual Rows": 7939658,
                                "Actual Loops": 1,
                                "Index Cond": "(person_id < 775211)"
                              }
                            ]
                          },
                          {
                            "Node Type": "Hash",
                            "Parent Relationship": "Inner",
                            "Parallel Aware": true,
                            "Startup Cost": 50870.31,
                            "Total Cost": 50870.31,
                            "Plan Rows": 1487231,
                            "Plan Width": 4,
                            "Actual Startup Time": 490.911,
                            "Actual Total Time": 490.912,
                            "Actual Rows": 1264156,
                            "Actual Loops": 2,
                            "Hash Buckets": 4194304,
                            "Original Hash Buckets": 4194304,
                            "Hash Batches": 1,
                            "Original Hash Batches": 1,
                            "Peak Memory Usage": 131712,
                            "Plans": [
                              {
                                "Node Type": "Seq Scan",
                                "Parent Relationship": "Outer",
                                "Parallel Aware": true,
                                "Relation Name": "title",
                                "Alias": "t",
                                "Startup Cost": 0.0,
                                "Total Cost": 50870.31,
                                "Plan Rows": 1487231,
                                "Plan Width": 4,
                                "Actual Startup Time": 0.028,
                                "Actual Total Time": 156.541,
                                "Actual Rows": 1264156,
                                "Actual Loops": 2
                              }
                            ]
                          }
                        ]
                      }
                    ]
                  }
                ]
              }
            ]
          }
        ]
      }
    ]
  },
  "Planning Time": 1.0,
  "Triggers": [],
  "Execution Time": 3376.549
}