[
    {
        "Bao": {
            "Bao prediction": 465.247,
            "Bao recommended hint": "(no hint)"
        }
    },
    {
        "Plan": {
            "Node Type": "Aggregate",
            "Strategy": "Plain",
            "Partial Mode": "Finalize",
            "Parallel Aware": false,
            "Startup Cost": 175400.07,
            "Total Cost": 175400.08,
            "Plan Rows": 1,
            "Plan Width": 64,
            "Actual Startup Time": 808.29,
            "Actual Total Time": 853.537,
            "Actual Rows": 1,
            "Actual Loops": 1,
            "Output": [
                "min(mi.info)",
                "min(t.title)"
            ],
            "Plans": [
                {
                    "Node Type": "Gather",
                    "Parent Relationship": "Outer",
                    "Parallel Aware": false,
                    "Startup Cost": 175399.85,
                    "Total Cost": 175400.06,
                    "Plan Rows": 2,
                    "Plan Width": 64,
                    "Actual Startup Time": 803.984,
                    "Actual Total Time": 853.524,
                    "Actual Rows": 3,
                    "Actual Loops": 1,
                    "Output": [
                        "(PARTIAL min(mi.info))",
                        "(PARTIAL min(t.title))"
                    ],
                    "Workers Planned": 2,
                    "Workers Launched": 2,
                    "Single Copy": false,
                    "Plans": [
                        {
                            "Node Type": "Aggregate",
                            "Strategy": "Plain",
                            "Partial Mode": "Partial",
                            "Parent Relationship": "Outer",
                            "Parallel Aware": false,
                            "Startup Cost": 174399.85,
                            "Total Cost": 174399.86,
                            "Plan Rows": 1,
                            "Plan Width": 64,
                            "Actual Startup Time": 792.675,
                            "Actual Total Time": 792.686,
                            "Actual Rows": 1,
                            "Actual Loops": 3,
                            "Output": [
                                "PARTIAL min(mi.info)",
                                "PARTIAL min(t.title)"
                            ],
                            "Workers": [
                                {
                                    "Worker Number": 0,
                                    "Actual Startup Time": 787.96,
                                    "Actual Total Time": 787.973,
                                    "Actual Rows": 1,
                                    "Actual Loops": 1
                                },
                                {
                                    "Worker Number": 1,
                                    "Actual Startup Time": 788.037,
                                    "Actual Total Time": 788.048,
                                    "Actual Rows": 1,
                                    "Actual Loops": 1
                                }
                            ],
                            "Plans": [
                                {
                                    "Node Type": "Nested Loop",
                                    "Parent Relationship": "Outer",
                                    "Parallel Aware": false,
                                    "Join Type": "Inner",
                                    "Startup Cost": 46346.36,
                                    "Total Cost": 174399.73,
                                    "Plan Rows": 25,
                                    "Plan Width": 60,
                                    "Actual Startup Time": 374.676,
                                    "Actual Total Time": 792.618,
                                    "Actual Rows": 176,
                                    "Actual Loops": 3,
                                    "Output": [
                                        "mi.info",
                                        "t.title"
                                    ],
                                    "Inner Unique": true,
                                    "Workers": [
                                        {
                                            "Worker Number": 0,
                                            "Actual Startup Time": 336.679,
                                            "Actual Total Time": 787.926,
                                            "Actual Rows": 65,
                                            "Actual Loops": 1
                                        },
                                        {
                                            "Worker Number": 1,
                                            "Actual Startup Time": 334.844,
                                            "Actual Total Time": 787.996,
                                            "Actual Rows": 132,
                                            "Actual Loops": 1
                                        }
                                    ],
                                    "Plans": [
                                        {
                                            "Node Type": "Nested Loop",
                                            "Parent Relationship": "Outer",
                                            "Parallel Aware": false,
                                            "Join Type": "Inner",
                                            "Startup Cost": 46345.94,
                                            "Total Cost": 174388.76,
                                            "Plan Rows": 25,
                                            "Plan Width": 64,
                                            "Actual Startup Time": 374.61,
                                            "Actual Total Time": 791.72,
                                            "Actual Rows": 176,
                                            "Actual Loops": 3,
                                            "Output": [
                                                "mi.info",
                                                "mk.keyword_id",
                                                "t.title"
                                            ],
                                            "Inner Unique": false,
                                            "Join Filter": "(t.id = mk.movie_id)",
                                            "Rows Removed by Join Filter": 0,
                                            "Workers": [
                                                {
                                                    "Worker Number": 0,
                                                    "Actual Startup Time": 336.605,
                                                    "Actual Total Time": 787.271,
                                                    "Actual Rows": 65,
                                                    "Actual Loops": 1
                                                },
                                                {
                                                    "Worker Number": 1,
                                                    "Actual Startup Time": 334.773,
                                                    "Actual Total Time": 787.299,
                                                    "Actual Rows": 132,
                                                    "Actual Loops": 1
                                                }
                                            ],
                                            "Plans": [
                                                {
                                                    "Node Type": "Nested Loop",
                                                    "Parent Relationship": "Outer",
                                                    "Parallel Aware": false,
                                                    "Join Type": "Inner",
                                                    "Startup Cost": 46345.51,
                                                    "Total Cost": 174386.87,
                                                    "Plan Rows": 1,
                                                    "Plan Width": 76,
                                                    "Actual Startup Time": 336.612,
                                                    "Actual Total Time": 791.225,
                                                    "Actual Rows": 25,
                                                    "Actual Loops": 3,
                                                    "Output": [
                                                        "at.movie_id",
                                                        "mc.movie_id",
                                                        "mi.info",
                                                        "mi.movie_id",
                                                        "t.title",
                                                        "t.id"
                                                    ],
                                                    "Inner Unique": true,
                                                    "Workers": [
                                                        {
                                                            "Worker Number": 0,
                                                            "Actual Startup Time": 336.517,
                                                            "Actual Total Time": 786.77,
                                                            "Actual Rows": 21,
                                                            "Actual Loops": 1
                                                        },
                                                        {
                                                            "Worker Number": 1,
                                                            "Actual Startup Time": 334.715,
                                                            "Actual Total Time": 786.821,
                                                            "Actual Rows": 30,
                                                            "Actual Loops": 1
                                                        }
                                                    ],
                                                    "Plans": [
                                                        {
                                                            "Node Type": "Nested Loop",
                                                            "Parent Relationship": "Outer",
                                                            "Parallel Aware": false,
                                                            "Join Type": "Inner",
                                                            "Startup Cost": 46345.38,
                                                            "Total Cost": 174386.72,
                                                            "Plan Rows": 1,
                                                            "Plan Width": 80,
                                                            "Actual Startup Time": 336.566,
                                                            "Actual Total Time": 791.08,
                                                            "Actual Rows": 25,
                                                            "Actual Loops": 3,
                                                            "Output": [
                                                                "at.movie_id",
                                                                "mc.movie_id",
                                                                "mc.company_type_id",
                                                                "mi.info",
                                                                "mi.movie_id",
                                                                "t.title",
                                                                "t.id"
                                                            ],
                                                            "Inner Unique": true,
                                                            "Workers": [
                                                                {
                                                                    "Worker Number": 0,
                                                                    "Actual Startup Time": 336.462,
                                                                    "Actual Total Time": 786.613,
                                                                    "Actual Rows": 21,
                                                                    "Actual Loops": 1
                                                                },
                                                                {
                                                                    "Worker Number": 1,
                                                                    "Actual Startup Time": 334.655,
                                                                    "Actual Total Time": 786.667,
                                                                    "Actual Rows": 30,
                                                                    "Actual Loops": 1
                                                                }
                                                            ],
                                                            "Plans": [
                                                                {
                                                                    "Node Type": "Nested Loop",
                                                                    "Parent Relationship": "Outer",
                                                                    "Parallel Aware": false,
                                                                    "Join Type": "Inner",
                                                                    "Startup Cost": 46344.96,
                                                                    "Total Cost": 174385.83,
                                                                    "Plan Rows": 2,
                                                                    "Plan Width": 84,
                                                                    "Actual Startup Time": 336.503,
                                                                    "Actual Total Time": 790.501,
                                                                    "Actual Rows": 35,
                                                                    "Actual Loops": 3,
                                                                    "Output": [
                                                                        "at.movie_id",
                                                                        "mc.movie_id",
                                                                        "mc.company_id",
                                                                        "mc.company_type_id",
                                                                        "mi.info",
                                                                        "mi.movie_id",
                                                                        "t.title",
                                                                        "t.id"
                                                                    ],
                                                                    "Inner Unique": false,
                                                                    "Workers": [
                                                                        {
                                                                            "Worker Number": 0,
                                                                            "Actual Startup Time": 336.389,
                                                                            "Actual Total Time": 786.087,
                                                                            "Actual Rows": 24,
                                                                            "Actual Loops": 1
                                                                        },
                                                                        {
                                                                            "Worker Number": 1,
                                                                            "Actual Startup Time": 334.584,
                                                                            "Actual Total Time": 786.037,
                                                                            "Actual Rows": 47,
                                                                            "Actual Loops": 1
                                                                        }
                                                                    ],
                                                                    "Plans": [
                                                                        {
                                                                            "Node Type": "Hash Join",
                                                                            "Parent Relationship": "Outer",
                                                                            "Parallel Aware": false,
                                                                            "Join Type": "Inner",
                                                                            "Startup Cost": 46344.53,
                                                                            "Total Cost": 174385.12,
                                                                            "Plan Rows": 1,
                                                                            "Plan Width": 72,
                                                                            "Actual Startup Time": 336.432,
                                                                            "Actual Total Time": 789.931,
                                                                            "Actual Rows": 13,
                                                                            "Actual Loops": 3,
                                                                            "Output": [
                                                                                "at.movie_id",
                                                                                "mi.info",
                                                                                "mi.movie_id",
                                                                                "t.title",
                                                                                "t.id"
                                                                            ],
                                                                            "Inner Unique": true,
                                                                            "Hash Cond": "(mi.info_type_id = it1.id)",
                                                                            "Workers": [
                                                                                {
                                                                                    "Worker Number": 0,
                                                                                    "Actual Startup Time": 336.306,
                                                                                    "Actual Total Time": 785.491,
                                                                                    "Actual Rows": 10,
                                                                                    "Actual Loops": 1
                                                                                },
                                                                                {
                                                                                    "Worker Number": 1,
                                                                                    "Actual Startup Time": 334.504,
                                                                                    "Actual Total Time": 785.473,
                                                                                    "Actual Rows": 13,
                                                                                    "Actual Loops": 1
                                                                                }
                                                                            ],
                                                                            "Plans": [
                                                                                {
                                                                                    "Node Type": "Nested Loop",
                                                                                    "Parent Relationship": "Outer",
                                                                                    "Parallel Aware": false,
                                                                                    "Join Type": "Inner",
                                                                                    "Startup Cost": 46342.11,
                                                                                    "Total Cost": 174382.56,
                                                                                    "Plan Rows": 49,
                                                                                    "Plan Width": 76,
                                                                                    "Actual Startup Time": 336.019,
                                                                                    "Actual Total Time": 789.494,
                                                                                    "Actual Rows": 13,
                                                                                    "Actual Loops": 3,
                                                                                    "Output": [
                                                                                        "at.movie_id",
                                                                                        "mi.info",
                                                                                        "mi.movie_id",
                                                                                        "mi.info_type_id",
                                                                                        "t.title",
                                                                                        "t.id"
                                                                                    ],
                                                                                    "Inner Unique": false,
                                                                                    "Workers": [
                                                                                        {
                                                                                            "Worker Number": 0,
                                                                                            "Actual Startup Time": 335.799,
                                                                                            "Actual Total Time": 784.955,
                                                                                            "Actual Rows": 10,
                                                                                            "Actual Loops": 1
                                                                                        },
                                                                                        {
                                                                                            "Worker Number": 1,
                                                                                            "Actual Startup Time": 333.974,
                                                                                            "Actual Total Time": 784.922,
                                                                                            "Actual Rows": 13,
                                                                                            "Actual Loops": 1
                                                                                        }
                                                                                    ],
                                                                                    "Plans": [
                                                                                        {
                                                                                            "Node Type": "Hash Join",
                                                                                            "Parent Relationship": "Outer",
                                                                                            "Parallel Aware": true,
                                                                                            "Join Type": "Inner",
                                                                                            "Startup Cost": 46341.67,
                                                                                            "Total Cost": 54435.16,
                                                                                            "Plan Rows": 46555,
                                                                                            "Plan Width": 25,
                                                                                            "Actual Startup Time": 319.06,
                                                                                            "Actual Total Time": 403.08,
                                                                                            "Actual Rows": 12866,
                                                                                            "Actual Loops": 3,
                                                                                            "Output": [
                                                                                                "at.movie_id",
                                                                                                "t.title",
                                                                                                "t.id"
                                                                                            ],
                                                                                            "Inner Unique": true,
                                                                                            "Hash Cond": "(at.movie_id = t.id)",
                                                                                            "Workers": [
                                                                                                {
                                                                                                    "Worker Number": 0,
                                                                                                    "Actual Startup Time": 314.53,
                                                                                                    "Actual Total Time": 398.139,
                                                                                                    "Actual Rows": 11554,
                                                                                                    "Actual Loops": 1
                                                                                                },
                                                                                                {
                                                                                                    "Worker Number": 1,
                                                                                                    "Actual Startup Time": 314.513,
                                                                                                    "Actual Total Time": 403.978,
                                                                                                    "Actual Rows": 15978,
                                                                                                    "Actual Loops": 1
                                                                                                }
                                                                                            ],
                                                                                            "Plans": [
                                                                                                {
                                                                                                    "Node Type": "Seq Scan",
                                                                                                    "Parent Relationship": "Outer",
                                                                                                    "Parallel Aware": true,
                                                                                                    "Relation Name": "aka_title",
                                                                                                    "Schema": "public",
                                                                                                    "Alias": "at",
                                                                                                    "Startup Cost": 0.0,
                                                                                                    "Total Cost": 7698.13,
                                                                                                    "Plan Rows": 150613,
                                                                                                    "Plan Width": 4,
                                                                                                    "Actual Startup Time": 0.023,
                                                                                                    "Actual Total Time": 20.198,
                                                                                                    "Actual Rows": 120491,
                                                                                                    "Actual Loops": 3,
                                                                                                    "Output": [
                                                                                                        "at.id",
                                                                                                        "at.movie_id",
                                                                                                        "at.title",
                                                                                                        "at.imdb_index",
                                                                                                        "at.kind_id",
                                                                                                        "at.production_year",
                                                                                                        "at.phonetic_code",
                                                                                                        "at.episode_of_id",
                                                                                                        "at.season_nr",
                                                                                                        "at.episode_nr",
                                                                                                        "at.note",
                                                                                                        "at.md5sum"
                                                                                                    ],
                                                                                                    "Workers": [
                                                                                                        {
                                                                                                            "Worker Number": 0,
                                                                                                            "Actual Startup Time": 0.027,
                                                                                                            "Actual Total Time": 20.469,
                                                                                                            "Actual Rows": 109179,
                                                                                                            "Actual Loops": 1
                                                                                                        },
                                                                                                        {
                                                                                                            "Worker Number": 1,
                                                                                                            "Actual Startup Time": 0.027,
                                                                                                            "Actual Total Time": 20.347,
                                                                                                            "Actual Rows": 150387,
                                                                                                            "Actual Loops": 1
                                                                                                        }
                                                                                                    ]
                                                                                                },
                                                                                                {
                                                                                                    "Node Type": "Hash",
                                                                                                    "Parent Relationship": "Inner",
                                                                                                    "Parallel Aware": true,
                                                                                                    "Startup Cost": 43899.32,
                                                                                                    "Total Cost": 43899.32,
                                                                                                    "Plan Rows": 195388,
                                                                                                    "Plan Width": 21,
                                                                                                    "Actual Startup Time": 312.502,
                                                                                                    "Actual Total Time": 312.503,
                                                                                                    "Actual Rows": 261642,
                                                                                                    "Actual Loops": 3,
                                                                                                    "Output": [
                                                                                                        "t.title",
                                                                                                        "t.id"
                                                                                                    ],
                                                                                                    "Hash Buckets": 1048576,
                                                                                                    "Original Hash Buckets": 1048576,
                                                                                                    "Hash Batches": 1,
                                                                                                    "Original Hash Batches": 1,
                                                                                                    "Peak Memory Usage": 52320,
                                                                                                    "Workers": [
                                                                                                        {
                                                                                                            "Worker Number": 0,
                                                                                                            "Actual Startup Time": 314.39,
                                                                                                            "Actual Total Time": 314.391,
                                                                                                            "Actual Rows": 236721,
                                                                                                            "Actual Loops": 1
                                                                                                        },
                                                                                                        {
                                                                                                            "Worker Number": 1,
                                                                                                            "Actual Startup Time": 314.423,
                                                                                                            "Actual Total Time": 314.424,
                                                                                                            "Actual Rows": 297785,
                                                                                                            "Actual Loops": 1
                                                                                                        }
                                                                                                    ],
                                                                                                    "Plans": [
                                                                                                        {
                                                                                                            "Node Type": "Seq Scan",
                                                                                                            "Parent Relationship": "Outer",
                                                                                                            "Parallel Aware": true,
                                                                                                            "Relation Name": "title",
                                                                                                            "Schema": "public",
                                                                                                            "Alias": "t",
                                                                                                            "Startup Cost": 0.0,
                                                                                                            "Total Cost": 43899.32,
                                                                                                            "Plan Rows": 195388,
                                                                                                            "Plan Width": 21,
                                                                                                            "Actual Startup Time": 0.058,
                                                                                                            "Actual Total Time": 165.937,
                                                                                                            "Actual Rows": 261642,
                                                                                                            "Actual Loops": 3,
                                                                                                            "Output": [
                                                                                                                "t.title",
                                                                                                                "t.id"
                                                                                                            ],
                                                                                                            "Filter": "(t.production_year > 2007)",
                                                                                                            "Rows Removed by Filter": 581129,
                                                                                                            "Workers": [
                                                                                                                {
                                                                                                                    "Worker Number": 0,
                                                                                                                    "Actual Startup Time": 0.073,
                                                                                                                    "Actual Total Time": 166.86,
                                                                                                                    "Actual Rows": 236721,
                                                                                                                    "Actual Loops": 1
                                                                                                                },
                                                                                                                {
                                                                                                                    "Worker Number": 1,
                                                                                                                    "Actual Startup Time": 0.071,
                                                                                                                    "Actual Total Time": 163.57,
                                                                                                                    "Actual Rows": 297785,
                                                                                                                    "Actual Loops": 1
                                                                                                                }
                                                                                                            ]
                                                                                                        }
                                                                                                    ]
                                                                                                }
                                                                                            ]
                                                                                        },
                                                                                        {
                                                                                            "Node Type": "Index Scan",
                                                                                            "Parent Relationship": "Inner",
                                                                                            "Parallel Aware": false,
                                                                                            "Scan Direction": "Forward",
                                                                                            "Index Name": "movie_id_movie_info",
                                                                                            "Relation Name": "movie_info",
                                                                                            "Schema": "public",
                                                                                            "Alias": "mi",
                                                                                            "Startup Cost": 0.43,
                                                                                            "Total Cost": 2.57,
                                                                                            "Plan Rows": 1,
                                                                                            "Plan Width": 51,
                                                                                            "Actual Startup Time": 0.03,
                                                                                            "Actual Total Time": 0.03,
                                                                                            "Actual Rows": 0,
                                                                                            "Actual Loops": 38597,
                                                                                            "Output": [
                                                                                                "mi.id",
                                                                                                "mi.movie_id",
                                                                                                "mi.info_type_id",
                                                                                                "mi.info",
                                                                                                "mi.note"
                                                                                            ],
                                                                                            "Index Cond": "(mi.movie_id = t.id)",
                                                                                            "Rows Removed by Index Recheck": 0,
                                                                                            "Filter": "((mi.info IS NOT NULL) AND (mi.note ~~ '%internet%'::text) AND ((mi.info ~~ 'USA:% 199%'::text) OR (mi.info ~~ 'USA:% 200%'::text)))",
                                                                                            "Rows Removed by Filter": 31,
                                                                                            "Workers": [
                                                                                                {
                                                                                                    "Worker Number": 0,
                                                                                                    "Actual Startup Time": 0.033,
                                                                                                    "Actual Total Time": 0.033,
                                                                                                    "Actual Rows": 0,
                                                                                                    "Actual Loops": 11554
                                                                                                },
                                                                                                {
                                                                                                    "Worker Number": 1,
                                                                                                    "Actual Startup Time": 0.024,
                                                                                                    "Actual Total Time": 0.024,
                                                                                                    "Actual Rows": 0,
                                                                                                    "Actual Loops": 15978
                                                                                                }
                                                                                            ]
                                                                                        }
                                                                                    ]
                                                                                },
                                                                                {
                                                                                    "Node Type": "Hash",
                                                                                    "Parent Relationship": "Inner",
                                                                                    "Parallel Aware": false,
                                                                                    "Startup Cost": 2.41,
                                                                                    "Total Cost": 2.41,
                                                                                    "Plan Rows": 1,
                                                                                    "Plan Width": 4,
                                                                                    "Actual Startup Time": 0.1,
                                                                                    "Actual Total Time": 0.101,
                                                                                    "Actual Rows": 1,
                                                                                    "Actual Loops": 3,
                                                                                    "Output": [
                                                                                        "it1.id"
                                                                                    ],
                                                                                    "Hash Buckets": 1024,
                                                                                    "Original Hash Buckets": 1024,
                                                                                    "Hash Batches": 1,
                                                                                    "Original Hash Batches": 1,
                                                                                    "Peak Memory Usage": 9,
                                                                                    "Workers": [
                                                                                        {
                                                                                            "Worker Number": 0,
                                                                                            "Actual Startup Time": 0.115,
                                                                                            "Actual Total Time": 0.115,
                                                                                            "Actual Rows": 1,
                                                                                            "Actual Loops": 1
                                                                                        },
                                                                                        {
                                                                                            "Worker Number": 1,
                                                                                            "Actual Startup Time": 0.116,
                                                                                            "Actual Total Time": 0.116,
                                                                                            "Actual Rows": 1,
                                                                                            "Actual Loops": 1
                                                                                        }
                                                                                    ],
                                                                                    "Plans": [
                                                                                        {
                                                                                            "Node Type": "Seq Scan",
                                                                                            "Parent Relationship": "Outer",
                                                                                            "Parallel Aware": false,
                                                                                            "Relation Name": "info_type",
                                                                                            "Schema": "public",
                                                                                            "Alias": "it1",
                                                                                            "Startup Cost": 0.0,
                                                                                            "Total Cost": 2.41,
                                                                                            "Plan Rows": 1,
                                                                                            "Plan Width": 4,
                                                                                            "Actual Startup Time": 0.057,
                                                                                            "Actual Total Time": 0.077,
                                                                                            "Actual Rows": 1,
                                                                                            "Actual Loops": 3,
                                                                                            "Output": [
                                                                                                "it1.id"
                                                                                            ],
                                                                                            "Filter": "((it1.info)::text = 'release dates'::text)",
                                                                                            "Rows Removed by Filter": 112,
                                                                                            "Workers": [
                                                                                                {
                                                                                                    "Worker Number": 0,
                                                                                                    "Actual Startup Time": 0.071,
                                                                                                    "Actual Total Time": 0.091,
                                                                                                    "Actual Rows": 1,
                                                                                                    "Actual Loops": 1
                                                                                                },
                                                                                                {
                                                                                                    "Worker Number": 1,
                                                                                                    "Actual Startup Time": 0.072,
                                                                                                    "Actual Total Time": 0.092,
                                                                                                    "Actual Rows": 1,
                                                                                                    "Actual Loops": 1
                                                                                                }
                                                                                            ]
                                                                                        }
                                                                                    ]
                                                                                }
                                                                            ]
                                                                        },
                                                                        {
                                                                            "Node Type": "Index Scan",
                                                                            "Parent Relationship": "Inner",
                                                                            "Parallel Aware": false,
                                                                            "Scan Direction": "Forward",
                                                                            "Index Name": "movie_id_movie_companies",
                                                                            "Relation Name": "movie_companies",
                                                                            "Schema": "public",
                                                                            "Alias": "mc",
                                                                            "Startup Cost": 0.43,
                                                                            "Total Cost": 0.66,
                                                                            "Plan Rows": 5,
                                                                            "Plan Width": 12,
                                                                            "Actual Startup Time": 0.034,
                                                                            "Actual Total Time": 0.042,
                                                                            "Actual Rows": 3,
                                                                            "Actual Loops": 38,
                                                                            "Output": [
                                                                                "mc.id",
                                                                                "mc.movie_id",
                                                                                "mc.company_id",
                                                                                "mc.company_type_id",
                                                                                "mc.note"
                                                                            ],
                                                                            "Index Cond": "(mc.movie_id = t.id)",
                                                                            "Rows Removed by Index Recheck": 0,
                                                                            "Workers": [
                                                                                {
                                                                                    "Worker Number": 0,
                                                                                    "Actual Startup Time": 0.046,
                                                                                    "Actual Total Time": 0.056,
                                                                                    "Actual Rows": 2,
                                                                                    "Actual Loops": 10
                                                                                },
                                                                                {
                                                                                    "Worker Number": 1,
                                                                                    "Actual Startup Time": 0.032,
                                                                                    "Actual Total Time": 0.04,
                                                                                    "Actual Rows": 4,
                                                                                    "Actual Loops": 13
                                                                                }
                                                                            ]
                                                                        }
                                                                    ]
                                                                },
                                                                {
                                                                    "Node Type": "Index Scan",
                                                                    "Parent Relationship": "Inner",
                                                                    "Parallel Aware": false,
                                                                    "Scan Direction": "Forward",
                                                                    "Index Name": "company_name_pkey",
                                                                    "Relation Name": "company_name",
                                                                    "Schema": "public",
                                                                    "Alias": "cn",
                                                                    "Startup Cost": 0.42,
                                                                    "Total Cost": 0.45,
                                                                    "Plan Rows": 1,
                                                                    "Plan Width": 4,
                                                                    "Actual Startup Time": 0.015,
                                                                    "Actual Total Time": 0.015,
                                                                    "Actual Rows": 1,
                                                                    "Actual Loops": 104,
                                                                    "Output": [
                                                                        "cn.id",
                                                                        "cn.name",
                                                                        "cn.country_code",
                                                                        "cn.imdb_id",
                                                                        "cn.name_pcode_nf",
                                                                        "cn.name_pcode_sf",
                                                                        "cn.md5sum"
                                                                    ],
                                                                    "Index Cond": "(cn.id = mc.company_id)",
                                                                    "Rows Removed by Index Recheck": 0,
                                                                    "Filter": "((cn.country_code)::text = '[us]'::text)",
                                                                    "Rows Removed by Filter": 0,
                                                                    "Workers": [
                                                                        {
                                                                            "Worker Number": 0,
                                                                            "Actual Startup Time": 0.02,
                                                                            "Actual Total Time": 0.02,
                                                                            "Actual Rows": 1,
                                                                            "Actual Loops": 24
                                                                        },
                                                                        {
                                                                            "Worker Number": 1,
                                                                            "Actual Startup Time": 0.012,
                                                                            "Actual Total Time": 0.012,
                                                                            "Actual Rows": 1,
                                                                            "Actual Loops": 47
                                                                        }
                                                                    ]
                                                                }
                                                            ]
                                                        },
                                                        {
                                                            "Node Type": "Index Only Scan",
                                                            "Parent Relationship": "Inner",
                                                            "Parallel Aware": false,
                                                            "Scan Direction": "Forward",
                                                            "Index Name": "company_type_pkey",
                                                            "Relation Name": "company_type",
                                                            "Schema": "public",
                                                            "Alias": "ct",
                                                            "Startup Cost": 0.13,
                                                            "Total Cost": 0.15,
                                                            "Plan Rows": 1,
                                                            "Plan Width": 4,
                                                            "Actual Startup Time": 0.004,
                                                            "Actual Total Time": 0.004,
                                                            "Actual Rows": 1,
                                                            "Actual Loops": 76,
                                                            "Output": [
                                                                "ct.id"
                                                            ],
                                                            "Index Cond": "(ct.id = mc.company_type_id)",
                                                            "Rows Removed by Index Recheck": 0,
                                                            "Heap Fetches": 76,
                                                            "Workers": [
                                                                {
                                                                    "Worker Number": 0,
                                                                    "Actual Startup Time": 0.005,
                                                                    "Actual Total Time": 0.005,
                                                                    "Actual Rows": 1,
                                                                    "Actual Loops": 21
                                                                },
                                                                {
                                                                    "Worker Number": 1,
                                                                    "Actual Startup Time": 0.004,
                                                                    "Actual Total Time": 0.004,
                                                                    "Actual Rows": 1,
                                                                    "Actual Loops": 30
                                                                }
                                                            ]
                                                        }
                                                    ]
                                                },
                                                {
                                                    "Node Type": "Index Scan",
                                                    "Parent Relationship": "Inner",
                                                    "Parallel Aware": false,
                                                    "Scan Direction": "Forward",
                                                    "Index Name": "movie_id_movie_keyword",
                                                    "Relation Name": "movie_keyword",
                                                    "Schema": "public",
                                                    "Alias": "mk",
                                                    "Startup Cost": 0.43,
                                                    "Total Cost": 1.31,
                                                    "Plan Rows": 46,
                                                    "Plan Width": 8,
                                                    "Actual Startup Time": 0.016,
                                                    "Actual Total Time": 0.017,
                                                    "Actual Rows": 7,
                                                    "Actual Loops": 76,
                                                    "Output": [
                                                        "mk.id",
                                                        "mk.movie_id",
                                                        "mk.keyword_id"
                                                    ],
                                                    "Index Cond": "(mk.movie_id = mc.movie_id)",
                                                    "Rows Removed by Index Recheck": 0,
                                                    "Workers": [
                                                        {
                                                            "Worker Number": 0,
                                                            "Actual Startup Time": 0.021,
                                                            "Actual Total Time": 0.022,
                                                            "Actual Rows": 3,
                                                            "Actual Loops": 21
                                                        },
                                                        {
                                                            "Worker Number": 1,
                                                            "Actual Startup Time": 0.013,
                                                            "Actual Total Time": 0.014,
                                                            "Actual Rows": 4,
                                                            "Actual Loops": 30
                                                        }
                                                    ]
                                                }
                                            ]
                                        },
                                        {
                                            "Node Type": "Index Only Scan",
                                            "Parent Relationship": "Inner",
                                            "Parallel Aware": false,
                                            "Scan Direction": "Forward",
                                            "Index Name": "keyword_pkey",
                                            "Relation Name": "keyword",
                                            "Schema": "public",
                                            "Alias": "k",
                                            "Startup Cost": 0.42,
                                            "Total Cost": 0.44,
                                            "Plan Rows": 1,
                                            "Plan Width": 4,
                                            "Actual Startup Time": 0.005,
                                            "Actual Total Time": 0.005,
                                            "Actual Rows": 1,
                                            "Actual Loops": 528,
                                            "Output": [
                                                "k.id"
                                            ],
                                            "Index Cond": "(k.id = mk.keyword_id)",
                                            "Rows Removed by Index Recheck": 0,
                                            "Heap Fetches": 528,
                                            "Workers": [
                                                {
                                                    "Worker Number": 0,
                                                    "Actual Startup Time": 0.009,
                                                    "Actual Total Time": 0.009,
                                                    "Actual Rows": 1,
                                                    "Actual Loops": 65
                                                },
                                                {
                                                    "Worker Number": 1,
                                                    "Actual Startup Time": 0.005,
                                                    "Actual Total Time": 0.005,
                                                    "Actual Rows": 1,
                                                    "Actual Loops": 132
                                                }
                                            ]
                                        }
                                    ]
                                }
                            ]
                        }
                    ]
                }
            ]
        },
        "Planning Time": 647.489,
        "Triggers": [],
        "Execution Time": 854.515
    }
]