{
  "Plan": {
    "Node Type": "Aggregate",
    "Strategy": "Plain",
    "Partial Mode": "Finalize",
    "Parallel Aware": false,
    "Startup Cost": 148011.2,
    "Total Cost": 148011.21,
    "Plan Rows": 1,
    "Plan Width": 8,
    "Actual Startup Time": 765.955,
    "Actual Total Time": 779.923,
    "Actual Rows": 1,
    "Actual Loops": 1,
    "Plans": [
      {
        "Node Type": "Gather",
        "Parent Relationship": "Outer",
        "Parallel Aware": false,
        "Startup Cost": 148011.08,
        "Total Cost": 148011.19,
        "Plan Rows": 1,
        "Plan Width": 8,
        "Actual Startup Time": 764.886,
        "Actual Total Time": 779.916,
        "Actual Rows": 2,
        "Actual Loops": 1,
        "Workers Planned": 1,
        "Workers Launched": 1,
        "Single Copy": false,
        "Plans": [
          {
            "Node Type": "Aggregate",
            "Strategy": "Plain",
            "Partial Mode": "Partial",
            "Parent Relationship": "Outer",
            "Parallel Aware": false,
            "Startup Cost": 147011.08,
            "Total Cost": 147011.09,
            "Plan Rows": 1,
            "Plan Width": 8,
            "Actual Startup Time": 758.543,
            "Actual Total Time": 758.549,
            "Actual Rows": 1,
            "Actual Loops": 2,
            "Plans": [
              {
                "Node Type": "Hash Join",
                "Parent Relationship": "Outer",
                "Parallel Aware": true,
                "Join Type": "Inner",
                "Startup Cost": 85254.2,
                "Total Cost": 146798.65,
                "Plan Rows": 84974,
                "Plan Width": 0,
                "Actual Startup Time": 476.261,
                "Actual Total Time": 734.286,
                "Actual Rows": 627228,
                "Actual Loops": 2,
                "Inner Unique": false,
                "Hash Cond": "(mk.movie_id = t.id)",
                "Plans": [
                  {
                    "Node Type": "Seq Scan",
                    "Parent Relationship": "Outer",
                    "Parallel Aware": true,
                    "Relation Name": "movie_keyword",
                    "Alias": "mk",
                    "Startup Cost": 0.0,
                    "Total Cost": 51065.35,
                    "Plan Rows": 2661135,
                    "Plan Width": 4,
                    "Actual Startup Time": 0.015,
                    "Actual Total Time": 147.619,
                    "Actual Rows": 2261965,
                    "Actual Loops": 2
                  },
                  {
                    "Node Type": "Hash",
                    "Parent Relationship": "Inner",
                    "Parallel Aware": true,
                    "Startup Cost": 84660.59,
                    "Total Cost": 84660.59,
                    "Plan Rows": 47489,
                    "Plan Width": 8,
                    "Actual Startup Time": 370.89,
                    "Actual Total Time": 370.895,
                    "Actual Rows": 77815,
                    "Actual Loops": 2,
                    "Hash Buckets": 262144,
                    "Original Hash Buckets": 131072,
                    "Hash Batches": 1,
                    "Original Hash Batches": 1,
                    "Peak Memory Usage": 9184,
                    "Plans": [
                      {
                        "Node Type": "Hash Join",
                        "Parent Relationship": "Outer",
                        "Parallel Aware": true,
                        "Join Type": "Inner",
                        "Startup Cost": 24215.73,
                        "Total Cost": 84660.59,
                        "Plan Rows": 47489,
                        "Plan Width": 8,
                        "Actual Startup Time": 240.745,
                        "Actual Total Time": 351.674,
                        "Actual Rows": 77815,
                        "Actual Loops": 2,
                        "Inner Unique": false,
                        "Hash Cond": "(t.id = mc.movie_id)",
                        "Plans": [
                          {
                            "Node Type": "Seq Scan",
                            "Parent Relationship": "Outer",
                            "Parallel Aware": true,
                            "Relation Name": "title",
                            "Alias": "t",
                            "Startup Cost": 0.0,
                            "Total Cost": 50870.31,
                            "Plan Rows": 1487231,
                            "Plan Width": 4,
                            "Actual Startup Time": 0.01,
                            "Actual Total Time": 117.536,
                            "Actual Rows": 1264156,
                            "Actual Loops": 2
                          },
                          {
                            "Node Type": "Hash",
                            "Parent Relationship": "Inner",
                            "Parallel Aware": true,
                            "Startup Cost": 23622.12,
                            "Total Cost": 23622.12,
                            "Plan Rows": 47489,
                            "Plan Width": 4,
                            "Actual Startup Time": 63.705,
                            "Actual Total Time": 63.707,
                            "Actual Rows": 77815,
                            "Actual Loops": 2,
                            "Hash Buckets": 262144,
                            "Original Hash Buckets": 131072,
                            "Hash Batches": 1,
                            "Original Hash Batches": 1,
                            "Peak Memory Usage": 9184,
                            "Plans": [
                              {
                                "Node Type": "Bitmap Heap Scan",
                                "Parent Relationship": "Outer",
                                "Parallel Aware": true,
                                "Relation Name": "movie_companies",
                                "Alias": "mc",
                                "Startup Cost": 3429.14,
                                "Total Cost": 23622.12,
                                "Plan Rows": 47489,
                                "Plan Width": 4,
                                "Actual Startup Time": 14.475,
                                "Actual Total Time": 42.858,
                                "Actual Rows": 77815,
                                "Actual Loops": 2,
                                "Recheck Cond": "(company_id > 129666)",
                                "Rows Removed by Index Recheck": 0,
                                "Filter": "(company_type_id > 1)",
                                "Rows Removed by Filter": 0,
                                "Exact Heap Blocks": 2996,
                                "Lossy Heap Blocks": 0,
                                "Plans": [
                                  {
                                    "Node Type": "Bitmap Index Scan",
                                    "Parent Relationship": "Outer",
                                    "Parallel Aware": false,
                                    "Index Name": "company_id_movie_companies",
                                    "Startup Cost": 0.0,
                                    "Total Cost": 3408.96,
                                    "Plan Rows": 159004,
                                    "Plan Width": 0,
                                    "Actual Startup Time": 15.934,
                                    "Actual Total Time": 15.935,
                                    "Actual Rows": 155630,
                                    "Actual Loops": 1,
                                    "Index Cond": "(company_id > 129666)"
                                  }
                                ]
                              }
                            ]
                          }
                        ]
                      }
                    ]
                  }
                ]
              }
            ]
          }
        ]
      }
    ]
  },
  "Planning Time": 1.113,
  "Triggers": [],
  "Execution Time": 780.028
}