[
  {
    "Plan": {
      "Node Type": "Aggregate",
      "Strategy": "Plain",
      "Partial Mode": "Finalize",
      "Parallel Aware": false,
      "Startup Cost": 77906.45,
      "Total Cost": 77906.46,
      "Plan Rows": 1,
      "Plan Width": 8,
      "Actual Startup Time": 284.613,
      "Actual Total Time": 298.574,
      "Actual Rows": 1,
      "Actual Loops": 1,
      "Plans": [
        {
          "Node Type": "Gather",
          "Parent Relationship": "Outer",
          "Parallel Aware": false,
          "Startup Cost": 77906.03,
          "Total Cost": 77906.44,
          "Plan Rows": 4,
          "Plan Width": 8,
          "Actual Startup Time": 283.308,
          "Actual Total Time": 298.565,
          "Actual Rows": 5,
          "Actual Loops": 1,
          "Workers Planned": 4,
          "Workers Launched": 4,
          "Single Copy": false,
          "Plans": [
            {
              "Node Type": "Aggregate",
              "Strategy": "Plain",
              "Partial Mode": "Partial",
              "Parent Relationship": "Outer",
              "Parallel Aware": false,
              "Startup Cost": 76906.03,
              "Total Cost": 76906.04,
              "Plan Rows": 1,
              "Plan Width": 8,
              "Actual Startup Time": 272.951,
              "Actual Total Time": 272.954,
              "Actual Rows": 1,
              "Actual Loops": 5,
              "Plans": [
                {
                  "Node Type": "Hash Join",
                  "Parent Relationship": "Outer",
                  "Parallel Aware": true,
                  "Join Type": "Inner",
                  "Startup Cost": 30846.54,
                  "Total Cost": 76652.62,
                  "Plan Rows": 101364,
                  "Plan Width": 0,
                  "Actual Startup Time": 111.919,
                  "Actual Total Time": 269.394,
                  "Actual Rows": 81897,
                  "Actual Loops": 5,
                  "Inner Unique": false,
                  "Hash Cond": "(t.id = mc.movie_id)",
                  "Plans": [
                    {
                      "Node Type": "Seq Scan",
                      "Parent Relationship": "Outer",
                      "Parallel Aware": true,
                      "Relation Name": "title",
                      "Alias": "t",
                      "Startup Cost": 0.0,
                      "Total Cost": 42318.73,
                      "Plan Rows": 632073,
                      "Plan Width": 4,
                      "Actual Startup Time": 0.013,
                      "Actual Total Time": 64.378,
                      "Actual Rows": 505662,
                      "Actual Loops": 5
                    },
                    {
                      "Node Type": "Hash",
                      "Parent Relationship": "Inner",
                      "Parallel Aware": true,
                      "Startup Cost": 29211.63,
                      "Total Cost": 29211.63,
                      "Plan Rows": 130793,
                      "Plan Width": 4,
                      "Actual Startup Time": 96.743,
                      "Actual Total Time": 96.745,
                      "Actual Rows": 81897,
                      "Actual Loops": 5,
                      "Hash Buckets": 524288,
                      "Original Hash Buckets": 524288,
                      "Hash Batches": 1,
                      "Original Hash Batches": 1,
                      "Peak Memory Usage": 20160,
                      "Plans": [
                        {
                          "Node Type": "Bitmap Heap Scan",
                          "Parent Relationship": "Outer",
                          "Parallel Aware": true,
                          "Relation Name": "movie_companies",
                          "Alias": "mc",
                          "Startup Cost": 8786.72,
                          "Total Cost": 29211.63,
                          "Plan Rows": 130793,
                          "Plan Width": 4,
                          "Actual Startup Time": 32.858,
                          "Actual Total Time": 65.095,
                          "Actual Rows": 81897,
                          "Actual Loops": 5,
                          "Recheck Cond": "(company_id > 81115)",
                          "Rows Removed by Index Recheck": 0,
                          "Exact Heap Blocks": 2385,
                          "Lossy Heap Blocks": 0,
                          "Plans": [
                            {
                              "Node Type": "Bitmap Index Scan",
                              "Parent Relationship": "Outer",
                              "Parallel Aware": false,
                              "Index Name": "company_id_movie_companies",
                              "Startup Cost": 0.0,
                              "Total Cost": 8685.36,
                              "Plan Rows": 405457,
                              "Plan Width": 0,
                              "Actual Startup Time": 31.723,
                              "Actual Total Time": 31.724,
                              "Actual Rows": 409483,
                              "Actual Loops": 1,
                              "Index Cond": "(company_id > 81115)"
                            }
                          ]
                        }
                      ]
                    }
                  ]
                }
              ]
            }
          ]
        }
      ]
    },
    "Planning Time": 0.632,
    "Triggers": [],
    "Execution Time": 298.671
  }
]