{
  "Plan": {
    "Node Type": "Aggregate",
    "Strategy": "Plain",
    "Partial Mode": "Finalize",
    "Parallel Aware": false,
    "Startup Cost": 2996897.29,
    "Total Cost": 2996897.3,
    "Plan Rows": 1,
    "Plan Width": 8,
    "Actual Startup Time": 13968.174,
    "Actual Total Time": 14071.383,
    "Actual Rows": 1,
    "Actual Loops": 1,
    "Plans": [
      {
        "Node Type": "Gather",
        "Parent Relationship": "Outer",
        "Parallel Aware": false,
        "Startup Cost": 2996897.18,
        "Total Cost": 2996897.29,
        "Plan Rows": 1,
        "Plan Width": 8,
        "Actual Startup Time": 13861.664,
        "Actual Total Time": 14071.365,
        "Actual Rows": 2,
        "Actual Loops": 1,
        "Workers Planned": 1,
        "Workers Launched": 1,
        "Single Copy": false,
        "Plans": [
          {
            "Node Type": "Aggregate",
            "Strategy": "Plain",
            "Partial Mode": "Partial",
            "Parent Relationship": "Outer",
            "Parallel Aware": false,
            "Startup Cost": 2995897.18,
            "Total Cost": 2995897.19,
            "Plan Rows": 1,
            "Plan Width": 8,
            "Actual Startup Time": 13877.024,
            "Actual Total Time": 13877.042,
            "Actual Rows": 1,
            "Actual Loops": 2,
            "Plans": [
              {
                "Node Type": "Merge Join",
                "Parent Relationship": "Outer",
                "Parallel Aware": false,
                "Join Type": "Inner",
                "Startup Cost": 2646783.63,
                "Total Cost": 2949408.7,
                "Plan Rows": 18595391,
                "Plan Width": 0,
                "Actual Startup Time": 9968.402,
                "Actual Total Time": 13314.496,
                "Actual Rows": 14578512,
                "Actual Loops": 2,
                "Inner Unique": false,
                "Merge Cond": "(t.id = mi.movie_id)",
                "Plans": [
                  {
                    "Node Type": "Sort",
                    "Parent Relationship": "Outer",
                    "Parallel Aware": false,
                    "Startup Cost": 1148006.17,
                    "Total Cost": 1159862.46,
                    "Plan Rows": 4742514,
                    "Plan Width": 8,
                    "Actual Startup Time": 6467.854,
                    "Actual Total Time": 6903.531,
                    "Actual Rows": 4844109,
                    "Actual Loops": 2,
                    "Sort Key": [
                      "t.id"
                    ],
                    "Sort Method": "quicksort",
                    "Sort Space Used": 427428,
                    "Sort Space Type": "Memory",
                    "Workers": [
                      {
                        "Worker Number": 0,
                        "Sort Method": "quicksort",
                        "Sort Space Used": 419924,
                        "Sort Space Type": "Memory"
                      }
                    ],
                    "Plans": [
                      {
                        "Node Type": "Hash Join",
                        "Parent Relationship": "Outer",
                        "Parallel Aware": true,
                        "Join Type": "Inner",
                        "Startup Cost": 64273.71,
                        "Total Cost": 622127.28,
                        "Plan Rows": 4742514,
                        "Plan Width": 8,
                        "Actual Startup Time": 511.102,
                        "Actual Total Time": 5306.748,
                        "Actual Rows": 4844109,
                        "Actual Loops": 2,
                        "Inner Unique": true,
                        "Hash Cond": "(ci.movie_id = t.id)",
                        "Plans": [
                          {
                            "Node Type": "Seq Scan",
                            "Parent Relationship": "Outer",
                            "Parallel Aware": true,
                            "Relation Name": "cast_info",
                            "Alias": "ci",
                            "Startup Cost": 0.0,
                            "Total Cost": 519069.44,
                            "Plan Rows": 14774881,
                            "Plan Width": 4,
                            "Actual Startup Time": 245.556,
                            "Actual Total Time": 1584.343,
                            "Actual Rows": 12561342,
                            "Actual Loops": 2,
                            "Filter": "(person_id > 1091507)",
                            "Rows Removed by Filter": 5560830
                          },
                          {
                            "Node Type": "Hash",
                            "Parent Relationship": "Inner",
                            "Parallel Aware": true,
                            "Startup Cost": 58306.47,
                            "Total Cost": 58306.47,
                            "Plan Rows": 477379,
                            "Plan Width": 4,
                            "Actual Startup Time": 259.458,
                            "Actual Total Time": 259.459,
                            "Actual Rows": 440972,
                            "Actual Loops": 2,
                            "Hash Buckets": 1048576,
                            "Original Hash Buckets": 1048576,
                            "Hash Batches": 1,
                            "Original Hash Batches": 1,
                            "Peak Memory Usage": 42720,
                            "Plans": [
                              {
                                "Node Type": "Seq Scan",
                                "Parent Relationship": "Outer",
                                "Parallel Aware": true,
                                "Relation Name": "title",
                                "Alias": "t",
                                "Startup Cost": 0.0,
                                "Total Cost": 58306.47,
                                "Plan Rows": 477379,
                                "Plan Width": 4,
                                "Actual Startup Time": 0.034,
                                "Actual Total Time": 156.026,
                                "Actual Rows": 440972,
                                "Actual Loops": 2,
                                "Filter": "((production_year > 2001) AND (kind_id = 7))",
                                "Rows Removed by Filter": 823184
                              }
                            ]
                          }
                        ]
                      }
                    ]
                  },
                  {
                    "Node Type": "Sort",
                    "Parent Relationship": "Inner",
                    "Parallel Aware": false,
                    "Startup Cost": 1498776.98,
                    "Total Cost": 1523560.56,
                    "Plan Rows": 9913433,
                    "Plan Width": 4,
                    "Actual Startup Time": 3500.531,
                    "Actual Total Time": 4369.439,
                    "Actual Rows": 23179350,
                    "Actual Loops": 2,
                    "Sort Key": [
                      "mi.movie_id"
                    ],
                    "Sort Method": "quicksort",
                    "Sort Space Used": 857830,
                    "Sort Space Type": "Memory",
                    "Workers": [
                      {
                        "Worker Number": 0,
                        "Sort Method": "quicksort",
                        "Sort Space Used": 857830,
                        "Sort Space Type": "Memory"
                      }
                    ],
                    "Plans": [
                      {
                        "Node Type": "Seq Scan",
                        "Parent Relationship": "Outer",
                        "Parallel Aware": false,
                        "Relation Name": "movie_info",
                        "Alias": "mi",
                        "Startup Cost": 0.0,
                        "Total Cost": 346788.81,
                        "Plan Rows": 9913433,
                        "Plan Width": 4,
                        "Actual Startup Time": 58.894,
                        "Actual Total Time": 1459.88,
                        "Actual Rows": 9911754,
                        "Actual Loops": 2,
                        "Filter": "(info_type_id > 4)",
                        "Rows Removed by Filter": 4923966
                      }
                    ]
                  }
                ]
              }
            ]
          }
        ]
      }
    ]
  },
  "Planning Time": 0.681,
  "Triggers": [],
  "Execution Time": 14144.919
}