[
  {
    "Plan": {
      "Node Type": "Aggregate",
      "Strategy": "Plain",
      "Partial Mode": "Finalize",
      "Parallel Aware": false,
      "Startup Cost": 322392.7,
      "Total Cost": 322392.71,
      "Plan Rows": 1,
      "Plan Width": 8,
      "Actual Startup Time": 264.739,
      "Actual Total Time": 295.184,
      "Actual Rows": 1,
      "Actual Loops": 1,
      "Plans": [
        {
          "Node Type": "Gather",
          "Parent Relationship": "Outer",
          "Parallel Aware": false,
          "Startup Cost": 322392.28,
          "Total Cost": 322392.69,
          "Plan Rows": 4,
          "Plan Width": 8,
          "Actual Startup Time": 264.447,
          "Actual Total Time": 295.175,
          "Actual Rows": 5,
          "Actual Loops": 1,
          "Workers Planned": 4,
          "Workers Launched": 4,
          "Single Copy": false,
          "Plans": [
            {
              "Node Type": "Aggregate",
              "Strategy": "Plain",
              "Partial Mode": "Partial",
              "Parent Relationship": "Outer",
              "Parallel Aware": false,
              "Startup Cost": 321392.28,
              "Total Cost": 321392.29,
              "Plan Rows": 1,
              "Plan Width": 8,
              "Actual Startup Time": 260.94,
              "Actual Total Time": 260.941,
              "Actual Rows": 1,
              "Actual Loops": 5,
              "Plans": [
                {
                  "Node Type": "Nested Loop",
                  "Parent Relationship": "Outer",
                  "Parallel Aware": false,
                  "Join Type": "Inner",
                  "Startup Cost": 0.56,
                  "Total Cost": 321336.06,
                  "Plan Rows": 22487,
                  "Plan Width": 0,
                  "Actual Startup Time": 40.939,
                  "Actual Total Time": 259.178,
                  "Actual Rows": 25415,
                  "Actual Loops": 5,
                  "Inner Unique": false,
                  "Plans": [
                    {
                      "Node Type": "Seq Scan",
                      "Parent Relationship": "Outer",
                      "Parallel Aware": true,
                      "Relation Name": "title",
                      "Alias": "t",
                      "Startup Cost": 0.0,
                      "Total Cost": 45479.21,
                      "Plan Rows": 4454,
                      "Plan Width": 4,
                      "Actual Startup Time": 39.928,
                      "Actual Total Time": 64.255,
                      "Actual Rows": 4404,
                      "Actual Loops": 5,
                      "Filter": "((kind_id < 2) AND (production_year > 2012))",
                      "Rows Removed by Filter": 501258
                    },
                    {
                      "Node Type": "Index Scan",
                      "Parent Relationship": "Inner",
                      "Parallel Aware": false,
                      "Scan Direction": "Forward",
                      "Index Name": "movie_id_cast_info",
                      "Relation Name": "cast_info",
                      "Alias": "ci",
                      "Startup Cost": 0.56,
                      "Total Cost": 61.79,
                      "Plan Rows": 14,
                      "Plan Width": 4,
                      "Actual Startup Time": 0.012,
                      "Actual Total Time": 0.043,
                      "Actual Rows": 6,
                      "Actual Loops": 22021,
                      "Index Cond": "(movie_id = t.id)",
                      "Rows Removed by Index Recheck": 0,
                      "Filter": "(role_id < 2)",
                      "Rows Removed by Filter": 13
                    }
                  ]
                }
              ]
            }
          ]
        }
      ]
    },
    "Planning Time": 0.365,
    "Triggers": [],
    "Execution Time": 295.239
  }
]