[
  {
    "Plan": {
      "Node Type": "Aggregate",
      "Strategy": "Plain",
      "Partial Mode": "Finalize",
      "Parallel Aware": false,
      "Startup Cost": 128496.72,
      "Total Cost": 128496.73,
      "Plan Rows": 1,
      "Plan Width": 8,
      "Actual Startup Time": 609.609,
      "Actual Total Time": 630.398,
      "Actual Rows": 1,
      "Actual Loops": 1,
      "Plans": [
        {
          "Node Type": "Gather",
          "Parent Relationship": "Outer",
          "Parallel Aware": false,
          "Startup Cost": 128496.41,
          "Total Cost": 128496.72,
          "Plan Rows": 3,
          "Plan Width": 8,
          "Actual Startup Time": 605.338,
          "Actual Total Time": 630.388,
          "Actual Rows": 4,
          "Actual Loops": 1,
          "Workers Planned": 3,
          "Workers Launched": 3,
          "Single Copy": false,
          "Plans": [
            {
              "Node Type": "Aggregate",
              "Strategy": "Plain",
              "Partial Mode": "Partial",
              "Parent Relationship": "Outer",
              "Parallel Aware": false,
              "Startup Cost": 127496.41,
              "Total Cost": 127496.42,
              "Plan Rows": 1,
              "Plan Width": 8,
              "Actual Startup Time": 596.411,
              "Actual Total Time": 596.594,
              "Actual Rows": 1,
              "Actual Loops": 4,
              "Plans": [
                {
                  "Node Type": "Hash Join",
                  "Parent Relationship": "Outer",
                  "Parallel Aware": true,
                  "Join Type": "Inner",
                  "Startup Cost": 82442.58,
                  "Total Cost": 127246.3,
                  "Plan Rows": 100041,
                  "Plan Width": 0,
                  "Actual Startup Time": 434.932,
                  "Actual Total Time": 587.465,
                  "Actual Rows": 221188,
                  "Actual Loops": 4,
                  "Inner Unique": false,
                  "Hash Cond": "(mk.movie_id = t.id)",
                  "Plans": [
                    {
                      "Node Type": "Seq Scan",
                      "Parent Relationship": "Outer",
                      "Parallel Aware": true,
                      "Relation Name": "movie_keyword",
                      "Alias": "mk",
                      "Startup Cost": 0.0,
                      "Total Cost": 42695.65,
                      "Plan Rows": 495459,
                      "Plan Width": 4,
                      "Actual Startup Time": 0.035,
                      "Actual Total Time": 93.333,
                      "Actual Rows": 388248,
                      "Actual Loops": 4,
                      "Filter": "(keyword_id < 2297)",
                      "Rows Removed by Filter": 742734
                    },
                    {
                      "Node Type": "Hash",
                      "Parent Relationship": "Inner",
                      "Parallel Aware": true,
                      "Startup Cost": 80847.25,
                      "Total Cost": 80847.25,
                      "Plan Rows": 127626,
                      "Plan Width": 8,
                      "Actual Startup Time": 431.378,
                      "Actual Total Time": 431.559,
                      "Actual Rows": 134444,
                      "Actual Loops": 4,
                      "Hash Buckets": 1048576,
                      "Original Hash Buckets": 524288,
                      "Hash Batches": 1,
                      "Original Hash Batches": 1,
                      "Peak Memory Usage": 33408,
                      "Plans": [
                        {
                          "Node Type": "Hash Join",
                          "Parent Relationship": "Outer",
                          "Parallel Aware": true,
                          "Join Type": "Inner",
                          "Startup Cost": 34205.34,
                          "Total Cost": 80847.25,
                          "Plan Rows": 127626,
                          "Plan Width": 8,
                          "Actual Startup Time": 155.401,
                          "Actual Total Time": 381.781,
                          "Actual Rows": 134444,
                          "Actual Loops": 4,
                          "Inner Unique": false,
                          "Hash Cond": "(t.id = mc.movie_id)",
                          "Plans": [
                            {
                              "Node Type": "Seq Scan",
                              "Parent Relationship": "Outer",
                              "Parallel Aware": true,
                              "Relation Name": "title",
                              "Alias": "t",
                              "Startup Cost": 0.0,
                              "Total Cost": 43898.92,
                              "Plan Rows": 466259,
                              "Plan Width": 4,
                              "Actual Startup Time": 0.013,
                              "Actual Total Time": 85.703,
                              "Actual Rows": 466372,
                              "Actual Loops": 4,
                              "Filter": "(kind_id > 1)",
                              "Rows Removed by Filter": 165706
                            },
                            {
                              "Node Type": "Hash",
                              "Parent Relationship": "Inner",
                              "Parallel Aware": true,
                              "Startup Cost": 31414.82,
                              "Total Cost": 31414.82,
                              "Plan Rows": 223242,
                              "Plan Width": 4,
                              "Actual Startup Time": 152.171,
                              "Actual Total Time": 152.172,
                              "Actual Rows": 237950,
                              "Actual Loops": 4,
                              "Hash Buckets": 1048576,
                              "Original Hash Buckets": 1048576,
                              "Hash Batches": 1,
                              "Original Hash Batches": 1,
                              "Peak Memory Usage": 45504,
                              "Plans": [
                                {
                                  "Node Type": "Seq Scan",
                                  "Parent Relationship": "Outer",
                                  "Parallel Aware": true,
                                  "Relation Name": "movie_companies",
                                  "Alias": "mc",
                                  "Startup Cost": 0.0,
                                  "Total Cost": 31414.82,
                                  "Plan Rows": 223242,
                                  "Plan Width": 4,
                                  "Actual Startup Time": 0.053,
                                  "Actual Total Time": 78.964,
                                  "Actual Rows": 237950,
                                  "Actual Loops": 4,
                                  "Filter": "((company_id < 12242) AND (company_type_id < 2))",
                                  "Rows Removed by Filter": 414333
                                }
                              ]
                            }
                          ]
                        }
                      ]
                    }
                  ]
                }
              ]
            }
          ]
        }
      ]
    },
    "Planning Time": 1.524,
    "Triggers": [],
    "Execution Time": 630.489
  }
]