[
    {
        "Bao": {
            "Bao prediction": "NaN",
            "Bao recommended hint": "(no hint)"
        }
    },
    {
        "Plan": {
            "Node Type": "Aggregate",
            "Strategy": "Plain",
            "Partial Mode": "Finalize",
            "Parallel Aware": false,
            "Startup Cost": 215743.17,
            "Total Cost": 215743.18,
            "Plan Rows": 1,
            "Plan Width": 8,
            "Actual Startup Time": 92.734,
            "Actual Total Time": 107.527,
            "Actual Rows": 1,
            "Actual Loops": 1,
            "Output": [
                "count(*)"
            ],
            "Plans": [
                {
                    "Node Type": "Gather",
                    "Parent Relationship": "Outer",
                    "Parallel Aware": false,
                    "Startup Cost": 215742.75,
                    "Total Cost": 215743.16,
                    "Plan Rows": 4,
                    "Plan Width": 8,
                    "Actual Startup Time": 92.512,
                    "Actual Total Time": 107.519,
                    "Actual Rows": 5,
                    "Actual Loops": 1,
                    "Output": [
                        "(PARTIAL count(*))"
                    ],
                    "Workers Planned": 4,
                    "Workers Launched": 4,
                    "Single Copy": false,
                    "Plans": [
                        {
                            "Node Type": "Aggregate",
                            "Strategy": "Plain",
                            "Partial Mode": "Partial",
                            "Parent Relationship": "Outer",
                            "Parallel Aware": false,
                            "Startup Cost": 214742.75,
                            "Total Cost": 214742.76,
                            "Plan Rows": 1,
                            "Plan Width": 8,
                            "Actual Startup Time": 82.681,
                            "Actual Total Time": 82.683,
                            "Actual Rows": 1,
                            "Actual Loops": 5,
                            "Output": [
                                "PARTIAL count(*)"
                            ],
                            "Workers": [
                                {
                                    "Worker Number": 0,
                                    "Actual Startup Time": 79.844,
                                    "Actual Total Time": 79.847,
                                    "Actual Rows": 1,
                                    "Actual Loops": 1
                                },
                                {
                                    "Worker Number": 1,
                                    "Actual Startup Time": 80.208,
                                    "Actual Total Time": 80.21,
                                    "Actual Rows": 1,
                                    "Actual Loops": 1
                                },
                                {
                                    "Worker Number": 2,
                                    "Actual Startup Time": 80.232,
                                    "Actual Total Time": 80.234,
                                    "Actual Rows": 1,
                                    "Actual Loops": 1
                                },
                                {
                                    "Worker Number": 3,
                                    "Actual Startup Time": 81.112,
                                    "Actual Total Time": 81.114,
                                    "Actual Rows": 1,
                                    "Actual Loops": 1
                                }
                            ],
                            "Plans": [
                                {
                                    "Node Type": "Nested Loop",
                                    "Parent Relationship": "Outer",
                                    "Parallel Aware": false,
                                    "Join Type": "Inner",
                                    "Startup Cost": 1802.61,
                                    "Total Cost": 214709.34,
                                    "Plan Rows": 13364,
                                    "Plan Width": 0,
                                    "Actual Startup Time": 5.997,
                                    "Actual Total Time": 81.903,
                                    "Actual Rows": 7000,
                                    "Actual Loops": 5,
                                    "Inner Unique": false,
                                    "Workers": [
                                        {
                                            "Worker Number": 0,
                                            "Actual Startup Time": 2.993,
                                            "Actual Total Time": 79.128,
                                            "Actual Rows": 3639,
                                            "Actual Loops": 1
                                        },
                                        {
                                            "Worker Number": 1,
                                            "Actual Startup Time": 3.227,
                                            "Actual Total Time": 79.498,
                                            "Actual Rows": 3450,
                                            "Actual Loops": 1
                                        },
                                        {
                                            "Worker Number": 2,
                                            "Actual Startup Time": 3.634,
                                            "Actual Total Time": 79.566,
                                            "Actual Rows": 4563,
                                            "Actual Loops": 1
                                        },
                                        {
                                            "Worker Number": 3,
                                            "Actual Startup Time": 6.047,
                                            "Actual Total Time": 80.343,
                                            "Actual Rows": 3669,
                                            "Actual Loops": 1
                                        }
                                    ],
                                    "Plans": [
                                        {
                                            "Node Type": "Bitmap Heap Scan",
                                            "Parent Relationship": "Outer",
                                            "Parallel Aware": true,
                                            "Relation Name": "title",
                                            "Schema": "public",
                                            "Alias": "t",
                                            "Startup Cost": 1802.05,
                                            "Total Cost": 38178.03,
                                            "Plan Rows": 1647,
                                            "Plan Width": 4,
                                            "Actual Startup Time": 5.204,
                                            "Actual Total Time": 18.813,
                                            "Actual Rows": 648,
                                            "Actual Loops": 5,
                                            "Output": [
                                                "t.id",
                                                "t.title",
                                                "t.imdb_index",
                                                "t.kind_id",
                                                "t.production_year",
                                                "t.imdb_id",
                                                "t.phonetic_code",
                                                "t.episode_of_id",
                                                "t.season_nr",
                                                "t.episode_nr",
                                                "t.series_years",
                                                "t.md5sum"
                                            ],
                                            "Recheck Cond": "(t.kind_id = 3)",
                                            "Rows Removed by Index Recheck": 0,
                                            "Filter": "(t.production_year = 2012)",
                                            "Rows Removed by Filter": 19459,
                                            "Exact Heap Blocks": 7103,
                                            "Lossy Heap Blocks": 0,
                                            "Workers": [
                                                {
                                                    "Worker Number": 0,
                                                    "Actual Startup Time": 2.581,
                                                    "Actual Total Time": 13.315,
                                                    "Actual Rows": 345,
                                                    "Actual Loops": 1
                                                },
                                                {
                                                    "Worker Number": 1,
                                                    "Actual Startup Time": 2.95,
                                                    "Actual Total Time": 16.05,
                                                    "Actual Rows": 321,
                                                    "Actual Loops": 1
                                                },
                                                {
                                                    "Worker Number": 2,
                                                    "Actual Startup Time": 2.812,
                                                    "Actual Total Time": 14.558,
                                                    "Actual Rows": 414,
                                                    "Actual Loops": 1
                                                },
                                                {
                                                    "Worker Number": 3,
                                                    "Actual Startup Time": 3.659,
                                                    "Actual Total Time": 15.882,
                                                    "Actual Rows": 358,
                                                    "Actual Loops": 1
                                                }
                                            ],
                                            "Plans": [
                                                {
                                                    "Node Type": "Bitmap Index Scan",
                                                    "Parent Relationship": "Outer",
                                                    "Parallel Aware": false,
                                                    "Index Name": "kind_id_title",
                                                    "Startup Cost": 0.0,
                                                    "Total Cost": 1800.4,
                                                    "Plan Rows": 100796,
                                                    "Plan Width": 0,
                                                    "Actual Startup Time": 10.333,
                                                    "Actual Total Time": 10.333,
                                                    "Actual Rows": 100537,
                                                    "Actual Loops": 1,
                                                    "Index Cond": "(t.kind_id = 3)"
                                                }
                                            ]
                                        },
                                        {
                                            "Node Type": "Index Scan",
                                            "Parent Relationship": "Inner",
                                            "Parallel Aware": false,
                                            "Scan Direction": "Forward",
                                            "Index Name": "movie_id_cast_info",
                                            "Relation Name": "cast_info",
                                            "Schema": "public",
                                            "Alias": "ci",
                                            "Startup Cost": 0.56,
                                            "Total Cost": 106.96,
                                            "Plan Rows": 22,
                                            "Plan Width": 4,
                                            "Actual Startup Time": 0.045,
                                            "Actual Total Time": 0.095,
                                            "Actual Rows": 11,
                                            "Actual Loops": 3242,
                                            "Output": [
                                                "ci.id",
                                                "ci.person_id",
                                                "ci.movie_id",
                                                "ci.person_role_id",
                                                "ci.note",
                                                "ci.nr_order",
                                                "ci.role_id"
                                            ],
                                            "Index Cond": "(ci.movie_id = t.id)",
                                            "Rows Removed by Index Recheck": 0,
                                            "Filter": "((ci.person_id < 3230343) AND (ci.role_id > 1))",
                                            "Rows Removed by Filter": 12,
                                            "Workers": [
                                                {
                                                    "Worker Number": 0,
                                                    "Actual Startup Time": 0.087,
                                                    "Actual Total Time": 0.187,
                                                    "Actual Rows": 11,
                                                    "Actual Loops": 345
                                                },
                                                {
                                                    "Worker Number": 1,
                                                    "Actual Startup Time": 0.094,
                                                    "Actual Total Time": 0.194,
                                                    "Actual Rows": 11,
                                                    "Actual Loops": 321
                                                },
                                                {
                                                    "Worker Number": 2,
                                                    "Actual Startup Time": 0.072,
                                                    "Actual Total Time": 0.154,
                                                    "Actual Rows": 11,
                                                    "Actual Loops": 414
                                                },
                                                {
                                                    "Worker Number": 3,
                                                    "Actual Startup Time": 0.086,
                                                    "Actual Total Time": 0.177,
                                                    "Actual Rows": 10,
                                                    "Actual Loops": 358
                                                }
                                            ]
                                        }
                                    ]
                                }
                            ]
                        }
                    ]
                }
            ]
        },
        "Planning Time": 223.488,
        "Triggers": [],
        "Execution Time": 107.621
    }
]