[
  {
    "Plan": {
      "Node Type": "Aggregate",
      "Strategy": "Plain",
      "Partial Mode": "Finalize",
      "Parallel Aware": false,
      "Startup Cost": 46056.88,
      "Total Cost": 46056.89,
      "Plan Rows": 1,
      "Plan Width": 8,
      "Actual Startup Time": 185.795,
      "Actual Total Time": 196.388,
      "Actual Rows": 1,
      "Actual Loops": 1,
      "Plans": [
        {
          "Node Type": "Gather",
          "Parent Relationship": "Outer",
          "Parallel Aware": false,
          "Startup Cost": 46056.56,
          "Total Cost": 46056.87,
          "Plan Rows": 3,
          "Plan Width": 8,
          "Actual Startup Time": 185.64,
          "Actual Total Time": 196.377,
          "Actual Rows": 4,
          "Actual Loops": 1,
          "Workers Planned": 3,
          "Workers Launched": 3,
          "Single Copy": false,
          "Plans": [
            {
              "Node Type": "Aggregate",
              "Strategy": "Plain",
              "Partial Mode": "Partial",
              "Parent Relationship": "Outer",
              "Parallel Aware": false,
              "Startup Cost": 45056.56,
              "Total Cost": 45056.57,
              "Plan Rows": 1,
              "Plan Width": 8,
              "Actual Startup Time": 179.167,
              "Actual Total Time": 179.168,
              "Actual Rows": 1,
              "Actual Loops": 4,
              "Plans": [
                {
                  "Node Type": "Seq Scan",
                  "Parent Relationship": "Outer",
                  "Parallel Aware": true,
                  "Relation Name": "movie_keyword",
                  "Alias": "mk",
                  "Startup Cost": 0.0,
                  "Total Cost": 42695.65,
                  "Plan Rows": 944364,
                  "Plan Width": 0,
                  "Actual Startup Time": 0.046,
                  "Actual Total Time": 138.447,
                  "Actual Rows": 733639,
                  "Actual Loops": 4,
                  "Filter": "(keyword_id < 9755)",
                  "Rows Removed by Filter": 397344
                }
              ]
            }
          ]
        }
      ]
    },
    "Planning Time": 0.166,
    "Triggers": [],
    "Execution Time": 196.439
  }
]