[
  {
    "Plan": {
      "Node Type": "Aggregate",
      "Strategy": "Plain",
      "Partial Mode": "Finalize",
      "Parallel Aware": false,
      "Startup Cost": 355351.07,
      "Total Cost": 355351.08,
      "Plan Rows": 1,
      "Plan Width": 8,
      "Actual Startup Time": 837.403,
      "Actual Total Time": 863.589,
      "Actual Rows": 1,
      "Actual Loops": 1,
      "Plans": [
        {
          "Node Type": "Gather",
          "Parent Relationship": "Outer",
          "Parallel Aware": false,
          "Startup Cost": 355350.45,
          "Total Cost": 355351.06,
          "Plan Rows": 6,
          "Plan Width": 8,
          "Actual Startup Time": 837.295,
          "Actual Total Time": 863.581,
          "Actual Rows": 7,
          "Actual Loops": 1,
          "Workers Planned": 6,
          "Workers Launched": 6,
          "Single Copy": false,
          "Plans": [
            {
              "Node Type": "Aggregate",
              "Strategy": "Plain",
              "Partial Mode": "Partial",
              "Parent Relationship": "Outer",
              "Parallel Aware": false,
              "Startup Cost": 354350.45,
              "Total Cost": 354350.46,
              "Plan Rows": 1,
              "Plan Width": 8,
              "Actual Startup Time": 833.849,
              "Actual Total Time": 833.85,
              "Actual Rows": 1,
              "Actual Loops": 7,
              "Plans": [
                {
                  "Node Type": "Seq Scan",
                  "Parent Relationship": "Outer",
                  "Parallel Aware": true,
                  "Relation Name": "cast_info",
                  "Alias": "ci",
                  "Startup Cost": 0.0,
                  "Total Cost": 343318.94,
                  "Plan Rows": 4412603,
                  "Plan Width": 0,
                  "Actual Startup Time": 0.023,
                  "Actual Total Time": 655.508,
                  "Actual Rows": 4076063,
                  "Actual Loops": 7,
                  "Filter": "((person_id < 3052799) AND (role_id < 10))",
                  "Rows Removed by Filter": 1101700
                }
              ]
            }
          ]
        }
      ]
    },
    "Planning Time": 0.104,
    "Triggers": [],
    "Execution Time": 863.626
  }
]