[
  {
    "Plan": {
      "Node Type": "Aggregate",
      "Strategy": "Plain",
      "Partial Mode": "Simple",
      "Parallel Aware": false,
      "Startup Cost": 22392.35,
      "Total Cost": 22392.36,
      "Plan Rows": 1,
      "Plan Width": 8,
      "Actual Startup Time": 45.139,
      "Actual Total Time": 45.14,
      "Actual Rows": 1,
      "Actual Loops": 1,
      "Plans": [
        {
          "Node Type": "Bitmap Heap Scan",
          "Parent Relationship": "Outer",
          "Parallel Aware": false,
          "Relation Name": "movie_companies",
          "Alias": "mc",
          "Startup Cost": 2054.19,
          "Total Cost": 22271.56,
          "Plan Rows": 48315,
          "Plan Width": 0,
          "Actual Startup Time": 12.314,
          "Actual Total Time": 38.923,
          "Actual Rows": 90267,
          "Actual Loops": 1,
          "Recheck Cond": "(company_id > 163529)",
          "Rows Removed by Index Recheck": 0,
          "Filter": "(company_type_id > 1)",
          "Rows Removed by Filter": 0,
          "Exact Heap Blocks": 2949,
          "Lossy Heap Blocks": 0,
          "Plans": [
            {
              "Node Type": "Bitmap Index Scan",
              "Parent Relationship": "Outer",
              "Parallel Aware": false,
              "Index Name": "company_id_movie_companies",
              "Startup Cost": 0.0,
              "Total Cost": 2042.12,
              "Plan Rows": 95158,
              "Plan Width": 0,
              "Actual Startup Time": 11.428,
              "Actual Total Time": 11.428,
              "Actual Rows": 90267,
              "Actual Loops": 1,
              "Index Cond": "(company_id > 163529)"
            }
          ]
        }
      ]
    },
    "Planning Time": 0.21,
    "Triggers": [],
    "Execution Time": 45.196
  }
]