[
  {
    "Plan": {
      "Node Type": "Aggregate",
      "Strategy": "Plain",
      "Partial Mode": "Finalize",
      "Parallel Aware": false,
      "Startup Cost": 95414.25,
      "Total Cost": 95414.26,
      "Plan Rows": 1,
      "Plan Width": 8,
      "Actual Startup Time": 210.452,
      "Actual Total Time": 223.761,
      "Actual Rows": 1,
      "Actual Loops": 1,
      "Plans": [
        {
          "Node Type": "Gather",
          "Parent Relationship": "Outer",
          "Parallel Aware": false,
          "Startup Cost": 95413.83,
          "Total Cost": 95414.24,
          "Plan Rows": 4,
          "Plan Width": 8,
          "Actual Startup Time": 210.28,
          "Actual Total Time": 223.754,
          "Actual Rows": 5,
          "Actual Loops": 1,
          "Workers Planned": 4,
          "Workers Launched": 4,
          "Single Copy": false,
          "Plans": [
            {
              "Node Type": "Aggregate",
              "Strategy": "Plain",
              "Partial Mode": "Partial",
              "Parent Relationship": "Outer",
              "Parallel Aware": false,
              "Startup Cost": 94413.83,
              "Total Cost": 94413.84,
              "Plan Rows": 1,
              "Plan Width": 8,
              "Actual Startup Time": 200.618,
              "Actual Total Time": 200.631,
              "Actual Rows": 1,
              "Actual Loops": 5,
              "Plans": [
                {
                  "Node Type": "Hash Join",
                  "Parent Relationship": "Outer",
                  "Parallel Aware": true,
                  "Join Type": "Inner",
                  "Startup Cost": 45498.31,
                  "Total Cost": 94411.4,
                  "Plan Rows": 970,
                  "Plan Width": 0,
                  "Actual Startup Time": 90.335,
                  "Actual Total Time": 200.502,
                  "Actual Rows": 1044,
                  "Actual Loops": 5,
                  "Inner Unique": true,
                  "Hash Cond": "(ci.movie_id = t.id)",
                  "Plans": [
                    {
                      "Node Type": "Index Scan",
                      "Parent Relationship": "Outer",
                      "Parallel Aware": true,
                      "Scan Direction": "Forward",
                      "Index Name": "role_id_cast_info",
                      "Relation Name": "cast_info",
                      "Alias": "ci",
                      "Startup Cost": 0.56,
                      "Total Cost": 47835.41,
                      "Plan Rows": 410761,
                      "Plan Width": 4,
                      "Actual Startup Time": 0.368,
                      "Actual Total Time": 75.302,
                      "Actual Rows": 340709,
                      "Actual Loops": 5,
                      "Index Cond": "(role_id = 8)",
                      "Rows Removed by Index Recheck": 0,
                      "Filter": "(person_id < 3774536)",
                      "Rows Removed by Filter": 0
                    },
                    {
                      "Node Type": "Hash",
                      "Parent Relationship": "Inner",
                      "Parallel Aware": true,
                      "Startup Cost": 45479.1,
                      "Total Cost": 45479.1,
                      "Plan Rows": 1492,
                      "Plan Width": 4,
                      "Actual Startup Time": 88.666,
                      "Actual Total Time": 88.667,
                      "Actual Rows": 1092,
                      "Actual Loops": 5,
                      "Hash Buckets": 8192,
                      "Original Hash Buckets": 8192,
                      "Hash Batches": 1,
                      "Original Hash Batches": 1,
                      "Peak Memory Usage": 320,
                      "Plans": [
                        {
                          "Node Type": "Seq Scan",
                          "Parent Relationship": "Outer",
                          "Parallel Aware": true,
                          "Relation Name": "title",
                          "Alias": "t",
                          "Startup Cost": 0.0,
                          "Total Cost": 45479.1,
                          "Plan Rows": 1492,
                          "Plan Width": 4,
                          "Actual Startup Time": 59.564,
                          "Actual Total Time": 87.963,
                          "Actual Rows": 1092,
                          "Actual Loops": 5,
                          "Filter": "((kind_id < 2) AND (production_year = 1990))",
                          "Rows Removed by Filter": 504570
                        }
                      ]
                    }
                  ]
                }
              ]
            }
          ]
        }
      ]
    },
    "Planning Time": 0.698,
    "Triggers": [],
    "Execution Time": 223.839
  }
]