[
  {
    "Plan": {
      "Node Type": "Aggregate",
      "Strategy": "Plain",
      "Partial Mode": "Finalize",
      "Parallel Aware": false,
      "Startup Cost": 30158.99,
      "Total Cost": 30159.0,
      "Plan Rows": 1,
      "Plan Width": 8,
      "Actual Startup Time": 72.736,
      "Actual Total Time": 77.214,
      "Actual Rows": 1,
      "Actual Loops": 1,
      "Plans": [
        {
          "Node Type": "Gather",
          "Parent Relationship": "Outer",
          "Parallel Aware": false,
          "Startup Cost": 30158.67,
          "Total Cost": 30158.98,
          "Plan Rows": 3,
          "Plan Width": 8,
          "Actual Startup Time": 72.583,
          "Actual Total Time": 77.206,
          "Actual Rows": 4,
          "Actual Loops": 1,
          "Workers Planned": 3,
          "Workers Launched": 3,
          "Single Copy": false,
          "Plans": [
            {
              "Node Type": "Aggregate",
              "Strategy": "Plain",
              "Partial Mode": "Partial",
              "Parent Relationship": "Outer",
              "Parallel Aware": false,
              "Startup Cost": 29158.67,
              "Total Cost": 29158.68,
              "Plan Rows": 1,
              "Plan Width": 8,
              "Actual Startup Time": 68.755,
              "Actual Total Time": 68.759,
              "Actual Rows": 1,
              "Actual Loops": 4,
              "Plans": [
                {
                  "Node Type": "Bitmap Heap Scan",
                  "Parent Relationship": "Outer",
                  "Parallel Aware": true,
                  "Relation Name": "movie_companies",
                  "Alias": "mc",
                  "Startup Cost": 8475.94,
                  "Total Cost": 28843.21,
                  "Plan Rows": 126182,
                  "Plan Width": 0,
                  "Actual Startup Time": 28.641,
                  "Actual Total Time": 62.303,
                  "Actual Rows": 97564,
                  "Actual Loops": 4,
                  "Recheck Cond": "(company_id > 83236)",
                  "Rows Removed by Index Recheck": 0,
                  "Exact Heap Blocks": 3362,
                  "Lossy Heap Blocks": 0,
                  "Plans": [
                    {
                      "Node Type": "Bitmap Index Scan",
                      "Parent Relationship": "Outer",
                      "Parallel Aware": false,
                      "Index Name": "company_id_movie_companies",
                      "Startup Cost": 0.0,
                      "Total Cost": 8378.15,
                      "Plan Rows": 391163,
                      "Plan Width": 0,
                      "Actual Startup Time": 31.173,
                      "Actual Total Time": 31.173,
                      "Actual Rows": 390256,
                      "Actual Loops": 1,
                      "Index Cond": "(company_id > 83236)"
                    }
                  ]
                }
              ]
            }
          ]
        }
      ]
    },
    "Planning Time": 0.089,
    "Triggers": [],
    "Execution Time": 77.258
  }
]