[
    {
        "Bao": {
            "Bao prediction": "NaN",
            "Bao recommended hint": "(no hint)"
        }
    },
    {
        "Plan": {
            "Node Type": "Aggregate",
            "Strategy": "Plain",
            "Partial Mode": "Finalize",
            "Parallel Aware": false,
            "Startup Cost": 32707.19,
            "Total Cost": 32707.2,
            "Plan Rows": 1,
            "Plan Width": 8,
            "Actual Startup Time": 93.367,
            "Actual Total Time": 99.452,
            "Actual Rows": 1,
            "Actual Loops": 1,
            "Output": [
                "count(*)"
            ],
            "Plans": [
                {
                    "Node Type": "Gather",
                    "Parent Relationship": "Outer",
                    "Parallel Aware": false,
                    "Startup Cost": 32706.88,
                    "Total Cost": 32707.19,
                    "Plan Rows": 3,
                    "Plan Width": 8,
                    "Actual Startup Time": 93.229,
                    "Actual Total Time": 99.444,
                    "Actual Rows": 4,
                    "Actual Loops": 1,
                    "Output": [
                        "(PARTIAL count(*))"
                    ],
                    "Workers Planned": 3,
                    "Workers Launched": 3,
                    "Single Copy": false,
                    "Plans": [
                        {
                            "Node Type": "Aggregate",
                            "Strategy": "Plain",
                            "Partial Mode": "Partial",
                            "Parent Relationship": "Outer",
                            "Parallel Aware": false,
                            "Startup Cost": 31706.88,
                            "Total Cost": 31706.89,
                            "Plan Rows": 1,
                            "Plan Width": 8,
                            "Actual Startup Time": 84.961,
                            "Actual Total Time": 84.965,
                            "Actual Rows": 1,
                            "Actual Loops": 4,
                            "Output": [
                                "PARTIAL count(*)"
                            ],
                            "Workers": [
                                {
                                    "Worker Number": 0,
                                    "Actual Startup Time": 82.177,
                                    "Actual Total Time": 82.187,
                                    "Actual Rows": 1,
                                    "Actual Loops": 1
                                },
                                {
                                    "Worker Number": 1,
                                    "Actual Startup Time": 82.332,
                                    "Actual Total Time": 82.333,
                                    "Actual Rows": 1,
                                    "Actual Loops": 1
                                },
                                {
                                    "Worker Number": 2,
                                    "Actual Startup Time": 82.584,
                                    "Actual Total Time": 82.585,
                                    "Actual Rows": 1,
                                    "Actual Loops": 1
                                }
                            ],
                            "Plans": [
                                {
                                    "Node Type": "Seq Scan",
                                    "Parent Relationship": "Outer",
                                    "Parallel Aware": true,
                                    "Relation Name": "movie_companies",
                                    "Schema": "public",
                                    "Alias": "mc",
                                    "Startup Cost": 0.0,
                                    "Total Cost": 31414.82,
                                    "Plan Rows": 116823,
                                    "Plan Width": 0,
                                    "Actual Startup Time": 43.892,
                                    "Actual Total Time": 78.097,
                                    "Actual Rows": 168183,
                                    "Actual Loops": 4,
                                    "Output": [
                                        "id",
                                        "movie_id",
                                        "company_id",
                                        "company_type_id",
                                        "note"
                                    ],
                                    "Filter": "((mc.company_id > 43941) AND (mc.company_type_id = 2))",
                                    "Rows Removed by Filter": 484099,
                                    "Workers": [
                                        {
                                            "Worker Number": 0,
                                            "Actual Startup Time": 41.122,
                                            "Actual Total Time": 75.61,
                                            "Actual Rows": 159800,
                                            "Actual Loops": 1
                                        },
                                        {
                                            "Worker Number": 1,
                                            "Actual Startup Time": 41.247,
                                            "Actual Total Time": 75.735,
                                            "Actual Rows": 160005,
                                            "Actual Loops": 1
                                        },
                                        {
                                            "Worker Number": 2,
                                            "Actual Startup Time": 41.511,
                                            "Actual Total Time": 75.892,
                                            "Actual Rows": 160132,
                                            "Actual Loops": 1
                                        }
                                    ]
                                }
                            ]
                        }
                    ]
                }
            ]
        },
        "Planning Time": 203.94,
        "Triggers": [],
        "Execution Time": 99.531
    }
]