[
  {
    "Plan": {
      "Node Type": "Aggregate",
      "Strategy": "Plain",
      "Partial Mode": "Simple",
      "Parallel Aware": false,
      "Startup Cost": 7494.85,
      "Total Cost": 7494.86,
      "Plan Rows": 1,
      "Plan Width": 96,
      "Actual Startup Time": 5652.166,
      "Actual Total Time": 5652.174,
      "Actual Rows": 1,
      "Actual Loops": 1,
      "Plans": [
        {
          "Node Type": "Nested Loop",
          "Parent Relationship": "Outer",
          "Parallel Aware": false,
          "Join Type": "Inner",
          "Startup Cost": 13.62,
          "Total Cost": 7494.84,
          "Plan Rows": 1,
          "Plan Width": 41,
          "Actual Startup Time": 15.207,
          "Actual Total Time": 5650.159,
          "Actual Rows": 5551,
          "Actual Loops": 1,
          "Inner Unique": true,
          "Plans": [
            {
              "Node Type": "Nested Loop",
              "Parent Relationship": "Outer",
              "Parallel Aware": false,
              "Join Type": "Inner",
              "Startup Cost": 13.49,
              "Total Cost": 7494.68,
              "Plan Rows": 1,
              "Plan Width": 45,
              "Actual Startup Time": 15.203,
              "Actual Total Time": 5642.751,
              "Actual Rows": 7431,
              "Actual Loops": 1,
              "Inner Unique": true,
              "Plans": [
                {
                  "Node Type": "Nested Loop",
                  "Parent Relationship": "Outer",
                  "Parallel Aware": false,
                  "Join Type": "Inner",
                  "Startup Cost": 13.36,
                  "Total Cost": 7494.51,
                  "Plan Rows": 1,
                  "Plan Width": 49,
                  "Actual Startup Time": 14.98,
                  "Actual Total Time": 5585.077,
                  "Actual Rows": 45470,
                  "Actual Loops": 1,
                  "Inner Unique": true,
                  "Plans": [
                    {
                      "Node Type": "Nested Loop",
                      "Parent Relationship": "Outer",
                      "Parallel Aware": false,
                      "Join Type": "Inner",
                      "Startup Cost": 12.94,
                      "Total Cost": 7493.96,
                      "Plan Rows": 1,
                      "Plan Width": 34,
                      "Actual Startup Time": 14.949,
                      "Actual Total Time": 5415.577,
                      "Actual Rows": 47123,
                      "Actual Loops": 1,
                      "Inner Unique": true,
                      "Join Filter": "(t.kind_id = kt.id)",
                      "Rows Removed by Join Filter": 2644,
                      "Plans": [
                        {
                          "Node Type": "Nested Loop",
                          "Parent Relationship": "Outer",
                          "Parallel Aware": false,
                          "Join Type": "Inner",
                          "Startup Cost": 12.94,
                          "Total Cost": 7492.85,
                          "Plan Rows": 1,
                          "Plan Width": 38,
                          "Actual Startup Time": 7.813,
                          "Actual Total Time": 5276.554,
                          "Actual Rows": 48298,
                          "Actual Loops": 1,
                          "Inner Unique": true,
                          "Join Filter": "(mi.info_type_id = it1.id)",
                          "Rows Removed by Join Filter": 44848,
                          "Plans": [
                            {
                              "Node Type": "Nested Loop",
                              "Parent Relationship": "Outer",
                              "Parallel Aware": false,
                              "Join Type": "Inner",
                              "Startup Cost": 12.94,
                              "Total Cost": 7490.42,
                              "Plan Rows": 1,
                              "Plan Width": 42,
                              "Actual Startup Time": 7.803,
                              "Actual Total Time": 4610.924,
                              "Actual Rows": 93146,
                              "Actual Loops": 1,
                              "Inner Unique": false,
                              "Join Filter": "(t.id = mi.movie_id)",
                              "Rows Removed by Join Filter": 0,
                              "Plans": [
                                {
                                  "Node Type": "Nested Loop",
                                  "Parent Relationship": "Outer",
                                  "Parallel Aware": false,
                                  "Join Type": "Inner",
                                  "Startup Cost": 12.5,
                                  "Total Cost": 7488.52,
                                  "Plan Rows": 1,
                                  "Plan Width": 58,
                                  "Actual Startup Time": 7.25,
                                  "Actual Total Time": 1023.664,
                                  "Actual Rows": 44097,
                                  "Actual Loops": 1,
                                  "Inner Unique": true,
                                  "Plans": [
                                    {
                                      "Node Type": "Nested Loop",
                                      "Parent Relationship": "Outer",
                                      "Parallel Aware": false,
                                      "Join Type": "Inner",
                                      "Startup Cost": 12.07,
                                      "Total Cost": 7488.03,
                                      "Plan Rows": 1,
                                      "Plan Width": 33,
                                      "Actual Startup Time": 7.178,
                                      "Actual Total Time": 786.644,
                                      "Actual Rows": 70488,
                                      "Actual Loops": 1,
                                      "Inner Unique": true,
                                      "Join Filter": "(mc.company_type_id = ct.id)",
                                      "Rows Removed by Join Filter": 10,
                                      "Plans": [
                                        {
                                          "Node Type": "Nested Loop",
                                          "Parent Relationship": "Outer",
                                          "Parallel Aware": false,
                                          "Join Type": "Inner",
                                          "Startup Cost": 12.07,
                                          "Total Cost": 7486.94,
                                          "Plan Rows": 1,
                                          "Plan Width": 37,
                                          "Actual Startup Time": 7.168,
                                          "Actual Total Time": 573.456,
                                          "Actual Rows": 70488,
                                          "Actual Loops": 1,
                                          "Inner Unique": false,
                                          "Plans": [
                                            {
                                              "Node Type": "Nested Loop",
                                              "Parent Relationship": "Outer",
                                              "Parallel Aware": false,
                                              "Join Type": "Inner",
                                              "Startup Cost": 11.64,
                                              "Total Cost": 7486.36,
                                              "Plan Rows": 1,
                                              "Plan Width": 25,
                                              "Actual Startup Time": 6.931,
                                              "Actual Total Time": 326.873,
                                              "Actual Rows": 19344,
                                              "Actual Loops": 1,
                                              "Inner Unique": false,
                                              "Plans": [
                                                {
                                                  "Node Type": "Nested Loop",
                                                  "Parent Relationship": "Outer",
                                                  "Parallel Aware": false,
                                                  "Join Type": "Inner",
                                                  "Startup Cost": 11.22,
                                                  "Total Cost": 7484.46,
                                                  "Plan Rows": 4,
                                                  "Plan Width": 13,
                                                  "Actual Startup Time": 5.509,
                                                  "Actual Total Time": 259.119,
                                                  "Actual Rows": 31800,
                                                  "Actual Loops": 1,
                                                  "Inner Unique": false,
                                                  "Join Filter": "(mi_idx.info_type_id = it2.id)",
                                                  "Rows Removed by Join Filter": 62093,
                                                  "Plans": [
                                                    {
                                                      "Node Type": "Seq Scan",
                                                      "Parent Relationship": "Outer",
                                                      "Parallel Aware": false,
                                                      "Relation Name": "info_type",
                                                      "Alias": "it2",
                                                      "Startup Cost": 0.0,
                                                      "Total Cost": 2.41,
                                                      "Plan Rows": 1,
                                                      "Plan Width": 4,
                                                      "Actual Startup Time": 0.022,
                                                      "Actual Total Time": 0.025,
                                                      "Actual Rows": 1,
                                                      "Actual Loops": 1,
                                                      "Filter": "((info)::text = 'rating'::text)",
                                                      "Rows Removed by Filter": 112
                                                    },
                                                    {
                                                      "Node Type": "Nested Loop",
                                                      "Parent Relationship": "Inner",
                                                      "Parallel Aware": false,
                                                      "Join Type": "Inner",
                                                      "Startup Cost": 11.22,
                                                      "Total Cost": 7476.98,
                                                      "Plan Rows": 405,
                                                      "Plan Width": 17,
                                                      "Actual Startup Time": 5.482,
                                                      "Actual Total Time": 250.16,
                                                      "Actual Rows": 93893,
                                                      "Actual Loops": 1,
                                                      "Inner Unique": false,
                                                      "Plans": [
                                                        {
                                                          "Node Type": "Nested Loop",
                                                          "Parent Relationship": "Outer",
                                                          "Parallel Aware": false,
                                                          "Join Type": "Inner",
                                                          "Startup Cost": 10.8,
                                                          "Total Cost": 7405.43,
                                                          "Plan Rows": 135,
                                                          "Plan Width": 4,
                                                          "Actual Startup Time": 5.413,
                                                          "Actual Total Time": 95.639,
                                                          "Actual Rows": 37091,
                                                          "Actual Loops": 1,
                                                          "Inner Unique": false,
                                                          "Plans": [
                                                            {
                                                              "Node Type": "Seq Scan",
                                                              "Parent Relationship": "Outer",
                                                              "Parallel Aware": false,
                                                              "Relation Name": "keyword",
                                                              "Alias": "k",
                                                              "Startup Cost": 0.0,
                                                              "Total Cost": 2961.55,
                                                              "Plan Rows": 4,
                                                              "Plan Width": 4,
                                                              "Actual Startup Time": 1.365,
                                                              "Actual Total Time": 14.624,
                                                              "Actual Rows": 3,
                                                              "Actual Loops": 1,
                                                              "Filter": "(keyword = ANY ('{murder,murder-in-title,blood,violence}'::text[]))",
                                                              "Rows Removed by Filter": 134167
                                                            },
                                                            {
                                                              "Node Type": "Bitmap Heap Scan",
                                                              "Parent Relationship": "Inner",
                                                              "Parallel Aware": false,
                                                              "Relation Name": "movie_keyword",
                                                              "Alias": "mk",
                                                              "Startup Cost": 10.8,
                                                              "Total Cost": 1107.92,
                                                              "Plan Rows": 305,
                                                              "Plan Width": 8,
                                                              "Actual Startup Time": 3.266,
                                                              "Actual Total Time": 25.35,
                                                              "Actual Rows": 12364,
                                                              "Actual Loops": 3,
                                                              "Recheck Cond": "(keyword_id = k.id)",
                                                              "Rows Removed by Index Recheck": 0,
                                                              "Exact Heap Blocks": 26312,
                                                              "Lossy Heap Blocks": 0,
                                                              "Plans": [
                                                                {
                                                                  "Node Type": "Bitmap Index Scan",
                                                                  "Parent Relationship": "Outer",
                                                                  "Parallel Aware": false,
                                                                  "Index Name": "keyword_id_movie_keyword",
                                                                  "Startup Cost": 0.0,
                                                                  "Total Cost": 10.72,
                                                                  "Plan Rows": 305,
                                                                  "Plan Width": 0,
                                                                  "Actual Startup Time": 1.983,
                                                                  "Actual Total Time": 1.984,
                                                                  "Actual Rows": 12364,
                                                                  "Actual Loops": 3,
                                                                  "Index Cond": "(keyword_id = k.id)"
                                                                }
                                                              ]
                                                            }
                                                          ]
                                                        },
                                                        {
                                                          "Node Type": "Index Scan",
                                                          "Parent Relationship": "Inner",
                                                          "Parallel Aware": false,
                                                          "Scan Direction": "Forward",
                                                          "Index Name": "movie_id_movie_info_idx",
                                                          "Relation Name": "movie_info_idx",
                                                          "Alias": "mi_idx",
                                                          "Startup Cost": 0.43,
                                                          "Total Cost": 0.5,
                                                          "Plan Rows": 3,
                                                          "Plan Width": 13,
                                                          "Actual Startup Time": 0.003,
                                                          "Actual Total Time": 0.004,
                                                          "Actual Rows": 3,
                                                          "Actual Loops": 37091,
                                                          "Index Cond": "(movie_id = mk.movie_id)",
                                                          "Rows Removed by Index Recheck": 0,
                                                          "Filter": "(info < '8.5'::text)",
                                                          "Rows Removed by Filter": 0
                                                        }
                                                      ]
                                                    }
                                                  ]
                                                },
                                                {
                                                  "Node Type": "Index Scan",
                                                  "Parent Relationship": "Inner",
                                                  "Parallel Aware": false,
                                                  "Scan Direction": "Forward",
                                                  "Index Name": "movie_id_complete_cast",
                                                  "Relation Name": "complete_cast",
                                                  "Alias": "cc",
                                                  "Startup Cost": 0.42,
                                                  "Total Cost": 0.46,
                                                  "Plan Rows": 2,
                                                  "Plan Width": 12,
                                                  "Actual Startup Time": 0.002,
                                                  "Actual Total Time": 0.002,
                                                  "Actual Rows": 1,
                                                  "Actual Loops": 31800,
                                                  "Index Cond": "(movie_id = mk.movie_id)",
                                                  "Rows Removed by Index Recheck": 0
                                                }
                                              ]
                                            },
                                            {
                                              "Node Type": "Index Scan",
                                              "Parent Relationship": "Inner",
                                              "Parallel Aware": false,
                                              "Scan Direction": "Forward",
                                              "Index Name": "movie_id_movie_companies",
                                              "Relation Name": "movie_companies",
                                              "Alias": "mc",
                                              "Startup Cost": 0.43,
                                              "Total Cost": 0.57,
                                              "Plan Rows": 1,
                                              "Plan Width": 12,
                                              "Actual Startup Time": 0.007,
                                              "Actual Total Time": 0.012,
                                              "Actual Rows": 4,
                                              "Actual Loops": 19344,
                                              "Index Cond": "(movie_id = mk.movie_id)",
                                              "Rows Removed by Index Recheck": 0,
                                              "Filter": "((note !~~ '%(USA)%'::text) AND (note ~~ '%(200%)%'::text))",
                                              "Rows Removed by Filter": 10
                                            }
                                          ]
                                        },
                                        {
                                          "Node Type": "Seq Scan",
                                          "Parent Relationship": "Inner",
                                          "Parallel Aware": false,
                                          "Relation Name": "company_type",
                                          "Alias": "ct",
                                          "Startup Cost": 0.0,
                                          "Total Cost": 1.04,
                                          "Plan Rows": 4,
                                          "Plan Width": 4,
                                          "Actual Startup Time": 0.001,
                                          "Actual Total Time": 0.001,
                                          "Actual Rows": 1,
                                          "Actual Loops": 70488
                                        }
                                      ]
                                    },
                                    {
                                      "Node Type": "Index Scan",
                                      "Parent Relationship": "Inner",
                                      "Parallel Aware": false,
                                      "Scan Direction": "Forward",
                                      "Index Name": "title_pkey",
                                      "Relation Name": "title",
                                      "Alias": "t",
                                      "Startup Cost": 0.43,
                                      "Total Cost": 0.49,
                                      "Plan Rows": 1,
                                      "Plan Width": 25,
                                      "Actual Startup Time": 0.003,
                                      "Actual Total Time": 0.003,
                                      "Actual Rows": 1,
                                      "Actual Loops": 70488,
                                      "Index Cond": "(id = mk.movie_id)",
                                      "Rows Removed by Index Recheck": 0,
                                      "Filter": "(production_year > 1998)",
                                      "Rows Removed by Filter": 0
                                    }
                                  ]
                                },
                                {
                                  "Node Type": "Index Scan",
                                  "Parent Relationship": "Inner",
                                  "Parallel Aware": false,
                                  "Scan Direction": "Forward",
                                  "Index Name": "movie_id_movie_info",
                                  "Relation Name": "movie_info",
                                  "Alias": "mi",
                                  "Startup Cost": 0.43,
                                  "Total Cost": 1.86,
                                  "Plan Rows": 4,
                                  "Plan Width": 8,
                                  "Actual Startup Time": 0.009,
                                  "Actual Total Time": 0.081,
                                  "Actual Rows": 2,
                                  "Actual Loops": 44097,
                                  "Index Cond": "(movie_id = mk.movie_id)",
                                  "Rows Removed by Index Recheck": 0,
                                  "Filter": "(info = ANY ('{Germany,Bulgaria,America,Norway,Sweden,English,Norwegian,Denish,Danish,USA}'::text[]))",
                                  "Rows Removed by Filter": 243
                                }
                              ]
                            },
                            {
                              "Node Type": "Seq Scan",
                              "Parent Relationship": "Inner",
                              "Parallel Aware": false,
                              "Relation Name": "info_type",
                              "Alias": "it1",
                              "Startup Cost": 0.0,
                              "Total Cost": 2.41,
                              "Plan Rows": 1,
                              "Plan Width": 4,
                              "Actual Startup Time": 0.003,
                              "Actual Total Time": 0.005,
                              "Actual Rows": 1,
                              "Actual Loops": 93146,
                              "Filter": "((info)::text = 'countries'::text)",
                              "Rows Removed by Filter": 58
                            }
                          ]
                        },
                        {
                          "Node Type": "Seq Scan",
                          "Parent Relationship": "Inner",
                          "Parallel Aware": false,
                          "Relation Name": "kind_type",
                          "Alias": "kt",
                          "Startup Cost": 0.0,
                          "Total Cost": 1.09,
                          "Plan Rows": 2,
                          "Plan Width": 4,
                          "Actual Startup Time": 0.001,
                          "Actual Total Time": 0.001,
                          "Actual Rows": 1,
                          "Actual Loops": 48298,
                          "Filter": "((kind)::text = ANY ('{movie,episode}'::text[]))",
                          "Rows Removed by Filter": 0
                        }
                      ]
                    },
                    {
                      "Node Type": "Index Scan",
                      "Parent Relationship": "Inner",
                      "Parallel Aware": false,
                      "Scan Direction": "Forward",
                      "Index Name": "company_name_pkey",
                      "Relation Name": "company_name",
                      "Alias": "cn",
                      "Startup Cost": 0.42,
                      "Total Cost": 0.55,
                      "Plan Rows": 1,
                      "Plan Width": 23,
                      "Actual Startup Time": 0.003,
                      "Actual Total Time": 0.003,
                      "Actual Rows": 1,
                      "Actual Loops": 47123,
                      "Index Cond": "(id = mc.company_id)",
                      "Rows Removed by Index Recheck": 0,
                      "Filter": "((country_code)::text <> '[us]'::text)",
                      "Rows Removed by Filter": 0
                    }
                  ]
                },
                {
                  "Node Type": "Index Scan",
                  "Parent Relationship": "Inner",
                  "Parallel Aware": false,
                  "Scan Direction": "Forward",
                  "Index Name": "comp_cast_type_pkey",
                  "Relation Name": "comp_cast_type",
                  "Alias": "cct1",
                  "Startup Cost": 0.13,
                  "Total Cost": 0.15,
                  "Plan Rows": 1,
                  "Plan Width": 4,
                  "Actual Startup Time": 0.001,
                  "Actual Total Time": 0.001,
                  "Actual Rows": 0,
                  "Actual Loops": 45470,
                  "Index Cond": "(id = cc.subject_id)",
                  "Rows Removed by Index Recheck": 0,
                  "Filter": "((kind)::text = 'crew'::text)",
                  "Rows Removed by Filter": 1
                }
              ]
            },
            {
              "Node Type": "Index Scan",
              "Parent Relationship": "Inner",
              "Parallel Aware": false,
              "Scan Direction": "Forward",
              "Index Name": "comp_cast_type_pkey",
              "Relation Name": "comp_cast_type",
              "Alias": "cct2",
              "Startup Cost": 0.13,
              "Total Cost": 0.15,
              "Plan Rows": 1,
              "Plan Width": 4,
              "Actual Startup Time": 0.001,
              "Actual Total Time": 0.001,
              "Actual Rows": 1,
              "Actual Loops": 7431,
              "Index Cond": "(id = cc.status_id)",
              "Rows Removed by Index Recheck": 0,
              "Filter": "((kind)::text <> 'complete+verified'::text)",
              "Rows Removed by Filter": 0
            }
          ]
        }
      ]
    },
    "Planning Time": 441.154,
    "Triggers": [],
    "Execution Time": 5652.683
  }
]