[
  {
    "Plan": {
      "Node Type": "Aggregate",
      "Strategy": "Plain",
      "Partial Mode": "Finalize",
      "Parallel Aware": false,
      "Startup Cost": 627083.55,
      "Total Cost": 627083.56,
      "Plan Rows": 1,
      "Plan Width": 8,
      "Actual Startup Time": 4091.204,
      "Actual Total Time": 4172.841,
      "Actual Rows": 1,
      "Actual Loops": 1,
      "Plans": [
        {
          "Node Type": "Gather",
          "Parent Relationship": "Outer",
          "Parallel Aware": false,
          "Startup Cost": 627082.92,
          "Total Cost": 627083.53,
          "Plan Rows": 6,
          "Plan Width": 8,
          "Actual Startup Time": 4067.439,
          "Actual Total Time": 4172.829,
          "Actual Rows": 7,
          "Actual Loops": 1,
          "Workers Planned": 6,
          "Workers Launched": 6,
          "Single Copy": false,
          "Plans": [
            {
              "Node Type": "Aggregate",
              "Strategy": "Plain",
              "Partial Mode": "Partial",
              "Parent Relationship": "Outer",
              "Parallel Aware": false,
              "Startup Cost": 626082.92,
              "Total Cost": 626082.93,
              "Plan Rows": 1,
              "Plan Width": 8,
              "Actual Startup Time": 4052.489,
              "Actual Total Time": 4052.978,
              "Actual Rows": 1,
              "Actual Loops": 7,
              "Plans": [
                {
                  "Node Type": "Hash Join",
                  "Parent Relationship": "Outer",
                  "Parallel Aware": true,
                  "Join Type": "Inner",
                  "Startup Cost": 255393.93,
                  "Total Cost": 614411.76,
                  "Plan Rows": 4668466,
                  "Plan Width": 0,
                  "Actual Startup Time": 815.839,
                  "Actual Total Time": 3830.094,
                  "Actual Rows": 5234462,
                  "Actual Loops": 7,
                  "Inner Unique": false,
                  "Hash Cond": "(ci.movie_id = t.id)",
                  "Plans": [
                    {
                      "Node Type": "Seq Scan",
                      "Parent Relationship": "Outer",
                      "Parallel Aware": true,
                      "Relation Name": "cast_info",
                      "Alias": "ci",
                      "Startup Cost": 0.0,
                      "Total Cost": 328162.03,
                      "Plan Rows": 5738366,
                      "Plan Width": 4,
                      "Actual Startup Time": 17.756,
                      "Actual Total Time": 634.273,
                      "Actual Rows": 4918246,
                      "Actual Loops": 7,
                      "Filter": "(person_id > 179965)",
                      "Rows Removed by Filter": 259517
                    },
                    {
                      "Node Type": "Hash",
                      "Parent Relationship": "Inner",
                      "Parallel Aware": true,
                      "Startup Cost": 250251.68,
                      "Total Cost": 250251.68,
                      "Plan Rows": 411380,
                      "Plan Width": 8,
                      "Actual Startup Time": 793.129,
                      "Actual Total Time": 793.616,
                      "Actual Rows": 298724,
                      "Actual Loops": 7,
                      "Hash Buckets": 2097152,
                      "Original Hash Buckets": 2097152,
                      "Hash Batches": 1,
                      "Original Hash Batches": 1,
                      "Peak Memory Usage": 98304,
                      "Plans": [
                        {
                          "Node Type": "Hash Join",
                          "Parent Relationship": "Outer",
                          "Parallel Aware": true,
                          "Join Type": "Inner",
                          "Startup Cost": 50219.64,
                          "Total Cost": 250251.68,
                          "Plan Rows": 411380,
                          "Plan Width": 8,
                          "Actual Startup Time": 278.699,
                          "Actual Total Time": 666.683,
                          "Actual Rows": 298724,
                          "Actual Loops": 7,
                          "Inner Unique": true,
                          "Hash Cond": "(mi.movie_id = t.id)",
                          "Plans": [
                            {
                              "Node Type": "Seq Scan",
                              "Parent Relationship": "Outer",
                              "Parallel Aware": true,
                              "Relation Name": "movie_info",
                              "Alias": "mi",
                              "Startup Cost": 0.0,
                              "Total Cost": 198952.16,
                              "Plan Rows": 411380,
                              "Plan Width": 4,
                              "Actual Startup Time": 25.868,
                              "Actual Total Time": 270.321,
                              "Actual Rows": 298724,
                              "Actual Loops": 7,
                              "Filter": "(info_type_id < 3)",
                              "Rows Removed by Filter": 1820665
                            },
                            {
                              "Node Type": "Hash",
                              "Parent Relationship": "Inner",
                              "Parallel Aware": true,
                              "Startup Cost": 42318.73,
                              "Total Cost": 42318.73,
                              "Plan Rows": 632073,
                              "Plan Width": 4,
                              "Actual Startup Time": 248.804,
                              "Actual Total Time": 248.805,
                              "Actual Rows": 361187,
                              "Actual Loops": 7,
                              "Hash Buckets": 4194304,
                              "Original Hash Buckets": 4194304,
                              "Hash Batches": 1,
                              "Original Hash Batches": 1,
                              "Peak Memory Usage": 131808,
                              "Plans": [
                                {
                                  "Node Type": "Seq Scan",
                                  "Parent Relationship": "Outer",
                                  "Parallel Aware": true,
                                  "Relation Name": "title",
                                  "Alias": "t",
                                  "Startup Cost": 0.0,
                                  "Total Cost": 42318.73,
                                  "Plan Rows": 632073,
                                  "Plan Width": 4,
                                  "Actual Startup Time": 0.045,
                                  "Actual Total Time": 70.475,
                                  "Actual Rows": 361187,
                                  "Actual Loops": 7
                                }
                              ]
                            }
                          ]
                        }
                      ]
                    }
                  ]
                }
              ]
            }
          ]
        }
      ]
    },
    "Planning Time": 1.309,
    "Triggers": [],
    "Execution Time": 4172.941
  }
]