{
    "Plan": {
        "Node Type": "Aggregate",
        "Strategy": "Plain",
        "Partial Mode": "Simple",
        "Parallel Aware": false,
        "Startup Cost": 20000745554.51,
        "Total Cost": 20000745554.52,
        "Plan Rows": 1,
        "Plan Width": 8,
        "Actual Startup Time": 5593.782,
        "Actual Total Time": 5593.785,
        "Actual Rows": 1,
        "Actual Loops": 1,
        "Output": [
            "count(*)"
        ],
        "Plans": [
            {
                "Node Type": "Nested Loop",
                "Parent Relationship": "Outer",
                "Parallel Aware": false,
                "Join Type": "Inner",
                "Startup Cost": 20000040010.81,
                "Total Cost": 20000744153.65,
                "Plan Rows": 560342,
                "Plan Width": 0,
                "Actual Startup Time": 192.304,
                "Actual Total Time": 5384.858,
                "Actual Rows": 3302815,
                "Actual Loops": 1,
                "Inner Unique": false,
                "Join Filter": "(t.id = mi.movie_id)",
                "Rows Removed by Join Filter": 0,
                "Plans": [
                    {
                        "Node Type": "Hash Join",
                        "Parent Relationship": "Outer",
                        "Parallel Aware": false,
                        "Join Type": "Inner",
                        "Startup Cost": 10000040009.99,
                        "Total Cost": 10000187708.46,
                        "Plan Rows": 96016,
                        "Plan Width": 8,
                        "Actual Startup Time": 192.16,
                        "Actual Total Time": 1641.97,
                        "Actual Rows": 194257,
                        "Actual Loops": 1,
                        "Output": [
                            "t.id",
                            "mc.movie_id"
                        ],
                        "Inner Unique": true,
                        "Hash Cond": "(mc.movie_id = t.id)",
                        "Plans": [
                            {
                                "Node Type": "Index Scan",
                                "Parent Relationship": "Outer",
                                "Parallel Aware": false,
                                "Scan Direction": "Forward",
                                "Index Name": "movie_id_movie_companies",
                                "Relation Name": "movie_companies",
                                "Schema": "public",
                                "Alias": "mc",
                                "Startup Cost": 10000000000.43,
                                "Total Cost": 10000140849.93,
                                "Plan Rows": 2609129,
                                "Plan Width": 4,
                                "Actual Startup Time": 0.083,
                                "Actual Total Time": 982.136,
                                "Actual Rows": 2609129,
                                "Actual Loops": 1,
                                "Output": [
                                    "mc.id",
                                    "mc.movie_id",
                                    "mc.company_id",
                                    "mc.company_type_id",
                                    "mc.note"
                                ]
                            },
                            {
                                "Node Type": "Hash",
                                "Parent Relationship": "Inner",
                                "Parallel Aware": false,
                                "Startup Cost": 38846.53,
                                "Total Cost": 38846.53,
                                "Plan Rows": 93042,
                                "Plan Width": 4,
                                "Actual Startup Time": 190.505,
                                "Actual Total Time": 190.506,
                                "Actual Rows": 90852,
                                "Actual Loops": 1,
                                "Output": [
                                    "t.id"
                                ],
                                "Hash Buckets": 131072,
                                "Original Hash Buckets": 131072,
                                "Hash Batches": 1,
                                "Original Hash Batches": 1,
                                "Peak Memory Usage": 4219,
                                "Plans": [
                                    {
                                        "Node Type": "Bitmap Heap Scan",
                                        "Parent Relationship": "Outer",
                                        "Parallel Aware": false,
                                        "Relation Name": "title",
                                        "Schema": "public",
                                        "Alias": "t",
                                        "Startup Cost": 1685.51,
                                        "Total Cost": 38846.53,
                                        "Plan Rows": 93042,
                                        "Plan Width": 4,
                                        "Actual Startup Time": 21.736,
                                        "Actual Total Time": 161.124,
                                        "Actual Rows": 90852,
                                        "Actual Loops": 1,
                                        "Output": [
                                            "t.id"
                                        ],
                                        "Recheck Cond": "(t.kind_id = 2)",
                                        "Rows Removed by Index Recheck": 0,
                                        "Exact Heap Blocks": 23872,
                                        "Lossy Heap Blocks": 0,
                                        "Plans": [
                                            {
                                                "Node Type": "Bitmap Index Scan",
                                                "Parent Relationship": "Outer",
                                                "Parallel Aware": false,
                                                "Index Name": "kind_id_title",
                                                "Startup Cost": 0.0,
                                                "Total Cost": 1662.25,
                                                "Plan Rows": 93042,
                                                "Plan Width": 0,
                                                "Actual Startup Time": 16.324,
                                                "Actual Total Time": 16.324,
                                                "Actual Rows": 90852,
                                                "Actual Loops": 1,
                                                "Index Cond": "(t.kind_id = 2)"
                                            }
                                        ]
                                    }
                                ]
                            }
                        ]
                    },
                    {
                        "Node Type": "Bitmap Heap Scan",
                        "Parent Relationship": "Inner",
                        "Parallel Aware": false,
                        "Relation Name": "movie_info",
                        "Schema": "public",
                        "Alias": "mi",
                        "Startup Cost": 0.82,
                        "Total Cost": 5.31,
                        "Plan Rows": 39,
                        "Plan Width": 4,
                        "Actual Startup Time": 0.007,
                        "Actual Total Time": 0.015,
                        "Actual Rows": 17,
                        "Actual Loops": 194257,
                        "Output": [
                            "mi.id",
                            "mi.movie_id",
                            "mi.info_type_id",
                            "mi.info",
                            "mi.note"
                        ],
                        "Recheck Cond": "(mi.movie_id = mc.movie_id)",
                        "Rows Removed by Index Recheck": 0,
                        "Exact Heap Blocks": 1525712,
                        "Lossy Heap Blocks": 0,
                        "Plans": [
                            {
                                "Node Type": "Bitmap Index Scan",
                                "Parent Relationship": "Outer",
                                "Parallel Aware": false,
                                "Index Name": "movie_id_movie_info",
                                "Startup Cost": 0.0,
                                "Total Cost": 0.81,
                                "Plan Rows": 39,
                                "Plan Width": 0,
                                "Actual Startup Time": 0.005,
                                "Actual Total Time": 0.005,
                                "Actual Rows": 17,
                                "Actual Loops": 194257,
                                "Index Cond": "(mi.movie_id = mc.movie_id)"
                            }
                        ]
                    }
                ]
            }
        ]
    },
    "Planning Time": 4.011,
    "Triggers": [],
    "Execution Time": 5594.439
}