[
  {
    "Plan": {
      "Node Type": "Aggregate",
      "Strategy": "Plain",
      "Partial Mode": "Finalize",
      "Parallel Aware": false,
      "Startup Cost": 72432.07,
      "Total Cost": 72432.08,
      "Plan Rows": 1,
      "Plan Width": 8,
      "Actual Startup Time": 354.779,
      "Actual Total Time": 387.393,
      "Actual Rows": 1,
      "Actual Loops": 1,
      "Plans": [
        {
          "Node Type": "Gather",
          "Parent Relationship": "Outer",
          "Parallel Aware": false,
          "Startup Cost": 72431.86,
          "Total Cost": 72432.07,
          "Plan Rows": 2,
          "Plan Width": 8,
          "Actual Startup Time": 353.714,
          "Actual Total Time": 387.38,
          "Actual Rows": 3,
          "Actual Loops": 1,
          "Workers Planned": 2,
          "Workers Launched": 2,
          "Single Copy": false,
          "Plans": [
            {
              "Node Type": "Aggregate",
              "Strategy": "Plain",
              "Partial Mode": "Partial",
              "Parent Relationship": "Outer",
              "Parallel Aware": false,
              "Startup Cost": 71431.86,
              "Total Cost": 71431.87,
              "Plan Rows": 1,
              "Plan Width": 8,
              "Actual Startup Time": 345.959,
              "Actual Total Time": 345.982,
              "Actual Rows": 1,
              "Actual Loops": 3,
              "Plans": [
                {
                  "Node Type": "Nested Loop",
                  "Parent Relationship": "Outer",
                  "Parallel Aware": false,
                  "Join Type": "Inner",
                  "Startup Cost": 45542.43,
                  "Total Cost": 71364.94,
                  "Plan Rows": 26765,
                  "Plan Width": 0,
                  "Actual Startup Time": 122.447,
                  "Actual Total Time": 337.63,
                  "Actual Rows": 144071,
                  "Actual Loops": 3,
                  "Inner Unique": false,
                  "Join Filter": "(t.id = mi.movie_id)",
                  "Rows Removed by Join Filter": 0,
                  "Plans": [
                    {
                      "Node Type": "Hash Join",
                      "Parent Relationship": "Outer",
                      "Parallel Aware": true,
                      "Join Type": "Inner",
                      "Startup Cost": 45542.0,
                      "Total Cost": 60736.56,
                      "Plan Rows": 4578,
                      "Plan Width": 8,
                      "Actual Startup Time": 122.374,
                      "Actual Total Time": 205.389,
                      "Actual Rows": 7890,
                      "Actual Loops": 3,
                      "Inner Unique": true,
                      "Hash Cond": "(mi_idx.movie_id = t.id)",
                      "Plans": [
                        {
                          "Node Type": "Seq Scan",
                          "Parent Relationship": "Outer",
                          "Parallel Aware": true,
                          "Relation Name": "movie_info_idx",
                          "Alias": "mi_idx",
                          "Startup Cost": 0.0,
                          "Total Cost": 13685.15,
                          "Plan Rows": 575015,
                          "Plan Width": 4,
                          "Actual Startup Time": 0.021,
                          "Actual Total Time": 39.075,
                          "Actual Rows": 460012,
                          "Actual Loops": 3
                        },
                        {
                          "Node Type": "Hash",
                          "Parent Relationship": "Inner",
                          "Parallel Aware": true,
                          "Startup Cost": 45479.1,
                          "Total Cost": 45479.1,
                          "Plan Rows": 5032,
                          "Plan Width": 4,
                          "Actual Startup Time": 121.165,
                          "Actual Total Time": 121.185,
                          "Actual Rows": 5786,
                          "Actual Loops": 3,
                          "Hash Buckets": 32768,
                          "Original Hash Buckets": 32768,
                          "Hash Batches": 1,
                          "Original Hash Batches": 1,
                          "Peak Memory Usage": 992,
                          "Plans": [
                            {
                              "Node Type": "Seq Scan",
                              "Parent Relationship": "Outer",
                              "Parallel Aware": true,
                              "Relation Name": "title",
                              "Alias": "t",
                              "Startup Cost": 0.0,
                              "Total Cost": 45479.1,
                              "Plan Rows": 5032,
                              "Plan Width": 4,
                              "Actual Startup Time": 0.39,
                              "Actual Total Time": 118.391,
                              "Actual Rows": 5786,
                              "Actual Loops": 3,
                              "Filter": "((kind_id < 7) AND (production_year = 2000))",
                              "Rows Removed by Filter": 836985
                            }
                          ]
                        }
                      ]
                    },
                    {
                      "Node Type": "Index Only Scan",
                      "Parent Relationship": "Inner",
                      "Parallel Aware": false,
                      "Scan Direction": "Forward",
                      "Index Name": "movie_id_movie_info",
                      "Relation Name": "movie_info",
                      "Alias": "mi",
                      "Startup Cost": 0.43,
                      "Total Cost": 1.8,
                      "Plan Rows": 42,
                      "Plan Width": 4,
                      "Actual Startup Time": 0.005,
                      "Actual Total Time": 0.015,
                      "Actual Rows": 18,
                      "Actual Loops": 23669,
                      "Index Cond": "(movie_id = mi_idx.movie_id)",
                      "Rows Removed by Index Recheck": 0,
                      "Heap Fetches": 432212
                    }
                  ]
                }
              ]
            }
          ]
        }
      ]
    },
    "Planning Time": 1.39,
    "Triggers": [],
    "Execution Time": 387.487
  }
]