[
  {
    "Plan": {
      "Node Type": "Aggregate",
      "Strategy": "Plain",
      "Partial Mode": "Finalize",
      "Parallel Aware": false,
      "Startup Cost": 31900.27,
      "Total Cost": 31900.28,
      "Plan Rows": 1,
      "Plan Width": 8,
      "Actual Startup Time": 107.129,
      "Actual Total Time": 114.717,
      "Actual Rows": 1,
      "Actual Loops": 1,
      "Plans": [
        {
          "Node Type": "Gather",
          "Parent Relationship": "Outer",
          "Parallel Aware": false,
          "Startup Cost": 31899.95,
          "Total Cost": 31900.26,
          "Plan Rows": 3,
          "Plan Width": 8,
          "Actual Startup Time": 106.995,
          "Actual Total Time": 114.708,
          "Actual Rows": 4,
          "Actual Loops": 1,
          "Workers Planned": 3,
          "Workers Launched": 3,
          "Single Copy": false,
          "Plans": [
            {
              "Node Type": "Aggregate",
              "Strategy": "Plain",
              "Partial Mode": "Partial",
              "Parent Relationship": "Outer",
              "Parallel Aware": false,
              "Startup Cost": 30899.95,
              "Total Cost": 30899.96,
              "Plan Rows": 1,
              "Plan Width": 8,
              "Actual Startup Time": 101.085,
              "Actual Total Time": 101.086,
              "Actual Rows": 1,
              "Actual Loops": 4,
              "Plans": [
                {
                  "Node Type": "Seq Scan",
                  "Parent Relationship": "Outer",
                  "Parallel Aware": true,
                  "Relation Name": "movie_companies",
                  "Alias": "mc",
                  "Startup Cost": 0.0,
                  "Total Cost": 29310.68,
                  "Plan Rows": 635707,
                  "Plan Width": 0,
                  "Actual Startup Time": 0.035,
                  "Actual Total Time": 77.326,
                  "Actual Rows": 493980,
                  "Actual Loops": 4,
                  "Filter": "(company_id < 58824)",
                  "Rows Removed by Filter": 158303
                }
              ]
            }
          ]
        }
      ]
    },
    "Planning Time": 0.098,
    "Triggers": [],
    "Execution Time": 114.749
  }
]