{
  "Plan": {
    "Node Type": "Aggregate",
    "Strategy": "Plain",
    "Partial Mode": "Finalize",
    "Parallel Aware": false,
    "Startup Cost": 780094.53,
    "Total Cost": 780094.54,
    "Plan Rows": 1,
    "Plan Width": 8,
    "Actual Startup Time": 4959.307,
    "Actual Total Time": 5015.059,
    "Actual Rows": 1,
    "Actual Loops": 1,
    "Plans": [
      {
        "Node Type": "Gather",
        "Parent Relationship": "Outer",
        "Parallel Aware": false,
        "Startup Cost": 780094.42,
        "Total Cost": 780094.53,
        "Plan Rows": 1,
        "Plan Width": 8,
        "Actual Startup Time": 4954.318,
        "Actual Total Time": 5015.052,
        "Actual Rows": 2,
        "Actual Loops": 1,
        "Workers Planned": 1,
        "Workers Launched": 1,
        "Single Copy": false,
        "Plans": [
          {
            "Node Type": "Aggregate",
            "Strategy": "Plain",
            "Partial Mode": "Partial",
            "Parent Relationship": "Outer",
            "Parallel Aware": false,
            "Startup Cost": 779094.42,
            "Total Cost": 779094.43,
            "Plan Rows": 1,
            "Plan Width": 8,
            "Actual Startup Time": 4949.171,
            "Actual Total Time": 4949.177,
            "Actual Rows": 1,
            "Actual Loops": 2,
            "Plans": [
              {
                "Node Type": "Hash Join",
                "Parent Relationship": "Outer",
                "Parallel Aware": true,
                "Join Type": "Inner",
                "Startup Cost": 133911.48,
                "Total Cost": 768545.94,
                "Plan Rows": 4219392,
                "Plan Width": 0,
                "Actual Startup Time": 1441.745,
                "Actual Total Time": 4596.678,
                "Actual Rows": 8623390,
                "Actual Loops": 2,
                "Inner Unique": false,
                "Hash Cond": "(ci.movie_id = t.id)",
                "Plans": [
                  {
                    "Node Type": "Seq Scan",
                    "Parent Relationship": "Outer",
                    "Parallel Aware": true,
                    "Relation Name": "cast_info",
                    "Alias": "ci",
                    "Startup Cost": 0.0,
                    "Total Cost": 572345.93,
                    "Plan Rows": 9991616,
                    "Plan Width": 4,
                    "Actual Startup Time": 505.853,
                    "Actual Total Time": 1627.441,
                    "Actual Rows": 6675162,
                    "Actual Loops": 2,
                    "Filter": "((person_id < 2692013) AND (role_id > 1))",
                    "Rows Removed by Filter": 11447010
                  },
                  {
                    "Node Type": "Hash",
                    "Parent Relationship": "Inner",
                    "Parallel Aware": true,
                    "Startup Cost": 126060.88,
                    "Total Cost": 126060.88,
                    "Plan Rows": 628048,
                    "Plan Width": 8,
                    "Actual Startup Time": 926.108,
                    "Actual Total Time": 926.113,
                    "Actual Rows": 531778,
                    "Actual Loops": 2,
                    "Hash Buckets": 2097152,
                    "Original Hash Buckets": 2097152,
                    "Hash Batches": 1,
                    "Original Hash Batches": 1,
                    "Peak Memory Usage": 58016,
                    "Plans": [
                      {
                        "Node Type": "Hash Join",
                        "Parent Relationship": "Outer",
                        "Parallel Aware": true,
                        "Join Type": "Inner",
                        "Startup Cost": 92107.66,
                        "Total Cost": 126060.88,
                        "Plan Rows": 628048,
                        "Plan Width": 8,
                        "Actual Startup Time": 595.769,
                        "Actual Total Time": 815.834,
                        "Actual Rows": 531778,
                        "Actual Loops": 2,
                        "Inner Unique": true,
                        "Hash Cond": "(mk.movie_id = t.id)",
                        "Plans": [
                          {
                            "Node Type": "Bitmap Heap Scan",
                            "Parent Relationship": "Outer",
                            "Parallel Aware": true,
                            "Relation Name": "movie_keyword",
                            "Alias": "mk",
                            "Startup Cost": 22646.96,
                            "Total Cost": 54951.56,
                            "Plan Rows": 628048,
                            "Plan Width": 4,
                            "Actual Startup Time": 66.882,
                            "Actual Total Time": 158.072,
                            "Actual Rows": 531778,
                            "Actual Loops": 2,
                            "Recheck Cond": "(keyword_id > 16506)",
                            "Rows Removed by Index Recheck": 0,
                            "Exact Heap Blocks": 12666,
                            "Lossy Heap Blocks": 0,
                            "Plans": [
                              {
                                "Node Type": "Bitmap Index Scan",
                                "Parent Relationship": "Outer",
                                "Parallel Aware": false,
                                "Index Name": "keyword_id_movie_keyword",
                                "Startup Cost": 0.0,
                                "Total Cost": 22380.04,
                                "Plan Rows": 1067681,
                                "Plan Width": 0,
                                "Actual Startup Time": 63.27,
                                "Actual Total Time": 63.271,
                                "Actual Rows": 1063556,
                                "Actual Loops": 1,
                                "Index Cond": "(keyword_id > 16506)"
                              }
                            ]
                          },
                          {
                            "Node Type": "Hash",
                            "Parent Relationship": "Inner",
                            "Parallel Aware": true,
                            "Startup Cost": 50870.31,
                            "Total Cost": 50870.31,
                            "Plan Rows": 1487231,
                            "Plan Width": 4,
                            "Actual Startup Time": 516.791,
                            "Actual Total Time": 516.792,
                            "Actual Rows": 1264156,
                            "Actual Loops": 2,
                            "Hash Buckets": 4194304,
                            "Original Hash Buckets": 4194304,
                            "Hash Batches": 1,
                            "Original Hash Batches": 1,
                            "Peak Memory Usage": 131680,
                            "Plans": [
                              {
                                "Node Type": "Seq Scan",
                                "Parent Relationship": "Outer",
                                "Parallel Aware": true,
                                "Relation Name": "title",
                                "Alias": "t",
                                "Startup Cost": 0.0,
                                "Total Cost": 50870.31,
                                "Plan Rows": 1487231,
                                "Plan Width": 4,
                                "Actual Startup Time": 0.027,
                                "Actual Total Time": 148.058,
                                "Actual Rows": 1264156,
                                "Actual Loops": 2
                              }
                            ]
                          }
                        ]
                      }
                    ]
                  }
                ]
              }
            ]
          }
        ]
      }
    ]
  },
  "Planning Time": 0.427,
  "Triggers": [],
  "Execution Time": 5015.124
}