[
  {
    "Plan": {
      "Node Type": "Aggregate",
      "Strategy": "Plain",
      "Partial Mode": "Finalize",
      "Parallel Aware": false,
      "Startup Cost": 283776.8,
      "Total Cost": 283776.81,
      "Plan Rows": 1,
      "Plan Width": 8,
      "Actual Startup Time": 127.023,
      "Actual Total Time": 134.654,
      "Actual Rows": 1,
      "Actual Loops": 1,
      "Plans": [
        {
          "Node Type": "Gather",
          "Parent Relationship": "Outer",
          "Parallel Aware": false,
          "Startup Cost": 283776.18,
          "Total Cost": 283776.79,
          "Plan Rows": 6,
          "Plan Width": 8,
          "Actual Startup Time": 126.703,
          "Actual Total Time": 134.645,
          "Actual Rows": 7,
          "Actual Loops": 1,
          "Workers Planned": 6,
          "Workers Launched": 6,
          "Single Copy": false,
          "Plans": [
            {
              "Node Type": "Aggregate",
              "Strategy": "Plain",
              "Partial Mode": "Partial",
              "Parent Relationship": "Outer",
              "Parallel Aware": false,
              "Startup Cost": 282776.18,
              "Total Cost": 282776.19,
              "Plan Rows": 1,
              "Plan Width": 8,
              "Actual Startup Time": 116.85,
              "Actual Total Time": 116.852,
              "Actual Rows": 1,
              "Actual Loops": 7,
              "Plans": [
                {
                  "Node Type": "Bitmap Heap Scan",
                  "Parent Relationship": "Outer",
                  "Parallel Aware": true,
                  "Relation Name": "cast_info",
                  "Alias": "ci",
                  "Startup Cost": 26662.81,
                  "Total Cost": 282375.82,
                  "Plan Rows": 160143,
                  "Plan Width": 0,
                  "Actual Startup Time": 42.473,
                  "Actual Total Time": 106.196,
                  "Actual Rows": 161364,
                  "Actual Loops": 7,
                  "Recheck Cond": "(person_id < 126105)",
                  "Rows Removed by Index Recheck": 0,
                  "Filter": "(role_id < 8)",
                  "Rows Removed by Filter": 17641,
                  "Exact Heap Blocks": 3724,
                  "Lossy Heap Blocks": 0,
                  "Plans": [
                    {
                      "Node Type": "Bitmap Index Scan",
                      "Parent Relationship": "Outer",
                      "Parallel Aware": false,
                      "Index Name": "person_id_cast_info",
                      "Startup Cost": 0.0,
                      "Total Cost": 26422.59,
                      "Plan Rows": 1210404,
                      "Plan Width": 0,
                      "Actual Startup Time": 49.301,
                      "Actual Total Time": 49.301,
                      "Actual Rows": 1253036,
                      "Actual Loops": 1,
                      "Index Cond": "(person_id < 126105)"
                    }
                  ]
                }
              ]
            }
          ]
        }
      ]
    },
    "Planning Time": 0.106,
    "Triggers": [],
    "Execution Time": 134.694
  }
]