[
  {
    "Plan": {
      "Node Type": "Aggregate",
      "Strategy": "Plain",
      "Partial Mode": "Finalize",
      "Parallel Aware": false,
      "Startup Cost": 370881.38,
      "Total Cost": 370881.39,
      "Plan Rows": 1,
      "Plan Width": 8,
      "Actual Startup Time": 93.794,
      "Actual Total Time": 105.344,
      "Actual Rows": 1,
      "Actual Loops": 1,
      "Plans": [
        {
          "Node Type": "Gather",
          "Parent Relationship": "Outer",
          "Parallel Aware": false,
          "Startup Cost": 370880.96,
          "Total Cost": 370881.37,
          "Plan Rows": 4,
          "Plan Width": 8,
          "Actual Startup Time": 93.598,
          "Actual Total Time": 105.335,
          "Actual Rows": 5,
          "Actual Loops": 1,
          "Workers Planned": 4,
          "Workers Launched": 4,
          "Single Copy": false,
          "Plans": [
            {
              "Node Type": "Aggregate",
              "Strategy": "Plain",
              "Partial Mode": "Partial",
              "Parent Relationship": "Outer",
              "Parallel Aware": false,
              "Startup Cost": 369880.96,
              "Total Cost": 369880.97,
              "Plan Rows": 1,
              "Plan Width": 8,
              "Actual Startup Time": 88.202,
              "Actual Total Time": 88.204,
              "Actual Rows": 1,
              "Actual Loops": 5,
              "Plans": [
                {
                  "Node Type": "Nested Loop",
                  "Parent Relationship": "Outer",
                  "Parallel Aware": false,
                  "Join Type": "Inner",
                  "Startup Cost": 0.56,
                  "Total Cost": 369347.44,
                  "Plan Rows": 213406,
                  "Plan Width": 0,
                  "Actual Startup Time": 65.644,
                  "Actual Total Time": 88.191,
                  "Actual Rows": 1,
                  "Actual Loops": 5,
                  "Inner Unique": false,
                  "Plans": [
                    {
                      "Node Type": "Seq Scan",
                      "Parent Relationship": "Outer",
                      "Parallel Aware": true,
                      "Relation Name": "title",
                      "Alias": "t",
                      "Startup Cost": 0.0,
                      "Total Cost": 45479.59,
                      "Plan Rows": 14884,
                      "Plan Width": 4,
                      "Actual Startup Time": 65.546,
                      "Actual Total Time": 88.089,
                      "Actual Rows": 1,
                      "Actual Loops": 5,
                      "Filter": "((production_year < 1926) AND (kind_id = 7))",
                      "Rows Removed by Filter": 505662
                    },
                    {
                      "Node Type": "Index Only Scan",
                      "Parent Relationship": "Inner",
                      "Parallel Aware": false,
                      "Scan Direction": "Forward",
                      "Index Name": "movie_id_cast_info",
                      "Relation Name": "cast_info",
                      "Alias": "ci",
                      "Startup Cost": 0.56,
                      "Total Cost": 21.41,
                      "Plan Rows": 35,
                      "Plan Width": 4,
                      "Actual Startup Time": 0.159,
                      "Actual Total Time": 0.161,
                      "Actual Rows": 1,
                      "Actual Loops": 3,
                      "Index Cond": "(movie_id = t.id)",
                      "Rows Removed by Index Recheck": 0,
                      "Heap Fetches": 3
                    }
                  ]
                }
              ]
            }
          ]
        }
      ]
    },
    "Planning Time": 0.213,
    "Triggers": [],
    "Execution Time": 105.374
  }
]