[
  {
    "Plan": {
      "Node Type": "Aggregate",
      "Strategy": "Plain",
      "Partial Mode": "Finalize",
      "Parallel Aware": false,
      "Startup Cost": 374752.98,
      "Total Cost": 374752.99,
      "Plan Rows": 1,
      "Plan Width": 8,
      "Actual Startup Time": 93.138,
      "Actual Total Time": 107.207,
      "Actual Rows": 1,
      "Actual Loops": 1,
      "Plans": [
        {
          "Node Type": "Gather",
          "Parent Relationship": "Outer",
          "Parallel Aware": false,
          "Startup Cost": 374752.56,
          "Total Cost": 374752.97,
          "Plan Rows": 4,
          "Plan Width": 8,
          "Actual Startup Time": 92.894,
          "Actual Total Time": 107.199,
          "Actual Rows": 5,
          "Actual Loops": 1,
          "Workers Planned": 4,
          "Workers Launched": 4,
          "Single Copy": false,
          "Plans": [
            {
              "Node Type": "Aggregate",
              "Strategy": "Plain",
              "Partial Mode": "Partial",
              "Parent Relationship": "Outer",
              "Parallel Aware": false,
              "Startup Cost": 373752.56,
              "Total Cost": 373752.57,
              "Plan Rows": 1,
              "Plan Width": 8,
              "Actual Startup Time": 82.987,
              "Actual Total Time": 82.989,
              "Actual Rows": 1,
              "Actual Loops": 5,
              "Plans": [
                {
                  "Node Type": "Nested Loop",
                  "Parent Relationship": "Outer",
                  "Parallel Aware": false,
                  "Join Type": "Inner",
                  "Startup Cost": 0.56,
                  "Total Cost": 373193.54,
                  "Plan Rows": 223608,
                  "Plan Width": 0,
                  "Actual Startup Time": 65.4,
                  "Actual Total Time": 82.982,
                  "Actual Rows": 1,
                  "Actual Loops": 5,
                  "Inner Unique": false,
                  "Plans": [
                    {
                      "Node Type": "Seq Scan",
                      "Parent Relationship": "Outer",
                      "Parallel Aware": true,
                      "Relation Name": "title",
                      "Alias": "t",
                      "Startup Cost": 0.0,
                      "Total Cost": 45479.1,
                      "Plan Rows": 15605,
                      "Plan Width": 4,
                      "Actual Startup Time": 65.365,
                      "Actual Total Time": 82.944,
                      "Actual Rows": 1,
                      "Actual Loops": 5,
                      "Filter": "((production_year < 1926) AND (kind_id = 7))",
                      "Rows Removed by Filter": 505662
                    },
                    {
                      "Node Type": "Index Only Scan",
                      "Parent Relationship": "Inner",
                      "Parallel Aware": false,
                      "Scan Direction": "Forward",
                      "Index Name": "movie_id_cast_info",
                      "Relation Name": "cast_info",
                      "Alias": "ci",
                      "Startup Cost": 0.56,
                      "Total Cost": 20.63,
                      "Plan Rows": 37,
                      "Plan Width": 4,
                      "Actual Startup Time": 0.054,
                      "Actual Total Time": 0.055,
                      "Actual Rows": 1,
                      "Actual Loops": 3,
                      "Index Cond": "(movie_id = t.id)",
                      "Rows Removed by Index Recheck": 0,
                      "Heap Fetches": 3
                    }
                  ]
                }
              ]
            }
          ]
        }
      ]
    },
    "Planning Time": 0.652,
    "Triggers": [],
    "Execution Time": 107.275
  }
]