{
  "Plan": {
    "Node Type": "Aggregate",
    "Strategy": "Plain",
    "Partial Mode": "Finalize",
    "Parallel Aware": false,
    "Startup Cost": 214975.42,
    "Total Cost": 214975.43,
    "Plan Rows": 1,
    "Plan Width": 8,
    "Actual Startup Time": 527.202,
    "Actual Total Time": 553.767,
    "Actual Rows": 1,
    "Actual Loops": 1,
    "Plans": [
      {
        "Node Type": "Gather",
        "Parent Relationship": "Outer",
        "Parallel Aware": false,
        "Startup Cost": 214975.31,
        "Total Cost": 214975.42,
        "Plan Rows": 1,
        "Plan Width": 8,
        "Actual Startup Time": 526.968,
        "Actual Total Time": 553.758,
        "Actual Rows": 2,
        "Actual Loops": 1,
        "Workers Planned": 1,
        "Workers Launched": 1,
        "Single Copy": false,
        "Plans": [
          {
            "Node Type": "Aggregate",
            "Strategy": "Plain",
            "Partial Mode": "Partial",
            "Parent Relationship": "Outer",
            "Parallel Aware": false,
            "Startup Cost": 213975.31,
            "Total Cost": 213975.32,
            "Plan Rows": 1,
            "Plan Width": 8,
            "Actual Startup Time": 520.9,
            "Actual Total Time": 520.903,
            "Actual Rows": 1,
            "Actual Loops": 2,
            "Plans": [
              {
                "Node Type": "Nested Loop",
                "Parent Relationship": "Outer",
                "Parallel Aware": false,
                "Join Type": "Inner",
                "Startup Cost": 58664.37,
                "Total Cost": 213227.3,
                "Plan Rows": 299202,
                "Plan Width": 0,
                "Actual Startup Time": 152.352,
                "Actual Total Time": 518.267,
                "Actual Rows": 52176,
                "Actual Loops": 2,
                "Inner Unique": false,
                "Join Filter": "(t.id = mi.movie_id)",
                "Rows Removed by Join Filter": 0,
                "Plans": [
                  {
                    "Node Type": "Hash Join",
                    "Parent Relationship": "Outer",
                    "Parallel Aware": true,
                    "Join Type": "Inner",
                    "Startup Cost": 58663.93,
                    "Total Cost": 116714.77,
                    "Plan Rows": 51169,
                    "Plan Width": 8,
                    "Actual Startup Time": 152.284,
                    "Actual Total Time": 469.092,
                    "Actual Rows": 7377,
                    "Actual Loops": 2,
                    "Inner Unique": true,
                    "Hash Cond": "(mk.movie_id = t.id)",
                    "Plans": [
                      {
                        "Node Type": "Seq Scan",
                        "Parent Relationship": "Outer",
                        "Parallel Aware": true,
                        "Relation Name": "movie_keyword",
                        "Alias": "mk",
                        "Startup Cost": 0.0,
                        "Total Cost": 51065.35,
                        "Plan Rows": 2661135,
                        "Plan Width": 4,
                        "Actual Startup Time": 0.015,
                        "Actual Total Time": 157.235,
                        "Actual Rows": 2261965,
                        "Actual Loops": 2
                      },
                      {
                        "Node Type": "Hash",
                        "Parent Relationship": "Inner",
                        "Parallel Aware": true,
                        "Startup Cost": 58306.47,
                        "Total Cost": 58306.47,
                        "Plan Rows": 28597,
                        "Plan Width": 4,
                        "Actual Startup Time": 150.624,
                        "Actual Total Time": 150.625,
                        "Actual Rows": 22512,
                        "Actual Loops": 2,
                        "Hash Buckets": 65536,
                        "Original Hash Buckets": 65536,
                        "Hash Batches": 1,
                        "Original Hash Batches": 1,
                        "Peak Memory Usage": 2304,
                        "Plans": [
                          {
                            "Node Type": "Seq Scan",
                            "Parent Relationship": "Outer",
                            "Parallel Aware": true,
                            "Relation Name": "title",
                            "Alias": "t",
                            "Startup Cost": 0.0,
                            "Total Cost": 58306.47,
                            "Plan Rows": 28597,
                            "Plan Width": 4,
                            "Actual Startup Time": 0.062,
                            "Actual Total Time": 143.738,
                            "Actual Rows": 22512,
                            "Actual Loops": 2,
                            "Filter": "((kind_id > 1) AND (production_year = 2013))",
                            "Rows Removed by Filter": 1241644
                          }
                        ]
                      }
                    ]
                  },
                  {
                    "Node Type": "Index Only Scan",
                    "Parent Relationship": "Inner",
                    "Parallel Aware": false,
                    "Scan Direction": "Forward",
                    "Index Name": "movie_id_movie_info",
                    "Relation Name": "movie_info",
                    "Alias": "mi",
                    "Startup Cost": 0.43,
                    "Total Cost": 1.36,
                    "Plan Rows": 42,
                    "Plan Width": 4,
                    "Actual Startup Time": 0.003,
                    "Actual Total Time": 0.006,
                    "Actual Rows": 7,
                    "Actual Loops": 14754,
                    "Index Cond": "(movie_id = mk.movie_id)",
                    "Rows Removed by Index Recheck": 0,
                    "Heap Fetches": 104352
                  }
                ]
              }
            ]
          }
        ]
      }
    ]
  },
  "Planning Time": 0.919,
  "Triggers": [],
  "Execution Time": 553.852
}