[
  {
    "Plan": {
      "Node Type": "Aggregate",
      "Strategy": "Plain",
      "Partial Mode": "Finalize",
      "Parallel Aware": false,
      "Startup Cost": 44542.09,
      "Total Cost": 44542.1,
      "Plan Rows": 1,
      "Plan Width": 8,
      "Actual Startup Time": 116.329,
      "Actual Total Time": 124.993,
      "Actual Rows": 1,
      "Actual Loops": 1,
      "Plans": [
        {
          "Node Type": "Gather",
          "Parent Relationship": "Outer",
          "Parallel Aware": false,
          "Startup Cost": 44541.77,
          "Total Cost": 44542.08,
          "Plan Rows": 3,
          "Plan Width": 8,
          "Actual Startup Time": 116.219,
          "Actual Total Time": 124.981,
          "Actual Rows": 4,
          "Actual Loops": 1,
          "Workers Planned": 3,
          "Workers Launched": 3,
          "Single Copy": false,
          "Plans": [
            {
              "Node Type": "Aggregate",
              "Strategy": "Plain",
              "Partial Mode": "Partial",
              "Parent Relationship": "Outer",
              "Parallel Aware": false,
              "Startup Cost": 43541.77,
              "Total Cost": 43541.78,
              "Plan Rows": 1,
              "Plan Width": 8,
              "Actual Startup Time": 110.934,
              "Actual Total Time": 110.935,
              "Actual Rows": 1,
              "Actual Loops": 4,
              "Plans": [
                {
                  "Node Type": "Seq Scan",
                  "Parent Relationship": "Outer",
                  "Parallel Aware": true,
                  "Relation Name": "movie_keyword",
                  "Alias": "mk",
                  "Startup Cost": 0.0,
                  "Total Cost": 42695.65,
                  "Plan Rows": 338448,
                  "Plan Width": 0,
                  "Actual Startup Time": 1.182,
                  "Actual Total Time": 98.489,
                  "Actual Rows": 262332,
                  "Actual Loops": 4,
                  "Filter": "(keyword_id > 16909)",
                  "Rows Removed by Filter": 868650
                }
              ]
            }
          ]
        }
      ]
    },
    "Planning Time": 0.176,
    "Triggers": [],
    "Execution Time": 125.045
  }
]