[
  {
    "Plan": {
      "Node Type": "Aggregate",
      "Strategy": "Plain",
      "Partial Mode": "Finalize",
      "Parallel Aware": false,
      "Startup Cost": 44539.43,
      "Total Cost": 44539.44,
      "Plan Rows": 1,
      "Plan Width": 8,
      "Actual Startup Time": 127.165,
      "Actual Total Time": 136.511,
      "Actual Rows": 1,
      "Actual Loops": 1,
      "Plans": [
        {
          "Node Type": "Gather",
          "Parent Relationship": "Outer",
          "Parallel Aware": false,
          "Startup Cost": 44539.11,
          "Total Cost": 44539.42,
          "Plan Rows": 3,
          "Plan Width": 8,
          "Actual Startup Time": 127.035,
          "Actual Total Time": 136.503,
          "Actual Rows": 4,
          "Actual Loops": 1,
          "Workers Planned": 3,
          "Workers Launched": 3,
          "Single Copy": false,
          "Plans": [
            {
              "Node Type": "Aggregate",
              "Strategy": "Plain",
              "Partial Mode": "Partial",
              "Parent Relationship": "Outer",
              "Parallel Aware": false,
              "Startup Cost": 43539.11,
              "Total Cost": 43539.12,
              "Plan Rows": 1,
              "Plan Width": 8,
              "Actual Startup Time": 121.487,
              "Actual Total Time": 121.488,
              "Actual Rows": 1,
              "Actual Loops": 4,
              "Plans": [
                {
                  "Node Type": "Seq Scan",
                  "Parent Relationship": "Outer",
                  "Parallel Aware": true,
                  "Relation Name": "movie_keyword",
                  "Alias": "mk",
                  "Startup Cost": 0.0,
                  "Total Cost": 42695.65,
                  "Plan Rows": 337382,
                  "Plan Width": 0,
                  "Actual Startup Time": 3.365,
                  "Actual Total Time": 107.91,
                  "Actual Rows": 262332,
                  "Actual Loops": 4,
                  "Filter": "(keyword_id > 16909)",
                  "Rows Removed by Filter": 868650
                }
              ]
            }
          ]
        }
      ]
    },
    "Planning Time": 0.204,
    "Triggers": [],
    "Execution Time": 136.574
  }
]