{
  "Plan": {
    "Node Type": "Aggregate",
    "Strategy": "Plain",
    "Partial Mode": "Finalize",
    "Parallel Aware": false,
    "Startup Cost": 164506.93,
    "Total Cost": 164506.94,
    "Plan Rows": 1,
    "Plan Width": 8,
    "Actual Startup Time": 615.673,
    "Actual Total Time": 640.064,
    "Actual Rows": 1,
    "Actual Loops": 1,
    "Plans": [
      {
        "Node Type": "Gather",
        "Parent Relationship": "Outer",
        "Parallel Aware": false,
        "Startup Cost": 164506.82,
        "Total Cost": 164506.93,
        "Plan Rows": 1,
        "Plan Width": 8,
        "Actual Startup Time": 615.321,
        "Actual Total Time": 640.056,
        "Actual Rows": 2,
        "Actual Loops": 1,
        "Workers Planned": 1,
        "Workers Launched": 1,
        "Single Copy": false,
        "Plans": [
          {
            "Node Type": "Aggregate",
            "Strategy": "Plain",
            "Partial Mode": "Partial",
            "Parent Relationship": "Outer",
            "Parallel Aware": false,
            "Startup Cost": 163506.82,
            "Total Cost": 163506.83,
            "Plan Rows": 1,
            "Plan Width": 8,
            "Actual Startup Time": 609.32,
            "Actual Total Time": 609.328,
            "Actual Rows": 1,
            "Actual Loops": 2,
            "Plans": [
              {
                "Node Type": "Hash Join",
                "Parent Relationship": "Outer",
                "Parallel Aware": true,
                "Join Type": "Inner",
                "Startup Cost": 98242.31,
                "Total Cost": 163287.37,
                "Plan Rows": 87779,
                "Plan Width": 0,
                "Actual Startup Time": 337.086,
                "Actual Total Time": 609.204,
                "Actual Rows": 2236,
                "Actual Loops": 2,
                "Inner Unique": false,
                "Hash Cond": "(mk.movie_id = t.id)",
                "Plans": [
                  {
                    "Node Type": "Seq Scan",
                    "Parent Relationship": "Outer",
                    "Parallel Aware": true,
                    "Relation Name": "movie_keyword",
                    "Alias": "mk",
                    "Startup Cost": 0.0,
                    "Total Cost": 57718.19,
                    "Plan Rows": 1816138,
                    "Plan Width": 4,
                    "Actual Startup Time": 0.023,
                    "Actual Total Time": 189.42,
                    "Actual Rows": 1541624,
                    "Actual Loops": 2,
                    "Filter": "(keyword_id < 11588)",
                    "Rows Removed by Filter": 720342
                  },
                  {
                    "Node Type": "Hash",
                    "Parent Relationship": "Inner",
                    "Parallel Aware": true,
                    "Startup Cost": 97343.79,
                    "Total Cost": 97343.79,
                    "Plan Rows": 71882,
                    "Plan Width": 8,
                    "Actual Startup Time": 332.829,
                    "Actual Total Time": 332.836,
                    "Actual Rows": 3384,
                    "Actual Loops": 2,
                    "Hash Buckets": 131072,
                    "Original Hash Buckets": 131072,
                    "Hash Batches": 1,
                    "Original Hash Batches": 1,
                    "Peak Memory Usage": 1312,
                    "Plans": [
                      {
                        "Node Type": "Hash Join",
                        "Parent Relationship": "Outer",
                        "Parallel Aware": true,
                        "Join Type": "Inner",
                        "Startup Cost": 59177.16,
                        "Total Cost": 97343.79,
                        "Plan Rows": 71882,
                        "Plan Width": 8,
                        "Actual Startup Time": 144.278,
                        "Actual Total Time": 331.595,
                        "Actual Rows": 3384,
                        "Actual Loops": 2,
                        "Inner Unique": true,
                        "Hash Cond": "(mc.movie_id = t.id)",
                        "Plans": [
                          {
                            "Node Type": "Seq Scan",
                            "Parent Relationship": "Outer",
                            "Parallel Aware": true,
                            "Relation Name": "movie_companies",
                            "Alias": "mc",
                            "Startup Cost": 0.0,
                            "Total Cost": 34137.82,
                            "Plan Rows": 1534782,
                            "Plan Width": 4,
                            "Actual Startup Time": 0.018,
                            "Actual Total Time": 93.886,
                            "Actual Rows": 1304564,
                            "Actual Loops": 2
                          },
                          {
                            "Node Type": "Hash",
                            "Parent Relationship": "Inner",
                            "Parallel Aware": true,
                            "Startup Cost": 58306.47,
                            "Total Cost": 58306.47,
                            "Plan Rows": 69655,
                            "Plan Width": 4,
                            "Actual Startup Time": 141.354,
                            "Actual Total Time": 141.355,
                            "Actual Rows": 3750,
                            "Actual Loops": 2,
                            "Hash Buckets": 131072,
                            "Original Hash Buckets": 131072,
                            "Hash Batches": 1,
                            "Original Hash Batches": 1,
                            "Peak Memory Usage": 1344,
                            "Plans": [
                              {
                                "Node Type": "Seq Scan",
                                "Parent Relationship": "Outer",
                                "Parallel Aware": true,
                                "Relation Name": "title",
                                "Alias": "t",
                                "Startup Cost": 0.0,
                                "Total Cost": 58306.47,
                                "Plan Rows": 69655,
                                "Plan Width": 4,
                                "Actual Startup Time": 0.108,
                                "Actual Total Time": 139.437,
                                "Actual Rows": 3750,
                                "Actual Loops": 2,
                                "Filter": "((kind_id > 2) AND (production_year < 1952))",
                                "Rows Removed by Filter": 1260406
                              }
                            ]
                          }
                        ]
                      }
                    ]
                  }
                ]
              }
            ]
          }
        ]
      }
    ]
  },
  "Planning Time": 1.029,
  "Triggers": [],
  "Execution Time": 640.158
}