[
  {
    "Plan": {
      "Node Type": "Aggregate",
      "Strategy": "Plain",
      "Partial Mode": "Finalize",
      "Parallel Aware": false,
      "Startup Cost": 341482.89,
      "Total Cost": 341482.9,
      "Plan Rows": 1,
      "Plan Width": 8,
      "Actual Startup Time": 771.409,
      "Actual Total Time": 836.801,
      "Actual Rows": 1,
      "Actual Loops": 1,
      "Plans": [
        {
          "Node Type": "Gather",
          "Parent Relationship": "Outer",
          "Parallel Aware": false,
          "Startup Cost": 341482.26,
          "Total Cost": 341482.87,
          "Plan Rows": 6,
          "Plan Width": 8,
          "Actual Startup Time": 771.294,
          "Actual Total Time": 836.792,
          "Actual Rows": 7,
          "Actual Loops": 1,
          "Workers Planned": 6,
          "Workers Launched": 6,
          "Single Copy": false,
          "Plans": [
            {
              "Node Type": "Aggregate",
              "Strategy": "Plain",
              "Partial Mode": "Partial",
              "Parent Relationship": "Outer",
              "Parallel Aware": false,
              "Startup Cost": 340482.26,
              "Total Cost": 340482.27,
              "Plan Rows": 1,
              "Plan Width": 8,
              "Actual Startup Time": 762.645,
              "Actual Total Time": 762.646,
              "Actual Rows": 1,
              "Actual Loops": 7,
              "Plans": [
                {
                  "Node Type": "Seq Scan",
                  "Parent Relationship": "Outer",
                  "Parallel Aware": true,
                  "Relation Name": "cast_info",
                  "Alias": "ci",
                  "Startup Cost": 0.0,
                  "Total Cost": 328162.03,
                  "Plan Rows": 4928094,
                  "Plan Width": 0,
                  "Actual Startup Time": 0.045,
                  "Actual Total Time": 594.706,
                  "Actual Rows": 4249480,
                  "Actual Loops": 7,
                  "Filter": "(person_id < 3006940)",
                  "Rows Removed by Filter": 928284
                }
              ]
            }
          ]
        }
      ]
    },
    "Planning Time": 0.164,
    "Triggers": [],
    "Execution Time": 836.869
  }
]