[
  {
    "Plan": {
      "Node Type": "Aggregate",
      "Strategy": "Plain",
      "Partial Mode": "Finalize",
      "Parallel Aware": false,
      "Startup Cost": 63755.61,
      "Total Cost": 63755.62,
      "Plan Rows": 1,
      "Plan Width": 8,
      "Actual Startup Time": 370.781,
      "Actual Total Time": 382.663,
      "Actual Rows": 1,
      "Actual Loops": 1,
      "Plans": [
        {
          "Node Type": "Gather",
          "Parent Relationship": "Outer",
          "Parallel Aware": false,
          "Startup Cost": 63755.39,
          "Total Cost": 63755.6,
          "Plan Rows": 2,
          "Plan Width": 8,
          "Actual Startup Time": 367.997,
          "Actual Total Time": 382.653,
          "Actual Rows": 3,
          "Actual Loops": 1,
          "Workers Planned": 2,
          "Workers Launched": 2,
          "Single Copy": false,
          "Plans": [
            {
              "Node Type": "Aggregate",
              "Strategy": "Plain",
              "Partial Mode": "Partial",
              "Parent Relationship": "Outer",
              "Parallel Aware": false,
              "Startup Cost": 62755.39,
              "Total Cost": 62755.4,
              "Plan Rows": 1,
              "Plan Width": 8,
              "Actual Startup Time": 361.165,
              "Actual Total Time": 361.168,
              "Actual Rows": 1,
              "Actual Loops": 3,
              "Plans": [
                {
                  "Node Type": "Hash Join",
                  "Parent Relationship": "Outer",
                  "Parallel Aware": true,
                  "Join Type": "Inner",
                  "Startup Cost": 46997.13,
                  "Total Cost": 62191.69,
                  "Plan Rows": 225482,
                  "Plan Width": 0,
                  "Actual Startup Time": 223.97,
                  "Actual Total Time": 348.327,
                  "Actual Rows": 318106,
                  "Actual Loops": 3,
                  "Inner Unique": true,
                  "Hash Cond": "(mi_idx.movie_id = t.id)",
                  "Plans": [
                    {
                      "Node Type": "Seq Scan",
                      "Parent Relationship": "Outer",
                      "Parallel Aware": true,
                      "Relation Name": "movie_info_idx",
                      "Alias": "mi_idx",
                      "Startup Cost": 0.0,
                      "Total Cost": 13685.15,
                      "Plan Rows": 575015,
                      "Plan Width": 4,
                      "Actual Startup Time": 0.025,
                      "Actual Total Time": 36.374,
                      "Actual Rows": 460012,
                      "Actual Loops": 3
                    },
                    {
                      "Node Type": "Hash",
                      "Parent Relationship": "Inner",
                      "Parallel Aware": true,
                      "Startup Cost": 43898.92,
                      "Total Cost": 43898.92,
                      "Plan Rows": 247857,
                      "Plan Width": 4,
                      "Actual Startup Time": 217.306,
                      "Actual Total Time": 217.307,
                      "Actual Rows": 328349,
                      "Actual Loops": 3,
                      "Hash Buckets": 1048576,
                      "Original Hash Buckets": 1048576,
                      "Hash Batches": 1,
                      "Original Hash Batches": 1,
                      "Peak Memory Usage": 46752,
                      "Plans": [
                        {
                          "Node Type": "Seq Scan",
                          "Parent Relationship": "Outer",
                          "Parallel Aware": true,
                          "Relation Name": "title",
                          "Alias": "t",
                          "Startup Cost": 0.0,
                          "Total Cost": 43898.92,
                          "Plan Rows": 247857,
                          "Plan Width": 4,
                          "Actual Startup Time": 0.043,
                          "Actual Total Time": 123.412,
                          "Actual Rows": 328349,
                          "Actual Loops": 3,
                          "Filter": "(kind_id < 7)",
                          "Rows Removed by Filter": 514421
                        }
                      ]
                    }
                  ]
                }
              ]
            }
          ]
        }
      ]
    },
    "Planning Time": 0.57,
    "Triggers": [],
    "Execution Time": 382.739
  }
]