{
  "Plan": {
    "Node Type": "Aggregate",
    "Strategy": "Plain",
    "Partial Mode": "Finalize",
    "Parallel Aware": false,
    "Startup Cost": 76481.94,
    "Total Cost": 76481.95,
    "Plan Rows": 1,
    "Plan Width": 8,
    "Actual Startup Time": 172.843,
    "Actual Total Time": 181.1,
    "Actual Rows": 1,
    "Actual Loops": 1,
    "Plans": [
      {
        "Node Type": "Gather",
        "Parent Relationship": "Outer",
        "Parallel Aware": false,
        "Startup Cost": 76481.83,
        "Total Cost": 76481.94,
        "Plan Rows": 1,
        "Plan Width": 8,
        "Actual Startup Time": 172.567,
        "Actual Total Time": 181.093,
        "Actual Rows": 2,
        "Actual Loops": 1,
        "Workers Planned": 1,
        "Workers Launched": 1,
        "Single Copy": false,
        "Plans": [
          {
            "Node Type": "Aggregate",
            "Strategy": "Plain",
            "Partial Mode": "Partial",
            "Parent Relationship": "Outer",
            "Parallel Aware": false,
            "Startup Cost": 75481.83,
            "Total Cost": 75481.84,
            "Plan Rows": 1,
            "Plan Width": 8,
            "Actual Startup Time": 166.578,
            "Actual Total Time": 166.582,
            "Actual Rows": 1,
            "Actual Loops": 2,
            "Plans": [
              {
                "Node Type": "Hash Join",
                "Parent Relationship": "Outer",
                "Parallel Aware": true,
                "Join Type": "Inner",
                "Startup Cost": 51724.95,
                "Total Cost": 75464.29,
                "Plan Rows": 7015,
                "Plan Width": 0,
                "Actual Startup Time": 118.254,
                "Actual Total Time": 166.502,
                "Actual Rows": 851,
                "Actual Loops": 2,
                "Inner Unique": true,
                "Hash Cond": "(mc.movie_id = t.id)",
                "Plans": [
                  {
                    "Node Type": "Bitmap Heap Scan",
                    "Parent Relationship": "Outer",
                    "Parallel Aware": true,
                    "Relation Name": "movie_companies",
                    "Alias": "mc",
                    "Startup Cost": 12055.68,
                    "Total Cost": 34936.05,
                    "Plan Rows": 327229,
                    "Plan Width": 4,
                    "Actual Startup Time": 23.901,
                    "Actual Total Time": 76.482,
                    "Actual Rows": 274820,
                    "Actual Loops": 2,
                    "Recheck Cond": "(company_id < 561)",
                    "Rows Removed by Index Recheck": 0,
                    "Exact Heap Blocks": 11070,
                    "Lossy Heap Blocks": 0,
                    "Plans": [
                      {
                        "Node Type": "Bitmap Index Scan",
                        "Parent Relationship": "Outer",
                        "Parallel Aware": false,
                        "Index Name": "company_id_movie_companies",
                        "Startup Cost": 0.0,
                        "Total Cost": 11916.6,
                        "Plan Rows": 556290,
                        "Plan Width": 0,
                        "Actual Startup Time": 21.078,
                        "Actual Total Time": 21.079,
                        "Actual Rows": 549639,
                        "Actual Loops": 1,
                        "Index Cond": "(company_id < 561)"
                      }
                    ]
                  },
                  {
                    "Node Type": "Hash",
                    "Parent Relationship": "Inner",
                    "Parallel Aware": true,
                    "Startup Cost": 39270.73,
                    "Total Cost": 39270.73,
                    "Plan Rows": 31883,
                    "Plan Width": 4,
                    "Actual Startup Time": 57.024,
                    "Actual Total Time": 57.025,
                    "Actual Rows": 17302,
                    "Actual Loops": 2,
                    "Hash Buckets": 65536,
                    "Original Hash Buckets": 65536,
                    "Hash Batches": 1,
                    "Original Hash Batches": 1,
                    "Peak Memory Usage": 1888,
                    "Plans": [
                      {
                        "Node Type": "Bitmap Heap Scan",
                        "Parent Relationship": "Outer",
                        "Parallel Aware": true,
                        "Relation Name": "title",
                        "Alias": "t",
                        "Startup Cost": 2194.49,
                        "Total Cost": 39270.73,
                        "Plan Rows": 31883,
                        "Plan Width": 4,
                        "Actual Startup Time": 16.233,
                        "Actual Total Time": 52.162,
                        "Actual Rows": 17302,
                        "Actual Loops": 2,
                        "Recheck Cond": "(kind_id = 4)",
                        "Rows Removed by Index Recheck": 0,
                        "Filter": "(production_year < 2002)",
                        "Rows Removed by Filter": 41814,
                        "Exact Heap Blocks": 10697,
                        "Lossy Heap Blocks": 0,
                        "Plans": [
                          {
                            "Node Type": "Bitmap Index Scan",
                            "Parent Relationship": "Outer",
                            "Parallel Aware": false,
                            "Index Name": "kind_id_title",
                            "Startup Cost": 0.0,
                            "Total Cost": 2180.94,
                            "Plan Rows": 122201,
                            "Plan Width": 0,
                            "Actual Startup Time": 16.504,
                            "Actual Total Time": 16.504,
                            "Actual Rows": 118234,
                            "Actual Loops": 1,
                            "Index Cond": "(kind_id = 4)"
                          }
                        ]
                      }
                    ]
                  }
                ]
              }
            ]
          }
        ]
      }
    ]
  },
  "Planning Time": 0.478,
  "Triggers": [],
  "Execution Time": 181.246
}