[
  {
    "Plan": {
      "Node Type": "Aggregate",
      "Strategy": "Plain",
      "Partial Mode": "Finalize",
      "Parallel Aware": false,
      "Startup Cost": 331264.01,
      "Total Cost": 331264.02,
      "Plan Rows": 1,
      "Plan Width": 8,
      "Actual Startup Time": 606.924,
      "Actual Total Time": 665.977,
      "Actual Rows": 1,
      "Actual Loops": 1,
      "Plans": [
        {
          "Node Type": "Gather",
          "Parent Relationship": "Outer",
          "Parallel Aware": false,
          "Startup Cost": 331263.38,
          "Total Cost": 331263.99,
          "Plan Rows": 6,
          "Plan Width": 8,
          "Actual Startup Time": 606.814,
          "Actual Total Time": 665.967,
          "Actual Rows": 7,
          "Actual Loops": 1,
          "Workers Planned": 6,
          "Workers Launched": 6,
          "Single Copy": false,
          "Plans": [
            {
              "Node Type": "Aggregate",
              "Strategy": "Plain",
              "Partial Mode": "Partial",
              "Parent Relationship": "Outer",
              "Parallel Aware": false,
              "Startup Cost": 330263.38,
              "Total Cost": 330263.39,
              "Plan Rows": 1,
              "Plan Width": 8,
              "Actual Startup Time": 596.937,
              "Actual Total Time": 596.938,
              "Actual Rows": 1,
              "Actual Loops": 7,
              "Plans": [
                {
                  "Node Type": "Seq Scan",
                  "Parent Relationship": "Outer",
                  "Parallel Aware": true,
                  "Relation Name": "cast_info",
                  "Alias": "ci",
                  "Startup Cost": 0.0,
                  "Total Cost": 328162.03,
                  "Plan Rows": 840543,
                  "Plan Width": 0,
                  "Actual Startup Time": 399.703,
                  "Actual Total Time": 565.833,
                  "Actual Rows": 696540,
                  "Actual Loops": 7,
                  "Filter": "(person_id > 3186673)",
                  "Rows Removed by Filter": 4481223
                }
              ]
            }
          ]
        }
      ]
    },
    "Planning Time": 0.203,
    "Triggers": [],
    "Execution Time": 666.052
  }
]