[
  {
    "Plan": {
      "Node Type": "Aggregate",
      "Strategy": "Plain",
      "Partial Mode": "Finalize",
      "Parallel Aware": false,
      "Startup Cost": 33434.75,
      "Total Cost": 33434.76,
      "Plan Rows": 1,
      "Plan Width": 8,
      "Actual Startup Time": 114.006,
      "Actual Total Time": 121.728,
      "Actual Rows": 1,
      "Actual Loops": 1,
      "Plans": [
        {
          "Node Type": "Gather",
          "Parent Relationship": "Outer",
          "Parallel Aware": false,
          "Startup Cost": 33434.43,
          "Total Cost": 33434.74,
          "Plan Rows": 3,
          "Plan Width": 8,
          "Actual Startup Time": 113.863,
          "Actual Total Time": 121.719,
          "Actual Rows": 4,
          "Actual Loops": 1,
          "Workers Planned": 3,
          "Workers Launched": 3,
          "Single Copy": false,
          "Plans": [
            {
              "Node Type": "Aggregate",
              "Strategy": "Plain",
              "Partial Mode": "Partial",
              "Parent Relationship": "Outer",
              "Parallel Aware": false,
              "Startup Cost": 32434.43,
              "Total Cost": 32434.44,
              "Plan Rows": 1,
              "Plan Width": 8,
              "Actual Startup Time": 104.934,
              "Actual Total Time": 104.935,
              "Actual Rows": 1,
              "Actual Loops": 4,
              "Plans": [
                {
                  "Node Type": "Seq Scan",
                  "Parent Relationship": "Outer",
                  "Parallel Aware": true,
                  "Relation Name": "movie_companies",
                  "Alias": "mc",
                  "Startup Cost": 0.0,
                  "Total Cost": 31414.82,
                  "Plan Rows": 407845,
                  "Plan Width": 0,
                  "Actual Startup Time": 52.031,
                  "Actual Total Time": 91.609,
                  "Actual Rows": 300643,
                  "Actual Loops": 4,
                  "Filter": "((company_id < 140112) AND (company_type_id = 2))",
                  "Rows Removed by Filter": 351639
                }
              ]
            }
          ]
        }
      ]
    },
    "Planning Time": 0.197,
    "Triggers": [],
    "Execution Time": 121.781
  }
]