[
  {
    "Plan": {
      "Node Type": "Aggregate",
      "Strategy": "Plain",
      "Partial Mode": "Finalize",
      "Parallel Aware": false,
      "Startup Cost": 33427.83,
      "Total Cost": 33427.84,
      "Plan Rows": 1,
      "Plan Width": 8,
      "Actual Startup Time": 107.517,
      "Actual Total Time": 115.382,
      "Actual Rows": 1,
      "Actual Loops": 1,
      "Plans": [
        {
          "Node Type": "Gather",
          "Parent Relationship": "Outer",
          "Parallel Aware": false,
          "Startup Cost": 33427.51,
          "Total Cost": 33427.82,
          "Plan Rows": 3,
          "Plan Width": 8,
          "Actual Startup Time": 107.417,
          "Actual Total Time": 115.375,
          "Actual Rows": 4,
          "Actual Loops": 1,
          "Workers Planned": 3,
          "Workers Launched": 3,
          "Single Copy": false,
          "Plans": [
            {
              "Node Type": "Aggregate",
              "Strategy": "Plain",
              "Partial Mode": "Partial",
              "Parent Relationship": "Outer",
              "Parallel Aware": false,
              "Startup Cost": 32427.51,
              "Total Cost": 32427.52,
              "Plan Rows": 1,
              "Plan Width": 8,
              "Actual Startup Time": 100.03,
              "Actual Total Time": 100.031,
              "Actual Rows": 1,
              "Actual Loops": 4,
              "Plans": [
                {
                  "Node Type": "Seq Scan",
                  "Parent Relationship": "Outer",
                  "Parallel Aware": true,
                  "Relation Name": "movie_companies",
                  "Alias": "mc",
                  "Startup Cost": 0.0,
                  "Total Cost": 31414.82,
                  "Plan Rows": 405078,
                  "Plan Width": 0,
                  "Actual Startup Time": 48.878,
                  "Actual Total Time": 87.256,
                  "Actual Rows": 300643,
                  "Actual Loops": 4,
                  "Filter": "((company_id < 140112) AND (company_type_id = 2))",
                  "Rows Removed by Filter": 351639
                }
              ]
            }
          ]
        }
      ]
    },
    "Planning Time": 0.217,
    "Triggers": [],
    "Execution Time": 115.436
  }
]