[
  {
    "Plan": {
      "Node Type": "Aggregate",
      "Strategy": "Plain",
      "Partial Mode": "Finalize",
      "Parallel Aware": false,
      "Startup Cost": 128562.87,
      "Total Cost": 128562.88,
      "Plan Rows": 1,
      "Plan Width": 8,
      "Actual Startup Time": 577.608,
      "Actual Total Time": 597.161,
      "Actual Rows": 1,
      "Actual Loops": 1,
      "Plans": [
        {
          "Node Type": "Gather",
          "Parent Relationship": "Outer",
          "Parallel Aware": false,
          "Startup Cost": 128562.55,
          "Total Cost": 128562.86,
          "Plan Rows": 3,
          "Plan Width": 8,
          "Actual Startup Time": 572.463,
          "Actual Total Time": 597.148,
          "Actual Rows": 4,
          "Actual Loops": 1,
          "Workers Planned": 3,
          "Workers Launched": 3,
          "Single Copy": false,
          "Plans": [
            {
              "Node Type": "Aggregate",
              "Strategy": "Plain",
              "Partial Mode": "Partial",
              "Parent Relationship": "Outer",
              "Parallel Aware": false,
              "Startup Cost": 127562.55,
              "Total Cost": 127562.56,
              "Plan Rows": 1,
              "Plan Width": 8,
              "Actual Startup Time": 566.186,
              "Actual Total Time": 566.413,
              "Actual Rows": 1,
              "Actual Loops": 4,
              "Plans": [
                {
                  "Node Type": "Hash Join",
                  "Parent Relationship": "Outer",
                  "Parallel Aware": true,
                  "Join Type": "Inner",
                  "Startup Cost": 81893.07,
                  "Total Cost": 127060.59,
                  "Plan Rows": 200787,
                  "Plan Width": 0,
                  "Actual Startup Time": 372.069,
                  "Actual Total Time": 562.441,
                  "Actual Rows": 85660,
                  "Actual Loops": 4,
                  "Inner Unique": false,
                  "Hash Cond": "(mk.movie_id = t.id)",
                  "Plans": [
                    {
                      "Node Type": "Seq Scan",
                      "Parent Relationship": "Outer",
                      "Parallel Aware": true,
                      "Relation Name": "movie_keyword",
                      "Alias": "mk",
                      "Startup Cost": 0.0,
                      "Total Cost": 39047.32,
                      "Plan Rows": 1459332,
                      "Plan Width": 4,
                      "Actual Startup Time": 0.035,
                      "Actual Total Time": 91.929,
                      "Actual Rows": 1130982,
                      "Actual Loops": 4
                    },
                    {
                      "Node Type": "Hash",
                      "Parent Relationship": "Inner",
                      "Parallel Aware": true,
                      "Startup Cost": 80490.32,
                      "Total Cost": 80490.32,
                      "Plan Rows": 112220,
                      "Plan Width": 8,
                      "Actual Startup Time": 369.641,
                      "Actual Total Time": 369.866,
                      "Actual Rows": 37802,
                      "Actual Loops": 4,
                      "Hash Buckets": 524288,
                      "Original Hash Buckets": 524288,
                      "Hash Batches": 1,
                      "Original Hash Batches": 1,
                      "Peak Memory Usage": 10048,
                      "Plans": [
                        {
                          "Node Type": "Hash Join",
                          "Parent Relationship": "Outer",
                          "Parallel Aware": true,
                          "Join Type": "Inner",
                          "Startup Cost": 48228.91,
                          "Total Cost": 80490.32,
                          "Plan Rows": 112220,
                          "Plan Width": 8,
                          "Actual Startup Time": 236.729,
                          "Actual Total Time": 355.33,
                          "Actual Rows": 37802,
                          "Actual Loops": 4,
                          "Inner Unique": true,
                          "Hash Cond": "(mc.movie_id = t.id)",
                          "Plans": [
                            {
                              "Node Type": "Seq Scan",
                              "Parent Relationship": "Outer",
                              "Parallel Aware": true,
                              "Relation Name": "movie_companies",
                              "Alias": "mc",
                              "Startup Cost": 0.0,
                              "Total Cost": 31414.82,
                              "Plan Rows": 322510,
                              "Plan Width": 4,
                              "Actual Startup Time": 33.412,
                              "Actual Total Time": 74.585,
                              "Actual Rows": 288166,
                              "Actual Loops": 4,
                              "Filter": "((company_id > 862) AND (company_type_id > 1))",
                              "Rows Removed by Filter": 364116
                            },
                            {
                              "Node Type": "Hash",
                              "Parent Relationship": "Inner",
                              "Parallel Aware": true,
                              "Startup Cost": 45479.59,
                              "Total Cost": 45479.59,
                              "Plan Rows": 219946,
                              "Plan Width": 4,
                              "Actual Startup Time": 200.553,
                              "Actual Total Time": 200.555,
                              "Actual Rows": 239325,
                              "Actual Loops": 4,
                              "Hash Buckets": 1048576,
                              "Original Hash Buckets": 1048576,
                              "Hash Batches": 1,
                              "Original Hash Batches": 1,
                              "Peak Memory Usage": 45728,
                              "Plans": [
                                {
                                  "Node Type": "Seq Scan",
                                  "Parent Relationship": "Outer",
                                  "Parallel Aware": true,
                                  "Relation Name": "title",
                                  "Alias": "t",
                                  "Startup Cost": 0.0,
                                  "Total Cost": 45479.59,
                                  "Plan Rows": 219946,
                                  "Plan Width": 4,
                                  "Actual Startup Time": 0.032,
                                  "Actual Total Time": 110.645,
                                  "Actual Rows": 239325,
                                  "Actual Loops": 4,
                                  "Filter": "((production_year > 1999) AND (kind_id = 7))",
                                  "Rows Removed by Filter": 392753
                                }
                              ]
                            }
                          ]
                        }
                      ]
                    }
                  ]
                }
              ]
            }
          ]
        }
      ]
    },
    "Planning Time": 0.965,
    "Triggers": [],
    "Execution Time": 597.224
  }
]