{
  "Plan": {
    "Node Type": "Aggregate",
    "Strategy": "Plain",
    "Partial Mode": "Finalize",
    "Parallel Aware": false,
    "Startup Cost": 103138.45,
    "Total Cost": 103138.46,
    "Plan Rows": 1,
    "Plan Width": 8,
    "Actual Startup Time": 511.386,
    "Actual Total Time": 527.399,
    "Actual Rows": 1,
    "Actual Loops": 1,
    "Plans": [
      {
        "Node Type": "Gather",
        "Parent Relationship": "Outer",
        "Parallel Aware": false,
        "Startup Cost": 103138.33,
        "Total Cost": 103138.44,
        "Plan Rows": 1,
        "Plan Width": 8,
        "Actual Startup Time": 509.839,
        "Actual Total Time": 527.386,
        "Actual Rows": 2,
        "Actual Loops": 1,
        "Workers Planned": 1,
        "Workers Launched": 1,
        "Single Copy": false,
        "Plans": [
          {
            "Node Type": "Aggregate",
            "Strategy": "Plain",
            "Partial Mode": "Partial",
            "Parent Relationship": "Outer",
            "Parallel Aware": false,
            "Startup Cost": 102138.33,
            "Total Cost": 102138.34,
            "Plan Rows": 1,
            "Plan Width": 8,
            "Actual Startup Time": 504.141,
            "Actual Total Time": 504.155,
            "Actual Rows": 1,
            "Actual Loops": 2,
            "Plans": [
              {
                "Node Type": "Hash Join",
                "Parent Relationship": "Outer",
                "Parallel Aware": true,
                "Join Type": "Inner",
                "Startup Cost": 61823.03,
                "Total Cost": 101781.05,
                "Plan Rows": 142915,
                "Plan Width": 0,
                "Actual Startup Time": 258.735,
                "Actual Total Time": 502.124,
                "Actual Rows": 44907,
                "Actual Loops": 2,
                "Inner Unique": true,
                "Hash Cond": "(mc.movie_id = t.id)",
                "Plans": [
                  {
                    "Node Type": "Seq Scan",
                    "Parent Relationship": "Outer",
                    "Parallel Aware": true,
                    "Relation Name": "movie_companies",
                    "Alias": "mc",
                    "Startup Cost": 0.0,
                    "Total Cost": 37974.77,
                    "Plan Rows": 755522,
                    "Plan Width": 4,
                    "Actual Startup Time": 0.017,
                    "Actual Total Time": 127.362,
                    "Actual Rows": 637123,
                    "Actual Loops": 2,
                    "Filter": "(company_type_id = 1)",
                    "Rows Removed by Filter": 667442
                  },
                  {
                    "Node Type": "Hash",
                    "Parent Relationship": "Inner",
                    "Parallel Aware": true,
                    "Startup Cost": 58306.47,
                    "Total Cost": 58306.47,
                    "Plan Rows": 281325,
                    "Plan Width": 4,
                    "Actual Startup Time": 252.918,
                    "Actual Total Time": 252.926,
                    "Actual Rows": 259164,
                    "Actual Loops": 2,
                    "Hash Buckets": 524288,
                    "Original Hash Buckets": 524288,
                    "Hash Batches": 1,
                    "Original Hash Batches": 1,
                    "Peak Memory Usage": 24384,
                    "Plans": [
                      {
                        "Node Type": "Seq Scan",
                        "Parent Relationship": "Outer",
                        "Parallel Aware": true,
                        "Relation Name": "title",
                        "Alias": "t",
                        "Startup Cost": 0.0,
                        "Total Cost": 58306.47,
                        "Plan Rows": 281325,
                        "Plan Width": 4,
                        "Actual Startup Time": 0.03,
                        "Actual Total Time": 171.283,
                        "Actual Rows": 259164,
                        "Actual Loops": 2,
                        "Filter": "((production_year > 2007) AND (kind_id = 7))",
                        "Rows Removed by Filter": 1004992
                      }
                    ]
                  }
                ]
              }
            ]
          }
        ]
      }
    ]
  },
  "Planning Time": 0.685,
  "Triggers": [],
  "Execution Time": 527.485
}