[
  {
    "Plan": {
      "Node Type": "Aggregate",
      "Strategy": "Plain",
      "Partial Mode": "Finalize",
      "Parallel Aware": false,
      "Startup Cost": 45525.41,
      "Total Cost": 45525.42,
      "Plan Rows": 1,
      "Plan Width": 8,
      "Actual Startup Time": 152.844,
      "Actual Total Time": 163.111,
      "Actual Rows": 1,
      "Actual Loops": 1,
      "Plans": [
        {
          "Node Type": "Gather",
          "Parent Relationship": "Outer",
          "Parallel Aware": false,
          "Startup Cost": 45525.09,
          "Total Cost": 45525.4,
          "Plan Rows": 3,
          "Plan Width": 8,
          "Actual Startup Time": 152.665,
          "Actual Total Time": 163.101,
          "Actual Rows": 4,
          "Actual Loops": 1,
          "Workers Planned": 3,
          "Workers Launched": 3,
          "Single Copy": false,
          "Plans": [
            {
              "Node Type": "Aggregate",
              "Strategy": "Plain",
              "Partial Mode": "Partial",
              "Parent Relationship": "Outer",
              "Parallel Aware": false,
              "Startup Cost": 44525.09,
              "Total Cost": 44525.1,
              "Plan Rows": 1,
              "Plan Width": 8,
              "Actual Startup Time": 146.599,
              "Actual Total Time": 146.601,
              "Actual Rows": 1,
              "Actual Loops": 4,
              "Plans": [
                {
                  "Node Type": "Seq Scan",
                  "Parent Relationship": "Outer",
                  "Parallel Aware": true,
                  "Relation Name": "movie_keyword",
                  "Alias": "mk",
                  "Startup Cost": 0.0,
                  "Total Cost": 42695.65,
                  "Plan Rows": 731775,
                  "Plan Width": 0,
                  "Actual Startup Time": 0.326,
                  "Actual Total Time": 118.822,
                  "Actual Rows": 563284,
                  "Actual Loops": 4,
                  "Filter": "(keyword_id > 4768)",
                  "Rows Removed by Filter": 567698
                }
              ]
            }
          ]
        }
      ]
    },
    "Planning Time": 0.181,
    "Triggers": [],
    "Execution Time": 163.168
  }
]