[
  {
    "Plan": {
      "Node Type": "Aggregate",
      "Strategy": "Plain",
      "Partial Mode": "Finalize",
      "Parallel Aware": false,
      "Startup Cost": 44962.49,
      "Total Cost": 44962.5,
      "Plan Rows": 1,
      "Plan Width": 8,
      "Actual Startup Time": 145.631,
      "Actual Total Time": 155.128,
      "Actual Rows": 1,
      "Actual Loops": 1,
      "Plans": [
        {
          "Node Type": "Gather",
          "Parent Relationship": "Outer",
          "Parallel Aware": false,
          "Startup Cost": 44962.17,
          "Total Cost": 44962.48,
          "Plan Rows": 3,
          "Plan Width": 8,
          "Actual Startup Time": 145.49,
          "Actual Total Time": 155.118,
          "Actual Rows": 4,
          "Actual Loops": 1,
          "Workers Planned": 3,
          "Workers Launched": 3,
          "Single Copy": false,
          "Plans": [
            {
              "Node Type": "Aggregate",
              "Strategy": "Plain",
              "Partial Mode": "Partial",
              "Parent Relationship": "Outer",
              "Parallel Aware": false,
              "Startup Cost": 43962.17,
              "Total Cost": 43962.18,
              "Plan Rows": 1,
              "Plan Width": 8,
              "Actual Startup Time": 138.618,
              "Actual Total Time": 138.62,
              "Actual Rows": 1,
              "Actual Loops": 4,
              "Plans": [
                {
                  "Node Type": "Seq Scan",
                  "Parent Relationship": "Outer",
                  "Parallel Aware": true,
                  "Relation Name": "movie_keyword",
                  "Alias": "mk",
                  "Startup Cost": 0.0,
                  "Total Cost": 42695.65,
                  "Plan Rows": 506608,
                  "Plan Width": 0,
                  "Actual Startup Time": 0.052,
                  "Actual Total Time": 117.31,
                  "Actual Rows": 392150,
                  "Actual Loops": 4,
                  "Filter": "(keyword_id < 2360)",
                  "Rows Removed by Filter": 738832
                }
              ]
            }
          ]
        }
      ]
    },
    "Planning Time": 0.094,
    "Triggers": [],
    "Execution Time": 155.157
  }
]