{
  "Plan": {
    "Node Type": "Aggregate",
    "Strategy": "Plain",
    "Partial Mode": "Finalize",
    "Parallel Aware": false,
    "Startup Cost": 514012.74,
    "Total Cost": 514012.75,
    "Plan Rows": 1,
    "Plan Width": 8,
    "Actual Startup Time": 3501.541,
    "Actual Total Time": 3531.081,
    "Actual Rows": 1,
    "Actual Loops": 1,
    "Plans": [
      {
        "Node Type": "Gather",
        "Parent Relationship": "Outer",
        "Parallel Aware": false,
        "Startup Cost": 514012.62,
        "Total Cost": 514012.73,
        "Plan Rows": 1,
        "Plan Width": 8,
        "Actual Startup Time": 3490.97,
        "Actual Total Time": 3531.073,
        "Actual Rows": 2,
        "Actual Loops": 1,
        "Workers Planned": 1,
        "Workers Launched": 1,
        "Single Copy": false,
        "Plans": [
          {
            "Node Type": "Aggregate",
            "Strategy": "Plain",
            "Partial Mode": "Partial",
            "Parent Relationship": "Outer",
            "Parallel Aware": false,
            "Startup Cost": 513012.62,
            "Total Cost": 513012.63,
            "Plan Rows": 1,
            "Plan Width": 8,
            "Actual Startup Time": 3485.088,
            "Actual Total Time": 3485.094,
            "Actual Rows": 1,
            "Actual Loops": 2,
            "Plans": [
              {
                "Node Type": "Merge Join",
                "Parent Relationship": "Outer",
                "Parallel Aware": false,
                "Join Type": "Inner",
                "Startup Cost": 371403.79,
                "Total Cost": 511992.71,
                "Plan Rows": 407964,
                "Plan Width": 0,
                "Actual Startup Time": 1762.767,
                "Actual Total Time": 3178.412,
                "Actual Rows": 7816653,
                "Actual Loops": 2,
                "Inner Unique": false,
                "Merge Cond": "(mc.movie_id = t.id)",
                "Plans": [
                  {
                    "Node Type": "Index Only Scan",
                    "Parent Relationship": "Outer",
                    "Parallel Aware": true,
                    "Scan Direction": "Forward",
                    "Index Name": "movie_id_movie_companies",
                    "Relation Name": "movie_companies",
                    "Alias": "mc",
                    "Startup Cost": 0.43,
                    "Total Cost": 129315.97,
                    "Plan Rows": 1534782,
                    "Plan Width": 4,
                    "Actual Startup Time": 0.111,
                    "Actual Total Time": 330.397,
                    "Actual Rows": 1304564,
                    "Actual Loops": 2,
                    "Heap Fetches": 2609129
                  },
                  {
                    "Node Type": "Sort",
                    "Parent Relationship": "Inner",
                    "Parallel Aware": false,
                    "Startup Cost": 371403.29,
                    "Total Cost": 373083.42,
                    "Plan Rows": 672051,
                    "Plan Width": 8,
                    "Actual Startup Time": 1762.611,
                    "Actual Total Time": 2080.407,
                    "Actual Rows": 8582773,
                    "Actual Loops": 2,
                    "Sort Key": [
                      "t.id"
                    ],
                    "Sort Method": "quicksort",
                    "Sort Space Used": 116643,
                    "Sort Space Type": "Memory",
                    "Workers": [
                      {
                        "Worker Number": 0,
                        "Sort Method": "quicksort",
                        "Sort Space Used": 116643,
                        "Sort Space Type": "Memory"
                      }
                    ],
                    "Plans": [
                      {
                        "Node Type": "Hash Join",
                        "Parent Relationship": "Outer",
                        "Parallel Aware": false,
                        "Join Type": "Inner",
                        "Startup Cost": 114928.16,
                        "Total Cost": 306354.77,
                        "Plan Rows": 672051,
                        "Plan Width": 8,
                        "Actual Startup Time": 587.65,
                        "Actual Total Time": 1412.944,
                        "Actual Rows": 1439804,
                        "Actual Loops": 2,
                        "Inner Unique": true,
                        "Hash Cond": "(mi.movie_id = t.id)",
                        "Plans": [
                          {
                            "Node Type": "Bitmap Heap Scan",
                            "Parent Relationship": "Outer",
                            "Parallel Aware": false,
                            "Relation Name": "movie_info",
                            "Alias": "mi",
                            "Startup Cost": 35254.11,
                            "Total Cost": 221572.4,
                            "Plan Rows": 1946023,
                            "Plan Width": 4,
                            "Actual Startup Time": 101.668,
                            "Actual Total Time": 368.564,
                            "Actual Rows": 1865632,
                            "Actual Loops": 2,
                            "Recheck Cond": "(info_type_id > 17)",
                            "Rows Removed by Index Recheck": 0,
                            "Exact Heap Blocks": 41042,
                            "Lossy Heap Blocks": 0,
                            "Plans": [
                              {
                                "Node Type": "Bitmap Index Scan",
                                "Parent Relationship": "Outer",
                                "Parallel Aware": false,
                                "Index Name": "info_type_id_movie_info",
                                "Startup Cost": 0.0,
                                "Total Cost": 34767.61,
                                "Plan Rows": 1946023,
                                "Plan Width": 0,
                                "Actual Startup Time": 94.349,
                                "Actual Total Time": 94.349,
                                "Actual Rows": 1865632,
                                "Actual Loops": 2,
                                "Index Cond": "(info_type_id > 17)"
                              }
                            ]
                          },
                          {
                            "Node Type": "Hash",
                            "Parent Relationship": "Inner",
                            "Parallel Aware": false,
                            "Startup Cost": 68759.84,
                            "Total Cost": 68759.84,
                            "Plan Rows": 873136,
                            "Plan Width": 4,
                            "Actual Startup Time": 482.456,
                            "Actual Total Time": 482.458,
                            "Actual Rows": 896788,
                            "Actual Loops": 2,
                            "Hash Buckets": 1048576,
                            "Original Hash Buckets": 1048576,
                            "Hash Batches": 1,
                            "Original Hash Batches": 1,
                            "Peak Memory Usage": 39720,
                            "Plans": [
                              {
                                "Node Type": "Bitmap Heap Scan",
                                "Parent Relationship": "Outer",
                                "Parallel Aware": false,
                                "Relation Name": "title",
                                "Alias": "t",
                                "Startup Cost": 17890.42,
                                "Total Cost": 68759.84,
                                "Plan Rows": 873136,
                                "Plan Width": 4,
                                "Actual Startup Time": 48.503,
                                "Actual Total Time": 278.752,
                                "Actual Rows": 896788,
                                "Actual Loops": 2,
                                "Recheck Cond": "(kind_id < 7)",
                                "Rows Removed by Index Recheck": 0,
                                "Filter": "(production_year < 2012)",
                                "Rows Removed by Filter": 88260,
                                "Exact Heap Blocks": 35472,
                                "Lossy Heap Blocks": 0,
                                "Plans": [
                                  {
                                    "Node Type": "Bitmap Index Scan",
                                    "Parent Relationship": "Outer",
                                    "Parallel Aware": false,
                                    "Index Name": "kind_id_title",
                                    "Startup Cost": 0.0,
                                    "Total Cost": 17672.14,
                                    "Plan Rows": 991428,
                                    "Plan Width": 0,
                                    "Actual Startup Time": 42.139,
                                    "Actual Total Time": 42.14,
                                    "Actual Rows": 985048,
                                    "Actual Loops": 2,
                                    "Index Cond": "(kind_id < 7)"
                                  }
                                ]
                              }
                            ]
                          }
                        ]
                      }
                    ]
                  }
                ]
              }
            ]
          }
        ]
      }
    ]
  },
  "Planning Time": 0.654,
  "Triggers": [],
  "Execution Time": 3546.446
}