[
  {
    "Plan": {
      "Node Type": "Aggregate",
      "Strategy": "Plain",
      "Partial Mode": "Finalize",
      "Parallel Aware": false,
      "Startup Cost": 43249.62,
      "Total Cost": 43249.63,
      "Plan Rows": 1,
      "Plan Width": 8,
      "Actual Startup Time": 174.122,
      "Actual Total Time": 188.231,
      "Actual Rows": 1,
      "Actual Loops": 1,
      "Plans": [
        {
          "Node Type": "Gather",
          "Parent Relationship": "Outer",
          "Parallel Aware": false,
          "Startup Cost": 43249.3,
          "Total Cost": 43249.61,
          "Plan Rows": 3,
          "Plan Width": 8,
          "Actual Startup Time": 173.537,
          "Actual Total Time": 188.215,
          "Actual Rows": 4,
          "Actual Loops": 1,
          "Workers Planned": 3,
          "Workers Launched": 3,
          "Single Copy": false,
          "Plans": [
            {
              "Node Type": "Aggregate",
              "Strategy": "Plain",
              "Partial Mode": "Partial",
              "Parent Relationship": "Outer",
              "Parallel Aware": false,
              "Startup Cost": 42249.3,
              "Total Cost": 42249.31,
              "Plan Rows": 1,
              "Plan Width": 8,
              "Actual Startup Time": 165.271,
              "Actual Total Time": 165.273,
              "Actual Rows": 1,
              "Actual Loops": 4,
              "Plans": [
                {
                  "Node Type": "Bitmap Heap Scan",
                  "Parent Relationship": "Outer",
                  "Parallel Aware": true,
                  "Relation Name": "movie_keyword",
                  "Alias": "mk",
                  "Startup Cost": 14490.16,
                  "Total Cost": 41698.45,
                  "Plan Rows": 220343,
                  "Plan Width": 0,
                  "Actual Startup Time": 58.6,
                  "Actual Total Time": 155.118,
                  "Actual Rows": 170926,
                  "Actual Loops": 4,
                  "Recheck Cond": "(keyword_id > 27533)",
                  "Rows Removed by Index Recheck": 0,
                  "Exact Heap Blocks": 9991,
                  "Lossy Heap Blocks": 0,
                  "Plans": [
                    {
                      "Node Type": "Bitmap Index Scan",
                      "Parent Relationship": "Outer",
                      "Parallel Aware": false,
                      "Index Name": "keyword_id_movie_keyword",
                      "Startup Cost": 0.0,
                      "Total Cost": 14319.4,
                      "Plan Rows": 683062,
                      "Plan Width": 0,
                      "Actual Startup Time": 62.609,
                      "Actual Total Time": 62.609,
                      "Actual Rows": 683702,
                      "Actual Loops": 1,
                      "Index Cond": "(keyword_id > 27533)"
                    }
                  ]
                }
              ]
            }
          ]
        }
      ]
    },
    "Planning Time": 0.189,
    "Triggers": [],
    "Execution Time": 188.309
  }
]