[
  {
    "Plan": {
      "Node Type": "Aggregate",
      "Strategy": "Plain",
      "Partial Mode": "Finalize",
      "Parallel Aware": false,
      "Startup Cost": 43549.77,
      "Total Cost": 43549.78,
      "Plan Rows": 1,
      "Plan Width": 8,
      "Actual Startup Time": 144.113,
      "Actual Total Time": 152.422,
      "Actual Rows": 1,
      "Actual Loops": 1,
      "Plans": [
        {
          "Node Type": "Gather",
          "Parent Relationship": "Outer",
          "Parallel Aware": false,
          "Startup Cost": 43549.45,
          "Total Cost": 43549.76,
          "Plan Rows": 3,
          "Plan Width": 8,
          "Actual Startup Time": 143.75,
          "Actual Total Time": 152.414,
          "Actual Rows": 4,
          "Actual Loops": 1,
          "Workers Planned": 3,
          "Workers Launched": 3,
          "Single Copy": false,
          "Plans": [
            {
              "Node Type": "Aggregate",
              "Strategy": "Plain",
              "Partial Mode": "Partial",
              "Parent Relationship": "Outer",
              "Parallel Aware": false,
              "Startup Cost": 42549.45,
              "Total Cost": 42549.46,
              "Plan Rows": 1,
              "Plan Width": 8,
              "Actual Startup Time": 137.533,
              "Actual Total Time": 137.535,
              "Actual Rows": 1,
              "Actual Loops": 4,
              "Plans": [
                {
                  "Node Type": "Bitmap Heap Scan",
                  "Parent Relationship": "Outer",
                  "Parallel Aware": true,
                  "Relation Name": "movie_keyword",
                  "Alias": "mk",
                  "Startup Cost": 14734.91,
                  "Total Cost": 41989.36,
                  "Plan Rows": 224036,
                  "Plan Width": 0,
                  "Actual Startup Time": 51.434,
                  "Actual Total Time": 128.472,
                  "Actual Rows": 170926,
                  "Actual Loops": 4,
                  "Recheck Cond": "(keyword_id > 27533)",
                  "Rows Removed by Index Recheck": 0,
                  "Exact Heap Blocks": 10060,
                  "Lossy Heap Blocks": 0,
                  "Plans": [
                    {
                      "Node Type": "Bitmap Index Scan",
                      "Parent Relationship": "Outer",
                      "Parallel Aware": false,
                      "Index Name": "keyword_id_movie_keyword",
                      "Startup Cost": 0.0,
                      "Total Cost": 14561.28,
                      "Plan Rows": 694513,
                      "Plan Width": 0,
                      "Actual Startup Time": 53.445,
                      "Actual Total Time": 53.446,
                      "Actual Rows": 683702,
                      "Actual Loops": 1,
                      "Index Cond": "(keyword_id > 27533)"
                    }
                  ]
                }
              ]
            }
          ]
        }
      ]
    },
    "Planning Time": 0.118,
    "Triggers": [],
    "Execution Time": 152.47
  }
]