[
  {
    "Plan": {
      "Node Type": "Aggregate",
      "Strategy": "Plain",
      "Partial Mode": "Finalize",
      "Parallel Aware": false,
      "Startup Cost": 30976.04,
      "Total Cost": 30976.05,
      "Plan Rows": 1,
      "Plan Width": 8,
      "Actual Startup Time": 105.971,
      "Actual Total Time": 113.682,
      "Actual Rows": 1,
      "Actual Loops": 1,
      "Plans": [
        {
          "Node Type": "Gather",
          "Parent Relationship": "Outer",
          "Parallel Aware": false,
          "Startup Cost": 30975.72,
          "Total Cost": 30976.03,
          "Plan Rows": 3,
          "Plan Width": 8,
          "Actual Startup Time": 105.836,
          "Actual Total Time": 113.672,
          "Actual Rows": 4,
          "Actual Loops": 1,
          "Workers Planned": 3,
          "Workers Launched": 3,
          "Single Copy": false,
          "Plans": [
            {
              "Node Type": "Aggregate",
              "Strategy": "Plain",
              "Partial Mode": "Partial",
              "Parent Relationship": "Outer",
              "Parallel Aware": false,
              "Startup Cost": 29975.72,
              "Total Cost": 29975.73,
              "Plan Rows": 1,
              "Plan Width": 8,
              "Actual Startup Time": 97.718,
              "Actual Total Time": 97.72,
              "Actual Rows": 1,
              "Actual Loops": 4,
              "Plans": [
                {
                  "Node Type": "Seq Scan",
                  "Parent Relationship": "Outer",
                  "Parallel Aware": true,
                  "Relation Name": "movie_companies",
                  "Alias": "mc",
                  "Startup Cost": 0.0,
                  "Total Cost": 29310.68,
                  "Plan Rows": 266015,
                  "Plan Width": 0,
                  "Actual Startup Time": 0.039,
                  "Actual Total Time": 83.1,
                  "Actual Rows": 206708,
                  "Actual Loops": 4,
                  "Filter": "(company_id < 2025)",
                  "Rows Removed by Filter": 445574
                }
              ]
            }
          ]
        }
      ]
    },
    "Planning Time": 0.165,
    "Triggers": [],
    "Execution Time": 113.732
  }
]