[
    {
        "Bao": {
            "Bao prediction": "NaN",
            "Bao recommended hint": "(no hint)"
        }
    },
    {
        "Plan": {
            "Node Type": "Aggregate",
            "Strategy": "Plain",
            "Partial Mode": "Finalize",
            "Parallel Aware": false,
            "Startup Cost": 245421.39,
            "Total Cost": 245421.4,
            "Plan Rows": 1,
            "Plan Width": 8,
            "Actual Startup Time": 460.284,
            "Actual Total Time": 488.91,
            "Actual Rows": 1,
            "Actual Loops": 1,
            "Output": [
                "count(*)"
            ],
            "Plans": [
                {
                    "Node Type": "Gather",
                    "Parent Relationship": "Outer",
                    "Parallel Aware": false,
                    "Startup Cost": 245420.87,
                    "Total Cost": 245421.38,
                    "Plan Rows": 5,
                    "Plan Width": 8,
                    "Actual Startup Time": 459.3,
                    "Actual Total Time": 488.901,
                    "Actual Rows": 6,
                    "Actual Loops": 1,
                    "Output": [
                        "(PARTIAL count(*))"
                    ],
                    "Workers Planned": 5,
                    "Workers Launched": 5,
                    "Single Copy": false,
                    "Plans": [
                        {
                            "Node Type": "Aggregate",
                            "Strategy": "Plain",
                            "Partial Mode": "Partial",
                            "Parent Relationship": "Outer",
                            "Parallel Aware": false,
                            "Startup Cost": 244420.87,
                            "Total Cost": 244420.88,
                            "Plan Rows": 1,
                            "Plan Width": 8,
                            "Actual Startup Time": 449.739,
                            "Actual Total Time": 449.742,
                            "Actual Rows": 1,
                            "Actual Loops": 6,
                            "Output": [
                                "PARTIAL count(*)"
                            ],
                            "Workers": [
                                {
                                    "Worker Number": 0,
                                    "Actual Startup Time": 447.503,
                                    "Actual Total Time": 447.506,
                                    "Actual Rows": 1,
                                    "Actual Loops": 1
                                },
                                {
                                    "Worker Number": 1,
                                    "Actual Startup Time": 447.621,
                                    "Actual Total Time": 447.624,
                                    "Actual Rows": 1,
                                    "Actual Loops": 1
                                },
                                {
                                    "Worker Number": 2,
                                    "Actual Startup Time": 447.728,
                                    "Actual Total Time": 447.732,
                                    "Actual Rows": 1,
                                    "Actual Loops": 1
                                },
                                {
                                    "Worker Number": 3,
                                    "Actual Startup Time": 448.331,
                                    "Actual Total Time": 448.334,
                                    "Actual Rows": 1,
                                    "Actual Loops": 1
                                },
                                {
                                    "Worker Number": 4,
                                    "Actual Startup Time": 448.486,
                                    "Actual Total Time": 448.489,
                                    "Actual Rows": 1,
                                    "Actual Loops": 1
                                }
                            ],
                            "Plans": [
                                {
                                    "Node Type": "Hash Join",
                                    "Parent Relationship": "Outer",
                                    "Parallel Aware": true,
                                    "Join Type": "Inner",
                                    "Startup Cost": 44311.97,
                                    "Total Cost": 244362.63,
                                    "Plan Rows": 23295,
                                    "Plan Width": 0,
                                    "Actual Startup Time": 107.229,
                                    "Actual Total Time": 448.53,
                                    "Actual Rows": 17514,
                                    "Actual Loops": 6,
                                    "Inner Unique": true,
                                    "Hash Cond": "(mi.movie_id = t.id)",
                                    "Workers": [
                                        {
                                            "Worker Number": 0,
                                            "Actual Startup Time": 104.876,
                                            "Actual Total Time": 446.204,
                                            "Actual Rows": 13054,
                                            "Actual Loops": 1
                                        },
                                        {
                                            "Worker Number": 1,
                                            "Actual Startup Time": 105.206,
                                            "Actual Total Time": 446.393,
                                            "Actual Rows": 12204,
                                            "Actual Loops": 1
                                        },
                                        {
                                            "Worker Number": 2,
                                            "Actual Startup Time": 105.246,
                                            "Actual Total Time": 446.514,
                                            "Actual Rows": 12327,
                                            "Actual Loops": 1
                                        },
                                        {
                                            "Worker Number": 3,
                                            "Actual Startup Time": 105.819,
                                            "Actual Total Time": 447.174,
                                            "Actual Rows": 19897,
                                            "Actual Loops": 1
                                        },
                                        {
                                            "Worker Number": 4,
                                            "Actual Startup Time": 105.98,
                                            "Actual Total Time": 447.307,
                                            "Actual Rows": 20336,
                                            "Actual Loops": 1
                                        }
                                    ],
                                    "Plans": [
                                        {
                                            "Node Type": "Seq Scan",
                                            "Parent Relationship": "Outer",
                                            "Parallel Aware": true,
                                            "Relation Name": "movie_info",
                                            "Schema": "public",
                                            "Alias": "mi",
                                            "Startup Cost": 0.0,
                                            "Total Cost": 198880.74,
                                            "Plan Rows": 445687,
                                            "Plan Width": 4,
                                            "Actual Startup Time": 16.478,
                                            "Actual Total Time": 311.456,
                                            "Actual Rows": 372308,
                                            "Actual Loops": 6,
                                            "Output": [
                                                "mi.id",
                                                "mi.movie_id",
                                                "mi.info_type_id",
                                                "mi.info",
                                                "mi.note"
                                            ],
                                            "Filter": "(mi.info_type_id > 16)",
                                            "Rows Removed by Filter": 2100312,
                                            "Workers": [
                                                {
                                                    "Worker Number": 0,
                                                    "Actual Startup Time": 16.395,
                                                    "Actual Total Time": 314.002,
                                                    "Actual Rows": 276895,
                                                    "Actual Loops": 1
                                                },
                                                {
                                                    "Worker Number": 1,
                                                    "Actual Startup Time": 16.502,
                                                    "Actual Total Time": 313.138,
                                                    "Actual Rows": 261791,
                                                    "Actual Loops": 1
                                                },
                                                {
                                                    "Worker Number": 2,
                                                    "Actual Startup Time": 16.514,
                                                    "Actual Total Time": 313.065,
                                                    "Actual Rows": 263358,
                                                    "Actual Loops": 1
                                                },
                                                {
                                                    "Worker Number": 3,
                                                    "Actual Startup Time": 16.524,
                                                    "Actual Total Time": 312.859,
                                                    "Actual Rows": 425375,
                                                    "Actual Loops": 1
                                                },
                                                {
                                                    "Worker Number": 4,
                                                    "Actual Startup Time": 16.399,
                                                    "Actual Total Time": 312.722,
                                                    "Actual Rows": 425127,
                                                    "Actual Loops": 1
                                                }
                                            ]
                                        },
                                        {
                                            "Node Type": "Hash",
                                            "Parent Relationship": "Inner",
                                            "Parallel Aware": true,
                                            "Startup Cost": 43899.01,
                                            "Total Cost": 43899.01,
                                            "Plan Rows": 33037,
                                            "Plan Width": 4,
                                            "Actual Startup Time": 88.871,
                                            "Actual Total Time": 88.872,
                                            "Actual Rows": 21449,
                                            "Actual Loops": 6,
                                            "Output": [
                                                "t.id"
                                            ],
                                            "Hash Buckets": 262144,
                                            "Original Hash Buckets": 262144,
                                            "Hash Batches": 1,
                                            "Original Hash Batches": 1,
                                            "Peak Memory Usage": 7168,
                                            "Workers": [
                                                {
                                                    "Worker Number": 0,
                                                    "Actual Startup Time": 87.51,
                                                    "Actual Total Time": 87.511,
                                                    "Actual Rows": 15248,
                                                    "Actual Loops": 1
                                                },
                                                {
                                                    "Worker Number": 1,
                                                    "Actual Startup Time": 87.796,
                                                    "Actual Total Time": 87.797,
                                                    "Actual Rows": 14870,
                                                    "Actual Loops": 1
                                                },
                                                {
                                                    "Worker Number": 2,
                                                    "Actual Startup Time": 87.862,
                                                    "Actual Total Time": 87.863,
                                                    "Actual Rows": 14633,
                                                    "Actual Loops": 1
                                                },
                                                {
                                                    "Worker Number": 3,
                                                    "Actual Startup Time": 88.515,
                                                    "Actual Total Time": 88.516,
                                                    "Actual Rows": 21219,
                                                    "Actual Loops": 1
                                                },
                                                {
                                                    "Worker Number": 4,
                                                    "Actual Startup Time": 88.646,
                                                    "Actual Total Time": 88.647,
                                                    "Actual Rows": 21307,
                                                    "Actual Loops": 1
                                                }
                                            ],
                                            "Plans": [
                                                {
                                                    "Node Type": "Seq Scan",
                                                    "Parent Relationship": "Outer",
                                                    "Parallel Aware": true,
                                                    "Relation Name": "title",
                                                    "Schema": "public",
                                                    "Alias": "t",
                                                    "Startup Cost": 0.0,
                                                    "Total Cost": 43899.01,
                                                    "Plan Rows": 33037,
                                                    "Plan Width": 4,
                                                    "Actual Startup Time": 0.045,
                                                    "Actual Total Time": 78.927,
                                                    "Actual Rows": 21449,
                                                    "Actual Loops": 6,
                                                    "Output": [
                                                        "t.id"
                                                    ],
                                                    "Filter": "(t.production_year = 2009)",
                                                    "Rows Removed by Filter": 399936,
                                                    "Workers": [
                                                        {
                                                            "Worker Number": 0,
                                                            "Actual Startup Time": 0.052,
                                                            "Actual Total Time": 77.863,
                                                            "Actual Rows": 15248,
                                                            "Actual Loops": 1
                                                        },
                                                        {
                                                            "Worker Number": 1,
                                                            "Actual Startup Time": 0.054,
                                                            "Actual Total Time": 77.838,
                                                            "Actual Rows": 14870,
                                                            "Actual Loops": 1
                                                        },
                                                        {
                                                            "Worker Number": 2,
                                                            "Actual Startup Time": 0.054,
                                                            "Actual Total Time": 78.853,
                                                            "Actual Rows": 14633,
                                                            "Actual Loops": 1
                                                        },
                                                        {
                                                            "Worker Number": 3,
                                                            "Actual Startup Time": 0.04,
                                                            "Actual Total Time": 79.197,
                                                            "Actual Rows": 21219,
                                                            "Actual Loops": 1
                                                        },
                                                        {
                                                            "Worker Number": 4,
                                                            "Actual Startup Time": 0.048,
                                                            "Actual Total Time": 79.16,
                                                            "Actual Rows": 21307,
                                                            "Actual Loops": 1
                                                        }
                                                    ]
                                                }
                                            ]
                                        }
                                    ]
                                }
                            ]
                        }
                    ]
                }
            ]
        },
        "Planning Time": 220.912,
        "Triggers": [],
        "Execution Time": 488.985
    }
]