[
  {
    "Plan": {
      "Node Type": "Aggregate",
      "Strategy": "Plain",
      "Partial Mode": "Finalize",
      "Parallel Aware": false,
      "Startup Cost": 31906.19,
      "Total Cost": 31906.2,
      "Plan Rows": 1,
      "Plan Width": 8,
      "Actual Startup Time": 113.134,
      "Actual Total Time": 120.991,
      "Actual Rows": 1,
      "Actual Loops": 1,
      "Plans": [
        {
          "Node Type": "Gather",
          "Parent Relationship": "Outer",
          "Parallel Aware": false,
          "Startup Cost": 31905.87,
          "Total Cost": 31906.18,
          "Plan Rows": 3,
          "Plan Width": 8,
          "Actual Startup Time": 113.021,
          "Actual Total Time": 120.982,
          "Actual Rows": 4,
          "Actual Loops": 1,
          "Workers Planned": 3,
          "Workers Launched": 3,
          "Single Copy": false,
          "Plans": [
            {
              "Node Type": "Aggregate",
              "Strategy": "Plain",
              "Partial Mode": "Partial",
              "Parent Relationship": "Outer",
              "Parallel Aware": false,
              "Startup Cost": 30905.87,
              "Total Cost": 30905.88,
              "Plan Rows": 1,
              "Plan Width": 8,
              "Actual Startup Time": 105.926,
              "Actual Total Time": 105.927,
              "Actual Rows": 1,
              "Actual Loops": 4,
              "Plans": [
                {
                  "Node Type": "Seq Scan",
                  "Parent Relationship": "Outer",
                  "Parallel Aware": true,
                  "Relation Name": "movie_companies",
                  "Alias": "mc",
                  "Startup Cost": 0.0,
                  "Total Cost": 29310.68,
                  "Plan Rows": 638075,
                  "Plan Width": 0,
                  "Actual Startup Time": 0.044,
                  "Actual Total Time": 81.293,
                  "Actual Rows": 491470,
                  "Actual Loops": 4,
                  "Filter": "(company_id < 56339)",
                  "Rows Removed by Filter": 160812
                }
              ]
            }
          ]
        }
      ]
    },
    "Planning Time": 0.128,
    "Triggers": [],
    "Execution Time": 121.033
  }
]