[
  {
    "Plan": {
      "Node Type": "Aggregate",
      "Strategy": "Plain",
      "Partial Mode": "Finalize",
      "Parallel Aware": false,
      "Startup Cost": 332095.19,
      "Total Cost": 332095.2,
      "Plan Rows": 1,
      "Plan Width": 8,
      "Actual Startup Time": 652.719,
      "Actual Total Time": 717.623,
      "Actual Rows": 1,
      "Actual Loops": 1,
      "Plans": [
        {
          "Node Type": "Gather",
          "Parent Relationship": "Outer",
          "Parallel Aware": false,
          "Startup Cost": 332094.57,
          "Total Cost": 332095.18,
          "Plan Rows": 6,
          "Plan Width": 8,
          "Actual Startup Time": 652.518,
          "Actual Total Time": 717.599,
          "Actual Rows": 7,
          "Actual Loops": 1,
          "Workers Planned": 6,
          "Workers Launched": 6,
          "Single Copy": false,
          "Plans": [
            {
              "Node Type": "Aggregate",
              "Strategy": "Plain",
              "Partial Mode": "Partial",
              "Parent Relationship": "Outer",
              "Parallel Aware": false,
              "Startup Cost": 331094.57,
              "Total Cost": 331094.58,
              "Plan Rows": 1,
              "Plan Width": 8,
              "Actual Startup Time": 645.061,
              "Actual Total Time": 645.064,
              "Actual Rows": 1,
              "Actual Loops": 7,
              "Plans": [
                {
                  "Node Type": "Seq Scan",
                  "Parent Relationship": "Outer",
                  "Parallel Aware": true,
                  "Relation Name": "cast_info",
                  "Alias": "ci",
                  "Startup Cost": 0.0,
                  "Total Cost": 328211.39,
                  "Plan Rows": 1153271,
                  "Plan Width": 0,
                  "Actual Startup Time": 0.035,
                  "Actual Total Time": 591.905,
                  "Actual Rows": 1007019,
                  "Actual Loops": 7,
                  "Filter": "(person_id < 680714)",
                  "Rows Removed by Filter": 4170745
                }
              ]
            }
          ]
        }
      ]
    },
    "Planning Time": 0.208,
    "Triggers": [],
    "Execution Time": 717.704
  }
]