{
  "Plan": {
    "Node Type": "Aggregate",
    "Strategy": "Plain",
    "Partial Mode": "Finalize",
    "Parallel Aware": false,
    "Startup Cost": 654894.49,
    "Total Cost": 654894.5,
    "Plan Rows": 1,
    "Plan Width": 8,
    "Actual Startup Time": 2945.099,
    "Actual Total Time": 3016.916,
    "Actual Rows": 1,
    "Actual Loops": 1,
    "Plans": [
      {
        "Node Type": "Gather",
        "Parent Relationship": "Outer",
        "Parallel Aware": false,
        "Startup Cost": 654894.38,
        "Total Cost": 654894.49,
        "Plan Rows": 1,
        "Plan Width": 8,
        "Actual Startup Time": 2942.943,
        "Actual Total Time": 3016.906,
        "Actual Rows": 2,
        "Actual Loops": 1,
        "Workers Planned": 1,
        "Workers Launched": 1,
        "Single Copy": false,
        "Plans": [
          {
            "Node Type": "Aggregate",
            "Strategy": "Plain",
            "Partial Mode": "Partial",
            "Parent Relationship": "Outer",
            "Parallel Aware": false,
            "Startup Cost": 653894.38,
            "Total Cost": 653894.39,
            "Plan Rows": 1,
            "Plan Width": 8,
            "Actual Startup Time": 2937.055,
            "Actual Total Time": 2937.227,
            "Actual Rows": 1,
            "Actual Loops": 2,
            "Plans": [
              {
                "Node Type": "Hash Join",
                "Parent Relationship": "Outer",
                "Parallel Aware": true,
                "Join Type": "Inner",
                "Startup Cost": 606576.85,
                "Total Cost": 652824.48,
                "Plan Rows": 427962,
                "Plan Width": 0,
                "Actual Startup Time": 2602.446,
                "Actual Total Time": 2920.877,
                "Actual Rows": 392914,
                "Actual Loops": 2,
                "Inner Unique": false,
                "Hash Cond": "(mc.movie_id = t.id)",
                "Plans": [
                  {
                    "Node Type": "Seq Scan",
                    "Parent Relationship": "Outer",
                    "Parallel Aware": true,
                    "Relation Name": "movie_companies",
                    "Alias": "mc",
                    "Startup Cost": 0.0,
                    "Total Cost": 34137.82,
                    "Plan Rows": 1534782,
                    "Plan Width": 4,
                    "Actual Startup Time": 0.021,
                    "Actual Total Time": 96.403,
                    "Actual Rows": 1304564,
                    "Actual Loops": 2
                  },
                  {
                    "Node Type": "Hash",
                    "Parent Relationship": "Inner",
                    "Parallel Aware": true,
                    "Startup Cost": 601393.06,
                    "Total Cost": 601393.06,
                    "Plan Rows": 414703,
                    "Plan Width": 8,
                    "Actual Startup Time": 2592.797,
                    "Actual Total Time": 2592.967,
                    "Actual Rows": 329818,
                    "Actual Loops": 2,
                    "Hash Buckets": 1048576,
                    "Original Hash Buckets": 1048576,
                    "Hash Batches": 1,
                    "Original Hash Batches": 1,
                    "Peak Memory Usage": 34048,
                    "Plans": [
                      {
                        "Node Type": "Hash Join",
                        "Parent Relationship": "Outer",
                        "Parallel Aware": true,
                        "Join Type": "Inner",
                        "Startup Cost": 59180.93,
                        "Total Cost": 601393.06,
                        "Plan Rows": 414703,
                        "Plan Width": 8,
                        "Actual Startup Time": 157.831,
                        "Actual Total Time": 2492.503,
                        "Actual Rows": 329818,
                        "Actual Loops": 2,
                        "Inner Unique": true,
                        "Hash Cond": "(ci.movie_id = t.id)",
                        "Plans": [
                          {
                            "Node Type": "Seq Scan",
                            "Parent Relationship": "Outer",
                            "Parallel Aware": true,
                            "Relation Name": "cast_info",
                            "Alias": "ci",
                            "Startup Cost": 0.0,
                            "Total Cost": 519069.44,
                            "Plan Rows": 8816251,
                            "Plan Width": 4,
                            "Actual Startup Time": 0.015,
                            "Actual Total Time": 1374.96,
                            "Actual Rows": 7479850,
                            "Actual Loops": 2,
                            "Filter": "(person_id < 1476376)",
                            "Rows Removed by Filter": 10642322
                          },
                          {
                            "Node Type": "Hash",
                            "Parent Relationship": "Inner",
                            "Parallel Aware": true,
                            "Startup Cost": 58306.47,
                            "Total Cost": 58306.47,
                            "Plan Rows": 69957,
                            "Plan Width": 4,
                            "Actual Startup Time": 156.964,
                            "Actual Total Time": 156.965,
                            "Actual Rows": 61303,
                            "Actual Loops": 2,
                            "Hash Buckets": 131072,
                            "Original Hash Buckets": 131072,
                            "Hash Batches": 1,
                            "Original Hash Batches": 1,
                            "Peak Memory Usage": 5856,
                            "Plans": [
                              {
                                "Node Type": "Seq Scan",
                                "Parent Relationship": "Outer",
                                "Parallel Aware": true,
                                "Relation Name": "title",
                                "Alias": "t",
                                "Startup Cost": 0.0,
                                "Total Cost": 58306.47,
                                "Plan Rows": 69957,
                                "Plan Width": 4,
                                "Actual Startup Time": 0.038,
                                "Actual Total Time": 140.473,
                                "Actual Rows": 61303,
                                "Actual Loops": 2,
                                "Filter": "((kind_id > 1) AND (production_year = 2011))",
                                "Rows Removed by Filter": 1202853
                              }
                            ]
                          }
                        ]
                      }
                    ]
                  }
                ]
              }
            ]
          }
        ]
      }
    ]
  },
  "Planning Time": 0.919,
  "Triggers": [],
  "Execution Time": 3017.01
}