[
  {
    "Plan": {
      "Node Type": "Aggregate",
      "Strategy": "Plain",
      "Partial Mode": "Finalize",
      "Parallel Aware": false,
      "Startup Cost": 346334.2,
      "Total Cost": 346334.21,
      "Plan Rows": 1,
      "Plan Width": 8,
      "Actual Startup Time": 628.048,
      "Actual Total Time": 695.879,
      "Actual Rows": 1,
      "Actual Loops": 1,
      "Plans": [
        {
          "Node Type": "Gather",
          "Parent Relationship": "Outer",
          "Parallel Aware": false,
          "Startup Cost": 346333.58,
          "Total Cost": 346334.19,
          "Plan Rows": 6,
          "Plan Width": 8,
          "Actual Startup Time": 627.937,
          "Actual Total Time": 695.868,
          "Actual Rows": 7,
          "Actual Loops": 1,
          "Workers Planned": 6,
          "Workers Launched": 6,
          "Single Copy": false,
          "Plans": [
            {
              "Node Type": "Aggregate",
              "Strategy": "Plain",
              "Partial Mode": "Partial",
              "Parent Relationship": "Outer",
              "Parallel Aware": false,
              "Startup Cost": 345333.58,
              "Total Cost": 345333.59,
              "Plan Rows": 1,
              "Plan Width": 8,
              "Actual Startup Time": 617.753,
              "Actual Total Time": 617.754,
              "Actual Rows": 1,
              "Actual Loops": 7,
              "Plans": [
                {
                  "Node Type": "Seq Scan",
                  "Parent Relationship": "Outer",
                  "Parallel Aware": true,
                  "Relation Name": "cast_info",
                  "Alias": "ci",
                  "Startup Cost": 0.0,
                  "Total Cost": 343257.03,
                  "Plan Rows": 830619,
                  "Plan Width": 0,
                  "Actual Startup Time": 0.053,
                  "Actual Total Time": 582.832,
                  "Actual Rows": 801706,
                  "Actual Loops": 7,
                  "Filter": "((person_id < 567988) AND (role_id < 10))",
                  "Rows Removed by Filter": 4376057
                }
              ]
            }
          ]
        }
      ]
    },
    "Planning Time": 0.234,
    "Triggers": [],
    "Execution Time": 695.994
  }
]