[
  {
    "Plan": {
      "Node Type": "Aggregate",
      "Strategy": "Plain",
      "Partial Mode": "Finalize",
      "Parallel Aware": false,
      "Startup Cost": 335121.1,
      "Total Cost": 335121.11,
      "Plan Rows": 1,
      "Plan Width": 8,
      "Actual Startup Time": 726.445,
      "Actual Total Time": 771.124,
      "Actual Rows": 1,
      "Actual Loops": 1,
      "Plans": [
        {
          "Node Type": "Gather",
          "Parent Relationship": "Outer",
          "Parallel Aware": false,
          "Startup Cost": 335120.47,
          "Total Cost": 335121.08,
          "Plan Rows": 6,
          "Plan Width": 8,
          "Actual Startup Time": 726.265,
          "Actual Total Time": 771.11,
          "Actual Rows": 7,
          "Actual Loops": 1,
          "Workers Planned": 6,
          "Workers Launched": 6,
          "Single Copy": false,
          "Plans": [
            {
              "Node Type": "Aggregate",
              "Strategy": "Plain",
              "Partial Mode": "Partial",
              "Parent Relationship": "Outer",
              "Parallel Aware": false,
              "Startup Cost": 334120.47,
              "Total Cost": 334120.48,
              "Plan Rows": 1,
              "Plan Width": 8,
              "Actual Startup Time": 719.251,
              "Actual Total Time": 719.254,
              "Actual Rows": 1,
              "Actual Loops": 7,
              "Plans": [
                {
                  "Node Type": "Seq Scan",
                  "Parent Relationship": "Outer",
                  "Parallel Aware": true,
                  "Relation Name": "cast_info",
                  "Alias": "ci",
                  "Startup Cost": 0.0,
                  "Total Cost": 328211.39,
                  "Plan Rows": 2363632,
                  "Plan Width": 0,
                  "Actual Startup Time": 0.046,
                  "Actual Total Time": 614.568,
                  "Actual Rows": 2045355,
                  "Actual Loops": 7,
                  "Filter": "(person_id < 1409743)",
                  "Rows Removed by Filter": 3132409
                }
              ]
            }
          ]
        }
      ]
    },
    "Planning Time": 0.098,
    "Triggers": [],
    "Execution Time": 771.167
  }
]