{
  "Plan": {
    "Node Type": "Aggregate",
    "Strategy": "Plain",
    "Partial Mode": "Finalize",
    "Parallel Aware": false,
    "Startup Cost": 216288.67,
    "Total Cost": 216288.68,
    "Plan Rows": 1,
    "Plan Width": 8,
    "Actual Startup Time": 220.942,
    "Actual Total Time": 232.824,
    "Actual Rows": 1,
    "Actual Loops": 1,
    "Plans": [
      {
        "Node Type": "Gather",
        "Parent Relationship": "Outer",
        "Parallel Aware": false,
        "Startup Cost": 216288.55,
        "Total Cost": 216288.66,
        "Plan Rows": 1,
        "Plan Width": 8,
        "Actual Startup Time": 220.267,
        "Actual Total Time": 232.818,
        "Actual Rows": 2,
        "Actual Loops": 1,
        "Workers Planned": 1,
        "Workers Launched": 1,
        "Single Copy": false,
        "Plans": [
          {
            "Node Type": "Aggregate",
            "Strategy": "Plain",
            "Partial Mode": "Partial",
            "Parent Relationship": "Outer",
            "Parallel Aware": false,
            "Startup Cost": 215288.55,
            "Total Cost": 215288.56,
            "Plan Rows": 1,
            "Plan Width": 8,
            "Actual Startup Time": 214.122,
            "Actual Total Time": 214.126,
            "Actual Rows": 1,
            "Actual Loops": 2,
            "Plans": [
              {
                "Node Type": "Hash Join",
                "Parent Relationship": "Outer",
                "Parallel Aware": true,
                "Join Type": "Inner",
                "Startup Cost": 63352.26,
                "Total Cost": 215262.43,
                "Plan Rows": 10451,
                "Plan Width": 0,
                "Actual Startup Time": 198.29,
                "Actual Total Time": 214.116,
                "Actual Rows": 22,
                "Actual Loops": 2,
                "Inner Unique": true,
                "Hash Cond": "(mi.movie_id = t.id)",
                "Plans": [
                  {
                    "Node Type": "Bitmap Heap Scan",
                    "Parent Relationship": "Outer",
                    "Parallel Aware": true,
                    "Relation Name": "movie_info",
                    "Alias": "mi",
                    "Startup Cost": 1913.73,
                    "Total Cost": 153661.06,
                    "Plan Rows": 62034,
                    "Plan Width": 4,
                    "Actual Startup Time": 4.202,
                    "Actual Total Time": 14.963,
                    "Actual Rows": 54517,
                    "Actual Loops": 2,
                    "Recheck Cond": "(info_type_id = 106)",
                    "Rows Removed by Index Recheck": 0,
                    "Exact Heap Blocks": 2530,
                    "Lossy Heap Blocks": 0,
                    "Plans": [
                      {
                        "Node Type": "Bitmap Index Scan",
                        "Parent Relationship": "Outer",
                        "Parallel Aware": false,
                        "Index Name": "info_type_id_movie_info",
                        "Startup Cost": 0.0,
                        "Total Cost": 1887.36,
                        "Plan Rows": 105457,
                        "Plan Width": 0,
                        "Actual Startup Time": 3.573,
                        "Actual Total Time": 3.574,
                        "Actual Rows": 109034,
                        "Actual Loops": 1,
                        "Index Cond": "(info_type_id = 106)"
                      }
                    ]
                  },
                  {
                    "Node Type": "Hash",
                    "Parent Relationship": "Inner",
                    "Parallel Aware": true,
                    "Startup Cost": 58306.47,
                    "Total Cost": 58306.47,
                    "Plan Rows": 250565,
                    "Plan Width": 4,
                    "Actual Startup Time": 188.26,
                    "Actual Total Time": 188.26,
                    "Actual Rows": 146686,
                    "Actual Loops": 2,
                    "Hash Buckets": 524288,
                    "Original Hash Buckets": 524288,
                    "Hash Batches": 1,
                    "Original Hash Batches": 1,
                    "Peak Memory Usage": 15584,
                    "Plans": [
                      {
                        "Node Type": "Seq Scan",
                        "Parent Relationship": "Outer",
                        "Parallel Aware": true,
                        "Relation Name": "title",
                        "Alias": "t",
                        "Startup Cost": 0.0,
                        "Total Cost": 58306.47,
                        "Plan Rows": 250565,
                        "Plan Width": 4,
                        "Actual Startup Time": 0.032,
                        "Actual Total Time": 149.036,
                        "Actual Rows": 146686,
                        "Actual Loops": 2,
                        "Filter": "((kind_id > 1) AND (production_year < 1985))",
                        "Rows Removed by Filter": 1117470
                      }
                    ]
                  }
                ]
              }
            ]
          }
        ]
      }
    ]
  },
  "Planning Time": 0.678,
  "Triggers": [],
  "Execution Time": 232.936
}