[
  {
    "Plan": {
      "Node Type": "Aggregate",
      "Strategy": "Plain",
      "Partial Mode": "Finalize",
      "Parallel Aware": false,
      "Startup Cost": 46774.46,
      "Total Cost": 46774.47,
      "Plan Rows": 1,
      "Plan Width": 8,
      "Actual Startup Time": 101.848,
      "Actual Total Time": 115.045,
      "Actual Rows": 1,
      "Actual Loops": 1,
      "Plans": [
        {
          "Node Type": "Gather",
          "Parent Relationship": "Outer",
          "Parallel Aware": false,
          "Startup Cost": 46774.04,
          "Total Cost": 46774.45,
          "Plan Rows": 4,
          "Plan Width": 8,
          "Actual Startup Time": 101.67,
          "Actual Total Time": 115.033,
          "Actual Rows": 5,
          "Actual Loops": 1,
          "Workers Planned": 4,
          "Workers Launched": 4,
          "Single Copy": false,
          "Plans": [
            {
              "Node Type": "Aggregate",
              "Strategy": "Plain",
              "Partial Mode": "Partial",
              "Parent Relationship": "Outer",
              "Parallel Aware": false,
              "Startup Cost": 45774.04,
              "Total Cost": 45774.05,
              "Plan Rows": 1,
              "Plan Width": 8,
              "Actual Startup Time": 97.534,
              "Actual Total Time": 97.535,
              "Actual Rows": 1,
              "Actual Loops": 5,
              "Plans": [
                {
                  "Node Type": "Seq Scan",
                  "Parent Relationship": "Outer",
                  "Parallel Aware": true,
                  "Relation Name": "title",
                  "Alias": "t",
                  "Startup Cost": 0.0,
                  "Total Cost": 45479.59,
                  "Plan Rows": 117782,
                  "Plan Width": 0,
                  "Actual Startup Time": 45.63,
                  "Actual Total Time": 94.149,
                  "Actual Rows": 69137,
                  "Actual Loops": 5,
                  "Filter": "((production_year > 1988) AND (kind_id = 1))",
                  "Rows Removed by Filter": 436525
                }
              ]
            }
          ]
        }
      ]
    },
    "Planning Time": 0.089,
    "Triggers": [],
    "Execution Time": 115.092
  }
]