{
  "Plan": {
    "Node Type": "Aggregate",
    "Strategy": "Plain",
    "Partial Mode": "Finalize",
    "Parallel Aware": false,
    "Startup Cost": 312514.51,
    "Total Cost": 312514.52,
    "Plan Rows": 1,
    "Plan Width": 8,
    "Actual Startup Time": 2317.018,
    "Actual Total Time": 2356.313,
    "Actual Rows": 1,
    "Actual Loops": 1,
    "Plans": [
      {
        "Node Type": "Gather",
        "Parent Relationship": "Outer",
        "Parallel Aware": false,
        "Startup Cost": 312514.4,
        "Total Cost": 312514.51,
        "Plan Rows": 1,
        "Plan Width": 8,
        "Actual Startup Time": 2311.356,
        "Actual Total Time": 2356.302,
        "Actual Rows": 2,
        "Actual Loops": 1,
        "Workers Planned": 1,
        "Workers Launched": 1,
        "Single Copy": false,
        "Plans": [
          {
            "Node Type": "Aggregate",
            "Strategy": "Plain",
            "Partial Mode": "Partial",
            "Parent Relationship": "Outer",
            "Parallel Aware": false,
            "Startup Cost": 311514.4,
            "Total Cost": 311514.41,
            "Plan Rows": 1,
            "Plan Width": 8,
            "Actual Startup Time": 2304.726,
            "Actual Total Time": 2304.733,
            "Actual Rows": 1,
            "Actual Loops": 2,
            "Plans": [
              {
                "Node Type": "Hash Join",
                "Parent Relationship": "Outer",
                "Parallel Aware": true,
                "Join Type": "Inner",
                "Startup Cost": 266440.59,
                "Total Cost": 309969.32,
                "Plan Rows": 618031,
                "Plan Width": 0,
                "Actual Startup Time": 1206.622,
                "Actual Total Time": 2046.965,
                "Actual Rows": 4938783,
                "Actual Loops": 2,
                "Inner Unique": false,
                "Hash Cond": "(mc.movie_id = t.id)",
                "Plans": [
                  {
                    "Node Type": "Seq Scan",
                    "Parent Relationship": "Outer",
                    "Parallel Aware": true,
                    "Relation Name": "movie_companies",
                    "Alias": "mc",
                    "Startup Cost": 0.0,
                    "Total Cost": 34137.82,
                    "Plan Rows": 1534782,
                    "Plan Width": 4,
                    "Actual Startup Time": 0.02,
                    "Actual Total Time": 120.126,
                    "Actual Rows": 1304564,
                    "Actual Loops": 2
                  },
                  {
                    "Node Type": "Hash",
                    "Parent Relationship": "Inner",
                    "Parallel Aware": true,
                    "Startup Cost": 258954.54,
                    "Total Cost": 258954.54,
                    "Plan Rows": 598884,
                    "Plan Width": 8,
                    "Actual Startup Time": 1197.629,
                    "Actual Total Time": 1197.634,
                    "Actual Rows": 484182,
                    "Actual Loops": 2,
                    "Hash Buckets": 1048576,
                    "Original Hash Buckets": 1048576,
                    "Hash Batches": 1,
                    "Original Hash Batches": 1,
                    "Peak Memory Usage": 46112,
                    "Plans": [
                      {
                        "Node Type": "Hash Join",
                        "Parent Relationship": "Outer",
                        "Parallel Aware": true,
                        "Join Type": "Inner",
                        "Startup Cost": 87903.42,
                        "Total Cost": 258954.54,
                        "Plan Rows": 598884,
                        "Plan Width": 8,
                        "Actual Startup Time": 728.724,
                        "Actual Total Time": 1050.23,
                        "Actual Rows": 484182,
                        "Actual Loops": 2,
                        "Inner Unique": true,
                        "Hash Cond": "(mi.movie_id = t.id)",
                        "Plans": [
                          {
                            "Node Type": "Bitmap Heap Scan",
                            "Parent Relationship": "Outer",
                            "Parallel Aware": true,
                            "Relation Name": "movie_info",
                            "Alias": "mi",
                            "Startup Cost": 18442.73,
                            "Total Cost": 187921.77,
                            "Plan Rows": 598884,
                            "Plan Width": 4,
                            "Actual Startup Time": 61.444,
                            "Actual Total Time": 175.845,
                            "Actual Rows": 484182,
                            "Actual Loops": 2,
                            "Recheck Cond": "(info_type_id > 93)",
                            "Rows Removed by Index Recheck": 0,
                            "Exact Heap Blocks": 15884,
                            "Lossy Heap Blocks": 0,
                            "Plans": [
                              {
                                "Node Type": "Bitmap Index Scan",
                                "Parent Relationship": "Outer",
                                "Parallel Aware": false,
                                "Index Name": "info_type_id_movie_info",
                                "Startup Cost": 0.0,
                                "Total Cost": 18188.2,
                                "Plan Rows": 1018102,
                                "Plan Width": 0,
                                "Actual Startup Time": 52.75,
                                "Actual Total Time": 52.75,
                                "Actual Rows": 968365,
                                "Actual Loops": 1,
                                "Index Cond": "(info_type_id > 93)"
                              }
                            ]
                          },
                          {
                            "Node Type": "Hash",
                            "Parent Relationship": "Inner",
                            "Parallel Aware": true,
                            "Startup Cost": 50870.31,
                            "Total Cost": 50870.31,
                            "Plan Rows": 1487231,
                            "Plan Width": 4,
                            "Actual Startup Time": 649.322,
                            "Actual Total Time": 649.323,
                            "Actual Rows": 1264156,
                            "Actual Loops": 2,
                            "Hash Buckets": 4194304,
                            "Original Hash Buckets": 4194304,
                            "Hash Batches": 1,
                            "Original Hash Batches": 1,
                            "Peak Memory Usage": 131712,
                            "Plans": [
                              {
                                "Node Type": "Seq Scan",
                                "Parent Relationship": "Outer",
                                "Parallel Aware": true,
                                "Relation Name": "title",
                                "Alias": "t",
                                "Startup Cost": 0.0,
                                "Total Cost": 50870.31,
                                "Plan Rows": 1487231,
                                "Plan Width": 4,
                                "Actual Startup Time": 0.027,
                                "Actual Total Time": 182.335,
                                "Actual Rows": 1264156,
                                "Actual Loops": 2
                              }
                            ]
                          }
                        ]
                      }
                    ]
                  }
                ]
              }
            ]
          }
        ]
      }
    ]
  },
  "Planning Time": 0.831,
  "Triggers": [],
  "Execution Time": 2356.414
}