[
  {
    "Plan": {
      "Node Type": "Aggregate",
      "Strategy": "Plain",
      "Partial Mode": "Finalize",
      "Parallel Aware": false,
      "Startup Cost": 107997.24,
      "Total Cost": 107997.25,
      "Plan Rows": 1,
      "Plan Width": 8,
      "Actual Startup Time": 110.387,
      "Actual Total Time": 126.629,
      "Actual Rows": 1,
      "Actual Loops": 1,
      "Plans": [
        {
          "Node Type": "Gather",
          "Parent Relationship": "Outer",
          "Parallel Aware": false,
          "Startup Cost": 107996.82,
          "Total Cost": 107997.23,
          "Plan Rows": 4,
          "Plan Width": 8,
          "Actual Startup Time": 110.266,
          "Actual Total Time": 126.621,
          "Actual Rows": 5,
          "Actual Loops": 1,
          "Workers Planned": 4,
          "Workers Launched": 4,
          "Single Copy": false,
          "Plans": [
            {
              "Node Type": "Aggregate",
              "Strategy": "Plain",
              "Partial Mode": "Partial",
              "Parent Relationship": "Outer",
              "Parallel Aware": false,
              "Startup Cost": 106996.82,
              "Total Cost": 106996.83,
              "Plan Rows": 1,
              "Plan Width": 8,
              "Actual Startup Time": 100.746,
              "Actual Total Time": 100.747,
              "Actual Rows": 1,
              "Actual Loops": 5,
              "Plans": [
                {
                  "Node Type": "Nested Loop",
                  "Parent Relationship": "Outer",
                  "Parallel Aware": false,
                  "Join Type": "Inner",
                  "Startup Cost": 0.43,
                  "Total Cost": 106990.21,
                  "Plan Rows": 2646,
                  "Plan Width": 0,
                  "Actual Startup Time": 57.105,
                  "Actual Total Time": 100.28,
                  "Actual Rows": 6141,
                  "Actual Loops": 5,
                  "Inner Unique": false,
                  "Plans": [
                    {
                      "Node Type": "Seq Scan",
                      "Parent Relationship": "Outer",
                      "Parallel Aware": true,
                      "Relation Name": "title",
                      "Alias": "t",
                      "Startup Cost": 0.0,
                      "Total Cost": 43898.92,
                      "Plan Rows": 452,
                      "Plan Width": 4,
                      "Actual Startup Time": 57.007,
                      "Actual Total Time": 78.242,
                      "Actual Rows": 501,
                      "Actual Loops": 5,
                      "Filter": "(production_year = 1931)",
                      "Rows Removed by Filter": 505161
                    },
                    {
                      "Node Type": "Index Only Scan",
                      "Parent Relationship": "Inner",
                      "Parallel Aware": false,
                      "Scan Direction": "Forward",
                      "Index Name": "movie_id_movie_info",
                      "Relation Name": "movie_info",
                      "Alias": "mi",
                      "Startup Cost": 0.43,
                      "Total Cost": 139.16,
                      "Plan Rows": 42,
                      "Plan Width": 4,
                      "Actual Startup Time": 0.015,
                      "Actual Total Time": 0.042,
                      "Actual Rows": 12,
                      "Actual Loops": 2507,
                      "Index Cond": "(movie_id = t.id)",
                      "Rows Removed by Index Recheck": 0,
                      "Heap Fetches": 30703
                    }
                  ]
                }
              ]
            }
          ]
        }
      ]
    },
    "Planning Time": 0.463,
    "Triggers": [],
    "Execution Time": 126.686
  }
]