{
    "Plan": {
        "Node Type": "Aggregate",
        "Strategy": "Plain",
        "Partial Mode": "Finalize",
        "Parallel Aware": false,
        "Startup Cost": 45109.54,
        "Total Cost": 45109.55,
        "Plan Rows": 1,
        "Plan Width": 8,
        "Actual Startup Time": 209.383,
        "Actual Total Time": 223.597,
        "Actual Rows": 1,
        "Actual Loops": 1,
        "Output": [
            "count(*)"
        ],
        "Plans": [
            {
                "Node Type": "Gather",
                "Parent Relationship": "Outer",
                "Parallel Aware": false,
                "Startup Cost": 45109.22,
                "Total Cost": 45109.53,
                "Plan Rows": 3,
                "Plan Width": 8,
                "Actual Startup Time": 209.253,
                "Actual Total Time": 223.586,
                "Actual Rows": 4,
                "Actual Loops": 1,
                "Output": [
                    "(PARTIAL count(*))"
                ],
                "Workers Planned": 3,
                "Workers Launched": 3,
                "Single Copy": false,
                "Plans": [
                    {
                        "Node Type": "Aggregate",
                        "Strategy": "Plain",
                        "Partial Mode": "Partial",
                        "Parent Relationship": "Outer",
                        "Parallel Aware": false,
                        "Startup Cost": 44109.22,
                        "Total Cost": 44109.23,
                        "Plan Rows": 1,
                        "Plan Width": 8,
                        "Actual Startup Time": 200.246,
                        "Actual Total Time": 200.247,
                        "Actual Rows": 1,
                        "Actual Loops": 4,
                        "Output": [
                            "PARTIAL count(*)"
                        ],
                        "Workers": [
                            {
                                "Worker Number": 0,
                                "Actual Startup Time": 197.488,
                                "Actual Total Time": 197.489,
                                "Actual Rows": 1,
                                "Actual Loops": 1
                            },
                            {
                                "Worker Number": 1,
                                "Actual Startup Time": 197.053,
                                "Actual Total Time": 197.055,
                                "Actual Rows": 1,
                                "Actual Loops": 1
                            },
                            {
                                "Worker Number": 2,
                                "Actual Startup Time": 198.252,
                                "Actual Total Time": 198.254,
                                "Actual Rows": 1,
                                "Actual Loops": 1
                            }
                        ],
                        "Plans": [
                            {
                                "Node Type": "Seq Scan",
                                "Parent Relationship": "Outer",
                                "Parallel Aware": true,
                                "Relation Name": "movie_keyword",
                                "Schema": "public",
                                "Alias": "mk",
                                "Startup Cost": 0.0,
                                "Total Cost": 42695.65,
                                "Plan Rows": 565426,
                                "Plan Width": 0,
                                "Actual Startup Time": 1.723,
                                "Actual Total Time": 170.087,
                                "Actual Rows": 433377,
                                "Actual Loops": 4,
                                "Output": [
                                    "id",
                                    "movie_id",
                                    "keyword_id"
                                ],
                                "Filter": "(mk.keyword_id > 8149)",
                                "Rows Removed by Filter": 697606,
                                "Workers": [
                                    {
                                        "Worker Number": 0,
                                        "Actual Startup Time": 0.078,
                                        "Actual Total Time": 167.472,
                                        "Actual Rows": 427608,
                                        "Actual Loops": 1
                                    },
                                    {
                                        "Worker Number": 1,
                                        "Actual Startup Time": 0.076,
                                        "Actual Total Time": 167.962,
                                        "Actual Rows": 419700,
                                        "Actual Loops": 1
                                    },
                                    {
                                        "Worker Number": 2,
                                        "Actual Startup Time": 0.091,
                                        "Actual Total Time": 168.289,
                                        "Actual Rows": 429595,
                                        "Actual Loops": 1
                                    }
                                ]
                            }
                        ]
                    }
                ]
            }
        ]
    },
    "Planning Time": 1.877,
    "Triggers": [],
    "Execution Time": 223.873
}