[
  {
    "Plan": {
      "Node Type": "Aggregate",
      "Strategy": "Plain",
      "Partial Mode": "Finalize",
      "Parallel Aware": false,
      "Startup Cost": 38367.64,
      "Total Cost": 38367.65,
      "Plan Rows": 1,
      "Plan Width": 8,
      "Actual Startup Time": 28.229,
      "Actual Total Time": 32.445,
      "Actual Rows": 1,
      "Actual Loops": 1,
      "Plans": [
        {
          "Node Type": "Gather",
          "Parent Relationship": "Outer",
          "Parallel Aware": false,
          "Startup Cost": 38367.43,
          "Total Cost": 38367.64,
          "Plan Rows": 2,
          "Plan Width": 8,
          "Actual Startup Time": 28.029,
          "Actual Total Time": 32.44,
          "Actual Rows": 3,
          "Actual Loops": 1,
          "Workers Planned": 2,
          "Workers Launched": 2,
          "Single Copy": false,
          "Plans": [
            {
              "Node Type": "Aggregate",
              "Strategy": "Plain",
              "Partial Mode": "Partial",
              "Parent Relationship": "Outer",
              "Parallel Aware": false,
              "Startup Cost": 37367.43,
              "Total Cost": 37367.44,
              "Plan Rows": 1,
              "Plan Width": 8,
              "Actual Startup Time": 20.318,
              "Actual Total Time": 20.32,
              "Actual Rows": 1,
              "Actual Loops": 3,
              "Plans": [
                {
                  "Node Type": "Nested Loop",
                  "Parent Relationship": "Outer",
                  "Parallel Aware": false,
                  "Join Type": "Inner",
                  "Startup Cost": 110.22,
                  "Total Cost": 37365.37,
                  "Plan Rows": 822,
                  "Plan Width": 0,
                  "Actual Startup Time": 0.886,
                  "Actual Total Time": 20.022,
                  "Actual Rows": 2164,
                  "Actual Loops": 3,
                  "Inner Unique": true,
                  "Plans": [
                    {
                      "Node Type": "Bitmap Heap Scan",
                      "Parent Relationship": "Outer",
                      "Parallel Aware": true,
                      "Relation Name": "movie_info",
                      "Alias": "mi",
                      "Startup Cost": 109.79,
                      "Total Cost": 19887.18,
                      "Plan Rows": 2438,
                      "Plan Width": 4,
                      "Actual Startup Time": 0.724,
                      "Actual Total Time": 3.831,
                      "Actual Rows": 2198,
                      "Actual Loops": 3,
                      "Recheck Cond": "(info_type_id = 43)",
                      "Rows Removed by Index Recheck": 0,
                      "Exact Heap Blocks": 1135,
                      "Lossy Heap Blocks": 0,
                      "Plans": [
                        {
                          "Node Type": "Bitmap Index Scan",
                          "Parent Relationship": "Outer",
                          "Parallel Aware": false,
                          "Index Name": "info_type_id_movie_info",
                          "Startup Cost": 0.0,
                          "Total Cost": 108.33,
                          "Plan Rows": 5852,
                          "Plan Width": 0,
                          "Actual Startup Time": 1.534,
                          "Actual Total Time": 1.535,
                          "Actual Rows": 6595,
                          "Actual Loops": 1,
                          "Index Cond": "(info_type_id = 43)"
                        }
                      ]
                    },
                    {
                      "Node Type": "Index Scan",
                      "Parent Relationship": "Inner",
                      "Parallel Aware": false,
                      "Scan Direction": "Forward",
                      "Index Name": "title_pkey",
                      "Relation Name": "title",
                      "Alias": "t",
                      "Startup Cost": 0.43,
                      "Total Cost": 7.17,
                      "Plan Rows": 1,
                      "Plan Width": 4,
                      "Actual Startup Time": 0.007,
                      "Actual Total Time": 0.007,
                      "Actual Rows": 1,
                      "Actual Loops": 6595,
                      "Index Cond": "(id = mi.movie_id)",
                      "Rows Removed by Index Recheck": 0,
                      "Filter": "(kind_id < 4)",
                      "Rows Removed by Filter": 0
                    }
                  ]
                }
              ]
            }
          ]
        }
      ]
    },
    "Planning Time": 0.248,
    "Triggers": [],
    "Execution Time": 32.483
  }
]