[
  {
    "Plan": {
      "Node Type": "Aggregate",
      "Strategy": "Plain",
      "Partial Mode": "Finalize",
      "Parallel Aware": false,
      "Startup Cost": 96109.86,
      "Total Cost": 96109.87,
      "Plan Rows": 1,
      "Plan Width": 8,
      "Actual Startup Time": 387.118,
      "Actual Total Time": 407.07,
      "Actual Rows": 1,
      "Actual Loops": 1,
      "Plans": [
        {
          "Node Type": "Gather",
          "Parent Relationship": "Outer",
          "Parallel Aware": false,
          "Startup Cost": 96109.64,
          "Total Cost": 96109.85,
          "Plan Rows": 2,
          "Plan Width": 8,
          "Actual Startup Time": 384.657,
          "Actual Total Time": 407.06,
          "Actual Rows": 3,
          "Actual Loops": 1,
          "Workers Planned": 2,
          "Workers Launched": 2,
          "Single Copy": false,
          "Plans": [
            {
              "Node Type": "Aggregate",
              "Strategy": "Plain",
              "Partial Mode": "Partial",
              "Parent Relationship": "Outer",
              "Parallel Aware": false,
              "Startup Cost": 95109.64,
              "Total Cost": 95109.65,
              "Plan Rows": 1,
              "Plan Width": 8,
              "Actual Startup Time": 377.334,
              "Actual Total Time": 377.425,
              "Actual Rows": 1,
              "Actual Loops": 3,
              "Plans": [
                {
                  "Node Type": "Hash Join",
                  "Parent Relationship": "Outer",
                  "Parallel Aware": true,
                  "Join Type": "Inner",
                  "Startup Cost": 79117.94,
                  "Total Cost": 95044.04,
                  "Plan Rows": 26242,
                  "Plan Width": 0,
                  "Actual Startup Time": 285.953,
                  "Actual Total Time": 376.342,
                  "Actual Rows": 23040,
                  "Actual Loops": 3,
                  "Inner Unique": false,
                  "Hash Cond": "(mi_idx.movie_id = t.id)",
                  "Plans": [
                    {
                      "Node Type": "Seq Scan",
                      "Parent Relationship": "Outer",
                      "Parallel Aware": true,
                      "Relation Name": "movie_info_idx",
                      "Alias": "mi_idx",
                      "Startup Cost": 0.0,
                      "Total Cost": 13685.15,
                      "Plan Rows": 575015,
                      "Plan Width": 4,
                      "Actual Startup Time": 0.018,
                      "Actual Total Time": 42.709,
                      "Actual Rows": 460012,
                      "Actual Loops": 3
                    },
                    {
                      "Node Type": "Hash",
                      "Parent Relationship": "Inner",
                      "Parallel Aware": true,
                      "Startup Cost": 78652.64,
                      "Total Cost": 78652.64,
                      "Plan Rows": 37224,
                      "Plan Width": 8,
                      "Actual Startup Time": 284.626,
                      "Actual Total Time": 284.716,
                      "Actual Rows": 23080,
                      "Actual Loops": 3,
                      "Hash Buckets": 131072,
                      "Original Hash Buckets": 131072,
                      "Hash Batches": 1,
                      "Original Hash Batches": 1,
                      "Peak Memory Usage": 3776,
                      "Plans": [
                        {
                          "Node Type": "Hash Join",
                          "Parent Relationship": "Outer",
                          "Parallel Aware": true,
                          "Join Type": "Inner",
                          "Startup Cost": 46330.6,
                          "Total Cost": 78652.64,
                          "Plan Rows": 37224,
                          "Plan Width": 8,
                          "Actual Startup Time": 177.052,
                          "Actual Total Time": 278.94,
                          "Actual Rows": 23080,
                          "Actual Loops": 3,
                          "Inner Unique": true,
                          "Hash Cond": "(mc.movie_id = t.id)",
                          "Plans": [
                            {
                              "Node Type": "Seq Scan",
                              "Parent Relationship": "Outer",
                              "Parallel Aware": true,
                              "Relation Name": "movie_companies",
                              "Alias": "mc",
                              "Startup Cost": 0.0,
                              "Total Cost": 31414.82,
                              "Plan Rows": 345608,
                              "Plan Width": 4,
                              "Actual Startup Time": 36.348,
                              "Actual Total Time": 84.246,
                              "Actual Rows": 399486,
                              "Actual Loops": 3,
                              "Filter": "((company_id > 452) AND (company_type_id > 1))",
                              "Rows Removed by Filter": 470223
                            },
                            {
                              "Node Type": "Hash",
                              "Parent Relationship": "Inner",
                              "Parallel Aware": true,
                              "Startup Cost": 45479.59,
                              "Total Cost": 45479.59,
                              "Plan Rows": 68081,
                              "Plan Width": 4,
                              "Actual Startup Time": 138.867,
                              "Actual Total Time": 138.868,
                              "Actual Rows": 93157,
                              "Actual Loops": 3,
                              "Hash Buckets": 524288,
                              "Original Hash Buckets": 524288,
                              "Hash Batches": 1,
                              "Original Hash Batches": 1,
                              "Peak Memory Usage": 15072,
                              "Plans": [
                                {
                                  "Node Type": "Seq Scan",
                                  "Parent Relationship": "Outer",
                                  "Parallel Aware": true,
                                  "Relation Name": "title",
                                  "Alias": "t",
                                  "Startup Cost": 0.0,
                                  "Total Cost": 45479.59,
                                  "Plan Rows": 68081,
                                  "Plan Width": 4,
                                  "Actual Startup Time": 0.046,
                                  "Actual Total Time": 111.734,
                                  "Actual Rows": 93157,
                                  "Actual Loops": 3,
                                  "Filter": "((kind_id > 2) AND (production_year > 2010))",
                                  "Rows Removed by Filter": 749614
                                }
                              ]
                            }
                          ]
                        }
                      ]
                    }
                  ]
                }
              ]
            }
          ]
        }
      ]
    },
    "Planning Time": 0.658,
    "Triggers": [],
    "Execution Time": 407.123
  }
]