[
  {
    "Plan": {
      "Node Type": "Aggregate",
      "Strategy": "Plain",
      "Partial Mode": "Finalize",
      "Parallel Aware": false,
      "Startup Cost": 78356.23,
      "Total Cost": 78356.24,
      "Plan Rows": 1,
      "Plan Width": 8,
      "Actual Startup Time": 385.8,
      "Actual Total Time": 401.18,
      "Actual Rows": 1,
      "Actual Loops": 1,
      "Plans": [
        {
          "Node Type": "Gather",
          "Parent Relationship": "Outer",
          "Parallel Aware": false,
          "Startup Cost": 78355.91,
          "Total Cost": 78356.22,
          "Plan Rows": 3,
          "Plan Width": 8,
          "Actual Startup Time": 382.993,
          "Actual Total Time": 401.169,
          "Actual Rows": 4,
          "Actual Loops": 1,
          "Workers Planned": 3,
          "Workers Launched": 3,
          "Single Copy": false,
          "Plans": [
            {
              "Node Type": "Aggregate",
              "Strategy": "Plain",
              "Partial Mode": "Partial",
              "Parent Relationship": "Outer",
              "Parallel Aware": false,
              "Startup Cost": 77355.91,
              "Total Cost": 77355.92,
              "Plan Rows": 1,
              "Plan Width": 8,
              "Actual Startup Time": 374.568,
              "Actual Total Time": 374.571,
              "Actual Rows": 1,
              "Actual Loops": 4,
              "Plans": [
                {
                  "Node Type": "Hash Join",
                  "Parent Relationship": "Outer",
                  "Parallel Aware": true,
                  "Join Type": "Inner",
                  "Startup Cost": 47422.47,
                  "Total Cost": 76838.36,
                  "Plan Rows": 207020,
                  "Plan Width": 0,
                  "Actual Startup Time": 194.211,
                  "Actual Total Time": 361.899,
                  "Actual Rows": 281764,
                  "Actual Loops": 4,
                  "Inner Unique": true,
                  "Hash Cond": "(mc.movie_id = t.id)",
                  "Plans": [
                    {
                      "Node Type": "Seq Scan",
                      "Parent Relationship": "Outer",
                      "Parallel Aware": true,
                      "Relation Name": "movie_companies",
                      "Alias": "mc",
                      "Startup Cost": 0.0,
                      "Total Cost": 27206.55,
                      "Plan Rows": 841655,
                      "Plan Width": 4,
                      "Actual Startup Time": 0.031,
                      "Actual Total Time": 62.673,
                      "Actual Rows": 652282,
                      "Actual Loops": 4
                    },
                    {
                      "Node Type": "Hash",
                      "Parent Relationship": "Inner",
                      "Parallel Aware": true,
                      "Startup Cost": 45479.1,
                      "Total Cost": 45479.1,
                      "Plan Rows": 155470,
                      "Plan Width": 4,
                      "Actual Startup Time": 158.792,
                      "Actual Total Time": 158.793,
                      "Actual Rows": 141760,
                      "Actual Loops": 4,
                      "Hash Buckets": 1048576,
                      "Original Hash Buckets": 1048576,
                      "Hash Batches": 1,
                      "Original Hash Batches": 1,
                      "Peak Memory Usage": 30496,
                      "Plans": [
                        {
                          "Node Type": "Seq Scan",
                          "Parent Relationship": "Outer",
                          "Parallel Aware": true,
                          "Relation Name": "title",
                          "Alias": "t",
                          "Startup Cost": 0.0,
                          "Total Cost": 45479.1,
                          "Plan Rows": 155470,
                          "Plan Width": 4,
                          "Actual Startup Time": 48.625,
                          "Actual Total Time": 109.864,
                          "Actual Rows": 141760,
                          "Actual Loops": 4,
                          "Filter": "((production_year > 1920) AND (kind_id = 1))",
                          "Rows Removed by Filter": 490318
                        }
                      ]
                    }
                  ]
                }
              ]
            }
          ]
        }
      ]
    },
    "Planning Time": 0.438,
    "Triggers": [],
    "Execution Time": 401.235
  }
]