[
  {
    "Plan": {
      "Node Type": "Aggregate",
      "Strategy": "Plain",
      "Partial Mode": "Finalize",
      "Parallel Aware": false,
      "Startup Cost": 270024.64,
      "Total Cost": 270024.65,
      "Plan Rows": 1,
      "Plan Width": 8,
      "Actual Startup Time": 4669.042,
      "Actual Total Time": 4718.782,
      "Actual Rows": 1,
      "Actual Loops": 1,
      "Plans": [
        {
          "Node Type": "Gather",
          "Parent Relationship": "Outer",
          "Parallel Aware": false,
          "Startup Cost": 270024.32,
          "Total Cost": 270024.63,
          "Plan Rows": 3,
          "Plan Width": 8,
          "Actual Startup Time": 4668.006,
          "Actual Total Time": 4718.774,
          "Actual Rows": 4,
          "Actual Loops": 1,
          "Workers Planned": 3,
          "Workers Launched": 3,
          "Single Copy": false,
          "Plans": [
            {
              "Node Type": "Aggregate",
              "Strategy": "Plain",
              "Partial Mode": "Partial",
              "Parent Relationship": "Outer",
              "Parallel Aware": false,
              "Startup Cost": 269024.32,
              "Total Cost": 269024.33,
              "Plan Rows": 1,
              "Plan Width": 8,
              "Actual Startup Time": 4658.18,
              "Actual Total Time": 4658.184,
              "Actual Rows": 1,
              "Actual Loops": 4,
              "Plans": [
                {
                  "Node Type": "Nested Loop",
                  "Parent Relationship": "Outer",
                  "Parallel Aware": false,
                  "Join Type": "Inner",
                  "Startup Cost": 46002.98,
                  "Total Cost": 267671.8,
                  "Plan Rows": 541008,
                  "Plan Width": 0,
                  "Actual Startup Time": 144.375,
                  "Actual Total Time": 4229.267,
                  "Actual Rows": 9969844,
                  "Actual Loops": 4,
                  "Inner Unique": false,
                  "Join Filter": "(t.id = mi.movie_id)",
                  "Rows Removed by Join Filter": 0,
                  "Plans": [
                    {
                      "Node Type": "Hash Join",
                      "Parent Relationship": "Outer",
                      "Parallel Aware": true,
                      "Join Type": "Inner",
                      "Startup Cost": 46002.55,
                      "Total Cost": 92364.14,
                      "Plan Rows": 92523,
                      "Plan Width": 8,
                      "Actual Startup Time": 144.286,
                      "Actual Total Time": 394.019,
                      "Actual Rows": 241619,
                      "Actual Loops": 4,
                      "Inner Unique": true,
                      "Hash Cond": "(mk.movie_id = t.id)",
                      "Plans": [
                        {
                          "Node Type": "Seq Scan",
                          "Parent Relationship": "Outer",
                          "Parallel Aware": true,
                          "Relation Name": "movie_keyword",
                          "Alias": "mk",
                          "Startup Cost": 0.0,
                          "Total Cost": 42695.65,
                          "Plan Rows": 1396542,
                          "Plan Width": 4,
                          "Actual Startup Time": 0.026,
                          "Actual Total Time": 124.991,
                          "Actual Rows": 1082661,
                          "Actual Loops": 4,
                          "Filter": "(keyword_id < 70034)",
                          "Rows Removed by Filter": 48322
                        },
                        {
                          "Node Type": "Hash",
                          "Parent Relationship": "Inner",
                          "Parallel Aware": true,
                          "Startup Cost": 45479.1,
                          "Total Cost": 45479.1,
                          "Plan Rows": 41876,
                          "Plan Width": 4,
                          "Actual Startup Time": 141.915,
                          "Actual Total Time": 141.916,
                          "Actual Rows": 68957,
                          "Actual Loops": 4,
                          "Hash Buckets": 524288,
                          "Original Hash Buckets": 262144,
                          "Hash Batches": 1,
                          "Original Hash Batches": 1,
                          "Peak Memory Usage": 16992,
                          "Plans": [
                            {
                              "Node Type": "Seq Scan",
                              "Parent Relationship": "Outer",
                              "Parallel Aware": true,
                              "Relation Name": "title",
                              "Alias": "t",
                              "Startup Cost": 0.0,
                              "Total Cost": 45479.1,
                              "Plan Rows": 41876,
                              "Plan Width": 4,
                              "Actual Startup Time": 0.084,
                              "Actual Total Time": 109.041,
                              "Actual Rows": 68957,
                              "Actual Loops": 4,
                              "Filter": "((kind_id < 7) AND (production_year < 1975))",
                              "Rows Removed by Filter": 563121
                            }
                          ]
                        }
                      ]
                    },
                    {
                      "Node Type": "Index Only Scan",
                      "Parent Relationship": "Inner",
                      "Parallel Aware": false,
                      "Scan Direction": "Forward",
                      "Index Name": "movie_id_movie_info",
                      "Relation Name": "movie_info",
                      "Alias": "mi",
                      "Startup Cost": 0.43,
                      "Total Cost": 1.37,
                      "Plan Rows": 42,
                      "Plan Width": 4,
                      "Actual Startup Time": 0.003,
                      "Actual Total Time": 0.012,
                      "Actual Rows": 41,
                      "Actual Loops": 966476,
                      "Index Cond": "(movie_id = mk.movie_id)",
                      "Rows Removed by Index Recheck": 0,
                      "Heap Fetches": 39879375
                    }
                  ]
                }
              ]
            }
          ]
        }
      ]
    },
    "Planning Time": 1.406,
    "Triggers": [],
    "Execution Time": 4718.885
  }
]