[
  {
    "Plan": {
      "Node Type": "Aggregate",
      "Strategy": "Plain",
      "Partial Mode": "Finalize",
      "Parallel Aware": false,
      "Startup Cost": 345950.67,
      "Total Cost": 345950.68,
      "Plan Rows": 1,
      "Plan Width": 8,
      "Actual Startup Time": 652.999,
      "Actual Total Time": 698.88,
      "Actual Rows": 1,
      "Actual Loops": 1,
      "Plans": [
        {
          "Node Type": "Gather",
          "Parent Relationship": "Outer",
          "Parallel Aware": false,
          "Startup Cost": 345950.05,
          "Total Cost": 345950.66,
          "Plan Rows": 6,
          "Plan Width": 8,
          "Actual Startup Time": 652.876,
          "Actual Total Time": 698.872,
          "Actual Rows": 7,
          "Actual Loops": 1,
          "Workers Planned": 6,
          "Workers Launched": 6,
          "Single Copy": false,
          "Plans": [
            {
              "Node Type": "Aggregate",
              "Strategy": "Plain",
              "Partial Mode": "Partial",
              "Parent Relationship": "Outer",
              "Parallel Aware": false,
              "Startup Cost": 344950.05,
              "Total Cost": 344950.06,
              "Plan Rows": 1,
              "Plan Width": 8,
              "Actual Startup Time": 646.218,
              "Actual Total Time": 646.219,
              "Actual Rows": 1,
              "Actual Loops": 7,
              "Plans": [
                {
                  "Node Type": "Seq Scan",
                  "Parent Relationship": "Outer",
                  "Parallel Aware": true,
                  "Relation Name": "cast_info",
                  "Alias": "ci",
                  "Startup Cost": 0.0,
                  "Total Cost": 343316.27,
                  "Plan Rows": 653510,
                  "Plan Width": 0,
                  "Actual Startup Time": 391.139,
                  "Actual Total Time": 605.855,
                  "Actual Rows": 852411,
                  "Actual Loops": 7,
                  "Filter": "((person_id > 3049207) AND (role_id > 1))",
                  "Rows Removed by Filter": 4325353
                }
              ]
            }
          ]
        }
      ]
    },
    "Planning Time": 0.237,
    "Triggers": [],
    "Execution Time": 698.951
  }
]