[
  {
    "Plan": {
      "Node Type": "Aggregate",
      "Strategy": "Plain",
      "Partial Mode": "Finalize",
      "Parallel Aware": false,
      "Startup Cost": 60354.37,
      "Total Cost": 60354.38,
      "Plan Rows": 1,
      "Plan Width": 8,
      "Actual Startup Time": 156.701,
      "Actual Total Time": 171.581,
      "Actual Rows": 1,
      "Actual Loops": 1,
      "Plans": [
        {
          "Node Type": "Gather",
          "Parent Relationship": "Outer",
          "Parallel Aware": false,
          "Startup Cost": 60354.16,
          "Total Cost": 60354.37,
          "Plan Rows": 2,
          "Plan Width": 8,
          "Actual Startup Time": 156.215,
          "Actual Total Time": 171.571,
          "Actual Rows": 3,
          "Actual Loops": 1,
          "Workers Planned": 2,
          "Workers Launched": 2,
          "Single Copy": false,
          "Plans": [
            {
              "Node Type": "Aggregate",
              "Strategy": "Plain",
              "Partial Mode": "Partial",
              "Parent Relationship": "Outer",
              "Parallel Aware": false,
              "Startup Cost": 59354.16,
              "Total Cost": 59354.17,
              "Plan Rows": 1,
              "Plan Width": 8,
              "Actual Startup Time": 147.785,
              "Actual Total Time": 147.789,
              "Actual Rows": 1,
              "Actual Loops": 3,
              "Plans": [
                {
                  "Node Type": "Nested Loop",
                  "Parent Relationship": "Outer",
                  "Parallel Aware": false,
                  "Join Type": "Inner",
                  "Startup Cost": 20763.95,
                  "Total Cost": 59341.46,
                  "Plan Rows": 5078,
                  "Plan Width": 0,
                  "Actual Startup Time": 42.9,
                  "Actual Total Time": 147.076,
                  "Actual Rows": 8909,
                  "Actual Loops": 3,
                  "Inner Unique": true,
                  "Join Filter": "(mc.movie_id = t.id)",
                  "Rows Removed by Join Filter": 0,
                  "Plans": [
                    {
                      "Node Type": "Hash Join",
                      "Parent Relationship": "Outer",
                      "Parallel Aware": true,
                      "Join Type": "Inner",
                      "Startup Cost": 20763.52,
                      "Total Cost": 36939.02,
                      "Plan Rows": 26431,
                      "Plan Width": 8,
                      "Actual Startup Time": 42.81,
                      "Actual Total Time": 102.361,
                      "Actual Rows": 8909,
                      "Actual Loops": 3,
                      "Inner Unique": false,
                      "Hash Cond": "(mi_idx.movie_id = mc.movie_id)",
                      "Plans": [
                        {
                          "Node Type": "Seq Scan",
                          "Parent Relationship": "Outer",
                          "Parallel Aware": true,
                          "Relation Name": "movie_info_idx",
                          "Alias": "mi_idx",
                          "Startup Cost": 0.0,
                          "Total Cost": 15122.68,
                          "Plan Rows": 193512,
                          "Plan Width": 4,
                          "Actual Startup Time": 0.034,
                          "Actual Total Time": 37.466,
                          "Actual Rows": 153308,
                          "Actual Loops": 3,
                          "Filter": "(info_type_id = 100)",
                          "Rows Removed by Filter": 306703
                        },
                        {
                          "Node Type": "Hash",
                          "Parent Relationship": "Inner",
                          "Parallel Aware": true,
                          "Startup Cost": 20496.03,
                          "Total Cost": 20496.03,
                          "Plan Rows": 21399,
                          "Plan Width": 4,
                          "Actual Startup Time": 40.756,
                          "Actual Total Time": 40.757,
                          "Actual Rows": 23309,
                          "Actual Loops": 3,
                          "Hash Buckets": 131072,
                          "Original Hash Buckets": 131072,
                          "Hash Batches": 1,
                          "Original Hash Batches": 1,
                          "Peak Memory Usage": 3808,
                          "Plans": [
                            {
                              "Node Type": "Bitmap Heap Scan",
                              "Parent Relationship": "Outer",
                              "Parallel Aware": true,
                              "Relation Name": "movie_companies",
                              "Alias": "mc",
                              "Startup Cost": 1438.54,
                              "Total Cost": 20496.03,
                              "Plan Rows": 21399,
                              "Plan Width": 4,
                              "Actual Startup Time": 7.613,
                              "Actual Total Time": 29.372,
                              "Actual Rows": 23309,
                              "Actual Loops": 3,
                              "Recheck Cond": "(company_id < 11)",
                              "Rows Removed by Index Recheck": 0,
                              "Exact Heap Blocks": 4930,
                              "Lossy Heap Blocks": 0,
                              "Plans": [
                                {
                                  "Node Type": "Bitmap Index Scan",
                                  "Parent Relationship": "Outer",
                                  "Parallel Aware": false,
                                  "Index Name": "company_id_movie_companies",
                                  "Startup Cost": 0.0,
                                  "Total Cost": 1421.96,
                                  "Plan Rows": 66337,
                                  "Plan Width": 0,
                                  "Actual Startup Time": 9.986,
                                  "Actual Total Time": 9.987,
                                  "Actual Rows": 69928,
                                  "Actual Loops": 1,
                                  "Index Cond": "(company_id < 11)"
                                }
                              ]
                            }
                          ]
                        }
                      ]
                    },
                    {
                      "Node Type": "Index Only Scan",
                      "Parent Relationship": "Inner",
                      "Parallel Aware": false,
                      "Scan Direction": "Forward",
                      "Index Name": "title_pkey",
                      "Relation Name": "title",
                      "Alias": "t",
                      "Startup Cost": 0.43,
                      "Total Cost": 0.84,
                      "Plan Rows": 1,
                      "Plan Width": 4,
                      "Actual Startup Time": 0.005,
                      "Actual Total Time": 0.005,
                      "Actual Rows": 1,
                      "Actual Loops": 26728,
                      "Index Cond": "(id = mi_idx.movie_id)",
                      "Rows Removed by Index Recheck": 0,
                      "Heap Fetches": 26728
                    }
                  ]
                }
              ]
            }
          ]
        }
      ]
    },
    "Planning Time": 1.471,
    "Triggers": [],
    "Execution Time": 171.69
  }
]