[
  {
    "Plan": {
      "Node Type": "Aggregate",
      "Strategy": "Plain",
      "Partial Mode": "Finalize",
      "Parallel Aware": false,
      "Startup Cost": 46541.1,
      "Total Cost": 46541.11,
      "Plan Rows": 1,
      "Plan Width": 8,
      "Actual Startup Time": 90.291,
      "Actual Total Time": 102.281,
      "Actual Rows": 1,
      "Actual Loops": 1,
      "Plans": [
        {
          "Node Type": "Gather",
          "Parent Relationship": "Outer",
          "Parallel Aware": false,
          "Startup Cost": 46540.68,
          "Total Cost": 46541.09,
          "Plan Rows": 4,
          "Plan Width": 8,
          "Actual Startup Time": 90.101,
          "Actual Total Time": 102.27,
          "Actual Rows": 5,
          "Actual Loops": 1,
          "Workers Planned": 4,
          "Workers Launched": 4,
          "Single Copy": false,
          "Plans": [
            {
              "Node Type": "Aggregate",
              "Strategy": "Plain",
              "Partial Mode": "Partial",
              "Parent Relationship": "Outer",
              "Parallel Aware": false,
              "Startup Cost": 45540.68,
              "Total Cost": 45540.69,
              "Plan Rows": 1,
              "Plan Width": 8,
              "Actual Startup Time": 83.746,
              "Actual Total Time": 83.748,
              "Actual Rows": 1,
              "Actual Loops": 5,
              "Plans": [
                {
                  "Node Type": "Seq Scan",
                  "Parent Relationship": "Outer",
                  "Parallel Aware": true,
                  "Relation Name": "title",
                  "Alias": "t",
                  "Startup Cost": 0.0,
                  "Total Cost": 45479.59,
                  "Plan Rows": 24438,
                  "Plan Width": 0,
                  "Actual Startup Time": 0.035,
                  "Actual Total Time": 82.225,
                  "Actual Rows": 21332,
                  "Actual Loops": 5,
                  "Filter": "((kind_id > 4) AND (production_year = 2011))",
                  "Rows Removed by Filter": 484330
                }
              ]
            }
          ]
        }
      ]
    },
    "Planning Time": 0.193,
    "Triggers": [],
    "Execution Time": 102.341
  }
]