[
  {
    "Plan": {
      "Node Type": "Aggregate",
      "Strategy": "Plain",
      "Partial Mode": "Finalize",
      "Parallel Aware": false,
      "Startup Cost": 46541.29,
      "Total Cost": 46541.3,
      "Plan Rows": 1,
      "Plan Width": 8,
      "Actual Startup Time": 107.81,
      "Actual Total Time": 123.038,
      "Actual Rows": 1,
      "Actual Loops": 1,
      "Plans": [
        {
          "Node Type": "Gather",
          "Parent Relationship": "Outer",
          "Parallel Aware": false,
          "Startup Cost": 46540.87,
          "Total Cost": 46541.28,
          "Plan Rows": 4,
          "Plan Width": 8,
          "Actual Startup Time": 107.541,
          "Actual Total Time": 123.028,
          "Actual Rows": 5,
          "Actual Loops": 1,
          "Workers Planned": 4,
          "Workers Launched": 4,
          "Single Copy": false,
          "Plans": [
            {
              "Node Type": "Aggregate",
              "Strategy": "Plain",
              "Partial Mode": "Partial",
              "Parent Relationship": "Outer",
              "Parallel Aware": false,
              "Startup Cost": 45540.87,
              "Total Cost": 45540.88,
              "Plan Rows": 1,
              "Plan Width": 8,
              "Actual Startup Time": 98.176,
              "Actual Total Time": 98.177,
              "Actual Rows": 1,
              "Actual Loops": 5,
              "Plans": [
                {
                  "Node Type": "Seq Scan",
                  "Parent Relationship": "Outer",
                  "Parallel Aware": true,
                  "Relation Name": "title",
                  "Alias": "t",
                  "Startup Cost": 0.0,
                  "Total Cost": 45479.1,
                  "Plan Rows": 24708,
                  "Plan Width": 0,
                  "Actual Startup Time": 0.05,
                  "Actual Total Time": 96.23,
                  "Actual Rows": 21332,
                  "Actual Loops": 5,
                  "Filter": "((kind_id > 4) AND (production_year = 2011))",
                  "Rows Removed by Filter": 484330
                }
              ]
            }
          ]
        }
      ]
    },
    "Planning Time": 0.237,
    "Triggers": [],
    "Execution Time": 123.175
  }
]