[
  {
    "Plan": {
      "Node Type": "Aggregate",
      "Strategy": "Plain",
      "Partial Mode": "Finalize",
      "Parallel Aware": false,
      "Startup Cost": 72790.39,
      "Total Cost": 72790.4,
      "Plan Rows": 1,
      "Plan Width": 8,
      "Actual Startup Time": 203.995,
      "Actual Total Time": 209.917,
      "Actual Rows": 1,
      "Actual Loops": 1,
      "Plans": [
        {
          "Node Type": "Gather",
          "Parent Relationship": "Outer",
          "Parallel Aware": false,
          "Startup Cost": 72789.97,
          "Total Cost": 72790.38,
          "Plan Rows": 4,
          "Plan Width": 8,
          "Actual Startup Time": 202.687,
          "Actual Total Time": 209.909,
          "Actual Rows": 5,
          "Actual Loops": 1,
          "Workers Planned": 4,
          "Workers Launched": 4,
          "Single Copy": false,
          "Plans": [
            {
              "Node Type": "Aggregate",
              "Strategy": "Plain",
              "Partial Mode": "Partial",
              "Parent Relationship": "Outer",
              "Parallel Aware": false,
              "Startup Cost": 71789.97,
              "Total Cost": 71789.98,
              "Plan Rows": 1,
              "Plan Width": 8,
              "Actual Startup Time": 196.187,
              "Actual Total Time": 196.19,
              "Actual Rows": 1,
              "Actual Loops": 5,
              "Plans": [
                {
                  "Node Type": "Hash Join",
                  "Parent Relationship": "Outer",
                  "Parallel Aware": true,
                  "Join Type": "Inner",
                  "Startup Cost": 25965.45,
                  "Total Cost": 71639.19,
                  "Plan Rows": 60309,
                  "Plan Width": 0,
                  "Actual Startup Time": 135.171,
                  "Actual Total Time": 194.037,
                  "Actual Rows": 48785,
                  "Actual Loops": 5,
                  "Inner Unique": false,
                  "Hash Cond": "(t.id = mc.movie_id)",
                  "Plans": [
                    {
                      "Node Type": "Seq Scan",
                      "Parent Relationship": "Outer",
                      "Parallel Aware": true,
                      "Relation Name": "title",
                      "Alias": "t",
                      "Startup Cost": 0.0,
                      "Total Cost": 42318.81,
                      "Plan Rows": 632080,
                      "Plan Width": 4,
                      "Actual Startup Time": 0.01,
                      "Actual Total Time": 56.826,
                      "Actual Rows": 505662,
                      "Actual Loops": 5
                    },
                    {
                      "Node Type": "Hash",
                      "Parent Relationship": "Inner",
                      "Parallel Aware": true,
                      "Startup Cost": 24992.72,
                      "Total Cost": 24992.72,
                      "Plan Rows": 77818,
                      "Plan Width": 4,
                      "Actual Startup Time": 57.974,
                      "Actual Total Time": 57.975,
                      "Actual Rows": 48785,
                      "Actual Loops": 5,
                      "Hash Buckets": 262144,
                      "Original Hash Buckets": 262144,
                      "Hash Batches": 1,
                      "Original Hash Batches": 1,
                      "Peak Memory Usage": 11712,
                      "Plans": [
                        {
                          "Node Type": "Bitmap Heap Scan",
                          "Parent Relationship": "Outer",
                          "Parallel Aware": true,
                          "Relation Name": "movie_companies",
                          "Alias": "mc",
                          "Startup Cost": 5230.0,
                          "Total Cost": 24992.72,
                          "Plan Rows": 77818,
                          "Plan Width": 4,
                          "Actual Startup Time": 15.293,
                          "Actual Total Time": 39.736,
                          "Actual Rows": 48785,
                          "Actual Loops": 5,
                          "Recheck Cond": "(company_id > 102214)",
                          "Rows Removed by Index Recheck": 0,
                          "Exact Heap Blocks": 1865,
                          "Lossy Heap Blocks": 0,
                          "Plans": [
                            {
                              "Node Type": "Bitmap Index Scan",
                              "Parent Relationship": "Outer",
                              "Parallel Aware": false,
                              "Index Name": "company_id_movie_companies",
                              "Startup Cost": 0.0,
                              "Total Cost": 5169.69,
                              "Plan Rows": 241235,
                              "Plan Width": 0,
                              "Actual Startup Time": 17.017,
                              "Actual Total Time": 17.017,
                              "Actual Rows": 243924,
                              "Actual Loops": 1,
                              "Index Cond": "(company_id > 102214)"
                            }
                          ]
                        }
                      ]
                    }
                  ]
                }
              ]
            }
          ]
        }
      ]
    },
    "Planning Time": 0.422,
    "Triggers": [],
    "Execution Time": 209.974
  }
]