[
    {
        "Bao": {
            "Bao prediction": 296.685,
            "Bao recommended hint": "SET enable_mergejoin TO off; SET enable_indexscan TO off; "
        }
    },
    {
        "Plan": {
            "Node Type": "Aggregate",
            "Strategy": "Plain",
            "Partial Mode": "Simple",
            "Parallel Aware": false,
            "Startup Cost": 72666.35,
            "Total Cost": 72666.36,
            "Plan Rows": 1,
            "Plan Width": 64,
            "Actual Startup Time": 229.699,
            "Actual Total Time": 258.294,
            "Actual Rows": 1,
            "Actual Loops": 1,
            "Output": [
                "min(n.name)",
                "min(t.title)"
            ],
            "Plans": [
                {
                    "Node Type": "Nested Loop",
                    "Parent Relationship": "Outer",
                    "Parallel Aware": false,
                    "Join Type": "Inner",
                    "Startup Cost": 1024.01,
                    "Total Cost": 72666.35,
                    "Plan Rows": 1,
                    "Plan Width": 32,
                    "Actual Startup Time": 228.601,
                    "Actual Total Time": 258.275,
                    "Actual Rows": 8,
                    "Actual Loops": 1,
                    "Output": [
                        "n.name",
                        "t.title"
                    ],
                    "Inner Unique": true,
                    "Join Filter": "(ci.role_id = rt.id)",
                    "Rows Removed by Join Filter": 0,
                    "Plans": [
                        {
                            "Node Type": "Nested Loop",
                            "Parent Relationship": "Outer",
                            "Parallel Aware": false,
                            "Join Type": "Inner",
                            "Startup Cost": 1024.01,
                            "Total Cost": 72665.18,
                            "Plan Rows": 1,
                            "Plan Width": 36,
                            "Actual Startup Time": 228.592,
                            "Actual Total Time": 258.234,
                            "Actual Rows": 8,
                            "Actual Loops": 1,
                            "Output": [
                                "ci.role_id",
                                "n.name",
                                "t.title"
                            ],
                            "Inner Unique": true,
                            "Join Filter": "(mi.info_type_id = it.id)",
                            "Rows Removed by Join Filter": 0,
                            "Plans": [
                                {
                                    "Node Type": "Nested Loop",
                                    "Parent Relationship": "Outer",
                                    "Parallel Aware": false,
                                    "Join Type": "Inner",
                                    "Startup Cost": 1024.01,
                                    "Total Cost": 72662.76,
                                    "Plan Rows": 1,
                                    "Plan Width": 40,
                                    "Actual Startup Time": 228.569,
                                    "Actual Total Time": 258.16,
                                    "Actual Rows": 8,
                                    "Actual Loops": 1,
                                    "Output": [
                                        "ci.role_id",
                                        "mi.info_type_id",
                                        "n.name",
                                        "t.title"
                                    ],
                                    "Inner Unique": false,
                                    "Join Filter": "(t.id = mi.movie_id)",
                                    "Rows Removed by Join Filter": 0,
                                    "Plans": [
                                        {
                                            "Node Type": "Nested Loop",
                                            "Parent Relationship": "Outer",
                                            "Parallel Aware": false,
                                            "Join Type": "Inner",
                                            "Startup Cost": 1021.19,
                                            "Total Cost": 72651.23,
                                            "Plan Rows": 1,
                                            "Plan Width": 48,
                                            "Actual Startup Time": 228.484,
                                            "Actual Total Time": 257.822,
                                            "Actual Rows": 8,
                                            "Actual Loops": 1,
                                            "Output": [
                                                "ci.movie_id",
                                                "ci.role_id",
                                                "mc.movie_id",
                                                "n.name",
                                                "t.title",
                                                "t.id"
                                            ],
                                            "Inner Unique": true,
                                            "Plans": [
                                                {
                                                    "Node Type": "Nested Loop",
                                                    "Parent Relationship": "Outer",
                                                    "Parallel Aware": false,
                                                    "Join Type": "Inner",
                                                    "Startup Cost": 1020.73,
                                                    "Total Cost": 72646.76,
                                                    "Plan Rows": 1,
                                                    "Plan Width": 52,
                                                    "Actual Startup Time": 228.435,
                                                    "Actual Total Time": 257.699,
                                                    "Actual Rows": 8,
                                                    "Actual Loops": 1,
                                                    "Output": [
                                                        "ci.movie_id",
                                                        "ci.role_id",
                                                        "mc.movie_id",
                                                        "mc.company_id",
                                                        "n.name",
                                                        "t.title",
                                                        "t.id"
                                                    ],
                                                    "Inner Unique": false,
                                                    "Plans": [
                                                        {
                                                            "Node Type": "Nested Loop",
                                                            "Parent Relationship": "Outer",
                                                            "Parallel Aware": false,
                                                            "Join Type": "Inner",
                                                            "Startup Cost": 1017.63,
                                                            "Total Cost": 72635.61,
                                                            "Plan Rows": 1,
                                                            "Plan Width": 44,
                                                            "Actual Startup Time": 228.345,
                                                            "Actual Total Time": 257.463,
                                                            "Actual Rows": 8,
                                                            "Actual Loops": 1,
                                                            "Output": [
                                                                "ci.movie_id",
                                                                "ci.role_id",
                                                                "n.name",
                                                                "t.title",
                                                                "t.id"
                                                            ],
                                                            "Inner Unique": true,
                                                            "Plans": [
                                                                {
                                                                    "Node Type": "Nested Loop",
                                                                    "Parent Relationship": "Outer",
                                                                    "Parallel Aware": false,
                                                                    "Join Type": "Inner",
                                                                    "Startup Cost": 1013.45,
                                                                    "Total Cost": 72627.41,
                                                                    "Plan Rows": 1,
                                                                    "Plan Width": 23,
                                                                    "Actual Startup Time": 228.206,
                                                                    "Actual Total Time": 256.99,
                                                                    "Actual Rows": 26,
                                                                    "Actual Loops": 1,
                                                                    "Output": [
                                                                        "ci.movie_id",
                                                                        "ci.role_id",
                                                                        "n.name"
                                                                    ],
                                                                    "Inner Unique": true,
                                                                    "Plans": [
                                                                        {
                                                                            "Node Type": "Gather",
                                                                            "Parent Relationship": "Outer",
                                                                            "Parallel Aware": false,
                                                                            "Startup Cost": 1009.22,
                                                                            "Total Cost": 72619.16,
                                                                            "Plan Rows": 1,
                                                                            "Plan Width": 27,
                                                                            "Actual Startup Time": 228.125,
                                                                            "Actual Total Time": 256.719,
                                                                            "Actual Rows": 26,
                                                                            "Actual Loops": 1,
                                                                            "Output": [
                                                                                "ci.movie_id",
                                                                                "ci.role_id",
                                                                                "ci.person_role_id",
                                                                                "n.name"
                                                                            ],
                                                                            "Workers Planned": 4,
                                                                            "Workers Launched": 4,
                                                                            "Single Copy": false,
                                                                            "Plans": [
                                                                                {
                                                                                    "Node Type": "Nested Loop",
                                                                                    "Parent Relationship": "Outer",
                                                                                    "Parallel Aware": false,
                                                                                    "Join Type": "Inner",
                                                                                    "Startup Cost": 9.22,
                                                                                    "Total Cost": 71619.06,
                                                                                    "Plan Rows": 1,
                                                                                    "Plan Width": 27,
                                                                                    "Actual Startup Time": 197.624,
                                                                                    "Actual Total Time": 216.676,
                                                                                    "Actual Rows": 5,
                                                                                    "Actual Loops": 5,
                                                                                    "Output": [
                                                                                        "ci.movie_id",
                                                                                        "ci.role_id",
                                                                                        "ci.person_role_id",
                                                                                        "n.name"
                                                                                    ],
                                                                                    "Inner Unique": false,
                                                                                    "Join Filter": "(n.id = ci.person_id)",
                                                                                    "Rows Removed by Join Filter": 0,
                                                                                    "Workers": [
                                                                                        {
                                                                                            "Worker Number": 0,
                                                                                            "Actual Startup Time": 213.504,
                                                                                            "Actual Total Time": 213.508,
                                                                                            "Actual Rows": 0,
                                                                                            "Actual Loops": 1
                                                                                        },
                                                                                        {
                                                                                            "Worker Number": 1,
                                                                                            "Actual Startup Time": 119.174,
                                                                                            "Actual Total Time": 214.418,
                                                                                            "Actual Rows": 26,
                                                                                            "Actual Loops": 1
                                                                                        },
                                                                                        {
                                                                                            "Worker Number": 2,
                                                                                            "Actual Startup Time": 214.506,
                                                                                            "Actual Total Time": 214.509,
                                                                                            "Actual Rows": 0,
                                                                                            "Actual Loops": 1
                                                                                        },
                                                                                        {
                                                                                            "Worker Number": 3,
                                                                                            "Actual Startup Time": 214.43,
                                                                                            "Actual Total Time": 214.436,
                                                                                            "Actual Rows": 0,
                                                                                            "Actual Loops": 1
                                                                                        }
                                                                                    ],
                                                                                    "Plans": [
                                                                                        {
                                                                                            "Node Type": "Nested Loop",
                                                                                            "Parent Relationship": "Outer",
                                                                                            "Parallel Aware": false,
                                                                                            "Join Type": "Inner",
                                                                                            "Startup Cost": 4.4,
                                                                                            "Total Cost": 71538.17,
                                                                                            "Plan Rows": 5,
                                                                                            "Plan Width": 23,
                                                                                            "Actual Startup Time": 178.505,
                                                                                            "Actual Total Time": 216.604,
                                                                                            "Actual Rows": 1,
                                                                                            "Actual Loops": 5,
                                                                                            "Output": [
                                                                                                "an.person_id",
                                                                                                "n.name",
                                                                                                "n.id"
                                                                                            ],
                                                                                            "Inner Unique": false,
                                                                                            "Workers": [
                                                                                                {
                                                                                                    "Worker Number": 0,
                                                                                                    "Actual Startup Time": 213.503,
                                                                                                    "Actual Total Time": 213.505,
                                                                                                    "Actual Rows": 0,
                                                                                                    "Actual Loops": 1
                                                                                                },
                                                                                                {
                                                                                                    "Worker Number": 1,
                                                                                                    "Actual Startup Time": 119.016,
                                                                                                    "Actual Total Time": 214.235,
                                                                                                    "Actual Rows": 2,
                                                                                                    "Actual Loops": 1
                                                                                                },
                                                                                                {
                                                                                                    "Worker Number": 2,
                                                                                                    "Actual Startup Time": 214.504,
                                                                                                    "Actual Total Time": 214.506,
                                                                                                    "Actual Rows": 0,
                                                                                                    "Actual Loops": 1
                                                                                                },
                                                                                                {
                                                                                                    "Worker Number": 3,
                                                                                                    "Actual Startup Time": 118.997,
                                                                                                    "Actual Total Time": 214.264,
                                                                                                    "Actual Rows": 1,
                                                                                                    "Actual Loops": 1
                                                                                                }
                                                                                            ],
                                                                                            "Plans": [
                                                                                                {
                                                                                                    "Node Type": "Seq Scan",
                                                                                                    "Parent Relationship": "Outer",
                                                                                                    "Parallel Aware": true,
                                                                                                    "Relation Name": "name",
                                                                                                    "Schema": "public",
                                                                                                    "Alias": "n",
                                                                                                    "Startup Cost": 0.0,
                                                                                                    "Total Cost": 71241.41,
                                                                                                    "Plan Rows": 24,
                                                                                                    "Plan Width": 19,
                                                                                                    "Actual Startup Time": 178.449,
                                                                                                    "Actual Total Time": 216.545,
                                                                                                    "Actual Rows": 0,
                                                                                                    "Actual Loops": 5,
                                                                                                    "Output": [
                                                                                                        "n.id",
                                                                                                        "n.name",
                                                                                                        "n.imdb_index",
                                                                                                        "n.imdb_id",
                                                                                                        "n.gender",
                                                                                                        "n.name_pcode_cf",
                                                                                                        "n.name_pcode_nf",
                                                                                                        "n.surname_pcode",
                                                                                                        "n.md5sum"
                                                                                                    ],
                                                                                                    "Filter": "((n.name ~~ '%Kop,%'::text) AND ((n.gender)::text = 'f'::text))",
                                                                                                    "Rows Removed by Filter": 833498,
                                                                                                    "Workers": [
                                                                                                        {
                                                                                                            "Worker Number": 0,
                                                                                                            "Actual Startup Time": 213.501,
                                                                                                            "Actual Total Time": 213.502,
                                                                                                            "Actual Rows": 0,
                                                                                                            "Actual Loops": 1
                                                                                                        },
                                                                                                        {
                                                                                                            "Worker Number": 1,
                                                                                                            "Actual Startup Time": 118.896,
                                                                                                            "Actual Total Time": 214.111,
                                                                                                            "Actual Rows": 1,
                                                                                                            "Actual Loops": 1
                                                                                                        },
                                                                                                        {
                                                                                                            "Worker Number": 2,
                                                                                                            "Actual Startup Time": 214.503,
                                                                                                            "Actual Total Time": 214.504,
                                                                                                            "Actual Rows": 0,
                                                                                                            "Actual Loops": 1
                                                                                                        },
                                                                                                        {
                                                                                                            "Worker Number": 3,
                                                                                                            "Actual Startup Time": 118.843,
                                                                                                            "Actual Total Time": 214.106,
                                                                                                            "Actual Rows": 1,
                                                                                                            "Actual Loops": 1
                                                                                                        }
                                                                                                    ]
                                                                                                },
                                                                                                {
                                                                                                    "Node Type": "Bitmap Heap Scan",
                                                                                                    "Parent Relationship": "Inner",
                                                                                                    "Parallel Aware": false,
                                                                                                    "Relation Name": "aka_name",
                                                                                                    "Schema": "public",
                                                                                                    "Alias": "an",
                                                                                                    "Startup Cost": 4.4,
                                                                                                    "Total Cost": 12.34,
                                                                                                    "Plan Rows": 2,
                                                                                                    "Plan Width": 4,
                                                                                                    "Actual Startup Time": 0.12,
                                                                                                    "Actual Total Time": 0.122,
                                                                                                    "Actual Rows": 2,
                                                                                                    "Actual Loops": 2,
                                                                                                    "Output": [
                                                                                                        "an.id",
                                                                                                        "an.person_id",
                                                                                                        "an.name",
                                                                                                        "an.imdb_index",
                                                                                                        "an.name_pcode_cf",
                                                                                                        "an.name_pcode_nf",
                                                                                                        "an.surname_pcode",
                                                                                                        "an.md5sum"
                                                                                                    ],
                                                                                                    "Recheck Cond": "(an.person_id = n.id)",
                                                                                                    "Rows Removed by Index Recheck": 0,
                                                                                                    "Exact Heap Blocks": 0,
                                                                                                    "Lossy Heap Blocks": 0,
                                                                                                    "Workers": [
                                                                                                        {
                                                                                                            "Worker Number": 1,
                                                                                                            "Actual Startup Time": 0.105,
                                                                                                            "Actual Total Time": 0.107,
                                                                                                            "Actual Rows": 2,
                                                                                                            "Actual Loops": 1
                                                                                                        },
                                                                                                        {
                                                                                                            "Worker Number": 3,
                                                                                                            "Actual Startup Time": 0.135,
                                                                                                            "Actual Total Time": 0.137,
                                                                                                            "Actual Rows": 1,
                                                                                                            "Actual Loops": 1
                                                                                                        }
                                                                                                    ],
                                                                                                    "Plans": [
                                                                                                        {
                                                                                                            "Node Type": "Bitmap Index Scan",
                                                                                                            "Parent Relationship": "Outer",
                                                                                                            "Parallel Aware": false,
                                                                                                            "Index Name": "person_id_aka_name",
                                                                                                            "Startup Cost": 0.0,
                                                                                                            "Total Cost": 4.4,
                                                                                                            "Plan Rows": 2,
                                                                                                            "Plan Width": 0,
                                                                                                            "Actual Startup Time": 0.098,
                                                                                                            "Actual Total Time": 0.099,
                                                                                                            "Actual Rows": 2,
                                                                                                            "Actual Loops": 2,
                                                                                                            "Index Cond": "(an.person_id = n.id)",
                                                                                                            "Workers": [
                                                                                                                {
                                                                                                                    "Worker Number": 1,
                                                                                                                    "Actual Startup Time": 0.086,
                                                                                                                    "Actual Total Time": 0.087,
                                                                                                                    "Actual Rows": 2,
                                                                                                                    "Actual Loops": 1
                                                                                                                },
                                                                                                                {
                                                                                                                    "Worker Number": 3,
                                                                                                                    "Actual Startup Time": 0.11,
                                                                                                                    "Actual Total Time": 0.111,
                                                                                                                    "Actual Rows": 1,
                                                                                                                    "Actual Loops": 1
                                                                                                                }
                                                                                                            ]
                                                                                                        }
                                                                                                    ]
                                                                                                }
                                                                                            ]
                                                                                        },
                                                                                        {
                                                                                            "Node Type": "Bitmap Heap Scan",
                                                                                            "Parent Relationship": "Inner",
                                                                                            "Parallel Aware": false,
                                                                                            "Relation Name": "cast_info",
                                                                                            "Schema": "public",
                                                                                            "Alias": "ci",
                                                                                            "Startup Cost": 4.82,
                                                                                            "Total Cost": 16.17,
                                                                                            "Plan Rows": 1,
                                                                                            "Plan Width": 16,
                                                                                            "Actual Startup Time": 0.107,
                                                                                            "Actual Total Time": 0.11,
                                                                                            "Actual Rows": 9,
                                                                                            "Actual Loops": 3,
                                                                                            "Output": [
                                                                                                "ci.id",
                                                                                                "ci.person_id",
                                                                                                "ci.movie_id",
                                                                                                "ci.person_role_id",
                                                                                                "ci.note",
                                                                                                "ci.nr_order",
                                                                                                "ci.role_id"
                                                                                            ],
                                                                                            "Recheck Cond": "(ci.person_id = an.person_id)",
                                                                                            "Rows Removed by Index Recheck": 0,
                                                                                            "Filter": "(ci.note = '(as Anya)'::text)",
                                                                                            "Rows Removed by Filter": 3,
                                                                                            "Exact Heap Blocks": 0,
                                                                                            "Lossy Heap Blocks": 0,
                                                                                            "Workers": [
                                                                                                {
                                                                                                    "Worker Number": 1,
                                                                                                    "Actual Startup Time": 0.079,
                                                                                                    "Actual Total Time": 0.082,
                                                                                                    "Actual Rows": 13,
                                                                                                    "Actual Loops": 2
                                                                                                },
                                                                                                {
                                                                                                    "Worker Number": 3,
                                                                                                    "Actual Startup Time": 0.163,
                                                                                                    "Actual Total Time": 0.164,
                                                                                                    "Actual Rows": 0,
                                                                                                    "Actual Loops": 1
                                                                                                }
                                                                                            ],
                                                                                            "Plans": [
                                                                                                {
                                                                                                    "Node Type": "Bitmap Index Scan",
                                                                                                    "Parent Relationship": "Outer",
                                                                                                    "Parallel Aware": false,
                                                                                                    "Index Name": "person_id_cast_info",
                                                                                                    "Startup Cost": 0.0,
                                                                                                    "Total Cost": 4.82,
                                                                                                    "Plan Rows": 490,
                                                                                                    "Plan Width": 0,
                                                                                                    "Actual Startup Time": 0.088,
                                                                                                    "Actual Total Time": 0.088,
                                                                                                    "Actual Rows": 12,
                                                                                                    "Actual Loops": 3,
                                                                                                    "Index Cond": "(ci.person_id = an.person_id)",
                                                                                                    "Workers": [
                                                                                                        {
                                                                                                            "Worker Number": 1,
                                                                                                            "Actual Startup Time": 0.063,
                                                                                                            "Actual Total Time": 0.063,
                                                                                                            "Actual Rows": 13,
                                                                                                            "Actual Loops": 2
                                                                                                        },
                                                                                                        {
                                                                                                            "Worker Number": 3,
                                                                                                            "Actual Startup Time": 0.137,
                                                                                                            "Actual Total Time": 0.138,
                                                                                                            "Actual Rows": 10,
                                                                                                            "Actual Loops": 1
                                                                                                        }
                                                                                                    ]
                                                                                                }
                                                                                            ]
                                                                                        }
                                                                                    ]
                                                                                }
                                                                            ]
                                                                        },
                                                                        {
                                                                            "Node Type": "Bitmap Heap Scan",
                                                                            "Parent Relationship": "Inner",
                                                                            "Parallel Aware": false,
                                                                            "Relation Name": "char_name",
                                                                            "Schema": "public",
                                                                            "Alias": "chn",
                                                                            "Startup Cost": 4.23,
                                                                            "Total Cost": 8.24,
                                                                            "Plan Rows": 1,
                                                                            "Plan Width": 4,
                                                                            "Actual Startup Time": 0.006,
                                                                            "Actual Total Time": 0.007,
                                                                            "Actual Rows": 1,
                                                                            "Actual Loops": 26,
                                                                            "Output": [
                                                                                "chn.id",
                                                                                "chn.name",
                                                                                "chn.imdb_index",
                                                                                "chn.imdb_id",
                                                                                "chn.name_pcode_nf",
                                                                                "chn.surname_pcode",
                                                                                "chn.md5sum"
                                                                            ],
                                                                            "Recheck Cond": "(chn.id = ci.person_role_id)",
                                                                            "Rows Removed by Index Recheck": 0,
                                                                            "Exact Heap Blocks": 26,
                                                                            "Lossy Heap Blocks": 0,
                                                                            "Plans": [
                                                                                {
                                                                                    "Node Type": "Bitmap Index Scan",
                                                                                    "Parent Relationship": "Outer",
                                                                                    "Parallel Aware": false,
                                                                                    "Index Name": "char_name_pkey",
                                                                                    "Startup Cost": 0.0,
                                                                                    "Total Cost": 4.23,
                                                                                    "Plan Rows": 1,
                                                                                    "Plan Width": 0,
                                                                                    "Actual Startup Time": 0.004,
                                                                                    "Actual Total Time": 0.004,
                                                                                    "Actual Rows": 1,
                                                                                    "Actual Loops": 26,
                                                                                    "Index Cond": "(chn.id = ci.person_role_id)"
                                                                                }
                                                                            ]
                                                                        }
                                                                    ]
                                                                },
                                                                {
                                                                    "Node Type": "Bitmap Heap Scan",
                                                                    "Parent Relationship": "Inner",
                                                                    "Parallel Aware": false,
                                                                    "Relation Name": "title",
                                                                    "Schema": "public",
                                                                    "Alias": "t",
                                                                    "Startup Cost": 4.18,
                                                                    "Total Cost": 8.2,
                                                                    "Plan Rows": 1,
                                                                    "Plan Width": 21,
                                                                    "Actual Startup Time": 0.015,
                                                                    "Actual Total Time": 0.015,
                                                                    "Actual Rows": 0,
                                                                    "Actual Loops": 26,
                                                                    "Output": [
                                                                        "t.id",
                                                                        "t.title",
                                                                        "t.imdb_index",
                                                                        "t.kind_id",
                                                                        "t.production_year",
                                                                        "t.imdb_id",
                                                                        "t.phonetic_code",
                                                                        "t.episode_of_id",
                                                                        "t.season_nr",
                                                                        "t.episode_nr",
                                                                        "t.series_years",
                                                                        "t.md5sum"
                                                                    ],
                                                                    "Recheck Cond": "(t.id = ci.movie_id)",
                                                                    "Rows Removed by Index Recheck": 0,
                                                                    "Filter": "((t.title ~~ '%We%'::text) AND (t.production_year >= 2000) AND (t.production_year <= 2010))",
                                                                    "Rows Removed by Filter": 1,
                                                                    "Exact Heap Blocks": 26,
                                                                    "Lossy Heap Blocks": 0,
                                                                    "Plans": [
                                                                        {
                                                                            "Node Type": "Bitmap Index Scan",
                                                                            "Parent Relationship": "Outer",
                                                                            "Parallel Aware": false,
                                                                            "Index Name": "title_pkey",
                                                                            "Startup Cost": 0.0,
                                                                            "Total Cost": 4.18,
                                                                            "Plan Rows": 1,
                                                                            "Plan Width": 0,
                                                                            "Actual Startup Time": 0.005,
                                                                            "Actual Total Time": 0.005,
                                                                            "Actual Rows": 1,
                                                                            "Actual Loops": 26,
                                                                            "Index Cond": "(t.id = ci.movie_id)"
                                                                        }
                                                                    ]
                                                                }
                                                            ]
                                                        },
                                                        {
                                                            "Node Type": "Bitmap Heap Scan",
                                                            "Parent Relationship": "Inner",
                                                            "Parallel Aware": false,
                                                            "Relation Name": "movie_companies",
                                                            "Schema": "public",
                                                            "Alias": "mc",
                                                            "Startup Cost": 3.1,
                                                            "Total Cost": 11.13,
                                                            "Plan Rows": 1,
                                                            "Plan Width": 8,
                                                            "Actual Startup Time": 0.021,
                                                            "Actual Total Time": 0.025,
                                                            "Actual Rows": 1,
                                                            "Actual Loops": 8,
                                                            "Output": [
                                                                "mc.id",
                                                                "mc.movie_id",
                                                                "mc.company_id",
                                                                "mc.company_type_id",
                                                                "mc.note"
                                                            ],
                                                            "Recheck Cond": "(mc.movie_id = t.id)",
                                                            "Rows Removed by Index Recheck": 0,
                                                            "Filter": "((mc.note ~~ '%(200%)%'::text) AND ((mc.note ~~ '%(USA)%'::text) OR (mc.note ~~ '%(worldwide)%'::text)))",
                                                            "Rows Removed by Filter": 5,
                                                            "Exact Heap Blocks": 16,
                                                            "Lossy Heap Blocks": 0,
                                                            "Plans": [
                                                                {
                                                                    "Node Type": "Bitmap Index Scan",
                                                                    "Parent Relationship": "Outer",
                                                                    "Parallel Aware": false,
                                                                    "Index Name": "movie_id_movie_companies",
                                                                    "Startup Cost": 0.0,
                                                                    "Total Cost": 3.1,
                                                                    "Plan Rows": 5,
                                                                    "Plan Width": 0,
                                                                    "Actual Startup Time": 0.016,
                                                                    "Actual Total Time": 0.016,
                                                                    "Actual Rows": 6,
                                                                    "Actual Loops": 8,
                                                                    "Index Cond": "(mc.movie_id = t.id)"
                                                                }
                                                            ]
                                                        }
                                                    ]
                                                },
                                                {
                                                    "Node Type": "Bitmap Heap Scan",
                                                    "Parent Relationship": "Inner",
                                                    "Parallel Aware": false,
                                                    "Relation Name": "company_name",
                                                    "Schema": "public",
                                                    "Alias": "cn",
                                                    "Startup Cost": 0.46,
                                                    "Total Cost": 4.48,
                                                    "Plan Rows": 1,
                                                    "Plan Width": 4,
                                                    "Actual Startup Time": 0.008,
                                                    "Actual Total Time": 0.008,
                                                    "Actual Rows": 1,
                                                    "Actual Loops": 8,
                                                    "Output": [
                                                        "cn.id",
                                                        "cn.name",
                                                        "cn.country_code",
                                                        "cn.imdb_id",
                                                        "cn.name_pcode_nf",
                                                        "cn.name_pcode_sf",
                                                        "cn.md5sum"
                                                    ],
                                                    "Recheck Cond": "(cn.id = mc.company_id)",
                                                    "Rows Removed by Index Recheck": 0,
                                                    "Filter": "((cn.country_code)::text = '[us]'::text)",
                                                    "Rows Removed by Filter": 0,
                                                    "Exact Heap Blocks": 8,
                                                    "Lossy Heap Blocks": 0,
                                                    "Plans": [
                                                        {
                                                            "Node Type": "Bitmap Index Scan",
                                                            "Parent Relationship": "Outer",
                                                            "Parallel Aware": false,
                                                            "Index Name": "company_name_pkey",
                                                            "Startup Cost": 0.0,
                                                            "Total Cost": 0.46,
                                                            "Plan Rows": 1,
                                                            "Plan Width": 0,
                                                            "Actual Startup Time": 0.003,
                                                            "Actual Total Time": 0.003,
                                                            "Actual Rows": 1,
                                                            "Actual Loops": 8,
                                                            "Index Cond": "(cn.id = mc.company_id)"
                                                        }
                                                    ]
                                                }
                                            ]
                                        },
                                        {
                                            "Node Type": "Bitmap Heap Scan",
                                            "Parent Relationship": "Inner",
                                            "Parallel Aware": false,
                                            "Relation Name": "movie_info",
                                            "Schema": "public",
                                            "Alias": "mi",
                                            "Startup Cost": 2.82,
                                            "Total Cost": 11.51,
                                            "Plan Rows": 1,
                                            "Plan Width": 8,
                                            "Actual Startup Time": 0.022,
                                            "Actual Total Time": 0.038,
                                            "Actual Rows": 1,
                                            "Actual Loops": 8,
                                            "Output": [
                                                "mi.id",
                                                "mi.movie_id",
                                                "mi.info_type_id",
                                                "mi.info",
                                                "mi.note"
                                            ],
                                            "Recheck Cond": "(mi.movie_id = mc.movie_id)",
                                            "Rows Removed by Index Recheck": 0,
                                            "Filter": "((mi.info IS NOT NULL) AND ((mi.info ~~ 'Japan:%2007%'::text) OR (mi.info ~~ 'USA:%2008%'::text)))",
                                            "Rows Removed by Filter": 6,
                                            "Exact Heap Blocks": 46,
                                            "Lossy Heap Blocks": 0,
                                            "Plans": [
                                                {
                                                    "Node Type": "Bitmap Index Scan",
                                                    "Parent Relationship": "Outer",
                                                    "Parallel Aware": false,
                                                    "Index Name": "movie_id_movie_info",
                                                    "Startup Cost": 0.0,
                                                    "Total Cost": 2.82,
                                                    "Plan Rows": 41,
                                                    "Plan Width": 0,
                                                    "Actual Startup Time": 0.014,
                                                    "Actual Total Time": 0.014,
                                                    "Actual Rows": 7,
                                                    "Actual Loops": 8,
                                                    "Index Cond": "(mi.movie_id = mc.movie_id)"
                                                }
                                            ]
                                        }
                                    ]
                                },
                                {
                                    "Node Type": "Seq Scan",
                                    "Parent Relationship": "Inner",
                                    "Parallel Aware": false,
                                    "Relation Name": "info_type",
                                    "Schema": "public",
                                    "Alias": "it",
                                    "Startup Cost": 0.0,
                                    "Total Cost": 2.41,
                                    "Plan Rows": 1,
                                    "Plan Width": 4,
                                    "Actual Startup Time": 0.006,
                                    "Actual Total Time": 0.006,
                                    "Actual Rows": 1,
                                    "Actual Loops": 8,
                                    "Output": [
                                        "it.id",
                                        "it.info"
                                    ],
                                    "Filter": "((it.info)::text = 'release dates'::text)",
                                    "Rows Removed by Filter": 15
                                }
                            ]
                        },
                        {
                            "Node Type": "Seq Scan",
                            "Parent Relationship": "Inner",
                            "Parallel Aware": false,
                            "Relation Name": "role_type",
                            "Schema": "public",
                            "Alias": "rt",
                            "Startup Cost": 0.0,
                            "Total Cost": 1.15,
                            "Plan Rows": 1,
                            "Plan Width": 4,
                            "Actual Startup Time": 0.002,
                            "Actual Total Time": 0.002,
                            "Actual Rows": 1,
                            "Actual Loops": 8,
                            "Output": [
                                "rt.id",
                                "rt.role"
                            ],
                            "Filter": "((rt.role)::text = 'actress'::text)",
                            "Rows Removed by Filter": 1
                        }
                    ]
                }
            ]
        },
        "Planning Time": 1327.745,
        "Triggers": [],
        "Execution Time": 259.582
    }
]