[
    {
        "Bao": {
            "Bao prediction": "NaN",
            "Bao recommended hint": "(no hint)"
        }
    },
    {
        "Plan": {
            "Node Type": "Aggregate",
            "Strategy": "Plain",
            "Partial Mode": "Finalize",
            "Parallel Aware": false,
            "Startup Cost": 267585.85,
            "Total Cost": 267585.86,
            "Plan Rows": 1,
            "Plan Width": 8,
            "Actual Startup Time": 550.71,
            "Actual Total Time": 559.109,
            "Actual Rows": 1,
            "Actual Loops": 1,
            "Output": [
                "count(*)"
            ],
            "Plans": [
                {
                    "Node Type": "Gather",
                    "Parent Relationship": "Outer",
                    "Parallel Aware": false,
                    "Startup Cost": 267585.53,
                    "Total Cost": 267585.84,
                    "Plan Rows": 3,
                    "Plan Width": 8,
                    "Actual Startup Time": 547.362,
                    "Actual Total Time": 559.101,
                    "Actual Rows": 4,
                    "Actual Loops": 1,
                    "Output": [
                        "(PARTIAL count(*))"
                    ],
                    "Workers Planned": 3,
                    "Workers Launched": 3,
                    "Single Copy": false,
                    "Plans": [
                        {
                            "Node Type": "Aggregate",
                            "Strategy": "Plain",
                            "Partial Mode": "Partial",
                            "Parent Relationship": "Outer",
                            "Parallel Aware": false,
                            "Startup Cost": 266585.53,
                            "Total Cost": 266585.54,
                            "Plan Rows": 1,
                            "Plan Width": 8,
                            "Actual Startup Time": 537.621,
                            "Actual Total Time": 537.626,
                            "Actual Rows": 1,
                            "Actual Loops": 4,
                            "Output": [
                                "PARTIAL count(*)"
                            ],
                            "Workers": [
                                {
                                    "Worker Number": 0,
                                    "Actual Startup Time": 534.776,
                                    "Actual Total Time": 534.78,
                                    "Actual Rows": 1,
                                    "Actual Loops": 1
                                },
                                {
                                    "Worker Number": 1,
                                    "Actual Startup Time": 534.632,
                                    "Actual Total Time": 534.636,
                                    "Actual Rows": 1,
                                    "Actual Loops": 1
                                },
                                {
                                    "Worker Number": 2,
                                    "Actual Startup Time": 534.597,
                                    "Actual Total Time": 534.602,
                                    "Actual Rows": 1,
                                    "Actual Loops": 1
                                }
                            ],
                            "Plans": [
                                {
                                    "Node Type": "Hash Join",
                                    "Parent Relationship": "Outer",
                                    "Parallel Aware": true,
                                    "Join Type": "Inner",
                                    "Startup Cost": 221577.78,
                                    "Total Cost": 266314.46,
                                    "Plan Rows": 108429,
                                    "Plan Width": 0,
                                    "Actual Startup Time": 268.834,
                                    "Actual Total Time": 503.51,
                                    "Actual Rows": 810221,
                                    "Actual Loops": 4,
                                    "Inner Unique": false,
                                    "Hash Cond": "(mk.movie_id = t.id)",
                                    "Workers": [
                                        {
                                            "Worker Number": 0,
                                            "Actual Startup Time": 266.164,
                                            "Actual Total Time": 500.62,
                                            "Actual Rows": 795685,
                                            "Actual Loops": 1
                                        },
                                        {
                                            "Worker Number": 1,
                                            "Actual Startup Time": 265.918,
                                            "Actual Total Time": 500.418,
                                            "Actual Rows": 796543,
                                            "Actual Loops": 1
                                        },
                                        {
                                            "Worker Number": 2,
                                            "Actual Startup Time": 265.931,
                                            "Actual Total Time": 500.748,
                                            "Actual Rows": 787081,
                                            "Actual Loops": 1
                                        }
                                    ],
                                    "Plans": [
                                        {
                                            "Node Type": "Seq Scan",
                                            "Parent Relationship": "Outer",
                                            "Parallel Aware": true,
                                            "Relation Name": "movie_keyword",
                                            "Schema": "public",
                                            "Alias": "mk",
                                            "Startup Cost": 0.0,
                                            "Total Cost": 39047.32,
                                            "Plan Rows": 1459332,
                                            "Plan Width": 4,
                                            "Actual Startup Time": 0.019,
                                            "Actual Total Time": 82.028,
                                            "Actual Rows": 1130982,
                                            "Actual Loops": 4,
                                            "Output": [
                                                "mk.id",
                                                "mk.movie_id",
                                                "mk.keyword_id"
                                            ],
                                            "Workers": [
                                                {
                                                    "Worker Number": 0,
                                                    "Actual Startup Time": 0.018,
                                                    "Actual Total Time": 84.325,
                                                    "Actual Rows": 1106300,
                                                    "Actual Loops": 1
                                                },
                                                {
                                                    "Worker Number": 1,
                                                    "Actual Startup Time": 0.017,
                                                    "Actual Total Time": 83.805,
                                                    "Actual Rows": 1111110,
                                                    "Actual Loops": 1
                                                },
                                                {
                                                    "Worker Number": 2,
                                                    "Actual Startup Time": 0.017,
                                                    "Actual Total Time": 84.823,
                                                    "Actual Rows": 1114935,
                                                    "Actual Loops": 1
                                                }
                                            ]
                                        },
                                        {
                                            "Node Type": "Hash",
                                            "Parent Relationship": "Inner",
                                            "Parallel Aware": true,
                                            "Startup Cost": 221108.14,
                                            "Total Cost": 221108.14,
                                            "Plan Rows": 37571,
                                            "Plan Width": 8,
                                            "Actual Startup Time": 267.396,
                                            "Actual Total Time": 267.4,
                                            "Actual Rows": 86148,
                                            "Actual Loops": 4,
                                            "Output": [
                                                "t.id",
                                                "mi.movie_id"
                                            ],
                                            "Hash Buckets": 524288,
                                            "Original Hash Buckets": 262144,
                                            "Hash Batches": 1,
                                            "Original Hash Batches": 1,
                                            "Peak Memory Usage": 19712,
                                            "Workers": [
                                                {
                                                    "Worker Number": 0,
                                                    "Actual Startup Time": 265.476,
                                                    "Actual Total Time": 265.479,
                                                    "Actual Rows": 87602,
                                                    "Actual Loops": 1
                                                },
                                                {
                                                    "Worker Number": 1,
                                                    "Actual Startup Time": 265.414,
                                                    "Actual Total Time": 265.417,
                                                    "Actual Rows": 87423,
                                                    "Actual Loops": 1
                                                },
                                                {
                                                    "Worker Number": 2,
                                                    "Actual Startup Time": 265.434,
                                                    "Actual Total Time": 265.437,
                                                    "Actual Rows": 87570,
                                                    "Actual Loops": 1
                                                }
                                            ],
                                            "Plans": [
                                                {
                                                    "Node Type": "Hash Join",
                                                    "Parent Relationship": "Outer",
                                                    "Parallel Aware": true,
                                                    "Join Type": "Inner",
                                                    "Startup Cost": 57585.68,
                                                    "Total Cost": 221108.14,
                                                    "Plan Rows": 37571,
                                                    "Plan Width": 8,
                                                    "Actual Startup Time": 178.287,
                                                    "Actual Total Time": 237.114,
                                                    "Actual Rows": 86148,
                                                    "Actual Loops": 4,
                                                    "Output": [
                                                        "t.id",
                                                        "mi.movie_id"
                                                    ],
                                                    "Inner Unique": true,
                                                    "Hash Cond": "(mi.movie_id = t.id)",
                                                    "Workers": [
                                                        {
                                                            "Worker Number": 0,
                                                            "Actual Startup Time": 176.512,
                                                            "Actual Total Time": 235.966,
                                                            "Actual Rows": 87602,
                                                            "Actual Loops": 1
                                                        },
                                                        {
                                                            "Worker Number": 1,
                                                            "Actual Startup Time": 176.398,
                                                            "Actual Total Time": 235.115,
                                                            "Actual Rows": 87423,
                                                            "Actual Loops": 1
                                                        },
                                                        {
                                                            "Worker Number": 2,
                                                            "Actual Startup Time": 176.385,
                                                            "Actual Total Time": 235.122,
                                                            "Actual Rows": 87570,
                                                            "Actual Loops": 1
                                                        }
                                                    ],
                                                    "Plans": [
                                                        {
                                                            "Node Type": "Bitmap Heap Scan",
                                                            "Parent Relationship": "Outer",
                                                            "Parallel Aware": true,
                                                            "Relation Name": "movie_info",
                                                            "Schema": "public",
                                                            "Alias": "mi",
                                                            "Startup Cost": 9170.9,
                                                            "Total Cost": 172427.92,
                                                            "Plan Rows": 101122,
                                                            "Plan Width": 4,
                                                            "Actual Startup Time": 15.023,
                                                            "Actual Total Time": 28.212,
                                                            "Actual Rows": 118611,
                                                            "Actual Loops": 4,
                                                            "Output": [
                                                                "mi.id",
                                                                "mi.movie_id",
                                                                "mi.info_type_id",
                                                                "mi.info",
                                                                "mi.note"
                                                            ],
                                                            "Recheck Cond": "(mi.info_type_id = 6)",
                                                            "Rows Removed by Index Recheck": 0,
                                                            "Exact Heap Blocks": 815,
                                                            "Lossy Heap Blocks": 0,
                                                            "Workers": [
                                                                {
                                                                    "Worker Number": 0,
                                                                    "Actual Startup Time": 15.139,
                                                                    "Actual Total Time": 28.822,
                                                                    "Actual Rows": 117584,
                                                                    "Actual Loops": 1
                                                                },
                                                                {
                                                                    "Worker Number": 1,
                                                                    "Actual Startup Time": 15.022,
                                                                    "Actual Total Time": 28.672,
                                                                    "Actual Rows": 117817,
                                                                    "Actual Loops": 1
                                                                },
                                                                {
                                                                    "Worker Number": 2,
                                                                    "Actual Startup Time": 15.078,
                                                                    "Actual Total Time": 28.789,
                                                                    "Actual Rows": 118384,
                                                                    "Actual Loops": 1
                                                                }
                                                            ],
                                                            "Plans": [
                                                                {
                                                                    "Node Type": "Bitmap Index Scan",
                                                                    "Parent Relationship": "Outer",
                                                                    "Parallel Aware": false,
                                                                    "Index Name": "info_type_id_movie_info",
                                                                    "Startup Cost": 0.0,
                                                                    "Total Cost": 9044.49,
                                                                    "Plan Rows": 505608,
                                                                    "Plan Width": 0,
                                                                    "Actual Startup Time": 14.442,
                                                                    "Actual Total Time": 14.442,
                                                                    "Actual Rows": 474443,
                                                                    "Actual Loops": 1,
                                                                    "Index Cond": "(mi.info_type_id = 6)"
                                                                }
                                                            ]
                                                        },
                                                        {
                                                            "Node Type": "Hash",
                                                            "Parent Relationship": "Inner",
                                                            "Parallel Aware": true,
                                                            "Startup Cost": 45479.21,
                                                            "Total Cost": 45479.21,
                                                            "Plan Rows": 234846,
                                                            "Plan Width": 4,
                                                            "Actual Startup Time": 161.102,
                                                            "Actual Total Time": 161.103,
                                                            "Actual Rows": 237673,
                                                            "Actual Loops": 4,
                                                            "Output": [
                                                                "t.id"
                                                            ],
                                                            "Hash Buckets": 1048576,
                                                            "Original Hash Buckets": 1048576,
                                                            "Hash Batches": 1,
                                                            "Original Hash Batches": 1,
                                                            "Peak Memory Usage": 45440,
                                                            "Workers": [
                                                                {
                                                                    "Worker Number": 0,
                                                                    "Actual Startup Time": 161.218,
                                                                    "Actual Total Time": 161.219,
                                                                    "Actual Rows": 236986,
                                                                    "Actual Loops": 1
                                                                },
                                                                {
                                                                    "Worker Number": 1,
                                                                    "Actual Startup Time": 161.078,
                                                                    "Actual Total Time": 161.079,
                                                                    "Actual Rows": 238400,
                                                                    "Actual Loops": 1
                                                                },
                                                                {
                                                                    "Worker Number": 2,
                                                                    "Actual Startup Time": 161.032,
                                                                    "Actual Total Time": 161.032,
                                                                    "Actual Rows": 236837,
                                                                    "Actual Loops": 1
                                                                }
                                                            ],
                                                            "Plans": [
                                                                {
                                                                    "Node Type": "Seq Scan",
                                                                    "Parent Relationship": "Outer",
                                                                    "Parallel Aware": true,
                                                                    "Relation Name": "title",
                                                                    "Schema": "public",
                                                                    "Alias": "t",
                                                                    "Startup Cost": 0.0,
                                                                    "Total Cost": 45479.21,
                                                                    "Plan Rows": 234846,
                                                                    "Plan Width": 4,
                                                                    "Actual Startup Time": 0.033,
                                                                    "Actual Total Time": 89.919,
                                                                    "Actual Rows": 237673,
                                                                    "Actual Loops": 4,
                                                                    "Output": [
                                                                        "t.id"
                                                                    ],
                                                                    "Filter": "((t.kind_id < 7) AND (t.production_year < 2013))",
                                                                    "Rows Removed by Filter": 394405,
                                                                    "Workers": [
                                                                        {
                                                                            "Worker Number": 0,
                                                                            "Actual Startup Time": 0.043,
                                                                            "Actual Total Time": 90.525,
                                                                            "Actual Rows": 236986,
                                                                            "Actual Loops": 1
                                                                        },
                                                                        {
                                                                            "Worker Number": 1,
                                                                            "Actual Startup Time": 0.049,
                                                                            "Actual Total Time": 91.278,
                                                                            "Actual Rows": 238400,
                                                                            "Actual Loops": 1
                                                                        },
                                                                        {
                                                                            "Worker Number": 2,
                                                                            "Actual Startup Time": 0.027,
                                                                            "Actual Total Time": 91.59,
                                                                            "Actual Rows": 236837,
                                                                            "Actual Loops": 1
                                                                        }
                                                                    ]
                                                                }
                                                            ]
                                                        }
                                                    ]
                                                }
                                            ]
                                        }
                                    ]
                                }
                            ]
                        }
                    ]
                }
            ]
        },
        "Planning Time": 203.368,
        "Triggers": [],
        "Execution Time": 559.249
    }
]