{
  "Plan": {
    "Node Type": "Aggregate",
    "Strategy": "Plain",
    "Partial Mode": "Finalize",
    "Parallel Aware": false,
    "Startup Cost": 706827.82,
    "Total Cost": 706827.83,
    "Plan Rows": 1,
    "Plan Width": 8,
    "Actual Startup Time": 5392.386,
    "Actual Total Time": 5454.45,
    "Actual Rows": 1,
    "Actual Loops": 1,
    "Plans": [
      {
        "Node Type": "Gather",
        "Parent Relationship": "Outer",
        "Parallel Aware": false,
        "Startup Cost": 706827.7,
        "Total Cost": 706827.81,
        "Plan Rows": 1,
        "Plan Width": 8,
        "Actual Startup Time": 5391.285,
        "Actual Total Time": 5454.439,
        "Actual Rows": 2,
        "Actual Loops": 1,
        "Workers Planned": 1,
        "Workers Launched": 1,
        "Single Copy": false,
        "Plans": [
          {
            "Node Type": "Aggregate",
            "Strategy": "Plain",
            "Partial Mode": "Partial",
            "Parent Relationship": "Outer",
            "Parallel Aware": false,
            "Startup Cost": 705827.7,
            "Total Cost": 705827.71,
            "Plan Rows": 1,
            "Plan Width": 8,
            "Actual Startup Time": 5385.157,
            "Actual Total Time": 5385.162,
            "Actual Rows": 1,
            "Actual Loops": 2,
            "Plans": [
              {
                "Node Type": "Nested Loop",
                "Parent Relationship": "Outer",
                "Parallel Aware": false,
                "Join Type": "Inner",
                "Startup Cost": 203995.84,
                "Total Cost": 704666.87,
                "Plan Rows": 464332,
                "Plan Width": 0,
                "Actual Startup Time": 617.566,
                "Actual Total Time": 5234.532,
                "Actual Rows": 3321470,
                "Actual Loops": 2,
                "Inner Unique": false,
                "Join Filter": "(t.id = mi.movie_id)",
                "Rows Removed by Join Filter": 0,
                "Plans": [
                  {
                    "Node Type": "Hash Join",
                    "Parent Relationship": "Outer",
                    "Parallel Aware": true,
                    "Join Type": "Inner",
                    "Startup Cost": 203995.4,
                    "Total Cost": 515166.59,
                    "Plan Rows": 104896,
                    "Plan Width": 8,
                    "Actual Startup Time": 617.496,
                    "Actual Total Time": 1695.299,
                    "Actual Rows": 195108,
                    "Actual Loops": 2,
                    "Inner Unique": true,
                    "Hash Cond": "(ci.movie_id = t.id)",
                    "Plans": [
                      {
                        "Node Type": "Bitmap Heap Scan",
                        "Parent Relationship": "Outer",
                        "Parallel Aware": true,
                        "Relation Name": "cast_info",
                        "Alias": "ci",
                        "Startup Cost": 145184.62,
                        "Total Cost": 446205.65,
                        "Plan Rows": 3866722,
                        "Plan Width": 4,
                        "Actual Startup Time": 415.57,
                        "Actual Total Time": 798.202,
                        "Actual Rows": 3387446,
                        "Actual Loops": 2,
                        "Recheck Cond": "(person_id < 654727)",
                        "Rows Removed by Index Recheck": 0,
                        "Exact Heap Blocks": 35560,
                        "Lossy Heap Blocks": 0,
                        "Plans": [
                          {
                            "Node Type": "Bitmap Index Scan",
                            "Parent Relationship": "Outer",
                            "Parallel Aware": false,
                            "Index Name": "person_id_cast_info",
                            "Startup Cost": 0.0,
                            "Total Cost": 143541.27,
                            "Plan Rows": 6573427,
                            "Plan Width": 0,
                            "Actual Startup Time": 395.745,
                            "Actual Total Time": 395.746,
                            "Actual Rows": 6774892,
                            "Actual Loops": 1,
                            "Index Cond": "(person_id < 654727)"
                          }
                        ]
                      },
                      {
                        "Node Type": "Hash",
                        "Parent Relationship": "Inner",
                        "Parallel Aware": true,
                        "Startup Cost": 58306.47,
                        "Total Cost": 58306.47,
                        "Plan Rows": 40345,
                        "Plan Width": 4,
                        "Actual Startup Time": 199.269,
                        "Actual Total Time": 199.27,
                        "Actual Rows": 85362,
                        "Actual Loops": 2,
                        "Hash Buckets": 262144,
                        "Original Hash Buckets": 131072,
                        "Hash Batches": 1,
                        "Original Hash Batches": 1,
                        "Peak Memory Usage": 9760,
                        "Plans": [
                          {
                            "Node Type": "Seq Scan",
                            "Parent Relationship": "Outer",
                            "Parallel Aware": true,
                            "Relation Name": "title",
                            "Alias": "t",
                            "Startup Cost": 0.0,
                            "Total Cost": 58306.47,
                            "Plan Rows": 40345,
                            "Plan Width": 4,
                            "Actual Startup Time": 0.688,
                            "Actual Total Time": 169.838,
                            "Actual Rows": 85362,
                            "Actual Loops": 2,
                            "Filter": "((kind_id < 7) AND (production_year < 1953))",
                            "Rows Removed by Filter": 1178794
                          }
                        ]
                      }
                    ]
                  },
                  {
                    "Node Type": "Index Scan",
                    "Parent Relationship": "Inner",
                    "Parallel Aware": false,
                    "Scan Direction": "Forward",
                    "Index Name": "movie_id_movie_info",
                    "Relation Name": "movie_info",
                    "Alias": "mi",
                    "Startup Cost": 0.43,
                    "Total Cost": 1.41,
                    "Plan Rows": 32,
                    "Plan Width": 4,
                    "Actual Startup Time": 0.005,
                    "Actual Total Time": 0.017,
                    "Actual Rows": 17,
                    "Actual Loops": 390216,
                    "Index Cond": "(movie_id = ci.movie_id)",
                    "Rows Removed by Index Recheck": 0,
                    "Filter": "(info_type_id > 3)",
                    "Rows Removed by Filter": 3
                  }
                ]
              }
            ]
          }
        ]
      }
    ]
  },
  "Planning Time": 1.097,
  "Triggers": [],
  "Execution Time": 5454.584
}