[
  {
    "Plan": {
      "Node Type": "Aggregate",
      "Strategy": "Plain",
      "Partial Mode": "Finalize",
      "Parallel Aware": false,
      "Startup Cost": 343602.74,
      "Total Cost": 343602.75,
      "Plan Rows": 1,
      "Plan Width": 8,
      "Actual Startup Time": 895.943,
      "Actual Total Time": 941.409,
      "Actual Rows": 1,
      "Actual Loops": 1,
      "Plans": [
        {
          "Node Type": "Gather",
          "Parent Relationship": "Outer",
          "Parallel Aware": false,
          "Startup Cost": 343602.12,
          "Total Cost": 343602.73,
          "Plan Rows": 6,
          "Plan Width": 8,
          "Actual Startup Time": 895.708,
          "Actual Total Time": 941.396,
          "Actual Rows": 7,
          "Actual Loops": 1,
          "Workers Planned": 6,
          "Workers Launched": 6,
          "Single Copy": false,
          "Plans": [
            {
              "Node Type": "Aggregate",
              "Strategy": "Plain",
              "Partial Mode": "Partial",
              "Parent Relationship": "Outer",
              "Parallel Aware": false,
              "Startup Cost": 342602.12,
              "Total Cost": 342602.13,
              "Plan Rows": 1,
              "Plan Width": 8,
              "Actual Startup Time": 885.436,
              "Actual Total Time": 885.437,
              "Actual Rows": 1,
              "Actual Loops": 7,
              "Plans": [
                {
                  "Node Type": "Seq Scan",
                  "Parent Relationship": "Outer",
                  "Parallel Aware": true,
                  "Relation Name": "cast_info",
                  "Alias": "ci",
                  "Startup Cost": 0.0,
                  "Total Cost": 328211.39,
                  "Plan Rows": 5756290,
                  "Plan Width": 0,
                  "Actual Startup Time": 0.069,
                  "Actual Total Time": 648.365,
                  "Actual Rows": 4944762,
                  "Actual Loops": 7,
                  "Filter": "(person_id < 3739014)",
                  "Rows Removed by Filter": 233002
                }
              ]
            }
          ]
        }
      ]
    },
    "Planning Time": 0.22,
    "Triggers": [],
    "Execution Time": 941.479
  }
]