[
  {
    "Plan": {
      "Node Type": "Aggregate",
      "Strategy": "Plain",
      "Partial Mode": "Finalize",
      "Parallel Aware": false,
      "Startup Cost": 343557.74,
      "Total Cost": 343557.76,
      "Plan Rows": 1,
      "Plan Width": 8,
      "Actual Startup Time": 888.206,
      "Actual Total Time": 950.364,
      "Actual Rows": 1,
      "Actual Loops": 1,
      "Plans": [
        {
          "Node Type": "Gather",
          "Parent Relationship": "Outer",
          "Parallel Aware": false,
          "Startup Cost": 343557.12,
          "Total Cost": 343557.73,
          "Plan Rows": 6,
          "Plan Width": 8,
          "Actual Startup Time": 888.085,
          "Actual Total Time": 950.351,
          "Actual Rows": 7,
          "Actual Loops": 1,
          "Workers Planned": 6,
          "Workers Launched": 6,
          "Single Copy": false,
          "Plans": [
            {
              "Node Type": "Aggregate",
              "Strategy": "Plain",
              "Partial Mode": "Partial",
              "Parent Relationship": "Outer",
              "Parallel Aware": false,
              "Startup Cost": 342557.12,
              "Total Cost": 342557.13,
              "Plan Rows": 1,
              "Plan Width": 8,
              "Actual Startup Time": 880.164,
              "Actual Total Time": 880.165,
              "Actual Rows": 1,
              "Actual Loops": 7,
              "Plans": [
                {
                  "Node Type": "Seq Scan",
                  "Parent Relationship": "Outer",
                  "Parallel Aware": true,
                  "Relation Name": "cast_info",
                  "Alias": "ci",
                  "Startup Cost": 0.0,
                  "Total Cost": 328162.03,
                  "Plan Rows": 5758038,
                  "Plan Width": 0,
                  "Actual Startup Time": 0.044,
                  "Actual Total Time": 660.717,
                  "Actual Rows": 4944762,
                  "Actual Loops": 7,
                  "Filter": "(person_id < 3739014)",
                  "Rows Removed by Filter": 233002
                }
              ]
            }
          ]
        }
      ]
    },
    "Planning Time": 0.193,
    "Triggers": [],
    "Execution Time": 950.436
  }
]