[
  {
    "Plan": {
      "Node Type": "Aggregate",
      "Strategy": "Plain",
      "Partial Mode": "Finalize",
      "Parallel Aware": false,
      "Startup Cost": 349503.24,
      "Total Cost": 349503.25,
      "Plan Rows": 1,
      "Plan Width": 8,
      "Actual Startup Time": 803.179,
      "Actual Total Time": 867.638,
      "Actual Rows": 1,
      "Actual Loops": 1,
      "Plans": [
        {
          "Node Type": "Gather",
          "Parent Relationship": "Outer",
          "Parallel Aware": false,
          "Startup Cost": 349502.61,
          "Total Cost": 349503.22,
          "Plan Rows": 6,
          "Plan Width": 8,
          "Actual Startup Time": 802.948,
          "Actual Total Time": 867.622,
          "Actual Rows": 7,
          "Actual Loops": 1,
          "Workers Planned": 6,
          "Workers Launched": 6,
          "Single Copy": false,
          "Plans": [
            {
              "Node Type": "Aggregate",
              "Strategy": "Plain",
              "Partial Mode": "Partial",
              "Parent Relationship": "Outer",
              "Parallel Aware": false,
              "Startup Cost": 348502.61,
              "Total Cost": 348502.62,
              "Plan Rows": 1,
              "Plan Width": 8,
              "Actual Startup Time": 797.984,
              "Actual Total Time": 797.986,
              "Actual Rows": 1,
              "Actual Loops": 7,
              "Plans": [
                {
                  "Node Type": "Seq Scan",
                  "Parent Relationship": "Outer",
                  "Parallel Aware": true,
                  "Relation Name": "cast_info",
                  "Alias": "ci",
                  "Startup Cost": 0.0,
                  "Total Cost": 343316.27,
                  "Plan Rows": 2074537,
                  "Plan Width": 0,
                  "Actual Startup Time": 388.417,
                  "Actual Total Time": 733.17,
                  "Actual Rows": 1151617,
                  "Actual Loops": 7,
                  "Filter": "((person_id < 2874433) AND (role_id > 2))",
                  "Rows Removed by Filter": 4026146
                }
              ]
            }
          ]
        }
      ]
    },
    "Planning Time": 0.127,
    "Triggers": [],
    "Execution Time": 867.689
  }
]