{
  "Plan": {
    "Node Type": "Aggregate",
    "Strategy": "Plain",
    "Partial Mode": "Finalize",
    "Parallel Aware": false,
    "Startup Cost": 76285.36,
    "Total Cost": 76285.37,
    "Plan Rows": 1,
    "Plan Width": 8,
    "Actual Startup Time": 166.652,
    "Actual Total Time": 179.606,
    "Actual Rows": 1,
    "Actual Loops": 1,
    "Plans": [
      {
        "Node Type": "Gather",
        "Parent Relationship": "Outer",
        "Parallel Aware": false,
        "Startup Cost": 76285.25,
        "Total Cost": 76285.36,
        "Plan Rows": 1,
        "Plan Width": 8,
        "Actual Startup Time": 166.421,
        "Actual Total Time": 179.6,
        "Actual Rows": 2,
        "Actual Loops": 1,
        "Workers Planned": 1,
        "Workers Launched": 1,
        "Single Copy": false,
        "Plans": [
          {
            "Node Type": "Aggregate",
            "Strategy": "Plain",
            "Partial Mode": "Partial",
            "Parent Relationship": "Outer",
            "Parallel Aware": false,
            "Startup Cost": 75285.25,
            "Total Cost": 75285.26,
            "Plan Rows": 1,
            "Plan Width": 8,
            "Actual Startup Time": 160.536,
            "Actual Total Time": 160.538,
            "Actual Rows": 1,
            "Actual Loops": 2,
            "Plans": [
              {
                "Node Type": "Hash Join",
                "Parent Relationship": "Outer",
                "Parallel Aware": true,
                "Join Type": "Inner",
                "Startup Cost": 56073.38,
                "Total Cost": 75283.54,
                "Plan Rows": 685,
                "Plan Width": 0,
                "Actual Startup Time": 148.28,
                "Actual Total Time": 160.515,
                "Actual Rows": 308,
                "Actual Loops": 2,
                "Inner Unique": true,
                "Hash Cond": "(mc.movie_id = t.id)",
                "Plans": [
                  {
                    "Node Type": "Bitmap Heap Scan",
                    "Parent Relationship": "Outer",
                    "Parallel Aware": true,
                    "Relation Name": "movie_companies",
                    "Alias": "mc",
                    "Startup Cost": 1026.42,
                    "Total Cost": 20163.67,
                    "Plan Rows": 27779,
                    "Plan Width": 4,
                    "Actual Startup Time": 2.863,
                    "Actual Total Time": 11.523,
                    "Actual Rows": 23626,
                    "Actual Loops": 2,
                    "Recheck Cond": "(company_id = 19)",
                    "Rows Removed by Index Recheck": 0,
                    "Exact Heap Blocks": 3650,
                    "Lossy Heap Blocks": 0,
                    "Plans": [
                      {
                        "Node Type": "Bitmap Index Scan",
                        "Parent Relationship": "Outer",
                        "Parallel Aware": false,
                        "Index Name": "company_id_movie_companies",
                        "Startup Cost": 0.0,
                        "Total Cost": 1014.62,
                        "Plan Rows": 47225,
                        "Plan Width": 0,
                        "Actual Startup Time": 2.21,
                        "Actual Total Time": 2.211,
                        "Actual Rows": 47252,
                        "Actual Loops": 1,
                        "Index Cond": "(company_id = 19)"
                      }
                    ]
                  },
                  {
                    "Node Type": "Hash",
                    "Parent Relationship": "Inner",
                    "Parallel Aware": true,
                    "Startup Cost": 54588.39,
                    "Total Cost": 54588.39,
                    "Plan Rows": 36685,
                    "Plan Width": 4,
                    "Actual Startup Time": 143.207,
                    "Actual Total Time": 143.208,
                    "Actual Rows": 31284,
                    "Actual Loops": 2,
                    "Hash Buckets": 65536,
                    "Original Hash Buckets": 65536,
                    "Hash Batches": 1,
                    "Original Hash Batches": 1,
                    "Peak Memory Usage": 2976,
                    "Plans": [
                      {
                        "Node Type": "Seq Scan",
                        "Parent Relationship": "Outer",
                        "Parallel Aware": true,
                        "Relation Name": "title",
                        "Alias": "t",
                        "Startup Cost": 0.0,
                        "Total Cost": 54588.39,
                        "Plan Rows": 36685,
                        "Plan Width": 4,
                        "Actual Startup Time": 0.038,
                        "Actual Total Time": 133.849,
                        "Actual Rows": 31284,
                        "Actual Loops": 2,
                        "Filter": "(production_year = 2002)",
                        "Rows Removed by Filter": 1232872
                      }
                    ]
                  }
                ]
              }
            ]
          }
        ]
      }
    ]
  },
  "Planning Time": 0.45,
  "Triggers": [],
  "Execution Time": 179.7
}