[
  {
    "Plan": {
      "Node Type": "Aggregate",
      "Strategy": "Plain",
      "Partial Mode": "Finalize",
      "Parallel Aware": false,
      "Startup Cost": 455045.44,
      "Total Cost": 455045.45,
      "Plan Rows": 1,
      "Plan Width": 8,
      "Actual Startup Time": 3318.278,
      "Actual Total Time": 3376.758,
      "Actual Rows": 1,
      "Actual Loops": 1,
      "Plans": [
        {
          "Node Type": "Gather",
          "Parent Relationship": "Outer",
          "Parallel Aware": false,
          "Startup Cost": 455044.82,
          "Total Cost": 455045.43,
          "Plan Rows": 6,
          "Plan Width": 8,
          "Actual Startup Time": 3299.367,
          "Actual Total Time": 3376.745,
          "Actual Rows": 7,
          "Actual Loops": 1,
          "Workers Planned": 6,
          "Workers Launched": 6,
          "Single Copy": false,
          "Plans": [
            {
              "Node Type": "Aggregate",
              "Strategy": "Plain",
              "Partial Mode": "Partial",
              "Parent Relationship": "Outer",
              "Parallel Aware": false,
              "Startup Cost": 454044.82,
              "Total Cost": 454044.83,
              "Plan Rows": 1,
              "Plan Width": 8,
              "Actual Startup Time": 3284.774,
              "Actual Total Time": 3285.213,
              "Actual Rows": 1,
              "Actual Loops": 7,
              "Plans": [
                {
                  "Node Type": "Hash Join",
                  "Parent Relationship": "Outer",
                  "Parallel Aware": true,
                  "Join Type": "Inner",
                  "Startup Cost": 99697.77,
                  "Total Cost": 445907.31,
                  "Plan Rows": 3255002,
                  "Plan Width": 0,
                  "Actual Startup Time": 431.112,
                  "Actual Total Time": 2872.8,
                  "Actual Rows": 9386868,
                  "Actual Loops": 7,
                  "Inner Unique": false,
                  "Hash Cond": "(ci.movie_id = t.id)",
                  "Plans": [
                    {
                      "Node Type": "Seq Scan",
                      "Parent Relationship": "Outer",
                      "Parallel Aware": true,
                      "Relation Name": "cast_info",
                      "Alias": "ci",
                      "Startup Cost": 0.0,
                      "Total Cost": 313067.02,
                      "Plan Rows": 6038002,
                      "Plan Width": 4,
                      "Actual Startup Time": 0.021,
                      "Actual Total Time": 558.854,
                      "Actual Rows": 5177763,
                      "Actual Loops": 7
                    },
                    {
                      "Node Type": "Hash",
                      "Parent Relationship": "Inner",
                      "Parallel Aware": true,
                      "Startup Cost": 94201.94,
                      "Total Cost": 94201.94,
                      "Plan Rows": 439667,
                      "Plan Width": 8,
                      "Actual Startup Time": 426.271,
                      "Actual Total Time": 426.708,
                      "Actual Rows": 181691,
                      "Actual Loops": 7,
                      "Hash Buckets": 2097152,
                      "Original Hash Buckets": 2097152,
                      "Hash Batches": 1,
                      "Original Hash Batches": 1,
                      "Peak Memory Usage": 66240,
                      "Plans": [
                        {
                          "Node Type": "Hash Join",
                          "Parent Relationship": "Outer",
                          "Parallel Aware": true,
                          "Join Type": "Inner",
                          "Startup Cost": 50015.47,
                          "Total Cost": 94201.94,
                          "Plan Rows": 439667,
                          "Plan Width": 8,
                          "Actual Startup Time": 217.45,
                          "Actual Total Time": 356.596,
                          "Actual Rows": 181691,
                          "Actual Loops": 7,
                          "Inner Unique": true,
                          "Hash Cond": "(mk.movie_id = t.id)",
                          "Plans": [
                            {
                              "Node Type": "Seq Scan",
                              "Parent Relationship": "Outer",
                              "Parallel Aware": true,
                              "Relation Name": "movie_keyword",
                              "Alias": "mk",
                              "Startup Cost": 0.0,
                              "Total Cost": 42695.65,
                              "Plan Rows": 567930,
                              "Plan Width": 4,
                              "Actual Startup Time": 0.032,
                              "Actual Total Time": 76.258,
                              "Actual Rows": 253347,
                              "Actual Loops": 7,
                              "Filter": "(keyword_id < 2879)",
                              "Rows Removed by Filter": 392928
                            },
                            {
                              "Node Type": "Hash",
                              "Parent Relationship": "Inner",
                              "Parallel Aware": true,
                              "Startup Cost": 43898.92,
                              "Total Cost": 43898.92,
                              "Plan Rows": 489324,
                              "Plan Width": 4,
                              "Actual Startup Time": 215.261,
                              "Actual Total Time": 215.262,
                              "Actual Rows": 278180,
                              "Actual Loops": 7,
                              "Hash Buckets": 2097152,
                              "Original Hash Buckets": 2097152,
                              "Hash Batches": 1,
                              "Original Hash Batches": 1,
                              "Peak Memory Usage": 92672,
                              "Plans": [
                                {
                                  "Node Type": "Seq Scan",
                                  "Parent Relationship": "Outer",
                                  "Parallel Aware": true,
                                  "Relation Name": "title",
                                  "Alias": "t",
                                  "Startup Cost": 0.0,
                                  "Total Cost": 43898.92,
                                  "Plan Rows": 489324,
                                  "Plan Width": 4,
                                  "Actual Startup Time": 0.046,
                                  "Actual Total Time": 85.547,
                                  "Actual Rows": 278180,
                                  "Actual Loops": 7,
                                  "Filter": "(production_year > 1979)",
                                  "Rows Removed by Filter": 83007
                                }
                              ]
                            }
                          ]
                        }
                      ]
                    }
                  ]
                }
              ]
            }
          ]
        }
      ]
    },
    "Planning Time": 1.318,
    "Triggers": [],
    "Execution Time": 3376.851
  }
]