[
  {
    "Plan": {
      "Node Type": "Aggregate",
      "Strategy": "Plain",
      "Partial Mode": "Finalize",
      "Parallel Aware": false,
      "Startup Cost": 341571.59,
      "Total Cost": 341571.6,
      "Plan Rows": 1,
      "Plan Width": 8,
      "Actual Startup Time": 885.379,
      "Actual Total Time": 948.137,
      "Actual Rows": 1,
      "Actual Loops": 1,
      "Plans": [
        {
          "Node Type": "Gather",
          "Parent Relationship": "Outer",
          "Parallel Aware": false,
          "Startup Cost": 341570.96,
          "Total Cost": 341571.57,
          "Plan Rows": 6,
          "Plan Width": 8,
          "Actual Startup Time": 885.281,
          "Actual Total Time": 948.127,
          "Actual Rows": 7,
          "Actual Loops": 1,
          "Workers Planned": 6,
          "Workers Launched": 6,
          "Single Copy": false,
          "Plans": [
            {
              "Node Type": "Aggregate",
              "Strategy": "Plain",
              "Partial Mode": "Partial",
              "Parent Relationship": "Outer",
              "Parallel Aware": false,
              "Startup Cost": 340570.96,
              "Total Cost": 340570.97,
              "Plan Rows": 1,
              "Plan Width": 8,
              "Actual Startup Time": 875.528,
              "Actual Total Time": 875.529,
              "Actual Rows": 1,
              "Actual Loops": 7,
              "Plans": [
                {
                  "Node Type": "Seq Scan",
                  "Parent Relationship": "Outer",
                  "Parallel Aware": true,
                  "Relation Name": "cast_info",
                  "Alias": "ci",
                  "Startup Cost": 0.0,
                  "Total Cost": 328162.03,
                  "Plan Rows": 4963574,
                  "Plan Width": 0,
                  "Actual Startup Time": 83.596,
                  "Actual Total Time": 677.4,
                  "Actual Rows": 4228136,
                  "Actual Loops": 7,
                  "Filter": "(person_id > 642014)",
                  "Rows Removed by Filter": 949627
                }
              ]
            }
          ]
        }
      ]
    },
    "Planning Time": 0.104,
    "Triggers": [],
    "Execution Time": 948.188
  }
]