{
  "Plan": {
    "Node Type": "Aggregate",
    "Strategy": "Plain",
    "Partial Mode": "Finalize",
    "Parallel Aware": false,
    "Startup Cost": 150274.32,
    "Total Cost": 150274.33,
    "Plan Rows": 1,
    "Plan Width": 8,
    "Actual Startup Time": 631.18,
    "Actual Total Time": 648.756,
    "Actual Rows": 1,
    "Actual Loops": 1,
    "Plans": [
      {
        "Node Type": "Gather",
        "Parent Relationship": "Outer",
        "Parallel Aware": false,
        "Startup Cost": 150274.21,
        "Total Cost": 150274.32,
        "Plan Rows": 1,
        "Plan Width": 8,
        "Actual Startup Time": 630.106,
        "Actual Total Time": 648.748,
        "Actual Rows": 2,
        "Actual Loops": 1,
        "Workers Planned": 1,
        "Workers Launched": 1,
        "Single Copy": false,
        "Plans": [
          {
            "Node Type": "Aggregate",
            "Strategy": "Plain",
            "Partial Mode": "Partial",
            "Parent Relationship": "Outer",
            "Parallel Aware": false,
            "Startup Cost": 149274.21,
            "Total Cost": 149274.22,
            "Plan Rows": 1,
            "Plan Width": 8,
            "Actual Startup Time": 623.984,
            "Actual Total Time": 624.39,
            "Actual Rows": 1,
            "Actual Loops": 2,
            "Plans": [
              {
                "Node Type": "Hash Join",
                "Parent Relationship": "Outer",
                "Parallel Aware": true,
                "Join Type": "Inner",
                "Startup Cost": 87711.4,
                "Total Cost": 149174.76,
                "Plan Rows": 39781,
                "Plan Width": 0,
                "Actual Startup Time": 372.528,
                "Actual Total Time": 617.447,
                "Actual Rows": 168662,
                "Actual Loops": 2,
                "Inner Unique": false,
                "Hash Cond": "(mk.movie_id = t.id)",
                "Plans": [
                  {
                    "Node Type": "Seq Scan",
                    "Parent Relationship": "Outer",
                    "Parallel Aware": true,
                    "Relation Name": "movie_keyword",
                    "Alias": "mk",
                    "Startup Cost": 0.0,
                    "Total Cost": 57718.19,
                    "Plan Rows": 936309,
                    "Plan Width": 4,
                    "Actual Startup Time": 0.017,
                    "Actual Total Time": 162.724,
                    "Actual Rows": 803094,
                    "Actual Loops": 2,
                    "Filter": "(keyword_id < 2488)",
                    "Rows Removed by Filter": 1458870
                  },
                  {
                    "Node Type": "Hash",
                    "Parent Relationship": "Inner",
                    "Parallel Aware": true,
                    "Startup Cost": 86921.55,
                    "Total Cost": 86921.55,
                    "Plan Rows": 63188,
                    "Plan Width": 8,
                    "Actual Startup Time": 370.059,
                    "Actual Total Time": 370.462,
                    "Actual Rows": 80434,
                    "Actual Loops": 2,
                    "Hash Buckets": 262144,
                    "Original Hash Buckets": 131072,
                    "Hash Batches": 1,
                    "Original Hash Batches": 1,
                    "Peak Memory Usage": 9408,
                    "Plans": [
                      {
                        "Node Type": "Hash Join",
                        "Parent Relationship": "Outer",
                        "Parallel Aware": true,
                        "Join Type": "Inner",
                        "Startup Cost": 28030.85,
                        "Total Cost": 86921.55,
                        "Plan Rows": 63188,
                        "Plan Width": 8,
                        "Actual Startup Time": 98.009,
                        "Actual Total Time": 347.083,
                        "Actual Rows": 80434,
                        "Actual Loops": 2,
                        "Inner Unique": false,
                        "Hash Cond": "(t.id = mc.movie_id)",
                        "Plans": [
                          {
                            "Node Type": "Seq Scan",
                            "Parent Relationship": "Outer",
                            "Parallel Aware": true,
                            "Relation Name": "title",
                            "Alias": "t",
                            "Startup Cost": 0.0,
                            "Total Cost": 54588.39,
                            "Plan Rows": 628899,
                            "Plan Width": 4,
                            "Actual Startup Time": 0.012,
                            "Actual Total Time": 137.137,
                            "Actual Rows": 537382,
                            "Actual Loops": 2,
                            "Filter": "(production_year < 2001)",
                            "Rows Removed by Filter": 726774
                          },
                          {
                            "Node Type": "Hash",
                            "Parent Relationship": "Inner",
                            "Parallel Aware": true,
                            "Startup Cost": 26163.0,
                            "Total Cost": 26163.0,
                            "Plan Rows": 149428,
                            "Plan Width": 4,
                            "Actual Startup Time": 95.864,
                            "Actual Total Time": 95.865,
                            "Actual Rows": 125978,
                            "Actual Loops": 2,
                            "Hash Buckets": 262144,
                            "Original Hash Buckets": 262144,
                            "Hash Batches": 1,
                            "Original Hash Batches": 1,
                            "Peak Memory Usage": 11936,
                            "Plans": [
                              {
                                "Node Type": "Bitmap Heap Scan",
                                "Parent Relationship": "Outer",
                                "Parallel Aware": true,
                                "Relation Name": "movie_companies",
                                "Alias": "mc",
                                "Startup Cost": 5505.15,
                                "Total Cost": 26163.0,
                                "Plan Rows": 149428,
                                "Plan Width": 4,
                                "Actual Startup Time": 25.857,
                                "Actual Total Time": 70.46,
                                "Actual Rows": 125978,
                                "Actual Loops": 2,
                                "Recheck Cond": "(company_id < 122)",
                                "Rows Removed by Index Recheck": 0,
                                "Exact Heap Blocks": 11812,
                                "Lossy Heap Blocks": 0,
                                "Plans": [
                                  {
                                    "Node Type": "Bitmap Index Scan",
                                    "Parent Relationship": "Outer",
                                    "Parallel Aware": false,
                                    "Index Name": "company_id_movie_companies",
                                    "Startup Cost": 0.0,
                                    "Total Cost": 5441.64,
                                    "Plan Rows": 254028,
                                    "Plan Width": 0,
                                    "Actual Startup Time": 23.62,
                                    "Actual Total Time": 23.62,
                                    "Actual Rows": 251956,
                                    "Actual Loops": 1,
                                    "Index Cond": "(company_id < 122)"
                                  }
                                ]
                              }
                            ]
                          }
                        ]
                      }
                    ]
                  }
                ]
              }
            ]
          }
        ]
      }
    ]
  },
  "Planning Time": 1.122,
  "Triggers": [],
  "Execution Time": 648.859
}