[
  {
    "Plan": {
      "Node Type": "Aggregate",
      "Strategy": "Plain",
      "Partial Mode": "Finalize",
      "Parallel Aware": false,
      "Startup Cost": 56517.29,
      "Total Cost": 56517.3,
      "Plan Rows": 1,
      "Plan Width": 8,
      "Actual Startup Time": 44.43,
      "Actual Total Time": 49.527,
      "Actual Rows": 1,
      "Actual Loops": 1,
      "Plans": [
        {
          "Node Type": "Gather",
          "Parent Relationship": "Outer",
          "Parallel Aware": false,
          "Startup Cost": 56516.97,
          "Total Cost": 56517.28,
          "Plan Rows": 3,
          "Plan Width": 8,
          "Actual Startup Time": 44.253,
          "Actual Total Time": 49.521,
          "Actual Rows": 4,
          "Actual Loops": 1,
          "Workers Planned": 3,
          "Workers Launched": 3,
          "Single Copy": false,
          "Plans": [
            {
              "Node Type": "Aggregate",
              "Strategy": "Plain",
              "Partial Mode": "Partial",
              "Parent Relationship": "Outer",
              "Parallel Aware": false,
              "Startup Cost": 55516.97,
              "Total Cost": 55516.98,
              "Plan Rows": 1,
              "Plan Width": 8,
              "Actual Startup Time": 34.691,
              "Actual Total Time": 34.692,
              "Actual Rows": 1,
              "Actual Loops": 4,
              "Plans": [
                {
                  "Node Type": "Nested Loop",
                  "Parent Relationship": "Outer",
                  "Parallel Aware": false,
                  "Join Type": "Inner",
                  "Startup Cost": 385.44,
                  "Total Cost": 55514.72,
                  "Plan Rows": 900,
                  "Plan Width": 0,
                  "Actual Startup Time": 7.052,
                  "Actual Total Time": 34.671,
                  "Actual Rows": 111,
                  "Actual Loops": 4,
                  "Inner Unique": false,
                  "Plans": [
                    {
                      "Node Type": "Nested Loop",
                      "Parent Relationship": "Outer",
                      "Parallel Aware": false,
                      "Join Type": "Inner",
                      "Startup Cost": 385.01,
                      "Total Cost": 51922.43,
                      "Plan Rows": 2222,
                      "Plan Width": 8,
                      "Actual Startup Time": 1.691,
                      "Actual Total Time": 32.962,
                      "Actual Rows": 128,
                      "Actual Loops": 4,
                      "Inner Unique": true,
                      "Plans": [
                        {
                          "Node Type": "Bitmap Heap Scan",
                          "Parent Relationship": "Outer",
                          "Parallel Aware": true,
                          "Relation Name": "movie_companies",
                          "Alias": "mc",
                          "Startup Cost": 384.58,
                          "Total Cost": 19674.73,
                          "Plan Rows": 5667,
                          "Plan Width": 4,
                          "Actual Startup Time": 1.513,
                          "Actual Total Time": 3.517,
                          "Actual Rows": 4055,
                          "Actual Loops": 4,
                          "Recheck Cond": "(company_id = 166)",
                          "Rows Removed by Index Recheck": 0,
                          "Exact Heap Blocks": 344,
                          "Lossy Heap Blocks": 0,
                          "Plans": [
                            {
                              "Node Type": "Bitmap Index Scan",
                              "Parent Relationship": "Outer",
                              "Parallel Aware": false,
                              "Index Name": "company_id_movie_companies",
                              "Startup Cost": 0.0,
                              "Total Cost": 380.19,
                              "Plan Rows": 17568,
                              "Plan Width": 0,
                              "Actual Startup Time": 5.447,
                              "Actual Total Time": 5.447,
                              "Actual Rows": 16220,
                              "Actual Loops": 1,
                              "Index Cond": "(company_id = 166)"
                            }
                          ]
                        },
                        {
                          "Node Type": "Index Scan",
                          "Parent Relationship": "Inner",
                          "Parallel Aware": false,
                          "Scan Direction": "Forward",
                          "Index Name": "title_pkey",
                          "Relation Name": "title",
                          "Alias": "t",
                          "Startup Cost": 0.43,
                          "Total Cost": 5.69,
                          "Plan Rows": 1,
                          "Plan Width": 4,
                          "Actual Startup Time": 0.007,
                          "Actual Total Time": 0.007,
                          "Actual Rows": 0,
                          "Actual Loops": 16220,
                          "Index Cond": "(id = mc.movie_id)",
                          "Rows Removed by Index Recheck": 0,
                          "Filter": "(kind_id < 7)",
                          "Rows Removed by Filter": 1
                        }
                      ]
                    },
                    {
                      "Node Type": "Index Scan",
                      "Parent Relationship": "Inner",
                      "Parallel Aware": false,
                      "Scan Direction": "Forward",
                      "Index Name": "movie_id_movie_keyword",
                      "Relation Name": "movie_keyword",
                      "Alias": "mk",
                      "Startup Cost": 0.43,
                      "Total Cost": 1.52,
                      "Plan Rows": 10,
                      "Plan Width": 4,
                      "Actual Startup Time": 0.012,
                      "Actual Total Time": 0.013,
                      "Actual Rows": 1,
                      "Actual Loops": 510,
                      "Index Cond": "(movie_id = t.id)",
                      "Rows Removed by Index Recheck": 0,
                      "Filter": "(keyword_id < 1013)",
                      "Rows Removed by Filter": 2
                    }
                  ]
                }
              ]
            }
          ]
        }
      ]
    },
    "Planning Time": 1.479,
    "Triggers": [],
    "Execution Time": 49.624
  }
]