{
  "Plan": {
    "Node Type": "Aggregate",
    "Strategy": "Plain",
    "Partial Mode": "Finalize",
    "Parallel Aware": false,
    "Startup Cost": 41206.52,
    "Total Cost": 41206.53,
    "Plan Rows": 1,
    "Plan Width": 8,
    "Actual Startup Time": 46.918,
    "Actual Total Time": 53.186,
    "Actual Rows": 1,
    "Actual Loops": 1,
    "Plans": [
      {
        "Node Type": "Gather",
        "Parent Relationship": "Outer",
        "Parallel Aware": false,
        "Startup Cost": 41206.41,
        "Total Cost": 41206.52,
        "Plan Rows": 1,
        "Plan Width": 8,
        "Actual Startup Time": 46.799,
        "Actual Total Time": 53.178,
        "Actual Rows": 2,
        "Actual Loops": 1,
        "Workers Planned": 1,
        "Workers Launched": 1,
        "Single Copy": false,
        "Plans": [
          {
            "Node Type": "Aggregate",
            "Strategy": "Plain",
            "Partial Mode": "Partial",
            "Parent Relationship": "Outer",
            "Parallel Aware": false,
            "Startup Cost": 40206.41,
            "Total Cost": 40206.42,
            "Plan Rows": 1,
            "Plan Width": 8,
            "Actual Startup Time": 40.932,
            "Actual Total Time": 40.934,
            "Actual Rows": 1,
            "Actual Loops": 2,
            "Plans": [
              {
                "Node Type": "Nested Loop",
                "Parent Relationship": "Outer",
                "Parallel Aware": false,
                "Join Type": "Inner",
                "Startup Cost": 132.78,
                "Total Cost": 40200.88,
                "Plan Rows": 2211,
                "Plan Width": 0,
                "Actual Startup Time": 3.514,
                "Actual Total Time": 40.896,
                "Actual Rows": 88,
                "Actual Loops": 2,
                "Inner Unique": true,
                "Plans": [
                  {
                    "Node Type": "Bitmap Heap Scan",
                    "Parent Relationship": "Outer",
                    "Parallel Aware": true,
                    "Relation Name": "movie_keyword",
                    "Alias": "mk",
                    "Startup Cost": 132.35,
                    "Total Cost": 14334.04,
                    "Plan Rows": 3637,
                    "Plan Width": 4,
                    "Actual Startup Time": 3.272,
                    "Actual Total Time": 14.558,
                    "Actual Rows": 2618,
                    "Actual Loops": 2,
                    "Recheck Cond": "(keyword_id = 816)",
                    "Rows Removed by Index Recheck": 0,
                    "Exact Heap Blocks": 3468,
                    "Lossy Heap Blocks": 0,
                    "Plans": [
                      {
                        "Node Type": "Bitmap Index Scan",
                        "Parent Relationship": "Outer",
                        "Parallel Aware": false,
                        "Index Name": "keyword_id_movie_keyword",
                        "Startup Cost": 0.0,
                        "Total Cost": 130.81,
                        "Plan Rows": 6183,
                        "Plan Width": 0,
                        "Actual Startup Time": 4.011,
                        "Actual Total Time": 4.011,
                        "Actual Rows": 5235,
                        "Actual Loops": 1,
                        "Index Cond": "(keyword_id = 816)"
                      }
                    ]
                  },
                  {
                    "Node Type": "Index Scan",
                    "Parent Relationship": "Inner",
                    "Parallel Aware": false,
                    "Scan Direction": "Forward",
                    "Index Name": "title_pkey",
                    "Relation Name": "title",
                    "Alias": "t",
                    "Startup Cost": 0.43,
                    "Total Cost": 7.11,
                    "Plan Rows": 1,
                    "Plan Width": 4,
                    "Actual Startup Time": 0.009,
                    "Actual Total Time": 0.009,
                    "Actual Rows": 0,
                    "Actual Loops": 5235,
                    "Index Cond": "(id = mk.movie_id)",
                    "Rows Removed by Index Recheck": 0,
                    "Filter": "(kind_id = 7)",
                    "Rows Removed by Filter": 1
                  }
                ]
              }
            ]
          }
        ]
      }
    ]
  },
  "Planning Time": 0.462,
  "Triggers": [],
  "Execution Time": 53.278
}