[
    {
        "Bao": {
            "Bao prediction": "NaN",
            "Bao recommended hint": "(no hint)"
        }
    },
    {
        "Plan": {
            "Node Type": "Aggregate",
            "Strategy": "Plain",
            "Partial Mode": "Finalize",
            "Parallel Aware": false,
            "Startup Cost": 646196.64,
            "Total Cost": 646196.65,
            "Plan Rows": 1,
            "Plan Width": 8,
            "Actual Startup Time": 8878.905,
            "Actual Total Time": 8971.377,
            "Actual Rows": 1,
            "Actual Loops": 1,
            "Output": [
                "count(*)"
            ],
            "Plans": [
                {
                    "Node Type": "Gather",
                    "Parent Relationship": "Outer",
                    "Parallel Aware": false,
                    "Startup Cost": 646196.01,
                    "Total Cost": 646196.62,
                    "Plan Rows": 6,
                    "Plan Width": 8,
                    "Actual Startup Time": 8810.928,
                    "Actual Total Time": 8971.364,
                    "Actual Rows": 7,
                    "Actual Loops": 1,
                    "Output": [
                        "(PARTIAL count(*))"
                    ],
                    "Workers Planned": 6,
                    "Workers Launched": 6,
                    "Single Copy": false,
                    "Plans": [
                        {
                            "Node Type": "Aggregate",
                            "Strategy": "Plain",
                            "Partial Mode": "Partial",
                            "Parent Relationship": "Outer",
                            "Parallel Aware": false,
                            "Startup Cost": 645196.01,
                            "Total Cost": 645196.02,
                            "Plan Rows": 1,
                            "Plan Width": 8,
                            "Actual Startup Time": 8791.969,
                            "Actual Total Time": 8795.785,
                            "Actual Rows": 1,
                            "Actual Loops": 7,
                            "Output": [
                                "PARTIAL count(*)"
                            ],
                            "Workers": [
                                {
                                    "Worker Number": 0,
                                    "Actual Startup Time": 8787.381,
                                    "Actual Total Time": 8787.386,
                                    "Actual Rows": 1,
                                    "Actual Loops": 1
                                },
                                {
                                    "Worker Number": 1,
                                    "Actual Startup Time": 8787.207,
                                    "Actual Total Time": 8787.212,
                                    "Actual Rows": 1,
                                    "Actual Loops": 1
                                },
                                {
                                    "Worker Number": 2,
                                    "Actual Startup Time": 8787.334,
                                    "Actual Total Time": 8787.339,
                                    "Actual Rows": 1,
                                    "Actual Loops": 1
                                },
                                {
                                    "Worker Number": 3,
                                    "Actual Startup Time": 8787.326,
                                    "Actual Total Time": 8787.331,
                                    "Actual Rows": 1,
                                    "Actual Loops": 1
                                },
                                {
                                    "Worker Number": 4,
                                    "Actual Startup Time": 8796.457,
                                    "Actual Total Time": 8796.463,
                                    "Actual Rows": 1,
                                    "Actual Loops": 1
                                },
                                {
                                    "Worker Number": 5,
                                    "Actual Startup Time": 8787.55,
                                    "Actual Total Time": 8787.554,
                                    "Actual Rows": 1,
                                    "Actual Loops": 1
                                }
                            ],
                            "Plans": [
                                {
                                    "Node Type": "Hash Join",
                                    "Parent Relationship": "Outer",
                                    "Parallel Aware": true,
                                    "Join Type": "Inner",
                                    "Startup Cost": 267497.42,
                                    "Total Cost": 625184.68,
                                    "Plan Rows": 8004532,
                                    "Plan Width": 0,
                                    "Actual Startup Time": 2163.942,
                                    "Actual Total Time": 7579.38,
                                    "Actual Rows": 27220111,
                                    "Actual Loops": 7,
                                    "Inner Unique": false,
                                    "Hash Cond": "(ci.movie_id = t.id)",
                                    "Workers": [
                                        {
                                            "Worker Number": 0,
                                            "Actual Startup Time": 2160.523,
                                            "Actual Total Time": 7536.478,
                                            "Actual Rows": 26324466,
                                            "Actual Loops": 1
                                        },
                                        {
                                            "Worker Number": 1,
                                            "Actual Startup Time": 2160.511,
                                            "Actual Total Time": 7504.375,
                                            "Actual Rows": 25108797,
                                            "Actual Loops": 1
                                        },
                                        {
                                            "Worker Number": 2,
                                            "Actual Startup Time": 2160.582,
                                            "Actual Total Time": 7542.476,
                                            "Actual Rows": 26000625,
                                            "Actual Loops": 1
                                        },
                                        {
                                            "Worker Number": 3,
                                            "Actual Startup Time": 2160.598,
                                            "Actual Total Time": 7581.385,
                                            "Actual Rows": 28441070,
                                            "Actual Loops": 1
                                        },
                                        {
                                            "Worker Number": 4,
                                            "Actual Startup Time": 2160.807,
                                            "Actual Total Time": 7593.81,
                                            "Actual Rows": 27661142,
                                            "Actual Loops": 1
                                        },
                                        {
                                            "Worker Number": 5,
                                            "Actual Startup Time": 2160.771,
                                            "Actual Total Time": 7558.254,
                                            "Actual Rows": 27526692,
                                            "Actual Loops": 1
                                        }
                                    ],
                                    "Plans": [
                                        {
                                            "Node Type": "Seq Scan",
                                            "Parent Relationship": "Outer",
                                            "Parallel Aware": true,
                                            "Relation Name": "cast_info",
                                            "Schema": "public",
                                            "Alias": "ci",
                                            "Startup Cost": 0.0,
                                            "Total Cost": 328213.62,
                                            "Plan Rows": 3590552,
                                            "Plan Width": 4,
                                            "Actual Startup Time": 151.905,
                                            "Actual Total Time": 559.98,
                                            "Actual Rows": 3080302,
                                            "Actual Loops": 7,
                                            "Output": [
                                                "ci.id",
                                                "ci.person_id",
                                                "ci.movie_id",
                                                "ci.person_role_id",
                                                "ci.note",
                                                "ci.nr_order",
                                                "ci.role_id"
                                            ],
                                            "Filter": "(ci.person_id > 1447596)",
                                            "Rows Removed by Filter": 2097462,
                                            "Workers": [
                                                {
                                                    "Worker Number": 0,
                                                    "Actual Startup Time": 151.901,
                                                    "Actual Total Time": 571.854,
                                                    "Actual Rows": 2974350,
                                                    "Actual Loops": 1
                                                },
                                                {
                                                    "Worker Number": 1,
                                                    "Actual Startup Time": 151.843,
                                                    "Actual Total Time": 579.332,
                                                    "Actual Rows": 2775973,
                                                    "Actual Loops": 1
                                                },
                                                {
                                                    "Worker Number": 2,
                                                    "Actual Startup Time": 151.912,
                                                    "Actual Total Time": 571.912,
                                                    "Actual Rows": 2924603,
                                                    "Actual Loops": 1
                                                },
                                                {
                                                    "Worker Number": 3,
                                                    "Actual Startup Time": 151.926,
                                                    "Actual Total Time": 563.291,
                                                    "Actual Rows": 3235435,
                                                    "Actual Loops": 1
                                                },
                                                {
                                                    "Worker Number": 4,
                                                    "Actual Startup Time": 151.933,
                                                    "Actual Total Time": 555.182,
                                                    "Actual Rows": 3120747,
                                                    "Actual Loops": 1
                                                },
                                                {
                                                    "Worker Number": 5,
                                                    "Actual Startup Time": 151.909,
                                                    "Actual Total Time": 572.479,
                                                    "Actual Rows": 3183642,
                                                    "Actual Loops": 1
                                                }
                                            ]
                                        },
                                        {
                                            "Node Type": "Hash",
                                            "Parent Relationship": "Inner",
                                            "Parallel Aware": true,
                                            "Startup Cost": 253406.25,
                                            "Total Cost": 253406.25,
                                            "Plan Rows": 1127294,
                                            "Plan Width": 8,
                                            "Actual Startup Time": 2004.061,
                                            "Actual Total Time": 2007.872,
                                            "Actual Rows": 1487470,
                                            "Actual Loops": 7,
                                            "Output": [
                                                "t.id",
                                                "mi.movie_id"
                                            ],
                                            "Hash Buckets": 16777216,
                                            "Original Hash Buckets": 8388608,
                                            "Hash Batches": 1,
                                            "Original Hash Batches": 1,
                                            "Peak Memory Usage": 604032,
                                            "Workers": [
                                                {
                                                    "Worker Number": 0,
                                                    "Actual Startup Time": 2007.812,
                                                    "Actual Total Time": 2007.816,
                                                    "Actual Rows": 1279153,
                                                    "Actual Loops": 1
                                                },
                                                {
                                                    "Worker Number": 1,
                                                    "Actual Startup Time": 2007.542,
                                                    "Actual Total Time": 2007.546,
                                                    "Actual Rows": 1239971,
                                                    "Actual Loops": 1
                                                },
                                                {
                                                    "Worker Number": 2,
                                                    "Actual Startup Time": 2007.86,
                                                    "Actual Total Time": 2007.864,
                                                    "Actual Rows": 1256840,
                                                    "Actual Loops": 1
                                                },
                                                {
                                                    "Worker Number": 3,
                                                    "Actual Startup Time": 2007.857,
                                                    "Actual Total Time": 2007.861,
                                                    "Actual Rows": 1779575,
                                                    "Actual Loops": 1
                                                },
                                                {
                                                    "Worker Number": 4,
                                                    "Actual Startup Time": 2007.812,
                                                    "Actual Total Time": 2007.816,
                                                    "Actual Rows": 1681272,
                                                    "Actual Loops": 1
                                                },
                                                {
                                                    "Worker Number": 5,
                                                    "Actual Startup Time": 2007.97,
                                                    "Actual Total Time": 2007.973,
                                                    "Actual Rows": 1285927,
                                                    "Actual Loops": 1
                                                }
                                            ],
                                            "Plans": [
                                                {
                                                    "Node Type": "Hash Join",
                                                    "Parent Relationship": "Outer",
                                                    "Parallel Aware": true,
                                                    "Join Type": "Inner",
                                                    "Startup Cost": 47009.89,
                                                    "Total Cost": 253406.25,
                                                    "Plan Rows": 1127294,
                                                    "Plan Width": 8,
                                                    "Actual Startup Time": 143.381,
                                                    "Actual Total Time": 1182.615,
                                                    "Actual Rows": 1487470,
                                                    "Actual Loops": 7,
                                                    "Output": [
                                                        "t.id",
                                                        "mi.movie_id"
                                                    ],
                                                    "Inner Unique": true,
                                                    "Hash Cond": "(mi.movie_id = t.id)",
                                                    "Workers": [
                                                        {
                                                            "Worker Number": 0,
                                                            "Actual Startup Time": 143.363,
                                                            "Actual Total Time": 1184.457,
                                                            "Actual Rows": 1279153,
                                                            "Actual Loops": 1
                                                        },
                                                        {
                                                            "Worker Number": 1,
                                                            "Actual Startup Time": 143.408,
                                                            "Actual Total Time": 1188.515,
                                                            "Actual Rows": 1239971,
                                                            "Actual Loops": 1
                                                        },
                                                        {
                                                            "Worker Number": 2,
                                                            "Actual Startup Time": 143.541,
                                                            "Actual Total Time": 1185.632,
                                                            "Actual Rows": 1256840,
                                                            "Actual Loops": 1
                                                        },
                                                        {
                                                            "Worker Number": 3,
                                                            "Actual Startup Time": 143.297,
                                                            "Actual Total Time": 1173.862,
                                                            "Actual Rows": 1779575,
                                                            "Actual Loops": 1
                                                        },
                                                        {
                                                            "Worker Number": 4,
                                                            "Actual Startup Time": 143.346,
                                                            "Actual Total Time": 1175.437,
                                                            "Actual Rows": 1681272,
                                                            "Actual Loops": 1
                                                        },
                                                        {
                                                            "Worker Number": 5,
                                                            "Actual Startup Time": 143.275,
                                                            "Actual Total Time": 1186.602,
                                                            "Actual Rows": 1285927,
                                                            "Actual Loops": 1
                                                        }
                                                    ],
                                                    "Plans": [
                                                        {
                                                            "Node Type": "Seq Scan",
                                                            "Parent Relationship": "Outer",
                                                            "Parallel Aware": true,
                                                            "Relation Name": "movie_info",
                                                            "Schema": "public",
                                                            "Alias": "mi",
                                                            "Startup Cost": 0.0,
                                                            "Total Cost": 198880.74,
                                                            "Plan Rows": 2863088,
                                                            "Plan Width": 4,
                                                            "Actual Startup Time": 0.031,
                                                            "Actual Total Time": 377.578,
                                                            "Actual Rows": 2052869,
                                                            "Actual Loops": 7,
                                                            "Output": [
                                                                "mi.id",
                                                                "mi.movie_id",
                                                                "mi.info_type_id",
                                                                "mi.info",
                                                                "mi.note"
                                                            ],
                                                            "Filter": "(mi.info_type_id < 104)",
                                                            "Rows Removed by Filter": 66519,
                                                            "Workers": [
                                                                {
                                                                    "Worker Number": 0,
                                                                    "Actual Startup Time": 0.035,
                                                                    "Actual Total Time": 404.687,
                                                                    "Actual Rows": 1752545,
                                                                    "Actual Loops": 1
                                                                },
                                                                {
                                                                    "Worker Number": 1,
                                                                    "Actual Startup Time": 0.038,
                                                                    "Actual Total Time": 393.387,
                                                                    "Actual Rows": 1698042,
                                                                    "Actual Loops": 1
                                                                },
                                                                {
                                                                    "Worker Number": 2,
                                                                    "Actual Startup Time": 0.048,
                                                                    "Actual Total Time": 403.498,
                                                                    "Actual Rows": 1724861,
                                                                    "Actual Loops": 1
                                                                },
                                                                {
                                                                    "Worker Number": 3,
                                                                    "Actual Startup Time": 0.023,
                                                                    "Actual Total Time": 367.714,
                                                                    "Actual Rows": 2457151,
                                                                    "Actual Loops": 1
                                                                },
                                                                {
                                                                    "Worker Number": 4,
                                                                    "Actual Startup Time": 0.026,
                                                                    "Actual Total Time": 352.576,
                                                                    "Actual Rows": 2310304,
                                                                    "Actual Loops": 1
                                                                },
                                                                {
                                                                    "Worker Number": 5,
                                                                    "Actual Startup Time": 0.038,
                                                                    "Actual Total Time": 406.87,
                                                                    "Actual Rows": 1767422,
                                                                    "Actual Loops": 1
                                                                }
                                                            ]
                                                        },
                                                        {
                                                            "Node Type": "Hash",
                                                            "Parent Relationship": "Inner",
                                                            "Parallel Aware": true,
                                                            "Startup Cost": 43899.01,
                                                            "Total Cost": 43899.01,
                                                            "Plan Rows": 248871,
                                                            "Plan Width": 4,
                                                            "Actual Startup Time": 140.721,
                                                            "Actual Total Time": 140.723,
                                                            "Actual Rows": 140721,
                                                            "Actual Loops": 7,
                                                            "Output": [
                                                                "t.id"
                                                            ],
                                                            "Hash Buckets": 1048576,
                                                            "Original Hash Buckets": 1048576,
                                                            "Hash Batches": 1,
                                                            "Original Hash Batches": 1,
                                                            "Peak Memory Usage": 46848,
                                                            "Workers": [
                                                                {
                                                                    "Worker Number": 0,
                                                                    "Actual Startup Time": 141.494,
                                                                    "Actual Total Time": 141.496,
                                                                    "Actual Rows": 116578,
                                                                    "Actual Loops": 1
                                                                },
                                                                {
                                                                    "Worker Number": 1,
                                                                    "Actual Startup Time": 141.485,
                                                                    "Actual Total Time": 141.487,
                                                                    "Actual Rows": 107716,
                                                                    "Actual Loops": 1
                                                                },
                                                                {
                                                                    "Worker Number": 2,
                                                                    "Actual Startup Time": 141.467,
                                                                    "Actual Total Time": 141.469,
                                                                    "Actual Rows": 114831,
                                                                    "Actual Loops": 1
                                                                },
                                                                {
                                                                    "Worker Number": 3,
                                                                    "Actual Startup Time": 141.491,
                                                                    "Actual Total Time": 141.492,
                                                                    "Actual Rows": 169222,
                                                                    "Actual Loops": 1
                                                                },
                                                                {
                                                                    "Worker Number": 4,
                                                                    "Actual Startup Time": 141.479,
                                                                    "Actual Total Time": 141.481,
                                                                    "Actual Rows": 146618,
                                                                    "Actual Loops": 1
                                                                },
                                                                {
                                                                    "Worker Number": 5,
                                                                    "Actual Startup Time": 141.494,
                                                                    "Actual Total Time": 141.496,
                                                                    "Actual Rows": 117206,
                                                                    "Actual Loops": 1
                                                                }
                                                            ],
                                                            "Plans": [
                                                                {
                                                                    "Node Type": "Seq Scan",
                                                                    "Parent Relationship": "Outer",
                                                                    "Parallel Aware": true,
                                                                    "Relation Name": "title",
                                                                    "Schema": "public",
                                                                    "Alias": "t",
                                                                    "Startup Cost": 0.0,
                                                                    "Total Cost": 43899.01,
                                                                    "Plan Rows": 248871,
                                                                    "Plan Width": 4,
                                                                    "Actual Startup Time": 0.046,
                                                                    "Actual Total Time": 80.329,
                                                                    "Actual Rows": 140721,
                                                                    "Actual Loops": 7,
                                                                    "Output": [
                                                                        "t.id"
                                                                    ],
                                                                    "Filter": "(t.kind_id < 7)",
                                                                    "Rows Removed by Filter": 220466,
                                                                    "Workers": [
                                                                        {
                                                                            "Worker Number": 0,
                                                                            "Actual Startup Time": 0.054,
                                                                            "Actual Total Time": 82.708,
                                                                            "Actual Rows": 116578,
                                                                            "Actual Loops": 1
                                                                        },
                                                                        {
                                                                            "Worker Number": 1,
                                                                            "Actual Startup Time": 0.037,
                                                                            "Actual Total Time": 80.581,
                                                                            "Actual Rows": 107716,
                                                                            "Actual Loops": 1
                                                                        },
                                                                        {
                                                                            "Worker Number": 2,
                                                                            "Actual Startup Time": 0.054,
                                                                            "Actual Total Time": 82.398,
                                                                            "Actual Rows": 114831,
                                                                            "Actual Loops": 1
                                                                        },
                                                                        {
                                                                            "Worker Number": 3,
                                                                            "Actual Startup Time": 0.05,
                                                                            "Actual Total Time": 80.402,
                                                                            "Actual Rows": 169222,
                                                                            "Actual Loops": 1
                                                                        },
                                                                        {
                                                                            "Worker Number": 4,
                                                                            "Actual Startup Time": 0.063,
                                                                            "Actual Total Time": 78.233,
                                                                            "Actual Rows": 146618,
                                                                            "Actual Loops": 1
                                                                        },
                                                                        {
                                                                            "Worker Number": 5,
                                                                            "Actual Startup Time": 0.053,
                                                                            "Actual Total Time": 83.384,
                                                                            "Actual Rows": 117206,
                                                                            "Actual Loops": 1
                                                                        }
                                                                    ]
                                                                }
                                                            ]
                                                        }
                                                    ]
                                                }
                                            ]
                                        }
                                    ]
                                }
                            ]
                        }
                    ]
                }
            ]
        },
        "Planning Time": 177.438,
        "Triggers": [],
        "Execution Time": 8971.444
    }
]