{
  "Plan": {
    "Node Type": "Aggregate",
    "Strategy": "Plain",
    "Partial Mode": "Simple",
    "Parallel Aware": false,
    "Startup Cost": 2045032.36,
    "Total Cost": 2045032.37,
    "Plan Rows": 1,
    "Plan Width": 96,
    "Actual Startup Time": 5352.737,
    "Actual Total Time": 5454.005,
    "Actual Rows": 1,
    "Actual Loops": 1,
    "Plans": [
      {
        "Node Type": "Hash Join",
        "Parent Relationship": "Outer",
        "Parallel Aware": false,
        "Join Type": "Inner",
        "Startup Cost": 2045029.91,
        "Total Cost": 2045032.35,
        "Plan Rows": 1,
        "Plan Width": 48,
        "Actual Startup Time": 5351.689,
        "Actual Total Time": 5453.607,
        "Actual Rows": 1620,
        "Actual Loops": 1,
        "Inner Unique": true,
        "Hash Cond": "(ci.role_id = rt.id)",
        "Plans": [
          {
            "Node Type": "Hash Join",
            "Parent Relationship": "Outer",
            "Parallel Aware": false,
            "Join Type": "Inner",
            "Startup Cost": 2045028.75,
            "Total Cost": 2045031.19,
            "Plan Rows": 1,
            "Plan Width": 52,
            "Actual Startup Time": 5351.598,
            "Actual Total Time": 5453.164,
            "Actual Rows": 1620,
            "Actual Loops": 1,
            "Inner Unique": false,
            "Hash Cond": "(t.id = ci.movie_id)",
            "Plans": [
              {
                "Node Type": "Hash Join",
                "Parent Relationship": "Outer",
                "Parallel Aware": false,
                "Join Type": "Inner",
                "Startup Cost": 296816.99,
                "Total Cost": 296819.42,
                "Plan Rows": 1,
                "Plan Width": 29,
                "Actual Startup Time": 1154.505,
                "Actual Total Time": 1172.739,
                "Actual Rows": 11,
                "Actual Loops": 1,
                "Inner Unique": false,
                "Hash Cond": "(it.id = mi.info_type_id)",
                "Plans": [
                  {
                    "Node Type": "Seq Scan",
                    "Parent Relationship": "Outer",
                    "Parallel Aware": false,
                    "Relation Name": "info_type",
                    "Alias": "it",
                    "Startup Cost": 0.0,
                    "Total Cost": 2.41,
                    "Plan Rows": 1,
                    "Plan Width": 4,
                    "Actual Startup Time": 0.023,
                    "Actual Total Time": 0.034,
                    "Actual Rows": 1,
                    "Actual Loops": 1,
                    "Filter": "((info)::text = 'release dates'::text)",
                    "Rows Removed by Filter": 112
                  },
                  {
                    "Node Type": "Hash",
                    "Parent Relationship": "Inner",
                    "Parallel Aware": false,
                    "Startup Cost": 296816.96,
                    "Total Cost": 296816.96,
                    "Plan Rows": 3,
                    "Plan Width": 33,
                    "Actual Startup Time": 1154.457,
                    "Actual Total Time": 1172.674,
                    "Actual Rows": 11,
                    "Actual Loops": 1,
                    "Hash Buckets": 1024,
                    "Original Hash Buckets": 1024,
                    "Hash Batches": 1,
                    "Original Hash Batches": 1,
                    "Peak Memory Usage": 9,
                    "Plans": [
                      {
                        "Node Type": "Gather",
                        "Parent Relationship": "Outer",
                        "Parallel Aware": false,
                        "Startup Cost": 249753.24,
                        "Total Cost": 296816.96,
                        "Plan Rows": 3,
                        "Plan Width": 33,
                        "Actual Startup Time": 1140.561,
                        "Actual Total Time": 1172.651,
                        "Actual Rows": 11,
                        "Actual Loops": 1,
                        "Workers Planned": 4,
                        "Workers Launched": 4,
                        "Single Copy": false,
                        "Plans": [
                          {
                            "Node Type": "Hash Join",
                            "Parent Relationship": "Outer",
                            "Parallel Aware": true,
                            "Join Type": "Inner",
                            "Startup Cost": 248753.24,
                            "Total Cost": 295816.66,
                            "Plan Rows": 1,
                            "Plan Width": 33,
                            "Actual Startup Time": 1122.854,
                            "Actual Total Time": 1129.27,
                            "Actual Rows": 2,
                            "Actual Loops": 5,
                            "Inner Unique": false,
                            "Hash Cond": "(t.id = mi.movie_id)",
                            "Plans": [
                              {
                                "Node Type": "Seq Scan",
                                "Parent Relationship": "Outer",
                                "Parallel Aware": true,
                                "Relation Name": "title",
                                "Alias": "t",
                                "Startup Cost": 0.0,
                                "Total Cost": 47060.23,
                                "Plan Rows": 2,
                                "Plan Width": 21,
                                "Actual Startup Time": 93.142,
                                "Actual Total Time": 122.184,
                                "Actual Rows": 1,
                                "Actual Loops": 5,
                                "Filter": "((production_year >= 2000) AND (production_year <= 2010) AND (title = 'Shrek 2'::text))",
                                "Rows Removed by Filter": 505662
                              },
                              {
                                "Node Type": "Hash",
                                "Parent Relationship": "Inner",
                                "Parallel Aware": true,
                                "Startup Cost": 246266.09,
                                "Total Cost": 246266.09,
                                "Plan Rows": 198972,
                                "Plan Width": 12,
                                "Actual Startup Time": 1001.995,
                                "Actual Total Time": 1002.378,
                                "Actual Rows": 84971,
                                "Actual Loops": 5,
                                "Hash Buckets": 1048576,
                                "Original Hash Buckets": 1048576,
                                "Hash Batches": 1,
                                "Original Hash Batches": 1,
                                "Peak Memory Usage": 28224,
                                "Plans": [
                                  {
                                    "Node Type": "Hash Join",
                                    "Parent Relationship": "Outer",
                                    "Parallel Aware": true,
                                    "Join Type": "Inner",
                                    "Startup Cost": 38617.78,
                                    "Total Cost": 246266.09,
                                    "Plan Rows": 198972,
                                    "Plan Width": 12,
                                    "Actual Startup Time": 388.004,
                                    "Actual Total Time": 968.093,
                                    "Actual Rows": 84971,
                                    "Actual Loops": 5,
                                    "Inner Unique": false,
                                    "Hash Cond": "(mi.movie_id = mc.movie_id)",
                                    "Plans": [
                                      {
                                        "Node Type": "Seq Scan",
                                        "Parent Relationship": "Outer",
                                        "Parallel Aware": true,
                                        "Relation Name": "movie_info",
                                        "Alias": "mi",
                                        "Startup Cost": 0.0,
                                        "Total Cost": 206598.52,
                                        "Plan Rows": 108788,
                                        "Plan Width": 8,
                                        "Actual Startup Time": 62.283,
                                        "Actual Total Time": 597.338,
                                        "Actual Rows": 90221,
                                        "Actual Loops": 5,
                                        "Filter": "((info IS NOT NULL) AND ((info ~~ 'Japan:%200%'::text) OR (info ~~ 'USA:%200%'::text)))",
                                        "Rows Removed by Filter": 2876923
                                      },
                                      {
                                        "Node Type": "Hash",
                                        "Parent Relationship": "Inner",
                                        "Parallel Aware": true,
                                        "Startup Cost": 34770.7,
                                        "Total Cost": 34770.7,
                                        "Plan Rows": 307766,
                                        "Plan Width": 4,
                                        "Actual Startup Time": 322.39,
                                        "Actual Total Time": 322.771,
                                        "Actual Rows": 230760,
                                        "Actual Loops": 5,
                                        "Hash Buckets": 2097152,
                                        "Original Hash Buckets": 1048576,
                                        "Hash Batches": 1,
                                        "Original Hash Batches": 1,
                                        "Peak Memory Usage": 69792,
                                        "Plans": [
                                          {
                                            "Node Type": "Hash Join",
                                            "Parent Relationship": "Outer",
                                            "Parallel Aware": true,
                                            "Join Type": "Inner",
                                            "Startup Cost": 5354.77,
                                            "Total Cost": 34770.7,
                                            "Plan Rows": 307766,
                                            "Plan Width": 4,
                                            "Actual Startup Time": 27.92,
                                            "Actual Total Time": 202.58,
                                            "Actual Rows": 230760,
                                            "Actual Loops": 5,
                                            "Inner Unique": true,
                                            "Hash Cond": "(mc.company_id = cn.id)",
                                            "Plans": [
                                              {
                                                "Node Type": "Seq Scan",
                                                "Parent Relationship": "Outer",
                                                "Parallel Aware": true,
                                                "Relation Name": "movie_companies",
                                                "Alias": "mc",
                                                "Startup Cost": 0.0,
                                                "Total Cost": 27206.55,
                                                "Plan Rows": 841655,
                                                "Plan Width": 8,
                                                "Actual Startup Time": 0.02,
                                                "Actual Total Time": 72.246,
                                                "Actual Rows": 521826,
                                                "Actual Loops": 5
                                              },
                                              {
                                                "Node Type": "Hash",
                                                "Parent Relationship": "Inner",
                                                "Parallel Aware": true,
                                                "Startup Cost": 4722.92,
                                                "Total Cost": 4722.92,
                                                "Plan Rows": 50548,
                                                "Plan Width": 4,
                                                "Actual Startup Time": 27.531,
                                                "Actual Total Time": 27.532,
                                                "Actual Rows": 16969,
                                                "Actual Loops": 5,
                                                "Hash Buckets": 131072,
                                                "Original Hash Buckets": 131072,
                                                "Hash Batches": 1,
                                                "Original Hash Batches": 1,
                                                "Peak Memory Usage": 4416,
                                                "Plans": [
                                                  {
                                                    "Node Type": "Seq Scan",
                                                    "Parent Relationship": "Outer",
                                                    "Parallel Aware": true,
                                                    "Relation Name": "company_name",
                                                    "Alias": "cn",
                                                    "Startup Cost": 0.0,
                                                    "Total Cost": 4722.92,
                                                    "Plan Rows": 50548,
                                                    "Plan Width": 4,
                                                    "Actual Startup Time": 0.074,
                                                    "Actual Total Time": 18.286,
                                                    "Actual Rows": 16969,
                                                    "Actual Loops": 5,
                                                    "Filter": "((country_code)::text = '[us]'::text)",
                                                    "Rows Removed by Filter": 30031
                                                  }
                                                ]
                                              }
                                            ]
                                          }
                                        ]
                                      }
                                    ]
                                  }
                                ]
                              }
                            ]
                          }
                        ]
                      }
                    ]
                  }
                ]
              },
              {
                "Node Type": "Hash",
                "Parent Relationship": "Inner",
                "Parallel Aware": false,
                "Startup Cost": 1748211.74,
                "Total Cost": 1748211.74,
                "Plan Rows": 1,
                "Plan Width": 47,
                "Actual Startup Time": 4197.059,
                "Actual Total Time": 4280.101,
                "Actual Rows": 342,
                "Actual Loops": 1,
                "Hash Buckets": 1024,
                "Original Hash Buckets": 1024,
                "Hash Batches": 1,
                "Original Hash Batches": 1,
                "Peak Memory Usage": 32,
                "Plans": [
                  {
                    "Node Type": "Hash Join",
                    "Parent Relationship": "Outer",
                    "Parallel Aware": false,
                    "Join Type": "Inner",
                    "Startup Cost": 1748209.3,
                    "Total Cost": 1748211.74,
                    "Plan Rows": 1,
                    "Plan Width": 47,
                    "Actual Startup Time": 4196.749,
                    "Actual Total Time": 4279.999,
                    "Actual Rows": 342,
                    "Actual Loops": 1,
                    "Inner Unique": false,
                    "Hash Cond": "(ci.movie_id = mk.movie_id)",
                    "Plans": [
                      {
                        "Node Type": "Hash Join",
                        "Parent Relationship": "Outer",
                        "Parallel Aware": false,
                        "Join Type": "Inner",
                        "Startup Cost": 1282836.77,
                        "Total Cost": 1282839.2,
                        "Plan Rows": 1,
                        "Plan Width": 39,
                        "Actual Startup Time": 2094.394,
                        "Actual Total Time": 2177.502,
                        "Actual Rows": 666,
                        "Actual Loops": 1,
                        "Inner Unique": false,
                        "Hash Cond": "(it3.id = pi.info_type_id)",
                        "Plans": [
                          {
                            "Node Type": "Seq Scan",
                            "Parent Relationship": "Outer",
                            "Parallel Aware": false,
                            "Relation Name": "info_type",
                            "Alias": "it3",
                            "Startup Cost": 0.0,
                            "Total Cost": 2.41,
                            "Plan Rows": 1,
                            "Plan Width": 4,
                            "Actual Startup Time": 0.014,
                            "Actual Total Time": 0.049,
                            "Actual Rows": 1,
                            "Actual Loops": 1,
                            "Filter": "((info)::text = 'trivia'::text)",
                            "Rows Removed by Filter": 112
                          },
                          {
                            "Node Type": "Hash",
                            "Parent Relationship": "Inner",
                            "Parallel Aware": false,
                            "Startup Cost": 1282836.76,
                            "Total Cost": 1282836.76,
                            "Plan Rows": 1,
                            "Plan Width": 43,
                            "Actual Startup Time": 2094.348,
                            "Actual Total Time": 2177.339,
                            "Actual Rows": 1932,
                            "Actual Loops": 1,
                            "Hash Buckets": 2048,
                            "Original Hash Buckets": 1024,
                            "Hash Batches": 1,
                            "Original Hash Batches": 1,
                            "Peak Memory Usage": 145,
                            "Plans": [
                              {
                                "Node Type": "Gather",
                                "Parent Relationship": "Outer",
                                "Parallel Aware": false,
                                "Startup Cost": 1210009.86,
                                "Total Cost": 1282836.76,
                                "Plan Rows": 1,
                                "Plan Width": 43,
                                "Actual Startup Time": 2062.079,
                                "Actual Total Time": 2176.817,
                                "Actual Rows": 1932,
                                "Actual Loops": 1,
                                "Workers Planned": 4,
                                "Workers Launched": 4,
                                "Single Copy": false,
                                "Plans": [
                                  {
                                    "Node Type": "Hash Join",
                                    "Parent Relationship": "Outer",
                                    "Parallel Aware": true,
                                    "Join Type": "Inner",
                                    "Startup Cost": 1209009.86,
                                    "Total Cost": 1281836.66,
                                    "Plan Rows": 1,
                                    "Plan Width": 43,
                                    "Actual Startup Time": 2000.207,
                                    "Actual Total Time": 2029.021,
                                    "Actual Rows": 386,
                                    "Actual Loops": 5,
                                    "Inner Unique": false,
                                    "Hash Cond": "(n.id = ci.person_id)",
                                    "Plans": [
                                      {
                                        "Node Type": "Hash Join",
                                        "Parent Relationship": "Outer",
                                        "Parallel Aware": true,
                                        "Join Type": "Inner",
                                        "Startup Cost": 67734.16,
                                        "Total Cost": 140554.5,
                                        "Plan Rows": 1722,
                                        "Plan Width": 27,
                                        "Actual Startup Time": 422.675,
                                        "Actual Total Time": 531.121,
                                        "Actual Rows": 9250,
                                        "Actual Loops": 5,
                                        "Inner Unique": false,
                                        "Hash Cond": "(n.id = pi.person_id)",
                                        "Plans": [
                                          {
                                            "Node Type": "Seq Scan",
                                            "Parent Relationship": "Outer",
                                            "Parallel Aware": true,
                                            "Relation Name": "name",
                                            "Alias": "n",
                                            "Startup Cost": 0.0,
                                            "Total Cost": 71240.66,
                                            "Plan Rows": 2419,
                                            "Plan Width": 19,
                                            "Actual Startup Time": 75.258,
                                            "Actual Total Time": 170.244,
                                            "Actual Rows": 10002,
                                            "Actual Loops": 5,
                                            "Filter": "((name ~~ '%An%'::text) AND ((gender)::text = 'f'::text))",
                                            "Rows Removed by Filter": 823496
                                          },
                                          {
                                            "Node Type": "Hash",
                                            "Parent Relationship": "Inner",
                                            "Parallel Aware": true,
                                            "Startup Cost": 58465.74,
                                            "Total Cost": 58465.74,
                                            "Plan Rows": 741474,
                                            "Plan Width": 8,
                                            "Actual Startup Time": 341.632,
                                            "Actual Total Time": 341.633,
                                            "Actual Rows": 592733,
                                            "Actual Loops": 5,
                                            "Hash Buckets": 4194304,
                                            "Original Hash Buckets": 4194304,
                                            "Hash Batches": 1,
                                            "Original Hash Batches": 1,
                                            "Peak Memory Usage": 148768,
                                            "Plans": [
                                              {
                                                "Node Type": "Seq Scan",
                                                "Parent Relationship": "Outer",
                                                "Parallel Aware": true,
                                                "Relation Name": "person_info",
                                                "Alias": "pi",
                                                "Startup Cost": 0.0,
                                                "Total Cost": 58465.74,
                                                "Plan Rows": 741474,
                                                "Plan Width": 8,
                                                "Actual Startup Time": 0.059,
                                                "Actual Total Time": 145.127,
                                                "Actual Rows": 592733,
                                                "Actual Loops": 5
                                              }
                                            ]
                                          }
                                        ]
                                      },
                                      {
                                        "Node Type": "Hash",
                                        "Parent Relationship": "Inner",
                                        "Parallel Aware": true,
                                        "Startup Cost": 1141275.68,
                                        "Total Cost": 1141275.68,
                                        "Plan Rows": 1,
                                        "Plan Width": 32,
                                        "Actual Startup Time": 1489.007,
                                        "Actual Total Time": 1489.015,
                                        "Actual Rows": 29,
                                        "Actual Loops": 5,
                                        "Hash Buckets": 1024,
                                        "Original Hash Buckets": 1024,
                                        "Hash Batches": 1,
                                        "Original Hash Batches": 1,
                                        "Peak Memory Usage": 40,
                                        "Plans": [
                                          {
                                            "Node Type": "Hash Join",
                                            "Parent Relationship": "Outer",
                                            "Parallel Aware": true,
                                            "Join Type": "Inner",
                                            "Startup Cost": 1094171.35,
                                            "Total Cost": 1141275.68,
                                            "Plan Rows": 1,
                                            "Plan Width": 32,
                                            "Actual Startup Time": 1464.952,
                                            "Actual Total Time": 1485.096,
                                            "Actual Rows": 29,
                                            "Actual Loops": 5,
                                            "Inner Unique": false,
                                            "Hash Cond": "(chn.id = ci.person_role_id)",
                                            "Plans": [
                                              {
                                                "Node Type": "Seq Scan",
                                                "Parent Relationship": "Outer",
                                                "Parallel Aware": true,
                                                "Relation Name": "char_name",
                                                "Alias": "chn",
                                                "Startup Cost": 0.0,
                                                "Total Cost": 46261.29,
                                                "Plan Rows": 1,
                                                "Plan Width": 20,
                                                "Actual Startup Time": 86.383,
                                                "Actual Total Time": 106.457,
                                                "Actual Rows": 0,
                                                "Actual Loops": 5,
                                                "Filter": "(name = 'Queen'::text)",
                                                "Rows Removed by Filter": 628068
                                              },
                                              {
                                                "Node Type": "Hash",
                                                "Parent Relationship": "Inner",
                                                "Parallel Aware": true,
                                                "Startup Cost": 1085741.08,
                                                "Total Cost": 1085741.08,
                                                "Plan Rows": 674422,
                                                "Plan Width": 20,
                                                "Actual Startup Time": 1374.218,
                                                "Actual Total Time": 1374.222,
                                                "Actual Rows": 354179,
                                                "Actual Loops": 5,
                                                "Hash Buckets": 2097152,
                                                "Original Hash Buckets": 2097152,
                                                "Hash Batches": 1,
                                                "Original Hash Batches": 1,
                                                "Peak Memory Usage": 109408,
                                                "Plans": [
                                                  {
                                                    "Node Type": "Hash Join",
                                                    "Parent Relationship": "Outer",
                                                    "Parallel Aware": true,
                                                    "Join Type": "Inner",
                                                    "Startup Cost": 337608.36,
                                                    "Total Cost": 1085741.08,
                                                    "Plan Rows": 674422,
                                                    "Plan Width": 20,
                                                    "Actual Startup Time": 1125.189,
                                                    "Actual Total Time": 1242.744,
                                                    "Actual Rows": 354179,
                                                    "Actual Loops": 5,
                                                    "Inner Unique": false,
                                                    "Hash Cond": "(an.person_id = ci.person_id)",
                                                    "Plans": [
                                                      {
                                                        "Node Type": "Seq Scan",
                                                        "Parent Relationship": "Outer",
                                                        "Parallel Aware": true,
                                                        "Relation Name": "aka_name",
                                                        "Alias": "an",
                                                        "Startup Cost": 0.0,
                                                        "Total Cost": 14303.56,
                                                        "Plan Rows": 290756,
                                                        "Plan Width": 4,
                                                        "Actual Startup Time": 0.021,
                                                        "Actual Total Time": 27.31,
                                                        "Actual Rows": 180269,
                                                        "Actual Loops": 5
                                                      },
                                                      {
                                                        "Node Type": "Hash",
                                                        "Parent Relationship": "Inner",
                                                        "Parallel Aware": true,
                                                        "Startup Cost": 335777.85,
                                                        "Total Cost": 335777.85,
                                                        "Plan Rows": 146441,
                                                        "Plan Width": 16,
                                                        "Actual Startup Time": 1123.618,
                                                        "Actual Total Time": 1123.62,
                                                        "Actual Rows": 167340,
                                                        "Actual Loops": 5,
                                                        "Hash Buckets": 1048576,
                                                        "Original Hash Buckets": 1048576,
                                                        "Hash Batches": 1,
                                                        "Original Hash Batches": 1,
                                                        "Peak Memory Usage": 47520,
                                                        "Plans": [
                                                          {
                                                            "Node Type": "Seq Scan",
                                                            "Parent Relationship": "Outer",
                                                            "Parallel Aware": true,
                                                            "Relation Name": "cast_info",
                                                            "Alias": "ci",
                                                            "Startup Cost": 0.0,
                                                            "Total Cost": 335777.85,
                                                            "Plan Rows": 146441,
                                                            "Plan Width": 16,
                                                            "Actual Startup Time": 0.185,
                                                            "Actual Total Time": 1049.653,
                                                            "Actual Rows": 167340,
                                                            "Actual Loops": 5,
                                                            "Filter": "(note = ANY ('{(voice),\"(voice) (uncredited)\",\"(voice: English version)\"}'::text[]))",
                                                            "Rows Removed by Filter": 7081529
                                                          }
                                                        ]
                                                      }
                                                    ]
                                                  }
                                                ]
                                              }
                                            ]
                                          }
                                        ]
                                      }
                                    ]
                                  }
                                ]
                              }
                            ]
                          }
                        ]
                      },
                      {
                        "Node Type": "Hash",
                        "Parent Relationship": "Inner",
                        "Parallel Aware": false,
                        "Startup Cost": 465372.49,
                        "Total Cost": 465372.49,
                        "Plan Rows": 3,
                        "Plan Width": 8,
                        "Actual Startup Time": 2102.33,
                        "Actual Total Time": 2102.376,
                        "Actual Rows": 23,
                        "Actual Loops": 1,
                        "Hash Buckets": 1024,
                        "Original Hash Buckets": 1024,
                        "Hash Batches": 1,
                        "Original Hash Batches": 1,
                        "Peak Memory Usage": 9,
                        "Plans": [
                          {
                            "Node Type": "Hash Join",
                            "Parent Relationship": "Outer",
                            "Parallel Aware": false,
                            "Join Type": "Inner",
                            "Startup Cost": 465371.39,
                            "Total Cost": 465372.49,
                            "Plan Rows": 3,
                            "Plan Width": 8,
                            "Actual Startup Time": 2102.316,
                            "Actual Total Time": 2102.365,
                            "Actual Rows": 23,
                            "Actual Loops": 1,
                            "Inner Unique": false,
                            "Hash Cond": "(cct2.id = cc.status_id)",
                            "Plans": [
                              {
                                "Node Type": "Seq Scan",
                                "Parent Relationship": "Outer",
                                "Parallel Aware": false,
                                "Relation Name": "comp_cast_type",
                                "Alias": "cct2",
                                "Startup Cost": 0.0,
                                "Total Cost": 1.05,
                                "Plan Rows": 1,
                                "Plan Width": 4,
                                "Actual Startup Time": 0.016,
                                "Actual Total Time": 0.018,
                                "Actual Rows": 1,
                                "Actual Loops": 1,
                                "Filter": "((kind)::text = 'complete+verified'::text)",
                                "Rows Removed by Filter": 3
                              },
                              {
                                "Node Type": "Hash",
                                "Parent Relationship": "Inner",
                                "Parallel Aware": false,
                                "Startup Cost": 465371.24,
                                "Total Cost": 465371.24,
                                "Plan Rows": 12,
                                "Plan Width": 12,
                                "Actual Startup Time": 2102.278,
                                "Actual Total Time": 2102.32,
                                "Actual Rows": 74,
                                "Actual Loops": 1,
                                "Hash Buckets": 1024,
                                "Original Hash Buckets": 1024,
                                "Hash Batches": 1,
                                "Original Hash Batches": 1,
                                "Peak Memory Usage": 12,
                                "Plans": [
                                  {
                                    "Node Type": "Hash Join",
                                    "Parent Relationship": "Outer",
                                    "Parallel Aware": false,
                                    "Join Type": "Inner",
                                    "Startup Cost": 462712.88,
                                    "Total Cost": 465371.24,
                                    "Plan Rows": 12,
                                    "Plan Width": 12,
                                    "Actual Startup Time": 2092.627,
                                    "Actual Total Time": 2102.304,
                                    "Actual Rows": 74,
                                    "Actual Loops": 1,
                                    "Inner Unique": false,
                                    "Hash Cond": "(k.id = mk.keyword_id)",
                                    "Plans": [
                                      {
                                        "Node Type": "Seq Scan",
                                        "Parent Relationship": "Outer",
                                        "Parallel Aware": false,
                                        "Relation Name": "keyword",
                                        "Alias": "k",
                                        "Startup Cost": 0.0,
                                        "Total Cost": 2626.12,
                                        "Plan Rows": 1,
                                        "Plan Width": 4,
                                        "Actual Startup Time": 0.04,
                                        "Actual Total Time": 9.641,
                                        "Actual Rows": 1,
                                        "Actual Loops": 1,
                                        "Filter": "(keyword = 'computer-animation'::text)",
                                        "Rows Removed by Filter": 134169
                                      },
                                      {
                                        "Node Type": "Hash",
                                        "Parent Relationship": "Inner",
                                        "Parallel Aware": false,
                                        "Startup Cost": 443127.43,
                                        "Total Cost": 443127.43,
                                        "Plan Rows": 1566836,
                                        "Plan Width": 16,
                                        "Actual Startup Time": 2080.047,
                                        "Actual Total Time": 2080.054,
                                        "Actual Rows": 1436647,
                                        "Actual Loops": 1,
                                        "Hash Buckets": 2097152,
                                        "Original Hash Buckets": 2097152,
                                        "Hash Batches": 1,
                                        "Original Hash Batches": 1,
                                        "Peak Memory Usage": 83727,
                                        "Plans": [
                                          {
                                            "Node Type": "Hash Join",
                                            "Parent Relationship": "Outer",
                                            "Parallel Aware": false,
                                            "Join Type": "Inner",
                                            "Startup Cost": 422491.19,
                                            "Total Cost": 443127.43,
                                            "Plan Rows": 1566836,
                                            "Plan Width": 16,
                                            "Actual Startup Time": 1702.699,
                                            "Actual Total Time": 1828.985,
                                            "Actual Rows": 1436647,
                                            "Actual Loops": 1,
                                            "Inner Unique": false,
                                            "Hash Cond": "(cct1.id = cc.subject_id)",
                                            "Plans": [
                                              {
                                                "Node Type": "Seq Scan",
                                                "Parent Relationship": "Outer",
                                                "Parallel Aware": false,
                                                "Relation Name": "comp_cast_type",
                                                "Alias": "cct1",
                                                "Startup Cost": 0.0,
                                                "Total Cost": 1.05,
                                                "Plan Rows": 1,
                                                "Plan Width": 4,
                                                "Actual Startup Time": 0.013,
                                                "Actual Total Time": 0.021,
                                                "Actual Rows": 1,
                                                "Actual Loops": 1,
                                                "Filter": "((kind)::text = 'cast'::text)",
                                                "Rows Removed by Filter": 3
                                              },
                                              {
                                                "Node Type": "Hash",
                                                "Parent Relationship": "Inner",
                                                "Parallel Aware": false,
                                                "Startup Cost": 344150.55,
                                                "Total Cost": 344150.55,
                                                "Plan Rows": 6267251,
                                                "Plan Width": 20,
                                                "Actual Startup Time": 1662.313,
                                                "Actual Total Time": 1662.317,
                                                "Actual Rows": 2171367,
                                                "Actual Loops": 1,
                                                "Hash Buckets": 8388608,
                                                "Original Hash Buckets": 8388608,
                                                "Hash Batches": 1,
                                                "Original Hash Batches": 1,
                                                "Peak Memory Usage": 175801,
                                                "Plans": [
                                                  {
                                                    "Node Type": "Hash Join",
                                                    "Parent Relationship": "Outer",
                                                    "Parallel Aware": false,
                                                    "Join Type": "Inner",
                                                    "Startup Cost": 126242.43,
                                                    "Total Cost": 344150.55,
                                                    "Plan Rows": 6267251,
                                                    "Plan Width": 20,
                                                    "Actual Startup Time": 1085.534,
                                                    "Actual Total Time": 1344.901,
                                                    "Actual Rows": 2171367,
                                                    "Actual Loops": 1,
                                                    "Inner Unique": false,
                                                    "Hash Cond": "(cc.movie_id = mk.movie_id)",
                                                    "Plans": [
                                                      {
                                                        "Node Type": "Seq Scan",
                                                        "Parent Relationship": "Outer",
                                                        "Parallel Aware": false,
                                                        "Relation Name": "complete_cast",
                                                        "Alias": "cc",
                                                        "Startup Cost": 0.0,
                                                        "Total Cost": 2081.86,
                                                        "Plan Rows": 135086,
                                                        "Plan Width": 12,
                                                        "Actual Startup Time": 0.04,
                                                        "Actual Total Time": 14.227,
                                                        "Actual Rows": 135086,
                                                        "Actual Loops": 1
                                                      },
                                                      {
                                                        "Node Type": "Hash",
                                                        "Parent Relationship": "Inner",
                                                        "Parallel Aware": false,
                                                        "Startup Cost": 69693.3,
                                                        "Total Cost": 69693.3,
                                                        "Plan Rows": 4523930,
                                                        "Plan Width": 8,
                                                        "Actual Startup Time": 1050.089,
                                                        "Actual Total Time": 1050.09,
                                                        "Actual Rows": 4523930,
                                                        "Actual Loops": 1,
                                                        "Hash Buckets": 8388608,
                                                        "Original Hash Buckets": 8388608,
                                                        "Hash Batches": 1,
                                                        "Original Hash Batches": 1,
                                                        "Peak Memory Usage": 242253,
                                                        "Plans": [
                                                          {
                                                            "Node Type": "Seq Scan",
                                                            "Parent Relationship": "Outer",
                                                            "Parallel Aware": false,
                                                            "Relation Name": "movie_keyword",
                                                            "Alias": "mk",
                                                            "Startup Cost": 0.0,
                                                            "Total Cost": 69693.3,
                                                            "Plan Rows": 4523930,
                                                            "Plan Width": 8,
                                                            "Actual Startup Time": 0.036,
                                                            "Actual Total Time": 433.175,
                                                            "Actual Rows": 4523930,
                                                            "Actual Loops": 1
                                                          }
                                                        ]
                                                      }
                                                    ]
                                                  }
                                                ]
                                              }
                                            ]
                                          }
                                        ]
                                      }
                                    ]
                                  }
                                ]
                              }
                            ]
                          }
                        ]
                      }
                    ]
                  }
                ]
              }
            ]
          },
          {
            "Node Type": "Hash",
            "Parent Relationship": "Inner",
            "Parallel Aware": false,
            "Startup Cost": 1.15,
            "Total Cost": 1.15,
            "Plan Rows": 1,
            "Plan Width": 4,
            "Actual Startup Time": 0.035,
            "Actual Total Time": 0.036,
            "Actual Rows": 1,
            "Actual Loops": 1,
            "Hash Buckets": 1024,
            "Original Hash Buckets": 1024,
            "Hash Batches": 1,
            "Original Hash Batches": 1,
            "Peak Memory Usage": 9,
            "Plans": [
              {
                "Node Type": "Seq Scan",
                "Parent Relationship": "Outer",
                "Parallel Aware": false,
                "Relation Name": "role_type",
                "Alias": "rt",
                "Startup Cost": 0.0,
                "Total Cost": 1.15,
                "Plan Rows": 1,
                "Plan Width": 4,
                "Actual Startup Time": 0.029,
                "Actual Total Time": 0.03,
                "Actual Rows": 1,
                "Actual Loops": 1,
                "Filter": "((role)::text = 'actress'::text)",
                "Rows Removed by Filter": 11
              }
            ]
          }
        ]
      }
    ]
  },
  "Planning Time": 2681.381,
  "Triggers": [],
  "Execution Time": 5479.192
}