{
  "Plan": {
    "Node Type": "Aggregate",
    "Strategy": "Plain",
    "Partial Mode": "Finalize",
    "Parallel Aware": false,
    "Startup Cost": 248458.14,
    "Total Cost": 248458.15,
    "Plan Rows": 1,
    "Plan Width": 8,
    "Actual Startup Time": 153.596,
    "Actual Total Time": 168.266,
    "Actual Rows": 1,
    "Actual Loops": 1,
    "Plans": [
      {
        "Node Type": "Gather",
        "Parent Relationship": "Outer",
        "Parallel Aware": false,
        "Startup Cost": 248458.03,
        "Total Cost": 248458.14,
        "Plan Rows": 1,
        "Plan Width": 8,
        "Actual Startup Time": 153.481,
        "Actual Total Time": 168.259,
        "Actual Rows": 2,
        "Actual Loops": 1,
        "Workers Planned": 1,
        "Workers Launched": 1,
        "Single Copy": false,
        "Plans": [
          {
            "Node Type": "Aggregate",
            "Strategy": "Plain",
            "Partial Mode": "Partial",
            "Parent Relationship": "Outer",
            "Parallel Aware": false,
            "Startup Cost": 247458.03,
            "Total Cost": 247458.04,
            "Plan Rows": 1,
            "Plan Width": 8,
            "Actual Startup Time": 147.696,
            "Actual Total Time": 147.697,
            "Actual Rows": 1,
            "Actual Loops": 2,
            "Plans": [
              {
                "Node Type": "Nested Loop",
                "Parent Relationship": "Outer",
                "Parallel Aware": false,
                "Join Type": "Inner",
                "Startup Cost": 0.56,
                "Total Cost": 247454.44,
                "Plan Rows": 1433,
                "Plan Width": 0,
                "Actual Startup Time": 1.468,
                "Actual Total Time": 147.616,
                "Actual Rows": 614,
                "Actual Loops": 2,
                "Inner Unique": false,
                "Plans": [
                  {
                    "Node Type": "Seq Scan",
                    "Parent Relationship": "Outer",
                    "Parallel Aware": true,
                    "Relation Name": "title",
                    "Alias": "t",
                    "Startup Cost": 0.0,
                    "Total Cost": 58306.47,
                    "Plan Rows": 1446,
                    "Plan Width": 4,
                    "Actual Startup Time": 0.905,
                    "Actual Total Time": 135.234,
                    "Actual Rows": 598,
                    "Actual Loops": 2,
                    "Filter": "((kind_id = 7) AND (production_year = 1949))",
                    "Rows Removed by Filter": 1263558
                  },
                  {
                    "Node Type": "Index Scan",
                    "Parent Relationship": "Inner",
                    "Parallel Aware": false,
                    "Scan Direction": "Forward",
                    "Index Name": "movie_id_cast_info",
                    "Relation Name": "cast_info",
                    "Alias": "ci",
                    "Startup Cost": 0.56,
                    "Total Cost": 130.78,
                    "Plan Rows": 3,
                    "Plan Width": 4,
                    "Actual Startup Time": 0.01,
                    "Actual Total Time": 0.02,
                    "Actual Rows": 1,
                    "Actual Loops": 1196,
                    "Index Cond": "(movie_id = t.id)",
                    "Rows Removed by Index Recheck": 0,
                    "Filter": "((person_id < 723354) AND (role_id < 2))",
                    "Rows Removed by Filter": 4
                  }
                ]
              }
            ]
          }
        ]
      }
    ]
  },
  "Planning Time": 0.513,
  "Triggers": [],
  "Execution Time": 168.341
}