[
  {
    "Plan": {
      "Node Type": "Aggregate",
      "Strategy": "Plain",
      "Partial Mode": "Finalize",
      "Parallel Aware": false,
      "Startup Cost": 65901.34,
      "Total Cost": 65901.35,
      "Plan Rows": 1,
      "Plan Width": 8,
      "Actual Startup Time": 127.901,
      "Actual Total Time": 141.542,
      "Actual Rows": 1,
      "Actual Loops": 1,
      "Plans": [
        {
          "Node Type": "Gather",
          "Parent Relationship": "Outer",
          "Parallel Aware": false,
          "Startup Cost": 65901.02,
          "Total Cost": 65901.33,
          "Plan Rows": 3,
          "Plan Width": 8,
          "Actual Startup Time": 127.549,
          "Actual Total Time": 141.535,
          "Actual Rows": 4,
          "Actual Loops": 1,
          "Workers Planned": 3,
          "Workers Launched": 3,
          "Single Copy": false,
          "Plans": [
            {
              "Node Type": "Aggregate",
              "Strategy": "Plain",
              "Partial Mode": "Partial",
              "Parent Relationship": "Outer",
              "Parallel Aware": false,
              "Startup Cost": 64901.02,
              "Total Cost": 64901.03,
              "Plan Rows": 1,
              "Plan Width": 8,
              "Actual Startup Time": 118.464,
              "Actual Total Time": 118.467,
              "Actual Rows": 1,
              "Actual Loops": 4,
              "Plans": [
                {
                  "Node Type": "Hash Join",
                  "Parent Relationship": "Outer",
                  "Parallel Aware": true,
                  "Join Type": "Inner",
                  "Startup Cost": 45686.5,
                  "Total Cost": 64900.83,
                  "Plan Rows": 77,
                  "Plan Width": 0,
                  "Actual Startup Time": 102.929,
                  "Actual Total Time": 118.445,
                  "Actual Rows": 247,
                  "Actual Loops": 4,
                  "Inner Unique": true,
                  "Hash Cond": "(mc.movie_id = t.id)",
                  "Plans": [
                    {
                      "Node Type": "Bitmap Heap Scan",
                      "Parent Relationship": "Outer",
                      "Parallel Aware": true,
                      "Relation Name": "movie_companies",
                      "Alias": "mc",
                      "Startup Cost": 1739.91,
                      "Total Cost": 20920.58,
                      "Plan Rows": 12821,
                      "Plan Width": 4,
                      "Actual Startup Time": 5.428,
                      "Actual Total Time": 18.811,
                      "Actual Rows": 16630,
                      "Actual Loops": 4,
                      "Recheck Cond": "(company_id < 19)",
                      "Rows Removed by Index Recheck": 0,
                      "Filter": "(company_type_id < 2)",
                      "Rows Removed by Filter": 4388,
                      "Exact Heap Blocks": 4281,
                      "Lossy Heap Blocks": 0,
                      "Plans": [
                        {
                          "Node Type": "Bitmap Index Scan",
                          "Parent Relationship": "Outer",
                          "Parallel Aware": false,
                          "Index Name": "company_id_movie_companies",
                          "Startup Cost": 0.0,
                          "Total Cost": 1729.97,
                          "Plan Rows": 80739,
                          "Plan Width": 0,
                          "Actual Startup Time": 4.18,
                          "Actual Total Time": 4.18,
                          "Actual Rows": 84071,
                          "Actual Loops": 1,
                          "Index Cond": "(company_id < 19)"
                        }
                      ]
                    },
                    {
                      "Node Type": "Hash",
                      "Parent Relationship": "Inner",
                      "Parallel Aware": true,
                      "Startup Cost": 43898.92,
                      "Total Cost": 43898.92,
                      "Plan Rows": 3814,
                      "Plan Width": 4,
                      "Actual Startup Time": 96.057,
                      "Actual Total Time": 96.058,
                      "Actual Rows": 3498,
                      "Actual Loops": 4,
                      "Hash Buckets": 16384,
                      "Original Hash Buckets": 16384,
                      "Hash Batches": 1,
                      "Original Hash Batches": 1,
                      "Peak Memory Usage": 736,
                      "Plans": [
                        {
                          "Node Type": "Seq Scan",
                          "Parent Relationship": "Outer",
                          "Parallel Aware": true,
                          "Relation Name": "title",
                          "Alias": "t",
                          "Startup Cost": 0.0,
                          "Total Cost": 43898.92,
                          "Plan Rows": 3814,
                          "Plan Width": 4,
                          "Actual Startup Time": 0.13,
                          "Actual Total Time": 94.028,
                          "Actual Rows": 3498,
                          "Actual Loops": 4,
                          "Filter": "(production_year = 1976)",
                          "Rows Removed by Filter": 628580
                        }
                      ]
                    }
                  ]
                }
              ]
            }
          ]
        }
      ]
    },
    "Planning Time": 0.69,
    "Triggers": [],
    "Execution Time": 141.633
  }
]