[
  {
    "Plan": {
      "Node Type": "Aggregate",
      "Strategy": "Plain",
      "Partial Mode": "Finalize",
      "Parallel Aware": false,
      "Startup Cost": 31626.56,
      "Total Cost": 31626.57,
      "Plan Rows": 1,
      "Plan Width": 8,
      "Actual Startup Time": 97.932,
      "Actual Total Time": 103.284,
      "Actual Rows": 1,
      "Actual Loops": 1,
      "Plans": [
        {
          "Node Type": "Gather",
          "Parent Relationship": "Outer",
          "Parallel Aware": false,
          "Startup Cost": 31626.24,
          "Total Cost": 31626.55,
          "Plan Rows": 3,
          "Plan Width": 8,
          "Actual Startup Time": 97.792,
          "Actual Total Time": 103.276,
          "Actual Rows": 4,
          "Actual Loops": 1,
          "Workers Planned": 3,
          "Workers Launched": 3,
          "Single Copy": false,
          "Plans": [
            {
              "Node Type": "Aggregate",
              "Strategy": "Plain",
              "Partial Mode": "Partial",
              "Parent Relationship": "Outer",
              "Parallel Aware": false,
              "Startup Cost": 30626.24,
              "Total Cost": 30626.25,
              "Plan Rows": 1,
              "Plan Width": 8,
              "Actual Startup Time": 91.903,
              "Actual Total Time": 91.904,
              "Actual Rows": 1,
              "Actual Loops": 4,
              "Plans": [
                {
                  "Node Type": "Seq Scan",
                  "Parent Relationship": "Outer",
                  "Parallel Aware": true,
                  "Relation Name": "movie_companies",
                  "Alias": "mc",
                  "Startup Cost": 0.0,
                  "Total Cost": 29310.68,
                  "Plan Rows": 526224,
                  "Plan Width": 0,
                  "Actual Startup Time": 1.293,
                  "Actual Total Time": 73.624,
                  "Actual Rows": 407320,
                  "Actual Loops": 4,
                  "Filter": "(company_id > 4360)",
                  "Rows Removed by Filter": 244963
                }
              ]
            }
          ]
        }
      ]
    },
    "Planning Time": 0.053,
    "Triggers": [],
    "Execution Time": 103.305
  }
]