{
  "Plan": {
    "Node Type": "Aggregate",
    "Strategy": "Plain",
    "Partial Mode": "Finalize",
    "Parallel Aware": false,
    "Startup Cost": 105597.19,
    "Total Cost": 105597.2,
    "Plan Rows": 1,
    "Plan Width": 8,
    "Actual Startup Time": 475.873,
    "Actual Total Time": 488.945,
    "Actual Rows": 1,
    "Actual Loops": 1,
    "Plans": [
      {
        "Node Type": "Gather",
        "Parent Relationship": "Outer",
        "Parallel Aware": false,
        "Startup Cost": 105597.08,
        "Total Cost": 105597.19,
        "Plan Rows": 1,
        "Plan Width": 8,
        "Actual Startup Time": 475.22,
        "Actual Total Time": 488.939,
        "Actual Rows": 2,
        "Actual Loops": 1,
        "Workers Planned": 1,
        "Workers Launched": 1,
        "Single Copy": false,
        "Plans": [
          {
            "Node Type": "Aggregate",
            "Strategy": "Plain",
            "Partial Mode": "Partial",
            "Parent Relationship": "Outer",
            "Parallel Aware": false,
            "Startup Cost": 104597.08,
            "Total Cost": 104597.09,
            "Plan Rows": 1,
            "Plan Width": 8,
            "Actual Startup Time": 470.784,
            "Actual Total Time": 470.789,
            "Actual Rows": 1,
            "Actual Loops": 2,
            "Plans": [
              {
                "Node Type": "Hash Join",
                "Parent Relationship": "Outer",
                "Parallel Aware": true,
                "Join Type": "Inner",
                "Startup Cost": 85147.06,
                "Total Cost": 104491.8,
                "Plan Rows": 42109,
                "Plan Width": 0,
                "Actual Startup Time": 351.058,
                "Actual Total Time": 467.266,
                "Actual Rows": 83242,
                "Actual Loops": 2,
                "Inner Unique": false,
                "Hash Cond": "(mi_idx.movie_id = t.id)",
                "Plans": [
                  {
                    "Node Type": "Seq Scan",
                    "Parent Relationship": "Outer",
                    "Parallel Aware": true,
                    "Relation Name": "movie_info_idx",
                    "Alias": "mi_idx",
                    "Startup Cost": 0.0,
                    "Total Cost": 16052.85,
                    "Plan Rows": 811785,
                    "Plan Width": 4,
                    "Actual Startup Time": 0.017,
                    "Actual Total Time": 47.275,
                    "Actual Rows": 690018,
                    "Actual Loops": 2
                  },
                  {
                    "Node Type": "Hash",
                    "Parent Relationship": "Inner",
                    "Parallel Aware": true,
                    "Startup Cost": 84182.74,
                    "Total Cost": 84182.74,
                    "Plan Rows": 77145,
                    "Plan Width": 8,
                    "Actual Startup Time": 349.305,
                    "Actual Total Time": 349.309,
                    "Actual Rows": 67404,
                    "Actual Loops": 2,
                    "Hash Buckets": 262144,
                    "Original Hash Buckets": 262144,
                    "Hash Batches": 1,
                    "Original Hash Batches": 1,
                    "Peak Memory Usage": 7360,
                    "Plans": [
                      {
                        "Node Type": "Hash Join",
                        "Parent Relationship": "Outer",
                        "Parallel Aware": true,
                        "Join Type": "Inner",
                        "Startup Cost": 23563.45,
                        "Total Cost": 84182.74,
                        "Plan Rows": 77145,
                        "Plan Width": 8,
                        "Actual Startup Time": 56.638,
                        "Actual Total Time": 331.971,
                        "Actual Rows": 67404,
                        "Actual Loops": 2,
                        "Inner Unique": false,
                        "Hash Cond": "(t.id = mc.movie_id)",
                        "Plans": [
                          {
                            "Node Type": "Seq Scan",
                            "Parent Relationship": "Outer",
                            "Parallel Aware": true,
                            "Relation Name": "title",
                            "Alias": "t",
                            "Startup Cost": 0.0,
                            "Total Cost": 50870.31,
                            "Plan Rows": 1487231,
                            "Plan Width": 4,
                            "Actual Startup Time": 0.008,
                            "Actual Total Time": 114.914,
                            "Actual Rows": 1264156,
                            "Actual Loops": 2
                          },
                          {
                            "Node Type": "Hash",
                            "Parent Relationship": "Inner",
                            "Parallel Aware": true,
                            "Startup Cost": 22599.14,
                            "Total Cost": 22599.14,
                            "Plan Rows": 77145,
                            "Plan Width": 4,
                            "Actual Startup Time": 55.173,
                            "Actual Total Time": 55.174,
                            "Actual Rows": 67404,
                            "Actual Loops": 2,
                            "Hash Buckets": 262144,
                            "Original Hash Buckets": 262144,
                            "Hash Batches": 1,
                            "Original Hash Batches": 1,
                            "Peak Memory Usage": 7328,
                            "Plans": [
                              {
                                "Node Type": "Bitmap Heap Scan",
                                "Parent Relationship": "Outer",
                                "Parallel Aware": true,
                                "Relation Name": "movie_companies",
                                "Alias": "mc",
                                "Startup Cost": 2844.82,
                                "Total Cost": 22599.14,
                                "Plan Rows": 77145,
                                "Plan Width": 4,
                                "Actual Startup Time": 11.924,
                                "Actual Total Time": 40.16,
                                "Actual Rows": 67404,
                                "Actual Loops": 2,
                                "Recheck Cond": "(company_id < 27)",
                                "Rows Removed by Index Recheck": 0,
                                "Exact Heap Blocks": 8402,
                                "Lossy Heap Blocks": 0,
                                "Plans": [
                                  {
                                    "Node Type": "Bitmap Index Scan",
                                    "Parent Relationship": "Outer",
                                    "Parallel Aware": false,
                                    "Index Name": "company_id_movie_companies",
                                    "Startup Cost": 0.0,
                                    "Total Cost": 2812.03,
                                    "Plan Rows": 131147,
                                    "Plan Width": 0,
                                    "Actual Startup Time": 10.799,
                                    "Actual Total Time": 10.799,
                                    "Actual Rows": 134807,
                                    "Actual Loops": 1,
                                    "Index Cond": "(company_id < 27)"
                                  }
                                ]
                              }
                            ]
                          }
                        ]
                      }
                    ]
                  }
                ]
              }
            ]
          }
        ]
      }
    ]
  },
  "Planning Time": 0.534,
  "Triggers": [],
  "Execution Time": 489.002
}