{
  "Plan": {
    "Node Type": "Aggregate",
    "Strategy": "Plain",
    "Partial Mode": "Finalize",
    "Parallel Aware": false,
    "Startup Cost": 530606.89,
    "Total Cost": 530606.9,
    "Plan Rows": 1,
    "Plan Width": 8,
    "Actual Startup Time": 5363.852,
    "Actual Total Time": 5403.128,
    "Actual Rows": 1,
    "Actual Loops": 1,
    "Plans": [
      {
        "Node Type": "Gather",
        "Parent Relationship": "Outer",
        "Parallel Aware": false,
        "Startup Cost": 530606.78,
        "Total Cost": 530606.89,
        "Plan Rows": 1,
        "Plan Width": 8,
        "Actual Startup Time": 5357.364,
        "Actual Total Time": 5403.119,
        "Actual Rows": 2,
        "Actual Loops": 1,
        "Workers Planned": 1,
        "Workers Launched": 1,
        "Single Copy": false,
        "Plans": [
          {
            "Node Type": "Aggregate",
            "Strategy": "Plain",
            "Partial Mode": "Partial",
            "Parent Relationship": "Outer",
            "Parallel Aware": false,
            "Startup Cost": 529606.78,
            "Total Cost": 529606.79,
            "Plan Rows": 1,
            "Plan Width": 8,
            "Actual Startup Time": 5349.348,
            "Actual Total Time": 5349.353,
            "Actual Rows": 1,
            "Actual Loops": 2,
            "Plans": [
              {
                "Node Type": "Hash Join",
                "Parent Relationship": "Outer",
                "Parallel Aware": true,
                "Join Type": "Inner",
                "Startup Cost": 90605.81,
                "Total Cost": 524318.73,
                "Plan Rows": 2115221,
                "Plan Width": 0,
                "Actual Startup Time": 666.563,
                "Actual Total Time": 5218.336,
                "Actual Rows": 3033828,
                "Actual Loops": 2,
                "Inner Unique": false,
                "Hash Cond": "(t.id = mi_idx.movie_id)",
                "Plans": [
                  {
                    "Node Type": "Hash Join",
                    "Parent Relationship": "Outer",
                    "Parallel Aware": true,
                    "Join Type": "Inner",
                    "Startup Cost": 64405.64,
                    "Total Cost": 466300.14,
                    "Plan Rows": 3875190,
                    "Plan Width": 8,
                    "Actual Startup Time": 407.198,
                    "Actual Total Time": 3677.299,
                    "Actual Rows": 3185530,
                    "Actual Loops": 2,
                    "Inner Unique": true,
                    "Hash Cond": "(ci.movie_id = t.id)",
                    "Plans": [
                      {
                        "Node Type": "Index Scan",
                        "Parent Relationship": "Outer",
                        "Parallel Aware": true,
                        "Scan Direction": "Forward",
                        "Index Name": "role_id_cast_info",
                        "Relation Name": "cast_info",
                        "Alias": "ci",
                        "Startup Cost": 0.56,
                        "Total Cost": 382631.05,
                        "Plan Rows": 7338659,
                        "Plan Width": 4,
                        "Actual Startup Time": 0.054,
                        "Actual Total Time": 1006.349,
                        "Actual Rows": 6335344,
                        "Actual Loops": 2,
                        "Index Cond": "(role_id = 1)",
                        "Rows Removed by Index Recheck": 0
                      },
                      {
                        "Node Type": "Hash",
                        "Parent Relationship": "Inner",
                        "Parallel Aware": true,
                        "Startup Cost": 54588.39,
                        "Total Cost": 54588.39,
                        "Plan Rows": 785335,
                        "Plan Width": 4,
                        "Actual Startup Time": 401.603,
                        "Actual Total Time": 401.604,
                        "Actual Rows": 661432,
                        "Actual Loops": 2,
                        "Hash Buckets": 2097152,
                        "Original Hash Buckets": 2097152,
                        "Hash Batches": 1,
                        "Original Hash Batches": 1,
                        "Peak Memory Usage": 68160,
                        "Plans": [
                          {
                            "Node Type": "Seq Scan",
                            "Parent Relationship": "Outer",
                            "Parallel Aware": true,
                            "Relation Name": "title",
                            "Alias": "t",
                            "Startup Cost": 0.0,
                            "Total Cost": 54588.39,
                            "Plan Rows": 785335,
                            "Plan Width": 4,
                            "Actual Startup Time": 0.024,
                            "Actual Total Time": 189.783,
                            "Actual Rows": 661432,
                            "Actual Loops": 2,
                            "Filter": "(production_year > 2001)",
                            "Rows Removed by Filter": 602724
                          }
                        ]
                      }
                    ]
                  },
                  {
                    "Node Type": "Hash",
                    "Parent Relationship": "Inner",
                    "Parallel Aware": true,
                    "Startup Cost": 16052.85,
                    "Total Cost": 16052.85,
                    "Plan Rows": 811785,
                    "Plan Width": 4,
                    "Actual Startup Time": 244.232,
                    "Actual Total Time": 244.233,
                    "Actual Rows": 690018,
                    "Actual Loops": 2,
                    "Hash Buckets": 2097152,
                    "Original Hash Buckets": 2097152,
                    "Hash Batches": 1,
                    "Original Hash Batches": 1,
                    "Peak Memory Usage": 70400,
                    "Plans": [
                      {
                        "Node Type": "Seq Scan",
                        "Parent Relationship": "Outer",
                        "Parallel Aware": true,
                        "Relation Name": "movie_info_idx",
                        "Alias": "mi_idx",
                        "Startup Cost": 0.0,
                        "Total Cost": 16052.85,
                        "Plan Rows": 811785,
                        "Plan Width": 4,
                        "Actual Startup Time": 0.054,
                        "Actual Total Time": 81.137,
                        "Actual Rows": 690018,
                        "Actual Loops": 2
                      }
                    ]
                  }
                ]
              }
            ]
          }
        ]
      }
    ]
  },
  "Planning Time": 1.094,
  "Triggers": [],
  "Execution Time": 5403.22
}