{
  "Plan": {
    "Node Type": "Aggregate",
    "Strategy": "Plain",
    "Partial Mode": "Finalize",
    "Parallel Aware": false,
    "Startup Cost": 1213300.11,
    "Total Cost": 1213300.12,
    "Plan Rows": 1,
    "Plan Width": 8,
    "Actual Startup Time": 15619.07,
    "Actual Total Time": 15695.815,
    "Actual Rows": 1,
    "Actual Loops": 1,
    "Plans": [
      {
        "Node Type": "Gather",
        "Parent Relationship": "Outer",
        "Parallel Aware": false,
        "Startup Cost": 1213300.0,
        "Total Cost": 1213300.11,
        "Plan Rows": 1,
        "Plan Width": 8,
        "Actual Startup Time": 15617.343,
        "Actual Total Time": 15695.805,
        "Actual Rows": 2,
        "Actual Loops": 1,
        "Workers Planned": 1,
        "Workers Launched": 1,
        "Single Copy": false,
        "Plans": [
          {
            "Node Type": "Aggregate",
            "Strategy": "Plain",
            "Partial Mode": "Partial",
            "Parent Relationship": "Outer",
            "Parallel Aware": false,
            "Startup Cost": 1212300.0,
            "Total Cost": 1212300.01,
            "Plan Rows": 1,
            "Plan Width": 8,
            "Actual Startup Time": 15611.46,
            "Actual Total Time": 15611.465,
            "Actual Rows": 1,
            "Actual Loops": 2,
            "Plans": [
              {
                "Node Type": "Nested Loop",
                "Parent Relationship": "Outer",
                "Parallel Aware": false,
                "Join Type": "Inner",
                "Startup Cost": 127042.54,
                "Total Cost": 1197359.62,
                "Plan Rows": 5976154,
                "Plan Width": 0,
                "Actual Startup Time": 347.707,
                "Actual Total Time": 15063.804,
                "Actual Rows": 12768482,
                "Actual Loops": 2,
                "Inner Unique": false,
                "Join Filter": "(t.id = ci.movie_id)",
                "Rows Removed by Join Filter": 0,
                "Plans": [
                  {
                    "Node Type": "Hash Join",
                    "Parent Relationship": "Outer",
                    "Parallel Aware": true,
                    "Join Type": "Inner",
                    "Startup Cost": 127041.97,
                    "Total Cost": 320992.67,
                    "Plan Rows": 417066,
                    "Plan Width": 8,
                    "Actual Startup Time": 347.624,
                    "Actual Total Time": 1283.763,
                    "Actual Rows": 742726,
                    "Actual Loops": 2,
                    "Inner Unique": true,
                    "Hash Cond": "(mi.movie_id = t.id)",
                    "Plans": [
                      {
                        "Node Type": "Bitmap Heap Scan",
                        "Parent Relationship": "Outer",
                        "Parallel Aware": true,
                        "Relation Name": "movie_info",
                        "Alias": "mi",
                        "Startup Cost": 65065.95,
                        "Total Cost": 253470.26,
                        "Plan Rows": 2112905,
                        "Plan Width": 4,
                        "Actual Startup Time": 128.036,
                        "Actual Total Time": 309.687,
                        "Actual Rows": 1812488,
                        "Actual Loops": 2,
                        "Recheck Cond": "(info_type_id < 4)",
                        "Rows Removed by Index Recheck": 0,
                        "Exact Heap Blocks": 12470,
                        "Lossy Heap Blocks": 0,
                        "Plans": [
                          {
                            "Node Type": "Bitmap Index Scan",
                            "Parent Relationship": "Outer",
                            "Parallel Aware": false,
                            "Index Name": "info_type_id_movie_info",
                            "Startup Cost": 0.0,
                            "Total Cost": 64167.97,
                            "Plan Rows": 3591938,
                            "Plan Width": 0,
                            "Actual Startup Time": 124.514,
                            "Actual Total Time": 124.515,
                            "Actual Rows": 3624977,
                            "Actual Loops": 1,
                            "Index Cond": "(info_type_id < 4)"
                          }
                        ]
                      },
                      {
                        "Node Type": "Hash",
                        "Parent Relationship": "Inner",
                        "Parallel Aware": true,
                        "Startup Cost": 58306.47,
                        "Total Cost": 58306.47,
                        "Plan Rows": 293564,
                        "Plan Width": 4,
                        "Actual Startup Time": 214.552,
                        "Actual Total Time": 214.553,
                        "Actual Rows": 210142,
                        "Actual Loops": 2,
                        "Hash Buckets": 524288,
                        "Original Hash Buckets": 524288,
                        "Hash Batches": 1,
                        "Original Hash Batches": 1,
                        "Peak Memory Usage": 20576,
                        "Plans": [
                          {
                            "Node Type": "Seq Scan",
                            "Parent Relationship": "Outer",
                            "Parallel Aware": true,
                            "Relation Name": "title",
                            "Alias": "t",
                            "Startup Cost": 0.0,
                            "Total Cost": 58306.47,
                            "Plan Rows": 293564,
                            "Plan Width": 4,
                            "Actual Startup Time": 0.024,
                            "Actual Total Time": 153.617,
                            "Actual Rows": 210142,
                            "Actual Loops": 2,
                            "Filter": "((kind_id < 7) AND (production_year > 2002))",
                            "Rows Removed by Filter": 1054014
                          }
                        ]
                      }
                    ]
                  },
                  {
                    "Node Type": "Index Only Scan",
                    "Parent Relationship": "Inner",
                    "Parallel Aware": false,
                    "Scan Direction": "Forward",
                    "Index Name": "movie_id_cast_info",
                    "Relation Name": "cast_info",
                    "Alias": "ci",
                    "Startup Cost": 0.56,
                    "Total Cost": 1.64,
                    "Plan Rows": 37,
                    "Plan Width": 4,
                    "Actual Startup Time": 0.003,
                    "Actual Total Time": 0.017,
                    "Actual Rows": 17,
                    "Actual Loops": 1485453,
                    "Index Cond": "(movie_id = mi.movie_id)",
                    "Rows Removed by Index Recheck": 0,
                    "Heap Fetches": 25536963
                  }
                ]
              }
            ]
          }
        ]
      }
    ]
  },
  "Planning Time": 1.109,
  "Triggers": [],
  "Execution Time": 15695.938
}