{
  "Plan": {
    "Node Type": "Aggregate",
    "Strategy": "Plain",
    "Partial Mode": "Finalize",
    "Parallel Aware": false,
    "Startup Cost": 58983.92,
    "Total Cost": 58983.93,
    "Plan Rows": 1,
    "Plan Width": 8,
    "Actual Startup Time": 184.824,
    "Actual Total Time": 191.891,
    "Actual Rows": 1,
    "Actual Loops": 1,
    "Plans": [
      {
        "Node Type": "Gather",
        "Parent Relationship": "Outer",
        "Parallel Aware": false,
        "Startup Cost": 58983.8,
        "Total Cost": 58983.91,
        "Plan Rows": 1,
        "Plan Width": 8,
        "Actual Startup Time": 184.499,
        "Actual Total Time": 191.885,
        "Actual Rows": 2,
        "Actual Loops": 1,
        "Workers Planned": 1,
        "Workers Launched": 1,
        "Single Copy": false,
        "Plans": [
          {
            "Node Type": "Aggregate",
            "Strategy": "Plain",
            "Partial Mode": "Partial",
            "Parent Relationship": "Outer",
            "Parallel Aware": false,
            "Startup Cost": 57983.8,
            "Total Cost": 57983.81,
            "Plan Rows": 1,
            "Plan Width": 8,
            "Actual Startup Time": 178.942,
            "Actual Total Time": 178.946,
            "Actual Rows": 1,
            "Actual Loops": 2,
            "Plans": [
              {
                "Node Type": "Hash Join",
                "Parent Relationship": "Outer",
                "Parallel Aware": true,
                "Join Type": "Inner",
                "Startup Cost": 39748.18,
                "Total Cost": 57931.97,
                "Plan Rows": 20735,
                "Plan Width": 0,
                "Actual Startup Time": 99.691,
                "Actual Total Time": 177.532,
                "Actual Rows": 25856,
                "Actual Loops": 2,
                "Inner Unique": true,
                "Hash Cond": "(mi_idx.movie_id = t.id)",
                "Plans": [
                  {
                    "Node Type": "Seq Scan",
                    "Parent Relationship": "Outer",
                    "Parallel Aware": true,
                    "Relation Name": "movie_info_idx",
                    "Alias": "mi_idx",
                    "Startup Cost": 0.0,
                    "Total Cost": 16052.85,
                    "Plan Rows": 811785,
                    "Plan Width": 4,
                    "Actual Startup Time": 0.021,
                    "Actual Total Time": 57.655,
                    "Actual Rows": 690018,
                    "Actual Loops": 2
                  },
                  {
                    "Node Type": "Hash",
                    "Parent Relationship": "Inner",
                    "Parallel Aware": true,
                    "Startup Cost": 39273.33,
                    "Total Cost": 39273.33,
                    "Plan Rows": 37988,
                    "Plan Width": 4,
                    "Actual Startup Time": 49.585,
                    "Actual Total Time": 49.586,
                    "Actual Rows": 26689,
                    "Actual Loops": 2,
                    "Hash Buckets": 65536,
                    "Original Hash Buckets": 65536,
                    "Hash Batches": 1,
                    "Original Hash Batches": 1,
                    "Peak Memory Usage": 2624,
                    "Plans": [
                      {
                        "Node Type": "Bitmap Heap Scan",
                        "Parent Relationship": "Outer",
                        "Parallel Aware": true,
                        "Relation Name": "title",
                        "Alias": "t",
                        "Startup Cost": 2197.08,
                        "Total Cost": 39273.33,
                        "Plan Rows": 37988,
                        "Plan Width": 4,
                        "Actual Startup Time": 9.086,
                        "Actual Total Time": 43.211,
                        "Actual Rows": 26689,
                        "Actual Loops": 2,
                        "Recheck Cond": "(kind_id = 4)",
                        "Rows Removed by Index Recheck": 0,
                        "Filter": "(production_year < 2005)",
                        "Rows Removed by Filter": 32428,
                        "Exact Heap Blocks": 10478,
                        "Lossy Heap Blocks": 0,
                        "Plans": [
                          {
                            "Node Type": "Bitmap Index Scan",
                            "Parent Relationship": "Outer",
                            "Parallel Aware": false,
                            "Index Name": "kind_id_title",
                            "Startup Cost": 0.0,
                            "Total Cost": 2180.94,
                            "Plan Rows": 122201,
                            "Plan Width": 0,
                            "Actual Startup Time": 10.577,
                            "Actual Total Time": 10.577,
                            "Actual Rows": 118234,
                            "Actual Loops": 1,
                            "Index Cond": "(kind_id = 4)"
                          }
                        ]
                      }
                    ]
                  }
                ]
              }
            ]
          }
        ]
      }
    ]
  },
  "Planning Time": 0.217,
  "Triggers": [],
  "Execution Time": 191.94
}