[
  {
    "Plan": {
      "Node Type": "Aggregate",
      "Strategy": "Plain",
      "Partial Mode": "Finalize",
      "Parallel Aware": false,
      "Startup Cost": 280714.9,
      "Total Cost": 280714.91,
      "Plan Rows": 1,
      "Plan Width": 8,
      "Actual Startup Time": 596.298,
      "Actual Total Time": 626.506,
      "Actual Rows": 1,
      "Actual Loops": 1,
      "Plans": [
        {
          "Node Type": "Gather",
          "Parent Relationship": "Outer",
          "Parallel Aware": false,
          "Startup Cost": 280714.27,
          "Total Cost": 280714.88,
          "Plan Rows": 6,
          "Plan Width": 8,
          "Actual Startup Time": 595.644,
          "Actual Total Time": 626.495,
          "Actual Rows": 7,
          "Actual Loops": 1,
          "Workers Planned": 6,
          "Workers Launched": 6,
          "Single Copy": false,
          "Plans": [
            {
              "Node Type": "Aggregate",
              "Strategy": "Plain",
              "Partial Mode": "Partial",
              "Parent Relationship": "Outer",
              "Parallel Aware": false,
              "Startup Cost": 279714.27,
              "Total Cost": 279714.28,
              "Plan Rows": 1,
              "Plan Width": 8,
              "Actual Startup Time": 584.341,
              "Actual Total Time": 584.344,
              "Actual Rows": 1,
              "Actual Loops": 7,
              "Plans": [
                {
                  "Node Type": "Nested Loop",
                  "Parent Relationship": "Outer",
                  "Parallel Aware": false,
                  "Join Type": "Inner",
                  "Startup Cost": 45607.21,
                  "Total Cost": 279425.62,
                  "Plan Rows": 115459,
                  "Plan Width": 0,
                  "Actual Startup Time": 83.794,
                  "Actual Total Time": 579.785,
                  "Actual Rows": 67332,
                  "Actual Loops": 7,
                  "Inner Unique": false,
                  "Join Filter": "(t.id = mi.movie_id)",
                  "Rows Removed by Join Filter": 0,
                  "Plans": [
                    {
                      "Node Type": "Hash Join",
                      "Parent Relationship": "Outer",
                      "Parallel Aware": true,
                      "Join Type": "Inner",
                      "Startup Cost": 45606.78,
                      "Total Cost": 243637.35,
                      "Plan Rows": 19746,
                      "Plan Width": 8,
                      "Actual Startup Time": 83.674,
                      "Actual Total Time": 453.786,
                      "Actual Rows": 20627,
                      "Actual Loops": 7,
                      "Inner Unique": true,
                      "Hash Cond": "(ci.movie_id = t.id)",
                      "Plans": [
                        {
                          "Node Type": "Index Scan",
                          "Parent Relationship": "Outer",
                          "Parallel Aware": true,
                          "Scan Direction": "Forward",
                          "Index Name": "role_id_cast_info",
                          "Relation Name": "cast_info",
                          "Alias": "ci",
                          "Startup Cost": 0.56,
                          "Total Cost": 194809.41,
                          "Plan Rows": 1227324,
                          "Plan Width": 4,
                          "Actual Startup Time": 0.193,
                          "Actual Total Time": 206.799,
                          "Actual Rows": 1064568,
                          "Actual Loops": 7,
                          "Index Cond": "(role_id = 2)",
                          "Rows Removed by Index Recheck": 0
                        },
                        {
                          "Node Type": "Hash",
                          "Parent Relationship": "Inner",
                          "Parallel Aware": true,
                          "Startup Cost": 45479.1,
                          "Total Cost": 45479.1,
                          "Plan Rows": 10169,
                          "Plan Width": 4,
                          "Actual Startup Time": 81.995,
                          "Actual Total Time": 81.996,
                          "Actual Rows": 6264,
                          "Actual Loops": 7,
                          "Hash Buckets": 65536,
                          "Original Hash Buckets": 65536,
                          "Hash Batches": 1,
                          "Original Hash Batches": 1,
                          "Peak Memory Usage": 2336,
                          "Plans": [
                            {
                              "Node Type": "Seq Scan",
                              "Parent Relationship": "Outer",
                              "Parallel Aware": true,
                              "Relation Name": "title",
                              "Alias": "t",
                              "Startup Cost": 0.0,
                              "Total Cost": 45479.1,
                              "Plan Rows": 10169,
                              "Plan Width": 4,
                              "Actual Startup Time": 0.044,
                              "Actual Total Time": 77.714,
                              "Actual Rows": 6264,
                              "Actual Loops": 7,
                              "Filter": "((kind_id = 7) AND (production_year = 2003))",
                              "Rows Removed by Filter": 354923
                            }
                          ]
                        }
                      ]
                    },
                    {
                      "Node Type": "Index Only Scan",
                      "Parent Relationship": "Inner",
                      "Parallel Aware": false,
                      "Scan Direction": "Forward",
                      "Index Name": "movie_id_movie_info",
                      "Relation Name": "movie_info",
                      "Alias": "mi",
                      "Startup Cost": 0.43,
                      "Total Cost": 1.29,
                      "Plan Rows": 42,
                      "Plan Width": 4,
                      "Actual Startup Time": 0.003,
                      "Actual Total Time": 0.006,
                      "Actual Rows": 3,
                      "Actual Loops": 144389,
                      "Index Cond": "(movie_id = ci.movie_id)",
                      "Rows Removed by Index Recheck": 0,
                      "Heap Fetches": 471324
                    }
                  ]
                }
              ]
            }
          ]
        }
      ]
    },
    "Planning Time": 1.363,
    "Triggers": [],
    "Execution Time": 626.608
  }
]