{
  "Plan": {
    "Node Type": "Aggregate",
    "Strategy": "Plain",
    "Partial Mode": "Simple",
    "Parallel Aware": false,
    "Startup Cost": 59980.9,
    "Total Cost": 59980.91,
    "Plan Rows": 1,
    "Plan Width": 8,
    "Actual Startup Time": 72.542,
    "Actual Total Time": 72.546,
    "Actual Rows": 1,
    "Actual Loops": 1,
    "Plans": [
      {
        "Node Type": "Hash Join",
        "Parent Relationship": "Outer",
        "Parallel Aware": false,
        "Join Type": "Inner",
        "Startup Cost": 22424.6,
        "Total Cost": 59980.79,
        "Plan Rows": 43,
        "Plan Width": 0,
        "Actual Startup Time": 42.657,
        "Actual Total Time": 72.534,
        "Actual Rows": 29,
        "Actual Loops": 1,
        "Inner Unique": false,
        "Hash Cond": "(t.id = mc.movie_id)",
        "Plans": [
          {
            "Node Type": "Bitmap Heap Scan",
            "Parent Relationship": "Outer",
            "Parallel Aware": false,
            "Relation Name": "title",
            "Alias": "t",
            "Startup Cost": 1823.83,
            "Total Cost": 39355.23,
            "Plan Rows": 2784,
            "Plan Width": 4,
            "Actual Startup Time": 15.534,
            "Actual Total Time": 47.245,
            "Actual Rows": 1454,
            "Actual Loops": 1,
            "Recheck Cond": "(kind_id = 3)",
            "Rows Removed by Index Recheck": 0,
            "Filter": "(production_year > 2012)",
            "Rows Removed by Filter": 99083,
            "Exact Heap Blocks": 12707,
            "Lossy Heap Blocks": 0,
            "Plans": [
              {
                "Node Type": "Bitmap Index Scan",
                "Parent Relationship": "Outer",
                "Parallel Aware": false,
                "Index Name": "kind_id_title",
                "Startup Cost": 0.0,
                "Total Cost": 1823.13,
                "Plan Rows": 102227,
                "Plan Width": 0,
                "Actual Startup Time": 11.084,
                "Actual Total Time": 11.085,
                "Actual Rows": 100537,
                "Actual Loops": 1,
                "Index Cond": "(kind_id = 3)"
              }
            ]
          },
          {
            "Node Type": "Hash",
            "Parent Relationship": "Inner",
            "Parallel Aware": false,
            "Startup Cost": 20115.91,
            "Total Cost": 20115.91,
            "Plan Rows": 38789,
            "Plan Width": 4,
            "Actual Startup Time": 24.859,
            "Actual Total Time": 24.86,
            "Actual Rows": 36136,
            "Actual Loops": 1,
            "Hash Buckets": 65536,
            "Original Hash Buckets": 65536,
            "Hash Batches": 1,
            "Original Hash Batches": 1,
            "Peak Memory Usage": 1783,
            "Plans": [
              {
                "Node Type": "Bitmap Heap Scan",
                "Parent Relationship": "Outer",
                "Parallel Aware": false,
                "Relation Name": "movie_companies",
                "Alias": "mc",
                "Startup Cost": 841.04,
                "Total Cost": 20115.91,
                "Plan Rows": 38789,
                "Plan Width": 4,
                "Actual Startup Time": 3.866,
                "Actual Total Time": 18.533,
                "Actual Rows": 36136,
                "Actual Loops": 1,
                "Recheck Cond": "(company_id = 160)",
                "Rows Removed by Index Recheck": 0,
                "Exact Heap Blocks": 4319,
                "Lossy Heap Blocks": 0,
                "Plans": [
                  {
                    "Node Type": "Bitmap Index Scan",
                    "Parent Relationship": "Outer",
                    "Parallel Aware": false,
                    "Index Name": "company_id_movie_companies",
                    "Startup Cost": 0.0,
                    "Total Cost": 831.35,
                    "Plan Rows": 38789,
                    "Plan Width": 0,
                    "Actual Startup Time": 2.852,
                    "Actual Total Time": 2.853,
                    "Actual Rows": 36136,
                    "Actual Loops": 1,
                    "Index Cond": "(company_id = 160)"
                  }
                ]
              }
            ]
          }
        ]
      }
    ]
  },
  "Planning Time": 0.449,
  "Triggers": [],
  "Execution Time": 72.625
}