[
  {
    "Plan": {
      "Node Type": "Aggregate",
      "Strategy": "Plain",
      "Partial Mode": "Finalize",
      "Parallel Aware": false,
      "Startup Cost": 349291.8,
      "Total Cost": 349291.82,
      "Plan Rows": 1,
      "Plan Width": 8,
      "Actual Startup Time": 727.347,
      "Actual Total Time": 771.164,
      "Actual Rows": 1,
      "Actual Loops": 1,
      "Plans": [
        {
          "Node Type": "Gather",
          "Parent Relationship": "Outer",
          "Parallel Aware": false,
          "Startup Cost": 349291.18,
          "Total Cost": 349291.79,
          "Plan Rows": 6,
          "Plan Width": 8,
          "Actual Startup Time": 727.149,
          "Actual Total Time": 771.145,
          "Actual Rows": 7,
          "Actual Loops": 1,
          "Workers Planned": 6,
          "Workers Launched": 6,
          "Single Copy": false,
          "Plans": [
            {
              "Node Type": "Aggregate",
              "Strategy": "Plain",
              "Partial Mode": "Partial",
              "Parent Relationship": "Outer",
              "Parallel Aware": false,
              "Startup Cost": 348291.18,
              "Total Cost": 348291.19,
              "Plan Rows": 1,
              "Plan Width": 8,
              "Actual Startup Time": 719.408,
              "Actual Total Time": 719.409,
              "Actual Rows": 1,
              "Actual Loops": 7,
              "Plans": [
                {
                  "Node Type": "Seq Scan",
                  "Parent Relationship": "Outer",
                  "Parallel Aware": true,
                  "Relation Name": "cast_info",
                  "Alias": "ci",
                  "Startup Cost": 0.0,
                  "Total Cost": 343316.27,
                  "Plan Rows": 1989964,
                  "Plan Width": 0,
                  "Actual Startup Time": 191.671,
                  "Actual Total Time": 655.742,
                  "Actual Rows": 1333244,
                  "Actual Loops": 7,
                  "Filter": "((person_id > 1477718) AND (role_id < 3))",
                  "Rows Removed by Filter": 3844520
                }
              ]
            }
          ]
        }
      ]
    },
    "Planning Time": 0.189,
    "Triggers": [],
    "Execution Time": 771.221
  }
]