{
  "Plan": {
    "Node Type": "Aggregate",
    "Strategy": "Plain",
    "Partial Mode": "Finalize",
    "Parallel Aware": false,
    "Startup Cost": 311472.21,
    "Total Cost": 311472.22,
    "Plan Rows": 1,
    "Plan Width": 8,
    "Actual Startup Time": 1331.102,
    "Actual Total Time": 1369.415,
    "Actual Rows": 1,
    "Actual Loops": 1,
    "Plans": [
      {
        "Node Type": "Gather",
        "Parent Relationship": "Outer",
        "Parallel Aware": false,
        "Startup Cost": 311472.09,
        "Total Cost": 311472.2,
        "Plan Rows": 1,
        "Plan Width": 8,
        "Actual Startup Time": 1330.792,
        "Actual Total Time": 1369.405,
        "Actual Rows": 2,
        "Actual Loops": 1,
        "Workers Planned": 1,
        "Workers Launched": 1,
        "Single Copy": false,
        "Plans": [
          {
            "Node Type": "Aggregate",
            "Strategy": "Plain",
            "Partial Mode": "Partial",
            "Parent Relationship": "Outer",
            "Parallel Aware": false,
            "Startup Cost": 310472.09,
            "Total Cost": 310472.1,
            "Plan Rows": 1,
            "Plan Width": 8,
            "Actual Startup Time": 1324.357,
            "Actual Total Time": 1324.362,
            "Actual Rows": 1,
            "Actual Loops": 2,
            "Plans": [
              {
                "Node Type": "Hash Join",
                "Parent Relationship": "Outer",
                "Parallel Aware": true,
                "Join Type": "Inner",
                "Startup Cost": 38543.22,
                "Total Cost": 310326.7,
                "Plan Rows": 58156,
                "Plan Width": 0,
                "Actual Startup Time": 74.38,
                "Actual Total Time": 1321.603,
                "Actual Rows": 58644,
                "Actual Loops": 2,
                "Inner Unique": true,
                "Hash Cond": "(mi.movie_id = t.id)",
                "Plans": [
                  {
                    "Node Type": "Seq Scan",
                    "Parent Relationship": "Outer",
                    "Parallel Aware": true,
                    "Relation Name": "movie_info",
                    "Alias": "mi",
                    "Startup Cost": 0.0,
                    "Total Cost": 248955.74,
                    "Plan Rows": 8696274,
                    "Plan Width": 4,
                    "Actual Startup Time": 0.01,
                    "Actual Total Time": 662.139,
                    "Actual Rows": 7417860,
                    "Actual Loops": 2
                  },
                  {
                    "Node Type": "Hash",
                    "Parent Relationship": "Inner",
                    "Parallel Aware": true,
                    "Startup Cost": 38418.89,
                    "Total Cost": 38418.89,
                    "Plan Rows": 9946,
                    "Plan Width": 4,
                    "Actual Startup Time": 72.556,
                    "Actual Total Time": 72.558,
                    "Actual Rows": 6430,
                    "Actual Loops": 2,
                    "Hash Buckets": 32768,
                    "Original Hash Buckets": 32768,
                    "Hash Batches": 1,
                    "Original Hash Batches": 1,
                    "Peak Memory Usage": 800,
                    "Plans": [
                      {
                        "Node Type": "Bitmap Heap Scan",
                        "Parent Relationship": "Outer",
                        "Parallel Aware": true,
                        "Relation Name": "title",
                        "Alias": "t",
                        "Startup Cost": 1620.76,
                        "Total Cost": 38418.89,
                        "Plan Rows": 9946,
                        "Plan Width": 4,
                        "Actual Startup Time": 21.293,
                        "Actual Total Time": 70.377,
                        "Actual Rows": 6430,
                        "Actual Loops": 2,
                        "Recheck Cond": "(kind_id = 2)",
                        "Rows Removed by Index Recheck": 0,
                        "Filter": "(production_year < 1978)",
                        "Rows Removed by Filter": 38996,
                        "Exact Heap Blocks": 20151,
                        "Lossy Heap Blocks": 0,
                        "Plans": [
                          {
                            "Node Type": "Bitmap Index Scan",
                            "Parent Relationship": "Outer",
                            "Parallel Aware": false,
                            "Index Name": "kind_id_title",
                            "Startup Cost": 0.0,
                            "Total Cost": 1616.54,
                            "Plan Rows": 90681,
                            "Plan Width": 0,
                            "Actual Startup Time": 19.007,
                            "Actual Total Time": 19.007,
                            "Actual Rows": 90852,
                            "Actual Loops": 1,
                            "Index Cond": "(kind_id = 2)"
                          }
                        ]
                      }
                    ]
                  }
                ]
              }
            ]
          }
        ]
      }
    ]
  },
  "Planning Time": 0.612,
  "Triggers": [],
  "Execution Time": 1369.511
}