[
  {
    "Plan": {
      "Node Type": "Aggregate",
      "Strategy": "Plain",
      "Partial Mode": "Finalize",
      "Parallel Aware": false,
      "Startup Cost": 345578.64,
      "Total Cost": 345578.65,
      "Plan Rows": 1,
      "Plan Width": 8,
      "Actual Startup Time": 503.136,
      "Actual Total Time": 536.817,
      "Actual Rows": 1,
      "Actual Loops": 1,
      "Plans": [
        {
          "Node Type": "Gather",
          "Parent Relationship": "Outer",
          "Parallel Aware": false,
          "Startup Cost": 345578.02,
          "Total Cost": 345578.63,
          "Plan Rows": 6,
          "Plan Width": 8,
          "Actual Startup Time": 502.986,
          "Actual Total Time": 536.807,
          "Actual Rows": 7,
          "Actual Loops": 1,
          "Workers Planned": 6,
          "Workers Launched": 6,
          "Single Copy": false,
          "Plans": [
            {
              "Node Type": "Aggregate",
              "Strategy": "Plain",
              "Partial Mode": "Partial",
              "Parent Relationship": "Outer",
              "Parallel Aware": false,
              "Startup Cost": 344578.02,
              "Total Cost": 344578.03,
              "Plan Rows": 1,
              "Plan Width": 8,
              "Actual Startup Time": 491.851,
              "Actual Total Time": 491.853,
              "Actual Rows": 1,
              "Actual Loops": 7,
              "Plans": [
                {
                  "Node Type": "Index Scan",
                  "Parent Relationship": "Outer",
                  "Parallel Aware": true,
                  "Scan Direction": "Forward",
                  "Index Name": "role_id_cast_info",
                  "Relation Name": "cast_info",
                  "Alias": "ci",
                  "Startup Cost": 0.56,
                  "Total Cost": 341155.22,
                  "Plan Rows": 1369120,
                  "Plan Width": 0,
                  "Actual Startup Time": 336.941,
                  "Actual Total Time": 462.309,
                  "Actual Rows": 477575,
                  "Actual Loops": 7,
                  "Index Cond": "(role_id < 2)",
                  "Rows Removed by Index Recheck": 0,
                  "Filter": "(person_id > 1274510)",
                  "Rows Removed by Filter": 1332524
                }
              ]
            }
          ]
        }
      ]
    },
    "Planning Time": 0.238,
    "Triggers": [],
    "Execution Time": 536.897
  }
]