{
  "Plan": {
    "Node Type": "Aggregate",
    "Strategy": "Plain",
    "Partial Mode": "Finalize",
    "Parallel Aware": false,
    "Startup Cost": 300269.76,
    "Total Cost": 300269.77,
    "Plan Rows": 1,
    "Plan Width": 8,
    "Actual Startup Time": 1439.097,
    "Actual Total Time": 1466.399,
    "Actual Rows": 1,
    "Actual Loops": 1,
    "Plans": [
      {
        "Node Type": "Gather",
        "Parent Relationship": "Outer",
        "Parallel Aware": false,
        "Startup Cost": 300269.64,
        "Total Cost": 300269.75,
        "Plan Rows": 1,
        "Plan Width": 8,
        "Actual Startup Time": 1210.307,
        "Actual Total Time": 1466.379,
        "Actual Rows": 2,
        "Actual Loops": 1,
        "Workers Planned": 1,
        "Workers Launched": 1,
        "Single Copy": false,
        "Plans": [
          {
            "Node Type": "Aggregate",
            "Strategy": "Plain",
            "Partial Mode": "Partial",
            "Parent Relationship": "Outer",
            "Parallel Aware": false,
            "Startup Cost": 299269.64,
            "Total Cost": 299269.65,
            "Plan Rows": 1,
            "Plan Width": 8,
            "Actual Startup Time": 1313.644,
            "Actual Total Time": 1313.655,
            "Actual Rows": 1,
            "Actual Loops": 2,
            "Plans": [
              {
                "Node Type": "Merge Join",
                "Parent Relationship": "Outer",
                "Parallel Aware": false,
                "Join Type": "Inner",
                "Startup Cost": 291692.76,
                "Total Cost": 298988.64,
                "Plan Rows": 112401,
                "Plan Width": 0,
                "Actual Startup Time": 1136.457,
                "Actual Total Time": 1298.417,
                "Actual Rows": 317675,
                "Actual Loops": 2,
                "Inner Unique": false,
                "Merge Cond": "(t.id = mc.movie_id)",
                "Plans": [
                  {
                    "Node Type": "Sort",
                    "Parent Relationship": "Outer",
                    "Parallel Aware": false,
                    "Startup Cost": 149116.55,
                    "Total Cost": 149881.56,
                    "Plan Rows": 306002,
                    "Plan Width": 8,
                    "Actual Startup Time": 667.57,
                    "Actual Total Time": 675.055,
                    "Actual Rows": 164452,
                    "Actual Loops": 2,
                    "Sort Key": [
                      "t.id"
                    ],
                    "Sort Method": "quicksort",
                    "Sort Space Used": 15796,
                    "Sort Space Type": "Memory",
                    "Workers": [
                      {
                        "Worker Number": 0,
                        "Sort Method": "quicksort",
                        "Sort Space Used": 8839,
                        "Sort Space Type": "Memory"
                      }
                    ],
                    "Plans": [
                      {
                        "Node Type": "Hash Join",
                        "Parent Relationship": "Outer",
                        "Parallel Aware": true,
                        "Join Type": "Inner",
                        "Startup Cost": 61287.7,
                        "Total Cost": 121234.9,
                        "Plan Rows": 306002,
                        "Plan Width": 8,
                        "Actual Startup Time": 313.796,
                        "Actual Total Time": 633.102,
                        "Actual Rows": 164454,
                        "Actual Loops": 2,
                        "Inner Unique": true,
                        "Hash Cond": "(mk.movie_id = t.id)",
                        "Plans": [
                          {
                            "Node Type": "Seq Scan",
                            "Parent Relationship": "Outer",
                            "Parallel Aware": true,
                            "Relation Name": "movie_keyword",
                            "Alias": "mk",
                            "Startup Cost": 0.0,
                            "Total Cost": 57718.19,
                            "Plan Rows": 849147,
                            "Plan Width": 4,
                            "Actual Startup Time": 0.017,
                            "Actual Total Time": 198.404,
                            "Actual Rows": 728231,
                            "Actual Loops": 2,
                            "Filter": "(keyword_id < 2053)",
                            "Rows Removed by Filter": 1533734
                          },
                          {
                            "Node Type": "Hash",
                            "Parent Relationship": "Inner",
                            "Parallel Aware": true,
                            "Startup Cost": 54588.39,
                            "Total Cost": 54588.39,
                            "Plan Rows": 535945,
                            "Plan Width": 4,
                            "Actual Startup Time": 304.687,
                            "Actual Total Time": 304.689,
                            "Actual Rows": 452246,
                            "Actual Loops": 2,
                            "Hash Buckets": 1048576,
                            "Original Hash Buckets": 1048576,
                            "Hash Batches": 1,
                            "Original Hash Batches": 1,
                            "Peak Memory Usage": 43616,
                            "Plans": [
                              {
                                "Node Type": "Seq Scan",
                                "Parent Relationship": "Outer",
                                "Parallel Aware": true,
                                "Relation Name": "title",
                                "Alias": "t",
                                "Startup Cost": 0.0,
                                "Total Cost": 54588.39,
                                "Plan Rows": 535945,
                                "Plan Width": 4,
                                "Actual Startup Time": 0.033,
                                "Actual Total Time": 182.466,
                                "Actual Rows": 452246,
                                "Actual Loops": 2,
                                "Filter": "(production_year > 2006)",
                                "Rows Removed by Filter": 811910
                              }
                            ]
                          }
                        ]
                      }
                    ]
                  },
                  {
                    "Node Type": "Sort",
                    "Parent Relationship": "Inner",
                    "Parallel Aware": false,
                    "Startup Cost": 142576.17,
                    "Total Cost": 144897.9,
                    "Plan Rows": 928691,
                    "Plan Width": 4,
                    "Actual Startup Time": 468.868,
                    "Actual Total Time": 520.361,
                    "Actual Rows": 1208314,
                    "Actual Loops": 2,
                    "Sort Key": [
                      "mc.movie_id"
                    ],
                    "Sort Method": "quicksort",
                    "Sort Space Used": 68663,
                    "Sort Space Type": "Memory",
                    "Workers": [
                      {
                        "Worker Number": 0,
                        "Sort Method": "quicksort",
                        "Sort Space Used": 68663,
                        "Sort Space Type": "Memory"
                      }
                    ],
                    "Plans": [
                      {
                        "Node Type": "Bitmap Heap Scan",
                        "Parent Relationship": "Outer",
                        "Parallel Aware": false,
                        "Relation Name": "movie_companies",
                        "Alias": "mc",
                        "Startup Cost": 20121.79,
                        "Total Cost": 50520.42,
                        "Plan Rows": 928691,
                        "Plan Width": 4,
                        "Actual Startup Time": 64.584,
                        "Actual Total Time": 222.225,
                        "Actual Rows": 940517,
                        "Actual Loops": 2,
                        "Recheck Cond": "(company_id > 19008)",
                        "Rows Removed by Index Recheck": 0,
                        "Exact Heap Blocks": 14729,
                        "Lossy Heap Blocks": 0,
                        "Plans": [
                          {
                            "Node Type": "Bitmap Index Scan",
                            "Parent Relationship": "Outer",
                            "Parallel Aware": false,
                            "Index Name": "company_id_movie_companies",
                            "Startup Cost": 0.0,
                            "Total Cost": 19889.61,
                            "Plan Rows": 928691,
                            "Plan Width": 0,
                            "Actual Startup Time": 62.147,
                            "Actual Total Time": 62.148,
                            "Actual Rows": 940517,
                            "Actual Loops": 2,
                            "Index Cond": "(company_id > 19008)"
                          }
                        ]
                      }
                    ]
                  }
                ]
              }
            ]
          }
        ]
      }
    ]
  },
  "Planning Time": 1.087,
  "Triggers": [],
  "Execution Time": 1474.555
}