[
  {
    "Plan": {
      "Node Type": "Aggregate",
      "Strategy": "Plain",
      "Partial Mode": "Finalize",
      "Parallel Aware": false,
      "Startup Cost": 49887.45,
      "Total Cost": 49887.46,
      "Plan Rows": 1,
      "Plan Width": 8,
      "Actual Startup Time": 104.998,
      "Actual Total Time": 112.108,
      "Actual Rows": 1,
      "Actual Loops": 1,
      "Plans": [
        {
          "Node Type": "Gather",
          "Parent Relationship": "Outer",
          "Parallel Aware": false,
          "Startup Cost": 49887.03,
          "Total Cost": 49887.44,
          "Plan Rows": 4,
          "Plan Width": 8,
          "Actual Startup Time": 104.869,
          "Actual Total Time": 112.1,
          "Actual Rows": 5,
          "Actual Loops": 1,
          "Workers Planned": 4,
          "Workers Launched": 4,
          "Single Copy": false,
          "Plans": [
            {
              "Node Type": "Aggregate",
              "Strategy": "Plain",
              "Partial Mode": "Partial",
              "Parent Relationship": "Outer",
              "Parallel Aware": false,
              "Startup Cost": 48887.03,
              "Total Cost": 48887.04,
              "Plan Rows": 1,
              "Plan Width": 8,
              "Actual Startup Time": 95.34,
              "Actual Total Time": 95.341,
              "Actual Rows": 1,
              "Actual Loops": 5,
              "Plans": [
                {
                  "Node Type": "Index Scan",
                  "Parent Relationship": "Outer",
                  "Parallel Aware": true,
                  "Scan Direction": "Forward",
                  "Index Name": "role_id_cast_info",
                  "Relation Name": "cast_info",
                  "Alias": "ci",
                  "Startup Cost": 0.56,
                  "Total Cost": 47835.41,
                  "Plan Rows": 420650,
                  "Plan Width": 0,
                  "Actual Startup Time": 0.173,
                  "Actual Total Time": 78.916,
                  "Actual Rows": 334920,
                  "Actual Loops": 5,
                  "Index Cond": "(role_id = 8)",
                  "Rows Removed by Index Recheck": 0,
                  "Filter": "(person_id > 68244)",
                  "Rows Removed by Filter": 5789
                }
              ]
            }
          ]
        }
      ]
    },
    "Planning Time": 0.248,
    "Triggers": [],
    "Execution Time": 112.167
  }
]