[
  {
    "Plan": {
      "Node Type": "Aggregate",
      "Strategy": "Plain",
      "Partial Mode": "Simple",
      "Parallel Aware": false,
      "Startup Cost": 6046.3,
      "Total Cost": 6046.31,
      "Plan Rows": 1,
      "Plan Width": 8,
      "Actual Startup Time": 2.742,
      "Actual Total Time": 2.743,
      "Actual Rows": 1,
      "Actual Loops": 1,
      "Plans": [
        {
          "Node Type": "Index Only Scan",
          "Parent Relationship": "Outer",
          "Parallel Aware": false,
          "Scan Direction": "Forward",
          "Index Name": "company_id_movie_companies",
          "Relation Name": "movie_companies",
          "Alias": "mc",
          "Startup Cost": 0.43,
          "Total Cost": 6040.22,
          "Plan Rows": 2435,
          "Plan Width": 0,
          "Actual Startup Time": 0.081,
          "Actual Total Time": 2.561,
          "Actual Rows": 2323,
          "Actual Loops": 1,
          "Index Cond": "(company_id = 2805)",
          "Rows Removed by Index Recheck": 0,
          "Heap Fetches": 2323
        }
      ]
    },
    "Planning Time": 0.105,
    "Triggers": [],
    "Execution Time": 2.769
  }
]