[
  {
    "Plan": {
      "Node Type": "Aggregate",
      "Strategy": "Plain",
      "Partial Mode": "Finalize",
      "Parallel Aware": false,
      "Startup Cost": 44744.15,
      "Total Cost": 44744.16,
      "Plan Rows": 1,
      "Plan Width": 8,
      "Actual Startup Time": 128.992,
      "Actual Total Time": 139.272,
      "Actual Rows": 1,
      "Actual Loops": 1,
      "Plans": [
        {
          "Node Type": "Gather",
          "Parent Relationship": "Outer",
          "Parallel Aware": false,
          "Startup Cost": 44743.83,
          "Total Cost": 44744.14,
          "Plan Rows": 3,
          "Plan Width": 8,
          "Actual Startup Time": 128.853,
          "Actual Total Time": 139.262,
          "Actual Rows": 4,
          "Actual Loops": 1,
          "Workers Planned": 3,
          "Workers Launched": 3,
          "Single Copy": false,
          "Plans": [
            {
              "Node Type": "Aggregate",
              "Strategy": "Plain",
              "Partial Mode": "Partial",
              "Parent Relationship": "Outer",
              "Parallel Aware": false,
              "Startup Cost": 43743.83,
              "Total Cost": 43743.84,
              "Plan Rows": 1,
              "Plan Width": 8,
              "Actual Startup Time": 122.39,
              "Actual Total Time": 122.391,
              "Actual Rows": 1,
              "Actual Loops": 4,
              "Plans": [
                {
                  "Node Type": "Seq Scan",
                  "Parent Relationship": "Outer",
                  "Parallel Aware": true,
                  "Relation Name": "movie_keyword",
                  "Alias": "mk",
                  "Startup Cost": 0.0,
                  "Total Cost": 42695.65,
                  "Plan Rows": 419271,
                  "Plan Width": 0,
                  "Actual Startup Time": 1.806,
                  "Actual Total Time": 106.465,
                  "Actual Rows": 328358,
                  "Actual Loops": 4,
                  "Filter": "(keyword_id > 13390)",
                  "Rows Removed by Filter": 802625
                }
              ]
            }
          ]
        }
      ]
    },
    "Planning Time": 0.158,
    "Triggers": [],
    "Execution Time": 139.32
  }
]