{
    "Plan": {
        "Node Type": "Aggregate",
        "Strategy": "Plain",
        "Partial Mode": "Simple",
        "Parallel Aware": false,
        "Startup Cost": 50445021533.44,
        "Total Cost": 50445021533.45,
        "Plan Rows": 1,
        "Plan Width": 64,
        "Actual Startup Time": 2425.788,
        "Actual Total Time": 2496.598,
        "Actual Rows": 1,
        "Actual Loops": 1,
        "Output": [
            "min(chn.name)",
            "min(t.title)"
        ],
        "Plans": [
            {
                "Node Type": "Hash Join",
                "Parent Relationship": "Outer",
                "Parallel Aware": false,
                "Join Type": "Inner",
                "Startup Cost": 50445021259.52,
                "Total Cost": 50445021458.84,
                "Plan Rows": 14921,
                "Plan Width": 33,
                "Actual Startup Time": 2421.818,
                "Actual Total Time": 2494.675,
                "Actual Rows": 19484,
                "Actual Loops": 1,
                "Output": [
                    "chn.name",
                    "t.title"
                ],
                "Inner Unique": false,
                "Hash Cond": "(ct.id = mc.company_type_id)",
                "Plans": [
                    {
                        "Node Type": "Index Scan",
                        "Parent Relationship": "Outer",
                        "Parallel Aware": false,
                        "Scan Direction": "Forward",
                        "Index Name": "company_type_pkey",
                        "Relation Name": "company_type",
                        "Schema": "public",
                        "Alias": "ct",
                        "Startup Cost": 10000000000.13,
                        "Total Cost": 10000000012.19,
                        "Plan Rows": 4,
                        "Plan Width": 4,
                        "Actual Startup Time": 0.013,
                        "Actual Total Time": 0.021,
                        "Actual Rows": 4,
                        "Actual Loops": 1,
                        "Output": [
                            "ct.id",
                            "ct.kind"
                        ]
                    },
                    {
                        "Node Type": "Hash",
                        "Parent Relationship": "Inner",
                        "Parallel Aware": false,
                        "Startup Cost": 40445021072.88,
                        "Total Cost": 40445021072.88,
                        "Plan Rows": 14921,
                        "Plan Width": 37,
                        "Actual Startup Time": 2421.77,
                        "Actual Total Time": 2492.578,
                        "Actual Rows": 19484,
                        "Actual Loops": 1,
                        "Output": [
                            "chn.name",
                            "mc.company_type_id",
                            "t.title"
                        ],
                        "Hash Buckets": 32768,
                        "Original Hash Buckets": 16384,
                        "Hash Batches": 1,
                        "Original Hash Batches": 1,
                        "Peak Memory Usage": 1730,
                        "Plans": [
                            {
                                "Node Type": "Hash Join",
                                "Parent Relationship": "Outer",
                                "Parallel Aware": false,
                                "Join Type": "Inner",
                                "Startup Cost": 40445020698.71,
                                "Total Cost": 40445021072.88,
                                "Plan Rows": 14921,
                                "Plan Width": 37,
                                "Actual Startup Time": 2415.271,
                                "Actual Total Time": 2488.583,
                                "Actual Rows": 19484,
                                "Actual Loops": 1,
                                "Output": [
                                    "chn.name",
                                    "mc.company_type_id",
                                    "t.title"
                                ],
                                "Inner Unique": false,
                                "Hash Cond": "(rt.id = ci.role_id)",
                                "Plans": [
                                    {
                                        "Node Type": "Seq Scan",
                                        "Parent Relationship": "Outer",
                                        "Parallel Aware": false,
                                        "Relation Name": "role_type",
                                        "Schema": "public",
                                        "Alias": "rt",
                                        "Startup Cost": 10000000000.0,
                                        "Total Cost": 10000000001.12,
                                        "Plan Rows": 12,
                                        "Plan Width": 4,
                                        "Actual Startup Time": 0.02,
                                        "Actual Total Time": 0.026,
                                        "Actual Rows": 12,
                                        "Actual Loops": 1,
                                        "Output": [
                                            "rt.id",
                                            "rt.role"
                                        ]
                                    },
                                    {
                                        "Node Type": "Hash",
                                        "Parent Relationship": "Inner",
                                        "Parallel Aware": false,
                                        "Startup Cost": 30445020512.19,
                                        "Total Cost": 30445020512.19,
                                        "Plan Rows": 14921,
                                        "Plan Width": 41,
                                        "Actual Startup Time": 2415.184,
                                        "Actual Total Time": 2485.988,
                                        "Actual Rows": 19484,
                                        "Actual Loops": 1,
                                        "Output": [
                                            "chn.name",
                                            "ci.role_id",
                                            "mc.company_type_id",
                                            "t.title"
                                        ],
                                        "Hash Buckets": 32768,
                                        "Original Hash Buckets": 16384,
                                        "Hash Batches": 1,
                                        "Original Hash Batches": 1,
                                        "Peak Memory Usage": 1806,
                                        "Plans": [
                                            {
                                                "Node Type": "Gather",
                                                "Parent Relationship": "Outer",
                                                "Parallel Aware": false,
                                                "Startup Cost": 30444974609.85,
                                                "Total Cost": 30445020512.19,
                                                "Plan Rows": 14921,
                                                "Plan Width": 41,
                                                "Actual Startup Time": 2309.067,
                                                "Actual Total Time": 2483.511,
                                                "Actual Rows": 19484,
                                                "Actual Loops": 1,
                                                "Output": [
                                                    "chn.name",
                                                    "ci.role_id",
                                                    "mc.company_type_id",
                                                    "t.title"
                                                ],
                                                "Workers Planned": 4,
                                                "Workers Launched": 4,
                                                "Single Copy": false,
                                                "Plans": [
                                                    {
                                                        "Node Type": "Hash Join",
                                                        "Parent Relationship": "Outer",
                                                        "Parallel Aware": true,
                                                        "Join Type": "Inner",
                                                        "Startup Cost": 30444973609.85,
                                                        "Total Cost": 30445018020.09,
                                                        "Plan Rows": 3730,
                                                        "Plan Width": 41,
                                                        "Actual Startup Time": 2287.423,
                                                        "Actual Total Time": 2375.374,
                                                        "Actual Rows": 3897,
                                                        "Actual Loops": 5,
                                                        "Output": [
                                                            "chn.name",
                                                            "ci.role_id",
                                                            "mc.company_type_id",
                                                            "t.title"
                                                        ],
                                                        "Inner Unique": false,
                                                        "Hash Cond": "(t.id = mc.movie_id)",
                                                        "Workers": [
                                                            {
                                                                "Worker Number": 0,
                                                                "Actual Startup Time": 2282.361,
                                                                "Actual Total Time": 2371.082,
                                                                "Actual Rows": 2971,
                                                                "Actual Loops": 1
                                                            },
                                                            {
                                                                "Worker Number": 1,
                                                                "Actual Startup Time": 2282.583,
                                                                "Actual Total Time": 2370.981,
                                                                "Actual Rows": 4074,
                                                                "Actual Loops": 1
                                                            },
                                                            {
                                                                "Worker Number": 2,
                                                                "Actual Startup Time": 2282.185,
                                                                "Actual Total Time": 2370.93,
                                                                "Actual Rows": 4189,
                                                                "Actual Loops": 1
                                                            },
                                                            {
                                                                "Worker Number": 3,
                                                                "Actual Startup Time": 2282.195,
                                                                "Actual Total Time": 2370.952,
                                                                "Actual Rows": 4056,
                                                                "Actual Loops": 1
                                                            }
                                                        ],
                                                        "Plans": [
                                                            {
                                                                "Node Type": "Seq Scan",
                                                                "Parent Relationship": "Outer",
                                                                "Parallel Aware": true,
                                                                "Relation Name": "title",
                                                                "Schema": "public",
                                                                "Alias": "t",
                                                                "Startup Cost": 0.0,
                                                                "Total Cost": 43899.01,
                                                                "Plan Rows": 133123,
                                                                "Plan Width": 21,
                                                                "Actual Startup Time": 0.036,
                                                                "Actual Total Time": 69.389,
                                                                "Actual Rows": 106674,
                                                                "Actual Loops": 5,
                                                                "Output": [
                                                                    "t.id",
                                                                    "t.title",
                                                                    "t.imdb_index",
                                                                    "t.kind_id",
                                                                    "t.production_year",
                                                                    "t.imdb_id",
                                                                    "t.phonetic_code",
                                                                    "t.episode_of_id",
                                                                    "t.season_nr",
                                                                    "t.episode_nr",
                                                                    "t.series_years",
                                                                    "t.md5sum"
                                                                ],
                                                                "Filter": "(t.production_year > 2009)",
                                                                "Rows Removed by Filter": 398989,
                                                                "Workers": [
                                                                    {
                                                                        "Worker Number": 0,
                                                                        "Actual Startup Time": 0.043,
                                                                        "Actual Total Time": 69.758,
                                                                        "Actual Rows": 81669,
                                                                        "Actual Loops": 1
                                                                    },
                                                                    {
                                                                        "Worker Number": 1,
                                                                        "Actual Startup Time": 0.054,
                                                                        "Actual Total Time": 70.32,
                                                                        "Actual Rows": 107756,
                                                                        "Actual Loops": 1
                                                                    },
                                                                    {
                                                                        "Worker Number": 2,
                                                                        "Actual Startup Time": 0.025,
                                                                        "Actual Total Time": 70.641,
                                                                        "Actual Rows": 104272,
                                                                        "Actual Loops": 1
                                                                    },
                                                                    {
                                                                        "Worker Number": 3,
                                                                        "Actual Startup Time": 0.049,
                                                                        "Actual Total Time": 70.535,
                                                                        "Actual Rows": 106970,
                                                                        "Actual Loops": 1
                                                                    }
                                                                ]
                                                            },
                                                            {
                                                                "Node Type": "Hash",
                                                                "Parent Relationship": "Inner",
                                                                "Parallel Aware": true,
                                                                "Startup Cost": 30444973324.17,
                                                                "Total Cost": 30444973324.17,
                                                                "Plan Rows": 22854,
                                                                "Plan Width": 32,
                                                                "Actual Startup Time": 2285.407,
                                                                "Actual Total Time": 2285.415,
                                                                "Actual Rows": 18566,
                                                                "Actual Loops": 5,
                                                                "Output": [
                                                                    "chn.name",
                                                                    "ci.movie_id",
                                                                    "ci.role_id",
                                                                    "mc.movie_id",
                                                                    "mc.company_type_id"
                                                                ],
                                                                "Hash Buckets": 131072,
                                                                "Original Hash Buckets": 131072,
                                                                "Hash Batches": 1,
                                                                "Original Hash Batches": 1,
                                                                "Peak Memory Usage": 6976,
                                                                "Workers": [
                                                                    {
                                                                        "Worker Number": 0,
                                                                        "Actual Startup Time": 2281.369,
                                                                        "Actual Total Time": 2281.38,
                                                                        "Actual Rows": 12838,
                                                                        "Actual Loops": 1
                                                                    },
                                                                    {
                                                                        "Worker Number": 1,
                                                                        "Actual Startup Time": 2281.438,
                                                                        "Actual Total Time": 2281.446,
                                                                        "Actual Rows": 15765,
                                                                        "Actual Loops": 1
                                                                    },
                                                                    {
                                                                        "Worker Number": 2,
                                                                        "Actual Startup Time": 2281.411,
                                                                        "Actual Total Time": 2281.419,
                                                                        "Actual Rows": 18517,
                                                                        "Actual Loops": 1
                                                                    },
                                                                    {
                                                                        "Worker Number": 3,
                                                                        "Actual Startup Time": 2281.446,
                                                                        "Actual Total Time": 2281.455,
                                                                        "Actual Rows": 17447,
                                                                        "Actual Loops": 1
                                                                    }
                                                                ],
                                                                "Plans": [
                                                                    {
                                                                        "Node Type": "Merge Join",
                                                                        "Parent Relationship": "Outer",
                                                                        "Parallel Aware": false,
                                                                        "Join Type": "Inner",
                                                                        "Startup Cost": 30444948831.77,
                                                                        "Total Cost": 30444973324.17,
                                                                        "Plan Rows": 22854,
                                                                        "Plan Width": 32,
                                                                        "Actual Startup Time": 2076.965,
                                                                        "Actual Total Time": 2271.504,
                                                                        "Actual Rows": 18566,
                                                                        "Actual Loops": 5,
                                                                        "Output": [
                                                                            "chn.name",
                                                                            "ci.movie_id",
                                                                            "ci.role_id",
                                                                            "mc.movie_id",
                                                                            "mc.company_type_id"
                                                                        ],
                                                                        "Inner Unique": true,
                                                                        "Merge Cond": "(mc.company_id = cn.id)",
                                                                        "Workers": [
                                                                            {
                                                                                "Worker Number": 0,
                                                                                "Actual Startup Time": 2063.358,
                                                                                "Actual Total Time": 2264.324,
                                                                                "Actual Rows": 12838,
                                                                                "Actual Loops": 1
                                                                            },
                                                                            {
                                                                                "Worker Number": 1,
                                                                                "Actual Startup Time": 2078.819,
                                                                                "Actual Total Time": 2273.713,
                                                                                "Actual Rows": 15765,
                                                                                "Actual Loops": 1
                                                                            },
                                                                            {
                                                                                "Worker Number": 2,
                                                                                "Actual Startup Time": 2069.487,
                                                                                "Actual Total Time": 2263.048,
                                                                                "Actual Rows": 18517,
                                                                                "Actual Loops": 1
                                                                            },
                                                                            {
                                                                                "Worker Number": 3,
                                                                                "Actual Startup Time": 2069.57,
                                                                                "Actual Total Time": 2263.048,
                                                                                "Actual Rows": 17447,
                                                                                "Actual Loops": 1
                                                                            }
                                                                        ],
                                                                        "Plans": [
                                                                            {
                                                                                "Node Type": "Sort",
                                                                                "Parent Relationship": "Outer",
                                                                                "Parallel Aware": false,
                                                                                "Startup Cost": 20444948534.82,
                                                                                "Total Cost": 20444954590.86,
                                                                                "Plan Rows": 2422415,
                                                                                "Plan Width": 36,
                                                                                "Actual Startup Time": 2075.518,
                                                                                "Actual Total Time": 2115.833,
                                                                                "Actual Rows": 415979,
                                                                                "Actual Loops": 5,
                                                                                "Output": [
                                                                                    "chn.name",
                                                                                    "ci.movie_id",
                                                                                    "ci.role_id",
                                                                                    "mc.movie_id",
                                                                                    "mc.company_id",
                                                                                    "mc.company_type_id"
                                                                                ],
                                                                                "Sort Key": [
                                                                                    "mc.company_id"
                                                                                ],
                                                                                "Sort Method": "quicksort",
                                                                                "Sort Space Used": 73147,
                                                                                "Sort Space Type": "Memory",
                                                                                "Workers": [
                                                                                    {
                                                                                        "Worker Number": 0,
                                                                                        "Actual Startup Time": 2062.173,
                                                                                        "Actual Total Time": 2094.009,
                                                                                        "Actual Rows": 306288,
                                                                                        "Actual Loops": 1
                                                                                    },
                                                                                    {
                                                                                        "Worker Number": 1,
                                                                                        "Actual Startup Time": 2077.197,
                                                                                        "Actual Total Time": 2116.042,
                                                                                        "Actual Rows": 345595,
                                                                                        "Actual Loops": 1
                                                                                    },
                                                                                    {
                                                                                        "Worker Number": 2,
                                                                                        "Actual Startup Time": 2068.297,
                                                                                        "Actual Total Time": 2105.864,
                                                                                        "Actual Rows": 407186,
                                                                                        "Actual Loops": 1
                                                                                    },
                                                                                    {
                                                                                        "Worker Number": 3,
                                                                                        "Actual Startup Time": 2068.37,
                                                                                        "Actual Total Time": 2105.873,
                                                                                        "Actual Rows": 410984,
                                                                                        "Actual Loops": 1
                                                                                    }
                                                                                ],
                                                                                "Plans": [
                                                                                    {
                                                                                        "Node Type": "Hash Join",
                                                                                        "Parent Relationship": "Outer",
                                                                                        "Parallel Aware": true,
                                                                                        "Join Type": "Inner",
                                                                                        "Startup Cost": 20444605825.7,
                                                                                        "Total Cost": 20444691661.76,
                                                                                        "Plan Rows": 2422415,
                                                                                        "Plan Width": 36,
                                                                                        "Actual Startup Time": 1605.379,
                                                                                        "Actual Total Time": 1929.01,
                                                                                        "Actual Rows": 415990,
                                                                                        "Actual Loops": 5,
                                                                                        "Output": [
                                                                                            "chn.name",
                                                                                            "ci.movie_id",
                                                                                            "ci.role_id",
                                                                                            "mc.movie_id",
                                                                                            "mc.company_id",
                                                                                            "mc.company_type_id"
                                                                                        ],
                                                                                        "Inner Unique": false,
                                                                                        "Hash Cond": "(mc.movie_id = ci.movie_id)",
                                                                                        "Workers": [
                                                                                            {
                                                                                                "Worker Number": 0,
                                                                                                "Actual Startup Time": 1601.347,
                                                                                                "Actual Total Time": 1928.097,
                                                                                                "Actual Rows": 306303,
                                                                                                "Actual Loops": 1
                                                                                            },
                                                                                            {
                                                                                                "Worker Number": 1,
                                                                                                "Actual Startup Time": 1601.391,
                                                                                                "Actual Total Time": 1916.717,
                                                                                                "Actual Rows": 345598,
                                                                                                "Actual Loops": 1
                                                                                            },
                                                                                            {
                                                                                                "Worker Number": 2,
                                                                                                "Actual Startup Time": 1601.402,
                                                                                                "Actual Total Time": 1923.226,
                                                                                                "Actual Rows": 407194,
                                                                                                "Actual Loops": 1
                                                                                            },
                                                                                            {
                                                                                                "Worker Number": 3,
                                                                                                "Actual Startup Time": 1601.266,
                                                                                                "Actual Total Time": 1922.726,
                                                                                                "Actual Rows": 410993,
                                                                                                "Actual Loops": 1
                                                                                            }
                                                                                        ],
                                                                                        "Plans": [
                                                                                            {
                                                                                                "Node Type": "Index Scan",
                                                                                                "Parent Relationship": "Outer",
                                                                                                "Parallel Aware": true,
                                                                                                "Scan Direction": "Forward",
                                                                                                "Index Name": "company_type_id_movie_companies",
                                                                                                "Relation Name": "movie_companies",
                                                                                                "Schema": "public",
                                                                                                "Alias": "mc",
                                                                                                "Startup Cost": 10000000000.43,
                                                                                                "Total Cost": 10000067155.62,
                                                                                                "Plan Rows": 841655,
                                                                                                "Plan Width": 12,
                                                                                                "Actual Startup Time": 0.191,
                                                                                                "Actual Total Time": 123.423,
                                                                                                "Actual Rows": 521826,
                                                                                                "Actual Loops": 5,
                                                                                                "Output": [
                                                                                                    "mc.id",
                                                                                                    "mc.movie_id",
                                                                                                    "mc.company_id",
                                                                                                    "mc.company_type_id",
                                                                                                    "mc.note"
                                                                                                ],
                                                                                                "Workers": [
                                                                                                    {
                                                                                                        "Worker Number": 0,
                                                                                                        "Actual Startup Time": 0.321,
                                                                                                        "Actual Total Time": 128.887,
                                                                                                        "Actual Rows": 392787,
                                                                                                        "Actual Loops": 1
                                                                                                    },
                                                                                                    {
                                                                                                        "Worker Number": 1,
                                                                                                        "Actual Startup Time": 0.251,
                                                                                                        "Actual Total Time": 127.701,
                                                                                                        "Actual Rows": 413854,
                                                                                                        "Actual Loops": 1
                                                                                                    },
                                                                                                    {
                                                                                                        "Worker Number": 2,
                                                                                                        "Actual Startup Time": 0.098,
                                                                                                        "Actual Total Time": 129.012,
                                                                                                        "Actual Rows": 534765,
                                                                                                        "Actual Loops": 1
                                                                                                    },
                                                                                                    {
                                                                                                        "Worker Number": 3,
                                                                                                        "Actual Startup Time": 0.127,
                                                                                                        "Actual Total Time": 127.832,
                                                                                                        "Actual Rows": 538040,
                                                                                                        "Actual Loops": 1
                                                                                                    }
                                                                                                ]
                                                                                            },
                                                                                            {
                                                                                                "Node Type": "Hash",
                                                                                                "Parent Relationship": "Inner",
                                                                                                "Parallel Aware": true,
                                                                                                "Startup Cost": 10444597337.69,
                                                                                                "Total Cost": 10444597337.69,
                                                                                                "Plan Rows": 679007,
                                                                                                "Plan Width": 24,
                                                                                                "Actual Startup Time": 1597.79,
                                                                                                "Actual Total Time": 1597.795,
                                                                                                "Actual Rows": 160156,
                                                                                                "Actual Loops": 5,
                                                                                                "Output": [
                                                                                                    "chn.name",
                                                                                                    "ci.movie_id",
                                                                                                    "ci.role_id"
                                                                                                ],
                                                                                                "Hash Buckets": 4194304,
                                                                                                "Original Hash Buckets": 4194304,
                                                                                                "Hash Batches": 1,
                                                                                                "Original Hash Batches": 1,
                                                                                                "Peak Memory Usage": 76192,
                                                                                                "Workers": [
                                                                                                    {
                                                                                                        "Worker Number": 0,
                                                                                                        "Actual Startup Time": 1600.919,
                                                                                                        "Actual Total Time": 1600.925,
                                                                                                        "Actual Rows": 127275,
                                                                                                        "Actual Loops": 1
                                                                                                    },
                                                                                                    {
                                                                                                        "Worker Number": 1,
                                                                                                        "Actual Startup Time": 1601.033,
                                                                                                        "Actual Total Time": 1601.037,
                                                                                                        "Actual Rows": 133932,
                                                                                                        "Actual Loops": 1
                                                                                                    },
                                                                                                    {
                                                                                                        "Worker Number": 2,
                                                                                                        "Actual Startup Time": 1600.924,
                                                                                                        "Actual Total Time": 1600.928,
                                                                                                        "Actual Rows": 139404,
                                                                                                        "Actual Loops": 1
                                                                                                    },
                                                                                                    {
                                                                                                        "Worker Number": 3,
                                                                                                        "Actual Startup Time": 1601.057,
                                                                                                        "Actual Total Time": 1601.061,
                                                                                                        "Actual Rows": 199093,
                                                                                                        "Actual Loops": 1
                                                                                                    }
                                                                                                ],
                                                                                                "Plans": [
                                                                                                    {
                                                                                                        "Node Type": "Hash Join",
                                                                                                        "Parent Relationship": "Outer",
                                                                                                        "Parallel Aware": true,
                                                                                                        "Join Type": "Inner",
                                                                                                        "Startup Cost": 10000333872.02,
                                                                                                        "Total Cost": 10444597337.69,
                                                                                                        "Plan Rows": 679007,
                                                                                                        "Plan Width": 24,
                                                                                                        "Actual Startup Time": 1202.784,
                                                                                                        "Actual Total Time": 1496.718,
                                                                                                        "Actual Rows": 160156,
                                                                                                        "Actual Loops": 5,
                                                                                                        "Output": [
                                                                                                            "chn.name",
                                                                                                            "ci.movie_id",
                                                                                                            "ci.role_id"
                                                                                                        ],
                                                                                                        "Inner Unique": false,
                                                                                                        "Hash Cond": "(chn.id = ci.person_role_id)",
                                                                                                        "Workers": [
                                                                                                            {
                                                                                                                "Worker Number": 0,
                                                                                                                "Actual Startup Time": 1202.703,
                                                                                                                "Actual Total Time": 1497.227,
                                                                                                                "Actual Rows": 127275,
                                                                                                                "Actual Loops": 1
                                                                                                            },
                                                                                                            {
                                                                                                                "Worker Number": 1,
                                                                                                                "Actual Startup Time": 1202.854,
                                                                                                                "Actual Total Time": 1502.817,
                                                                                                                "Actual Rows": 133932,
                                                                                                                "Actual Loops": 1
                                                                                                            },
                                                                                                            {
                                                                                                                "Worker Number": 2,
                                                                                                                "Actual Startup Time": 1202.725,
                                                                                                                "Actual Total Time": 1501.179,
                                                                                                                "Actual Rows": 139404,
                                                                                                                "Actual Loops": 1
                                                                                                            },
                                                                                                            {
                                                                                                                "Worker Number": 3,
                                                                                                                "Actual Startup Time": 1202.709,
                                                                                                                "Actual Total Time": 1479.951,
                                                                                                                "Actual Rows": 199093,
                                                                                                                "Actual Loops": 1
                                                                                                            }
                                                                                                        ],
                                                                                                        "Plans": [
                                                                                                            {
                                                                                                                "Node Type": "Seq Scan",
                                                                                                                "Parent Relationship": "Outer",
                                                                                                                "Parallel Aware": true,
                                                                                                                "Relation Name": "char_name",
                                                                                                                "Schema": "public",
                                                                                                                "Alias": "chn",
                                                                                                                "Startup Cost": 10000000000.0,
                                                                                                                "Total Cost": 10000044298.57,
                                                                                                                "Plan Rows": 785057,
                                                                                                                "Plan Width": 20,
                                                                                                                "Actual Startup Time": 0.028,
                                                                                                                "Actual Total Time": 94.135,
                                                                                                                "Actual Rows": 628068,
                                                                                                                "Actual Loops": 5,
                                                                                                                "Output": [
                                                                                                                    "chn.id",
                                                                                                                    "chn.name",
                                                                                                                    "chn.imdb_index",
                                                                                                                    "chn.imdb_id",
                                                                                                                    "chn.name_pcode_nf",
                                                                                                                    "chn.surname_pcode",
                                                                                                                    "chn.md5sum"
                                                                                                                ],
                                                                                                                "Workers": [
                                                                                                                    {
                                                                                                                        "Worker Number": 0,
                                                                                                                        "Actual Startup Time": 0.03,
                                                                                                                        "Actual Total Time": 93.503,
                                                                                                                        "Actual Rows": 498888,
                                                                                                                        "Actual Loops": 1
                                                                                                                    },
                                                                                                                    {
                                                                                                                        "Worker Number": 1,
                                                                                                                        "Actual Startup Time": 0.04,
                                                                                                                        "Actual Total Time": 102.737,
                                                                                                                        "Actual Rows": 616297,
                                                                                                                        "Actual Loops": 1
                                                                                                                    },
                                                                                                                    {
                                                                                                                        "Worker Number": 2,
                                                                                                                        "Actual Startup Time": 0.025,
                                                                                                                        "Actual Total Time": 101.663,
                                                                                                                        "Actual Rows": 605292,
                                                                                                                        "Actual Loops": 1
                                                                                                                    },
                                                                                                                    {
                                                                                                                        "Worker Number": 3,
                                                                                                                        "Actual Startup Time": 0.033,
                                                                                                                        "Actual Total Time": 91.445,
                                                                                                                        "Actual Rows": 548318,
                                                                                                                        "Actual Loops": 1
                                                                                                                    }
                                                                                                                ]
                                                                                                            },
                                                                                                            {
                                                                                                                "Node Type": "Hash",
                                                                                                                "Parent Relationship": "Inner",
                                                                                                                "Parallel Aware": true,
                                                                                                                "Startup Cost": 328213.62,
                                                                                                                "Total Cost": 328213.62,
                                                                                                                "Plan Rows": 452672,
                                                                                                                "Plan Width": 12,
                                                                                                                "Actual Startup Time": 1197.763,
                                                                                                                "Actual Total Time": 1197.765,
                                                                                                                "Actual Rows": 499491,
                                                                                                                "Actual Loops": 5,
                                                                                                                "Output": [
                                                                                                                    "ci.movie_id",
                                                                                                                    "ci.person_role_id",
                                                                                                                    "ci.role_id"
                                                                                                                ],
                                                                                                                "Hash Buckets": 4194304,
                                                                                                                "Original Hash Buckets": 4194304,
                                                                                                                "Hash Batches": 1,
                                                                                                                "Original Hash Batches": 1,
                                                                                                                "Peak Memory Usage": 70432,
                                                                                                                "Workers": [
                                                                                                                    {
                                                                                                                        "Worker Number": 0,
                                                                                                                        "Actual Startup Time": 1202.479,
                                                                                                                        "Actual Total Time": 1202.481,
                                                                                                                        "Actual Rows": 396473,
                                                                                                                        "Actual Loops": 1
                                                                                                                    },
                                                                                                                    {
                                                                                                                        "Worker Number": 1,
                                                                                                                        "Actual Startup Time": 1202.482,
                                                                                                                        "Actual Total Time": 1202.483,
                                                                                                                        "Actual Rows": 426674,
                                                                                                                        "Actual Loops": 1
                                                                                                                    },
                                                                                                                    {
                                                                                                                        "Worker Number": 2,
                                                                                                                        "Actual Startup Time": 1202.583,
                                                                                                                        "Actual Total Time": 1202.585,
                                                                                                                        "Actual Rows": 426285,
                                                                                                                        "Actual Loops": 1
                                                                                                                    },
                                                                                                                    {
                                                                                                                        "Worker Number": 3,
                                                                                                                        "Actual Startup Time": 1202.592,
                                                                                                                        "Actual Total Time": 1202.593,
                                                                                                                        "Actual Rows": 430101,
                                                                                                                        "Actual Loops": 1
                                                                                                                    }
                                                                                                                ],
                                                                                                                "Plans": [
                                                                                                                    {
                                                                                                                        "Node Type": "Seq Scan",
                                                                                                                        "Parent Relationship": "Outer",
                                                                                                                        "Parallel Aware": true,
                                                                                                                        "Relation Name": "cast_info",
                                                                                                                        "Schema": "public",
                                                                                                                        "Alias": "ci",
                                                                                                                        "Startup Cost": 0.0,
                                                                                                                        "Total Cost": 328213.62,
                                                                                                                        "Plan Rows": 452672,
                                                                                                                        "Plan Width": 12,
                                                                                                                        "Actual Startup Time": 0.093,
                                                                                                                        "Actual Total Time": 1082.494,
                                                                                                                        "Actual Rows": 499491,
                                                                                                                        "Actual Loops": 5,
                                                                                                                        "Output": [
                                                                                                                            "ci.movie_id",
                                                                                                                            "ci.person_role_id",
                                                                                                                            "ci.role_id"
                                                                                                                        ],
                                                                                                                        "Filter": "(ci.note ~~ '%(as%'::text)",
                                                                                                                        "Rows Removed by Filter": 6749378,
                                                                                                                        "Workers": [
                                                                                                                            {
                                                                                                                                "Worker Number": 0,
                                                                                                                                "Actual Startup Time": 0.123,
                                                                                                                                "Actual Total Time": 1081.37,
                                                                                                                                "Actual Rows": 396473,
                                                                                                                                "Actual Loops": 1
                                                                                                                            },
                                                                                                                            {
                                                                                                                                "Worker Number": 1,
                                                                                                                                "Actual Startup Time": 0.103,
                                                                                                                                "Actual Total Time": 1086.013,
                                                                                                                                "Actual Rows": 426674,
                                                                                                                                "Actual Loops": 1
                                                                                                                            },
                                                                                                                            {
                                                                                                                                "Worker Number": 2,
                                                                                                                                "Actual Startup Time": 0.103,
                                                                                                                                "Actual Total Time": 1083.537,
                                                                                                                                "Actual Rows": 426285,
                                                                                                                                "Actual Loops": 1
                                                                                                                            },
                                                                                                                            {
                                                                                                                                "Worker Number": 3,
                                                                                                                                "Actual Startup Time": 0.115,
                                                                                                                                "Actual Total Time": 1086.001,
                                                                                                                                "Actual Rows": 430101,
                                                                                                                                "Actual Loops": 1
                                                                                                                            }
                                                                                                                        ]
                                                                                                                    }
                                                                                                                ]
                                                                                                            }
                                                                                                        ]
                                                                                                    }
                                                                                                ]
                                                                                            }
                                                                                        ]
                                                                                    }
                                                                                ]
                                                                            },
                                                                            {
                                                                                "Node Type": "Index Scan",
                                                                                "Parent Relationship": "Inner",
                                                                                "Parallel Aware": false,
                                                                                "Scan Direction": "Forward",
                                                                                "Index Name": "company_name_pkey",
                                                                                "Relation Name": "company_name",
                                                                                "Schema": "public",
                                                                                "Alias": "cn",
                                                                                "Startup Cost": 10000000000.42,
                                                                                "Total Cost": 10000012454.44,
                                                                                "Plan Rows": 2217,
                                                                                "Plan Width": 4,
                                                                                "Actual Startup Time": 0.119,
                                                                                "Actual Total Time": 118.87,
                                                                                "Actual Rows": 2340,
                                                                                "Actual Loops": 5,
                                                                                "Output": [
                                                                                    "cn.id",
                                                                                    "cn.name",
                                                                                    "cn.country_code",
                                                                                    "cn.imdb_id",
                                                                                    "cn.name_pcode_nf",
                                                                                    "cn.name_pcode_sf",
                                                                                    "cn.md5sum"
                                                                                ],
                                                                                "Filter": "((cn.country_code)::text = '[nl]'::text)",
                                                                                "Rows Removed by Filter": 232657,
                                                                                "Workers": [
                                                                                    {
                                                                                        "Worker Number": 0,
                                                                                        "Actual Startup Time": 0.152,
                                                                                        "Actual Total Time": 143.001,
                                                                                        "Actual Rows": 2340,
                                                                                        "Actual Loops": 1
                                                                                    },
                                                                                    {
                                                                                        "Worker Number": 1,
                                                                                        "Actual Startup Time": 0.148,
                                                                                        "Actual Total Time": 117.091,
                                                                                        "Actual Rows": 2340,
                                                                                        "Actual Loops": 1
                                                                                    },
                                                                                    {
                                                                                        "Worker Number": 2,
                                                                                        "Actual Startup Time": 0.148,
                                                                                        "Actual Total Time": 123.708,
                                                                                        "Actual Rows": 2340,
                                                                                        "Actual Loops": 1
                                                                                    },
                                                                                    {
                                                                                        "Worker Number": 3,
                                                                                        "Actual Startup Time": 0.106,
                                                                                        "Actual Total Time": 123.791,
                                                                                        "Actual Rows": 2340,
                                                                                        "Actual Loops": 1
                                                                                    }
                                                                                ]
                                                                            }
                                                                        ]
                                                                    }
                                                                ]
                                                            }
                                                        ]
                                                    }
                                                ]
                                            }
                                        ]
                                    }
                                ]
                            }
                        ]
                    }
                ]
            }
        ]
    },
    "Planning Time": 3.693,
    "Triggers": [],
    "Execution Time": 2496.841
}