{
  "Plan": {
    "Node Type": "Aggregate",
    "Strategy": "Plain",
    "Partial Mode": "Finalize",
    "Parallel Aware": false,
    "Startup Cost": 155037.21,
    "Total Cost": 155037.22,
    "Plan Rows": 1,
    "Plan Width": 8,
    "Actual Startup Time": 574.378,
    "Actual Total Time": 594.312,
    "Actual Rows": 1,
    "Actual Loops": 1,
    "Plans": [
      {
        "Node Type": "Gather",
        "Parent Relationship": "Outer",
        "Parallel Aware": false,
        "Startup Cost": 155037.09,
        "Total Cost": 155037.2,
        "Plan Rows": 1,
        "Plan Width": 8,
        "Actual Startup Time": 574.064,
        "Actual Total Time": 594.305,
        "Actual Rows": 2,
        "Actual Loops": 1,
        "Workers Planned": 1,
        "Workers Launched": 1,
        "Single Copy": false,
        "Plans": [
          {
            "Node Type": "Aggregate",
            "Strategy": "Plain",
            "Partial Mode": "Partial",
            "Parent Relationship": "Outer",
            "Parallel Aware": false,
            "Startup Cost": 154037.09,
            "Total Cost": 154037.1,
            "Plan Rows": 1,
            "Plan Width": 8,
            "Actual Startup Time": 568.222,
            "Actual Total Time": 568.224,
            "Actual Rows": 1,
            "Actual Loops": 2,
            "Plans": [
              {
                "Node Type": "Hash Join",
                "Parent Relationship": "Outer",
                "Parallel Aware": true,
                "Join Type": "Inner",
                "Startup Cost": 58969.76,
                "Total Cost": 153922.09,
                "Plan Rows": 46002,
                "Plan Width": 0,
                "Actual Startup Time": 169.337,
                "Actual Total Time": 565.948,
                "Actual Rows": 36665,
                "Actual Loops": 2,
                "Inner Unique": true,
                "Hash Cond": "(ci.movie_id = t.id)",
                "Plans": [
                  {
                    "Node Type": "Index Scan",
                    "Parent Relationship": "Outer",
                    "Parallel Aware": true,
                    "Scan Direction": "Forward",
                    "Index Name": "role_id_cast_info",
                    "Relation Name": "cast_info",
                    "Alias": "ci",
                    "Startup Cost": 0.56,
                    "Total Cost": 91565.57,
                    "Plan Rows": 1290406,
                    "Plan Width": 4,
                    "Actual Startup Time": 0.092,
                    "Actual Total Time": 249.935,
                    "Actual Rows": 1068954,
                    "Actual Loops": 2,
                    "Index Cond": "(role_id = 4)",
                    "Rows Removed by Index Recheck": 0,
                    "Filter": "(person_id > 831527)",
                    "Rows Removed by Filter": 295517
                  },
                  {
                    "Node Type": "Hash",
                    "Parent Relationship": "Inner",
                    "Parallel Aware": true,
                    "Startup Cost": 58306.47,
                    "Total Cost": 58306.47,
                    "Plan Rows": 53018,
                    "Plan Width": 4,
                    "Actual Startup Time": 166.937,
                    "Actual Total Time": 166.938,
                    "Actual Rows": 40495,
                    "Actual Loops": 2,
                    "Hash Buckets": 131072,
                    "Original Hash Buckets": 131072,
                    "Hash Batches": 1,
                    "Original Hash Batches": 1,
                    "Peak Memory Usage": 4224,
                    "Plans": [
                      {
                        "Node Type": "Seq Scan",
                        "Parent Relationship": "Outer",
                        "Parallel Aware": true,
                        "Relation Name": "title",
                        "Alias": "t",
                        "Startup Cost": 0.0,
                        "Total Cost": 58306.47,
                        "Plan Rows": 53018,
                        "Plan Width": 4,
                        "Actual Startup Time": 0.135,
                        "Actual Total Time": 154.971,
                        "Actual Rows": 40495,
                        "Actual Loops": 2,
                        "Filter": "((kind_id < 7) AND (production_year > 2011))",
                        "Rows Removed by Filter": 1223661
                      }
                    ]
                  }
                ]
              }
            ]
          }
        ]
      }
    ]
  },
  "Planning Time": 0.534,
  "Triggers": [],
  "Execution Time": 594.392
}