[
  {
    "Plan": {
      "Node Type": "Aggregate",
      "Strategy": "Plain",
      "Partial Mode": "Finalize",
      "Parallel Aware": false,
      "Startup Cost": 343652.27,
      "Total Cost": 343652.28,
      "Plan Rows": 1,
      "Plan Width": 8,
      "Actual Startup Time": 932.582,
      "Actual Total Time": 996.226,
      "Actual Rows": 1,
      "Actual Loops": 1,
      "Plans": [
        {
          "Node Type": "Gather",
          "Parent Relationship": "Outer",
          "Parallel Aware": false,
          "Startup Cost": 343651.65,
          "Total Cost": 343652.26,
          "Plan Rows": 6,
          "Plan Width": 8,
          "Actual Startup Time": 932.464,
          "Actual Total Time": 996.214,
          "Actual Rows": 7,
          "Actual Loops": 1,
          "Workers Planned": 6,
          "Workers Launched": 6,
          "Single Copy": false,
          "Plans": [
            {
              "Node Type": "Aggregate",
              "Strategy": "Plain",
              "Partial Mode": "Partial",
              "Parent Relationship": "Outer",
              "Parallel Aware": false,
              "Startup Cost": 342651.65,
              "Total Cost": 342651.66,
              "Plan Rows": 1,
              "Plan Width": 8,
              "Actual Startup Time": 924.976,
              "Actual Total Time": 924.978,
              "Actual Rows": 1,
              "Actual Loops": 7,
              "Plans": [
                {
                  "Node Type": "Seq Scan",
                  "Parent Relationship": "Outer",
                  "Parallel Aware": true,
                  "Relation Name": "cast_info",
                  "Alias": "ci",
                  "Startup Cost": 0.0,
                  "Total Cost": 328162.03,
                  "Plan Rows": 5795848,
                  "Plan Width": 0,
                  "Actual Startup Time": 0.041,
                  "Actual Total Time": 692.669,
                  "Actual Rows": 4973312,
                  "Actual Loops": 7,
                  "Filter": "(person_id < 3781773)",
                  "Rows Removed by Filter": 204451
                }
              ]
            }
          ]
        }
      ]
    },
    "Planning Time": 0.197,
    "Triggers": [],
    "Execution Time": 996.3
  }
]