[
  {
    "Plan": {
      "Node Type": "Aggregate",
      "Strategy": "Plain",
      "Partial Mode": "Finalize",
      "Parallel Aware": false,
      "Startup Cost": 357217.46,
      "Total Cost": 357217.47,
      "Plan Rows": 1,
      "Plan Width": 8,
      "Actual Startup Time": 1171.251,
      "Actual Total Time": 1220.689,
      "Actual Rows": 1,
      "Actual Loops": 1,
      "Plans": [
        {
          "Node Type": "Gather",
          "Parent Relationship": "Outer",
          "Parallel Aware": false,
          "Startup Cost": 357216.83,
          "Total Cost": 357217.44,
          "Plan Rows": 6,
          "Plan Width": 8,
          "Actual Startup Time": 1171.084,
          "Actual Total Time": 1220.676,
          "Actual Rows": 7,
          "Actual Loops": 1,
          "Workers Planned": 6,
          "Workers Launched": 6,
          "Single Copy": false,
          "Plans": [
            {
              "Node Type": "Aggregate",
              "Strategy": "Plain",
              "Partial Mode": "Partial",
              "Parent Relationship": "Outer",
              "Parallel Aware": false,
              "Startup Cost": 356216.83,
              "Total Cost": 356216.84,
              "Plan Rows": 1,
              "Plan Width": 8,
              "Actual Startup Time": 1162.716,
              "Actual Total Time": 1162.718,
              "Actual Rows": 1,
              "Actual Loops": 7,
              "Plans": [
                {
                  "Node Type": "Seq Scan",
                  "Parent Relationship": "Outer",
                  "Parallel Aware": true,
                  "Relation Name": "cast_info",
                  "Alias": "ci",
                  "Startup Cost": 0.0,
                  "Total Cost": 343316.27,
                  "Plan Rows": 5160225,
                  "Plan Width": 0,
                  "Actual Startup Time": 16.685,
                  "Actual Total Time": 895.2,
                  "Actual Rows": 4411007,
                  "Actual Loops": 7,
                  "Filter": "((person_id > 80718) AND (role_id < 10))",
                  "Rows Removed by Filter": 766756
                }
              ]
            }
          ]
        }
      ]
    },
    "Planning Time": 0.101,
    "Triggers": [],
    "Execution Time": 1220.733
  }
]