[
  {
    "Plan": {
      "Node Type": "Aggregate",
      "Strategy": "Plain",
      "Partial Mode": "Finalize",
      "Parallel Aware": false,
      "Startup Cost": 257342.33,
      "Total Cost": 257342.34,
      "Plan Rows": 1,
      "Plan Width": 8,
      "Actual Startup Time": 741.767,
      "Actual Total Time": 758.003,
      "Actual Rows": 1,
      "Actual Loops": 1,
      "Plans": [
        {
          "Node Type": "Gather",
          "Parent Relationship": "Outer",
          "Parallel Aware": false,
          "Startup Cost": 257342.12,
          "Total Cost": 257342.33,
          "Plan Rows": 2,
          "Plan Width": 8,
          "Actual Startup Time": 734.372,
          "Actual Total Time": 757.993,
          "Actual Rows": 3,
          "Actual Loops": 1,
          "Workers Planned": 2,
          "Workers Launched": 2,
          "Single Copy": false,
          "Plans": [
            {
              "Node Type": "Aggregate",
              "Strategy": "Plain",
              "Partial Mode": "Partial",
              "Parent Relationship": "Outer",
              "Parallel Aware": false,
              "Startup Cost": 256342.12,
              "Total Cost": 256342.13,
              "Plan Rows": 1,
              "Plan Width": 8,
              "Actual Startup Time": 726.343,
              "Actual Total Time": 726.545,
              "Actual Rows": 1,
              "Actual Loops": 3,
              "Plans": [
                {
                  "Node Type": "Hash Join",
                  "Parent Relationship": "Outer",
                  "Parallel Aware": true,
                  "Join Type": "Inner",
                  "Startup Cost": 239261.15,
                  "Total Cost": 256051.97,
                  "Plan Rows": 116058,
                  "Plan Width": 0,
                  "Actual Startup Time": 635.964,
                  "Actual Total Time": 724.262,
                  "Actual Rows": 56715,
                  "Actual Loops": 3,
                  "Inner Unique": false,
                  "Hash Cond": "(mi_idx.movie_id = t.id)",
                  "Plans": [
                    {
                      "Node Type": "Seq Scan",
                      "Parent Relationship": "Outer",
                      "Parallel Aware": true,
                      "Relation Name": "movie_info_idx",
                      "Alias": "mi_idx",
                      "Startup Cost": 0.0,
                      "Total Cost": 15122.68,
                      "Plan Rows": 382940,
                      "Plan Width": 4,
                      "Actual Startup Time": 0.07,
                      "Actual Total Time": 43.138,
                      "Actual Rows": 306617,
                      "Actual Loops": 3,
                      "Filter": "(info_type_id < 101)",
                      "Rows Removed by Filter": 153395
                    },
                    {
                      "Node Type": "Hash",
                      "Parent Relationship": "Inner",
                      "Parallel Aware": true,
                      "Startup Cost": 237345.52,
                      "Total Cost": 237345.52,
                      "Plan Rows": 153250,
                      "Plan Width": 8,
                      "Actual Startup Time": 629.601,
                      "Actual Total Time": 629.802,
                      "Actual Rows": 117334,
                      "Actual Loops": 3,
                      "Hash Buckets": 1048576,
                      "Original Hash Buckets": 1048576,
                      "Hash Batches": 1,
                      "Original Hash Batches": 1,
                      "Peak Memory Usage": 22016,
                      "Plans": [
                        {
                          "Node Type": "Hash Join",
                          "Parent Relationship": "Outer",
                          "Parallel Aware": true,
                          "Join Type": "Inner",
                          "Startup Cost": 71539.34,
                          "Total Cost": 237345.52,
                          "Plan Rows": 153250,
                          "Plan Width": 8,
                          "Actual Startup Time": 367.154,
                          "Actual Total Time": 584.062,
                          "Actual Rows": 117334,
                          "Actual Loops": 3,
                          "Inner Unique": true,
                          "Hash Cond": "(mi.movie_id = t.id)",
                          "Plans": [
                            {
                              "Node Type": "Bitmap Heap Scan",
                              "Parent Relationship": "Outer",
                              "Parallel Aware": true,
                              "Relation Name": "movie_info",
                              "Alias": "mi",
                              "Startup Cost": 22837.73,
                              "Total Cost": 187982.11,
                              "Plan Rows": 252111,
                              "Plan Width": 4,
                              "Actual Startup Time": 62.348,
                              "Actual Total Time": 112.007,
                              "Actual Rows": 429643,
                              "Actual Loops": 3,
                              "Recheck Cond": "(info_type_id = 2)",
                              "Rows Removed by Index Recheck": 0,
                              "Exact Heap Blocks": 2893,
                              "Lossy Heap Blocks": 0,
                              "Plans": [
                                {
                                  "Node Type": "Bitmap Index Scan",
                                  "Parent Relationship": "Outer",
                                  "Parallel Aware": false,
                                  "Index Name": "info_type_id_movie_info",
                                  "Startup Cost": 0.0,
                                  "Total Cost": 22522.59,
                                  "Plan Rows": 1260554,
                                  "Plan Width": 0,
                                  "Actual Startup Time": 60.998,
                                  "Actual Total Time": 60.999,
                                  "Actual Rows": 1288928,
                                  "Actual Loops": 1,
                                  "Index Cond": "(info_type_id = 2)"
                                }
                              ]
                            },
                            {
                              "Node Type": "Hash",
                              "Parent Relationship": "Inner",
                              "Parallel Aware": true,
                              "Startup Cost": 43898.92,
                              "Total Cost": 43898.92,
                              "Plan Rows": 384216,
                              "Plan Width": 4,
                              "Actual Startup Time": 298.469,
                              "Actual Total Time": 298.47,
                              "Actual Rows": 514421,
                              "Actual Loops": 3,
                              "Hash Buckets": 2097152,
                              "Original Hash Buckets": 2097152,
                              "Hash Batches": 1,
                              "Original Hash Batches": 1,
                              "Peak Memory Usage": 76800,
                              "Plans": [
                                {
                                  "Node Type": "Seq Scan",
                                  "Parent Relationship": "Outer",
                                  "Parallel Aware": true,
                                  "Relation Name": "title",
                                  "Alias": "t",
                                  "Startup Cost": 0.0,
                                  "Total Cost": 43898.92,
                                  "Plan Rows": 384216,
                                  "Plan Width": 4,
                                  "Actual Startup Time": 0.038,
                                  "Actual Total Time": 122.392,
                                  "Actual Rows": 514421,
                                  "Actual Loops": 3,
                                  "Filter": "(kind_id = 7)",
                                  "Rows Removed by Filter": 328349
                                }
                              ]
                            }
                          ]
                        }
                      ]
                    }
                  ]
                }
              ]
            }
          ]
        }
      ]
    },
    "Planning Time": 1.355,
    "Triggers": [],
    "Execution Time": 758.104
  }
]