{
    "Plan": {
        "Node Type": "Aggregate",
        "Strategy": "Plain",
        "Partial Mode": "Finalize",
        "Parallel Aware": false,
        "Startup Cost": 89531.51,
        "Total Cost": 89531.52,
        "Plan Rows": 1,
        "Plan Width": 8,
        "Actual Startup Time": 371.364,
        "Actual Total Time": 391.21,
        "Actual Rows": 1,
        "Actual Loops": 1,
        "Output": [
            "count(*)"
        ],
        "Plans": [
            {
                "Node Type": "Gather",
                "Parent Relationship": "Outer",
                "Parallel Aware": false,
                "Startup Cost": 89531.29,
                "Total Cost": 89531.5,
                "Plan Rows": 2,
                "Plan Width": 8,
                "Actual Startup Time": 370.226,
                "Actual Total Time": 391.198,
                "Actual Rows": 3,
                "Actual Loops": 1,
                "Output": [
                    "(PARTIAL count(*))"
                ],
                "Workers Planned": 2,
                "Workers Launched": 2,
                "Single Copy": false,
                "Plans": [
                    {
                        "Node Type": "Aggregate",
                        "Strategy": "Plain",
                        "Partial Mode": "Partial",
                        "Parent Relationship": "Outer",
                        "Parallel Aware": false,
                        "Startup Cost": 88531.29,
                        "Total Cost": 88531.3,
                        "Plan Rows": 1,
                        "Plan Width": 8,
                        "Actual Startup Time": 361.433,
                        "Actual Total Time": 361.438,
                        "Actual Rows": 1,
                        "Actual Loops": 3,
                        "Output": [
                            "PARTIAL count(*)"
                        ],
                        "Workers": [
                            {
                                "Worker Number": 0,
                                "Actual Startup Time": 357.687,
                                "Actual Total Time": 357.691,
                                "Actual Rows": 1,
                                "Actual Loops": 1
                            },
                            {
                                "Worker Number": 1,
                                "Actual Startup Time": 357.424,
                                "Actual Total Time": 357.428,
                                "Actual Rows": 1,
                                "Actual Loops": 1
                            }
                        ],
                        "Plans": [
                            {
                                "Node Type": "Hash Join",
                                "Parent Relationship": "Outer",
                                "Parallel Aware": true,
                                "Join Type": "Inner",
                                "Startup Cost": 77686.93,
                                "Total Cost": 88513.14,
                                "Plan Rows": 7262,
                                "Plan Width": 0,
                                "Actual Startup Time": 286.097,
                                "Actual Total Time": 361.174,
                                "Actual Rows": 2676,
                                "Actual Loops": 3,
                                "Inner Unique": true,
                                "Hash Cond": "(mi_idx.movie_id = t.id)",
                                "Workers": [
                                    {
                                        "Worker Number": 0,
                                        "Actual Startup Time": 282.598,
                                        "Actual Total Time": 357.428,
                                        "Actual Rows": 2576,
                                        "Actual Loops": 1
                                    },
                                    {
                                        "Worker Number": 1,
                                        "Actual Startup Time": 281.677,
                                        "Actual Total Time": 357.191,
                                        "Actual Rows": 2702,
                                        "Actual Loops": 1
                                    }
                                ],
                                "Plans": [
                                    {
                                        "Node Type": "Bitmap Heap Scan",
                                        "Parent Relationship": "Outer",
                                        "Parallel Aware": true,
                                        "Relation Name": "movie_info_idx",
                                        "Schema": "public",
                                        "Alias": "mi_idx",
                                        "Startup Cost": 8295.89,
                                        "Total Cost": 18620.32,
                                        "Plan Rows": 191154,
                                        "Plan Width": 4,
                                        "Actual Startup Time": 25.544,
                                        "Actual Total Time": 62.41,
                                        "Actual Rows": 153308,
                                        "Actual Loops": 3,
                                        "Output": [
                                            "mi_idx.id",
                                            "mi_idx.movie_id",
                                            "mi_idx.info_type_id",
                                            "mi_idx.info",
                                            "mi_idx.note"
                                        ],
                                        "Recheck Cond": "(mi_idx.info_type_id = 99)",
                                        "Rows Removed by Index Recheck": 0,
                                        "Exact Heap Blocks": 2679,
                                        "Lossy Heap Blocks": 0,
                                        "Workers": [
                                            {
                                                "Worker Number": 0,
                                                "Actual Startup Time": 25.622,
                                                "Actual Total Time": 62.509,
                                                "Actual Rows": 156015,
                                                "Actual Loops": 1
                                            },
                                            {
                                                "Worker Number": 1,
                                                "Actual Startup Time": 25.461,
                                                "Actual Total Time": 62.422,
                                                "Actual Rows": 148659,
                                                "Actual Loops": 1
                                            }
                                        ],
                                        "Plans": [
                                            {
                                                "Node Type": "Bitmap Index Scan",
                                                "Parent Relationship": "Outer",
                                                "Parallel Aware": false,
                                                "Index Name": "info_type_id_movie_info_idx",
                                                "Startup Cost": 0.0,
                                                "Total Cost": 8181.2,
                                                "Plan Rows": 458770,
                                                "Plan Width": 0,
                                                "Actual Startup Time": 23.673,
                                                "Actual Total Time": 23.674,
                                                "Actual Rows": 459925,
                                                "Actual Loops": 1,
                                                "Index Cond": "(mi_idx.info_type_id = 99)",
                                                "Workers": [
                                                    {
                                                        "Worker Number": 1,
                                                        "Actual Startup Time": 23.673,
                                                        "Actual Total Time": 23.674,
                                                        "Actual Rows": 459925,
                                                        "Actual Loops": 1
                                                    }
                                                ]
                                            }
                                        ]
                                    },
                                    {
                                        "Node Type": "Hash",
                                        "Parent Relationship": "Inner",
                                        "Parallel Aware": true,
                                        "Startup Cost": 69090.86,
                                        "Total Cost": 69090.86,
                                        "Plan Rows": 24014,
                                        "Plan Width": 4,
                                        "Actual Startup Time": 258.744,
                                        "Actual Total Time": 258.746,
                                        "Actual Rows": 35416,
                                        "Actual Loops": 3,
                                        "Output": [
                                            "t.id"
                                        ],
                                        "Hash Buckets": 131072,
                                        "Original Hash Buckets": 131072,
                                        "Hash Batches": 1,
                                        "Original Hash Batches": 1,
                                        "Peak Memory Usage": 5216,
                                        "Workers": [
                                            {
                                                "Worker Number": 0,
                                                "Actual Startup Time": 256.227,
                                                "Actual Total Time": 256.229,
                                                "Actual Rows": 33891,
                                                "Actual Loops": 1
                                            },
                                            {
                                                "Worker Number": 1,
                                                "Actual Startup Time": 255.814,
                                                "Actual Total Time": 255.816,
                                                "Actual Rows": 31719,
                                                "Actual Loops": 1
                                            }
                                        ],
                                        "Plans": [
                                            {
                                                "Node Type": "Bitmap Heap Scan",
                                                "Parent Relationship": "Outer",
                                                "Parallel Aware": true,
                                                "Relation Name": "title",
                                                "Schema": "public",
                                                "Alias": "t",
                                                "Startup Cost": 27344.72,
                                                "Total Cost": 69090.86,
                                                "Plan Rows": 24014,
                                                "Plan Width": 4,
                                                "Actual Startup Time": 88.355,
                                                "Actual Total Time": 241.614,
                                                "Actual Rows": 35416,
                                                "Actual Loops": 3,
                                                "Output": [
                                                    "t.id"
                                                ],
                                                "Recheck Cond": "(t.kind_id = 7)",
                                                "Rows Removed by Index Recheck": 0,
                                                "Filter": "(t.production_year = 2011)",
                                                "Rows Removed by Filter": 479006,
                                                "Exact Heap Blocks": 9448,
                                                "Lossy Heap Blocks": 0,
                                                "Workers": [
                                                    {
                                                        "Worker Number": 0,
                                                        "Actual Startup Time": 85.918,
                                                        "Actual Total Time": 239.135,
                                                        "Actual Rows": 33891,
                                                        "Actual Loops": 1
                                                    },
                                                    {
                                                        "Worker Number": 1,
                                                        "Actual Startup Time": 85.527,
                                                        "Actual Total Time": 239.074,
                                                        "Actual Rows": 31719,
                                                        "Actual Loops": 1
                                                    }
                                                ],
                                                "Plans": [
                                                    {
                                                        "Node Type": "Bitmap Index Scan",
                                                        "Parent Relationship": "Outer",
                                                        "Parallel Aware": false,
                                                        "Index Name": "kind_id_title",
                                                        "Startup Cost": 0.0,
                                                        "Total Cost": 27320.71,
                                                        "Plan Rows": 1532837,
                                                        "Plan Width": 0,
                                                        "Actual Startup Time": 87.754,
                                                        "Actual Total Time": 87.755,
                                                        "Actual Rows": 1543264,
                                                        "Actual Loops": 1,
                                                        "Index Cond": "(t.kind_id = 7)"
                                                    }
                                                ]
                                            }
                                        ]
                                    }
                                ]
                            }
                        ]
                    }
                ]
            }
        ]
    },
    "Planning Time": 2.885,
    "Triggers": [],
    "Execution Time": 391.754
}