{
    "Plan": {
        "Node Type": "Aggregate",
        "Strategy": "Plain",
        "Partial Mode": "Simple",
        "Parallel Aware": false,
        "Startup Cost": 60001279173.8,
        "Total Cost": 60001279173.81,
        "Plan Rows": 1,
        "Plan Width": 128,
        "Actual Startup Time": 12812.908,
        "Actual Total Time": 12812.93,
        "Actual Rows": 1,
        "Actual Loops": 1,
        "Output": [
            "min(chn.name)",
            "min(mi_idx.info)",
            "min(n.name)",
            "min(t.title)"
        ],
        "Plans": [
            {
                "Node Type": "Nested Loop",
                "Parent Relationship": "Outer",
                "Parallel Aware": false,
                "Join Type": "Inner",
                "Startup Cost": 60001279110.11,
                "Total Cost": 60001279173.79,
                "Plan Rows": 1,
                "Plan Width": 53,
                "Actual Startup Time": 11131.416,
                "Actual Total Time": 12811.938,
                "Actual Rows": 2778,
                "Actual Loops": 1,
                "Output": [
                    "chn.name",
                    "mi_idx.info",
                    "n.name",
                    "t.title"
                ],
                "Inner Unique": true,
                "Plans": [
                    {
                        "Node Type": "Nested Loop",
                        "Parent Relationship": "Outer",
                        "Parallel Aware": false,
                        "Join Type": "Inner",
                        "Startup Cost": 50001279109.68,
                        "Total Cost": 50001279132.98,
                        "Plan Rows": 9,
                        "Plan Width": 57,
                        "Actual Startup Time": 11131.256,
                        "Actual Total Time": 11262.855,
                        "Actual Rows": 326837,
                        "Actual Loops": 1,
                        "Output": [
                            "chn.name",
                            "mi_idx.info",
                            "mk.keyword_id",
                            "n.name",
                            "t.title"
                        ],
                        "Inner Unique": false,
                        "Join Filter": "(t.id = mk.movie_id)",
                        "Rows Removed by Join Filter": 0,
                        "Plans": [
                            {
                                "Node Type": "Merge Join",
                                "Parent Relationship": "Outer",
                                "Parallel Aware": false,
                                "Join Type": "Inner",
                                "Startup Cost": 40001279108.89,
                                "Total Cost": 40001279121.1,
                                "Plan Rows": 2,
                                "Plan Width": 69,
                                "Actual Startup Time": 11131.184,
                                "Actual Total Time": 11132.322,
                                "Actual Rows": 1870,
                                "Actual Loops": 1,
                                "Output": [
                                    "cc.movie_id",
                                    "ci.movie_id",
                                    "chn.name",
                                    "mi_idx.info",
                                    "mi_idx.movie_id",
                                    "n.name",
                                    "t.title",
                                    "t.id"
                                ],
                                "Inner Unique": false,
                                "Merge Cond": "(kt.id = t.kind_id)",
                                "Plans": [
                                    {
                                        "Node Type": "Index Scan",
                                        "Parent Relationship": "Outer",
                                        "Parallel Aware": false,
                                        "Scan Direction": "Forward",
                                        "Index Name": "kind_type_pkey",
                                        "Relation Name": "kind_type",
                                        "Schema": "public",
                                        "Alias": "kt",
                                        "Startup Cost": 10000000000.13,
                                        "Total Cost": 10000000012.25,
                                        "Plan Rows": 1,
                                        "Plan Width": 4,
                                        "Actual Startup Time": 0.012,
                                        "Actual Total Time": 0.018,
                                        "Actual Rows": 1,
                                        "Actual Loops": 1,
                                        "Output": [
                                            "kt.id",
                                            "kt.kind"
                                        ],
                                        "Filter": "((kt.kind)::text = 'movie'::text)",
                                        "Rows Removed by Filter": 6
                                    },
                                    {
                                        "Node Type": "Sort",
                                        "Parent Relationship": "Inner",
                                        "Parallel Aware": false,
                                        "Startup Cost": 30001279108.76,
                                        "Total Cost": 30001279108.79,
                                        "Plan Rows": 13,
                                        "Plan Width": 73,
                                        "Actual Startup Time": 11131.169,
                                        "Actual Total Time": 11131.727,
                                        "Actual Rows": 1871,
                                        "Actual Loops": 1,
                                        "Output": [
                                            "cc.movie_id",
                                            "ci.movie_id",
                                            "chn.name",
                                            "mi_idx.info",
                                            "mi_idx.movie_id",
                                            "n.name",
                                            "t.title",
                                            "t.kind_id",
                                            "t.id"
                                        ],
                                        "Sort Key": [
                                            "t.kind_id"
                                        ],
                                        "Sort Method": "quicksort",
                                        "Sort Space Used": 1082,
                                        "Sort Space Type": "Memory",
                                        "Plans": [
                                            {
                                                "Node Type": "Merge Join",
                                                "Parent Relationship": "Outer",
                                                "Parallel Aware": false,
                                                "Join Type": "Inner",
                                                "Startup Cost": 30001279108.15,
                                                "Total Cost": 30001279108.52,
                                                "Plan Rows": 13,
                                                "Plan Width": 73,
                                                "Actual Startup Time": 11128.177,
                                                "Actual Total Time": 11129.4,
                                                "Actual Rows": 6285,
                                                "Actual Loops": 1,
                                                "Output": [
                                                    "cc.movie_id",
                                                    "ci.movie_id",
                                                    "chn.name",
                                                    "mi_idx.info",
                                                    "mi_idx.movie_id",
                                                    "n.name",
                                                    "t.title",
                                                    "t.kind_id",
                                                    "t.id"
                                                ],
                                                "Inner Unique": false,
                                                "Merge Cond": "(cct1.id = cc.subject_id)",
                                                "Plans": [
                                                    {
                                                        "Node Type": "Sort",
                                                        "Parent Relationship": "Outer",
                                                        "Parallel Aware": false,
                                                        "Startup Cost": 1.06,
                                                        "Total Cost": 1.06,
                                                        "Plan Rows": 1,
                                                        "Plan Width": 4,
                                                        "Actual Startup Time": 0.033,
                                                        "Actual Total Time": 0.034,
                                                        "Actual Rows": 1,
                                                        "Actual Loops": 1,
                                                        "Output": [
                                                            "cct1.id"
                                                        ],
                                                        "Sort Key": [
                                                            "cct1.id"
                                                        ],
                                                        "Sort Method": "quicksort",
                                                        "Sort Space Used": 25,
                                                        "Sort Space Type": "Memory",
                                                        "Plans": [
                                                            {
                                                                "Node Type": "Seq Scan",
                                                                "Parent Relationship": "Outer",
                                                                "Parallel Aware": false,
                                                                "Relation Name": "comp_cast_type",
                                                                "Schema": "public",
                                                                "Alias": "cct1",
                                                                "Startup Cost": 0.0,
                                                                "Total Cost": 1.05,
                                                                "Plan Rows": 1,
                                                                "Plan Width": 4,
                                                                "Actual Startup Time": 0.026,
                                                                "Actual Total Time": 0.027,
                                                                "Actual Rows": 1,
                                                                "Actual Loops": 1,
                                                                "Output": [
                                                                    "cct1.id"
                                                                ],
                                                                "Filter": "((cct1.kind)::text = 'cast'::text)",
                                                                "Rows Removed by Filter": 3
                                                            }
                                                        ]
                                                    },
                                                    {
                                                        "Node Type": "Sort",
                                                        "Parent Relationship": "Inner",
                                                        "Parallel Aware": false,
                                                        "Startup Cost": 30001279107.09,
                                                        "Total Cost": 30001279107.21,
                                                        "Plan Rows": 49,
                                                        "Plan Width": 77,
                                                        "Actual Startup Time": 11128.138,
                                                        "Actual Total Time": 11128.447,
                                                        "Actual Rows": 6286,
                                                        "Actual Loops": 1,
                                                        "Output": [
                                                            "cc.movie_id",
                                                            "cc.subject_id",
                                                            "ci.movie_id",
                                                            "chn.name",
                                                            "mi_idx.info",
                                                            "mi_idx.movie_id",
                                                            "n.name",
                                                            "t.title",
                                                            "t.kind_id",
                                                            "t.id"
                                                        ],
                                                        "Sort Key": [
                                                            "cc.subject_id"
                                                        ],
                                                        "Sort Method": "quicksort",
                                                        "Sort Space Used": 1766,
                                                        "Sort Space Type": "Memory",
                                                        "Plans": [
                                                            {
                                                                "Node Type": "Hash Join",
                                                                "Parent Relationship": "Outer",
                                                                "Parallel Aware": false,
                                                                "Join Type": "Inner",
                                                                "Startup Cost": 30001031965.28,
                                                                "Total Cost": 30001279105.71,
                                                                "Plan Rows": 49,
                                                                "Plan Width": 77,
                                                                "Actual Startup Time": 10457.13,
                                                                "Actual Total Time": 11124.805,
                                                                "Actual Rows": 9750,
                                                                "Actual Loops": 1,
                                                                "Output": [
                                                                    "cc.movie_id",
                                                                    "cc.subject_id",
                                                                    "ci.movie_id",
                                                                    "chn.name",
                                                                    "mi_idx.info",
                                                                    "mi_idx.movie_id",
                                                                    "n.name",
                                                                    "t.title",
                                                                    "t.kind_id",
                                                                    "t.id"
                                                                ],
                                                                "Inner Unique": false,
                                                                "Hash Cond": "(chn.id = ci.person_role_id)",
                                                                "Plans": [
                                                                    {
                                                                        "Node Type": "Seq Scan",
                                                                        "Parent Relationship": "Outer",
                                                                        "Parallel Aware": false,
                                                                        "Relation Name": "char_name",
                                                                        "Schema": "public",
                                                                        "Alias": "chn",
                                                                        "Startup Cost": 0.0,
                                                                        "Total Cost": 83551.4,
                                                                        "Plan Rows": 125596,
                                                                        "Plan Width": 20,
                                                                        "Actual Startup Time": 0.03,
                                                                        "Actual Total Time": 616.873,
                                                                        "Actual Rows": 180152,
                                                                        "Actual Loops": 1,
                                                                        "Output": [
                                                                            "chn.id",
                                                                            "chn.name",
                                                                            "chn.imdb_index",
                                                                            "chn.imdb_id",
                                                                            "chn.name_pcode_nf",
                                                                            "chn.surname_pcode",
                                                                            "chn.md5sum"
                                                                        ],
                                                                        "Filter": "((chn.name IS NOT NULL) AND ((chn.name ~~ '%man%'::text) OR (chn.name ~~ '%Man%'::text)))",
                                                                        "Rows Removed by Filter": 2960187
                                                                    },
                                                                    {
                                                                        "Node Type": "Hash",
                                                                        "Parent Relationship": "Inner",
                                                                        "Parallel Aware": false,
                                                                        "Startup Cost": 30001031949.85,
                                                                        "Total Cost": 30001031949.85,
                                                                        "Plan Rows": 1234,
                                                                        "Plan Width": 65,
                                                                        "Actual Startup Time": 10457.062,
                                                                        "Actual Total Time": 10457.077,
                                                                        "Actual Rows": 198213,
                                                                        "Actual Loops": 1,
                                                                        "Output": [
                                                                            "cc.movie_id",
                                                                            "cc.subject_id",
                                                                            "ci.movie_id",
                                                                            "ci.person_role_id",
                                                                            "mi_idx.info",
                                                                            "mi_idx.movie_id",
                                                                            "n.name",
                                                                            "t.title",
                                                                            "t.kind_id",
                                                                            "t.id"
                                                                        ],
                                                                        "Hash Buckets": 262144,
                                                                        "Original Hash Buckets": 2048,
                                                                        "Hash Batches": 1,
                                                                        "Original Hash Batches": 1,
                                                                        "Peak Memory Usage": 20931,
                                                                        "Plans": [
                                                                            {
                                                                                "Node Type": "Hash Join",
                                                                                "Parent Relationship": "Outer",
                                                                                "Parallel Aware": false,
                                                                                "Join Type": "Inner",
                                                                                "Startup Cost": 30000280703.34,
                                                                                "Total Cost": 30001031949.85,
                                                                                "Plan Rows": 1234,
                                                                                "Plan Width": 65,
                                                                                "Actual Startup Time": 3000.894,
                                                                                "Actual Total Time": 10372.389,
                                                                                "Actual Rows": 542640,
                                                                                "Actual Loops": 1,
                                                                                "Output": [
                                                                                    "cc.movie_id",
                                                                                    "cc.subject_id",
                                                                                    "ci.movie_id",
                                                                                    "ci.person_role_id",
                                                                                    "mi_idx.info",
                                                                                    "mi_idx.movie_id",
                                                                                    "n.name",
                                                                                    "t.title",
                                                                                    "t.kind_id",
                                                                                    "t.id"
                                                                                ],
                                                                                "Inner Unique": false,
                                                                                "Hash Cond": "(ci.person_id = n.id)",
                                                                                "Plans": [
                                                                                    {
                                                                                        "Node Type": "Hash Join",
                                                                                        "Parent Relationship": "Outer",
                                                                                        "Parallel Aware": false,
                                                                                        "Join Type": "Inner",
                                                                                        "Startup Cost": 30000131320.49,
                                                                                        "Total Cost": 30000882545.4,
                                                                                        "Plan Rows": 1234,
                                                                                        "Plan Width": 54,
                                                                                        "Actual Startup Time": 886.253,
                                                                                        "Actual Total Time": 8047.885,
                                                                                        "Actual Rows": 542640,
                                                                                        "Actual Loops": 1,
                                                                                        "Output": [
                                                                                            "cc.movie_id",
                                                                                            "cc.subject_id",
                                                                                            "ci.movie_id",
                                                                                            "ci.person_role_id",
                                                                                            "ci.person_id",
                                                                                            "mi_idx.info",
                                                                                            "mi_idx.movie_id",
                                                                                            "t.title",
                                                                                            "t.kind_id",
                                                                                            "t.id"
                                                                                        ],
                                                                                        "Inner Unique": true,
                                                                                        "Hash Cond": "(cc.status_id = cct2.id)",
                                                                                        "Plans": [
                                                                                            {
                                                                                                "Node Type": "Hash Join",
                                                                                                "Parent Relationship": "Outer",
                                                                                                "Parallel Aware": false,
                                                                                                "Join Type": "Inner",
                                                                                                "Startup Cost": 20000131308.27,
                                                                                                "Total Cost": 20000882506.5,
                                                                                                "Plan Rows": 4936,
                                                                                                "Plan Width": 58,
                                                                                                "Actual Startup Time": 886.21,
                                                                                                "Actual Total Time": 7951.32,
                                                                                                "Actual Rows": 542640,
                                                                                                "Actual Loops": 1,
                                                                                                "Output": [
                                                                                                    "cc.movie_id",
                                                                                                    "cc.subject_id",
                                                                                                    "cc.status_id",
                                                                                                    "ci.movie_id",
                                                                                                    "ci.person_role_id",
                                                                                                    "ci.person_id",
                                                                                                    "mi_idx.info",
                                                                                                    "mi_idx.movie_id",
                                                                                                    "t.title",
                                                                                                    "t.kind_id",
                                                                                                    "t.id"
                                                                                                ],
                                                                                                "Inner Unique": false,
                                                                                                "Hash Cond": "(ci.movie_id = t.id)",
                                                                                                "Plans": [
                                                                                                    {
                                                                                                        "Node Type": "Seq Scan",
                                                                                                        "Parent Relationship": "Outer",
                                                                                                        "Parallel Aware": false,
                                                                                                        "Relation Name": "cast_info",
                                                                                                        "Schema": "public",
                                                                                                        "Alias": "ci",
                                                                                                        "Startup Cost": 0.0,
                                                                                                        "Total Cost": 615214.76,
                                                                                                        "Plan Rows": 36252776,
                                                                                                        "Plan Width": 12,
                                                                                                        "Actual Startup Time": 0.015,
                                                                                                        "Actual Total Time": 3533.411,
                                                                                                        "Actual Rows": 36244344,
                                                                                                        "Actual Loops": 1,
                                                                                                        "Output": [
                                                                                                            "ci.id",
                                                                                                            "ci.person_id",
                                                                                                            "ci.movie_id",
                                                                                                            "ci.person_role_id",
                                                                                                            "ci.note",
                                                                                                            "ci.nr_order",
                                                                                                            "ci.role_id"
                                                                                                        ]
                                                                                                    },
                                                                                                    {
                                                                                                        "Node Type": "Hash",
                                                                                                        "Parent Relationship": "Inner",
                                                                                                        "Parallel Aware": false,
                                                                                                        "Startup Cost": 20000131305.17,
                                                                                                        "Total Cost": 20000131305.17,
                                                                                                        "Plan Rows": 248,
                                                                                                        "Plan Width": 46,
                                                                                                        "Actual Startup Time": 886.143,
                                                                                                        "Actual Total Time": 886.152,
                                                                                                        "Actual Rows": 9357,
                                                                                                        "Actual Loops": 1,
                                                                                                        "Output": [
                                                                                                            "cc.movie_id",
                                                                                                            "cc.subject_id",
                                                                                                            "cc.status_id",
                                                                                                            "mi_idx.info",
                                                                                                            "mi_idx.movie_id",
                                                                                                            "t.title",
                                                                                                            "t.kind_id",
                                                                                                            "t.id"
                                                                                                        ],
                                                                                                        "Hash Buckets": 16384,
                                                                                                        "Original Hash Buckets": 1024,
                                                                                                        "Hash Batches": 1,
                                                                                                        "Original Hash Batches": 1,
                                                                                                        "Peak Memory Usage": 842,
                                                                                                        "Plans": [
                                                                                                            {
                                                                                                                "Node Type": "Hash Join",
                                                                                                                "Parent Relationship": "Outer",
                                                                                                                "Parallel Aware": false,
                                                                                                                "Join Type": "Inner",
                                                                                                                "Startup Cost": 20000058745.07,
                                                                                                                "Total Cost": 20000131305.17,
                                                                                                                "Plan Rows": 248,
                                                                                                                "Plan Width": 46,
                                                                                                                "Actual Startup Time": 325.302,
                                                                                                                "Actual Total Time": 883.261,
                                                                                                                "Actual Rows": 9357,
                                                                                                                "Actual Loops": 1,
                                                                                                                "Output": [
                                                                                                                    "cc.movie_id",
                                                                                                                    "cc.subject_id",
                                                                                                                    "cc.status_id",
                                                                                                                    "mi_idx.info",
                                                                                                                    "mi_idx.movie_id",
                                                                                                                    "t.title",
                                                                                                                    "t.kind_id",
                                                                                                                    "t.id"
                                                                                                                ],
                                                                                                                "Inner Unique": false,
                                                                                                                "Hash Cond": "(t.id = cc.movie_id)",
                                                                                                                "Plans": [
                                                                                                                    {
                                                                                                                        "Node Type": "Seq Scan",
                                                                                                                        "Parent Relationship": "Outer",
                                                                                                                        "Parallel Aware": false,
                                                                                                                        "Relation Name": "title",
                                                                                                                        "Schema": "public",
                                                                                                                        "Alias": "t",
                                                                                                                        "Startup Cost": 0.0,
                                                                                                                        "Total Cost": 67602.02,
                                                                                                                        "Plan Rows": 1321493,
                                                                                                                        "Plan Width": 25,
                                                                                                                        "Actual Startup Time": 0.009,
                                                                                                                        "Actual Total Time": 403.628,
                                                                                                                        "Actual Rows": 1322863,
                                                                                                                        "Actual Loops": 1,
                                                                                                                        "Output": [
                                                                                                                            "t.id",
                                                                                                                            "t.title",
                                                                                                                            "t.imdb_index",
                                                                                                                            "t.kind_id",
                                                                                                                            "t.production_year",
                                                                                                                            "t.imdb_id",
                                                                                                                            "t.phonetic_code",
                                                                                                                            "t.episode_of_id",
                                                                                                                            "t.season_nr",
                                                                                                                            "t.episode_nr",
                                                                                                                            "t.series_years",
                                                                                                                            "t.md5sum"
                                                                                                                        ],
                                                                                                                        "Filter": "(t.production_year > 2001)",
                                                                                                                        "Rows Removed by Filter": 1205449
                                                                                                                    },
                                                                                                                    {
                                                                                                                        "Node Type": "Hash",
                                                                                                                        "Parent Relationship": "Inner",
                                                                                                                        "Parallel Aware": false,
                                                                                                                        "Startup Cost": 20000058739.13,
                                                                                                                        "Total Cost": 20000058739.13,
                                                                                                                        "Plan Rows": 475,
                                                                                                                        "Plan Width": 21,
                                                                                                                        "Actual Startup Time": 325.172,
                                                                                                                        "Actual Total Time": 325.179,
                                                                                                                        "Actual Rows": 29914,
                                                                                                                        "Actual Loops": 1,
                                                                                                                        "Output": [
                                                                                                                            "cc.movie_id",
                                                                                                                            "cc.subject_id",
                                                                                                                            "cc.status_id",
                                                                                                                            "mi_idx.info",
                                                                                                                            "mi_idx.movie_id"
                                                                                                                        ],
                                                                                                                        "Hash Buckets": 32768,
                                                                                                                        "Original Hash Buckets": 1024,
                                                                                                                        "Hash Batches": 1,
                                                                                                                        "Original Hash Batches": 1,
                                                                                                                        "Peak Memory Usage": 1776,
                                                                                                                        "Plans": [
                                                                                                                            {
                                                                                                                                "Node Type": "Hash Join",
                                                                                                                                "Parent Relationship": "Outer",
                                                                                                                                "Parallel Aware": false,
                                                                                                                                "Join Type": "Inner",
                                                                                                                                "Startup Cost": 20000058664.81,
                                                                                                                                "Total Cost": 20000058739.13,
                                                                                                                                "Plan Rows": 475,
                                                                                                                                "Plan Width": 21,
                                                                                                                                "Actual Startup Time": 317.236,
                                                                                                                                "Actual Total Time": 320.789,
                                                                                                                                "Actual Rows": 29914,
                                                                                                                                "Actual Loops": 1,
                                                                                                                                "Output": [
                                                                                                                                    "cc.movie_id",
                                                                                                                                    "cc.subject_id",
                                                                                                                                    "cc.status_id",
                                                                                                                                    "mi_idx.info",
                                                                                                                                    "mi_idx.movie_id"
                                                                                                                                ],
                                                                                                                                "Inner Unique": false,
                                                                                                                                "Hash Cond": "(it2.id = mi_idx.info_type_id)",
                                                                                                                                "Plans": [
                                                                                                                                    {
                                                                                                                                        "Node Type": "Seq Scan",
                                                                                                                                        "Parent Relationship": "Outer",
                                                                                                                                        "Parallel Aware": false,
                                                                                                                                        "Relation Name": "info_type",
                                                                                                                                        "Schema": "public",
                                                                                                                                        "Alias": "it2",
                                                                                                                                        "Startup Cost": 10000000000.0,
                                                                                                                                        "Total Cost": 10000000002.41,
                                                                                                                                        "Plan Rows": 1,
                                                                                                                                        "Plan Width": 4,
                                                                                                                                        "Actual Startup Time": 0.015,
                                                                                                                                        "Actual Total Time": 0.022,
                                                                                                                                        "Actual Rows": 1,
                                                                                                                                        "Actual Loops": 1,
                                                                                                                                        "Output": [
                                                                                                                                            "it2.id",
                                                                                                                                            "it2.info"
                                                                                                                                        ],
                                                                                                                                        "Filter": "((it2.info)::text = 'rating'::text)",
                                                                                                                                        "Rows Removed by Filter": 112
                                                                                                                                    },
                                                                                                                                    {
                                                                                                                                        "Node Type": "Hash",
                                                                                                                                        "Parent Relationship": "Inner",
                                                                                                                                        "Parallel Aware": false,
                                                                                                                                        "Startup Cost": 10000057993.21,
                                                                                                                                        "Total Cost": 10000057993.21,
                                                                                                                                        "Plan Rows": 53728,
                                                                                                                                        "Plan Width": 25,
                                                                                                                                        "Actual Startup Time": 317.066,
                                                                                                                                        "Actual Total Time": 317.071,
                                                                                                                                        "Actual Rows": 43751,
                                                                                                                                        "Actual Loops": 1,
                                                                                                                                        "Output": [
                                                                                                                                            "cc.movie_id",
                                                                                                                                            "cc.subject_id",
                                                                                                                                            "cc.status_id",
                                                                                                                                            "mi_idx.info",
                                                                                                                                            "mi_idx.movie_id",
                                                                                                                                            "mi_idx.info_type_id"
                                                                                                                                        ],
                                                                                                                                        "Hash Buckets": 65536,
                                                                                                                                        "Original Hash Buckets": 65536,
                                                                                                                                        "Hash Batches": 1,
                                                                                                                                        "Original Hash Batches": 1,
                                                                                                                                        "Peak Memory Usage": 2912,
                                                                                                                                        "Plans": [
                                                                                                                                            {
                                                                                                                                                "Node Type": "Merge Join",
                                                                                                                                                "Parent Relationship": "Outer",
                                                                                                                                                "Parallel Aware": false,
                                                                                                                                                "Join Type": "Inner",
                                                                                                                                                "Startup Cost": 10000055820.39,
                                                                                                                                                "Total Cost": 10000057993.21,
                                                                                                                                                "Plan Rows": 53728,
                                                                                                                                                "Plan Width": 25,
                                                                                                                                                "Actual Startup Time": 264.417,
                                                                                                                                                "Actual Total Time": 309.741,
                                                                                                                                                "Actual Rows": 43751,
                                                                                                                                                "Actual Loops": 1,
                                                                                                                                                "Output": [
                                                                                                                                                    "cc.movie_id",
                                                                                                                                                    "cc.subject_id",
                                                                                                                                                    "cc.status_id",
                                                                                                                                                    "mi_idx.info",
                                                                                                                                                    "mi_idx.movie_id",
                                                                                                                                                    "mi_idx.info_type_id"
                                                                                                                                                ],
                                                                                                                                                "Inner Unique": false,
                                                                                                                                                "Merge Cond": "(cc.movie_id = mi_idx.movie_id)",
                                                                                                                                                "Plans": [
                                                                                                                                                    {
                                                                                                                                                        "Node Type": "Sort",
                                                                                                                                                        "Parent Relationship": "Outer",
                                                                                                                                                        "Parallel Aware": false,
                                                                                                                                                        "Startup Cost": 10000013593.56,
                                                                                                                                                        "Total Cost": 10000013931.28,
                                                                                                                                                        "Plan Rows": 135086,
                                                                                                                                                        "Plan Width": 12,
                                                                                                                                                        "Actual Startup Time": 49.861,
                                                                                                                                                        "Actual Total Time": 56.88,
                                                                                                                                                        "Actual Rows": 132440,
                                                                                                                                                        "Actual Loops": 1,
                                                                                                                                                        "Output": [
                                                                                                                                                            "cc.movie_id",
                                                                                                                                                            "cc.subject_id",
                                                                                                                                                            "cc.status_id"
                                                                                                                                                        ],
                                                                                                                                                        "Sort Key": [
                                                                                                                                                            "cc.movie_id"
                                                                                                                                                        ],
                                                                                                                                                        "Sort Method": "quicksort",
                                                                                                                                                        "Sort Space Used": 12477,
                                                                                                                                                        "Sort Space Type": "Memory",
                                                                                                                                                        "Plans": [
                                                                                                                                                            {
                                                                                                                                                                "Node Type": "Seq Scan",
                                                                                                                                                                "Parent Relationship": "Outer",
                                                                                                                                                                "Parallel Aware": false,
                                                                                                                                                                "Relation Name": "complete_cast",
                                                                                                                                                                "Schema": "public",
                                                                                                                                                                "Alias": "cc",
                                                                                                                                                                "Startup Cost": 10000000000.0,
                                                                                                                                                                "Total Cost": 10000002081.86,
                                                                                                                                                                "Plan Rows": 135086,
                                                                                                                                                                "Plan Width": 12,
                                                                                                                                                                "Actual Startup Time": 0.009,
                                                                                                                                                                "Actual Total Time": 16.78,
                                                                                                                                                                "Actual Rows": 135086,
                                                                                                                                                                "Actual Loops": 1,
                                                                                                                                                                "Output": [
                                                                                                                                                                    "cc.movie_id",
                                                                                                                                                                    "cc.subject_id",
                                                                                                                                                                    "cc.status_id"
                                                                                                                                                                ]
                                                                                                                                                            }
                                                                                                                                                        ]
                                                                                                                                                    },
                                                                                                                                                    {
                                                                                                                                                        "Node Type": "Sort",
                                                                                                                                                        "Parent Relationship": "Inner",
                                                                                                                                                        "Parallel Aware": false,
                                                                                                                                                        "Startup Cost": 42226.82,
                                                                                                                                                        "Total Cost": 42711.89,
                                                                                                                                                        "Plan Rows": 194028,
                                                                                                                                                        "Plan Width": 13,
                                                                                                                                                        "Actual Startup Time": 214.541,
                                                                                                                                                        "Actual Total Time": 223.537,
                                                                                                                                                        "Actual Rows": 208257,
                                                                                                                                                        "Actual Loops": 1,
                                                                                                                                                        "Output": [
                                                                                                                                                            "mi_idx.info",
                                                                                                                                                            "mi_idx.movie_id",
                                                                                                                                                            "mi_idx.info_type_id"
                                                                                                                                                        ],
                                                                                                                                                        "Sort Key": [
                                                                                                                                                            "mi_idx.movie_id"
                                                                                                                                                        ],
                                                                                                                                                        "Sort Method": "quicksort",
                                                                                                                                                        "Sort Space Used": 15241,
                                                                                                                                                        "Sort Space Type": "Memory",
                                                                                                                                                        "Plans": [
                                                                                                                                                            {
                                                                                                                                                                "Node Type": "Seq Scan",
                                                                                                                                                                "Parent Relationship": "Outer",
                                                                                                                                                                "Parallel Aware": false,
                                                                                                                                                                "Relation Name": "movie_info_idx",
                                                                                                                                                                "Schema": "public",
                                                                                                                                                                "Alias": "mi_idx",
                                                                                                                                                                "Startup Cost": 0.0,
                                                                                                                                                                "Total Cost": 25185.44,
                                                                                                                                                                "Plan Rows": 194028,
                                                                                                                                                                "Plan Width": 13,
                                                                                                                                                                "Actual Startup Time": 0.026,
                                                                                                                                                                "Actual Total Time": 169.383,
                                                                                                                                                                "Actual Rows": 192839,
                                                                                                                                                                "Actual Loops": 1,
                                                                                                                                                                "Output": [
                                                                                                                                                                    "mi_idx.info",
                                                                                                                                                                    "mi_idx.movie_id",
                                                                                                                                                                    "mi_idx.info_type_id"
                                                                                                                                                                ],
                                                                                                                                                                "Filter": "(mi_idx.info > '7.0'::text)",
                                                                                                                                                                "Rows Removed by Filter": 1187196
                                                                                                                                                            }
                                                                                                                                                        ]
                                                                                                                                                    }
                                                                                                                                                ]
                                                                                                                                            }
                                                                                                                                        ]
                                                                                                                                    }
                                                                                                                                ]
                                                                                                                            }
                                                                                                                        ]
                                                                                                                    }
                                                                                                                ]
                                                                                                            }
                                                                                                        ]
                                                                                                    }
                                                                                                ]
                                                                                            },
                                                                                            {
                                                                                                "Node Type": "Hash",
                                                                                                "Parent Relationship": "Inner",
                                                                                                "Parallel Aware": false,
                                                                                                "Startup Cost": 10000000012.2,
                                                                                                "Total Cost": 10000000012.2,
                                                                                                "Plan Rows": 1,
                                                                                                "Plan Width": 4,
                                                                                                "Actual Startup Time": 0.022,
                                                                                                "Actual Total Time": 0.022,
                                                                                                "Actual Rows": 2,
                                                                                                "Actual Loops": 1,
                                                                                                "Output": [
                                                                                                    "cct2.id"
                                                                                                ],
                                                                                                "Hash Buckets": 1024,
                                                                                                "Original Hash Buckets": 1024,
                                                                                                "Hash Batches": 1,
                                                                                                "Original Hash Batches": 1,
                                                                                                "Peak Memory Usage": 9,
                                                                                                "Plans": [
                                                                                                    {
                                                                                                        "Node Type": "Index Scan",
                                                                                                        "Parent Relationship": "Outer",
                                                                                                        "Parallel Aware": false,
                                                                                                        "Scan Direction": "Forward",
                                                                                                        "Index Name": "comp_cast_type_pkey",
                                                                                                        "Relation Name": "comp_cast_type",
                                                                                                        "Schema": "public",
                                                                                                        "Alias": "cct2",
                                                                                                        "Startup Cost": 10000000000.13,
                                                                                                        "Total Cost": 10000000012.2,
                                                                                                        "Plan Rows": 1,
                                                                                                        "Plan Width": 4,
                                                                                                        "Actual Startup Time": 0.019,
                                                                                                        "Actual Total Time": 0.02,
                                                                                                        "Actual Rows": 2,
                                                                                                        "Actual Loops": 1,
                                                                                                        "Output": [
                                                                                                            "cct2.id"
                                                                                                        ],
                                                                                                        "Filter": "((cct2.kind)::text ~~ '%complete%'::text)",
                                                                                                        "Rows Removed by Filter": 2
                                                                                                    }
                                                                                                ]
                                                                                            }
                                                                                        ]
                                                                                    },
                                                                                    {
                                                                                        "Node Type": "Hash",
                                                                                        "Parent Relationship": "Inner",
                                                                                        "Parallel Aware": false,
                                                                                        "Startup Cost": 97288.49,
                                                                                        "Total Cost": 97288.49,
                                                                                        "Plan Rows": 4167549,
                                                                                        "Plan Width": 19,
                                                                                        "Actual Startup Time": 2104.024,
                                                                                        "Actual Total Time": 2104.024,
                                                                                        "Actual Rows": 4167491,
                                                                                        "Actual Loops": 1,
                                                                                        "Output": [
                                                                                            "n.name",
                                                                                            "n.id"
                                                                                        ],
                                                                                        "Hash Buckets": 4194304,
                                                                                        "Original Hash Buckets": 4194304,
                                                                                        "Hash Batches": 1,
                                                                                        "Original Hash Batches": 1,
                                                                                        "Peak Memory Usage": 248744,
                                                                                        "Plans": [
                                                                                            {
                                                                                                "Node Type": "Seq Scan",
                                                                                                "Parent Relationship": "Outer",
                                                                                                "Parallel Aware": false,
                                                                                                "Relation Name": "name",
                                                                                                "Schema": "public",
                                                                                                "Alias": "n",
                                                                                                "Startup Cost": 0.0,
                                                                                                "Total Cost": 97288.49,
                                                                                                "Plan Rows": 4167549,
                                                                                                "Plan Width": 19,
                                                                                                "Actual Startup Time": 0.017,
                                                                                                "Actual Total Time": 683.24,
                                                                                                "Actual Rows": 4167491,
                                                                                                "Actual Loops": 1,
                                                                                                "Output": [
                                                                                                    "n.name",
                                                                                                    "n.id"
                                                                                                ]
                                                                                            }
                                                                                        ]
                                                                                    }
                                                                                ]
                                                                            }
                                                                        ]
                                                                    }
                                                                ]
                                                            }
                                                        ]
                                                    }
                                                ]
                                            }
                                        ]
                                    }
                                ]
                            },
                            {
                                "Node Type": "Bitmap Heap Scan",
                                "Parent Relationship": "Inner",
                                "Parallel Aware": false,
                                "Relation Name": "movie_keyword",
                                "Schema": "public",
                                "Alias": "mk",
                                "Startup Cost": 0.79,
                                "Total Cost": 5.37,
                                "Plan Rows": 46,
                                "Plan Width": 8,
                                "Actual Startup Time": 0.017,
                                "Actual Total Time": 0.038,
                                "Actual Rows": 175,
                                "Actual Loops": 1870,
                                "Output": [
                                    "mk.id",
                                    "mk.movie_id",
                                    "mk.keyword_id"
                                ],
                                "Recheck Cond": "(mk.movie_id = ci.movie_id)",
                                "Rows Removed by Index Recheck": 0,
                                "Exact Heap Blocks": 3535,
                                "Lossy Heap Blocks": 0,
                                "Plans": [
                                    {
                                        "Node Type": "Bitmap Index Scan",
                                        "Parent Relationship": "Outer",
                                        "Parallel Aware": false,
                                        "Index Name": "movie_id_movie_keyword",
                                        "Startup Cost": 0.0,
                                        "Total Cost": 0.78,
                                        "Plan Rows": 46,
                                        "Plan Width": 0,
                                        "Actual Startup Time": 0.013,
                                        "Actual Total Time": 0.013,
                                        "Actual Rows": 175,
                                        "Actual Loops": 1870,
                                        "Index Cond": "(mk.movie_id = ci.movie_id)"
                                    }
                                ]
                            }
                        ]
                    },
                    {
                        "Node Type": "Bitmap Heap Scan",
                        "Parent Relationship": "Inner",
                        "Parallel Aware": false,
                        "Relation Name": "keyword",
                        "Schema": "public",
                        "Alias": "k",
                        "Startup Cost": 0.43,
                        "Total Cost": 4.45,
                        "Plan Rows": 1,
                        "Plan Width": 4,
                        "Actual Startup Time": 0.003,
                        "Actual Total Time": 0.003,
                        "Actual Rows": 0,
                        "Actual Loops": 326837,
                        "Output": [
                            "k.id",
                            "k.keyword",
                            "k.phonetic_code"
                        ],
                        "Recheck Cond": "(k.id = mk.keyword_id)",
                        "Rows Removed by Index Recheck": 0,
                        "Filter": "(k.keyword = ANY ('{gore,second-part,fight,tv-special,female-nudity,violence,based-on-comic,superhero,revenge,tv-special}'::text[]))",
                        "Rows Removed by Filter": 1,
                        "Exact Heap Blocks": 326837,
                        "Lossy Heap Blocks": 0,
                        "Plans": [
                            {
                                "Node Type": "Bitmap Index Scan",
                                "Parent Relationship": "Outer",
                                "Parallel Aware": false,
                                "Index Name": "keyword_pkey",
                                "Startup Cost": 0.0,
                                "Total Cost": 0.43,
                                "Plan Rows": 1,
                                "Plan Width": 0,
                                "Actual Startup Time": 0.002,
                                "Actual Total Time": 0.002,
                                "Actual Rows": 1,
                                "Actual Loops": 326837,
                                "Index Cond": "(k.id = mk.keyword_id)"
                            }
                        ]
                    }
                ]
            }
        ]
    },
    "Planning Time": 34.766,
    "Triggers": [],
    "Execution Time": 12815.569
}