{
  "Plan": {
    "Node Type": "Aggregate",
    "Strategy": "Plain",
    "Partial Mode": "Finalize",
    "Parallel Aware": false,
    "Startup Cost": 51877.5,
    "Total Cost": 51877.51,
    "Plan Rows": 1,
    "Plan Width": 8,
    "Actual Startup Time": 52.777,
    "Actual Total Time": 60.849,
    "Actual Rows": 1,
    "Actual Loops": 1,
    "Plans": [
      {
        "Node Type": "Gather",
        "Parent Relationship": "Outer",
        "Parallel Aware": false,
        "Startup Cost": 51877.39,
        "Total Cost": 51877.5,
        "Plan Rows": 1,
        "Plan Width": 8,
        "Actual Startup Time": 52.674,
        "Actual Total Time": 60.844,
        "Actual Rows": 2,
        "Actual Loops": 1,
        "Workers Planned": 1,
        "Workers Launched": 1,
        "Single Copy": false,
        "Plans": [
          {
            "Node Type": "Aggregate",
            "Strategy": "Plain",
            "Partial Mode": "Partial",
            "Parent Relationship": "Outer",
            "Parallel Aware": false,
            "Startup Cost": 50877.39,
            "Total Cost": 50877.4,
            "Plan Rows": 1,
            "Plan Width": 8,
            "Actual Startup Time": 46.544,
            "Actual Total Time": 46.546,
            "Actual Rows": 1,
            "Actual Loops": 2,
            "Plans": [
              {
                "Node Type": "Nested Loop",
                "Parent Relationship": "Outer",
                "Parallel Aware": false,
                "Join Type": "Inner",
                "Startup Cost": 182.31,
                "Total Cost": 50864.97,
                "Plan Rows": 4968,
                "Plan Width": 0,
                "Actual Startup Time": 4.549,
                "Actual Total Time": 46.039,
                "Actual Rows": 4168,
                "Actual Loops": 2,
                "Inner Unique": true,
                "Plans": [
                  {
                    "Node Type": "Bitmap Heap Scan",
                    "Parent Relationship": "Outer",
                    "Parallel Aware": true,
                    "Relation Name": "movie_keyword",
                    "Alias": "mk",
                    "Startup Cost": 181.88,
                    "Total Cost": 17326.62,
                    "Plan Rows": 4968,
                    "Plan Width": 4,
                    "Actual Startup Time": 4.392,
                    "Actual Total Time": 16.87,
                    "Actual Rows": 4168,
                    "Actual Loops": 2,
                    "Recheck Cond": "(keyword_id = 865)",
                    "Rows Removed by Index Recheck": 0,
                    "Exact Heap Blocks": 5668,
                    "Lossy Heap Blocks": 0,
                    "Plans": [
                      {
                        "Node Type": "Bitmap Index Scan",
                        "Parent Relationship": "Outer",
                        "Parallel Aware": false,
                        "Index Name": "keyword_id_movie_keyword",
                        "Startup Cost": 0.0,
                        "Total Cost": 179.77,
                        "Plan Rows": 8445,
                        "Plan Width": 0,
                        "Actual Startup Time": 4.974,
                        "Actual Total Time": 4.975,
                        "Actual Rows": 8337,
                        "Actual Loops": 1,
                        "Index Cond": "(keyword_id = 865)"
                      }
                    ]
                  },
                  {
                    "Node Type": "Index Only Scan",
                    "Parent Relationship": "Inner",
                    "Parallel Aware": false,
                    "Scan Direction": "Forward",
                    "Index Name": "title_pkey",
                    "Relation Name": "title",
                    "Alias": "t",
                    "Startup Cost": 0.43,
                    "Total Cost": 6.75,
                    "Plan Rows": 1,
                    "Plan Width": 4,
                    "Actual Startup Time": 0.006,
                    "Actual Total Time": 0.006,
                    "Actual Rows": 1,
                    "Actual Loops": 8337,
                    "Index Cond": "(id = mk.movie_id)",
                    "Rows Removed by Index Recheck": 0,
                    "Heap Fetches": 8337
                  }
                ]
              }
            ]
          }
        ]
      }
    ]
  },
  "Planning Time": 0.551,
  "Triggers": [],
  "Execution Time": 60.926
}