[
  {
    "Plan": {
      "Node Type": "Aggregate",
      "Strategy": "Plain",
      "Partial Mode": "Finalize",
      "Parallel Aware": false,
      "Startup Cost": 32377.1,
      "Total Cost": 32377.11,
      "Plan Rows": 1,
      "Plan Width": 8,
      "Actual Startup Time": 139.136,
      "Actual Total Time": 147.923,
      "Actual Rows": 1,
      "Actual Loops": 1,
      "Plans": [
        {
          "Node Type": "Gather",
          "Parent Relationship": "Outer",
          "Parallel Aware": false,
          "Startup Cost": 32376.78,
          "Total Cost": 32377.09,
          "Plan Rows": 3,
          "Plan Width": 8,
          "Actual Startup Time": 139.028,
          "Actual Total Time": 147.914,
          "Actual Rows": 4,
          "Actual Loops": 1,
          "Workers Planned": 3,
          "Workers Launched": 3,
          "Single Copy": false,
          "Plans": [
            {
              "Node Type": "Aggregate",
              "Strategy": "Plain",
              "Partial Mode": "Partial",
              "Parent Relationship": "Outer",
              "Parallel Aware": false,
              "Startup Cost": 31376.78,
              "Total Cost": 31376.79,
              "Plan Rows": 1,
              "Plan Width": 8,
              "Actual Startup Time": 130.687,
              "Actual Total Time": 130.688,
              "Actual Rows": 1,
              "Actual Loops": 4,
              "Plans": [
                {
                  "Node Type": "Seq Scan",
                  "Parent Relationship": "Outer",
                  "Parallel Aware": true,
                  "Relation Name": "movie_companies",
                  "Alias": "mc",
                  "Startup Cost": 0.0,
                  "Total Cost": 29310.68,
                  "Plan Rows": 826441,
                  "Plan Width": 0,
                  "Actual Startup Time": 0.05,
                  "Actual Total Time": 94.951,
                  "Actual Rows": 641168,
                  "Actual Loops": 4,
                  "Filter": "(company_id < 195848)",
                  "Rows Removed by Filter": 11114
                }
              ]
            }
          ]
        }
      ]
    },
    "Planning Time": 0.166,
    "Triggers": [],
    "Execution Time": 147.981
  }
]