{
    "Plan": {
        "Node Type": "Aggregate",
        "Strategy": "Plain",
        "Partial Mode": "Finalize",
        "Parallel Aware": false,
        "Startup Cost": 445693.68,
        "Total Cost": 445693.69,
        "Plan Rows": 1,
        "Plan Width": 8,
        "Actual Startup Time": 2960.67,
        "Actual Total Time": 3010.497,
        "Actual Rows": 1,
        "Actual Loops": 1,
        "Output": [
            "count(*)"
        ],
        "Plans": [
            {
                "Node Type": "Gather",
                "Parent Relationship": "Outer",
                "Parallel Aware": false,
                "Startup Cost": 445693.06,
                "Total Cost": 445693.67,
                "Plan Rows": 6,
                "Plan Width": 8,
                "Actual Startup Time": 2949.059,
                "Actual Total Time": 3010.485,
                "Actual Rows": 7,
                "Actual Loops": 1,
                "Output": [
                    "(PARTIAL count(*))"
                ],
                "Workers Planned": 6,
                "Workers Launched": 6,
                "Single Copy": false,
                "Plans": [
                    {
                        "Node Type": "Aggregate",
                        "Strategy": "Plain",
                        "Partial Mode": "Partial",
                        "Parent Relationship": "Outer",
                        "Parallel Aware": false,
                        "Startup Cost": 444693.06,
                        "Total Cost": 444693.07,
                        "Plan Rows": 1,
                        "Plan Width": 8,
                        "Actual Startup Time": 2937.77,
                        "Actual Total Time": 2938.085,
                        "Actual Rows": 1,
                        "Actual Loops": 7,
                        "Output": [
                            "PARTIAL count(*)"
                        ],
                        "Workers": [
                            {
                                "Worker Number": 0,
                                "Actual Startup Time": 2937.689,
                                "Actual Total Time": 2937.695,
                                "Actual Rows": 1,
                                "Actual Loops": 1
                            },
                            {
                                "Worker Number": 1,
                                "Actual Startup Time": 2935.464,
                                "Actual Total Time": 2935.47,
                                "Actual Rows": 1,
                                "Actual Loops": 1
                            },
                            {
                                "Worker Number": 2,
                                "Actual Startup Time": 2935.771,
                                "Actual Total Time": 2935.776,
                                "Actual Rows": 1,
                                "Actual Loops": 1
                            },
                            {
                                "Worker Number": 3,
                                "Actual Startup Time": 2935.905,
                                "Actual Total Time": 2935.91,
                                "Actual Rows": 1,
                                "Actual Loops": 1
                            },
                            {
                                "Worker Number": 4,
                                "Actual Startup Time": 2935.8,
                                "Actual Total Time": 2935.805,
                                "Actual Rows": 1,
                                "Actual Loops": 1
                            },
                            {
                                "Worker Number": 5,
                                "Actual Startup Time": 2935.784,
                                "Actual Total Time": 2935.79,
                                "Actual Rows": 1,
                                "Actual Loops": 1
                            }
                        ],
                        "Plans": [
                            {
                                "Node Type": "Hash Join",
                                "Parent Relationship": "Outer",
                                "Parallel Aware": true,
                                "Join Type": "Inner",
                                "Startup Cost": 95630.59,
                                "Total Cost": 438887.68,
                                "Plan Rows": 2322151,
                                "Plan Width": 0,
                                "Actual Startup Time": 403.152,
                                "Actual Total Time": 2617.587,
                                "Actual Rows": 7207241,
                                "Actual Loops": 7,
                                "Inner Unique": false,
                                "Hash Cond": "(ci.movie_id = t.id)",
                                "Workers": [
                                    {
                                        "Worker Number": 0,
                                        "Actual Startup Time": 400.955,
                                        "Actual Total Time": 2604.335,
                                        "Actual Rows": 6195108,
                                        "Actual Loops": 1
                                    },
                                    {
                                        "Worker Number": 1,
                                        "Actual Startup Time": 401.213,
                                        "Actual Total Time": 2607.182,
                                        "Actual Rows": 6111826,
                                        "Actual Loops": 1
                                    },
                                    {
                                        "Worker Number": 2,
                                        "Actual Startup Time": 401.472,
                                        "Actual Total Time": 2627.483,
                                        "Actual Rows": 8032345,
                                        "Actual Loops": 1
                                    },
                                    {
                                        "Worker Number": 3,
                                        "Actual Startup Time": 401.661,
                                        "Actual Total Time": 2635.934,
                                        "Actual Rows": 7735744,
                                        "Actual Loops": 1
                                    },
                                    {
                                        "Worker Number": 4,
                                        "Actual Startup Time": 401.576,
                                        "Actual Total Time": 2625.757,
                                        "Actual Rows": 8076553,
                                        "Actual Loops": 1
                                    },
                                    {
                                        "Worker Number": 5,
                                        "Actual Startup Time": 401.54,
                                        "Actual Total Time": 2601.0,
                                        "Actual Rows": 6146011,
                                        "Actual Loops": 1
                                    }
                                ],
                                "Plans": [
                                    {
                                        "Node Type": "Seq Scan",
                                        "Parent Relationship": "Outer",
                                        "Parallel Aware": true,
                                        "Relation Name": "cast_info",
                                        "Schema": "public",
                                        "Alias": "ci",
                                        "Startup Cost": 0.0,
                                        "Total Cost": 313108.29,
                                        "Plan Rows": 6042129,
                                        "Plan Width": 4,
                                        "Actual Startup Time": 0.026,
                                        "Actual Total Time": 561.327,
                                        "Actual Rows": 5177763,
                                        "Actual Loops": 7,
                                        "Output": [
                                            "ci.id",
                                            "ci.person_id",
                                            "ci.movie_id",
                                            "ci.person_role_id",
                                            "ci.note",
                                            "ci.nr_order",
                                            "ci.role_id"
                                        ],
                                        "Workers": [
                                            {
                                                "Worker Number": 0,
                                                "Actual Startup Time": 0.036,
                                                "Actual Total Time": 576.791,
                                                "Actual Rows": 4464814,
                                                "Actual Loops": 1
                                            },
                                            {
                                                "Worker Number": 1,
                                                "Actual Startup Time": 0.028,
                                                "Actual Total Time": 587.996,
                                                "Actual Rows": 4412952,
                                                "Actual Loops": 1
                                            },
                                            {
                                                "Worker Number": 2,
                                                "Actual Startup Time": 0.023,
                                                "Actual Total Time": 565.266,
                                                "Actual Rows": 5772539,
                                                "Actual Loops": 1
                                            },
                                            {
                                                "Worker Number": 3,
                                                "Actual Startup Time": 0.035,
                                                "Actual Total Time": 584.301,
                                                "Actual Rows": 5521436,
                                                "Actual Loops": 1
                                            },
                                            {
                                                "Worker Number": 4,
                                                "Actual Startup Time": 0.022,
                                                "Actual Total Time": 562.098,
                                                "Actual Rows": 5774074,
                                                "Actual Loops": 1
                                            },
                                            {
                                                "Worker Number": 5,
                                                "Actual Startup Time": 0.026,
                                                "Actual Total Time": 577.046,
                                                "Actual Rows": 4442643,
                                                "Actual Loops": 1
                                            }
                                        ]
                                    },
                                    {
                                        "Node Type": "Hash",
                                        "Parent Relationship": "Inner",
                                        "Parallel Aware": true,
                                        "Startup Cost": 91712.44,
                                        "Total Cost": 91712.44,
                                        "Plan Rows": 313452,
                                        "Plan Width": 8,
                                        "Actual Startup Time": 399.768,
                                        "Actual Total Time": 400.082,
                                        "Actual Rows": 190699,
                                        "Actual Loops": 7,
                                        "Output": [
                                            "t.id",
                                            "mk.movie_id"
                                        ],
                                        "Hash Buckets": 2097152,
                                        "Original Hash Buckets": 1048576,
                                        "Hash Batches": 1,
                                        "Original Hash Batches": 1,
                                        "Peak Memory Usage": 76896,
                                        "Workers": [
                                            {
                                                "Worker Number": 0,
                                                "Actual Startup Time": 400.253,
                                                "Actual Total Time": 400.256,
                                                "Actual Rows": 156961,
                                                "Actual Loops": 1
                                            },
                                            {
                                                "Worker Number": 1,
                                                "Actual Startup Time": 400.457,
                                                "Actual Total Time": 400.462,
                                                "Actual Rows": 148893,
                                                "Actual Loops": 1
                                            },
                                            {
                                                "Worker Number": 2,
                                                "Actual Startup Time": 400.753,
                                                "Actual Total Time": 400.757,
                                                "Actual Rows": 219493,
                                                "Actual Loops": 1
                                            },
                                            {
                                                "Worker Number": 3,
                                                "Actual Startup Time": 400.915,
                                                "Actual Total Time": 400.919,
                                                "Actual Rows": 206606,
                                                "Actual Loops": 1
                                            },
                                            {
                                                "Worker Number": 4,
                                                "Actual Startup Time": 400.643,
                                                "Actual Total Time": 400.646,
                                                "Actual Rows": 219205,
                                                "Actual Loops": 1
                                            },
                                            {
                                                "Worker Number": 5,
                                                "Actual Startup Time": 400.782,
                                                "Actual Total Time": 400.787,
                                                "Actual Rows": 150348,
                                                "Actual Loops": 1
                                            }
                                        ],
                                        "Plans": [
                                            {
                                                "Node Type": "Hash Join",
                                                "Parent Relationship": "Outer",
                                                "Parallel Aware": true,
                                                "Join Type": "Inner",
                                                "Startup Cost": 46674.46,
                                                "Total Cost": 91712.44,
                                                "Plan Rows": 313452,
                                                "Plan Width": 8,
                                                "Actual Startup Time": 148.111,
                                                "Actual Total Time": 310.699,
                                                "Actual Rows": 190699,
                                                "Actual Loops": 7,
                                                "Output": [
                                                    "t.id",
                                                    "mk.movie_id"
                                                ],
                                                "Inner Unique": true,
                                                "Hash Cond": "(mk.movie_id = t.id)",
                                                "Workers": [
                                                    {
                                                        "Worker Number": 0,
                                                        "Actual Startup Time": 148.139,
                                                        "Actual Total Time": 311.411,
                                                        "Actual Rows": 156961,
                                                        "Actual Loops": 1
                                                    },
                                                    {
                                                        "Worker Number": 1,
                                                        "Actual Startup Time": 148.125,
                                                        "Actual Total Time": 311.216,
                                                        "Actual Rows": 148893,
                                                        "Actual Loops": 1
                                                    },
                                                    {
                                                        "Worker Number": 2,
                                                        "Actual Startup Time": 148.044,
                                                        "Actual Total Time": 309.554,
                                                        "Actual Rows": 219493,
                                                        "Actual Loops": 1
                                                    },
                                                    {
                                                        "Worker Number": 3,
                                                        "Actual Startup Time": 148.073,
                                                        "Actual Total Time": 311.157,
                                                        "Actual Rows": 206606,
                                                        "Actual Loops": 1
                                                    },
                                                    {
                                                        "Worker Number": 4,
                                                        "Actual Startup Time": 148.053,
                                                        "Actual Total Time": 310.655,
                                                        "Actual Rows": 219205,
                                                        "Actual Loops": 1
                                                    },
                                                    {
                                                        "Worker Number": 5,
                                                        "Actual Startup Time": 148.173,
                                                        "Actual Total Time": 310.724,
                                                        "Actual Rows": 150348,
                                                        "Actual Loops": 1
                                                    }
                                                ],
                                                "Plans": [
                                                    {
                                                        "Node Type": "Seq Scan",
                                                        "Parent Relationship": "Outer",
                                                        "Parallel Aware": true,
                                                        "Relation Name": "movie_keyword",
                                                        "Schema": "public",
                                                        "Alias": "mk",
                                                        "Startup Cost": 0.0,
                                                        "Total Cost": 42695.65,
                                                        "Plan Rows": 892318,
                                                        "Plan Width": 4,
                                                        "Actual Startup Time": 0.017,
                                                        "Actual Total Time": 90.682,
                                                        "Actual Rows": 398243,
                                                        "Actual Loops": 7,
                                                        "Output": [
                                                            "mk.id",
                                                            "mk.movie_id",
                                                            "mk.keyword_id"
                                                        ],
                                                        "Filter": "(mk.keyword_id < 8107)",
                                                        "Rows Removed by Filter": 248032,
                                                        "Workers": [
                                                            {
                                                                "Worker Number": 0,
                                                                "Actual Startup Time": 0.02,
                                                                "Actual Total Time": 93.332,
                                                                "Actual Rows": 323627,
                                                                "Actual Loops": 1
                                                            },
                                                            {
                                                                "Worker Number": 1,
                                                                "Actual Startup Time": 0.027,
                                                                "Actual Total Time": 93.605,
                                                                "Actual Rows": 314699,
                                                                "Actual Loops": 1
                                                            },
                                                            {
                                                                "Worker Number": 2,
                                                                "Actual Startup Time": 0.014,
                                                                "Actual Total Time": 91.2,
                                                                "Actual Rows": 453425,
                                                                "Actual Loops": 1
                                                            },
                                                            {
                                                                "Worker Number": 3,
                                                                "Actual Startup Time": 0.018,
                                                                "Actual Total Time": 92.465,
                                                                "Actual Rows": 426876,
                                                                "Actual Loops": 1
                                                            },
                                                            {
                                                                "Worker Number": 4,
                                                                "Actual Startup Time": 0.013,
                                                                "Actual Total Time": 91.311,
                                                                "Actual Rows": 456360,
                                                                "Actual Loops": 1
                                                            },
                                                            {
                                                                "Worker Number": 5,
                                                                "Actual Startup Time": 0.018,
                                                                "Actual Total Time": 92.968,
                                                                "Actual Rows": 315902,
                                                                "Actual Loops": 1
                                                            }
                                                        ]
                                                    },
                                                    {
                                                        "Node Type": "Hash",
                                                        "Parent Relationship": "Inner",
                                                        "Parallel Aware": true,
                                                        "Startup Cost": 43899.01,
                                                        "Total Cost": 43899.01,
                                                        "Plan Rows": 222036,
                                                        "Plan Width": 4,
                                                        "Actual Startup Time": 146.487,
                                                        "Actual Total Time": 146.489,
                                                        "Actual Rows": 126521,
                                                        "Actual Loops": 7,
                                                        "Output": [
                                                            "t.id"
                                                        ],
                                                        "Hash Buckets": 1048576,
                                                        "Original Hash Buckets": 1048576,
                                                        "Hash Batches": 1,
                                                        "Original Hash Batches": 1,
                                                        "Peak Memory Usage": 42976,
                                                        "Workers": [
                                                            {
                                                                "Worker Number": 0,
                                                                "Actual Startup Time": 147.929,
                                                                "Actual Total Time": 147.93,
                                                                "Actual Rows": 97879,
                                                                "Actual Loops": 1
                                                            },
                                                            {
                                                                "Worker Number": 1,
                                                                "Actual Startup Time": 147.896,
                                                                "Actual Total Time": 147.897,
                                                                "Actual Rows": 94383,
                                                                "Actual Loops": 1
                                                            },
                                                            {
                                                                "Worker Number": 2,
                                                                "Actual Startup Time": 147.903,
                                                                "Actual Total Time": 147.903,
                                                                "Actual Rows": 129102,
                                                                "Actual Loops": 1
                                                            },
                                                            {
                                                                "Worker Number": 3,
                                                                "Actual Startup Time": 147.947,
                                                                "Actual Total Time": 147.949,
                                                                "Actual Rows": 122770,
                                                                "Actual Loops": 1
                                                            },
                                                            {
                                                                "Worker Number": 4,
                                                                "Actual Startup Time": 147.928,
                                                                "Actual Total Time": 147.929,
                                                                "Actual Rows": 128562,
                                                                "Actual Loops": 1
                                                            },
                                                            {
                                                                "Worker Number": 5,
                                                                "Actual Startup Time": 147.911,
                                                                "Actual Total Time": 147.912,
                                                                "Actual Rows": 124550,
                                                                "Actual Loops": 1
                                                            }
                                                        ],
                                                        "Plans": [
                                                            {
                                                                "Node Type": "Seq Scan",
                                                                "Parent Relationship": "Outer",
                                                                "Parallel Aware": true,
                                                                "Relation Name": "title",
                                                                "Schema": "public",
                                                                "Alias": "t",
                                                                "Startup Cost": 0.0,
                                                                "Total Cost": 43899.01,
                                                                "Plan Rows": 222036,
                                                                "Plan Width": 4,
                                                                "Actual Startup Time": 0.069,
                                                                "Actual Total Time": 80.054,
                                                                "Actual Rows": 126521,
                                                                "Actual Loops": 7,
                                                                "Output": [
                                                                    "t.id"
                                                                ],
                                                                "Filter": "(t.production_year < 1997)",
                                                                "Rows Removed by Filter": 234666,
                                                                "Workers": [
                                                                    {
                                                                        "Worker Number": 0,
                                                                        "Actual Startup Time": 0.085,
                                                                        "Actual Total Time": 83.204,
                                                                        "Actual Rows": 97879,
                                                                        "Actual Loops": 1
                                                                    },
                                                                    {
                                                                        "Worker Number": 1,
                                                                        "Actual Startup Time": 0.085,
                                                                        "Actual Total Time": 81.845,
                                                                        "Actual Rows": 94383,
                                                                        "Actual Loops": 1
                                                                    },
                                                                    {
                                                                        "Worker Number": 2,
                                                                        "Actual Startup Time": 0.084,
                                                                        "Actual Total Time": 80.429,
                                                                        "Actual Rows": 129102,
                                                                        "Actual Loops": 1
                                                                    },
                                                                    {
                                                                        "Worker Number": 3,
                                                                        "Actual Startup Time": 0.079,
                                                                        "Actual Total Time": 81.513,
                                                                        "Actual Rows": 122770,
                                                                        "Actual Loops": 1
                                                                    },
                                                                    {
                                                                        "Worker Number": 4,
                                                                        "Actual Startup Time": 0.065,
                                                                        "Actual Total Time": 80.742,
                                                                        "Actual Rows": 128562,
                                                                        "Actual Loops": 1
                                                                    },
                                                                    {
                                                                        "Worker Number": 5,
                                                                        "Actual Startup Time": 0.067,
                                                                        "Actual Total Time": 79.748,
                                                                        "Actual Rows": 124550,
                                                                        "Actual Loops": 1
                                                                    }
                                                                ]
                                                            }
                                                        ]
                                                    }
                                                ]
                                            }
                                        ]
                                    }
                                ]
                            }
                        ]
                    }
                ]
            }
        ]
    },
    "Planning Time": 1.452,
    "Triggers": [],
    "Execution Time": 3010.602
}