[
  {
    "Plan": {
      "Node Type": "Aggregate",
      "Strategy": "Plain",
      "Partial Mode": "Finalize",
      "Parallel Aware": false,
      "Startup Cost": 32789.38,
      "Total Cost": 32789.39,
      "Plan Rows": 1,
      "Plan Width": 8,
      "Actual Startup Time": 86.023,
      "Actual Total Time": 93.324,
      "Actual Rows": 1,
      "Actual Loops": 1,
      "Plans": [
        {
          "Node Type": "Gather",
          "Parent Relationship": "Outer",
          "Parallel Aware": false,
          "Startup Cost": 32789.06,
          "Total Cost": 32789.37,
          "Plan Rows": 3,
          "Plan Width": 8,
          "Actual Startup Time": 85.857,
          "Actual Total Time": 93.315,
          "Actual Rows": 4,
          "Actual Loops": 1,
          "Workers Planned": 3,
          "Workers Launched": 3,
          "Single Copy": false,
          "Plans": [
            {
              "Node Type": "Aggregate",
              "Strategy": "Plain",
              "Partial Mode": "Partial",
              "Parent Relationship": "Outer",
              "Parallel Aware": false,
              "Startup Cost": 31789.06,
              "Total Cost": 31789.07,
              "Plan Rows": 1,
              "Plan Width": 8,
              "Actual Startup Time": 79.247,
              "Actual Total Time": 79.249,
              "Actual Rows": 1,
              "Actual Loops": 4,
              "Plans": [
                {
                  "Node Type": "Seq Scan",
                  "Parent Relationship": "Outer",
                  "Parallel Aware": true,
                  "Relation Name": "movie_companies",
                  "Alias": "mc",
                  "Startup Cost": 0.0,
                  "Total Cost": 31414.82,
                  "Plan Rows": 149696,
                  "Plan Width": 0,
                  "Actual Startup Time": 0.05,
                  "Actual Total Time": 69.799,
                  "Actual Rows": 167227,
                  "Actual Loops": 4,
                  "Filter": "((company_id < 3678) AND (company_type_id = 1))",
                  "Rows Removed by Filter": 485055
                }
              ]
            }
          ]
        }
      ]
    },
    "Planning Time": 0.107,
    "Triggers": [],
    "Execution Time": 93.354
  }
]