[
  {
    "Plan": {
      "Node Type": "Aggregate",
      "Strategy": "Plain",
      "Partial Mode": "Finalize",
      "Parallel Aware": false,
      "Startup Cost": 33231.36,
      "Total Cost": 33231.37,
      "Plan Rows": 1,
      "Plan Width": 8,
      "Actual Startup Time": 94.678,
      "Actual Total Time": 102.8,
      "Actual Rows": 1,
      "Actual Loops": 1,
      "Plans": [
        {
          "Node Type": "Gather",
          "Parent Relationship": "Outer",
          "Parallel Aware": false,
          "Startup Cost": 33231.04,
          "Total Cost": 33231.35,
          "Plan Rows": 3,
          "Plan Width": 8,
          "Actual Startup Time": 94.522,
          "Actual Total Time": 102.79,
          "Actual Rows": 4,
          "Actual Loops": 1,
          "Workers Planned": 3,
          "Workers Launched": 3,
          "Single Copy": false,
          "Plans": [
            {
              "Node Type": "Aggregate",
              "Strategy": "Plain",
              "Partial Mode": "Partial",
              "Parent Relationship": "Outer",
              "Parallel Aware": false,
              "Startup Cost": 32231.04,
              "Total Cost": 32231.05,
              "Plan Rows": 1,
              "Plan Width": 8,
              "Actual Startup Time": 90.881,
              "Actual Total Time": 90.882,
              "Actual Rows": 1,
              "Actual Loops": 4,
              "Plans": [
                {
                  "Node Type": "Seq Scan",
                  "Parent Relationship": "Outer",
                  "Parallel Aware": true,
                  "Relation Name": "movie_companies",
                  "Alias": "mc",
                  "Startup Cost": 0.0,
                  "Total Cost": 31414.82,
                  "Plan Rows": 326490,
                  "Plan Width": 0,
                  "Actual Startup Time": 0.132,
                  "Actual Total Time": 79.532,
                  "Actual Rows": 220920,
                  "Actual Loops": 4,
                  "Filter": "((company_id > 515) AND (company_type_id = 1))",
                  "Rows Removed by Filter": 431363
                }
              ]
            }
          ]
        }
      ]
    },
    "Planning Time": 0.108,
    "Triggers": [],
    "Execution Time": 102.84
  }
]