[
  {
    "Plan": {
      "Node Type": "Aggregate",
      "Strategy": "Plain",
      "Partial Mode": "Finalize",
      "Parallel Aware": false,
      "Startup Cost": 33087.28,
      "Total Cost": 33087.29,
      "Plan Rows": 1,
      "Plan Width": 8,
      "Actual Startup Time": 79.288,
      "Actual Total Time": 83.821,
      "Actual Rows": 1,
      "Actual Loops": 1,
      "Plans": [
        {
          "Node Type": "Gather",
          "Parent Relationship": "Outer",
          "Parallel Aware": false,
          "Startup Cost": 33086.96,
          "Total Cost": 33087.27,
          "Plan Rows": 3,
          "Plan Width": 8,
          "Actual Startup Time": 79.185,
          "Actual Total Time": 83.813,
          "Actual Rows": 4,
          "Actual Loops": 1,
          "Workers Planned": 3,
          "Workers Launched": 3,
          "Single Copy": false,
          "Plans": [
            {
              "Node Type": "Aggregate",
              "Strategy": "Plain",
              "Partial Mode": "Partial",
              "Parent Relationship": "Outer",
              "Parallel Aware": false,
              "Startup Cost": 32086.96,
              "Total Cost": 32086.97,
              "Plan Rows": 1,
              "Plan Width": 8,
              "Actual Startup Time": 74.722,
              "Actual Total Time": 74.723,
              "Actual Rows": 1,
              "Actual Loops": 4,
              "Plans": [
                {
                  "Node Type": "Seq Scan",
                  "Parent Relationship": "Outer",
                  "Parallel Aware": true,
                  "Relation Name": "movie_companies",
                  "Alias": "mc",
                  "Startup Cost": 0.0,
                  "Total Cost": 31414.82,
                  "Plan Rows": 268858,
                  "Plan Width": 0,
                  "Actual Startup Time": 1.022,
                  "Actual Total Time": 67.224,
                  "Actual Rows": 158582,
                  "Actual Loops": 4,
                  "Filter": "((company_id > 2936) AND (company_type_id = 1))",
                  "Rows Removed by Filter": 493700
                }
              ]
            }
          ]
        }
      ]
    },
    "Planning Time": 0.11,
    "Triggers": [],
    "Execution Time": 83.853
  }
]