[
  {
    "Bao": {
      "Bao prediction": 1392.069,
      "Bao recommended hint": "SET enable_nestloop TO off; SET enable_mergejoin TO off; SET enable_indexscan TO off; "
    }
  },
  {
    "Plan": {
      "Node Type": "Aggregate",
      "Strategy": "Plain",
      "Partial Mode": "Finalize",
      "Parallel Aware": false,
      "Startup Cost": 349009.43,
      "Total Cost": 349009.44,
      "Plan Rows": 1,
      "Plan Width": 96,
      "Actual Startup Time": 2154.721,
      "Actual Total Time": 2196.507,
      "Actual Rows": 1,
      "Actual Loops": 1,
      "Plans": [
        {
          "Node Type": "Gather",
          "Parent Relationship": "Outer",
          "Parallel Aware": false,
          "Startup Cost": 349009.32,
          "Total Cost": 349009.43,
          "Plan Rows": 1,
          "Plan Width": 96,
          "Actual Startup Time": 2154.522,
          "Actual Total Time": 2196.489,
          "Actual Rows": 2,
          "Actual Loops": 1,
          "Workers Planned": 1,
          "Workers Launched": 1,
          "Single Copy": false,
          "Plans": [
            {
              "Node Type": "Aggregate",
              "Strategy": "Plain",
              "Partial Mode": "Partial",
              "Parent Relationship": "Outer",
              "Parallel Aware": false,
              "Startup Cost": 348009.32,
              "Total Cost": 348009.33,
              "Plan Rows": 1,
              "Plan Width": 96,
              "Actual Startup Time": 2147.163,
              "Actual Total Time": 2147.179,
              "Actual Rows": 1,
              "Actual Loops": 2,
              "Plans": [
                {
                  "Node Type": "Hash Join",
                  "Parent Relationship": "Outer",
                  "Parallel Aware": false,
                  "Join Type": "Inner",
                  "Startup Cost": 342493.37,
                  "Total Cost": 348009.31,
                  "Plan Rows": 1,
                  "Plan Width": 48,
                  "Actual Startup Time": 2117.356,
                  "Actual Total Time": 2147.06,
                  "Actual Rows": 705,
                  "Actual Loops": 2,
                  "Inner Unique": true,
                  "Hash Cond": "(mc.company_type_id = ct.id)",
                  "Plans": [
                    {
                      "Node Type": "Hash Join",
                      "Parent Relationship": "Outer",
                      "Parallel Aware": true,
                      "Join Type": "Inner",
                      "Startup Cost": 342492.3,
                      "Total Cost": 348008.24,
                      "Plan Rows": 1,
                      "Plan Width": 52,
                      "Actual Startup Time": 2116.909,
                      "Actual Total Time": 2146.502,
                      "Actual Rows": 752,
                      "Actual Loops": 2,
                      "Inner Unique": false,
                      "Hash Cond": "(cn.id = mc.company_id)",
                      "Plans": [
                        {
                          "Node Type": "Seq Scan",
                          "Parent Relationship": "Outer",
                          "Parallel Aware": true,
                          "Relation Name": "company_name",
                          "Alias": "cn",
                          "Startup Cost": 0.0,
                          "Total Cost": 5414.09,
                          "Plan Rows": 27158,
                          "Plan Width": 23,
                          "Actual Startup Time": 0.049,
                          "Actual Total Time": 34.127,
                          "Actual Rows": 24151,
                          "Actual Loops": 2,
                          "Filter": "(((country_code)::text <> '[pl]'::text) AND ((name ~~ '%Film%'::text) OR (name ~~ '%Warner%'::text)))",
                          "Rows Removed by Filter": 93348
                        },
                        {
                          "Node Type": "Hash",
                          "Parent Relationship": "Inner",
                          "Parallel Aware": true,
                          "Startup Cost": 342492.29,
                          "Total Cost": 342492.29,
                          "Plan Rows": 1,
                          "Plan Width": 37,
                          "Actual Startup Time": 2109.274,
                          "Actual Total Time": 2109.287,
                          "Actual Rows": 1562,
                          "Actual Loops": 2,
                          "Hash Buckets": 4096,
                          "Original Hash Buckets": 1024,
                          "Hash Batches": 1,
                          "Original Hash Batches": 1,
                          "Peak Memory Usage": 312,
                          "Plans": [
                            {
                              "Node Type": "Hash Join",
                              "Parent Relationship": "Outer",
                              "Parallel Aware": true,
                              "Join Type": "Inner",
                              "Startup Cost": 313768.55,
                              "Total Cost": 342492.29,
                              "Plan Rows": 1,
                              "Plan Width": 37,
                              "Actual Startup Time": 1912.696,
                              "Actual Total Time": 2023.293,
                              "Actual Rows": 1562,
                              "Actual Loops": 2,
                              "Inner Unique": false,
                              "Hash Cond": "(mc.movie_id = ml.movie_id)",
                              "Plans": [
                                {
                                  "Node Type": "Seq Scan",
                                  "Parent Relationship": "Outer",
                                  "Parallel Aware": true,
                                  "Relation Name": "movie_companies",
                                  "Alias": "mc",
                                  "Startup Cost": 0.0,
                                  "Total Cost": 27206.55,
                                  "Plan Rows": 404583,
                                  "Plan Width": 12,
                                  "Actual Startup Time": 0.018,
                                  "Actual Total Time": 104.998,
                                  "Actual Rows": 635994,
                                  "Actual Loops": 2,
                                  "Filter": "(note IS NULL)",
                                  "Rows Removed by Filter": 668570
                                },
                                {
                                  "Node Type": "Hash",
                                  "Parent Relationship": "Inner",
                                  "Parallel Aware": true,
                                  "Startup Cost": 313768.54,
                                  "Total Cost": 313768.54,
                                  "Plan Rows": 1,
                                  "Plan Width": 45,
                                  "Actual Startup Time": 1885.544,
                                  "Actual Total Time": 1885.555,
                                  "Actual Rows": 258,
                                  "Actual Loops": 2,
                                  "Hash Buckets": 1024,
                                  "Original Hash Buckets": 1024,
                                  "Hash Batches": 1,
                                  "Original Hash Batches": 1,
                                  "Peak Memory Usage": 72,
                                  "Plans": [
                                    {
                                      "Node Type": "Hash Join",
                                      "Parent Relationship": "Outer",
                                      "Parallel Aware": false,
                                      "Join Type": "Inner",
                                      "Startup Cost": 267431.14,
                                      "Total Cost": 313768.54,
                                      "Plan Rows": 1,
                                      "Plan Width": 45,
                                      "Actual Startup Time": 1709.197,
                                      "Actual Total Time": 1885.462,
                                      "Actual Rows": 258,
                                      "Actual Loops": 2,
                                      "Inner Unique": false,
                                      "Hash Cond": "(t.id = ml.movie_id)",
                                      "Plans": [
                                        {
                                          "Node Type": "Hash Join",
                                          "Parent Relationship": "Outer",
                                          "Parallel Aware": true,
                                          "Join Type": "Inner",
                                          "Startup Cost": 266848.83,
                                          "Total Cost": 313186.18,
                                          "Plan Rows": 1,
                                          "Plan Width": 29,
                                          "Actual Startup Time": 1696.59,
                                          "Actual Total Time": 1872.69,
                                          "Actual Rows": 534,
                                          "Actual Loops": 2,
                                          "Inner Unique": false,
                                          "Hash Cond": "(t.id = mk.movie_id)",
                                          "Plans": [
                                            {
                                              "Node Type": "Seq Scan",
                                              "Parent Relationship": "Outer",
                                              "Parallel Aware": true,
                                              "Relation Name": "title",
                                              "Alias": "t",
                                              "Startup Cost": 0.0,
                                              "Total Cost": 45477.29,
                                              "Plan Rows": 229346,
                                              "Plan Width": 21,
                                              "Actual Startup Time": 0.007,
                                              "Actual Total Time": 142.592,
                                              "Actual Rows": 455290,
                                              "Actual Loops": 2,
                                              "Filter": "((production_year >= 1950) AND (production_year <= 2000))",
                                              "Rows Removed by Filter": 808866
                                            },
                                            {
                                              "Node Type": "Hash",
                                              "Parent Relationship": "Inner",
                                              "Parallel Aware": true,
                                              "Startup Cost": 266848.8,
                                              "Total Cost": 266848.8,
                                              "Plan Rows": 2,
                                              "Plan Width": 8,
                                              "Actual Startup Time": 1692.051,
                                              "Actual Total Time": 1692.057,
                                              "Actual Rows": 760,
                                              "Actual Loops": 2,
                                              "Hash Buckets": 1024,
                                              "Original Hash Buckets": 1024,
                                              "Hash Batches": 1,
                                              "Original Hash Batches": 1,
                                              "Peak Memory Usage": 72,
                                              "Plans": [
                                                {
                                                  "Node Type": "Hash Join",
                                                  "Parent Relationship": "Outer",
                                                  "Parallel Aware": true,
                                                  "Join Type": "Inner",
                                                  "Startup Cost": 45504.47,
                                                  "Total Cost": 266848.8,
                                                  "Plan Rows": 2,
                                                  "Plan Width": 8,
                                                  "Actual Startup Time": 379.768,
                                                  "Actual Total Time": 1691.69,
                                                  "Actual Rows": 760,
                                                  "Actual Loops": 2,
                                                  "Inner Unique": false,
                                                  "Hash Cond": "(mi.movie_id = mk.movie_id)",
                                                  "Plans": [
                                                    {
                                                      "Node Type": "Seq Scan",
                                                      "Parent Relationship": "Outer",
                                                      "Parallel Aware": true,
                                                      "Relation Name": "movie_info",
                                                      "Alias": "mi",
                                                      "Startup Cost": 0.0,
                                                      "Total Cost": 221259.28,
                                                      "Plan Rows": 22678,
                                                      "Plan Width": 4,
                                                      "Actual Startup Time": 0.758,
                                                      "Actual Total Time": 1304.974,
                                                      "Actual Rows": 76948,
                                                      "Actual Loops": 2,
                                                      "Filter": "(info = ANY ('{Sweden,Norway,Germany,Denmark,Swedish,Denish,Norwegian,German}'::text[]))",
                                                      "Rows Removed by Filter": 7340912
                                                    },
                                                    {
                                                      "Node Type": "Hash",
                                                      "Parent Relationship": "Inner",
                                                      "Parallel Aware": true,
                                                      "Startup Cost": 45504.33,
                                                      "Total Cost": 45504.33,
                                                      "Plan Rows": 11,
                                                      "Plan Width": 4,
                                                      "Actual Startup Time": 376.082,
                                                      "Actual Total Time": 376.085,
                                                      "Actual Rows": 5272,
                                                      "Actual Loops": 2,
                                                      "Hash Buckets": 16384,
                                                      "Original Hash Buckets": 1024,
                                                      "Hash Batches": 1,
                                                      "Original Hash Batches": 1,
                                                      "Peak Memory Usage": 696,
                                                      "Plans": [
                                                        {
                                                          "Node Type": "Hash Join",
                                                          "Parent Relationship": "Outer",
                                                          "Parallel Aware": false,
                                                          "Join Type": "Inner",
                                                          "Startup Cost": 2626.14,
                                                          "Total Cost": 45504.33,
                                                          "Plan Rows": 11,
                                                          "Plan Width": 4,
                                                          "Actual Startup Time": 17.928,
                                                          "Actual Total Time": 326.545,
                                                          "Actual Rows": 5272,
                                                          "Actual Loops": 2,
                                                          "Inner Unique": true,
                                                          "Hash Cond": "(mk.keyword_id = k.id)",
                                                          "Plans": [
                                                            {
                                                              "Node Type": "Seq Scan",
                                                              "Parent Relationship": "Outer",
                                                              "Parallel Aware": true,
                                                              "Relation Name": "movie_keyword",
                                                              "Alias": "mk",
                                                              "Startup Cost": 0.0,
                                                              "Total Cost": 39047.32,
                                                              "Plan Rows": 1459332,
                                                              "Plan Width": 8,
                                                              "Actual Startup Time": 0.015,
                                                              "Actual Total Time": 162.59,
                                                              "Actual Rows": 2261965,
                                                              "Actual Loops": 2
                                                            },
                                                            {
                                                              "Node Type": "Hash",
                                                              "Parent Relationship": "Inner",
                                                              "Parallel Aware": false,
                                                              "Startup Cost": 2626.12,
                                                              "Total Cost": 2626.12,
                                                              "Plan Rows": 1,
                                                              "Plan Width": 4,
                                                              "Actual Startup Time": 17.792,
                                                              "Actual Total Time": 17.793,
                                                              "Actual Rows": 1,
                                                              "Actual Loops": 2,
                                                              "Hash Buckets": 1024,
                                                              "Original Hash Buckets": 1024,
                                                              "Hash Batches": 1,
                                                              "Original Hash Batches": 1,
                                                              "Peak Memory Usage": 9,
                                                              "Plans": [
                                                                {
                                                                  "Node Type": "Seq Scan",
                                                                  "Parent Relationship": "Outer",
                                                                  "Parallel Aware": false,
                                                                  "Relation Name": "keyword",
                                                                  "Alias": "k",
                                                                  "Startup Cost": 0.0,
                                                                  "Total Cost": 2626.12,
                                                                  "Plan Rows": 1,
                                                                  "Plan Width": 4,
                                                                  "Actual Startup Time": 1.424,
                                                                  "Actual Total Time": 17.778,
                                                                  "Actual Rows": 1,
                                                                  "Actual Loops": 2,
                                                                  "Filter": "(keyword = 'sequel'::text)",
                                                                  "Rows Removed by Filter": 134169
                                                                }
                                                              ]
                                                            }
                                                          ]
                                                        }
                                                      ]
                                                    }
                                                  ]
                                                }
                                              ]
                                            }
                                          ]
                                        },
                                        {
                                          "Node Type": "Hash",
                                          "Parent Relationship": "Inner",
                                          "Parallel Aware": false,
                                          "Startup Cost": 561.48,
                                          "Total Cost": 561.48,
                                          "Plan Rows": 1666,
                                          "Plan Width": 16,
                                          "Actual Startup Time": 12.571,
                                          "Actual Total Time": 12.574,
                                          "Actual Rows": 2315,
                                          "Actual Loops": 2,
                                          "Hash Buckets": 4096,
                                          "Original Hash Buckets": 2048,
                                          "Hash Batches": 1,
                                          "Original Hash Batches": 1,
                                          "Peak Memory Usage": 136,
                                          "Plans": [
                                            {
                                              "Node Type": "Hash Join",
                                              "Parent Relationship": "Outer",
                                              "Parallel Aware": false,
                                              "Join Type": "Inner",
                                              "Startup Cost": 1.24,
                                              "Total Cost": 561.48,
                                              "Plan Rows": 1666,
                                              "Plan Width": 16,
                                              "Actual Startup Time": 0.137,
                                              "Actual Total Time": 11.632,
                                              "Actual Rows": 2315,
                                              "Actual Loops": 2,
                                              "Inner Unique": true,
                                              "Hash Cond": "(ml.link_type_id = lt.id)",
                                              "Plans": [
                                                {
                                                  "Node Type": "Seq Scan",
                                                  "Parent Relationship": "Outer",
                                                  "Parallel Aware": false,
                                                  "Relation Name": "movie_link",
                                                  "Alias": "ml",
                                                  "Startup Cost": 0.0,
                                                  "Total Cost": 462.97,
                                                  "Plan Rows": 29997,
                                                  "Plan Width": 8,
                                                  "Actual Startup Time": 0.033,
                                                  "Actual Total Time": 6.166,
                                                  "Actual Rows": 29997,
                                                  "Actual Loops": 2
                                                },
                                                {
                                                  "Node Type": "Hash",
                                                  "Parent Relationship": "Inner",
                                                  "Parallel Aware": false,
                                                  "Startup Cost": 1.23,
                                                  "Total Cost": 1.23,
                                                  "Plan Rows": 1,
                                                  "Plan Width": 16,
                                                  "Actual Startup Time": 0.04,
                                                  "Actual Total Time": 0.041,
                                                  "Actual Rows": 2,
                                                  "Actual Loops": 2,
                                                  "Hash Buckets": 1024,
                                                  "Original Hash Buckets": 1024,
                                                  "Hash Batches": 1,
                                                  "Original Hash Batches": 1,
                                                  "Peak Memory Usage": 9,
                                                  "Plans": [
                                                    {
                                                      "Node Type": "Seq Scan",
                                                      "Parent Relationship": "Outer",
                                                      "Parallel Aware": false,
                                                      "Relation Name": "link_type",
                                                      "Alias": "lt",
                                                      "Startup Cost": 0.0,
                                                      "Total Cost": 1.23,
                                                      "Plan Rows": 1,
                                                      "Plan Width": 16,
                                                      "Actual Startup Time": 0.025,
                                                      "Actual Total Time": 0.031,
                                                      "Actual Rows": 2,
                                                      "Actual Loops": 2,
                                                      "Filter": "((link)::text ~~ '%follow%'::text)",
                                                      "Rows Removed by Filter": 16
                                                    }
                                                  ]
                                                }
                                              ]
                                            }
                                          ]
                                        }
                                      ]
                                    }
                                  ]
                                }
                              ]
                            }
                          ]
                        }
                      ]
                    },
                    {
                      "Node Type": "Hash",
                      "Parent Relationship": "Inner",
                      "Parallel Aware": false,
                      "Startup Cost": 1.05,
                      "Total Cost": 1.05,
                      "Plan Rows": 1,
                      "Plan Width": 4,
                      "Actual Startup Time": 0.046,
                      "Actual Total Time": 0.047,
                      "Actual Rows": 1,
                      "Actual Loops": 2,
                      "Hash Buckets": 1024,
                      "Original Hash Buckets": 1024,
                      "Hash Batches": 1,
                      "Original Hash Batches": 1,
                      "Peak Memory Usage": 9,
                      "Plans": [
                        {
                          "Node Type": "Seq Scan",
                          "Parent Relationship": "Outer",
                          "Parallel Aware": false,
                          "Relation Name": "company_type",
                          "Alias": "ct",
                          "Startup Cost": 0.0,
                          "Total Cost": 1.05,
                          "Plan Rows": 1,
                          "Plan Width": 4,
                          "Actual Startup Time": 0.032,
                          "Actual Total Time": 0.035,
                          "Actual Rows": 1,
                          "Actual Loops": 2,
                          "Filter": "((kind)::text = 'production companies'::text)",
                          "Rows Removed by Filter": 3
                        }
                      ]
                    }
                  ]
                }
              ]
            }
          ]
        }
      ]
    },
    "Planning Time": 496.044,
    "Triggers": [],
    "Execution Time": 2197.068
  }
]