[
  {
    "Plan": {
      "Node Type": "Aggregate",
      "Strategy": "Plain",
      "Partial Mode": "Finalize",
      "Parallel Aware": false,
      "Startup Cost": 31133.94,
      "Total Cost": 31133.95,
      "Plan Rows": 1,
      "Plan Width": 8,
      "Actual Startup Time": 100.982,
      "Actual Total Time": 106.753,
      "Actual Rows": 1,
      "Actual Loops": 1,
      "Plans": [
        {
          "Node Type": "Gather",
          "Parent Relationship": "Outer",
          "Parallel Aware": false,
          "Startup Cost": 31133.62,
          "Total Cost": 31133.93,
          "Plan Rows": 3,
          "Plan Width": 8,
          "Actual Startup Time": 100.835,
          "Actual Total Time": 106.744,
          "Actual Rows": 4,
          "Actual Loops": 1,
          "Workers Planned": 3,
          "Workers Launched": 3,
          "Single Copy": false,
          "Plans": [
            {
              "Node Type": "Aggregate",
              "Strategy": "Plain",
              "Partial Mode": "Partial",
              "Parent Relationship": "Outer",
              "Parallel Aware": false,
              "Startup Cost": 30133.62,
              "Total Cost": 30133.63,
              "Plan Rows": 1,
              "Plan Width": 8,
              "Actual Startup Time": 94.343,
              "Actual Total Time": 94.344,
              "Actual Rows": 1,
              "Actual Loops": 4,
              "Plans": [
                {
                  "Node Type": "Seq Scan",
                  "Parent Relationship": "Outer",
                  "Parallel Aware": true,
                  "Relation Name": "movie_companies",
                  "Alias": "mc",
                  "Startup Cost": 0.0,
                  "Total Cost": 29310.68,
                  "Plan Rows": 329175,
                  "Plan Width": 0,
                  "Actual Startup Time": 22.568,
                  "Actual Total Time": 82.391,
                  "Actual Rows": 258108,
                  "Actual Loops": 4,
                  "Filter": "(company_id > 15524)",
                  "Rows Removed by Filter": 394174
                }
              ]
            }
          ]
        }
      ]
    },
    "Planning Time": 0.222,
    "Triggers": [],
    "Execution Time": 106.812
  }
]