[
  {
    "Plan": {
      "Node Type": "Aggregate",
      "Strategy": "Plain",
      "Partial Mode": "Finalize",
      "Parallel Aware": false,
      "Startup Cost": 250226.44,
      "Total Cost": 250226.45,
      "Plan Rows": 1,
      "Plan Width": 8,
      "Actual Startup Time": 939.371,
      "Actual Total Time": 986.026,
      "Actual Rows": 1,
      "Actual Loops": 1,
      "Plans": [
        {
          "Node Type": "Gather",
          "Parent Relationship": "Outer",
          "Parallel Aware": false,
          "Startup Cost": 250225.92,
          "Total Cost": 250226.43,
          "Plan Rows": 5,
          "Plan Width": 8,
          "Actual Startup Time": 933.539,
          "Actual Total Time": 986.016,
          "Actual Rows": 6,
          "Actual Loops": 1,
          "Workers Planned": 5,
          "Workers Launched": 5,
          "Single Copy": false,
          "Plans": [
            {
              "Node Type": "Aggregate",
              "Strategy": "Plain",
              "Partial Mode": "Partial",
              "Parent Relationship": "Outer",
              "Parallel Aware": false,
              "Startup Cost": 249225.92,
              "Total Cost": 249225.93,
              "Plan Rows": 1,
              "Plan Width": 8,
              "Actual Startup Time": 926.236,
              "Actual Total Time": 926.239,
              "Actual Rows": 1,
              "Actual Loops": 6,
              "Plans": [
                {
                  "Node Type": "Hash Join",
                  "Parent Relationship": "Outer",
                  "Parallel Aware": true,
                  "Join Type": "Inner",
                  "Startup Cost": 47679.64,
                  "Total Cost": 247159.04,
                  "Plan Rows": 826752,
                  "Plan Width": 0,
                  "Actual Startup Time": 117.198,
                  "Actual Total Time": 880.355,
                  "Actual Rows": 1106678,
                  "Actual Loops": 6,
                  "Inner Unique": true,
                  "Hash Cond": "(mi.movie_id = t.id)",
                  "Plans": [
                    {
                      "Node Type": "Seq Scan",
                      "Parent Relationship": "Outer",
                      "Parallel Aware": true,
                      "Relation Name": "movie_info",
                      "Alias": "mi",
                      "Startup Cost": 0.0,
                      "Total Cost": 191685.19,
                      "Plan Rows": 2969219,
                      "Plan Width": 4,
                      "Actual Startup Time": 0.029,
                      "Actual Total Time": 280.964,
                      "Actual Rows": 2472620,
                      "Actual Loops": 6
                    },
                    {
                      "Node Type": "Hash",
                      "Parent Relationship": "Inner",
                      "Parallel Aware": true,
                      "Startup Cost": 45479.59,
                      "Total Cost": 45479.59,
                      "Plan Rows": 176004,
                      "Plan Width": 4,
                      "Actual Startup Time": 113.846,
                      "Actual Total Time": 113.848,
                      "Actual Rows": 100639,
                      "Actual Loops": 6,
                      "Hash Buckets": 1048576,
                      "Original Hash Buckets": 1048576,
                      "Hash Batches": 1,
                      "Original Hash Batches": 1,
                      "Peak Memory Usage": 31904,
                      "Plans": [
                        {
                          "Node Type": "Seq Scan",
                          "Parent Relationship": "Outer",
                          "Parallel Aware": true,
                          "Relation Name": "title",
                          "Alias": "t",
                          "Startup Cost": 0.0,
                          "Total Cost": 45479.59,
                          "Plan Rows": 176004,
                          "Plan Width": 4,
                          "Actual Startup Time": 0.048,
                          "Actual Total Time": 74.565,
                          "Actual Rows": 100639,
                          "Actual Loops": 6,
                          "Filter": "((kind_id < 7) AND (production_year > 1988))",
                          "Rows Removed by Filter": 320746
                        }
                      ]
                    }
                  ]
                }
              ]
            }
          ]
        }
      ]
    },
    "Planning Time": 0.269,
    "Triggers": [],
    "Execution Time": 986.079
  }
]