[
  {
    "Plan": {
      "Node Type": "Aggregate",
      "Strategy": "Plain",
      "Partial Mode": "Finalize",
      "Parallel Aware": false,
      "Startup Cost": 611114.42,
      "Total Cost": 611114.43,
      "Plan Rows": 1,
      "Plan Width": 8,
      "Actual Startup Time": 2274.073,
      "Actual Total Time": 2365.728,
      "Actual Rows": 1,
      "Actual Loops": 1,
      "Plans": [
        {
          "Node Type": "Gather",
          "Parent Relationship": "Outer",
          "Parallel Aware": false,
          "Startup Cost": 611113.79,
          "Total Cost": 611114.4,
          "Plan Rows": 6,
          "Plan Width": 8,
          "Actual Startup Time": 2262.214,
          "Actual Total Time": 2365.703,
          "Actual Rows": 7,
          "Actual Loops": 1,
          "Workers Planned": 6,
          "Workers Launched": 6,
          "Single Copy": false,
          "Plans": [
            {
              "Node Type": "Aggregate",
              "Strategy": "Plain",
              "Partial Mode": "Partial",
              "Parent Relationship": "Outer",
              "Parallel Aware": false,
              "Startup Cost": 610113.79,
              "Total Cost": 610113.8,
              "Plan Rows": 1,
              "Plan Width": 8,
              "Actual Startup Time": 2247.192,
              "Actual Total Time": 2247.334,
              "Actual Rows": 1,
              "Actual Loops": 7,
              "Plans": [
                {
                  "Node Type": "Hash Join",
                  "Parent Relationship": "Outer",
                  "Parallel Aware": true,
                  "Join Type": "Inner",
                  "Startup Cost": 255750.48,
                  "Total Cost": 603105.38,
                  "Plan Rows": 2803363,
                  "Plan Width": 0,
                  "Actual Startup Time": 702.956,
                  "Actual Total Time": 2160.187,
                  "Actual Rows": 2064730,
                  "Actual Loops": 7,
                  "Inner Unique": false,
                  "Hash Cond": "(ci.movie_id = t.id)",
                  "Plans": [
                    {
                      "Node Type": "Seq Scan",
                      "Parent Relationship": "Outer",
                      "Parallel Aware": true,
                      "Relation Name": "cast_info",
                      "Alias": "ci",
                      "Startup Cost": 0.0,
                      "Total Cost": 328162.03,
                      "Plan Rows": 3622976,
                      "Plan Width": 4,
                      "Actual Startup Time": 0.022,
                      "Actual Total Time": 580.072,
                      "Actual Rows": 3115401,
                      "Actual Loops": 7,
                      "Filter": "(person_id < 2217115)",
                      "Rows Removed by Filter": 2062363
                    },
                    {
                      "Node Type": "Hash",
                      "Parent Relationship": "Inner",
                      "Parallel Aware": true,
                      "Startup Cost": 250859.67,
                      "Total Cost": 250859.67,
                      "Plan Rows": 391265,
                      "Plan Width": 8,
                      "Actual Startup Time": 698.081,
                      "Actual Total Time": 698.221,
                      "Actual Rows": 147717,
                      "Actual Loops": 7,
                      "Hash Buckets": 2097152,
                      "Original Hash Buckets": 2097152,
                      "Hash Batches": 1,
                      "Original Hash Batches": 1,
                      "Peak Memory Usage": 56960,
                      "Plans": [
                        {
                          "Node Type": "Hash Join",
                          "Parent Relationship": "Outer",
                          "Parallel Aware": true,
                          "Join Type": "Inner",
                          "Startup Cost": 47204.59,
                          "Total Cost": 250859.67,
                          "Plan Rows": 391265,
                          "Plan Width": 8,
                          "Actual Startup Time": 136.872,
                          "Actual Total Time": 629.624,
                          "Actual Rows": 147717,
                          "Actual Loops": 7,
                          "Inner Unique": true,
                          "Hash Cond": "(mi.movie_id = t.id)",
                          "Plans": [
                            {
                              "Node Type": "Seq Scan",
                              "Parent Relationship": "Outer",
                              "Parallel Aware": true,
                              "Relation Name": "movie_info",
                              "Alias": "mi",
                              "Startup Cost": 0.0,
                              "Total Cost": 198952.16,
                              "Plan Rows": 1791583,
                              "Plan Width": 4,
                              "Actual Startup Time": 14.574,
                              "Actual Total Time": 295.021,
                              "Actual Rows": 1278680,
                              "Actual Loops": 7,
                              "Filter": "(info_type_id > 6)",
                              "Rows Removed by Filter": 840709
                            },
                            {
                              "Node Type": "Hash",
                              "Parent Relationship": "Inner",
                              "Parallel Aware": true,
                              "Startup Cost": 45479.1,
                              "Total Cost": 45479.1,
                              "Plan Rows": 138039,
                              "Plan Width": 4,
                              "Actual Startup Time": 121.0,
                              "Actual Total Time": 121.002,
                              "Actual Rows": 82395,
                              "Actual Loops": 7,
                              "Hash Buckets": 1048576,
                              "Original Hash Buckets": 1048576,
                              "Hash Batches": 1,
                              "Original Hash Batches": 1,
                              "Peak Memory Usage": 30784,
                              "Plans": [
                                {
                                  "Node Type": "Seq Scan",
                                  "Parent Relationship": "Outer",
                                  "Parallel Aware": true,
                                  "Relation Name": "title",
                                  "Alias": "t",
                                  "Startup Cost": 0.0,
                                  "Total Cost": 45479.1,
                                  "Plan Rows": 138039,
                                  "Plan Width": 4,
                                  "Actual Startup Time": 0.044,
                                  "Actual Total Time": 76.868,
                                  "Actual Rows": 82395,
                                  "Actual Loops": 7,
                                  "Filter": "((kind_id > 2) AND (production_year > 2007))",
                                  "Rows Removed by Filter": 278793
                                }
                              ]
                            }
                          ]
                        }
                      ]
                    }
                  ]
                }
              ]
            }
          ]
        }
      ]
    },
    "Planning Time": 1.444,
    "Triggers": [],
    "Execution Time": 2365.836
  }
]