[
  {
    "Plan": {
      "Node Type": "Aggregate",
      "Strategy": "Plain",
      "Partial Mode": "Finalize",
      "Parallel Aware": false,
      "Startup Cost": 81082.1,
      "Total Cost": 81082.11,
      "Plan Rows": 1,
      "Plan Width": 8,
      "Actual Startup Time": 401.235,
      "Actual Total Time": 438.328,
      "Actual Rows": 1,
      "Actual Loops": 1,
      "Plans": [
        {
          "Node Type": "Gather",
          "Parent Relationship": "Outer",
          "Parallel Aware": false,
          "Startup Cost": 81081.68,
          "Total Cost": 81082.09,
          "Plan Rows": 4,
          "Plan Width": 8,
          "Actual Startup Time": 399.59,
          "Actual Total Time": 438.317,
          "Actual Rows": 5,
          "Actual Loops": 1,
          "Workers Planned": 4,
          "Workers Launched": 4,
          "Single Copy": false,
          "Plans": [
            {
              "Node Type": "Aggregate",
              "Strategy": "Plain",
              "Partial Mode": "Partial",
              "Parent Relationship": "Outer",
              "Parallel Aware": false,
              "Startup Cost": 80081.68,
              "Total Cost": 80081.69,
              "Plan Rows": 1,
              "Plan Width": 8,
              "Actual Startup Time": 388.908,
              "Actual Total Time": 388.912,
              "Actual Rows": 1,
              "Actual Loops": 5,
              "Plans": [
                {
                  "Node Type": "Nested Loop",
                  "Parent Relationship": "Outer",
                  "Parallel Aware": false,
                  "Join Type": "Inner",
                  "Startup Cost": 23389.76,
                  "Total Cost": 80077.36,
                  "Plan Rows": 1726,
                  "Plan Width": 0,
                  "Actual Startup Time": 110.174,
                  "Actual Total Time": 386.759,
                  "Actual Rows": 27539,
                  "Actual Loops": 5,
                  "Inner Unique": false,
                  "Plans": [
                    {
                      "Node Type": "Hash Join",
                      "Parent Relationship": "Outer",
                      "Parallel Aware": true,
                      "Join Type": "Inner",
                      "Startup Cost": 23389.32,
                      "Total Cost": 69315.38,
                      "Plan Rows": 2844,
                      "Plan Width": 8,
                      "Actual Startup Time": 110.01,
                      "Actual Total Time": 156.769,
                      "Actual Rows": 14651,
                      "Actual Loops": 5,
                      "Inner Unique": false,
                      "Hash Cond": "(t.id = mc.movie_id)",
                      "Plans": [
                        {
                          "Node Type": "Seq Scan",
                          "Parent Relationship": "Outer",
                          "Parallel Aware": true,
                          "Relation Name": "title",
                          "Alias": "t",
                          "Startup Cost": 0.0,
                          "Total Cost": 45479.1,
                          "Plan Rows": 87558,
                          "Plan Width": 4,
                          "Actual Startup Time": 34.124,
                          "Actual Total Time": 75.916,
                          "Actual Rows": 53055,
                          "Actual Loops": 5,
                          "Filter": "((production_year > 2001) AND (kind_id = 1))",
                          "Rows Removed by Filter": 452607
                        },
                        {
                          "Node Type": "Hash",
                          "Parent Relationship": "Inner",
                          "Parallel Aware": true,
                          "Startup Cost": 23058.25,
                          "Total Cost": 23058.25,
                          "Plan Rows": 26486,
                          "Plan Width": 4,
                          "Actual Startup Time": 57.515,
                          "Actual Total Time": 57.516,
                          "Actual Rows": 31610,
                          "Actual Loops": 5,
                          "Hash Buckets": 262144,
                          "Original Hash Buckets": 131072,
                          "Hash Batches": 1,
                          "Original Hash Batches": 1,
                          "Peak Memory Usage": 9344,
                          "Plans": [
                            {
                              "Node Type": "Bitmap Heap Scan",
                              "Parent Relationship": "Outer",
                              "Parallel Aware": true,
                              "Relation Name": "movie_companies",
                              "Alias": "mc",
                              "Startup Cost": 3485.78,
                              "Total Cost": 23058.25,
                              "Plan Rows": 26486,
                              "Plan Width": 4,
                              "Actual Startup Time": 13.231,
                              "Actual Total Time": 37.043,
                              "Actual Rows": 31610,
                              "Actual Loops": 5,
                              "Recheck Cond": "(company_id > 128602)",
                              "Rows Removed by Index Recheck": 0,
                              "Filter": "(company_type_id = 2)",
                              "Rows Removed by Filter": 0,
                              "Exact Heap Blocks": 1609,
                              "Lossy Heap Blocks": 0,
                              "Plans": [
                                {
                                  "Node Type": "Bitmap Index Scan",
                                  "Parent Relationship": "Outer",
                                  "Parallel Aware": false,
                                  "Index Name": "company_id_movie_companies",
                                  "Startup Cost": 0.0,
                                  "Total Cost": 3465.25,
                                  "Plan Rows": 161710,
                                  "Plan Width": 0,
                                  "Actual Startup Time": 16.811,
                                  "Actual Total Time": 16.811,
                                  "Actual Rows": 158049,
                                  "Actual Loops": 1,
                                  "Index Cond": "(company_id > 128602)"
                                }
                              ]
                            }
                          ]
                        }
                      ]
                    },
                    {
                      "Node Type": "Index Scan",
                      "Parent Relationship": "Inner",
                      "Parallel Aware": false,
                      "Scan Direction": "Forward",
                      "Index Name": "movie_id_movie_info",
                      "Relation Name": "movie_info",
                      "Alias": "mi",
                      "Startup Cost": 0.43,
                      "Total Cost": 3.74,
                      "Plan Rows": 4,
                      "Plan Width": 4,
                      "Actual Startup Time": 0.015,
                      "Actual Total Time": 0.015,
                      "Actual Rows": 2,
                      "Actual Loops": 73255,
                      "Index Cond": "(movie_id = t.id)",
                      "Rows Removed by Index Recheck": 0,
                      "Filter": "(info_type_id = 3)",
                      "Rows Removed by Filter": 17
                    }
                  ]
                }
              ]
            }
          ]
        }
      ]
    },
    "Planning Time": 1.519,
    "Triggers": [],
    "Execution Time": 438.465
  }
]