[
  {
    "Plan": {
      "Node Type": "Aggregate",
      "Strategy": "Plain",
      "Partial Mode": "Finalize",
      "Parallel Aware": false,
      "Startup Cost": 44305.3,
      "Total Cost": 44305.31,
      "Plan Rows": 1,
      "Plan Width": 8,
      "Actual Startup Time": 115.08,
      "Actual Total Time": 124.418,
      "Actual Rows": 1,
      "Actual Loops": 1,
      "Plans": [
        {
          "Node Type": "Gather",
          "Parent Relationship": "Outer",
          "Parallel Aware": false,
          "Startup Cost": 44304.98,
          "Total Cost": 44305.29,
          "Plan Rows": 3,
          "Plan Width": 8,
          "Actual Startup Time": 114.944,
          "Actual Total Time": 124.409,
          "Actual Rows": 4,
          "Actual Loops": 1,
          "Workers Planned": 3,
          "Workers Launched": 3,
          "Single Copy": false,
          "Plans": [
            {
              "Node Type": "Aggregate",
              "Strategy": "Plain",
              "Partial Mode": "Partial",
              "Parent Relationship": "Outer",
              "Parallel Aware": false,
              "Startup Cost": 43304.98,
              "Total Cost": 43304.99,
              "Plan Rows": 1,
              "Plan Width": 8,
              "Actual Startup Time": 109.105,
              "Actual Total Time": 109.106,
              "Actual Rows": 1,
              "Actual Loops": 4,
              "Plans": [
                {
                  "Node Type": "Seq Scan",
                  "Parent Relationship": "Outer",
                  "Parallel Aware": true,
                  "Relation Name": "movie_keyword",
                  "Alias": "mk",
                  "Startup Cost": 0.0,
                  "Total Cost": 42695.65,
                  "Plan Rows": 243732,
                  "Plan Width": 0,
                  "Actual Startup Time": 5.607,
                  "Actual Total Time": 99.963,
                  "Actual Rows": 186386,
                  "Actual Loops": 4,
                  "Filter": "(keyword_id > 25141)",
                  "Rows Removed by Filter": 944596
                }
              ]
            }
          ]
        }
      ]
    },
    "Planning Time": 0.148,
    "Triggers": [],
    "Execution Time": 124.463
  }
]