[
  {
    "Plan": {
      "Node Type": "Aggregate",
      "Strategy": "Plain",
      "Partial Mode": "Finalize",
      "Parallel Aware": false,
      "Startup Cost": 352099.03,
      "Total Cost": 352099.04,
      "Plan Rows": 1,
      "Plan Width": 8,
      "Actual Startup Time": 803.496,
      "Actual Total Time": 862.243,
      "Actual Rows": 1,
      "Actual Loops": 1,
      "Plans": [
        {
          "Node Type": "Gather",
          "Parent Relationship": "Outer",
          "Parallel Aware": false,
          "Startup Cost": 352098.4,
          "Total Cost": 352099.01,
          "Plan Rows": 6,
          "Plan Width": 8,
          "Actual Startup Time": 803.35,
          "Actual Total Time": 862.233,
          "Actual Rows": 7,
          "Actual Loops": 1,
          "Workers Planned": 6,
          "Workers Launched": 6,
          "Single Copy": false,
          "Plans": [
            {
              "Node Type": "Aggregate",
              "Strategy": "Plain",
              "Partial Mode": "Partial",
              "Parent Relationship": "Outer",
              "Parallel Aware": false,
              "Startup Cost": 351098.4,
              "Total Cost": 351098.41,
              "Plan Rows": 1,
              "Plan Width": 8,
              "Actual Startup Time": 793.854,
              "Actual Total Time": 793.855,
              "Actual Rows": 1,
              "Actual Loops": 7,
              "Plans": [
                {
                  "Node Type": "Seq Scan",
                  "Parent Relationship": "Outer",
                  "Parallel Aware": true,
                  "Relation Name": "cast_info",
                  "Alias": "ci",
                  "Startup Cost": 0.0,
                  "Total Cost": 343257.03,
                  "Plan Rows": 3136549,
                  "Plan Width": 0,
                  "Actual Startup Time": 230.694,
                  "Actual Total Time": 693.344,
                  "Actual Rows": 2305032,
                  "Actual Loops": 7,
                  "Filter": "((person_id < 2927239) AND (role_id > 1))",
                  "Rows Removed by Filter": 2872732
                }
              ]
            }
          ]
        }
      ]
    },
    "Planning Time": 0.22,
    "Triggers": [],
    "Execution Time": 862.316
  }
]