{
  "Plan": {
    "Node Type": "Aggregate",
    "Strategy": "Plain",
    "Partial Mode": "Finalize",
    "Parallel Aware": false,
    "Startup Cost": 110435.73,
    "Total Cost": 110435.74,
    "Plan Rows": 1,
    "Plan Width": 8,
    "Actual Startup Time": 710.955,
    "Actual Total Time": 729.093,
    "Actual Rows": 1,
    "Actual Loops": 1,
    "Plans": [
      {
        "Node Type": "Gather",
        "Parent Relationship": "Outer",
        "Parallel Aware": false,
        "Startup Cost": 110435.62,
        "Total Cost": 110435.73,
        "Plan Rows": 1,
        "Plan Width": 8,
        "Actual Startup Time": 708.503,
        "Actual Total Time": 729.085,
        "Actual Rows": 2,
        "Actual Loops": 1,
        "Workers Planned": 1,
        "Workers Launched": 1,
        "Single Copy": false,
        "Plans": [
          {
            "Node Type": "Aggregate",
            "Strategy": "Plain",
            "Partial Mode": "Partial",
            "Parent Relationship": "Outer",
            "Parallel Aware": false,
            "Startup Cost": 109435.62,
            "Total Cost": 109435.63,
            "Plan Rows": 1,
            "Plan Width": 8,
            "Actual Startup Time": 701.131,
            "Actual Total Time": 701.135,
            "Actual Rows": 1,
            "Actual Loops": 2,
            "Plans": [
              {
                "Node Type": "Hash Join",
                "Parent Relationship": "Outer",
                "Parallel Aware": true,
                "Join Type": "Inner",
                "Startup Cost": 69134.54,
                "Total Cost": 108605.6,
                "Plan Rows": 332008,
                "Plan Width": 0,
                "Actual Startup Time": 439.2,
                "Actual Total Time": 694.555,
                "Actual Rows": 129552,
                "Actual Loops": 2,
                "Inner Unique": true,
                "Hash Cond": "(mc.movie_id = t.id)",
                "Plans": [
                  {
                    "Node Type": "Seq Scan",
                    "Parent Relationship": "Outer",
                    "Parallel Aware": true,
                    "Relation Name": "movie_companies",
                    "Alias": "mc",
                    "Startup Cost": 0.0,
                    "Total Cost": 37974.77,
                    "Plan Rows": 570014,
                    "Plan Width": 4,
                    "Actual Startup Time": 18.363,
                    "Actual Total Time": 129.528,
                    "Actual Rows": 491203,
                    "Actual Loops": 2,
                    "Filter": "(company_id > 17324)",
                    "Rows Removed by Filter": 813362
                  },
                  {
                    "Node Type": "Hash",
                    "Parent Relationship": "Inner",
                    "Parallel Aware": true,
                    "Startup Cost": 58306.47,
                    "Total Cost": 58306.47,
                    "Plan Rows": 866246,
                    "Plan Width": 4,
                    "Actual Startup Time": 406.326,
                    "Actual Total Time": 406.327,
                    "Actual Rows": 725636,
                    "Actual Loops": 2,
                    "Hash Buckets": 2097152,
                    "Original Hash Buckets": 2097152,
                    "Hash Batches": 1,
                    "Original Hash Batches": 1,
                    "Peak Memory Usage": 73184,
                    "Plans": [
                      {
                        "Node Type": "Seq Scan",
                        "Parent Relationship": "Outer",
                        "Parallel Aware": true,
                        "Relation Name": "title",
                        "Alias": "t",
                        "Startup Cost": 0.0,
                        "Total Cost": 58306.47,
                        "Plan Rows": 866246,
                        "Plan Width": 4,
                        "Actual Startup Time": 0.049,
                        "Actual Total Time": 203.392,
                        "Actual Rows": 725636,
                        "Actual Loops": 2,
                        "Filter": "((kind_id > 3) AND (production_year < 2012))",
                        "Rows Removed by Filter": 538520
                      }
                    ]
                  }
                ]
              }
            ]
          }
        ]
      }
    ]
  },
  "Planning Time": 0.72,
  "Triggers": [],
  "Execution Time": 729.177
}