{
  "Plan": {
    "Node Type": "Aggregate",
    "Strategy": "Plain",
    "Partial Mode": "Finalize",
    "Parallel Aware": false,
    "Startup Cost": 252787.56,
    "Total Cost": 252787.57,
    "Plan Rows": 1,
    "Plan Width": 8,
    "Actual Startup Time": 366.088,
    "Actual Total Time": 373.719,
    "Actual Rows": 1,
    "Actual Loops": 1,
    "Plans": [
      {
        "Node Type": "Gather",
        "Parent Relationship": "Outer",
        "Parallel Aware": false,
        "Startup Cost": 252787.45,
        "Total Cost": 252787.56,
        "Plan Rows": 1,
        "Plan Width": 8,
        "Actual Startup Time": 365.753,
        "Actual Total Time": 373.711,
        "Actual Rows": 2,
        "Actual Loops": 1,
        "Workers Planned": 1,
        "Workers Launched": 1,
        "Single Copy": false,
        "Plans": [
          {
            "Node Type": "Aggregate",
            "Strategy": "Plain",
            "Partial Mode": "Partial",
            "Parent Relationship": "Outer",
            "Parallel Aware": false,
            "Startup Cost": 251787.45,
            "Total Cost": 251787.46,
            "Plan Rows": 1,
            "Plan Width": 8,
            "Actual Startup Time": 359.769,
            "Actual Total Time": 359.773,
            "Actual Rows": 1,
            "Actual Loops": 2,
            "Plans": [
              {
                "Node Type": "Hash Join",
                "Parent Relationship": "Outer",
                "Parallel Aware": true,
                "Join Type": "Inner",
                "Startup Cost": 77981.07,
                "Total Cost": 251754.87,
                "Plan Rows": 13029,
                "Plan Width": 0,
                "Actual Startup Time": 257.641,
                "Actual Total Time": 358.611,
                "Actual Rows": 20587,
                "Actual Loops": 2,
                "Inner Unique": true,
                "Hash Cond": "(mi.movie_id = t.id)",
                "Plans": [
                  {
                    "Node Type": "Bitmap Heap Scan",
                    "Parent Relationship": "Outer",
                    "Parallel Aware": true,
                    "Relation Name": "movie_info",
                    "Alias": "mi",
                    "Startup Cost": 23986.4,
                    "Total Cost": 195715.6,
                    "Plan Rows": 778896,
                    "Plan Width": 4,
                    "Actual Startup Time": 86.345,
                    "Actual Total Time": 158.059,
                    "Actual Rows": 662680,
                    "Actual Loops": 2,
                    "Recheck Cond": "(info_type_id = 8)",
                    "Rows Removed by Index Recheck": 0,
                    "Exact Heap Blocks": 3641,
                    "Lossy Heap Blocks": 0,
                    "Plans": [
                      {
                        "Node Type": "Bitmap Index Scan",
                        "Parent Relationship": "Outer",
                        "Parallel Aware": false,
                        "Index Name": "info_type_id_movie_info",
                        "Startup Cost": 0.0,
                        "Total Cost": 23655.37,
                        "Plan Rows": 1324124,
                        "Plan Width": 0,
                        "Actual Startup Time": 84.434,
                        "Actual Total Time": 84.435,
                        "Actual Rows": 1325361,
                        "Actual Loops": 1,
                        "Index Cond": "(info_type_id = 8)"
                      }
                    ]
                  },
                  {
                    "Node Type": "Hash",
                    "Parent Relationship": "Inner",
                    "Parallel Aware": true,
                    "Startup Cost": 53683.68,
                    "Total Cost": 53683.68,
                    "Plan Rows": 24879,
                    "Plan Width": 4,
                    "Actual Startup Time": 114.028,
                    "Actual Total Time": 114.029,
                    "Actual Rows": 18706,
                    "Actual Loops": 2,
                    "Hash Buckets": 65536,
                    "Original Hash Buckets": 65536,
                    "Hash Batches": 1,
                    "Original Hash Batches": 1,
                    "Peak Memory Usage": 2016,
                    "Plans": [
                      {
                        "Node Type": "Bitmap Heap Scan",
                        "Parent Relationship": "Outer",
                        "Parallel Aware": true,
                        "Relation Name": "title",
                        "Alias": "t",
                        "Startup Cost": 11833.42,
                        "Total Cost": 53683.68,
                        "Plan Rows": 24879,
                        "Plan Width": 4,
                        "Actual Startup Time": 42.165,
                        "Actual Total Time": 108.391,
                        "Actual Rows": 18706,
                        "Actual Loops": 2,
                        "Recheck Cond": "(kind_id = 1)",
                        "Rows Removed by Index Recheck": 0,
                        "Filter": "(production_year = 2011)",
                        "Rows Removed by Filter": 312707,
                        "Exact Heap Blocks": 7702,
                        "Lossy Heap Blocks": 0,
                        "Plans": [
                          {
                            "Node Type": "Bitmap Index Scan",
                            "Parent Relationship": "Outer",
                            "Parallel Aware": false,
                            "Index Name": "kind_id_title",
                            "Startup Cost": 0.0,
                            "Total Cost": 11822.85,
                            "Plan Rows": 663256,
                            "Plan Width": 0,
                            "Actual Startup Time": 43.803,
                            "Actual Total Time": 43.803,
                            "Actual Rows": 662825,
                            "Actual Loops": 1,
                            "Index Cond": "(kind_id = 1)"
                          }
                        ]
                      }
                    ]
                  }
                ]
              }
            ]
          }
        ]
      }
    ]
  },
  "Planning Time": 0.491,
  "Triggers": [],
  "Execution Time": 373.826
}