{
  "Plan": {
    "Node Type": "Aggregate",
    "Strategy": "Plain",
    "Partial Mode": "Finalize",
    "Parallel Aware": false,
    "Startup Cost": 127160.07,
    "Total Cost": 127160.08,
    "Plan Rows": 1,
    "Plan Width": 8,
    "Actual Startup Time": 347.4,
    "Actual Total Time": 367.169,
    "Actual Rows": 1,
    "Actual Loops": 1,
    "Plans": [
      {
        "Node Type": "Gather",
        "Parent Relationship": "Outer",
        "Parallel Aware": false,
        "Startup Cost": 127159.96,
        "Total Cost": 127160.07,
        "Plan Rows": 1,
        "Plan Width": 8,
        "Actual Startup Time": 347.132,
        "Actual Total Time": 367.162,
        "Actual Rows": 2,
        "Actual Loops": 1,
        "Workers Planned": 1,
        "Workers Launched": 1,
        "Single Copy": false,
        "Plans": [
          {
            "Node Type": "Aggregate",
            "Strategy": "Plain",
            "Partial Mode": "Partial",
            "Parent Relationship": "Outer",
            "Parallel Aware": false,
            "Startup Cost": 126159.96,
            "Total Cost": 126159.97,
            "Plan Rows": 1,
            "Plan Width": 8,
            "Actual Startup Time": 342.238,
            "Actual Total Time": 342.241,
            "Actual Rows": 1,
            "Actual Loops": 2,
            "Plans": [
              {
                "Node Type": "Nested Loop",
                "Parent Relationship": "Outer",
                "Parallel Aware": false,
                "Join Type": "Inner",
                "Startup Cost": 72677.96,
                "Total Cost": 126044.92,
                "Plan Rows": 46015,
                "Plan Width": 0,
                "Actual Startup Time": 226.357,
                "Actual Total Time": 341.448,
                "Actual Rows": 13766,
                "Actual Loops": 2,
                "Inner Unique": false,
                "Join Filter": "(t.id = mi.movie_id)",
                "Rows Removed by Join Filter": 0,
                "Plans": [
                  {
                    "Node Type": "Hash Join",
                    "Parent Relationship": "Outer",
                    "Parallel Aware": true,
                    "Join Type": "Inner",
                    "Startup Cost": 72677.52,
                    "Total Cost": 104593.77,
                    "Plan Rows": 7869,
                    "Plan Width": 8,
                    "Actual Startup Time": 226.27,
                    "Actual Total Time": 319.389,
                    "Actual Rows": 1038,
                    "Actual Loops": 2,
                    "Inner Unique": true,
                    "Hash Cond": "(mk.movie_id = t.id)",
                    "Plans": [
                      {
                        "Node Type": "Bitmap Heap Scan",
                        "Parent Relationship": "Outer",
                        "Parallel Aware": true,
                        "Relation Name": "movie_keyword",
                        "Alias": "mk",
                        "Startup Cost": 17792.61,
                        "Total Cost": 48413.75,
                        "Plan Rows": 493372,
                        "Plan Width": 4,
                        "Actual Startup Time": 59.372,
                        "Actual Total Time": 145.251,
                        "Actual Rows": 414486,
                        "Actual Loops": 2,
                        "Recheck Cond": "(keyword_id > 22211)",
                        "Rows Removed by Index Recheck": 0,
                        "Exact Heap Blocks": 15291,
                        "Lossy Heap Blocks": 0,
                        "Plans": [
                          {
                            "Node Type": "Bitmap Index Scan",
                            "Parent Relationship": "Outer",
                            "Parallel Aware": false,
                            "Index Name": "keyword_id_movie_keyword",
                            "Startup Cost": 0.0,
                            "Total Cost": 17582.92,
                            "Plan Rows": 838732,
                            "Plan Width": 0,
                            "Actual Startup Time": 55.81,
                            "Actual Total Time": 55.81,
                            "Actual Rows": 828971,
                            "Actual Loops": 1,
                            "Index Cond": "(keyword_id > 22211)"
                          }
                        ]
                      },
                      {
                        "Node Type": "Hash",
                        "Parent Relationship": "Inner",
                        "Parallel Aware": true,
                        "Startup Cost": 54588.39,
                        "Total Cost": 54588.39,
                        "Plan Rows": 23722,
                        "Plan Width": 4,
                        "Actual Startup Time": 133.801,
                        "Actual Total Time": 133.801,
                        "Actual Rows": 21410,
                        "Actual Loops": 2,
                        "Hash Buckets": 65536,
                        "Original Hash Buckets": 65536,
                        "Hash Batches": 1,
                        "Original Hash Batches": 1,
                        "Peak Memory Usage": 2208,
                        "Plans": [
                          {
                            "Node Type": "Seq Scan",
                            "Parent Relationship": "Outer",
                            "Parallel Aware": true,
                            "Relation Name": "title",
                            "Alias": "t",
                            "Startup Cost": 0.0,
                            "Total Cost": 54588.39,
                            "Plan Rows": 23722,
                            "Plan Width": 4,
                            "Actual Startup Time": 67.639,
                            "Actual Total Time": 128.646,
                            "Actual Rows": 21410,
                            "Actual Loops": 2,
                            "Filter": "(production_year < 1913)",
                            "Rows Removed by Filter": 1242746
                          }
                        ]
                      }
                    ]
                  },
                  {
                    "Node Type": "Index Only Scan",
                    "Parent Relationship": "Inner",
                    "Parallel Aware": false,
                    "Scan Direction": "Forward",
                    "Index Name": "movie_id_movie_info",
                    "Relation Name": "movie_info",
                    "Alias": "mi",
                    "Startup Cost": 0.43,
                    "Total Cost": 2.2,
                    "Plan Rows": 42,
                    "Plan Width": 4,
                    "Actual Startup Time": 0.007,
                    "Actual Total Time": 0.02,
                    "Actual Rows": 13,
                    "Actual Loops": 2075,
                    "Index Cond": "(movie_id = mk.movie_id)",
                    "Rows Removed by Index Recheck": 0,
                    "Heap Fetches": 27531
                  }
                ]
              }
            ]
          }
        ]
      }
    ]
  },
  "Planning Time": 0.79,
  "Triggers": [],
  "Execution Time": 367.263
}