[
  {
    "Plan": {
      "Node Type": "Aggregate",
      "Strategy": "Plain",
      "Partial Mode": "Finalize",
      "Parallel Aware": false,
      "Startup Cost": 76022.52,
      "Total Cost": 76022.53,
      "Plan Rows": 1,
      "Plan Width": 8,
      "Actual Startup Time": 292.862,
      "Actual Total Time": 310.869,
      "Actual Rows": 1,
      "Actual Loops": 1,
      "Plans": [
        {
          "Node Type": "Gather",
          "Parent Relationship": "Outer",
          "Parallel Aware": false,
          "Startup Cost": 76022.21,
          "Total Cost": 76022.52,
          "Plan Rows": 3,
          "Plan Width": 8,
          "Actual Startup Time": 291.977,
          "Actual Total Time": 310.86,
          "Actual Rows": 4,
          "Actual Loops": 1,
          "Workers Planned": 3,
          "Workers Launched": 3,
          "Single Copy": false,
          "Plans": [
            {
              "Node Type": "Aggregate",
              "Strategy": "Plain",
              "Partial Mode": "Partial",
              "Parent Relationship": "Outer",
              "Parallel Aware": false,
              "Startup Cost": 75022.21,
              "Total Cost": 75022.22,
              "Plan Rows": 1,
              "Plan Width": 8,
              "Actual Startup Time": 283.213,
              "Actual Total Time": 283.271,
              "Actual Rows": 1,
              "Actual Loops": 4,
              "Plans": [
                {
                  "Node Type": "Hash Join",
                  "Parent Relationship": "Outer",
                  "Parallel Aware": true,
                  "Join Type": "Inner",
                  "Startup Cost": 45579.56,
                  "Total Cost": 74995.45,
                  "Plan Rows": 10702,
                  "Plan Width": 0,
                  "Actual Startup Time": 147.127,
                  "Actual Total Time": 280.182,
                  "Actual Rows": 58880,
                  "Actual Loops": 4,
                  "Inner Unique": true,
                  "Hash Cond": "(mc.movie_id = t.id)",
                  "Plans": [
                    {
                      "Node Type": "Seq Scan",
                      "Parent Relationship": "Outer",
                      "Parallel Aware": true,
                      "Relation Name": "movie_companies",
                      "Alias": "mc",
                      "Startup Cost": 0.0,
                      "Total Cost": 27206.55,
                      "Plan Rows": 841655,
                      "Plan Width": 4,
                      "Actual Startup Time": 0.02,
                      "Actual Total Time": 65.958,
                      "Actual Rows": 652282,
                      "Actual Loops": 4
                    },
                    {
                      "Node Type": "Hash",
                      "Parent Relationship": "Inner",
                      "Parallel Aware": true,
                      "Startup Cost": 45479.1,
                      "Total Cost": 45479.1,
                      "Plan Rows": 8037,
                      "Plan Width": 4,
                      "Actual Startup Time": 115.579,
                      "Actual Total Time": 115.58,
                      "Actual Rows": 30731,
                      "Actual Loops": 4,
                      "Hash Buckets": 131072,
                      "Original Hash Buckets": 32768,
                      "Hash Batches": 1,
                      "Original Hash Batches": 1,
                      "Peak Memory Usage": 6656,
                      "Plans": [
                        {
                          "Node Type": "Seq Scan",
                          "Parent Relationship": "Outer",
                          "Parallel Aware": true,
                          "Relation Name": "title",
                          "Alias": "t",
                          "Startup Cost": 0.0,
                          "Total Cost": 45479.1,
                          "Plan Rows": 8037,
                          "Plan Width": 4,
                          "Actual Startup Time": 65.738,
                          "Actual Total Time": 102.654,
                          "Actual Rows": 30731,
                          "Actual Loops": 4,
                          "Filter": "((production_year < 1933) AND (kind_id = 1))",
                          "Rows Removed by Filter": 601347
                        }
                      ]
                    }
                  ]
                }
              ]
            }
          ]
        }
      ]
    },
    "Planning Time": 0.68,
    "Triggers": [],
    "Execution Time": 310.938
  }
]