{
  "Plan": {
    "Node Type": "Aggregate",
    "Strategy": "Plain",
    "Partial Mode": "Finalize",
    "Parallel Aware": false,
    "Startup Cost": 283127.4,
    "Total Cost": 283127.41,
    "Plan Rows": 1,
    "Plan Width": 8,
    "Actual Startup Time": 657.313,
    "Actual Total Time": 673.5,
    "Actual Rows": 1,
    "Actual Loops": 1,
    "Plans": [
      {
        "Node Type": "Gather",
        "Parent Relationship": "Outer",
        "Parallel Aware": false,
        "Startup Cost": 283127.29,
        "Total Cost": 283127.4,
        "Plan Rows": 1,
        "Plan Width": 8,
        "Actual Startup Time": 655.206,
        "Actual Total Time": 673.491,
        "Actual Rows": 2,
        "Actual Loops": 1,
        "Workers Planned": 1,
        "Workers Launched": 1,
        "Single Copy": false,
        "Plans": [
          {
            "Node Type": "Aggregate",
            "Strategy": "Plain",
            "Partial Mode": "Partial",
            "Parent Relationship": "Outer",
            "Parallel Aware": false,
            "Startup Cost": 282127.29,
            "Total Cost": 282127.3,
            "Plan Rows": 1,
            "Plan Width": 8,
            "Actual Startup Time": 649.354,
            "Actual Total Time": 649.357,
            "Actual Rows": 1,
            "Actual Loops": 2,
            "Plans": [
              {
                "Node Type": "Hash Join",
                "Parent Relationship": "Outer",
                "Parallel Aware": true,
                "Join Type": "Inner",
                "Startup Cost": 100957.05,
                "Total Cost": 281250.42,
                "Plan Rows": 350749,
                "Plan Width": 0,
                "Actual Startup Time": 324.817,
                "Actual Total Time": 645.222,
                "Actual Rows": 89085,
                "Actual Loops": 2,
                "Inner Unique": true,
                "Hash Cond": "(mi.movie_id = t.id)",
                "Plans": [
                  {
                    "Node Type": "Bitmap Heap Scan",
                    "Parent Relationship": "Outer",
                    "Parallel Aware": true,
                    "Relation Name": "movie_info",
                    "Alias": "mi",
                    "Startup Cost": 37261.42,
                    "Total Cost": 214378.69,
                    "Plan Rows": 1209942,
                    "Plan Width": 4,
                    "Actual Startup Time": 64.741,
                    "Actual Total Time": 156.127,
                    "Actual Rows": 1045534,
                    "Actual Loops": 2,
                    "Recheck Cond": "(info_type_id < 3)",
                    "Rows Removed by Index Recheck": 0,
                    "Exact Heap Blocks": 6750,
                    "Lossy Heap Blocks": 0,
                    "Plans": [
                      {
                        "Node Type": "Bitmap Index Scan",
                        "Parent Relationship": "Outer",
                        "Parallel Aware": false,
                        "Index Name": "info_type_id_movie_info",
                        "Startup Cost": 0.0,
                        "Total Cost": 36747.19,
                        "Plan Rows": 2056901,
                        "Plan Width": 0,
                        "Actual Startup Time": 62.771,
                        "Actual Total Time": 62.772,
                        "Actual Rows": 2091068,
                        "Actual Loops": 1,
                        "Index Cond": "(info_type_id < 3)"
                      }
                    ]
                  },
                  {
                    "Node Type": "Hash",
                    "Parent Relationship": "Inner",
                    "Parallel Aware": true,
                    "Startup Cost": 58306.47,
                    "Total Cost": 58306.47,
                    "Plan Rows": 431133,
                    "Plan Width": 4,
                    "Actual Startup Time": 251.136,
                    "Actual Total Time": 251.137,
                    "Actual Rows": 398080,
                    "Actual Loops": 2,
                    "Hash Buckets": 1048576,
                    "Original Hash Buckets": 1048576,
                    "Hash Batches": 1,
                    "Original Hash Batches": 1,
                    "Peak Memory Usage": 39360,
                    "Plans": [
                      {
                        "Node Type": "Seq Scan",
                        "Parent Relationship": "Outer",
                        "Parallel Aware": true,
                        "Relation Name": "title",
                        "Alias": "t",
                        "Startup Cost": 0.0,
                        "Total Cost": 58306.47,
                        "Plan Rows": 431133,
                        "Plan Width": 4,
                        "Actual Startup Time": 0.034,
                        "Actual Total Time": 156.784,
                        "Actual Rows": 398080,
                        "Actual Loops": 2,
                        "Filter": "((production_year > 2003) AND (kind_id = 7))",
                        "Rows Removed by Filter": 866076
                      }
                    ]
                  }
                ]
              }
            ]
          }
        ]
      }
    ]
  },
  "Planning Time": 0.638,
  "Triggers": [],
  "Execution Time": 673.596
}