[
  {
    "Plan": {
      "Node Type": "Aggregate",
      "Strategy": "Plain",
      "Partial Mode": "Finalize",
      "Parallel Aware": false,
      "Startup Cost": 99330.82,
      "Total Cost": 99330.83,
      "Plan Rows": 1,
      "Plan Width": 8,
      "Actual Startup Time": 380.313,
      "Actual Total Time": 400.061,
      "Actual Rows": 1,
      "Actual Loops": 1,
      "Plans": [
        {
          "Node Type": "Gather",
          "Parent Relationship": "Outer",
          "Parallel Aware": false,
          "Startup Cost": 99330.5,
          "Total Cost": 99330.81,
          "Plan Rows": 3,
          "Plan Width": 8,
          "Actual Startup Time": 377.651,
          "Actual Total Time": 400.051,
          "Actual Rows": 4,
          "Actual Loops": 1,
          "Workers Planned": 3,
          "Workers Launched": 3,
          "Single Copy": false,
          "Plans": [
            {
              "Node Type": "Aggregate",
              "Strategy": "Plain",
              "Partial Mode": "Partial",
              "Parent Relationship": "Outer",
              "Parallel Aware": false,
              "Startup Cost": 98330.5,
              "Total Cost": 98330.51,
              "Plan Rows": 1,
              "Plan Width": 8,
              "Actual Startup Time": 367.458,
              "Actual Total Time": 367.704,
              "Actual Rows": 1,
              "Actual Loops": 4,
              "Plans": [
                {
                  "Node Type": "Hash Join",
                  "Parent Relationship": "Outer",
                  "Parallel Aware": true,
                  "Join Type": "Inner",
                  "Startup Cost": 72117.57,
                  "Total Cost": 98305.79,
                  "Plan Rows": 9883,
                  "Plan Width": 0,
                  "Actual Startup Time": 299.5,
                  "Actual Total Time": 367.336,
                  "Actual Rows": 5268,
                  "Actual Loops": 4,
                  "Inner Unique": false,
                  "Hash Cond": "(mk.movie_id = t.id)",
                  "Plans": [
                    {
                      "Node Type": "Bitmap Heap Scan",
                      "Parent Relationship": "Outer",
                      "Parallel Aware": true,
                      "Relation Name": "movie_keyword",
                      "Alias": "mk",
                      "Startup Cost": 6919.89,
                      "Total Cost": 32688.9,
                      "Plan Rows": 105201,
                      "Plan Width": 4,
                      "Actual Startup Time": 25.761,
                      "Actual Total Time": 76.53,
                      "Actual Rows": 85994,
                      "Actual Loops": 4,
                      "Recheck Cond": "(keyword_id < 286)",
                      "Rows Removed by Index Recheck": 0,
                      "Exact Heap Blocks": 8240,
                      "Lossy Heap Blocks": 0,
                      "Plans": [
                        {
                          "Node Type": "Bitmap Index Scan",
                          "Parent Relationship": "Outer",
                          "Parallel Aware": false,
                          "Index Name": "keyword_id_movie_keyword",
                          "Startup Cost": 0.0,
                          "Total Cost": 6838.36,
                          "Plan Rows": 326123,
                          "Plan Width": 0,
                          "Actual Startup Time": 22.103,
                          "Actual Total Time": 22.103,
                          "Actual Rows": 343974,
                          "Actual Loops": 1,
                          "Index Cond": "(keyword_id < 286)"
                        }
                      ]
                    },
                    {
                      "Node Type": "Hash",
                      "Parent Relationship": "Inner",
                      "Parallel Aware": true,
                      "Startup Cost": 64455.42,
                      "Total Cost": 64455.42,
                      "Plan Rows": 59381,
                      "Plan Width": 8,
                      "Actual Startup Time": 271.328,
                      "Actual Total Time": 271.572,
                      "Actual Rows": 33313,
                      "Actual Loops": 4,
                      "Hash Buckets": 262144,
                      "Original Hash Buckets": 262144,
                      "Hash Batches": 1,
                      "Original Hash Batches": 1,
                      "Peak Memory Usage": 7328,
                      "Plans": [
                        {
                          "Node Type": "Hash Join",
                          "Parent Relationship": "Outer",
                          "Parallel Aware": true,
                          "Join Type": "Inner",
                          "Startup Cost": 17490.54,
                          "Total Cost": 64455.42,
                          "Plan Rows": 59381,
                          "Plan Width": 8,
                          "Actual Startup Time": 88.815,
                          "Actual Total Time": 260.037,
                          "Actual Rows": 33313,
                          "Actual Loops": 4,
                          "Inner Unique": false,
                          "Hash Cond": "(t.id = mi_idx.movie_id)",
                          "Plans": [
                            {
                              "Node Type": "Seq Scan",
                              "Parent Relationship": "Outer",
                              "Parallel Aware": true,
                              "Relation Name": "title",
                              "Alias": "t",
                              "Startup Cost": 0.0,
                              "Total Cost": 45479.1,
                              "Plan Rows": 330228,
                              "Plan Width": 4,
                              "Actual Startup Time": 0.011,
                              "Actual Total Time": 90.65,
                              "Actual Rows": 349837,
                              "Actual Loops": 4,
                              "Filter": "((production_year > 1964) AND (kind_id = 7))",
                              "Rows Removed by Filter": 282241
                            },
                            {
                              "Node Type": "Hash",
                              "Parent Relationship": "Inner",
                              "Parallel Aware": true,
                              "Startup Cost": 15122.68,
                              "Total Cost": 15122.68,
                              "Plan Rows": 189429,
                              "Plan Width": 4,
                              "Actual Startup Time": 86.858,
                              "Actual Total Time": 86.859,
                              "Actual Rows": 114981,
                              "Actual Loops": 4,
                              "Hash Buckets": 524288,
                              "Original Hash Buckets": 524288,
                              "Hash Batches": 1,
                              "Original Hash Batches": 1,
                              "Peak Memory Usage": 22176,
                              "Plans": [
                                {
                                  "Node Type": "Seq Scan",
                                  "Parent Relationship": "Outer",
                                  "Parallel Aware": true,
                                  "Relation Name": "movie_info_idx",
                                  "Alias": "mi_idx",
                                  "Startup Cost": 0.0,
                                  "Total Cost": 15122.68,
                                  "Plan Rows": 189429,
                                  "Plan Width": 4,
                                  "Actual Startup Time": 0.087,
                                  "Actual Total Time": 44.44,
                                  "Actual Rows": 114981,
                                  "Actual Loops": 4,
                                  "Filter": "(info_type_id = 99)",
                                  "Rows Removed by Filter": 230028
                                }
                              ]
                            }
                          ]
                        }
                      ]
                    }
                  ]
                }
              ]
            }
          ]
        }
      ]
    },
    "Planning Time": 1.401,
    "Triggers": [],
    "Execution Time": 400.172
  }
]