[
  {
    "Plan": {
      "Node Type": "Aggregate",
      "Strategy": "Plain",
      "Partial Mode": "Finalize",
      "Parallel Aware": false,
      "Startup Cost": 31255.79,
      "Total Cost": 31255.8,
      "Plan Rows": 1,
      "Plan Width": 8,
      "Actual Startup Time": 103.834,
      "Actual Total Time": 112.263,
      "Actual Rows": 1,
      "Actual Loops": 1,
      "Plans": [
        {
          "Node Type": "Gather",
          "Parent Relationship": "Outer",
          "Parallel Aware": false,
          "Startup Cost": 31255.47,
          "Total Cost": 31255.78,
          "Plan Rows": 3,
          "Plan Width": 8,
          "Actual Startup Time": 103.712,
          "Actual Total Time": 112.255,
          "Actual Rows": 4,
          "Actual Loops": 1,
          "Workers Planned": 3,
          "Workers Launched": 3,
          "Single Copy": false,
          "Plans": [
            {
              "Node Type": "Aggregate",
              "Strategy": "Plain",
              "Partial Mode": "Partial",
              "Parent Relationship": "Outer",
              "Parallel Aware": false,
              "Startup Cost": 30255.47,
              "Total Cost": 30255.48,
              "Plan Rows": 1,
              "Plan Width": 8,
              "Actual Startup Time": 94.882,
              "Actual Total Time": 94.883,
              "Actual Rows": 1,
              "Actual Loops": 4,
              "Plans": [
                {
                  "Node Type": "Seq Scan",
                  "Parent Relationship": "Outer",
                  "Parallel Aware": true,
                  "Relation Name": "movie_companies",
                  "Alias": "mc",
                  "Startup Cost": 0.0,
                  "Total Cost": 29310.68,
                  "Plan Rows": 377915,
                  "Plan Width": 0,
                  "Actual Startup Time": 23.056,
                  "Actual Total Time": 82.446,
                  "Actual Rows": 293244,
                  "Actual Loops": 4,
                  "Filter": "(company_id > 12744)",
                  "Rows Removed by Filter": 359039
                }
              ]
            }
          ]
        }
      ]
    },
    "Planning Time": 0.186,
    "Triggers": [],
    "Execution Time": 112.327
  }
]