[
  {
    "Plan": {
      "Node Type": "Aggregate",
      "Strategy": "Plain",
      "Partial Mode": "Finalize",
      "Parallel Aware": false,
      "Startup Cost": 94520.02,
      "Total Cost": 94520.03,
      "Plan Rows": 1,
      "Plan Width": 8,
      "Actual Startup Time": 319.697,
      "Actual Total Time": 338.116,
      "Actual Rows": 1,
      "Actual Loops": 1,
      "Plans": [
        {
          "Node Type": "Gather",
          "Parent Relationship": "Outer",
          "Parallel Aware": false,
          "Startup Cost": 94519.6,
          "Total Cost": 94520.01,
          "Plan Rows": 4,
          "Plan Width": 8,
          "Actual Startup Time": 313.395,
          "Actual Total Time": 338.101,
          "Actual Rows": 5,
          "Actual Loops": 1,
          "Workers Planned": 4,
          "Workers Launched": 4,
          "Single Copy": false,
          "Plans": [
            {
              "Node Type": "Aggregate",
              "Strategy": "Plain",
              "Partial Mode": "Partial",
              "Parent Relationship": "Outer",
              "Parallel Aware": false,
              "Startup Cost": 93519.6,
              "Total Cost": 93519.61,
              "Plan Rows": 1,
              "Plan Width": 8,
              "Actual Startup Time": 308.647,
              "Actual Total Time": 308.653,
              "Actual Rows": 1,
              "Actual Loops": 5,
              "Plans": [
                {
                  "Node Type": "Hash Join",
                  "Parent Relationship": "Outer",
                  "Parallel Aware": true,
                  "Join Type": "Inner",
                  "Startup Cost": 48616.29,
                  "Total Cost": 93493.83,
                  "Plan Rows": 10309,
                  "Plan Width": 0,
                  "Actual Startup Time": 171.927,
                  "Actual Total Time": 306.974,
                  "Actual Rows": 32573,
                  "Actual Loops": 5,
                  "Inner Unique": false,
                  "Hash Cond": "(t.id = mi_idx.movie_id)",
                  "Plans": [
                    {
                      "Node Type": "Seq Scan",
                      "Parent Relationship": "Outer",
                      "Parallel Aware": true,
                      "Relation Name": "title",
                      "Alias": "t",
                      "Startup Cost": 0.0,
                      "Total Cost": 42319.06,
                      "Plan Rows": 632106,
                      "Plan Width": 4,
                      "Actual Startup Time": 0.023,
                      "Actual Total Time": 67.287,
                      "Actual Rows": 505662,
                      "Actual Loops": 5
                    },
                    {
                      "Node Type": "Hash",
                      "Parent Relationship": "Inner",
                      "Parallel Aware": true,
                      "Startup Cost": 47675.84,
                      "Total Cost": 47675.84,
                      "Plan Rows": 75236,
                      "Plan Width": 8,
                      "Actual Startup Time": 170.552,
                      "Actual Total Time": 170.557,
                      "Actual Rows": 32573,
                      "Actual Loops": 5,
                      "Hash Buckets": 262144,
                      "Original Hash Buckets": 262144,
                      "Hash Batches": 1,
                      "Original Hash Batches": 1,
                      "Peak Memory Usage": 8512,
                      "Plans": [
                        {
                          "Node Type": "Hash Join",
                          "Parent Relationship": "Outer",
                          "Parallel Aware": true,
                          "Join Type": "Inner",
                          "Startup Cost": 22311.61,
                          "Total Cost": 47675.84,
                          "Plan Rows": 75236,
                          "Plan Width": 8,
                          "Actual Startup Time": 114.452,
                          "Actual Total Time": 159.176,
                          "Actual Rows": 32573,
                          "Actual Loops": 5,
                          "Inner Unique": false,
                          "Hash Cond": "(mk.movie_id = mi_idx.movie_id)",
                          "Plans": [
                            {
                              "Node Type": "Bitmap Heap Scan",
                              "Parent Relationship": "Outer",
                              "Parallel Aware": true,
                              "Relation Name": "movie_keyword",
                              "Alias": "mk",
                              "Startup Cost": 2418.7,
                              "Total Cost": 27331.74,
                              "Plan Rows": 36723,
                              "Plan Width": 4,
                              "Actual Startup Time": 11.194,
                              "Actual Total Time": 41.896,
                              "Actual Rows": 23320,
                              "Actual Loops": 5,
                              "Recheck Cond": "(keyword_id < 113)",
                              "Rows Removed by Index Recheck": 0,
                              "Exact Heap Blocks": 7119,
                              "Lossy Heap Blocks": 0,
                              "Plans": [
                                {
                                  "Node Type": "Bitmap Index Scan",
                                  "Parent Relationship": "Outer",
                                  "Parallel Aware": false,
                                  "Index Name": "keyword_id_movie_keyword",
                                  "Startup Cost": 0.0,
                                  "Total Cost": 2390.24,
                                  "Plan Rows": 113841,
                                  "Plan Width": 0,
                                  "Actual Startup Time": 7.873,
                                  "Actual Total Time": 7.873,
                                  "Actual Rows": 116602,
                                  "Actual Loops": 1,
                                  "Index Cond": "(keyword_id < 113)"
                                }
                              ]
                            },
                            {
                              "Node Type": "Hash",
                              "Parent Relationship": "Inner",
                              "Parallel Aware": true,
                              "Startup Cost": 15122.68,
                              "Total Cost": 15122.68,
                              "Plan Rows": 381618,
                              "Plan Width": 4,
                              "Actual Startup Time": 101.307,
                              "Actual Total Time": 101.308,
                              "Actual Rows": 183970,
                              "Actual Loops": 5,
                              "Hash Buckets": 1048576,
                              "Original Hash Buckets": 1048576,
                              "Hash Batches": 1,
                              "Original Hash Batches": 1,
                              "Peak Memory Usage": 44256,
                              "Plans": [
                                {
                                  "Node Type": "Seq Scan",
                                  "Parent Relationship": "Outer",
                                  "Parallel Aware": true,
                                  "Relation Name": "movie_info_idx",
                                  "Alias": "mi_idx",
                                  "Startup Cost": 0.0,
                                  "Total Cost": 15122.68,
                                  "Plan Rows": 381618,
                                  "Plan Width": 4,
                                  "Actual Startup Time": 0.031,
                                  "Actual Total Time": 40.698,
                                  "Actual Rows": 183970,
                                  "Actual Loops": 5,
                                  "Filter": "(info_type_id < 101)",
                                  "Rows Removed by Filter": 92037
                                }
                              ]
                            }
                          ]
                        }
                      ]
                    }
                  ]
                }
              ]
            }
          ]
        }
      ]
    },
    "Planning Time": 0.557,
    "Triggers": [],
    "Execution Time": 338.172
  }
]