[
  {
    "Plan": {
      "Node Type": "Aggregate",
      "Strategy": "Plain",
      "Partial Mode": "Finalize",
      "Parallel Aware": false,
      "Startup Cost": 334341.29,
      "Total Cost": 334341.3,
      "Plan Rows": 1,
      "Plan Width": 8,
      "Actual Startup Time": 586.711,
      "Actual Total Time": 610.337,
      "Actual Rows": 1,
      "Actual Loops": 1,
      "Plans": [
        {
          "Node Type": "Gather",
          "Parent Relationship": "Outer",
          "Parallel Aware": false,
          "Startup Cost": 334340.67,
          "Total Cost": 334341.28,
          "Plan Rows": 6,
          "Plan Width": 8,
          "Actual Startup Time": 586.645,
          "Actual Total Time": 610.33,
          "Actual Rows": 7,
          "Actual Loops": 1,
          "Workers Planned": 6,
          "Workers Launched": 6,
          "Single Copy": false,
          "Plans": [
            {
              "Node Type": "Aggregate",
              "Strategy": "Plain",
              "Partial Mode": "Partial",
              "Parent Relationship": "Outer",
              "Parallel Aware": false,
              "Startup Cost": 333340.67,
              "Total Cost": 333340.68,
              "Plan Rows": 1,
              "Plan Width": 8,
              "Actual Startup Time": 582.503,
              "Actual Total Time": 582.504,
              "Actual Rows": 1,
              "Actual Loops": 7,
              "Plans": [
                {
                  "Node Type": "Seq Scan",
                  "Parent Relationship": "Outer",
                  "Parallel Aware": true,
                  "Relation Name": "cast_info",
                  "Alias": "ci",
                  "Startup Cost": 0.0,
                  "Total Cost": 328213.62,
                  "Plan Rows": 2050820,
                  "Plan Width": 0,
                  "Actual Startup Time": 230.628,
                  "Actual Total Time": 506.765,
                  "Actual Rows": 1784005,
                  "Actual Loops": 7,
                  "Filter": "(person_id > 2434356)",
                  "Rows Removed by Filter": 3393759
                }
              ]
            }
          ]
        }
      ]
    },
    "Planning Time": 0.064,
    "Triggers": [],
    "Execution Time": 610.366
  }
]