[
  {
    "Plan": {
      "Node Type": "Aggregate",
      "Strategy": "Plain",
      "Partial Mode": "Finalize",
      "Parallel Aware": false,
      "Startup Cost": 88140.14,
      "Total Cost": 88140.15,
      "Plan Rows": 1,
      "Plan Width": 8,
      "Actual Startup Time": 572.029,
      "Actual Total Time": 593.297,
      "Actual Rows": 1,
      "Actual Loops": 1,
      "Plans": [
        {
          "Node Type": "Gather",
          "Parent Relationship": "Outer",
          "Parallel Aware": false,
          "Startup Cost": 88139.82,
          "Total Cost": 88140.13,
          "Plan Rows": 3,
          "Plan Width": 8,
          "Actual Startup Time": 553.949,
          "Actual Total Time": 593.287,
          "Actual Rows": 4,
          "Actual Loops": 1,
          "Workers Planned": 3,
          "Workers Launched": 3,
          "Single Copy": false,
          "Plans": [
            {
              "Node Type": "Aggregate",
              "Strategy": "Plain",
              "Partial Mode": "Partial",
              "Parent Relationship": "Outer",
              "Parallel Aware": false,
              "Startup Cost": 87139.82,
              "Total Cost": 87139.83,
              "Plan Rows": 1,
              "Plan Width": 8,
              "Actual Startup Time": 539.528,
              "Actual Total Time": 539.532,
              "Actual Rows": 1,
              "Actual Loops": 4,
              "Plans": [
                {
                  "Node Type": "Hash Join",
                  "Parent Relationship": "Outer",
                  "Parallel Aware": true,
                  "Join Type": "Inner",
                  "Startup Cost": 60051.59,
                  "Total Cost": 86766.17,
                  "Plan Rows": 149460,
                  "Plan Width": 0,
                  "Actual Startup Time": 419.238,
                  "Actual Total Time": 533.139,
                  "Actual Rows": 116350,
                  "Actual Loops": 4,
                  "Inner Unique": true,
                  "Hash Cond": "(mk.movie_id = t.id)",
                  "Plans": [
                    {
                      "Node Type": "Bitmap Heap Scan",
                      "Parent Relationship": "Outer",
                      "Parallel Aware": true,
                      "Relation Name": "movie_keyword",
                      "Alias": "mk",
                      "Startup Cost": 9831.21,
                      "Total Cost": 36153.46,
                      "Plan Rows": 149460,
                      "Plan Width": 4,
                      "Actual Startup Time": 28.801,
                      "Actual Total Time": 88.768,
                      "Actual Rows": 116350,
                      "Actual Loops": 4,
                      "Recheck Cond": "(keyword_id < 355)",
                      "Rows Removed by Index Recheck": 0,
                      "Exact Heap Blocks": 7828,
                      "Lossy Heap Blocks": 0,
                      "Plans": [
                        {
                          "Node Type": "Bitmap Index Scan",
                          "Parent Relationship": "Outer",
                          "Parallel Aware": false,
                          "Index Name": "keyword_id_movie_keyword",
                          "Startup Cost": 0.0,
                          "Total Cost": 9715.38,
                          "Plan Rows": 463326,
                          "Plan Width": 0,
                          "Actual Startup Time": 25.215,
                          "Actual Total Time": 25.216,
                          "Actual Rows": 465401,
                          "Actual Loops": 1,
                          "Index Cond": "(keyword_id < 355)"
                        }
                      ]
                    },
                    {
                      "Node Type": "Hash",
                      "Parent Relationship": "Inner",
                      "Parallel Aware": true,
                      "Startup Cost": 42319.06,
                      "Total Cost": 42319.06,
                      "Plan Rows": 632106,
                      "Plan Width": 4,
                      "Actual Startup Time": 381.194,
                      "Actual Total Time": 381.195,
                      "Actual Rows": 632078,
                      "Actual Loops": 4,
                      "Hash Buckets": 4194304,
                      "Original Hash Buckets": 4194304,
                      "Hash Batches": 1,
                      "Original Hash Batches": 1,
                      "Peak Memory Usage": 131744,
                      "Plans": [
                        {
                          "Node Type": "Seq Scan",
                          "Parent Relationship": "Outer",
                          "Parallel Aware": true,
                          "Relation Name": "title",
                          "Alias": "t",
                          "Startup Cost": 0.0,
                          "Total Cost": 42319.06,
                          "Plan Rows": 632106,
                          "Plan Width": 4,
                          "Actual Startup Time": 0.051,
                          "Actual Total Time": 114.399,
                          "Actual Rows": 632078,
                          "Actual Loops": 4
                        }
                      ]
                    }
                  ]
                }
              ]
            }
          ]
        }
      ]
    },
    "Planning Time": 0.321,
    "Triggers": [],
    "Execution Time": 593.352
  }
]