{
    "Plan": {
        "Node Type": "Aggregate",
        "Strategy": "Plain",
        "Partial Mode": "Finalize",
        "Parallel Aware": false,
        "Startup Cost": 81300.14,
        "Total Cost": 81300.15,
        "Plan Rows": 1,
        "Plan Width": 8,
        "Actual Startup Time": 419.446,
        "Actual Total Time": 434.196,
        "Actual Rows": 1,
        "Actual Loops": 1,
        "Output": [
            "count(*)"
        ],
        "Plans": [
            {
                "Node Type": "Gather",
                "Parent Relationship": "Outer",
                "Parallel Aware": false,
                "Startup Cost": 81299.72,
                "Total Cost": 81300.13,
                "Plan Rows": 4,
                "Plan Width": 8,
                "Actual Startup Time": 415.888,
                "Actual Total Time": 434.186,
                "Actual Rows": 5,
                "Actual Loops": 1,
                "Output": [
                    "(PARTIAL count(*))"
                ],
                "Workers Planned": 4,
                "Workers Launched": 4,
                "Single Copy": false,
                "Plans": [
                    {
                        "Node Type": "Aggregate",
                        "Strategy": "Plain",
                        "Partial Mode": "Partial",
                        "Parent Relationship": "Outer",
                        "Parallel Aware": false,
                        "Startup Cost": 80299.72,
                        "Total Cost": 80299.73,
                        "Plan Rows": 1,
                        "Plan Width": 8,
                        "Actual Startup Time": 406.16,
                        "Actual Total Time": 406.167,
                        "Actual Rows": 1,
                        "Actual Loops": 5,
                        "Output": [
                            "PARTIAL count(*)"
                        ],
                        "Workers": [
                            {
                                "Worker Number": 0,
                                "Actual Startup Time": 403.244,
                                "Actual Total Time": 403.257,
                                "Actual Rows": 1,
                                "Actual Loops": 1
                            },
                            {
                                "Worker Number": 1,
                                "Actual Startup Time": 403.657,
                                "Actual Total Time": 403.661,
                                "Actual Rows": 1,
                                "Actual Loops": 1
                            },
                            {
                                "Worker Number": 2,
                                "Actual Startup Time": 404.048,
                                "Actual Total Time": 404.059,
                                "Actual Rows": 1,
                                "Actual Loops": 1
                            },
                            {
                                "Worker Number": 3,
                                "Actual Startup Time": 404.71,
                                "Actual Total Time": 404.713,
                                "Actual Rows": 1,
                                "Actual Loops": 1
                            }
                        ],
                        "Plans": [
                            {
                                "Node Type": "Hash Join",
                                "Parent Relationship": "Outer",
                                "Parallel Aware": true,
                                "Join Type": "Inner",
                                "Startup Cost": 33376.98,
                                "Total Cost": 79669.45,
                                "Plan Rows": 252110,
                                "Plan Width": 0,
                                "Actual Startup Time": 145.023,
                                "Actual Total Time": 397.04,
                                "Actual Rows": 202244,
                                "Actual Loops": 5,
                                "Inner Unique": false,
                                "Hash Cond": "(t.id = mc.movie_id)",
                                "Workers": [
                                    {
                                        "Worker Number": 0,
                                        "Actual Startup Time": 142.236,
                                        "Actual Total Time": 394.715,
                                        "Actual Rows": 208968,
                                        "Actual Loops": 1
                                    },
                                    {
                                        "Worker Number": 1,
                                        "Actual Startup Time": 142.638,
                                        "Actual Total Time": 393.812,
                                        "Actual Rows": 149581,
                                        "Actual Loops": 1
                                    },
                                    {
                                        "Worker Number": 2,
                                        "Actual Startup Time": 143.027,
                                        "Actual Total Time": 395.281,
                                        "Actual Rows": 213601,
                                        "Actual Loops": 1
                                    },
                                    {
                                        "Worker Number": 3,
                                        "Actual Startup Time": 143.088,
                                        "Actual Total Time": 396.557,
                                        "Actual Rows": 196018,
                                        "Actual Loops": 1
                                    }
                                ],
                                "Plans": [
                                    {
                                        "Node Type": "Seq Scan",
                                        "Parent Relationship": "Outer",
                                        "Parallel Aware": true,
                                        "Relation Name": "title",
                                        "Schema": "public",
                                        "Alias": "t",
                                        "Startup Cost": 0.0,
                                        "Total Cost": 42318.81,
                                        "Plan Rows": 632080,
                                        "Plan Width": 4,
                                        "Actual Startup Time": 0.02,
                                        "Actual Total Time": 67.662,
                                        "Actual Rows": 505662,
                                        "Actual Loops": 5,
                                        "Output": [
                                            "t.id",
                                            "t.title",
                                            "t.imdb_index",
                                            "t.kind_id",
                                            "t.production_year",
                                            "t.imdb_id",
                                            "t.phonetic_code",
                                            "t.episode_of_id",
                                            "t.season_nr",
                                            "t.episode_nr",
                                            "t.series_years",
                                            "t.md5sum"
                                        ],
                                        "Workers": [
                                            {
                                                "Worker Number": 0,
                                                "Actual Startup Time": 0.025,
                                                "Actual Total Time": 70.318,
                                                "Actual Rows": 521995,
                                                "Actual Loops": 1
                                            },
                                            {
                                                "Worker Number": 1,
                                                "Actual Startup Time": 0.02,
                                                "Actual Total Time": 73.862,
                                                "Actual Rows": 373140,
                                                "Actual Loops": 1
                                            },
                                            {
                                                "Worker Number": 2,
                                                "Actual Startup Time": 0.023,
                                                "Actual Total Time": 70.864,
                                                "Actual Rows": 534234,
                                                "Actual Loops": 1
                                            },
                                            {
                                                "Worker Number": 3,
                                                "Actual Startup Time": 0.025,
                                                "Actual Total Time": 69.259,
                                                "Actual Rows": 490166,
                                                "Actual Loops": 1
                                            }
                                        ]
                                    },
                                    {
                                        "Node Type": "Hash",
                                        "Parent Relationship": "Inner",
                                        "Parallel Aware": true,
                                        "Startup Cost": 29310.68,
                                        "Total Cost": 29310.68,
                                        "Plan Rows": 325304,
                                        "Plan Width": 4,
                                        "Actual Startup Time": 140.702,
                                        "Actual Total Time": 140.703,
                                        "Actual Rows": 202244,
                                        "Actual Loops": 5,
                                        "Output": [
                                            "mc.movie_id"
                                        ],
                                        "Hash Buckets": 1048576,
                                        "Original Hash Buckets": 1048576,
                                        "Hash Batches": 1,
                                        "Original Hash Batches": 1,
                                        "Peak Memory Usage": 47840,
                                        "Workers": [
                                            {
                                                "Worker Number": 0,
                                                "Actual Startup Time": 141.62,
                                                "Actual Total Time": 141.621,
                                                "Actual Rows": 187704,
                                                "Actual Loops": 1
                                            },
                                            {
                                                "Worker Number": 1,
                                                "Actual Startup Time": 142.005,
                                                "Actual Total Time": 142.006,
                                                "Actual Rows": 174343,
                                                "Actual Loops": 1
                                            },
                                            {
                                                "Worker Number": 2,
                                                "Actual Startup Time": 142.364,
                                                "Actual Total Time": 142.365,
                                                "Actual Rows": 194923,
                                                "Actual Loops": 1
                                            },
                                            {
                                                "Worker Number": 3,
                                                "Actual Startup Time": 142.399,
                                                "Actual Total Time": 142.4,
                                                "Actual Rows": 174069,
                                                "Actual Loops": 1
                                            }
                                        ],
                                        "Plans": [
                                            {
                                                "Node Type": "Seq Scan",
                                                "Parent Relationship": "Outer",
                                                "Parallel Aware": true,
                                                "Relation Name": "movie_companies",
                                                "Schema": "public",
                                                "Alias": "mc",
                                                "Startup Cost": 0.0,
                                                "Total Cost": 29310.68,
                                                "Plan Rows": 325304,
                                                "Plan Width": 4,
                                                "Actual Startup Time": 0.057,
                                                "Actual Total Time": 65.659,
                                                "Actual Rows": 202244,
                                                "Actual Loops": 5,
                                                "Output": [
                                                    "mc.movie_id"
                                                ],
                                                "Filter": "(mc.company_id < 5044)",
                                                "Rows Removed by Filter": 319582,
                                                "Workers": [
                                                    {
                                                        "Worker Number": 0,
                                                        "Actual Startup Time": 0.068,
                                                        "Actual Total Time": 67.181,
                                                        "Actual Rows": 187704,
                                                        "Actual Loops": 1
                                                    },
                                                    {
                                                        "Worker Number": 1,
                                                        "Actual Startup Time": 0.078,
                                                        "Actual Total Time": 66.39,
                                                        "Actual Rows": 174343,
                                                        "Actual Loops": 1
                                                    },
                                                    {
                                                        "Worker Number": 2,
                                                        "Actual Startup Time": 0.068,
                                                        "Actual Total Time": 67.576,
                                                        "Actual Rows": 194923,
                                                        "Actual Loops": 1
                                                    },
                                                    {
                                                        "Worker Number": 3,
                                                        "Actual Startup Time": 0.053,
                                                        "Actual Total Time": 66.569,
                                                        "Actual Rows": 174069,
                                                        "Actual Loops": 1
                                                    }
                                                ]
                                            }
                                        ]
                                    }
                                ]
                            }
                        ]
                    }
                ]
            }
        ]
    },
    "Planning Time": 0.737,
    "Triggers": [],
    "Execution Time": 434.268
}