[
  {
    "Plan": {
      "Node Type": "Aggregate",
      "Strategy": "Plain",
      "Partial Mode": "Finalize",
      "Parallel Aware": false,
      "Startup Cost": 233058.65,
      "Total Cost": 233058.66,
      "Plan Rows": 1,
      "Plan Width": 8,
      "Actual Startup Time": 307.915,
      "Actual Total Time": 323.24,
      "Actual Rows": 1,
      "Actual Loops": 1,
      "Plans": [
        {
          "Node Type": "Gather",
          "Parent Relationship": "Outer",
          "Parallel Aware": false,
          "Startup Cost": 233058.03,
          "Total Cost": 233058.64,
          "Plan Rows": 6,
          "Plan Width": 8,
          "Actual Startup Time": 307.776,
          "Actual Total Time": 323.231,
          "Actual Rows": 7,
          "Actual Loops": 1,
          "Workers Planned": 6,
          "Workers Launched": 6,
          "Single Copy": false,
          "Plans": [
            {
              "Node Type": "Aggregate",
              "Strategy": "Plain",
              "Partial Mode": "Partial",
              "Parent Relationship": "Outer",
              "Parallel Aware": false,
              "Startup Cost": 232058.03,
              "Total Cost": 232058.04,
              "Plan Rows": 1,
              "Plan Width": 8,
              "Actual Startup Time": 298.389,
              "Actual Total Time": 298.39,
              "Actual Rows": 1,
              "Actual Loops": 7,
              "Plans": [
                {
                  "Node Type": "Index Scan",
                  "Parent Relationship": "Outer",
                  "Parallel Aware": true,
                  "Scan Direction": "Forward",
                  "Index Name": "role_id_cast_info",
                  "Relation Name": "cast_info",
                  "Alias": "ci",
                  "Startup Cost": 0.56,
                  "Total Cost": 230750.01,
                  "Plan Rows": 523208,
                  "Plan Width": 0,
                  "Actual Startup Time": 0.173,
                  "Actual Total Time": 286.05,
                  "Actual Rows": 223421,
                  "Actual Loops": 7,
                  "Index Cond": "(role_id > 5)",
                  "Rows Removed by Index Recheck": 0,
                  "Filter": "(person_id < 1307082)",
                  "Rows Removed by Filter": 988910
                }
              ]
            }
          ]
        }
      ]
    },
    "Planning Time": 0.131,
    "Triggers": [],
    "Execution Time": 323.279
  }
]