[
    {
        "Bao": {
            "Bao prediction": "NaN",
            "Bao recommended hint": "(no hint)"
        }
    },
    {
        "Plan": {
            "Node Type": "Aggregate",
            "Strategy": "Plain",
            "Partial Mode": "Finalize",
            "Parallel Aware": false,
            "Startup Cost": 259221.76,
            "Total Cost": 259221.77,
            "Plan Rows": 1,
            "Plan Width": 8,
            "Actual Startup Time": 464.045,
            "Actual Total Time": 474.378,
            "Actual Rows": 1,
            "Actual Loops": 1,
            "Output": [
                "count(*)"
            ],
            "Plans": [
                {
                    "Node Type": "Gather",
                    "Parent Relationship": "Outer",
                    "Parallel Aware": false,
                    "Startup Cost": 259221.23,
                    "Total Cost": 259221.74,
                    "Plan Rows": 5,
                    "Plan Width": 8,
                    "Actual Startup Time": 455.356,
                    "Actual Total Time": 474.368,
                    "Actual Rows": 6,
                    "Actual Loops": 1,
                    "Output": [
                        "(PARTIAL count(*))"
                    ],
                    "Workers Planned": 5,
                    "Workers Launched": 5,
                    "Single Copy": false,
                    "Plans": [
                        {
                            "Node Type": "Aggregate",
                            "Strategy": "Plain",
                            "Partial Mode": "Partial",
                            "Parent Relationship": "Outer",
                            "Parallel Aware": false,
                            "Startup Cost": 258221.23,
                            "Total Cost": 258221.24,
                            "Plan Rows": 1,
                            "Plan Width": 8,
                            "Actual Startup Time": 445.249,
                            "Actual Total Time": 445.362,
                            "Actual Rows": 1,
                            "Actual Loops": 6,
                            "Output": [
                                "PARTIAL count(*)"
                            ],
                            "Workers": [
                                {
                                    "Worker Number": 0,
                                    "Actual Startup Time": 443.532,
                                    "Actual Total Time": 443.538,
                                    "Actual Rows": 1,
                                    "Actual Loops": 1
                                },
                                {
                                    "Worker Number": 1,
                                    "Actual Startup Time": 442.802,
                                    "Actual Total Time": 442.809,
                                    "Actual Rows": 1,
                                    "Actual Loops": 1
                                },
                                {
                                    "Worker Number": 2,
                                    "Actual Startup Time": 443.055,
                                    "Actual Total Time": 443.06,
                                    "Actual Rows": 1,
                                    "Actual Loops": 1
                                },
                                {
                                    "Worker Number": 3,
                                    "Actual Startup Time": 443.37,
                                    "Actual Total Time": 443.375,
                                    "Actual Rows": 1,
                                    "Actual Loops": 1
                                },
                                {
                                    "Worker Number": 4,
                                    "Actual Startup Time": 443.765,
                                    "Actual Total Time": 443.771,
                                    "Actual Rows": 1,
                                    "Actual Loops": 1
                                }
                            ],
                            "Plans": [
                                {
                                    "Node Type": "Hash Join",
                                    "Parent Relationship": "Outer",
                                    "Parallel Aware": true,
                                    "Join Type": "Inner",
                                    "Startup Cost": 93599.42,
                                    "Total Cost": 258124.06,
                                    "Plan Rows": 38868,
                                    "Plan Width": 0,
                                    "Actual Startup Time": 364.751,
                                    "Actual Total Time": 440.814,
                                    "Actual Rows": 75178,
                                    "Actual Loops": 6,
                                    "Inner Unique": false,
                                    "Hash Cond": "(mi.movie_id = t.id)",
                                    "Workers": [
                                        {
                                            "Worker Number": 0,
                                            "Actual Startup Time": 362.399,
                                            "Actual Total Time": 438.995,
                                            "Actual Rows": 54493,
                                            "Actual Loops": 1
                                        },
                                        {
                                            "Worker Number": 1,
                                            "Actual Startup Time": 362.221,
                                            "Actual Total Time": 438.677,
                                            "Actual Rows": 98006,
                                            "Actual Loops": 1
                                        },
                                        {
                                            "Worker Number": 2,
                                            "Actual Startup Time": 362.699,
                                            "Actual Total Time": 438.367,
                                            "Actual Rows": 67994,
                                            "Actual Loops": 1
                                        },
                                        {
                                            "Worker Number": 3,
                                            "Actual Startup Time": 363.074,
                                            "Actual Total Time": 438.789,
                                            "Actual Rows": 75629,
                                            "Actual Loops": 1
                                        },
                                        {
                                            "Worker Number": 4,
                                            "Actual Startup Time": 363.48,
                                            "Actual Total Time": 439.278,
                                            "Actual Rows": 74000,
                                            "Actual Loops": 1
                                        }
                                    ],
                                    "Plans": [
                                        {
                                            "Node Type": "Bitmap Heap Scan",
                                            "Parent Relationship": "Outer",
                                            "Parallel Aware": true,
                                            "Relation Name": "movie_info",
                                            "Schema": "public",
                                            "Alias": "mi",
                                            "Startup Cost": 13585.73,
                                            "Total Cost": 177451.4,
                                            "Plan Rows": 149814,
                                            "Plan Width": 4,
                                            "Actual Startup Time": 43.211,
                                            "Actual Total Time": 65.053,
                                            "Actual Rows": 133690,
                                            "Actual Loops": 6,
                                            "Output": [
                                                "mi.id",
                                                "mi.movie_id",
                                                "mi.info_type_id",
                                                "mi.info",
                                                "mi.note"
                                            ],
                                            "Recheck Cond": "(mi.info_type_id < 2)",
                                            "Rows Removed by Index Recheck": 0,
                                            "Exact Heap Blocks": 876,
                                            "Lossy Heap Blocks": 0,
                                            "Workers": [
                                                {
                                                    "Worker Number": 0,
                                                    "Actual Startup Time": 43.194,
                                                    "Actual Total Time": 70.763,
                                                    "Actual Rows": 96544,
                                                    "Actual Loops": 1
                                                },
                                                {
                                                    "Worker Number": 1,
                                                    "Actual Startup Time": 43.041,
                                                    "Actual Total Time": 62.222,
                                                    "Actual Rows": 180430,
                                                    "Actual Loops": 1
                                                },
                                                {
                                                    "Worker Number": 2,
                                                    "Actual Startup Time": 43.225,
                                                    "Actual Total Time": 65.812,
                                                    "Actual Rows": 118088,
                                                    "Actual Loops": 1
                                                },
                                                {
                                                    "Worker Number": 3,
                                                    "Actual Startup Time": 43.283,
                                                    "Actual Total Time": 64.502,
                                                    "Actual Rows": 134529,
                                                    "Actual Loops": 1
                                                },
                                                {
                                                    "Worker Number": 4,
                                                    "Actual Startup Time": 43.295,
                                                    "Actual Total Time": 64.641,
                                                    "Actual Rows": 127670,
                                                    "Actual Loops": 1
                                                }
                                            ],
                                            "Plans": [
                                                {
                                                    "Node Type": "Bitmap Index Scan",
                                                    "Parent Relationship": "Outer",
                                                    "Parallel Aware": false,
                                                    "Index Name": "info_type_id_movie_info",
                                                    "Startup Cost": 0.0,
                                                    "Total Cost": 13398.46,
                                                    "Plan Rows": 749070,
                                                    "Plan Width": 0,
                                                    "Actual Startup Time": 42.365,
                                                    "Actual Total Time": 42.366,
                                                    "Actual Rows": 802140,
                                                    "Actual Loops": 1,
                                                    "Index Cond": "(mi.info_type_id < 2)",
                                                    "Workers": [
                                                        {
                                                            "Worker Number": 1,
                                                            "Actual Startup Time": 42.365,
                                                            "Actual Total Time": 42.366,
                                                            "Actual Rows": 802140,
                                                            "Actual Loops": 1
                                                        }
                                                    ]
                                                }
                                            ]
                                        },
                                        {
                                            "Node Type": "Hash",
                                            "Parent Relationship": "Inner",
                                            "Parallel Aware": true,
                                            "Startup Cost": 77963.84,
                                            "Total Cost": 77963.84,
                                            "Plan Rows": 163988,
                                            "Plan Width": 8,
                                            "Actual Startup Time": 319.398,
                                            "Actual Total Time": 319.508,
                                            "Actual Rows": 109034,
                                            "Actual Loops": 6,
                                            "Output": [
                                                "t.id",
                                                "mc.movie_id"
                                            ],
                                            "Hash Buckets": 1048576,
                                            "Original Hash Buckets": 1048576,
                                            "Hash Batches": 1,
                                            "Original Hash Batches": 1,
                                            "Peak Memory Usage": 33888,
                                            "Workers": [
                                                {
                                                    "Worker Number": 0,
                                                    "Actual Startup Time": 318.62,
                                                    "Actual Total Time": 318.623,
                                                    "Actual Rows": 75918,
                                                    "Actual Loops": 1
                                                },
                                                {
                                                    "Worker Number": 1,
                                                    "Actual Startup Time": 318.657,
                                                    "Actual Total Time": 318.661,
                                                    "Actual Rows": 113270,
                                                    "Actual Loops": 1
                                                },
                                                {
                                                    "Worker Number": 2,
                                                    "Actual Startup Time": 318.968,
                                                    "Actual Total Time": 318.972,
                                                    "Actual Rows": 113806,
                                                    "Actual Loops": 1
                                                },
                                                {
                                                    "Worker Number": 3,
                                                    "Actual Startup Time": 319.37,
                                                    "Actual Total Time": 319.373,
                                                    "Actual Rows": 111665,
                                                    "Actual Loops": 1
                                                },
                                                {
                                                    "Worker Number": 4,
                                                    "Actual Startup Time": 319.727,
                                                    "Actual Total Time": 319.73,
                                                    "Actual Rows": 114238,
                                                    "Actual Loops": 1
                                                }
                                            ],
                                            "Plans": [
                                                {
                                                    "Node Type": "Hash Join",
                                                    "Parent Relationship": "Outer",
                                                    "Parallel Aware": true,
                                                    "Join Type": "Inner",
                                                    "Startup Cost": 31955.64,
                                                    "Total Cost": 77963.84,
                                                    "Plan Rows": 163988,
                                                    "Plan Width": 8,
                                                    "Actual Startup Time": 104.933,
                                                    "Actual Total Time": 280.788,
                                                    "Actual Rows": 109034,
                                                    "Actual Loops": 6,
                                                    "Output": [
                                                        "t.id",
                                                        "mc.movie_id"
                                                    ],
                                                    "Inner Unique": false,
                                                    "Hash Cond": "(t.id = mc.movie_id)",
                                                    "Workers": [
                                                        {
                                                            "Worker Number": 0,
                                                            "Actual Startup Time": 104.167,
                                                            "Actual Total Time": 282.459,
                                                            "Actual Rows": 75918,
                                                            "Actual Loops": 1
                                                        },
                                                        {
                                                            "Worker Number": 1,
                                                            "Actual Startup Time": 104.219,
                                                            "Actual Total Time": 281.291,
                                                            "Actual Rows": 113270,
                                                            "Actual Loops": 1
                                                        },
                                                        {
                                                            "Worker Number": 2,
                                                            "Actual Startup Time": 104.49,
                                                            "Actual Total Time": 279.799,
                                                            "Actual Rows": 113806,
                                                            "Actual Loops": 1
                                                        },
                                                        {
                                                            "Worker Number": 3,
                                                            "Actual Startup Time": 104.874,
                                                            "Actual Total Time": 279.753,
                                                            "Actual Rows": 111665,
                                                            "Actual Loops": 1
                                                        },
                                                        {
                                                            "Worker Number": 4,
                                                            "Actual Startup Time": 105.196,
                                                            "Actual Total Time": 280.115,
                                                            "Actual Rows": 114238,
                                                            "Actual Loops": 1
                                                        }
                                                    ],
                                                    "Plans": [
                                                        {
                                                            "Node Type": "Seq Scan",
                                                            "Parent Relationship": "Outer",
                                                            "Parallel Aware": true,
                                                            "Relation Name": "title",
                                                            "Schema": "public",
                                                            "Alias": "t",
                                                            "Startup Cost": 0.0,
                                                            "Total Cost": 42318.81,
                                                            "Plan Rows": 632080,
                                                            "Plan Width": 4,
                                                            "Actual Startup Time": 0.009,
                                                            "Actual Total Time": 55.121,
                                                            "Actual Rows": 421385,
                                                            "Actual Loops": 6,
                                                            "Output": [
                                                                "t.id",
                                                                "t.title",
                                                                "t.imdb_index",
                                                                "t.kind_id",
                                                                "t.production_year",
                                                                "t.imdb_id",
                                                                "t.phonetic_code",
                                                                "t.episode_of_id",
                                                                "t.season_nr",
                                                                "t.episode_nr",
                                                                "t.series_years",
                                                                "t.md5sum"
                                                            ],
                                                            "Workers": [
                                                                {
                                                                    "Worker Number": 0,
                                                                    "Actual Startup Time": 0.025,
                                                                    "Actual Total Time": 62.846,
                                                                    "Actual Rows": 296107,
                                                                    "Actual Loops": 1
                                                                },
                                                                {
                                                                    "Worker Number": 1,
                                                                    "Actual Startup Time": 0.005,
                                                                    "Actual Total Time": 56.637,
                                                                    "Actual Rows": 435620,
                                                                    "Actual Loops": 1
                                                                },
                                                                {
                                                                    "Worker Number": 2,
                                                                    "Actual Startup Time": 0.006,
                                                                    "Actual Total Time": 55.522,
                                                                    "Actual Rows": 436079,
                                                                    "Actual Loops": 1
                                                                },
                                                                {
                                                                    "Worker Number": 3,
                                                                    "Actual Startup Time": 0.005,
                                                                    "Actual Total Time": 56.326,
                                                                    "Actual Rows": 430586,
                                                                    "Actual Loops": 1
                                                                },
                                                                {
                                                                    "Worker Number": 4,
                                                                    "Actual Startup Time": 0.009,
                                                                    "Actual Total Time": 55.733,
                                                                    "Actual Rows": 439068,
                                                                    "Actual Loops": 1
                                                                }
                                                            ]
                                                        },
                                                        {
                                                            "Node Type": "Hash",
                                                            "Parent Relationship": "Inner",
                                                            "Parallel Aware": true,
                                                            "Startup Cost": 29310.68,
                                                            "Total Cost": 29310.68,
                                                            "Plan Rows": 211597,
                                                            "Plan Width": 4,
                                                            "Actual Startup Time": 103.863,
                                                            "Actual Total Time": 103.864,
                                                            "Actual Rows": 109034,
                                                            "Actual Loops": 6,
                                                            "Output": [
                                                                "mc.movie_id"
                                                            ],
                                                            "Hash Buckets": 1048576,
                                                            "Original Hash Buckets": 1048576,
                                                            "Hash Batches": 1,
                                                            "Original Hash Batches": 1,
                                                            "Peak Memory Usage": 33888,
                                                            "Workers": [
                                                                {
                                                                    "Worker Number": 0,
                                                                    "Actual Startup Time": 104.052,
                                                                    "Actual Total Time": 104.053,
                                                                    "Actual Rows": 79601,
                                                                    "Actual Loops": 1
                                                                },
                                                                {
                                                                    "Worker Number": 1,
                                                                    "Actual Startup Time": 104.138,
                                                                    "Actual Total Time": 104.14,
                                                                    "Actual Rows": 113154,
                                                                    "Actual Loops": 1
                                                                },
                                                                {
                                                                    "Worker Number": 2,
                                                                    "Actual Startup Time": 104.412,
                                                                    "Actual Total Time": 104.413,
                                                                    "Actual Rows": 108021,
                                                                    "Actual Loops": 1
                                                                },
                                                                {
                                                                    "Worker Number": 3,
                                                                    "Actual Startup Time": 104.758,
                                                                    "Actual Total Time": 104.759,
                                                                    "Actual Rows": 112728,
                                                                    "Actual Loops": 1
                                                                },
                                                                {
                                                                    "Worker Number": 4,
                                                                    "Actual Startup Time": 105.105,
                                                                    "Actual Total Time": 105.106,
                                                                    "Actual Rows": 108794,
                                                                    "Actual Loops": 1
                                                                }
                                                            ],
                                                            "Plans": [
                                                                {
                                                                    "Node Type": "Seq Scan",
                                                                    "Parent Relationship": "Outer",
                                                                    "Parallel Aware": true,
                                                                    "Relation Name": "movie_companies",
                                                                    "Schema": "public",
                                                                    "Alias": "mc",
                                                                    "Startup Cost": 0.0,
                                                                    "Total Cost": 29310.68,
                                                                    "Plan Rows": 211597,
                                                                    "Plan Width": 4,
                                                                    "Actual Startup Time": 28.193,
                                                                    "Actual Total Time": 62.502,
                                                                    "Actual Rows": 109034,
                                                                    "Actual Loops": 6,
                                                                    "Output": [
                                                                        "mc.movie_id"
                                                                    ],
                                                                    "Filter": "(mc.company_id > 53831)",
                                                                    "Rows Removed by Filter": 325820,
                                                                    "Workers": [
                                                                        {
                                                                            "Worker Number": 0,
                                                                            "Actual Startup Time": 28.191,
                                                                            "Actual Total Time": 64.177,
                                                                            "Actual Rows": 79601,
                                                                            "Actual Loops": 1
                                                                        },
                                                                        {
                                                                            "Worker Number": 1,
                                                                            "Actual Startup Time": 28.192,
                                                                            "Actual Total Time": 63.021,
                                                                            "Actual Rows": 113154,
                                                                            "Actual Loops": 1
                                                                        },
                                                                        {
                                                                            "Worker Number": 2,
                                                                            "Actual Startup Time": 28.114,
                                                                            "Actual Total Time": 62.117,
                                                                            "Actual Rows": 108021,
                                                                            "Actual Loops": 1
                                                                        },
                                                                        {
                                                                            "Worker Number": 3,
                                                                            "Actual Startup Time": 28.194,
                                                                            "Actual Total Time": 63.15,
                                                                            "Actual Rows": 112728,
                                                                            "Actual Loops": 1
                                                                        },
                                                                        {
                                                                            "Worker Number": 4,
                                                                            "Actual Startup Time": 28.141,
                                                                            "Actual Total Time": 62.176,
                                                                            "Actual Rows": 108794,
                                                                            "Actual Loops": 1
                                                                        }
                                                                    ]
                                                                }
                                                            ]
                                                        }
                                                    ]
                                                }
                                            ]
                                        }
                                    ]
                                }
                            ]
                        }
                    ]
                }
            ]
        },
        "Planning Time": 184.55,
        "Triggers": [],
        "Execution Time": 474.451
    }
]