[
  {
    "Plan": {
      "Node Type": "Aggregate",
      "Strategy": "Plain",
      "Partial Mode": "Finalize",
      "Parallel Aware": false,
      "Startup Cost": 33197.44,
      "Total Cost": 33197.45,
      "Plan Rows": 1,
      "Plan Width": 8,
      "Actual Startup Time": 110.184,
      "Actual Total Time": 117.165,
      "Actual Rows": 1,
      "Actual Loops": 1,
      "Plans": [
        {
          "Node Type": "Gather",
          "Parent Relationship": "Outer",
          "Parallel Aware": false,
          "Startup Cost": 33197.12,
          "Total Cost": 33197.43,
          "Plan Rows": 3,
          "Plan Width": 8,
          "Actual Startup Time": 110.022,
          "Actual Total Time": 117.156,
          "Actual Rows": 4,
          "Actual Loops": 1,
          "Workers Planned": 3,
          "Workers Launched": 3,
          "Single Copy": false,
          "Plans": [
            {
              "Node Type": "Aggregate",
              "Strategy": "Plain",
              "Partial Mode": "Partial",
              "Parent Relationship": "Outer",
              "Parallel Aware": false,
              "Startup Cost": 32197.12,
              "Total Cost": 32197.13,
              "Plan Rows": 1,
              "Plan Width": 8,
              "Actual Startup Time": 101.296,
              "Actual Total Time": 101.297,
              "Actual Rows": 1,
              "Actual Loops": 4,
              "Plans": [
                {
                  "Node Type": "Seq Scan",
                  "Parent Relationship": "Outer",
                  "Parallel Aware": true,
                  "Relation Name": "movie_companies",
                  "Alias": "mc",
                  "Startup Cost": 0.0,
                  "Total Cost": 31414.82,
                  "Plan Rows": 312921,
                  "Plan Width": 0,
                  "Actual Startup Time": 50.747,
                  "Actual Total Time": 89.118,
                  "Actual Rows": 282000,
                  "Actual Loops": 4,
                  "Filter": "((company_id > 1347) AND (company_type_id = 2))",
                  "Rows Removed by Filter": 370282
                }
              ]
            }
          ]
        }
      ]
    },
    "Planning Time": 0.234,
    "Triggers": [],
    "Execution Time": 117.223
  }
]