[
  {
    "Plan": {
      "Node Type": "Aggregate",
      "Strategy": "Plain",
      "Partial Mode": "Finalize",
      "Parallel Aware": false,
      "Startup Cost": 44931.41,
      "Total Cost": 44931.42,
      "Plan Rows": 1,
      "Plan Width": 8,
      "Actual Startup Time": 98.802,
      "Actual Total Time": 111.642,
      "Actual Rows": 1,
      "Actual Loops": 1,
      "Plans": [
        {
          "Node Type": "Gather",
          "Parent Relationship": "Outer",
          "Parallel Aware": false,
          "Startup Cost": 44930.99,
          "Total Cost": 44931.4,
          "Plan Rows": 4,
          "Plan Width": 8,
          "Actual Startup Time": 98.664,
          "Actual Total Time": 111.63,
          "Actual Rows": 5,
          "Actual Loops": 1,
          "Workers Planned": 4,
          "Workers Launched": 4,
          "Single Copy": false,
          "Plans": [
            {
              "Node Type": "Aggregate",
              "Strategy": "Plain",
              "Partial Mode": "Partial",
              "Parent Relationship": "Outer",
              "Parallel Aware": false,
              "Startup Cost": 43930.99,
              "Total Cost": 43931.0,
              "Plan Rows": 1,
              "Plan Width": 8,
              "Actual Startup Time": 90.482,
              "Actual Total Time": 90.483,
              "Actual Rows": 1,
              "Actual Loops": 5,
              "Plans": [
                {
                  "Node Type": "Seq Scan",
                  "Parent Relationship": "Outer",
                  "Parallel Aware": true,
                  "Relation Name": "title",
                  "Alias": "t",
                  "Startup Cost": 0.0,
                  "Total Cost": 43898.92,
                  "Plan Rows": 12831,
                  "Plan Width": 0,
                  "Actual Startup Time": 0.056,
                  "Actual Total Time": 89.294,
                  "Actual Rows": 10603,
                  "Actual Loops": 5,
                  "Filter": "(production_year = 2000)",
                  "Rows Removed by Filter": 495060
                }
              ]
            }
          ]
        }
      ]
    },
    "Planning Time": 0.157,
    "Triggers": [],
    "Execution Time": 111.708
  }
]