[
  {
    "Plan": {
      "Node Type": "Aggregate",
      "Strategy": "Plain",
      "Partial Mode": "Finalize",
      "Parallel Aware": false,
      "Startup Cost": 41400.13,
      "Total Cost": 41400.14,
      "Plan Rows": 1,
      "Plan Width": 8,
      "Actual Startup Time": 141.422,
      "Actual Total Time": 149.651,
      "Actual Rows": 1,
      "Actual Loops": 1,
      "Plans": [
        {
          "Node Type": "Gather",
          "Parent Relationship": "Outer",
          "Parallel Aware": false,
          "Startup Cost": 41399.82,
          "Total Cost": 41400.13,
          "Plan Rows": 3,
          "Plan Width": 8,
          "Actual Startup Time": 141.124,
          "Actual Total Time": 149.642,
          "Actual Rows": 4,
          "Actual Loops": 1,
          "Workers Planned": 3,
          "Workers Launched": 3,
          "Single Copy": false,
          "Plans": [
            {
              "Node Type": "Aggregate",
              "Strategy": "Plain",
              "Partial Mode": "Partial",
              "Parent Relationship": "Outer",
              "Parallel Aware": false,
              "Startup Cost": 40399.82,
              "Total Cost": 40399.83,
              "Plan Rows": 1,
              "Plan Width": 8,
              "Actual Startup Time": 132.135,
              "Actual Total Time": 132.137,
              "Actual Rows": 1,
              "Actual Loops": 4,
              "Plans": [
                {
                  "Node Type": "Bitmap Heap Scan",
                  "Parent Relationship": "Outer",
                  "Parallel Aware": true,
                  "Relation Name": "movie_keyword",
                  "Alias": "mk",
                  "Startup Cost": 12984.11,
                  "Total Cost": 39906.2,
                  "Plan Rows": 197447,
                  "Plan Width": 0,
                  "Actual Startup Time": 45.85,
                  "Actual Total Time": 123.258,
                  "Actual Rows": 150138,
                  "Actual Loops": 4,
                  "Recheck Cond": "(keyword_id > 30627)",
                  "Rows Removed by Index Recheck": 0,
                  "Exact Heap Blocks": 9460,
                  "Lossy Heap Blocks": 0,
                  "Plans": [
                    {
                      "Node Type": "Bitmap Index Scan",
                      "Parent Relationship": "Outer",
                      "Parallel Aware": false,
                      "Index Name": "keyword_id_movie_keyword",
                      "Startup Cost": 0.0,
                      "Total Cost": 12831.09,
                      "Plan Rows": 612087,
                      "Plan Width": 0,
                      "Actual Startup Time": 50.36,
                      "Actual Total Time": 50.36,
                      "Actual Rows": 600552,
                      "Actual Loops": 1,
                      "Index Cond": "(keyword_id > 30627)"
                    }
                  ]
                }
              ]
            }
          ]
        }
      ]
    },
    "Planning Time": 0.196,
    "Triggers": [],
    "Execution Time": 149.73
  }
]