[
  {
    "Plan": {
      "Node Type": "Aggregate",
      "Strategy": "Plain",
      "Partial Mode": "Finalize",
      "Parallel Aware": false,
      "Startup Cost": 114036.5,
      "Total Cost": 114036.51,
      "Plan Rows": 1,
      "Plan Width": 8,
      "Actual Startup Time": 884.359,
      "Actual Total Time": 912.061,
      "Actual Rows": 1,
      "Actual Loops": 1,
      "Plans": [
        {
          "Node Type": "Gather",
          "Parent Relationship": "Outer",
          "Parallel Aware": false,
          "Startup Cost": 114036.29,
          "Total Cost": 114036.5,
          "Plan Rows": 2,
          "Plan Width": 8,
          "Actual Startup Time": 872.631,
          "Actual Total Time": 912.049,
          "Actual Rows": 3,
          "Actual Loops": 1,
          "Workers Planned": 2,
          "Workers Launched": 2,
          "Single Copy": false,
          "Plans": [
            {
              "Node Type": "Aggregate",
              "Strategy": "Plain",
              "Partial Mode": "Partial",
              "Parent Relationship": "Outer",
              "Parallel Aware": false,
              "Startup Cost": 113036.29,
              "Total Cost": 113036.3,
              "Plan Rows": 1,
              "Plan Width": 8,
              "Actual Startup Time": 867.083,
              "Actual Total Time": 867.399,
              "Actual Rows": 1,
              "Actual Loops": 3,
              "Plans": [
                {
                  "Node Type": "Hash Join",
                  "Parent Relationship": "Outer",
                  "Parallel Aware": true,
                  "Join Type": "Inner",
                  "Startup Cost": 96261.75,
                  "Total Cost": 112628.88,
                  "Plan Rows": 162962,
                  "Plan Width": 0,
                  "Actual Startup Time": 713.384,
                  "Actual Total Time": 847.11,
                  "Actual Rows": 497112,
                  "Actual Loops": 3,
                  "Inner Unique": false,
                  "Hash Cond": "(mi_idx.movie_id = t.id)",
                  "Plans": [
                    {
                      "Node Type": "Seq Scan",
                      "Parent Relationship": "Outer",
                      "Parallel Aware": true,
                      "Relation Name": "movie_info_idx",
                      "Alias": "mi_idx",
                      "Startup Cost": 0.0,
                      "Total Cost": 13685.15,
                      "Plan Rows": 575015,
                      "Plan Width": 4,
                      "Actual Startup Time": 0.02,
                      "Actual Total Time": 36.738,
                      "Actual Rows": 460012,
                      "Actual Loops": 3
                    },
                    {
                      "Node Type": "Hash",
                      "Parent Relationship": "Inner",
                      "Parallel Aware": true,
                      "Startup Cost": 93372.36,
                      "Total Cost": 93372.36,
                      "Plan Rows": 231151,
                      "Plan Width": 8,
                      "Actual Startup Time": 709.563,
                      "Actual Total Time": 709.877,
                      "Actual Rows": 239291,
                      "Actual Loops": 3,
                      "Hash Buckets": 1048576,
                      "Original Hash Buckets": 1048576,
                      "Hash Batches": 1,
                      "Original Hash Batches": 1,
                      "Peak Memory Usage": 36320,
                      "Plans": [
                        {
                          "Node Type": "Hash Join",
                          "Parent Relationship": "Outer",
                          "Parallel Aware": true,
                          "Join Type": "Inner",
                          "Startup Cost": 65422.21,
                          "Total Cost": 93372.36,
                          "Plan Rows": 231151,
                          "Plan Width": 8,
                          "Actual Startup Time": 477.022,
                          "Actual Total Time": 634.978,
                          "Actual Rows": 239291,
                          "Actual Loops": 3,
                          "Inner Unique": true,
                          "Hash Cond": "(mk.movie_id = t.id)",
                          "Plans": [
                            {
                              "Node Type": "Bitmap Heap Scan",
                              "Parent Relationship": "Outer",
                              "Parallel Aware": true,
                              "Relation Name": "movie_keyword",
                              "Alias": "mk",
                              "Startup Cost": 15201.83,
                              "Total Cost": 42545.21,
                              "Plan Rows": 231151,
                              "Plan Width": 4,
                              "Actual Startup Time": 47.111,
                              "Actual Total Time": 115.617,
                              "Actual Rows": 239291,
                              "Actual Loops": 3,
                              "Recheck Cond": "(keyword_id < 630)",
                              "Rows Removed by Index Recheck": 0,
                              "Exact Heap Blocks": 8380,
                              "Lossy Heap Blocks": 0,
                              "Plans": [
                                {
                                  "Node Type": "Bitmap Index Scan",
                                  "Parent Relationship": "Outer",
                                  "Parallel Aware": false,
                                  "Index Name": "keyword_id_movie_keyword",
                                  "Startup Cost": 0.0,
                                  "Total Cost": 15022.68,
                                  "Plan Rows": 716567,
                                  "Plan Width": 0,
                                  "Actual Startup Time": 43.504,
                                  "Actual Total Time": 43.504,
                                  "Actual Rows": 717872,
                                  "Actual Loops": 1,
                                  "Index Cond": "(keyword_id < 630)"
                                }
                              ]
                            },
                            {
                              "Node Type": "Hash",
                              "Parent Relationship": "Inner",
                              "Parallel Aware": true,
                              "Startup Cost": 42319.06,
                              "Total Cost": 42319.06,
                              "Plan Rows": 632106,
                              "Plan Width": 4,
                              "Actual Startup Time": 420.483,
                              "Actual Total Time": 420.484,
                              "Actual Rows": 842771,
                              "Actual Loops": 3,
                              "Hash Buckets": 4194304,
                              "Original Hash Buckets": 4194304,
                              "Hash Batches": 1,
                              "Original Hash Batches": 1,
                              "Peak Memory Usage": 131712,
                              "Plans": [
                                {
                                  "Node Type": "Seq Scan",
                                  "Parent Relationship": "Outer",
                                  "Parallel Aware": true,
                                  "Relation Name": "title",
                                  "Alias": "t",
                                  "Startup Cost": 0.0,
                                  "Total Cost": 42319.06,
                                  "Plan Rows": 632106,
                                  "Plan Width": 4,
                                  "Actual Startup Time": 0.04,
                                  "Actual Total Time": 117.238,
                                  "Actual Rows": 842771,
                                  "Actual Loops": 3
                                }
                              ]
                            }
                          ]
                        }
                      ]
                    }
                  ]
                }
              ]
            }
          ]
        }
      ]
    },
    "Planning Time": 0.457,
    "Triggers": [],
    "Execution Time": 912.117
  }
]