[
    {
        "Bao": {
            "Bao prediction": "NaN",
            "Bao recommended hint": "(no hint)"
        }
    },
    {
        "Plan": {
            "Node Type": "Aggregate",
            "Strategy": "Plain",
            "Partial Mode": "Finalize",
            "Parallel Aware": false,
            "Startup Cost": 32854.11,
            "Total Cost": 32854.12,
            "Plan Rows": 1,
            "Plan Width": 8,
            "Actual Startup Time": 84.889,
            "Actual Total Time": 91.407,
            "Actual Rows": 1,
            "Actual Loops": 1,
            "Output": [
                "count(*)"
            ],
            "Plans": [
                {
                    "Node Type": "Gather",
                    "Parent Relationship": "Outer",
                    "Parallel Aware": false,
                    "Startup Cost": 32853.79,
                    "Total Cost": 32854.1,
                    "Plan Rows": 3,
                    "Plan Width": 8,
                    "Actual Startup Time": 84.787,
                    "Actual Total Time": 91.398,
                    "Actual Rows": 4,
                    "Actual Loops": 1,
                    "Output": [
                        "(PARTIAL count(*))"
                    ],
                    "Workers Planned": 3,
                    "Workers Launched": 3,
                    "Single Copy": false,
                    "Plans": [
                        {
                            "Node Type": "Aggregate",
                            "Strategy": "Plain",
                            "Partial Mode": "Partial",
                            "Parent Relationship": "Outer",
                            "Parallel Aware": false,
                            "Startup Cost": 31853.79,
                            "Total Cost": 31853.8,
                            "Plan Rows": 1,
                            "Plan Width": 8,
                            "Actual Startup Time": 76.522,
                            "Actual Total Time": 76.523,
                            "Actual Rows": 1,
                            "Actual Loops": 4,
                            "Output": [
                                "PARTIAL count(*)"
                            ],
                            "Workers": [
                                {
                                    "Worker Number": 0,
                                    "Actual Startup Time": 73.666,
                                    "Actual Total Time": 73.668,
                                    "Actual Rows": 1,
                                    "Actual Loops": 1
                                },
                                {
                                    "Worker Number": 1,
                                    "Actual Startup Time": 74.027,
                                    "Actual Total Time": 74.028,
                                    "Actual Rows": 1,
                                    "Actual Loops": 1
                                },
                                {
                                    "Worker Number": 2,
                                    "Actual Startup Time": 74.255,
                                    "Actual Total Time": 74.256,
                                    "Actual Rows": 1,
                                    "Actual Loops": 1
                                }
                            ],
                            "Plans": [
                                {
                                    "Node Type": "Seq Scan",
                                    "Parent Relationship": "Outer",
                                    "Parallel Aware": true,
                                    "Relation Name": "movie_companies",
                                    "Schema": "public",
                                    "Alias": "mc",
                                    "Startup Cost": 0.0,
                                    "Total Cost": 31414.82,
                                    "Plan Rows": 175588,
                                    "Plan Width": 0,
                                    "Actual Startup Time": 42.992,
                                    "Actual Total Time": 72.88,
                                    "Actual Rows": 83094,
                                    "Actual Loops": 4,
                                    "Output": [
                                        "id",
                                        "movie_id",
                                        "company_id",
                                        "company_type_id",
                                        "note"
                                    ],
                                    "Filter": "((mc.company_id < 6477) AND (mc.company_type_id > 1))",
                                    "Rows Removed by Filter": 569188,
                                    "Workers": [
                                        {
                                            "Worker Number": 0,
                                            "Actual Startup Time": 40.14,
                                            "Actual Total Time": 70.093,
                                            "Actual Rows": 77632,
                                            "Actual Loops": 1
                                        },
                                        {
                                            "Worker Number": 1,
                                            "Actual Startup Time": 40.504,
                                            "Actual Total Time": 70.532,
                                            "Actual Rows": 83031,
                                            "Actual Loops": 1
                                        },
                                        {
                                            "Worker Number": 2,
                                            "Actual Startup Time": 40.716,
                                            "Actual Total Time": 70.71,
                                            "Actual Rows": 77349,
                                            "Actual Loops": 1
                                        }
                                    ]
                                }
                            ]
                        }
                    ]
                }
            ]
        },
        "Planning Time": 179.545,
        "Triggers": [],
        "Execution Time": 91.494
    }
]