[
  {
    "Plan": {
      "Node Type": "Aggregate",
      "Strategy": "Plain",
      "Partial Mode": "Finalize",
      "Parallel Aware": false,
      "Startup Cost": 350040.55,
      "Total Cost": 350040.57,
      "Plan Rows": 1,
      "Plan Width": 8,
      "Actual Startup Time": 834.957,
      "Actual Total Time": 891.208,
      "Actual Rows": 1,
      "Actual Loops": 1,
      "Plans": [
        {
          "Node Type": "Gather",
          "Parent Relationship": "Outer",
          "Parallel Aware": false,
          "Startup Cost": 350039.93,
          "Total Cost": 350040.54,
          "Plan Rows": 6,
          "Plan Width": 8,
          "Actual Startup Time": 834.816,
          "Actual Total Time": 891.196,
          "Actual Rows": 7,
          "Actual Loops": 1,
          "Workers Planned": 6,
          "Workers Launched": 6,
          "Single Copy": false,
          "Plans": [
            {
              "Node Type": "Aggregate",
              "Strategy": "Plain",
              "Partial Mode": "Partial",
              "Parent Relationship": "Outer",
              "Parallel Aware": false,
              "Startup Cost": 349039.93,
              "Total Cost": 349039.94,
              "Plan Rows": 1,
              "Plan Width": 8,
              "Actual Startup Time": 824.233,
              "Actual Total Time": 824.234,
              "Actual Rows": 1,
              "Actual Loops": 7,
              "Plans": [
                {
                  "Node Type": "Seq Scan",
                  "Parent Relationship": "Outer",
                  "Parallel Aware": true,
                  "Relation Name": "cast_info",
                  "Alias": "ci",
                  "Startup Cost": 0.0,
                  "Total Cost": 343257.03,
                  "Plan Rows": 2313160,
                  "Plan Width": 0,
                  "Actual Startup Time": 221.977,
                  "Actual Total Time": 702.965,
                  "Actual Rows": 2767848,
                  "Actual Loops": 7,
                  "Filter": "((person_id > 1482393) AND (role_id > 1))",
                  "Rows Removed by Filter": 2409915
                }
              ]
            }
          ]
        }
      ]
    },
    "Planning Time": 0.2,
    "Triggers": [],
    "Execution Time": 891.28
  }
]