[
  {
    "Plan": {
      "Node Type": "Aggregate",
      "Strategy": "Plain",
      "Partial Mode": "Finalize",
      "Parallel Aware": false,
      "Startup Cost": 425866.44,
      "Total Cost": 425866.45,
      "Plan Rows": 1,
      "Plan Width": 8,
      "Actual Startup Time": 2327.703,
      "Actual Total Time": 2393.946,
      "Actual Rows": 1,
      "Actual Loops": 1,
      "Plans": [
        {
          "Node Type": "Gather",
          "Parent Relationship": "Outer",
          "Parallel Aware": false,
          "Startup Cost": 425865.81,
          "Total Cost": 425866.42,
          "Plan Rows": 6,
          "Plan Width": 8,
          "Actual Startup Time": 2317.76,
          "Actual Total Time": 2393.906,
          "Actual Rows": 7,
          "Actual Loops": 1,
          "Workers Planned": 6,
          "Workers Launched": 6,
          "Single Copy": false,
          "Plans": [
            {
              "Node Type": "Aggregate",
              "Strategy": "Plain",
              "Partial Mode": "Partial",
              "Parent Relationship": "Outer",
              "Parallel Aware": false,
              "Startup Cost": 424865.81,
              "Total Cost": 424865.82,
              "Plan Rows": 1,
              "Plan Width": 8,
              "Actual Startup Time": 2306.689,
              "Actual Total Time": 2306.694,
              "Actual Rows": 1,
              "Actual Loops": 7,
              "Plans": [
                {
                  "Node Type": "Hash Join",
                  "Parent Relationship": "Outer",
                  "Parallel Aware": true,
                  "Join Type": "Inner",
                  "Startup Cost": 80537.74,
                  "Total Cost": 420556.53,
                  "Plan Rows": 1723712,
                  "Plan Width": 0,
                  "Actual Startup Time": 318.289,
                  "Actual Total Time": 2193.962,
                  "Actual Rows": 2691799,
                  "Actual Loops": 7,
                  "Inner Unique": false,
                  "Hash Cond": "(ci.movie_id = t.id)",
                  "Plans": [
                    {
                      "Node Type": "Seq Scan",
                      "Parent Relationship": "Outer",
                      "Parallel Aware": true,
                      "Relation Name": "cast_info",
                      "Alias": "ci",
                      "Startup Cost": 0.0,
                      "Total Cost": 313067.02,
                      "Plan Rows": 6038002,
                      "Plan Width": 4,
                      "Actual Startup Time": 0.025,
                      "Actual Total Time": 529.971,
                      "Actual Rows": 5177763,
                      "Actual Loops": 7
                    },
                    {
                      "Node Type": "Hash",
                      "Parent Relationship": "Inner",
                      "Parallel Aware": true,
                      "Startup Cost": 78282.21,
                      "Total Cost": 78282.21,
                      "Plan Rows": 180442,
                      "Plan Width": 8,
                      "Actual Startup Time": 314.928,
                      "Actual Total Time": 314.932,
                      "Actual Rows": 105183,
                      "Actual Loops": 7,
                      "Hash Buckets": 1048576,
                      "Original Hash Buckets": 1048576,
                      "Hash Batches": 1,
                      "Original Hash Batches": 1,
                      "Peak Memory Usage": 37120,
                      "Plans": [
                        {
                          "Node Type": "Hash Join",
                          "Parent Relationship": "Outer",
                          "Parallel Aware": true,
                          "Join Type": "Inner",
                          "Startup Cost": 32221.04,
                          "Total Cost": 78282.21,
                          "Plan Rows": 180442,
                          "Plan Width": 8,
                          "Actual Startup Time": 107.853,
                          "Actual Total Time": 272.346,
                          "Actual Rows": 105183,
                          "Actual Loops": 7,
                          "Inner Unique": false,
                          "Hash Cond": "(t.id = mc.movie_id)",
                          "Plans": [
                            {
                              "Node Type": "Seq Scan",
                              "Parent Relationship": "Outer",
                              "Parallel Aware": true,
                              "Relation Name": "title",
                              "Alias": "t",
                              "Startup Cost": 0.0,
                              "Total Cost": 42318.73,
                              "Plan Rows": 632073,
                              "Plan Width": 4,
                              "Actual Startup Time": 0.011,
                              "Actual Total Time": 55.296,
                              "Actual Rows": 361187,
                              "Actual Loops": 7
                            },
                            {
                              "Node Type": "Hash",
                              "Parent Relationship": "Inner",
                              "Parallel Aware": true,
                              "Startup Cost": 29310.68,
                              "Total Cost": 29310.68,
                              "Plan Rows": 232829,
                              "Plan Width": 4,
                              "Actual Startup Time": 106.323,
                              "Actual Total Time": 106.324,
                              "Actual Rows": 105183,
                              "Actual Loops": 7,
                              "Hash Buckets": 1048576,
                              "Original Hash Buckets": 1048576,
                              "Hash Batches": 1,
                              "Original Hash Batches": 1,
                              "Peak Memory Usage": 37088,
                              "Plans": [
                                {
                                  "Node Type": "Seq Scan",
                                  "Parent Relationship": "Outer",
                                  "Parallel Aware": true,
                                  "Relation Name": "movie_companies",
                                  "Alias": "mc",
                                  "Startup Cost": 0.0,
                                  "Total Cost": 29310.68,
                                  "Plan Rows": 232829,
                                  "Plan Width": 4,
                                  "Actual Startup Time": 22.517,
                                  "Actual Total Time": 60.554,
                                  "Actual Rows": 105183,
                                  "Actual Loops": 7,
                                  "Filter": "(company_id > 39437)",
                                  "Rows Removed by Filter": 267550
                                }
                              ]
                            }
                          ]
                        }
                      ]
                    }
                  ]
                }
              ]
            }
          ]
        }
      ]
    },
    "Planning Time": 1.319,
    "Triggers": [],
    "Execution Time": 2394.056
  }
]