[
  {
    "Plan": {
      "Node Type": "Aggregate",
      "Strategy": "Plain",
      "Partial Mode": "Finalize",
      "Parallel Aware": false,
      "Startup Cost": 354309.09,
      "Total Cost": 354309.1,
      "Plan Rows": 1,
      "Plan Width": 8,
      "Actual Startup Time": 901.473,
      "Actual Total Time": 952.369,
      "Actual Rows": 1,
      "Actual Loops": 1,
      "Plans": [
        {
          "Node Type": "Gather",
          "Parent Relationship": "Outer",
          "Parallel Aware": false,
          "Startup Cost": 354308.46,
          "Total Cost": 354309.07,
          "Plan Rows": 6,
          "Plan Width": 8,
          "Actual Startup Time": 901.277,
          "Actual Total Time": 952.352,
          "Actual Rows": 7,
          "Actual Loops": 1,
          "Workers Planned": 6,
          "Workers Launched": 6,
          "Single Copy": false,
          "Plans": [
            {
              "Node Type": "Aggregate",
              "Strategy": "Plain",
              "Partial Mode": "Partial",
              "Parent Relationship": "Outer",
              "Parallel Aware": false,
              "Startup Cost": 353308.46,
              "Total Cost": 353308.47,
              "Plan Rows": 1,
              "Plan Width": 8,
              "Actual Startup Time": 893.882,
              "Actual Total Time": 893.884,
              "Actual Rows": 1,
              "Actual Loops": 7,
              "Plans": [
                {
                  "Node Type": "Seq Scan",
                  "Parent Relationship": "Outer",
                  "Parallel Aware": true,
                  "Relation Name": "cast_info",
                  "Alias": "ci",
                  "Startup Cost": 0.0,
                  "Total Cost": 343316.27,
                  "Plan Rows": 3996877,
                  "Plan Width": 0,
                  "Actual Startup Time": 119.591,
                  "Actual Total Time": 733.774,
                  "Actual Rows": 3311605,
                  "Actual Loops": 7,
                  "Filter": "((person_id > 866663) AND (role_id < 10))",
                  "Rows Removed by Filter": 1866159
                }
              ]
            }
          ]
        }
      ]
    },
    "Planning Time": 0.101,
    "Triggers": [],
    "Execution Time": 952.413
  }
]