[
  {
    "Plan": {
      "Node Type": "Aggregate",
      "Strategy": "Plain",
      "Partial Mode": "Finalize",
      "Parallel Aware": false,
      "Startup Cost": 376003.02,
      "Total Cost": 376003.03,
      "Plan Rows": 1,
      "Plan Width": 8,
      "Actual Startup Time": 2386.414,
      "Actual Total Time": 2480.631,
      "Actual Rows": 1,
      "Actual Loops": 1,
      "Plans": [
        {
          "Node Type": "Gather",
          "Parent Relationship": "Outer",
          "Parallel Aware": false,
          "Startup Cost": 376002.49,
          "Total Cost": 376003.0,
          "Plan Rows": 5,
          "Plan Width": 8,
          "Actual Startup Time": 2376.27,
          "Actual Total Time": 2480.622,
          "Actual Rows": 6,
          "Actual Loops": 1,
          "Workers Planned": 5,
          "Workers Launched": 5,
          "Single Copy": false,
          "Plans": [
            {
              "Node Type": "Aggregate",
              "Strategy": "Plain",
              "Partial Mode": "Partial",
              "Parent Relationship": "Outer",
              "Parallel Aware": false,
              "Startup Cost": 375002.49,
              "Total Cost": 375002.5,
              "Plan Rows": 1,
              "Plan Width": 8,
              "Actual Startup Time": 2357.81,
              "Actual Total Time": 2357.814,
              "Actual Rows": 1,
              "Actual Loops": 6,
              "Plans": [
                {
                  "Node Type": "Nested Loop",
                  "Parent Relationship": "Outer",
                  "Parallel Aware": false,
                  "Join Type": "Inner",
                  "Startup Cost": 56552.39,
                  "Total Cost": 372499.3,
                  "Plan Rows": 1001276,
                  "Plan Width": 0,
                  "Actual Startup Time": 281.066,
                  "Actual Total Time": 2278.809,
                  "Actual Rows": 1706206,
                  "Actual Loops": 6,
                  "Inner Unique": false,
                  "Plans": [
                    {
                      "Node Type": "Hash Join",
                      "Parent Relationship": "Outer",
                      "Parallel Aware": true,
                      "Join Type": "Inner",
                      "Startup Cost": 56551.83,
                      "Total Cost": 219601.72,
                      "Plan Rows": 69877,
                      "Plan Width": 8,
                      "Actual Startup Time": 280.958,
                      "Actual Total Time": 360.911,
                      "Actual Rows": 54810,
                      "Actual Loops": 6,
                      "Inner Unique": true,
                      "Hash Cond": "(mi.movie_id = t.id)",
                      "Plans": [
                        {
                          "Node Type": "Bitmap Heap Scan",
                          "Parent Relationship": "Outer",
                          "Parallel Aware": true,
                          "Relation Name": "movie_info",
                          "Alias": "mi",
                          "Startup Cost": 6332.18,
                          "Total Cost": 169198.65,
                          "Plan Rows": 69877,
                          "Plan Width": 4,
                          "Actual Startup Time": 17.259,
                          "Actual Total Time": 48.387,
                          "Actual Rows": 54810,
                          "Actual Loops": 6,
                          "Recheck Cond": "(info_type_id = 98)",
                          "Rows Removed by Index Recheck": 0,
                          "Exact Heap Blocks": 4775,
                          "Lossy Heap Blocks": 0,
                          "Plans": [
                            {
                              "Node Type": "Bitmap Index Scan",
                              "Parent Relationship": "Outer",
                              "Parallel Aware": false,
                              "Index Name": "info_type_id_movie_info",
                              "Startup Cost": 0.0,
                              "Total Cost": 6244.84,
                              "Plan Rows": 349387,
                              "Plan Width": 0,
                              "Actual Startup Time": 13.552,
                              "Actual Total Time": 13.553,
                              "Actual Rows": 328857,
                              "Actual Loops": 1,
                              "Index Cond": "(info_type_id = 98)"
                            }
                          ]
                        },
                        {
                          "Node Type": "Hash",
                          "Parent Relationship": "Inner",
                          "Parallel Aware": true,
                          "Startup Cost": 42318.73,
                          "Total Cost": 42318.73,
                          "Plan Rows": 632073,
                          "Plan Width": 4,
                          "Actual Startup Time": 256.891,
                          "Actual Total Time": 256.892,
                          "Actual Rows": 421385,
                          "Actual Loops": 6,
                          "Hash Buckets": 4194304,
                          "Original Hash Buckets": 4194304,
                          "Hash Batches": 1,
                          "Original Hash Batches": 1,
                          "Peak Memory Usage": 131808,
                          "Plans": [
                            {
                              "Node Type": "Seq Scan",
                              "Parent Relationship": "Outer",
                              "Parallel Aware": true,
                              "Relation Name": "title",
                              "Alias": "t",
                              "Startup Cost": 0.0,
                              "Total Cost": 42318.73,
                              "Plan Rows": 632073,
                              "Plan Width": 4,
                              "Actual Startup Time": 0.038,
                              "Actual Total Time": 74.852,
                              "Actual Rows": 421385,
                              "Actual Loops": 6
                            }
                          ]
                        }
                      ]
                    },
                    {
                      "Node Type": "Index Only Scan",
                      "Parent Relationship": "Inner",
                      "Parallel Aware": false,
                      "Scan Direction": "Forward",
                      "Index Name": "movie_id_cast_info",
                      "Relation Name": "cast_info",
                      "Alias": "ci",
                      "Startup Cost": 0.56,
                      "Total Cost": 1.82,
                      "Plan Rows": 37,
                      "Plan Width": 4,
                      "Actual Startup Time": 0.005,
                      "Actual Total Time": 0.033,
                      "Actual Rows": 31,
                      "Actual Loops": 328857,
                      "Index Cond": "(movie_id = t.id)",
                      "Rows Removed by Index Recheck": 0,
                      "Heap Fetches": 10237234
                    }
                  ]
                }
              ]
            }
          ]
        }
      ]
    },
    "Planning Time": 0.777,
    "Triggers": [],
    "Execution Time": 2480.72
  }
]