[
  {
    "Plan": {
      "Node Type": "Aggregate",
      "Strategy": "Plain",
      "Partial Mode": "Finalize",
      "Parallel Aware": false,
      "Startup Cost": 96050.73,
      "Total Cost": 96050.74,
      "Plan Rows": 1,
      "Plan Width": 8,
      "Actual Startup Time": 639.519,
      "Actual Total Time": 659.883,
      "Actual Rows": 1,
      "Actual Loops": 1,
      "Plans": [
        {
          "Node Type": "Gather",
          "Parent Relationship": "Outer",
          "Parallel Aware": false,
          "Startup Cost": 96050.41,
          "Total Cost": 96050.72,
          "Plan Rows": 3,
          "Plan Width": 8,
          "Actual Startup Time": 624.457,
          "Actual Total Time": 659.873,
          "Actual Rows": 4,
          "Actual Loops": 1,
          "Workers Planned": 3,
          "Workers Launched": 3,
          "Single Copy": false,
          "Plans": [
            {
              "Node Type": "Aggregate",
              "Strategy": "Plain",
              "Partial Mode": "Partial",
              "Parent Relationship": "Outer",
              "Parallel Aware": false,
              "Startup Cost": 95050.41,
              "Total Cost": 95050.42,
              "Plan Rows": 1,
              "Plan Width": 8,
              "Actual Startup Time": 615.133,
              "Actual Total Time": 615.137,
              "Actual Rows": 1,
              "Actual Loops": 4,
              "Plans": [
                {
                  "Node Type": "Hash Join",
                  "Parent Relationship": "Outer",
                  "Parallel Aware": true,
                  "Join Type": "Inner",
                  "Startup Cost": 50219.81,
                  "Total Cost": 94008.97,
                  "Plan Rows": 416576,
                  "Plan Width": 0,
                  "Actual Startup Time": 385.481,
                  "Actual Total Time": 596.108,
                  "Actual Rows": 321576,
                  "Actual Loops": 4,
                  "Inner Unique": true,
                  "Hash Cond": "(mk.movie_id = t.id)",
                  "Plans": [
                    {
                      "Node Type": "Seq Scan",
                      "Parent Relationship": "Outer",
                      "Parallel Aware": true,
                      "Relation Name": "movie_keyword",
                      "Alias": "mk",
                      "Startup Cost": 0.0,
                      "Total Cost": 42695.65,
                      "Plan Rows": 416576,
                      "Plan Width": 4,
                      "Actual Startup Time": 0.014,
                      "Actual Total Time": 118.395,
                      "Actual Rows": 321576,
                      "Actual Loops": 4,
                      "Filter": "(keyword_id < 1662)",
                      "Rows Removed by Filter": 809406
                    },
                    {
                      "Node Type": "Hash",
                      "Parent Relationship": "Inner",
                      "Parallel Aware": true,
                      "Startup Cost": 42318.81,
                      "Total Cost": 42318.81,
                      "Plan Rows": 632080,
                      "Plan Width": 4,
                      "Actual Startup Time": 378.573,
                      "Actual Total Time": 378.574,
                      "Actual Rows": 632078,
                      "Actual Loops": 4,
                      "Hash Buckets": 4194304,
                      "Original Hash Buckets": 4194304,
                      "Hash Batches": 1,
                      "Original Hash Batches": 1,
                      "Peak Memory Usage": 131744,
                      "Plans": [
                        {
                          "Node Type": "Seq Scan",
                          "Parent Relationship": "Outer",
                          "Parallel Aware": true,
                          "Relation Name": "title",
                          "Alias": "t",
                          "Startup Cost": 0.0,
                          "Total Cost": 42318.81,
                          "Plan Rows": 632080,
                          "Plan Width": 4,
                          "Actual Startup Time": 0.053,
                          "Actual Total Time": 122.966,
                          "Actual Rows": 632078,
                          "Actual Loops": 4
                        }
                      ]
                    }
                  ]
                }
              ]
            }
          ]
        }
      ]
    },
    "Planning Time": 0.228,
    "Triggers": [],
    "Execution Time": 659.912
  }
]