[
  {
    "Plan": {
      "Node Type": "Aggregate",
      "Strategy": "Plain",
      "Partial Mode": "Finalize",
      "Parallel Aware": false,
      "Startup Cost": 44048.61,
      "Total Cost": 44048.62,
      "Plan Rows": 1,
      "Plan Width": 8,
      "Actual Startup Time": 134.51,
      "Actual Total Time": 143.165,
      "Actual Rows": 1,
      "Actual Loops": 1,
      "Plans": [
        {
          "Node Type": "Gather",
          "Parent Relationship": "Outer",
          "Parallel Aware": false,
          "Startup Cost": 44048.29,
          "Total Cost": 44048.6,
          "Plan Rows": 3,
          "Plan Width": 8,
          "Actual Startup Time": 134.248,
          "Actual Total Time": 143.153,
          "Actual Rows": 4,
          "Actual Loops": 1,
          "Workers Planned": 3,
          "Workers Launched": 3,
          "Single Copy": false,
          "Plans": [
            {
              "Node Type": "Aggregate",
              "Strategy": "Plain",
              "Partial Mode": "Partial",
              "Parent Relationship": "Outer",
              "Parallel Aware": false,
              "Startup Cost": 43048.29,
              "Total Cost": 43048.3,
              "Plan Rows": 1,
              "Plan Width": 8,
              "Actual Startup Time": 128.844,
              "Actual Total Time": 128.845,
              "Actual Rows": 1,
              "Actual Loops": 4,
              "Plans": [
                {
                  "Node Type": "Bitmap Heap Scan",
                  "Parent Relationship": "Outer",
                  "Parallel Aware": true,
                  "Relation Name": "movie_keyword",
                  "Alias": "mk",
                  "Startup Cost": 15140.41,
                  "Total Cost": 42472.64,
                  "Plan Rows": 230259,
                  "Plan Width": 0,
                  "Actual Startup Time": 44.976,
                  "Actual Total Time": 119.484,
                  "Actual Rows": 177982,
                  "Actual Loops": 4,
                  "Recheck Cond": "(keyword_id > 26536)",
                  "Rows Removed by Index Recheck": 0,
                  "Exact Heap Blocks": 10211,
                  "Lossy Heap Blocks": 0,
                  "Plans": [
                    {
                      "Node Type": "Bitmap Index Scan",
                      "Parent Relationship": "Outer",
                      "Parallel Aware": false,
                      "Index Name": "keyword_id_movie_keyword",
                      "Startup Cost": 0.0,
                      "Total Cost": 14961.95,
                      "Plan Rows": 713803,
                      "Plan Width": 0,
                      "Actual Startup Time": 46.231,
                      "Actual Total Time": 46.231,
                      "Actual Rows": 711929,
                      "Actual Loops": 1,
                      "Index Cond": "(keyword_id > 26536)"
                    }
                  ]
                }
              ]
            }
          ]
        }
      ]
    },
    "Planning Time": 0.184,
    "Triggers": [],
    "Execution Time": 143.239
  }
]