[
  {
    "Plan": {
      "Node Type": "Aggregate",
      "Strategy": "Plain",
      "Partial Mode": "Finalize",
      "Parallel Aware": false,
      "Startup Cost": 337817.12,
      "Total Cost": 337817.13,
      "Plan Rows": 1,
      "Plan Width": 8,
      "Actual Startup Time": 747.774,
      "Actual Total Time": 812.059,
      "Actual Rows": 1,
      "Actual Loops": 1,
      "Plans": [
        {
          "Node Type": "Gather",
          "Parent Relationship": "Outer",
          "Parallel Aware": false,
          "Startup Cost": 337816.49,
          "Total Cost": 337817.1,
          "Plan Rows": 6,
          "Plan Width": 8,
          "Actual Startup Time": 747.574,
          "Actual Total Time": 812.045,
          "Actual Rows": 7,
          "Actual Loops": 1,
          "Workers Planned": 6,
          "Workers Launched": 6,
          "Single Copy": false,
          "Plans": [
            {
              "Node Type": "Aggregate",
              "Strategy": "Plain",
              "Partial Mode": "Partial",
              "Parent Relationship": "Outer",
              "Parallel Aware": false,
              "Startup Cost": 336816.49,
              "Total Cost": 336816.5,
              "Plan Rows": 1,
              "Plan Width": 8,
              "Actual Startup Time": 736.651,
              "Actual Total Time": 736.652,
              "Actual Rows": 1,
              "Actual Loops": 7,
              "Plans": [
                {
                  "Node Type": "Seq Scan",
                  "Parent Relationship": "Outer",
                  "Parallel Aware": true,
                  "Relation Name": "cast_info",
                  "Alias": "ci",
                  "Startup Cost": 0.0,
                  "Total Cost": 328211.39,
                  "Plan Rows": 3442041,
                  "Plan Width": 0,
                  "Actual Startup Time": 175.437,
                  "Actual Total Time": 612.016,
                  "Actual Rows": 2926288,
                  "Actual Loops": 7,
                  "Filter": "(person_id > 1556826)",
                  "Rows Removed by Filter": 2251475
                }
              ]
            }
          ]
        }
      ]
    },
    "Planning Time": 0.216,
    "Triggers": [],
    "Execution Time": 812.137
  }
]