{
    "Plan": {
        "Node Type": "Aggregate",
        "Strategy": "Plain",
        "Partial Mode": "Simple",
        "Parallel Aware": false,
        "Startup Cost": 60009836167.08,
        "Total Cost": 60009836167.09,
        "Plan Rows": 1,
        "Plan Width": 128,
        "Actual Startup Time": 43061.26,
        "Actual Total Time": 43061.291,
        "Actual Rows": 1,
        "Actual Loops": 1,
        "Output": [
            "min(chn.name)",
            "min(mi_idx.info)",
            "min(n.name)",
            "min(t.title)"
        ],
        "Plans": [
            {
                "Node Type": "Nested Loop",
                "Parent Relationship": "Outer",
                "Parallel Aware": false,
                "Join Type": "Inner",
                "Startup Cost": 60009723242.23,
                "Total Cost": 60009836167.07,
                "Plan Rows": 1,
                "Plan Width": 53,
                "Actual Startup Time": 42404.282,
                "Actual Total Time": 43060.394,
                "Actual Rows": 2517,
                "Actual Loops": 1,
                "Output": [
                    "chn.name",
                    "mi_idx.info",
                    "n.name",
                    "t.title"
                ],
                "Inner Unique": true,
                "Plans": [
                    {
                        "Node Type": "Hash Join",
                        "Parent Relationship": "Outer",
                        "Parallel Aware": false,
                        "Join Type": "Inner",
                        "Startup Cost": 50009723242.09,
                        "Total Cost": 50009836158.9,
                        "Plan Rows": 1,
                        "Plan Width": 57,
                        "Actual Startup Time": 42404.24,
                        "Actual Total Time": 43045.818,
                        "Actual Rows": 3460,
                        "Actual Loops": 1,
                        "Output": [
                            "cc.subject_id",
                            "chn.name",
                            "mi_idx.info",
                            "n.name",
                            "t.title"
                        ],
                        "Inner Unique": false,
                        "Hash Cond": "(n.id = ci.person_id)",
                        "Plans": [
                            {
                                "Node Type": "Seq Scan",
                                "Parent Relationship": "Outer",
                                "Parallel Aware": false,
                                "Relation Name": "name",
                                "Schema": "public",
                                "Alias": "n",
                                "Startup Cost": 10000000000.0,
                                "Total Cost": 10000097288.49,
                                "Plan Rows": 4167549,
                                "Plan Width": 19,
                                "Actual Startup Time": 0.011,
                                "Actual Total Time": 351.179,
                                "Actual Rows": 4167491,
                                "Actual Loops": 1,
                                "Output": [
                                    "n.id",
                                    "n.name",
                                    "n.imdb_index",
                                    "n.imdb_id",
                                    "n.gender",
                                    "n.name_pcode_cf",
                                    "n.name_pcode_nf",
                                    "n.surname_pcode",
                                    "n.md5sum"
                                ]
                            },
                            {
                                "Node Type": "Hash",
                                "Parent Relationship": "Inner",
                                "Parallel Aware": false,
                                "Startup Cost": 40009723242.08,
                                "Total Cost": 40009723242.08,
                                "Plan Rows": 1,
                                "Plan Width": 46,
                                "Actual Startup Time": 42404.126,
                                "Actual Total Time": 42404.153,
                                "Actual Rows": 3460,
                                "Actual Loops": 1,
                                "Output": [
                                    "cc.subject_id",
                                    "ci.person_id",
                                    "chn.name",
                                    "mi_idx.info",
                                    "t.title"
                                ],
                                "Hash Buckets": 4096,
                                "Original Hash Buckets": 1024,
                                "Hash Batches": 1,
                                "Original Hash Batches": 1,
                                "Peak Memory Usage": 288,
                                "Plans": [
                                    {
                                        "Node Type": "Hash Join",
                                        "Parent Relationship": "Outer",
                                        "Parallel Aware": false,
                                        "Join Type": "Inner",
                                        "Startup Cost": 40009578511.73,
                                        "Total Cost": 40009723242.08,
                                        "Plan Rows": 1,
                                        "Plan Width": 46,
                                        "Actual Startup Time": 40800.908,
                                        "Actual Total Time": 42402.945,
                                        "Actual Rows": 3460,
                                        "Actual Loops": 1,
                                        "Output": [
                                            "cc.subject_id",
                                            "ci.person_id",
                                            "chn.name",
                                            "mi_idx.info",
                                            "t.title"
                                        ],
                                        "Inner Unique": true,
                                        "Hash Cond": "(cc.status_id = cct2.id)",
                                        "Plans": [
                                            {
                                                "Node Type": "Merge Join",
                                                "Parent Relationship": "Outer",
                                                "Parallel Aware": false,
                                                "Join Type": "Inner",
                                                "Startup Cost": 40009578499.52,
                                                "Total Cost": 40009723229.87,
                                                "Plan Rows": 1,
                                                "Plan Width": 50,
                                                "Actual Startup Time": 40800.879,
                                                "Actual Total Time": 42401.969,
                                                "Actual Rows": 3460,
                                                "Actual Loops": 1,
                                                "Output": [
                                                    "cc.subject_id",
                                                    "cc.status_id",
                                                    "ci.person_id",
                                                    "chn.name",
                                                    "mi_idx.info",
                                                    "t.title"
                                                ],
                                                "Inner Unique": false,
                                                "Merge Cond": "(chn.id = ci.person_role_id)",
                                                "Plans": [
                                                    {
                                                        "Node Type": "Index Scan",
                                                        "Parent Relationship": "Outer",
                                                        "Parallel Aware": false,
                                                        "Scan Direction": "Forward",
                                                        "Index Name": "char_name_pkey",
                                                        "Relation Name": "char_name",
                                                        "Schema": "public",
                                                        "Alias": "chn",
                                                        "Startup Cost": 0.43,
                                                        "Total Cost": 144416.77,
                                                        "Plan Rows": 125596,
                                                        "Plan Width": 20,
                                                        "Actual Startup Time": 0.085,
                                                        "Actual Total Time": 1575.488,
                                                        "Actual Rows": 180135,
                                                        "Actual Loops": 1,
                                                        "Output": [
                                                            "chn.id",
                                                            "chn.name",
                                                            "chn.imdb_index",
                                                            "chn.imdb_id",
                                                            "chn.name_pcode_nf",
                                                            "chn.surname_pcode",
                                                            "chn.md5sum"
                                                        ],
                                                        "Filter": "((chn.name IS NOT NULL) AND ((chn.name ~~ '%man%'::text) OR (chn.name ~~ '%Man%'::text)))",
                                                        "Rows Removed by Filter": 2959877
                                                    },
                                                    {
                                                        "Node Type": "Sort",
                                                        "Parent Relationship": "Inner",
                                                        "Parallel Aware": false,
                                                        "Startup Cost": 40009578499.09,
                                                        "Total Cost": 40009578499.09,
                                                        "Plan Rows": 1,
                                                        "Plan Width": 38,
                                                        "Actual Startup Time": 40800.239,
                                                        "Actual Total Time": 40810.523,
                                                        "Actual Rows": 44951,
                                                        "Actual Loops": 1,
                                                        "Output": [
                                                            "cc.subject_id",
                                                            "cc.status_id",
                                                            "ci.person_role_id",
                                                            "ci.person_id",
                                                            "mi_idx.info",
                                                            "t.title"
                                                        ],
                                                        "Sort Key": [
                                                            "ci.person_role_id"
                                                        ],
                                                        "Sort Method": "quicksort",
                                                        "Sort Space Used": 12987,
                                                        "Sort Space Type": "Memory",
                                                        "Plans": [
                                                            {
                                                                "Node Type": "Merge Join",
                                                                "Parent Relationship": "Outer",
                                                                "Parallel Aware": false,
                                                                "Join Type": "Inner",
                                                                "Startup Cost": 40007412282.58,
                                                                "Total Cost": 40009578499.08,
                                                                "Plan Rows": 1,
                                                                "Plan Width": 38,
                                                                "Actual Startup Time": 24799.127,
                                                                "Actual Total Time": 40768.637,
                                                                "Actual Rows": 118135,
                                                                "Actual Loops": 1,
                                                                "Output": [
                                                                    "cc.subject_id",
                                                                    "cc.status_id",
                                                                    "ci.person_role_id",
                                                                    "ci.person_id",
                                                                    "mi_idx.info",
                                                                    "t.title"
                                                                ],
                                                                "Inner Unique": false,
                                                                "Merge Cond": "(t.id = ci.movie_id)",
                                                                "Plans": [
                                                                    {
                                                                        "Node Type": "Merge Join",
                                                                        "Parent Relationship": "Outer",
                                                                        "Parallel Aware": false,
                                                                        "Join Type": "Inner",
                                                                        "Startup Cost": 40007412282.02,
                                                                        "Total Cost": 40007412957.31,
                                                                        "Plan Rows": 1,
                                                                        "Plan Width": 46,
                                                                        "Actual Startup Time": 10839.602,
                                                                        "Actual Total Time": 10849.349,
                                                                        "Actual Rows": 715,
                                                                        "Actual Loops": 1,
                                                                        "Output": [
                                                                            "cc.movie_id",
                                                                            "cc.subject_id",
                                                                            "cc.status_id",
                                                                            "mi_idx.info",
                                                                            "mi_idx.movie_id",
                                                                            "mk.movie_id",
                                                                            "t.title",
                                                                            "t.id"
                                                                        ],
                                                                        "Inner Unique": false,
                                                                        "Merge Cond": "(t.id = cc.movie_id)",
                                                                        "Plans": [
                                                                            {
                                                                                "Node Type": "Sort",
                                                                                "Parent Relationship": "Outer",
                                                                                "Parallel Aware": false,
                                                                                "Startup Cost": 40007398688.45,
                                                                                "Total Cost": 40007398688.46,
                                                                                "Plan Rows": 1,
                                                                                "Plan Width": 34,
                                                                                "Actual Startup Time": 10791.858,
                                                                                "Actual Total Time": 10792.48,
                                                                                "Actual Rows": 1336,
                                                                                "Actual Loops": 1,
                                                                                "Output": [
                                                                                    "mi_idx.info",
                                                                                    "mi_idx.movie_id",
                                                                                    "mk.movie_id",
                                                                                    "t.title",
                                                                                    "t.id"
                                                                                ],
                                                                                "Sort Key": [
                                                                                    "mi_idx.movie_id"
                                                                                ],
                                                                                "Sort Method": "quicksort",
                                                                                "Sort Space Used": 159,
                                                                                "Sort Space Type": "Memory",
                                                                                "Plans": [
                                                                                    {
                                                                                        "Node Type": "Merge Join",
                                                                                        "Parent Relationship": "Outer",
                                                                                        "Parallel Aware": false,
                                                                                        "Join Type": "Inner",
                                                                                        "Startup Cost": 40007398681.18,
                                                                                        "Total Cost": 40007398688.44,
                                                                                        "Plan Rows": 1,
                                                                                        "Plan Width": 34,
                                                                                        "Actual Startup Time": 10759.949,
                                                                                        "Actual Total Time": 10791.546,
                                                                                        "Actual Rows": 1336,
                                                                                        "Actual Loops": 1,
                                                                                        "Output": [
                                                                                            "mi_idx.info",
                                                                                            "mi_idx.movie_id",
                                                                                            "mk.movie_id",
                                                                                            "t.title",
                                                                                            "t.id"
                                                                                        ],
                                                                                        "Inner Unique": false,
                                                                                        "Merge Cond": "(k.id = mk.keyword_id)",
                                                                                        "Plans": [
                                                                                            {
                                                                                                "Node Type": "Sort",
                                                                                                "Parent Relationship": "Outer",
                                                                                                "Parallel Aware": false,
                                                                                                "Startup Cost": 3967.99,
                                                                                                "Total Cost": 3968.02,
                                                                                                "Plan Rows": 10,
                                                                                                "Plan Width": 4,
                                                                                                "Actual Startup Time": 26.402,
                                                                                                "Actual Total Time": 26.412,
                                                                                                "Actual Rows": 8,
                                                                                                "Actual Loops": 1,
                                                                                                "Output": [
                                                                                                    "k.id"
                                                                                                ],
                                                                                                "Sort Key": [
                                                                                                    "k.id"
                                                                                                ],
                                                                                                "Sort Method": "quicksort",
                                                                                                "Sort Space Used": 25,
                                                                                                "Sort Space Type": "Memory",
                                                                                                "Plans": [
                                                                                                    {
                                                                                                        "Node Type": "Seq Scan",
                                                                                                        "Parent Relationship": "Outer",
                                                                                                        "Parallel Aware": false,
                                                                                                        "Relation Name": "keyword",
                                                                                                        "Schema": "public",
                                                                                                        "Alias": "k",
                                                                                                        "Startup Cost": 0.0,
                                                                                                        "Total Cost": 3967.82,
                                                                                                        "Plan Rows": 10,
                                                                                                        "Plan Width": 4,
                                                                                                        "Actual Startup Time": 0.309,
                                                                                                        "Actual Total Time": 26.395,
                                                                                                        "Actual Rows": 8,
                                                                                                        "Actual Loops": 1,
                                                                                                        "Output": [
                                                                                                            "k.id"
                                                                                                        ],
                                                                                                        "Filter": "(k.keyword = ANY ('{hand-to-hand-combat,tv-special,superhero,violence,claw,revenge,gore,claw,superhero,sequel}'::text[]))",
                                                                                                        "Rows Removed by Filter": 134162
                                                                                                    }
                                                                                                ]
                                                                                            },
                                                                                            {
                                                                                                "Node Type": "Sort",
                                                                                                "Parent Relationship": "Inner",
                                                                                                "Parallel Aware": false,
                                                                                                "Startup Cost": 40007394713.19,
                                                                                                "Total Cost": 40007394716.79,
                                                                                                "Plan Rows": 1440,
                                                                                                "Plan Width": 38,
                                                                                                "Actual Startup Time": 10728.165,
                                                                                                "Actual Total Time": 10749.682,
                                                                                                "Actual Rows": 176499,
                                                                                                "Actual Loops": 1,
                                                                                                "Output": [
                                                                                                    "mi_idx.info",
                                                                                                    "mi_idx.movie_id",
                                                                                                    "mk.movie_id",
                                                                                                    "mk.keyword_id",
                                                                                                    "t.title",
                                                                                                    "t.id"
                                                                                                ],
                                                                                                "Sort Key": [
                                                                                                    "mk.keyword_id"
                                                                                                ],
                                                                                                "Sort Method": "quicksort",
                                                                                                "Sort Space Used": 26863,
                                                                                                "Sort Space Type": "Memory",
                                                                                                "Plans": [
                                                                                                    {
                                                                                                        "Node Type": "Merge Join",
                                                                                                        "Parent Relationship": "Outer",
                                                                                                        "Parallel Aware": false,
                                                                                                        "Join Type": "Inner",
                                                                                                        "Startup Cost": 40007394477.91,
                                                                                                        "Total Cost": 40007394637.65,
                                                                                                        "Plan Rows": 1440,
                                                                                                        "Plan Width": 38,
                                                                                                        "Actual Startup Time": 10597.175,
                                                                                                        "Actual Total Time": 10656.726,
                                                                                                        "Actual Rows": 246019,
                                                                                                        "Actual Loops": 1,
                                                                                                        "Output": [
                                                                                                            "mi_idx.info",
                                                                                                            "mi_idx.movie_id",
                                                                                                            "mk.movie_id",
                                                                                                            "mk.keyword_id",
                                                                                                            "t.title",
                                                                                                            "t.id"
                                                                                                        ],
                                                                                                        "Inner Unique": false,
                                                                                                        "Merge Cond": "(mi_idx.info_type_id = it2.id)",
                                                                                                        "Plans": [
                                                                                                            {
                                                                                                                "Node Type": "Sort",
                                                                                                                "Parent Relationship": "Outer",
                                                                                                                "Parallel Aware": false,
                                                                                                                "Startup Cost": 40007394474.78,
                                                                                                                "Total Cost": 40007394553.27,
                                                                                                                "Plan Rows": 31393,
                                                                                                                "Plan Width": 42,
                                                                                                                "Actual Startup Time": 10580.377,
                                                                                                                "Actual Total Time": 10596.467,
                                                                                                                "Actual Rows": 413329,
                                                                                                                "Actual Loops": 1,
                                                                                                                "Output": [
                                                                                                                    "t.title",
                                                                                                                    "t.id",
                                                                                                                    "mi_idx.info",
                                                                                                                    "mi_idx.movie_id",
                                                                                                                    "mi_idx.info_type_id",
                                                                                                                    "mk.movie_id",
                                                                                                                    "mk.keyword_id"
                                                                                                                ],
                                                                                                                "Sort Key": [
                                                                                                                    "mi_idx.info_type_id"
                                                                                                                ],
                                                                                                                "Sort Method": "quicksort",
                                                                                                                "Sort Space Used": 48751,
                                                                                                                "Sort Space Type": "Memory",
                                                                                                                "Plans": [
                                                                                                                    {
                                                                                                                        "Node Type": "Hash Join",
                                                                                                                        "Parent Relationship": "Outer",
                                                                                                                        "Parallel Aware": false,
                                                                                                                        "Join Type": "Inner",
                                                                                                                        "Startup Cost": 40007365903.03,
                                                                                                                        "Total Cost": 40007392130.01,
                                                                                                                        "Plan Rows": 31393,
                                                                                                                        "Plan Width": 42,
                                                                                                                        "Actual Startup Time": 10329.053,
                                                                                                                        "Actual Total Time": 10477.879,
                                                                                                                        "Actual Rows": 414458,
                                                                                                                        "Actual Loops": 1,
                                                                                                                        "Output": [
                                                                                                                            "t.title",
                                                                                                                            "t.id",
                                                                                                                            "mi_idx.info",
                                                                                                                            "mi_idx.movie_id",
                                                                                                                            "mi_idx.info_type_id",
                                                                                                                            "mk.movie_id",
                                                                                                                            "mk.keyword_id"
                                                                                                                        ],
                                                                                                                        "Inner Unique": false,
                                                                                                                        "Hash Cond": "(mi_idx.movie_id = t.id)",
                                                                                                                        "Plans": [
                                                                                                                            {
                                                                                                                                "Node Type": "Seq Scan",
                                                                                                                                "Parent Relationship": "Outer",
                                                                                                                                "Parallel Aware": false,
                                                                                                                                "Relation Name": "movie_info_idx",
                                                                                                                                "Schema": "public",
                                                                                                                                "Alias": "mi_idx",
                                                                                                                                "Startup Cost": 10000000000.0,
                                                                                                                                "Total Cost": 10000025185.44,
                                                                                                                                "Plan Rows": 194028,
                                                                                                                                "Plan Width": 13,
                                                                                                                                "Actual Startup Time": 0.03,
                                                                                                                                "Actual Total Time": 130.502,
                                                                                                                                "Actual Rows": 192839,
                                                                                                                                "Actual Loops": 1,
                                                                                                                                "Output": [
                                                                                                                                    "mi_idx.id",
                                                                                                                                    "mi_idx.movie_id",
                                                                                                                                    "mi_idx.info_type_id",
                                                                                                                                    "mi_idx.info",
                                                                                                                                    "mi_idx.note"
                                                                                                                                ],
                                                                                                                                "Filter": "(mi_idx.info > '7.0'::text)",
                                                                                                                                "Rows Removed by Filter": 1187196
                                                                                                                            },
                                                                                                                            {
                                                                                                                                "Node Type": "Hash",
                                                                                                                                "Parent Relationship": "Inner",
                                                                                                                                "Parallel Aware": false,
                                                                                                                                "Startup Cost": 30007360789.49,
                                                                                                                                "Total Cost": 30007360789.49,
                                                                                                                                "Plan Rows": 409083,
                                                                                                                                "Plan Width": 29,
                                                                                                                                "Actual Startup Time": 10258.447,
                                                                                                                                "Actual Total Time": 10258.452,
                                                                                                                                "Actual Rows": 1302074,
                                                                                                                                "Actual Loops": 1,
                                                                                                                                "Output": [
                                                                                                                                    "t.title",
                                                                                                                                    "t.id",
                                                                                                                                    "mk.movie_id",
                                                                                                                                    "mk.keyword_id"
                                                                                                                                ],
                                                                                                                                "Hash Buckets": 2097152,
                                                                                                                                "Original Hash Buckets": 524288,
                                                                                                                                "Hash Batches": 1,
                                                                                                                                "Original Hash Batches": 1,
                                                                                                                                "Peak Memory Usage": 95356,
                                                                                                                                "Plans": [
                                                                                                                                    {
                                                                                                                                        "Node Type": "Merge Join",
                                                                                                                                        "Parent Relationship": "Outer",
                                                                                                                                        "Parallel Aware": false,
                                                                                                                                        "Join Type": "Inner",
                                                                                                                                        "Startup Cost": 30000571305.18,
                                                                                                                                        "Total Cost": 30007360789.49,
                                                                                                                                        "Plan Rows": 409083,
                                                                                                                                        "Plan Width": 29,
                                                                                                                                        "Actual Startup Time": 6797.757,
                                                                                                                                        "Actual Total Time": 10015.154,
                                                                                                                                        "Actual Rows": 1302074,
                                                                                                                                        "Actual Loops": 1,
                                                                                                                                        "Output": [
                                                                                                                                            "t.title",
                                                                                                                                            "t.id",
                                                                                                                                            "mk.movie_id",
                                                                                                                                            "mk.keyword_id"
                                                                                                                                        ],
                                                                                                                                        "Inner Unique": false,
                                                                                                                                        "Merge Cond": "(mk.movie_id = t.id)",
                                                                                                                                        "Plans": [
                                                                                                                                            {
                                                                                                                                                "Node Type": "Sort",
                                                                                                                                                "Parent Relationship": "Outer",
                                                                                                                                                "Parallel Aware": false,
                                                                                                                                                "Startup Cost": 10000569794.43,
                                                                                                                                                "Total Cost": 10000581104.25,
                                                                                                                                                "Plan Rows": 4523930,
                                                                                                                                                "Plan Width": 8,
                                                                                                                                                "Actual Startup Time": 1516.286,
                                                                                                                                                "Actual Total Time": 1741.013,
                                                                                                                                                "Actual Rows": 4523930,
                                                                                                                                                "Actual Loops": 1,
                                                                                                                                                "Output": [
                                                                                                                                                    "mk.movie_id",
                                                                                                                                                    "mk.keyword_id"
                                                                                                                                                ],
                                                                                                                                                "Sort Key": [
                                                                                                                                                    "mk.movie_id"
                                                                                                                                                ],
                                                                                                                                                "Sort Method": "quicksort",
                                                                                                                                                "Sort Space Used": 408668,
                                                                                                                                                "Sort Space Type": "Memory",
                                                                                                                                                "Plans": [
                                                                                                                                                    {
                                                                                                                                                        "Node Type": "Seq Scan",
                                                                                                                                                        "Parent Relationship": "Outer",
                                                                                                                                                        "Parallel Aware": false,
                                                                                                                                                        "Relation Name": "movie_keyword",
                                                                                                                                                        "Schema": "public",
                                                                                                                                                        "Alias": "mk",
                                                                                                                                                        "Startup Cost": 10000000000.0,
                                                                                                                                                        "Total Cost": 10000069693.3,
                                                                                                                                                        "Plan Rows": 4523930,
                                                                                                                                                        "Plan Width": 8,
                                                                                                                                                        "Actual Startup Time": 0.012,
                                                                                                                                                        "Actual Total Time": 541.753,
                                                                                                                                                        "Actual Rows": 4523930,
                                                                                                                                                        "Actual Loops": 1,
                                                                                                                                                        "Output": [
                                                                                                                                                            "mk.movie_id",
                                                                                                                                                            "mk.keyword_id"
                                                                                                                                                        ]
                                                                                                                                                    }
                                                                                                                                                ]
                                                                                                                                            },
                                                                                                                                            {
                                                                                                                                                "Node Type": "Materialize",
                                                                                                                                                "Parent Relationship": "Inner",
                                                                                                                                                "Parallel Aware": false,
                                                                                                                                                "Startup Cost": 20000000000.57,
                                                                                                                                                "Total Cost": 20006769532.67,
                                                                                                                                                "Plan Rows": 228627,
                                                                                                                                                "Plan Width": 21,
                                                                                                                                                "Actual Startup Time": 663.461,
                                                                                                                                                "Actual Total Time": 7816.15,
                                                                                                                                                "Actual Rows": 1520149,
                                                                                                                                                "Actual Loops": 1,
                                                                                                                                                "Output": [
                                                                                                                                                    "t.title",
                                                                                                                                                    "t.id"
                                                                                                                                                ],
                                                                                                                                                "Plans": [
                                                                                                                                                    {
                                                                                                                                                        "Node Type": "Nested Loop",
                                                                                                                                                        "Parent Relationship": "Outer",
                                                                                                                                                        "Parallel Aware": false,
                                                                                                                                                        "Join Type": "Inner",
                                                                                                                                                        "Startup Cost": 20000000000.57,
                                                                                                                                                        "Total Cost": 20006768961.1,
                                                                                                                                                        "Plan Rows": 228627,
                                                                                                                                                        "Plan Width": 21,
                                                                                                                                                        "Actual Startup Time": 663.414,
                                                                                                                                                        "Actual Total Time": 7631.109,
                                                                                                                                                        "Actual Rows": 308776,
                                                                                                                                                        "Actual Loops": 1,
                                                                                                                                                        "Output": [
                                                                                                                                                            "t.title",
                                                                                                                                                            "t.id"
                                                                                                                                                        ],
                                                                                                                                                        "Inner Unique": true,
                                                                                                                                                        "Plans": [
                                                                                                                                                            {
                                                                                                                                                                "Node Type": "Index Scan",
                                                                                                                                                                "Parent Relationship": "Outer",
                                                                                                                                                                "Parallel Aware": false,
                                                                                                                                                                "Scan Direction": "Forward",
                                                                                                                                                                "Index Name": "title_pkey",
                                                                                                                                                                "Relation Name": "title",
                                                                                                                                                                "Schema": "public",
                                                                                                                                                                "Alias": "t",
                                                                                                                                                                "Startup Cost": 10000000000.43,
                                                                                                                                                                "Total Cost": 10000116662.9,
                                                                                                                                                                "Plan Rows": 1600386,
                                                                                                                                                                "Plan Width": 25,
                                                                                                                                                                "Actual Startup Time": 0.045,
                                                                                                                                                                "Actual Total Time": 1669.189,
                                                                                                                                                                "Actual Rows": 1606648,
                                                                                                                                                                "Actual Loops": 1,
                                                                                                                                                                "Output": [
                                                                                                                                                                    "t.id",
                                                                                                                                                                    "t.title",
                                                                                                                                                                    "t.imdb_index",
                                                                                                                                                                    "t.kind_id",
                                                                                                                                                                    "t.production_year",
                                                                                                                                                                    "t.imdb_id",
                                                                                                                                                                    "t.phonetic_code",
                                                                                                                                                                    "t.episode_of_id",
                                                                                                                                                                    "t.season_nr",
                                                                                                                                                                    "t.episode_nr",
                                                                                                                                                                    "t.series_years",
                                                                                                                                                                    "t.md5sum"
                                                                                                                                                                ],
                                                                                                                                                                "Filter": "(t.production_year > 1995)",
                                                                                                                                                                "Rows Removed by Filter": 919325
                                                                                                                                                            },
                                                                                                                                                            {
                                                                                                                                                                "Node Type": "Bitmap Heap Scan",
                                                                                                                                                                "Parent Relationship": "Inner",
                                                                                                                                                                "Parallel Aware": false,
                                                                                                                                                                "Relation Name": "kind_type",
                                                                                                                                                                "Schema": "public",
                                                                                                                                                                "Alias": "kt",
                                                                                                                                                                "Startup Cost": 0.14,
                                                                                                                                                                "Total Cost": 4.16,
                                                                                                                                                                "Plan Rows": 1,
                                                                                                                                                                "Plan Width": 4,
                                                                                                                                                                "Actual Startup Time": 0.002,
                                                                                                                                                                "Actual Total Time": 0.002,
                                                                                                                                                                "Actual Rows": 0,
                                                                                                                                                                "Actual Loops": 1606648,
                                                                                                                                                                "Output": [
                                                                                                                                                                    "kt.id",
                                                                                                                                                                    "kt.kind"
                                                                                                                                                                ],
                                                                                                                                                                "Recheck Cond": "(kt.id = t.kind_id)",
                                                                                                                                                                "Rows Removed by Index Recheck": 0,
                                                                                                                                                                "Filter": "((kt.kind)::text = 'movie'::text)",
                                                                                                                                                                "Rows Removed by Filter": 1,
                                                                                                                                                                "Exact Heap Blocks": 1606648,
                                                                                                                                                                "Lossy Heap Blocks": 0,
                                                                                                                                                                "Plans": [
                                                                                                                                                                    {
                                                                                                                                                                        "Node Type": "Bitmap Index Scan",
                                                                                                                                                                        "Parent Relationship": "Outer",
                                                                                                                                                                        "Parallel Aware": false,
                                                                                                                                                                        "Index Name": "kind_type_pkey",
                                                                                                                                                                        "Startup Cost": 0.0,
                                                                                                                                                                        "Total Cost": 0.14,
                                                                                                                                                                        "Plan Rows": 1,
                                                                                                                                                                        "Plan Width": 0,
                                                                                                                                                                        "Actual Startup Time": 0.001,
                                                                                                                                                                        "Actual Total Time": 0.001,
                                                                                                                                                                        "Actual Rows": 1,
                                                                                                                                                                        "Actual Loops": 1606648,
                                                                                                                                                                        "Index Cond": "(kt.id = t.kind_id)"
                                                                                                                                                                    }
                                                                                                                                                                ]
                                                                                                                                                            }
                                                                                                                                                        ]
                                                                                                                                                    }
                                                                                                                                                ]
                                                                                                                                            }
                                                                                                                                        ]
                                                                                                                                    }
                                                                                                                                ]
                                                                                                                            }
                                                                                                                        ]
                                                                                                                    }
                                                                                                                ]
                                                                                                            },
                                                                                                            {
                                                                                                                "Node Type": "Sort",
                                                                                                                "Parent Relationship": "Inner",
                                                                                                                "Parallel Aware": false,
                                                                                                                "Startup Cost": 2.42,
                                                                                                                "Total Cost": 2.43,
                                                                                                                "Plan Rows": 1,
                                                                                                                "Plan Width": 4,
                                                                                                                "Actual Startup Time": 0.05,
                                                                                                                "Actual Total Time": 8.166,
                                                                                                                "Actual Rows": 1,
                                                                                                                "Actual Loops": 1,
                                                                                                                "Output": [
                                                                                                                    "it2.id"
                                                                                                                ],
                                                                                                                "Sort Key": [
                                                                                                                    "it2.id"
                                                                                                                ],
                                                                                                                "Sort Method": "quicksort",
                                                                                                                "Sort Space Used": 25,
                                                                                                                "Sort Space Type": "Memory",
                                                                                                                "Plans": [
                                                                                                                    {
                                                                                                                        "Node Type": "Seq Scan",
                                                                                                                        "Parent Relationship": "Outer",
                                                                                                                        "Parallel Aware": false,
                                                                                                                        "Relation Name": "info_type",
                                                                                                                        "Schema": "public",
                                                                                                                        "Alias": "it2",
                                                                                                                        "Startup Cost": 0.0,
                                                                                                                        "Total Cost": 2.41,
                                                                                                                        "Plan Rows": 1,
                                                                                                                        "Plan Width": 4,
                                                                                                                        "Actual Startup Time": 0.028,
                                                                                                                        "Actual Total Time": 0.029,
                                                                                                                        "Actual Rows": 1,
                                                                                                                        "Actual Loops": 1,
                                                                                                                        "Output": [
                                                                                                                            "it2.id"
                                                                                                                        ],
                                                                                                                        "Filter": "((it2.info)::text = 'rating'::text)",
                                                                                                                        "Rows Removed by Filter": 112
                                                                                                                    }
                                                                                                                ]
                                                                                                            }
                                                                                                        ]
                                                                                                    }
                                                                                                ]
                                                                                            }
                                                                                        ]
                                                                                    }
                                                                                ]
                                                                            },
                                                                            {
                                                                                "Node Type": "Sort",
                                                                                "Parent Relationship": "Inner",
                                                                                "Parallel Aware": false,
                                                                                "Startup Cost": 13593.56,
                                                                                "Total Cost": 13931.28,
                                                                                "Plan Rows": 135086,
                                                                                "Plan Width": 12,
                                                                                "Actual Startup Time": 41.991,
                                                                                "Actual Total Time": 49.052,
                                                                                "Actual Rows": 132678,
                                                                                "Actual Loops": 1,
                                                                                "Output": [
                                                                                    "cc.movie_id",
                                                                                    "cc.subject_id",
                                                                                    "cc.status_id"
                                                                                ],
                                                                                "Sort Key": [
                                                                                    "cc.movie_id"
                                                                                ],
                                                                                "Sort Method": "quicksort",
                                                                                "Sort Space Used": 12477,
                                                                                "Sort Space Type": "Memory",
                                                                                "Plans": [
                                                                                    {
                                                                                        "Node Type": "Seq Scan",
                                                                                        "Parent Relationship": "Outer",
                                                                                        "Parallel Aware": false,
                                                                                        "Relation Name": "complete_cast",
                                                                                        "Schema": "public",
                                                                                        "Alias": "cc",
                                                                                        "Startup Cost": 0.0,
                                                                                        "Total Cost": 2081.86,
                                                                                        "Plan Rows": 135086,
                                                                                        "Plan Width": 12,
                                                                                        "Actual Startup Time": 0.023,
                                                                                        "Actual Total Time": 12.911,
                                                                                        "Actual Rows": 135086,
                                                                                        "Actual Loops": 1,
                                                                                        "Output": [
                                                                                            "cc.movie_id",
                                                                                            "cc.subject_id",
                                                                                            "cc.status_id"
                                                                                        ]
                                                                                    }
                                                                                ]
                                                                            }
                                                                        ]
                                                                    },
                                                                    {
                                                                        "Node Type": "Index Scan",
                                                                        "Parent Relationship": "Inner",
                                                                        "Parallel Aware": false,
                                                                        "Scan Direction": "Forward",
                                                                        "Index Name": "movie_id_cast_info",
                                                                        "Relation Name": "cast_info",
                                                                        "Schema": "public",
                                                                        "Alias": "ci",
                                                                        "Startup Cost": 0.56,
                                                                        "Total Cost": 2074909.69,
                                                                        "Plan Rows": 36252776,
                                                                        "Plan Width": 12,
                                                                        "Actual Startup Time": 0.034,
                                                                        "Actual Total Time": 27525.657,
                                                                        "Actual Rows": 36251557,
                                                                        "Actual Loops": 1,
                                                                        "Output": [
                                                                            "ci.id",
                                                                            "ci.person_id",
                                                                            "ci.movie_id",
                                                                            "ci.person_role_id",
                                                                            "ci.note",
                                                                            "ci.nr_order",
                                                                            "ci.role_id"
                                                                        ]
                                                                    }
                                                                ]
                                                            }
                                                        ]
                                                    }
                                                ]
                                            },
                                            {
                                                "Node Type": "Hash",
                                                "Parent Relationship": "Inner",
                                                "Parallel Aware": false,
                                                "Startup Cost": 12.2,
                                                "Total Cost": 12.2,
                                                "Plan Rows": 1,
                                                "Plan Width": 4,
                                                "Actual Startup Time": 0.018,
                                                "Actual Total Time": 0.019,
                                                "Actual Rows": 2,
                                                "Actual Loops": 1,
                                                "Output": [
                                                    "cct2.id"
                                                ],
                                                "Hash Buckets": 1024,
                                                "Original Hash Buckets": 1024,
                                                "Hash Batches": 1,
                                                "Original Hash Batches": 1,
                                                "Peak Memory Usage": 9,
                                                "Plans": [
                                                    {
                                                        "Node Type": "Index Scan",
                                                        "Parent Relationship": "Outer",
                                                        "Parallel Aware": false,
                                                        "Scan Direction": "Forward",
                                                        "Index Name": "comp_cast_type_pkey",
                                                        "Relation Name": "comp_cast_type",
                                                        "Schema": "public",
                                                        "Alias": "cct2",
                                                        "Startup Cost": 0.13,
                                                        "Total Cost": 12.2,
                                                        "Plan Rows": 1,
                                                        "Plan Width": 4,
                                                        "Actual Startup Time": 0.013,
                                                        "Actual Total Time": 0.014,
                                                        "Actual Rows": 2,
                                                        "Actual Loops": 1,
                                                        "Output": [
                                                            "cct2.id"
                                                        ],
                                                        "Filter": "((cct2.kind)::text ~~ '%complete%'::text)",
                                                        "Rows Removed by Filter": 2
                                                    }
                                                ]
                                            }
                                        ]
                                    }
                                ]
                            }
                        ]
                    },
                    {
                        "Node Type": "Bitmap Heap Scan",
                        "Parent Relationship": "Inner",
                        "Parallel Aware": false,
                        "Relation Name": "comp_cast_type",
                        "Schema": "public",
                        "Alias": "cct1",
                        "Startup Cost": 0.14,
                        "Total Cost": 4.15,
                        "Plan Rows": 1,
                        "Plan Width": 4,
                        "Actual Startup Time": 0.002,
                        "Actual Total Time": 0.002,
                        "Actual Rows": 1,
                        "Actual Loops": 3460,
                        "Output": [
                            "cct1.id",
                            "cct1.kind"
                        ],
                        "Recheck Cond": "(cct1.id = cc.subject_id)",
                        "Rows Removed by Index Recheck": 0,
                        "Filter": "((cct1.kind)::text = 'cast'::text)",
                        "Rows Removed by Filter": 0,
                        "Exact Heap Blocks": 3460,
                        "Lossy Heap Blocks": 0,
                        "Plans": [
                            {
                                "Node Type": "Bitmap Index Scan",
                                "Parent Relationship": "Outer",
                                "Parallel Aware": false,
                                "Index Name": "comp_cast_type_pkey",
                                "Startup Cost": 0.0,
                                "Total Cost": 0.14,
                                "Plan Rows": 1,
                                "Plan Width": 0,
                                "Actual Startup Time": 0.001,
                                "Actual Total Time": 0.001,
                                "Actual Rows": 1,
                                "Actual Loops": 3460,
                                "Index Cond": "(cct1.id = cc.subject_id)"
                            }
                        ]
                    }
                ]
            }
        ]
    },
    "Planning Time": 38.594,
    "Triggers": [],
    "Execution Time": 43065.683
}