[
  {
    "Plan": {
      "Node Type": "Aggregate",
      "Strategy": "Plain",
      "Partial Mode": "Finalize",
      "Parallel Aware": false,
      "Startup Cost": 448785.39,
      "Total Cost": 448785.4,
      "Plan Rows": 1,
      "Plan Width": 8,
      "Actual Startup Time": 3332.925,
      "Actual Total Time": 3390.947,
      "Actual Rows": 1,
      "Actual Loops": 1,
      "Plans": [
        {
          "Node Type": "Gather",
          "Parent Relationship": "Outer",
          "Parallel Aware": false,
          "Startup Cost": 448784.77,
          "Total Cost": 448785.38,
          "Plan Rows": 6,
          "Plan Width": 8,
          "Actual Startup Time": 3308.188,
          "Actual Total Time": 3390.922,
          "Actual Rows": 7,
          "Actual Loops": 1,
          "Workers Planned": 6,
          "Workers Launched": 6,
          "Single Copy": false,
          "Plans": [
            {
              "Node Type": "Aggregate",
              "Strategy": "Plain",
              "Partial Mode": "Partial",
              "Parent Relationship": "Outer",
              "Parallel Aware": false,
              "Startup Cost": 447784.77,
              "Total Cost": 447784.78,
              "Plan Rows": 1,
              "Plan Width": 8,
              "Actual Startup Time": 3298.386,
              "Actual Total Time": 3299.136,
              "Actual Rows": 1,
              "Actual Loops": 7,
              "Plans": [
                {
                  "Node Type": "Hash Join",
                  "Parent Relationship": "Outer",
                  "Parallel Aware": true,
                  "Join Type": "Inner",
                  "Startup Cost": 86723.18,
                  "Total Cost": 441774.95,
                  "Plan Rows": 2403928,
                  "Plan Width": 0,
                  "Actual Startup Time": 546.83,
                  "Actual Total Time": 3054.931,
                  "Actual Rows": 4429075,
                  "Actual Loops": 7,
                  "Inner Unique": false,
                  "Hash Cond": "(ci.movie_id = t.id)",
                  "Plans": [
                    {
                      "Node Type": "Seq Scan",
                      "Parent Relationship": "Outer",
                      "Parallel Aware": true,
                      "Relation Name": "cast_info",
                      "Alias": "ci",
                      "Startup Cost": 0.0,
                      "Total Cost": 328211.39,
                      "Plan Rows": 5089538,
                      "Plan Width": 4,
                      "Actual Startup Time": 0.046,
                      "Actual Total Time": 848.082,
                      "Actual Rows": 4358807,
                      "Actual Loops": 7,
                      "Filter": "(role_id < 9)",
                      "Rows Removed by Filter": 818956
                    },
                    {
                      "Node Type": "Hash",
                      "Parent Relationship": "Inner",
                      "Parallel Aware": true,
                      "Startup Cost": 81907.68,
                      "Total Cost": 81907.68,
                      "Plan Rows": 385240,
                      "Plan Width": 8,
                      "Actual Startup Time": 543.706,
                      "Actual Total Time": 544.453,
                      "Actual Rows": 176155,
                      "Actual Loops": 7,
                      "Hash Buckets": 2097152,
                      "Original Hash Buckets": 2097152,
                      "Hash Batches": 1,
                      "Original Hash Batches": 1,
                      "Peak Memory Usage": 64736,
                      "Plans": [
                        {
                          "Node Type": "Hash Join",
                          "Parent Relationship": "Outer",
                          "Parallel Aware": true,
                          "Join Type": "Inner",
                          "Startup Cost": 51553.02,
                          "Total Cost": 81907.68,
                          "Plan Rows": 385240,
                          "Plan Width": 8,
                          "Actual Startup Time": 315.262,
                          "Actual Total Time": 461.574,
                          "Actual Rows": 176155,
                          "Actual Loops": 7,
                          "Inner Unique": true,
                          "Hash Cond": "(mc.movie_id = t.id)",
                          "Plans": [
                            {
                              "Node Type": "Seq Scan",
                              "Parent Relationship": "Outer",
                              "Parallel Aware": true,
                              "Relation Name": "movie_companies",
                              "Alias": "mc",
                              "Startup Cost": 0.0,
                              "Total Cost": 29310.68,
                              "Plan Rows": 397704,
                              "Plan Width": 4,
                              "Actual Startup Time": 0.02,
                              "Actual Total Time": 57.316,
                              "Actual Rows": 177788,
                              "Actual Loops": 7,
                              "Filter": "(company_id < 11149)",
                              "Rows Removed by Filter": 194945
                            },
                            {
                              "Node Type": "Hash",
                              "Parent Relationship": "Inner",
                              "Parallel Aware": true,
                              "Startup Cost": 43899.32,
                              "Total Cost": 43899.32,
                              "Plan Rows": 612296,
                              "Plan Width": 4,
                              "Actual Startup Time": 310.857,
                              "Actual Total Time": 310.859,
                              "Actual Rows": 350049,
                              "Actual Loops": 7,
                              "Hash Buckets": 4194304,
                              "Original Hash Buckets": 4194304,
                              "Hash Batches": 1,
                              "Original Hash Batches": 1,
                              "Peak Memory Usage": 128736,
                              "Plans": [
                                {
                                  "Node Type": "Seq Scan",
                                  "Parent Relationship": "Outer",
                                  "Parallel Aware": true,
                                  "Relation Name": "title",
                                  "Alias": "t",
                                  "Startup Cost": 0.0,
                                  "Total Cost": 43899.32,
                                  "Plan Rows": 612296,
                                  "Plan Width": 4,
                                  "Actual Startup Time": 0.057,
                                  "Actual Total Time": 103.05,
                                  "Actual Rows": 350049,
                                  "Actual Loops": 7,
                                  "Filter": "(production_year > 1899)",
                                  "Rows Removed by Filter": 11138
                                }
                              ]
                            }
                          ]
                        }
                      ]
                    }
                  ]
                }
              ]
            }
          ]
        }
      ]
    },
    "Planning Time": 0.543,
    "Triggers": [],
    "Execution Time": 3391.002
  }
]