[
    {
        "Bao": {
            "Bao prediction": "NaN",
            "Bao recommended hint": "(no hint)"
        }
    },
    {
        "Plan": {
            "Node Type": "Aggregate",
            "Strategy": "Plain",
            "Partial Mode": "Finalize",
            "Parallel Aware": false,
            "Startup Cost": 126146.43,
            "Total Cost": 126146.44,
            "Plan Rows": 1,
            "Plan Width": 8,
            "Actual Startup Time": 681.166,
            "Actual Total Time": 696.959,
            "Actual Rows": 1,
            "Actual Loops": 1,
            "Output": [
                "count(*)"
            ],
            "Plans": [
                {
                    "Node Type": "Gather",
                    "Parent Relationship": "Outer",
                    "Parallel Aware": false,
                    "Startup Cost": 126146.11,
                    "Total Cost": 126146.42,
                    "Plan Rows": 3,
                    "Plan Width": 8,
                    "Actual Startup Time": 677.048,
                    "Actual Total Time": 696.951,
                    "Actual Rows": 4,
                    "Actual Loops": 1,
                    "Output": [
                        "(PARTIAL count(*))"
                    ],
                    "Workers Planned": 3,
                    "Workers Launched": 3,
                    "Single Copy": false,
                    "Plans": [
                        {
                            "Node Type": "Aggregate",
                            "Strategy": "Plain",
                            "Partial Mode": "Partial",
                            "Parent Relationship": "Outer",
                            "Parallel Aware": false,
                            "Startup Cost": 125146.11,
                            "Total Cost": 125146.12,
                            "Plan Rows": 1,
                            "Plan Width": 8,
                            "Actual Startup Time": 668.752,
                            "Actual Total Time": 668.881,
                            "Actual Rows": 1,
                            "Actual Loops": 4,
                            "Output": [
                                "PARTIAL count(*)"
                            ],
                            "Workers": [
                                {
                                    "Worker Number": 0,
                                    "Actual Startup Time": 665.79,
                                    "Actual Total Time": 665.796,
                                    "Actual Rows": 1,
                                    "Actual Loops": 1
                                },
                                {
                                    "Worker Number": 1,
                                    "Actual Startup Time": 666.438,
                                    "Actual Total Time": 666.442,
                                    "Actual Rows": 1,
                                    "Actual Loops": 1
                                },
                                {
                                    "Worker Number": 2,
                                    "Actual Startup Time": 666.266,
                                    "Actual Total Time": 666.271,
                                    "Actual Rows": 1,
                                    "Actual Loops": 1
                                }
                            ],
                            "Plans": [
                                {
                                    "Node Type": "Hash Join",
                                    "Parent Relationship": "Outer",
                                    "Parallel Aware": true,
                                    "Join Type": "Inner",
                                    "Startup Cost": 79073.83,
                                    "Total Cost": 124369.88,
                                    "Plan Rows": 310492,
                                    "Plan Width": 0,
                                    "Actual Startup Time": 372.994,
                                    "Actual Total Time": 626.821,
                                    "Actual Rows": 1059615,
                                    "Actual Loops": 4,
                                    "Inner Unique": false,
                                    "Hash Cond": "(mk.movie_id = t.id)",
                                    "Workers": [
                                        {
                                            "Worker Number": 0,
                                            "Actual Startup Time": 370.143,
                                            "Actual Total Time": 624.194,
                                            "Actual Rows": 1052136,
                                            "Actual Loops": 1
                                        },
                                        {
                                            "Worker Number": 1,
                                            "Actual Startup Time": 370.291,
                                            "Actual Total Time": 624.575,
                                            "Actual Rows": 1058845,
                                            "Actual Loops": 1
                                        },
                                        {
                                            "Worker Number": 2,
                                            "Actual Startup Time": 370.594,
                                            "Actual Total Time": 623.966,
                                            "Actual Rows": 1045664,
                                            "Actual Loops": 1
                                        }
                                    ],
                                    "Plans": [
                                        {
                                            "Node Type": "Seq Scan",
                                            "Parent Relationship": "Outer",
                                            "Parallel Aware": true,
                                            "Relation Name": "movie_keyword",
                                            "Schema": "public",
                                            "Alias": "mk",
                                            "Startup Cost": 0.0,
                                            "Total Cost": 39047.32,
                                            "Plan Rows": 1459332,
                                            "Plan Width": 4,
                                            "Actual Startup Time": 0.015,
                                            "Actual Total Time": 82.171,
                                            "Actual Rows": 1130982,
                                            "Actual Loops": 4,
                                            "Output": [
                                                "mk.id",
                                                "mk.movie_id",
                                                "mk.keyword_id"
                                            ],
                                            "Workers": [
                                                {
                                                    "Worker Number": 0,
                                                    "Actual Startup Time": 0.014,
                                                    "Actual Total Time": 85.292,
                                                    "Actual Rows": 1134050,
                                                    "Actual Loops": 1
                                                },
                                                {
                                                    "Worker Number": 1,
                                                    "Actual Startup Time": 0.018,
                                                    "Actual Total Time": 84.893,
                                                    "Actual Rows": 1122150,
                                                    "Actual Loops": 1
                                                },
                                                {
                                                    "Worker Number": 2,
                                                    "Actual Startup Time": 0.018,
                                                    "Actual Total Time": 84.109,
                                                    "Actual Rows": 1097605,
                                                    "Actual Loops": 1
                                                }
                                            ]
                                        },
                                        {
                                            "Node Type": "Hash",
                                            "Parent Relationship": "Inner",
                                            "Parallel Aware": true,
                                            "Startup Cost": 77392.79,
                                            "Total Cost": 77392.79,
                                            "Plan Rows": 134483,
                                            "Plan Width": 8,
                                            "Actual Startup Time": 370.056,
                                            "Actual Total Time": 370.184,
                                            "Actual Rows": 132594,
                                            "Actual Loops": 4,
                                            "Output": [
                                                "t.id",
                                                "mc.movie_id"
                                            ],
                                            "Hash Buckets": 1048576,
                                            "Original Hash Buckets": 1048576,
                                            "Hash Batches": 1,
                                            "Original Hash Batches": 1,
                                            "Peak Memory Usage": 29024,
                                            "Workers": [
                                                {
                                                    "Worker Number": 0,
                                                    "Actual Startup Time": 369.398,
                                                    "Actual Total Time": 369.402,
                                                    "Actual Rows": 134154,
                                                    "Actual Loops": 1
                                                },
                                                {
                                                    "Worker Number": 1,
                                                    "Actual Startup Time": 369.628,
                                                    "Actual Total Time": 369.631,
                                                    "Actual Rows": 131706,
                                                    "Actual Loops": 1
                                                },
                                                {
                                                    "Worker Number": 2,
                                                    "Actual Startup Time": 369.866,
                                                    "Actual Total Time": 369.869,
                                                    "Actual Rows": 127266,
                                                    "Actual Loops": 1
                                                }
                                            ],
                                            "Plans": [
                                                {
                                                    "Node Type": "Hash Join",
                                                    "Parent Relationship": "Outer",
                                                    "Parallel Aware": true,
                                                    "Join Type": "Inner",
                                                    "Startup Cost": 31479.77,
                                                    "Total Cost": 77392.79,
                                                    "Plan Rows": 134483,
                                                    "Plan Width": 8,
                                                    "Actual Startup Time": 117.806,
                                                    "Actual Total Time": 329.046,
                                                    "Actual Rows": 132594,
                                                    "Actual Loops": 4,
                                                    "Output": [
                                                        "t.id",
                                                        "mc.movie_id"
                                                    ],
                                                    "Inner Unique": false,
                                                    "Hash Cond": "(t.id = mc.movie_id)",
                                                    "Workers": [
                                                        {
                                                            "Worker Number": 0,
                                                            "Actual Startup Time": 117.122,
                                                            "Actual Total Time": 329.147,
                                                            "Actual Rows": 134154,
                                                            "Actual Loops": 1
                                                        },
                                                        {
                                                            "Worker Number": 1,
                                                            "Actual Startup Time": 117.243,
                                                            "Actual Total Time": 327.681,
                                                            "Actual Rows": 131706,
                                                            "Actual Loops": 1
                                                        },
                                                        {
                                                            "Worker Number": 2,
                                                            "Actual Startup Time": 117.622,
                                                            "Actual Total Time": 329.732,
                                                            "Actual Rows": 127266,
                                                            "Actual Loops": 1
                                                        }
                                                    ],
                                                    "Plans": [
                                                        {
                                                            "Node Type": "Seq Scan",
                                                            "Parent Relationship": "Outer",
                                                            "Parallel Aware": true,
                                                            "Relation Name": "title",
                                                            "Schema": "public",
                                                            "Alias": "t",
                                                            "Startup Cost": 0.0,
                                                            "Total Cost": 42318.81,
                                                            "Plan Rows": 632080,
                                                            "Plan Width": 4,
                                                            "Actual Startup Time": 0.013,
                                                            "Actual Total Time": 67.228,
                                                            "Actual Rows": 632078,
                                                            "Actual Loops": 4,
                                                            "Output": [
                                                                "t.id",
                                                                "t.title",
                                                                "t.imdb_index",
                                                                "t.kind_id",
                                                                "t.production_year",
                                                                "t.imdb_id",
                                                                "t.phonetic_code",
                                                                "t.episode_of_id",
                                                                "t.season_nr",
                                                                "t.episode_nr",
                                                                "t.series_years",
                                                                "t.md5sum"
                                                            ],
                                                            "Workers": [
                                                                {
                                                                    "Worker Number": 0,
                                                                    "Actual Startup Time": 0.014,
                                                                    "Actual Total Time": 71.145,
                                                                    "Actual Rows": 639990,
                                                                    "Actual Loops": 1
                                                                },
                                                                {
                                                                    "Worker Number": 1,
                                                                    "Actual Startup Time": 0.013,
                                                                    "Actual Total Time": 70.022,
                                                                    "Actual Rows": 624266,
                                                                    "Actual Loops": 1
                                                                },
                                                                {
                                                                    "Worker Number": 2,
                                                                    "Actual Startup Time": 0.016,
                                                                    "Actual Total Time": 70.558,
                                                                    "Actual Rows": 603243,
                                                                    "Actual Loops": 1
                                                                }
                                                            ]
                                                        },
                                                        {
                                                            "Node Type": "Hash",
                                                            "Parent Relationship": "Inner",
                                                            "Parallel Aware": true,
                                                            "Startup Cost": 29310.68,
                                                            "Total Cost": 29310.68,
                                                            "Plan Rows": 173527,
                                                            "Plan Width": 4,
                                                            "Actual Startup Time": 116.025,
                                                            "Actual Total Time": 116.026,
                                                            "Actual Rows": 132594,
                                                            "Actual Loops": 4,
                                                            "Output": [
                                                                "mc.movie_id"
                                                            ],
                                                            "Hash Buckets": 1048576,
                                                            "Original Hash Buckets": 1048576,
                                                            "Hash Batches": 1,
                                                            "Original Hash Batches": 1,
                                                            "Peak Memory Usage": 28992,
                                                            "Workers": [
                                                                {
                                                                    "Worker Number": 0,
                                                                    "Actual Startup Time": 117.026,
                                                                    "Actual Total Time": 117.028,
                                                                    "Actual Rows": 109389,
                                                                    "Actual Loops": 1
                                                                },
                                                                {
                                                                    "Worker Number": 1,
                                                                    "Actual Startup Time": 117.178,
                                                                    "Actual Total Time": 117.179,
                                                                    "Actual Rows": 106145,
                                                                    "Actual Loops": 1
                                                                },
                                                                {
                                                                    "Worker Number": 2,
                                                                    "Actual Startup Time": 117.351,
                                                                    "Actual Total Time": 117.352,
                                                                    "Actual Rows": 115411,
                                                                    "Actual Loops": 1
                                                                }
                                                            ],
                                                            "Plans": [
                                                                {
                                                                    "Node Type": "Seq Scan",
                                                                    "Parent Relationship": "Outer",
                                                                    "Parallel Aware": true,
                                                                    "Relation Name": "movie_companies",
                                                                    "Schema": "public",
                                                                    "Alias": "mc",
                                                                    "Startup Cost": 0.0,
                                                                    "Total Cost": 29310.68,
                                                                    "Plan Rows": 173527,
                                                                    "Plan Width": 4,
                                                                    "Actual Startup Time": 0.051,
                                                                    "Actual Total Time": 68.521,
                                                                    "Actual Rows": 132594,
                                                                    "Actual Loops": 4,
                                                                    "Output": [
                                                                        "mc.movie_id"
                                                                    ],
                                                                    "Filter": "(mc.company_id < 513)",
                                                                    "Rows Removed by Filter": 519688,
                                                                    "Workers": [
                                                                        {
                                                                            "Worker Number": 0,
                                                                            "Actual Startup Time": 0.072,
                                                                            "Actual Total Time": 69.836,
                                                                            "Actual Rows": 109389,
                                                                            "Actual Loops": 1
                                                                        },
                                                                        {
                                                                            "Worker Number": 1,
                                                                            "Actual Startup Time": 0.058,
                                                                            "Actual Total Time": 69.088,
                                                                            "Actual Rows": 106145,
                                                                            "Actual Loops": 1
                                                                        },
                                                                        {
                                                                            "Worker Number": 2,
                                                                            "Actual Startup Time": 0.064,
                                                                            "Actual Total Time": 69.817,
                                                                            "Actual Rows": 115411,
                                                                            "Actual Loops": 1
                                                                        }
                                                                    ]
                                                                }
                                                            ]
                                                        }
                                                    ]
                                                }
                                            ]
                                        }
                                    ]
                                }
                            ]
                        }
                    ]
                }
            ]
        },
        "Planning Time": 203.797,
        "Triggers": [],
        "Execution Time": 697.082
    }
]