{
  "Plan": {
    "Node Type": "Aggregate",
    "Strategy": "Plain",
    "Partial Mode": "Finalize",
    "Parallel Aware": false,
    "Startup Cost": 101349.53,
    "Total Cost": 101349.54,
    "Plan Rows": 1,
    "Plan Width": 8,
    "Actual Startup Time": 525.034,
    "Actual Total Time": 545.215,
    "Actual Rows": 1,
    "Actual Loops": 1,
    "Plans": [
      {
        "Node Type": "Gather",
        "Parent Relationship": "Outer",
        "Parallel Aware": false,
        "Startup Cost": 101349.41,
        "Total Cost": 101349.52,
        "Plan Rows": 1,
        "Plan Width": 8,
        "Actual Startup Time": 520.605,
        "Actual Total Time": 545.189,
        "Actual Rows": 2,
        "Actual Loops": 1,
        "Workers Planned": 1,
        "Workers Launched": 1,
        "Single Copy": false,
        "Plans": [
          {
            "Node Type": "Aggregate",
            "Strategy": "Plain",
            "Partial Mode": "Partial",
            "Parent Relationship": "Outer",
            "Parallel Aware": false,
            "Startup Cost": 100349.41,
            "Total Cost": 100349.42,
            "Plan Rows": 1,
            "Plan Width": 8,
            "Actual Startup Time": 514.275,
            "Actual Total Time": 514.278,
            "Actual Rows": 1,
            "Actual Loops": 2,
            "Plans": [
              {
                "Node Type": "Hash Join",
                "Parent Relationship": "Outer",
                "Parallel Aware": true,
                "Join Type": "Inner",
                "Startup Cost": 73502.23,
                "Total Cost": 100154.87,
                "Plan Rows": 77819,
                "Plan Width": 0,
                "Actual Startup Time": 415.819,
                "Actual Total Time": 513.268,
                "Actual Rows": 18026,
                "Actual Loops": 2,
                "Inner Unique": true,
                "Hash Cond": "(mk.movie_id = t.id)",
                "Plans": [
                  {
                    "Node Type": "Bitmap Heap Scan",
                    "Parent Relationship": "Outer",
                    "Parallel Aware": true,
                    "Relation Name": "movie_keyword",
                    "Alias": "mk",
                    "Startup Cost": 5243.6,
                    "Total Cost": 31514.66,
                    "Plan Rows": 145364,
                    "Plan Width": 4,
                    "Actual Startup Time": 16.207,
                    "Actual Total Time": 73.681,
                    "Actual Rows": 127958,
                    "Actual Loops": 2,
                    "Recheck Cond": "(keyword_id < 226)",
                    "Rows Removed by Index Recheck": 0,
                    "Exact Heap Blocks": 16702,
                    "Lossy Heap Blocks": 0,
                    "Plans": [
                      {
                        "Node Type": "Bitmap Index Scan",
                        "Parent Relationship": "Outer",
                        "Parallel Aware": false,
                        "Index Name": "keyword_id_movie_keyword",
                        "Startup Cost": 0.0,
                        "Total Cost": 5181.82,
                        "Plan Rows": 247119,
                        "Plan Width": 0,
                        "Actual Startup Time": 12.683,
                        "Actual Total Time": 12.683,
                        "Actual Rows": 255916,
                        "Actual Loops": 1,
                        "Index Cond": "(keyword_id < 226)"
                      }
                    ]
                  },
                  {
                    "Node Type": "Hash",
                    "Parent Relationship": "Inner",
                    "Parallel Aware": true,
                    "Startup Cost": 58306.47,
                    "Total Cost": 58306.47,
                    "Plan Rows": 796173,
                    "Plan Width": 4,
                    "Actual Startup Time": 387.134,
                    "Actual Total Time": 387.134,
                    "Actual Rows": 663890,
                    "Actual Loops": 2,
                    "Hash Buckets": 2097152,
                    "Original Hash Buckets": 2097152,
                    "Hash Batches": 1,
                    "Original Hash Batches": 1,
                    "Peak Memory Usage": 68384,
                    "Plans": [
                      {
                        "Node Type": "Seq Scan",
                        "Parent Relationship": "Outer",
                        "Parallel Aware": true,
                        "Relation Name": "title",
                        "Alias": "t",
                        "Startup Cost": 0.0,
                        "Total Cost": 58306.47,
                        "Plan Rows": 796173,
                        "Plan Width": 4,
                        "Actual Startup Time": 0.028,
                        "Actual Total Time": 192.18,
                        "Actual Rows": 663890,
                        "Actual Loops": 2,
                        "Filter": "((production_year < 2012) AND (kind_id = 7))",
                        "Rows Removed by Filter": 600266
                      }
                    ]
                  }
                ]
              }
            ]
          }
        ]
      }
    ]
  },
  "Planning Time": 0.375,
  "Triggers": [],
  "Execution Time": 545.275
}