[
  {
    "Plan": {
      "Node Type": "Aggregate",
      "Strategy": "Plain",
      "Partial Mode": "Finalize",
      "Parallel Aware": false,
      "Startup Cost": 175472.27,
      "Total Cost": 175472.28,
      "Plan Rows": 1,
      "Plan Width": 8,
      "Actual Startup Time": 1293.241,
      "Actual Total Time": 1357.401,
      "Actual Rows": 1,
      "Actual Loops": 1,
      "Plans": [
        {
          "Node Type": "Gather",
          "Parent Relationship": "Outer",
          "Parallel Aware": false,
          "Startup Cost": 175471.85,
          "Total Cost": 175472.26,
          "Plan Rows": 4,
          "Plan Width": 8,
          "Actual Startup Time": 1291.578,
          "Actual Total Time": 1357.375,
          "Actual Rows": 5,
          "Actual Loops": 1,
          "Workers Planned": 4,
          "Workers Launched": 4,
          "Single Copy": false,
          "Plans": [
            {
              "Node Type": "Aggregate",
              "Strategy": "Plain",
              "Partial Mode": "Partial",
              "Parent Relationship": "Outer",
              "Parallel Aware": false,
              "Startup Cost": 174471.85,
              "Total Cost": 174471.86,
              "Plan Rows": 1,
              "Plan Width": 8,
              "Actual Startup Time": 1281.494,
              "Actual Total Time": 1281.498,
              "Actual Rows": 1,
              "Actual Loops": 5,
              "Plans": [
                {
                  "Node Type": "Nested Loop",
                  "Parent Relationship": "Outer",
                  "Parallel Aware": false,
                  "Join Type": "Inner",
                  "Startup Cost": 17524.04,
                  "Total Cost": 173811.23,
                  "Plan Rows": 264246,
                  "Plan Width": 0,
                  "Actual Startup Time": 76.997,
                  "Actual Total Time": 1225.862,
                  "Actual Rows": 1162623,
                  "Actual Loops": 5,
                  "Inner Unique": false,
                  "Plans": [
                    {
                      "Node Type": "Hash Join",
                      "Parent Relationship": "Outer",
                      "Parallel Aware": true,
                      "Join Type": "Inner",
                      "Startup Cost": 17523.61,
                      "Total Cost": 62540.29,
                      "Plan Rows": 45191,
                      "Plan Width": 8,
                      "Actual Startup Time": 76.911,
                      "Actual Total Time": 245.194,
                      "Actual Rows": 63656,
                      "Actual Loops": 5,
                      "Inner Unique": false,
                      "Hash Cond": "(t.id = mi_idx.movie_id)",
                      "Plans": [
                        {
                          "Node Type": "Seq Scan",
                          "Parent Relationship": "Outer",
                          "Parallel Aware": true,
                          "Relation Name": "title",
                          "Alias": "t",
                          "Startup Cost": 0.0,
                          "Total Cost": 43898.92,
                          "Plan Rows": 247857,
                          "Plan Width": 4,
                          "Actual Startup Time": 0.021,
                          "Actual Total Time": 74.386,
                          "Actual Rows": 197010,
                          "Actual Loops": 5,
                          "Filter": "(kind_id < 7)",
                          "Rows Removed by Filter": 308653
                        },
                        {
                          "Node Type": "Hash",
                          "Parent Relationship": "Inner",
                          "Parallel Aware": true,
                          "Startup Cost": 15122.68,
                          "Total Cost": 15122.68,
                          "Plan Rows": 192074,
                          "Plan Width": 4,
                          "Actual Startup Time": 74.005,
                          "Actual Total Time": 74.006,
                          "Actual Rows": 92037,
                          "Actual Loops": 5,
                          "Hash Buckets": 524288,
                          "Original Hash Buckets": 524288,
                          "Hash Batches": 1,
                          "Original Hash Batches": 1,
                          "Peak Memory Usage": 22144,
                          "Plans": [
                            {
                              "Node Type": "Seq Scan",
                              "Parent Relationship": "Outer",
                              "Parallel Aware": true,
                              "Relation Name": "movie_info_idx",
                              "Alias": "mi_idx",
                              "Startup Cost": 0.0,
                              "Total Cost": 15122.68,
                              "Plan Rows": 192074,
                              "Plan Width": 4,
                              "Actual Startup Time": 0.061,
                              "Actual Total Time": 39.677,
                              "Actual Rows": 92037,
                              "Actual Loops": 5,
                              "Filter": "(info_type_id > 100)",
                              "Rows Removed by Filter": 183970
                            }
                          ]
                        }
                      ]
                    },
                    {
                      "Node Type": "Index Only Scan",
                      "Parent Relationship": "Inner",
                      "Parallel Aware": false,
                      "Scan Direction": "Forward",
                      "Index Name": "movie_id_movie_info",
                      "Relation Name": "movie_info",
                      "Alias": "mi",
                      "Startup Cost": 0.43,
                      "Total Cost": 2.04,
                      "Plan Rows": 42,
                      "Plan Width": 4,
                      "Actual Startup Time": 0.004,
                      "Actual Total Time": 0.014,
                      "Actual Rows": 18,
                      "Actual Loops": 318279,
                      "Index Cond": "(movie_id = t.id)",
                      "Rows Removed by Index Recheck": 0,
                      "Heap Fetches": 5813114
                    }
                  ]
                }
              ]
            }
          ]
        }
      ]
    },
    "Planning Time": 1.306,
    "Triggers": [],
    "Execution Time": 1357.506
  }
]