[
  {
    "Plan": {
      "Node Type": "Aggregate",
      "Strategy": "Plain",
      "Partial Mode": "Finalize",
      "Parallel Aware": false,
      "Startup Cost": 83263.52,
      "Total Cost": 83263.53,
      "Plan Rows": 1,
      "Plan Width": 8,
      "Actual Startup Time": 434.988,
      "Actual Total Time": 450.107,
      "Actual Rows": 1,
      "Actual Loops": 1,
      "Plans": [
        {
          "Node Type": "Gather",
          "Parent Relationship": "Outer",
          "Parallel Aware": false,
          "Startup Cost": 83263.1,
          "Total Cost": 83263.51,
          "Plan Rows": 4,
          "Plan Width": 8,
          "Actual Startup Time": 428.886,
          "Actual Total Time": 450.098,
          "Actual Rows": 5,
          "Actual Loops": 1,
          "Workers Planned": 4,
          "Workers Launched": 4,
          "Single Copy": false,
          "Plans": [
            {
              "Node Type": "Aggregate",
              "Strategy": "Plain",
              "Partial Mode": "Partial",
              "Parent Relationship": "Outer",
              "Parallel Aware": false,
              "Startup Cost": 82263.1,
              "Total Cost": 82263.11,
              "Plan Rows": 1,
              "Plan Width": 8,
              "Actual Startup Time": 419.319,
              "Actual Total Time": 419.491,
              "Actual Rows": 1,
              "Actual Loops": 5,
              "Plans": [
                {
                  "Node Type": "Hash Join",
                  "Parent Relationship": "Outer",
                  "Parallel Aware": true,
                  "Join Type": "Inner",
                  "Startup Cost": 35377.32,
                  "Total Cost": 81648.92,
                  "Plan Rows": 245675,
                  "Plan Width": 0,
                  "Actual Startup Time": 179.624,
                  "Actual Total Time": 410.108,
                  "Actual Rows": 229133,
                  "Actual Loops": 5,
                  "Inner Unique": false,
                  "Hash Cond": "(t.id = mc.movie_id)",
                  "Plans": [
                    {
                      "Node Type": "Seq Scan",
                      "Parent Relationship": "Outer",
                      "Parallel Aware": true,
                      "Relation Name": "title",
                      "Alias": "t",
                      "Startup Cost": 0.0,
                      "Total Cost": 42318.73,
                      "Plan Rows": 632073,
                      "Plan Width": 4,
                      "Actual Startup Time": 0.01,
                      "Actual Total Time": 65.213,
                      "Actual Rows": 505662,
                      "Actual Loops": 5
                    },
                    {
                      "Node Type": "Hash",
                      "Parent Relationship": "Inner",
                      "Parallel Aware": true,
                      "Startup Cost": 31414.82,
                      "Total Cost": 31414.82,
                      "Plan Rows": 317000,
                      "Plan Width": 4,
                      "Actual Startup Time": 175.334,
                      "Actual Total Time": 175.335,
                      "Actual Rows": 229133,
                      "Actual Loops": 5,
                      "Hash Buckets": 2097152,
                      "Original Hash Buckets": 1048576,
                      "Hash Batches": 1,
                      "Original Hash Batches": 1,
                      "Peak Memory Usage": 69440,
                      "Plans": [
                        {
                          "Node Type": "Seq Scan",
                          "Parent Relationship": "Outer",
                          "Parallel Aware": true,
                          "Relation Name": "movie_companies",
                          "Alias": "mc",
                          "Startup Cost": 0.0,
                          "Total Cost": 31414.82,
                          "Plan Rows": 317000,
                          "Plan Width": 4,
                          "Actual Startup Time": 45.596,
                          "Actual Total Time": 79.987,
                          "Actual Rows": 229133,
                          "Actual Loops": 5,
                          "Filter": "((company_id > 1040) AND (company_type_id = 2))",
                          "Rows Removed by Filter": 292693
                        }
                      ]
                    }
                  ]
                }
              ]
            }
          ]
        }
      ]
    },
    "Planning Time": 0.686,
    "Triggers": [],
    "Execution Time": 450.167
  }
]