{
  "Plan": {
    "Node Type": "Aggregate",
    "Strategy": "Plain",
    "Partial Mode": "Finalize",
    "Parallel Aware": false,
    "Startup Cost": 418785.46,
    "Total Cost": 418785.47,
    "Plan Rows": 1,
    "Plan Width": 8,
    "Actual Startup Time": 787.719,
    "Actual Total Time": 811.263,
    "Actual Rows": 1,
    "Actual Loops": 1,
    "Plans": [
      {
        "Node Type": "Gather",
        "Parent Relationship": "Outer",
        "Parallel Aware": false,
        "Startup Cost": 418785.35,
        "Total Cost": 418785.46,
        "Plan Rows": 1,
        "Plan Width": 8,
        "Actual Startup Time": 786.691,
        "Actual Total Time": 811.253,
        "Actual Rows": 2,
        "Actual Loops": 1,
        "Workers Planned": 1,
        "Workers Launched": 1,
        "Single Copy": false,
        "Plans": [
          {
            "Node Type": "Aggregate",
            "Strategy": "Plain",
            "Partial Mode": "Partial",
            "Parent Relationship": "Outer",
            "Parallel Aware": false,
            "Startup Cost": 417785.35,
            "Total Cost": 417785.36,
            "Plan Rows": 1,
            "Plan Width": 8,
            "Actual Startup Time": 780.562,
            "Actual Total Time": 780.566,
            "Actual Rows": 1,
            "Actual Loops": 2,
            "Plans": [
              {
                "Node Type": "Hash Join",
                "Parent Relationship": "Outer",
                "Parallel Aware": true,
                "Join Type": "Inner",
                "Startup Cost": 133633.47,
                "Total Cost": 417607.93,
                "Plan Rows": 70967,
                "Plan Width": 0,
                "Actual Startup Time": 326.943,
                "Actual Total Time": 778.741,
                "Actual Rows": 35202,
                "Actual Loops": 2,
                "Inner Unique": true,
                "Hash Cond": "(ci.movie_id = t.id)",
                "Plans": [
                  {
                    "Node Type": "Bitmap Heap Scan",
                    "Parent Relationship": "Outer",
                    "Parallel Aware": true,
                    "Relation Name": "cast_info",
                    "Alias": "ci",
                    "Startup Cost": 73359.64,
                    "Total Cost": 355573.79,
                    "Plan Rows": 670594,
                    "Plan Width": 4,
                    "Actual Startup Time": 156.816,
                    "Actual Total Time": 401.279,
                    "Actual Rows": 1608812,
                    "Actual Loops": 2,
                    "Recheck Cond": "(person_id > 3470041)",
                    "Rows Removed by Index Recheck": 0,
                    "Filter": "(role_id > 3)",
                    "Rows Removed by Filter": 0,
                    "Exact Heap Blocks": 24337,
                    "Lossy Heap Blocks": 0,
                    "Plans": [
                      {
                        "Node Type": "Bitmap Index Scan",
                        "Parent Relationship": "Outer",
                        "Parallel Aware": false,
                        "Index Name": "person_id_cast_info",
                        "Startup Cost": 0.0,
                        "Total Cost": 73074.64,
                        "Plan Rows": 3346410,
                        "Plan Width": 0,
                        "Actual Startup Time": 149.164,
                        "Actual Total Time": 149.165,
                        "Actual Rows": 3217623,
                        "Actual Loops": 1,
                        "Index Cond": "(person_id > 3470041)"
                      }
                    ]
                  },
                  {
                    "Node Type": "Hash",
                    "Parent Relationship": "Inner",
                    "Parallel Aware": true,
                    "Startup Cost": 58306.47,
                    "Total Cost": 58306.47,
                    "Plan Rows": 157389,
                    "Plan Width": 4,
                    "Actual Startup Time": 162.918,
                    "Actual Total Time": 162.919,
                    "Actual Rows": 84772,
                    "Actual Loops": 2,
                    "Hash Buckets": 524288,
                    "Original Hash Buckets": 524288,
                    "Hash Batches": 1,
                    "Original Hash Batches": 1,
                    "Peak Memory Usage": 10752,
                    "Plans": [
                      {
                        "Node Type": "Seq Scan",
                        "Parent Relationship": "Outer",
                        "Parallel Aware": true,
                        "Relation Name": "title",
                        "Alias": "t",
                        "Startup Cost": 0.0,
                        "Total Cost": 58306.47,
                        "Plan Rows": 157389,
                        "Plan Width": 4,
                        "Actual Startup Time": 0.045,
                        "Actual Total Time": 137.576,
                        "Actual Rows": 84772,
                        "Actual Loops": 2,
                        "Filter": "((production_year < 1976) AND (kind_id = 7))",
                        "Rows Removed by Filter": 1179384
                      }
                    ]
                  }
                ]
              }
            ]
          }
        ]
      }
    ]
  },
  "Planning Time": 0.526,
  "Triggers": [],
  "Execution Time": 811.41
}