[
  {
    "Plan": {
      "Node Type": "Aggregate",
      "Strategy": "Plain",
      "Partial Mode": "Finalize",
      "Parallel Aware": false,
      "Startup Cost": 30952.55,
      "Total Cost": 30952.56,
      "Plan Rows": 1,
      "Plan Width": 8,
      "Actual Startup Time": 99.131,
      "Actual Total Time": 108.587,
      "Actual Rows": 1,
      "Actual Loops": 1,
      "Plans": [
        {
          "Node Type": "Gather",
          "Parent Relationship": "Outer",
          "Parallel Aware": false,
          "Startup Cost": 30952.23,
          "Total Cost": 30952.54,
          "Plan Rows": 3,
          "Plan Width": 8,
          "Actual Startup Time": 99.027,
          "Actual Total Time": 108.579,
          "Actual Rows": 4,
          "Actual Loops": 1,
          "Workers Planned": 3,
          "Workers Launched": 3,
          "Single Copy": false,
          "Plans": [
            {
              "Node Type": "Aggregate",
              "Strategy": "Plain",
              "Partial Mode": "Partial",
              "Parent Relationship": "Outer",
              "Parallel Aware": false,
              "Startup Cost": 29952.23,
              "Total Cost": 29952.24,
              "Plan Rows": 1,
              "Plan Width": 8,
              "Actual Startup Time": 91.096,
              "Actual Total Time": 91.097,
              "Actual Rows": 1,
              "Actual Loops": 4,
              "Plans": [
                {
                  "Node Type": "Seq Scan",
                  "Parent Relationship": "Outer",
                  "Parallel Aware": true,
                  "Relation Name": "movie_companies",
                  "Alias": "mc",
                  "Startup Cost": 0.0,
                  "Total Cost": 29310.68,
                  "Plan Rows": 256621,
                  "Plan Width": 0,
                  "Actual Startup Time": 0.055,
                  "Actual Total Time": 79.007,
                  "Actual Rows": 198181,
                  "Actual Loops": 4,
                  "Filter": "(company_id < 1714)",
                  "Rows Removed by Filter": 454101
                }
              ]
            }
          ]
        }
      ]
    },
    "Planning Time": 0.076,
    "Triggers": [],
    "Execution Time": 108.621
  }
]