{
  "Plan": {
    "Node Type": "Aggregate",
    "Strategy": "Plain",
    "Partial Mode": "Finalize",
    "Parallel Aware": false,
    "Startup Cost": 141006.57,
    "Total Cost": 141006.58,
    "Plan Rows": 1,
    "Plan Width": 8,
    "Actual Startup Time": 622.033,
    "Actual Total Time": 636.191,
    "Actual Rows": 1,
    "Actual Loops": 1,
    "Plans": [
      {
        "Node Type": "Gather",
        "Parent Relationship": "Outer",
        "Parallel Aware": false,
        "Startup Cost": 141006.46,
        "Total Cost": 141006.57,
        "Plan Rows": 1,
        "Plan Width": 8,
        "Actual Startup Time": 621.173,
        "Actual Total Time": 636.184,
        "Actual Rows": 2,
        "Actual Loops": 1,
        "Workers Planned": 1,
        "Workers Launched": 1,
        "Single Copy": false,
        "Plans": [
          {
            "Node Type": "Aggregate",
            "Strategy": "Plain",
            "Partial Mode": "Partial",
            "Parent Relationship": "Outer",
            "Parallel Aware": false,
            "Startup Cost": 140006.46,
            "Total Cost": 140006.47,
            "Plan Rows": 1,
            "Plan Width": 8,
            "Actual Startup Time": 615.069,
            "Actual Total Time": 615.074,
            "Actual Rows": 1,
            "Actual Loops": 2,
            "Plans": [
              {
                "Node Type": "Hash Join",
                "Parent Relationship": "Outer",
                "Parallel Aware": true,
                "Join Type": "Inner",
                "Startup Cost": 74632.22,
                "Total Cost": 139839.33,
                "Plan Rows": 66849,
                "Plan Width": 0,
                "Actual Startup Time": 286.125,
                "Actual Total Time": 597.341,
                "Actual Rows": 457497,
                "Actual Loops": 2,
                "Inner Unique": false,
                "Hash Cond": "(mk.movie_id = t.id)",
                "Plans": [
                  {
                    "Node Type": "Seq Scan",
                    "Parent Relationship": "Outer",
                    "Parallel Aware": true,
                    "Relation Name": "movie_keyword",
                    "Alias": "mk",
                    "Startup Cost": 0.0,
                    "Total Cost": 57718.19,
                    "Plan Rows": 1892186,
                    "Plan Width": 4,
                    "Actual Startup Time": 0.135,
                    "Actual Total Time": 184.47,
                    "Actual Rows": 1601743,
                    "Actual Loops": 2,
                    "Filter": "(keyword_id > 1731)",
                    "Rows Removed by Filter": 660222
                  },
                  {
                    "Node Type": "Hash",
                    "Parent Relationship": "Inner",
                    "Parallel Aware": true,
                    "Startup Cost": 73975.44,
                    "Total Cost": 73975.44,
                    "Plan Rows": 52542,
                    "Plan Width": 8,
                    "Actual Startup Time": 282.389,
                    "Actual Total Time": 282.393,
                    "Actual Rows": 43329,
                    "Actual Loops": 2,
                    "Hash Buckets": 131072,
                    "Original Hash Buckets": 131072,
                    "Hash Batches": 1,
                    "Original Hash Batches": 1,
                    "Peak Memory Usage": 4448,
                    "Plans": [
                      {
                        "Node Type": "Hash Join",
                        "Parent Relationship": "Outer",
                        "Parallel Aware": true,
                        "Join Type": "Inner",
                        "Startup Cost": 55791.65,
                        "Total Cost": 73975.44,
                        "Plan Rows": 52542,
                        "Plan Width": 8,
                        "Actual Startup Time": 163.397,
                        "Actual Total Time": 273.801,
                        "Actual Rows": 43329,
                        "Actual Loops": 2,
                        "Inner Unique": true,
                        "Hash Cond": "(mi_idx.movie_id = t.id)",
                        "Plans": [
                          {
                            "Node Type": "Seq Scan",
                            "Parent Relationship": "Outer",
                            "Parallel Aware": true,
                            "Relation Name": "movie_info_idx",
                            "Alias": "mi_idx",
                            "Startup Cost": 0.0,
                            "Total Cost": 16052.85,
                            "Plan Rows": 811785,
                            "Plan Width": 4,
                            "Actual Startup Time": 0.016,
                            "Actual Total Time": 45.533,
                            "Actual Rows": 690018,
                            "Actual Loops": 2
                          },
                          {
                            "Node Type": "Hash",
                            "Parent Relationship": "Inner",
                            "Parallel Aware": true,
                            "Startup Cost": 54588.39,
                            "Total Cost": 54588.39,
                            "Plan Rows": 96261,
                            "Plan Width": 4,
                            "Actual Startup Time": 159.981,
                            "Actual Total Time": 159.982,
                            "Actual Rows": 84474,
                            "Actual Loops": 2,
                            "Hash Buckets": 262144,
                            "Original Hash Buckets": 262144,
                            "Hash Batches": 1,
                            "Original Hash Batches": 1,
                            "Peak Memory Usage": 8704,
                            "Plans": [
                              {
                                "Node Type": "Seq Scan",
                                "Parent Relationship": "Outer",
                                "Parallel Aware": true,
                                "Relation Name": "title",
                                "Alias": "t",
                                "Startup Cost": 0.0,
                                "Total Cost": 54588.39,
                                "Plan Rows": 96261,
                                "Plan Width": 4,
                                "Actual Startup Time": 0.221,
                                "Actual Total Time": 140.993,
                                "Actual Rows": 84474,
                                "Actual Loops": 2,
                                "Filter": "(production_year < 1951)",
                                "Rows Removed by Filter": 1179682
                              }
                            ]
                          }
                        ]
                      }
                    ]
                  }
                ]
              }
            ]
          }
        ]
      }
    ]
  },
  "Planning Time": 0.94,
  "Triggers": [],
  "Execution Time": 636.275
}