[
  {
    "Plan": {
      "Node Type": "Aggregate",
      "Strategy": "Plain",
      "Partial Mode": "Finalize",
      "Parallel Aware": false,
      "Startup Cost": 84242.27,
      "Total Cost": 84242.28,
      "Plan Rows": 1,
      "Plan Width": 8,
      "Actual Startup Time": 393.494,
      "Actual Total Time": 409.671,
      "Actual Rows": 1,
      "Actual Loops": 1,
      "Plans": [
        {
          "Node Type": "Gather",
          "Parent Relationship": "Outer",
          "Parallel Aware": false,
          "Startup Cost": 84241.85,
          "Total Cost": 84242.26,
          "Plan Rows": 4,
          "Plan Width": 8,
          "Actual Startup Time": 389.567,
          "Actual Total Time": 409.661,
          "Actual Rows": 5,
          "Actual Loops": 1,
          "Workers Planned": 4,
          "Workers Launched": 4,
          "Single Copy": false,
          "Plans": [
            {
              "Node Type": "Aggregate",
              "Strategy": "Plain",
              "Partial Mode": "Partial",
              "Parent Relationship": "Outer",
              "Parallel Aware": false,
              "Startup Cost": 83241.85,
              "Total Cost": 83241.86,
              "Plan Rows": 1,
              "Plan Width": 8,
              "Actual Startup Time": 376.442,
              "Actual Total Time": 376.445,
              "Actual Rows": 1,
              "Actual Loops": 5,
              "Plans": [
                {
                  "Node Type": "Hash Join",
                  "Parent Relationship": "Outer",
                  "Parallel Aware": true,
                  "Join Type": "Inner",
                  "Startup Cost": 36099.64,
                  "Total Cost": 82515.7,
                  "Plan Rows": 290460,
                  "Plan Width": 0,
                  "Actual Startup Time": 153.907,
                  "Actual Total Time": 367.8,
                  "Actual Rows": 202956,
                  "Actual Loops": 5,
                  "Inner Unique": false,
                  "Hash Cond": "(t.id = mc.movie_id)",
                  "Plans": [
                    {
                      "Node Type": "Seq Scan",
                      "Parent Relationship": "Outer",
                      "Parallel Aware": true,
                      "Relation Name": "title",
                      "Alias": "t",
                      "Startup Cost": 0.0,
                      "Total Cost": 42318.73,
                      "Plan Rows": 632073,
                      "Plan Width": 4,
                      "Actual Startup Time": 0.014,
                      "Actual Total Time": 63.333,
                      "Actual Rows": 505662,
                      "Actual Loops": 5
                    },
                    {
                      "Node Type": "Hash",
                      "Parent Relationship": "Inner",
                      "Parallel Aware": true,
                      "Startup Cost": 31414.82,
                      "Total Cost": 31414.82,
                      "Plan Rows": 374786,
                      "Plan Width": 4,
                      "Actual Startup Time": 147.481,
                      "Actual Total Time": 147.482,
                      "Actual Rows": 202956,
                      "Actual Loops": 5,
                      "Hash Buckets": 2097152,
                      "Original Hash Buckets": 2097152,
                      "Hash Batches": 1,
                      "Original Hash Batches": 1,
                      "Peak Memory Usage": 56160,
                      "Plans": [
                        {
                          "Node Type": "Seq Scan",
                          "Parent Relationship": "Outer",
                          "Parallel Aware": true,
                          "Relation Name": "movie_companies",
                          "Alias": "mc",
                          "Startup Cost": 0.0,
                          "Total Cost": 31414.82,
                          "Plan Rows": 374786,
                          "Plan Width": 4,
                          "Actual Startup Time": 45.022,
                          "Actual Total Time": 78.421,
                          "Actual Rows": 202956,
                          "Actual Loops": 5,
                          "Filter": "((company_id < 91513) AND (company_type_id = 2))",
                          "Rows Removed by Filter": 318870
                        }
                      ]
                    }
                  ]
                }
              ]
            }
          ]
        }
      ]
    },
    "Planning Time": 0.643,
    "Triggers": [],
    "Execution Time": 409.813
  }
]