[
    {
        "Bao": {
            "Bao prediction": "NaN",
            "Bao recommended hint": "(no hint)"
        }
    },
    {
        "Plan": {
            "Node Type": "Aggregate",
            "Strategy": "Plain",
            "Partial Mode": "Finalize",
            "Parallel Aware": false,
            "Startup Cost": 69040.33,
            "Total Cost": 69040.34,
            "Plan Rows": 1,
            "Plan Width": 8,
            "Actual Startup Time": 230.136,
            "Actual Total Time": 242.492,
            "Actual Rows": 1,
            "Actual Loops": 1,
            "Output": [
                "count(*)"
            ],
            "Plans": [
                {
                    "Node Type": "Gather",
                    "Parent Relationship": "Outer",
                    "Parallel Aware": false,
                    "Startup Cost": 69040.01,
                    "Total Cost": 69040.32,
                    "Plan Rows": 3,
                    "Plan Width": 8,
                    "Actual Startup Time": 229.027,
                    "Actual Total Time": 242.457,
                    "Actual Rows": 4,
                    "Actual Loops": 1,
                    "Output": [
                        "(PARTIAL count(*))"
                    ],
                    "Workers Planned": 3,
                    "Workers Launched": 3,
                    "Single Copy": false,
                    "Plans": [
                        {
                            "Node Type": "Aggregate",
                            "Strategy": "Plain",
                            "Partial Mode": "Partial",
                            "Parent Relationship": "Outer",
                            "Parallel Aware": false,
                            "Startup Cost": 68040.01,
                            "Total Cost": 68040.02,
                            "Plan Rows": 1,
                            "Plan Width": 8,
                            "Actual Startup Time": 218.722,
                            "Actual Total Time": 218.728,
                            "Actual Rows": 1,
                            "Actual Loops": 4,
                            "Output": [
                                "PARTIAL count(*)"
                            ],
                            "Workers": [
                                {
                                    "Worker Number": 0,
                                    "Actual Startup Time": 215.241,
                                    "Actual Total Time": 215.247,
                                    "Actual Rows": 1,
                                    "Actual Loops": 1
                                },
                                {
                                    "Worker Number": 1,
                                    "Actual Startup Time": 215.264,
                                    "Actual Total Time": 215.268,
                                    "Actual Rows": 1,
                                    "Actual Loops": 1
                                },
                                {
                                    "Worker Number": 2,
                                    "Actual Startup Time": 216.046,
                                    "Actual Total Time": 216.051,
                                    "Actual Rows": 1,
                                    "Actual Loops": 1
                                }
                            ],
                            "Plans": [
                                {
                                    "Node Type": "Hash Join",
                                    "Parent Relationship": "Outer",
                                    "Parallel Aware": true,
                                    "Join Type": "Inner",
                                    "Startup Cost": 38176.55,
                                    "Total Cost": 68029.87,
                                    "Plan Rows": 4055,
                                    "Plan Width": 0,
                                    "Actual Startup Time": 137.983,
                                    "Actual Total Time": 218.372,
                                    "Actual Rows": 4359,
                                    "Actual Loops": 4,
                                    "Inner Unique": true,
                                    "Hash Cond": "(mc.movie_id = t.id)",
                                    "Workers": [
                                        {
                                            "Worker Number": 0,
                                            "Actual Startup Time": 134.513,
                                            "Actual Total Time": 214.892,
                                            "Actual Rows": 4199,
                                            "Actual Loops": 1
                                        },
                                        {
                                            "Worker Number": 1,
                                            "Actual Startup Time": 134.471,
                                            "Actual Total Time": 214.882,
                                            "Actual Rows": 4528,
                                            "Actual Loops": 1
                                        },
                                        {
                                            "Worker Number": 2,
                                            "Actual Startup Time": 135.335,
                                            "Actual Total Time": 215.719,
                                            "Actual Rows": 3997,
                                            "Actual Loops": 1
                                        }
                                    ],
                                    "Plans": [
                                        {
                                            "Node Type": "Seq Scan",
                                            "Parent Relationship": "Outer",
                                            "Parallel Aware": true,
                                            "Relation Name": "movie_companies",
                                            "Schema": "public",
                                            "Alias": "mc",
                                            "Startup Cost": 0.0,
                                            "Total Cost": 29310.68,
                                            "Plan Rows": 206720,
                                            "Plan Width": 4,
                                            "Actual Startup Time": 31.248,
                                            "Actual Total Time": 91.852,
                                            "Actual Rows": 160040,
                                            "Actual Loops": 4,
                                            "Output": [
                                                "mc.id",
                                                "mc.movie_id",
                                                "mc.company_id",
                                                "mc.company_type_id",
                                                "mc.note"
                                            ],
                                            "Filter": "(mc.company_id > 57096)",
                                            "Rows Removed by Filter": 492243,
                                            "Workers": [
                                                {
                                                    "Worker Number": 0,
                                                    "Actual Startup Time": 31.261,
                                                    "Actual Total Time": 92.308,
                                                    "Actual Rows": 154125,
                                                    "Actual Loops": 1
                                                },
                                                {
                                                    "Worker Number": 1,
                                                    "Actual Startup Time": 31.238,
                                                    "Actual Total Time": 92.706,
                                                    "Actual Rows": 156158,
                                                    "Actual Loops": 1
                                                },
                                                {
                                                    "Worker Number": 2,
                                                    "Actual Startup Time": 31.249,
                                                    "Actual Total Time": 92.47,
                                                    "Actual Rows": 144905,
                                                    "Actual Loops": 1
                                                }
                                            ]
                                        },
                                        {
                                            "Node Type": "Hash",
                                            "Parent Relationship": "Inner",
                                            "Parallel Aware": true,
                                            "Startup Cost": 38021.55,
                                            "Total Cost": 38021.55,
                                            "Plan Rows": 12400,
                                            "Plan Width": 4,
                                            "Actual Startup Time": 92.94,
                                            "Actual Total Time": 92.943,
                                            "Actual Rows": 13278,
                                            "Actual Loops": 4,
                                            "Output": [
                                                "t.id"
                                            ],
                                            "Hash Buckets": 65536,
                                            "Original Hash Buckets": 65536,
                                            "Hash Batches": 1,
                                            "Original Hash Batches": 1,
                                            "Peak Memory Usage": 2656,
                                            "Workers": [
                                                {
                                                    "Worker Number": 0,
                                                    "Actual Startup Time": 89.823,
                                                    "Actual Total Time": 89.825,
                                                    "Actual Rows": 9242,
                                                    "Actual Loops": 1
                                                },
                                                {
                                                    "Worker Number": 1,
                                                    "Actual Startup Time": 89.707,
                                                    "Actual Total Time": 89.709,
                                                    "Actual Rows": 9272,
                                                    "Actual Loops": 1
                                                },
                                                {
                                                    "Worker Number": 2,
                                                    "Actual Startup Time": 90.498,
                                                    "Actual Total Time": 90.5,
                                                    "Actual Rows": 7623,
                                                    "Actual Loops": 1
                                                }
                                            ],
                                            "Plans": [
                                                {
                                                    "Node Type": "Bitmap Heap Scan",
                                                    "Parent Relationship": "Outer",
                                                    "Parallel Aware": true,
                                                    "Relation Name": "title",
                                                    "Schema": "public",
                                                    "Alias": "t",
                                                    "Startup Cost": 1674.64,
                                                    "Total Cost": 38021.55,
                                                    "Plan Rows": 12400,
                                                    "Plan Width": 4,
                                                    "Actual Startup Time": 19.747,
                                                    "Actual Total Time": 85.884,
                                                    "Actual Rows": 13278,
                                                    "Actual Loops": 4,
                                                    "Output": [
                                                        "t.id"
                                                    ],
                                                    "Recheck Cond": "(t.kind_id = 2)",
                                                    "Rows Removed by Index Recheck": 0,
                                                    "Filter": "(t.production_year < 2005)",
                                                    "Rows Removed by Filter": 9435,
                                                    "Exact Heap Blocks": 12132,
                                                    "Lossy Heap Blocks": 0,
                                                    "Workers": [
                                                        {
                                                            "Worker Number": 0,
                                                            "Actual Startup Time": 17.0,
                                                            "Actual Total Time": 83.687,
                                                            "Actual Rows": 9242,
                                                            "Actual Loops": 1
                                                        },
                                                        {
                                                            "Worker Number": 1,
                                                            "Actual Startup Time": 16.504,
                                                            "Actual Total Time": 83.491,
                                                            "Actual Rows": 9272,
                                                            "Actual Loops": 1
                                                        },
                                                        {
                                                            "Worker Number": 2,
                                                            "Actual Startup Time": 17.304,
                                                            "Actual Total Time": 84.14,
                                                            "Actual Rows": 7623,
                                                            "Actual Loops": 1
                                                        }
                                                    ],
                                                    "Plans": [
                                                        {
                                                            "Node Type": "Bitmap Index Scan",
                                                            "Parent Relationship": "Outer",
                                                            "Parallel Aware": false,
                                                            "Index Name": "kind_id_title",
                                                            "Startup Cost": 0.0,
                                                            "Total Cost": 1662.25,
                                                            "Plan Rows": 93042,
                                                            "Plan Width": 0,
                                                            "Actual Startup Time": 20.598,
                                                            "Actual Total Time": 20.6,
                                                            "Actual Rows": 90852,
                                                            "Actual Loops": 1,
                                                            "Index Cond": "(t.kind_id = 2)"
                                                        }
                                                    ]
                                                }
                                            ]
                                        }
                                    ]
                                }
                            ]
                        }
                    ]
                }
            ]
        },
        "Planning Time": 299.935,
        "Triggers": [],
        "Execution Time": 242.662
    }
]