[
  {
    "Plan": {
      "Node Type": "Aggregate",
      "Strategy": "Plain",
      "Partial Mode": "Finalize",
      "Parallel Aware": false,
      "Startup Cost": 340727.68,
      "Total Cost": 340727.69,
      "Plan Rows": 1,
      "Plan Width": 8,
      "Actual Startup Time": 877.72,
      "Actual Total Time": 926.699,
      "Actual Rows": 1,
      "Actual Loops": 1,
      "Plans": [
        {
          "Node Type": "Gather",
          "Parent Relationship": "Outer",
          "Parallel Aware": false,
          "Startup Cost": 340727.06,
          "Total Cost": 340727.67,
          "Plan Rows": 6,
          "Plan Width": 8,
          "Actual Startup Time": 877.545,
          "Actual Total Time": 926.69,
          "Actual Rows": 7,
          "Actual Loops": 1,
          "Workers Planned": 6,
          "Workers Launched": 6,
          "Single Copy": false,
          "Plans": [
            {
              "Node Type": "Aggregate",
              "Strategy": "Plain",
              "Partial Mode": "Partial",
              "Parent Relationship": "Outer",
              "Parallel Aware": false,
              "Startup Cost": 339727.06,
              "Total Cost": 339727.07,
              "Plan Rows": 1,
              "Plan Width": 8,
              "Actual Startup Time": 867.106,
              "Actual Total Time": 867.107,
              "Actual Rows": 1,
              "Actual Loops": 7,
              "Plans": [
                {
                  "Node Type": "Seq Scan",
                  "Parent Relationship": "Outer",
                  "Parallel Aware": true,
                  "Relation Name": "cast_info",
                  "Alias": "ci",
                  "Startup Cost": 0.0,
                  "Total Cost": 328211.39,
                  "Plan Rows": 4606267,
                  "Plan Width": 0,
                  "Actual Startup Time": 0.06,
                  "Actual Total Time": 660.189,
                  "Actual Rows": 3961001,
                  "Actual Loops": 7,
                  "Filter": "(person_id < 2834762)",
                  "Rows Removed by Filter": 1216763
                }
              ]
            }
          ]
        }
      ]
    },
    "Planning Time": 0.176,
    "Triggers": [],
    "Execution Time": 926.767
  }
]