[
  {
    "Plan": {
      "Node Type": "Aggregate",
      "Strategy": "Plain",
      "Partial Mode": "Finalize",
      "Parallel Aware": false,
      "Startup Cost": 340674.81,
      "Total Cost": 340674.82,
      "Plan Rows": 1,
      "Plan Width": 8,
      "Actual Startup Time": 778.091,
      "Actual Total Time": 842.894,
      "Actual Rows": 1,
      "Actual Loops": 1,
      "Plans": [
        {
          "Node Type": "Gather",
          "Parent Relationship": "Outer",
          "Parallel Aware": false,
          "Startup Cost": 340674.18,
          "Total Cost": 340674.79,
          "Plan Rows": 6,
          "Plan Width": 8,
          "Actual Startup Time": 777.951,
          "Actual Total Time": 842.884,
          "Actual Rows": 7,
          "Actual Loops": 1,
          "Workers Planned": 6,
          "Workers Launched": 6,
          "Single Copy": false,
          "Plans": [
            {
              "Node Type": "Aggregate",
              "Strategy": "Plain",
              "Partial Mode": "Partial",
              "Parent Relationship": "Outer",
              "Parallel Aware": false,
              "Startup Cost": 339674.18,
              "Total Cost": 339674.19,
              "Plan Rows": 1,
              "Plan Width": 8,
              "Actual Startup Time": 767.314,
              "Actual Total Time": 767.315,
              "Actual Rows": 1,
              "Actual Loops": 7,
              "Plans": [
                {
                  "Node Type": "Seq Scan",
                  "Parent Relationship": "Outer",
                  "Parallel Aware": true,
                  "Relation Name": "cast_info",
                  "Alias": "ci",
                  "Startup Cost": 0.0,
                  "Total Cost": 328162.03,
                  "Plan Rows": 4604863,
                  "Plan Width": 0,
                  "Actual Startup Time": 0.054,
                  "Actual Total Time": 605.085,
                  "Actual Rows": 3961001,
                  "Actual Loops": 7,
                  "Filter": "(person_id < 2834762)",
                  "Rows Removed by Filter": 1216763
                }
              ]
            }
          ]
        }
      ]
    },
    "Planning Time": 0.207,
    "Triggers": [],
    "Execution Time": 842.967
  }
]