[
  {
    "Plan": {
      "Node Type": "Aggregate",
      "Strategy": "Plain",
      "Partial Mode": "Finalize",
      "Parallel Aware": false,
      "Startup Cost": 31079.83,
      "Total Cost": 31079.84,
      "Plan Rows": 1,
      "Plan Width": 8,
      "Actual Startup Time": 95.458,
      "Actual Total Time": 103.354,
      "Actual Rows": 1,
      "Actual Loops": 1,
      "Plans": [
        {
          "Node Type": "Gather",
          "Parent Relationship": "Outer",
          "Parallel Aware": false,
          "Startup Cost": 31079.51,
          "Total Cost": 31079.82,
          "Plan Rows": 3,
          "Plan Width": 8,
          "Actual Startup Time": 95.353,
          "Actual Total Time": 103.347,
          "Actual Rows": 4,
          "Actual Loops": 1,
          "Workers Planned": 3,
          "Workers Launched": 3,
          "Single Copy": false,
          "Plans": [
            {
              "Node Type": "Aggregate",
              "Strategy": "Plain",
              "Partial Mode": "Partial",
              "Parent Relationship": "Outer",
              "Parallel Aware": false,
              "Startup Cost": 30079.51,
              "Total Cost": 30079.52,
              "Plan Rows": 1,
              "Plan Width": 8,
              "Actual Startup Time": 89.799,
              "Actual Total Time": 89.8,
              "Actual Rows": 1,
              "Actual Loops": 4,
              "Plans": [
                {
                  "Node Type": "Seq Scan",
                  "Parent Relationship": "Outer",
                  "Parallel Aware": true,
                  "Relation Name": "movie_companies",
                  "Alias": "mc",
                  "Startup Cost": 0.0,
                  "Total Cost": 29310.68,
                  "Plan Rows": 307532,
                  "Plan Width": 0,
                  "Actual Startup Time": 0.033,
                  "Actual Total Time": 75.03,
                  "Actual Rows": 238258,
                  "Actual Loops": 4,
                  "Filter": "(company_id < 3767)",
                  "Rows Removed by Filter": 414025
                }
              ]
            }
          ]
        }
      ]
    },
    "Planning Time": 0.178,
    "Triggers": [],
    "Execution Time": 103.404
  }
]