[
  {
    "Plan": {
      "Node Type": "Aggregate",
      "Strategy": "Plain",
      "Partial Mode": "Finalize",
      "Parallel Aware": false,
      "Startup Cost": 46292.87,
      "Total Cost": 46292.88,
      "Plan Rows": 1,
      "Plan Width": 8,
      "Actual Startup Time": 142.638,
      "Actual Total Time": 149.99,
      "Actual Rows": 1,
      "Actual Loops": 1,
      "Plans": [
        {
          "Node Type": "Gather",
          "Parent Relationship": "Outer",
          "Parallel Aware": false,
          "Startup Cost": 46292.55,
          "Total Cost": 46292.86,
          "Plan Rows": 3,
          "Plan Width": 8,
          "Actual Startup Time": 142.536,
          "Actual Total Time": 149.982,
          "Actual Rows": 4,
          "Actual Loops": 1,
          "Workers Planned": 3,
          "Workers Launched": 3,
          "Single Copy": false,
          "Plans": [
            {
              "Node Type": "Aggregate",
              "Strategy": "Plain",
              "Partial Mode": "Partial",
              "Parent Relationship": "Outer",
              "Parallel Aware": false,
              "Startup Cost": 45292.55,
              "Total Cost": 45292.56,
              "Plan Rows": 1,
              "Plan Width": 8,
              "Actual Startup Time": 139.345,
              "Actual Total Time": 139.346,
              "Actual Rows": 1,
              "Actual Loops": 4,
              "Plans": [
                {
                  "Node Type": "Seq Scan",
                  "Parent Relationship": "Outer",
                  "Parallel Aware": true,
                  "Relation Name": "movie_keyword",
                  "Alias": "mk",
                  "Startup Cost": 0.0,
                  "Total Cost": 42695.65,
                  "Plan Rows": 1038758,
                  "Plan Width": 0,
                  "Actual Startup Time": 0.024,
                  "Actual Total Time": 106.061,
                  "Actual Rows": 804954,
                  "Actual Loops": 4,
                  "Filter": "(keyword_id < 13481)",
                  "Rows Removed by Filter": 326029
                }
              ]
            }
          ]
        }
      ]
    },
    "Planning Time": 0.125,
    "Triggers": [],
    "Execution Time": 150.037
  }
]