[
  {
    "Plan": {
      "Node Type": "Aggregate",
      "Strategy": "Plain",
      "Partial Mode": "Finalize",
      "Parallel Aware": false,
      "Startup Cost": 92156.79,
      "Total Cost": 92156.8,
      "Plan Rows": 1,
      "Plan Width": 8,
      "Actual Startup Time": 458.223,
      "Actual Total Time": 475.963,
      "Actual Rows": 1,
      "Actual Loops": 1,
      "Plans": [
        {
          "Node Type": "Gather",
          "Parent Relationship": "Outer",
          "Parallel Aware": false,
          "Startup Cost": 92156.47,
          "Total Cost": 92156.78,
          "Plan Rows": 3,
          "Plan Width": 8,
          "Actual Startup Time": 456.423,
          "Actual Total Time": 475.956,
          "Actual Rows": 4,
          "Actual Loops": 1,
          "Workers Planned": 3,
          "Workers Launched": 3,
          "Single Copy": false,
          "Plans": [
            {
              "Node Type": "Aggregate",
              "Strategy": "Plain",
              "Partial Mode": "Partial",
              "Parent Relationship": "Outer",
              "Parallel Aware": false,
              "Startup Cost": 91156.47,
              "Total Cost": 91156.48,
              "Plan Rows": 1,
              "Plan Width": 8,
              "Actual Startup Time": 452.011,
              "Actual Total Time": 452.015,
              "Actual Rows": 1,
              "Actual Loops": 4,
              "Plans": [
                {
                  "Node Type": "Hash Join",
                  "Parent Relationship": "Outer",
                  "Parallel Aware": true,
                  "Join Type": "Inner",
                  "Startup Cost": 47394.3,
                  "Total Cost": 90272.38,
                  "Plan Rows": 353637,
                  "Plan Width": 0,
                  "Actual Startup Time": 195.071,
                  "Actual Total Time": 419.157,
                  "Actual Rows": 690796,
                  "Actual Loops": 4,
                  "Inner Unique": true,
                  "Hash Cond": "(mk.movie_id = t.id)",
                  "Plans": [
                    {
                      "Node Type": "Seq Scan",
                      "Parent Relationship": "Outer",
                      "Parallel Aware": true,
                      "Relation Name": "movie_keyword",
                      "Alias": "mk",
                      "Startup Cost": 0.0,
                      "Total Cost": 39047.32,
                      "Plan Rows": 1459332,
                      "Plan Width": 4,
                      "Actual Startup Time": 0.035,
                      "Actual Total Time": 96.171,
                      "Actual Rows": 1130982,
                      "Actual Loops": 4
                    },
                    {
                      "Node Type": "Hash",
                      "Parent Relationship": "Inner",
                      "Parallel Aware": true,
                      "Startup Cost": 45479.59,
                      "Total Cost": 45479.59,
                      "Plan Rows": 153177,
                      "Plan Width": 4,
                      "Actual Startup Time": 149.063,
                      "Actual Total Time": 149.064,
                      "Actual Rows": 134615,
                      "Actual Loops": 4,
                      "Hash Buckets": 1048576,
                      "Original Hash Buckets": 1048576,
                      "Hash Batches": 1,
                      "Original Hash Batches": 1,
                      "Peak Memory Usage": 29312,
                      "Plans": [
                        {
                          "Node Type": "Seq Scan",
                          "Parent Relationship": "Outer",
                          "Parallel Aware": true,
                          "Relation Name": "title",
                          "Alias": "t",
                          "Startup Cost": 0.0,
                          "Total Cost": 45479.59,
                          "Plan Rows": 153177,
                          "Plan Width": 4,
                          "Actual Startup Time": 39.821,
                          "Actual Total Time": 100.293,
                          "Actual Rows": 134615,
                          "Actual Loops": 4,
                          "Filter": "((production_year > 1930) AND (kind_id = 1))",
                          "Rows Removed by Filter": 497463
                        }
                      ]
                    }
                  ]
                }
              ]
            }
          ]
        }
      ]
    },
    "Planning Time": 0.268,
    "Triggers": [],
    "Execution Time": 476.0
  }
]