[
  {
    "Plan": {
      "Node Type": "Aggregate",
      "Strategy": "Plain",
      "Partial Mode": "Finalize",
      "Parallel Aware": false,
      "Startup Cost": 92162.11,
      "Total Cost": 92162.12,
      "Plan Rows": 1,
      "Plan Width": 8,
      "Actual Startup Time": 423.861,
      "Actual Total Time": 438.995,
      "Actual Rows": 1,
      "Actual Loops": 1,
      "Plans": [
        {
          "Node Type": "Gather",
          "Parent Relationship": "Outer",
          "Parallel Aware": false,
          "Startup Cost": 92161.79,
          "Total Cost": 92162.1,
          "Plan Rows": 3,
          "Plan Width": 8,
          "Actual Startup Time": 422.32,
          "Actual Total Time": 438.987,
          "Actual Rows": 4,
          "Actual Loops": 1,
          "Workers Planned": 3,
          "Workers Launched": 3,
          "Single Copy": false,
          "Plans": [
            {
              "Node Type": "Aggregate",
              "Strategy": "Plain",
              "Partial Mode": "Partial",
              "Parent Relationship": "Outer",
              "Parallel Aware": false,
              "Startup Cost": 91161.79,
              "Total Cost": 91161.8,
              "Plan Rows": 1,
              "Plan Width": 8,
              "Actual Startup Time": 413.389,
              "Actual Total Time": 413.392,
              "Actual Rows": 1,
              "Actual Loops": 4,
              "Plans": [
                {
                  "Node Type": "Hash Join",
                  "Parent Relationship": "Outer",
                  "Parallel Aware": true,
                  "Join Type": "Inner",
                  "Startup Cost": 47397.75,
                  "Total Cost": 90275.83,
                  "Plan Rows": 354384,
                  "Plan Width": 0,
                  "Actual Startup Time": 191.959,
                  "Actual Total Time": 385.453,
                  "Actual Rows": 690796,
                  "Actual Loops": 4,
                  "Inner Unique": true,
                  "Hash Cond": "(mk.movie_id = t.id)",
                  "Plans": [
                    {
                      "Node Type": "Seq Scan",
                      "Parent Relationship": "Outer",
                      "Parallel Aware": true,
                      "Relation Name": "movie_keyword",
                      "Alias": "mk",
                      "Startup Cost": 0.0,
                      "Total Cost": 39047.32,
                      "Plan Rows": 1459332,
                      "Plan Width": 4,
                      "Actual Startup Time": 0.023,
                      "Actual Total Time": 85.135,
                      "Actual Rows": 1130982,
                      "Actual Loops": 4
                    },
                    {
                      "Node Type": "Hash",
                      "Parent Relationship": "Inner",
                      "Parallel Aware": true,
                      "Startup Cost": 45479.1,
                      "Total Cost": 45479.1,
                      "Plan Rows": 153492,
                      "Plan Width": 4,
                      "Actual Startup Time": 150.982,
                      "Actual Total Time": 150.983,
                      "Actual Rows": 134615,
                      "Actual Loops": 4,
                      "Hash Buckets": 1048576,
                      "Original Hash Buckets": 1048576,
                      "Hash Batches": 1,
                      "Original Hash Batches": 1,
                      "Peak Memory Usage": 29344,
                      "Plans": [
                        {
                          "Node Type": "Seq Scan",
                          "Parent Relationship": "Outer",
                          "Parallel Aware": true,
                          "Relation Name": "title",
                          "Alias": "t",
                          "Startup Cost": 0.0,
                          "Total Cost": 45479.1,
                          "Plan Rows": 153492,
                          "Plan Width": 4,
                          "Actual Startup Time": 47.844,
                          "Actual Total Time": 104.223,
                          "Actual Rows": 134615,
                          "Actual Loops": 4,
                          "Filter": "((production_year > 1930) AND (kind_id = 1))",
                          "Rows Removed by Filter": 497463
                        }
                      ]
                    }
                  ]
                }
              ]
            }
          ]
        }
      ]
    },
    "Planning Time": 0.669,
    "Triggers": [],
    "Execution Time": 439.076
  }
]