[
  {
    "Plan": {
      "Node Type": "Aggregate",
      "Strategy": "Plain",
      "Partial Mode": "Finalize",
      "Parallel Aware": false,
      "Startup Cost": 134119.12,
      "Total Cost": 134119.13,
      "Plan Rows": 1,
      "Plan Width": 8,
      "Actual Startup Time": 1420.333,
      "Actual Total Time": 1439.215,
      "Actual Rows": 1,
      "Actual Loops": 1,
      "Plans": [
        {
          "Node Type": "Gather",
          "Parent Relationship": "Outer",
          "Parallel Aware": false,
          "Startup Cost": 134118.8,
          "Total Cost": 134119.11,
          "Plan Rows": 3,
          "Plan Width": 8,
          "Actual Startup Time": 1412.862,
          "Actual Total Time": 1439.207,
          "Actual Rows": 4,
          "Actual Loops": 1,
          "Workers Planned": 3,
          "Workers Launched": 3,
          "Single Copy": false,
          "Plans": [
            {
              "Node Type": "Aggregate",
              "Strategy": "Plain",
              "Partial Mode": "Partial",
              "Parent Relationship": "Outer",
              "Parallel Aware": false,
              "Startup Cost": 133118.8,
              "Total Cost": 133118.81,
              "Plan Rows": 1,
              "Plan Width": 8,
              "Actual Startup Time": 1400.859,
              "Actual Total Time": 1401.245,
              "Actual Rows": 1,
              "Actual Loops": 4,
              "Plans": [
                {
                  "Node Type": "Hash Join",
                  "Parent Relationship": "Outer",
                  "Parallel Aware": true,
                  "Join Type": "Inner",
                  "Startup Cost": 85485.46,
                  "Total Cost": 131562.04,
                  "Plan Rows": 622705,
                  "Plan Width": 0,
                  "Actual Startup Time": 505.966,
                  "Actual Total Time": 1149.631,
                  "Actual Rows": 6006343,
                  "Actual Loops": 4,
                  "Inner Unique": false,
                  "Hash Cond": "(mk.movie_id = t.id)",
                  "Plans": [
                    {
                      "Node Type": "Seq Scan",
                      "Parent Relationship": "Outer",
                      "Parallel Aware": true,
                      "Relation Name": "movie_keyword",
                      "Alias": "mk",
                      "Startup Cost": 0.0,
                      "Total Cost": 39047.32,
                      "Plan Rows": 1459332,
                      "Plan Width": 4,
                      "Actual Startup Time": 0.028,
                      "Actual Total Time": 88.603,
                      "Actual Rows": 1130982,
                      "Actual Loops": 4
                    },
                    {
                      "Node Type": "Hash",
                      "Parent Relationship": "Inner",
                      "Parallel Aware": true,
                      "Startup Cost": 82114.1,
                      "Total Cost": 82114.1,
                      "Plan Rows": 269709,
                      "Plan Width": 8,
                      "Actual Startup Time": 497.972,
                      "Actual Total Time": 498.357,
                      "Actual Rows": 238934,
                      "Actual Loops": 4,
                      "Hash Buckets": 2097152,
                      "Original Hash Buckets": 2097152,
                      "Hash Batches": 1,
                      "Original Hash Batches": 1,
                      "Peak Memory Usage": 53856,
                      "Plans": [
                        {
                          "Node Type": "Hash Join",
                          "Parent Relationship": "Outer",
                          "Parallel Aware": true,
                          "Join Type": "Inner",
                          "Startup Cost": 35764.97,
                          "Total Cost": 82114.1,
                          "Plan Rows": 269709,
                          "Plan Width": 8,
                          "Actual Startup Time": 161.736,
                          "Actual Total Time": 419.524,
                          "Actual Rows": 238934,
                          "Actual Loops": 4,
                          "Inner Unique": false,
                          "Hash Cond": "(t.id = mc.movie_id)",
                          "Plans": [
                            {
                              "Node Type": "Seq Scan",
                              "Parent Relationship": "Outer",
                              "Parallel Aware": true,
                              "Relation Name": "title",
                              "Alias": "t",
                              "Startup Cost": 0.0,
                              "Total Cost": 42318.73,
                              "Plan Rows": 632073,
                              "Plan Width": 4,
                              "Actual Startup Time": 0.015,
                              "Actual Total Time": 74.735,
                              "Actual Rows": 632078,
                              "Actual Loops": 4
                            },
                            {
                              "Node Type": "Hash",
                              "Parent Relationship": "Inner",
                              "Parallel Aware": true,
                              "Startup Cost": 31414.82,
                              "Total Cost": 31414.82,
                              "Plan Rows": 348012,
                              "Plan Width": 4,
                              "Actual Startup Time": 158.052,
                              "Actual Total Time": 158.053,
                              "Actual Rows": 238934,
                              "Actual Loops": 4,
                              "Hash Buckets": 2097152,
                              "Original Hash Buckets": 2097152,
                              "Hash Batches": 1,
                              "Original Hash Batches": 1,
                              "Peak Memory Usage": 53824,
                              "Plans": [
                                {
                                  "Node Type": "Seq Scan",
                                  "Parent Relationship": "Outer",
                                  "Parallel Aware": true,
                                  "Relation Name": "movie_companies",
                                  "Alias": "mc",
                                  "Startup Cost": 0.0,
                                  "Total Cost": 31414.82,
                                  "Plan Rows": 348012,
                                  "Plan Width": 4,
                                  "Actual Startup Time": 0.12,
                                  "Actual Total Time": 82.523,
                                  "Actual Rows": 238934,
                                  "Actual Loops": 4,
                                  "Filter": "((company_id > 289) AND (company_type_id = 1))",
                                  "Rows Removed by Filter": 413348
                                }
                              ]
                            }
                          ]
                        }
                      ]
                    }
                  ]
                }
              ]
            }
          ]
        }
      ]
    },
    "Planning Time": 1.406,
    "Triggers": [],
    "Execution Time": 1439.299
  }
]