{
  "Plan": {
    "Node Type": "Aggregate",
    "Strategy": "Plain",
    "Partial Mode": "Finalize",
    "Parallel Aware": false,
    "Startup Cost": 83486.76,
    "Total Cost": 83486.77,
    "Plan Rows": 1,
    "Plan Width": 8,
    "Actual Startup Time": 200.298,
    "Actual Total Time": 206.939,
    "Actual Rows": 1,
    "Actual Loops": 1,
    "Plans": [
      {
        "Node Type": "Gather",
        "Parent Relationship": "Outer",
        "Parallel Aware": false,
        "Startup Cost": 83486.65,
        "Total Cost": 83486.76,
        "Plan Rows": 1,
        "Plan Width": 8,
        "Actual Startup Time": 199.613,
        "Actual Total Time": 206.931,
        "Actual Rows": 2,
        "Actual Loops": 1,
        "Workers Planned": 1,
        "Workers Launched": 1,
        "Single Copy": false,
        "Plans": [
          {
            "Node Type": "Aggregate",
            "Strategy": "Plain",
            "Partial Mode": "Partial",
            "Parent Relationship": "Outer",
            "Parallel Aware": false,
            "Startup Cost": 82486.65,
            "Total Cost": 82486.66,
            "Plan Rows": 1,
            "Plan Width": 8,
            "Actual Startup Time": 196.653,
            "Actual Total Time": 196.658,
            "Actual Rows": 1,
            "Actual Loops": 2,
            "Plans": [
              {
                "Node Type": "Hash Join",
                "Parent Relationship": "Outer",
                "Parallel Aware": true,
                "Join Type": "Inner",
                "Startup Cost": 38835.49,
                "Total Cost": 82429.82,
                "Plan Rows": 22731,
                "Plan Width": 0,
                "Actual Startup Time": 93.726,
                "Actual Total Time": 193.935,
                "Actual Rows": 60480,
                "Actual Loops": 2,
                "Inner Unique": false,
                "Hash Cond": "(t.id = mc.movie_id)",
                "Plans": [
                  {
                    "Node Type": "Bitmap Heap Scan",
                    "Parent Relationship": "Outer",
                    "Parallel Aware": true,
                    "Relation Name": "title",
                    "Alias": "t",
                    "Startup Cost": 11932.35,
                    "Total Cost": 53782.61,
                    "Plan Rows": 257659,
                    "Plan Width": 4,
                    "Actual Startup Time": 24.081,
                    "Actual Total Time": 80.031,
                    "Actual Rows": 236959,
                    "Actual Loops": 2,
                    "Recheck Cond": "(kind_id = 1)",
                    "Rows Removed by Index Recheck": 0,
                    "Filter": "(production_year < 2008)",
                    "Rows Removed by Filter": 94454,
                    "Exact Heap Blocks": 7397,
                    "Lossy Heap Blocks": 0,
                    "Plans": [
                      {
                        "Node Type": "Bitmap Index Scan",
                        "Parent Relationship": "Outer",
                        "Parallel Aware": false,
                        "Index Name": "kind_id_title",
                        "Startup Cost": 0.0,
                        "Total Cost": 11822.85,
                        "Plan Rows": 663256,
                        "Plan Width": 0,
                        "Actual Startup Time": 22.209,
                        "Actual Total Time": 22.21,
                        "Actual Rows": 662825,
                        "Actual Loops": 1,
                        "Index Cond": "(kind_id = 1)"
                      }
                    ]
                  },
                  {
                    "Node Type": "Hash",
                    "Parent Relationship": "Inner",
                    "Parallel Aware": true,
                    "Startup Cost": 25263.08,
                    "Total Cost": 25263.08,
                    "Plan Rows": 131204,
                    "Plan Width": 4,
                    "Actual Startup Time": 67.292,
                    "Actual Total Time": 67.293,
                    "Actual Rows": 110170,
                    "Actual Loops": 2,
                    "Hash Buckets": 262144,
                    "Original Hash Buckets": 262144,
                    "Hash Batches": 1,
                    "Original Hash Batches": 1,
                    "Peak Memory Usage": 10688,
                    "Plans": [
                      {
                        "Node Type": "Bitmap Heap Scan",
                        "Parent Relationship": "Outer",
                        "Parallel Aware": true,
                        "Relation Name": "movie_companies",
                        "Alias": "mc",
                        "Startup Cost": 4833.04,
                        "Total Cost": 25263.08,
                        "Plan Rows": 131204,
                        "Plan Width": 4,
                        "Actual Startup Time": 15.623,
                        "Actual Total Time": 44.246,
                        "Actual Rows": 110170,
                        "Actual Loops": 2,
                        "Recheck Cond": "(company_id > 107879)",
                        "Rows Removed by Index Recheck": 0,
                        "Exact Heap Blocks": 3148,
                        "Lossy Heap Blocks": 0,
                        "Plans": [
                          {
                            "Node Type": "Bitmap Index Scan",
                            "Parent Relationship": "Outer",
                            "Parallel Aware": false,
                            "Index Name": "company_id_movie_companies",
                            "Startup Cost": 0.0,
                            "Total Cost": 4777.28,
                            "Plan Rows": 223046,
                            "Plan Width": 0,
                            "Actual Startup Time": 15.544,
                            "Actual Total Time": 15.545,
                            "Actual Rows": 220341,
                            "Actual Loops": 1,
                            "Index Cond": "(company_id > 107879)"
                          }
                        ]
                      }
                    ]
                  }
                ]
              }
            ]
          }
        ]
      }
    ]
  },
  "Planning Time": 0.446,
  "Triggers": [],
  "Execution Time": 207.009
}