[
  {
    "Plan": {
      "Node Type": "Aggregate",
      "Strategy": "Plain",
      "Partial Mode": "Finalize",
      "Parallel Aware": false,
      "Startup Cost": 338426.0,
      "Total Cost": 338426.01,
      "Plan Rows": 1,
      "Plan Width": 8,
      "Actual Startup Time": 803.959,
      "Actual Total Time": 853.553,
      "Actual Rows": 1,
      "Actual Loops": 1,
      "Plans": [
        {
          "Node Type": "Gather",
          "Parent Relationship": "Outer",
          "Parallel Aware": false,
          "Startup Cost": 338425.37,
          "Total Cost": 338425.98,
          "Plan Rows": 6,
          "Plan Width": 8,
          "Actual Startup Time": 803.714,
          "Actual Total Time": 853.543,
          "Actual Rows": 7,
          "Actual Loops": 1,
          "Workers Planned": 6,
          "Workers Launched": 6,
          "Single Copy": false,
          "Plans": [
            {
              "Node Type": "Aggregate",
              "Strategy": "Plain",
              "Partial Mode": "Partial",
              "Parent Relationship": "Outer",
              "Parallel Aware": false,
              "Startup Cost": 337425.37,
              "Total Cost": 337425.38,
              "Plan Rows": 1,
              "Plan Width": 8,
              "Actual Startup Time": 796.061,
              "Actual Total Time": 796.064,
              "Actual Rows": 1,
              "Actual Loops": 7,
              "Plans": [
                {
                  "Node Type": "Seq Scan",
                  "Parent Relationship": "Outer",
                  "Parallel Aware": true,
                  "Relation Name": "cast_info",
                  "Alias": "ci",
                  "Startup Cost": 0.0,
                  "Total Cost": 328211.39,
                  "Plan Rows": 3685592,
                  "Plan Width": 0,
                  "Actual Startup Time": 0.043,
                  "Actual Total Time": 632.719,
                  "Actual Rows": 3200773,
                  "Actual Loops": 7,
                  "Filter": "(person_id < 2284343)",
                  "Rows Removed by Filter": 1976991
                }
              ]
            }
          ]
        }
      ]
    },
    "Planning Time": 0.111,
    "Triggers": [],
    "Execution Time": 853.603
  }
]