[
  {
    "Plan": {
      "Node Type": "Aggregate",
      "Strategy": "Plain",
      "Partial Mode": "Finalize",
      "Parallel Aware": false,
      "Startup Cost": 47263.05,
      "Total Cost": 47263.06,
      "Plan Rows": 1,
      "Plan Width": 8,
      "Actual Startup Time": 167.877,
      "Actual Total Time": 177.735,
      "Actual Rows": 1,
      "Actual Loops": 1,
      "Plans": [
        {
          "Node Type": "Gather",
          "Parent Relationship": "Outer",
          "Parallel Aware": false,
          "Startup Cost": 47262.73,
          "Total Cost": 47263.04,
          "Plan Rows": 3,
          "Plan Width": 8,
          "Actual Startup Time": 167.775,
          "Actual Total Time": 177.729,
          "Actual Rows": 4,
          "Actual Loops": 1,
          "Workers Planned": 3,
          "Workers Launched": 3,
          "Single Copy": false,
          "Plans": [
            {
              "Node Type": "Aggregate",
              "Strategy": "Plain",
              "Partial Mode": "Partial",
              "Parent Relationship": "Outer",
              "Parallel Aware": false,
              "Startup Cost": 46262.73,
              "Total Cost": 46262.74,
              "Plan Rows": 1,
              "Plan Width": 8,
              "Actual Startup Time": 161.864,
              "Actual Total Time": 161.865,
              "Actual Rows": 1,
              "Actual Loops": 4,
              "Plans": [
                {
                  "Node Type": "Seq Scan",
                  "Parent Relationship": "Outer",
                  "Parallel Aware": true,
                  "Relation Name": "movie_keyword",
                  "Alias": "mk",
                  "Startup Cost": 0.0,
                  "Total Cost": 42695.65,
                  "Plan Rows": 1426831,
                  "Plan Width": 0,
                  "Actual Startup Time": 0.054,
                  "Actual Total Time": 116.184,
                  "Actual Rows": 1106201,
                  "Actual Loops": 4,
                  "Filter": "(keyword_id < 82516)",
                  "Rows Removed by Filter": 24782
                }
              ]
            }
          ]
        }
      ]
    },
    "Planning Time": 0.056,
    "Triggers": [],
    "Execution Time": 177.76
  }
]