[
  {
    "Plan": {
      "Node Type": "Aggregate",
      "Strategy": "Plain",
      "Partial Mode": "Finalize",
      "Parallel Aware": false,
      "Startup Cost": 77408.64,
      "Total Cost": 77408.65,
      "Plan Rows": 1,
      "Plan Width": 8,
      "Actual Startup Time": 387.924,
      "Actual Total Time": 403.839,
      "Actual Rows": 1,
      "Actual Loops": 1,
      "Plans": [
        {
          "Node Type": "Gather",
          "Parent Relationship": "Outer",
          "Parallel Aware": false,
          "Startup Cost": 77408.32,
          "Total Cost": 77408.63,
          "Plan Rows": 3,
          "Plan Width": 8,
          "Actual Startup Time": 380.689,
          "Actual Total Time": 403.828,
          "Actual Rows": 4,
          "Actual Loops": 1,
          "Workers Planned": 3,
          "Workers Launched": 3,
          "Single Copy": false,
          "Plans": [
            {
              "Node Type": "Aggregate",
              "Strategy": "Plain",
              "Partial Mode": "Partial",
              "Parent Relationship": "Outer",
              "Parallel Aware": false,
              "Startup Cost": 76408.32,
              "Total Cost": 76408.33,
              "Plan Rows": 1,
              "Plan Width": 8,
              "Actual Startup Time": 372.497,
              "Actual Total Time": 372.501,
              "Actual Rows": 1,
              "Actual Loops": 4,
              "Plans": [
                {
                  "Node Type": "Hash Join",
                  "Parent Relationship": "Outer",
                  "Parallel Aware": true,
                  "Join Type": "Inner",
                  "Startup Cost": 51306.39,
                  "Total Cost": 76348.66,
                  "Plan Rows": 23865,
                  "Plan Width": 0,
                  "Actual Startup Time": 308.03,
                  "Actual Total Time": 370.661,
                  "Actual Rows": 24214,
                  "Actual Loops": 4,
                  "Inner Unique": true,
                  "Hash Cond": "(mk.movie_id = t.id)",
                  "Plans": [
                    {
                      "Node Type": "Bitmap Heap Scan",
                      "Parent Relationship": "Outer",
                      "Parallel Aware": true,
                      "Relation Name": "movie_keyword",
                      "Alias": "mk",
                      "Startup Cost": 2558.87,
                      "Total Cost": 27499.04,
                      "Plan Rows": 38894,
                      "Plan Width": 4,
                      "Actual Startup Time": 17.559,
                      "Actual Total Time": 59.221,
                      "Actual Rows": 30480,
                      "Actual Loops": 4,
                      "Recheck Cond": "(keyword_id < 117)",
                      "Rows Removed by Index Recheck": 0,
                      "Exact Heap Blocks": 7195,
                      "Lossy Heap Blocks": 0,
                      "Plans": [
                        {
                          "Node Type": "Bitmap Index Scan",
                          "Parent Relationship": "Outer",
                          "Parallel Aware": false,
                          "Index Name": "keyword_id_movie_keyword",
                          "Startup Cost": 0.0,
                          "Total Cost": 2528.72,
                          "Plan Rows": 120572,
                          "Plan Width": 0,
                          "Actual Startup Time": 12.293,
                          "Actual Total Time": 12.294,
                          "Actual Rows": 121921,
                          "Actual Loops": 1,
                          "Index Cond": "(keyword_id < 117)"
                        }
                      ]
                    },
                    {
                      "Node Type": "Hash",
                      "Parent Relationship": "Inner",
                      "Parallel Aware": true,
                      "Startup Cost": 43899.32,
                      "Total Cost": 43899.32,
                      "Plan Rows": 387856,
                      "Plan Width": 4,
                      "Actual Startup Time": 285.078,
                      "Actual Total Time": 285.079,
                      "Actual Rows": 387932,
                      "Actual Loops": 4,
                      "Hash Buckets": 2097152,
                      "Original Hash Buckets": 2097152,
                      "Hash Batches": 1,
                      "Original Hash Batches": 1,
                      "Peak Memory Usage": 77120,
                      "Plans": [
                        {
                          "Node Type": "Seq Scan",
                          "Parent Relationship": "Outer",
                          "Parallel Aware": true,
                          "Relation Name": "title",
                          "Alias": "t",
                          "Startup Cost": 0.0,
                          "Total Cost": 43899.32,
                          "Plan Rows": 387856,
                          "Plan Width": 4,
                          "Actual Startup Time": 0.031,
                          "Actual Total Time": 123.275,
                          "Actual Rows": 387932,
                          "Actual Loops": 4,
                          "Filter": "(production_year < 2007)",
                          "Rows Removed by Filter": 244146
                        }
                      ]
                    }
                  ]
                }
              ]
            }
          ]
        }
      ]
    },
    "Planning Time": 0.289,
    "Triggers": [],
    "Execution Time": 403.894
  }
]