[
  {
    "Plan": {
      "Node Type": "Aggregate",
      "Strategy": "Plain",
      "Partial Mode": "Finalize",
      "Parallel Aware": false,
      "Startup Cost": 208901.82,
      "Total Cost": 208901.83,
      "Plan Rows": 1,
      "Plan Width": 8,
      "Actual Startup Time": 1323.377,
      "Actual Total Time": 1386.205,
      "Actual Rows": 1,
      "Actual Loops": 1,
      "Plans": [
        {
          "Node Type": "Gather",
          "Parent Relationship": "Outer",
          "Parallel Aware": false,
          "Startup Cost": 208901.51,
          "Total Cost": 208901.82,
          "Plan Rows": 3,
          "Plan Width": 8,
          "Actual Startup Time": 1315.3,
          "Actual Total Time": 1386.194,
          "Actual Rows": 4,
          "Actual Loops": 1,
          "Workers Planned": 3,
          "Workers Launched": 3,
          "Single Copy": false,
          "Plans": [
            {
              "Node Type": "Aggregate",
              "Strategy": "Plain",
              "Partial Mode": "Partial",
              "Parent Relationship": "Outer",
              "Parallel Aware": false,
              "Startup Cost": 207901.51,
              "Total Cost": 207901.52,
              "Plan Rows": 1,
              "Plan Width": 8,
              "Actual Startup Time": 1301.618,
              "Actual Total Time": 1301.623,
              "Actual Rows": 1,
              "Actual Loops": 4,
              "Plans": [
                {
                  "Node Type": "Nested Loop",
                  "Parent Relationship": "Outer",
                  "Parallel Aware": false,
                  "Join Type": "Inner",
                  "Startup Cost": 55085.25,
                  "Total Cost": 207638.84,
                  "Plan Rows": 105066,
                  "Plan Width": 0,
                  "Actual Startup Time": 366.948,
                  "Actual Total Time": 1288.738,
                  "Actual Rows": 213792,
                  "Actual Loops": 4,
                  "Inner Unique": false,
                  "Plans": [
                    {
                      "Node Type": "Hash Join",
                      "Parent Relationship": "Outer",
                      "Parallel Aware": true,
                      "Join Type": "Inner",
                      "Startup Cost": 55084.82,
                      "Total Cost": 80657.37,
                      "Plan Rows": 73954,
                      "Plan Width": 8,
                      "Actual Startup Time": 366.774,
                      "Actual Total Time": 448.078,
                      "Actual Rows": 58972,
                      "Actual Loops": 4,
                      "Inner Unique": true,
                      "Hash Cond": "(mk.movie_id = t.id)",
                      "Plans": [
                        {
                          "Node Type": "Bitmap Heap Scan",
                          "Parent Relationship": "Outer",
                          "Parallel Aware": true,
                          "Relation Name": "movie_keyword",
                          "Alias": "mk",
                          "Startup Cost": 4865.17,
                          "Total Cost": 30243.6,
                          "Plan Rows": 73954,
                          "Plan Width": 4,
                          "Actual Startup Time": 15.02,
                          "Actual Total Time": 55.254,
                          "Actual Rows": 58972,
                          "Actual Loops": 4,
                          "Recheck Cond": "(keyword_id < 196)",
                          "Rows Removed by Index Recheck": 0,
                          "Exact Heap Blocks": 7714,
                          "Lossy Heap Blocks": 0,
                          "Plans": [
                            {
                              "Node Type": "Bitmap Index Scan",
                              "Parent Relationship": "Outer",
                              "Parallel Aware": false,
                              "Index Name": "keyword_id_movie_keyword",
                              "Startup Cost": 0.0,
                              "Total Cost": 4807.86,
                              "Plan Rows": 229257,
                              "Plan Width": 0,
                              "Actual Startup Time": 11.441,
                              "Actual Total Time": 11.441,
                              "Actual Rows": 235890,
                              "Actual Loops": 1,
                              "Index Cond": "(keyword_id < 196)"
                            }
                          ]
                        },
                        {
                          "Node Type": "Hash",
                          "Parent Relationship": "Inner",
                          "Parallel Aware": true,
                          "Startup Cost": 42318.73,
                          "Total Cost": 42318.73,
                          "Plan Rows": 632073,
                          "Plan Width": 4,
                          "Actual Startup Time": 342.833,
                          "Actual Total Time": 342.834,
                          "Actual Rows": 632078,
                          "Actual Loops": 4,
                          "Hash Buckets": 4194304,
                          "Original Hash Buckets": 4194304,
                          "Hash Batches": 1,
                          "Original Hash Batches": 1,
                          "Peak Memory Usage": 131744,
                          "Plans": [
                            {
                              "Node Type": "Seq Scan",
                              "Parent Relationship": "Outer",
                              "Parallel Aware": true,
                              "Relation Name": "title",
                              "Alias": "t",
                              "Startup Cost": 0.0,
                              "Total Cost": 42318.73,
                              "Plan Rows": 632073,
                              "Plan Width": 4,
                              "Actual Startup Time": 0.03,
                              "Actual Total Time": 101.959,
                              "Actual Rows": 632078,
                              "Actual Loops": 4
                            }
                          ]
                        }
                      ]
                    },
                    {
                      "Node Type": "Index Scan",
                      "Parent Relationship": "Inner",
                      "Parallel Aware": false,
                      "Scan Direction": "Forward",
                      "Index Name": "movie_id_movie_info",
                      "Relation Name": "movie_info",
                      "Alias": "mi",
                      "Startup Cost": 0.43,
                      "Total Cost": 1.62,
                      "Plan Rows": 10,
                      "Plan Width": 4,
                      "Actual Startup Time": 0.005,
                      "Actual Total Time": 0.014,
                      "Actual Rows": 4,
                      "Actual Loops": 235890,
                      "Index Cond": "(movie_id = t.id)",
                      "Rows Removed by Index Recheck": 0,
                      "Filter": "(info_type_id < 4)",
                      "Rows Removed by Filter": 35
                    }
                  ]
                }
              ]
            }
          ]
        }
      ]
    },
    "Planning Time": 0.761,
    "Triggers": [],
    "Execution Time": 1386.289
  }
]