[
  {
    "Plan": {
      "Node Type": "Aggregate",
      "Strategy": "Plain",
      "Partial Mode": "Finalize",
      "Parallel Aware": false,
      "Startup Cost": 427935.37,
      "Total Cost": 427935.38,
      "Plan Rows": 1,
      "Plan Width": 8,
      "Actual Startup Time": 2587.914,
      "Actual Total Time": 2655.288,
      "Actual Rows": 1,
      "Actual Loops": 1,
      "Plans": [
        {
          "Node Type": "Gather",
          "Parent Relationship": "Outer",
          "Parallel Aware": false,
          "Startup Cost": 427934.75,
          "Total Cost": 427935.36,
          "Plan Rows": 6,
          "Plan Width": 8,
          "Actual Startup Time": 2582.487,
          "Actual Total Time": 2655.272,
          "Actual Rows": 7,
          "Actual Loops": 1,
          "Workers Planned": 6,
          "Workers Launched": 6,
          "Single Copy": false,
          "Plans": [
            {
              "Node Type": "Aggregate",
              "Strategy": "Plain",
              "Partial Mode": "Partial",
              "Parent Relationship": "Outer",
              "Parallel Aware": false,
              "Startup Cost": 426934.75,
              "Total Cost": 426934.76,
              "Plan Rows": 1,
              "Plan Width": 8,
              "Actual Startup Time": 2571.031,
              "Actual Total Time": 2571.095,
              "Actual Rows": 1,
              "Actual Loops": 7,
              "Plans": [
                {
                  "Node Type": "Hash Join",
                  "Parent Relationship": "Outer",
                  "Parallel Aware": true,
                  "Join Type": "Inner",
                  "Startup Cost": 82324.1,
                  "Total Cost": 422484.18,
                  "Plan Rows": 1780226,
                  "Plan Width": 0,
                  "Actual Startup Time": 350.671,
                  "Actual Total Time": 2399.369,
                  "Actual Rows": 3674443,
                  "Actual Loops": 7,
                  "Inner Unique": false,
                  "Hash Cond": "(ci.movie_id = t.id)",
                  "Plans": [
                    {
                      "Node Type": "Seq Scan",
                      "Parent Relationship": "Outer",
                      "Parallel Aware": true,
                      "Relation Name": "cast_info",
                      "Alias": "ci",
                      "Startup Cost": 0.0,
                      "Total Cost": 313067.02,
                      "Plan Rows": 6038002,
                      "Plan Width": 4,
                      "Actual Startup Time": 0.028,
                      "Actual Total Time": 584.281,
                      "Actual Rows": 5177763,
                      "Actual Loops": 7
                    },
                    {
                      "Node Type": "Hash",
                      "Parent Relationship": "Inner",
                      "Parallel Aware": true,
                      "Startup Cost": 79994.63,
                      "Total Cost": 79994.63,
                      "Plan Rows": 186358,
                      "Plan Width": 8,
                      "Actual Startup Time": 347.183,
                      "Actual Total Time": 347.246,
                      "Actual Rows": 107988,
                      "Actual Loops": 7,
                      "Hash Buckets": 1048576,
                      "Original Hash Buckets": 1048576,
                      "Hash Batches": 1,
                      "Original Hash Batches": 1,
                      "Peak Memory Usage": 37888,
                      "Plans": [
                        {
                          "Node Type": "Hash Join",
                          "Parent Relationship": "Outer",
                          "Parallel Aware": true,
                          "Join Type": "Inner",
                          "Startup Cost": 32648.94,
                          "Total Cost": 79994.63,
                          "Plan Rows": 186358,
                          "Plan Width": 8,
                          "Actual Startup Time": 119.255,
                          "Actual Total Time": 299.396,
                          "Actual Rows": 107988,
                          "Actual Loops": 7,
                          "Inner Unique": false,
                          "Hash Cond": "(t.id = mc.movie_id)",
                          "Plans": [
                            {
                              "Node Type": "Seq Scan",
                              "Parent Relationship": "Outer",
                              "Parallel Aware": true,
                              "Relation Name": "title",
                              "Alias": "t",
                              "Startup Cost": 0.0,
                              "Total Cost": 43898.92,
                              "Plan Rows": 569122,
                              "Plan Width": 4,
                              "Actual Startup Time": 0.021,
                              "Actual Total Time": 74.061,
                              "Actual Rows": 324061,
                              "Actual Loops": 7,
                              "Filter": "(production_year > 1953)",
                              "Rows Removed by Filter": 37126
                            },
                            {
                              "Node Type": "Hash",
                              "Parent Relationship": "Inner",
                              "Parallel Aware": true,
                              "Startup Cost": 29310.68,
                              "Total Cost": 29310.68,
                              "Plan Rows": 267061,
                              "Plan Width": 4,
                              "Actual Startup Time": 117.638,
                              "Actual Total Time": 117.64,
                              "Actual Rows": 117404,
                              "Actual Loops": 7,
                              "Hash Buckets": 1048576,
                              "Original Hash Buckets": 1048576,
                              "Hash Batches": 1,
                              "Original Hash Batches": 1,
                              "Peak Memory Usage": 40448,
                              "Plans": [
                                {
                                  "Node Type": "Seq Scan",
                                  "Parent Relationship": "Outer",
                                  "Parallel Aware": true,
                                  "Relation Name": "movie_companies",
                                  "Alias": "mc",
                                  "Startup Cost": 0.0,
                                  "Total Cost": 29310.68,
                                  "Plan Rows": 267061,
                                  "Plan Width": 4,
                                  "Actual Startup Time": 0.058,
                                  "Actual Total Time": 58.881,
                                  "Actual Rows": 117404,
                                  "Actual Loops": 7,
                                  "Filter": "(company_id < 1986)",
                                  "Rows Removed by Filter": 255329
                                }
                              ]
                            }
                          ]
                        }
                      ]
                    }
                  ]
                }
              ]
            }
          ]
        }
      ]
    },
    "Planning Time": 1.349,
    "Triggers": [],
    "Execution Time": 2655.39
  }
]