{
  "Plan": {
    "Node Type": "Aggregate",
    "Strategy": "Plain",
    "Partial Mode": "Finalize",
    "Parallel Aware": false,
    "Startup Cost": 708629.13,
    "Total Cost": 708629.14,
    "Plan Rows": 1,
    "Plan Width": 64,
    "Actual Startup Time": 7937.607,
    "Actual Total Time": 8066.368,
    "Actual Rows": 1,
    "Actual Loops": 1,
    "Plans": [
      {
        "Node Type": "Gather",
        "Parent Relationship": "Outer",
        "Parallel Aware": false,
        "Startup Cost": 708628.8,
        "Total Cost": 708629.11,
        "Plan Rows": 3,
        "Plan Width": 64,
        "Actual Startup Time": 7762.17,
        "Actual Total Time": 8066.339,
        "Actual Rows": 4,
        "Actual Loops": 1,
        "Workers Planned": 3,
        "Workers Launched": 3,
        "Single Copy": false,
        "Plans": [
          {
            "Node Type": "Aggregate",
            "Strategy": "Plain",
            "Partial Mode": "Partial",
            "Parent Relationship": "Outer",
            "Parallel Aware": false,
            "Startup Cost": 707628.8,
            "Total Cost": 707628.81,
            "Plan Rows": 1,
            "Plan Width": 64,
            "Actual Startup Time": 7751.3,
            "Actual Total Time": 7751.333,
            "Actual Rows": 1,
            "Actual Loops": 4,
            "Plans": [
              {
                "Node Type": "Hash Join",
                "Parent Relationship": "Outer",
                "Parallel Aware": true,
                "Join Type": "Inner",
                "Startup Cost": 692234.78,
                "Total Cost": 707628.68,
                "Plan Rows": 25,
                "Plan Width": 33,
                "Actual Startup Time": 7671.369,
                "Actual Total Time": 7751.29,
                "Actual Rows": 96,
                "Actual Loops": 4,
                "Inner Unique": false,
                "Hash Cond": "(an.person_id = n.id)",
                "Plans": [
                  {
                    "Node Type": "Seq Scan",
                    "Parent Relationship": "Outer",
                    "Parallel Aware": true,
                    "Relation Name": "aka_name",
                    "Alias": "an",
                    "Startup Cost": 0.0,
                    "Total Cost": 14303.56,
                    "Plan Rows": 290756,
                    "Plan Width": 20,
                    "Actual Startup Time": 0.044,
                    "Actual Total Time": 68.257,
                    "Actual Rows": 225336,
                    "Actual Loops": 4
                  },
                  {
                    "Node Type": "Hash",
                    "Parent Relationship": "Inner",
                    "Parallel Aware": true,
                    "Startup Cost": 692234.68,
                    "Total Cost": 692234.68,
                    "Plan Rows": 8,
                    "Plan Width": 25,
                    "Actual Startup Time": 7666.341,
                    "Actual Total Time": 7666.372,
                    "Actual Rows": 81,
                    "Actual Loops": 4,
                    "Hash Buckets": 1024,
                    "Original Hash Buckets": 1024,
                    "Hash Batches": 1,
                    "Original Hash Batches": 1,
                    "Peak Memory Usage": 136,
                    "Plans": [
                      {
                        "Node Type": "Hash Join",
                        "Parent Relationship": "Outer",
                        "Parallel Aware": true,
                        "Join Type": "Inner",
                        "Startup Cost": 646693.22,
                        "Total Cost": 692234.68,
                        "Plan Rows": 8,
                        "Plan Width": 25,
                        "Actual Startup Time": 7587.163,
                        "Actual Total Time": 7664.028,
                        "Actual Rows": 81,
                        "Actual Loops": 4,
                        "Inner Unique": false,
                        "Hash Cond": "(t.id = ci.movie_id)",
                        "Plans": [
                          {
                            "Node Type": "Seq Scan",
                            "Parent Relationship": "Outer",
                            "Parallel Aware": true,
                            "Relation Name": "title",
                            "Alias": "t",
                            "Startup Cost": 0.0,
                            "Total Cost": 45479.91,
                            "Plan Rows": 16406,
                            "Plan Width": 21,
                            "Actual Startup Time": 0.022,
                            "Actual Total Time": 84.947,
                            "Actual Rows": 17061,
                            "Actual Loops": 4,
                            "Filter": "((episode_nr >= 50) AND (episode_nr < 100))",
                            "Rows Removed by Filter": 615017
                          },
                          {
                            "Node Type": "Hash",
                            "Parent Relationship": "Inner",
                            "Parallel Aware": true,
                            "Startup Cost": 646689.35,
                            "Total Cost": 646689.35,
                            "Plan Rows": 310,
                            "Plan Width": 20,
                            "Actual Startup Time": 7570.433,
                            "Actual Total Time": 7570.46,
                            "Actual Rows": 708139,
                            "Actual Loops": 4,
                            "Hash Buckets": 4194304,
                            "Original Hash Buckets": 2048,
                            "Hash Batches": 1,
                            "Original Hash Batches": 1,
                            "Peak Memory Usage": 220816,
                            "Plans": [
                              {
                                "Node Type": "Hash Join",
                                "Parent Relationship": "Outer",
                                "Parallel Aware": true,
                                "Join Type": "Inner",
                                "Startup Cost": 566330.73,
                                "Total Cost": 646689.35,
                                "Plan Rows": 310,
                                "Plan Width": 20,
                                "Actual Startup Time": 6600.712,
                                "Actual Total Time": 7227.225,
                                "Actual Rows": 708139,
                                "Actual Loops": 4,
                                "Inner Unique": false,
                                "Hash Cond": "(n.id = ci.person_id)",
                                "Plans": [
                                  {
                                    "Node Type": "Seq Scan",
                                    "Parent Relationship": "Outer",
                                    "Parallel Aware": true,
                                    "Relation Name": "name",
                                    "Alias": "n",
                                    "Startup Cost": 0.0,
                                    "Total Cost": 66031.44,
                                    "Plan Rows": 1041844,
                                    "Plan Width": 4,
                                    "Actual Startup Time": 0.028,
                                    "Actual Total Time": 137.262,
                                    "Actual Rows": 1041873,
                                    "Actual Loops": 4
                                  },
                                  {
                                    "Node Type": "Hash",
                                    "Parent Relationship": "Inner",
                                    "Parallel Aware": true,
                                    "Startup Cost": 566321.62,
                                    "Total Cost": 566321.62,
                                    "Plan Rows": 729,
                                    "Plan Width": 16,
                                    "Actual Startup Time": 6600.449,
                                    "Actual Total Time": 6600.473,
                                    "Actual Rows": 708139,
                                    "Actual Loops": 4,
                                    "Hash Buckets": 4194304,
                                    "Original Hash Buckets": 2048,
                                    "Hash Batches": 1,
                                    "Original Hash Batches": 1,
                                    "Peak Memory Usage": 198480,
                                    "Plans": [
                                      {
                                        "Node Type": "Hash Join",
                                        "Parent Relationship": "Outer",
                                        "Parallel Aware": true,
                                        "Join Type": "Inner",
                                        "Startup Cost": 557364.09,
                                        "Total Cost": 566321.62,
                                        "Plan Rows": 729,
                                        "Plan Width": 16,
                                        "Actual Startup Time": 6032.839,
                                        "Actual Total Time": 6259.913,
                                        "Actual Rows": 708139,
                                        "Actual Loops": 4,
                                        "Inner Unique": false,
                                        "Hash Cond": "(cn.id = mc.company_id)",
                                        "Plans": [
                                          {
                                            "Node Type": "Seq Scan",
                                            "Parent Relationship": "Outer",
                                            "Parallel Aware": true,
                                            "Relation Name": "company_name",
                                            "Alias": "cn",
                                            "Startup Cost": 0.0,
                                            "Total Cost": 4722.92,
                                            "Plan Rows": 50548,
                                            "Plan Width": 4,
                                            "Actual Startup Time": 0.032,
                                            "Actual Total Time": 9.855,
                                            "Actual Rows": 21211,
                                            "Actual Loops": 4,
                                            "Filter": "((country_code)::text = '[us]'::text)",
                                            "Rows Removed by Filter": 37538
                                          },
                                          {
                                            "Node Type": "Hash",
                                            "Parent Relationship": "Inner",
                                            "Parallel Aware": true,
                                            "Startup Cost": 557357.02,
                                            "Total Cost": 557357.02,
                                            "Plan Rows": 565,
                                            "Plan Width": 20,
                                            "Actual Startup Time": 6032.727,
                                            "Actual Total Time": 6032.745,
                                            "Actual Rows": 1949232,
                                            "Actual Loops": 4,
                                            "Hash Buckets": 8388608,
                                            "Original Hash Buckets": 4096,
                                            "Hash Batches": 1,
                                            "Original Hash Batches": 1,
                                            "Peak Memory Usage": 558304,
                                            "Plans": [
                                              {
                                                "Node Type": "Hash Join",
                                                "Parent Relationship": "Outer",
                                                "Parallel Aware": false,
                                                "Join Type": "Inner",
                                                "Startup Cost": 206461.16,
                                                "Total Cost": 557357.02,
                                                "Plan Rows": 565,
                                                "Plan Width": 20,
                                                "Actual Startup Time": 2626.565,
                                                "Actual Total Time": 4864.718,
                                                "Actual Rows": 1949232,
                                                "Actual Loops": 4,
                                                "Inner Unique": false,
                                                "Hash Cond": "(ci.movie_id = mk.movie_id)",
                                                "Plans": [
                                                  {
                                                    "Node Type": "Seq Scan",
                                                    "Parent Relationship": "Outer",
                                                    "Parallel Aware": true,
                                                    "Relation Name": "cast_info",
                                                    "Alias": "ci",
                                                    "Startup Cost": 0.0,
                                                    "Total Cost": 313116.71,
                                                    "Plan Rows": 6042971,
                                                    "Plan Width": 8,
                                                    "Actual Startup Time": 0.055,
                                                    "Actual Total Time": 906.658,
                                                    "Actual Rows": 9061086,
                                                    "Actual Loops": 4
                                                  },
                                                  {
                                                    "Node Type": "Hash",
                                                    "Parent Relationship": "Inner",
                                                    "Parallel Aware": false,
                                                    "Startup Cost": 206459.03,
                                                    "Total Cost": 206459.03,
                                                    "Plan Rows": 170,
                                                    "Plan Width": 12,
                                                    "Actual Startup Time": 2626.446,
                                                    "Actual Total Time": 2626.463,
                                                    "Actual Rows": 148552,
                                                    "Actual Loops": 4,
                                                    "Hash Buckets": 262144,
                                                    "Original Hash Buckets": 1024,
                                                    "Hash Batches": 1,
                                                    "Original Hash Batches": 1,
                                                    "Peak Memory Usage": 8432,
                                                    "Plans": [
                                                      {
                                                        "Node Type": "Hash Join",
                                                        "Parent Relationship": "Outer",
                                                        "Parallel Aware": false,
                                                        "Join Type": "Inner",
                                                        "Startup Cost": 203737.83,
                                                        "Total Cost": 206459.03,
                                                        "Plan Rows": 170,
                                                        "Plan Width": 12,
                                                        "Actual Startup Time": 2549.135,
                                                        "Actual Total Time": 2603.774,
                                                        "Actual Rows": 148552,
                                                        "Actual Loops": 4,
                                                        "Inner Unique": false,
                                                        "Hash Cond": "(mk.movie_id = mc.movie_id)",
                                                        "Plans": [
                                                          {
                                                            "Node Type": "Hash Join",
                                                            "Parent Relationship": "Outer",
                                                            "Parallel Aware": false,
                                                            "Join Type": "Inner",
                                                            "Startup Cost": 126242.43,
                                                            "Total Cost": 128961.63,
                                                            "Plan Rows": 34,
                                                            "Plan Width": 4,
                                                            "Actual Startup Time": 1407.322,
                                                            "Actual Total Time": 1424.575,
                                                            "Actual Rows": 41840,
                                                            "Actual Loops": 4,
                                                            "Inner Unique": false,
                                                            "Hash Cond": "(k.id = mk.keyword_id)",
                                                            "Plans": [
                                                              {
                                                                "Node Type": "Seq Scan",
                                                                "Parent Relationship": "Outer",
                                                                "Parallel Aware": false,
                                                                "Relation Name": "keyword",
                                                                "Alias": "k",
                                                                "Startup Cost": 0.0,
                                                                "Total Cost": 2626.12,
                                                                "Plan Rows": 1,
                                                                "Plan Width": 4,
                                                                "Actual Startup Time": 0.603,
                                                                "Actual Total Time": 9.058,
                                                                "Actual Rows": 1,
                                                                "Actual Loops": 4,
                                                                "Filter": "(keyword = 'character-name-in-title'::text)",
                                                                "Rows Removed by Filter": 134169
                                                              },
                                                              {
                                                                "Node Type": "Hash",
                                                                "Parent Relationship": "Inner",
                                                                "Parallel Aware": false,
                                                                "Startup Cost": 69693.3,
                                                                "Total Cost": 69693.3,
                                                                "Plan Rows": 4523930,
                                                                "Plan Width": 8,
                                                                "Actual Startup Time": 1354.964,
                                                                "Actual Total Time": 1354.966,
                                                                "Actual Rows": 4523930,
                                                                "Actual Loops": 4,
                                                                "Hash Buckets": 8388608,
                                                                "Original Hash Buckets": 8388608,
                                                                "Hash Batches": 1,
                                                                "Original Hash Batches": 1,
                                                                "Peak Memory Usage": 242253,
                                                                "Plans": [
                                                                  {
                                                                    "Node Type": "Seq Scan",
                                                                    "Parent Relationship": "Outer",
                                                                    "Parallel Aware": false,
                                                                    "Relation Name": "movie_keyword",
                                                                    "Alias": "mk",
                                                                    "Startup Cost": 0.0,
                                                                    "Total Cost": 69693.3,
                                                                    "Plan Rows": 4523930,
                                                                    "Plan Width": 8,
                                                                    "Actual Startup Time": 0.055,
                                                                    "Actual Total Time": 488.425,
                                                                    "Actual Rows": 4523930,
                                                                    "Actual Loops": 4
                                                                  }
                                                                ]
                                                              }
                                                            ]
                                                          },
                                                          {
                                                            "Node Type": "Hash",
                                                            "Parent Relationship": "Inner",
                                                            "Parallel Aware": false,
                                                            "Startup Cost": 44881.29,
                                                            "Total Cost": 44881.29,
                                                            "Plan Rows": 2609129,
                                                            "Plan Width": 8,
                                                            "Actual Startup Time": 1109.194,
                                                            "Actual Total Time": 1109.195,
                                                            "Actual Rows": 2609129,
                                                            "Actual Loops": 4,
                                                            "Hash Buckets": 4194304,
                                                            "Original Hash Buckets": 4194304,
                                                            "Hash Batches": 1,
                                                            "Original Hash Batches": 1,
                                                            "Peak Memory Usage": 134688,
                                                            "Plans": [
                                                              {
                                                                "Node Type": "Seq Scan",
                                                                "Parent Relationship": "Outer",
                                                                "Parallel Aware": false,
                                                                "Relation Name": "movie_companies",
                                                                "Alias": "mc",
                                                                "Startup Cost": 0.0,
                                                                "Total Cost": 44881.29,
                                                                "Plan Rows": 2609129,
                                                                "Plan Width": 8,
                                                                "Actual Startup Time": 0.048,
                                                                "Actual Total Time": 387.69,
                                                                "Actual Rows": 2609129,
                                                                "Actual Loops": 4
                                                              }
                                                            ]
                                                          }
                                                        ]
                                                      }
                                                    ]
                                                  }
                                                ]
                                              }
                                            ]
                                          }
                                        ]
                                      }
                                    ]
                                  }
                                ]
                              }
                            ]
                          }
                        ]
                      }
                    ]
                  }
                ]
              }
            ]
          }
        ]
      }
    ]
  },
  "Planning Time": 14.223,
  "Triggers": [],
  "Execution Time": 8077.641
}