[
  {
    "Plan": {
      "Node Type": "Aggregate",
      "Strategy": "Plain",
      "Partial Mode": "Finalize",
      "Parallel Aware": false,
      "Startup Cost": 228233.14,
      "Total Cost": 228233.15,
      "Plan Rows": 1,
      "Plan Width": 8,
      "Actual Startup Time": 245.012,
      "Actual Total Time": 257.99,
      "Actual Rows": 1,
      "Actual Loops": 1,
      "Plans": [
        {
          "Node Type": "Gather",
          "Parent Relationship": "Outer",
          "Parallel Aware": false,
          "Startup Cost": 228232.61,
          "Total Cost": 228233.12,
          "Plan Rows": 5,
          "Plan Width": 8,
          "Actual Startup Time": 238.224,
          "Actual Total Time": 257.979,
          "Actual Rows": 6,
          "Actual Loops": 1,
          "Workers Planned": 5,
          "Workers Launched": 5,
          "Single Copy": false,
          "Plans": [
            {
              "Node Type": "Aggregate",
              "Strategy": "Plain",
              "Partial Mode": "Partial",
              "Parent Relationship": "Outer",
              "Parallel Aware": false,
              "Startup Cost": 227232.61,
              "Total Cost": 227232.62,
              "Plan Rows": 1,
              "Plan Width": 8,
              "Actual Startup Time": 228.836,
              "Actual Total Time": 228.84,
              "Actual Rows": 1,
              "Actual Loops": 6,
              "Plans": [
                {
                  "Node Type": "Hash Join",
                  "Parent Relationship": "Outer",
                  "Parallel Aware": true,
                  "Join Type": "Inner",
                  "Startup Cost": 62625.32,
                  "Total Cost": 227116.78,
                  "Plan Rows": 46334,
                  "Plan Width": 0,
                  "Actual Startup Time": 170.172,
                  "Actual Total Time": 227.26,
                  "Actual Rows": 25413,
                  "Actual Loops": 6,
                  "Inner Unique": true,
                  "Hash Cond": "(mi.movie_id = t.id)",
                  "Plans": [
                    {
                      "Node Type": "Bitmap Heap Scan",
                      "Parent Relationship": "Outer",
                      "Parallel Aware": true,
                      "Relation Name": "movie_info",
                      "Alias": "mi",
                      "Startup Cost": 14929.45,
                      "Total Cost": 178987.3,
                      "Plan Rows": 165188,
                      "Plan Width": 4,
                      "Actual Startup Time": 25.124,
                      "Actual Total Time": 44.562,
                      "Actual Rows": 133690,
                      "Actual Loops": 6,
                      "Recheck Cond": "(info_type_id = 1)",
                      "Rows Removed by Index Recheck": 0,
                      "Exact Heap Blocks": 945,
                      "Lossy Heap Blocks": 0,
                      "Plans": [
                        {
                          "Node Type": "Bitmap Index Scan",
                          "Parent Relationship": "Outer",
                          "Parallel Aware": false,
                          "Index Name": "info_type_id_movie_info",
                          "Startup Cost": 0.0,
                          "Total Cost": 14722.97,
                          "Plan Rows": 825938,
                          "Plan Width": 0,
                          "Actual Startup Time": 24.415,
                          "Actual Total Time": 24.415,
                          "Actual Rows": 802140,
                          "Actual Loops": 1,
                          "Index Cond": "(info_type_id = 1)"
                        }
                      ]
                    },
                    {
                      "Node Type": "Hash",
                      "Parent Relationship": "Inner",
                      "Parallel Aware": true,
                      "Startup Cost": 45479.59,
                      "Total Cost": 45479.59,
                      "Plan Rows": 177302,
                      "Plan Width": 4,
                      "Actual Startup Time": 141.385,
                      "Actual Total Time": 141.386,
                      "Actual Rows": 101405,
                      "Actual Loops": 6,
                      "Hash Buckets": 1048576,
                      "Original Hash Buckets": 1048576,
                      "Hash Batches": 1,
                      "Original Hash Batches": 1,
                      "Peak Memory Usage": 32096,
                      "Plans": [
                        {
                          "Node Type": "Seq Scan",
                          "Parent Relationship": "Outer",
                          "Parallel Aware": true,
                          "Relation Name": "title",
                          "Alias": "t",
                          "Startup Cost": 0.0,
                          "Total Cost": 45479.59,
                          "Plan Rows": 177302,
                          "Plan Width": 4,
                          "Actual Startup Time": 0.028,
                          "Actual Total Time": 89.357,
                          "Actual Rows": 101405,
                          "Actual Loops": 6,
                          "Filter": "((kind_id > 2) AND (production_year < 2000))",
                          "Rows Removed by Filter": 319980
                        }
                      ]
                    }
                  ]
                }
              ]
            }
          ]
        }
      ]
    },
    "Planning Time": 0.547,
    "Triggers": [],
    "Execution Time": 258.072
  }
]