[
    {
        "Bao": {
            "Bao prediction": "NaN",
            "Bao recommended hint": "(no hint)"
        }
    },
    {
        "Plan": {
            "Node Type": "Aggregate",
            "Strategy": "Plain",
            "Partial Mode": "Finalize",
            "Parallel Aware": false,
            "Startup Cost": 32993.58,
            "Total Cost": 32993.59,
            "Plan Rows": 1,
            "Plan Width": 8,
            "Actual Startup Time": 87.751,
            "Actual Total Time": 93.956,
            "Actual Rows": 1,
            "Actual Loops": 1,
            "Output": [
                "count(*)"
            ],
            "Plans": [
                {
                    "Node Type": "Gather",
                    "Parent Relationship": "Outer",
                    "Parallel Aware": false,
                    "Startup Cost": 32993.26,
                    "Total Cost": 32993.57,
                    "Plan Rows": 3,
                    "Plan Width": 8,
                    "Actual Startup Time": 87.656,
                    "Actual Total Time": 93.95,
                    "Actual Rows": 4,
                    "Actual Loops": 1,
                    "Output": [
                        "(PARTIAL count(*))"
                    ],
                    "Workers Planned": 3,
                    "Workers Launched": 3,
                    "Single Copy": false,
                    "Plans": [
                        {
                            "Node Type": "Aggregate",
                            "Strategy": "Plain",
                            "Partial Mode": "Partial",
                            "Parent Relationship": "Outer",
                            "Parallel Aware": false,
                            "Startup Cost": 31993.26,
                            "Total Cost": 31993.27,
                            "Plan Rows": 1,
                            "Plan Width": 8,
                            "Actual Startup Time": 79.775,
                            "Actual Total Time": 79.776,
                            "Actual Rows": 1,
                            "Actual Loops": 4,
                            "Output": [
                                "PARTIAL count(*)"
                            ],
                            "Workers": [
                                {
                                    "Worker Number": 0,
                                    "Actual Startup Time": 76.972,
                                    "Actual Total Time": 76.974,
                                    "Actual Rows": 1,
                                    "Actual Loops": 1
                                },
                                {
                                    "Worker Number": 1,
                                    "Actual Startup Time": 77.212,
                                    "Actual Total Time": 77.213,
                                    "Actual Rows": 1,
                                    "Actual Loops": 1
                                },
                                {
                                    "Worker Number": 2,
                                    "Actual Startup Time": 77.53,
                                    "Actual Total Time": 77.531,
                                    "Actual Rows": 1,
                                    "Actual Loops": 1
                                }
                            ],
                            "Plans": [
                                {
                                    "Node Type": "Seq Scan",
                                    "Parent Relationship": "Outer",
                                    "Parallel Aware": true,
                                    "Relation Name": "movie_companies",
                                    "Schema": "public",
                                    "Alias": "mc",
                                    "Startup Cost": 0.0,
                                    "Total Cost": 31414.82,
                                    "Plan Rows": 231378,
                                    "Plan Width": 0,
                                    "Actual Startup Time": 43.433,
                                    "Actual Total Time": 74.734,
                                    "Actual Rows": 112626,
                                    "Actual Loops": 4,
                                    "Output": [
                                        "id",
                                        "movie_id",
                                        "company_id",
                                        "company_type_id",
                                        "note"
                                    ],
                                    "Filter": "((mc.company_id < 12193) AND (mc.company_type_id > 1))",
                                    "Rows Removed by Filter": 539656,
                                    "Workers": [
                                        {
                                            "Worker Number": 0,
                                            "Actual Startup Time": 40.633,
                                            "Actual Total Time": 72.102,
                                            "Actual Rows": 117641,
                                            "Actual Loops": 1
                                        },
                                        {
                                            "Worker Number": 1,
                                            "Actual Startup Time": 40.873,
                                            "Actual Total Time": 72.304,
                                            "Actual Rows": 118026,
                                            "Actual Loops": 1
                                        },
                                        {
                                            "Worker Number": 2,
                                            "Actual Startup Time": 41.188,
                                            "Actual Total Time": 72.621,
                                            "Actual Rows": 72346,
                                            "Actual Loops": 1
                                        }
                                    ]
                                }
                            ]
                        }
                    ]
                }
            ]
        },
        "Planning Time": 188.395,
        "Triggers": [],
        "Execution Time": 93.995
    }
]