[
  {
    "Plan": {
      "Node Type": "Aggregate",
      "Strategy": "Plain",
      "Partial Mode": "Finalize",
      "Parallel Aware": false,
      "Startup Cost": 46483.65,
      "Total Cost": 46483.66,
      "Plan Rows": 1,
      "Plan Width": 8,
      "Actual Startup Time": 96.354,
      "Actual Total Time": 109.404,
      "Actual Rows": 1,
      "Actual Loops": 1,
      "Plans": [
        {
          "Node Type": "Gather",
          "Parent Relationship": "Outer",
          "Parallel Aware": false,
          "Startup Cost": 46483.23,
          "Total Cost": 46483.64,
          "Plan Rows": 4,
          "Plan Width": 8,
          "Actual Startup Time": 96.205,
          "Actual Total Time": 109.395,
          "Actual Rows": 5,
          "Actual Loops": 1,
          "Workers Planned": 4,
          "Workers Launched": 4,
          "Single Copy": false,
          "Plans": [
            {
              "Node Type": "Aggregate",
              "Strategy": "Plain",
              "Partial Mode": "Partial",
              "Parent Relationship": "Outer",
              "Parallel Aware": false,
              "Startup Cost": 45483.23,
              "Total Cost": 45483.24,
              "Plan Rows": 1,
              "Plan Width": 8,
              "Actual Startup Time": 87.749,
              "Actual Total Time": 87.75,
              "Actual Rows": 1,
              "Actual Loops": 5,
              "Plans": [
                {
                  "Node Type": "Seq Scan",
                  "Parent Relationship": "Outer",
                  "Parallel Aware": true,
                  "Relation Name": "title",
                  "Alias": "t",
                  "Startup Cost": 0.0,
                  "Total Cost": 45479.1,
                  "Plan Rows": 1652,
                  "Plan Width": 0,
                  "Actual Startup Time": 0.112,
                  "Actual Total Time": 87.546,
                  "Actual Rows": 1291,
                  "Actual Loops": 5,
                  "Filter": "((kind_id = 7) AND (production_year = 1964))",
                  "Rows Removed by Filter": 504372
                }
              ]
            }
          ]
        }
      ]
    },
    "Planning Time": 0.19,
    "Triggers": [],
    "Execution Time": 109.468
  }
]