{
    "Plan": {
        "Node Type": "Aggregate",
        "Strategy": "Plain",
        "Partial Mode": "Finalize",
        "Parallel Aware": false,
        "Startup Cost": 26740.08,
        "Total Cost": 26740.09,
        "Plan Rows": 1,
        "Plan Width": 96,
        "Actual Startup Time": 3991.026,
        "Actual Total Time": 4130.741,
        "Actual Rows": 1,
        "Actual Loops": 1,
        "Output": [
            "min(mi.info)",
            "min(mi_idx.info)",
            "min(t.title)"
        ],
        "Plans": [
            {
                "Node Type": "Gather",
                "Parent Relationship": "Outer",
                "Parallel Aware": false,
                "Startup Cost": 26739.86,
                "Total Cost": 26740.07,
                "Plan Rows": 2,
                "Plan Width": 96,
                "Actual Startup Time": 3991.011,
                "Actual Total Time": 4130.728,
                "Actual Rows": 3,
                "Actual Loops": 1,
                "Output": [
                    "(PARTIAL min(mi.info))",
                    "(PARTIAL min(mi_idx.info))",
                    "(PARTIAL min(t.title))"
                ],
                "Workers Planned": 2,
                "Workers Launched": 2,
                "Single Copy": false,
                "Plans": [
                    {
                        "Node Type": "Aggregate",
                        "Strategy": "Plain",
                        "Partial Mode": "Partial",
                        "Parent Relationship": "Outer",
                        "Parallel Aware": false,
                        "Startup Cost": 25739.86,
                        "Total Cost": 25739.87,
                        "Plan Rows": 1,
                        "Plan Width": 96,
                        "Actual Startup Time": 3980.644,
                        "Actual Total Time": 3980.65,
                        "Actual Rows": 1,
                        "Actual Loops": 3,
                        "Output": [
                            "PARTIAL min(mi.info)",
                            "PARTIAL min(mi_idx.info)",
                            "PARTIAL min(t.title)"
                        ],
                        "Workers": [
                            {
                                "Worker Number": 0,
                                "Actual Startup Time": 3975.686,
                                "Actual Total Time": 3975.692,
                                "Actual Rows": 1,
                                "Actual Loops": 1
                            },
                            {
                                "Worker Number": 1,
                                "Actual Startup Time": 3976.35,
                                "Actual Total Time": 3976.355,
                                "Actual Rows": 1,
                                "Actual Loops": 1
                            }
                        ],
                        "Plans": [
                            {
                                "Node Type": "Nested Loop",
                                "Parent Relationship": "Outer",
                                "Parallel Aware": false,
                                "Join Type": "Inner",
                                "Startup Cost": 6.71,
                                "Total Cost": 25739.79,
                                "Plan Rows": 9,
                                "Plan Width": 65,
                                "Actual Startup Time": 31.608,
                                "Actual Total Time": 3977.24,
                                "Actual Rows": 9358,
                                "Actual Loops": 3,
                                "Output": [
                                    "mi.info",
                                    "mi_idx.info",
                                    "t.title"
                                ],
                                "Inner Unique": true,
                                "Workers": [
                                    {
                                        "Worker Number": 0,
                                        "Actual Startup Time": 40.58,
                                        "Actual Total Time": 3972.506,
                                        "Actual Rows": 9797,
                                        "Actual Loops": 1
                                    },
                                    {
                                        "Worker Number": 1,
                                        "Actual Startup Time": 31.803,
                                        "Actual Total Time": 3973.023,
                                        "Actual Rows": 8887,
                                        "Actual Loops": 1
                                    }
                                ],
                                "Plans": [
                                    {
                                        "Node Type": "Nested Loop",
                                        "Parent Relationship": "Outer",
                                        "Parallel Aware": false,
                                        "Join Type": "Inner",
                                        "Startup Cost": 6.28,
                                        "Total Cost": 25724.77,
                                        "Plan Rows": 22,
                                        "Plan Width": 69,
                                        "Actual Startup Time": 17.046,
                                        "Actual Total Time": 3845.907,
                                        "Actual Rows": 18052,
                                        "Actual Loops": 3,
                                        "Output": [
                                            "ci.person_id",
                                            "mi.info",
                                            "mi_idx.info",
                                            "t.title"
                                        ],
                                        "Inner Unique": false,
                                        "Workers": [
                                            {
                                                "Worker Number": 0,
                                                "Actual Startup Time": 3.373,
                                                "Actual Total Time": 3830.216,
                                                "Actual Rows": 18709,
                                                "Actual Loops": 1
                                            },
                                            {
                                                "Worker Number": 1,
                                                "Actual Startup Time": 25.584,
                                                "Actual Total Time": 3828.201,
                                                "Actual Rows": 17139,
                                                "Actual Loops": 1
                                            }
                                        ],
                                        "Plans": [
                                            {
                                                "Node Type": "Nested Loop",
                                                "Parent Relationship": "Outer",
                                                "Parallel Aware": false,
                                                "Join Type": "Inner",
                                                "Startup Cost": 5.72,
                                                "Total Cost": 25687.27,
                                                "Plan Rows": 18,
                                                "Plan Width": 77,
                                                "Actual Startup Time": 2.019,
                                                "Actual Total Time": 1953.592,
                                                "Actual Rows": 34172,
                                                "Actual Loops": 3,
                                                "Output": [
                                                    "mi.info",
                                                    "mi.movie_id",
                                                    "mi_idx.info",
                                                    "mi_idx.movie_id",
                                                    "t.title",
                                                    "t.id"
                                                ],
                                                "Inner Unique": true,
                                                "Join Filter": "(mi.movie_id = t.id)",
                                                "Rows Removed by Join Filter": 0,
                                                "Workers": [
                                                    {
                                                        "Worker Number": 0,
                                                        "Actual Startup Time": 3.007,
                                                        "Actual Total Time": 1880.909,
                                                        "Actual Rows": 35884,
                                                        "Actual Loops": 1
                                                    },
                                                    {
                                                        "Worker Number": 1,
                                                        "Actual Startup Time": 1.891,
                                                        "Actual Total Time": 1918.201,
                                                        "Actual Rows": 32113,
                                                        "Actual Loops": 1
                                                    }
                                                ],
                                                "Plans": [
                                                    {
                                                        "Node Type": "Hash Join",
                                                        "Parent Relationship": "Outer",
                                                        "Parallel Aware": false,
                                                        "Join Type": "Inner",
                                                        "Startup Cost": 5.29,
                                                        "Total Cost": 25676.64,
                                                        "Plan Rows": 18,
                                                        "Plan Width": 56,
                                                        "Actual Startup Time": 1.89,
                                                        "Actual Total Time": 1815.236,
                                                        "Actual Rows": 34172,
                                                        "Actual Loops": 3,
                                                        "Output": [
                                                            "mi.info",
                                                            "mi.movie_id",
                                                            "mi_idx.info",
                                                            "mi_idx.movie_id"
                                                        ],
                                                        "Inner Unique": true,
                                                        "Hash Cond": "(mi.info_type_id = it1.id)",
                                                        "Workers": [
                                                            {
                                                                "Worker Number": 0,
                                                                "Actual Startup Time": 2.838,
                                                                "Actual Total Time": 1736.787,
                                                                "Actual Rows": 35884,
                                                                "Actual Loops": 1
                                                            },
                                                            {
                                                                "Worker Number": 1,
                                                                "Actual Startup Time": 1.698,
                                                                "Actual Total Time": 1773.504,
                                                                "Actual Rows": 32113,
                                                                "Actual Loops": 1
                                                            }
                                                        ],
                                                        "Plans": [
                                                            {
                                                                "Node Type": "Nested Loop",
                                                                "Parent Relationship": "Outer",
                                                                "Parallel Aware": false,
                                                                "Join Type": "Inner",
                                                                "Startup Cost": 2.86,
                                                                "Total Cost": 25668.86,
                                                                "Plan Rows": 1970,
                                                                "Plan Width": 60,
                                                                "Actual Startup Time": 1.506,
                                                                "Actual Total Time": 1803.914,
                                                                "Actual Rows": 34964,
                                                                "Actual Loops": 3,
                                                                "Output": [
                                                                    "mi_idx.info",
                                                                    "mi_idx.movie_id",
                                                                    "mi.info",
                                                                    "mi.movie_id",
                                                                    "mi.info_type_id"
                                                                ],
                                                                "Inner Unique": false,
                                                                "Workers": [
                                                                    {
                                                                        "Worker Number": 0,
                                                                        "Actual Startup Time": 2.307,
                                                                        "Actual Total Time": 1725.303,
                                                                        "Actual Rows": 36603,
                                                                        "Actual Loops": 1
                                                                    },
                                                                    {
                                                                        "Worker Number": 1,
                                                                        "Actual Startup Time": 1.152,
                                                                        "Actual Total Time": 1761.637,
                                                                        "Actual Rows": 32820,
                                                                        "Actual Loops": 1
                                                                    }
                                                                ],
                                                                "Plans": [
                                                                    {
                                                                        "Node Type": "Hash Join",
                                                                        "Parent Relationship": "Outer",
                                                                        "Parallel Aware": false,
                                                                        "Join Type": "Inner",
                                                                        "Startup Cost": 2.43,
                                                                        "Total Cost": 15253.6,
                                                                        "Plan Rows": 5089,
                                                                        "Plan Width": 9,
                                                                        "Actual Startup Time": 0.131,
                                                                        "Actual Total Time": 141.562,
                                                                        "Actual Rows": 153308,
                                                                        "Actual Loops": 3,
                                                                        "Output": [
                                                                            "mi_idx.info",
                                                                            "mi_idx.movie_id"
                                                                        ],
                                                                        "Inner Unique": true,
                                                                        "Hash Cond": "(mi_idx.info_type_id = it2.id)",
                                                                        "Workers": [
                                                                            {
                                                                                "Worker Number": 0,
                                                                                "Actual Startup Time": 0.166,
                                                                                "Actual Total Time": 131.571,
                                                                                "Actual Rows": 150044,
                                                                                "Actual Loops": 1
                                                                            },
                                                                            {
                                                                                "Worker Number": 1,
                                                                                "Actual Startup Time": 0.158,
                                                                                "Actual Total Time": 135.131,
                                                                                "Actual Rows": 141279,
                                                                                "Actual Loops": 1
                                                                            }
                                                                        ],
                                                                        "Plans": [
                                                                            {
                                                                                "Node Type": "Seq Scan",
                                                                                "Parent Relationship": "Outer",
                                                                                "Parallel Aware": true,
                                                                                "Relation Name": "movie_info_idx",
                                                                                "Schema": "public",
                                                                                "Alias": "mi_idx",
                                                                                "Startup Cost": 0.0,
                                                                                "Total Cost": 13685.15,
                                                                                "Plan Rows": 575015,
                                                                                "Plan Width": 13,
                                                                                "Actual Startup Time": 0.033,
                                                                                "Actual Total Time": 55.885,
                                                                                "Actual Rows": 460012,
                                                                                "Actual Loops": 3,
                                                                                "Output": [
                                                                                    "mi_idx.id",
                                                                                    "mi_idx.movie_id",
                                                                                    "mi_idx.info_type_id",
                                                                                    "mi_idx.info",
                                                                                    "mi_idx.note"
                                                                                ],
                                                                                "Workers": [
                                                                                    {
                                                                                        "Worker Number": 0,
                                                                                        "Actual Startup Time": 0.045,
                                                                                        "Actual Total Time": 53.553,
                                                                                        "Actual Rows": 450130,
                                                                                        "Actual Loops": 1
                                                                                    },
                                                                                    {
                                                                                        "Worker Number": 1,
                                                                                        "Actual Startup Time": 0.043,
                                                                                        "Actual Total Time": 55.695,
                                                                                        "Actual Rows": 424104,
                                                                                        "Actual Loops": 1
                                                                                    }
                                                                                ]
                                                                            },
                                                                            {
                                                                                "Node Type": "Hash",
                                                                                "Parent Relationship": "Inner",
                                                                                "Parallel Aware": false,
                                                                                "Startup Cost": 2.41,
                                                                                "Total Cost": 2.41,
                                                                                "Plan Rows": 1,
                                                                                "Plan Width": 4,
                                                                                "Actual Startup Time": 0.053,
                                                                                "Actual Total Time": 0.054,
                                                                                "Actual Rows": 1,
                                                                                "Actual Loops": 3,
                                                                                "Output": [
                                                                                    "it2.id"
                                                                                ],
                                                                                "Hash Buckets": 1024,
                                                                                "Original Hash Buckets": 1024,
                                                                                "Hash Batches": 1,
                                                                                "Original Hash Batches": 1,
                                                                                "Peak Memory Usage": 9,
                                                                                "Workers": [
                                                                                    {
                                                                                        "Worker Number": 0,
                                                                                        "Actual Startup Time": 0.058,
                                                                                        "Actual Total Time": 0.059,
                                                                                        "Actual Rows": 1,
                                                                                        "Actual Loops": 1
                                                                                    },
                                                                                    {
                                                                                        "Worker Number": 1,
                                                                                        "Actual Startup Time": 0.059,
                                                                                        "Actual Total Time": 0.059,
                                                                                        "Actual Rows": 1,
                                                                                        "Actual Loops": 1
                                                                                    }
                                                                                ],
                                                                                "Plans": [
                                                                                    {
                                                                                        "Node Type": "Seq Scan",
                                                                                        "Parent Relationship": "Outer",
                                                                                        "Parallel Aware": false,
                                                                                        "Relation Name": "info_type",
                                                                                        "Schema": "public",
                                                                                        "Alias": "it2",
                                                                                        "Startup Cost": 0.0,
                                                                                        "Total Cost": 2.41,
                                                                                        "Plan Rows": 1,
                                                                                        "Plan Width": 4,
                                                                                        "Actual Startup Time": 0.035,
                                                                                        "Actual Total Time": 0.04,
                                                                                        "Actual Rows": 1,
                                                                                        "Actual Loops": 3,
                                                                                        "Output": [
                                                                                            "it2.id"
                                                                                        ],
                                                                                        "Filter": "((it2.info)::text = 'votes'::text)",
                                                                                        "Rows Removed by Filter": 112,
                                                                                        "Workers": [
                                                                                            {
                                                                                                "Worker Number": 0,
                                                                                                "Actual Startup Time": 0.034,
                                                                                                "Actual Total Time": 0.04,
                                                                                                "Actual Rows": 1,
                                                                                                "Actual Loops": 1
                                                                                            },
                                                                                            {
                                                                                                "Worker Number": 1,
                                                                                                "Actual Startup Time": 0.034,
                                                                                                "Actual Total Time": 0.04,
                                                                                                "Actual Rows": 1,
                                                                                                "Actual Loops": 1
                                                                                            }
                                                                                        ]
                                                                                    }
                                                                                ]
                                                                            }
                                                                        ]
                                                                    },
                                                                    {
                                                                        "Node Type": "Index Scan",
                                                                        "Parent Relationship": "Inner",
                                                                        "Parallel Aware": false,
                                                                        "Scan Direction": "Forward",
                                                                        "Index Name": "movie_id_movie_info",
                                                                        "Relation Name": "movie_info",
                                                                        "Schema": "public",
                                                                        "Alias": "mi",
                                                                        "Startup Cost": 0.43,
                                                                        "Total Cost": 2.04,
                                                                        "Plan Rows": 1,
                                                                        "Plan Width": 51,
                                                                        "Actual Startup Time": 0.01,
                                                                        "Actual Total Time": 0.011,
                                                                        "Actual Rows": 0,
                                                                        "Actual Loops": 459925,
                                                                        "Output": [
                                                                            "mi.id",
                                                                            "mi.movie_id",
                                                                            "mi.info_type_id",
                                                                            "mi.info",
                                                                            "mi.note"
                                                                        ],
                                                                        "Index Cond": "(mi.movie_id = mi_idx.movie_id)",
                                                                        "Rows Removed by Index Recheck": 0,
                                                                        "Filter": "(mi.info = ANY ('{Horror,Action,Sci-Fi,Thriller,Crime,War}'::text[]))",
                                                                        "Rows Removed by Filter": 15,
                                                                        "Workers": [
                                                                            {
                                                                                "Worker Number": 0,
                                                                                "Actual Startup Time": 0.01,
                                                                                "Actual Total Time": 0.01,
                                                                                "Actual Rows": 0,
                                                                                "Actual Loops": 150044
                                                                            },
                                                                            {
                                                                                "Worker Number": 1,
                                                                                "Actual Startup Time": 0.011,
                                                                                "Actual Total Time": 0.011,
                                                                                "Actual Rows": 0,
                                                                                "Actual Loops": 141279
                                                                            }
                                                                        ]
                                                                    }
                                                                ]
                                                            },
                                                            {
                                                                "Node Type": "Hash",
                                                                "Parent Relationship": "Inner",
                                                                "Parallel Aware": false,
                                                                "Startup Cost": 2.41,
                                                                "Total Cost": 2.41,
                                                                "Plan Rows": 1,
                                                                "Plan Width": 4,
                                                                "Actual Startup Time": 0.123,
                                                                "Actual Total Time": 0.124,
                                                                "Actual Rows": 1,
                                                                "Actual Loops": 3,
                                                                "Output": [
                                                                    "it1.id"
                                                                ],
                                                                "Hash Buckets": 1024,
                                                                "Original Hash Buckets": 1024,
                                                                "Hash Batches": 1,
                                                                "Original Hash Batches": 1,
                                                                "Peak Memory Usage": 9,
                                                                "Workers": [
                                                                    {
                                                                        "Worker Number": 0,
                                                                        "Actual Startup Time": 0.151,
                                                                        "Actual Total Time": 0.152,
                                                                        "Actual Rows": 1,
                                                                        "Actual Loops": 1
                                                                    },
                                                                    {
                                                                        "Worker Number": 1,
                                                                        "Actual Startup Time": 0.16,
                                                                        "Actual Total Time": 0.161,
                                                                        "Actual Rows": 1,
                                                                        "Actual Loops": 1
                                                                    }
                                                                ],
                                                                "Plans": [
                                                                    {
                                                                        "Node Type": "Seq Scan",
                                                                        "Parent Relationship": "Outer",
                                                                        "Parallel Aware": false,
                                                                        "Relation Name": "info_type",
                                                                        "Schema": "public",
                                                                        "Alias": "it1",
                                                                        "Startup Cost": 0.0,
                                                                        "Total Cost": 2.41,
                                                                        "Plan Rows": 1,
                                                                        "Plan Width": 4,
                                                                        "Actual Startup Time": 0.074,
                                                                        "Actual Total Time": 0.104,
                                                                        "Actual Rows": 1,
                                                                        "Actual Loops": 3,
                                                                        "Output": [
                                                                            "it1.id"
                                                                        ],
                                                                        "Filter": "((it1.info)::text = 'genres'::text)",
                                                                        "Rows Removed by Filter": 112,
                                                                        "Workers": [
                                                                            {
                                                                                "Worker Number": 0,
                                                                                "Actual Startup Time": 0.102,
                                                                                "Actual Total Time": 0.126,
                                                                                "Actual Rows": 1,
                                                                                "Actual Loops": 1
                                                                            },
                                                                            {
                                                                                "Worker Number": 1,
                                                                                "Actual Startup Time": 0.09,
                                                                                "Actual Total Time": 0.133,
                                                                                "Actual Rows": 1,
                                                                                "Actual Loops": 1
                                                                            }
                                                                        ]
                                                                    }
                                                                ]
                                                            }
                                                        ]
                                                    },
                                                    {
                                                        "Node Type": "Index Scan",
                                                        "Parent Relationship": "Inner",
                                                        "Parallel Aware": false,
                                                        "Scan Direction": "Forward",
                                                        "Index Name": "title_pkey",
                                                        "Relation Name": "title",
                                                        "Schema": "public",
                                                        "Alias": "t",
                                                        "Startup Cost": 0.43,
                                                        "Total Cost": 0.58,
                                                        "Plan Rows": 1,
                                                        "Plan Width": 21,
                                                        "Actual Startup Time": 0.003,
                                                        "Actual Total Time": 0.003,
                                                        "Actual Rows": 1,
                                                        "Actual Loops": 102516,
                                                        "Output": [
                                                            "t.id",
                                                            "t.title",
                                                            "t.imdb_index",
                                                            "t.kind_id",
                                                            "t.production_year",
                                                            "t.imdb_id",
                                                            "t.phonetic_code",
                                                            "t.episode_of_id",
                                                            "t.season_nr",
                                                            "t.episode_nr",
                                                            "t.series_years",
                                                            "t.md5sum"
                                                        ],
                                                        "Index Cond": "(t.id = mi_idx.movie_id)",
                                                        "Rows Removed by Index Recheck": 0,
                                                        "Workers": [
                                                            {
                                                                "Worker Number": 0,
                                                                "Actual Startup Time": 0.003,
                                                                "Actual Total Time": 0.003,
                                                                "Actual Rows": 1,
                                                                "Actual Loops": 35884
                                                            },
                                                            {
                                                                "Worker Number": 1,
                                                                "Actual Startup Time": 0.004,
                                                                "Actual Total Time": 0.004,
                                                                "Actual Rows": 1,
                                                                "Actual Loops": 32113
                                                            }
                                                        ]
                                                    }
                                                ]
                                            },
                                            {
                                                "Node Type": "Index Scan",
                                                "Parent Relationship": "Inner",
                                                "Parallel Aware": false,
                                                "Scan Direction": "Forward",
                                                "Index Name": "movie_id_cast_info",
                                                "Relation Name": "cast_info",
                                                "Schema": "public",
                                                "Alias": "ci",
                                                "Startup Cost": 0.56,
                                                "Total Cost": 2.07,
                                                "Plan Rows": 1,
                                                "Plan Width": 8,
                                                "Actual Startup Time": 0.047,
                                                "Actual Total Time": 0.055,
                                                "Actual Rows": 1,
                                                "Actual Loops": 102516,
                                                "Output": [
                                                    "ci.id",
                                                    "ci.person_id",
                                                    "ci.movie_id",
                                                    "ci.person_role_id",
                                                    "ci.note",
                                                    "ci.nr_order",
                                                    "ci.role_id"
                                                ],
                                                "Index Cond": "(ci.movie_id = t.id)",
                                                "Rows Removed by Index Recheck": 0,
                                                "Filter": "(ci.note = ANY ('{(writer),\"(head writer)\",\"(written by)\",(story),\"(story editor)\"}'::text[]))",
                                                "Rows Removed by Filter": 39,
                                                "Workers": [
                                                    {
                                                        "Worker Number": 0,
                                                        "Actual Startup Time": 0.047,
                                                        "Actual Total Time": 0.054,
                                                        "Actual Rows": 1,
                                                        "Actual Loops": 35884
                                                    },
                                                    {
                                                        "Worker Number": 1,
                                                        "Actual Startup Time": 0.051,
                                                        "Actual Total Time": 0.059,
                                                        "Actual Rows": 1,
                                                        "Actual Loops": 32113
                                                    }
                                                ]
                                            }
                                        ]
                                    },
                                    {
                                        "Node Type": "Index Scan",
                                        "Parent Relationship": "Inner",
                                        "Parallel Aware": false,
                                        "Scan Direction": "Forward",
                                        "Index Name": "name_pkey",
                                        "Relation Name": "name",
                                        "Schema": "public",
                                        "Alias": "n",
                                        "Startup Cost": 0.43,
                                        "Total Cost": 0.68,
                                        "Plan Rows": 1,
                                        "Plan Width": 4,
                                        "Actual Startup Time": 0.007,
                                        "Actual Total Time": 0.007,
                                        "Actual Rows": 1,
                                        "Actual Loops": 54155,
                                        "Output": [
                                            "n.id",
                                            "n.name",
                                            "n.imdb_index",
                                            "n.imdb_id",
                                            "n.gender",
                                            "n.name_pcode_cf",
                                            "n.name_pcode_nf",
                                            "n.surname_pcode",
                                            "n.md5sum"
                                        ],
                                        "Index Cond": "(n.id = ci.person_id)",
                                        "Rows Removed by Index Recheck": 0,
                                        "Filter": "((n.gender)::text = 'm'::text)",
                                        "Rows Removed by Filter": 0,
                                        "Workers": [
                                            {
                                                "Worker Number": 0,
                                                "Actual Startup Time": 0.007,
                                                "Actual Total Time": 0.007,
                                                "Actual Rows": 1,
                                                "Actual Loops": 18709
                                            },
                                            {
                                                "Worker Number": 1,
                                                "Actual Startup Time": 0.008,
                                                "Actual Total Time": 0.008,
                                                "Actual Rows": 1,
                                                "Actual Loops": 17139
                                            }
                                        ]
                                    }
                                ]
                            }
                        ]
                    }
                ]
            }
        ]
    },
    "Planning Time": 8.475,
    "Triggers": [],
    "Execution Time": 4130.994
}