[
  {
    "Plan": {
      "Node Type": "Aggregate",
      "Strategy": "Plain",
      "Partial Mode": "Finalize",
      "Parallel Aware": false,
      "Startup Cost": 19979.4,
      "Total Cost": 19979.41,
      "Plan Rows": 1,
      "Plan Width": 8,
      "Actual Startup Time": 26.133,
      "Actual Total Time": 30.979,
      "Actual Rows": 1,
      "Actual Loops": 1,
      "Plans": [
        {
          "Node Type": "Gather",
          "Parent Relationship": "Outer",
          "Parallel Aware": false,
          "Startup Cost": 19979.29,
          "Total Cost": 19979.4,
          "Plan Rows": 1,
          "Plan Width": 8,
          "Actual Startup Time": 25.897,
          "Actual Total Time": 30.975,
          "Actual Rows": 2,
          "Actual Loops": 1,
          "Workers Planned": 1,
          "Workers Launched": 1,
          "Single Copy": false,
          "Plans": [
            {
              "Node Type": "Aggregate",
              "Strategy": "Plain",
              "Partial Mode": "Partial",
              "Parent Relationship": "Outer",
              "Parallel Aware": false,
              "Startup Cost": 18979.29,
              "Total Cost": 18979.3,
              "Plan Rows": 1,
              "Plan Width": 8,
              "Actual Startup Time": 23.532,
              "Actual Total Time": 23.533,
              "Actual Rows": 1,
              "Actual Loops": 2,
              "Plans": [
                {
                  "Node Type": "Nested Loop",
                  "Parent Relationship": "Outer",
                  "Parallel Aware": false,
                  "Join Type": "Inner",
                  "Startup Cost": 50.82,
                  "Total Cost": 18964.44,
                  "Plan Rows": 5941,
                  "Plan Width": 0,
                  "Actual Startup Time": 0.608,
                  "Actual Total Time": 22.752,
                  "Actual Rows": 12910,
                  "Actual Loops": 2,
                  "Inner Unique": false,
                  "Plans": [
                    {
                      "Node Type": "Nested Loop",
                      "Parent Relationship": "Outer",
                      "Parallel Aware": false,
                      "Join Type": "Inner",
                      "Startup Cost": 50.38,
                      "Total Cost": 16928.16,
                      "Plan Rows": 1012,
                      "Plan Width": 8,
                      "Actual Startup Time": 0.537,
                      "Actual Total Time": 7.952,
                      "Actual Rows": 1140,
                      "Actual Loops": 2,
                      "Inner Unique": true,
                      "Plans": [
                        {
                          "Node Type": "Bitmap Heap Scan",
                          "Parent Relationship": "Outer",
                          "Parallel Aware": true,
                          "Relation Name": "movie_companies",
                          "Alias": "mc",
                          "Startup Cost": 49.95,
                          "Total Cost": 6442.6,
                          "Plan Rows": 1330,
                          "Plan Width": 4,
                          "Actual Startup Time": 0.463,
                          "Actual Total Time": 1.22,
                          "Actual Rows": 1148,
                          "Actual Loops": 2,
                          "Recheck Cond": "(company_id = 1435)",
                          "Rows Removed by Index Recheck": 0,
                          "Exact Heap Blocks": 231,
                          "Lossy Heap Blocks": 0,
                          "Plans": [
                            {
                              "Node Type": "Bitmap Index Scan",
                              "Parent Relationship": "Outer",
                              "Parallel Aware": false,
                              "Index Name": "company_id_movie_companies",
                              "Startup Cost": 0.0,
                              "Total Cost": 49.39,
                              "Plan Rows": 2261,
                              "Plan Width": 0,
                              "Actual Startup Time": 0.829,
                              "Actual Total Time": 0.829,
                              "Actual Rows": 2295,
                              "Actual Loops": 1,
                              "Index Cond": "(company_id = 1435)"
                            }
                          ]
                        },
                        {
                          "Node Type": "Index Scan",
                          "Parent Relationship": "Inner",
                          "Parallel Aware": false,
                          "Scan Direction": "Forward",
                          "Index Name": "title_pkey",
                          "Relation Name": "title",
                          "Alias": "t",
                          "Startup Cost": 0.43,
                          "Total Cost": 7.88,
                          "Plan Rows": 1,
                          "Plan Width": 4,
                          "Actual Startup Time": 0.006,
                          "Actual Total Time": 0.006,
                          "Actual Rows": 1,
                          "Actual Loops": 2295,
                          "Index Cond": "(id = mc.movie_id)",
                          "Rows Removed by Index Recheck": 0,
                          "Filter": "(production_year < 2010)",
                          "Rows Removed by Filter": 0
                        }
                      ]
                    },
                    {
                      "Node Type": "Index Only Scan",
                      "Parent Relationship": "Inner",
                      "Parallel Aware": false,
                      "Scan Direction": "Forward",
                      "Index Name": "movie_id_movie_info",
                      "Relation Name": "movie_info",
                      "Alias": "mi",
                      "Startup Cost": 0.43,
                      "Total Cost": 1.6,
                      "Plan Rows": 41,
                      "Plan Width": 4,
                      "Actual Startup Time": 0.004,
                      "Actual Total Time": 0.012,
                      "Actual Rows": 11,
                      "Actual Loops": 2279,
                      "Index Cond": "(movie_id = t.id)",
                      "Rows Removed by Index Recheck": 0,
                      "Heap Fetches": 25820
                    }
                  ]
                }
              ]
            }
          ]
        }
      ]
    },
    "Planning Time": 0.659,
    "Triggers": [],
    "Execution Time": 31.024
  }
]