{
  "Plan": {
    "Node Type": "Aggregate",
    "Strategy": "Plain",
    "Partial Mode": "Simple",
    "Parallel Aware": false,
    "Startup Cost": 178053.56,
    "Total Cost": 178053.57,
    "Plan Rows": 1,
    "Plan Width": 64,
    "Actual Startup Time": 432.913,
    "Actual Total Time": 454.442,
    "Actual Rows": 1,
    "Actual Loops": 1,
    "Plans": [
      {
        "Node Type": "Gather",
        "Parent Relationship": "Outer",
        "Parallel Aware": false,
        "Startup Cost": 177920.98,
        "Total Cost": 178053.55,
        "Plan Rows": 1,
        "Plan Width": 33,
        "Actual Startup Time": 430.842,
        "Actual Total Time": 454.416,
        "Actual Rows": 82,
        "Actual Loops": 1,
        "Workers Planned": 1,
        "Workers Launched": 1,
        "Single Copy": false,
        "Plans": [
          {
            "Node Type": "Nested Loop",
            "Parent Relationship": "Outer",
            "Parallel Aware": false,
            "Join Type": "Inner",
            "Startup Cost": 176920.98,
            "Total Cost": 177053.45,
            "Plan Rows": 1,
            "Plan Width": 33,
            "Actual Startup Time": 423.555,
            "Actual Total Time": 425.2,
            "Actual Rows": 41,
            "Actual Loops": 2,
            "Inner Unique": true,
            "Plans": [
              {
                "Node Type": "Nested Loop",
                "Parent Relationship": "Outer",
                "Parallel Aware": false,
                "Join Type": "Inner",
                "Startup Cost": 176920.56,
                "Total Cost": 177052.03,
                "Plan Rows": 1,
                "Plan Width": 37,
                "Actual Startup Time": 423.518,
                "Actual Total Time": 425.049,
                "Actual Rows": 41,
                "Actual Loops": 2,
                "Inner Unique": false,
                "Join Filter": "(ci.movie_id = mc.movie_id)",
                "Rows Removed by Join Filter": 0,
                "Plans": [
                  {
                    "Node Type": "Nested Loop",
                    "Parent Relationship": "Outer",
                    "Parallel Aware": false,
                    "Join Type": "Inner",
                    "Startup Cost": 176920.13,
                    "Total Cost": 177039.43,
                    "Plan Rows": 21,
                    "Plan Width": 41,
                    "Actual Startup Time": 423.452,
                    "Actual Total Time": 424.199,
                    "Actual Rows": 180,
                    "Actual Loops": 2,
                    "Inner Unique": true,
                    "Plans": [
                      {
                        "Node Type": "Merge Join",
                        "Parent Relationship": "Outer",
                        "Parallel Aware": false,
                        "Join Type": "Inner",
                        "Startup Cost": 176919.7,
                        "Total Cost": 176921.17,
                        "Plan Rows": 21,
                        "Plan Width": 20,
                        "Actual Startup Time": 423.391,
                        "Actual Total Time": 423.445,
                        "Actual Rows": 180,
                        "Actual Loops": 2,
                        "Inner Unique": true,
                        "Merge Cond": "(ci.role_id = rt.id)",
                        "Plans": [
                          {
                            "Node Type": "Sort",
                            "Parent Relationship": "Outer",
                            "Parallel Aware": false,
                            "Startup Cost": 176918.54,
                            "Total Cost": 176919.17,
                            "Plan Rows": 250,
                            "Plan Width": 24,
                            "Actual Startup Time": 423.336,
                            "Actual Total Time": 423.36,
                            "Actual Rows": 180,
                            "Actual Loops": 2,
                            "Sort Key": [
                              "ci.role_id"
                            ],
                            "Sort Method": "quicksort",
                            "Sort Space Used": 49,
                            "Sort Space Type": "Memory",
                            "Workers": [
                              {
                                "Worker Number": 0,
                                "Sort Method": "quicksort",
                                "Sort Space Used": 28,
                                "Sort Space Type": "Memory"
                              }
                            ],
                            "Plans": [
                              {
                                "Node Type": "Nested Loop",
                                "Parent Relationship": "Outer",
                                "Parallel Aware": false,
                                "Join Type": "Inner",
                                "Startup Cost": 92689.6,
                                "Total Cost": 176908.58,
                                "Plan Rows": 250,
                                "Plan Width": 24,
                                "Actual Startup Time": 340.338,
                                "Actual Total Time": 423.224,
                                "Actual Rows": 180,
                                "Actual Loops": 2,
                                "Inner Unique": false,
                                "Plans": [
                                  {
                                    "Node Type": "Hash Join",
                                    "Parent Relationship": "Outer",
                                    "Parallel Aware": true,
                                    "Join Type": "Inner",
                                    "Startup Cost": 92689.04,
                                    "Total Cost": 110778.84,
                                    "Plan Rows": 5302,
                                    "Plan Width": 24,
                                    "Actual Startup Time": 308.035,
                                    "Actual Total Time": 394.834,
                                    "Actual Rows": 2016,
                                    "Actual Loops": 2,
                                    "Inner Unique": true,
                                    "Hash Cond": "(an1.person_id = n1.id)",
                                    "Plans": [
                                      {
                                        "Node Type": "Seq Scan",
                                        "Parent Relationship": "Outer",
                                        "Parallel Aware": true,
                                        "Relation Name": "aka_name",
                                        "Alias": "an1",
                                        "Startup Cost": 0.0,
                                        "Total Cost": 16698.02,
                                        "Plan Rows": 530202,
                                        "Plan Width": 20,
                                        "Actual Startup Time": 0.02,
                                        "Actual Total Time": 46.14,
                                        "Actual Rows": 450672,
                                        "Actual Loops": 2
                                      },
                                      {
                                        "Node Type": "Hash",
                                        "Parent Relationship": "Inner",
                                        "Parallel Aware": true,
                                        "Startup Cost": 92382.65,
                                        "Total Cost": 92382.65,
                                        "Plan Rows": 24511,
                                        "Plan Width": 4,
                                        "Actual Startup Time": 306.39,
                                        "Actual Total Time": 306.391,
                                        "Actual Rows": 10456,
                                        "Actual Loops": 2,
                                        "Hash Buckets": 65536,
                                        "Original Hash Buckets": 65536,
                                        "Hash Batches": 1,
                                        "Original Hash Batches": 1,
                                        "Peak Memory Usage": 1376,
                                        "Plans": [
                                          {
                                            "Node Type": "Seq Scan",
                                            "Parent Relationship": "Outer",
                                            "Parallel Aware": true,
                                            "Relation Name": "name",
                                            "Alias": "n1",
                                            "Startup Cost": 0.0,
                                            "Total Cost": 92382.65,
                                            "Plan Rows": 24511,
                                            "Plan Width": 4,
                                            "Actual Startup Time": 0.15,
                                            "Actual Total Time": 301.883,
                                            "Actual Rows": 10456,
                                            "Actual Loops": 2,
                                            "Filter": "((name ~~ '%Yo%'::text) AND (name !~~ '%Yu%'::text))",
                                            "Rows Removed by Filter": 2073290
                                          }
                                        ]
                                      }
                                    ]
                                  },
                                  {
                                    "Node Type": "Index Scan",
                                    "Parent Relationship": "Inner",
                                    "Parallel Aware": false,
                                    "Scan Direction": "Forward",
                                    "Index Name": "person_id_cast_info",
                                    "Relation Name": "cast_info",
                                    "Alias": "ci",
                                    "Startup Cost": 0.56,
                                    "Total Cost": 12.46,
                                    "Plan Rows": 1,
                                    "Plan Width": 12,
                                    "Actual Startup Time": 0.014,
                                    "Actual Total Time": 0.014,
                                    "Actual Rows": 0,
                                    "Actual Loops": 4031,
                                    "Index Cond": "(person_id = an1.person_id)",
                                    "Rows Removed by Index Recheck": 0,
                                    "Filter": "(note = '(assistant location manager)'::text)",
                                    "Rows Removed by Filter": 28
                                  }
                                ]
                              }
                            ]
                          },
                          {
                            "Node Type": "Sort",
                            "Parent Relationship": "Inner",
                            "Parallel Aware": false,
                            "Startup Cost": 1.16,
                            "Total Cost": 1.16,
                            "Plan Rows": 1,
                            "Plan Width": 4,
                            "Actual Startup Time": 0.048,
                            "Actual Total Time": 0.049,
                            "Actual Rows": 1,
                            "Actual Loops": 2,
                            "Sort Key": [
                              "rt.id"
                            ],
                            "Sort Method": "quicksort",
                            "Sort Space Used": 25,
                            "Sort Space Type": "Memory",
                            "Workers": [
                              {
                                "Worker Number": 0,
                                "Sort Method": "quicksort",
                                "Sort Space Used": 25,
                                "Sort Space Type": "Memory"
                              }
                            ],
                            "Plans": [
                              {
                                "Node Type": "Seq Scan",
                                "Parent Relationship": "Outer",
                                "Parallel Aware": false,
                                "Relation Name": "role_type",
                                "Alias": "rt",
                                "Startup Cost": 0.0,
                                "Total Cost": 1.15,
                                "Plan Rows": 1,
                                "Plan Width": 4,
                                "Actual Startup Time": 0.027,
                                "Actual Total Time": 0.028,
                                "Actual Rows": 1,
                                "Actual Loops": 2,
                                "Filter": "((role)::text = 'miscellaneous crew'::text)",
                                "Rows Removed by Filter": 11
                              }
                            ]
                          }
                        ]
                      },
                      {
                        "Node Type": "Index Scan",
                        "Parent Relationship": "Inner",
                        "Parallel Aware": false,
                        "Scan Direction": "Forward",
                        "Index Name": "title_pkey",
                        "Relation Name": "title",
                        "Alias": "t",
                        "Startup Cost": 0.43,
                        "Total Cost": 5.63,
                        "Plan Rows": 1,
                        "Plan Width": 21,
                        "Actual Startup Time": 0.004,
                        "Actual Total Time": 0.004,
                        "Actual Rows": 1,
                        "Actual Loops": 360,
                        "Index Cond": "(id = ci.movie_id)",
                        "Rows Removed by Index Recheck": 0
                      }
                    ]
                  },
                  {
                    "Node Type": "Index Scan",
                    "Parent Relationship": "Inner",
                    "Parallel Aware": false,
                    "Scan Direction": "Forward",
                    "Index Name": "movie_id_movie_companies",
                    "Relation Name": "movie_companies",
                    "Alias": "mc",
                    "Startup Cost": 0.43,
                    "Total Cost": 0.59,
                    "Plan Rows": 1,
                    "Plan Width": 8,
                    "Actual Startup Time": 0.004,
                    "Actual Total Time": 0.004,
                    "Actual Rows": 0,
                    "Actual Loops": 360,
                    "Index Cond": "(movie_id = t.id)",
                    "Rows Removed by Index Recheck": 0,
                    "Filter": "((note ~~ '%(Japan)%'::text) AND (note !~~ '%(USA)%'::text))",
                    "Rows Removed by Filter": 3
                  }
                ]
              },
              {
                "Node Type": "Index Scan",
                "Parent Relationship": "Inner",
                "Parallel Aware": false,
                "Scan Direction": "Forward",
                "Index Name": "company_name_pkey",
                "Relation Name": "company_name",
                "Alias": "cn",
                "Startup Cost": 0.42,
                "Total Cost": 1.43,
                "Plan Rows": 1,
                "Plan Width": 4,
                "Actual Startup Time": 0.003,
                "Actual Total Time": 0.003,
                "Actual Rows": 1,
                "Actual Loops": 82,
                "Index Cond": "(id = mc.company_id)",
                "Rows Removed by Index Recheck": 0,
                "Filter": "((country_code)::text = '[jp]'::text)",
                "Rows Removed by Filter": 0
              }
            ]
          }
        ]
      }
    ]
  },
  "Planning Time": 2.541,
  "Triggers": [],
  "Execution Time": 454.605
}