[
  {
    "Bao": {
      "Bao prediction": 743.407,
      "Bao recommended hint": "SET enable_nestloop TO off; SET enable_hashjoin TO off; "
    }
  },
  {
    "Plan": {
      "Node Type": "Aggregate",
      "Strategy": "Plain",
      "Partial Mode": "Simple",
      "Parallel Aware": false,
      "Startup Cost": 1263096.89,
      "Total Cost": 1263096.9,
      "Plan Rows": 1,
      "Plan Width": 128,
      "Actual Startup Time": 7677.785,
      "Actual Total Time": 7678.067,
      "Actual Rows": 1,
      "Actual Loops": 1,
      "Plans": [
        {
          "Node Type": "Merge Join",
          "Parent Relationship": "Outer",
          "Parallel Aware": false,
          "Join Type": "Inner",
          "Startup Cost": 1079338.18,
          "Total Cost": 1263096.88,
          "Plan Rows": 1,
          "Plan Width": 81,
          "Actual Startup Time": 6319.94,
          "Actual Total Time": 7677.572,
          "Actual Rows": 2825,
          "Actual Loops": 1,
          "Inner Unique": false,
          "Merge Cond": "(n.id = ci.person_id)",
          "Plans": [
            {
              "Node Type": "Index Scan",
              "Parent Relationship": "Outer",
              "Parallel Aware": false,
              "Scan Direction": "Forward",
              "Index Name": "name_pkey",
              "Relation Name": "name",
              "Alias": "n",
              "Startup Cost": 0.43,
              "Total Cost": 178171.22,
              "Plan Rows": 4167377,
              "Plan Width": 19,
              "Actual Startup Time": 0.016,
              "Actual Total Time": 1126.636,
              "Actual Rows": 3901343,
              "Actual Loops": 1
            },
            {
              "Node Type": "Sort",
              "Parent Relationship": "Inner",
              "Parallel Aware": false,
              "Startup Cost": 1079337.75,
              "Total Cost": 1079337.76,
              "Plan Rows": 1,
              "Plan Width": 70,
              "Actual Startup Time": 6314.08,
              "Actual Total Time": 6314.67,
              "Actual Rows": 2825,
              "Actual Loops": 1,
              "Sort Key": [
                "ci.person_id"
              ],
              "Sort Method": "quicksort",
              "Sort Space Used": 318,
              "Sort Space Type": "Memory",
              "Plans": [
                {
                  "Node Type": "Merge Join",
                  "Parent Relationship": "Outer",
                  "Parallel Aware": false,
                  "Join Type": "Inner",
                  "Startup Cost": 960005.01,
                  "Total Cost": 1079337.74,
                  "Plan Rows": 1,
                  "Plan Width": 70,
                  "Actual Startup Time": 5483.129,
                  "Actual Total Time": 6313.506,
                  "Actual Rows": 2825,
                  "Actual Loops": 1,
                  "Inner Unique": false,
                  "Merge Cond": "(mi_idx.movie_id = t.id)",
                  "Plans": [
                    {
                      "Node Type": "Gather Merge",
                      "Parent Relationship": "Outer",
                      "Parallel Aware": false,
                      "Startup Cost": 437489.57,
                      "Total Cost": 440334.72,
                      "Plan Rows": 14702,
                      "Plan Width": 18,
                      "Actual Startup Time": 1613.798,
                      "Actual Total Time": 1762.327,
                      "Actual Rows": 332103,
                      "Actual Loops": 1,
                      "Workers Planned": 6,
                      "Workers Launched": 6,
                      "Plans": [
                        {
                          "Node Type": "Merge Join",
                          "Parent Relationship": "Outer",
                          "Parallel Aware": false,
                          "Join Type": "Inner",
                          "Startup Cost": 436489.48,
                          "Total Cost": 437547.79,
                          "Plan Rows": 2450,
                          "Plan Width": 18,
                          "Actual Startup Time": 1536.827,
                          "Actual Total Time": 1717.472,
                          "Actual Rows": 47605,
                          "Actual Loops": 7,
                          "Inner Unique": false,
                          "Merge Cond": "(ci.movie_id = mi_idx.movie_id)",
                          "Plans": [
                            {
                              "Node Type": "Sort",
                              "Parent Relationship": "Outer",
                              "Parallel Aware": false,
                              "Startup Cost": 367979.51,
                              "Total Cost": 368465.97,
                              "Plan Rows": 194584,
                              "Plan Width": 8,
                              "Actual Startup Time": 963.815,
                              "Actual Total Time": 989.349,
                              "Actual Rows": 177717,
                              "Actual Loops": 7,
                              "Sort Key": [
                                "ci.movie_id"
                              ],
                              "Sort Method": "quicksort",
                              "Sort Space Used": 24718,
                              "Sort Space Type": "Memory",
                              "Workers": [
                                {
                                  "Worker Number": 0,
                                  "Sort Method": "quicksort",
                                  "Sort Space Used": 13913,
                                  "Sort Space Type": "Memory"
                                },
                                {
                                  "Worker Number": 1,
                                  "Sort Method": "quicksort",
                                  "Sort Space Used": 13648,
                                  "Sort Space Type": "Memory"
                                },
                                {
                                  "Worker Number": 2,
                                  "Sort Method": "quicksort",
                                  "Sort Space Used": 13685,
                                  "Sort Space Type": "Memory"
                                },
                                {
                                  "Worker Number": 3,
                                  "Sort Method": "quicksort",
                                  "Sort Space Used": 13829,
                                  "Sort Space Type": "Memory"
                                },
                                {
                                  "Worker Number": 4,
                                  "Sort Method": "quicksort",
                                  "Sort Space Used": 13812,
                                  "Sort Space Type": "Memory"
                                },
                                {
                                  "Worker Number": 5,
                                  "Sort Method": "quicksort",
                                  "Sort Space Used": 13895,
                                  "Sort Space Type": "Memory"
                                }
                              ],
                              "Plans": [
                                {
                                  "Node Type": "Seq Scan",
                                  "Parent Relationship": "Outer",
                                  "Parallel Aware": true,
                                  "Relation Name": "cast_info",
                                  "Alias": "ci",
                                  "Startup Cost": 0.0,
                                  "Total Cost": 350885.27,
                                  "Plan Rows": 194584,
                                  "Plan Width": 8,
                                  "Actual Startup Time": 110.366,
                                  "Actual Total Time": 898.778,
                                  "Actual Rows": 177817,
                                  "Actual Loops": 7,
                                  "Filter": "(note = ANY ('{(writer),\"(head writer)\",\"(written by)\",(story),\"(story editor)\"}'::text[]))",
                                  "Rows Removed by Filter": 4999947
                                }
                              ]
                            },
                            {
                              "Node Type": "Sort",
                              "Parent Relationship": "Inner",
                              "Parallel Aware": false,
                              "Startup Cost": 68509.93,
                              "Total Cost": 68540.46,
                              "Plan Rows": 12213,
                              "Plan Width": 10,
                              "Actual Startup Time": 572.986,
                              "Actual Total Time": 618.508,
                              "Actual Rows": 466659,
                              "Actual Loops": 7,
                              "Sort Key": [
                                "mi_idx.movie_id"
                              ],
                              "Sort Method": "quicksort",
                              "Sort Space Used": 33847,
                              "Sort Space Type": "Memory",
                              "Workers": [
                                {
                                  "Worker Number": 0,
                                  "Sort Method": "quicksort",
                                  "Sort Space Used": 33847,
                                  "Sort Space Type": "Memory"
                                },
                                {
                                  "Worker Number": 1,
                                  "Sort Method": "quicksort",
                                  "Sort Space Used": 33847,
                                  "Sort Space Type": "Memory"
                                },
                                {
                                  "Worker Number": 2,
                                  "Sort Method": "quicksort",
                                  "Sort Space Used": 33847,
                                  "Sort Space Type": "Memory"
                                },
                                {
                                  "Worker Number": 3,
                                  "Sort Method": "quicksort",
                                  "Sort Space Used": 33847,
                                  "Sort Space Type": "Memory"
                                },
                                {
                                  "Worker Number": 4,
                                  "Sort Method": "quicksort",
                                  "Sort Space Used": 33847,
                                  "Sort Space Type": "Memory"
                                },
                                {
                                  "Worker Number": 5,
                                  "Sort Method": "quicksort",
                                  "Sort Space Used": 33847,
                                  "Sort Space Type": "Memory"
                                }
                              ],
                              "Plans": [
                                {
                                  "Node Type": "Merge Join",
                                  "Parent Relationship": "Outer",
                                  "Parallel Aware": false,
                                  "Join Type": "Inner",
                                  "Startup Cost": 2.86,
                                  "Total Cost": 67680.9,
                                  "Plan Rows": 12213,
                                  "Plan Width": 10,
                                  "Actual Startup Time": 218.74,
                                  "Actual Total Time": 420.177,
                                  "Actual Rows": 459925,
                                  "Actual Loops": 7,
                                  "Inner Unique": true,
                                  "Merge Cond": "(mi_idx.info_type_id = it2.id)",
                                  "Plans": [
                                    {
                                      "Node Type": "Index Scan",
                                      "Parent Relationship": "Outer",
                                      "Parallel Aware": false,
                                      "Scan Direction": "Forward",
                                      "Index Name": "info_type_id_movie_info_idx",
                                      "Relation Name": "movie_info_idx",
                                      "Alias": "mi_idx",
                                      "Startup Cost": 0.43,
                                      "Total Cost": 64106.25,
                                      "Plan Rows": 1380035,
                                      "Plan Width": 14,
                                      "Actual Startup Time": 0.066,
                                      "Actual Total Time": 288.811,
                                      "Actual Rows": 919851,
                                      "Actual Loops": 7
                                    },
                                    {
                                      "Node Type": "Sort",
                                      "Parent Relationship": "Inner",
                                      "Parallel Aware": false,
                                      "Startup Cost": 2.42,
                                      "Total Cost": 2.43,
                                      "Plan Rows": 1,
                                      "Plan Width": 4,
                                      "Actual Startup Time": 0.05,
                                      "Actual Total Time": 0.052,
                                      "Actual Rows": 1,
                                      "Actual Loops": 7,
                                      "Sort Key": [
                                        "it2.id"
                                      ],
                                      "Sort Method": "quicksort",
                                      "Sort Space Used": 25,
                                      "Sort Space Type": "Memory",
                                      "Workers": [
                                        {
                                          "Worker Number": 0,
                                          "Sort Method": "quicksort",
                                          "Sort Space Used": 25,
                                          "Sort Space Type": "Memory"
                                        },
                                        {
                                          "Worker Number": 1,
                                          "Sort Method": "quicksort",
                                          "Sort Space Used": 25,
                                          "Sort Space Type": "Memory"
                                        },
                                        {
                                          "Worker Number": 2,
                                          "Sort Method": "quicksort",
                                          "Sort Space Used": 25,
                                          "Sort Space Type": "Memory"
                                        },
                                        {
                                          "Worker Number": 3,
                                          "Sort Method": "quicksort",
                                          "Sort Space Used": 25,
                                          "Sort Space Type": "Memory"
                                        },
                                        {
                                          "Worker Number": 4,
                                          "Sort Method": "quicksort",
                                          "Sort Space Used": 25,
                                          "Sort Space Type": "Memory"
                                        },
                                        {
                                          "Worker Number": 5,
                                          "Sort Method": "quicksort",
                                          "Sort Space Used": 25,
                                          "Sort Space Type": "Memory"
                                        }
                                      ],
                                      "Plans": [
                                        {
                                          "Node Type": "Seq Scan",
                                          "Parent Relationship": "Outer",
                                          "Parallel Aware": false,
                                          "Relation Name": "info_type",
                                          "Alias": "it2",
                                          "Startup Cost": 0.0,
                                          "Total Cost": 2.41,
                                          "Plan Rows": 1,
                                          "Plan Width": 4,
                                          "Actual Startup Time": 0.043,
                                          "Actual Total Time": 0.045,
                                          "Actual Rows": 1,
                                          "Actual Loops": 7,
                                          "Filter": "((info)::text = 'votes'::text)",
                                          "Rows Removed by Filter": 112
                                        }
                                      ]
                                    }
                                  ]
                                }
                              ]
                            }
                          ]
                        }
                      ]
                    },
                    {
                      "Node Type": "Materialize",
                      "Parent Relationship": "Inner",
                      "Parallel Aware": false,
                      "Startup Cost": 522515.43,
                      "Total Cost": 638966.25,
                      "Plan Rows": 1,
                      "Plan Width": 76,
                      "Actual Startup Time": 3807.937,
                      "Actual Total Time": 4531.105,
                      "Actual Rows": 4113,
                      "Actual Loops": 1,
                      "Plans": [
                        {
                          "Node Type": "Merge Join",
                          "Parent Relationship": "Outer",
                          "Parallel Aware": false,
                          "Join Type": "Inner",
                          "Startup Cost": 522515.43,
                          "Total Cost": 638966.25,
                          "Plan Rows": 1,
                          "Plan Width": 76,
                          "Actual Startup Time": 3807.923,
                          "Actual Total Time": 4530.133,
                          "Actual Rows": 2848,
                          "Actual Loops": 1,
                          "Inner Unique": false,
                          "Merge Cond": "(t.id = mk.movie_id)",
                          "Plans": [
                            {
                              "Node Type": "Merge Join",
                              "Parent Relationship": "Outer",
                              "Parallel Aware": false,
                              "Join Type": "Inner",
                              "Startup Cost": 218365.81,
                              "Total Cost": 334951.73,
                              "Plan Rows": 1674,
                              "Plan Width": 68,
                              "Actual Startup Time": 1240.182,
                              "Actual Total Time": 2456.189,
                              "Actual Rows": 184487,
                              "Actual Loops": 1,
                              "Inner Unique": false,
                              "Merge Cond": "(t.id = mi.movie_id)",
                              "Plans": [
                                {
                                  "Node Type": "Index Scan",
                                  "Parent Relationship": "Outer",
                                  "Parallel Aware": false,
                                  "Scan Direction": "Forward",
                                  "Index Name": "title_pkey",
                                  "Relation Name": "title",
                                  "Alias": "t",
                                  "Startup Cost": 0.43,
                                  "Total Cost": 110359.06,
                                  "Plan Rows": 2528509,
                                  "Plan Width": 21,
                                  "Actual Startup Time": 0.07,
                                  "Actual Total Time": 1014.315,
                                  "Actual Rows": 2514430,
                                  "Actual Loops": 1
                                },
                                {
                                  "Node Type": "Sort",
                                  "Parent Relationship": "Inner",
                                  "Parallel Aware": false,
                                  "Startup Cost": 218362.25,
                                  "Total Cost": 218366.43,
                                  "Plan Rows": 1674,
                                  "Plan Width": 47,
                                  "Actual Startup Time": 1238.976,
                                  "Actual Total Time": 1255.27,
                                  "Actual Rows": 184487,
                                  "Actual Loops": 1,
                                  "Sort Key": [
                                    "mi.movie_id"
                                  ],
                                  "Sort Method": "quicksort",
                                  "Sort Space Used": 14891,
                                  "Sort Space Type": "Memory",
                                  "Plans": [
                                    {
                                      "Node Type": "Gather",
                                      "Parent Relationship": "Outer",
                                      "Parallel Aware": false,
                                      "Startup Cost": 217912.64,
                                      "Total Cost": 218272.61,
                                      "Plan Rows": 1674,
                                      "Plan Width": 47,
                                      "Actual Startup Time": 1167.059,
                                      "Actual Total Time": 1201.758,
                                      "Actual Rows": 186594,
                                      "Actual Loops": 1,
                                      "Workers Planned": 5,
                                      "Workers Launched": 1,
                                      "Single Copy": false,
                                      "Plans": [
                                        {
                                          "Node Type": "Merge Join",
                                          "Parent Relationship": "Outer",
                                          "Parallel Aware": false,
                                          "Join Type": "Inner",
                                          "Startup Cost": 216912.64,
                                          "Total Cost": 217105.21,
                                          "Plan Rows": 335,
                                          "Plan Width": 47,
                                          "Actual Startup Time": 1159.567,
                                          "Actual Total Time": 1173.667,
                                          "Actual Rows": 93297,
                                          "Actual Loops": 2,
                                          "Inner Unique": true,
                                          "Merge Cond": "(mi.info_type_id = it1.id)",
                                          "Plans": [
                                            {
                                              "Node Type": "Sort",
                                              "Parent Relationship": "Outer",
                                              "Parallel Aware": false,
                                              "Startup Cost": 216910.22,
                                              "Total Cost": 217004.83,
                                              "Plan Rows": 37842,
                                              "Plan Width": 51,
                                              "Actual Startup Time": 1159.501,
                                              "Actual Total Time": 1162.804,
                                              "Actual Rows": 93298,
                                              "Actual Loops": 2,
                                              "Sort Key": [
                                                "mi.info_type_id"
                                              ],
                                              "Sort Method": "quicksort",
                                              "Sort Space Used": 8179,
                                              "Sort Space Type": "Memory",
                                              "Workers": [
                                                {
                                                  "Worker Number": 0,
                                                  "Sort Method": "quicksort",
                                                  "Sort Space Used": 8144,
                                                  "Sort Space Type": "Memory"
                                                }
                                              ],
                                              "Plans": [
                                                {
                                                  "Node Type": "Seq Scan",
                                                  "Parent Relationship": "Outer",
                                                  "Parallel Aware": true,
                                                  "Relation Name": "movie_info",
                                                  "Alias": "mi",
                                                  "Startup Cost": 0.0,
                                                  "Total Cost": 214032.77,
                                                  "Plan Rows": 37842,
                                                  "Plan Width": 51,
                                                  "Actual Startup Time": 634.847,
                                                  "Actual Total Time": 1142.906,
                                                  "Actual Rows": 94486,
                                                  "Actual Loops": 2,
                                                  "Filter": "(info = ANY ('{Horror,Action,Sci-Fi,Thriller,Crime,War}'::text[]))",
                                                  "Rows Removed by Filter": 7323374
                                                }
                                              ]
                                            },
                                            {
                                              "Node Type": "Sort",
                                              "Parent Relationship": "Inner",
                                              "Parallel Aware": false,
                                              "Startup Cost": 2.42,
                                              "Total Cost": 2.43,
                                              "Plan Rows": 1,
                                              "Plan Width": 4,
                                              "Actual Startup Time": 0.059,
                                              "Actual Total Time": 0.06,
                                              "Actual Rows": 1,
                                              "Actual Loops": 2,
                                              "Sort Key": [
                                                "it1.id"
                                              ],
                                              "Sort Method": "quicksort",
                                              "Sort Space Used": 25,
                                              "Sort Space Type": "Memory",
                                              "Workers": [
                                                {
                                                  "Worker Number": 0,
                                                  "Sort Method": "quicksort",
                                                  "Sort Space Used": 25,
                                                  "Sort Space Type": "Memory"
                                                }
                                              ],
                                              "Plans": [
                                                {
                                                  "Node Type": "Seq Scan",
                                                  "Parent Relationship": "Outer",
                                                  "Parallel Aware": false,
                                                  "Relation Name": "info_type",
                                                  "Alias": "it1",
                                                  "Startup Cost": 0.0,
                                                  "Total Cost": 2.41,
                                                  "Plan Rows": 1,
                                                  "Plan Width": 4,
                                                  "Actual Startup Time": 0.038,
                                                  "Actual Total Time": 0.043,
                                                  "Actual Rows": 1,
                                                  "Actual Loops": 2,
                                                  "Filter": "((info)::text = 'genres'::text)",
                                                  "Rows Removed by Filter": 112
                                                }
                                              ]
                                            }
                                          ]
                                        }
                                      ]
                                    }
                                  ]
                                }
                              ]
                            },
                            {
                              "Node Type": "Sort",
                              "Parent Relationship": "Inner",
                              "Parallel Aware": false,
                              "Startup Cost": 304149.62,
                              "Total Cost": 304149.62,
                              "Plan Rows": 1,
                              "Plan Width": 8,
                              "Actual Startup Time": 2064.292,
                              "Actual Total Time": 2064.676,
                              "Actual Rows": 3064,
                              "Actual Loops": 1,
                              "Sort Key": [
                                "mc.movie_id"
                              ],
                              "Sort Method": "quicksort",
                              "Sort Space Used": 121,
                              "Sort Space Type": "Memory",
                              "Plans": [
                                {
                                  "Node Type": "Gather",
                                  "Parent Relationship": "Outer",
                                  "Parallel Aware": false,
                                  "Startup Cost": 304145.91,
                                  "Total Cost": 304149.61,
                                  "Plan Rows": 1,
                                  "Plan Width": 8,
                                  "Actual Startup Time": 2062.736,
                                  "Actual Total Time": 2064.121,
                                  "Actual Rows": 1551,
                                  "Actual Loops": 1,
                                  "Workers Planned": 3,
                                  "Workers Launched": 1,
                                  "Single Copy": false,
                                  "Plans": [
                                    {
                                      "Node Type": "Merge Join",
                                      "Parent Relationship": "Outer",
                                      "Parallel Aware": false,
                                      "Join Type": "Inner",
                                      "Startup Cost": 303145.91,
                                      "Total Cost": 303149.51,
                                      "Plan Rows": 1,
                                      "Plan Width": 8,
                                      "Actual Startup Time": 2056.102,
                                      "Actual Total Time": 2056.944,
                                      "Actual Rows": 776,
                                      "Actual Loops": 2,
                                      "Inner Unique": true,
                                      "Merge Cond": "(mk.keyword_id = k.id)",
                                      "Plans": [
                                        {
                                          "Node Type": "Sort",
                                          "Parent Relationship": "Outer",
                                          "Parallel Aware": false,
                                          "Startup Cost": 299681.11,
                                          "Total Cost": 299682.9,
                                          "Plan Rows": 713,
                                          "Plan Width": 12,
                                          "Actual Startup Time": 2036.564,
                                          "Actual Total Time": 2037.123,
                                          "Actual Rows": 5332,
                                          "Actual Loops": 2,
                                          "Sort Key": [
                                            "mk.keyword_id"
                                          ],
                                          "Sort Method": "quicksort",
                                          "Sort Space Used": 4061,
                                          "Sort Space Type": "Memory",
                                          "Workers": [
                                            {
                                              "Worker Number": 0,
                                              "Sort Method": "quicksort",
                                              "Sort Space Used": 1653,
                                              "Sort Space Type": "Memory"
                                            }
                                          ],
                                          "Plans": [
                                            {
                                              "Node Type": "Merge Join",
                                              "Parent Relationship": "Outer",
                                              "Parallel Aware": false,
                                              "Join Type": "Inner",
                                              "Startup Cost": 149515.76,
                                              "Total Cost": 299647.32,
                                              "Plan Rows": 713,
                                              "Plan Width": 12,
                                              "Actual Startup Time": 1556.033,
                                              "Actual Total Time": 2028.226,
                                              "Actual Rows": 36360,
                                              "Actual Loops": 2,
                                              "Inner Unique": false,
                                              "Merge Cond": "(mk.movie_id = mc.movie_id)",
                                              "Plans": [
                                                {
                                                  "Node Type": "Index Scan",
                                                  "Parent Relationship": "Outer",
                                                  "Parallel Aware": true,
                                                  "Scan Direction": "Forward",
                                                  "Index Name": "movie_id_movie_keyword",
                                                  "Relation Name": "movie_keyword",
                                                  "Alias": "mk",
                                                  "Startup Cost": 0.43,
                                                  "Total Cost": 146502.5,
                                                  "Plan Rows": 1459332,
                                                  "Plan Width": 8,
                                                  "Actual Startup Time": 0.045,
                                                  "Actual Total Time": 338.68,
                                                  "Actual Rows": 2242754,
                                                  "Actual Loops": 2
                                                },
                                                {
                                                  "Node Type": "Sort",
                                                  "Parent Relationship": "Inner",
                                                  "Parallel Aware": false,
                                                  "Startup Cost": 149515.33,
                                                  "Total Cost": 149515.97,
                                                  "Plan Rows": 255,
                                                  "Plan Width": 4,
                                                  "Actual Startup Time": 1551.947,
                                                  "Actual Total Time": 1553.507,
                                                  "Actual Rows": 37619,
                                                  "Actual Loops": 2,
                                                  "Sort Key": [
                                                    "mc.movie_id"
                                                  ],
                                                  "Sort Method": "quicksort",
                                                  "Sort Space Used": 134,
                                                  "Sort Space Type": "Memory",
                                                  "Workers": [
                                                    {
                                                      "Worker Number": 0,
                                                      "Sort Method": "quicksort",
                                                      "Sort Space Used": 134,
                                                      "Sort Space Type": "Memory"
                                                    }
                                                  ],
                                                  "Plans": [
                                                    {
                                                      "Node Type": "Merge Join",
                                                      "Parent Relationship": "Outer",
                                                      "Parallel Aware": false,
                                                      "Join Type": "Inner",
                                                      "Startup Cost": 4190.88,
                                                      "Total Cost": 149505.14,
                                                      "Plan Rows": 255,
                                                      "Plan Width": 4,
                                                      "Actual Startup Time": 454.603,
                                                      "Actual Total Time": 1551.459,
                                                      "Actual Rows": 1814,
                                                      "Actual Loops": 2,
                                                      "Inner Unique": false,
                                                      "Merge Cond": "(cn.id = mc.company_id)",
                                                      "Plans": [
                                                        {
                                                          "Node Type": "Index Scan",
                                                          "Parent Relationship": "Outer",
                                                          "Parallel Aware": false,
                                                          "Scan Direction": "Forward",
                                                          "Index Name": "company_name_pkey",
                                                          "Relation Name": "company_name",
                                                          "Alias": "cn",
                                                          "Startup Cost": 0.42,
                                                          "Total Cost": 12469.43,
                                                          "Plan Rows": 23,
                                                          "Plan Width": 4,
                                                          "Actual Startup Time": 7.131,
                                                          "Actual Total Time": 133.825,
                                                          "Actual Rows": 10,
                                                          "Actual Loops": 2,
                                                          "Filter": "(name ~~ 'Lionsgate%'::text)",
                                                          "Rows Removed by Filter": 234987
                                                        },
                                                        {
                                                          "Node Type": "Index Scan",
                                                          "Parent Relationship": "Inner",
                                                          "Parallel Aware": false,
                                                          "Scan Direction": "Forward",
                                                          "Index Name": "company_id_movie_companies",
                                                          "Relation Name": "movie_companies",
                                                          "Alias": "mc",
                                                          "Startup Cost": 0.43,
                                                          "Total Cost": 130510.28,
                                                          "Plan Rows": 2609129,
                                                          "Plan Width": 8,
                                                          "Actual Startup Time": 0.068,
                                                          "Actual Total Time": 1212.889,
                                                          "Actual Rows": 2562825,
                                                          "Actual Loops": 2
                                                        }
                                                      ]
                                                    }
                                                  ]
                                                }
                                              ]
                                            }
                                          ]
                                        },
                                        {
                                          "Node Type": "Sort",
                                          "Parent Relationship": "Inner",
                                          "Parallel Aware": false,
                                          "Startup Cost": 3464.79,
                                          "Total Cost": 3464.8,
                                          "Plan Rows": 7,
                                          "Plan Width": 4,
                                          "Actual Startup Time": 19.378,
                                          "Actual Total Time": 19.379,
                                          "Actual Rows": 7,
                                          "Actual Loops": 2,
                                          "Sort Key": [
                                            "k.id"
                                          ],
                                          "Sort Method": "quicksort",
                                          "Sort Space Used": 25,
                                          "Sort Space Type": "Memory",
                                          "Workers": [
                                            {
                                              "Worker Number": 0,
                                              "Sort Method": "quicksort",
                                              "Sort Space Used": 25,
                                              "Sort Space Type": "Memory"
                                            }
                                          ],
                                          "Plans": [
                                            {
                                              "Node Type": "Seq Scan",
                                              "Parent Relationship": "Outer",
                                              "Parallel Aware": false,
                                              "Relation Name": "keyword",
                                              "Alias": "k",
                                              "Startup Cost": 0.0,
                                              "Total Cost": 3464.69,
                                              "Plan Rows": 7,
                                              "Plan Width": 4,
                                              "Actual Startup Time": 0.564,
                                              "Actual Total Time": 19.367,
                                              "Actual Rows": 7,
                                              "Actual Loops": 2,
                                              "Filter": "(keyword = ANY ('{murder,violence,blood,gore,death,female-nudity,hospital}'::text[]))",
                                              "Rows Removed by Filter": 134163
                                            }
                                          ]
                                        }
                                      ]
                                    }
                                  ]
                                }
                              ]
                            }
                          ]
                        }
                      ]
                    }
                  ]
                }
              ]
            }
          ]
        }
      ]
    },
    "Planning Time": 1220.43,
    "Triggers": [],
    "Execution Time": 7683.105
  }
]