{
  "Plan": {
    "Node Type": "Aggregate",
    "Strategy": "Plain",
    "Partial Mode": "Finalize",
    "Parallel Aware": false,
    "Startup Cost": 549566.41,
    "Total Cost": 549566.42,
    "Plan Rows": 1,
    "Plan Width": 8,
    "Actual Startup Time": 13664.249,
    "Actual Total Time": 13719.188,
    "Actual Rows": 1,
    "Actual Loops": 1,
    "Plans": [
      {
        "Node Type": "Gather",
        "Parent Relationship": "Outer",
        "Parallel Aware": false,
        "Startup Cost": 549566.29,
        "Total Cost": 549566.4,
        "Plan Rows": 1,
        "Plan Width": 8,
        "Actual Startup Time": 13651.763,
        "Actual Total Time": 13719.18,
        "Actual Rows": 2,
        "Actual Loops": 1,
        "Workers Planned": 1,
        "Workers Launched": 1,
        "Single Copy": false,
        "Plans": [
          {
            "Node Type": "Aggregate",
            "Strategy": "Plain",
            "Partial Mode": "Partial",
            "Parent Relationship": "Outer",
            "Parallel Aware": false,
            "Startup Cost": 548566.29,
            "Total Cost": 548566.3,
            "Plan Rows": 1,
            "Plan Width": 8,
            "Actual Startup Time": 13638.453,
            "Actual Total Time": 13638.458,
            "Actual Rows": 1,
            "Actual Loops": 2,
            "Plans": [
              {
                "Node Type": "Hash Join",
                "Parent Relationship": "Outer",
                "Parallel Aware": true,
                "Join Type": "Inner",
                "Startup Cost": 159781.66,
                "Total Cost": 519831.06,
                "Plan Rows": 11494092,
                "Plan Width": 0,
                "Actual Startup Time": 1347.155,
                "Actual Total Time": 9866.346,
                "Actual Rows": 96894484,
                "Actual Loops": 2,
                "Inner Unique": false,
                "Hash Cond": "(mi.movie_id = t.id)",
                "Plans": [
                  {
                    "Node Type": "Seq Scan",
                    "Parent Relationship": "Outer",
                    "Parallel Aware": true,
                    "Relation Name": "movie_info",
                    "Alias": "mi",
                    "Startup Cost": 0.0,
                    "Total Cost": 248955.74,
                    "Plan Rows": 8696274,
                    "Plan Width": 4,
                    "Actual Startup Time": 0.016,
                    "Actual Total Time": 636.907,
                    "Actual Rows": 7417860,
                    "Actual Loops": 2
                  },
                  {
                    "Node Type": "Hash",
                    "Parent Relationship": "Inner",
                    "Parallel Aware": true,
                    "Startup Cost": 135210.26,
                    "Total Cost": 135210.26,
                    "Plan Rows": 1965712,
                    "Plan Width": 8,
                    "Actual Startup Time": 1325.325,
                    "Actual Total Time": 1325.329,
                    "Actual Rows": 1757380,
                    "Actual Loops": 2,
                    "Hash Buckets": 4194304,
                    "Original Hash Buckets": 4194304,
                    "Hash Batches": 1,
                    "Original Hash Batches": 1,
                    "Peak Memory Usage": 170304,
                    "Plans": [
                      {
                        "Node Type": "Hash Join",
                        "Parent Relationship": "Outer",
                        "Parallel Aware": true,
                        "Join Type": "Inner",
                        "Startup Cost": 71974.71,
                        "Total Cost": 135210.26,
                        "Plan Rows": 1965712,
                        "Plan Width": 8,
                        "Actual Startup Time": 515.88,
                        "Actual Total Time": 1021.256,
                        "Actual Rows": 1757380,
                        "Actual Loops": 2,
                        "Inner Unique": true,
                        "Hash Cond": "(mk.movie_id = t.id)",
                        "Plans": [
                          {
                            "Node Type": "Seq Scan",
                            "Parent Relationship": "Outer",
                            "Parallel Aware": true,
                            "Relation Name": "movie_keyword",
                            "Alias": "mk",
                            "Startup Cost": 0.0,
                            "Total Cost": 57718.19,
                            "Plan Rows": 2101844,
                            "Plan Width": 4,
                            "Actual Startup Time": 0.063,
                            "Actual Total Time": 215.793,
                            "Actual Rows": 1785056,
                            "Actual Loops": 2,
                            "Filter": "(keyword_id > 889)",
                            "Rows Removed by Filter": 476910
                          },
                          {
                            "Node Type": "Hash",
                            "Parent Relationship": "Inner",
                            "Parallel Aware": true,
                            "Startup Cost": 54588.39,
                            "Total Cost": 54588.39,
                            "Plan Rows": 1390906,
                            "Plan Width": 4,
                            "Actual Startup Time": 503.936,
                            "Actual Total Time": 503.936,
                            "Actual Rows": 1180126,
                            "Actual Loops": 2,
                            "Hash Buckets": 4194304,
                            "Original Hash Buckets": 4194304,
                            "Hash Batches": 1,
                            "Original Hash Batches": 1,
                            "Peak Memory Usage": 125120,
                            "Plans": [
                              {
                                "Node Type": "Seq Scan",
                                "Parent Relationship": "Outer",
                                "Parallel Aware": true,
                                "Relation Name": "title",
                                "Alias": "t",
                                "Startup Cost": 0.0,
                                "Total Cost": 54588.39,
                                "Plan Rows": 1390906,
                                "Plan Width": 4,
                                "Actual Startup Time": 0.034,
                                "Actual Total Time": 177.747,
                                "Actual Rows": 1180126,
                                "Actual Loops": 2,
                                "Filter": "(production_year > 1922)",
                                "Rows Removed by Filter": 84030
                              }
                            ]
                          }
                        ]
                      }
                    ]
                  }
                ]
              }
            ]
          }
        ]
      }
    ]
  },
  "Planning Time": 0.993,
  "Triggers": [],
  "Execution Time": 13719.269
}