[
  {
    "Plan": {
      "Node Type": "Aggregate",
      "Strategy": "Plain",
      "Partial Mode": "Finalize",
      "Parallel Aware": false,
      "Startup Cost": 336521.54,
      "Total Cost": 336521.55,
      "Plan Rows": 1,
      "Plan Width": 8,
      "Actual Startup Time": 747.575,
      "Actual Total Time": 791.008,
      "Actual Rows": 1,
      "Actual Loops": 1,
      "Plans": [
        {
          "Node Type": "Gather",
          "Parent Relationship": "Outer",
          "Parallel Aware": false,
          "Startup Cost": 336520.91,
          "Total Cost": 336521.52,
          "Plan Rows": 6,
          "Plan Width": 8,
          "Actual Startup Time": 747.413,
          "Actual Total Time": 790.995,
          "Actual Rows": 7,
          "Actual Loops": 1,
          "Workers Planned": 6,
          "Workers Launched": 6,
          "Single Copy": false,
          "Plans": [
            {
              "Node Type": "Aggregate",
              "Strategy": "Plain",
              "Partial Mode": "Partial",
              "Parent Relationship": "Outer",
              "Parallel Aware": false,
              "Startup Cost": 335520.91,
              "Total Cost": 335520.92,
              "Plan Rows": 1,
              "Plan Width": 8,
              "Actual Startup Time": 738.63,
              "Actual Total Time": 738.631,
              "Actual Rows": 1,
              "Actual Loops": 7,
              "Plans": [
                {
                  "Node Type": "Seq Scan",
                  "Parent Relationship": "Outer",
                  "Parallel Aware": true,
                  "Relation Name": "cast_info",
                  "Alias": "ci",
                  "Startup Cost": 0.0,
                  "Total Cost": 328211.39,
                  "Plan Rows": 2923808,
                  "Plan Width": 0,
                  "Actual Startup Time": 219.777,
                  "Actual Total Time": 616.196,
                  "Actual Rows": 2476279,
                  "Actual Loops": 7,
                  "Filter": "(person_id > 1884949)",
                  "Rows Removed by Filter": 2701484
                }
              ]
            }
          ]
        }
      ]
    },
    "Planning Time": 0.208,
    "Triggers": [],
    "Execution Time": 791.091
  }
]