{
  "Plan": {
    "Node Type": "Aggregate",
    "Strategy": "Plain",
    "Partial Mode": "Finalize",
    "Parallel Aware": false,
    "Startup Cost": 423592.67,
    "Total Cost": 423592.68,
    "Plan Rows": 1,
    "Plan Width": 8,
    "Actual Startup Time": 3698.907,
    "Actual Total Time": 3738.395,
    "Actual Rows": 1,
    "Actual Loops": 1,
    "Plans": [
      {
        "Node Type": "Gather",
        "Parent Relationship": "Outer",
        "Parallel Aware": false,
        "Startup Cost": 423592.56,
        "Total Cost": 423592.67,
        "Plan Rows": 1,
        "Plan Width": 8,
        "Actual Startup Time": 3694.228,
        "Actual Total Time": 3738.385,
        "Actual Rows": 2,
        "Actual Loops": 1,
        "Workers Planned": 1,
        "Workers Launched": 1,
        "Single Copy": false,
        "Plans": [
          {
            "Node Type": "Aggregate",
            "Strategy": "Plain",
            "Partial Mode": "Partial",
            "Parent Relationship": "Outer",
            "Parallel Aware": false,
            "Startup Cost": 422592.56,
            "Total Cost": 422592.57,
            "Plan Rows": 1,
            "Plan Width": 8,
            "Actual Startup Time": 3686.064,
            "Actual Total Time": 3686.384,
            "Actual Rows": 1,
            "Actual Loops": 2,
            "Plans": [
              {
                "Node Type": "Hash Join",
                "Parent Relationship": "Outer",
                "Parallel Aware": true,
                "Join Type": "Inner",
                "Startup Cost": 345886.4,
                "Total Cost": 419706.58,
                "Plan Rows": 1154392,
                "Plan Width": 0,
                "Actual Startup Time": 1954.03,
                "Actual Total Time": 3170.739,
                "Actual Rows": 12644346,
                "Actual Loops": 2,
                "Inner Unique": false,
                "Hash Cond": "(mk.movie_id = t.id)",
                "Plans": [
                  {
                    "Node Type": "Seq Scan",
                    "Parent Relationship": "Outer",
                    "Parallel Aware": true,
                    "Relation Name": "movie_keyword",
                    "Alias": "mk",
                    "Startup Cost": 0.0,
                    "Total Cost": 57718.19,
                    "Plan Rows": 2483052,
                    "Plan Width": 4,
                    "Actual Startup Time": 0.021,
                    "Actual Total Time": 206.88,
                    "Actual Rows": 2113752,
                    "Actual Loops": 2,
                    "Filter": "(keyword_id < 54236)",
                    "Rows Removed by Filter": 148212
                  },
                  {
                    "Node Type": "Hash",
                    "Parent Relationship": "Inner",
                    "Parallel Aware": true,
                    "Startup Cost": 337243.58,
                    "Total Cost": 337243.58,
                    "Plan Rows": 691426,
                    "Plan Width": 8,
                    "Actual Startup Time": 1853.213,
                    "Actual Total Time": 1853.531,
                    "Actual Rows": 1040536,
                    "Actual Loops": 2,
                    "Hash Buckets": 2097152,
                    "Original Hash Buckets": 2097152,
                    "Hash Batches": 1,
                    "Original Hash Batches": 1,
                    "Peak Memory Usage": 97824,
                    "Plans": [
                      {
                        "Node Type": "Hash Join",
                        "Parent Relationship": "Outer",
                        "Parallel Aware": true,
                        "Join Type": "Inner",
                        "Startup Cost": 57551.5,
                        "Total Cost": 337243.58,
                        "Plan Rows": 691426,
                        "Plan Width": 8,
                        "Actual Startup Time": 204.94,
                        "Actual Total Time": 1532.837,
                        "Actual Rows": 1040536,
                        "Actual Loops": 2,
                        "Inner Unique": true,
                        "Hash Cond": "(mi.movie_id = t.id)",
                        "Plans": [
                          {
                            "Node Type": "Seq Scan",
                            "Parent Relationship": "Outer",
                            "Parallel Aware": true,
                            "Relation Name": "movie_info",
                            "Alias": "mi",
                            "Startup Cost": 0.0,
                            "Total Cost": 270696.42,
                            "Plan Rows": 3426912,
                            "Plan Width": 4,
                            "Actual Startup Time": 0.014,
                            "Actual Total Time": 732.654,
                            "Actual Rows": 2942482,
                            "Actual Loops": 2,
                            "Filter": "(info_type_id < 7)",
                            "Rows Removed by Filter": 4475378
                          },
                          {
                            "Node Type": "Hash",
                            "Parent Relationship": "Inner",
                            "Parallel Aware": true,
                            "Startup Cost": 53800.64,
                            "Total Cost": 53800.64,
                            "Plan Rows": 300069,
                            "Plan Width": 4,
                            "Actual Startup Time": 164.125,
                            "Actual Total Time": 164.127,
                            "Actual Rows": 191054,
                            "Actual Loops": 2,
                            "Hash Buckets": 524288,
                            "Original Hash Buckets": 524288,
                            "Hash Batches": 1,
                            "Original Hash Batches": 1,
                            "Peak Memory Usage": 19072,
                            "Plans": [
                              {
                                "Node Type": "Bitmap Heap Scan",
                                "Parent Relationship": "Outer",
                                "Parallel Aware": true,
                                "Relation Name": "title",
                                "Alias": "t",
                                "Startup Cost": 11950.38,
                                "Total Cost": 53800.64,
                                "Plan Rows": 300069,
                                "Plan Width": 4,
                                "Actual Startup Time": 24.669,
                                "Actual Total Time": 104.056,
                                "Actual Rows": 191054,
                                "Actual Loops": 2,
                                "Recheck Cond": "(kind_id = 1)",
                                "Rows Removed by Index Recheck": 0,
                                "Filter": "(production_year > 1980)",
                                "Rows Removed by Filter": 140358,
                                "Exact Heap Blocks": 8852,
                                "Lossy Heap Blocks": 0,
                                "Plans": [
                                  {
                                    "Node Type": "Bitmap Index Scan",
                                    "Parent Relationship": "Outer",
                                    "Parallel Aware": false,
                                    "Index Name": "kind_id_title",
                                    "Startup Cost": 0.0,
                                    "Total Cost": 11822.85,
                                    "Plan Rows": 663256,
                                    "Plan Width": 0,
                                    "Actual Startup Time": 22.82,
                                    "Actual Total Time": 22.82,
                                    "Actual Rows": 662825,
                                    "Actual Loops": 1,
                                    "Index Cond": "(kind_id = 1)"
                                  }
                                ]
                              }
                            ]
                          }
                        ]
                      }
                    ]
                  }
                ]
              }
            ]
          }
        ]
      }
    ]
  },
  "Planning Time": 0.683,
  "Triggers": [],
  "Execution Time": 3738.503
}