{
    "Plan": {
        "Node Type": "Aggregate",
        "Strategy": "Plain",
        "Partial Mode": "Simple",
        "Parallel Aware": false,
        "Startup Cost": 120000149472.47,
        "Total Cost": 120000149472.48,
        "Plan Rows": 1,
        "Plan Width": 96,
        "Actual Startup Time": 143.285,
        "Actual Total Time": 143.294,
        "Actual Rows": 1,
        "Actual Loops": 1,
        "Output": [
            "min(cn.name)",
            "min((lt.link)::text)",
            "min(t.title)"
        ],
        "Plans": [
            {
                "Node Type": "Nested Loop",
                "Parent Relationship": "Outer",
                "Parallel Aware": false,
                "Join Type": "Inner",
                "Startup Cost": 120000000005.9,
                "Total Cost": 120000149472.46,
                "Plan Rows": 1,
                "Plan Width": 48,
                "Actual Startup Time": 23.895,
                "Actual Total Time": 143.236,
                "Actual Rows": 153,
                "Actual Loops": 1,
                "Output": [
                    "cn.name",
                    "lt.link",
                    "t.title"
                ],
                "Inner Unique": false,
                "Join Filter": "(ml.movie_id = mi.movie_id)",
                "Rows Removed by Join Filter": 0,
                "Plans": [
                    {
                        "Node Type": "Nested Loop",
                        "Parent Relationship": "Outer",
                        "Parallel Aware": false,
                        "Join Type": "Inner",
                        "Startup Cost": 110000000005.12,
                        "Total Cost": 110000149466.98,
                        "Plan Rows": 1,
                        "Plan Width": 68,
                        "Actual Startup Time": 23.779,
                        "Actual Total Time": 141.279,
                        "Actual Rows": 115,
                        "Actual Loops": 1,
                        "Output": [
                            "cc.movie_id",
                            "mc.movie_id",
                            "cn.name",
                            "mk.movie_id",
                            "ml.movie_id",
                            "lt.link",
                            "t.title",
                            "t.id"
                        ],
                        "Inner Unique": true,
                        "Plans": [
                            {
                                "Node Type": "Nested Loop",
                                "Parent Relationship": "Outer",
                                "Parallel Aware": false,
                                "Join Type": "Inner",
                                "Startup Cost": 100000000004.69,
                                "Total Cost": 100000148521.0,
                                "Plan Rows": 212,
                                "Plan Width": 72,
                                "Actual Startup Time": 23.718,
                                "Actual Total Time": 133.841,
                                "Actual Rows": 1712,
                                "Actual Loops": 1,
                                "Output": [
                                    "cc.movie_id",
                                    "mc.movie_id",
                                    "cn.name",
                                    "mk.movie_id",
                                    "mk.keyword_id",
                                    "ml.movie_id",
                                    "lt.link",
                                    "t.title",
                                    "t.id"
                                ],
                                "Inner Unique": false,
                                "Join Filter": "(ml.movie_id = mk.movie_id)",
                                "Rows Removed by Join Filter": 0,
                                "Plans": [
                                    {
                                        "Node Type": "Nested Loop",
                                        "Parent Relationship": "Outer",
                                        "Parallel Aware": false,
                                        "Join Type": "Inner",
                                        "Startup Cost": 90000000003.85,
                                        "Total Cost": 90000148491.01,
                                        "Plan Rows": 5,
                                        "Plan Width": 64,
                                        "Actual Startup Time": 23.672,
                                        "Actual Total Time": 132.382,
                                        "Actual Rows": 193,
                                        "Actual Loops": 1,
                                        "Output": [
                                            "cc.movie_id",
                                            "mc.movie_id",
                                            "cn.name",
                                            "ml.movie_id",
                                            "lt.link",
                                            "t.title",
                                            "t.id"
                                        ],
                                        "Inner Unique": true,
                                        "Plans": [
                                            {
                                                "Node Type": "Nested Loop",
                                                "Parent Relationship": "Outer",
                                                "Parallel Aware": false,
                                                "Join Type": "Inner",
                                                "Startup Cost": 80000000003.71,
                                                "Total Cost": 80000148456.3,
                                                "Plan Rows": 9,
                                                "Plan Width": 68,
                                                "Actual Startup Time": 23.664,
                                                "Actual Total Time": 131.429,
                                                "Actual Rows": 252,
                                                "Actual Loops": 1,
                                                "Output": [
                                                    "cc.movie_id",
                                                    "cc.subject_id",
                                                    "mc.movie_id",
                                                    "cn.name",
                                                    "ml.movie_id",
                                                    "lt.link",
                                                    "t.title",
                                                    "t.id"
                                                ],
                                                "Inner Unique": true,
                                                "Plans": [
                                                    {
                                                        "Node Type": "Nested Loop",
                                                        "Parent Relationship": "Outer",
                                                        "Parallel Aware": false,
                                                        "Join Type": "Inner",
                                                        "Startup Cost": 70000000003.28,
                                                        "Total Cost": 70000148264.93,
                                                        "Plan Rows": 43,
                                                        "Plan Width": 53,
                                                        "Actual Startup Time": 18.42,
                                                        "Actual Total Time": 128.225,
                                                        "Actual Rows": 599,
                                                        "Actual Loops": 1,
                                                        "Output": [
                                                            "cc.movie_id",
                                                            "cc.subject_id",
                                                            "mc.movie_id",
                                                            "mc.company_id",
                                                            "ml.movie_id",
                                                            "lt.link",
                                                            "t.title",
                                                            "t.id"
                                                        ],
                                                        "Inner Unique": true,
                                                        "Plans": [
                                                            {
                                                                "Node Type": "Nested Loop",
                                                                "Parent Relationship": "Outer",
                                                                "Parallel Aware": false,
                                                                "Join Type": "Inner",
                                                                "Startup Cost": 60000000003.14,
                                                                "Total Cost": 60000147546.07,
                                                                "Plan Rows": 173,
                                                                "Plan Width": 57,
                                                                "Actual Startup Time": 18.405,
                                                                "Actual Total Time": 125.819,
                                                                "Actual Rows": 652,
                                                                "Actual Loops": 1,
                                                                "Output": [
                                                                    "cc.movie_id",
                                                                    "cc.subject_id",
                                                                    "mc.movie_id",
                                                                    "mc.company_type_id",
                                                                    "mc.company_id",
                                                                    "ml.movie_id",
                                                                    "lt.link",
                                                                    "t.title",
                                                                    "t.id"
                                                                ],
                                                                "Inner Unique": false,
                                                                "Join Filter": "(ml.movie_id = mc.movie_id)",
                                                                "Rows Removed by Join Filter": 0,
                                                                "Plans": [
                                                                    {
                                                                        "Node Type": "Nested Loop",
                                                                        "Parent Relationship": "Outer",
                                                                        "Parallel Aware": false,
                                                                        "Join Type": "Inner",
                                                                        "Startup Cost": 50000000002.65,
                                                                        "Total Cost": 50000145827.65,
                                                                        "Plan Rows": 374,
                                                                        "Plan Width": 45,
                                                                        "Actual Startup Time": 18.314,
                                                                        "Actual Total Time": 124.532,
                                                                        "Actual Rows": 111,
                                                                        "Actual Loops": 1,
                                                                        "Output": [
                                                                            "cc.movie_id",
                                                                            "cc.subject_id",
                                                                            "ml.movie_id",
                                                                            "lt.link",
                                                                            "t.title",
                                                                            "t.id"
                                                                        ],
                                                                        "Inner Unique": true,
                                                                        "Plans": [
                                                                            {
                                                                                "Node Type": "Nested Loop",
                                                                                "Parent Relationship": "Outer",
                                                                                "Parallel Aware": false,
                                                                                "Join Type": "Inner",
                                                                                "Startup Cost": 40000000002.51,
                                                                                "Total Cost": 40000139607.15,
                                                                                "Plan Rows": 1497,
                                                                                "Plan Width": 49,
                                                                                "Actual Startup Time": 18.299,
                                                                                "Actual Total Time": 124.007,
                                                                                "Actual Rows": 138,
                                                                                "Actual Loops": 1,
                                                                                "Output": [
                                                                                    "cc.movie_id",
                                                                                    "cc.subject_id",
                                                                                    "cc.status_id",
                                                                                    "ml.movie_id",
                                                                                    "lt.link",
                                                                                    "t.title",
                                                                                    "t.id"
                                                                                ],
                                                                                "Inner Unique": false,
                                                                                "Join Filter": "(ml.movie_id = cc.movie_id)",
                                                                                "Rows Removed by Join Filter": 0,
                                                                                "Plans": [
                                                                                    {
                                                                                        "Node Type": "Nested Loop",
                                                                                        "Parent Relationship": "Outer",
                                                                                        "Parallel Aware": false,
                                                                                        "Join Type": "Inner",
                                                                                        "Startup Cost": 30000000002.07,
                                                                                        "Total Cost": 30000135353.7,
                                                                                        "Plan Rows": 948,
                                                                                        "Plan Width": 37,
                                                                                        "Actual Startup Time": 0.384,
                                                                                        "Actual Total Time": 118.394,
                                                                                        "Actual Rows": 1472,
                                                                                        "Actual Loops": 1,
                                                                                        "Output": [
                                                                                            "lt.link",
                                                                                            "ml.movie_id",
                                                                                            "t.title",
                                                                                            "t.id"
                                                                                        ],
                                                                                        "Inner Unique": true,
                                                                                        "Plans": [
                                                                                            {
                                                                                                "Node Type": "Nested Loop",
                                                                                                "Parent Relationship": "Outer",
                                                                                                "Parallel Aware": false,
                                                                                                "Join Type": "Inner",
                                                                                                "Startup Cost": 20000000000.43,
                                                                                                "Total Cost": 20000125931.19,
                                                                                                "Plan Rows": 1666,
                                                                                                "Plan Width": 16,
                                                                                                "Actual Startup Time": 0.178,
                                                                                                "Actual Total Time": 103.967,
                                                                                                "Actual Rows": 2315,
                                                                                                "Actual Loops": 1,
                                                                                                "Output": [
                                                                                                    "lt.link",
                                                                                                    "ml.movie_id"
                                                                                                ],
                                                                                                "Inner Unique": true,
                                                                                                "Plans": [
                                                                                                    {
                                                                                                        "Node Type": "Index Scan",
                                                                                                        "Parent Relationship": "Outer",
                                                                                                        "Parallel Aware": false,
                                                                                                        "Scan Direction": "Forward",
                                                                                                        "Index Name": "movie_id_movie_link",
                                                                                                        "Relation Name": "movie_link",
                                                                                                        "Schema": "public",
                                                                                                        "Alias": "ml",
                                                                                                        "Startup Cost": 10000000000.29,
                                                                                                        "Total Cost": 10000001111.51,
                                                                                                        "Plan Rows": 29997,
                                                                                                        "Plan Width": 8,
                                                                                                        "Actual Startup Time": 0.029,
                                                                                                        "Actual Total Time": 7.356,
                                                                                                        "Actual Rows": 29997,
                                                                                                        "Actual Loops": 1,
                                                                                                        "Output": [
                                                                                                            "ml.id",
                                                                                                            "ml.movie_id",
                                                                                                            "ml.linked_movie_id",
                                                                                                            "ml.link_type_id"
                                                                                                        ]
                                                                                                    },
                                                                                                    {
                                                                                                        "Node Type": "Bitmap Heap Scan",
                                                                                                        "Parent Relationship": "Inner",
                                                                                                        "Parallel Aware": false,
                                                                                                        "Relation Name": "link_type",
                                                                                                        "Schema": "public",
                                                                                                        "Alias": "lt",
                                                                                                        "Startup Cost": 0.15,
                                                                                                        "Total Cost": 4.16,
                                                                                                        "Plan Rows": 1,
                                                                                                        "Plan Width": 16,
                                                                                                        "Actual Startup Time": 0.002,
                                                                                                        "Actual Total Time": 0.002,
                                                                                                        "Actual Rows": 0,
                                                                                                        "Actual Loops": 29997,
                                                                                                        "Output": [
                                                                                                            "lt.id",
                                                                                                            "lt.link"
                                                                                                        ],
                                                                                                        "Recheck Cond": "(lt.id = ml.link_type_id)",
                                                                                                        "Rows Removed by Index Recheck": 0,
                                                                                                        "Filter": "((lt.link)::text ~~ '%follow%'::text)",
                                                                                                        "Rows Removed by Filter": 1,
                                                                                                        "Exact Heap Blocks": 29997,
                                                                                                        "Lossy Heap Blocks": 0,
                                                                                                        "Plans": [
                                                                                                            {
                                                                                                                "Node Type": "Bitmap Index Scan",
                                                                                                                "Parent Relationship": "Outer",
                                                                                                                "Parallel Aware": false,
                                                                                                                "Index Name": "link_type_pkey",
                                                                                                                "Startup Cost": 0.0,
                                                                                                                "Total Cost": 0.15,
                                                                                                                "Plan Rows": 1,
                                                                                                                "Plan Width": 0,
                                                                                                                "Actual Startup Time": 0.001,
                                                                                                                "Actual Total Time": 0.001,
                                                                                                                "Actual Rows": 1,
                                                                                                                "Actual Loops": 29997,
                                                                                                                "Index Cond": "(lt.id = ml.link_type_id)"
                                                                                                            }
                                                                                                        ]
                                                                                                    }
                                                                                                ]
                                                                                            },
                                                                                            {
                                                                                                "Node Type": "Bitmap Heap Scan",
                                                                                                "Parent Relationship": "Inner",
                                                                                                "Parallel Aware": false,
                                                                                                "Relation Name": "title",
                                                                                                "Schema": "public",
                                                                                                "Alias": "t",
                                                                                                "Startup Cost": 1.64,
                                                                                                "Total Cost": 5.66,
                                                                                                "Plan Rows": 1,
                                                                                                "Plan Width": 21,
                                                                                                "Actual Startup Time": 0.005,
                                                                                                "Actual Total Time": 0.005,
                                                                                                "Actual Rows": 1,
                                                                                                "Actual Loops": 2315,
                                                                                                "Output": [
                                                                                                    "t.id",
                                                                                                    "t.title",
                                                                                                    "t.imdb_index",
                                                                                                    "t.kind_id",
                                                                                                    "t.production_year",
                                                                                                    "t.imdb_id",
                                                                                                    "t.phonetic_code",
                                                                                                    "t.episode_of_id",
                                                                                                    "t.season_nr",
                                                                                                    "t.episode_nr",
                                                                                                    "t.series_years",
                                                                                                    "t.md5sum"
                                                                                                ],
                                                                                                "Recheck Cond": "(t.id = ml.movie_id)",
                                                                                                "Rows Removed by Index Recheck": 0,
                                                                                                "Filter": "((t.production_year >= 1994) AND (t.production_year <= 2011))",
                                                                                                "Rows Removed by Filter": 0,
                                                                                                "Exact Heap Blocks": 2315,
                                                                                                "Lossy Heap Blocks": 0,
                                                                                                "Plans": [
                                                                                                    {
                                                                                                        "Node Type": "Bitmap Index Scan",
                                                                                                        "Parent Relationship": "Outer",
                                                                                                        "Parallel Aware": false,
                                                                                                        "Index Name": "title_pkey",
                                                                                                        "Startup Cost": 0.0,
                                                                                                        "Total Cost": 1.64,
                                                                                                        "Plan Rows": 1,
                                                                                                        "Plan Width": 0,
                                                                                                        "Actual Startup Time": 0.003,
                                                                                                        "Actual Total Time": 0.003,
                                                                                                        "Actual Rows": 1,
                                                                                                        "Actual Loops": 2315,
                                                                                                        "Index Cond": "(t.id = ml.movie_id)"
                                                                                                    }
                                                                                                ]
                                                                                            }
                                                                                        ]
                                                                                    },
                                                                                    {
                                                                                        "Node Type": "Bitmap Heap Scan",
                                                                                        "Parent Relationship": "Inner",
                                                                                        "Parallel Aware": false,
                                                                                        "Relation Name": "complete_cast",
                                                                                        "Schema": "public",
                                                                                        "Alias": "cc",
                                                                                        "Startup Cost": 0.44,
                                                                                        "Total Cost": 4.46,
                                                                                        "Plan Rows": 2,
                                                                                        "Plan Width": 12,
                                                                                        "Actual Startup Time": 0.002,
                                                                                        "Actual Total Time": 0.002,
                                                                                        "Actual Rows": 0,
                                                                                        "Actual Loops": 1472,
                                                                                        "Output": [
                                                                                            "cc.id",
                                                                                            "cc.movie_id",
                                                                                            "cc.subject_id",
                                                                                            "cc.status_id"
                                                                                        ],
                                                                                        "Recheck Cond": "(cc.movie_id = t.id)",
                                                                                        "Rows Removed by Index Recheck": 0,
                                                                                        "Exact Heap Blocks": 138,
                                                                                        "Lossy Heap Blocks": 0,
                                                                                        "Plans": [
                                                                                            {
                                                                                                "Node Type": "Bitmap Index Scan",
                                                                                                "Parent Relationship": "Outer",
                                                                                                "Parallel Aware": false,
                                                                                                "Index Name": "movie_id_complete_cast",
                                                                                                "Startup Cost": 0.0,
                                                                                                "Total Cost": 0.44,
                                                                                                "Plan Rows": 2,
                                                                                                "Plan Width": 0,
                                                                                                "Actual Startup Time": 0.002,
                                                                                                "Actual Total Time": 0.002,
                                                                                                "Actual Rows": 0,
                                                                                                "Actual Loops": 1472,
                                                                                                "Index Cond": "(cc.movie_id = t.id)"
                                                                                            }
                                                                                        ]
                                                                                    }
                                                                                ]
                                                                            },
                                                                            {
                                                                                "Node Type": "Bitmap Heap Scan",
                                                                                "Parent Relationship": "Inner",
                                                                                "Parallel Aware": false,
                                                                                "Relation Name": "comp_cast_type",
                                                                                "Schema": "public",
                                                                                "Alias": "cct2",
                                                                                "Startup Cost": 0.14,
                                                                                "Total Cost": 4.15,
                                                                                "Plan Rows": 1,
                                                                                "Plan Width": 4,
                                                                                "Actual Startup Time": 0.002,
                                                                                "Actual Total Time": 0.002,
                                                                                "Actual Rows": 1,
                                                                                "Actual Loops": 138,
                                                                                "Output": [
                                                                                    "cct2.id",
                                                                                    "cct2.kind"
                                                                                ],
                                                                                "Recheck Cond": "(cct2.id = cc.status_id)",
                                                                                "Rows Removed by Index Recheck": 0,
                                                                                "Filter": "((cct2.kind)::text = 'complete'::text)",
                                                                                "Rows Removed by Filter": 0,
                                                                                "Exact Heap Blocks": 138,
                                                                                "Lossy Heap Blocks": 0,
                                                                                "Plans": [
                                                                                    {
                                                                                        "Node Type": "Bitmap Index Scan",
                                                                                        "Parent Relationship": "Outer",
                                                                                        "Parallel Aware": false,
                                                                                        "Index Name": "comp_cast_type_pkey",
                                                                                        "Startup Cost": 0.0,
                                                                                        "Total Cost": 0.14,
                                                                                        "Plan Rows": 1,
                                                                                        "Plan Width": 0,
                                                                                        "Actual Startup Time": 0.001,
                                                                                        "Actual Total Time": 0.001,
                                                                                        "Actual Rows": 1,
                                                                                        "Actual Loops": 138,
                                                                                        "Index Cond": "(cct2.id = cc.status_id)"
                                                                                    }
                                                                                ]
                                                                            }
                                                                        ]
                                                                    },
                                                                    {
                                                                        "Node Type": "Bitmap Heap Scan",
                                                                        "Parent Relationship": "Inner",
                                                                        "Parallel Aware": false,
                                                                        "Relation Name": "movie_companies",
                                                                        "Schema": "public",
                                                                        "Alias": "mc",
                                                                        "Startup Cost": 0.49,
                                                                        "Total Cost": 4.56,
                                                                        "Plan Rows": 3,
                                                                        "Plan Width": 12,
                                                                        "Actual Startup Time": 0.007,
                                                                        "Actual Total Time": 0.009,
                                                                        "Actual Rows": 6,
                                                                        "Actual Loops": 111,
                                                                        "Output": [
                                                                            "mc.id",
                                                                            "mc.movie_id",
                                                                            "mc.company_id",
                                                                            "mc.company_type_id",
                                                                            "mc.note"
                                                                        ],
                                                                        "Recheck Cond": "(mc.movie_id = t.id)",
                                                                        "Rows Removed by Index Recheck": 0,
                                                                        "Filter": "(mc.note IS NULL)",
                                                                        "Rows Removed by Filter": 2,
                                                                        "Exact Heap Blocks": 206,
                                                                        "Lossy Heap Blocks": 0,
                                                                        "Plans": [
                                                                            {
                                                                                "Node Type": "Bitmap Index Scan",
                                                                                "Parent Relationship": "Outer",
                                                                                "Parallel Aware": false,
                                                                                "Index Name": "movie_id_movie_companies",
                                                                                "Startup Cost": 0.0,
                                                                                "Total Cost": 0.49,
                                                                                "Plan Rows": 5,
                                                                                "Plan Width": 0,
                                                                                "Actual Startup Time": 0.004,
                                                                                "Actual Total Time": 0.004,
                                                                                "Actual Rows": 7,
                                                                                "Actual Loops": 111,
                                                                                "Index Cond": "(mc.movie_id = t.id)"
                                                                            }
                                                                        ]
                                                                    }
                                                                ]
                                                            },
                                                            {
                                                                "Node Type": "Bitmap Heap Scan",
                                                                "Parent Relationship": "Inner",
                                                                "Parallel Aware": false,
                                                                "Relation Name": "company_type",
                                                                "Schema": "public",
                                                                "Alias": "ct",
                                                                "Startup Cost": 0.14,
                                                                "Total Cost": 4.15,
                                                                "Plan Rows": 1,
                                                                "Plan Width": 4,
                                                                "Actual Startup Time": 0.002,
                                                                "Actual Total Time": 0.002,
                                                                "Actual Rows": 1,
                                                                "Actual Loops": 652,
                                                                "Output": [
                                                                    "ct.id",
                                                                    "ct.kind"
                                                                ],
                                                                "Recheck Cond": "(ct.id = mc.company_type_id)",
                                                                "Rows Removed by Index Recheck": 0,
                                                                "Filter": "((ct.kind)::text = 'production companies'::text)",
                                                                "Rows Removed by Filter": 0,
                                                                "Exact Heap Blocks": 652,
                                                                "Lossy Heap Blocks": 0,
                                                                "Plans": [
                                                                    {
                                                                        "Node Type": "Bitmap Index Scan",
                                                                        "Parent Relationship": "Outer",
                                                                        "Parallel Aware": false,
                                                                        "Index Name": "company_type_pkey",
                                                                        "Startup Cost": 0.0,
                                                                        "Total Cost": 0.14,
                                                                        "Plan Rows": 1,
                                                                        "Plan Width": 0,
                                                                        "Actual Startup Time": 0.001,
                                                                        "Actual Total Time": 0.001,
                                                                        "Actual Rows": 1,
                                                                        "Actual Loops": 652,
                                                                        "Index Cond": "(ct.id = mc.company_type_id)"
                                                                    }
                                                                ]
                                                            }
                                                        ]
                                                    },
                                                    {
                                                        "Node Type": "Bitmap Heap Scan",
                                                        "Parent Relationship": "Inner",
                                                        "Parallel Aware": false,
                                                        "Relation Name": "company_name",
                                                        "Schema": "public",
                                                        "Alias": "cn",
                                                        "Startup Cost": 0.43,
                                                        "Total Cost": 4.45,
                                                        "Plan Rows": 1,
                                                        "Plan Width": 23,
                                                        "Actual Startup Time": 0.004,
                                                        "Actual Total Time": 0.004,
                                                        "Actual Rows": 0,
                                                        "Actual Loops": 599,
                                                        "Output": [
                                                            "cn.id",
                                                            "cn.name",
                                                            "cn.country_code",
                                                            "cn.imdb_id",
                                                            "cn.name_pcode_nf",
                                                            "cn.name_pcode_sf",
                                                            "cn.md5sum"
                                                        ],
                                                        "Recheck Cond": "(cn.id = mc.company_id)",
                                                        "Rows Removed by Index Recheck": 0,
                                                        "Filter": "(((cn.country_code)::text <> '[pl]'::text) AND ((cn.name ~~ '%Film%'::text) OR (cn.name ~~ '%Warner%'::text)))",
                                                        "Rows Removed by Filter": 1,
                                                        "Exact Heap Blocks": 599,
                                                        "Lossy Heap Blocks": 0,
                                                        "Plans": [
                                                            {
                                                                "Node Type": "Bitmap Index Scan",
                                                                "Parent Relationship": "Outer",
                                                                "Parallel Aware": false,
                                                                "Index Name": "company_name_pkey",
                                                                "Startup Cost": 0.0,
                                                                "Total Cost": 0.43,
                                                                "Plan Rows": 1,
                                                                "Plan Width": 0,
                                                                "Actual Startup Time": 0.002,
                                                                "Actual Total Time": 0.002,
                                                                "Actual Rows": 1,
                                                                "Actual Loops": 599,
                                                                "Index Cond": "(cn.id = mc.company_id)"
                                                            }
                                                        ]
                                                    }
                                                ]
                                            },
                                            {
                                                "Node Type": "Bitmap Heap Scan",
                                                "Parent Relationship": "Inner",
                                                "Parallel Aware": false,
                                                "Relation Name": "comp_cast_type",
                                                "Schema": "public",
                                                "Alias": "cct1",
                                                "Startup Cost": 0.14,
                                                "Total Cost": 4.15,
                                                "Plan Rows": 1,
                                                "Plan Width": 4,
                                                "Actual Startup Time": 0.002,
                                                "Actual Total Time": 0.002,
                                                "Actual Rows": 1,
                                                "Actual Loops": 252,
                                                "Output": [
                                                    "cct1.id",
                                                    "cct1.kind"
                                                ],
                                                "Recheck Cond": "(cct1.id = cc.subject_id)",
                                                "Rows Removed by Index Recheck": 0,
                                                "Filter": "((cct1.kind)::text = ANY ('{complete+verified,cast}'::text[]))",
                                                "Rows Removed by Filter": 0,
                                                "Exact Heap Blocks": 252,
                                                "Lossy Heap Blocks": 0,
                                                "Plans": [
                                                    {
                                                        "Node Type": "Bitmap Index Scan",
                                                        "Parent Relationship": "Outer",
                                                        "Parallel Aware": false,
                                                        "Index Name": "comp_cast_type_pkey",
                                                        "Startup Cost": 0.0,
                                                        "Total Cost": 0.14,
                                                        "Plan Rows": 1,
                                                        "Plan Width": 0,
                                                        "Actual Startup Time": 0.001,
                                                        "Actual Total Time": 0.001,
                                                        "Actual Rows": 1,
                                                        "Actual Loops": 252,
                                                        "Index Cond": "(cct1.id = cc.subject_id)"
                                                    }
                                                ]
                                            }
                                        ]
                                    },
                                    {
                                        "Node Type": "Bitmap Heap Scan",
                                        "Parent Relationship": "Inner",
                                        "Parallel Aware": false,
                                        "Relation Name": "movie_keyword",
                                        "Schema": "public",
                                        "Alias": "mk",
                                        "Startup Cost": 0.85,
                                        "Total Cost": 5.42,
                                        "Plan Rows": 46,
                                        "Plan Width": 8,
                                        "Actual Startup Time": 0.003,
                                        "Actual Total Time": 0.004,
                                        "Actual Rows": 9,
                                        "Actual Loops": 193,
                                        "Output": [
                                            "mk.id",
                                            "mk.movie_id",
                                            "mk.keyword_id"
                                        ],
                                        "Recheck Cond": "(mk.movie_id = t.id)",
                                        "Rows Removed by Index Recheck": 0,
                                        "Exact Heap Blocks": 191,
                                        "Lossy Heap Blocks": 0,
                                        "Plans": [
                                            {
                                                "Node Type": "Bitmap Index Scan",
                                                "Parent Relationship": "Outer",
                                                "Parallel Aware": false,
                                                "Index Name": "movie_id_movie_keyword",
                                                "Startup Cost": 0.0,
                                                "Total Cost": 0.84,
                                                "Plan Rows": 46,
                                                "Plan Width": 0,
                                                "Actual Startup Time": 0.002,
                                                "Actual Total Time": 0.002,
                                                "Actual Rows": 9,
                                                "Actual Loops": 193,
                                                "Index Cond": "(mk.movie_id = t.id)"
                                            }
                                        ]
                                    }
                                ]
                            },
                            {
                                "Node Type": "Bitmap Heap Scan",
                                "Parent Relationship": "Inner",
                                "Parallel Aware": false,
                                "Relation Name": "keyword",
                                "Schema": "public",
                                "Alias": "k",
                                "Startup Cost": 0.43,
                                "Total Cost": 4.44,
                                "Plan Rows": 1,
                                "Plan Width": 4,
                                "Actual Startup Time": 0.003,
                                "Actual Total Time": 0.003,
                                "Actual Rows": 0,
                                "Actual Loops": 1712,
                                "Output": [
                                    "k.id",
                                    "k.keyword",
                                    "k.phonetic_code"
                                ],
                                "Recheck Cond": "(k.id = mk.keyword_id)",
                                "Rows Removed by Index Recheck": 0,
                                "Filter": "(k.keyword = 'sequel'::text)",
                                "Rows Removed by Filter": 1,
                                "Exact Heap Blocks": 1712,
                                "Lossy Heap Blocks": 0,
                                "Plans": [
                                    {
                                        "Node Type": "Bitmap Index Scan",
                                        "Parent Relationship": "Outer",
                                        "Parallel Aware": false,
                                        "Index Name": "keyword_pkey",
                                        "Startup Cost": 0.0,
                                        "Total Cost": 0.43,
                                        "Plan Rows": 1,
                                        "Plan Width": 0,
                                        "Actual Startup Time": 0.002,
                                        "Actual Total Time": 0.002,
                                        "Actual Rows": 1,
                                        "Actual Loops": 1712,
                                        "Index Cond": "(k.id = mk.keyword_id)"
                                    }
                                ]
                            }
                        ]
                    },
                    {
                        "Node Type": "Bitmap Heap Scan",
                        "Parent Relationship": "Inner",
                        "Parallel Aware": false,
                        "Relation Name": "movie_info",
                        "Schema": "public",
                        "Alias": "mi",
                        "Startup Cost": 0.78,
                        "Total Cost": 5.46,
                        "Plan Rows": 2,
                        "Plan Width": 4,
                        "Actual Startup Time": 0.014,
                        "Actual Total Time": 0.015,
                        "Actual Rows": 1,
                        "Actual Loops": 115,
                        "Output": [
                            "mi.id",
                            "mi.movie_id",
                            "mi.info_type_id",
                            "mi.info",
                            "mi.note"
                        ],
                        "Recheck Cond": "(mi.movie_id = mk.movie_id)",
                        "Rows Removed by Index Recheck": 0,
                        "Filter": "(mi.info = ANY ('{Germany,Danish,USA,\"For the German TV version the scenes with the pathologist Oljelund were re-shot with German actor \\\"Ottfried Fischer\\\" (qv).\"}'::text[]))",
                        "Rows Removed by Filter": 20,
                        "Exact Heap Blocks": 1450,
                        "Lossy Heap Blocks": 0,
                        "Plans": [
                            {
                                "Node Type": "Bitmap Index Scan",
                                "Parent Relationship": "Outer",
                                "Parallel Aware": false,
                                "Index Name": "movie_id_movie_info",
                                "Startup Cost": 0.0,
                                "Total Cost": 0.78,
                                "Plan Rows": 39,
                                "Plan Width": 0,
                                "Actual Startup Time": 0.004,
                                "Actual Total Time": 0.004,
                                "Actual Rows": 22,
                                "Actual Loops": 115,
                                "Index Cond": "(mi.movie_id = mk.movie_id)"
                            }
                        ]
                    }
                ]
            }
        ]
    },
    "Planning Time": 51.492,
    "Triggers": [],
    "Execution Time": 143.719
}