{
  "Plan": {
    "Node Type": "Aggregate",
    "Strategy": "Plain",
    "Partial Mode": "Finalize",
    "Parallel Aware": false,
    "Startup Cost": 101920.99,
    "Total Cost": 101921.0,
    "Plan Rows": 1,
    "Plan Width": 8,
    "Actual Startup Time": 263.642,
    "Actual Total Time": 276.387,
    "Actual Rows": 1,
    "Actual Loops": 1,
    "Plans": [
      {
        "Node Type": "Gather",
        "Parent Relationship": "Outer",
        "Parallel Aware": false,
        "Startup Cost": 101920.88,
        "Total Cost": 101920.99,
        "Plan Rows": 1,
        "Plan Width": 8,
        "Actual Startup Time": 263.455,
        "Actual Total Time": 276.379,
        "Actual Rows": 2,
        "Actual Loops": 1,
        "Workers Planned": 1,
        "Workers Launched": 1,
        "Single Copy": false,
        "Plans": [
          {
            "Node Type": "Aggregate",
            "Strategy": "Plain",
            "Partial Mode": "Partial",
            "Parent Relationship": "Outer",
            "Parallel Aware": false,
            "Startup Cost": 100920.88,
            "Total Cost": 100920.89,
            "Plan Rows": 1,
            "Plan Width": 8,
            "Actual Startup Time": 257.853,
            "Actual Total Time": 257.858,
            "Actual Rows": 1,
            "Actual Loops": 2,
            "Plans": [
              {
                "Node Type": "Hash Join",
                "Parent Relationship": "Outer",
                "Parallel Aware": true,
                "Join Type": "Inner",
                "Startup Cost": 58387.99,
                "Total Cost": 100917.88,
                "Plan Rows": 1200,
                "Plan Width": 0,
                "Actual Startup Time": 195.649,
                "Actual Total Time": 257.777,
                "Actual Rows": 952,
                "Actual Loops": 2,
                "Inner Unique": true,
                "Hash Cond": "(mc.movie_id = t.id)",
                "Plans": [
                  {
                    "Node Type": "Seq Scan",
                    "Parent Relationship": "Outer",
                    "Parallel Aware": true,
                    "Relation Name": "movie_companies",
                    "Alias": "mc",
                    "Startup Cost": 0.0,
                    "Total Cost": 41811.73,
                    "Plan Rows": 273584,
                    "Plan Width": 4,
                    "Actual Startup Time": 51.319,
                    "Actual Total Time": 102.089,
                    "Actual Rows": 132794,
                    "Actual Loops": 2,
                    "Filter": "((company_id < 3094) AND (company_type_id = 2))",
                    "Rows Removed by Filter": 1171771
                  },
                  {
                    "Node Type": "Hash",
                    "Parent Relationship": "Inner",
                    "Parallel Aware": true,
                    "Startup Cost": 58306.47,
                    "Total Cost": 58306.47,
                    "Plan Rows": 6522,
                    "Plan Width": 4,
                    "Actual Startup Time": 142.964,
                    "Actual Total Time": 142.965,
                    "Actual Rows": 5429,
                    "Actual Loops": 2,
                    "Hash Buckets": 16384,
                    "Original Hash Buckets": 16384,
                    "Hash Batches": 1,
                    "Original Hash Batches": 1,
                    "Peak Memory Usage": 576,
                    "Plans": [
                      {
                        "Node Type": "Seq Scan",
                        "Parent Relationship": "Outer",
                        "Parallel Aware": true,
                        "Relation Name": "title",
                        "Alias": "t",
                        "Startup Cost": 0.0,
                        "Total Cost": 58306.47,
                        "Plan Rows": 6522,
                        "Plan Width": 4,
                        "Actual Startup Time": 0.259,
                        "Actual Total Time": 140.927,
                        "Actual Rows": 5429,
                        "Actual Loops": 2,
                        "Filter": "((kind_id < 6) AND (production_year = 1994))",
                        "Rows Removed by Filter": 1258727
                      }
                    ]
                  }
                ]
              }
            ]
          }
        ]
      }
    ]
  },
  "Planning Time": 0.497,
  "Triggers": [],
  "Execution Time": 276.492
}