[
  {
    "Plan": {
      "Node Type": "Aggregate",
      "Strategy": "Plain",
      "Partial Mode": "Finalize",
      "Parallel Aware": false,
      "Startup Cost": 46664.02,
      "Total Cost": 46664.03,
      "Plan Rows": 1,
      "Plan Width": 8,
      "Actual Startup Time": 91.125,
      "Actual Total Time": 103.166,
      "Actual Rows": 1,
      "Actual Loops": 1,
      "Plans": [
        {
          "Node Type": "Gather",
          "Parent Relationship": "Outer",
          "Parallel Aware": false,
          "Startup Cost": 46663.6,
          "Total Cost": 46664.01,
          "Plan Rows": 4,
          "Plan Width": 8,
          "Actual Startup Time": 90.989,
          "Actual Total Time": 103.156,
          "Actual Rows": 5,
          "Actual Loops": 1,
          "Workers Planned": 4,
          "Workers Launched": 4,
          "Single Copy": false,
          "Plans": [
            {
              "Node Type": "Aggregate",
              "Strategy": "Plain",
              "Partial Mode": "Partial",
              "Parent Relationship": "Outer",
              "Parallel Aware": false,
              "Startup Cost": 45663.6,
              "Total Cost": 45663.61,
              "Plan Rows": 1,
              "Plan Width": 8,
              "Actual Startup Time": 84.699,
              "Actual Total Time": 84.7,
              "Actual Rows": 1,
              "Actual Loops": 5,
              "Plans": [
                {
                  "Node Type": "Seq Scan",
                  "Parent Relationship": "Outer",
                  "Parallel Aware": true,
                  "Relation Name": "title",
                  "Alias": "t",
                  "Startup Cost": 0.0,
                  "Total Cost": 45479.59,
                  "Plan Rows": 73606,
                  "Plan Width": 0,
                  "Actual Startup Time": 45.506,
                  "Actual Total Time": 81.218,
                  "Actual Rows": 78207,
                  "Actual Loops": 5,
                  "Filter": "((production_year < 2002) AND (kind_id = 1))",
                  "Rows Removed by Filter": 427455
                }
              ]
            }
          ]
        }
      ]
    },
    "Planning Time": 0.063,
    "Triggers": [],
    "Execution Time": 103.193
  }
]