[
  {
    "Plan": {
      "Node Type": "Aggregate",
      "Strategy": "Plain",
      "Partial Mode": "Finalize",
      "Parallel Aware": false,
      "Startup Cost": 46663.38,
      "Total Cost": 46663.39,
      "Plan Rows": 1,
      "Plan Width": 8,
      "Actual Startup Time": 92.648,
      "Actual Total Time": 103.795,
      "Actual Rows": 1,
      "Actual Loops": 1,
      "Plans": [
        {
          "Node Type": "Gather",
          "Parent Relationship": "Outer",
          "Parallel Aware": false,
          "Startup Cost": 46662.96,
          "Total Cost": 46663.37,
          "Plan Rows": 4,
          "Plan Width": 8,
          "Actual Startup Time": 92.501,
          "Actual Total Time": 103.787,
          "Actual Rows": 5,
          "Actual Loops": 1,
          "Workers Planned": 4,
          "Workers Launched": 4,
          "Single Copy": false,
          "Plans": [
            {
              "Node Type": "Aggregate",
              "Strategy": "Plain",
              "Partial Mode": "Partial",
              "Parent Relationship": "Outer",
              "Parallel Aware": false,
              "Startup Cost": 45662.96,
              "Total Cost": 45662.97,
              "Plan Rows": 1,
              "Plan Width": 8,
              "Actual Startup Time": 86.492,
              "Actual Total Time": 86.493,
              "Actual Rows": 1,
              "Actual Loops": 5,
              "Plans": [
                {
                  "Node Type": "Seq Scan",
                  "Parent Relationship": "Outer",
                  "Parallel Aware": true,
                  "Relation Name": "title",
                  "Alias": "t",
                  "Startup Cost": 0.0,
                  "Total Cost": 45479.1,
                  "Plan Rows": 73546,
                  "Plan Width": 0,
                  "Actual Startup Time": 50.181,
                  "Actual Total Time": 83.249,
                  "Actual Rows": 78207,
                  "Actual Loops": 5,
                  "Filter": "((production_year < 2002) AND (kind_id = 1))",
                  "Rows Removed by Filter": 427455
                }
              ]
            }
          ]
        }
      ]
    },
    "Planning Time": 0.122,
    "Triggers": [],
    "Execution Time": 103.836
  }
]