[
  {
    "Plan": {
      "Node Type": "Aggregate",
      "Strategy": "Plain",
      "Partial Mode": "Finalize",
      "Parallel Aware": false,
      "Startup Cost": 94264.52,
      "Total Cost": 94264.53,
      "Plan Rows": 1,
      "Plan Width": 8,
      "Actual Startup Time": 494.168,
      "Actual Total Time": 514.193,
      "Actual Rows": 1,
      "Actual Loops": 1,
      "Plans": [
        {
          "Node Type": "Gather",
          "Parent Relationship": "Outer",
          "Parallel Aware": false,
          "Startup Cost": 94264.2,
          "Total Cost": 94264.51,
          "Plan Rows": 3,
          "Plan Width": 8,
          "Actual Startup Time": 490.074,
          "Actual Total Time": 514.179,
          "Actual Rows": 4,
          "Actual Loops": 1,
          "Workers Planned": 3,
          "Workers Launched": 3,
          "Single Copy": false,
          "Plans": [
            {
              "Node Type": "Aggregate",
              "Strategy": "Plain",
              "Partial Mode": "Partial",
              "Parent Relationship": "Outer",
              "Parallel Aware": false,
              "Startup Cost": 93264.2,
              "Total Cost": 93264.21,
              "Plan Rows": 1,
              "Plan Width": 8,
              "Actual Startup Time": 481.411,
              "Actual Total Time": 481.673,
              "Actual Rows": 1,
              "Actual Loops": 4,
              "Plans": [
                {
                  "Node Type": "Hash Join",
                  "Parent Relationship": "Outer",
                  "Parallel Aware": true,
                  "Join Type": "Inner",
                  "Startup Cost": 62525.66,
                  "Total Cost": 93123.28,
                  "Plan Rows": 56369,
                  "Plan Width": 0,
                  "Actual Startup Time": 311.07,
                  "Actual Total Time": 465.084,
                  "Actual Rows": 369270,
                  "Actual Loops": 4,
                  "Inner Unique": false,
                  "Hash Cond": "(mc.movie_id = t.id)",
                  "Plans": [
                    {
                      "Node Type": "Seq Scan",
                      "Parent Relationship": "Outer",
                      "Parallel Aware": true,
                      "Relation Name": "movie_companies",
                      "Alias": "mc",
                      "Startup Cost": 0.0,
                      "Total Cost": 27206.55,
                      "Plan Rows": 841655,
                      "Plan Width": 4,
                      "Actual Startup Time": 0.021,
                      "Actual Total Time": 64.601,
                      "Actual Rows": 652282,
                      "Actual Loops": 4
                    },
                    {
                      "Node Type": "Hash",
                      "Parent Relationship": "Inner",
                      "Parallel Aware": true,
                      "Startup Cost": 61643.68,
                      "Total Cost": 61643.68,
                      "Plan Rows": 70558,
                      "Plan Width": 8,
                      "Actual Startup Time": 279.315,
                      "Actual Total Time": 279.574,
                      "Actual Rows": 99625,
                      "Actual Loops": 4,
                      "Hash Buckets": 524288,
                      "Original Hash Buckets": 262144,
                      "Hash Batches": 1,
                      "Original Hash Batches": 1,
                      "Peak Memory Usage": 21824,
                      "Plans": [
                        {
                          "Node Type": "Hash Join",
                          "Parent Relationship": "Outer",
                          "Parallel Aware": true,
                          "Join Type": "Inner",
                          "Startup Cost": 46449.12,
                          "Total Cost": 61643.68,
                          "Plan Rows": 70558,
                          "Plan Width": 8,
                          "Actual Startup Time": 184.746,
                          "Actual Total Time": 245.037,
                          "Actual Rows": 99625,
                          "Actual Loops": 4,
                          "Inner Unique": true,
                          "Hash Cond": "(mi_idx.movie_id = t.id)",
                          "Plans": [
                            {
                              "Node Type": "Seq Scan",
                              "Parent Relationship": "Outer",
                              "Parallel Aware": true,
                              "Relation Name": "movie_info_idx",
                              "Alias": "mi_idx",
                              "Startup Cost": 0.0,
                              "Total Cost": 13685.15,
                              "Plan Rows": 575015,
                              "Plan Width": 4,
                              "Actual Startup Time": 0.012,
                              "Actual Total Time": 33.299,
                              "Actual Rows": 345009,
                              "Actual Loops": 4
                            },
                            {
                              "Node Type": "Hash",
                              "Parent Relationship": "Inner",
                              "Parallel Aware": true,
                              "Startup Cost": 45479.59,
                              "Total Cost": 45479.59,
                              "Plan Rows": 77563,
                              "Plan Width": 4,
                              "Actual Startup Time": 151.214,
                              "Actual Total Time": 151.216,
                              "Actual Rows": 100185,
                              "Actual Loops": 4,
                              "Hash Buckets": 524288,
                              "Original Hash Buckets": 524288,
                              "Hash Batches": 1,
                              "Original Hash Batches": 1,
                              "Peak Memory Usage": 19808,
                              "Plans": [
                                {
                                  "Node Type": "Seq Scan",
                                  "Parent Relationship": "Outer",
                                  "Parallel Aware": true,
                                  "Relation Name": "title",
                                  "Alias": "t",
                                  "Startup Cost": 0.0,
                                  "Total Cost": 45479.59,
                                  "Plan Rows": 77563,
                                  "Plan Width": 4,
                                  "Actual Startup Time": 68.048,
                                  "Actual Total Time": 113.666,
                                  "Actual Rows": 100185,
                                  "Actual Loops": 4,
                                  "Filter": "((production_year < 2003) AND (kind_id = 1))",
                                  "Rows Removed by Filter": 531893
                                }
                              ]
                            }
                          ]
                        }
                      ]
                    }
                  ]
                }
              ]
            }
          ]
        }
      ]
    },
    "Planning Time": 1.314,
    "Triggers": [],
    "Execution Time": 514.268
  }
]