[
  {
    "Plan": {
      "Node Type": "Aggregate",
      "Strategy": "Plain",
      "Partial Mode": "Finalize",
      "Parallel Aware": false,
      "Startup Cost": 94266.26,
      "Total Cost": 94266.27,
      "Plan Rows": 1,
      "Plan Width": 8,
      "Actual Startup Time": 442.854,
      "Actual Total Time": 459.505,
      "Actual Rows": 1,
      "Actual Loops": 1,
      "Plans": [
        {
          "Node Type": "Gather",
          "Parent Relationship": "Outer",
          "Parallel Aware": false,
          "Startup Cost": 94265.94,
          "Total Cost": 94266.25,
          "Plan Rows": 3,
          "Plan Width": 8,
          "Actual Startup Time": 440.709,
          "Actual Total Time": 459.495,
          "Actual Rows": 4,
          "Actual Loops": 1,
          "Workers Planned": 3,
          "Workers Launched": 3,
          "Single Copy": false,
          "Plans": [
            {
              "Node Type": "Aggregate",
              "Strategy": "Plain",
              "Partial Mode": "Partial",
              "Parent Relationship": "Outer",
              "Parallel Aware": false,
              "Startup Cost": 93265.94,
              "Total Cost": 93265.95,
              "Plan Rows": 1,
              "Plan Width": 8,
              "Actual Startup Time": 430.466,
              "Actual Total Time": 430.68,
              "Actual Rows": 1,
              "Actual Loops": 4,
              "Plans": [
                {
                  "Node Type": "Hash Join",
                  "Parent Relationship": "Outer",
                  "Parallel Aware": true,
                  "Join Type": "Inner",
                  "Startup Cost": 62527.0,
                  "Total Cost": 93124.87,
                  "Plan Rows": 56429,
                  "Plan Width": 0,
                  "Actual Startup Time": 272.448,
                  "Actual Total Time": 415.504,
                  "Actual Rows": 369270,
                  "Actual Loops": 4,
                  "Inner Unique": false,
                  "Hash Cond": "(mc.movie_id = t.id)",
                  "Plans": [
                    {
                      "Node Type": "Seq Scan",
                      "Parent Relationship": "Outer",
                      "Parallel Aware": true,
                      "Relation Name": "movie_companies",
                      "Alias": "mc",
                      "Startup Cost": 0.0,
                      "Total Cost": 27206.55,
                      "Plan Rows": 841655,
                      "Plan Width": 4,
                      "Actual Startup Time": 0.017,
                      "Actual Total Time": 57.91,
                      "Actual Rows": 652282,
                      "Actual Loops": 4
                    },
                    {
                      "Node Type": "Hash",
                      "Parent Relationship": "Inner",
                      "Parallel Aware": true,
                      "Startup Cost": 61644.13,
                      "Total Cost": 61644.13,
                      "Plan Rows": 70629,
                      "Plan Width": 8,
                      "Actual Startup Time": 242.967,
                      "Actual Total Time": 243.18,
                      "Actual Rows": 99625,
                      "Actual Loops": 4,
                      "Hash Buckets": 524288,
                      "Original Hash Buckets": 262144,
                      "Hash Batches": 1,
                      "Original Hash Batches": 1,
                      "Peak Memory Usage": 21792,
                      "Plans": [
                        {
                          "Node Type": "Hash Join",
                          "Parent Relationship": "Outer",
                          "Parallel Aware": true,
                          "Join Type": "Inner",
                          "Startup Cost": 46449.57,
                          "Total Cost": 61644.13,
                          "Plan Rows": 70629,
                          "Plan Width": 8,
                          "Actual Startup Time": 161.421,
                          "Actual Total Time": 214.13,
                          "Actual Rows": 99625,
                          "Actual Loops": 4,
                          "Inner Unique": true,
                          "Hash Cond": "(mi_idx.movie_id = t.id)",
                          "Plans": [
                            {
                              "Node Type": "Seq Scan",
                              "Parent Relationship": "Outer",
                              "Parallel Aware": true,
                              "Relation Name": "movie_info_idx",
                              "Alias": "mi_idx",
                              "Startup Cost": 0.0,
                              "Total Cost": 13685.15,
                              "Plan Rows": 575015,
                              "Plan Width": 4,
                              "Actual Startup Time": 0.027,
                              "Actual Total Time": 27.554,
                              "Actual Rows": 345009,
                              "Actual Loops": 4
                            },
                            {
                              "Node Type": "Hash",
                              "Parent Relationship": "Inner",
                              "Parallel Aware": true,
                              "Startup Cost": 45479.1,
                              "Total Cost": 45479.1,
                              "Plan Rows": 77638,
                              "Plan Width": 4,
                              "Actual Startup Time": 131.685,
                              "Actual Total Time": 131.686,
                              "Actual Rows": 100185,
                              "Actual Loops": 4,
                              "Hash Buckets": 524288,
                              "Original Hash Buckets": 524288,
                              "Hash Batches": 1,
                              "Original Hash Batches": 1,
                              "Peak Memory Usage": 19840,
                              "Plans": [
                                {
                                  "Node Type": "Seq Scan",
                                  "Parent Relationship": "Outer",
                                  "Parallel Aware": true,
                                  "Relation Name": "title",
                                  "Alias": "t",
                                  "Startup Cost": 0.0,
                                  "Total Cost": 45479.1,
                                  "Plan Rows": 77638,
                                  "Plan Width": 4,
                                  "Actual Startup Time": 60.994,
                                  "Actual Total Time": 100.593,
                                  "Actual Rows": 100185,
                                  "Actual Loops": 4,
                                  "Filter": "((production_year < 2003) AND (kind_id = 1))",
                                  "Rows Removed by Filter": 531893
                                }
                              ]
                            }
                          ]
                        }
                      ]
                    }
                  ]
                }
              ]
            }
          ]
        }
      ]
    },
    "Planning Time": 1.371,
    "Triggers": [],
    "Execution Time": 459.585
  }
]