[
  {
    "Plan": {
      "Node Type": "Aggregate",
      "Strategy": "Plain",
      "Partial Mode": "Finalize",
      "Parallel Aware": false,
      "Startup Cost": 46123.49,
      "Total Cost": 46123.5,
      "Plan Rows": 1,
      "Plan Width": 8,
      "Actual Startup Time": 172.025,
      "Actual Total Time": 182.48,
      "Actual Rows": 1,
      "Actual Loops": 1,
      "Plans": [
        {
          "Node Type": "Gather",
          "Parent Relationship": "Outer",
          "Parallel Aware": false,
          "Startup Cost": 46123.17,
          "Total Cost": 46123.48,
          "Plan Rows": 3,
          "Plan Width": 8,
          "Actual Startup Time": 171.885,
          "Actual Total Time": 182.47,
          "Actual Rows": 4,
          "Actual Loops": 1,
          "Workers Planned": 3,
          "Workers Launched": 3,
          "Single Copy": false,
          "Plans": [
            {
              "Node Type": "Aggregate",
              "Strategy": "Plain",
              "Partial Mode": "Partial",
              "Parent Relationship": "Outer",
              "Parallel Aware": false,
              "Startup Cost": 45123.17,
              "Total Cost": 45123.18,
              "Plan Rows": 1,
              "Plan Width": 8,
              "Actual Startup Time": 163.396,
              "Actual Total Time": 163.398,
              "Actual Rows": 1,
              "Actual Loops": 4,
              "Plans": [
                {
                  "Node Type": "Seq Scan",
                  "Parent Relationship": "Outer",
                  "Parallel Aware": true,
                  "Relation Name": "movie_keyword",
                  "Alias": "mk",
                  "Startup Cost": 0.0,
                  "Total Cost": 42695.65,
                  "Plan Rows": 971007,
                  "Plan Width": 0,
                  "Actual Startup Time": 0.057,
                  "Actual Total Time": 127.807,
                  "Actual Rows": 750443,
                  "Actual Loops": 4,
                  "Filter": "(keyword_id < 10575)",
                  "Rows Removed by Filter": 380540
                }
              ]
            }
          ]
        }
      ]
    },
    "Planning Time": 0.18,
    "Triggers": [],
    "Execution Time": 182.531
  }
]