[
  {
    "Plan": {
      "Node Type": "Aggregate",
      "Strategy": "Plain",
      "Partial Mode": "Finalize",
      "Parallel Aware": false,
      "Startup Cost": 91319.19,
      "Total Cost": 91319.2,
      "Plan Rows": 1,
      "Plan Width": 8,
      "Actual Startup Time": 212.155,
      "Actual Total Time": 232.065,
      "Actual Rows": 1,
      "Actual Loops": 1,
      "Plans": [
        {
          "Node Type": "Gather",
          "Parent Relationship": "Outer",
          "Parallel Aware": false,
          "Startup Cost": 91318.87,
          "Total Cost": 91319.18,
          "Plan Rows": 3,
          "Plan Width": 8,
          "Actual Startup Time": 211.668,
          "Actual Total Time": 232.056,
          "Actual Rows": 4,
          "Actual Loops": 1,
          "Workers Planned": 3,
          "Workers Launched": 3,
          "Single Copy": false,
          "Plans": [
            {
              "Node Type": "Aggregate",
              "Strategy": "Plain",
              "Partial Mode": "Partial",
              "Parent Relationship": "Outer",
              "Parallel Aware": false,
              "Startup Cost": 90318.87,
              "Total Cost": 90318.88,
              "Plan Rows": 1,
              "Plan Width": 8,
              "Actual Startup Time": 202.381,
              "Actual Total Time": 202.385,
              "Actual Rows": 1,
              "Actual Loops": 4,
              "Plans": [
                {
                  "Node Type": "Nested Loop",
                  "Parent Relationship": "Outer",
                  "Parallel Aware": false,
                  "Join Type": "Inner",
                  "Startup Cost": 51418.38,
                  "Total Cost": 90274.67,
                  "Plan Rows": 17680,
                  "Plan Width": 0,
                  "Actual Startup Time": 120.998,
                  "Actual Total Time": 201.481,
                  "Actual Rows": 13718,
                  "Actual Loops": 4,
                  "Inner Unique": false,
                  "Join Filter": "(t.id = mi.movie_id)",
                  "Rows Removed by Join Filter": 0,
                  "Plans": [
                    {
                      "Node Type": "Hash Join",
                      "Parent Relationship": "Outer",
                      "Parallel Aware": true,
                      "Join Type": "Inner",
                      "Startup Cost": 51417.94,
                      "Total Cost": 77551.23,
                      "Plan Rows": 3024,
                      "Plan Width": 8,
                      "Actual Startup Time": 120.903,
                      "Actual Total Time": 174.063,
                      "Actual Rows": 822,
                      "Actual Loops": 4,
                      "Inner Unique": true,
                      "Hash Cond": "(mk.movie_id = t.id)",
                      "Plans": [
                        {
                          "Node Type": "Bitmap Heap Scan",
                          "Parent Relationship": "Outer",
                          "Parallel Aware": true,
                          "Relation Name": "movie_keyword",
                          "Alias": "mk",
                          "Startup Cost": 7303.87,
                          "Total Cost": 33145.71,
                          "Plan Rows": 111027,
                          "Plan Width": 4,
                          "Actual Startup Time": 21.937,
                          "Actual Total Time": 61.746,
                          "Actual Rows": 90524,
                          "Actual Loops": 4,
                          "Recheck Cond": "(keyword_id < 333)",
                          "Rows Removed by Index Recheck": 0,
                          "Exact Heap Blocks": 10111,
                          "Lossy Heap Blocks": 0,
                          "Plans": [
                            {
                              "Node Type": "Bitmap Index Scan",
                              "Parent Relationship": "Outer",
                              "Parallel Aware": false,
                              "Index Name": "keyword_id_movie_keyword",
                              "Startup Cost": 0.0,
                              "Total Cost": 7217.82,
                              "Plan Rows": 344185,
                              "Plan Width": 0,
                              "Actual Startup Time": 18.273,
                              "Actual Total Time": 18.274,
                              "Actual Rows": 362095,
                              "Actual Loops": 1,
                              "Index Cond": "(keyword_id < 333)"
                            }
                          ]
                        },
                        {
                          "Node Type": "Hash",
                          "Parent Relationship": "Inner",
                          "Parallel Aware": true,
                          "Startup Cost": 43898.92,
                          "Total Cost": 43898.92,
                          "Plan Rows": 17213,
                          "Plan Width": 4,
                          "Actual Startup Time": 96.779,
                          "Actual Total Time": 96.78,
                          "Actual Rows": 16836,
                          "Actual Loops": 4,
                          "Hash Buckets": 131072,
                          "Original Hash Buckets": 131072,
                          "Hash Batches": 1,
                          "Original Hash Batches": 1,
                          "Peak Memory Usage": 3712,
                          "Plans": [
                            {
                              "Node Type": "Seq Scan",
                              "Parent Relationship": "Outer",
                              "Parallel Aware": true,
                              "Relation Name": "title",
                              "Alias": "t",
                              "Startup Cost": 0.0,
                              "Total Cost": 43898.92,
                              "Plan Rows": 17213,
                              "Plan Width": 4,
                              "Actual Startup Time": 0.052,
                              "Actual Total Time": 89.36,
                              "Actual Rows": 16836,
                              "Actual Loops": 4,
                              "Filter": "(production_year > 2012)",
                              "Rows Removed by Filter": 615242
                            }
                          ]
                        }
                      ]
                    },
                    {
                      "Node Type": "Index Only Scan",
                      "Parent Relationship": "Inner",
                      "Parallel Aware": false,
                      "Scan Direction": "Forward",
                      "Index Name": "movie_id_movie_info",
                      "Relation Name": "movie_info",
                      "Alias": "mi",
                      "Startup Cost": 0.43,
                      "Total Cost": 3.68,
                      "Plan Rows": 42,
                      "Plan Width": 4,
                      "Actual Startup Time": 0.011,
                      "Actual Total Time": 0.031,
                      "Actual Rows": 17,
                      "Actual Loops": 3288,
                      "Index Cond": "(movie_id = mk.movie_id)",
                      "Rows Removed by Index Recheck": 0,
                      "Heap Fetches": 54871
                    }
                  ]
                }
              ]
            }
          ]
        }
      ]
    },
    "Planning Time": 1.411,
    "Triggers": [],
    "Execution Time": 232.182
  }
]