[
    {
        "Bao": {
            "Bao prediction": 445.72,
            "Bao recommended hint": "(no hint)"
        }
    },
    {
        "Plan": {
            "Node Type": "Aggregate",
            "Strategy": "Plain",
            "Partial Mode": "Finalize",
            "Parallel Aware": false,
            "Startup Cost": 44360.31,
            "Total Cost": 44360.32,
            "Plan Rows": 1,
            "Plan Width": 8,
            "Actual Startup Time": 157.28,
            "Actual Total Time": 164.337,
            "Actual Rows": 1,
            "Actual Loops": 1,
            "Output": [
                "count(*)"
            ],
            "Plans": [
                {
                    "Node Type": "Gather",
                    "Parent Relationship": "Outer",
                    "Parallel Aware": false,
                    "Startup Cost": 44359.99,
                    "Total Cost": 44360.3,
                    "Plan Rows": 3,
                    "Plan Width": 8,
                    "Actual Startup Time": 157.172,
                    "Actual Total Time": 164.328,
                    "Actual Rows": 4,
                    "Actual Loops": 1,
                    "Output": [
                        "(PARTIAL count(*))"
                    ],
                    "Workers Planned": 3,
                    "Workers Launched": 3,
                    "Single Copy": false,
                    "Plans": [
                        {
                            "Node Type": "Aggregate",
                            "Strategy": "Plain",
                            "Partial Mode": "Partial",
                            "Parent Relationship": "Outer",
                            "Parallel Aware": false,
                            "Startup Cost": 43359.99,
                            "Total Cost": 43360.0,
                            "Plan Rows": 1,
                            "Plan Width": 8,
                            "Actual Startup Time": 149.272,
                            "Actual Total Time": 149.273,
                            "Actual Rows": 1,
                            "Actual Loops": 4,
                            "Output": [
                                "PARTIAL count(*)"
                            ],
                            "Workers": [
                                {
                                    "Worker Number": 0,
                                    "Actual Startup Time": 146.661,
                                    "Actual Total Time": 146.662,
                                    "Actual Rows": 1,
                                    "Actual Loops": 1
                                },
                                {
                                    "Worker Number": 1,
                                    "Actual Startup Time": 146.672,
                                    "Actual Total Time": 146.673,
                                    "Actual Rows": 1,
                                    "Actual Loops": 1
                                },
                                {
                                    "Worker Number": 2,
                                    "Actual Startup Time": 147.143,
                                    "Actual Total Time": 147.144,
                                    "Actual Rows": 1,
                                    "Actual Loops": 1
                                }
                            ],
                            "Plans": [
                                {
                                    "Node Type": "Seq Scan",
                                    "Parent Relationship": "Outer",
                                    "Parallel Aware": true,
                                    "Relation Name": "movie_keyword",
                                    "Schema": "public",
                                    "Alias": "mk",
                                    "Startup Cost": 0.0,
                                    "Total Cost": 42695.65,
                                    "Plan Rows": 265736,
                                    "Plan Width": 0,
                                    "Actual Startup Time": 5.503,
                                    "Actual Total Time": 133.368,
                                    "Actual Rows": 201864,
                                    "Actual Loops": 4,
                                    "Output": [
                                        "id",
                                        "movie_id",
                                        "keyword_id"
                                    ],
                                    "Filter": "(mk.keyword_id > 22929)",
                                    "Rows Removed by Filter": 929118,
                                    "Workers": [
                                        {
                                            "Worker Number": 0,
                                            "Actual Startup Time": 2.906,
                                            "Actual Total Time": 131.533,
                                            "Actual Rows": 190049,
                                            "Actual Loops": 1
                                        },
                                        {
                                            "Worker Number": 1,
                                            "Actual Startup Time": 2.9,
                                            "Actual Total Time": 131.659,
                                            "Actual Rows": 188918,
                                            "Actual Loops": 1
                                        },
                                        {
                                            "Worker Number": 2,
                                            "Actual Startup Time": 3.384,
                                            "Actual Total Time": 132.061,
                                            "Actual Rows": 191936,
                                            "Actual Loops": 1
                                        }
                                    ]
                                }
                            ]
                        }
                    ]
                }
            ]
        },
        "Planning Time": 1366.248,
        "Triggers": [],
        "Execution Time": 164.416
    }
]