[
  {
    "Plan": {
      "Node Type": "Aggregate",
      "Strategy": "Plain",
      "Partial Mode": "Finalize",
      "Parallel Aware": false,
      "Startup Cost": 45284.89,
      "Total Cost": 45284.9,
      "Plan Rows": 1,
      "Plan Width": 8,
      "Actual Startup Time": 129.428,
      "Actual Total Time": 138.333,
      "Actual Rows": 1,
      "Actual Loops": 1,
      "Plans": [
        {
          "Node Type": "Gather",
          "Parent Relationship": "Outer",
          "Parallel Aware": false,
          "Startup Cost": 45284.57,
          "Total Cost": 45284.88,
          "Plan Rows": 3,
          "Plan Width": 8,
          "Actual Startup Time": 129.185,
          "Actual Total Time": 138.326,
          "Actual Rows": 4,
          "Actual Loops": 1,
          "Workers Planned": 3,
          "Workers Launched": 3,
          "Single Copy": false,
          "Plans": [
            {
              "Node Type": "Aggregate",
              "Strategy": "Plain",
              "Partial Mode": "Partial",
              "Parent Relationship": "Outer",
              "Parallel Aware": false,
              "Startup Cost": 44284.57,
              "Total Cost": 44284.58,
              "Plan Rows": 1,
              "Plan Width": 8,
              "Actual Startup Time": 125.806,
              "Actual Total Time": 125.807,
              "Actual Rows": 1,
              "Actual Loops": 4,
              "Plans": [
                {
                  "Node Type": "Seq Scan",
                  "Parent Relationship": "Outer",
                  "Parallel Aware": true,
                  "Relation Name": "movie_keyword",
                  "Alias": "mk",
                  "Startup Cost": 0.0,
                  "Total Cost": 42695.65,
                  "Plan Rows": 635567,
                  "Plan Width": 0,
                  "Actual Startup Time": 0.429,
                  "Actual Total Time": 104.332,
                  "Actual Rows": 490396,
                  "Actual Loops": 4,
                  "Filter": "(keyword_id > 6494)",
                  "Rows Removed by Filter": 640586
                }
              ]
            }
          ]
        }
      ]
    },
    "Planning Time": 0.097,
    "Triggers": [],
    "Execution Time": 138.363
  }
]