[
  {
    "Plan": {
      "Node Type": "Aggregate",
      "Strategy": "Plain",
      "Partial Mode": "Finalize",
      "Parallel Aware": false,
      "Startup Cost": 283071.63,
      "Total Cost": 283071.64,
      "Plan Rows": 1,
      "Plan Width": 8,
      "Actual Startup Time": 586.851,
      "Actual Total Time": 654.314,
      "Actual Rows": 1,
      "Actual Loops": 1,
      "Plans": [
        {
          "Node Type": "Gather",
          "Parent Relationship": "Outer",
          "Parallel Aware": false,
          "Startup Cost": 283071.11,
          "Total Cost": 283071.62,
          "Plan Rows": 5,
          "Plan Width": 8,
          "Actual Startup Time": 586.253,
          "Actual Total Time": 654.303,
          "Actual Rows": 6,
          "Actual Loops": 1,
          "Workers Planned": 5,
          "Workers Launched": 5,
          "Single Copy": false,
          "Plans": [
            {
              "Node Type": "Aggregate",
              "Strategy": "Plain",
              "Partial Mode": "Partial",
              "Parent Relationship": "Outer",
              "Parallel Aware": false,
              "Startup Cost": 282071.11,
              "Total Cost": 282071.12,
              "Plan Rows": 1,
              "Plan Width": 8,
              "Actual Startup Time": 575.682,
              "Actual Total Time": 575.687,
              "Actual Rows": 1,
              "Actual Loops": 6,
              "Plans": [
                {
                  "Node Type": "Nested Loop",
                  "Parent Relationship": "Outer",
                  "Parallel Aware": false,
                  "Join Type": "Inner",
                  "Startup Cost": 44052.43,
                  "Total Cost": 281818.05,
                  "Plan Rows": 101223,
                  "Plan Width": 0,
                  "Actual Startup Time": 108.312,
                  "Actual Total Time": 574.631,
                  "Actual Rows": 14311,
                  "Actual Loops": 6,
                  "Inner Unique": false,
                  "Join Filter": "(t.id = ci.movie_id)",
                  "Rows Removed by Join Filter": 0,
                  "Plans": [
                    {
                      "Node Type": "Hash Join",
                      "Parent Relationship": "Outer",
                      "Parallel Aware": true,
                      "Join Type": "Inner",
                      "Startup Cost": 44051.87,
                      "Total Cost": 245785.72,
                      "Plan Rows": 20514,
                      "Plan Width": 8,
                      "Actual Startup Time": 107.782,
                      "Actual Total Time": 463.69,
                      "Actual Rows": 12796,
                      "Actual Loops": 6,
                      "Inner Unique": true,
                      "Hash Cond": "(mi.movie_id = t.id)",
                      "Plans": [
                        {
                          "Node Type": "Seq Scan",
                          "Parent Relationship": "Outer",
                          "Parallel Aware": true,
                          "Relation Name": "movie_info",
                          "Alias": "mi",
                          "Startup Cost": 0.0,
                          "Total Cost": 198952.16,
                          "Plan Rows": 1059693,
                          "Plan Width": 4,
                          "Actual Startup Time": 15.888,
                          "Actual Total Time": 294.641,
                          "Actual Rows": 878428,
                          "Actual Loops": 6,
                          "Filter": "(info_type_id > 15)",
                          "Rows Removed by Filter": 1594192
                        },
                        {
                          "Node Type": "Hash",
                          "Parent Relationship": "Inner",
                          "Parallel Aware": true,
                          "Startup Cost": 43898.92,
                          "Total Cost": 43898.92,
                          "Plan Rows": 12236,
                          "Plan Width": 4,
                          "Actual Startup Time": 80.648,
                          "Actual Total Time": 80.649,
                          "Actual Rows": 8620,
                          "Actual Loops": 6,
                          "Hash Buckets": 65536,
                          "Original Hash Buckets": 65536,
                          "Hash Batches": 1,
                          "Original Hash Batches": 1,
                          "Peak Memory Usage": 2624,
                          "Plans": [
                            {
                              "Node Type": "Seq Scan",
                              "Parent Relationship": "Outer",
                              "Parallel Aware": true,
                              "Relation Name": "title",
                              "Alias": "t",
                              "Startup Cost": 0.0,
                              "Total Cost": 43898.92,
                              "Plan Rows": 12236,
                              "Plan Width": 4,
                              "Actual Startup Time": 51.797,
                              "Actual Total Time": 77.336,
                              "Actual Rows": 8620,
                              "Actual Loops": 6,
                              "Filter": "(production_year < 1914)",
                              "Rows Removed by Filter": 412765
                            }
                          ]
                        }
                      ]
                    },
                    {
                      "Node Type": "Index Scan",
                      "Parent Relationship": "Inner",
                      "Parallel Aware": false,
                      "Scan Direction": "Forward",
                      "Index Name": "movie_id_cast_info",
                      "Relation Name": "cast_info",
                      "Alias": "ci",
                      "Startup Cost": 0.56,
                      "Total Cost": 1.59,
                      "Plan Rows": 13,
                      "Plan Width": 4,
                      "Actual Startup Time": 0.005,
                      "Actual Total Time": 0.008,
                      "Actual Rows": 1,
                      "Actual Loops": 76775,
                      "Index Cond": "(movie_id = mi.movie_id)",
                      "Rows Removed by Index Recheck": 0,
                      "Filter": "(role_id = 1)",
                      "Rows Removed by Filter": 2
                    }
                  ]
                }
              ]
            }
          ]
        }
      ]
    },
    "Planning Time": 1.376,
    "Triggers": [],
    "Execution Time": 654.428
  }
]