[
    {
        "Bao": {
            "Bao prediction": "NaN",
            "Bao recommended hint": "(no hint)"
        }
    },
    {
        "Plan": {
            "Node Type": "Aggregate",
            "Strategy": "Plain",
            "Partial Mode": "Finalize",
            "Parallel Aware": false,
            "Startup Cost": 215930.07,
            "Total Cost": 215930.08,
            "Plan Rows": 1,
            "Plan Width": 8,
            "Actual Startup Time": 151.76,
            "Actual Total Time": 159.819,
            "Actual Rows": 1,
            "Actual Loops": 1,
            "Output": [
                "count(*)"
            ],
            "Plans": [
                {
                    "Node Type": "Gather",
                    "Parent Relationship": "Outer",
                    "Parallel Aware": false,
                    "Startup Cost": 215929.55,
                    "Total Cost": 215930.06,
                    "Plan Rows": 5,
                    "Plan Width": 8,
                    "Actual Startup Time": 150.719,
                    "Actual Total Time": 159.811,
                    "Actual Rows": 6,
                    "Actual Loops": 1,
                    "Output": [
                        "(PARTIAL count(*))"
                    ],
                    "Workers Planned": 5,
                    "Workers Launched": 5,
                    "Single Copy": false,
                    "Plans": [
                        {
                            "Node Type": "Aggregate",
                            "Strategy": "Plain",
                            "Partial Mode": "Partial",
                            "Parent Relationship": "Outer",
                            "Parallel Aware": false,
                            "Startup Cost": 214929.55,
                            "Total Cost": 214929.56,
                            "Plan Rows": 1,
                            "Plan Width": 8,
                            "Actual Startup Time": 140.681,
                            "Actual Total Time": 140.684,
                            "Actual Rows": 1,
                            "Actual Loops": 6,
                            "Output": [
                                "PARTIAL count(*)"
                            ],
                            "Workers": [
                                {
                                    "Worker Number": 0,
                                    "Actual Startup Time": 138.321,
                                    "Actual Total Time": 138.325,
                                    "Actual Rows": 1,
                                    "Actual Loops": 1
                                },
                                {
                                    "Worker Number": 1,
                                    "Actual Startup Time": 138.204,
                                    "Actual Total Time": 138.206,
                                    "Actual Rows": 1,
                                    "Actual Loops": 1
                                },
                                {
                                    "Worker Number": 2,
                                    "Actual Startup Time": 138.713,
                                    "Actual Total Time": 138.716,
                                    "Actual Rows": 1,
                                    "Actual Loops": 1
                                },
                                {
                                    "Worker Number": 3,
                                    "Actual Startup Time": 139.093,
                                    "Actual Total Time": 139.096,
                                    "Actual Rows": 1,
                                    "Actual Loops": 1
                                },
                                {
                                    "Worker Number": 4,
                                    "Actual Startup Time": 139.44,
                                    "Actual Total Time": 139.443,
                                    "Actual Rows": 1,
                                    "Actual Loops": 1
                                }
                            ],
                            "Plans": [
                                {
                                    "Node Type": "Hash Join",
                                    "Parent Relationship": "Outer",
                                    "Parallel Aware": true,
                                    "Join Type": "Inner",
                                    "Startup Cost": 51896.53,
                                    "Total Cost": 214925.05,
                                    "Plan Rows": 1802,
                                    "Plan Width": 0,
                                    "Actual Startup Time": 95.619,
                                    "Actual Total Time": 140.581,
                                    "Actual Rows": 993,
                                    "Actual Loops": 6,
                                    "Inner Unique": true,
                                    "Hash Cond": "(mi.movie_id = t.id)",
                                    "Workers": [
                                        {
                                            "Worker Number": 0,
                                            "Actual Startup Time": 93.518,
                                            "Actual Total Time": 138.218,
                                            "Actual Rows": 870,
                                            "Actual Loops": 1
                                        },
                                        {
                                            "Worker Number": 1,
                                            "Actual Startup Time": 93.277,
                                            "Actual Total Time": 138.11,
                                            "Actual Rows": 743,
                                            "Actual Loops": 1
                                        },
                                        {
                                            "Worker Number": 2,
                                            "Actual Startup Time": 93.454,
                                            "Actual Total Time": 138.606,
                                            "Actual Rows": 878,
                                            "Actual Loops": 1
                                        },
                                        {
                                            "Worker Number": 3,
                                            "Actual Startup Time": 93.866,
                                            "Actual Total Time": 138.996,
                                            "Actual Rows": 775,
                                            "Actual Loops": 1
                                        },
                                        {
                                            "Worker Number": 4,
                                            "Actual Startup Time": 94.526,
                                            "Actual Total Time": 139.342,
                                            "Actual Rows": 795,
                                            "Actual Loops": 1
                                        }
                                    ],
                                    "Plans": [
                                        {
                                            "Node Type": "Bitmap Heap Scan",
                                            "Parent Relationship": "Outer",
                                            "Parallel Aware": true,
                                            "Relation Name": "movie_info",
                                            "Schema": "public",
                                            "Alias": "mi",
                                            "Startup Cost": 6209.4,
                                            "Total Cost": 169058.19,
                                            "Plan Rows": 68464,
                                            "Plan Width": 4,
                                            "Actual Startup Time": 17.021,
                                            "Actual Total Time": 52.018,
                                            "Actual Rows": 54810,
                                            "Actual Loops": 6,
                                            "Output": [
                                                "mi.id",
                                                "mi.movie_id",
                                                "mi.info_type_id",
                                                "mi.info",
                                                "mi.note"
                                            ],
                                            "Recheck Cond": "(mi.info_type_id = 98)",
                                            "Rows Removed by Index Recheck": 0,
                                            "Exact Heap Blocks": 7124,
                                            "Lossy Heap Blocks": 0,
                                            "Workers": [
                                                {
                                                    "Worker Number": 0,
                                                    "Actual Startup Time": 16.929,
                                                    "Actual Total Time": 52.852,
                                                    "Actual Rows": 48199,
                                                    "Actual Loops": 1
                                                },
                                                {
                                                    "Worker Number": 1,
                                                    "Actual Startup Time": 17.282,
                                                    "Actual Total Time": 52.724,
                                                    "Actual Rows": 44919,
                                                    "Actual Loops": 1
                                                },
                                                {
                                                    "Worker Number": 2,
                                                    "Actual Startup Time": 16.938,
                                                    "Actual Total Time": 52.867,
                                                    "Actual Rows": 48244,
                                                    "Actual Loops": 1
                                                },
                                                {
                                                    "Worker Number": 3,
                                                    "Actual Startup Time": 16.951,
                                                    "Actual Total Time": 52.493,
                                                    "Actual Rows": 45211,
                                                    "Actual Loops": 1
                                                },
                                                {
                                                    "Worker Number": 4,
                                                    "Actual Startup Time": 17.12,
                                                    "Actual Total Time": 52.922,
                                                    "Actual Rows": 47887,
                                                    "Actual Loops": 1
                                                }
                                            ],
                                            "Plans": [
                                                {
                                                    "Node Type": "Bitmap Index Scan",
                                                    "Parent Relationship": "Outer",
                                                    "Parallel Aware": false,
                                                    "Index Name": "info_type_id_movie_info",
                                                    "Startup Cost": 0.0,
                                                    "Total Cost": 6123.82,
                                                    "Plan Rows": 342318,
                                                    "Plan Width": 0,
                                                    "Actual Startup Time": 13.294,
                                                    "Actual Total Time": 13.295,
                                                    "Actual Rows": 328857,
                                                    "Actual Loops": 1,
                                                    "Index Cond": "(mi.info_type_id = 98)"
                                                }
                                            ]
                                        },
                                        {
                                            "Node Type": "Hash",
                                            "Parent Relationship": "Inner",
                                            "Parallel Aware": true,
                                            "Startup Cost": 45479.21,
                                            "Total Cost": 45479.21,
                                            "Plan Rows": 16634,
                                            "Plan Width": 4,
                                            "Actual Startup Time": 77.618,
                                            "Actual Total Time": 77.619,
                                            "Actual Rows": 12495,
                                            "Actual Loops": 6,
                                            "Output": [
                                                "t.id"
                                            ],
                                            "Hash Buckets": 131072,
                                            "Original Hash Buckets": 131072,
                                            "Hash Batches": 1,
                                            "Original Hash Batches": 1,
                                            "Peak Memory Usage": 4096,
                                            "Workers": [
                                                {
                                                    "Worker Number": 0,
                                                    "Actual Startup Time": 75.474,
                                                    "Actual Total Time": 75.475,
                                                    "Actual Rows": 9904,
                                                    "Actual Loops": 1
                                                },
                                                {
                                                    "Worker Number": 1,
                                                    "Actual Startup Time": 75.277,
                                                    "Actual Total Time": 75.277,
                                                    "Actual Rows": 8371,
                                                    "Actual Loops": 1
                                                },
                                                {
                                                    "Worker Number": 2,
                                                    "Actual Startup Time": 75.857,
                                                    "Actual Total Time": 75.858,
                                                    "Actual Rows": 9817,
                                                    "Actual Loops": 1
                                                },
                                                {
                                                    "Worker Number": 3,
                                                    "Actual Startup Time": 76.238,
                                                    "Actual Total Time": 76.238,
                                                    "Actual Rows": 9446,
                                                    "Actual Loops": 1
                                                },
                                                {
                                                    "Worker Number": 4,
                                                    "Actual Startup Time": 76.549,
                                                    "Actual Total Time": 76.55,
                                                    "Actual Rows": 10165,
                                                    "Actual Loops": 1
                                                }
                                            ],
                                            "Plans": [
                                                {
                                                    "Node Type": "Seq Scan",
                                                    "Parent Relationship": "Outer",
                                                    "Parallel Aware": true,
                                                    "Relation Name": "title",
                                                    "Schema": "public",
                                                    "Alias": "t",
                                                    "Startup Cost": 0.0,
                                                    "Total Cost": 45479.21,
                                                    "Plan Rows": 16634,
                                                    "Plan Width": 4,
                                                    "Actual Startup Time": 0.05,
                                                    "Actual Total Time": 72.254,
                                                    "Actual Rows": 12495,
                                                    "Actual Loops": 6,
                                                    "Output": [
                                                        "t.id"
                                                    ],
                                                    "Filter": "((t.kind_id > 4) AND (t.production_year = 2006))",
                                                    "Rows Removed by Filter": 408890,
                                                    "Workers": [
                                                        {
                                                            "Worker Number": 0,
                                                            "Actual Startup Time": 0.049,
                                                            "Actual Total Time": 70.125,
                                                            "Actual Rows": 9904,
                                                            "Actual Loops": 1
                                                        },
                                                        {
                                                            "Worker Number": 1,
                                                            "Actual Startup Time": 0.061,
                                                            "Actual Total Time": 70.258,
                                                            "Actual Rows": 8371,
                                                            "Actual Loops": 1
                                                        },
                                                        {
                                                            "Worker Number": 2,
                                                            "Actual Startup Time": 0.064,
                                                            "Actual Total Time": 70.775,
                                                            "Actual Rows": 9817,
                                                            "Actual Loops": 1
                                                        },
                                                        {
                                                            "Worker Number": 3,
                                                            "Actual Startup Time": 0.052,
                                                            "Actual Total Time": 71.272,
                                                            "Actual Rows": 9446,
                                                            "Actual Loops": 1
                                                        },
                                                        {
                                                            "Worker Number": 4,
                                                            "Actual Startup Time": 0.058,
                                                            "Actual Total Time": 71.744,
                                                            "Actual Rows": 10165,
                                                            "Actual Loops": 1
                                                        }
                                                    ]
                                                }
                                            ]
                                        }
                                    ]
                                }
                            ]
                        }
                    ]
                }
            ]
        },
        "Planning Time": 202.827,
        "Triggers": [],
        "Execution Time": 159.892
    }
]