{
  "Plan": {
    "Node Type": "Aggregate",
    "Strategy": "Plain",
    "Partial Mode": "Finalize",
    "Parallel Aware": false,
    "Startup Cost": 52463.84,
    "Total Cost": 52463.85,
    "Plan Rows": 1,
    "Plan Width": 64,
    "Actual Startup Time": 260.051,
    "Actual Total Time": 306.218,
    "Actual Rows": 1,
    "Actual Loops": 1,
    "Plans": [
      {
        "Node Type": "Gather",
        "Parent Relationship": "Outer",
        "Parallel Aware": false,
        "Startup Cost": 52463.72,
        "Total Cost": 52463.83,
        "Plan Rows": 1,
        "Plan Width": 64,
        "Actual Startup Time": 259.778,
        "Actual Total Time": 306.206,
        "Actual Rows": 2,
        "Actual Loops": 1,
        "Workers Planned": 1,
        "Workers Launched": 1,
        "Single Copy": false,
        "Plans": [
          {
            "Node Type": "Aggregate",
            "Strategy": "Plain",
            "Partial Mode": "Partial",
            "Parent Relationship": "Outer",
            "Parallel Aware": false,
            "Startup Cost": 51463.72,
            "Total Cost": 51463.73,
            "Plan Rows": 1,
            "Plan Width": 64,
            "Actual Startup Time": 252.408,
            "Actual Total Time": 252.412,
            "Actual Rows": 1,
            "Actual Loops": 2,
            "Plans": [
              {
                "Node Type": "Nested Loop",
                "Parent Relationship": "Outer",
                "Parallel Aware": false,
                "Join Type": "Inner",
                "Startup Cost": 2.12,
                "Total Cost": 51463.71,
                "Plan Rows": 2,
                "Plan Width": 33,
                "Actual Startup Time": 17.429,
                "Actual Total Time": 252.347,
                "Actual Rows": 52,
                "Actual Loops": 2,
                "Inner Unique": true,
                "Plans": [
                  {
                    "Node Type": "Nested Loop",
                    "Parent Relationship": "Outer",
                    "Parallel Aware": false,
                    "Join Type": "Inner",
                    "Startup Cost": 1.69,
                    "Total Cost": 51452.81,
                    "Plan Rows": 2,
                    "Plan Width": 21,
                    "Actual Startup Time": 17.376,
                    "Actual Total Time": 251.646,
                    "Actual Rows": 56,
                    "Actual Loops": 2,
                    "Inner Unique": true,
                    "Plans": [
                      {
                        "Node Type": "Nested Loop",
                        "Parent Relationship": "Outer",
                        "Parallel Aware": false,
                        "Join Type": "Inner",
                        "Startup Cost": 1.55,
                        "Total Cost": 51447.95,
                        "Plan Rows": 31,
                        "Plan Width": 25,
                        "Actual Startup Time": 17.356,
                        "Actual Total Time": 251.449,
                        "Actual Rows": 76,
                        "Actual Loops": 2,
                        "Inner Unique": false,
                        "Join Filter": "(t.id = ci.movie_id)",
                        "Rows Removed by Join Filter": 0,
                        "Plans": [
                          {
                            "Node Type": "Nested Loop",
                            "Parent Relationship": "Outer",
                            "Parallel Aware": false,
                            "Join Type": "Inner",
                            "Startup Cost": 0.99,
                            "Total Cost": 44756.57,
                            "Plan Rows": 3351,
                            "Plan Width": 25,
                            "Actual Startup Time": 0.605,
                            "Actual Total Time": 62.44,
                            "Actual Rows": 2270,
                            "Actual Loops": 2,
                            "Inner Unique": true,
                            "Plans": [
                              {
                                "Node Type": "Nested Loop",
                                "Parent Relationship": "Outer",
                                "Parallel Aware": false,
                                "Join Type": "Inner",
                                "Startup Cost": 0.86,
                                "Total Cost": 44267.73,
                                "Plan Rows": 3351,
                                "Plan Width": 29,
                                "Actual Startup Time": 0.532,
                                "Actual Total Time": 59.112,
                                "Actual Rows": 2270,
                                "Actual Loops": 2,
                                "Inner Unique": true,
                                "Plans": [
                                  {
                                    "Node Type": "Nested Loop",
                                    "Parent Relationship": "Outer",
                                    "Parallel Aware": false,
                                    "Join Type": "Inner",
                                    "Startup Cost": 0.43,
                                    "Total Cost": 39966.34,
                                    "Plan Rows": 8288,
                                    "Plan Width": 8,
                                    "Actual Startup Time": 0.237,
                                    "Actual Total Time": 28.352,
                                    "Actual Rows": 4395,
                                    "Actual Loops": 2,
                                    "Inner Unique": false,
                                    "Plans": [
                                      {
                                        "Node Type": "Seq Scan",
                                        "Parent Relationship": "Outer",
                                        "Parallel Aware": true,
                                        "Relation Name": "company_name",
                                        "Alias": "cn",
                                        "Startup Cost": 0.0,
                                        "Total Cost": 4722.92,
                                        "Plan Rows": 746,
                                        "Plan Width": 4,
                                        "Actual Startup Time": 0.091,
                                        "Actual Total Time": 14.224,
                                        "Actual Rows": 680,
                                        "Actual Loops": 2,
                                        "Filter": "((country_code)::text = '[ru]'::text)",
                                        "Rows Removed by Filter": 116818
                                      },
                                      {
                                        "Node Type": "Index Scan",
                                        "Parent Relationship": "Inner",
                                        "Parallel Aware": false,
                                        "Scan Direction": "Forward",
                                        "Index Name": "company_id_movie_companies",
                                        "Relation Name": "movie_companies",
                                        "Alias": "mc",
                                        "Startup Cost": 0.43,
                                        "Total Cost": 45.94,
                                        "Plan Rows": 130,
                                        "Plan Width": 12,
                                        "Actual Startup Time": 0.008,
                                        "Actual Total Time": 0.019,
                                        "Actual Rows": 6,
                                        "Actual Loops": 1361,
                                        "Index Cond": "(company_id = cn.id)",
                                        "Rows Removed by Index Recheck": 0
                                      }
                                    ]
                                  },
                                  {
                                    "Node Type": "Index Scan",
                                    "Parent Relationship": "Inner",
                                    "Parallel Aware": false,
                                    "Scan Direction": "Forward",
                                    "Index Name": "title_pkey",
                                    "Relation Name": "title",
                                    "Alias": "t",
                                    "Startup Cost": 0.43,
                                    "Total Cost": 0.52,
                                    "Plan Rows": 1,
                                    "Plan Width": 21,
                                    "Actual Startup Time": 0.007,
                                    "Actual Total Time": 0.007,
                                    "Actual Rows": 1,
                                    "Actual Loops": 8790,
                                    "Index Cond": "(id = mc.movie_id)",
                                    "Rows Removed by Index Recheck": 0,
                                    "Filter": "(production_year > 2005)",
                                    "Rows Removed by Filter": 0
                                  }
                                ]
                              },
                              {
                                "Node Type": "Index Only Scan",
                                "Parent Relationship": "Inner",
                                "Parallel Aware": false,
                                "Scan Direction": "Forward",
                                "Index Name": "company_type_pkey",
                                "Relation Name": "company_type",
                                "Alias": "ct",
                                "Startup Cost": 0.13,
                                "Total Cost": 0.15,
                                "Plan Rows": 1,
                                "Plan Width": 4,
                                "Actual Startup Time": 0.001,
                                "Actual Total Time": 0.001,
                                "Actual Rows": 1,
                                "Actual Loops": 4539,
                                "Index Cond": "(id = mc.company_type_id)",
                                "Rows Removed by Index Recheck": 0,
                                "Heap Fetches": 4539
                              }
                            ]
                          },
                          {
                            "Node Type": "Index Scan",
                            "Parent Relationship": "Inner",
                            "Parallel Aware": false,
                            "Scan Direction": "Forward",
                            "Index Name": "movie_id_cast_info",
                            "Relation Name": "cast_info",
                            "Alias": "ci",
                            "Startup Cost": 0.56,
                            "Total Cost": 1.98,
                            "Plan Rows": 1,
                            "Plan Width": 12,
                            "Actual Startup Time": 0.079,
                            "Actual Total Time": 0.083,
                            "Actual Rows": 0,
                            "Actual Loops": 4539,
                            "Index Cond": "(movie_id = mc.movie_id)",
                            "Rows Removed by Index Recheck": 0,
                            "Filter": "((note ~~ '%(voice)%'::text) AND (note ~~ '%(uncredited)%'::text))",
                            "Rows Removed by Filter": 50
                          }
                        ]
                      },
                      {
                        "Node Type": "Index Scan",
                        "Parent Relationship": "Inner",
                        "Parallel Aware": false,
                        "Scan Direction": "Forward",
                        "Index Name": "role_type_pkey",
                        "Relation Name": "role_type",
                        "Alias": "rt",
                        "Startup Cost": 0.14,
                        "Total Cost": 0.16,
                        "Plan Rows": 1,
                        "Plan Width": 4,
                        "Actual Startup Time": 0.002,
                        "Actual Total Time": 0.002,
                        "Actual Rows": 1,
                        "Actual Loops": 151,
                        "Index Cond": "(id = ci.role_id)",
                        "Rows Removed by Index Recheck": 0,
                        "Filter": "((role)::text = 'actor'::text)",
                        "Rows Removed by Filter": 0
                      }
                    ]
                  },
                  {
                    "Node Type": "Index Scan",
                    "Parent Relationship": "Inner",
                    "Parallel Aware": false,
                    "Scan Direction": "Forward",
                    "Index Name": "char_name_pkey",
                    "Relation Name": "char_name",
                    "Alias": "chn",
                    "Startup Cost": 0.43,
                    "Total Cost": 5.45,
                    "Plan Rows": 1,
                    "Plan Width": 20,
                    "Actual Startup Time": 0.012,
                    "Actual Total Time": 0.012,
                    "Actual Rows": 1,
                    "Actual Loops": 112,
                    "Index Cond": "(id = ci.person_role_id)",
                    "Rows Removed by Index Recheck": 0
                  }
                ]
              }
            ]
          }
        ]
      }
    ]
  },
  "Planning Time": 1.539,
  "Triggers": [],
  "Execution Time": 306.385
}