{
  "Plan": {
    "Node Type": "Aggregate",
    "Strategy": "Plain",
    "Partial Mode": "Finalize",
    "Parallel Aware": false,
    "Startup Cost": 106257.23,
    "Total Cost": 106257.24,
    "Plan Rows": 1,
    "Plan Width": 8,
    "Actual Startup Time": 482.322,
    "Actual Total Time": 494.108,
    "Actual Rows": 1,
    "Actual Loops": 1,
    "Plans": [
      {
        "Node Type": "Gather",
        "Parent Relationship": "Outer",
        "Parallel Aware": false,
        "Startup Cost": 106257.12,
        "Total Cost": 106257.23,
        "Plan Rows": 1,
        "Plan Width": 8,
        "Actual Startup Time": 481.488,
        "Actual Total Time": 494.101,
        "Actual Rows": 2,
        "Actual Loops": 1,
        "Workers Planned": 1,
        "Workers Launched": 1,
        "Single Copy": false,
        "Plans": [
          {
            "Node Type": "Aggregate",
            "Strategy": "Plain",
            "Partial Mode": "Partial",
            "Parent Relationship": "Outer",
            "Parallel Aware": false,
            "Startup Cost": 105257.12,
            "Total Cost": 105257.13,
            "Plan Rows": 1,
            "Plan Width": 8,
            "Actual Startup Time": 475.228,
            "Actual Total Time": 475.233,
            "Actual Rows": 1,
            "Actual Loops": 2,
            "Plans": [
              {
                "Node Type": "Hash Join",
                "Parent Relationship": "Outer",
                "Parallel Aware": true,
                "Join Type": "Inner",
                "Startup Cost": 85771.47,
                "Total Cost": 105141.22,
                "Plan Rows": 46359,
                "Plan Width": 0,
                "Actual Startup Time": 410.542,
                "Actual Total Time": 471.033,
                "Actual Rows": 102032,
                "Actual Loops": 2,
                "Inner Unique": false,
                "Hash Cond": "(mi_idx.movie_id = t.id)",
                "Plans": [
                  {
                    "Node Type": "Seq Scan",
                    "Parent Relationship": "Outer",
                    "Parallel Aware": true,
                    "Relation Name": "movie_info_idx",
                    "Alias": "mi_idx",
                    "Startup Cost": 0.0,
                    "Total Cost": 16052.85,
                    "Plan Rows": 811785,
                    "Plan Width": 4,
                    "Actual Startup Time": 0.017,
                    "Actual Total Time": 47.684,
                    "Actual Rows": 690018,
                    "Actual Loops": 2
                  },
                  {
                    "Node Type": "Hash",
                    "Parent Relationship": "Inner",
                    "Parallel Aware": true,
                    "Startup Cost": 84709.82,
                    "Total Cost": 84709.82,
                    "Plan Rows": 84932,
                    "Plan Width": 8,
                    "Actual Startup Time": 350.9,
                    "Actual Total Time": 350.904,
                    "Actual Rows": 70494,
                    "Actual Loops": 2,
                    "Hash Buckets": 262144,
                    "Original Hash Buckets": 262144,
                    "Hash Batches": 1,
                    "Original Hash Batches": 1,
                    "Peak Memory Usage": 7616,
                    "Plans": [
                      {
                        "Node Type": "Hash Join",
                        "Parent Relationship": "Outer",
                        "Parallel Aware": true,
                        "Join Type": "Inner",
                        "Startup Cost": 24044.72,
                        "Total Cost": 84709.82,
                        "Plan Rows": 84932,
                        "Plan Width": 8,
                        "Actual Startup Time": 230.297,
                        "Actual Total Time": 334.772,
                        "Actual Rows": 70494,
                        "Actual Loops": 2,
                        "Inner Unique": false,
                        "Hash Cond": "(t.id = mc.movie_id)",
                        "Plans": [
                          {
                            "Node Type": "Seq Scan",
                            "Parent Relationship": "Outer",
                            "Parallel Aware": true,
                            "Relation Name": "title",
                            "Alias": "t",
                            "Startup Cost": 0.0,
                            "Total Cost": 50870.31,
                            "Plan Rows": 1487231,
                            "Plan Width": 4,
                            "Actual Startup Time": 0.01,
                            "Actual Total Time": 115.896,
                            "Actual Rows": 1264156,
                            "Actual Loops": 2
                          },
                          {
                            "Node Type": "Hash",
                            "Parent Relationship": "Inner",
                            "Parallel Aware": true,
                            "Startup Cost": 22983.07,
                            "Total Cost": 22983.07,
                            "Plan Rows": 84932,
                            "Plan Width": 4,
                            "Actual Startup Time": 55.637,
                            "Actual Total Time": 55.638,
                            "Actual Rows": 70494,
                            "Actual Loops": 2,
                            "Hash Buckets": 262144,
                            "Original Hash Buckets": 262144,
                            "Hash Batches": 1,
                            "Original Hash Batches": 1,
                            "Peak Memory Usage": 7616,
                            "Plans": [
                              {
                                "Node Type": "Bitmap Heap Scan",
                                "Parent Relationship": "Outer",
                                "Parallel Aware": true,
                                "Relation Name": "movie_companies",
                                "Alias": "mc",
                                "Startup Cost": 3131.41,
                                "Total Cost": 22983.07,
                                "Plan Rows": 84932,
                                "Plan Width": 4,
                                "Actual Startup Time": 13.781,
                                "Actual Total Time": 38.932,
                                "Actual Rows": 70494,
                                "Actual Loops": 2,
                                "Recheck Cond": "(company_id > 135908)",
                                "Rows Removed by Index Recheck": 0,
                                "Exact Heap Blocks": 2900,
                                "Lossy Heap Blocks": 0,
                                "Plans": [
                                  {
                                    "Node Type": "Bitmap Index Scan",
                                    "Parent Relationship": "Outer",
                                    "Parallel Aware": false,
                                    "Index Name": "company_id_movie_companies",
                                    "Startup Cost": 0.0,
                                    "Total Cost": 3095.32,
                                    "Plan Rows": 144385,
                                    "Plan Width": 0,
                                    "Actual Startup Time": 13.242,
                                    "Actual Total Time": 13.242,
                                    "Actual Rows": 140988,
                                    "Actual Loops": 1,
                                    "Index Cond": "(company_id > 135908)"
                                  }
                                ]
                              }
                            ]
                          }
                        ]
                      }
                    ]
                  }
                ]
              }
            ]
          }
        ]
      }
    ]
  },
  "Planning Time": 1.123,
  "Triggers": [],
  "Execution Time": 494.209
}