[
  {
    "Plan": {
      "Node Type": "Aggregate",
      "Strategy": "Plain",
      "Partial Mode": "Finalize",
      "Parallel Aware": false,
      "Startup Cost": 44498.66,
      "Total Cost": 44498.67,
      "Plan Rows": 1,
      "Plan Width": 8,
      "Actual Startup Time": 131.314,
      "Actual Total Time": 140.662,
      "Actual Rows": 1,
      "Actual Loops": 1,
      "Plans": [
        {
          "Node Type": "Gather",
          "Parent Relationship": "Outer",
          "Parallel Aware": false,
          "Startup Cost": 44498.34,
          "Total Cost": 44498.65,
          "Plan Rows": 3,
          "Plan Width": 8,
          "Actual Startup Time": 131.203,
          "Actual Total Time": 140.653,
          "Actual Rows": 4,
          "Actual Loops": 1,
          "Workers Planned": 3,
          "Workers Launched": 3,
          "Single Copy": false,
          "Plans": [
            {
              "Node Type": "Aggregate",
              "Strategy": "Plain",
              "Partial Mode": "Partial",
              "Parent Relationship": "Outer",
              "Parallel Aware": false,
              "Startup Cost": 43498.34,
              "Total Cost": 43498.35,
              "Plan Rows": 1,
              "Plan Width": 8,
              "Actual Startup Time": 124.407,
              "Actual Total Time": 124.408,
              "Actual Rows": 1,
              "Actual Loops": 4,
              "Plans": [
                {
                  "Node Type": "Seq Scan",
                  "Parent Relationship": "Outer",
                  "Parallel Aware": true,
                  "Relation Name": "movie_keyword",
                  "Alias": "mk",
                  "Startup Cost": 0.0,
                  "Total Cost": 42695.65,
                  "Plan Rows": 321075,
                  "Plan Width": 0,
                  "Actual Startup Time": 3.955,
                  "Actual Total Time": 111.006,
                  "Actual Rows": 246332,
                  "Actual Loops": 4,
                  "Filter": "(keyword_id > 18765)",
                  "Rows Removed by Filter": 884651
                }
              ]
            }
          ]
        }
      ]
    },
    "Planning Time": 0.191,
    "Triggers": [],
    "Execution Time": 140.722
  }
]