[
  {
    "Plan": {
      "Node Type": "Aggregate",
      "Strategy": "Plain",
      "Partial Mode": "Finalize",
      "Parallel Aware": false,
      "Startup Cost": 46495.3,
      "Total Cost": 46495.31,
      "Plan Rows": 1,
      "Plan Width": 8,
      "Actual Startup Time": 131.218,
      "Actual Total Time": 151.998,
      "Actual Rows": 1,
      "Actual Loops": 1,
      "Plans": [
        {
          "Node Type": "Gather",
          "Parent Relationship": "Outer",
          "Parallel Aware": false,
          "Startup Cost": 46494.88,
          "Total Cost": 46495.29,
          "Plan Rows": 4,
          "Plan Width": 8,
          "Actual Startup Time": 131.002,
          "Actual Total Time": 151.981,
          "Actual Rows": 5,
          "Actual Loops": 1,
          "Workers Planned": 4,
          "Workers Launched": 4,
          "Single Copy": false,
          "Plans": [
            {
              "Node Type": "Aggregate",
              "Strategy": "Plain",
              "Partial Mode": "Partial",
              "Parent Relationship": "Outer",
              "Parallel Aware": false,
              "Startup Cost": 45494.88,
              "Total Cost": 45494.89,
              "Plan Rows": 1,
              "Plan Width": 8,
              "Actual Startup Time": 124.4,
              "Actual Total Time": 124.403,
              "Actual Rows": 1,
              "Actual Loops": 5,
              "Plans": [
                {
                  "Node Type": "Seq Scan",
                  "Parent Relationship": "Outer",
                  "Parallel Aware": true,
                  "Relation Name": "title",
                  "Alias": "t",
                  "Startup Cost": 0.0,
                  "Total Cost": 45479.59,
                  "Plan Rows": 6116,
                  "Plan Width": 0,
                  "Actual Startup Time": 0.037,
                  "Actual Total Time": 123.676,
                  "Actual Rows": 5254,
                  "Actual Loops": 5,
                  "Filter": "((kind_id > 4) AND (production_year = 1997))",
                  "Rows Removed by Filter": 500408
                }
              ]
            }
          ]
        }
      ]
    },
    "Planning Time": 0.205,
    "Triggers": [],
    "Execution Time": 152.071
  }
]