[
    {
        "Bao": {
            "Bao prediction": "NaN",
            "Bao recommended hint": "(no hint)"
        }
    },
    {
        "Plan": {
            "Node Type": "Aggregate",
            "Strategy": "Plain",
            "Partial Mode": "Finalize",
            "Parallel Aware": false,
            "Startup Cost": 100158.72,
            "Total Cost": 100158.73,
            "Plan Rows": 1,
            "Plan Width": 8,
            "Actual Startup Time": 247.696,
            "Actual Total Time": 264.281,
            "Actual Rows": 1,
            "Actual Loops": 1,
            "Output": [
                "count(*)"
            ],
            "Plans": [
                {
                    "Node Type": "Gather",
                    "Parent Relationship": "Outer",
                    "Parallel Aware": false,
                    "Startup Cost": 100158.5,
                    "Total Cost": 100158.71,
                    "Plan Rows": 2,
                    "Plan Width": 8,
                    "Actual Startup Time": 246.7,
                    "Actual Total Time": 264.166,
                    "Actual Rows": 3,
                    "Actual Loops": 1,
                    "Output": [
                        "(PARTIAL count(*))"
                    ],
                    "Workers Planned": 2,
                    "Workers Launched": 2,
                    "Single Copy": false,
                    "Plans": [
                        {
                            "Node Type": "Aggregate",
                            "Strategy": "Plain",
                            "Partial Mode": "Partial",
                            "Parent Relationship": "Outer",
                            "Parallel Aware": false,
                            "Startup Cost": 99158.5,
                            "Total Cost": 99158.51,
                            "Plan Rows": 1,
                            "Plan Width": 8,
                            "Actual Startup Time": 239.051,
                            "Actual Total Time": 239.056,
                            "Actual Rows": 1,
                            "Actual Loops": 3,
                            "Output": [
                                "PARTIAL count(*)"
                            ],
                            "Workers": [
                                {
                                    "Worker Number": 0,
                                    "Actual Startup Time": 235.381,
                                    "Actual Total Time": 235.384,
                                    "Actual Rows": 1,
                                    "Actual Loops": 1
                                },
                                {
                                    "Worker Number": 1,
                                    "Actual Startup Time": 235.503,
                                    "Actual Total Time": 235.505,
                                    "Actual Rows": 1,
                                    "Actual Loops": 1
                                }
                            ],
                            "Plans": [
                                {
                                    "Node Type": "Nested Loop",
                                    "Parent Relationship": "Outer",
                                    "Parallel Aware": false,
                                    "Join Type": "Inner",
                                    "Startup Cost": 44625.69,
                                    "Total Cost": 99079.93,
                                    "Plan Rows": 31430,
                                    "Plan Width": 0,
                                    "Actual Startup Time": 127.677,
                                    "Actual Total Time": 237.849,
                                    "Actual Rows": 26201,
                                    "Actual Loops": 3,
                                    "Inner Unique": false,
                                    "Join Filter": "(t.id = mk.movie_id)",
                                    "Rows Removed by Join Filter": 0,
                                    "Workers": [
                                        {
                                            "Worker Number": 0,
                                            "Actual Startup Time": 124.167,
                                            "Actual Total Time": 234.198,
                                            "Actual Rows": 25430,
                                            "Actual Loops": 1
                                        },
                                        {
                                            "Worker Number": 1,
                                            "Actual Startup Time": 124.289,
                                            "Actual Total Time": 234.504,
                                            "Actual Rows": 21342,
                                            "Actual Loops": 1
                                        }
                                    ],
                                    "Plans": [
                                        {
                                            "Node Type": "Hash Join",
                                            "Parent Relationship": "Outer",
                                            "Parallel Aware": true,
                                            "Join Type": "Inner",
                                            "Startup Cost": 44625.26,
                                            "Total Cost": 60249.57,
                                            "Plan Rows": 17565,
                                            "Plan Width": 8,
                                            "Actual Startup Time": 127.443,
                                            "Actual Total Time": 196.154,
                                            "Actual Rows": 7718,
                                            "Actual Loops": 3,
                                            "Output": [
                                                "t.id",
                                                "mi_idx.movie_id"
                                            ],
                                            "Inner Unique": true,
                                            "Hash Cond": "(mi_idx.movie_id = t.id)",
                                            "Workers": [
                                                {
                                                    "Worker Number": 0,
                                                    "Actual Startup Time": 123.84,
                                                    "Actual Total Time": 187.657,
                                                    "Actual Rows": 6912,
                                                    "Actual Loops": 1
                                                },
                                                {
                                                    "Worker Number": 1,
                                                    "Actual Startup Time": 123.938,
                                                    "Actual Total Time": 188.51,
                                                    "Actual Rows": 7198,
                                                    "Actual Loops": 1
                                                }
                                            ],
                                            "Plans": [
                                                {
                                                    "Node Type": "Seq Scan",
                                                    "Parent Relationship": "Outer",
                                                    "Parallel Aware": true,
                                                    "Relation Name": "movie_info_idx",
                                                    "Schema": "public",
                                                    "Alias": "mi_idx",
                                                    "Startup Cost": 0.0,
                                                    "Total Cost": 15122.68,
                                                    "Plan Rows": 191097,
                                                    "Plan Width": 4,
                                                    "Actual Startup Time": 0.018,
                                                    "Actual Total Time": 36.818,
                                                    "Actual Rows": 153308,
                                                    "Actual Loops": 3,
                                                    "Output": [
                                                        "mi_idx.id",
                                                        "mi_idx.movie_id",
                                                        "mi_idx.info_type_id",
                                                        "mi_idx.info",
                                                        "mi_idx.note"
                                                    ],
                                                    "Filter": "(mi_idx.info_type_id = 101)",
                                                    "Rows Removed by Filter": 306703,
                                                    "Workers": [
                                                        {
                                                            "Worker Number": 0,
                                                            "Actual Startup Time": 0.025,
                                                            "Actual Total Time": 34.86,
                                                            "Actual Rows": 139142,
                                                            "Actual Loops": 1
                                                        },
                                                        {
                                                            "Worker Number": 1,
                                                            "Actual Startup Time": 0.022,
                                                            "Actual Total Time": 35.284,
                                                            "Actual Rows": 138351,
                                                            "Actual Loops": 1
                                                        }
                                                    ]
                                                },
                                                {
                                                    "Node Type": "Hash",
                                                    "Parent Relationship": "Inner",
                                                    "Parallel Aware": true,
                                                    "Startup Cost": 43899.01,
                                                    "Total Cost": 43899.01,
                                                    "Plan Rows": 58100,
                                                    "Plan Width": 4,
                                                    "Actual Startup Time": 125.773,
                                                    "Actual Total Time": 125.775,
                                                    "Actual Rows": 77216,
                                                    "Actual Loops": 3,
                                                    "Output": [
                                                        "t.id"
                                                    ],
                                                    "Hash Buckets": 262144,
                                                    "Original Hash Buckets": 262144,
                                                    "Hash Batches": 1,
                                                    "Original Hash Batches": 1,
                                                    "Peak Memory Usage": 11168,
                                                    "Workers": [
                                                        {
                                                            "Worker Number": 0,
                                                            "Actual Startup Time": 123.259,
                                                            "Actual Total Time": 123.26,
                                                            "Actual Rows": 68613,
                                                            "Actual Loops": 1
                                                        },
                                                        {
                                                            "Worker Number": 1,
                                                            "Actual Startup Time": 123.244,
                                                            "Actual Total Time": 123.244,
                                                            "Actual Rows": 68944,
                                                            "Actual Loops": 1
                                                        }
                                                    ],
                                                    "Plans": [
                                                        {
                                                            "Node Type": "Seq Scan",
                                                            "Parent Relationship": "Outer",
                                                            "Parallel Aware": true,
                                                            "Relation Name": "title",
                                                            "Schema": "public",
                                                            "Alias": "t",
                                                            "Startup Cost": 0.0,
                                                            "Total Cost": 43899.01,
                                                            "Plan Rows": 58100,
                                                            "Plan Width": 4,
                                                            "Actual Startup Time": 0.032,
                                                            "Actual Total Time": 100.126,
                                                            "Actual Rows": 77216,
                                                            "Actual Loops": 3,
                                                            "Output": [
                                                                "t.id"
                                                            ],
                                                            "Filter": "(t.production_year > 2011)",
                                                            "Rows Removed by Filter": 765554,
                                                            "Workers": [
                                                                {
                                                                    "Worker Number": 0,
                                                                    "Actual Startup Time": 0.041,
                                                                    "Actual Total Time": 99.419,
                                                                    "Actual Rows": 68613,
                                                                    "Actual Loops": 1
                                                                },
                                                                {
                                                                    "Worker Number": 1,
                                                                    "Actual Startup Time": 0.037,
                                                                    "Actual Total Time": 99.997,
                                                                    "Actual Rows": 68944,
                                                                    "Actual Loops": 1
                                                                }
                                                            ]
                                                        }
                                                    ]
                                                }
                                            ]
                                        },
                                        {
                                            "Node Type": "Index Only Scan",
                                            "Parent Relationship": "Inner",
                                            "Parallel Aware": false,
                                            "Scan Direction": "Forward",
                                            "Index Name": "movie_id_movie_keyword",
                                            "Relation Name": "movie_keyword",
                                            "Schema": "public",
                                            "Alias": "mk",
                                            "Startup Cost": 0.43,
                                            "Total Cost": 1.64,
                                            "Plan Rows": 46,
                                            "Plan Width": 4,
                                            "Actual Startup Time": 0.004,
                                            "Actual Total Time": 0.005,
                                            "Actual Rows": 3,
                                            "Actual Loops": 23155,
                                            "Output": [
                                                "mk.movie_id"
                                            ],
                                            "Index Cond": "(mk.movie_id = mi_idx.movie_id)",
                                            "Rows Removed by Index Recheck": 0,
                                            "Heap Fetches": 78602,
                                            "Workers": [
                                                {
                                                    "Worker Number": 0,
                                                    "Actual Startup Time": 0.006,
                                                    "Actual Total Time": 0.006,
                                                    "Actual Rows": 4,
                                                    "Actual Loops": 6912
                                                },
                                                {
                                                    "Worker Number": 1,
                                                    "Actual Startup Time": 0.005,
                                                    "Actual Total Time": 0.006,
                                                    "Actual Rows": 3,
                                                    "Actual Loops": 7198
                                                }
                                            ]
                                        }
                                    ]
                                }
                            ]
                        }
                    ]
                }
            ]
        },
        "Planning Time": 209.62,
        "Triggers": [],
        "Execution Time": 264.384
    }
]