[
  {
    "Plan": {
      "Node Type": "Aggregate",
      "Strategy": "Plain",
      "Partial Mode": "Finalize",
      "Parallel Aware": false,
      "Startup Cost": 45023.26,
      "Total Cost": 45023.27,
      "Plan Rows": 1,
      "Plan Width": 8,
      "Actual Startup Time": 129.147,
      "Actual Total Time": 136.154,
      "Actual Rows": 1,
      "Actual Loops": 1,
      "Plans": [
        {
          "Node Type": "Gather",
          "Parent Relationship": "Outer",
          "Parallel Aware": false,
          "Startup Cost": 45022.95,
          "Total Cost": 45023.26,
          "Plan Rows": 3,
          "Plan Width": 8,
          "Actual Startup Time": 129.031,
          "Actual Total Time": 136.146,
          "Actual Rows": 4,
          "Actual Loops": 1,
          "Workers Planned": 3,
          "Workers Launched": 3,
          "Single Copy": false,
          "Plans": [
            {
              "Node Type": "Aggregate",
              "Strategy": "Plain",
              "Partial Mode": "Partial",
              "Parent Relationship": "Outer",
              "Parallel Aware": false,
              "Startup Cost": 44022.95,
              "Total Cost": 44022.96,
              "Plan Rows": 1,
              "Plan Width": 8,
              "Actual Startup Time": 124.253,
              "Actual Total Time": 124.255,
              "Actual Rows": 1,
              "Actual Loops": 4,
              "Plans": [
                {
                  "Node Type": "Seq Scan",
                  "Parent Relationship": "Outer",
                  "Parallel Aware": true,
                  "Relation Name": "movie_keyword",
                  "Alias": "mk",
                  "Startup Cost": 0.0,
                  "Total Cost": 42695.65,
                  "Plan Rows": 530917,
                  "Plan Width": 0,
                  "Actual Startup Time": 0.385,
                  "Actual Total Time": 104.83,
                  "Actual Rows": 407886,
                  "Actual Loops": 4,
                  "Filter": "(keyword_id > 9109)",
                  "Rows Removed by Filter": 723096
                }
              ]
            }
          ]
        }
      ]
    },
    "Planning Time": 0.072,
    "Triggers": [],
    "Execution Time": 136.19
  }
]