[
  {
    "Plan": {
      "Node Type": "Aggregate",
      "Strategy": "Plain",
      "Partial Mode": "Finalize",
      "Parallel Aware": false,
      "Startup Cost": 448789.29,
      "Total Cost": 448789.3,
      "Plan Rows": 1,
      "Plan Width": 8,
      "Actual Startup Time": 1683.671,
      "Actual Total Time": 1750.39,
      "Actual Rows": 1,
      "Actual Loops": 1,
      "Plans": [
        {
          "Node Type": "Gather",
          "Parent Relationship": "Outer",
          "Parallel Aware": false,
          "Startup Cost": 448788.67,
          "Total Cost": 448789.28,
          "Plan Rows": 6,
          "Plan Width": 8,
          "Actual Startup Time": 1674.338,
          "Actual Total Time": 1750.381,
          "Actual Rows": 7,
          "Actual Loops": 1,
          "Workers Planned": 6,
          "Workers Launched": 6,
          "Single Copy": false,
          "Plans": [
            {
              "Node Type": "Aggregate",
              "Strategy": "Plain",
              "Partial Mode": "Partial",
              "Parent Relationship": "Outer",
              "Parallel Aware": false,
              "Startup Cost": 447788.67,
              "Total Cost": 447788.68,
              "Plan Rows": 1,
              "Plan Width": 8,
              "Actual Startup Time": 1665.248,
              "Actual Total Time": 1665.254,
              "Actual Rows": 1,
              "Actual Loops": 7,
              "Plans": [
                {
                  "Node Type": "Hash Join",
                  "Parent Relationship": "Outer",
                  "Parallel Aware": true,
                  "Join Type": "Inner",
                  "Startup Cost": 96992.7,
                  "Total Cost": 444239.88,
                  "Plan Rows": 1419514,
                  "Plan Width": 0,
                  "Actual Startup Time": 312.186,
                  "Actual Total Time": 1630.563,
                  "Actual Rows": 594120,
                  "Actual Loops": 7,
                  "Inner Unique": false,
                  "Hash Cond": "(ci.movie_id = t.id)",
                  "Plans": [
                    {
                      "Node Type": "Seq Scan",
                      "Parent Relationship": "Outer",
                      "Parallel Aware": true,
                      "Relation Name": "cast_info",
                      "Alias": "ci",
                      "Startup Cost": 0.0,
                      "Total Cost": 328211.39,
                      "Plan Rows": 3855122,
                      "Plan Width": 4,
                      "Actual Startup Time": 0.027,
                      "Actual Total Time": 769.301,
                      "Actual Rows": 3327670,
                      "Actual Loops": 7,
                      "Filter": "(person_id < 2382563)",
                      "Rows Removed by Filter": 1850093
                    },
                    {
                      "Node Type": "Hash",
                      "Parent Relationship": "Inner",
                      "Parallel Aware": true,
                      "Startup Cost": 93238.65,
                      "Total Cost": 93238.65,
                      "Plan Rows": 300324,
                      "Plan Width": 8,
                      "Actual Startup Time": 310.04,
                      "Actual Total Time": 310.045,
                      "Actual Rows": 33227,
                      "Actual Loops": 7,
                      "Hash Buckets": 1048576,
                      "Original Hash Buckets": 1048576,
                      "Hash Batches": 1,
                      "Original Hash Batches": 1,
                      "Peak Memory Usage": 17408,
                      "Plans": [
                        {
                          "Node Type": "Hash Join",
                          "Parent Relationship": "Outer",
                          "Parallel Aware": true,
                          "Join Type": "Inner",
                          "Startup Cost": 48436.19,
                          "Total Cost": 93238.65,
                          "Plan Rows": 300324,
                          "Plan Width": 8,
                          "Actual Startup Time": 158.249,
                          "Actual Total Time": 295.674,
                          "Actual Rows": 33227,
                          "Actual Loops": 7,
                          "Inner Unique": true,
                          "Hash Cond": "(mk.movie_id = t.id)",
                          "Plans": [
                            {
                              "Node Type": "Seq Scan",
                              "Parent Relationship": "Outer",
                              "Parallel Aware": true,
                              "Relation Name": "movie_keyword",
                              "Alias": "mk",
                              "Startup Cost": 0.0,
                              "Total Cost": 42695.65,
                              "Plan Rows": 802596,
                              "Plan Width": 4,
                              "Actual Startup Time": 0.212,
                              "Actual Total Time": 86.616,
                              "Actual Rows": 354379,
                              "Actual Loops": 7,
                              "Filter": "(keyword_id > 3644)",
                              "Rows Removed by Filter": 291896
                            },
                            {
                              "Node Type": "Hash",
                              "Parent Relationship": "Inner",
                              "Parallel Aware": true,
                              "Startup Cost": 45479.59,
                              "Total Cost": 45479.59,
                              "Plan Rows": 236528,
                              "Plan Width": 4,
                              "Actual Startup Time": 156.735,
                              "Actual Total Time": 156.736,
                              "Actual Rows": 125148,
                              "Actual Loops": 7,
                              "Hash Buckets": 1048576,
                              "Original Hash Buckets": 1048576,
                              "Hash Batches": 1,
                              "Original Hash Batches": 1,
                              "Peak Memory Usage": 42592,
                              "Plans": [
                                {
                                  "Node Type": "Seq Scan",
                                  "Parent Relationship": "Outer",
                                  "Parallel Aware": true,
                                  "Relation Name": "title",
                                  "Alias": "t",
                                  "Startup Cost": 0.0,
                                  "Total Cost": 45479.59,
                                  "Plan Rows": 236528,
                                  "Plan Width": 4,
                                  "Actual Startup Time": 0.044,
                                  "Actual Total Time": 90.541,
                                  "Actual Rows": 125148,
                                  "Actual Loops": 7,
                                  "Filter": "((production_year < 2007) AND (kind_id = 7))",
                                  "Rows Removed by Filter": 236039
                                }
                              ]
                            }
                          ]
                        }
                      ]
                    }
                  ]
                }
              ]
            }
          ]
        }
      ]
    },
    "Planning Time": 0.524,
    "Triggers": [],
    "Execution Time": 1750.455
  }
]