[
    {
        "Bao": {
            "Bao prediction": "NaN",
            "Bao recommended hint": "(no hint)"
        }
    },
    {
        "Plan": {
            "Node Type": "Aggregate",
            "Strategy": "Plain",
            "Partial Mode": "Finalize",
            "Parallel Aware": false,
            "Startup Cost": 348215.1,
            "Total Cost": 348215.11,
            "Plan Rows": 1,
            "Plan Width": 8,
            "Actual Startup Time": 862.402,
            "Actual Total Time": 899.181,
            "Actual Rows": 1,
            "Actual Loops": 1,
            "Output": [
                "count(*)"
            ],
            "Plans": [
                {
                    "Node Type": "Gather",
                    "Parent Relationship": "Outer",
                    "Parallel Aware": false,
                    "Startup Cost": 348214.47,
                    "Total Cost": 348215.08,
                    "Plan Rows": 6,
                    "Plan Width": 8,
                    "Actual Startup Time": 862.33,
                    "Actual Total Time": 899.169,
                    "Actual Rows": 7,
                    "Actual Loops": 1,
                    "Output": [
                        "(PARTIAL count(*))"
                    ],
                    "Workers Planned": 6,
                    "Workers Launched": 6,
                    "Single Copy": false,
                    "Plans": [
                        {
                            "Node Type": "Aggregate",
                            "Strategy": "Plain",
                            "Partial Mode": "Partial",
                            "Parent Relationship": "Outer",
                            "Parallel Aware": false,
                            "Startup Cost": 347214.47,
                            "Total Cost": 347214.48,
                            "Plan Rows": 1,
                            "Plan Width": 8,
                            "Actual Startup Time": 852.547,
                            "Actual Total Time": 852.548,
                            "Actual Rows": 1,
                            "Actual Loops": 7,
                            "Output": [
                                "PARTIAL count(*)"
                            ],
                            "Workers": [
                                {
                                    "Worker Number": 0,
                                    "Actual Startup Time": 850.793,
                                    "Actual Total Time": 850.795,
                                    "Actual Rows": 1,
                                    "Actual Loops": 1
                                },
                                {
                                    "Worker Number": 1,
                                    "Actual Startup Time": 851.064,
                                    "Actual Total Time": 851.065,
                                    "Actual Rows": 1,
                                    "Actual Loops": 1
                                },
                                {
                                    "Worker Number": 2,
                                    "Actual Startup Time": 850.992,
                                    "Actual Total Time": 850.993,
                                    "Actual Rows": 1,
                                    "Actual Loops": 1
                                },
                                {
                                    "Worker Number": 3,
                                    "Actual Startup Time": 850.982,
                                    "Actual Total Time": 850.983,
                                    "Actual Rows": 1,
                                    "Actual Loops": 1
                                },
                                {
                                    "Worker Number": 4,
                                    "Actual Startup Time": 851.09,
                                    "Actual Total Time": 851.091,
                                    "Actual Rows": 1,
                                    "Actual Loops": 1
                                },
                                {
                                    "Worker Number": 5,
                                    "Actual Startup Time": 851.097,
                                    "Actual Total Time": 851.098,
                                    "Actual Rows": 1,
                                    "Actual Loops": 1
                                }
                            ],
                            "Plans": [
                                {
                                    "Node Type": "Seq Scan",
                                    "Parent Relationship": "Outer",
                                    "Parallel Aware": true,
                                    "Relation Name": "cast_info",
                                    "Schema": "public",
                                    "Alias": "ci",
                                    "Startup Cost": 0.0,
                                    "Total Cost": 343318.94,
                                    "Plan Rows": 1558213,
                                    "Plan Width": 0,
                                    "Actual Startup Time": 286.773,
                                    "Actual Total Time": 732.92,
                                    "Actual Rows": 2076892,
                                    "Actual Loops": 7,
                                    "Output": [
                                        "id",
                                        "person_id",
                                        "movie_id",
                                        "person_role_id",
                                        "note",
                                        "nr_order",
                                        "role_id"
                                    ],
                                    "Filter": "((ci.person_id > 2205509) AND (ci.role_id > 1))",
                                    "Rows Removed by Filter": 3100872,
                                    "Workers": [
                                        {
                                            "Worker Number": 0,
                                            "Actual Startup Time": 285.04,
                                            "Actual Total Time": 733.076,
                                            "Actual Rows": 1762633,
                                            "Actual Loops": 1
                                        },
                                        {
                                            "Worker Number": 1,
                                            "Actual Startup Time": 285.297,
                                            "Actual Total Time": 736.328,
                                            "Actual Rows": 2803770,
                                            "Actual Loops": 1
                                        },
                                        {
                                            "Worker Number": 2,
                                            "Actual Startup Time": 285.21,
                                            "Actual Total Time": 733.708,
                                            "Actual Rows": 2594043,
                                            "Actual Loops": 1
                                        },
                                        {
                                            "Worker Number": 3,
                                            "Actual Startup Time": 285.217,
                                            "Actual Total Time": 733.82,
                                            "Actual Rows": 1754801,
                                            "Actual Loops": 1
                                        },
                                        {
                                            "Worker Number": 4,
                                            "Actual Startup Time": 285.309,
                                            "Actual Total Time": 735.032,
                                            "Actual Rows": 1740329,
                                            "Actual Loops": 1
                                        },
                                        {
                                            "Worker Number": 5,
                                            "Actual Startup Time": 285.321,
                                            "Actual Total Time": 735.397,
                                            "Actual Rows": 1731513,
                                            "Actual Loops": 1
                                        }
                                    ]
                                }
                            ]
                        }
                    ]
                }
            ]
        },
        "Planning Time": 223.15,
        "Triggers": [],
        "Execution Time": 899.279
    }
]