[
  {
    "Plan": {
      "Node Type": "Aggregate",
      "Strategy": "Plain",
      "Partial Mode": "Finalize",
      "Parallel Aware": false,
      "Startup Cost": 194888.69,
      "Total Cost": 194888.7,
      "Plan Rows": 1,
      "Plan Width": 8,
      "Actual Startup Time": 786.237,
      "Actual Total Time": 819.409,
      "Actual Rows": 1,
      "Actual Loops": 1,
      "Plans": [
        {
          "Node Type": "Gather",
          "Parent Relationship": "Outer",
          "Parallel Aware": false,
          "Startup Cost": 194888.17,
          "Total Cost": 194888.68,
          "Plan Rows": 5,
          "Plan Width": 8,
          "Actual Startup Time": 773.625,
          "Actual Total Time": 819.391,
          "Actual Rows": 6,
          "Actual Loops": 1,
          "Workers Planned": 5,
          "Workers Launched": 5,
          "Single Copy": false,
          "Plans": [
            {
              "Node Type": "Aggregate",
              "Strategy": "Plain",
              "Partial Mode": "Partial",
              "Parent Relationship": "Outer",
              "Parallel Aware": false,
              "Startup Cost": 193888.17,
              "Total Cost": 193888.18,
              "Plan Rows": 1,
              "Plan Width": 8,
              "Actual Startup Time": 764.556,
              "Actual Total Time": 764.759,
              "Actual Rows": 1,
              "Actual Loops": 6,
              "Plans": [
                {
                  "Node Type": "Hash Join",
                  "Parent Relationship": "Outer",
                  "Parallel Aware": true,
                  "Join Type": "Inner",
                  "Startup Cost": 84149.39,
                  "Total Cost": 193190.49,
                  "Plan Rows": 279069,
                  "Plan Width": 0,
                  "Actual Startup Time": 412.667,
                  "Actual Total Time": 742.316,
                  "Actual Rows": 410276,
                  "Actual Loops": 6,
                  "Inner Unique": false,
                  "Hash Cond": "(ci.movie_id = t.id)",
                  "Plans": [
                    {
                      "Node Type": "Index Scan",
                      "Parent Relationship": "Outer",
                      "Parallel Aware": true,
                      "Scan Direction": "Forward",
                      "Index Name": "role_id_cast_info",
                      "Relation Name": "cast_info",
                      "Alias": "ci",
                      "Startup Cost": 0.56,
                      "Total Cost": 105195.1,
                      "Plan Rows": 785695,
                      "Plan Width": 4,
                      "Actual Startup Time": 0.568,
                      "Actual Total Time": 146.039,
                      "Actual Rows": 668006,
                      "Actual Loops": 6,
                      "Index Cond": "(role_id = 3)",
                      "Rows Removed by Index Recheck": 0
                    },
                    {
                      "Node Type": "Hash",
                      "Parent Relationship": "Inner",
                      "Parallel Aware": true,
                      "Startup Cost": 80527.6,
                      "Total Cost": 80527.6,
                      "Plan Rows": 289698,
                      "Plan Width": 8,
                      "Actual Startup Time": 408.731,
                      "Actual Total Time": 408.932,
                      "Actual Rows": 84440,
                      "Actual Loops": 6,
                      "Hash Buckets": 1048576,
                      "Original Hash Buckets": 1048576,
                      "Hash Batches": 1,
                      "Original Hash Batches": 1,
                      "Peak Memory Usage": 28128,
                      "Plans": [
                        {
                          "Node Type": "Hash Join",
                          "Parent Relationship": "Outer",
                          "Parallel Aware": true,
                          "Join Type": "Inner",
                          "Startup Cost": 49838.42,
                          "Total Cost": 80527.6,
                          "Plan Rows": 289698,
                          "Plan Width": 8,
                          "Actual Startup Time": 219.794,
                          "Actual Total Time": 364.891,
                          "Actual Rows": 84440,
                          "Actual Loops": 6,
                          "Inner Unique": true,
                          "Hash Cond": "(mc.movie_id = t.id)",
                          "Plans": [
                            {
                              "Node Type": "Seq Scan",
                              "Parent Relationship": "Outer",
                              "Parallel Aware": true,
                              "Relation Name": "movie_companies",
                              "Alias": "mc",
                              "Startup Cost": 0.0,
                              "Total Cost": 29310.68,
                              "Plan Rows": 525139,
                              "Plan Width": 4,
                              "Actual Startup Time": 0.016,
                              "Actual Total Time": 58.563,
                              "Actual Rows": 272981,
                              "Actual Loops": 6,
                              "Filter": "(company_id < 17656)",
                              "Rows Removed by Filter": 161874
                            },
                            {
                              "Node Type": "Hash",
                              "Parent Relationship": "Inner",
                              "Parallel Aware": true,
                              "Startup Cost": 45479.59,
                              "Total Cost": 45479.59,
                              "Plan Rows": 348707,
                              "Plan Width": 4,
                              "Actual Startup Time": 216.457,
                              "Actual Total Time": 216.459,
                              "Actual Rows": 244701,
                              "Actual Loops": 6,
                              "Hash Buckets": 2097152,
                              "Original Hash Buckets": 2097152,
                              "Hash Batches": 1,
                              "Original Hash Batches": 1,
                              "Peak Memory Usage": 73920,
                              "Plans": [
                                {
                                  "Node Type": "Seq Scan",
                                  "Parent Relationship": "Outer",
                                  "Parallel Aware": true,
                                  "Relation Name": "title",
                                  "Alias": "t",
                                  "Startup Cost": 0.0,
                                  "Total Cost": 45479.59,
                                  "Plan Rows": 348707,
                                  "Plan Width": 4,
                                  "Actual Startup Time": 0.063,
                                  "Actual Total Time": 95.354,
                                  "Actual Rows": 244701,
                                  "Actual Loops": 6,
                                  "Filter": "((production_year > 1952) AND (kind_id = 7))",
                                  "Rows Removed by Filter": 176684
                                }
                              ]
                            }
                          ]
                        }
                      ]
                    }
                  ]
                }
              ]
            }
          ]
        }
      ]
    },
    "Planning Time": 1.183,
    "Triggers": [],
    "Execution Time": 819.499
  }
]