{
  "Plan": {
    "Node Type": "Aggregate",
    "Strategy": "Plain",
    "Partial Mode": "Simple",
    "Parallel Aware": false,
    "Startup Cost": 3036.4,
    "Total Cost": 3036.41,
    "Plan Rows": 1,
    "Plan Width": 8,
    "Actual Startup Time": 0.199,
    "Actual Total Time": 0.202,
    "Actual Rows": 1,
    "Actual Loops": 1,
    "Plans": [
      {
        "Node Type": "Nested Loop",
        "Parent Relationship": "Outer",
        "Parallel Aware": false,
        "Join Type": "Inner",
        "Startup Cost": 7.21,
        "Total Cost": 3036.32,
        "Plan Rows": 33,
        "Plan Width": 0,
        "Actual Startup Time": 0.178,
        "Actual Total Time": 0.194,
        "Actual Rows": 7,
        "Actual Loops": 1,
        "Inner Unique": false,
        "Plans": [
          {
            "Node Type": "Nested Loop",
            "Parent Relationship": "Outer",
            "Parallel Aware": false,
            "Join Type": "Inner",
            "Startup Cost": 6.78,
            "Total Cost": 3007.2,
            "Plan Rows": 32,
            "Plan Width": 8,
            "Actual Startup Time": 0.156,
            "Actual Total Time": 0.159,
            "Actual Rows": 1,
            "Actual Loops": 1,
            "Inner Unique": true,
            "Plans": [
              {
                "Node Type": "Bitmap Heap Scan",
                "Parent Relationship": "Outer",
                "Parallel Aware": false,
                "Relation Name": "movie_keyword",
                "Alias": "mk",
                "Startup Cost": 6.35,
                "Total Cost": 922.98,
                "Plan Rows": 248,
                "Plan Width": 4,
                "Actual Startup Time": 0.039,
                "Actual Total Time": 0.055,
                "Actual Rows": 4,
                "Actual Loops": 1,
                "Recheck Cond": "(keyword_id = 71596)",
                "Rows Removed by Index Recheck": 0,
                "Exact Heap Blocks": 4,
                "Lossy Heap Blocks": 0,
                "Plans": [
                  {
                    "Node Type": "Bitmap Index Scan",
                    "Parent Relationship": "Outer",
                    "Parallel Aware": false,
                    "Index Name": "keyword_id_movie_keyword",
                    "Startup Cost": 0.0,
                    "Total Cost": 6.29,
                    "Plan Rows": 248,
                    "Plan Width": 0,
                    "Actual Startup Time": 0.028,
                    "Actual Total Time": 0.029,
                    "Actual Rows": 4,
                    "Actual Loops": 1,
                    "Index Cond": "(keyword_id = 71596)"
                  }
                ]
              },
              {
                "Node Type": "Index Scan",
                "Parent Relationship": "Inner",
                "Parallel Aware": false,
                "Scan Direction": "Forward",
                "Index Name": "title_pkey",
                "Relation Name": "title",
                "Alias": "t",
                "Startup Cost": 0.43,
                "Total Cost": 8.4,
                "Plan Rows": 1,
                "Plan Width": 4,
                "Actual Startup Time": 0.023,
                "Actual Total Time": 0.023,
                "Actual Rows": 0,
                "Actual Loops": 4,
                "Index Cond": "(id = mk.movie_id)",
                "Rows Removed by Index Recheck": 0,
                "Filter": "((kind_id < 7) AND (production_year < 1996))",
                "Rows Removed by Filter": 1
              }
            ]
          },
          {
            "Node Type": "Index Only Scan",
            "Parent Relationship": "Inner",
            "Parallel Aware": false,
            "Scan Direction": "Forward",
            "Index Name": "movie_id_movie_companies",
            "Relation Name": "movie_companies",
            "Alias": "mc",
            "Startup Cost": 0.43,
            "Total Cost": 0.86,
            "Plan Rows": 5,
            "Plan Width": 4,
            "Actual Startup Time": 0.019,
            "Actual Total Time": 0.03,
            "Actual Rows": 7,
            "Actual Loops": 1,
            "Index Cond": "(movie_id = t.id)",
            "Rows Removed by Index Recheck": 0,
            "Heap Fetches": 7
          }
        ]
      }
    ]
  },
  "Planning Time": 1.101,
  "Triggers": [],
  "Execution Time": 0.292
}