[
  {
    "Plan": {
      "Node Type": "Aggregate",
      "Strategy": "Plain",
      "Partial Mode": "Finalize",
      "Parallel Aware": false,
      "Startup Cost": 347210.5,
      "Total Cost": 347210.51,
      "Plan Rows": 1,
      "Plan Width": 8,
      "Actual Startup Time": 699.778,
      "Actual Total Time": 754.09,
      "Actual Rows": 1,
      "Actual Loops": 1,
      "Plans": [
        {
          "Node Type": "Gather",
          "Parent Relationship": "Outer",
          "Parallel Aware": false,
          "Startup Cost": 347209.88,
          "Total Cost": 347210.49,
          "Plan Rows": 6,
          "Plan Width": 8,
          "Actual Startup Time": 699.645,
          "Actual Total Time": 754.08,
          "Actual Rows": 7,
          "Actual Loops": 1,
          "Workers Planned": 6,
          "Workers Launched": 6,
          "Single Copy": false,
          "Plans": [
            {
              "Node Type": "Aggregate",
              "Strategy": "Plain",
              "Partial Mode": "Partial",
              "Parent Relationship": "Outer",
              "Parallel Aware": false,
              "Startup Cost": 346209.88,
              "Total Cost": 346209.89,
              "Plan Rows": 1,
              "Plan Width": 8,
              "Actual Startup Time": 692.464,
              "Actual Total Time": 692.465,
              "Actual Rows": 1,
              "Actual Loops": 7,
              "Plans": [
                {
                  "Node Type": "Seq Scan",
                  "Parent Relationship": "Outer",
                  "Parallel Aware": true,
                  "Relation Name": "cast_info",
                  "Alias": "ci",
                  "Startup Cost": 0.0,
                  "Total Cost": 343257.03,
                  "Plan Rows": 1181140,
                  "Plan Width": 0,
                  "Actual Startup Time": 314.899,
                  "Actual Total Time": 627.11,
                  "Actual Rows": 1526548,
                  "Actual Loops": 7,
                  "Filter": "((person_id > 2639004) AND (role_id > 1))",
                  "Rows Removed by Filter": 3651215
                }
              ]
            }
          ]
        }
      ]
    },
    "Planning Time": 0.252,
    "Triggers": [],
    "Execution Time": 754.165
  }
]