[
  {
    "Plan": {
      "Node Type": "Aggregate",
      "Strategy": "Plain",
      "Partial Mode": "Finalize",
      "Parallel Aware": false,
      "Startup Cost": 32136.79,
      "Total Cost": 32136.8,
      "Plan Rows": 1,
      "Plan Width": 8,
      "Actual Startup Time": 106.335,
      "Actual Total Time": 114.459,
      "Actual Rows": 1,
      "Actual Loops": 1,
      "Plans": [
        {
          "Node Type": "Gather",
          "Parent Relationship": "Outer",
          "Parallel Aware": false,
          "Startup Cost": 32136.47,
          "Total Cost": 32136.78,
          "Plan Rows": 3,
          "Plan Width": 8,
          "Actual Startup Time": 106.177,
          "Actual Total Time": 114.45,
          "Actual Rows": 4,
          "Actual Loops": 1,
          "Workers Planned": 3,
          "Workers Launched": 3,
          "Single Copy": false,
          "Plans": [
            {
              "Node Type": "Aggregate",
              "Strategy": "Plain",
              "Partial Mode": "Partial",
              "Parent Relationship": "Outer",
              "Parallel Aware": false,
              "Startup Cost": 31136.47,
              "Total Cost": 31136.48,
              "Plan Rows": 1,
              "Plan Width": 8,
              "Actual Startup Time": 102.276,
              "Actual Total Time": 102.277,
              "Actual Rows": 1,
              "Actual Loops": 4,
              "Plans": [
                {
                  "Node Type": "Seq Scan",
                  "Parent Relationship": "Outer",
                  "Parallel Aware": true,
                  "Relation Name": "movie_companies",
                  "Alias": "mc",
                  "Startup Cost": 0.0,
                  "Total Cost": 29310.68,
                  "Plan Rows": 730315,
                  "Plan Width": 0,
                  "Actual Startup Time": 0.018,
                  "Actual Total Time": 77.065,
                  "Actual Rows": 566440,
                  "Actual Loops": 4,
                  "Filter": "(company_id < 88932)",
                  "Rows Removed by Filter": 85843
                }
              ]
            }
          ]
        }
      ]
    },
    "Planning Time": 0.102,
    "Triggers": [],
    "Execution Time": 114.499
  }
]