[
    {
        "Bao": {
            "Bao prediction": "NaN",
            "Bao recommended hint": "(no hint)"
        }
    },
    {
        "Plan": {
            "Node Type": "Aggregate",
            "Strategy": "Plain",
            "Partial Mode": "Simple",
            "Parallel Aware": false,
            "Startup Cost": 10343.34,
            "Total Cost": 10343.35,
            "Plan Rows": 1,
            "Plan Width": 8,
            "Actual Startup Time": 4.187,
            "Actual Total Time": 4.188,
            "Actual Rows": 1,
            "Actual Loops": 1,
            "Output": [
                "count(*)"
            ],
            "Plans": [
                {
                    "Node Type": "Index Scan",
                    "Parent Relationship": "Outer",
                    "Parallel Aware": false,
                    "Scan Direction": "Forward",
                    "Index Name": "company_id_movie_companies",
                    "Relation Name": "movie_companies",
                    "Schema": "public",
                    "Alias": "mc",
                    "Startup Cost": 0.43,
                    "Total Cost": 10338.01,
                    "Plan Rows": 2132,
                    "Plan Width": 0,
                    "Actual Startup Time": 0.063,
                    "Actual Total Time": 4.062,
                    "Actual Rows": 973,
                    "Actual Loops": 1,
                    "Output": [
                        "id",
                        "movie_id",
                        "company_id",
                        "company_type_id",
                        "note"
                    ],
                    "Index Cond": "(mc.company_id = 11387)",
                    "Rows Removed by Index Recheck": 0,
                    "Filter": "(mc.company_type_id = 1)",
                    "Rows Removed by Filter": 3133
                }
            ]
        },
        "Planning Time": 300.136,
        "Triggers": [],
        "Execution Time": 4.26
    }
]