[
  {
    "Plan": {
      "Node Type": "Aggregate",
      "Strategy": "Plain",
      "Partial Mode": "Finalize",
      "Parallel Aware": false,
      "Startup Cost": 44637.46,
      "Total Cost": 44637.47,
      "Plan Rows": 1,
      "Plan Width": 8,
      "Actual Startup Time": 142.108,
      "Actual Total Time": 150.672,
      "Actual Rows": 1,
      "Actual Loops": 1,
      "Plans": [
        {
          "Node Type": "Gather",
          "Parent Relationship": "Outer",
          "Parallel Aware": false,
          "Startup Cost": 44637.15,
          "Total Cost": 44637.46,
          "Plan Rows": 3,
          "Plan Width": 8,
          "Actual Startup Time": 141.994,
          "Actual Total Time": 150.662,
          "Actual Rows": 4,
          "Actual Loops": 1,
          "Workers Planned": 3,
          "Workers Launched": 3,
          "Single Copy": false,
          "Plans": [
            {
              "Node Type": "Aggregate",
              "Strategy": "Plain",
              "Partial Mode": "Partial",
              "Parent Relationship": "Outer",
              "Parallel Aware": false,
              "Startup Cost": 43637.15,
              "Total Cost": 43637.16,
              "Plan Rows": 1,
              "Plan Width": 8,
              "Actual Startup Time": 133.148,
              "Actual Total Time": 133.149,
              "Actual Rows": 1,
              "Actual Loops": 4,
              "Plans": [
                {
                  "Node Type": "Seq Scan",
                  "Parent Relationship": "Outer",
                  "Parallel Aware": true,
                  "Relation Name": "movie_keyword",
                  "Alias": "mk",
                  "Startup Cost": 0.0,
                  "Total Cost": 42695.65,
                  "Plan Rows": 376597,
                  "Plan Width": 0,
                  "Actual Startup Time": 4.053,
                  "Actual Total Time": 116.793,
                  "Actual Rows": 293740,
                  "Actual Loops": 4,
                  "Filter": "(keyword_id > 15855)",
                  "Rows Removed by Filter": 837242
                }
              ]
            }
          ]
        }
      ]
    },
    "Planning Time": 0.226,
    "Triggers": [],
    "Execution Time": 150.737
  }
]