{
    "Plan": {
        "Node Type": "Aggregate",
        "Strategy": "Plain",
        "Partial Mode": "Finalize",
        "Parallel Aware": false,
        "Startup Cost": 126722.14,
        "Total Cost": 126722.15,
        "Plan Rows": 1,
        "Plan Width": 8,
        "Actual Startup Time": 813.112,
        "Actual Total Time": 837.171,
        "Actual Rows": 1,
        "Actual Loops": 1,
        "Output": [
            "count(*)"
        ],
        "Plans": [
            {
                "Node Type": "Gather",
                "Parent Relationship": "Outer",
                "Parallel Aware": false,
                "Startup Cost": 126721.82,
                "Total Cost": 126722.13,
                "Plan Rows": 3,
                "Plan Width": 8,
                "Actual Startup Time": 807.715,
                "Actual Total Time": 837.161,
                "Actual Rows": 4,
                "Actual Loops": 1,
                "Output": [
                    "(PARTIAL count(*))"
                ],
                "Workers Planned": 3,
                "Workers Launched": 3,
                "Single Copy": false,
                "Plans": [
                    {
                        "Node Type": "Aggregate",
                        "Strategy": "Plain",
                        "Partial Mode": "Partial",
                        "Parent Relationship": "Outer",
                        "Parallel Aware": false,
                        "Startup Cost": 125721.82,
                        "Total Cost": 125721.83,
                        "Plan Rows": 1,
                        "Plan Width": 8,
                        "Actual Startup Time": 796.409,
                        "Actual Total Time": 796.838,
                        "Actual Rows": 1,
                        "Actual Loops": 4,
                        "Output": [
                            "PARTIAL count(*)"
                        ],
                        "Workers": [
                            {
                                "Worker Number": 0,
                                "Actual Startup Time": 792.628,
                                "Actual Total Time": 792.633,
                                "Actual Rows": 1,
                                "Actual Loops": 1
                            },
                            {
                                "Worker Number": 1,
                                "Actual Startup Time": 792.699,
                                "Actual Total Time": 792.704,
                                "Actual Rows": 1,
                                "Actual Loops": 1
                            },
                            {
                                "Worker Number": 2,
                                "Actual Startup Time": 793.404,
                                "Actual Total Time": 793.41,
                                "Actual Rows": 1,
                                "Actual Loops": 1
                            }
                        ],
                        "Plans": [
                            {
                                "Node Type": "Hash Join",
                                "Parent Relationship": "Outer",
                                "Parallel Aware": true,
                                "Join Type": "Inner",
                                "Startup Cost": 79900.95,
                                "Total Cost": 125549.86,
                                "Plan Rows": 68784,
                                "Plan Width": 0,
                                "Actual Startup Time": 377.061,
                                "Actual Total Time": 712.337,
                                "Actual Rows": 1984058,
                                "Actual Loops": 4,
                                "Inner Unique": false,
                                "Hash Cond": "(mk.movie_id = t.id)",
                                "Workers": [
                                    {
                                        "Worker Number": 0,
                                        "Actual Startup Time": 373.568,
                                        "Actual Total Time": 710.955,
                                        "Actual Rows": 2138225,
                                        "Actual Loops": 1
                                    },
                                    {
                                        "Worker Number": 1,
                                        "Actual Startup Time": 373.54,
                                        "Actual Total Time": 706.734,
                                        "Actual Rows": 1410611,
                                        "Actual Loops": 1
                                    },
                                    {
                                        "Worker Number": 2,
                                        "Actual Startup Time": 373.407,
                                        "Actual Total Time": 713.293,
                                        "Actual Rows": 2075418,
                                        "Actual Loops": 1
                                    }
                                ],
                                "Plans": [
                                    {
                                        "Node Type": "Seq Scan",
                                        "Parent Relationship": "Outer",
                                        "Parallel Aware": true,
                                        "Relation Name": "movie_keyword",
                                        "Schema": "public",
                                        "Alias": "mk",
                                        "Startup Cost": 0.0,
                                        "Total Cost": 42695.65,
                                        "Plan Rows": 728368,
                                        "Plan Width": 4,
                                        "Actual Startup Time": 0.275,
                                        "Actual Total Time": 124.357,
                                        "Actual Rows": 563344,
                                        "Actual Loops": 4,
                                        "Output": [
                                            "mk.id",
                                            "mk.movie_id",
                                            "mk.keyword_id"
                                        ],
                                        "Filter": "(mk.keyword_id > 4758)",
                                        "Rows Removed by Filter": 567638,
                                        "Workers": [
                                            {
                                                "Worker Number": 0,
                                                "Actual Startup Time": 0.288,
                                                "Actual Total Time": 131.454,
                                                "Actual Rows": 611293,
                                                "Actual Loops": 1
                                            },
                                            {
                                                "Worker Number": 1,
                                                "Actual Startup Time": 0.211,
                                                "Actual Total Time": 125.879,
                                                "Actual Rows": 391374,
                                                "Actual Loops": 1
                                            },
                                            {
                                                "Worker Number": 2,
                                                "Actual Startup Time": 0.298,
                                                "Actual Total Time": 133.44,
                                                "Actual Rows": 585652,
                                                "Actual Loops": 1
                                            }
                                        ]
                                    },
                                    {
                                        "Node Type": "Hash",
                                        "Parent Relationship": "Inner",
                                        "Parallel Aware": true,
                                        "Startup Cost": 78938.2,
                                        "Total Cost": 78938.2,
                                        "Plan Rows": 77020,
                                        "Plan Width": 8,
                                        "Actual Startup Time": 374.467,
                                        "Actual Total Time": 374.894,
                                        "Actual Rows": 126842,
                                        "Actual Loops": 4,
                                        "Output": [
                                            "t.id",
                                            "mc.movie_id"
                                        ],
                                        "Hash Buckets": 524288,
                                        "Original Hash Buckets": 262144,
                                        "Hash Batches": 1,
                                        "Original Hash Batches": 1,
                                        "Peak Memory Usage": 26080,
                                        "Workers": [
                                            {
                                                "Worker Number": 0,
                                                "Actual Startup Time": 372.525,
                                                "Actual Total Time": 372.528,
                                                "Actual Rows": 136151,
                                                "Actual Loops": 1
                                            },
                                            {
                                                "Worker Number": 1,
                                                "Actual Startup Time": 372.469,
                                                "Actual Total Time": 372.473,
                                                "Actual Rows": 99847,
                                                "Actual Loops": 1
                                            },
                                            {
                                                "Worker Number": 2,
                                                "Actual Startup Time": 372.443,
                                                "Actual Total Time": 372.447,
                                                "Actual Rows": 125341,
                                                "Actual Loops": 1
                                            }
                                        ],
                                        "Plans": [
                                            {
                                                "Node Type": "Hash Join",
                                                "Parent Relationship": "Outer",
                                                "Parallel Aware": true,
                                                "Join Type": "Inner",
                                                "Startup Cost": 47009.89,
                                                "Total Cost": 78938.2,
                                                "Plan Rows": 77020,
                                                "Plan Width": 8,
                                                "Actual Startup Time": 193.735,
                                                "Actual Total Time": 333.329,
                                                "Actual Rows": 126842,
                                                "Actual Loops": 4,
                                                "Output": [
                                                    "t.id",
                                                    "mc.movie_id"
                                                ],
                                                "Inner Unique": true,
                                                "Hash Cond": "(mc.movie_id = t.id)",
                                                "Workers": [
                                                    {
                                                        "Worker Number": 0,
                                                        "Actual Startup Time": 191.886,
                                                        "Actual Total Time": 331.143,
                                                        "Actual Rows": 136151,
                                                        "Actual Loops": 1
                                                    },
                                                    {
                                                        "Worker Number": 1,
                                                        "Actual Startup Time": 191.856,
                                                        "Actual Total Time": 332.288,
                                                        "Actual Rows": 99847,
                                                        "Actual Loops": 1
                                                    },
                                                    {
                                                        "Worker Number": 2,
                                                        "Actual Startup Time": 191.646,
                                                        "Actual Total Time": 330.579,
                                                        "Actual Rows": 125341,
                                                        "Actual Loops": 1
                                                    }
                                                ],
                                                "Plans": [
                                                    {
                                                        "Node Type": "Seq Scan",
                                                        "Parent Relationship": "Outer",
                                                        "Parallel Aware": true,
                                                        "Relation Name": "movie_companies",
                                                        "Schema": "public",
                                                        "Alias": "mc",
                                                        "Startup Cost": 0.0,
                                                        "Total Cost": 31414.82,
                                                        "Plan Rows": 195615,
                                                        "Plan Width": 4,
                                                        "Actual Startup Time": 0.027,
                                                        "Actual Total Time": 73.731,
                                                        "Actual Rows": 206051,
                                                        "Actual Loops": 4,
                                                        "Output": [
                                                            "mc.id",
                                                            "mc.movie_id",
                                                            "mc.company_id",
                                                            "mc.company_type_id",
                                                            "mc.note"
                                                        ],
                                                        "Filter": "((mc.company_id < 11141) AND (mc.company_type_id = 1))",
                                                        "Rows Removed by Filter": 446231,
                                                        "Workers": [
                                                            {
                                                                "Worker Number": 0,
                                                                "Actual Startup Time": 0.027,
                                                                "Actual Total Time": 74.182,
                                                                "Actual Rows": 223067,
                                                                "Actual Loops": 1
                                                            },
                                                            {
                                                                "Worker Number": 1,
                                                                "Actual Startup Time": 0.035,
                                                                "Actual Total Time": 78.018,
                                                                "Actual Rows": 162844,
                                                                "Actual Loops": 1
                                                            },
                                                            {
                                                                "Worker Number": 2,
                                                                "Actual Startup Time": 0.034,
                                                                "Actual Total Time": 72.871,
                                                                "Actual Rows": 198880,
                                                                "Actual Loops": 1
                                                            }
                                                        ]
                                                    },
                                                    {
                                                        "Node Type": "Hash",
                                                        "Parent Relationship": "Inner",
                                                        "Parallel Aware": true,
                                                        "Startup Cost": 43899.01,
                                                        "Total Cost": 43899.01,
                                                        "Plan Rows": 248871,
                                                        "Plan Width": 4,
                                                        "Actual Startup Time": 190.047,
                                                        "Actual Total Time": 190.048,
                                                        "Actual Rows": 246262,
                                                        "Actual Loops": 4,
                                                        "Output": [
                                                            "t.id"
                                                        ],
                                                        "Hash Buckets": 1048576,
                                                        "Original Hash Buckets": 1048576,
                                                        "Hash Batches": 1,
                                                        "Original Hash Batches": 1,
                                                        "Peak Memory Usage": 46784,
                                                        "Workers": [
                                                            {
                                                                "Worker Number": 0,
                                                                "Actual Startup Time": 191.427,
                                                                "Actual Total Time": 191.429,
                                                                "Actual Rows": 262588,
                                                                "Actual Loops": 1
                                                            },
                                                            {
                                                                "Worker Number": 1,
                                                                "Actual Startup Time": 191.445,
                                                                "Actual Total Time": 191.446,
                                                                "Actual Rows": 186163,
                                                                "Actual Loops": 1
                                                            },
                                                            {
                                                                "Worker Number": 2,
                                                                "Actual Startup Time": 191.369,
                                                                "Actual Total Time": 191.371,
                                                                "Actual Rows": 228096,
                                                                "Actual Loops": 1
                                                            }
                                                        ],
                                                        "Plans": [
                                                            {
                                                                "Node Type": "Seq Scan",
                                                                "Parent Relationship": "Outer",
                                                                "Parallel Aware": true,
                                                                "Relation Name": "title",
                                                                "Schema": "public",
                                                                "Alias": "t",
                                                                "Startup Cost": 0.0,
                                                                "Total Cost": 43899.01,
                                                                "Plan Rows": 248871,
                                                                "Plan Width": 4,
                                                                "Actual Startup Time": 0.059,
                                                                "Actual Total Time": 106.52,
                                                                "Actual Rows": 246262,
                                                                "Actual Loops": 4,
                                                                "Output": [
                                                                    "t.id"
                                                                ],
                                                                "Filter": "(t.kind_id < 7)",
                                                                "Rows Removed by Filter": 385816,
                                                                "Workers": [
                                                                    {
                                                                        "Worker Number": 0,
                                                                        "Actual Startup Time": 0.066,
                                                                        "Actual Total Time": 108.086,
                                                                        "Actual Rows": 262588,
                                                                        "Actual Loops": 1
                                                                    },
                                                                    {
                                                                        "Worker Number": 1,
                                                                        "Actual Startup Time": 0.077,
                                                                        "Actual Total Time": 110.687,
                                                                        "Actual Rows": 186163,
                                                                        "Actual Loops": 1
                                                                    },
                                                                    {
                                                                        "Worker Number": 2,
                                                                        "Actual Startup Time": 0.075,
                                                                        "Actual Total Time": 104.631,
                                                                        "Actual Rows": 228096,
                                                                        "Actual Loops": 1
                                                                    }
                                                                ]
                                                            }
                                                        ]
                                                    }
                                                ]
                                            }
                                        ]
                                    }
                                ]
                            }
                        ]
                    }
                ]
            }
        ]
    },
    "Planning Time": 1.594,
    "Triggers": [],
    "Execution Time": 837.259
}