[
    {
        "Bao": {
            "Bao prediction": "NaN",
            "Bao recommended hint": "(no hint)"
        }
    },
    {
        "Plan": {
            "Node Type": "Aggregate",
            "Strategy": "Plain",
            "Partial Mode": "Finalize",
            "Parallel Aware": false,
            "Startup Cost": 40105.04,
            "Total Cost": 40105.05,
            "Plan Rows": 1,
            "Plan Width": 8,
            "Actual Startup Time": 54.496,
            "Actual Total Time": 58.467,
            "Actual Rows": 1,
            "Actual Loops": 1,
            "Output": [
                "count(*)"
            ],
            "Plans": [
                {
                    "Node Type": "Gather",
                    "Parent Relationship": "Outer",
                    "Parallel Aware": false,
                    "Startup Cost": 40104.62,
                    "Total Cost": 40105.03,
                    "Plan Rows": 4,
                    "Plan Width": 8,
                    "Actual Startup Time": 54.128,
                    "Actual Total Time": 58.461,
                    "Actual Rows": 5,
                    "Actual Loops": 1,
                    "Output": [
                        "(PARTIAL count(*))"
                    ],
                    "Workers Planned": 4,
                    "Workers Launched": 4,
                    "Single Copy": false,
                    "Plans": [
                        {
                            "Node Type": "Aggregate",
                            "Strategy": "Plain",
                            "Partial Mode": "Partial",
                            "Parent Relationship": "Outer",
                            "Parallel Aware": false,
                            "Startup Cost": 39104.62,
                            "Total Cost": 39104.63,
                            "Plan Rows": 1,
                            "Plan Width": 8,
                            "Actual Startup Time": 44.589,
                            "Actual Total Time": 44.59,
                            "Actual Rows": 1,
                            "Actual Loops": 5,
                            "Output": [
                                "PARTIAL count(*)"
                            ],
                            "Workers": [
                                {
                                    "Worker Number": 0,
                                    "Actual Startup Time": 41.725,
                                    "Actual Total Time": 41.726,
                                    "Actual Rows": 1,
                                    "Actual Loops": 1
                                },
                                {
                                    "Worker Number": 1,
                                    "Actual Startup Time": 42.406,
                                    "Actual Total Time": 42.407,
                                    "Actual Rows": 1,
                                    "Actual Loops": 1
                                },
                                {
                                    "Worker Number": 2,
                                    "Actual Startup Time": 42.554,
                                    "Actual Total Time": 42.556,
                                    "Actual Rows": 1,
                                    "Actual Loops": 1
                                },
                                {
                                    "Worker Number": 3,
                                    "Actual Startup Time": 42.683,
                                    "Actual Total Time": 42.684,
                                    "Actual Rows": 1,
                                    "Actual Loops": 1
                                }
                            ],
                            "Plans": [
                                {
                                    "Node Type": "Nested Loop",
                                    "Parent Relationship": "Outer",
                                    "Parallel Aware": false,
                                    "Join Type": "Inner",
                                    "Startup Cost": 1662.81,
                                    "Total Cost": 39104.44,
                                    "Plan Rows": 73,
                                    "Plan Width": 0,
                                    "Actual Startup Time": 7.781,
                                    "Actual Total Time": 44.572,
                                    "Actual Rows": 97,
                                    "Actual Loops": 5,
                                    "Inner Unique": false,
                                    "Workers": [
                                        {
                                            "Worker Number": 0,
                                            "Actual Startup Time": 5.443,
                                            "Actual Total Time": 41.71,
                                            "Actual Rows": 63,
                                            "Actual Loops": 1
                                        },
                                        {
                                            "Worker Number": 1,
                                            "Actual Startup Time": 4.038,
                                            "Actual Total Time": 42.393,
                                            "Actual Rows": 39,
                                            "Actual Loops": 1
                                        },
                                        {
                                            "Worker Number": 2,
                                            "Actual Startup Time": 3.239,
                                            "Actual Total Time": 42.539,
                                            "Actual Rows": 63,
                                            "Actual Loops": 1
                                        },
                                        {
                                            "Worker Number": 3,
                                            "Actual Startup Time": 13.03,
                                            "Actual Total Time": 42.668,
                                            "Actual Rows": 57,
                                            "Actual Loops": 1
                                        }
                                    ],
                                    "Plans": [
                                        {
                                            "Node Type": "Bitmap Heap Scan",
                                            "Parent Relationship": "Outer",
                                            "Parallel Aware": true,
                                            "Relation Name": "title",
                                            "Schema": "public",
                                            "Alias": "t",
                                            "Startup Cost": 1662.38,
                                            "Total Cost": 38009.29,
                                            "Plan Rows": 133,
                                            "Plan Width": 4,
                                            "Actual Startup Time": 4.671,
                                            "Actual Total Time": 43.132,
                                            "Actual Rows": 100,
                                            "Actual Loops": 5,
                                            "Output": [
                                                "t.id",
                                                "t.title",
                                                "t.imdb_index",
                                                "t.kind_id",
                                                "t.production_year",
                                                "t.imdb_id",
                                                "t.phonetic_code",
                                                "t.episode_of_id",
                                                "t.season_nr",
                                                "t.episode_nr",
                                                "t.series_years",
                                                "t.md5sum"
                                            ],
                                            "Recheck Cond": "(t.kind_id = 2)",
                                            "Rows Removed by Index Recheck": 0,
                                            "Filter": "(t.production_year = 1965)",
                                            "Rows Removed by Filter": 18070,
                                            "Exact Heap Blocks": 12964,
                                            "Lossy Heap Blocks": 0,
                                            "Workers": [
                                                {
                                                    "Worker Number": 0,
                                                    "Actual Startup Time": 2.183,
                                                    "Actual Total Time": 40.139,
                                                    "Actual Rows": 60,
                                                    "Actual Loops": 1
                                                },
                                                {
                                                    "Worker Number": 1,
                                                    "Actual Startup Time": 3.817,
                                                    "Actual Total Time": 40.994,
                                                    "Actual Rows": 49,
                                                    "Actual Loops": 1
                                                },
                                                {
                                                    "Worker Number": 2,
                                                    "Actual Startup Time": 2.793,
                                                    "Actual Total Time": 41.031,
                                                    "Actual Rows": 58,
                                                    "Actual Loops": 1
                                                },
                                                {
                                                    "Worker Number": 3,
                                                    "Actual Startup Time": 2.518,
                                                    "Actual Total Time": 41.146,
                                                    "Actual Rows": 56,
                                                    "Actual Loops": 1
                                                }
                                            ],
                                            "Plans": [
                                                {
                                                    "Node Type": "Bitmap Index Scan",
                                                    "Parent Relationship": "Outer",
                                                    "Parallel Aware": false,
                                                    "Index Name": "kind_id_title",
                                                    "Startup Cost": 0.0,
                                                    "Total Cost": 1662.25,
                                                    "Plan Rows": 93042,
                                                    "Plan Width": 0,
                                                    "Actual Startup Time": 7.137,
                                                    "Actual Total Time": 7.137,
                                                    "Actual Rows": 90852,
                                                    "Actual Loops": 1,
                                                    "Index Cond": "(t.kind_id = 2)"
                                                }
                                            ]
                                        },
                                        {
                                            "Node Type": "Index Only Scan",
                                            "Parent Relationship": "Inner",
                                            "Parallel Aware": false,
                                            "Scan Direction": "Forward",
                                            "Index Name": "movie_id_movie_info_idx",
                                            "Relation Name": "movie_info_idx",
                                            "Schema": "public",
                                            "Alias": "mi_idx",
                                            "Startup Cost": 0.43,
                                            "Total Cost": 8.2,
                                            "Plan Rows": 3,
                                            "Plan Width": 4,
                                            "Actual Startup Time": 0.013,
                                            "Actual Total Time": 0.013,
                                            "Actual Rows": 1,
                                            "Actual Loops": 501,
                                            "Output": [
                                                "mi_idx.movie_id"
                                            ],
                                            "Index Cond": "(mi_idx.movie_id = t.id)",
                                            "Rows Removed by Index Recheck": 0,
                                            "Heap Fetches": 483,
                                            "Workers": [
                                                {
                                                    "Worker Number": 0,
                                                    "Actual Startup Time": 0.024,
                                                    "Actual Total Time": 0.025,
                                                    "Actual Rows": 1,
                                                    "Actual Loops": 60
                                                },
                                                {
                                                    "Worker Number": 1,
                                                    "Actual Startup Time": 0.027,
                                                    "Actual Total Time": 0.027,
                                                    "Actual Rows": 1,
                                                    "Actual Loops": 49
                                                },
                                                {
                                                    "Worker Number": 2,
                                                    "Actual Startup Time": 0.024,
                                                    "Actual Total Time": 0.025,
                                                    "Actual Rows": 1,
                                                    "Actual Loops": 58
                                                },
                                                {
                                                    "Worker Number": 3,
                                                    "Actual Startup Time": 0.025,
                                                    "Actual Total Time": 0.026,
                                                    "Actual Rows": 1,
                                                    "Actual Loops": 56
                                                }
                                            ]
                                        }
                                    ]
                                }
                            ]
                        }
                    ]
                }
            ]
        },
        "Planning Time": 179.338,
        "Triggers": [],
        "Execution Time": 58.579
    }
]