[
  {
    "Plan": {
      "Node Type": "Aggregate",
      "Strategy": "Plain",
      "Partial Mode": "Finalize",
      "Parallel Aware": false,
      "Startup Cost": 83447.49,
      "Total Cost": 83447.5,
      "Plan Rows": 1,
      "Plan Width": 8,
      "Actual Startup Time": 509.609,
      "Actual Total Time": 523.27,
      "Actual Rows": 1,
      "Actual Loops": 1,
      "Plans": [
        {
          "Node Type": "Gather",
          "Parent Relationship": "Outer",
          "Parallel Aware": false,
          "Startup Cost": 83447.07,
          "Total Cost": 83447.48,
          "Plan Rows": 4,
          "Plan Width": 8,
          "Actual Startup Time": 504.019,
          "Actual Total Time": 523.225,
          "Actual Rows": 5,
          "Actual Loops": 1,
          "Workers Planned": 4,
          "Workers Launched": 4,
          "Single Copy": false,
          "Plans": [
            {
              "Node Type": "Aggregate",
              "Strategy": "Plain",
              "Partial Mode": "Partial",
              "Parent Relationship": "Outer",
              "Parallel Aware": false,
              "Startup Cost": 82447.07,
              "Total Cost": 82447.08,
              "Plan Rows": 1,
              "Plan Width": 8,
              "Actual Startup Time": 494.619,
              "Actual Total Time": 494.933,
              "Actual Rows": 1,
              "Actual Loops": 5,
              "Plans": [
                {
                  "Node Type": "Hash Join",
                  "Parent Relationship": "Outer",
                  "Parallel Aware": true,
                  "Join Type": "Inner",
                  "Startup Cost": 35513.09,
                  "Total Cost": 81811.84,
                  "Plan Rows": 254093,
                  "Plan Width": 0,
                  "Actual Startup Time": 208.728,
                  "Actual Total Time": 481.617,
                  "Actual Rows": 233100,
                  "Actual Loops": 5,
                  "Inner Unique": false,
                  "Hash Cond": "(t.id = mc.movie_id)",
                  "Plans": [
                    {
                      "Node Type": "Seq Scan",
                      "Parent Relationship": "Outer",
                      "Parallel Aware": true,
                      "Relation Name": "title",
                      "Alias": "t",
                      "Startup Cost": 0.0,
                      "Total Cost": 42318.73,
                      "Plan Rows": 632073,
                      "Plan Width": 4,
                      "Actual Startup Time": 0.011,
                      "Actual Total Time": 74.945,
                      "Actual Rows": 505662,
                      "Actual Loops": 5
                    },
                    {
                      "Node Type": "Hash",
                      "Parent Relationship": "Inner",
                      "Parallel Aware": true,
                      "Startup Cost": 31414.82,
                      "Total Cost": 31414.82,
                      "Plan Rows": 327862,
                      "Plan Width": 4,
                      "Actual Startup Time": 204.435,
                      "Actual Total Time": 204.436,
                      "Actual Rows": 233100,
                      "Actual Loops": 5,
                      "Hash Buckets": 2097152,
                      "Original Hash Buckets": 1048576,
                      "Hash Batches": 1,
                      "Original Hash Batches": 1,
                      "Peak Memory Usage": 70208,
                      "Plans": [
                        {
                          "Node Type": "Seq Scan",
                          "Parent Relationship": "Outer",
                          "Parallel Aware": true,
                          "Relation Name": "movie_companies",
                          "Alias": "mc",
                          "Startup Cost": 0.0,
                          "Total Cost": 31414.82,
                          "Plan Rows": 327862,
                          "Plan Width": 4,
                          "Actual Startup Time": 50.681,
                          "Actual Total Time": 93.834,
                          "Actual Rows": 233100,
                          "Actual Loops": 5,
                          "Filter": "((company_id > 687) AND (company_type_id = 2))",
                          "Rows Removed by Filter": 288725
                        }
                      ]
                    }
                  ]
                }
              ]
            }
          ]
        }
      ]
    },
    "Planning Time": 0.72,
    "Triggers": [],
    "Execution Time": 523.346
  }
]