{
  "Plan": {
    "Node Type": "Aggregate",
    "Strategy": "Plain",
    "Partial Mode": "Finalize",
    "Parallel Aware": false,
    "Startup Cost": 391370.12,
    "Total Cost": 391370.13,
    "Plan Rows": 1,
    "Plan Width": 8,
    "Actual Startup Time": 1720.474,
    "Actual Total Time": 1746.395,
    "Actual Rows": 1,
    "Actual Loops": 1,
    "Plans": [
      {
        "Node Type": "Gather",
        "Parent Relationship": "Outer",
        "Parallel Aware": false,
        "Startup Cost": 391370.01,
        "Total Cost": 391370.12,
        "Plan Rows": 1,
        "Plan Width": 8,
        "Actual Startup Time": 1718.147,
        "Actual Total Time": 1746.385,
        "Actual Rows": 2,
        "Actual Loops": 1,
        "Workers Planned": 1,
        "Workers Launched": 1,
        "Single Copy": false,
        "Plans": [
          {
            "Node Type": "Aggregate",
            "Strategy": "Plain",
            "Partial Mode": "Partial",
            "Parent Relationship": "Outer",
            "Parallel Aware": false,
            "Startup Cost": 390370.01,
            "Total Cost": 390370.02,
            "Plan Rows": 1,
            "Plan Width": 8,
            "Actual Startup Time": 1712.22,
            "Actual Total Time": 1713.055,
            "Actual Rows": 1,
            "Actual Loops": 2,
            "Plans": [
              {
                "Node Type": "Hash Join",
                "Parent Relationship": "Outer",
                "Parallel Aware": true,
                "Join Type": "Inner",
                "Startup Cost": 134043.89,
                "Total Cost": 386126.22,
                "Plan Rows": 1697515,
                "Plan Width": 0,
                "Actual Startup Time": 645.069,
                "Actual Total Time": 1678.542,
                "Actual Rows": 799083,
                "Actual Loops": 2,
                "Inner Unique": false,
                "Hash Cond": "(ci.movie_id = t.id)",
                "Plans": [
                  {
                    "Node Type": "Index Scan",
                    "Parent Relationship": "Outer",
                    "Parallel Aware": true,
                    "Scan Direction": "Forward",
                    "Index Name": "role_id_cast_info",
                    "Relation Name": "cast_info",
                    "Alias": "ci",
                    "Startup Cost": 0.56,
                    "Total Cost": 225853.5,
                    "Plan Rows": 4331734,
                    "Plan Width": 4,
                    "Actual Startup Time": 0.067,
                    "Actual Total Time": 485.82,
                    "Actual Rows": 3725986,
                    "Actual Loops": 2,
                    "Index Cond": "(role_id = 2)",
                    "Rows Removed by Index Recheck": 0
                  },
                  {
                    "Node Type": "Hash",
                    "Parent Relationship": "Inner",
                    "Parallel Aware": true,
                    "Startup Cost": 126758.14,
                    "Total Cost": 126758.14,
                    "Plan Rows": 582815,
                    "Plan Width": 8,
                    "Actual Startup Time": 636.09,
                    "Actual Total Time": 636.922,
                    "Actual Rows": 128094,
                    "Actual Loops": 2,
                    "Hash Buckets": 1048576,
                    "Original Hash Buckets": 1048576,
                    "Hash Batches": 1,
                    "Original Hash Batches": 1,
                    "Peak Memory Usage": 18240,
                    "Plans": [
                      {
                        "Node Type": "Hash Join",
                        "Parent Relationship": "Outer",
                        "Parallel Aware": true,
                        "Join Type": "Inner",
                        "Startup Cost": 64273.71,
                        "Total Cost": 126758.14,
                        "Plan Rows": 582815,
                        "Plan Width": 8,
                        "Actual Startup Time": 269.299,
                        "Actual Total Time": 611.253,
                        "Actual Rows": 128094,
                        "Actual Loops": 2,
                        "Inner Unique": true,
                        "Hash Cond": "(mk.movie_id = t.id)",
                        "Plans": [
                          {
                            "Node Type": "Seq Scan",
                            "Parent Relationship": "Outer",
                            "Parallel Aware": true,
                            "Relation Name": "movie_keyword",
                            "Alias": "mk",
                            "Startup Cost": 0.0,
                            "Total Cost": 57718.19,
                            "Plan Rows": 1815708,
                            "Plan Width": 4,
                            "Actual Startup Time": 0.183,
                            "Actual Total Time": 188.887,
                            "Actual Rows": 1537734,
                            "Actual Loops": 2,
                            "Filter": "(keyword_id > 2035)",
                            "Rows Removed by Filter": 724230
                          },
                          {
                            "Node Type": "Hash",
                            "Parent Relationship": "Inner",
                            "Parallel Aware": true,
                            "Startup Cost": 58306.47,
                            "Total Cost": 58306.47,
                            "Plan Rows": 477379,
                            "Plan Width": 4,
                            "Actual Startup Time": 263.652,
                            "Actual Total Time": 263.653,
                            "Actual Rows": 440972,
                            "Actual Loops": 2,
                            "Hash Buckets": 1048576,
                            "Original Hash Buckets": 1048576,
                            "Hash Batches": 1,
                            "Original Hash Batches": 1,
                            "Peak Memory Usage": 42720,
                            "Plans": [
                              {
                                "Node Type": "Seq Scan",
                                "Parent Relationship": "Outer",
                                "Parallel Aware": true,
                                "Relation Name": "title",
                                "Alias": "t",
                                "Startup Cost": 0.0,
                                "Total Cost": 58306.47,
                                "Plan Rows": 477379,
                                "Plan Width": 4,
                                "Actual Startup Time": 0.037,
                                "Actual Total Time": 154.003,
                                "Actual Rows": 440972,
                                "Actual Loops": 2,
                                "Filter": "((production_year > 2001) AND (kind_id = 7))",
                                "Rows Removed by Filter": 823184
                              }
                            ]
                          }
                        ]
                      }
                    ]
                  }
                ]
              }
            ]
          }
        ]
      }
    ]
  },
  "Planning Time": 1.063,
  "Triggers": [],
  "Execution Time": 1746.488
}