{
  "Plan": {
    "Node Type": "Aggregate",
    "Strategy": "Plain",
    "Partial Mode": "Simple",
    "Parallel Aware": false,
    "Startup Cost": 269716.84,
    "Total Cost": 269716.85,
    "Plan Rows": 1,
    "Plan Width": 32,
    "Actual Startup Time": 6883.805,
    "Actual Total Time": 6915.258,
    "Actual Rows": 1,
    "Actual Loops": 1,
    "Plans": [
      {
        "Node Type": "Gather",
        "Parent Relationship": "Outer",
        "Parallel Aware": false,
        "Startup Cost": 1004.96,
        "Total Cost": 269716.84,
        "Plan Rows": 1,
        "Plan Width": 17,
        "Actual Startup Time": 2835.077,
        "Actual Total Time": 6915.233,
        "Actual Rows": 2,
        "Actual Loops": 1,
        "Workers Planned": 1,
        "Workers Launched": 1,
        "Single Copy": false,
        "Plans": [
          {
            "Node Type": "Nested Loop",
            "Parent Relationship": "Outer",
            "Parallel Aware": false,
            "Join Type": "Inner",
            "Startup Cost": 4.96,
            "Total Cost": 268716.74,
            "Plan Rows": 1,
            "Plan Width": 17,
            "Actual Startup Time": 2698.616,
            "Actual Total Time": 6875.975,
            "Actual Rows": 1,
            "Actual Loops": 2,
            "Inner Unique": true,
            "Plans": [
              {
                "Node Type": "Nested Loop",
                "Parent Relationship": "Outer",
                "Parallel Aware": false,
                "Join Type": "Inner",
                "Startup Cost": 4.82,
                "Total Cost": 268716.57,
                "Plan Rows": 1,
                "Plan Width": 21,
                "Actual Startup Time": 2698.561,
                "Actual Total Time": 6875.917,
                "Actual Rows": 1,
                "Actual Loops": 2,
                "Inner Unique": true,
                "Plans": [
                  {
                    "Node Type": "Nested Loop",
                    "Parent Relationship": "Outer",
                    "Parallel Aware": false,
                    "Join Type": "Inner",
                    "Startup Cost": 4.39,
                    "Total Cost": 268716.11,
                    "Plan Rows": 1,
                    "Plan Width": 12,
                    "Actual Startup Time": 2698.448,
                    "Actual Total Time": 6875.802,
                    "Actual Rows": 1,
                    "Actual Loops": 2,
                    "Inner Unique": true,
                    "Plans": [
                      {
                        "Node Type": "Nested Loop",
                        "Parent Relationship": "Outer",
                        "Parallel Aware": false,
                        "Join Type": "Inner",
                        "Startup Cost": 3.97,
                        "Total Cost": 268715.21,
                        "Plan Rows": 2,
                        "Plan Width": 16,
                        "Actual Startup Time": 2298.229,
                        "Actual Total Time": 6873.729,
                        "Actual Rows": 122,
                        "Actual Loops": 2,
                        "Inner Unique": false,
                        "Plans": [
                          {
                            "Node Type": "Nested Loop",
                            "Parent Relationship": "Outer",
                            "Parallel Aware": false,
                            "Join Type": "Inner",
                            "Startup Cost": 3.54,
                            "Total Cost": 268713.51,
                            "Plan Rows": 1,
                            "Plan Width": 8,
                            "Actual Startup Time": 1840.11,
                            "Actual Total Time": 6873.33,
                            "Actual Rows": 4,
                            "Actual Loops": 2,
                            "Inner Unique": true,
                            "Plans": [
                              {
                                "Node Type": "Hash Join",
                                "Parent Relationship": "Outer",
                                "Parallel Aware": false,
                                "Join Type": "Inner",
                                "Startup Cost": 3.11,
                                "Total Cost": 268705.72,
                                "Plan Rows": 17,
                                "Plan Width": 12,
                                "Actual Startup Time": 21.042,
                                "Actual Total Time": 6856.124,
                                "Actual Rows": 1288,
                                "Actual Loops": 2,
                                "Inner Unique": true,
                                "Hash Cond": "(cc.status_id = cct2.id)",
                                "Plans": [
                                  {
                                    "Node Type": "Hash Join",
                                    "Parent Relationship": "Outer",
                                    "Parallel Aware": false,
                                    "Join Type": "Inner",
                                    "Startup Cost": 2.05,
                                    "Total Cost": 268704.29,
                                    "Plan Rows": 68,
                                    "Plan Width": 16,
                                    "Actual Startup Time": 20.664,
                                    "Actual Total Time": 6854.185,
                                    "Actual Rows": 1288,
                                    "Actual Loops": 2,
                                    "Inner Unique": true,
                                    "Hash Cond": "(cc.subject_id = cct1.id)",
                                    "Plans": [
                                      {
                                        "Node Type": "Nested Loop",
                                        "Parent Relationship": "Outer",
                                        "Parallel Aware": false,
                                        "Join Type": "Inner",
                                        "Startup Cost": 0.98,
                                        "Total Cost": 268701.76,
                                        "Plan Rows": 272,
                                        "Plan Width": 20,
                                        "Actual Startup Time": 20.581,
                                        "Actual Total Time": 6851.384,
                                        "Actual Rows": 2231,
                                        "Actual Loops": 2,
                                        "Inner Unique": false,
                                        "Plans": [
                                          {
                                            "Node Type": "Nested Loop",
                                            "Parent Relationship": "Outer",
                                            "Parallel Aware": false,
                                            "Join Type": "Inner",
                                            "Startup Cost": 0.56,
                                            "Total Cost": 267688.78,
                                            "Plan Rows": 2132,
                                            "Plan Width": 8,
                                            "Actual Startup Time": 7.388,
                                            "Actual Total Time": 6670.779,
                                            "Actual Rows": 33296,
                                            "Actual Loops": 2,
                                            "Inner Unique": false,
                                            "Plans": [
                                              {
                                                "Node Type": "Seq Scan",
                                                "Parent Relationship": "Outer",
                                                "Parallel Aware": true,
                                                "Relation Name": "name",
                                                "Alias": "n",
                                                "Startup Cost": 0.0,
                                                "Total Cost": 86254.38,
                                                "Plan Rows": 245,
                                                "Plan Width": 4,
                                                "Actual Startup Time": 0.396,
                                                "Actual Total Time": 880.493,
                                                "Actual Rows": 2945,
                                                "Actual Loops": 2,
                                                "Filter": "(name ~~ '%Mar\u00eda%'::text)",
                                                "Rows Removed by Filter": 2080800
                                              },
                                              {
                                                "Node Type": "Index Scan",
                                                "Parent Relationship": "Inner",
                                                "Parallel Aware": false,
                                                "Scan Direction": "Forward",
                                                "Index Name": "person_id_cast_info",
                                                "Relation Name": "cast_info",
                                                "Alias": "ci",
                                                "Startup Cost": 0.56,
                                                "Total Cost": 735.45,
                                                "Plan Rows": 510,
                                                "Plan Width": 12,
                                                "Actual Startup Time": 1.946,
                                                "Actual Total Time": 1.959,
                                                "Actual Rows": 11,
                                                "Actual Loops": 5890,
                                                "Index Cond": "(person_id = n.id)",
                                                "Rows Removed by Index Recheck": 0
                                              }
                                            ]
                                          },
                                          {
                                            "Node Type": "Index Scan",
                                            "Parent Relationship": "Inner",
                                            "Parallel Aware": false,
                                            "Scan Direction": "Forward",
                                            "Index Name": "movie_id_complete_cast",
                                            "Relation Name": "complete_cast",
                                            "Alias": "cc",
                                            "Startup Cost": 0.42,
                                            "Total Cost": 0.46,
                                            "Plan Rows": 2,
                                            "Plan Width": 12,
                                            "Actual Startup Time": 0.004,
                                            "Actual Total Time": 0.005,
                                            "Actual Rows": 0,
                                            "Actual Loops": 66591,
                                            "Index Cond": "(movie_id = ci.movie_id)",
                                            "Rows Removed by Index Recheck": 0
                                          }
                                        ]
                                      },
                                      {
                                        "Node Type": "Hash",
                                        "Parent Relationship": "Inner",
                                        "Parallel Aware": false,
                                        "Startup Cost": 1.05,
                                        "Total Cost": 1.05,
                                        "Plan Rows": 1,
                                        "Plan Width": 4,
                                        "Actual Startup Time": 0.043,
                                        "Actual Total Time": 0.044,
                                        "Actual Rows": 1,
                                        "Actual Loops": 2,
                                        "Hash Buckets": 1024,
                                        "Original Hash Buckets": 1024,
                                        "Hash Batches": 1,
                                        "Original Hash Batches": 1,
                                        "Peak Memory Usage": 9,
                                        "Plans": [
                                          {
                                            "Node Type": "Seq Scan",
                                            "Parent Relationship": "Outer",
                                            "Parallel Aware": false,
                                            "Relation Name": "comp_cast_type",
                                            "Alias": "cct1",
                                            "Startup Cost": 0.0,
                                            "Total Cost": 1.05,
                                            "Plan Rows": 1,
                                            "Plan Width": 4,
                                            "Actual Startup Time": 0.018,
                                            "Actual Total Time": 0.022,
                                            "Actual Rows": 1,
                                            "Actual Loops": 2,
                                            "Filter": "((kind)::text = 'cast'::text)",
                                            "Rows Removed by Filter": 3
                                          }
                                        ]
                                      }
                                    ]
                                  },
                                  {
                                    "Node Type": "Hash",
                                    "Parent Relationship": "Inner",
                                    "Parallel Aware": false,
                                    "Startup Cost": 1.05,
                                    "Total Cost": 1.05,
                                    "Plan Rows": 1,
                                    "Plan Width": 4,
                                    "Actual Startup Time": 0.086,
                                    "Actual Total Time": 0.087,
                                    "Actual Rows": 2,
                                    "Actual Loops": 2,
                                    "Hash Buckets": 1024,
                                    "Original Hash Buckets": 1024,
                                    "Hash Batches": 1,
                                    "Original Hash Batches": 1,
                                    "Peak Memory Usage": 9,
                                    "Plans": [
                                      {
                                        "Node Type": "Seq Scan",
                                        "Parent Relationship": "Outer",
                                        "Parallel Aware": false,
                                        "Relation Name": "comp_cast_type",
                                        "Alias": "cct2",
                                        "Startup Cost": 0.0,
                                        "Total Cost": 1.05,
                                        "Plan Rows": 1,
                                        "Plan Width": 4,
                                        "Actual Startup Time": 0.066,
                                        "Actual Total Time": 0.07,
                                        "Actual Rows": 2,
                                        "Actual Loops": 2,
                                        "Filter": "((kind)::text ~~ '%complete%'::text)",
                                        "Rows Removed by Filter": 2
                                      }
                                    ]
                                  }
                                ]
                              },
                              {
                                "Node Type": "Index Scan",
                                "Parent Relationship": "Inner",
                                "Parallel Aware": false,
                                "Scan Direction": "Forward",
                                "Index Name": "char_name_pkey",
                                "Relation Name": "char_name",
                                "Alias": "chn",
                                "Startup Cost": 0.43,
                                "Total Cost": 0.46,
                                "Plan Rows": 1,
                                "Plan Width": 4,
                                "Actual Startup Time": 0.012,
                                "Actual Total Time": 0.012,
                                "Actual Rows": 0,
                                "Actual Loops": 2576,
                                "Index Cond": "(id = ci.person_role_id)",
                                "Rows Removed by Index Recheck": 0,
                                "Filter": "((name !~~ '%Sherlock%'::text) AND (name ~~ '%Teresa%'::text))",
                                "Rows Removed by Filter": 0
                              }
                            ]
                          },
                          {
                            "Node Type": "Index Scan",
                            "Parent Relationship": "Inner",
                            "Parallel Aware": false,
                            "Scan Direction": "Forward",
                            "Index Name": "movie_id_movie_keyword",
                            "Relation Name": "movie_keyword",
                            "Alias": "mk",
                            "Startup Cost": 0.43,
                            "Total Cost": 1.24,
                            "Plan Rows": 46,
                            "Plan Width": 8,
                            "Actual Startup Time": 0.06,
                            "Actual Total Time": 0.093,
                            "Actual Rows": 35,
                            "Actual Loops": 7,
                            "Index Cond": "(movie_id = ci.movie_id)",
                            "Rows Removed by Index Recheck": 0
                          }
                        ]
                      },
                      {
                        "Node Type": "Index Scan",
                        "Parent Relationship": "Inner",
                        "Parallel Aware": false,
                        "Scan Direction": "Forward",
                        "Index Name": "keyword_pkey",
                        "Relation Name": "keyword",
                        "Alias": "k",
                        "Startup Cost": 0.42,
                        "Total Cost": 0.45,
                        "Plan Rows": 1,
                        "Plan Width": 4,
                        "Actual Startup Time": 0.016,
                        "Actual Total Time": 0.016,
                        "Actual Rows": 0,
                        "Actual Loops": 244,
                        "Index Cond": "(id = mk.keyword_id)",
                        "Rows Removed by Index Recheck": 0,
                        "Filter": "(keyword = ANY ('{fight,superhero,hand-to-hand-combat,death,tv-special,death,marvel-cinematic-universe,number-in-title}'::text[]))",
                        "Rows Removed by Filter": 1
                      }
                    ]
                  },
                  {
                    "Node Type": "Index Scan",
                    "Parent Relationship": "Inner",
                    "Parallel Aware": false,
                    "Scan Direction": "Forward",
                    "Index Name": "title_pkey",
                    "Relation Name": "title",
                    "Alias": "t",
                    "Startup Cost": 0.43,
                    "Total Cost": 0.45,
                    "Plan Rows": 1,
                    "Plan Width": 25,
                    "Actual Startup Time": 0.108,
                    "Actual Total Time": 0.108,
                    "Actual Rows": 1,
                    "Actual Loops": 2,
                    "Index Cond": "(id = ci.movie_id)",
                    "Rows Removed by Index Recheck": 0,
                    "Filter": "(production_year > 1958)",
                    "Rows Removed by Filter": 0
                  }
                ]
              },
              {
                "Node Type": "Index Scan",
                "Parent Relationship": "Inner",
                "Parallel Aware": false,
                "Scan Direction": "Forward",
                "Index Name": "kind_type_pkey",
                "Relation Name": "kind_type",
                "Alias": "kt",
                "Startup Cost": 0.13,
                "Total Cost": 0.15,
                "Plan Rows": 1,
                "Plan Width": 4,
                "Actual Startup Time": 0.051,
                "Actual Total Time": 0.051,
                "Actual Rows": 1,
                "Actual Loops": 2,
                "Index Cond": "(id = t.kind_id)",
                "Rows Removed by Index Recheck": 0,
                "Filter": "((kind)::text = 'movie'::text)",
                "Rows Removed by Filter": 0
              }
            ]
          }
        ]
      }
    ]
  },
  "Planning Time": 2.977,
  "Triggers": [],
  "Execution Time": 6915.467
}