[
  {
    "Plan": {
      "Node Type": "Aggregate",
      "Strategy": "Plain",
      "Partial Mode": "Simple",
      "Parallel Aware": false,
      "Startup Cost": 21252.77,
      "Total Cost": 21252.78,
      "Plan Rows": 1,
      "Plan Width": 8,
      "Actual Startup Time": 44.718,
      "Actual Total Time": 44.72,
      "Actual Rows": 1,
      "Actual Loops": 1,
      "Plans": [
        {
          "Node Type": "Bitmap Heap Scan",
          "Parent Relationship": "Outer",
          "Parallel Aware": false,
          "Relation Name": "movie_companies",
          "Alias": "mc",
          "Startup Cost": 1456.39,
          "Total Cost": 21085.04,
          "Plan Rows": 67092,
          "Plan Width": 0,
          "Actual Startup Time": 10.848,
          "Actual Total Time": 38.855,
          "Actual Rows": 66787,
          "Actual Loops": 1,
          "Recheck Cond": "(company_id < 7)",
          "Rows Removed by Index Recheck": 0,
          "Exact Heap Blocks": 6015,
          "Lossy Heap Blocks": 0,
          "Plans": [
            {
              "Node Type": "Bitmap Index Scan",
              "Parent Relationship": "Outer",
              "Parallel Aware": false,
              "Index Name": "company_id_movie_companies",
              "Startup Cost": 0.0,
              "Total Cost": 1439.62,
              "Plan Rows": 67092,
              "Plan Width": 0,
              "Actual Startup Time": 8.65,
              "Actual Total Time": 8.651,
              "Actual Rows": 66787,
              "Actual Loops": 1,
              "Index Cond": "(company_id < 7)"
            }
          ]
        }
      ]
    },
    "Planning Time": 0.349,
    "Triggers": [],
    "Execution Time": 44.793
  }
]