[
  {
    "Plan": {
      "Node Type": "Aggregate",
      "Strategy": "Plain",
      "Partial Mode": "Finalize",
      "Parallel Aware": false,
      "Startup Cost": 89530.53,
      "Total Cost": 89530.54,
      "Plan Rows": 1,
      "Plan Width": 8,
      "Actual Startup Time": 389.954,
      "Actual Total Time": 411.858,
      "Actual Rows": 1,
      "Actual Loops": 1,
      "Plans": [
        {
          "Node Type": "Gather",
          "Parent Relationship": "Outer",
          "Parallel Aware": false,
          "Startup Cost": 89530.21,
          "Total Cost": 89530.52,
          "Plan Rows": 3,
          "Plan Width": 8,
          "Actual Startup Time": 388.434,
          "Actual Total Time": 411.847,
          "Actual Rows": 4,
          "Actual Loops": 1,
          "Workers Planned": 3,
          "Workers Launched": 3,
          "Single Copy": false,
          "Plans": [
            {
              "Node Type": "Aggregate",
              "Strategy": "Plain",
              "Partial Mode": "Partial",
              "Parent Relationship": "Outer",
              "Parallel Aware": false,
              "Startup Cost": 88530.21,
              "Total Cost": 88530.22,
              "Plan Rows": 1,
              "Plan Width": 8,
              "Actual Startup Time": 382.759,
              "Actual Total Time": 382.762,
              "Actual Rows": 1,
              "Actual Loops": 4,
              "Plans": [
                {
                  "Node Type": "Hash Join",
                  "Parent Relationship": "Outer",
                  "Parallel Aware": true,
                  "Join Type": "Inner",
                  "Startup Cost": 45597.62,
                  "Total Cost": 88475.7,
                  "Plan Rows": 21802,
                  "Plan Width": 0,
                  "Actual Startup Time": 154.135,
                  "Actual Total Time": 378.655,
                  "Actual Rows": 65566,
                  "Actual Loops": 4,
                  "Inner Unique": true,
                  "Hash Cond": "(mk.movie_id = t.id)",
                  "Plans": [
                    {
                      "Node Type": "Seq Scan",
                      "Parent Relationship": "Outer",
                      "Parallel Aware": true,
                      "Relation Name": "movie_keyword",
                      "Alias": "mk",
                      "Startup Cost": 0.0,
                      "Total Cost": 39047.32,
                      "Plan Rows": 1459332,
                      "Plan Width": 4,
                      "Actual Startup Time": 0.028,
                      "Actual Total Time": 118.602,
                      "Actual Rows": 1130982,
                      "Actual Loops": 4
                    },
                    {
                      "Node Type": "Hash",
                      "Parent Relationship": "Inner",
                      "Parallel Aware": true,
                      "Startup Cost": 45479.59,
                      "Total Cost": 45479.59,
                      "Plan Rows": 9443,
                      "Plan Width": 4,
                      "Actual Startup Time": 131.144,
                      "Actual Total Time": 131.145,
                      "Actual Rows": 33961,
                      "Actual Loops": 4,
                      "Hash Buckets": 262144,
                      "Original Hash Buckets": 65536,
                      "Hash Batches": 1,
                      "Original Hash Batches": 1,
                      "Peak Memory Usage": 8960,
                      "Plans": [
                        {
                          "Node Type": "Seq Scan",
                          "Parent Relationship": "Outer",
                          "Parallel Aware": true,
                          "Relation Name": "title",
                          "Alias": "t",
                          "Startup Cost": 0.0,
                          "Total Cost": 45479.59,
                          "Plan Rows": 9443,
                          "Plan Width": 4,
                          "Actual Startup Time": 32.512,
                          "Actual Total Time": 112.251,
                          "Actual Rows": 33961,
                          "Actual Loops": 4,
                          "Filter": "((kind_id < 3) AND (production_year < 1938))",
                          "Rows Removed by Filter": 598117
                        }
                      ]
                    }
                  ]
                }
              ]
            }
          ]
        }
      ]
    },
    "Planning Time": 0.306,
    "Triggers": [],
    "Execution Time": 411.912
  }
]