[
    {
        "Bao": {
            "Bao prediction": "NaN",
            "Bao recommended hint": "(no hint)"
        }
    },
    {
        "Plan": {
            "Node Type": "Aggregate",
            "Strategy": "Plain",
            "Partial Mode": "Finalize",
            "Parallel Aware": false,
            "Startup Cost": 443442.56,
            "Total Cost": 443442.57,
            "Plan Rows": 1,
            "Plan Width": 8,
            "Actual Startup Time": 2526.52,
            "Actual Total Time": 2560.807,
            "Actual Rows": 1,
            "Actual Loops": 1,
            "Output": [
                "count(*)"
            ],
            "Plans": [
                {
                    "Node Type": "Gather",
                    "Parent Relationship": "Outer",
                    "Parallel Aware": false,
                    "Startup Cost": 443441.93,
                    "Total Cost": 443442.54,
                    "Plan Rows": 6,
                    "Plan Width": 8,
                    "Actual Startup Time": 2509.668,
                    "Actual Total Time": 2560.795,
                    "Actual Rows": 7,
                    "Actual Loops": 1,
                    "Output": [
                        "(PARTIAL count(*))"
                    ],
                    "Workers Planned": 6,
                    "Workers Launched": 6,
                    "Single Copy": false,
                    "Plans": [
                        {
                            "Node Type": "Aggregate",
                            "Strategy": "Plain",
                            "Partial Mode": "Partial",
                            "Parent Relationship": "Outer",
                            "Parallel Aware": false,
                            "Startup Cost": 442441.93,
                            "Total Cost": 442441.94,
                            "Plan Rows": 1,
                            "Plan Width": 8,
                            "Actual Startup Time": 2499.729,
                            "Actual Total Time": 2499.909,
                            "Actual Rows": 1,
                            "Actual Loops": 7,
                            "Output": [
                                "PARTIAL count(*)"
                            ],
                            "Workers": [
                                {
                                    "Worker Number": 0,
                                    "Actual Startup Time": 2496.958,
                                    "Actual Total Time": 2496.963,
                                    "Actual Rows": 1,
                                    "Actual Loops": 1
                                },
                                {
                                    "Worker Number": 1,
                                    "Actual Startup Time": 2499.737,
                                    "Actual Total Time": 2499.742,
                                    "Actual Rows": 1,
                                    "Actual Loops": 1
                                },
                                {
                                    "Worker Number": 2,
                                    "Actual Startup Time": 2497.547,
                                    "Actual Total Time": 2497.561,
                                    "Actual Rows": 1,
                                    "Actual Loops": 1
                                },
                                {
                                    "Worker Number": 3,
                                    "Actual Startup Time": 2498.0,
                                    "Actual Total Time": 2498.005,
                                    "Actual Rows": 1,
                                    "Actual Loops": 1
                                },
                                {
                                    "Worker Number": 4,
                                    "Actual Startup Time": 2498.171,
                                    "Actual Total Time": 2498.176,
                                    "Actual Rows": 1,
                                    "Actual Loops": 1
                                },
                                {
                                    "Worker Number": 5,
                                    "Actual Startup Time": 2498.431,
                                    "Actual Total Time": 2498.436,
                                    "Actual Rows": 1,
                                    "Actual Loops": 1
                                }
                            ],
                            "Plans": [
                                {
                                    "Node Type": "Hash Join",
                                    "Parent Relationship": "Outer",
                                    "Parallel Aware": true,
                                    "Join Type": "Inner",
                                    "Startup Cost": 95054.25,
                                    "Total Cost": 440081.54,
                                    "Plan Rows": 944156,
                                    "Plan Width": 0,
                                    "Actual Startup Time": 325.729,
                                    "Actual Total Time": 2142.095,
                                    "Actual Rows": 7747952,
                                    "Actual Loops": 7,
                                    "Inner Unique": false,
                                    "Hash Cond": "(ci.movie_id = t.id)",
                                    "Workers": [
                                        {
                                            "Worker Number": 0,
                                            "Actual Startup Time": 323.239,
                                            "Actual Total Time": 2116.894,
                                            "Actual Rows": 6089477,
                                            "Actual Loops": 1
                                        },
                                        {
                                            "Worker Number": 1,
                                            "Actual Startup Time": 323.805,
                                            "Actual Total Time": 2131.912,
                                            "Actual Rows": 6143360,
                                            "Actual Loops": 1
                                        },
                                        {
                                            "Worker Number": 2,
                                            "Actual Startup Time": 323.839,
                                            "Actual Total Time": 2144.941,
                                            "Actual Rows": 8424995,
                                            "Actual Loops": 1
                                        },
                                        {
                                            "Worker Number": 3,
                                            "Actual Startup Time": 324.309,
                                            "Actual Total Time": 2155.52,
                                            "Actual Rows": 8051656,
                                            "Actual Loops": 1
                                        },
                                        {
                                            "Worker Number": 4,
                                            "Actual Startup Time": 324.514,
                                            "Actual Total Time": 2145.437,
                                            "Actual Rows": 8419506,
                                            "Actual Loops": 1
                                        },
                                        {
                                            "Worker Number": 5,
                                            "Actual Startup Time": 324.812,
                                            "Actual Total Time": 2150.336,
                                            "Actual Rows": 8184042,
                                            "Actual Loops": 1
                                        }
                                    ],
                                    "Plans": [
                                        {
                                            "Node Type": "Seq Scan",
                                            "Parent Relationship": "Outer",
                                            "Parallel Aware": true,
                                            "Relation Name": "cast_info",
                                            "Schema": "public",
                                            "Alias": "ci",
                                            "Startup Cost": 0.0,
                                            "Total Cost": 328213.62,
                                            "Plan Rows": 3671469,
                                            "Plan Width": 4,
                                            "Actual Startup Time": 0.03,
                                            "Actual Total Time": 547.145,
                                            "Actual Rows": 3132919,
                                            "Actual Loops": 7,
                                            "Output": [
                                                "ci.id",
                                                "ci.person_id",
                                                "ci.movie_id",
                                                "ci.person_role_id",
                                                "ci.note",
                                                "ci.nr_order",
                                                "ci.role_id"
                                            ],
                                            "Filter": "(ci.person_id < 2231329)",
                                            "Rows Removed by Filter": 2044845,
                                            "Workers": [
                                                {
                                                    "Worker Number": 0,
                                                    "Actual Startup Time": 0.031,
                                                    "Actual Total Time": 570.408,
                                                    "Actual Rows": 2389563,
                                                    "Actual Loops": 1
                                                },
                                                {
                                                    "Worker Number": 1,
                                                    "Actual Startup Time": 0.039,
                                                    "Actual Total Time": 565.459,
                                                    "Actual Rows": 2458893,
                                                    "Actual Loops": 1
                                                },
                                                {
                                                    "Worker Number": 2,
                                                    "Actual Startup Time": 0.032,
                                                    "Actual Total Time": 552.154,
                                                    "Actual Rows": 3412623,
                                                    "Actual Loops": 1
                                                },
                                                {
                                                    "Worker Number": 3,
                                                    "Actual Startup Time": 0.033,
                                                    "Actual Total Time": 553.244,
                                                    "Actual Rows": 3287420,
                                                    "Actual Loops": 1
                                                },
                                                {
                                                    "Worker Number": 4,
                                                    "Actual Startup Time": 0.04,
                                                    "Actual Total Time": 555.911,
                                                    "Actual Rows": 3454162,
                                                    "Actual Loops": 1
                                                },
                                                {
                                                    "Worker Number": 5,
                                                    "Actual Startup Time": 0.025,
                                                    "Actual Total Time": 549.712,
                                                    "Actual Rows": 3312454,
                                                    "Actual Loops": 1
                                                }
                                            ]
                                        },
                                        {
                                            "Node Type": "Hash",
                                            "Parent Relationship": "Inner",
                                            "Parallel Aware": true,
                                            "Startup Cost": 92432.53,
                                            "Total Cost": 92432.53,
                                            "Plan Rows": 209737,
                                            "Plan Width": 8,
                                            "Actual Startup Time": 323.518,
                                            "Actual Total Time": 323.696,
                                            "Actual Rows": 189609,
                                            "Actual Loops": 7,
                                            "Output": [
                                                "t.id",
                                                "mk.movie_id"
                                            ],
                                            "Hash Buckets": 2097152,
                                            "Original Hash Buckets": 1048576,
                                            "Hash Batches": 1,
                                            "Original Hash Batches": 1,
                                            "Peak Memory Usage": 76608,
                                            "Workers": [
                                                {
                                                    "Worker Number": 0,
                                                    "Actual Startup Time": 322.547,
                                                    "Actual Total Time": 322.551,
                                                    "Actual Rows": 140419,
                                                    "Actual Loops": 1
                                                },
                                                {
                                                    "Worker Number": 1,
                                                    "Actual Startup Time": 322.977,
                                                    "Actual Total Time": 322.981,
                                                    "Actual Rows": 137520,
                                                    "Actual Loops": 1
                                                },
                                                {
                                                    "Worker Number": 2,
                                                    "Actual Startup Time": 322.964,
                                                    "Actual Total Time": 322.977,
                                                    "Actual Rows": 206648,
                                                    "Actual Loops": 1
                                                },
                                                {
                                                    "Worker Number": 3,
                                                    "Actual Startup Time": 323.51,
                                                    "Actual Total Time": 323.513,
                                                    "Actual Rows": 201932,
                                                    "Actual Loops": 1
                                                },
                                                {
                                                    "Worker Number": 4,
                                                    "Actual Startup Time": 323.699,
                                                    "Actual Total Time": 323.702,
                                                    "Actual Rows": 213872,
                                                    "Actual Loops": 1
                                                },
                                                {
                                                    "Worker Number": 5,
                                                    "Actual Startup Time": 323.763,
                                                    "Actual Total Time": 323.766,
                                                    "Actual Rows": 204268,
                                                    "Actual Loops": 1
                                                }
                                            ],
                                            "Plans": [
                                                {
                                                    "Node Type": "Hash Join",
                                                    "Parent Relationship": "Outer",
                                                    "Parallel Aware": true,
                                                    "Join Type": "Inner",
                                                    "Startup Cost": 47181.47,
                                                    "Total Cost": 92432.53,
                                                    "Plan Rows": 209737,
                                                    "Plan Width": 8,
                                                    "Actual Startup Time": 124.991,
                                                    "Actual Total Time": 238.624,
                                                    "Actual Rows": 189609,
                                                    "Actual Loops": 7,
                                                    "Output": [
                                                        "t.id",
                                                        "mk.movie_id"
                                                    ],
                                                    "Inner Unique": true,
                                                    "Hash Cond": "(mk.movie_id = t.id)",
                                                    "Workers": [
                                                        {
                                                            "Worker Number": 0,
                                                            "Actual Startup Time": 123.986,
                                                            "Actual Total Time": 238.13,
                                                            "Actual Rows": 140419,
                                                            "Actual Loops": 1
                                                        },
                                                        {
                                                            "Worker Number": 1,
                                                            "Actual Startup Time": 124.406,
                                                            "Actual Total Time": 238.959,
                                                            "Actual Rows": 137520,
                                                            "Actual Loops": 1
                                                        },
                                                        {
                                                            "Worker Number": 2,
                                                            "Actual Startup Time": 124.462,
                                                            "Actual Total Time": 238.19,
                                                            "Actual Rows": 206648,
                                                            "Actual Loops": 1
                                                        },
                                                        {
                                                            "Worker Number": 3,
                                                            "Actual Startup Time": 124.981,
                                                            "Actual Total Time": 237.763,
                                                            "Actual Rows": 201932,
                                                            "Actual Loops": 1
                                                        },
                                                        {
                                                            "Worker Number": 4,
                                                            "Actual Startup Time": 125.088,
                                                            "Actual Total Time": 238.575,
                                                            "Actual Rows": 213872,
                                                            "Actual Loops": 1
                                                        },
                                                        {
                                                            "Worker Number": 5,
                                                            "Actual Startup Time": 125.309,
                                                            "Actual Total Time": 239.254,
                                                            "Actual Rows": 204268,
                                                            "Actual Loops": 1
                                                        }
                                                    ],
                                                    "Plans": [
                                                        {
                                                            "Node Type": "Seq Scan",
                                                            "Parent Relationship": "Outer",
                                                            "Parallel Aware": true,
                                                            "Relation Name": "movie_keyword",
                                                            "Schema": "public",
                                                            "Alias": "mk",
                                                            "Startup Cost": 0.0,
                                                            "Total Cost": 42695.65,
                                                            "Plan Rows": 973490,
                                                            "Plan Width": 4,
                                                            "Actual Startup Time": 0.087,
                                                            "Actual Total Time": 75.814,
                                                            "Actual Rows": 431160,
                                                            "Actual Loops": 7,
                                                            "Output": [
                                                                "mk.id",
                                                                "mk.movie_id",
                                                                "mk.keyword_id"
                                                            ],
                                                            "Filter": "(mk.keyword_id > 2172)",
                                                            "Rows Removed by Filter": 215115,
                                                            "Workers": [
                                                                {
                                                                    "Worker Number": 0,
                                                                    "Actual Startup Time": 0.107,
                                                                    "Actual Total Time": 78.167,
                                                                    "Actual Rows": 314578,
                                                                    "Actual Loops": 1
                                                                },
                                                                {
                                                                    "Worker Number": 1,
                                                                    "Actual Startup Time": 0.099,
                                                                    "Actual Total Time": 78.02,
                                                                    "Actual Rows": 314052,
                                                                    "Actual Loops": 1
                                                                },
                                                                {
                                                                    "Worker Number": 2,
                                                                    "Actual Startup Time": 0.102,
                                                                    "Actual Total Time": 76.488,
                                                                    "Actual Rows": 468182,
                                                                    "Actual Loops": 1
                                                                },
                                                                {
                                                                    "Worker Number": 3,
                                                                    "Actual Startup Time": 0.026,
                                                                    "Actual Total Time": 75.327,
                                                                    "Actual Rows": 450865,
                                                                    "Actual Loops": 1
                                                                },
                                                                {
                                                                    "Worker Number": 4,
                                                                    "Actual Startup Time": 0.086,
                                                                    "Actual Total Time": 76.34,
                                                                    "Actual Rows": 485285,
                                                                    "Actual Loops": 1
                                                                },
                                                                {
                                                                    "Worker Number": 5,
                                                                    "Actual Startup Time": 0.091,
                                                                    "Actual Total Time": 76.069,
                                                                    "Actual Rows": 465760,
                                                                    "Actual Loops": 1
                                                                }
                                                            ]
                                                        },
                                                        {
                                                            "Node Type": "Hash",
                                                            "Parent Relationship": "Inner",
                                                            "Parallel Aware": true,
                                                            "Startup Cost": 45479.21,
                                                            "Total Cost": 45479.21,
                                                            "Plan Rows": 136181,
                                                            "Plan Width": 4,
                                                            "Actual Startup Time": 102.902,
                                                            "Actual Total Time": 102.903,
                                                            "Actual Rows": 60095,
                                                            "Actual Loops": 7,
                                                            "Output": [
                                                                "t.id"
                                                            ],
                                                            "Hash Buckets": 1048576,
                                                            "Original Hash Buckets": 1048576,
                                                            "Hash Batches": 1,
                                                            "Original Hash Batches": 1,
                                                            "Peak Memory Usage": 24768,
                                                            "Workers": [
                                                                {
                                                                    "Worker Number": 0,
                                                                    "Actual Startup Time": 102.763,
                                                                    "Actual Total Time": 102.764,
                                                                    "Actual Rows": 44321,
                                                                    "Actual Loops": 1
                                                                },
                                                                {
                                                                    "Worker Number": 1,
                                                                    "Actual Startup Time": 103.162,
                                                                    "Actual Total Time": 103.163,
                                                                    "Actual Rows": 43683,
                                                                    "Actual Loops": 1
                                                                },
                                                                {
                                                                    "Worker Number": 2,
                                                                    "Actual Startup Time": 103.203,
                                                                    "Actual Total Time": 103.204,
                                                                    "Actual Rows": 64184,
                                                                    "Actual Loops": 1
                                                                },
                                                                {
                                                                    "Worker Number": 3,
                                                                    "Actual Startup Time": 103.754,
                                                                    "Actual Total Time": 103.756,
                                                                    "Actual Rows": 60973,
                                                                    "Actual Loops": 1
                                                                },
                                                                {
                                                                    "Worker Number": 4,
                                                                    "Actual Startup Time": 103.822,
                                                                    "Actual Total Time": 103.823,
                                                                    "Actual Rows": 64914,
                                                                    "Actual Loops": 1
                                                                },
                                                                {
                                                                    "Worker Number": 5,
                                                                    "Actual Startup Time": 104.043,
                                                                    "Actual Total Time": 104.044,
                                                                    "Actual Rows": 60194,
                                                                    "Actual Loops": 1
                                                                }
                                                            ],
                                                            "Plans": [
                                                                {
                                                                    "Node Type": "Seq Scan",
                                                                    "Parent Relationship": "Outer",
                                                                    "Parallel Aware": true,
                                                                    "Relation Name": "title",
                                                                    "Schema": "public",
                                                                    "Alias": "t",
                                                                    "Startup Cost": 0.0,
                                                                    "Total Cost": 45479.21,
                                                                    "Plan Rows": 136181,
                                                                    "Plan Width": 4,
                                                                    "Actual Startup Time": 41.013,
                                                                    "Actual Total Time": 76.377,
                                                                    "Actual Rows": 60095,
                                                                    "Actual Loops": 7,
                                                                    "Output": [
                                                                        "t.id"
                                                                    ],
                                                                    "Filter": "((t.production_year > 1971) AND (t.kind_id = 1))",
                                                                    "Rows Removed by Filter": 301093,
                                                                    "Workers": [
                                                                        {
                                                                            "Worker Number": 0,
                                                                            "Actual Startup Time": 47.21,
                                                                            "Actual Total Time": 77.689,
                                                                            "Actual Rows": 44321,
                                                                            "Actual Loops": 1
                                                                        },
                                                                        {
                                                                            "Worker Number": 1,
                                                                            "Actual Startup Time": 47.226,
                                                                            "Actual Total Time": 77.58,
                                                                            "Actual Rows": 43683,
                                                                            "Actual Loops": 1
                                                                        },
                                                                        {
                                                                            "Worker Number": 2,
                                                                            "Actual Startup Time": 47.263,
                                                                            "Actual Total Time": 76.372,
                                                                            "Actual Rows": 64184,
                                                                            "Actual Loops": 1
                                                                        },
                                                                        {
                                                                            "Worker Number": 3,
                                                                            "Actual Startup Time": 47.032,
                                                                            "Actual Total Time": 76.365,
                                                                            "Actual Rows": 60973,
                                                                            "Actual Loops": 1
                                                                        },
                                                                        {
                                                                            "Worker Number": 4,
                                                                            "Actual Startup Time": 47.17,
                                                                            "Actual Total Time": 76.634,
                                                                            "Actual Rows": 64914,
                                                                            "Actual Loops": 1
                                                                        },
                                                                        {
                                                                            "Worker Number": 5,
                                                                            "Actual Startup Time": 47.086,
                                                                            "Actual Total Time": 76.343,
                                                                            "Actual Rows": 60194,
                                                                            "Actual Loops": 1
                                                                        }
                                                                    ]
                                                                }
                                                            ]
                                                        }
                                                    ]
                                                }
                                            ]
                                        }
                                    ]
                                }
                            ]
                        }
                    ]
                }
            ]
        },
        "Planning Time": 179.222,
        "Triggers": [],
        "Execution Time": 2560.9
    }
]