[
    {
        "Bao": {
            "Bao prediction": 1448.528,
            "Bao recommended hint": "SET enable_mergejoin TO off; "
        }
    },
    {
        "Plan": {
            "Node Type": "Aggregate",
            "Strategy": "Plain",
            "Partial Mode": "Finalize",
            "Parallel Aware": false,
            "Startup Cost": 109016.03,
            "Total Cost": 109016.04,
            "Plan Rows": 1,
            "Plan Width": 8,
            "Actual Startup Time": 362.787,
            "Actual Total Time": 378.07,
            "Actual Rows": 1,
            "Actual Loops": 1,
            "Output": [
                "count(*)"
            ],
            "Plans": [
                {
                    "Node Type": "Gather",
                    "Parent Relationship": "Outer",
                    "Parallel Aware": false,
                    "Startup Cost": 109015.61,
                    "Total Cost": 109016.02,
                    "Plan Rows": 4,
                    "Plan Width": 8,
                    "Actual Startup Time": 359.814,
                    "Actual Total Time": 378.06,
                    "Actual Rows": 5,
                    "Actual Loops": 1,
                    "Output": [
                        "(PARTIAL count(*))"
                    ],
                    "Workers Planned": 4,
                    "Workers Launched": 4,
                    "Single Copy": false,
                    "Plans": [
                        {
                            "Node Type": "Aggregate",
                            "Strategy": "Plain",
                            "Partial Mode": "Partial",
                            "Parent Relationship": "Outer",
                            "Parallel Aware": false,
                            "Startup Cost": 108015.61,
                            "Total Cost": 108015.62,
                            "Plan Rows": 1,
                            "Plan Width": 8,
                            "Actual Startup Time": 349.125,
                            "Actual Total Time": 349.132,
                            "Actual Rows": 1,
                            "Actual Loops": 5,
                            "Output": [
                                "PARTIAL count(*)"
                            ],
                            "Workers": [
                                {
                                    "Worker Number": 0,
                                    "Actual Startup Time": 345.863,
                                    "Actual Total Time": 345.87,
                                    "Actual Rows": 1,
                                    "Actual Loops": 1
                                },
                                {
                                    "Worker Number": 1,
                                    "Actual Startup Time": 345.957,
                                    "Actual Total Time": 345.963,
                                    "Actual Rows": 1,
                                    "Actual Loops": 1
                                },
                                {
                                    "Worker Number": 2,
                                    "Actual Startup Time": 346.165,
                                    "Actual Total Time": 346.171,
                                    "Actual Rows": 1,
                                    "Actual Loops": 1
                                },
                                {
                                    "Worker Number": 3,
                                    "Actual Startup Time": 348.678,
                                    "Actual Total Time": 348.683,
                                    "Actual Rows": 1,
                                    "Actual Loops": 1
                                }
                            ],
                            "Plans": [
                                {
                                    "Node Type": "Hash Join",
                                    "Parent Relationship": "Outer",
                                    "Parallel Aware": true,
                                    "Join Type": "Inner",
                                    "Startup Cost": 62177.03,
                                    "Total Cost": 107997.63,
                                    "Plan Rows": 7192,
                                    "Plan Width": 0,
                                    "Actual Startup Time": 199.192,
                                    "Actual Total Time": 347.46,
                                    "Actual Rows": 23868,
                                    "Actual Loops": 5,
                                    "Inner Unique": false,
                                    "Hash Cond": "(t.id = mc.movie_id)",
                                    "Workers": [
                                        {
                                            "Worker Number": 0,
                                            "Actual Startup Time": 195.936,
                                            "Actual Total Time": 344.176,
                                            "Actual Rows": 19500,
                                            "Actual Loops": 1
                                        },
                                        {
                                            "Worker Number": 1,
                                            "Actual Startup Time": 195.97,
                                            "Actual Total Time": 344.243,
                                            "Actual Rows": 20426,
                                            "Actual Loops": 1
                                        },
                                        {
                                            "Worker Number": 2,
                                            "Actual Startup Time": 196.158,
                                            "Actual Total Time": 344.473,
                                            "Actual Rows": 20254,
                                            "Actual Loops": 1
                                        },
                                        {
                                            "Worker Number": 3,
                                            "Actual Startup Time": 198.895,
                                            "Actual Total Time": 346.998,
                                            "Actual Rows": 20061,
                                            "Actual Loops": 1
                                        }
                                    ],
                                    "Plans": [
                                        {
                                            "Node Type": "Seq Scan",
                                            "Parent Relationship": "Outer",
                                            "Parallel Aware": true,
                                            "Relation Name": "title",
                                            "Schema": "public",
                                            "Alias": "t",
                                            "Startup Cost": 0.0,
                                            "Total Cost": 43899.01,
                                            "Plan Rows": 480111,
                                            "Plan Width": 4,
                                            "Actual Startup Time": 0.014,
                                            "Actual Total Time": 93.198,
                                            "Actual Rows": 384570,
                                            "Actual Loops": 5,
                                            "Output": [
                                                "t.id",
                                                "t.title",
                                                "t.imdb_index",
                                                "t.kind_id",
                                                "t.production_year",
                                                "t.imdb_id",
                                                "t.phonetic_code",
                                                "t.episode_of_id",
                                                "t.season_nr",
                                                "t.episode_nr",
                                                "t.series_years",
                                                "t.md5sum"
                                            ],
                                            "Filter": "(t.production_year < 2010)",
                                            "Rows Removed by Filter": 121093,
                                            "Workers": [
                                                {
                                                    "Worker Number": 0,
                                                    "Actual Startup Time": 0.013,
                                                    "Actual Total Time": 94.474,
                                                    "Actual Rows": 320330,
                                                    "Actual Loops": 1
                                                },
                                                {
                                                    "Worker Number": 1,
                                                    "Actual Startup Time": 0.013,
                                                    "Actual Total Time": 94.175,
                                                    "Actual Rows": 322854,
                                                    "Actual Loops": 1
                                                },
                                                {
                                                    "Worker Number": 2,
                                                    "Actual Startup Time": 0.021,
                                                    "Actual Total Time": 94.492,
                                                    "Actual Rows": 326438,
                                                    "Actual Loops": 1
                                                },
                                                {
                                                    "Worker Number": 3,
                                                    "Actual Startup Time": 0.013,
                                                    "Actual Total Time": 93.973,
                                                    "Actual Rows": 321192,
                                                    "Actual Loops": 1
                                                }
                                            ]
                                        },
                                        {
                                            "Node Type": "Hash",
                                            "Parent Relationship": "Inner",
                                            "Parallel Aware": true,
                                            "Startup Cost": 61379.37,
                                            "Total Cost": 61379.37,
                                            "Plan Rows": 63813,
                                            "Plan Width": 8,
                                            "Actual Startup Time": 197.102,
                                            "Actual Total Time": 197.107,
                                            "Actual Rows": 25366,
                                            "Actual Loops": 5,
                                            "Output": [
                                                "mc.movie_id",
                                                "mk.movie_id"
                                            ],
                                            "Hash Buckets": 262144,
                                            "Original Hash Buckets": 262144,
                                            "Hash Batches": 1,
                                            "Original Hash Batches": 1,
                                            "Peak Memory Usage": 7072,
                                            "Workers": [
                                                {
                                                    "Worker Number": 0,
                                                    "Actual Startup Time": 195.415,
                                                    "Actual Total Time": 195.42,
                                                    "Actual Rows": 21201,
                                                    "Actual Loops": 1
                                                },
                                                {
                                                    "Worker Number": 1,
                                                    "Actual Startup Time": 195.475,
                                                    "Actual Total Time": 195.48,
                                                    "Actual Rows": 21575,
                                                    "Actual Loops": 1
                                                },
                                                {
                                                    "Worker Number": 2,
                                                    "Actual Startup Time": 195.487,
                                                    "Actual Total Time": 195.493,
                                                    "Actual Rows": 21258,
                                                    "Actual Loops": 1
                                                },
                                                {
                                                    "Worker Number": 3,
                                                    "Actual Startup Time": 198.135,
                                                    "Actual Total Time": 198.139,
                                                    "Actual Rows": 20907,
                                                    "Actual Loops": 1
                                                }
                                            ],
                                            "Plans": [
                                                {
                                                    "Node Type": "Hash Join",
                                                    "Parent Relationship": "Outer",
                                                    "Parallel Aware": true,
                                                    "Join Type": "Inner",
                                                    "Startup Cost": 35250.39,
                                                    "Total Cost": 61379.37,
                                                    "Plan Rows": 63813,
                                                    "Plan Width": 8,
                                                    "Actual Startup Time": 125.758,
                                                    "Actual Total Time": 188.79,
                                                    "Actual Rows": 25366,
                                                    "Actual Loops": 5,
                                                    "Output": [
                                                        "mc.movie_id",
                                                        "mk.movie_id"
                                                    ],
                                                    "Inner Unique": false,
                                                    "Hash Cond": "(mk.movie_id = mc.movie_id)",
                                                    "Workers": [
                                                        {
                                                            "Worker Number": 0,
                                                            "Actual Startup Time": 123.989,
                                                            "Actual Total Time": 186.853,
                                                            "Actual Rows": 21201,
                                                            "Actual Loops": 1
                                                        },
                                                        {
                                                            "Worker Number": 1,
                                                            "Actual Startup Time": 124.094,
                                                            "Actual Total Time": 188.221,
                                                            "Actual Rows": 21575,
                                                            "Actual Loops": 1
                                                        },
                                                        {
                                                            "Worker Number": 2,
                                                            "Actual Startup Time": 124.217,
                                                            "Actual Total Time": 187.37,
                                                            "Actual Rows": 21258,
                                                            "Actual Loops": 1
                                                        },
                                                        {
                                                            "Worker Number": 3,
                                                            "Actual Startup Time": 126.867,
                                                            "Actual Total Time": 189.621,
                                                            "Actual Rows": 20907,
                                                            "Actual Loops": 1
                                                        }
                                                    ],
                                                    "Plans": [
                                                        {
                                                            "Node Type": "Bitmap Heap Scan",
                                                            "Parent Relationship": "Outer",
                                                            "Parallel Aware": true,
                                                            "Relation Name": "movie_keyword",
                                                            "Schema": "public",
                                                            "Alias": "mk",
                                                            "Startup Cost": 5521.34,
                                                            "Total Cost": 31024.72,
                                                            "Plan Rows": 83950,
                                                            "Plan Width": 4,
                                                            "Actual Startup Time": 17.578,
                                                            "Actual Total Time": 62.276,
                                                            "Actual Rows": 51265,
                                                            "Actual Loops": 5,
                                                            "Output": [
                                                                "mk.id",
                                                                "mk.movie_id",
                                                                "mk.keyword_id"
                                                            ],
                                                            "Recheck Cond": "(mk.keyword_id < 228)",
                                                            "Rows Removed by Index Recheck": 0,
                                                            "Exact Heap Blocks": 8246,
                                                            "Lossy Heap Blocks": 0,
                                                            "Workers": [
                                                                {
                                                                    "Worker Number": 0,
                                                                    "Actual Startup Time": 17.537,
                                                                    "Actual Total Time": 63.208,
                                                                    "Actual Rows": 42212,
                                                                    "Actual Loops": 1
                                                                },
                                                                {
                                                                    "Worker Number": 1,
                                                                    "Actual Startup Time": 17.611,
                                                                    "Actual Total Time": 63.955,
                                                                    "Actual Rows": 44565,
                                                                    "Actual Loops": 1
                                                                },
                                                                {
                                                                    "Worker Number": 2,
                                                                    "Actual Startup Time": 17.634,
                                                                    "Actual Total Time": 63.145,
                                                                    "Actual Rows": 43717,
                                                                    "Actual Loops": 1
                                                                },
                                                                {
                                                                    "Worker Number": 3,
                                                                    "Actual Startup Time": 17.635,
                                                                    "Actual Total Time": 63.349,
                                                                    "Actual Rows": 41724,
                                                                    "Actual Loops": 1
                                                                }
                                                            ],
                                                            "Plans": [
                                                                {
                                                                    "Node Type": "Bitmap Index Scan",
                                                                    "Parent Relationship": "Outer",
                                                                    "Parallel Aware": false,
                                                                    "Index Name": "keyword_id_movie_keyword",
                                                                    "Startup Cost": 0.0,
                                                                    "Total Cost": 5456.28,
                                                                    "Plan Rows": 260246,
                                                                    "Plan Width": 0,
                                                                    "Actual Startup Time": 14.011,
                                                                    "Actual Total Time": 14.012,
                                                                    "Actual Rows": 256327,
                                                                    "Actual Loops": 1,
                                                                    "Index Cond": "(mk.keyword_id < 228)"
                                                                }
                                                            ]
                                                        },
                                                        {
                                                            "Node Type": "Hash",
                                                            "Parent Relationship": "Inner",
                                                            "Parallel Aware": true,
                                                            "Startup Cost": 28245.46,
                                                            "Total Cost": 28245.46,
                                                            "Plan Rows": 118687,
                                                            "Plan Width": 4,
                                                            "Actual Startup Time": 106.513,
                                                            "Actual Total Time": 106.515,
                                                            "Actual Rows": 72365,
                                                            "Actual Loops": 5,
                                                            "Output": [
                                                                "mc.movie_id"
                                                            ],
                                                            "Hash Buckets": 524288,
                                                            "Original Hash Buckets": 524288,
                                                            "Hash Batches": 1,
                                                            "Original Hash Batches": 1,
                                                            "Peak Memory Usage": 18336,
                                                            "Workers": [
                                                                {
                                                                    "Worker Number": 0,
                                                                    "Actual Startup Time": 106.341,
                                                                    "Actual Total Time": 106.343,
                                                                    "Actual Rows": 53452,
                                                                    "Actual Loops": 1
                                                                },
                                                                {
                                                                    "Worker Number": 1,
                                                                    "Actual Startup Time": 106.428,
                                                                    "Actual Total Time": 106.429,
                                                                    "Actual Rows": 49151,
                                                                    "Actual Loops": 1
                                                                },
                                                                {
                                                                    "Worker Number": 2,
                                                                    "Actual Startup Time": 106.513,
                                                                    "Actual Total Time": 106.515,
                                                                    "Actual Rows": 55248,
                                                                    "Actual Loops": 1
                                                                },
                                                                {
                                                                    "Worker Number": 3,
                                                                    "Actual Startup Time": 109.146,
                                                                    "Actual Total Time": 109.147,
                                                                    "Actual Rows": 46528,
                                                                    "Actual Loops": 1
                                                                }
                                                            ],
                                                            "Plans": [
                                                                {
                                                                    "Node Type": "Bitmap Heap Scan",
                                                                    "Parent Relationship": "Outer",
                                                                    "Parallel Aware": true,
                                                                    "Relation Name": "movie_companies",
                                                                    "Schema": "public",
                                                                    "Alias": "mc",
                                                                    "Startup Cost": 7971.88,
                                                                    "Total Cost": 28245.46,
                                                                    "Plan Rows": 118687,
                                                                    "Plan Width": 4,
                                                                    "Actual Startup Time": 29.589,
                                                                    "Actual Total Time": 75.885,
                                                                    "Actual Rows": 72365,
                                                                    "Actual Loops": 5,
                                                                    "Output": [
                                                                        "mc.movie_id"
                                                                    ],
                                                                    "Recheck Cond": "(mc.company_id < 184)",
                                                                    "Rows Removed by Index Recheck": 0,
                                                                    "Exact Heap Blocks": 7636,
                                                                    "Lossy Heap Blocks": 0,
                                                                    "Workers": [
                                                                        {
                                                                            "Worker Number": 0,
                                                                            "Actual Startup Time": 29.528,
                                                                            "Actual Total Time": 77.736,
                                                                            "Actual Rows": 53452,
                                                                            "Actual Loops": 1
                                                                        },
                                                                        {
                                                                            "Worker Number": 1,
                                                                            "Actual Startup Time": 29.686,
                                                                            "Actual Total Time": 76.966,
                                                                            "Actual Rows": 49151,
                                                                            "Actual Loops": 1
                                                                        },
                                                                        {
                                                                            "Worker Number": 2,
                                                                            "Actual Startup Time": 29.565,
                                                                            "Actual Total Time": 77.622,
                                                                            "Actual Rows": 55248,
                                                                            "Actual Loops": 1
                                                                        },
                                                                        {
                                                                            "Worker Number": 3,
                                                                            "Actual Startup Time": 29.739,
                                                                            "Actual Total Time": 76.801,
                                                                            "Actual Rows": 46528,
                                                                            "Actual Loops": 1
                                                                        }
                                                                    ],
                                                                    "Plans": [
                                                                        {
                                                                            "Node Type": "Bitmap Index Scan",
                                                                            "Parent Relationship": "Outer",
                                                                            "Parallel Aware": false,
                                                                            "Index Name": "company_id_movie_companies",
                                                                            "Startup Cost": 0.0,
                                                                            "Total Cost": 7879.9,
                                                                            "Plan Rows": 367929,
                                                                            "Plan Width": 0,
                                                                            "Actual Startup Time": 26.358,
                                                                            "Actual Total Time": 26.358,
                                                                            "Actual Rows": 361826,
                                                                            "Actual Loops": 1,
                                                                            "Index Cond": "(mc.company_id < 184)"
                                                                        }
                                                                    ]
                                                                }
                                                            ]
                                                        }
                                                    ]
                                                }
                                            ]
                                        }
                                    ]
                                }
                            ]
                        }
                    ]
                }
            ]
        },
        "Planning Time": 480.728,
        "Triggers": [],
        "Execution Time": 378.211
    }
]