[
  {
    "Plan": {
      "Node Type": "Aggregate",
      "Strategy": "Plain",
      "Partial Mode": "Finalize",
      "Parallel Aware": false,
      "Startup Cost": 95881.91,
      "Total Cost": 95881.92,
      "Plan Rows": 1,
      "Plan Width": 8,
      "Actual Startup Time": 501.799,
      "Actual Total Time": 519.46,
      "Actual Rows": 1,
      "Actual Loops": 1,
      "Plans": [
        {
          "Node Type": "Gather",
          "Parent Relationship": "Outer",
          "Parallel Aware": false,
          "Startup Cost": 95881.59,
          "Total Cost": 95881.9,
          "Plan Rows": 3,
          "Plan Width": 8,
          "Actual Startup Time": 489.698,
          "Actual Total Time": 519.451,
          "Actual Rows": 4,
          "Actual Loops": 1,
          "Workers Planned": 3,
          "Workers Launched": 3,
          "Single Copy": false,
          "Plans": [
            {
              "Node Type": "Aggregate",
              "Strategy": "Plain",
              "Partial Mode": "Partial",
              "Parent Relationship": "Outer",
              "Parallel Aware": false,
              "Startup Cost": 94881.59,
              "Total Cost": 94881.6,
              "Plan Rows": 1,
              "Plan Width": 8,
              "Actual Startup Time": 474.057,
              "Actual Total Time": 474.06,
              "Actual Rows": 1,
              "Actual Loops": 4,
              "Plans": [
                {
                  "Node Type": "Hash Join",
                  "Parent Relationship": "Outer",
                  "Parallel Aware": true,
                  "Join Type": "Inner",
                  "Startup Cost": 50857.14,
                  "Total Cost": 94275.46,
                  "Plan Rows": 242453,
                  "Plan Width": 0,
                  "Actual Startup Time": 330.003,
                  "Actual Total Time": 465.853,
                  "Actual Rows": 201590,
                  "Actual Loops": 4,
                  "Inner Unique": true,
                  "Hash Cond": "(mk.movie_id = t.id)",
                  "Plans": [
                    {
                      "Node Type": "Seq Scan",
                      "Parent Relationship": "Outer",
                      "Parallel Aware": true,
                      "Relation Name": "movie_keyword",
                      "Alias": "mk",
                      "Startup Cost": 0.0,
                      "Total Cost": 42695.65,
                      "Plan Rows": 275300,
                      "Plan Width": 4,
                      "Actual Startup Time": 1.678,
                      "Actual Total Time": 88.072,
                      "Actual Rows": 211076,
                      "Actual Loops": 4,
                      "Filter": "(keyword_id > 21711)",
                      "Rows Removed by Filter": 919906
                    },
                    {
                      "Node Type": "Hash",
                      "Parent Relationship": "Inner",
                      "Parallel Aware": true,
                      "Startup Cost": 43898.92,
                      "Total Cost": 43898.92,
                      "Plan Rows": 556658,
                      "Plan Width": 4,
                      "Actual Startup Time": 318.049,
                      "Actual Total Time": 318.05,
                      "Actual Rows": 556142,
                      "Actual Loops": 4,
                      "Hash Buckets": 4194304,
                      "Original Hash Buckets": 4194304,
                      "Hash Batches": 1,
                      "Original Hash Batches": 1,
                      "Peak Memory Usage": 119872,
                      "Plans": [
                        {
                          "Node Type": "Seq Scan",
                          "Parent Relationship": "Outer",
                          "Parallel Aware": true,
                          "Relation Name": "title",
                          "Alias": "t",
                          "Startup Cost": 0.0,
                          "Total Cost": 43898.92,
                          "Plan Rows": 556658,
                          "Plan Width": 4,
                          "Actual Startup Time": 0.042,
                          "Actual Total Time": 109.564,
                          "Actual Rows": 556142,
                          "Actual Loops": 4,
                          "Filter": "(production_year < 2012)",
                          "Rows Removed by Filter": 75936
                        }
                      ]
                    }
                  ]
                }
              ]
            }
          ]
        }
      ]
    },
    "Planning Time": 0.388,
    "Triggers": [],
    "Execution Time": 519.511
  }
]