{
    "Plan": {
        "Node Type": "Aggregate",
        "Strategy": "Plain",
        "Partial Mode": "Simple",
        "Parallel Aware": false,
        "Startup Cost": 109603.07,
        "Total Cost": 109603.08,
        "Plan Rows": 1,
        "Plan Width": 8,
        "Actual Startup Time": 791.83,
        "Actual Total Time": 791.833,
        "Actual Rows": 1,
        "Actual Loops": 1,
        "Output": [
            "count(*)"
        ],
        "Plans": [
            {
                "Node Type": "Hash Join",
                "Parent Relationship": "Outer",
                "Parallel Aware": false,
                "Join Type": "Inner",
                "Startup Cost": 107646.32,
                "Total Cost": 109602.8,
                "Plan Rows": 110,
                "Plan Width": 0,
                "Actual Startup Time": 791.68,
                "Actual Total Time": 791.82,
                "Actual Rows": 141,
                "Actual Loops": 1,
                "Inner Unique": true,
                "Hash Cond": "(ci.movie_id = t.id)",
                "Plans": [
                    {
                        "Node Type": "Bitmap Heap Scan",
                        "Parent Relationship": "Outer",
                        "Parallel Aware": false,
                        "Relation Name": "cast_info",
                        "Schema": "public",
                        "Alias": "ci",
                        "Startup Cost": 12.39,
                        "Total Cost": 1968.42,
                        "Plan Rows": 167,
                        "Plan Width": 4,
                        "Actual Startup Time": 0.787,
                        "Actual Total Time": 0.846,
                        "Actual Rows": 152,
                        "Actual Loops": 1,
                        "Output": [
                            "ci.id",
                            "ci.person_id",
                            "ci.movie_id",
                            "ci.person_role_id",
                            "ci.note",
                            "ci.nr_order",
                            "ci.role_id"
                        ],
                        "Recheck Cond": "(ci.person_id = 788173)",
                        "Rows Removed by Index Recheck": 0,
                        "Filter": "(ci.role_id > 3)",
                        "Rows Removed by Filter": 178,
                        "Exact Heap Blocks": 8,
                        "Lossy Heap Blocks": 0,
                        "Plans": [
                            {
                                "Node Type": "Bitmap Index Scan",
                                "Parent Relationship": "Outer",
                                "Parallel Aware": false,
                                "Index Name": "person_id_cast_info",
                                "Startup Cost": 0.0,
                                "Total Cost": 12.34,
                                "Plan Rows": 504,
                                "Plan Width": 0,
                                "Actual Startup Time": 0.358,
                                "Actual Total Time": 0.359,
                                "Actual Rows": 330,
                                "Actual Loops": 1,
                                "Index Cond": "(ci.person_id = 788173)"
                            }
                        ]
                    },
                    {
                        "Node Type": "Hash",
                        "Parent Relationship": "Inner",
                        "Parallel Aware": false,
                        "Startup Cost": 86844.81,
                        "Total Cost": 86844.81,
                        "Plan Rows": 1663130,
                        "Plan Width": 4,
                        "Actual Startup Time": 772.765,
                        "Actual Total Time": 772.765,
                        "Actual Rows": 1674098,
                        "Actual Loops": 1,
                        "Output": [
                            "t.id"
                        ],
                        "Hash Buckets": 2097152,
                        "Original Hash Buckets": 2097152,
                        "Hash Batches": 1,
                        "Original Hash Batches": 1,
                        "Peak Memory Usage": 75240,
                        "Plans": [
                            {
                                "Node Type": "Bitmap Heap Scan",
                                "Parent Relationship": "Outer",
                                "Parallel Aware": false,
                                "Relation Name": "title",
                                "Schema": "public",
                                "Alias": "t",
                                "Startup Cost": 30057.69,
                                "Total Cost": 86844.81,
                                "Plan Rows": 1663130,
                                "Plan Width": 4,
                                "Actual Startup Time": 68.625,
                                "Actual Total Time": 391.248,
                                "Actual Rows": 1674098,
                                "Actual Loops": 1,
                                "Output": [
                                    "t.id"
                                ],
                                "Recheck Cond": "(t.kind_id > 3)",
                                "Rows Removed by Index Recheck": 0,
                                "Exact Heap Blocks": 35994,
                                "Lossy Heap Blocks": 0,
                                "Plans": [
                                    {
                                        "Node Type": "Bitmap Index Scan",
                                        "Parent Relationship": "Outer",
                                        "Parallel Aware": false,
                                        "Index Name": "kind_id_title",
                                        "Startup Cost": 0.0,
                                        "Total Cost": 29641.9,
                                        "Plan Rows": 1663130,
                                        "Plan Width": 0,
                                        "Actual Startup Time": 63.665,
                                        "Actual Total Time": 63.665,
                                        "Actual Rows": 1674098,
                                        "Actual Loops": 1,
                                        "Index Cond": "(t.kind_id > 3)"
                                    }
                                ]
                            }
                        ]
                    }
                ]
            }
        ]
    },
    "Planning Time": 3.018,
    "Triggers": [],
    "Execution Time": 793.992
}