[
  {
    "Plan": {
      "Node Type": "Aggregate",
      "Strategy": "Plain",
      "Partial Mode": "Finalize",
      "Parallel Aware": false,
      "Startup Cost": 293201.09,
      "Total Cost": 293201.1,
      "Plan Rows": 1,
      "Plan Width": 8,
      "Actual Startup Time": 1484.681,
      "Actual Total Time": 1537.942,
      "Actual Rows": 1,
      "Actual Loops": 1,
      "Plans": [
        {
          "Node Type": "Gather",
          "Parent Relationship": "Outer",
          "Parallel Aware": false,
          "Startup Cost": 293200.57,
          "Total Cost": 293201.08,
          "Plan Rows": 5,
          "Plan Width": 8,
          "Actual Startup Time": 1466.868,
          "Actual Total Time": 1537.925,
          "Actual Rows": 6,
          "Actual Loops": 1,
          "Workers Planned": 5,
          "Workers Launched": 5,
          "Single Copy": false,
          "Plans": [
            {
              "Node Type": "Aggregate",
              "Strategy": "Plain",
              "Partial Mode": "Partial",
              "Parent Relationship": "Outer",
              "Parallel Aware": false,
              "Startup Cost": 292200.57,
              "Total Cost": 292200.58,
              "Plan Rows": 1,
              "Plan Width": 8,
              "Actual Startup Time": 1455.343,
              "Actual Total Time": 1455.441,
              "Actual Rows": 1,
              "Actual Loops": 6,
              "Plans": [
                {
                  "Node Type": "Hash Join",
                  "Parent Relationship": "Outer",
                  "Parallel Aware": true,
                  "Join Type": "Inner",
                  "Startup Cost": 87085.68,
                  "Total Cost": 291198.47,
                  "Plan Rows": 400839,
                  "Plan Width": 0,
                  "Actual Startup Time": 391.895,
                  "Actual Total Time": 1298.813,
                  "Actual Rows": 3640176,
                  "Actual Loops": 6,
                  "Inner Unique": false,
                  "Hash Cond": "(mi.movie_id = t.id)",
                  "Plans": [
                    {
                      "Node Type": "Seq Scan",
                      "Parent Relationship": "Outer",
                      "Parallel Aware": true,
                      "Relation Name": "movie_info",
                      "Alias": "mi",
                      "Startup Cost": 0.0,
                      "Total Cost": 191685.19,
                      "Plan Rows": 2969219,
                      "Plan Width": 4,
                      "Actual Startup Time": 0.05,
                      "Actual Total Time": 316.03,
                      "Actual Rows": 2472620,
                      "Actual Loops": 6
                    },
                    {
                      "Node Type": "Hash",
                      "Parent Relationship": "Inner",
                      "Parallel Aware": true,
                      "Startup Cost": 85709.34,
                      "Total Cost": 85709.34,
                      "Plan Rows": 110107,
                      "Plan Width": 8,
                      "Actual Startup Time": 388.388,
                      "Actual Total Time": 388.484,
                      "Actual Rows": 63082,
                      "Actual Loops": 6,
                      "Hash Buckets": 524288,
                      "Original Hash Buckets": 524288,
                      "Hash Batches": 1,
                      "Original Hash Batches": 1,
                      "Peak Memory Usage": 19008,
                      "Plans": [
                        {
                          "Node Type": "Hash Join",
                          "Parent Relationship": "Outer",
                          "Parallel Aware": true,
                          "Join Type": "Inner",
                          "Startup Cost": 59216.85,
                          "Total Cost": 85709.34,
                          "Plan Rows": 110107,
                          "Plan Width": 8,
                          "Actual Startup Time": 290.501,
                          "Actual Total Time": 364.557,
                          "Actual Rows": 63082,
                          "Actual Loops": 6,
                          "Inner Unique": true,
                          "Hash Cond": "(mk.movie_id = t.id)",
                          "Plans": [
                            {
                              "Node Type": "Bitmap Heap Scan",
                              "Parent Relationship": "Outer",
                              "Parallel Aware": true,
                              "Relation Name": "movie_keyword",
                              "Alias": "mk",
                              "Startup Cost": 8862.43,
                              "Total Cost": 35001.13,
                              "Plan Rows": 134776,
                              "Plan Width": 4,
                              "Actual Startup Time": 25.495,
                              "Actual Total Time": 70.543,
                              "Actual Rows": 68894,
                              "Actual Loops": 6,
                              "Recheck Cond": "(keyword_id > 41995)",
                              "Rows Removed by Index Recheck": 0,
                              "Exact Heap Blocks": 5390,
                              "Lossy Heap Blocks": 0,
                              "Plans": [
                                {
                                  "Node Type": "Bitmap Index Scan",
                                  "Parent Relationship": "Outer",
                                  "Parallel Aware": false,
                                  "Index Name": "keyword_id_movie_keyword",
                                  "Startup Cost": 0.0,
                                  "Total Cost": 8757.98,
                                  "Plan Rows": 417806,
                                  "Plan Width": 0,
                                  "Actual Startup Time": 22.096,
                                  "Actual Total Time": 22.097,
                                  "Actual Rows": 413361,
                                  "Actual Loops": 1,
                                  "Index Cond": "(keyword_id > 41995)"
                                }
                              ]
                            },
                            {
                              "Node Type": "Hash",
                              "Parent Relationship": "Inner",
                              "Parallel Aware": true,
                              "Startup Cost": 43899.32,
                              "Total Cost": 43899.32,
                              "Plan Rows": 516408,
                              "Plan Width": 4,
                              "Actual Startup Time": 261.219,
                              "Actual Total Time": 261.221,
                              "Actual Rows": 344092,
                              "Actual Loops": 6,
                              "Hash Buckets": 2097152,
                              "Original Hash Buckets": 2097152,
                              "Hash Batches": 1,
                              "Original Hash Batches": 1,
                              "Peak Memory Usage": 97216,
                              "Plans": [
                                {
                                  "Node Type": "Seq Scan",
                                  "Parent Relationship": "Outer",
                                  "Parallel Aware": true,
                                  "Relation Name": "title",
                                  "Alias": "t",
                                  "Startup Cost": 0.0,
                                  "Total Cost": 43899.32,
                                  "Plan Rows": 516408,
                                  "Plan Width": 4,
                                  "Actual Startup Time": 0.062,
                                  "Actual Total Time": 96.439,
                                  "Actual Rows": 344092,
                                  "Actual Loops": 6,
                                  "Filter": "(production_year < 2011)",
                                  "Rows Removed by Filter": 77293
                                }
                              ]
                            }
                          ]
                        }
                      ]
                    }
                  ]
                }
              ]
            }
          ]
        }
      ]
    },
    "Planning Time": 1.375,
    "Triggers": [],
    "Execution Time": 1538.088
  }
]