[
  {
    "Plan": {
      "Node Type": "Aggregate",
      "Strategy": "Plain",
      "Partial Mode": "Finalize",
      "Parallel Aware": false,
      "Startup Cost": 46519.0,
      "Total Cost": 46519.01,
      "Plan Rows": 1,
      "Plan Width": 8,
      "Actual Startup Time": 86.836,
      "Actual Total Time": 96.608,
      "Actual Rows": 1,
      "Actual Loops": 1,
      "Plans": [
        {
          "Node Type": "Gather",
          "Parent Relationship": "Outer",
          "Parallel Aware": false,
          "Startup Cost": 46518.58,
          "Total Cost": 46518.99,
          "Plan Rows": 4,
          "Plan Width": 8,
          "Actual Startup Time": 86.651,
          "Actual Total Time": 96.598,
          "Actual Rows": 5,
          "Actual Loops": 1,
          "Workers Planned": 4,
          "Workers Launched": 4,
          "Single Copy": false,
          "Plans": [
            {
              "Node Type": "Aggregate",
              "Strategy": "Plain",
              "Partial Mode": "Partial",
              "Parent Relationship": "Outer",
              "Parallel Aware": false,
              "Startup Cost": 45518.58,
              "Total Cost": 45518.59,
              "Plan Rows": 1,
              "Plan Width": 8,
              "Actual Startup Time": 81.148,
              "Actual Total Time": 81.15,
              "Actual Rows": 1,
              "Actual Loops": 5,
              "Plans": [
                {
                  "Node Type": "Seq Scan",
                  "Parent Relationship": "Outer",
                  "Parallel Aware": true,
                  "Relation Name": "title",
                  "Alias": "t",
                  "Startup Cost": 0.0,
                  "Total Cost": 45479.59,
                  "Plan Rows": 15598,
                  "Plan Width": 0,
                  "Actual Startup Time": 46.951,
                  "Actual Total Time": 79.204,
                  "Actual Rows": 38456,
                  "Actual Loops": 5,
                  "Filter": "((production_year < 1961) AND (kind_id = 1))",
                  "Rows Removed by Filter": 467207
                }
              ]
            }
          ]
        }
      ]
    },
    "Planning Time": 0.08,
    "Triggers": [],
    "Execution Time": 96.637
  }
]