[
  {
    "Plan": {
      "Node Type": "Aggregate",
      "Strategy": "Plain",
      "Partial Mode": "Finalize",
      "Parallel Aware": false,
      "Startup Cost": 27894.43,
      "Total Cost": 27894.44,
      "Plan Rows": 1,
      "Plan Width": 8,
      "Actual Startup Time": 118.308,
      "Actual Total Time": 138.409,
      "Actual Rows": 1,
      "Actual Loops": 1,
      "Plans": [
        {
          "Node Type": "Gather",
          "Parent Relationship": "Outer",
          "Parallel Aware": false,
          "Startup Cost": 27894.22,
          "Total Cost": 27894.43,
          "Plan Rows": 2,
          "Plan Width": 8,
          "Actual Startup Time": 118.106,
          "Actual Total Time": 138.398,
          "Actual Rows": 3,
          "Actual Loops": 1,
          "Workers Planned": 2,
          "Workers Launched": 2,
          "Single Copy": false,
          "Plans": [
            {
              "Node Type": "Aggregate",
              "Strategy": "Plain",
              "Partial Mode": "Partial",
              "Parent Relationship": "Outer",
              "Parallel Aware": false,
              "Startup Cost": 26894.22,
              "Total Cost": 26894.23,
              "Plan Rows": 1,
              "Plan Width": 8,
              "Actual Startup Time": 109.975,
              "Actual Total Time": 109.977,
              "Actual Rows": 1,
              "Actual Loops": 3,
              "Plans": [
                {
                  "Node Type": "Nested Loop",
                  "Parent Relationship": "Outer",
                  "Parallel Aware": false,
                  "Join Type": "Inner",
                  "Startup Cost": 88.86,
                  "Total Cost": 26870.75,
                  "Plan Rows": 9387,
                  "Plan Width": 0,
                  "Actual Startup Time": 2.077,
                  "Actual Total Time": 105.511,
                  "Actual Rows": 69890,
                  "Actual Loops": 3,
                  "Inner Unique": false,
                  "Plans": [
                    {
                      "Node Type": "Nested Loop",
                      "Parent Relationship": "Outer",
                      "Parallel Aware": false,
                      "Join Type": "Inner",
                      "Startup Cost": 88.42,
                      "Total Cost": 23447.84,
                      "Plan Rows": 1697,
                      "Plan Width": 8,
                      "Actual Startup Time": 1.962,
                      "Actual Total Time": 23.951,
                      "Actual Rows": 1354,
                      "Actual Loops": 3,
                      "Inner Unique": true,
                      "Plans": [
                        {
                          "Node Type": "Bitmap Heap Scan",
                          "Parent Relationship": "Outer",
                          "Parallel Aware": true,
                          "Relation Name": "movie_keyword",
                          "Alias": "mk",
                          "Startup Cost": 87.99,
                          "Total Cost": 10726.09,
                          "Plan Rows": 1697,
                          "Plan Width": 4,
                          "Actual Startup Time": 1.832,
                          "Actual Total Time": 8.454,
                          "Actual Rows": 1354,
                          "Actual Loops": 3,
                          "Recheck Cond": "(keyword_id = 266)",
                          "Rows Removed by Index Recheck": 0,
                          "Exact Heap Blocks": 1752,
                          "Lossy Heap Blocks": 0,
                          "Plans": [
                            {
                              "Node Type": "Bitmap Index Scan",
                              "Parent Relationship": "Outer",
                              "Parallel Aware": false,
                              "Index Name": "keyword_id_movie_keyword",
                              "Startup Cost": 0.0,
                              "Total Cost": 86.97,
                              "Plan Rows": 4072,
                              "Plan Width": 0,
                              "Actual Startup Time": 3.426,
                              "Actual Total Time": 3.426,
                              "Actual Rows": 4062,
                              "Actual Loops": 1,
                              "Index Cond": "(keyword_id = 266)"
                            }
                          ]
                        },
                        {
                          "Node Type": "Index Only Scan",
                          "Parent Relationship": "Inner",
                          "Parallel Aware": false,
                          "Scan Direction": "Forward",
                          "Index Name": "title_pkey",
                          "Relation Name": "title",
                          "Alias": "t",
                          "Startup Cost": 0.43,
                          "Total Cost": 7.5,
                          "Plan Rows": 1,
                          "Plan Width": 4,
                          "Actual Startup Time": 0.011,
                          "Actual Total Time": 0.011,
                          "Actual Rows": 1,
                          "Actual Loops": 4062,
                          "Index Cond": "(id = mk.movie_id)",
                          "Rows Removed by Index Recheck": 0,
                          "Heap Fetches": 4062
                        }
                      ]
                    },
                    {
                      "Node Type": "Index Scan",
                      "Parent Relationship": "Inner",
                      "Parallel Aware": false,
                      "Scan Direction": "Forward",
                      "Index Name": "movie_id_movie_info",
                      "Relation Name": "movie_info",
                      "Alias": "mi",
                      "Startup Cost": 0.43,
                      "Total Cost": 1.62,
                      "Plan Rows": 40,
                      "Plan Width": 4,
                      "Actual Startup Time": 0.012,
                      "Actual Total Time": 0.055,
                      "Actual Rows": 52,
                      "Actual Loops": 4062,
                      "Index Cond": "(movie_id = t.id)",
                      "Rows Removed by Index Recheck": 0,
                      "Filter": "(info_type_id > 1)",
                      "Rows Removed by Filter": 1
                    }
                  ]
                }
              ]
            }
          ]
        }
      ]
    },
    "Planning Time": 1.39,
    "Triggers": [],
    "Execution Time": 138.526
  }
]