[
    {
        "Bao": {
            "Bao prediction": "NaN",
            "Bao recommended hint": "(no hint)"
        }
    },
    {
        "Plan": {
            "Node Type": "Aggregate",
            "Strategy": "Plain",
            "Partial Mode": "Simple",
            "Parallel Aware": false,
            "Startup Cost": 27466.21,
            "Total Cost": 27466.22,
            "Plan Rows": 1,
            "Plan Width": 8,
            "Actual Startup Time": 41.612,
            "Actual Total Time": 41.614,
            "Actual Rows": 1,
            "Actual Loops": 1,
            "Output": [
                "count(*)"
            ],
            "Plans": [
                {
                    "Node Type": "Bitmap Heap Scan",
                    "Parent Relationship": "Outer",
                    "Parallel Aware": false,
                    "Relation Name": "movie_keyword",
                    "Schema": "public",
                    "Alias": "mk",
                    "Startup Cost": 1764.88,
                    "Total Cost": 27258.32,
                    "Plan Rows": 83155,
                    "Plan Width": 0,
                    "Actual Startup Time": 9.593,
                    "Actual Total Time": 38.228,
                    "Actual Rows": 77574,
                    "Actual Loops": 1,
                    "Recheck Cond": "(mk.keyword_id > 88564)",
                    "Rows Removed by Index Recheck": 0,
                    "Exact Heap Blocks": 15617,
                    "Lossy Heap Blocks": 0,
                    "Plans": [
                        {
                            "Node Type": "Bitmap Index Scan",
                            "Parent Relationship": "Outer",
                            "Parallel Aware": false,
                            "Index Name": "keyword_id_movie_keyword",
                            "Startup Cost": 0.0,
                            "Total Cost": 1744.09,
                            "Plan Rows": 83155,
                            "Plan Width": 0,
                            "Actual Startup Time": 6.494,
                            "Actual Total Time": 6.495,
                            "Actual Rows": 77574,
                            "Actual Loops": 1,
                            "Index Cond": "(mk.keyword_id > 88564)"
                        }
                    ]
                }
            ]
        },
        "Planning Time": 181.555,
        "Triggers": [],
        "Execution Time": 41.653
    }
]