[
  {
    "Plan": {
      "Node Type": "Aggregate",
      "Strategy": "Plain",
      "Partial Mode": "Finalize",
      "Parallel Aware": false,
      "Startup Cost": 122933.39,
      "Total Cost": 122933.4,
      "Plan Rows": 1,
      "Plan Width": 8,
      "Actual Startup Time": 675.756,
      "Actual Total Time": 702.469,
      "Actual Rows": 1,
      "Actual Loops": 1,
      "Plans": [
        {
          "Node Type": "Gather",
          "Parent Relationship": "Outer",
          "Parallel Aware": false,
          "Startup Cost": 122933.07,
          "Total Cost": 122933.38,
          "Plan Rows": 3,
          "Plan Width": 8,
          "Actual Startup Time": 667.483,
          "Actual Total Time": 702.459,
          "Actual Rows": 4,
          "Actual Loops": 1,
          "Workers Planned": 3,
          "Workers Launched": 3,
          "Single Copy": false,
          "Plans": [
            {
              "Node Type": "Aggregate",
              "Strategy": "Plain",
              "Partial Mode": "Partial",
              "Parent Relationship": "Outer",
              "Parallel Aware": false,
              "Startup Cost": 121933.07,
              "Total Cost": 121933.08,
              "Plan Rows": 1,
              "Plan Width": 8,
              "Actual Startup Time": 658.327,
              "Actual Total Time": 658.334,
              "Actual Rows": 1,
              "Actual Loops": 4,
              "Plans": [
                {
                  "Node Type": "Hash Join",
                  "Parent Relationship": "Outer",
                  "Parallel Aware": true,
                  "Join Type": "Inner",
                  "Startup Cost": 77224.85,
                  "Total Cost": 121830.47,
                  "Plan Rows": 41038,
                  "Plan Width": 0,
                  "Actual Startup Time": 490.701,
                  "Actual Total Time": 648.783,
                  "Actual Rows": 163690,
                  "Actual Loops": 4,
                  "Inner Unique": false,
                  "Hash Cond": "(mk.movie_id = t.id)",
                  "Plans": [
                    {
                      "Node Type": "Seq Scan",
                      "Parent Relationship": "Outer",
                      "Parallel Aware": true,
                      "Relation Name": "movie_keyword",
                      "Alias": "mk",
                      "Startup Cost": 0.0,
                      "Total Cost": 42695.65,
                      "Plan Rows": 474025,
                      "Plan Width": 4,
                      "Actual Startup Time": 0.91,
                      "Actual Total Time": 131.422,
                      "Actual Rows": 365498,
                      "Actual Loops": 4,
                      "Filter": "(keyword_id > 11348)",
                      "Rows Removed by Filter": 765485
                    },
                    {
                      "Node Type": "Hash",
                      "Parent Relationship": "Inner",
                      "Parallel Aware": true,
                      "Startup Cost": 76342.21,
                      "Total Cost": 76342.21,
                      "Plan Rows": 70611,
                      "Plan Width": 8,
                      "Actual Startup Time": 448.662,
                      "Actual Total Time": 448.667,
                      "Actual Rows": 55236,
                      "Actual Loops": 4,
                      "Hash Buckets": 262144,
                      "Original Hash Buckets": 262144,
                      "Hash Batches": 1,
                      "Original Hash Batches": 1,
                      "Peak Memory Usage": 10752,
                      "Plans": [
                        {
                          "Node Type": "Hash Join",
                          "Parent Relationship": "Outer",
                          "Parallel Aware": true,
                          "Join Type": "Inner",
                          "Startup Cost": 56148.16,
                          "Total Cost": 76342.21,
                          "Plan Rows": 70611,
                          "Plan Width": 8,
                          "Actual Startup Time": 370.167,
                          "Actual Total Time": 429.981,
                          "Actual Rows": 55236,
                          "Actual Loops": 4,
                          "Inner Unique": true,
                          "Hash Cond": "(mc.movie_id = t.id)",
                          "Plans": [
                            {
                              "Node Type": "Bitmap Heap Scan",
                              "Parent Relationship": "Outer",
                              "Parallel Aware": true,
                              "Relation Name": "movie_companies",
                              "Alias": "mc",
                              "Startup Cost": 6238.66,
                              "Total Cost": 26189.03,
                              "Plan Rows": 92830,
                              "Plan Width": 4,
                              "Actual Startup Time": 16.785,
                              "Actual Total Time": 35.599,
                              "Actual Rows": 70457,
                              "Actual Loops": 4,
                              "Recheck Cond": "(company_id > 95719)",
                              "Rows Removed by Index Recheck": 0,
                              "Exact Heap Blocks": 1438,
                              "Lossy Heap Blocks": 0,
                              "Plans": [
                                {
                                  "Node Type": "Bitmap Index Scan",
                                  "Parent Relationship": "Outer",
                                  "Parallel Aware": false,
                                  "Index Name": "company_id_movie_companies",
                                  "Startup Cost": 0.0,
                                  "Total Cost": 6166.72,
                                  "Plan Rows": 287772,
                                  "Plan Width": 0,
                                  "Actual Startup Time": 15.971,
                                  "Actual Total Time": 15.972,
                                  "Actual Rows": 281829,
                                  "Actual Loops": 1,
                                  "Index Cond": "(company_id > 95719)"
                                }
                              ]
                            },
                            {
                              "Node Type": "Hash",
                              "Parent Relationship": "Inner",
                              "Parallel Aware": true,
                              "Startup Cost": 43899.32,
                              "Total Cost": 43899.32,
                              "Plan Rows": 480814,
                              "Plan Width": 4,
                              "Actual Startup Time": 349.317,
                              "Actual Total Time": 349.319,
                              "Actual Rows": 480712,
                              "Actual Loops": 4,
                              "Hash Buckets": 2097152,
                              "Original Hash Buckets": 2097152,
                              "Hash Batches": 1,
                              "Original Hash Batches": 1,
                              "Peak Memory Usage": 91680,
                              "Plans": [
                                {
                                  "Node Type": "Seq Scan",
                                  "Parent Relationship": "Outer",
                                  "Parallel Aware": true,
                                  "Relation Name": "title",
                                  "Alias": "t",
                                  "Startup Cost": 0.0,
                                  "Total Cost": 43899.32,
                                  "Plan Rows": 480814,
                                  "Plan Width": 4,
                                  "Actual Startup Time": 0.048,
                                  "Actual Total Time": 140.974,
                                  "Actual Rows": 480712,
                                  "Actual Loops": 4,
                                  "Filter": "(production_year < 2010)",
                                  "Rows Removed by Filter": 151366
                                }
                              ]
                            }
                          ]
                        }
                      ]
                    }
                  ]
                }
              ]
            }
          ]
        }
      ]
    },
    "Planning Time": 0.388,
    "Triggers": [],
    "Execution Time": 702.526
  }
]