[
  {
    "Plan": {
      "Node Type": "Aggregate",
      "Strategy": "Plain",
      "Partial Mode": "Finalize",
      "Parallel Aware": false,
      "Startup Cost": 33142.26,
      "Total Cost": 33142.27,
      "Plan Rows": 1,
      "Plan Width": 8,
      "Actual Startup Time": 90.61,
      "Actual Total Time": 96.666,
      "Actual Rows": 1,
      "Actual Loops": 1,
      "Plans": [
        {
          "Node Type": "Gather",
          "Parent Relationship": "Outer",
          "Parallel Aware": false,
          "Startup Cost": 33141.94,
          "Total Cost": 33142.25,
          "Plan Rows": 3,
          "Plan Width": 8,
          "Actual Startup Time": 90.497,
          "Actual Total Time": 96.657,
          "Actual Rows": 4,
          "Actual Loops": 1,
          "Workers Planned": 3,
          "Workers Launched": 3,
          "Single Copy": false,
          "Plans": [
            {
              "Node Type": "Aggregate",
              "Strategy": "Plain",
              "Partial Mode": "Partial",
              "Parent Relationship": "Outer",
              "Parallel Aware": false,
              "Startup Cost": 32141.94,
              "Total Cost": 32141.95,
              "Plan Rows": 1,
              "Plan Width": 8,
              "Actual Startup Time": 83.412,
              "Actual Total Time": 83.413,
              "Actual Rows": 1,
              "Actual Loops": 4,
              "Plans": [
                {
                  "Node Type": "Seq Scan",
                  "Parent Relationship": "Outer",
                  "Parallel Aware": true,
                  "Relation Name": "movie_companies",
                  "Alias": "mc",
                  "Startup Cost": 0.0,
                  "Total Cost": 31414.82,
                  "Plan Rows": 290850,
                  "Plan Width": 0,
                  "Actual Startup Time": 47.783,
                  "Actual Total Time": 77.575,
                  "Actual Rows": 145354,
                  "Actual Loops": 4,
                  "Filter": "((company_id < 25610) AND (company_type_id = 2))",
                  "Rows Removed by Filter": 506929
                }
              ]
            }
          ]
        }
      ]
    },
    "Planning Time": 0.205,
    "Triggers": [],
    "Execution Time": 96.725
  }
]