[
    {
        "Bao": {
            "Bao prediction": "NaN",
            "Bao recommended hint": "(no hint)"
        }
    },
    {
        "Plan": {
            "Node Type": "Aggregate",
            "Strategy": "Plain",
            "Partial Mode": "Finalize",
            "Parallel Aware": false,
            "Startup Cost": 44821.09,
            "Total Cost": 44821.1,
            "Plan Rows": 1,
            "Plan Width": 8,
            "Actual Startup Time": 147.961,
            "Actual Total Time": 154.559,
            "Actual Rows": 1,
            "Actual Loops": 1,
            "Output": [
                "count(*)"
            ],
            "Plans": [
                {
                    "Node Type": "Gather",
                    "Parent Relationship": "Outer",
                    "Parallel Aware": false,
                    "Startup Cost": 44820.78,
                    "Total Cost": 44821.09,
                    "Plan Rows": 3,
                    "Plan Width": 8,
                    "Actual Startup Time": 147.87,
                    "Actual Total Time": 154.551,
                    "Actual Rows": 4,
                    "Actual Loops": 1,
                    "Output": [
                        "(PARTIAL count(*))"
                    ],
                    "Workers Planned": 3,
                    "Workers Launched": 3,
                    "Single Copy": false,
                    "Plans": [
                        {
                            "Node Type": "Aggregate",
                            "Strategy": "Plain",
                            "Partial Mode": "Partial",
                            "Parent Relationship": "Outer",
                            "Parallel Aware": false,
                            "Startup Cost": 43820.78,
                            "Total Cost": 43820.79,
                            "Plan Rows": 1,
                            "Plan Width": 8,
                            "Actual Startup Time": 139.619,
                            "Actual Total Time": 139.621,
                            "Actual Rows": 1,
                            "Actual Loops": 4,
                            "Output": [
                                "PARTIAL count(*)"
                            ],
                            "Workers": [
                                {
                                    "Worker Number": 0,
                                    "Actual Startup Time": 136.777,
                                    "Actual Total Time": 136.779,
                                    "Actual Rows": 1,
                                    "Actual Loops": 1
                                },
                                {
                                    "Worker Number": 1,
                                    "Actual Startup Time": 137.025,
                                    "Actual Total Time": 137.026,
                                    "Actual Rows": 1,
                                    "Actual Loops": 1
                                },
                                {
                                    "Worker Number": 2,
                                    "Actual Startup Time": 137.267,
                                    "Actual Total Time": 137.268,
                                    "Actual Rows": 1,
                                    "Actual Loops": 1
                                }
                            ],
                            "Plans": [
                                {
                                    "Node Type": "Seq Scan",
                                    "Parent Relationship": "Outer",
                                    "Parallel Aware": true,
                                    "Relation Name": "movie_keyword",
                                    "Schema": "public",
                                    "Alias": "mk",
                                    "Startup Cost": 0.0,
                                    "Total Cost": 42695.65,
                                    "Plan Rows": 450049,
                                    "Plan Width": 0,
                                    "Actual Startup Time": 1.505,
                                    "Actual Total Time": 118.615,
                                    "Actual Rows": 341134,
                                    "Actual Loops": 4,
                                    "Output": [
                                        "id",
                                        "movie_id",
                                        "keyword_id"
                                    ],
                                    "Filter": "(mk.keyword_id > 12266)",
                                    "Rows Removed by Filter": 789848,
                                    "Workers": [
                                        {
                                            "Worker Number": 0,
                                            "Actual Startup Time": 0.068,
                                            "Actual Total Time": 116.783,
                                            "Actual Rows": 386752,
                                            "Actual Loops": 1
                                        },
                                        {
                                            "Worker Number": 1,
                                            "Actual Startup Time": 0.068,
                                            "Actual Total Time": 117.165,
                                            "Actual Rows": 383309,
                                            "Actual Loops": 1
                                        },
                                        {
                                            "Worker Number": 2,
                                            "Actual Startup Time": 0.059,
                                            "Actual Total Time": 117.232,
                                            "Actual Rows": 253805,
                                            "Actual Loops": 1
                                        }
                                    ]
                                }
                            ]
                        }
                    ]
                }
            ]
        },
        "Planning Time": 284.374,
        "Triggers": [],
        "Execution Time": 154.628
    }
]