[
  {
    "Plan": {
      "Node Type": "Aggregate",
      "Strategy": "Plain",
      "Partial Mode": "Simple",
      "Parallel Aware": false,
      "Startup Cost": 19496.29,
      "Total Cost": 19496.3,
      "Plan Rows": 1,
      "Plan Width": 8,
      "Actual Startup Time": 9.006,
      "Actual Total Time": 9.007,
      "Actual Rows": 1,
      "Actual Loops": 1,
      "Plans": [
        {
          "Node Type": "Bitmap Heap Scan",
          "Parent Relationship": "Outer",
          "Parallel Aware": false,
          "Relation Name": "movie_companies",
          "Alias": "mc",
          "Startup Cost": 346.98,
          "Total Cost": 19475.76,
          "Plan Rows": 8211,
          "Plan Width": 0,
          "Actual Startup Time": 1.129,
          "Actual Total Time": 7.485,
          "Actual Rows": 15135,
          "Actual Loops": 1,
          "Recheck Cond": "(company_id > 220705)",
          "Rows Removed by Index Recheck": 0,
          "Filter": "(company_type_id > 1)",
          "Rows Removed by Filter": 0,
          "Exact Heap Blocks": 671,
          "Lossy Heap Blocks": 0,
          "Plans": [
            {
              "Node Type": "Bitmap Index Scan",
              "Parent Relationship": "Outer",
              "Parallel Aware": false,
              "Index Name": "company_id_movie_companies",
              "Startup Cost": 0.0,
              "Total Cost": 344.93,
              "Plan Rows": 16066,
              "Plan Width": 0,
              "Actual Startup Time": 0.989,
              "Actual Total Time": 0.99,
              "Actual Rows": 15135,
              "Actual Loops": 1,
              "Index Cond": "(company_id > 220705)"
            }
          ]
        }
      ]
    },
    "Planning Time": 0.354,
    "Triggers": [],
    "Execution Time": 9.063
  }
]