{
    "Plan": {
        "Node Type": "Aggregate",
        "Strategy": "Plain",
        "Partial Mode": "Finalize",
        "Parallel Aware": false,
        "Startup Cost": 72598.38,
        "Total Cost": 72598.39,
        "Plan Rows": 1,
        "Plan Width": 8,
        "Actual Startup Time": 199.8,
        "Actual Total Time": 215.704,
        "Actual Rows": 1,
        "Actual Loops": 1,
        "Output": [
            "count(*)"
        ],
        "Plans": [
            {
                "Node Type": "Gather",
                "Parent Relationship": "Outer",
                "Parallel Aware": false,
                "Startup Cost": 72597.96,
                "Total Cost": 72598.37,
                "Plan Rows": 4,
                "Plan Width": 8,
                "Actual Startup Time": 196.601,
                "Actual Total Time": 215.693,
                "Actual Rows": 5,
                "Actual Loops": 1,
                "Output": [
                    "(PARTIAL count(*))"
                ],
                "Workers Planned": 4,
                "Workers Launched": 4,
                "Single Copy": false,
                "Plans": [
                    {
                        "Node Type": "Aggregate",
                        "Strategy": "Plain",
                        "Partial Mode": "Partial",
                        "Parent Relationship": "Outer",
                        "Parallel Aware": false,
                        "Startup Cost": 71597.96,
                        "Total Cost": 71597.97,
                        "Plan Rows": 1,
                        "Plan Width": 8,
                        "Actual Startup Time": 186.687,
                        "Actual Total Time": 186.692,
                        "Actual Rows": 1,
                        "Actual Loops": 5,
                        "Output": [
                            "PARTIAL count(*)"
                        ],
                        "Workers": [
                            {
                                "Worker Number": 0,
                                "Actual Startup Time": 183.697,
                                "Actual Total Time": 183.701,
                                "Actual Rows": 1,
                                "Actual Loops": 1
                            },
                            {
                                "Worker Number": 1,
                                "Actual Startup Time": 185.407,
                                "Actual Total Time": 185.412,
                                "Actual Rows": 1,
                                "Actual Loops": 1
                            },
                            {
                                "Worker Number": 2,
                                "Actual Startup Time": 184.948,
                                "Actual Total Time": 184.953,
                                "Actual Rows": 1,
                                "Actual Loops": 1
                            },
                            {
                                "Worker Number": 3,
                                "Actual Startup Time": 184.171,
                                "Actual Total Time": 184.175,
                                "Actual Rows": 1,
                                "Actual Loops": 1
                            }
                        ],
                        "Plans": [
                            {
                                "Node Type": "Hash Join",
                                "Parent Relationship": "Outer",
                                "Parallel Aware": true,
                                "Join Type": "Inner",
                                "Startup Cost": 34347.48,
                                "Total Cost": 71597.53,
                                "Plan Rows": 174,
                                "Plan Width": 0,
                                "Actual Startup Time": 152.863,
                                "Actual Total Time": 186.659,
                                "Actual Rows": 121,
                                "Actual Loops": 5,
                                "Inner Unique": false,
                                "Hash Cond": "(t.id = mk.movie_id)",
                                "Workers": [
                                    {
                                        "Worker Number": 0,
                                        "Actual Startup Time": 149.617,
                                        "Actual Total Time": 183.668,
                                        "Actual Rows": 115,
                                        "Actual Loops": 1
                                    },
                                    {
                                        "Worker Number": 1,
                                        "Actual Startup Time": 151.606,
                                        "Actual Total Time": 185.381,
                                        "Actual Rows": 124,
                                        "Actual Loops": 1
                                    },
                                    {
                                        "Worker Number": 2,
                                        "Actual Startup Time": 150.627,
                                        "Actual Total Time": 184.926,
                                        "Actual Rows": 83,
                                        "Actual Loops": 1
                                    },
                                    {
                                        "Worker Number": 3,
                                        "Actual Startup Time": 150.76,
                                        "Actual Total Time": 184.14,
                                        "Actual Rows": 150,
                                        "Actual Loops": 1
                                    }
                                ],
                                "Plans": [
                                    {
                                        "Node Type": "Bitmap Heap Scan",
                                        "Parent Relationship": "Outer",
                                        "Parallel Aware": true,
                                        "Relation Name": "title",
                                        "Schema": "public",
                                        "Alias": "t",
                                        "Startup Cost": 2108.26,
                                        "Total Cost": 38549.35,
                                        "Plan Rows": 1654,
                                        "Plan Width": 4,
                                        "Actual Startup Time": 10.886,
                                        "Actual Total Time": 43.402,
                                        "Actual Rows": 1547,
                                        "Actual Loops": 5,
                                        "Output": [
                                            "t.id",
                                            "t.title",
                                            "t.imdb_index",
                                            "t.kind_id",
                                            "t.production_year",
                                            "t.imdb_id",
                                            "t.phonetic_code",
                                            "t.episode_of_id",
                                            "t.season_nr",
                                            "t.episode_nr",
                                            "t.series_years",
                                            "t.md5sum"
                                        ],
                                        "Recheck Cond": "(t.kind_id = 4)",
                                        "Rows Removed by Index Recheck": 0,
                                        "Filter": "(t.production_year = 2010)",
                                        "Rows Removed by Filter": 22100,
                                        "Exact Heap Blocks": 2521,
                                        "Lossy Heap Blocks": 0,
                                        "Workers": [
                                            {
                                                "Worker Number": 0,
                                                "Actual Startup Time": 10.662,
                                                "Actual Total Time": 43.402,
                                                "Actual Rows": 1590,
                                                "Actual Loops": 1
                                            },
                                            {
                                                "Worker Number": 1,
                                                "Actual Startup Time": 11.168,
                                                "Actual Total Time": 43.372,
                                                "Actual Rows": 1548,
                                                "Actual Loops": 1
                                            },
                                            {
                                                "Worker Number": 2,
                                                "Actual Startup Time": 10.885,
                                                "Actual Total Time": 43.433,
                                                "Actual Rows": 1508,
                                                "Actual Loops": 1
                                            },
                                            {
                                                "Worker Number": 3,
                                                "Actual Startup Time": 10.888,
                                                "Actual Total Time": 43.374,
                                                "Actual Rows": 1580,
                                                "Actual Loops": 1
                                            }
                                        ],
                                        "Plans": [
                                            {
                                                "Node Type": "Bitmap Index Scan",
                                                "Parent Relationship": "Outer",
                                                "Parallel Aware": false,
                                                "Index Name": "kind_id_title",
                                                "Startup Cost": 0.0,
                                                "Total Cost": 2106.61,
                                                "Plan Rows": 118157,
                                                "Plan Width": 0,
                                                "Actual Startup Time": 7.797,
                                                "Actual Total Time": 7.798,
                                                "Actual Rows": 118234,
                                                "Actual Loops": 1,
                                                "Index Cond": "(t.kind_id = 4)",
                                                "Workers": [
                                                    {
                                                        "Worker Number": 0,
                                                        "Actual Startup Time": 7.797,
                                                        "Actual Total Time": 7.798,
                                                        "Actual Rows": 118234,
                                                        "Actual Loops": 1
                                                    }
                                                ]
                                            }
                                        ]
                                    },
                                    {
                                        "Node Type": "Hash",
                                        "Parent Relationship": "Inner",
                                        "Parallel Aware": true,
                                        "Startup Cost": 31167.12,
                                        "Total Cost": 31167.12,
                                        "Plan Rows": 85768,
                                        "Plan Width": 4,
                                        "Actual Startup Time": 139.159,
                                        "Actual Total Time": 139.161,
                                        "Actual Rows": 52187,
                                        "Actual Loops": 5,
                                        "Output": [
                                            "mk.movie_id"
                                        ],
                                        "Hash Buckets": 524288,
                                        "Original Hash Buckets": 524288,
                                        "Hash Batches": 1,
                                        "Original Hash Batches": 1,
                                        "Peak Memory Usage": 14368,
                                        "Workers": [
                                            {
                                                "Worker Number": 0,
                                                "Actual Startup Time": 138.16,
                                                "Actual Total Time": 138.161,
                                                "Actual Rows": 48981,
                                                "Actual Loops": 1
                                            },
                                            {
                                                "Worker Number": 1,
                                                "Actual Startup Time": 139.877,
                                                "Actual Total Time": 139.878,
                                                "Actual Rows": 49567,
                                                "Actual Loops": 1
                                            },
                                            {
                                                "Worker Number": 2,
                                                "Actual Startup Time": 139.128,
                                                "Actual Total Time": 139.13,
                                                "Actual Rows": 48240,
                                                "Actual Loops": 1
                                            },
                                            {
                                                "Worker Number": 3,
                                                "Actual Startup Time": 138.603,
                                                "Actual Total Time": 138.604,
                                                "Actual Rows": 48639,
                                                "Actual Loops": 1
                                            }
                                        ],
                                        "Plans": [
                                            {
                                                "Node Type": "Bitmap Heap Scan",
                                                "Parent Relationship": "Outer",
                                                "Parallel Aware": true,
                                                "Relation Name": "movie_keyword",
                                                "Schema": "public",
                                                "Alias": "mk",
                                                "Startup Cost": 5641.02,
                                                "Total Cost": 31167.12,
                                                "Plan Rows": 85768,
                                                "Plan Width": 4,
                                                "Actual Startup Time": 36.001,
                                                "Actual Total Time": 113.7,
                                                "Actual Rows": 52187,
                                                "Actual Loops": 5,
                                                "Output": [
                                                    "mk.movie_id"
                                                ],
                                                "Recheck Cond": "(mk.keyword_id < 229)",
                                                "Rows Removed by Index Recheck": 0,
                                                "Exact Heap Blocks": 5846,
                                                "Lossy Heap Blocks": 0,
                                                "Workers": [
                                                    {
                                                        "Worker Number": 0,
                                                        "Actual Startup Time": 34.928,
                                                        "Actual Total Time": 112.762,
                                                        "Actual Rows": 48981,
                                                        "Actual Loops": 1
                                                    },
                                                    {
                                                        "Worker Number": 1,
                                                        "Actual Startup Time": 36.664,
                                                        "Actual Total Time": 114.885,
                                                        "Actual Rows": 49567,
                                                        "Actual Loops": 1
                                                    },
                                                    {
                                                        "Worker Number": 2,
                                                        "Actual Startup Time": 36.098,
                                                        "Actual Total Time": 115.011,
                                                        "Actual Rows": 48240,
                                                        "Actual Loops": 1
                                                    },
                                                    {
                                                        "Worker Number": 3,
                                                        "Actual Startup Time": 35.647,
                                                        "Actual Total Time": 112.779,
                                                        "Actual Rows": 48639,
                                                        "Actual Loops": 1
                                                    }
                                                ],
                                                "Plans": [
                                                    {
                                                        "Node Type": "Bitmap Index Scan",
                                                        "Parent Relationship": "Outer",
                                                        "Parallel Aware": false,
                                                        "Index Name": "keyword_id_movie_keyword",
                                                        "Startup Cost": 0.0,
                                                        "Total Cost": 5574.55,
                                                        "Plan Rows": 265882,
                                                        "Plan Width": 0,
                                                        "Actual Startup Time": 30.959,
                                                        "Actual Total Time": 30.96,
                                                        "Actual Rows": 260933,
                                                        "Actual Loops": 1,
                                                        "Index Cond": "(mk.keyword_id < 229)"
                                                    }
                                                ]
                                            }
                                        ]
                                    }
                                ]
                            }
                        ]
                    }
                ]
            }
        ]
    },
    "Planning Time": 2.976,
    "Triggers": [],
    "Execution Time": 216.235
}