[
  {
    "Plan": {
      "Node Type": "Aggregate",
      "Strategy": "Plain",
      "Partial Mode": "Finalize",
      "Parallel Aware": false,
      "Startup Cost": 407822.45,
      "Total Cost": 407822.46,
      "Plan Rows": 1,
      "Plan Width": 8,
      "Actual Startup Time": 1345.87,
      "Actual Total Time": 1421.915,
      "Actual Rows": 1,
      "Actual Loops": 1,
      "Plans": [
        {
          "Node Type": "Gather",
          "Parent Relationship": "Outer",
          "Parallel Aware": false,
          "Startup Cost": 407822.13,
          "Total Cost": 407822.44,
          "Plan Rows": 3,
          "Plan Width": 8,
          "Actual Startup Time": 1341.525,
          "Actual Total Time": 1421.903,
          "Actual Rows": 4,
          "Actual Loops": 1,
          "Workers Planned": 3,
          "Workers Launched": 3,
          "Single Copy": false,
          "Plans": [
            {
              "Node Type": "Aggregate",
              "Strategy": "Plain",
              "Partial Mode": "Partial",
              "Parent Relationship": "Outer",
              "Parallel Aware": false,
              "Startup Cost": 406822.13,
              "Total Cost": 406822.14,
              "Plan Rows": 1,
              "Plan Width": 8,
              "Actual Startup Time": 1329.176,
              "Actual Total Time": 1329.179,
              "Actual Rows": 1,
              "Actual Loops": 4,
              "Plans": [
                {
                  "Node Type": "Nested Loop",
                  "Parent Relationship": "Outer",
                  "Parallel Aware": false,
                  "Join Type": "Inner",
                  "Startup Cost": 63887.39,
                  "Total Cost": 402755.47,
                  "Plan Rows": 1626662,
                  "Plan Width": 0,
                  "Actual Startup Time": 268.27,
                  "Actual Total Time": 1278.077,
                  "Actual Rows": 1131025,
                  "Actual Loops": 4,
                  "Inner Unique": false,
                  "Plans": [
                    {
                      "Node Type": "Hash Join",
                      "Parent Relationship": "Outer",
                      "Parallel Aware": true,
                      "Join Type": "Inner",
                      "Startup Cost": 63886.83,
                      "Total Cost": 91624.65,
                      "Plan Rows": 113522,
                      "Plan Width": 8,
                      "Actual Startup Time": 268.119,
                      "Actual Total Time": 352.814,
                      "Actual Rows": 43060,
                      "Actual Loops": 4,
                      "Inner Unique": true,
                      "Hash Cond": "(mk.movie_id = t.id)",
                      "Plans": [
                        {
                          "Node Type": "Bitmap Heap Scan",
                          "Parent Relationship": "Outer",
                          "Parallel Aware": true,
                          "Relation Name": "movie_keyword",
                          "Alias": "mk",
                          "Startup Cost": 14276.55,
                          "Total Cost": 41444.46,
                          "Plan Rows": 217112,
                          "Plan Width": 4,
                          "Actual Startup Time": 40.668,
                          "Actual Total Time": 86.624,
                          "Actual Rows": 165519,
                          "Actual Loops": 4,
                          "Recheck Cond": "(keyword_id > 28392)",
                          "Rows Removed by Index Recheck": 0,
                          "Exact Heap Blocks": 6858,
                          "Lossy Heap Blocks": 0,
                          "Plans": [
                            {
                              "Node Type": "Bitmap Index Scan",
                              "Parent Relationship": "Outer",
                              "Parallel Aware": false,
                              "Index Name": "keyword_id_movie_keyword",
                              "Startup Cost": 0.0,
                              "Total Cost": 14108.29,
                              "Plan Rows": 673048,
                              "Plan Width": 0,
                              "Actual Startup Time": 37.107,
                              "Actual Total Time": 37.107,
                              "Actual Rows": 662076,
                              "Actual Loops": 1,
                              "Index Cond": "(keyword_id > 28392)"
                            }
                          ]
                        },
                        {
                          "Node Type": "Hash",
                          "Parent Relationship": "Inner",
                          "Parallel Aware": true,
                          "Startup Cost": 45479.1,
                          "Total Cost": 45479.1,
                          "Plan Rows": 330494,
                          "Plan Width": 4,
                          "Actual Startup Time": 220.034,
                          "Actual Total Time": 220.035,
                          "Actual Rows": 324532,
                          "Actual Loops": 4,
                          "Hash Buckets": 2097152,
                          "Original Hash Buckets": 2097152,
                          "Hash Batches": 1,
                          "Original Hash Batches": 1,
                          "Peak Memory Usage": 67232,
                          "Plans": [
                            {
                              "Node Type": "Seq Scan",
                              "Parent Relationship": "Outer",
                              "Parallel Aware": true,
                              "Relation Name": "title",
                              "Alias": "t",
                              "Startup Cost": 0.0,
                              "Total Cost": 45479.1,
                              "Plan Rows": 330494,
                              "Plan Width": 4,
                              "Actual Startup Time": 0.04,
                              "Actual Total Time": 106.278,
                              "Actual Rows": 324532,
                              "Actual Loops": 4,
                              "Filter": "((kind_id > 1) AND (production_year < 2009))",
                              "Rows Removed by Filter": 307546
                            }
                          ]
                        }
                      ]
                    },
                    {
                      "Node Type": "Index Only Scan",
                      "Parent Relationship": "Inner",
                      "Parallel Aware": false,
                      "Scan Direction": "Forward",
                      "Index Name": "movie_id_cast_info",
                      "Relation Name": "cast_info",
                      "Alias": "ci",
                      "Startup Cost": 0.56,
                      "Total Cost": 2.37,
                      "Plan Rows": 37,
                      "Plan Width": 4,
                      "Actual Startup Time": 0.004,
                      "Actual Total Time": 0.02,
                      "Actual Rows": 26,
                      "Actual Loops": 172238,
                      "Index Cond": "(movie_id = t.id)",
                      "Rows Removed by Index Recheck": 0,
                      "Heap Fetches": 4524099
                    }
                  ]
                }
              ]
            }
          ]
        }
      ]
    },
    "Planning Time": 1.295,
    "Triggers": [],
    "Execution Time": 1422.044
  }
]