[
  {
    "Plan": {
      "Node Type": "Aggregate",
      "Strategy": "Plain",
      "Partial Mode": "Finalize",
      "Parallel Aware": false,
      "Startup Cost": 31703.08,
      "Total Cost": 31703.09,
      "Plan Rows": 1,
      "Plan Width": 8,
      "Actual Startup Time": 98.479,
      "Actual Total Time": 107.188,
      "Actual Rows": 1,
      "Actual Loops": 1,
      "Plans": [
        {
          "Node Type": "Gather",
          "Parent Relationship": "Outer",
          "Parallel Aware": false,
          "Startup Cost": 31702.76,
          "Total Cost": 31703.07,
          "Plan Rows": 3,
          "Plan Width": 8,
          "Actual Startup Time": 98.34,
          "Actual Total Time": 107.175,
          "Actual Rows": 4,
          "Actual Loops": 1,
          "Workers Planned": 3,
          "Workers Launched": 3,
          "Single Copy": false,
          "Plans": [
            {
              "Node Type": "Aggregate",
              "Strategy": "Plain",
              "Partial Mode": "Partial",
              "Parent Relationship": "Outer",
              "Parallel Aware": false,
              "Startup Cost": 30702.76,
              "Total Cost": 30702.77,
              "Plan Rows": 1,
              "Plan Width": 8,
              "Actual Startup Time": 94.618,
              "Actual Total Time": 94.619,
              "Actual Rows": 1,
              "Actual Loops": 4,
              "Plans": [
                {
                  "Node Type": "Seq Scan",
                  "Parent Relationship": "Outer",
                  "Parallel Aware": true,
                  "Relation Name": "movie_companies",
                  "Alias": "mc",
                  "Startup Cost": 0.0,
                  "Total Cost": 29310.68,
                  "Plan Rows": 556833,
                  "Plan Width": 0,
                  "Actual Startup Time": 0.014,
                  "Actual Total Time": 74.754,
                  "Actual Rows": 433734,
                  "Actual Loops": 4,
                  "Filter": "(company_id < 23334)",
                  "Rows Removed by Filter": 218549
                }
              ]
            }
          ]
        }
      ]
    },
    "Planning Time": 0.191,
    "Triggers": [],
    "Execution Time": 107.244
  }
]