{
  "Plan": {
    "Node Type": "Aggregate",
    "Strategy": "Plain",
    "Partial Mode": "Finalize",
    "Parallel Aware": false,
    "Startup Cost": 494644.91,
    "Total Cost": 494644.92,
    "Plan Rows": 1,
    "Plan Width": 8,
    "Actual Startup Time": 1918.55,
    "Actual Total Time": 1948.148,
    "Actual Rows": 1,
    "Actual Loops": 1,
    "Plans": [
      {
        "Node Type": "Gather",
        "Parent Relationship": "Outer",
        "Parallel Aware": false,
        "Startup Cost": 494644.8,
        "Total Cost": 494644.91,
        "Plan Rows": 1,
        "Plan Width": 8,
        "Actual Startup Time": 1912.408,
        "Actual Total Time": 1948.135,
        "Actual Rows": 2,
        "Actual Loops": 1,
        "Workers Planned": 1,
        "Workers Launched": 1,
        "Single Copy": false,
        "Plans": [
          {
            "Node Type": "Aggregate",
            "Strategy": "Plain",
            "Partial Mode": "Partial",
            "Parent Relationship": "Outer",
            "Parallel Aware": false,
            "Startup Cost": 493644.8,
            "Total Cost": 493644.81,
            "Plan Rows": 1,
            "Plan Width": 8,
            "Actual Startup Time": 1904.271,
            "Actual Total Time": 1904.579,
            "Actual Rows": 1,
            "Actual Loops": 2,
            "Plans": [
              {
                "Node Type": "Hash Join",
                "Parent Relationship": "Outer",
                "Parallel Aware": true,
                "Join Type": "Inner",
                "Startup Cost": 445586.28,
                "Total Cost": 491209.54,
                "Plan Rows": 974102,
                "Plan Width": 0,
                "Actual Startup Time": 1386.622,
                "Actual Total Time": 1856.516,
                "Actual Rows": 1216070,
                "Actual Loops": 2,
                "Inner Unique": false,
                "Hash Cond": "(mc.movie_id = t.id)",
                "Plans": [
                  {
                    "Node Type": "Seq Scan",
                    "Parent Relationship": "Outer",
                    "Parallel Aware": true,
                    "Relation Name": "movie_companies",
                    "Alias": "mc",
                    "Startup Cost": 0.0,
                    "Total Cost": 34137.82,
                    "Plan Rows": 1534782,
                    "Plan Width": 4,
                    "Actual Startup Time": 0.016,
                    "Actual Total Time": 99.879,
                    "Actual Rows": 1304564,
                    "Actual Loops": 2
                  },
                  {
                    "Node Type": "Hash",
                    "Parent Relationship": "Inner",
                    "Parallel Aware": true,
                    "Startup Cost": 433787.26,
                    "Total Cost": 433787.26,
                    "Plan Rows": 943922,
                    "Plan Width": 8,
                    "Actual Startup Time": 1372.212,
                    "Actual Total Time": 1372.518,
                    "Actual Rows": 512821,
                    "Actual Loops": 2,
                    "Hash Buckets": 2097152,
                    "Original Hash Buckets": 2097152,
                    "Hash Batches": 1,
                    "Original Hash Batches": 1,
                    "Peak Memory Usage": 56544,
                    "Plans": [
                      {
                        "Node Type": "Hash Join",
                        "Parent Relationship": "Outer",
                        "Parallel Aware": true,
                        "Join Type": "Inner",
                        "Startup Cost": 147322.99,
                        "Total Cost": 433787.26,
                        "Plan Rows": 943922,
                        "Plan Width": 8,
                        "Actual Startup Time": 840.4,
                        "Actual Total Time": 1204.041,
                        "Actual Rows": 512821,
                        "Actual Loops": 2,
                        "Inner Unique": true,
                        "Hash Cond": "(ci.movie_id = t.id)",
                        "Plans": [
                          {
                            "Node Type": "Bitmap Heap Scan",
                            "Parent Relationship": "Outer",
                            "Parallel Aware": true,
                            "Relation Name": "cast_info",
                            "Alias": "ci",
                            "Startup Cost": 77862.29,
                            "Total Cost": 361848.76,
                            "Plan Rows": 943922,
                            "Plan Width": 4,
                            "Actual Startup Time": 271.192,
                            "Actual Total Time": 372.354,
                            "Actual Rows": 512821,
                            "Actual Loops": 2,
                            "Recheck Cond": "(person_id < 351351)",
                            "Rows Removed by Index Recheck": 0,
                            "Filter": "(role_id > 2)",
                            "Rows Removed by Filter": 1321146,
                            "Exact Heap Blocks": 20859,
                            "Lossy Heap Blocks": 0,
                            "Plans": [
                              {
                                "Node Type": "Bitmap Index Scan",
                                "Parent Relationship": "Outer",
                                "Parallel Aware": false,
                                "Index Name": "person_id_cast_info",
                                "Startup Cost": 0.0,
                                "Total Cost": 77461.12,
                                "Plan Rows": 3547274,
                                "Plan Width": 0,
                                "Actual Startup Time": 127.504,
                                "Actual Total Time": 127.505,
                                "Actual Rows": 3667933,
                                "Actual Loops": 1,
                                "Index Cond": "(person_id < 351351)"
                              }
                            ]
                          },
                          {
                            "Node Type": "Hash",
                            "Parent Relationship": "Inner",
                            "Parallel Aware": true,
                            "Startup Cost": 50870.31,
                            "Total Cost": 50870.31,
                            "Plan Rows": 1487231,
                            "Plan Width": 4,
                            "Actual Startup Time": 555.849,
                            "Actual Total Time": 555.85,
                            "Actual Rows": 1264156,
                            "Actual Loops": 2,
                            "Hash Buckets": 4194304,
                            "Original Hash Buckets": 4194304,
                            "Hash Batches": 1,
                            "Original Hash Batches": 1,
                            "Peak Memory Usage": 131712,
                            "Plans": [
                              {
                                "Node Type": "Seq Scan",
                                "Parent Relationship": "Outer",
                                "Parallel Aware": true,
                                "Relation Name": "title",
                                "Alias": "t",
                                "Startup Cost": 0.0,
                                "Total Cost": 50870.31,
                                "Plan Rows": 1487231,
                                "Plan Width": 4,
                                "Actual Startup Time": 0.05,
                                "Actual Total Time": 156.149,
                                "Actual Rows": 1264156,
                                "Actual Loops": 2
                              }
                            ]
                          }
                        ]
                      }
                    ]
                  }
                ]
              }
            ]
          }
        ]
      }
    ]
  },
  "Planning Time": 1.034,
  "Triggers": [],
  "Execution Time": 1948.25
}