[
  {
    "Plan": {
      "Node Type": "Aggregate",
      "Strategy": "Plain",
      "Partial Mode": "Simple",
      "Parallel Aware": false,
      "Startup Cost": 1579.93,
      "Total Cost": 1579.94,
      "Plan Rows": 1,
      "Plan Width": 8,
      "Actual Startup Time": 9.053,
      "Actual Total Time": 9.055,
      "Actual Rows": 1,
      "Actual Loops": 1,
      "Plans": [
        {
          "Node Type": "Nested Loop",
          "Parent Relationship": "Outer",
          "Parallel Aware": false,
          "Join Type": "Inner",
          "Startup Cost": 1.43,
          "Total Cost": 1579.67,
          "Plan Rows": 104,
          "Plan Width": 0,
          "Actual Startup Time": 8.937,
          "Actual Total Time": 9.04,
          "Actual Rows": 31,
          "Actual Loops": 1,
          "Inner Unique": false,
          "Plans": [
            {
              "Node Type": "Nested Loop",
              "Parent Relationship": "Outer",
              "Parallel Aware": false,
              "Join Type": "Inner",
              "Startup Cost": 0.99,
              "Total Cost": 1477.02,
              "Plan Rows": 58,
              "Plan Width": 8,
              "Actual Startup Time": 8.91,
              "Actual Total Time": 8.935,
              "Actual Rows": 2,
              "Actual Loops": 1,
              "Inner Unique": true,
              "Plans": [
                {
                  "Node Type": "Index Scan",
                  "Parent Relationship": "Outer",
                  "Parallel Aware": false,
                  "Scan Direction": "Forward",
                  "Index Name": "person_id_cast_info",
                  "Relation Name": "cast_info",
                  "Alias": "ci",
                  "Startup Cost": 0.56,
                  "Total Cost": 987.07,
                  "Plan Rows": 58,
                  "Plan Width": 4,
                  "Actual Startup Time": 8.87,
                  "Actual Total Time": 8.873,
                  "Actual Rows": 2,
                  "Actual Loops": 1,
                  "Index Cond": "(person_id = 2109215)",
                  "Rows Removed by Index Recheck": 0,
                  "Filter": "(role_id = 10)",
                  "Rows Removed by Filter": 1
                },
                {
                  "Node Type": "Index Only Scan",
                  "Parent Relationship": "Inner",
                  "Parallel Aware": false,
                  "Scan Direction": "Forward",
                  "Index Name": "title_pkey",
                  "Relation Name": "title",
                  "Alias": "t",
                  "Startup Cost": 0.43,
                  "Total Cost": 8.45,
                  "Plan Rows": 1,
                  "Plan Width": 4,
                  "Actual Startup Time": 0.025,
                  "Actual Total Time": 0.025,
                  "Actual Rows": 1,
                  "Actual Loops": 2,
                  "Index Cond": "(id = ci.movie_id)",
                  "Rows Removed by Index Recheck": 0,
                  "Heap Fetches": 2
                }
              ]
            },
            {
              "Node Type": "Index Only Scan",
              "Parent Relationship": "Inner",
              "Parallel Aware": false,
              "Scan Direction": "Forward",
              "Index Name": "movie_id_movie_keyword",
              "Relation Name": "movie_keyword",
              "Alias": "mk",
              "Startup Cost": 0.43,
              "Total Cost": 1.31,
              "Plan Rows": 46,
              "Plan Width": 4,
              "Actual Startup Time": 0.036,
              "Actual Total Time": 0.046,
              "Actual Rows": 16,
              "Actual Loops": 2,
              "Index Cond": "(movie_id = t.id)",
              "Rows Removed by Index Recheck": 0,
              "Heap Fetches": 31
            }
          ]
        }
      ]
    },
    "Planning Time": 1.368,
    "Triggers": [],
    "Execution Time": 9.127
  }
]