[
  {
    "Plan": {
      "Node Type": "Aggregate",
      "Strategy": "Plain",
      "Partial Mode": "Finalize",
      "Parallel Aware": false,
      "Startup Cost": 241398.9,
      "Total Cost": 241398.91,
      "Plan Rows": 1,
      "Plan Width": 8,
      "Actual Startup Time": 299.28,
      "Actual Total Time": 309.595,
      "Actual Rows": 1,
      "Actual Loops": 1,
      "Plans": [
        {
          "Node Type": "Gather",
          "Parent Relationship": "Outer",
          "Parallel Aware": false,
          "Startup Cost": 241398.38,
          "Total Cost": 241398.89,
          "Plan Rows": 5,
          "Plan Width": 8,
          "Actual Startup Time": 294.752,
          "Actual Total Time": 309.587,
          "Actual Rows": 6,
          "Actual Loops": 1,
          "Workers Planned": 5,
          "Workers Launched": 5,
          "Single Copy": false,
          "Plans": [
            {
              "Node Type": "Aggregate",
              "Strategy": "Plain",
              "Partial Mode": "Partial",
              "Parent Relationship": "Outer",
              "Parallel Aware": false,
              "Startup Cost": 240398.38,
              "Total Cost": 240398.39,
              "Plan Rows": 1,
              "Plan Width": 8,
              "Actual Startup Time": 286.983,
              "Actual Total Time": 286.987,
              "Actual Rows": 1,
              "Actual Loops": 6,
              "Plans": [
                {
                  "Node Type": "Hash Join",
                  "Parent Relationship": "Outer",
                  "Parallel Aware": true,
                  "Join Type": "Inner",
                  "Startup Cost": 73829.31,
                  "Total Cost": 240211.34,
                  "Plan Rows": 74816,
                  "Plan Width": 0,
                  "Actual Startup Time": 214.241,
                  "Actual Total Time": 278.594,
                  "Actual Rows": 165379,
                  "Actual Loops": 6,
                  "Inner Unique": true,
                  "Hash Cond": "(mi.movie_id = t.id)",
                  "Plans": [
                    {
                      "Node Type": "Bitmap Heap Scan",
                      "Parent Relationship": "Outer",
                      "Parallel Aware": true,
                      "Relation Name": "movie_info",
                      "Alias": "mi",
                      "Startup Cost": 26313.05,
                      "Total Cost": 191933.34,
                      "Plan Rows": 290184,
                      "Plan Width": 4,
                      "Actual Startup Time": 53.315,
                      "Actual Total Time": 91.942,
                      "Actual Rows": 233650,
                      "Actual Loops": 6,
                      "Recheck Cond": "(info_type_id = 7)",
                      "Rows Removed by Index Recheck": 0,
                      "Exact Heap Blocks": 1837,
                      "Lossy Heap Blocks": 0,
                      "Plans": [
                        {
                          "Node Type": "Bitmap Index Scan",
                          "Parent Relationship": "Outer",
                          "Parallel Aware": false,
                          "Index Name": "info_type_id_movie_info",
                          "Startup Cost": 0.0,
                          "Total Cost": 25950.32,
                          "Plan Rows": 1450918,
                          "Plan Width": 0,
                          "Actual Startup Time": 51.656,
                          "Actual Total Time": 51.656,
                          "Actual Rows": 1401902,
                          "Actual Loops": 1,
                          "Index Cond": "(info_type_id = 7)"
                        }
                      ]
                    },
                    {
                      "Node Type": "Hash",
                      "Parent Relationship": "Inner",
                      "Parallel Aware": true,
                      "Startup Cost": 45479.21,
                      "Total Cost": 45479.21,
                      "Plan Rows": 162964,
                      "Plan Width": 4,
                      "Actual Startup Time": 126.831,
                      "Actual Total Time": 126.832,
                      "Actual Rows": 109385,
                      "Actual Loops": 6,
                      "Hash Buckets": 1048576,
                      "Original Hash Buckets": 1048576,
                      "Hash Batches": 1,
                      "Original Hash Batches": 1,
                      "Peak Memory Usage": 33984,
                      "Plans": [
                        {
                          "Node Type": "Seq Scan",
                          "Parent Relationship": "Outer",
                          "Parallel Aware": true,
                          "Relation Name": "title",
                          "Alias": "t",
                          "Startup Cost": 0.0,
                          "Total Cost": 45479.21,
                          "Plan Rows": 162964,
                          "Plan Width": 4,
                          "Actual Startup Time": 42.013,
                          "Actual Total Time": 83.293,
                          "Actual Rows": 109385,
                          "Actual Loops": 6,
                          "Filter": "((production_year > 0) AND (kind_id = 1))",
                          "Rows Removed by Filter": 312000
                        }
                      ]
                    }
                  ]
                }
              ]
            }
          ]
        }
      ]
    },
    "Planning Time": 0.45,
    "Triggers": [],
    "Execution Time": 309.657
  }
]