{
  "Plan": {
    "Node Type": "Aggregate",
    "Strategy": "Plain",
    "Partial Mode": "Finalize",
    "Parallel Aware": false,
    "Startup Cost": 123167.29,
    "Total Cost": 123167.3,
    "Plan Rows": 1,
    "Plan Width": 8,
    "Actual Startup Time": 586.876,
    "Actual Total Time": 611.685,
    "Actual Rows": 1,
    "Actual Loops": 1,
    "Plans": [
      {
        "Node Type": "Gather",
        "Parent Relationship": "Outer",
        "Parallel Aware": false,
        "Startup Cost": 123167.18,
        "Total Cost": 123167.29,
        "Plan Rows": 1,
        "Plan Width": 8,
        "Actual Startup Time": 585.942,
        "Actual Total Time": 611.676,
        "Actual Rows": 2,
        "Actual Loops": 1,
        "Workers Planned": 1,
        "Workers Launched": 1,
        "Single Copy": false,
        "Plans": [
          {
            "Node Type": "Aggregate",
            "Strategy": "Plain",
            "Partial Mode": "Partial",
            "Parent Relationship": "Outer",
            "Parallel Aware": false,
            "Startup Cost": 122167.18,
            "Total Cost": 122167.19,
            "Plan Rows": 1,
            "Plan Width": 8,
            "Actual Startup Time": 579.892,
            "Actual Total Time": 580.056,
            "Actual Rows": 1,
            "Actual Loops": 2,
            "Plans": [
              {
                "Node Type": "Nested Loop",
                "Parent Relationship": "Outer",
                "Parallel Aware": false,
                "Join Type": "Inner",
                "Startup Cost": 78184.42,
                "Total Cost": 122152.72,
                "Plan Rows": 5784,
                "Plan Width": 0,
                "Actual Startup Time": 222.227,
                "Actual Total Time": 574.266,
                "Actual Rows": 113742,
                "Actual Loops": 2,
                "Inner Unique": false,
                "Join Filter": "(t.id = mc.movie_id)",
                "Rows Removed by Join Filter": 0,
                "Plans": [
                  {
                    "Node Type": "Hash Join",
                    "Parent Relationship": "Outer",
                    "Parallel Aware": true,
                    "Join Type": "Inner",
                    "Startup Cost": 78183.99,
                    "Total Cost": 110730.3,
                    "Plan Rows": 16810,
                    "Plan Width": 8,
                    "Actual Startup Time": 221.882,
                    "Actual Total Time": 387.177,
                    "Actual Rows": 64748,
                    "Actual Loops": 2,
                    "Inner Unique": true,
                    "Hash Cond": "(mk.movie_id = t.id)",
                    "Plans": [
                      {
                        "Node Type": "Bitmap Heap Scan",
                        "Parent Relationship": "Outer",
                        "Parallel Aware": true,
                        "Relation Name": "movie_keyword",
                        "Alias": "mk",
                        "Startup Cost": 19293.44,
                        "Total Cost": 50435.3,
                        "Plan Rows": 535029,
                        "Plan Width": 4,
                        "Actual Startup Time": 54.78,
                        "Actual Total Time": 146.692,
                        "Actual Rows": 460166,
                        "Actual Loops": 2,
                        "Recheck Cond": "(keyword_id < 870)",
                        "Rows Removed by Index Recheck": 0,
                        "Exact Heap Blocks": 12392,
                        "Lossy Heap Blocks": 0,
                        "Plans": [
                          {
                            "Node Type": "Bitmap Index Scan",
                            "Parent Relationship": "Outer",
                            "Parallel Aware": false,
                            "Index Name": "keyword_id_movie_keyword",
                            "Startup Cost": 0.0,
                            "Total Cost": 19066.05,
                            "Plan Rows": 909549,
                            "Plan Width": 0,
                            "Actual Startup Time": 51.102,
                            "Actual Total Time": 51.102,
                            "Actual Rows": 920332,
                            "Actual Loops": 1,
                            "Index Cond": "(keyword_id < 870)"
                          }
                        ]
                      },
                      {
                        "Node Type": "Hash",
                        "Parent Relationship": "Inner",
                        "Parallel Aware": true,
                        "Startup Cost": 58306.47,
                        "Total Cost": 58306.47,
                        "Plan Rows": 46727,
                        "Plan Width": 4,
                        "Actual Startup Time": 164.192,
                        "Actual Total Time": 164.193,
                        "Actual Rows": 91908,
                        "Actual Loops": 2,
                        "Hash Buckets": 262144,
                        "Original Hash Buckets": 131072,
                        "Hash Batches": 1,
                        "Original Hash Batches": 1,
                        "Peak Memory Usage": 10304,
                        "Plans": [
                          {
                            "Node Type": "Seq Scan",
                            "Parent Relationship": "Outer",
                            "Parallel Aware": true,
                            "Relation Name": "title",
                            "Alias": "t",
                            "Startup Cost": 0.0,
                            "Total Cost": 58306.47,
                            "Plan Rows": 46727,
                            "Plan Width": 4,
                            "Actual Startup Time": 0.258,
                            "Actual Total Time": 142.219,
                            "Actual Rows": 91908,
                            "Actual Loops": 2,
                            "Filter": "((kind_id < 7) AND (production_year < 1957))",
                            "Rows Removed by Filter": 1172248
                          }
                        ]
                      }
                    ]
                  },
                  {
                    "Node Type": "Index Scan",
                    "Parent Relationship": "Inner",
                    "Parallel Aware": false,
                    "Scan Direction": "Forward",
                    "Index Name": "movie_id_movie_companies",
                    "Relation Name": "movie_companies",
                    "Alias": "mc",
                    "Startup Cost": 0.43,
                    "Total Cost": 0.65,
                    "Plan Rows": 2,
                    "Plan Width": 4,
                    "Actual Startup Time": 0.002,
                    "Actual Total Time": 0.003,
                    "Actual Rows": 2,
                    "Actual Loops": 129497,
                    "Index Cond": "(movie_id = mk.movie_id)",
                    "Rows Removed by Index Recheck": 0,
                    "Filter": "(company_id < 2561)",
                    "Rows Removed by Filter": 4
                  }
                ]
              }
            ]
          }
        ]
      }
    ]
  },
  "Planning Time": 0.994,
  "Triggers": [],
  "Execution Time": 611.798
}