[
  {
    "Plan": {
      "Node Type": "Aggregate",
      "Strategy": "Plain",
      "Partial Mode": "Finalize",
      "Parallel Aware": false,
      "Startup Cost": 26122.95,
      "Total Cost": 26122.96,
      "Plan Rows": 1,
      "Plan Width": 8,
      "Actual Startup Time": 131.534,
      "Actual Total Time": 157.362,
      "Actual Rows": 1,
      "Actual Loops": 1,
      "Plans": [
        {
          "Node Type": "Gather",
          "Parent Relationship": "Outer",
          "Parallel Aware": false,
          "Startup Cost": 26122.84,
          "Total Cost": 26122.95,
          "Plan Rows": 1,
          "Plan Width": 8,
          "Actual Startup Time": 130.328,
          "Actual Total Time": 157.351,
          "Actual Rows": 2,
          "Actual Loops": 1,
          "Workers Planned": 1,
          "Workers Launched": 1,
          "Single Copy": false,
          "Plans": [
            {
              "Node Type": "Aggregate",
              "Strategy": "Plain",
              "Partial Mode": "Partial",
              "Parent Relationship": "Outer",
              "Parallel Aware": false,
              "Startup Cost": 25122.84,
              "Total Cost": 25122.85,
              "Plan Rows": 1,
              "Plan Width": 8,
              "Actual Startup Time": 125.137,
              "Actual Total Time": 125.139,
              "Actual Rows": 1,
              "Actual Loops": 2,
              "Plans": [
                {
                  "Node Type": "Nested Loop",
                  "Parent Relationship": "Outer",
                  "Parallel Aware": false,
                  "Join Type": "Inner",
                  "Startup Cost": 68.34,
                  "Total Cost": 25060.49,
                  "Plan Rows": 24939,
                  "Plan Width": 0,
                  "Actual Startup Time": 1.058,
                  "Actual Total Time": 120.721,
                  "Actual Rows": 50631,
                  "Actual Loops": 2,
                  "Inner Unique": false,
                  "Plans": [
                    {
                      "Node Type": "Nested Loop",
                      "Parent Relationship": "Outer",
                      "Parallel Aware": false,
                      "Join Type": "Inner",
                      "Startup Cost": 67.78,
                      "Total Cost": 21351.09,
                      "Plan Rows": 1739,
                      "Plan Width": 8,
                      "Actual Startup Time": 0.895,
                      "Actual Total Time": 12.371,
                      "Actual Rows": 1455,
                      "Actual Loops": 2,
                      "Inner Unique": true,
                      "Plans": [
                        {
                          "Node Type": "Bitmap Heap Scan",
                          "Parent Relationship": "Outer",
                          "Parallel Aware": true,
                          "Relation Name": "movie_companies",
                          "Alias": "mc",
                          "Startup Cost": 67.35,
                          "Total Cost": 7914.71,
                          "Plan Rows": 1739,
                          "Plan Width": 4,
                          "Actual Startup Time": 0.734,
                          "Actual Total Time": 3.407,
                          "Actual Rows": 1455,
                          "Actual Loops": 2,
                          "Recheck Cond": "(company_id = 28339)",
                          "Rows Removed by Index Recheck": 0,
                          "Exact Heap Blocks": 1284,
                          "Lossy Heap Blocks": 0,
                          "Plans": [
                            {
                              "Node Type": "Bitmap Index Scan",
                              "Parent Relationship": "Outer",
                              "Parallel Aware": false,
                              "Index Name": "company_id_movie_companies",
                              "Startup Cost": 0.0,
                              "Total Cost": 66.61,
                              "Plan Rows": 2957,
                              "Plan Width": 0,
                              "Actual Startup Time": 1.019,
                              "Actual Total Time": 1.02,
                              "Actual Rows": 2910,
                              "Actual Loops": 1,
                              "Index Cond": "(company_id = 28339)"
                            }
                          ]
                        },
                        {
                          "Node Type": "Index Only Scan",
                          "Parent Relationship": "Inner",
                          "Parallel Aware": false,
                          "Scan Direction": "Forward",
                          "Index Name": "title_pkey",
                          "Relation Name": "title",
                          "Alias": "t",
                          "Startup Cost": 0.43,
                          "Total Cost": 7.73,
                          "Plan Rows": 1,
                          "Plan Width": 4,
                          "Actual Startup Time": 0.006,
                          "Actual Total Time": 0.006,
                          "Actual Rows": 1,
                          "Actual Loops": 2910,
                          "Index Cond": "(id = mc.movie_id)",
                          "Rows Removed by Index Recheck": 0,
                          "Heap Fetches": 2910
                        }
                      ]
                    },
                    {
                      "Node Type": "Index Only Scan",
                      "Parent Relationship": "Inner",
                      "Parallel Aware": false,
                      "Scan Direction": "Forward",
                      "Index Name": "movie_id_cast_info",
                      "Relation Name": "cast_info",
                      "Alias": "ci",
                      "Startup Cost": 0.56,
                      "Total Cost": 1.78,
                      "Plan Rows": 35,
                      "Plan Width": 4,
                      "Actual Startup Time": 0.008,
                      "Actual Total Time": 0.07,
                      "Actual Rows": 35,
                      "Actual Loops": 2910,
                      "Index Cond": "(movie_id = t.id)",
                      "Rows Removed by Index Recheck": 0,
                      "Heap Fetches": 101262
                    }
                  ]
                }
              ]
            }
          ]
        }
      ]
    },
    "Planning Time": 0.591,
    "Triggers": [],
    "Execution Time": 157.42
  }
]