[
  {
    "Plan": {
      "Node Type": "Aggregate",
      "Strategy": "Plain",
      "Partial Mode": "Finalize",
      "Parallel Aware": false,
      "Startup Cost": 131629.23,
      "Total Cost": 131629.24,
      "Plan Rows": 1,
      "Plan Width": 8,
      "Actual Startup Time": 894.732,
      "Actual Total Time": 914.513,
      "Actual Rows": 1,
      "Actual Loops": 1,
      "Plans": [
        {
          "Node Type": "Gather",
          "Parent Relationship": "Outer",
          "Parallel Aware": false,
          "Startup Cost": 131628.91,
          "Total Cost": 131629.22,
          "Plan Rows": 3,
          "Plan Width": 8,
          "Actual Startup Time": 884.78,
          "Actual Total Time": 914.506,
          "Actual Rows": 4,
          "Actual Loops": 1,
          "Workers Planned": 3,
          "Workers Launched": 3,
          "Single Copy": false,
          "Plans": [
            {
              "Node Type": "Aggregate",
              "Strategy": "Plain",
              "Partial Mode": "Partial",
              "Parent Relationship": "Outer",
              "Parallel Aware": false,
              "Startup Cost": 130628.91,
              "Total Cost": 130628.92,
              "Plan Rows": 1,
              "Plan Width": 8,
              "Actual Startup Time": 871.01,
              "Actual Total Time": 871.015,
              "Actual Rows": 1,
              "Actual Loops": 4,
              "Plans": [
                {
                  "Node Type": "Hash Join",
                  "Parent Relationship": "Outer",
                  "Parallel Aware": true,
                  "Join Type": "Inner",
                  "Startup Cost": 85784.4,
                  "Total Cost": 130230.76,
                  "Plan Rows": 159260,
                  "Plan Width": 0,
                  "Actual Startup Time": 583.164,
                  "Actual Total Time": 817.536,
                  "Actual Rows": 1407476,
                  "Actual Loops": 4,
                  "Inner Unique": false,
                  "Hash Cond": "(mk.movie_id = t.id)",
                  "Plans": [
                    {
                      "Node Type": "Seq Scan",
                      "Parent Relationship": "Outer",
                      "Parallel Aware": true,
                      "Relation Name": "movie_keyword",
                      "Alias": "mk",
                      "Startup Cost": 0.0,
                      "Total Cost": 42695.65,
                      "Plan Rows": 360682,
                      "Plan Width": 4,
                      "Actual Startup Time": 0.03,
                      "Actual Total Time": 89.808,
                      "Actual Rows": 281994,
                      "Actual Loops": 4,
                      "Filter": "(keyword_id < 1222)",
                      "Rows Removed by Filter": 848989
                    },
                    {
                      "Node Type": "Hash",
                      "Parent Relationship": "Inner",
                      "Parallel Aware": true,
                      "Startup Cost": 82295.73,
                      "Total Cost": 82295.73,
                      "Plan Rows": 279094,
                      "Plan Width": 8,
                      "Actual Startup Time": 575.326,
                      "Actual Total Time": 575.329,
                      "Actual Rows": 318562,
                      "Actual Loops": 4,
                      "Hash Buckets": 2097152,
                      "Original Hash Buckets": 2097152,
                      "Hash Batches": 1,
                      "Original Hash Batches": 1,
                      "Peak Memory Usage": 66272,
                      "Plans": [
                        {
                          "Node Type": "Hash Join",
                          "Parent Relationship": "Outer",
                          "Parallel Aware": true,
                          "Join Type": "Inner",
                          "Startup Cost": 35916.33,
                          "Total Cost": 82295.73,
                          "Plan Rows": 279094,
                          "Plan Width": 8,
                          "Actual Startup Time": 195.173,
                          "Actual Total Time": 478.117,
                          "Actual Rows": 318562,
                          "Actual Loops": 4,
                          "Inner Unique": false,
                          "Hash Cond": "(t.id = mc.movie_id)",
                          "Plans": [
                            {
                              "Node Type": "Seq Scan",
                              "Parent Relationship": "Outer",
                              "Parallel Aware": true,
                              "Relation Name": "title",
                              "Alias": "t",
                              "Startup Cost": 0.0,
                              "Total Cost": 42318.73,
                              "Plan Rows": 632073,
                              "Plan Width": 4,
                              "Actual Startup Time": 0.011,
                              "Actual Total Time": 74.37,
                              "Actual Rows": 632078,
                              "Actual Loops": 4
                            },
                            {
                              "Node Type": "Hash",
                              "Parent Relationship": "Inner",
                              "Parallel Aware": true,
                              "Startup Cost": 31414.82,
                              "Total Cost": 31414.82,
                              "Plan Rows": 360121,
                              "Plan Width": 4,
                              "Actual Startup Time": 191.566,
                              "Actual Total Time": 191.567,
                              "Actual Rows": 318562,
                              "Actual Loops": 4,
                              "Hash Buckets": 2097152,
                              "Original Hash Buckets": 2097152,
                              "Hash Batches": 1,
                              "Original Hash Batches": 1,
                              "Peak Memory Usage": 66304,
                              "Plans": [
                                {
                                  "Node Type": "Seq Scan",
                                  "Parent Relationship": "Outer",
                                  "Parallel Aware": true,
                                  "Relation Name": "movie_companies",
                                  "Alias": "mc",
                                  "Startup Cost": 0.0,
                                  "Total Cost": 31414.82,
                                  "Plan Rows": 360121,
                                  "Plan Width": 4,
                                  "Actual Startup Time": 0.049,
                                  "Actual Total Time": 87.104,
                                  "Actual Rows": 318562,
                                  "Actual Loops": 4,
                                  "Filter": "((company_id < 89008) AND (company_type_id < 2))",
                                  "Rows Removed by Filter": 333721
                                }
                              ]
                            }
                          ]
                        }
                      ]
                    }
                  ]
                }
              ]
            }
          ]
        }
      ]
    },
    "Planning Time": 1.395,
    "Triggers": [],
    "Execution Time": 914.594
  }
]