[
  {
    "Plan": {
      "Node Type": "Aggregate",
      "Strategy": "Plain",
      "Partial Mode": "Finalize",
      "Parallel Aware": false,
      "Startup Cost": 73790.6,
      "Total Cost": 73790.61,
      "Plan Rows": 1,
      "Plan Width": 8,
      "Actual Startup Time": 191.003,
      "Actual Total Time": 211.867,
      "Actual Rows": 1,
      "Actual Loops": 1,
      "Plans": [
        {
          "Node Type": "Gather",
          "Parent Relationship": "Outer",
          "Parallel Aware": false,
          "Startup Cost": 73790.18,
          "Total Cost": 73790.59,
          "Plan Rows": 4,
          "Plan Width": 8,
          "Actual Startup Time": 190.304,
          "Actual Total Time": 211.855,
          "Actual Rows": 5,
          "Actual Loops": 1,
          "Workers Planned": 4,
          "Workers Launched": 4,
          "Single Copy": false,
          "Plans": [
            {
              "Node Type": "Aggregate",
              "Strategy": "Plain",
              "Partial Mode": "Partial",
              "Parent Relationship": "Outer",
              "Parallel Aware": false,
              "Startup Cost": 72790.18,
              "Total Cost": 72790.19,
              "Plan Rows": 1,
              "Plan Width": 8,
              "Actual Startup Time": 184.523,
              "Actual Total Time": 184.525,
              "Actual Rows": 1,
              "Actual Loops": 5,
              "Plans": [
                {
                  "Node Type": "Nested Loop",
                  "Parent Relationship": "Outer",
                  "Parallel Aware": false,
                  "Join Type": "Inner",
                  "Startup Cost": 0.86,
                  "Total Cost": 72759.42,
                  "Plan Rows": 12303,
                  "Plan Width": 0,
                  "Actual Startup Time": 1.136,
                  "Actual Total Time": 177.415,
                  "Actual Rows": 145500,
                  "Actual Loops": 5,
                  "Inner Unique": false,
                  "Join Filter": "(t.id = mi.movie_id)",
                  "Rows Removed by Join Filter": 0,
                  "Plans": [
                    {
                      "Node Type": "Nested Loop",
                      "Parent Relationship": "Outer",
                      "Parallel Aware": false,
                      "Join Type": "Inner",
                      "Startup Cost": 0.43,
                      "Total Cost": 68576.89,
                      "Plan Rows": 2095,
                      "Plan Width": 8,
                      "Actual Startup Time": 0.997,
                      "Actual Total Time": 87.793,
                      "Actual Rows": 3363,
                      "Actual Loops": 5,
                      "Inner Unique": false,
                      "Plans": [
                        {
                          "Node Type": "Seq Scan",
                          "Parent Relationship": "Outer",
                          "Parallel Aware": true,
                          "Relation Name": "title",
                          "Alias": "t",
                          "Startup Cost": 0.0,
                          "Total Cost": 45479.59,
                          "Plan Rows": 2030,
                          "Plan Width": 4,
                          "Actual Startup Time": 0.782,
                          "Actual Total Time": 69.976,
                          "Actual Rows": 1625,
                          "Actual Loops": 5,
                          "Filter": "((kind_id < 7) AND (production_year = 1987))",
                          "Rows Removed by Filter": 504037
                        },
                        {
                          "Node Type": "Index Only Scan",
                          "Parent Relationship": "Inner",
                          "Parallel Aware": false,
                          "Scan Direction": "Forward",
                          "Index Name": "movie_id_movie_companies",
                          "Relation Name": "movie_companies",
                          "Alias": "mc",
                          "Startup Cost": 0.43,
                          "Total Cost": 11.33,
                          "Plan Rows": 5,
                          "Plan Width": 4,
                          "Actual Startup Time": 0.009,
                          "Actual Total Time": 0.01,
                          "Actual Rows": 2,
                          "Actual Loops": 8126,
                          "Index Cond": "(movie_id = t.id)",
                          "Rows Removed by Index Recheck": 0,
                          "Heap Fetches": 16815
                        }
                      ]
                    },
                    {
                      "Node Type": "Index Only Scan",
                      "Parent Relationship": "Inner",
                      "Parallel Aware": false,
                      "Scan Direction": "Forward",
                      "Index Name": "movie_id_movie_info",
                      "Relation Name": "movie_info",
                      "Alias": "mi",
                      "Startup Cost": 0.43,
                      "Total Cost": 1.48,
                      "Plan Rows": 41,
                      "Plan Width": 4,
                      "Actual Startup Time": 0.007,
                      "Actual Total Time": 0.022,
                      "Actual Rows": 43,
                      "Actual Loops": 16815,
                      "Index Cond": "(movie_id = mc.movie_id)",
                      "Rows Removed by Index Recheck": 0,
                      "Heap Fetches": 727498
                    }
                  ]
                }
              ]
            }
          ]
        }
      ]
    },
    "Planning Time": 1.419,
    "Triggers": [],
    "Execution Time": 211.952
  }
]