[
  {
    "Plan": {
      "Node Type": "Aggregate",
      "Strategy": "Plain",
      "Partial Mode": "Finalize",
      "Parallel Aware": false,
      "Startup Cost": 249310.22,
      "Total Cost": 249310.23,
      "Plan Rows": 1,
      "Plan Width": 8,
      "Actual Startup Time": 872.668,
      "Actual Total Time": 914.44,
      "Actual Rows": 1,
      "Actual Loops": 1,
      "Plans": [
        {
          "Node Type": "Gather",
          "Parent Relationship": "Outer",
          "Parallel Aware": false,
          "Startup Cost": 249309.69,
          "Total Cost": 249310.2,
          "Plan Rows": 5,
          "Plan Width": 8,
          "Actual Startup Time": 870.811,
          "Actual Total Time": 914.432,
          "Actual Rows": 6,
          "Actual Loops": 1,
          "Workers Planned": 5,
          "Workers Launched": 5,
          "Single Copy": false,
          "Plans": [
            {
              "Node Type": "Aggregate",
              "Strategy": "Plain",
              "Partial Mode": "Partial",
              "Parent Relationship": "Outer",
              "Parallel Aware": false,
              "Startup Cost": 248309.69,
              "Total Cost": 248309.7,
              "Plan Rows": 1,
              "Plan Width": 8,
              "Actual Startup Time": 862.006,
              "Actual Total Time": 862.009,
              "Actual Rows": 1,
              "Actual Loops": 6,
              "Plans": [
                {
                  "Node Type": "Hash Join",
                  "Parent Relationship": "Outer",
                  "Parallel Aware": true,
                  "Join Type": "Inner",
                  "Startup Cost": 47207.22,
                  "Total Cost": 246686.63,
                  "Plan Rows": 649226,
                  "Plan Width": 0,
                  "Actual Startup Time": 120.528,
                  "Actual Total Time": 822.945,
                  "Actual Rows": 938380,
                  "Actual Loops": 6,
                  "Inner Unique": true,
                  "Hash Cond": "(mi.movie_id = t.id)",
                  "Plans": [
                    {
                      "Node Type": "Seq Scan",
                      "Parent Relationship": "Outer",
                      "Parallel Aware": true,
                      "Relation Name": "movie_info",
                      "Alias": "mi",
                      "Startup Cost": 0.0,
                      "Total Cost": 191685.19,
                      "Plan Rows": 2969219,
                      "Plan Width": 4,
                      "Actual Startup Time": 0.035,
                      "Actual Total Time": 285.88,
                      "Actual Rows": 2472620,
                      "Actual Loops": 6
                    },
                    {
                      "Node Type": "Hash",
                      "Parent Relationship": "Inner",
                      "Parallel Aware": true,
                      "Startup Cost": 45479.59,
                      "Total Cost": 45479.59,
                      "Plan Rows": 138211,
                      "Plan Width": 4,
                      "Actual Startup Time": 106.635,
                      "Actual Total Time": 106.636,
                      "Actual Rows": 72360,
                      "Actual Loops": 6,
                      "Hash Buckets": 1048576,
                      "Original Hash Buckets": 1048576,
                      "Hash Batches": 1,
                      "Original Hash Batches": 1,
                      "Peak Memory Usage": 25280,
                      "Plans": [
                        {
                          "Node Type": "Seq Scan",
                          "Parent Relationship": "Outer",
                          "Parallel Aware": true,
                          "Relation Name": "title",
                          "Alias": "t",
                          "Startup Cost": 0.0,
                          "Total Cost": 45479.59,
                          "Plan Rows": 138211,
                          "Plan Width": 4,
                          "Actual Startup Time": 39.159,
                          "Actual Total Time": 79.191,
                          "Actual Rows": 72360,
                          "Actual Loops": 6,
                          "Filter": "((production_year > 1968) AND (kind_id = 1))",
                          "Rows Removed by Filter": 349026
                        }
                      ]
                    }
                  ]
                }
              ]
            }
          ]
        }
      ]
    },
    "Planning Time": 0.221,
    "Triggers": [],
    "Execution Time": 914.484
  }
]