[
  {
    "Plan": {
      "Node Type": "Aggregate",
      "Strategy": "Plain",
      "Partial Mode": "Finalize",
      "Parallel Aware": false,
      "Startup Cost": 248587.59,
      "Total Cost": 248587.6,
      "Plan Rows": 1,
      "Plan Width": 8,
      "Actual Startup Time": 844.082,
      "Actual Total Time": 888.217,
      "Actual Rows": 1,
      "Actual Loops": 1,
      "Plans": [
        {
          "Node Type": "Gather",
          "Parent Relationship": "Outer",
          "Parallel Aware": false,
          "Startup Cost": 248587.07,
          "Total Cost": 248587.58,
          "Plan Rows": 5,
          "Plan Width": 8,
          "Actual Startup Time": 841.973,
          "Actual Total Time": 888.206,
          "Actual Rows": 6,
          "Actual Loops": 1,
          "Workers Planned": 5,
          "Workers Launched": 5,
          "Single Copy": false,
          "Plans": [
            {
              "Node Type": "Aggregate",
              "Strategy": "Plain",
              "Partial Mode": "Partial",
              "Parent Relationship": "Outer",
              "Parallel Aware": false,
              "Startup Cost": 247587.07,
              "Total Cost": 247587.08,
              "Plan Rows": 1,
              "Plan Width": 8,
              "Actual Startup Time": 832.219,
              "Actual Total Time": 832.222,
              "Actual Rows": 1,
              "Actual Loops": 6,
              "Plans": [
                {
                  "Node Type": "Hash Join",
                  "Parent Relationship": "Outer",
                  "Parallel Aware": true,
                  "Join Type": "Inner",
                  "Startup Cost": 46918.57,
                  "Total Cost": 246240.34,
                  "Plan Rows": 538692,
                  "Plan Width": 0,
                  "Actual Startup Time": 115.221,
                  "Actual Total Time": 798.637,
                  "Actual Rows": 739099,
                  "Actual Loops": 6,
                  "Inner Unique": true,
                  "Hash Cond": "(mi.movie_id = t.id)",
                  "Plans": [
                    {
                      "Node Type": "Seq Scan",
                      "Parent Relationship": "Outer",
                      "Parallel Aware": true,
                      "Relation Name": "movie_info",
                      "Alias": "mi",
                      "Startup Cost": 0.0,
                      "Total Cost": 191560.33,
                      "Plan Rows": 2956733,
                      "Plan Width": 4,
                      "Actual Startup Time": 0.026,
                      "Actual Total Time": 297.698,
                      "Actual Rows": 2472620,
                      "Actual Loops": 6
                    },
                    {
                      "Node Type": "Hash",
                      "Parent Relationship": "Inner",
                      "Parallel Aware": true,
                      "Startup Cost": 45479.1,
                      "Total Cost": 45479.1,
                      "Plan Rows": 115158,
                      "Plan Width": 4,
                      "Actual Startup Time": 101.537,
                      "Actual Total Time": 101.538,
                      "Actual Rows": 55881,
                      "Actual Loops": 6,
                      "Hash Buckets": 524288,
                      "Original Hash Buckets": 524288,
                      "Hash Batches": 1,
                      "Original Hash Batches": 1,
                      "Peak Memory Usage": 17280,
                      "Plans": [
                        {
                          "Node Type": "Seq Scan",
                          "Parent Relationship": "Outer",
                          "Parallel Aware": true,
                          "Relation Name": "title",
                          "Alias": "t",
                          "Startup Cost": 0.0,
                          "Total Cost": 45479.1,
                          "Plan Rows": 115158,
                          "Plan Width": 4,
                          "Actual Startup Time": 44.315,
                          "Actual Total Time": 82.932,
                          "Actual Rows": 55881,
                          "Actual Loops": 6,
                          "Filter": "((production_year > 1990) AND (kind_id = 1))",
                          "Rows Removed by Filter": 365504
                        }
                      ]
                    }
                  ]
                }
              ]
            }
          ]
        }
      ]
    },
    "Planning Time": 0.673,
    "Triggers": [],
    "Execution Time": 888.302
  }
]