[
  {
    "Plan": {
      "Node Type": "Aggregate",
      "Strategy": "Plain",
      "Partial Mode": "Finalize",
      "Parallel Aware": false,
      "Startup Cost": 88456.12,
      "Total Cost": 88456.13,
      "Plan Rows": 1,
      "Plan Width": 8,
      "Actual Startup Time": 296.726,
      "Actual Total Time": 315.371,
      "Actual Rows": 1,
      "Actual Loops": 1,
      "Plans": [
        {
          "Node Type": "Gather",
          "Parent Relationship": "Outer",
          "Parallel Aware": false,
          "Startup Cost": 88455.8,
          "Total Cost": 88456.11,
          "Plan Rows": 3,
          "Plan Width": 8,
          "Actual Startup Time": 295.96,
          "Actual Total Time": 315.362,
          "Actual Rows": 4,
          "Actual Loops": 1,
          "Workers Planned": 3,
          "Workers Launched": 3,
          "Single Copy": false,
          "Plans": [
            {
              "Node Type": "Aggregate",
              "Strategy": "Plain",
              "Partial Mode": "Partial",
              "Parent Relationship": "Outer",
              "Parallel Aware": false,
              "Startup Cost": 87455.8,
              "Total Cost": 87455.81,
              "Plan Rows": 1,
              "Plan Width": 8,
              "Actual Startup Time": 288.353,
              "Actual Total Time": 288.356,
              "Actual Rows": 1,
              "Actual Loops": 4,
              "Plans": [
                {
                  "Node Type": "Hash Join",
                  "Parent Relationship": "Outer",
                  "Parallel Aware": true,
                  "Join Type": "Inner",
                  "Startup Cost": 44363.29,
                  "Total Cost": 87241.37,
                  "Plan Rows": 85773,
                  "Plan Width": 0,
                  "Actual Startup Time": 109.384,
                  "Actual Total Time": 284.288,
                  "Actual Rows": 100826,
                  "Actual Loops": 4,
                  "Inner Unique": true,
                  "Hash Cond": "(mk.movie_id = t.id)",
                  "Plans": [
                    {
                      "Node Type": "Seq Scan",
                      "Parent Relationship": "Outer",
                      "Parallel Aware": true,
                      "Relation Name": "movie_keyword",
                      "Alias": "mk",
                      "Startup Cost": 0.0,
                      "Total Cost": 39047.32,
                      "Plan Rows": 1459332,
                      "Plan Width": 4,
                      "Actual Startup Time": 0.025,
                      "Actual Total Time": 86.563,
                      "Actual Rows": 1130982,
                      "Actual Loops": 4
                    },
                    {
                      "Node Type": "Hash",
                      "Parent Relationship": "Inner",
                      "Parallel Aware": true,
                      "Startup Cost": 43898.92,
                      "Total Cost": 43898.92,
                      "Plan Rows": 37150,
                      "Plan Width": 4,
                      "Actual Startup Time": 103.591,
                      "Actual Total Time": 103.592,
                      "Actual Rows": 37420,
                      "Actual Loops": 4,
                      "Hash Buckets": 262144,
                      "Original Hash Buckets": 262144,
                      "Hash Batches": 1,
                      "Original Hash Batches": 1,
                      "Peak Memory Usage": 7968,
                      "Plans": [
                        {
                          "Node Type": "Seq Scan",
                          "Parent Relationship": "Outer",
                          "Parallel Aware": true,
                          "Relation Name": "title",
                          "Alias": "t",
                          "Startup Cost": 0.0,
                          "Total Cost": 43898.92,
                          "Plan Rows": 37150,
                          "Plan Width": 4,
                          "Actual Startup Time": 9.0,
                          "Actual Total Time": 92.21,
                          "Actual Rows": 37420,
                          "Actual Loops": 4,
                          "Filter": "(production_year < 1944)",
                          "Rows Removed by Filter": 594658
                        }
                      ]
                    }
                  ]
                }
              ]
            }
          ]
        }
      ]
    },
    "Planning Time": 0.507,
    "Triggers": [],
    "Execution Time": 315.434
  }
]