{
  "Plan": {
    "Node Type": "Aggregate",
    "Strategy": "Plain",
    "Partial Mode": "Finalize",
    "Parallel Aware": false,
    "Startup Cost": 97504.12,
    "Total Cost": 97504.13,
    "Plan Rows": 1,
    "Plan Width": 8,
    "Actual Startup Time": 441.683,
    "Actual Total Time": 455.722,
    "Actual Rows": 1,
    "Actual Loops": 1,
    "Plans": [
      {
        "Node Type": "Gather",
        "Parent Relationship": "Outer",
        "Parallel Aware": false,
        "Startup Cost": 97504.01,
        "Total Cost": 97504.12,
        "Plan Rows": 1,
        "Plan Width": 8,
        "Actual Startup Time": 440.481,
        "Actual Total Time": 455.714,
        "Actual Rows": 2,
        "Actual Loops": 1,
        "Workers Planned": 1,
        "Workers Launched": 1,
        "Single Copy": false,
        "Plans": [
          {
            "Node Type": "Aggregate",
            "Strategy": "Plain",
            "Partial Mode": "Partial",
            "Parent Relationship": "Outer",
            "Parallel Aware": false,
            "Startup Cost": 96504.01,
            "Total Cost": 96504.02,
            "Plan Rows": 1,
            "Plan Width": 8,
            "Actual Startup Time": 435.089,
            "Actual Total Time": 435.093,
            "Actual Rows": 1,
            "Actual Loops": 2,
            "Plans": [
              {
                "Node Type": "Hash Join",
                "Parent Relationship": "Outer",
                "Parallel Aware": true,
                "Join Type": "Inner",
                "Startup Cost": 32259.38,
                "Total Cost": 96337.91,
                "Plan Rows": 66441,
                "Plan Width": 0,
                "Actual Startup Time": 120.105,
                "Actual Total Time": 429.616,
                "Actual Rows": 98743,
                "Actual Loops": 2,
                "Inner Unique": false,
                "Hash Cond": "(t.id = mc.movie_id)",
                "Plans": [
                  {
                    "Node Type": "Seq Scan",
                    "Parent Relationship": "Outer",
                    "Parallel Aware": true,
                    "Relation Name": "title",
                    "Alias": "t",
                    "Startup Cost": 0.0,
                    "Total Cost": 58306.47,
                    "Plan Rows": 860996,
                    "Plan Width": 4,
                    "Actual Startup Time": 0.014,
                    "Actual Total Time": 163.689,
                    "Actual Rows": 725232,
                    "Actual Loops": 2,
                    "Filter": "((kind_id > 4) AND (production_year < 2013))",
                    "Rows Removed by Filter": 538924
                  },
                  {
                    "Node Type": "Hash",
                    "Parent Relationship": "Inner",
                    "Parallel Aware": true,
                    "Startup Cost": 30824.81,
                    "Total Cost": 30824.81,
                    "Plan Rows": 114766,
                    "Plan Width": 4,
                    "Actual Startup Time": 118.806,
                    "Actual Total Time": 118.808,
                    "Actual Rows": 149368,
                    "Actual Loops": 2,
                    "Hash Buckets": 524288,
                    "Original Hash Buckets": 262144,
                    "Hash Batches": 1,
                    "Original Hash Batches": 1,
                    "Peak Memory Usage": 17856,
                    "Plans": [
                      {
                        "Node Type": "Bitmap Heap Scan",
                        "Parent Relationship": "Outer",
                        "Parallel Aware": true,
                        "Relation Name": "movie_companies",
                        "Alias": "mc",
                        "Startup Cost": 8537.73,
                        "Total Cost": 30824.81,
                        "Plan Rows": 114766,
                        "Plan Width": 4,
                        "Actual Startup Time": 20.687,
                        "Actual Total Time": 80.713,
                        "Actual Rows": 149368,
                        "Actual Loops": 2,
                        "Recheck Cond": "(company_id < 239)",
                        "Rows Removed by Index Recheck": 0,
                        "Filter": "(company_type_id = 1)",
                        "Rows Removed by Filter": 46432,
                        "Exact Heap Blocks": 13666,
                        "Lossy Heap Blocks": 0,
                        "Plans": [
                          {
                            "Node Type": "Bitmap Index Scan",
                            "Parent Relationship": "Outer",
                            "Parallel Aware": false,
                            "Index Name": "company_id_movie_companies",
                            "Startup Cost": 0.0,
                            "Total Cost": 8488.95,
                            "Plan Rows": 396336,
                            "Plan Width": 0,
                            "Actual Startup Time": 21.82,
                            "Actual Total Time": 21.82,
                            "Actual Rows": 391600,
                            "Actual Loops": 1,
                            "Index Cond": "(company_id < 239)"
                          }
                        ]
                      }
                    ]
                  }
                ]
              }
            ]
          }
        ]
      }
    ]
  },
  "Planning Time": 0.294,
  "Triggers": [],
  "Execution Time": 455.766
}