[
  {
    "Plan": {
      "Node Type": "Aggregate",
      "Strategy": "Plain",
      "Partial Mode": "Finalize",
      "Parallel Aware": false,
      "Startup Cost": 110039.58,
      "Total Cost": 110039.59,
      "Plan Rows": 1,
      "Plan Width": 8,
      "Actual Startup Time": 413.361,
      "Actual Total Time": 435.686,
      "Actual Rows": 1,
      "Actual Loops": 1,
      "Plans": [
        {
          "Node Type": "Gather",
          "Parent Relationship": "Outer",
          "Parallel Aware": false,
          "Startup Cost": 110039.26,
          "Total Cost": 110039.57,
          "Plan Rows": 3,
          "Plan Width": 8,
          "Actual Startup Time": 410.889,
          "Actual Total Time": 435.674,
          "Actual Rows": 4,
          "Actual Loops": 1,
          "Workers Planned": 3,
          "Workers Launched": 3,
          "Single Copy": false,
          "Plans": [
            {
              "Node Type": "Aggregate",
              "Strategy": "Plain",
              "Partial Mode": "Partial",
              "Parent Relationship": "Outer",
              "Parallel Aware": false,
              "Startup Cost": 109039.26,
              "Total Cost": 109039.27,
              "Plan Rows": 1,
              "Plan Width": 8,
              "Actual Startup Time": 406.529,
              "Actual Total Time": 406.64,
              "Actual Rows": 1,
              "Actual Loops": 4,
              "Plans": [
                {
                  "Node Type": "Hash Join",
                  "Parent Relationship": "Outer",
                  "Parallel Aware": true,
                  "Join Type": "Inner",
                  "Startup Cost": 63518.47,
                  "Total Cost": 108663.9,
                  "Plan Rows": 150146,
                  "Plan Width": 0,
                  "Actual Startup Time": 234.461,
                  "Actual Total Time": 402.886,
                  "Actual Rows": 93464,
                  "Actual Loops": 4,
                  "Inner Unique": false,
                  "Hash Cond": "(mk.movie_id = t.id)",
                  "Plans": [
                    {
                      "Node Type": "Seq Scan",
                      "Parent Relationship": "Outer",
                      "Parallel Aware": true,
                      "Relation Name": "movie_keyword",
                      "Alias": "mk",
                      "Startup Cost": 0.0,
                      "Total Cost": 39047.32,
                      "Plan Rows": 1459332,
                      "Plan Width": 4,
                      "Actual Startup Time": 0.045,
                      "Actual Total Time": 83.674,
                      "Actual Rows": 1130982,
                      "Actual Loops": 4
                    },
                    {
                      "Node Type": "Hash",
                      "Parent Relationship": "Inner",
                      "Parallel Aware": true,
                      "Startup Cost": 62163.57,
                      "Total Cost": 62163.57,
                      "Plan Rows": 108392,
                      "Plan Width": 8,
                      "Actual Startup Time": 232.239,
                      "Actual Total Time": 232.349,
                      "Actual Rows": 28964,
                      "Actual Loops": 4,
                      "Hash Buckets": 262144,
                      "Original Hash Buckets": 262144,
                      "Hash Batches": 1,
                      "Original Hash Batches": 1,
                      "Peak Memory Usage": 6656,
                      "Plans": [
                        {
                          "Node Type": "Hash Join",
                          "Parent Relationship": "Outer",
                          "Parallel Aware": true,
                          "Join Type": "Inner",
                          "Startup Cost": 46969.01,
                          "Total Cost": 62163.57,
                          "Plan Rows": 108392,
                          "Plan Width": 8,
                          "Actual Startup Time": 143.271,
                          "Actual Total Time": 223.714,
                          "Actual Rows": 28964,
                          "Actual Loops": 4,
                          "Inner Unique": true,
                          "Hash Cond": "(mi_idx.movie_id = t.id)",
                          "Plans": [
                            {
                              "Node Type": "Seq Scan",
                              "Parent Relationship": "Outer",
                              "Parallel Aware": true,
                              "Relation Name": "movie_info_idx",
                              "Alias": "mi_idx",
                              "Startup Cost": 0.0,
                              "Total Cost": 13685.15,
                              "Plan Rows": 575015,
                              "Plan Width": 4,
                              "Actual Startup Time": 0.012,
                              "Actual Total Time": 29.979,
                              "Actual Rows": 345009,
                              "Actual Loops": 4
                            },
                            {
                              "Node Type": "Hash",
                              "Parent Relationship": "Inner",
                              "Parallel Aware": true,
                              "Startup Cost": 45479.59,
                              "Total Cost": 45479.59,
                              "Plan Rows": 119154,
                              "Plan Width": 4,
                              "Actual Startup Time": 140.933,
                              "Actual Total Time": 140.934,
                              "Actual Rows": 129582,
                              "Actual Loops": 4,
                              "Hash Buckets": 524288,
                              "Original Hash Buckets": 524288,
                              "Hash Batches": 1,
                              "Original Hash Batches": 1,
                              "Peak Memory Usage": 24448,
                              "Plans": [
                                {
                                  "Node Type": "Seq Scan",
                                  "Parent Relationship": "Outer",
                                  "Parallel Aware": true,
                                  "Relation Name": "title",
                                  "Alias": "t",
                                  "Startup Cost": 0.0,
                                  "Total Cost": 45479.59,
                                  "Plan Rows": 119154,
                                  "Plan Width": 4,
                                  "Actual Startup Time": 0.026,
                                  "Actual Total Time": 94.271,
                                  "Actual Rows": 129582,
                                  "Actual Loops": 4,
                                  "Filter": "((production_year > 2007) AND (kind_id = 7))",
                                  "Rows Removed by Filter": 502496
                                }
                              ]
                            }
                          ]
                        }
                      ]
                    }
                  ]
                }
              ]
            }
          ]
        }
      ]
    },
    "Planning Time": 1.4,
    "Triggers": [],
    "Execution Time": 435.776
  }
]