[
  {
    "Plan": {
      "Node Type": "Aggregate",
      "Strategy": "Plain",
      "Partial Mode": "Simple",
      "Parallel Aware": false,
      "Startup Cost": 10316.77,
      "Total Cost": 10316.78,
      "Plan Rows": 1,
      "Plan Width": 8,
      "Actual Startup Time": 4.862,
      "Actual Total Time": 4.863,
      "Actual Rows": 1,
      "Actual Loops": 1,
      "Plans": [
        {
          "Node Type": "Index Scan",
          "Parent Relationship": "Outer",
          "Parallel Aware": false,
          "Scan Direction": "Forward",
          "Index Name": "company_id_movie_companies",
          "Relation Name": "movie_companies",
          "Alias": "mc",
          "Startup Cost": 0.43,
          "Total Cost": 10311.46,
          "Plan Rows": 2126,
          "Plan Width": 0,
          "Actual Startup Time": 0.068,
          "Actual Total Time": 4.305,
          "Actual Rows": 2875,
          "Actual Loops": 1,
          "Index Cond": "(company_id = 82)",
          "Rows Removed by Index Recheck": 0,
          "Filter": "(company_type_id < 2)",
          "Rows Removed by Filter": 677
        }
      ]
    },
    "Planning Time": 0.568,
    "Triggers": [],
    "Execution Time": 4.918
  }
]