[
  {
    "Plan": {
      "Node Type": "Aggregate",
      "Strategy": "Plain",
      "Partial Mode": "Finalize",
      "Parallel Aware": false,
      "Startup Cost": 72952.42,
      "Total Cost": 72952.43,
      "Plan Rows": 1,
      "Plan Width": 8,
      "Actual Startup Time": 434.087,
      "Actual Total Time": 454.886,
      "Actual Rows": 1,
      "Actual Loops": 1,
      "Plans": [
        {
          "Node Type": "Gather",
          "Parent Relationship": "Outer",
          "Parallel Aware": false,
          "Startup Cost": 72952.1,
          "Total Cost": 72952.41,
          "Plan Rows": 3,
          "Plan Width": 8,
          "Actual Startup Time": 420.452,
          "Actual Total Time": 454.878,
          "Actual Rows": 4,
          "Actual Loops": 1,
          "Workers Planned": 3,
          "Workers Launched": 3,
          "Single Copy": false,
          "Plans": [
            {
              "Node Type": "Aggregate",
              "Strategy": "Plain",
              "Partial Mode": "Partial",
              "Parent Relationship": "Outer",
              "Parallel Aware": false,
              "Startup Cost": 71952.1,
              "Total Cost": 71952.11,
              "Plan Rows": 1,
              "Plan Width": 8,
              "Actual Startup Time": 403.048,
              "Actual Total Time": 403.053,
              "Actual Rows": 1,
              "Actual Loops": 4,
              "Plans": [
                {
                  "Node Type": "Hash Join",
                  "Parent Relationship": "Outer",
                  "Parallel Aware": true,
                  "Join Type": "Inner",
                  "Startup Cost": 52548.41,
                  "Total Cost": 71907.6,
                  "Plan Rows": 17801,
                  "Plan Width": 0,
                  "Actual Startup Time": 377.977,
                  "Actual Total Time": 401.749,
                  "Actual Rows": 26686,
                  "Actual Loops": 4,
                  "Inner Unique": true,
                  "Hash Cond": "(mc.movie_id = t.id)",
                  "Plans": [
                    {
                      "Node Type": "Bitmap Heap Scan",
                      "Parent Relationship": "Outer",
                      "Parallel Aware": true,
                      "Relation Name": "movie_companies",
                      "Alias": "mc",
                      "Startup Cost": 2328.03,
                      "Total Cost": 21640.49,
                      "Plan Rows": 17801,
                      "Plan Width": 4,
                      "Actual Startup Time": 4.932,
                      "Actual Total Time": 14.773,
                      "Actual Rows": 26686,
                      "Actual Loops": 4,
                      "Recheck Cond": "(company_id > 153678)",
                      "Rows Removed by Index Recheck": 0,
                      "Filter": "(company_type_id = 2)",
                      "Rows Removed by Filter": 0,
                      "Exact Heap Blocks": 980,
                      "Lossy Heap Blocks": 0,
                      "Plans": [
                        {
                          "Node Type": "Bitmap Index Scan",
                          "Parent Relationship": "Outer",
                          "Parallel Aware": false,
                          "Index Name": "company_id_movie_companies",
                          "Startup Cost": 0.0,
                          "Total Cost": 2314.23,
                          "Plan Rows": 107974,
                          "Plan Width": 0,
                          "Actual Startup Time": 4.36,
                          "Actual Total Time": 4.361,
                          "Actual Rows": 106746,
                          "Actual Loops": 1,
                          "Index Cond": "(company_id > 153678)"
                        }
                      ]
                    },
                    {
                      "Node Type": "Hash",
                      "Parent Relationship": "Inner",
                      "Parallel Aware": true,
                      "Startup Cost": 42319.06,
                      "Total Cost": 42319.06,
                      "Plan Rows": 632106,
                      "Plan Width": 4,
                      "Actual Startup Time": 361.647,
                      "Actual Total Time": 361.648,
                      "Actual Rows": 632078,
                      "Actual Loops": 4,
                      "Hash Buckets": 4194304,
                      "Original Hash Buckets": 4194304,
                      "Hash Batches": 1,
                      "Original Hash Batches": 1,
                      "Peak Memory Usage": 131712,
                      "Plans": [
                        {
                          "Node Type": "Seq Scan",
                          "Parent Relationship": "Outer",
                          "Parallel Aware": true,
                          "Relation Name": "title",
                          "Alias": "t",
                          "Startup Cost": 0.0,
                          "Total Cost": 42319.06,
                          "Plan Rows": 632106,
                          "Plan Width": 4,
                          "Actual Startup Time": 0.045,
                          "Actual Total Time": 105.57,
                          "Actual Rows": 632078,
                          "Actual Loops": 4
                        }
                      ]
                    }
                  ]
                }
              ]
            }
          ]
        }
      ]
    },
    "Planning Time": 0.57,
    "Triggers": [],
    "Execution Time": 454.965
  }
]