[
  {
    "Plan": {
      "Node Type": "Aggregate",
      "Strategy": "Plain",
      "Partial Mode": "Finalize",
      "Parallel Aware": false,
      "Startup Cost": 44531.09,
      "Total Cost": 44531.1,
      "Plan Rows": 1,
      "Plan Width": 8,
      "Actual Startup Time": 119.299,
      "Actual Total Time": 127.857,
      "Actual Rows": 1,
      "Actual Loops": 1,
      "Plans": [
        {
          "Node Type": "Gather",
          "Parent Relationship": "Outer",
          "Parallel Aware": false,
          "Startup Cost": 44530.77,
          "Total Cost": 44531.08,
          "Plan Rows": 3,
          "Plan Width": 8,
          "Actual Startup Time": 119.148,
          "Actual Total Time": 127.85,
          "Actual Rows": 4,
          "Actual Loops": 1,
          "Workers Planned": 3,
          "Workers Launched": 3,
          "Single Copy": false,
          "Plans": [
            {
              "Node Type": "Aggregate",
              "Strategy": "Plain",
              "Partial Mode": "Partial",
              "Parent Relationship": "Outer",
              "Parallel Aware": false,
              "Startup Cost": 43530.77,
              "Total Cost": 43530.78,
              "Plan Rows": 1,
              "Plan Width": 8,
              "Actual Startup Time": 113.941,
              "Actual Total Time": 113.942,
              "Actual Rows": 1,
              "Actual Loops": 4,
              "Plans": [
                {
                  "Node Type": "Seq Scan",
                  "Parent Relationship": "Outer",
                  "Parallel Aware": true,
                  "Relation Name": "movie_keyword",
                  "Alias": "mk",
                  "Startup Cost": 0.0,
                  "Total Cost": 42695.65,
                  "Plan Rows": 334046,
                  "Plan Width": 0,
                  "Actual Startup Time": 1.243,
                  "Actual Total Time": 101.357,
                  "Actual Rows": 257350,
                  "Actual Loops": 4,
                  "Filter": "(keyword_id > 17270)",
                  "Rows Removed by Filter": 873632
                }
              ]
            }
          ]
        }
      ]
    },
    "Planning Time": 0.088,
    "Triggers": [],
    "Execution Time": 127.892
  }
]