[
  {
    "Plan": {
      "Node Type": "Aggregate",
      "Strategy": "Plain",
      "Partial Mode": "Finalize",
      "Parallel Aware": false,
      "Startup Cost": 330825.91,
      "Total Cost": 330825.92,
      "Plan Rows": 1,
      "Plan Width": 8,
      "Actual Startup Time": 532.595,
      "Actual Total Time": 573.949,
      "Actual Rows": 1,
      "Actual Loops": 1,
      "Plans": [
        {
          "Node Type": "Gather",
          "Parent Relationship": "Outer",
          "Parallel Aware": false,
          "Startup Cost": 330825.29,
          "Total Cost": 330825.9,
          "Plan Rows": 6,
          "Plan Width": 8,
          "Actual Startup Time": 532.367,
          "Actual Total Time": 573.936,
          "Actual Rows": 7,
          "Actual Loops": 1,
          "Workers Planned": 6,
          "Workers Launched": 6,
          "Single Copy": false,
          "Plans": [
            {
              "Node Type": "Aggregate",
              "Strategy": "Plain",
              "Partial Mode": "Partial",
              "Parent Relationship": "Outer",
              "Parallel Aware": false,
              "Startup Cost": 329825.29,
              "Total Cost": 329825.3,
              "Plan Rows": 1,
              "Plan Width": 8,
              "Actual Startup Time": 526.202,
              "Actual Total Time": 526.203,
              "Actual Rows": 1,
              "Actual Loops": 7,
              "Plans": [
                {
                  "Node Type": "Seq Scan",
                  "Parent Relationship": "Outer",
                  "Parallel Aware": true,
                  "Relation Name": "cast_info",
                  "Alias": "ci",
                  "Startup Cost": 0.0,
                  "Total Cost": 328211.39,
                  "Plan Rows": 645558,
                  "Plan Width": 0,
                  "Actual Startup Time": 0.038,
                  "Actual Total Time": 499.985,
                  "Actual Rows": 575724,
                  "Actual Loops": 7,
                  "Filter": "(person_id < 386479)",
                  "Rows Removed by Filter": 4602039
                }
              ]
            }
          ]
        }
      ]
    },
    "Planning Time": 0.106,
    "Triggers": [],
    "Execution Time": 573.997
  }
]