{
  "Plan": {
    "Node Type": "Hash Join",
    "Parallel Aware": false,
    "Join Type": "Inner",
    "Startup Cost": 101172.97,
    "Total Cost": 174811.61,
    "Plan Rows": 2086514,
    "Plan Width": 4,
    "Actual Startup Time": 1040.396,
    "Actual Total Time": 2647.823,
    "Actual Rows": 2087248,
    "Actual Loops": 1,
    "Inner Unique": true,
    "Hash Cond": "(mc.company_id = cn.id)",
    "Plans": [
      {
        "Node Type": "Hash Join",
        "Parent Relationship": "Outer",
        "Parallel Aware": false,
        "Join Type": "Inner",
        "Startup Cost": 92890.54,
        "Total Cost": 161051.98,
        "Plan Rows": 2086514,
        "Plan Width": 4,
        "Actual Startup Time": 964.84,
        "Actual Total Time": 2202.73,
        "Actual Rows": 2087248,
        "Actual Loops": 1,
        "Inner Unique": true,
        "Hash Cond": "(mc.movie_id = t.id)",
        "Plans": [
          {
            "Node Type": "Hash Join",
            "Parent Relationship": "Outer",
            "Parallel Aware": false,
            "Join Type": "Inner",
            "Startup Cost": 1.09,
            "Total Cost": 62685.41,
            "Plan Rows": 2086514,
            "Plan Width": 8,
            "Actual Startup Time": 0.03,
            "Actual Total Time": 500.181,
            "Actual Rows": 2087248,
            "Actual Loops": 1,
            "Inner Unique": true,
            "Hash Cond": "(mc.company_type_id = ct.id)",
            "Plans": [
              {
                "Node Type": "Seq Scan",
                "Parent Relationship": "Outer",
                "Parallel Aware": false,
                "Relation Name": "movie_companies",
                "Alias": "mc",
                "Startup Cost": 0.0,
                "Total Cost": 51404.11,
                "Plan Rows": 2086514,
                "Plan Width": 12,
                "Actual Startup Time": 0.013,
                "Actual Total Time": 243.862,
                "Actual Rows": 2087248,
                "Actual Loops": 1,
                "Filter": "(company_id < 73232)",
                "Rows Removed by Filter": 521881
              },
              {
                "Node Type": "Hash",
                "Parent Relationship": "Inner",
                "Parallel Aware": false,
                "Startup Cost": 1.04,
                "Total Cost": 1.04,
                "Plan Rows": 4,
                "Plan Width": 4,
                "Actual Startup Time": 0.009,
                "Actual Total Time": 0.01,
                "Actual Rows": 4,
                "Actual Loops": 1,
                "Hash Buckets": 1024,
                "Original Hash Buckets": 1024,
                "Hash Batches": 1,
                "Original Hash Batches": 1,
                "Peak Memory Usage": 9,
                "Plans": [
                  {
                    "Node Type": "Seq Scan",
                    "Parent Relationship": "Outer",
                    "Parallel Aware": false,
                    "Relation Name": "company_type",
                    "Alias": "ct",
                    "Startup Cost": 0.0,
                    "Total Cost": 1.04,
                    "Plan Rows": 4,
                    "Plan Width": 4,
                    "Actual Startup Time": 0.006,
                    "Actual Total Time": 0.007,
                    "Actual Rows": 4,
                    "Actual Loops": 1
                  }
                ]
              }
            ]
          },
          {
            "Node Type": "Hash",
            "Parent Relationship": "Inner",
            "Parallel Aware": false,
            "Startup Cost": 61283.09,
            "Total Cost": 61283.09,
            "Plan Rows": 2528509,
            "Plan Width": 4,
            "Actual Startup Time": 946.792,
            "Actual Total Time": 946.793,
            "Actual Rows": 2528312,
            "Actual Loops": 1,
            "Hash Buckets": 4194304,
            "Original Hash Buckets": 4194304,
            "Hash Batches": 1,
            "Original Hash Batches": 1,
            "Peak Memory Usage": 121654,
            "Plans": [
              {
                "Node Type": "Seq Scan",
                "Parent Relationship": "Outer",
                "Parallel Aware": false,
                "Relation Name": "title",
                "Alias": "t",
                "Startup Cost": 0.0,
                "Total Cost": 61283.09,
                "Plan Rows": 2528509,
                "Plan Width": 4,
                "Actual Startup Time": 0.013,
                "Actual Total Time": 269.594,
                "Actual Rows": 2528312,
                "Actual Loops": 1
              }
            ]
          }
        ]
      },
      {
        "Node Type": "Hash",
        "Parent Relationship": "Inner",
        "Parallel Aware": false,
        "Startup Cost": 5344.97,
        "Total Cost": 5344.97,
        "Plan Rows": 234997,
        "Plan Width": 4,
        "Actual Startup Time": 75.084,
        "Actual Total Time": 75.085,
        "Actual Rows": 234997,
        "Actual Loops": 1,
        "Hash Buckets": 262144,
        "Original Hash Buckets": 262144,
        "Hash Batches": 1,
        "Original Hash Batches": 1,
        "Peak Memory Usage": 10310,
        "Plans": [
          {
            "Node Type": "Seq Scan",
            "Parent Relationship": "Outer",
            "Parallel Aware": false,
            "Relation Name": "company_name",
            "Alias": "cn",
            "Startup Cost": 0.0,
            "Total Cost": 5344.97,
            "Plan Rows": 234997,
            "Plan Width": 4,
            "Actual Startup Time": 0.036,
            "Actual Total Time": 38.01,
            "Actual Rows": 234997,
            "Actual Loops": 1
          }
        ]
      }
    ]
  },
  "Planning Time": 0.739,
  "Triggers": [],
  "Execution Time": 2720.879
}