[
  {
    "Plan": {
      "Node Type": "Aggregate",
      "Strategy": "Plain",
      "Partial Mode": "Finalize",
      "Parallel Aware": false,
      "Startup Cost": 140042.85,
      "Total Cost": 140042.86,
      "Plan Rows": 1,
      "Plan Width": 8,
      "Actual Startup Time": 1155.628,
      "Actual Total Time": 1183.336,
      "Actual Rows": 1,
      "Actual Loops": 1,
      "Plans": [
        {
          "Node Type": "Gather",
          "Parent Relationship": "Outer",
          "Parallel Aware": false,
          "Startup Cost": 140042.53,
          "Total Cost": 140042.84,
          "Plan Rows": 3,
          "Plan Width": 8,
          "Actual Startup Time": 1142.297,
          "Actual Total Time": 1183.327,
          "Actual Rows": 4,
          "Actual Loops": 1,
          "Workers Planned": 3,
          "Workers Launched": 3,
          "Single Copy": false,
          "Plans": [
            {
              "Node Type": "Aggregate",
              "Strategy": "Plain",
              "Partial Mode": "Partial",
              "Parent Relationship": "Outer",
              "Parallel Aware": false,
              "Startup Cost": 139042.53,
              "Total Cost": 139042.54,
              "Plan Rows": 1,
              "Plan Width": 8,
              "Actual Startup Time": 1130.538,
              "Actual Total Time": 1131.054,
              "Actual Rows": 1,
              "Actual Loops": 4,
              "Plans": [
                {
                  "Node Type": "Hash Join",
                  "Parent Relationship": "Outer",
                  "Parallel Aware": true,
                  "Join Type": "Inner",
                  "Startup Cost": 87718.14,
                  "Total Cost": 137424.34,
                  "Plan Rows": 647276,
                  "Plan Width": 0,
                  "Actual Startup Time": 694.559,
                  "Actual Total Time": 1050.1,
                  "Actual Rows": 1861244,
                  "Actual Loops": 4,
                  "Inner Unique": false,
                  "Hash Cond": "(mk.movie_id = t.id)",
                  "Plans": [
                    {
                      "Node Type": "Seq Scan",
                      "Parent Relationship": "Outer",
                      "Parallel Aware": true,
                      "Relation Name": "movie_keyword",
                      "Alias": "mk",
                      "Startup Cost": 0.0,
                      "Total Cost": 42695.65,
                      "Plan Rows": 1312682,
                      "Plan Width": 4,
                      "Actual Startup Time": 0.063,
                      "Actual Total Time": 119.445,
                      "Actual Rows": 1018193,
                      "Actual Loops": 4,
                      "Filter": "(keyword_id < 39304)",
                      "Rows Removed by Filter": 112790
                    },
                    {
                      "Node Type": "Hash",
                      "Parent Relationship": "Inner",
                      "Parallel Aware": true,
                      "Startup Cost": 82690.92,
                      "Total Cost": 82690.92,
                      "Plan Rows": 402178,
                      "Plan Width": 8,
                      "Actual Startup Time": 686.555,
                      "Actual Total Time": 687.068,
                      "Actual Rows": 324201,
                      "Actual Loops": 4,
                      "Hash Buckets": 2097152,
                      "Original Hash Buckets": 2097152,
                      "Hash Batches": 1,
                      "Original Hash Batches": 1,
                      "Peak Memory Usage": 67168,
                      "Plans": [
                        {
                          "Node Type": "Hash Join",
                          "Parent Relationship": "Outer",
                          "Parallel Aware": true,
                          "Join Type": "Inner",
                          "Startup Cost": 50220.38,
                          "Total Cost": 82690.92,
                          "Plan Rows": 402178,
                          "Plan Width": 8,
                          "Actual Startup Time": 402.277,
                          "Actual Total Time": 573.231,
                          "Actual Rows": 324201,
                          "Actual Loops": 4,
                          "Inner Unique": true,
                          "Hash Cond": "(mc.movie_id = t.id)",
                          "Plans": [
                            {
                              "Node Type": "Seq Scan",
                              "Parent Relationship": "Outer",
                              "Parallel Aware": true,
                              "Relation Name": "movie_companies",
                              "Alias": "mc",
                              "Startup Cost": 0.0,
                              "Total Cost": 31414.82,
                              "Plan Rows": 402178,
                              "Plan Width": 4,
                              "Actual Startup Time": 32.853,
                              "Actual Total Time": 77.803,
                              "Actual Rows": 324201,
                              "Actual Loops": 4,
                              "Filter": "((company_id > 31) AND (company_type_id > 1))",
                              "Rows Removed by Filter": 328081
                            },
                            {
                              "Node Type": "Hash",
                              "Parent Relationship": "Inner",
                              "Parallel Aware": true,
                              "Startup Cost": 42319.06,
                              "Total Cost": 42319.06,
                              "Plan Rows": 632106,
                              "Plan Width": 4,
                              "Actual Startup Time": 362.034,
                              "Actual Total Time": 362.036,
                              "Actual Rows": 632078,
                              "Actual Loops": 4,
                              "Hash Buckets": 4194304,
                              "Original Hash Buckets": 4194304,
                              "Hash Batches": 1,
                              "Original Hash Batches": 1,
                              "Peak Memory Usage": 131744,
                              "Plans": [
                                {
                                  "Node Type": "Seq Scan",
                                  "Parent Relationship": "Outer",
                                  "Parallel Aware": true,
                                  "Relation Name": "title",
                                  "Alias": "t",
                                  "Startup Cost": 0.0,
                                  "Total Cost": 42319.06,
                                  "Plan Rows": 632106,
                                  "Plan Width": 4,
                                  "Actual Startup Time": 0.057,
                                  "Actual Total Time": 104.895,
                                  "Actual Rows": 632078,
                                  "Actual Loops": 4
                                }
                              ]
                            }
                          ]
                        }
                      ]
                    }
                  ]
                }
              ]
            }
          ]
        }
      ]
    },
    "Planning Time": 1.491,
    "Triggers": [],
    "Execution Time": 1183.416
  }
]