{
    "Plan": {
        "Node Type": "Aggregate",
        "Strategy": "Plain",
        "Partial Mode": "Simple",
        "Parallel Aware": false,
        "Startup Cost": 60035942656.01,
        "Total Cost": 60035942656.02,
        "Plan Rows": 1,
        "Plan Width": 96,
        "Actual Startup Time": 45142.801,
        "Actual Total Time": 45142.864,
        "Actual Rows": 1,
        "Actual Loops": 1,
        "Output": [
            "min(cn.name)",
            "min(mi_idx.info)",
            "min(t.title)"
        ],
        "Plans": [
            {
                "Node Type": "Nested Loop",
                "Parent Relationship": "Outer",
                "Parallel Aware": false,
                "Join Type": "Inner",
                "Startup Cost": 60035942631.81,
                "Total Cost": 60035942656.0,
                "Plan Rows": 1,
                "Plan Width": 41,
                "Actual Startup Time": 45033.228,
                "Actual Total Time": 45141.561,
                "Actual Rows": 4267,
                "Actual Loops": 1,
                "Output": [
                    "cn.name",
                    "mi_idx.info",
                    "t.title"
                ],
                "Inner Unique": true,
                "Plans": [
                    {
                        "Node Type": "Nested Loop",
                        "Parent Relationship": "Outer",
                        "Parallel Aware": false,
                        "Join Type": "Inner",
                        "Startup Cost": 50035942631.36,
                        "Total Cost": 50035942651.53,
                        "Plan Rows": 1,
                        "Plan Width": 26,
                        "Actual Startup Time": 45033.142,
                        "Actual Total Time": 45115.998,
                        "Actual Rows": 4410,
                        "Actual Loops": 1,
                        "Output": [
                            "mc.company_id",
                            "mi_idx.info",
                            "t.title"
                        ],
                        "Inner Unique": true,
                        "Plans": [
                            {
                                "Node Type": "Hash Join",
                                "Parent Relationship": "Outer",
                                "Parallel Aware": false,
                                "Join Type": "Inner",
                                "Startup Cost": 40035942631.22,
                                "Total Cost": 40035942643.36,
                                "Plan Rows": 1,
                                "Plan Width": 30,
                                "Actual Startup Time": 45033.019,
                                "Actual Total Time": 45036.944,
                                "Actual Rows": 20833,
                                "Actual Loops": 1,
                                "Output": [
                                    "cc.subject_id",
                                    "mc.company_id",
                                    "mi_idx.info",
                                    "t.title"
                                ],
                                "Inner Unique": false,
                                "Hash Cond": "(kt.id = t.kind_id)",
                                "Plans": [
                                    {
                                        "Node Type": "Index Scan",
                                        "Parent Relationship": "Outer",
                                        "Parallel Aware": false,
                                        "Scan Direction": "Forward",
                                        "Index Name": "kind_type_pkey",
                                        "Relation Name": "kind_type",
                                        "Schema": "public",
                                        "Alias": "kt",
                                        "Startup Cost": 0.13,
                                        "Total Cost": 12.26,
                                        "Plan Rows": 2,
                                        "Plan Width": 4,
                                        "Actual Startup Time": 0.029,
                                        "Actual Total Time": 0.046,
                                        "Actual Rows": 2,
                                        "Actual Loops": 1,
                                        "Output": [
                                            "kt.id",
                                            "kt.kind"
                                        ],
                                        "Filter": "((kt.kind)::text = ANY ('{movie,episode}'::text[]))",
                                        "Rows Removed by Filter": 5
                                    },
                                    {
                                        "Node Type": "Hash",
                                        "Parent Relationship": "Inner",
                                        "Parallel Aware": false,
                                        "Startup Cost": 40035942631.08,
                                        "Total Cost": 40035942631.08,
                                        "Plan Rows": 1,
                                        "Plan Width": 34,
                                        "Actual Startup Time": 45032.967,
                                        "Actual Total Time": 45033.025,
                                        "Actual Rows": 21874,
                                        "Actual Loops": 1,
                                        "Output": [
                                            "cc.subject_id",
                                            "mc.company_id",
                                            "mi_idx.info",
                                            "t.title",
                                            "t.kind_id"
                                        ],
                                        "Hash Buckets": 32768,
                                        "Original Hash Buckets": 1024,
                                        "Hash Batches": 1,
                                        "Original Hash Batches": 1,
                                        "Peak Memory Usage": 1637,
                                        "Plans": [
                                            {
                                                "Node Type": "Hash Join",
                                                "Parent Relationship": "Outer",
                                                "Parallel Aware": false,
                                                "Join Type": "Inner",
                                                "Startup Cost": 40035942630.01,
                                                "Total Cost": 40035942631.08,
                                                "Plan Rows": 1,
                                                "Plan Width": 34,
                                                "Actual Startup Time": 45026.369,
                                                "Actual Total Time": 45028.571,
                                                "Actual Rows": 21874,
                                                "Actual Loops": 1,
                                                "Output": [
                                                    "cc.subject_id",
                                                    "mc.company_id",
                                                    "mi_idx.info",
                                                    "t.title",
                                                    "t.kind_id"
                                                ],
                                                "Inner Unique": false,
                                                "Hash Cond": "(cct2.id = cc.status_id)",
                                                "Plans": [
                                                    {
                                                        "Node Type": "Seq Scan",
                                                        "Parent Relationship": "Outer",
                                                        "Parallel Aware": false,
                                                        "Relation Name": "comp_cast_type",
                                                        "Schema": "public",
                                                        "Alias": "cct2",
                                                        "Startup Cost": 0.0,
                                                        "Total Cost": 1.05,
                                                        "Plan Rows": 3,
                                                        "Plan Width": 4,
                                                        "Actual Startup Time": 0.007,
                                                        "Actual Total Time": 0.016,
                                                        "Actual Rows": 3,
                                                        "Actual Loops": 1,
                                                        "Output": [
                                                            "cct2.id",
                                                            "cct2.kind"
                                                        ],
                                                        "Filter": "((cct2.kind)::text <> 'complete+verified'::text)",
                                                        "Rows Removed by Filter": 1
                                                    },
                                                    {
                                                        "Node Type": "Hash",
                                                        "Parent Relationship": "Inner",
                                                        "Parallel Aware": false,
                                                        "Startup Cost": 40035942630.0,
                                                        "Total Cost": 40035942630.0,
                                                        "Plan Rows": 1,
                                                        "Plan Width": 38,
                                                        "Actual Startup Time": 45026.334,
                                                        "Actual Total Time": 45026.39,
                                                        "Actual Rows": 38831,
                                                        "Actual Loops": 1,
                                                        "Output": [
                                                            "cc.subject_id",
                                                            "cc.status_id",
                                                            "mc.company_id",
                                                            "mi_idx.info",
                                                            "t.title",
                                                            "t.kind_id"
                                                        ],
                                                        "Hash Buckets": 65536,
                                                        "Original Hash Buckets": 1024,
                                                        "Hash Batches": 1,
                                                        "Original Hash Batches": 1,
                                                        "Peak Memory Usage": 3121,
                                                        "Plans": [
                                                            {
                                                                "Node Type": "Hash Join",
                                                                "Parent Relationship": "Outer",
                                                                "Parallel Aware": false,
                                                                "Join Type": "Inner",
                                                                "Startup Cost": 40035869473.75,
                                                                "Total Cost": 40035942630.0,
                                                                "Plan Rows": 1,
                                                                "Plan Width": 38,
                                                                "Actual Startup Time": 44512.837,
                                                                "Actual Total Time": 45017.417,
                                                                "Actual Rows": 38831,
                                                                "Actual Loops": 1,
                                                                "Output": [
                                                                    "cc.subject_id",
                                                                    "cc.status_id",
                                                                    "mc.company_id",
                                                                    "mi_idx.info",
                                                                    "t.title",
                                                                    "t.kind_id"
                                                                ],
                                                                "Inner Unique": false,
                                                                "Hash Cond": "(t.id = mi.movie_id)",
                                                                "Plans": [
                                                                    {
                                                                        "Node Type": "Seq Scan",
                                                                        "Parent Relationship": "Outer",
                                                                        "Parallel Aware": false,
                                                                        "Relation Name": "title",
                                                                        "Schema": "public",
                                                                        "Alias": "t",
                                                                        "Startup Cost": 0.0,
                                                                        "Total Cost": 67602.02,
                                                                        "Plan Rows": 1481124,
                                                                        "Plan Width": 25,
                                                                        "Actual Startup Time": 0.01,
                                                                        "Actual Total Time": 395.092,
                                                                        "Actual Rows": 1485030,
                                                                        "Actual Loops": 1,
                                                                        "Output": [
                                                                            "t.id",
                                                                            "t.title",
                                                                            "t.imdb_index",
                                                                            "t.kind_id",
                                                                            "t.production_year",
                                                                            "t.imdb_id",
                                                                            "t.phonetic_code",
                                                                            "t.episode_of_id",
                                                                            "t.season_nr",
                                                                            "t.episode_nr",
                                                                            "t.series_years",
                                                                            "t.md5sum"
                                                                        ],
                                                                        "Filter": "(t.production_year > 1998)",
                                                                        "Rows Removed by Filter": 1043282
                                                                    },
                                                                    {
                                                                        "Node Type": "Hash",
                                                                        "Parent Relationship": "Inner",
                                                                        "Parallel Aware": false,
                                                                        "Startup Cost": 40035869473.73,
                                                                        "Total Cost": 40035869473.73,
                                                                        "Plan Rows": 1,
                                                                        "Plan Width": 37,
                                                                        "Actual Startup Time": 44483.074,
                                                                        "Actual Total Time": 44483.122,
                                                                        "Actual Rows": 58619,
                                                                        "Actual Loops": 1,
                                                                        "Output": [
                                                                            "cc.movie_id",
                                                                            "cc.subject_id",
                                                                            "cc.status_id",
                                                                            "mc.movie_id",
                                                                            "mc.company_id",
                                                                            "mi.movie_id",
                                                                            "mi_idx.info",
                                                                            "mi_idx.movie_id",
                                                                            "mk.movie_id"
                                                                        ],
                                                                        "Hash Buckets": 65536,
                                                                        "Original Hash Buckets": 1024,
                                                                        "Hash Batches": 1,
                                                                        "Original Hash Batches": 1,
                                                                        "Peak Memory Usage": 4405,
                                                                        "Plans": [
                                                                            {
                                                                                "Node Type": "Merge Join",
                                                                                "Parent Relationship": "Outer",
                                                                                "Parallel Aware": false,
                                                                                "Join Type": "Inner",
                                                                                "Startup Cost": 40035869473.72,
                                                                                "Total Cost": 40035869473.73,
                                                                                "Plan Rows": 1,
                                                                                "Plan Width": 37,
                                                                                "Actual Startup Time": 44458.713,
                                                                                "Actual Total Time": 44473.367,
                                                                                "Actual Rows": 58619,
                                                                                "Actual Loops": 1,
                                                                                "Output": [
                                                                                    "cc.movie_id",
                                                                                    "cc.subject_id",
                                                                                    "cc.status_id",
                                                                                    "mc.movie_id",
                                                                                    "mc.company_id",
                                                                                    "mi.movie_id",
                                                                                    "mi_idx.info",
                                                                                    "mi_idx.movie_id",
                                                                                    "mk.movie_id"
                                                                                ],
                                                                                "Inner Unique": false,
                                                                                "Merge Cond": "(mi_idx.info_type_id = it2.id)",
                                                                                "Plans": [
                                                                                    {
                                                                                        "Node Type": "Sort",
                                                                                        "Parent Relationship": "Outer",
                                                                                        "Parallel Aware": false,
                                                                                        "Startup Cost": 30035869471.29,
                                                                                        "Total Cost": 30035869471.29,
                                                                                        "Plan Rows": 1,
                                                                                        "Plan Width": 41,
                                                                                        "Actual Startup Time": 44445.659,
                                                                                        "Actual Total Time": 44453.029,
                                                                                        "Actual Rows": 174667,
                                                                                        "Actual Loops": 1,
                                                                                        "Output": [
                                                                                            "cc.movie_id",
                                                                                            "cc.subject_id",
                                                                                            "cc.status_id",
                                                                                            "mc.movie_id",
                                                                                            "mc.company_id",
                                                                                            "mi.movie_id",
                                                                                            "mi_idx.info",
                                                                                            "mi_idx.movie_id",
                                                                                            "mi_idx.info_type_id",
                                                                                            "mk.movie_id"
                                                                                        ],
                                                                                        "Sort Key": [
                                                                                            "mi_idx.info_type_id"
                                                                                        ],
                                                                                        "Sort Method": "quicksort",
                                                                                        "Sort Space Used": 20230,
                                                                                        "Sort Space Type": "Memory",
                                                                                        "Plans": [
                                                                                            {
                                                                                                "Node Type": "Nested Loop",
                                                                                                "Parent Relationship": "Outer",
                                                                                                "Parallel Aware": false,
                                                                                                "Join Type": "Inner",
                                                                                                "Startup Cost": 30035777980.32,
                                                                                                "Total Cost": 30035869471.28,
                                                                                                "Plan Rows": 1,
                                                                                                "Plan Width": 41,
                                                                                                "Actual Startup Time": 33954.539,
                                                                                                "Actual Total Time": 44304.829,
                                                                                                "Actual Rows": 180292,
                                                                                                "Actual Loops": 1,
                                                                                                "Output": [
                                                                                                    "cc.movie_id",
                                                                                                    "cc.subject_id",
                                                                                                    "cc.status_id",
                                                                                                    "mc.movie_id",
                                                                                                    "mc.company_id",
                                                                                                    "mi.movie_id",
                                                                                                    "mi_idx.info",
                                                                                                    "mi_idx.movie_id",
                                                                                                    "mi_idx.info_type_id",
                                                                                                    "mk.movie_id"
                                                                                                ],
                                                                                                "Inner Unique": true,
                                                                                                "Join Filter": "(mk.keyword_id = k.id)",
                                                                                                "Rows Removed by Join Filter": 61096949,
                                                                                                "Plans": [
                                                                                                    {
                                                                                                        "Node Type": "Hash Join",
                                                                                                        "Parent Relationship": "Outer",
                                                                                                        "Parallel Aware": false,
                                                                                                        "Join Type": "Inner",
                                                                                                        "Startup Cost": 30035777979.9,
                                                                                                        "Total Cost": 30035862838.44,
                                                                                                        "Plan Rows": 15908,
                                                                                                        "Plan Width": 45,
                                                                                                        "Actual Startup Time": 33906.485,
                                                                                                        "Actual Total Time": 36520.556,
                                                                                                        "Actual Rows": 20493019,
                                                                                                        "Actual Loops": 1,
                                                                                                        "Output": [
                                                                                                            "cc.movie_id",
                                                                                                            "cc.subject_id",
                                                                                                            "cc.status_id",
                                                                                                            "mc.movie_id",
                                                                                                            "mc.company_id",
                                                                                                            "mi.movie_id",
                                                                                                            "mi_idx.info",
                                                                                                            "mi_idx.movie_id",
                                                                                                            "mi_idx.info_type_id",
                                                                                                            "mk.movie_id",
                                                                                                            "mk.keyword_id"
                                                                                                        ],
                                                                                                        "Inner Unique": false,
                                                                                                        "Hash Cond": "(cc.movie_id = mi.movie_id)",
                                                                                                        "Plans": [
                                                                                                            {
                                                                                                                "Node Type": "Seq Scan",
                                                                                                                "Parent Relationship": "Outer",
                                                                                                                "Parallel Aware": false,
                                                                                                                "Relation Name": "complete_cast",
                                                                                                                "Schema": "public",
                                                                                                                "Alias": "cc",
                                                                                                                "Startup Cost": 0.0,
                                                                                                                "Total Cost": 2081.86,
                                                                                                                "Plan Rows": 135086,
                                                                                                                "Plan Width": 12,
                                                                                                                "Actual Startup Time": 0.009,
                                                                                                                "Actual Total Time": 19.62,
                                                                                                                "Actual Rows": 135086,
                                                                                                                "Actual Loops": 1,
                                                                                                                "Output": [
                                                                                                                    "cc.id",
                                                                                                                    "cc.movie_id",
                                                                                                                    "cc.subject_id",
                                                                                                                    "cc.status_id"
                                                                                                                ]
                                                                                                            },
                                                                                                            {
                                                                                                                "Node Type": "Hash",
                                                                                                                "Parent Relationship": "Inner",
                                                                                                                "Parallel Aware": false,
                                                                                                                "Startup Cost": 30035777266.59,
                                                                                                                "Total Cost": 30035777266.59,
                                                                                                                "Plan Rows": 57065,
                                                                                                                "Plan Width": 33,
                                                                                                                "Actual Startup Time": 33906.36,
                                                                                                                "Actual Total Time": 33906.388,
                                                                                                                "Actual Rows": 19410253,
                                                                                                                "Actual Loops": 1,
                                                                                                                "Output": [
                                                                                                                    "mc.movie_id",
                                                                                                                    "mc.company_id",
                                                                                                                    "mi.movie_id",
                                                                                                                    "mi_idx.info",
                                                                                                                    "mi_idx.movie_id",
                                                                                                                    "mi_idx.info_type_id",
                                                                                                                    "mk.movie_id",
                                                                                                                    "mk.keyword_id"
                                                                                                                ],
                                                                                                                "Hash Buckets": 33554432,
                                                                                                                "Original Hash Buckets": 65536,
                                                                                                                "Hash Batches": 1,
                                                                                                                "Original Hash Batches": 1,
                                                                                                                "Peak Memory Usage": 1548589,
                                                                                                                "Plans": [
                                                                                                                    {
                                                                                                                        "Node Type": "Merge Join",
                                                                                                                        "Parent Relationship": "Outer",
                                                                                                                        "Parallel Aware": false,
                                                                                                                        "Join Type": "Inner",
                                                                                                                        "Startup Cost": 30035776410.59,
                                                                                                                        "Total Cost": 30035777266.59,
                                                                                                                        "Plan Rows": 57065,
                                                                                                                        "Plan Width": 33,
                                                                                                                        "Actual Startup Time": 26373.552,
                                                                                                                        "Actual Total Time": 29614.617,
                                                                                                                        "Actual Rows": 19410253,
                                                                                                                        "Actual Loops": 1,
                                                                                                                        "Output": [
                                                                                                                            "mc.movie_id",
                                                                                                                            "mc.company_id",
                                                                                                                            "mi.movie_id",
                                                                                                                            "mi_idx.info",
                                                                                                                            "mi_idx.movie_id",
                                                                                                                            "mi_idx.info_type_id",
                                                                                                                            "mk.movie_id",
                                                                                                                            "mk.keyword_id"
                                                                                                                        ],
                                                                                                                        "Inner Unique": false,
                                                                                                                        "Merge Cond": "(ct.id = mc.company_type_id)",
                                                                                                                        "Plans": [
                                                                                                                            {
                                                                                                                                "Node Type": "Sort",
                                                                                                                                "Parent Relationship": "Outer",
                                                                                                                                "Parallel Aware": false,
                                                                                                                                "Startup Cost": 1.08,
                                                                                                                                "Total Cost": 1.09,
                                                                                                                                "Plan Rows": 4,
                                                                                                                                "Plan Width": 4,
                                                                                                                                "Actual Startup Time": 0.047,
                                                                                                                                "Actual Total Time": 0.058,
                                                                                                                                "Actual Rows": 3,
                                                                                                                                "Actual Loops": 1,
                                                                                                                                "Output": [
                                                                                                                                    "ct.id"
                                                                                                                                ],
                                                                                                                                "Sort Key": [
                                                                                                                                    "ct.id"
                                                                                                                                ],
                                                                                                                                "Sort Method": "quicksort",
                                                                                                                                "Sort Space Used": 25,
                                                                                                                                "Sort Space Type": "Memory",
                                                                                                                                "Plans": [
                                                                                                                                    {
                                                                                                                                        "Node Type": "Seq Scan",
                                                                                                                                        "Parent Relationship": "Outer",
                                                                                                                                        "Parallel Aware": false,
                                                                                                                                        "Relation Name": "company_type",
                                                                                                                                        "Schema": "public",
                                                                                                                                        "Alias": "ct",
                                                                                                                                        "Startup Cost": 0.0,
                                                                                                                                        "Total Cost": 1.04,
                                                                                                                                        "Plan Rows": 4,
                                                                                                                                        "Plan Width": 4,
                                                                                                                                        "Actual Startup Time": 0.015,
                                                                                                                                        "Actual Total Time": 0.016,
                                                                                                                                        "Actual Rows": 4,
                                                                                                                                        "Actual Loops": 1,
                                                                                                                                        "Output": [
                                                                                                                                            "ct.id"
                                                                                                                                        ]
                                                                                                                                    }
                                                                                                                                ]
                                                                                                                            },
                                                                                                                            {
                                                                                                                                "Node Type": "Sort",
                                                                                                                                "Parent Relationship": "Inner",
                                                                                                                                "Parallel Aware": false,
                                                                                                                                "Startup Cost": 30035776409.51,
                                                                                                                                "Total Cost": 30035776552.17,
                                                                                                                                "Plan Rows": 57065,
                                                                                                                                "Plan Width": 37,
                                                                                                                                "Actual Startup Time": 26373.486,
                                                                                                                                "Actual Total Time": 27102.487,
                                                                                                                                "Actual Rows": 19410253,
                                                                                                                                "Actual Loops": 1,
                                                                                                                                "Output": [
                                                                                                                                    "mi.movie_id",
                                                                                                                                    "mc.movie_id",
                                                                                                                                    "mc.company_type_id",
                                                                                                                                    "mc.company_id",
                                                                                                                                    "mi_idx.info",
                                                                                                                                    "mi_idx.movie_id",
                                                                                                                                    "mi_idx.info_type_id",
                                                                                                                                    "mk.movie_id",
                                                                                                                                    "mk.keyword_id"
                                                                                                                                ],
                                                                                                                                "Sort Key": [
                                                                                                                                    "mc.company_type_id"
                                                                                                                                ],
                                                                                                                                "Sort Method": "quicksort",
                                                                                                                                "Sort Space Used": 2302859,
                                                                                                                                "Sort Space Type": "Memory",
                                                                                                                                "Plans": [
                                                                                                                                    {
                                                                                                                                        "Node Type": "Hash Join",
                                                                                                                                        "Parent Relationship": "Outer",
                                                                                                                                        "Parallel Aware": false,
                                                                                                                                        "Join Type": "Inner",
                                                                                                                                        "Startup Cost": 30035763267.93,
                                                                                                                                        "Total Cost": 30035771901.28,
                                                                                                                                        "Plan Rows": 57065,
                                                                                                                                        "Plan Width": 37,
                                                                                                                                        "Actual Startup Time": 20520.784,
                                                                                                                                        "Actual Total Time": 22726.134,
                                                                                                                                        "Actual Rows": 19410253,
                                                                                                                                        "Actual Loops": 1,
                                                                                                                                        "Output": [
                                                                                                                                            "mi.movie_id",
                                                                                                                                            "mc.movie_id",
                                                                                                                                            "mc.company_type_id",
                                                                                                                                            "mc.company_id",
                                                                                                                                            "mi_idx.info",
                                                                                                                                            "mi_idx.movie_id",
                                                                                                                                            "mi_idx.info_type_id",
                                                                                                                                            "mk.movie_id",
                                                                                                                                            "mk.keyword_id"
                                                                                                                                        ],
                                                                                                                                        "Inner Unique": false,
                                                                                                                                        "Hash Cond": "(it1.id = mi.info_type_id)",
                                                                                                                                        "Plans": [
                                                                                                                                            {
                                                                                                                                                "Node Type": "Seq Scan",
                                                                                                                                                "Parent Relationship": "Outer",
                                                                                                                                                "Parallel Aware": false,
                                                                                                                                                "Relation Name": "info_type",
                                                                                                                                                "Schema": "public",
                                                                                                                                                "Alias": "it1",
                                                                                                                                                "Startup Cost": 10000000000.0,
                                                                                                                                                "Total Cost": 10000000002.41,
                                                                                                                                                "Plan Rows": 1,
                                                                                                                                                "Plan Width": 4,
                                                                                                                                                "Actual Startup Time": 0.018,
                                                                                                                                                "Actual Total Time": 0.032,
                                                                                                                                                "Actual Rows": 1,
                                                                                                                                                "Actual Loops": 1,
                                                                                                                                                "Output": [
                                                                                                                                                    "it1.id",
                                                                                                                                                    "it1.info"
                                                                                                                                                ],
                                                                                                                                                "Filter": "((it1.info)::text = 'countries'::text)",
                                                                                                                                                "Rows Removed by Filter": 112
                                                                                                                                            },
                                                                                                                                            {
                                                                                                                                                "Node Type": "Hash",
                                                                                                                                                "Parent Relationship": "Inner",
                                                                                                                                                "Parallel Aware": false,
                                                                                                                                                "Startup Cost": 20035682664.9,
                                                                                                                                                "Total Cost": 20035682664.9,
                                                                                                                                                "Plan Rows": 6448242,
                                                                                                                                                "Plan Width": 41,
                                                                                                                                                "Actual Startup Time": 20503.956,
                                                                                                                                                "Actual Total Time": 20503.97,
                                                                                                                                                "Actual Rows": 34406849,
                                                                                                                                                "Actual Loops": 1,
                                                                                                                                                "Output": [
                                                                                                                                                    "mc.movie_id",
                                                                                                                                                    "mc.company_type_id",
                                                                                                                                                    "mc.company_id",
                                                                                                                                                    "mi.movie_id",
                                                                                                                                                    "mi.info_type_id",
                                                                                                                                                    "mi_idx.info",
                                                                                                                                                    "mi_idx.movie_id",
                                                                                                                                                    "mi_idx.info_type_id",
                                                                                                                                                    "mk.movie_id",
                                                                                                                                                    "mk.keyword_id"
                                                                                                                                                ],
                                                                                                                                                "Hash Buckets": 67108864,
                                                                                                                                                "Original Hash Buckets": 8388608,
                                                                                                                                                "Hash Batches": 1,
                                                                                                                                                "Original Hash Batches": 1,
                                                                                                                                                "Peak Memory Usage": 3073512,
                                                                                                                                                "Plans": [
                                                                                                                                                    {
                                                                                                                                                        "Node Type": "Hash Join",
                                                                                                                                                        "Parent Relationship": "Outer",
                                                                                                                                                        "Parallel Aware": false,
                                                                                                                                                        "Join Type": "Inner",
                                                                                                                                                        "Startup Cost": 20002025127.27,
                                                                                                                                                        "Total Cost": 20035682664.9,
                                                                                                                                                        "Plan Rows": 6448242,
                                                                                                                                                        "Plan Width": 41,
                                                                                                                                                        "Actual Startup Time": 9457.715,
                                                                                                                                                        "Actual Total Time": 13758.323,
                                                                                                                                                        "Actual Rows": 34406849,
                                                                                                                                                        "Actual Loops": 1,
                                                                                                                                                        "Output": [
                                                                                                                                                            "mc.movie_id",
                                                                                                                                                            "mc.company_type_id",
                                                                                                                                                            "mc.company_id",
                                                                                                                                                            "mi.movie_id",
                                                                                                                                                            "mi.info_type_id",
                                                                                                                                                            "mi_idx.info",
                                                                                                                                                            "mi_idx.movie_id",
                                                                                                                                                            "mi_idx.info_type_id",
                                                                                                                                                            "mk.movie_id",
                                                                                                                                                            "mk.keyword_id"
                                                                                                                                                        ],
                                                                                                                                                        "Inner Unique": false,
                                                                                                                                                        "Hash Cond": "(mi_idx.movie_id = mi.movie_id)",
                                                                                                                                                        "Plans": [
                                                                                                                                                            {
                                                                                                                                                                "Node Type": "Seq Scan",
                                                                                                                                                                "Parent Relationship": "Outer",
                                                                                                                                                                "Parallel Aware": false,
                                                                                                                                                                "Relation Name": "movie_info_idx",
                                                                                                                                                                "Schema": "public",
                                                                                                                                                                "Alias": "mi_idx",
                                                                                                                                                                "Startup Cost": 0.0,
                                                                                                                                                                "Total Cost": 25185.44,
                                                                                                                                                                "Plan Rows": 1339166,
                                                                                                                                                                "Plan Width": 13,
                                                                                                                                                                "Actual Startup Time": 0.031,
                                                                                                                                                                "Actual Total Time": 182.473,
                                                                                                                                                                "Actual Rows": 1337634,
                                                                                                                                                                "Actual Loops": 1,
                                                                                                                                                                "Output": [
                                                                                                                                                                    "mi_idx.id",
                                                                                                                                                                    "mi_idx.movie_id",
                                                                                                                                                                    "mi_idx.info_type_id",
                                                                                                                                                                    "mi_idx.info",
                                                                                                                                                                    "mi_idx.note"
                                                                                                                                                                ],
                                                                                                                                                                "Filter": "(mi_idx.info < '8.5'::text)",
                                                                                                                                                                "Rows Removed by Filter": 42401
                                                                                                                                                            },
                                                                                                                                                            {
                                                                                                                                                                "Node Type": "Hash",
                                                                                                                                                                "Parent Relationship": "Inner",
                                                                                                                                                                "Parallel Aware": false,
                                                                                                                                                                "Startup Cost": 20001995764.67,
                                                                                                                                                                "Total Cost": 20001995764.67,
                                                                                                                                                                "Plan Rows": 2349008,
                                                                                                                                                                "Plan Width": 28,
                                                                                                                                                                "Actual Startup Time": 9449.566,
                                                                                                                                                                "Actual Total Time": 9449.577,
                                                                                                                                                                "Actual Rows": 11776177,
                                                                                                                                                                "Actual Loops": 1,
                                                                                                                                                                "Output": [
                                                                                                                                                                    "mc.movie_id",
                                                                                                                                                                    "mc.company_type_id",
                                                                                                                                                                    "mc.company_id",
                                                                                                                                                                    "mi.movie_id",
                                                                                                                                                                    "mi.info_type_id",
                                                                                                                                                                    "mk.movie_id",
                                                                                                                                                                    "mk.keyword_id"
                                                                                                                                                                ],
                                                                                                                                                                "Hash Buckets": 16777216,
                                                                                                                                                                "Original Hash Buckets": 4194304,
                                                                                                                                                                "Hash Batches": 1,
                                                                                                                                                                "Original Hash Batches": 1,
                                                                                                                                                                "Peak Memory Usage": 821083,
                                                                                                                                                                "Plans": [
                                                                                                                                                                    {
                                                                                                                                                                        "Node Type": "Nested Loop",
                                                                                                                                                                        "Parent Relationship": "Outer",
                                                                                                                                                                        "Parallel Aware": false,
                                                                                                                                                                        "Join Type": "Inner",
                                                                                                                                                                        "Startup Cost": 20000501905.81,
                                                                                                                                                                        "Total Cost": 20001995764.67,
                                                                                                                                                                        "Plan Rows": 2349008,
                                                                                                                                                                        "Plan Width": 28,
                                                                                                                                                                        "Actual Startup Time": 3733.452,
                                                                                                                                                                        "Actual Total Time": 7357.31,
                                                                                                                                                                        "Actual Rows": 11776177,
                                                                                                                                                                        "Actual Loops": 1,
                                                                                                                                                                        "Output": [
                                                                                                                                                                            "mc.movie_id",
                                                                                                                                                                            "mc.company_type_id",
                                                                                                                                                                            "mc.company_id",
                                                                                                                                                                            "mi.movie_id",
                                                                                                                                                                            "mi.info_type_id",
                                                                                                                                                                            "mk.movie_id",
                                                                                                                                                                            "mk.keyword_id"
                                                                                                                                                                        ],
                                                                                                                                                                        "Inner Unique": false,
                                                                                                                                                                        "Plans": [
                                                                                                                                                                            {
                                                                                                                                                                                "Node Type": "Hash Join",
                                                                                                                                                                                "Parent Relationship": "Outer",
                                                                                                                                                                                "Parallel Aware": false,
                                                                                                                                                                                "Join Type": "Inner",
                                                                                                                                                                                "Startup Cost": 20000501905.38,
                                                                                                                                                                                "Total Cost": 20001608747.66,
                                                                                                                                                                                "Plan Rows": 194909,
                                                                                                                                                                                "Plan Width": 20,
                                                                                                                                                                                "Actual Startup Time": 3733.37,
                                                                                                                                                                                "Actual Total Time": 4374.511,
                                                                                                                                                                                "Actual Rows": 206529,
                                                                                                                                                                                "Actual Loops": 1,
                                                                                                                                                                                "Output": [
                                                                                                                                                                                    "mc.movie_id",
                                                                                                                                                                                    "mc.company_type_id",
                                                                                                                                                                                    "mc.company_id",
                                                                                                                                                                                    "mi.movie_id",
                                                                                                                                                                                    "mi.info_type_id"
                                                                                                                                                                                ],
                                                                                                                                                                                "Inner Unique": false,
                                                                                                                                                                                "Hash Cond": "(mc.movie_id = mi.movie_id)",
                                                                                                                                                                                "Plans": [
                                                                                                                                                                                    {
                                                                                                                                                                                        "Node Type": "Index Scan",
                                                                                                                                                                                        "Parent Relationship": "Outer",
                                                                                                                                                                                        "Parallel Aware": false,
                                                                                                                                                                                        "Scan Direction": "Forward",
                                                                                                                                                                                        "Index Name": "company_type_id_movie_companies",
                                                                                                                                                                                        "Relation Name": "movie_companies",
                                                                                                                                                                                        "Schema": "public",
                                                                                                                                                                                        "Alias": "mc",
                                                                                                                                                                                        "Startup Cost": 10000000000.43,
                                                                                                                                                                                        "Total Cost": 10000097876.01,
                                                                                                                                                                                        "Plan Rows": 148857,
                                                                                                                                                                                        "Plan Width": 12,
                                                                                                                                                                                        "Actual Startup Time": 0.041,
                                                                                                                                                                                        "Actual Total Time": 521.298,
                                                                                                                                                                                        "Actual Rows": 303271,
                                                                                                                                                                                        "Actual Loops": 1,
                                                                                                                                                                                        "Output": [
                                                                                                                                                                                            "mc.id",
                                                                                                                                                                                            "mc.movie_id",
                                                                                                                                                                                            "mc.company_id",
                                                                                                                                                                                            "mc.company_type_id",
                                                                                                                                                                                            "mc.note"
                                                                                                                                                                                        ],
                                                                                                                                                                                        "Filter": "((mc.note !~~ '%(USA)%'::text) AND (mc.note ~~ '%(200%)%'::text))",
                                                                                                                                                                                        "Rows Removed by Filter": 2305858
                                                                                                                                                                                    },
                                                                                                                                                                                    {
                                                                                                                                                                                        "Node Type": "Hash",
                                                                                                                                                                                        "Parent Relationship": "Inner",
                                                                                                                                                                                        "Parallel Aware": false,
                                                                                                                                                                                        "Startup Cost": 10000493982.64,
                                                                                                                                                                                        "Total Cost": 10000493982.64,
                                                                                                                                                                                        "Plan Rows": 633785,
                                                                                                                                                                                        "Plan Width": 8,
                                                                                                                                                                                        "Actual Startup Time": 3731.209,
                                                                                                                                                                                        "Actual Total Time": 3731.21,
                                                                                                                                                                                        "Actual Rows": 654120,
                                                                                                                                                                                        "Actual Loops": 1,
                                                                                                                                                                                        "Output": [
                                                                                                                                                                                            "mi.movie_id",
                                                                                                                                                                                            "mi.info_type_id"
                                                                                                                                                                                        ],
                                                                                                                                                                                        "Hash Buckets": 1048576,
                                                                                                                                                                                        "Original Hash Buckets": 1048576,
                                                                                                                                                                                        "Hash Batches": 1,
                                                                                                                                                                                        "Original Hash Batches": 1,
                                                                                                                                                                                        "Peak Memory Usage": 33744,
                                                                                                                                                                                        "Plans": [
                                                                                                                                                                                            {
                                                                                                                                                                                                "Node Type": "Seq Scan",
                                                                                                                                                                                                "Parent Relationship": "Outer",
                                                                                                                                                                                                "Parallel Aware": false,
                                                                                                                                                                                                "Relation Name": "movie_info",
                                                                                                                                                                                                "Schema": "public",
                                                                                                                                                                                                "Alias": "mi",
                                                                                                                                                                                                "Startup Cost": 10000000000.0,
                                                                                                                                                                                                "Total Cost": 10000493982.64,
                                                                                                                                                                                                "Plan Rows": 633785,
                                                                                                                                                                                                "Plan Width": 8,
                                                                                                                                                                                                "Actual Startup Time": 1.969,
                                                                                                                                                                                                "Actual Total Time": 3598.562,
                                                                                                                                                                                                "Actual Rows": 654120,
                                                                                                                                                                                                "Actual Loops": 1,
                                                                                                                                                                                                "Output": [
                                                                                                                                                                                                    "mi.movie_id",
                                                                                                                                                                                                    "mi.info_type_id"
                                                                                                                                                                                                ],
                                                                                                                                                                                                "Filter": "(mi.info = ANY ('{USA,German,Denmark,Norwegian,Sweden,Swedish,American,Denish,America,Bulgaria}'::text[]))",
                                                                                                                                                                                                "Rows Removed by Filter": 14181600
                                                                                                                                                                                            }
                                                                                                                                                                                        ]
                                                                                                                                                                                    }
                                                                                                                                                                                ]
                                                                                                                                                                            },
                                                                                                                                                                            {
                                                                                                                                                                                "Node Type": "Index Scan",
                                                                                                                                                                                "Parent Relationship": "Inner",
                                                                                                                                                                                "Parallel Aware": false,
                                                                                                                                                                                "Scan Direction": "Forward",
                                                                                                                                                                                "Index Name": "movie_id_movie_keyword",
                                                                                                                                                                                "Relation Name": "movie_keyword",
                                                                                                                                                                                "Schema": "public",
                                                                                                                                                                                "Alias": "mk",
                                                                                                                                                                                "Startup Cost": 0.43,
                                                                                                                                                                                "Total Cost": 1.53,
                                                                                                                                                                                "Plan Rows": 46,
                                                                                                                                                                                "Plan Width": 8,
                                                                                                                                                                                "Actual Startup Time": 0.003,
                                                                                                                                                                                "Actual Total Time": 0.009,
                                                                                                                                                                                "Actual Rows": 57,
                                                                                                                                                                                "Actual Loops": 206529,
                                                                                                                                                                                "Output": [
                                                                                                                                                                                    "mk.id",
                                                                                                                                                                                    "mk.movie_id",
                                                                                                                                                                                    "mk.keyword_id"
                                                                                                                                                                                ],
                                                                                                                                                                                "Index Cond": "(mk.movie_id = mi.movie_id)",
                                                                                                                                                                                "Rows Removed by Index Recheck": 0
                                                                                                                                                                            }
                                                                                                                                                                        ]
                                                                                                                                                                    }
                                                                                                                                                                ]
                                                                                                                                                            }
                                                                                                                                                        ]
                                                                                                                                                    }
                                                                                                                                                ]
                                                                                                                                            }
                                                                                                                                        ]
                                                                                                                                    }
                                                                                                                                ]
                                                                                                                            }
                                                                                                                        ]
                                                                                                                    }
                                                                                                                ]
                                                                                                            }
                                                                                                        ]
                                                                                                    },
                                                                                                    {
                                                                                                        "Node Type": "Materialize",
                                                                                                        "Parent Relationship": "Inner",
                                                                                                        "Parallel Aware": false,
                                                                                                        "Startup Cost": 0.42,
                                                                                                        "Total Cost": 5678.37,
                                                                                                        "Plan Rows": 4,
                                                                                                        "Plan Width": 4,
                                                                                                        "Actual Startup Time": 0.0,
                                                                                                        "Actual Total Time": 0.0,
                                                                                                        "Actual Rows": 3,
                                                                                                        "Actual Loops": 20493019,
                                                                                                        "Output": [
                                                                                                            "k.id"
                                                                                                        ],
                                                                                                        "Plans": [
                                                                                                            {
                                                                                                                "Node Type": "Index Scan",
                                                                                                                "Parent Relationship": "Outer",
                                                                                                                "Parallel Aware": false,
                                                                                                                "Scan Direction": "Forward",
                                                                                                                "Index Name": "keyword_pkey",
                                                                                                                "Relation Name": "keyword",
                                                                                                                "Schema": "public",
                                                                                                                "Alias": "k",
                                                                                                                "Startup Cost": 0.42,
                                                                                                                "Total Cost": 5678.35,
                                                                                                                "Plan Rows": 4,
                                                                                                                "Plan Width": 4,
                                                                                                                "Actual Startup Time": 0.333,
                                                                                                                "Actual Total Time": 47.983,
                                                                                                                "Actual Rows": 3,
                                                                                                                "Actual Loops": 1,
                                                                                                                "Output": [
                                                                                                                    "k.id"
                                                                                                                ],
                                                                                                                "Filter": "(k.keyword = ANY ('{murder,murder-in-title,blood,violence}'::text[]))",
                                                                                                                "Rows Removed by Filter": 134167
                                                                                                            }
                                                                                                        ]
                                                                                                    }
                                                                                                ]
                                                                                            }
                                                                                        ]
                                                                                    },
                                                                                    {
                                                                                        "Node Type": "Sort",
                                                                                        "Parent Relationship": "Inner",
                                                                                        "Parallel Aware": false,
                                                                                        "Startup Cost": 10000000002.42,
                                                                                        "Total Cost": 10000000002.43,
                                                                                        "Plan Rows": 1,
                                                                                        "Plan Width": 4,
                                                                                        "Actual Startup Time": 0.059,
                                                                                        "Actual Total Time": 2.212,
                                                                                        "Actual Rows": 1,
                                                                                        "Actual Loops": 1,
                                                                                        "Output": [
                                                                                            "it2.id"
                                                                                        ],
                                                                                        "Sort Key": [
                                                                                            "it2.id"
                                                                                        ],
                                                                                        "Sort Method": "quicksort",
                                                                                        "Sort Space Used": 25,
                                                                                        "Sort Space Type": "Memory",
                                                                                        "Plans": [
                                                                                            {
                                                                                                "Node Type": "Seq Scan",
                                                                                                "Parent Relationship": "Outer",
                                                                                                "Parallel Aware": false,
                                                                                                "Relation Name": "info_type",
                                                                                                "Schema": "public",
                                                                                                "Alias": "it2",
                                                                                                "Startup Cost": 10000000000.0,
                                                                                                "Total Cost": 10000000002.41,
                                                                                                "Plan Rows": 1,
                                                                                                "Plan Width": 4,
                                                                                                "Actual Startup Time": 0.04,
                                                                                                "Actual Total Time": 0.042,
                                                                                                "Actual Rows": 1,
                                                                                                "Actual Loops": 1,
                                                                                                "Output": [
                                                                                                    "it2.id"
                                                                                                ],
                                                                                                "Filter": "((it2.info)::text = 'rating'::text)",
                                                                                                "Rows Removed by Filter": 112
                                                                                            }
                                                                                        ]
                                                                                    }
                                                                                ]
                                                                            }
                                                                        ]
                                                                    }
                                                                ]
                                                            }
                                                        ]
                                                    }
                                                ]
                                            }
                                        ]
                                    }
                                ]
                            },
                            {
                                "Node Type": "Bitmap Heap Scan",
                                "Parent Relationship": "Inner",
                                "Parallel Aware": false,
                                "Relation Name": "comp_cast_type",
                                "Schema": "public",
                                "Alias": "cct1",
                                "Startup Cost": 0.14,
                                "Total Cost": 4.15,
                                "Plan Rows": 1,
                                "Plan Width": 4,
                                "Actual Startup Time": 0.002,
                                "Actual Total Time": 0.002,
                                "Actual Rows": 0,
                                "Actual Loops": 20833,
                                "Output": [
                                    "cct1.id",
                                    "cct1.kind"
                                ],
                                "Recheck Cond": "(cct1.id = cc.subject_id)",
                                "Rows Removed by Index Recheck": 0,
                                "Filter": "((cct1.kind)::text = 'crew'::text)",
                                "Rows Removed by Filter": 1,
                                "Exact Heap Blocks": 20833,
                                "Lossy Heap Blocks": 0,
                                "Plans": [
                                    {
                                        "Node Type": "Bitmap Index Scan",
                                        "Parent Relationship": "Outer",
                                        "Parallel Aware": false,
                                        "Index Name": "comp_cast_type_pkey",
                                        "Startup Cost": 0.0,
                                        "Total Cost": 0.14,
                                        "Plan Rows": 1,
                                        "Plan Width": 0,
                                        "Actual Startup Time": 0.001,
                                        "Actual Total Time": 0.001,
                                        "Actual Rows": 1,
                                        "Actual Loops": 20833,
                                        "Index Cond": "(cct1.id = cc.subject_id)"
                                    }
                                ]
                            }
                        ]
                    },
                    {
                        "Node Type": "Bitmap Heap Scan",
                        "Parent Relationship": "Inner",
                        "Parallel Aware": false,
                        "Relation Name": "company_name",
                        "Schema": "public",
                        "Alias": "cn",
                        "Startup Cost": 0.45,
                        "Total Cost": 4.47,
                        "Plan Rows": 1,
                        "Plan Width": 23,
                        "Actual Startup Time": 0.004,
                        "Actual Total Time": 0.004,
                        "Actual Rows": 1,
                        "Actual Loops": 4410,
                        "Output": [
                            "cn.id",
                            "cn.name",
                            "cn.country_code",
                            "cn.imdb_id",
                            "cn.name_pcode_nf",
                            "cn.name_pcode_sf",
                            "cn.md5sum"
                        ],
                        "Recheck Cond": "(cn.id = mc.company_id)",
                        "Rows Removed by Index Recheck": 0,
                        "Filter": "((cn.country_code)::text <> '[us]'::text)",
                        "Rows Removed by Filter": 0,
                        "Exact Heap Blocks": 4410,
                        "Lossy Heap Blocks": 0,
                        "Plans": [
                            {
                                "Node Type": "Bitmap Index Scan",
                                "Parent Relationship": "Outer",
                                "Parallel Aware": false,
                                "Index Name": "company_name_pkey",
                                "Startup Cost": 0.0,
                                "Total Cost": 0.45,
                                "Plan Rows": 1,
                                "Plan Width": 0,
                                "Actual Startup Time": 0.002,
                                "Actual Total Time": 0.002,
                                "Actual Rows": 1,
                                "Actual Loops": 4410,
                                "Index Cond": "(cn.id = mc.company_id)"
                            }
                        ]
                    }
                ]
            }
        ]
    },
    "Planning Time": 139.105,
    "Triggers": [],
    "Execution Time": 45270.874
}