{
  "Plan": {
    "Node Type": "Aggregate",
    "Strategy": "Plain",
    "Partial Mode": "Simple",
    "Parallel Aware": false,
    "Startup Cost": 8794.49,
    "Total Cost": 8794.5,
    "Plan Rows": 1,
    "Plan Width": 128,
    "Actual Startup Time": 123.066,
    "Actual Total Time": 123.072,
    "Actual Rows": 1,
    "Actual Loops": 1,
    "Plans": [
      {
        "Node Type": "Nested Loop",
        "Parent Relationship": "Outer",
        "Parallel Aware": false,
        "Join Type": "Inner",
        "Startup Cost": 13.11,
        "Total Cost": 8794.48,
        "Plan Rows": 1,
        "Plan Width": 81,
        "Actual Startup Time": 2.097,
        "Actual Total Time": 123.051,
        "Actual Rows": 2,
        "Actual Loops": 1,
        "Inner Unique": true,
        "Join Filter": "(mi_idx.info_type_id = it2.id)",
        "Rows Removed by Join Filter": 4,
        "Plans": [
          {
            "Node Type": "Nested Loop",
            "Parent Relationship": "Outer",
            "Parallel Aware": false,
            "Join Type": "Inner",
            "Startup Cost": 13.11,
            "Total Cost": 8792.06,
            "Plan Rows": 1,
            "Plan Width": 85,
            "Actual Startup Time": 2.008,
            "Actual Total Time": 122.85,
            "Actual Rows": 6,
            "Actual Loops": 1,
            "Inner Unique": true,
            "Join Filter": "(mi.info_type_id = it1.id)",
            "Rows Removed by Join Filter": 0,
            "Plans": [
              {
                "Node Type": "Nested Loop",
                "Parent Relationship": "Outer",
                "Parallel Aware": false,
                "Join Type": "Inner",
                "Startup Cost": 13.11,
                "Total Cost": 8789.63,
                "Plan Rows": 1,
                "Plan Width": 89,
                "Actual Startup Time": 1.985,
                "Actual Total Time": 122.746,
                "Actual Rows": 6,
                "Actual Loops": 1,
                "Inner Unique": false,
                "Join Filter": "(t.id = mi_idx.movie_id)",
                "Rows Removed by Join Filter": 0,
                "Plans": [
                  {
                    "Node Type": "Nested Loop",
                    "Parent Relationship": "Outer",
                    "Parallel Aware": false,
                    "Join Type": "Inner",
                    "Startup Cost": 12.68,
                    "Total Cost": 8789.1,
                    "Plan Rows": 1,
                    "Plan Width": 95,
                    "Actual Startup Time": 1.967,
                    "Actual Total Time": 122.705,
                    "Actual Rows": 2,
                    "Actual Loops": 1,
                    "Inner Unique": false,
                    "Join Filter": "(t.id = mi.movie_id)",
                    "Rows Removed by Join Filter": 0,
                    "Plans": [
                      {
                        "Node Type": "Nested Loop",
                        "Parent Relationship": "Outer",
                        "Parallel Aware": false,
                        "Join Type": "Inner",
                        "Startup Cost": 12.24,
                        "Total Cost": 8787.68,
                        "Plan Rows": 1,
                        "Plan Width": 44,
                        "Actual Startup Time": 1.928,
                        "Actual Total Time": 122.595,
                        "Actual Rows": 5,
                        "Actual Loops": 1,
                        "Inner Unique": true,
                        "Plans": [
                          {
                            "Node Type": "Nested Loop",
                            "Parent Relationship": "Outer",
                            "Parallel Aware": false,
                            "Join Type": "Inner",
                            "Startup Cost": 11.81,
                            "Total Cost": 8787.0,
                            "Plan Rows": 1,
                            "Plan Width": 33,
                            "Actual Startup Time": 1.717,
                            "Actual Total Time": 122.138,
                            "Actual Rows": 33,
                            "Actual Loops": 1,
                            "Inner Unique": false,
                            "Join Filter": "(t.id = ci.movie_id)",
                            "Rows Removed by Join Filter": 0,
                            "Plans": [
                              {
                                "Node Type": "Nested Loop",
                                "Parent Relationship": "Outer",
                                "Parallel Aware": false,
                                "Join Type": "Inner",
                                "Startup Cost": 11.25,
                                "Total Cost": 8785.27,
                                "Plan Rows": 1,
                                "Plan Width": 25,
                                "Actual Startup Time": 1.655,
                                "Actual Total Time": 121.544,
                                "Actual Rows": 10,
                                "Actual Loops": 1,
                                "Inner Unique": true,
                                "Plans": [
                                  {
                                    "Node Type": "Nested Loop",
                                    "Parent Relationship": "Outer",
                                    "Parallel Aware": false,
                                    "Join Type": "Inner",
                                    "Startup Cost": 10.82,
                                    "Total Cost": 8702.08,
                                    "Plan Rows": 169,
                                    "Plan Width": 4,
                                    "Actual Startup Time": 1.624,
                                    "Actual Total Time": 49.095,
                                    "Actual Rows": 25931,
                                    "Actual Loops": 1,
                                    "Inner Unique": false,
                                    "Plans": [
                                      {
                                        "Node Type": "Seq Scan",
                                        "Parent Relationship": "Outer",
                                        "Parallel Aware": false,
                                        "Relation Name": "keyword",
                                        "Alias": "k",
                                        "Startup Cost": 0.0,
                                        "Total Cost": 3129.26,
                                        "Plan Rows": 5,
                                        "Plan Width": 4,
                                        "Actual Startup Time": 0.122,
                                        "Actual Total Time": 15.025,
                                        "Actual Rows": 5,
                                        "Actual Loops": 1,
                                        "Filter": "(keyword = ANY ('{sequel,death,second-part,superhero,1970s}'::text[]))",
                                        "Rows Removed by Filter": 134165
                                      },
                                      {
                                        "Node Type": "Bitmap Heap Scan",
                                        "Parent Relationship": "Inner",
                                        "Parallel Aware": false,
                                        "Relation Name": "movie_keyword",
                                        "Alias": "mk",
                                        "Startup Cost": 10.82,
                                        "Total Cost": 1111.48,
                                        "Plan Rows": 308,
                                        "Plan Width": 8,
                                        "Actual Startup Time": 1.193,
                                        "Actual Total Time": 6.287,
                                        "Actual Rows": 5186,
                                        "Actual Loops": 5,
                                        "Recheck Cond": "(keyword_id = k.id)",
                                        "Rows Removed by Index Recheck": 0,
                                        "Exact Heap Blocks": 18295,
                                        "Lossy Heap Blocks": 0,
                                        "Plans": [
                                          {
                                            "Node Type": "Bitmap Index Scan",
                                            "Parent Relationship": "Outer",
                                            "Parallel Aware": false,
                                            "Index Name": "keyword_id_movie_keyword",
                                            "Startup Cost": 0.0,
                                            "Total Cost": 10.74,
                                            "Plan Rows": 308,
                                            "Plan Width": 0,
                                            "Actual Startup Time": 0.619,
                                            "Actual Total Time": 0.619,
                                            "Actual Rows": 5186,
                                            "Actual Loops": 5,
                                            "Index Cond": "(keyword_id = k.id)"
                                          }
                                        ]
                                      }
                                    ]
                                  },
                                  {
                                    "Node Type": "Index Scan",
                                    "Parent Relationship": "Inner",
                                    "Parallel Aware": false,
                                    "Scan Direction": "Forward",
                                    "Index Name": "title_pkey",
                                    "Relation Name": "title",
                                    "Alias": "t",
                                    "Startup Cost": 0.43,
                                    "Total Cost": 0.49,
                                    "Plan Rows": 1,
                                    "Plan Width": 21,
                                    "Actual Startup Time": 0.003,
                                    "Actual Total Time": 0.003,
                                    "Actual Rows": 0,
                                    "Actual Loops": 25931,
                                    "Index Cond": "(id = mk.movie_id)",
                                    "Rows Removed by Index Recheck": 0,
                                    "Filter": "((title ~~ '100%'::text) AND (production_year > 1997))",
                                    "Rows Removed by Filter": 1
                                  }
                                ]
                              },
                              {
                                "Node Type": "Index Scan",
                                "Parent Relationship": "Inner",
                                "Parallel Aware": false,
                                "Scan Direction": "Forward",
                                "Index Name": "movie_id_cast_info",
                                "Relation Name": "cast_info",
                                "Alias": "ci",
                                "Startup Cost": 0.56,
                                "Total Cost": 1.71,
                                "Plan Rows": 1,
                                "Plan Width": 8,
                                "Actual Startup Time": 0.033,
                                "Actual Total Time": 0.057,
                                "Actual Rows": 3,
                                "Actual Loops": 10,
                                "Index Cond": "(movie_id = mk.movie_id)",
                                "Rows Removed by Index Recheck": 0,
                                "Filter": "(note = ANY ('{(writer),\"(head writer)\",\"(written by)\",(story),\"(story editor)\"}'::text[]))",
                                "Rows Removed by Filter": 12
                              }
                            ]
                          },
                          {
                            "Node Type": "Index Scan",
                            "Parent Relationship": "Inner",
                            "Parallel Aware": false,
                            "Scan Direction": "Forward",
                            "Index Name": "name_pkey",
                            "Relation Name": "name",
                            "Alias": "n",
                            "Startup Cost": 0.43,
                            "Total Cost": 0.69,
                            "Plan Rows": 1,
                            "Plan Width": 19,
                            "Actual Startup Time": 0.013,
                            "Actual Total Time": 0.013,
                            "Actual Rows": 0,
                            "Actual Loops": 33,
                            "Index Cond": "(id = ci.person_id)",
                            "Rows Removed by Index Recheck": 0,
                            "Filter": "((gender)::text = 'm'::text)",
                            "Rows Removed by Filter": 1
                          }
                        ]
                      },
                      {
                        "Node Type": "Index Scan",
                        "Parent Relationship": "Inner",
                        "Parallel Aware": false,
                        "Scan Direction": "Forward",
                        "Index Name": "movie_id_movie_info",
                        "Relation Name": "movie_info",
                        "Alias": "mi",
                        "Startup Cost": 0.43,
                        "Total Cost": 1.41,
                        "Plan Rows": 1,
                        "Plan Width": 51,
                        "Actual Startup Time": 0.018,
                        "Actual Total Time": 0.021,
                        "Actual Rows": 0,
                        "Actual Loops": 5,
                        "Index Cond": "(movie_id = mk.movie_id)",
                        "Rows Removed by Index Recheck": 0,
                        "Filter": "(info = 'Documentary'::text)",
                        "Rows Removed by Filter": 13
                      }
                    ]
                  },
                  {
                    "Node Type": "Index Scan",
                    "Parent Relationship": "Inner",
                    "Parallel Aware": false,
                    "Scan Direction": "Forward",
                    "Index Name": "movie_id_movie_info_idx",
                    "Relation Name": "movie_info_idx",
                    "Alias": "mi_idx",
                    "Startup Cost": 0.43,
                    "Total Cost": 0.49,
                    "Plan Rows": 3,
                    "Plan Width": 14,
                    "Actual Startup Time": 0.011,
                    "Actual Total Time": 0.016,
                    "Actual Rows": 3,
                    "Actual Loops": 2,
                    "Index Cond": "(movie_id = mk.movie_id)",
                    "Rows Removed by Index Recheck": 0
                  }
                ]
              },
              {
                "Node Type": "Seq Scan",
                "Parent Relationship": "Inner",
                "Parallel Aware": false,
                "Relation Name": "info_type",
                "Alias": "it1",
                "Startup Cost": 0.0,
                "Total Cost": 2.41,
                "Plan Rows": 1,
                "Plan Width": 4,
                "Actual Startup Time": 0.011,
                "Actual Total Time": 0.011,
                "Actual Rows": 1,
                "Actual Loops": 6,
                "Filter": "((info)::text = 'genres'::text)",
                "Rows Removed by Filter": 2
              }
            ]
          },
          {
            "Node Type": "Seq Scan",
            "Parent Relationship": "Inner",
            "Parallel Aware": false,
            "Relation Name": "info_type",
            "Alias": "it2",
            "Startup Cost": 0.0,
            "Total Cost": 2.41,
            "Plan Rows": 1,
            "Plan Width": 4,
            "Actual Startup Time": 0.026,
            "Actual Total Time": 0.028,
            "Actual Rows": 1,
            "Actual Loops": 6,
            "Filter": "((info)::text = 'votes'::text)",
            "Rows Removed by Filter": 108
          }
        ]
      }
    ]
  },
  "Planning Time": 3.045,
  "Triggers": [],
  "Execution Time": 123.238
}