{
  "Plan": {
    "Node Type": "Aggregate",
    "Strategy": "Plain",
    "Partial Mode": "Finalize",
    "Parallel Aware": false,
    "Startup Cost": 100569.04,
    "Total Cost": 100569.05,
    "Plan Rows": 1,
    "Plan Width": 8,
    "Actual Startup Time": 493.891,
    "Actual Total Time": 510.817,
    "Actual Rows": 1,
    "Actual Loops": 1,
    "Plans": [
      {
        "Node Type": "Gather",
        "Parent Relationship": "Outer",
        "Parallel Aware": false,
        "Startup Cost": 100568.93,
        "Total Cost": 100569.04,
        "Plan Rows": 1,
        "Plan Width": 8,
        "Actual Startup Time": 491.268,
        "Actual Total Time": 510.807,
        "Actual Rows": 2,
        "Actual Loops": 1,
        "Workers Planned": 1,
        "Workers Launched": 1,
        "Single Copy": false,
        "Plans": [
          {
            "Node Type": "Aggregate",
            "Strategy": "Plain",
            "Partial Mode": "Partial",
            "Parent Relationship": "Outer",
            "Parallel Aware": false,
            "Startup Cost": 99568.93,
            "Total Cost": 99568.94,
            "Plan Rows": 1,
            "Plan Width": 8,
            "Actual Startup Time": 482.479,
            "Actual Total Time": 482.484,
            "Actual Rows": 1,
            "Actual Loops": 2,
            "Plans": [
              {
                "Node Type": "Hash Join",
                "Parent Relationship": "Outer",
                "Parallel Aware": true,
                "Join Type": "Inner",
                "Startup Cost": 72359.9,
                "Total Cost": 99387.8,
                "Plan Rows": 72453,
                "Plan Width": 0,
                "Actual Startup Time": 390.478,
                "Actual Total Time": 481.949,
                "Actual Rows": 8900,
                "Actual Loops": 2,
                "Inner Unique": true,
                "Hash Cond": "(mk.movie_id = t.id)",
                "Plans": [
                  {
                    "Node Type": "Bitmap Heap Scan",
                    "Parent Relationship": "Outer",
                    "Parallel Aware": true,
                    "Relation Name": "movie_keyword",
                    "Alias": "mk",
                    "Startup Cost": 6138.49,
                    "Total Cost": 32719.68,
                    "Plan Rows": 170175,
                    "Plan Width": 4,
                    "Actual Startup Time": 20.495,
                    "Actual Total Time": 79.938,
                    "Actual Rows": 142824,
                    "Actual Loops": 2,
                    "Recheck Cond": "(keyword_id > 55979)",
                    "Rows Removed by Index Recheck": 0,
                    "Exact Heap Blocks": 10643,
                    "Lossy Heap Blocks": 0,
                    "Plans": [
                      {
                        "Node Type": "Bitmap Index Scan",
                        "Parent Relationship": "Outer",
                        "Parallel Aware": false,
                        "Index Name": "keyword_id_movie_keyword",
                        "Startup Cost": 0.0,
                        "Total Cost": 6066.17,
                        "Plan Rows": 289298,
                        "Plan Width": 0,
                        "Actual Startup Time": 17.195,
                        "Actual Total Time": 17.195,
                        "Actual Rows": 285647,
                        "Actual Loops": 1,
                        "Index Cond": "(keyword_id > 55979)"
                      }
                    ]
                  },
                  {
                    "Node Type": "Hash",
                    "Parent Relationship": "Inner",
                    "Parallel Aware": true,
                    "Startup Cost": 58306.47,
                    "Total Cost": 58306.47,
                    "Plan Rows": 633195,
                    "Plan Width": 4,
                    "Actual Startup Time": 355.028,
                    "Actual Total Time": 355.029,
                    "Actual Rows": 585896,
                    "Actual Loops": 2,
                    "Hash Buckets": 2097152,
                    "Original Hash Buckets": 2097152,
                    "Hash Batches": 1,
                    "Original Hash Batches": 1,
                    "Peak Memory Usage": 62272,
                    "Plans": [
                      {
                        "Node Type": "Seq Scan",
                        "Parent Relationship": "Outer",
                        "Parallel Aware": true,
                        "Relation Name": "title",
                        "Alias": "t",
                        "Startup Cost": 0.0,
                        "Total Cost": 58306.47,
                        "Plan Rows": 633195,
                        "Plan Width": 4,
                        "Actual Startup Time": 0.03,
                        "Actual Total Time": 172.128,
                        "Actual Rows": 585896,
                        "Actual Loops": 2,
                        "Filter": "((kind_id > 4) AND (production_year > 1990))",
                        "Rows Removed by Filter": 678260
                      }
                    ]
                  }
                ]
              }
            ]
          }
        ]
      }
    ]
  },
  "Planning Time": 0.667,
  "Triggers": [],
  "Execution Time": 510.928
}