{
  "Plan": {
    "Node Type": "Aggregate",
    "Strategy": "Plain",
    "Partial Mode": "Finalize",
    "Parallel Aware": false,
    "Startup Cost": 131239.19,
    "Total Cost": 131239.2,
    "Plan Rows": 1,
    "Plan Width": 8,
    "Actual Startup Time": 766.009,
    "Actual Total Time": 835.441,
    "Actual Rows": 1,
    "Actual Loops": 1,
    "Plans": [
      {
        "Node Type": "Gather",
        "Parent Relationship": "Outer",
        "Parallel Aware": false,
        "Startup Cost": 131239.08,
        "Total Cost": 131239.19,
        "Plan Rows": 1,
        "Plan Width": 8,
        "Actual Startup Time": 765.554,
        "Actual Total Time": 835.434,
        "Actual Rows": 2,
        "Actual Loops": 1,
        "Workers Planned": 1,
        "Workers Launched": 1,
        "Single Copy": false,
        "Plans": [
          {
            "Node Type": "Aggregate",
            "Strategy": "Plain",
            "Partial Mode": "Partial",
            "Parent Relationship": "Outer",
            "Parallel Aware": false,
            "Startup Cost": 130239.08,
            "Total Cost": 130239.09,
            "Plan Rows": 1,
            "Plan Width": 8,
            "Actual Startup Time": 759.417,
            "Actual Total Time": 759.421,
            "Actual Rows": 1,
            "Actual Loops": 2,
            "Plans": [
              {
                "Node Type": "Nested Loop",
                "Parent Relationship": "Outer",
                "Parallel Aware": false,
                "Join Type": "Inner",
                "Startup Cost": 24358.84,
                "Total Cost": 130129.0,
                "Plan Rows": 44031,
                "Plan Width": 0,
                "Actual Startup Time": 74.762,
                "Actual Total Time": 754.529,
                "Actual Rows": 71717,
                "Actual Loops": 2,
                "Inner Unique": false,
                "Plans": [
                  {
                    "Node Type": "Hash Join",
                    "Parent Relationship": "Outer",
                    "Parallel Aware": true,
                    "Join Type": "Inner",
                    "Startup Cost": 24358.28,
                    "Total Cost": 81801.72,
                    "Plan Rows": 14148,
                    "Plan Width": 8,
                    "Actual Startup Time": 74.303,
                    "Actual Total Time": 295.988,
                    "Actual Rows": 8214,
                    "Actual Loops": 2,
                    "Inner Unique": false,
                    "Hash Cond": "(t.id = mc.movie_id)",
                    "Plans": [
                      {
                        "Node Type": "Seq Scan",
                        "Parent Relationship": "Outer",
                        "Parallel Aware": true,
                        "Relation Name": "title",
                        "Alias": "t",
                        "Startup Cost": 0.0,
                        "Total Cost": 54588.39,
                        "Plan Rows": 443492,
                        "Plan Width": 4,
                        "Actual Startup Time": 0.013,
                        "Actual Total Time": 131.883,
                        "Actual Rows": 376838,
                        "Actual Loops": 2,
                        "Filter": "(kind_id < 3)",
                        "Rows Removed by Filter": 887318
                      },
                      {
                        "Node Type": "Hash",
                        "Parent Relationship": "Inner",
                        "Parallel Aware": true,
                        "Startup Cost": 23765.2,
                        "Total Cost": 23765.2,
                        "Plan Rows": 47446,
                        "Plan Width": 4,
                        "Actual Startup Time": 72.019,
                        "Actual Total Time": 72.02,
                        "Actual Rows": 64776,
                        "Actual Loops": 2,
                        "Hash Buckets": 131072,
                        "Original Hash Buckets": 131072,
                        "Hash Batches": 1,
                        "Original Hash Batches": 1,
                        "Peak Memory Usage": 6144,
                        "Plans": [
                          {
                            "Node Type": "Bitmap Heap Scan",
                            "Parent Relationship": "Outer",
                            "Parallel Aware": true,
                            "Relation Name": "movie_companies",
                            "Alias": "mc",
                            "Startup Cost": 3529.47,
                            "Total Cost": 23765.2,
                            "Plan Rows": 47446,
                            "Plan Width": 4,
                            "Actual Startup Time": 19.049,
                            "Actual Total Time": 55.705,
                            "Actual Rows": 64776,
                            "Actual Loops": 2,
                            "Recheck Cond": "(company_id < 34)",
                            "Rows Removed by Index Recheck": 0,
                            "Filter": "(company_type_id < 2)",
                            "Rows Removed by Filter": 19078,
                            "Exact Heap Blocks": 11058,
                            "Lossy Heap Blocks": 0,
                            "Plans": [
                              {
                                "Node Type": "Bitmap Index Scan",
                                "Parent Relationship": "Outer",
                                "Parallel Aware": false,
                                "Index Name": "company_id_movie_companies",
                                "Startup Cost": 0.0,
                                "Total Cost": 3509.3,
                                "Plan Rows": 163850,
                                "Plan Width": 0,
                                "Actual Startup Time": 19.11,
                                "Actual Total Time": 19.111,
                                "Actual Rows": 167708,
                                "Actual Loops": 1,
                                "Index Cond": "(company_id < 34)"
                              }
                            ]
                          }
                        ]
                      }
                    ]
                  },
                  {
                    "Node Type": "Index Scan",
                    "Parent Relationship": "Inner",
                    "Parallel Aware": false,
                    "Scan Direction": "Forward",
                    "Index Name": "movie_id_cast_info",
                    "Relation Name": "cast_info",
                    "Alias": "ci",
                    "Startup Cost": 0.56,
                    "Total Cost": 3.34,
                    "Plan Rows": 8,
                    "Plan Width": 4,
                    "Actual Startup Time": 0.011,
                    "Actual Total Time": 0.054,
                    "Actual Rows": 9,
                    "Actual Loops": 16427,
                    "Index Cond": "(movie_id = t.id)",
                    "Rows Removed by Index Recheck": 0,
                    "Filter": "(person_id < 784852)",
                    "Rows Removed by Filter": 29
                  }
                ]
              }
            ]
          }
        ]
      }
    ]
  },
  "Planning Time": 1.207,
  "Triggers": [],
  "Execution Time": 835.573
}