[
  {
    "Plan": {
      "Node Type": "Aggregate",
      "Strategy": "Plain",
      "Partial Mode": "Finalize",
      "Parallel Aware": false,
      "Startup Cost": 33046.32,
      "Total Cost": 33046.33,
      "Plan Rows": 1,
      "Plan Width": 8,
      "Actual Startup Time": 95.512,
      "Actual Total Time": 103.506,
      "Actual Rows": 1,
      "Actual Loops": 1,
      "Plans": [
        {
          "Node Type": "Gather",
          "Parent Relationship": "Outer",
          "Parallel Aware": false,
          "Startup Cost": 33046.0,
          "Total Cost": 33046.31,
          "Plan Rows": 3,
          "Plan Width": 8,
          "Actual Startup Time": 95.398,
          "Actual Total Time": 103.498,
          "Actual Rows": 4,
          "Actual Loops": 1,
          "Workers Planned": 3,
          "Workers Launched": 3,
          "Single Copy": false,
          "Plans": [
            {
              "Node Type": "Aggregate",
              "Strategy": "Plain",
              "Partial Mode": "Partial",
              "Parent Relationship": "Outer",
              "Parallel Aware": false,
              "Startup Cost": 32046.0,
              "Total Cost": 32046.01,
              "Plan Rows": 1,
              "Plan Width": 8,
              "Actual Startup Time": 86.613,
              "Actual Total Time": 86.614,
              "Actual Rows": 1,
              "Actual Loops": 4,
              "Plans": [
                {
                  "Node Type": "Seq Scan",
                  "Parent Relationship": "Outer",
                  "Parallel Aware": true,
                  "Relation Name": "movie_companies",
                  "Alias": "mc",
                  "Startup Cost": 0.0,
                  "Total Cost": 31414.82,
                  "Plan Rows": 252473,
                  "Plan Width": 0,
                  "Actual Startup Time": 7.697,
                  "Actual Total Time": 79.721,
                  "Actual Rows": 141440,
                  "Actual Loops": 4,
                  "Filter": "((company_id > 5284) AND (company_type_id < 2))",
                  "Rows Removed by Filter": 510842
                }
              ]
            }
          ]
        }
      ]
    },
    "Planning Time": 0.217,
    "Triggers": [],
    "Execution Time": 103.559
  }
]