[
    {
        "Bao": {
            "Bao prediction": "NaN",
            "Bao recommended hint": "(no hint)"
        }
    },
    {
        "Plan": {
            "Node Type": "Aggregate",
            "Strategy": "Plain",
            "Partial Mode": "Finalize",
            "Parallel Aware": false,
            "Startup Cost": 39606.65,
            "Total Cost": 39606.66,
            "Plan Rows": 1,
            "Plan Width": 8,
            "Actual Startup Time": 44.926,
            "Actual Total Time": 49.328,
            "Actual Rows": 1,
            "Actual Loops": 1,
            "Output": [
                "count(*)"
            ],
            "Plans": [
                {
                    "Node Type": "Gather",
                    "Parent Relationship": "Outer",
                    "Parallel Aware": false,
                    "Startup Cost": 39606.23,
                    "Total Cost": 39606.64,
                    "Plan Rows": 4,
                    "Plan Width": 8,
                    "Actual Startup Time": 44.644,
                    "Actual Total Time": 49.323,
                    "Actual Rows": 5,
                    "Actual Loops": 1,
                    "Output": [
                        "(PARTIAL count(*))"
                    ],
                    "Workers Planned": 4,
                    "Workers Launched": 4,
                    "Single Copy": false,
                    "Plans": [
                        {
                            "Node Type": "Aggregate",
                            "Strategy": "Plain",
                            "Partial Mode": "Partial",
                            "Parent Relationship": "Outer",
                            "Parallel Aware": false,
                            "Startup Cost": 38606.23,
                            "Total Cost": 38606.24,
                            "Plan Rows": 1,
                            "Plan Width": 8,
                            "Actual Startup Time": 34.473,
                            "Actual Total Time": 34.474,
                            "Actual Rows": 1,
                            "Actual Loops": 5,
                            "Output": [
                                "PARTIAL count(*)"
                            ],
                            "Workers": [
                                {
                                    "Worker Number": 0,
                                    "Actual Startup Time": 31.565,
                                    "Actual Total Time": 31.566,
                                    "Actual Rows": 1,
                                    "Actual Loops": 1
                                },
                                {
                                    "Worker Number": 1,
                                    "Actual Startup Time": 31.743,
                                    "Actual Total Time": 31.744,
                                    "Actual Rows": 1,
                                    "Actual Loops": 1
                                },
                                {
                                    "Worker Number": 2,
                                    "Actual Startup Time": 32.217,
                                    "Actual Total Time": 32.218,
                                    "Actual Rows": 1,
                                    "Actual Loops": 1
                                },
                                {
                                    "Worker Number": 3,
                                    "Actual Startup Time": 32.454,
                                    "Actual Total Time": 32.455,
                                    "Actual Rows": 1,
                                    "Actual Loops": 1
                                }
                            ],
                            "Plans": [
                                {
                                    "Node Type": "Bitmap Heap Scan",
                                    "Parent Relationship": "Outer",
                                    "Parallel Aware": true,
                                    "Relation Name": "title",
                                    "Schema": "public",
                                    "Alias": "t",
                                    "Startup Cost": 2123.33,
                                    "Total Cost": 38564.42,
                                    "Plan Rows": 16725,
                                    "Plan Width": 0,
                                    "Actual Startup Time": 2.112,
                                    "Actual Total Time": 33.048,
                                    "Actual Rows": 18244,
                                    "Actual Loops": 5,
                                    "Recheck Cond": "(t.kind_id = 4)",
                                    "Rows Removed by Index Recheck": 0,
                                    "Filter": "(t.production_year > 1999)",
                                    "Rows Removed by Filter": 5403,
                                    "Exact Heap Blocks": 7706,
                                    "Lossy Heap Blocks": 0,
                                    "Workers": [
                                        {
                                            "Worker Number": 0,
                                            "Actual Startup Time": 0.179,
                                            "Actual Total Time": 30.37,
                                            "Actual Rows": 8899,
                                            "Actual Loops": 1
                                        },
                                        {
                                            "Worker Number": 1,
                                            "Actual Startup Time": 0.228,
                                            "Actual Total Time": 30.614,
                                            "Actual Rows": 8992,
                                            "Actual Loops": 1
                                        },
                                        {
                                            "Worker Number": 2,
                                            "Actual Startup Time": 0.174,
                                            "Actual Total Time": 31.026,
                                            "Actual Rows": 9402,
                                            "Actual Loops": 1
                                        },
                                        {
                                            "Worker Number": 3,
                                            "Actual Startup Time": 0.325,
                                            "Actual Total Time": 31.296,
                                            "Actual Rows": 9071,
                                            "Actual Loops": 1
                                        }
                                    ],
                                    "Plans": [
                                        {
                                            "Node Type": "Bitmap Index Scan",
                                            "Parent Relationship": "Outer",
                                            "Parallel Aware": false,
                                            "Index Name": "kind_id_title",
                                            "Startup Cost": 0.0,
                                            "Total Cost": 2106.61,
                                            "Plan Rows": 118157,
                                            "Plan Width": 0,
                                            "Actual Startup Time": 7.02,
                                            "Actual Total Time": 7.02,
                                            "Actual Rows": 118234,
                                            "Actual Loops": 1,
                                            "Index Cond": "(t.kind_id = 4)"
                                        }
                                    ]
                                }
                            ]
                        }
                    ]
                }
            ]
        },
        "Planning Time": 175.559,
        "Triggers": [],
        "Execution Time": 49.373
    }
]