[
  {
    "Plan": {
      "Node Type": "Aggregate",
      "Strategy": "Plain",
      "Partial Mode": "Finalize",
      "Parallel Aware": false,
      "Startup Cost": 31190.19,
      "Total Cost": 31190.2,
      "Plan Rows": 1,
      "Plan Width": 8,
      "Actual Startup Time": 107.869,
      "Actual Total Time": 119.92,
      "Actual Rows": 1,
      "Actual Loops": 1,
      "Plans": [
        {
          "Node Type": "Gather",
          "Parent Relationship": "Outer",
          "Parallel Aware": false,
          "Startup Cost": 31189.88,
          "Total Cost": 31190.19,
          "Plan Rows": 3,
          "Plan Width": 8,
          "Actual Startup Time": 107.704,
          "Actual Total Time": 119.91,
          "Actual Rows": 4,
          "Actual Loops": 1,
          "Workers Planned": 3,
          "Workers Launched": 3,
          "Single Copy": false,
          "Plans": [
            {
              "Node Type": "Aggregate",
              "Strategy": "Plain",
              "Partial Mode": "Partial",
              "Parent Relationship": "Outer",
              "Parallel Aware": false,
              "Startup Cost": 30189.88,
              "Total Cost": 30189.89,
              "Plan Rows": 1,
              "Plan Width": 8,
              "Actual Startup Time": 101.207,
              "Actual Total Time": 101.208,
              "Actual Rows": 1,
              "Actual Loops": 4,
              "Plans": [
                {
                  "Node Type": "Seq Scan",
                  "Parent Relationship": "Outer",
                  "Parallel Aware": true,
                  "Relation Name": "movie_companies",
                  "Alias": "mc",
                  "Startup Cost": 0.0,
                  "Total Cost": 29310.68,
                  "Plan Rows": 351678,
                  "Plan Width": 0,
                  "Actual Startup Time": 0.039,
                  "Actual Total Time": 85.359,
                  "Actual Rows": 273821,
                  "Actual Loops": 4,
                  "Filter": "(company_id < 7444)",
                  "Rows Removed by Filter": 378461
                }
              ]
            }
          ]
        }
      ]
    },
    "Planning Time": 0.077,
    "Triggers": [],
    "Execution Time": 119.946
  }
]