[
  {
    "Plan": {
      "Node Type": "Aggregate",
      "Strategy": "Plain",
      "Partial Mode": "Simple",
      "Parallel Aware": false,
      "Startup Cost": 27076.85,
      "Total Cost": 27076.86,
      "Plan Rows": 1,
      "Plan Width": 68,
      "Actual Startup Time": 0.765,
      "Actual Total Time": 0.766,
      "Actual Rows": 1,
      "Actual Loops": 1,
      "Plans": [
        {
          "Node Type": "Nested Loop",
          "Parent Relationship": "Outer",
          "Parallel Aware": false,
          "Join Type": "Inner",
          "Startup Cost": 4992.34,
          "Total Cost": 27070.63,
          "Plan Rows": 829,
          "Plan Width": 45,
          "Actual Startup Time": 0.763,
          "Actual Total Time": 0.764,
          "Actual Rows": 0,
          "Actual Loops": 1,
          "Inner Unique": false,
          "Join Filter": "(mc.company_type_id = ct.id)",
          "Rows Removed by Join Filter": 0,
          "Plans": [
            {
              "Node Type": "Seq Scan",
              "Parent Relationship": "Outer",
              "Parallel Aware": false,
              "Relation Name": "company_type",
              "Alias": "ct",
              "Startup Cost": 0.0,
              "Total Cost": 1.05,
              "Plan Rows": 1,
              "Plan Width": 4,
              "Actual Startup Time": 0.022,
              "Actual Total Time": 0.023,
              "Actual Rows": 1,
              "Actual Loops": 1,
              "Filter": "((kind)::text = 'production companies'::text)",
              "Rows Removed by Filter": 3
            },
            {
              "Node Type": "Nested Loop",
              "Parent Relationship": "Inner",
              "Parallel Aware": false,
              "Join Type": "Inner",
              "Startup Cost": 4992.34,
              "Total Cost": 27028.15,
              "Plan Rows": 3314,
              "Plan Width": 49,
              "Actual Startup Time": 0.739,
              "Actual Total Time": 0.74,
              "Actual Rows": 0,
              "Actual Loops": 1,
              "Inner Unique": false,
              "Join Filter": "(t.id = mc.movie_id)",
              "Rows Removed by Join Filter": 0,
              "Plans": [
                {
                  "Node Type": "Nested Loop",
                  "Parent Relationship": "Outer",
                  "Parallel Aware": false,
                  "Join Type": "Inner",
                  "Startup Cost": 4991.91,
                  "Total Cost": 26258.43,
                  "Plan Rows": 1185,
                  "Plan Width": 29,
                  "Actual Startup Time": 0.365,
                  "Actual Total Time": 0.667,
                  "Actual Rows": 1,
                  "Actual Loops": 1,
                  "Inner Unique": true,
                  "Plans": [
                    {
                      "Node Type": "Nested Loop",
                      "Parent Relationship": "Outer",
                      "Parallel Aware": false,
                      "Join Type": "Inner",
                      "Startup Cost": 4991.48,
                      "Total Cost": 19139.05,
                      "Plan Rows": 12213,
                      "Plan Width": 4,
                      "Actual Startup Time": 0.144,
                      "Actual Total Time": 0.149,
                      "Actual Rows": 10,
                      "Actual Loops": 1,
                      "Inner Unique": false,
                      "Plans": [
                        {
                          "Node Type": "Seq Scan",
                          "Parent Relationship": "Outer",
                          "Parallel Aware": false,
                          "Relation Name": "info_type",
                          "Alias": "it",
                          "Startup Cost": 0.0,
                          "Total Cost": 2.41,
                          "Plan Rows": 1,
                          "Plan Width": 4,
                          "Actual Startup Time": 0.036,
                          "Actual Total Time": 0.036,
                          "Actual Rows": 1,
                          "Actual Loops": 1,
                          "Filter": "((info)::text = 'bottom 10 rank'::text)",
                          "Rows Removed by Filter": 112
                        },
                        {
                          "Node Type": "Bitmap Heap Scan",
                          "Parent Relationship": "Inner",
                          "Parallel Aware": false,
                          "Relation Name": "movie_info_idx",
                          "Alias": "mi_idx",
                          "Startup Cost": 4991.48,
                          "Total Cost": 16376.57,
                          "Plan Rows": 276007,
                          "Plan Width": 8,
                          "Actual Startup Time": 0.105,
                          "Actual Total Time": 0.108,
                          "Actual Rows": 10,
                          "Actual Loops": 1,
                          "Recheck Cond": "(info_type_id = it.id)",
                          "Rows Removed by Index Recheck": 0,
                          "Exact Heap Blocks": 1,
                          "Lossy Heap Blocks": 0,
                          "Plans": [
                            {
                              "Node Type": "Bitmap Index Scan",
                              "Parent Relationship": "Outer",
                              "Parallel Aware": false,
                              "Index Name": "info_type_id_movie_info_idx",
                              "Startup Cost": 0.0,
                              "Total Cost": 4922.48,
                              "Plan Rows": 276007,
                              "Plan Width": 0,
                              "Actual Startup Time": 0.076,
                              "Actual Total Time": 0.076,
                              "Actual Rows": 10,
                              "Actual Loops": 1,
                              "Index Cond": "(info_type_id = it.id)"
                            }
                          ]
                        }
                      ]
                    },
                    {
                      "Node Type": "Index Scan",
                      "Parent Relationship": "Inner",
                      "Parallel Aware": false,
                      "Scan Direction": "Forward",
                      "Index Name": "title_pkey",
                      "Relation Name": "title",
                      "Alias": "t",
                      "Startup Cost": 0.43,
                      "Total Cost": 0.58,
                      "Plan Rows": 1,
                      "Plan Width": 25,
                      "Actual Startup Time": 0.051,
                      "Actual Total Time": 0.051,
                      "Actual Rows": 0,
                      "Actual Loops": 10,
                      "Index Cond": "(id = mi_idx.movie_id)",
                      "Rows Removed by Index Recheck": 0,
                      "Filter": "((production_year >= 1994) AND (production_year <= 1999))",
                      "Rows Removed by Filter": 1
                    }
                  ]
                },
                {
                  "Node Type": "Index Scan",
                  "Parent Relationship": "Inner",
                  "Parallel Aware": false,
                  "Scan Direction": "Forward",
                  "Index Name": "movie_id_movie_companies",
                  "Relation Name": "movie_companies",
                  "Alias": "mc",
                  "Startup Cost": 0.43,
                  "Total Cost": 0.61,
                  "Plan Rows": 3,
                  "Plan Width": 32,
                  "Actual Startup Time": 0.072,
                  "Actual Total Time": 0.072,
                  "Actual Rows": 0,
                  "Actual Loops": 1,
                  "Index Cond": "(movie_id = mi_idx.movie_id)",
                  "Rows Removed by Index Recheck": 0,
                  "Filter": "(note !~~ '%(as Metro-Goldwyn-Mayer Pictures)%'::text)",
                  "Rows Removed by Filter": 1
                }
              ]
            }
          ]
        }
      ]
    },
    "Planning Time": 1.597,
    "Triggers": [],
    "Execution Time": 0.907
  }
]