[
  {
    "Plan": {
      "Node Type": "Aggregate",
      "Strategy": "Plain",
      "Partial Mode": "Finalize",
      "Parallel Aware": false,
      "Startup Cost": 293693.64,
      "Total Cost": 293693.65,
      "Plan Rows": 1,
      "Plan Width": 8,
      "Actual Startup Time": 150.959,
      "Actual Total Time": 157.306,
      "Actual Rows": 1,
      "Actual Loops": 1,
      "Plans": [
        {
          "Node Type": "Gather",
          "Parent Relationship": "Outer",
          "Parallel Aware": false,
          "Startup Cost": 293693.01,
          "Total Cost": 293693.62,
          "Plan Rows": 6,
          "Plan Width": 8,
          "Actual Startup Time": 150.08,
          "Actual Total Time": 157.298,
          "Actual Rows": 7,
          "Actual Loops": 1,
          "Workers Planned": 6,
          "Workers Launched": 6,
          "Single Copy": false,
          "Plans": [
            {
              "Node Type": "Aggregate",
              "Strategy": "Plain",
              "Partial Mode": "Partial",
              "Parent Relationship": "Outer",
              "Parallel Aware": false,
              "Startup Cost": 292693.01,
              "Total Cost": 292693.02,
              "Plan Rows": 1,
              "Plan Width": 8,
              "Actual Startup Time": 142.855,
              "Actual Total Time": 142.856,
              "Actual Rows": 1,
              "Actual Loops": 7,
              "Plans": [
                {
                  "Node Type": "Bitmap Heap Scan",
                  "Parent Relationship": "Outer",
                  "Parallel Aware": true,
                  "Relation Name": "cast_info",
                  "Alias": "ci",
                  "Startup Cost": 35641.04,
                  "Total Cost": 292386.99,
                  "Plan Rows": 122409,
                  "Plan Width": 0,
                  "Actual Startup Time": 116.457,
                  "Actual Total Time": 139.664,
                  "Actual Rows": 66820,
                  "Actual Loops": 7,
                  "Recheck Cond": "(person_id < 165380)",
                  "Rows Removed by Index Recheck": 0,
                  "Filter": "(role_id > 2)",
                  "Rows Removed by Filter": 170039,
                  "Exact Heap Blocks": 5233,
                  "Lossy Heap Blocks": 0,
                  "Plans": [
                    {
                      "Node Type": "Bitmap Index Scan",
                      "Parent Relationship": "Outer",
                      "Parallel Aware": false,
                      "Index Name": "person_id_cast_info",
                      "Startup Cost": 0.0,
                      "Total Cost": 35457.42,
                      "Plan Rows": 1623581,
                      "Plan Width": 0,
                      "Actual Startup Time": 74.351,
                      "Actual Total Time": 74.351,
                      "Actual Rows": 1658014,
                      "Actual Loops": 1,
                      "Index Cond": "(person_id < 165380)"
                    }
                  ]
                }
              ]
            }
          ]
        }
      ]
    },
    "Planning Time": 0.227,
    "Triggers": [],
    "Execution Time": 157.382
  }
]