[
  {
    "Plan": {
      "Node Type": "Aggregate",
      "Strategy": "Plain",
      "Partial Mode": "Finalize",
      "Parallel Aware": false,
      "Startup Cost": 29395.4,
      "Total Cost": 29395.41,
      "Plan Rows": 1,
      "Plan Width": 8,
      "Actual Startup Time": 104.709,
      "Actual Total Time": 111.979,
      "Actual Rows": 1,
      "Actual Loops": 1,
      "Plans": [
        {
          "Node Type": "Gather",
          "Parent Relationship": "Outer",
          "Parallel Aware": false,
          "Startup Cost": 29395.08,
          "Total Cost": 29395.39,
          "Plan Rows": 3,
          "Plan Width": 8,
          "Actual Startup Time": 104.408,
          "Actual Total Time": 111.97,
          "Actual Rows": 4,
          "Actual Loops": 1,
          "Workers Planned": 3,
          "Workers Launched": 3,
          "Single Copy": false,
          "Plans": [
            {
              "Node Type": "Aggregate",
              "Strategy": "Plain",
              "Partial Mode": "Partial",
              "Parent Relationship": "Outer",
              "Parallel Aware": false,
              "Startup Cost": 28395.08,
              "Total Cost": 28395.09,
              "Plan Rows": 1,
              "Plan Width": 8,
              "Actual Startup Time": 95.438,
              "Actual Total Time": 95.44,
              "Actual Rows": 1,
              "Actual Loops": 4,
              "Plans": [
                {
                  "Node Type": "Bitmap Heap Scan",
                  "Parent Relationship": "Outer",
                  "Parallel Aware": true,
                  "Relation Name": "movie_companies",
                  "Alias": "mc",
                  "Startup Cost": 7852.11,
                  "Total Cost": 28102.92,
                  "Plan Rows": 116865,
                  "Plan Width": 0,
                  "Actual Startup Time": 34.828,
                  "Actual Total Time": 88.157,
                  "Actual Rows": 89089,
                  "Actual Loops": 4,
                  "Recheck Cond": "(company_id < 180)",
                  "Rows Removed by Index Recheck": 0,
                  "Exact Heap Blocks": 7163,
                  "Lossy Heap Blocks": 0,
                  "Plans": [
                    {
                      "Node Type": "Bitmap Index Scan",
                      "Parent Relationship": "Outer",
                      "Parallel Aware": false,
                      "Index Name": "company_id_movie_companies",
                      "Startup Cost": 0.0,
                      "Total Cost": 7761.54,
                      "Plan Rows": 362281,
                      "Plan Width": 0,
                      "Actual Startup Time": 38.86,
                      "Actual Total Time": 38.86,
                      "Actual Rows": 356356,
                      "Actual Loops": 1,
                      "Index Cond": "(company_id < 180)"
                    }
                  ]
                }
              ]
            }
          ]
        }
      ]
    },
    "Planning Time": 0.171,
    "Triggers": [],
    "Execution Time": 112.049
  }
]