[
  {
    "Plan": {
      "Node Type": "Aggregate",
      "Strategy": "Plain",
      "Partial Mode": "Finalize",
      "Parallel Aware": false,
      "Startup Cost": 337477.32,
      "Total Cost": 337477.33,
      "Plan Rows": 1,
      "Plan Width": 8,
      "Actual Startup Time": 713.818,
      "Actual Total Time": 761.093,
      "Actual Rows": 1,
      "Actual Loops": 1,
      "Plans": [
        {
          "Node Type": "Gather",
          "Parent Relationship": "Outer",
          "Parallel Aware": false,
          "Startup Cost": 337476.69,
          "Total Cost": 337477.3,
          "Plan Rows": 6,
          "Plan Width": 8,
          "Actual Startup Time": 713.493,
          "Actual Total Time": 761.076,
          "Actual Rows": 7,
          "Actual Loops": 1,
          "Workers Planned": 6,
          "Workers Launched": 6,
          "Single Copy": false,
          "Plans": [
            {
              "Node Type": "Aggregate",
              "Strategy": "Plain",
              "Partial Mode": "Partial",
              "Parent Relationship": "Outer",
              "Parallel Aware": false,
              "Startup Cost": 336476.69,
              "Total Cost": 336476.7,
              "Plan Rows": 1,
              "Plan Width": 8,
              "Actual Startup Time": 703.141,
              "Actual Total Time": 703.143,
              "Actual Rows": 1,
              "Actual Loops": 7,
              "Plans": [
                {
                  "Node Type": "Seq Scan",
                  "Parent Relationship": "Outer",
                  "Parallel Aware": true,
                  "Relation Name": "cast_info",
                  "Alias": "ci",
                  "Startup Cost": 0.0,
                  "Total Cost": 328211.39,
                  "Plan Rows": 3306120,
                  "Plan Width": 0,
                  "Actual Startup Time": 0.065,
                  "Actual Total Time": 573.337,
                  "Actual Rows": 2869023,
                  "Actual Loops": 7,
                  "Filter": "(person_id < 2016801)",
                  "Rows Removed by Filter": 2308741
                }
              ]
            }
          ]
        }
      ]
    },
    "Planning Time": 0.202,
    "Triggers": [],
    "Execution Time": 761.161
  }
]