[
    {
        "Bao": {
            "Bao prediction": "NaN",
            "Bao recommended hint": "(no hint)"
        }
    },
    {
        "Plan": {
            "Node Type": "Aggregate",
            "Strategy": "Plain",
            "Partial Mode": "Finalize",
            "Parallel Aware": false,
            "Startup Cost": 317584.19,
            "Total Cost": 317584.2,
            "Plan Rows": 1,
            "Plan Width": 8,
            "Actual Startup Time": 229.496,
            "Actual Total Time": 236.617,
            "Actual Rows": 1,
            "Actual Loops": 1,
            "Output": [
                "count(*)"
            ],
            "Plans": [
                {
                    "Node Type": "Gather",
                    "Parent Relationship": "Outer",
                    "Parallel Aware": false,
                    "Startup Cost": 317583.57,
                    "Total Cost": 317584.18,
                    "Plan Rows": 6,
                    "Plan Width": 8,
                    "Actual Startup Time": 228.668,
                    "Actual Total Time": 236.609,
                    "Actual Rows": 7,
                    "Actual Loops": 1,
                    "Output": [
                        "(PARTIAL count(*))"
                    ],
                    "Workers Planned": 6,
                    "Workers Launched": 6,
                    "Single Copy": false,
                    "Plans": [
                        {
                            "Node Type": "Aggregate",
                            "Strategy": "Plain",
                            "Partial Mode": "Partial",
                            "Parent Relationship": "Outer",
                            "Parallel Aware": false,
                            "Startup Cost": 316583.57,
                            "Total Cost": 316583.58,
                            "Plan Rows": 1,
                            "Plan Width": 8,
                            "Actual Startup Time": 218.785,
                            "Actual Total Time": 218.786,
                            "Actual Rows": 1,
                            "Actual Loops": 7,
                            "Output": [
                                "PARTIAL count(*)"
                            ],
                            "Workers": [
                                {
                                    "Worker Number": 0,
                                    "Actual Startup Time": 215.963,
                                    "Actual Total Time": 215.964,
                                    "Actual Rows": 1,
                                    "Actual Loops": 1
                                },
                                {
                                    "Worker Number": 1,
                                    "Actual Startup Time": 216.997,
                                    "Actual Total Time": 216.999,
                                    "Actual Rows": 1,
                                    "Actual Loops": 1
                                },
                                {
                                    "Worker Number": 2,
                                    "Actual Startup Time": 217.074,
                                    "Actual Total Time": 217.075,
                                    "Actual Rows": 1,
                                    "Actual Loops": 1
                                },
                                {
                                    "Worker Number": 3,
                                    "Actual Startup Time": 217.457,
                                    "Actual Total Time": 217.458,
                                    "Actual Rows": 1,
                                    "Actual Loops": 1
                                },
                                {
                                    "Worker Number": 4,
                                    "Actual Startup Time": 217.681,
                                    "Actual Total Time": 217.683,
                                    "Actual Rows": 1,
                                    "Actual Loops": 1
                                },
                                {
                                    "Worker Number": 5,
                                    "Actual Startup Time": 218.004,
                                    "Actual Total Time": 218.005,
                                    "Actual Rows": 1,
                                    "Actual Loops": 1
                                }
                            ],
                            "Plans": [
                                {
                                    "Node Type": "Bitmap Heap Scan",
                                    "Parent Relationship": "Outer",
                                    "Parallel Aware": true,
                                    "Relation Name": "cast_info",
                                    "Schema": "public",
                                    "Alias": "ci",
                                    "Startup Cost": 57397.05,
                                    "Total Cost": 315500.31,
                                    "Plan Rows": 433301,
                                    "Plan Width": 0,
                                    "Actual Startup Time": 98.013,
                                    "Actual Total Time": 197.465,
                                    "Actual Rows": 379569,
                                    "Actual Loops": 7,
                                    "Recheck Cond": "(ci.person_id > 3549835)",
                                    "Rows Removed by Index Recheck": 0,
                                    "Exact Heap Blocks": 9701,
                                    "Lossy Heap Blocks": 0,
                                    "Workers": [
                                        {
                                            "Worker Number": 0,
                                            "Actual Startup Time": 95.531,
                                            "Actual Total Time": 196.197,
                                            "Actual Rows": 260320,
                                            "Actual Loops": 1
                                        },
                                        {
                                            "Worker Number": 1,
                                            "Actual Startup Time": 96.391,
                                            "Actual Total Time": 195.68,
                                            "Actual Rows": 277763,
                                            "Actual Loops": 1
                                        },
                                        {
                                            "Worker Number": 2,
                                            "Actual Startup Time": 96.186,
                                            "Actual Total Time": 195.879,
                                            "Actual Rows": 275414,
                                            "Actual Loops": 1
                                        },
                                        {
                                            "Worker Number": 3,
                                            "Actual Startup Time": 96.939,
                                            "Actual Total Time": 196.874,
                                            "Actual Rows": 392972,
                                            "Actual Loops": 1
                                        },
                                        {
                                            "Worker Number": 4,
                                            "Actual Startup Time": 96.838,
                                            "Actual Total Time": 197.078,
                                            "Actual Rows": 391774,
                                            "Actual Loops": 1
                                        },
                                        {
                                            "Worker Number": 5,
                                            "Actual Startup Time": 97.142,
                                            "Actual Total Time": 197.428,
                                            "Actual Rows": 390409,
                                            "Actual Loops": 1
                                        }
                                    ],
                                    "Plans": [
                                        {
                                            "Node Type": "Bitmap Index Scan",
                                            "Parent Relationship": "Outer",
                                            "Parallel Aware": false,
                                            "Index Name": "person_id_cast_info",
                                            "Startup Cost": 0.0,
                                            "Total Cost": 56747.1,
                                            "Plan Rows": 2599805,
                                            "Plan Width": 0,
                                            "Actual Startup Time": 101.062,
                                            "Actual Total Time": 101.062,
                                            "Actual Rows": 2656981,
                                            "Actual Loops": 1,
                                            "Index Cond": "(ci.person_id > 3549835)"
                                        }
                                    ]
                                }
                            ]
                        }
                    ]
                }
            ]
        },
        "Planning Time": 228.81,
        "Triggers": [],
        "Execution Time": 236.671
    }
]