[
  {
    "Plan": {
      "Node Type": "Aggregate",
      "Strategy": "Plain",
      "Partial Mode": "Finalize",
      "Parallel Aware": false,
      "Startup Cost": 76707.41,
      "Total Cost": 76707.42,
      "Plan Rows": 1,
      "Plan Width": 8,
      "Actual Startup Time": 222.35,
      "Actual Total Time": 238.755,
      "Actual Rows": 1,
      "Actual Loops": 1,
      "Plans": [
        {
          "Node Type": "Gather",
          "Parent Relationship": "Outer",
          "Parallel Aware": false,
          "Startup Cost": 76707.09,
          "Total Cost": 76707.4,
          "Plan Rows": 3,
          "Plan Width": 8,
          "Actual Startup Time": 220.75,
          "Actual Total Time": 238.744,
          "Actual Rows": 4,
          "Actual Loops": 1,
          "Workers Planned": 3,
          "Workers Launched": 3,
          "Single Copy": false,
          "Plans": [
            {
              "Node Type": "Aggregate",
              "Strategy": "Plain",
              "Partial Mode": "Partial",
              "Parent Relationship": "Outer",
              "Parallel Aware": false,
              "Startup Cost": 75707.09,
              "Total Cost": 75707.1,
              "Plan Rows": 1,
              "Plan Width": 8,
              "Actual Startup Time": 211.558,
              "Actual Total Time": 211.562,
              "Actual Rows": 1,
              "Actual Loops": 4,
              "Plans": [
                {
                  "Node Type": "Hash Join",
                  "Parent Relationship": "Outer",
                  "Parallel Aware": true,
                  "Join Type": "Inner",
                  "Startup Cost": 54491.66,
                  "Total Cost": 75690.55,
                  "Plan Rows": 6617,
                  "Plan Width": 0,
                  "Actual Startup Time": 146.138,
                  "Actual Total Time": 211.244,
                  "Actual Rows": 4366,
                  "Actual Loops": 4,
                  "Inner Unique": true,
                  "Hash Cond": "(mc.movie_id = t.id)",
                  "Plans": [
                    {
                      "Node Type": "Bitmap Heap Scan",
                      "Parent Relationship": "Outer",
                      "Parallel Aware": true,
                      "Relation Name": "movie_companies",
                      "Alias": "mc",
                      "Startup Cost": 9874.47,
                      "Total Cost": 30882.3,
                      "Plan Rows": 72784,
                      "Plan Width": 4,
                      "Actual Startup Time": 23.589,
                      "Actual Total Time": 68.579,
                      "Actual Rows": 85474,
                      "Actual Loops": 4,
                      "Recheck Cond": "(company_id < 376)",
                      "Rows Removed by Index Recheck": 0,
                      "Filter": "(company_type_id < 2)",
                      "Rows Removed by Filter": 27473,
                      "Exact Heap Blocks": 6951,
                      "Lossy Heap Blocks": 0,
                      "Plans": [
                        {
                          "Node Type": "Bitmap Index Scan",
                          "Parent Relationship": "Outer",
                          "Parallel Aware": false,
                          "Index Name": "company_id_movie_companies",
                          "Startup Cost": 0.0,
                          "Total Cost": 9818.06,
                          "Plan Rows": 458351,
                          "Plan Width": 0,
                          "Actual Startup Time": 20.836,
                          "Actual Total Time": 20.837,
                          "Actual Rows": 451787,
                          "Actual Loops": 1,
                          "Index Cond": "(company_id < 376)"
                        }
                      ]
                    },
                    {
                      "Node Type": "Hash",
                      "Parent Relationship": "Inner",
                      "Parallel Aware": true,
                      "Startup Cost": 43898.92,
                      "Total Cost": 43898.92,
                      "Plan Rows": 57462,
                      "Plan Width": 4,
                      "Actual Startup Time": 119.722,
                      "Actual Total Time": 119.723,
                      "Actual Rows": 57912,
                      "Actual Loops": 4,
                      "Hash Buckets": 262144,
                      "Original Hash Buckets": 262144,
                      "Hash Batches": 1,
                      "Original Hash Batches": 1,
                      "Peak Memory Usage": 11168,
                      "Plans": [
                        {
                          "Node Type": "Seq Scan",
                          "Parent Relationship": "Outer",
                          "Parallel Aware": true,
                          "Relation Name": "title",
                          "Alias": "t",
                          "Startup Cost": 0.0,
                          "Total Cost": 43898.92,
                          "Plan Rows": 57462,
                          "Plan Width": 4,
                          "Actual Startup Time": 0.04,
                          "Actual Total Time": 99.164,
                          "Actual Rows": 57912,
                          "Actual Loops": 4,
                          "Filter": "(production_year > 2011)",
                          "Rows Removed by Filter": 574166
                        }
                      ]
                    }
                  ]
                }
              ]
            }
          ]
        }
      ]
    },
    "Planning Time": 0.664,
    "Triggers": [],
    "Execution Time": 238.851
  }
]