[
  {
    "Plan": {
      "Node Type": "Aggregate",
      "Strategy": "Plain",
      "Partial Mode": "Finalize",
      "Parallel Aware": false,
      "Startup Cost": 133081.79,
      "Total Cost": 133081.8,
      "Plan Rows": 1,
      "Plan Width": 8,
      "Actual Startup Time": 1509.917,
      "Actual Total Time": 1594.886,
      "Actual Rows": 1,
      "Actual Loops": 1,
      "Plans": [
        {
          "Node Type": "Gather",
          "Parent Relationship": "Outer",
          "Parallel Aware": false,
          "Startup Cost": 133081.48,
          "Total Cost": 133081.79,
          "Plan Rows": 3,
          "Plan Width": 8,
          "Actual Startup Time": 1501.089,
          "Actual Total Time": 1594.875,
          "Actual Rows": 4,
          "Actual Loops": 1,
          "Workers Planned": 3,
          "Workers Launched": 3,
          "Single Copy": false,
          "Plans": [
            {
              "Node Type": "Aggregate",
              "Strategy": "Plain",
              "Partial Mode": "Partial",
              "Parent Relationship": "Outer",
              "Parallel Aware": false,
              "Startup Cost": 132081.48,
              "Total Cost": 132081.49,
              "Plan Rows": 1,
              "Plan Width": 8,
              "Actual Startup Time": 1482.107,
              "Actual Total Time": 1482.111,
              "Actual Rows": 1,
              "Actual Loops": 4,
              "Plans": [
                {
                  "Node Type": "Nested Loop",
                  "Parent Relationship": "Outer",
                  "Parallel Aware": false,
                  "Join Type": "Inner",
                  "Startup Cost": 51902.39,
                  "Total Cost": 131166.89,
                  "Plan Rows": 365833,
                  "Plan Width": 0,
                  "Actual Startup Time": 356.839,
                  "Actual Total Time": 1423.841,
                  "Actual Rows": 1151590,
                  "Actual Loops": 4,
                  "Inner Unique": false,
                  "Plans": [
                    {
                      "Node Type": "Hash Join",
                      "Parent Relationship": "Outer",
                      "Parallel Aware": true,
                      "Join Type": "Inner",
                      "Startup Cost": 51901.82,
                      "Total Cost": 76741.74,
                      "Plan Rows": 25515,
                      "Plan Width": 8,
                      "Actual Startup Time": 356.718,
                      "Actual Total Time": 391.575,
                      "Actual Rows": 19675,
                      "Actual Loops": 4,
                      "Inner Unique": true,
                      "Hash Cond": "(mk.movie_id = t.id)",
                      "Plans": [
                        {
                          "Node Type": "Bitmap Heap Scan",
                          "Parent Relationship": "Outer",
                          "Parallel Aware": true,
                          "Relation Name": "movie_keyword",
                          "Alias": "mk",
                          "Startup Cost": 1681.44,
                          "Total Cost": 26454.39,
                          "Plan Rows": 25515,
                          "Plan Width": 4,
                          "Actual Startup Time": 8.267,
                          "Actual Total Time": 29.588,
                          "Actual Rows": 19675,
                          "Actual Loops": 4,
                          "Recheck Cond": "(keyword_id > 88222)",
                          "Rows Removed by Index Recheck": 0,
                          "Exact Heap Blocks": 4864,
                          "Lossy Heap Blocks": 0,
                          "Plans": [
                            {
                              "Node Type": "Bitmap Index Scan",
                              "Parent Relationship": "Outer",
                              "Parallel Aware": false,
                              "Index Name": "keyword_id_movie_keyword",
                              "Startup Cost": 0.0,
                              "Total Cost": 1661.67,
                              "Plan Rows": 79098,
                              "Plan Width": 0,
                              "Actual Startup Time": 5.899,
                              "Actual Total Time": 5.9,
                              "Actual Rows": 78700,
                              "Actual Loops": 1,
                              "Index Cond": "(keyword_id > 88222)"
                            }
                          ]
                        },
                        {
                          "Node Type": "Hash",
                          "Parent Relationship": "Inner",
                          "Parallel Aware": true,
                          "Startup Cost": 42319.06,
                          "Total Cost": 42319.06,
                          "Plan Rows": 632106,
                          "Plan Width": 4,
                          "Actual Startup Time": 336.827,
                          "Actual Total Time": 336.828,
                          "Actual Rows": 632078,
                          "Actual Loops": 4,
                          "Hash Buckets": 4194304,
                          "Original Hash Buckets": 4194304,
                          "Hash Batches": 1,
                          "Original Hash Batches": 1,
                          "Peak Memory Usage": 131744,
                          "Plans": [
                            {
                              "Node Type": "Seq Scan",
                              "Parent Relationship": "Outer",
                              "Parallel Aware": true,
                              "Relation Name": "title",
                              "Alias": "t",
                              "Startup Cost": 0.0,
                              "Total Cost": 42319.06,
                              "Plan Rows": 632106,
                              "Plan Width": 4,
                              "Actual Startup Time": 0.045,
                              "Actual Total Time": 97.263,
                              "Actual Rows": 632078,
                              "Actual Loops": 4
                            }
                          ]
                        }
                      ]
                    },
                    {
                      "Node Type": "Index Only Scan",
                      "Parent Relationship": "Inner",
                      "Parallel Aware": false,
                      "Scan Direction": "Forward",
                      "Index Name": "movie_id_cast_info",
                      "Relation Name": "cast_info",
                      "Alias": "ci",
                      "Startup Cost": 0.56,
                      "Total Cost": 1.78,
                      "Plan Rows": 35,
                      "Plan Width": 4,
                      "Actual Startup Time": 0.006,
                      "Actual Total Time": 0.048,
                      "Actual Rows": 59,
                      "Actual Loops": 78700,
                      "Index Cond": "(movie_id = t.id)",
                      "Rows Removed by Index Recheck": 0,
                      "Heap Fetches": 4606362
                    }
                  ]
                }
              ]
            }
          ]
        }
      ]
    },
    "Planning Time": 1.37,
    "Triggers": [],
    "Execution Time": 1595.025
  }
]