[
    {
        "Bao": {
            "Bao prediction": "NaN",
            "Bao recommended hint": "(no hint)"
        }
    },
    {
        "Plan": {
            "Node Type": "Aggregate",
            "Strategy": "Plain",
            "Partial Mode": "Finalize",
            "Parallel Aware": false,
            "Startup Cost": 28860.64,
            "Total Cost": 28860.65,
            "Plan Rows": 1,
            "Plan Width": 8,
            "Actual Startup Time": 24.684,
            "Actual Total Time": 29.067,
            "Actual Rows": 1,
            "Actual Loops": 1,
            "Output": [
                "count(*)"
            ],
            "Plans": [
                {
                    "Node Type": "Gather",
                    "Parent Relationship": "Outer",
                    "Parallel Aware": false,
                    "Startup Cost": 28860.43,
                    "Total Cost": 28860.64,
                    "Plan Rows": 2,
                    "Plan Width": 8,
                    "Actual Startup Time": 24.293,
                    "Actual Total Time": 29.06,
                    "Actual Rows": 3,
                    "Actual Loops": 1,
                    "Output": [
                        "(PARTIAL count(*))"
                    ],
                    "Workers Planned": 2,
                    "Workers Launched": 2,
                    "Single Copy": false,
                    "Plans": [
                        {
                            "Node Type": "Aggregate",
                            "Strategy": "Plain",
                            "Partial Mode": "Partial",
                            "Parent Relationship": "Outer",
                            "Parallel Aware": false,
                            "Startup Cost": 27860.43,
                            "Total Cost": 27860.44,
                            "Plan Rows": 1,
                            "Plan Width": 8,
                            "Actual Startup Time": 13.765,
                            "Actual Total Time": 13.767,
                            "Actual Rows": 1,
                            "Actual Loops": 3,
                            "Output": [
                                "PARTIAL count(*)"
                            ],
                            "Workers": [
                                {
                                    "Worker Number": 0,
                                    "Actual Startup Time": 8.693,
                                    "Actual Total Time": 8.695,
                                    "Actual Rows": 1,
                                    "Actual Loops": 1
                                },
                                {
                                    "Worker Number": 1,
                                    "Actual Startup Time": 8.704,
                                    "Actual Total Time": 8.706,
                                    "Actual Rows": 1,
                                    "Actual Loops": 1
                                }
                            ],
                            "Plans": [
                                {
                                    "Node Type": "Nested Loop",
                                    "Parent Relationship": "Outer",
                                    "Parallel Aware": false,
                                    "Join Type": "Inner",
                                    "Startup Cost": 117.97,
                                    "Total Cost": 27854.9,
                                    "Plan Rows": 2210,
                                    "Plan Width": 0,
                                    "Actual Startup Time": 1.1,
                                    "Actual Total Time": 13.582,
                                    "Actual Rows": 1428,
                                    "Actual Loops": 3,
                                    "Inner Unique": true,
                                    "Workers": [
                                        {
                                            "Worker Number": 0,
                                            "Actual Startup Time": 0.679,
                                            "Actual Total Time": 8.619,
                                            "Actual Rows": 126,
                                            "Actual Loops": 1
                                        },
                                        {
                                            "Worker Number": 1,
                                            "Actual Startup Time": 0.654,
                                            "Actual Total Time": 8.626,
                                            "Actual Rows": 126,
                                            "Actual Loops": 1
                                        }
                                    ],
                                    "Plans": [
                                        {
                                            "Node Type": "Bitmap Heap Scan",
                                            "Parent Relationship": "Outer",
                                            "Parallel Aware": true,
                                            "Relation Name": "movie_companies",
                                            "Schema": "public",
                                            "Alias": "mc",
                                            "Startup Cost": 117.54,
                                            "Total Cost": 11803.77,
                                            "Plan Rows": 2210,
                                            "Plan Width": 4,
                                            "Actual Startup Time": 0.861,
                                            "Actual Total Time": 3.884,
                                            "Actual Rows": 1428,
                                            "Actual Loops": 3,
                                            "Output": [
                                                "mc.id",
                                                "mc.movie_id",
                                                "mc.company_id",
                                                "mc.company_type_id",
                                                "mc.note"
                                            ],
                                            "Recheck Cond": "(mc.company_id = 258)",
                                            "Rows Removed by Index Recheck": 0,
                                            "Exact Heap Blocks": 1896,
                                            "Lossy Heap Blocks": 0,
                                            "Workers": [
                                                {
                                                    "Worker Number": 0,
                                                    "Actual Startup Time": 0.344,
                                                    "Actual Total Time": 2.452,
                                                    "Actual Rows": 126,
                                                    "Actual Loops": 1
                                                },
                                                {
                                                    "Worker Number": 1,
                                                    "Actual Startup Time": 0.295,
                                                    "Actual Total Time": 2.354,
                                                    "Actual Rows": 126,
                                                    "Actual Loops": 1
                                                }
                                            ],
                                            "Plans": [
                                                {
                                                    "Node Type": "Bitmap Index Scan",
                                                    "Parent Relationship": "Outer",
                                                    "Parallel Aware": false,
                                                    "Index Name": "company_id_movie_companies",
                                                    "Startup Cost": 0.0,
                                                    "Total Cost": 116.22,
                                                    "Plan Rows": 5305,
                                                    "Plan Width": 0,
                                                    "Actual Startup Time": 1.376,
                                                    "Actual Total Time": 1.377,
                                                    "Actual Rows": 4285,
                                                    "Actual Loops": 1,
                                                    "Index Cond": "(mc.company_id = 258)"
                                                }
                                            ]
                                        },
                                        {
                                            "Node Type": "Index Only Scan",
                                            "Parent Relationship": "Inner",
                                            "Parallel Aware": false,
                                            "Scan Direction": "Forward",
                                            "Index Name": "title_pkey",
                                            "Relation Name": "title",
                                            "Schema": "public",
                                            "Alias": "t",
                                            "Startup Cost": 0.43,
                                            "Total Cost": 7.26,
                                            "Plan Rows": 1,
                                            "Plan Width": 4,
                                            "Actual Startup Time": 0.006,
                                            "Actual Total Time": 0.006,
                                            "Actual Rows": 1,
                                            "Actual Loops": 4285,
                                            "Output": [
                                                "t.id"
                                            ],
                                            "Index Cond": "(t.id = mc.movie_id)",
                                            "Rows Removed by Index Recheck": 0,
                                            "Heap Fetches": 4285,
                                            "Workers": [
                                                {
                                                    "Worker Number": 0,
                                                    "Actual Startup Time": 0.046,
                                                    "Actual Total Time": 0.046,
                                                    "Actual Rows": 1,
                                                    "Actual Loops": 126
                                                },
                                                {
                                                    "Worker Number": 1,
                                                    "Actual Startup Time": 0.047,
                                                    "Actual Total Time": 0.047,
                                                    "Actual Rows": 1,
                                                    "Actual Loops": 126
                                                }
                                            ]
                                        }
                                    ]
                                }
                            ]
                        }
                    ]
                }
            ]
        },
        "Planning Time": 196.544,
        "Triggers": [],
        "Execution Time": 29.172
    }
]