[
    {
        "Bao": {
            "Bao prediction": "NaN",
            "Bao recommended hint": "(no hint)"
        }
    },
    {
        "Plan": {
            "Node Type": "Aggregate",
            "Strategy": "Plain",
            "Partial Mode": "Finalize",
            "Parallel Aware": false,
            "Startup Cost": 32919.73,
            "Total Cost": 32919.74,
            "Plan Rows": 1,
            "Plan Width": 8,
            "Actual Startup Time": 109.027,
            "Actual Total Time": 114.434,
            "Actual Rows": 1,
            "Actual Loops": 1,
            "Output": [
                "count(*)"
            ],
            "Plans": [
                {
                    "Node Type": "Gather",
                    "Parent Relationship": "Outer",
                    "Parallel Aware": false,
                    "Startup Cost": 32919.41,
                    "Total Cost": 32919.72,
                    "Plan Rows": 3,
                    "Plan Width": 8,
                    "Actual Startup Time": 108.963,
                    "Actual Total Time": 114.425,
                    "Actual Rows": 4,
                    "Actual Loops": 1,
                    "Output": [
                        "(PARTIAL count(*))"
                    ],
                    "Workers Planned": 3,
                    "Workers Launched": 3,
                    "Single Copy": false,
                    "Plans": [
                        {
                            "Node Type": "Aggregate",
                            "Strategy": "Plain",
                            "Partial Mode": "Partial",
                            "Parent Relationship": "Outer",
                            "Parallel Aware": false,
                            "Startup Cost": 31919.41,
                            "Total Cost": 31919.42,
                            "Plan Rows": 1,
                            "Plan Width": 8,
                            "Actual Startup Time": 99.93,
                            "Actual Total Time": 99.931,
                            "Actual Rows": 1,
                            "Actual Loops": 4,
                            "Output": [
                                "PARTIAL count(*)"
                            ],
                            "Workers": [
                                {
                                    "Worker Number": 0,
                                    "Actual Startup Time": 96.638,
                                    "Actual Total Time": 96.639,
                                    "Actual Rows": 1,
                                    "Actual Loops": 1
                                },
                                {
                                    "Worker Number": 1,
                                    "Actual Startup Time": 97.326,
                                    "Actual Total Time": 97.327,
                                    "Actual Rows": 1,
                                    "Actual Loops": 1
                                },
                                {
                                    "Worker Number": 2,
                                    "Actual Startup Time": 97.503,
                                    "Actual Total Time": 97.504,
                                    "Actual Rows": 1,
                                    "Actual Loops": 1
                                }
                            ],
                            "Plans": [
                                {
                                    "Node Type": "Seq Scan",
                                    "Parent Relationship": "Outer",
                                    "Parallel Aware": true,
                                    "Relation Name": "movie_companies",
                                    "Schema": "public",
                                    "Alias": "mc",
                                    "Startup Cost": 0.0,
                                    "Total Cost": 31414.82,
                                    "Plan Rows": 201837,
                                    "Plan Width": 0,
                                    "Actual Startup Time": 52.391,
                                    "Actual Total Time": 89.88,
                                    "Actual Rows": 222460,
                                    "Actual Loops": 4,
                                    "Output": [
                                        "id",
                                        "movie_id",
                                        "company_id",
                                        "company_type_id",
                                        "note"
                                    ],
                                    "Filter": "((mc.company_id > 11865) AND (mc.company_type_id = 2))",
                                    "Rows Removed by Filter": 429822,
                                    "Workers": [
                                        {
                                            "Worker Number": 0,
                                            "Actual Startup Time": 49.103,
                                            "Actual Total Time": 87.168,
                                            "Actual Rows": 233176,
                                            "Actual Loops": 1
                                        },
                                        {
                                            "Worker Number": 1,
                                            "Actual Startup Time": 49.79,
                                            "Actual Total Time": 87.524,
                                            "Actual Rows": 239775,
                                            "Actual Loops": 1
                                        },
                                        {
                                            "Worker Number": 2,
                                            "Actual Startup Time": 49.968,
                                            "Actual Total Time": 87.89,
                                            "Actual Rows": 237567,
                                            "Actual Loops": 1
                                        }
                                    ]
                                }
                            ]
                        }
                    ]
                }
            ]
        },
        "Planning Time": 302.15,
        "Triggers": [],
        "Execution Time": 114.529
    }
]