[
  {
    "Plan": {
      "Node Type": "Aggregate",
      "Strategy": "Plain",
      "Partial Mode": "Finalize",
      "Parallel Aware": false,
      "Startup Cost": 74728.8,
      "Total Cost": 74728.81,
      "Plan Rows": 1,
      "Plan Width": 8,
      "Actual Startup Time": 199.134,
      "Actual Total Time": 215.237,
      "Actual Rows": 1,
      "Actual Loops": 1,
      "Plans": [
        {
          "Node Type": "Gather",
          "Parent Relationship": "Outer",
          "Parallel Aware": false,
          "Startup Cost": 74728.48,
          "Total Cost": 74728.79,
          "Plan Rows": 3,
          "Plan Width": 8,
          "Actual Startup Time": 196.21,
          "Actual Total Time": 215.231,
          "Actual Rows": 4,
          "Actual Loops": 1,
          "Workers Planned": 3,
          "Workers Launched": 3,
          "Single Copy": false,
          "Plans": [
            {
              "Node Type": "Aggregate",
              "Strategy": "Plain",
              "Partial Mode": "Partial",
              "Parent Relationship": "Outer",
              "Parallel Aware": false,
              "Startup Cost": 73728.48,
              "Total Cost": 73728.49,
              "Plan Rows": 1,
              "Plan Width": 8,
              "Actual Startup Time": 188.46,
              "Actual Total Time": 188.463,
              "Actual Rows": 1,
              "Actual Loops": 4,
              "Plans": [
                {
                  "Node Type": "Nested Loop",
                  "Parent Relationship": "Outer",
                  "Parallel Aware": false,
                  "Join Type": "Inner",
                  "Startup Cost": 46460.61,
                  "Total Cost": 73725.87,
                  "Plan Rows": 1047,
                  "Plan Width": 0,
                  "Actual Startup Time": 139.92,
                  "Actual Total Time": 187.717,
                  "Actual Rows": 14441,
                  "Actual Loops": 4,
                  "Inner Unique": false,
                  "Plans": [
                    {
                      "Node Type": "Hash Join",
                      "Parent Relationship": "Outer",
                      "Parallel Aware": true,
                      "Join Type": "Inner",
                      "Startup Cost": 46460.18,
                      "Total Cost": 71180.54,
                      "Plan Rows": 3123,
                      "Plan Width": 8,
                      "Actual Startup Time": 139.817,
                      "Actual Total Time": 160.698,
                      "Actual Rows": 3686,
                      "Actual Loops": 4,
                      "Inner Unique": true,
                      "Hash Cond": "(mk.movie_id = t.id)",
                      "Plans": [
                        {
                          "Node Type": "Bitmap Heap Scan",
                          "Parent Relationship": "Outer",
                          "Parallel Aware": true,
                          "Relation Name": "movie_keyword",
                          "Alias": "mk",
                          "Startup Cost": 1159.52,
                          "Total Cost": 25833.65,
                          "Plan Rows": 17610,
                          "Plan Width": 4,
                          "Actual Startup Time": 5.212,
                          "Actual Total Time": 21.173,
                          "Actual Rows": 13610,
                          "Actual Loops": 4,
                          "Recheck Cond": "(keyword_id > 97546)",
                          "Rows Removed by Index Recheck": 0,
                          "Exact Heap Blocks": 5102,
                          "Lossy Heap Blocks": 0,
                          "Plans": [
                            {
                              "Node Type": "Bitmap Index Scan",
                              "Parent Relationship": "Outer",
                              "Parallel Aware": false,
                              "Index Name": "keyword_id_movie_keyword",
                              "Startup Cost": 0.0,
                              "Total Cost": 1145.87,
                              "Plan Rows": 54592,
                              "Plan Width": 0,
                              "Actual Startup Time": 3.348,
                              "Actual Total Time": 3.349,
                              "Actual Rows": 54442,
                              "Actual Loops": 1,
                              "Index Cond": "(keyword_id > 97546)"
                            }
                          ]
                        },
                        {
                          "Node Type": "Hash",
                          "Parent Relationship": "Inner",
                          "Parallel Aware": true,
                          "Startup Cost": 43899.32,
                          "Total Cost": 43899.32,
                          "Plan Rows": 112107,
                          "Plan Width": 4,
                          "Actual Startup Time": 132.255,
                          "Actual Total Time": 132.256,
                          "Actual Rows": 116391,
                          "Actual Loops": 4,
                          "Hash Buckets": 524288,
                          "Original Hash Buckets": 524288,
                          "Hash Batches": 1,
                          "Original Hash Batches": 1,
                          "Peak Memory Usage": 22368,
                          "Plans": [
                            {
                              "Node Type": "Seq Scan",
                              "Parent Relationship": "Outer",
                              "Parallel Aware": true,
                              "Relation Name": "title",
                              "Alias": "t",
                              "Startup Cost": 0.0,
                              "Total Cost": 43899.32,
                              "Plan Rows": 112107,
                              "Plan Width": 4,
                              "Actual Startup Time": 0.036,
                              "Actual Total Time": 92.263,
                              "Actual Rows": 116391,
                              "Actual Loops": 4,
                              "Filter": "(production_year < 1977)",
                              "Rows Removed by Filter": 515687
                            }
                          ]
                        }
                      ]
                    },
                    {
                      "Node Type": "Index Scan",
                      "Parent Relationship": "Inner",
                      "Parallel Aware": false,
                      "Scan Direction": "Forward",
                      "Index Name": "movie_id_movie_companies",
                      "Relation Name": "movie_companies",
                      "Alias": "mc",
                      "Startup Cost": 0.43,
                      "Total Cost": 0.8,
                      "Plan Rows": 2,
                      "Plan Width": 4,
                      "Actual Startup Time": 0.005,
                      "Actual Total Time": 0.007,
                      "Actual Rows": 4,
                      "Actual Loops": 14745,
                      "Index Cond": "(movie_id = t.id)",
                      "Rows Removed by Index Recheck": 0,
                      "Filter": "((company_id > 2561) AND (company_type_id = 1))",
                      "Rows Removed by Filter": 4
                    }
                  ]
                }
              ]
            }
          ]
        }
      ]
    },
    "Planning Time": 0.637,
    "Triggers": [],
    "Execution Time": 215.312
  }
]