[
  {
    "Plan": {
      "Node Type": "Aggregate",
      "Strategy": "Plain",
      "Partial Mode": "Finalize",
      "Parallel Aware": false,
      "Startup Cost": 101649.36,
      "Total Cost": 101649.37,
      "Plan Rows": 1,
      "Plan Width": 8,
      "Actual Startup Time": 798.464,
      "Actual Total Time": 817.325,
      "Actual Rows": 1,
      "Actual Loops": 1,
      "Plans": [
        {
          "Node Type": "Gather",
          "Parent Relationship": "Outer",
          "Parallel Aware": false,
          "Startup Cost": 101649.15,
          "Total Cost": 101649.36,
          "Plan Rows": 2,
          "Plan Width": 8,
          "Actual Startup Time": 788.47,
          "Actual Total Time": 817.315,
          "Actual Rows": 3,
          "Actual Loops": 1,
          "Workers Planned": 2,
          "Workers Launched": 2,
          "Single Copy": false,
          "Plans": [
            {
              "Node Type": "Aggregate",
              "Strategy": "Plain",
              "Partial Mode": "Partial",
              "Parent Relationship": "Outer",
              "Parallel Aware": false,
              "Startup Cost": 100649.15,
              "Total Cost": 100649.16,
              "Plan Rows": 1,
              "Plan Width": 8,
              "Actual Startup Time": 779.803,
              "Actual Total Time": 779.809,
              "Actual Rows": 1,
              "Actual Loops": 3,
              "Plans": [
                {
                  "Node Type": "Hash Join",
                  "Parent Relationship": "Outer",
                  "Parallel Aware": true,
                  "Join Type": "Inner",
                  "Startup Cost": 83542.74,
                  "Total Cost": 100410.01,
                  "Plan Rows": 95655,
                  "Plan Width": 0,
                  "Actual Startup Time": 663.81,
                  "Actual Total Time": 775.456,
                  "Actual Rows": 78691,
                  "Actual Loops": 3,
                  "Inner Unique": false,
                  "Hash Cond": "(mi_idx.movie_id = t.id)",
                  "Plans": [
                    {
                      "Node Type": "Seq Scan",
                      "Parent Relationship": "Outer",
                      "Parallel Aware": true,
                      "Relation Name": "movie_info_idx",
                      "Alias": "mi_idx",
                      "Startup Cost": 0.0,
                      "Total Cost": 15122.68,
                      "Plan Rows": 382940,
                      "Plan Width": 4,
                      "Actual Startup Time": 0.035,
                      "Actual Total Time": 55.326,
                      "Actual Rows": 306617,
                      "Actual Loops": 3,
                      "Filter": "(info_type_id < 101)",
                      "Rows Removed by Filter": 153395
                    },
                    {
                      "Node Type": "Hash",
                      "Parent Relationship": "Inner",
                      "Parallel Aware": true,
                      "Startup Cost": 80996.19,
                      "Total Cost": 80996.19,
                      "Plan Rows": 203724,
                      "Plan Width": 8,
                      "Actual Startup Time": 657.164,
                      "Actual Total Time": 657.169,
                      "Actual Rows": 109243,
                      "Actual Loops": 3,
                      "Hash Buckets": 1048576,
                      "Original Hash Buckets": 1048576,
                      "Hash Batches": 1,
                      "Original Hash Batches": 1,
                      "Peak Memory Usage": 21088,
                      "Plans": [
                        {
                          "Node Type": "Hash Join",
                          "Parent Relationship": "Outer",
                          "Parallel Aware": true,
                          "Join Type": "Inner",
                          "Startup Cost": 48701.62,
                          "Total Cost": 80996.19,
                          "Plan Rows": 203724,
                          "Plan Width": 8,
                          "Actual Startup Time": 415.363,
                          "Actual Total Time": 618.851,
                          "Actual Rows": 109243,
                          "Actual Loops": 3,
                          "Inner Unique": true,
                          "Hash Cond": "(mc.movie_id = t.id)",
                          "Plans": [
                            {
                              "Node Type": "Seq Scan",
                              "Parent Relationship": "Outer",
                              "Parallel Aware": true,
                              "Relation Name": "movie_companies",
                              "Alias": "mc",
                              "Startup Cost": 0.0,
                              "Total Cost": 31414.82,
                              "Plan Rows": 335146,
                              "Plan Width": 4,
                              "Actual Startup Time": 46.948,
                              "Actual Total Time": 110.669,
                              "Actual Rows": 396824,
                              "Actual Loops": 3,
                              "Filter": "((company_id > 579) AND (company_type_id = 2))",
                              "Rows Removed by Filter": 472885
                            },
                            {
                              "Node Type": "Hash",
                              "Parent Relationship": "Inner",
                              "Parallel Aware": true,
                              "Startup Cost": 43898.92,
                              "Total Cost": 43898.92,
                              "Plan Rows": 384216,
                              "Plan Width": 4,
                              "Actual Startup Time": 362.049,
                              "Actual Total Time": 362.05,
                              "Actual Rows": 514421,
                              "Actual Loops": 3,
                              "Hash Buckets": 2097152,
                              "Original Hash Buckets": 2097152,
                              "Hash Batches": 1,
                              "Original Hash Batches": 1,
                              "Peak Memory Usage": 76832,
                              "Plans": [
                                {
                                  "Node Type": "Seq Scan",
                                  "Parent Relationship": "Outer",
                                  "Parallel Aware": true,
                                  "Relation Name": "title",
                                  "Alias": "t",
                                  "Startup Cost": 0.0,
                                  "Total Cost": 43898.92,
                                  "Plan Rows": 384216,
                                  "Plan Width": 4,
                                  "Actual Startup Time": 0.047,
                                  "Actual Total Time": 152.221,
                                  "Actual Rows": 514421,
                                  "Actual Loops": 3,
                                  "Filter": "(kind_id = 7)",
                                  "Rows Removed by Filter": 328349
                                }
                              ]
                            }
                          ]
                        }
                      ]
                    }
                  ]
                }
              ]
            }
          ]
        }
      ]
    },
    "Planning Time": 1.404,
    "Triggers": [],
    "Execution Time": 817.408
  }
]