{
  "Plan": {
    "Node Type": "Aggregate",
    "Strategy": "Plain",
    "Partial Mode": "Finalize",
    "Parallel Aware": false,
    "Startup Cost": 629023.03,
    "Total Cost": 629023.04,
    "Plan Rows": 1,
    "Plan Width": 8,
    "Actual Startup Time": 3548.446,
    "Actual Total Time": 3616.531,
    "Actual Rows": 1,
    "Actual Loops": 1,
    "Plans": [
      {
        "Node Type": "Gather",
        "Parent Relationship": "Outer",
        "Parallel Aware": false,
        "Startup Cost": 629022.92,
        "Total Cost": 629023.03,
        "Plan Rows": 1,
        "Plan Width": 8,
        "Actual Startup Time": 3548.191,
        "Actual Total Time": 3616.522,
        "Actual Rows": 2,
        "Actual Loops": 1,
        "Workers Planned": 1,
        "Workers Launched": 1,
        "Single Copy": false,
        "Plans": [
          {
            "Node Type": "Aggregate",
            "Strategy": "Plain",
            "Partial Mode": "Partial",
            "Parent Relationship": "Outer",
            "Parallel Aware": false,
            "Startup Cost": 628022.92,
            "Total Cost": 628022.93,
            "Plan Rows": 1,
            "Plan Width": 8,
            "Actual Startup Time": 3542.362,
            "Actual Total Time": 3542.369,
            "Actual Rows": 1,
            "Actual Loops": 2,
            "Plans": [
              {
                "Node Type": "Hash Join",
                "Parent Relationship": "Outer",
                "Parallel Aware": true,
                "Join Type": "Inner",
                "Startup Cost": 58970.54,
                "Total Cost": 626378.41,
                "Plan Rows": 657802,
                "Plan Width": 0,
                "Actual Startup Time": 277.171,
                "Actual Total Time": 3510.199,
                "Actual Rows": 735578,
                "Actual Loops": 2,
                "Inner Unique": true,
                "Hash Cond": "(ci.movie_id = t.id)",
                "Plans": [
                  {
                    "Node Type": "Seq Scan",
                    "Parent Relationship": "Outer",
                    "Parallel Aware": true,
                    "Relation Name": "cast_info",
                    "Alias": "ci",
                    "Startup Cost": 0.0,
                    "Total Cost": 519069.44,
                    "Plan Rows": 18414609,
                    "Plan Width": 4,
                    "Actual Startup Time": 117.922,
                    "Actual Total Time": 1638.385,
                    "Actual Rows": 15577812,
                    "Actual Loops": 2,
                    "Filter": "(person_id > 492328)",
                    "Rows Removed by Filter": 2544360
                  },
                  {
                    "Node Type": "Hash",
                    "Parent Relationship": "Inner",
                    "Parallel Aware": true,
                    "Startup Cost": 58306.47,
                    "Total Cost": 58306.47,
                    "Plan Rows": 53126,
                    "Plan Width": 4,
                    "Actual Startup Time": 156.566,
                    "Actual Total Time": 156.567,
                    "Actual Rows": 48239,
                    "Actual Loops": 2,
                    "Hash Buckets": 131072,
                    "Original Hash Buckets": 131072,
                    "Hash Batches": 1,
                    "Original Hash Batches": 1,
                    "Peak Memory Usage": 4832,
                    "Plans": [
                      {
                        "Node Type": "Seq Scan",
                        "Parent Relationship": "Outer",
                        "Parallel Aware": true,
                        "Relation Name": "title",
                        "Alias": "t",
                        "Startup Cost": 0.0,
                        "Total Cost": 58306.47,
                        "Plan Rows": 53126,
                        "Plan Width": 4,
                        "Actual Startup Time": 0.04,
                        "Actual Total Time": 143.709,
                        "Actual Rows": 48239,
                        "Actual Loops": 2,
                        "Filter": "((kind_id > 2) AND (production_year = 2009))",
                        "Rows Removed by Filter": 1215917
                      }
                    ]
                  }
                ]
              }
            ]
          }
        ]
      }
    ]
  },
  "Planning Time": 0.476,
  "Triggers": [],
  "Execution Time": 3616.618
}