[
  {
    "Plan": {
      "Node Type": "Aggregate",
      "Strategy": "Plain",
      "Partial Mode": "Finalize",
      "Parallel Aware": false,
      "Startup Cost": 119576.83,
      "Total Cost": 119576.84,
      "Plan Rows": 1,
      "Plan Width": 8,
      "Actual Startup Time": 206.656,
      "Actual Total Time": 224.917,
      "Actual Rows": 1,
      "Actual Loops": 1,
      "Plans": [
        {
          "Node Type": "Gather",
          "Parent Relationship": "Outer",
          "Parallel Aware": false,
          "Startup Cost": 119576.31,
          "Total Cost": 119576.82,
          "Plan Rows": 5,
          "Plan Width": 8,
          "Actual Startup Time": 206.508,
          "Actual Total Time": 224.893,
          "Actual Rows": 6,
          "Actual Loops": 1,
          "Workers Planned": 5,
          "Workers Launched": 5,
          "Single Copy": false,
          "Plans": [
            {
              "Node Type": "Aggregate",
              "Strategy": "Plain",
              "Partial Mode": "Partial",
              "Parent Relationship": "Outer",
              "Parallel Aware": false,
              "Startup Cost": 118576.31,
              "Total Cost": 118576.32,
              "Plan Rows": 1,
              "Plan Width": 8,
              "Actual Startup Time": 195.92,
              "Actual Total Time": 195.922,
              "Actual Rows": 1,
              "Actual Loops": 6,
              "Plans": [
                {
                  "Node Type": "Index Scan",
                  "Parent Relationship": "Outer",
                  "Parallel Aware": true,
                  "Scan Direction": "Forward",
                  "Index Name": "role_id_cast_info",
                  "Relation Name": "cast_info",
                  "Alias": "ci",
                  "Startup Cost": 0.56,
                  "Total Cost": 118067.1,
                  "Plan Rows": 203683,
                  "Plan Width": 0,
                  "Actual Startup Time": 0.159,
                  "Actual Total Time": 170.99,
                  "Actual Rows": 506549,
                  "Actual Loops": 6,
                  "Index Cond": "(role_id = 10)",
                  "Rows Removed by Index Recheck": 0,
                  "Filter": "(person_id > 2841098)",
                  "Rows Removed by Filter": 213954
                }
              ]
            }
          ]
        }
      ]
    },
    "Planning Time": 0.197,
    "Triggers": [],
    "Execution Time": 224.976
  }
]