[
  {
    "Plan": {
      "Node Type": "Aggregate",
      "Strategy": "Plain",
      "Partial Mode": "Finalize",
      "Parallel Aware": false,
      "Startup Cost": 220118.89,
      "Total Cost": 220118.9,
      "Plan Rows": 1,
      "Plan Width": 8,
      "Actual Startup Time": 119.198,
      "Actual Total Time": 135.773,
      "Actual Rows": 1,
      "Actual Loops": 1,
      "Plans": [
        {
          "Node Type": "Gather",
          "Parent Relationship": "Outer",
          "Parallel Aware": false,
          "Startup Cost": 220118.47,
          "Total Cost": 220118.88,
          "Plan Rows": 4,
          "Plan Width": 8,
          "Actual Startup Time": 118.926,
          "Actual Total Time": 135.766,
          "Actual Rows": 5,
          "Actual Loops": 1,
          "Workers Planned": 4,
          "Workers Launched": 4,
          "Single Copy": false,
          "Plans": [
            {
              "Node Type": "Aggregate",
              "Strategy": "Plain",
              "Partial Mode": "Partial",
              "Parent Relationship": "Outer",
              "Parallel Aware": false,
              "Startup Cost": 219118.47,
              "Total Cost": 219118.48,
              "Plan Rows": 1,
              "Plan Width": 8,
              "Actual Startup Time": 109.647,
              "Actual Total Time": 109.649,
              "Actual Rows": 1,
              "Actual Loops": 5,
              "Plans": [
                {
                  "Node Type": "Nested Loop",
                  "Parent Relationship": "Outer",
                  "Parallel Aware": false,
                  "Join Type": "Inner",
                  "Startup Cost": 1827.74,
                  "Total Cost": 219057.54,
                  "Plan Rows": 24370,
                  "Plan Width": 0,
                  "Actual Startup Time": 14.64,
                  "Actual Total Time": 107.672,
                  "Actual Rows": 20922,
                  "Actual Loops": 5,
                  "Inner Unique": false,
                  "Plans": [
                    {
                      "Node Type": "Bitmap Heap Scan",
                      "Parent Relationship": "Outer",
                      "Parallel Aware": true,
                      "Relation Name": "title",
                      "Alias": "t",
                      "Startup Cost": 1827.3,
                      "Total Cost": 38208.65,
                      "Plan Rows": 4168,
                      "Plan Width": 4,
                      "Actual Startup Time": 14.416,
                      "Actual Total Time": 32.711,
                      "Actual Rows": 3107,
                      "Actual Loops": 5,
                      "Recheck Cond": "(kind_id = 3)",
                      "Rows Removed by Index Recheck": 0,
                      "Filter": "(production_year < 1974)",
                      "Rows Removed by Filter": 17001,
                      "Exact Heap Blocks": 6026,
                      "Lossy Heap Blocks": 0,
                      "Plans": [
                        {
                          "Node Type": "Bitmap Index Scan",
                          "Parent Relationship": "Outer",
                          "Parallel Aware": false,
                          "Index Name": "kind_id_title",
                          "Startup Cost": 0.0,
                          "Total Cost": 1823.13,
                          "Plan Rows": 102227,
                          "Plan Width": 0,
                          "Actual Startup Time": 17.782,
                          "Actual Total Time": 17.782,
                          "Actual Rows": 100537,
                          "Actual Loops": 1,
                          "Index Cond": "(kind_id = 3)"
                        }
                      ]
                    },
                    {
                      "Node Type": "Index Only Scan",
                      "Parent Relationship": "Inner",
                      "Parallel Aware": false,
                      "Scan Direction": "Forward",
                      "Index Name": "movie_id_movie_info",
                      "Relation Name": "movie_info",
                      "Alias": "mi",
                      "Startup Cost": 0.43,
                      "Total Cost": 42.97,
                      "Plan Rows": 42,
                      "Plan Width": 4,
                      "Actual Startup Time": 0.01,
                      "Actual Total Time": 0.023,
                      "Actual Rows": 7,
                      "Actual Loops": 15533,
                      "Index Cond": "(movie_id = t.id)",
                      "Rows Removed by Index Recheck": 0,
                      "Heap Fetches": 104611
                    }
                  ]
                }
              ]
            }
          ]
        }
      ]
    },
    "Planning Time": 0.604,
    "Triggers": [],
    "Execution Time": 135.863
  }
]