[
  {
    "Plan": {
      "Node Type": "Aggregate",
      "Strategy": "Plain",
      "Partial Mode": "Finalize",
      "Parallel Aware": false,
      "Startup Cost": 69566.02,
      "Total Cost": 69566.03,
      "Plan Rows": 1,
      "Plan Width": 8,
      "Actual Startup Time": 115.777,
      "Actual Total Time": 133.301,
      "Actual Rows": 1,
      "Actual Loops": 1,
      "Plans": [
        {
          "Node Type": "Gather",
          "Parent Relationship": "Outer",
          "Parallel Aware": false,
          "Startup Cost": 69565.6,
          "Total Cost": 69566.01,
          "Plan Rows": 4,
          "Plan Width": 8,
          "Actual Startup Time": 115.566,
          "Actual Total Time": 133.291,
          "Actual Rows": 5,
          "Actual Loops": 1,
          "Workers Planned": 4,
          "Workers Launched": 4,
          "Single Copy": false,
          "Plans": [
            {
              "Node Type": "Aggregate",
              "Strategy": "Plain",
              "Partial Mode": "Partial",
              "Parent Relationship": "Outer",
              "Parallel Aware": false,
              "Startup Cost": 68565.6,
              "Total Cost": 68565.61,
              "Plan Rows": 1,
              "Plan Width": 8,
              "Actual Startup Time": 109.662,
              "Actual Total Time": 109.664,
              "Actual Rows": 1,
              "Actual Loops": 5,
              "Plans": [
                {
                  "Node Type": "Nested Loop",
                  "Parent Relationship": "Outer",
                  "Parallel Aware": false,
                  "Join Type": "Inner",
                  "Startup Cost": 0.43,
                  "Total Cost": 68565.58,
                  "Plan Rows": 8,
                  "Plan Width": 0,
                  "Actual Startup Time": 60.851,
                  "Actual Total Time": 109.643,
                  "Actual Rows": 69,
                  "Actual Loops": 5,
                  "Inner Unique": false,
                  "Plans": [
                    {
                      "Node Type": "Seq Scan",
                      "Parent Relationship": "Outer",
                      "Parallel Aware": true,
                      "Relation Name": "title",
                      "Alias": "t",
                      "Startup Cost": 0.0,
                      "Total Cost": 45479.59,
                      "Plan Rows": 148,
                      "Plan Width": 4,
                      "Actual Startup Time": 57.41,
                      "Actual Total Time": 84.725,
                      "Actual Rows": 487,
                      "Actual Loops": 5,
                      "Filter": "((kind_id < 7) AND (production_year = 1933))",
                      "Rows Removed by Filter": 505176
                    },
                    {
                      "Node Type": "Index Scan",
                      "Parent Relationship": "Inner",
                      "Parallel Aware": false,
                      "Scan Direction": "Forward",
                      "Index Name": "movie_id_movie_info",
                      "Relation Name": "movie_info",
                      "Alias": "mi",
                      "Startup Cost": 0.43,
                      "Total Cost": 155.98,
                      "Plan Rows": 1,
                      "Plan Width": 4,
                      "Actual Startup Time": 0.048,
                      "Actual Total Time": 0.051,
                      "Actual Rows": 0,
                      "Actual Loops": 2433,
                      "Index Cond": "(movie_id = t.id)",
                      "Rows Removed by Index Recheck": 0,
                      "Filter": "(info_type_id = 9)",
                      "Rows Removed by Filter": 13
                    }
                  ]
                }
              ]
            }
          ]
        }
      ]
    },
    "Planning Time": 0.336,
    "Triggers": [],
    "Execution Time": 133.347
  }
]