[
  {
    "Plan": {
      "Node Type": "Aggregate",
      "Strategy": "Plain",
      "Partial Mode": "Simple",
      "Parallel Aware": false,
      "Startup Cost": 1409001.11,
      "Total Cost": 1409001.12,
      "Plan Rows": 1,
      "Plan Width": 128,
      "Actual Startup Time": 7803.03,
      "Actual Total Time": 7803.351,
      "Actual Rows": 1,
      "Actual Loops": 1,
      "Plans": [
        {
          "Node Type": "Merge Join",
          "Parent Relationship": "Outer",
          "Parallel Aware": false,
          "Join Type": "Inner",
          "Startup Cost": 1225107.56,
          "Total Cost": 1409001.1,
          "Plan Rows": 1,
          "Plan Width": 54,
          "Actual Startup Time": 6547.501,
          "Actual Total Time": 7802.779,
          "Actual Rows": 1728,
          "Actual Loops": 1,
          "Inner Unique": false,
          "Merge Cond": "(n.id = ci.person_id)",
          "Plans": [
            {
              "Node Type": "Index Scan",
              "Parent Relationship": "Outer",
              "Parallel Aware": false,
              "Scan Direction": "Forward",
              "Index Name": "name_pkey",
              "Relation Name": "name",
              "Alias": "n",
              "Startup Cost": 0.43,
              "Total Cost": 178171.85,
              "Plan Rows": 4167419,
              "Plan Width": 19,
              "Actual Startup Time": 0.027,
              "Actual Total Time": 1082.435,
              "Actual Rows": 2699680,
              "Actual Loops": 1
            },
            {
              "Node Type": "Sort",
              "Parent Relationship": "Inner",
              "Parallel Aware": false,
              "Startup Cost": 1225084.27,
              "Total Cost": 1225084.28,
              "Plan Rows": 1,
              "Plan Width": 43,
              "Actual Startup Time": 6544.495,
              "Actual Total Time": 6545.354,
              "Actual Rows": 1728,
              "Actual Loops": 1,
              "Sort Key": [
                "ci.person_id"
              ],
              "Sort Method": "quicksort",
              "Sort Space Used": 200,
              "Sort Space Type": "Memory",
              "Plans": [
                {
                  "Node Type": "Merge Join",
                  "Parent Relationship": "Outer",
                  "Parallel Aware": false,
                  "Join Type": "Inner",
                  "Startup Cost": 1225084.14,
                  "Total Cost": 1225084.26,
                  "Plan Rows": 1,
                  "Plan Width": 43,
                  "Actual Startup Time": 6499.394,
                  "Actual Total Time": 6544.253,
                  "Actual Rows": 1728,
                  "Actual Loops": 1,
                  "Inner Unique": true,
                  "Merge Cond": "(mk.keyword_id = k.id)",
                  "Plans": [
                    {
                      "Node Type": "Sort",
                      "Parent Relationship": "Outer",
                      "Parallel Aware": false,
                      "Startup Cost": 1221116.15,
                      "Total Cost": 1221116.18,
                      "Plan Rows": 12,
                      "Plan Width": 47,
                      "Actual Startup Time": 6464.483,
                      "Actual Total Time": 6491.898,
                      "Actual Rows": 251303,
                      "Actual Loops": 1,
                      "Sort Key": [
                        "mk.keyword_id"
                      ],
                      "Sort Method": "quicksort",
                      "Sort Space Used": 47398,
                      "Sort Space Type": "Memory",
                      "Plans": [
                        {
                          "Node Type": "Merge Join",
                          "Parent Relationship": "Outer",
                          "Parallel Aware": false,
                          "Join Type": "Inner",
                          "Startup Cost": 1030427.35,
                          "Total Cost": 1221115.94,
                          "Plan Rows": 12,
                          "Plan Width": 47,
                          "Actual Startup Time": 5284.291,
                          "Actual Total Time": 6339.154,
                          "Actual Rows": 349357,
                          "Actual Loops": 1,
                          "Inner Unique": false,
                          "Merge Cond": "(t.id = ci.movie_id)",
                          "Plans": [
                            {
                              "Node Type": "Merge Join",
                              "Parent Relationship": "Outer",
                              "Parallel Aware": false,
                              "Join Type": "Inner",
                              "Startup Cost": 85941.46,
                              "Total Cost": 274425.11,
                              "Plan Rows": 29885,
                              "Plan Width": 33,
                              "Actual Startup Time": 788.361,
                              "Actual Total Time": 1740.045,
                              "Actual Rows": 294672,
                              "Actual Loops": 1,
                              "Inner Unique": false,
                              "Merge Cond": "(mk.movie_id = t.id)",
                              "Plans": [
                                {
                                  "Node Type": "Index Scan",
                                  "Parent Relationship": "Outer",
                                  "Parallel Aware": false,
                                  "Scan Direction": "Forward",
                                  "Index Name": "movie_id_movie_keyword",
                                  "Relation Name": "movie_keyword",
                                  "Alias": "mk",
                                  "Startup Cost": 0.43,
                                  "Total Cost": 177156.82,
                                  "Plan Rows": 4523930,
                                  "Plan Width": 8,
                                  "Actual Startup Time": 0.03,
                                  "Actual Total Time": 812.98,
                                  "Actual Rows": 4523930,
                                  "Actual Loops": 1
                                },
                                {
                                  "Node Type": "Sort",
                                  "Parent Relationship": "Inner",
                                  "Parallel Aware": false,
                                  "Startup Cost": 85941.02,
                                  "Total Cost": 85942.65,
                                  "Plan Rows": 650,
                                  "Plan Width": 25,
                                  "Actual Startup Time": 584.384,
                                  "Actual Total Time": 597.831,
                                  "Actual Rows": 295509,
                                  "Actual Loops": 1,
                                  "Sort Key": [
                                    "cc.movie_id"
                                  ],
                                  "Sort Method": "quicksort",
                                  "Sort Space Used": 545,
                                  "Sort Space Type": "Memory",
                                  "Plans": [
                                    {
                                      "Node Type": "Gather",
                                      "Parent Relationship": "Outer",
                                      "Parallel Aware": false,
                                      "Startup Cost": 85840.78,
                                      "Total Cost": 85910.65,
                                      "Plan Rows": 650,
                                      "Plan Width": 25,
                                      "Actual Startup Time": 546.926,
                                      "Actual Total Time": 582.59,
                                      "Actual Rows": 4696,
                                      "Actual Loops": 1,
                                      "Workers Planned": 4,
                                      "Workers Launched": 4,
                                      "Single Copy": false,
                                      "Plans": [
                                        {
                                          "Node Type": "Merge Join",
                                          "Parent Relationship": "Outer",
                                          "Parallel Aware": false,
                                          "Join Type": "Inner",
                                          "Startup Cost": 84840.78,
                                          "Total Cost": 84845.65,
                                          "Plan Rows": 162,
                                          "Plan Width": 25,
                                          "Actual Startup Time": 542.825,
                                          "Actual Total Time": 543.025,
                                          "Actual Rows": 939,
                                          "Actual Loops": 5,
                                          "Inner Unique": true,
                                          "Merge Cond": "(cc.status_id = cct2.id)",
                                          "Plans": [
                                            {
                                              "Node Type": "Sort",
                                              "Parent Relationship": "Outer",
                                              "Parallel Aware": false,
                                              "Startup Cost": 84839.72,
                                              "Total Cost": 84841.34,
                                              "Plan Rows": 650,
                                              "Plan Width": 29,
                                              "Actual Startup Time": 542.794,
                                              "Actual Total Time": 542.842,
                                              "Actual Rows": 939,
                                              "Actual Loops": 5,
                                              "Sort Key": [
                                                "cc.status_id"
                                              ],
                                              "Sort Method": "quicksort",
                                              "Sort Space Used": 107,
                                              "Sort Space Type": "Memory",
                                              "Workers": [
                                                {
                                                  "Worker Number": 0,
                                                  "Sort Method": "quicksort",
                                                  "Sort Space Used": 86,
                                                  "Sort Space Type": "Memory"
                                                },
                                                {
                                                  "Worker Number": 1,
                                                  "Sort Method": "quicksort",
                                                  "Sort Space Used": 133,
                                                  "Sort Space Type": "Memory"
                                                },
                                                {
                                                  "Worker Number": 2,
                                                  "Sort Method": "quicksort",
                                                  "Sort Space Used": 133,
                                                  "Sort Space Type": "Memory"
                                                },
                                                {
                                                  "Worker Number": 3,
                                                  "Sort Method": "quicksort",
                                                  "Sort Space Used": 88,
                                                  "Sort Space Type": "Memory"
                                                }
                                              ],
                                              "Plans": [
                                                {
                                                  "Node Type": "Merge Join",
                                                  "Parent Relationship": "Outer",
                                                  "Parallel Aware": false,
                                                  "Join Type": "Inner",
                                                  "Startup Cost": 84780.1,
                                                  "Total Cost": 84809.35,
                                                  "Plan Rows": 650,
                                                  "Plan Width": 29,
                                                  "Actual Startup Time": 542.317,
                                                  "Actual Total Time": 542.511,
                                                  "Actual Rows": 939,
                                                  "Actual Loops": 5,
                                                  "Inner Unique": true,
                                                  "Merge Cond": "(t.kind_id = kt.id)",
                                                  "Plans": [
                                                    {
                                                      "Node Type": "Sort",
                                                      "Parent Relationship": "Outer",
                                                      "Parallel Aware": false,
                                                      "Startup Cost": 84779.0,
                                                      "Total Cost": 84790.37,
                                                      "Plan Rows": 4549,
                                                      "Plan Width": 33,
                                                      "Actual Startup Time": 542.252,
                                                      "Actual Total Time": 542.301,
                                                      "Actual Rows": 940,
                                                      "Actual Loops": 5,
                                                      "Sort Key": [
                                                        "t.kind_id"
                                                      ],
                                                      "Sort Method": "quicksort",
                                                      "Sort Space Used": 645,
                                                      "Sort Space Type": "Memory",
                                                      "Workers": [
                                                        {
                                                          "Worker Number": 0,
                                                          "Sort Method": "quicksort",
                                                          "Sort Space Used": 416,
                                                          "Sort Space Type": "Memory"
                                                        },
                                                        {
                                                          "Worker Number": 1,
                                                          "Sort Method": "quicksort",
                                                          "Sort Space Used": 611,
                                                          "Sort Space Type": "Memory"
                                                        },
                                                        {
                                                          "Worker Number": 2,
                                                          "Sort Method": "quicksort",
                                                          "Sort Space Used": 617,
                                                          "Sort Space Type": "Memory"
                                                        },
                                                        {
                                                          "Worker Number": 3,
                                                          "Sort Method": "quicksort",
                                                          "Sort Space Used": 424,
                                                          "Sort Space Type": "Memory"
                                                        }
                                                      ],
                                                      "Plans": [
                                                        {
                                                          "Node Type": "Merge Join",
                                                          "Parent Relationship": "Outer",
                                                          "Parallel Aware": false,
                                                          "Join Type": "Inner",
                                                          "Startup Cost": 82585.66,
                                                          "Total Cost": 84502.62,
                                                          "Plan Rows": 4549,
                                                          "Plan Width": 33,
                                                          "Actual Startup Time": 463.437,
                                                          "Actual Total Time": 540.666,
                                                          "Actual Rows": 4711,
                                                          "Actual Loops": 5,
                                                          "Inner Unique": false,
                                                          "Merge Cond": "(t.id = cc.movie_id)",
                                                          "Plans": [
                                                            {
                                                              "Node Type": "Sort",
                                                              "Parent Relationship": "Outer",
                                                              "Parallel Aware": false,
                                                              "Startup Cost": 75192.87,
                                                              "Total Cost": 76044.29,
                                                              "Plan Rows": 340568,
                                                              "Plan Width": 25,
                                                              "Actual Startup Time": 406.52,
                                                              "Actual Total Time": 441.835,
                                                              "Actual Rows": 276288,
                                                              "Actual Loops": 5,
                                                              "Sort Key": [
                                                                "t.id"
                                                              ],
                                                              "Sort Method": "quicksort",
                                                              "Sort Space Used": 37020,
                                                              "Sort Space Type": "Memory",
                                                              "Workers": [
                                                                {
                                                                  "Worker Number": 0,
                                                                  "Sort Method": "quicksort",
                                                                  "Sort Space Used": 23588,
                                                                  "Sort Space Type": "Memory"
                                                                },
                                                                {
                                                                  "Worker Number": 1,
                                                                  "Sort Method": "quicksort",
                                                                  "Sort Space Used": 34719,
                                                                  "Sort Space Type": "Memory"
                                                                },
                                                                {
                                                                  "Worker Number": 2,
                                                                  "Sort Method": "quicksort",
                                                                  "Sort Space Used": 34796,
                                                                  "Sort Space Type": "Memory"
                                                                },
                                                                {
                                                                  "Worker Number": 3,
                                                                  "Sort Method": "quicksort",
                                                                  "Sort Space Used": 23611,
                                                                  "Sort Space Type": "Memory"
                                                                }
                                                              ],
                                                              "Plans": [
                                                                {
                                                                  "Node Type": "Seq Scan",
                                                                  "Parent Relationship": "Outer",
                                                                  "Parallel Aware": true,
                                                                  "Relation Name": "title",
                                                                  "Alias": "t",
                                                                  "Startup Cost": 0.0,
                                                                  "Total Cost": 43898.79,
                                                                  "Plan Rows": 340568,
                                                                  "Plan Width": 25,
                                                                  "Actual Startup Time": 0.075,
                                                                  "Actual Total Time": 260.829,
                                                                  "Actual Rows": 276291,
                                                                  "Actual Loops": 5,
                                                                  "Filter": "(production_year > 2000)",
                                                                  "Rows Removed by Filter": 229372
                                                                }
                                                              ]
                                                            },
                                                            {
                                                              "Node Type": "Sort",
                                                              "Parent Relationship": "Inner",
                                                              "Parallel Aware": false,
                                                              "Startup Cost": 7392.6,
                                                              "Total Cost": 7477.03,
                                                              "Plan Rows": 33772,
                                                              "Plan Width": 8,
                                                              "Actual Startup Time": 56.839,
                                                              "Actual Total Time": 62.341,
                                                              "Actual Rows": 85885,
                                                              "Actual Loops": 5,
                                                              "Sort Key": [
                                                                "cc.movie_id"
                                                              ],
                                                              "Sort Method": "quicksort",
                                                              "Sort Space Used": 7101,
                                                              "Sort Space Type": "Memory",
                                                              "Workers": [
                                                                {
                                                                  "Worker Number": 0,
                                                                  "Sort Method": "quicksort",
                                                                  "Sort Space Used": 7101,
                                                                  "Sort Space Type": "Memory"
                                                                },
                                                                {
                                                                  "Worker Number": 1,
                                                                  "Sort Method": "quicksort",
                                                                  "Sort Space Used": 7101,
                                                                  "Sort Space Type": "Memory"
                                                                },
                                                                {
                                                                  "Worker Number": 2,
                                                                  "Sort Method": "quicksort",
                                                                  "Sort Space Used": 7101,
                                                                  "Sort Space Type": "Memory"
                                                                },
                                                                {
                                                                  "Worker Number": 3,
                                                                  "Sort Method": "quicksort",
                                                                  "Sort Space Used": 7101,
                                                                  "Sort Space Type": "Memory"
                                                                }
                                                              ],
                                                              "Plans": [
                                                                {
                                                                  "Node Type": "Merge Join",
                                                                  "Parent Relationship": "Outer",
                                                                  "Parallel Aware": false,
                                                                  "Join Type": "Inner",
                                                                  "Startup Cost": 0.55,
                                                                  "Total Cost": 4852.35,
                                                                  "Plan Rows": 33772,
                                                                  "Plan Width": 8,
                                                                  "Actual Startup Time": 0.127,
                                                                  "Actual Total Time": 32.284,
                                                                  "Actual Rows": 85941,
                                                                  "Actual Loops": 5,
                                                                  "Inner Unique": true,
                                                                  "Merge Cond": "(cc.subject_id = cct1.id)",
                                                                  "Plans": [
                                                                    {
                                                                      "Node Type": "Index Scan",
                                                                      "Parent Relationship": "Outer",
                                                                      "Parallel Aware": false,
                                                                      "Scan Direction": "Forward",
                                                                      "Index Name": "subject_id_complete_cast",
                                                                      "Relation Name": "complete_cast",
                                                                      "Alias": "cc",
                                                                      "Startup Cost": 0.42,
                                                                      "Total Cost": 4164.71,
                                                                      "Plan Rows": 135086,
                                                                      "Plan Width": 12,
                                                                      "Actual Startup Time": 0.097,
                                                                      "Actual Total Time": 18.75,
                                                                      "Actual Rows": 85942,
                                                                      "Actual Loops": 5
                                                                    },
                                                                    {
                                                                      "Node Type": "Index Scan",
                                                                      "Parent Relationship": "Inner",
                                                                      "Parallel Aware": false,
                                                                      "Scan Direction": "Forward",
                                                                      "Index Name": "comp_cast_type_pkey",
                                                                      "Relation Name": "comp_cast_type",
                                                                      "Alias": "cct1",
                                                                      "Startup Cost": 0.13,
                                                                      "Total Cost": 12.2,
                                                                      "Plan Rows": 1,
                                                                      "Plan Width": 4,
                                                                      "Actual Startup Time": 0.024,
                                                                      "Actual Total Time": 0.029,
                                                                      "Actual Rows": 1,
                                                                      "Actual Loops": 5,
                                                                      "Filter": "((kind)::text = 'cast'::text)",
                                                                      "Rows Removed by Filter": 3
                                                                    }
                                                                  ]
                                                                }
                                                              ]
                                                            }
                                                          ]
                                                        }
                                                      ]
                                                    },
                                                    {
                                                      "Node Type": "Sort",
                                                      "Parent Relationship": "Inner",
                                                      "Parallel Aware": false,
                                                      "Startup Cost": 1.1,
                                                      "Total Cost": 1.1,
                                                      "Plan Rows": 1,
                                                      "Plan Width": 4,
                                                      "Actual Startup Time": 0.061,
                                                      "Actual Total Time": 0.062,
                                                      "Actual Rows": 1,
                                                      "Actual Loops": 5,
                                                      "Sort Key": [
                                                        "kt.id"
                                                      ],
                                                      "Sort Method": "quicksort",
                                                      "Sort Space Used": 25,
                                                      "Sort Space Type": "Memory",
                                                      "Workers": [
                                                        {
                                                          "Worker Number": 0,
                                                          "Sort Method": "quicksort",
                                                          "Sort Space Used": 25,
                                                          "Sort Space Type": "Memory"
                                                        },
                                                        {
                                                          "Worker Number": 1,
                                                          "Sort Method": "quicksort",
                                                          "Sort Space Used": 25,
                                                          "Sort Space Type": "Memory"
                                                        },
                                                        {
                                                          "Worker Number": 2,
                                                          "Sort Method": "quicksort",
                                                          "Sort Space Used": 25,
                                                          "Sort Space Type": "Memory"
                                                        },
                                                        {
                                                          "Worker Number": 3,
                                                          "Sort Method": "quicksort",
                                                          "Sort Space Used": 25,
                                                          "Sort Space Type": "Memory"
                                                        }
                                                      ],
                                                      "Plans": [
                                                        {
                                                          "Node Type": "Seq Scan",
                                                          "Parent Relationship": "Outer",
                                                          "Parallel Aware": false,
                                                          "Relation Name": "kind_type",
                                                          "Alias": "kt",
                                                          "Startup Cost": 0.0,
                                                          "Total Cost": 1.09,
                                                          "Plan Rows": 1,
                                                          "Plan Width": 4,
                                                          "Actual Startup Time": 0.049,
                                                          "Actual Total Time": 0.05,
                                                          "Actual Rows": 1,
                                                          "Actual Loops": 5,
                                                          "Filter": "((kind)::text = 'movie'::text)",
                                                          "Rows Removed by Filter": 6
                                                        }
                                                      ]
                                                    }
                                                  ]
                                                }
                                              ]
                                            },
                                            {
                                              "Node Type": "Sort",
                                              "Parent Relationship": "Inner",
                                              "Parallel Aware": false,
                                              "Startup Cost": 1.06,
                                              "Total Cost": 1.06,
                                              "Plan Rows": 1,
                                              "Plan Width": 4,
                                              "Actual Startup Time": 0.025,
                                              "Actual Total Time": 0.025,
                                              "Actual Rows": 2,
                                              "Actual Loops": 5,
                                              "Sort Key": [
                                                "cct2.id"
                                              ],
                                              "Sort Method": "quicksort",
                                              "Sort Space Used": 25,
                                              "Sort Space Type": "Memory",
                                              "Workers": [
                                                {
                                                  "Worker Number": 0,
                                                  "Sort Method": "quicksort",
                                                  "Sort Space Used": 25,
                                                  "Sort Space Type": "Memory"
                                                },
                                                {
                                                  "Worker Number": 1,
                                                  "Sort Method": "quicksort",
                                                  "Sort Space Used": 25,
                                                  "Sort Space Type": "Memory"
                                                },
                                                {
                                                  "Worker Number": 2,
                                                  "Sort Method": "quicksort",
                                                  "Sort Space Used": 25,
                                                  "Sort Space Type": "Memory"
                                                },
                                                {
                                                  "Worker Number": 3,
                                                  "Sort Method": "quicksort",
                                                  "Sort Space Used": 25,
                                                  "Sort Space Type": "Memory"
                                                }
                                              ],
                                              "Plans": [
                                                {
                                                  "Node Type": "Seq Scan",
                                                  "Parent Relationship": "Outer",
                                                  "Parallel Aware": false,
                                                  "Relation Name": "comp_cast_type",
                                                  "Alias": "cct2",
                                                  "Startup Cost": 0.0,
                                                  "Total Cost": 1.05,
                                                  "Plan Rows": 1,
                                                  "Plan Width": 4,
                                                  "Actual Startup Time": 0.019,
                                                  "Actual Total Time": 0.02,
                                                  "Actual Rows": 2,
                                                  "Actual Loops": 5,
                                                  "Filter": "((kind)::text ~~ '%complete%'::text)",
                                                  "Rows Removed by Filter": 2
                                                }
                                              ]
                                            }
                                          ]
                                        }
                                      ]
                                    }
                                  ]
                                }
                              ]
                            },
                            {
                              "Node Type": "Materialize",
                              "Parent Relationship": "Inner",
                              "Parallel Aware": false,
                              "Startup Cost": 944479.58,
                              "Total Cost": 946776.44,
                              "Plan Rows": 3833,
                              "Plan Width": 34,
                              "Actual Startup Time": 4449.211,
                              "Actual Total Time": 4534.058,
                              "Actual Rows": 436437,
                              "Actual Loops": 1,
                              "Plans": [
                                {
                                  "Node Type": "Gather Merge",
                                  "Parent Relationship": "Outer",
                                  "Parallel Aware": false,
                                  "Startup Cost": 944479.58,
                                  "Total Cost": 946766.86,
                                  "Plan Rows": 3833,
                                  "Plan Width": 34,
                                  "Actual Startup Time": 4449.202,
                                  "Actual Total Time": 4509.07,
                                  "Actual Rows": 89072,
                                  "Actual Loops": 1,
                                  "Workers Planned": 6,
                                  "Workers Launched": 6,
                                  "Plans": [
                                    {
                                      "Node Type": "Merge Join",
                                      "Parent Relationship": "Outer",
                                      "Parallel Aware": false,
                                      "Join Type": "Inner",
                                      "Startup Cost": 943479.48,
                                      "Total Cost": 945300.91,
                                      "Plan Rows": 639,
                                      "Plan Width": 34,
                                      "Actual Startup Time": 4435.732,
                                      "Actual Total Time": 4491.202,
                                      "Actual Rows": 12727,
                                      "Actual Loops": 7,
                                      "Inner Unique": false,
                                      "Merge Cond": "(ci.movie_id = mi_idx.movie_id)",
                                      "Plans": [
                                        {
                                          "Node Type": "Sort",
                                          "Parent Relationship": "Outer",
                                          "Parallel Aware": false,
                                          "Startup Cost": 900111.98,
                                          "Total Cost": 901015.35,
                                          "Plan Rows": 361346,
                                          "Plan Width": 24,
                                          "Actual Startup Time": 4149.941,
                                          "Actual Total Time": 4167.777,
                                          "Actual Rows": 89076,
                                          "Actual Loops": 7,
                                          "Sort Key": [
                                            "ci.movie_id"
                                          ],
                                          "Sort Method": "quicksort",
                                          "Sort Space Used": 10509,
                                          "Sort Space Type": "Memory",
                                          "Workers": [
                                            {
                                              "Worker Number": 0,
                                              "Sort Method": "quicksort",
                                              "Sort Space Used": 10288,
                                              "Sort Space Type": "Memory"
                                            },
                                            {
                                              "Worker Number": 1,
                                              "Sort Method": "quicksort",
                                              "Sort Space Used": 9016,
                                              "Sort Space Type": "Memory"
                                            },
                                            {
                                              "Worker Number": 2,
                                              "Sort Method": "quicksort",
                                              "Sort Space Used": 10666,
                                              "Sort Space Type": "Memory"
                                            },
                                            {
                                              "Worker Number": 3,
                                              "Sort Method": "quicksort",
                                              "Sort Space Used": 10926,
                                              "Sort Space Type": "Memory"
                                            },
                                            {
                                              "Worker Number": 4,
                                              "Sort Method": "quicksort",
                                              "Sort Space Used": 9044,
                                              "Sort Space Type": "Memory"
                                            },
                                            {
                                              "Worker Number": 5,
                                              "Sort Method": "quicksort",
                                              "Sort Space Used": 6355,
                                              "Sort Space Type": "Memory"
                                            }
                                          ],
                                          "Plans": [
                                            {
                                              "Node Type": "Merge Join",
                                              "Parent Relationship": "Outer",
                                              "Parallel Aware": false,
                                              "Join Type": "Inner",
                                              "Startup Cost": 173799.15,
                                              "Total Cost": 866754.29,
                                              "Plan Rows": 361346,
                                              "Plan Width": 24,
                                              "Actual Startup Time": 1427.502,
                                              "Actual Total Time": 4104.62,
                                              "Actual Rows": 89084,
                                              "Actual Loops": 7,
                                              "Inner Unique": true,
                                              "Merge Cond": "(ci.person_role_id = chn.id)",
                                              "Plans": [
                                                {
                                                  "Node Type": "Index Scan",
                                                  "Parent Relationship": "Outer",
                                                  "Parallel Aware": true,
                                                  "Scan Direction": "Forward",
                                                  "Index Name": "person_role_id_cast_info",
                                                  "Relation Name": "cast_info",
                                                  "Alias": "ci",
                                                  "Startup Cost": 0.56,
                                                  "Total Cost": 1568043.3,
                                                  "Plan Rows": 6043616,
                                                  "Plan Width": 12,
                                                  "Actual Startup Time": 0.184,
                                                  "Actual Total Time": 2628.562,
                                                  "Actual Rows": 2510218,
                                                  "Actual Loops": 7
                                                },
                                                {
                                                  "Node Type": "Sort",
                                                  "Parent Relationship": "Inner",
                                                  "Parallel Aware": false,
                                                  "Startup Cost": 99999.48,
                                                  "Total Cost": 100468.88,
                                                  "Plan Rows": 187760,
                                                  "Plan Width": 20,
                                                  "Actual Startup Time": 1176.567,
                                                  "Actual Total Time": 1213.759,
                                                  "Actual Rows": 180139,
                                                  "Actual Loops": 7,
                                                  "Sort Key": [
                                                    "chn.id"
                                                  ],
                                                  "Sort Method": "quicksort",
                                                  "Sort Space Used": 19675,
                                                  "Sort Space Type": "Memory",
                                                  "Workers": [
                                                    {
                                                      "Worker Number": 0,
                                                      "Sort Method": "quicksort",
                                                      "Sort Space Used": 19675,
                                                      "Sort Space Type": "Memory"
                                                    },
                                                    {
                                                      "Worker Number": 1,
                                                      "Sort Method": "quicksort",
                                                      "Sort Space Used": 19675,
                                                      "Sort Space Type": "Memory"
                                                    },
                                                    {
                                                      "Worker Number": 2,
                                                      "Sort Method": "quicksort",
                                                      "Sort Space Used": 19675,
                                                      "Sort Space Type": "Memory"
                                                    },
                                                    {
                                                      "Worker Number": 3,
                                                      "Sort Method": "quicksort",
                                                      "Sort Space Used": 19675,
                                                      "Sort Space Type": "Memory"
                                                    },
                                                    {
                                                      "Worker Number": 4,
                                                      "Sort Method": "quicksort",
                                                      "Sort Space Used": 19675,
                                                      "Sort Space Type": "Memory"
                                                    },
                                                    {
                                                      "Worker Number": 5,
                                                      "Sort Method": "quicksort",
                                                      "Sort Space Used": 19675,
                                                      "Sort Space Type": "Memory"
                                                    }
                                                  ],
                                                  "Plans": [
                                                    {
                                                      "Node Type": "Seq Scan",
                                                      "Parent Relationship": "Outer",
                                                      "Parallel Aware": false,
                                                      "Relation Name": "char_name",
                                                      "Alias": "chn",
                                                      "Startup Cost": 0.0,
                                                      "Total Cost": 83553.08,
                                                      "Plan Rows": 187760,
                                                      "Plan Width": 20,
                                                      "Actual Startup Time": 0.109,
                                                      "Actual Total Time": 1078.914,
                                                      "Actual Rows": 180152,
                                                      "Actual Loops": 7,
                                                      "Filter": "((name IS NOT NULL) AND ((name ~~ '%man%'::text) OR (name ~~ '%Man%'::text)))",
                                                      "Rows Removed by Filter": 2960187
                                                    }
                                                  ]
                                                }
                                              ]
                                            }
                                          ]
                                        },
                                        {
                                          "Node Type": "Sort",
                                          "Parent Relationship": "Inner",
                                          "Parallel Aware": false,
                                          "Startup Cost": 43367.5,
                                          "Total Cost": 43371.81,
                                          "Plan Rows": 1722,
                                          "Plan Width": 10,
                                          "Actual Startup Time": 285.773,
                                          "Actual Total Time": 293.866,
                                          "Actual Rows": 124092,
                                          "Actual Loops": 7,
                                          "Sort Key": [
                                            "mi_idx.movie_id"
                                          ],
                                          "Sort Method": "quicksort",
                                          "Sort Space Used": 8771,
                                          "Sort Space Type": "Memory",
                                          "Workers": [
                                            {
                                              "Worker Number": 0,
                                              "Sort Method": "quicksort",
                                              "Sort Space Used": 8771,
                                              "Sort Space Type": "Memory"
                                            },
                                            {
                                              "Worker Number": 1,
                                              "Sort Method": "quicksort",
                                              "Sort Space Used": 8771,
                                              "Sort Space Type": "Memory"
                                            },
                                            {
                                              "Worker Number": 2,
                                              "Sort Method": "quicksort",
                                              "Sort Space Used": 8771,
                                              "Sort Space Type": "Memory"
                                            },
                                            {
                                              "Worker Number": 3,
                                              "Sort Method": "quicksort",
                                              "Sort Space Used": 8771,
                                              "Sort Space Type": "Memory"
                                            },
                                            {
                                              "Worker Number": 4,
                                              "Sort Method": "quicksort",
                                              "Sort Space Used": 8771,
                                              "Sort Space Type": "Memory"
                                            },
                                            {
                                              "Worker Number": 5,
                                              "Sort Method": "quicksort",
                                              "Sort Space Used": 8771,
                                              "Sort Space Type": "Memory"
                                            }
                                          ],
                                          "Plans": [
                                            {
                                              "Node Type": "Merge Join",
                                              "Parent Relationship": "Outer",
                                              "Parallel Aware": false,
                                              "Join Type": "Inner",
                                              "Startup Cost": 42284.67,
                                              "Total Cost": 43274.95,
                                              "Plan Rows": 1722,
                                              "Plan Width": 10,
                                              "Actual Startup Time": 228.761,
                                              "Actual Total Time": 248.999,
                                              "Actual Rows": 121572,
                                              "Actual Loops": 7,
                                              "Inner Unique": false,
                                              "Merge Cond": "(it2.id = mi_idx.info_type_id)",
                                              "Plans": [
                                                {
                                                  "Node Type": "Sort",
                                                  "Parent Relationship": "Outer",
                                                  "Parallel Aware": false,
                                                  "Startup Cost": 2.42,
                                                  "Total Cost": 2.43,
                                                  "Plan Rows": 1,
                                                  "Plan Width": 4,
                                                  "Actual Startup Time": 0.054,
                                                  "Actual Total Time": 0.057,
                                                  "Actual Rows": 1,
                                                  "Actual Loops": 7,
                                                  "Sort Key": [
                                                    "it2.id"
                                                  ],
                                                  "Sort Method": "quicksort",
                                                  "Sort Space Used": 25,
                                                  "Sort Space Type": "Memory",
                                                  "Workers": [
                                                    {
                                                      "Worker Number": 0,
                                                      "Sort Method": "quicksort",
                                                      "Sort Space Used": 25,
                                                      "Sort Space Type": "Memory"
                                                    },
                                                    {
                                                      "Worker Number": 1,
                                                      "Sort Method": "quicksort",
                                                      "Sort Space Used": 25,
                                                      "Sort Space Type": "Memory"
                                                    },
                                                    {
                                                      "Worker Number": 2,
                                                      "Sort Method": "quicksort",
                                                      "Sort Space Used": 25,
                                                      "Sort Space Type": "Memory"
                                                    },
                                                    {
                                                      "Worker Number": 3,
                                                      "Sort Method": "quicksort",
                                                      "Sort Space Used": 25,
                                                      "Sort Space Type": "Memory"
                                                    },
                                                    {
                                                      "Worker Number": 4,
                                                      "Sort Method": "quicksort",
                                                      "Sort Space Used": 25,
                                                      "Sort Space Type": "Memory"
                                                    },
                                                    {
                                                      "Worker Number": 5,
                                                      "Sort Method": "quicksort",
                                                      "Sort Space Used": 25,
                                                      "Sort Space Type": "Memory"
                                                    }
                                                  ],
                                                  "Plans": [
                                                    {
                                                      "Node Type": "Seq Scan",
                                                      "Parent Relationship": "Outer",
                                                      "Parallel Aware": false,
                                                      "Relation Name": "info_type",
                                                      "Alias": "it2",
                                                      "Startup Cost": 0.0,
                                                      "Total Cost": 2.41,
                                                      "Plan Rows": 1,
                                                      "Plan Width": 4,
                                                      "Actual Startup Time": 0.048,
                                                      "Actual Total Time": 0.05,
                                                      "Actual Rows": 1,
                                                      "Actual Loops": 7,
                                                      "Filter": "((info)::text = 'rating'::text)",
                                                      "Rows Removed by Filter": 112
                                                    }
                                                  ]
                                                },
                                                {
                                                  "Node Type": "Sort",
                                                  "Parent Relationship": "Inner",
                                                  "Parallel Aware": false,
                                                  "Startup Cost": 42282.24,
                                                  "Total Cost": 42768.77,
                                                  "Plan Rows": 194611,
                                                  "Plan Width": 14,
                                                  "Actual Startup Time": 216.053,
                                                  "Actual Total Time": 228.566,
                                                  "Actual Rows": 192806,
                                                  "Actual Loops": 7,
                                                  "Sort Key": [
                                                    "mi_idx.info_type_id"
                                                  ],
                                                  "Sort Method": "quicksort",
                                                  "Sort Space Used": 15241,
                                                  "Sort Space Type": "Memory",
                                                  "Workers": [
                                                    {
                                                      "Worker Number": 0,
                                                      "Sort Method": "quicksort",
                                                      "Sort Space Used": 15241,
                                                      "Sort Space Type": "Memory"
                                                    },
                                                    {
                                                      "Worker Number": 1,
                                                      "Sort Method": "quicksort",
                                                      "Sort Space Used": 15241,
                                                      "Sort Space Type": "Memory"
                                                    },
                                                    {
                                                      "Worker Number": 2,
                                                      "Sort Method": "quicksort",
                                                      "Sort Space Used": 15241,
                                                      "Sort Space Type": "Memory"
                                                    },
                                                    {
                                                      "Worker Number": 3,
                                                      "Sort Method": "quicksort",
                                                      "Sort Space Used": 15241,
                                                      "Sort Space Type": "Memory"
                                                    },
                                                    {
                                                      "Worker Number": 4,
                                                      "Sort Method": "quicksort",
                                                      "Sort Space Used": 15241,
                                                      "Sort Space Type": "Memory"
                                                    },
                                                    {
                                                      "Worker Number": 5,
                                                      "Sort Method": "quicksort",
                                                      "Sort Space Used": 15241,
                                                      "Sort Space Type": "Memory"
                                                    }
                                                  ],
                                                  "Plans": [
                                                    {
                                                      "Node Type": "Seq Scan",
                                                      "Parent Relationship": "Outer",
                                                      "Parallel Aware": false,
                                                      "Relation Name": "movie_info_idx",
                                                      "Alias": "mi_idx",
                                                      "Startup Cost": 0.0,
                                                      "Total Cost": 25185.44,
                                                      "Plan Rows": 194611,
                                                      "Plan Width": 14,
                                                      "Actual Startup Time": 0.029,
                                                      "Actual Total Time": 170.546,
                                                      "Actual Rows": 192839,
                                                      "Actual Loops": 7,
                                                      "Filter": "(info > '7.0'::text)",
                                                      "Rows Removed by Filter": 1187196
                                                    }
                                                  ]
                                                }
                                              ]
                                            }
                                          ]
                                        }
                                      ]
                                    }
                                  ]
                                }
                              ]
                            }
                          ]
                        }
                      ]
                    },
                    {
                      "Node Type": "Sort",
                      "Parent Relationship": "Inner",
                      "Parallel Aware": false,
                      "Startup Cost": 3967.99,
                      "Total Cost": 3968.02,
                      "Plan Rows": 10,
                      "Plan Width": 4,
                      "Actual Startup Time": 29.126,
                      "Actual Total Time": 29.13,
                      "Actual Rows": 10,
                      "Actual Loops": 1,
                      "Sort Key": [
                        "k.id"
                      ],
                      "Sort Method": "quicksort",
                      "Sort Space Used": 25,
                      "Sort Space Type": "Memory",
                      "Plans": [
                        {
                          "Node Type": "Seq Scan",
                          "Parent Relationship": "Outer",
                          "Parallel Aware": false,
                          "Relation Name": "keyword",
                          "Alias": "k",
                          "Startup Cost": 0.0,
                          "Total Cost": 3967.82,
                          "Plan Rows": 10,
                          "Plan Width": 4,
                          "Actual Startup Time": 0.137,
                          "Actual Total Time": 29.104,
                          "Actual Rows": 10,
                          "Actual Loops": 1,
                          "Filter": "(keyword = ANY ('{superhero,marvel-comics,based-on-comic,tv-special,fight,violence,magnet,web,claw,laser}'::text[]))",
                          "Rows Removed by Filter": 134160
                        }
                      ]
                    }
                  ]
                }
              ]
            }
          ]
        }
      ]
    },
    "Planning Time": 76.778,
    "Triggers": [],
    "Execution Time": 7812.615
  }
]