[
  {
    "Plan": {
      "Node Type": "Aggregate",
      "Strategy": "Plain",
      "Partial Mode": "Finalize",
      "Parallel Aware": false,
      "Startup Cost": 32948.09,
      "Total Cost": 32948.1,
      "Plan Rows": 1,
      "Plan Width": 8,
      "Actual Startup Time": 113.98,
      "Actual Total Time": 125.033,
      "Actual Rows": 1,
      "Actual Loops": 1,
      "Plans": [
        {
          "Node Type": "Gather",
          "Parent Relationship": "Outer",
          "Parallel Aware": false,
          "Startup Cost": 32947.78,
          "Total Cost": 32948.09,
          "Plan Rows": 3,
          "Plan Width": 8,
          "Actual Startup Time": 113.672,
          "Actual Total Time": 125.021,
          "Actual Rows": 4,
          "Actual Loops": 1,
          "Workers Planned": 3,
          "Workers Launched": 3,
          "Single Copy": false,
          "Plans": [
            {
              "Node Type": "Aggregate",
              "Strategy": "Plain",
              "Partial Mode": "Partial",
              "Parent Relationship": "Outer",
              "Parallel Aware": false,
              "Startup Cost": 31947.78,
              "Total Cost": 31947.79,
              "Plan Rows": 1,
              "Plan Width": 8,
              "Actual Startup Time": 107.322,
              "Actual Total Time": 107.324,
              "Actual Rows": 1,
              "Actual Loops": 4,
              "Plans": [
                {
                  "Node Type": "Bitmap Heap Scan",
                  "Parent Relationship": "Outer",
                  "Parallel Aware": true,
                  "Relation Name": "movie_keyword",
                  "Alias": "mk",
                  "Startup Cost": 6101.84,
                  "Total Cost": 31715.79,
                  "Plan Rows": 92795,
                  "Plan Width": 0,
                  "Actual Startup Time": 35.278,
                  "Actual Total Time": 102.368,
                  "Actual Rows": 70657,
                  "Actual Loops": 4,
                  "Recheck Cond": "(keyword_id < 234)",
                  "Rows Removed by Index Recheck": 0,
                  "Exact Heap Blocks": 12621,
                  "Lossy Heap Blocks": 0,
                  "Plans": [
                    {
                      "Node Type": "Bitmap Index Scan",
                      "Parent Relationship": "Outer",
                      "Parallel Aware": false,
                      "Index Name": "keyword_id_movie_keyword",
                      "Startup Cost": 0.0,
                      "Total Cost": 6029.93,
                      "Plan Rows": 287666,
                      "Plan Width": 0,
                      "Actual Startup Time": 36.1,
                      "Actual Total Time": 36.101,
                      "Actual Rows": 282628,
                      "Actual Loops": 1,
                      "Index Cond": "(keyword_id < 234)"
                    }
                  ]
                }
              ]
            }
          ]
        }
      ]
    },
    "Planning Time": 0.199,
    "Triggers": [],
    "Execution Time": 125.115
  }
]