[
  {
    "Plan": {
      "Node Type": "Aggregate",
      "Strategy": "Plain",
      "Partial Mode": "Finalize",
      "Parallel Aware": false,
      "Startup Cost": 73349.05,
      "Total Cost": 73349.06,
      "Plan Rows": 1,
      "Plan Width": 8,
      "Actual Startup Time": 404.623,
      "Actual Total Time": 460.147,
      "Actual Rows": 1,
      "Actual Loops": 1,
      "Plans": [
        {
          "Node Type": "Gather",
          "Parent Relationship": "Outer",
          "Parallel Aware": false,
          "Startup Cost": 73348.84,
          "Total Cost": 73349.05,
          "Plan Rows": 2,
          "Plan Width": 8,
          "Actual Startup Time": 404.296,
          "Actual Total Time": 460.138,
          "Actual Rows": 3,
          "Actual Loops": 1,
          "Workers Planned": 2,
          "Workers Launched": 2,
          "Single Copy": false,
          "Plans": [
            {
              "Node Type": "Aggregate",
              "Strategy": "Plain",
              "Partial Mode": "Partial",
              "Parent Relationship": "Outer",
              "Parallel Aware": false,
              "Startup Cost": 72348.84,
              "Total Cost": 72348.85,
              "Plan Rows": 1,
              "Plan Width": 8,
              "Actual Startup Time": 396.566,
              "Actual Total Time": 396.57,
              "Actual Rows": 1,
              "Actual Loops": 3,
              "Plans": [
                {
                  "Node Type": "Nested Loop",
                  "Parent Relationship": "Outer",
                  "Parallel Aware": false,
                  "Join Type": "Inner",
                  "Startup Cost": 45571.34,
                  "Total Cost": 72290.14,
                  "Plan Rows": 23481,
                  "Plan Width": 0,
                  "Actual Startup Time": 140.234,
                  "Actual Total Time": 392.432,
                  "Actual Rows": 57039,
                  "Actual Loops": 3,
                  "Inner Unique": false,
                  "Join Filter": "(t.id = ci.movie_id)",
                  "Rows Removed by Join Filter": 0,
                  "Plans": [
                    {
                      "Node Type": "Hash Join",
                      "Parent Relationship": "Outer",
                      "Parallel Aware": true,
                      "Join Type": "Inner",
                      "Startup Cost": 45570.77,
                      "Total Cost": 61201.43,
                      "Plan Rows": 2245,
                      "Plan Width": 8,
                      "Actual Startup Time": 140.101,
                      "Actual Total Time": 174.34,
                      "Actual Rows": 2500,
                      "Actual Loops": 3,
                      "Inner Unique": true,
                      "Hash Cond": "(mi_idx.movie_id = t.id)",
                      "Plans": [
                        {
                          "Node Type": "Seq Scan",
                          "Parent Relationship": "Outer",
                          "Parallel Aware": true,
                          "Relation Name": "movie_info_idx",
                          "Alias": "mi_idx",
                          "Startup Cost": 0.0,
                          "Total Cost": 15122.68,
                          "Plan Rows": 193512,
                          "Plan Width": 4,
                          "Actual Startup Time": 0.029,
                          "Actual Total Time": 38.827,
                          "Actual Rows": 153308,
                          "Actual Loops": 3,
                          "Filter": "(info_type_id = 100)",
                          "Rows Removed by Filter": 306703
                        },
                        {
                          "Node Type": "Hash",
                          "Parent Relationship": "Inner",
                          "Parallel Aware": true,
                          "Startup Cost": 45479.1,
                          "Total Cost": 45479.1,
                          "Plan Rows": 7334,
                          "Plan Width": 4,
                          "Actual Startup Time": 116.97,
                          "Actual Total Time": 116.972,
                          "Actual Rows": 5372,
                          "Actual Loops": 3,
                          "Hash Buckets": 32768,
                          "Original Hash Buckets": 32768,
                          "Hash Batches": 1,
                          "Original Hash Batches": 1,
                          "Peak Memory Usage": 928,
                          "Plans": [
                            {
                              "Node Type": "Seq Scan",
                              "Parent Relationship": "Outer",
                              "Parallel Aware": true,
                              "Relation Name": "title",
                              "Alias": "t",
                              "Startup Cost": 0.0,
                              "Total Cost": 45479.1,
                              "Plan Rows": 7334,
                              "Plan Width": 4,
                              "Actual Startup Time": 69.919,
                              "Actual Total Time": 114.747,
                              "Actual Rows": 5372,
                              "Actual Loops": 3,
                              "Filter": "((kind_id = 1) AND (production_year = 2006))",
                              "Rows Removed by Filter": 837398
                            }
                          ]
                        }
                      ]
                    },
                    {
                      "Node Type": "Index Scan",
                      "Parent Relationship": "Inner",
                      "Parallel Aware": false,
                      "Scan Direction": "Forward",
                      "Index Name": "movie_id_cast_info",
                      "Relation Name": "cast_info",
                      "Alias": "ci",
                      "Startup Cost": 0.56,
                      "Total Cost": 4.6,
                      "Plan Rows": 27,
                      "Plan Width": 4,
                      "Actual Startup Time": 0.024,
                      "Actual Total Time": 0.084,
                      "Actual Rows": 23,
                      "Actual Loops": 7499,
                      "Index Cond": "(movie_id = mi_idx.movie_id)",
                      "Rows Removed by Index Recheck": 0,
                      "Filter": "(person_id > 970329)",
                      "Rows Removed by Filter": 8
                    }
                  ]
                }
              ]
            }
          ]
        }
      ]
    },
    "Planning Time": 0.835,
    "Triggers": [],
    "Execution Time": 460.222
  }
]