[
  {
    "Plan": {
      "Node Type": "Aggregate",
      "Strategy": "Plain",
      "Partial Mode": "Finalize",
      "Parallel Aware": false,
      "Startup Cost": 93727.36,
      "Total Cost": 93727.37,
      "Plan Rows": 1,
      "Plan Width": 8,
      "Actual Startup Time": 389.124,
      "Actual Total Time": 404.886,
      "Actual Rows": 1,
      "Actual Loops": 1,
      "Plans": [
        {
          "Node Type": "Gather",
          "Parent Relationship": "Outer",
          "Parallel Aware": false,
          "Startup Cost": 93727.04,
          "Total Cost": 93727.35,
          "Plan Rows": 3,
          "Plan Width": 8,
          "Actual Startup Time": 387.391,
          "Actual Total Time": 404.878,
          "Actual Rows": 4,
          "Actual Loops": 1,
          "Workers Planned": 3,
          "Workers Launched": 3,
          "Single Copy": false,
          "Plans": [
            {
              "Node Type": "Aggregate",
              "Strategy": "Plain",
              "Partial Mode": "Partial",
              "Parent Relationship": "Outer",
              "Parallel Aware": false,
              "Startup Cost": 92727.04,
              "Total Cost": 92727.05,
              "Plan Rows": 1,
              "Plan Width": 8,
              "Actual Startup Time": 381.82,
              "Actual Total Time": 381.823,
              "Actual Rows": 1,
              "Actual Loops": 4,
              "Plans": [
                {
                  "Node Type": "Hash Join",
                  "Parent Relationship": "Outer",
                  "Parallel Aware": true,
                  "Join Type": "Inner",
                  "Startup Cost": 47127.95,
                  "Total Cost": 92245.79,
                  "Plan Rows": 192500,
                  "Plan Width": 0,
                  "Actual Startup Time": 185.994,
                  "Actual Total Time": 366.888,
                  "Actual Rows": 293287,
                  "Actual Loops": 4,
                  "Inner Unique": true,
                  "Hash Cond": "(mk.movie_id = t.id)",
                  "Plans": [
                    {
                      "Node Type": "Seq Scan",
                      "Parent Relationship": "Outer",
                      "Parallel Aware": true,
                      "Relation Name": "movie_keyword",
                      "Alias": "mk",
                      "Startup Cost": 0.0,
                      "Total Cost": 42695.65,
                      "Plan Rows": 922739,
                      "Plan Width": 4,
                      "Actual Startup Time": 0.191,
                      "Actual Total Time": 122.768,
                      "Actual Rows": 713674,
                      "Actual Loops": 4,
                      "Filter": "(keyword_id > 2554)",
                      "Rows Removed by Filter": 417309
                    },
                    {
                      "Node Type": "Hash",
                      "Parent Relationship": "Inner",
                      "Parallel Aware": true,
                      "Startup Cost": 45479.59,
                      "Total Cost": 45479.59,
                      "Plan Rows": 131869,
                      "Plan Width": 4,
                      "Actual Startup Time": 146.595,
                      "Actual Total Time": 146.596,
                      "Actual Rows": 100932,
                      "Actual Loops": 4,
                      "Hash Buckets": 1048576,
                      "Original Hash Buckets": 1048576,
                      "Hash Batches": 1,
                      "Original Hash Batches": 1,
                      "Peak Memory Usage": 24064,
                      "Plans": [
                        {
                          "Node Type": "Seq Scan",
                          "Parent Relationship": "Outer",
                          "Parallel Aware": true,
                          "Relation Name": "title",
                          "Alias": "t",
                          "Startup Cost": 0.0,
                          "Total Cost": 45479.59,
                          "Plan Rows": 131869,
                          "Plan Width": 4,
                          "Actual Startup Time": 46.531,
                          "Actual Total Time": 106.543,
                          "Actual Rows": 100932,
                          "Actual Loops": 4,
                          "Filter": "((production_year > 1975) AND (kind_id = 1))",
                          "Rows Removed by Filter": 531146
                        }
                      ]
                    }
                  ]
                }
              ]
            }
          ]
        }
      ]
    },
    "Planning Time": 0.308,
    "Triggers": [],
    "Execution Time": 404.934
  }
]