{
  "Plan": {
    "Node Type": "Aggregate",
    "Strategy": "Plain",
    "Partial Mode": "Finalize",
    "Parallel Aware": false,
    "Startup Cost": 990409.96,
    "Total Cost": 990409.97,
    "Plan Rows": 1,
    "Plan Width": 8,
    "Actual Startup Time": 6369.52,
    "Actual Total Time": 6468.923,
    "Actual Rows": 1,
    "Actual Loops": 1,
    "Plans": [
      {
        "Node Type": "Gather",
        "Parent Relationship": "Outer",
        "Parallel Aware": false,
        "Startup Cost": 990409.84,
        "Total Cost": 990409.95,
        "Plan Rows": 1,
        "Plan Width": 8,
        "Actual Startup Time": 6366.995,
        "Actual Total Time": 6468.911,
        "Actual Rows": 2,
        "Actual Loops": 1,
        "Workers Planned": 1,
        "Workers Launched": 1,
        "Single Copy": false,
        "Plans": [
          {
            "Node Type": "Aggregate",
            "Strategy": "Plain",
            "Partial Mode": "Partial",
            "Parent Relationship": "Outer",
            "Parallel Aware": false,
            "Startup Cost": 989409.84,
            "Total Cost": 989409.85,
            "Plan Rows": 1,
            "Plan Width": 8,
            "Actual Startup Time": 6360.918,
            "Actual Total Time": 6360.924,
            "Actual Rows": 1,
            "Actual Loops": 2,
            "Plans": [
              {
                "Node Type": "Hash Join",
                "Parent Relationship": "Outer",
                "Parallel Aware": true,
                "Join Type": "Inner",
                "Startup Cost": 622790.53,
                "Total Cost": 983495.49,
                "Plan Rows": 2365742,
                "Plan Width": 0,
                "Actual Startup Time": 3450.564,
                "Actual Total Time": 6052.433,
                "Actual Rows": 7866443,
                "Actual Loops": 2,
                "Inner Unique": false,
                "Hash Cond": "(mi.movie_id = t.id)",
                "Plans": [
                  {
                    "Node Type": "Seq Scan",
                    "Parent Relationship": "Outer",
                    "Parallel Aware": true,
                    "Relation Name": "movie_info",
                    "Alias": "mi",
                    "Startup Cost": 0.0,
                    "Total Cost": 248955.74,
                    "Plan Rows": 8696274,
                    "Plan Width": 4,
                    "Actual Startup Time": 0.016,
                    "Actual Total Time": 614.348,
                    "Actual Rows": 7417860,
                    "Actual Loops": 2
                  },
                  {
                    "Node Type": "Hash",
                    "Parent Relationship": "Inner",
                    "Parallel Aware": true,
                    "Startup Cost": 617733.18,
                    "Total Cost": 617733.18,
                    "Plan Rows": 404588,
                    "Plan Width": 8,
                    "Actual Startup Time": 3407.068,
                    "Actual Total Time": 3407.073,
                    "Actual Rows": 420911,
                    "Actual Loops": 2,
                    "Hash Buckets": 1048576,
                    "Original Hash Buckets": 1048576,
                    "Hash Batches": 1,
                    "Original Hash Batches": 1,
                    "Peak Memory Usage": 41152,
                    "Plans": [
                      {
                        "Node Type": "Hash Join",
                        "Parent Relationship": "Outer",
                        "Parallel Aware": true,
                        "Join Type": "Inner",
                        "Startup Cost": 54131.55,
                        "Total Cost": 617733.18,
                        "Plan Rows": 404588,
                        "Plan Width": 8,
                        "Actual Startup Time": 262.372,
                        "Actual Total Time": 3279.443,
                        "Actual Rows": 420911,
                        "Actual Loops": 2,
                        "Inner Unique": true,
                        "Hash Cond": "(ci.movie_id = t.id)",
                        "Plans": [
                          {
                            "Node Type": "Seq Scan",
                            "Parent Relationship": "Outer",
                            "Parallel Aware": true,
                            "Relation Name": "cast_info",
                            "Alias": "ci",
                            "Startup Cost": 0.0,
                            "Total Cost": 519069.44,
                            "Plan Rows": 16964616,
                            "Plan Width": 4,
                            "Actual Startup Time": 166.896,
                            "Actual Total Time": 1581.488,
                            "Actual Rows": 14327576,
                            "Actual Loops": 2,
                            "Filter": "(person_id > 735919)",
                            "Rows Removed by Filter": 3794596
                          },
                          {
                            "Node Type": "Hash",
                            "Parent Relationship": "Inner",
                            "Parallel Aware": true,
                            "Startup Cost": 53688.18,
                            "Total Cost": 53688.18,
                            "Plan Rows": 35469,
                            "Plan Width": 4,
                            "Actual Startup Time": 95.048,
                            "Actual Total Time": 95.05,
                            "Actual Rows": 30790,
                            "Actual Loops": 2,
                            "Hash Buckets": 65536,
                            "Original Hash Buckets": 65536,
                            "Hash Batches": 1,
                            "Original Hash Batches": 1,
                            "Peak Memory Usage": 2944,
                            "Plans": [
                              {
                                "Node Type": "Bitmap Heap Scan",
                                "Parent Relationship": "Outer",
                                "Parallel Aware": true,
                                "Relation Name": "title",
                                "Alias": "t",
                                "Startup Cost": 11837.92,
                                "Total Cost": 53688.18,
                                "Plan Rows": 35469,
                                "Plan Width": 4,
                                "Actual Startup Time": 31.015,
                                "Actual Total Time": 88.39,
                                "Actual Rows": 30790,
                                "Actual Loops": 2,
                                "Recheck Cond": "(kind_id = 1)",
                                "Rows Removed by Index Recheck": 0,
                                "Filter": "(production_year > 2011)",
                                "Rows Removed by Filter": 300622,
                                "Exact Heap Blocks": 9127,
                                "Lossy Heap Blocks": 0,
                                "Plans": [
                                  {
                                    "Node Type": "Bitmap Index Scan",
                                    "Parent Relationship": "Outer",
                                    "Parallel Aware": false,
                                    "Index Name": "kind_id_title",
                                    "Startup Cost": 0.0,
                                    "Total Cost": 11822.85,
                                    "Plan Rows": 663256,
                                    "Plan Width": 0,
                                    "Actual Startup Time": 29.063,
                                    "Actual Total Time": 29.064,
                                    "Actual Rows": 662825,
                                    "Actual Loops": 1,
                                    "Index Cond": "(kind_id = 1)"
                                  }
                                ]
                              }
                            ]
                          }
                        ]
                      }
                    ]
                  }
                ]
              }
            ]
          }
        ]
      }
    ]
  },
  "Planning Time": 0.957,
  "Triggers": [],
  "Execution Time": 6469.046
}