[
  {
    "Plan": {
      "Node Type": "Aggregate",
      "Strategy": "Plain",
      "Partial Mode": "Finalize",
      "Parallel Aware": false,
      "Startup Cost": 45726.96,
      "Total Cost": 45726.97,
      "Plan Rows": 1,
      "Plan Width": 8,
      "Actual Startup Time": 149.325,
      "Actual Total Time": 158.776,
      "Actual Rows": 1,
      "Actual Loops": 1,
      "Plans": [
        {
          "Node Type": "Gather",
          "Parent Relationship": "Outer",
          "Parallel Aware": false,
          "Startup Cost": 45726.64,
          "Total Cost": 45726.95,
          "Plan Rows": 3,
          "Plan Width": 8,
          "Actual Startup Time": 149.187,
          "Actual Total Time": 158.768,
          "Actual Rows": 4,
          "Actual Loops": 1,
          "Workers Planned": 3,
          "Workers Launched": 3,
          "Single Copy": false,
          "Plans": [
            {
              "Node Type": "Aggregate",
              "Strategy": "Plain",
              "Partial Mode": "Partial",
              "Parent Relationship": "Outer",
              "Parallel Aware": false,
              "Startup Cost": 44726.64,
              "Total Cost": 44726.65,
              "Plan Rows": 1,
              "Plan Width": 8,
              "Actual Startup Time": 143.453,
              "Actual Total Time": 143.454,
              "Actual Rows": 1,
              "Actual Loops": 4,
              "Plans": [
                {
                  "Node Type": "Seq Scan",
                  "Parent Relationship": "Outer",
                  "Parallel Aware": true,
                  "Relation Name": "movie_keyword",
                  "Alias": "mk",
                  "Startup Cost": 0.0,
                  "Total Cost": 42695.65,
                  "Plan Rows": 812396,
                  "Plan Width": 0,
                  "Actual Startup Time": 0.459,
                  "Actual Total Time": 115.212,
                  "Actual Rows": 627028,
                  "Actual Loops": 4,
                  "Filter": "(keyword_id > 3597)",
                  "Rows Removed by Filter": 503954
                }
              ]
            }
          ]
        }
      ]
    },
    "Planning Time": 0.183,
    "Triggers": [],
    "Execution Time": 158.832
  }
]