[
  {
    "Plan": {
      "Node Type": "Aggregate",
      "Strategy": "Plain",
      "Partial Mode": "Finalize",
      "Parallel Aware": false,
      "Startup Cost": 92673.34,
      "Total Cost": 92673.35,
      "Plan Rows": 1,
      "Plan Width": 8,
      "Actual Startup Time": 529.517,
      "Actual Total Time": 549.613,
      "Actual Rows": 1,
      "Actual Loops": 1,
      "Plans": [
        {
          "Node Type": "Gather",
          "Parent Relationship": "Outer",
          "Parallel Aware": false,
          "Startup Cost": 92673.02,
          "Total Cost": 92673.33,
          "Plan Rows": 3,
          "Plan Width": 8,
          "Actual Startup Time": 514.909,
          "Actual Total Time": 549.602,
          "Actual Rows": 4,
          "Actual Loops": 1,
          "Workers Planned": 3,
          "Workers Launched": 3,
          "Single Copy": false,
          "Plans": [
            {
              "Node Type": "Aggregate",
              "Strategy": "Plain",
              "Partial Mode": "Partial",
              "Parent Relationship": "Outer",
              "Parallel Aware": false,
              "Startup Cost": 91673.02,
              "Total Cost": 91673.03,
              "Plan Rows": 1,
              "Plan Width": 8,
              "Actual Startup Time": 495.66,
              "Actual Total Time": 495.665,
              "Actual Rows": 1,
              "Actual Loops": 4,
              "Plans": [
                {
                  "Node Type": "Nested Loop",
                  "Parent Relationship": "Outer",
                  "Parallel Aware": false,
                  "Join Type": "Inner",
                  "Startup Cost": 52040.83,
                  "Total Cost": 91635.29,
                  "Plan Rows": 15093,
                  "Plan Width": 0,
                  "Actual Startup Time": 358.143,
                  "Actual Total Time": 493.041,
                  "Actual Rows": 47408,
                  "Actual Loops": 4,
                  "Inner Unique": false,
                  "Plans": [
                    {
                      "Node Type": "Hash Join",
                      "Parent Relationship": "Outer",
                      "Parallel Aware": true,
                      "Join Type": "Inner",
                      "Startup Cost": 52040.41,
                      "Total Cost": 76912.64,
                      "Plan Rows": 27652,
                      "Plan Width": 8,
                      "Actual Startup Time": 358.055,
                      "Actual Total Time": 408.275,
                      "Actual Rows": 23726,
                      "Actual Loops": 4,
                      "Inner Unique": true,
                      "Hash Cond": "(mk.movie_id = t.id)",
                      "Plans": [
                        {
                          "Node Type": "Bitmap Heap Scan",
                          "Parent Relationship": "Outer",
                          "Parallel Aware": true,
                          "Relation Name": "movie_keyword",
                          "Alias": "mk",
                          "Startup Cost": 1820.76,
                          "Total Cost": 26620.41,
                          "Plan Rows": 27652,
                          "Plan Width": 4,
                          "Actual Startup Time": 9.642,
                          "Actual Total Time": 40.724,
                          "Actual Rows": 23726,
                          "Actual Loops": 4,
                          "Recheck Cond": "(keyword_id < 85)",
                          "Rows Removed by Index Recheck": 0,
                          "Exact Heap Blocks": 6587,
                          "Lossy Heap Blocks": 0,
                          "Plans": [
                            {
                              "Node Type": "Bitmap Index Scan",
                              "Parent Relationship": "Outer",
                              "Parallel Aware": false,
                              "Index Name": "keyword_id_movie_keyword",
                              "Startup Cost": 0.0,
                              "Total Cost": 1799.33,
                              "Plan Rows": 85720,
                              "Plan Width": 0,
                              "Actual Startup Time": 6.501,
                              "Actual Total Time": 6.501,
                              "Actual Rows": 94902,
                              "Actual Loops": 1,
                              "Index Cond": "(keyword_id < 85)"
                            }
                          ]
                        },
                        {
                          "Node Type": "Hash",
                          "Parent Relationship": "Inner",
                          "Parallel Aware": true,
                          "Startup Cost": 42318.73,
                          "Total Cost": 42318.73,
                          "Plan Rows": 632073,
                          "Plan Width": 4,
                          "Actual Startup Time": 337.365,
                          "Actual Total Time": 337.366,
                          "Actual Rows": 632078,
                          "Actual Loops": 4,
                          "Hash Buckets": 4194304,
                          "Original Hash Buckets": 4194304,
                          "Hash Batches": 1,
                          "Original Hash Batches": 1,
                          "Peak Memory Usage": 131744,
                          "Plans": [
                            {
                              "Node Type": "Seq Scan",
                              "Parent Relationship": "Outer",
                              "Parallel Aware": true,
                              "Relation Name": "title",
                              "Alias": "t",
                              "Startup Cost": 0.0,
                              "Total Cost": 42318.73,
                              "Plan Rows": 632073,
                              "Plan Width": 4,
                              "Actual Startup Time": 0.04,
                              "Actual Total Time": 96.663,
                              "Actual Rows": 632078,
                              "Actual Loops": 4
                            }
                          ]
                        }
                      ]
                    },
                    {
                      "Node Type": "Index Only Scan",
                      "Parent Relationship": "Inner",
                      "Parallel Aware": false,
                      "Scan Direction": "Forward",
                      "Index Name": "movie_id_movie_info_idx",
                      "Relation Name": "movie_info_idx",
                      "Alias": "mi_idx",
                      "Startup Cost": 0.43,
                      "Total Cost": 0.5,
                      "Plan Rows": 3,
                      "Plan Width": 4,
                      "Actual Startup Time": 0.003,
                      "Actual Total Time": 0.003,
                      "Actual Rows": 2,
                      "Actual Loops": 94902,
                      "Index Cond": "(movie_id = t.id)",
                      "Rows Removed by Index Recheck": 0,
                      "Heap Fetches": 189634
                    }
                  ]
                }
              ]
            }
          ]
        }
      ]
    },
    "Planning Time": 1.439,
    "Triggers": [],
    "Execution Time": 549.731
  }
]