[
  {
    "Plan": {
      "Node Type": "Aggregate",
      "Strategy": "Plain",
      "Partial Mode": "Finalize",
      "Parallel Aware": false,
      "Startup Cost": 264975.97,
      "Total Cost": 264975.98,
      "Plan Rows": 1,
      "Plan Width": 8,
      "Actual Startup Time": 1051.855,
      "Actual Total Time": 1072.927,
      "Actual Rows": 1,
      "Actual Loops": 1,
      "Plans": [
        {
          "Node Type": "Gather",
          "Parent Relationship": "Outer",
          "Parallel Aware": false,
          "Startup Cost": 264975.75,
          "Total Cost": 264975.96,
          "Plan Rows": 2,
          "Plan Width": 8,
          "Actual Startup Time": 1038.922,
          "Actual Total Time": 1072.916,
          "Actual Rows": 3,
          "Actual Loops": 1,
          "Workers Planned": 2,
          "Workers Launched": 2,
          "Single Copy": false,
          "Plans": [
            {
              "Node Type": "Aggregate",
              "Strategy": "Plain",
              "Partial Mode": "Partial",
              "Parent Relationship": "Outer",
              "Parallel Aware": false,
              "Startup Cost": 263975.75,
              "Total Cost": 263975.76,
              "Plan Rows": 1,
              "Plan Width": 8,
              "Actual Startup Time": 1030.545,
              "Actual Total Time": 1030.912,
              "Actual Rows": 1,
              "Actual Loops": 3,
              "Plans": [
                {
                  "Node Type": "Hash Join",
                  "Parent Relationship": "Outer",
                  "Parallel Aware": true,
                  "Join Type": "Inner",
                  "Startup Cost": 246978.72,
                  "Total Cost": 263333.77,
                  "Plan Rows": 256795,
                  "Plan Width": 0,
                  "Actual Startup Time": 850.459,
                  "Actual Total Time": 1011.654,
                  "Actual Rows": 373751,
                  "Actual Loops": 3,
                  "Inner Unique": false,
                  "Hash Cond": "(mi_idx.movie_id = t.id)",
                  "Plans": [
                    {
                      "Node Type": "Seq Scan",
                      "Parent Relationship": "Outer",
                      "Parallel Aware": true,
                      "Relation Name": "movie_info_idx",
                      "Alias": "mi_idx",
                      "Startup Cost": 0.0,
                      "Total Cost": 13685.15,
                      "Plan Rows": 575015,
                      "Plan Width": 4,
                      "Actual Startup Time": 0.036,
                      "Actual Total Time": 43.313,
                      "Actual Rows": 460012,
                      "Actual Loops": 3
                    },
                    {
                      "Node Type": "Hash",
                      "Parent Relationship": "Inner",
                      "Parallel Aware": true,
                      "Startup Cost": 244155.95,
                      "Total Cost": 244155.95,
                      "Plan Rows": 225822,
                      "Plan Width": 8,
                      "Actual Startup Time": 842.232,
                      "Actual Total Time": 842.597,
                      "Actual Rows": 343168,
                      "Actual Loops": 3,
                      "Hash Buckets": 2097152,
                      "Original Hash Buckets": 2097152,
                      "Hash Batches": 1,
                      "Original Hash Batches": 1,
                      "Peak Memory Usage": 56704,
                      "Plans": [
                        {
                          "Node Type": "Hash Join",
                          "Parent Relationship": "Outer",
                          "Parallel Aware": true,
                          "Join Type": "Inner",
                          "Startup Cost": 77519.46,
                          "Total Cost": 244155.95,
                          "Plan Rows": 225822,
                          "Plan Width": 8,
                          "Actual Startup Time": 460.141,
                          "Actual Total Time": 719.534,
                          "Actual Rows": 343168,
                          "Actual Loops": 3,
                          "Inner Unique": true,
                          "Hash Cond": "(mi.movie_id = t.id)",
                          "Plans": [
                            {
                              "Node Type": "Bitmap Heap Scan",
                              "Parent Relationship": "Outer",
                              "Parallel Aware": true,
                              "Relation Name": "movie_info",
                              "Alias": "mi",
                              "Startup Cost": 27808.97,
                              "Total Cost": 193639.56,
                              "Plan Rows": 307007,
                              "Plan Width": 4,
                              "Actual Startup Time": 72.4,
                              "Actual Total Time": 139.843,
                              "Actual Rows": 511303,
                              "Actual Loops": 3,
                              "Recheck Cond": "(info_type_id = 3)",
                              "Rows Removed by Index Recheck": 0,
                              "Exact Heap Blocks": 3008,
                              "Lossy Heap Blocks": 0,
                              "Plans": [
                                {
                                  "Node Type": "Bitmap Index Scan",
                                  "Parent Relationship": "Outer",
                                  "Parallel Aware": false,
                                  "Index Name": "info_type_id_movie_info",
                                  "Startup Cost": 0.0,
                                  "Total Cost": 27425.21,
                                  "Plan Rows": 1535037,
                                  "Plan Width": 0,
                                  "Actual Startup Time": 69.977,
                                  "Actual Total Time": 69.977,
                                  "Actual Rows": 1533909,
                                  "Actual Loops": 1,
                                  "Index Cond": "(info_type_id = 3)"
                                }
                              ]
                            },
                            {
                              "Node Type": "Hash",
                              "Parent Relationship": "Inner",
                              "Parallel Aware": true,
                              "Startup Cost": 43898.92,
                              "Total Cost": 43898.92,
                              "Plan Rows": 464926,
                              "Plan Width": 4,
                              "Actual Startup Time": 382.117,
                              "Actual Total Time": 382.118,
                              "Actual Rows": 617602,
                              "Actual Loops": 3,
                              "Hash Buckets": 2097152,
                              "Original Hash Buckets": 2097152,
                              "Hash Batches": 1,
                              "Original Hash Batches": 1,
                              "Peak Memory Usage": 88896,
                              "Plans": [
                                {
                                  "Node Type": "Seq Scan",
                                  "Parent Relationship": "Outer",
                                  "Parallel Aware": true,
                                  "Relation Name": "title",
                                  "Alias": "t",
                                  "Startup Cost": 0.0,
                                  "Total Cost": 43898.92,
                                  "Plan Rows": 464926,
                                  "Plan Width": 4,
                                  "Actual Startup Time": 0.046,
                                  "Actual Total Time": 162.184,
                                  "Actual Rows": 617602,
                                  "Actual Loops": 3,
                                  "Filter": "(production_year > 1985)",
                                  "Rows Removed by Filter": 225168
                                }
                              ]
                            }
                          ]
                        }
                      ]
                    }
                  ]
                }
              ]
            }
          ]
        }
      ]
    },
    "Planning Time": 0.895,
    "Triggers": [],
    "Execution Time": 1073.006
  }
]