[
    {
        "Bao": {
            "Bao prediction": 461.499,
            "Bao recommended hint": "(no hint)"
        }
    },
    {
        "Plan": {
            "Node Type": "Aggregate",
            "Strategy": "Plain",
            "Partial Mode": "Finalize",
            "Parallel Aware": false,
            "Startup Cost": 331698.57,
            "Total Cost": 331698.58,
            "Plan Rows": 1,
            "Plan Width": 8,
            "Actual Startup Time": 890.296,
            "Actual Total Time": 925.319,
            "Actual Rows": 1,
            "Actual Loops": 1,
            "Output": [
                "count(*)"
            ],
            "Plans": [
                {
                    "Node Type": "Gather",
                    "Parent Relationship": "Outer",
                    "Parallel Aware": false,
                    "Startup Cost": 331697.95,
                    "Total Cost": 331698.56,
                    "Plan Rows": 6,
                    "Plan Width": 8,
                    "Actual Startup Time": 890.16,
                    "Actual Total Time": 925.303,
                    "Actual Rows": 7,
                    "Actual Loops": 1,
                    "Output": [
                        "(PARTIAL count(*))"
                    ],
                    "Workers Planned": 6,
                    "Workers Launched": 6,
                    "Single Copy": false,
                    "Plans": [
                        {
                            "Node Type": "Aggregate",
                            "Strategy": "Plain",
                            "Partial Mode": "Partial",
                            "Parent Relationship": "Outer",
                            "Parallel Aware": false,
                            "Startup Cost": 330697.95,
                            "Total Cost": 330697.96,
                            "Plan Rows": 1,
                            "Plan Width": 8,
                            "Actual Startup Time": 879.695,
                            "Actual Total Time": 879.697,
                            "Actual Rows": 1,
                            "Actual Loops": 7,
                            "Output": [
                                "PARTIAL count(*)"
                            ],
                            "Workers": [
                                {
                                    "Worker Number": 0,
                                    "Actual Startup Time": 877.466,
                                    "Actual Total Time": 877.469,
                                    "Actual Rows": 1,
                                    "Actual Loops": 1
                                },
                                {
                                    "Worker Number": 1,
                                    "Actual Startup Time": 877.484,
                                    "Actual Total Time": 877.486,
                                    "Actual Rows": 1,
                                    "Actual Loops": 1
                                },
                                {
                                    "Worker Number": 2,
                                    "Actual Startup Time": 877.94,
                                    "Actual Total Time": 877.941,
                                    "Actual Rows": 1,
                                    "Actual Loops": 1
                                },
                                {
                                    "Worker Number": 3,
                                    "Actual Startup Time": 877.748,
                                    "Actual Total Time": 877.749,
                                    "Actual Rows": 1,
                                    "Actual Loops": 1
                                },
                                {
                                    "Worker Number": 4,
                                    "Actual Startup Time": 878.988,
                                    "Actual Total Time": 878.99,
                                    "Actual Rows": 1,
                                    "Actual Loops": 1
                                },
                                {
                                    "Worker Number": 5,
                                    "Actual Startup Time": 879.057,
                                    "Actual Total Time": 879.058,
                                    "Actual Rows": 1,
                                    "Actual Loops": 1
                                }
                            ],
                            "Plans": [
                                {
                                    "Node Type": "Seq Scan",
                                    "Parent Relationship": "Outer",
                                    "Parallel Aware": true,
                                    "Relation Name": "cast_info",
                                    "Schema": "public",
                                    "Alias": "ci",
                                    "Startup Cost": 0.0,
                                    "Total Cost": 328213.62,
                                    "Plan Rows": 993733,
                                    "Plan Width": 0,
                                    "Actual Startup Time": 538.568,
                                    "Actual Total Time": 823.448,
                                    "Actual Rows": 842192,
                                    "Actual Loops": 7,
                                    "Output": [
                                        "id",
                                        "person_id",
                                        "movie_id",
                                        "person_role_id",
                                        "note",
                                        "nr_order",
                                        "role_id"
                                    ],
                                    "Filter": "(ci.person_id > 3054871)",
                                    "Rows Removed by Filter": 4335572,
                                    "Workers": [
                                        {
                                            "Worker Number": 0,
                                            "Actual Startup Time": 536.35,
                                            "Actual Total Time": 826.167,
                                            "Actual Rows": 764031,
                                            "Actual Loops": 1
                                        },
                                        {
                                            "Worker Number": 1,
                                            "Actual Startup Time": 536.363,
                                            "Actual Total Time": 822.919,
                                            "Actual Rows": 770948,
                                            "Actual Loops": 1
                                        },
                                        {
                                            "Worker Number": 2,
                                            "Actual Startup Time": 536.82,
                                            "Actual Total Time": 822.201,
                                            "Actual Rows": 832726,
                                            "Actual Loops": 1
                                        },
                                        {
                                            "Worker Number": 3,
                                            "Actual Startup Time": 536.588,
                                            "Actual Total Time": 822.534,
                                            "Actual Rows": 821924,
                                            "Actual Loops": 1
                                        },
                                        {
                                            "Worker Number": 4,
                                            "Actual Startup Time": 537.871,
                                            "Actual Total Time": 823.69,
                                            "Actual Rows": 824034,
                                            "Actual Loops": 1
                                        },
                                        {
                                            "Worker Number": 5,
                                            "Actual Startup Time": 537.923,
                                            "Actual Total Time": 823.755,
                                            "Actual Rows": 824000,
                                            "Actual Loops": 1
                                        }
                                    ]
                                }
                            ]
                        }
                    ]
                }
            ]
        },
        "Planning Time": 5014.471,
        "Triggers": [],
        "Execution Time": 925.513
    }
]