[
  {
    "Plan": {
      "Node Type": "Aggregate",
      "Strategy": "Plain",
      "Partial Mode": "Finalize",
      "Parallel Aware": false,
      "Startup Cost": 368351.45,
      "Total Cost": 368351.46,
      "Plan Rows": 1,
      "Plan Width": 8,
      "Actual Startup Time": 332.873,
      "Actual Total Time": 349.018,
      "Actual Rows": 1,
      "Actual Loops": 1,
      "Plans": [
        {
          "Node Type": "Gather",
          "Parent Relationship": "Outer",
          "Parallel Aware": false,
          "Startup Cost": 368350.82,
          "Total Cost": 368351.43,
          "Plan Rows": 6,
          "Plan Width": 8,
          "Actual Startup Time": 329.35,
          "Actual Total Time": 349.01,
          "Actual Rows": 7,
          "Actual Loops": 1,
          "Workers Planned": 6,
          "Workers Launched": 6,
          "Single Copy": false,
          "Plans": [
            {
              "Node Type": "Aggregate",
              "Strategy": "Plain",
              "Partial Mode": "Partial",
              "Parent Relationship": "Outer",
              "Parallel Aware": false,
              "Startup Cost": 367350.82,
              "Total Cost": 367350.83,
              "Plan Rows": 1,
              "Plan Width": 8,
              "Actual Startup Time": 318.332,
              "Actual Total Time": 318.335,
              "Actual Rows": 1,
              "Actual Loops": 7,
              "Plans": [
                {
                  "Node Type": "Hash Join",
                  "Parent Relationship": "Outer",
                  "Parallel Aware": true,
                  "Join Type": "Inner",
                  "Startup Cost": 106963.85,
                  "Total Cost": 367288.06,
                  "Plan Rows": 25103,
                  "Plan Width": 0,
                  "Actual Startup Time": 264.492,
                  "Actual Total Time": 317.861,
                  "Actual Rows": 9593,
                  "Actual Loops": 7,
                  "Inner Unique": true,
                  "Hash Cond": "(ci.movie_id = t.id)",
                  "Plans": [
                    {
                      "Node Type": "Bitmap Heap Scan",
                      "Parent Relationship": "Outer",
                      "Parallel Aware": true,
                      "Relation Name": "cast_info",
                      "Alias": "ci",
                      "Startup Cost": 62135.62,
                      "Total Cost": 321899.59,
                      "Plan Rows": 213426,
                      "Plan Width": 4,
                      "Actual Startup Time": 175.69,
                      "Actual Total Time": 208.609,
                      "Actual Rows": 115300,
                      "Actual Loops": 7,
                      "Recheck Cond": "(person_id < 279353)",
                      "Rows Removed by Index Recheck": 0,
                      "Filter": "(role_id > 2)",
                      "Rows Removed by Filter": 295721,
                      "Exact Heap Blocks": 5522,
                      "Lossy Heap Blocks": 0,
                      "Plans": [
                        {
                          "Node Type": "Bitmap Index Scan",
                          "Parent Relationship": "Outer",
                          "Parallel Aware": false,
                          "Index Name": "person_id_cast_info",
                          "Startup Cost": 0.0,
                          "Total Cost": 61815.48,
                          "Plan Rows": 2830789,
                          "Plan Width": 0,
                          "Actual Startup Time": 110.123,
                          "Actual Total Time": 110.124,
                          "Actual Rows": 2877152,
                          "Actual Loops": 1,
                          "Index Cond": "(person_id < 279353)"
                        }
                      ]
                    },
                    {
                      "Node Type": "Hash",
                      "Parent Relationship": "Inner",
                      "Parallel Aware": true,
                      "Startup Cost": 43898.92,
                      "Total Cost": 43898.92,
                      "Plan Rows": 74345,
                      "Plan Width": 4,
                      "Actual Startup Time": 86.335,
                      "Actual Total Time": 86.336,
                      "Actual Rows": 44219,
                      "Actual Loops": 7,
                      "Hash Buckets": 524288,
                      "Original Hash Buckets": 524288,
                      "Hash Batches": 1,
                      "Original Hash Batches": 1,
                      "Peak Memory Usage": 16320,
                      "Plans": [
                        {
                          "Node Type": "Seq Scan",
                          "Parent Relationship": "Outer",
                          "Parallel Aware": true,
                          "Relation Name": "title",
                          "Alias": "t",
                          "Startup Cost": 0.0,
                          "Total Cost": 43898.92,
                          "Plan Rows": 74345,
                          "Plan Width": 4,
                          "Actual Startup Time": 0.052,
                          "Actual Total Time": 69.421,
                          "Actual Rows": 44219,
                          "Actual Loops": 7,
                          "Filter": "(production_year < 1966)",
                          "Rows Removed by Filter": 316968
                        }
                      ]
                    }
                  ]
                }
              ]
            }
          ]
        }
      ]
    },
    "Planning Time": 0.647,
    "Triggers": [],
    "Execution Time": 349.122
  }
]