[
  {
    "Plan": {
      "Node Type": "Aggregate",
      "Strategy": "Plain",
      "Partial Mode": "Simple",
      "Parallel Aware": false,
      "Startup Cost": 3251.01,
      "Total Cost": 3251.02,
      "Plan Rows": 1,
      "Plan Width": 8,
      "Actual Startup Time": 26.26,
      "Actual Total Time": 26.263,
      "Actual Rows": 1,
      "Actual Loops": 1,
      "Plans": [
        {
          "Node Type": "Nested Loop",
          "Parent Relationship": "Outer",
          "Parallel Aware": false,
          "Join Type": "Inner",
          "Startup Cost": 7.22,
          "Total Cost": 3250.91,
          "Plan Rows": 39,
          "Plan Width": 0,
          "Actual Startup Time": 0.716,
          "Actual Total Time": 26.127,
          "Actual Rows": 473,
          "Actual Loops": 1,
          "Inner Unique": false,
          "Plans": [
            {
              "Node Type": "Nested Loop",
              "Parent Relationship": "Outer",
              "Parallel Aware": false,
              "Join Type": "Inner",
              "Startup Cost": 6.78,
              "Total Cost": 3006.58,
              "Plan Rows": 123,
              "Plan Width": 8,
              "Actual Startup Time": 0.687,
              "Actual Total Time": 6.527,
              "Actual Rows": 360,
              "Actual Loops": 1,
              "Inner Unique": true,
              "Plans": [
                {
                  "Node Type": "Bitmap Heap Scan",
                  "Parent Relationship": "Outer",
                  "Parallel Aware": false,
                  "Relation Name": "movie_keyword",
                  "Alias": "mk",
                  "Startup Cost": 6.35,
                  "Total Cost": 922.98,
                  "Plan Rows": 248,
                  "Plan Width": 4,
                  "Actual Startup Time": 0.619,
                  "Actual Total Time": 2.036,
                  "Actual Rows": 489,
                  "Actual Loops": 1,
                  "Recheck Cond": "(keyword_id = 3530)",
                  "Rows Removed by Index Recheck": 0,
                  "Exact Heap Blocks": 461,
                  "Lossy Heap Blocks": 0,
                  "Plans": [
                    {
                      "Node Type": "Bitmap Index Scan",
                      "Parent Relationship": "Outer",
                      "Parallel Aware": false,
                      "Index Name": "keyword_id_movie_keyword",
                      "Startup Cost": 0.0,
                      "Total Cost": 6.29,
                      "Plan Rows": 248,
                      "Plan Width": 0,
                      "Actual Startup Time": 0.444,
                      "Actual Total Time": 0.445,
                      "Actual Rows": 489,
                      "Actual Loops": 1,
                      "Index Cond": "(keyword_id = 3530)"
                    }
                  ]
                },
                {
                  "Node Type": "Index Scan",
                  "Parent Relationship": "Inner",
                  "Parallel Aware": false,
                  "Scan Direction": "Forward",
                  "Index Name": "title_pkey",
                  "Relation Name": "title",
                  "Alias": "t",
                  "Startup Cost": 0.43,
                  "Total Cost": 8.4,
                  "Plan Rows": 1,
                  "Plan Width": 4,
                  "Actual Startup Time": 0.008,
                  "Actual Total Time": 0.008,
                  "Actual Rows": 1,
                  "Actual Loops": 489,
                  "Index Cond": "(id = mk.movie_id)",
                  "Rows Removed by Index Recheck": 0,
                  "Filter": "(production_year < 2004)",
                  "Rows Removed by Filter": 0
                }
              ]
            },
            {
              "Node Type": "Index Scan",
              "Parent Relationship": "Inner",
              "Parallel Aware": false,
              "Scan Direction": "Forward",
              "Index Name": "movie_id_movie_info",
              "Relation Name": "movie_info",
              "Alias": "mi",
              "Startup Cost": 0.43,
              "Total Cost": 1.97,
              "Plan Rows": 2,
              "Plan Width": 4,
              "Actual Startup Time": 0.017,
              "Actual Total Time": 0.054,
              "Actual Rows": 1,
              "Actual Loops": 360,
              "Index Cond": "(movie_id = t.id)",
              "Rows Removed by Index Recheck": 0,
              "Filter": "(info_type_id < 2)",
              "Rows Removed by Filter": 56
            }
          ]
        }
      ]
    },
    "Planning Time": 1.368,
    "Triggers": [],
    "Execution Time": 26.347
  }
]