[
  {
    "Plan": {
      "Node Type": "Aggregate",
      "Strategy": "Plain",
      "Partial Mode": "Finalize",
      "Parallel Aware": false,
      "Startup Cost": 206791.12,
      "Total Cost": 206791.13,
      "Plan Rows": 1,
      "Plan Width": 8,
      "Actual Startup Time": 471.973,
      "Actual Total Time": 507.44,
      "Actual Rows": 1,
      "Actual Loops": 1,
      "Plans": [
        {
          "Node Type": "Gather",
          "Parent Relationship": "Outer",
          "Parallel Aware": false,
          "Startup Cost": 206790.59,
          "Total Cost": 206791.1,
          "Plan Rows": 5,
          "Plan Width": 8,
          "Actual Startup Time": 471.859,
          "Actual Total Time": 507.432,
          "Actual Rows": 6,
          "Actual Loops": 1,
          "Workers Planned": 5,
          "Workers Launched": 5,
          "Single Copy": false,
          "Plans": [
            {
              "Node Type": "Aggregate",
              "Strategy": "Plain",
              "Partial Mode": "Partial",
              "Parent Relationship": "Outer",
              "Parallel Aware": false,
              "Startup Cost": 205790.59,
              "Total Cost": 205790.6,
              "Plan Rows": 1,
              "Plan Width": 8,
              "Actual Startup Time": 463.467,
              "Actual Total Time": 463.468,
              "Actual Rows": 1,
              "Actual Loops": 6,
              "Plans": [
                {
                  "Node Type": "Seq Scan",
                  "Parent Relationship": "Outer",
                  "Parallel Aware": true,
                  "Relation Name": "movie_info",
                  "Alias": "mi",
                  "Startup Cost": 0.0,
                  "Total Cost": 198952.16,
                  "Plan Rows": 2735372,
                  "Plan Width": 0,
                  "Actual Startup Time": 0.059,
                  "Actual Total Time": 360.96,
                  "Actual Rows": 2297139,
                  "Actual Loops": 6,
                  "Filter": "(info_type_id < 78)",
                  "Rows Removed by Filter": 175481
                }
              ]
            }
          ]
        }
      ]
    },
    "Planning Time": 0.146,
    "Triggers": [],
    "Execution Time": 507.531
  }
]