{
  "Plan": {
    "Node Type": "Aggregate",
    "Strategy": "Plain",
    "Partial Mode": "Finalize",
    "Parallel Aware": false,
    "Startup Cost": 102047.38,
    "Total Cost": 102047.39,
    "Plan Rows": 1,
    "Plan Width": 8,
    "Actual Startup Time": 398.481,
    "Actual Total Time": 412.92,
    "Actual Rows": 1,
    "Actual Loops": 1,
    "Plans": [
      {
        "Node Type": "Gather",
        "Parent Relationship": "Outer",
        "Parallel Aware": false,
        "Startup Cost": 102047.26,
        "Total Cost": 102047.37,
        "Plan Rows": 1,
        "Plan Width": 8,
        "Actual Startup Time": 397.16,
        "Actual Total Time": 412.914,
        "Actual Rows": 2,
        "Actual Loops": 1,
        "Workers Planned": 1,
        "Workers Launched": 1,
        "Single Copy": false,
        "Plans": [
          {
            "Node Type": "Aggregate",
            "Strategy": "Plain",
            "Partial Mode": "Partial",
            "Parent Relationship": "Outer",
            "Parallel Aware": false,
            "Startup Cost": 101047.26,
            "Total Cost": 101047.27,
            "Plan Rows": 1,
            "Plan Width": 8,
            "Actual Startup Time": 394.365,
            "Actual Total Time": 394.369,
            "Actual Rows": 1,
            "Actual Loops": 2,
            "Plans": [
              {
                "Node Type": "Hash Join",
                "Parent Relationship": "Outer",
                "Parallel Aware": true,
                "Join Type": "Inner",
                "Startup Cost": 71288.99,
                "Total Cost": 100841.32,
                "Plan Rows": 82376,
                "Plan Width": 0,
                "Actual Startup Time": 267.215,
                "Actual Total Time": 389.624,
                "Actual Rows": 103360,
                "Actual Loops": 2,
                "Inner Unique": true,
                "Hash Cond": "(mk.movie_id = t.id)",
                "Plans": [
                  {
                    "Node Type": "Bitmap Heap Scan",
                    "Parent Relationship": "Outer",
                    "Parallel Aware": true,
                    "Relation Name": "movie_keyword",
                    "Alias": "mk",
                    "Startup Cost": 12157.46,
                    "Total Cost": 40824.96,
                    "Plan Rows": 337080,
                    "Plan Width": 4,
                    "Actual Startup Time": 39.339,
                    "Actual Total Time": 108.27,
                    "Actual Rows": 280829,
                    "Actual Loops": 2,
                    "Recheck Cond": "(keyword_id > 32708)",
                    "Rows Removed by Index Recheck": 0,
                    "Exact Heap Blocks": 11556,
                    "Lossy Heap Blocks": 0,
                    "Plans": [
                      {
                        "Node Type": "Bitmap Index Scan",
                        "Parent Relationship": "Outer",
                        "Parallel Aware": false,
                        "Index Name": "keyword_id_movie_keyword",
                        "Startup Cost": 0.0,
                        "Total Cost": 12014.2,
                        "Plan Rows": 573036,
                        "Plan Width": 0,
                        "Actual Startup Time": 35.818,
                        "Actual Total Time": 35.818,
                        "Actual Rows": 561658,
                        "Actual Loops": 1,
                        "Index Cond": "(keyword_id > 32708)"
                      }
                    ]
                  },
                  {
                    "Node Type": "Hash",
                    "Parent Relationship": "Inner",
                    "Parallel Aware": true,
                    "Startup Cost": 54588.39,
                    "Total Cost": 54588.39,
                    "Plan Rows": 363451,
                    "Plan Width": 4,
                    "Actual Startup Time": 222.992,
                    "Actual Total Time": 222.993,
                    "Actual Rows": 311426,
                    "Actual Loops": 2,
                    "Hash Buckets": 1048576,
                    "Original Hash Buckets": 1048576,
                    "Hash Batches": 1,
                    "Original Hash Batches": 1,
                    "Peak Memory Usage": 32608,
                    "Plans": [
                      {
                        "Node Type": "Seq Scan",
                        "Parent Relationship": "Outer",
                        "Parallel Aware": true,
                        "Relation Name": "title",
                        "Alias": "t",
                        "Startup Cost": 0.0,
                        "Total Cost": 54588.39,
                        "Plan Rows": 363451,
                        "Plan Width": 4,
                        "Actual Startup Time": 0.018,
                        "Actual Total Time": 139.833,
                        "Actual Rows": 311426,
                        "Actual Loops": 2,
                        "Filter": "(production_year < 1987)",
                        "Rows Removed by Filter": 952730
                      }
                    ]
                  }
                ]
              }
            ]
          }
        ]
      }
    ]
  },
  "Planning Time": 0.224,
  "Triggers": [],
  "Execution Time": 412.975
}