[
  {
    "Plan": {
      "Node Type": "Aggregate",
      "Strategy": "Plain",
      "Partial Mode": "Finalize",
      "Parallel Aware": false,
      "Startup Cost": 332430.43,
      "Total Cost": 332430.44,
      "Plan Rows": 1,
      "Plan Width": 8,
      "Actual Startup Time": 617.764,
      "Actual Total Time": 685.43,
      "Actual Rows": 1,
      "Actual Loops": 1,
      "Plans": [
        {
          "Node Type": "Gather",
          "Parent Relationship": "Outer",
          "Parallel Aware": false,
          "Startup Cost": 332429.8,
          "Total Cost": 332430.41,
          "Plan Rows": 6,
          "Plan Width": 8,
          "Actual Startup Time": 617.639,
          "Actual Total Time": 685.418,
          "Actual Rows": 7,
          "Actual Loops": 1,
          "Workers Planned": 6,
          "Workers Launched": 6,
          "Single Copy": false,
          "Plans": [
            {
              "Node Type": "Aggregate",
              "Strategy": "Plain",
              "Partial Mode": "Partial",
              "Parent Relationship": "Outer",
              "Parallel Aware": false,
              "Startup Cost": 331429.8,
              "Total Cost": 331429.81,
              "Plan Rows": 1,
              "Plan Width": 8,
              "Actual Startup Time": 607.294,
              "Actual Total Time": 607.295,
              "Actual Rows": 1,
              "Actual Loops": 7,
              "Plans": [
                {
                  "Node Type": "Seq Scan",
                  "Parent Relationship": "Outer",
                  "Parallel Aware": true,
                  "Relation Name": "cast_info",
                  "Alias": "ci",
                  "Startup Cost": 0.0,
                  "Total Cost": 328162.03,
                  "Plan Rows": 1307110,
                  "Plan Width": 0,
                  "Actual Startup Time": 0.053,
                  "Actual Total Time": 554.325,
                  "Actual Rows": 1143478,
                  "Actual Loops": 7,
                  "Filter": "(person_id < 782402)",
                  "Rows Removed by Filter": 4034285
                }
              ]
            }
          ]
        }
      ]
    },
    "Planning Time": 0.177,
    "Triggers": [],
    "Execution Time": 685.528
  }
]