{
  "Plan": {
    "Node Type": "Aggregate",
    "Strategy": "Plain",
    "Partial Mode": "Simple",
    "Parallel Aware": false,
    "Startup Cost": 2828655.04,
    "Total Cost": 2828655.05,
    "Plan Rows": 1,
    "Plan Width": 64,
    "Actual Startup Time": 29907.436,
    "Actual Total Time": 29907.463,
    "Actual Rows": 1,
    "Actual Loops": 1,
    "Plans": [
      {
        "Node Type": "Merge Join",
        "Parent Relationship": "Outer",
        "Parallel Aware": false,
        "Join Type": "Inner",
        "Startup Cost": 2644896.34,
        "Total Cost": 2828655.03,
        "Plan Rows": 1,
        "Plan Width": 32,
        "Actual Startup Time": 28942.366,
        "Actual Total Time": 29906.721,
        "Actual Rows": 5406,
        "Actual Loops": 1,
        "Inner Unique": false,
        "Merge Cond": "(n.id = ci.person_id)",
        "Plans": [
          {
            "Node Type": "Index Scan",
            "Parent Relationship": "Outer",
            "Parallel Aware": false,
            "Scan Direction": "Forward",
            "Index Name": "name_pkey",
            "Relation Name": "name",
            "Alias": "n",
            "Startup Cost": 0.43,
            "Total Cost": 178171.22,
            "Plan Rows": 4167377,
            "Plan Width": 19,
            "Actual Startup Time": 0.023,
            "Actual Total Time": 795.949,
            "Actual Rows": 2699680,
            "Actual Loops": 1
          },
          {
            "Node Type": "Sort",
            "Parent Relationship": "Inner",
            "Parallel Aware": false,
            "Startup Cost": 2644895.91,
            "Total Cost": 2644895.91,
            "Plan Rows": 1,
            "Plan Width": 21,
            "Actual Startup Time": 28940.988,
            "Actual Total Time": 28941.868,
            "Actual Rows": 5406,
            "Actual Loops": 1,
            "Sort Key": [
              "ci.person_id"
            ],
            "Sort Method": "quicksort",
            "Sort Space Used": 554,
            "Sort Space Type": "Memory",
            "Plans": [
              {
                "Node Type": "Merge Join",
                "Parent Relationship": "Outer",
                "Parallel Aware": false,
                "Join Type": "Inner",
                "Startup Cost": 2643481.29,
                "Total Cost": 2644895.9,
                "Plan Rows": 1,
                "Plan Width": 21,
                "Actual Startup Time": 28896.128,
                "Actual Total Time": 28939.75,
                "Actual Rows": 5406,
                "Actual Loops": 1,
                "Inner Unique": true,
                "Merge Cond": "(ci.person_role_id = chn.id)",
                "Plans": [
                  {
                    "Node Type": "Sort",
                    "Parent Relationship": "Outer",
                    "Parallel Aware": false,
                    "Startup Cost": 2534311.64,
                    "Total Cost": 2534311.67,
                    "Plan Rows": 14,
                    "Plan Width": 25,
                    "Actual Startup Time": 28358.662,
                    "Actual Total Time": 28367.98,
                    "Actual Rows": 74158,
                    "Actual Loops": 1,
                    "Sort Key": [
                      "ci.person_role_id"
                    ],
                    "Sort Method": "quicksort",
                    "Sort Space Used": 19456,
                    "Sort Space Type": "Memory",
                    "Plans": [
                      {
                        "Node Type": "Merge Join",
                        "Parent Relationship": "Outer",
                        "Parallel Aware": false,
                        "Join Type": "Inner",
                        "Startup Cost": 368864.69,
                        "Total Cost": 2534311.37,
                        "Plan Rows": 14,
                        "Plan Width": 25,
                        "Actual Startup Time": 15218.335,
                        "Actual Total Time": 28320.547,
                        "Actual Rows": 189844,
                        "Actual Loops": 1,
                        "Inner Unique": false,
                        "Merge Cond": "(ci.movie_id = t.id)",
                        "Plans": [
                          {
                            "Node Type": "Index Scan",
                            "Parent Relationship": "Outer",
                            "Parallel Aware": false,
                            "Scan Direction": "Forward",
                            "Index Name": "movie_id_cast_info",
                            "Relation Name": "cast_info",
                            "Alias": "ci",
                            "Startup Cost": 0.56,
                            "Total Cost": 2074802.47,
                            "Plan Rows": 36257824,
                            "Plan Width": 12,
                            "Actual Startup Time": 0.015,
                            "Actual Total Time": 22707.049,
                            "Actual Rows": 36182548,
                            "Actual Loops": 1
                          },
                          {
                            "Node Type": "Materialize",
                            "Parent Relationship": "Inner",
                            "Parallel Aware": false,
                            "Startup Cost": 368864.13,
                            "Total Cost": 368864.14,
                            "Plan Rows": 1,
                            "Plan Width": 29,
                            "Actual Startup Time": 3273.664,
                            "Actual Total Time": 3287.159,
                            "Actual Rows": 189607,
                            "Actual Loops": 1,
                            "Plans": [
                              {
                                "Node Type": "Sort",
                                "Parent Relationship": "Outer",
                                "Parallel Aware": false,
                                "Startup Cost": 368864.13,
                                "Total Cost": 368864.13,
                                "Plan Rows": 1,
                                "Plan Width": 29,
                                "Actual Startup Time": 3273.66,
                                "Actual Total Time": 3274.201,
                                "Actual Rows": 1267,
                                "Actual Loops": 1,
                                "Sort Key": [
                                  "mk.movie_id"
                                ],
                                "Sort Method": "quicksort",
                                "Sort Space Used": 149,
                                "Sort Space Type": "Memory",
                                "Plans": [
                                  {
                                    "Node Type": "Merge Join",
                                    "Parent Relationship": "Outer",
                                    "Parallel Aware": false,
                                    "Join Type": "Inner",
                                    "Startup Cost": 368864.09,
                                    "Total Cost": 368864.12,
                                    "Plan Rows": 1,
                                    "Plan Width": 29,
                                    "Actual Startup Time": 3273.228,
                                    "Actual Total Time": 3273.446,
                                    "Actual Rows": 1267,
                                    "Actual Loops": 1,
                                    "Inner Unique": true,
                                    "Merge Cond": "(cc.status_id = cct2.id)",
                                    "Plans": [
                                      {
                                        "Node Type": "Sort",
                                        "Parent Relationship": "Outer",
                                        "Parallel Aware": false,
                                        "Startup Cost": 368863.03,
                                        "Total Cost": 368863.04,
                                        "Plan Rows": 1,
                                        "Plan Width": 33,
                                        "Actual Startup Time": 3273.218,
                                        "Actual Total Time": 3273.287,
                                        "Actual Rows": 1267,
                                        "Actual Loops": 1,
                                        "Sort Key": [
                                          "cc.status_id"
                                        ],
                                        "Sort Method": "quicksort",
                                        "Sort Space Used": 152,
                                        "Sort Space Type": "Memory",
                                        "Plans": [
                                          {
                                            "Node Type": "Merge Join",
                                            "Parent Relationship": "Outer",
                                            "Parallel Aware": false,
                                            "Join Type": "Inner",
                                            "Startup Cost": 368863.0,
                                            "Total Cost": 368863.02,
                                            "Plan Rows": 1,
                                            "Plan Width": 33,
                                            "Actual Startup Time": 3272.804,
                                            "Actual Total Time": 3273.033,
                                            "Actual Rows": 1267,
                                            "Actual Loops": 1,
                                            "Inner Unique": true,
                                            "Merge Cond": "(t.kind_id = kt.id)",
                                            "Plans": [
                                              {
                                                "Node Type": "Sort",
                                                "Parent Relationship": "Outer",
                                                "Parallel Aware": false,
                                                "Startup Cost": 368861.9,
                                                "Total Cost": 368861.9,
                                                "Plan Rows": 2,
                                                "Plan Width": 37,
                                                "Actual Startup Time": 3272.793,
                                                "Actual Total Time": 3272.851,
                                                "Actual Rows": 1268,
                                                "Actual Loops": 1,
                                                "Sort Key": [
                                                  "t.kind_id"
                                                ],
                                                "Sort Method": "quicksort",
                                                "Sort Space Used": 183,
                                                "Sort Space Type": "Memory",
                                                "Plans": [
                                                  {
                                                    "Node Type": "Merge Join",
                                                    "Parent Relationship": "Outer",
                                                    "Parallel Aware": false,
                                                    "Join Type": "Inner",
                                                    "Startup Cost": 368861.81,
                                                    "Total Cost": 368861.89,
                                                    "Plan Rows": 2,
                                                    "Plan Width": 37,
                                                    "Actual Startup Time": 3272.264,
                                                    "Actual Total Time": 3272.546,
                                                    "Actual Rows": 1595,
                                                    "Actual Loops": 1,
                                                    "Inner Unique": true,
                                                    "Merge Cond": "(cc.subject_id = cct1.id)",
                                                    "Plans": [
                                                      {
                                                        "Node Type": "Sort",
                                                        "Parent Relationship": "Outer",
                                                        "Parallel Aware": false,
                                                        "Startup Cost": 368860.75,
                                                        "Total Cost": 368860.78,
                                                        "Plan Rows": 10,
                                                        "Plan Width": 41,
                                                        "Actual Startup Time": 3272.236,
                                                        "Actual Total Time": 3272.303,
                                                        "Actual Rows": 1596,
                                                        "Actual Loops": 1,
                                                        "Sort Key": [
                                                          "cc.subject_id"
                                                        ],
                                                        "Sort Method": "quicksort",
                                                        "Sort Space Used": 278,
                                                        "Sort Space Type": "Memory",
                                                        "Plans": [
                                                          {
                                                            "Node Type": "Merge Join",
                                                            "Parent Relationship": "Outer",
                                                            "Parallel Aware": false,
                                                            "Join Type": "Inner",
                                                            "Startup Cost": 241860.5,
                                                            "Total Cost": 368860.59,
                                                            "Plan Rows": 10,
                                                            "Plan Width": 41,
                                                            "Actual Startup Time": 2134.057,
                                                            "Actual Total Time": 3271.506,
                                                            "Actual Rows": 2052,
                                                            "Actual Loops": 1,
                                                            "Inner Unique": false,
                                                            "Merge Cond": "(t.id = cc.movie_id)",
                                                            "Plans": [
                                                              {
                                                                "Node Type": "Merge Join",
                                                                "Parent Relationship": "Outer",
                                                                "Parallel Aware": false,
                                                                "Join Type": "Inner",
                                                                "Startup Cost": 241860.08,
                                                                "Total Cost": 361875.25,
                                                                "Plan Rows": 185,
                                                                "Plan Width": 29,
                                                                "Actual Startup Time": 2085.516,
                                                                "Actual Total Time": 3228.559,
                                                                "Actual Rows": 10613,
                                                                "Actual Loops": 1,
                                                                "Inner Unique": false,
                                                                "Merge Cond": "(t.id = mk.movie_id)",
                                                                "Plans": [
                                                                  {
                                                                    "Node Type": "Index Scan",
                                                                    "Parent Relationship": "Outer",
                                                                    "Parallel Aware": false,
                                                                    "Scan Direction": "Forward",
                                                                    "Index Name": "title_pkey",
                                                                    "Relation Name": "title",
                                                                    "Alias": "t",
                                                                    "Startup Cost": 0.43,
                                                                    "Total Cost": 116680.33,
                                                                    "Plan Rows": 1389987,
                                                                    "Plan Width": 25,
                                                                    "Actual Startup Time": 0.024,
                                                                    "Actual Total Time": 1071.917,
                                                                    "Actual Rows": 1380823,
                                                                    "Actual Loops": 1,
                                                                    "Filter": "(production_year > 2000)",
                                                                    "Rows Removed by Filter": 1144174
                                                                  },
                                                                  {
                                                                    "Node Type": "Sort",
                                                                    "Parent Relationship": "Inner",
                                                                    "Parallel Aware": false,
                                                                    "Startup Cost": 241846.08,
                                                                    "Total Cost": 241846.92,
                                                                    "Plan Rows": 337,
                                                                    "Plan Width": 4,
                                                                    "Actual Startup Time": 2085.003,
                                                                    "Actual Total Time": 2087.652,
                                                                    "Actual Rows": 24091,
                                                                    "Actual Loops": 1,
                                                                    "Sort Key": [
                                                                      "mk.movie_id"
                                                                    ],
                                                                    "Sort Method": "quicksort",
                                                                    "Sort Space Used": 1898,
                                                                    "Sort Space Type": "Memory",
                                                                    "Plans": [
                                                                      {
                                                                        "Node Type": "Merge Join",
                                                                        "Parent Relationship": "Outer",
                                                                        "Parallel Aware": false,
                                                                        "Join Type": "Inner",
                                                                        "Startup Cost": 4810.2,
                                                                        "Total Cost": 241831.93,
                                                                        "Plan Rows": 337,
                                                                        "Plan Width": 4,
                                                                        "Actual Startup Time": 300.849,
                                                                        "Actual Total Time": 2081.124,
                                                                        "Actual Rows": 24091,
                                                                        "Actual Loops": 1,
                                                                        "Inner Unique": true,
                                                                        "Merge Cond": "(mk.keyword_id = k.id)",
                                                                        "Plans": [
                                                                          {
                                                                            "Node Type": "Index Scan",
                                                                            "Parent Relationship": "Outer",
                                                                            "Parallel Aware": false,
                                                                            "Scan Direction": "Forward",
                                                                            "Index Name": "keyword_id_movie_keyword",
                                                                            "Relation Name": "movie_keyword",
                                                                            "Alias": "mk",
                                                                            "Startup Cost": 0.43,
                                                                            "Total Cost": 226550.7,
                                                                            "Plan Rows": 4523930,
                                                                            "Plan Width": 8,
                                                                            "Actual Startup Time": 0.02,
                                                                            "Actual Total Time": 1820.772,
                                                                            "Actual Rows": 3275605,
                                                                            "Actual Loops": 1
                                                                          },
                                                                          {
                                                                            "Node Type": "Sort",
                                                                            "Parent Relationship": "Inner",
                                                                            "Parallel Aware": false,
                                                                            "Startup Cost": 3967.99,
                                                                            "Total Cost": 3968.02,
                                                                            "Plan Rows": 10,
                                                                            "Plan Width": 4,
                                                                            "Actual Startup Time": 46.675,
                                                                            "Actual Total Time": 46.686,
                                                                            "Actual Rows": 10,
                                                                            "Actual Loops": 1,
                                                                            "Sort Key": [
                                                                              "k.id"
                                                                            ],
                                                                            "Sort Method": "quicksort",
                                                                            "Sort Space Used": 25,
                                                                            "Sort Space Type": "Memory",
                                                                            "Plans": [
                                                                              {
                                                                                "Node Type": "Seq Scan",
                                                                                "Parent Relationship": "Outer",
                                                                                "Parallel Aware": false,
                                                                                "Relation Name": "keyword",
                                                                                "Alias": "k",
                                                                                "Startup Cost": 0.0,
                                                                                "Total Cost": 3967.82,
                                                                                "Plan Rows": 10,
                                                                                "Plan Width": 4,
                                                                                "Actual Startup Time": 0.346,
                                                                                "Actual Total Time": 46.66,
                                                                                "Actual Rows": 10,
                                                                                "Actual Loops": 1,
                                                                                "Filter": "(keyword = ANY ('{superhero,marvel-comics,based-on-comic,tv-special,fight,violence,magnet,web,claw,laser}'::text[]))",
                                                                                "Rows Removed by Filter": 134160
                                                                              }
                                                                            ]
                                                                          }
                                                                        ]
                                                                      }
                                                                    ]
                                                                  }
                                                                ]
                                                              },
                                                              {
                                                                "Node Type": "Index Scan",
                                                                "Parent Relationship": "Inner",
                                                                "Parallel Aware": false,
                                                                "Scan Direction": "Forward",
                                                                "Index Name": "movie_id_complete_cast",
                                                                "Relation Name": "complete_cast",
                                                                "Alias": "cc",
                                                                "Startup Cost": 0.42,
                                                                "Total Cost": 6650.11,
                                                                "Plan Rows": 135086,
                                                                "Plan Width": 12,
                                                                "Actual Startup Time": 0.018,
                                                                "Actual Total Time": 33.76,
                                                                "Actual Rows": 132826,
                                                                "Actual Loops": 1
                                                              }
                                                            ]
                                                          }
                                                        ]
                                                      },
                                                      {
                                                        "Node Type": "Sort",
                                                        "Parent Relationship": "Inner",
                                                        "Parallel Aware": false,
                                                        "Startup Cost": 1.06,
                                                        "Total Cost": 1.06,
                                                        "Plan Rows": 1,
                                                        "Plan Width": 4,
                                                        "Actual Startup Time": 0.024,
                                                        "Actual Total Time": 0.025,
                                                        "Actual Rows": 1,
                                                        "Actual Loops": 1,
                                                        "Sort Key": [
                                                          "cct1.id"
                                                        ],
                                                        "Sort Method": "quicksort",
                                                        "Sort Space Used": 25,
                                                        "Sort Space Type": "Memory",
                                                        "Plans": [
                                                          {
                                                            "Node Type": "Seq Scan",
                                                            "Parent Relationship": "Outer",
                                                            "Parallel Aware": false,
                                                            "Relation Name": "comp_cast_type",
                                                            "Alias": "cct1",
                                                            "Startup Cost": 0.0,
                                                            "Total Cost": 1.05,
                                                            "Plan Rows": 1,
                                                            "Plan Width": 4,
                                                            "Actual Startup Time": 0.015,
                                                            "Actual Total Time": 0.016,
                                                            "Actual Rows": 1,
                                                            "Actual Loops": 1,
                                                            "Filter": "((kind)::text = 'cast'::text)",
                                                            "Rows Removed by Filter": 3
                                                          }
                                                        ]
                                                      }
                                                    ]
                                                  }
                                                ]
                                              },
                                              {
                                                "Node Type": "Sort",
                                                "Parent Relationship": "Inner",
                                                "Parallel Aware": false,
                                                "Startup Cost": 1.1,
                                                "Total Cost": 1.1,
                                                "Plan Rows": 1,
                                                "Plan Width": 4,
                                                "Actual Startup Time": 0.008,
                                                "Actual Total Time": 0.016,
                                                "Actual Rows": 1,
                                                "Actual Loops": 1,
                                                "Sort Key": [
                                                  "kt.id"
                                                ],
                                                "Sort Method": "quicksort",
                                                "Sort Space Used": 25,
                                                "Sort Space Type": "Memory",
                                                "Plans": [
                                                  {
                                                    "Node Type": "Seq Scan",
                                                    "Parent Relationship": "Outer",
                                                    "Parallel Aware": false,
                                                    "Relation Name": "kind_type",
                                                    "Alias": "kt",
                                                    "Startup Cost": 0.0,
                                                    "Total Cost": 1.09,
                                                    "Plan Rows": 1,
                                                    "Plan Width": 4,
                                                    "Actual Startup Time": 0.006,
                                                    "Actual Total Time": 0.006,
                                                    "Actual Rows": 1,
                                                    "Actual Loops": 1,
                                                    "Filter": "((kind)::text = 'movie'::text)",
                                                    "Rows Removed by Filter": 6
                                                  }
                                                ]
                                              }
                                            ]
                                          }
                                        ]
                                      },
                                      {
                                        "Node Type": "Sort",
                                        "Parent Relationship": "Inner",
                                        "Parallel Aware": false,
                                        "Startup Cost": 1.06,
                                        "Total Cost": 1.06,
                                        "Plan Rows": 1,
                                        "Plan Width": 4,
                                        "Actual Startup Time": 0.008,
                                        "Actual Total Time": 0.009,
                                        "Actual Rows": 2,
                                        "Actual Loops": 1,
                                        "Sort Key": [
                                          "cct2.id"
                                        ],
                                        "Sort Method": "quicksort",
                                        "Sort Space Used": 25,
                                        "Sort Space Type": "Memory",
                                        "Plans": [
                                          {
                                            "Node Type": "Seq Scan",
                                            "Parent Relationship": "Outer",
                                            "Parallel Aware": false,
                                            "Relation Name": "comp_cast_type",
                                            "Alias": "cct2",
                                            "Startup Cost": 0.0,
                                            "Total Cost": 1.05,
                                            "Plan Rows": 1,
                                            "Plan Width": 4,
                                            "Actual Startup Time": 0.005,
                                            "Actual Total Time": 0.006,
                                            "Actual Rows": 2,
                                            "Actual Loops": 1,
                                            "Filter": "((kind)::text ~~ '%complete%'::text)",
                                            "Rows Removed by Filter": 2
                                          }
                                        ]
                                      }
                                    ]
                                  }
                                ]
                              }
                            ]
                          }
                        ]
                      }
                    ]
                  },
                  {
                    "Node Type": "Sort",
                    "Parent Relationship": "Inner",
                    "Parallel Aware": false,
                    "Startup Cost": 109169.65,
                    "Total Cost": 109876.93,
                    "Plan Rows": 282914,
                    "Plan Width": 4,
                    "Actual Startup Time": 537.268,
                    "Actual Total Time": 553.154,
                    "Actual Rows": 180090,
                    "Actual Loops": 1,
                    "Sort Key": [
                      "chn.id"
                    ],
                    "Sort Method": "quicksort",
                    "Sort Space Used": 14589,
                    "Sort Space Type": "Memory",
                    "Plans": [
                      {
                        "Node Type": "Seq Scan",
                        "Parent Relationship": "Outer",
                        "Parallel Aware": false,
                        "Relation Name": "char_name",
                        "Alias": "chn",
                        "Startup Cost": 0.0,
                        "Total Cost": 83551.78,
                        "Plan Rows": 282914,
                        "Plan Width": 4,
                        "Actual Startup Time": 0.037,
                        "Actual Total Time": 500.885,
                        "Actual Rows": 180152,
                        "Actual Loops": 1,
                        "Filter": "((name IS NOT NULL) AND ((name ~~ '%man%'::text) OR (name ~~ '%Man%'::text)))",
                        "Rows Removed by Filter": 2960187
                      }
                    ]
                  }
                ]
              }
            ]
          }
        ]
      }
    ]
  },
  "Planning Time": 3.218,
  "Triggers": [],
  "Execution Time": 29907.674
}