[
  {
    "Plan": {
      "Node Type": "Aggregate",
      "Strategy": "Plain",
      "Partial Mode": "Finalize",
      "Parallel Aware": false,
      "Startup Cost": 420406.03,
      "Total Cost": 420406.04,
      "Plan Rows": 1,
      "Plan Width": 8,
      "Actual Startup Time": 1577.071,
      "Actual Total Time": 1643.25,
      "Actual Rows": 1,
      "Actual Loops": 1,
      "Plans": [
        {
          "Node Type": "Gather",
          "Parent Relationship": "Outer",
          "Parallel Aware": false,
          "Startup Cost": 420405.41,
          "Total Cost": 420406.02,
          "Plan Rows": 6,
          "Plan Width": 8,
          "Actual Startup Time": 1570.75,
          "Actual Total Time": 1643.233,
          "Actual Rows": 7,
          "Actual Loops": 1,
          "Workers Planned": 6,
          "Workers Launched": 6,
          "Single Copy": false,
          "Plans": [
            {
              "Node Type": "Aggregate",
              "Strategy": "Plain",
              "Partial Mode": "Partial",
              "Parent Relationship": "Outer",
              "Parallel Aware": false,
              "Startup Cost": 419405.41,
              "Total Cost": 419405.42,
              "Plan Rows": 1,
              "Plan Width": 8,
              "Actual Startup Time": 1559.247,
              "Actual Total Time": 1559.252,
              "Actual Rows": 1,
              "Actual Loops": 7,
              "Plans": [
                {
                  "Node Type": "Hash Join",
                  "Parent Relationship": "Outer",
                  "Parallel Aware": true,
                  "Join Type": "Inner",
                  "Startup Cost": 66269.78,
                  "Total Cost": 416926.93,
                  "Plan Rows": 991391,
                  "Plan Width": 0,
                  "Actual Startup Time": 223.337,
                  "Actual Total Time": 1501.579,
                  "Actual Rows": 1328551,
                  "Actual Loops": 7,
                  "Inner Unique": false,
                  "Hash Cond": "(ci.movie_id = t.id)",
                  "Plans": [
                    {
                      "Node Type": "Seq Scan",
                      "Parent Relationship": "Outer",
                      "Parallel Aware": true,
                      "Relation Name": "cast_info",
                      "Alias": "ci",
                      "Startup Cost": 0.0,
                      "Total Cost": 328162.03,
                      "Plan Rows": 4897152,
                      "Plan Width": 4,
                      "Actual Startup Time": 0.026,
                      "Actual Total Time": 616.169,
                      "Actual Rows": 4223101,
                      "Actual Loops": 7,
                      "Filter": "(person_id < 2991639)",
                      "Rows Removed by Filter": 954662
                    },
                    {
                      "Node Type": "Hash",
                      "Parent Relationship": "Inner",
                      "Parallel Aware": true,
                      "Startup Cost": 63603.98,
                      "Total Cost": 63603.98,
                      "Plan Rows": 213264,
                      "Plan Width": 8,
                      "Actual Startup Time": 220.796,
                      "Actual Total Time": 220.799,
                      "Actual Rows": 55758,
                      "Actual Loops": 7,
                      "Hash Buckets": 524288,
                      "Original Hash Buckets": 524288,
                      "Hash Batches": 1,
                      "Original Hash Batches": 1,
                      "Peak Memory Usage": 19520,
                      "Plans": [
                        {
                          "Node Type": "Hash Join",
                          "Parent Relationship": "Outer",
                          "Parallel Aware": true,
                          "Join Type": "Inner",
                          "Startup Cost": 48409.42,
                          "Total Cost": 63603.98,
                          "Plan Rows": 213264,
                          "Plan Width": 8,
                          "Actual Startup Time": 147.396,
                          "Actual Total Time": 205.502,
                          "Actual Rows": 55758,
                          "Actual Loops": 7,
                          "Inner Unique": true,
                          "Hash Cond": "(mi_idx.movie_id = t.id)",
                          "Plans": [
                            {
                              "Node Type": "Seq Scan",
                              "Parent Relationship": "Outer",
                              "Parallel Aware": true,
                              "Relation Name": "movie_info_idx",
                              "Alias": "mi_idx",
                              "Startup Cost": 0.0,
                              "Total Cost": 13685.15,
                              "Plan Rows": 575015,
                              "Plan Width": 4,
                              "Actual Startup Time": 0.025,
                              "Actual Total Time": 19.247,
                              "Actual Rows": 197148,
                              "Actual Loops": 7
                            },
                            {
                              "Node Type": "Hash",
                              "Parent Relationship": "Inner",
                              "Parallel Aware": true,
                              "Startup Cost": 45479.1,
                              "Total Cost": 45479.1,
                              "Plan Rows": 234426,
                              "Plan Width": 4,
                              "Actual Startup Time": 145.476,
                              "Actual Total Time": 145.477,
                              "Actual Rows": 124373,
                              "Actual Loops": 7,
                              "Hash Buckets": 1048576,
                              "Original Hash Buckets": 1048576,
                              "Hash Batches": 1,
                              "Original Hash Batches": 1,
                              "Peak Memory Usage": 42368,
                              "Plans": [
                                {
                                  "Node Type": "Seq Scan",
                                  "Parent Relationship": "Outer",
                                  "Parallel Aware": true,
                                  "Relation Name": "title",
                                  "Alias": "t",
                                  "Startup Cost": 0.0,
                                  "Total Cost": 45479.1,
                                  "Plan Rows": 234426,
                                  "Plan Width": 4,
                                  "Actual Startup Time": 0.05,
                                  "Actual Total Time": 79.269,
                                  "Actual Rows": 124373,
                                  "Actual Loops": 7,
                                  "Filter": "((kind_id > 2) AND (production_year < 2005))",
                                  "Rows Removed by Filter": 236815
                                }
                              ]
                            }
                          ]
                        }
                      ]
                    }
                  ]
                }
              ]
            }
          ]
        }
      ]
    },
    "Planning Time": 1.299,
    "Triggers": [],
    "Execution Time": 1643.348
  }
]