[
    {
        "Bao": {
            "Bao prediction": "NaN",
            "Bao recommended hint": "(no hint)"
        }
    },
    {
        "Plan": {
            "Node Type": "Aggregate",
            "Strategy": "Plain",
            "Partial Mode": "Simple",
            "Parallel Aware": false,
            "Startup Cost": 60331.19,
            "Total Cost": 60331.2,
            "Plan Rows": 1,
            "Plan Width": 8,
            "Actual Startup Time": 8.137,
            "Actual Total Time": 8.139,
            "Actual Rows": 1,
            "Actual Loops": 1,
            "Output": [
                "count(*)"
            ],
            "Plans": [
                {
                    "Node Type": "Index Scan",
                    "Parent Relationship": "Outer",
                    "Parallel Aware": false,
                    "Scan Direction": "Forward",
                    "Index Name": "person_id_cast_info",
                    "Relation Name": "cast_info",
                    "Schema": "public",
                    "Alias": "ci",
                    "Startup Cost": 0.56,
                    "Total Cost": 60303.83,
                    "Plan Rows": 10945,
                    "Plan Width": 0,
                    "Actual Startup Time": 0.038,
                    "Actual Total Time": 6.805,
                    "Actual Rows": 19959,
                    "Actual Loops": 1,
                    "Output": [
                        "id",
                        "person_id",
                        "movie_id",
                        "person_role_id",
                        "note",
                        "nr_order",
                        "role_id"
                    ],
                    "Index Cond": "(ci.person_id < 3645)",
                    "Rows Removed by Index Recheck": 0,
                    "Filter": "(ci.role_id = 1)",
                    "Rows Removed by Filter": 6428
                }
            ]
        },
        "Planning Time": 195.747,
        "Triggers": [],
        "Execution Time": 8.211
    }
]