[
  {
    "Plan": {
      "Node Type": "Aggregate",
      "Strategy": "Plain",
      "Partial Mode": "Finalize",
      "Parallel Aware": false,
      "Startup Cost": 490361.34,
      "Total Cost": 490361.35,
      "Plan Rows": 1,
      "Plan Width": 96,
      "Actual Startup Time": 2911.048,
      "Actual Total Time": 3042.661,
      "Actual Rows": 1,
      "Actual Loops": 1,
      "Plans": [
        {
          "Node Type": "Gather",
          "Parent Relationship": "Outer",
          "Parallel Aware": false,
          "Startup Cost": 490360.9,
          "Total Cost": 490361.31,
          "Plan Rows": 4,
          "Plan Width": 96,
          "Actual Startup Time": 2910.246,
          "Actual Total Time": 3042.645,
          "Actual Rows": 5,
          "Actual Loops": 1,
          "Workers Planned": 4,
          "Workers Launched": 4,
          "Single Copy": false,
          "Plans": [
            {
              "Node Type": "Aggregate",
              "Strategy": "Plain",
              "Partial Mode": "Partial",
              "Parent Relationship": "Outer",
              "Parallel Aware": false,
              "Startup Cost": 489360.9,
              "Total Cost": 489360.91,
              "Plan Rows": 1,
              "Plan Width": 96,
              "Actual Startup Time": 2900.838,
              "Actual Total Time": 2900.894,
              "Actual Rows": 1,
              "Actual Loops": 5,
              "Plans": [
                {
                  "Node Type": "Hash Join",
                  "Parent Relationship": "Outer",
                  "Parallel Aware": true,
                  "Join Type": "Inner",
                  "Startup Cost": 444069.71,
                  "Total Cost": 489360.89,
                  "Plan Rows": 1,
                  "Plan Width": 48,
                  "Actual Startup Time": 2753.059,
                  "Actual Total Time": 2900.625,
                  "Actual Rows": 731,
                  "Actual Loops": 5,
                  "Inner Unique": false,
                  "Hash Cond": "(t.id = mk.movie_id)",
                  "Plans": [
                    {
                      "Node Type": "Seq Scan",
                      "Parent Relationship": "Outer",
                      "Parallel Aware": true,
                      "Relation Name": "title",
                      "Alias": "t",
                      "Startup Cost": 0.0,
                      "Total Cost": 43898.62,
                      "Plan Rows": 371350,
                      "Plan Width": 21,
                      "Actual Startup Time": 0.037,
                      "Actual Total Time": 112.072,
                      "Actual Rows": 297006,
                      "Actual Loops": 5,
                      "Filter": "(production_year > 1998)",
                      "Rows Removed by Filter": 208656
                    },
                    {
                      "Node Type": "Hash",
                      "Parent Relationship": "Inner",
                      "Parallel Aware": true,
                      "Startup Cost": 444069.69,
                      "Total Cost": 444069.69,
                      "Plan Rows": 1,
                      "Plan Width": 39,
                      "Actual Startup Time": 2748.209,
                      "Actual Total Time": 2748.263,
                      "Actual Rows": 1442,
                      "Actual Loops": 5,
                      "Hash Buckets": 8192,
                      "Original Hash Buckets": 1024,
                      "Hash Batches": 1,
                      "Original Hash Batches": 1,
                      "Peak Memory Usage": 696,
                      "Plans": [
                        {
                          "Node Type": "Hash Join",
                          "Parent Relationship": "Outer",
                          "Parallel Aware": true,
                          "Join Type": "Inner",
                          "Startup Cost": 115148.66,
                          "Total Cost": 444069.69,
                          "Plan Rows": 1,
                          "Plan Width": 39,
                          "Actual Startup Time": 634.043,
                          "Actual Total Time": 2183.937,
                          "Actual Rows": 1442,
                          "Actual Loops": 5,
                          "Inner Unique": false,
                          "Hash Cond": "(ci.movie_id = mk.movie_id)",
                          "Plans": [
                            {
                              "Node Type": "Hash Join",
                              "Parent Relationship": "Outer",
                              "Parallel Aware": true,
                              "Join Type": "Inner",
                              "Startup Cost": 68636.88,
                              "Total Cost": 397555.64,
                              "Plan Rows": 604,
                              "Plan Width": 19,
                              "Actual Startup Time": 292.937,
                              "Actual Total Time": 1893.988,
                              "Actual Rows": 19281,
                              "Actual Loops": 5,
                              "Inner Unique": true,
                              "Hash Cond": "(ci.person_id = n.id)",
                              "Plans": [
                                {
                                  "Node Type": "Seq Scan",
                                  "Parent Relationship": "Outer",
                                  "Parallel Aware": true,
                                  "Relation Name": "cast_info",
                                  "Alias": "ci",
                                  "Startup Cost": 0.0,
                                  "Total Cost": 313068.58,
                                  "Plan Rows": 6038158,
                                  "Plan Width": 8,
                                  "Actual Startup Time": 0.023,
                                  "Actual Total Time": 915.173,
                                  "Actual Rows": 7248869,
                                  "Actual Loops": 5
                                },
                                {
                                  "Node Type": "Hash",
                                  "Parent Relationship": "Inner",
                                  "Parallel Aware": true,
                                  "Startup Cost": 68635.58,
                                  "Total Cost": 68635.58,
                                  "Plan Rows": 104,
                                  "Plan Width": 19,
                                  "Actual Startup Time": 281.475,
                                  "Actual Total Time": 281.478,
                                  "Actual Rows": 2193,
                                  "Actual Loops": 5,
                                  "Hash Buckets": 16384,
                                  "Original Hash Buckets": 1024,
                                  "Hash Batches": 1,
                                  "Original Hash Batches": 1,
                                  "Peak Memory Usage": 984,
                                  "Plans": [
                                    {
                                      "Node Type": "Seq Scan",
                                      "Parent Relationship": "Outer",
                                      "Parallel Aware": true,
                                      "Relation Name": "name",
                                      "Alias": "n",
                                      "Startup Cost": 0.0,
                                      "Total Cost": 68635.58,
                                      "Plan Rows": 104,
                                      "Plan Width": 19,
                                      "Actual Startup Time": 1.516,
                                      "Actual Total Time": 175.916,
                                      "Actual Rows": 2193,
                                      "Actual Loops": 5,
                                      "Filter": "(name ~~ '%Jones,%'::text)",
                                      "Rows Removed by Filter": 831305
                                    }
                                  ]
                                }
                              ]
                            },
                            {
                              "Node Type": "Hash",
                              "Parent Relationship": "Inner",
                              "Parallel Aware": true,
                              "Startup Cost": 46510.69,
                              "Total Cost": 46510.69,
                              "Plan Rows": 87,
                              "Plan Width": 20,
                              "Actual Startup Time": 282.133,
                              "Actual Total Time": 282.137,
                              "Actual Rows": 13142,
                              "Actual Loops": 5,
                              "Hash Buckets": 65536,
                              "Original Hash Buckets": 1024,
                              "Hash Batches": 1,
                              "Original Hash Batches": 1,
                              "Peak Memory Usage": 4440,
                              "Plans": [
                                {
                                  "Node Type": "Hash Join",
                                  "Parent Relationship": "Outer",
                                  "Parallel Aware": false,
                                  "Join Type": "Inner",
                                  "Startup Cost": 3632.5,
                                  "Total Cost": 46510.69,
                                  "Plan Rows": 87,
                                  "Plan Width": 20,
                                  "Actual Startup Time": 43.327,
                                  "Actual Total Time": 239.353,
                                  "Actual Rows": 13142,
                                  "Actual Loops": 5,
                                  "Inner Unique": true,
                                  "Hash Cond": "(mk.keyword_id = k.id)",
                                  "Plans": [
                                    {
                                      "Node Type": "Seq Scan",
                                      "Parent Relationship": "Outer",
                                      "Parallel Aware": true,
                                      "Relation Name": "movie_keyword",
                                      "Alias": "mk",
                                      "Startup Cost": 0.0,
                                      "Total Cost": 39047.32,
                                      "Plan Rows": 1459332,
                                      "Plan Width": 8,
                                      "Actual Startup Time": 0.06,
                                      "Actual Total Time": 116.018,
                                      "Actual Rows": 904786,
                                      "Actual Loops": 5
                                    },
                                    {
                                      "Node Type": "Hash",
                                      "Parent Relationship": "Inner",
                                      "Parallel Aware": false,
                                      "Startup Cost": 3632.4,
                                      "Total Cost": 3632.4,
                                      "Plan Rows": 8,
                                      "Plan Width": 20,
                                      "Actual Startup Time": 43.138,
                                      "Actual Total Time": 43.139,
                                      "Actual Rows": 6,
                                      "Actual Loops": 5,
                                      "Hash Buckets": 1024,
                                      "Original Hash Buckets": 1024,
                                      "Hash Batches": 1,
                                      "Original Hash Batches": 1,
                                      "Peak Memory Usage": 9,
                                      "Plans": [
                                        {
                                          "Node Type": "Seq Scan",
                                          "Parent Relationship": "Outer",
                                          "Parallel Aware": false,
                                          "Relation Name": "keyword",
                                          "Alias": "k",
                                          "Startup Cost": 0.0,
                                          "Total Cost": 3632.4,
                                          "Plan Rows": 8,
                                          "Plan Width": 20,
                                          "Actual Startup Time": 0.36,
                                          "Actual Total Time": 43.11,
                                          "Actual Rows": 6,
                                          "Actual Loops": 5,
                                          "Filter": "(keyword = ANY ('{based-on-comic,fight,sequel,based-on-comic,based-on-novel,violence,based-on-comic,blood}'::text[]))",
                                          "Rows Removed by Filter": 134164
                                        }
                                      ]
                                    }
                                  ]
                                }
                              ]
                            }
                          ]
                        }
                      ]
                    }
                  ]
                }
              ]
            }
          ]
        }
      ]
    },
    "Planning Time": 4.401,
    "Triggers": [],
    "Execution Time": 3042.998
  }
]