[
  {
    "Plan": {
      "Node Type": "Aggregate",
      "Strategy": "Plain",
      "Partial Mode": "Finalize",
      "Parallel Aware": false,
      "Startup Cost": 312487.38,
      "Total Cost": 312487.39,
      "Plan Rows": 1,
      "Plan Width": 8,
      "Actual Startup Time": 245.573,
      "Actual Total Time": 256.61,
      "Actual Rows": 1,
      "Actual Loops": 1,
      "Plans": [
        {
          "Node Type": "Gather",
          "Parent Relationship": "Outer",
          "Parallel Aware": false,
          "Startup Cost": 312486.75,
          "Total Cost": 312487.36,
          "Plan Rows": 6,
          "Plan Width": 8,
          "Actual Startup Time": 244.574,
          "Actual Total Time": 256.6,
          "Actual Rows": 7,
          "Actual Loops": 1,
          "Workers Planned": 6,
          "Workers Launched": 6,
          "Single Copy": false,
          "Plans": [
            {
              "Node Type": "Aggregate",
              "Strategy": "Plain",
              "Partial Mode": "Partial",
              "Parent Relationship": "Outer",
              "Parallel Aware": false,
              "Startup Cost": 311486.75,
              "Total Cost": 311486.76,
              "Plan Rows": 1,
              "Plan Width": 8,
              "Actual Startup Time": 235.673,
              "Actual Total Time": 235.674,
              "Actual Rows": 1,
              "Actual Loops": 7,
              "Plans": [
                {
                  "Node Type": "Bitmap Heap Scan",
                  "Parent Relationship": "Outer",
                  "Parallel Aware": true,
                  "Relation Name": "cast_info",
                  "Alias": "ci",
                  "Startup Cost": 52217.94,
                  "Total Cost": 310838.39,
                  "Plan Rows": 259345,
                  "Plan Width": 0,
                  "Actual Startup Time": 95.933,
                  "Actual Total Time": 217.22,
                  "Actual Rows": 325455,
                  "Actual Loops": 7,
                  "Recheck Cond": "(person_id > 3616739)",
                  "Rows Removed by Index Recheck": 0,
                  "Filter": "(role_id > 1)",
                  "Rows Removed by Filter": 0,
                  "Exact Heap Blocks": 8453,
                  "Lossy Heap Blocks": 0,
                  "Plans": [
                    {
                      "Node Type": "Bitmap Index Scan",
                      "Parent Relationship": "Outer",
                      "Parallel Aware": false,
                      "Index Name": "person_id_cast_info",
                      "Startup Cost": 0.0,
                      "Total Cost": 51828.92,
                      "Plan Rows": 2373381,
                      "Plan Width": 0,
                      "Actual Startup Time": 98.393,
                      "Actual Total Time": 98.393,
                      "Actual Rows": 2278188,
                      "Actual Loops": 1,
                      "Index Cond": "(person_id > 3616739)"
                    }
                  ]
                }
              ]
            }
          ]
        }
      ]
    },
    "Planning Time": 0.222,
    "Triggers": [],
    "Execution Time": 256.677
  }
]