[
  {
    "Plan": {
      "Node Type": "Aggregate",
      "Strategy": "Plain",
      "Partial Mode": "Finalize",
      "Parallel Aware": false,
      "Startup Cost": 234280.46,
      "Total Cost": 234280.47,
      "Plan Rows": 1,
      "Plan Width": 8,
      "Actual Startup Time": 109.098,
      "Actual Total Time": 125.353,
      "Actual Rows": 1,
      "Actual Loops": 1,
      "Plans": [
        {
          "Node Type": "Gather",
          "Parent Relationship": "Outer",
          "Parallel Aware": false,
          "Startup Cost": 234280.04,
          "Total Cost": 234280.45,
          "Plan Rows": 4,
          "Plan Width": 8,
          "Actual Startup Time": 108.977,
          "Actual Total Time": 125.345,
          "Actual Rows": 5,
          "Actual Loops": 1,
          "Workers Planned": 4,
          "Workers Launched": 4,
          "Single Copy": false,
          "Plans": [
            {
              "Node Type": "Aggregate",
              "Strategy": "Plain",
              "Partial Mode": "Partial",
              "Parent Relationship": "Outer",
              "Parallel Aware": false,
              "Startup Cost": 233280.04,
              "Total Cost": 233280.05,
              "Plan Rows": 1,
              "Plan Width": 8,
              "Actual Startup Time": 100.058,
              "Actual Total Time": 100.06,
              "Actual Rows": 1,
              "Actual Loops": 5,
              "Plans": [
                {
                  "Node Type": "Nested Loop",
                  "Parent Relationship": "Outer",
                  "Parallel Aware": false,
                  "Join Type": "Inner",
                  "Startup Cost": 0.56,
                  "Total Cost": 233212.9,
                  "Plan Rows": 26856,
                  "Plan Width": 0,
                  "Actual Startup Time": 55.84,
                  "Actual Total Time": 99.868,
                  "Actual Rows": 1806,
                  "Actual Loops": 5,
                  "Inner Unique": false,
                  "Plans": [
                    {
                      "Node Type": "Seq Scan",
                      "Parent Relationship": "Outer",
                      "Parallel Aware": true,
                      "Relation Name": "title",
                      "Alias": "t",
                      "Startup Cost": 0.0,
                      "Total Cost": 43898.92,
                      "Plan Rows": 1874,
                      "Plan Width": 4,
                      "Actual Startup Time": 55.699,
                      "Actual Total Time": 83.581,
                      "Actual Rows": 1538,
                      "Actual Loops": 5,
                      "Filter": "(production_year < 1901)",
                      "Rows Removed by Filter": 504125
                    },
                    {
                      "Node Type": "Index Only Scan",
                      "Parent Relationship": "Inner",
                      "Parallel Aware": false,
                      "Scan Direction": "Forward",
                      "Index Name": "movie_id_cast_info",
                      "Relation Name": "cast_info",
                      "Alias": "ci",
                      "Startup Cost": 0.56,
                      "Total Cost": 100.65,
                      "Plan Rows": 37,
                      "Plan Width": 4,
                      "Actual Startup Time": 0.009,
                      "Actual Total Time": 0.01,
                      "Actual Rows": 1,
                      "Actual Loops": 7688,
                      "Index Cond": "(movie_id = t.id)",
                      "Rows Removed by Index Recheck": 0,
                      "Heap Fetches": 9032
                    }
                  ]
                }
              ]
            }
          ]
        }
      ]
    },
    "Planning Time": 0.558,
    "Triggers": [],
    "Execution Time": 125.421
  }
]