[
  {
    "Plan": {
      "Node Type": "Aggregate",
      "Strategy": "Plain",
      "Partial Mode": "Finalize",
      "Parallel Aware": false,
      "Startup Cost": 32042.32,
      "Total Cost": 32042.33,
      "Plan Rows": 1,
      "Plan Width": 8,
      "Actual Startup Time": 112.493,
      "Actual Total Time": 120.037,
      "Actual Rows": 1,
      "Actual Loops": 1,
      "Plans": [
        {
          "Node Type": "Gather",
          "Parent Relationship": "Outer",
          "Parallel Aware": false,
          "Startup Cost": 32042.0,
          "Total Cost": 32042.31,
          "Plan Rows": 3,
          "Plan Width": 8,
          "Actual Startup Time": 112.401,
          "Actual Total Time": 120.029,
          "Actual Rows": 4,
          "Actual Loops": 1,
          "Workers Planned": 3,
          "Workers Launched": 3,
          "Single Copy": false,
          "Plans": [
            {
              "Node Type": "Aggregate",
              "Strategy": "Plain",
              "Partial Mode": "Partial",
              "Parent Relationship": "Outer",
              "Parallel Aware": false,
              "Startup Cost": 31042.0,
              "Total Cost": 31042.01,
              "Plan Rows": 1,
              "Plan Width": 8,
              "Actual Startup Time": 106.204,
              "Actual Total Time": 106.205,
              "Actual Rows": 1,
              "Actual Loops": 4,
              "Plans": [
                {
                  "Node Type": "Seq Scan",
                  "Parent Relationship": "Outer",
                  "Parallel Aware": true,
                  "Relation Name": "movie_companies",
                  "Alias": "mc",
                  "Startup Cost": 0.0,
                  "Total Cost": 29310.68,
                  "Plan Rows": 692529,
                  "Plan Width": 0,
                  "Actual Startup Time": 0.182,
                  "Actual Total Time": 81.909,
                  "Actual Rows": 537880,
                  "Actual Loops": 4,
                  "Filter": "(company_id > 390)",
                  "Rows Removed by Filter": 114402
                }
              ]
            }
          ]
        }
      ]
    },
    "Planning Time": 0.188,
    "Triggers": [],
    "Execution Time": 120.092
  }
]