{
  "Plan": {
    "Node Type": "Aggregate",
    "Strategy": "Plain",
    "Partial Mode": "Finalize",
    "Parallel Aware": false,
    "Startup Cost": 351961.59,
    "Total Cost": 351961.6,
    "Plan Rows": 1,
    "Plan Width": 8,
    "Actual Startup Time": 1439.242,
    "Actual Total Time": 1466.531,
    "Actual Rows": 1,
    "Actual Loops": 1,
    "Plans": [
      {
        "Node Type": "Gather",
        "Parent Relationship": "Outer",
        "Parallel Aware": false,
        "Startup Cost": 351961.48,
        "Total Cost": 351961.59,
        "Plan Rows": 1,
        "Plan Width": 8,
        "Actual Startup Time": 1438.599,
        "Actual Total Time": 1466.522,
        "Actual Rows": 2,
        "Actual Loops": 1,
        "Workers Planned": 1,
        "Workers Launched": 1,
        "Single Copy": false,
        "Plans": [
          {
            "Node Type": "Aggregate",
            "Strategy": "Plain",
            "Partial Mode": "Partial",
            "Parent Relationship": "Outer",
            "Parallel Aware": false,
            "Startup Cost": 350961.48,
            "Total Cost": 350961.49,
            "Plan Rows": 1,
            "Plan Width": 8,
            "Actual Startup Time": 1432.538,
            "Actual Total Time": 1432.542,
            "Actual Rows": 1,
            "Actual Loops": 2,
            "Plans": [
              {
                "Node Type": "Hash Join",
                "Parent Relationship": "Outer",
                "Parallel Aware": true,
                "Join Type": "Inner",
                "Startup Cost": 61014.61,
                "Total Cost": 349262.69,
                "Plan Rows": 679517,
                "Plan Width": 0,
                "Actual Startup Time": 205.282,
                "Actual Total Time": 1422.997,
                "Actual Rows": 172705,
                "Actual Loops": 2,
                "Inner Unique": true,
                "Hash Cond": "(ci.movie_id = t.id)",
                "Plans": [
                  {
                    "Node Type": "Index Scan",
                    "Parent Relationship": "Outer",
                    "Parallel Aware": true,
                    "Scan Direction": "Forward",
                    "Index Name": "role_id_cast_info",
                    "Relation Name": "cast_info",
                    "Alias": "ci",
                    "Startup Cost": 0.56,
                    "Total Cost": 276001.42,
                    "Plan Rows": 4665599,
                    "Plan Width": 4,
                    "Actual Startup Time": 0.185,
                    "Actual Total Time": 748.377,
                    "Actual Rows": 2922406,
                    "Actual Loops": 2,
                    "Index Cond": "(role_id > 5)",
                    "Rows Removed by Index Recheck": 0,
                    "Filter": "(person_id < 3551944)",
                    "Rows Removed by Filter": 1320750
                  },
                  {
                    "Node Type": "Hash",
                    "Parent Relationship": "Inner",
                    "Parallel Aware": true,
                    "Startup Cost": 58306.47,
                    "Total Cost": 58306.47,
                    "Plan Rows": 216606,
                    "Plan Width": 4,
                    "Actual Startup Time": 199.218,
                    "Actual Total Time": 199.219,
                    "Actual Rows": 119610,
                    "Actual Loops": 2,
                    "Hash Buckets": 524288,
                    "Original Hash Buckets": 524288,
                    "Hash Batches": 1,
                    "Original Hash Batches": 1,
                    "Peak Memory Usage": 13504,
                    "Plans": [
                      {
                        "Node Type": "Seq Scan",
                        "Parent Relationship": "Outer",
                        "Parallel Aware": true,
                        "Relation Name": "title",
                        "Alias": "t",
                        "Startup Cost": 0.0,
                        "Total Cost": 58306.47,
                        "Plan Rows": 216606,
                        "Plan Width": 4,
                        "Actual Startup Time": 0.043,
                        "Actual Total Time": 164.195,
                        "Actual Rows": 119610,
                        "Actual Loops": 2,
                        "Filter": "((kind_id > 1) AND (production_year < 1980))",
                        "Rows Removed by Filter": 1144546
                      }
                    ]
                  }
                ]
              }
            ]
          }
        ]
      }
    ]
  },
  "Planning Time": 0.51,
  "Triggers": [],
  "Execution Time": 1466.613
}