[
    {
        "Bao": {
            "Bao prediction": "NaN",
            "Bao recommended hint": "(no hint)"
        }
    },
    {
        "Plan": {
            "Node Type": "Aggregate",
            "Strategy": "Plain",
            "Partial Mode": "Finalize",
            "Parallel Aware": false,
            "Startup Cost": 390410.38,
            "Total Cost": 390410.39,
            "Plan Rows": 1,
            "Plan Width": 8,
            "Actual Startup Time": 1362.183,
            "Actual Total Time": 1394.334,
            "Actual Rows": 1,
            "Actual Loops": 1,
            "Output": [
                "count(*)"
            ],
            "Plans": [
                {
                    "Node Type": "Gather",
                    "Parent Relationship": "Outer",
                    "Parallel Aware": false,
                    "Startup Cost": 390409.75,
                    "Total Cost": 390410.36,
                    "Plan Rows": 6,
                    "Plan Width": 8,
                    "Actual Startup Time": 1358.953,
                    "Actual Total Time": 1394.322,
                    "Actual Rows": 7,
                    "Actual Loops": 1,
                    "Output": [
                        "(PARTIAL count(*))"
                    ],
                    "Workers Planned": 6,
                    "Workers Launched": 6,
                    "Single Copy": false,
                    "Plans": [
                        {
                            "Node Type": "Aggregate",
                            "Strategy": "Plain",
                            "Partial Mode": "Partial",
                            "Parent Relationship": "Outer",
                            "Parallel Aware": false,
                            "Startup Cost": 389409.75,
                            "Total Cost": 389409.76,
                            "Plan Rows": 1,
                            "Plan Width": 8,
                            "Actual Startup Time": 1349.647,
                            "Actual Total Time": 1349.65,
                            "Actual Rows": 1,
                            "Actual Loops": 7,
                            "Output": [
                                "PARTIAL count(*)"
                            ],
                            "Workers": [
                                {
                                    "Worker Number": 0,
                                    "Actual Startup Time": 1347.232,
                                    "Actual Total Time": 1347.233,
                                    "Actual Rows": 1,
                                    "Actual Loops": 1
                                },
                                {
                                    "Worker Number": 1,
                                    "Actual Startup Time": 1347.635,
                                    "Actual Total Time": 1347.638,
                                    "Actual Rows": 1,
                                    "Actual Loops": 1
                                },
                                {
                                    "Worker Number": 2,
                                    "Actual Startup Time": 1348.043,
                                    "Actual Total Time": 1348.046,
                                    "Actual Rows": 1,
                                    "Actual Loops": 1
                                },
                                {
                                    "Worker Number": 3,
                                    "Actual Startup Time": 1348.173,
                                    "Actual Total Time": 1348.175,
                                    "Actual Rows": 1,
                                    "Actual Loops": 1
                                },
                                {
                                    "Worker Number": 4,
                                    "Actual Startup Time": 1348.508,
                                    "Actual Total Time": 1348.51,
                                    "Actual Rows": 1,
                                    "Actual Loops": 1
                                },
                                {
                                    "Worker Number": 5,
                                    "Actual Startup Time": 1349.396,
                                    "Actual Total Time": 1349.399,
                                    "Actual Rows": 1,
                                    "Actual Loops": 1
                                }
                            ],
                            "Plans": [
                                {
                                    "Node Type": "Hash Join",
                                    "Parent Relationship": "Outer",
                                    "Parallel Aware": true,
                                    "Join Type": "Inner",
                                    "Startup Cost": 47087.21,
                                    "Total Cost": 387119.07,
                                    "Plan Rows": 916273,
                                    "Plan Width": 0,
                                    "Actual Startup Time": 182.346,
                                    "Actual Total Time": 1310.662,
                                    "Actual Rows": 755835,
                                    "Actual Loops": 7,
                                    "Inner Unique": true,
                                    "Hash Cond": "(ci.movie_id = t.id)",
                                    "Workers": [
                                        {
                                            "Worker Number": 0,
                                            "Actual Startup Time": 179.834,
                                            "Actual Total Time": 1309.593,
                                            "Actual Rows": 815327,
                                            "Actual Loops": 1
                                        },
                                        {
                                            "Worker Number": 1,
                                            "Actual Startup Time": 180.343,
                                            "Actual Total Time": 1308.937,
                                            "Actual Rows": 805748,
                                            "Actual Loops": 1
                                        },
                                        {
                                            "Worker Number": 2,
                                            "Actual Startup Time": 181.384,
                                            "Actual Total Time": 1309.568,
                                            "Actual Rows": 802200,
                                            "Actual Loops": 1
                                        },
                                        {
                                            "Worker Number": 3,
                                            "Actual Startup Time": 180.847,
                                            "Actual Total Time": 1310.457,
                                            "Actual Rows": 817026,
                                            "Actual Loops": 1
                                        },
                                        {
                                            "Worker Number": 4,
                                            "Actual Startup Time": 181.091,
                                            "Actual Total Time": 1307.171,
                                            "Actual Rows": 546745,
                                            "Actual Loops": 1
                                        },
                                        {
                                            "Worker Number": 5,
                                            "Actual Startup Time": 181.64,
                                            "Actual Total Time": 1308.178,
                                            "Actual Rows": 546958,
                                            "Actual Loops": 1
                                        }
                                    ],
                                    "Plans": [
                                        {
                                            "Node Type": "Seq Scan",
                                            "Parent Relationship": "Outer",
                                            "Parallel Aware": true,
                                            "Relation Name": "cast_info",
                                            "Schema": "public",
                                            "Alias": "ci",
                                            "Startup Cost": 0.0,
                                            "Total Cost": 328213.62,
                                            "Plan Rows": 4502180,
                                            "Plan Width": 4,
                                            "Actual Startup Time": 87.079,
                                            "Actual Total Time": 576.812,
                                            "Actual Rows": 3850776,
                                            "Actual Loops": 7,
                                            "Output": [
                                                "ci.id",
                                                "ci.person_id",
                                                "ci.movie_id",
                                                "ci.person_role_id",
                                                "ci.note",
                                                "ci.nr_order",
                                                "ci.role_id"
                                            ],
                                            "Filter": "(ci.person_id > 914696)",
                                            "Rows Removed by Filter": 1326987,
                                            "Workers": [
                                                {
                                                    "Worker Number": 0,
                                                    "Actual Startup Time": 86.999,
                                                    "Actual Total Time": 584.556,
                                                    "Actual Rows": 4168321,
                                                    "Actual Loops": 1
                                                },
                                                {
                                                    "Worker Number": 1,
                                                    "Actual Startup Time": 87.108,
                                                    "Actual Total Time": 570.432,
                                                    "Actual Rows": 4102637,
                                                    "Actual Loops": 1
                                                },
                                                {
                                                    "Worker Number": 2,
                                                    "Actual Startup Time": 87.097,
                                                    "Actual Total Time": 567.709,
                                                    "Actual Rows": 4082415,
                                                    "Actual Loops": 1
                                                },
                                                {
                                                    "Worker Number": 3,
                                                    "Actual Startup Time": 87.086,
                                                    "Actual Total Time": 586.905,
                                                    "Actual Rows": 4161646,
                                                    "Actual Loops": 1
                                                },
                                                {
                                                    "Worker Number": 4,
                                                    "Actual Startup Time": 87.089,
                                                    "Actual Total Time": 588.22,
                                                    "Actual Rows": 2793310,
                                                    "Actual Loops": 1
                                                },
                                                {
                                                    "Worker Number": 5,
                                                    "Actual Startup Time": 87.074,
                                                    "Actual Total Time": 584.835,
                                                    "Actual Rows": 2769813,
                                                    "Actual Loops": 1
                                                }
                                            ]
                                        },
                                        {
                                            "Node Type": "Hash",
                                            "Parent Relationship": "Inner",
                                            "Parallel Aware": true,
                                            "Startup Cost": 45479.21,
                                            "Total Cost": 45479.21,
                                            "Plan Rows": 128640,
                                            "Plan Width": 4,
                                            "Actual Startup Time": 93.504,
                                            "Actual Total Time": 93.505,
                                            "Actual Rows": 55225,
                                            "Actual Loops": 7,
                                            "Output": [
                                                "t.id"
                                            ],
                                            "Hash Buckets": 524288,
                                            "Original Hash Buckets": 524288,
                                            "Hash Batches": 1,
                                            "Original Hash Batches": 1,
                                            "Peak Memory Usage": 19360,
                                            "Workers": [
                                                {
                                                    "Worker Number": 0,
                                                    "Actual Startup Time": 92.001,
                                                    "Actual Total Time": 92.002,
                                                    "Actual Rows": 58566,
                                                    "Actual Loops": 1
                                                },
                                                {
                                                    "Worker Number": 1,
                                                    "Actual Startup Time": 92.425,
                                                    "Actual Total Time": 92.426,
                                                    "Actual Rows": 57173,
                                                    "Actual Loops": 1
                                                },
                                                {
                                                    "Worker Number": 2,
                                                    "Actual Startup Time": 92.77,
                                                    "Actual Total Time": 92.771,
                                                    "Actual Rows": 56933,
                                                    "Actual Loops": 1
                                                },
                                                {
                                                    "Worker Number": 3,
                                                    "Actual Startup Time": 92.906,
                                                    "Actual Total Time": 92.907,
                                                    "Actual Rows": 56456,
                                                    "Actual Loops": 1
                                                },
                                                {
                                                    "Worker Number": 4,
                                                    "Actual Startup Time": 93.308,
                                                    "Actual Total Time": 93.309,
                                                    "Actual Rows": 41050,
                                                    "Actual Loops": 1
                                                },
                                                {
                                                    "Worker Number": 5,
                                                    "Actual Startup Time": 93.782,
                                                    "Actual Total Time": 93.783,
                                                    "Actual Rows": 42570,
                                                    "Actual Loops": 1
                                                }
                                            ],
                                            "Plans": [
                                                {
                                                    "Node Type": "Seq Scan",
                                                    "Parent Relationship": "Outer",
                                                    "Parallel Aware": true,
                                                    "Relation Name": "title",
                                                    "Schema": "public",
                                                    "Alias": "t",
                                                    "Startup Cost": 0.0,
                                                    "Total Cost": 45479.21,
                                                    "Plan Rows": 128640,
                                                    "Plan Width": 4,
                                                    "Actual Startup Time": 39.372,
                                                    "Actual Total Time": 73.41,
                                                    "Actual Rows": 55225,
                                                    "Actual Loops": 7,
                                                    "Output": [
                                                        "t.id"
                                                    ],
                                                    "Filter": "((t.production_year > 1979) AND (t.kind_id = 1))",
                                                    "Rows Removed by Filter": 305962,
                                                    "Workers": [
                                                        {
                                                            "Worker Number": 0,
                                                            "Actual Startup Time": 43.903,
                                                            "Actual Total Time": 72.382,
                                                            "Actual Rows": 58566,
                                                            "Actual Loops": 1
                                                        },
                                                        {
                                                            "Worker Number": 1,
                                                            "Actual Startup Time": 44.596,
                                                            "Actual Total Time": 72.282,
                                                            "Actual Rows": 57173,
                                                            "Actual Loops": 1
                                                        },
                                                        {
                                                            "Worker Number": 2,
                                                            "Actual Startup Time": 1.803,
                                                            "Actual Total Time": 72.635,
                                                            "Actual Rows": 56933,
                                                            "Actual Loops": 1
                                                        },
                                                        {
                                                            "Worker Number": 3,
                                                            "Actual Startup Time": 44.948,
                                                            "Actual Total Time": 72.601,
                                                            "Actual Rows": 56456,
                                                            "Actual Loops": 1
                                                        },
                                                        {
                                                            "Worker Number": 4,
                                                            "Actual Startup Time": 45.372,
                                                            "Actual Total Time": 74.255,
                                                            "Actual Rows": 41050,
                                                            "Actual Loops": 1
                                                        },
                                                        {
                                                            "Worker Number": 5,
                                                            "Actual Startup Time": 45.721,
                                                            "Actual Total Time": 75.323,
                                                            "Actual Rows": 42570,
                                                            "Actual Loops": 1
                                                        }
                                                    ]
                                                }
                                            ]
                                        }
                                    ]
                                }
                            ]
                        }
                    ]
                }
            ]
        },
        "Planning Time": 170.911,
        "Triggers": [],
        "Execution Time": 1394.458
    }
]