[
  {
    "Plan": {
      "Node Type": "Aggregate",
      "Strategy": "Plain",
      "Partial Mode": "Finalize",
      "Parallel Aware": false,
      "Startup Cost": 46107.99,
      "Total Cost": 46108.0,
      "Plan Rows": 1,
      "Plan Width": 8,
      "Actual Startup Time": 132.803,
      "Actual Total Time": 140.449,
      "Actual Rows": 1,
      "Actual Loops": 1,
      "Plans": [
        {
          "Node Type": "Gather",
          "Parent Relationship": "Outer",
          "Parallel Aware": false,
          "Startup Cost": 46107.67,
          "Total Cost": 46107.98,
          "Plan Rows": 3,
          "Plan Width": 8,
          "Actual Startup Time": 132.69,
          "Actual Total Time": 140.442,
          "Actual Rows": 4,
          "Actual Loops": 1,
          "Workers Planned": 3,
          "Workers Launched": 3,
          "Single Copy": false,
          "Plans": [
            {
              "Node Type": "Aggregate",
              "Strategy": "Plain",
              "Partial Mode": "Partial",
              "Parent Relationship": "Outer",
              "Parallel Aware": false,
              "Startup Cost": 45107.67,
              "Total Cost": 45107.68,
              "Plan Rows": 1,
              "Plan Width": 8,
              "Actual Startup Time": 129.588,
              "Actual Total Time": 129.589,
              "Actual Rows": 1,
              "Actual Loops": 4,
              "Plans": [
                {
                  "Node Type": "Seq Scan",
                  "Parent Relationship": "Outer",
                  "Parallel Aware": true,
                  "Relation Name": "movie_keyword",
                  "Alias": "mk",
                  "Startup Cost": 0.0,
                  "Total Cost": 42695.65,
                  "Plan Rows": 964807,
                  "Plan Width": 0,
                  "Actual Startup Time": 0.02,
                  "Actual Total Time": 99.709,
                  "Actual Rows": 750320,
                  "Actual Loops": 4,
                  "Filter": "(keyword_id < 10565)",
                  "Rows Removed by Filter": 380662
                }
              ]
            }
          ]
        }
      ]
    },
    "Planning Time": 0.144,
    "Triggers": [],
    "Execution Time": 140.497
  }
]