{
  "Plan": {
    "Node Type": "Aggregate",
    "Strategy": "Plain",
    "Partial Mode": "Finalize",
    "Parallel Aware": false,
    "Startup Cost": 112930.32,
    "Total Cost": 112930.33,
    "Plan Rows": 1,
    "Plan Width": 8,
    "Actual Startup Time": 625.382,
    "Actual Total Time": 642.624,
    "Actual Rows": 1,
    "Actual Loops": 1,
    "Plans": [
      {
        "Node Type": "Gather",
        "Parent Relationship": "Outer",
        "Parallel Aware": false,
        "Startup Cost": 112930.21,
        "Total Cost": 112930.32,
        "Plan Rows": 1,
        "Plan Width": 8,
        "Actual Startup Time": 620.835,
        "Actual Total Time": 642.614,
        "Actual Rows": 2,
        "Actual Loops": 1,
        "Workers Planned": 1,
        "Workers Launched": 1,
        "Single Copy": false,
        "Plans": [
          {
            "Node Type": "Aggregate",
            "Strategy": "Plain",
            "Partial Mode": "Partial",
            "Parent Relationship": "Outer",
            "Parallel Aware": false,
            "Startup Cost": 111930.21,
            "Total Cost": 111930.22,
            "Plan Rows": 1,
            "Plan Width": 8,
            "Actual Startup Time": 613.38,
            "Actual Total Time": 613.383,
            "Actual Rows": 1,
            "Actual Loops": 2,
            "Plans": [
              {
                "Node Type": "Hash Join",
                "Parent Relationship": "Outer",
                "Parallel Aware": true,
                "Join Type": "Inner",
                "Startup Cost": 68300.85,
                "Total Cost": 111234.2,
                "Plan Rows": 278404,
                "Plan Width": 0,
                "Actual Startup Time": 413.872,
                "Actual Total Time": 612.565,
                "Actual Rows": 13978,
                "Actual Loops": 2,
                "Inner Unique": true,
                "Hash Cond": "(mc.movie_id = t.id)",
                "Plans": [
                  {
                    "Node Type": "Index Scan",
                    "Parent Relationship": "Outer",
                    "Parallel Aware": true,
                    "Scan Direction": "Forward",
                    "Index Name": "company_type_id_movie_companies",
                    "Relation Name": "movie_companies",
                    "Alias": "mc",
                    "Startup Cost": 0.43,
                    "Total Cost": 41574.35,
                    "Plan Rows": 517878,
                    "Plan Width": 4,
                    "Actual Startup Time": 1.714,
                    "Actual Total Time": 119.063,
                    "Actual Rows": 347759,
                    "Actual Loops": 2,
                    "Index Cond": "(company_type_id < 2)",
                    "Rows Removed by Index Recheck": 0,
                    "Filter": "(company_id > 1893)",
                    "Rows Removed by Filter": 289364
                  },
                  {
                    "Node Type": "Hash",
                    "Parent Relationship": "Inner",
                    "Parallel Aware": true,
                    "Startup Cost": 58306.47,
                    "Total Cost": 58306.47,
                    "Plan Rows": 799516,
                    "Plan Width": 4,
                    "Actual Startup Time": 397.417,
                    "Actual Total Time": 397.418,
                    "Actual Rows": 719348,
                    "Actual Loops": 2,
                    "Hash Buckets": 2097152,
                    "Original Hash Buckets": 2097152,
                    "Hash Batches": 1,
                    "Original Hash Batches": 1,
                    "Peak Memory Usage": 72672,
                    "Plans": [
                      {
                        "Node Type": "Seq Scan",
                        "Parent Relationship": "Outer",
                        "Parallel Aware": true,
                        "Relation Name": "title",
                        "Alias": "t",
                        "Startup Cost": 0.0,
                        "Total Cost": 58306.47,
                        "Plan Rows": 799516,
                        "Plan Width": 4,
                        "Actual Startup Time": 0.029,
                        "Actual Total Time": 193.655,
                        "Actual Rows": 719348,
                        "Actual Loops": 2,
                        "Filter": "((production_year > 1958) AND (kind_id = 7))",
                        "Rows Removed by Filter": 544808
                      }
                    ]
                  }
                ]
              }
            ]
          }
        ]
      }
    ]
  },
  "Planning Time": 0.64,
  "Triggers": [],
  "Execution Time": 642.696
}