[
  {
    "Plan": {
      "Node Type": "Aggregate",
      "Strategy": "Plain",
      "Partial Mode": "Finalize",
      "Parallel Aware": false,
      "Startup Cost": 31261.97,
      "Total Cost": 31261.98,
      "Plan Rows": 1,
      "Plan Width": 8,
      "Actual Startup Time": 100.972,
      "Actual Total Time": 106.975,
      "Actual Rows": 1,
      "Actual Loops": 1,
      "Plans": [
        {
          "Node Type": "Gather",
          "Parent Relationship": "Outer",
          "Parallel Aware": false,
          "Startup Cost": 31261.65,
          "Total Cost": 31261.96,
          "Plan Rows": 3,
          "Plan Width": 8,
          "Actual Startup Time": 100.832,
          "Actual Total Time": 106.967,
          "Actual Rows": 4,
          "Actual Loops": 1,
          "Workers Planned": 3,
          "Workers Launched": 3,
          "Single Copy": false,
          "Plans": [
            {
              "Node Type": "Aggregate",
              "Strategy": "Plain",
              "Partial Mode": "Partial",
              "Parent Relationship": "Outer",
              "Parallel Aware": false,
              "Startup Cost": 30261.65,
              "Total Cost": 30261.66,
              "Plan Rows": 1,
              "Plan Width": 8,
              "Actual Startup Time": 93.745,
              "Actual Total Time": 93.745,
              "Actual Rows": 1,
              "Actual Loops": 4,
              "Plans": [
                {
                  "Node Type": "Seq Scan",
                  "Parent Relationship": "Outer",
                  "Parallel Aware": true,
                  "Relation Name": "movie_companies",
                  "Alias": "mc",
                  "Startup Cost": 0.0,
                  "Total Cost": 29310.68,
                  "Plan Rows": 380389,
                  "Plan Width": 0,
                  "Actual Startup Time": 0.044,
                  "Actual Total Time": 75.7,
                  "Actual Rows": 294238,
                  "Actual Loops": 4,
                  "Filter": "(company_id < 10089)",
                  "Rows Removed by Filter": 358044
                }
              ]
            }
          ]
        }
      ]
    },
    "Planning Time": 0.195,
    "Triggers": [],
    "Execution Time": 107.028
  }
]