{
  "Plan": {
    "Node Type": "Aggregate",
    "Strategy": "Plain",
    "Partial Mode": "Finalize",
    "Parallel Aware": false,
    "Startup Cost": 675420.43,
    "Total Cost": 675420.44,
    "Plan Rows": 1,
    "Plan Width": 8,
    "Actual Startup Time": 4083.705,
    "Actual Total Time": 4149.864,
    "Actual Rows": 1,
    "Actual Loops": 1,
    "Plans": [
      {
        "Node Type": "Gather",
        "Parent Relationship": "Outer",
        "Parallel Aware": false,
        "Startup Cost": 675420.32,
        "Total Cost": 675420.43,
        "Plan Rows": 1,
        "Plan Width": 8,
        "Actual Startup Time": 4082.114,
        "Actual Total Time": 4149.852,
        "Actual Rows": 2,
        "Actual Loops": 1,
        "Workers Planned": 1,
        "Workers Launched": 1,
        "Single Copy": false,
        "Plans": [
          {
            "Node Type": "Aggregate",
            "Strategy": "Plain",
            "Partial Mode": "Partial",
            "Parent Relationship": "Outer",
            "Parallel Aware": false,
            "Startup Cost": 674420.32,
            "Total Cost": 674420.33,
            "Plan Rows": 1,
            "Plan Width": 8,
            "Actual Startup Time": 4076.602,
            "Actual Total Time": 4076.605,
            "Actual Rows": 1,
            "Actual Loops": 2,
            "Plans": [
              {
                "Node Type": "Hash Join",
                "Parent Relationship": "Outer",
                "Parallel Aware": true,
                "Join Type": "Inner",
                "Startup Cost": 64200.52,
                "Total Cost": 665636.56,
                "Plan Rows": 3513506,
                "Plan Width": 0,
                "Actual Startup Time": 703.348,
                "Actual Total Time": 3956.811,
                "Actual Rows": 2765761,
                "Actual Loops": 2,
                "Inner Unique": true,
                "Hash Cond": "(ci.movie_id = t.id)",
                "Plans": [
                  {
                    "Node Type": "Seq Scan",
                    "Parent Relationship": "Outer",
                    "Parallel Aware": true,
                    "Relation Name": "cast_info",
                    "Alias": "ci",
                    "Startup Cost": 0.0,
                    "Total Cost": 572345.93,
                    "Plan Rows": 11081929,
                    "Plan Width": 4,
                    "Actual Startup Time": 427.727,
                    "Actual Total Time": 1883.815,
                    "Actual Rows": 8782042,
                    "Actual Loops": 2,
                    "Filter": "((person_id > 1231722) AND (role_id < 8))",
                    "Rows Removed by Filter": 9340130
                  },
                  {
                    "Node Type": "Hash",
                    "Parent Relationship": "Inner",
                    "Parallel Aware": true,
                    "Startup Cost": 58306.47,
                    "Total Cost": 58306.47,
                    "Plan Rows": 471524,
                    "Plan Width": 4,
                    "Actual Startup Time": 266.518,
                    "Actual Total Time": 266.518,
                    "Actual Rows": 353932,
                    "Actual Loops": 2,
                    "Hash Buckets": 1048576,
                    "Original Hash Buckets": 1048576,
                    "Hash Batches": 1,
                    "Original Hash Batches": 1,
                    "Peak Memory Usage": 35936,
                    "Plans": [
                      {
                        "Node Type": "Seq Scan",
                        "Parent Relationship": "Outer",
                        "Parallel Aware": true,
                        "Relation Name": "title",
                        "Alias": "t",
                        "Startup Cost": 0.0,
                        "Total Cost": 58306.47,
                        "Plan Rows": 471524,
                        "Plan Width": 4,
                        "Actual Startup Time": 0.051,
                        "Actual Total Time": 172.845,
                        "Actual Rows": 353932,
                        "Actual Loops": 2,
                        "Filter": "((kind_id < 7) AND (production_year > 1973))",
                        "Rows Removed by Filter": 910224
                      }
                    ]
                  }
                ]
              }
            ]
          }
        ]
      }
    ]
  },
  "Planning Time": 0.583,
  "Triggers": [],
  "Execution Time": 4149.939
}