[
  {
    "Plan": {
      "Node Type": "Aggregate",
      "Strategy": "Plain",
      "Partial Mode": "Finalize",
      "Parallel Aware": false,
      "Startup Cost": 57936.81,
      "Total Cost": 57936.82,
      "Plan Rows": 1,
      "Plan Width": 8,
      "Actual Startup Time": 154.189,
      "Actual Total Time": 171.618,
      "Actual Rows": 1,
      "Actual Loops": 1,
      "Plans": [
        {
          "Node Type": "Gather",
          "Parent Relationship": "Outer",
          "Parallel Aware": false,
          "Startup Cost": 57936.49,
          "Total Cost": 57936.8,
          "Plan Rows": 3,
          "Plan Width": 8,
          "Actual Startup Time": 153.849,
          "Actual Total Time": 171.608,
          "Actual Rows": 4,
          "Actual Loops": 1,
          "Workers Planned": 3,
          "Workers Launched": 3,
          "Single Copy": false,
          "Plans": [
            {
              "Node Type": "Aggregate",
              "Strategy": "Plain",
              "Partial Mode": "Partial",
              "Parent Relationship": "Outer",
              "Parallel Aware": false,
              "Startup Cost": 56936.49,
              "Total Cost": 56936.5,
              "Plan Rows": 1,
              "Plan Width": 8,
              "Actual Startup Time": 149.17,
              "Actual Total Time": 149.174,
              "Actual Rows": 1,
              "Actual Loops": 4,
              "Plans": [
                {
                  "Node Type": "Nested Loop",
                  "Parent Relationship": "Outer",
                  "Parallel Aware": false,
                  "Join Type": "Inner",
                  "Startup Cost": 45554.47,
                  "Total Cost": 56932.24,
                  "Plan Rows": 1702,
                  "Plan Width": 0,
                  "Actual Startup Time": 103.609,
                  "Actual Total Time": 148.344,
                  "Actual Rows": 15225,
                  "Actual Loops": 4,
                  "Inner Unique": false,
                  "Join Filter": "(t.id = mk.movie_id)",
                  "Rows Removed by Join Filter": 0,
                  "Plans": [
                    {
                      "Node Type": "Hash Join",
                      "Parent Relationship": "Outer",
                      "Parallel Aware": true,
                      "Join Type": "Inner",
                      "Startup Cost": 45554.04,
                      "Total Cost": 54657.92,
                      "Plan Rows": 951,
                      "Plan Width": 8,
                      "Actual Startup Time": 103.47,
                      "Actual Total Time": 132.16,
                      "Actual Rows": 867,
                      "Actual Loops": 4,
                      "Inner Unique": true,
                      "Hash Cond": "(ci.movie_id = t.id)",
                      "Plans": [
                        {
                          "Node Type": "Index Scan",
                          "Parent Relationship": "Outer",
                          "Parallel Aware": true,
                          "Scan Direction": "Forward",
                          "Index Name": "role_id_cast_info",
                          "Relation Name": "cast_info",
                          "Alias": "ci",
                          "Startup Cost": 0.56,
                          "Total Cost": 8837.38,
                          "Plan Rows": 101739,
                          "Plan Width": 4,
                          "Actual Startup Time": 0.123,
                          "Actual Total Time": 16.695,
                          "Actual Rows": 79030,
                          "Actual Loops": 4,
                          "Index Cond": "(role_id > 10)",
                          "Rows Removed by Index Recheck": 0
                        },
                        {
                          "Node Type": "Hash",
                          "Parent Relationship": "Inner",
                          "Parallel Aware": true,
                          "Startup Cost": 45479.59,
                          "Total Cost": 45479.59,
                          "Plan Rows": 5911,
                          "Plan Width": 4,
                          "Actual Startup Time": 102.617,
                          "Actual Total Time": 102.618,
                          "Actual Rows": 5158,
                          "Actual Loops": 4,
                          "Hash Buckets": 32768,
                          "Original Hash Buckets": 32768,
                          "Hash Batches": 1,
                          "Original Hash Batches": 1,
                          "Peak Memory Usage": 1152,
                          "Plans": [
                            {
                              "Node Type": "Seq Scan",
                              "Parent Relationship": "Outer",
                              "Parallel Aware": true,
                              "Relation Name": "title",
                              "Alias": "t",
                              "Startup Cost": 0.0,
                              "Total Cost": 45479.59,
                              "Plan Rows": 5911,
                              "Plan Width": 4,
                              "Actual Startup Time": 0.115,
                              "Actual Total Time": 100.024,
                              "Actual Rows": 5158,
                              "Actual Loops": 4,
                              "Filter": "((kind_id < 7) AND (production_year = 2002))",
                              "Rows Removed by Filter": 626920
                            }
                          ]
                        }
                      ]
                    },
                    {
                      "Node Type": "Index Only Scan",
                      "Parent Relationship": "Inner",
                      "Parallel Aware": false,
                      "Scan Direction": "Forward",
                      "Index Name": "movie_id_movie_keyword",
                      "Relation Name": "movie_keyword",
                      "Alias": "mk",
                      "Startup Cost": 0.43,
                      "Total Cost": 1.82,
                      "Plan Rows": 46,
                      "Plan Width": 4,
                      "Actual Startup Time": 0.013,
                      "Actual Total Time": 0.016,
                      "Actual Rows": 18,
                      "Actual Loops": 3467,
                      "Index Cond": "(movie_id = ci.movie_id)",
                      "Rows Removed by Index Recheck": 0,
                      "Heap Fetches": 60901
                    }
                  ]
                }
              ]
            }
          ]
        }
      ]
    },
    "Planning Time": 1.241,
    "Triggers": [],
    "Execution Time": 171.705
  }
]