[
  {
    "Plan": {
      "Node Type": "Aggregate",
      "Strategy": "Plain",
      "Partial Mode": "Finalize",
      "Parallel Aware": false,
      "Startup Cost": 162992.98,
      "Total Cost": 162992.99,
      "Plan Rows": 1,
      "Plan Width": 8,
      "Actual Startup Time": 917.246,
      "Actual Total Time": 962.167,
      "Actual Rows": 1,
      "Actual Loops": 1,
      "Plans": [
        {
          "Node Type": "Gather",
          "Parent Relationship": "Outer",
          "Parallel Aware": false,
          "Startup Cost": 162992.67,
          "Total Cost": 162992.98,
          "Plan Rows": 3,
          "Plan Width": 8,
          "Actual Startup Time": 915.365,
          "Actual Total Time": 962.158,
          "Actual Rows": 4,
          "Actual Loops": 1,
          "Workers Planned": 3,
          "Workers Launched": 3,
          "Single Copy": false,
          "Plans": [
            {
              "Node Type": "Aggregate",
              "Strategy": "Plain",
              "Partial Mode": "Partial",
              "Parent Relationship": "Outer",
              "Parallel Aware": false,
              "Startup Cost": 161992.67,
              "Total Cost": 161992.68,
              "Plan Rows": 1,
              "Plan Width": 8,
              "Actual Startup Time": 905.691,
              "Actual Total Time": 905.695,
              "Actual Rows": 1,
              "Actual Loops": 4,
              "Plans": [
                {
                  "Node Type": "Nested Loop",
                  "Parent Relationship": "Outer",
                  "Parallel Aware": false,
                  "Join Type": "Inner",
                  "Startup Cost": 61481.28,
                  "Total Cost": 161826.86,
                  "Plan Rows": 66321,
                  "Plan Width": 0,
                  "Actual Startup Time": 184.33,
                  "Actual Total Time": 853.489,
                  "Actual Rows": 1329012,
                  "Actual Loops": 4,
                  "Inner Unique": false,
                  "Join Filter": "(t.id = mi.movie_id)",
                  "Rows Removed by Join Filter": 0,
                  "Plans": [
                    {
                      "Node Type": "Hash Join",
                      "Parent Relationship": "Outer",
                      "Parallel Aware": true,
                      "Join Type": "Inner",
                      "Startup Cost": 61480.85,
                      "Total Cost": 89404.23,
                      "Plan Rows": 26664,
                      "Plan Width": 8,
                      "Actual Startup Time": 184.181,
                      "Actual Total Time": 253.948,
                      "Actual Rows": 26050,
                      "Actual Loops": 4,
                      "Inner Unique": true,
                      "Hash Cond": "(mk.movie_id = t.id)",
                      "Plans": [
                        {
                          "Node Type": "Bitmap Heap Scan",
                          "Parent Relationship": "Outer",
                          "Parallel Aware": true,
                          "Relation Name": "movie_keyword",
                          "Alias": "mk",
                          "Startup Cost": 15083.31,
                          "Total Cost": 42404.57,
                          "Plan Rows": 229381,
                          "Plan Width": 4,
                          "Actual Startup Time": 37.525,
                          "Actual Total Time": 94.709,
                          "Actual Rows": 179468,
                          "Actual Loops": 4,
                          "Recheck Cond": "(keyword_id < 630)",
                          "Rows Removed by Index Recheck": 0,
                          "Exact Heap Blocks": 8149,
                          "Lossy Heap Blocks": 0,
                          "Plans": [
                            {
                              "Node Type": "Bitmap Index Scan",
                              "Parent Relationship": "Outer",
                              "Parallel Aware": false,
                              "Index Name": "keyword_id_movie_keyword",
                              "Startup Cost": 0.0,
                              "Total Cost": 14905.54,
                              "Plan Rows": 711081,
                              "Plan Width": 0,
                              "Actual Startup Time": 33.777,
                              "Actual Total Time": 33.777,
                              "Actual Rows": 717872,
                              "Actual Loops": 1,
                              "Index Cond": "(keyword_id < 630)"
                            }
                          ]
                        },
                        {
                          "Node Type": "Hash",
                          "Parent Relationship": "Inner",
                          "Parallel Aware": true,
                          "Startup Cost": 45479.1,
                          "Total Cost": 45479.1,
                          "Plan Rows": 73475,
                          "Plan Width": 4,
                          "Actual Startup Time": 116.554,
                          "Actual Total Time": 116.555,
                          "Actual Rows": 57935,
                          "Actual Loops": 4,
                          "Hash Buckets": 524288,
                          "Original Hash Buckets": 524288,
                          "Hash Batches": 1,
                          "Original Hash Batches": 1,
                          "Peak Memory Usage": 13216,
                          "Plans": [
                            {
                              "Node Type": "Seq Scan",
                              "Parent Relationship": "Outer",
                              "Parallel Aware": true,
                              "Relation Name": "title",
                              "Alias": "t",
                              "Startup Cost": 0.0,
                              "Total Cost": 45479.1,
                              "Plan Rows": 73475,
                              "Plan Width": 4,
                              "Actual Startup Time": 47.057,
                              "Actual Total Time": 98.213,
                              "Actual Rows": 57935,
                              "Actual Loops": 4,
                              "Filter": "((production_year > 2004) AND (kind_id = 1))",
                              "Rows Removed by Filter": 574143
                            }
                          ]
                        }
                      ]
                    },
                    {
                      "Node Type": "Index Scan",
                      "Parent Relationship": "Inner",
                      "Parallel Aware": false,
                      "Scan Direction": "Forward",
                      "Index Name": "movie_id_movie_info",
                      "Relation Name": "movie_info",
                      "Alias": "mi",
                      "Startup Cost": 0.43,
                      "Total Cost": 2.49,
                      "Plan Rows": 18,
                      "Plan Width": 4,
                      "Actual Startup Time": 0.005,
                      "Actual Total Time": 0.019,
                      "Actual Rows": 51,
                      "Actual Loops": 104199,
                      "Index Cond": "(movie_id = mk.movie_id)",
                      "Rows Removed by Index Recheck": 0,
                      "Filter": "(info_type_id > 8)",
                      "Rows Removed by Filter": 18
                    }
                  ]
                }
              ]
            }
          ]
        }
      ]
    },
    "Planning Time": 1.418,
    "Triggers": [],
    "Execution Time": 962.293
  }
]