[
  {
    "Plan": {
      "Node Type": "Aggregate",
      "Strategy": "Plain",
      "Partial Mode": "Finalize",
      "Parallel Aware": false,
      "Startup Cost": 72211.62,
      "Total Cost": 72211.63,
      "Plan Rows": 1,
      "Plan Width": 8,
      "Actual Startup Time": 229.206,
      "Actual Total Time": 255.062,
      "Actual Rows": 1,
      "Actual Loops": 1,
      "Plans": [
        {
          "Node Type": "Gather",
          "Parent Relationship": "Outer",
          "Parallel Aware": false,
          "Startup Cost": 72211.3,
          "Total Cost": 72211.61,
          "Plan Rows": 3,
          "Plan Width": 8,
          "Actual Startup Time": 228.419,
          "Actual Total Time": 255.049,
          "Actual Rows": 4,
          "Actual Loops": 1,
          "Workers Planned": 3,
          "Workers Launched": 3,
          "Single Copy": false,
          "Plans": [
            {
              "Node Type": "Aggregate",
              "Strategy": "Plain",
              "Partial Mode": "Partial",
              "Parent Relationship": "Outer",
              "Parallel Aware": false,
              "Startup Cost": 71211.3,
              "Total Cost": 71211.31,
              "Plan Rows": 1,
              "Plan Width": 8,
              "Actual Startup Time": 219.953,
              "Actual Total Time": 219.959,
              "Actual Rows": 1,
              "Actual Loops": 4,
              "Plans": [
                {
                  "Node Type": "Hash Join",
                  "Parent Relationship": "Outer",
                  "Parallel Aware": true,
                  "Join Type": "Inner",
                  "Startup Cost": 51091.62,
                  "Total Cost": 71208.85,
                  "Plan Rows": 983,
                  "Plan Width": 0,
                  "Actual Startup Time": 173.812,
                  "Actual Total Time": 219.446,
                  "Actual Rows": 5760,
                  "Actual Loops": 4,
                  "Inner Unique": true,
                  "Hash Cond": "(mc.movie_id = t.id)",
                  "Plans": [
                    {
                      "Node Type": "Bitmap Heap Scan",
                      "Parent Relationship": "Outer",
                      "Parallel Aware": true,
                      "Relation Name": "movie_companies",
                      "Alias": "mc",
                      "Startup Cost": 5424.91,
                      "Total Cost": 25433.18,
                      "Plan Rows": 41508,
                      "Plan Width": 4,
                      "Actual Startup Time": 17.713,
                      "Actual Total Time": 45.418,
                      "Actual Rows": 61771,
                      "Actual Loops": 4,
                      "Recheck Cond": "(company_id > 101647)",
                      "Rows Removed by Index Recheck": 0,
                      "Filter": "(company_type_id > 1)",
                      "Rows Removed by Filter": 0,
                      "Exact Heap Blocks": 1319,
                      "Lossy Heap Blocks": 0,
                      "Plans": [
                        {
                          "Node Type": "Bitmap Index Scan",
                          "Parent Relationship": "Outer",
                          "Parallel Aware": false,
                          "Index Name": "company_id_movie_companies",
                          "Startup Cost": 0.0,
                          "Total Cost": 5392.74,
                          "Plan Rows": 251775,
                          "Plan Width": 0,
                          "Actual Startup Time": 16.584,
                          "Actual Total Time": 16.585,
                          "Actual Rows": 247083,
                          "Actual Loops": 1,
                          "Index Cond": "(company_id > 101647)"
                        }
                      ]
                    },
                    {
                      "Node Type": "Hash",
                      "Parent Relationship": "Inner",
                      "Parallel Aware": true,
                      "Startup Cost": 45479.59,
                      "Total Cost": 45479.59,
                      "Plan Rows": 14970,
                      "Plan Width": 4,
                      "Actual Startup Time": 155.0,
                      "Actual Total Time": 155.001,
                      "Actual Rows": 15395,
                      "Actual Loops": 4,
                      "Hash Buckets": 65536,
                      "Original Hash Buckets": 65536,
                      "Hash Batches": 1,
                      "Original Hash Batches": 1,
                      "Peak Memory Usage": 3008,
                      "Plans": [
                        {
                          "Node Type": "Seq Scan",
                          "Parent Relationship": "Outer",
                          "Parallel Aware": true,
                          "Relation Name": "title",
                          "Alias": "t",
                          "Startup Cost": 0.0,
                          "Total Cost": 45479.59,
                          "Plan Rows": 14970,
                          "Plan Width": 4,
                          "Actual Startup Time": 64.165,
                          "Actual Total Time": 145.932,
                          "Actual Rows": 15395,
                          "Actual Loops": 4,
                          "Filter": "((production_year > 2011) AND (kind_id = 1))",
                          "Rows Removed by Filter": 616683
                        }
                      ]
                    }
                  ]
                }
              ]
            }
          ]
        }
      ]
    },
    "Planning Time": 0.444,
    "Triggers": [],
    "Execution Time": 255.135
  }
]