[
  {
    "Plan": {
      "Node Type": "Aggregate",
      "Strategy": "Plain",
      "Partial Mode": "Finalize",
      "Parallel Aware": false,
      "Startup Cost": 46179.86,
      "Total Cost": 46179.87,
      "Plan Rows": 1,
      "Plan Width": 8,
      "Actual Startup Time": 181.105,
      "Actual Total Time": 189.84,
      "Actual Rows": 1,
      "Actual Loops": 1,
      "Plans": [
        {
          "Node Type": "Gather",
          "Parent Relationship": "Outer",
          "Parallel Aware": false,
          "Startup Cost": 46179.54,
          "Total Cost": 46179.85,
          "Plan Rows": 3,
          "Plan Width": 8,
          "Actual Startup Time": 181.008,
          "Actual Total Time": 189.834,
          "Actual Rows": 4,
          "Actual Loops": 1,
          "Workers Planned": 3,
          "Workers Launched": 3,
          "Single Copy": false,
          "Plans": [
            {
              "Node Type": "Aggregate",
              "Strategy": "Plain",
              "Partial Mode": "Partial",
              "Parent Relationship": "Outer",
              "Parallel Aware": false,
              "Startup Cost": 45179.54,
              "Total Cost": 45179.55,
              "Plan Rows": 1,
              "Plan Width": 8,
              "Actual Startup Time": 177.642,
              "Actual Total Time": 177.643,
              "Actual Rows": 1,
              "Actual Loops": 4,
              "Plans": [
                {
                  "Node Type": "Seq Scan",
                  "Parent Relationship": "Outer",
                  "Parallel Aware": true,
                  "Relation Name": "movie_keyword",
                  "Alias": "mk",
                  "Startup Cost": 0.0,
                  "Total Cost": 42695.65,
                  "Plan Rows": 993556,
                  "Plan Width": 0,
                  "Actual Startup Time": 0.021,
                  "Actual Total Time": 133.476,
                  "Actual Rows": 776046,
                  "Actual Loops": 4,
                  "Filter": "(keyword_id < 11764)",
                  "Rows Removed by Filter": 354936
                }
              ]
            }
          ]
        }
      ]
    },
    "Planning Time": 0.082,
    "Triggers": [],
    "Execution Time": 189.866
  }
]