[
  {
    "Plan": {
      "Node Type": "Aggregate",
      "Strategy": "Plain",
      "Partial Mode": "Finalize",
      "Parallel Aware": false,
      "Startup Cost": 46202.77,
      "Total Cost": 46202.78,
      "Plan Rows": 1,
      "Plan Width": 8,
      "Actual Startup Time": 167.874,
      "Actual Total Time": 175.59,
      "Actual Rows": 1,
      "Actual Loops": 1,
      "Plans": [
        {
          "Node Type": "Gather",
          "Parent Relationship": "Outer",
          "Parallel Aware": false,
          "Startup Cost": 46202.46,
          "Total Cost": 46202.77,
          "Plan Rows": 3,
          "Plan Width": 8,
          "Actual Startup Time": 167.663,
          "Actual Total Time": 175.582,
          "Actual Rows": 4,
          "Actual Loops": 1,
          "Workers Planned": 3,
          "Workers Launched": 3,
          "Single Copy": false,
          "Plans": [
            {
              "Node Type": "Aggregate",
              "Strategy": "Plain",
              "Partial Mode": "Partial",
              "Parent Relationship": "Outer",
              "Parallel Aware": false,
              "Startup Cost": 45202.46,
              "Total Cost": 45202.47,
              "Plan Rows": 1,
              "Plan Width": 8,
              "Actual Startup Time": 160.685,
              "Actual Total Time": 160.686,
              "Actual Rows": 1,
              "Actual Loops": 4,
              "Plans": [
                {
                  "Node Type": "Seq Scan",
                  "Parent Relationship": "Outer",
                  "Parallel Aware": true,
                  "Relation Name": "movie_keyword",
                  "Alias": "mk",
                  "Startup Cost": 0.0,
                  "Total Cost": 42695.65,
                  "Plan Rows": 1002721,
                  "Plan Width": 0,
                  "Actual Startup Time": 0.053,
                  "Actual Total Time": 124.183,
                  "Actual Rows": 776046,
                  "Actual Loops": 4,
                  "Filter": "(keyword_id < 11764)",
                  "Rows Removed by Filter": 354936
                }
              ]
            }
          ]
        }
      ]
    },
    "Planning Time": 0.115,
    "Triggers": [],
    "Execution Time": 175.627
  }
]