[
  {
    "Plan": {
      "Node Type": "Aggregate",
      "Strategy": "Plain",
      "Partial Mode": "Finalize",
      "Parallel Aware": false,
      "Startup Cost": 74864.91,
      "Total Cost": 74864.92,
      "Plan Rows": 1,
      "Plan Width": 8,
      "Actual Startup Time": 231.898,
      "Actual Total Time": 246.474,
      "Actual Rows": 1,
      "Actual Loops": 1,
      "Plans": [
        {
          "Node Type": "Gather",
          "Parent Relationship": "Outer",
          "Parallel Aware": false,
          "Startup Cost": 74864.49,
          "Total Cost": 74864.9,
          "Plan Rows": 4,
          "Plan Width": 8,
          "Actual Startup Time": 229.161,
          "Actual Total Time": 246.463,
          "Actual Rows": 5,
          "Actual Loops": 1,
          "Workers Planned": 4,
          "Workers Launched": 4,
          "Single Copy": false,
          "Plans": [
            {
              "Node Type": "Aggregate",
              "Strategy": "Plain",
              "Partial Mode": "Partial",
              "Parent Relationship": "Outer",
              "Parallel Aware": false,
              "Startup Cost": 73864.49,
              "Total Cost": 73864.5,
              "Plan Rows": 1,
              "Plan Width": 8,
              "Actual Startup Time": 218.745,
              "Actual Total Time": 218.749,
              "Actual Rows": 1,
              "Actual Loops": 5,
              "Plans": [
                {
                  "Node Type": "Hash Join",
                  "Parent Relationship": "Outer",
                  "Parallel Aware": true,
                  "Join Type": "Inner",
                  "Startup Cost": 28880.46,
                  "Total Cost": 73801.38,
                  "Plan Rows": 25246,
                  "Plan Width": 0,
                  "Actual Startup Time": 104.356,
                  "Actual Total Time": 216.929,
                  "Actual Rows": 35385,
                  "Actual Loops": 5,
                  "Inner Unique": false,
                  "Hash Cond": "(t.id = mc.movie_id)",
                  "Plans": [
                    {
                      "Node Type": "Seq Scan",
                      "Parent Relationship": "Outer",
                      "Parallel Aware": true,
                      "Relation Name": "title",
                      "Alias": "t",
                      "Startup Cost": 0.0,
                      "Total Cost": 43898.92,
                      "Plan Rows": 188113,
                      "Plan Width": 4,
                      "Actual Startup Time": 0.014,
                      "Actual Total Time": 71.885,
                      "Actual Rows": 151180,
                      "Actual Loops": 5,
                      "Filter": "(production_year < 1993)",
                      "Rows Removed by Filter": 354482
                    },
                    {
                      "Node Type": "Hash",
                      "Parent Relationship": "Inner",
                      "Parallel Aware": true,
                      "Startup Cost": 27512.27,
                      "Total Cost": 27512.27,
                      "Plan Rows": 109455,
                      "Plan Width": 4,
                      "Actual Startup Time": 101.53,
                      "Actual Total Time": 101.531,
                      "Actual Rows": 66891,
                      "Actual Loops": 5,
                      "Hash Buckets": 524288,
                      "Original Hash Buckets": 524288,
                      "Hash Batches": 1,
                      "Original Hash Batches": 1,
                      "Peak Memory Usage": 17280,
                      "Plans": [
                        {
                          "Node Type": "Bitmap Heap Scan",
                          "Parent Relationship": "Outer",
                          "Parallel Aware": true,
                          "Relation Name": "movie_companies",
                          "Alias": "mc",
                          "Startup Cost": 7354.08,
                          "Total Cost": 27512.27,
                          "Plan Rows": 109455,
                          "Plan Width": 4,
                          "Actual Startup Time": 28.78,
                          "Actual Total Time": 73.838,
                          "Actual Rows": 66891,
                          "Actual Loops": 5,
                          "Recheck Cond": "(company_id < 166)",
                          "Rows Removed by Index Recheck": 0,
                          "Exact Heap Blocks": 6638,
                          "Lossy Heap Blocks": 0,
                          "Plans": [
                            {
                              "Node Type": "Bitmap Index Scan",
                              "Parent Relationship": "Outer",
                              "Parallel Aware": false,
                              "Index Name": "company_id_movie_companies",
                              "Startup Cost": 0.0,
                              "Total Cost": 7269.26,
                              "Plan Rows": 339310,
                              "Plan Width": 0,
                              "Actual Startup Time": 25.383,
                              "Actual Total Time": 25.383,
                              "Actual Rows": 334457,
                              "Actual Loops": 1,
                              "Index Cond": "(company_id < 166)"
                            }
                          ]
                        }
                      ]
                    }
                  ]
                }
              ]
            }
          ]
        }
      ]
    },
    "Planning Time": 0.708,
    "Triggers": [],
    "Execution Time": 246.577
  }
]