[
  {
    "Plan": {
      "Node Type": "Aggregate",
      "Strategy": "Plain",
      "Partial Mode": "Finalize",
      "Parallel Aware": false,
      "Startup Cost": 80301.32,
      "Total Cost": 80301.33,
      "Plan Rows": 1,
      "Plan Width": 8,
      "Actual Startup Time": 170.364,
      "Actual Total Time": 187.107,
      "Actual Rows": 1,
      "Actual Loops": 1,
      "Plans": [
        {
          "Node Type": "Gather",
          "Parent Relationship": "Outer",
          "Parallel Aware": false,
          "Startup Cost": 80300.9,
          "Total Cost": 80301.31,
          "Plan Rows": 4,
          "Plan Width": 8,
          "Actual Startup Time": 169.528,
          "Actual Total Time": 187.099,
          "Actual Rows": 5,
          "Actual Loops": 1,
          "Workers Planned": 4,
          "Workers Launched": 4,
          "Single Copy": false,
          "Plans": [
            {
              "Node Type": "Aggregate",
              "Strategy": "Plain",
              "Partial Mode": "Partial",
              "Parent Relationship": "Outer",
              "Parallel Aware": false,
              "Startup Cost": 79300.9,
              "Total Cost": 79300.91,
              "Plan Rows": 1,
              "Plan Width": 8,
              "Actual Startup Time": 159.994,
              "Actual Total Time": 159.997,
              "Actual Rows": 1,
              "Actual Loops": 5,
              "Plans": [
                {
                  "Node Type": "Hash Join",
                  "Parent Relationship": "Outer",
                  "Parallel Aware": true,
                  "Join Type": "Inner",
                  "Startup Cost": 32638.26,
                  "Total Cost": 79238.46,
                  "Plan Rows": 24975,
                  "Plan Width": 0,
                  "Actual Startup Time": 125.362,
                  "Actual Total Time": 159.87,
                  "Actual Rows": 2063,
                  "Actual Loops": 5,
                  "Inner Unique": false,
                  "Hash Cond": "(t.id = mc.movie_id)",
                  "Plans": [
                    {
                      "Node Type": "Seq Scan",
                      "Parent Relationship": "Outer",
                      "Parallel Aware": true,
                      "Relation Name": "title",
                      "Alias": "t",
                      "Startup Cost": 0.0,
                      "Total Cost": 45479.1,
                      "Plan Rows": 208110,
                      "Plan Width": 4,
                      "Actual Startup Time": 0.017,
                      "Actual Total Time": 70.337,
                      "Actual Rows": 169485,
                      "Actual Loops": 5,
                      "Filter": "((kind_id < 4) AND (production_year > 0))",
                      "Rows Removed by Filter": 336178
                    },
                    {
                      "Node Type": "Hash",
                      "Parent Relationship": "Inner",
                      "Parallel Aware": true,
                      "Startup Cost": 31414.82,
                      "Total Cost": 31414.82,
                      "Plan Rows": 97875,
                      "Plan Width": 4,
                      "Actual Startup Time": 65.495,
                      "Actual Total Time": 65.496,
                      "Actual Rows": 2521,
                      "Actual Loops": 5,
                      "Hash Buckets": 524288,
                      "Original Hash Buckets": 524288,
                      "Hash Batches": 1,
                      "Original Hash Batches": 1,
                      "Peak Memory Usage": 4640,
                      "Plans": [
                        {
                          "Node Type": "Seq Scan",
                          "Parent Relationship": "Outer",
                          "Parallel Aware": true,
                          "Relation Name": "movie_companies",
                          "Alias": "mc",
                          "Startup Cost": 0.0,
                          "Total Cost": 31414.82,
                          "Plan Rows": 97875,
                          "Plan Width": 4,
                          "Actual Startup Time": 34.389,
                          "Actual Total Time": 63.015,
                          "Actual Rows": 2521,
                          "Actual Loops": 5,
                          "Filter": "((company_id > 59943) AND (company_type_id = 1))",
                          "Rows Removed by Filter": 519305
                        }
                      ]
                    }
                  ]
                }
              ]
            }
          ]
        }
      ]
    },
    "Planning Time": 0.616,
    "Triggers": [],
    "Execution Time": 187.173
  }
]