[
  {
    "Plan": {
      "Node Type": "Aggregate",
      "Strategy": "Plain",
      "Partial Mode": "Finalize",
      "Parallel Aware": false,
      "Startup Cost": 400126.62,
      "Total Cost": 400126.63,
      "Plan Rows": 1,
      "Plan Width": 8,
      "Actual Startup Time": 1238.407,
      "Actual Total Time": 1314.458,
      "Actual Rows": 1,
      "Actual Loops": 1,
      "Plans": [
        {
          "Node Type": "Gather",
          "Parent Relationship": "Outer",
          "Parallel Aware": false,
          "Startup Cost": 400125.99,
          "Total Cost": 400126.6,
          "Plan Rows": 6,
          "Plan Width": 8,
          "Actual Startup Time": 1220.751,
          "Actual Total Time": 1314.444,
          "Actual Rows": 7,
          "Actual Loops": 1,
          "Workers Planned": 6,
          "Workers Launched": 6,
          "Single Copy": false,
          "Plans": [
            {
              "Node Type": "Aggregate",
              "Strategy": "Plain",
              "Partial Mode": "Partial",
              "Parent Relationship": "Outer",
              "Parallel Aware": false,
              "Startup Cost": 399125.99,
              "Total Cost": 399126.0,
              "Plan Rows": 1,
              "Plan Width": 8,
              "Actual Startup Time": 1205.696,
              "Actual Total Time": 1205.699,
              "Actual Rows": 1,
              "Actual Loops": 7,
              "Plans": [
                {
                  "Node Type": "Hash Join",
                  "Parent Relationship": "Outer",
                  "Parallel Aware": true,
                  "Join Type": "Inner",
                  "Startup Cost": 49443.78,
                  "Total Cost": 396551.96,
                  "Plan Rows": 1029612,
                  "Plan Width": 0,
                  "Actual Startup Time": 479.57,
                  "Actual Total Time": 1185.794,
                  "Actual Rows": 351144,
                  "Actual Loops": 7,
                  "Inner Unique": true,
                  "Hash Cond": "(ci.movie_id = t.id)",
                  "Plans": [
                    {
                      "Node Type": "Seq Scan",
                      "Parent Relationship": "Outer",
                      "Parallel Aware": true,
                      "Relation Name": "cast_info",
                      "Alias": "ci",
                      "Startup Cost": 0.0,
                      "Total Cost": 343257.03,
                      "Plan Rows": 1467102,
                      "Plan Width": 4,
                      "Actual Startup Time": 253.275,
                      "Actual Total Time": 713.235,
                      "Actual Rows": 531057,
                      "Actual Loops": 7,
                      "Filter": "((person_id < 1323798) AND (role_id > 1))",
                      "Rows Removed by Filter": 4646707
                    },
                    {
                      "Node Type": "Hash",
                      "Parent Relationship": "Inner",
                      "Parallel Aware": true,
                      "Startup Cost": 43898.92,
                      "Total Cost": 43898.92,
                      "Plan Rows": 443589,
                      "Plan Width": 4,
                      "Actual Startup Time": 218.473,
                      "Actual Total Time": 218.474,
                      "Actual Rows": 253519,
                      "Actual Loops": 7,
                      "Hash Buckets": 2097152,
                      "Original Hash Buckets": 2097152,
                      "Hash Batches": 1,
                      "Original Hash Batches": 1,
                      "Peak Memory Usage": 85952,
                      "Plans": [
                        {
                          "Node Type": "Seq Scan",
                          "Parent Relationship": "Outer",
                          "Parallel Aware": true,
                          "Relation Name": "title",
                          "Alias": "t",
                          "Startup Cost": 0.0,
                          "Total Cost": 43898.92,
                          "Plan Rows": 443589,
                          "Plan Width": 4,
                          "Actual Startup Time": 0.042,
                          "Actual Total Time": 90.953,
                          "Actual Rows": 253519,
                          "Actual Loops": 7,
                          "Filter": "(kind_id > 2)",
                          "Rows Removed by Filter": 107668
                        }
                      ]
                    }
                  ]
                }
              ]
            }
          ]
        }
      ]
    },
    "Planning Time": 0.68,
    "Triggers": [],
    "Execution Time": 1314.553
  }
]