{
  "Plan": {
    "Node Type": "Aggregate",
    "Strategy": "Plain",
    "Partial Mode": "Finalize",
    "Parallel Aware": false,
    "Startup Cost": 264401.16,
    "Total Cost": 264401.17,
    "Plan Rows": 1,
    "Plan Width": 8,
    "Actual Startup Time": 419.628,
    "Actual Total Time": 434.776,
    "Actual Rows": 1,
    "Actual Loops": 1,
    "Plans": [
      {
        "Node Type": "Gather",
        "Parent Relationship": "Outer",
        "Parallel Aware": false,
        "Startup Cost": 264401.05,
        "Total Cost": 264401.16,
        "Plan Rows": 1,
        "Plan Width": 8,
        "Actual Startup Time": 419.197,
        "Actual Total Time": 434.768,
        "Actual Rows": 2,
        "Actual Loops": 1,
        "Workers Planned": 1,
        "Workers Launched": 1,
        "Single Copy": false,
        "Plans": [
          {
            "Node Type": "Aggregate",
            "Strategy": "Plain",
            "Partial Mode": "Partial",
            "Parent Relationship": "Outer",
            "Parallel Aware": false,
            "Startup Cost": 263401.05,
            "Total Cost": 263401.06,
            "Plan Rows": 1,
            "Plan Width": 8,
            "Actual Startup Time": 413.277,
            "Actual Total Time": 413.285,
            "Actual Rows": 1,
            "Actual Loops": 2,
            "Plans": [
              {
                "Node Type": "Hash Join",
                "Parent Relationship": "Outer",
                "Parallel Aware": true,
                "Join Type": "Inner",
                "Startup Cost": 80736.99,
                "Total Cost": 263336.54,
                "Plan Rows": 25803,
                "Plan Width": 0,
                "Actual Startup Time": 147.896,
                "Actual Total Time": 411.707,
                "Actual Rows": 28584,
                "Actual Loops": 2,
                "Inner Unique": true,
                "Hash Cond": "(mi.movie_id = t.id)",
                "Plans": [
                  {
                    "Node Type": "Bitmap Heap Scan",
                    "Parent Relationship": "Outer",
                    "Parallel Aware": true,
                    "Relation Name": "movie_info",
                    "Alias": "mi",
                    "Startup Cost": 41958.26,
                    "Total Cost": 220981.46,
                    "Plan Rows": 1362416,
                    "Plan Width": 4,
                    "Actual Startup Time": 80.586,
                    "Actual Total Time": 235.12,
                    "Actual Rows": 1116925,
                    "Actual Loops": 2,
                    "Recheck Cond": "(info_type_id > 16)",
                    "Rows Removed by Index Recheck": 0,
                    "Exact Heap Blocks": 30031,
                    "Lossy Heap Blocks": 0,
                    "Plans": [
                      {
                        "Node Type": "Bitmap Index Scan",
                        "Parent Relationship": "Outer",
                        "Parallel Aware": false,
                        "Index Name": "info_type_id_movie_info",
                        "Startup Cost": 0.0,
                        "Total Cost": 41379.24,
                        "Plan Rows": 2316107,
                        "Plan Width": 0,
                        "Actual Startup Time": 72.504,
                        "Actual Total Time": 72.504,
                        "Actual Rows": 2233850,
                        "Actual Loops": 1,
                        "Index Cond": "(info_type_id > 16)"
                      }
                    ]
                  },
                  {
                    "Node Type": "Hash",
                    "Parent Relationship": "Inner",
                    "Parallel Aware": true,
                    "Startup Cost": 38426.63,
                    "Total Cost": 38426.63,
                    "Plan Rows": 28167,
                    "Plan Width": 4,
                    "Actual Startup Time": 66.133,
                    "Actual Total Time": 66.138,
                    "Actual Rows": 23286,
                    "Actual Loops": 2,
                    "Hash Buckets": 65536,
                    "Original Hash Buckets": 65536,
                    "Hash Batches": 1,
                    "Original Hash Batches": 1,
                    "Peak Memory Usage": 2368,
                    "Plans": [
                      {
                        "Node Type": "Bitmap Heap Scan",
                        "Parent Relationship": "Outer",
                        "Parallel Aware": true,
                        "Relation Name": "title",
                        "Alias": "t",
                        "Startup Cost": 1628.51,
                        "Total Cost": 38426.63,
                        "Plan Rows": 28167,
                        "Plan Width": 4,
                        "Actual Startup Time": 15.993,
                        "Actual Total Time": 60.57,
                        "Actual Rows": 23286,
                        "Actual Loops": 2,
                        "Recheck Cond": "(kind_id = 2)",
                        "Rows Removed by Index Recheck": 0,
                        "Filter": "(production_year > 2001)",
                        "Rows Removed by Filter": 22140,
                        "Exact Heap Blocks": 20125,
                        "Lossy Heap Blocks": 0,
                        "Plans": [
                          {
                            "Node Type": "Bitmap Index Scan",
                            "Parent Relationship": "Outer",
                            "Parallel Aware": false,
                            "Index Name": "kind_id_title",
                            "Startup Cost": 0.0,
                            "Total Cost": 1616.54,
                            "Plan Rows": 90681,
                            "Plan Width": 0,
                            "Actual Startup Time": 14.706,
                            "Actual Total Time": 14.706,
                            "Actual Rows": 90852,
                            "Actual Loops": 1,
                            "Index Cond": "(kind_id = 2)"
                          }
                        ]
                      }
                    ]
                  }
                ]
              }
            ]
          }
        ]
      }
    ]
  },
  "Planning Time": 0.489,
  "Triggers": [],
  "Execution Time": 434.857
}