[
  {
    "Plan": {
      "Node Type": "Aggregate",
      "Strategy": "Plain",
      "Partial Mode": "Finalize",
      "Parallel Aware": false,
      "Startup Cost": 58829.81,
      "Total Cost": 58829.82,
      "Plan Rows": 1,
      "Plan Width": 8,
      "Actual Startup Time": 91.045,
      "Actual Total Time": 104.556,
      "Actual Rows": 1,
      "Actual Loops": 1,
      "Plans": [
        {
          "Node Type": "Gather",
          "Parent Relationship": "Outer",
          "Parallel Aware": false,
          "Startup Cost": 58829.39,
          "Total Cost": 58829.8,
          "Plan Rows": 4,
          "Plan Width": 8,
          "Actual Startup Time": 90.871,
          "Actual Total Time": 104.545,
          "Actual Rows": 5,
          "Actual Loops": 1,
          "Workers Planned": 4,
          "Workers Launched": 4,
          "Single Copy": false,
          "Plans": [
            {
              "Node Type": "Aggregate",
              "Strategy": "Plain",
              "Partial Mode": "Partial",
              "Parent Relationship": "Outer",
              "Parallel Aware": false,
              "Startup Cost": 57829.39,
              "Total Cost": 57829.4,
              "Plan Rows": 1,
              "Plan Width": 8,
              "Actual Startup Time": 86.066,
              "Actual Total Time": 86.068,
              "Actual Rows": 1,
              "Actual Loops": 5,
              "Plans": [
                {
                  "Node Type": "Nested Loop",
                  "Parent Relationship": "Outer",
                  "Parallel Aware": false,
                  "Join Type": "Inner",
                  "Startup Cost": 0.43,
                  "Total Cost": 57829.26,
                  "Plan Rows": 54,
                  "Plan Width": 0,
                  "Actual Startup Time": 6.97,
                  "Actual Total Time": 86.041,
                  "Actual Rows": 102,
                  "Actual Loops": 5,
                  "Inner Unique": false,
                  "Plans": [
                    {
                      "Node Type": "Seq Scan",
                      "Parent Relationship": "Outer",
                      "Parallel Aware": true,
                      "Relation Name": "title",
                      "Alias": "t",
                      "Startup Cost": 0.0,
                      "Total Cost": 45479.59,
                      "Plan Rows": 773,
                      "Plan Width": 4,
                      "Actual Startup Time": 2.86,
                      "Actual Total Time": 75.565,
                      "Actual Rows": 729,
                      "Actual Loops": 5,
                      "Filter": "((kind_id < 7) AND (production_year = 1957))",
                      "Rows Removed by Filter": 504933
                    },
                    {
                      "Node Type": "Index Scan",
                      "Parent Relationship": "Inner",
                      "Parallel Aware": false,
                      "Scan Direction": "Forward",
                      "Index Name": "movie_id_movie_companies",
                      "Relation Name": "movie_companies",
                      "Alias": "mc",
                      "Startup Cost": 0.43,
                      "Total Cost": 15.97,
                      "Plan Rows": 1,
                      "Plan Width": 4,
                      "Actual Startup Time": 0.013,
                      "Actual Total Time": 0.014,
                      "Actual Rows": 0,
                      "Actual Loops": 3646,
                      "Index Cond": "(movie_id = t.id)",
                      "Rows Removed by Index Recheck": 0,
                      "Filter": "((company_id < 180) AND (company_type_id = 1))",
                      "Rows Removed by Filter": 2
                    }
                  ]
                }
              ]
            }
          ]
        }
      ]
    },
    "Planning Time": 0.269,
    "Triggers": [],
    "Execution Time": 104.591
  }
]