{
  "Plan": {
    "Node Type": "Aggregate",
    "Strategy": "Plain",
    "Partial Mode": "Finalize",
    "Parallel Aware": false,
    "Startup Cost": 606158.59,
    "Total Cost": 606158.6,
    "Plan Rows": 1,
    "Plan Width": 8,
    "Actual Startup Time": 5950.417,
    "Actual Total Time": 6017.843,
    "Actual Rows": 1,
    "Actual Loops": 1,
    "Plans": [
      {
        "Node Type": "Gather",
        "Parent Relationship": "Outer",
        "Parallel Aware": false,
        "Startup Cost": 606158.48,
        "Total Cost": 606158.59,
        "Plan Rows": 1,
        "Plan Width": 8,
        "Actual Startup Time": 5948.865,
        "Actual Total Time": 6017.836,
        "Actual Rows": 2,
        "Actual Loops": 1,
        "Workers Planned": 1,
        "Workers Launched": 1,
        "Single Copy": false,
        "Plans": [
          {
            "Node Type": "Aggregate",
            "Strategy": "Plain",
            "Partial Mode": "Partial",
            "Parent Relationship": "Outer",
            "Parallel Aware": false,
            "Startup Cost": 605158.48,
            "Total Cost": 605158.49,
            "Plan Rows": 1,
            "Plan Width": 8,
            "Actual Startup Time": 5944.217,
            "Actual Total Time": 5944.22,
            "Actual Rows": 1,
            "Actual Loops": 2,
            "Plans": [
              {
                "Node Type": "Hash Join",
                "Parent Relationship": "Outer",
                "Parallel Aware": true,
                "Join Type": "Inner",
                "Startup Cost": 64804.12,
                "Total Cost": 586537.47,
                "Plan Rows": 7448404,
                "Plan Width": 0,
                "Actual Startup Time": 268.572,
                "Actual Total Time": 5736.89,
                "Actual Rows": 5163612,
                "Actual Loops": 2,
                "Inner Unique": true,
                "Hash Cond": "(ci.movie_id = t.id)",
                "Plans": [
                  {
                    "Node Type": "Seq Scan",
                    "Parent Relationship": "Outer",
                    "Parallel Aware": true,
                    "Relation Name": "cast_info",
                    "Alias": "ci",
                    "Startup Cost": 0.0,
                    "Total Cost": 465792.95,
                    "Plan Rows": 21310595,
                    "Plan Width": 4,
                    "Actual Startup Time": 0.013,
                    "Actual Total Time": 1349.771,
                    "Actual Rows": 18122172,
                    "Actual Loops": 2
                  },
                  {
                    "Node Type": "Hash",
                    "Parent Relationship": "Inner",
                    "Parallel Aware": true,
                    "Startup Cost": 58306.47,
                    "Total Cost": 58306.47,
                    "Plan Rows": 519812,
                    "Plan Width": 4,
                    "Actual Startup Time": 259.777,
                    "Actual Total Time": 259.778,
                    "Actual Rows": 400496,
                    "Actual Loops": 2,
                    "Hash Buckets": 1048576,
                    "Original Hash Buckets": 1048576,
                    "Hash Batches": 1,
                    "Original Hash Batches": 1,
                    "Peak Memory Usage": 39552,
                    "Plans": [
                      {
                        "Node Type": "Seq Scan",
                        "Parent Relationship": "Outer",
                        "Parallel Aware": true,
                        "Relation Name": "title",
                        "Alias": "t",
                        "Startup Cost": 0.0,
                        "Total Cost": 58306.47,
                        "Plan Rows": 519812,
                        "Plan Width": 4,
                        "Actual Startup Time": 0.027,
                        "Actual Total Time": 160.403,
                        "Actual Rows": 400496,
                        "Actual Loops": 2,
                        "Filter": "((kind_id > 3) AND (production_year < 2005))",
                        "Rows Removed by Filter": 863660
                      }
                    ]
                  }
                ]
              }
            ]
          }
        ]
      }
    ]
  },
  "Planning Time": 0.555,
  "Triggers": [],
  "Execution Time": 6017.918
}