[
  {
    "Plan": {
      "Node Type": "Aggregate",
      "Strategy": "Plain",
      "Partial Mode": "Finalize",
      "Parallel Aware": false,
      "Startup Cost": 292877.65,
      "Total Cost": 292877.66,
      "Plan Rows": 1,
      "Plan Width": 8,
      "Actual Startup Time": 1052.12,
      "Actual Total Time": 1103.251,
      "Actual Rows": 1,
      "Actual Loops": 1,
      "Plans": [
        {
          "Node Type": "Gather",
          "Parent Relationship": "Outer",
          "Parallel Aware": false,
          "Startup Cost": 292877.23,
          "Total Cost": 292877.64,
          "Plan Rows": 4,
          "Plan Width": 8,
          "Actual Startup Time": 851.49,
          "Actual Total Time": 1103.229,
          "Actual Rows": 5,
          "Actual Loops": 1,
          "Workers Planned": 4,
          "Workers Launched": 4,
          "Single Copy": false,
          "Plans": [
            {
              "Node Type": "Aggregate",
              "Strategy": "Plain",
              "Partial Mode": "Partial",
              "Parent Relationship": "Outer",
              "Parallel Aware": false,
              "Startup Cost": 291877.23,
              "Total Cost": 291877.24,
              "Plan Rows": 1,
              "Plan Width": 8,
              "Actual Startup Time": 920.769,
              "Actual Total Time": 920.773,
              "Actual Rows": 1,
              "Actual Loops": 5,
              "Plans": [
                {
                  "Node Type": "Nested Loop",
                  "Parent Relationship": "Outer",
                  "Parallel Aware": false,
                  "Join Type": "Inner",
                  "Startup Cost": 3.26,
                  "Total Cost": 291593.34,
                  "Plan Rows": 113558,
                  "Plan Width": 0,
                  "Actual Startup Time": 9.391,
                  "Actual Total Time": 915.03,
                  "Actual Rows": 102794,
                  "Actual Loops": 5,
                  "Inner Unique": false,
                  "Join Filter": "(t.id = ci.movie_id)",
                  "Rows Removed by Join Filter": 0,
                  "Plans": [
                    {
                      "Node Type": "Merge Join",
                      "Parent Relationship": "Outer",
                      "Parallel Aware": false,
                      "Join Type": "Inner",
                      "Startup Cost": 2.7,
                      "Total Cost": 152332.45,
                      "Plan Rows": 56222,
                      "Plan Width": 8,
                      "Actual Startup Time": 9.143,
                      "Actual Total Time": 538.976,
                      "Actual Rows": 22117,
                      "Actual Loops": 5,
                      "Inner Unique": false,
                      "Merge Cond": "(t.id = mi_idx.movie_id)",
                      "Plans": [
                        {
                          "Node Type": "Index Scan",
                          "Parent Relationship": "Outer",
                          "Parallel Aware": true,
                          "Scan Direction": "Forward",
                          "Index Name": "title_pkey",
                          "Relation Name": "title",
                          "Alias": "t",
                          "Startup Cost": 0.43,
                          "Total Cost": 94538.14,
                          "Plan Rows": 103001,
                          "Plan Width": 4,
                          "Actual Startup Time": 3.776,
                          "Actual Total Time": 329.586,
                          "Actual Rows": 60307,
                          "Actual Loops": 5,
                          "Filter": "((production_year < 1990) AND (kind_id = 7))",
                          "Rows Removed by Filter": 445291
                        },
                        {
                          "Node Type": "Index Only Scan",
                          "Parent Relationship": "Inner",
                          "Parallel Aware": false,
                          "Scan Direction": "Forward",
                          "Index Name": "movie_id_movie_info_idx",
                          "Relation Name": "movie_info_idx",
                          "Alias": "mi_idx",
                          "Startup Cost": 0.43,
                          "Total Cost": 53620.22,
                          "Plan Rows": 1380035,
                          "Plan Width": 4,
                          "Actual Startup Time": 0.18,
                          "Actual Total Time": 165.043,
                          "Actual Rows": 875137,
                          "Actual Loops": 5,
                          "Heap Fetches": 4375684
                        }
                      ]
                    },
                    {
                      "Node Type": "Index Scan",
                      "Parent Relationship": "Inner",
                      "Parallel Aware": false,
                      "Scan Direction": "Forward",
                      "Index Name": "movie_id_cast_info",
                      "Relation Name": "cast_info",
                      "Alias": "ci",
                      "Startup Cost": 0.56,
                      "Total Cost": 2.41,
                      "Plan Rows": 5,
                      "Plan Width": 4,
                      "Actual Startup Time": 0.003,
                      "Actual Total Time": 0.016,
                      "Actual Rows": 5,
                      "Actual Loops": 110583,
                      "Index Cond": "(movie_id = mi_idx.movie_id)",
                      "Rows Removed by Index Recheck": 0,
                      "Filter": "(person_id < 509636)",
                      "Rows Removed by Filter": 21
                    }
                  ]
                }
              ]
            }
          ]
        }
      ]
    },
    "Planning Time": 1.33,
    "Triggers": [],
    "Execution Time": 1103.367
  }
]