[
    {
        "Bao": {
            "Bao prediction": 463.251,
            "Bao recommended hint": "SET enable_mergejoin TO off; "
        }
    },
    {
        "Plan": {
            "Node Type": "Aggregate",
            "Strategy": "Plain",
            "Partial Mode": "Finalize",
            "Parallel Aware": false,
            "Startup Cost": 44701.84,
            "Total Cost": 44701.85,
            "Plan Rows": 1,
            "Plan Width": 8,
            "Actual Startup Time": 166.799,
            "Actual Total Time": 172.804,
            "Actual Rows": 1,
            "Actual Loops": 1,
            "Output": [
                "count(*)"
            ],
            "Plans": [
                {
                    "Node Type": "Gather",
                    "Parent Relationship": "Outer",
                    "Parallel Aware": false,
                    "Startup Cost": 44701.53,
                    "Total Cost": 44701.84,
                    "Plan Rows": 3,
                    "Plan Width": 8,
                    "Actual Startup Time": 166.692,
                    "Actual Total Time": 172.795,
                    "Actual Rows": 4,
                    "Actual Loops": 1,
                    "Output": [
                        "(PARTIAL count(*))"
                    ],
                    "Workers Planned": 3,
                    "Workers Launched": 3,
                    "Single Copy": false,
                    "Plans": [
                        {
                            "Node Type": "Aggregate",
                            "Strategy": "Plain",
                            "Partial Mode": "Partial",
                            "Parent Relationship": "Outer",
                            "Parallel Aware": false,
                            "Startup Cost": 43701.53,
                            "Total Cost": 43701.54,
                            "Plan Rows": 1,
                            "Plan Width": 8,
                            "Actual Startup Time": 159.039,
                            "Actual Total Time": 159.04,
                            "Actual Rows": 1,
                            "Actual Loops": 4,
                            "Output": [
                                "PARTIAL count(*)"
                            ],
                            "Workers": [
                                {
                                    "Worker Number": 0,
                                    "Actual Startup Time": 156.59,
                                    "Actual Total Time": 156.592,
                                    "Actual Rows": 1,
                                    "Actual Loops": 1
                                },
                                {
                                    "Worker Number": 1,
                                    "Actual Startup Time": 156.722,
                                    "Actual Total Time": 156.724,
                                    "Actual Rows": 1,
                                    "Actual Loops": 1
                                },
                                {
                                    "Worker Number": 2,
                                    "Actual Startup Time": 156.725,
                                    "Actual Total Time": 156.726,
                                    "Actual Rows": 1,
                                    "Actual Loops": 1
                                }
                            ],
                            "Plans": [
                                {
                                    "Node Type": "Seq Scan",
                                    "Parent Relationship": "Outer",
                                    "Parallel Aware": true,
                                    "Relation Name": "movie_keyword",
                                    "Schema": "public",
                                    "Alias": "mk",
                                    "Startup Cost": 0.0,
                                    "Total Cost": 42695.65,
                                    "Plan Rows": 402349,
                                    "Plan Width": 0,
                                    "Actual Startup Time": 2.663,
                                    "Actual Total Time": 136.091,
                                    "Actual Rows": 305270,
                                    "Actual Loops": 4,
                                    "Output": [
                                        "id",
                                        "movie_id",
                                        "keyword_id"
                                    ],
                                    "Filter": "(mk.keyword_id > 14914)",
                                    "Rows Removed by Filter": 825712,
                                    "Workers": [
                                        {
                                            "Worker Number": 0,
                                            "Actual Startup Time": 0.191,
                                            "Actual Total Time": 134.176,
                                            "Actual Rows": 287682,
                                            "Actual Loops": 1
                                        },
                                        {
                                            "Worker Number": 1,
                                            "Actual Startup Time": 0.351,
                                            "Actual Total Time": 134.322,
                                            "Actual Rows": 289418,
                                            "Actual Loops": 1
                                        },
                                        {
                                            "Worker Number": 2,
                                            "Actual Startup Time": 0.382,
                                            "Actual Total Time": 134.219,
                                            "Actual Rows": 289780,
                                            "Actual Loops": 1
                                        }
                                    ]
                                }
                            ]
                        }
                    ]
                }
            ]
        },
        "Planning Time": 2975.987,
        "Triggers": [],
        "Execution Time": 172.893
    }
]