[
  {
    "Plan": {
      "Node Type": "Aggregate",
      "Strategy": "Plain",
      "Partial Mode": "Finalize",
      "Parallel Aware": false,
      "Startup Cost": 44944.11,
      "Total Cost": 44944.12,
      "Plan Rows": 1,
      "Plan Width": 8,
      "Actual Startup Time": 131.916,
      "Actual Total Time": 141.331,
      "Actual Rows": 1,
      "Actual Loops": 1,
      "Plans": [
        {
          "Node Type": "Gather",
          "Parent Relationship": "Outer",
          "Parallel Aware": false,
          "Startup Cost": 44943.79,
          "Total Cost": 44944.1,
          "Plan Rows": 3,
          "Plan Width": 8,
          "Actual Startup Time": 131.837,
          "Actual Total Time": 141.323,
          "Actual Rows": 4,
          "Actual Loops": 1,
          "Workers Planned": 3,
          "Workers Launched": 3,
          "Single Copy": false,
          "Plans": [
            {
              "Node Type": "Aggregate",
              "Strategy": "Plain",
              "Partial Mode": "Partial",
              "Parent Relationship": "Outer",
              "Parallel Aware": false,
              "Startup Cost": 43943.79,
              "Total Cost": 43943.8,
              "Plan Rows": 1,
              "Plan Width": 8,
              "Actual Startup Time": 126.085,
              "Actual Total Time": 126.086,
              "Actual Rows": 1,
              "Actual Loops": 4,
              "Plans": [
                {
                  "Node Type": "Seq Scan",
                  "Parent Relationship": "Outer",
                  "Parallel Aware": true,
                  "Relation Name": "movie_keyword",
                  "Alias": "mk",
                  "Startup Cost": 0.0,
                  "Total Cost": 42695.65,
                  "Plan Rows": 499256,
                  "Plan Width": 0,
                  "Actual Startup Time": 1.281,
                  "Actual Total Time": 107.8,
                  "Actual Rows": 388128,
                  "Actual Loops": 4,
                  "Filter": "(keyword_id > 10152)",
                  "Rows Removed by Filter": 742854
                }
              ]
            }
          ]
        }
      ]
    },
    "Planning Time": 0.155,
    "Triggers": [],
    "Execution Time": 141.383
  }
]