[
  {
    "Plan": {
      "Node Type": "Aggregate",
      "Strategy": "Plain",
      "Partial Mode": "Finalize",
      "Parallel Aware": false,
      "Startup Cost": 46875.22,
      "Total Cost": 46875.23,
      "Plan Rows": 1,
      "Plan Width": 8,
      "Actual Startup Time": 186.491,
      "Actual Total Time": 194.204,
      "Actual Rows": 1,
      "Actual Loops": 1,
      "Plans": [
        {
          "Node Type": "Gather",
          "Parent Relationship": "Outer",
          "Parallel Aware": false,
          "Startup Cost": 46874.9,
          "Total Cost": 46875.21,
          "Plan Rows": 3,
          "Plan Width": 8,
          "Actual Startup Time": 186.392,
          "Actual Total Time": 194.194,
          "Actual Rows": 4,
          "Actual Loops": 1,
          "Workers Planned": 3,
          "Workers Launched": 3,
          "Single Copy": false,
          "Plans": [
            {
              "Node Type": "Aggregate",
              "Strategy": "Plain",
              "Partial Mode": "Partial",
              "Parent Relationship": "Outer",
              "Parallel Aware": false,
              "Startup Cost": 45874.9,
              "Total Cost": 45874.91,
              "Plan Rows": 1,
              "Plan Width": 8,
              "Actual Startup Time": 178.155,
              "Actual Total Time": 178.156,
              "Actual Rows": 1,
              "Actual Loops": 4,
              "Plans": [
                {
                  "Node Type": "Seq Scan",
                  "Parent Relationship": "Outer",
                  "Parallel Aware": true,
                  "Relation Name": "movie_keyword",
                  "Alias": "mk",
                  "Startup Cost": 0.0,
                  "Total Cost": 42695.65,
                  "Plan Rows": 1271700,
                  "Plan Width": 0,
                  "Actual Startup Time": 0.063,
                  "Actual Total Time": 130.249,
                  "Actual Rows": 982763,
                  "Actual Loops": 4,
                  "Filter": "(keyword_id > 430)",
                  "Rows Removed by Filter": 148220
                }
              ]
            }
          ]
        }
      ]
    },
    "Planning Time": 0.126,
    "Triggers": [],
    "Execution Time": 194.247
  }
]