[
  {
    "Plan": {
      "Node Type": "Aggregate",
      "Strategy": "Plain",
      "Partial Mode": "Finalize",
      "Parallel Aware": false,
      "Startup Cost": 46366.39,
      "Total Cost": 46366.4,
      "Plan Rows": 1,
      "Plan Width": 8,
      "Actual Startup Time": 149.096,
      "Actual Total Time": 164.739,
      "Actual Rows": 1,
      "Actual Loops": 1,
      "Plans": [
        {
          "Node Type": "Gather",
          "Parent Relationship": "Outer",
          "Parallel Aware": false,
          "Startup Cost": 46365.97,
          "Total Cost": 46366.38,
          "Plan Rows": 4,
          "Plan Width": 8,
          "Actual Startup Time": 148.777,
          "Actual Total Time": 164.726,
          "Actual Rows": 5,
          "Actual Loops": 1,
          "Workers Planned": 4,
          "Workers Launched": 4,
          "Single Copy": false,
          "Plans": [
            {
              "Node Type": "Aggregate",
              "Strategy": "Plain",
              "Partial Mode": "Partial",
              "Parent Relationship": "Outer",
              "Parallel Aware": false,
              "Startup Cost": 45365.97,
              "Total Cost": 45365.98,
              "Plan Rows": 1,
              "Plan Width": 8,
              "Actual Startup Time": 139.526,
              "Actual Total Time": 139.528,
              "Actual Rows": 1,
              "Actual Loops": 5,
              "Plans": [
                {
                  "Node Type": "Seq Scan",
                  "Parent Relationship": "Outer",
                  "Parallel Aware": true,
                  "Relation Name": "title",
                  "Alias": "t",
                  "Startup Cost": 0.0,
                  "Total Cost": 43899.32,
                  "Plan Rows": 586659,
                  "Plan Width": 0,
                  "Actual Startup Time": 0.056,
                  "Actual Total Time": 112.694,
                  "Actual Rows": 467672,
                  "Actual Loops": 5,
                  "Filter": "(production_year > 1930)",
                  "Rows Removed by Filter": 37990
                }
              ]
            }
          ]
        }
      ]
    },
    "Planning Time": 0.091,
    "Triggers": [],
    "Execution Time": 164.778
  }
]