[
    {
        "Bao": {
            "Bao prediction": "NaN",
            "Bao recommended hint": "(no hint)"
        }
    },
    {
        "Plan": {
            "Node Type": "Aggregate",
            "Strategy": "Plain",
            "Partial Mode": "Simple",
            "Parallel Aware": false,
            "Startup Cost": 26787.21,
            "Total Cost": 26787.22,
            "Plan Rows": 1,
            "Plan Width": 8,
            "Actual Startup Time": 35.692,
            "Actual Total Time": 35.693,
            "Actual Rows": 1,
            "Actual Loops": 1,
            "Output": [
                "count(*)"
            ],
            "Plans": [
                {
                    "Node Type": "Bitmap Heap Scan",
                    "Parent Relationship": "Outer",
                    "Parallel Aware": false,
                    "Relation Name": "movie_keyword",
                    "Schema": "public",
                    "Alias": "mk",
                    "Startup Cost": 1367.42,
                    "Total Cost": 26626.25,
                    "Plan Rows": 64386,
                    "Plan Width": 0,
                    "Actual Startup Time": 8.647,
                    "Actual Total Time": 33.088,
                    "Actual Rows": 59669,
                    "Actual Loops": 1,
                    "Recheck Cond": "(mk.keyword_id > 95326)",
                    "Rows Removed by Index Recheck": 0,
                    "Exact Heap Blocks": 13635,
                    "Lossy Heap Blocks": 0,
                    "Plans": [
                        {
                            "Node Type": "Bitmap Index Scan",
                            "Parent Relationship": "Outer",
                            "Parallel Aware": false,
                            "Index Name": "keyword_id_movie_keyword",
                            "Startup Cost": 0.0,
                            "Total Cost": 1351.33,
                            "Plan Rows": 64386,
                            "Plan Width": 0,
                            "Actual Startup Time": 6.251,
                            "Actual Total Time": 6.252,
                            "Actual Rows": 59669,
                            "Actual Loops": 1,
                            "Index Cond": "(mk.keyword_id > 95326)"
                        }
                    ]
                }
            ]
        },
        "Planning Time": 198.934,
        "Triggers": [],
        "Execution Time": 35.774
    }
]