[
  {
    "Plan": {
      "Node Type": "Aggregate",
      "Strategy": "Plain",
      "Partial Mode": "Finalize",
      "Parallel Aware": false,
      "Startup Cost": 36243.77,
      "Total Cost": 36243.78,
      "Plan Rows": 1,
      "Plan Width": 8,
      "Actual Startup Time": 61.033,
      "Actual Total Time": 64.806,
      "Actual Rows": 1,
      "Actual Loops": 1,
      "Plans": [
        {
          "Node Type": "Gather",
          "Parent Relationship": "Outer",
          "Parallel Aware": false,
          "Startup Cost": 36243.66,
          "Total Cost": 36243.77,
          "Plan Rows": 1,
          "Plan Width": 8,
          "Actual Startup Time": 59.116,
          "Actual Total Time": 64.793,
          "Actual Rows": 2,
          "Actual Loops": 1,
          "Workers Planned": 1,
          "Workers Launched": 1,
          "Single Copy": false,
          "Plans": [
            {
              "Node Type": "Aggregate",
              "Strategy": "Plain",
              "Partial Mode": "Partial",
              "Parent Relationship": "Outer",
              "Parallel Aware": false,
              "Startup Cost": 35243.66,
              "Total Cost": 35243.67,
              "Plan Rows": 1,
              "Plan Width": 8,
              "Actual Startup Time": 53.875,
              "Actual Total Time": 53.88,
              "Actual Rows": 1,
              "Actual Loops": 2,
              "Plans": [
                {
                  "Node Type": "Nested Loop",
                  "Parent Relationship": "Outer",
                  "Parallel Aware": false,
                  "Join Type": "Inner",
                  "Startup Cost": 18471.45,
                  "Total Cost": 35243.53,
                  "Plan Rows": 52,
                  "Plan Width": 0,
                  "Actual Startup Time": 51.545,
                  "Actual Total Time": 53.869,
                  "Actual Rows": 26,
                  "Actual Loops": 2,
                  "Inner Unique": false,
                  "Plans": [
                    {
                      "Node Type": "Nested Loop",
                      "Parent Relationship": "Outer",
                      "Parallel Aware": false,
                      "Join Type": "Inner",
                      "Startup Cost": 18471.01,
                      "Total Cost": 35111.01,
                      "Plan Rows": 29,
                      "Plan Width": 8,
                      "Actual Startup Time": 51.115,
                      "Actual Total Time": 53.61,
                      "Actual Rows": 6,
                      "Actual Loops": 2,
                      "Inner Unique": true,
                      "Plans": [
                        {
                          "Node Type": "Bitmap Heap Scan",
                          "Parent Relationship": "Outer",
                          "Parallel Aware": true,
                          "Relation Name": "cast_info",
                          "Alias": "ci",
                          "Startup Cost": 18470.58,
                          "Total Cost": 25853.42,
                          "Plan Rows": 1164,
                          "Plan Width": 4,
                          "Actual Startup Time": 47.82,
                          "Actual Total Time": 47.928,
                          "Actual Rows": 567,
                          "Actual Loops": 2,
                          "Recheck Cond": "((person_id < 9279) AND (role_id = 5))",
                          "Rows Removed by Index Recheck": 0,
                          "Exact Heap Blocks": 26,
                          "Lossy Heap Blocks": 0,
                          "Plans": [
                            {
                              "Node Type": "BitmapAnd",
                              "Parent Relationship": "Outer",
                              "Parallel Aware": false,
                              "Startup Cost": 18470.58,
                              "Total Cost": 18470.58,
                              "Plan Rows": 1979,
                              "Plan Width": 0,
                              "Actual Startup Time": 53.097,
                              "Actual Total Time": 53.099,
                              "Actual Rows": 0,
                              "Actual Loops": 1,
                              "Plans": [
                                {
                                  "Node Type": "Bitmap Index Scan",
                                  "Parent Relationship": "Member",
                                  "Parallel Aware": false,
                                  "Index Name": "person_id_cast_info",
                                  "Startup Cost": 0.0,
                                  "Total Cost": 1662.63,
                                  "Plan Rows": 76009,
                                  "Plan Width": 0,
                                  "Actual Startup Time": 10.141,
                                  "Actual Total Time": 10.142,
                                  "Actual Rows": 80128,
                                  "Actual Loops": 1,
                                  "Index Cond": "(person_id < 9279)"
                                },
                                {
                                  "Node Type": "Bitmap Index Scan",
                                  "Parent Relationship": "Member",
                                  "Parallel Aware": false,
                                  "Index Name": "role_id_cast_info",
                                  "Startup Cost": 0.0,
                                  "Total Cost": 16806.71,
                                  "Plan Rows": 943753,
                                  "Plan Width": 0,
                                  "Actual Startup Time": 42.899,
                                  "Actual Total Time": 42.899,
                                  "Actual Rows": 898389,
                                  "Actual Loops": 1,
                                  "Index Cond": "(role_id = 5)"
                                }
                              ]
                            }
                          ]
                        },
                        {
                          "Node Type": "Index Scan",
                          "Parent Relationship": "Inner",
                          "Parallel Aware": false,
                          "Scan Direction": "Forward",
                          "Index Name": "title_pkey",
                          "Relation Name": "title",
                          "Alias": "t",
                          "Startup Cost": 0.43,
                          "Total Cost": 7.95,
                          "Plan Rows": 1,
                          "Plan Width": 4,
                          "Actual Startup Time": 0.01,
                          "Actual Total Time": 0.01,
                          "Actual Rows": 0,
                          "Actual Loops": 1134,
                          "Index Cond": "(id = ci.movie_id)",
                          "Rows Removed by Index Recheck": 0,
                          "Filter": "((kind_id > 1) AND (production_year = 2004))",
                          "Rows Removed by Filter": 1
                        }
                      ]
                    },
                    {
                      "Node Type": "Index Only Scan",
                      "Parent Relationship": "Inner",
                      "Parallel Aware": false,
                      "Scan Direction": "Forward",
                      "Index Name": "movie_id_movie_keyword",
                      "Relation Name": "movie_keyword",
                      "Alias": "mk",
                      "Startup Cost": 0.43,
                      "Total Cost": 4.11,
                      "Plan Rows": 46,
                      "Plan Width": 4,
                      "Actual Startup Time": 0.044,
                      "Actual Total Time": 0.045,
                      "Actual Rows": 5,
                      "Actual Loops": 11,
                      "Index Cond": "(movie_id = t.id)",
                      "Rows Removed by Index Recheck": 0,
                      "Heap Fetches": 52
                    }
                  ]
                }
              ]
            }
          ]
        }
      ]
    },
    "Planning Time": 1.192,
    "Triggers": [],
    "Execution Time": 64.897
  }
]