[
  {
    "Plan": {
      "Node Type": "Aggregate",
      "Strategy": "Plain",
      "Partial Mode": "Finalize",
      "Parallel Aware": false,
      "Startup Cost": 420981.73,
      "Total Cost": 420981.74,
      "Plan Rows": 1,
      "Plan Width": 8,
      "Actual Startup Time": 3290.246,
      "Actual Total Time": 3375.878,
      "Actual Rows": 1,
      "Actual Loops": 1,
      "Plans": [
        {
          "Node Type": "Gather",
          "Parent Relationship": "Outer",
          "Parallel Aware": false,
          "Startup Cost": 420981.21,
          "Total Cost": 420981.72,
          "Plan Rows": 5,
          "Plan Width": 8,
          "Actual Startup Time": 3285.713,
          "Actual Total Time": 3375.867,
          "Actual Rows": 6,
          "Actual Loops": 1,
          "Workers Planned": 5,
          "Workers Launched": 5,
          "Single Copy": false,
          "Plans": [
            {
              "Node Type": "Aggregate",
              "Strategy": "Plain",
              "Partial Mode": "Partial",
              "Parent Relationship": "Outer",
              "Parallel Aware": false,
              "Startup Cost": 419981.21,
              "Total Cost": 419981.22,
              "Plan Rows": 1,
              "Plan Width": 8,
              "Actual Startup Time": 3274.771,
              "Actual Total Time": 3274.773,
              "Actual Rows": 1,
              "Actual Loops": 6,
              "Plans": [
                {
                  "Node Type": "Nested Loop",
                  "Parent Relationship": "Outer",
                  "Parallel Aware": false,
                  "Join Type": "Inner",
                  "Startup Cost": 95005.41,
                  "Total Cost": 418992.18,
                  "Plan Rows": 395611,
                  "Plan Width": 0,
                  "Actual Startup Time": 359.734,
                  "Actual Total Time": 3240.593,
                  "Actual Rows": 693694,
                  "Actual Loops": 6,
                  "Inner Unique": false,
                  "Plans": [
                    {
                      "Node Type": "Merge Join",
                      "Parent Relationship": "Outer",
                      "Parallel Aware": false,
                      "Join Type": "Inner",
                      "Startup Cost": 95004.84,
                      "Total Cost": 190107.96,
                      "Plan Rows": 109352,
                      "Plan Width": 8,
                      "Actual Startup Time": 351.446,
                      "Actual Total Time": 713.359,
                      "Actual Rows": 88615,
                      "Actual Loops": 6,
                      "Inner Unique": false,
                      "Merge Cond": "(t.id = mk.movie_id)",
                      "Plans": [
                        {
                          "Node Type": "Index Only Scan",
                          "Parent Relationship": "Outer",
                          "Parallel Aware": true,
                          "Scan Direction": "Forward",
                          "Index Name": "title_pkey",
                          "Relation Name": "title",
                          "Alias": "t",
                          "Startup Cost": 0.43,
                          "Total Cost": 90113.62,
                          "Plan Rows": 505659,
                          "Plan Width": 4,
                          "Actual Startup Time": 0.193,
                          "Actual Total Time": 314.059,
                          "Actual Rows": 420996,
                          "Actual Loops": 6,
                          "Heap Fetches": 2525977
                        },
                        {
                          "Node Type": "Sort",
                          "Parent Relationship": "Inner",
                          "Parallel Aware": false,
                          "Startup Cost": 94994.29,
                          "Total Cost": 96361.2,
                          "Plan Rows": 546762,
                          "Plan Width": 4,
                          "Actual Startup Time": 311.336,
                          "Actual Total Time": 339.219,
                          "Actual Rows": 531689,
                          "Actual Loops": 6,
                          "Sort Key": [
                            "mk.movie_id"
                          ],
                          "Sort Method": "quicksort",
                          "Sort Space Used": 49499,
                          "Sort Space Type": "Memory",
                          "Workers": [
                            {
                              "Worker Number": 0,
                              "Sort Method": "quicksort",
                              "Sort Space Used": 49499,
                              "Sort Space Type": "Memory"
                            },
                            {
                              "Worker Number": 1,
                              "Sort Method": "quicksort",
                              "Sort Space Used": 49499,
                              "Sort Space Type": "Memory"
                            },
                            {
                              "Worker Number": 2,
                              "Sort Method": "quicksort",
                              "Sort Space Used": 49499,
                              "Sort Space Type": "Memory"
                            },
                            {
                              "Worker Number": 3,
                              "Sort Method": "quicksort",
                              "Sort Space Used": 49499,
                              "Sort Space Type": "Memory"
                            },
                            {
                              "Worker Number": 4,
                              "Sort Method": "quicksort",
                              "Sort Space Used": 49499,
                              "Sort Space Type": "Memory"
                            }
                          ],
                          "Plans": [
                            {
                              "Node Type": "Bitmap Heap Scan",
                              "Parent Relationship": "Outer",
                              "Parallel Aware": false,
                              "Relation Name": "movie_keyword",
                              "Alias": "mk",
                              "Startup Cost": 11597.84,
                              "Total Cost": 42886.36,
                              "Plan Rows": 546762,
                              "Plan Width": 4,
                              "Actual Startup Time": 55.867,
                              "Actual Total Time": 199.439,
                              "Actual Rows": 531689,
                              "Actual Loops": 6,
                              "Recheck Cond": "(keyword_id > 34352)",
                              "Rows Removed by Index Recheck": 0,
                              "Exact Heap Blocks": 23131,
                              "Lossy Heap Blocks": 0,
                              "Plans": [
                                {
                                  "Node Type": "Bitmap Index Scan",
                                  "Parent Relationship": "Outer",
                                  "Parallel Aware": false,
                                  "Index Name": "keyword_id_movie_keyword",
                                  "Startup Cost": 0.0,
                                  "Total Cost": 11461.15,
                                  "Plan Rows": 546762,
                                  "Plan Width": 0,
                                  "Actual Startup Time": 52.639,
                                  "Actual Total Time": 52.639,
                                  "Actual Rows": 531689,
                                  "Actual Loops": 6,
                                  "Index Cond": "(keyword_id > 34352)"
                                }
                              ]
                            }
                          ]
                        }
                      ]
                    },
                    {
                      "Node Type": "Index Scan",
                      "Parent Relationship": "Inner",
                      "Parallel Aware": false,
                      "Scan Direction": "Forward",
                      "Index Name": "movie_id_cast_info",
                      "Relation Name": "cast_info",
                      "Alias": "ci",
                      "Startup Cost": 0.56,
                      "Total Cost": 2.0,
                      "Plan Rows": 9,
                      "Plan Width": 4,
                      "Actual Startup Time": 0.009,
                      "Actual Total Time": 0.028,
                      "Actual Rows": 8,
                      "Actual Loops": 531689,
                      "Index Cond": "(movie_id = t.id)",
                      "Rows Removed by Index Recheck": 0,
                      "Filter": "((person_id > 958210) AND (role_id < 2))",
                      "Rows Removed by Filter": 41
                    }
                  ]
                }
              ]
            }
          ]
        }
      ]
    },
    "Planning Time": 1.322,
    "Triggers": [],
    "Execution Time": 3384.617
  }
]