[
  {
    "Plan": {
      "Node Type": "Aggregate",
      "Strategy": "Plain",
      "Partial Mode": "Finalize",
      "Parallel Aware": false,
      "Startup Cost": 46044.39,
      "Total Cost": 46044.4,
      "Plan Rows": 1,
      "Plan Width": 8,
      "Actual Startup Time": 159.218,
      "Actual Total Time": 168.642,
      "Actual Rows": 1,
      "Actual Loops": 1,
      "Plans": [
        {
          "Node Type": "Gather",
          "Parent Relationship": "Outer",
          "Parallel Aware": false,
          "Startup Cost": 46044.08,
          "Total Cost": 46044.39,
          "Plan Rows": 3,
          "Plan Width": 8,
          "Actual Startup Time": 159.116,
          "Actual Total Time": 168.634,
          "Actual Rows": 4,
          "Actual Loops": 1,
          "Workers Planned": 3,
          "Workers Launched": 3,
          "Single Copy": false,
          "Plans": [
            {
              "Node Type": "Aggregate",
              "Strategy": "Plain",
              "Partial Mode": "Partial",
              "Parent Relationship": "Outer",
              "Parallel Aware": false,
              "Startup Cost": 45044.08,
              "Total Cost": 45044.09,
              "Plan Rows": 1,
              "Plan Width": 8,
              "Actual Startup Time": 151.219,
              "Actual Total Time": 151.22,
              "Actual Rows": 1,
              "Actual Loops": 4,
              "Plans": [
                {
                  "Node Type": "Seq Scan",
                  "Parent Relationship": "Outer",
                  "Parallel Aware": true,
                  "Relation Name": "movie_keyword",
                  "Alias": "mk",
                  "Startup Cost": 0.0,
                  "Total Cost": 42695.65,
                  "Plan Rows": 939369,
                  "Plan Width": 0,
                  "Actual Startup Time": 0.059,
                  "Actual Total Time": 119.266,
                  "Actual Rows": 726869,
                  "Actual Loops": 4,
                  "Filter": "(keyword_id < 9336)",
                  "Rows Removed by Filter": 404113
                }
              ]
            }
          ]
        }
      ]
    },
    "Planning Time": 0.196,
    "Triggers": [],
    "Execution Time": 168.701
  }
]