{
  "Plan": {
    "Node Type": "Aggregate",
    "Strategy": "Plain",
    "Partial Mode": "Simple",
    "Parallel Aware": false,
    "Startup Cost": 20000719565.77,
    "Total Cost": 20000719565.78,
    "Plan Rows": 1,
    "Plan Width": 96,
    "Actual Startup Time": 182640.76,
    "Actual Total Time": 182693.013,
    "Actual Rows": 1,
    "Actual Loops": 1,
    "Plans": [
      {
        "Node Type": "Nested Loop",
        "Parent Relationship": "Outer",
        "Parallel Aware": false,
        "Join Type": "Inner",
        "Startup Cost": 20000700900.55,
        "Total Cost": 20000719565.77,
        "Plan Rows": 1,
        "Plan Width": 42,
        "Actual Startup Time": 182254.975,
        "Actual Total Time": 182691.425,
        "Actual Rows": 12754,
        "Actual Loops": 1,
        "Inner Unique": true,
        "Plans": [
          {
            "Node Type": "Hash Join",
            "Parent Relationship": "Outer",
            "Parallel Aware": false,
            "Join Type": "Inner",
            "Startup Cost": 20000700900.41,
            "Total Cost": 20000719565.58,
            "Plan Rows": 1,
            "Plan Width": 46,
            "Actual Startup Time": 182254.914,
            "Actual Total Time": 182678.338,
            "Actual Rows": 16363,
            "Actual Loops": 1,
            "Inner Unique": false,
            "Hash Cond": "(mi_idx.movie_id = t.id)",
            "Plans": [
              {
                "Node Type": "Nested Loop",
                "Parent Relationship": "Outer",
                "Parallel Aware": false,
                "Join Type": "Inner",
                "Startup Cost": 131807.34,
                "Total Cost": 150466.33,
                "Plan Rows": 1648,
                "Plan Width": 33,
                "Actual Startup Time": 745.916,
                "Actual Total Time": 1127.738,
                "Actual Rows": 178762,
                "Actual Loops": 1,
                "Inner Unique": false,
                "Join Filter": "(mi_idx.info_type_id = it2.id)",
                "Rows Removed by Join Filter": 353846,
                "Plans": [
                  {
                    "Node Type": "Seq Scan",
                    "Parent Relationship": "Outer",
                    "Parallel Aware": false,
                    "Relation Name": "info_type",
                    "Alias": "it2",
                    "Startup Cost": 0.0,
                    "Total Cost": 2.41,
                    "Plan Rows": 1,
                    "Plan Width": 4,
                    "Actual Startup Time": 0.018,
                    "Actual Total Time": 0.024,
                    "Actual Rows": 1,
                    "Actual Loops": 1,
                    "Filter": "((info)::text = 'rating'::text)",
                    "Rows Removed by Filter": 112
                  },
                  {
                    "Node Type": "Merge Join",
                    "Parent Relationship": "Inner",
                    "Parallel Aware": false,
                    "Join Type": "Inner",
                    "Startup Cost": 131807.34,
                    "Total Cost": 148135.59,
                    "Plan Rows": 186266,
                    "Plan Width": 37,
                    "Actual Startup Time": 745.894,
                    "Actual Total Time": 1096.861,
                    "Actual Rows": 532608,
                    "Actual Loops": 1,
                    "Inner Unique": false,
                    "Merge Cond": "(cn.id = mc.company_id)",
                    "Plans": [
                      {
                        "Node Type": "Index Scan",
                        "Parent Relationship": "Outer",
                        "Parallel Aware": false,
                        "Scan Direction": "Forward",
                        "Index Name": "company_name_pkey",
                        "Relation Name": "company_name",
                        "Alias": "cn",
                        "Startup Cost": 0.42,
                        "Total Cost": 12469.43,
                        "Plan Rows": 125473,
                        "Plan Width": 23,
                        "Actual Startup Time": 0.084,
                        "Actual Total Time": 130.036,
                        "Actual Rows": 125685,
                        "Actual Loops": 1,
                        "Filter": "((country_code)::text <> '[us]'::text)",
                        "Rows Removed by Filter": 108601
                      },
                      {
                        "Node Type": "Sort",
                        "Parent Relationship": "Inner",
                        "Parallel Aware": false,
                        "Startup Cost": 131753.59,
                        "Total Cost": 132625.73,
                        "Plan Rows": 348856,
                        "Plan Width": 22,
                        "Actual Startup Time": 745.675,
                        "Actual Total Time": 874.793,
                        "Actual Rows": 607841,
                        "Actual Loops": 1,
                        "Sort Key": [
                          "mc.company_id"
                        ],
                        "Sort Method": "quicksort",
                        "Sort Space Used": 72064,
                        "Sort Space Type": "Memory",
                        "Plans": [
                          {
                            "Node Type": "Hash Join",
                            "Parent Relationship": "Outer",
                            "Parallel Aware": false,
                            "Join Type": "Inner",
                            "Startup Cost": 94403.54,
                            "Total Cost": 99637.43,
                            "Plan Rows": 348856,
                            "Plan Width": 22,
                            "Actual Startup Time": 538.257,
                            "Actual Total Time": 622.895,
                            "Actual Rows": 607841,
                            "Actual Loops": 1,
                            "Inner Unique": false,
                            "Hash Cond": "(ct.id = mc.company_type_id)",
                            "Plans": [
                              {
                                "Node Type": "Seq Scan",
                                "Parent Relationship": "Outer",
                                "Parallel Aware": false,
                                "Relation Name": "company_type",
                                "Alias": "ct",
                                "Startup Cost": 0.0,
                                "Total Cost": 1.04,
                                "Plan Rows": 4,
                                "Plan Width": 4,
                                "Actual Startup Time": 0.005,
                                "Actual Total Time": 0.018,
                                "Actual Rows": 4,
                                "Actual Loops": 1
                              },
                              {
                                "Node Type": "Hash",
                                "Parent Relationship": "Inner",
                                "Parallel Aware": false,
                                "Startup Cost": 90042.84,
                                "Total Cost": 90042.84,
                                "Plan Rows": 348856,
                                "Plan Width": 26,
                                "Actual Startup Time": 535.909,
                                "Actual Total Time": 561.543,
                                "Actual Rows": 607841,
                                "Actual Loops": 1,
                                "Hash Buckets": 1048576,
                                "Original Hash Buckets": 524288,
                                "Hash Batches": 1,
                                "Original Hash Batches": 1,
                                "Peak Memory Usage": 43377,
                                "Plans": [
                                  {
                                    "Node Type": "Gather",
                                    "Parent Relationship": "Outer",
                                    "Parallel Aware": false,
                                    "Startup Cost": 23109.43,
                                    "Total Cost": 90042.84,
                                    "Plan Rows": 348856,
                                    "Plan Width": 26,
                                    "Actual Startup Time": 219.798,
                                    "Actual Total Time": 470.175,
                                    "Actual Rows": 607841,
                                    "Actual Loops": 1,
                                    "Workers Planned": 3,
                                    "Workers Launched": 3,
                                    "Single Copy": false,
                                    "Plans": [
                                      {
                                        "Node Type": "Hash Join",
                                        "Parent Relationship": "Outer",
                                        "Parallel Aware": true,
                                        "Join Type": "Inner",
                                        "Startup Cost": 22109.43,
                                        "Total Cost": 54157.24,
                                        "Plan Rows": 112534,
                                        "Plan Width": 26,
                                        "Actual Startup Time": 210.741,
                                        "Actual Total Time": 386.206,
                                        "Actual Rows": 151960,
                                        "Actual Loops": 4,
                                        "Inner Unique": false,
                                        "Hash Cond": "(mc.movie_id = mi_idx.movie_id)",
                                        "Plans": [
                                          {
                                            "Node Type": "Seq Scan",
                                            "Parent Relationship": "Outer",
                                            "Parallel Aware": true,
                                            "Relation Name": "movie_companies",
                                            "Alias": "mc",
                                            "Startup Cost": 0.0,
                                            "Total Cost": 31414.82,
                                            "Plan Rows": 43760,
                                            "Plan Width": 12,
                                            "Actual Startup Time": 0.031,
                                            "Actual Total Time": 126.22,
                                            "Actual Rows": 75818,
                                            "Actual Loops": 4,
                                            "Filter": "((note !~~ '%(USA)%'::text) AND (note ~~ '%(200%)%'::text))",
                                            "Rows Removed by Filter": 576464
                                          },
                                          {
                                            "Node Type": "Hash",
                                            "Parent Relationship": "Inner",
                                            "Parallel Aware": true,
                                            "Startup Cost": 15122.68,
                                            "Total Cost": 15122.68,
                                            "Plan Rows": 558940,
                                            "Plan Width": 14,
                                            "Actual Startup Time": 205.845,
                                            "Actual Total Time": 205.845,
                                            "Actual Rows": 334408,
                                            "Actual Loops": 4,
                                            "Hash Buckets": 2097152,
                                            "Original Hash Buckets": 2097152,
                                            "Hash Batches": 1,
                                            "Original Hash Batches": 1,
                                            "Peak Memory Usage": 82848,
                                            "Plans": [
                                              {
                                                "Node Type": "Seq Scan",
                                                "Parent Relationship": "Outer",
                                                "Parallel Aware": true,
                                                "Relation Name": "movie_info_idx",
                                                "Alias": "mi_idx",
                                                "Startup Cost": 0.0,
                                                "Total Cost": 15122.68,
                                                "Plan Rows": 558940,
                                                "Plan Width": 14,
                                                "Actual Startup Time": 0.078,
                                                "Actual Total Time": 78.598,
                                                "Actual Rows": 334408,
                                                "Actual Loops": 4,
                                                "Filter": "(info < '8.5'::text)",
                                                "Rows Removed by Filter": 10600
                                              }
                                            ]
                                          }
                                        ]
                                      }
                                    ]
                                  }
                                ]
                              }
                            ]
                          }
                        ]
                      }
                    ]
                  }
                ]
              },
              {
                "Node Type": "Hash",
                "Parent Relationship": "Inner",
                "Parallel Aware": false,
                "Startup Cost": 20000569093.05,
                "Total Cost": 20000569093.05,
                "Plan Rows": 1,
                "Plan Width": 37,
                "Actual Startup Time": 181507.615,
                "Actual Total Time": 181534.218,
                "Actual Rows": 4503,
                "Actual Loops": 1,
                "Hash Buckets": 8192,
                "Original Hash Buckets": 1024,
                "Hash Batches": 1,
                "Original Hash Batches": 1,
                "Peak Memory Usage": 374,
                "Plans": [
                  {
                    "Node Type": "Nested Loop",
                    "Parent Relationship": "Outer",
                    "Parallel Aware": false,
                    "Join Type": "Inner",
                    "Startup Cost": 20000326064.67,
                    "Total Cost": 20000569093.05,
                    "Plan Rows": 1,
                    "Plan Width": 37,
                    "Actual Startup Time": 1894.091,
                    "Actual Total Time": 181521.92,
                    "Actual Rows": 4503,
                    "Actual Loops": 1,
                    "Inner Unique": false,
                    "Join Filter": "(t.id = mk.movie_id)",
                    "Rows Removed by Join Filter": 2108631433,
                    "Plans": [
                      {
                        "Node Type": "Nested Loop",
                        "Parent Relationship": "Outer",
                        "Parallel Aware": false,
                        "Join Type": "Inner",
                        "Startup Cost": 10000003912.0,
                        "Total Cost": 10000224702.98,
                        "Plan Rows": 12,
                        "Plan Width": 8,
                        "Actual Startup Time": 57.242,
                        "Actual Total Time": 1590.525,
                        "Actual Rows": 6704,
                        "Actual Loops": 1,
                        "Inner Unique": true,
                        "Join Filter": "(mk.keyword_id = k.id)",
                        "Rows Removed by Join Filter": 2071781,
                        "Plans": [
                          {
                            "Node Type": "Merge Join",
                            "Parent Relationship": "Outer",
                            "Parallel Aware": false,
                            "Join Type": "Inner",
                            "Startup Cost": 3912.0,
                            "Total Cost": 198238.99,
                            "Plan Rows": 391709,
                            "Plan Width": 12,
                            "Actual Startup Time": 40.492,
                            "Actual Total Time": 1317.63,
                            "Actual Rows": 694381,
                            "Actual Loops": 1,
                            "Inner Unique": false,
                            "Merge Cond": "(mk.movie_id = cc.movie_id)",
                            "Plans": [
                              {
                                "Node Type": "Index Scan",
                                "Parent Relationship": "Outer",
                                "Parallel Aware": false,
                                "Scan Direction": "Forward",
                                "Index Name": "movie_id_movie_keyword",
                                "Relation Name": "movie_keyword",
                                "Alias": "mk",
                                "Startup Cost": 0.43,
                                "Total Cost": 177148.48,
                                "Plan Rows": 4523930,
                                "Plan Width": 8,
                                "Actual Startup Time": 0.019,
                                "Actual Total Time": 866.292,
                                "Actual Rows": 4523930,
                                "Actual Loops": 1
                              },
                              {
                                "Node Type": "Sort",
                                "Parent Relationship": "Inner",
                                "Parallel Aware": false,
                                "Startup Cost": 3905.74,
                                "Total Cost": 3926.84,
                                "Plan Rows": 8443,
                                "Plan Width": 4,
                                "Actual Startup Time": 40.441,
                                "Actual Total Time": 77.861,
                                "Actual Rows": 725744,
                                "Actual Loops": 1,
                                "Sort Key": [
                                  "cc.movie_id"
                                ],
                                "Sort Method": "quicksort",
                                "Sort Space Used": 6263,
                                "Sort Space Type": "Memory",
                                "Plans": [
                                  {
                                    "Node Type": "Nested Loop",
                                    "Parent Relationship": "Outer",
                                    "Parallel Aware": false,
                                    "Join Type": "Inner",
                                    "Startup Cost": 0.42,
                                    "Total Cost": 3355.1,
                                    "Plan Rows": 8443,
                                    "Plan Width": 4,
                                    "Actual Startup Time": 0.078,
                                    "Actual Total Time": 26.142,
                                    "Actual Rows": 68062,
                                    "Actual Loops": 1,
                                    "Inner Unique": false,
                                    "Join Filter": "(cc.status_id = cct2.id)",
                                    "Rows Removed by Join Filter": 17879,
                                    "Plans": [
                                      {
                                        "Node Type": "Seq Scan",
                                        "Parent Relationship": "Outer",
                                        "Parallel Aware": false,
                                        "Relation Name": "comp_cast_type",
                                        "Alias": "cct2",
                                        "Startup Cost": 0.0,
                                        "Total Cost": 1.05,
                                        "Plan Rows": 1,
                                        "Plan Width": 4,
                                        "Actual Startup Time": 0.013,
                                        "Actual Total Time": 0.02,
                                        "Actual Rows": 1,
                                        "Actual Loops": 1,
                                        "Filter": "((kind)::text = 'complete'::text)",
                                        "Rows Removed by Filter": 3
                                      },
                                      {
                                        "Node Type": "Nested Loop",
                                        "Parent Relationship": "Inner",
                                        "Parallel Aware": false,
                                        "Join Type": "Inner",
                                        "Startup Cost": 0.42,
                                        "Total Cost": 2931.9,
                                        "Plan Rows": 33772,
                                        "Plan Width": 8,
                                        "Actual Startup Time": 0.062,
                                        "Actual Total Time": 19.877,
                                        "Actual Rows": 85941,
                                        "Actual Loops": 1,
                                        "Inner Unique": false,
                                        "Plans": [
                                          {
                                            "Node Type": "Seq Scan",
                                            "Parent Relationship": "Outer",
                                            "Parallel Aware": false,
                                            "Relation Name": "comp_cast_type",
                                            "Alias": "cct1",
                                            "Startup Cost": 0.0,
                                            "Total Cost": 1.05,
                                            "Plan Rows": 1,
                                            "Plan Width": 4,
                                            "Actual Startup Time": 0.003,
                                            "Actual Total Time": 0.006,
                                            "Actual Rows": 1,
                                            "Actual Loops": 1,
                                            "Filter": "((kind)::text = 'cast'::text)",
                                            "Rows Removed by Filter": 3
                                          },
                                          {
                                            "Node Type": "Index Scan",
                                            "Parent Relationship": "Inner",
                                            "Parallel Aware": false,
                                            "Scan Direction": "Forward",
                                            "Index Name": "subject_id_complete_cast",
                                            "Relation Name": "complete_cast",
                                            "Alias": "cc",
                                            "Startup Cost": 0.42,
                                            "Total Cost": 2255.42,
                                            "Plan Rows": 67543,
                                            "Plan Width": 12,
                                            "Actual Startup Time": 0.057,
                                            "Actual Total Time": 12.254,
                                            "Actual Rows": 85941,
                                            "Actual Loops": 1,
                                            "Index Cond": "(subject_id = cct1.id)",
                                            "Rows Removed by Index Recheck": 0
                                          }
                                        ]
                                      }
                                    ]
                                  }
                                ]
                              }
                            ]
                          },
                          {
                            "Node Type": "Materialize",
                            "Parent Relationship": "Inner",
                            "Parallel Aware": false,
                            "Startup Cost": 0.0,
                            "Total Cost": 2961.57,
                            "Plan Rows": 4,
                            "Plan Width": 4,
                            "Actual Startup Time": 0.0,
                            "Actual Total Time": 0.0,
                            "Actual Rows": 3,
                            "Actual Loops": 694381,
                            "Plans": [
                              {
                                "Node Type": "Seq Scan",
                                "Parent Relationship": "Outer",
                                "Parallel Aware": false,
                                "Relation Name": "keyword",
                                "Alias": "k",
                                "Startup Cost": 0.0,
                                "Total Cost": 2961.55,
                                "Plan Rows": 4,
                                "Plan Width": 4,
                                "Actual Startup Time": 0.731,
                                "Actual Total Time": 15.129,
                                "Actual Rows": 3,
                                "Actual Loops": 1,
                                "Filter": "(keyword = ANY ('{murder,murder-in-title,blood,violence}'::text[]))",
                                "Rows Removed by Filter": 134167
                              }
                            ]
                          }
                        ]
                      },
                      {
                        "Node Type": "Materialize",
                        "Parent Relationship": "Inner",
                        "Parallel Aware": false,
                        "Startup Cost": 322152.67,
                        "Total Cost": 324777.92,
                        "Plan Rows": 110491,
                        "Plan Width": 29,
                        "Actual Startup Time": 0.188,
                        "Actual Total Time": 10.883,
                        "Actual Rows": 314534,
                        "Actual Loops": 6704,
                        "Plans": [
                          {
                            "Node Type": "Hash Join",
                            "Parent Relationship": "Outer",
                            "Parallel Aware": false,
                            "Join Type": "Inner",
                            "Startup Cost": 322152.67,
                            "Total Cost": 324225.47,
                            "Plan Rows": 110491,
                            "Plan Width": 29,
                            "Actual Startup Time": 1260.496,
                            "Actual Total Time": 1321.564,
                            "Actual Rows": 314534,
                            "Actual Loops": 1,
                            "Inner Unique": false,
                            "Hash Cond": "(kt.id = t.kind_id)",
                            "Plans": [
                              {
                                "Node Type": "Seq Scan",
                                "Parent Relationship": "Outer",
                                "Parallel Aware": false,
                                "Relation Name": "kind_type",
                                "Alias": "kt",
                                "Startup Cost": 0.0,
                                "Total Cost": 1.09,
                                "Plan Rows": 2,
                                "Plan Width": 4,
                                "Actual Startup Time": 0.009,
                                "Actual Total Time": 0.018,
                                "Actual Rows": 2,
                                "Actual Loops": 1,
                                "Filter": "((kind)::text = ANY ('{movie,episode}'::text[]))",
                                "Rows Removed by Filter": 5
                              },
                              {
                                "Node Type": "Hash",
                                "Parent Relationship": "Inner",
                                "Parallel Aware": false,
                                "Startup Cost": 317318.69,
                                "Total Cost": 317318.69,
                                "Plan Rows": 386718,
                                "Plan Width": 33,
                                "Actual Startup Time": 1258.106,
                                "Actual Total Time": 1284.683,
                                "Actual Rows": 443444,
                                "Actual Loops": 1,
                                "Hash Buckets": 524288,
                                "Original Hash Buckets": 524288,
                                "Hash Batches": 1,
                                "Original Hash Batches": 1,
                                "Peak Memory Usage": 33940,
                                "Plans": [
                                  {
                                    "Node Type": "Gather",
                                    "Parent Relationship": "Outer",
                                    "Parallel Aware": false,
                                    "Startup Cost": 49388.22,
                                    "Total Cost": 317318.69,
                                    "Plan Rows": 386718,
                                    "Plan Width": 33,
                                    "Actual Startup Time": 304.013,
                                    "Actual Total Time": 1216.721,
                                    "Actual Rows": 443444,
                                    "Actual Loops": 1,
                                    "Workers Planned": 5,
                                    "Workers Launched": 5,
                                    "Single Copy": false,
                                    "Plans": [
                                      {
                                        "Node Type": "Hash Join",
                                        "Parent Relationship": "Outer",
                                        "Parallel Aware": true,
                                        "Join Type": "Inner",
                                        "Startup Cost": 48388.22,
                                        "Total Cost": 277646.89,
                                        "Plan Rows": 77344,
                                        "Plan Width": 33,
                                        "Actual Startup Time": 293.949,
                                        "Actual Total Time": 1173.743,
                                        "Actual Rows": 73907,
                                        "Actual Loops": 6,
                                        "Inner Unique": true,
                                        "Hash Cond": "(mi.movie_id = t.id)",
                                        "Plans": [
                                          {
                                            "Node Type": "Seq Scan",
                                            "Parent Relationship": "Outer",
                                            "Parallel Aware": true,
                                            "Relation Name": "movie_info",
                                            "Alias": "mi",
                                            "Startup Cost": 0.0,
                                            "Total Cost": 228901.28,
                                            "Plan Rows": 136153,
                                            "Plan Width": 8,
                                            "Actual Startup Time": 0.386,
                                            "Actual Total Time": 808.393,
                                            "Actual Rows": 119368,
                                            "Actual Loops": 6,
                                            "Filter": "(info = ANY ('{Sweden,Norway,Germany,Denmark,Swedish,Danish,Norwegian,German,USA,American}'::text[]))",
                                            "Rows Removed by Filter": 2353252
                                          },
                                          {
                                            "Node Type": "Hash",
                                            "Parent Relationship": "Inner",
                                            "Parallel Aware": true,
                                            "Startup Cost": 43899.59,
                                            "Total Cost": 43899.59,
                                            "Plan Rows": 359090,
                                            "Plan Width": 25,
                                            "Actual Startup Time": 289.772,
                                            "Actual Total Time": 289.773,
                                            "Actual Rows": 240550,
                                            "Actual Loops": 6,
                                            "Hash Buckets": 2097152,
                                            "Original Hash Buckets": 2097152,
                                            "Hash Batches": 1,
                                            "Original Hash Batches": 1,
                                            "Peak Memory Usage": 102528,
                                            "Plans": [
                                              {
                                                "Node Type": "Seq Scan",
                                                "Parent Relationship": "Outer",
                                                "Parallel Aware": true,
                                                "Relation Name": "title",
                                                "Alias": "t",
                                                "Startup Cost": 0.0,
                                                "Total Cost": 43899.59,
                                                "Plan Rows": 359090,
                                                "Plan Width": 25,
                                                "Actual Startup Time": 0.062,
                                                "Actual Total Time": 128.322,
                                                "Actual Rows": 240550,
                                                "Actual Loops": 6,
                                                "Filter": "(production_year < 2006)",
                                                "Rows Removed by Filter": 180836
                                              }
                                            ]
                                          }
                                        ]
                                      }
                                    ]
                                  }
                                ]
                              }
                            ]
                          }
                        ]
                      }
                    ]
                  }
                ]
              }
            ]
          },
          {
            "Node Type": "Index Scan",
            "Parent Relationship": "Inner",
            "Parallel Aware": false,
            "Scan Direction": "Forward",
            "Index Name": "info_type_pkey",
            "Relation Name": "info_type",
            "Alias": "it1",
            "Startup Cost": 0.14,
            "Total Cost": 0.16,
            "Plan Rows": 1,
            "Plan Width": 4,
            "Actual Startup Time": 0.001,
            "Actual Total Time": 0.001,
            "Actual Rows": 1,
            "Actual Loops": 16363,
            "Index Cond": "(id = mi.info_type_id)",
            "Rows Removed by Index Recheck": 0,
            "Filter": "((info)::text = 'countries'::text)",
            "Rows Removed by Filter": 0
          }
        ]
      }
    ]
  },
  "Planning Time": 216.299,
  "Triggers": [],
  "Execution Time": 182727.358
}