[
  {
    "Plan": {
      "Node Type": "Aggregate",
      "Strategy": "Plain",
      "Partial Mode": "Finalize",
      "Parallel Aware": false,
      "Startup Cost": 32833.96,
      "Total Cost": 32833.97,
      "Plan Rows": 1,
      "Plan Width": 8,
      "Actual Startup Time": 99.683,
      "Actual Total Time": 108.094,
      "Actual Rows": 1,
      "Actual Loops": 1,
      "Plans": [
        {
          "Node Type": "Gather",
          "Parent Relationship": "Outer",
          "Parallel Aware": false,
          "Startup Cost": 32833.64,
          "Total Cost": 32833.95,
          "Plan Rows": 3,
          "Plan Width": 8,
          "Actual Startup Time": 99.547,
          "Actual Total Time": 108.086,
          "Actual Rows": 4,
          "Actual Loops": 1,
          "Workers Planned": 3,
          "Workers Launched": 3,
          "Single Copy": false,
          "Plans": [
            {
              "Node Type": "Aggregate",
              "Strategy": "Plain",
              "Partial Mode": "Partial",
              "Parent Relationship": "Outer",
              "Parallel Aware": false,
              "Startup Cost": 31833.64,
              "Total Cost": 31833.65,
              "Plan Rows": 1,
              "Plan Width": 8,
              "Actual Startup Time": 91.833,
              "Actual Total Time": 91.834,
              "Actual Rows": 1,
              "Actual Loops": 4,
              "Plans": [
                {
                  "Node Type": "Seq Scan",
                  "Parent Relationship": "Outer",
                  "Parallel Aware": true,
                  "Relation Name": "movie_companies",
                  "Alias": "mc",
                  "Startup Cost": 0.0,
                  "Total Cost": 31414.82,
                  "Plan Rows": 167529,
                  "Plan Width": 0,
                  "Actual Startup Time": 48.841,
                  "Actual Total Time": 83.393,
                  "Actual Rows": 207910,
                  "Actual Loops": 4,
                  "Filter": "((company_id > 15428) AND (company_type_id > 1))",
                  "Rows Removed by Filter": 444372
                }
              ]
            }
          ]
        }
      ]
    },
    "Planning Time": 0.223,
    "Triggers": [],
    "Execution Time": 108.157
  }
]