[
    {
        "Bao": {
            "Bao prediction": "NaN",
            "Bao recommended hint": "(no hint)"
        }
    },
    {
        "Plan": {
            "Node Type": "Aggregate",
            "Strategy": "Plain",
            "Partial Mode": "Finalize",
            "Parallel Aware": false,
            "Startup Cost": 32687.03,
            "Total Cost": 32687.04,
            "Plan Rows": 1,
            "Plan Width": 8,
            "Actual Startup Time": 86.995,
            "Actual Total Time": 92.557,
            "Actual Rows": 1,
            "Actual Loops": 1,
            "Output": [
                "count(*)"
            ],
            "Plans": [
                {
                    "Node Type": "Gather",
                    "Parent Relationship": "Outer",
                    "Parallel Aware": false,
                    "Startup Cost": 32686.71,
                    "Total Cost": 32687.02,
                    "Plan Rows": 3,
                    "Plan Width": 8,
                    "Actual Startup Time": 86.901,
                    "Actual Total Time": 92.55,
                    "Actual Rows": 4,
                    "Actual Loops": 1,
                    "Output": [
                        "(PARTIAL count(*))"
                    ],
                    "Workers Planned": 3,
                    "Workers Launched": 3,
                    "Single Copy": false,
                    "Plans": [
                        {
                            "Node Type": "Aggregate",
                            "Strategy": "Plain",
                            "Partial Mode": "Partial",
                            "Parent Relationship": "Outer",
                            "Parallel Aware": false,
                            "Startup Cost": 31686.71,
                            "Total Cost": 31686.72,
                            "Plan Rows": 1,
                            "Plan Width": 8,
                            "Actual Startup Time": 78.814,
                            "Actual Total Time": 78.815,
                            "Actual Rows": 1,
                            "Actual Loops": 4,
                            "Output": [
                                "PARTIAL count(*)"
                            ],
                            "Workers": [
                                {
                                    "Worker Number": 0,
                                    "Actual Startup Time": 75.789,
                                    "Actual Total Time": 75.79,
                                    "Actual Rows": 1,
                                    "Actual Loops": 1
                                },
                                {
                                    "Worker Number": 1,
                                    "Actual Startup Time": 76.301,
                                    "Actual Total Time": 76.302,
                                    "Actual Rows": 1,
                                    "Actual Loops": 1
                                },
                                {
                                    "Worker Number": 2,
                                    "Actual Startup Time": 76.597,
                                    "Actual Total Time": 76.598,
                                    "Actual Rows": 1,
                                    "Actual Loops": 1
                                }
                            ],
                            "Plans": [
                                {
                                    "Node Type": "Seq Scan",
                                    "Parent Relationship": "Outer",
                                    "Parallel Aware": true,
                                    "Relation Name": "movie_companies",
                                    "Schema": "public",
                                    "Alias": "mc",
                                    "Startup Cost": 0.0,
                                    "Total Cost": 31414.82,
                                    "Plan Rows": 108758,
                                    "Plan Width": 0,
                                    "Actual Startup Time": 45.143,
                                    "Actual Total Time": 76.351,
                                    "Actual Rows": 46762,
                                    "Actual Loops": 4,
                                    "Output": [
                                        "id",
                                        "movie_id",
                                        "company_id",
                                        "company_type_id",
                                        "note"
                                    ],
                                    "Filter": "((mc.company_id < 983) AND (mc.company_type_id > 1))",
                                    "Rows Removed by Filter": 605521,
                                    "Workers": [
                                        {
                                            "Worker Number": 0,
                                            "Actual Startup Time": 42.116,
                                            "Actual Total Time": 73.453,
                                            "Actual Rows": 33057,
                                            "Actual Loops": 1
                                        },
                                        {
                                            "Worker Number": 1,
                                            "Actual Startup Time": 42.63,
                                            "Actual Total Time": 73.921,
                                            "Actual Rows": 47561,
                                            "Actual Loops": 1
                                        },
                                        {
                                            "Worker Number": 2,
                                            "Actual Startup Time": 42.931,
                                            "Actual Total Time": 74.185,
                                            "Actual Rows": 47904,
                                            "Actual Loops": 1
                                        }
                                    ]
                                }
                            ]
                        }
                    ]
                }
            ]
        },
        "Planning Time": 222.509,
        "Triggers": [],
        "Execution Time": 92.612
    }
]