[
    {
        "Bao": {
            "Bao prediction": 729.49,
            "Bao recommended hint": "(no hint)"
        }
    },
    {
        "Plan": {
            "Node Type": "Aggregate",
            "Strategy": "Plain",
            "Partial Mode": "Finalize",
            "Parallel Aware": false,
            "Startup Cost": 247806.5,
            "Total Cost": 247806.51,
            "Plan Rows": 1,
            "Plan Width": 8,
            "Actual Startup Time": 615.814,
            "Actual Total Time": 651.242,
            "Actual Rows": 1,
            "Actual Loops": 1,
            "Output": [
                "count(*)"
            ],
            "Plans": [
                {
                    "Node Type": "Gather",
                    "Parent Relationship": "Outer",
                    "Parallel Aware": false,
                    "Startup Cost": 247805.98,
                    "Total Cost": 247806.49,
                    "Plan Rows": 5,
                    "Plan Width": 8,
                    "Actual Startup Time": 613.924,
                    "Actual Total Time": 651.232,
                    "Actual Rows": 6,
                    "Actual Loops": 1,
                    "Output": [
                        "(PARTIAL count(*))"
                    ],
                    "Workers Planned": 5,
                    "Workers Launched": 5,
                    "Single Copy": false,
                    "Plans": [
                        {
                            "Node Type": "Aggregate",
                            "Strategy": "Plain",
                            "Partial Mode": "Partial",
                            "Parent Relationship": "Outer",
                            "Parallel Aware": false,
                            "Startup Cost": 246805.98,
                            "Total Cost": 246805.99,
                            "Plan Rows": 1,
                            "Plan Width": 8,
                            "Actual Startup Time": 604.219,
                            "Actual Total Time": 604.223,
                            "Actual Rows": 1,
                            "Actual Loops": 6,
                            "Output": [
                                "PARTIAL count(*)"
                            ],
                            "Workers": [
                                {
                                    "Worker Number": 0,
                                    "Actual Startup Time": 602.009,
                                    "Actual Total Time": 602.013,
                                    "Actual Rows": 1,
                                    "Actual Loops": 1
                                },
                                {
                                    "Worker Number": 1,
                                    "Actual Startup Time": 602.01,
                                    "Actual Total Time": 602.014,
                                    "Actual Rows": 1,
                                    "Actual Loops": 1
                                },
                                {
                                    "Worker Number": 2,
                                    "Actual Startup Time": 602.304,
                                    "Actual Total Time": 602.308,
                                    "Actual Rows": 1,
                                    "Actual Loops": 1
                                },
                                {
                                    "Worker Number": 3,
                                    "Actual Startup Time": 602.73,
                                    "Actual Total Time": 602.733,
                                    "Actual Rows": 1,
                                    "Actual Loops": 1
                                },
                                {
                                    "Worker Number": 4,
                                    "Actual Startup Time": 603.148,
                                    "Actual Total Time": 603.15,
                                    "Actual Rows": 1,
                                    "Actual Loops": 1
                                }
                            ],
                            "Plans": [
                                {
                                    "Node Type": "Hash Join",
                                    "Parent Relationship": "Outer",
                                    "Parallel Aware": true,
                                    "Join Type": "Inner",
                                    "Startup Cost": 46597.6,
                                    "Total Cost": 246648.26,
                                    "Plan Rows": 63087,
                                    "Plan Width": 0,
                                    "Actual Startup Time": 162.776,
                                    "Actual Total Time": 592.503,
                                    "Actual Rows": 162872,
                                    "Actual Loops": 6,
                                    "Inner Unique": true,
                                    "Hash Cond": "(mi.movie_id = t.id)",
                                    "Workers": [
                                        {
                                            "Worker Number": 0,
                                            "Actual Startup Time": 160.633,
                                            "Actual Total Time": 590.293,
                                            "Actual Rows": 160493,
                                            "Actual Loops": 1
                                        },
                                        {
                                            "Worker Number": 1,
                                            "Actual Startup Time": 160.621,
                                            "Actual Total Time": 590.407,
                                            "Actual Rows": 158708,
                                            "Actual Loops": 1
                                        },
                                        {
                                            "Worker Number": 2,
                                            "Actual Startup Time": 160.946,
                                            "Actual Total Time": 591.015,
                                            "Actual Rows": 153668,
                                            "Actual Loops": 1
                                        },
                                        {
                                            "Worker Number": 3,
                                            "Actual Startup Time": 161.343,
                                            "Actual Total Time": 591.215,
                                            "Actual Rows": 157474,
                                            "Actual Loops": 1
                                        },
                                        {
                                            "Worker Number": 4,
                                            "Actual Startup Time": 161.791,
                                            "Actual Total Time": 591.551,
                                            "Actual Rows": 158344,
                                            "Actual Loops": 1
                                        }
                                    ],
                                    "Plans": [
                                        {
                                            "Node Type": "Seq Scan",
                                            "Parent Relationship": "Outer",
                                            "Parallel Aware": true,
                                            "Relation Name": "movie_info",
                                            "Schema": "public",
                                            "Alias": "mi",
                                            "Startup Cost": 0.0,
                                            "Total Cost": 198880.74,
                                            "Plan Rows": 445687,
                                            "Plan Width": 4,
                                            "Actual Startup Time": 20.092,
                                            "Actual Total Time": 376.856,
                                            "Actual Rows": 372308,
                                            "Actual Loops": 6,
                                            "Output": [
                                                "mi.id",
                                                "mi.movie_id",
                                                "mi.info_type_id",
                                                "mi.info",
                                                "mi.note"
                                            ],
                                            "Filter": "(mi.info_type_id > 16)",
                                            "Rows Removed by Filter": 2100312,
                                            "Workers": [
                                                {
                                                    "Worker Number": 0,
                                                    "Actual Startup Time": 19.976,
                                                    "Actual Total Time": 380.378,
                                                    "Actual Rows": 362585,
                                                    "Actual Loops": 1
                                                },
                                                {
                                                    "Worker Number": 1,
                                                    "Actual Startup Time": 19.993,
                                                    "Actual Total Time": 380.572,
                                                    "Actual Rows": 360957,
                                                    "Actual Loops": 1
                                                },
                                                {
                                                    "Worker Number": 2,
                                                    "Actual Startup Time": 20.159,
                                                    "Actual Total Time": 379.406,
                                                    "Actual Rows": 342805,
                                                    "Actual Loops": 1
                                                },
                                                {
                                                    "Worker Number": 3,
                                                    "Actual Startup Time": 20.147,
                                                    "Actual Total Time": 380.775,
                                                    "Actual Rows": 359895,
                                                    "Actual Loops": 1
                                                },
                                                {
                                                    "Worker Number": 4,
                                                    "Actual Startup Time": 20.139,
                                                    "Actual Total Time": 380.882,
                                                    "Actual Rows": 360271,
                                                    "Actual Loops": 1
                                                }
                                            ]
                                        },
                                        {
                                            "Node Type": "Hash",
                                            "Parent Relationship": "Inner",
                                            "Parallel Aware": true,
                                            "Startup Cost": 45479.21,
                                            "Total Cost": 45479.21,
                                            "Plan Rows": 89471,
                                            "Plan Width": 4,
                                            "Actual Startup Time": 123.252,
                                            "Actual Total Time": 123.254,
                                            "Actual Rows": 70762,
                                            "Actual Loops": 6,
                                            "Output": [
                                                "t.id"
                                            ],
                                            "Hash Buckets": 524288,
                                            "Original Hash Buckets": 524288,
                                            "Hash Batches": 1,
                                            "Original Hash Batches": 1,
                                            "Peak Memory Usage": 20800,
                                            "Workers": [
                                                {
                                                    "Worker Number": 0,
                                                    "Actual Startup Time": 122.939,
                                                    "Actual Total Time": 122.94,
                                                    "Actual Rows": 69509,
                                                    "Actual Loops": 1
                                                },
                                                {
                                                    "Worker Number": 1,
                                                    "Actual Startup Time": 122.929,
                                                    "Actual Total Time": 122.931,
                                                    "Actual Rows": 69638,
                                                    "Actual Loops": 1
                                                },
                                                {
                                                    "Worker Number": 2,
                                                    "Actual Startup Time": 123.353,
                                                    "Actual Total Time": 123.354,
                                                    "Actual Rows": 65987,
                                                    "Actual Loops": 1
                                                },
                                                {
                                                    "Worker Number": 3,
                                                    "Actual Startup Time": 123.774,
                                                    "Actual Total Time": 123.775,
                                                    "Actual Rows": 69138,
                                                    "Actual Loops": 1
                                                },
                                                {
                                                    "Worker Number": 4,
                                                    "Actual Startup Time": 124.18,
                                                    "Actual Total Time": 124.18,
                                                    "Actual Rows": 70376,
                                                    "Actual Loops": 1
                                                }
                                            ],
                                            "Plans": [
                                                {
                                                    "Node Type": "Seq Scan",
                                                    "Parent Relationship": "Outer",
                                                    "Parallel Aware": true,
                                                    "Relation Name": "title",
                                                    "Schema": "public",
                                                    "Alias": "t",
                                                    "Startup Cost": 0.0,
                                                    "Total Cost": 45479.21,
                                                    "Plan Rows": 89471,
                                                    "Plan Width": 4,
                                                    "Actual Startup Time": 53.959,
                                                    "Actual Total Time": 94.111,
                                                    "Actual Rows": 70762,
                                                    "Actual Loops": 6,
                                                    "Output": [
                                                        "t.id"
                                                    ],
                                                    "Filter": "((t.kind_id < 2) AND (t.production_year < 2005))",
                                                    "Rows Removed by Filter": 350623,
                                                    "Workers": [
                                                        {
                                                            "Worker Number": 0,
                                                            "Actual Startup Time": 53.932,
                                                            "Actual Total Time": 94.947,
                                                            "Actual Rows": 69509,
                                                            "Actual Loops": 1
                                                        },
                                                        {
                                                            "Worker Number": 1,
                                                            "Actual Startup Time": 54.634,
                                                            "Actual Total Time": 95.198,
                                                            "Actual Rows": 69638,
                                                            "Actual Loops": 1
                                                        },
                                                        {
                                                            "Worker Number": 2,
                                                            "Actual Startup Time": 53.829,
                                                            "Actual Total Time": 94.428,
                                                            "Actual Rows": 65987,
                                                            "Actual Loops": 1
                                                        },
                                                        {
                                                            "Worker Number": 3,
                                                            "Actual Startup Time": 53.745,
                                                            "Actual Total Time": 94.811,
                                                            "Actual Rows": 69138,
                                                            "Actual Loops": 1
                                                        },
                                                        {
                                                            "Worker Number": 4,
                                                            "Actual Startup Time": 53.662,
                                                            "Actual Total Time": 94.879,
                                                            "Actual Rows": 70376,
                                                            "Actual Loops": 1
                                                        }
                                                    ]
                                                }
                                            ]
                                        }
                                    ]
                                }
                            ]
                        }
                    ]
                }
            ]
        },
        "Planning Time": 1461.475,
        "Triggers": [],
        "Execution Time": 651.349
    }
]