[
  {
    "Plan": {
      "Node Type": "Aggregate",
      "Strategy": "Plain",
      "Partial Mode": "Finalize",
      "Parallel Aware": false,
      "Startup Cost": 186967.35,
      "Total Cost": 186967.36,
      "Plan Rows": 1,
      "Plan Width": 8,
      "Actual Startup Time": 159.784,
      "Actual Total Time": 170.042,
      "Actual Rows": 1,
      "Actual Loops": 1,
      "Plans": [
        {
          "Node Type": "Gather",
          "Parent Relationship": "Outer",
          "Parallel Aware": false,
          "Startup Cost": 186966.82,
          "Total Cost": 186967.33,
          "Plan Rows": 5,
          "Plan Width": 8,
          "Actual Startup Time": 159.007,
          "Actual Total Time": 170.033,
          "Actual Rows": 6,
          "Actual Loops": 1,
          "Workers Planned": 5,
          "Workers Launched": 5,
          "Single Copy": false,
          "Plans": [
            {
              "Node Type": "Aggregate",
              "Strategy": "Plain",
              "Partial Mode": "Partial",
              "Parent Relationship": "Outer",
              "Parallel Aware": false,
              "Startup Cost": 185966.82,
              "Total Cost": 185966.83,
              "Plan Rows": 1,
              "Plan Width": 8,
              "Actual Startup Time": 151.775,
              "Actual Total Time": 151.777,
              "Actual Rows": 1,
              "Actual Loops": 6,
              "Plans": [
                {
                  "Node Type": "Bitmap Heap Scan",
                  "Parent Relationship": "Outer",
                  "Parallel Aware": true,
                  "Relation Name": "movie_info",
                  "Alias": "mi",
                  "Startup Cost": 20567.67,
                  "Total Cost": 185399.13,
                  "Plan Rows": 227077,
                  "Plan Width": 0,
                  "Actual Startup Time": 62.872,
                  "Actual Total Time": 140.367,
                  "Actual Rows": 181585,
                  "Actual Loops": 6,
                  "Recheck Cond": "(info_type_id > 67)",
                  "Rows Removed by Index Recheck": 0,
                  "Exact Heap Blocks": 10903,
                  "Lossy Heap Blocks": 0,
                  "Plans": [
                    {
                      "Node Type": "Bitmap Index Scan",
                      "Parent Relationship": "Outer",
                      "Parallel Aware": false,
                      "Index Name": "info_type_id_movie_info",
                      "Startup Cost": 0.0,
                      "Total Cost": 20283.82,
                      "Plan Rows": 1135385,
                      "Plan Width": 0,
                      "Actual Startup Time": 63.532,
                      "Actual Total Time": 63.533,
                      "Actual Rows": 1089512,
                      "Actual Loops": 1,
                      "Index Cond": "(info_type_id > 67)"
                    }
                  ]
                }
              ]
            }
          ]
        }
      ]
    },
    "Planning Time": 0.173,
    "Triggers": [],
    "Execution Time": 170.114
  }
]