[
  {
    "Plan": {
      "Node Type": "Aggregate",
      "Strategy": "Plain",
      "Partial Mode": "Finalize",
      "Parallel Aware": false,
      "Startup Cost": 278394.07,
      "Total Cost": 278394.08,
      "Plan Rows": 1,
      "Plan Width": 8,
      "Actual Startup Time": 426.203,
      "Actual Total Time": 444.521,
      "Actual Rows": 1,
      "Actual Loops": 1,
      "Plans": [
        {
          "Node Type": "Gather",
          "Parent Relationship": "Outer",
          "Parallel Aware": false,
          "Startup Cost": 278393.55,
          "Total Cost": 278394.06,
          "Plan Rows": 5,
          "Plan Width": 8,
          "Actual Startup Time": 419.145,
          "Actual Total Time": 444.51,
          "Actual Rows": 6,
          "Actual Loops": 1,
          "Workers Planned": 5,
          "Workers Launched": 5,
          "Single Copy": false,
          "Plans": [
            {
              "Node Type": "Aggregate",
              "Strategy": "Plain",
              "Partial Mode": "Partial",
              "Parent Relationship": "Outer",
              "Parallel Aware": false,
              "Startup Cost": 277393.55,
              "Total Cost": 277393.56,
              "Plan Rows": 1,
              "Plan Width": 8,
              "Actual Startup Time": 408.154,
              "Actual Total Time": 408.161,
              "Actual Rows": 1,
              "Actual Loops": 6,
              "Plans": [
                {
                  "Node Type": "Hash Join",
                  "Parent Relationship": "Outer",
                  "Parallel Aware": true,
                  "Join Type": "Inner",
                  "Startup Cost": 110154.91,
                  "Total Cost": 277281.43,
                  "Plan Rows": 44846,
                  "Plan Width": 0,
                  "Actual Startup Time": 327.097,
                  "Actual Total Time": 407.984,
                  "Actual Rows": 1136,
                  "Actual Loops": 6,
                  "Inner Unique": false,
                  "Hash Cond": "(mi.movie_id = t.id)",
                  "Plans": [
                    {
                      "Node Type": "Bitmap Heap Scan",
                      "Parent Relationship": "Outer",
                      "Parallel Aware": true,
                      "Relation Name": "movie_info",
                      "Alias": "mi",
                      "Startup Cost": 27808.97,
                      "Total Cost": 193639.56,
                      "Plan Rows": 307007,
                      "Plan Width": 4,
                      "Actual Startup Time": 50.524,
                      "Actual Total Time": 93.873,
                      "Actual Rows": 255652,
                      "Actual Loops": 6,
                      "Recheck Cond": "(info_type_id = 3)",
                      "Rows Removed by Index Recheck": 0,
                      "Exact Heap Blocks": 1522,
                      "Lossy Heap Blocks": 0,
                      "Plans": [
                        {
                          "Node Type": "Bitmap Index Scan",
                          "Parent Relationship": "Outer",
                          "Parallel Aware": false,
                          "Index Name": "info_type_id_movie_info",
                          "Startup Cost": 0.0,
                          "Total Cost": 27425.21,
                          "Plan Rows": 1535037,
                          "Plan Width": 0,
                          "Actual Startup Time": 49.887,
                          "Actual Total Time": 49.888,
                          "Actual Rows": 1533909,
                          "Actual Loops": 1,
                          "Index Cond": "(info_type_id = 3)"
                        }
                      ]
                    },
                    {
                      "Node Type": "Hash",
                      "Parent Relationship": "Inner",
                      "Parallel Aware": true,
                      "Startup Cost": 80856.76,
                      "Total Cost": 80856.76,
                      "Plan Rows": 119134,
                      "Plan Width": 8,
                      "Actual Startup Time": 272.892,
                      "Actual Total Time": 272.896,
                      "Actual Rows": 19409,
                      "Actual Loops": 6,
                      "Hash Buckets": 524288,
                      "Original Hash Buckets": 524288,
                      "Hash Batches": 1,
                      "Original Hash Batches": 1,
                      "Peak Memory Usage": 8800,
                      "Plans": [
                        {
                          "Node Type": "Hash Join",
                          "Parent Relationship": "Outer",
                          "Parallel Aware": true,
                          "Join Type": "Inner",
                          "Startup Cost": 48666.84,
                          "Total Cost": 80856.76,
                          "Plan Rows": 119134,
                          "Plan Width": 8,
                          "Actual Startup Time": 213.118,
                          "Actual Total Time": 266.354,
                          "Actual Rows": 19409,
                          "Actual Loops": 6,
                          "Inner Unique": true,
                          "Hash Cond": "(mc.movie_id = t.id)",
                          "Plans": [
                            {
                              "Node Type": "Seq Scan",
                              "Parent Relationship": "Outer",
                              "Parallel Aware": true,
                              "Relation Name": "movie_companies",
                              "Alias": "mc",
                              "Startup Cost": 0.0,
                              "Total Cost": 31414.82,
                              "Plan Rows": 295278,
                              "Plan Width": 4,
                              "Actual Startup Time": 23.045,
                              "Actual Total Time": 46.1,
                              "Actual Rows": 98929,
                              "Actual Loops": 6,
                              "Filter": "((company_id < 28339) AND (company_type_id = 2))",
                              "Rows Removed by Filter": 335926
                            },
                            {
                              "Node Type": "Hash",
                              "Parent Relationship": "Inner",
                              "Parallel Aware": true,
                              "Startup Cost": 45479.1,
                              "Total Cost": 45479.1,
                              "Plan Rows": 255019,
                              "Plan Width": 4,
                              "Actual Startup Time": 187.903,
                              "Actual Total Time": 187.905,
                              "Actual Rows": 186330,
                              "Actual Loops": 6,
                              "Hash Buckets": 2097152,
                              "Original Hash Buckets": 1048576,
                              "Hash Batches": 1,
                              "Original Hash Batches": 1,
                              "Peak Memory Usage": 68416,
                              "Plans": [
                                {
                                  "Node Type": "Seq Scan",
                                  "Parent Relationship": "Outer",
                                  "Parallel Aware": true,
                                  "Relation Name": "title",
                                  "Alias": "t",
                                  "Startup Cost": 0.0,
                                  "Total Cost": 45479.1,
                                  "Plan Rows": 255019,
                                  "Plan Width": 4,
                                  "Actual Startup Time": 0.051,
                                  "Actual Total Time": 82.772,
                                  "Actual Rows": 186330,
                                  "Actual Loops": 6,
                                  "Filter": "((production_year > 1993) AND (kind_id = 7))",
                                  "Rows Removed by Filter": 235055
                                }
                              ]
                            }
                          ]
                        }
                      ]
                    }
                  ]
                }
              ]
            }
          ]
        }
      ]
    },
    "Planning Time": 1.568,
    "Triggers": [],
    "Execution Time": 444.649
  }
]