[
    {
        "Bao": {
            "Bao prediction": 499.648,
            "Bao recommended hint": "(no hint)"
        }
    },
    {
        "Plan": {
            "Node Type": "Aggregate",
            "Strategy": "Plain",
            "Partial Mode": "Finalize",
            "Parallel Aware": false,
            "Startup Cost": 46319.39,
            "Total Cost": 46319.4,
            "Plan Rows": 1,
            "Plan Width": 8,
            "Actual Startup Time": 225.781,
            "Actual Total Time": 232.849,
            "Actual Rows": 1,
            "Actual Loops": 1,
            "Output": [
                "count(*)"
            ],
            "Plans": [
                {
                    "Node Type": "Gather",
                    "Parent Relationship": "Outer",
                    "Parallel Aware": false,
                    "Startup Cost": 46319.07,
                    "Total Cost": 46319.38,
                    "Plan Rows": 3,
                    "Plan Width": 8,
                    "Actual Startup Time": 225.675,
                    "Actual Total Time": 232.84,
                    "Actual Rows": 4,
                    "Actual Loops": 1,
                    "Output": [
                        "(PARTIAL count(*))"
                    ],
                    "Workers Planned": 3,
                    "Workers Launched": 3,
                    "Single Copy": false,
                    "Plans": [
                        {
                            "Node Type": "Aggregate",
                            "Strategy": "Plain",
                            "Partial Mode": "Partial",
                            "Parent Relationship": "Outer",
                            "Parallel Aware": false,
                            "Startup Cost": 45319.07,
                            "Total Cost": 45319.08,
                            "Plan Rows": 1,
                            "Plan Width": 8,
                            "Actual Startup Time": 217.84,
                            "Actual Total Time": 217.841,
                            "Actual Rows": 1,
                            "Actual Loops": 4,
                            "Output": [
                                "PARTIAL count(*)"
                            ],
                            "Workers": [
                                {
                                    "Worker Number": 0,
                                    "Actual Startup Time": 215.213,
                                    "Actual Total Time": 215.215,
                                    "Actual Rows": 1,
                                    "Actual Loops": 1
                                },
                                {
                                    "Worker Number": 1,
                                    "Actual Startup Time": 215.483,
                                    "Actual Total Time": 215.484,
                                    "Actual Rows": 1,
                                    "Actual Loops": 1
                                },
                                {
                                    "Worker Number": 2,
                                    "Actual Startup Time": 215.578,
                                    "Actual Total Time": 215.579,
                                    "Actual Rows": 1,
                                    "Actual Loops": 1
                                }
                            ],
                            "Plans": [
                                {
                                    "Node Type": "Seq Scan",
                                    "Parent Relationship": "Outer",
                                    "Parallel Aware": true,
                                    "Relation Name": "movie_keyword",
                                    "Schema": "public",
                                    "Alias": "mk",
                                    "Startup Cost": 0.0,
                                    "Total Cost": 42695.65,
                                    "Plan Rows": 1049368,
                                    "Plan Width": 0,
                                    "Actual Startup Time": 0.043,
                                    "Actual Total Time": 161.139,
                                    "Actual Rows": 819202,
                                    "Actual Loops": 4,
                                    "Output": [
                                        "id",
                                        "movie_id",
                                        "keyword_id"
                                    ],
                                    "Filter": "(mk.keyword_id < 14481)",
                                    "Rows Removed by Filter": 311780,
                                    "Workers": [
                                        {
                                            "Worker Number": 0,
                                            "Actual Startup Time": 0.049,
                                            "Actual Total Time": 160.026,
                                            "Actual Rows": 780955,
                                            "Actual Loops": 1
                                        },
                                        {
                                            "Worker Number": 1,
                                            "Actual Startup Time": 0.05,
                                            "Actual Total Time": 160.232,
                                            "Actual Rows": 775601,
                                            "Actual Loops": 1
                                        },
                                        {
                                            "Worker Number": 2,
                                            "Actual Startup Time": 0.052,
                                            "Actual Total Time": 160.205,
                                            "Actual Rows": 778177,
                                            "Actual Loops": 1
                                        }
                                    ]
                                }
                            ]
                        }
                    ]
                }
            ]
        },
        "Planning Time": 1215.257,
        "Triggers": [],
        "Execution Time": 232.939
    }
]