[
  {
    "Plan": {
      "Node Type": "Aggregate",
      "Strategy": "Plain",
      "Partial Mode": "Finalize",
      "Parallel Aware": false,
      "Startup Cost": 251090.44,
      "Total Cost": 251090.45,
      "Plan Rows": 1,
      "Plan Width": 8,
      "Actual Startup Time": 723.31,
      "Actual Total Time": 774.428,
      "Actual Rows": 1,
      "Actual Loops": 1,
      "Plans": [
        {
          "Node Type": "Gather",
          "Parent Relationship": "Outer",
          "Parallel Aware": false,
          "Startup Cost": 251089.92,
          "Total Cost": 251090.43,
          "Plan Rows": 5,
          "Plan Width": 8,
          "Actual Startup Time": 721.854,
          "Actual Total Time": 774.385,
          "Actual Rows": 6,
          "Actual Loops": 1,
          "Workers Planned": 5,
          "Workers Launched": 5,
          "Single Copy": false,
          "Plans": [
            {
              "Node Type": "Aggregate",
              "Strategy": "Plain",
              "Partial Mode": "Partial",
              "Parent Relationship": "Outer",
              "Parallel Aware": false,
              "Startup Cost": 250089.92,
              "Total Cost": 250089.93,
              "Plan Rows": 1,
              "Plan Width": 8,
              "Actual Startup Time": 711.325,
              "Actual Total Time": 711.33,
              "Actual Rows": 1,
              "Actual Loops": 6,
              "Plans": [
                {
                  "Node Type": "Hash Join",
                  "Parent Relationship": "Outer",
                  "Parallel Aware": true,
                  "Join Type": "Inner",
                  "Startup Cost": 44129.35,
                  "Total Cost": 249905.06,
                  "Plan Rows": 73943,
                  "Plan Width": 0,
                  "Actual Startup Time": 103.437,
                  "Actual Total Time": 704.856,
                  "Actual Rows": 128482,
                  "Actual Loops": 6,
                  "Inner Unique": true,
                  "Hash Cond": "(mi.movie_id = t.id)",
                  "Plans": [
                    {
                      "Node Type": "Seq Scan",
                      "Parent Relationship": "Outer",
                      "Parallel Aware": true,
                      "Relation Name": "movie_info",
                      "Alias": "mi",
                      "Startup Cost": 0.0,
                      "Total Cost": 199108.24,
                      "Plan Rows": 2539986,
                      "Plan Width": 4,
                      "Actual Startup Time": 0.032,
                      "Actual Total Time": 388.686,
                      "Actual Rows": 2124109,
                      "Actual Loops": 6,
                      "Filter": "(info_type_id > 2)",
                      "Rows Removed by Filter": 348511
                    },
                    {
                      "Node Type": "Hash",
                      "Parent Relationship": "Inner",
                      "Parallel Aware": true,
                      "Startup Cost": 43899.32,
                      "Total Cost": 43899.32,
                      "Plan Rows": 18402,
                      "Plan Width": 4,
                      "Actual Startup Time": 91.477,
                      "Actual Total Time": 91.478,
                      "Actual Rows": 12978,
                      "Actual Loops": 6,
                      "Hash Buckets": 131072,
                      "Original Hash Buckets": 131072,
                      "Hash Batches": 1,
                      "Original Hash Batches": 1,
                      "Peak Memory Usage": 4192,
                      "Plans": [
                        {
                          "Node Type": "Seq Scan",
                          "Parent Relationship": "Outer",
                          "Parallel Aware": true,
                          "Relation Name": "title",
                          "Alias": "t",
                          "Startup Cost": 0.0,
                          "Total Cost": 43899.32,
                          "Plan Rows": 18402,
                          "Plan Width": 4,
                          "Actual Startup Time": 51.368,
                          "Actual Total Time": 85.755,
                          "Actual Rows": 12978,
                          "Actual Loops": 6,
                          "Filter": "(production_year < 1918)",
                          "Rows Removed by Filter": 408408
                        }
                      ]
                    }
                  ]
                }
              ]
            }
          ]
        }
      ]
    },
    "Planning Time": 0.686,
    "Triggers": [],
    "Execution Time": 774.512
  }
]