[
  {
    "Plan": {
      "Node Type": "Aggregate",
      "Strategy": "Plain",
      "Partial Mode": "Finalize",
      "Parallel Aware": false,
      "Startup Cost": 394036.67,
      "Total Cost": 394036.68,
      "Plan Rows": 1,
      "Plan Width": 8,
      "Actual Startup Time": 952.493,
      "Actual Total Time": 1005.726,
      "Actual Rows": 1,
      "Actual Loops": 1,
      "Plans": [
        {
          "Node Type": "Gather",
          "Parent Relationship": "Outer",
          "Parallel Aware": false,
          "Startup Cost": 394036.05,
          "Total Cost": 394036.66,
          "Plan Rows": 6,
          "Plan Width": 8,
          "Actual Startup Time": 939.623,
          "Actual Total Time": 1005.707,
          "Actual Rows": 7,
          "Actual Loops": 1,
          "Workers Planned": 6,
          "Workers Launched": 6,
          "Single Copy": false,
          "Plans": [
            {
              "Node Type": "Aggregate",
              "Strategy": "Plain",
              "Partial Mode": "Partial",
              "Parent Relationship": "Outer",
              "Parallel Aware": false,
              "Startup Cost": 393036.05,
              "Total Cost": 393036.06,
              "Plan Rows": 1,
              "Plan Width": 8,
              "Actual Startup Time": 923.588,
              "Actual Total Time": 923.594,
              "Actual Rows": 1,
              "Actual Loops": 7,
              "Plans": [
                {
                  "Node Type": "Hash Join",
                  "Parent Relationship": "Outer",
                  "Parallel Aware": true,
                  "Join Type": "Inner",
                  "Startup Cost": 48100.0,
                  "Total Cost": 392491.59,
                  "Plan Rows": 217785,
                  "Plan Width": 0,
                  "Actual Startup Time": 542.048,
                  "Actual Total Time": 917.693,
                  "Actual Rows": 118433,
                  "Actual Loops": 7,
                  "Inner Unique": true,
                  "Hash Cond": "(ci.movie_id = t.id)",
                  "Plans": [
                    {
                      "Node Type": "Seq Scan",
                      "Parent Relationship": "Outer",
                      "Parallel Aware": true,
                      "Relation Name": "cast_info",
                      "Alias": "ci",
                      "Startup Cost": 0.0,
                      "Total Cost": 343316.27,
                      "Plan Rows": 409645,
                      "Plan Width": 4,
                      "Actual Startup Time": 339.566,
                      "Actual Total Time": 613.319,
                      "Actual Rows": 225938,
                      "Actual Loops": 7,
                      "Filter": "((person_id < 553889) AND (role_id > 2))",
                      "Rows Removed by Filter": 4951826
                    },
                    {
                      "Node Type": "Hash",
                      "Parent Relationship": "Inner",
                      "Parallel Aware": true,
                      "Startup Cost": 43899.32,
                      "Total Cost": 43899.32,
                      "Plan Rows": 336054,
                      "Plan Width": 4,
                      "Actual Startup Time": 197.363,
                      "Actual Total Time": 197.364,
                      "Actual Rows": 192613,
                      "Actual Loops": 7,
                      "Hash Buckets": 2097152,
                      "Original Hash Buckets": 2097152,
                      "Hash Batches": 1,
                      "Original Hash Batches": 1,
                      "Peak Memory Usage": 69248,
                      "Plans": [
                        {
                          "Node Type": "Seq Scan",
                          "Parent Relationship": "Outer",
                          "Parallel Aware": true,
                          "Relation Name": "title",
                          "Alias": "t",
                          "Startup Cost": 0.0,
                          "Total Cost": 43899.32,
                          "Plan Rows": 336054,
                          "Plan Width": 4,
                          "Actual Startup Time": 0.058,
                          "Actual Total Time": 87.812,
                          "Actual Rows": 192613,
                          "Actual Loops": 7,
                          "Filter": "(production_year < 2005)",
                          "Rows Removed by Filter": 168574
                        }
                      ]
                    }
                  ]
                }
              ]
            }
          ]
        }
      ]
    },
    "Planning Time": 0.661,
    "Triggers": [],
    "Execution Time": 1005.82
  }
]