[
  {
    "Plan": {
      "Node Type": "Aggregate",
      "Strategy": "Plain",
      "Partial Mode": "Finalize",
      "Parallel Aware": false,
      "Startup Cost": 344321.58,
      "Total Cost": 344321.59,
      "Plan Rows": 1,
      "Plan Width": 8,
      "Actual Startup Time": 735.017,
      "Actual Total Time": 790.679,
      "Actual Rows": 1,
      "Actual Loops": 1,
      "Plans": [
        {
          "Node Type": "Gather",
          "Parent Relationship": "Outer",
          "Parallel Aware": false,
          "Startup Cost": 344320.95,
          "Total Cost": 344321.56,
          "Plan Rows": 6,
          "Plan Width": 8,
          "Actual Startup Time": 734.802,
          "Actual Total Time": 790.658,
          "Actual Rows": 7,
          "Actual Loops": 1,
          "Workers Planned": 6,
          "Workers Launched": 6,
          "Single Copy": false,
          "Plans": [
            {
              "Node Type": "Aggregate",
              "Strategy": "Plain",
              "Partial Mode": "Partial",
              "Parent Relationship": "Outer",
              "Parallel Aware": false,
              "Startup Cost": 343320.95,
              "Total Cost": 343320.96,
              "Plan Rows": 1,
              "Plan Width": 8,
              "Actual Startup Time": 724.037,
              "Actual Total Time": 724.04,
              "Actual Rows": 1,
              "Actual Loops": 7,
              "Plans": [
                {
                  "Node Type": "Index Scan",
                  "Parent Relationship": "Outer",
                  "Parallel Aware": true,
                  "Scan Direction": "Forward",
                  "Index Name": "role_id_cast_info",
                  "Relation Name": "cast_info",
                  "Alias": "ci",
                  "Startup Cost": 0.56,
                  "Total Cost": 341155.22,
                  "Plan Rows": 866294,
                  "Plan Width": 0,
                  "Actual Startup Time": 0.297,
                  "Actual Total Time": 612.875,
                  "Actual Rows": 1540286,
                  "Actual Loops": 7,
                  "Index Cond": "(role_id = 1)",
                  "Rows Removed by Index Recheck": 0,
                  "Filter": "(person_id < 1476987)",
                  "Rows Removed by Filter": 269812
                }
              ]
            }
          ]
        }
      ]
    },
    "Planning Time": 0.19,
    "Triggers": [],
    "Execution Time": 790.752
  }
]