[
  {
    "Plan": {
      "Node Type": "Aggregate",
      "Strategy": "Plain",
      "Partial Mode": "Finalize",
      "Parallel Aware": false,
      "Startup Cost": 44546.99,
      "Total Cost": 44547.0,
      "Plan Rows": 1,
      "Plan Width": 8,
      "Actual Startup Time": 125.301,
      "Actual Total Time": 135.074,
      "Actual Rows": 1,
      "Actual Loops": 1,
      "Plans": [
        {
          "Node Type": "Gather",
          "Parent Relationship": "Outer",
          "Parallel Aware": false,
          "Startup Cost": 44546.68,
          "Total Cost": 44546.99,
          "Plan Rows": 3,
          "Plan Width": 8,
          "Actual Startup Time": 125.161,
          "Actual Total Time": 135.065,
          "Actual Rows": 4,
          "Actual Loops": 1,
          "Workers Planned": 3,
          "Workers Launched": 3,
          "Single Copy": false,
          "Plans": [
            {
              "Node Type": "Aggregate",
              "Strategy": "Plain",
              "Partial Mode": "Partial",
              "Parent Relationship": "Outer",
              "Parallel Aware": false,
              "Startup Cost": 43546.68,
              "Total Cost": 43546.69,
              "Plan Rows": 1,
              "Plan Width": 8,
              "Actual Startup Time": 119.923,
              "Actual Total Time": 119.924,
              "Actual Rows": 1,
              "Actual Loops": 4,
              "Plans": [
                {
                  "Node Type": "Seq Scan",
                  "Parent Relationship": "Outer",
                  "Parallel Aware": true,
                  "Relation Name": "movie_keyword",
                  "Alias": "mk",
                  "Startup Cost": 0.0,
                  "Total Cost": 42695.65,
                  "Plan Rows": 340409,
                  "Plan Width": 0,
                  "Actual Startup Time": 0.04,
                  "Actual Total Time": 106.204,
                  "Actual Rows": 266121,
                  "Actual Loops": 4,
                  "Filter": "(keyword_id < 1064)",
                  "Rows Removed by Filter": 864862
                }
              ]
            }
          ]
        }
      ]
    },
    "Planning Time": 0.1,
    "Triggers": [],
    "Execution Time": 135.106
  }
]