[
  {
    "Plan": {
      "Node Type": "Aggregate",
      "Strategy": "Plain",
      "Partial Mode": "Finalize",
      "Parallel Aware": false,
      "Startup Cost": 44328.96,
      "Total Cost": 44328.97,
      "Plan Rows": 1,
      "Plan Width": 8,
      "Actual Startup Time": 140.77,
      "Actual Total Time": 151.534,
      "Actual Rows": 1,
      "Actual Loops": 1,
      "Plans": [
        {
          "Node Type": "Gather",
          "Parent Relationship": "Outer",
          "Parallel Aware": false,
          "Startup Cost": 44328.64,
          "Total Cost": 44328.95,
          "Plan Rows": 3,
          "Plan Width": 8,
          "Actual Startup Time": 140.636,
          "Actual Total Time": 151.525,
          "Actual Rows": 4,
          "Actual Loops": 1,
          "Workers Planned": 3,
          "Workers Launched": 3,
          "Single Copy": false,
          "Plans": [
            {
              "Node Type": "Aggregate",
              "Strategy": "Plain",
              "Partial Mode": "Partial",
              "Parent Relationship": "Outer",
              "Parallel Aware": false,
              "Startup Cost": 43328.64,
              "Total Cost": 43328.65,
              "Plan Rows": 1,
              "Plan Width": 8,
              "Actual Startup Time": 132.247,
              "Actual Total Time": 132.248,
              "Actual Rows": 1,
              "Actual Loops": 4,
              "Plans": [
                {
                  "Node Type": "Seq Scan",
                  "Parent Relationship": "Outer",
                  "Parallel Aware": true,
                  "Relation Name": "movie_keyword",
                  "Alias": "mk",
                  "Startup Cost": 0.0,
                  "Total Cost": 42695.65,
                  "Plan Rows": 253196,
                  "Plan Width": 0,
                  "Actual Startup Time": 6.079,
                  "Actual Total Time": 120.278,
                  "Actual Rows": 195366,
                  "Actual Loops": 4,
                  "Filter": "(keyword_id > 24132)",
                  "Rows Removed by Filter": 935616
                }
              ]
            }
          ]
        }
      ]
    },
    "Planning Time": 0.146,
    "Triggers": [],
    "Execution Time": 151.58
  }
]