[
  {
    "Plan": {
      "Node Type": "Aggregate",
      "Strategy": "Plain",
      "Partial Mode": "Finalize",
      "Parallel Aware": false,
      "Startup Cost": 44331.91,
      "Total Cost": 44331.92,
      "Plan Rows": 1,
      "Plan Width": 8,
      "Actual Startup Time": 161.287,
      "Actual Total Time": 175.306,
      "Actual Rows": 1,
      "Actual Loops": 1,
      "Plans": [
        {
          "Node Type": "Gather",
          "Parent Relationship": "Outer",
          "Parallel Aware": false,
          "Startup Cost": 44331.59,
          "Total Cost": 44331.9,
          "Plan Rows": 3,
          "Plan Width": 8,
          "Actual Startup Time": 161.168,
          "Actual Total Time": 175.296,
          "Actual Rows": 4,
          "Actual Loops": 1,
          "Workers Planned": 3,
          "Workers Launched": 3,
          "Single Copy": false,
          "Plans": [
            {
              "Node Type": "Aggregate",
              "Strategy": "Plain",
              "Partial Mode": "Partial",
              "Parent Relationship": "Outer",
              "Parallel Aware": false,
              "Startup Cost": 43331.59,
              "Total Cost": 43331.6,
              "Plan Rows": 1,
              "Plan Width": 8,
              "Actual Startup Time": 155.058,
              "Actual Total Time": 155.059,
              "Actual Rows": 1,
              "Actual Loops": 4,
              "Plans": [
                {
                  "Node Type": "Seq Scan",
                  "Parent Relationship": "Outer",
                  "Parallel Aware": true,
                  "Relation Name": "movie_keyword",
                  "Alias": "mk",
                  "Startup Cost": 0.0,
                  "Total Cost": 42695.65,
                  "Plan Rows": 254374,
                  "Plan Width": 0,
                  "Actual Startup Time": 5.914,
                  "Actual Total Time": 141.504,
                  "Actual Rows": 195366,
                  "Actual Loops": 4,
                  "Filter": "(keyword_id > 24132)",
                  "Rows Removed by Filter": 935616
                }
              ]
            }
          ]
        }
      ]
    },
    "Planning Time": 0.218,
    "Triggers": [],
    "Execution Time": 175.375
  }
]