[
  {
    "Plan": {
      "Node Type": "Aggregate",
      "Strategy": "Plain",
      "Partial Mode": "Finalize",
      "Parallel Aware": false,
      "Startup Cost": 332779.97,
      "Total Cost": 332779.98,
      "Plan Rows": 1,
      "Plan Width": 8,
      "Actual Startup Time": 620.474,
      "Actual Total Time": 669.974,
      "Actual Rows": 1,
      "Actual Loops": 1,
      "Plans": [
        {
          "Node Type": "Gather",
          "Parent Relationship": "Outer",
          "Parallel Aware": false,
          "Startup Cost": 332779.34,
          "Total Cost": 332779.95,
          "Plan Rows": 6,
          "Plan Width": 8,
          "Actual Startup Time": 620.353,
          "Actual Total Time": 669.964,
          "Actual Rows": 7,
          "Actual Loops": 1,
          "Workers Planned": 6,
          "Workers Launched": 6,
          "Single Copy": false,
          "Plans": [
            {
              "Node Type": "Aggregate",
              "Strategy": "Plain",
              "Partial Mode": "Partial",
              "Parent Relationship": "Outer",
              "Parallel Aware": false,
              "Startup Cost": 331779.34,
              "Total Cost": 331779.35,
              "Plan Rows": 1,
              "Plan Width": 8,
              "Actual Startup Time": 612.419,
              "Actual Total Time": 612.42,
              "Actual Rows": 1,
              "Actual Loops": 7,
              "Plans": [
                {
                  "Node Type": "Seq Scan",
                  "Parent Relationship": "Outer",
                  "Parallel Aware": true,
                  "Relation Name": "cast_info",
                  "Alias": "ci",
                  "Startup Cost": 0.0,
                  "Total Cost": 328211.39,
                  "Plan Rows": 1427181,
                  "Plan Width": 0,
                  "Actual Startup Time": 309.651,
                  "Actual Total Time": 550.38,
                  "Actual Rows": 1210188,
                  "Actual Loops": 7,
                  "Filter": "(person_id > 2838565)",
                  "Rows Removed by Filter": 3967576
                }
              ]
            }
          ]
        }
      ]
    },
    "Planning Time": 0.178,
    "Triggers": [],
    "Execution Time": 670.042
  }
]