[
  {
    "Plan": {
      "Node Type": "Aggregate",
      "Strategy": "Plain",
      "Partial Mode": "Finalize",
      "Parallel Aware": false,
      "Startup Cost": 355188.81,
      "Total Cost": 355188.82,
      "Plan Rows": 1,
      "Plan Width": 8,
      "Actual Startup Time": 940.744,
      "Actual Total Time": 1001.207,
      "Actual Rows": 1,
      "Actual Loops": 1,
      "Plans": [
        {
          "Node Type": "Gather",
          "Parent Relationship": "Outer",
          "Parallel Aware": false,
          "Startup Cost": 355188.19,
          "Total Cost": 355188.8,
          "Plan Rows": 6,
          "Plan Width": 8,
          "Actual Startup Time": 940.626,
          "Actual Total Time": 1001.198,
          "Actual Rows": 7,
          "Actual Loops": 1,
          "Workers Planned": 6,
          "Workers Launched": 6,
          "Single Copy": false,
          "Plans": [
            {
              "Node Type": "Aggregate",
              "Strategy": "Plain",
              "Partial Mode": "Partial",
              "Parent Relationship": "Outer",
              "Parallel Aware": false,
              "Startup Cost": 354188.19,
              "Total Cost": 354188.2,
              "Plan Rows": 1,
              "Plan Width": 8,
              "Actual Startup Time": 931.03,
              "Actual Total Time": 931.031,
              "Actual Rows": 1,
              "Actual Loops": 7,
              "Plans": [
                {
                  "Node Type": "Seq Scan",
                  "Parent Relationship": "Outer",
                  "Parallel Aware": true,
                  "Relation Name": "cast_info",
                  "Alias": "ci",
                  "Startup Cost": 0.0,
                  "Total Cost": 343257.03,
                  "Plan Rows": 4372463,
                  "Plan Width": 0,
                  "Actual Startup Time": 0.051,
                  "Actual Total Time": 749.558,
                  "Actual Rows": 4076063,
                  "Actual Loops": 7,
                  "Filter": "((person_id < 3052799) AND (role_id < 10))",
                  "Rows Removed by Filter": 1101700
                }
              ]
            }
          ]
        }
      ]
    },
    "Planning Time": 0.222,
    "Triggers": [],
    "Execution Time": 1001.279
  }
]