{
  "Plan": {
    "Node Type": "Aggregate",
    "Strategy": "Plain",
    "Partial Mode": "Finalize",
    "Parallel Aware": false,
    "Startup Cost": 229666.32,
    "Total Cost": 229666.33,
    "Plan Rows": 1,
    "Plan Width": 8,
    "Actual Startup Time": 372.981,
    "Actual Total Time": 383.458,
    "Actual Rows": 1,
    "Actual Loops": 1,
    "Plans": [
      {
        "Node Type": "Gather",
        "Parent Relationship": "Outer",
        "Parallel Aware": false,
        "Startup Cost": 229666.21,
        "Total Cost": 229666.32,
        "Plan Rows": 1,
        "Plan Width": 8,
        "Actual Startup Time": 371.44,
        "Actual Total Time": 383.452,
        "Actual Rows": 2,
        "Actual Loops": 1,
        "Workers Planned": 1,
        "Workers Launched": 1,
        "Single Copy": false,
        "Plans": [
          {
            "Node Type": "Aggregate",
            "Strategy": "Plain",
            "Partial Mode": "Partial",
            "Parent Relationship": "Outer",
            "Parallel Aware": false,
            "Startup Cost": 228666.21,
            "Total Cost": 228666.22,
            "Plan Rows": 1,
            "Plan Width": 8,
            "Actual Startup Time": 365.219,
            "Actual Total Time": 365.225,
            "Actual Rows": 1,
            "Actual Loops": 2,
            "Plans": [
              {
                "Node Type": "Hash Join",
                "Parent Relationship": "Outer",
                "Parallel Aware": true,
                "Join Type": "Inner",
                "Startup Cost": 64399.72,
                "Total Cost": 228586.07,
                "Plan Rows": 32055,
                "Plan Width": 0,
                "Actual Startup Time": 318.051,
                "Actual Total Time": 362.705,
                "Actual Rows": 60217,
                "Actual Loops": 2,
                "Inner Unique": true,
                "Hash Cond": "(mi.movie_id = t.id)",
                "Plans": [
                  {
                    "Node Type": "Bitmap Heap Scan",
                    "Parent Relationship": "Outer",
                    "Parallel Aware": true,
                    "Relation Name": "movie_info",
                    "Alias": "mi",
                    "Startup Cost": 2521.42,
                    "Total Cost": 166493.19,
                    "Plan Rows": 81745,
                    "Plan Width": 4,
                    "Actual Startup Time": 6.131,
                    "Actual Total Time": 20.336,
                    "Actual Rows": 60932,
                    "Actual Loops": 2,
                    "Recheck Cond": "(info_type_id = 105)",
                    "Rows Removed by Index Recheck": 0,
                    "Exact Heap Blocks": 2793,
                    "Lossy Heap Blocks": 0,
                    "Plans": [
                      {
                        "Node Type": "Bitmap Index Scan",
                        "Parent Relationship": "Outer",
                        "Parallel Aware": false,
                        "Index Name": "info_type_id_movie_info",
                        "Startup Cost": 0.0,
                        "Total Cost": 2486.68,
                        "Plan Rows": 138966,
                        "Plan Width": 0,
                        "Actual Startup Time": 5.463,
                        "Actual Total Time": 5.463,
                        "Actual Rows": 121863,
                        "Actual Loops": 1,
                        "Index Cond": "(info_type_id = 105)"
                      }
                    ]
                  },
                  {
                    "Node Type": "Hash",
                    "Parent Relationship": "Inner",
                    "Parallel Aware": true,
                    "Startup Cost": 54588.39,
                    "Total Cost": 54588.39,
                    "Plan Rows": 583193,
                    "Plan Width": 4,
                    "Actual Startup Time": 302.509,
                    "Actual Total Time": 302.51,
                    "Actual Rows": 492524,
                    "Actual Loops": 2,
                    "Hash Buckets": 1048576,
                    "Original Hash Buckets": 1048576,
                    "Hash Batches": 1,
                    "Original Hash Batches": 1,
                    "Peak Memory Usage": 46752,
                    "Plans": [
                      {
                        "Node Type": "Seq Scan",
                        "Parent Relationship": "Outer",
                        "Parallel Aware": true,
                        "Relation Name": "title",
                        "Alias": "t",
                        "Startup Cost": 0.0,
                        "Total Cost": 54588.39,
                        "Plan Rows": 583193,
                        "Plan Width": 4,
                        "Actual Startup Time": 0.036,
                        "Actual Total Time": 158.496,
                        "Actual Rows": 492524,
                        "Actual Loops": 2,
                        "Filter": "(kind_id < 7)",
                        "Rows Removed by Filter": 771632
                      }
                    ]
                  }
                ]
              }
            ]
          }
        ]
      }
    ]
  },
  "Planning Time": 0.568,
  "Triggers": [],
  "Execution Time": 383.542
}