[
  {
    "Plan": {
      "Node Type": "Aggregate",
      "Strategy": "Plain",
      "Partial Mode": "Finalize",
      "Parallel Aware": false,
      "Startup Cost": 125138.8,
      "Total Cost": 125138.81,
      "Plan Rows": 1,
      "Plan Width": 8,
      "Actual Startup Time": 457.615,
      "Actual Total Time": 479.375,
      "Actual Rows": 1,
      "Actual Loops": 1,
      "Plans": [
        {
          "Node Type": "Gather",
          "Parent Relationship": "Outer",
          "Parallel Aware": false,
          "Startup Cost": 125138.49,
          "Total Cost": 125138.8,
          "Plan Rows": 3,
          "Plan Width": 8,
          "Actual Startup Time": 454.502,
          "Actual Total Time": 479.365,
          "Actual Rows": 4,
          "Actual Loops": 1,
          "Workers Planned": 3,
          "Workers Launched": 3,
          "Single Copy": false,
          "Plans": [
            {
              "Node Type": "Aggregate",
              "Strategy": "Plain",
              "Partial Mode": "Partial",
              "Parent Relationship": "Outer",
              "Parallel Aware": false,
              "Startup Cost": 124138.49,
              "Total Cost": 124138.5,
              "Plan Rows": 1,
              "Plan Width": 8,
              "Actual Startup Time": 448.669,
              "Actual Total Time": 448.78,
              "Actual Rows": 1,
              "Actual Loops": 4,
              "Plans": [
                {
                  "Node Type": "Hash Join",
                  "Parent Relationship": "Outer",
                  "Parallel Aware": true,
                  "Join Type": "Inner",
                  "Startup Cost": 78806.76,
                  "Total Cost": 123999.52,
                  "Plan Rows": 55585,
                  "Plan Width": 0,
                  "Actual Startup Time": 279.578,
                  "Actual Total Time": 436.561,
                  "Actual Rows": 315973,
                  "Actual Loops": 4,
                  "Inner Unique": false,
                  "Hash Cond": "(mk.movie_id = t.id)",
                  "Plans": [
                    {
                      "Node Type": "Seq Scan",
                      "Parent Relationship": "Outer",
                      "Parallel Aware": true,
                      "Relation Name": "movie_keyword",
                      "Alias": "mk",
                      "Startup Cost": 0.0,
                      "Total Cost": 42695.65,
                      "Plan Rows": 618079,
                      "Plan Width": 4,
                      "Actual Startup Time": 0.361,
                      "Actual Total Time": 96.688,
                      "Actual Rows": 475036,
                      "Actual Loops": 4,
                      "Filter": "(keyword_id > 7109)",
                      "Rows Removed by Filter": 655946
                    },
                    {
                      "Node Type": "Hash",
                      "Parent Relationship": "Inner",
                      "Parallel Aware": true,
                      "Startup Cost": 77889.89,
                      "Total Cost": 77889.89,
                      "Plan Rows": 73350,
                      "Plan Width": 8,
                      "Actual Startup Time": 277.864,
                      "Actual Total Time": 277.974,
                      "Actual Rows": 42642,
                      "Actual Loops": 4,
                      "Hash Buckets": 262144,
                      "Original Hash Buckets": 262144,
                      "Hash Batches": 1,
                      "Original Hash Batches": 1,
                      "Peak Memory Usage": 8800,
                      "Plans": [
                        {
                          "Node Type": "Hash Join",
                          "Parent Relationship": "Outer",
                          "Parallel Aware": true,
                          "Join Type": "Inner",
                          "Startup Cost": 45557.71,
                          "Total Cost": 77889.89,
                          "Plan Rows": 73350,
                          "Plan Width": 8,
                          "Actual Startup Time": 142.053,
                          "Actual Total Time": 264.333,
                          "Actual Rows": 42642,
                          "Actual Loops": 4,
                          "Inner Unique": true,
                          "Hash Cond": "(mc.movie_id = t.id)",
                          "Plans": [
                            {
                              "Node Type": "Seq Scan",
                              "Parent Relationship": "Outer",
                              "Parallel Aware": true,
                              "Relation Name": "movie_companies",
                              "Alias": "mc",
                              "Startup Cost": 0.0,
                              "Total Cost": 31414.82,
                              "Plan Rows": 349471,
                              "Plan Width": 4,
                              "Actual Startup Time": 0.018,
                              "Actual Total Time": 67.719,
                              "Actual Rows": 318562,
                              "Actual Loops": 4,
                              "Filter": "((company_id < 83024) AND (company_type_id < 2))",
                              "Rows Removed by Filter": 333721
                            },
                            {
                              "Node Type": "Hash",
                              "Parent Relationship": "Inner",
                              "Parallel Aware": true,
                              "Startup Cost": 43899.32,
                              "Total Cost": 43899.32,
                              "Plan Rows": 132671,
                              "Plan Width": 4,
                              "Actual Startup Time": 139.947,
                              "Actual Total Time": 139.948,
                              "Actual Rows": 133342,
                              "Actual Loops": 4,
                              "Hash Buckets": 1048576,
                              "Original Hash Buckets": 1048576,
                              "Hash Batches": 1,
                              "Original Hash Batches": 1,
                              "Peak Memory Usage": 29152,
                              "Plans": [
                                {
                                  "Node Type": "Seq Scan",
                                  "Parent Relationship": "Outer",
                                  "Parallel Aware": true,
                                  "Relation Name": "title",
                                  "Alias": "t",
                                  "Startup Cost": 0.0,
                                  "Total Cost": 43899.32,
                                  "Plan Rows": 132671,
                                  "Plan Width": 4,
                                  "Actual Startup Time": 0.028,
                                  "Actual Total Time": 92.125,
                                  "Actual Rows": 133342,
                                  "Actual Loops": 4,
                                  "Filter": "(production_year > 2009)",
                                  "Rows Removed by Filter": 498736
                                }
                              ]
                            }
                          ]
                        }
                      ]
                    }
                  ]
                }
              ]
            }
          ]
        }
      ]
    },
    "Planning Time": 0.543,
    "Triggers": [],
    "Execution Time": 479.419
  }
]