[
  {
    "Plan": {
      "Node Type": "Aggregate",
      "Strategy": "Plain",
      "Partial Mode": "Simple",
      "Parallel Aware": false,
      "Startup Cost": 13916.54,
      "Total Cost": 13916.55,
      "Plan Rows": 1,
      "Plan Width": 8,
      "Actual Startup Time": 15.467,
      "Actual Total Time": 15.469,
      "Actual Rows": 1,
      "Actual Loops": 1,
      "Plans": [
        {
          "Node Type": "Bitmap Heap Scan",
          "Parent Relationship": "Outer",
          "Parallel Aware": false,
          "Relation Name": "movie_keyword",
          "Alias": "mk",
          "Startup Cost": 126.01,
          "Total Cost": 13901.84,
          "Plan Rows": 5881,
          "Plan Width": 0,
          "Actual Startup Time": 3.197,
          "Actual Total Time": 14.72,
          "Actual Rows": 5857,
          "Actual Loops": 1,
          "Recheck Cond": "(keyword_id = 405)",
          "Rows Removed by Index Recheck": 0,
          "Exact Heap Blocks": 5168,
          "Lossy Heap Blocks": 0,
          "Plans": [
            {
              "Node Type": "Bitmap Index Scan",
              "Parent Relationship": "Outer",
              "Parallel Aware": false,
              "Index Name": "keyword_id_movie_keyword",
              "Startup Cost": 0.0,
              "Total Cost": 124.54,
              "Plan Rows": 5881,
              "Plan Width": 0,
              "Actual Startup Time": 1.518,
              "Actual Total Time": 1.518,
              "Actual Rows": 5857,
              "Actual Loops": 1,
              "Index Cond": "(keyword_id = 405)"
            }
          ]
        }
      ]
    },
    "Planning Time": 0.136,
    "Triggers": [],
    "Execution Time": 15.52
  }
]