[
  {
    "Plan": {
      "Node Type": "Aggregate",
      "Strategy": "Plain",
      "Partial Mode": "Finalize",
      "Parallel Aware": false,
      "Startup Cost": 24987.4,
      "Total Cost": 24987.41,
      "Plan Rows": 1,
      "Plan Width": 8,
      "Actual Startup Time": 40.383,
      "Actual Total Time": 43.906,
      "Actual Rows": 1,
      "Actual Loops": 1,
      "Plans": [
        {
          "Node Type": "Gather",
          "Parent Relationship": "Outer",
          "Parallel Aware": false,
          "Startup Cost": 24987.08,
          "Total Cost": 24987.39,
          "Plan Rows": 3,
          "Plan Width": 8,
          "Actual Startup Time": 40.214,
          "Actual Total Time": 43.899,
          "Actual Rows": 4,
          "Actual Loops": 1,
          "Workers Planned": 3,
          "Workers Launched": 3,
          "Single Copy": false,
          "Plans": [
            {
              "Node Type": "Aggregate",
              "Strategy": "Plain",
              "Partial Mode": "Partial",
              "Parent Relationship": "Outer",
              "Parallel Aware": false,
              "Startup Cost": 23987.08,
              "Total Cost": 23987.09,
              "Plan Rows": 1,
              "Plan Width": 8,
              "Actual Startup Time": 35.006,
              "Actual Total Time": 35.007,
              "Actual Rows": 1,
              "Actual Loops": 4,
              "Plans": [
                {
                  "Node Type": "Bitmap Heap Scan",
                  "Parent Relationship": "Outer",
                  "Parallel Aware": true,
                  "Relation Name": "movie_companies",
                  "Alias": "mc",
                  "Startup Cost": 4179.15,
                  "Total Cost": 23907.18,
                  "Plan Rows": 31960,
                  "Plan Width": 0,
                  "Actual Startup Time": 7.891,
                  "Actual Total Time": 31.728,
                  "Actual Rows": 47563,
                  "Actual Loops": 4,
                  "Recheck Cond": "(company_id > 116619)",
                  "Rows Removed by Index Recheck": 0,
                  "Filter": "(company_type_id > 1)",
                  "Rows Removed by Filter": 0,
                  "Exact Heap Blocks": 1590,
                  "Lossy Heap Blocks": 0,
                  "Plans": [
                    {
                      "Node Type": "Bitmap Index Scan",
                      "Parent Relationship": "Outer",
                      "Parallel Aware": false,
                      "Index Name": "company_id_movie_companies",
                      "Startup Cost": 0.0,
                      "Total Cost": 4154.38,
                      "Plan Rows": 193860,
                      "Plan Width": 0,
                      "Actual Startup Time": 11.57,
                      "Actual Total Time": 11.571,
                      "Actual Rows": 190251,
                      "Actual Loops": 1,
                      "Index Cond": "(company_id > 116619)"
                    }
                  ]
                }
              ]
            }
          ]
        }
      ]
    },
    "Planning Time": 0.115,
    "Triggers": [],
    "Execution Time": 43.948
  }
]