[
  {
    "Plan": {
      "Node Type": "Aggregate",
      "Strategy": "Plain",
      "Partial Mode": "Finalize",
      "Parallel Aware": false,
      "Startup Cost": 47206.42,
      "Total Cost": 47206.43,
      "Plan Rows": 1,
      "Plan Width": 8,
      "Actual Startup Time": 113.118,
      "Actual Total Time": 125.148,
      "Actual Rows": 1,
      "Actual Loops": 1,
      "Plans": [
        {
          "Node Type": "Gather",
          "Parent Relationship": "Outer",
          "Parallel Aware": false,
          "Startup Cost": 47206.0,
          "Total Cost": 47206.41,
          "Plan Rows": 4,
          "Plan Width": 8,
          "Actual Startup Time": 112.834,
          "Actual Total Time": 125.14,
          "Actual Rows": 5,
          "Actual Loops": 1,
          "Workers Planned": 4,
          "Workers Launched": 4,
          "Single Copy": false,
          "Plans": [
            {
              "Node Type": "Aggregate",
              "Strategy": "Plain",
              "Partial Mode": "Partial",
              "Parent Relationship": "Outer",
              "Parallel Aware": false,
              "Startup Cost": 46206.0,
              "Total Cost": 46206.01,
              "Plan Rows": 1,
              "Plan Width": 8,
              "Actual Startup Time": 104.48,
              "Actual Total Time": 104.481,
              "Actual Rows": 1,
              "Actual Loops": 5,
              "Plans": [
                {
                  "Node Type": "Seq Scan",
                  "Parent Relationship": "Outer",
                  "Parallel Aware": true,
                  "Relation Name": "title",
                  "Alias": "t",
                  "Startup Cost": 0.0,
                  "Total Cost": 45479.1,
                  "Plan Rows": 290762,
                  "Plan Width": 0,
                  "Actual Startup Time": 0.038,
                  "Actual Total Time": 91.013,
                  "Actual Rows": 253466,
                  "Actual Loops": 5,
                  "Filter": "((kind_id > 1) AND (production_year > 1996))",
                  "Rows Removed by Filter": 252196
                }
              ]
            }
          ]
        }
      ]
    },
    "Planning Time": 0.148,
    "Triggers": [],
    "Execution Time": 125.21
  }
]