[
  {
    "Plan": {
      "Node Type": "Aggregate",
      "Strategy": "Plain",
      "Partial Mode": "Finalize",
      "Parallel Aware": false,
      "Startup Cost": 123172.93,
      "Total Cost": 123172.94,
      "Plan Rows": 1,
      "Plan Width": 8,
      "Actual Startup Time": 419.227,
      "Actual Total Time": 440.002,
      "Actual Rows": 1,
      "Actual Loops": 1,
      "Plans": [
        {
          "Node Type": "Gather",
          "Parent Relationship": "Outer",
          "Parallel Aware": false,
          "Startup Cost": 123172.61,
          "Total Cost": 123172.92,
          "Plan Rows": 3,
          "Plan Width": 8,
          "Actual Startup Time": 418.342,
          "Actual Total Time": 439.995,
          "Actual Rows": 4,
          "Actual Loops": 1,
          "Workers Planned": 3,
          "Workers Launched": 3,
          "Single Copy": false,
          "Plans": [
            {
              "Node Type": "Aggregate",
              "Strategy": "Plain",
              "Partial Mode": "Partial",
              "Parent Relationship": "Outer",
              "Parallel Aware": false,
              "Startup Cost": 122172.61,
              "Total Cost": 122172.62,
              "Plan Rows": 1,
              "Plan Width": 8,
              "Actual Startup Time": 411.1,
              "Actual Total Time": 411.105,
              "Actual Rows": 1,
              "Actual Loops": 4,
              "Plans": [
                {
                  "Node Type": "Hash Join",
                  "Parent Relationship": "Outer",
                  "Parallel Aware": true,
                  "Join Type": "Inner",
                  "Startup Cost": 77220.87,
                  "Total Cost": 121984.02,
                  "Plan Rows": 75436,
                  "Plan Width": 0,
                  "Actual Startup Time": 229.63,
                  "Actual Total Time": 409.955,
                  "Actual Rows": 24562,
                  "Actual Loops": 4,
                  "Inner Unique": false,
                  "Hash Cond": "(mk.movie_id = t.id)",
                  "Plans": [
                    {
                      "Node Type": "Seq Scan",
                      "Parent Relationship": "Outer",
                      "Parallel Aware": true,
                      "Relation Name": "movie_keyword",
                      "Alias": "mk",
                      "Startup Cost": 0.0,
                      "Total Cost": 39047.32,
                      "Plan Rows": 1459332,
                      "Plan Width": 4,
                      "Actual Startup Time": 0.025,
                      "Actual Total Time": 91.34,
                      "Actual Rows": 1130982,
                      "Actual Loops": 4
                    },
                    {
                      "Node Type": "Hash",
                      "Parent Relationship": "Inner",
                      "Parallel Aware": true,
                      "Startup Cost": 76693.85,
                      "Total Cost": 76693.85,
                      "Plan Rows": 42161,
                      "Plan Width": 8,
                      "Actual Startup Time": 227.281,
                      "Actual Total Time": 227.285,
                      "Actual Rows": 23439,
                      "Actual Loops": 4,
                      "Hash Buckets": 131072,
                      "Original Hash Buckets": 131072,
                      "Hash Batches": 1,
                      "Original Hash Batches": 1,
                      "Peak Memory Usage": 4768,
                      "Plans": [
                        {
                          "Node Type": "Hash Join",
                          "Parent Relationship": "Outer",
                          "Parallel Aware": true,
                          "Join Type": "Inner",
                          "Startup Cost": 46254.05,
                          "Total Cost": 76693.85,
                          "Plan Rows": 42161,
                          "Plan Width": 8,
                          "Actual Startup Time": 143.058,
                          "Actual Total Time": 220.371,
                          "Actual Rows": 23439,
                          "Actual Loops": 4,
                          "Inner Unique": true,
                          "Hash Cond": "(mc.movie_id = t.id)",
                          "Plans": [
                            {
                              "Node Type": "Seq Scan",
                              "Parent Relationship": "Outer",
                              "Parallel Aware": true,
                              "Relation Name": "movie_companies",
                              "Alias": "mc",
                              "Startup Cost": 0.0,
                              "Total Cost": 29310.68,
                              "Plan Rows": 430142,
                              "Plan Width": 4,
                              "Actual Startup Time": 30.219,
                              "Actual Total Time": 68.659,
                              "Actual Rows": 333721,
                              "Actual Loops": 4,
                              "Filter": "(company_type_id = 2)",
                              "Rows Removed by Filter": 318562
                            },
                            {
                              "Node Type": "Hash",
                              "Parent Relationship": "Inner",
                              "Parallel Aware": true,
                              "Startup Cost": 45479.59,
                              "Total Cost": 45479.59,
                              "Plan Rows": 61957,
                              "Plan Width": 4,
                              "Actual Startup Time": 111.389,
                              "Actual Total Time": 111.391,
                              "Actual Rows": 38466,
                              "Actual Loops": 4,
                              "Hash Buckets": 262144,
                              "Original Hash Buckets": 262144,
                              "Hash Batches": 1,
                              "Original Hash Batches": 1,
                              "Peak Memory Usage": 8160,
                              "Plans": [
                                {
                                  "Node Type": "Seq Scan",
                                  "Parent Relationship": "Outer",
                                  "Parallel Aware": true,
                                  "Relation Name": "title",
                                  "Alias": "t",
                                  "Startup Cost": 0.0,
                                  "Total Cost": 45479.59,
                                  "Plan Rows": 61957,
                                  "Plan Width": 4,
                                  "Actual Startup Time": 0.034,
                                  "Actual Total Time": 97.303,
                                  "Actual Rows": 38466,
                                  "Actual Loops": 4,
                                  "Filter": "((production_year < 1974) AND (kind_id = 7))",
                                  "Rows Removed by Filter": 593612
                                }
                              ]
                            }
                          ]
                        }
                      ]
                    }
                  ]
                }
              ]
            }
          ]
        }
      ]
    },
    "Planning Time": 1.469,
    "Triggers": [],
    "Execution Time": 440.079
  }
]