[
    {
        "Bao": {
            "Bao prediction": "NaN",
            "Bao recommended hint": "(no hint)"
        }
    },
    {
        "Plan": {
            "Node Type": "Aggregate",
            "Strategy": "Plain",
            "Partial Mode": "Finalize",
            "Parallel Aware": false,
            "Startup Cost": 25245.03,
            "Total Cost": 25245.04,
            "Plan Rows": 1,
            "Plan Width": 8,
            "Actual Startup Time": 71.676,
            "Actual Total Time": 75.727,
            "Actual Rows": 1,
            "Actual Loops": 1,
            "Output": [
                "count(*)"
            ],
            "Plans": [
                {
                    "Node Type": "Gather",
                    "Parent Relationship": "Outer",
                    "Parallel Aware": false,
                    "Startup Cost": 25244.71,
                    "Total Cost": 25245.02,
                    "Plan Rows": 3,
                    "Plan Width": 8,
                    "Actual Startup Time": 71.385,
                    "Actual Total Time": 75.721,
                    "Actual Rows": 4,
                    "Actual Loops": 1,
                    "Output": [
                        "(PARTIAL count(*))"
                    ],
                    "Workers Planned": 3,
                    "Workers Launched": 3,
                    "Single Copy": false,
                    "Plans": [
                        {
                            "Node Type": "Aggregate",
                            "Strategy": "Plain",
                            "Partial Mode": "Partial",
                            "Parent Relationship": "Outer",
                            "Parallel Aware": false,
                            "Startup Cost": 24244.71,
                            "Total Cost": 24244.72,
                            "Plan Rows": 1,
                            "Plan Width": 8,
                            "Actual Startup Time": 62.623,
                            "Actual Total Time": 62.625,
                            "Actual Rows": 1,
                            "Actual Loops": 4,
                            "Output": [
                                "PARTIAL count(*)"
                            ],
                            "Workers": [
                                {
                                    "Worker Number": 0,
                                    "Actual Startup Time": 59.625,
                                    "Actual Total Time": 59.627,
                                    "Actual Rows": 1,
                                    "Actual Loops": 1
                                },
                                {
                                    "Worker Number": 1,
                                    "Actual Startup Time": 59.934,
                                    "Actual Total Time": 59.936,
                                    "Actual Rows": 1,
                                    "Actual Loops": 1
                                },
                                {
                                    "Worker Number": 2,
                                    "Actual Startup Time": 59.937,
                                    "Actual Total Time": 59.938,
                                    "Actual Rows": 1,
                                    "Actual Loops": 1
                                }
                            ],
                            "Plans": [
                                {
                                    "Node Type": "Bitmap Heap Scan",
                                    "Parent Relationship": "Outer",
                                    "Parallel Aware": true,
                                    "Relation Name": "movie_companies",
                                    "Schema": "public",
                                    "Alias": "mc",
                                    "Startup Cost": 4459.09,
                                    "Total Cost": 24078.77,
                                    "Plan Rows": 66375,
                                    "Plan Width": 0,
                                    "Actual Startup Time": 19.774,
                                    "Actual Total Time": 58.539,
                                    "Actual Rows": 51743,
                                    "Actual Loops": 4,
                                    "Recheck Cond": "(mc.company_id < 68)",
                                    "Rows Removed by Index Recheck": 0,
                                    "Exact Heap Blocks": 10239,
                                    "Lossy Heap Blocks": 0,
                                    "Workers": [
                                        {
                                            "Worker Number": 0,
                                            "Actual Startup Time": 16.828,
                                            "Actual Total Time": 56.188,
                                            "Actual Rows": 22833,
                                            "Actual Loops": 1
                                        },
                                        {
                                            "Worker Number": 1,
                                            "Actual Startup Time": 17.29,
                                            "Actual Total Time": 56.523,
                                            "Actual Rows": 24839,
                                            "Actual Loops": 1
                                        },
                                        {
                                            "Worker Number": 2,
                                            "Actual Startup Time": 17.086,
                                            "Actual Total Time": 56.536,
                                            "Actual Rows": 24365,
                                            "Actual Loops": 1
                                        }
                                    ],
                                    "Plans": [
                                        {
                                            "Node Type": "Bitmap Index Scan",
                                            "Parent Relationship": "Outer",
                                            "Parallel Aware": false,
                                            "Index Name": "company_id_movie_companies",
                                            "Startup Cost": 0.0,
                                            "Total Cost": 4407.65,
                                            "Plan Rows": 205762,
                                            "Plan Width": 0,
                                            "Actual Startup Time": 23.428,
                                            "Actual Total Time": 23.428,
                                            "Actual Rows": 206972,
                                            "Actual Loops": 1,
                                            "Index Cond": "(mc.company_id < 68)"
                                        }
                                    ]
                                }
                            ]
                        }
                    ]
                }
            ]
        },
        "Planning Time": 218.061,
        "Triggers": [],
        "Execution Time": 75.813
    }
]