[
  {
    "Plan": {
      "Node Type": "Aggregate",
      "Strategy": "Plain",
      "Partial Mode": "Finalize",
      "Parallel Aware": false,
      "Startup Cost": 351422.65,
      "Total Cost": 351422.66,
      "Plan Rows": 1,
      "Plan Width": 8,
      "Actual Startup Time": 816.951,
      "Actual Total Time": 871.088,
      "Actual Rows": 1,
      "Actual Loops": 1,
      "Plans": [
        {
          "Node Type": "Gather",
          "Parent Relationship": "Outer",
          "Parallel Aware": false,
          "Startup Cost": 351422.03,
          "Total Cost": 351422.64,
          "Plan Rows": 6,
          "Plan Width": 8,
          "Actual Startup Time": 816.71,
          "Actual Total Time": 871.077,
          "Actual Rows": 7,
          "Actual Loops": 1,
          "Workers Planned": 6,
          "Workers Launched": 6,
          "Single Copy": false,
          "Plans": [
            {
              "Node Type": "Aggregate",
              "Strategy": "Plain",
              "Partial Mode": "Partial",
              "Parent Relationship": "Outer",
              "Parallel Aware": false,
              "Startup Cost": 350422.03,
              "Total Cost": 350422.04,
              "Plan Rows": 1,
              "Plan Width": 8,
              "Actual Startup Time": 807.809,
              "Actual Total Time": 807.81,
              "Actual Rows": 1,
              "Actual Loops": 7,
              "Plans": [
                {
                  "Node Type": "Seq Scan",
                  "Parent Relationship": "Outer",
                  "Parallel Aware": true,
                  "Relation Name": "cast_info",
                  "Alias": "ci",
                  "Startup Cost": 0.0,
                  "Total Cost": 343257.03,
                  "Plan Rows": 2865999,
                  "Plan Width": 0,
                  "Actual Startup Time": 215.269,
                  "Actual Total Time": 685.901,
                  "Actual Rows": 2964710,
                  "Actual Loops": 7,
                  "Filter": "((person_id > 989559) AND (role_id > 1))",
                  "Rows Removed by Filter": 2213053
                }
              ]
            }
          ]
        }
      ]
    },
    "Planning Time": 0.22,
    "Triggers": [],
    "Execution Time": 871.161
  }
]