{
  "Plan": {
    "Node Type": "Aggregate",
    "Strategy": "Plain",
    "Partial Mode": "Finalize",
    "Parallel Aware": false,
    "Startup Cost": 881574.84,
    "Total Cost": 881574.85,
    "Plan Rows": 1,
    "Plan Width": 8,
    "Actual Startup Time": 2911.458,
    "Actual Total Time": 2999.636,
    "Actual Rows": 1,
    "Actual Loops": 1,
    "Plans": [
      {
        "Node Type": "Gather",
        "Parent Relationship": "Outer",
        "Parallel Aware": false,
        "Startup Cost": 881574.73,
        "Total Cost": 881574.84,
        "Plan Rows": 1,
        "Plan Width": 8,
        "Actual Startup Time": 2911.079,
        "Actual Total Time": 2999.625,
        "Actual Rows": 2,
        "Actual Loops": 1,
        "Workers Planned": 1,
        "Workers Launched": 1,
        "Single Copy": false,
        "Plans": [
          {
            "Node Type": "Aggregate",
            "Strategy": "Plain",
            "Partial Mode": "Partial",
            "Parent Relationship": "Outer",
            "Parallel Aware": false,
            "Startup Cost": 880574.73,
            "Total Cost": 880574.74,
            "Plan Rows": 1,
            "Plan Width": 8,
            "Actual Startup Time": 2904.708,
            "Actual Total Time": 2904.714,
            "Actual Rows": 1,
            "Actual Loops": 2,
            "Plans": [
              {
                "Node Type": "Nested Loop",
                "Parent Relationship": "Outer",
                "Parallel Aware": false,
                "Join Type": "Inner",
                "Startup Cost": 58765.63,
                "Total Cost": 878667.67,
                "Plan Rows": 762824,
                "Plan Width": 0,
                "Actual Startup Time": 745.3,
                "Actual Total Time": 2869.086,
                "Actual Rows": 850975,
                "Actual Loops": 2,
                "Inner Unique": false,
                "Join Filter": "(t.id = mi.movie_id)",
                "Rows Removed by Join Filter": 0,
                "Plans": [
                  {
                    "Node Type": "Hash Join",
                    "Parent Relationship": "Outer",
                    "Parallel Aware": true,
                    "Join Type": "Inner",
                    "Startup Cost": 58765.19,
                    "Total Cost": 644989.29,
                    "Plan Rows": 130458,
                    "Plan Width": 8,
                    "Actual Startup Time": 745.209,
                    "Actual Total Time": 2001.234,
                    "Actual Rows": 47438,
                    "Actual Loops": 2,
                    "Inner Unique": true,
                    "Hash Cond": "(ci.movie_id = t.id)",
                    "Plans": [
                      {
                        "Node Type": "Seq Scan",
                        "Parent Relationship": "Outer",
                        "Parallel Aware": true,
                        "Relation Name": "cast_info",
                        "Alias": "ci",
                        "Startup Cost": 0.0,
                        "Total Cost": 572345.93,
                        "Plan Rows": 5286912,
                        "Plan Width": 4,
                        "Actual Startup Time": 583.145,
                        "Actual Total Time": 1537.635,
                        "Actual Rows": 2725138,
                        "Actual Loops": 2,
                        "Filter": "((person_id > 1993363) AND (role_id < 3))",
                        "Rows Removed by Filter": 15397034
                      },
                      {
                        "Node Type": "Hash",
                        "Parent Relationship": "Inner",
                        "Parallel Aware": true,
                        "Startup Cost": 58306.47,
                        "Total Cost": 58306.47,
                        "Plan Rows": 36698,
                        "Plan Width": 4,
                        "Actual Startup Time": 160.833,
                        "Actual Total Time": 160.834,
                        "Actual Rows": 26678,
                        "Actual Loops": 2,
                        "Hash Buckets": 65536,
                        "Original Hash Buckets": 65536,
                        "Hash Batches": 1,
                        "Original Hash Batches": 1,
                        "Peak Memory Usage": 2656,
                        "Plans": [
                          {
                            "Node Type": "Seq Scan",
                            "Parent Relationship": "Outer",
                            "Parallel Aware": true,
                            "Relation Name": "title",
                            "Alias": "t",
                            "Startup Cost": 0.0,
                            "Total Cost": 58306.47,
                            "Plan Rows": 36698,
                            "Plan Width": 4,
                            "Actual Startup Time": 0.116,
                            "Actual Total Time": 151.946,
                            "Actual Rows": 26678,
                            "Actual Loops": 2,
                            "Filter": "((kind_id < 6) AND (production_year = 2011))",
                            "Rows Removed by Filter": 1237478
                          }
                        ]
                      }
                    ]
                  },
                  {
                    "Node Type": "Index Only Scan",
                    "Parent Relationship": "Inner",
                    "Parallel Aware": false,
                    "Scan Direction": "Forward",
                    "Index Name": "movie_id_movie_info",
                    "Relation Name": "movie_info",
                    "Alias": "mi",
                    "Startup Cost": 0.43,
                    "Total Cost": 1.27,
                    "Plan Rows": 42,
                    "Plan Width": 4,
                    "Actual Startup Time": 0.006,
                    "Actual Total Time": 0.017,
                    "Actual Rows": 18,
                    "Actual Loops": 94876,
                    "Index Cond": "(movie_id = ci.movie_id)",
                    "Rows Removed by Index Recheck": 0,
                    "Heap Fetches": 1701950
                  }
                ]
              }
            ]
          }
        ]
      }
    ]
  },
  "Planning Time": 1.012,
  "Triggers": [],
  "Execution Time": 2999.748
}