{
  "Plan": {
    "Node Type": "Aggregate",
    "Strategy": "Plain",
    "Partial Mode": "Finalize",
    "Parallel Aware": false,
    "Startup Cost": 447582.06,
    "Total Cost": 447582.07,
    "Plan Rows": 1,
    "Plan Width": 8,
    "Actual Startup Time": 2388.909,
    "Actual Total Time": 2414.509,
    "Actual Rows": 1,
    "Actual Loops": 1,
    "Plans": [
      {
        "Node Type": "Gather",
        "Parent Relationship": "Outer",
        "Parallel Aware": false,
        "Startup Cost": 447581.94,
        "Total Cost": 447582.05,
        "Plan Rows": 1,
        "Plan Width": 8,
        "Actual Startup Time": 2388.432,
        "Actual Total Time": 2414.499,
        "Actual Rows": 2,
        "Actual Loops": 1,
        "Workers Planned": 1,
        "Workers Launched": 1,
        "Single Copy": false,
        "Plans": [
          {
            "Node Type": "Aggregate",
            "Strategy": "Plain",
            "Partial Mode": "Partial",
            "Parent Relationship": "Outer",
            "Parallel Aware": false,
            "Startup Cost": 446581.94,
            "Total Cost": 446581.95,
            "Plan Rows": 1,
            "Plan Width": 8,
            "Actual Startup Time": 2382.442,
            "Actual Total Time": 2382.445,
            "Actual Rows": 1,
            "Actual Loops": 2,
            "Plans": [
              {
                "Node Type": "Merge Join",
                "Parent Relationship": "Outer",
                "Parallel Aware": false,
                "Join Type": "Inner",
                "Startup Cost": 20.44,
                "Total Cost": 445296.73,
                "Plan Rows": 514086,
                "Plan Width": 0,
                "Actual Startup Time": 83.71,
                "Actual Total Time": 2372.092,
                "Actual Rows": 242962,
                "Actual Loops": 2,
                "Inner Unique": false,
                "Merge Cond": "(t.id = mc.movie_id)",
                "Plans": [
                  {
                    "Node Type": "Merge Join",
                    "Parent Relationship": "Outer",
                    "Parallel Aware": false,
                    "Join Type": "Inner",
                    "Startup Cost": 14.11,
                    "Total Cost": 292625.52,
                    "Plan Rows": 498158,
                    "Plan Width": 8,
                    "Actual Startup Time": 53.583,
                    "Actual Total Time": 1987.082,
                    "Actual Rows": 109424,
                    "Actual Loops": 2,
                    "Inner Unique": true,
                    "Merge Cond": "(mk.movie_id = t.id)",
                    "Plans": [
                      {
                        "Node Type": "Index Scan",
                        "Parent Relationship": "Outer",
                        "Parallel Aware": true,
                        "Scan Direction": "Forward",
                        "Index Name": "movie_id_movie_keyword",
                        "Relation Name": "movie_keyword",
                        "Alias": "mk",
                        "Startup Cost": 0.43,
                        "Total Cost": 165212.95,
                        "Plan Rows": 819519,
                        "Plan Width": 4,
                        "Actual Startup Time": 7.57,
                        "Actual Total Time": 370.946,
                        "Actual Rows": 698848,
                        "Actual Loops": 2,
                        "Filter": "(keyword_id > 11985)",
                        "Rows Removed by Filter": 1563116
                      },
                      {
                        "Node Type": "Index Scan",
                        "Parent Relationship": "Inner",
                        "Parallel Aware": false,
                        "Scan Direction": "Forward",
                        "Index Name": "title_pkey",
                        "Relation Name": "title",
                        "Alias": "t",
                        "Startup Cost": 0.43,
                        "Total Cost": 116660.7,
                        "Plan Rows": 1536865,
                        "Plan Width": 4,
                        "Actual Startup Time": 0.097,
                        "Actual Total Time": 1477.038,
                        "Actual Rows": 1542178,
                        "Actual Loops": 2,
                        "Filter": "(kind_id = 7)",
                        "Rows Removed by Filter": 983644
                      }
                    ]
                  },
                  {
                    "Node Type": "Index Only Scan",
                    "Parent Relationship": "Inner",
                    "Parallel Aware": false,
                    "Scan Direction": "Forward",
                    "Index Name": "movie_id_movie_companies",
                    "Relation Name": "movie_companies",
                    "Alias": "mc",
                    "Startup Cost": 0.43,
                    "Total Cost": 140059.44,
                    "Plan Rows": 2609129,
                    "Plan Width": 4,
                    "Actual Startup Time": 0.05,
                    "Actual Total Time": 306.144,
                    "Actual Rows": 1104725,
                    "Actual Loops": 2,
                    "Heap Fetches": 2209450
                  }
                ]
              }
            ]
          }
        ]
      }
    ]
  },
  "Planning Time": 1.02,
  "Triggers": [],
  "Execution Time": 2414.598
}