[
  {
    "Plan": {
      "Node Type": "Aggregate",
      "Strategy": "Plain",
      "Partial Mode": "Finalize",
      "Parallel Aware": false,
      "Startup Cost": 33165.62,
      "Total Cost": 33165.63,
      "Plan Rows": 1,
      "Plan Width": 8,
      "Actual Startup Time": 92.877,
      "Actual Total Time": 100.616,
      "Actual Rows": 1,
      "Actual Loops": 1,
      "Plans": [
        {
          "Node Type": "Gather",
          "Parent Relationship": "Outer",
          "Parallel Aware": false,
          "Startup Cost": 33165.3,
          "Total Cost": 33165.61,
          "Plan Rows": 3,
          "Plan Width": 8,
          "Actual Startup Time": 92.766,
          "Actual Total Time": 100.607,
          "Actual Rows": 4,
          "Actual Loops": 1,
          "Workers Planned": 3,
          "Workers Launched": 3,
          "Single Copy": false,
          "Plans": [
            {
              "Node Type": "Aggregate",
              "Strategy": "Plain",
              "Partial Mode": "Partial",
              "Parent Relationship": "Outer",
              "Parallel Aware": false,
              "Startup Cost": 32165.3,
              "Total Cost": 32165.31,
              "Plan Rows": 1,
              "Plan Width": 8,
              "Actual Startup Time": 85.117,
              "Actual Total Time": 85.118,
              "Actual Rows": 1,
              "Actual Loops": 4,
              "Plans": [
                {
                  "Node Type": "Seq Scan",
                  "Parent Relationship": "Outer",
                  "Parallel Aware": true,
                  "Relation Name": "movie_companies",
                  "Alias": "mc",
                  "Startup Cost": 0.0,
                  "Total Cost": 31414.82,
                  "Plan Rows": 300193,
                  "Plan Width": 0,
                  "Actual Startup Time": 47.24,
                  "Actual Total Time": 79.042,
                  "Actual Rows": 152690,
                  "Actual Loops": 4,
                  "Filter": "((company_id < 31524) AND (company_type_id = 2))",
                  "Rows Removed by Filter": 499592
                }
              ]
            }
          ]
        }
      ]
    },
    "Planning Time": 0.21,
    "Triggers": [],
    "Execution Time": 100.667
  }
]