{
  "Plan": {
    "Node Type": "Aggregate",
    "Strategy": "Plain",
    "Partial Mode": "Finalize",
    "Parallel Aware": false,
    "Startup Cost": 69238.36,
    "Total Cost": 69238.37,
    "Plan Rows": 1,
    "Plan Width": 8,
    "Actual Startup Time": 147.608,
    "Actual Total Time": 161.692,
    "Actual Rows": 1,
    "Actual Loops": 1,
    "Plans": [
      {
        "Node Type": "Gather",
        "Parent Relationship": "Outer",
        "Parallel Aware": false,
        "Startup Cost": 69238.25,
        "Total Cost": 69238.36,
        "Plan Rows": 1,
        "Plan Width": 8,
        "Actual Startup Time": 147.461,
        "Actual Total Time": 161.684,
        "Actual Rows": 2,
        "Actual Loops": 1,
        "Workers Planned": 1,
        "Workers Launched": 1,
        "Single Copy": false,
        "Plans": [
          {
            "Node Type": "Aggregate",
            "Strategy": "Plain",
            "Partial Mode": "Partial",
            "Parent Relationship": "Outer",
            "Parallel Aware": false,
            "Startup Cost": 68238.25,
            "Total Cost": 68238.26,
            "Plan Rows": 1,
            "Plan Width": 8,
            "Actual Startup Time": 141.159,
            "Actual Total Time": 141.16,
            "Actual Rows": 1,
            "Actual Loops": 2,
            "Plans": [
              {
                "Node Type": "Nested Loop",
                "Parent Relationship": "Outer",
                "Parallel Aware": false,
                "Join Type": "Inner",
                "Startup Cost": 0.87,
                "Total Cost": 68210.4,
                "Plan Rows": 11141,
                "Plan Width": 0,
                "Actual Startup Time": 92.08,
                "Actual Total Time": 141.041,
                "Actual Rows": 2016,
                "Actual Loops": 2,
                "Inner Unique": false,
                "Join Filter": "(t.id = mi.movie_id)",
                "Rows Removed by Join Filter": 0,
                "Plans": [
                  {
                    "Node Type": "Nested Loop",
                    "Parent Relationship": "Outer",
                    "Parallel Aware": false,
                    "Join Type": "Inner",
                    "Startup Cost": 0.43,
                    "Total Cost": 64617.28,
                    "Plan Rows": 1905,
                    "Plan Width": 8,
                    "Actual Startup Time": 92.026,
                    "Actual Total Time": 137.238,
                    "Actual Rows": 200,
                    "Actual Loops": 2,
                    "Inner Unique": false,
                    "Plans": [
                      {
                        "Node Type": "Seq Scan",
                        "Parent Relationship": "Outer",
                        "Parallel Aware": true,
                        "Relation Name": "title",
                        "Alias": "t",
                        "Startup Cost": 0.0,
                        "Total Cost": 54588.39,
                        "Plan Rows": 1065,
                        "Plan Width": 4,
                        "Actual Startup Time": 73.735,
                        "Actual Total Time": 131.798,
                        "Actual Rows": 908,
                        "Actual Loops": 2,
                        "Filter": "(production_year = 1900)",
                        "Rows Removed by Filter": 1263248
                      },
                      {
                        "Node Type": "Index Only Scan",
                        "Parent Relationship": "Inner",
                        "Parallel Aware": false,
                        "Scan Direction": "Forward",
                        "Index Name": "movie_id_movie_keyword",
                        "Relation Name": "movie_keyword",
                        "Alias": "mk",
                        "Startup Cost": 0.43,
                        "Total Cost": 8.97,
                        "Plan Rows": 45,
                        "Plan Width": 4,
                        "Actual Startup Time": 0.006,
                        "Actual Total Time": 0.006,
                        "Actual Rows": 0,
                        "Actual Loops": 1816,
                        "Index Cond": "(movie_id = t.id)",
                        "Rows Removed by Index Recheck": 0,
                        "Heap Fetches": 401
                      }
                    ]
                  },
                  {
                    "Node Type": "Index Only Scan",
                    "Parent Relationship": "Inner",
                    "Parallel Aware": false,
                    "Scan Direction": "Forward",
                    "Index Name": "movie_id_movie_info",
                    "Relation Name": "movie_info",
                    "Alias": "mi",
                    "Startup Cost": 0.43,
                    "Total Cost": 1.36,
                    "Plan Rows": 42,
                    "Plan Width": 4,
                    "Actual Startup Time": 0.006,
                    "Actual Total Time": 0.018,
                    "Actual Rows": 10,
                    "Actual Loops": 401,
                    "Index Cond": "(movie_id = mk.movie_id)",
                    "Rows Removed by Index Recheck": 0,
                    "Heap Fetches": 4033
                  }
                ]
              }
            ]
          }
        ]
      }
    ]
  },
  "Planning Time": 0.782,
  "Triggers": [],
  "Execution Time": 161.77
}