{
  "Plan": {
    "Node Type": "Aggregate",
    "Strategy": "Plain",
    "Partial Mode": "Finalize",
    "Parallel Aware": false,
    "Startup Cost": 885393.35,
    "Total Cost": 885393.36,
    "Plan Rows": 1,
    "Plan Width": 8,
    "Actual Startup Time": 8329.735,
    "Actual Total Time": 8407.849,
    "Actual Rows": 1,
    "Actual Loops": 1,
    "Plans": [
      {
        "Node Type": "Gather",
        "Parent Relationship": "Outer",
        "Parallel Aware": false,
        "Startup Cost": 885393.23,
        "Total Cost": 885393.34,
        "Plan Rows": 1,
        "Plan Width": 8,
        "Actual Startup Time": 8313.657,
        "Actual Total Time": 8407.842,
        "Actual Rows": 2,
        "Actual Loops": 1,
        "Workers Planned": 1,
        "Workers Launched": 1,
        "Single Copy": false,
        "Plans": [
          {
            "Node Type": "Aggregate",
            "Strategy": "Plain",
            "Partial Mode": "Partial",
            "Parent Relationship": "Outer",
            "Parallel Aware": false,
            "Startup Cost": 884393.23,
            "Total Cost": 884393.24,
            "Plan Rows": 1,
            "Plan Width": 8,
            "Actual Startup Time": 8284.792,
            "Actual Total Time": 8284.799,
            "Actual Rows": 1,
            "Actual Loops": 2,
            "Plans": [
              {
                "Node Type": "Hash Join",
                "Parent Relationship": "Outer",
                "Parallel Aware": true,
                "Join Type": "Inner",
                "Startup Cost": 728584.58,
                "Total Cost": 861808.6,
                "Plan Rows": 9033855,
                "Plan Width": 0,
                "Actual Startup Time": 6172.479,
                "Actual Total Time": 7701.512,
                "Actual Rows": 14572093,
                "Actual Loops": 2,
                "Inner Unique": false,
                "Hash Cond": "(mk.movie_id = t.id)",
                "Plans": [
                  {
                    "Node Type": "Seq Scan",
                    "Parent Relationship": "Outer",
                    "Parallel Aware": true,
                    "Relation Name": "movie_keyword",
                    "Alias": "mk",
                    "Startup Cost": 0.0,
                    "Total Cost": 57718.19,
                    "Plan Rows": 2556058,
                    "Plan Width": 4,
                    "Actual Startup Time": 0.018,
                    "Actual Total Time": 199.766,
                    "Actual Rows": 2176402,
                    "Actual Loops": 2,
                    "Filter": "(keyword_id < 72106)",
                    "Rows Removed by Filter": 85564
                  },
                  {
                    "Node Type": "Hash",
                    "Parent Relationship": "Inner",
                    "Parallel Aware": true,
                    "Startup Cost": 662880.72,
                    "Total Cost": 662880.72,
                    "Plan Rows": 5256309,
                    "Plan Width": 8,
                    "Actual Startup Time": 6117.1,
                    "Actual Total Time": 6117.105,
                    "Actual Rows": 4571080,
                    "Actual Loops": 2,
                    "Hash Buckets": 16777216,
                    "Original Hash Buckets": 16777216,
                    "Hash Batches": 1,
                    "Original Hash Batches": 1,
                    "Peak Memory Usage": 488736,
                    "Plans": [
                      {
                        "Node Type": "Hash Join",
                        "Parent Relationship": "Outer",
                        "Parallel Aware": true,
                        "Join Type": "Inner",
                        "Startup Cost": 64405.08,
                        "Total Cost": 662880.72,
                        "Plan Rows": 5256309,
                        "Plan Width": 8,
                        "Actual Startup Time": 786.236,
                        "Actual Total Time": 4615.265,
                        "Actual Rows": 4571080,
                        "Actual Loops": 2,
                        "Inner Unique": true,
                        "Hash Cond": "(ci.movie_id = t.id)",
                        "Plans": [
                          {
                            "Node Type": "Seq Scan",
                            "Parent Relationship": "Outer",
                            "Parallel Aware": true,
                            "Relation Name": "cast_info",
                            "Alias": "ci",
                            "Startup Cost": 0.0,
                            "Total Cost": 572345.93,
                            "Plan Rows": 9954158,
                            "Plan Width": 4,
                            "Actual Startup Time": 454.992,
                            "Actual Total Time": 1712.072,
                            "Actual Rows": 7750238,
                            "Actual Loops": 2,
                            "Filter": "((person_id > 1663458) AND (role_id < 10))",
                            "Rows Removed by Filter": 10371934
                          },
                          {
                            "Node Type": "Hash",
                            "Parent Relationship": "Inner",
                            "Parallel Aware": true,
                            "Startup Cost": 54588.39,
                            "Total Cost": 54588.39,
                            "Plan Rows": 785335,
                            "Plan Width": 4,
                            "Actual Startup Time": 325.955,
                            "Actual Total Time": 325.956,
                            "Actual Rows": 661432,
                            "Actual Loops": 2,
                            "Hash Buckets": 2097152,
                            "Original Hash Buckets": 2097152,
                            "Hash Batches": 1,
                            "Original Hash Batches": 1,
                            "Peak Memory Usage": 68160,
                            "Plans": [
                              {
                                "Node Type": "Seq Scan",
                                "Parent Relationship": "Outer",
                                "Parallel Aware": true,
                                "Relation Name": "title",
                                "Alias": "t",
                                "Startup Cost": 0.0,
                                "Total Cost": 54588.39,
                                "Plan Rows": 785335,
                                "Plan Width": 4,
                                "Actual Startup Time": 0.04,
                                "Actual Total Time": 162.033,
                                "Actual Rows": 661432,
                                "Actual Loops": 2,
                                "Filter": "(production_year > 2001)",
                                "Rows Removed by Filter": 602724
                              }
                            ]
                          }
                        ]
                      }
                    ]
                  }
                ]
              }
            ]
          }
        ]
      }
    ]
  },
  "Planning Time": 0.976,
  "Triggers": [],
  "Execution Time": 8407.938
}