[
  {
    "Plan": {
      "Node Type": "Aggregate",
      "Strategy": "Plain",
      "Partial Mode": "Simple",
      "Parallel Aware": false,
      "Startup Cost": 2488.19,
      "Total Cost": 2488.2,
      "Plan Rows": 1,
      "Plan Width": 8,
      "Actual Startup Time": 6.513,
      "Actual Total Time": 6.515,
      "Actual Rows": 1,
      "Actual Loops": 1,
      "Plans": [
        {
          "Node Type": "Nested Loop",
          "Parent Relationship": "Outer",
          "Parallel Aware": false,
          "Join Type": "Inner",
          "Startup Cost": 0.86,
          "Total Cost": 2488.18,
          "Plan Rows": 4,
          "Plan Width": 0,
          "Actual Startup Time": 4.242,
          "Actual Total Time": 6.508,
          "Actual Rows": 1,
          "Actual Loops": 1,
          "Inner Unique": true,
          "Plans": [
            {
              "Node Type": "Index Scan",
              "Parent Relationship": "Outer",
              "Parallel Aware": false,
              "Scan Direction": "Forward",
              "Index Name": "company_id_movie_companies",
              "Relation Name": "movie_companies",
              "Alias": "mc",
              "Startup Cost": 0.43,
              "Total Cost": 970.73,
              "Plan Rows": 180,
              "Plan Width": 4,
              "Actual Startup Time": 0.02,
              "Actual Total Time": 1.347,
              "Actual Rows": 788,
              "Actual Loops": 1,
              "Index Cond": "(company_id < 2)",
              "Rows Removed by Index Recheck": 0,
              "Filter": "(company_type_id < 2)",
              "Rows Removed by Filter": 507
            },
            {
              "Node Type": "Index Scan",
              "Parent Relationship": "Inner",
              "Parallel Aware": false,
              "Scan Direction": "Forward",
              "Index Name": "title_pkey",
              "Relation Name": "title",
              "Alias": "t",
              "Startup Cost": 0.43,
              "Total Cost": 8.43,
              "Plan Rows": 1,
              "Plan Width": 4,
              "Actual Startup Time": 0.006,
              "Actual Total Time": 0.006,
              "Actual Rows": 0,
              "Actual Loops": 788,
              "Index Cond": "(id = mc.movie_id)",
              "Rows Removed by Index Recheck": 0,
              "Filter": "((production_year > 2002) AND (kind_id = 4))",
              "Rows Removed by Filter": 1
            }
          ]
        }
      ]
    },
    "Planning Time": 0.484,
    "Triggers": [],
    "Execution Time": 6.557
  }
]