[
  {
    "Plan": {
      "Node Type": "Aggregate",
      "Strategy": "Plain",
      "Partial Mode": "Finalize",
      "Parallel Aware": false,
      "Startup Cost": 398388.99,
      "Total Cost": 398389.0,
      "Plan Rows": 1,
      "Plan Width": 8,
      "Actual Startup Time": 1058.982,
      "Actual Total Time": 1122.744,
      "Actual Rows": 1,
      "Actual Loops": 1,
      "Plans": [
        {
          "Node Type": "Gather",
          "Parent Relationship": "Outer",
          "Parallel Aware": false,
          "Startup Cost": 398388.36,
          "Total Cost": 398388.97,
          "Plan Rows": 6,
          "Plan Width": 8,
          "Actual Startup Time": 1057.527,
          "Actual Total Time": 1122.733,
          "Actual Rows": 7,
          "Actual Loops": 1,
          "Workers Planned": 6,
          "Workers Launched": 6,
          "Single Copy": false,
          "Plans": [
            {
              "Node Type": "Aggregate",
              "Strategy": "Plain",
              "Partial Mode": "Partial",
              "Parent Relationship": "Outer",
              "Parallel Aware": false,
              "Startup Cost": 397388.36,
              "Total Cost": 397388.37,
              "Plan Rows": 1,
              "Plan Width": 8,
              "Actual Startup Time": 1046.933,
              "Actual Total Time": 1046.936,
              "Actual Rows": 1,
              "Actual Loops": 7,
              "Plans": [
                {
                  "Node Type": "Hash Join",
                  "Parent Relationship": "Outer",
                  "Parallel Aware": true,
                  "Join Type": "Inner",
                  "Startup Cost": 46124.09,
                  "Total Cost": 396810.73,
                  "Plan Rows": 231052,
                  "Plan Width": 0,
                  "Actual Startup Time": 304.8,
                  "Actual Total Time": 1038.744,
                  "Actual Rows": 157009,
                  "Actual Loops": 7,
                  "Inner Unique": true,
                  "Hash Cond": "(ci.movie_id = t.id)",
                  "Plans": [
                    {
                      "Node Type": "Seq Scan",
                      "Parent Relationship": "Outer",
                      "Parallel Aware": true,
                      "Relation Name": "cast_info",
                      "Alias": "ci",
                      "Startup Cost": 0.0,
                      "Total Cost": 343257.03,
                      "Plan Rows": 2830325,
                      "Plan Width": 4,
                      "Actual Startup Time": 218.029,
                      "Actual Total Time": 670.738,
                      "Actual Rows": 1906602,
                      "Actual Loops": 7,
                      "Filter": "((person_id < 2691406) AND (role_id > 1))",
                      "Rows Removed by Filter": 3271162
                    },
                    {
                      "Node Type": "Hash",
                      "Parent Relationship": "Inner",
                      "Parallel Aware": true,
                      "Startup Cost": 45479.1,
                      "Total Cost": 45479.1,
                      "Plan Rows": 51599,
                      "Plan Width": 4,
                      "Actual Startup Time": 84.755,
                      "Actual Total Time": 84.756,
                      "Actual Rows": 26056,
                      "Actual Loops": 7,
                      "Hash Buckets": 262144,
                      "Original Hash Buckets": 262144,
                      "Hash Batches": 1,
                      "Original Hash Batches": 1,
                      "Peak Memory Usage": 9312,
                      "Plans": [
                        {
                          "Node Type": "Seq Scan",
                          "Parent Relationship": "Outer",
                          "Parallel Aware": true,
                          "Relation Name": "title",
                          "Alias": "t",
                          "Startup Cost": 0.0,
                          "Total Cost": 45479.1,
                          "Plan Rows": 51599,
                          "Plan Width": 4,
                          "Actual Startup Time": 42.452,
                          "Actual Total Time": 75.622,
                          "Actual Rows": 26056,
                          "Actual Loops": 7,
                          "Filter": "((production_year > 2007) AND (kind_id = 1))",
                          "Rows Removed by Filter": 335131
                        }
                      ]
                    }
                  ]
                }
              ]
            }
          ]
        }
      ]
    },
    "Planning Time": 0.631,
    "Triggers": [],
    "Execution Time": 1122.843
  }
]