[
    {
        "Bao": {
            "Bao prediction": 509.604,
            "Bao recommended hint": "(no hint)"
        }
    },
    {
        "Plan": {
            "Node Type": "Aggregate",
            "Strategy": "Plain",
            "Partial Mode": "Finalize",
            "Parallel Aware": false,
            "Startup Cost": 76689.21,
            "Total Cost": 76689.22,
            "Plan Rows": 1,
            "Plan Width": 8,
            "Actual Startup Time": 189.537,
            "Actual Total Time": 198.568,
            "Actual Rows": 1,
            "Actual Loops": 1,
            "Output": [
                "count(*)"
            ],
            "Plans": [
                {
                    "Node Type": "Gather",
                    "Parent Relationship": "Outer",
                    "Parallel Aware": false,
                    "Startup Cost": 76688.89,
                    "Total Cost": 76689.2,
                    "Plan Rows": 3,
                    "Plan Width": 8,
                    "Actual Startup Time": 189.076,
                    "Actual Total Time": 198.56,
                    "Actual Rows": 4,
                    "Actual Loops": 1,
                    "Output": [
                        "(PARTIAL count(*))"
                    ],
                    "Workers Planned": 3,
                    "Workers Launched": 3,
                    "Single Copy": false,
                    "Plans": [
                        {
                            "Node Type": "Aggregate",
                            "Strategy": "Plain",
                            "Partial Mode": "Partial",
                            "Parent Relationship": "Outer",
                            "Parallel Aware": false,
                            "Startup Cost": 75688.89,
                            "Total Cost": 75688.9,
                            "Plan Rows": 1,
                            "Plan Width": 8,
                            "Actual Startup Time": 180.781,
                            "Actual Total Time": 180.785,
                            "Actual Rows": 1,
                            "Actual Loops": 4,
                            "Output": [
                                "PARTIAL count(*)"
                            ],
                            "Workers": [
                                {
                                    "Worker Number": 0,
                                    "Actual Startup Time": 178.13,
                                    "Actual Total Time": 178.134,
                                    "Actual Rows": 1,
                                    "Actual Loops": 1
                                },
                                {
                                    "Worker Number": 1,
                                    "Actual Startup Time": 178.277,
                                    "Actual Total Time": 178.28,
                                    "Actual Rows": 1,
                                    "Actual Loops": 1
                                },
                                {
                                    "Worker Number": 2,
                                    "Actual Startup Time": 178.326,
                                    "Actual Total Time": 178.329,
                                    "Actual Rows": 1,
                                    "Actual Loops": 1
                                }
                            ],
                            "Plans": [
                                {
                                    "Node Type": "Hash Join",
                                    "Parent Relationship": "Outer",
                                    "Parallel Aware": true,
                                    "Join Type": "Inner",
                                    "Startup Cost": 54691.37,
                                    "Total Cost": 75685.23,
                                    "Plan Rows": 1463,
                                    "Plan Width": 0,
                                    "Actual Startup Time": 125.296,
                                    "Actual Total Time": 180.66,
                                    "Actual Rows": 902,
                                    "Actual Loops": 4,
                                    "Inner Unique": true,
                                    "Hash Cond": "(mc.movie_id = t.id)",
                                    "Workers": [
                                        {
                                            "Worker Number": 0,
                                            "Actual Startup Time": 122.692,
                                            "Actual Total Time": 178.001,
                                            "Actual Rows": 754,
                                            "Actual Loops": 1
                                        },
                                        {
                                            "Worker Number": 1,
                                            "Actual Startup Time": 122.991,
                                            "Actual Total Time": 178.149,
                                            "Actual Rows": 782,
                                            "Actual Loops": 1
                                        },
                                        {
                                            "Worker Number": 2,
                                            "Actual Startup Time": 122.873,
                                            "Actual Total Time": 178.201,
                                            "Actual Rows": 710,
                                            "Actual Loops": 1
                                        }
                                    ],
                                    "Plans": [
                                        {
                                            "Node Type": "Bitmap Heap Scan",
                                            "Parent Relationship": "Outer",
                                            "Parallel Aware": true,
                                            "Relation Name": "movie_companies",
                                            "Schema": "public",
                                            "Alias": "mc",
                                            "Startup Cost": 9037.95,
                                            "Total Cost": 29857.7,
                                            "Plan Rows": 66328,
                                            "Plan Width": 4,
                                            "Actual Startup Time": 19.309,
                                            "Actual Total Time": 62.134,
                                            "Actual Rows": 79258,
                                            "Actual Loops": 4,
                                            "Output": [
                                                "mc.id",
                                                "mc.movie_id",
                                                "mc.company_id",
                                                "mc.company_type_id",
                                                "mc.note"
                                            ],
                                            "Recheck Cond": "(mc.company_id < 284)",
                                            "Rows Removed by Index Recheck": 0,
                                            "Filter": "(mc.company_type_id < 2)",
                                            "Rows Removed by Filter": 24274,
                                            "Exact Heap Blocks": 7280,
                                            "Lossy Heap Blocks": 0,
                                            "Workers": [
                                                {
                                                    "Worker Number": 0,
                                                    "Actual Startup Time": 19.344,
                                                    "Actual Total Time": 62.558,
                                                    "Actual Rows": 68046,
                                                    "Actual Loops": 1
                                                },
                                                {
                                                    "Worker Number": 1,
                                                    "Actual Startup Time": 19.365,
                                                    "Actual Total Time": 62.366,
                                                    "Actual Rows": 68161,
                                                    "Actual Loops": 1
                                                },
                                                {
                                                    "Worker Number": 2,
                                                    "Actual Startup Time": 19.336,
                                                    "Actual Total Time": 62.456,
                                                    "Actual Rows": 67578,
                                                    "Actual Loops": 1
                                                }
                                            ],
                                            "Plans": [
                                                {
                                                    "Node Type": "Bitmap Index Scan",
                                                    "Parent Relationship": "Outer",
                                                    "Parallel Aware": false,
                                                    "Index Name": "company_id_movie_companies",
                                                    "Startup Cost": 0.0,
                                                    "Total Cost": 8986.55,
                                                    "Plan Rows": 419482,
                                                    "Plan Width": 0,
                                                    "Actual Startup Time": 16.537,
                                                    "Actual Total Time": 16.538,
                                                    "Actual Rows": 414124,
                                                    "Actual Loops": 1,
                                                    "Index Cond": "(mc.company_id < 284)"
                                                }
                                            ]
                                        },
                                        {
                                            "Node Type": "Hash",
                                            "Parent Relationship": "Inner",
                                            "Parallel Aware": true,
                                            "Startup Cost": 45479.21,
                                            "Total Cost": 45479.21,
                                            "Plan Rows": 13937,
                                            "Plan Width": 4,
                                            "Actual Startup Time": 104.61,
                                            "Actual Total Time": 104.611,
                                            "Actual Rows": 12269,
                                            "Actual Loops": 4,
                                            "Output": [
                                                "t.id"
                                            ],
                                            "Hash Buckets": 65536,
                                            "Original Hash Buckets": 65536,
                                            "Hash Batches": 1,
                                            "Original Hash Batches": 1,
                                            "Peak Memory Usage": 2496,
                                            "Workers": [
                                                {
                                                    "Worker Number": 0,
                                                    "Actual Startup Time": 102.806,
                                                    "Actual Total Time": 102.807,
                                                    "Actual Rows": 10117,
                                                    "Actual Loops": 1
                                                },
                                                {
                                                    "Worker Number": 1,
                                                    "Actual Startup Time": 102.902,
                                                    "Actual Total Time": 102.903,
                                                    "Actual Rows": 10223,
                                                    "Actual Loops": 1
                                                },
                                                {
                                                    "Worker Number": 2,
                                                    "Actual Startup Time": 102.894,
                                                    "Actual Total Time": 102.895,
                                                    "Actual Rows": 10143,
                                                    "Actual Loops": 1
                                                }
                                            ],
                                            "Plans": [
                                                {
                                                    "Node Type": "Seq Scan",
                                                    "Parent Relationship": "Outer",
                                                    "Parallel Aware": true,
                                                    "Relation Name": "title",
                                                    "Schema": "public",
                                                    "Alias": "t",
                                                    "Startup Cost": 0.0,
                                                    "Total Cost": 45479.21,
                                                    "Plan Rows": 13937,
                                                    "Plan Width": 4,
                                                    "Actual Startup Time": 0.196,
                                                    "Actual Total Time": 99.376,
                                                    "Actual Rows": 12269,
                                                    "Actual Loops": 4,
                                                    "Output": [
                                                        "t.id"
                                                    ],
                                                    "Filter": "((t.kind_id < 7) AND (t.production_year = 2010))",
                                                    "Rows Removed by Filter": 619809,
                                                    "Workers": [
                                                        {
                                                            "Worker Number": 0,
                                                            "Actual Startup Time": 0.224,
                                                            "Actual Total Time": 97.931,
                                                            "Actual Rows": 10117,
                                                            "Actual Loops": 1
                                                        },
                                                        {
                                                            "Worker Number": 1,
                                                            "Actual Startup Time": 0.193,
                                                            "Actual Total Time": 98.058,
                                                            "Actual Rows": 10223,
                                                            "Actual Loops": 1
                                                        },
                                                        {
                                                            "Worker Number": 2,
                                                            "Actual Startup Time": 0.242,
                                                            "Actual Total Time": 97.702,
                                                            "Actual Rows": 10143,
                                                            "Actual Loops": 1
                                                        }
                                                    ]
                                                }
                                            ]
                                        }
                                    ]
                                }
                            ]
                        }
                    ]
                }
            ]
        },
        "Planning Time": 438.64,
        "Triggers": [],
        "Execution Time": 198.685
    }
]