[
  {
    "Plan": {
      "Node Type": "Aggregate",
      "Strategy": "Plain",
      "Partial Mode": "Finalize",
      "Parallel Aware": false,
      "Startup Cost": 257025.78,
      "Total Cost": 257025.79,
      "Plan Rows": 1,
      "Plan Width": 8,
      "Actual Startup Time": 342.06,
      "Actual Total Time": 358.76,
      "Actual Rows": 1,
      "Actual Loops": 1,
      "Plans": [
        {
          "Node Type": "Gather",
          "Parent Relationship": "Outer",
          "Parallel Aware": false,
          "Startup Cost": 257025.15,
          "Total Cost": 257025.76,
          "Plan Rows": 6,
          "Plan Width": 8,
          "Actual Startup Time": 341.97,
          "Actual Total Time": 358.753,
          "Actual Rows": 7,
          "Actual Loops": 1,
          "Workers Planned": 6,
          "Workers Launched": 6,
          "Single Copy": false,
          "Plans": [
            {
              "Node Type": "Aggregate",
              "Strategy": "Plain",
              "Partial Mode": "Partial",
              "Parent Relationship": "Outer",
              "Parallel Aware": false,
              "Startup Cost": 256025.15,
              "Total Cost": 256025.16,
              "Plan Rows": 1,
              "Plan Width": 8,
              "Actual Startup Time": 331.187,
              "Actual Total Time": 331.188,
              "Actual Rows": 1,
              "Actual Loops": 7,
              "Plans": [
                {
                  "Node Type": "Index Scan",
                  "Parent Relationship": "Outer",
                  "Parallel Aware": true,
                  "Scan Direction": "Forward",
                  "Index Name": "role_id_cast_info",
                  "Relation Name": "cast_info",
                  "Alias": "ci",
                  "Startup Cost": 0.56,
                  "Total Cost": 255086.64,
                  "Plan Rows": 375405,
                  "Plan Width": 0,
                  "Actual Startup Time": 0.16,
                  "Actual Total Time": 292.544,
                  "Actual Rows": 849095,
                  "Actual Loops": 7,
                  "Index Cond": "(role_id > 4)",
                  "Rows Removed by Index Recheck": 0,
                  "Filter": "(person_id > 2834972)",
                  "Rows Removed by Filter": 491576
                }
              ]
            }
          ]
        }
      ]
    },
    "Planning Time": 0.249,
    "Triggers": [],
    "Execution Time": 358.824
  }
]