[
  {
    "Plan": {
      "Node Type": "Aggregate",
      "Strategy": "Plain",
      "Partial Mode": "Finalize",
      "Parallel Aware": false,
      "Startup Cost": 126289.19,
      "Total Cost": 126289.2,
      "Plan Rows": 1,
      "Plan Width": 8,
      "Actual Startup Time": 1049.58,
      "Actual Total Time": 1067.859,
      "Actual Rows": 1,
      "Actual Loops": 1,
      "Plans": [
        {
          "Node Type": "Gather",
          "Parent Relationship": "Outer",
          "Parallel Aware": false,
          "Startup Cost": 126288.87,
          "Total Cost": 126289.18,
          "Plan Rows": 3,
          "Plan Width": 8,
          "Actual Startup Time": 1044.418,
          "Actual Total Time": 1067.848,
          "Actual Rows": 4,
          "Actual Loops": 1,
          "Workers Planned": 3,
          "Workers Launched": 3,
          "Single Copy": false,
          "Plans": [
            {
              "Node Type": "Aggregate",
              "Strategy": "Plain",
              "Partial Mode": "Partial",
              "Parent Relationship": "Outer",
              "Parallel Aware": false,
              "Startup Cost": 125288.87,
              "Total Cost": 125288.88,
              "Plan Rows": 1,
              "Plan Width": 8,
              "Actual Startup Time": 1039.371,
              "Actual Total Time": 1039.779,
              "Actual Rows": 1,
              "Actual Loops": 4,
              "Plans": [
                {
                  "Node Type": "Hash Join",
                  "Parent Relationship": "Outer",
                  "Parallel Aware": true,
                  "Join Type": "Inner",
                  "Startup Cost": 77360.63,
                  "Total Cost": 124891.05,
                  "Plan Rows": 159129,
                  "Plan Width": 0,
                  "Actual Startup Time": 431.052,
                  "Actual Total Time": 892.882,
                  "Actual Rows": 3009138,
                  "Actual Loops": 4,
                  "Inner Unique": false,
                  "Hash Cond": "(mk.movie_id = t.id)",
                  "Plans": [
                    {
                      "Node Type": "Seq Scan",
                      "Parent Relationship": "Outer",
                      "Parallel Aware": true,
                      "Relation Name": "movie_keyword",
                      "Alias": "mk",
                      "Startup Cost": 0.0,
                      "Total Cost": 42695.65,
                      "Plan Rows": 1152386,
                      "Plan Width": 4,
                      "Actual Startup Time": 0.068,
                      "Actual Total Time": 122.441,
                      "Actual Rows": 891490,
                      "Actual Loops": 4,
                      "Filter": "(keyword_id > 895)",
                      "Rows Removed by Filter": 239492
                    },
                    {
                      "Node Type": "Hash",
                      "Parent Relationship": "Inner",
                      "Parallel Aware": true,
                      "Startup Cost": 75952.8,
                      "Total Cost": 75952.8,
                      "Plan Rows": 112626,
                      "Plan Width": 8,
                      "Actual Startup Time": 429.41,
                      "Actual Total Time": 429.816,
                      "Actual Rows": 232059,
                      "Actual Loops": 4,
                      "Hash Buckets": 1048576,
                      "Original Hash Buckets": 524288,
                      "Hash Batches": 1,
                      "Original Hash Batches": 1,
                      "Peak Memory Usage": 48640,
                      "Plans": [
                        {
                          "Node Type": "Hash Join",
                          "Parent Relationship": "Outer",
                          "Parallel Aware": true,
                          "Join Type": "Inner",
                          "Startup Cost": 46536.91,
                          "Total Cost": 75952.8,
                          "Plan Rows": 112626,
                          "Plan Width": 8,
                          "Actual Startup Time": 134.888,
                          "Actual Total Time": 348.448,
                          "Actual Rows": 232059,
                          "Actual Loops": 4,
                          "Inner Unique": true,
                          "Hash Cond": "(mc.movie_id = t.id)",
                          "Plans": [
                            {
                              "Node Type": "Seq Scan",
                              "Parent Relationship": "Outer",
                              "Parallel Aware": true,
                              "Relation Name": "movie_companies",
                              "Alias": "mc",
                              "Startup Cost": 0.0,
                              "Total Cost": 27206.55,
                              "Plan Rows": 841655,
                              "Plan Width": 4,
                              "Actual Startup Time": 0.008,
                              "Actual Total Time": 66.066,
                              "Actual Rows": 652282,
                              "Actual Loops": 4
                            },
                            {
                              "Node Type": "Hash",
                              "Parent Relationship": "Inner",
                              "Parallel Aware": true,
                              "Startup Cost": 45479.59,
                              "Total Cost": 45479.59,
                              "Plan Rows": 84586,
                              "Plan Width": 4,
                              "Actual Startup Time": 133.905,
                              "Actual Total Time": 133.906,
                              "Actual Rows": 114350,
                              "Actual Loops": 4,
                              "Hash Buckets": 524288,
                              "Original Hash Buckets": 524288,
                              "Hash Batches": 1,
                              "Original Hash Batches": 1,
                              "Peak Memory Usage": 22048,
                              "Plans": [
                                {
                                  "Node Type": "Seq Scan",
                                  "Parent Relationship": "Outer",
                                  "Parallel Aware": true,
                                  "Relation Name": "title",
                                  "Alias": "t",
                                  "Startup Cost": 0.0,
                                  "Total Cost": 45479.59,
                                  "Plan Rows": 84586,
                                  "Plan Width": 4,
                                  "Actual Startup Time": 0.035,
                                  "Actual Total Time": 98.352,
                                  "Actual Rows": 114350,
                                  "Actual Loops": 4,
                                  "Filter": "((kind_id < 7) AND (production_year < 1997))",
                                  "Rows Removed by Filter": 517728
                                }
                              ]
                            }
                          ]
                        }
                      ]
                    }
                  ]
                }
              ]
            }
          ]
        }
      ]
    },
    "Planning Time": 0.453,
    "Triggers": [],
    "Execution Time": 1067.912
  }
]