[
  {
    "Plan": {
      "Node Type": "Aggregate",
      "Strategy": "Plain",
      "Partial Mode": "Finalize",
      "Parallel Aware": false,
      "Startup Cost": 399373.92,
      "Total Cost": 399373.93,
      "Plan Rows": 1,
      "Plan Width": 8,
      "Actual Startup Time": 1151.63,
      "Actual Total Time": 1204.112,
      "Actual Rows": 1,
      "Actual Loops": 1,
      "Plans": [
        {
          "Node Type": "Gather",
          "Parent Relationship": "Outer",
          "Parallel Aware": false,
          "Startup Cost": 399373.29,
          "Total Cost": 399373.9,
          "Plan Rows": 6,
          "Plan Width": 8,
          "Actual Startup Time": 1150.308,
          "Actual Total Time": 1204.098,
          "Actual Rows": 7,
          "Actual Loops": 1,
          "Workers Planned": 6,
          "Workers Launched": 6,
          "Single Copy": false,
          "Plans": [
            {
              "Node Type": "Aggregate",
              "Strategy": "Plain",
              "Partial Mode": "Partial",
              "Parent Relationship": "Outer",
              "Parallel Aware": false,
              "Startup Cost": 398373.29,
              "Total Cost": 398373.3,
              "Plan Rows": 1,
              "Plan Width": 8,
              "Actual Startup Time": 1139.405,
              "Actual Total Time": 1139.408,
              "Actual Rows": 1,
              "Actual Loops": 7,
              "Plans": [
                {
                  "Node Type": "Hash Join",
                  "Parent Relationship": "Outer",
                  "Parallel Aware": true,
                  "Join Type": "Inner",
                  "Startup Cost": 45912.59,
                  "Total Cost": 397919.7,
                  "Plan Rows": 181437,
                  "Plan Width": 0,
                  "Actual Startup Time": 311.348,
                  "Actual Total Time": 1129.546,
                  "Actual Rows": 204058,
                  "Actual Loops": 7,
                  "Inner Unique": true,
                  "Hash Cond": "(ci.movie_id = t.id)",
                  "Plans": [
                    {
                      "Node Type": "Seq Scan",
                      "Parent Relationship": "Outer",
                      "Parallel Aware": true,
                      "Relation Name": "cast_info",
                      "Alias": "ci",
                      "Startup Cost": 0.0,
                      "Total Cost": 343316.27,
                      "Plan Rows": 3310794,
                      "Plan Width": 4,
                      "Actual Startup Time": 215.14,
                      "Actual Total Time": 687.756,
                      "Actual Rows": 3136665,
                      "Actual Loops": 7,
                      "Filter": "((person_id > 566608) AND (role_id > 1))",
                      "Rows Removed by Filter": 2041099
                    },
                    {
                      "Node Type": "Hash",
                      "Parent Relationship": "Inner",
                      "Parallel Aware": true,
                      "Startup Cost": 45479.59,
                      "Total Cost": 45479.59,
                      "Plan Rows": 34640,
                      "Plan Width": 4,
                      "Actual Startup Time": 94.043,
                      "Actual Total Time": 94.044,
                      "Actual Rows": 18883,
                      "Actual Loops": 7,
                      "Hash Buckets": 262144,
                      "Original Hash Buckets": 262144,
                      "Hash Batches": 1,
                      "Original Hash Batches": 1,
                      "Peak Memory Usage": 7360,
                      "Plans": [
                        {
                          "Node Type": "Seq Scan",
                          "Parent Relationship": "Outer",
                          "Parallel Aware": true,
                          "Relation Name": "title",
                          "Alias": "t",
                          "Startup Cost": 0.0,
                          "Total Cost": 45479.59,
                          "Plan Rows": 34640,
                          "Plan Width": 4,
                          "Actual Startup Time": 46.714,
                          "Actual Total Time": 84.469,
                          "Actual Rows": 18883,
                          "Actual Loops": 7,
                          "Filter": "((production_year > 2009) AND (kind_id = 1))",
                          "Rows Removed by Filter": 342304
                        }
                      ]
                    }
                  ]
                }
              ]
            }
          ]
        }
      ]
    },
    "Planning Time": 0.672,
    "Triggers": [],
    "Execution Time": 1204.234
  }
]