[
  {
    "Plan": {
      "Node Type": "Aggregate",
      "Strategy": "Plain",
      "Partial Mode": "Finalize",
      "Parallel Aware": false,
      "Startup Cost": 392684.86,
      "Total Cost": 392684.87,
      "Plan Rows": 1,
      "Plan Width": 8,
      "Actual Startup Time": 1245.885,
      "Actual Total Time": 1280.933,
      "Actual Rows": 1,
      "Actual Loops": 1,
      "Plans": [
        {
          "Node Type": "Gather",
          "Parent Relationship": "Outer",
          "Parallel Aware": false,
          "Startup Cost": 392684.54,
          "Total Cost": 392684.85,
          "Plan Rows": 3,
          "Plan Width": 8,
          "Actual Startup Time": 1223.551,
          "Actual Total Time": 1280.923,
          "Actual Rows": 4,
          "Actual Loops": 1,
          "Workers Planned": 3,
          "Workers Launched": 3,
          "Single Copy": false,
          "Plans": [
            {
              "Node Type": "Aggregate",
              "Strategy": "Plain",
              "Partial Mode": "Partial",
              "Parent Relationship": "Outer",
              "Parallel Aware": false,
              "Startup Cost": 391684.54,
              "Total Cost": 391684.55,
              "Plan Rows": 1,
              "Plan Width": 8,
              "Actual Startup Time": 1213.327,
              "Actual Total Time": 1213.333,
              "Actual Rows": 1,
              "Actual Loops": 4,
              "Plans": [
                {
                  "Node Type": "Hash Join",
                  "Parent Relationship": "Outer",
                  "Parallel Aware": true,
                  "Join Type": "Inner",
                  "Startup Cost": 360238.99,
                  "Total Cost": 391034.86,
                  "Plan Rows": 259870,
                  "Plan Width": 0,
                  "Actual Startup Time": 884.986,
                  "Actual Total Time": 1179.564,
                  "Actual Rows": 879504,
                  "Actual Loops": 4,
                  "Inner Unique": false,
                  "Hash Cond": "(mc.movie_id = t.id)",
                  "Plans": [
                    {
                      "Node Type": "Seq Scan",
                      "Parent Relationship": "Outer",
                      "Parallel Aware": true,
                      "Relation Name": "movie_companies",
                      "Alias": "mc",
                      "Startup Cost": 0.0,
                      "Total Cost": 27206.55,
                      "Plan Rows": 841655,
                      "Plan Width": 4,
                      "Actual Startup Time": 0.024,
                      "Actual Total Time": 55.316,
                      "Actual Rows": 652282,
                      "Actual Loops": 4
                    },
                    {
                      "Node Type": "Hash",
                      "Parent Relationship": "Inner",
                      "Parallel Aware": true,
                      "Startup Cost": 358612.67,
                      "Total Cost": 358612.67,
                      "Plan Rows": 130106,
                      "Plan Width": 8,
                      "Actual Startup Time": 879.903,
                      "Actual Total Time": 879.907,
                      "Actual Rows": 405923,
                      "Actual Loops": 4,
                      "Hash Buckets": 2097152,
                      "Original Hash Buckets": 1048576,
                      "Hash Batches": 1,
                      "Original Hash Batches": 1,
                      "Peak Memory Usage": 88160,
                      "Plans": [
                        {
                          "Node Type": "Hash Join",
                          "Parent Relationship": "Outer",
                          "Parallel Aware": true,
                          "Join Type": "Inner",
                          "Startup Cost": 99916.95,
                          "Total Cost": 358612.67,
                          "Plan Rows": 130106,
                          "Plan Width": 8,
                          "Actual Startup Time": 416.301,
                          "Actual Total Time": 724.11,
                          "Actual Rows": 405923,
                          "Actual Loops": 4,
                          "Inner Unique": true,
                          "Hash Cond": "(ci.movie_id = t.id)",
                          "Plans": [
                            {
                              "Node Type": "Bitmap Heap Scan",
                              "Parent Relationship": "Outer",
                              "Parallel Aware": true,
                              "Relation Name": "cast_info",
                              "Alias": "ci",
                              "Startup Cost": 49697.3,
                              "Total Cost": 308051.49,
                              "Plan Rows": 130106,
                              "Plan Width": 4,
                              "Actual Startup Time": 85.315,
                              "Actual Total Time": 183.322,
                              "Actual Rows": 405923,
                              "Actual Loops": 4,
                              "Recheck Cond": "(person_id < 221477)",
                              "Rows Removed by Index Recheck": 0,
                              "Filter": "(role_id = 1)",
                              "Rows Removed by Filter": 162438,
                              "Exact Heap Blocks": 7479,
                              "Lossy Heap Blocks": 0,
                              "Plans": [
                                {
                                  "Node Type": "Bitmap Index Scan",
                                  "Parent Relationship": "Outer",
                                  "Parallel Aware": false,
                                  "Index Name": "person_id_cast_info",
                                  "Startup Cost": 0.0,
                                  "Total Cost": 49502.14,
                                  "Plan Rows": 2266877,
                                  "Plan Width": 0,
                                  "Actual Startup Time": 81.572,
                                  "Actual Total Time": 81.572,
                                  "Actual Rows": 2273443,
                                  "Actual Loops": 1,
                                  "Index Cond": "(person_id < 221477)"
                                }
                              ]
                            },
                            {
                              "Node Type": "Hash",
                              "Parent Relationship": "Inner",
                              "Parallel Aware": true,
                              "Startup Cost": 42318.73,
                              "Total Cost": 42318.73,
                              "Plan Rows": 632073,
                              "Plan Width": 4,
                              "Actual Startup Time": 323.538,
                              "Actual Total Time": 323.539,
                              "Actual Rows": 632078,
                              "Actual Loops": 4,
                              "Hash Buckets": 4194304,
                              "Original Hash Buckets": 4194304,
                              "Hash Batches": 1,
                              "Original Hash Batches": 1,
                              "Peak Memory Usage": 131744,
                              "Plans": [
                                {
                                  "Node Type": "Seq Scan",
                                  "Parent Relationship": "Outer",
                                  "Parallel Aware": true,
                                  "Relation Name": "title",
                                  "Alias": "t",
                                  "Startup Cost": 0.0,
                                  "Total Cost": 42318.73,
                                  "Plan Rows": 632073,
                                  "Plan Width": 4,
                                  "Actual Startup Time": 0.041,
                                  "Actual Total Time": 93.747,
                                  "Actual Rows": 632078,
                                  "Actual Loops": 4
                                }
                              ]
                            }
                          ]
                        }
                      ]
                    }
                  ]
                }
              ]
            }
          ]
        }
      ]
    },
    "Planning Time": 1.397,
    "Triggers": [],
    "Execution Time": 1281.036
  }
]