[
  {
    "Plan": {
      "Node Type": "Aggregate",
      "Strategy": "Plain",
      "Partial Mode": "Finalize",
      "Parallel Aware": false,
      "Startup Cost": 27821.79,
      "Total Cost": 27821.8,
      "Plan Rows": 1,
      "Plan Width": 8,
      "Actual Startup Time": 78.061,
      "Actual Total Time": 85.962,
      "Actual Rows": 1,
      "Actual Loops": 1,
      "Plans": [
        {
          "Node Type": "Gather",
          "Parent Relationship": "Outer",
          "Parallel Aware": false,
          "Startup Cost": 27821.47,
          "Total Cost": 27821.78,
          "Plan Rows": 3,
          "Plan Width": 8,
          "Actual Startup Time": 77.717,
          "Actual Total Time": 85.955,
          "Actual Rows": 4,
          "Actual Loops": 1,
          "Workers Planned": 3,
          "Workers Launched": 3,
          "Single Copy": false,
          "Plans": [
            {
              "Node Type": "Aggregate",
              "Strategy": "Plain",
              "Partial Mode": "Partial",
              "Parent Relationship": "Outer",
              "Parallel Aware": false,
              "Startup Cost": 26821.47,
              "Total Cost": 26821.48,
              "Plan Rows": 1,
              "Plan Width": 8,
              "Actual Startup Time": 73.245,
              "Actual Total Time": 73.247,
              "Actual Rows": 1,
              "Actual Loops": 4,
              "Plans": [
                {
                  "Node Type": "Bitmap Heap Scan",
                  "Parent Relationship": "Outer",
                  "Parallel Aware": true,
                  "Relation Name": "movie_companies",
                  "Alias": "mc",
                  "Startup Cost": 6458.07,
                  "Total Cost": 26697.97,
                  "Plan Rows": 49400,
                  "Plan Width": 0,
                  "Actual Startup Time": 57.077,
                  "Actual Total Time": 72.171,
                  "Actual Rows": 17123,
                  "Actual Loops": 4,
                  "Recheck Cond": "(company_id < 160)",
                  "Rows Removed by Index Recheck": 0,
                  "Filter": "(company_type_id > 1)",
                  "Rows Removed by Filter": 56096,
                  "Exact Heap Blocks": 9600,
                  "Lossy Heap Blocks": 0,
                  "Plans": [
                    {
                      "Node Type": "Bitmap Index Scan",
                      "Parent Relationship": "Outer",
                      "Parallel Aware": false,
                      "Index Name": "company_id_movie_companies",
                      "Startup Cost": 0.0,
                      "Total Cost": 6419.78,
                      "Plan Rows": 299647,
                      "Plan Width": 0,
                      "Actual Startup Time": 25.091,
                      "Actual Total Time": 25.091,
                      "Actual Rows": 292877,
                      "Actual Loops": 1,
                      "Index Cond": "(company_id < 160)"
                    }
                  ]
                }
              ]
            }
          ]
        }
      ]
    },
    "Planning Time": 0.129,
    "Triggers": [],
    "Execution Time": 86.007
  }
]