[
  {
    "Plan": {
      "Node Type": "Aggregate",
      "Strategy": "Plain",
      "Partial Mode": "Finalize",
      "Parallel Aware": false,
      "Startup Cost": 44986.9,
      "Total Cost": 44986.91,
      "Plan Rows": 1,
      "Plan Width": 8,
      "Actual Startup Time": 132.653,
      "Actual Total Time": 142.721,
      "Actual Rows": 1,
      "Actual Loops": 1,
      "Plans": [
        {
          "Node Type": "Gather",
          "Parent Relationship": "Outer",
          "Parallel Aware": false,
          "Startup Cost": 44986.58,
          "Total Cost": 44986.89,
          "Plan Rows": 3,
          "Plan Width": 8,
          "Actual Startup Time": 132.499,
          "Actual Total Time": 142.713,
          "Actual Rows": 4,
          "Actual Loops": 1,
          "Workers Planned": 3,
          "Workers Launched": 3,
          "Single Copy": false,
          "Plans": [
            {
              "Node Type": "Aggregate",
              "Strategy": "Plain",
              "Partial Mode": "Partial",
              "Parent Relationship": "Outer",
              "Parallel Aware": false,
              "Startup Cost": 43986.58,
              "Total Cost": 43986.59,
              "Plan Rows": 1,
              "Plan Width": 8,
              "Actual Startup Time": 125.793,
              "Actual Total Time": 125.795,
              "Actual Rows": 1,
              "Actual Loops": 4,
              "Plans": [
                {
                  "Node Type": "Seq Scan",
                  "Parent Relationship": "Outer",
                  "Parallel Aware": true,
                  "Relation Name": "movie_keyword",
                  "Alias": "mk",
                  "Startup Cost": 0.0,
                  "Total Cost": 42695.65,
                  "Plan Rows": 516372,
                  "Plan Width": 0,
                  "Actual Startup Time": 0.445,
                  "Actual Total Time": 107.117,
                  "Actual Rows": 397964,
                  "Actual Loops": 4,
                  "Filter": "(keyword_id > 9703)",
                  "Rows Removed by Filter": 733018
                }
              ]
            }
          ]
        }
      ]
    },
    "Planning Time": 0.073,
    "Triggers": [],
    "Execution Time": 142.746
  }
]