[
  {
    "Plan": {
      "Node Type": "Aggregate",
      "Strategy": "Plain",
      "Partial Mode": "Finalize",
      "Parallel Aware": false,
      "Startup Cost": 44974.77,
      "Total Cost": 44974.78,
      "Plan Rows": 1,
      "Plan Width": 8,
      "Actual Startup Time": 128.613,
      "Actual Total Time": 137.92,
      "Actual Rows": 1,
      "Actual Loops": 1,
      "Plans": [
        {
          "Node Type": "Gather",
          "Parent Relationship": "Outer",
          "Parallel Aware": false,
          "Startup Cost": 44974.45,
          "Total Cost": 44974.76,
          "Plan Rows": 3,
          "Plan Width": 8,
          "Actual Startup Time": 128.537,
          "Actual Total Time": 137.913,
          "Actual Rows": 4,
          "Actual Loops": 1,
          "Workers Planned": 3,
          "Workers Launched": 3,
          "Single Copy": false,
          "Plans": [
            {
              "Node Type": "Aggregate",
              "Strategy": "Plain",
              "Partial Mode": "Partial",
              "Parent Relationship": "Outer",
              "Parallel Aware": false,
              "Startup Cost": 43974.45,
              "Total Cost": 43974.46,
              "Plan Rows": 1,
              "Plan Width": 8,
              "Actual Startup Time": 123.108,
              "Actual Total Time": 123.108,
              "Actual Rows": 1,
              "Actual Loops": 4,
              "Plans": [
                {
                  "Node Type": "Seq Scan",
                  "Parent Relationship": "Outer",
                  "Parallel Aware": true,
                  "Relation Name": "movie_keyword",
                  "Alias": "mk",
                  "Startup Cost": 0.0,
                  "Total Cost": 42695.65,
                  "Plan Rows": 511520,
                  "Plan Width": 0,
                  "Actual Startup Time": 1.092,
                  "Actual Total Time": 103.705,
                  "Actual Rows": 397964,
                  "Actual Loops": 4,
                  "Filter": "(keyword_id > 9703)",
                  "Rows Removed by Filter": 733018
                }
              ]
            }
          ]
        }
      ]
    },
    "Planning Time": 0.114,
    "Triggers": [],
    "Execution Time": 137.958
  }
]