[
  {
    "Plan": {
      "Node Type": "Aggregate",
      "Strategy": "Plain",
      "Partial Mode": "Finalize",
      "Parallel Aware": false,
      "Startup Cost": 368436.85,
      "Total Cost": 368436.86,
      "Plan Rows": 1,
      "Plan Width": 8,
      "Actual Startup Time": 914.395,
      "Actual Total Time": 933.026,
      "Actual Rows": 1,
      "Actual Loops": 1,
      "Plans": [
        {
          "Node Type": "Gather",
          "Parent Relationship": "Outer",
          "Parallel Aware": false,
          "Startup Cost": 368436.63,
          "Total Cost": 368436.84,
          "Plan Rows": 2,
          "Plan Width": 8,
          "Actual Startup Time": 905.189,
          "Actual Total Time": 933.005,
          "Actual Rows": 3,
          "Actual Loops": 1,
          "Workers Planned": 2,
          "Workers Launched": 2,
          "Single Copy": false,
          "Plans": [
            {
              "Node Type": "Aggregate",
              "Strategy": "Plain",
              "Partial Mode": "Partial",
              "Parent Relationship": "Outer",
              "Parallel Aware": false,
              "Startup Cost": 367436.63,
              "Total Cost": 367436.64,
              "Plan Rows": 1,
              "Plan Width": 8,
              "Actual Startup Time": 897.378,
              "Actual Total Time": 897.385,
              "Actual Rows": 1,
              "Actual Loops": 3,
              "Plans": [
                {
                  "Node Type": "Hash Join",
                  "Parent Relationship": "Outer",
                  "Parallel Aware": true,
                  "Join Type": "Inner",
                  "Startup Cost": 350645.83,
                  "Total Cost": 366867.02,
                  "Plan Rows": 227846,
                  "Plan Width": 0,
                  "Actual Startup Time": 769.146,
                  "Actual Total Time": 888.122,
                  "Actual Rows": 199961,
                  "Actual Loops": 3,
                  "Inner Unique": false,
                  "Hash Cond": "(mi_idx.movie_id = t.id)",
                  "Plans": [
                    {
                      "Node Type": "Seq Scan",
                      "Parent Relationship": "Outer",
                      "Parallel Aware": true,
                      "Relation Name": "movie_info_idx",
                      "Alias": "mi_idx",
                      "Startup Cost": 0.0,
                      "Total Cost": 13685.15,
                      "Plan Rows": 575015,
                      "Plan Width": 4,
                      "Actual Startup Time": 0.028,
                      "Actual Total Time": 39.859,
                      "Actual Rows": 460012,
                      "Actual Loops": 3
                    },
                    {
                      "Node Type": "Hash",
                      "Parent Relationship": "Inner",
                      "Parallel Aware": true,
                      "Startup Cost": 348558.6,
                      "Total Cost": 348558.6,
                      "Plan Rows": 166978,
                      "Plan Width": 8,
                      "Actual Startup Time": 762.511,
                      "Actual Total Time": 762.515,
                      "Actual Rows": 159111,
                      "Actual Loops": 3,
                      "Hash Buckets": 1048576,
                      "Original Hash Buckets": 1048576,
                      "Hash Batches": 1,
                      "Original Hash Batches": 1,
                      "Peak Memory Usage": 26912,
                      "Plans": [
                        {
                          "Node Type": "Hash Join",
                          "Parent Relationship": "Outer",
                          "Parallel Aware": true,
                          "Join Type": "Inner",
                          "Startup Cost": 90779.9,
                          "Total Cost": 348558.6,
                          "Plan Rows": 166978,
                          "Plan Width": 8,
                          "Actual Startup Time": 568.084,
                          "Actual Total Time": 703.127,
                          "Actual Rows": 159111,
                          "Actual Loops": 3,
                          "Inner Unique": true,
                          "Hash Cond": "(ci.movie_id = t.id)",
                          "Plans": [
                            {
                              "Node Type": "Bitmap Heap Scan",
                              "Parent Relationship": "Outer",
                              "Parallel Aware": true,
                              "Relation Name": "cast_info",
                              "Alias": "ci",
                              "Startup Cost": 40217.37,
                              "Total Cost": 297476.3,
                              "Plan Rows": 198005,
                              "Plan Width": 4,
                              "Actual Startup Time": 132.892,
                              "Actual Total Time": 176.84,
                              "Actual Rows": 178730,
                              "Actual Loops": 3,
                              "Recheck Cond": "(person_id < 185796)",
                              "Rows Removed by Index Recheck": 0,
                              "Filter": "(role_id > 1)",
                              "Rows Removed by Filter": 451633,
                              "Exact Heap Blocks": 6886,
                              "Lossy Heap Blocks": 0,
                              "Plans": [
                                {
                                  "Node Type": "Bitmap Index Scan",
                                  "Parent Relationship": "Outer",
                                  "Parallel Aware": false,
                                  "Index Name": "person_id_cast_info",
                                  "Startup Cost": 0.0,
                                  "Total Cost": 39920.36,
                                  "Plan Rows": 1828773,
                                  "Plan Width": 0,
                                  "Actual Startup Time": 65.599,
                                  "Actual Total Time": 65.6,
                                  "Actual Rows": 1891089,
                                  "Actual Loops": 1,
                                  "Index Cond": "(person_id < 185796)"
                                }
                              ]
                            },
                            {
                              "Node Type": "Hash",
                              "Parent Relationship": "Inner",
                              "Parallel Aware": true,
                              "Startup Cost": 43899.32,
                              "Total Cost": 43899.32,
                              "Plan Rows": 533057,
                              "Plan Width": 4,
                              "Actual Startup Time": 424.23,
                              "Actual Total Time": 424.231,
                              "Actual Rows": 706124,
                              "Actual Loops": 3,
                              "Hash Buckets": 4194304,
                              "Original Hash Buckets": 4194304,
                              "Hash Batches": 1,
                              "Original Hash Batches": 1,
                              "Peak Memory Usage": 115680,
                              "Plans": [
                                {
                                  "Node Type": "Seq Scan",
                                  "Parent Relationship": "Outer",
                                  "Parallel Aware": true,
                                  "Relation Name": "title",
                                  "Alias": "t",
                                  "Startup Cost": 0.0,
                                  "Total Cost": 43899.32,
                                  "Plan Rows": 533057,
                                  "Plan Width": 4,
                                  "Actual Startup Time": 0.079,
                                  "Actual Total Time": 150.812,
                                  "Actual Rows": 706124,
                                  "Actual Loops": 3,
                                  "Filter": "(production_year > 1967)",
                                  "Rows Removed by Filter": 136647
                                }
                              ]
                            }
                          ]
                        }
                      ]
                    }
                  ]
                }
              ]
            }
          ]
        }
      ]
    },
    "Planning Time": 1.091,
    "Triggers": [],
    "Execution Time": 933.132
  }
]