[
  {
    "Plan": {
      "Node Type": "Aggregate",
      "Strategy": "Plain",
      "Partial Mode": "Finalize",
      "Parallel Aware": false,
      "Startup Cost": 32156.99,
      "Total Cost": 32157.0,
      "Plan Rows": 1,
      "Plan Width": 8,
      "Actual Startup Time": 96.27,
      "Actual Total Time": 103.686,
      "Actual Rows": 1,
      "Actual Loops": 1,
      "Plans": [
        {
          "Node Type": "Gather",
          "Parent Relationship": "Outer",
          "Parallel Aware": false,
          "Startup Cost": 32156.68,
          "Total Cost": 32156.99,
          "Plan Rows": 3,
          "Plan Width": 8,
          "Actual Startup Time": 95.975,
          "Actual Total Time": 103.679,
          "Actual Rows": 4,
          "Actual Loops": 1,
          "Workers Planned": 3,
          "Workers Launched": 3,
          "Single Copy": false,
          "Plans": [
            {
              "Node Type": "Aggregate",
              "Strategy": "Plain",
              "Partial Mode": "Partial",
              "Parent Relationship": "Outer",
              "Parallel Aware": false,
              "Startup Cost": 31156.68,
              "Total Cost": 31156.69,
              "Plan Rows": 1,
              "Plan Width": 8,
              "Actual Startup Time": 90.102,
              "Actual Total Time": 90.105,
              "Actual Rows": 1,
              "Actual Loops": 4,
              "Plans": [
                {
                  "Node Type": "Bitmap Heap Scan",
                  "Parent Relationship": "Outer",
                  "Parallel Aware": true,
                  "Relation Name": "movie_keyword",
                  "Alias": "mk",
                  "Startup Cost": 5458.0,
                  "Total Cost": 30949.23,
                  "Plan Rows": 82979,
                  "Plan Width": 0,
                  "Actual Startup Time": 28.279,
                  "Actual Total Time": 85.996,
                  "Actual Rows": 61798,
                  "Actual Loops": 4,
                  "Recheck Cond": "(keyword_id > 60892)",
                  "Rows Removed by Index Recheck": 0,
                  "Exact Heap Blocks": 11446,
                  "Lossy Heap Blocks": 0,
                  "Plans": [
                    {
                      "Node Type": "Bitmap Index Scan",
                      "Parent Relationship": "Outer",
                      "Parallel Aware": false,
                      "Index Name": "keyword_id_movie_keyword",
                      "Startup Cost": 0.0,
                      "Total Cost": 5393.69,
                      "Plan Rows": 257234,
                      "Plan Width": 0,
                      "Actual Startup Time": 29.82,
                      "Actual Total Time": 29.82,
                      "Actual Rows": 247193,
                      "Actual Loops": 1,
                      "Index Cond": "(keyword_id > 60892)"
                    }
                  ]
                }
              ]
            }
          ]
        }
      ]
    },
    "Planning Time": 0.113,
    "Triggers": [],
    "Execution Time": 103.745
  }
]