[
  {
    "Plan": {
      "Node Type": "Aggregate",
      "Strategy": "Plain",
      "Partial Mode": "Finalize",
      "Parallel Aware": false,
      "Startup Cost": 46557.91,
      "Total Cost": 46557.92,
      "Plan Rows": 1,
      "Plan Width": 8,
      "Actual Startup Time": 169.607,
      "Actual Total Time": 179.942,
      "Actual Rows": 1,
      "Actual Loops": 1,
      "Plans": [
        {
          "Node Type": "Gather",
          "Parent Relationship": "Outer",
          "Parallel Aware": false,
          "Startup Cost": 46557.59,
          "Total Cost": 46557.9,
          "Plan Rows": 3,
          "Plan Width": 8,
          "Actual Startup Time": 169.47,
          "Actual Total Time": 179.932,
          "Actual Rows": 4,
          "Actual Loops": 1,
          "Workers Planned": 3,
          "Workers Launched": 3,
          "Single Copy": false,
          "Plans": [
            {
              "Node Type": "Aggregate",
              "Strategy": "Plain",
              "Partial Mode": "Partial",
              "Parent Relationship": "Outer",
              "Parallel Aware": false,
              "Startup Cost": 45557.59,
              "Total Cost": 45557.6,
              "Plan Rows": 1,
              "Plan Width": 8,
              "Actual Startup Time": 161.991,
              "Actual Total Time": 161.992,
              "Actual Rows": 1,
              "Actual Loops": 4,
              "Plans": [
                {
                  "Node Type": "Seq Scan",
                  "Parent Relationship": "Outer",
                  "Parallel Aware": true,
                  "Relation Name": "movie_keyword",
                  "Alias": "mk",
                  "Startup Cost": 0.0,
                  "Total Cost": 42695.65,
                  "Plan Rows": 1144776,
                  "Plan Width": 0,
                  "Actual Startup Time": 0.067,
                  "Actual Total Time": 122.535,
                  "Actual Rows": 888532,
                  "Actual Loops": 4,
                  "Filter": "(keyword_id < 19540)",
                  "Rows Removed by Filter": 242450
                }
              ]
            }
          ]
        }
      ]
    },
    "Planning Time": 0.189,
    "Triggers": [],
    "Execution Time": 179.999
  }
]