[
  {
    "Plan": {
      "Node Type": "Aggregate",
      "Strategy": "Plain",
      "Partial Mode": "Finalize",
      "Parallel Aware": false,
      "Startup Cost": 346481.78,
      "Total Cost": 346481.79,
      "Plan Rows": 1,
      "Plan Width": 8,
      "Actual Startup Time": 674.401,
      "Actual Total Time": 722.406,
      "Actual Rows": 1,
      "Actual Loops": 1,
      "Plans": [
        {
          "Node Type": "Gather",
          "Parent Relationship": "Outer",
          "Parallel Aware": false,
          "Startup Cost": 346481.15,
          "Total Cost": 346481.76,
          "Plan Rows": 6,
          "Plan Width": 8,
          "Actual Startup Time": 674.176,
          "Actual Total Time": 722.395,
          "Actual Rows": 7,
          "Actual Loops": 1,
          "Workers Planned": 6,
          "Workers Launched": 6,
          "Single Copy": false,
          "Plans": [
            {
              "Node Type": "Aggregate",
              "Strategy": "Plain",
              "Partial Mode": "Partial",
              "Parent Relationship": "Outer",
              "Parallel Aware": false,
              "Startup Cost": 345481.15,
              "Total Cost": 345481.16,
              "Plan Rows": 1,
              "Plan Width": 8,
              "Actual Startup Time": 666.283,
              "Actual Total Time": 666.285,
              "Actual Rows": 1,
              "Actual Loops": 7,
              "Plans": [
                {
                  "Node Type": "Seq Scan",
                  "Parent Relationship": "Outer",
                  "Parallel Aware": true,
                  "Relation Name": "cast_info",
                  "Alias": "ci",
                  "Startup Cost": 0.0,
                  "Total Cost": 343316.27,
                  "Plan Rows": 865952,
                  "Plan Width": 0,
                  "Actual Startup Time": 356.768,
                  "Actual Total Time": 641.737,
                  "Actual Rows": 471252,
                  "Actual Loops": 7,
                  "Filter": "((person_id < 1165810) AND (role_id > 2))",
                  "Rows Removed by Filter": 4706511
                }
              ]
            }
          ]
        }
      ]
    },
    "Planning Time": 0.161,
    "Triggers": [],
    "Execution Time": 722.458
  }
]