{
  "Plan": {
    "Node Type": "Aggregate",
    "Strategy": "Plain",
    "Partial Mode": "Finalize",
    "Parallel Aware": false,
    "Startup Cost": 83388.26,
    "Total Cost": 83388.27,
    "Plan Rows": 1,
    "Plan Width": 8,
    "Actual Startup Time": 282.682,
    "Actual Total Time": 295.433,
    "Actual Rows": 1,
    "Actual Loops": 1,
    "Plans": [
      {
        "Node Type": "Gather",
        "Parent Relationship": "Outer",
        "Parallel Aware": false,
        "Startup Cost": 83388.15,
        "Total Cost": 83388.26,
        "Plan Rows": 1,
        "Plan Width": 8,
        "Actual Startup Time": 281.472,
        "Actual Total Time": 295.426,
        "Actual Rows": 2,
        "Actual Loops": 1,
        "Workers Planned": 1,
        "Workers Launched": 1,
        "Single Copy": false,
        "Plans": [
          {
            "Node Type": "Aggregate",
            "Strategy": "Plain",
            "Partial Mode": "Partial",
            "Parent Relationship": "Outer",
            "Parallel Aware": false,
            "Startup Cost": 82388.15,
            "Total Cost": 82388.16,
            "Plan Rows": 1,
            "Plan Width": 8,
            "Actual Startup Time": 274.884,
            "Actual Total Time": 274.893,
            "Actual Rows": 1,
            "Actual Loops": 2,
            "Plans": [
              {
                "Node Type": "Hash Join",
                "Parent Relationship": "Outer",
                "Parallel Aware": true,
                "Join Type": "Inner",
                "Startup Cost": 38352.92,
                "Total Cost": 82369.37,
                "Plan Rows": 7512,
                "Plan Width": 0,
                "Actual Startup Time": 188.821,
                "Actual Total Time": 272.866,
                "Actual Rows": 36355,
                "Actual Loops": 2,
                "Inner Unique": false,
                "Hash Cond": "(t.id = mc.movie_id)",
                "Plans": [
                  {
                    "Node Type": "Bitmap Heap Scan",
                    "Parent Relationship": "Outer",
                    "Parallel Aware": true,
                    "Relation Name": "title",
                    "Alias": "t",
                    "Startup Cost": 13528.85,
                    "Total Cost": 56179.23,
                    "Plan Rows": 211500,
                    "Plan Width": 4,
                    "Actual Startup Time": 54.543,
                    "Actual Total Time": 160.035,
                    "Actual Rows": 142801,
                    "Actual Loops": 2,
                    "Recheck Cond": "(kind_id < 3)",
                    "Rows Removed by Index Recheck": 0,
                    "Filter": "(production_year > 2003)",
                    "Rows Removed by Filter": 234038,
                    "Exact Heap Blocks": 21462,
                    "Lossy Heap Blocks": 0,
                    "Plans": [
                      {
                        "Node Type": "Bitmap Index Scan",
                        "Parent Relationship": "Outer",
                        "Parallel Aware": false,
                        "Index Name": "kind_id_title",
                        "Startup Cost": 0.0,
                        "Total Cost": 13438.96,
                        "Plan Rows": 753937,
                        "Plan Width": 0,
                        "Actual Startup Time": 44.567,
                        "Actual Total Time": 44.568,
                        "Actual Rows": 753677,
                        "Actual Loops": 1,
                        "Index Cond": "(kind_id < 3)"
                      }
                    ]
                  },
                  {
                    "Node Type": "Hash",
                    "Parent Relationship": "Inner",
                    "Parallel Aware": true,
                    "Startup Cost": 24163.81,
                    "Total Cost": 24163.81,
                    "Plan Rows": 52821,
                    "Plan Width": 4,
                    "Actual Startup Time": 71.186,
                    "Actual Total Time": 71.188,
                    "Actual Rows": 86260,
                    "Actual Loops": 2,
                    "Hash Buckets": 262144,
                    "Original Hash Buckets": 131072,
                    "Hash Batches": 1,
                    "Original Hash Batches": 1,
                    "Peak Memory Usage": 9856,
                    "Plans": [
                      {
                        "Node Type": "Bitmap Heap Scan",
                        "Parent Relationship": "Outer",
                        "Parallel Aware": true,
                        "Relation Name": "movie_companies",
                        "Alias": "mc",
                        "Startup Cost": 3813.31,
                        "Total Cost": 24163.81,
                        "Plan Rows": 52821,
                        "Plan Width": 4,
                        "Actual Startup Time": 16.0,
                        "Actual Total Time": 47.01,
                        "Actual Rows": 86260,
                        "Actual Loops": 2,
                        "Recheck Cond": "(company_id > 122928)",
                        "Rows Removed by Index Recheck": 0,
                        "Filter": "(company_type_id = 2)",
                        "Rows Removed by Filter": 0,
                        "Exact Heap Blocks": 3083,
                        "Lossy Heap Blocks": 0,
                        "Plans": [
                          {
                            "Node Type": "Bitmap Index Scan",
                            "Parent Relationship": "Outer",
                            "Parallel Aware": false,
                            "Index Name": "company_id_movie_companies",
                            "Startup Cost": 0.0,
                            "Total Cost": 3790.86,
                            "Plan Rows": 176857,
                            "Plan Width": 0,
                            "Actual Startup Time": 18.594,
                            "Actual Total Time": 18.595,
                            "Actual Rows": 172520,
                            "Actual Loops": 1,
                            "Index Cond": "(company_id > 122928)"
                          }
                        ]
                      }
                    ]
                  }
                ]
              }
            ]
          }
        ]
      }
    ]
  },
  "Planning Time": 0.692,
  "Triggers": [],
  "Execution Time": 295.535
}