[
  {
    "Plan": {
      "Node Type": "Aggregate",
      "Strategy": "Plain",
      "Partial Mode": "Finalize",
      "Parallel Aware": false,
      "Startup Cost": 283704.41,
      "Total Cost": 283704.42,
      "Plan Rows": 1,
      "Plan Width": 8,
      "Actual Startup Time": 2294.455,
      "Actual Total Time": 2373.359,
      "Actual Rows": 1,
      "Actual Loops": 1,
      "Plans": [
        {
          "Node Type": "Gather",
          "Parent Relationship": "Outer",
          "Parallel Aware": false,
          "Startup Cost": 283704.09,
          "Total Cost": 283704.4,
          "Plan Rows": 3,
          "Plan Width": 8,
          "Actual Startup Time": 2291.836,
          "Actual Total Time": 2373.347,
          "Actual Rows": 4,
          "Actual Loops": 1,
          "Workers Planned": 3,
          "Workers Launched": 3,
          "Single Copy": false,
          "Plans": [
            {
              "Node Type": "Aggregate",
              "Strategy": "Plain",
              "Partial Mode": "Partial",
              "Parent Relationship": "Outer",
              "Parallel Aware": false,
              "Startup Cost": 282704.09,
              "Total Cost": 282704.1,
              "Plan Rows": 1,
              "Plan Width": 8,
              "Actual Startup Time": 2283.073,
              "Actual Total Time": 2283.078,
              "Actual Rows": 1,
              "Actual Loops": 4,
              "Plans": [
                {
                  "Node Type": "Nested Loop",
                  "Parent Relationship": "Outer",
                  "Parallel Aware": false,
                  "Join Type": "Inner",
                  "Startup Cost": 48307.91,
                  "Total Cost": 282566.08,
                  "Plan Rows": 55206,
                  "Plan Width": 0,
                  "Actual Startup Time": 212.476,
                  "Actual Total Time": 2259.479,
                  "Actual Rows": 421125,
                  "Actual Loops": 4,
                  "Inner Unique": false,
                  "Plans": [
                    {
                      "Node Type": "Hash Join",
                      "Parent Relationship": "Outer",
                      "Parallel Aware": true,
                      "Join Type": "Inner",
                      "Startup Cost": 48307.35,
                      "Total Cost": 80206.49,
                      "Plan Rows": 66032,
                      "Plan Width": 8,
                      "Actual Startup Time": 211.716,
                      "Actual Total Time": 309.681,
                      "Actual Rows": 58002,
                      "Actual Loops": 4,
                      "Inner Unique": true,
                      "Hash Cond": "(mc.movie_id = t.id)",
                      "Plans": [
                        {
                          "Node Type": "Seq Scan",
                          "Parent Relationship": "Outer",
                          "Parallel Aware": true,
                          "Relation Name": "movie_companies",
                          "Alias": "mc",
                          "Startup Cost": 0.0,
                          "Total Cost": 31414.82,
                          "Plan Rows": 184505,
                          "Plan Width": 4,
                          "Actual Startup Time": 11.235,
                          "Actual Total Time": 66.426,
                          "Actual Rows": 72044,
                          "Actual Loops": 4,
                          "Filter": "((company_id > 12981) AND (company_type_id < 2))",
                          "Rows Removed by Filter": 580238
                        },
                        {
                          "Node Type": "Hash",
                          "Parent Relationship": "Inner",
                          "Parallel Aware": true,
                          "Startup Cost": 45479.59,
                          "Total Cost": 45479.59,
                          "Plan Rows": 226221,
                          "Plan Width": 4,
                          "Actual Startup Time": 195.648,
                          "Actual Total Time": 195.65,
                          "Actual Rows": 208069,
                          "Actual Loops": 4,
                          "Hash Buckets": 1048576,
                          "Original Hash Buckets": 1048576,
                          "Hash Batches": 1,
                          "Original Hash Batches": 1,
                          "Peak Memory Usage": 40832,
                          "Plans": [
                            {
                              "Node Type": "Seq Scan",
                              "Parent Relationship": "Outer",
                              "Parallel Aware": true,
                              "Relation Name": "title",
                              "Alias": "t",
                              "Startup Cost": 0.0,
                              "Total Cost": 45479.59,
                              "Plan Rows": 226221,
                              "Plan Width": 4,
                              "Actual Startup Time": 0.044,
                              "Actual Total Time": 115.745,
                              "Actual Rows": 208069,
                              "Actual Loops": 4,
                              "Filter": "((kind_id < 7) AND (production_year > 1941))",
                              "Rows Removed by Filter": 424009
                            }
                          ]
                        }
                      ]
                    },
                    {
                      "Node Type": "Index Scan",
                      "Parent Relationship": "Inner",
                      "Parallel Aware": false,
                      "Scan Direction": "Forward",
                      "Index Name": "movie_id_cast_info",
                      "Relation Name": "cast_info",
                      "Alias": "ci",
                      "Startup Cost": 0.56,
                      "Total Cost": 3.04,
                      "Plan Rows": 2,
                      "Plan Width": 4,
                      "Actual Startup Time": 0.026,
                      "Actual Total Time": 0.033,
                      "Actual Rows": 7,
                      "Actual Loops": 232009,
                      "Index Cond": "(movie_id = t.id)",
                      "Rows Removed by Index Recheck": 0,
                      "Filter": "((person_id > 2726557) AND (role_id > 6))",
                      "Rows Removed by Filter": 28
                    }
                  ]
                }
              ]
            }
          ]
        }
      ]
    },
    "Planning Time": 1.541,
    "Triggers": [],
    "Execution Time": 2373.466
  }
]