[
  {
    "Plan": {
      "Node Type": "Aggregate",
      "Strategy": "Plain",
      "Partial Mode": "Finalize",
      "Parallel Aware": false,
      "Startup Cost": 415571.83,
      "Total Cost": 415571.84,
      "Plan Rows": 1,
      "Plan Width": 8,
      "Actual Startup Time": 2959.577,
      "Actual Total Time": 3061.156,
      "Actual Rows": 1,
      "Actual Loops": 1,
      "Plans": [
        {
          "Node Type": "Gather",
          "Parent Relationship": "Outer",
          "Parallel Aware": false,
          "Startup Cost": 415571.31,
          "Total Cost": 415571.82,
          "Plan Rows": 5,
          "Plan Width": 8,
          "Actual Startup Time": 2958.31,
          "Actual Total Time": 3061.146,
          "Actual Rows": 6,
          "Actual Loops": 1,
          "Workers Planned": 5,
          "Workers Launched": 5,
          "Single Copy": false,
          "Plans": [
            {
              "Node Type": "Aggregate",
              "Strategy": "Plain",
              "Partial Mode": "Partial",
              "Parent Relationship": "Outer",
              "Parallel Aware": false,
              "Startup Cost": 414571.31,
              "Total Cost": 414571.32,
              "Plan Rows": 1,
              "Plan Width": 8,
              "Actual Startup Time": 2945.861,
              "Actual Total Time": 2945.865,
              "Actual Rows": 1,
              "Actual Loops": 6,
              "Plans": [
                {
                  "Node Type": "Nested Loop",
                  "Parent Relationship": "Outer",
                  "Parallel Aware": false,
                  "Join Type": "Inner",
                  "Startup Cost": 38973.81,
                  "Total Cost": 411286.72,
                  "Plan Rows": 1313835,
                  "Plan Width": 0,
                  "Actual Startup Time": 79.903,
                  "Actual Total Time": 2863.072,
                  "Actual Rows": 1688379,
                  "Actual Loops": 6,
                  "Inner Unique": false,
                  "Join Filter": "(t.id = ci.movie_id)",
                  "Rows Removed by Join Filter": 0,
                  "Plans": [
                    {
                      "Node Type": "Hash Join",
                      "Parent Relationship": "Outer",
                      "Parallel Aware": true,
                      "Join Type": "Inner",
                      "Startup Cost": 38973.24,
                      "Total Cost": 242905.14,
                      "Plan Rows": 91690,
                      "Plan Width": 8,
                      "Actual Startup Time": 79.772,
                      "Actual Total Time": 676.339,
                      "Actual Rows": 117465,
                      "Actual Loops": 6,
                      "Inner Unique": true,
                      "Hash Cond": "(mi.movie_id = t.id)",
                      "Plans": [
                        {
                          "Node Type": "Seq Scan",
                          "Parent Relationship": "Outer",
                          "Parallel Aware": true,
                          "Relation Name": "movie_info",
                          "Alias": "mi",
                          "Startup Cost": 0.0,
                          "Total Cost": 198952.16,
                          "Plan Rows": 1897040,
                          "Plan Width": 4,
                          "Actual Startup Time": 0.036,
                          "Actual Total Time": 345.097,
                          "Actual Rows": 1594192,
                          "Actual Loops": 6,
                          "Filter": "(info_type_id < 16)",
                          "Rows Removed by Filter": 878428
                        },
                        {
                          "Node Type": "Hash",
                          "Parent Relationship": "Inner",
                          "Parallel Aware": true,
                          "Startup Cost": 38591.37,
                          "Total Cost": 38591.37,
                          "Plan Rows": 30550,
                          "Plan Width": 4,
                          "Actual Startup Time": 65.569,
                          "Actual Total Time": 65.57,
                          "Actual Rows": 19706,
                          "Actual Loops": 6,
                          "Hash Buckets": 131072,
                          "Original Hash Buckets": 131072,
                          "Hash Batches": 1,
                          "Original Hash Batches": 1,
                          "Peak Memory Usage": 5728,
                          "Plans": [
                            {
                              "Node Type": "Bitmap Heap Scan",
                              "Parent Relationship": "Outer",
                              "Parallel Aware": true,
                              "Relation Name": "title",
                              "Alias": "t",
                              "Startup Cost": 2211.49,
                              "Total Cost": 38591.37,
                              "Plan Rows": 30550,
                              "Plan Width": 4,
                              "Actual Startup Time": 13.125,
                              "Actual Total Time": 53.938,
                              "Actual Rows": 19706,
                              "Actual Loops": 6,
                              "Recheck Cond": "(kind_id = 4)",
                              "Rows Removed by Index Recheck": 0,
                              "Exact Heap Blocks": 4428,
                              "Lossy Heap Blocks": 0,
                              "Plans": [
                                {
                                  "Node Type": "Bitmap Index Scan",
                                  "Parent Relationship": "Outer",
                                  "Parallel Aware": false,
                                  "Index Name": "kind_id_title",
                                  "Startup Cost": 0.0,
                                  "Total Cost": 2180.94,
                                  "Plan Rows": 122201,
                                  "Plan Width": 0,
                                  "Actual Startup Time": 14.395,
                                  "Actual Total Time": 14.395,
                                  "Actual Rows": 118234,
                                  "Actual Loops": 1,
                                  "Index Cond": "(kind_id = 4)"
                                }
                              ]
                            }
                          ]
                        }
                      ]
                    },
                    {
                      "Node Type": "Index Only Scan",
                      "Parent Relationship": "Inner",
                      "Parallel Aware": false,
                      "Scan Direction": "Forward",
                      "Index Name": "movie_id_cast_info",
                      "Relation Name": "cast_info",
                      "Alias": "ci",
                      "Startup Cost": 0.56,
                      "Total Cost": 1.37,
                      "Plan Rows": 37,
                      "Plan Width": 4,
                      "Actual Startup Time": 0.004,
                      "Actual Total Time": 0.017,
                      "Actual Rows": 14,
                      "Actual Loops": 704791,
                      "Index Cond": "(movie_id = mi.movie_id)",
                      "Rows Removed by Index Recheck": 0,
                      "Heap Fetches": 10130276
                    }
                  ]
                }
              ]
            }
          ]
        }
      ]
    },
    "Planning Time": 1.514,
    "Triggers": [],
    "Execution Time": 3061.309
  }
]