[
  {
    "Plan": {
      "Node Type": "Aggregate",
      "Strategy": "Plain",
      "Partial Mode": "Finalize",
      "Parallel Aware": false,
      "Startup Cost": 69700.13,
      "Total Cost": 69700.14,
      "Plan Rows": 1,
      "Plan Width": 8,
      "Actual Startup Time": 100.294,
      "Actual Total Time": 114.218,
      "Actual Rows": 1,
      "Actual Loops": 1,
      "Plans": [
        {
          "Node Type": "Gather",
          "Parent Relationship": "Outer",
          "Parallel Aware": false,
          "Startup Cost": 69699.71,
          "Total Cost": 69700.12,
          "Plan Rows": 4,
          "Plan Width": 8,
          "Actual Startup Time": 100.112,
          "Actual Total Time": 114.208,
          "Actual Rows": 5,
          "Actual Loops": 1,
          "Workers Planned": 4,
          "Workers Launched": 4,
          "Single Copy": false,
          "Plans": [
            {
              "Node Type": "Aggregate",
              "Strategy": "Plain",
              "Partial Mode": "Partial",
              "Parent Relationship": "Outer",
              "Parallel Aware": false,
              "Startup Cost": 68699.71,
              "Total Cost": 68699.72,
              "Plan Rows": 1,
              "Plan Width": 8,
              "Actual Startup Time": 92.992,
              "Actual Total Time": 92.994,
              "Actual Rows": 1,
              "Actual Loops": 5,
              "Plans": [
                {
                  "Node Type": "Nested Loop",
                  "Parent Relationship": "Outer",
                  "Parallel Aware": false,
                  "Join Type": "Inner",
                  "Startup Cost": 0.43,
                  "Total Cost": 68695.31,
                  "Plan Rows": 1763,
                  "Plan Width": 0,
                  "Actual Startup Time": 0.859,
                  "Actual Total Time": 92.76,
                  "Actual Rows": 2770,
                  "Actual Loops": 5,
                  "Inner Unique": false,
                  "Plans": [
                    {
                      "Node Type": "Seq Scan",
                      "Parent Relationship": "Outer",
                      "Parallel Aware": true,
                      "Relation Name": "title",
                      "Alias": "t",
                      "Startup Cost": 0.0,
                      "Total Cost": 45479.59,
                      "Plan Rows": 2066,
                      "Plan Width": 4,
                      "Actual Startup Time": 0.734,
                      "Actual Total Time": 74.621,
                      "Actual Rows": 1600,
                      "Actual Loops": 5,
                      "Filter": "((kind_id < 4) AND (production_year = 1993))",
                      "Rows Removed by Filter": 504063
                    },
                    {
                      "Node Type": "Index Scan",
                      "Parent Relationship": "Inner",
                      "Parallel Aware": false,
                      "Scan Direction": "Forward",
                      "Index Name": "movie_id_movie_companies",
                      "Relation Name": "movie_companies",
                      "Alias": "mc",
                      "Startup Cost": 0.43,
                      "Total Cost": 11.2,
                      "Plan Rows": 4,
                      "Plan Width": 4,
                      "Actual Startup Time": 0.009,
                      "Actual Total Time": 0.011,
                      "Actual Rows": 2,
                      "Actual Loops": 7999,
                      "Index Cond": "(movie_id = t.id)",
                      "Rows Removed by Index Recheck": 0,
                      "Filter": "(company_id < 77333)",
                      "Rows Removed by Filter": 0
                    }
                  ]
                }
              ]
            }
          ]
        }
      ]
    },
    "Planning Time": 0.31,
    "Triggers": [],
    "Execution Time": 114.258
  }
]