[
  {
    "Plan": {
      "Node Type": "Aggregate",
      "Strategy": "Plain",
      "Partial Mode": "Finalize",
      "Parallel Aware": false,
      "Startup Cost": 69967.44,
      "Total Cost": 69967.45,
      "Plan Rows": 1,
      "Plan Width": 8,
      "Actual Startup Time": 109.023,
      "Actual Total Time": 122.669,
      "Actual Rows": 1,
      "Actual Loops": 1,
      "Plans": [
        {
          "Node Type": "Gather",
          "Parent Relationship": "Outer",
          "Parallel Aware": false,
          "Startup Cost": 69967.02,
          "Total Cost": 69967.43,
          "Plan Rows": 4,
          "Plan Width": 8,
          "Actual Startup Time": 108.889,
          "Actual Total Time": 122.661,
          "Actual Rows": 5,
          "Actual Loops": 1,
          "Workers Planned": 4,
          "Workers Launched": 4,
          "Single Copy": false,
          "Plans": [
            {
              "Node Type": "Aggregate",
              "Strategy": "Plain",
              "Partial Mode": "Partial",
              "Parent Relationship": "Outer",
              "Parallel Aware": false,
              "Startup Cost": 68967.02,
              "Total Cost": 68967.03,
              "Plan Rows": 1,
              "Plan Width": 8,
              "Actual Startup Time": 99.027,
              "Actual Total Time": 99.029,
              "Actual Rows": 1,
              "Actual Loops": 5,
              "Plans": [
                {
                  "Node Type": "Nested Loop",
                  "Parent Relationship": "Outer",
                  "Parallel Aware": false,
                  "Join Type": "Inner",
                  "Startup Cost": 0.43,
                  "Total Cost": 68962.33,
                  "Plan Rows": 1878,
                  "Plan Width": 0,
                  "Actual Startup Time": 0.657,
                  "Actual Total Time": 98.777,
                  "Actual Rows": 2770,
                  "Actual Loops": 5,
                  "Inner Unique": false,
                  "Plans": [
                    {
                      "Node Type": "Seq Scan",
                      "Parent Relationship": "Outer",
                      "Parallel Aware": true,
                      "Relation Name": "title",
                      "Alias": "t",
                      "Startup Cost": 0.0,
                      "Total Cost": 45479.1,
                      "Plan Rows": 2190,
                      "Plan Width": 4,
                      "Actual Startup Time": 0.453,
                      "Actual Total Time": 78.069,
                      "Actual Rows": 1600,
                      "Actual Loops": 5,
                      "Filter": "((kind_id < 4) AND (production_year = 1993))",
                      "Rows Removed by Filter": 504063
                    },
                    {
                      "Node Type": "Index Scan",
                      "Parent Relationship": "Inner",
                      "Parallel Aware": false,
                      "Scan Direction": "Forward",
                      "Index Name": "movie_id_movie_companies",
                      "Relation Name": "movie_companies",
                      "Alias": "mc",
                      "Startup Cost": 0.43,
                      "Total Cost": 10.68,
                      "Plan Rows": 4,
                      "Plan Width": 4,
                      "Actual Startup Time": 0.011,
                      "Actual Total Time": 0.012,
                      "Actual Rows": 2,
                      "Actual Loops": 7999,
                      "Index Cond": "(movie_id = t.id)",
                      "Rows Removed by Index Recheck": 0,
                      "Filter": "(company_id < 77333)",
                      "Rows Removed by Filter": 0
                    }
                  ]
                }
              ]
            }
          ]
        }
      ]
    },
    "Planning Time": 0.7,
    "Triggers": [],
    "Execution Time": 122.74
  }
]