[
  {
    "Plan": {
      "Node Type": "Aggregate",
      "Strategy": "Plain",
      "Partial Mode": "Simple",
      "Parallel Aware": false,
      "Startup Cost": 125334.25,
      "Total Cost": 125334.26,
      "Plan Rows": 1,
      "Plan Width": 32,
      "Actual Startup Time": 555.472,
      "Actual Total Time": 589.264,
      "Actual Rows": 1,
      "Actual Loops": 1,
      "Plans": [
        {
          "Node Type": "Gather",
          "Parent Relationship": "Outer",
          "Parallel Aware": false,
          "Startup Cost": 80645.46,
          "Total Cost": 125334.25,
          "Plan Rows": 1,
          "Plan Width": 17,
          "Actual Startup Time": 522.042,
          "Actual Total Time": 589.236,
          "Actual Rows": 14,
          "Actual Loops": 1,
          "Workers Planned": 4,
          "Workers Launched": 4,
          "Single Copy": false,
          "Plans": [
            {
              "Node Type": "Hash Join",
              "Parent Relationship": "Outer",
              "Parallel Aware": true,
              "Join Type": "Inner",
              "Startup Cost": 79645.46,
              "Total Cost": 124334.15,
              "Plan Rows": 1,
              "Plan Width": 17,
              "Actual Startup Time": 516.916,
              "Actual Total Time": 546.656,
              "Actual Rows": 3,
              "Actual Loops": 5,
              "Inner Unique": false,
              "Hash Cond": "(t.id = mc.movie_id)",
              "Plans": [
                {
                  "Node Type": "Seq Scan",
                  "Parent Relationship": "Outer",
                  "Parallel Aware": true,
                  "Relation Name": "title",
                  "Alias": "t",
                  "Startup Cost": 0.0,
                  "Total Cost": 42318.49,
                  "Plan Rows": 632049,
                  "Plan Width": 21,
                  "Actual Startup Time": 0.018,
                  "Actual Total Time": 85.497,
                  "Actual Rows": 505662,
                  "Actual Loops": 5
                },
                {
                  "Node Type": "Hash",
                  "Parent Relationship": "Inner",
                  "Parallel Aware": true,
                  "Startup Cost": 79645.45,
                  "Total Cost": 79645.45,
                  "Plan Rows": 1,
                  "Plan Width": 8,
                  "Actual Startup Time": 419.777,
                  "Actual Total Time": 419.787,
                  "Actual Rows": 3,
                  "Actual Loops": 5,
                  "Hash Buckets": 1024,
                  "Original Hash Buckets": 1024,
                  "Hash Batches": 1,
                  "Original Hash Batches": 1,
                  "Peak Memory Usage": 168,
                  "Plans": [
                    {
                      "Node Type": "Hash Join",
                      "Parent Relationship": "Outer",
                      "Parallel Aware": true,
                      "Join Type": "Inner",
                      "Startup Cost": 50228.14,
                      "Total Cost": 79645.45,
                      "Plan Rows": 1,
                      "Plan Width": 8,
                      "Actual Startup Time": 347.441,
                      "Actual Total Time": 419.579,
                      "Actual Rows": 3,
                      "Actual Loops": 5,
                      "Inner Unique": false,
                      "Hash Cond": "(mc.movie_id = mk.movie_id)",
                      "Plans": [
                        {
                          "Node Type": "Hash Join",
                          "Parent Relationship": "Outer",
                          "Parallel Aware": true,
                          "Join Type": "Inner",
                          "Startup Cost": 4723.67,
                          "Total Cost": 34139.6,
                          "Plan Rows": 365,
                          "Plan Width": 4,
                          "Actual Startup Time": 29.925,
                          "Actual Total Time": 124.014,
                          "Actual Rows": 38,
                          "Actual Loops": 5,
                          "Inner Unique": true,
                          "Hash Cond": "(mc.company_id = cn.id)",
                          "Plans": [
                            {
                              "Node Type": "Seq Scan",
                              "Parent Relationship": "Outer",
                              "Parallel Aware": true,
                              "Relation Name": "movie_companies",
                              "Alias": "mc",
                              "Startup Cost": 0.0,
                              "Total Cost": 27206.55,
                              "Plan Rows": 841655,
                              "Plan Width": 8,
                              "Actual Startup Time": 0.019,
                              "Actual Total Time": 67.948,
                              "Actual Rows": 521826,
                              "Actual Loops": 5
                            },
                            {
                              "Node Type": "Hash",
                              "Parent Relationship": "Inner",
                              "Parallel Aware": true,
                              "Startup Cost": 4722.92,
                              "Total Cost": 4722.92,
                              "Plan Rows": 60,
                              "Plan Width": 4,
                              "Actual Startup Time": 11.53,
                              "Actual Total Time": 11.531,
                              "Actual Rows": 11,
                              "Actual Loops": 5,
                              "Hash Buckets": 1024,
                              "Original Hash Buckets": 1024,
                              "Hash Batches": 1,
                              "Original Hash Batches": 1,
                              "Peak Memory Usage": 168,
                              "Plans": [
                                {
                                  "Node Type": "Seq Scan",
                                  "Parent Relationship": "Outer",
                                  "Parallel Aware": true,
                                  "Relation Name": "company_name",
                                  "Alias": "cn",
                                  "Startup Cost": 0.0,
                                  "Total Cost": 4722.92,
                                  "Plan Rows": 60,
                                  "Plan Width": 4,
                                  "Actual Startup Time": 1.028,
                                  "Actual Total Time": 11.451,
                                  "Actual Rows": 11,
                                  "Actual Loops": 5,
                                  "Filter": "((country_code)::text = '[bo]'::text)",
                                  "Rows Removed by Filter": 46988
                                }
                              ]
                            }
                          ]
                        },
                        {
                          "Node Type": "Hash",
                          "Parent Relationship": "Inner",
                          "Parallel Aware": true,
                          "Startup Cost": 45504.33,
                          "Total Cost": 45504.33,
                          "Plan Rows": 11,
                          "Plan Width": 4,
                          "Actual Startup Time": 295.356,
                          "Actual Total Time": 295.359,
                          "Actual Rows": 8368,
                          "Actual Loops": 5,
                          "Hash Buckets": 65536,
                          "Original Hash Buckets": 1024,
                          "Hash Batches": 1,
                          "Original Hash Batches": 1,
                          "Peak Memory Usage": 2744,
                          "Plans": [
                            {
                              "Node Type": "Hash Join",
                              "Parent Relationship": "Outer",
                              "Parallel Aware": false,
                              "Join Type": "Inner",
                              "Startup Cost": 2626.14,
                              "Total Cost": 45504.33,
                              "Plan Rows": 11,
                              "Plan Width": 4,
                              "Actual Startup Time": 28.424,
                              "Actual Total Time": 240.145,
                              "Actual Rows": 8368,
                              "Actual Loops": 5,
                              "Inner Unique": true,
                              "Hash Cond": "(mk.keyword_id = k.id)",
                              "Plans": [
                                {
                                  "Node Type": "Seq Scan",
                                  "Parent Relationship": "Outer",
                                  "Parallel Aware": true,
                                  "Relation Name": "movie_keyword",
                                  "Alias": "mk",
                                  "Startup Cost": 0.0,
                                  "Total Cost": 39047.32,
                                  "Plan Rows": 1459332,
                                  "Plan Width": 8,
                                  "Actual Startup Time": 0.066,
                                  "Actual Total Time": 126.908,
                                  "Actual Rows": 904786,
                                  "Actual Loops": 5
                                },
                                {
                                  "Node Type": "Hash",
                                  "Parent Relationship": "Inner",
                                  "Parallel Aware": false,
                                  "Startup Cost": 2626.12,
                                  "Total Cost": 2626.12,
                                  "Plan Rows": 1,
                                  "Plan Width": 4,
                                  "Actual Startup Time": 28.032,
                                  "Actual Total Time": 28.033,
                                  "Actual Rows": 1,
                                  "Actual Loops": 5,
                                  "Hash Buckets": 1024,
                                  "Original Hash Buckets": 1024,
                                  "Hash Batches": 1,
                                  "Original Hash Batches": 1,
                                  "Peak Memory Usage": 9,
                                  "Plans": [
                                    {
                                      "Node Type": "Seq Scan",
                                      "Parent Relationship": "Outer",
                                      "Parallel Aware": false,
                                      "Relation Name": "keyword",
                                      "Alias": "k",
                                      "Startup Cost": 0.0,
                                      "Total Cost": 2626.12,
                                      "Plan Rows": 1,
                                      "Plan Width": 4,
                                      "Actual Startup Time": 2.149,
                                      "Actual Total Time": 28.012,
                                      "Actual Rows": 1,
                                      "Actual Loops": 5,
                                      "Filter": "(keyword = 'character-name-in-title'::text)",
                                      "Rows Removed by Filter": 134169
                                    }
                                  ]
                                }
                              ]
                            }
                          ]
                        }
                      ]
                    }
                  ]
                }
              ]
            }
          ]
        }
      ]
    },
    "Planning Time": 4.664,
    "Triggers": [],
    "Execution Time": 589.621
  }
]