[
  {
    "Plan": {
      "Node Type": "Aggregate",
      "Strategy": "Plain",
      "Partial Mode": "Finalize",
      "Parallel Aware": false,
      "Startup Cost": 83239.87,
      "Total Cost": 83239.88,
      "Plan Rows": 1,
      "Plan Width": 8,
      "Actual Startup Time": 208.001,
      "Actual Total Time": 225.495,
      "Actual Rows": 1,
      "Actual Loops": 1,
      "Plans": [
        {
          "Node Type": "Gather",
          "Parent Relationship": "Outer",
          "Parallel Aware": false,
          "Startup Cost": 83239.55,
          "Total Cost": 83239.86,
          "Plan Rows": 3,
          "Plan Width": 8,
          "Actual Startup Time": 207.529,
          "Actual Total Time": 225.488,
          "Actual Rows": 4,
          "Actual Loops": 1,
          "Workers Planned": 3,
          "Workers Launched": 3,
          "Single Copy": false,
          "Plans": [
            {
              "Node Type": "Aggregate",
              "Strategy": "Plain",
              "Partial Mode": "Partial",
              "Parent Relationship": "Outer",
              "Parallel Aware": false,
              "Startup Cost": 82239.55,
              "Total Cost": 82239.56,
              "Plan Rows": 1,
              "Plan Width": 8,
              "Actual Startup Time": 198.018,
              "Actual Total Time": 198.022,
              "Actual Rows": 1,
              "Actual Loops": 4,
              "Plans": [
                {
                  "Node Type": "Hash Join",
                  "Parent Relationship": "Outer",
                  "Parallel Aware": true,
                  "Join Type": "Inner",
                  "Startup Cost": 55504.2,
                  "Total Cost": 82233.33,
                  "Plan Rows": 2490,
                  "Plan Width": 0,
                  "Actual Startup Time": 126.387,
                  "Actual Total Time": 197.989,
                  "Actual Rows": 249,
                  "Actual Loops": 4,
                  "Inner Unique": true,
                  "Hash Cond": "(mk.movie_id = t.id)",
                  "Plans": [
                    {
                      "Node Type": "Bitmap Heap Scan",
                      "Parent Relationship": "Outer",
                      "Parallel Aware": true,
                      "Relation Name": "movie_keyword",
                      "Alias": "mk",
                      "Startup Cost": 9894.31,
                      "Total Cost": 36228.58,
                      "Plan Rows": 150422,
                      "Plan Width": 4,
                      "Actual Startup Time": 28.694,
                      "Actual Total Time": 86.807,
                      "Actual Rows": 113753,
                      "Actual Loops": 4,
                      "Recheck Cond": "(keyword_id > 38936)",
                      "Rows Removed by Index Recheck": 0,
                      "Exact Heap Blocks": 8506,
                      "Lossy Heap Blocks": 0,
                      "Plans": [
                        {
                          "Node Type": "Bitmap Index Scan",
                          "Parent Relationship": "Outer",
                          "Parallel Aware": false,
                          "Index Name": "keyword_id_movie_keyword",
                          "Startup Cost": 0.0,
                          "Total Cost": 9777.74,
                          "Plan Rows": 466307,
                          "Plan Width": 0,
                          "Actual Startup Time": 25.241,
                          "Actual Total Time": 25.242,
                          "Actual Rows": 455012,
                          "Actual Loops": 1,
                          "Index Cond": "(keyword_id > 38936)"
                        }
                      ]
                    },
                    {
                      "Node Type": "Hash",
                      "Parent Relationship": "Inner",
                      "Parallel Aware": true,
                      "Startup Cost": 45479.1,
                      "Total Cost": 45479.1,
                      "Plan Rows": 10463,
                      "Plan Width": 4,
                      "Actual Startup Time": 95.762,
                      "Actual Total Time": 95.763,
                      "Actual Rows": 10064,
                      "Actual Loops": 4,
                      "Hash Buckets": 65536,
                      "Original Hash Buckets": 65536,
                      "Hash Batches": 1,
                      "Original Hash Batches": 1,
                      "Peak Memory Usage": 2144,
                      "Plans": [
                        {
                          "Node Type": "Seq Scan",
                          "Parent Relationship": "Outer",
                          "Parallel Aware": true,
                          "Relation Name": "title",
                          "Alias": "t",
                          "Startup Cost": 0.0,
                          "Total Cost": 45479.1,
                          "Plan Rows": 10463,
                          "Plan Width": 4,
                          "Actual Startup Time": 0.07,
                          "Actual Total Time": 90.897,
                          "Actual Rows": 10064,
                          "Actual Loops": 4,
                          "Filter": "((production_year > 2012) AND (kind_id = 7))",
                          "Rows Removed by Filter": 622014
                        }
                      ]
                    }
                  ]
                }
              ]
            }
          ]
        }
      ]
    },
    "Planning Time": 0.596,
    "Triggers": [],
    "Execution Time": 225.58
  }
]