[
  {
    "Plan": {
      "Node Type": "Aggregate",
      "Strategy": "Plain",
      "Partial Mode": "Finalize",
      "Parallel Aware": false,
      "Startup Cost": 89955.04,
      "Total Cost": 89955.05,
      "Plan Rows": 1,
      "Plan Width": 8,
      "Actual Startup Time": 207.735,
      "Actual Total Time": 225.421,
      "Actual Rows": 1,
      "Actual Loops": 1,
      "Plans": [
        {
          "Node Type": "Gather",
          "Parent Relationship": "Outer",
          "Parallel Aware": false,
          "Startup Cost": 89954.73,
          "Total Cost": 89955.04,
          "Plan Rows": 3,
          "Plan Width": 8,
          "Actual Startup Time": 207.494,
          "Actual Total Time": 225.412,
          "Actual Rows": 4,
          "Actual Loops": 1,
          "Workers Planned": 3,
          "Workers Launched": 3,
          "Single Copy": false,
          "Plans": [
            {
              "Node Type": "Aggregate",
              "Strategy": "Plain",
              "Partial Mode": "Partial",
              "Parent Relationship": "Outer",
              "Parallel Aware": false,
              "Startup Cost": 88954.73,
              "Total Cost": 88954.74,
              "Plan Rows": 1,
              "Plan Width": 8,
              "Actual Startup Time": 198.957,
              "Actual Total Time": 198.96,
              "Actual Rows": 1,
              "Actual Loops": 4,
              "Plans": [
                {
                  "Node Type": "Hash Join",
                  "Parent Relationship": "Outer",
                  "Parallel Aware": true,
                  "Join Type": "Inner",
                  "Startup Cost": 45598.37,
                  "Total Cost": 88945.36,
                  "Plan Rows": 3746,
                  "Plan Width": 0,
                  "Actual Startup Time": 99.031,
                  "Actual Total Time": 198.652,
                  "Actual Rows": 5372,
                  "Actual Loops": 4,
                  "Inner Unique": true,
                  "Hash Cond": "(mk.movie_id = t.id)",
                  "Plans": [
                    {
                      "Node Type": "Seq Scan",
                      "Parent Relationship": "Outer",
                      "Parallel Aware": true,
                      "Relation Name": "movie_keyword",
                      "Alias": "mk",
                      "Startup Cost": 0.0,
                      "Total Cost": 42695.65,
                      "Plan Rows": 248127,
                      "Plan Width": 4,
                      "Actual Startup Time": 1.962,
                      "Actual Total Time": 85.902,
                      "Actual Rows": 190111,
                      "Actual Loops": 4,
                      "Filter": "(keyword_id > 24660)",
                      "Rows Removed by Filter": 940872
                    },
                    {
                      "Node Type": "Hash",
                      "Parent Relationship": "Inner",
                      "Parallel Aware": true,
                      "Startup Cost": 45479.1,
                      "Total Cost": 45479.1,
                      "Plan Rows": 9542,
                      "Plan Width": 4,
                      "Actual Startup Time": 95.367,
                      "Actual Total Time": 95.368,
                      "Actual Rows": 8063,
                      "Actual Loops": 4,
                      "Hash Buckets": 65536,
                      "Original Hash Buckets": 65536,
                      "Hash Batches": 1,
                      "Original Hash Batches": 1,
                      "Peak Memory Usage": 1856,
                      "Plans": [
                        {
                          "Node Type": "Seq Scan",
                          "Parent Relationship": "Outer",
                          "Parallel Aware": true,
                          "Relation Name": "title",
                          "Alias": "t",
                          "Startup Cost": 0.0,
                          "Total Cost": 45479.1,
                          "Plan Rows": 9542,
                          "Plan Width": 4,
                          "Actual Startup Time": 0.246,
                          "Actual Total Time": 92.226,
                          "Actual Rows": 8063,
                          "Actual Loops": 4,
                          "Filter": "((kind_id < 7) AND (production_year = 2005))",
                          "Rows Removed by Filter": 624015
                        }
                      ]
                    }
                  ]
                }
              ]
            }
          ]
        }
      ]
    },
    "Planning Time": 0.556,
    "Triggers": [],
    "Execution Time": 225.484
  }
]