[
  {
    "Plan": {
      "Node Type": "Aggregate",
      "Strategy": "Plain",
      "Partial Mode": "Finalize",
      "Parallel Aware": false,
      "Startup Cost": 47052.89,
      "Total Cost": 47052.9,
      "Plan Rows": 1,
      "Plan Width": 8,
      "Actual Startup Time": 97.205,
      "Actual Total Time": 108.181,
      "Actual Rows": 1,
      "Actual Loops": 1,
      "Plans": [
        {
          "Node Type": "Gather",
          "Parent Relationship": "Outer",
          "Parallel Aware": false,
          "Startup Cost": 47052.47,
          "Total Cost": 47052.88,
          "Plan Rows": 4,
          "Plan Width": 8,
          "Actual Startup Time": 96.914,
          "Actual Total Time": 108.172,
          "Actual Rows": 5,
          "Actual Loops": 1,
          "Workers Planned": 4,
          "Workers Launched": 4,
          "Single Copy": false,
          "Plans": [
            {
              "Node Type": "Aggregate",
              "Strategy": "Plain",
              "Partial Mode": "Partial",
              "Parent Relationship": "Outer",
              "Parallel Aware": false,
              "Startup Cost": 46052.47,
              "Total Cost": 46052.48,
              "Plan Rows": 1,
              "Plan Width": 8,
              "Actual Startup Time": 91.408,
              "Actual Total Time": 91.409,
              "Actual Rows": 1,
              "Actual Loops": 5,
              "Plans": [
                {
                  "Node Type": "Seq Scan",
                  "Parent Relationship": "Outer",
                  "Parallel Aware": true,
                  "Relation Name": "title",
                  "Alias": "t",
                  "Startup Cost": 0.0,
                  "Total Cost": 45479.1,
                  "Plan Rows": 229348,
                  "Plan Width": 0,
                  "Actual Startup Time": 0.029,
                  "Actual Total Time": 83.989,
                  "Actual Rows": 171483,
                  "Actual Loops": 5,
                  "Filter": "((kind_id < 7) AND (production_year > 1931))",
                  "Rows Removed by Filter": 334179
                }
              ]
            }
          ]
        }
      ]
    },
    "Planning Time": 0.108,
    "Triggers": [],
    "Execution Time": 108.22
  }
]