[
  {
    "Plan": {
      "Node Type": "Aggregate",
      "Strategy": "Plain",
      "Partial Mode": "Finalize",
      "Parallel Aware": false,
      "Startup Cost": 45404.41,
      "Total Cost": 45404.42,
      "Plan Rows": 1,
      "Plan Width": 8,
      "Actual Startup Time": 144.506,
      "Actual Total Time": 154.031,
      "Actual Rows": 1,
      "Actual Loops": 1,
      "Plans": [
        {
          "Node Type": "Gather",
          "Parent Relationship": "Outer",
          "Parallel Aware": false,
          "Startup Cost": 45404.09,
          "Total Cost": 45404.4,
          "Plan Rows": 3,
          "Plan Width": 8,
          "Actual Startup Time": 144.38,
          "Actual Total Time": 154.024,
          "Actual Rows": 4,
          "Actual Loops": 1,
          "Workers Planned": 3,
          "Workers Launched": 3,
          "Single Copy": false,
          "Plans": [
            {
              "Node Type": "Aggregate",
              "Strategy": "Plain",
              "Partial Mode": "Partial",
              "Parent Relationship": "Outer",
              "Parallel Aware": false,
              "Startup Cost": 44404.09,
              "Total Cost": 44404.1,
              "Plan Rows": 1,
              "Plan Width": 8,
              "Actual Startup Time": 137.149,
              "Actual Total Time": 137.15,
              "Actual Rows": 1,
              "Actual Loops": 4,
              "Plans": [
                {
                  "Node Type": "Seq Scan",
                  "Parent Relationship": "Outer",
                  "Parallel Aware": true,
                  "Relation Name": "movie_keyword",
                  "Alias": "mk",
                  "Startup Cost": 0.0,
                  "Total Cost": 42695.65,
                  "Plan Rows": 683376,
                  "Plan Width": 0,
                  "Actual Startup Time": 0.053,
                  "Actual Total Time": 112.395,
                  "Actual Rows": 530028,
                  "Actual Loops": 4,
                  "Filter": "(keyword_id < 3891)",
                  "Rows Removed by Filter": 600955
                }
              ]
            }
          ]
        }
      ]
    },
    "Planning Time": 0.155,
    "Triggers": [],
    "Execution Time": 154.147
  }
]