[
  {
    "Plan": {
      "Node Type": "Aggregate",
      "Strategy": "Plain",
      "Partial Mode": "Finalize",
      "Parallel Aware": false,
      "Startup Cost": 332315.66,
      "Total Cost": 332315.67,
      "Plan Rows": 1,
      "Plan Width": 8,
      "Actual Startup Time": 578.474,
      "Actual Total Time": 637.056,
      "Actual Rows": 1,
      "Actual Loops": 1,
      "Plans": [
        {
          "Node Type": "Gather",
          "Parent Relationship": "Outer",
          "Parallel Aware": false,
          "Startup Cost": 332315.04,
          "Total Cost": 332315.65,
          "Plan Rows": 6,
          "Plan Width": 8,
          "Actual Startup Time": 578.353,
          "Actual Total Time": 637.047,
          "Actual Rows": 7,
          "Actual Loops": 1,
          "Workers Planned": 6,
          "Workers Launched": 6,
          "Single Copy": false,
          "Plans": [
            {
              "Node Type": "Aggregate",
              "Strategy": "Plain",
              "Partial Mode": "Partial",
              "Parent Relationship": "Outer",
              "Parallel Aware": false,
              "Startup Cost": 331315.04,
              "Total Cost": 331315.05,
              "Plan Rows": 1,
              "Plan Width": 8,
              "Actual Startup Time": 570.301,
              "Actual Total Time": 570.303,
              "Actual Rows": 1,
              "Actual Loops": 7,
              "Plans": [
                {
                  "Node Type": "Seq Scan",
                  "Parent Relationship": "Outer",
                  "Parallel Aware": true,
                  "Relation Name": "cast_info",
                  "Alias": "ci",
                  "Startup Cost": 0.0,
                  "Total Cost": 328162.03,
                  "Plan Rows": 1261204,
                  "Plan Width": 0,
                  "Actual Startup Time": 0.043,
                  "Actual Total Time": 522.522,
                  "Actual Rows": 1107689,
                  "Actual Loops": 7,
                  "Filter": "(person_id < 754390)",
                  "Rows Removed by Filter": 4070075
                }
              ]
            }
          ]
        }
      ]
    },
    "Planning Time": 0.179,
    "Triggers": [],
    "Execution Time": 637.166
  }
]