[
  {
    "Plan": {
      "Node Type": "Aggregate",
      "Strategy": "Plain",
      "Partial Mode": "Finalize",
      "Parallel Aware": false,
      "Startup Cost": 208504.9,
      "Total Cost": 208504.91,
      "Plan Rows": 1,
      "Plan Width": 8,
      "Actual Startup Time": 269.468,
      "Actual Total Time": 291.386,
      "Actual Rows": 1,
      "Actual Loops": 1,
      "Plans": [
        {
          "Node Type": "Gather",
          "Parent Relationship": "Outer",
          "Parallel Aware": false,
          "Startup Cost": 208504.27,
          "Total Cost": 208504.88,
          "Plan Rows": 6,
          "Plan Width": 8,
          "Actual Startup Time": 269.304,
          "Actual Total Time": 291.376,
          "Actual Rows": 7,
          "Actual Loops": 1,
          "Workers Planned": 6,
          "Workers Launched": 6,
          "Single Copy": false,
          "Plans": [
            {
              "Node Type": "Aggregate",
              "Strategy": "Plain",
              "Partial Mode": "Partial",
              "Parent Relationship": "Outer",
              "Parallel Aware": false,
              "Startup Cost": 207504.27,
              "Total Cost": 207504.28,
              "Plan Rows": 1,
              "Plan Width": 8,
              "Actual Startup Time": 261.874,
              "Actual Total Time": 261.875,
              "Actual Rows": 1,
              "Actual Loops": 7,
              "Plans": [
                {
                  "Node Type": "Index Scan",
                  "Parent Relationship": "Outer",
                  "Parallel Aware": true,
                  "Scan Direction": "Forward",
                  "Index Name": "role_id_cast_info",
                  "Relation Name": "cast_info",
                  "Alias": "ci",
                  "Startup Cost": 0.56,
                  "Total Cost": 206461.54,
                  "Plan Rows": 417094,
                  "Plan Width": 0,
                  "Actual Startup Time": 0.179,
                  "Actual Total Time": 251.907,
                  "Actual Rows": 172689,
                  "Actual Loops": 7,
                  "Index Cond": "(role_id > 6)",
                  "Rows Removed by Index Recheck": 0,
                  "Filter": "(person_id < 1172016)",
                  "Rows Removed by Filter": 929117
                }
              ]
            }
          ]
        }
      ]
    },
    "Planning Time": 0.107,
    "Triggers": [],
    "Execution Time": 291.427
  }
]