[
  {
    "Plan": {
      "Node Type": "Aggregate",
      "Strategy": "Plain",
      "Partial Mode": "Finalize",
      "Parallel Aware": false,
      "Startup Cost": 235609.55,
      "Total Cost": 235609.56,
      "Plan Rows": 1,
      "Plan Width": 8,
      "Actual Startup Time": 387.424,
      "Actual Total Time": 402.024,
      "Actual Rows": 1,
      "Actual Loops": 1,
      "Plans": [
        {
          "Node Type": "Gather",
          "Parent Relationship": "Outer",
          "Parallel Aware": false,
          "Startup Cost": 235609.02,
          "Total Cost": 235609.53,
          "Plan Rows": 5,
          "Plan Width": 8,
          "Actual Startup Time": 383.258,
          "Actual Total Time": 402.012,
          "Actual Rows": 6,
          "Actual Loops": 1,
          "Workers Planned": 5,
          "Workers Launched": 5,
          "Single Copy": false,
          "Plans": [
            {
              "Node Type": "Aggregate",
              "Strategy": "Plain",
              "Partial Mode": "Partial",
              "Parent Relationship": "Outer",
              "Parallel Aware": false,
              "Startup Cost": 234609.02,
              "Total Cost": 234609.03,
              "Plan Rows": 1,
              "Plan Width": 8,
              "Actual Startup Time": 374.342,
              "Actual Total Time": 374.346,
              "Actual Rows": 1,
              "Actual Loops": 6,
              "Plans": [
                {
                  "Node Type": "Nested Loop",
                  "Parent Relationship": "Outer",
                  "Parallel Aware": false,
                  "Join Type": "Inner",
                  "Startup Cost": 55177.52,
                  "Total Cost": 234572.7,
                  "Plan Rows": 14528,
                  "Plan Width": 0,
                  "Actual Startup Time": 168.144,
                  "Actual Total Time": 366.204,
                  "Actual Rows": 159256,
                  "Actual Loops": 6,
                  "Inner Unique": false,
                  "Plans": [
                    {
                      "Node Type": "Hash Join",
                      "Parent Relationship": "Outer",
                      "Parallel Aware": true,
                      "Join Type": "Inner",
                      "Startup Cost": 55177.09,
                      "Total Cost": 218711.98,
                      "Plan Rows": 26617,
                      "Plan Width": 8,
                      "Actual Startup Time": 168.024,
                      "Actual Total Time": 198.687,
                      "Actual Rows": 57708,
                      "Actual Loops": 6,
                      "Inner Unique": true,
                      "Hash Cond": "(mi.movie_id = t.id)",
                      "Plans": [
                        {
                          "Node Type": "Bitmap Heap Scan",
                          "Parent Relationship": "Outer",
                          "Parallel Aware": true,
                          "Relation Name": "movie_info",
                          "Alias": "mi",
                          "Startup Cost": 9214.73,
                          "Total Cost": 172482.02,
                          "Plan Rows": 101943,
                          "Plan Width": 4,
                          "Actual Startup Time": 25.363,
                          "Actual Total Time": 40.15,
                          "Actual Rows": 81092,
                          "Actual Loops": 6,
                          "Recheck Cond": "(info_type_id = 5)",
                          "Rows Removed by Index Recheck": 0,
                          "Exact Heap Blocks": 1012,
                          "Lossy Heap Blocks": 0,
                          "Plans": [
                            {
                              "Node Type": "Bitmap Index Scan",
                              "Parent Relationship": "Outer",
                              "Parallel Aware": false,
                              "Index Name": "info_type_id_movie_info",
                              "Startup Cost": 0.0,
                              "Total Cost": 9087.3,
                              "Plan Rows": 509716,
                              "Plan Width": 0,
                              "Actual Startup Time": 24.497,
                              "Actual Total Time": 24.498,
                              "Actual Rows": 486554,
                              "Actual Loops": 1,
                              "Index Cond": "(info_type_id = 5)"
                            }
                          ]
                        },
                        {
                          "Node Type": "Hash",
                          "Parent Relationship": "Inner",
                          "Parallel Aware": true,
                          "Startup Cost": 43899.32,
                          "Total Cost": 43899.32,
                          "Plan Rows": 165043,
                          "Plan Width": 4,
                          "Actual Startup Time": 128.875,
                          "Actual Total Time": 128.876,
                          "Actual Rows": 110471,
                          "Actual Loops": 6,
                          "Hash Buckets": 1048576,
                          "Original Hash Buckets": 1048576,
                          "Hash Batches": 1,
                          "Original Hash Batches": 1,
                          "Peak Memory Usage": 34208,
                          "Plans": [
                            {
                              "Node Type": "Seq Scan",
                              "Parent Relationship": "Outer",
                              "Parallel Aware": true,
                              "Relation Name": "title",
                              "Alias": "t",
                              "Startup Cost": 0.0,
                              "Total Cost": 43899.32,
                              "Plan Rows": 165043,
                              "Plan Width": 4,
                              "Actual Startup Time": 43.396,
                              "Actual Total Time": 85.461,
                              "Actual Rows": 110471,
                              "Actual Loops": 6,
                              "Filter": "(kind_id = 1)",
                              "Rows Removed by Filter": 310914
                            }
                          ]
                        }
                      ]
                    },
                    {
                      "Node Type": "Index Only Scan",
                      "Parent Relationship": "Inner",
                      "Parallel Aware": false,
                      "Scan Direction": "Forward",
                      "Index Name": "movie_id_movie_info_idx",
                      "Relation Name": "movie_info_idx",
                      "Alias": "mi_idx",
                      "Startup Cost": 0.43,
                      "Total Cost": 0.57,
                      "Plan Rows": 3,
                      "Plan Width": 4,
                      "Actual Startup Time": 0.002,
                      "Actual Total Time": 0.003,
                      "Actual Rows": 3,
                      "Actual Loops": 346247,
                      "Index Cond": "(movie_id = t.id)",
                      "Rows Removed by Index Recheck": 0,
                      "Heap Fetches": 955539
                    }
                  ]
                }
              ]
            }
          ]
        }
      ]
    },
    "Planning Time": 0.704,
    "Triggers": [],
    "Execution Time": 402.086
  }
]