[
  {
    "Plan": {
      "Node Type": "Aggregate",
      "Strategy": "Plain",
      "Partial Mode": "Finalize",
      "Parallel Aware": false,
      "Startup Cost": 339645.43,
      "Total Cost": 339645.44,
      "Plan Rows": 1,
      "Plan Width": 8,
      "Actual Startup Time": 792.617,
      "Actual Total Time": 835.216,
      "Actual Rows": 1,
      "Actual Loops": 1,
      "Plans": [
        {
          "Node Type": "Gather",
          "Parent Relationship": "Outer",
          "Parallel Aware": false,
          "Startup Cost": 339644.8,
          "Total Cost": 339645.41,
          "Plan Rows": 6,
          "Plan Width": 8,
          "Actual Startup Time": 792.403,
          "Actual Total Time": 835.201,
          "Actual Rows": 7,
          "Actual Loops": 1,
          "Workers Planned": 6,
          "Workers Launched": 6,
          "Single Copy": false,
          "Plans": [
            {
              "Node Type": "Aggregate",
              "Strategy": "Plain",
              "Partial Mode": "Partial",
              "Parent Relationship": "Outer",
              "Parallel Aware": false,
              "Startup Cost": 338644.8,
              "Total Cost": 338644.81,
              "Plan Rows": 1,
              "Plan Width": 8,
              "Actual Startup Time": 785.756,
              "Actual Total Time": 785.757,
              "Actual Rows": 1,
              "Actual Loops": 7,
              "Plans": [
                {
                  "Node Type": "Seq Scan",
                  "Parent Relationship": "Outer",
                  "Parallel Aware": true,
                  "Relation Name": "cast_info",
                  "Alias": "ci",
                  "Startup Cost": 0.0,
                  "Total Cost": 328211.39,
                  "Plan Rows": 4173364,
                  "Plan Width": 0,
                  "Actual Startup Time": 0.041,
                  "Actual Total Time": 611.279,
                  "Actual Rows": 3594387,
                  "Actual Loops": 7,
                  "Filter": "(person_id < 2594205)",
                  "Rows Removed by Filter": 1583376
                }
              ]
            }
          ]
        }
      ]
    },
    "Planning Time": 0.169,
    "Triggers": [],
    "Execution Time": 835.275
  }
]