[
  {
    "Plan": {
      "Node Type": "Aggregate",
      "Strategy": "Plain",
      "Partial Mode": "Finalize",
      "Parallel Aware": false,
      "Startup Cost": 339598.8,
      "Total Cost": 339598.81,
      "Plan Rows": 1,
      "Plan Width": 8,
      "Actual Startup Time": 746.6,
      "Actual Total Time": 803.424,
      "Actual Rows": 1,
      "Actual Loops": 1,
      "Plans": [
        {
          "Node Type": "Gather",
          "Parent Relationship": "Outer",
          "Parallel Aware": false,
          "Startup Cost": 339598.17,
          "Total Cost": 339598.78,
          "Plan Rows": 6,
          "Plan Width": 8,
          "Actual Startup Time": 746.466,
          "Actual Total Time": 803.414,
          "Actual Rows": 7,
          "Actual Loops": 1,
          "Workers Planned": 6,
          "Workers Launched": 6,
          "Single Copy": false,
          "Plans": [
            {
              "Node Type": "Aggregate",
              "Strategy": "Plain",
              "Partial Mode": "Partial",
              "Parent Relationship": "Outer",
              "Parallel Aware": false,
              "Startup Cost": 338598.17,
              "Total Cost": 338598.18,
              "Plan Rows": 1,
              "Plan Width": 8,
              "Actual Startup Time": 738.154,
              "Actual Total Time": 738.155,
              "Actual Rows": 1,
              "Actual Loops": 7,
              "Plans": [
                {
                  "Node Type": "Seq Scan",
                  "Parent Relationship": "Outer",
                  "Parallel Aware": true,
                  "Relation Name": "cast_info",
                  "Alias": "ci",
                  "Startup Cost": 0.0,
                  "Total Cost": 328162.03,
                  "Plan Rows": 4174459,
                  "Plan Width": 0,
                  "Actual Startup Time": 0.043,
                  "Actual Total Time": 586.887,
                  "Actual Rows": 3594387,
                  "Actual Loops": 7,
                  "Filter": "(person_id < 2594205)",
                  "Rows Removed by Filter": 1583376
                }
              ]
            }
          ]
        }
      ]
    },
    "Planning Time": 0.195,
    "Triggers": [],
    "Execution Time": 803.497
  }
]