[
  {
    "Plan": {
      "Node Type": "Aggregate",
      "Strategy": "Plain",
      "Partial Mode": "Finalize",
      "Parallel Aware": false,
      "Startup Cost": 53819.93,
      "Total Cost": 53819.94,
      "Plan Rows": 1,
      "Plan Width": 8,
      "Actual Startup Time": 325.417,
      "Actual Total Time": 385.002,
      "Actual Rows": 1,
      "Actual Loops": 1,
      "Plans": [
        {
          "Node Type": "Gather",
          "Parent Relationship": "Outer",
          "Parallel Aware": false,
          "Startup Cost": 53819.61,
          "Total Cost": 53819.92,
          "Plan Rows": 3,
          "Plan Width": 8,
          "Actual Startup Time": 325.134,
          "Actual Total Time": 384.992,
          "Actual Rows": 4,
          "Actual Loops": 1,
          "Workers Planned": 3,
          "Workers Launched": 3,
          "Single Copy": false,
          "Plans": [
            {
              "Node Type": "Aggregate",
              "Strategy": "Plain",
              "Partial Mode": "Partial",
              "Parent Relationship": "Outer",
              "Parallel Aware": false,
              "Startup Cost": 52819.61,
              "Total Cost": 52819.62,
              "Plan Rows": 1,
              "Plan Width": 8,
              "Actual Startup Time": 319.006,
              "Actual Total Time": 319.008,
              "Actual Rows": 1,
              "Actual Loops": 4,
              "Plans": [
                {
                  "Node Type": "Nested Loop",
                  "Parent Relationship": "Outer",
                  "Parallel Aware": false,
                  "Join Type": "Inner",
                  "Startup Cost": 258.92,
                  "Total Cost": 52782.0,
                  "Plan Rows": 15047,
                  "Plan Width": 0,
                  "Actual Startup Time": 1.961,
                  "Actual Total Time": 316.351,
                  "Actual Rows": 29969,
                  "Actual Loops": 4,
                  "Inner Unique": false,
                  "Plans": [
                    {
                      "Node Type": "Nested Loop",
                      "Parent Relationship": "Outer",
                      "Parallel Aware": false,
                      "Join Type": "Inner",
                      "Startup Cost": 258.36,
                      "Total Cost": 45151.48,
                      "Plan Rows": 3892,
                      "Plan Width": 8,
                      "Actual Startup Time": 1.385,
                      "Actual Total Time": 29.602,
                      "Actual Rows": 2308,
                      "Actual Loops": 4,
                      "Inner Unique": true,
                      "Plans": [
                        {
                          "Node Type": "Bitmap Heap Scan",
                          "Parent Relationship": "Outer",
                          "Parallel Aware": true,
                          "Relation Name": "movie_keyword",
                          "Alias": "mk",
                          "Startup Cost": 257.93,
                          "Total Cost": 20753.36,
                          "Plan Rows": 3892,
                          "Plan Width": 4,
                          "Actual Startup Time": 1.255,
                          "Actual Total Time": 10.197,
                          "Actual Rows": 2308,
                          "Actual Loops": 4,
                          "Recheck Cond": "(keyword_id = 784)",
                          "Rows Removed by Index Recheck": 0,
                          "Exact Heap Blocks": 3203,
                          "Lossy Heap Blocks": 0,
                          "Plans": [
                            {
                              "Node Type": "Bitmap Index Scan",
                              "Parent Relationship": "Outer",
                              "Parallel Aware": false,
                              "Index Name": "keyword_id_movie_keyword",
                              "Startup Cost": 0.0,
                              "Total Cost": 254.91,
                              "Plan Rows": 12064,
                              "Plan Width": 0,
                              "Actual Startup Time": 3.213,
                              "Actual Total Time": 3.213,
                              "Actual Rows": 9234,
                              "Actual Loops": 1,
                              "Index Cond": "(keyword_id = 784)"
                            }
                          ]
                        },
                        {
                          "Node Type": "Index Only Scan",
                          "Parent Relationship": "Inner",
                          "Parallel Aware": false,
                          "Scan Direction": "Forward",
                          "Index Name": "title_pkey",
                          "Relation Name": "title",
                          "Alias": "t",
                          "Startup Cost": 0.43,
                          "Total Cost": 6.27,
                          "Plan Rows": 1,
                          "Plan Width": 4,
                          "Actual Startup Time": 0.008,
                          "Actual Total Time": 0.008,
                          "Actual Rows": 1,
                          "Actual Loops": 9234,
                          "Index Cond": "(id = mk.movie_id)",
                          "Rows Removed by Index Recheck": 0,
                          "Heap Fetches": 9234
                        }
                      ]
                    },
                    {
                      "Node Type": "Index Scan",
                      "Parent Relationship": "Inner",
                      "Parallel Aware": false,
                      "Scan Direction": "Forward",
                      "Index Name": "movie_id_cast_info",
                      "Relation Name": "cast_info",
                      "Alias": "ci",
                      "Startup Cost": 0.56,
                      "Total Cost": 1.87,
                      "Plan Rows": 9,
                      "Plan Width": 4,
                      "Actual Startup Time": 0.078,
                      "Actual Total Time": 0.122,
                      "Actual Rows": 13,
                      "Actual Loops": 9234,
                      "Index Cond": "(movie_id = t.id)",
                      "Rows Removed by Index Recheck": 0,
                      "Filter": "(person_id > 2740737)",
                      "Rows Removed by Filter": 38
                    }
                  ]
                }
              ]
            }
          ]
        }
      ]
    },
    "Planning Time": 0.58,
    "Triggers": [],
    "Execution Time": 385.078
  }
]