[
  {
    "Plan": {
      "Node Type": "Aggregate",
      "Strategy": "Plain",
      "Partial Mode": "Finalize",
      "Parallel Aware": false,
      "Startup Cost": 87494.27,
      "Total Cost": 87494.28,
      "Plan Rows": 1,
      "Plan Width": 8,
      "Actual Startup Time": 352.794,
      "Actual Total Time": 370.897,
      "Actual Rows": 1,
      "Actual Loops": 1,
      "Plans": [
        {
          "Node Type": "Gather",
          "Parent Relationship": "Outer",
          "Parallel Aware": false,
          "Startup Cost": 87493.95,
          "Total Cost": 87494.26,
          "Plan Rows": 3,
          "Plan Width": 8,
          "Actual Startup Time": 349.928,
          "Actual Total Time": 370.888,
          "Actual Rows": 4,
          "Actual Loops": 1,
          "Workers Planned": 3,
          "Workers Launched": 3,
          "Single Copy": false,
          "Plans": [
            {
              "Node Type": "Aggregate",
              "Strategy": "Plain",
              "Partial Mode": "Partial",
              "Parent Relationship": "Outer",
              "Parallel Aware": false,
              "Startup Cost": 86493.95,
              "Total Cost": 86493.96,
              "Plan Rows": 1,
              "Plan Width": 8,
              "Actual Startup Time": 340.662,
              "Actual Total Time": 340.666,
              "Actual Rows": 1,
              "Actual Loops": 4,
              "Plans": [
                {
                  "Node Type": "Hash Join",
                  "Parent Relationship": "Outer",
                  "Parallel Aware": true,
                  "Join Type": "Inner",
                  "Startup Cost": 59278.24,
                  "Total Cost": 86364.34,
                  "Plan Rows": 51844,
                  "Plan Width": 0,
                  "Actual Startup Time": 224.543,
                  "Actual Total Time": 335.046,
                  "Actual Rows": 112572,
                  "Actual Loops": 4,
                  "Inner Unique": true,
                  "Hash Cond": "(mk.movie_id = t.id)",
                  "Plans": [
                    {
                      "Node Type": "Bitmap Heap Scan",
                      "Parent Relationship": "Outer",
                      "Parallel Aware": true,
                      "Relation Name": "movie_keyword",
                      "Alias": "mk",
                      "Startup Cost": 11445.34,
                      "Total Cost": 38074.63,
                      "Plan Rows": 174023,
                      "Plan Width": 4,
                      "Actual Startup Time": 31.886,
                      "Actual Total Time": 93.561,
                      "Actual Rows": 138932,
                      "Actual Loops": 4,
                      "Recheck Cond": "(keyword_id < 398)",
                      "Rows Removed by Index Recheck": 0,
                      "Exact Heap Blocks": 6645,
                      "Lossy Heap Blocks": 0,
                      "Plans": [
                        {
                          "Node Type": "Bitmap Index Scan",
                          "Parent Relationship": "Outer",
                          "Parallel Aware": false,
                          "Index Name": "keyword_id_movie_keyword",
                          "Startup Cost": 0.0,
                          "Total Cost": 11310.47,
                          "Plan Rows": 539472,
                          "Plan Width": 0,
                          "Actual Startup Time": 27.978,
                          "Actual Total Time": 27.979,
                          "Actual Rows": 555726,
                          "Actual Loops": 1,
                          "Index Cond": "(keyword_id < 398)"
                        }
                      ]
                    },
                    {
                      "Node Type": "Hash",
                      "Parent Relationship": "Inner",
                      "Parallel Aware": true,
                      "Startup Cost": 45479.1,
                      "Total Cost": 45479.1,
                      "Plan Rows": 188304,
                      "Plan Width": 4,
                      "Actual Startup Time": 187.51,
                      "Actual Total Time": 187.511,
                      "Actual Rows": 198486,
                      "Actual Loops": 4,
                      "Hash Buckets": 1048576,
                      "Original Hash Buckets": 1048576,
                      "Hash Batches": 1,
                      "Original Hash Batches": 1,
                      "Peak Memory Usage": 39328,
                      "Plans": [
                        {
                          "Node Type": "Seq Scan",
                          "Parent Relationship": "Outer",
                          "Parallel Aware": true,
                          "Relation Name": "title",
                          "Alias": "t",
                          "Startup Cost": 0.0,
                          "Total Cost": 45479.1,
                          "Plan Rows": 188304,
                          "Plan Width": 4,
                          "Actual Startup Time": 0.043,
                          "Actual Total Time": 111.486,
                          "Actual Rows": 198486,
                          "Actual Loops": 4,
                          "Filter": "((kind_id < 7) AND (production_year < 2010))",
                          "Rows Removed by Filter": 433592
                        }
                      ]
                    }
                  ]
                }
              ]
            }
          ]
        }
      ]
    },
    "Planning Time": 0.592,
    "Triggers": [],
    "Execution Time": 370.985
  }
]