[
  {
    "Plan": {
      "Node Type": "Aggregate",
      "Strategy": "Plain",
      "Partial Mode": "Finalize",
      "Parallel Aware": false,
      "Startup Cost": 167248.74,
      "Total Cost": 167248.75,
      "Plan Rows": 1,
      "Plan Width": 8,
      "Actual Startup Time": 240.836,
      "Actual Total Time": 260.115,
      "Actual Rows": 1,
      "Actual Loops": 1,
      "Plans": [
        {
          "Node Type": "Gather",
          "Parent Relationship": "Outer",
          "Parallel Aware": false,
          "Startup Cost": 167248.22,
          "Total Cost": 167248.73,
          "Plan Rows": 5,
          "Plan Width": 8,
          "Actual Startup Time": 240.735,
          "Actual Total Time": 260.105,
          "Actual Rows": 6,
          "Actual Loops": 1,
          "Workers Planned": 5,
          "Workers Launched": 5,
          "Single Copy": false,
          "Plans": [
            {
              "Node Type": "Aggregate",
              "Strategy": "Plain",
              "Partial Mode": "Partial",
              "Parent Relationship": "Outer",
              "Parallel Aware": false,
              "Startup Cost": 166248.22,
              "Total Cost": 166248.23,
              "Plan Rows": 1,
              "Plan Width": 8,
              "Actual Startup Time": 230.316,
              "Actual Total Time": 230.319,
              "Actual Rows": 1,
              "Actual Loops": 6,
              "Plans": [
                {
                  "Node Type": "Hash Join",
                  "Parent Relationship": "Outer",
                  "Parallel Aware": true,
                  "Join Type": "Inner",
                  "Startup Cost": 45498.25,
                  "Total Cost": 166245.7,
                  "Plan Rows": 1008,
                  "Plan Width": 0,
                  "Actual Startup Time": 85.065,
                  "Actual Total Time": 230.274,
                  "Actual Rows": 149,
                  "Actual Loops": 6,
                  "Inner Unique": true,
                  "Hash Cond": "(ci.movie_id = t.id)",
                  "Plans": [
                    {
                      "Node Type": "Index Scan",
                      "Parent Relationship": "Outer",
                      "Parallel Aware": true,
                      "Scan Direction": "Forward",
                      "Index Name": "role_id_cast_info",
                      "Relation Name": "cast_info",
                      "Alias": "ci",
                      "Startup Cost": 0.56,
                      "Total Cost": 119623.46,
                      "Plan Rows": 428403,
                      "Plan Width": 4,
                      "Actual Startup Time": 0.576,
                      "Actual Total Time": 134.34,
                      "Actual Rows": 114793,
                      "Actual Loops": 6,
                      "Index Cond": "(role_id = 10)",
                      "Rows Removed by Index Recheck": 0,
                      "Filter": "(person_id < 1757885)",
                      "Rows Removed by Filter": 605710
                    },
                    {
                      "Node Type": "Hash",
                      "Parent Relationship": "Inner",
                      "Parallel Aware": true,
                      "Startup Cost": 45479.1,
                      "Total Cost": 45479.1,
                      "Plan Rows": 1487,
                      "Plan Width": 4,
                      "Actual Startup Time": 80.933,
                      "Actual Total Time": 80.934,
                      "Actual Rows": 980,
                      "Actual Loops": 6,
                      "Hash Buckets": 8192,
                      "Original Hash Buckets": 8192,
                      "Hash Batches": 1,
                      "Original Hash Batches": 1,
                      "Peak Memory Usage": 416,
                      "Plans": [
                        {
                          "Node Type": "Seq Scan",
                          "Parent Relationship": "Outer",
                          "Parallel Aware": true,
                          "Relation Name": "title",
                          "Alias": "t",
                          "Startup Cost": 0.0,
                          "Total Cost": 45479.1,
                          "Plan Rows": 1487,
                          "Plan Width": 4,
                          "Actual Startup Time": 1.69,
                          "Actual Total Time": 80.237,
                          "Actual Rows": 980,
                          "Actual Loops": 6,
                          "Filter": "((kind_id < 7) AND (production_year = 1973))",
                          "Rows Removed by Filter": 420406
                        }
                      ]
                    }
                  ]
                }
              ]
            }
          ]
        }
      ]
    },
    "Planning Time": 0.662,
    "Triggers": [],
    "Execution Time": 260.196
  }
]