{
  "Plan": {
    "Node Type": "Aggregate",
    "Strategy": "Plain",
    "Partial Mode": "Finalize",
    "Parallel Aware": false,
    "Startup Cost": 411401.75,
    "Total Cost": 411401.76,
    "Plan Rows": 1,
    "Plan Width": 8,
    "Actual Startup Time": 2698.243,
    "Actual Total Time": 2723.306,
    "Actual Rows": 1,
    "Actual Loops": 1,
    "Plans": [
      {
        "Node Type": "Gather",
        "Parent Relationship": "Outer",
        "Parallel Aware": false,
        "Startup Cost": 411401.64,
        "Total Cost": 411401.75,
        "Plan Rows": 1,
        "Plan Width": 8,
        "Actual Startup Time": 2691.026,
        "Actual Total Time": 2723.3,
        "Actual Rows": 2,
        "Actual Loops": 1,
        "Workers Planned": 1,
        "Workers Launched": 1,
        "Single Copy": false,
        "Plans": [
          {
            "Node Type": "Aggregate",
            "Strategy": "Plain",
            "Partial Mode": "Partial",
            "Parent Relationship": "Outer",
            "Parallel Aware": false,
            "Startup Cost": 410401.64,
            "Total Cost": 410401.65,
            "Plan Rows": 1,
            "Plan Width": 8,
            "Actual Startup Time": 2684.711,
            "Actual Total Time": 2684.715,
            "Actual Rows": 1,
            "Actual Loops": 2,
            "Plans": [
              {
                "Node Type": "Merge Join",
                "Parent Relationship": "Outer",
                "Parallel Aware": false,
                "Join Type": "Inner",
                "Startup Cost": 264854.43,
                "Total Cost": 408906.73,
                "Plan Rows": 597965,
                "Plan Width": 0,
                "Actual Startup Time": 1469.986,
                "Actual Total Time": 2495.798,
                "Actual Rows": 4907042,
                "Actual Loops": 2,
                "Inner Unique": false,
                "Merge Cond": "(mc.movie_id = t.id)",
                "Plans": [
                  {
                    "Node Type": "Index Only Scan",
                    "Parent Relationship": "Outer",
                    "Parallel Aware": true,
                    "Scan Direction": "Forward",
                    "Index Name": "movie_id_movie_companies",
                    "Relation Name": "movie_companies",
                    "Alias": "mc",
                    "Startup Cost": 0.43,
                    "Total Cost": 129315.97,
                    "Plan Rows": 1534782,
                    "Plan Width": 4,
                    "Actual Startup Time": 0.098,
                    "Actual Total Time": 318.938,
                    "Actual Rows": 1304564,
                    "Actual Loops": 2,
                    "Heap Fetches": 2609129
                  },
                  {
                    "Node Type": "Sort",
                    "Parent Relationship": "Inner",
                    "Parallel Aware": false,
                    "Startup Cost": 264853.9,
                    "Total Cost": 267316.52,
                    "Plan Rows": 985046,
                    "Plan Width": 8,
                    "Actual Startup Time": 1468.046,
                    "Actual Total Time": 1665.217,
                    "Actual Rows": 5624462,
                    "Actual Loops": 2,
                    "Sort Key": [
                      "t.id"
                    ],
                    "Sort Method": "quicksort",
                    "Sort Space Used": 112782,
                    "Sort Space Type": "Memory",
                    "Workers": [
                      {
                        "Worker Number": 0,
                        "Sort Method": "quicksort",
                        "Sort Space Used": 112782,
                        "Sort Space Type": "Memory"
                      }
                    ],
                    "Plans": [
                      {
                        "Node Type": "Hash Join",
                        "Parent Relationship": "Outer",
                        "Parallel Aware": false,
                        "Join Type": "Inner",
                        "Startup Cost": 77689.59,
                        "Total Cost": 166793.4,
                        "Plan Rows": 985046,
                        "Plan Width": 8,
                        "Actual Startup Time": 458.832,
                        "Actual Total Time": 1208.615,
                        "Actual Rows": 1357419,
                        "Actual Loops": 2,
                        "Inner Unique": true,
                        "Hash Cond": "(mk.movie_id = t.id)",
                        "Plans": [
                          {
                            "Node Type": "Seq Scan",
                            "Parent Relationship": "Outer",
                            "Parallel Aware": false,
                            "Relation Name": "movie_keyword",
                            "Alias": "mk",
                            "Startup Cost": 0.0,
                            "Total Cost": 81003.12,
                            "Plan Rows": 3085973,
                            "Plan Width": 4,
                            "Actual Startup Time": 1.239,
                            "Actual Total Time": 386.617,
                            "Actual Rows": 3074329,
                            "Actual Loops": 2,
                            "Filter": "(keyword_id > 2037)",
                            "Rows Removed by Filter": 1449601
                          },
                          {
                            "Node Type": "Hash",
                            "Parent Relationship": "Inner",
                            "Parallel Aware": false,
                            "Startup Cost": 67601.66,
                            "Total Cost": 67601.66,
                            "Plan Rows": 807034,
                            "Plan Width": 4,
                            "Actual Startup Time": 451.231,
                            "Actual Total Time": 451.232,
                            "Actual Rows": 812704,
                            "Actual Loops": 2,
                            "Hash Buckets": 1048576,
                            "Original Hash Buckets": 1048576,
                            "Hash Batches": 1,
                            "Original Hash Batches": 1,
                            "Peak Memory Usage": 36764,
                            "Plans": [
                              {
                                "Node Type": "Seq Scan",
                                "Parent Relationship": "Outer",
                                "Parallel Aware": false,
                                "Relation Name": "title",
                                "Alias": "t",
                                "Startup Cost": 0.0,
                                "Total Cost": 67601.66,
                                "Plan Rows": 807034,
                                "Plan Width": 4,
                                "Actual Startup Time": 0.039,
                                "Actual Total Time": 267.865,
                                "Actual Rows": 812704,
                                "Actual Loops": 2,
                                "Filter": "(production_year < 1995)",
                                "Rows Removed by Filter": 1715608
                              }
                            ]
                          }
                        ]
                      }
                    ]
                  }
                ]
              }
            ]
          }
        ]
      }
    ]
  },
  "Planning Time": 1.043,
  "Triggers": [],
  "Execution Time": 2736.539
}