[
  {
    "Plan": {
      "Node Type": "Aggregate",
      "Strategy": "Plain",
      "Partial Mode": "Finalize",
      "Parallel Aware": false,
      "Startup Cost": 262071.26,
      "Total Cost": 262071.27,
      "Plan Rows": 1,
      "Plan Width": 68,
      "Actual Startup Time": 3316.602,
      "Actual Total Time": 3340.149,
      "Actual Rows": 1,
      "Actual Loops": 1,
      "Plans": [
        {
          "Node Type": "Gather",
          "Parent Relationship": "Outer",
          "Parallel Aware": false,
          "Startup Cost": 262070.93,
          "Total Cost": 262071.24,
          "Plan Rows": 3,
          "Plan Width": 68,
          "Actual Startup Time": 2348.11,
          "Actual Total Time": 3340.117,
          "Actual Rows": 4,
          "Actual Loops": 1,
          "Workers Planned": 3,
          "Workers Launched": 3,
          "Single Copy": false,
          "Plans": [
            {
              "Node Type": "Aggregate",
              "Strategy": "Plain",
              "Partial Mode": "Partial",
              "Parent Relationship": "Outer",
              "Parallel Aware": false,
              "Startup Cost": 261070.93,
              "Total Cost": 261070.94,
              "Plan Rows": 1,
              "Plan Width": 68,
              "Actual Startup Time": 2778.468,
              "Actual Total Time": 2778.476,
              "Actual Rows": 1,
              "Actual Loops": 4,
              "Plans": [
                {
                  "Node Type": "Merge Join",
                  "Parent Relationship": "Outer",
                  "Parallel Aware": false,
                  "Join Type": "Inner",
                  "Startup Cost": 261016.16,
                  "Total Cost": 261059.98,
                  "Plan Rows": 1460,
                  "Plan Width": 45,
                  "Actual Startup Time": 2778.46,
                  "Actual Total Time": 2778.467,
                  "Actual Rows": 1,
                  "Actual Loops": 4,
                  "Inner Unique": true,
                  "Merge Cond": "(mc.company_type_id = ct.id)",
                  "Plans": [
                    {
                      "Node Type": "Sort",
                      "Parent Relationship": "Outer",
                      "Parallel Aware": false,
                      "Startup Cost": 261015.1,
                      "Total Cost": 261029.71,
                      "Plan Rows": 5842,
                      "Plan Width": 49,
                      "Actual Startup Time": 2778.39,
                      "Actual Total Time": 2778.397,
                      "Actual Rows": 20,
                      "Actual Loops": 4,
                      "Sort Key": [
                        "mc.company_type_id"
                      ],
                      "Sort Method": "quicksort",
                      "Sort Space Used": 29,
                      "Sort Space Type": "Memory",
                      "Workers": [
                        {
                          "Worker Number": 0,
                          "Sort Method": "quicksort",
                          "Sort Space Used": 26,
                          "Sort Space Type": "Memory"
                        },
                        {
                          "Worker Number": 1,
                          "Sort Method": "quicksort",
                          "Sort Space Used": 25,
                          "Sort Space Type": "Memory"
                        },
                        {
                          "Worker Number": 2,
                          "Sort Method": "quicksort",
                          "Sort Space Used": 28,
                          "Sort Space Type": "Memory"
                        }
                      ],
                      "Plans": [
                        {
                          "Node Type": "Merge Join",
                          "Parent Relationship": "Outer",
                          "Parallel Aware": false,
                          "Join Type": "Inner",
                          "Startup Cost": 138280.76,
                          "Total Cost": 260649.62,
                          "Plan Rows": 5842,
                          "Plan Width": 49,
                          "Actual Startup Time": 2591.014,
                          "Actual Total Time": 2778.275,
                          "Actual Rows": 20,
                          "Actual Loops": 4,
                          "Inner Unique": true,
                          "Merge Cond": "(mc.movie_id = t.id)",
                          "Plans": [
                            {
                              "Node Type": "Merge Join",
                              "Parent Relationship": "Outer",
                              "Parallel Aware": false,
                              "Join Type": "Inner",
                              "Startup Cost": 138277.77,
                              "Total Cost": 140607.03,
                              "Plan Rows": 10842,
                              "Plan Width": 36,
                              "Actual Startup Time": 780.372,
                              "Actual Total Time": 794.908,
                              "Actual Rows": 25,
                              "Actual Loops": 4,
                              "Inner Unique": false,
                              "Merge Cond": "(mc.movie_id = mi_idx.movie_id)",
                              "Plans": [
                                {
                                  "Node Type": "Sort",
                                  "Parent Relationship": "Outer",
                                  "Parallel Aware": false,
                                  "Startup Cost": 69746.53,
                                  "Total Cost": 70826.51,
                                  "Plan Rows": 431992,
                                  "Plan Width": 32,
                                  "Actual Startup Time": 317.755,
                                  "Actual Total Time": 331.941,
                                  "Actual Rows": 315974,
                                  "Actual Loops": 4,
                                  "Sort Key": [
                                    "mc.movie_id"
                                  ],
                                  "Sort Method": "quicksort",
                                  "Sort Space Used": 50107,
                                  "Sort Space Type": "Memory",
                                  "Workers": [
                                    {
                                      "Worker Number": 0,
                                      "Sort Method": "quicksort",
                                      "Sort Space Used": 34850,
                                      "Sort Space Type": "Memory"
                                    },
                                    {
                                      "Worker Number": 1,
                                      "Sort Method": "quicksort",
                                      "Sort Space Used": 35366,
                                      "Sort Space Type": "Memory"
                                    },
                                    {
                                      "Worker Number": 2,
                                      "Sort Method": "quicksort",
                                      "Sort Space Used": 35483,
                                      "Sort Space Type": "Memory"
                                    }
                                  ],
                                  "Plans": [
                                    {
                                      "Node Type": "Seq Scan",
                                      "Parent Relationship": "Outer",
                                      "Parallel Aware": true,
                                      "Relation Name": "movie_companies",
                                      "Alias": "mc",
                                      "Startup Cost": 0.0,
                                      "Total Cost": 29310.68,
                                      "Plan Rows": 431992,
                                      "Plan Width": 32,
                                      "Actual Startup Time": 0.066,
                                      "Actual Total Time": 184.622,
                                      "Actual Rows": 334272,
                                      "Actual Loops": 4,
                                      "Filter": "(note !~~ '%(as Metro-Goldwyn-Mayer Pictures)%'::text)",
                                      "Rows Removed by Filter": 318010
                                    }
                                  ]
                                },
                                {
                                  "Node Type": "Sort",
                                  "Parent Relationship": "Inner",
                                  "Parallel Aware": false,
                                  "Startup Cost": 68531.25,
                                  "Total Cost": 68561.78,
                                  "Plan Rows": 12213,
                                  "Plan Width": 4,
                                  "Actual Startup Time": 440.65,
                                  "Actual Total Time": 440.662,
                                  "Actual Rows": 31,
                                  "Actual Loops": 4,
                                  "Sort Key": [
                                    "mi_idx.movie_id"
                                  ],
                                  "Sort Method": "quicksort",
                                  "Sort Space Used": 25,
                                  "Sort Space Type": "Memory",
                                  "Workers": [
                                    {
                                      "Worker Number": 0,
                                      "Sort Method": "quicksort",
                                      "Sort Space Used": 25,
                                      "Sort Space Type": "Memory"
                                    },
                                    {
                                      "Worker Number": 1,
                                      "Sort Method": "quicksort",
                                      "Sort Space Used": 25,
                                      "Sort Space Type": "Memory"
                                    },
                                    {
                                      "Worker Number": 2,
                                      "Sort Method": "quicksort",
                                      "Sort Space Used": 25,
                                      "Sort Space Type": "Memory"
                                    }
                                  ],
                                  "Plans": [
                                    {
                                      "Node Type": "Merge Join",
                                      "Parent Relationship": "Outer",
                                      "Parallel Aware": false,
                                      "Join Type": "Inner",
                                      "Startup Cost": 2.86,
                                      "Total Cost": 67702.22,
                                      "Plan Rows": 12213,
                                      "Plan Width": 4,
                                      "Actual Startup Time": 440.622,
                                      "Actual Total Time": 440.63,
                                      "Actual Rows": 10,
                                      "Actual Loops": 4,
                                      "Inner Unique": true,
                                      "Merge Cond": "(mi_idx.info_type_id = it.id)",
                                      "Plans": [
                                        {
                                          "Node Type": "Index Scan",
                                          "Parent Relationship": "Outer",
                                          "Parallel Aware": false,
                                          "Scan Direction": "Forward",
                                          "Index Name": "info_type_id_movie_info_idx",
                                          "Relation Name": "movie_info_idx",
                                          "Alias": "mi_idx",
                                          "Startup Cost": 0.43,
                                          "Total Cost": 64127.57,
                                          "Plan Rows": 1380035,
                                          "Plan Width": 8,
                                          "Actual Startup Time": 0.113,
                                          "Actual Total Time": 310.477,
                                          "Actual Rows": 1380035,
                                          "Actual Loops": 4
                                        },
                                        {
                                          "Node Type": "Sort",
                                          "Parent Relationship": "Inner",
                                          "Parallel Aware": false,
                                          "Startup Cost": 2.42,
                                          "Total Cost": 2.43,
                                          "Plan Rows": 1,
                                          "Plan Width": 4,
                                          "Actual Startup Time": 0.064,
                                          "Actual Total Time": 0.065,
                                          "Actual Rows": 1,
                                          "Actual Loops": 4,
                                          "Sort Key": [
                                            "it.id"
                                          ],
                                          "Sort Method": "quicksort",
                                          "Sort Space Used": 25,
                                          "Sort Space Type": "Memory",
                                          "Workers": [
                                            {
                                              "Worker Number": 0,
                                              "Sort Method": "quicksort",
                                              "Sort Space Used": 25,
                                              "Sort Space Type": "Memory"
                                            },
                                            {
                                              "Worker Number": 1,
                                              "Sort Method": "quicksort",
                                              "Sort Space Used": 25,
                                              "Sort Space Type": "Memory"
                                            },
                                            {
                                              "Worker Number": 2,
                                              "Sort Method": "quicksort",
                                              "Sort Space Used": 25,
                                              "Sort Space Type": "Memory"
                                            }
                                          ],
                                          "Plans": [
                                            {
                                              "Node Type": "Seq Scan",
                                              "Parent Relationship": "Outer",
                                              "Parallel Aware": false,
                                              "Relation Name": "info_type",
                                              "Alias": "it",
                                              "Startup Cost": 0.0,
                                              "Total Cost": 2.41,
                                              "Plan Rows": 1,
                                              "Plan Width": 4,
                                              "Actual Startup Time": 0.057,
                                              "Actual Total Time": 0.058,
                                              "Actual Rows": 1,
                                              "Actual Loops": 4,
                                              "Filter": "((info)::text = 'bottom 10 rank'::text)",
                                              "Rows Removed by Filter": 112
                                            }
                                          ]
                                        }
                                      ]
                                    }
                                  ]
                                }
                              ]
                            },
                            {
                              "Node Type": "Index Scan",
                              "Parent Relationship": "Inner",
                              "Parallel Aware": false,
                              "Scan Direction": "Forward",
                              "Index Name": "title_pkey",
                              "Relation Name": "title",
                              "Alias": "t",
                              "Startup Cost": 0.43,
                              "Total Cost": 116669.5,
                              "Plan Rows": 1362270,
                              "Plan Width": 25,
                              "Actual Startup Time": 0.071,
                              "Actual Total Time": 1895.872,
                              "Actual Rows": 1236738,
                              "Actual Loops": 4,
                              "Filter": "(production_year > 2000)",
                              "Rows Removed by Filter": 972496
                            }
                          ]
                        }
                      ]
                    },
                    {
                      "Node Type": "Sort",
                      "Parent Relationship": "Inner",
                      "Parallel Aware": false,
                      "Startup Cost": 1.06,
                      "Total Cost": 1.06,
                      "Plan Rows": 1,
                      "Plan Width": 4,
                      "Actual Startup Time": 0.062,
                      "Actual Total Time": 0.063,
                      "Actual Rows": 1,
                      "Actual Loops": 4,
                      "Sort Key": [
                        "ct.id"
                      ],
                      "Sort Method": "quicksort",
                      "Sort Space Used": 25,
                      "Sort Space Type": "Memory",
                      "Workers": [
                        {
                          "Worker Number": 0,
                          "Sort Method": "quicksort",
                          "Sort Space Used": 25,
                          "Sort Space Type": "Memory"
                        },
                        {
                          "Worker Number": 1,
                          "Sort Method": "quicksort",
                          "Sort Space Used": 25,
                          "Sort Space Type": "Memory"
                        },
                        {
                          "Worker Number": 2,
                          "Sort Method": "quicksort",
                          "Sort Space Used": 25,
                          "Sort Space Type": "Memory"
                        }
                      ],
                      "Plans": [
                        {
                          "Node Type": "Seq Scan",
                          "Parent Relationship": "Outer",
                          "Parallel Aware": false,
                          "Relation Name": "company_type",
                          "Alias": "ct",
                          "Startup Cost": 0.0,
                          "Total Cost": 1.05,
                          "Plan Rows": 1,
                          "Plan Width": 4,
                          "Actual Startup Time": 0.048,
                          "Actual Total Time": 0.049,
                          "Actual Rows": 1,
                          "Actual Loops": 4,
                          "Filter": "((kind)::text = 'production companies'::text)",
                          "Rows Removed by Filter": 3
                        }
                      ]
                    }
                  ]
                }
              ]
            }
          ]
        }
      ]
    },
    "Planning Time": 4.276,
    "Triggers": [],
    "Execution Time": 3346.445
  }
]