[
  {
    "Plan": {
      "Node Type": "Aggregate",
      "Strategy": "Plain",
      "Partial Mode": "Finalize",
      "Parallel Aware": false,
      "Startup Cost": 220285.31,
      "Total Cost": 220285.32,
      "Plan Rows": 1,
      "Plan Width": 8,
      "Actual Startup Time": 156.496,
      "Actual Total Time": 173.215,
      "Actual Rows": 1,
      "Actual Loops": 1,
      "Plans": [
        {
          "Node Type": "Gather",
          "Parent Relationship": "Outer",
          "Parallel Aware": false,
          "Startup Cost": 220284.79,
          "Total Cost": 220285.3,
          "Plan Rows": 5,
          "Plan Width": 8,
          "Actual Startup Time": 155.409,
          "Actual Total Time": 173.207,
          "Actual Rows": 6,
          "Actual Loops": 1,
          "Workers Planned": 5,
          "Workers Launched": 5,
          "Single Copy": false,
          "Plans": [
            {
              "Node Type": "Aggregate",
              "Strategy": "Plain",
              "Partial Mode": "Partial",
              "Parent Relationship": "Outer",
              "Parallel Aware": false,
              "Startup Cost": 219284.79,
              "Total Cost": 219284.8,
              "Plan Rows": 1,
              "Plan Width": 8,
              "Actual Startup Time": 148.374,
              "Actual Total Time": 148.378,
              "Actual Rows": 1,
              "Actual Loops": 6,
              "Plans": [
                {
                  "Node Type": "Hash Join",
                  "Parent Relationship": "Outer",
                  "Parallel Aware": true,
                  "Join Type": "Inner",
                  "Startup Cost": 55652.39,
                  "Total Cost": 219268.71,
                  "Plan Rows": 6431,
                  "Plan Width": 0,
                  "Actual Startup Time": 125.007,
                  "Actual Total Time": 147.744,
                  "Actual Rows": 10975,
                  "Actual Loops": 6,
                  "Inner Unique": true,
                  "Hash Cond": "(mi.movie_id = t.id)",
                  "Plans": [
                    {
                      "Node Type": "Bitmap Heap Scan",
                      "Parent Relationship": "Outer",
                      "Parallel Aware": true,
                      "Relation Name": "movie_info",
                      "Alias": "mi",
                      "Startup Cost": 9699.36,
                      "Total Cost": 173033.94,
                      "Plan Rows": 107327,
                      "Plan Width": 4,
                      "Actual Startup Time": 18.126,
                      "Actual Total Time": 38.113,
                      "Actual Rows": 90561,
                      "Actual Loops": 6,
                      "Recheck Cond": "(info_type_id > 98)",
                      "Rows Removed by Index Recheck": 0,
                      "Exact Heap Blocks": 1586,
                      "Lossy Heap Blocks": 0,
                      "Plans": [
                        {
                          "Node Type": "Bitmap Index Scan",
                          "Parent Relationship": "Outer",
                          "Parallel Aware": false,
                          "Index Name": "info_type_id_movie_info",
                          "Startup Cost": 0.0,
                          "Total Cost": 9565.2,
                          "Plan Rows": 536635,
                          "Plan Width": 0,
                          "Actual Startup Time": 17.074,
                          "Actual Total Time": 17.074,
                          "Actual Rows": 543367,
                          "Actual Loops": 1,
                          "Index Cond": "(info_type_id > 98)"
                        }
                      ]
                    },
                    {
                      "Node Type": "Hash",
                      "Parent Relationship": "Inner",
                      "Parallel Aware": true,
                      "Startup Cost": 45479.59,
                      "Total Cost": 45479.59,
                      "Plan Rows": 37876,
                      "Plan Width": 4,
                      "Actual Startup Time": 93.13,
                      "Actual Total Time": 93.131,
                      "Actual Rows": 22460,
                      "Actual Loops": 6,
                      "Hash Buckets": 262144,
                      "Original Hash Buckets": 262144,
                      "Hash Batches": 1,
                      "Original Hash Batches": 1,
                      "Peak Memory Usage": 7392,
                      "Plans": [
                        {
                          "Node Type": "Seq Scan",
                          "Parent Relationship": "Outer",
                          "Parallel Aware": true,
                          "Relation Name": "title",
                          "Alias": "t",
                          "Startup Cost": 0.0,
                          "Total Cost": 45479.59,
                          "Plan Rows": 37876,
                          "Plan Width": 4,
                          "Actual Startup Time": 0.059,
                          "Actual Total Time": 82.538,
                          "Actual Rows": 22460,
                          "Actual Loops": 6,
                          "Filter": "((kind_id < 7) AND (production_year > 2010))",
                          "Rows Removed by Filter": 398925
                        }
                      ]
                    }
                  ]
                }
              ]
            }
          ]
        }
      ]
    },
    "Planning Time": 0.49,
    "Triggers": [],
    "Execution Time": 173.268
  }
]