[
  {
    "Plan": {
      "Node Type": "Aggregate",
      "Strategy": "Plain",
      "Partial Mode": "Finalize",
      "Parallel Aware": false,
      "Startup Cost": 301535.83,
      "Total Cost": 301535.84,
      "Plan Rows": 1,
      "Plan Width": 8,
      "Actual Startup Time": 1182.094,
      "Actual Total Time": 1236.566,
      "Actual Rows": 1,
      "Actual Loops": 1,
      "Plans": [
        {
          "Node Type": "Gather",
          "Parent Relationship": "Outer",
          "Parallel Aware": false,
          "Startup Cost": 301535.52,
          "Total Cost": 301535.83,
          "Plan Rows": 3,
          "Plan Width": 8,
          "Actual Startup Time": 1176.104,
          "Actual Total Time": 1236.555,
          "Actual Rows": 4,
          "Actual Loops": 1,
          "Workers Planned": 3,
          "Workers Launched": 3,
          "Single Copy": false,
          "Plans": [
            {
              "Node Type": "Aggregate",
              "Strategy": "Plain",
              "Partial Mode": "Partial",
              "Parent Relationship": "Outer",
              "Parallel Aware": false,
              "Startup Cost": 300535.52,
              "Total Cost": 300535.53,
              "Plan Rows": 1,
              "Plan Width": 8,
              "Actual Startup Time": 1163.262,
              "Actual Total Time": 1163.441,
              "Actual Rows": 1,
              "Actual Loops": 4,
              "Plans": [
                {
                  "Node Type": "Hash Join",
                  "Parent Relationship": "Outer",
                  "Parallel Aware": true,
                  "Join Type": "Inner",
                  "Startup Cost": 252739.34,
                  "Total Cost": 298715.32,
                  "Plan Rows": 728078,
                  "Plan Width": 0,
                  "Actual Startup Time": 931.661,
                  "Actual Total Time": 1152.944,
                  "Actual Rows": 247636,
                  "Actual Loops": 4,
                  "Inner Unique": false,
                  "Hash Cond": "(mk.movie_id = t.id)",
                  "Plans": [
                    {
                      "Node Type": "Seq Scan",
                      "Parent Relationship": "Outer",
                      "Parallel Aware": true,
                      "Relation Name": "movie_keyword",
                      "Alias": "mk",
                      "Startup Cost": 0.0,
                      "Total Cost": 39047.32,
                      "Plan Rows": 1459332,
                      "Plan Width": 4,
                      "Actual Startup Time": 0.036,
                      "Actual Total Time": 95.357,
                      "Actual Rows": 1130982,
                      "Actual Loops": 4
                    },
                    {
                      "Node Type": "Hash",
                      "Parent Relationship": "Inner",
                      "Parallel Aware": true,
                      "Startup Cost": 249585.86,
                      "Total Cost": 249585.86,
                      "Plan Rows": 252279,
                      "Plan Width": 8,
                      "Actual Startup Time": 923.179,
                      "Actual Total Time": 923.356,
                      "Actual Rows": 177690,
                      "Actual Loops": 4,
                      "Hash Buckets": 2097152,
                      "Original Hash Buckets": 2097152,
                      "Hash Batches": 1,
                      "Original Hash Batches": 1,
                      "Peak Memory Usage": 44256,
                      "Plans": [
                        {
                          "Node Type": "Hash Join",
                          "Parent Relationship": "Outer",
                          "Parallel Aware": true,
                          "Join Type": "Inner",
                          "Startup Cost": 46868.87,
                          "Total Cost": 249585.86,
                          "Plan Rows": 252279,
                          "Plan Width": 8,
                          "Actual Startup Time": 137.725,
                          "Actual Total Time": 852.629,
                          "Actual Rows": 177690,
                          "Actual Loops": 4,
                          "Inner Unique": true,
                          "Hash Cond": "(mi.movie_id = t.id)",
                          "Plans": [
                            {
                              "Node Type": "Seq Scan",
                              "Parent Relationship": "Outer",
                              "Parallel Aware": true,
                              "Relation Name": "movie_info",
                              "Alias": "mi",
                              "Startup Cost": 0.0,
                              "Total Cost": 198952.16,
                              "Plan Rows": 1434213,
                              "Plan Width": 4,
                              "Actual Startup Time": 0.028,
                              "Actual Total Time": 444.303,
                              "Actual Rows": 1821716,
                              "Actual Loops": 4,
                              "Filter": "(info_type_id < 8)",
                              "Rows Removed by Filter": 1887214
                            },
                            {
                              "Node Type": "Hash",
                              "Parent Relationship": "Inner",
                              "Parallel Aware": true,
                              "Startup Cost": 45479.1,
                              "Total Cost": 45479.1,
                              "Plan Rows": 111182,
                              "Plan Width": 4,
                              "Actual Startup Time": 136.496,
                              "Actual Total Time": 136.497,
                              "Actual Rows": 83448,
                              "Actual Loops": 4,
                              "Hash Buckets": 524288,
                              "Original Hash Buckets": 524288,
                              "Hash Batches": 1,
                              "Original Hash Batches": 1,
                              "Peak Memory Usage": 17216,
                              "Plans": [
                                {
                                  "Node Type": "Seq Scan",
                                  "Parent Relationship": "Outer",
                                  "Parallel Aware": true,
                                  "Relation Name": "title",
                                  "Alias": "t",
                                  "Startup Cost": 0.0,
                                  "Total Cost": 45479.1,
                                  "Plan Rows": 111182,
                                  "Plan Width": 4,
                                  "Actual Startup Time": 0.041,
                                  "Actual Total Time": 102.163,
                                  "Actual Rows": 83448,
                                  "Actual Loops": 4,
                                  "Filter": "((kind_id > 4) AND (production_year < 1992))",
                                  "Rows Removed by Filter": 548630
                                }
                              ]
                            }
                          ]
                        }
                      ]
                    }
                  ]
                }
              ]
            }
          ]
        }
      ]
    },
    "Planning Time": 1.398,
    "Triggers": [],
    "Execution Time": 1236.664
  }
]