[
  {
    "Bao": {
      "Bao prediction": 788.434,
      "Bao recommended hint": "SET enable_nestloop TO off; "
    }
  },
  {
    "Plan": {
      "Node Type": "Aggregate",
      "Strategy": "Plain",
      "Partial Mode": "Finalize",
      "Parallel Aware": false,
      "Startup Cost": 320749.64,
      "Total Cost": 320749.65,
      "Plan Rows": 1,
      "Plan Width": 32,
      "Actual Startup Time": 1123.953,
      "Actual Total Time": 1166.926,
      "Actual Rows": 1,
      "Actual Loops": 1,
      "Plans": [
        {
          "Node Type": "Gather",
          "Parent Relationship": "Outer",
          "Parallel Aware": false,
          "Startup Cost": 320749.12,
          "Total Cost": 320749.63,
          "Plan Rows": 5,
          "Plan Width": 32,
          "Actual Startup Time": 1123.605,
          "Actual Total Time": 1166.904,
          "Actual Rows": 6,
          "Actual Loops": 1,
          "Workers Planned": 5,
          "Workers Launched": 5,
          "Single Copy": false,
          "Plans": [
            {
              "Node Type": "Aggregate",
              "Strategy": "Plain",
              "Partial Mode": "Partial",
              "Parent Relationship": "Outer",
              "Parallel Aware": false,
              "Startup Cost": 319749.12,
              "Total Cost": 319749.13,
              "Plan Rows": 1,
              "Plan Width": 32,
              "Actual Startup Time": 1112.432,
              "Actual Total Time": 1112.44,
              "Actual Rows": 1,
              "Actual Loops": 6,
              "Plans": [
                {
                  "Node Type": "Hash Join",
                  "Parent Relationship": "Outer",
                  "Parallel Aware": true,
                  "Join Type": "Inner",
                  "Startup Cost": 90295.01,
                  "Total Cost": 319749.04,
                  "Plan Rows": 32,
                  "Plan Width": 17,
                  "Actual Startup Time": 355.85,
                  "Actual Total Time": 1112.341,
                  "Actual Rows": 463,
                  "Actual Loops": 6,
                  "Inner Unique": false,
                  "Hash Cond": "(mi.movie_id = t.id)",
                  "Plans": [
                    {
                      "Node Type": "Seq Scan",
                      "Parent Relationship": "Outer",
                      "Parallel Aware": true,
                      "Relation Name": "movie_info",
                      "Alias": "mi",
                      "Startup Cost": 0.0,
                      "Total Cost": 228934.25,
                      "Plan Rows": 138606,
                      "Plan Width": 4,
                      "Actual Startup Time": 0.342,
                      "Actual Total Time": 751.517,
                      "Actual Rows": 117779,
                      "Actual Loops": 6,
                      "Filter": "(info = ANY ('{Sweden,Norway,Germany,Denmark,Swedish,Denish,Norwegian,German,USA,American}'::text[]))",
                      "Rows Removed by Filter": 2354841
                    },
                    {
                      "Node Type": "Hash",
                      "Parent Relationship": "Inner",
                      "Parallel Aware": true,
                      "Startup Cost": 90294.76,
                      "Total Cost": 90294.76,
                      "Plan Rows": 20,
                      "Plan Width": 25,
                      "Actual Startup Time": 342.258,
                      "Actual Total Time": 342.264,
                      "Actual Rows": 508,
                      "Actual Loops": 6,
                      "Hash Buckets": 1024,
                      "Original Hash Buckets": 1024,
                      "Hash Batches": 1,
                      "Original Hash Batches": 1,
                      "Peak Memory Usage": 264,
                      "Plans": [
                        {
                          "Node Type": "Hash Join",
                          "Parent Relationship": "Outer",
                          "Parallel Aware": true,
                          "Join Type": "Inner",
                          "Startup Cost": 45506.24,
                          "Total Cost": 90294.76,
                          "Plan Rows": 20,
                          "Plan Width": 25,
                          "Actual Startup Time": 261.341,
                          "Actual Total Time": 341.653,
                          "Actual Rows": 508,
                          "Actual Loops": 6,
                          "Inner Unique": false,
                          "Hash Cond": "(t.id = mk.movie_id)",
                          "Plans": [
                            {
                              "Node Type": "Seq Scan",
                              "Parent Relationship": "Outer",
                              "Parallel Aware": true,
                              "Relation Name": "title",
                              "Alias": "t",
                              "Startup Cost": 0.0,
                              "Total Cost": 43898.97,
                              "Plan Rows": 118596,
                              "Plan Width": 21,
                              "Actual Startup Time": 0.03,
                              "Actual Total Time": 83.103,
                              "Actual Rows": 79934,
                              "Actual Loops": 6,
                              "Filter": "(production_year < 1978)",
                              "Rows Removed by Filter": 341452
                            },
                            {
                              "Node Type": "Hash",
                              "Parent Relationship": "Inner",
                              "Parallel Aware": true,
                              "Startup Cost": 45504.48,
                              "Total Cost": 45504.48,
                              "Plan Rows": 141,
                              "Plan Width": 4,
                              "Actual Startup Time": 244.514,
                              "Actual Total Time": 244.519,
                              "Actual Rows": 2158,
                              "Actual Loops": 6,
                              "Hash Buckets": 16384,
                              "Original Hash Buckets": 1024,
                              "Hash Batches": 1,
                              "Original Hash Batches": 1,
                              "Peak Memory Usage": 888,
                              "Plans": [
                                {
                                  "Node Type": "Hash Join",
                                  "Parent Relationship": "Outer",
                                  "Parallel Aware": false,
                                  "Join Type": "Inner",
                                  "Startup Cost": 2626.29,
                                  "Total Cost": 45504.48,
                                  "Plan Rows": 141,
                                  "Plan Width": 4,
                                  "Actual Startup Time": 34.396,
                                  "Actual Total Time": 188.652,
                                  "Actual Rows": 2158,
                                  "Actual Loops": 6,
                                  "Inner Unique": true,
                                  "Hash Cond": "(mk.keyword_id = k.id)",
                                  "Plans": [
                                    {
                                      "Node Type": "Seq Scan",
                                      "Parent Relationship": "Outer",
                                      "Parallel Aware": true,
                                      "Relation Name": "movie_keyword",
                                      "Alias": "mk",
                                      "Startup Cost": 0.0,
                                      "Total Cost": 39047.32,
                                      "Plan Rows": 1459332,
                                      "Plan Width": 8,
                                      "Actual Startup Time": 0.038,
                                      "Actual Total Time": 85.442,
                                      "Actual Rows": 753988,
                                      "Actual Loops": 6
                                    },
                                    {
                                      "Node Type": "Hash",
                                      "Parent Relationship": "Inner",
                                      "Parallel Aware": false,
                                      "Startup Cost": 2626.12,
                                      "Total Cost": 2626.12,
                                      "Plan Rows": 13,
                                      "Plan Width": 4,
                                      "Actual Startup Time": 33.686,
                                      "Actual Total Time": 33.687,
                                      "Actual Rows": 30,
                                      "Actual Loops": 6,
                                      "Hash Buckets": 1024,
                                      "Original Hash Buckets": 1024,
                                      "Hash Batches": 1,
                                      "Original Hash Batches": 1,
                                      "Peak Memory Usage": 10,
                                      "Plans": [
                                        {
                                          "Node Type": "Seq Scan",
                                          "Parent Relationship": "Outer",
                                          "Parallel Aware": false,
                                          "Relation Name": "keyword",
                                          "Alias": "k",
                                          "Startup Cost": 0.0,
                                          "Total Cost": 2626.12,
                                          "Plan Rows": 13,
                                          "Plan Width": 4,
                                          "Actual Startup Time": 3.153,
                                          "Actual Total Time": 33.632,
                                          "Actual Rows": 30,
                                          "Actual Loops": 6,
                                          "Filter": "(keyword ~~ '%sequel%'::text)",
                                          "Rows Removed by Filter": 134140
                                        }
                                      ]
                                    }
                                  ]
                                }
                              ]
                            }
                          ]
                        }
                      ]
                    }
                  ]
                }
              ]
            }
          ]
        }
      ]
    },
    "Planning Time": 258.62,
    "Triggers": [],
    "Execution Time": 1167.377
  }
]