{
  "Plan": {
    "Node Type": "Aggregate",
    "Strategy": "Plain",
    "Partial Mode": "Finalize",
    "Parallel Aware": false,
    "Startup Cost": 151433.99,
    "Total Cost": 151434.0,
    "Plan Rows": 1,
    "Plan Width": 8,
    "Actual Startup Time": 929.234,
    "Actual Total Time": 947.659,
    "Actual Rows": 1,
    "Actual Loops": 1,
    "Plans": [
      {
        "Node Type": "Gather",
        "Parent Relationship": "Outer",
        "Parallel Aware": false,
        "Startup Cost": 151433.88,
        "Total Cost": 151433.99,
        "Plan Rows": 1,
        "Plan Width": 8,
        "Actual Startup Time": 927.802,
        "Actual Total Time": 947.652,
        "Actual Rows": 2,
        "Actual Loops": 1,
        "Workers Planned": 1,
        "Workers Launched": 1,
        "Single Copy": false,
        "Plans": [
          {
            "Node Type": "Aggregate",
            "Strategy": "Plain",
            "Partial Mode": "Partial",
            "Parent Relationship": "Outer",
            "Parallel Aware": false,
            "Startup Cost": 150433.88,
            "Total Cost": 150433.89,
            "Plan Rows": 1,
            "Plan Width": 8,
            "Actual Startup Time": 921.421,
            "Actual Total Time": 921.427,
            "Actual Rows": 1,
            "Actual Loops": 2,
            "Plans": [
              {
                "Node Type": "Hash Join",
                "Parent Relationship": "Outer",
                "Parallel Aware": true,
                "Join Type": "Inner",
                "Startup Cost": 88721.98,
                "Total Cost": 150234.86,
                "Plan Rows": 79605,
                "Plan Width": 0,
                "Actual Startup Time": 519.831,
                "Actual Total Time": 885.753,
                "Actual Rows": 726285,
                "Actual Loops": 2,
                "Inner Unique": false,
                "Hash Cond": "(mk.movie_id = t.id)",
                "Plans": [
                  {
                    "Node Type": "Seq Scan",
                    "Parent Relationship": "Outer",
                    "Parallel Aware": true,
                    "Relation Name": "movie_keyword",
                    "Alias": "mk",
                    "Startup Cost": 0.0,
                    "Total Cost": 51065.35,
                    "Plan Rows": 2661135,
                    "Plan Width": 4,
                    "Actual Startup Time": 0.017,
                    "Actual Total Time": 177.979,
                    "Actual Rows": 2261965,
                    "Actual Loops": 2
                  },
                  {
                    "Node Type": "Hash",
                    "Parent Relationship": "Inner",
                    "Parallel Aware": true,
                    "Startup Cost": 88165.87,
                    "Total Cost": 88165.87,
                    "Plan Rows": 44489,
                    "Plan Width": 8,
                    "Actual Startup Time": 440.434,
                    "Actual Total Time": 440.439,
                    "Actual Rows": 78661,
                    "Actual Loops": 2,
                    "Hash Buckets": 262144,
                    "Original Hash Buckets": 131072,
                    "Hash Batches": 1,
                    "Original Hash Batches": 1,
                    "Peak Memory Usage": 9280,
                    "Plans": [
                      {
                        "Node Type": "Hash Join",
                        "Parent Relationship": "Outer",
                        "Parallel Aware": true,
                        "Join Type": "Inner",
                        "Startup Cost": 28403.49,
                        "Total Cost": 88165.87,
                        "Plan Rows": 44489,
                        "Plan Width": 8,
                        "Actual Startup Time": 268.78,
                        "Actual Total Time": 416.664,
                        "Actual Rows": 78661,
                        "Actual Loops": 2,
                        "Inner Unique": false,
                        "Hash Cond": "(t.id = mc.movie_id)",
                        "Plans": [
                          {
                            "Node Type": "Seq Scan",
                            "Parent Relationship": "Outer",
                            "Parallel Aware": true,
                            "Relation Name": "title",
                            "Alias": "t",
                            "Startup Cost": 0.0,
                            "Total Cost": 54588.39,
                            "Plan Rows": 785966,
                            "Plan Width": 4,
                            "Actual Startup Time": 0.012,
                            "Actual Total Time": 171.993,
                            "Actual Rows": 674146,
                            "Actual Loops": 2,
                            "Filter": "(production_year < 2005)",
                            "Rows Removed by Filter": 590010
                          },
                          {
                            "Node Type": "Hash",
                            "Parent Relationship": "Inner",
                            "Parallel Aware": true,
                            "Startup Cost": 27351.21,
                            "Total Cost": 27351.21,
                            "Plan Rows": 84183,
                            "Plan Width": 4,
                            "Actual Startup Time": 113.028,
                            "Actual Total Time": 113.03,
                            "Actual Rows": 139956,
                            "Actual Loops": 2,
                            "Hash Buckets": 524288,
                            "Original Hash Buckets": 262144,
                            "Hash Batches": 1,
                            "Original Hash Batches": 1,
                            "Peak Memory Usage": 17152,
                            "Plans": [
                              {
                                "Node Type": "Bitmap Heap Scan",
                                "Parent Relationship": "Outer",
                                "Parallel Aware": true,
                                "Relation Name": "movie_companies",
                                "Alias": "mc",
                                "Startup Cost": 6074.18,
                                "Total Cost": 27351.21,
                                "Plan Rows": 84183,
                                "Plan Width": 4,
                                "Actual Startup Time": 27.748,
                                "Actual Total Time": 70.594,
                                "Actual Rows": 139956,
                                "Actual Loops": 2,
                                "Recheck Cond": "(company_id > 95950)",
                                "Rows Removed by Index Recheck": 0,
                                "Filter": "(company_type_id > 1)",
                                "Rows Removed by Filter": 0,
                                "Exact Heap Blocks": 2537,
                                "Lossy Heap Blocks": 0,
                                "Plans": [
                                  {
                                    "Node Type": "Bitmap Index Scan",
                                    "Parent Relationship": "Outer",
                                    "Parallel Aware": false,
                                    "Index Name": "company_id_movie_companies",
                                    "Startup Cost": 0.0,
                                    "Total Cost": 6038.4,
                                    "Plan Rows": 281863,
                                    "Plan Width": 0,
                                    "Actual Startup Time": 27.661,
                                    "Actual Total Time": 27.662,
                                    "Actual Rows": 279911,
                                    "Actual Loops": 1,
                                    "Index Cond": "(company_id > 95950)"
                                  }
                                ]
                              }
                            ]
                          }
                        ]
                      }
                    ]
                  }
                ]
              }
            ]
          }
        ]
      }
    ]
  },
  "Planning Time": 0.868,
  "Triggers": [],
  "Execution Time": 947.787
}