{
  "Plan": {
    "Node Type": "Aggregate",
    "Strategy": "Plain",
    "Partial Mode": "Finalize",
    "Parallel Aware": false,
    "Startup Cost": 43730.26,
    "Total Cost": 43730.27,
    "Plan Rows": 1,
    "Plan Width": 8,
    "Actual Startup Time": 43.92,
    "Actual Total Time": 50.011,
    "Actual Rows": 1,
    "Actual Loops": 1,
    "Plans": [
      {
        "Node Type": "Gather",
        "Parent Relationship": "Outer",
        "Parallel Aware": false,
        "Startup Cost": 43730.15,
        "Total Cost": 43730.26,
        "Plan Rows": 1,
        "Plan Width": 8,
        "Actual Startup Time": 43.656,
        "Actual Total Time": 50.004,
        "Actual Rows": 2,
        "Actual Loops": 1,
        "Workers Planned": 1,
        "Workers Launched": 1,
        "Single Copy": false,
        "Plans": [
          {
            "Node Type": "Aggregate",
            "Strategy": "Plain",
            "Partial Mode": "Partial",
            "Parent Relationship": "Outer",
            "Parallel Aware": false,
            "Startup Cost": 42730.15,
            "Total Cost": 42730.16,
            "Plan Rows": 1,
            "Plan Width": 8,
            "Actual Startup Time": 37.45,
            "Actual Total Time": 37.452,
            "Actual Rows": 1,
            "Actual Loops": 2,
            "Plans": [
              {
                "Node Type": "Nested Loop",
                "Parent Relationship": "Outer",
                "Parallel Aware": false,
                "Join Type": "Inner",
                "Startup Cost": 133.22,
                "Total Cost": 42718.5,
                "Plan Rows": 4657,
                "Plan Width": 0,
                "Actual Startup Time": 19.347,
                "Actual Total Time": 37.424,
                "Actual Rows": 114,
                "Actual Loops": 2,
                "Inner Unique": false,
                "Plans": [
                  {
                    "Node Type": "Nested Loop",
                    "Parent Relationship": "Outer",
                    "Parallel Aware": false,
                    "Join Type": "Inner",
                    "Startup Cost": 132.78,
                    "Total Cost": 40209.98,
                    "Plan Rows": 796,
                    "Plan Width": 8,
                    "Actual Startup Time": 19.325,
                    "Actual Total Time": 37.033,
                    "Actual Rows": 12,
                    "Actual Loops": 2,
                    "Inner Unique": true,
                    "Plans": [
                      {
                        "Node Type": "Bitmap Heap Scan",
                        "Parent Relationship": "Outer",
                        "Parallel Aware": true,
                        "Relation Name": "movie_keyword",
                        "Alias": "mk",
                        "Startup Cost": 132.35,
                        "Total Cost": 14334.04,
                        "Plan Rows": 3637,
                        "Plan Width": 4,
                        "Actual Startup Time": 3.304,
                        "Actual Total Time": 13.643,
                        "Actual Rows": 2618,
                        "Actual Loops": 2,
                        "Recheck Cond": "(keyword_id = 816)",
                        "Rows Removed by Index Recheck": 0,
                        "Exact Heap Blocks": 3755,
                        "Lossy Heap Blocks": 0,
                        "Plans": [
                          {
                            "Node Type": "Bitmap Index Scan",
                            "Parent Relationship": "Outer",
                            "Parallel Aware": false,
                            "Index Name": "keyword_id_movie_keyword",
                            "Startup Cost": 0.0,
                            "Total Cost": 130.81,
                            "Plan Rows": 6183,
                            "Plan Width": 0,
                            "Actual Startup Time": 4.12,
                            "Actual Total Time": 4.12,
                            "Actual Rows": 5235,
                            "Actual Loops": 1,
                            "Index Cond": "(keyword_id = 816)"
                          }
                        ]
                      },
                      {
                        "Node Type": "Index Scan",
                        "Parent Relationship": "Inner",
                        "Parallel Aware": false,
                        "Scan Direction": "Forward",
                        "Index Name": "title_pkey",
                        "Relation Name": "title",
                        "Alias": "t",
                        "Startup Cost": 0.43,
                        "Total Cost": 7.11,
                        "Plan Rows": 1,
                        "Plan Width": 4,
                        "Actual Startup Time": 0.008,
                        "Actual Total Time": 0.008,
                        "Actual Rows": 0,
                        "Actual Loops": 5235,
                        "Index Cond": "(id = mk.movie_id)",
                        "Rows Removed by Index Recheck": 0,
                        "Filter": "((production_year > 2006) AND (kind_id = 7))",
                        "Rows Removed by Filter": 1
                      }
                    ]
                  },
                  {
                    "Node Type": "Index Only Scan",
                    "Parent Relationship": "Inner",
                    "Parallel Aware": false,
                    "Scan Direction": "Forward",
                    "Index Name": "movie_id_movie_info",
                    "Relation Name": "movie_info",
                    "Alias": "mi",
                    "Startup Cost": 0.43,
                    "Total Cost": 2.73,
                    "Plan Rows": 42,
                    "Plan Width": 4,
                    "Actual Startup Time": 0.015,
                    "Actual Total Time": 0.03,
                    "Actual Rows": 10,
                    "Actual Loops": 23,
                    "Index Cond": "(movie_id = t.id)",
                    "Rows Removed by Index Recheck": 0,
                    "Heap Fetches": 228
                  }
                ]
              }
            ]
          }
        ]
      }
    ]
  },
  "Planning Time": 1.004,
  "Triggers": [],
  "Execution Time": 50.105
}