[
  {
    "Plan": {
      "Node Type": "Aggregate",
      "Strategy": "Plain",
      "Partial Mode": "Finalize",
      "Parallel Aware": false,
      "Startup Cost": 278722.07,
      "Total Cost": 278722.08,
      "Plan Rows": 1,
      "Plan Width": 8,
      "Actual Startup Time": 221.965,
      "Actual Total Time": 263.28,
      "Actual Rows": 1,
      "Actual Loops": 1,
      "Plans": [
        {
          "Node Type": "Gather",
          "Parent Relationship": "Outer",
          "Parallel Aware": false,
          "Startup Cost": 278721.65,
          "Total Cost": 278722.06,
          "Plan Rows": 4,
          "Plan Width": 8,
          "Actual Startup Time": 221.656,
          "Actual Total Time": 263.269,
          "Actual Rows": 5,
          "Actual Loops": 1,
          "Workers Planned": 4,
          "Workers Launched": 4,
          "Single Copy": false,
          "Plans": [
            {
              "Node Type": "Aggregate",
              "Strategy": "Plain",
              "Partial Mode": "Partial",
              "Parent Relationship": "Outer",
              "Parallel Aware": false,
              "Startup Cost": 277721.65,
              "Total Cost": 277721.66,
              "Plan Rows": 1,
              "Plan Width": 8,
              "Actual Startup Time": 213.829,
              "Actual Total Time": 213.831,
              "Actual Rows": 1,
              "Actual Loops": 5,
              "Plans": [
                {
                  "Node Type": "Nested Loop",
                  "Parent Relationship": "Outer",
                  "Parallel Aware": false,
                  "Join Type": "Inner",
                  "Startup Cost": 0.56,
                  "Total Cost": 277691.49,
                  "Plan Rows": 12061,
                  "Plan Width": 0,
                  "Actual Startup Time": 0.805,
                  "Actual Total Time": 212.598,
                  "Actual Rows": 9693,
                  "Actual Loops": 5,
                  "Inner Unique": false,
                  "Plans": [
                    {
                      "Node Type": "Seq Scan",
                      "Parent Relationship": "Outer",
                      "Parallel Aware": true,
                      "Relation Name": "title",
                      "Alias": "t",
                      "Startup Cost": 0.0,
                      "Total Cost": 45479.59,
                      "Plan Rows": 2732,
                      "Plan Width": 4,
                      "Actual Startup Time": 0.28,
                      "Actual Total Time": 76.844,
                      "Actual Rows": 1438,
                      "Actual Loops": 5,
                      "Filter": "((kind_id < 3) AND (production_year = 1995))",
                      "Rows Removed by Filter": 504224
                    },
                    {
                      "Node Type": "Index Scan",
                      "Parent Relationship": "Inner",
                      "Parallel Aware": false,
                      "Scan Direction": "Forward",
                      "Index Name": "movie_id_cast_info",
                      "Relation Name": "cast_info",
                      "Alias": "ci",
                      "Startup Cost": 0.56,
                      "Total Cost": 84.89,
                      "Plan Rows": 11,
                      "Plan Width": 4,
                      "Actual Startup Time": 0.066,
                      "Actual Total Time": 0.093,
                      "Actual Rows": 7,
                      "Actual Loops": 7191,
                      "Index Cond": "(movie_id = t.id)",
                      "Rows Removed by Index Recheck": 0,
                      "Filter": "((person_id > 282656) AND (role_id > 3))",
                      "Rows Removed by Filter": 12
                    }
                  ]
                }
              ]
            }
          ]
        }
      ]
    },
    "Planning Time": 0.447,
    "Triggers": [],
    "Execution Time": 263.331
  }
]