[
  {
    "Plan": {
      "Node Type": "Aggregate",
      "Strategy": "Plain",
      "Partial Mode": "Finalize",
      "Parallel Aware": false,
      "Startup Cost": 62567.78,
      "Total Cost": 62567.79,
      "Plan Rows": 1,
      "Plan Width": 8,
      "Actual Startup Time": 245.16,
      "Actual Total Time": 263.312,
      "Actual Rows": 1,
      "Actual Loops": 1,
      "Plans": [
        {
          "Node Type": "Gather",
          "Parent Relationship": "Outer",
          "Parallel Aware": false,
          "Startup Cost": 62567.56,
          "Total Cost": 62567.77,
          "Plan Rows": 2,
          "Plan Width": 8,
          "Actual Startup Time": 243.909,
          "Actual Total Time": 263.302,
          "Actual Rows": 3,
          "Actual Loops": 1,
          "Workers Planned": 2,
          "Workers Launched": 2,
          "Single Copy": false,
          "Plans": [
            {
              "Node Type": "Aggregate",
              "Strategy": "Plain",
              "Partial Mode": "Partial",
              "Parent Relationship": "Outer",
              "Parallel Aware": false,
              "Startup Cost": 61567.56,
              "Total Cost": 61567.57,
              "Plan Rows": 1,
              "Plan Width": 8,
              "Actual Startup Time": 236.216,
              "Actual Total Time": 236.22,
              "Actual Rows": 1,
              "Actual Loops": 3,
              "Plans": [
                {
                  "Node Type": "Hash Join",
                  "Parent Relationship": "Outer",
                  "Parallel Aware": true,
                  "Join Type": "Inner",
                  "Startup Cost": 45920.31,
                  "Total Cost": 61541.1,
                  "Plan Rows": 10585,
                  "Plan Width": 0,
                  "Actual Startup Time": 154.505,
                  "Actual Total Time": 235.976,
                  "Actual Rows": 3490,
                  "Actual Loops": 3,
                  "Inner Unique": true,
                  "Hash Cond": "(mi_idx.movie_id = t.id)",
                  "Plans": [
                    {
                      "Node Type": "Seq Scan",
                      "Parent Relationship": "Outer",
                      "Parallel Aware": true,
                      "Relation Name": "movie_info_idx",
                      "Alias": "mi_idx",
                      "Startup Cost": 0.0,
                      "Total Cost": 15122.68,
                      "Plan Rows": 189755,
                      "Plan Width": 4,
                      "Actual Startup Time": 0.018,
                      "Actual Total Time": 51.239,
                      "Actual Rows": 153308,
                      "Actual Loops": 3,
                      "Filter": "(info_type_id < 100)",
                      "Rows Removed by Filter": 306703
                    },
                    {
                      "Node Type": "Hash",
                      "Parent Relationship": "Inner",
                      "Parallel Aware": true,
                      "Startup Cost": 45479.59,
                      "Total Cost": 45479.59,
                      "Plan Rows": 35258,
                      "Plan Width": 4,
                      "Actual Startup Time": 152.308,
                      "Actual Total Time": 152.309,
                      "Actual Rows": 50396,
                      "Actual Loops": 3,
                      "Hash Buckets": 262144,
                      "Original Hash Buckets": 262144,
                      "Hash Batches": 1,
                      "Original Hash Batches": 1,
                      "Peak Memory Usage": 8000,
                      "Plans": [
                        {
                          "Node Type": "Seq Scan",
                          "Parent Relationship": "Outer",
                          "Parallel Aware": true,
                          "Relation Name": "title",
                          "Alias": "t",
                          "Startup Cost": 0.0,
                          "Total Cost": 45479.59,
                          "Plan Rows": 35258,
                          "Plan Width": 4,
                          "Actual Startup Time": 0.058,
                          "Actual Total Time": 132.848,
                          "Actual Rows": 50396,
                          "Actual Loops": 3,
                          "Filter": "((kind_id > 4) AND (production_year > 2011))",
                          "Rows Removed by Filter": 792375
                        }
                      ]
                    }
                  ]
                }
              ]
            }
          ]
        }
      ]
    },
    "Planning Time": 0.331,
    "Triggers": [],
    "Execution Time": 263.355
  }
]