[
  {
    "Plan": {
      "Node Type": "Aggregate",
      "Strategy": "Plain",
      "Partial Mode": "Finalize",
      "Parallel Aware": false,
      "Startup Cost": 45418.78,
      "Total Cost": 45418.79,
      "Plan Rows": 1,
      "Plan Width": 8,
      "Actual Startup Time": 151.685,
      "Actual Total Time": 160.829,
      "Actual Rows": 1,
      "Actual Loops": 1,
      "Plans": [
        {
          "Node Type": "Gather",
          "Parent Relationship": "Outer",
          "Parallel Aware": false,
          "Startup Cost": 45418.46,
          "Total Cost": 45418.77,
          "Plan Rows": 3,
          "Plan Width": 8,
          "Actual Startup Time": 151.507,
          "Actual Total Time": 160.814,
          "Actual Rows": 4,
          "Actual Loops": 1,
          "Workers Planned": 3,
          "Workers Launched": 3,
          "Single Copy": false,
          "Plans": [
            {
              "Node Type": "Aggregate",
              "Strategy": "Plain",
              "Partial Mode": "Partial",
              "Parent Relationship": "Outer",
              "Parallel Aware": false,
              "Startup Cost": 44418.46,
              "Total Cost": 44418.47,
              "Plan Rows": 1,
              "Plan Width": 8,
              "Actual Startup Time": 146.407,
              "Actual Total Time": 146.408,
              "Actual Rows": 1,
              "Actual Loops": 4,
              "Plans": [
                {
                  "Node Type": "Seq Scan",
                  "Parent Relationship": "Outer",
                  "Parallel Aware": true,
                  "Relation Name": "movie_keyword",
                  "Alias": "mk",
                  "Startup Cost": 0.0,
                  "Total Cost": 42695.65,
                  "Plan Rows": 689123,
                  "Plan Width": 0,
                  "Actual Startup Time": 0.443,
                  "Actual Total Time": 118.963,
                  "Actual Rows": 530936,
                  "Actual Loops": 4,
                  "Filter": "(keyword_id > 5589)",
                  "Rows Removed by Filter": 600046
                }
              ]
            }
          ]
        }
      ]
    },
    "Planning Time": 0.1,
    "Triggers": [],
    "Execution Time": 160.866
  }
]