{
  "Plan": {
    "Node Type": "Aggregate",
    "Strategy": "Plain",
    "Partial Mode": "Finalize",
    "Parallel Aware": false,
    "Startup Cost": 290833.22,
    "Total Cost": 290833.23,
    "Plan Rows": 1,
    "Plan Width": 8,
    "Actual Startup Time": 787.827,
    "Actual Total Time": 849.168,
    "Actual Rows": 1,
    "Actual Loops": 1,
    "Plans": [
      {
        "Node Type": "Gather",
        "Parent Relationship": "Outer",
        "Parallel Aware": false,
        "Startup Cost": 290833.11,
        "Total Cost": 290833.22,
        "Plan Rows": 1,
        "Plan Width": 8,
        "Actual Startup Time": 787.349,
        "Actual Total Time": 849.16,
        "Actual Rows": 2,
        "Actual Loops": 1,
        "Workers Planned": 1,
        "Workers Launched": 1,
        "Single Copy": false,
        "Plans": [
          {
            "Node Type": "Aggregate",
            "Strategy": "Plain",
            "Partial Mode": "Partial",
            "Parent Relationship": "Outer",
            "Parallel Aware": false,
            "Startup Cost": 289833.11,
            "Total Cost": 289833.12,
            "Plan Rows": 1,
            "Plan Width": 8,
            "Actual Startup Time": 781.232,
            "Actual Total Time": 781.236,
            "Actual Rows": 1,
            "Actual Loops": 2,
            "Plans": [
              {
                "Node Type": "Nested Loop",
                "Parent Relationship": "Outer",
                "Parallel Aware": false,
                "Join Type": "Inner",
                "Startup Cost": 30205.86,
                "Total Cost": 288575.23,
                "Plan Rows": 503152,
                "Plan Width": 0,
                "Actual Startup Time": 93.841,
                "Actual Total Time": 764.835,
                "Actual Rows": 350050,
                "Actual Loops": 2,
                "Inner Unique": false,
                "Plans": [
                  {
                    "Node Type": "Hash Join",
                    "Parent Relationship": "Outer",
                    "Parallel Aware": true,
                    "Join Type": "Inner",
                    "Startup Cost": 30205.42,
                    "Total Cost": 90958.91,
                    "Plan Rows": 99956,
                    "Plan Width": 8,
                    "Actual Startup Time": 93.782,
                    "Actual Total Time": 367.969,
                    "Actual Rows": 34662,
                    "Actual Loops": 2,
                    "Inner Unique": false,
                    "Hash Cond": "(t.id = mc.movie_id)",
                    "Plans": [
                      {
                        "Node Type": "Seq Scan",
                        "Parent Relationship": "Outer",
                        "Parallel Aware": true,
                        "Relation Name": "title",
                        "Alias": "t",
                        "Startup Cost": 0.0,
                        "Total Cost": 50870.31,
                        "Plan Rows": 1487231,
                        "Plan Width": 4,
                        "Actual Startup Time": 0.009,
                        "Actual Total Time": 115.352,
                        "Actual Rows": 1264156,
                        "Actual Loops": 2
                      },
                      {
                        "Node Type": "Hash",
                        "Parent Relationship": "Inner",
                        "Parallel Aware": true,
                        "Startup Cost": 28955.97,
                        "Total Cost": 28955.97,
                        "Plan Rows": 99956,
                        "Plan Width": 4,
                        "Actual Startup Time": 90.396,
                        "Actual Total Time": 90.397,
                        "Actual Rows": 34662,
                        "Actual Loops": 2,
                        "Hash Buckets": 262144,
                        "Original Hash Buckets": 262144,
                        "Hash Batches": 1,
                        "Original Hash Batches": 1,
                        "Peak Memory Usage": 4800,
                        "Plans": [
                          {
                            "Node Type": "Bitmap Heap Scan",
                            "Parent Relationship": "Outer",
                            "Parallel Aware": true,
                            "Relation Name": "movie_companies",
                            "Alias": "mc",
                            "Startup Cost": 7212.97,
                            "Total Cost": 28955.97,
                            "Plan Rows": 99956,
                            "Plan Width": 4,
                            "Actual Startup Time": 66.84,
                            "Actual Total Time": 82.794,
                            "Actual Rows": 34662,
                            "Actual Loops": 2,
                            "Recheck Cond": "(company_id < 164)",
                            "Rows Removed by Index Recheck": 0,
                            "Filter": "(company_type_id = 2)",
                            "Rows Removed by Filter": 130298,
                            "Exact Heap Blocks": 13502,
                            "Lossy Heap Blocks": 0,
                            "Plans": [
                              {
                                "Node Type": "Bitmap Index Scan",
                                "Parent Relationship": "Outer",
                                "Parallel Aware": false,
                                "Index Name": "company_id_movie_companies",
                                "Startup Cost": 0.0,
                                "Total Cost": 7170.49,
                                "Plan Rows": 334674,
                                "Plan Width": 0,
                                "Actual Startup Time": 27.89,
                                "Actual Total Time": 27.891,
                                "Actual Rows": 329920,
                                "Actual Loops": 1,
                                "Index Cond": "(company_id < 164)"
                              }
                            ]
                          }
                        ]
                      }
                    ]
                  },
                  {
                    "Node Type": "Index Scan",
                    "Parent Relationship": "Inner",
                    "Parallel Aware": false,
                    "Scan Direction": "Forward",
                    "Index Name": "movie_id_movie_info",
                    "Relation Name": "movie_info",
                    "Alias": "mi",
                    "Startup Cost": 0.43,
                    "Total Cost": 1.62,
                    "Plan Rows": 36,
                    "Plan Width": 4,
                    "Actual Startup Time": 0.004,
                    "Actual Total Time": 0.01,
                    "Actual Rows": 10,
                    "Actual Loops": 69324,
                    "Index Cond": "(movie_id = t.id)",
                    "Rows Removed by Index Recheck": 0,
                    "Filter": "(info_type_id > 2)",
                    "Rows Removed by Filter": 2
                  }
                ]
              }
            ]
          }
        ]
      }
    ]
  },
  "Planning Time": 0.989,
  "Triggers": [],
  "Execution Time": 849.292
}