[
  {
    "Plan": {
      "Node Type": "Aggregate",
      "Strategy": "Plain",
      "Partial Mode": "Finalize",
      "Parallel Aware": false,
      "Startup Cost": 345232.74,
      "Total Cost": 345232.76,
      "Plan Rows": 1,
      "Plan Width": 8,
      "Actual Startup Time": 649.403,
      "Actual Total Time": 720.24,
      "Actual Rows": 1,
      "Actual Loops": 1,
      "Plans": [
        {
          "Node Type": "Gather",
          "Parent Relationship": "Outer",
          "Parallel Aware": false,
          "Startup Cost": 345232.12,
          "Total Cost": 345232.73,
          "Plan Rows": 6,
          "Plan Width": 8,
          "Actual Startup Time": 649.286,
          "Actual Total Time": 720.231,
          "Actual Rows": 7,
          "Actual Loops": 1,
          "Workers Planned": 6,
          "Workers Launched": 6,
          "Single Copy": false,
          "Plans": [
            {
              "Node Type": "Aggregate",
              "Strategy": "Plain",
              "Partial Mode": "Partial",
              "Parent Relationship": "Outer",
              "Parallel Aware": false,
              "Startup Cost": 344232.12,
              "Total Cost": 344232.13,
              "Plan Rows": 1,
              "Plan Width": 8,
              "Actual Startup Time": 640.666,
              "Actual Total Time": 640.667,
              "Actual Rows": 1,
              "Actual Loops": 7,
              "Plans": [
                {
                  "Node Type": "Seq Scan",
                  "Parent Relationship": "Outer",
                  "Parallel Aware": true,
                  "Relation Name": "cast_info",
                  "Alias": "ci",
                  "Startup Cost": 0.0,
                  "Total Cost": 343257.03,
                  "Plan Rows": 390036,
                  "Plan Width": 0,
                  "Actual Startup Time": 351.086,
                  "Actual Total Time": 631.428,
                  "Actual Rows": 211365,
                  "Actual Loops": 7,
                  "Filter": "((person_id < 516125) AND (role_id > 2))",
                  "Rows Removed by Filter": 4966399
                }
              ]
            }
          ]
        }
      ]
    },
    "Planning Time": 0.202,
    "Triggers": [],
    "Execution Time": 720.302
  }
]