{
  "Plan": {
    "Node Type": "Aggregate",
    "Strategy": "Plain",
    "Partial Mode": "Finalize",
    "Parallel Aware": false,
    "Startup Cost": 45849.04,
    "Total Cost": 45849.05,
    "Plan Rows": 1,
    "Plan Width": 8,
    "Actual Startup Time": 75.691,
    "Actual Total Time": 84.715,
    "Actual Rows": 1,
    "Actual Loops": 1,
    "Plans": [
      {
        "Node Type": "Gather",
        "Parent Relationship": "Outer",
        "Parallel Aware": false,
        "Startup Cost": 45848.93,
        "Total Cost": 45849.04,
        "Plan Rows": 1,
        "Plan Width": 8,
        "Actual Startup Time": 75.568,
        "Actual Total Time": 84.707,
        "Actual Rows": 2,
        "Actual Loops": 1,
        "Workers Planned": 1,
        "Workers Launched": 1,
        "Single Copy": false,
        "Plans": [
          {
            "Node Type": "Aggregate",
            "Strategy": "Plain",
            "Partial Mode": "Partial",
            "Parent Relationship": "Outer",
            "Parallel Aware": false,
            "Startup Cost": 44848.93,
            "Total Cost": 44848.94,
            "Plan Rows": 1,
            "Plan Width": 8,
            "Actual Startup Time": 69.601,
            "Actual Total Time": 69.603,
            "Actual Rows": 1,
            "Actual Loops": 2,
            "Plans": [
              {
                "Node Type": "Nested Loop",
                "Parent Relationship": "Outer",
                "Parallel Aware": false,
                "Join Type": "Inner",
                "Startup Cost": 144.71,
                "Total Cost": 44838.86,
                "Plan Rows": 4028,
                "Plan Width": 0,
                "Actual Startup Time": 3.696,
                "Actual Total Time": 68.329,
                "Actual Rows": 12735,
                "Actual Loops": 2,
                "Inner Unique": false,
                "Plans": [
                  {
                    "Node Type": "Nested Loop",
                    "Parent Relationship": "Outer",
                    "Parallel Aware": false,
                    "Join Type": "Inner",
                    "Startup Cost": 144.28,
                    "Total Cost": 42449.09,
                    "Plan Rows": 3903,
                    "Plan Width": 8,
                    "Actual Startup Time": 3.586,
                    "Actual Total Time": 38.455,
                    "Actual Rows": 3395,
                    "Actual Loops": 2,
                    "Inner Unique": true,
                    "Plans": [
                      {
                        "Node Type": "Bitmap Heap Scan",
                        "Parent Relationship": "Outer",
                        "Parallel Aware": true,
                        "Relation Name": "movie_keyword",
                        "Alias": "mk",
                        "Startup Cost": 143.85,
                        "Total Cost": 14996.23,
                        "Plan Rows": 3903,
                        "Plan Width": 4,
                        "Actual Startup Time": 3.432,
                        "Actual Total Time": 13.957,
                        "Actual Rows": 3395,
                        "Actual Loops": 2,
                        "Recheck Cond": "(keyword_id = 495)",
                        "Rows Removed by Index Recheck": 0,
                        "Exact Heap Blocks": 3471,
                        "Lossy Heap Blocks": 0,
                        "Plans": [
                          {
                            "Node Type": "Bitmap Index Scan",
                            "Parent Relationship": "Outer",
                            "Parallel Aware": false,
                            "Index Name": "keyword_id_movie_keyword",
                            "Startup Cost": 0.0,
                            "Total Cost": 142.19,
                            "Plan Rows": 6635,
                            "Plan Width": 0,
                            "Actual Startup Time": 4.25,
                            "Actual Total Time": 4.25,
                            "Actual Rows": 6790,
                            "Actual Loops": 1,
                            "Index Cond": "(keyword_id = 495)"
                          }
                        ]
                      },
                      {
                        "Node Type": "Index Only Scan",
                        "Parent Relationship": "Inner",
                        "Parallel Aware": false,
                        "Scan Direction": "Forward",
                        "Index Name": "title_pkey",
                        "Relation Name": "title",
                        "Alias": "t",
                        "Startup Cost": 0.43,
                        "Total Cost": 7.03,
                        "Plan Rows": 1,
                        "Plan Width": 4,
                        "Actual Startup Time": 0.007,
                        "Actual Total Time": 0.007,
                        "Actual Rows": 1,
                        "Actual Loops": 6790,
                        "Index Cond": "(id = mk.movie_id)",
                        "Rows Removed by Index Recheck": 0,
                        "Heap Fetches": 6790
                      }
                    ]
                  },
                  {
                    "Node Type": "Index Only Scan",
                    "Parent Relationship": "Inner",
                    "Parallel Aware": false,
                    "Scan Direction": "Forward",
                    "Index Name": "movie_id_movie_companies",
                    "Relation Name": "movie_companies",
                    "Alias": "mc",
                    "Startup Cost": 0.43,
                    "Total Cost": 0.56,
                    "Plan Rows": 5,
                    "Plan Width": 4,
                    "Actual Startup Time": 0.006,
                    "Actual Total Time": 0.008,
                    "Actual Rows": 4,
                    "Actual Loops": 6790,
                    "Index Cond": "(movie_id = t.id)",
                    "Rows Removed by Index Recheck": 0,
                    "Heap Fetches": 25470
                  }
                ]
              }
            ]
          }
        ]
      }
    ]
  },
  "Planning Time": 1.073,
  "Triggers": [],
  "Execution Time": 84.81
}