{
    "Plan": {
        "Node Type": "Aggregate",
        "Strategy": "Plain",
        "Partial Mode": "Finalize",
        "Parallel Aware": false,
        "Startup Cost": 95985.16,
        "Total Cost": 95985.17,
        "Plan Rows": 1,
        "Plan Width": 8,
        "Actual Startup Time": 505.939,
        "Actual Total Time": 528.735,
        "Actual Rows": 1,
        "Actual Loops": 1,
        "Output": [
            "count(*)"
        ],
        "Plans": [
            {
                "Node Type": "Gather",
                "Parent Relationship": "Outer",
                "Parallel Aware": false,
                "Startup Cost": 95984.85,
                "Total Cost": 95985.16,
                "Plan Rows": 3,
                "Plan Width": 8,
                "Actual Startup Time": 500.784,
                "Actual Total Time": 528.726,
                "Actual Rows": 4,
                "Actual Loops": 1,
                "Output": [
                    "(PARTIAL count(*))"
                ],
                "Workers Planned": 3,
                "Workers Launched": 3,
                "Single Copy": false,
                "Plans": [
                    {
                        "Node Type": "Aggregate",
                        "Strategy": "Plain",
                        "Partial Mode": "Partial",
                        "Parent Relationship": "Outer",
                        "Parallel Aware": false,
                        "Startup Cost": 94984.85,
                        "Total Cost": 94984.86,
                        "Plan Rows": 1,
                        "Plan Width": 8,
                        "Actual Startup Time": 492.171,
                        "Actual Total Time": 492.174,
                        "Actual Rows": 1,
                        "Actual Loops": 4,
                        "Output": [
                            "PARTIAL count(*)"
                        ],
                        "Workers": [
                            {
                                "Worker Number": 0,
                                "Actual Startup Time": 489.537,
                                "Actual Total Time": 489.539,
                                "Actual Rows": 1,
                                "Actual Loops": 1
                            },
                            {
                                "Worker Number": 1,
                                "Actual Startup Time": 489.594,
                                "Actual Total Time": 489.597,
                                "Actual Rows": 1,
                                "Actual Loops": 1
                            },
                            {
                                "Worker Number": 2,
                                "Actual Startup Time": 489.5,
                                "Actual Total Time": 489.503,
                                "Actual Rows": 1,
                                "Actual Loops": 1
                            }
                        ],
                        "Plans": [
                            {
                                "Node Type": "Hash Join",
                                "Parent Relationship": "Outer",
                                "Parallel Aware": true,
                                "Join Type": "Inner",
                                "Startup Cost": 47090.87,
                                "Total Cost": 93540.52,
                                "Plan Rows": 577731,
                                "Plan Width": 0,
                                "Actual Startup Time": 204.737,
                                "Actual Total Time": 468.194,
                                "Actual Rows": 592606,
                                "Actual Loops": 4,
                                "Inner Unique": true,
                                "Hash Cond": "(mk.movie_id = t.id)",
                                "Workers": [
                                    {
                                        "Worker Number": 0,
                                        "Actual Startup Time": 202.201,
                                        "Actual Total Time": 466.128,
                                        "Actual Rows": 584415,
                                        "Actual Loops": 1
                                    },
                                    {
                                        "Worker Number": 1,
                                        "Actual Startup Time": 202.398,
                                        "Actual Total Time": 466.302,
                                        "Actual Rows": 582318,
                                        "Actual Loops": 1
                                    },
                                    {
                                        "Worker Number": 2,
                                        "Actual Startup Time": 202.208,
                                        "Actual Total Time": 466.778,
                                        "Actual Rows": 566778,
                                        "Actual Loops": 1
                                    }
                                ],
                                "Plans": [
                                    {
                                        "Node Type": "Seq Scan",
                                        "Parent Relationship": "Outer",
                                        "Parallel Aware": true,
                                        "Relation Name": "movie_keyword",
                                        "Schema": "public",
                                        "Alias": "mk",
                                        "Startup Cost": 0.0,
                                        "Total Cost": 42695.65,
                                        "Plan Rows": 1430090,
                                        "Plan Width": 4,
                                        "Actual Startup Time": 0.015,
                                        "Actual Total Time": 125.583,
                                        "Actual Rows": 1107257,
                                        "Actual Loops": 4,
                                        "Output": [
                                            "mk.id",
                                            "mk.movie_id",
                                            "mk.keyword_id"
                                        ],
                                        "Filter": "(mk.keyword_id > 84)",
                                        "Rows Removed by Filter": 23726,
                                        "Workers": [
                                            {
                                                "Worker Number": 0,
                                                "Actual Startup Time": 0.014,
                                                "Actual Total Time": 128.986,
                                                "Actual Rows": 1098325,
                                                "Actual Loops": 1
                                            },
                                            {
                                                "Worker Number": 1,
                                                "Actual Startup Time": 0.015,
                                                "Actual Total Time": 128.969,
                                                "Actual Rows": 1087134,
                                                "Actual Loops": 1
                                            },
                                            {
                                                "Worker Number": 2,
                                                "Actual Startup Time": 0.016,
                                                "Actual Total Time": 131.129,
                                                "Actual Rows": 1053314,
                                                "Actual Loops": 1
                                            }
                                        ]
                                    },
                                    {
                                        "Node Type": "Hash",
                                        "Parent Relationship": "Inner",
                                        "Parallel Aware": true,
                                        "Startup Cost": 43899.01,
                                        "Total Cost": 43899.01,
                                        "Plan Rows": 255349,
                                        "Plan Width": 4,
                                        "Actual Startup Time": 199.592,
                                        "Actual Total Time": 199.593,
                                        "Actual Rows": 255438,
                                        "Actual Loops": 4,
                                        "Output": [
                                            "t.id"
                                        ],
                                        "Hash Buckets": 1048576,
                                        "Original Hash Buckets": 1048576,
                                        "Hash Batches": 1,
                                        "Original Hash Batches": 1,
                                        "Peak Memory Usage": 48224,
                                        "Workers": [
                                            {
                                                "Worker Number": 0,
                                                "Actual Startup Time": 201.661,
                                                "Actual Total Time": 201.662,
                                                "Actual Rows": 244625,
                                                "Actual Loops": 1
                                            },
                                            {
                                                "Worker Number": 1,
                                                "Actual Startup Time": 201.663,
                                                "Actual Total Time": 201.664,
                                                "Actual Rows": 240833,
                                                "Actual Loops": 1
                                            },
                                            {
                                                "Worker Number": 2,
                                                "Actual Startup Time": 201.589,
                                                "Actual Total Time": 201.59,
                                                "Actual Rows": 235431,
                                                "Actual Loops": 1
                                            }
                                        ],
                                        "Plans": [
                                            {
                                                "Node Type": "Seq Scan",
                                                "Parent Relationship": "Outer",
                                                "Parallel Aware": true,
                                                "Relation Name": "title",
                                                "Schema": "public",
                                                "Alias": "t",
                                                "Startup Cost": 0.0,
                                                "Total Cost": 43899.01,
                                                "Plan Rows": 255349,
                                                "Plan Width": 4,
                                                "Actual Startup Time": 0.047,
                                                "Actual Total Time": 106.624,
                                                "Actual Rows": 255438,
                                                "Actual Loops": 4,
                                                "Output": [
                                                    "t.id"
                                                ],
                                                "Filter": "(t.production_year < 2000)",
                                                "Rows Removed by Filter": 376640,
                                                "Workers": [
                                                    {
                                                        "Worker Number": 0,
                                                        "Actual Startup Time": 0.058,
                                                        "Actual Total Time": 107.338,
                                                        "Actual Rows": 244625,
                                                        "Actual Loops": 1
                                                    },
                                                    {
                                                        "Worker Number": 1,
                                                        "Actual Startup Time": 0.057,
                                                        "Actual Total Time": 107.57,
                                                        "Actual Rows": 240833,
                                                        "Actual Loops": 1
                                                    },
                                                    {
                                                        "Worker Number": 2,
                                                        "Actual Startup Time": 0.055,
                                                        "Actual Total Time": 111.923,
                                                        "Actual Rows": 235431,
                                                        "Actual Loops": 1
                                                    }
                                                ]
                                            }
                                        ]
                                    }
                                ]
                            }
                        ]
                    }
                ]
            }
        ]
    },
    "Planning Time": 0.709,
    "Triggers": [],
    "Execution Time": 528.812
}