[
  {
    "Plan": {
      "Node Type": "Aggregate",
      "Strategy": "Plain",
      "Partial Mode": "Finalize",
      "Parallel Aware": false,
      "Startup Cost": 332490.67,
      "Total Cost": 332490.68,
      "Plan Rows": 1,
      "Plan Width": 8,
      "Actual Startup Time": 650.529,
      "Actual Total Time": 710.323,
      "Actual Rows": 1,
      "Actual Loops": 1,
      "Plans": [
        {
          "Node Type": "Gather",
          "Parent Relationship": "Outer",
          "Parallel Aware": false,
          "Startup Cost": 332490.04,
          "Total Cost": 332490.65,
          "Plan Rows": 6,
          "Plan Width": 8,
          "Actual Startup Time": 650.4,
          "Actual Total Time": 710.313,
          "Actual Rows": 7,
          "Actual Loops": 1,
          "Workers Planned": 6,
          "Workers Launched": 6,
          "Single Copy": false,
          "Plans": [
            {
              "Node Type": "Aggregate",
              "Strategy": "Plain",
              "Partial Mode": "Partial",
              "Parent Relationship": "Outer",
              "Parallel Aware": false,
              "Startup Cost": 331490.04,
              "Total Cost": 331490.05,
              "Plan Rows": 1,
              "Plan Width": 8,
              "Actual Startup Time": 642.826,
              "Actual Total Time": 642.827,
              "Actual Rows": 1,
              "Actual Loops": 7,
              "Plans": [
                {
                  "Node Type": "Seq Scan",
                  "Parent Relationship": "Outer",
                  "Parallel Aware": true,
                  "Relation Name": "cast_info",
                  "Alias": "ci",
                  "Startup Cost": 0.0,
                  "Total Cost": 328162.03,
                  "Plan Rows": 1331207,
                  "Plan Width": 0,
                  "Actual Startup Time": 337.635,
                  "Actual Total Time": 587.696,
                  "Actual Rows": 1130777,
                  "Actual Loops": 7,
                  "Filter": "(person_id > 2887634)",
                  "Rows Removed by Filter": 4046986
                }
              ]
            }
          ]
        }
      ]
    },
    "Planning Time": 0.121,
    "Triggers": [],
    "Execution Time": 710.376
  }
]