{
  "Plan": {
    "Node Type": "Aggregate",
    "Strategy": "Plain",
    "Partial Mode": "Finalize",
    "Parallel Aware": false,
    "Startup Cost": 123019.02,
    "Total Cost": 123019.03,
    "Plan Rows": 1,
    "Plan Width": 8,
    "Actual Startup Time": 595.776,
    "Actual Total Time": 608.891,
    "Actual Rows": 1,
    "Actual Loops": 1,
    "Plans": [
      {
        "Node Type": "Gather",
        "Parent Relationship": "Outer",
        "Parallel Aware": false,
        "Startup Cost": 123018.91,
        "Total Cost": 123019.02,
        "Plan Rows": 1,
        "Plan Width": 8,
        "Actual Startup Time": 594.964,
        "Actual Total Time": 608.879,
        "Actual Rows": 2,
        "Actual Loops": 1,
        "Workers Planned": 1,
        "Workers Launched": 1,
        "Single Copy": false,
        "Plans": [
          {
            "Node Type": "Aggregate",
            "Strategy": "Plain",
            "Partial Mode": "Partial",
            "Parent Relationship": "Outer",
            "Parallel Aware": false,
            "Startup Cost": 122018.91,
            "Total Cost": 122018.92,
            "Plan Rows": 1,
            "Plan Width": 8,
            "Actual Startup Time": 588.494,
            "Actual Total Time": 588.504,
            "Actual Rows": 1,
            "Actual Loops": 2,
            "Plans": [
              {
                "Node Type": "Hash Join",
                "Parent Relationship": "Outer",
                "Parallel Aware": true,
                "Join Type": "Inner",
                "Startup Cost": 58680.8,
                "Total Cost": 121925.57,
                "Plan Rows": 37336,
                "Plan Width": 0,
                "Actual Startup Time": 303.059,
                "Actual Total Time": 580.603,
                "Actual Rows": 150687,
                "Actual Loops": 2,
                "Inner Unique": false,
                "Hash Cond": "(mk.movie_id = t.id)",
                "Plans": [
                  {
                    "Node Type": "Seq Scan",
                    "Parent Relationship": "Outer",
                    "Parallel Aware": true,
                    "Relation Name": "movie_keyword",
                    "Alias": "mk",
                    "Startup Cost": 0.0,
                    "Total Cost": 57718.19,
                    "Plan Rows": 1415188,
                    "Plan Width": 4,
                    "Actual Startup Time": 0.023,
                    "Actual Total Time": 226.497,
                    "Actual Rows": 1205305,
                    "Actual Loops": 2,
                    "Filter": "(keyword_id < 5647)",
                    "Rows Removed by Filter": 1056660
                  },
                  {
                    "Node Type": "Hash",
                    "Parent Relationship": "Inner",
                    "Parallel Aware": true,
                    "Startup Cost": 58190.35,
                    "Total Cost": 58190.35,
                    "Plan Rows": 39236,
                    "Plan Width": 8,
                    "Actual Startup Time": 238.434,
                    "Actual Total Time": 238.442,
                    "Actual Rows": 41775,
                    "Actual Loops": 2,
                    "Hash Buckets": 131072,
                    "Original Hash Buckets": 131072,
                    "Hash Batches": 1,
                    "Original Hash Batches": 1,
                    "Peak Memory Usage": 4320,
                    "Plans": [
                      {
                        "Node Type": "Hash Join",
                        "Parent Relationship": "Outer",
                        "Parallel Aware": true,
                        "Join Type": "Inner",
                        "Startup Cost": 40006.56,
                        "Total Cost": 58190.35,
                        "Plan Rows": 39236,
                        "Plan Width": 8,
                        "Actual Startup Time": 137.792,
                        "Actual Total Time": 228.177,
                        "Actual Rows": 41775,
                        "Actual Loops": 2,
                        "Inner Unique": true,
                        "Hash Cond": "(mi_idx.movie_id = t.id)",
                        "Plans": [
                          {
                            "Node Type": "Seq Scan",
                            "Parent Relationship": "Outer",
                            "Parallel Aware": true,
                            "Relation Name": "movie_info_idx",
                            "Alias": "mi_idx",
                            "Startup Cost": 0.0,
                            "Total Cost": 16052.85,
                            "Plan Rows": 811785,
                            "Plan Width": 4,
                            "Actual Startup Time": 0.02,
                            "Actual Total Time": 61.218,
                            "Actual Rows": 690018,
                            "Actual Loops": 2
                          },
                          {
                            "Node Type": "Hash",
                            "Parent Relationship": "Inner",
                            "Parallel Aware": true,
                            "Startup Cost": 39108.02,
                            "Total Cost": 39108.02,
                            "Plan Rows": 71883,
                            "Plan Width": 4,
                            "Actual Startup Time": 79.878,
                            "Actual Total Time": 79.88,
                            "Actual Rows": 59117,
                            "Actual Loops": 2,
                            "Hash Buckets": 131072,
                            "Original Hash Buckets": 131072,
                            "Hash Batches": 1,
                            "Original Hash Batches": 1,
                            "Peak Memory Usage": 5696,
                            "Plans": [
                              {
                                "Node Type": "Bitmap Heap Scan",
                                "Parent Relationship": "Outer",
                                "Parallel Aware": true,
                                "Relation Name": "title",
                                "Alias": "t",
                                "Startup Cost": 2211.49,
                                "Total Cost": 39108.02,
                                "Plan Rows": 71883,
                                "Plan Width": 4,
                                "Actual Startup Time": 16.449,
                                "Actual Total Time": 60.07,
                                "Actual Rows": 59117,
                                "Actual Loops": 2,
                                "Recheck Cond": "(kind_id = 4)",
                                "Rows Removed by Index Recheck": 0,
                                "Exact Heap Blocks": 8197,
                                "Lossy Heap Blocks": 0,
                                "Plans": [
                                  {
                                    "Node Type": "Bitmap Index Scan",
                                    "Parent Relationship": "Outer",
                                    "Parallel Aware": false,
                                    "Index Name": "kind_id_title",
                                    "Startup Cost": 0.0,
                                    "Total Cost": 2180.94,
                                    "Plan Rows": 122201,
                                    "Plan Width": 0,
                                    "Actual Startup Time": 14.964,
                                    "Actual Total Time": 14.964,
                                    "Actual Rows": 118234,
                                    "Actual Loops": 1,
                                    "Index Cond": "(kind_id = 4)"
                                  }
                                ]
                              }
                            ]
                          }
                        ]
                      }
                    ]
                  }
                ]
              }
            ]
          }
        ]
      }
    ]
  },
  "Planning Time": 0.818,
  "Triggers": [],
  "Execution Time": 608.997
}