[
  {
    "Plan": {
      "Node Type": "Aggregate",
      "Strategy": "Plain",
      "Partial Mode": "Finalize",
      "Parallel Aware": false,
      "Startup Cost": 79035.42,
      "Total Cost": 79035.43,
      "Plan Rows": 1,
      "Plan Width": 8,
      "Actual Startup Time": 127.357,
      "Actual Total Time": 135.539,
      "Actual Rows": 1,
      "Actual Loops": 1,
      "Plans": [
        {
          "Node Type": "Gather",
          "Parent Relationship": "Outer",
          "Parallel Aware": false,
          "Startup Cost": 79034.9,
          "Total Cost": 79035.41,
          "Plan Rows": 5,
          "Plan Width": 8,
          "Actual Startup Time": 127.292,
          "Actual Total Time": 135.532,
          "Actual Rows": 6,
          "Actual Loops": 1,
          "Workers Planned": 5,
          "Workers Launched": 5,
          "Single Copy": false,
          "Plans": [
            {
              "Node Type": "Aggregate",
              "Strategy": "Plain",
              "Partial Mode": "Partial",
              "Parent Relationship": "Outer",
              "Parallel Aware": false,
              "Startup Cost": 78034.9,
              "Total Cost": 78034.91,
              "Plan Rows": 1,
              "Plan Width": 8,
              "Actual Startup Time": 117.52,
              "Actual Total Time": 117.521,
              "Actual Rows": 1,
              "Actual Loops": 6,
              "Plans": [
                {
                  "Node Type": "Index Scan",
                  "Parent Relationship": "Outer",
                  "Parallel Aware": true,
                  "Scan Direction": "Forward",
                  "Index Name": "role_id_cast_info",
                  "Relation Name": "cast_info",
                  "Alias": "ci",
                  "Startup Cost": 0.56,
                  "Total Cost": 77740.85,
                  "Plan Rows": 117618,
                  "Plan Width": 0,
                  "Actual Startup Time": 0.234,
                  "Actual Total Time": 109.06,
                  "Actual Rows": 163948,
                  "Actual Loops": 6,
                  "Index Cond": "(role_id = 4)",
                  "Rows Removed by Index Recheck": 0,
                  "Filter": "(person_id > 2931656)",
                  "Rows Removed by Filter": 290876
                }
              ]
            }
          ]
        }
      ]
    },
    "Planning Time": 0.2,
    "Triggers": [],
    "Execution Time": 135.595
  }
]