[
  {
    "Plan": {
      "Node Type": "Aggregate",
      "Strategy": "Plain",
      "Partial Mode": "Finalize",
      "Parallel Aware": false,
      "Startup Cost": 590175.97,
      "Total Cost": 590175.98,
      "Plan Rows": 1,
      "Plan Width": 8,
      "Actual Startup Time": 2809.409,
      "Actual Total Time": 2884.669,
      "Actual Rows": 1,
      "Actual Loops": 1,
      "Plans": [
        {
          "Node Type": "Gather",
          "Parent Relationship": "Outer",
          "Parallel Aware": false,
          "Startup Cost": 590175.35,
          "Total Cost": 590175.96,
          "Plan Rows": 6,
          "Plan Width": 8,
          "Actual Startup Time": 2785.264,
          "Actual Total Time": 2884.653,
          "Actual Rows": 7,
          "Actual Loops": 1,
          "Workers Planned": 6,
          "Workers Launched": 6,
          "Single Copy": false,
          "Plans": [
            {
              "Node Type": "Aggregate",
              "Strategy": "Plain",
              "Partial Mode": "Partial",
              "Parent Relationship": "Outer",
              "Parallel Aware": false,
              "Startup Cost": 589175.35,
              "Total Cost": 589175.36,
              "Plan Rows": 1,
              "Plan Width": 8,
              "Actual Startup Time": 2775.063,
              "Actual Total Time": 2775.73,
              "Actual Rows": 1,
              "Actual Loops": 7,
              "Plans": [
                {
                  "Node Type": "Hash Join",
                  "Parent Relationship": "Outer",
                  "Parallel Aware": true,
                  "Join Type": "Inner",
                  "Startup Cost": 248909.6,
                  "Total Cost": 586616.56,
                  "Plan Rows": 1023514,
                  "Plan Width": 0,
                  "Actual Startup Time": 1396.847,
                  "Actual Total Time": 2655.446,
                  "Actual Rows": 2576461,
                  "Actual Loops": 7,
                  "Inner Unique": false,
                  "Hash Cond": "(ci.movie_id = t.id)",
                  "Plans": [
                    {
                      "Node Type": "Seq Scan",
                      "Parent Relationship": "Outer",
                      "Parallel Aware": true,
                      "Relation Name": "cast_info",
                      "Alias": "ci",
                      "Startup Cost": 0.0,
                      "Total Cost": 328211.39,
                      "Plan Rows": 1986276,
                      "Plan Width": 4,
                      "Actual Startup Time": 291.74,
                      "Actual Total Time": 606.655,
                      "Actual Rows": 1684108,
                      "Actual Loops": 7,
                      "Filter": "(person_id > 2512697)",
                      "Rows Removed by Filter": 3493656
                    },
                    {
                      "Node Type": "Hash",
                      "Parent Relationship": "Inner",
                      "Parallel Aware": true,
                      "Startup Cost": 245652.4,
                      "Total Cost": 245652.4,
                      "Plan Rows": 260576,
                      "Plan Width": 8,
                      "Actual Startup Time": 1101.334,
                      "Actual Total Time": 1101.999,
                      "Actual Rows": 549486,
                      "Actual Loops": 7,
                      "Hash Buckets": 4194304,
                      "Original Hash Buckets": 2097152,
                      "Hash Batches": 1,
                      "Original Hash Batches": 1,
                      "Peak Memory Usage": 199744,
                      "Plans": [
                        {
                          "Node Type": "Hash Join",
                          "Parent Relationship": "Outer",
                          "Parallel Aware": true,
                          "Join Type": "Inner",
                          "Startup Cost": 46173.0,
                          "Total Cost": 245652.4,
                          "Plan Rows": 260576,
                          "Plan Width": 8,
                          "Actual Startup Time": 114.755,
                          "Actual Total Time": 799.678,
                          "Actual Rows": 549486,
                          "Actual Loops": 7,
                          "Inner Unique": true,
                          "Hash Cond": "(mi.movie_id = t.id)",
                          "Plans": [
                            {
                              "Node Type": "Seq Scan",
                              "Parent Relationship": "Outer",
                              "Parallel Aware": true,
                              "Relation Name": "movie_info",
                              "Alias": "mi",
                              "Startup Cost": 0.0,
                              "Total Cost": 191685.19,
                              "Plan Rows": 2969219,
                              "Plan Width": 4,
                              "Actual Startup Time": 0.031,
                              "Actual Total Time": 291.802,
                              "Actual Rows": 2119389,
                              "Actual Loops": 7
                            },
                            {
                              "Node Type": "Hash",
                              "Parent Relationship": "Inner",
                              "Parallel Aware": true,
                              "Startup Cost": 45479.59,
                              "Total Cost": 45479.59,
                              "Plan Rows": 55473,
                              "Plan Width": 4,
                              "Actual Startup Time": 113.376,
                              "Actual Total Time": 113.378,
                              "Actual Rows": 48838,
                              "Actual Loops": 7,
                              "Hash Buckets": 524288,
                              "Original Hash Buckets": 262144,
                              "Hash Batches": 1,
                              "Original Hash Batches": 1,
                              "Peak Memory Usage": 19648,
                              "Plans": [
                                {
                                  "Node Type": "Seq Scan",
                                  "Parent Relationship": "Outer",
                                  "Parallel Aware": true,
                                  "Relation Name": "title",
                                  "Alias": "t",
                                  "Startup Cost": 0.0,
                                  "Total Cost": 45479.59,
                                  "Plan Rows": 55473,
                                  "Plan Width": 4,
                                  "Actual Startup Time": 0.107,
                                  "Actual Total Time": 78.821,
                                  "Actual Rows": 48838,
                                  "Actual Loops": 7,
                                  "Filter": "((kind_id < 7) AND (production_year < 1985))",
                                  "Rows Removed by Filter": 312349
                                }
                              ]
                            }
                          ]
                        }
                      ]
                    }
                  ]
                }
              ]
            }
          ]
        }
      ]
    },
    "Planning Time": 0.65,
    "Triggers": [],
    "Execution Time": 2884.731
  }
]