[
  {
    "Plan": {
      "Node Type": "Aggregate",
      "Strategy": "Plain",
      "Partial Mode": "Finalize",
      "Parallel Aware": false,
      "Startup Cost": 33169.76,
      "Total Cost": 33169.77,
      "Plan Rows": 1,
      "Plan Width": 8,
      "Actual Startup Time": 109.213,
      "Actual Total Time": 116.712,
      "Actual Rows": 1,
      "Actual Loops": 1,
      "Plans": [
        {
          "Node Type": "Gather",
          "Parent Relationship": "Outer",
          "Parallel Aware": false,
          "Startup Cost": 33169.44,
          "Total Cost": 33169.75,
          "Plan Rows": 3,
          "Plan Width": 8,
          "Actual Startup Time": 109.119,
          "Actual Total Time": 116.703,
          "Actual Rows": 4,
          "Actual Loops": 1,
          "Workers Planned": 3,
          "Workers Launched": 3,
          "Single Copy": false,
          "Plans": [
            {
              "Node Type": "Aggregate",
              "Strategy": "Plain",
              "Partial Mode": "Partial",
              "Parent Relationship": "Outer",
              "Parallel Aware": false,
              "Startup Cost": 32169.44,
              "Total Cost": 32169.45,
              "Plan Rows": 1,
              "Plan Width": 8,
              "Actual Startup Time": 101.721,
              "Actual Total Time": 101.722,
              "Actual Rows": 1,
              "Actual Loops": 4,
              "Plans": [
                {
                  "Node Type": "Seq Scan",
                  "Parent Relationship": "Outer",
                  "Parallel Aware": true,
                  "Relation Name": "movie_companies",
                  "Alias": "mc",
                  "Startup Cost": 0.0,
                  "Total Cost": 31414.82,
                  "Plan Rows": 301850,
                  "Plan Width": 0,
                  "Actual Startup Time": 51.383,
                  "Actual Total Time": 89.499,
                  "Actual Rows": 277546,
                  "Actual Loops": 4,
                  "Filter": "((company_id > 1531) AND (company_type_id = 2))",
                  "Rows Removed by Filter": 374737
                }
              ]
            }
          ]
        }
      ]
    },
    "Planning Time": 0.218,
    "Triggers": [],
    "Execution Time": 116.768
  }
]