[
  {
    "Plan": {
      "Node Type": "Aggregate",
      "Strategy": "Plain",
      "Partial Mode": "Finalize",
      "Parallel Aware": false,
      "Startup Cost": 31590.15,
      "Total Cost": 31590.16,
      "Plan Rows": 1,
      "Plan Width": 8,
      "Actual Startup Time": 122.537,
      "Actual Total Time": 130.788,
      "Actual Rows": 1,
      "Actual Loops": 1,
      "Plans": [
        {
          "Node Type": "Gather",
          "Parent Relationship": "Outer",
          "Parallel Aware": false,
          "Startup Cost": 31589.83,
          "Total Cost": 31590.14,
          "Plan Rows": 3,
          "Plan Width": 8,
          "Actual Startup Time": 122.426,
          "Actual Total Time": 130.779,
          "Actual Rows": 4,
          "Actual Loops": 1,
          "Workers Planned": 3,
          "Workers Launched": 3,
          "Single Copy": false,
          "Plans": [
            {
              "Node Type": "Aggregate",
              "Strategy": "Plain",
              "Partial Mode": "Partial",
              "Parent Relationship": "Outer",
              "Parallel Aware": false,
              "Startup Cost": 30589.83,
              "Total Cost": 30589.84,
              "Plan Rows": 1,
              "Plan Width": 8,
              "Actual Startup Time": 115.447,
              "Actual Total Time": 115.448,
              "Actual Rows": 1,
              "Actual Loops": 4,
              "Plans": [
                {
                  "Node Type": "Seq Scan",
                  "Parent Relationship": "Outer",
                  "Parallel Aware": true,
                  "Relation Name": "movie_companies",
                  "Alias": "mc",
                  "Startup Cost": 0.0,
                  "Total Cost": 29310.68,
                  "Plan Rows": 511659,
                  "Plan Width": 0,
                  "Actual Startup Time": 0.041,
                  "Actual Total Time": 91.105,
                  "Actual Rows": 393674,
                  "Actual Loops": 4,
                  "Filter": "(company_id < 15427)",
                  "Rows Removed by Filter": 258609
                }
              ]
            }
          ]
        }
      ]
    },
    "Planning Time": 0.186,
    "Triggers": [],
    "Execution Time": 130.844
  }
]