[
  {
    "Plan": {
      "Node Type": "Aggregate",
      "Strategy": "Plain",
      "Partial Mode": "Finalize",
      "Parallel Aware": false,
      "Startup Cost": 340482.88,
      "Total Cost": 340482.89,
      "Plan Rows": 1,
      "Plan Width": 8,
      "Actual Startup Time": 760.085,
      "Actual Total Time": 820.936,
      "Actual Rows": 1,
      "Actual Loops": 1,
      "Plans": [
        {
          "Node Type": "Gather",
          "Parent Relationship": "Outer",
          "Parallel Aware": false,
          "Startup Cost": 340482.25,
          "Total Cost": 340482.86,
          "Plan Rows": 6,
          "Plan Width": 8,
          "Actual Startup Time": 759.971,
          "Actual Total Time": 820.925,
          "Actual Rows": 7,
          "Actual Loops": 1,
          "Workers Planned": 6,
          "Workers Launched": 6,
          "Single Copy": false,
          "Plans": [
            {
              "Node Type": "Aggregate",
              "Strategy": "Plain",
              "Partial Mode": "Partial",
              "Parent Relationship": "Outer",
              "Parallel Aware": false,
              "Startup Cost": 339482.25,
              "Total Cost": 339482.26,
              "Plan Rows": 1,
              "Plan Width": 8,
              "Actual Startup Time": 749.652,
              "Actual Total Time": 749.653,
              "Actual Rows": 1,
              "Actual Loops": 7,
              "Plans": [
                {
                  "Node Type": "Seq Scan",
                  "Parent Relationship": "Outer",
                  "Parallel Aware": true,
                  "Relation Name": "cast_info",
                  "Alias": "ci",
                  "Startup Cost": 0.0,
                  "Total Cost": 328162.03,
                  "Plan Rows": 4528090,
                  "Plan Width": 0,
                  "Actual Startup Time": 106.628,
                  "Actual Total Time": 599.357,
                  "Actual Rows": 3861785,
                  "Actual Loops": 7,
                  "Filter": "(person_id > 905600)",
                  "Rows Removed by Filter": 1315979
                }
              ]
            }
          ]
        }
      ]
    },
    "Planning Time": 0.183,
    "Triggers": [],
    "Execution Time": 821.006
  }
]