[
  {
    "Plan": {
      "Node Type": "Aggregate",
      "Strategy": "Plain",
      "Partial Mode": "Finalize",
      "Parallel Aware": false,
      "Startup Cost": 47233.2,
      "Total Cost": 47233.21,
      "Plan Rows": 1,
      "Plan Width": 8,
      "Actual Startup Time": 122.969,
      "Actual Total Time": 135.713,
      "Actual Rows": 1,
      "Actual Loops": 1,
      "Plans": [
        {
          "Node Type": "Gather",
          "Parent Relationship": "Outer",
          "Parallel Aware": false,
          "Startup Cost": 47232.78,
          "Total Cost": 47233.19,
          "Plan Rows": 4,
          "Plan Width": 8,
          "Actual Startup Time": 122.803,
          "Actual Total Time": 135.704,
          "Actual Rows": 5,
          "Actual Loops": 1,
          "Workers Planned": 4,
          "Workers Launched": 4,
          "Single Copy": false,
          "Plans": [
            {
              "Node Type": "Aggregate",
              "Strategy": "Plain",
              "Partial Mode": "Partial",
              "Parent Relationship": "Outer",
              "Parallel Aware": false,
              "Startup Cost": 46232.78,
              "Total Cost": 46232.79,
              "Plan Rows": 1,
              "Plan Width": 8,
              "Actual Startup Time": 113.267,
              "Actual Total Time": 113.268,
              "Actual Rows": 1,
              "Actual Loops": 5,
              "Plans": [
                {
                  "Node Type": "Seq Scan",
                  "Parent Relationship": "Outer",
                  "Parallel Aware": true,
                  "Relation Name": "title",
                  "Alias": "t",
                  "Startup Cost": 0.0,
                  "Total Cost": 45479.59,
                  "Plan Rows": 301279,
                  "Plan Width": 0,
                  "Actual Startup Time": 0.058,
                  "Actual Total Time": 98.235,
                  "Actual Rows": 257011,
                  "Actual Loops": 5,
                  "Filter": "((production_year > 1978) AND (kind_id = 7))",
                  "Rows Removed by Filter": 248651
                }
              ]
            }
          ]
        }
      ]
    },
    "Planning Time": 0.226,
    "Triggers": [],
    "Execution Time": 135.772
  }
]