[
  {
    "Plan": {
      "Node Type": "Aggregate",
      "Strategy": "Plain",
      "Partial Mode": "Finalize",
      "Parallel Aware": false,
      "Startup Cost": 352256.85,
      "Total Cost": 352256.86,
      "Plan Rows": 1,
      "Plan Width": 8,
      "Actual Startup Time": 1011.296,
      "Actual Total Time": 1061.607,
      "Actual Rows": 1,
      "Actual Loops": 1,
      "Plans": [
        {
          "Node Type": "Gather",
          "Parent Relationship": "Outer",
          "Parallel Aware": false,
          "Startup Cost": 352256.23,
          "Total Cost": 352256.84,
          "Plan Rows": 6,
          "Plan Width": 8,
          "Actual Startup Time": 1011.116,
          "Actual Total Time": 1061.597,
          "Actual Rows": 7,
          "Actual Loops": 1,
          "Workers Planned": 6,
          "Workers Launched": 6,
          "Single Copy": false,
          "Plans": [
            {
              "Node Type": "Aggregate",
              "Strategy": "Plain",
              "Partial Mode": "Partial",
              "Parent Relationship": "Outer",
              "Parallel Aware": false,
              "Startup Cost": 351256.23,
              "Total Cost": 351256.24,
              "Plan Rows": 1,
              "Plan Width": 8,
              "Actual Startup Time": 1002.331,
              "Actual Total Time": 1002.332,
              "Actual Rows": 1,
              "Actual Loops": 7,
              "Plans": [
                {
                  "Node Type": "Seq Scan",
                  "Parent Relationship": "Outer",
                  "Parallel Aware": true,
                  "Relation Name": "cast_info",
                  "Alias": "ci",
                  "Startup Cost": 0.0,
                  "Total Cost": 343316.27,
                  "Plan Rows": 3175982,
                  "Plan Width": 0,
                  "Actual Startup Time": 277.904,
                  "Actual Total Time": 850.709,
                  "Actual Rows": 2391540,
                  "Actual Loops": 7,
                  "Filter": "((person_id < 2979301) AND (role_id > 1))",
                  "Rows Removed by Filter": 2786223
                }
              ]
            }
          ]
        }
      ]
    },
    "Planning Time": 0.228,
    "Triggers": [],
    "Execution Time": 1061.68
  }
]