[
  {
    "Plan": {
      "Node Type": "Aggregate",
      "Strategy": "Plain",
      "Partial Mode": "Finalize",
      "Parallel Aware": false,
      "Startup Cost": 46902.42,
      "Total Cost": 46902.43,
      "Plan Rows": 1,
      "Plan Width": 8,
      "Actual Startup Time": 103.069,
      "Actual Total Time": 114.896,
      "Actual Rows": 1,
      "Actual Loops": 1,
      "Plans": [
        {
          "Node Type": "Gather",
          "Parent Relationship": "Outer",
          "Parallel Aware": false,
          "Startup Cost": 46902.0,
          "Total Cost": 46902.41,
          "Plan Rows": 4,
          "Plan Width": 8,
          "Actual Startup Time": 102.892,
          "Actual Total Time": 114.882,
          "Actual Rows": 5,
          "Actual Loops": 1,
          "Workers Planned": 4,
          "Workers Launched": 4,
          "Single Copy": false,
          "Plans": [
            {
              "Node Type": "Aggregate",
              "Strategy": "Plain",
              "Partial Mode": "Partial",
              "Parent Relationship": "Outer",
              "Parallel Aware": false,
              "Startup Cost": 45902.0,
              "Total Cost": 45902.01,
              "Plan Rows": 1,
              "Plan Width": 8,
              "Actual Startup Time": 97.549,
              "Actual Total Time": 97.55,
              "Actual Rows": 1,
              "Actual Loops": 5,
              "Plans": [
                {
                  "Node Type": "Seq Scan",
                  "Parent Relationship": "Outer",
                  "Parallel Aware": true,
                  "Relation Name": "title",
                  "Alias": "t",
                  "Startup Cost": 0.0,
                  "Total Cost": 45479.59,
                  "Plan Rows": 168964,
                  "Plan Width": 0,
                  "Actual Startup Time": 0.033,
                  "Actual Total Time": 91.552,
                  "Actual Rows": 111935,
                  "Actual Loops": 5,
                  "Filter": "((kind_id < 4) AND (production_year > 1976))",
                  "Rows Removed by Filter": 393728
                }
              ]
            }
          ]
        }
      ]
    },
    "Planning Time": 0.189,
    "Triggers": [],
    "Execution Time": 114.953
  }
]