{
  "Plan": {
    "Node Type": "Aggregate",
    "Strategy": "Plain",
    "Partial Mode": "Finalize",
    "Parallel Aware": false,
    "Startup Cost": 887910.53,
    "Total Cost": 887910.54,
    "Plan Rows": 1,
    "Plan Width": 8,
    "Actual Startup Time": 8241.246,
    "Actual Total Time": 8299.17,
    "Actual Rows": 1,
    "Actual Loops": 1,
    "Plans": [
      {
        "Node Type": "Gather",
        "Parent Relationship": "Outer",
        "Parallel Aware": false,
        "Startup Cost": 887910.41,
        "Total Cost": 887910.52,
        "Plan Rows": 1,
        "Plan Width": 8,
        "Actual Startup Time": 8237.447,
        "Actual Total Time": 8299.159,
        "Actual Rows": 2,
        "Actual Loops": 1,
        "Workers Planned": 1,
        "Workers Launched": 1,
        "Single Copy": false,
        "Plans": [
          {
            "Node Type": "Aggregate",
            "Strategy": "Plain",
            "Partial Mode": "Partial",
            "Parent Relationship": "Outer",
            "Parallel Aware": false,
            "Startup Cost": 886910.41,
            "Total Cost": 886910.42,
            "Plan Rows": 1,
            "Plan Width": 8,
            "Actual Startup Time": 8233.526,
            "Actual Total Time": 8234.381,
            "Actual Rows": 1,
            "Actual Loops": 2,
            "Plans": [
              {
                "Node Type": "Hash Join",
                "Parent Relationship": "Outer",
                "Parallel Aware": true,
                "Join Type": "Inner",
                "Startup Cost": 283061.41,
                "Total Cost": 869570.02,
                "Plan Rows": 6936157,
                "Plan Width": 0,
                "Actual Startup Time": 833.632,
                "Actual Total Time": 7289.674,
                "Actual Rows": 23484850,
                "Actual Loops": 2,
                "Inner Unique": false,
                "Hash Cond": "(ci.movie_id = t.id)",
                "Plans": [
                  {
                    "Node Type": "Seq Scan",
                    "Parent Relationship": "Outer",
                    "Parallel Aware": true,
                    "Relation Name": "cast_info",
                    "Alias": "ci",
                    "Startup Cost": 0.0,
                    "Total Cost": 465792.95,
                    "Plan Rows": 21310595,
                    "Plan Width": 4,
                    "Actual Startup Time": 0.019,
                    "Actual Total Time": 1336.02,
                    "Actual Rows": 18122172,
                    "Actual Loops": 2
                  },
                  {
                    "Node Type": "Hash",
                    "Parent Relationship": "Inner",
                    "Parallel Aware": true,
                    "Startup Cost": 277010.62,
                    "Total Cost": 277010.62,
                    "Plan Rows": 484063,
                    "Plan Width": 8,
                    "Actual Startup Time": 825.585,
                    "Actual Total Time": 826.438,
                    "Actual Rows": 456016,
                    "Actual Loops": 2,
                    "Hash Buckets": 1048576,
                    "Original Hash Buckets": 1048576,
                    "Hash Batches": 1,
                    "Original Hash Batches": 1,
                    "Peak Memory Usage": 43904,
                    "Plans": [
                      {
                        "Node Type": "Hash Join",
                        "Parent Relationship": "Outer",
                        "Parallel Aware": true,
                        "Join Type": "Inner",
                        "Startup Cost": 97703.74,
                        "Total Cost": 277010.62,
                        "Plan Rows": 484063,
                        "Plan Width": 8,
                        "Actual Startup Time": 374.635,
                        "Actual Total Time": 723.677,
                        "Actual Rows": 456016,
                        "Actual Loops": 2,
                        "Inner Unique": true,
                        "Hash Cond": "(mi.movie_id = t.id)",
                        "Plans": [
                          {
                            "Node Type": "Bitmap Heap Scan",
                            "Parent Relationship": "Outer",
                            "Parallel Aware": true,
                            "Relation Name": "movie_info",
                            "Alias": "mi",
                            "Startup Cost": 35254.11,
                            "Total Cost": 211556.11,
                            "Plan Rows": 1144719,
                            "Plan Width": 4,
                            "Actual Startup Time": 62.551,
                            "Actual Total Time": 187.675,
                            "Actual Rows": 932816,
                            "Actual Loops": 2,
                            "Recheck Cond": "(info_type_id > 17)",
                            "Rows Removed by Index Recheck": 0,
                            "Exact Heap Blocks": 22164,
                            "Lossy Heap Blocks": 0,
                            "Plans": [
                              {
                                "Node Type": "Bitmap Index Scan",
                                "Parent Relationship": "Outer",
                                "Parallel Aware": false,
                                "Index Name": "info_type_id_movie_info",
                                "Startup Cost": 0.0,
                                "Total Cost": 34767.61,
                                "Plan Rows": 1946023,
                                "Plan Width": 0,
                                "Actual Startup Time": 55.85,
                                "Actual Total Time": 55.85,
                                "Actual Rows": 1865632,
                                "Actual Loops": 1,
                                "Index Cond": "(info_type_id > 17)"
                              }
                            ]
                          },
                          {
                            "Node Type": "Hash",
                            "Parent Relationship": "Inner",
                            "Parallel Aware": true,
                            "Startup Cost": 54588.39,
                            "Total Cost": 54588.39,
                            "Plan Rows": 628899,
                            "Plan Width": 4,
                            "Actual Startup Time": 302.947,
                            "Actual Total Time": 302.948,
                            "Actual Rows": 537382,
                            "Actual Loops": 2,
                            "Hash Buckets": 2097152,
                            "Original Hash Buckets": 2097152,
                            "Hash Batches": 1,
                            "Original Hash Batches": 1,
                            "Peak Memory Usage": 58464,
                            "Plans": [
                              {
                                "Node Type": "Seq Scan",
                                "Parent Relationship": "Outer",
                                "Parallel Aware": true,
                                "Relation Name": "title",
                                "Alias": "t",
                                "Startup Cost": 0.0,
                                "Total Cost": 54588.39,
                                "Plan Rows": 628899,
                                "Plan Width": 4,
                                "Actual Startup Time": 0.029,
                                "Actual Total Time": 153.302,
                                "Actual Rows": 537382,
                                "Actual Loops": 2,
                                "Filter": "(production_year < 2001)",
                                "Rows Removed by Filter": 726774
                              }
                            ]
                          }
                        ]
                      }
                    ]
                  }
                ]
              }
            ]
          }
        ]
      }
    ]
  },
  "Planning Time": 0.745,
  "Triggers": [],
  "Execution Time": 8299.264
}