[
  {
    "Plan": {
      "Node Type": "Aggregate",
      "Strategy": "Plain",
      "Partial Mode": "Finalize",
      "Parallel Aware": false,
      "Startup Cost": 46868.46,
      "Total Cost": 46868.47,
      "Plan Rows": 1,
      "Plan Width": 8,
      "Actual Startup Time": 174.575,
      "Actual Total Time": 182.512,
      "Actual Rows": 1,
      "Actual Loops": 1,
      "Plans": [
        {
          "Node Type": "Gather",
          "Parent Relationship": "Outer",
          "Parallel Aware": false,
          "Startup Cost": 46868.15,
          "Total Cost": 46868.46,
          "Plan Rows": 3,
          "Plan Width": 8,
          "Actual Startup Time": 174.315,
          "Actual Total Time": 182.501,
          "Actual Rows": 4,
          "Actual Loops": 1,
          "Workers Planned": 3,
          "Workers Launched": 3,
          "Single Copy": false,
          "Plans": [
            {
              "Node Type": "Aggregate",
              "Strategy": "Plain",
              "Partial Mode": "Partial",
              "Parent Relationship": "Outer",
              "Parallel Aware": false,
              "Startup Cost": 45868.15,
              "Total Cost": 45868.16,
              "Plan Rows": 1,
              "Plan Width": 8,
              "Actual Startup Time": 169.754,
              "Actual Total Time": 169.755,
              "Actual Rows": 1,
              "Actual Loops": 4,
              "Plans": [
                {
                  "Node Type": "Seq Scan",
                  "Parent Relationship": "Outer",
                  "Parallel Aware": true,
                  "Relation Name": "movie_keyword",
                  "Alias": "mk",
                  "Startup Cost": 0.0,
                  "Total Cost": 42695.65,
                  "Plan Rows": 1268997,
                  "Plan Width": 0,
                  "Actual Startup Time": 0.031,
                  "Actual Total Time": 122.436,
                  "Actual Rows": 986459,
                  "Actual Loops": 4,
                  "Filter": "(keyword_id < 31730)",
                  "Rows Removed by Filter": 144524
                }
              ]
            }
          ]
        }
      ]
    },
    "Planning Time": 0.193,
    "Triggers": [],
    "Execution Time": 182.571
  }
]