[
  {
    "Plan": {
      "Node Type": "Aggregate",
      "Strategy": "Plain",
      "Partial Mode": "Finalize",
      "Parallel Aware": false,
      "Startup Cost": 93257.28,
      "Total Cost": 93257.29,
      "Plan Rows": 1,
      "Plan Width": 8,
      "Actual Startup Time": 528.512,
      "Actual Total Time": 544.82,
      "Actual Rows": 1,
      "Actual Loops": 1,
      "Plans": [
        {
          "Node Type": "Gather",
          "Parent Relationship": "Outer",
          "Parallel Aware": false,
          "Startup Cost": 93256.96,
          "Total Cost": 93257.27,
          "Plan Rows": 3,
          "Plan Width": 8,
          "Actual Startup Time": 521.344,
          "Actual Total Time": 544.813,
          "Actual Rows": 4,
          "Actual Loops": 1,
          "Workers Planned": 3,
          "Workers Launched": 3,
          "Single Copy": false,
          "Plans": [
            {
              "Node Type": "Aggregate",
              "Strategy": "Plain",
              "Partial Mode": "Partial",
              "Parent Relationship": "Outer",
              "Parallel Aware": false,
              "Startup Cost": 92256.96,
              "Total Cost": 92256.97,
              "Plan Rows": 1,
              "Plan Width": 8,
              "Actual Startup Time": 501.421,
              "Actual Total Time": 501.424,
              "Actual Rows": 1,
              "Actual Loops": 4,
              "Plans": [
                {
                  "Node Type": "Hash Join",
                  "Parent Relationship": "Outer",
                  "Parallel Aware": true,
                  "Join Type": "Inner",
                  "Startup Cost": 64086.31,
                  "Total Cost": 91729.78,
                  "Plan Rows": 210874,
                  "Plan Width": 0,
                  "Actual Startup Time": 371.549,
                  "Actual Total Time": 493.658,
                  "Actual Rows": 166065,
                  "Actual Loops": 4,
                  "Inner Unique": true,
                  "Hash Cond": "(mk.movie_id = t.id)",
                  "Plans": [
                    {
                      "Node Type": "Bitmap Heap Scan",
                      "Parent Relationship": "Outer",
                      "Parallel Aware": true,
                      "Relation Name": "movie_keyword",
                      "Alias": "mk",
                      "Startup Cost": 13866.67,
                      "Total Cost": 40956.59,
                      "Plan Rows": 210874,
                      "Plan Width": 4,
                      "Actual Startup Time": 39.004,
                      "Actual Total Time": 100.527,
                      "Actual Rows": 166065,
                      "Actual Loops": 4,
                      "Recheck Cond": "(keyword_id < 519)",
                      "Rows Removed by Index Recheck": 0,
                      "Exact Heap Blocks": 6920,
                      "Lossy Heap Blocks": 0,
                      "Plans": [
                        {
                          "Node Type": "Bitmap Index Scan",
                          "Parent Relationship": "Outer",
                          "Parallel Aware": false,
                          "Index Name": "keyword_id_movie_keyword",
                          "Startup Cost": 0.0,
                          "Total Cost": 13703.24,
                          "Plan Rows": 653708,
                          "Plan Width": 0,
                          "Actual Startup Time": 35.408,
                          "Actual Total Time": 35.408,
                          "Actual Rows": 664261,
                          "Actual Loops": 1,
                          "Index Cond": "(keyword_id < 519)"
                        }
                      ]
                    },
                    {
                      "Node Type": "Hash",
                      "Parent Relationship": "Inner",
                      "Parallel Aware": true,
                      "Startup Cost": 42318.73,
                      "Total Cost": 42318.73,
                      "Plan Rows": 632073,
                      "Plan Width": 4,
                      "Actual Startup Time": 321.057,
                      "Actual Total Time": 321.058,
                      "Actual Rows": 632078,
                      "Actual Loops": 4,
                      "Hash Buckets": 4194304,
                      "Original Hash Buckets": 4194304,
                      "Hash Batches": 1,
                      "Original Hash Batches": 1,
                      "Peak Memory Usage": 131744,
                      "Plans": [
                        {
                          "Node Type": "Seq Scan",
                          "Parent Relationship": "Outer",
                          "Parallel Aware": true,
                          "Relation Name": "title",
                          "Alias": "t",
                          "Startup Cost": 0.0,
                          "Total Cost": 42318.73,
                          "Plan Rows": 632073,
                          "Plan Width": 4,
                          "Actual Startup Time": 0.041,
                          "Actual Total Time": 95.035,
                          "Actual Rows": 632078,
                          "Actual Loops": 4
                        }
                      ]
                    }
                  ]
                }
              ]
            }
          ]
        }
      ]
    },
    "Planning Time": 0.577,
    "Triggers": [],
    "Execution Time": 544.905
  }
]