[
    {
        "Bao": {
            "Bao prediction": 470.983,
            "Bao recommended hint": "SET enable_mergejoin TO off; "
        }
    },
    {
        "Plan": {
            "Node Type": "Aggregate",
            "Strategy": "Plain",
            "Partial Mode": "Finalize",
            "Parallel Aware": false,
            "Startup Cost": 31360.99,
            "Total Cost": 31361.0,
            "Plan Rows": 1,
            "Plan Width": 8,
            "Actual Startup Time": 130.341,
            "Actual Total Time": 135.293,
            "Actual Rows": 1,
            "Actual Loops": 1,
            "Output": [
                "count(*)"
            ],
            "Plans": [
                {
                    "Node Type": "Gather",
                    "Parent Relationship": "Outer",
                    "Parallel Aware": false,
                    "Startup Cost": 31360.68,
                    "Total Cost": 31360.99,
                    "Plan Rows": 3,
                    "Plan Width": 8,
                    "Actual Startup Time": 130.259,
                    "Actual Total Time": 135.285,
                    "Actual Rows": 4,
                    "Actual Loops": 1,
                    "Output": [
                        "(PARTIAL count(*))"
                    ],
                    "Workers Planned": 3,
                    "Workers Launched": 3,
                    "Single Copy": false,
                    "Plans": [
                        {
                            "Node Type": "Aggregate",
                            "Strategy": "Plain",
                            "Partial Mode": "Partial",
                            "Parent Relationship": "Outer",
                            "Parallel Aware": false,
                            "Startup Cost": 30360.68,
                            "Total Cost": 30360.69,
                            "Plan Rows": 1,
                            "Plan Width": 8,
                            "Actual Startup Time": 122.552,
                            "Actual Total Time": 122.553,
                            "Actual Rows": 1,
                            "Actual Loops": 4,
                            "Output": [
                                "PARTIAL count(*)"
                            ],
                            "Workers": [
                                {
                                    "Worker Number": 0,
                                    "Actual Startup Time": 120.05,
                                    "Actual Total Time": 120.051,
                                    "Actual Rows": 1,
                                    "Actual Loops": 1
                                },
                                {
                                    "Worker Number": 1,
                                    "Actual Startup Time": 120.029,
                                    "Actual Total Time": 120.03,
                                    "Actual Rows": 1,
                                    "Actual Loops": 1
                                },
                                {
                                    "Worker Number": 2,
                                    "Actual Startup Time": 120.507,
                                    "Actual Total Time": 120.509,
                                    "Actual Rows": 1,
                                    "Actual Loops": 1
                                }
                            ],
                            "Plans": [
                                {
                                    "Node Type": "Seq Scan",
                                    "Parent Relationship": "Outer",
                                    "Parallel Aware": true,
                                    "Relation Name": "movie_companies",
                                    "Schema": "public",
                                    "Alias": "mc",
                                    "Startup Cost": 0.0,
                                    "Total Cost": 29310.68,
                                    "Plan Rows": 419998,
                                    "Plan Width": 0,
                                    "Actual Startup Time": 23.33,
                                    "Actual Total Time": 100.74,
                                    "Actual Rows": 326826,
                                    "Actual Loops": 4,
                                    "Output": [
                                        "id",
                                        "movie_id",
                                        "company_id",
                                        "company_type_id",
                                        "note"
                                    ],
                                    "Filter": "(mc.company_id > 11299)",
                                    "Rows Removed by Filter": 325456,
                                    "Workers": [
                                        {
                                            "Worker Number": 0,
                                            "Actual Startup Time": 20.821,
                                            "Actual Total Time": 98.442,
                                            "Actual Rows": 314642,
                                            "Actual Loops": 1
                                        },
                                        {
                                            "Worker Number": 1,
                                            "Actual Startup Time": 20.804,
                                            "Actual Total Time": 98.484,
                                            "Actual Rows": 313222,
                                            "Actual Loops": 1
                                        },
                                        {
                                            "Worker Number": 2,
                                            "Actual Startup Time": 21.295,
                                            "Actual Total Time": 98.905,
                                            "Actual Rows": 314833,
                                            "Actual Loops": 1
                                        }
                                    ]
                                }
                            ]
                        }
                    ]
                }
            ]
        },
        "Planning Time": 1873.773,
        "Triggers": [],
        "Execution Time": 135.387
    }
]