[
  {
    "Plan": {
      "Node Type": "Aggregate",
      "Strategy": "Plain",
      "Partial Mode": "Finalize",
      "Parallel Aware": false,
      "Startup Cost": 76982.76,
      "Total Cost": 76982.77,
      "Plan Rows": 1,
      "Plan Width": 8,
      "Actual Startup Time": 194.573,
      "Actual Total Time": 212.415,
      "Actual Rows": 1,
      "Actual Loops": 1,
      "Plans": [
        {
          "Node Type": "Gather",
          "Parent Relationship": "Outer",
          "Parallel Aware": false,
          "Startup Cost": 76982.45,
          "Total Cost": 76982.76,
          "Plan Rows": 3,
          "Plan Width": 8,
          "Actual Startup Time": 194.303,
          "Actual Total Time": 212.408,
          "Actual Rows": 4,
          "Actual Loops": 1,
          "Workers Planned": 3,
          "Workers Launched": 3,
          "Single Copy": false,
          "Plans": [
            {
              "Node Type": "Aggregate",
              "Strategy": "Plain",
              "Partial Mode": "Partial",
              "Parent Relationship": "Outer",
              "Parallel Aware": false,
              "Startup Cost": 75982.45,
              "Total Cost": 75982.46,
              "Plan Rows": 1,
              "Plan Width": 8,
              "Actual Startup Time": 185.481,
              "Actual Total Time": 185.485,
              "Actual Rows": 1,
              "Actual Loops": 4,
              "Plans": [
                {
                  "Node Type": "Hash Join",
                  "Parent Relationship": "Outer",
                  "Parallel Aware": true,
                  "Join Type": "Inner",
                  "Startup Cost": 44059.3,
                  "Total Cost": 75972.81,
                  "Plan Rows": 3856,
                  "Plan Width": 0,
                  "Actual Startup Time": 128.697,
                  "Actual Total Time": 185.27,
                  "Actual Rows": 3881,
                  "Actual Loops": 4,
                  "Inner Unique": true,
                  "Hash Cond": "(mc.movie_id = t.id)",
                  "Plans": [
                    {
                      "Node Type": "Seq Scan",
                      "Parent Relationship": "Outer",
                      "Parallel Aware": true,
                      "Relation Name": "movie_companies",
                      "Alias": "mc",
                      "Startup Cost": 0.0,
                      "Total Cost": 31414.82,
                      "Plan Rows": 189975,
                      "Plan Width": 4,
                      "Actual Startup Time": 28.924,
                      "Actual Total Time": 62.343,
                      "Actual Rows": 218097,
                      "Actual Loops": 4,
                      "Filter": "((company_id > 12929) AND (company_type_id = 2))",
                      "Rows Removed by Filter": 434185
                    },
                    {
                      "Node Type": "Hash",
                      "Parent Relationship": "Inner",
                      "Parallel Aware": true,
                      "Startup Cost": 43898.92,
                      "Total Cost": 43898.92,
                      "Plan Rows": 12831,
                      "Plan Width": 4,
                      "Actual Startup Time": 97.914,
                      "Actual Total Time": 97.915,
                      "Actual Rows": 13253,
                      "Actual Loops": 4,
                      "Hash Buckets": 65536,
                      "Original Hash Buckets": 65536,
                      "Hash Batches": 1,
                      "Original Hash Batches": 1,
                      "Peak Memory Usage": 2656,
                      "Plans": [
                        {
                          "Node Type": "Seq Scan",
                          "Parent Relationship": "Outer",
                          "Parallel Aware": true,
                          "Relation Name": "title",
                          "Alias": "t",
                          "Startup Cost": 0.0,
                          "Total Cost": 43898.92,
                          "Plan Rows": 12831,
                          "Plan Width": 4,
                          "Actual Startup Time": 0.052,
                          "Actual Total Time": 91.897,
                          "Actual Rows": 13253,
                          "Actual Loops": 4,
                          "Filter": "(production_year = 2000)",
                          "Rows Removed by Filter": 618825
                        }
                      ]
                    }
                  ]
                }
              ]
            }
          ]
        }
      ]
    },
    "Planning Time": 0.61,
    "Triggers": [],
    "Execution Time": 212.481
  }
]