[
  {
    "Plan": {
      "Node Type": "Aggregate",
      "Strategy": "Plain",
      "Partial Mode": "Finalize",
      "Parallel Aware": false,
      "Startup Cost": 53621.89,
      "Total Cost": 53621.9,
      "Plan Rows": 1,
      "Plan Width": 8,
      "Actual Startup Time": 105.396,
      "Actual Total Time": 118.808,
      "Actual Rows": 1,
      "Actual Loops": 1,
      "Plans": [
        {
          "Node Type": "Gather",
          "Parent Relationship": "Outer",
          "Parallel Aware": false,
          "Startup Cost": 53621.47,
          "Total Cost": 53621.88,
          "Plan Rows": 4,
          "Plan Width": 8,
          "Actual Startup Time": 105.275,
          "Actual Total Time": 118.799,
          "Actual Rows": 5,
          "Actual Loops": 1,
          "Workers Planned": 4,
          "Workers Launched": 4,
          "Single Copy": false,
          "Plans": [
            {
              "Node Type": "Aggregate",
              "Strategy": "Plain",
              "Partial Mode": "Partial",
              "Parent Relationship": "Outer",
              "Parallel Aware": false,
              "Startup Cost": 52621.47,
              "Total Cost": 52621.48,
              "Plan Rows": 1,
              "Plan Width": 8,
              "Actual Startup Time": 95.351,
              "Actual Total Time": 95.353,
              "Actual Rows": 1,
              "Actual Loops": 5,
              "Plans": [
                {
                  "Node Type": "Nested Loop",
                  "Parent Relationship": "Outer",
                  "Parallel Aware": false,
                  "Join Type": "Inner",
                  "Startup Cost": 0.43,
                  "Total Cost": 52620.48,
                  "Plan Rows": 394,
                  "Plan Width": 0,
                  "Actual Startup Time": 3.556,
                  "Actual Total Time": 95.245,
                  "Actual Rows": 1016,
                  "Actual Loops": 5,
                  "Inner Unique": false,
                  "Plans": [
                    {
                      "Node Type": "Seq Scan",
                      "Parent Relationship": "Outer",
                      "Parallel Aware": true,
                      "Relation Name": "title",
                      "Alias": "t",
                      "Startup Cost": 0.0,
                      "Total Cost": 45479.1,
                      "Plan Rows": 1077,
                      "Plan Width": 4,
                      "Actual Startup Time": 1.54,
                      "Actual Total Time": 84.384,
                      "Actual Rows": 1304,
                      "Actual Loops": 5,
                      "Filter": "((kind_id < 4) AND (production_year = 1980))",
                      "Rows Removed by Filter": 504358
                    },
                    {
                      "Node Type": "Index Scan",
                      "Parent Relationship": "Inner",
                      "Parallel Aware": false,
                      "Scan Direction": "Forward",
                      "Index Name": "movie_id_movie_info_idx",
                      "Relation Name": "movie_info_idx",
                      "Alias": "mi_idx",
                      "Startup Cost": 0.43,
                      "Total Cost": 6.61,
                      "Plan Rows": 2,
                      "Plan Width": 4,
                      "Actual Startup Time": 0.008,
                      "Actual Total Time": 0.008,
                      "Actual Rows": 1,
                      "Actual Loops": 6521,
                      "Index Cond": "(movie_id = t.id)",
                      "Rows Removed by Index Recheck": 0,
                      "Filter": "(info_type_id > 99)",
                      "Rows Removed by Filter": 0
                    }
                  ]
                }
              ]
            }
          ]
        }
      ]
    },
    "Planning Time": 0.696,
    "Triggers": [],
    "Execution Time": 118.881
  }
]