{
  "Plan": {
    "Node Type": "Aggregate",
    "Strategy": "Plain",
    "Partial Mode": "Finalize",
    "Parallel Aware": false,
    "Startup Cost": 209743.14,
    "Total Cost": 209743.15,
    "Plan Rows": 1,
    "Plan Width": 8,
    "Actual Startup Time": 678.642,
    "Actual Total Time": 702.019,
    "Actual Rows": 1,
    "Actual Loops": 1,
    "Plans": [
      {
        "Node Type": "Gather",
        "Parent Relationship": "Outer",
        "Parallel Aware": false,
        "Startup Cost": 209743.03,
        "Total Cost": 209743.14,
        "Plan Rows": 1,
        "Plan Width": 8,
        "Actual Startup Time": 676.231,
        "Actual Total Time": 702.012,
        "Actual Rows": 2,
        "Actual Loops": 1,
        "Workers Planned": 1,
        "Workers Launched": 1,
        "Single Copy": false,
        "Plans": [
          {
            "Node Type": "Aggregate",
            "Strategy": "Plain",
            "Partial Mode": "Partial",
            "Parent Relationship": "Outer",
            "Parallel Aware": false,
            "Startup Cost": 208743.03,
            "Total Cost": 208743.04,
            "Plan Rows": 1,
            "Plan Width": 8,
            "Actual Startup Time": 669.849,
            "Actual Total Time": 669.853,
            "Actual Rows": 1,
            "Actual Loops": 2,
            "Plans": [
              {
                "Node Type": "Nested Loop",
                "Parent Relationship": "Outer",
                "Parallel Aware": false,
                "Join Type": "Inner",
                "Startup Cost": 82212.5,
                "Total Cost": 208519.86,
                "Plan Rows": 89268,
                "Plan Width": 0,
                "Actual Startup Time": 373.136,
                "Actual Total Time": 664.931,
                "Actual Rows": 90278,
                "Actual Loops": 2,
                "Inner Unique": false,
                "Plans": [
                  {
                    "Node Type": "Hash Join",
                    "Parent Relationship": "Outer",
                    "Parallel Aware": true,
                    "Join Type": "Inner",
                    "Startup Cost": 82212.07,
                    "Total Cost": 114096.15,
                    "Plan Rows": 163543,
                    "Plan Width": 8,
                    "Actual Startup Time": 372.914,
                    "Actual Total Time": 539.904,
                    "Actual Rows": 53339,
                    "Actual Loops": 2,
                    "Inner Unique": true,
                    "Hash Cond": "(mk.movie_id = t.id)",
                    "Plans": [
                      {
                        "Node Type": "Bitmap Heap Scan",
                        "Parent Relationship": "Outer",
                        "Parallel Aware": true,
                        "Relation Name": "movie_keyword",
                        "Alias": "mk",
                        "Startup Cost": 17716.59,
                        "Total Cost": 48311.16,
                        "Plan Rows": 491245,
                        "Plan Width": 4,
                        "Actual Startup Time": 47.578,
                        "Actual Total Time": 138.573,
                        "Actual Rows": 410583,
                        "Actual Loops": 2,
                        "Recheck Cond": "(keyword_id > 22334)",
                        "Rows Removed by Index Recheck": 0,
                        "Exact Heap Blocks": 15884,
                        "Lossy Heap Blocks": 0,
                        "Plans": [
                          {
                            "Node Type": "Bitmap Index Scan",
                            "Parent Relationship": "Outer",
                            "Parallel Aware": false,
                            "Index Name": "keyword_id_movie_keyword",
                            "Startup Cost": 0.0,
                            "Total Cost": 17507.81,
                            "Plan Rows": 835117,
                            "Plan Width": 0,
                            "Actual Startup Time": 43.99,
                            "Actual Total Time": 43.991,
                            "Actual Rows": 821166,
                            "Actual Loops": 1,
                            "Index Cond": "(keyword_id > 22334)"
                          }
                        ]
                      },
                      {
                        "Node Type": "Hash",
                        "Parent Relationship": "Inner",
                        "Parallel Aware": true,
                        "Startup Cost": 58306.47,
                        "Total Cost": 58306.47,
                        "Plan Rows": 495121,
                        "Plan Width": 4,
                        "Actual Startup Time": 316.036,
                        "Actual Total Time": 316.037,
                        "Actual Rows": 461504,
                        "Actual Loops": 2,
                        "Hash Buckets": 1048576,
                        "Original Hash Buckets": 1048576,
                        "Hash Batches": 1,
                        "Original Hash Batches": 1,
                        "Peak Memory Usage": 44320,
                        "Plans": [
                          {
                            "Node Type": "Seq Scan",
                            "Parent Relationship": "Outer",
                            "Parallel Aware": true,
                            "Relation Name": "title",
                            "Alias": "t",
                            "Startup Cost": 0.0,
                            "Total Cost": 58306.47,
                            "Plan Rows": 495121,
                            "Plan Width": 4,
                            "Actual Startup Time": 0.028,
                            "Actual Total Time": 189.265,
                            "Actual Rows": 461504,
                            "Actual Loops": 2,
                            "Filter": "((kind_id > 3) AND (production_year > 2002))",
                            "Rows Removed by Filter": 802652
                          }
                        ]
                      }
                    ]
                  },
                  {
                    "Node Type": "Index Only Scan",
                    "Parent Relationship": "Inner",
                    "Parallel Aware": false,
                    "Scan Direction": "Forward",
                    "Index Name": "movie_id_movie_info_idx",
                    "Relation Name": "movie_info_idx",
                    "Alias": "mi_idx",
                    "Startup Cost": 0.43,
                    "Total Cost": 0.55,
                    "Plan Rows": 3,
                    "Plan Width": 4,
                    "Actual Startup Time": 0.002,
                    "Actual Total Time": 0.002,
                    "Actual Rows": 2,
                    "Actual Loops": 106678,
                    "Index Cond": "(movie_id = t.id)",
                    "Rows Removed by Index Recheck": 0,
                    "Heap Fetches": 180555
                  }
                ]
              }
            ]
          }
        ]
      }
    ]
  },
  "Planning Time": 1.074,
  "Triggers": [],
  "Execution Time": 702.125
}