{
  "Plan": {
    "Node Type": "Aggregate",
    "Strategy": "Plain",
    "Partial Mode": "Finalize",
    "Parallel Aware": false,
    "Startup Cost": 140203.35,
    "Total Cost": 140203.36,
    "Plan Rows": 1,
    "Plan Width": 8,
    "Actual Startup Time": 886.732,
    "Actual Total Time": 899.921,
    "Actual Rows": 1,
    "Actual Loops": 1,
    "Plans": [
      {
        "Node Type": "Gather",
        "Parent Relationship": "Outer",
        "Parallel Aware": false,
        "Startup Cost": 140203.24,
        "Total Cost": 140203.35,
        "Plan Rows": 1,
        "Plan Width": 8,
        "Actual Startup Time": 885.817,
        "Actual Total Time": 899.912,
        "Actual Rows": 2,
        "Actual Loops": 1,
        "Workers Planned": 1,
        "Workers Launched": 1,
        "Single Copy": false,
        "Plans": [
          {
            "Node Type": "Aggregate",
            "Strategy": "Plain",
            "Partial Mode": "Partial",
            "Parent Relationship": "Outer",
            "Parallel Aware": false,
            "Startup Cost": 139203.24,
            "Total Cost": 139203.25,
            "Plan Rows": 1,
            "Plan Width": 8,
            "Actual Startup Time": 879.235,
            "Actual Total Time": 879.24,
            "Actual Rows": 1,
            "Actual Loops": 2,
            "Plans": [
              {
                "Node Type": "Nested Loop",
                "Parent Relationship": "Outer",
                "Parallel Aware": false,
                "Join Type": "Inner",
                "Startup Cost": 33312.52,
                "Total Cost": 139164.96,
                "Plan Rows": 15312,
                "Plan Width": 0,
                "Actual Startup Time": 184.45,
                "Actual Total Time": 874.612,
                "Actual Rows": 73821,
                "Actual Loops": 2,
                "Inner Unique": false,
                "Plans": [
                  {
                    "Node Type": "Hash Join",
                    "Parent Relationship": "Outer",
                    "Parallel Aware": true,
                    "Join Type": "Inner",
                    "Startup Cost": 33312.09,
                    "Total Cost": 94533.11,
                    "Plan Rows": 83980,
                    "Plan Width": 8,
                    "Actual Startup Time": 181.678,
                    "Actual Total Time": 541.394,
                    "Actual Rows": 150236,
                    "Actual Loops": 2,
                    "Inner Unique": false,
                    "Hash Cond": "(t.id = mc.movie_id)",
                    "Plans": [
                      {
                        "Node Type": "Seq Scan",
                        "Parent Relationship": "Outer",
                        "Parallel Aware": true,
                        "Relation Name": "title",
                        "Alias": "t",
                        "Startup Cost": 0.0,
                        "Total Cost": 54588.39,
                        "Plan Rows": 982180,
                        "Plan Width": 4,
                        "Actual Startup Time": 0.013,
                        "Actual Total Time": 162.783,
                        "Actual Rows": 835646,
                        "Actual Loops": 2,
                        "Filter": "(production_year < 2008)",
                        "Rows Removed by Filter": 428510
                      },
                      {
                        "Node Type": "Hash",
                        "Parent Relationship": "Inner",
                        "Parallel Aware": true,
                        "Startup Cost": 31722.54,
                        "Total Cost": 31722.54,
                        "Plan Rows": 127164,
                        "Plan Width": 4,
                        "Actual Startup Time": 148.174,
                        "Actual Total Time": 148.176,
                        "Actual Rows": 216448,
                        "Actual Loops": 2,
                        "Hash Buckets": 524288,
                        "Original Hash Buckets": 262144,
                        "Hash Batches": 1,
                        "Original Hash Batches": 1,
                        "Peak Memory Usage": 23104,
                        "Plans": [
                          {
                            "Node Type": "Bitmap Heap Scan",
                            "Parent Relationship": "Outer",
                            "Parallel Aware": true,
                            "Relation Name": "movie_companies",
                            "Alias": "mc",
                            "Startup Cost": 9175.75,
                            "Total Cost": 31722.54,
                            "Plan Rows": 127164,
                            "Plan Width": 4,
                            "Actual Startup Time": 36.587,
                            "Actual Total Time": 87.099,
                            "Actual Rows": 216448,
                            "Actual Loops": 2,
                            "Recheck Cond": "(company_id > 78866)",
                            "Rows Removed by Index Recheck": 0,
                            "Filter": "(company_type_id = 2)",
                            "Rows Removed by Filter": 0,
                            "Exact Heap Blocks": 4102,
                            "Lossy Heap Blocks": 0,
                            "Plans": [
                              {
                                "Node Type": "Bitmap Index Scan",
                                "Parent Relationship": "Outer",
                                "Parallel Aware": false,
                                "Index Name": "company_id_movie_companies",
                                "Startup Cost": 0.0,
                                "Total Cost": 9121.7,
                                "Plan Rows": 425770,
                                "Plan Width": 0,
                                "Actual Startup Time": 38.378,
                                "Actual Total Time": 38.379,
                                "Actual Rows": 432897,
                                "Actual Loops": 1,
                                "Index Cond": "(company_id > 78866)"
                              }
                            ]
                          }
                        ]
                      }
                    ]
                  },
                  {
                    "Node Type": "Index Scan",
                    "Parent Relationship": "Inner",
                    "Parallel Aware": false,
                    "Scan Direction": "Forward",
                    "Index Name": "movie_id_movie_info_idx",
                    "Relation Name": "movie_info_idx",
                    "Alias": "mi_idx",
                    "Startup Cost": 0.43,
                    "Total Cost": 0.52,
                    "Plan Rows": 1,
                    "Plan Width": 4,
                    "Actual Startup Time": 0.002,
                    "Actual Total Time": 0.002,
                    "Actual Rows": 0,
                    "Actual Loops": 300472,
                    "Index Cond": "(movie_id = t.id)",
                    "Rows Removed by Index Recheck": 0,
                    "Filter": "(info_type_id > 100)",
                    "Rows Removed by Filter": 1
                  }
                ]
              }
            ]
          }
        ]
      }
    ]
  },
  "Planning Time": 1.251,
  "Triggers": [],
  "Execution Time": 900.088
}