[
  {
    "Plan": {
      "Node Type": "Aggregate",
      "Strategy": "Plain",
      "Partial Mode": "Finalize",
      "Parallel Aware": false,
      "Startup Cost": 339229.39,
      "Total Cost": 339229.4,
      "Plan Rows": 1,
      "Plan Width": 8,
      "Actual Startup Time": 802.033,
      "Actual Total Time": 849.024,
      "Actual Rows": 1,
      "Actual Loops": 1,
      "Plans": [
        {
          "Node Type": "Gather",
          "Parent Relationship": "Outer",
          "Parallel Aware": false,
          "Startup Cost": 339228.77,
          "Total Cost": 339229.38,
          "Plan Rows": 6,
          "Plan Width": 8,
          "Actual Startup Time": 801.823,
          "Actual Total Time": 849.01,
          "Actual Rows": 7,
          "Actual Loops": 1,
          "Workers Planned": 6,
          "Workers Launched": 6,
          "Single Copy": false,
          "Plans": [
            {
              "Node Type": "Aggregate",
              "Strategy": "Plain",
              "Partial Mode": "Partial",
              "Parent Relationship": "Outer",
              "Parallel Aware": false,
              "Startup Cost": 338228.77,
              "Total Cost": 338228.78,
              "Plan Rows": 1,
              "Plan Width": 8,
              "Actual Startup Time": 792.71,
              "Actual Total Time": 792.711,
              "Actual Rows": 1,
              "Actual Loops": 7,
              "Plans": [
                {
                  "Node Type": "Seq Scan",
                  "Parent Relationship": "Outer",
                  "Parallel Aware": true,
                  "Relation Name": "cast_info",
                  "Alias": "ci",
                  "Startup Cost": 0.0,
                  "Total Cost": 328211.39,
                  "Plan Rows": 4006950,
                  "Plan Width": 0,
                  "Actual Startup Time": 0.059,
                  "Actual Total Time": 620.304,
                  "Actual Rows": 3457148,
                  "Actual Loops": 7,
                  "Filter": "(person_id < 2483499)",
                  "Rows Removed by Filter": 1720615
                }
              ]
            }
          ]
        }
      ]
    },
    "Planning Time": 0.222,
    "Triggers": [],
    "Execution Time": 849.099
  }
]