[
  {
    "Plan": {
      "Node Type": "Aggregate",
      "Strategy": "Plain",
      "Partial Mode": "Finalize",
      "Parallel Aware": false,
      "Startup Cost": 339224.17,
      "Total Cost": 339224.18,
      "Plan Rows": 1,
      "Plan Width": 8,
      "Actual Startup Time": 749.596,
      "Actual Total Time": 819.008,
      "Actual Rows": 1,
      "Actual Loops": 1,
      "Plans": [
        {
          "Node Type": "Gather",
          "Parent Relationship": "Outer",
          "Parallel Aware": false,
          "Startup Cost": 339223.54,
          "Total Cost": 339224.15,
          "Plan Rows": 6,
          "Plan Width": 8,
          "Actual Startup Time": 749.487,
          "Actual Total Time": 818.999,
          "Actual Rows": 7,
          "Actual Loops": 1,
          "Workers Planned": 6,
          "Workers Launched": 6,
          "Single Copy": false,
          "Plans": [
            {
              "Node Type": "Aggregate",
              "Strategy": "Plain",
              "Partial Mode": "Partial",
              "Parent Relationship": "Outer",
              "Parallel Aware": false,
              "Startup Cost": 338223.54,
              "Total Cost": 338223.55,
              "Plan Rows": 1,
              "Plan Width": 8,
              "Actual Startup Time": 740.256,
              "Actual Total Time": 740.258,
              "Actual Rows": 1,
              "Actual Loops": 7,
              "Plans": [
                {
                  "Node Type": "Seq Scan",
                  "Parent Relationship": "Outer",
                  "Parallel Aware": true,
                  "Relation Name": "cast_info",
                  "Alias": "ci",
                  "Startup Cost": 0.0,
                  "Total Cost": 328162.03,
                  "Plan Rows": 4024607,
                  "Plan Width": 0,
                  "Actual Startup Time": 0.046,
                  "Actual Total Time": 596.144,
                  "Actual Rows": 3457148,
                  "Actual Loops": 7,
                  "Filter": "(person_id < 2483499)",
                  "Rows Removed by Filter": 1720615
                }
              ]
            }
          ]
        }
      ]
    },
    "Planning Time": 0.202,
    "Triggers": [],
    "Execution Time": 819.091
  }
]