[
  {
    "Plan": {
      "Node Type": "Aggregate",
      "Strategy": "Plain",
      "Partial Mode": "Finalize",
      "Parallel Aware": false,
      "Startup Cost": 80255.18,
      "Total Cost": 80255.19,
      "Plan Rows": 1,
      "Plan Width": 8,
      "Actual Startup Time": 368.732,
      "Actual Total Time": 384.561,
      "Actual Rows": 1,
      "Actual Loops": 1,
      "Plans": [
        {
          "Node Type": "Gather",
          "Parent Relationship": "Outer",
          "Parallel Aware": false,
          "Startup Cost": 80254.76,
          "Total Cost": 80255.17,
          "Plan Rows": 4,
          "Plan Width": 8,
          "Actual Startup Time": 362.925,
          "Actual Total Time": 384.539,
          "Actual Rows": 5,
          "Actual Loops": 1,
          "Workers Planned": 4,
          "Workers Launched": 4,
          "Single Copy": false,
          "Plans": [
            {
              "Node Type": "Aggregate",
              "Strategy": "Plain",
              "Partial Mode": "Partial",
              "Parent Relationship": "Outer",
              "Parallel Aware": false,
              "Startup Cost": 79254.76,
              "Total Cost": 79254.77,
              "Plan Rows": 1,
              "Plan Width": 8,
              "Actual Startup Time": 353.273,
              "Actual Total Time": 353.373,
              "Actual Rows": 1,
              "Actual Loops": 5,
              "Plans": [
                {
                  "Node Type": "Hash Join",
                  "Parent Relationship": "Outer",
                  "Parallel Aware": true,
                  "Join Type": "Inner",
                  "Startup Cost": 33157.14,
                  "Total Cost": 78984.7,
                  "Plan Rows": 108024,
                  "Plan Width": 0,
                  "Actual Startup Time": 131.507,
                  "Actual Total Time": 346.682,
                  "Actual Rows": 152519,
                  "Actual Loops": 5,
                  "Inner Unique": false,
                  "Hash Cond": "(t.id = mc.movie_id)",
                  "Plans": [
                    {
                      "Node Type": "Seq Scan",
                      "Parent Relationship": "Outer",
                      "Parallel Aware": true,
                      "Relation Name": "title",
                      "Alias": "t",
                      "Startup Cost": 0.0,
                      "Total Cost": 42318.73,
                      "Plan Rows": 632073,
                      "Plan Width": 4,
                      "Actual Startup Time": 0.018,
                      "Actual Total Time": 64.65,
                      "Actual Rows": 505662,
                      "Actual Loops": 5
                    },
                    {
                      "Node Type": "Hash",
                      "Parent Relationship": "Inner",
                      "Parallel Aware": true,
                      "Startup Cost": 31414.82,
                      "Total Cost": 31414.82,
                      "Plan Rows": 139386,
                      "Plan Width": 4,
                      "Actual Startup Time": 129.002,
                      "Actual Total Time": 129.003,
                      "Actual Rows": 152519,
                      "Actual Loops": 5,
                      "Hash Buckets": 1048576,
                      "Original Hash Buckets": 524288,
                      "Hash Batches": 1,
                      "Original Hash Batches": 1,
                      "Peak Memory Usage": 42208,
                      "Plans": [
                        {
                          "Node Type": "Seq Scan",
                          "Parent Relationship": "Outer",
                          "Parallel Aware": true,
                          "Relation Name": "movie_companies",
                          "Alias": "mc",
                          "Startup Cost": 0.0,
                          "Total Cost": 31414.82,
                          "Plan Rows": 139386,
                          "Plan Width": 4,
                          "Actual Startup Time": 39.929,
                          "Actual Total Time": 71.68,
                          "Actual Rows": 152519,
                          "Actual Loops": 5,
                          "Filter": "((company_id > 23996) AND (company_type_id > 1))",
                          "Rows Removed by Filter": 369306
                        }
                      ]
                    }
                  ]
                }
              ]
            }
          ]
        }
      ]
    },
    "Planning Time": 0.368,
    "Triggers": [],
    "Execution Time": 384.62
  }
]