[
    {
        "Bao": {
            "Bao prediction": "NaN",
            "Bao recommended hint": "(no hint)"
        }
    },
    {
        "Plan": {
            "Node Type": "Aggregate",
            "Strategy": "Plain",
            "Partial Mode": "Finalize",
            "Parallel Aware": false,
            "Startup Cost": 32819.35,
            "Total Cost": 32819.36,
            "Plan Rows": 1,
            "Plan Width": 8,
            "Actual Startup Time": 83.231,
            "Actual Total Time": 89.182,
            "Actual Rows": 1,
            "Actual Loops": 1,
            "Output": [
                "count(*)"
            ],
            "Plans": [
                {
                    "Node Type": "Gather",
                    "Parent Relationship": "Outer",
                    "Parallel Aware": false,
                    "Startup Cost": 32819.03,
                    "Total Cost": 32819.34,
                    "Plan Rows": 3,
                    "Plan Width": 8,
                    "Actual Startup Time": 83.09,
                    "Actual Total Time": 89.173,
                    "Actual Rows": 4,
                    "Actual Loops": 1,
                    "Output": [
                        "(PARTIAL count(*))"
                    ],
                    "Workers Planned": 3,
                    "Workers Launched": 3,
                    "Single Copy": false,
                    "Plans": [
                        {
                            "Node Type": "Aggregate",
                            "Strategy": "Plain",
                            "Partial Mode": "Partial",
                            "Parent Relationship": "Outer",
                            "Parallel Aware": false,
                            "Startup Cost": 31819.03,
                            "Total Cost": 31819.04,
                            "Plan Rows": 1,
                            "Plan Width": 8,
                            "Actual Startup Time": 74.874,
                            "Actual Total Time": 74.875,
                            "Actual Rows": 1,
                            "Actual Loops": 4,
                            "Output": [
                                "PARTIAL count(*)"
                            ],
                            "Workers": [
                                {
                                    "Worker Number": 0,
                                    "Actual Startup Time": 72.172,
                                    "Actual Total Time": 72.173,
                                    "Actual Rows": 1,
                                    "Actual Loops": 1
                                },
                                {
                                    "Worker Number": 1,
                                    "Actual Startup Time": 72.289,
                                    "Actual Total Time": 72.29,
                                    "Actual Rows": 1,
                                    "Actual Loops": 1
                                },
                                {
                                    "Worker Number": 2,
                                    "Actual Startup Time": 72.461,
                                    "Actual Total Time": 72.462,
                                    "Actual Rows": 1,
                                    "Actual Loops": 1
                                }
                            ],
                            "Plans": [
                                {
                                    "Node Type": "Seq Scan",
                                    "Parent Relationship": "Outer",
                                    "Parallel Aware": true,
                                    "Relation Name": "movie_companies",
                                    "Schema": "public",
                                    "Alias": "mc",
                                    "Startup Cost": 0.0,
                                    "Total Cost": 31414.82,
                                    "Plan Rows": 161685,
                                    "Plan Width": 0,
                                    "Actual Startup Time": 15.684,
                                    "Actual Total Time": 71.962,
                                    "Actual Rows": 49202,
                                    "Actual Loops": 4,
                                    "Output": [
                                        "id",
                                        "movie_id",
                                        "company_id",
                                        "company_type_id",
                                        "note"
                                    ],
                                    "Filter": "((mc.company_id > 15800) AND (mc.company_type_id < 2))",
                                    "Rows Removed by Filter": 603081,
                                    "Workers": [
                                        {
                                            "Worker Number": 0,
                                            "Actual Startup Time": 12.998,
                                            "Actual Total Time": 69.403,
                                            "Actual Rows": 40389,
                                            "Actual Loops": 1
                                        },
                                        {
                                            "Worker Number": 1,
                                            "Actual Startup Time": 13.093,
                                            "Actual Total Time": 69.514,
                                            "Actual Rows": 34145,
                                            "Actual Loops": 1
                                        },
                                        {
                                            "Worker Number": 2,
                                            "Actual Startup Time": 13.278,
                                            "Actual Total Time": 69.669,
                                            "Actual Rows": 39913,
                                            "Actual Loops": 1
                                        }
                                    ]
                                }
                            ]
                        }
                    ]
                }
            ]
        },
        "Planning Time": 182.966,
        "Triggers": [],
        "Execution Time": 89.266
    }
]