[
  {
    "Plan": {
      "Node Type": "Aggregate",
      "Strategy": "Plain",
      "Partial Mode": "Finalize",
      "Parallel Aware": false,
      "Startup Cost": 124299.75,
      "Total Cost": 124299.76,
      "Plan Rows": 1,
      "Plan Width": 8,
      "Actual Startup Time": 700.536,
      "Actual Total Time": 721.696,
      "Actual Rows": 1,
      "Actual Loops": 1,
      "Plans": [
        {
          "Node Type": "Gather",
          "Parent Relationship": "Outer",
          "Parallel Aware": false,
          "Startup Cost": 124299.43,
          "Total Cost": 124299.74,
          "Plan Rows": 3,
          "Plan Width": 8,
          "Actual Startup Time": 693.333,
          "Actual Total Time": 721.683,
          "Actual Rows": 4,
          "Actual Loops": 1,
          "Workers Planned": 3,
          "Workers Launched": 3,
          "Single Copy": false,
          "Plans": [
            {
              "Node Type": "Aggregate",
              "Strategy": "Plain",
              "Partial Mode": "Partial",
              "Parent Relationship": "Outer",
              "Parallel Aware": false,
              "Startup Cost": 123299.43,
              "Total Cost": 123299.44,
              "Plan Rows": 1,
              "Plan Width": 8,
              "Actual Startup Time": 684.05,
              "Actual Total Time": 684.133,
              "Actual Rows": 1,
              "Actual Loops": 4,
              "Plans": [
                {
                  "Node Type": "Hash Join",
                  "Parent Relationship": "Outer",
                  "Parallel Aware": true,
                  "Join Type": "Inner",
                  "Startup Cost": 92489.68,
                  "Total Cost": 123104.26,
                  "Plan Rows": 78068,
                  "Plan Width": 0,
                  "Actual Startup Time": 381.192,
                  "Actual Total Time": 624.964,
                  "Actual Rows": 1488909,
                  "Actual Loops": 4,
                  "Inner Unique": false,
                  "Hash Cond": "(mc.movie_id = t.id)",
                  "Plans": [
                    {
                      "Node Type": "Seq Scan",
                      "Parent Relationship": "Outer",
                      "Parallel Aware": true,
                      "Relation Name": "movie_companies",
                      "Alias": "mc",
                      "Startup Cost": 0.0,
                      "Total Cost": 27206.55,
                      "Plan Rows": 841655,
                      "Plan Width": 4,
                      "Actual Startup Time": 0.021,
                      "Actual Total Time": 56.481,
                      "Actual Rows": 652282,
                      "Actual Loops": 4
                    },
                    {
                      "Node Type": "Hash",
                      "Parent Relationship": "Inner",
                      "Parallel Aware": true,
                      "Startup Cost": 91544.07,
                      "Total Cost": 91544.07,
                      "Plan Rows": 75649,
                      "Plan Width": 8,
                      "Actual Startup Time": 378.262,
                      "Actual Total Time": 378.343,
                      "Actual Rows": 198888,
                      "Actual Loops": 4,
                      "Hash Buckets": 1048576,
                      "Original Hash Buckets": 262144,
                      "Hash Batches": 1,
                      "Original Hash Batches": 1,
                      "Peak Memory Usage": 45504,
                      "Plans": [
                        {
                          "Node Type": "Hash Join",
                          "Parent Relationship": "Outer",
                          "Parallel Aware": true,
                          "Join Type": "Inner",
                          "Startup Cost": 46037.21,
                          "Total Cost": 91544.07,
                          "Plan Rows": 75649,
                          "Plan Width": 8,
                          "Actual Startup Time": 129.743,
                          "Actual Total Time": 319.954,
                          "Actual Rows": 198888,
                          "Actual Loops": 4,
                          "Inner Unique": true,
                          "Hash Cond": "(mk.movie_id = t.id)",
                          "Plans": [
                            {
                              "Node Type": "Seq Scan",
                              "Parent Relationship": "Outer",
                              "Parallel Aware": true,
                              "Relation Name": "movie_keyword",
                              "Alias": "mk",
                              "Startup Cost": 0.0,
                              "Total Cost": 42695.65,
                              "Plan Rows": 1070935,
                              "Plan Width": 4,
                              "Actual Startup Time": 0.094,
                              "Actual Total Time": 109.965,
                              "Actual Rows": 828371,
                              "Actual Loops": 4,
                              "Filter": "(keyword_id > 1517)",
                              "Rows Removed by Filter": 302612
                            },
                            {
                              "Node Type": "Hash",
                              "Parent Relationship": "Inner",
                              "Parallel Aware": true,
                              "Startup Cost": 45479.1,
                              "Total Cost": 45479.1,
                              "Plan Rows": 44649,
                              "Plan Width": 4,
                              "Actual Startup Time": 128.289,
                              "Actual Total Time": 128.291,
                              "Actual Rows": 72056,
                              "Actual Loops": 4,
                              "Hash Buckets": 524288,
                              "Original Hash Buckets": 262144,
                              "Hash Batches": 1,
                              "Original Hash Batches": 1,
                              "Peak Memory Usage": 17440,
                              "Plans": [
                                {
                                  "Node Type": "Seq Scan",
                                  "Parent Relationship": "Outer",
                                  "Parallel Aware": true,
                                  "Relation Name": "title",
                                  "Alias": "t",
                                  "Startup Cost": 0.0,
                                  "Total Cost": 45479.1,
                                  "Plan Rows": 44649,
                                  "Plan Width": 4,
                                  "Actual Startup Time": 0.128,
                                  "Actual Total Time": 97.611,
                                  "Actual Rows": 72056,
                                  "Actual Loops": 4,
                                  "Filter": "((kind_id < 7) AND (production_year < 1977))",
                                  "Rows Removed by Filter": 560022
                                }
                              ]
                            }
                          ]
                        }
                      ]
                    }
                  ]
                }
              ]
            }
          ]
        }
      ]
    },
    "Planning Time": 1.512,
    "Triggers": [],
    "Execution Time": 721.783
  }
]