{
    "Plan": {
        "Node Type": "Aggregate",
        "Strategy": "Plain",
        "Partial Mode": "Simple",
        "Parallel Aware": false,
        "Startup Cost": 70000644296.45,
        "Total Cost": 70000644296.46,
        "Plan Rows": 1,
        "Plan Width": 64,
        "Actual Startup Time": 3961.014,
        "Actual Total Time": 3961.028,
        "Actual Rows": 1,
        "Actual Loops": 1,
        "Output": [
            "min((kt.kind)::text)",
            "min(t.title)"
        ],
        "Plans": [
            {
                "Node Type": "Nested Loop",
                "Parent Relationship": "Outer",
                "Parallel Aware": false,
                "Join Type": "Inner",
                "Startup Cost": 70000644286.22,
                "Total Cost": 70000644296.45,
                "Plan Rows": 1,
                "Plan Width": 27,
                "Actual Startup Time": 3961.009,
                "Actual Total Time": 3961.023,
                "Actual Rows": 0,
                "Actual Loops": 1,
                "Output": [
                    "kt.kind",
                    "t.title"
                ],
                "Inner Unique": true,
                "Plans": [
                    {
                        "Node Type": "Nested Loop",
                        "Parent Relationship": "Outer",
                        "Parallel Aware": false,
                        "Join Type": "Inner",
                        "Startup Cost": 60000644285.79,
                        "Total Cost": 60000644292.01,
                        "Plan Rows": 1,
                        "Plan Width": 31,
                        "Actual Startup Time": 3961.008,
                        "Actual Total Time": 3961.022,
                        "Actual Rows": 0,
                        "Actual Loops": 1,
                        "Output": [
                            "mk.keyword_id",
                            "t.title",
                            "kt.kind"
                        ],
                        "Inner Unique": false,
                        "Join Filter": "(t.id = mk.movie_id)",
                        "Rows Removed by Join Filter": 0,
                        "Plans": [
                            {
                                "Node Type": "Hash Join",
                                "Parent Relationship": "Outer",
                                "Parallel Aware": false,
                                "Join Type": "Inner",
                                "Startup Cost": 50000644284.97,
                                "Total Cost": 50000644286.03,
                                "Plan Rows": 1,
                                "Plan Width": 43,
                                "Actual Startup Time": 3961.008,
                                "Actual Total Time": 3961.021,
                                "Actual Rows": 0,
                                "Actual Loops": 1,
                                "Output": [
                                    "cc.movie_id",
                                    "mc.movie_id",
                                    "mi.movie_id",
                                    "t.title",
                                    "t.id",
                                    "kt.kind"
                                ],
                                "Inner Unique": false,
                                "Hash Cond": "(ct.id = mc.company_type_id)",
                                "Plans": [
                                    {
                                        "Node Type": "Seq Scan",
                                        "Parent Relationship": "Outer",
                                        "Parallel Aware": false,
                                        "Relation Name": "company_type",
                                        "Schema": "public",
                                        "Alias": "ct",
                                        "Startup Cost": 0.0,
                                        "Total Cost": 1.04,
                                        "Plan Rows": 4,
                                        "Plan Width": 4,
                                        "Actual Startup Time": 0.011,
                                        "Actual Total Time": 0.012,
                                        "Actual Rows": 1,
                                        "Actual Loops": 1,
                                        "Output": [
                                            "ct.id",
                                            "ct.kind"
                                        ]
                                    },
                                    {
                                        "Node Type": "Hash",
                                        "Parent Relationship": "Inner",
                                        "Parallel Aware": false,
                                        "Startup Cost": 50000644284.96,
                                        "Total Cost": 50000644284.96,
                                        "Plan Rows": 1,
                                        "Plan Width": 47,
                                        "Actual Startup Time": 3960.99,
                                        "Actual Total Time": 3961.002,
                                        "Actual Rows": 0,
                                        "Actual Loops": 1,
                                        "Output": [
                                            "cc.movie_id",
                                            "mc.movie_id",
                                            "mc.company_type_id",
                                            "mi.movie_id",
                                            "t.title",
                                            "t.id",
                                            "kt.kind"
                                        ],
                                        "Hash Buckets": 1024,
                                        "Original Hash Buckets": 1024,
                                        "Hash Batches": 1,
                                        "Original Hash Batches": 1,
                                        "Peak Memory Usage": 8,
                                        "Plans": [
                                            {
                                                "Node Type": "Nested Loop",
                                                "Parent Relationship": "Outer",
                                                "Parallel Aware": false,
                                                "Join Type": "Inner",
                                                "Startup Cost": 50000644220.37,
                                                "Total Cost": 50000644284.96,
                                                "Plan Rows": 1,
                                                "Plan Width": 47,
                                                "Actual Startup Time": 3960.989,
                                                "Actual Total Time": 3961.001,
                                                "Actual Rows": 0,
                                                "Actual Loops": 1,
                                                "Output": [
                                                    "cc.movie_id",
                                                    "mc.movie_id",
                                                    "mc.company_type_id",
                                                    "mi.movie_id",
                                                    "t.title",
                                                    "t.id",
                                                    "kt.kind"
                                                ],
                                                "Inner Unique": true,
                                                "Plans": [
                                                    {
                                                        "Node Type": "Nested Loop",
                                                        "Parent Relationship": "Outer",
                                                        "Parallel Aware": false,
                                                        "Join Type": "Inner",
                                                        "Startup Cost": 40000644219.94,
                                                        "Total Cost": 40000644280.51,
                                                        "Plan Rows": 1,
                                                        "Plan Width": 51,
                                                        "Actual Startup Time": 3960.989,
                                                        "Actual Total Time": 3961.0,
                                                        "Actual Rows": 0,
                                                        "Actual Loops": 1,
                                                        "Output": [
                                                            "cc.movie_id",
                                                            "mc.movie_id",
                                                            "mc.company_id",
                                                            "mc.company_type_id",
                                                            "mi.movie_id",
                                                            "t.title",
                                                            "t.id",
                                                            "kt.kind"
                                                        ],
                                                        "Inner Unique": true,
                                                        "Plans": [
                                                            {
                                                                "Node Type": "Merge Join",
                                                                "Parent Relationship": "Outer",
                                                                "Parallel Aware": false,
                                                                "Join Type": "Inner",
                                                                "Startup Cost": 30000644219.77,
                                                                "Total Cost": 30000644255.55,
                                                                "Plan Rows": 5,
                                                                "Plan Width": 55,
                                                                "Actual Startup Time": 3960.987,
                                                                "Actual Total Time": 3960.997,
                                                                "Actual Rows": 0,
                                                                "Actual Loops": 1,
                                                                "Output": [
                                                                    "cc.movie_id",
                                                                    "mc.movie_id",
                                                                    "mc.company_id",
                                                                    "mc.company_type_id",
                                                                    "mi.movie_id",
                                                                    "mi.info_type_id",
                                                                    "t.title",
                                                                    "t.id",
                                                                    "kt.kind"
                                                                ],
                                                                "Inner Unique": false,
                                                                "Merge Cond": "(t.id = mi.movie_id)",
                                                                "Plans": [
                                                                    {
                                                                        "Node Type": "Sort",
                                                                        "Parent Relationship": "Outer",
                                                                        "Parallel Aware": false,
                                                                        "Startup Cost": 20000223999.19,
                                                                        "Total Cost": 20000224016.28,
                                                                        "Plan Rows": 6837,
                                                                        "Plan Width": 47,
                                                                        "Actual Startup Time": 2741.97,
                                                                        "Actual Total Time": 2742.04,
                                                                        "Actual Rows": 1343,
                                                                        "Actual Loops": 1,
                                                                        "Output": [
                                                                            "cc.movie_id",
                                                                            "mc.movie_id",
                                                                            "mc.company_id",
                                                                            "mc.company_type_id",
                                                                            "t.title",
                                                                            "t.id",
                                                                            "kt.kind"
                                                                        ],
                                                                        "Sort Key": [
                                                                            "cc.movie_id"
                                                                        ],
                                                                        "Sort Method": "quicksort",
                                                                        "Sort Space Used": 170,
                                                                        "Sort Space Type": "Memory",
                                                                        "Plans": [
                                                                            {
                                                                                "Node Type": "Hash Join",
                                                                                "Parent Relationship": "Outer",
                                                                                "Parallel Aware": false,
                                                                                "Join Type": "Inner",
                                                                                "Startup Cost": 20000223434.42,
                                                                                "Total Cost": 20000223563.7,
                                                                                "Plan Rows": 6837,
                                                                                "Plan Width": 47,
                                                                                "Actual Startup Time": 2741.592,
                                                                                "Actual Total Time": 2741.74,
                                                                                "Actual Rows": 1343,
                                                                                "Actual Loops": 1,
                                                                                "Output": [
                                                                                    "cc.movie_id",
                                                                                    "mc.movie_id",
                                                                                    "mc.company_id",
                                                                                    "mc.company_type_id",
                                                                                    "t.title",
                                                                                    "t.id",
                                                                                    "kt.kind"
                                                                                ],
                                                                                "Inner Unique": false,
                                                                                "Hash Cond": "(kt.id = t.kind_id)",
                                                                                "Plans": [
                                                                                    {
                                                                                        "Node Type": "Seq Scan",
                                                                                        "Parent Relationship": "Outer",
                                                                                        "Parallel Aware": false,
                                                                                        "Relation Name": "kind_type",
                                                                                        "Schema": "public",
                                                                                        "Alias": "kt",
                                                                                        "Startup Cost": 0.0,
                                                                                        "Total Cost": 1.09,
                                                                                        "Plan Rows": 1,
                                                                                        "Plan Width": 14,
                                                                                        "Actual Startup Time": 0.01,
                                                                                        "Actual Total Time": 0.014,
                                                                                        "Actual Rows": 1,
                                                                                        "Actual Loops": 1,
                                                                                        "Output": [
                                                                                            "kt.id",
                                                                                            "kt.kind"
                                                                                        ],
                                                                                        "Filter": "((kt.kind)::text = 'movie'::text)",
                                                                                        "Rows Removed by Filter": 6
                                                                                    },
                                                                                    {
                                                                                        "Node Type": "Hash",
                                                                                        "Parent Relationship": "Inner",
                                                                                        "Parallel Aware": false,
                                                                                        "Startup Cost": 20000222836.21,
                                                                                        "Total Cost": 20000222836.21,
                                                                                        "Plan Rows": 47857,
                                                                                        "Plan Width": 41,
                                                                                        "Actual Startup Time": 2741.508,
                                                                                        "Actual Total Time": 2741.515,
                                                                                        "Actual Rows": 3575,
                                                                                        "Actual Loops": 1,
                                                                                        "Output": [
                                                                                            "cc.movie_id",
                                                                                            "mc.movie_id",
                                                                                            "mc.company_id",
                                                                                            "mc.company_type_id",
                                                                                            "t.title",
                                                                                            "t.kind_id",
                                                                                            "t.id"
                                                                                        ],
                                                                                        "Hash Buckets": 65536,
                                                                                        "Original Hash Buckets": 65536,
                                                                                        "Hash Batches": 1,
                                                                                        "Original Hash Batches": 1,
                                                                                        "Peak Memory Usage": 765,
                                                                                        "Plans": [
                                                                                            {
                                                                                                "Node Type": "Hash Join",
                                                                                                "Parent Relationship": "Outer",
                                                                                                "Parallel Aware": false,
                                                                                                "Join Type": "Inner",
                                                                                                "Startup Cost": 20000215408.69,
                                                                                                "Total Cost": 20000222836.21,
                                                                                                "Plan Rows": 47857,
                                                                                                "Plan Width": 41,
                                                                                                "Actual Startup Time": 2732.09,
                                                                                                "Actual Total Time": 2740.921,
                                                                                                "Actual Rows": 3575,
                                                                                                "Actual Loops": 1,
                                                                                                "Output": [
                                                                                                    "cc.movie_id",
                                                                                                    "mc.movie_id",
                                                                                                    "mc.company_id",
                                                                                                    "mc.company_type_id",
                                                                                                    "t.title",
                                                                                                    "t.kind_id",
                                                                                                    "t.id"
                                                                                                ],
                                                                                                "Inner Unique": false,
                                                                                                "Hash Cond": "(cc.status_id = cct1.id)",
                                                                                                "Plans": [
                                                                                                    {
                                                                                                        "Node Type": "Hash Join",
                                                                                                        "Parent Relationship": "Outer",
                                                                                                        "Parallel Aware": false,
                                                                                                        "Join Type": "Inner",
                                                                                                        "Startup Cost": 20000215407.63,
                                                                                                        "Total Cost": 20000221638.74,
                                                                                                        "Plan Rows": 191425,
                                                                                                        "Plan Width": 45,
                                                                                                        "Actual Startup Time": 2689.188,
                                                                                                        "Actual Total Time": 2738.416,
                                                                                                        "Actual Rows": 43492,
                                                                                                        "Actual Loops": 1,
                                                                                                        "Output": [
                                                                                                            "cc.movie_id",
                                                                                                            "cc.status_id",
                                                                                                            "mc.movie_id",
                                                                                                            "mc.company_id",
                                                                                                            "mc.company_type_id",
                                                                                                            "t.title",
                                                                                                            "t.kind_id",
                                                                                                            "t.id"
                                                                                                        ],
                                                                                                        "Inner Unique": false,
                                                                                                        "Hash Cond": "(cc.movie_id = t.id)",
                                                                                                        "Plans": [
                                                                                                            {
                                                                                                                "Node Type": "Index Scan",
                                                                                                                "Parent Relationship": "Outer",
                                                                                                                "Parallel Aware": false,
                                                                                                                "Scan Direction": "Forward",
                                                                                                                "Index Name": "status_id_complete_cast",
                                                                                                                "Relation Name": "complete_cast",
                                                                                                                "Schema": "public",
                                                                                                                "Alias": "cc",
                                                                                                                "Startup Cost": 10000000000.42,
                                                                                                                "Total Cost": 10000005358.48,
                                                                                                                "Plan Rows": 135086,
                                                                                                                "Plan Width": 8,
                                                                                                                "Actual Startup Time": 0.02,
                                                                                                                "Actual Total Time": 16.087,
                                                                                                                "Actual Rows": 135086,
                                                                                                                "Actual Loops": 1,
                                                                                                                "Output": [
                                                                                                                    "cc.id",
                                                                                                                    "cc.movie_id",
                                                                                                                    "cc.subject_id",
                                                                                                                    "cc.status_id"
                                                                                                                ]
                                                                                                            },
                                                                                                            {
                                                                                                                "Node Type": "Hash",
                                                                                                                "Parent Relationship": "Inner",
                                                                                                                "Parallel Aware": false,
                                                                                                                "Startup Cost": 10000206833.3,
                                                                                                                "Total Cost": 10000206833.3,
                                                                                                                "Plan Rows": 685913,
                                                                                                                "Plan Width": 37,
                                                                                                                "Actual Startup Time": 2688.029,
                                                                                                                "Actual Total Time": 2688.032,
                                                                                                                "Actual Rows": 524576,
                                                                                                                "Actual Loops": 1,
                                                                                                                "Output": [
                                                                                                                    "mc.movie_id",
                                                                                                                    "mc.company_id",
                                                                                                                    "mc.company_type_id",
                                                                                                                    "t.title",
                                                                                                                    "t.kind_id",
                                                                                                                    "t.id"
                                                                                                                ],
                                                                                                                "Hash Buckets": 1048576,
                                                                                                                "Original Hash Buckets": 1048576,
                                                                                                                "Hash Batches": 1,
                                                                                                                "Original Hash Batches": 1,
                                                                                                                "Peak Memory Usage": 45594,
                                                                                                                "Plans": [
                                                                                                                    {
                                                                                                                        "Node Type": "Hash Join",
                                                                                                                        "Parent Relationship": "Outer",
                                                                                                                        "Parallel Aware": false,
                                                                                                                        "Join Type": "Inner",
                                                                                                                        "Startup Cost": 10000077495.83,
                                                                                                                        "Total Cost": 10000206833.3,
                                                                                                                        "Plan Rows": 685913,
                                                                                                                        "Plan Width": 37,
                                                                                                                        "Actual Startup Time": 1032.469,
                                                                                                                        "Actual Total Time": 2562.911,
                                                                                                                        "Actual Rows": 524576,
                                                                                                                        "Actual Loops": 1,
                                                                                                                        "Output": [
                                                                                                                            "mc.movie_id",
                                                                                                                            "mc.company_id",
                                                                                                                            "mc.company_type_id",
                                                                                                                            "t.title",
                                                                                                                            "t.kind_id",
                                                                                                                            "t.id"
                                                                                                                        ],
                                                                                                                        "Inner Unique": false,
                                                                                                                        "Hash Cond": "(t.id = mc.movie_id)",
                                                                                                                        "Plans": [
                                                                                                                            {
                                                                                                                                "Node Type": "Index Scan",
                                                                                                                                "Parent Relationship": "Outer",
                                                                                                                                "Parallel Aware": false,
                                                                                                                                "Scan Direction": "Forward",
                                                                                                                                "Index Name": "title_pkey",
                                                                                                                                "Relation Name": "title",
                                                                                                                                "Schema": "public",
                                                                                                                                "Alias": "t",
                                                                                                                                "Startup Cost": 0.43,
                                                                                                                                "Total Cost": 116662.9,
                                                                                                                                "Plan Rows": 664670,
                                                                                                                                "Plan Width": 25,
                                                                                                                                "Actual Startup Time": 0.057,
                                                                                                                                "Actual Total Time": 1202.15,
                                                                                                                                "Actual Rows": 662065,
                                                                                                                                "Actual Loops": 1,
                                                                                                                                "Output": [
                                                                                                                                    "t.id",
                                                                                                                                    "t.title",
                                                                                                                                    "t.imdb_index",
                                                                                                                                    "t.kind_id",
                                                                                                                                    "t.production_year",
                                                                                                                                    "t.imdb_id",
                                                                                                                                    "t.phonetic_code",
                                                                                                                                    "t.episode_of_id",
                                                                                                                                    "t.season_nr",
                                                                                                                                    "t.episode_nr",
                                                                                                                                    "t.series_years",
                                                                                                                                    "t.md5sum"
                                                                                                                                ],
                                                                                                                                "Filter": "(t.production_year > 2008)",
                                                                                                                                "Rows Removed by Filter": 1866247
                                                                                                                            },
                                                                                                                            {
                                                                                                                                "Node Type": "Hash",
                                                                                                                                "Parent Relationship": "Inner",
                                                                                                                                "Parallel Aware": false,
                                                                                                                                "Startup Cost": 10000044881.29,
                                                                                                                                "Total Cost": 10000044881.29,
                                                                                                                                "Plan Rows": 2609129,
                                                                                                                                "Plan Width": 12,
                                                                                                                                "Actual Startup Time": 1027.745,
                                                                                                                                "Actual Total Time": 1027.747,
                                                                                                                                "Actual Rows": 2609129,
                                                                                                                                "Actual Loops": 1,
                                                                                                                                "Output": [
                                                                                                                                    "mc.movie_id",
                                                                                                                                    "mc.company_id",
                                                                                                                                    "mc.company_type_id"
                                                                                                                                ],
                                                                                                                                "Hash Buckets": 4194304,
                                                                                                                                "Original Hash Buckets": 4194304,
                                                                                                                                "Hash Batches": 1,
                                                                                                                                "Original Hash Batches": 1,
                                                                                                                                "Peak Memory Usage": 144880,
                                                                                                                                "Plans": [
                                                                                                                                    {
                                                                                                                                        "Node Type": "Seq Scan",
                                                                                                                                        "Parent Relationship": "Outer",
                                                                                                                                        "Parallel Aware": false,
                                                                                                                                        "Relation Name": "movie_companies",
                                                                                                                                        "Schema": "public",
                                                                                                                                        "Alias": "mc",
                                                                                                                                        "Startup Cost": 10000000000.0,
                                                                                                                                        "Total Cost": 10000044881.29,
                                                                                                                                        "Plan Rows": 2609129,
                                                                                                                                        "Plan Width": 12,
                                                                                                                                        "Actual Startup Time": 0.029,
                                                                                                                                        "Actual Total Time": 402.7,
                                                                                                                                        "Actual Rows": 2609129,
                                                                                                                                        "Actual Loops": 1,
                                                                                                                                        "Output": [
                                                                                                                                            "mc.movie_id",
                                                                                                                                            "mc.company_id",
                                                                                                                                            "mc.company_type_id"
                                                                                                                                        ]
                                                                                                                                    }
                                                                                                                                ]
                                                                                                                            }
                                                                                                                        ]
                                                                                                                    }
                                                                                                                ]
                                                                                                            }
                                                                                                        ]
                                                                                                    },
                                                                                                    {
                                                                                                        "Node Type": "Hash",
                                                                                                        "Parent Relationship": "Inner",
                                                                                                        "Parallel Aware": false,
                                                                                                        "Startup Cost": 1.05,
                                                                                                        "Total Cost": 1.05,
                                                                                                        "Plan Rows": 1,
                                                                                                        "Plan Width": 4,
                                                                                                        "Actual Startup Time": 0.03,
                                                                                                        "Actual Total Time": 0.03,
                                                                                                        "Actual Rows": 1,
                                                                                                        "Actual Loops": 1,
                                                                                                        "Output": [
                                                                                                            "cct1.id"
                                                                                                        ],
                                                                                                        "Hash Buckets": 1024,
                                                                                                        "Original Hash Buckets": 1024,
                                                                                                        "Hash Batches": 1,
                                                                                                        "Original Hash Batches": 1,
                                                                                                        "Peak Memory Usage": 9,
                                                                                                        "Plans": [
                                                                                                            {
                                                                                                                "Node Type": "Seq Scan",
                                                                                                                "Parent Relationship": "Outer",
                                                                                                                "Parallel Aware": false,
                                                                                                                "Relation Name": "comp_cast_type",
                                                                                                                "Schema": "public",
                                                                                                                "Alias": "cct1",
                                                                                                                "Startup Cost": 0.0,
                                                                                                                "Total Cost": 1.05,
                                                                                                                "Plan Rows": 1,
                                                                                                                "Plan Width": 4,
                                                                                                                "Actual Startup Time": 0.025,
                                                                                                                "Actual Total Time": 0.026,
                                                                                                                "Actual Rows": 1,
                                                                                                                "Actual Loops": 1,
                                                                                                                "Output": [
                                                                                                                    "cct1.id"
                                                                                                                ],
                                                                                                                "Filter": "((cct1.kind)::text = 'complete+verified'::text)",
                                                                                                                "Rows Removed by Filter": 3
                                                                                                            }
                                                                                                        ]
                                                                                                    }
                                                                                                ]
                                                                                            }
                                                                                        ]
                                                                                    }
                                                                                ]
                                                                            }
                                                                        ]
                                                                    },
                                                                    {
                                                                        "Node Type": "Sort",
                                                                        "Parent Relationship": "Inner",
                                                                        "Parallel Aware": false,
                                                                        "Startup Cost": 10000420220.58,
                                                                        "Total Cost": 10000420221.38,
                                                                        "Plan Rows": 322,
                                                                        "Plan Width": 8,
                                                                        "Actual Startup Time": 1218.715,
                                                                        "Actual Total Time": 1218.775,
                                                                        "Actual Rows": 1781,
                                                                        "Actual Loops": 1,
                                                                        "Output": [
                                                                            "mi.movie_id",
                                                                            "mi.info_type_id"
                                                                        ],
                                                                        "Sort Key": [
                                                                            "mi.movie_id"
                                                                        ],
                                                                        "Sort Method": "quicksort",
                                                                        "Sort Space Used": 132,
                                                                        "Sort Space Type": "Memory",
                                                                        "Plans": [
                                                                            {
                                                                                "Node Type": "Seq Scan",
                                                                                "Parent Relationship": "Outer",
                                                                                "Parallel Aware": false,
                                                                                "Relation Name": "movie_info",
                                                                                "Schema": "public",
                                                                                "Alias": "mi",
                                                                                "Startup Cost": 10000000000.0,
                                                                                "Total Cost": 10000420207.16,
                                                                                "Plan Rows": 322,
                                                                                "Plan Width": 8,
                                                                                "Actual Startup Time": 324.901,
                                                                                "Actual Total Time": 1218.314,
                                                                                "Actual Rows": 1783,
                                                                                "Actual Loops": 1,
                                                                                "Output": [
                                                                                    "mi.movie_id",
                                                                                    "mi.info_type_id"
                                                                                ],
                                                                                "Filter": "((mi.info IS NOT NULL) AND (mi.note ~~ '%internet%'::text) AND ((mi.info ~~ 'USA:% 199%'::text) OR (mi.info ~~ 'USA:% 200%'::text)))",
                                                                                "Rows Removed by Filter": 14833937
                                                                            }
                                                                        ]
                                                                    }
                                                                ]
                                                            },
                                                            {
                                                                "Node Type": "Bitmap Heap Scan",
                                                                "Parent Relationship": "Inner",
                                                                "Parallel Aware": false,
                                                                "Relation Name": "info_type",
                                                                "Schema": "public",
                                                                "Alias": "it1",
                                                                "Startup Cost": 0.18,
                                                                "Total Cost": 4.19,
                                                                "Plan Rows": 1,
                                                                "Plan Width": 4,
                                                                "Actual Startup Time": 0.0,
                                                                "Actual Total Time": 0.0,
                                                                "Actual Rows": 0,
                                                                "Actual Loops": 0,
                                                                "Output": [
                                                                    "it1.id",
                                                                    "it1.info"
                                                                ],
                                                                "Recheck Cond": "(it1.id = mi.info_type_id)",
                                                                "Rows Removed by Index Recheck": 0,
                                                                "Filter": "((it1.info)::text = 'release dates'::text)",
                                                                "Rows Removed by Filter": 0,
                                                                "Exact Heap Blocks": 0,
                                                                "Lossy Heap Blocks": 0,
                                                                "Plans": [
                                                                    {
                                                                        "Node Type": "Bitmap Index Scan",
                                                                        "Parent Relationship": "Outer",
                                                                        "Parallel Aware": false,
                                                                        "Index Name": "info_type_pkey",
                                                                        "Startup Cost": 0.0,
                                                                        "Total Cost": 0.17,
                                                                        "Plan Rows": 1,
                                                                        "Plan Width": 0,
                                                                        "Actual Startup Time": 0.0,
                                                                        "Actual Total Time": 0.0,
                                                                        "Actual Rows": 0,
                                                                        "Actual Loops": 0,
                                                                        "Index Cond": "(it1.id = mi.info_type_id)"
                                                                    }
                                                                ]
                                                            }
                                                        ]
                                                    },
                                                    {
                                                        "Node Type": "Bitmap Heap Scan",
                                                        "Parent Relationship": "Inner",
                                                        "Parallel Aware": false,
                                                        "Relation Name": "company_name",
                                                        "Schema": "public",
                                                        "Alias": "cn",
                                                        "Startup Cost": 0.43,
                                                        "Total Cost": 4.44,
                                                        "Plan Rows": 1,
                                                        "Plan Width": 4,
                                                        "Actual Startup Time": 0.0,
                                                        "Actual Total Time": 0.0,
                                                        "Actual Rows": 0,
                                                        "Actual Loops": 0,
                                                        "Output": [
                                                            "cn.id",
                                                            "cn.name",
                                                            "cn.country_code",
                                                            "cn.imdb_id",
                                                            "cn.name_pcode_nf",
                                                            "cn.name_pcode_sf",
                                                            "cn.md5sum"
                                                        ],
                                                        "Recheck Cond": "(cn.id = mc.company_id)",
                                                        "Rows Removed by Index Recheck": 0,
                                                        "Filter": "((cn.country_code)::text = '[us]'::text)",
                                                        "Rows Removed by Filter": 0,
                                                        "Exact Heap Blocks": 0,
                                                        "Lossy Heap Blocks": 0,
                                                        "Plans": [
                                                            {
                                                                "Node Type": "Bitmap Index Scan",
                                                                "Parent Relationship": "Outer",
                                                                "Parallel Aware": false,
                                                                "Index Name": "company_name_pkey",
                                                                "Startup Cost": 0.0,
                                                                "Total Cost": 0.43,
                                                                "Plan Rows": 1,
                                                                "Plan Width": 0,
                                                                "Actual Startup Time": 0.0,
                                                                "Actual Total Time": 0.0,
                                                                "Actual Rows": 0,
                                                                "Actual Loops": 0,
                                                                "Index Cond": "(cn.id = mc.company_id)"
                                                            }
                                                        ]
                                                    }
                                                ]
                                            }
                                        ]
                                    }
                                ]
                            },
                            {
                                "Node Type": "Bitmap Heap Scan",
                                "Parent Relationship": "Inner",
                                "Parallel Aware": false,
                                "Relation Name": "movie_keyword",
                                "Schema": "public",
                                "Alias": "mk",
                                "Startup Cost": 0.82,
                                "Total Cost": 5.4,
                                "Plan Rows": 46,
                                "Plan Width": 8,
                                "Actual Startup Time": 0.0,
                                "Actual Total Time": 0.0,
                                "Actual Rows": 0,
                                "Actual Loops": 0,
                                "Output": [
                                    "mk.id",
                                    "mk.movie_id",
                                    "mk.keyword_id"
                                ],
                                "Recheck Cond": "(mk.movie_id = mc.movie_id)",
                                "Rows Removed by Index Recheck": 0,
                                "Exact Heap Blocks": 0,
                                "Lossy Heap Blocks": 0,
                                "Plans": [
                                    {
                                        "Node Type": "Bitmap Index Scan",
                                        "Parent Relationship": "Outer",
                                        "Parallel Aware": false,
                                        "Index Name": "movie_id_movie_keyword",
                                        "Startup Cost": 0.0,
                                        "Total Cost": 0.81,
                                        "Plan Rows": 46,
                                        "Plan Width": 0,
                                        "Actual Startup Time": 0.0,
                                        "Actual Total Time": 0.0,
                                        "Actual Rows": 0,
                                        "Actual Loops": 0,
                                        "Index Cond": "(mk.movie_id = mc.movie_id)"
                                    }
                                ]
                            }
                        ]
                    },
                    {
                        "Node Type": "Bitmap Heap Scan",
                        "Parent Relationship": "Inner",
                        "Parallel Aware": false,
                        "Relation Name": "keyword",
                        "Schema": "public",
                        "Alias": "k",
                        "Startup Cost": 0.43,
                        "Total Cost": 4.44,
                        "Plan Rows": 1,
                        "Plan Width": 4,
                        "Actual Startup Time": 0.0,
                        "Actual Total Time": 0.0,
                        "Actual Rows": 0,
                        "Actual Loops": 0,
                        "Output": [
                            "k.id",
                            "k.keyword",
                            "k.phonetic_code"
                        ],
                        "Recheck Cond": "(k.id = mk.keyword_id)",
                        "Rows Removed by Index Recheck": 0,
                        "Exact Heap Blocks": 0,
                        "Lossy Heap Blocks": 0,
                        "Plans": [
                            {
                                "Node Type": "Bitmap Index Scan",
                                "Parent Relationship": "Outer",
                                "Parallel Aware": false,
                                "Index Name": "keyword_pkey",
                                "Startup Cost": 0.0,
                                "Total Cost": 0.43,
                                "Plan Rows": 1,
                                "Plan Width": 0,
                                "Actual Startup Time": 0.0,
                                "Actual Total Time": 0.0,
                                "Actual Rows": 0,
                                "Actual Loops": 0,
                                "Index Cond": "(k.id = mk.keyword_id)"
                            }
                        ]
                    }
                ]
            }
        ]
    },
    "Planning Time": 27.479,
    "Triggers": [],
    "Execution Time": 3962.459
}