{
  "Plan": {
    "Node Type": "Aggregate",
    "Strategy": "Plain",
    "Partial Mode": "Finalize",
    "Parallel Aware": false,
    "Startup Cost": 39267.95,
    "Total Cost": 39267.96,
    "Plan Rows": 1,
    "Plan Width": 8,
    "Actual Startup Time": 236.632,
    "Actual Total Time": 278.682,
    "Actual Rows": 1,
    "Actual Loops": 1,
    "Plans": [
      {
        "Node Type": "Gather",
        "Parent Relationship": "Outer",
        "Parallel Aware": false,
        "Startup Cost": 39267.84,
        "Total Cost": 39267.95,
        "Plan Rows": 1,
        "Plan Width": 8,
        "Actual Startup Time": 236.527,
        "Actual Total Time": 278.674,
        "Actual Rows": 2,
        "Actual Loops": 1,
        "Workers Planned": 1,
        "Workers Launched": 1,
        "Single Copy": false,
        "Plans": [
          {
            "Node Type": "Aggregate",
            "Strategy": "Plain",
            "Partial Mode": "Partial",
            "Parent Relationship": "Outer",
            "Parallel Aware": false,
            "Startup Cost": 38267.84,
            "Total Cost": 38267.85,
            "Plan Rows": 1,
            "Plan Width": 8,
            "Actual Startup Time": 230.747,
            "Actual Total Time": 230.749,
            "Actual Rows": 1,
            "Actual Loops": 2,
            "Plans": [
              {
                "Node Type": "Nested Loop",
                "Parent Relationship": "Outer",
                "Parallel Aware": false,
                "Join Type": "Inner",
                "Startup Cost": 101.66,
                "Total Cost": 38169.33,
                "Plan Rows": 39405,
                "Plan Width": 0,
                "Actual Startup Time": 2.532,
                "Actual Total Time": 223.72,
                "Actual Rows": 113415,
                "Actual Loops": 2,
                "Inner Unique": false,
                "Plans": [
                  {
                    "Node Type": "Nested Loop",
                    "Parent Relationship": "Outer",
                    "Parallel Aware": false,
                    "Join Type": "Inner",
                    "Startup Cost": 101.09,
                    "Total Cost": 32152.07,
                    "Plan Rows": 2750,
                    "Plan Width": 8,
                    "Actual Startup Time": 2.381,
                    "Actual Total Time": 20.803,
                    "Actual Rows": 1758,
                    "Actual Loops": 2,
                    "Inner Unique": true,
                    "Plans": [
                      {
                        "Node Type": "Bitmap Heap Scan",
                        "Parent Relationship": "Outer",
                        "Parallel Aware": true,
                        "Relation Name": "movie_keyword",
                        "Alias": "mk",
                        "Startup Cost": 100.66,
                        "Total Cost": 11857.91,
                        "Plan Rows": 2750,
                        "Plan Width": 4,
                        "Actual Startup Time": 2.231,
                        "Actual Total Time": 7.327,
                        "Actual Rows": 1758,
                        "Actual Loops": 2,
                        "Recheck Cond": "(keyword_id = 178)",
                        "Rows Removed by Index Recheck": 0,
                        "Exact Heap Blocks": 2299,
                        "Lossy Heap Blocks": 0,
                        "Plans": [
                          {
                            "Node Type": "Bitmap Index Scan",
                            "Parent Relationship": "Outer",
                            "Parallel Aware": false,
                            "Index Name": "keyword_id_movie_keyword",
                            "Startup Cost": 0.0,
                            "Total Cost": 99.5,
                            "Plan Rows": 4675,
                            "Plan Width": 0,
                            "Actual Startup Time": 2.777,
                            "Actual Total Time": 2.778,
                            "Actual Rows": 3515,
                            "Actual Loops": 1,
                            "Index Cond": "(keyword_id = 178)"
                          }
                        ]
                      },
                      {
                        "Node Type": "Index Only Scan",
                        "Parent Relationship": "Inner",
                        "Parallel Aware": false,
                        "Scan Direction": "Forward",
                        "Index Name": "title_pkey",
                        "Relation Name": "title",
                        "Alias": "t",
                        "Startup Cost": 0.43,
                        "Total Cost": 7.38,
                        "Plan Rows": 1,
                        "Plan Width": 4,
                        "Actual Startup Time": 0.007,
                        "Actual Total Time": 0.007,
                        "Actual Rows": 1,
                        "Actual Loops": 3515,
                        "Index Cond": "(id = mk.movie_id)",
                        "Rows Removed by Index Recheck": 0,
                        "Heap Fetches": 3515
                      }
                    ]
                  },
                  {
                    "Node Type": "Index Only Scan",
                    "Parent Relationship": "Inner",
                    "Parallel Aware": false,
                    "Scan Direction": "Forward",
                    "Index Name": "movie_id_cast_info",
                    "Relation Name": "cast_info",
                    "Alias": "ci",
                    "Startup Cost": 0.56,
                    "Total Cost": 1.82,
                    "Plan Rows": 37,
                    "Plan Width": 4,
                    "Actual Startup Time": 0.013,
                    "Actual Total Time": 0.11,
                    "Actual Rows": 65,
                    "Actual Loops": 3515,
                    "Index Cond": "(movie_id = t.id)",
                    "Rows Removed by Index Recheck": 0,
                    "Heap Fetches": 226830
                  }
                ]
              }
            ]
          }
        ]
      }
    ]
  },
  "Planning Time": 0.843,
  "Triggers": [],
  "Execution Time": 278.851
}