{
    "Plan": {
        "Node Type": "Aggregate",
        "Strategy": "Plain",
        "Partial Mode": "Finalize",
        "Parallel Aware": false,
        "Startup Cost": 413074.19,
        "Total Cost": 413074.2,
        "Plan Rows": 1,
        "Plan Width": 8,
        "Actual Startup Time": 1875.262,
        "Actual Total Time": 1926.021,
        "Actual Rows": 1,
        "Actual Loops": 1,
        "Output": [
            "count(*)"
        ],
        "Plans": [
            {
                "Node Type": "Gather",
                "Parent Relationship": "Outer",
                "Parallel Aware": false,
                "Startup Cost": 413073.56,
                "Total Cost": 413074.17,
                "Plan Rows": 6,
                "Plan Width": 8,
                "Actual Startup Time": 1860.356,
                "Actual Total Time": 1926.003,
                "Actual Rows": 7,
                "Actual Loops": 1,
                "Output": [
                    "(PARTIAL count(*))"
                ],
                "Workers Planned": 6,
                "Workers Launched": 6,
                "Single Copy": false,
                "Plans": [
                    {
                        "Node Type": "Aggregate",
                        "Strategy": "Plain",
                        "Partial Mode": "Partial",
                        "Parent Relationship": "Outer",
                        "Parallel Aware": false,
                        "Startup Cost": 412073.56,
                        "Total Cost": 412073.57,
                        "Plan Rows": 1,
                        "Plan Width": 8,
                        "Actual Startup Time": 1848.158,
                        "Actual Total Time": 1848.394,
                        "Actual Rows": 1,
                        "Actual Loops": 7,
                        "Output": [
                            "PARTIAL count(*)"
                        ],
                        "Workers": [
                            {
                                "Worker Number": 0,
                                "Actual Startup Time": 1846.28,
                                "Actual Total Time": 1846.284,
                                "Actual Rows": 1,
                                "Actual Loops": 1
                            },
                            {
                                "Worker Number": 1,
                                "Actual Startup Time": 1846.416,
                                "Actual Total Time": 1846.422,
                                "Actual Rows": 1,
                                "Actual Loops": 1
                            },
                            {
                                "Worker Number": 2,
                                "Actual Startup Time": 1845.802,
                                "Actual Total Time": 1845.808,
                                "Actual Rows": 1,
                                "Actual Loops": 1
                            },
                            {
                                "Worker Number": 3,
                                "Actual Startup Time": 1846.324,
                                "Actual Total Time": 1846.328,
                                "Actual Rows": 1,
                                "Actual Loops": 1
                            },
                            {
                                "Worker Number": 4,
                                "Actual Startup Time": 1847.079,
                                "Actual Total Time": 1847.085,
                                "Actual Rows": 1,
                                "Actual Loops": 1
                            },
                            {
                                "Worker Number": 5,
                                "Actual Startup Time": 1846.369,
                                "Actual Total Time": 1846.374,
                                "Actual Rows": 1,
                                "Actual Loops": 1
                            }
                        ],
                        "Plans": [
                            {
                                "Node Type": "Hash Join",
                                "Parent Relationship": "Outer",
                                "Parallel Aware": true,
                                "Join Type": "Inner",
                                "Startup Cost": 64893.2,
                                "Total Cost": 410141.39,
                                "Plan Rows": 772867,
                                "Plan Width": 0,
                                "Actual Startup Time": 291.84,
                                "Actual Total Time": 1763.549,
                                "Actual Rows": 1695502,
                                "Actual Loops": 7,
                                "Inner Unique": false,
                                "Hash Cond": "(ci.movie_id = t.id)",
                                "Workers": [
                                    {
                                        "Worker Number": 0,
                                        "Actual Startup Time": 290.061,
                                        "Actual Total Time": 1767.402,
                                        "Actual Rows": 1823795,
                                        "Actual Loops": 1
                                    },
                                    {
                                        "Worker Number": 1,
                                        "Actual Startup Time": 289.136,
                                        "Actual Total Time": 1758.819,
                                        "Actual Rows": 1368324,
                                        "Actual Loops": 1
                                    },
                                    {
                                        "Worker Number": 2,
                                        "Actual Startup Time": 289.635,
                                        "Actual Total Time": 1755.998,
                                        "Actual Rows": 1387651,
                                        "Actual Loops": 1
                                    },
                                    {
                                        "Worker Number": 3,
                                        "Actual Startup Time": 290.17,
                                        "Actual Total Time": 1765.409,
                                        "Actual Rows": 1969593,
                                        "Actual Loops": 1
                                    },
                                    {
                                        "Worker Number": 4,
                                        "Actual Startup Time": 291.026,
                                        "Actual Total Time": 1759.461,
                                        "Actual Rows": 1371444,
                                        "Actual Loops": 1
                                    },
                                    {
                                        "Worker Number": 5,
                                        "Actual Startup Time": 290.172,
                                        "Actual Total Time": 1767.267,
                                        "Actual Rows": 1856060,
                                        "Actual Loops": 1
                                    }
                                ],
                                "Plans": [
                                    {
                                        "Node Type": "Seq Scan",
                                        "Parent Relationship": "Outer",
                                        "Parallel Aware": true,
                                        "Relation Name": "cast_info",
                                        "Schema": "public",
                                        "Alias": "ci",
                                        "Startup Cost": 0.0,
                                        "Total Cost": 328213.62,
                                        "Plan Rows": 3683814,
                                        "Plan Width": 4,
                                        "Actual Startup Time": 0.04,
                                        "Actual Total Time": 677.123,
                                        "Actual Rows": 3144007,
                                        "Actual Loops": 7,
                                        "Output": [
                                            "ci.id",
                                            "ci.person_id",
                                            "ci.movie_id",
                                            "ci.person_role_id",
                                            "ci.note",
                                            "ci.nr_order",
                                            "ci.role_id"
                                        ],
                                        "Filter": "(ci.person_id < 2240658)",
                                        "Rows Removed by Filter": 2033757,
                                        "Workers": [
                                            {
                                                "Worker Number": 0,
                                                "Actual Startup Time": 0.037,
                                                "Actual Total Time": 683.537,
                                                "Actual Rows": 3419638,
                                                "Actual Loops": 1
                                            },
                                            {
                                                "Worker Number": 1,
                                                "Actual Startup Time": 0.05,
                                                "Actual Total Time": 694.266,
                                                "Actual Rows": 2533098,
                                                "Actual Loops": 1
                                            },
                                            {
                                                "Worker Number": 2,
                                                "Actual Startup Time": 0.039,
                                                "Actual Total Time": 696.661,
                                                "Actual Rows": 2575311,
                                                "Actual Loops": 1
                                            },
                                            {
                                                "Worker Number": 3,
                                                "Actual Startup Time": 0.045,
                                                "Actual Total Time": 679.358,
                                                "Actual Rows": 3658901,
                                                "Actual Loops": 1
                                            },
                                            {
                                                "Worker Number": 4,
                                                "Actual Startup Time": 0.048,
                                                "Actual Total Time": 695.534,
                                                "Actual Rows": 2541675,
                                                "Actual Loops": 1
                                            },
                                            {
                                                "Worker Number": 5,
                                                "Actual Startup Time": 0.047,
                                                "Actual Total Time": 679.595,
                                                "Actual Rows": 3406525,
                                                "Actual Loops": 1
                                            }
                                        ]
                                    },
                                    {
                                        "Node Type": "Hash",
                                        "Parent Relationship": "Inner",
                                        "Parallel Aware": true,
                                        "Startup Cost": 62130.48,
                                        "Total Cost": 62130.48,
                                        "Plan Rows": 221018,
                                        "Plan Width": 8,
                                        "Actual Startup Time": 288.325,
                                        "Actual Total Time": 288.559,
                                        "Actual Rows": 92839,
                                        "Actual Loops": 7,
                                        "Output": [
                                            "t.id",
                                            "mi_idx.movie_id"
                                        ],
                                        "Hash Buckets": 1048576,
                                        "Original Hash Buckets": 1048576,
                                        "Hash Batches": 1,
                                        "Original Hash Batches": 1,
                                        "Peak Memory Usage": 33728,
                                        "Workers": [
                                            {
                                                "Worker Number": 0,
                                                "Actual Startup Time": 289.356,
                                                "Actual Total Time": 289.359,
                                                "Actual Rows": 110526,
                                                "Actual Loops": 1
                                            },
                                            {
                                                "Worker Number": 1,
                                                "Actual Startup Time": 288.109,
                                                "Actual Total Time": 288.112,
                                                "Actual Rows": 82614,
                                                "Actual Loops": 1
                                            },
                                            {
                                                "Worker Number": 2,
                                                "Actual Startup Time": 288.919,
                                                "Actual Total Time": 288.923,
                                                "Actual Rows": 80662,
                                                "Actual Loops": 1
                                            },
                                            {
                                                "Worker Number": 3,
                                                "Actual Startup Time": 289.385,
                                                "Actual Total Time": 289.388,
                                                "Actual Rows": 79250,
                                                "Actual Loops": 1
                                            },
                                            {
                                                "Worker Number": 4,
                                                "Actual Startup Time": 290.282,
                                                "Actual Total Time": 290.286,
                                                "Actual Rows": 68978,
                                                "Actual Loops": 1
                                            },
                                            {
                                                "Worker Number": 5,
                                                "Actual Startup Time": 289.392,
                                                "Actual Total Time": 289.396,
                                                "Actual Rows": 109988,
                                                "Actual Loops": 1
                                            }
                                        ],
                                        "Plans": [
                                            {
                                                "Node Type": "Hash Join",
                                                "Parent Relationship": "Outer",
                                                "Parallel Aware": true,
                                                "Join Type": "Inner",
                                                "Startup Cost": 46935.92,
                                                "Total Cost": 62130.48,
                                                "Plan Rows": 221018,
                                                "Plan Width": 8,
                                                "Actual Startup Time": 168.272,
                                                "Actual Total Time": 248.224,
                                                "Actual Rows": 92839,
                                                "Actual Loops": 7,
                                                "Output": [
                                                    "t.id",
                                                    "mi_idx.movie_id"
                                                ],
                                                "Inner Unique": true,
                                                "Hash Cond": "(mi_idx.movie_id = t.id)",
                                                "Workers": [
                                                    {
                                                        "Worker Number": 0,
                                                        "Actual Startup Time": 168.454,
                                                        "Actual Total Time": 248.222,
                                                        "Actual Rows": 110526,
                                                        "Actual Loops": 1
                                                    },
                                                    {
                                                        "Worker Number": 1,
                                                        "Actual Startup Time": 168.252,
                                                        "Actual Total Time": 248.281,
                                                        "Actual Rows": 82614,
                                                        "Actual Loops": 1
                                                    },
                                                    {
                                                        "Worker Number": 2,
                                                        "Actual Startup Time": 168.113,
                                                        "Actual Total Time": 247.322,
                                                        "Actual Rows": 80662,
                                                        "Actual Loops": 1
                                                    },
                                                    {
                                                        "Worker Number": 3,
                                                        "Actual Startup Time": 168.103,
                                                        "Actual Total Time": 247.791,
                                                        "Actual Rows": 79250,
                                                        "Actual Loops": 1
                                                    },
                                                    {
                                                        "Worker Number": 4,
                                                        "Actual Startup Time": 168.407,
                                                        "Actual Total Time": 248.932,
                                                        "Actual Rows": 68978,
                                                        "Actual Loops": 1
                                                    },
                                                    {
                                                        "Worker Number": 5,
                                                        "Actual Startup Time": 168.006,
                                                        "Actual Total Time": 247.772,
                                                        "Actual Rows": 109988,
                                                        "Actual Loops": 1
                                                    }
                                                ],
                                                "Plans": [
                                                    {
                                                        "Node Type": "Seq Scan",
                                                        "Parent Relationship": "Outer",
                                                        "Parallel Aware": true,
                                                        "Relation Name": "movie_info_idx",
                                                        "Schema": "public",
                                                        "Alias": "mi_idx",
                                                        "Startup Cost": 0.0,
                                                        "Total Cost": 13685.15,
                                                        "Plan Rows": 575015,
                                                        "Plan Width": 4,
                                                        "Actual Startup Time": 0.016,
                                                        "Actual Total Time": 24.549,
                                                        "Actual Rows": 197148,
                                                        "Actual Loops": 7,
                                                        "Output": [
                                                            "mi_idx.id",
                                                            "mi_idx.movie_id",
                                                            "mi_idx.info_type_id",
                                                            "mi_idx.info",
                                                            "mi_idx.note"
                                                        ],
                                                        "Workers": [
                                                            {
                                                                "Worker Number": 0,
                                                                "Actual Startup Time": 0.019,
                                                                "Actual Total Time": 24.323,
                                                                "Actual Rows": 233241,
                                                                "Actual Loops": 1
                                                            },
                                                            {
                                                                "Worker Number": 1,
                                                                "Actual Startup Time": 0.027,
                                                                "Actual Total Time": 25.548,
                                                                "Actual Rows": 177164,
                                                                "Actual Loops": 1
                                                            },
                                                            {
                                                                "Worker Number": 2,
                                                                "Actual Startup Time": 0.016,
                                                                "Actual Total Time": 25.581,
                                                                "Actual Rows": 168862,
                                                                "Actual Loops": 1
                                                            },
                                                            {
                                                                "Worker Number": 3,
                                                                "Actual Startup Time": 0.011,
                                                                "Actual Total Time": 25.838,
                                                                "Actual Rows": 169917,
                                                                "Actual Loops": 1
                                                            },
                                                            {
                                                                "Worker Number": 4,
                                                                "Actual Startup Time": 0.015,
                                                                "Actual Total Time": 25.702,
                                                                "Actual Rows": 147843,
                                                                "Actual Loops": 1
                                                            },
                                                            {
                                                                "Worker Number": 5,
                                                                "Actual Startup Time": 0.015,
                                                                "Actual Total Time": 24.201,
                                                                "Actual Rows": 233589,
                                                                "Actual Loops": 1
                                                            }
                                                        ]
                                                    },
                                                    {
                                                        "Node Type": "Hash",
                                                        "Parent Relationship": "Inner",
                                                        "Parallel Aware": true,
                                                        "Startup Cost": 43899.01,
                                                        "Total Cost": 43899.01,
                                                        "Plan Rows": 242953,
                                                        "Plan Width": 4,
                                                        "Actual Startup Time": 166.557,
                                                        "Actual Total Time": 166.558,
                                                        "Actual Rows": 138741,
                                                        "Actual Loops": 7,
                                                        "Output": [
                                                            "t.id"
                                                        ],
                                                        "Hash Buckets": 1048576,
                                                        "Original Hash Buckets": 1048576,
                                                        "Hash Batches": 1,
                                                        "Original Hash Batches": 1,
                                                        "Peak Memory Usage": 46304,
                                                        "Workers": [
                                                            {
                                                                "Worker Number": 0,
                                                                "Actual Startup Time": 168.011,
                                                                "Actual Total Time": 168.012,
                                                                "Actual Rows": 151954,
                                                                "Actual Loops": 1
                                                            },
                                                            {
                                                                "Worker Number": 1,
                                                                "Actual Startup Time": 167.906,
                                                                "Actual Total Time": 167.907,
                                                                "Actual Rows": 117494,
                                                                "Actual Loops": 1
                                                            },
                                                            {
                                                                "Worker Number": 2,
                                                                "Actual Startup Time": 168.004,
                                                                "Actual Total Time": 168.006,
                                                                "Actual Rows": 111662,
                                                                "Actual Loops": 1
                                                            },
                                                            {
                                                                "Worker Number": 3,
                                                                "Actual Startup Time": 167.999,
                                                                "Actual Total Time": 168.0,
                                                                "Actual Rows": 110555,
                                                                "Actual Loops": 1
                                                            },
                                                            {
                                                                "Worker Number": 4,
                                                                "Actual Startup Time": 168.031,
                                                                "Actual Total Time": 168.032,
                                                                "Actual Rows": 118017,
                                                                "Actual Loops": 1
                                                            },
                                                            {
                                                                "Worker Number": 5,
                                                                "Actual Startup Time": 167.687,
                                                                "Actual Total Time": 167.689,
                                                                "Actual Rows": 148791,
                                                                "Actual Loops": 1
                                                            }
                                                        ],
                                                        "Plans": [
                                                            {
                                                                "Node Type": "Seq Scan",
                                                                "Parent Relationship": "Outer",
                                                                "Parallel Aware": true,
                                                                "Relation Name": "title",
                                                                "Schema": "public",
                                                                "Alias": "t",
                                                                "Startup Cost": 0.0,
                                                                "Total Cost": 43899.01,
                                                                "Plan Rows": 242953,
                                                                "Plan Width": 4,
                                                                "Actual Startup Time": 0.076,
                                                                "Actual Total Time": 90.135,
                                                                "Actual Rows": 138741,
                                                                "Actual Loops": 7,
                                                                "Output": [
                                                                    "t.id"
                                                                ],
                                                                "Filter": "(t.production_year < 1999)",
                                                                "Rows Removed by Filter": 222446,
                                                                "Workers": [
                                                                    {
                                                                        "Worker Number": 0,
                                                                        "Actual Startup Time": 0.089,
                                                                        "Actual Total Time": 91.211,
                                                                        "Actual Rows": 151954,
                                                                        "Actual Loops": 1
                                                                    },
                                                                    {
                                                                        "Worker Number": 1,
                                                                        "Actual Startup Time": 0.078,
                                                                        "Actual Total Time": 92.174,
                                                                        "Actual Rows": 117494,
                                                                        "Actual Loops": 1
                                                                    },
                                                                    {
                                                                        "Worker Number": 2,
                                                                        "Actual Startup Time": 0.12,
                                                                        "Actual Total Time": 89.814,
                                                                        "Actual Rows": 111662,
                                                                        "Actual Loops": 1
                                                                    },
                                                                    {
                                                                        "Worker Number": 3,
                                                                        "Actual Startup Time": 0.079,
                                                                        "Actual Total Time": 94.583,
                                                                        "Actual Rows": 110555,
                                                                        "Actual Loops": 1
                                                                    },
                                                                    {
                                                                        "Worker Number": 4,
                                                                        "Actual Startup Time": 0.083,
                                                                        "Actual Total Time": 92.286,
                                                                        "Actual Rows": 118017,
                                                                        "Actual Loops": 1
                                                                    },
                                                                    {
                                                                        "Worker Number": 5,
                                                                        "Actual Startup Time": 0.07,
                                                                        "Actual Total Time": 91.078,
                                                                        "Actual Rows": 148791,
                                                                        "Actual Loops": 1
                                                                    }
                                                                ]
                                                            }
                                                        ]
                                                    }
                                                ]
                                            }
                                        ]
                                    }
                                ]
                            }
                        ]
                    }
                ]
            }
        ]
    },
    "Planning Time": 1.755,
    "Triggers": [],
    "Execution Time": 1926.156
}