[
  {
    "Plan": {
      "Node Type": "Aggregate",
      "Strategy": "Plain",
      "Partial Mode": "Finalize",
      "Parallel Aware": false,
      "Startup Cost": 305986.92,
      "Total Cost": 305986.93,
      "Plan Rows": 1,
      "Plan Width": 8,
      "Actual Startup Time": 5220.467,
      "Actual Total Time": 5265.578,
      "Actual Rows": 1,
      "Actual Loops": 1,
      "Plans": [
        {
          "Node Type": "Gather",
          "Parent Relationship": "Outer",
          "Parallel Aware": false,
          "Startup Cost": 305986.4,
          "Total Cost": 305986.91,
          "Plan Rows": 5,
          "Plan Width": 8,
          "Actual Startup Time": 5202.974,
          "Actual Total Time": 5265.565,
          "Actual Rows": 6,
          "Actual Loops": 1,
          "Workers Planned": 5,
          "Workers Launched": 5,
          "Single Copy": false,
          "Plans": [
            {
              "Node Type": "Aggregate",
              "Strategy": "Plain",
              "Partial Mode": "Partial",
              "Parent Relationship": "Outer",
              "Parallel Aware": false,
              "Startup Cost": 304986.4,
              "Total Cost": 304986.41,
              "Plan Rows": 1,
              "Plan Width": 8,
              "Actual Startup Time": 5188.873,
              "Actual Total Time": 5189.481,
              "Actual Rows": 1,
              "Actual Loops": 6,
              "Plans": [
                {
                  "Node Type": "Hash Join",
                  "Parent Relationship": "Outer",
                  "Parallel Aware": true,
                  "Join Type": "Inner",
                  "Startup Cost": 94833.68,
                  "Total Cost": 301709.73,
                  "Plan Rows": 1310669,
                  "Plan Width": 0,
                  "Actual Startup Time": 535.978,
                  "Actual Total Time": 3713.102,
                  "Actual Rows": 35069453,
                  "Actual Loops": 6,
                  "Inner Unique": false,
                  "Hash Cond": "(mi.movie_id = t.id)",
                  "Plans": [
                    {
                      "Node Type": "Seq Scan",
                      "Parent Relationship": "Outer",
                      "Parallel Aware": true,
                      "Relation Name": "movie_info",
                      "Alias": "mi",
                      "Startup Cost": 0.0,
                      "Total Cost": 191560.33,
                      "Plan Rows": 2956733,
                      "Plan Width": 4,
                      "Actual Startup Time": 0.032,
                      "Actual Total Time": 291.121,
                      "Actual Rows": 2472620,
                      "Actual Loops": 6
                    },
                    {
                      "Node Type": "Hash",
                      "Parent Relationship": "Inner",
                      "Parallel Aware": true,
                      "Startup Cost": 90314.53,
                      "Total Cost": 90314.53,
                      "Plan Rows": 361532,
                      "Plan Width": 8,
                      "Actual Startup Time": 516.013,
                      "Actual Total Time": 516.619,
                      "Actual Rows": 474825,
                      "Actual Loops": 6,
                      "Hash Buckets": 4194304,
                      "Original Hash Buckets": 2097152,
                      "Hash Batches": 1,
                      "Original Hash Batches": 1,
                      "Peak Memory Usage": 160704,
                      "Plans": [
                        {
                          "Node Type": "Hash Join",
                          "Parent Relationship": "Outer",
                          "Parallel Aware": true,
                          "Join Type": "Inner",
                          "Startup Cost": 47436.45,
                          "Total Cost": 90314.53,
                          "Plan Rows": 361532,
                          "Plan Width": 8,
                          "Actual Startup Time": 161.009,
                          "Actual Total Time": 324.808,
                          "Actual Rows": 474825,
                          "Actual Loops": 6,
                          "Inner Unique": true,
                          "Hash Cond": "(mk.movie_id = t.id)",
                          "Plans": [
                            {
                              "Node Type": "Seq Scan",
                              "Parent Relationship": "Outer",
                              "Parallel Aware": true,
                              "Relation Name": "movie_keyword",
                              "Alias": "mk",
                              "Startup Cost": 0.0,
                              "Total Cost": 39047.32,
                              "Plan Rows": 1459332,
                              "Plan Width": 4,
                              "Actual Startup Time": 0.024,
                              "Actual Total Time": 69.698,
                              "Actual Rows": 753988,
                              "Actual Loops": 6
                            },
                            {
                              "Node Type": "Hash",
                              "Parent Relationship": "Inner",
                              "Parallel Aware": true,
                              "Startup Cost": 45479.1,
                              "Total Cost": 45479.1,
                              "Plan Rows": 156588,
                              "Plan Width": 4,
                              "Actual Startup Time": 131.832,
                              "Actual Total Time": 131.833,
                              "Actual Rows": 105715,
                              "Actual Loops": 6,
                              "Hash Buckets": 1048576,
                              "Original Hash Buckets": 1048576,
                              "Hash Batches": 1,
                              "Original Hash Batches": 1,
                              "Peak Memory Usage": 33120,
                              "Plans": [
                                {
                                  "Node Type": "Seq Scan",
                                  "Parent Relationship": "Outer",
                                  "Parallel Aware": true,
                                  "Relation Name": "title",
                                  "Alias": "t",
                                  "Startup Cost": 0.0,
                                  "Total Cost": 45479.1,
                                  "Plan Rows": 156588,
                                  "Plan Width": 4,
                                  "Actual Startup Time": 46.684,
                                  "Actual Total Time": 88.475,
                                  "Actual Rows": 105715,
                                  "Actual Loops": 6,
                                  "Filter": "((kind_id < 2) AND (production_year < 2013))",
                                  "Rows Removed by Filter": 315670
                                }
                              ]
                            }
                          ]
                        }
                      ]
                    }
                  ]
                }
              ]
            }
          ]
        }
      ]
    },
    "Planning Time": 1.355,
    "Triggers": [],
    "Execution Time": 5265.681
  }
]