[
  {
    "Plan": {
      "Node Type": "Aggregate",
      "Strategy": "Plain",
      "Partial Mode": "Finalize",
      "Parallel Aware": false,
      "Startup Cost": 341907.19,
      "Total Cost": 341907.2,
      "Plan Rows": 1,
      "Plan Width": 8,
      "Actual Startup Time": 811.855,
      "Actual Total Time": 872.056,
      "Actual Rows": 1,
      "Actual Loops": 1,
      "Plans": [
        {
          "Node Type": "Gather",
          "Parent Relationship": "Outer",
          "Parallel Aware": false,
          "Startup Cost": 341906.56,
          "Total Cost": 341907.17,
          "Plan Rows": 6,
          "Plan Width": 8,
          "Actual Startup Time": 811.732,
          "Actual Total Time": 872.046,
          "Actual Rows": 7,
          "Actual Loops": 1,
          "Workers Planned": 6,
          "Workers Launched": 6,
          "Single Copy": false,
          "Plans": [
            {
              "Node Type": "Aggregate",
              "Strategy": "Plain",
              "Partial Mode": "Partial",
              "Parent Relationship": "Outer",
              "Parallel Aware": false,
              "Startup Cost": 340906.56,
              "Total Cost": 340906.57,
              "Plan Rows": 1,
              "Plan Width": 8,
              "Actual Startup Time": 803.517,
              "Actual Total Time": 803.518,
              "Actual Rows": 1,
              "Actual Loops": 7,
              "Plans": [
                {
                  "Node Type": "Seq Scan",
                  "Parent Relationship": "Outer",
                  "Parallel Aware": true,
                  "Relation Name": "cast_info",
                  "Alias": "ci",
                  "Startup Cost": 0.0,
                  "Total Cost": 328162.03,
                  "Plan Rows": 5097815,
                  "Plan Width": 0,
                  "Actual Startup Time": 70.675,
                  "Actual Total Time": 628.154,
                  "Actual Rows": 4352278,
                  "Actual Loops": 7,
                  "Filter": "(person_id > 559524)",
                  "Rows Removed by Filter": 825486
                }
              ]
            }
          ]
        }
      ]
    },
    "Planning Time": 0.162,
    "Triggers": [],
    "Execution Time": 872.118
  }
]