[
  {
    "Plan": {
      "Node Type": "Aggregate",
      "Strategy": "Plain",
      "Partial Mode": "Finalize",
      "Parallel Aware": false,
      "Startup Cost": 67580.87,
      "Total Cost": 67580.88,
      "Plan Rows": 1,
      "Plan Width": 8,
      "Actual Startup Time": 139.242,
      "Actual Total Time": 152.246,
      "Actual Rows": 1,
      "Actual Loops": 1,
      "Plans": [
        {
          "Node Type": "Gather",
          "Parent Relationship": "Outer",
          "Parallel Aware": false,
          "Startup Cost": 67580.45,
          "Total Cost": 67580.86,
          "Plan Rows": 4,
          "Plan Width": 8,
          "Actual Startup Time": 138.088,
          "Actual Total Time": 152.238,
          "Actual Rows": 5,
          "Actual Loops": 1,
          "Workers Planned": 4,
          "Workers Launched": 4,
          "Single Copy": false,
          "Plans": [
            {
              "Node Type": "Aggregate",
              "Strategy": "Plain",
              "Partial Mode": "Partial",
              "Parent Relationship": "Outer",
              "Parallel Aware": false,
              "Startup Cost": 66580.45,
              "Total Cost": 66580.46,
              "Plan Rows": 1,
              "Plan Width": 8,
              "Actual Startup Time": 128.173,
              "Actual Total Time": 128.176,
              "Actual Rows": 1,
              "Actual Loops": 5,
              "Plans": [
                {
                  "Node Type": "Hash Join",
                  "Parent Relationship": "Outer",
                  "Parallel Aware": true,
                  "Join Type": "Inner",
                  "Startup Cost": 22515.83,
                  "Total Cost": 66578.33,
                  "Plan Rows": 846,
                  "Plan Width": 0,
                  "Actual Startup Time": 106.039,
                  "Actual Total Time": 128.041,
                  "Actual Rows": 1605,
                  "Actual Loops": 5,
                  "Inner Unique": false,
                  "Hash Cond": "(t.id = mc.movie_id)",
                  "Plans": [
                    {
                      "Node Type": "Seq Scan",
                      "Parent Relationship": "Outer",
                      "Parallel Aware": true,
                      "Relation Name": "title",
                      "Alias": "t",
                      "Startup Cost": 0.0,
                      "Total Cost": 43898.92,
                      "Plan Rows": 32172,
                      "Plan Width": 4,
                      "Actual Startup Time": 0.021,
                      "Actual Total Time": 71.23,
                      "Actual Rows": 25739,
                      "Actual Loops": 5,
                      "Filter": "(production_year = 2009)",
                      "Rows Removed by Filter": 479923
                    },
                    {
                      "Node Type": "Hash",
                      "Parent Relationship": "Inner",
                      "Parallel Aware": true,
                      "Startup Cost": 22247.6,
                      "Total Cost": 22247.6,
                      "Plan Rows": 21458,
                      "Plan Width": 4,
                      "Actual Startup Time": 45.893,
                      "Actual Total Time": 45.895,
                      "Actual Rows": 25387,
                      "Actual Loops": 5,
                      "Hash Buckets": 131072,
                      "Original Hash Buckets": 131072,
                      "Hash Batches": 1,
                      "Original Hash Batches": 1,
                      "Peak Memory Usage": 6080,
                      "Plans": [
                        {
                          "Node Type": "Bitmap Heap Scan",
                          "Parent Relationship": "Outer",
                          "Parallel Aware": true,
                          "Relation Name": "movie_companies",
                          "Alias": "mc",
                          "Startup Cost": 2823.66,
                          "Total Cost": 22247.6,
                          "Plan Rows": 21458,
                          "Plan Width": 4,
                          "Actual Startup Time": 10.295,
                          "Actual Total Time": 32.495,
                          "Actual Rows": 25387,
                          "Actual Loops": 5,
                          "Recheck Cond": "(company_id > 142766)",
                          "Rows Removed by Index Recheck": 0,
                          "Filter": "(company_type_id > 1)",
                          "Rows Removed by Filter": 0,
                          "Exact Heap Blocks": 1544,
                          "Lossy Heap Blocks": 0,
                          "Plans": [
                            {
                              "Node Type": "Bitmap Index Scan",
                              "Parent Relationship": "Outer",
                              "Parallel Aware": false,
                              "Index Name": "company_id_movie_companies",
                              "Startup Cost": 0.0,
                              "Total Cost": 2807.03,
                              "Plan Rows": 131014,
                              "Plan Width": 0,
                              "Actual Startup Time": 13.857,
                              "Actual Total Time": 13.857,
                              "Actual Rows": 126936,
                              "Actual Loops": 1,
                              "Index Cond": "(company_id > 142766)"
                            }
                          ]
                        }
                      ]
                    }
                  ]
                }
              ]
            }
          ]
        }
      ]
    },
    "Planning Time": 0.695,
    "Triggers": [],
    "Execution Time": 152.34
  }
]