[
  {
    "Plan": {
      "Node Type": "Aggregate",
      "Strategy": "Plain",
      "Partial Mode": "Finalize",
      "Parallel Aware": false,
      "Startup Cost": 92114.77,
      "Total Cost": 92114.78,
      "Plan Rows": 1,
      "Plan Width": 8,
      "Actual Startup Time": 430.112,
      "Actual Total Time": 446.583,
      "Actual Rows": 1,
      "Actual Loops": 1,
      "Plans": [
        {
          "Node Type": "Gather",
          "Parent Relationship": "Outer",
          "Parallel Aware": false,
          "Startup Cost": 92114.45,
          "Total Cost": 92114.76,
          "Plan Rows": 3,
          "Plan Width": 8,
          "Actual Startup Time": 427.319,
          "Actual Total Time": 446.56,
          "Actual Rows": 4,
          "Actual Loops": 1,
          "Workers Planned": 3,
          "Workers Launched": 3,
          "Single Copy": false,
          "Plans": [
            {
              "Node Type": "Aggregate",
              "Strategy": "Plain",
              "Partial Mode": "Partial",
              "Parent Relationship": "Outer",
              "Parallel Aware": false,
              "Startup Cost": 91114.45,
              "Total Cost": 91114.46,
              "Plan Rows": 1,
              "Plan Width": 8,
              "Actual Startup Time": 418.834,
              "Actual Total Time": 418.837,
              "Actual Rows": 1,
              "Actual Loops": 4,
              "Plans": [
                {
                  "Node Type": "Hash Join",
                  "Parent Relationship": "Outer",
                  "Parallel Aware": true,
                  "Join Type": "Inner",
                  "Startup Cost": 47365.55,
                  "Total Cost": 90243.63,
                  "Plan Rows": 348328,
                  "Plan Width": 0,
                  "Actual Startup Time": 189.049,
                  "Actual Total Time": 391.21,
                  "Actual Rows": 605202,
                  "Actual Loops": 4,
                  "Inner Unique": true,
                  "Hash Cond": "(mk.movie_id = t.id)",
                  "Plans": [
                    {
                      "Node Type": "Seq Scan",
                      "Parent Relationship": "Outer",
                      "Parallel Aware": true,
                      "Relation Name": "movie_keyword",
                      "Alias": "mk",
                      "Startup Cost": 0.0,
                      "Total Cost": 39047.32,
                      "Plan Rows": 1459332,
                      "Plan Width": 4,
                      "Actual Startup Time": 0.025,
                      "Actual Total Time": 90.373,
                      "Actual Rows": 1130982,
                      "Actual Loops": 4
                    },
                    {
                      "Node Type": "Hash",
                      "Parent Relationship": "Inner",
                      "Parallel Aware": true,
                      "Startup Cost": 45479.59,
                      "Total Cost": 45479.59,
                      "Plan Rows": 150877,
                      "Plan Width": 4,
                      "Actual Startup Time": 147.529,
                      "Actual Total Time": 147.53,
                      "Actual Rows": 125398,
                      "Actual Loops": 4,
                      "Hash Buckets": 1048576,
                      "Original Hash Buckets": 1048576,
                      "Hash Batches": 1,
                      "Original Hash Batches": 1,
                      "Peak Memory Usage": 27872,
                      "Plans": [
                        {
                          "Node Type": "Seq Scan",
                          "Parent Relationship": "Outer",
                          "Parallel Aware": true,
                          "Relation Name": "title",
                          "Alias": "t",
                          "Startup Cost": 0.0,
                          "Total Cost": 45479.59,
                          "Plan Rows": 150877,
                          "Plan Width": 4,
                          "Actual Startup Time": 45.043,
                          "Actual Total Time": 105.101,
                          "Actual Rows": 125398,
                          "Actual Loops": 4,
                          "Filter": "((production_year > 1946) AND (kind_id = 1))",
                          "Rows Removed by Filter": 506680
                        }
                      ]
                    }
                  ]
                }
              ]
            }
          ]
        }
      ]
    },
    "Planning Time": 0.232,
    "Triggers": [],
    "Execution Time": 446.615
  }
]