[
    {
        "Bao": {
            "Bao prediction": "NaN",
            "Bao recommended hint": "(no hint)"
        }
    },
    {
        "Plan": {
            "Node Type": "Aggregate",
            "Strategy": "Plain",
            "Partial Mode": "Finalize",
            "Parallel Aware": false,
            "Startup Cost": 32965.23,
            "Total Cost": 32965.24,
            "Plan Rows": 1,
            "Plan Width": 8,
            "Actual Startup Time": 99.161,
            "Actual Total Time": 109.845,
            "Actual Rows": 1,
            "Actual Loops": 1,
            "Output": [
                "count(*)"
            ],
            "Plans": [
                {
                    "Node Type": "Gather",
                    "Parent Relationship": "Outer",
                    "Parallel Aware": false,
                    "Startup Cost": 32964.91,
                    "Total Cost": 32965.22,
                    "Plan Rows": 3,
                    "Plan Width": 8,
                    "Actual Startup Time": 99.105,
                    "Actual Total Time": 109.838,
                    "Actual Rows": 4,
                    "Actual Loops": 1,
                    "Output": [
                        "(PARTIAL count(*))"
                    ],
                    "Workers Planned": 3,
                    "Workers Launched": 3,
                    "Single Copy": false,
                    "Plans": [
                        {
                            "Node Type": "Aggregate",
                            "Strategy": "Plain",
                            "Partial Mode": "Partial",
                            "Parent Relationship": "Outer",
                            "Parallel Aware": false,
                            "Startup Cost": 31964.91,
                            "Total Cost": 31964.92,
                            "Plan Rows": 1,
                            "Plan Width": 8,
                            "Actual Startup Time": 90.975,
                            "Actual Total Time": 90.976,
                            "Actual Rows": 1,
                            "Actual Loops": 4,
                            "Output": [
                                "PARTIAL count(*)"
                            ],
                            "Workers": [
                                {
                                    "Worker Number": 0,
                                    "Actual Startup Time": 87.97,
                                    "Actual Total Time": 87.971,
                                    "Actual Rows": 1,
                                    "Actual Loops": 1
                                },
                                {
                                    "Worker Number": 1,
                                    "Actual Startup Time": 88.411,
                                    "Actual Total Time": 88.412,
                                    "Actual Rows": 1,
                                    "Actual Loops": 1
                                },
                                {
                                    "Worker Number": 2,
                                    "Actual Startup Time": 88.753,
                                    "Actual Total Time": 88.754,
                                    "Actual Rows": 1,
                                    "Actual Loops": 1
                                }
                            ],
                            "Plans": [
                                {
                                    "Node Type": "Seq Scan",
                                    "Parent Relationship": "Outer",
                                    "Parallel Aware": true,
                                    "Relation Name": "movie_companies",
                                    "Schema": "public",
                                    "Alias": "mc",
                                    "Startup Cost": 0.0,
                                    "Total Cost": 31414.82,
                                    "Plan Rows": 220038,
                                    "Plan Width": 0,
                                    "Actual Startup Time": 47.807,
                                    "Actual Total Time": 84.812,
                                    "Actual Rows": 109107,
                                    "Actual Loops": 4,
                                    "Output": [
                                        "id",
                                        "movie_id",
                                        "company_id",
                                        "company_type_id",
                                        "note"
                                    ],
                                    "Filter": "((mc.company_id < 11416) AND (mc.company_type_id = 2))",
                                    "Rows Removed by Filter": 543176,
                                    "Workers": [
                                        {
                                            "Worker Number": 0,
                                            "Actual Startup Time": 44.8,
                                            "Actual Total Time": 82.203,
                                            "Actual Rows": 138447,
                                            "Actual Loops": 1
                                        },
                                        {
                                            "Worker Number": 1,
                                            "Actual Startup Time": 45.243,
                                            "Actual Total Time": 82.44,
                                            "Actual Rows": 137512,
                                            "Actual Loops": 1
                                        },
                                        {
                                            "Worker Number": 2,
                                            "Actual Startup Time": 45.59,
                                            "Actual Total Time": 82.799,
                                            "Actual Rows": 88164,
                                            "Actual Loops": 1
                                        }
                                    ]
                                }
                            ]
                        }
                    ]
                }
            ]
        },
        "Planning Time": 200.263,
        "Triggers": [],
        "Execution Time": 109.903
    }
]