[
  {
    "Plan": {
      "Node Type": "Aggregate",
      "Strategy": "Plain",
      "Partial Mode": "Finalize",
      "Parallel Aware": false,
      "Startup Cost": 94652.27,
      "Total Cost": 94652.28,
      "Plan Rows": 1,
      "Plan Width": 8,
      "Actual Startup Time": 577.964,
      "Actual Total Time": 593.777,
      "Actual Rows": 1,
      "Actual Loops": 1,
      "Plans": [
        {
          "Node Type": "Gather",
          "Parent Relationship": "Outer",
          "Parallel Aware": false,
          "Startup Cost": 94652.06,
          "Total Cost": 94652.27,
          "Plan Rows": 2,
          "Plan Width": 8,
          "Actual Startup Time": 571.751,
          "Actual Total Time": 593.77,
          "Actual Rows": 3,
          "Actual Loops": 1,
          "Workers Planned": 2,
          "Workers Launched": 2,
          "Single Copy": false,
          "Plans": [
            {
              "Node Type": "Aggregate",
              "Strategy": "Plain",
              "Partial Mode": "Partial",
              "Parent Relationship": "Outer",
              "Parallel Aware": false,
              "Startup Cost": 93652.06,
              "Total Cost": 93652.07,
              "Plan Rows": 1,
              "Plan Width": 8,
              "Actual Startup Time": 561.75,
              "Actual Total Time": 561.756,
              "Actual Rows": 1,
              "Actual Loops": 3,
              "Plans": [
                {
                  "Node Type": "Hash Join",
                  "Parent Relationship": "Outer",
                  "Parallel Aware": true,
                  "Join Type": "Inner",
                  "Startup Cost": 77680.72,
                  "Total Cost": 93595.34,
                  "Plan Rows": 22685,
                  "Plan Width": 0,
                  "Actual Startup Time": 469.587,
                  "Actual Total Time": 558.202,
                  "Actual Rows": 71208,
                  "Actual Loops": 3,
                  "Inner Unique": false,
                  "Hash Cond": "(mi_idx.movie_id = t.id)",
                  "Plans": [
                    {
                      "Node Type": "Seq Scan",
                      "Parent Relationship": "Outer",
                      "Parallel Aware": true,
                      "Relation Name": "movie_info_idx",
                      "Alias": "mi_idx",
                      "Startup Cost": 0.0,
                      "Total Cost": 13685.15,
                      "Plan Rows": 575015,
                      "Plan Width": 4,
                      "Actual Startup Time": 0.014,
                      "Actual Total Time": 37.868,
                      "Actual Rows": 460012,
                      "Actual Loops": 3
                    },
                    {
                      "Node Type": "Hash",
                      "Parent Relationship": "Inner",
                      "Parallel Aware": true,
                      "Startup Cost": 77278.52,
                      "Total Cost": 77278.52,
                      "Plan Rows": 32176,
                      "Plan Width": 8,
                      "Actual Startup Time": 468.792,
                      "Actual Total Time": 468.797,
                      "Actual Rows": 34819,
                      "Actual Loops": 3,
                      "Hash Buckets": 131072,
                      "Original Hash Buckets": 131072,
                      "Hash Batches": 1,
                      "Original Hash Batches": 1,
                      "Peak Memory Usage": 5152,
                      "Plans": [
                        {
                          "Node Type": "Hash Join",
                          "Parent Relationship": "Outer",
                          "Parallel Aware": true,
                          "Join Type": "Inner",
                          "Startup Cost": 52337.85,
                          "Total Cost": 77278.52,
                          "Plan Rows": 32176,
                          "Plan Width": 8,
                          "Actual Startup Time": 407.918,
                          "Actual Total Time": 459.672,
                          "Actual Rows": 34819,
                          "Actual Loops": 3,
                          "Inner Unique": true,
                          "Hash Cond": "(mk.movie_id = t.id)",
                          "Plans": [
                            {
                              "Node Type": "Bitmap Heap Scan",
                              "Parent Relationship": "Outer",
                              "Parallel Aware": true,
                              "Relation Name": "movie_keyword",
                              "Alias": "mk",
                              "Startup Cost": 2117.47,
                              "Total Cost": 26973.68,
                              "Plan Rows": 32176,
                              "Plan Width": 4,
                              "Actual Startup Time": 10.314,
                              "Actual Total Time": 41.718,
                              "Actual Rows": 34819,
                              "Actual Loops": 3,
                              "Recheck Cond": "(keyword_id < 107)",
                              "Rows Removed by Index Recheck": 0,
                              "Exact Heap Blocks": 10820,
                              "Lossy Heap Blocks": 0,
                              "Plans": [
                                {
                                  "Node Type": "Bitmap Index Scan",
                                  "Parent Relationship": "Outer",
                                  "Parallel Aware": false,
                                  "Index Name": "keyword_id_movie_keyword",
                                  "Startup Cost": 0.0,
                                  "Total Cost": 2092.53,
                                  "Plan Rows": 99747,
                                  "Plan Width": 0,
                                  "Actual Startup Time": 7.15,
                                  "Actual Total Time": 7.15,
                                  "Actual Rows": 104458,
                                  "Actual Loops": 1,
                                  "Index Cond": "(keyword_id < 107)"
                                }
                              ]
                            },
                            {
                              "Node Type": "Hash",
                              "Parent Relationship": "Inner",
                              "Parallel Aware": true,
                              "Startup Cost": 42319.06,
                              "Total Cost": 42319.06,
                              "Plan Rows": 632106,
                              "Plan Width": 4,
                              "Actual Startup Time": 389.297,
                              "Actual Total Time": 389.298,
                              "Actual Rows": 842771,
                              "Actual Loops": 3,
                              "Hash Buckets": 4194304,
                              "Original Hash Buckets": 4194304,
                              "Hash Batches": 1,
                              "Original Hash Batches": 1,
                              "Peak Memory Usage": 131744,
                              "Plans": [
                                {
                                  "Node Type": "Seq Scan",
                                  "Parent Relationship": "Outer",
                                  "Parallel Aware": true,
                                  "Relation Name": "title",
                                  "Alias": "t",
                                  "Startup Cost": 0.0,
                                  "Total Cost": 42319.06,
                                  "Plan Rows": 632106,
                                  "Plan Width": 4,
                                  "Actual Startup Time": 0.025,
                                  "Actual Total Time": 123.453,
                                  "Actual Rows": 842771,
                                  "Actual Loops": 3
                                }
                              ]
                            }
                          ]
                        }
                      ]
                    }
                  ]
                }
              ]
            }
          ]
        }
      ]
    },
    "Planning Time": 0.37,
    "Triggers": [],
    "Execution Time": 593.83
  }
]