[
  {
    "Plan": {
      "Node Type": "Aggregate",
      "Strategy": "Plain",
      "Partial Mode": "Finalize",
      "Parallel Aware": false,
      "Startup Cost": 94071.08,
      "Total Cost": 94071.09,
      "Plan Rows": 1,
      "Plan Width": 8,
      "Actual Startup Time": 513.759,
      "Actual Total Time": 545.223,
      "Actual Rows": 1,
      "Actual Loops": 1,
      "Plans": [
        {
          "Node Type": "Gather",
          "Parent Relationship": "Outer",
          "Parallel Aware": false,
          "Startup Cost": 94070.77,
          "Total Cost": 94071.08,
          "Plan Rows": 3,
          "Plan Width": 8,
          "Actual Startup Time": 503.678,
          "Actual Total Time": 545.213,
          "Actual Rows": 4,
          "Actual Loops": 1,
          "Workers Planned": 3,
          "Workers Launched": 3,
          "Single Copy": false,
          "Plans": [
            {
              "Node Type": "Aggregate",
              "Strategy": "Plain",
              "Partial Mode": "Partial",
              "Parent Relationship": "Outer",
              "Parallel Aware": false,
              "Startup Cost": 93070.77,
              "Total Cost": 93070.78,
              "Plan Rows": 1,
              "Plan Width": 8,
              "Actual Startup Time": 484.928,
              "Actual Total Time": 484.932,
              "Actual Rows": 1,
              "Actual Loops": 4,
              "Plans": [
                {
                  "Node Type": "Nested Loop",
                  "Parent Relationship": "Outer",
                  "Parallel Aware": false,
                  "Join Type": "Inner",
                  "Startup Cost": 52191.43,
                  "Total Cost": 93029.93,
                  "Plan Rows": 16334,
                  "Plan Width": 0,
                  "Actual Startup Time": 348.029,
                  "Actual Total Time": 481.933,
                  "Actual Rows": 53406,
                  "Actual Loops": 4,
                  "Inner Unique": false,
                  "Plans": [
                    {
                      "Node Type": "Hash Join",
                      "Parent Relationship": "Outer",
                      "Parallel Aware": true,
                      "Join Type": "Inner",
                      "Startup Cost": 52191.01,
                      "Total Cost": 77097.61,
                      "Plan Rows": 29924,
                      "Plan Width": 8,
                      "Actual Startup Time": 347.884,
                      "Actual Total Time": 397.561,
                      "Actual Rows": 26114,
                      "Actual Loops": 4,
                      "Inner Unique": true,
                      "Hash Cond": "(mk.movie_id = t.id)",
                      "Plans": [
                        {
                          "Node Type": "Bitmap Heap Scan",
                          "Parent Relationship": "Outer",
                          "Parallel Aware": true,
                          "Relation Name": "movie_keyword",
                          "Alias": "mk",
                          "Startup Cost": 1971.36,
                          "Total Cost": 26799.41,
                          "Plan Rows": 29924,
                          "Plan Width": 4,
                          "Actual Startup Time": 9.373,
                          "Actual Total Time": 39.416,
                          "Actual Rows": 26114,
                          "Actual Loops": 4,
                          "Recheck Cond": "(keyword_id < 107)",
                          "Rows Removed by Index Recheck": 0,
                          "Exact Heap Blocks": 7905,
                          "Lossy Heap Blocks": 0,
                          "Plans": [
                            {
                              "Node Type": "Bitmap Index Scan",
                              "Parent Relationship": "Outer",
                              "Parallel Aware": false,
                              "Index Name": "keyword_id_movie_keyword",
                              "Startup Cost": 0.0,
                              "Total Cost": 1948.17,
                              "Plan Rows": 92765,
                              "Plan Width": 0,
                              "Actual Startup Time": 6.159,
                              "Actual Total Time": 6.16,
                              "Actual Rows": 104458,
                              "Actual Loops": 1,
                              "Index Cond": "(keyword_id < 107)"
                            }
                          ]
                        },
                        {
                          "Node Type": "Hash",
                          "Parent Relationship": "Inner",
                          "Parallel Aware": true,
                          "Startup Cost": 42318.73,
                          "Total Cost": 42318.73,
                          "Plan Rows": 632073,
                          "Plan Width": 4,
                          "Actual Startup Time": 327.192,
                          "Actual Total Time": 327.193,
                          "Actual Rows": 632078,
                          "Actual Loops": 4,
                          "Hash Buckets": 4194304,
                          "Original Hash Buckets": 4194304,
                          "Hash Batches": 1,
                          "Original Hash Batches": 1,
                          "Peak Memory Usage": 131744,
                          "Plans": [
                            {
                              "Node Type": "Seq Scan",
                              "Parent Relationship": "Outer",
                              "Parallel Aware": true,
                              "Relation Name": "title",
                              "Alias": "t",
                              "Startup Cost": 0.0,
                              "Total Cost": 42318.73,
                              "Plan Rows": 632073,
                              "Plan Width": 4,
                              "Actual Startup Time": 0.042,
                              "Actual Total Time": 100.373,
                              "Actual Rows": 632078,
                              "Actual Loops": 4
                            }
                          ]
                        }
                      ]
                    },
                    {
                      "Node Type": "Index Only Scan",
                      "Parent Relationship": "Inner",
                      "Parallel Aware": false,
                      "Scan Direction": "Forward",
                      "Index Name": "movie_id_movie_info_idx",
                      "Relation Name": "movie_info_idx",
                      "Alias": "mi_idx",
                      "Startup Cost": 0.43,
                      "Total Cost": 0.5,
                      "Plan Rows": 3,
                      "Plan Width": 4,
                      "Actual Startup Time": 0.002,
                      "Actual Total Time": 0.003,
                      "Actual Rows": 2,
                      "Actual Loops": 104458,
                      "Index Cond": "(movie_id = t.id)",
                      "Rows Removed by Index Recheck": 0,
                      "Heap Fetches": 213624
                    }
                  ]
                }
              ]
            }
          ]
        }
      ]
    },
    "Planning Time": 1.338,
    "Triggers": [],
    "Execution Time": 545.33
  }
]