[
  {
    "Plan": {
      "Node Type": "Aggregate",
      "Strategy": "Plain",
      "Partial Mode": "Finalize",
      "Parallel Aware": false,
      "Startup Cost": 69355.41,
      "Total Cost": 69355.42,
      "Plan Rows": 1,
      "Plan Width": 8,
      "Actual Startup Time": 124.01,
      "Actual Total Time": 137.965,
      "Actual Rows": 1,
      "Actual Loops": 1,
      "Plans": [
        {
          "Node Type": "Gather",
          "Parent Relationship": "Outer",
          "Parallel Aware": false,
          "Startup Cost": 69354.99,
          "Total Cost": 69355.4,
          "Plan Rows": 4,
          "Plan Width": 8,
          "Actual Startup Time": 123.906,
          "Actual Total Time": 137.958,
          "Actual Rows": 5,
          "Actual Loops": 1,
          "Workers Planned": 4,
          "Workers Launched": 4,
          "Single Copy": false,
          "Plans": [
            {
              "Node Type": "Aggregate",
              "Strategy": "Plain",
              "Partial Mode": "Partial",
              "Parent Relationship": "Outer",
              "Parallel Aware": false,
              "Startup Cost": 68354.99,
              "Total Cost": 68355.0,
              "Plan Rows": 1,
              "Plan Width": 8,
              "Actual Startup Time": 114.289,
              "Actual Total Time": 114.29,
              "Actual Rows": 1,
              "Actual Loops": 5,
              "Plans": [
                {
                  "Node Type": "Nested Loop",
                  "Parent Relationship": "Outer",
                  "Parallel Aware": false,
                  "Join Type": "Inner",
                  "Startup Cost": 0.43,
                  "Total Cost": 68352.12,
                  "Plan Rows": 1149,
                  "Plan Width": 0,
                  "Actual Startup Time": 58.131,
                  "Actual Total Time": 113.504,
                  "Actual Rows": 9422,
                  "Actual Loops": 5,
                  "Inner Unique": false,
                  "Plans": [
                    {
                      "Node Type": "Seq Scan",
                      "Parent Relationship": "Outer",
                      "Parallel Aware": true,
                      "Relation Name": "title",
                      "Alias": "t",
                      "Startup Cost": 0.0,
                      "Total Cost": 45479.1,
                      "Plan Rows": 1998,
                      "Plan Width": 4,
                      "Actual Startup Time": 58.037,
                      "Actual Total Time": 82.951,
                      "Actual Rows": 4901,
                      "Actual Loops": 5,
                      "Filter": "((kind_id < 7) AND (production_year < 1910))",
                      "Rows Removed by Filter": 500761
                    },
                    {
                      "Node Type": "Index Scan",
                      "Parent Relationship": "Inner",
                      "Parallel Aware": false,
                      "Scan Direction": "Forward",
                      "Index Name": "movie_id_movie_companies",
                      "Relation Name": "movie_companies",
                      "Alias": "mc",
                      "Startup Cost": 0.43,
                      "Total Cost": 11.42,
                      "Plan Rows": 3,
                      "Plan Width": 4,
                      "Actual Startup Time": 0.005,
                      "Actual Total Time": 0.006,
                      "Actual Rows": 2,
                      "Actual Loops": 24507,
                      "Index Cond": "(movie_id = t.id)",
                      "Rows Removed by Index Recheck": 0,
                      "Filter": "(company_id > 9097)",
                      "Rows Removed by Filter": 0
                    }
                  ]
                }
              ]
            }
          ]
        }
      ]
    },
    "Planning Time": 0.582,
    "Triggers": [],
    "Execution Time": 138.029
  }
]