[
  {
    "Plan": {
      "Node Type": "Aggregate",
      "Strategy": "Plain",
      "Partial Mode": "Finalize",
      "Parallel Aware": false,
      "Startup Cost": 328202.93,
      "Total Cost": 328202.94,
      "Plan Rows": 1,
      "Plan Width": 8,
      "Actual Startup Time": 322.068,
      "Actual Total Time": 379.44,
      "Actual Rows": 1,
      "Actual Loops": 1,
      "Plans": [
        {
          "Node Type": "Gather",
          "Parent Relationship": "Outer",
          "Parallel Aware": false,
          "Startup Cost": 328202.51,
          "Total Cost": 328202.92,
          "Plan Rows": 4,
          "Plan Width": 8,
          "Actual Startup Time": 321.77,
          "Actual Total Time": 379.432,
          "Actual Rows": 5,
          "Actual Loops": 1,
          "Workers Planned": 4,
          "Workers Launched": 4,
          "Single Copy": false,
          "Plans": [
            {
              "Node Type": "Aggregate",
              "Strategy": "Plain",
              "Partial Mode": "Partial",
              "Parent Relationship": "Outer",
              "Parallel Aware": false,
              "Startup Cost": 327202.51,
              "Total Cost": 327202.52,
              "Plan Rows": 1,
              "Plan Width": 8,
              "Actual Startup Time": 311.875,
              "Actual Total Time": 311.877,
              "Actual Rows": 1,
              "Actual Loops": 5,
              "Plans": [
                {
                  "Node Type": "Nested Loop",
                  "Parent Relationship": "Outer",
                  "Parallel Aware": false,
                  "Join Type": "Inner",
                  "Startup Cost": 0.56,
                  "Total Cost": 327132.63,
                  "Plan Rows": 27954,
                  "Plan Width": 0,
                  "Actual Startup Time": 1.422,
                  "Actual Total Time": 309.865,
                  "Actual Rows": 20596,
                  "Actual Loops": 5,
                  "Inner Unique": false,
                  "Plans": [
                    {
                      "Node Type": "Seq Scan",
                      "Parent Relationship": "Outer",
                      "Parallel Aware": true,
                      "Relation Name": "title",
                      "Alias": "t",
                      "Startup Cost": 0.0,
                      "Total Cost": 45479.1,
                      "Plan Rows": 5665,
                      "Plan Width": 4,
                      "Actual Startup Time": 0.206,
                      "Actual Total Time": 70.293,
                      "Actual Rows": 3442,
                      "Actual Loops": 5,
                      "Filter": "((kind_id < 4) AND (production_year = 2003))",
                      "Rows Removed by Filter": 502221
                    },
                    {
                      "Node Type": "Index Scan",
                      "Parent Relationship": "Inner",
                      "Parallel Aware": false,
                      "Scan Direction": "Forward",
                      "Index Name": "movie_id_cast_info",
                      "Relation Name": "cast_info",
                      "Alias": "ci",
                      "Startup Cost": 0.56,
                      "Total Cost": 49.59,
                      "Plan Rows": 13,
                      "Plan Width": 4,
                      "Actual Startup Time": 0.017,
                      "Actual Total Time": 0.068,
                      "Actual Rows": 6,
                      "Actual Loops": 17208,
                      "Index Cond": "(movie_id = t.id)",
                      "Rows Removed by Index Recheck": 0,
                      "Filter": "(role_id = 1)",
                      "Rows Removed by Filter": 13
                    }
                  ]
                }
              ]
            }
          ]
        }
      ]
    },
    "Planning Time": 0.631,
    "Triggers": [],
    "Execution Time": 379.535
  }
]