{
  "Plan": {
    "Node Type": "Aggregate",
    "Strategy": "Plain",
    "Partial Mode": "Simple",
    "Parallel Aware": false,
    "Startup Cost": 621624.69,
    "Total Cost": 621624.7,
    "Plan Rows": 1,
    "Plan Width": 128,
    "Actual Startup Time": 2129.789,
    "Actual Total Time": 2136.445,
    "Actual Rows": 1,
    "Actual Loops": 1,
    "Plans": [
      {
        "Node Type": "Hash Join",
        "Parent Relationship": "Outer",
        "Parallel Aware": false,
        "Join Type": "Inner",
        "Startup Cost": 597835.21,
        "Total Cost": 621624.68,
        "Plan Rows": 1,
        "Plan Width": 64,
        "Actual Startup Time": 2026.54,
        "Actual Total Time": 2136.408,
        "Actual Rows": 40,
        "Actual Loops": 1,
        "Inner Unique": false,
        "Hash Cond": "(an.person_id = n.id)",
        "Plans": [
          {
            "Node Type": "Seq Scan",
            "Parent Relationship": "Outer",
            "Parallel Aware": false,
            "Relation Name": "aka_name",
            "Alias": "an",
            "Startup Cost": 0.0,
            "Total Cost": 20409.43,
            "Plan Rows": 901343,
            "Plan Width": 20,
            "Actual Startup Time": 0.049,
            "Actual Total Time": 83.342,
            "Actual Rows": 901343,
            "Actual Loops": 1
          },
          {
            "Node Type": "Hash",
            "Parent Relationship": "Inner",
            "Parallel Aware": false,
            "Startup Cost": 597835.19,
            "Total Cost": 597835.19,
            "Plan Rows": 1,
            "Plan Width": 56,
            "Actual Startup Time": 1991.918,
            "Actual Total Time": 1998.571,
            "Actual Rows": 30,
            "Actual Loops": 1,
            "Hash Buckets": 1024,
            "Original Hash Buckets": 1024,
            "Hash Batches": 1,
            "Original Hash Batches": 1,
            "Peak Memory Usage": 11,
            "Plans": [
              {
                "Node Type": "Hash Join",
                "Parent Relationship": "Outer",
                "Parallel Aware": false,
                "Join Type": "Inner",
                "Startup Cost": 521970.52,
                "Total Cost": 597835.19,
                "Plan Rows": 1,
                "Plan Width": 56,
                "Actual Startup Time": 1730.531,
                "Actual Total Time": 1998.517,
                "Actual Rows": 30,
                "Actual Loops": 1,
                "Inner Unique": false,
                "Hash Cond": "(t.id = ci.movie_id)",
                "Plans": [
                  {
                    "Node Type": "Seq Scan",
                    "Parent Relationship": "Outer",
                    "Parallel Aware": false,
                    "Relation Name": "title",
                    "Alias": "t",
                    "Startup Cost": 0.0,
                    "Total Cost": 73925.64,
                    "Plan Rows": 517073,
                    "Plan Width": 21,
                    "Actual Startup Time": 0.048,
                    "Actual Total Time": 283.587,
                    "Actual Rows": 512825,
                    "Actual Loops": 1,
                    "Filter": "((production_year >= 2007) AND (production_year <= 2010))",
                    "Rows Removed by Filter": 2015487
                  },
                  {
                    "Node Type": "Hash",
                    "Parent Relationship": "Inner",
                    "Parallel Aware": false,
                    "Startup Cost": 521970.51,
                    "Total Cost": 521970.51,
                    "Plan Rows": 1,
                    "Plan Width": 47,
                    "Actual Startup Time": 1679.192,
                    "Actual Total Time": 1685.844,
                    "Actual Rows": 75,
                    "Actual Loops": 1,
                    "Hash Buckets": 1024,
                    "Original Hash Buckets": 1024,
                    "Hash Batches": 1,
                    "Original Hash Batches": 1,
                    "Peak Memory Usage": 14,
                    "Plans": [
                      {
                        "Node Type": "Hash Join",
                        "Parent Relationship": "Outer",
                        "Parallel Aware": false,
                        "Join Type": "Inner",
                        "Startup Cost": 515715.8,
                        "Total Cost": 521970.51,
                        "Plan Rows": 1,
                        "Plan Width": 47,
                        "Actual Startup Time": 1648.421,
                        "Actual Total Time": 1685.796,
                        "Actual Rows": 75,
                        "Actual Loops": 1,
                        "Inner Unique": false,
                        "Hash Cond": "(cn.id = mc.company_id)",
                        "Plans": [
                          {
                            "Node Type": "Seq Scan",
                            "Parent Relationship": "Outer",
                            "Parallel Aware": false,
                            "Relation Name": "company_name",
                            "Alias": "cn",
                            "Startup Cost": 0.0,
                            "Total Cost": 5932.46,
                            "Plan Rows": 85931,
                            "Plan Width": 4,
                            "Actual Startup Time": 0.049,
                            "Actual Total Time": 26.82,
                            "Actual Rows": 84843,
                            "Actual Loops": 1,
                            "Filter": "((country_code)::text = '[us]'::text)",
                            "Rows Removed by Filter": 150154
                          },
                          {
                            "Node Type": "Hash",
                            "Parent Relationship": "Inner",
                            "Parallel Aware": false,
                            "Startup Cost": 515715.79,
                            "Total Cost": 515715.79,
                            "Plan Rows": 1,
                            "Plan Width": 51,
                            "Actual Startup Time": 1647.734,
                            "Actual Total Time": 1654.382,
                            "Actual Rows": 76,
                            "Actual Loops": 1,
                            "Hash Buckets": 1024,
                            "Original Hash Buckets": 1024,
                            "Hash Batches": 1,
                            "Original Hash Batches": 1,
                            "Peak Memory Usage": 15,
                            "Plans": [
                              {
                                "Node Type": "Hash Join",
                                "Parent Relationship": "Outer",
                                "Parallel Aware": false,
                                "Join Type": "Inner",
                                "Startup Cost": 436089.31,
                                "Total Cost": 515715.79,
                                "Plan Rows": 1,
                                "Plan Width": 51,
                                "Actual Startup Time": 1198.891,
                                "Actual Total Time": 1654.264,
                                "Actual Rows": 76,
                                "Actual Loops": 1,
                                "Inner Unique": false,
                                "Hash Cond": "(chn.id = ci.person_role_id)",
                                "Plans": [
                                  {
                                    "Node Type": "Seq Scan",
                                    "Parent Relationship": "Outer",
                                    "Parallel Aware": false,
                                    "Relation Name": "char_name",
                                    "Alias": "chn",
                                    "Startup Cost": 0.0,
                                    "Total Cost": 67850.52,
                                    "Plan Rows": 3140252,
                                    "Plan Width": 20,
                                    "Actual Startup Time": 0.032,
                                    "Actual Total Time": 273.644,
                                    "Actual Rows": 3140339,
                                    "Actual Loops": 1
                                  },
                                  {
                                    "Node Type": "Hash",
                                    "Parent Relationship": "Inner",
                                    "Parallel Aware": false,
                                    "Startup Cost": 436089.3,
                                    "Total Cost": 436089.3,
                                    "Plan Rows": 1,
                                    "Plan Width": 39,
                                    "Actual Startup Time": 1196.459,
                                    "Actual Total Time": 1203.105,
                                    "Actual Rows": 76,
                                    "Actual Loops": 1,
                                    "Hash Buckets": 1024,
                                    "Original Hash Buckets": 1024,
                                    "Hash Batches": 1,
                                    "Original Hash Batches": 1,
                                    "Peak Memory Usage": 14,
                                    "Plans": [
                                      {
                                        "Node Type": "Hash Join",
                                        "Parent Relationship": "Outer",
                                        "Parallel Aware": false,
                                        "Join Type": "Inner",
                                        "Startup Cost": 436088.13,
                                        "Total Cost": 436089.3,
                                        "Plan Rows": 1,
                                        "Plan Width": 39,
                                        "Actual Startup Time": 1196.383,
                                        "Actual Total Time": 1203.047,
                                        "Actual Rows": 87,
                                        "Actual Loops": 1,
                                        "Inner Unique": false,
                                        "Hash Cond": "(rt.id = ci.role_id)",
                                        "Plans": [
                                          {
                                            "Node Type": "Seq Scan",
                                            "Parent Relationship": "Outer",
                                            "Parallel Aware": false,
                                            "Relation Name": "role_type",
                                            "Alias": "rt",
                                            "Startup Cost": 0.0,
                                            "Total Cost": 1.15,
                                            "Plan Rows": 1,
                                            "Plan Width": 4,
                                            "Actual Startup Time": 0.03,
                                            "Actual Total Time": 0.037,
                                            "Actual Rows": 1,
                                            "Actual Loops": 1,
                                            "Filter": "((role)::text = 'actress'::text)",
                                            "Rows Removed by Filter": 11
                                          },
                                          {
                                            "Node Type": "Hash",
                                            "Parent Relationship": "Inner",
                                            "Parallel Aware": false,
                                            "Startup Cost": 436088.11,
                                            "Total Cost": 436088.11,
                                            "Plan Rows": 2,
                                            "Plan Width": 43,
                                            "Actual Startup Time": 1196.308,
                                            "Actual Total Time": 1202.949,
                                            "Actual Rows": 87,
                                            "Actual Loops": 1,
                                            "Hash Buckets": 1024,
                                            "Original Hash Buckets": 1024,
                                            "Hash Batches": 1,
                                            "Original Hash Batches": 1,
                                            "Peak Memory Usage": 15,
                                            "Plans": [
                                              {
                                                "Node Type": "Gather",
                                                "Parent Relationship": "Outer",
                                                "Parallel Aware": false,
                                                "Startup Cost": 364786.72,
                                                "Total Cost": 436088.11,
                                                "Plan Rows": 2,
                                                "Plan Width": 43,
                                                "Actual Startup Time": 1092.53,
                                                "Actual Total Time": 1202.908,
                                                "Actual Rows": 87,
                                                "Actual Loops": 1,
                                                "Workers Planned": 4,
                                                "Workers Launched": 4,
                                                "Single Copy": false,
                                                "Plans": [
                                                  {
                                                    "Node Type": "Hash Join",
                                                    "Parent Relationship": "Outer",
                                                    "Parallel Aware": true,
                                                    "Join Type": "Inner",
                                                    "Startup Cost": 363786.72,
                                                    "Total Cost": 435087.91,
                                                    "Plan Rows": 1,
                                                    "Plan Width": 43,
                                                    "Actual Startup Time": 1082.758,
                                                    "Actual Total Time": 1181.267,
                                                    "Actual Rows": 17,
                                                    "Actual Loops": 5,
                                                    "Inner Unique": false,
                                                    "Hash Cond": "(ci.movie_id = mc.movie_id)",
                                                    "Plans": [
                                                      {
                                                        "Node Type": "Hash Join",
                                                        "Parent Relationship": "Outer",
                                                        "Parallel Aware": true,
                                                        "Join Type": "Inner",
                                                        "Startup Cost": 329835.6,
                                                        "Total Cost": 401136.75,
                                                        "Plan Rows": 4,
                                                        "Plan Width": 35,
                                                        "Actual Startup Time": 947.71,
                                                        "Actual Total Time": 1046.555,
                                                        "Actual Rows": 91,
                                                        "Actual Loops": 5,
                                                        "Inner Unique": false,
                                                        "Hash Cond": "(n.id = ci.person_id)",
                                                        "Plans": [
                                                          {
                                                            "Node Type": "Seq Scan",
                                                            "Parent Relationship": "Outer",
                                                            "Parallel Aware": true,
                                                            "Relation Name": "name",
                                                            "Alias": "n",
                                                            "Startup Cost": 0.0,
                                                            "Total Cost": 71240.66,
                                                            "Plan Rows": 24,
                                                            "Plan Width": 19,
                                                            "Actual Startup Time": 67.976,
                                                            "Actual Total Time": 166.341,
                                                            "Actual Rows": 1082,
                                                            "Actual Loops": 5,
                                                            "Filter": "((name ~~ '%Angel%'::text) AND ((gender)::text = 'f'::text))",
                                                            "Rows Removed by Filter": 832416
                                                          },
                                                          {
                                                            "Node Type": "Hash",
                                                            "Parent Relationship": "Inner",
                                                            "Parallel Aware": true,
                                                            "Startup Cost": 328224.13,
                                                            "Total Cost": 328224.13,
                                                            "Plan Rows": 128917,
                                                            "Plan Width": 16,
                                                            "Actual Startup Time": 877.079,
                                                            "Actual Total Time": 877.081,
                                                            "Actual Rows": 142766,
                                                            "Actual Loops": 5,
                                                            "Hash Buckets": 1048576,
                                                            "Original Hash Buckets": 1048576,
                                                            "Hash Batches": 1,
                                                            "Original Hash Batches": 1,
                                                            "Peak Memory Usage": 41760,
                                                            "Plans": [
                                                              {
                                                                "Node Type": "Seq Scan",
                                                                "Parent Relationship": "Outer",
                                                                "Parallel Aware": true,
                                                                "Relation Name": "cast_info",
                                                                "Alias": "ci",
                                                                "Startup Cost": 0.0,
                                                                "Total Cost": 328224.13,
                                                                "Plan Rows": 128917,
                                                                "Plan Width": 16,
                                                                "Actual Startup Time": 0.039,
                                                                "Actual Total Time": 816.974,
                                                                "Actual Rows": 142766,
                                                                "Actual Loops": 5,
                                                                "Filter": "(note = '(voice)'::text)",
                                                                "Rows Removed by Filter": 7106103
                                                              }
                                                            ]
                                                          }
                                                        ]
                                                      },
                                                      {
                                                        "Node Type": "Hash",
                                                        "Parent Relationship": "Inner",
                                                        "Parallel Aware": true,
                                                        "Startup Cost": 33518.95,
                                                        "Total Cost": 33518.95,
                                                        "Plan Rows": 34574,
                                                        "Plan Width": 8,
                                                        "Actual Startup Time": 132.748,
                                                        "Actual Total Time": 132.749,
                                                        "Actual Rows": 39704,
                                                        "Actual Loops": 5,
                                                        "Hash Buckets": 262144,
                                                        "Original Hash Buckets": 131072,
                                                        "Hash Batches": 1,
                                                        "Original Hash Batches": 1,
                                                        "Peak Memory Usage": 10912,
                                                        "Plans": [
                                                          {
                                                            "Node Type": "Seq Scan",
                                                            "Parent Relationship": "Outer",
                                                            "Parallel Aware": true,
                                                            "Relation Name": "movie_companies",
                                                            "Alias": "mc",
                                                            "Startup Cost": 0.0,
                                                            "Total Cost": 33518.95,
                                                            "Plan Rows": 34574,
                                                            "Plan Width": 8,
                                                            "Actual Startup Time": 0.1,
                                                            "Actual Total Time": 112.06,
                                                            "Actual Rows": 39704,
                                                            "Actual Loops": 5,
                                                            "Filter": "((note ~~ '%(200%)%'::text) AND ((note ~~ '%(USA)%'::text) OR (note ~~ '%(worldwide)%'::text)))",
                                                            "Rows Removed by Filter": 482122
                                                          }
                                                        ]
                                                      }
                                                    ]
                                                  }
                                                ]
                                              }
                                            ]
                                          }
                                        ]
                                      }
                                    ]
                                  }
                                ]
                              }
                            ]
                          }
                        ]
                      }
                    ]
                  }
                ]
              }
            ]
          }
        ]
      }
    ]
  },
  "Planning Time": 15.532,
  "Triggers": [],
  "Execution Time": 2137.099
}