{
  "Plan": {
    "Node Type": "Aggregate",
    "Strategy": "Plain",
    "Partial Mode": "Finalize",
    "Parallel Aware": false,
    "Startup Cost": 109064.22,
    "Total Cost": 109064.23,
    "Plan Rows": 1,
    "Plan Width": 8,
    "Actual Startup Time": 292.325,
    "Actual Total Time": 328.539,
    "Actual Rows": 1,
    "Actual Loops": 1,
    "Plans": [
      {
        "Node Type": "Gather",
        "Parent Relationship": "Outer",
        "Parallel Aware": false,
        "Startup Cost": 109064.11,
        "Total Cost": 109064.22,
        "Plan Rows": 1,
        "Plan Width": 8,
        "Actual Startup Time": 292.165,
        "Actual Total Time": 328.531,
        "Actual Rows": 2,
        "Actual Loops": 1,
        "Workers Planned": 1,
        "Workers Launched": 1,
        "Single Copy": false,
        "Plans": [
          {
            "Node Type": "Aggregate",
            "Strategy": "Plain",
            "Partial Mode": "Partial",
            "Parent Relationship": "Outer",
            "Parallel Aware": false,
            "Startup Cost": 108064.11,
            "Total Cost": 108064.12,
            "Plan Rows": 1,
            "Plan Width": 8,
            "Actual Startup Time": 286.025,
            "Actual Total Time": 286.028,
            "Actual Rows": 1,
            "Actual Loops": 2,
            "Plans": [
              {
                "Node Type": "Nested Loop",
                "Parent Relationship": "Outer",
                "Parallel Aware": false,
                "Join Type": "Inner",
                "Startup Cost": 429.9,
                "Total Cost": 108056.88,
                "Plan Rows": 2891,
                "Plan Width": 0,
                "Actual Startup Time": 9.428,
                "Actual Total Time": 283.756,
                "Actual Rows": 45014,
                "Actual Loops": 2,
                "Inner Unique": false,
                "Plans": [
                  {
                    "Node Type": "Nested Loop",
                    "Parent Relationship": "Outer",
                    "Parallel Aware": false,
                    "Join Type": "Inner",
                    "Startup Cost": 429.47,
                    "Total Cost": 88599.1,
                    "Plan Rows": 11886,
                    "Plan Width": 8,
                    "Actual Startup Time": 8.938,
                    "Actual Total Time": 66.566,
                    "Actual Rows": 9764,
                    "Actual Loops": 2,
                    "Inner Unique": true,
                    "Plans": [
                      {
                        "Node Type": "Bitmap Heap Scan",
                        "Parent Relationship": "Outer",
                        "Parallel Aware": true,
                        "Relation Name": "movie_keyword",
                        "Alias": "mk",
                        "Startup Cost": 429.04,
                        "Total Cost": 24971.84,
                        "Plan Rows": 11886,
                        "Plan Width": 4,
                        "Actual Startup Time": 8.794,
                        "Actual Total Time": 26.469,
                        "Actual Rows": 9764,
                        "Actual Loops": 2,
                        "Recheck Cond": "(keyword_id = 137)",
                        "Rows Removed by Index Recheck": 0,
                        "Exact Heap Blocks": 8418,
                        "Lossy Heap Blocks": 0,
                        "Plans": [
                          {
                            "Node Type": "Bitmap Index Scan",
                            "Parent Relationship": "Outer",
                            "Parallel Aware": false,
                            "Index Name": "keyword_id_movie_keyword",
                            "Startup Cost": 0.0,
                            "Total Cost": 423.99,
                            "Plan Rows": 20207,
                            "Plan Width": 0,
                            "Actual Startup Time": 8.53,
                            "Actual Total Time": 8.531,
                            "Actual Rows": 19528,
                            "Actual Loops": 1,
                            "Index Cond": "(keyword_id = 137)"
                          }
                        ]
                      },
                      {
                        "Node Type": "Index Only Scan",
                        "Parent Relationship": "Inner",
                        "Parallel Aware": false,
                        "Scan Direction": "Forward",
                        "Index Name": "title_pkey",
                        "Relation Name": "title",
                        "Alias": "t",
                        "Startup Cost": 0.43,
                        "Total Cost": 5.35,
                        "Plan Rows": 1,
                        "Plan Width": 4,
                        "Actual Startup Time": 0.004,
                        "Actual Total Time": 0.004,
                        "Actual Rows": 1,
                        "Actual Loops": 19528,
                        "Index Cond": "(id = mk.movie_id)",
                        "Rows Removed by Index Recheck": 0,
                        "Heap Fetches": 19528
                      }
                    ]
                  },
                  {
                    "Node Type": "Index Scan",
                    "Parent Relationship": "Inner",
                    "Parallel Aware": false,
                    "Scan Direction": "Forward",
                    "Index Name": "movie_id_movie_info",
                    "Relation Name": "movie_info",
                    "Alias": "mi",
                    "Startup Cost": 0.43,
                    "Total Cost": 1.62,
                    "Plan Rows": 2,
                    "Plan Width": 4,
                    "Actual Startup Time": 0.016,
                    "Actual Total Time": 0.022,
                    "Actual Rows": 5,
                    "Actual Loops": 19528,
                    "Index Cond": "(movie_id = t.id)",
                    "Rows Removed by Index Recheck": 0,
                    "Filter": "(info_type_id = 15)",
                    "Rows Removed by Filter": 42
                  }
                ]
              }
            ]
          }
        ]
      }
    ]
  },
  "Planning Time": 0.849,
  "Triggers": [],
  "Execution Time": 328.673
}