[
  {
    "Plan": {
      "Node Type": "Aggregate",
      "Strategy": "Plain",
      "Partial Mode": "Finalize",
      "Parallel Aware": false,
      "Startup Cost": 46704.96,
      "Total Cost": 46704.97,
      "Plan Rows": 1,
      "Plan Width": 8,
      "Actual Startup Time": 155.663,
      "Actual Total Time": 165.208,
      "Actual Rows": 1,
      "Actual Loops": 1,
      "Plans": [
        {
          "Node Type": "Gather",
          "Parent Relationship": "Outer",
          "Parallel Aware": false,
          "Startup Cost": 46704.64,
          "Total Cost": 46704.95,
          "Plan Rows": 3,
          "Plan Width": 8,
          "Actual Startup Time": 155.504,
          "Actual Total Time": 165.199,
          "Actual Rows": 4,
          "Actual Loops": 1,
          "Workers Planned": 3,
          "Workers Launched": 3,
          "Single Copy": false,
          "Plans": [
            {
              "Node Type": "Aggregate",
              "Strategy": "Plain",
              "Partial Mode": "Partial",
              "Parent Relationship": "Outer",
              "Parallel Aware": false,
              "Startup Cost": 45704.64,
              "Total Cost": 45704.65,
              "Plan Rows": 1,
              "Plan Width": 8,
              "Actual Startup Time": 149.024,
              "Actual Total Time": 149.025,
              "Actual Rows": 1,
              "Actual Loops": 4,
              "Plans": [
                {
                  "Node Type": "Seq Scan",
                  "Parent Relationship": "Outer",
                  "Parallel Aware": true,
                  "Relation Name": "movie_keyword",
                  "Alias": "mk",
                  "Startup Cost": 0.0,
                  "Total Cost": 42695.65,
                  "Plan Rows": 1203594,
                  "Plan Width": 0,
                  "Actual Startup Time": 0.062,
                  "Actual Total Time": 111.074,
                  "Actual Rows": 933134,
                  "Actual Loops": 4,
                  "Filter": "(keyword_id > 762)",
                  "Rows Removed by Filter": 197848
                }
              ]
            }
          ]
        }
      ]
    },
    "Planning Time": 0.183,
    "Triggers": [],
    "Execution Time": 165.26
  }
]