{
  "Plan": {
    "Node Type": "Aggregate",
    "Strategy": "Plain",
    "Partial Mode": "Finalize",
    "Parallel Aware": false,
    "Startup Cost": 298828.28,
    "Total Cost": 298828.29,
    "Plan Rows": 1,
    "Plan Width": 8,
    "Actual Startup Time": 761.24,
    "Actual Total Time": 777.015,
    "Actual Rows": 1,
    "Actual Loops": 1,
    "Plans": [
      {
        "Node Type": "Gather",
        "Parent Relationship": "Outer",
        "Parallel Aware": false,
        "Startup Cost": 298828.16,
        "Total Cost": 298828.27,
        "Plan Rows": 1,
        "Plan Width": 8,
        "Actual Startup Time": 757.375,
        "Actual Total Time": 777.005,
        "Actual Rows": 2,
        "Actual Loops": 1,
        "Workers Planned": 1,
        "Workers Launched": 1,
        "Single Copy": false,
        "Plans": [
          {
            "Node Type": "Aggregate",
            "Strategy": "Plain",
            "Partial Mode": "Partial",
            "Parent Relationship": "Outer",
            "Parallel Aware": false,
            "Startup Cost": 297828.16,
            "Total Cost": 297828.17,
            "Plan Rows": 1,
            "Plan Width": 8,
            "Actual Startup Time": 751.711,
            "Actual Total Time": 752.274,
            "Actual Rows": 1,
            "Actual Loops": 2,
            "Plans": [
              {
                "Node Type": "Nested Loop",
                "Parent Relationship": "Outer",
                "Parallel Aware": false,
                "Join Type": "Inner",
                "Startup Cost": 65679.26,
                "Total Cost": 296997.61,
                "Plan Rows": 332222,
                "Plan Width": 0,
                "Actual Startup Time": 324.461,
                "Actual Total Time": 739.029,
                "Actual Rows": 291372,
                "Actual Loops": 2,
                "Inner Unique": false,
                "Join Filter": "(t.id = mc.movie_id)",
                "Rows Removed by Join Filter": 0,
                "Plans": [
                  {
                    "Node Type": "Hash Join",
                    "Parent Relationship": "Outer",
                    "Parallel Aware": true,
                    "Join Type": "Inner",
                    "Startup Cost": 65678.83,
                    "Total Cost": 83862.62,
                    "Plan Rows": 321929,
                    "Plan Width": 8,
                    "Actual Startup Time": 324.399,
                    "Actual Total Time": 481.858,
                    "Actual Rows": 142138,
                    "Actual Loops": 2,
                    "Inner Unique": true,
                    "Hash Cond": "(mi_idx.movie_id = t.id)",
                    "Plans": [
                      {
                        "Node Type": "Seq Scan",
                        "Parent Relationship": "Outer",
                        "Parallel Aware": true,
                        "Relation Name": "movie_info_idx",
                        "Alias": "mi_idx",
                        "Startup Cost": 0.0,
                        "Total Cost": 16052.85,
                        "Plan Rows": 811785,
                        "Plan Width": 4,
                        "Actual Startup Time": 0.022,
                        "Actual Total Time": 47.827,
                        "Actual Rows": 690018,
                        "Actual Loops": 2
                      },
                      {
                        "Node Type": "Hash",
                        "Parent Relationship": "Inner",
                        "Parallel Aware": true,
                        "Startup Cost": 58306.47,
                        "Total Cost": 58306.47,
                        "Plan Rows": 589789,
                        "Plan Width": 4,
                        "Actual Startup Time": 315.472,
                        "Actual Total Time": 315.473,
                        "Actual Rows": 549548,
                        "Actual Loops": 2,
                        "Hash Buckets": 2097152,
                        "Original Hash Buckets": 1048576,
                        "Hash Batches": 1,
                        "Original Hash Batches": 1,
                        "Peak Memory Usage": 67616,
                        "Plans": [
                          {
                            "Node Type": "Seq Scan",
                            "Parent Relationship": "Outer",
                            "Parallel Aware": true,
                            "Relation Name": "title",
                            "Alias": "t",
                            "Startup Cost": 0.0,
                            "Total Cost": 58306.47,
                            "Plan Rows": 589789,
                            "Plan Width": 4,
                            "Actual Startup Time": 0.032,
                            "Actual Total Time": 164.096,
                            "Actual Rows": 549548,
                            "Actual Loops": 2,
                            "Filter": "((production_year > 1994) AND (kind_id = 7))",
                            "Rows Removed by Filter": 714608
                          }
                        ]
                      }
                    ]
                  },
                  {
                    "Node Type": "Index Only Scan",
                    "Parent Relationship": "Inner",
                    "Parallel Aware": false,
                    "Scan Direction": "Forward",
                    "Index Name": "movie_id_movie_companies",
                    "Relation Name": "movie_companies",
                    "Alias": "mc",
                    "Startup Cost": 0.43,
                    "Total Cost": 0.6,
                    "Plan Rows": 5,
                    "Plan Width": 4,
                    "Actual Startup Time": 0.001,
                    "Actual Total Time": 0.001,
                    "Actual Rows": 2,
                    "Actual Loops": 284277,
                    "Index Cond": "(movie_id = mi_idx.movie_id)",
                    "Rows Removed by Index Recheck": 0,
                    "Heap Fetches": 582744
                  }
                ]
              }
            ]
          }
        ]
      }
    ]
  },
  "Planning Time": 1.052,
  "Triggers": [],
  "Execution Time": 777.097
}