[
  {
    "Plan": {
      "Node Type": "Aggregate",
      "Strategy": "Plain",
      "Partial Mode": "Finalize",
      "Parallel Aware": false,
      "Startup Cost": 44915.51,
      "Total Cost": 44915.52,
      "Plan Rows": 1,
      "Plan Width": 8,
      "Actual Startup Time": 93.66,
      "Actual Total Time": 106.11,
      "Actual Rows": 1,
      "Actual Loops": 1,
      "Plans": [
        {
          "Node Type": "Gather",
          "Parent Relationship": "Outer",
          "Parallel Aware": false,
          "Startup Cost": 44915.09,
          "Total Cost": 44915.5,
          "Plan Rows": 4,
          "Plan Width": 8,
          "Actual Startup Time": 93.533,
          "Actual Total Time": 106.102,
          "Actual Rows": 5,
          "Actual Loops": 1,
          "Workers Planned": 4,
          "Workers Launched": 4,
          "Single Copy": false,
          "Plans": [
            {
              "Node Type": "Aggregate",
              "Strategy": "Plain",
              "Partial Mode": "Partial",
              "Parent Relationship": "Outer",
              "Parallel Aware": false,
              "Startup Cost": 43915.09,
              "Total Cost": 43915.1,
              "Plan Rows": 1,
              "Plan Width": 8,
              "Actual Startup Time": 84.078,
              "Actual Total Time": 84.079,
              "Actual Rows": 1,
              "Actual Loops": 5,
              "Plans": [
                {
                  "Node Type": "Seq Scan",
                  "Parent Relationship": "Outer",
                  "Parallel Aware": true,
                  "Relation Name": "title",
                  "Alias": "t",
                  "Startup Cost": 0.0,
                  "Total Cost": 43898.92,
                  "Plan Rows": 6468,
                  "Plan Width": 0,
                  "Actual Startup Time": 0.067,
                  "Actual Total Time": 83.444,
                  "Actual Rows": 5355,
                  "Actual Loops": 5,
                  "Filter": "(production_year = 1993)",
                  "Rows Removed by Filter": 500307
                }
              ]
            }
          ]
        }
      ]
    },
    "Planning Time": 0.159,
    "Triggers": [],
    "Execution Time": 106.171
  }
]