{
  "Plan": {
    "Node Type": "Aggregate",
    "Strategy": "Plain",
    "Partial Mode": "Finalize",
    "Parallel Aware": false,
    "Startup Cost": 35565.44,
    "Total Cost": 35565.45,
    "Plan Rows": 1,
    "Plan Width": 8,
    "Actual Startup Time": 30.049,
    "Actual Total Time": 32.689,
    "Actual Rows": 1,
    "Actual Loops": 1,
    "Plans": [
      {
        "Node Type": "Gather",
        "Parent Relationship": "Outer",
        "Parallel Aware": false,
        "Startup Cost": 35565.33,
        "Total Cost": 35565.44,
        "Plan Rows": 1,
        "Plan Width": 8,
        "Actual Startup Time": 29.924,
        "Actual Total Time": 32.682,
        "Actual Rows": 2,
        "Actual Loops": 1,
        "Workers Planned": 1,
        "Workers Launched": 1,
        "Single Copy": false,
        "Plans": [
          {
            "Node Type": "Aggregate",
            "Strategy": "Plain",
            "Partial Mode": "Partial",
            "Parent Relationship": "Outer",
            "Parallel Aware": false,
            "Startup Cost": 34565.33,
            "Total Cost": 34565.34,
            "Plan Rows": 1,
            "Plan Width": 8,
            "Actual Startup Time": 26.098,
            "Actual Total Time": 26.099,
            "Actual Rows": 1,
            "Actual Loops": 2,
            "Plans": [
              {
                "Node Type": "Nested Loop",
                "Parent Relationship": "Outer",
                "Parallel Aware": false,
                "Join Type": "Inner",
                "Startup Cost": 186.47,
                "Total Cost": 34562.27,
                "Plan Rows": 1225,
                "Plan Width": 0,
                "Actual Startup Time": 1.332,
                "Actual Total Time": 25.677,
                "Actual Rows": 2033,
                "Actual Loops": 2,
                "Inner Unique": true,
                "Plans": [
                  {
                    "Node Type": "Bitmap Heap Scan",
                    "Parent Relationship": "Outer",
                    "Parallel Aware": true,
                    "Relation Name": "movie_companies",
                    "Alias": "mc",
                    "Startup Cost": 186.04,
                    "Total Cost": 15444.39,
                    "Plan Rows": 2569,
                    "Plan Width": 4,
                    "Actual Startup Time": 1.232,
                    "Actual Total Time": 3.757,
                    "Actual Rows": 3858,
                    "Actual Loops": 2,
                    "Recheck Cond": "(company_id > 227558)",
                    "Rows Removed by Index Recheck": 0,
                    "Filter": "(company_type_id = 2)",
                    "Rows Removed by Filter": 0,
                    "Exact Heap Blocks": 253,
                    "Lossy Heap Blocks": 0,
                    "Plans": [
                      {
                        "Node Type": "Bitmap Index Scan",
                        "Parent Relationship": "Outer",
                        "Parallel Aware": false,
                        "Index Name": "company_id_movie_companies",
                        "Startup Cost": 0.0,
                        "Total Cost": 184.94,
                        "Plan Rows": 8602,
                        "Plan Width": 0,
                        "Actual Startup Time": 2.2,
                        "Actual Total Time": 2.2,
                        "Actual Rows": 7716,
                        "Actual Loops": 1,
                        "Index Cond": "(company_id > 227558)"
                      }
                    ]
                  },
                  {
                    "Node Type": "Index Scan",
                    "Parent Relationship": "Inner",
                    "Parallel Aware": false,
                    "Scan Direction": "Forward",
                    "Index Name": "title_pkey",
                    "Relation Name": "title",
                    "Alias": "t",
                    "Startup Cost": 0.43,
                    "Total Cost": 7.44,
                    "Plan Rows": 1,
                    "Plan Width": 4,
                    "Actual Startup Time": 0.005,
                    "Actual Total Time": 0.005,
                    "Actual Rows": 1,
                    "Actual Loops": 7716,
                    "Index Cond": "(id = mc.movie_id)",
                    "Rows Removed by Index Recheck": 0,
                    "Filter": "(production_year > 2003)",
                    "Rows Removed by Filter": 0
                  }
                ]
              }
            ]
          }
        ]
      }
    ]
  },
  "Planning Time": 0.771,
  "Triggers": [],
  "Execution Time": 32.777
}