{
  "Plan": {
    "Node Type": "Aggregate",
    "Strategy": "Plain",
    "Partial Mode": "Finalize",
    "Parallel Aware": false,
    "Startup Cost": 138989.55,
    "Total Cost": 138989.56,
    "Plan Rows": 1,
    "Plan Width": 8,
    "Actual Startup Time": 758.332,
    "Actual Total Time": 784.078,
    "Actual Rows": 1,
    "Actual Loops": 1,
    "Plans": [
      {
        "Node Type": "Gather",
        "Parent Relationship": "Outer",
        "Parallel Aware": false,
        "Startup Cost": 138989.43,
        "Total Cost": 138989.54,
        "Plan Rows": 1,
        "Plan Width": 8,
        "Actual Startup Time": 757.53,
        "Actual Total Time": 784.069,
        "Actual Rows": 2,
        "Actual Loops": 1,
        "Workers Planned": 1,
        "Workers Launched": 1,
        "Single Copy": false,
        "Plans": [
          {
            "Node Type": "Aggregate",
            "Strategy": "Plain",
            "Partial Mode": "Partial",
            "Parent Relationship": "Outer",
            "Parallel Aware": false,
            "Startup Cost": 137989.43,
            "Total Cost": 137989.44,
            "Plan Rows": 1,
            "Plan Width": 8,
            "Actual Startup Time": 751.94,
            "Actual Total Time": 752.251,
            "Actual Rows": 1,
            "Actual Loops": 2,
            "Plans": [
              {
                "Node Type": "Hash Join",
                "Parent Relationship": "Outer",
                "Parallel Aware": true,
                "Join Type": "Inner",
                "Startup Cost": 74632.22,
                "Total Cost": 137866.34,
                "Plan Rows": 49237,
                "Plan Width": 0,
                "Actual Startup Time": 359.647,
                "Actual Total Time": 733.634,
                "Actual Rows": 351606,
                "Actual Loops": 2,
                "Inner Unique": false,
                "Hash Cond": "(mk.movie_id = t.id)",
                "Plans": [
                  {
                    "Node Type": "Seq Scan",
                    "Parent Relationship": "Outer",
                    "Parallel Aware": true,
                    "Relation Name": "movie_keyword",
                    "Alias": "mk",
                    "Startup Cost": 0.0,
                    "Total Cost": 57718.19,
                    "Plan Rows": 1393681,
                    "Plan Width": 4,
                    "Actual Startup Time": 0.509,
                    "Actual Total Time": 243.463,
                    "Actual Rows": 1182038,
                    "Actual Loops": 2,
                    "Filter": "(keyword_id > 4107)",
                    "Rows Removed by Filter": 1079927
                  },
                  {
                    "Node Type": "Hash",
                    "Parent Relationship": "Inner",
                    "Parallel Aware": true,
                    "Startup Cost": 73975.44,
                    "Total Cost": 73975.44,
                    "Plan Rows": 52542,
                    "Plan Width": 8,
                    "Actual Startup Time": 352.885,
                    "Actual Total Time": 353.193,
                    "Actual Rows": 43329,
                    "Actual Loops": 2,
                    "Hash Buckets": 131072,
                    "Original Hash Buckets": 131072,
                    "Hash Batches": 1,
                    "Original Hash Batches": 1,
                    "Peak Memory Usage": 4448,
                    "Plans": [
                      {
                        "Node Type": "Hash Join",
                        "Parent Relationship": "Outer",
                        "Parallel Aware": true,
                        "Join Type": "Inner",
                        "Startup Cost": 55791.65,
                        "Total Cost": 73975.44,
                        "Plan Rows": 52542,
                        "Plan Width": 8,
                        "Actual Startup Time": 191.68,
                        "Actual Total Time": 343.026,
                        "Actual Rows": 43329,
                        "Actual Loops": 2,
                        "Inner Unique": true,
                        "Hash Cond": "(mi_idx.movie_id = t.id)",
                        "Plans": [
                          {
                            "Node Type": "Seq Scan",
                            "Parent Relationship": "Outer",
                            "Parallel Aware": true,
                            "Relation Name": "movie_info_idx",
                            "Alias": "mi_idx",
                            "Startup Cost": 0.0,
                            "Total Cost": 16052.85,
                            "Plan Rows": 811785,
                            "Plan Width": 4,
                            "Actual Startup Time": 0.022,
                            "Actual Total Time": 65.78,
                            "Actual Rows": 690018,
                            "Actual Loops": 2
                          },
                          {
                            "Node Type": "Hash",
                            "Parent Relationship": "Inner",
                            "Parallel Aware": true,
                            "Startup Cost": 54588.39,
                            "Total Cost": 54588.39,
                            "Plan Rows": 96261,
                            "Plan Width": 4,
                            "Actual Startup Time": 188.799,
                            "Actual Total Time": 188.801,
                            "Actual Rows": 84474,
                            "Actual Loops": 2,
                            "Hash Buckets": 262144,
                            "Original Hash Buckets": 262144,
                            "Hash Batches": 1,
                            "Original Hash Batches": 1,
                            "Peak Memory Usage": 8672,
                            "Plans": [
                              {
                                "Node Type": "Seq Scan",
                                "Parent Relationship": "Outer",
                                "Parallel Aware": true,
                                "Relation Name": "title",
                                "Alias": "t",
                                "Startup Cost": 0.0,
                                "Total Cost": 54588.39,
                                "Plan Rows": 96261,
                                "Plan Width": 4,
                                "Actual Startup Time": 0.201,
                                "Actual Total Time": 166.735,
                                "Actual Rows": 84474,
                                "Actual Loops": 2,
                                "Filter": "(production_year < 1951)",
                                "Rows Removed by Filter": 1179682
                              }
                            ]
                          }
                        ]
                      }
                    ]
                  }
                ]
              }
            ]
          }
        ]
      }
    ]
  },
  "Planning Time": 0.748,
  "Triggers": [],
  "Execution Time": 784.15
}