{
  "Plan": {
    "Node Type": "Aggregate",
    "Strategy": "Plain",
    "Partial Mode": "Finalize",
    "Parallel Aware": false,
    "Startup Cost": 45804.93,
    "Total Cost": 45804.94,
    "Plan Rows": 1,
    "Plan Width": 8,
    "Actual Startup Time": 84.501,
    "Actual Total Time": 96.43,
    "Actual Rows": 1,
    "Actual Loops": 1,
    "Plans": [
      {
        "Node Type": "Gather",
        "Parent Relationship": "Outer",
        "Parallel Aware": false,
        "Startup Cost": 45804.82,
        "Total Cost": 45804.93,
        "Plan Rows": 1,
        "Plan Width": 8,
        "Actual Startup Time": 84.322,
        "Actual Total Time": 96.423,
        "Actual Rows": 2,
        "Actual Loops": 1,
        "Workers Planned": 1,
        "Workers Launched": 1,
        "Single Copy": false,
        "Plans": [
          {
            "Node Type": "Aggregate",
            "Strategy": "Plain",
            "Partial Mode": "Partial",
            "Parent Relationship": "Outer",
            "Parallel Aware": false,
            "Startup Cost": 44804.82,
            "Total Cost": 44804.83,
            "Plan Rows": 1,
            "Plan Width": 8,
            "Actual Startup Time": 78.62,
            "Actual Total Time": 78.621,
            "Actual Rows": 1,
            "Actual Loops": 2,
            "Plans": [
              {
                "Node Type": "Nested Loop",
                "Parent Relationship": "Outer",
                "Parallel Aware": false,
                "Join Type": "Inner",
                "Startup Cost": 131.8,
                "Total Cost": 44753.22,
                "Plan Rows": 20641,
                "Plan Width": 0,
                "Actual Startup Time": 1.316,
                "Actual Total Time": 74.99,
                "Actual Rows": 38862,
                "Actual Loops": 2,
                "Inner Unique": false,
                "Plans": [
                  {
                    "Node Type": "Nested Loop",
                    "Parent Relationship": "Outer",
                    "Parallel Aware": false,
                    "Join Type": "Inner",
                    "Startup Cost": 131.37,
                    "Total Cost": 37933.14,
                    "Plan Rows": 3530,
                    "Plan Width": 8,
                    "Actual Startup Time": 1.184,
                    "Actual Total Time": 23.953,
                    "Actual Rows": 3102,
                    "Actual Loops": 2,
                    "Inner Unique": true,
                    "Plans": [
                      {
                        "Node Type": "Bitmap Heap Scan",
                        "Parent Relationship": "Outer",
                        "Parallel Aware": true,
                        "Relation Name": "movie_companies",
                        "Alias": "mc",
                        "Startup Cost": 130.94,
                        "Total Cost": 12727.58,
                        "Plan Rows": 3530,
                        "Plan Width": 4,
                        "Actual Startup Time": 1.037,
                        "Actual Total Time": 3.246,
                        "Actual Rows": 3102,
                        "Actual Loops": 2,
                        "Recheck Cond": "(company_id = 145)",
                        "Rows Removed by Index Recheck": 0,
                        "Exact Heap Blocks": 547,
                        "Lossy Heap Blocks": 0,
                        "Plans": [
                          {
                            "Node Type": "Bitmap Index Scan",
                            "Parent Relationship": "Outer",
                            "Parallel Aware": false,
                            "Index Name": "company_id_movie_companies",
                            "Startup Cost": 0.0,
                            "Total Cost": 129.44,
                            "Plan Rows": 6001,
                            "Plan Width": 0,
                            "Actual Startup Time": 1.694,
                            "Actual Total Time": 1.694,
                            "Actual Rows": 6205,
                            "Actual Loops": 1,
                            "Index Cond": "(company_id = 145)"
                          }
                        ]
                      },
                      {
                        "Node Type": "Index Only Scan",
                        "Parent Relationship": "Inner",
                        "Parallel Aware": false,
                        "Scan Direction": "Forward",
                        "Index Name": "title_pkey",
                        "Relation Name": "title",
                        "Alias": "t",
                        "Startup Cost": 0.43,
                        "Total Cost": 7.14,
                        "Plan Rows": 1,
                        "Plan Width": 4,
                        "Actual Startup Time": 0.006,
                        "Actual Total Time": 0.006,
                        "Actual Rows": 1,
                        "Actual Loops": 6205,
                        "Index Cond": "(id = mc.movie_id)",
                        "Rows Removed by Index Recheck": 0,
                        "Heap Fetches": 6205
                      }
                    ]
                  },
                  {
                    "Node Type": "Index Only Scan",
                    "Parent Relationship": "Inner",
                    "Parallel Aware": false,
                    "Scan Direction": "Forward",
                    "Index Name": "movie_id_movie_info",
                    "Relation Name": "movie_info",
                    "Alias": "mi",
                    "Startup Cost": 0.43,
                    "Total Cost": 1.51,
                    "Plan Rows": 42,
                    "Plan Width": 4,
                    "Actual Startup Time": 0.005,
                    "Actual Total Time": 0.014,
                    "Actual Rows": 13,
                    "Actual Loops": 6205,
                    "Index Cond": "(movie_id = t.id)",
                    "Rows Removed by Index Recheck": 0,
                    "Heap Fetches": 77724
                  }
                ]
              }
            ]
          }
        ]
      }
    ]
  },
  "Planning Time": 0.74,
  "Triggers": [],
  "Execution Time": 96.507
}