[
  {
    "Plan": {
      "Node Type": "Aggregate",
      "Strategy": "Plain",
      "Partial Mode": "Finalize",
      "Parallel Aware": false,
      "Startup Cost": 44624.75,
      "Total Cost": 44624.76,
      "Plan Rows": 1,
      "Plan Width": 8,
      "Actual Startup Time": 123.983,
      "Actual Total Time": 133.305,
      "Actual Rows": 1,
      "Actual Loops": 1,
      "Plans": [
        {
          "Node Type": "Gather",
          "Parent Relationship": "Outer",
          "Parallel Aware": false,
          "Startup Cost": 44624.43,
          "Total Cost": 44624.74,
          "Plan Rows": 3,
          "Plan Width": 8,
          "Actual Startup Time": 123.86,
          "Actual Total Time": 133.296,
          "Actual Rows": 4,
          "Actual Loops": 1,
          "Workers Planned": 3,
          "Workers Launched": 3,
          "Single Copy": false,
          "Plans": [
            {
              "Node Type": "Aggregate",
              "Strategy": "Plain",
              "Partial Mode": "Partial",
              "Parent Relationship": "Outer",
              "Parallel Aware": false,
              "Startup Cost": 43624.43,
              "Total Cost": 43624.44,
              "Plan Rows": 1,
              "Plan Width": 8,
              "Actual Startup Time": 119.932,
              "Actual Total Time": 119.933,
              "Actual Rows": 1,
              "Actual Loops": 4,
              "Plans": [
                {
                  "Node Type": "Seq Scan",
                  "Parent Relationship": "Outer",
                  "Parallel Aware": true,
                  "Relation Name": "movie_keyword",
                  "Alias": "mk",
                  "Startup Cost": 0.0,
                  "Total Cost": 42695.65,
                  "Plan Rows": 371511,
                  "Plan Width": 0,
                  "Actual Startup Time": 1.461,
                  "Actual Total Time": 105.548,
                  "Actual Rows": 288641,
                  "Actual Loops": 4,
                  "Filter": "(keyword_id > 16144)",
                  "Rows Removed by Filter": 842342
                }
              ]
            }
          ]
        }
      ]
    },
    "Planning Time": 0.099,
    "Triggers": [],
    "Execution Time": 133.348
  }
]