{
  "Plan": {
    "Node Type": "Aggregate",
    "Strategy": "Plain",
    "Partial Mode": "Finalize",
    "Parallel Aware": false,
    "Startup Cost": 122012.68,
    "Total Cost": 122012.69,
    "Plan Rows": 1,
    "Plan Width": 8,
    "Actual Startup Time": 613.925,
    "Actual Total Time": 627.183,
    "Actual Rows": 1,
    "Actual Loops": 1,
    "Plans": [
      {
        "Node Type": "Gather",
        "Parent Relationship": "Outer",
        "Parallel Aware": false,
        "Startup Cost": 122012.56,
        "Total Cost": 122012.67,
        "Plan Rows": 1,
        "Plan Width": 8,
        "Actual Startup Time": 612.953,
        "Actual Total Time": 627.177,
        "Actual Rows": 2,
        "Actual Loops": 1,
        "Workers Planned": 1,
        "Workers Launched": 1,
        "Single Copy": false,
        "Plans": [
          {
            "Node Type": "Aggregate",
            "Strategy": "Plain",
            "Partial Mode": "Partial",
            "Parent Relationship": "Outer",
            "Parallel Aware": false,
            "Startup Cost": 121012.56,
            "Total Cost": 121012.57,
            "Plan Rows": 1,
            "Plan Width": 8,
            "Actual Startup Time": 607.371,
            "Actual Total Time": 607.374,
            "Actual Rows": 1,
            "Actual Loops": 2,
            "Plans": [
              {
                "Node Type": "Hash Join",
                "Parent Relationship": "Outer",
                "Parallel Aware": true,
                "Join Type": "Inner",
                "Startup Cost": 61734.83,
                "Total Cost": 119785.67,
                "Plan Rows": 490756,
                "Plan Width": 0,
                "Actual Startup Time": 235.116,
                "Actual Total Time": 601.83,
                "Actual Rows": 138500,
                "Actual Loops": 2,
                "Inner Unique": true,
                "Hash Cond": "(mk.movie_id = t.id)",
                "Plans": [
                  {
                    "Node Type": "Seq Scan",
                    "Parent Relationship": "Outer",
                    "Parallel Aware": true,
                    "Relation Name": "movie_keyword",
                    "Alias": "mk",
                    "Startup Cost": 0.0,
                    "Total Cost": 51065.35,
                    "Plan Rows": 2661135,
                    "Plan Width": 4,
                    "Actual Startup Time": 0.012,
                    "Actual Total Time": 157.285,
                    "Actual Rows": 2261965,
                    "Actual Loops": 2
                  },
                  {
                    "Node Type": "Hash",
                    "Parent Relationship": "Inner",
                    "Parallel Aware": true,
                    "Startup Cost": 58306.47,
                    "Total Cost": 58306.47,
                    "Plan Rows": 274269,
                    "Plan Width": 4,
                    "Actual Startup Time": 229.112,
                    "Actual Total Time": 229.113,
                    "Actual Rows": 240021,
                    "Actual Loops": 2,
                    "Hash Buckets": 524288,
                    "Original Hash Buckets": 524288,
                    "Hash Batches": 1,
                    "Original Hash Batches": 1,
                    "Peak Memory Usage": 22912,
                    "Plans": [
                      {
                        "Node Type": "Seq Scan",
                        "Parent Relationship": "Outer",
                        "Parallel Aware": true,
                        "Relation Name": "title",
                        "Alias": "t",
                        "Startup Cost": 0.0,
                        "Total Cost": 58306.47,
                        "Plan Rows": 274269,
                        "Plan Width": 4,
                        "Actual Startup Time": 0.037,
                        "Actual Total Time": 155.742,
                        "Actual Rows": 240021,
                        "Actual Loops": 2,
                        "Filter": "((kind_id > 2) AND (production_year > 2008))",
                        "Rows Removed by Filter": 1024135
                      }
                    ]
                  }
                ]
              }
            ]
          }
        ]
      }
    ]
  },
  "Planning Time": 0.593,
  "Triggers": [],
  "Execution Time": 627.252
}