[
  {
    "Plan": {
      "Node Type": "Aggregate",
      "Strategy": "Plain",
      "Partial Mode": "Finalize",
      "Parallel Aware": false,
      "Startup Cost": 122514.65,
      "Total Cost": 122514.66,
      "Plan Rows": 1,
      "Plan Width": 8,
      "Actual Startup Time": 170.985,
      "Actual Total Time": 182.063,
      "Actual Rows": 1,
      "Actual Loops": 1,
      "Plans": [
        {
          "Node Type": "Gather",
          "Parent Relationship": "Outer",
          "Parallel Aware": false,
          "Startup Cost": 122514.13,
          "Total Cost": 122514.64,
          "Plan Rows": 5,
          "Plan Width": 8,
          "Actual Startup Time": 170.881,
          "Actual Total Time": 182.056,
          "Actual Rows": 6,
          "Actual Loops": 1,
          "Workers Planned": 5,
          "Workers Launched": 5,
          "Single Copy": false,
          "Plans": [
            {
              "Node Type": "Aggregate",
              "Strategy": "Plain",
              "Partial Mode": "Partial",
              "Parent Relationship": "Outer",
              "Parallel Aware": false,
              "Startup Cost": 121514.13,
              "Total Cost": 121514.14,
              "Plan Rows": 1,
              "Plan Width": 8,
              "Actual Startup Time": 164.669,
              "Actual Total Time": 164.67,
              "Actual Rows": 1,
              "Actual Loops": 6,
              "Plans": [
                {
                  "Node Type": "Index Scan",
                  "Parent Relationship": "Outer",
                  "Parallel Aware": true,
                  "Scan Direction": "Forward",
                  "Index Name": "role_id_cast_info",
                  "Relation Name": "cast_info",
                  "Alias": "ci",
                  "Startup Cost": 0.56,
                  "Total Cost": 119623.46,
                  "Plan Rows": 756271,
                  "Plan Width": 0,
                  "Actual Startup Time": 0.099,
                  "Actual Total Time": 150.253,
                  "Actual Rows": 304298,
                  "Actual Loops": 6,
                  "Index Cond": "(role_id = 10)",
                  "Rows Removed by Index Recheck": 0,
                  "Filter": "(person_id < 3197328)",
                  "Rows Removed by Filter": 416205
                }
              ]
            }
          ]
        }
      ]
    },
    "Planning Time": 0.126,
    "Triggers": [],
    "Execution Time": 182.102
  }
]