{
  "Plan": {
    "Node Type": "Aggregate",
    "Strategy": "Plain",
    "Partial Mode": "Finalize",
    "Parallel Aware": false,
    "Startup Cost": 60228.28,
    "Total Cost": 60228.29,
    "Plan Rows": 1,
    "Plan Width": 8,
    "Actual Startup Time": 146.58,
    "Actual Total Time": 158.816,
    "Actual Rows": 1,
    "Actual Loops": 1,
    "Plans": [
      {
        "Node Type": "Gather",
        "Parent Relationship": "Outer",
        "Parallel Aware": false,
        "Startup Cost": 60228.17,
        "Total Cost": 60228.28,
        "Plan Rows": 1,
        "Plan Width": 8,
        "Actual Startup Time": 146.478,
        "Actual Total Time": 158.809,
        "Actual Rows": 2,
        "Actual Loops": 1,
        "Workers Planned": 1,
        "Workers Launched": 1,
        "Single Copy": false,
        "Plans": [
          {
            "Node Type": "Aggregate",
            "Strategy": "Plain",
            "Partial Mode": "Partial",
            "Parent Relationship": "Outer",
            "Parallel Aware": false,
            "Startup Cost": 59228.17,
            "Total Cost": 59228.18,
            "Plan Rows": 1,
            "Plan Width": 8,
            "Actual Startup Time": 140.66,
            "Actual Total Time": 140.661,
            "Actual Rows": 1,
            "Actual Loops": 2,
            "Plans": [
              {
                "Node Type": "Nested Loop",
                "Parent Relationship": "Outer",
                "Parallel Aware": false,
                "Join Type": "Inner",
                "Startup Cost": 0.56,
                "Total Cost": 59227.93,
                "Plan Rows": 93,
                "Plan Width": 0,
                "Actual Startup Time": 42.527,
                "Actual Total Time": 140.516,
                "Actual Rows": 1550,
                "Actual Loops": 2,
                "Inner Unique": false,
                "Plans": [
                  {
                    "Node Type": "Seq Scan",
                    "Parent Relationship": "Outer",
                    "Parallel Aware": true,
                    "Relation Name": "title",
                    "Alias": "t",
                    "Startup Cost": 0.0,
                    "Total Cost": 58306.47,
                    "Plan Rows": 6,
                    "Plan Width": 4,
                    "Actual Startup Time": 42.448,
                    "Actual Total Time": 131.79,
                    "Actual Rows": 219,
                    "Actual Loops": 2,
                    "Filter": "((kind_id < 7) AND (production_year > 2014))",
                    "Rows Removed by Filter": 1263937
                  },
                  {
                    "Node Type": "Index Only Scan",
                    "Parent Relationship": "Inner",
                    "Parallel Aware": false,
                    "Scan Direction": "Forward",
                    "Index Name": "movie_id_cast_info",
                    "Relation Name": "cast_info",
                    "Alias": "ci",
                    "Startup Cost": 0.56,
                    "Total Cost": 153.21,
                    "Plan Rows": 37,
                    "Plan Width": 4,
                    "Actual Startup Time": 0.015,
                    "Actual Total Time": 0.039,
                    "Actual Rows": 7,
                    "Actual Loops": 438,
                    "Index Cond": "(movie_id = t.id)",
                    "Rows Removed by Index Recheck": 0,
                    "Heap Fetches": 3099
                  }
                ]
              }
            ]
          }
        ]
      }
    ]
  },
  "Planning Time": 0.448,
  "Triggers": [],
  "Execution Time": 158.888
}