[
  {
    "Plan": {
      "Node Type": "Aggregate",
      "Strategy": "Plain",
      "Partial Mode": "Finalize",
      "Parallel Aware": false,
      "Startup Cost": 453405.01,
      "Total Cost": 453405.02,
      "Plan Rows": 1,
      "Plan Width": 8,
      "Actual Startup Time": 3656.142,
      "Actual Total Time": 3716.365,
      "Actual Rows": 1,
      "Actual Loops": 1,
      "Plans": [
        {
          "Node Type": "Gather",
          "Parent Relationship": "Outer",
          "Parallel Aware": false,
          "Startup Cost": 453404.38,
          "Total Cost": 453404.99,
          "Plan Rows": 6,
          "Plan Width": 8,
          "Actual Startup Time": 3637.91,
          "Actual Total Time": 3716.353,
          "Actual Rows": 7,
          "Actual Loops": 1,
          "Workers Planned": 6,
          "Workers Launched": 6,
          "Single Copy": false,
          "Plans": [
            {
              "Node Type": "Aggregate",
              "Strategy": "Plain",
              "Partial Mode": "Partial",
              "Parent Relationship": "Outer",
              "Parallel Aware": false,
              "Startup Cost": 452404.38,
              "Total Cost": 452404.39,
              "Plan Rows": 1,
              "Plan Width": 8,
              "Actual Startup Time": 3624.222,
              "Actual Total Time": 3624.859,
              "Actual Rows": 1,
              "Actual Loops": 7,
              "Plans": [
                {
                  "Node Type": "Hash Join",
                  "Parent Relationship": "Outer",
                  "Parallel Aware": true,
                  "Join Type": "Inner",
                  "Startup Cost": 100593.16,
                  "Total Cost": 447492.67,
                  "Plan Rows": 1964686,
                  "Plan Width": 0,
                  "Actual Startup Time": 726.583,
                  "Actual Total Time": 3078.408,
                  "Actual Rows": 13383827,
                  "Actual Loops": 7,
                  "Inner Unique": false,
                  "Hash Cond": "(ci.movie_id = t.id)",
                  "Plans": [
                    {
                      "Node Type": "Seq Scan",
                      "Parent Relationship": "Outer",
                      "Parallel Aware": true,
                      "Relation Name": "cast_info",
                      "Alias": "ci",
                      "Startup Cost": 0.0,
                      "Total Cost": 328162.03,
                      "Plan Rows": 3306611,
                      "Plan Width": 4,
                      "Actual Startup Time": 0.023,
                      "Actual Total Time": 644.628,
                      "Actual Rows": 2874666,
                      "Actual Loops": 7,
                      "Filter": "(role_id < 3)",
                      "Rows Removed by Filter": 2303098
                    },
                    {
                      "Node Type": "Hash",
                      "Parent Relationship": "Inner",
                      "Parallel Aware": true,
                      "Startup Cost": 94535.77,
                      "Total Cost": 94535.77,
                      "Plan Rows": 484591,
                      "Plan Width": 8,
                      "Actual Startup Time": 721.797,
                      "Actual Total Time": 722.432,
                      "Actual Rows": 491441,
                      "Actual Loops": 7,
                      "Hash Buckets": 4194304,
                      "Original Hash Buckets": 2097152,
                      "Hash Batches": 1,
                      "Original Hash Batches": 1,
                      "Peak Memory Usage": 183840,
                      "Plans": [
                        {
                          "Node Type": "Hash Join",
                          "Parent Relationship": "Outer",
                          "Parallel Aware": true,
                          "Join Type": "Inner",
                          "Startup Cost": 48404.15,
                          "Total Cost": 94535.77,
                          "Plan Rows": 484591,
                          "Plan Width": 8,
                          "Actual Startup Time": 134.193,
                          "Actual Total Time": 337.353,
                          "Actual Rows": 491441,
                          "Actual Loops": 7,
                          "Inner Unique": true,
                          "Hash Cond": "(mk.movie_id = t.id)",
                          "Plans": [
                            {
                              "Node Type": "Seq Scan",
                              "Parent Relationship": "Outer",
                              "Parallel Aware": true,
                              "Relation Name": "movie_keyword",
                              "Alias": "mk",
                              "Startup Cost": 0.0,
                              "Total Cost": 42695.65,
                              "Plan Rows": 1308937,
                              "Plan Width": 4,
                              "Actual Startup Time": 0.025,
                              "Actual Total Time": 88.789,
                              "Actual Rows": 581352,
                              "Actual Loops": 7,
                              "Filter": "(keyword_id < 38959)",
                              "Rows Removed by Filter": 64924
                            },
                            {
                              "Node Type": "Hash",
                              "Parent Relationship": "Inner",
                              "Parallel Aware": true,
                              "Startup Cost": 45479.1,
                              "Total Cost": 45479.1,
                              "Plan Rows": 234004,
                              "Plan Width": 4,
                              "Actual Startup Time": 133.004,
                              "Actual Total Time": 133.005,
                              "Actual Rows": 129204,
                              "Actual Loops": 7,
                              "Hash Buckets": 1048576,
                              "Original Hash Buckets": 1048576,
                              "Hash Batches": 1,
                              "Original Hash Batches": 1,
                              "Peak Memory Usage": 43680,
                              "Plans": [
                                {
                                  "Node Type": "Seq Scan",
                                  "Parent Relationship": "Outer",
                                  "Parallel Aware": true,
                                  "Relation Name": "title",
                                  "Alias": "t",
                                  "Startup Cost": 0.0,
                                  "Total Cost": 45479.1,
                                  "Plan Rows": 234004,
                                  "Plan Width": 4,
                                  "Actual Startup Time": 0.044,
                                  "Actual Total Time": 78.129,
                                  "Actual Rows": 129204,
                                  "Actual Loops": 7,
                                  "Filter": "((kind_id < 7) AND (production_year > 1916))",
                                  "Rows Removed by Filter": 231984
                                }
                              ]
                            }
                          ]
                        }
                      ]
                    }
                  ]
                }
              ]
            }
          ]
        }
      ]
    },
    "Planning Time": 1.363,
    "Triggers": [],
    "Execution Time": 3716.468
  }
]