{
  "Plan": {
    "Node Type": "Aggregate",
    "Strategy": "Plain",
    "Partial Mode": "Finalize",
    "Parallel Aware": false,
    "Startup Cost": 336885.07,
    "Total Cost": 336885.08,
    "Plan Rows": 1,
    "Plan Width": 8,
    "Actual Startup Time": 2768.967,
    "Actual Total Time": 2804.573,
    "Actual Rows": 1,
    "Actual Loops": 1,
    "Plans": [
      {
        "Node Type": "Gather",
        "Parent Relationship": "Outer",
        "Parallel Aware": false,
        "Startup Cost": 336884.95,
        "Total Cost": 336885.06,
        "Plan Rows": 1,
        "Plan Width": 8,
        "Actual Startup Time": 2767.195,
        "Actual Total Time": 2804.562,
        "Actual Rows": 2,
        "Actual Loops": 1,
        "Workers Planned": 1,
        "Workers Launched": 1,
        "Single Copy": false,
        "Plans": [
          {
            "Node Type": "Aggregate",
            "Strategy": "Plain",
            "Partial Mode": "Partial",
            "Parent Relationship": "Outer",
            "Parallel Aware": false,
            "Startup Cost": 335884.95,
            "Total Cost": 335884.96,
            "Plan Rows": 1,
            "Plan Width": 8,
            "Actual Startup Time": 2761.462,
            "Actual Total Time": 2761.467,
            "Actual Rows": 1,
            "Actual Loops": 2,
            "Plans": [
              {
                "Node Type": "Hash Join",
                "Parent Relationship": "Outer",
                "Parallel Aware": true,
                "Join Type": "Inner",
                "Startup Cost": 58566.75,
                "Total Cost": 330350.23,
                "Plan Rows": 2213888,
                "Plan Width": 0,
                "Actual Startup Time": 257.526,
                "Actual Total Time": 2587.847,
                "Actual Rows": 4126192,
                "Actual Loops": 2,
                "Inner Unique": true,
                "Hash Cond": "(mi.movie_id = t.id)",
                "Plans": [
                  {
                    "Node Type": "Seq Scan",
                    "Parent Relationship": "Outer",
                    "Parallel Aware": true,
                    "Relation Name": "movie_info",
                    "Alias": "mi",
                    "Startup Cost": 0.0,
                    "Total Cost": 248955.74,
                    "Plan Rows": 8696274,
                    "Plan Width": 4,
                    "Actual Startup Time": 0.011,
                    "Actual Total Time": 723.243,
                    "Actual Rows": 7417860,
                    "Actual Loops": 2
                  },
                  {
                    "Node Type": "Hash",
                    "Parent Relationship": "Inner",
                    "Parallel Aware": true,
                    "Startup Cost": 53834.02,
                    "Total Cost": 53834.02,
                    "Plan Rows": 378618,
                    "Plan Width": 4,
                    "Actual Startup Time": 213.187,
                    "Actual Total Time": 213.189,
                    "Actual Rows": 326547,
                    "Actual Loops": 2,
                    "Hash Buckets": 1048576,
                    "Original Hash Buckets": 1048576,
                    "Hash Batches": 1,
                    "Original Hash Batches": 1,
                    "Peak Memory Usage": 33760,
                    "Plans": [
                      {
                        "Node Type": "Bitmap Heap Scan",
                        "Parent Relationship": "Outer",
                        "Parallel Aware": true,
                        "Relation Name": "title",
                        "Alias": "t",
                        "Startup Cost": 11983.76,
                        "Total Cost": 53834.02,
                        "Plan Rows": 378618,
                        "Plan Width": 4,
                        "Actual Startup Time": 37.034,
                        "Actual Total Time": 114.817,
                        "Actual Rows": 326547,
                        "Actual Loops": 2,
                        "Recheck Cond": "(kind_id = 1)",
                        "Rows Removed by Index Recheck": 0,
                        "Filter": "(production_year < 2014)",
                        "Rows Removed by Filter": 4866,
                        "Exact Heap Blocks": 7200,
                        "Lossy Heap Blocks": 0,
                        "Plans": [
                          {
                            "Node Type": "Bitmap Index Scan",
                            "Parent Relationship": "Outer",
                            "Parallel Aware": false,
                            "Index Name": "kind_id_title",
                            "Startup Cost": 0.0,
                            "Total Cost": 11822.85,
                            "Plan Rows": 663256,
                            "Plan Width": 0,
                            "Actual Startup Time": 35.168,
                            "Actual Total Time": 35.169,
                            "Actual Rows": 662825,
                            "Actual Loops": 1,
                            "Index Cond": "(kind_id = 1)"
                          }
                        ]
                      }
                    ]
                  }
                ]
              }
            ]
          }
        ]
      }
    ]
  },
  "Planning Time": 0.829,
  "Triggers": [],
  "Execution Time": 2804.675
}