[
  {
    "Plan": {
      "Node Type": "Aggregate",
      "Strategy": "Plain",
      "Partial Mode": "Finalize",
      "Parallel Aware": false,
      "Startup Cost": 63170.53,
      "Total Cost": 63170.54,
      "Plan Rows": 1,
      "Plan Width": 8,
      "Actual Startup Time": 273.265,
      "Actual Total Time": 288.546,
      "Actual Rows": 1,
      "Actual Loops": 1,
      "Plans": [
        {
          "Node Type": "Gather",
          "Parent Relationship": "Outer",
          "Parallel Aware": false,
          "Startup Cost": 63170.32,
          "Total Cost": 63170.53,
          "Plan Rows": 2,
          "Plan Width": 8,
          "Actual Startup Time": 271.466,
          "Actual Total Time": 288.535,
          "Actual Rows": 3,
          "Actual Loops": 1,
          "Workers Planned": 2,
          "Workers Launched": 2,
          "Single Copy": false,
          "Plans": [
            {
              "Node Type": "Aggregate",
              "Strategy": "Plain",
              "Partial Mode": "Partial",
              "Parent Relationship": "Outer",
              "Parallel Aware": false,
              "Startup Cost": 62170.32,
              "Total Cost": 62170.33,
              "Plan Rows": 1,
              "Plan Width": 8,
              "Actual Startup Time": 268.082,
              "Actual Total Time": 268.086,
              "Actual Rows": 1,
              "Actual Loops": 3,
              "Plans": [
                {
                  "Node Type": "Hash Join",
                  "Parent Relationship": "Outer",
                  "Parallel Aware": true,
                  "Join Type": "Inner",
                  "Startup Cost": 46745.45,
                  "Total Cost": 61940.01,
                  "Plan Rows": 92123,
                  "Plan Width": 0,
                  "Actual Startup Time": 193.135,
                  "Actual Total Time": 261.791,
                  "Actual Rows": 159427,
                  "Actual Loops": 3,
                  "Inner Unique": true,
                  "Hash Cond": "(mi_idx.movie_id = t.id)",
                  "Plans": [
                    {
                      "Node Type": "Seq Scan",
                      "Parent Relationship": "Outer",
                      "Parallel Aware": true,
                      "Relation Name": "movie_info_idx",
                      "Alias": "mi_idx",
                      "Startup Cost": 0.0,
                      "Total Cost": 13685.15,
                      "Plan Rows": 575015,
                      "Plan Width": 4,
                      "Actual Startup Time": 0.009,
                      "Actual Total Time": 36.724,
                      "Actual Rows": 460012,
                      "Actual Loops": 3
                    },
                    {
                      "Node Type": "Hash",
                      "Parent Relationship": "Inner",
                      "Parallel Aware": true,
                      "Startup Cost": 45479.59,
                      "Total Cost": 45479.59,
                      "Plan Rows": 101269,
                      "Plan Width": 4,
                      "Actual Startup Time": 153.349,
                      "Actual Total Time": 153.35,
                      "Actual Rows": 152049,
                      "Actual Loops": 3,
                      "Hash Buckets": 524288,
                      "Original Hash Buckets": 524288,
                      "Hash Batches": 1,
                      "Original Hash Batches": 1,
                      "Peak Memory Usage": 21984,
                      "Plans": [
                        {
                          "Node Type": "Seq Scan",
                          "Parent Relationship": "Outer",
                          "Parallel Aware": true,
                          "Relation Name": "title",
                          "Alias": "t",
                          "Startup Cost": 0.0,
                          "Total Cost": 45479.59,
                          "Plan Rows": 101269,
                          "Plan Width": 4,
                          "Actual Startup Time": 58.416,
                          "Actual Total Time": 109.782,
                          "Actual Rows": 152049,
                          "Actual Loops": 3,
                          "Filter": "((kind_id < 2) AND (production_year < 2007))",
                          "Rows Removed by Filter": 690722
                        }
                      ]
                    }
                  ]
                }
              ]
            }
          ]
        }
      ]
    },
    "Planning Time": 0.251,
    "Triggers": [],
    "Execution Time": 288.593
  }
]