{
  "Plan": {
    "Node Type": "Aggregate",
    "Strategy": "Plain",
    "Partial Mode": "Finalize",
    "Parallel Aware": false,
    "Startup Cost": 69902.5,
    "Total Cost": 69902.51,
    "Plan Rows": 1,
    "Plan Width": 8,
    "Actual Startup Time": 70.01,
    "Actual Total Time": 75.039,
    "Actual Rows": 1,
    "Actual Loops": 1,
    "Plans": [
      {
        "Node Type": "Gather",
        "Parent Relationship": "Outer",
        "Parallel Aware": false,
        "Startup Cost": 69902.39,
        "Total Cost": 69902.5,
        "Plan Rows": 1,
        "Plan Width": 8,
        "Actual Startup Time": 69.876,
        "Actual Total Time": 75.032,
        "Actual Rows": 2,
        "Actual Loops": 1,
        "Workers Planned": 1,
        "Workers Launched": 1,
        "Single Copy": false,
        "Plans": [
          {
            "Node Type": "Aggregate",
            "Strategy": "Plain",
            "Partial Mode": "Partial",
            "Parent Relationship": "Outer",
            "Parallel Aware": false,
            "Startup Cost": 68902.39,
            "Total Cost": 68902.4,
            "Plan Rows": 1,
            "Plan Width": 8,
            "Actual Startup Time": 63.856,
            "Actual Total Time": 63.858,
            "Actual Rows": 1,
            "Actual Loops": 2,
            "Plans": [
              {
                "Node Type": "Nested Loop",
                "Parent Relationship": "Outer",
                "Parallel Aware": false,
                "Join Type": "Inner",
                "Startup Cost": 1825.03,
                "Total Cost": 68887.01,
                "Plan Rows": 6151,
                "Plan Width": 0,
                "Actual Startup Time": 17.316,
                "Actual Total Time": 63.619,
                "Actual Rows": 3168,
                "Actual Loops": 2,
                "Inner Unique": false,
                "Plans": [
                  {
                    "Node Type": "Bitmap Heap Scan",
                    "Parent Relationship": "Outer",
                    "Parallel Aware": true,
                    "Relation Name": "title",
                    "Alias": "t",
                    "Startup Cost": 1824.59,
                    "Total Cost": 38724.6,
                    "Plan Rows": 3438,
                    "Plan Width": 4,
                    "Actual Startup Time": 15.934,
                    "Actual Total Time": 49.44,
                    "Actual Rows": 1644,
                    "Actual Loops": 2,
                    "Recheck Cond": "(kind_id = 3)",
                    "Rows Removed by Index Recheck": 0,
                    "Filter": "(production_year = 2010)",
                    "Rows Removed by Filter": 48624,
                    "Exact Heap Blocks": 10245,
                    "Lossy Heap Blocks": 0,
                    "Plans": [
                      {
                        "Node Type": "Bitmap Index Scan",
                        "Parent Relationship": "Outer",
                        "Parallel Aware": false,
                        "Index Name": "kind_id_title",
                        "Startup Cost": 0.0,
                        "Total Cost": 1823.13,
                        "Plan Rows": 102227,
                        "Plan Width": 0,
                        "Actual Startup Time": 15.945,
                        "Actual Total Time": 15.945,
                        "Actual Rows": 100537,
                        "Actual Loops": 1,
                        "Index Cond": "(kind_id = 3)"
                      }
                    ]
                  },
                  {
                    "Node Type": "Index Only Scan",
                    "Parent Relationship": "Inner",
                    "Parallel Aware": false,
                    "Scan Direction": "Forward",
                    "Index Name": "movie_id_movie_keyword",
                    "Relation Name": "movie_keyword",
                    "Alias": "mk",
                    "Startup Cost": 0.43,
                    "Total Cost": 8.32,
                    "Plan Rows": 45,
                    "Plan Width": 4,
                    "Actual Startup Time": 0.008,
                    "Actual Total Time": 0.008,
                    "Actual Rows": 2,
                    "Actual Loops": 3289,
                    "Index Cond": "(movie_id = t.id)",
                    "Rows Removed by Index Recheck": 0,
                    "Heap Fetches": 6337
                  }
                ]
              }
            ]
          }
        ]
      }
    ]
  },
  "Planning Time": 0.45,
  "Triggers": [],
  "Execution Time": 75.133
}