[
  {
    "Plan": {
      "Node Type": "Aggregate",
      "Strategy": "Plain",
      "Partial Mode": "Finalize",
      "Parallel Aware": false,
      "Startup Cost": 132880.49,
      "Total Cost": 132880.5,
      "Plan Rows": 1,
      "Plan Width": 8,
      "Actual Startup Time": 1352.559,
      "Actual Total Time": 1372.109,
      "Actual Rows": 1,
      "Actual Loops": 1,
      "Plans": [
        {
          "Node Type": "Gather",
          "Parent Relationship": "Outer",
          "Parallel Aware": false,
          "Startup Cost": 132880.18,
          "Total Cost": 132880.49,
          "Plan Rows": 3,
          "Plan Width": 8,
          "Actual Startup Time": 1345.518,
          "Actual Total Time": 1372.097,
          "Actual Rows": 4,
          "Actual Loops": 1,
          "Workers Planned": 3,
          "Workers Launched": 3,
          "Single Copy": false,
          "Plans": [
            {
              "Node Type": "Aggregate",
              "Strategy": "Plain",
              "Partial Mode": "Partial",
              "Parent Relationship": "Outer",
              "Parallel Aware": false,
              "Startup Cost": 131880.18,
              "Total Cost": 131880.19,
              "Plan Rows": 1,
              "Plan Width": 8,
              "Actual Startup Time": 1336.557,
              "Actual Total Time": 1336.675,
              "Actual Rows": 1,
              "Actual Loops": 4,
              "Plans": [
                {
                  "Node Type": "Hash Join",
                  "Parent Relationship": "Outer",
                  "Parallel Aware": true,
                  "Join Type": "Inner",
                  "Startup Cost": 84576.3,
                  "Total Cost": 130488.15,
                  "Plan Rows": 556811,
                  "Plan Width": 0,
                  "Actual Startup Time": 500.83,
                  "Actual Total Time": 1111.188,
                  "Actual Rows": 5219890,
                  "Actual Loops": 4,
                  "Inner Unique": false,
                  "Hash Cond": "(mk.movie_id = t.id)",
                  "Plans": [
                    {
                      "Node Type": "Seq Scan",
                      "Parent Relationship": "Outer",
                      "Parallel Aware": true,
                      "Relation Name": "movie_keyword",
                      "Alias": "mk",
                      "Startup Cost": 0.0,
                      "Total Cost": 39047.32,
                      "Plan Rows": 1459332,
                      "Plan Width": 4,
                      "Actual Startup Time": 0.033,
                      "Actual Total Time": 94.397,
                      "Actual Rows": 1130982,
                      "Actual Loops": 4
                    },
                    {
                      "Node Type": "Hash",
                      "Parent Relationship": "Inner",
                      "Parallel Aware": true,
                      "Startup Cost": 81561.69,
                      "Total Cost": 81561.69,
                      "Plan Rows": 241169,
                      "Plan Width": 8,
                      "Actual Startup Time": 494.221,
                      "Actual Total Time": 494.337,
                      "Actual Rows": 202022,
                      "Actual Loops": 4,
                      "Hash Buckets": 1048576,
                      "Original Hash Buckets": 1048576,
                      "Hash Batches": 1,
                      "Original Hash Batches": 1,
                      "Peak Memory Usage": 39872,
                      "Plans": [
                        {
                          "Node Type": "Hash Join",
                          "Parent Relationship": "Outer",
                          "Parallel Aware": true,
                          "Join Type": "Inner",
                          "Startup Cost": 35304.63,
                          "Total Cost": 81561.69,
                          "Plan Rows": 241169,
                          "Plan Width": 8,
                          "Actual Startup Time": 154.462,
                          "Actual Total Time": 427.452,
                          "Actual Rows": 202022,
                          "Actual Loops": 4,
                          "Inner Unique": false,
                          "Hash Cond": "(t.id = mc.movie_id)",
                          "Plans": [
                            {
                              "Node Type": "Seq Scan",
                              "Parent Relationship": "Outer",
                              "Parallel Aware": true,
                              "Relation Name": "title",
                              "Alias": "t",
                              "Startup Cost": 0.0,
                              "Total Cost": 42318.73,
                              "Plan Rows": 632073,
                              "Plan Width": 4,
                              "Actual Startup Time": 0.016,
                              "Actual Total Time": 82.078,
                              "Actual Rows": 632078,
                              "Actual Loops": 4
                            },
                            {
                              "Node Type": "Hash",
                              "Parent Relationship": "Inner",
                              "Parallel Aware": true,
                              "Startup Cost": 31414.82,
                              "Total Cost": 31414.82,
                              "Plan Rows": 311185,
                              "Plan Width": 4,
                              "Actual Startup Time": 151.554,
                              "Actual Total Time": 151.555,
                              "Actual Rows": 202022,
                              "Actual Loops": 4,
                              "Hash Buckets": 1048576,
                              "Original Hash Buckets": 1048576,
                              "Hash Batches": 1,
                              "Original Hash Batches": 1,
                              "Peak Memory Usage": 39872,
                              "Plans": [
                                {
                                  "Node Type": "Seq Scan",
                                  "Parent Relationship": "Outer",
                                  "Parallel Aware": true,
                                  "Relation Name": "movie_companies",
                                  "Alias": "mc",
                                  "Startup Cost": 0.0,
                                  "Total Cost": 31414.82,
                                  "Plan Rows": 311185,
                                  "Plan Width": 4,
                                  "Actual Startup Time": 0.603,
                                  "Actual Total Time": 85.74,
                                  "Actual Rows": 202022,
                                  "Actual Loops": 4,
                                  "Filter": "((company_id > 868) AND (company_type_id = 1))",
                                  "Rows Removed by Filter": 450260
                                }
                              ]
                            }
                          ]
                        }
                      ]
                    }
                  ]
                }
              ]
            }
          ]
        }
      ]
    },
    "Planning Time": 1.415,
    "Triggers": [],
    "Execution Time": 1372.203
  }
]