{
  "Plan": {
    "Node Type": "Aggregate",
    "Strategy": "Plain",
    "Partial Mode": "Finalize",
    "Parallel Aware": false,
    "Startup Cost": 91691.17,
    "Total Cost": 91691.18,
    "Plan Rows": 1,
    "Plan Width": 8,
    "Actual Startup Time": 283.823,
    "Actual Total Time": 295.994,
    "Actual Rows": 1,
    "Actual Loops": 1,
    "Plans": [
      {
        "Node Type": "Gather",
        "Parent Relationship": "Outer",
        "Parallel Aware": false,
        "Startup Cost": 91691.06,
        "Total Cost": 91691.17,
        "Plan Rows": 1,
        "Plan Width": 8,
        "Actual Startup Time": 283.323,
        "Actual Total Time": 295.984,
        "Actual Rows": 2,
        "Actual Loops": 1,
        "Workers Planned": 1,
        "Workers Launched": 1,
        "Single Copy": false,
        "Plans": [
          {
            "Node Type": "Aggregate",
            "Strategy": "Plain",
            "Partial Mode": "Partial",
            "Parent Relationship": "Outer",
            "Parallel Aware": false,
            "Startup Cost": 90691.06,
            "Total Cost": 90691.07,
            "Plan Rows": 1,
            "Plan Width": 8,
            "Actual Startup Time": 277.382,
            "Actual Total Time": 277.387,
            "Actual Rows": 1,
            "Actual Loops": 2,
            "Plans": [
              {
                "Node Type": "Hash Join",
                "Parent Relationship": "Outer",
                "Parallel Aware": true,
                "Join Type": "Inner",
                "Startup Cost": 68136.62,
                "Total Cost": 90667.13,
                "Plan Rows": 9571,
                "Plan Width": 0,
                "Actual Startup Time": 199.309,
                "Actual Total Time": 277.238,
                "Actual Rows": 2378,
                "Actual Loops": 2,
                "Inner Unique": true,
                "Hash Cond": "(mc.movie_id = t.id)",
                "Plans": [
                  {
                    "Node Type": "Bitmap Heap Scan",
                    "Parent Relationship": "Outer",
                    "Parallel Aware": true,
                    "Relation Name": "movie_companies",
                    "Alias": "mc",
                    "Startup Cost": 9110.69,
                    "Total Cost": 30992.02,
                    "Plan Rows": 247306,
                    "Plan Width": 4,
                    "Actual Startup Time": 19.783,
                    "Actual Total Time": 56.813,
                    "Actual Rows": 213952,
                    "Actual Loops": 2,
                    "Recheck Cond": "(company_id > 79416)",
                    "Rows Removed by Index Recheck": 0,
                    "Exact Heap Blocks": 4120,
                    "Lossy Heap Blocks": 0,
                    "Plans": [
                      {
                        "Node Type": "Bitmap Index Scan",
                        "Parent Relationship": "Outer",
                        "Parallel Aware": false,
                        "Index Name": "company_id_movie_companies",
                        "Startup Cost": 0.0,
                        "Total Cost": 9005.59,
                        "Plan Rows": 420421,
                        "Plan Width": 0,
                        "Actual Startup Time": 18.845,
                        "Actual Total Time": 18.846,
                        "Actual Rows": 427905,
                        "Actual Loops": 1,
                        "Index Cond": "(company_id > 79416)"
                      }
                    ]
                  },
                  {
                    "Node Type": "Hash",
                    "Parent Relationship": "Inner",
                    "Parallel Aware": true,
                    "Startup Cost": 58306.47,
                    "Total Cost": 58306.47,
                    "Plan Rows": 57557,
                    "Plan Width": 4,
                    "Actual Startup Time": 177.062,
                    "Actual Total Time": 177.063,
                    "Actual Rows": 55201,
                    "Actual Loops": 2,
                    "Hash Buckets": 131072,
                    "Original Hash Buckets": 131072,
                    "Hash Batches": 1,
                    "Original Hash Batches": 1,
                    "Peak Memory Usage": 5344,
                    "Plans": [
                      {
                        "Node Type": "Seq Scan",
                        "Parent Relationship": "Outer",
                        "Parallel Aware": true,
                        "Relation Name": "title",
                        "Alias": "t",
                        "Startup Cost": 0.0,
                        "Total Cost": 58306.47,
                        "Plan Rows": 57557,
                        "Plan Width": 4,
                        "Actual Startup Time": 0.035,
                        "Actual Total Time": 157.074,
                        "Actual Rows": 55201,
                        "Actual Loops": 2,
                        "Filter": "((kind_id = 7) AND (production_year = 2012))",
                        "Rows Removed by Filter": 1208955
                      }
                    ]
                  }
                ]
              }
            ]
          }
        ]
      }
    ]
  },
  "Planning Time": 0.517,
  "Triggers": [],
  "Execution Time": 296.097
}