[
  {
    "Plan": {
      "Node Type": "Aggregate",
      "Strategy": "Plain",
      "Partial Mode": "Finalize",
      "Parallel Aware": false,
      "Startup Cost": 32830.92,
      "Total Cost": 32830.93,
      "Plan Rows": 1,
      "Plan Width": 8,
      "Actual Startup Time": 102.047,
      "Actual Total Time": 109.415,
      "Actual Rows": 1,
      "Actual Loops": 1,
      "Plans": [
        {
          "Node Type": "Gather",
          "Parent Relationship": "Outer",
          "Parallel Aware": false,
          "Startup Cost": 32830.61,
          "Total Cost": 32830.92,
          "Plan Rows": 3,
          "Plan Width": 8,
          "Actual Startup Time": 101.922,
          "Actual Total Time": 109.406,
          "Actual Rows": 4,
          "Actual Loops": 1,
          "Workers Planned": 3,
          "Workers Launched": 3,
          "Single Copy": false,
          "Plans": [
            {
              "Node Type": "Aggregate",
              "Strategy": "Plain",
              "Partial Mode": "Partial",
              "Parent Relationship": "Outer",
              "Parallel Aware": false,
              "Startup Cost": 31830.61,
              "Total Cost": 31830.62,
              "Plan Rows": 1,
              "Plan Width": 8,
              "Actual Startup Time": 93.437,
              "Actual Total Time": 93.438,
              "Actual Rows": 1,
              "Actual Loops": 4,
              "Plans": [
                {
                  "Node Type": "Seq Scan",
                  "Parent Relationship": "Outer",
                  "Parallel Aware": true,
                  "Relation Name": "movie_companies",
                  "Alias": "mc",
                  "Startup Cost": 0.0,
                  "Total Cost": 31414.82,
                  "Plan Rows": 166315,
                  "Plan Width": 0,
                  "Actual Startup Time": 0.05,
                  "Actual Total Time": 80.715,
                  "Actual Rows": 181511,
                  "Actual Loops": 4,
                  "Filter": "((company_id < 6087) AND (company_type_id < 2))",
                  "Rows Removed by Filter": 470772
                }
              ]
            }
          ]
        }
      ]
    },
    "Planning Time": 0.264,
    "Triggers": [],
    "Execution Time": 109.467
  }
]