[
  {
    "Plan": {
      "Node Type": "Aggregate",
      "Strategy": "Plain",
      "Partial Mode": "Finalize",
      "Parallel Aware": false,
      "Startup Cost": 348014.74,
      "Total Cost": 348014.76,
      "Plan Rows": 1,
      "Plan Width": 8,
      "Actual Startup Time": 743.73,
      "Actual Total Time": 799.726,
      "Actual Rows": 1,
      "Actual Loops": 1,
      "Plans": [
        {
          "Node Type": "Gather",
          "Parent Relationship": "Outer",
          "Parallel Aware": false,
          "Startup Cost": 348014.12,
          "Total Cost": 348014.73,
          "Plan Rows": 6,
          "Plan Width": 8,
          "Actual Startup Time": 743.429,
          "Actual Total Time": 799.71,
          "Actual Rows": 7,
          "Actual Loops": 1,
          "Workers Planned": 6,
          "Workers Launched": 6,
          "Single Copy": false,
          "Plans": [
            {
              "Node Type": "Aggregate",
              "Strategy": "Plain",
              "Partial Mode": "Partial",
              "Parent Relationship": "Outer",
              "Parallel Aware": false,
              "Startup Cost": 347014.12,
              "Total Cost": 347014.13,
              "Plan Rows": 1,
              "Plan Width": 8,
              "Actual Startup Time": 733.672,
              "Actual Total Time": 733.674,
              "Actual Rows": 1,
              "Actual Loops": 7,
              "Plans": [
                {
                  "Node Type": "Seq Scan",
                  "Parent Relationship": "Outer",
                  "Parallel Aware": true,
                  "Relation Name": "cast_info",
                  "Alias": "ci",
                  "Startup Cost": 0.0,
                  "Total Cost": 343316.27,
                  "Plan Rows": 1479140,
                  "Plan Width": 0,
                  "Actual Startup Time": 363.749,
                  "Actual Total Time": 684.626,
                  "Actual Rows": 932356,
                  "Actual Loops": 7,
                  "Filter": "((person_id > 2708878) AND (role_id < 10))",
                  "Rows Removed by Filter": 4245407
                }
              ]
            }
          ]
        }
      ]
    },
    "Planning Time": 0.23,
    "Triggers": [],
    "Execution Time": 799.797
  }
]