{
  "Plan": {
    "Node Type": "Aggregate",
    "Strategy": "Plain",
    "Partial Mode": "Finalize",
    "Parallel Aware": false,
    "Startup Cost": 153564.87,
    "Total Cost": 153564.88,
    "Plan Rows": 1,
    "Plan Width": 8,
    "Actual Startup Time": 1161.664,
    "Actual Total Time": 1183.676,
    "Actual Rows": 1,
    "Actual Loops": 1,
    "Plans": [
      {
        "Node Type": "Gather",
        "Parent Relationship": "Outer",
        "Parallel Aware": false,
        "Startup Cost": 153564.76,
        "Total Cost": 153564.87,
        "Plan Rows": 1,
        "Plan Width": 8,
        "Actual Startup Time": 1154.977,
        "Actual Total Time": 1183.67,
        "Actual Rows": 2,
        "Actual Loops": 1,
        "Workers Planned": 1,
        "Workers Launched": 1,
        "Single Copy": false,
        "Plans": [
          {
            "Node Type": "Aggregate",
            "Strategy": "Plain",
            "Partial Mode": "Partial",
            "Parent Relationship": "Outer",
            "Parallel Aware": false,
            "Startup Cost": 152564.76,
            "Total Cost": 152564.77,
            "Plan Rows": 1,
            "Plan Width": 8,
            "Actual Startup Time": 1148.69,
            "Actual Total Time": 1148.696,
            "Actual Rows": 1,
            "Actual Loops": 2,
            "Plans": [
              {
                "Node Type": "Hash Join",
                "Parent Relationship": "Outer",
                "Parallel Aware": true,
                "Join Type": "Inner",
                "Startup Cost": 87947.18,
                "Total Cost": 151758.48,
                "Plan Rows": 322510,
                "Plan Width": 0,
                "Actual Startup Time": 719.558,
                "Actual Total Time": 1106.581,
                "Actual Rows": 842070,
                "Actual Loops": 2,
                "Inner Unique": false,
                "Hash Cond": "(mk.movie_id = t.id)",
                "Plans": [
                  {
                    "Node Type": "Seq Scan",
                    "Parent Relationship": "Outer",
                    "Parallel Aware": true,
                    "Relation Name": "movie_keyword",
                    "Alias": "mk",
                    "Startup Cost": 0.0,
                    "Total Cost": 57718.19,
                    "Plan Rows": 1118932,
                    "Plan Width": 4,
                    "Actual Startup Time": 0.716,
                    "Actual Total Time": 210.961,
                    "Actual Rows": 954024,
                    "Actual Loops": 2,
                    "Filter": "(keyword_id > 7078)",
                    "Rows Removed by Filter": 1307940
                  },
                  {
                    "Node Type": "Hash",
                    "Parent Relationship": "Inner",
                    "Parallel Aware": true,
                    "Startup Cost": 82588.87,
                    "Total Cost": 82588.87,
                    "Plan Rows": 428665,
                    "Plan Width": 8,
                    "Actual Startup Time": 712.162,
                    "Actual Total Time": 712.166,
                    "Actual Rows": 313280,
                    "Actual Loops": 2,
                    "Hash Buckets": 1048576,
                    "Original Hash Buckets": 1048576,
                    "Hash Batches": 1,
                    "Original Hash Batches": 1,
                    "Peak Memory Usage": 32736,
                    "Plans": [
                      {
                        "Node Type": "Hash Join",
                        "Parent Relationship": "Outer",
                        "Parallel Aware": true,
                        "Join Type": "Inner",
                        "Startup Cost": 64405.08,
                        "Total Cost": 82588.87,
                        "Plan Rows": 428665,
                        "Plan Width": 8,
                        "Actual Startup Time": 421.88,
                        "Actual Total Time": 638.267,
                        "Actual Rows": 313280,
                        "Actual Loops": 2,
                        "Inner Unique": true,
                        "Hash Cond": "(mi_idx.movie_id = t.id)",
                        "Plans": [
                          {
                            "Node Type": "Seq Scan",
                            "Parent Relationship": "Outer",
                            "Parallel Aware": true,
                            "Relation Name": "movie_info_idx",
                            "Alias": "mi_idx",
                            "Startup Cost": 0.0,
                            "Total Cost": 16052.85,
                            "Plan Rows": 811785,
                            "Plan Width": 4,
                            "Actual Startup Time": 0.022,
                            "Actual Total Time": 61.798,
                            "Actual Rows": 690018,
                            "Actual Loops": 2
                          },
                          {
                            "Node Type": "Hash",
                            "Parent Relationship": "Inner",
                            "Parallel Aware": true,
                            "Startup Cost": 54588.39,
                            "Total Cost": 54588.39,
                            "Plan Rows": 785335,
                            "Plan Width": 4,
                            "Actual Startup Time": 413.866,
                            "Actual Total Time": 413.867,
                            "Actual Rows": 661432,
                            "Actual Loops": 2,
                            "Hash Buckets": 2097152,
                            "Original Hash Buckets": 2097152,
                            "Hash Batches": 1,
                            "Original Hash Batches": 1,
                            "Peak Memory Usage": 68192,
                            "Plans": [
                              {
                                "Node Type": "Seq Scan",
                                "Parent Relationship": "Outer",
                                "Parallel Aware": true,
                                "Relation Name": "title",
                                "Alias": "t",
                                "Startup Cost": 0.0,
                                "Total Cost": 54588.39,
                                "Plan Rows": 785335,
                                "Plan Width": 4,
                                "Actual Startup Time": 0.036,
                                "Actual Total Time": 201.243,
                                "Actual Rows": 661432,
                                "Actual Loops": 2,
                                "Filter": "(production_year > 2001)",
                                "Rows Removed by Filter": 602724
                              }
                            ]
                          }
                        ]
                      }
                    ]
                  }
                ]
              }
            ]
          }
        ]
      }
    ]
  },
  "Planning Time": 0.686,
  "Triggers": [],
  "Execution Time": 1183.738
}