{
  "Plan": {
    "Node Type": "Aggregate",
    "Strategy": "Plain",
    "Partial Mode": "Finalize",
    "Parallel Aware": false,
    "Startup Cost": 326590.23,
    "Total Cost": 326590.24,
    "Plan Rows": 1,
    "Plan Width": 8,
    "Actual Startup Time": 1969.359,
    "Actual Total Time": 1996.342,
    "Actual Rows": 1,
    "Actual Loops": 1,
    "Plans": [
      {
        "Node Type": "Gather",
        "Parent Relationship": "Outer",
        "Parallel Aware": false,
        "Startup Cost": 326590.12,
        "Total Cost": 326590.23,
        "Plan Rows": 1,
        "Plan Width": 8,
        "Actual Startup Time": 1969.135,
        "Actual Total Time": 1996.334,
        "Actual Rows": 2,
        "Actual Loops": 1,
        "Workers Planned": 1,
        "Workers Launched": 1,
        "Single Copy": false,
        "Plans": [
          {
            "Node Type": "Aggregate",
            "Strategy": "Plain",
            "Partial Mode": "Partial",
            "Parent Relationship": "Outer",
            "Parallel Aware": false,
            "Startup Cost": 325590.12,
            "Total Cost": 325590.13,
            "Plan Rows": 1,
            "Plan Width": 8,
            "Actual Startup Time": 1963.022,
            "Actual Total Time": 1963.024,
            "Actual Rows": 1,
            "Actual Loops": 2,
            "Plans": [
              {
                "Node Type": "Merge Join",
                "Parent Relationship": "Outer",
                "Parallel Aware": false,
                "Join Type": "Inner",
                "Startup Cost": 6.82,
                "Total Cost": 324588.51,
                "Plan Rows": 400644,
                "Plan Width": 0,
                "Actual Startup Time": 2.634,
                "Actual Total Time": 1947.19,
                "Actual Rows": 354846,
                "Actual Loops": 2,
                "Inner Unique": false,
                "Merge Cond": "(t.id = mc.movie_id)",
                "Plans": [
                  {
                    "Node Type": "Merge Join",
                    "Parent Relationship": "Outer",
                    "Parallel Aware": false,
                    "Join Type": "Inner",
                    "Startup Cost": 2.97,
                    "Total Cost": 167805.21,
                    "Plan Rows": 493457,
                    "Plan Width": 8,
                    "Actual Startup Time": 1.738,
                    "Actual Total Time": 1038.563,
                    "Actual Rows": 212854,
                    "Actual Loops": 2,
                    "Inner Unique": false,
                    "Merge Cond": "(t.id = mi_idx.movie_id)",
                    "Plans": [
                      {
                        "Node Type": "Index Scan",
                        "Parent Relationship": "Outer",
                        "Parallel Aware": true,
                        "Scan Direction": "Forward",
                        "Index Name": "title_pkey",
                        "Relation Name": "title",
                        "Alias": "t",
                        "Startup Cost": 0.43,
                        "Total Cost": 103647.43,
                        "Plan Rows": 904038,
                        "Plan Width": 4,
                        "Actual Startup Time": 0.079,
                        "Actual Total Time": 628.869,
                        "Actual Rows": 771055,
                        "Actual Loops": 2,
                        "Filter": "(kind_id = 7)",
                        "Rows Removed by Filter": 491984
                      },
                      {
                        "Node Type": "Index Only Scan",
                        "Parent Relationship": "Inner",
                        "Parallel Aware": false,
                        "Scan Direction": "Forward",
                        "Index Name": "movie_id_movie_info_idx",
                        "Relation Name": "movie_info_idx",
                        "Alias": "mi_idx",
                        "Startup Cost": 0.43,
                        "Total Cost": 53620.22,
                        "Plan Rows": 1380035,
                        "Plan Width": 4,
                        "Actual Startup Time": 0.19,
                        "Actual Total Time": 299.032,
                        "Actual Rows": 1380024,
                        "Actual Loops": 2,
                        "Heap Fetches": 2760047
                      }
                    ]
                  },
                  {
                    "Node Type": "Index Scan",
                    "Parent Relationship": "Inner",
                    "Parallel Aware": false,
                    "Scan Direction": "Forward",
                    "Index Name": "movie_id_movie_companies",
                    "Relation Name": "movie_companies",
                    "Alias": "mc",
                    "Startup Cost": 0.43,
                    "Total Cost": 146582.27,
                    "Plan Rows": 2052753,
                    "Plan Width": 4,
                    "Actual Startup Time": 0.078,
                    "Actual Total Time": 774.052,
                    "Actual Rows": 2275232,
                    "Actual Loops": 2,
                    "Filter": "(company_id < 71358)",
                    "Rows Removed by Filter": 628454
                  }
                ]
              }
            ]
          }
        ]
      }
    ]
  },
  "Planning Time": 1.044,
  "Triggers": [],
  "Execution Time": 1996.435
}