{
  "Plan": {
    "Node Type": "Aggregate",
    "Strategy": "Plain",
    "Partial Mode": "Finalize",
    "Parallel Aware": false,
    "Startup Cost": 136303.99,
    "Total Cost": 136304.0,
    "Plan Rows": 1,
    "Plan Width": 8,
    "Actual Startup Time": 1177.004,
    "Actual Total Time": 1208.801,
    "Actual Rows": 1,
    "Actual Loops": 1,
    "Plans": [
      {
        "Node Type": "Gather",
        "Parent Relationship": "Outer",
        "Parallel Aware": false,
        "Startup Cost": 136303.88,
        "Total Cost": 136303.99,
        "Plan Rows": 1,
        "Plan Width": 8,
        "Actual Startup Time": 1169.677,
        "Actual Total Time": 1208.789,
        "Actual Rows": 2,
        "Actual Loops": 1,
        "Workers Planned": 1,
        "Workers Launched": 1,
        "Single Copy": false,
        "Plans": [
          {
            "Node Type": "Aggregate",
            "Strategy": "Plain",
            "Partial Mode": "Partial",
            "Parent Relationship": "Outer",
            "Parallel Aware": false,
            "Startup Cost": 135303.88,
            "Total Cost": 135303.89,
            "Plan Rows": 1,
            "Plan Width": 8,
            "Actual Startup Time": 1160.029,
            "Actual Total Time": 1160.039,
            "Actual Rows": 1,
            "Actual Loops": 2,
            "Plans": [
              {
                "Node Type": "Hash Join",
                "Parent Relationship": "Outer",
                "Parallel Aware": true,
                "Join Type": "Inner",
                "Startup Cost": 100920.45,
                "Total Cost": 135234.82,
                "Plan Rows": 27624,
                "Plan Width": 0,
                "Actual Startup Time": 902.242,
                "Actual Total Time": 1154.909,
                "Actual Rows": 66670,
                "Actual Loops": 2,
                "Inner Unique": false,
                "Hash Cond": "(mk.movie_id = t.id)",
                "Plans": [
                  {
                    "Node Type": "Bitmap Heap Scan",
                    "Parent Relationship": "Outer",
                    "Parallel Aware": true,
                    "Relation Name": "movie_keyword",
                    "Alias": "mk",
                    "Startup Cost": 21519.16,
                    "Total Cost": 53433.06,
                    "Plan Rows": 596792,
                    "Plan Width": 4,
                    "Actual Startup Time": 95.501,
                    "Actual Total Time": 255.302,
                    "Actual Rows": 508492,
                    "Actual Loops": 2,
                    "Recheck Cond": "(keyword_id < 992)",
                    "Rows Removed by Index Recheck": 0,
                    "Exact Heap Blocks": 14142,
                    "Lossy Heap Blocks": 0,
                    "Plans": [
                      {
                        "Node Type": "Bitmap Index Scan",
                        "Parent Relationship": "Outer",
                        "Parallel Aware": false,
                        "Index Name": "keyword_id_movie_keyword",
                        "Startup Cost": 0.0,
                        "Total Cost": 21265.53,
                        "Plan Rows": 1014546,
                        "Plan Width": 0,
                        "Actual Startup Time": 89.673,
                        "Actual Total Time": 89.674,
                        "Actual Rows": 1016985,
                        "Actual Loops": 1,
                        "Index Cond": "(keyword_id < 992)"
                      }
                    ]
                  },
                  {
                    "Node Type": "Hash",
                    "Parent Relationship": "Inner",
                    "Parallel Aware": true,
                    "Startup Cost": 78540.78,
                    "Total Cost": 78540.78,
                    "Plan Rows": 68841,
                    "Plan Width": 8,
                    "Actual Startup Time": 804.082,
                    "Actual Total Time": 804.089,
                    "Actual Rows": 28068,
                    "Actual Loops": 2,
                    "Hash Buckets": 131072,
                    "Original Hash Buckets": 131072,
                    "Hash Batches": 1,
                    "Original Hash Batches": 1,
                    "Peak Memory Usage": 3264,
                    "Plans": [
                      {
                        "Node Type": "Hash Join",
                        "Parent Relationship": "Outer",
                        "Parallel Aware": true,
                        "Join Type": "Inner",
                        "Startup Cost": 68712.63,
                        "Total Cost": 78540.78,
                        "Plan Rows": 68841,
                        "Plan Width": 8,
                        "Actual Startup Time": 718.764,
                        "Actual Total Time": 793.109,
                        "Actual Rows": 28068,
                        "Actual Loops": 2,
                        "Inner Unique": true,
                        "Hash Cond": "(ci.movie_id = t.id)",
                        "Plans": [
                          {
                            "Node Type": "Index Scan",
                            "Parent Relationship": "Outer",
                            "Parallel Aware": true,
                            "Scan Direction": "Forward",
                            "Index Name": "role_id_cast_info",
                            "Relation Name": "cast_info",
                            "Alias": "ci",
                            "Startup Cost": 0.56,
                            "Total Cost": 9590.86,
                            "Plan Rows": 90612,
                            "Plan Width": 4,
                            "Actual Startup Time": 0.101,
                            "Actual Total Time": 35.39,
                            "Actual Rows": 36582,
                            "Actual Loops": 2,
                            "Index Cond": "(role_id > 10)",
                            "Rows Removed by Index Recheck": 0,
                            "Filter": "(person_id < 1868868)",
                            "Rows Removed by Filter": 121478
                          },
                          {
                            "Node Type": "Hash",
                            "Parent Relationship": "Inner",
                            "Parallel Aware": true,
                            "Startup Cost": 54588.39,
                            "Total Cost": 54588.39,
                            "Plan Rows": 1129894,
                            "Plan Width": 4,
                            "Actual Startup Time": 705.49,
                            "Actual Total Time": 705.492,
                            "Actual Rows": 961424,
                            "Actual Loops": 2,
                            "Hash Buckets": 2097152,
                            "Original Hash Buckets": 2097152,
                            "Hash Batches": 1,
                            "Original Hash Batches": 1,
                            "Peak Memory Usage": 91648,
                            "Plans": [
                              {
                                "Node Type": "Seq Scan",
                                "Parent Relationship": "Outer",
                                "Parallel Aware": true,
                                "Relation Name": "title",
                                "Alias": "t",
                                "Startup Cost": 0.0,
                                "Total Cost": 54588.39,
                                "Plan Rows": 1129894,
                                "Plan Width": 4,
                                "Actual Startup Time": 0.04,
                                "Actual Total Time": 289.216,
                                "Actual Rows": 961424,
                                "Actual Loops": 2,
                                "Filter": "(production_year < 2010)",
                                "Rows Removed by Filter": 302732
                              }
                            ]
                          }
                        ]
                      }
                    ]
                  }
                ]
              }
            ]
          }
        ]
      }
    ]
  },
  "Planning Time": 1.095,
  "Triggers": [],
  "Execution Time": 1208.916
}