[
  {
    "Plan": {
      "Node Type": "Aggregate",
      "Strategy": "Plain",
      "Partial Mode": "Finalize",
      "Parallel Aware": false,
      "Startup Cost": 38365.85,
      "Total Cost": 38365.86,
      "Plan Rows": 1,
      "Plan Width": 8,
      "Actual Startup Time": 26.688,
      "Actual Total Time": 30.546,
      "Actual Rows": 1,
      "Actual Loops": 1,
      "Plans": [
        {
          "Node Type": "Gather",
          "Parent Relationship": "Outer",
          "Parallel Aware": false,
          "Startup Cost": 38365.63,
          "Total Cost": 38365.84,
          "Plan Rows": 2,
          "Plan Width": 8,
          "Actual Startup Time": 26.456,
          "Actual Total Time": 30.538,
          "Actual Rows": 3,
          "Actual Loops": 1,
          "Workers Planned": 2,
          "Workers Launched": 2,
          "Single Copy": false,
          "Plans": [
            {
              "Node Type": "Aggregate",
              "Strategy": "Plain",
              "Partial Mode": "Partial",
              "Parent Relationship": "Outer",
              "Parallel Aware": false,
              "Startup Cost": 37365.63,
              "Total Cost": 37365.64,
              "Plan Rows": 1,
              "Plan Width": 8,
              "Actual Startup Time": 19.138,
              "Actual Total Time": 19.14,
              "Actual Rows": 1,
              "Actual Loops": 3,
              "Plans": [
                {
                  "Node Type": "Nested Loop",
                  "Parent Relationship": "Outer",
                  "Parallel Aware": false,
                  "Join Type": "Inner",
                  "Startup Cost": 110.22,
                  "Total Cost": 37365.37,
                  "Plan Rows": 104,
                  "Plan Width": 0,
                  "Actual Startup Time": 1.83,
                  "Actual Total Time": 19.104,
                  "Actual Rows": 104,
                  "Actual Loops": 3,
                  "Inner Unique": true,
                  "Plans": [
                    {
                      "Node Type": "Bitmap Heap Scan",
                      "Parent Relationship": "Outer",
                      "Parallel Aware": true,
                      "Relation Name": "movie_info",
                      "Alias": "mi",
                      "Startup Cost": 109.79,
                      "Total Cost": 19887.18,
                      "Plan Rows": 2438,
                      "Plan Width": 4,
                      "Actual Startup Time": 1.098,
                      "Actual Total Time": 4.793,
                      "Actual Rows": 1446,
                      "Actual Loops": 3,
                      "Recheck Cond": "(info_type_id = 35)",
                      "Rows Removed by Index Recheck": 0,
                      "Exact Heap Blocks": 1214,
                      "Lossy Heap Blocks": 0,
                      "Plans": [
                        {
                          "Node Type": "Bitmap Index Scan",
                          "Parent Relationship": "Outer",
                          "Parallel Aware": false,
                          "Index Name": "info_type_id_movie_info",
                          "Startup Cost": 0.0,
                          "Total Cost": 108.33,
                          "Plan Rows": 5852,
                          "Plan Width": 0,
                          "Actual Startup Time": 2.38,
                          "Actual Total Time": 2.381,
                          "Actual Rows": 4339,
                          "Actual Loops": 1,
                          "Index Cond": "(info_type_id = 35)"
                        }
                      ]
                    },
                    {
                      "Node Type": "Index Scan",
                      "Parent Relationship": "Inner",
                      "Parallel Aware": false,
                      "Scan Direction": "Forward",
                      "Index Name": "title_pkey",
                      "Relation Name": "title",
                      "Alias": "t",
                      "Startup Cost": 0.43,
                      "Total Cost": 7.17,
                      "Plan Rows": 1,
                      "Plan Width": 4,
                      "Actual Startup Time": 0.009,
                      "Actual Total Time": 0.009,
                      "Actual Rows": 0,
                      "Actual Loops": 4339,
                      "Index Cond": "(id = mi.movie_id)",
                      "Rows Removed by Index Recheck": 0,
                      "Filter": "(production_year = 2006)",
                      "Rows Removed by Filter": 1
                    }
                  ]
                }
              ]
            }
          ]
        }
      ]
    },
    "Planning Time": 0.466,
    "Triggers": [],
    "Execution Time": 30.617
  }
]