[
  {
    "Plan": {
      "Node Type": "Aggregate",
      "Strategy": "Plain",
      "Partial Mode": "Finalize",
      "Parallel Aware": false,
      "Startup Cost": 44544.37,
      "Total Cost": 44544.38,
      "Plan Rows": 1,
      "Plan Width": 8,
      "Actual Startup Time": 132.537,
      "Actual Total Time": 140.803,
      "Actual Rows": 1,
      "Actual Loops": 1,
      "Plans": [
        {
          "Node Type": "Gather",
          "Parent Relationship": "Outer",
          "Parallel Aware": false,
          "Startup Cost": 44544.05,
          "Total Cost": 44544.36,
          "Plan Rows": 3,
          "Plan Width": 8,
          "Actual Startup Time": 132.436,
          "Actual Total Time": 140.79,
          "Actual Rows": 4,
          "Actual Loops": 1,
          "Workers Planned": 3,
          "Workers Launched": 3,
          "Single Copy": false,
          "Plans": [
            {
              "Node Type": "Aggregate",
              "Strategy": "Plain",
              "Partial Mode": "Partial",
              "Parent Relationship": "Outer",
              "Parallel Aware": false,
              "Startup Cost": 43544.05,
              "Total Cost": 43544.06,
              "Plan Rows": 1,
              "Plan Width": 8,
              "Actual Startup Time": 126.589,
              "Actual Total Time": 126.59,
              "Actual Rows": 1,
              "Actual Loops": 4,
              "Plans": [
                {
                  "Node Type": "Seq Scan",
                  "Parent Relationship": "Outer",
                  "Parallel Aware": true,
                  "Relation Name": "movie_keyword",
                  "Alias": "mk",
                  "Startup Cost": 0.0,
                  "Total Cost": 42695.65,
                  "Plan Rows": 339360,
                  "Plan Width": 0,
                  "Actual Startup Time": 0.037,
                  "Actual Total Time": 112.131,
                  "Actual Rows": 264930,
                  "Actual Loops": 4,
                  "Filter": "(keyword_id < 1057)",
                  "Rows Removed by Filter": 866052
                }
              ]
            }
          ]
        }
      ]
    },
    "Planning Time": 0.196,
    "Triggers": [],
    "Execution Time": 140.858
  }
]