{
  "Plan": {
    "Node Type": "Aggregate",
    "Strategy": "Plain",
    "Partial Mode": "Finalize",
    "Parallel Aware": false,
    "Startup Cost": 562573.3,
    "Total Cost": 562573.31,
    "Plan Rows": 1,
    "Plan Width": 8,
    "Actual Startup Time": 3301.699,
    "Actual Total Time": 3363.941,
    "Actual Rows": 1,
    "Actual Loops": 1,
    "Plans": [
      {
        "Node Type": "Gather",
        "Parent Relationship": "Outer",
        "Parallel Aware": false,
        "Startup Cost": 562573.19,
        "Total Cost": 562573.3,
        "Plan Rows": 1,
        "Plan Width": 8,
        "Actual Startup Time": 3301.367,
        "Actual Total Time": 3363.932,
        "Actual Rows": 2,
        "Actual Loops": 1,
        "Workers Planned": 1,
        "Workers Launched": 1,
        "Single Copy": false,
        "Plans": [
          {
            "Node Type": "Aggregate",
            "Strategy": "Plain",
            "Partial Mode": "Partial",
            "Parent Relationship": "Outer",
            "Parallel Aware": false,
            "Startup Cost": 561573.19,
            "Total Cost": 561573.2,
            "Plan Rows": 1,
            "Plan Width": 8,
            "Actual Startup Time": 3297.045,
            "Actual Total Time": 3297.049,
            "Actual Rows": 1,
            "Actual Loops": 2,
            "Plans": [
              {
                "Node Type": "Hash Join",
                "Parent Relationship": "Outer",
                "Parallel Aware": true,
                "Join Type": "Inner",
                "Startup Cost": 39019.22,
                "Total Cost": 560752.58,
                "Plan Rows": 328245,
                "Plan Width": 0,
                "Actual Startup Time": 60.126,
                "Actual Total Time": 3276.633,
                "Actual Rows": 444184,
                "Actual Loops": 2,
                "Inner Unique": true,
                "Hash Cond": "(ci.movie_id = t.id)",
                "Plans": [
                  {
                    "Node Type": "Seq Scan",
                    "Parent Relationship": "Outer",
                    "Parallel Aware": true,
                    "Relation Name": "cast_info",
                    "Alias": "ci",
                    "Startup Cost": 0.0,
                    "Total Cost": 465792.95,
                    "Plan Rows": 21310595,
                    "Plan Width": 4,
                    "Actual Startup Time": 0.026,
                    "Actual Total Time": 1312.027,
                    "Actual Rows": 18122172,
                    "Actual Loops": 2
                  },
                  {
                    "Node Type": "Hash",
                    "Parent Relationship": "Inner",
                    "Parallel Aware": true,
                    "Startup Cost": 38732.87,
                    "Total Cost": 38732.87,
                    "Plan Rows": 22908,
                    "Plan Width": 4,
                    "Actual Startup Time": 58.918,
                    "Actual Total Time": 58.92,
                    "Actual Rows": 25732,
                    "Actual Loops": 2,
                    "Hash Buckets": 65536,
                    "Original Hash Buckets": 65536,
                    "Hash Batches": 1,
                    "Original Hash Batches": 1,
                    "Peak Memory Usage": 2560,
                    "Plans": [
                      {
                        "Node Type": "Bitmap Heap Scan",
                        "Parent Relationship": "Outer",
                        "Parallel Aware": true,
                        "Relation Name": "title",
                        "Alias": "t",
                        "Startup Cost": 1832.87,
                        "Total Cost": 38732.87,
                        "Plan Rows": 22908,
                        "Plan Width": 4,
                        "Actual Startup Time": 14.669,
                        "Actual Total Time": 52.139,
                        "Actual Rows": 25732,
                        "Actual Loops": 2,
                        "Recheck Cond": "(kind_id = 3)",
                        "Rows Removed by Index Recheck": 0,
                        "Filter": "(production_year < 1999)",
                        "Rows Removed by Filter": 24537,
                        "Exact Heap Blocks": 10415,
                        "Lossy Heap Blocks": 0,
                        "Plans": [
                          {
                            "Node Type": "Bitmap Index Scan",
                            "Parent Relationship": "Outer",
                            "Parallel Aware": false,
                            "Index Name": "kind_id_title",
                            "Startup Cost": 0.0,
                            "Total Cost": 1823.13,
                            "Plan Rows": 102227,
                            "Plan Width": 0,
                            "Actual Startup Time": 13.574,
                            "Actual Total Time": 13.574,
                            "Actual Rows": 100537,
                            "Actual Loops": 1,
                            "Index Cond": "(kind_id = 3)"
                          }
                        ]
                      }
                    ]
                  }
                ]
              }
            ]
          }
        ]
      }
    ]
  },
  "Planning Time": 0.512,
  "Triggers": [],
  "Execution Time": 3364.031
}