[
  {
    "Plan": {
      "Node Type": "Aggregate",
      "Strategy": "Plain",
      "Partial Mode": "Finalize",
      "Parallel Aware": false,
      "Startup Cost": 460655.4,
      "Total Cost": 460655.41,
      "Plan Rows": 1,
      "Plan Width": 8,
      "Actual Startup Time": 2514.633,
      "Actual Total Time": 2563.789,
      "Actual Rows": 1,
      "Actual Loops": 1,
      "Plans": [
        {
          "Node Type": "Gather",
          "Parent Relationship": "Outer",
          "Parallel Aware": false,
          "Startup Cost": 460654.77,
          "Total Cost": 460655.38,
          "Plan Rows": 6,
          "Plan Width": 8,
          "Actual Startup Time": 2466.512,
          "Actual Total Time": 2563.777,
          "Actual Rows": 7,
          "Actual Loops": 1,
          "Workers Planned": 6,
          "Workers Launched": 6,
          "Single Copy": false,
          "Plans": [
            {
              "Node Type": "Aggregate",
              "Strategy": "Plain",
              "Partial Mode": "Partial",
              "Parent Relationship": "Outer",
              "Parallel Aware": false,
              "Startup Cost": 459654.77,
              "Total Cost": 459654.78,
              "Plan Rows": 1,
              "Plan Width": 8,
              "Actual Startup Time": 2456.643,
              "Actual Total Time": 2457.286,
              "Actual Rows": 1,
              "Actual Loops": 7,
              "Plans": [
                {
                  "Node Type": "Hash Join",
                  "Parent Relationship": "Outer",
                  "Parallel Aware": true,
                  "Join Type": "Inner",
                  "Startup Cost": 108224.95,
                  "Total Cost": 453071.64,
                  "Plan Rows": 2633252,
                  "Plan Width": 0,
                  "Actual Startup Time": 732.594,
                  "Actual Total Time": 2097.188,
                  "Actual Rows": 8325514,
                  "Actual Loops": 7,
                  "Inner Unique": false,
                  "Hash Cond": "(ci.movie_id = t.id)",
                  "Plans": [
                    {
                      "Node Type": "Seq Scan",
                      "Parent Relationship": "Outer",
                      "Parallel Aware": true,
                      "Relation Name": "cast_info",
                      "Alias": "ci",
                      "Startup Cost": 0.0,
                      "Total Cost": 328213.62,
                      "Plan Rows": 2170324,
                      "Plan Width": 4,
                      "Actual Startup Time": 223.959,
                      "Actual Total Time": 507.184,
                      "Actual Rows": 1878343,
                      "Actual Loops": 7,
                      "Filter": "(person_id > 2361204)",
                      "Rows Removed by Filter": 3299421
                    },
                    {
                      "Node Type": "Hash",
                      "Parent Relationship": "Inner",
                      "Parallel Aware": true,
                      "Startup Cost": 95855.55,
                      "Total Cost": 95855.55,
                      "Plan Rows": 989552,
                      "Plan Width": 8,
                      "Actual Startup Time": 504.476,
                      "Actual Total Time": 505.117,
                      "Actual Rows": 522465,
                      "Actual Loops": 7,
                      "Hash Buckets": 4194304,
                      "Original Hash Buckets": 4194304,
                      "Hash Batches": 1,
                      "Original Hash Batches": 1,
                      "Peak Memory Usage": 175968,
                      "Plans": [
                        {
                          "Node Type": "Hash Join",
                          "Parent Relationship": "Outer",
                          "Parallel Aware": true,
                          "Join Type": "Inner",
                          "Startup Cost": 49487.33,
                          "Total Cost": 95855.55,
                          "Plan Rows": 989552,
                          "Plan Width": 8,
                          "Actual Startup Time": 182.401,
                          "Actual Total Time": 367.979,
                          "Actual Rows": 522465,
                          "Actual Loops": 7,
                          "Inner Unique": true,
                          "Hash Cond": "(mk.movie_id = t.id)",
                          "Plans": [
                            {
                              "Node Type": "Seq Scan",
                              "Parent Relationship": "Outer",
                              "Parallel Aware": true,
                              "Relation Name": "movie_keyword",
                              "Alias": "mk",
                              "Startup Cost": 0.0,
                              "Total Cost": 42695.65,
                              "Plan Rows": 1399069,
                              "Plan Width": 4,
                              "Actual Startup Time": 0.021,
                              "Actual Total Time": 78.115,
                              "Actual Rows": 619145,
                              "Actual Loops": 7,
                              "Filter": "(keyword_id < 70964)",
                              "Rows Removed by Filter": 27131
                            },
                            {
                              "Node Type": "Hash",
                              "Parent Relationship": "Inner",
                              "Parallel Aware": true,
                              "Startup Cost": 43899.01,
                              "Total Cost": 43899.01,
                              "Plan Rows": 447066,
                              "Plan Width": 4,
                              "Actual Startup Time": 180.478,
                              "Actual Total Time": 180.479,
                              "Actual Rows": 256308,
                              "Actual Loops": 7,
                              "Hash Buckets": 2097152,
                              "Original Hash Buckets": 2097152,
                              "Hash Batches": 1,
                              "Original Hash Batches": 1,
                              "Peak Memory Usage": 86688,
                              "Plans": [
                                {
                                  "Node Type": "Seq Scan",
                                  "Parent Relationship": "Outer",
                                  "Parallel Aware": true,
                                  "Relation Name": "title",
                                  "Alias": "t",
                                  "Startup Cost": 0.0,
                                  "Total Cost": 43899.01,
                                  "Plan Rows": 447066,
                                  "Plan Width": 4,
                                  "Actual Startup Time": 0.047,
                                  "Actual Total Time": 74.453,
                                  "Actual Rows": 256308,
                                  "Actual Loops": 7,
                                  "Filter": "(production_year < 2009)",
                                  "Rows Removed by Filter": 104880
                                }
                              ]
                            }
                          ]
                        }
                      ]
                    }
                  ]
                }
              ]
            }
          ]
        }
      ]
    },
    "Planning Time": 0.402,
    "Triggers": [],
    "Execution Time": 2563.824
  }
]