[
  {
    "Plan": {
      "Node Type": "Aggregate",
      "Strategy": "Plain",
      "Partial Mode": "Finalize",
      "Parallel Aware": false,
      "Startup Cost": 93372.32,
      "Total Cost": 93372.33,
      "Plan Rows": 1,
      "Plan Width": 8,
      "Actual Startup Time": 241.928,
      "Actual Total Time": 258.233,
      "Actual Rows": 1,
      "Actual Loops": 1,
      "Plans": [
        {
          "Node Type": "Gather",
          "Parent Relationship": "Outer",
          "Parallel Aware": false,
          "Startup Cost": 93372.0,
          "Total Cost": 93372.31,
          "Plan Rows": 3,
          "Plan Width": 8,
          "Actual Startup Time": 241.373,
          "Actual Total Time": 258.225,
          "Actual Rows": 4,
          "Actual Loops": 1,
          "Workers Planned": 3,
          "Workers Launched": 3,
          "Single Copy": false,
          "Plans": [
            {
              "Node Type": "Aggregate",
              "Strategy": "Plain",
              "Partial Mode": "Partial",
              "Parent Relationship": "Outer",
              "Parallel Aware": false,
              "Startup Cost": 92372.0,
              "Total Cost": 92372.01,
              "Plan Rows": 1,
              "Plan Width": 8,
              "Actual Startup Time": 235.312,
              "Actual Total Time": 235.316,
              "Actual Rows": 1,
              "Actual Loops": 4,
              "Plans": [
                {
                  "Node Type": "Nested Loop",
                  "Parent Relationship": "Outer",
                  "Parallel Aware": false,
                  "Join Type": "Inner",
                  "Startup Cost": 46222.88,
                  "Total Cost": 92339.52,
                  "Plan Rows": 12992,
                  "Plan Width": 0,
                  "Actual Startup Time": 142.2,
                  "Actual Total Time": 234.82,
                  "Actual Rows": 9230,
                  "Actual Loops": 4,
                  "Inner Unique": false,
                  "Join Filter": "(t.id = mi_idx.movie_id)",
                  "Rows Removed by Join Filter": 0,
                  "Plans": [
                    {
                      "Node Type": "Hash Join",
                      "Parent Relationship": "Outer",
                      "Parallel Aware": true,
                      "Join Type": "Inner",
                      "Startup Cost": 46222.45,
                      "Total Cost": 78301.85,
                      "Plan Rows": 23803,
                      "Plan Width": 8,
                      "Actual Startup Time": 142.101,
                      "Actual Total Time": 209.622,
                      "Actual Rows": 11580,
                      "Actual Loops": 4,
                      "Inner Unique": true,
                      "Hash Cond": "(mc.movie_id = t.id)",
                      "Plans": [
                        {
                          "Node Type": "Seq Scan",
                          "Parent Relationship": "Outer",
                          "Parallel Aware": true,
                          "Relation Name": "movie_companies",
                          "Alias": "mc",
                          "Startup Cost": 0.0,
                          "Total Cost": 31414.82,
                          "Plan Rows": 253176,
                          "Plan Width": 4,
                          "Actual Startup Time": 31.294,
                          "Actual Total Time": 68.721,
                          "Actual Rows": 249071,
                          "Actual Loops": 4,
                          "Filter": "((company_id > 6893) AND (company_type_id = 2))",
                          "Rows Removed by Filter": 403211
                        },
                        {
                          "Node Type": "Hash",
                          "Parent Relationship": "Inner",
                          "Parallel Aware": true,
                          "Startup Cost": 45479.59,
                          "Total Cost": 45479.59,
                          "Plan Rows": 59429,
                          "Plan Width": 4,
                          "Actual Startup Time": 108.417,
                          "Actual Total Time": 108.418,
                          "Actual Rows": 30062,
                          "Actual Loops": 4,
                          "Hash Buckets": 262144,
                          "Original Hash Buckets": 262144,
                          "Hash Batches": 1,
                          "Original Hash Batches": 1,
                          "Peak Memory Usage": 6816,
                          "Plans": [
                            {
                              "Node Type": "Seq Scan",
                              "Parent Relationship": "Outer",
                              "Parallel Aware": true,
                              "Relation Name": "title",
                              "Alias": "t",
                              "Startup Cost": 0.0,
                              "Total Cost": 45479.59,
                              "Plan Rows": 59429,
                              "Plan Width": 4,
                              "Actual Startup Time": 0.041,
                              "Actual Total Time": 95.763,
                              "Actual Rows": 30062,
                              "Actual Loops": 4,
                              "Filter": "((kind_id > 1) AND (production_year < 1968))",
                              "Rows Removed by Filter": 602016
                            }
                          ]
                        }
                      ]
                    },
                    {
                      "Node Type": "Index Only Scan",
                      "Parent Relationship": "Inner",
                      "Parallel Aware": false,
                      "Scan Direction": "Forward",
                      "Index Name": "movie_id_movie_info_idx",
                      "Relation Name": "movie_info_idx",
                      "Alias": "mi_idx",
                      "Startup Cost": 0.43,
                      "Total Cost": 0.55,
                      "Plan Rows": 3,
                      "Plan Width": 4,
                      "Actual Startup Time": 0.002,
                      "Actual Total Time": 0.002,
                      "Actual Rows": 1,
                      "Actual Loops": 46322,
                      "Index Cond": "(movie_id = mc.movie_id)",
                      "Rows Removed by Index Recheck": 0,
                      "Heap Fetches": 36918
                    }
                  ]
                }
              ]
            }
          ]
        }
      ]
    },
    "Planning Time": 1.472,
    "Triggers": [],
    "Execution Time": 258.321
  }
]