{
  "Plan": {
    "Node Type": "Aggregate",
    "Strategy": "Plain",
    "Partial Mode": "Finalize",
    "Parallel Aware": false,
    "Startup Cost": 84332.47,
    "Total Cost": 84332.48,
    "Plan Rows": 1,
    "Plan Width": 8,
    "Actual Startup Time": 330.881,
    "Actual Total Time": 341.09,
    "Actual Rows": 1,
    "Actual Loops": 1,
    "Plans": [
      {
        "Node Type": "Gather",
        "Parent Relationship": "Outer",
        "Parallel Aware": false,
        "Startup Cost": 84332.36,
        "Total Cost": 84332.47,
        "Plan Rows": 1,
        "Plan Width": 8,
        "Actual Startup Time": 330.583,
        "Actual Total Time": 341.084,
        "Actual Rows": 2,
        "Actual Loops": 1,
        "Workers Planned": 1,
        "Workers Launched": 1,
        "Single Copy": false,
        "Plans": [
          {
            "Node Type": "Aggregate",
            "Strategy": "Plain",
            "Partial Mode": "Partial",
            "Parent Relationship": "Outer",
            "Parallel Aware": false,
            "Startup Cost": 83332.36,
            "Total Cost": 83332.37,
            "Plan Rows": 1,
            "Plan Width": 8,
            "Actual Startup Time": 324.664,
            "Actual Total Time": 324.667,
            "Actual Rows": 1,
            "Actual Loops": 2,
            "Plans": [
              {
                "Node Type": "Hash Join",
                "Parent Relationship": "Outer",
                "Parallel Aware": true,
                "Join Type": "Inner",
                "Startup Cost": 22867.53,
                "Total Cost": 83243.09,
                "Plan Rows": 35708,
                "Plan Width": 0,
                "Actual Startup Time": 231.949,
                "Actual Total Time": 322.224,
                "Actual Rows": 57445,
                "Actual Loops": 2,
                "Inner Unique": false,
                "Hash Cond": "(t.id = mc.movie_id)",
                "Plans": [
                  {
                    "Node Type": "Seq Scan",
                    "Parent Relationship": "Outer",
                    "Parallel Aware": true,
                    "Relation Name": "title",
                    "Alias": "t",
                    "Startup Cost": 0.0,
                    "Total Cost": 50870.31,
                    "Plan Rows": 1487231,
                    "Plan Width": 4,
                    "Actual Startup Time": 0.01,
                    "Actual Total Time": 114.222,
                    "Actual Rows": 1264156,
                    "Actual Loops": 2
                  },
                  {
                    "Node Type": "Hash",
                    "Parent Relationship": "Inner",
                    "Parallel Aware": true,
                    "Startup Cost": 22421.18,
                    "Total Cost": 22421.18,
                    "Plan Rows": 35708,
                    "Plan Width": 4,
                    "Actual Startup Time": 53.66,
                    "Actual Total Time": 53.661,
                    "Actual Rows": 57445,
                    "Actual Loops": 2,
                    "Hash Buckets": 131072,
                    "Original Hash Buckets": 65536,
                    "Hash Batches": 1,
                    "Original Hash Batches": 1,
                    "Peak Memory Usage": 6080,
                    "Plans": [
                      {
                        "Node Type": "Bitmap Heap Scan",
                        "Parent Relationship": "Outer",
                        "Parallel Aware": true,
                        "Relation Name": "movie_companies",
                        "Alias": "mc",
                        "Startup Cost": 2576.28,
                        "Total Cost": 22421.18,
                        "Plan Rows": 35708,
                        "Plan Width": 4,
                        "Actual Startup Time": 13.545,
                        "Actual Total Time": 37.939,
                        "Actual Rows": 57445,
                        "Actual Loops": 2,
                        "Recheck Cond": "(company_id > 149146)",
                        "Rows Removed by Index Recheck": 0,
                        "Filter": "(company_type_id = 2)",
                        "Rows Removed by Filter": 0,
                        "Exact Heap Blocks": 2520,
                        "Lossy Heap Blocks": 0,
                        "Plans": [
                          {
                            "Node Type": "Bitmap Index Scan",
                            "Parent Relationship": "Outer",
                            "Parallel Aware": false,
                            "Index Name": "company_id_movie_companies",
                            "Startup Cost": 0.0,
                            "Total Cost": 2561.1,
                            "Plan Rows": 119556,
                            "Plan Width": 0,
                            "Actual Startup Time": 16.745,
                            "Actual Total Time": 16.745,
                            "Actual Rows": 114890,
                            "Actual Loops": 1,
                            "Index Cond": "(company_id > 149146)"
                          }
                        ]
                      }
                    ]
                  }
                ]
              }
            ]
          }
        ]
      }
    ]
  },
  "Planning Time": 0.472,
  "Triggers": [],
  "Execution Time": 341.185
}