[
  {
    "Plan": {
      "Node Type": "Aggregate",
      "Strategy": "Plain",
      "Partial Mode": "Finalize",
      "Parallel Aware": false,
      "Startup Cost": 283643.94,
      "Total Cost": 283643.95,
      "Plan Rows": 1,
      "Plan Width": 8,
      "Actual Startup Time": 1200.582,
      "Actual Total Time": 1246.327,
      "Actual Rows": 1,
      "Actual Loops": 1,
      "Plans": [
        {
          "Node Type": "Gather",
          "Parent Relationship": "Outer",
          "Parallel Aware": false,
          "Startup Cost": 283643.41,
          "Total Cost": 283643.92,
          "Plan Rows": 5,
          "Plan Width": 8,
          "Actual Startup Time": 1183.225,
          "Actual Total Time": 1246.315,
          "Actual Rows": 6,
          "Actual Loops": 1,
          "Workers Planned": 5,
          "Workers Launched": 5,
          "Single Copy": false,
          "Plans": [
            {
              "Node Type": "Aggregate",
              "Strategy": "Plain",
              "Partial Mode": "Partial",
              "Parent Relationship": "Outer",
              "Parallel Aware": false,
              "Startup Cost": 282643.41,
              "Total Cost": 282643.42,
              "Plan Rows": 1,
              "Plan Width": 8,
              "Actual Startup Time": 1169.272,
              "Actual Total Time": 1170.014,
              "Actual Rows": 1,
              "Actual Loops": 6,
              "Plans": [
                {
                  "Node Type": "Hash Join",
                  "Parent Relationship": "Outer",
                  "Parallel Aware": true,
                  "Join Type": "Inner",
                  "Startup Cost": 73373.61,
                  "Total Cost": 280791.16,
                  "Plan Rows": 740900,
                  "Plan Width": 0,
                  "Actual Startup Time": 448.435,
                  "Actual Total Time": 1109.912,
                  "Actual Rows": 1442727,
                  "Actual Loops": 6,
                  "Inner Unique": false,
                  "Hash Cond": "(mi.movie_id = t.id)",
                  "Plans": [
                    {
                      "Node Type": "Seq Scan",
                      "Parent Relationship": "Outer",
                      "Parallel Aware": true,
                      "Relation Name": "movie_info",
                      "Alias": "mi",
                      "Startup Cost": 0.0,
                      "Total Cost": 198952.16,
                      "Plan Rows": 1434213,
                      "Plan Width": 4,
                      "Actual Startup Time": 0.035,
                      "Actual Total Time": 322.758,
                      "Actual Rows": 1214478,
                      "Actual Loops": 6,
                      "Filter": "(info_type_id < 8)",
                      "Rows Removed by Filter": 1258142
                    },
                    {
                      "Node Type": "Hash",
                      "Parent Relationship": "Inner",
                      "Parallel Aware": true,
                      "Startup Cost": 66571.05,
                      "Total Cost": 66571.05,
                      "Plan Rows": 544205,
                      "Plan Width": 8,
                      "Actual Startup Time": 442.078,
                      "Actual Total Time": 442.819,
                      "Actual Rows": 227695,
                      "Actual Loops": 6,
                      "Hash Buckets": 2097152,
                      "Original Hash Buckets": 2097152,
                      "Hash Batches": 1,
                      "Original Hash Batches": 1,
                      "Peak Memory Usage": 69920,
                      "Plans": [
                        {
                          "Node Type": "Hash Join",
                          "Parent Relationship": "Outer",
                          "Parallel Aware": true,
                          "Join Type": "Inner",
                          "Startup Cost": 51376.49,
                          "Total Cost": 66571.05,
                          "Plan Rows": 544205,
                          "Plan Width": 8,
                          "Actual Startup Time": 275.003,
                          "Actual Total Time": 368.617,
                          "Actual Rows": 227695,
                          "Actual Loops": 6,
                          "Inner Unique": true,
                          "Hash Cond": "(mi_idx.movie_id = t.id)",
                          "Plans": [
                            {
                              "Node Type": "Seq Scan",
                              "Parent Relationship": "Outer",
                              "Parallel Aware": true,
                              "Relation Name": "movie_info_idx",
                              "Alias": "mi_idx",
                              "Startup Cost": 0.0,
                              "Total Cost": 13685.15,
                              "Plan Rows": 575015,
                              "Plan Width": 4,
                              "Actual Startup Time": 0.028,
                              "Actual Total Time": 22.924,
                              "Actual Rows": 230006,
                              "Actual Loops": 6
                            },
                            {
                              "Node Type": "Hash",
                              "Parent Relationship": "Inner",
                              "Parallel Aware": true,
                              "Startup Cost": 43898.92,
                              "Total Cost": 43898.92,
                              "Plan Rows": 598206,
                              "Plan Width": 4,
                              "Actual Startup Time": 270.592,
                              "Actual Total Time": 270.593,
                              "Actual Rows": 398117,
                              "Actual Loops": 6,
                              "Hash Buckets": 4194304,
                              "Original Hash Buckets": 4194304,
                              "Hash Batches": 1,
                              "Original Hash Batches": 1,
                              "Peak Memory Usage": 126336,
                              "Plans": [
                                {
                                  "Node Type": "Seq Scan",
                                  "Parent Relationship": "Outer",
                                  "Parallel Aware": true,
                                  "Relation Name": "title",
                                  "Alias": "t",
                                  "Startup Cost": 0.0,
                                  "Total Cost": 43898.92,
                                  "Plan Rows": 598206,
                                  "Plan Width": 4,
                                  "Actual Startup Time": 0.04,
                                  "Actual Total Time": 89.086,
                                  "Actual Rows": 398117,
                                  "Actual Loops": 6,
                                  "Filter": "(production_year > 1915)",
                                  "Rows Removed by Filter": 23268
                                }
                              ]
                            }
                          ]
                        }
                      ]
                    }
                  ]
                }
              ]
            }
          ]
        }
      ]
    },
    "Planning Time": 1.291,
    "Triggers": [],
    "Execution Time": 1246.42
  }
]