[
  {
    "Plan": {
      "Node Type": "Aggregate",
      "Strategy": "Plain",
      "Partial Mode": "Simple",
      "Parallel Aware": false,
      "Startup Cost": 8086.16,
      "Total Cost": 8086.17,
      "Plan Rows": 1,
      "Plan Width": 96,
      "Actual Startup Time": 433.556,
      "Actual Total Time": 433.566,
      "Actual Rows": 1,
      "Actual Loops": 1,
      "Plans": [
        {
          "Node Type": "Nested Loop",
          "Parent Relationship": "Outer",
          "Parallel Aware": false,
          "Join Type": "Inner",
          "Startup Cost": 13.98,
          "Total Cost": 8086.15,
          "Plan Rows": 1,
          "Plan Width": 39,
          "Actual Startup Time": 14.812,
          "Actual Total Time": 433.434,
          "Actual Rows": 284,
          "Actual Loops": 1,
          "Inner Unique": true,
          "Join Filter": "(t.kind_id = kt.id)",
          "Rows Removed by Join Filter": 10,
          "Plans": [
            {
              "Node Type": "Nested Loop",
              "Parent Relationship": "Outer",
              "Parallel Aware": false,
              "Join Type": "Inner",
              "Startup Cost": 13.98,
              "Total Cost": 8085.05,
              "Plan Rows": 1,
              "Plan Width": 43,
              "Actual Startup Time": 14.797,
              "Actual Total Time": 432.55,
              "Actual Rows": 294,
              "Actual Loops": 1,
              "Inner Unique": true,
              "Plans": [
                {
                  "Node Type": "Nested Loop",
                  "Parent Relationship": "Outer",
                  "Parallel Aware": false,
                  "Join Type": "Inner",
                  "Startup Cost": 13.53,
                  "Total Cost": 8080.59,
                  "Plan Rows": 1,
                  "Plan Width": 38,
                  "Actual Startup Time": 14.73,
                  "Actual Total Time": 427.319,
                  "Actual Rows": 677,
                  "Actual Loops": 1,
                  "Inner Unique": true,
                  "Plans": [
                    {
                      "Node Type": "Nested Loop",
                      "Parent Relationship": "Outer",
                      "Parallel Aware": false,
                      "Join Type": "Inner",
                      "Startup Cost": 13.09,
                      "Total Cost": 8076.14,
                      "Plan Rows": 1,
                      "Plan Width": 42,
                      "Actual Startup Time": 14.649,
                      "Actual Total Time": 413.369,
                      "Actual Rows": 677,
                      "Actual Loops": 1,
                      "Inner Unique": true,
                      "Plans": [
                        {
                          "Node Type": "Nested Loop",
                          "Parent Relationship": "Outer",
                          "Parallel Aware": false,
                          "Join Type": "Inner",
                          "Startup Cost": 12.65,
                          "Total Cost": 8071.68,
                          "Plan Rows": 1,
                          "Plan Width": 30,
                          "Actual Startup Time": 2.055,
                          "Actual Total Time": 304.364,
                          "Actual Rows": 14827,
                          "Actual Loops": 1,
                          "Inner Unique": false,
                          "Plans": [
                            {
                              "Node Type": "Nested Loop",
                              "Parent Relationship": "Outer",
                              "Parallel Aware": false,
                              "Join Type": "Inner",
                              "Startup Cost": 11.71,
                              "Total Cost": 8065.97,
                              "Plan Rows": 1,
                              "Plan Width": 18,
                              "Actual Startup Time": 1.969,
                              "Actual Total Time": 207.651,
                              "Actual Rows": 113,
                              "Actual Loops": 1,
                              "Inner Unique": true,
                              "Join Filter": "(cc.status_id = cct2.id)",
                              "Rows Removed by Join Filter": 84,
                              "Plans": [
                                {
                                  "Node Type": "Nested Loop",
                                  "Parent Relationship": "Outer",
                                  "Parallel Aware": false,
                                  "Join Type": "Inner",
                                  "Startup Cost": 11.71,
                                  "Total Cost": 8064.91,
                                  "Plan Rows": 1,
                                  "Plan Width": 22,
                                  "Actual Startup Time": 1.965,
                                  "Actual Total Time": 207.278,
                                  "Actual Rows": 113,
                                  "Actual Loops": 1,
                                  "Inner Unique": true,
                                  "Join Filter": "(cc.subject_id = cct1.id)",
                                  "Rows Removed by Join Filter": 81,
                                  "Plans": [
                                    {
                                      "Node Type": "Nested Loop",
                                      "Parent Relationship": "Outer",
                                      "Parallel Aware": false,
                                      "Join Type": "Inner",
                                      "Startup Cost": 11.71,
                                      "Total Cost": 8063.85,
                                      "Plan Rows": 1,
                                      "Plan Width": 26,
                                      "Actual Startup Time": 1.952,
                                      "Actual Total Time": 206.623,
                                      "Actual Rows": 194,
                                      "Actual Loops": 1,
                                      "Inner Unique": false,
                                      "Plans": [
                                        {
                                          "Node Type": "Nested Loop",
                                          "Parent Relationship": "Outer",
                                          "Parallel Aware": false,
                                          "Join Type": "Inner",
                                          "Startup Cost": 11.28,
                                          "Total Cost": 8059.37,
                                          "Plan Rows": 1,
                                          "Plan Width": 14,
                                          "Actual Startup Time": 1.485,
                                          "Actual Total Time": 202.667,
                                          "Actual Rows": 304,
                                          "Actual Loops": 1,
                                          "Inner Unique": false,
                                          "Join Filter": "(mi_idx.info_type_id = it2.id)",
                                          "Rows Removed by Join Filter": 1041,
                                          "Plans": [
                                            {
                                              "Node Type": "Seq Scan",
                                              "Parent Relationship": "Outer",
                                              "Parallel Aware": false,
                                              "Relation Name": "info_type",
                                              "Alias": "it2",
                                              "Startup Cost": 0.0,
                                              "Total Cost": 2.41,
                                              "Plan Rows": 1,
                                              "Plan Width": 4,
                                              "Actual Startup Time": 0.041,
                                              "Actual Total Time": 0.044,
                                              "Actual Rows": 1,
                                              "Actual Loops": 1,
                                              "Filter": "((info)::text = 'rating'::text)",
                                              "Rows Removed by Filter": 112
                                            },
                                            {
                                              "Node Type": "Nested Loop",
                                              "Parent Relationship": "Inner",
                                              "Parallel Aware": false,
                                              "Join Type": "Inner",
                                              "Startup Cost": 11.28,
                                              "Total Cost": 8056.77,
                                              "Plan Rows": 15,
                                              "Plan Width": 18,
                                              "Actual Startup Time": 1.442,
                                              "Actual Total Time": 202.424,
                                              "Actual Rows": 1345,
                                              "Actual Loops": 1,
                                              "Inner Unique": false,
                                              "Plans": [
                                                {
                                                  "Node Type": "Nested Loop",
                                                  "Parent Relationship": "Outer",
                                                  "Parallel Aware": false,
                                                  "Join Type": "Inner",
                                                  "Startup Cost": 10.82,
                                                  "Total Cost": 7447.81,
                                                  "Plan Rows": 135,
                                                  "Plan Width": 4,
                                                  "Actual Startup Time": 0.926,
                                                  "Actual Total Time": 78.321,
                                                  "Actual Rows": 15145,
                                                  "Actual Loops": 1,
                                                  "Inner Unique": false,
                                                  "Plans": [
                                                    {
                                                      "Node Type": "Seq Scan",
                                                      "Parent Relationship": "Outer",
                                                      "Parallel Aware": false,
                                                      "Relation Name": "keyword",
                                                      "Alias": "k",
                                                      "Startup Cost": 0.0,
                                                      "Total Cost": 2961.55,
                                                      "Plan Rows": 4,
                                                      "Plan Width": 4,
                                                      "Actual Startup Time": 0.498,
                                                      "Actual Total Time": 16.748,
                                                      "Actual Rows": 4,
                                                      "Actual Loops": 1,
                                                      "Filter": "(keyword = ANY ('{magnet,violence,tv-special,superhero}'::text[]))",
                                                      "Rows Removed by Filter": 134166
                                                    },
                                                    {
                                                      "Node Type": "Bitmap Heap Scan",
                                                      "Parent Relationship": "Inner",
                                                      "Parallel Aware": false,
                                                      "Relation Name": "movie_keyword",
                                                      "Alias": "mk",
                                                      "Startup Cost": 10.82,
                                                      "Total Cost": 1118.49,
                                                      "Plan Rows": 308,
                                                      "Plan Width": 8,
                                                      "Actual Startup Time": 0.85,
                                                      "Actual Total Time": 14.765,
                                                      "Actual Rows": 3786,
                                                      "Actual Loops": 4,
                                                      "Recheck Cond": "(keyword_id = k.id)",
                                                      "Rows Removed by Index Recheck": 0,
                                                      "Exact Heap Blocks": 10019,
                                                      "Lossy Heap Blocks": 0,
                                                      "Plans": [
                                                        {
                                                          "Node Type": "Bitmap Index Scan",
                                                          "Parent Relationship": "Outer",
                                                          "Parallel Aware": false,
                                                          "Index Name": "keyword_id_movie_keyword",
                                                          "Startup Cost": 0.0,
                                                          "Total Cost": 10.74,
                                                          "Plan Rows": 308,
                                                          "Plan Width": 0,
                                                          "Actual Startup Time": 0.575,
                                                          "Actual Total Time": 0.575,
                                                          "Actual Rows": 3786,
                                                          "Actual Loops": 4,
                                                          "Index Cond": "(keyword_id = k.id)"
                                                        }
                                                      ]
                                                    }
                                                  ]
                                                },
                                                {
                                                  "Node Type": "Bitmap Heap Scan",
                                                  "Parent Relationship": "Inner",
                                                  "Parallel Aware": false,
                                                  "Relation Name": "movie_info_idx",
                                                  "Alias": "mi_idx",
                                                  "Startup Cost": 0.46,
                                                  "Total Cost": 4.5,
                                                  "Plan Rows": 1,
                                                  "Plan Width": 14,
                                                  "Actual Startup Time": 0.006,
                                                  "Actual Total Time": 0.007,
                                                  "Actual Rows": 0,
                                                  "Actual Loops": 15145,
                                                  "Recheck Cond": "(movie_id = mk.movie_id)",
                                                  "Rows Removed by Index Recheck": 0,
                                                  "Filter": "(info > '8.0'::text)",
                                                  "Rows Removed by Filter": 2,
                                                  "Exact Heap Blocks": 12310,
                                                  "Lossy Heap Blocks": 0,
                                                  "Plans": [
                                                    {
                                                      "Node Type": "Bitmap Index Scan",
                                                      "Parent Relationship": "Outer",
                                                      "Parallel Aware": false,
                                                      "Index Name": "movie_id_movie_info_idx",
                                                      "Startup Cost": 0.0,
                                                      "Total Cost": 0.46,
                                                      "Plan Rows": 3,
                                                      "Plan Width": 0,
                                                      "Actual Startup Time": 0.004,
                                                      "Actual Total Time": 0.004,
                                                      "Actual Rows": 2,
                                                      "Actual Loops": 15145,
                                                      "Index Cond": "(movie_id = mk.movie_id)"
                                                    }
                                                  ]
                                                }
                                              ]
                                            }
                                          ]
                                        },
                                        {
                                          "Node Type": "Bitmap Heap Scan",
                                          "Parent Relationship": "Inner",
                                          "Parallel Aware": false,
                                          "Relation Name": "complete_cast",
                                          "Alias": "cc",
                                          "Startup Cost": 0.44,
                                          "Total Cost": 4.46,
                                          "Plan Rows": 2,
                                          "Plan Width": 12,
                                          "Actual Startup Time": 0.009,
                                          "Actual Total Time": 0.011,
                                          "Actual Rows": 1,
                                          "Actual Loops": 304,
                                          "Recheck Cond": "(movie_id = mk.movie_id)",
                                          "Rows Removed by Index Recheck": 0,
                                          "Exact Heap Blocks": 194,
                                          "Lossy Heap Blocks": 0,
                                          "Plans": [
                                            {
                                              "Node Type": "Bitmap Index Scan",
                                              "Parent Relationship": "Outer",
                                              "Parallel Aware": false,
                                              "Index Name": "movie_id_complete_cast",
                                              "Startup Cost": 0.0,
                                              "Total Cost": 0.44,
                                              "Plan Rows": 2,
                                              "Plan Width": 0,
                                              "Actual Startup Time": 0.006,
                                              "Actual Total Time": 0.006,
                                              "Actual Rows": 1,
                                              "Actual Loops": 304,
                                              "Index Cond": "(movie_id = mk.movie_id)"
                                            }
                                          ]
                                        }
                                      ]
                                    },
                                    {
                                      "Node Type": "Seq Scan",
                                      "Parent Relationship": "Inner",
                                      "Parallel Aware": false,
                                      "Relation Name": "comp_cast_type",
                                      "Alias": "cct1",
                                      "Startup Cost": 0.0,
                                      "Total Cost": 1.05,
                                      "Plan Rows": 1,
                                      "Plan Width": 4,
                                      "Actual Startup Time": 0.001,
                                      "Actual Total Time": 0.001,
                                      "Actual Rows": 1,
                                      "Actual Loops": 194,
                                      "Filter": "((kind)::text = 'cast'::text)",
                                      "Rows Removed by Filter": 1
                                    }
                                  ]
                                },
                                {
                                  "Node Type": "Seq Scan",
                                  "Parent Relationship": "Inner",
                                  "Parallel Aware": false,
                                  "Relation Name": "comp_cast_type",
                                  "Alias": "cct2",
                                  "Startup Cost": 0.0,
                                  "Total Cost": 1.05,
                                  "Plan Rows": 1,
                                  "Plan Width": 4,
                                  "Actual Startup Time": 0.001,
                                  "Actual Total Time": 0.001,
                                  "Actual Rows": 2,
                                  "Actual Loops": 113,
                                  "Filter": "((kind)::text ~~ '%complete%'::text)",
                                  "Rows Removed by Filter": 2
                                }
                              ]
                            },
                            {
                              "Node Type": "Bitmap Heap Scan",
                              "Parent Relationship": "Inner",
                              "Parallel Aware": false,
                              "Relation Name": "cast_info",
                              "Alias": "ci",
                              "Startup Cost": 0.94,
                              "Total Cost": 5.37,
                              "Plan Rows": 34,
                              "Plan Width": 12,
                              "Actual Startup Time": 0.044,
                              "Actual Total Time": 0.822,
                              "Actual Rows": 131,
                              "Actual Loops": 113,
                              "Recheck Cond": "(movie_id = mk.movie_id)",
                              "Rows Removed by Index Recheck": 0,
                              "Exact Heap Blocks": 14355,
                              "Lossy Heap Blocks": 0,
                              "Plans": [
                                {
                                  "Node Type": "Bitmap Index Scan",
                                  "Parent Relationship": "Outer",
                                  "Parallel Aware": false,
                                  "Index Name": "movie_id_cast_info",
                                  "Startup Cost": 0.0,
                                  "Total Cost": 0.94,
                                  "Plan Rows": 34,
                                  "Plan Width": 0,
                                  "Actual Startup Time": 0.027,
                                  "Actual Total Time": 0.027,
                                  "Actual Rows": 131,
                                  "Actual Loops": 113,
                                  "Index Cond": "(movie_id = mk.movie_id)"
                                }
                              ]
                            }
                          ]
                        },
                        {
                          "Node Type": "Bitmap Heap Scan",
                          "Parent Relationship": "Inner",
                          "Parallel Aware": false,
                          "Relation Name": "char_name",
                          "Alias": "chn",
                          "Startup Cost": 0.44,
                          "Total Cost": 4.46,
                          "Plan Rows": 1,
                          "Plan Width": 20,
                          "Actual Startup Time": 0.006,
                          "Actual Total Time": 0.006,
                          "Actual Rows": 0,
                          "Actual Loops": 14827,
                          "Recheck Cond": "(id = ci.person_role_id)",
                          "Rows Removed by Index Recheck": 0,
                          "Filter": "((name IS NOT NULL) AND ((name ~~ '%man%'::text) OR (name ~~ '%Man%'::text)))",
                          "Rows Removed by Filter": 0,
                          "Exact Heap Blocks": 7155,
                          "Lossy Heap Blocks": 0,
                          "Plans": [
                            {
                              "Node Type": "Bitmap Index Scan",
                              "Parent Relationship": "Outer",
                              "Parallel Aware": false,
                              "Index Name": "char_name_pkey",
                              "Startup Cost": 0.0,
                              "Total Cost": 0.44,
                              "Plan Rows": 1,
                              "Plan Width": 0,
                              "Actual Startup Time": 0.003,
                              "Actual Total Time": 0.003,
                              "Actual Rows": 0,
                              "Actual Loops": 14827,
                              "Index Cond": "(id = ci.person_role_id)"
                            }
                          ]
                        }
                      ]
                    },
                    {
                      "Node Type": "Bitmap Heap Scan",
                      "Parent Relationship": "Inner",
                      "Parallel Aware": false,
                      "Relation Name": "name",
                      "Alias": "n",
                      "Startup Cost": 0.44,
                      "Total Cost": 4.45,
                      "Plan Rows": 1,
                      "Plan Width": 4,
                      "Actual Startup Time": 0.018,
                      "Actual Total Time": 0.018,
                      "Actual Rows": 1,
                      "Actual Loops": 677,
                      "Recheck Cond": "(id = ci.person_id)",
                      "Rows Removed by Index Recheck": 0,
                      "Exact Heap Blocks": 677,
                      "Lossy Heap Blocks": 0,
                      "Plans": [
                        {
                          "Node Type": "Bitmap Index Scan",
                          "Parent Relationship": "Outer",
                          "Parallel Aware": false,
                          "Index Name": "name_pkey",
                          "Startup Cost": 0.0,
                          "Total Cost": 0.44,
                          "Plan Rows": 1,
                          "Plan Width": 0,
                          "Actual Startup Time": 0.012,
                          "Actual Total Time": 0.012,
                          "Actual Rows": 1,
                          "Actual Loops": 677,
                          "Index Cond": "(id = ci.person_id)"
                        }
                      ]
                    }
                  ]
                },
                {
                  "Node Type": "Bitmap Heap Scan",
                  "Parent Relationship": "Inner",
                  "Parallel Aware": false,
                  "Relation Name": "title",
                  "Alias": "t",
                  "Startup Cost": 0.45,
                  "Total Cost": 4.46,
                  "Plan Rows": 1,
                  "Plan Width": 25,
                  "Actual Startup Time": 0.006,
                  "Actual Total Time": 0.006,
                  "Actual Rows": 0,
                  "Actual Loops": 677,
                  "Recheck Cond": "(id = mk.movie_id)",
                  "Rows Removed by Index Recheck": 0,
                  "Filter": "(production_year > 1996)",
                  "Rows Removed by Filter": 1,
                  "Exact Heap Blocks": 677,
                  "Lossy Heap Blocks": 0,
                  "Plans": [
                    {
                      "Node Type": "Bitmap Index Scan",
                      "Parent Relationship": "Outer",
                      "Parallel Aware": false,
                      "Index Name": "title_pkey",
                      "Startup Cost": 0.0,
                      "Total Cost": 0.45,
                      "Plan Rows": 1,
                      "Plan Width": 0,
                      "Actual Startup Time": 0.003,
                      "Actual Total Time": 0.003,
                      "Actual Rows": 1,
                      "Actual Loops": 677,
                      "Index Cond": "(id = mk.movie_id)"
                    }
                  ]
                }
              ]
            },
            {
              "Node Type": "Seq Scan",
              "Parent Relationship": "Inner",
              "Parallel Aware": false,
              "Relation Name": "kind_type",
              "Alias": "kt",
              "Startup Cost": 0.0,
              "Total Cost": 1.09,
              "Plan Rows": 1,
              "Plan Width": 4,
              "Actual Startup Time": 0.001,
              "Actual Total Time": 0.001,
              "Actual Rows": 1,
              "Actual Loops": 294,
              "Filter": "((kind)::text = 'movie'::text)",
              "Rows Removed by Filter": 0
            }
          ]
        }
      ]
    },
    "Planning Time": 41.858,
    "Triggers": [],
    "Execution Time": 433.945
  }
]