[
  {
    "Plan": {
      "Node Type": "Aggregate",
      "Strategy": "Plain",
      "Partial Mode": "Finalize",
      "Parallel Aware": false,
      "Startup Cost": 33254.14,
      "Total Cost": 33254.15,
      "Plan Rows": 1,
      "Plan Width": 8,
      "Actual Startup Time": 80.572,
      "Actual Total Time": 88.882,
      "Actual Rows": 1,
      "Actual Loops": 1,
      "Plans": [
        {
          "Node Type": "Gather",
          "Parent Relationship": "Outer",
          "Parallel Aware": false,
          "Startup Cost": 33253.82,
          "Total Cost": 33254.13,
          "Plan Rows": 3,
          "Plan Width": 8,
          "Actual Startup Time": 80.418,
          "Actual Total Time": 88.873,
          "Actual Rows": 4,
          "Actual Loops": 1,
          "Workers Planned": 3,
          "Workers Launched": 3,
          "Single Copy": false,
          "Plans": [
            {
              "Node Type": "Aggregate",
              "Strategy": "Plain",
              "Partial Mode": "Partial",
              "Parent Relationship": "Outer",
              "Parallel Aware": false,
              "Startup Cost": 32253.82,
              "Total Cost": 32253.83,
              "Plan Rows": 1,
              "Plan Width": 8,
              "Actual Startup Time": 77.233,
              "Actual Total Time": 77.235,
              "Actual Rows": 1,
              "Actual Loops": 4,
              "Plans": [
                {
                  "Node Type": "Seq Scan",
                  "Parent Relationship": "Outer",
                  "Parallel Aware": true,
                  "Relation Name": "movie_companies",
                  "Alias": "mc",
                  "Startup Cost": 0.0,
                  "Total Cost": 31414.82,
                  "Plan Rows": 335602,
                  "Plan Width": 0,
                  "Actual Startup Time": 36.05,
                  "Actual Total Time": 69.474,
                  "Actual Rows": 191602,
                  "Actual Loops": 4,
                  "Filter": "((company_id < 71419) AND (company_type_id = 2))",
                  "Rows Removed by Filter": 460680
                }
              ]
            }
          ]
        }
      ]
    },
    "Planning Time": 0.07,
    "Triggers": [],
    "Execution Time": 88.916
  }
]