[
  {
    "Plan": {
      "Node Type": "Aggregate",
      "Strategy": "Plain",
      "Partial Mode": "Finalize",
      "Parallel Aware": false,
      "Startup Cost": 119483.52,
      "Total Cost": 119483.53,
      "Plan Rows": 1,
      "Plan Width": 8,
      "Actual Startup Time": 184.795,
      "Actual Total Time": 203.602,
      "Actual Rows": 1,
      "Actual Loops": 1,
      "Plans": [
        {
          "Node Type": "Gather",
          "Parent Relationship": "Outer",
          "Parallel Aware": false,
          "Startup Cost": 119483.0,
          "Total Cost": 119483.51,
          "Plan Rows": 5,
          "Plan Width": 8,
          "Actual Startup Time": 184.642,
          "Actual Total Time": 203.589,
          "Actual Rows": 6,
          "Actual Loops": 1,
          "Workers Planned": 5,
          "Workers Launched": 5,
          "Single Copy": false,
          "Plans": [
            {
              "Node Type": "Aggregate",
              "Strategy": "Plain",
              "Partial Mode": "Partial",
              "Parent Relationship": "Outer",
              "Parallel Aware": false,
              "Startup Cost": 118483.0,
              "Total Cost": 118483.01,
              "Plan Rows": 1,
              "Plan Width": 8,
              "Actual Startup Time": 174.238,
              "Actual Total Time": 174.24,
              "Actual Rows": 1,
              "Actual Loops": 6,
              "Plans": [
                {
                  "Node Type": "Index Scan",
                  "Parent Relationship": "Outer",
                  "Parallel Aware": true,
                  "Scan Direction": "Forward",
                  "Index Name": "role_id_cast_info",
                  "Relation Name": "cast_info",
                  "Alias": "ci",
                  "Startup Cost": 0.56,
                  "Total Cost": 118067.1,
                  "Plan Rows": 166358,
                  "Plan Width": 0,
                  "Actual Startup Time": 0.366,
                  "Actual Total Time": 171.054,
                  "Actual Rows": 46400,
                  "Actual Loops": 6,
                  "Index Cond": "(role_id = 10)",
                  "Rows Removed by Index Recheck": 0,
                  "Filter": "(person_id < 685478)",
                  "Rows Removed by Filter": 674103
                }
              ]
            }
          ]
        }
      ]
    },
    "Planning Time": 0.222,
    "Triggers": [],
    "Execution Time": 203.665
  }
]