{
  "Plan": {
    "Node Type": "Aggregate",
    "Strategy": "Plain",
    "Partial Mode": "Finalize",
    "Parallel Aware": false,
    "Startup Cost": 883817.96,
    "Total Cost": 883817.97,
    "Plan Rows": 1,
    "Plan Width": 8,
    "Actual Startup Time": 6458.777,
    "Actual Total Time": 6545.513,
    "Actual Rows": 1,
    "Actual Loops": 1,
    "Plans": [
      {
        "Node Type": "Gather",
        "Parent Relationship": "Outer",
        "Parallel Aware": false,
        "Startup Cost": 883817.85,
        "Total Cost": 883817.96,
        "Plan Rows": 1,
        "Plan Width": 8,
        "Actual Startup Time": 6458.347,
        "Actual Total Time": 6545.504,
        "Actual Rows": 2,
        "Actual Loops": 1,
        "Workers Planned": 1,
        "Workers Launched": 1,
        "Single Copy": false,
        "Plans": [
          {
            "Node Type": "Aggregate",
            "Strategy": "Plain",
            "Partial Mode": "Partial",
            "Parent Relationship": "Outer",
            "Parallel Aware": false,
            "Startup Cost": 882817.85,
            "Total Cost": 882817.86,
            "Plan Rows": 1,
            "Plan Width": 8,
            "Actual Startup Time": 6452.084,
            "Actual Total Time": 6452.094,
            "Actual Rows": 1,
            "Actual Loops": 2,
            "Plans": [
              {
                "Node Type": "Nested Loop",
                "Parent Relationship": "Outer",
                "Parallel Aware": false,
                "Join Type": "Inner",
                "Startup Cost": 56245.89,
                "Total Cost": 880639.98,
                "Plan Rows": 871145,
                "Plan Width": 0,
                "Actual Startup Time": 147.288,
                "Actual Total Time": 6339.525,
                "Actual Rows": 2612298,
                "Actual Loops": 2,
                "Inner Unique": false,
                "Join Filter": "(t.id = mi.movie_id)",
                "Rows Removed by Join Filter": 0,
                "Plans": [
                  {
                    "Node Type": "Hash Join",
                    "Parent Relationship": "Outer",
                    "Parallel Aware": true,
                    "Join Type": "Inner",
                    "Startup Cost": 56245.45,
                    "Total Cost": 577978.8,
                    "Plan Rows": 173061,
                    "Plan Width": 8,
                    "Actual Startup Time": 147.23,
                    "Actual Total Time": 3356.506,
                    "Actual Rows": 213574,
                    "Actual Loops": 2,
                    "Inner Unique": true,
                    "Hash Cond": "(ci.movie_id = t.id)",
                    "Plans": [
                      {
                        "Node Type": "Seq Scan",
                        "Parent Relationship": "Outer",
                        "Parallel Aware": true,
                        "Relation Name": "cast_info",
                        "Alias": "ci",
                        "Startup Cost": 0.0,
                        "Total Cost": 465792.95,
                        "Plan Rows": 21310595,
                        "Plan Width": 4,
                        "Actual Startup Time": 0.015,
                        "Actual Total Time": 1351.141,
                        "Actual Rows": 18122172,
                        "Actual Loops": 2
                      },
                      {
                        "Node Type": "Hash",
                        "Parent Relationship": "Inner",
                        "Parallel Aware": true,
                        "Startup Cost": 56094.48,
                        "Total Cost": 56094.48,
                        "Plan Rows": 12078,
                        "Plan Width": 4,
                        "Actual Startup Time": 146.107,
                        "Actual Total Time": 146.109,
                        "Actual Rows": 12166,
                        "Actual Loops": 2,
                        "Hash Buckets": 32768,
                        "Original Hash Buckets": 32768,
                        "Hash Batches": 1,
                        "Original Hash Batches": 1,
                        "Peak Memory Usage": 1248,
                        "Plans": [
                          {
                            "Node Type": "Bitmap Heap Scan",
                            "Parent Relationship": "Outer",
                            "Parallel Aware": true,
                            "Relation Name": "title",
                            "Alias": "t",
                            "Startup Cost": 13444.09,
                            "Total Cost": 56094.48,
                            "Plan Rows": 12078,
                            "Plan Width": 4,
                            "Actual Startup Time": 48.71,
                            "Actual Total Time": 142.259,
                            "Actual Rows": 12166,
                            "Actual Loops": 2,
                            "Recheck Cond": "(kind_id < 3)",
                            "Rows Removed by Index Recheck": 0,
                            "Filter": "(production_year > 2012)",
                            "Rows Removed by Filter": 364673,
                            "Exact Heap Blocks": 27123,
                            "Lossy Heap Blocks": 0,
                            "Plans": [
                              {
                                "Node Type": "Bitmap Index Scan",
                                "Parent Relationship": "Outer",
                                "Parallel Aware": false,
                                "Index Name": "kind_id_title",
                                "Startup Cost": 0.0,
                                "Total Cost": 13438.96,
                                "Plan Rows": 753937,
                                "Plan Width": 0,
                                "Actual Startup Time": 47.875,
                                "Actual Total Time": 47.875,
                                "Actual Rows": 753677,
                                "Actual Loops": 1,
                                "Index Cond": "(kind_id < 3)"
                              }
                            ]
                          }
                        ]
                      }
                    ]
                  },
                  {
                    "Node Type": "Index Scan",
                    "Parent Relationship": "Inner",
                    "Parallel Aware": false,
                    "Scan Direction": "Forward",
                    "Index Name": "movie_id_movie_info",
                    "Relation Name": "movie_info",
                    "Alias": "mi",
                    "Startup Cost": 0.43,
                    "Total Cost": 1.3,
                    "Plan Rows": 36,
                    "Plan Width": 4,
                    "Actual Startup Time": 0.005,
                    "Actual Total Time": 0.013,
                    "Actual Rows": 12,
                    "Actual Loops": 427147,
                    "Index Cond": "(movie_id = ci.movie_id)",
                    "Rows Removed by Index Recheck": 0,
                    "Filter": "(info_type_id > 2)",
                    "Rows Removed by Filter": 1
                  }
                ]
              }
            ]
          }
        ]
      }
    ]
  },
  "Planning Time": 1.012,
  "Triggers": [],
  "Execution Time": 6545.658
}