[
  {
    "Plan": {
      "Node Type": "Aggregate",
      "Strategy": "Plain",
      "Partial Mode": "Finalize",
      "Parallel Aware": false,
      "Startup Cost": 88379.6,
      "Total Cost": 88379.61,
      "Plan Rows": 1,
      "Plan Width": 8,
      "Actual Startup Time": 283.174,
      "Actual Total Time": 300.564,
      "Actual Rows": 1,
      "Actual Loops": 1,
      "Plans": [
        {
          "Node Type": "Gather",
          "Parent Relationship": "Outer",
          "Parallel Aware": false,
          "Startup Cost": 88379.28,
          "Total Cost": 88379.59,
          "Plan Rows": 3,
          "Plan Width": 8,
          "Actual Startup Time": 282.652,
          "Actual Total Time": 300.556,
          "Actual Rows": 4,
          "Actual Loops": 1,
          "Workers Planned": 3,
          "Workers Launched": 3,
          "Single Copy": false,
          "Plans": [
            {
              "Node Type": "Aggregate",
              "Strategy": "Plain",
              "Partial Mode": "Partial",
              "Parent Relationship": "Outer",
              "Parallel Aware": false,
              "Startup Cost": 87379.28,
              "Total Cost": 87379.29,
              "Plan Rows": 1,
              "Plan Width": 8,
              "Actual Startup Time": 274.506,
              "Actual Total Time": 274.509,
              "Actual Rows": 1,
              "Actual Loops": 4,
              "Plans": [
                {
                  "Node Type": "Hash Join",
                  "Parent Relationship": "Outer",
                  "Parallel Aware": true,
                  "Join Type": "Inner",
                  "Startup Cost": 44310.94,
                  "Total Cost": 87189.02,
                  "Plan Rows": 76104,
                  "Plan Width": 0,
                  "Actual Startup Time": 115.917,
                  "Actual Total Time": 272.047,
                  "Actual Rows": 58853,
                  "Actual Loops": 4,
                  "Inner Unique": true,
                  "Hash Cond": "(mk.movie_id = t.id)",
                  "Plans": [
                    {
                      "Node Type": "Seq Scan",
                      "Parent Relationship": "Outer",
                      "Parallel Aware": true,
                      "Relation Name": "movie_keyword",
                      "Alias": "mk",
                      "Startup Cost": 0.0,
                      "Total Cost": 39047.32,
                      "Plan Rows": 1459332,
                      "Plan Width": 4,
                      "Actual Startup Time": 0.023,
                      "Actual Total Time": 85.328,
                      "Actual Rows": 1130982,
                      "Actual Loops": 4
                    },
                    {
                      "Node Type": "Hash",
                      "Parent Relationship": "Inner",
                      "Parallel Aware": true,
                      "Startup Cost": 43898.92,
                      "Total Cost": 43898.92,
                      "Plan Rows": 32962,
                      "Plan Width": 4,
                      "Actual Startup Time": 97.989,
                      "Actual Total Time": 97.99,
                      "Actual Rows": 33281,
                      "Actual Loops": 4,
                      "Hash Buckets": 262144,
                      "Original Hash Buckets": 262144,
                      "Hash Batches": 1,
                      "Original Hash Batches": 1,
                      "Peak Memory Usage": 7360,
                      "Plans": [
                        {
                          "Node Type": "Seq Scan",
                          "Parent Relationship": "Outer",
                          "Parallel Aware": true,
                          "Relation Name": "title",
                          "Alias": "t",
                          "Startup Cost": 0.0,
                          "Total Cost": 43898.92,
                          "Plan Rows": 32962,
                          "Plan Width": 4,
                          "Actual Startup Time": 34.786,
                          "Actual Total Time": 89.279,
                          "Actual Rows": 33281,
                          "Actual Loops": 4,
                          "Filter": "(production_year < 1937)",
                          "Rows Removed by Filter": 598797
                        }
                      ]
                    }
                  ]
                }
              ]
            }
          ]
        }
      ]
    },
    "Planning Time": 0.443,
    "Triggers": [],
    "Execution Time": 300.628
  }
]