[
  {
    "Plan": {
      "Node Type": "Aggregate",
      "Strategy": "Plain",
      "Partial Mode": "Finalize",
      "Parallel Aware": false,
      "Startup Cost": 68709.31,
      "Total Cost": 68709.32,
      "Plan Rows": 1,
      "Plan Width": 8,
      "Actual Startup Time": 154.747,
      "Actual Total Time": 177.226,
      "Actual Rows": 1,
      "Actual Loops": 1,
      "Plans": [
        {
          "Node Type": "Gather",
          "Parent Relationship": "Outer",
          "Parallel Aware": false,
          "Startup Cost": 68708.99,
          "Total Cost": 68709.3,
          "Plan Rows": 3,
          "Plan Width": 8,
          "Actual Startup Time": 153.793,
          "Actual Total Time": 177.218,
          "Actual Rows": 4,
          "Actual Loops": 1,
          "Workers Planned": 3,
          "Workers Launched": 3,
          "Single Copy": false,
          "Plans": [
            {
              "Node Type": "Aggregate",
              "Strategy": "Plain",
              "Partial Mode": "Partial",
              "Parent Relationship": "Outer",
              "Parallel Aware": false,
              "Startup Cost": 67708.99,
              "Total Cost": 67709.0,
              "Plan Rows": 1,
              "Plan Width": 8,
              "Actual Startup Time": 143.911,
              "Actual Total Time": 143.915,
              "Actual Rows": 1,
              "Actual Loops": 4,
              "Plans": [
                {
                  "Node Type": "Nested Loop",
                  "Parent Relationship": "Outer",
                  "Parallel Aware": false,
                  "Join Type": "Inner",
                  "Startup Cost": 42729.76,
                  "Total Cost": 67700.24,
                  "Plan Rows": 3503,
                  "Plan Width": 0,
                  "Actual Startup Time": 58.01,
                  "Actual Total Time": 142.825,
                  "Actual Rows": 12542,
                  "Actual Loops": 4,
                  "Inner Unique": false,
                  "Join Filter": "(t.id = ci.movie_id)",
                  "Rows Removed by Join Filter": 0,
                  "Plans": [
                    {
                      "Node Type": "Hash Join",
                      "Parent Relationship": "Outer",
                      "Parallel Aware": true,
                      "Join Type": "Inner",
                      "Startup Cost": 42729.19,
                      "Total Cost": 62603.48,
                      "Plan Rows": 358,
                      "Plan Width": 8,
                      "Actual Startup Time": 57.917,
                      "Actual Total Time": 74.846,
                      "Actual Rows": 706,
                      "Actual Loops": 4,
                      "Inner Unique": true,
                      "Hash Cond": "(mc.movie_id = t.id)",
                      "Plans": [
                        {
                          "Node Type": "Bitmap Heap Scan",
                          "Parent Relationship": "Outer",
                          "Parallel Aware": true,
                          "Relation Name": "movie_companies",
                          "Alias": "mc",
                          "Startup Cost": 4434.05,
                          "Total Cost": 24219.85,
                          "Plan Rows": 33707,
                          "Plan Width": 4,
                          "Actual Startup Time": 7.909,
                          "Actual Total Time": 18.997,
                          "Actual Rows": 50030,
                          "Actual Loops": 4,
                          "Recheck Cond": "(company_id > 113375)",
                          "Rows Removed by Index Recheck": 0,
                          "Filter": "(company_type_id = 2)",
                          "Rows Removed by Filter": 0,
                          "Exact Heap Blocks": 2391,
                          "Lossy Heap Blocks": 0,
                          "Plans": [
                            {
                              "Node Type": "Bitmap Index Scan",
                              "Parent Relationship": "Outer",
                              "Parallel Aware": false,
                              "Index Name": "company_id_movie_companies",
                              "Startup Cost": 0.0,
                              "Total Cost": 4407.92,
                              "Plan Rows": 205799,
                              "Plan Width": 0,
                              "Actual Startup Time": 7.181,
                              "Actual Total Time": 7.182,
                              "Actual Rows": 200119,
                              "Actual Loops": 1,
                              "Index Cond": "(company_id > 113375)"
                            }
                          ]
                        },
                        {
                          "Node Type": "Hash",
                          "Parent Relationship": "Inner",
                          "Parallel Aware": true,
                          "Startup Cost": 38211.2,
                          "Total Cost": 38211.2,
                          "Plan Rows": 6716,
                          "Plan Width": 4,
                          "Actual Startup Time": 48.674,
                          "Actual Total Time": 48.676,
                          "Actual Rows": 3796,
                          "Actual Loops": 4,
                          "Hash Buckets": 32768,
                          "Original Hash Buckets": 32768,
                          "Hash Batches": 1,
                          "Original Hash Batches": 1,
                          "Peak Memory Usage": 928,
                          "Plans": [
                            {
                              "Node Type": "Bitmap Heap Scan",
                              "Parent Relationship": "Outer",
                              "Parallel Aware": true,
                              "Relation Name": "title",
                              "Alias": "t",
                              "Startup Cost": 1829.85,
                              "Total Cost": 38211.2,
                              "Plan Rows": 6716,
                              "Plan Width": 4,
                              "Actual Startup Time": 11.558,
                              "Actual Total Time": 46.557,
                              "Actual Rows": 3796,
                              "Actual Loops": 4,
                              "Recheck Cond": "(kind_id = 3)",
                              "Rows Removed by Index Recheck": 0,
                              "Filter": "(production_year > 2008)",
                              "Rows Removed by Filter": 21338,
                              "Exact Heap Blocks": 8536,
                              "Lossy Heap Blocks": 0,
                              "Plans": [
                                {
                                  "Node Type": "Bitmap Index Scan",
                                  "Parent Relationship": "Outer",
                                  "Parallel Aware": false,
                                  "Index Name": "kind_id_title",
                                  "Startup Cost": 0.0,
                                  "Total Cost": 1823.13,
                                  "Plan Rows": 102227,
                                  "Plan Width": 0,
                                  "Actual Startup Time": 13.91,
                                  "Actual Total Time": 13.911,
                                  "Actual Rows": 100537,
                                  "Actual Loops": 1,
                                  "Index Cond": "(kind_id = 3)"
                                }
                              ]
                            }
                          ]
                        }
                      ]
                    },
                    {
                      "Node Type": "Index Scan",
                      "Parent Relationship": "Inner",
                      "Parallel Aware": false,
                      "Scan Direction": "Forward",
                      "Index Name": "movie_id_cast_info",
                      "Relation Name": "cast_info",
                      "Alias": "ci",
                      "Startup Cost": 0.56,
                      "Total Cost": 13.92,
                      "Plan Rows": 25,
                      "Plan Width": 4,
                      "Actual Startup Time": 0.012,
                      "Actual Total Time": 0.094,
                      "Actual Rows": 18,
                      "Actual Loops": 2826,
                      "Index Cond": "(movie_id = mc.movie_id)",
                      "Rows Removed by Index Recheck": 0,
                      "Filter": "((person_id < 2901784) AND (role_id < 10))",
                      "Rows Removed by Filter": 8
                    }
                  ]
                }
              ]
            }
          ]
        }
      ]
    },
    "Planning Time": 1.527,
    "Triggers": [],
    "Execution Time": 177.357
  }
]