[
  {
    "Plan": {
      "Node Type": "Aggregate",
      "Strategy": "Plain",
      "Partial Mode": "Finalize",
      "Parallel Aware": false,
      "Startup Cost": 50568.01,
      "Total Cost": 50568.02,
      "Plan Rows": 1,
      "Plan Width": 8,
      "Actual Startup Time": 44.457,
      "Actual Total Time": 51.519,
      "Actual Rows": 1,
      "Actual Loops": 1,
      "Plans": [
        {
          "Node Type": "Gather",
          "Parent Relationship": "Outer",
          "Parallel Aware": false,
          "Startup Cost": 50567.69,
          "Total Cost": 50568.0,
          "Plan Rows": 3,
          "Plan Width": 8,
          "Actual Startup Time": 44.282,
          "Actual Total Time": 51.514,
          "Actual Rows": 4,
          "Actual Loops": 1,
          "Workers Planned": 3,
          "Workers Launched": 3,
          "Single Copy": false,
          "Plans": [
            {
              "Node Type": "Aggregate",
              "Strategy": "Plain",
              "Partial Mode": "Partial",
              "Parent Relationship": "Outer",
              "Parallel Aware": false,
              "Startup Cost": 49567.69,
              "Total Cost": 49567.7,
              "Plan Rows": 1,
              "Plan Width": 8,
              "Actual Startup Time": 37.046,
              "Actual Total Time": 37.047,
              "Actual Rows": 1,
              "Actual Loops": 4,
              "Plans": [
                {
                  "Node Type": "Nested Loop",
                  "Parent Relationship": "Outer",
                  "Parallel Aware": false,
                  "Join Type": "Inner",
                  "Startup Cost": 268.33,
                  "Total Cost": 49549.99,
                  "Plan Rows": 7078,
                  "Plan Width": 0,
                  "Actual Startup Time": 1.701,
                  "Actual Total Time": 36.973,
                  "Actual Rows": 582,
                  "Actual Loops": 4,
                  "Inner Unique": false,
                  "Plans": [
                    {
                      "Node Type": "Nested Loop",
                      "Parent Relationship": "Outer",
                      "Parallel Aware": false,
                      "Join Type": "Inner",
                      "Startup Cost": 267.9,
                      "Total Cost": 42548.97,
                      "Plan Rows": 3956,
                      "Plan Width": 8,
                      "Actual Startup Time": 0.831,
                      "Actual Total Time": 24.336,
                      "Actual Rows": 2954,
                      "Actual Loops": 4,
                      "Inner Unique": true,
                      "Plans": [
                        {
                          "Node Type": "Bitmap Heap Scan",
                          "Parent Relationship": "Outer",
                          "Parallel Aware": true,
                          "Relation Name": "movie_companies",
                          "Alias": "mc",
                          "Startup Cost": 267.47,
                          "Total Cost": 17843.34,
                          "Plan Rows": 3956,
                          "Plan Width": 4,
                          "Actual Startup Time": 0.652,
                          "Actual Total Time": 5.755,
                          "Actual Rows": 2954,
                          "Actual Loops": 4,
                          "Recheck Cond": "(company_id = 11203)",
                          "Rows Removed by Index Recheck": 0,
                          "Exact Heap Blocks": 2232,
                          "Lossy Heap Blocks": 0,
                          "Plans": [
                            {
                              "Node Type": "Bitmap Index Scan",
                              "Parent Relationship": "Outer",
                              "Parallel Aware": false,
                              "Index Name": "company_id_movie_companies",
                              "Startup Cost": 0.0,
                              "Total Cost": 264.4,
                              "Plan Rows": 12263,
                              "Plan Width": 0,
                              "Actual Startup Time": 1.638,
                              "Actual Total Time": 1.639,
                              "Actual Rows": 11817,
                              "Actual Loops": 1,
                              "Index Cond": "(company_id = 11203)"
                            }
                          ]
                        },
                        {
                          "Node Type": "Index Only Scan",
                          "Parent Relationship": "Inner",
                          "Parallel Aware": false,
                          "Scan Direction": "Forward",
                          "Index Name": "title_pkey",
                          "Relation Name": "title",
                          "Alias": "t",
                          "Startup Cost": 0.43,
                          "Total Cost": 6.25,
                          "Plan Rows": 1,
                          "Plan Width": 4,
                          "Actual Startup Time": 0.006,
                          "Actual Total Time": 0.006,
                          "Actual Rows": 1,
                          "Actual Loops": 11817,
                          "Index Cond": "(id = mc.movie_id)",
                          "Rows Removed by Index Recheck": 0,
                          "Heap Fetches": 11817
                        }
                      ]
                    },
                    {
                      "Node Type": "Index Only Scan",
                      "Parent Relationship": "Inner",
                      "Parallel Aware": false,
                      "Scan Direction": "Forward",
                      "Index Name": "movie_id_movie_keyword",
                      "Relation Name": "movie_keyword",
                      "Alias": "mk",
                      "Startup Cost": 0.43,
                      "Total Cost": 1.31,
                      "Plan Rows": 46,
                      "Plan Width": 4,
                      "Actual Startup Time": 0.004,
                      "Actual Total Time": 0.004,
                      "Actual Rows": 0,
                      "Actual Loops": 11817,
                      "Index Cond": "(movie_id = t.id)",
                      "Rows Removed by Index Recheck": 0,
                      "Heap Fetches": 2328
                    }
                  ]
                }
              ]
            }
          ]
        }
      ]
    },
    "Planning Time": 0.594,
    "Triggers": [],
    "Execution Time": 51.568
  }
]