[
  {
    "Plan": {
      "Node Type": "Aggregate",
      "Strategy": "Plain",
      "Partial Mode": "Finalize",
      "Parallel Aware": false,
      "Startup Cost": 283917.15,
      "Total Cost": 283917.16,
      "Plan Rows": 1,
      "Plan Width": 8,
      "Actual Startup Time": 829.763,
      "Actual Total Time": 866.265,
      "Actual Rows": 1,
      "Actual Loops": 1,
      "Plans": [
        {
          "Node Type": "Gather",
          "Parent Relationship": "Outer",
          "Parallel Aware": false,
          "Startup Cost": 283916.53,
          "Total Cost": 283917.14,
          "Plan Rows": 6,
          "Plan Width": 8,
          "Actual Startup Time": 824.312,
          "Actual Total Time": 866.25,
          "Actual Rows": 7,
          "Actual Loops": 1,
          "Workers Planned": 6,
          "Workers Launched": 6,
          "Single Copy": false,
          "Plans": [
            {
              "Node Type": "Aggregate",
              "Strategy": "Plain",
              "Partial Mode": "Partial",
              "Parent Relationship": "Outer",
              "Parallel Aware": false,
              "Startup Cost": 282916.53,
              "Total Cost": 282916.54,
              "Plan Rows": 1,
              "Plan Width": 8,
              "Actual Startup Time": 815.107,
              "Actual Total Time": 815.188,
              "Actual Rows": 1,
              "Actual Loops": 7,
              "Plans": [
                {
                  "Node Type": "Hash Join",
                  "Parent Relationship": "Outer",
                  "Parallel Aware": true,
                  "Join Type": "Inner",
                  "Startup Cost": 79575.97,
                  "Total Cost": 282464.33,
                  "Plan Rows": 180880,
                  "Plan Width": 0,
                  "Actual Startup Time": 274.977,
                  "Actual Total Time": 784.473,
                  "Actual Rows": 611522,
                  "Actual Loops": 7,
                  "Inner Unique": false,
                  "Hash Cond": "(ci.movie_id = t.id)",
                  "Plans": [
                    {
                      "Node Type": "Index Scan",
                      "Parent Relationship": "Outer",
                      "Parallel Aware": true,
                      "Scan Direction": "Forward",
                      "Index Name": "role_id_cast_info",
                      "Relation Name": "cast_info",
                      "Alias": "ci",
                      "Startup Cost": 0.56,
                      "Total Cost": 197634.26,
                      "Plan Rows": 1245649,
                      "Plan Width": 4,
                      "Actual Startup Time": 0.398,
                      "Actual Total Time": 221.969,
                      "Actual Rows": 1062320,
                      "Actual Loops": 7,
                      "Index Cond": "(role_id > 7)",
                      "Rows Removed by Index Recheck": 0
                    },
                    {
                      "Node Type": "Hash",
                      "Parent Relationship": "Inner",
                      "Parallel Aware": true,
                      "Startup Cost": 78094.95,
                      "Total Cost": 78094.95,
                      "Plan Rows": 118436,
                      "Plan Width": 8,
                      "Actual Startup Time": 273.056,
                      "Actual Total Time": 273.135,
                      "Actual Rows": 80564,
                      "Actual Loops": 7,
                      "Hash Buckets": 1048576,
                      "Original Hash Buckets": 524288,
                      "Hash Batches": 1,
                      "Original Hash Batches": 1,
                      "Peak Memory Usage": 34464,
                      "Plans": [
                        {
                          "Node Type": "Hash Join",
                          "Parent Relationship": "Outer",
                          "Parallel Aware": true,
                          "Join Type": "Inner",
                          "Startup Cost": 47655.15,
                          "Total Cost": 78094.95,
                          "Plan Rows": 118436,
                          "Plan Width": 8,
                          "Actual Startup Time": 147.049,
                          "Actual Total Time": 224.543,
                          "Actual Rows": 80564,
                          "Actual Loops": 7,
                          "Inner Unique": true,
                          "Hash Cond": "(mc.movie_id = t.id)",
                          "Plans": [
                            {
                              "Node Type": "Seq Scan",
                              "Parent Relationship": "Outer",
                              "Parallel Aware": true,
                              "Relation Name": "movie_companies",
                              "Alias": "mc",
                              "Startup Cost": 0.0,
                              "Total Cost": 29310.68,
                              "Plan Rows": 430142,
                              "Plan Width": 4,
                              "Actual Startup Time": 22.918,
                              "Actual Total Time": 49.942,
                              "Actual Rows": 190698,
                              "Actual Loops": 7,
                              "Filter": "(company_type_id > 1)",
                              "Rows Removed by Filter": 182035
                            },
                            {
                              "Node Type": "Hash",
                              "Parent Relationship": "Inner",
                              "Parallel Aware": true,
                              "Startup Cost": 45479.59,
                              "Total Cost": 45479.59,
                              "Plan Rows": 174045,
                              "Plan Width": 4,
                              "Actual Startup Time": 122.718,
                              "Actual Total Time": 122.72,
                              "Actual Rows": 85024,
                              "Actual Loops": 7,
                              "Hash Buckets": 1048576,
                              "Original Hash Buckets": 1048576,
                              "Hash Batches": 1,
                              "Original Hash Batches": 1,
                              "Peak Memory Usage": 31584,
                              "Plans": [
                                {
                                  "Node Type": "Seq Scan",
                                  "Parent Relationship": "Outer",
                                  "Parallel Aware": true,
                                  "Relation Name": "title",
                                  "Alias": "t",
                                  "Startup Cost": 0.0,
                                  "Total Cost": 45479.59,
                                  "Plan Rows": 174045,
                                  "Plan Width": 4,
                                  "Actual Startup Time": 0.058,
                                  "Actual Total Time": 78.026,
                                  "Actual Rows": 85024,
                                  "Actual Loops": 7,
                                  "Filter": "((kind_id < 7) AND (production_year > 1989))",
                                  "Rows Removed by Filter": 276164
                                }
                              ]
                            }
                          ]
                        }
                      ]
                    }
                  ]
                }
              ]
            }
          ]
        }
      ]
    },
    "Planning Time": 0.654,
    "Triggers": [],
    "Execution Time": 866.326
  }
]