[
  {
    "Plan": {
      "Node Type": "Aggregate",
      "Strategy": "Plain",
      "Partial Mode": "Finalize",
      "Parallel Aware": false,
      "Startup Cost": 337631.51,
      "Total Cost": 337631.52,
      "Plan Rows": 1,
      "Plan Width": 8,
      "Actual Startup Time": 825.84,
      "Actual Total Time": 870.903,
      "Actual Rows": 1,
      "Actual Loops": 1,
      "Plans": [
        {
          "Node Type": "Gather",
          "Parent Relationship": "Outer",
          "Parallel Aware": false,
          "Startup Cost": 337630.88,
          "Total Cost": 337631.49,
          "Plan Rows": 6,
          "Plan Width": 8,
          "Actual Startup Time": 825.631,
          "Actual Total Time": 870.887,
          "Actual Rows": 7,
          "Actual Loops": 1,
          "Workers Planned": 6,
          "Workers Launched": 6,
          "Single Copy": false,
          "Plans": [
            {
              "Node Type": "Aggregate",
              "Strategy": "Plain",
              "Partial Mode": "Partial",
              "Parent Relationship": "Outer",
              "Parallel Aware": false,
              "Startup Cost": 336630.88,
              "Total Cost": 336630.89,
              "Plan Rows": 1,
              "Plan Width": 8,
              "Actual Startup Time": 818.364,
              "Actual Total Time": 818.366,
              "Actual Rows": 1,
              "Actual Loops": 7,
              "Plans": [
                {
                  "Node Type": "Seq Scan",
                  "Parent Relationship": "Outer",
                  "Parallel Aware": true,
                  "Relation Name": "cast_info",
                  "Alias": "ci",
                  "Startup Cost": 0.0,
                  "Total Cost": 328211.39,
                  "Plan Rows": 3367796,
                  "Plan Width": 0,
                  "Actual Startup Time": 207.35,
                  "Actual Total Time": 663.891,
                  "Actual Rows": 2859376,
                  "Actual Loops": 7,
                  "Filter": "(person_id > 1606745)",
                  "Rows Removed by Filter": 2318388
                }
              ]
            }
          ]
        }
      ]
    },
    "Planning Time": 0.11,
    "Triggers": [],
    "Execution Time": 870.949
  }
]