[
  {
    "Plan": {
      "Node Type": "Aggregate",
      "Strategy": "Plain",
      "Partial Mode": "Simple",
      "Parallel Aware": false,
      "Startup Cost": 28885.78,
      "Total Cost": 28885.79,
      "Plan Rows": 1,
      "Plan Width": 8,
      "Actual Startup Time": 67.414,
      "Actual Total Time": 67.415,
      "Actual Rows": 1,
      "Actual Loops": 1,
      "Plans": [
        {
          "Node Type": "Bitmap Heap Scan",
          "Parent Relationship": "Outer",
          "Parallel Aware": false,
          "Relation Name": "movie_keyword",
          "Alias": "mk",
          "Startup Cost": 2596.61,
          "Total Cost": 28579.92,
          "Plan Rows": 122345,
          "Plan Width": 0,
          "Actual Startup Time": 20.347,
          "Actual Total Time": 61.872,
          "Actual Rows": 119474,
          "Actual Loops": 1,
          "Recheck Cond": "(keyword_id > 78152)",
          "Rows Removed by Index Recheck": 0,
          "Exact Heap Blocks": 18255,
          "Lossy Heap Blocks": 0,
          "Plans": [
            {
              "Node Type": "Bitmap Index Scan",
              "Parent Relationship": "Outer",
              "Parallel Aware": false,
              "Index Name": "keyword_id_movie_keyword",
              "Startup Cost": 0.0,
              "Total Cost": 2566.02,
              "Plan Rows": 122345,
              "Plan Width": 0,
              "Actual Startup Time": 15.564,
              "Actual Total Time": 15.564,
              "Actual Rows": 119474,
              "Actual Loops": 1,
              "Index Cond": "(keyword_id > 78152)"
            }
          ]
        }
      ]
    },
    "Planning Time": 0.108,
    "Triggers": [],
    "Execution Time": 67.456
  }
]