[
  {
    "Plan": {
      "Node Type": "Aggregate",
      "Strategy": "Plain",
      "Partial Mode": "Finalize",
      "Parallel Aware": false,
      "Startup Cost": 754868.63,
      "Total Cost": 754868.64,
      "Plan Rows": 1,
      "Plan Width": 64,
      "Actual Startup Time": 3732.713,
      "Actual Total Time": 3925.656,
      "Actual Rows": 1,
      "Actual Loops": 1,
      "Plans": [
        {
          "Node Type": "Gather",
          "Parent Relationship": "Outer",
          "Parallel Aware": false,
          "Startup Cost": 754868.51,
          "Total Cost": 754868.62,
          "Plan Rows": 1,
          "Plan Width": 64,
          "Actual Startup Time": 3732.471,
          "Actual Total Time": 3925.644,
          "Actual Rows": 2,
          "Actual Loops": 1,
          "Workers Planned": 1,
          "Workers Launched": 1,
          "Single Copy": false,
          "Plans": [
            {
              "Node Type": "Aggregate",
              "Strategy": "Plain",
              "Partial Mode": "Partial",
              "Parent Relationship": "Outer",
              "Parallel Aware": false,
              "Startup Cost": 753868.51,
              "Total Cost": 753868.52,
              "Plan Rows": 1,
              "Plan Width": 64,
              "Actual Startup Time": 3725.1,
              "Actual Total Time": 3725.122,
              "Actual Rows": 1,
              "Actual Loops": 2,
              "Plans": [
                {
                  "Node Type": "Hash Join",
                  "Parent Relationship": "Outer",
                  "Parallel Aware": false,
                  "Join Type": "Inner",
                  "Startup Cost": 748957.56,
                  "Total Cost": 753868.51,
                  "Plan Rows": 1,
                  "Plan Width": 32,
                  "Actual Startup Time": 3717.786,
                  "Actual Total Time": 3725.112,
                  "Actual Rows": 1,
                  "Actual Loops": 2,
                  "Inner Unique": true,
                  "Hash Cond": "(ci.role_id = rt.id)",
                  "Plans": [
                    {
                      "Node Type": "Hash Join",
                      "Parent Relationship": "Outer",
                      "Parallel Aware": true,
                      "Join Type": "Inner",
                      "Startup Cost": 748956.4,
                      "Total Cost": 753867.34,
                      "Plan Rows": 1,
                      "Plan Width": 36,
                      "Actual Startup Time": 3717.405,
                      "Actual Total Time": 3724.729,
                      "Actual Rows": 1,
                      "Actual Loops": 2,
                      "Inner Unique": false,
                      "Hash Cond": "(cn.id = mc.company_id)",
                      "Plans": [
                        {
                          "Node Type": "Seq Scan",
                          "Parent Relationship": "Outer",
                          "Parallel Aware": true,
                          "Relation Name": "company_name",
                          "Alias": "cn",
                          "Startup Cost": 0.0,
                          "Total Cost": 4722.92,
                          "Plan Rows": 50137,
                          "Plan Width": 4,
                          "Actual Startup Time": 0.015,
                          "Actual Total Time": 14.033,
                          "Actual Rows": 42422,
                          "Actual Loops": 2,
                          "Filter": "((country_code)::text = '[us]'::text)",
                          "Rows Removed by Filter": 75077
                        },
                        {
                          "Node Type": "Hash",
                          "Parent Relationship": "Inner",
                          "Parallel Aware": true,
                          "Startup Cost": 748956.39,
                          "Total Cost": 748956.39,
                          "Plan Rows": 1,
                          "Plan Width": 40,
                          "Actual Startup Time": 3708.224,
                          "Actual Total Time": 3708.243,
                          "Actual Rows": 1,
                          "Actual Loops": 2,
                          "Hash Buckets": 1024,
                          "Original Hash Buckets": 1024,
                          "Hash Batches": 1,
                          "Original Hash Batches": 1,
                          "Peak Memory Usage": 40,
                          "Plans": [
                            {
                              "Node Type": "Hash Join",
                              "Parent Relationship": "Outer",
                              "Parallel Aware": true,
                              "Join Type": "Inner",
                              "Startup Cost": 701685.12,
                              "Total Cost": 748956.39,
                              "Plan Rows": 1,
                              "Plan Width": 40,
                              "Actual Startup Time": 3582.681,
                              "Actual Total Time": 3708.202,
                              "Actual Rows": 1,
                              "Actual Loops": 2,
                              "Inner Unique": false,
                              "Hash Cond": "(chn.id = ci.person_role_id)",
                              "Plans": [
                                {
                                  "Node Type": "Seq Scan",
                                  "Parent Relationship": "Outer",
                                  "Parallel Aware": true,
                                  "Relation Name": "char_name",
                                  "Alias": "chn",
                                  "Startup Cost": 0.0,
                                  "Total Cost": 44325.46,
                                  "Plan Rows": 785546,
                                  "Plan Width": 4,
                                  "Actual Startup Time": 0.01,
                                  "Actual Total Time": 165.068,
                                  "Actual Rows": 1570170,
                                  "Actual Loops": 2
                                },
                                {
                                  "Node Type": "Hash",
                                  "Parent Relationship": "Inner",
                                  "Parallel Aware": true,
                                  "Startup Cost": 701685.11,
                                  "Total Cost": 701685.11,
                                  "Plan Rows": 1,
                                  "Plan Width": 44,
                                  "Actual Startup Time": 3453.812,
                                  "Actual Total Time": 3453.829,
                                  "Actual Rows": 1,
                                  "Actual Loops": 2,
                                  "Hash Buckets": 1024,
                                  "Original Hash Buckets": 1024,
                                  "Hash Batches": 1,
                                  "Original Hash Batches": 1,
                                  "Peak Memory Usage": 40,
                                  "Plans": [
                                    {
                                      "Node Type": "Hash Join",
                                      "Parent Relationship": "Outer",
                                      "Parallel Aware": true,
                                      "Join Type": "Inner",
                                      "Startup Cost": 495174.48,
                                      "Total Cost": 701685.11,
                                      "Plan Rows": 1,
                                      "Plan Width": 44,
                                      "Actual Startup Time": 3063.175,
                                      "Actual Total Time": 3453.811,
                                      "Actual Rows": 1,
                                      "Actual Loops": 2,
                                      "Inner Unique": false,
                                      "Hash Cond": "(mi.movie_id = t.id)",
                                      "Plans": [
                                        {
                                          "Node Type": "Hash Join",
                                          "Parent Relationship": "Outer",
                                          "Parallel Aware": false,
                                          "Join Type": "Inner",
                                          "Startup Cost": 2.43,
                                          "Total Cost": 206513.03,
                                          "Plan Rows": 3,
                                          "Plan Width": 4,
                                          "Actual Startup Time": 296.379,
                                          "Actual Total Time": 1080.841,
                                          "Actual Rows": 34739,
                                          "Actual Loops": 2,
                                          "Inner Unique": true,
                                          "Hash Cond": "(mi.info_type_id = it.id)",
                                          "Plans": [
                                            {
                                              "Node Type": "Seq Scan",
                                              "Parent Relationship": "Outer",
                                              "Parallel Aware": true,
                                              "Relation Name": "movie_info",
                                              "Alias": "mi",
                                              "Startup Cost": 0.0,
                                              "Total Cost": 206509.76,
                                              "Plan Rows": 309,
                                              "Plan Width": 8,
                                              "Actual Startup Time": 296.289,
                                              "Actual Total Time": 1075.183,
                                              "Actual Rows": 34739,
                                              "Actual Loops": 2,
                                              "Filter": "((info IS NOT NULL) AND ((info ~~ 'Japan:%2007%'::text) OR (info ~~ 'USA:%2008%'::text)))",
                                              "Rows Removed by Filter": 7383121
                                            },
                                            {
                                              "Node Type": "Hash",
                                              "Parent Relationship": "Inner",
                                              "Parallel Aware": false,
                                              "Startup Cost": 2.41,
                                              "Total Cost": 2.41,
                                              "Plan Rows": 1,
                                              "Plan Width": 4,
                                              "Actual Startup Time": 0.047,
                                              "Actual Total Time": 0.048,
                                              "Actual Rows": 1,
                                              "Actual Loops": 2,
                                              "Hash Buckets": 1024,
                                              "Original Hash Buckets": 1024,
                                              "Hash Batches": 1,
                                              "Original Hash Batches": 1,
                                              "Peak Memory Usage": 9,
                                              "Plans": [
                                                {
                                                  "Node Type": "Seq Scan",
                                                  "Parent Relationship": "Outer",
                                                  "Parallel Aware": false,
                                                  "Relation Name": "info_type",
                                                  "Alias": "it",
                                                  "Startup Cost": 0.0,
                                                  "Total Cost": 2.41,
                                                  "Plan Rows": 1,
                                                  "Plan Width": 4,
                                                  "Actual Startup Time": 0.034,
                                                  "Actual Total Time": 0.039,
                                                  "Actual Rows": 1,
                                                  "Actual Loops": 2,
                                                  "Filter": "((info)::text = 'release dates'::text)",
                                                  "Rows Removed by Filter": 112
                                                }
                                              ]
                                            }
                                          ]
                                        },
                                        {
                                          "Node Type": "Hash",
                                          "Parent Relationship": "Inner",
                                          "Parallel Aware": true,
                                          "Startup Cost": 495172.05,
                                          "Total Cost": 495172.05,
                                          "Plan Rows": 1,
                                          "Plan Width": 56,
                                          "Actual Startup Time": 2370.301,
                                          "Actual Total Time": 2370.313,
                                          "Actual Rows": 1,
                                          "Actual Loops": 2,
                                          "Hash Buckets": 1024,
                                          "Original Hash Buckets": 1024,
                                          "Hash Batches": 1,
                                          "Original Hash Batches": 1,
                                          "Peak Memory Usage": 40,
                                          "Plans": [
                                            {
                                              "Node Type": "Hash Join",
                                              "Parent Relationship": "Outer",
                                              "Parallel Aware": true,
                                              "Join Type": "Inner",
                                              "Startup Cost": 461569.2,
                                              "Total Cost": 495172.05,
                                              "Plan Rows": 1,
                                              "Plan Width": 56,
                                              "Actual Startup Time": 2277.309,
                                              "Actual Total Time": 2370.265,
                                              "Actual Rows": 1,
                                              "Actual Loops": 2,
                                              "Inner Unique": false,
                                              "Hash Cond": "(t.id = ci.movie_id)",
                                              "Plans": [
                                                {
                                                  "Node Type": "Hash Join",
                                                  "Parent Relationship": "Outer",
                                                  "Parallel Aware": true,
                                                  "Join Type": "Inner",
                                                  "Startup Cost": 47097.14,
                                                  "Total Cost": 80699.4,
                                                  "Plan Rows": 154,
                                                  "Plan Width": 29,
                                                  "Actual Startup Time": 216.553,
                                                  "Actual Total Time": 404.498,
                                                  "Actual Rows": 1264,
                                                  "Actual Loops": 2,
                                                  "Inner Unique": true,
                                                  "Hash Cond": "(mc.movie_id = t.id)",
                                                  "Plans": [
                                                    {
                                                      "Node Type": "Seq Scan",
                                                      "Parent Relationship": "Outer",
                                                      "Parallel Aware": true,
                                                      "Relation Name": "movie_companies",
                                                      "Alias": "mc",
                                                      "Startup Cost": 0.0,
                                                      "Total Cost": 33518.95,
                                                      "Plan Rows": 31735,
                                                      "Plan Width": 8,
                                                      "Actual Startup Time": 0.013,
                                                      "Actual Total Time": 175.807,
                                                      "Actual Rows": 99260,
                                                      "Actual Loops": 2,
                                                      "Filter": "((note ~~ '%(200%)%'::text) AND ((note ~~ '%(USA)%'::text) OR (note ~~ '%(worldwide)%'::text)))",
                                                      "Rows Removed by Filter": 1205305
                                                    },
                                                    {
                                                      "Node Type": "Hash",
                                                      "Parent Relationship": "Inner",
                                                      "Parallel Aware": true,
                                                      "Startup Cost": 47058.86,
                                                      "Total Cost": 47058.86,
                                                      "Plan Rows": 3062,
                                                      "Plan Width": 21,
                                                      "Actual Startup Time": 216.358,
                                                      "Actual Total Time": 216.359,
                                                      "Actual Rows": 6006,
                                                      "Actual Loops": 2,
                                                      "Hash Buckets": 16384,
                                                      "Original Hash Buckets": 16384,
                                                      "Hash Batches": 1,
                                                      "Original Hash Batches": 1,
                                                      "Peak Memory Usage": 960,
                                                      "Plans": [
                                                        {
                                                          "Node Type": "Seq Scan",
                                                          "Parent Relationship": "Outer",
                                                          "Parallel Aware": true,
                                                          "Relation Name": "title",
                                                          "Alias": "t",
                                                          "Startup Cost": 0.0,
                                                          "Total Cost": 47058.86,
                                                          "Plan Rows": 3062,
                                                          "Plan Width": 21,
                                                          "Actual Startup Time": 0.105,
                                                          "Actual Total Time": 212.562,
                                                          "Actual Rows": 6006,
                                                          "Actual Loops": 2,
                                                          "Filter": "((title ~~ '%You%'::text) AND (production_year >= 1998) AND (production_year <= 2011))",
                                                          "Rows Removed by Filter": 1258150
                                                        }
                                                      ]
                                                    }
                                                  ]
                                                },
                                                {
                                                  "Node Type": "Hash",
                                                  "Parent Relationship": "Inner",
                                                  "Parallel Aware": true,
                                                  "Startup Cost": 414472.05,
                                                  "Total Cost": 414472.05,
                                                  "Plan Rows": 1,
                                                  "Plan Width": 27,
                                                  "Actual Startup Time": 1965.563,
                                                  "Actual Total Time": 1965.568,
                                                  "Actual Rows": 6,
                                                  "Actual Loops": 2,
                                                  "Hash Buckets": 1024,
                                                  "Original Hash Buckets": 1024,
                                                  "Hash Batches": 1,
                                                  "Original Hash Batches": 1,
                                                  "Peak Memory Usage": 40,
                                                  "Plans": [
                                                    {
                                                      "Node Type": "Hash Join",
                                                      "Parent Relationship": "Outer",
                                                      "Parallel Aware": true,
                                                      "Join Type": "Inner",
                                                      "Startup Cost": 86307.28,
                                                      "Total Cost": 414472.05,
                                                      "Plan Rows": 1,
                                                      "Plan Width": 27,
                                                      "Actual Startup Time": 1489.284,
                                                      "Actual Total Time": 1965.525,
                                                      "Actual Rows": 6,
                                                      "Actual Loops": 2,
                                                      "Inner Unique": false,
                                                      "Hash Cond": "(ci.person_id = n.id)",
                                                      "Plans": [
                                                        {
                                                          "Node Type": "Seq Scan",
                                                          "Parent Relationship": "Outer",
                                                          "Parallel Aware": true,
                                                          "Relation Name": "cast_info",
                                                          "Alias": "ci",
                                                          "Startup Cost": 0.0,
                                                          "Total Cost": 328163.97,
                                                          "Plan Rows": 209,
                                                          "Plan Width": 16,
                                                          "Actual Startup Time": 1075.105,
                                                          "Actual Total Time": 1551.329,
                                                          "Actual Rows": 6,
                                                          "Actual Loops": 2,
                                                          "Filter": "(note = '(as Katarzyna)'::text)",
                                                          "Rows Removed by Filter": 18122166
                                                        },
                                                        {
                                                          "Node Type": "Hash",
                                                          "Parent Relationship": "Inner",
                                                          "Parallel Aware": true,
                                                          "Startup Cost": 86307.19,
                                                          "Total Cost": 86307.19,
                                                          "Plan Rows": 7,
                                                          "Plan Width": 23,
                                                          "Actual Startup Time": 414.098,
                                                          "Actual Total Time": 414.101,
                                                          "Actual Rows": 22,
                                                          "Actual Loops": 2,
                                                          "Hash Buckets": 1024,
                                                          "Original Hash Buckets": 1024,
                                                          "Hash Batches": 1,
                                                          "Original Hash Batches": 1,
                                                          "Peak Memory Usage": 72,
                                                          "Plans": [
                                                            {
                                                              "Node Type": "Hash Join",
                                                              "Parent Relationship": "Outer",
                                                              "Parallel Aware": true,
                                                              "Join Type": "Inner",
                                                              "Startup Cost": 71240.4,
                                                              "Total Cost": 86307.19,
                                                              "Plan Rows": 7,
                                                              "Plan Width": 23,
                                                              "Actual Startup Time": 330.048,
                                                              "Actual Total Time": 414.02,
                                                              "Actual Rows": 22,
                                                              "Actual Loops": 2,
                                                              "Inner Unique": true,
                                                              "Hash Cond": "(an.person_id = n.id)",
                                                              "Plans": [
                                                                {
                                                                  "Node Type": "Seq Scan",
                                                                  "Parent Relationship": "Outer",
                                                                  "Parallel Aware": true,
                                                                  "Relation Name": "aka_name",
                                                                  "Alias": "an",
                                                                  "Startup Cost": 0.0,
                                                                  "Total Cost": 14303.56,
                                                                  "Plan Rows": 290756,
                                                                  "Plan Width": 4,
                                                                  "Actual Startup Time": 0.023,
                                                                  "Actual Total Time": 61.16,
                                                                  "Actual Rows": 450672,
                                                                  "Actual Loops": 2
                                                                },
                                                                {
                                                                  "Node Type": "Hash",
                                                                  "Parent Relationship": "Inner",
                                                                  "Parallel Aware": true,
                                                                  "Startup Cost": 71240.1,
                                                                  "Total Cost": 71240.1,
                                                                  "Plan Rows": 24,
                                                                  "Plan Width": 19,
                                                                  "Actual Startup Time": 322.554,
                                                                  "Actual Total Time": 322.555,
                                                                  "Actual Rows": 134,
                                                                  "Actual Loops": 2,
                                                                  "Hash Buckets": 1024,
                                                                  "Original Hash Buckets": 1024,
                                                                  "Hash Batches": 1,
                                                                  "Original Hash Batches": 1,
                                                                  "Peak Memory Usage": 72,
                                                                  "Plans": [
                                                                    {
                                                                      "Node Type": "Seq Scan",
                                                                      "Parent Relationship": "Outer",
                                                                      "Parallel Aware": true,
                                                                      "Relation Name": "name",
                                                                      "Alias": "n",
                                                                      "Startup Cost": 0.0,
                                                                      "Total Cost": 71240.1,
                                                                      "Plan Rows": 24,
                                                                      "Plan Width": 19,
                                                                      "Actual Startup Time": 144.941,
                                                                      "Actual Total Time": 322.405,
                                                                      "Actual Rows": 134,
                                                                      "Actual Loops": 2,
                                                                      "Filter": "((name ~~ '%Katarzyna%'::text) AND ((gender)::text = 'f'::text))",
                                                                      "Rows Removed by Filter": 2083612
                                                                    }
                                                                  ]
                                                                }
                                                              ]
                                                            }
                                                          ]
                                                        }
                                                      ]
                                                    }
                                                  ]
                                                }
                                              ]
                                            }
                                          ]
                                        }
                                      ]
                                    }
                                  ]
                                }
                              ]
                            }
                          ]
                        }
                      ]
                    },
                    {
                      "Node Type": "Hash",
                      "Parent Relationship": "Inner",
                      "Parallel Aware": false,
                      "Startup Cost": 1.15,
                      "Total Cost": 1.15,
                      "Plan Rows": 1,
                      "Plan Width": 4,
                      "Actual Startup Time": 0.061,
                      "Actual Total Time": 0.062,
                      "Actual Rows": 1,
                      "Actual Loops": 2,
                      "Hash Buckets": 1024,
                      "Original Hash Buckets": 1024,
                      "Hash Batches": 1,
                      "Original Hash Batches": 1,
                      "Peak Memory Usage": 9,
                      "Plans": [
                        {
                          "Node Type": "Seq Scan",
                          "Parent Relationship": "Outer",
                          "Parallel Aware": false,
                          "Relation Name": "role_type",
                          "Alias": "rt",
                          "Startup Cost": 0.0,
                          "Total Cost": 1.15,
                          "Plan Rows": 1,
                          "Plan Width": 4,
                          "Actual Startup Time": 0.042,
                          "Actual Total Time": 0.045,
                          "Actual Rows": 1,
                          "Actual Loops": 2,
                          "Filter": "((role)::text = 'actress'::text)",
                          "Rows Removed by Filter": 11
                        }
                      ]
                    }
                  ]
                }
              ]
            }
          ]
        }
      ]
    },
    "Planning Time": 43.8,
    "Triggers": [],
    "Execution Time": 3926.077
  }
]