{
  "Plan": {
    "Node Type": "Aggregate",
    "Strategy": "Plain",
    "Partial Mode": "Finalize",
    "Parallel Aware": false,
    "Startup Cost": 64805.65,
    "Total Cost": 64805.66,
    "Plan Rows": 1,
    "Plan Width": 8,
    "Actual Startup Time": 150.572,
    "Actual Total Time": 160.832,
    "Actual Rows": 1,
    "Actual Loops": 1,
    "Plans": [
      {
        "Node Type": "Gather",
        "Parent Relationship": "Outer",
        "Parallel Aware": false,
        "Startup Cost": 64805.54,
        "Total Cost": 64805.65,
        "Plan Rows": 1,
        "Plan Width": 8,
        "Actual Startup Time": 150.399,
        "Actual Total Time": 160.824,
        "Actual Rows": 2,
        "Actual Loops": 1,
        "Workers Planned": 1,
        "Workers Launched": 1,
        "Single Copy": false,
        "Plans": [
          {
            "Node Type": "Aggregate",
            "Strategy": "Plain",
            "Partial Mode": "Partial",
            "Parent Relationship": "Outer",
            "Parallel Aware": false,
            "Startup Cost": 63805.54,
            "Total Cost": 63805.55,
            "Plan Rows": 1,
            "Plan Width": 8,
            "Actual Startup Time": 144.217,
            "Actual Total Time": 144.221,
            "Actual Rows": 1,
            "Actual Loops": 2,
            "Plans": [
              {
                "Node Type": "Hash Join",
                "Parent Relationship": "Outer",
                "Parallel Aware": true,
                "Join Type": "Inner",
                "Startup Cost": 44689.42,
                "Total Cost": 63799.85,
                "Plan Rows": 2275,
                "Plan Width": 0,
                "Actual Startup Time": 47.884,
                "Actual Total Time": 143.775,
                "Actual Rows": 9264,
                "Actual Loops": 2,
                "Inner Unique": false,
                "Hash Cond": "(mi_idx.movie_id = t.id)",
                "Plans": [
                  {
                    "Node Type": "Seq Scan",
                    "Parent Relationship": "Outer",
                    "Parallel Aware": true,
                    "Relation Name": "movie_info_idx",
                    "Alias": "mi_idx",
                    "Startup Cost": 0.0,
                    "Total Cost": 16052.85,
                    "Plan Rows": 811785,
                    "Plan Width": 4,
                    "Actual Startup Time": 0.015,
                    "Actual Total Time": 46.798,
                    "Actual Rows": 690018,
                    "Actual Loops": 2
                  },
                  {
                    "Node Type": "Hash",
                    "Parent Relationship": "Inner",
                    "Parallel Aware": true,
                    "Startup Cost": 44637.3,
                    "Total Cost": 44637.3,
                    "Plan Rows": 4169,
                    "Plan Width": 8,
                    "Actual Startup Time": 46.562,
                    "Actual Total Time": 46.564,
                    "Actual Rows": 3852,
                    "Actual Loops": 2,
                    "Hash Buckets": 8192,
                    "Original Hash Buckets": 8192,
                    "Hash Batches": 1,
                    "Original Hash Batches": 1,
                    "Peak Memory Usage": 384,
                    "Plans": [
                      {
                        "Node Type": "Nested Loop",
                        "Parent Relationship": "Outer",
                        "Parallel Aware": false,
                        "Join Type": "Inner",
                        "Startup Cost": 151.79,
                        "Total Cost": 44637.3,
                        "Plan Rows": 4169,
                        "Plan Width": 8,
                        "Actual Startup Time": 3.48,
                        "Actual Total Time": 45.115,
                        "Actual Rows": 3852,
                        "Actual Loops": 2,
                        "Inner Unique": true,
                        "Plans": [
                          {
                            "Node Type": "Bitmap Heap Scan",
                            "Parent Relationship": "Outer",
                            "Parallel Aware": true,
                            "Relation Name": "movie_keyword",
                            "Alias": "mk",
                            "Startup Cost": 151.36,
                            "Total Cost": 15622.29,
                            "Plan Rows": 4169,
                            "Plan Width": 4,
                            "Actual Startup Time": 3.33,
                            "Actual Total Time": 16.306,
                            "Actual Rows": 3852,
                            "Actual Loops": 2,
                            "Recheck Cond": "(keyword_id = 797)",
                            "Rows Removed by Index Recheck": 0,
                            "Exact Heap Blocks": 5046,
                            "Lossy Heap Blocks": 0,
                            "Plans": [
                              {
                                "Node Type": "Bitmap Index Scan",
                                "Parent Relationship": "Outer",
                                "Parallel Aware": false,
                                "Index Name": "keyword_id_movie_keyword",
                                "Startup Cost": 0.0,
                                "Total Cost": 149.59,
                                "Plan Rows": 7087,
                                "Plan Width": 0,
                                "Actual Startup Time": 3.373,
                                "Actual Total Time": 3.374,
                                "Actual Rows": 7704,
                                "Actual Loops": 1,
                                "Index Cond": "(keyword_id = 797)"
                              }
                            ]
                          },
                          {
                            "Node Type": "Index Only Scan",
                            "Parent Relationship": "Inner",
                            "Parallel Aware": false,
                            "Scan Direction": "Forward",
                            "Index Name": "title_pkey",
                            "Relation Name": "title",
                            "Alias": "t",
                            "Startup Cost": 0.43,
                            "Total Cost": 6.96,
                            "Plan Rows": 1,
                            "Plan Width": 4,
                            "Actual Startup Time": 0.007,
                            "Actual Total Time": 0.007,
                            "Actual Rows": 1,
                            "Actual Loops": 7704,
                            "Index Cond": "(id = mk.movie_id)",
                            "Rows Removed by Index Recheck": 0,
                            "Heap Fetches": 7704
                          }
                        ]
                      }
                    ]
                  }
                ]
              }
            ]
          }
        ]
      }
    ]
  },
  "Planning Time": 1.088,
  "Triggers": [],
  "Execution Time": 160.933
}