{
  "Plan": {
    "Node Type": "Aggregate",
    "Strategy": "Plain",
    "Partial Mode": "Finalize",
    "Parallel Aware": false,
    "Startup Cost": 706954.22,
    "Total Cost": 706954.23,
    "Plan Rows": 1,
    "Plan Width": 8,
    "Actual Startup Time": 5851.38,
    "Actual Total Time": 5915.384,
    "Actual Rows": 1,
    "Actual Loops": 1,
    "Plans": [
      {
        "Node Type": "Gather",
        "Parent Relationship": "Outer",
        "Parallel Aware": false,
        "Startup Cost": 706954.11,
        "Total Cost": 706954.22,
        "Plan Rows": 1,
        "Plan Width": 8,
        "Actual Startup Time": 5848.514,
        "Actual Total Time": 5915.369,
        "Actual Rows": 2,
        "Actual Loops": 1,
        "Workers Planned": 1,
        "Workers Launched": 1,
        "Single Copy": false,
        "Plans": [
          {
            "Node Type": "Aggregate",
            "Strategy": "Plain",
            "Partial Mode": "Partial",
            "Parent Relationship": "Outer",
            "Parallel Aware": false,
            "Startup Cost": 705954.11,
            "Total Cost": 705954.12,
            "Plan Rows": 1,
            "Plan Width": 8,
            "Actual Startup Time": 5842.499,
            "Actual Total Time": 5843.472,
            "Actual Rows": 1,
            "Actual Loops": 2,
            "Plans": [
              {
                "Node Type": "Hash Join",
                "Parent Relationship": "Outer",
                "Parallel Aware": true,
                "Join Type": "Inner",
                "Startup Cost": 122997.66,
                "Total Cost": 700654.61,
                "Plan Rows": 2119797,
                "Plan Width": 0,
                "Actual Startup Time": 1062.792,
                "Actual Total Time": 5347.187,
                "Actual Rows": 12216781,
                "Actual Loops": 2,
                "Inner Unique": false,
                "Hash Cond": "(ci.movie_id = t.id)",
                "Plans": [
                  {
                    "Node Type": "Seq Scan",
                    "Parent Relationship": "Outer",
                    "Parallel Aware": true,
                    "Relation Name": "cast_info",
                    "Alias": "ci",
                    "Startup Cost": 0.0,
                    "Total Cost": 519069.44,
                    "Plan Rows": 12298170,
                    "Plan Width": 4,
                    "Actual Startup Time": 358.353,
                    "Actual Total Time": 1541.781,
                    "Actual Rows": 10478514,
                    "Actual Loops": 2,
                    "Filter": "(person_id > 1505454)",
                    "Rows Removed by Filter": 7643658
                  },
                  {
                    "Node Type": "Hash",
                    "Parent Relationship": "Inner",
                    "Parallel Aware": true,
                    "Startup Cost": 119793.29,
                    "Total Cost": 119793.29,
                    "Plan Rows": 256349,
                    "Plan Width": 8,
                    "Actual Startup Time": 698.911,
                    "Actual Total Time": 699.882,
                    "Actual Rows": 490728,
                    "Actual Loops": 2,
                    "Hash Buckets": 1048576,
                    "Original Hash Buckets": 524288,
                    "Hash Batches": 1,
                    "Original Hash Batches": 1,
                    "Peak Memory Usage": 50720,
                    "Plans": [
                      {
                        "Node Type": "Hash Join",
                        "Parent Relationship": "Outer",
                        "Parallel Aware": true,
                        "Join Type": "Inner",
                        "Startup Cost": 85451.63,
                        "Total Cost": 119793.29,
                        "Plan Rows": 256349,
                        "Plan Width": 8,
                        "Actual Startup Time": 346.225,
                        "Actual Total Time": 601.052,
                        "Actual Rows": 490728,
                        "Actual Loops": 2,
                        "Inner Unique": true,
                        "Hash Cond": "(mk.movie_id = t.id)",
                        "Plans": [
                          {
                            "Node Type": "Bitmap Heap Scan",
                            "Parent Relationship": "Outer",
                            "Parallel Aware": true,
                            "Relation Name": "movie_keyword",
                            "Alias": "mk",
                            "Startup Cost": 23573.33,
                            "Total Cost": 56198.95,
                            "Plan Rows": 653730,
                            "Plan Width": 4,
                            "Actual Startup Time": 77.173,
                            "Actual Total Time": 182.626,
                            "Actual Rows": 559816,
                            "Actual Loops": 2,
                            "Recheck Cond": "(keyword_id < 1190)",
                            "Rows Removed by Index Recheck": 0,
                            "Exact Heap Blocks": 12142,
                            "Lossy Heap Blocks": 0,
                            "Plans": [
                              {
                                "Node Type": "Bitmap Index Scan",
                                "Parent Relationship": "Outer",
                                "Parallel Aware": false,
                                "Index Name": "keyword_id_movie_keyword",
                                "Startup Cost": 0.0,
                                "Total Cost": 23295.49,
                                "Plan Rows": 1111341,
                                "Plan Width": 0,
                                "Actual Startup Time": 73.461,
                                "Actual Total Time": 73.461,
                                "Actual Rows": 1119632,
                                "Actual Loops": 1,
                                "Index Cond": "(keyword_id < 1190)"
                              }
                            ]
                          },
                          {
                            "Node Type": "Hash",
                            "Parent Relationship": "Inner",
                            "Parallel Aware": true,
                            "Startup Cost": 54588.39,
                            "Total Cost": 54588.39,
                            "Plan Rows": 583193,
                            "Plan Width": 4,
                            "Actual Startup Time": 262.63,
                            "Actual Total Time": 262.631,
                            "Actual Rows": 492524,
                            "Actual Loops": 2,
                            "Hash Buckets": 1048576,
                            "Original Hash Buckets": 1048576,
                            "Hash Batches": 1,
                            "Original Hash Batches": 1,
                            "Peak Memory Usage": 46752,
                            "Plans": [
                              {
                                "Node Type": "Seq Scan",
                                "Parent Relationship": "Outer",
                                "Parallel Aware": true,
                                "Relation Name": "title",
                                "Alias": "t",
                                "Startup Cost": 0.0,
                                "Total Cost": 54588.39,
                                "Plan Rows": 583193,
                                "Plan Width": 4,
                                "Actual Startup Time": 0.062,
                                "Actual Total Time": 150.519,
                                "Actual Rows": 492524,
                                "Actual Loops": 2,
                                "Filter": "(kind_id < 7)",
                                "Rows Removed by Filter": 771632
                              }
                            ]
                          }
                        ]
                      }
                    ]
                  }
                ]
              }
            ]
          }
        ]
      }
    ]
  },
  "Planning Time": 0.977,
  "Triggers": [],
  "Execution Time": 5915.544
}