{
  "Plan": {
    "Node Type": "Aggregate",
    "Strategy": "Plain",
    "Partial Mode": "Finalize",
    "Parallel Aware": false,
    "Startup Cost": 396167.84,
    "Total Cost": 396167.85,
    "Plan Rows": 1,
    "Plan Width": 8,
    "Actual Startup Time": 2116.503,
    "Actual Total Time": 2146.986,
    "Actual Rows": 1,
    "Actual Loops": 1,
    "Plans": [
      {
        "Node Type": "Gather",
        "Parent Relationship": "Outer",
        "Parallel Aware": false,
        "Startup Cost": 396167.73,
        "Total Cost": 396167.84,
        "Plan Rows": 1,
        "Plan Width": 8,
        "Actual Startup Time": 2110.445,
        "Actual Total Time": 2146.969,
        "Actual Rows": 2,
        "Actual Loops": 1,
        "Workers Planned": 1,
        "Workers Launched": 1,
        "Single Copy": false,
        "Plans": [
          {
            "Node Type": "Aggregate",
            "Strategy": "Plain",
            "Partial Mode": "Partial",
            "Parent Relationship": "Outer",
            "Parallel Aware": false,
            "Startup Cost": 395167.73,
            "Total Cost": 395167.74,
            "Plan Rows": 1,
            "Plan Width": 8,
            "Actual Startup Time": 2097.184,
            "Actual Total Time": 2097.191,
            "Actual Rows": 1,
            "Actual Loops": 2,
            "Plans": [
              {
                "Node Type": "Hash Join",
                "Parent Relationship": "Outer",
                "Parallel Aware": true,
                "Join Type": "Inner",
                "Startup Cost": 119825.08,
                "Total Cost": 394004.3,
                "Plan Rows": 465369,
                "Plan Width": 0,
                "Actual Startup Time": 1181.788,
                "Actual Total Time": 2045.401,
                "Actual Rows": 824862,
                "Actual Loops": 2,
                "Inner Unique": true,
                "Hash Cond": "(ci.movie_id = t.id)",
                "Plans": [
                  {
                    "Node Type": "Bitmap Heap Scan",
                    "Parent Relationship": "Outer",
                    "Parallel Aware": true,
                    "Relation Name": "cast_info",
                    "Alias": "ci",
                    "Startup Cost": 50364.38,
                    "Total Cost": 323322.01,
                    "Plan Rows": 465369,
                    "Plan Width": 4,
                    "Actual Startup Time": 144.951,
                    "Actual Total Time": 376.125,
                    "Actual Rows": 824862,
                    "Actual Loops": 2,
                    "Recheck Cond": "(person_id < 224646)",
                    "Rows Removed by Index Recheck": 0,
                    "Filter": "(role_id < 2)",
                    "Rows Removed by Filter": 328710,
                    "Exact Heap Blocks": 12022,
                    "Lossy Heap Blocks": 0,
                    "Plans": [
                      {
                        "Node Type": "Bitmap Index Scan",
                        "Parent Relationship": "Outer",
                        "Parallel Aware": false,
                        "Index Name": "person_id_cast_info",
                        "Startup Cost": 0.0,
                        "Total Cost": 50166.6,
                        "Plan Rows": 2297338,
                        "Plan Width": 0,
                        "Actual Startup Time": 139.057,
                        "Actual Total Time": 139.058,
                        "Actual Rows": 2307143,
                        "Actual Loops": 1,
                        "Index Cond": "(person_id < 224646)"
                      }
                    ]
                  },
                  {
                    "Node Type": "Hash",
                    "Parent Relationship": "Inner",
                    "Parallel Aware": true,
                    "Startup Cost": 50870.31,
                    "Total Cost": 50870.31,
                    "Plan Rows": 1487231,
                    "Plan Width": 4,
                    "Actual Startup Time": 1012.464,
                    "Actual Total Time": 1012.466,
                    "Actual Rows": 1264156,
                    "Actual Loops": 2,
                    "Hash Buckets": 4194304,
                    "Original Hash Buckets": 4194304,
                    "Hash Batches": 1,
                    "Original Hash Batches": 1,
                    "Peak Memory Usage": 131712,
                    "Plans": [
                      {
                        "Node Type": "Seq Scan",
                        "Parent Relationship": "Outer",
                        "Parallel Aware": true,
                        "Relation Name": "title",
                        "Alias": "t",
                        "Startup Cost": 0.0,
                        "Total Cost": 50870.31,
                        "Plan Rows": 1487231,
                        "Plan Width": 4,
                        "Actual Startup Time": 0.035,
                        "Actual Total Time": 267.838,
                        "Actual Rows": 1264156,
                        "Actual Loops": 2
                      }
                    ]
                  }
                ]
              }
            ]
          }
        ]
      }
    ]
  },
  "Planning Time": 0.624,
  "Triggers": [],
  "Execution Time": 2147.078
}