[
  {
    "Plan": {
      "Node Type": "Aggregate",
      "Strategy": "Plain",
      "Partial Mode": "Simple",
      "Parallel Aware": false,
      "Startup Cost": 3252.57,
      "Total Cost": 3252.58,
      "Plan Rows": 1,
      "Plan Width": 8,
      "Actual Startup Time": 2.085,
      "Actual Total Time": 2.086,
      "Actual Rows": 1,
      "Actual Loops": 1,
      "Plans": [
        {
          "Node Type": "Nested Loop",
          "Parent Relationship": "Outer",
          "Parallel Aware": false,
          "Join Type": "Inner",
          "Startup Cost": 0.99,
          "Total Cost": 3251.89,
          "Plan Rows": 270,
          "Plan Width": 0,
          "Actual Startup Time": 0.628,
          "Actual Total Time": 2.063,
          "Actual Rows": 241,
          "Actual Loops": 1,
          "Inner Unique": true,
          "Plans": [
            {
              "Node Type": "Index Scan",
              "Parent Relationship": "Outer",
              "Parallel Aware": false,
              "Scan Direction": "Forward",
              "Index Name": "person_id_cast_info",
              "Relation Name": "cast_info",
              "Alias": "ci",
              "Startup Cost": 0.56,
              "Total Cost": 987.07,
              "Plan Rows": 270,
              "Plan Width": 4,
              "Actual Startup Time": 0.598,
              "Actual Total Time": 0.672,
              "Actual Rows": 241,
              "Actual Loops": 1,
              "Index Cond": "(person_id = 2444635)",
              "Rows Removed by Index Recheck": 0,
              "Filter": "(role_id < 3)",
              "Rows Removed by Filter": 7
            },
            {
              "Node Type": "Index Only Scan",
              "Parent Relationship": "Inner",
              "Parallel Aware": false,
              "Scan Direction": "Forward",
              "Index Name": "title_pkey",
              "Relation Name": "title",
              "Alias": "t",
              "Startup Cost": 0.43,
              "Total Cost": 8.39,
              "Plan Rows": 1,
              "Plan Width": 4,
              "Actual Startup Time": 0.005,
              "Actual Total Time": 0.005,
              "Actual Rows": 1,
              "Actual Loops": 241,
              "Index Cond": "(id = ci.movie_id)",
              "Rows Removed by Index Recheck": 0,
              "Heap Fetches": 241
            }
          ]
        }
      ]
    },
    "Planning Time": 0.287,
    "Triggers": [],
    "Execution Time": 2.115
  }
]