[
  {
    "Plan": {
      "Node Type": "Aggregate",
      "Strategy": "Plain",
      "Partial Mode": "Finalize",
      "Parallel Aware": false,
      "Startup Cost": 46482.33,
      "Total Cost": 46482.34,
      "Plan Rows": 1,
      "Plan Width": 8,
      "Actual Startup Time": 87.642,
      "Actual Total Time": 98.476,
      "Actual Rows": 1,
      "Actual Loops": 1,
      "Plans": [
        {
          "Node Type": "Gather",
          "Parent Relationship": "Outer",
          "Parallel Aware": false,
          "Startup Cost": 46481.91,
          "Total Cost": 46482.32,
          "Plan Rows": 4,
          "Plan Width": 8,
          "Actual Startup Time": 87.499,
          "Actual Total Time": 98.466,
          "Actual Rows": 5,
          "Actual Loops": 1,
          "Workers Planned": 4,
          "Workers Launched": 4,
          "Single Copy": false,
          "Plans": [
            {
              "Node Type": "Aggregate",
              "Strategy": "Plain",
              "Partial Mode": "Partial",
              "Parent Relationship": "Outer",
              "Parallel Aware": false,
              "Startup Cost": 45481.91,
              "Total Cost": 45481.92,
              "Plan Rows": 1,
              "Plan Width": 8,
              "Actual Startup Time": 80.469,
              "Actual Total Time": 80.471,
              "Actual Rows": 1,
              "Actual Loops": 5,
              "Plans": [
                {
                  "Node Type": "Seq Scan",
                  "Parent Relationship": "Outer",
                  "Parallel Aware": true,
                  "Relation Name": "title",
                  "Alias": "t",
                  "Startup Cost": 0.0,
                  "Total Cost": 45479.59,
                  "Plan Rows": 930,
                  "Plan Width": 0,
                  "Actual Startup Time": 55.096,
                  "Actual Total Time": 80.377,
                  "Actual Rows": 858,
                  "Actual Loops": 5,
                  "Filter": "((kind_id = 1) AND (production_year = 1982))",
                  "Rows Removed by Filter": 504805
                }
              ]
            }
          ]
        }
      ]
    },
    "Planning Time": 0.164,
    "Triggers": [],
    "Execution Time": 98.528
  }
]