[
  {
    "Plan": {
      "Node Type": "Aggregate",
      "Strategy": "Plain",
      "Partial Mode": "Finalize",
      "Parallel Aware": false,
      "Startup Cost": 46481.95,
      "Total Cost": 46481.96,
      "Plan Rows": 1,
      "Plan Width": 8,
      "Actual Startup Time": 83.661,
      "Actual Total Time": 93.992,
      "Actual Rows": 1,
      "Actual Loops": 1,
      "Plans": [
        {
          "Node Type": "Gather",
          "Parent Relationship": "Outer",
          "Parallel Aware": false,
          "Startup Cost": 46481.53,
          "Total Cost": 46481.94,
          "Plan Rows": 4,
          "Plan Width": 8,
          "Actual Startup Time": 83.525,
          "Actual Total Time": 93.985,
          "Actual Rows": 5,
          "Actual Loops": 1,
          "Workers Planned": 4,
          "Workers Launched": 4,
          "Single Copy": false,
          "Plans": [
            {
              "Node Type": "Aggregate",
              "Strategy": "Plain",
              "Partial Mode": "Partial",
              "Parent Relationship": "Outer",
              "Parallel Aware": false,
              "Startup Cost": 45481.53,
              "Total Cost": 45481.54,
              "Plan Rows": 1,
              "Plan Width": 8,
              "Actual Startup Time": 76.779,
              "Actual Total Time": 76.78,
              "Actual Rows": 1,
              "Actual Loops": 5,
              "Plans": [
                {
                  "Node Type": "Seq Scan",
                  "Parent Relationship": "Outer",
                  "Parallel Aware": true,
                  "Relation Name": "title",
                  "Alias": "t",
                  "Startup Cost": 0.0,
                  "Total Cost": 45479.1,
                  "Plan Rows": 973,
                  "Plan Width": 0,
                  "Actual Startup Time": 52.069,
                  "Actual Total Time": 76.688,
                  "Actual Rows": 858,
                  "Actual Loops": 5,
                  "Filter": "((kind_id = 1) AND (production_year = 1982))",
                  "Rows Removed by Filter": 504805
                }
              ]
            }
          ]
        }
      ]
    },
    "Planning Time": 0.126,
    "Triggers": [],
    "Execution Time": 94.035
  }
]