[
  {
    "Plan": {
      "Node Type": "Aggregate",
      "Strategy": "Plain",
      "Partial Mode": "Finalize",
      "Parallel Aware": false,
      "Startup Cost": 33214.6,
      "Total Cost": 33214.61,
      "Plan Rows": 1,
      "Plan Width": 8,
      "Actual Startup Time": 105.75,
      "Actual Total Time": 113.72,
      "Actual Rows": 1,
      "Actual Loops": 1,
      "Plans": [
        {
          "Node Type": "Gather",
          "Parent Relationship": "Outer",
          "Parallel Aware": false,
          "Startup Cost": 33214.28,
          "Total Cost": 33214.59,
          "Plan Rows": 3,
          "Plan Width": 8,
          "Actual Startup Time": 105.647,
          "Actual Total Time": 113.713,
          "Actual Rows": 4,
          "Actual Loops": 1,
          "Workers Planned": 3,
          "Workers Launched": 3,
          "Single Copy": false,
          "Plans": [
            {
              "Node Type": "Aggregate",
              "Strategy": "Plain",
              "Partial Mode": "Partial",
              "Parent Relationship": "Outer",
              "Parallel Aware": false,
              "Startup Cost": 32214.28,
              "Total Cost": 32214.29,
              "Plan Rows": 1,
              "Plan Width": 8,
              "Actual Startup Time": 98.458,
              "Actual Total Time": 98.459,
              "Actual Rows": 1,
              "Actual Loops": 4,
              "Plans": [
                {
                  "Node Type": "Seq Scan",
                  "Parent Relationship": "Outer",
                  "Parallel Aware": true,
                  "Relation Name": "movie_companies",
                  "Alias": "mc",
                  "Startup Cost": 0.0,
                  "Total Cost": 31414.82,
                  "Plan Rows": 319785,
                  "Plan Width": 0,
                  "Actual Startup Time": 48.104,
                  "Actual Total Time": 86.28,
                  "Actual Rows": 287579,
                  "Actual Loops": 4,
                  "Filter": "((company_id > 909) AND (company_type_id > 1))",
                  "Rows Removed by Filter": 364704
                }
              ]
            }
          ]
        }
      ]
    },
    "Planning Time": 0.197,
    "Triggers": [],
    "Execution Time": 113.774
  }
]