{
  "Plan": {
    "Node Type": "Aggregate",
    "Strategy": "Plain",
    "Partial Mode": "Finalize",
    "Parallel Aware": false,
    "Startup Cost": 799899.6,
    "Total Cost": 799899.61,
    "Plan Rows": 1,
    "Plan Width": 8,
    "Actual Startup Time": 6381.587,
    "Actual Total Time": 6440.077,
    "Actual Rows": 1,
    "Actual Loops": 1,
    "Plans": [
      {
        "Node Type": "Gather",
        "Parent Relationship": "Outer",
        "Parallel Aware": false,
        "Startup Cost": 799899.48,
        "Total Cost": 799899.59,
        "Plan Rows": 1,
        "Plan Width": 8,
        "Actual Startup Time": 6377.772,
        "Actual Total Time": 6440.066,
        "Actual Rows": 2,
        "Actual Loops": 1,
        "Workers Planned": 1,
        "Workers Launched": 1,
        "Single Copy": false,
        "Plans": [
          {
            "Node Type": "Aggregate",
            "Strategy": "Plain",
            "Partial Mode": "Partial",
            "Parent Relationship": "Outer",
            "Parallel Aware": false,
            "Startup Cost": 798899.48,
            "Total Cost": 798899.49,
            "Plan Rows": 1,
            "Plan Width": 8,
            "Actual Startup Time": 6372.23,
            "Actual Total Time": 6372.757,
            "Actual Rows": 1,
            "Actual Loops": 2,
            "Plans": [
              {
                "Node Type": "Hash Join",
                "Parent Relationship": "Outer",
                "Parallel Aware": true,
                "Join Type": "Inner",
                "Startup Cost": 97101.74,
                "Total Cost": 780881.2,
                "Plan Rows": 7207315,
                "Plan Width": 0,
                "Actual Startup Time": 745.326,
                "Actual Total Time": 6021.677,
                "Actual Rows": 8863866,
                "Actual Loops": 2,
                "Inner Unique": false,
                "Hash Cond": "(ci.movie_id = t.id)",
                "Plans": [
                  {
                    "Node Type": "Seq Scan",
                    "Parent Relationship": "Outer",
                    "Parallel Aware": true,
                    "Relation Name": "cast_info",
                    "Alias": "ci",
                    "Startup Cost": 0.0,
                    "Total Cost": 572345.93,
                    "Plan Rows": 18410006,
                    "Plan Width": 4,
                    "Actual Startup Time": 0.027,
                    "Actual Total Time": 2058.398,
                    "Actual Rows": 15802604,
                    "Actual Loops": 2,
                    "Filter": "((person_id < 4010438) AND (role_id < 10))",
                    "Rows Removed by Filter": 2319568
                  },
                  {
                    "Node Type": "Hash",
                    "Parent Relationship": "Inner",
                    "Parallel Aware": true,
                    "Startup Cost": 89823.81,
                    "Total Cost": 89823.81,
                    "Plan Rows": 582235,
                    "Plan Width": 8,
                    "Actual Startup Time": 736.285,
                    "Actual Total Time": 736.81,
                    "Actual Rows": 374979,
                    "Actual Loops": 2,
                    "Hash Buckets": 1048576,
                    "Original Hash Buckets": 1048576,
                    "Hash Batches": 1,
                    "Original Hash Batches": 1,
                    "Peak Memory Usage": 37568,
                    "Plans": [
                      {
                        "Node Type": "Hash Join",
                        "Parent Relationship": "Outer",
                        "Parallel Aware": true,
                        "Join Type": "Inner",
                        "Startup Cost": 71640.02,
                        "Total Cost": 89823.81,
                        "Plan Rows": 582235,
                        "Plan Width": 8,
                        "Actual Startup Time": 451.784,
                        "Actual Total Time": 656.507,
                        "Actual Rows": 374979,
                        "Actual Loops": 2,
                        "Inner Unique": true,
                        "Hash Cond": "(mi_idx.movie_id = t.id)",
                        "Plans": [
                          {
                            "Node Type": "Seq Scan",
                            "Parent Relationship": "Outer",
                            "Parallel Aware": true,
                            "Relation Name": "movie_info_idx",
                            "Alias": "mi_idx",
                            "Startup Cost": 0.0,
                            "Total Cost": 16052.85,
                            "Plan Rows": 811785,
                            "Plan Width": 4,
                            "Actual Startup Time": 0.018,
                            "Actual Total Time": 51.801,
                            "Actual Rows": 690018,
                            "Actual Loops": 2
                          },
                          {
                            "Node Type": "Hash",
                            "Parent Relationship": "Inner",
                            "Parallel Aware": true,
                            "Startup Cost": 58306.47,
                            "Total Cost": 58306.47,
                            "Plan Rows": 1066684,
                            "Plan Width": 4,
                            "Actual Startup Time": 442.556,
                            "Actual Total Time": 442.558,
                            "Actual Rows": 899954,
                            "Actual Loops": 2,
                            "Hash Buckets": 2097152,
                            "Original Hash Buckets": 2097152,
                            "Hash Batches": 1,
                            "Original Hash Batches": 1,
                            "Peak Memory Usage": 86848,
                            "Plans": [
                              {
                                "Node Type": "Seq Scan",
                                "Parent Relationship": "Outer",
                                "Parallel Aware": true,
                                "Relation Name": "title",
                                "Alias": "t",
                                "Startup Cost": 0.0,
                                "Total Cost": 58306.47,
                                "Plan Rows": 1066684,
                                "Plan Width": 4,
                                "Actual Startup Time": 0.052,
                                "Actual Total Time": 181.0,
                                "Actual Rows": 899954,
                                "Actual Loops": 2,
                                "Filter": "((kind_id > 1) AND (production_year > 0))",
                                "Rows Removed by Filter": 364202
                              }
                            ]
                          }
                        ]
                      }
                    ]
                  }
                ]
              }
            ]
          }
        ]
      }
    ]
  },
  "Planning Time": 0.984,
  "Triggers": [],
  "Execution Time": 6440.168
}