[
  {
    "Plan": {
      "Node Type": "Aggregate",
      "Strategy": "Plain",
      "Partial Mode": "Finalize",
      "Parallel Aware": false,
      "Startup Cost": 346325.34,
      "Total Cost": 346325.35,
      "Plan Rows": 1,
      "Plan Width": 8,
      "Actual Startup Time": 749.428,
      "Actual Total Time": 805.06,
      "Actual Rows": 1,
      "Actual Loops": 1,
      "Plans": [
        {
          "Node Type": "Gather",
          "Parent Relationship": "Outer",
          "Parallel Aware": false,
          "Startup Cost": 346324.72,
          "Total Cost": 346325.33,
          "Plan Rows": 6,
          "Plan Width": 8,
          "Actual Startup Time": 749.293,
          "Actual Total Time": 805.05,
          "Actual Rows": 7,
          "Actual Loops": 1,
          "Workers Planned": 6,
          "Workers Launched": 6,
          "Single Copy": false,
          "Plans": [
            {
              "Node Type": "Aggregate",
              "Strategy": "Plain",
              "Partial Mode": "Partial",
              "Parent Relationship": "Outer",
              "Parallel Aware": false,
              "Startup Cost": 345324.72,
              "Total Cost": 345324.73,
              "Plan Rows": 1,
              "Plan Width": 8,
              "Actual Startup Time": 739.575,
              "Actual Total Time": 739.576,
              "Actual Rows": 1,
              "Actual Loops": 7,
              "Plans": [
                {
                  "Node Type": "Seq Scan",
                  "Parent Relationship": "Outer",
                  "Parallel Aware": true,
                  "Relation Name": "cast_info",
                  "Alias": "ci",
                  "Startup Cost": 0.0,
                  "Total Cost": 343257.03,
                  "Plan Rows": 827076,
                  "Plan Width": 0,
                  "Actual Startup Time": 355.792,
                  "Actual Total Time": 673.38,
                  "Actual Rows": 1462612,
                  "Actual Loops": 7,
                  "Filter": "((person_id > 2619625) AND (role_id > 2))",
                  "Rows Removed by Filter": 3715151
                }
              ]
            }
          ]
        }
      ]
    },
    "Planning Time": 0.187,
    "Triggers": [],
    "Execution Time": 805.124
  }
]