[
  {
    "Plan": {
      "Node Type": "Aggregate",
      "Strategy": "Plain",
      "Partial Mode": "Finalize",
      "Parallel Aware": false,
      "Startup Cost": 44938.09,
      "Total Cost": 44938.1,
      "Plan Rows": 1,
      "Plan Width": 8,
      "Actual Startup Time": 91.269,
      "Actual Total Time": 102.351,
      "Actual Rows": 1,
      "Actual Loops": 1,
      "Plans": [
        {
          "Node Type": "Gather",
          "Parent Relationship": "Outer",
          "Parallel Aware": false,
          "Startup Cost": 44937.67,
          "Total Cost": 44938.08,
          "Plan Rows": 4,
          "Plan Width": 8,
          "Actual Startup Time": 90.974,
          "Actual Total Time": 102.338,
          "Actual Rows": 5,
          "Actual Loops": 1,
          "Workers Planned": 4,
          "Workers Launched": 4,
          "Single Copy": false,
          "Plans": [
            {
              "Node Type": "Aggregate",
              "Strategy": "Plain",
              "Partial Mode": "Partial",
              "Parent Relationship": "Outer",
              "Parallel Aware": false,
              "Startup Cost": 43937.67,
              "Total Cost": 43937.68,
              "Plan Rows": 1,
              "Plan Width": 8,
              "Actual Startup Time": 82.1,
              "Actual Total Time": 82.103,
              "Actual Rows": 1,
              "Actual Loops": 5,
              "Plans": [
                {
                  "Node Type": "Seq Scan",
                  "Parent Relationship": "Outer",
                  "Parallel Aware": true,
                  "Relation Name": "title",
                  "Alias": "t",
                  "Startup Cost": 0.0,
                  "Total Cost": 43899.32,
                  "Plan Rows": 15339,
                  "Plan Width": 0,
                  "Actual Startup Time": 0.055,
                  "Actual Total Time": 81.103,
                  "Actual Rows": 11718,
                  "Actual Loops": 5,
                  "Filter": "(production_year = 2001)",
                  "Rows Removed by Filter": 493944
                }
              ]
            }
          ]
        }
      ]
    },
    "Planning Time": 0.05,
    "Triggers": [],
    "Execution Time": 102.376
  }
]