{
    "Plan": {
        "Node Type": "Aggregate",
        "Strategy": "Plain",
        "Partial Mode": "Finalize",
        "Parallel Aware": false,
        "Startup Cost": 171623.16,
        "Total Cost": 171623.17,
        "Plan Rows": 1,
        "Plan Width": 8,
        "Actual Startup Time": 133.843,
        "Actual Total Time": 153.12,
        "Actual Rows": 1,
        "Actual Loops": 1,
        "Output": [
            "count(*)"
        ],
        "Plans": [
            {
                "Node Type": "Gather",
                "Parent Relationship": "Outer",
                "Parallel Aware": false,
                "Startup Cost": 171622.74,
                "Total Cost": 171623.15,
                "Plan Rows": 4,
                "Plan Width": 8,
                "Actual Startup Time": 133.718,
                "Actual Total Time": 153.112,
                "Actual Rows": 5,
                "Actual Loops": 1,
                "Output": [
                    "(PARTIAL count(*))"
                ],
                "Workers Planned": 4,
                "Workers Launched": 4,
                "Single Copy": false,
                "Plans": [
                    {
                        "Node Type": "Aggregate",
                        "Strategy": "Plain",
                        "Partial Mode": "Partial",
                        "Parent Relationship": "Outer",
                        "Parallel Aware": false,
                        "Startup Cost": 170622.74,
                        "Total Cost": 170622.75,
                        "Plan Rows": 1,
                        "Plan Width": 8,
                        "Actual Startup Time": 123.774,
                        "Actual Total Time": 123.776,
                        "Actual Rows": 1,
                        "Actual Loops": 5,
                        "Output": [
                            "PARTIAL count(*)"
                        ],
                        "Workers": [
                            {
                                "Worker Number": 0,
                                "Actual Startup Time": 121.02,
                                "Actual Total Time": 121.022,
                                "Actual Rows": 1,
                                "Actual Loops": 1
                            },
                            {
                                "Worker Number": 1,
                                "Actual Startup Time": 120.926,
                                "Actual Total Time": 120.927,
                                "Actual Rows": 1,
                                "Actual Loops": 1
                            },
                            {
                                "Worker Number": 2,
                                "Actual Startup Time": 121.78,
                                "Actual Total Time": 121.781,
                                "Actual Rows": 1,
                                "Actual Loops": 1
                            },
                            {
                                "Worker Number": 3,
                                "Actual Startup Time": 122.165,
                                "Actual Total Time": 122.167,
                                "Actual Rows": 1,
                                "Actual Loops": 1
                            }
                        ],
                        "Plans": [
                            {
                                "Node Type": "Nested Loop",
                                "Parent Relationship": "Outer",
                                "Parallel Aware": false,
                                "Join Type": "Inner",
                                "Startup Cost": 0.43,
                                "Total Cost": 170604.83,
                                "Plan Rows": 7165,
                                "Plan Width": 0,
                                "Actual Startup Time": 1.69,
                                "Actual Total Time": 122.717,
                                "Actual Rows": 10436,
                                "Actual Loops": 5,
                                "Inner Unique": false,
                                "Workers": [
                                    {
                                        "Worker Number": 0,
                                        "Actual Startup Time": 0.364,
                                        "Actual Total Time": 119.894,
                                        "Actual Rows": 4340,
                                        "Actual Loops": 1
                                    },
                                    {
                                        "Worker Number": 1,
                                        "Actual Startup Time": 2.954,
                                        "Actual Total Time": 119.806,
                                        "Actual Rows": 6676,
                                        "Actual Loops": 1
                                    },
                                    {
                                        "Worker Number": 2,
                                        "Actual Startup Time": 2.257,
                                        "Actual Total Time": 120.791,
                                        "Actual Rows": 9124,
                                        "Actual Loops": 1
                                    },
                                    {
                                        "Worker Number": 3,
                                        "Actual Startup Time": 1.591,
                                        "Actual Total Time": 121.161,
                                        "Actual Rows": 9558,
                                        "Actual Loops": 1
                                    }
                                ],
                                "Plans": [
                                    {
                                        "Node Type": "Seq Scan",
                                        "Parent Relationship": "Outer",
                                        "Parallel Aware": true,
                                        "Relation Name": "title",
                                        "Schema": "public",
                                        "Alias": "t",
                                        "Startup Cost": 0.0,
                                        "Total Cost": 45479.21,
                                        "Plan Rows": 1228,
                                        "Plan Width": 4,
                                        "Actual Startup Time": 1.46,
                                        "Actual Total Time": 83.301,
                                        "Actual Rows": 992,
                                        "Actual Loops": 5,
                                        "Output": [
                                            "t.id",
                                            "t.title",
                                            "t.imdb_index",
                                            "t.kind_id",
                                            "t.production_year",
                                            "t.imdb_id",
                                            "t.phonetic_code",
                                            "t.episode_of_id",
                                            "t.season_nr",
                                            "t.episode_nr",
                                            "t.series_years",
                                            "t.md5sum"
                                        ],
                                        "Filter": "((t.kind_id < 7) AND (t.production_year = 1964))",
                                        "Rows Removed by Filter": 504670,
                                        "Workers": [
                                            {
                                                "Worker Number": 0,
                                                "Actual Startup Time": 0.072,
                                                "Actual Total Time": 76.247,
                                                "Actual Rows": 453,
                                                "Actual Loops": 1
                                            },
                                            {
                                                "Worker Number": 1,
                                                "Actual Startup Time": 2.636,
                                                "Actual Total Time": 76.21,
                                                "Actual Rows": 611,
                                                "Actual Loops": 1
                                            },
                                            {
                                                "Worker Number": 2,
                                                "Actual Startup Time": 2.01,
                                                "Actual Total Time": 79.853,
                                                "Actual Rows": 954,
                                                "Actual Loops": 1
                                            },
                                            {
                                                "Worker Number": 3,
                                                "Actual Startup Time": 1.337,
                                                "Actual Total Time": 79.774,
                                                "Actual Rows": 955,
                                                "Actual Loops": 1
                                            }
                                        ]
                                    },
                                    {
                                        "Node Type": "Index Only Scan",
                                        "Parent Relationship": "Inner",
                                        "Parallel Aware": false,
                                        "Scan Direction": "Forward",
                                        "Index Name": "movie_id_movie_info",
                                        "Relation Name": "movie_info",
                                        "Schema": "public",
                                        "Alias": "mi",
                                        "Startup Cost": 0.43,
                                        "Total Cost": 101.5,
                                        "Plan Rows": 39,
                                        "Plan Width": 4,
                                        "Actual Startup Time": 0.013,
                                        "Actual Total Time": 0.038,
                                        "Actual Rows": 11,
                                        "Actual Loops": 4962,
                                        "Output": [
                                            "mi.movie_id"
                                        ],
                                        "Index Cond": "(mi.movie_id = t.id)",
                                        "Rows Removed by Index Recheck": 0,
                                        "Heap Fetches": 52178,
                                        "Workers": [
                                            {
                                                "Worker Number": 0,
                                                "Actual Startup Time": 0.03,
                                                "Actual Total Time": 0.093,
                                                "Actual Rows": 10,
                                                "Actual Loops": 453
                                            },
                                            {
                                                "Worker Number": 1,
                                                "Actual Startup Time": 0.024,
                                                "Actual Total Time": 0.069,
                                                "Actual Rows": 11,
                                                "Actual Loops": 611
                                            },
                                            {
                                                "Worker Number": 2,
                                                "Actual Startup Time": 0.014,
                                                "Actual Total Time": 0.041,
                                                "Actual Rows": 10,
                                                "Actual Loops": 954
                                            },
                                            {
                                                "Worker Number": 3,
                                                "Actual Startup Time": 0.015,
                                                "Actual Total Time": 0.042,
                                                "Actual Rows": 10,
                                                "Actual Loops": 955
                                            }
                                        ]
                                    }
                                ]
                            }
                        ]
                    }
                ]
            }
        ]
    },
    "Planning Time": 0.764,
    "Triggers": [],
    "Execution Time": 153.201
}