[
  {
    "Plan": {
      "Node Type": "Aggregate",
      "Strategy": "Plain",
      "Partial Mode": "Finalize",
      "Parallel Aware": false,
      "Startup Cost": 193529.92,
      "Total Cost": 193529.93,
      "Plan Rows": 1,
      "Plan Width": 8,
      "Actual Startup Time": 1642.969,
      "Actual Total Time": 1729.213,
      "Actual Rows": 1,
      "Actual Loops": 1,
      "Plans": [
        {
          "Node Type": "Gather",
          "Parent Relationship": "Outer",
          "Parallel Aware": false,
          "Startup Cost": 193529.61,
          "Total Cost": 193529.92,
          "Plan Rows": 3,
          "Plan Width": 8,
          "Actual Startup Time": 1640.531,
          "Actual Total Time": 1729.202,
          "Actual Rows": 4,
          "Actual Loops": 1,
          "Workers Planned": 3,
          "Workers Launched": 3,
          "Single Copy": false,
          "Plans": [
            {
              "Node Type": "Aggregate",
              "Strategy": "Plain",
              "Partial Mode": "Partial",
              "Parent Relationship": "Outer",
              "Parallel Aware": false,
              "Startup Cost": 192529.61,
              "Total Cost": 192529.62,
              "Plan Rows": 1,
              "Plan Width": 8,
              "Actual Startup Time": 1631.123,
              "Actual Total Time": 1631.127,
              "Actual Rows": 1,
              "Actual Loops": 4,
              "Plans": [
                {
                  "Node Type": "Nested Loop",
                  "Parent Relationship": "Outer",
                  "Parallel Aware": false,
                  "Join Type": "Inner",
                  "Startup Cost": 46582.81,
                  "Total Cost": 191585.8,
                  "Plan Rows": 377524,
                  "Plan Width": 0,
                  "Actual Startup Time": 157.013,
                  "Actual Total Time": 1566.923,
                  "Actual Rows": 1284039,
                  "Actual Loops": 4,
                  "Inner Unique": false,
                  "Join Filter": "(t.id = ci.movie_id)",
                  "Rows Removed by Join Filter": 0,
                  "Plans": [
                    {
                      "Node Type": "Hash Join",
                      "Parent Relationship": "Outer",
                      "Parallel Aware": true,
                      "Join Type": "Inner",
                      "Startup Cost": 46582.25,
                      "Total Cost": 78492.4,
                      "Plan Rows": 26347,
                      "Plan Width": 8,
                      "Actual Startup Time": 156.915,
                      "Actual Total Time": 248.206,
                      "Actual Rows": 40630,
                      "Actual Loops": 4,
                      "Inner Unique": true,
                      "Hash Cond": "(mc.movie_id = t.id)",
                      "Plans": [
                        {
                          "Node Type": "Seq Scan",
                          "Parent Relationship": "Outer",
                          "Parallel Aware": true,
                          "Relation Name": "movie_companies",
                          "Alias": "mc",
                          "Startup Cost": 0.0,
                          "Total Cost": 31414.82,
                          "Plan Rows": 188699,
                          "Plan Width": 4,
                          "Actual Startup Time": 9.94,
                          "Actual Total Time": 64.076,
                          "Actual Rows": 77850,
                          "Actual Loops": 4,
                          "Filter": "((company_id > 12476) AND (company_type_id = 1))",
                          "Rows Removed by Filter": 574432
                        },
                        {
                          "Node Type": "Hash",
                          "Parent Relationship": "Inner",
                          "Parallel Aware": true,
                          "Startup Cost": 45479.1,
                          "Total Cost": 45479.1,
                          "Plan Rows": 88252,
                          "Plan Width": 4,
                          "Actual Startup Time": 143.739,
                          "Actual Total Time": 143.74,
                          "Actual Rows": 111881,
                          "Actual Loops": 4,
                          "Hash Buckets": 524288,
                          "Original Hash Buckets": 524288,
                          "Hash Batches": 1,
                          "Original Hash Batches": 1,
                          "Peak Memory Usage": 21664,
                          "Plans": [
                            {
                              "Node Type": "Seq Scan",
                              "Parent Relationship": "Outer",
                              "Parallel Aware": true,
                              "Relation Name": "title",
                              "Alias": "t",
                              "Startup Cost": 0.0,
                              "Total Cost": 45479.1,
                              "Plan Rows": 88252,
                              "Plan Width": 4,
                              "Actual Startup Time": 0.034,
                              "Actual Total Time": 104.8,
                              "Actual Rows": 111881,
                              "Actual Loops": 4,
                              "Filter": "((kind_id < 3) AND (production_year < 2003))",
                              "Rows Removed by Filter": 520197
                            }
                          ]
                        }
                      ]
                    },
                    {
                      "Node Type": "Index Only Scan",
                      "Parent Relationship": "Inner",
                      "Parallel Aware": false,
                      "Scan Direction": "Forward",
                      "Index Name": "movie_id_cast_info",
                      "Relation Name": "cast_info",
                      "Alias": "ci",
                      "Startup Cost": 0.56,
                      "Total Cost": 3.83,
                      "Plan Rows": 37,
                      "Plan Width": 4,
                      "Actual Startup Time": 0.005,
                      "Actual Total Time": 0.029,
                      "Actual Rows": 32,
                      "Actual Loops": 162520,
                      "Index Cond": "(movie_id = mc.movie_id)",
                      "Rows Removed by Index Recheck": 0,
                      "Heap Fetches": 5136156
                    }
                  ]
                }
              ]
            }
          ]
        }
      ]
    },
    "Planning Time": 1.534,
    "Triggers": [],
    "Execution Time": 1729.331
  }
]