[
  {
    "Plan": {
      "Node Type": "Aggregate",
      "Strategy": "Plain",
      "Partial Mode": "Finalize",
      "Parallel Aware": false,
      "Startup Cost": 338940.52,
      "Total Cost": 338940.53,
      "Plan Rows": 1,
      "Plan Width": 8,
      "Actual Startup Time": 877.687,
      "Actual Total Time": 937.268,
      "Actual Rows": 1,
      "Actual Loops": 1,
      "Plans": [
        {
          "Node Type": "Gather",
          "Parent Relationship": "Outer",
          "Parallel Aware": false,
          "Startup Cost": 338939.9,
          "Total Cost": 338940.51,
          "Plan Rows": 6,
          "Plan Width": 8,
          "Actual Startup Time": 877.369,
          "Actual Total Time": 937.257,
          "Actual Rows": 7,
          "Actual Loops": 1,
          "Workers Planned": 6,
          "Workers Launched": 6,
          "Single Copy": false,
          "Plans": [
            {
              "Node Type": "Aggregate",
              "Strategy": "Plain",
              "Partial Mode": "Partial",
              "Parent Relationship": "Outer",
              "Parallel Aware": false,
              "Startup Cost": 337939.9,
              "Total Cost": 337939.91,
              "Plan Rows": 1,
              "Plan Width": 8,
              "Actual Startup Time": 867.087,
              "Actual Total Time": 867.088,
              "Actual Rows": 1,
              "Actual Loops": 7,
              "Plans": [
                {
                  "Node Type": "Seq Scan",
                  "Parent Relationship": "Outer",
                  "Parallel Aware": true,
                  "Relation Name": "cast_info",
                  "Alias": "ci",
                  "Startup Cost": 0.0,
                  "Total Cost": 328211.39,
                  "Plan Rows": 3891402,
                  "Plan Width": 0,
                  "Actual Startup Time": 167.549,
                  "Actual Total Time": 694.801,
                  "Actual Rows": 3322471,
                  "Actual Loops": 7,
                  "Filter": "(person_id > 1283340)",
                  "Rows Removed by Filter": 1855292
                }
              ]
            }
          ]
        }
      ]
    },
    "Planning Time": 0.087,
    "Triggers": [],
    "Execution Time": 937.311
  }
]