[
  {
    "Plan": {
      "Node Type": "Aggregate",
      "Strategy": "Plain",
      "Partial Mode": "Finalize",
      "Parallel Aware": false,
      "Startup Cost": 338841.7,
      "Total Cost": 338841.71,
      "Plan Rows": 1,
      "Plan Width": 8,
      "Actual Startup Time": 738.587,
      "Actual Total Time": 792.568,
      "Actual Rows": 1,
      "Actual Loops": 1,
      "Plans": [
        {
          "Node Type": "Gather",
          "Parent Relationship": "Outer",
          "Parallel Aware": false,
          "Startup Cost": 338841.07,
          "Total Cost": 338841.68,
          "Plan Rows": 6,
          "Plan Width": 8,
          "Actual Startup Time": 738.472,
          "Actual Total Time": 792.559,
          "Actual Rows": 7,
          "Actual Loops": 1,
          "Workers Planned": 6,
          "Workers Launched": 6,
          "Single Copy": false,
          "Plans": [
            {
              "Node Type": "Aggregate",
              "Strategy": "Plain",
              "Partial Mode": "Partial",
              "Parent Relationship": "Outer",
              "Parallel Aware": false,
              "Startup Cost": 337841.07,
              "Total Cost": 337841.08,
              "Plan Rows": 1,
              "Plan Width": 8,
              "Actual Startup Time": 730.359,
              "Actual Total Time": 730.36,
              "Actual Rows": 1,
              "Actual Loops": 7,
              "Plans": [
                {
                  "Node Type": "Seq Scan",
                  "Parent Relationship": "Outer",
                  "Parallel Aware": true,
                  "Relation Name": "cast_info",
                  "Alias": "ci",
                  "Startup Cost": 0.0,
                  "Total Cost": 328162.03,
                  "Plan Rows": 3871618,
                  "Plan Width": 0,
                  "Actual Startup Time": 138.275,
                  "Actual Total Time": 593.365,
                  "Actual Rows": 3322471,
                  "Actual Loops": 7,
                  "Filter": "(person_id > 1283340)",
                  "Rows Removed by Filter": 1855292
                }
              ]
            }
          ]
        }
      ]
    },
    "Planning Time": 0.23,
    "Triggers": [],
    "Execution Time": 792.643
  }
]