[
  {
    "Plan": {
      "Node Type": "Aggregate",
      "Strategy": "Plain",
      "Partial Mode": "Finalize",
      "Parallel Aware": false,
      "Startup Cost": 276229.04,
      "Total Cost": 276229.05,
      "Plan Rows": 1,
      "Plan Width": 8,
      "Actual Startup Time": 118.628,
      "Actual Total Time": 124.138,
      "Actual Rows": 1,
      "Actual Loops": 1,
      "Plans": [
        {
          "Node Type": "Gather",
          "Parent Relationship": "Outer",
          "Parallel Aware": false,
          "Startup Cost": 276228.41,
          "Total Cost": 276229.02,
          "Plan Rows": 6,
          "Plan Width": 8,
          "Actual Startup Time": 118.277,
          "Actual Total Time": 124.129,
          "Actual Rows": 7,
          "Actual Loops": 1,
          "Workers Planned": 6,
          "Workers Launched": 6,
          "Single Copy": false,
          "Plans": [
            {
              "Node Type": "Aggregate",
              "Strategy": "Plain",
              "Partial Mode": "Partial",
              "Parent Relationship": "Outer",
              "Parallel Aware": false,
              "Startup Cost": 275228.41,
              "Total Cost": 275228.42,
              "Plan Rows": 1,
              "Plan Width": 8,
              "Actual Startup Time": 109.035,
              "Actual Total Time": 109.037,
              "Actual Rows": 1,
              "Actual Loops": 7,
              "Plans": [
                {
                  "Node Type": "Bitmap Heap Scan",
                  "Parent Relationship": "Outer",
                  "Parallel Aware": true,
                  "Relation Name": "cast_info",
                  "Alias": "ci",
                  "Startup Cost": 20117.05,
                  "Total Cost": 275098.16,
                  "Plan Rows": 52102,
                  "Plan Width": 0,
                  "Actual Startup Time": 45.488,
                  "Actual Total Time": 100.572,
                  "Actual Rows": 126885,
                  "Actual Loops": 7,
                  "Recheck Cond": "(person_id > 3891518)",
                  "Rows Removed by Index Recheck": 0,
                  "Filter": "(role_id > 3)",
                  "Rows Removed by Filter": 0,
                  "Exact Heap Blocks": 4044,
                  "Lossy Heap Blocks": 0,
                  "Plans": [
                    {
                      "Node Type": "Bitmap Index Scan",
                      "Parent Relationship": "Outer",
                      "Parallel Aware": false,
                      "Index Name": "person_id_cast_info",
                      "Startup Cost": 0.0,
                      "Total Cost": 20038.9,
                      "Plan Rows": 917644,
                      "Plan Width": 0,
                      "Actual Startup Time": 51.971,
                      "Actual Total Time": 51.971,
                      "Actual Rows": 888192,
                      "Actual Loops": 1,
                      "Index Cond": "(person_id > 3891518)"
                    }
                  ]
                }
              ]
            }
          ]
        }
      ]
    },
    "Planning Time": 0.169,
    "Triggers": [],
    "Execution Time": 124.2
  }
]