{
  "Plan": {
    "Node Type": "Aggregate",
    "Strategy": "Plain",
    "Partial Mode": "Finalize",
    "Parallel Aware": false,
    "Startup Cost": 343195.52,
    "Total Cost": 343195.53,
    "Plan Rows": 1,
    "Plan Width": 8,
    "Actual Startup Time": 1660.055,
    "Actual Total Time": 1687.059,
    "Actual Rows": 1,
    "Actual Loops": 1,
    "Plans": [
      {
        "Node Type": "Gather",
        "Parent Relationship": "Outer",
        "Parallel Aware": false,
        "Startup Cost": 343195.41,
        "Total Cost": 343195.52,
        "Plan Rows": 1,
        "Plan Width": 8,
        "Actual Startup Time": 1651.603,
        "Actual Total Time": 1687.05,
        "Actual Rows": 2,
        "Actual Loops": 1,
        "Workers Planned": 1,
        "Workers Launched": 1,
        "Single Copy": false,
        "Plans": [
          {
            "Node Type": "Aggregate",
            "Strategy": "Plain",
            "Partial Mode": "Partial",
            "Parent Relationship": "Outer",
            "Parallel Aware": false,
            "Startup Cost": 342195.41,
            "Total Cost": 342195.42,
            "Plan Rows": 1,
            "Plan Width": 8,
            "Actual Startup Time": 1646.104,
            "Actual Total Time": 1646.11,
            "Actual Rows": 1,
            "Actual Loops": 2,
            "Plans": [
              {
                "Node Type": "Hash Join",
                "Parent Relationship": "Outer",
                "Parallel Aware": true,
                "Join Type": "Inner",
                "Startup Cost": 150936.06,
                "Total Cost": 341180.23,
                "Plan Rows": 406072,
                "Plan Width": 0,
                "Actual Startup Time": 811.356,
                "Actual Total Time": 1618.973,
                "Actual Rows": 679864,
                "Actual Loops": 2,
                "Inner Unique": false,
                "Hash Cond": "(t.id = mc.movie_id)",
                "Plans": [
                  {
                    "Node Type": "Hash Join",
                    "Parent Relationship": "Outer",
                    "Parallel Aware": true,
                    "Join Type": "Inner",
                    "Startup Cost": 106722.12,
                    "Total Cost": 287015.49,
                    "Plan Rows": 1209942,
                    "Plan Width": 8,
                    "Actual Startup Time": 587.867,
                    "Actual Total Time": 1080.469,
                    "Actual Rows": 1045534,
                    "Actual Loops": 2,
                    "Inner Unique": true,
                    "Hash Cond": "(mi.movie_id = t.id)",
                    "Plans": [
                      {
                        "Node Type": "Bitmap Heap Scan",
                        "Parent Relationship": "Outer",
                        "Parallel Aware": true,
                        "Relation Name": "movie_info",
                        "Alias": "mi",
                        "Startup Cost": 37261.42,
                        "Total Cost": 214378.69,
                        "Plan Rows": 1209942,
                        "Plan Width": 4,
                        "Actual Startup Time": 73.503,
                        "Actual Total Time": 161.961,
                        "Actual Rows": 1045534,
                        "Actual Loops": 2,
                        "Recheck Cond": "(info_type_id < 3)",
                        "Rows Removed by Index Recheck": 0,
                        "Exact Heap Blocks": 6943,
                        "Lossy Heap Blocks": 0,
                        "Plans": [
                          {
                            "Node Type": "Bitmap Index Scan",
                            "Parent Relationship": "Outer",
                            "Parallel Aware": false,
                            "Index Name": "info_type_id_movie_info",
                            "Startup Cost": 0.0,
                            "Total Cost": 36747.19,
                            "Plan Rows": 2056901,
                            "Plan Width": 0,
                            "Actual Startup Time": 71.451,
                            "Actual Total Time": 71.452,
                            "Actual Rows": 2091068,
                            "Actual Loops": 1,
                            "Index Cond": "(info_type_id < 3)"
                          }
                        ]
                      },
                      {
                        "Node Type": "Hash",
                        "Parent Relationship": "Inner",
                        "Parallel Aware": true,
                        "Startup Cost": 50870.31,
                        "Total Cost": 50870.31,
                        "Plan Rows": 1487231,
                        "Plan Width": 4,
                        "Actual Startup Time": 502.055,
                        "Actual Total Time": 502.056,
                        "Actual Rows": 1264156,
                        "Actual Loops": 2,
                        "Hash Buckets": 4194304,
                        "Original Hash Buckets": 4194304,
                        "Hash Batches": 1,
                        "Original Hash Batches": 1,
                        "Peak Memory Usage": 131712,
                        "Plans": [
                          {
                            "Node Type": "Seq Scan",
                            "Parent Relationship": "Outer",
                            "Parallel Aware": true,
                            "Relation Name": "title",
                            "Alias": "t",
                            "Startup Cost": 0.0,
                            "Total Cost": 50870.31,
                            "Plan Rows": 1487231,
                            "Plan Width": 4,
                            "Actual Startup Time": 0.022,
                            "Actual Total Time": 151.252,
                            "Actual Rows": 1264156,
                            "Actual Loops": 2
                          }
                        ]
                      }
                    ]
                  },
                  {
                    "Node Type": "Hash",
                    "Parent Relationship": "Inner",
                    "Parallel Aware": true,
                    "Startup Cost": 37974.77,
                    "Total Cost": 37974.77,
                    "Plan Rows": 499134,
                    "Plan Width": 4,
                    "Actual Startup Time": 214.534,
                    "Actual Total Time": 214.535,
                    "Actual Rows": 421504,
                    "Actual Loops": 2,
                    "Hash Buckets": 1048576,
                    "Original Hash Buckets": 1048576,
                    "Hash Batches": 1,
                    "Original Hash Batches": 1,
                    "Peak Memory Usage": 41184,
                    "Plans": [
                      {
                        "Node Type": "Seq Scan",
                        "Parent Relationship": "Outer",
                        "Parallel Aware": true,
                        "Relation Name": "movie_companies",
                        "Alias": "mc",
                        "Startup Cost": 0.0,
                        "Total Cost": 37974.77,
                        "Plan Rows": 499134,
                        "Plan Width": 4,
                        "Actual Startup Time": 0.035,
                        "Actual Total Time": 120.143,
                        "Actual Rows": 421504,
                        "Actual Loops": 2,
                        "Filter": "(company_id < 2253)",
                        "Rows Removed by Filter": 883060
                      }
                    ]
                  }
                ]
              }
            ]
          }
        ]
      }
    ]
  },
  "Planning Time": 1.057,
  "Triggers": [],
  "Execution Time": 1687.159
}