{
  "Plan": {
    "Node Type": "Aggregate",
    "Strategy": "Plain",
    "Partial Mode": "Finalize",
    "Parallel Aware": false,
    "Startup Cost": 138724.13,
    "Total Cost": 138724.14,
    "Plan Rows": 1,
    "Plan Width": 8,
    "Actual Startup Time": 736.088,
    "Actual Total Time": 759.695,
    "Actual Rows": 1,
    "Actual Loops": 1,
    "Plans": [
      {
        "Node Type": "Gather",
        "Parent Relationship": "Outer",
        "Parallel Aware": false,
        "Startup Cost": 138724.01,
        "Total Cost": 138724.12,
        "Plan Rows": 1,
        "Plan Width": 8,
        "Actual Startup Time": 735.332,
        "Actual Total Time": 759.685,
        "Actual Rows": 2,
        "Actual Loops": 1,
        "Workers Planned": 1,
        "Workers Launched": 1,
        "Single Copy": false,
        "Plans": [
          {
            "Node Type": "Aggregate",
            "Strategy": "Plain",
            "Partial Mode": "Partial",
            "Parent Relationship": "Outer",
            "Parallel Aware": false,
            "Startup Cost": 137724.01,
            "Total Cost": 137724.02,
            "Plan Rows": 1,
            "Plan Width": 8,
            "Actual Startup Time": 731.948,
            "Actual Total Time": 731.95,
            "Actual Rows": 1,
            "Actual Loops": 2,
            "Plans": [
              {
                "Node Type": "Merge Join",
                "Parent Relationship": "Outer",
                "Parallel Aware": false,
                "Join Type": "Inner",
                "Startup Cost": 33247.72,
                "Total Cost": 137611.58,
                "Plan Rows": 44973,
                "Plan Width": 0,
                "Actual Startup Time": 71.595,
                "Actual Total Time": 730.101,
                "Actual Rows": 36248,
                "Actual Loops": 2,
                "Inner Unique": false,
                "Merge Cond": "(t.id = mk.movie_id)",
                "Plans": [
                  {
                    "Node Type": "Index Only Scan",
                    "Parent Relationship": "Outer",
                    "Parallel Aware": true,
                    "Scan Direction": "Forward",
                    "Index Name": "title_pkey",
                    "Relation Name": "title",
                    "Alias": "t",
                    "Startup Cost": 0.43,
                    "Total Cost": 99929.35,
                    "Plan Rows": 1487231,
                    "Plan Width": 4,
                    "Actual Startup Time": 0.064,
                    "Actual Total Time": 588.444,
                    "Actual Rows": 1262816,
                    "Actual Loops": 2,
                    "Heap Fetches": 2525633
                  },
                  {
                    "Node Type": "Sort",
                    "Parent Relationship": "Inner",
                    "Parallel Aware": false,
                    "Startup Cost": 33235.93,
                    "Total Cost": 33427.06,
                    "Plan Rows": 76454,
                    "Plan Width": 4,
                    "Actual Startup Time": 70.986,
                    "Actual Total Time": 74.565,
                    "Actual Rows": 72496,
                    "Actual Loops": 2,
                    "Sort Key": [
                      "mk.movie_id"
                    ],
                    "Sort Method": "quicksort",
                    "Sort Space Used": 6471,
                    "Sort Space Type": "Memory",
                    "Workers": [
                      {
                        "Worker Number": 0,
                        "Sort Method": "quicksort",
                        "Sort Space Used": 6471,
                        "Sort Space Type": "Memory"
                      }
                    ],
                    "Plans": [
                      {
                        "Node Type": "Bitmap Heap Scan",
                        "Parent Relationship": "Outer",
                        "Parallel Aware": false,
                        "Relation Name": "movie_keyword",
                        "Alias": "mk",
                        "Startup Cost": 1624.95,
                        "Total Cost": 27034.63,
                        "Plan Rows": 76454,
                        "Plan Width": 4,
                        "Actual Startup Time": 14.538,
                        "Actual Total Time": 56.703,
                        "Actual Rows": 72496,
                        "Actual Loops": 2,
                        "Recheck Cond": "(keyword_id = 335)",
                        "Rows Removed by Index Recheck": 0,
                        "Exact Heap Blocks": 15492,
                        "Lossy Heap Blocks": 0,
                        "Plans": [
                          {
                            "Node Type": "Bitmap Index Scan",
                            "Parent Relationship": "Outer",
                            "Parallel Aware": false,
                            "Index Name": "keyword_id_movie_keyword",
                            "Startup Cost": 0.0,
                            "Total Cost": 1605.84,
                            "Plan Rows": 76454,
                            "Plan Width": 0,
                            "Actual Startup Time": 10.323,
                            "Actual Total Time": 10.323,
                            "Actual Rows": 72496,
                            "Actual Loops": 2,
                            "Index Cond": "(keyword_id = 335)"
                          }
                        ]
                      }
                    ]
                  }
                ]
              }
            ]
          }
        ]
      }
    ]
  },
  "Planning Time": 0.56,
  "Triggers": [],
  "Execution Time": 759.766
}