{
  "Plan": {
    "Node Type": "Aggregate",
    "Strategy": "Plain",
    "Partial Mode": "Finalize",
    "Parallel Aware": false,
    "Startup Cost": 113557.26,
    "Total Cost": 113557.27,
    "Plan Rows": 1,
    "Plan Width": 8,
    "Actual Startup Time": 962.983,
    "Actual Total Time": 980.073,
    "Actual Rows": 1,
    "Actual Loops": 1,
    "Plans": [
      {
        "Node Type": "Gather",
        "Parent Relationship": "Outer",
        "Parallel Aware": false,
        "Startup Cost": 113557.15,
        "Total Cost": 113557.26,
        "Plan Rows": 1,
        "Plan Width": 8,
        "Actual Startup Time": 958.962,
        "Actual Total Time": 980.061,
        "Actual Rows": 2,
        "Actual Loops": 1,
        "Workers Planned": 1,
        "Workers Launched": 1,
        "Single Copy": false,
        "Plans": [
          {
            "Node Type": "Aggregate",
            "Strategy": "Plain",
            "Partial Mode": "Partial",
            "Parent Relationship": "Outer",
            "Parallel Aware": false,
            "Startup Cost": 112557.15,
            "Total Cost": 112557.16,
            "Plan Rows": 1,
            "Plan Width": 8,
            "Actual Startup Time": 956.544,
            "Actual Total Time": 957.185,
            "Actual Rows": 1,
            "Actual Loops": 2,
            "Plans": [
              {
                "Node Type": "Hash Join",
                "Parent Relationship": "Outer",
                "Parallel Aware": true,
                "Join Type": "Inner",
                "Startup Cost": 48144.78,
                "Total Cost": 111290.54,
                "Plan Rows": 506644,
                "Plan Width": 0,
                "Actual Startup Time": 323.557,
                "Actual Total Time": 928.425,
                "Actual Rows": 535008,
                "Actual Loops": 2,
                "Inner Unique": false,
                "Hash Cond": "(t.id = mc.movie_id)",
                "Plans": [
                  {
                    "Node Type": "Seq Scan",
                    "Parent Relationship": "Outer",
                    "Parallel Aware": true,
                    "Relation Name": "title",
                    "Alias": "t",
                    "Startup Cost": 0.0,
                    "Total Cost": 50870.31,
                    "Plan Rows": 1487231,
                    "Plan Width": 4,
                    "Actual Startup Time": 0.019,
                    "Actual Total Time": 151.559,
                    "Actual Rows": 1264156,
                    "Actual Loops": 2
                  },
                  {
                    "Node Type": "Hash",
                    "Parent Relationship": "Inner",
                    "Parallel Aware": true,
                    "Startup Cost": 41811.73,
                    "Total Cost": 41811.73,
                    "Plan Rows": 506644,
                    "Plan Width": 4,
                    "Actual Startup Time": 318.725,
                    "Actual Total Time": 318.726,
                    "Actual Rows": 535008,
                    "Actual Loops": 2,
                    "Hash Buckets": 2097152,
                    "Original Hash Buckets": 1048576,
                    "Hash Batches": 1,
                    "Original Hash Batches": 1,
                    "Peak Memory Usage": 66464,
                    "Plans": [
                      {
                        "Node Type": "Seq Scan",
                        "Parent Relationship": "Outer",
                        "Parallel Aware": true,
                        "Relation Name": "movie_companies",
                        "Alias": "mc",
                        "Startup Cost": 0.0,
                        "Total Cost": 41811.73,
                        "Plan Rows": 506644,
                        "Plan Width": 4,
                        "Actual Startup Time": 71.448,
                        "Actual Total Time": 166.799,
                        "Actual Rows": 535008,
                        "Actual Loops": 2,
                        "Filter": "((company_id > 3039) AND (company_type_id = 2))",
                        "Rows Removed by Filter": 769557
                      }
                    ]
                  }
                ]
              }
            ]
          }
        ]
      }
    ]
  },
  "Planning Time": 0.394,
  "Triggers": [],
  "Execution Time": 980.121
}