[
  {
    "Plan": {
      "Node Type": "Aggregate",
      "Strategy": "Plain",
      "Partial Mode": "Finalize",
      "Parallel Aware": false,
      "Startup Cost": 343922.39,
      "Total Cost": 343922.4,
      "Plan Rows": 1,
      "Plan Width": 8,
      "Actual Startup Time": 923.922,
      "Actual Total Time": 975.813,
      "Actual Rows": 1,
      "Actual Loops": 1,
      "Plans": [
        {
          "Node Type": "Gather",
          "Parent Relationship": "Outer",
          "Parallel Aware": false,
          "Startup Cost": 343921.76,
          "Total Cost": 343922.37,
          "Plan Rows": 6,
          "Plan Width": 8,
          "Actual Startup Time": 923.743,
          "Actual Total Time": 975.8,
          "Actual Rows": 7,
          "Actual Loops": 1,
          "Workers Planned": 6,
          "Workers Launched": 6,
          "Single Copy": false,
          "Plans": [
            {
              "Node Type": "Aggregate",
              "Strategy": "Plain",
              "Partial Mode": "Partial",
              "Parent Relationship": "Outer",
              "Parallel Aware": false,
              "Startup Cost": 342921.76,
              "Total Cost": 342921.77,
              "Plan Rows": 1,
              "Plan Width": 8,
              "Actual Startup Time": 915.226,
              "Actual Total Time": 915.228,
              "Actual Rows": 1,
              "Actual Loops": 7,
              "Plans": [
                {
                  "Node Type": "Seq Scan",
                  "Parent Relationship": "Outer",
                  "Parallel Aware": true,
                  "Relation Name": "cast_info",
                  "Alias": "ci",
                  "Startup Cost": 0.0,
                  "Total Cost": 328211.39,
                  "Plan Rows": 5884148,
                  "Plan Width": 0,
                  "Actual Startup Time": 0.054,
                  "Actual Total Time": 666.824,
                  "Actual Rows": 5049000,
                  "Actual Loops": 7,
                  "Filter": "(person_id < 3888871)",
                  "Rows Removed by Filter": 128763
                }
              ]
            }
          ]
        }
      ]
    },
    "Planning Time": 0.196,
    "Triggers": [],
    "Execution Time": 975.888
  }
]