[
  {
    "Plan": {
      "Node Type": "Aggregate",
      "Strategy": "Plain",
      "Partial Mode": "Finalize",
      "Parallel Aware": false,
      "Startup Cost": 343869.46,
      "Total Cost": 343869.47,
      "Plan Rows": 1,
      "Plan Width": 8,
      "Actual Startup Time": 838.886,
      "Actual Total Time": 896.554,
      "Actual Rows": 1,
      "Actual Loops": 1,
      "Plans": [
        {
          "Node Type": "Gather",
          "Parent Relationship": "Outer",
          "Parallel Aware": false,
          "Startup Cost": 343868.83,
          "Total Cost": 343869.44,
          "Plan Rows": 6,
          "Plan Width": 8,
          "Actual Startup Time": 838.787,
          "Actual Total Time": 896.545,
          "Actual Rows": 7,
          "Actual Loops": 1,
          "Workers Planned": 6,
          "Workers Launched": 6,
          "Single Copy": false,
          "Plans": [
            {
              "Node Type": "Aggregate",
              "Strategy": "Plain",
              "Partial Mode": "Partial",
              "Parent Relationship": "Outer",
              "Parallel Aware": false,
              "Startup Cost": 342868.83,
              "Total Cost": 342868.84,
              "Plan Rows": 1,
              "Plan Width": 8,
              "Actual Startup Time": 830.032,
              "Actual Total Time": 830.033,
              "Actual Rows": 1,
              "Actual Loops": 7,
              "Plans": [
                {
                  "Node Type": "Seq Scan",
                  "Parent Relationship": "Outer",
                  "Parallel Aware": true,
                  "Relation Name": "cast_info",
                  "Alias": "ci",
                  "Startup Cost": 0.0,
                  "Total Cost": 328162.03,
                  "Plan Rows": 5882722,
                  "Plan Width": 0,
                  "Actual Startup Time": 0.046,
                  "Actual Total Time": 619.862,
                  "Actual Rows": 5049000,
                  "Actual Loops": 7,
                  "Filter": "(person_id < 3888871)",
                  "Rows Removed by Filter": 128763
                }
              ]
            }
          ]
        }
      ]
    },
    "Planning Time": 0.19,
    "Triggers": [],
    "Execution Time": 896.626
  }
]