[
  {
    "Plan": {
      "Node Type": "Aggregate",
      "Strategy": "Plain",
      "Partial Mode": "Finalize",
      "Parallel Aware": false,
      "Startup Cost": 78096.24,
      "Total Cost": 78096.25,
      "Plan Rows": 1,
      "Plan Width": 8,
      "Actual Startup Time": 286.749,
      "Actual Total Time": 304.227,
      "Actual Rows": 1,
      "Actual Loops": 1,
      "Plans": [
        {
          "Node Type": "Gather",
          "Parent Relationship": "Outer",
          "Parallel Aware": false,
          "Startup Cost": 78095.92,
          "Total Cost": 78096.23,
          "Plan Rows": 3,
          "Plan Width": 8,
          "Actual Startup Time": 283.459,
          "Actual Total Time": 304.218,
          "Actual Rows": 4,
          "Actual Loops": 1,
          "Workers Planned": 3,
          "Workers Launched": 3,
          "Single Copy": false,
          "Plans": [
            {
              "Node Type": "Aggregate",
              "Strategy": "Plain",
              "Partial Mode": "Partial",
              "Parent Relationship": "Outer",
              "Parallel Aware": false,
              "Startup Cost": 77095.92,
              "Total Cost": 77095.93,
              "Plan Rows": 1,
              "Plan Width": 8,
              "Actual Startup Time": 274.103,
              "Actual Total Time": 274.107,
              "Actual Rows": 1,
              "Actual Loops": 4,
              "Plans": [
                {
                  "Node Type": "Hash Join",
                  "Parent Relationship": "Outer",
                  "Parallel Aware": true,
                  "Join Type": "Inner",
                  "Startup Cost": 51860.95,
                  "Total Cost": 77046.94,
                  "Plan Rows": 19593,
                  "Plan Width": 0,
                  "Actual Startup Time": 216.978,
                  "Actual Total Time": 273.721,
                  "Actual Rows": 5956,
                  "Actual Loops": 4,
                  "Inner Unique": true,
                  "Hash Cond": "(mk.movie_id = t.id)",
                  "Plans": [
                    {
                      "Node Type": "Bitmap Heap Scan",
                      "Parent Relationship": "Outer",
                      "Parallel Aware": true,
                      "Relation Name": "movie_keyword",
                      "Alias": "mk",
                      "Startup Cost": 3183.15,
                      "Total Cost": 28242.1,
                      "Plan Rows": 48396,
                      "Plan Width": 4,
                      "Actual Startup Time": 11.866,
                      "Actual Total Time": 50.41,
                      "Actual Rows": 40952,
                      "Actual Loops": 4,
                      "Recheck Cond": "(keyword_id < 121)",
                      "Rows Removed by Index Recheck": 0,
                      "Exact Heap Blocks": 9320,
                      "Lossy Heap Blocks": 0,
                      "Plans": [
                        {
                          "Node Type": "Bitmap Index Scan",
                          "Parent Relationship": "Outer",
                          "Parallel Aware": false,
                          "Index Name": "keyword_id_movie_keyword",
                          "Startup Cost": 0.0,
                          "Total Cost": 3145.64,
                          "Plan Rows": 150028,
                          "Plan Width": 0,
                          "Actual Startup Time": 8.49,
                          "Actual Total Time": 8.49,
                          "Actual Rows": 163809,
                          "Actual Loops": 1,
                          "Index Cond": "(keyword_id < 121)"
                        }
                      ]
                    },
                    {
                      "Node Type": "Hash",
                      "Parent Relationship": "Inner",
                      "Parallel Aware": true,
                      "Startup Cost": 45479.1,
                      "Total Cost": 45479.1,
                      "Plan Rows": 255896,
                      "Plan Width": 4,
                      "Actual Startup Time": 199.583,
                      "Actual Total Time": 199.584,
                      "Actual Rows": 242572,
                      "Actual Loops": 4,
                      "Hash Buckets": 1048576,
                      "Original Hash Buckets": 1048576,
                      "Hash Batches": 1,
                      "Original Hash Batches": 1,
                      "Peak Memory Usage": 46208,
                      "Plans": [
                        {
                          "Node Type": "Seq Scan",
                          "Parent Relationship": "Outer",
                          "Parallel Aware": true,
                          "Relation Name": "title",
                          "Alias": "t",
                          "Startup Cost": 0.0,
                          "Total Cost": 45479.1,
                          "Plan Rows": 255896,
                          "Plan Width": 4,
                          "Actual Startup Time": 0.061,
                          "Actual Total Time": 111.21,
                          "Actual Rows": 242572,
                          "Actual Loops": 4,
                          "Filter": "((kind_id > 4) AND (production_year < 2008))",
                          "Rows Removed by Filter": 389506
                        }
                      ]
                    }
                  ]
                }
              ]
            }
          ]
        }
      ]
    },
    "Planning Time": 0.665,
    "Triggers": [],
    "Execution Time": 304.32
  }
]