{
  "Plan": {
    "Node Type": "Aggregate",
    "Strategy": "Plain",
    "Partial Mode": "Finalize",
    "Parallel Aware": false,
    "Startup Cost": 126126.82,
    "Total Cost": 126126.83,
    "Plan Rows": 1,
    "Plan Width": 8,
    "Actual Startup Time": 904.88,
    "Actual Total Time": 926.041,
    "Actual Rows": 1,
    "Actual Loops": 1,
    "Plans": [
      {
        "Node Type": "Gather",
        "Parent Relationship": "Outer",
        "Parallel Aware": false,
        "Startup Cost": 126126.71,
        "Total Cost": 126126.82,
        "Plan Rows": 1,
        "Plan Width": 8,
        "Actual Startup Time": 898.959,
        "Actual Total Time": 926.032,
        "Actual Rows": 2,
        "Actual Loops": 1,
        "Workers Planned": 1,
        "Workers Launched": 1,
        "Single Copy": false,
        "Plans": [
          {
            "Node Type": "Aggregate",
            "Strategy": "Plain",
            "Partial Mode": "Partial",
            "Parent Relationship": "Outer",
            "Parallel Aware": false,
            "Startup Cost": 125126.71,
            "Total Cost": 125126.72,
            "Plan Rows": 1,
            "Plan Width": 8,
            "Actual Startup Time": 887.184,
            "Actual Total Time": 887.189,
            "Actual Rows": 1,
            "Actual Loops": 2,
            "Plans": [
              {
                "Node Type": "Hash Join",
                "Parent Relationship": "Outer",
                "Parallel Aware": true,
                "Join Type": "Inner",
                "Startup Cost": 90425.27,
                "Total Cost": 123673.17,
                "Plan Rows": 581415,
                "Plan Width": 0,
                "Actual Startup Time": 630.217,
                "Actual Total Time": 865.747,
                "Actual Rows": 496352,
                "Actual Loops": 2,
                "Inner Unique": true,
                "Hash Cond": "(mk.movie_id = t.id)",
                "Plans": [
                  {
                    "Node Type": "Bitmap Heap Scan",
                    "Parent Relationship": "Outer",
                    "Parallel Aware": true,
                    "Relation Name": "movie_keyword",
                    "Alias": "mk",
                    "Startup Cost": 20964.57,
                    "Total Cost": 52686.26,
                    "Plan Rows": 581415,
                    "Plan Width": 4,
                    "Actual Startup Time": 55.613,
                    "Actual Total Time": 155.09,
                    "Actual Rows": 496352,
                    "Actual Loops": 2,
                    "Recheck Cond": "(keyword_id < 934)",
                    "Rows Removed by Index Recheck": 0,
                    "Exact Heap Blocks": 13993,
                    "Lossy Heap Blocks": 0,
                    "Plans": [
                      {
                        "Node Type": "Bitmap Index Scan",
                        "Parent Relationship": "Outer",
                        "Parallel Aware": false,
                        "Index Name": "keyword_id_movie_keyword",
                        "Startup Cost": 0.0,
                        "Total Cost": 20717.47,
                        "Plan Rows": 988405,
                        "Plan Width": 0,
                        "Actual Startup Time": 52.01,
                        "Actual Total Time": 52.011,
                        "Actual Rows": 992704,
                        "Actual Loops": 1,
                        "Index Cond": "(keyword_id < 934)"
                      }
                    ]
                  },
                  {
                    "Node Type": "Hash",
                    "Parent Relationship": "Inner",
                    "Parallel Aware": true,
                    "Startup Cost": 50870.31,
                    "Total Cost": 50870.31,
                    "Plan Rows": 1487231,
                    "Plan Width": 4,
                    "Actual Startup Time": 552.743,
                    "Actual Total Time": 552.744,
                    "Actual Rows": 1264156,
                    "Actual Loops": 2,
                    "Hash Buckets": 4194304,
                    "Original Hash Buckets": 4194304,
                    "Hash Batches": 1,
                    "Original Hash Batches": 1,
                    "Peak Memory Usage": 131680,
                    "Plans": [
                      {
                        "Node Type": "Seq Scan",
                        "Parent Relationship": "Outer",
                        "Parallel Aware": true,
                        "Relation Name": "title",
                        "Alias": "t",
                        "Startup Cost": 0.0,
                        "Total Cost": 50870.31,
                        "Plan Rows": 1487231,
                        "Plan Width": 4,
                        "Actual Startup Time": 0.03,
                        "Actual Total Time": 156.251,
                        "Actual Rows": 1264156,
                        "Actual Loops": 2
                      }
                    ]
                  }
                ]
              }
            ]
          }
        ]
      }
    ]
  },
  "Planning Time": 0.656,
  "Triggers": [],
  "Execution Time": 926.129
}