[
  {
    "Plan": {
      "Node Type": "Aggregate",
      "Strategy": "Plain",
      "Partial Mode": "Finalize",
      "Parallel Aware": false,
      "Startup Cost": 352586.28,
      "Total Cost": 352586.29,
      "Plan Rows": 1,
      "Plan Width": 8,
      "Actual Startup Time": 1000.4,
      "Actual Total Time": 1057.537,
      "Actual Rows": 1,
      "Actual Loops": 1,
      "Plans": [
        {
          "Node Type": "Gather",
          "Parent Relationship": "Outer",
          "Parallel Aware": false,
          "Startup Cost": 352585.65,
          "Total Cost": 352586.26,
          "Plan Rows": 6,
          "Plan Width": 8,
          "Actual Startup Time": 1000.167,
          "Actual Total Time": 1057.507,
          "Actual Rows": 7,
          "Actual Loops": 1,
          "Workers Planned": 6,
          "Workers Launched": 6,
          "Single Copy": false,
          "Plans": [
            {
              "Node Type": "Aggregate",
              "Strategy": "Plain",
              "Partial Mode": "Partial",
              "Parent Relationship": "Outer",
              "Parallel Aware": false,
              "Startup Cost": 351585.65,
              "Total Cost": 351585.66,
              "Plan Rows": 1,
              "Plan Width": 8,
              "Actual Startup Time": 991.128,
              "Actual Total Time": 991.13,
              "Actual Rows": 1,
              "Actual Loops": 7,
              "Plans": [
                {
                  "Node Type": "Seq Scan",
                  "Parent Relationship": "Outer",
                  "Parallel Aware": true,
                  "Relation Name": "cast_info",
                  "Alias": "ci",
                  "Startup Cost": 0.0,
                  "Total Cost": 343316.27,
                  "Plan Rows": 3307752,
                  "Plan Width": 0,
                  "Actual Startup Time": 0.063,
                  "Actual Total Time": 802.777,
                  "Actual Rows": 3345947,
                  "Actual Loops": 7,
                  "Filter": "((person_id < 2692321) AND (role_id < 6))",
                  "Rows Removed by Filter": 1831816
                }
              ]
            }
          ]
        }
      ]
    },
    "Planning Time": 0.082,
    "Triggers": [],
    "Execution Time": 1057.581
  }
]