[
  {
    "Plan": {
      "Node Type": "Aggregate",
      "Strategy": "Plain",
      "Partial Mode": "Finalize",
      "Parallel Aware": false,
      "Startup Cost": 25350.9,
      "Total Cost": 25350.91,
      "Plan Rows": 1,
      "Plan Width": 8,
      "Actual Startup Time": 63.953,
      "Actual Total Time": 67.796,
      "Actual Rows": 1,
      "Actual Loops": 1,
      "Plans": [
        {
          "Node Type": "Gather",
          "Parent Relationship": "Outer",
          "Parallel Aware": false,
          "Startup Cost": 25350.58,
          "Total Cost": 25350.89,
          "Plan Rows": 3,
          "Plan Width": 8,
          "Actual Startup Time": 63.667,
          "Actual Total Time": 67.786,
          "Actual Rows": 4,
          "Actual Loops": 1,
          "Workers Planned": 3,
          "Workers Launched": 3,
          "Single Copy": false,
          "Plans": [
            {
              "Node Type": "Aggregate",
              "Strategy": "Plain",
              "Partial Mode": "Partial",
              "Parent Relationship": "Outer",
              "Parallel Aware": false,
              "Startup Cost": 24350.58,
              "Total Cost": 24350.59,
              "Plan Rows": 1,
              "Plan Width": 8,
              "Actual Startup Time": 55.638,
              "Actual Total Time": 55.64,
              "Actual Rows": 1,
              "Actual Loops": 4,
              "Plans": [
                {
                  "Node Type": "Bitmap Heap Scan",
                  "Parent Relationship": "Outer",
                  "Parallel Aware": true,
                  "Relation Name": "movie_companies",
                  "Alias": "mc",
                  "Startup Cost": 4545.79,
                  "Total Cost": 24181.45,
                  "Plan Rows": 67653,
                  "Plan Width": 0,
                  "Actual Startup Time": 20.514,
                  "Actual Total Time": 50.814,
                  "Actual Rows": 51155,
                  "Actual Loops": 4,
                  "Recheck Cond": "(company_id > 112079)",
                  "Rows Removed by Index Recheck": 0,
                  "Exact Heap Blocks": 2148,
                  "Lossy Heap Blocks": 0,
                  "Plans": [
                    {
                      "Node Type": "Bitmap Index Scan",
                      "Parent Relationship": "Outer",
                      "Parallel Aware": false,
                      "Index Name": "company_id_movie_companies",
                      "Startup Cost": 0.0,
                      "Total Cost": 4493.36,
                      "Plan Rows": 209724,
                      "Plan Width": 0,
                      "Actual Startup Time": 26.259,
                      "Actual Total Time": 26.26,
                      "Actual Rows": 204621,
                      "Actual Loops": 1,
                      "Index Cond": "(company_id > 112079)"
                    }
                  ]
                }
              ]
            }
          ]
        }
      ]
    },
    "Planning Time": 0.191,
    "Triggers": [],
    "Execution Time": 67.873
  }
]