{
  "Plan": {
    "Node Type": "Aggregate",
    "Strategy": "Plain",
    "Partial Mode": "Finalize",
    "Parallel Aware": false,
    "Startup Cost": 3406450.25,
    "Total Cost": 3406450.26,
    "Plan Rows": 1,
    "Plan Width": 8,
    "Actual Startup Time": 21144.505,
    "Actual Total Time": 21240.101,
    "Actual Rows": 1,
    "Actual Loops": 1,
    "Plans": [
      {
        "Node Type": "Gather",
        "Parent Relationship": "Outer",
        "Parallel Aware": false,
        "Startup Cost": 3406450.14,
        "Total Cost": 3406450.25,
        "Plan Rows": 1,
        "Plan Width": 8,
        "Actual Startup Time": 21103.055,
        "Actual Total Time": 21240.089,
        "Actual Rows": 2,
        "Actual Loops": 1,
        "Workers Planned": 1,
        "Workers Launched": 1,
        "Single Copy": false,
        "Plans": [
          {
            "Node Type": "Aggregate",
            "Strategy": "Plain",
            "Partial Mode": "Partial",
            "Parent Relationship": "Outer",
            "Parallel Aware": false,
            "Startup Cost": 3405450.14,
            "Total Cost": 3405450.15,
            "Plan Rows": 1,
            "Plan Width": 8,
            "Actual Startup Time": 21099.034,
            "Actual Total Time": 21099.04,
            "Actual Rows": 1,
            "Actual Loops": 2,
            "Plans": [
              {
                "Node Type": "Merge Join",
                "Parent Relationship": "Outer",
                "Parallel Aware": false,
                "Join Type": "Inner",
                "Startup Cost": 1870866.33,
                "Total Cost": 3334785.29,
                "Plan Rows": 28265939,
                "Plan Width": 0,
                "Actual Startup Time": 12831.901,
                "Actual Total Time": 20203.006,
                "Actual Rows": 23128349,
                "Actual Loops": 2,
                "Inner Unique": false,
                "Merge Cond": "(mi.movie_id = t.id)",
                "Plans": [
                  {
                    "Node Type": "Index Only Scan",
                    "Parent Relationship": "Outer",
                    "Parallel Aware": true,
                    "Scan Direction": "Forward",
                    "Index Name": "movie_id_movie_info",
                    "Relation Name": "movie_info",
                    "Alias": "mi",
                    "Startup Cost": 0.43,
                    "Total Cost": 1018223.42,
                    "Plan Rows": 8696274,
                    "Plan Width": 4,
                    "Actual Startup Time": 0.073,
                    "Actual Total Time": 2887.474,
                    "Actual Rows": 7417414,
                    "Actual Loops": 2,
                    "Heap Fetches": 14834828
                  },
                  {
                    "Node Type": "Sort",
                    "Parent Relationship": "Inner",
                    "Parallel Aware": false,
                    "Startup Cost": 1870864.05,
                    "Total Cost": 1891408.65,
                    "Plan Rows": 8217839,
                    "Plan Width": 8,
                    "Actual Startup Time": 12831.751,
                    "Actual Total Time": 14523.348,
                    "Actual Rows": 27789075,
                    "Actual Loops": 2,
                    "Sort Key": [
                      "t.id"
                    ],
                    "Sort Method": "quicksort",
                    "Sort Space Used": 830139,
                    "Sort Space Type": "Memory",
                    "Workers": [
                      {
                        "Worker Number": 0,
                        "Sort Method": "quicksort",
                        "Sort Space Used": 830139,
                        "Sort Space Type": "Memory"
                      }
                    ],
                    "Plans": [
                      {
                        "Node Type": "Hash Join",
                        "Parent Relationship": "Outer",
                        "Parallel Aware": false,
                        "Join Type": "Inner",
                        "Startup Cost": 90997.08,
                        "Total Cost": 927031.78,
                        "Plan Rows": 8217839,
                        "Plan Width": 8,
                        "Actual Startup Time": 621.354,
                        "Actual Total Time": 10326.739,
                        "Actual Rows": 9321012,
                        "Actual Loops": 2,
                        "Inner Unique": true,
                        "Hash Cond": "(ci.movie_id = t.id)",
                        "Plans": [
                          {
                            "Node Type": "Seq Scan",
                            "Parent Relationship": "Outer",
                            "Parallel Aware": false,
                            "Relation Name": "cast_info",
                            "Alias": "ci",
                            "Startup Cost": 0.0,
                            "Total Cost": 796107.18,
                            "Plan Rows": 15210458,
                            "Plan Width": 4,
                            "Actual Startup Time": 0.047,
                            "Actual Total Time": 3518.471,
                            "Actual Rows": 17743206,
                            "Actual Loops": 2,
                            "Filter": "((person_id < 2006264) AND (role_id < 6))",
                            "Rows Removed by Filter": 18501138
                          },
                          {
                            "Node Type": "Hash",
                            "Parent Relationship": "Inner",
                            "Parallel Aware": false,
                            "Startup Cost": 73922.39,
                            "Total Cost": 73922.39,
                            "Plan Rows": 1365975,
                            "Plan Width": 4,
                            "Actual Startup Time": 606.392,
                            "Actual Total Time": 606.394,
                            "Actual Rows": 1337599,
                            "Actual Loops": 2,
                            "Hash Buckets": 2097152,
                            "Original Hash Buckets": 2097152,
                            "Hash Batches": 1,
                            "Original Hash Batches": 1,
                            "Peak Memory Usage": 63409,
                            "Plans": [
                              {
                                "Node Type": "Seq Scan",
                                "Parent Relationship": "Outer",
                                "Parallel Aware": false,
                                "Relation Name": "title",
                                "Alias": "t",
                                "Startup Cost": 0.0,
                                "Total Cost": 73922.39,
                                "Plan Rows": 1365975,
                                "Plan Width": 4,
                                "Actual Startup Time": 0.038,
                                "Actual Total Time": 296.786,
                                "Actual Rows": 1337599,
                                "Actual Loops": 2,
                                "Filter": "((kind_id > 3) AND (production_year < 2011))",
                                "Rows Removed by Filter": 1190713
                              }
                            ]
                          }
                        ]
                      }
                    ]
                  }
                ]
              }
            ]
          }
        ]
      }
    ]
  },
  "Planning Time": 0.881,
  "Triggers": [],
  "Execution Time": 21302.171
}