[
  {
    "Plan": {
      "Node Type": "Aggregate",
      "Strategy": "Plain",
      "Partial Mode": "Finalize",
      "Parallel Aware": false,
      "Startup Cost": 46643.18,
      "Total Cost": 46643.19,
      "Plan Rows": 1,
      "Plan Width": 8,
      "Actual Startup Time": 168.655,
      "Actual Total Time": 178.318,
      "Actual Rows": 1,
      "Actual Loops": 1,
      "Plans": [
        {
          "Node Type": "Gather",
          "Parent Relationship": "Outer",
          "Parallel Aware": false,
          "Startup Cost": 46642.87,
          "Total Cost": 46643.18,
          "Plan Rows": 3,
          "Plan Width": 8,
          "Actual Startup Time": 168.483,
          "Actual Total Time": 178.309,
          "Actual Rows": 4,
          "Actual Loops": 1,
          "Workers Planned": 3,
          "Workers Launched": 3,
          "Single Copy": false,
          "Plans": [
            {
              "Node Type": "Aggregate",
              "Strategy": "Plain",
              "Partial Mode": "Partial",
              "Parent Relationship": "Outer",
              "Parallel Aware": false,
              "Startup Cost": 45642.87,
              "Total Cost": 45642.88,
              "Plan Rows": 1,
              "Plan Width": 8,
              "Actual Startup Time": 164.884,
              "Actual Total Time": 164.886,
              "Actual Rows": 1,
              "Actual Loops": 4,
              "Plans": [
                {
                  "Node Type": "Seq Scan",
                  "Parent Relationship": "Outer",
                  "Parallel Aware": true,
                  "Relation Name": "movie_keyword",
                  "Alias": "mk",
                  "Startup Cost": 0.0,
                  "Total Cost": 42695.65,
                  "Plan Rows": 1178885,
                  "Plan Width": 0,
                  "Actual Startup Time": 0.027,
                  "Actual Total Time": 122.078,
                  "Actual Rows": 915291,
                  "Actual Loops": 4,
                  "Filter": "(keyword_id < 21333)",
                  "Rows Removed by Filter": 215692
                }
              ]
            }
          ]
        }
      ]
    },
    "Planning Time": 0.098,
    "Triggers": [],
    "Execution Time": 178.352
  }
]