{
  "Plan": {
    "Node Type": "Aggregate",
    "Strategy": "Plain",
    "Partial Mode": "Finalize",
    "Parallel Aware": false,
    "Startup Cost": 125982.57,
    "Total Cost": 125982.58,
    "Plan Rows": 1,
    "Plan Width": 8,
    "Actual Startup Time": 598.073,
    "Actual Total Time": 613.631,
    "Actual Rows": 1,
    "Actual Loops": 1,
    "Plans": [
      {
        "Node Type": "Gather",
        "Parent Relationship": "Outer",
        "Parallel Aware": false,
        "Startup Cost": 125982.45,
        "Total Cost": 125982.56,
        "Plan Rows": 1,
        "Plan Width": 8,
        "Actual Startup Time": 597.204,
        "Actual Total Time": 613.623,
        "Actual Rows": 2,
        "Actual Loops": 1,
        "Workers Planned": 1,
        "Workers Launched": 1,
        "Single Copy": false,
        "Plans": [
          {
            "Node Type": "Aggregate",
            "Strategy": "Plain",
            "Partial Mode": "Partial",
            "Parent Relationship": "Outer",
            "Parallel Aware": false,
            "Startup Cost": 124982.45,
            "Total Cost": 124982.46,
            "Plan Rows": 1,
            "Plan Width": 8,
            "Actual Startup Time": 591.561,
            "Actual Total Time": 591.565,
            "Actual Rows": 1,
            "Actual Loops": 2,
            "Plans": [
              {
                "Node Type": "Hash Join",
                "Parent Relationship": "Outer",
                "Parallel Aware": true,
                "Join Type": "Inner",
                "Startup Cost": 61437.73,
                "Total Cost": 124177.0,
                "Plan Rows": 322180,
                "Plan Width": 0,
                "Actual Startup Time": 208.626,
                "Actual Total Time": 588.967,
                "Actual Rows": 53229,
                "Actual Loops": 2,
                "Inner Unique": true,
                "Hash Cond": "(mk.movie_id = t.id)",
                "Plans": [
                  {
                    "Node Type": "Seq Scan",
                    "Parent Relationship": "Outer",
                    "Parallel Aware": true,
                    "Relation Name": "movie_keyword",
                    "Alias": "mk",
                    "Startup Cost": 0.0,
                    "Total Cost": 57718.19,
                    "Plan Rows": 1912789,
                    "Plan Width": 4,
                    "Actual Startup Time": 0.016,
                    "Actual Total Time": 225.366,
                    "Actual Rows": 1623327,
                    "Actual Loops": 2,
                    "Filter": "(keyword_id < 13887)",
                    "Rows Removed by Filter": 638638
                  },
                  {
                    "Node Type": "Hash",
                    "Parent Relationship": "Inner",
                    "Parallel Aware": true,
                    "Startup Cost": 58306.47,
                    "Total Cost": 58306.47,
                    "Plan Rows": 250501,
                    "Plan Width": 4,
                    "Actual Startup Time": 203.116,
                    "Actual Total Time": 203.117,
                    "Actual Rows": 157584,
                    "Actual Loops": 2,
                    "Hash Buckets": 524288,
                    "Original Hash Buckets": 524288,
                    "Hash Batches": 1,
                    "Original Hash Batches": 1,
                    "Peak Memory Usage": 16480,
                    "Plans": [
                      {
                        "Node Type": "Seq Scan",
                        "Parent Relationship": "Outer",
                        "Parallel Aware": true,
                        "Relation Name": "title",
                        "Alias": "t",
                        "Startup Cost": 0.0,
                        "Total Cost": 58306.47,
                        "Plan Rows": 250501,
                        "Plan Width": 4,
                        "Actual Startup Time": 0.035,
                        "Actual Total Time": 159.035,
                        "Actual Rows": 157584,
                        "Actual Loops": 2,
                        "Filter": "((production_year < 1991) AND (kind_id = 7))",
                        "Rows Removed by Filter": 1106572
                      }
                    ]
                  }
                ]
              }
            ]
          }
        ]
      }
    ]
  },
  "Planning Time": 0.639,
  "Triggers": [],
  "Execution Time": 613.698
}