[
  {
    "Plan": {
      "Node Type": "Aggregate",
      "Strategy": "Plain",
      "Partial Mode": "Simple",
      "Parallel Aware": false,
      "Startup Cost": 15802.63,
      "Total Cost": 15802.64,
      "Plan Rows": 1,
      "Plan Width": 8,
      "Actual Startup Time": 14.475,
      "Actual Total Time": 14.477,
      "Actual Rows": 1,
      "Actual Loops": 1,
      "Plans": [
        {
          "Node Type": "Bitmap Heap Scan",
          "Parent Relationship": "Outer",
          "Parallel Aware": false,
          "Relation Name": "movie_companies",
          "Alias": "mc",
          "Startup Cost": 197.85,
          "Total Cost": 15780.23,
          "Plan Rows": 8958,
          "Plan Width": 0,
          "Actual Startup Time": 2.15,
          "Actual Total Time": 13.548,
          "Actual Rows": 9466,
          "Actual Loops": 1,
          "Recheck Cond": "(company_id = 1451)",
          "Rows Removed by Index Recheck": 0,
          "Exact Heap Blocks": 5155,
          "Lossy Heap Blocks": 0,
          "Plans": [
            {
              "Node Type": "Bitmap Index Scan",
              "Parent Relationship": "Outer",
              "Parallel Aware": false,
              "Index Name": "company_id_movie_companies",
              "Startup Cost": 0.0,
              "Total Cost": 195.62,
              "Plan Rows": 8958,
              "Plan Width": 0,
              "Actual Startup Time": 1.221,
              "Actual Total Time": 1.222,
              "Actual Rows": 9466,
              "Actual Loops": 1,
              "Index Cond": "(company_id = 1451)"
            }
          ]
        }
      ]
    },
    "Planning Time": 0.155,
    "Triggers": [],
    "Execution Time": 14.533
  }
]