[
  {
    "Plan": {
      "Node Type": "Aggregate",
      "Strategy": "Plain",
      "Partial Mode": "Simple",
      "Parallel Aware": false,
      "Startup Cost": 16783.47,
      "Total Cost": 16783.48,
      "Plan Rows": 1,
      "Plan Width": 8,
      "Actual Startup Time": 22.45,
      "Actual Total Time": 22.453,
      "Actual Rows": 1,
      "Actual Loops": 1,
      "Plans": [
        {
          "Node Type": "Bitmap Heap Scan",
          "Parent Relationship": "Outer",
          "Parallel Aware": false,
          "Relation Name": "movie_companies",
          "Alias": "mc",
          "Startup Cost": 223.97,
          "Total Cost": 16757.82,
          "Plan Rows": 10263,
          "Plan Width": 0,
          "Actual Startup Time": 4.943,
          "Actual Total Time": 20.958,
          "Actual Rows": 9466,
          "Actual Loops": 1,
          "Recheck Cond": "(company_id = 1451)",
          "Rows Removed by Index Recheck": 0,
          "Exact Heap Blocks": 5155,
          "Lossy Heap Blocks": 0,
          "Plans": [
            {
              "Node Type": "Bitmap Index Scan",
              "Parent Relationship": "Outer",
              "Parallel Aware": false,
              "Index Name": "company_id_movie_companies",
              "Startup Cost": 0.0,
              "Total Cost": 221.4,
              "Plan Rows": 10263,
              "Plan Width": 0,
              "Actual Startup Time": 2.575,
              "Actual Total Time": 2.576,
              "Actual Rows": 9466,
              "Actual Loops": 1,
              "Index Cond": "(company_id = 1451)"
            }
          ]
        }
      ]
    },
    "Planning Time": 0.181,
    "Triggers": [],
    "Execution Time": 22.568
  }
]