[
  {
    "Plan": {
      "Node Type": "Aggregate",
      "Strategy": "Plain",
      "Partial Mode": "Finalize",
      "Parallel Aware": false,
      "Startup Cost": 119168.66,
      "Total Cost": 119168.67,
      "Plan Rows": 1,
      "Plan Width": 8,
      "Actual Startup Time": 203.23,
      "Actual Total Time": 220.952,
      "Actual Rows": 1,
      "Actual Loops": 1,
      "Plans": [
        {
          "Node Type": "Gather",
          "Parent Relationship": "Outer",
          "Parallel Aware": false,
          "Startup Cost": 119168.13,
          "Total Cost": 119168.64,
          "Plan Rows": 5,
          "Plan Width": 8,
          "Actual Startup Time": 203.066,
          "Actual Total Time": 220.941,
          "Actual Rows": 6,
          "Actual Loops": 1,
          "Workers Planned": 5,
          "Workers Launched": 5,
          "Single Copy": false,
          "Plans": [
            {
              "Node Type": "Aggregate",
              "Strategy": "Plain",
              "Partial Mode": "Partial",
              "Parent Relationship": "Outer",
              "Parallel Aware": false,
              "Startup Cost": 118168.13,
              "Total Cost": 118168.14,
              "Plan Rows": 1,
              "Plan Width": 8,
              "Actual Startup Time": 197.72,
              "Actual Total Time": 197.722,
              "Actual Rows": 1,
              "Actual Loops": 6,
              "Plans": [
                {
                  "Node Type": "Index Scan",
                  "Parent Relationship": "Outer",
                  "Parallel Aware": true,
                  "Scan Direction": "Forward",
                  "Index Name": "role_id_cast_info",
                  "Relation Name": "cast_info",
                  "Alias": "ci",
                  "Startup Cost": 0.56,
                  "Total Cost": 118067.1,
                  "Plan Rows": 40412,
                  "Plan Width": 0,
                  "Actual Startup Time": 76.656,
                  "Actual Total Time": 183.363,
                  "Actual Rows": 239251,
                  "Actual Loops": 6,
                  "Index Cond": "(role_id = 10)",
                  "Rows Removed by Index Recheck": 0,
                  "Filter": "(person_id > 3743558)",
                  "Rows Removed by Filter": 481252
                }
              ]
            }
          ]
        }
      ]
    },
    "Planning Time": 0.256,
    "Triggers": [],
    "Execution Time": 221.019
  }
]