[
  {
    "Plan": {
      "Node Type": "Aggregate",
      "Strategy": "Plain",
      "Partial Mode": "Finalize",
      "Parallel Aware": false,
      "Startup Cost": 30763.49,
      "Total Cost": 30763.5,
      "Plan Rows": 1,
      "Plan Width": 8,
      "Actual Startup Time": 89.022,
      "Actual Total Time": 96.642,
      "Actual Rows": 1,
      "Actual Loops": 1,
      "Plans": [
        {
          "Node Type": "Gather",
          "Parent Relationship": "Outer",
          "Parallel Aware": false,
          "Startup Cost": 30763.17,
          "Total Cost": 30763.48,
          "Plan Rows": 3,
          "Plan Width": 8,
          "Actual Startup Time": 88.901,
          "Actual Total Time": 96.634,
          "Actual Rows": 4,
          "Actual Loops": 1,
          "Workers Planned": 3,
          "Workers Launched": 3,
          "Single Copy": false,
          "Plans": [
            {
              "Node Type": "Aggregate",
              "Strategy": "Plain",
              "Partial Mode": "Partial",
              "Parent Relationship": "Outer",
              "Parallel Aware": false,
              "Startup Cost": 29763.17,
              "Total Cost": 29763.18,
              "Plan Rows": 1,
              "Plan Width": 8,
              "Actual Startup Time": 83.058,
              "Actual Total Time": 83.059,
              "Actual Rows": 1,
              "Actual Loops": 4,
              "Plans": [
                {
                  "Node Type": "Seq Scan",
                  "Parent Relationship": "Outer",
                  "Parallel Aware": true,
                  "Relation Name": "movie_companies",
                  "Alias": "mc",
                  "Startup Cost": 0.0,
                  "Total Cost": 29310.68,
                  "Plan Rows": 180997,
                  "Plan Width": 0,
                  "Actual Startup Time": 43.761,
                  "Actual Total Time": 76.572,
                  "Actual Rows": 139296,
                  "Actual Loops": 4,
                  "Filter": "(company_id > 71718)",
                  "Rows Removed by Filter": 512986
                }
              ]
            }
          ]
        }
      ]
    },
    "Planning Time": 0.158,
    "Triggers": [],
    "Execution Time": 96.691
  }
]