[
  {
    "Plan": {
      "Node Type": "Aggregate",
      "Strategy": "Plain",
      "Partial Mode": "Finalize",
      "Parallel Aware": false,
      "Startup Cost": 64951.25,
      "Total Cost": 64951.26,
      "Plan Rows": 1,
      "Plan Width": 8,
      "Actual Startup Time": 364.521,
      "Actual Total Time": 378.339,
      "Actual Rows": 1,
      "Actual Loops": 1,
      "Plans": [
        {
          "Node Type": "Gather",
          "Parent Relationship": "Outer",
          "Parallel Aware": false,
          "Startup Cost": 64951.03,
          "Total Cost": 64951.24,
          "Plan Rows": 2,
          "Plan Width": 8,
          "Actual Startup Time": 360.369,
          "Actual Total Time": 378.33,
          "Actual Rows": 3,
          "Actual Loops": 1,
          "Workers Planned": 2,
          "Workers Launched": 2,
          "Single Copy": false,
          "Plans": [
            {
              "Node Type": "Aggregate",
              "Strategy": "Plain",
              "Partial Mode": "Partial",
              "Parent Relationship": "Outer",
              "Parallel Aware": false,
              "Startup Cost": 63951.03,
              "Total Cost": 63951.04,
              "Plan Rows": 1,
              "Plan Width": 8,
              "Actual Startup Time": 353.152,
              "Actual Total Time": 353.155,
              "Actual Rows": 1,
              "Actual Loops": 3,
              "Plans": [
                {
                  "Node Type": "Hash Join",
                  "Parent Relationship": "Outer",
                  "Parallel Aware": true,
                  "Join Type": "Inner",
                  "Startup Cost": 48252.06,
                  "Total Cost": 63446.62,
                  "Plan Rows": 201765,
                  "Plan Width": 0,
                  "Actual Startup Time": 236.275,
                  "Actual Total Time": 349.742,
                  "Actual Rows": 82685,
                  "Actual Loops": 3,
                  "Inner Unique": true,
                  "Hash Cond": "(mi_idx.movie_id = t.id)",
                  "Plans": [
                    {
                      "Node Type": "Seq Scan",
                      "Parent Relationship": "Outer",
                      "Parallel Aware": true,
                      "Relation Name": "movie_info_idx",
                      "Alias": "mi_idx",
                      "Startup Cost": 0.0,
                      "Total Cost": 13685.15,
                      "Plan Rows": 575015,
                      "Plan Width": 4,
                      "Actual Startup Time": 0.012,
                      "Actual Total Time": 37.359,
                      "Actual Rows": 460012,
                      "Actual Loops": 3
                    },
                    {
                      "Node Type": "Hash",
                      "Parent Relationship": "Inner",
                      "Parallel Aware": true,
                      "Startup Cost": 45479.59,
                      "Total Cost": 45479.59,
                      "Plan Rows": 221798,
                      "Plan Width": 4,
                      "Actual Startup Time": 229.189,
                      "Actual Total Time": 229.19,
                      "Actual Rows": 321014,
                      "Actual Loops": 3,
                      "Hash Buckets": 1048576,
                      "Original Hash Buckets": 1048576,
                      "Hash Batches": 1,
                      "Original Hash Batches": 1,
                      "Peak Memory Usage": 45920,
                      "Plans": [
                        {
                          "Node Type": "Seq Scan",
                          "Parent Relationship": "Outer",
                          "Parallel Aware": true,
                          "Relation Name": "title",
                          "Alias": "t",
                          "Startup Cost": 0.0,
                          "Total Cost": 45479.59,
                          "Plan Rows": 221798,
                          "Plan Width": 4,
                          "Actual Startup Time": 0.04,
                          "Actual Total Time": 124.438,
                          "Actual Rows": 321014,
                          "Actual Loops": 3,
                          "Filter": "((kind_id > 4) AND (production_year > 1999))",
                          "Rows Removed by Filter": 521757
                        }
                      ]
                    }
                  ]
                }
              ]
            }
          ]
        }
      ]
    },
    "Planning Time": 0.609,
    "Triggers": [],
    "Execution Time": 378.405
  }
]