{
    "Plan": {
        "Node Type": "Aggregate",
        "Strategy": "Plain",
        "Partial Mode": "Finalize",
        "Parallel Aware": false,
        "Startup Cost": 138802.64,
        "Total Cost": 138802.65,
        "Plan Rows": 1,
        "Plan Width": 8,
        "Actual Startup Time": 570.409,
        "Actual Total Time": 592.162,
        "Actual Rows": 1,
        "Actual Loops": 1,
        "Output": [
            "count(*)"
        ],
        "Plans": [
            {
                "Node Type": "Gather",
                "Parent Relationship": "Outer",
                "Parallel Aware": false,
                "Startup Cost": 138802.11,
                "Total Cost": 138802.62,
                "Plan Rows": 5,
                "Plan Width": 8,
                "Actual Startup Time": 566.542,
                "Actual Total Time": 592.127,
                "Actual Rows": 6,
                "Actual Loops": 1,
                "Output": [
                    "(PARTIAL count(*))"
                ],
                "Workers Planned": 5,
                "Workers Launched": 5,
                "Single Copy": false,
                "Plans": [
                    {
                        "Node Type": "Aggregate",
                        "Strategy": "Plain",
                        "Partial Mode": "Partial",
                        "Parent Relationship": "Outer",
                        "Parallel Aware": false,
                        "Startup Cost": 137802.11,
                        "Total Cost": 137802.12,
                        "Plan Rows": 1,
                        "Plan Width": 8,
                        "Actual Startup Time": 555.222,
                        "Actual Total Time": 555.428,
                        "Actual Rows": 1,
                        "Actual Loops": 6,
                        "Output": [
                            "PARTIAL count(*)"
                        ],
                        "Workers": [
                            {
                                "Worker Number": 0,
                                "Actual Startup Time": 552.706,
                                "Actual Total Time": 552.714,
                                "Actual Rows": 1,
                                "Actual Loops": 1
                            },
                            {
                                "Worker Number": 1,
                                "Actual Startup Time": 553.038,
                                "Actual Total Time": 553.047,
                                "Actual Rows": 1,
                                "Actual Loops": 1
                            },
                            {
                                "Worker Number": 2,
                                "Actual Startup Time": 553.123,
                                "Actual Total Time": 553.132,
                                "Actual Rows": 1,
                                "Actual Loops": 1
                            },
                            {
                                "Worker Number": 3,
                                "Actual Startup Time": 553.162,
                                "Actual Total Time": 553.169,
                                "Actual Rows": 1,
                                "Actual Loops": 1
                            },
                            {
                                "Worker Number": 4,
                                "Actual Startup Time": 553.937,
                                "Actual Total Time": 553.945,
                                "Actual Rows": 1,
                                "Actual Loops": 1
                            }
                        ],
                        "Plans": [
                            {
                                "Node Type": "Hash Join",
                                "Parent Relationship": "Outer",
                                "Parallel Aware": true,
                                "Join Type": "Inner",
                                "Startup Cost": 64148.26,
                                "Total Cost": 137651.87,
                                "Plan Rows": 60098,
                                "Plan Width": 0,
                                "Actual Startup Time": 349.45,
                                "Actual Total Time": 551.327,
                                "Actual Rows": 81443,
                                "Actual Loops": 6,
                                "Inner Unique": false,
                                "Hash Cond": "(ci.movie_id = t.id)",
                                "Workers": [
                                    {
                                        "Worker Number": 0,
                                        "Actual Startup Time": 347.051,
                                        "Actual Total Time": 548.581,
                                        "Actual Rows": 81073,
                                        "Actual Loops": 1
                                    },
                                    {
                                        "Worker Number": 1,
                                        "Actual Startup Time": 347.475,
                                        "Actual Total Time": 548.744,
                                        "Actual Rows": 83711,
                                        "Actual Loops": 1
                                    },
                                    {
                                        "Worker Number": 2,
                                        "Actual Startup Time": 347.669,
                                        "Actual Total Time": 548.846,
                                        "Actual Rows": 83039,
                                        "Actual Loops": 1
                                    },
                                    {
                                        "Worker Number": 3,
                                        "Actual Startup Time": 347.355,
                                        "Actual Total Time": 548.718,
                                        "Actual Rows": 82398,
                                        "Actual Loops": 1
                                    },
                                    {
                                        "Worker Number": 4,
                                        "Actual Startup Time": 347.435,
                                        "Actual Total Time": 549.74,
                                        "Actual Rows": 81900,
                                        "Actual Loops": 1
                                    }
                                ],
                                "Plans": [
                                    {
                                        "Node Type": "Index Scan",
                                        "Parent Relationship": "Outer",
                                        "Parallel Aware": true,
                                        "Scan Direction": "Forward",
                                        "Index Name": "role_id_cast_info",
                                        "Relation Name": "cast_info",
                                        "Schema": "public",
                                        "Alias": "ci",
                                        "Startup Cost": 0.56,
                                        "Total Cost": 72121.93,
                                        "Plan Rows": 328536,
                                        "Plan Width": 4,
                                        "Actual Startup Time": 0.24,
                                        "Actual Total Time": 109.436,
                                        "Actual Rows": 223632,
                                        "Actual Loops": 6,
                                        "Output": [
                                            "ci.id",
                                            "ci.person_id",
                                            "ci.movie_id",
                                            "ci.person_role_id",
                                            "ci.note",
                                            "ci.nr_order",
                                            "ci.role_id"
                                        ],
                                        "Index Cond": "(ci.role_id = 4)",
                                        "Rows Removed by Index Recheck": 0,
                                        "Filter": "(ci.person_id < 2285492)",
                                        "Rows Removed by Filter": 231192,
                                        "Workers": [
                                            {
                                                "Worker Number": 0,
                                                "Actual Startup Time": 0.271,
                                                "Actual Total Time": 113.222,
                                                "Actual Rows": 228391,
                                                "Actual Loops": 1
                                            },
                                            {
                                                "Worker Number": 1,
                                                "Actual Startup Time": 0.324,
                                                "Actual Total Time": 114.797,
                                                "Actual Rows": 224926,
                                                "Actual Loops": 1
                                            },
                                            {
                                                "Worker Number": 2,
                                                "Actual Startup Time": 0.418,
                                                "Actual Total Time": 115.345,
                                                "Actual Rows": 225774,
                                                "Actual Loops": 1
                                            },
                                            {
                                                "Worker Number": 3,
                                                "Actual Startup Time": 0.13,
                                                "Actual Total Time": 113.99,
                                                "Actual Rows": 227332,
                                                "Actual Loops": 1
                                            },
                                            {
                                                "Worker Number": 4,
                                                "Actual Startup Time": 0.096,
                                                "Actual Total Time": 113.583,
                                                "Actual Rows": 224910,
                                                "Actual Loops": 1
                                            }
                                        ]
                                    },
                                    {
                                        "Node Type": "Hash",
                                        "Parent Relationship": "Inner",
                                        "Parallel Aware": true,
                                        "Startup Cost": 62702.39,
                                        "Total Cost": 62702.39,
                                        "Plan Rows": 115624,
                                        "Plan Width": 8,
                                        "Actual Startup Time": 346.252,
                                        "Actual Total Time": 346.455,
                                        "Actual Rows": 76654,
                                        "Actual Loops": 6,
                                        "Output": [
                                            "t.id",
                                            "mi_idx.movie_id"
                                        ],
                                        "Hash Buckets": 524288,
                                        "Original Hash Buckets": 524288,
                                        "Hash Batches": 1,
                                        "Original Hash Batches": 1,
                                        "Peak Memory Usage": 22176,
                                        "Workers": [
                                            {
                                                "Worker Number": 0,
                                                "Actual Startup Time": 346.375,
                                                "Actual Total Time": 346.38,
                                                "Actual Rows": 79048,
                                                "Actual Loops": 1
                                            },
                                            {
                                                "Worker Number": 1,
                                                "Actual Startup Time": 346.732,
                                                "Actual Total Time": 346.738,
                                                "Actual Rows": 80726,
                                                "Actual Loops": 1
                                            },
                                            {
                                                "Worker Number": 2,
                                                "Actual Startup Time": 346.802,
                                                "Actual Total Time": 346.807,
                                                "Actual Rows": 80880,
                                                "Actual Loops": 1
                                            },
                                            {
                                                "Worker Number": 3,
                                                "Actual Startup Time": 346.754,
                                                "Actual Total Time": 346.759,
                                                "Actual Rows": 80536,
                                                "Actual Loops": 1
                                            },
                                            {
                                                "Worker Number": 4,
                                                "Actual Startup Time": 346.653,
                                                "Actual Total Time": 346.658,
                                                "Actual Rows": 78709,
                                                "Actual Loops": 1
                                            }
                                        ],
                                        "Plans": [
                                            {
                                                "Node Type": "Hash Join",
                                                "Parent Relationship": "Outer",
                                                "Parallel Aware": true,
                                                "Join Type": "Inner",
                                                "Startup Cost": 17531.52,
                                                "Total Cost": 62702.39,
                                                "Plan Rows": 115624,
                                                "Plan Width": 8,
                                                "Actual Startup Time": 88.388,
                                                "Actual Total Time": 308.262,
                                                "Actual Rows": 76654,
                                                "Actual Loops": 6,
                                                "Output": [
                                                    "t.id",
                                                    "mi_idx.movie_id"
                                                ],
                                                "Inner Unique": false,
                                                "Hash Cond": "(t.id = mi_idx.movie_id)",
                                                "Workers": [
                                                    {
                                                        "Worker Number": 0,
                                                        "Actual Startup Time": 88.37,
                                                        "Actual Total Time": 307.534,
                                                        "Actual Rows": 79048,
                                                        "Actual Loops": 1
                                                    },
                                                    {
                                                        "Worker Number": 1,
                                                        "Actual Startup Time": 88.383,
                                                        "Actual Total Time": 309.319,
                                                        "Actual Rows": 80726,
                                                        "Actual Loops": 1
                                                    },
                                                    {
                                                        "Worker Number": 2,
                                                        "Actual Startup Time": 88.366,
                                                        "Actual Total Time": 309.489,
                                                        "Actual Rows": 80880,
                                                        "Actual Loops": 1
                                                    },
                                                    {
                                                        "Worker Number": 3,
                                                        "Actual Startup Time": 88.33,
                                                        "Actual Total Time": 306.923,
                                                        "Actual Rows": 80536,
                                                        "Actual Loops": 1
                                                    },
                                                    {
                                                        "Worker Number": 4,
                                                        "Actual Startup Time": 88.318,
                                                        "Actual Total Time": 308.222,
                                                        "Actual Rows": 78709,
                                                        "Actual Loops": 1
                                                    }
                                                ],
                                                "Plans": [
                                                    {
                                                        "Node Type": "Seq Scan",
                                                        "Parent Relationship": "Outer",
                                                        "Parallel Aware": true,
                                                        "Relation Name": "title",
                                                        "Schema": "public",
                                                        "Alias": "t",
                                                        "Startup Cost": 0.0,
                                                        "Total Cost": 42318.81,
                                                        "Plan Rows": 632080,
                                                        "Plan Width": 4,
                                                        "Actual Startup Time": 0.029,
                                                        "Actual Total Time": 72.884,
                                                        "Actual Rows": 421385,
                                                        "Actual Loops": 6,
                                                        "Output": [
                                                            "t.id",
                                                            "t.title",
                                                            "t.imdb_index",
                                                            "t.kind_id",
                                                            "t.production_year",
                                                            "t.imdb_id",
                                                            "t.phonetic_code",
                                                            "t.episode_of_id",
                                                            "t.season_nr",
                                                            "t.episode_nr",
                                                            "t.series_years",
                                                            "t.md5sum"
                                                        ],
                                                        "Workers": [
                                                            {
                                                                "Worker Number": 0,
                                                                "Actual Startup Time": 0.035,
                                                                "Actual Total Time": 77.503,
                                                                "Actual Rows": 433105,
                                                                "Actual Loops": 1
                                                            },
                                                            {
                                                                "Worker Number": 1,
                                                                "Actual Startup Time": 0.036,
                                                                "Actual Total Time": 78.626,
                                                                "Actual Rows": 443124,
                                                                "Actual Loops": 1
                                                            },
                                                            {
                                                                "Worker Number": 2,
                                                                "Actual Startup Time": 0.031,
                                                                "Actual Total Time": 79.32,
                                                                "Actual Rows": 444854,
                                                                "Actual Loops": 1
                                                            },
                                                            {
                                                                "Worker Number": 3,
                                                                "Actual Startup Time": 0.026,
                                                                "Actual Total Time": 77.673,
                                                                "Actual Rows": 439474,
                                                                "Actual Loops": 1
                                                            },
                                                            {
                                                                "Worker Number": 4,
                                                                "Actual Startup Time": 0.038,
                                                                "Actual Total Time": 77.642,
                                                                "Actual Rows": 430642,
                                                                "Actual Loops": 1
                                                            }
                                                        ]
                                                    },
                                                    {
                                                        "Node Type": "Hash",
                                                        "Parent Relationship": "Inner",
                                                        "Parallel Aware": true,
                                                        "Startup Cost": 15122.68,
                                                        "Total Cost": 15122.68,
                                                        "Plan Rows": 192707,
                                                        "Plan Width": 4,
                                                        "Actual Startup Time": 86.803,
                                                        "Actual Total Time": 86.805,
                                                        "Actual Rows": 76654,
                                                        "Actual Loops": 6,
                                                        "Output": [
                                                            "mi_idx.movie_id"
                                                        ],
                                                        "Hash Buckets": 524288,
                                                        "Original Hash Buckets": 524288,
                                                        "Hash Batches": 1,
                                                        "Original Hash Batches": 1,
                                                        "Peak Memory Usage": 22208,
                                                        "Workers": [
                                                            {
                                                                "Worker Number": 0,
                                                                "Actual Startup Time": 88.21,
                                                                "Actual Total Time": 88.213,
                                                                "Actual Rows": 72478,
                                                                "Actual Loops": 1
                                                            },
                                                            {
                                                                "Worker Number": 1,
                                                                "Actual Startup Time": 88.195,
                                                                "Actual Total Time": 88.196,
                                                                "Actual Rows": 71997,
                                                                "Actual Loops": 1
                                                            },
                                                            {
                                                                "Worker Number": 2,
                                                                "Actual Startup Time": 88.202,
                                                                "Actual Total Time": 88.204,
                                                                "Actual Rows": 74624,
                                                                "Actual Loops": 1
                                                            },
                                                            {
                                                                "Worker Number": 3,
                                                                "Actual Startup Time": 88.18,
                                                                "Actual Total Time": 88.182,
                                                                "Actual Rows": 75025,
                                                                "Actual Loops": 1
                                                            },
                                                            {
                                                                "Worker Number": 4,
                                                                "Actual Startup Time": 88.147,
                                                                "Actual Total Time": 88.149,
                                                                "Actual Rows": 72113,
                                                                "Actual Loops": 1
                                                            }
                                                        ],
                                                        "Plans": [
                                                            {
                                                                "Node Type": "Seq Scan",
                                                                "Parent Relationship": "Outer",
                                                                "Parallel Aware": true,
                                                                "Relation Name": "movie_info_idx",
                                                                "Schema": "public",
                                                                "Alias": "mi_idx",
                                                                "Startup Cost": 0.0,
                                                                "Total Cost": 15122.68,
                                                                "Plan Rows": 192707,
                                                                "Plan Width": 4,
                                                                "Actual Startup Time": 0.049,
                                                                "Actual Total Time": 38.961,
                                                                "Actual Rows": 76654,
                                                                "Actual Loops": 6,
                                                                "Output": [
                                                                    "mi_idx.movie_id"
                                                                ],
                                                                "Filter": "(mi_idx.info_type_id = 100)",
                                                                "Rows Removed by Filter": 153352,
                                                                "Workers": [
                                                                    {
                                                                        "Worker Number": 0,
                                                                        "Actual Startup Time": 0.048,
                                                                        "Actual Total Time": 40.924,
                                                                        "Actual Rows": 72478,
                                                                        "Actual Loops": 1
                                                                    },
                                                                    {
                                                                        "Worker Number": 1,
                                                                        "Actual Startup Time": 0.047,
                                                                        "Actual Total Time": 40.807,
                                                                        "Actual Rows": 71997,
                                                                        "Actual Loops": 1
                                                                    },
                                                                    {
                                                                        "Worker Number": 2,
                                                                        "Actual Startup Time": 0.049,
                                                                        "Actual Total Time": 40.409,
                                                                        "Actual Rows": 74624,
                                                                        "Actual Loops": 1
                                                                    },
                                                                    {
                                                                        "Worker Number": 3,
                                                                        "Actual Startup Time": 0.044,
                                                                        "Actual Total Time": 40.058,
                                                                        "Actual Rows": 75025,
                                                                        "Actual Loops": 1
                                                                    },
                                                                    {
                                                                        "Worker Number": 4,
                                                                        "Actual Startup Time": 0.062,
                                                                        "Actual Total Time": 41.012,
                                                                        "Actual Rows": 72113,
                                                                        "Actual Loops": 1
                                                                    }
                                                                ]
                                                            }
                                                        ]
                                                    }
                                                ]
                                            }
                                        ]
                                    }
                                ]
                            }
                        ]
                    }
                ]
            }
        ]
    },
    "Planning Time": 1.735,
    "Triggers": [],
    "Execution Time": 592.303
}