[
  {
    "Plan": {
      "Node Type": "Aggregate",
      "Strategy": "Plain",
      "Partial Mode": "Finalize",
      "Parallel Aware": false,
      "Startup Cost": 64747.22,
      "Total Cost": 64747.23,
      "Plan Rows": 1,
      "Plan Width": 8,
      "Actual Startup Time": 300.868,
      "Actual Total Time": 313.312,
      "Actual Rows": 1,
      "Actual Loops": 1,
      "Plans": [
        {
          "Node Type": "Gather",
          "Parent Relationship": "Outer",
          "Parallel Aware": false,
          "Startup Cost": 64747.0,
          "Total Cost": 64747.21,
          "Plan Rows": 2,
          "Plan Width": 8,
          "Actual Startup Time": 299.436,
          "Actual Total Time": 313.305,
          "Actual Rows": 3,
          "Actual Loops": 1,
          "Workers Planned": 2,
          "Workers Launched": 2,
          "Single Copy": false,
          "Plans": [
            {
              "Node Type": "Aggregate",
              "Strategy": "Plain",
              "Partial Mode": "Partial",
              "Parent Relationship": "Outer",
              "Parallel Aware": false,
              "Startup Cost": 63747.0,
              "Total Cost": 63747.01,
              "Plan Rows": 1,
              "Plan Width": 8,
              "Actual Startup Time": 291.428,
              "Actual Total Time": 291.431,
              "Actual Rows": 1,
              "Actual Loops": 3,
              "Plans": [
                {
                  "Node Type": "Hash Join",
                  "Parent Relationship": "Outer",
                  "Parallel Aware": true,
                  "Join Type": "Inner",
                  "Startup Cost": 47380.21,
                  "Total Cost": 63515.05,
                  "Plan Rows": 92779,
                  "Plan Width": 0,
                  "Actual Startup Time": 222.44,
                  "Actual Total Time": 286.535,
                  "Actual Rows": 127823,
                  "Actual Loops": 3,
                  "Inner Unique": true,
                  "Hash Cond": "(mi_idx.movie_id = t.id)",
                  "Plans": [
                    {
                      "Node Type": "Seq Scan",
                      "Parent Relationship": "Outer",
                      "Parallel Aware": true,
                      "Relation Name": "movie_info_idx",
                      "Alias": "mi_idx",
                      "Startup Cost": 0.0,
                      "Total Cost": 15122.68,
                      "Plan Rows": 385585,
                      "Plan Width": 4,
                      "Actual Startup Time": 0.024,
                      "Actual Total Time": 41.981,
                      "Actual Rows": 306703,
                      "Actual Loops": 3,
                      "Filter": "(info_type_id > 99)",
                      "Rows Removed by Filter": 153308
                    },
                    {
                      "Node Type": "Hash",
                      "Parent Relationship": "Inner",
                      "Parallel Aware": true,
                      "Startup Cost": 45479.1,
                      "Total Cost": 45479.1,
                      "Plan Rows": 152089,
                      "Plan Width": 4,
                      "Actual Startup Time": 181.684,
                      "Actual Total Time": 181.685,
                      "Actual Rows": 171842,
                      "Actual Loops": 3,
                      "Hash Buckets": 1048576,
                      "Original Hash Buckets": 1048576,
                      "Hash Batches": 1,
                      "Original Hash Batches": 1,
                      "Peak Memory Usage": 28416,
                      "Plans": [
                        {
                          "Node Type": "Seq Scan",
                          "Parent Relationship": "Outer",
                          "Parallel Aware": true,
                          "Relation Name": "title",
                          "Alias": "t",
                          "Startup Cost": 0.0,
                          "Total Cost": 45479.1,
                          "Plan Rows": 152089,
                          "Plan Width": 4,
                          "Actual Startup Time": 50.274,
                          "Actual Total Time": 124.032,
                          "Actual Rows": 171842,
                          "Actual Loops": 3,
                          "Filter": "((production_year > 1939) AND (kind_id = 1))",
                          "Rows Removed by Filter": 670928
                        }
                      ]
                    }
                  ]
                }
              ]
            }
          ]
        }
      ]
    },
    "Planning Time": 0.622,
    "Triggers": [],
    "Execution Time": 313.383
  }
]