[
  {
    "Plan": {
      "Node Type": "Aggregate",
      "Strategy": "Plain",
      "Partial Mode": "Finalize",
      "Parallel Aware": false,
      "Startup Cost": 30976.2,
      "Total Cost": 30976.21,
      "Plan Rows": 1,
      "Plan Width": 8,
      "Actual Startup Time": 92.695,
      "Actual Total Time": 100.594,
      "Actual Rows": 1,
      "Actual Loops": 1,
      "Plans": [
        {
          "Node Type": "Gather",
          "Parent Relationship": "Outer",
          "Parallel Aware": false,
          "Startup Cost": 30975.89,
          "Total Cost": 30976.2,
          "Plan Rows": 3,
          "Plan Width": 8,
          "Actual Startup Time": 92.571,
          "Actual Total Time": 100.586,
          "Actual Rows": 4,
          "Actual Loops": 1,
          "Workers Planned": 3,
          "Workers Launched": 3,
          "Single Copy": false,
          "Plans": [
            {
              "Node Type": "Aggregate",
              "Strategy": "Plain",
              "Partial Mode": "Partial",
              "Parent Relationship": "Outer",
              "Parallel Aware": false,
              "Startup Cost": 29975.89,
              "Total Cost": 29975.9,
              "Plan Rows": 1,
              "Plan Width": 8,
              "Actual Startup Time": 86.651,
              "Actual Total Time": 86.652,
              "Actual Rows": 1,
              "Actual Loops": 4,
              "Plans": [
                {
                  "Node Type": "Seq Scan",
                  "Parent Relationship": "Outer",
                  "Parallel Aware": true,
                  "Relation Name": "movie_companies",
                  "Alias": "mc",
                  "Startup Cost": 0.0,
                  "Total Cost": 29310.68,
                  "Plan Rows": 266082,
                  "Plan Width": 0,
                  "Actual Startup Time": 26.174,
                  "Actual Total Time": 78.12,
                  "Actual Rows": 209501,
                  "Actual Loops": 4,
                  "Filter": "(company_id > 26439)",
                  "Rows Removed by Filter": 442782
                }
              ]
            }
          ]
        }
      ]
    },
    "Planning Time": 0.189,
    "Triggers": [],
    "Execution Time": 100.65
  }
]