{
  "Plan": {
    "Node Type": "Aggregate",
    "Strategy": "Plain",
    "Partial Mode": "Finalize",
    "Parallel Aware": false,
    "Startup Cost": 331176.03,
    "Total Cost": 331176.04,
    "Plan Rows": 1,
    "Plan Width": 8,
    "Actual Startup Time": 782.923,
    "Actual Total Time": 811.392,
    "Actual Rows": 1,
    "Actual Loops": 1,
    "Plans": [
      {
        "Node Type": "Gather",
        "Parent Relationship": "Outer",
        "Parallel Aware": false,
        "Startup Cost": 331175.91,
        "Total Cost": 331176.02,
        "Plan Rows": 1,
        "Plan Width": 8,
        "Actual Startup Time": 781.165,
        "Actual Total Time": 811.386,
        "Actual Rows": 2,
        "Actual Loops": 1,
        "Workers Planned": 1,
        "Workers Launched": 1,
        "Single Copy": false,
        "Plans": [
          {
            "Node Type": "Aggregate",
            "Strategy": "Plain",
            "Partial Mode": "Partial",
            "Parent Relationship": "Outer",
            "Parallel Aware": false,
            "Startup Cost": 330175.91,
            "Total Cost": 330175.92,
            "Plan Rows": 1,
            "Plan Width": 8,
            "Actual Startup Time": 775.133,
            "Actual Total Time": 775.139,
            "Actual Rows": 1,
            "Actual Loops": 2,
            "Plans": [
              {
                "Node Type": "Hash Join",
                "Parent Relationship": "Outer",
                "Parallel Aware": true,
                "Join Type": "Inner",
                "Startup Cost": 309181.04,
                "Total Cost": 329609.89,
                "Plan Rows": 226408,
                "Plan Width": 0,
                "Actual Startup Time": 687.69,
                "Actual Total Time": 775.095,
                "Actual Rows": 521,
                "Actual Loops": 2,
                "Inner Unique": false,
                "Hash Cond": "(mi_idx.movie_id = t.id)",
                "Plans": [
                  {
                    "Node Type": "Seq Scan",
                    "Parent Relationship": "Outer",
                    "Parallel Aware": true,
                    "Relation Name": "movie_info_idx",
                    "Alias": "mi_idx",
                    "Startup Cost": 0.0,
                    "Total Cost": 16052.85,
                    "Plan Rows": 811785,
                    "Plan Width": 4,
                    "Actual Startup Time": 0.022,
                    "Actual Total Time": 46.28,
                    "Actual Rows": 690018,
                    "Actual Loops": 2
                  },
                  {
                    "Node Type": "Hash",
                    "Parent Relationship": "Inner",
                    "Parallel Aware": true,
                    "Startup Cost": 303996.15,
                    "Total Cost": 303996.15,
                    "Plan Rows": 414791,
                    "Plan Width": 8,
                    "Actual Startup Time": 664.691,
                    "Actual Total Time": 664.695,
                    "Actual Rows": 346,
                    "Actual Loops": 2,
                    "Hash Buckets": 1048576,
                    "Original Hash Buckets": 1048576,
                    "Hash Batches": 1,
                    "Original Hash Batches": 1,
                    "Peak Memory Usage": 8256,
                    "Plans": [
                      {
                        "Node Type": "Hash Join",
                        "Parent Relationship": "Outer",
                        "Parallel Aware": true,
                        "Join Type": "Inner",
                        "Startup Cost": 62612.83,
                        "Total Cost": 303996.15,
                        "Plan Rows": 414791,
                        "Plan Width": 8,
                        "Actual Startup Time": 223.505,
                        "Actual Total Time": 660.757,
                        "Actual Rows": 346,
                        "Actual Loops": 2,
                        "Inner Unique": true,
                        "Hash Cond": "(ci.movie_id = t.id)",
                        "Plans": [
                          {
                            "Node Type": "Index Scan",
                            "Parent Relationship": "Outer",
                            "Parallel Aware": true,
                            "Scan Direction": "Forward",
                            "Index Name": "role_id_cast_info",
                            "Relation Name": "cast_info",
                            "Alias": "ci",
                            "Startup Cost": 0.56,
                            "Total Cost": 236682.84,
                            "Plan Rows": 1790870,
                            "Plan Width": 4,
                            "Actual Startup Time": 0.532,
                            "Actual Total Time": 439.062,
                            "Actual Rows": 1331,
                            "Actual Loops": 2,
                            "Index Cond": "(role_id = 2)",
                            "Rows Removed by Index Recheck": 0,
                            "Filter": "(person_id < 1475541)",
                            "Rows Removed by Filter": 3724656
                          },
                          {
                            "Node Type": "Hash",
                            "Parent Relationship": "Inner",
                            "Parallel Aware": true,
                            "Startup Cost": 58306.47,
                            "Total Cost": 58306.47,
                            "Plan Rows": 344464,
                            "Plan Width": 4,
                            "Actual Startup Time": 214.542,
                            "Actual Total Time": 214.543,
                            "Actual Rows": 246479,
                            "Actual Loops": 2,
                            "Hash Buckets": 1048576,
                            "Original Hash Buckets": 1048576,
                            "Hash Batches": 1,
                            "Original Hash Batches": 1,
                            "Peak Memory Usage": 27488,
                            "Plans": [
                              {
                                "Node Type": "Seq Scan",
                                "Parent Relationship": "Outer",
                                "Parallel Aware": true,
                                "Relation Name": "title",
                                "Alias": "t",
                                "Startup Cost": 0.0,
                                "Total Cost": 58306.47,
                                "Plan Rows": 344464,
                                "Plan Width": 4,
                                "Actual Startup Time": 0.036,
                                "Actual Total Time": 149.291,
                                "Actual Rows": 246479,
                                "Actual Loops": 2,
                                "Filter": "((kind_id < 7) AND (production_year > 1998))",
                                "Rows Removed by Filter": 1017677
                              }
                            ]
                          }
                        ]
                      }
                    ]
                  }
                ]
              }
            ]
          }
        ]
      }
    ]
  },
  "Planning Time": 1.137,
  "Triggers": [],
  "Execution Time": 811.485
}