[
  {
    "Plan": {
      "Node Type": "Aggregate",
      "Strategy": "Plain",
      "Partial Mode": "Finalize",
      "Parallel Aware": false,
      "Startup Cost": 45042.19,
      "Total Cost": 45042.2,
      "Plan Rows": 1,
      "Plan Width": 8,
      "Actual Startup Time": 138.527,
      "Actual Total Time": 145.967,
      "Actual Rows": 1,
      "Actual Loops": 1,
      "Plans": [
        {
          "Node Type": "Gather",
          "Parent Relationship": "Outer",
          "Parallel Aware": false,
          "Startup Cost": 45041.87,
          "Total Cost": 45042.18,
          "Plan Rows": 3,
          "Plan Width": 8,
          "Actual Startup Time": 138.407,
          "Actual Total Time": 145.96,
          "Actual Rows": 4,
          "Actual Loops": 1,
          "Workers Planned": 3,
          "Workers Launched": 3,
          "Single Copy": false,
          "Plans": [
            {
              "Node Type": "Aggregate",
              "Strategy": "Plain",
              "Partial Mode": "Partial",
              "Parent Relationship": "Outer",
              "Parallel Aware": false,
              "Startup Cost": 44041.87,
              "Total Cost": 44041.88,
              "Plan Rows": 1,
              "Plan Width": 8,
              "Actual Startup Time": 132.746,
              "Actual Total Time": 132.747,
              "Actual Rows": 1,
              "Actual Loops": 4,
              "Plans": [
                {
                  "Node Type": "Seq Scan",
                  "Parent Relationship": "Outer",
                  "Parallel Aware": true,
                  "Relation Name": "movie_keyword",
                  "Alias": "mk",
                  "Startup Cost": 0.0,
                  "Total Cost": 42695.65,
                  "Plan Rows": 538486,
                  "Plan Width": 0,
                  "Actual Startup Time": 0.054,
                  "Actual Total Time": 111.572,
                  "Actual Rows": 422973,
                  "Actual Loops": 4,
                  "Filter": "(keyword_id < 2632)",
                  "Rows Removed by Filter": 708010
                }
              ]
            }
          ]
        }
      ]
    },
    "Planning Time": 0.185,
    "Triggers": [],
    "Execution Time": 146.02
  }
]