{
  "Plan": {
    "Node Type": "Aggregate",
    "Strategy": "Plain",
    "Partial Mode": "Finalize",
    "Parallel Aware": false,
    "Startup Cost": 650707.46,
    "Total Cost": 650707.47,
    "Plan Rows": 1,
    "Plan Width": 8,
    "Actual Startup Time": 4735.667,
    "Actual Total Time": 4800.471,
    "Actual Rows": 1,
    "Actual Loops": 1,
    "Plans": [
      {
        "Node Type": "Gather",
        "Parent Relationship": "Outer",
        "Parallel Aware": false,
        "Startup Cost": 650707.35,
        "Total Cost": 650707.46,
        "Plan Rows": 1,
        "Plan Width": 8,
        "Actual Startup Time": 4734.142,
        "Actual Total Time": 4800.461,
        "Actual Rows": 2,
        "Actual Loops": 1,
        "Workers Planned": 1,
        "Workers Launched": 1,
        "Single Copy": false,
        "Plans": [
          {
            "Node Type": "Aggregate",
            "Strategy": "Plain",
            "Partial Mode": "Partial",
            "Parent Relationship": "Outer",
            "Parallel Aware": false,
            "Startup Cost": 649707.35,
            "Total Cost": 649707.36,
            "Plan Rows": 1,
            "Plan Width": 8,
            "Actual Startup Time": 4728.267,
            "Actual Total Time": 4728.922,
            "Actual Rows": 1,
            "Actual Loops": 2,
            "Plans": [
              {
                "Node Type": "Hash Join",
                "Parent Relationship": "Outer",
                "Parallel Aware": true,
                "Join Type": "Inner",
                "Startup Cost": 92095.56,
                "Total Cost": 646156.99,
                "Plan Rows": 1420143,
                "Plan Width": 0,
                "Actual Startup Time": 472.167,
                "Actual Total Time": 4559.119,
                "Actual Rows": 4164872,
                "Actual Loops": 2,
                "Inner Unique": false,
                "Hash Cond": "(ci.movie_id = t.id)",
                "Plans": [
                  {
                    "Node Type": "Seq Scan",
                    "Parent Relationship": "Outer",
                    "Parallel Aware": true,
                    "Relation Name": "cast_info",
                    "Alias": "ci",
                    "Startup Cost": 0.0,
                    "Total Cost": 465792.95,
                    "Plan Rows": 21310595,
                    "Plan Width": 4,
                    "Actual Startup Time": 0.016,
                    "Actual Total Time": 1338.965,
                    "Actual Rows": 18122172,
                    "Actual Loops": 2
                  },
                  {
                    "Node Type": "Hash",
                    "Parent Relationship": "Inner",
                    "Parallel Aware": true,
                    "Startup Cost": 90856.69,
                    "Total Cost": 90856.69,
                    "Plan Rows": 99109,
                    "Plan Width": 8,
                    "Actual Startup Time": 468.79,
                    "Actual Total Time": 469.444,
                    "Actual Rows": 166847,
                    "Actual Loops": 2,
                    "Hash Buckets": 524288,
                    "Original Hash Buckets": 262144,
                    "Hash Batches": 1,
                    "Original Hash Batches": 1,
                    "Peak Memory Usage": 19232,
                    "Plans": [
                      {
                        "Node Type": "Hash Join",
                        "Parent Relationship": "Outer",
                        "Parallel Aware": true,
                        "Join Type": "Inner",
                        "Startup Cost": 30108.2,
                        "Total Cost": 90856.69,
                        "Plan Rows": 99109,
                        "Plan Width": 8,
                        "Actual Startup Time": 114.412,
                        "Actual Total Time": 429.873,
                        "Actual Rows": 166847,
                        "Actual Loops": 2,
                        "Inner Unique": false,
                        "Hash Cond": "(t.id = mc.movie_id)",
                        "Plans": [
                          {
                            "Node Type": "Seq Scan",
                            "Parent Relationship": "Outer",
                            "Parallel Aware": true,
                            "Relation Name": "title",
                            "Alias": "t",
                            "Startup Cost": 0.0,
                            "Total Cost": 50870.31,
                            "Plan Rows": 1487231,
                            "Plan Width": 4,
                            "Actual Startup Time": 0.016,
                            "Actual Total Time": 114.446,
                            "Actual Rows": 1264156,
                            "Actual Loops": 2
                          },
                          {
                            "Node Type": "Hash",
                            "Parent Relationship": "Inner",
                            "Parallel Aware": true,
                            "Startup Cost": 28869.34,
                            "Total Cost": 28869.34,
                            "Plan Rows": 99109,
                            "Plan Width": 4,
                            "Actual Startup Time": 105.65,
                            "Actual Total Time": 105.652,
                            "Actual Rows": 166847,
                            "Actual Loops": 2,
                            "Hash Buckets": 524288,
                            "Original Hash Buckets": 262144,
                            "Hash Batches": 1,
                            "Original Hash Batches": 1,
                            "Peak Memory Usage": 19232,
                            "Plans": [
                              {
                                "Node Type": "Bitmap Heap Scan",
                                "Parent Relationship": "Outer",
                                "Parallel Aware": true,
                                "Relation Name": "movie_companies",
                                "Alias": "mc",
                                "Startup Cost": 7151.34,
                                "Total Cost": 28869.34,
                                "Plan Rows": 99109,
                                "Plan Width": 4,
                                "Actual Startup Time": 28.637,
                                "Actual Total Time": 68.226,
                                "Actual Rows": 166847,
                                "Actual Loops": 2,
                                "Recheck Cond": "(company_id > 90150)",
                                "Rows Removed by Index Recheck": 0,
                                "Filter": "(company_type_id = 2)",
                                "Rows Removed by Filter": 0,
                                "Exact Heap Blocks": 3303,
                                "Lossy Heap Blocks": 0,
                                "Plans": [
                                  {
                                    "Node Type": "Bitmap Index Scan",
                                    "Parent Relationship": "Outer",
                                    "Parallel Aware": false,
                                    "Index Name": "company_id_movie_companies",
                                    "Startup Cost": 0.0,
                                    "Total Cost": 7109.22,
                                    "Plan Rows": 331839,
                                    "Plan Width": 0,
                                    "Actual Startup Time": 28.294,
                                    "Actual Total Time": 28.294,
                                    "Actual Rows": 333694,
                                    "Actual Loops": 1,
                                    "Index Cond": "(company_id > 90150)"
                                  }
                                ]
                              }
                            ]
                          }
                        ]
                      }
                    ]
                  }
                ]
              }
            ]
          }
        ]
      }
    ]
  },
  "Planning Time": 0.893,
  "Triggers": [],
  "Execution Time": 4800.594
}