{
  "Plan": {
    "Node Type": "Aggregate",
    "Strategy": "Plain",
    "Partial Mode": "Finalize",
    "Parallel Aware": false,
    "Startup Cost": 163677.13,
    "Total Cost": 163677.14,
    "Plan Rows": 1,
    "Plan Width": 8,
    "Actual Startup Time": 1092.535,
    "Actual Total Time": 1156.497,
    "Actual Rows": 1,
    "Actual Loops": 1,
    "Plans": [
      {
        "Node Type": "Gather",
        "Parent Relationship": "Outer",
        "Parallel Aware": false,
        "Startup Cost": 163677.02,
        "Total Cost": 163677.13,
        "Plan Rows": 1,
        "Plan Width": 8,
        "Actual Startup Time": 1086.213,
        "Actual Total Time": 1156.488,
        "Actual Rows": 2,
        "Actual Loops": 1,
        "Workers Planned": 1,
        "Workers Launched": 1,
        "Single Copy": false,
        "Plans": [
          {
            "Node Type": "Aggregate",
            "Strategy": "Plain",
            "Partial Mode": "Partial",
            "Parent Relationship": "Outer",
            "Parallel Aware": false,
            "Startup Cost": 162677.02,
            "Total Cost": 162677.03,
            "Plan Rows": 1,
            "Plan Width": 8,
            "Actual Startup Time": 1074.895,
            "Actual Total Time": 1074.899,
            "Actual Rows": 1,
            "Actual Loops": 2,
            "Plans": [
              {
                "Node Type": "Nested Loop",
                "Parent Relationship": "Outer",
                "Parallel Aware": false,
                "Join Type": "Inner",
                "Startup Cost": 70703.03,
                "Total Cost": 162173.88,
                "Plan Rows": 201254,
                "Plan Width": 0,
                "Actual Startup Time": 532.18,
                "Actual Total Time": 1039.547,
                "Actual Rows": 774822,
                "Actual Loops": 2,
                "Inner Unique": false,
                "Plans": [
                  {
                    "Node Type": "Hash Join",
                    "Parent Relationship": "Outer",
                    "Parallel Aware": true,
                    "Join Type": "Inner",
                    "Startup Cost": 70702.59,
                    "Total Cost": 95677.17,
                    "Plan Rows": 34418,
                    "Plan Width": 8,
                    "Actual Startup Time": 532.125,
                    "Actual Total Time": 583.852,
                    "Actual Rows": 28802,
                    "Actual Loops": 2,
                    "Inner Unique": true,
                    "Hash Cond": "(mk.movie_id = t.id)",
                    "Plans": [
                      {
                        "Node Type": "Bitmap Heap Scan",
                        "Parent Relationship": "Outer",
                        "Parallel Aware": true,
                        "Relation Name": "movie_keyword",
                        "Alias": "mk",
                        "Startup Cost": 1241.89,
                        "Total Cost": 26126.12,
                        "Plan Rows": 34418,
                        "Plan Width": 4,
                        "Actual Startup Time": 6.97,
                        "Actual Total Time": 34.134,
                        "Actual Rows": 28802,
                        "Actual Loops": 2,
                        "Recheck Cond": "(keyword_id < 56)",
                        "Rows Removed by Index Recheck": 0,
                        "Exact Heap Blocks": 10247,
                        "Lossy Heap Blocks": 0,
                        "Plans": [
                          {
                            "Node Type": "Bitmap Index Scan",
                            "Parent Relationship": "Outer",
                            "Parallel Aware": false,
                            "Index Name": "keyword_id_movie_keyword",
                            "Startup Cost": 0.0,
                            "Total Cost": 1227.26,
                            "Plan Rows": 58511,
                            "Plan Width": 0,
                            "Actual Startup Time": 4.488,
                            "Actual Total Time": 4.489,
                            "Actual Rows": 57603,
                            "Actual Loops": 1,
                            "Index Cond": "(keyword_id < 56)"
                          }
                        ]
                      },
                      {
                        "Node Type": "Hash",
                        "Parent Relationship": "Inner",
                        "Parallel Aware": true,
                        "Startup Cost": 50870.31,
                        "Total Cost": 50870.31,
                        "Plan Rows": 1487231,
                        "Plan Width": 4,
                        "Actual Startup Time": 504.414,
                        "Actual Total Time": 504.414,
                        "Actual Rows": 1264156,
                        "Actual Loops": 2,
                        "Hash Buckets": 4194304,
                        "Original Hash Buckets": 4194304,
                        "Hash Batches": 1,
                        "Original Hash Batches": 1,
                        "Peak Memory Usage": 131712,
                        "Plans": [
                          {
                            "Node Type": "Seq Scan",
                            "Parent Relationship": "Outer",
                            "Parallel Aware": true,
                            "Relation Name": "title",
                            "Alias": "t",
                            "Startup Cost": 0.0,
                            "Total Cost": 50870.31,
                            "Plan Rows": 1487231,
                            "Plan Width": 4,
                            "Actual Startup Time": 0.019,
                            "Actual Total Time": 153.203,
                            "Actual Rows": 1264156,
                            "Actual Loops": 2
                          }
                        ]
                      }
                    ]
                  },
                  {
                    "Node Type": "Index Only Scan",
                    "Parent Relationship": "Inner",
                    "Parallel Aware": false,
                    "Scan Direction": "Forward",
                    "Index Name": "movie_id_movie_info",
                    "Relation Name": "movie_info",
                    "Alias": "mi",
                    "Startup Cost": 0.43,
                    "Total Cost": 1.51,
                    "Plan Rows": 42,
                    "Plan Width": 4,
                    "Actual Startup Time": 0.004,
                    "Actual Total Time": 0.014,
                    "Actual Rows": 27,
                    "Actual Loops": 57603,
                    "Index Cond": "(movie_id = t.id)",
                    "Rows Removed by Index Recheck": 0,
                    "Heap Fetches": 1549645
                  }
                ]
              }
            ]
          }
        ]
      }
    ]
  },
  "Planning Time": 0.969,
  "Triggers": [],
  "Execution Time": 1156.614
}