[
  {
    "Plan": {
      "Node Type": "Aggregate",
      "Strategy": "Plain",
      "Partial Mode": "Finalize",
      "Parallel Aware": false,
      "Startup Cost": 81772.77,
      "Total Cost": 81772.78,
      "Plan Rows": 1,
      "Plan Width": 8,
      "Actual Startup Time": 366.637,
      "Actual Total Time": 389.028,
      "Actual Rows": 1,
      "Actual Loops": 1,
      "Plans": [
        {
          "Node Type": "Gather",
          "Parent Relationship": "Outer",
          "Parallel Aware": false,
          "Startup Cost": 81772.35,
          "Total Cost": 81772.76,
          "Plan Rows": 4,
          "Plan Width": 8,
          "Actual Startup Time": 361.43,
          "Actual Total Time": 389.018,
          "Actual Rows": 5,
          "Actual Loops": 1,
          "Workers Planned": 4,
          "Workers Launched": 4,
          "Single Copy": false,
          "Plans": [
            {
              "Node Type": "Aggregate",
              "Strategy": "Plain",
              "Partial Mode": "Partial",
              "Parent Relationship": "Outer",
              "Parallel Aware": false,
              "Startup Cost": 80772.35,
              "Total Cost": 80772.36,
              "Plan Rows": 1,
              "Plan Width": 8,
              "Actual Startup Time": 352.478,
              "Actual Total Time": 352.481,
              "Actual Rows": 1,
              "Actual Loops": 5,
              "Plans": [
                {
                  "Node Type": "Hash Join",
                  "Parent Relationship": "Outer",
                  "Parallel Aware": true,
                  "Join Type": "Inner",
                  "Startup Cost": 34277.13,
                  "Total Cost": 80328.69,
                  "Plan Rows": 177463,
                  "Plan Width": 0,
                  "Actual Startup Time": 129.133,
                  "Actual Total Time": 346.677,
                  "Actual Rows": 89861,
                  "Actual Loops": 5,
                  "Inner Unique": false,
                  "Hash Cond": "(t.id = mc.movie_id)",
                  "Plans": [
                    {
                      "Node Type": "Seq Scan",
                      "Parent Relationship": "Outer",
                      "Parallel Aware": true,
                      "Relation Name": "title",
                      "Alias": "t",
                      "Startup Cost": 0.0,
                      "Total Cost": 42318.73,
                      "Plan Rows": 632073,
                      "Plan Width": 4,
                      "Actual Startup Time": 0.016,
                      "Actual Total Time": 82.108,
                      "Actual Rows": 505662,
                      "Actual Loops": 5
                    },
                    {
                      "Node Type": "Hash",
                      "Parent Relationship": "Inner",
                      "Parallel Aware": true,
                      "Startup Cost": 31414.82,
                      "Total Cost": 31414.82,
                      "Plan Rows": 228985,
                      "Plan Width": 4,
                      "Actual Startup Time": 124.942,
                      "Actual Total Time": 124.944,
                      "Actual Rows": 89861,
                      "Actual Loops": 5,
                      "Hash Buckets": 1048576,
                      "Original Hash Buckets": 1048576,
                      "Hash Batches": 1,
                      "Original Hash Batches": 1,
                      "Peak Memory Usage": 25888,
                      "Plans": [
                        {
                          "Node Type": "Seq Scan",
                          "Parent Relationship": "Outer",
                          "Parallel Aware": true,
                          "Relation Name": "movie_companies",
                          "Alias": "mc",
                          "Startup Cost": 0.0,
                          "Total Cost": 31414.82,
                          "Plan Rows": 228985,
                          "Plan Width": 4,
                          "Actual Startup Time": 46.751,
                          "Actual Total Time": 83.943,
                          "Actual Rows": 89861,
                          "Actual Loops": 5,
                          "Filter": "((company_id < 12122) AND (company_type_id > 1))",
                          "Rows Removed by Filter": 431965
                        }
                      ]
                    }
                  ]
                }
              ]
            }
          ]
        }
      ]
    },
    "Planning Time": 0.621,
    "Triggers": [],
    "Execution Time": 389.101
  }
]