[
  {
    "Plan": {
      "Node Type": "Aggregate",
      "Strategy": "Plain",
      "Partial Mode": "Finalize",
      "Parallel Aware": false,
      "Startup Cost": 46786.74,
      "Total Cost": 46786.75,
      "Plan Rows": 1,
      "Plan Width": 8,
      "Actual Startup Time": 150.112,
      "Actual Total Time": 166.171,
      "Actual Rows": 1,
      "Actual Loops": 1,
      "Plans": [
        {
          "Node Type": "Gather",
          "Parent Relationship": "Outer",
          "Parallel Aware": false,
          "Startup Cost": 46786.32,
          "Total Cost": 46786.73,
          "Plan Rows": 4,
          "Plan Width": 8,
          "Actual Startup Time": 149.831,
          "Actual Total Time": 166.14,
          "Actual Rows": 5,
          "Actual Loops": 1,
          "Workers Planned": 4,
          "Workers Launched": 4,
          "Single Copy": false,
          "Plans": [
            {
              "Node Type": "Aggregate",
              "Strategy": "Plain",
              "Partial Mode": "Partial",
              "Parent Relationship": "Outer",
              "Parallel Aware": false,
              "Startup Cost": 45786.32,
              "Total Cost": 45786.33,
              "Plan Rows": 1,
              "Plan Width": 8,
              "Actual Startup Time": 140.403,
              "Actual Total Time": 140.405,
              "Actual Rows": 1,
              "Actual Loops": 5,
              "Plans": [
                {
                  "Node Type": "Seq Scan",
                  "Parent Relationship": "Outer",
                  "Parallel Aware": true,
                  "Relation Name": "title",
                  "Alias": "t",
                  "Startup Cost": 0.0,
                  "Total Cost": 45479.59,
                  "Plan Rows": 122694,
                  "Plan Width": 0,
                  "Actual Startup Time": 0.061,
                  "Actual Total Time": 134.273,
                  "Actual Rows": 71599,
                  "Actual Loops": 5,
                  "Filter": "((kind_id > 3) AND (production_year < 1993))",
                  "Rows Removed by Filter": 434063
                }
              ]
            }
          ]
        }
      ]
    },
    "Planning Time": 0.181,
    "Triggers": [],
    "Execution Time": 166.238
  }
]