[
  {
    "Plan": {
      "Node Type": "Aggregate",
      "Strategy": "Plain",
      "Partial Mode": "Finalize",
      "Parallel Aware": false,
      "Startup Cost": 46790.55,
      "Total Cost": 46790.56,
      "Plan Rows": 1,
      "Plan Width": 8,
      "Actual Startup Time": 98.988,
      "Actual Total Time": 110.024,
      "Actual Rows": 1,
      "Actual Loops": 1,
      "Plans": [
        {
          "Node Type": "Gather",
          "Parent Relationship": "Outer",
          "Parallel Aware": false,
          "Startup Cost": 46790.13,
          "Total Cost": 46790.54,
          "Plan Rows": 4,
          "Plan Width": 8,
          "Actual Startup Time": 98.867,
          "Actual Total Time": 110.016,
          "Actual Rows": 5,
          "Actual Loops": 1,
          "Workers Planned": 4,
          "Workers Launched": 4,
          "Single Copy": false,
          "Plans": [
            {
              "Node Type": "Aggregate",
              "Strategy": "Plain",
              "Partial Mode": "Partial",
              "Parent Relationship": "Outer",
              "Parallel Aware": false,
              "Startup Cost": 45790.13,
              "Total Cost": 45790.14,
              "Plan Rows": 1,
              "Plan Width": 8,
              "Actual Startup Time": 91.846,
              "Actual Total Time": 91.848,
              "Actual Rows": 1,
              "Actual Loops": 5,
              "Plans": [
                {
                  "Node Type": "Seq Scan",
                  "Parent Relationship": "Outer",
                  "Parallel Aware": true,
                  "Relation Name": "title",
                  "Alias": "t",
                  "Startup Cost": 0.0,
                  "Total Cost": 45479.1,
                  "Plan Rows": 124412,
                  "Plan Width": 0,
                  "Actual Startup Time": 0.04,
                  "Actual Total Time": 87.323,
                  "Actual Rows": 71599,
                  "Actual Loops": 5,
                  "Filter": "((kind_id > 3) AND (production_year < 1993))",
                  "Rows Removed by Filter": 434063
                }
              ]
            }
          ]
        }
      ]
    },
    "Planning Time": 0.183,
    "Triggers": [],
    "Execution Time": 110.083
  }
]