[
  {
    "Plan": {
      "Node Type": "Aggregate",
      "Strategy": "Plain",
      "Partial Mode": "Finalize",
      "Parallel Aware": false,
      "Startup Cost": 303647.09,
      "Total Cost": 303647.1,
      "Plan Rows": 1,
      "Plan Width": 8,
      "Actual Startup Time": 1893.791,
      "Actual Total Time": 1943.502,
      "Actual Rows": 1,
      "Actual Loops": 1,
      "Plans": [
        {
          "Node Type": "Gather",
          "Parent Relationship": "Outer",
          "Parallel Aware": false,
          "Startup Cost": 303646.57,
          "Total Cost": 303647.08,
          "Plan Rows": 5,
          "Plan Width": 8,
          "Actual Startup Time": 1868.868,
          "Actual Total Time": 1943.492,
          "Actual Rows": 6,
          "Actual Loops": 1,
          "Workers Planned": 5,
          "Workers Launched": 5,
          "Single Copy": false,
          "Plans": [
            {
              "Node Type": "Aggregate",
              "Strategy": "Plain",
              "Partial Mode": "Partial",
              "Parent Relationship": "Outer",
              "Parallel Aware": false,
              "Startup Cost": 302646.57,
              "Total Cost": 302646.58,
              "Plan Rows": 1,
              "Plan Width": 8,
              "Actual Startup Time": 1857.001,
              "Actual Total Time": 1857.007,
              "Actual Rows": 1,
              "Actual Loops": 6,
              "Plans": [
                {
                  "Node Type": "Hash Join",
                  "Parent Relationship": "Outer",
                  "Parallel Aware": true,
                  "Join Type": "Inner",
                  "Startup Cost": 95393.15,
                  "Total Cost": 300635.79,
                  "Plan Rows": 804314,
                  "Plan Width": 0,
                  "Actual Startup Time": 478.641,
                  "Actual Total Time": 1603.917,
                  "Actual Rows": 6126324,
                  "Actual Loops": 6,
                  "Inner Unique": false,
                  "Hash Cond": "(mi.movie_id = t.id)",
                  "Plans": [
                    {
                      "Node Type": "Seq Scan",
                      "Parent Relationship": "Outer",
                      "Parallel Aware": true,
                      "Relation Name": "movie_info",
                      "Alias": "mi",
                      "Startup Cost": 0.0,
                      "Total Cost": 191560.33,
                      "Plan Rows": 2956733,
                      "Plan Width": 4,
                      "Actual Startup Time": 0.032,
                      "Actual Total Time": 299.358,
                      "Actual Rows": 2472620,
                      "Actual Loops": 6
                    },
                    {
                      "Node Type": "Hash",
                      "Parent Relationship": "Inner",
                      "Parallel Aware": true,
                      "Startup Cost": 92619.9,
                      "Total Cost": 92619.9,
                      "Plan Rows": 221860,
                      "Plan Width": 8,
                      "Actual Startup Time": 474.347,
                      "Actual Total Time": 474.352,
                      "Actual Rows": 112375,
                      "Actual Loops": 6,
                      "Hash Buckets": 1048576,
                      "Original Hash Buckets": 1048576,
                      "Hash Batches": 1,
                      "Original Hash Batches": 1,
                      "Peak Memory Usage": 34688,
                      "Plans": [
                        {
                          "Node Type": "Hash Join",
                          "Parent Relationship": "Outer",
                          "Parallel Aware": true,
                          "Join Type": "Inner",
                          "Startup Cost": 64810.26,
                          "Total Cost": 92619.9,
                          "Plan Rows": 221860,
                          "Plan Width": 8,
                          "Actual Startup Time": 326.85,
                          "Actual Total Time": 425.342,
                          "Actual Rows": 112375,
                          "Actual Loops": 6,
                          "Inner Unique": true,
                          "Hash Cond": "(mk.movie_id = t.id)",
                          "Plans": [
                            {
                              "Node Type": "Bitmap Heap Scan",
                              "Parent Relationship": "Outer",
                              "Parallel Aware": true,
                              "Relation Name": "movie_keyword",
                              "Alias": "mk",
                              "Startup Cost": 14590.62,
                              "Total Cost": 41817.87,
                              "Plan Rows": 221860,
                              "Plan Width": 4,
                              "Actual Startup Time": 54.108,
                              "Actual Total Time": 107.342,
                              "Actual Rows": 112375,
                              "Actual Loops": 6,
                              "Recheck Cond": "(keyword_id > 27803)",
                              "Rows Removed by Index Recheck": 0,
                              "Exact Heap Blocks": 4696,
                              "Lossy Heap Blocks": 0,
                              "Plans": [
                                {
                                  "Node Type": "Bitmap Index Scan",
                                  "Parent Relationship": "Outer",
                                  "Parallel Aware": false,
                                  "Index Name": "keyword_id_movie_keyword",
                                  "Startup Cost": 0.0,
                                  "Total Cost": 14418.68,
                                  "Plan Rows": 687766,
                                  "Plan Width": 0,
                                  "Actual Startup Time": 49.414,
                                  "Actual Total Time": 49.414,
                                  "Actual Rows": 674251,
                                  "Actual Loops": 1,
                                  "Index Cond": "(keyword_id > 27803)"
                                }
                              ]
                            },
                            {
                              "Node Type": "Hash",
                              "Parent Relationship": "Inner",
                              "Parallel Aware": true,
                              "Startup Cost": 42318.73,
                              "Total Cost": 42318.73,
                              "Plan Rows": 632073,
                              "Plan Width": 4,
                              "Actual Startup Time": 267.579,
                              "Actual Total Time": 267.58,
                              "Actual Rows": 421385,
                              "Actual Loops": 6,
                              "Hash Buckets": 4194304,
                              "Original Hash Buckets": 4194304,
                              "Hash Batches": 1,
                              "Original Hash Batches": 1,
                              "Peak Memory Usage": 131776,
                              "Plans": [
                                {
                                  "Node Type": "Seq Scan",
                                  "Parent Relationship": "Outer",
                                  "Parallel Aware": true,
                                  "Relation Name": "title",
                                  "Alias": "t",
                                  "Startup Cost": 0.0,
                                  "Total Cost": 42318.73,
                                  "Plan Rows": 632073,
                                  "Plan Width": 4,
                                  "Actual Startup Time": 0.047,
                                  "Actual Total Time": 74.819,
                                  "Actual Rows": 421385,
                                  "Actual Loops": 6
                                }
                              ]
                            }
                          ]
                        }
                      ]
                    }
                  ]
                }
              ]
            }
          ]
        }
      ]
    },
    "Planning Time": 1.355,
    "Triggers": [],
    "Execution Time": 1943.617
  }
]