{
  "Plan": {
    "Node Type": "Aggregate",
    "Strategy": "Plain",
    "Partial Mode": "Finalize",
    "Parallel Aware": false,
    "Startup Cost": 57164.76,
    "Total Cost": 57164.77,
    "Plan Rows": 1,
    "Plan Width": 8,
    "Actual Startup Time": 358.999,
    "Actual Total Time": 404.314,
    "Actual Rows": 1,
    "Actual Loops": 1,
    "Plans": [
      {
        "Node Type": "Gather",
        "Parent Relationship": "Outer",
        "Parallel Aware": false,
        "Startup Cost": 57164.65,
        "Total Cost": 57164.76,
        "Plan Rows": 1,
        "Plan Width": 8,
        "Actual Startup Time": 358.744,
        "Actual Total Time": 404.306,
        "Actual Rows": 2,
        "Actual Loops": 1,
        "Workers Planned": 1,
        "Workers Launched": 1,
        "Single Copy": false,
        "Plans": [
          {
            "Node Type": "Aggregate",
            "Strategy": "Plain",
            "Partial Mode": "Partial",
            "Parent Relationship": "Outer",
            "Parallel Aware": false,
            "Startup Cost": 56164.65,
            "Total Cost": 56164.66,
            "Plan Rows": 1,
            "Plan Width": 8,
            "Actual Startup Time": 352.474,
            "Actual Total Time": 352.476,
            "Actual Rows": 1,
            "Actual Loops": 2,
            "Plans": [
              {
                "Node Type": "Nested Loop",
                "Parent Relationship": "Outer",
                "Parallel Aware": false,
                "Join Type": "Inner",
                "Startup Cost": 310.15,
                "Total Cost": 56134.42,
                "Plan Rows": 12092,
                "Plan Width": 0,
                "Actual Startup Time": 4.935,
                "Actual Total Time": 349.03,
                "Actual Rows": 60254,
                "Actual Loops": 2,
                "Inner Unique": false,
                "Plans": [
                  {
                    "Node Type": "Nested Loop",
                    "Parent Relationship": "Outer",
                    "Parallel Aware": false,
                    "Join Type": "Inner",
                    "Startup Cost": 309.59,
                    "Total Cost": 47572.53,
                    "Plan Rows": 4130,
                    "Plan Width": 8,
                    "Actual Startup Time": 4.005,
                    "Actual Total Time": 39.059,
                    "Actual Rows": 6394,
                    "Actual Loops": 2,
                    "Inner Unique": true,
                    "Plans": [
                      {
                        "Node Type": "Bitmap Heap Scan",
                        "Parent Relationship": "Outer",
                        "Parallel Aware": true,
                        "Relation Name": "movie_companies",
                        "Alias": "mc",
                        "Startup Cost": 309.16,
                        "Total Cost": 18783.18,
                        "Plan Rows": 4130,
                        "Plan Width": 4,
                        "Actual Startup Time": 3.88,
                        "Actual Total Time": 10.783,
                        "Actual Rows": 6394,
                        "Actual Loops": 2,
                        "Recheck Cond": "(company_id = 34)",
                        "Rows Removed by Index Recheck": 0,
                        "Filter": "(company_type_id < 2)",
                        "Rows Removed by Filter": 54,
                        "Exact Heap Blocks": 2625,
                        "Lossy Heap Blocks": 0,
                        "Plans": [
                          {
                            "Node Type": "Bitmap Index Scan",
                            "Parent Relationship": "Outer",
                            "Parallel Aware": false,
                            "Index Name": "company_id_movie_companies",
                            "Startup Cost": 0.0,
                            "Total Cost": 307.4,
                            "Plan Rows": 14263,
                            "Plan Width": 0,
                            "Actual Startup Time": 5.537,
                            "Actual Total Time": 5.538,
                            "Actual Rows": 12894,
                            "Actual Loops": 1,
                            "Index Cond": "(company_id = 34)"
                          }
                        ]
                      },
                      {
                        "Node Type": "Index Only Scan",
                        "Parent Relationship": "Inner",
                        "Parallel Aware": false,
                        "Scan Direction": "Forward",
                        "Index Name": "title_pkey",
                        "Relation Name": "title",
                        "Alias": "t",
                        "Startup Cost": 0.43,
                        "Total Cost": 6.97,
                        "Plan Rows": 1,
                        "Plan Width": 4,
                        "Actual Startup Time": 0.004,
                        "Actual Total Time": 0.004,
                        "Actual Rows": 1,
                        "Actual Loops": 12787,
                        "Index Cond": "(id = mc.movie_id)",
                        "Rows Removed by Index Recheck": 0,
                        "Heap Fetches": 12787
                      }
                    ]
                  },
                  {
                    "Node Type": "Index Scan",
                    "Parent Relationship": "Inner",
                    "Parallel Aware": false,
                    "Scan Direction": "Forward",
                    "Index Name": "movie_id_cast_info",
                    "Relation Name": "cast_info",
                    "Alias": "ci",
                    "Startup Cost": 0.56,
                    "Total Cost": 2.0,
                    "Plan Rows": 7,
                    "Plan Width": 4,
                    "Actual Startup Time": 0.037,
                    "Actual Total Time": 0.048,
                    "Actual Rows": 9,
                    "Actual Loops": 12787,
                    "Index Cond": "(movie_id = t.id)",
                    "Rows Removed by Index Recheck": 0,
                    "Filter": "((person_id < 3724620) AND (role_id > 6))",
                    "Rows Removed by Filter": 38
                  }
                ]
              }
            ]
          }
        ]
      }
    ]
  },
  "Planning Time": 0.951,
  "Triggers": [],
  "Execution Time": 404.426
}