[
  {
    "Plan": {
      "Node Type": "Aggregate",
      "Strategy": "Plain",
      "Partial Mode": "Finalize",
      "Parallel Aware": false,
      "Startup Cost": 600513.73,
      "Total Cost": 600513.74,
      "Plan Rows": 1,
      "Plan Width": 8,
      "Actual Startup Time": 2486.372,
      "Actual Total Time": 2576.752,
      "Actual Rows": 1,
      "Actual Loops": 1,
      "Plans": [
        {
          "Node Type": "Gather",
          "Parent Relationship": "Outer",
          "Parallel Aware": false,
          "Startup Cost": 600513.11,
          "Total Cost": 600513.72,
          "Plan Rows": 6,
          "Plan Width": 8,
          "Actual Startup Time": 2473.108,
          "Actual Total Time": 2576.742,
          "Actual Rows": 7,
          "Actual Loops": 1,
          "Workers Planned": 6,
          "Workers Launched": 6,
          "Single Copy": false,
          "Plans": [
            {
              "Node Type": "Aggregate",
              "Strategy": "Plain",
              "Partial Mode": "Partial",
              "Parent Relationship": "Outer",
              "Parallel Aware": false,
              "Startup Cost": 599513.11,
              "Total Cost": 599513.12,
              "Plan Rows": 1,
              "Plan Width": 8,
              "Actual Startup Time": 2456.606,
              "Actual Total Time": 2456.612,
              "Actual Rows": 1,
              "Actual Loops": 7,
              "Plans": [
                {
                  "Node Type": "Hash Join",
                  "Parent Relationship": "Outer",
                  "Parallel Aware": true,
                  "Join Type": "Inner",
                  "Startup Cost": 247298.91,
                  "Total Cost": 594309.03,
                  "Plan Rows": 2081632,
                  "Plan Width": 0,
                  "Actual Startup Time": 893.73,
                  "Actual Total Time": 2343.129,
                  "Actual Rows": 2604046,
                  "Actual Loops": 7,
                  "Inner Unique": false,
                  "Hash Cond": "(ci.movie_id = t.id)",
                  "Plans": [
                    {
                      "Node Type": "Seq Scan",
                      "Parent Relationship": "Outer",
                      "Parallel Aware": true,
                      "Relation Name": "cast_info",
                      "Alias": "ci",
                      "Startup Cost": 0.0,
                      "Total Cost": 328162.03,
                      "Plan Rows": 3915956,
                      "Plan Width": 4,
                      "Actual Startup Time": 133.018,
                      "Actual Total Time": 622.343,
                      "Actual Rows": 3358158,
                      "Actual Loops": 7,
                      "Filter": "(person_id > 1256169)",
                      "Rows Removed by Filter": 1819606
                    },
                    {
                      "Node Type": "Hash",
                      "Parent Relationship": "Inner",
                      "Parallel Aware": true,
                      "Startup Cost": 243938.96,
                      "Total Cost": 243938.96,
                      "Plan Rows": 268796,
                      "Plan Width": 8,
                      "Actual Startup Time": 756.041,
                      "Actual Total Time": 756.044,
                      "Actual Rows": 140656,
                      "Actual Loops": 7,
                      "Hash Buckets": 2097152,
                      "Original Hash Buckets": 2097152,
                      "Hash Batches": 1,
                      "Original Hash Batches": 1,
                      "Peak Memory Usage": 55040,
                      "Plans": [
                        {
                          "Node Type": "Hash Join",
                          "Parent Relationship": "Outer",
                          "Parallel Aware": true,
                          "Join Type": "Inner",
                          "Startup Cost": 44617.19,
                          "Total Cost": 243938.96,
                          "Plan Rows": 268796,
                          "Plan Width": 8,
                          "Actual Startup Time": 98.914,
                          "Actual Total Time": 692.142,
                          "Actual Rows": 140656,
                          "Actual Loops": 7,
                          "Inner Unique": true,
                          "Hash Cond": "(mi.movie_id = t.id)",
                          "Plans": [
                            {
                              "Node Type": "Seq Scan",
                              "Parent Relationship": "Outer",
                              "Parallel Aware": true,
                              "Relation Name": "movie_info",
                              "Alias": "mi",
                              "Startup Cost": 0.0,
                              "Total Cost": 191560.33,
                              "Plan Rows": 2956733,
                              "Plan Width": 4,
                              "Actual Startup Time": 0.029,
                              "Actual Total Time": 283.814,
                              "Actual Rows": 2119389,
                              "Actual Loops": 7
                            },
                            {
                              "Node Type": "Hash",
                              "Parent Relationship": "Inner",
                              "Parallel Aware": true,
                              "Startup Cost": 43898.92,
                              "Total Cost": 43898.92,
                              "Plan Rows": 57462,
                              "Plan Width": 4,
                              "Actual Startup Time": 97.716,
                              "Actual Total Time": 97.717,
                              "Actual Rows": 33093,
                              "Actual Loops": 7,
                              "Hash Buckets": 262144,
                              "Original Hash Buckets": 262144,
                              "Hash Batches": 1,
                              "Original Hash Batches": 1,
                              "Peak Memory Usage": 11264,
                              "Plans": [
                                {
                                  "Node Type": "Seq Scan",
                                  "Parent Relationship": "Outer",
                                  "Parallel Aware": true,
                                  "Relation Name": "title",
                                  "Alias": "t",
                                  "Startup Cost": 0.0,
                                  "Total Cost": 43898.92,
                                  "Plan Rows": 57462,
                                  "Plan Width": 4,
                                  "Actual Startup Time": 0.042,
                                  "Actual Total Time": 80.453,
                                  "Actual Rows": 33093,
                                  "Actual Loops": 7,
                                  "Filter": "(production_year > 2011)",
                                  "Rows Removed by Filter": 328095
                                }
                              ]
                            }
                          ]
                        }
                      ]
                    }
                  ]
                }
              ]
            }
          ]
        }
      ]
    },
    "Planning Time": 1.095,
    "Triggers": [],
    "Execution Time": 2576.847
  }
]