[
  {
    "Plan": {
      "Node Type": "Aggregate",
      "Strategy": "Plain",
      "Partial Mode": "Finalize",
      "Parallel Aware": false,
      "Startup Cost": 347109.05,
      "Total Cost": 347109.06,
      "Plan Rows": 1,
      "Plan Width": 8,
      "Actual Startup Time": 628.416,
      "Actual Total Time": 672.426,
      "Actual Rows": 1,
      "Actual Loops": 1,
      "Plans": [
        {
          "Node Type": "Gather",
          "Parent Relationship": "Outer",
          "Parallel Aware": false,
          "Startup Cost": 347108.42,
          "Total Cost": 347109.03,
          "Plan Rows": 6,
          "Plan Width": 8,
          "Actual Startup Time": 628.221,
          "Actual Total Time": 672.407,
          "Actual Rows": 7,
          "Actual Loops": 1,
          "Workers Planned": 6,
          "Workers Launched": 6,
          "Single Copy": false,
          "Plans": [
            {
              "Node Type": "Aggregate",
              "Strategy": "Plain",
              "Partial Mode": "Partial",
              "Parent Relationship": "Outer",
              "Parallel Aware": false,
              "Startup Cost": 346108.42,
              "Total Cost": 346108.43,
              "Plan Rows": 1,
              "Plan Width": 8,
              "Actual Startup Time": 620.606,
              "Actual Total Time": 620.608,
              "Actual Rows": 1,
              "Actual Loops": 7,
              "Plans": [
                {
                  "Node Type": "Seq Scan",
                  "Parent Relationship": "Outer",
                  "Parallel Aware": true,
                  "Relation Name": "cast_info",
                  "Alias": "ci",
                  "Startup Cost": 0.0,
                  "Total Cost": 343316.27,
                  "Plan Rows": 1116860,
                  "Plan Width": 0,
                  "Actual Startup Time": 362.114,
                  "Actual Total Time": 578.77,
                  "Actual Rows": 922627,
                  "Actual Loops": 7,
                  "Filter": "((person_id > 2992173) AND (role_id < 11))",
                  "Rows Removed by Filter": 4255136
                }
              ]
            }
          ]
        }
      ]
    },
    "Planning Time": 0.093,
    "Triggers": [],
    "Execution Time": 672.471
  }
]