[
  {
    "Plan": {
      "Node Type": "Aggregate",
      "Strategy": "Plain",
      "Partial Mode": "Finalize",
      "Parallel Aware": false,
      "Startup Cost": 494973.15,
      "Total Cost": 494973.16,
      "Plan Rows": 1,
      "Plan Width": 8,
      "Actual Startup Time": 3811.632,
      "Actual Total Time": 3852.7,
      "Actual Rows": 1,
      "Actual Loops": 1,
      "Plans": [
        {
          "Node Type": "Gather",
          "Parent Relationship": "Outer",
          "Parallel Aware": false,
          "Startup Cost": 494972.52,
          "Total Cost": 494973.13,
          "Plan Rows": 6,
          "Plan Width": 8,
          "Actual Startup Time": 3779.614,
          "Actual Total Time": 3852.692,
          "Actual Rows": 7,
          "Actual Loops": 1,
          "Workers Planned": 6,
          "Workers Launched": 6,
          "Single Copy": false,
          "Plans": [
            {
              "Node Type": "Aggregate",
              "Strategy": "Plain",
              "Partial Mode": "Partial",
              "Parent Relationship": "Outer",
              "Parallel Aware": false,
              "Startup Cost": 493972.52,
              "Total Cost": 493972.53,
              "Plan Rows": 1,
              "Plan Width": 8,
              "Actual Startup Time": 3769.587,
              "Actual Total Time": 3770.313,
              "Actual Rows": 1,
              "Actual Loops": 7,
              "Plans": [
                {
                  "Node Type": "Hash Join",
                  "Parent Relationship": "Outer",
                  "Parallel Aware": true,
                  "Join Type": "Inner",
                  "Startup Cost": 108462.87,
                  "Total Cost": 481191.06,
                  "Plan Rows": 5112584,
                  "Plan Width": 0,
                  "Actual Startup Time": 539.834,
                  "Actual Total Time": 3131.744,
                  "Actual Rows": 15332918,
                  "Actual Loops": 7,
                  "Inner Unique": false,
                  "Hash Cond": "(ci.movie_id = t.id)",
                  "Plans": [
                    {
                      "Node Type": "Seq Scan",
                      "Parent Relationship": "Outer",
                      "Parallel Aware": true,
                      "Relation Name": "cast_info",
                      "Alias": "ci",
                      "Startup Cost": 0.0,
                      "Total Cost": 343318.94,
                      "Plan Rows": 3444543,
                      "Plan Width": 4,
                      "Actual Startup Time": 0.021,
                      "Actual Total Time": 632.516,
                      "Actual Rows": 3447243,
                      "Actual Loops": 7,
                      "Filter": "((person_id < 3130021) AND (role_id < 4))",
                      "Rows Removed by Filter": 1730521
                    },
                    {
                      "Node Type": "Hash",
                      "Parent Relationship": "Inner",
                      "Parallel Aware": true,
                      "Startup Cost": 93331.11,
                      "Total Cost": 93331.11,
                      "Plan Rows": 1210541,
                      "Plan Width": 8,
                      "Actual Startup Time": 535.915,
                      "Actual Total Time": 536.639,
                      "Actual Rows": 511979,
                      "Actual Loops": 7,
                      "Hash Buckets": 4194304,
                      "Original Hash Buckets": 4194304,
                      "Hash Batches": 1,
                      "Original Hash Batches": 1,
                      "Peak Memory Usage": 173056,
                      "Plans": [
                        {
                          "Node Type": "Hash Join",
                          "Parent Relationship": "Outer",
                          "Parallel Aware": true,
                          "Join Type": "Inner",
                          "Startup Cost": 50453.03,
                          "Total Cost": 93331.11,
                          "Plan Rows": 1210541,
                          "Plan Width": 8,
                          "Actual Startup Time": 216.989,
                          "Actual Total Time": 393.956,
                          "Actual Rows": 511979,
                          "Actual Loops": 7,
                          "Inner Unique": true,
                          "Hash Cond": "(mk.movie_id = t.id)",
                          "Plans": [
                            {
                              "Node Type": "Seq Scan",
                              "Parent Relationship": "Outer",
                              "Parallel Aware": true,
                              "Relation Name": "movie_keyword",
                              "Alias": "mk",
                              "Startup Cost": 0.0,
                              "Total Cost": 39047.32,
                              "Plan Rows": 1459332,
                              "Plan Width": 4,
                              "Actual Startup Time": 0.018,
                              "Actual Total Time": 58.4,
                              "Actual Rows": 646276,
                              "Actual Loops": 7
                            },
                            {
                              "Node Type": "Hash",
                              "Parent Relationship": "Inner",
                              "Parallel Aware": true,
                              "Startup Cost": 43899.01,
                              "Total Cost": 43899.01,
                              "Plan Rows": 524322,
                              "Plan Width": 4,
                              "Actual Startup Time": 213.579,
                              "Actual Total Time": 213.58,
                              "Actual Rows": 300591,
                              "Actual Loops": 7,
                              "Hash Buckets": 4194304,
                              "Original Hash Buckets": 4194304,
                              "Hash Batches": 1,
                              "Original Hash Batches": 1,
                              "Peak Memory Usage": 115168,
                              "Plans": [
                                {
                                  "Node Type": "Seq Scan",
                                  "Parent Relationship": "Outer",
                                  "Parallel Aware": true,
                                  "Relation Name": "title",
                                  "Alias": "t",
                                  "Startup Cost": 0.0,
                                  "Total Cost": 43899.01,
                                  "Plan Rows": 524322,
                                  "Plan Width": 4,
                                  "Actual Startup Time": 0.039,
                                  "Actual Total Time": 74.384,
                                  "Actual Rows": 300591,
                                  "Actual Loops": 7,
                                  "Filter": "(production_year > 1968)",
                                  "Rows Removed by Filter": 60596
                                }
                              ]
                            }
                          ]
                        }
                      ]
                    }
                  ]
                }
              ]
            }
          ]
        }
      ]
    },
    "Planning Time": 0.36,
    "Triggers": [],
    "Execution Time": 3852.733
  }
]