{
  "Plan": {
    "Node Type": "Aggregate",
    "Strategy": "Plain",
    "Partial Mode": "Finalize",
    "Parallel Aware": false,
    "Startup Cost": 1075480.68,
    "Total Cost": 1075480.69,
    "Plan Rows": 1,
    "Plan Width": 8,
    "Actual Startup Time": 6642.822,
    "Actual Total Time": 6747.505,
    "Actual Rows": 1,
    "Actual Loops": 1,
    "Plans": [
      {
        "Node Type": "Gather",
        "Parent Relationship": "Outer",
        "Parallel Aware": false,
        "Startup Cost": 1075480.57,
        "Total Cost": 1075480.68,
        "Plan Rows": 1,
        "Plan Width": 8,
        "Actual Startup Time": 6636.309,
        "Actual Total Time": 6747.488,
        "Actual Rows": 2,
        "Actual Loops": 1,
        "Workers Planned": 1,
        "Workers Launched": 1,
        "Single Copy": false,
        "Plans": [
          {
            "Node Type": "Aggregate",
            "Strategy": "Plain",
            "Partial Mode": "Partial",
            "Parent Relationship": "Outer",
            "Parallel Aware": false,
            "Startup Cost": 1074480.57,
            "Total Cost": 1074480.58,
            "Plan Rows": 1,
            "Plan Width": 8,
            "Actual Startup Time": 6624.53,
            "Actual Total Time": 6624.713,
            "Actual Rows": 1,
            "Actual Loops": 2,
            "Plans": [
              {
                "Node Type": "Hash Join",
                "Parent Relationship": "Outer",
                "Parallel Aware": true,
                "Join Type": "Inner",
                "Startup Cost": 681779.71,
                "Total Cost": 1054303.44,
                "Plan Rows": 8070851,
                "Plan Width": 0,
                "Actual Startup Time": 3805.19,
                "Actual Total Time": 6474.833,
                "Actual Rows": 3726448,
                "Actual Loops": 2,
                "Inner Unique": false,
                "Hash Cond": "(mi.movie_id = t.id)",
                "Plans": [
                  {
                    "Node Type": "Seq Scan",
                    "Parent Relationship": "Outer",
                    "Parallel Aware": true,
                    "Relation Name": "movie_info",
                    "Alias": "mi",
                    "Startup Cost": 0.0,
                    "Total Cost": 248955.74,
                    "Plan Rows": 8696274,
                    "Plan Width": 4,
                    "Actual Startup Time": 0.017,
                    "Actual Total Time": 629.668,
                    "Actual Rows": 7417860,
                    "Actual Loops": 2
                  },
                  {
                    "Node Type": "Hash",
                    "Parent Relationship": "Inner",
                    "Parallel Aware": true,
                    "Startup Cost": 664526.31,
                    "Total Cost": 664526.31,
                    "Plan Rows": 1380272,
                    "Plan Width": 8,
                    "Actual Startup Time": 3781.918,
                    "Actual Total Time": 3782.099,
                    "Actual Rows": 1130931,
                    "Actual Loops": 2,
                    "Hash Buckets": 4194304,
                    "Original Hash Buckets": 4194304,
                    "Hash Batches": 1,
                    "Original Hash Batches": 1,
                    "Peak Memory Usage": 121280,
                    "Plans": [
                      {
                        "Node Type": "Hash Join",
                        "Parent Relationship": "Outer",
                        "Parallel Aware": true,
                        "Join Type": "Inner",
                        "Startup Cost": 60427.78,
                        "Total Cost": 664526.31,
                        "Plan Rows": 1380272,
                        "Plan Width": 8,
                        "Actual Startup Time": 466.132,
                        "Actual Total Time": 3417.179,
                        "Actual Rows": 1130931,
                        "Actual Loops": 2,
                        "Inner Unique": true,
                        "Hash Cond": "(ci.movie_id = t.id)",
                        "Plans": [
                          {
                            "Node Type": "Seq Scan",
                            "Parent Relationship": "Outer",
                            "Parallel Aware": true,
                            "Relation Name": "cast_info",
                            "Alias": "ci",
                            "Startup Cost": 0.0,
                            "Total Cost": 572345.93,
                            "Plan Rows": 12096208,
                            "Plan Width": 4,
                            "Actual Startup Time": 285.984,
                            "Actual Total Time": 1791.173,
                            "Actual Rows": 9730814,
                            "Actual Loops": 2,
                            "Filter": "((person_id > 1020661) AND (role_id < 8))",
                            "Rows Removed by Filter": 8391358
                          },
                          {
                            "Node Type": "Hash",
                            "Parent Relationship": "Inner",
                            "Parallel Aware": true,
                            "Startup Cost": 58306.47,
                            "Total Cost": 58306.47,
                            "Plan Rows": 169705,
                            "Plan Width": 4,
                            "Actual Startup Time": 178.538,
                            "Actual Total Time": 178.539,
                            "Actual Rows": 146337,
                            "Actual Loops": 2,
                            "Hash Buckets": 524288,
                            "Original Hash Buckets": 524288,
                            "Hash Batches": 1,
                            "Original Hash Batches": 1,
                            "Peak Memory Usage": 15584,
                            "Plans": [
                              {
                                "Node Type": "Seq Scan",
                                "Parent Relationship": "Outer",
                                "Parallel Aware": true,
                                "Relation Name": "title",
                                "Alias": "t",
                                "Startup Cost": 0.0,
                                "Total Cost": 58306.47,
                                "Plan Rows": 169705,
                                "Plan Width": 4,
                                "Actual Startup Time": 0.025,
                                "Actual Total Time": 140.529,
                                "Actual Rows": 146337,
                                "Actual Loops": 2,
                                "Filter": "((kind_id > 1) AND (production_year > 2010))",
                                "Rows Removed by Filter": 1117819
                              }
                            ]
                          }
                        ]
                      }
                    ]
                  }
                ]
              }
            ]
          }
        ]
      }
    ]
  },
  "Planning Time": 1.038,
  "Triggers": [],
  "Execution Time": 6747.659
}