[
  {
    "Plan": {
      "Node Type": "Aggregate",
      "Strategy": "Plain",
      "Partial Mode": "Finalize",
      "Parallel Aware": false,
      "Startup Cost": 44872.6,
      "Total Cost": 44872.61,
      "Plan Rows": 1,
      "Plan Width": 8,
      "Actual Startup Time": 117.895,
      "Actual Total Time": 128.213,
      "Actual Rows": 1,
      "Actual Loops": 1,
      "Plans": [
        {
          "Node Type": "Gather",
          "Parent Relationship": "Outer",
          "Parallel Aware": false,
          "Startup Cost": 44872.29,
          "Total Cost": 44872.6,
          "Plan Rows": 3,
          "Plan Width": 8,
          "Actual Startup Time": 117.757,
          "Actual Total Time": 128.201,
          "Actual Rows": 4,
          "Actual Loops": 1,
          "Workers Planned": 3,
          "Workers Launched": 3,
          "Single Copy": false,
          "Plans": [
            {
              "Node Type": "Aggregate",
              "Strategy": "Plain",
              "Partial Mode": "Partial",
              "Parent Relationship": "Outer",
              "Parallel Aware": false,
              "Startup Cost": 43872.29,
              "Total Cost": 43872.3,
              "Plan Rows": 1,
              "Plan Width": 8,
              "Actual Startup Time": 114.277,
              "Actual Total Time": 114.278,
              "Actual Rows": 1,
              "Actual Loops": 4,
              "Plans": [
                {
                  "Node Type": "Seq Scan",
                  "Parent Relationship": "Outer",
                  "Parallel Aware": true,
                  "Relation Name": "movie_keyword",
                  "Alias": "mk",
                  "Startup Cost": 0.0,
                  "Total Cost": 42695.65,
                  "Plan Rows": 470653,
                  "Plan Width": 0,
                  "Actual Startup Time": 1.071,
                  "Actual Total Time": 98.539,
                  "Actual Rows": 363426,
                  "Actual Loops": 4,
                  "Filter": "(keyword_id > 11479)",
                  "Rows Removed by Filter": 767557
                }
              ]
            }
          ]
        }
      ]
    },
    "Planning Time": 0.119,
    "Triggers": [],
    "Execution Time": 128.252
  }
]