[
  {
    "Plan": {
      "Node Type": "Aggregate",
      "Strategy": "Plain",
      "Partial Mode": "Finalize",
      "Parallel Aware": false,
      "Startup Cost": 94935.33,
      "Total Cost": 94935.34,
      "Plan Rows": 1,
      "Plan Width": 8,
      "Actual Startup Time": 485.94,
      "Actual Total Time": 506.336,
      "Actual Rows": 1,
      "Actual Loops": 1,
      "Plans": [
        {
          "Node Type": "Gather",
          "Parent Relationship": "Outer",
          "Parallel Aware": false,
          "Startup Cost": 94935.01,
          "Total Cost": 94935.32,
          "Plan Rows": 3,
          "Plan Width": 8,
          "Actual Startup Time": 482.568,
          "Actual Total Time": 506.325,
          "Actual Rows": 4,
          "Actual Loops": 1,
          "Workers Planned": 3,
          "Workers Launched": 3,
          "Single Copy": false,
          "Plans": [
            {
              "Node Type": "Aggregate",
              "Strategy": "Plain",
              "Partial Mode": "Partial",
              "Parent Relationship": "Outer",
              "Parallel Aware": false,
              "Startup Cost": 93935.01,
              "Total Cost": 93935.02,
              "Plan Rows": 1,
              "Plan Width": 8,
              "Actual Startup Time": 475.155,
              "Actual Total Time": 475.167,
              "Actual Rows": 1,
              "Actual Loops": 4,
              "Plans": [
                {
                  "Node Type": "Hash Join",
                  "Parent Relationship": "Outer",
                  "Parallel Aware": true,
                  "Join Type": "Inner",
                  "Startup Cost": 46982.15,
                  "Total Cost": 92781.66,
                  "Plan Rows": 461341,
                  "Plan Width": 0,
                  "Actual Startup Time": 192.398,
                  "Actual Total Time": 443.306,
                  "Actual Rows": 780794,
                  "Actual Loops": 4,
                  "Inner Unique": true,
                  "Hash Cond": "(mk.movie_id = t.id)",
                  "Plans": [
                    {
                      "Node Type": "Seq Scan",
                      "Parent Relationship": "Outer",
                      "Parallel Aware": true,
                      "Relation Name": "movie_keyword",
                      "Alias": "mk",
                      "Startup Cost": 0.0,
                      "Total Cost": 42695.65,
                      "Plan Rows": 1182422,
                      "Plan Width": 4,
                      "Actual Startup Time": 0.057,
                      "Actual Total Time": 110.855,
                      "Actual Rows": 916130,
                      "Actual Loops": 4,
                      "Filter": "(keyword_id > 816)",
                      "Rows Removed by Filter": 214853
                    },
                    {
                      "Node Type": "Hash",
                      "Parent Relationship": "Inner",
                      "Parallel Aware": true,
                      "Startup Cost": 43899.32,
                      "Total Cost": 43899.32,
                      "Plan Rows": 246626,
                      "Plan Width": 4,
                      "Actual Startup Time": 187.45,
                      "Actual Total Time": 187.452,
                      "Actual Rows": 246262,
                      "Actual Loops": 4,
                      "Hash Buckets": 1048576,
                      "Original Hash Buckets": 1048576,
                      "Hash Batches": 1,
                      "Original Hash Batches": 1,
                      "Peak Memory Usage": 46784,
                      "Plans": [
                        {
                          "Node Type": "Seq Scan",
                          "Parent Relationship": "Outer",
                          "Parallel Aware": true,
                          "Relation Name": "title",
                          "Alias": "t",
                          "Startup Cost": 0.0,
                          "Total Cost": 43899.32,
                          "Plan Rows": 246626,
                          "Plan Width": 4,
                          "Actual Startup Time": 0.027,
                          "Actual Total Time": 100.877,
                          "Actual Rows": 246262,
                          "Actual Loops": 4,
                          "Filter": "(kind_id < 7)",
                          "Rows Removed by Filter": 385816
                        }
                      ]
                    }
                  ]
                }
              ]
            }
          ]
        }
      ]
    },
    "Planning Time": 0.472,
    "Triggers": [],
    "Execution Time": 506.4
  }
]