[
  {
    "Plan": {
      "Node Type": "Aggregate",
      "Strategy": "Plain",
      "Partial Mode": "Finalize",
      "Parallel Aware": false,
      "Startup Cost": 46709.21,
      "Total Cost": 46709.22,
      "Plan Rows": 1,
      "Plan Width": 8,
      "Actual Startup Time": 172.528,
      "Actual Total Time": 182.025,
      "Actual Rows": 1,
      "Actual Loops": 1,
      "Plans": [
        {
          "Node Type": "Gather",
          "Parent Relationship": "Outer",
          "Parallel Aware": false,
          "Startup Cost": 46708.89,
          "Total Cost": 46709.2,
          "Plan Rows": 3,
          "Plan Width": 8,
          "Actual Startup Time": 172.402,
          "Actual Total Time": 182.017,
          "Actual Rows": 4,
          "Actual Loops": 1,
          "Workers Planned": 3,
          "Workers Launched": 3,
          "Single Copy": false,
          "Plans": [
            {
              "Node Type": "Aggregate",
              "Strategy": "Plain",
              "Partial Mode": "Partial",
              "Parent Relationship": "Outer",
              "Parallel Aware": false,
              "Startup Cost": 45708.89,
              "Total Cost": 45708.9,
              "Plan Rows": 1,
              "Plan Width": 8,
              "Actual Startup Time": 163.831,
              "Actual Total Time": 163.832,
              "Actual Rows": 1,
              "Actual Loops": 4,
              "Plans": [
                {
                  "Node Type": "Seq Scan",
                  "Parent Relationship": "Outer",
                  "Parallel Aware": true,
                  "Relation Name": "movie_keyword",
                  "Alias": "mk",
                  "Startup Cost": 0.0,
                  "Total Cost": 42695.65,
                  "Plan Rows": 1205294,
                  "Plan Width": 0,
                  "Actual Startup Time": 0.056,
                  "Actual Total Time": 122.383,
                  "Actual Rows": 936167,
                  "Actual Loops": 4,
                  "Filter": "(keyword_id < 24185)",
                  "Rows Removed by Filter": 194816
                }
              ]
            }
          ]
        }
      ]
    },
    "Planning Time": 0.202,
    "Triggers": [],
    "Execution Time": 182.075
  }
]