[
  {
    "Plan": {
      "Node Type": "Aggregate",
      "Strategy": "Plain",
      "Partial Mode": "Finalize",
      "Parallel Aware": false,
      "Startup Cost": 187035.83,
      "Total Cost": 187035.84,
      "Plan Rows": 1,
      "Plan Width": 8,
      "Actual Startup Time": 744.663,
      "Actual Total Time": 825.945,
      "Actual Rows": 1,
      "Actual Loops": 1,
      "Plans": [
        {
          "Node Type": "Gather",
          "Parent Relationship": "Outer",
          "Parallel Aware": false,
          "Startup Cost": 187035.51,
          "Total Cost": 187035.82,
          "Plan Rows": 3,
          "Plan Width": 8,
          "Actual Startup Time": 741.479,
          "Actual Total Time": 825.933,
          "Actual Rows": 4,
          "Actual Loops": 1,
          "Workers Planned": 3,
          "Workers Launched": 3,
          "Single Copy": false,
          "Plans": [
            {
              "Node Type": "Aggregate",
              "Strategy": "Plain",
              "Partial Mode": "Partial",
              "Parent Relationship": "Outer",
              "Parallel Aware": false,
              "Startup Cost": 186035.51,
              "Total Cost": 186035.52,
              "Plan Rows": 1,
              "Plan Width": 8,
              "Actual Startup Time": 734.537,
              "Actual Total Time": 734.542,
              "Actual Rows": 1,
              "Actual Loops": 4,
              "Plans": [
                {
                  "Node Type": "Nested Loop",
                  "Parent Relationship": "Outer",
                  "Parallel Aware": false,
                  "Join Type": "Inner",
                  "Startup Cost": 46713.18,
                  "Total Cost": 185767.45,
                  "Plan Rows": 107223,
                  "Plan Width": 0,
                  "Actual Startup Time": 162.701,
                  "Actual Total Time": 727.086,
                  "Actual Rows": 127319,
                  "Actual Loops": 4,
                  "Inner Unique": false,
                  "Join Filter": "(t.id = ci.movie_id)",
                  "Rows Removed by Join Filter": 0,
                  "Plans": [
                    {
                      "Node Type": "Hash Join",
                      "Parent Relationship": "Outer",
                      "Parallel Aware": true,
                      "Join Type": "Inner",
                      "Startup Cost": 46712.61,
                      "Total Cost": 78486.47,
                      "Plan Rows": 21345,
                      "Plan Width": 8,
                      "Actual Startup Time": 162.596,
                      "Actual Total Time": 228.973,
                      "Actual Rows": 11068,
                      "Actual Loops": 4,
                      "Inner Unique": true,
                      "Hash Cond": "(mc.movie_id = t.id)",
                      "Plans": [
                        {
                          "Node Type": "Seq Scan",
                          "Parent Relationship": "Outer",
                          "Parallel Aware": true,
                          "Relation Name": "movie_companies",
                          "Alias": "mc",
                          "Startup Cost": 0.0,
                          "Total Cost": 31414.82,
                          "Plan Rows": 136778,
                          "Plan Width": 4,
                          "Actual Startup Time": 11.678,
                          "Actual Total Time": 62.285,
                          "Actual Rows": 24627,
                          "Actual Loops": 4,
                          "Filter": "((company_id > 24548) AND (company_type_id = 1))",
                          "Rows Removed by Filter": 627656
                        },
                        {
                          "Node Type": "Hash",
                          "Parent Relationship": "Inner",
                          "Parallel Aware": true,
                          "Startup Cost": 45479.59,
                          "Total Cost": 45479.59,
                          "Plan Rows": 98642,
                          "Plan Width": 4,
                          "Actual Startup Time": 147.943,
                          "Actual Total Time": 147.945,
                          "Actual Rows": 125153,
                          "Actual Loops": 4,
                          "Hash Buckets": 524288,
                          "Original Hash Buckets": 524288,
                          "Hash Batches": 1,
                          "Original Hash Batches": 1,
                          "Peak Memory Usage": 23744,
                          "Plans": [
                            {
                              "Node Type": "Seq Scan",
                              "Parent Relationship": "Outer",
                              "Parallel Aware": true,
                              "Relation Name": "title",
                              "Alias": "t",
                              "Startup Cost": 0.0,
                              "Total Cost": 45479.59,
                              "Plan Rows": 98642,
                              "Plan Width": 4,
                              "Actual Startup Time": 0.061,
                              "Actual Total Time": 103.591,
                              "Actual Rows": 125153,
                              "Actual Loops": 4,
                              "Filter": "((kind_id < 7) AND (production_year < 2000))",
                              "Rows Removed by Filter": 506925
                            }
                          ]
                        }
                      ]
                    },
                    {
                      "Node Type": "Index Scan",
                      "Parent Relationship": "Inner",
                      "Parallel Aware": false,
                      "Scan Direction": "Forward",
                      "Index Name": "movie_id_cast_info",
                      "Relation Name": "cast_info",
                      "Alias": "ci",
                      "Startup Cost": 0.56,
                      "Total Cost": 4.88,
                      "Plan Rows": 12,
                      "Plan Width": 4,
                      "Actual Startup Time": 0.007,
                      "Actual Total Time": 0.044,
                      "Actual Rows": 12,
                      "Actual Loops": 44270,
                      "Index Cond": "(movie_id = mc.movie_id)",
                      "Rows Removed by Index Recheck": 0,
                      "Filter": "(role_id = 1)",
                      "Rows Removed by Filter": 15
                    }
                  ]
                }
              ]
            }
          ]
        }
      ]
    },
    "Planning Time": 0.842,
    "Triggers": [],
    "Execution Time": 826.068
  }
]