[
  {
    "Plan": {
      "Node Type": "Aggregate",
      "Strategy": "Plain",
      "Partial Mode": "Finalize",
      "Parallel Aware": false,
      "Startup Cost": 421981.01,
      "Total Cost": 421981.02,
      "Plan Rows": 1,
      "Plan Width": 8,
      "Actual Startup Time": 2403.169,
      "Actual Total Time": 2477.606,
      "Actual Rows": 1,
      "Actual Loops": 1,
      "Plans": [
        {
          "Node Type": "Gather",
          "Parent Relationship": "Outer",
          "Parallel Aware": false,
          "Startup Cost": 421980.39,
          "Total Cost": 421981.0,
          "Plan Rows": 6,
          "Plan Width": 8,
          "Actual Startup Time": 2396.943,
          "Actual Total Time": 2477.592,
          "Actual Rows": 7,
          "Actual Loops": 1,
          "Workers Planned": 6,
          "Workers Launched": 6,
          "Single Copy": false,
          "Plans": [
            {
              "Node Type": "Aggregate",
              "Strategy": "Plain",
              "Partial Mode": "Partial",
              "Parent Relationship": "Outer",
              "Parallel Aware": false,
              "Startup Cost": 420980.39,
              "Total Cost": 420980.4,
              "Plan Rows": 1,
              "Plan Width": 8,
              "Actual Startup Time": 2388.9,
              "Actual Total Time": 2389.005,
              "Actual Rows": 1,
              "Actual Loops": 7,
              "Plans": [
                {
                  "Node Type": "Hash Join",
                  "Parent Relationship": "Outer",
                  "Parallel Aware": true,
                  "Join Type": "Inner",
                  "Startup Cost": 79849.97,
                  "Total Cost": 418637.23,
                  "Plan Rows": 937261,
                  "Plan Width": 0,
                  "Actual Startup Time": 278.861,
                  "Actual Total Time": 2221.404,
                  "Actual Rows": 3091142,
                  "Actual Loops": 7,
                  "Inner Unique": false,
                  "Hash Cond": "(ci.movie_id = t.id)",
                  "Plans": [
                    {
                      "Node Type": "Seq Scan",
                      "Parent Relationship": "Outer",
                      "Parallel Aware": true,
                      "Relation Name": "cast_info",
                      "Alias": "ci",
                      "Startup Cost": 0.0,
                      "Total Cost": 313106.51,
                      "Plan Rows": 6041951,
                      "Plan Width": 4,
                      "Actual Startup Time": 0.039,
                      "Actual Total Time": 647.864,
                      "Actual Rows": 5177763,
                      "Actual Loops": 7
                    },
                    {
                      "Node Type": "Hash",
                      "Parent Relationship": "Inner",
                      "Parallel Aware": true,
                      "Startup Cost": 78268.42,
                      "Total Cost": 78268.42,
                      "Plan Rows": 126524,
                      "Plan Width": 8,
                      "Actual Startup Time": 276.953,
                      "Actual Total Time": 277.057,
                      "Actual Rows": 71770,
                      "Actual Loops": 7,
                      "Hash Buckets": 524288,
                      "Original Hash Buckets": 524288,
                      "Hash Batches": 1,
                      "Original Hash Batches": 1,
                      "Peak Memory Usage": 23840,
                      "Plans": [
                        {
                          "Node Type": "Hash Join",
                          "Parent Relationship": "Outer",
                          "Parallel Aware": true,
                          "Join Type": "Inner",
                          "Startup Cost": 47851.26,
                          "Total Cost": 78268.42,
                          "Plan Rows": 126524,
                          "Plan Width": 8,
                          "Actual Startup Time": 142.406,
                          "Actual Total Time": 250.339,
                          "Actual Rows": 71770,
                          "Actual Loops": 7,
                          "Inner Unique": true,
                          "Hash Cond": "(mc.movie_id = t.id)",
                          "Plans": [
                            {
                              "Node Type": "Seq Scan",
                              "Parent Relationship": "Outer",
                              "Parallel Aware": true,
                              "Relation Name": "movie_companies",
                              "Alias": "mc",
                              "Startup Cost": 0.0,
                              "Total Cost": 29310.68,
                              "Plan Rows": 421517,
                              "Plan Width": 4,
                              "Actual Startup Time": 0.043,
                              "Actual Total Time": 55.191,
                              "Actual Rows": 188256,
                              "Actual Loops": 7,
                              "Filter": "(company_id < 11373)",
                              "Rows Removed by Filter": 184477
                            },
                            {
                              "Node Type": "Hash",
                              "Parent Relationship": "Inner",
                              "Parallel Aware": true,
                              "Startup Cost": 45479.59,
                              "Total Cost": 45479.59,
                              "Plan Rows": 189734,
                              "Plan Width": 4,
                              "Actual Startup Time": 140.889,
                              "Actual Total Time": 140.89,
                              "Actual Rows": 94836,
                              "Actual Loops": 7,
                              "Hash Buckets": 1048576,
                              "Original Hash Buckets": 1048576,
                              "Hash Batches": 1,
                              "Original Hash Batches": 1,
                              "Peak Memory Usage": 34272,
                              "Plans": [
                                {
                                  "Node Type": "Seq Scan",
                                  "Parent Relationship": "Outer",
                                  "Parallel Aware": true,
                                  "Relation Name": "title",
                                  "Alias": "t",
                                  "Startup Cost": 0.0,
                                  "Total Cost": 45479.59,
                                  "Plan Rows": 189734,
                                  "Plan Width": 4,
                                  "Actual Startup Time": 0.032,
                                  "Actual Total Time": 88.994,
                                  "Actual Rows": 94836,
                                  "Actual Loops": 7,
                                  "Filter": "((kind_id < 7) AND (production_year > 1980))",
                                  "Rows Removed by Filter": 266352
                                }
                              ]
                            }
                          ]
                        }
                      ]
                    }
                  ]
                }
              ]
            }
          ]
        }
      ]
    },
    "Planning Time": 0.647,
    "Triggers": [],
    "Execution Time": 2477.669
  }
]