[
  {
    "Plan": {
      "Node Type": "Aggregate",
      "Strategy": "Plain",
      "Partial Mode": "Finalize",
      "Parallel Aware": false,
      "Startup Cost": 239875.1,
      "Total Cost": 239875.11,
      "Plan Rows": 1,
      "Plan Width": 8,
      "Actual Startup Time": 461.717,
      "Actual Total Time": 479.828,
      "Actual Rows": 1,
      "Actual Loops": 1,
      "Plans": [
        {
          "Node Type": "Gather",
          "Parent Relationship": "Outer",
          "Parallel Aware": false,
          "Startup Cost": 239874.58,
          "Total Cost": 239875.09,
          "Plan Rows": 5,
          "Plan Width": 8,
          "Actual Startup Time": 447.502,
          "Actual Total Time": 479.816,
          "Actual Rows": 6,
          "Actual Loops": 1,
          "Workers Planned": 5,
          "Workers Launched": 5,
          "Single Copy": false,
          "Plans": [
            {
              "Node Type": "Aggregate",
              "Strategy": "Plain",
              "Partial Mode": "Partial",
              "Parent Relationship": "Outer",
              "Parallel Aware": false,
              "Startup Cost": 238874.58,
              "Total Cost": 238874.59,
              "Plan Rows": 1,
              "Plan Width": 8,
              "Actual Startup Time": 433.949,
              "Actual Total Time": 433.954,
              "Actual Rows": 1,
              "Actual Loops": 6,
              "Plans": [
                {
                  "Node Type": "Hash Join",
                  "Parent Relationship": "Outer",
                  "Parallel Aware": true,
                  "Join Type": "Inner",
                  "Startup Cost": 72502.36,
                  "Total Cost": 238471.34,
                  "Plan Rows": 161298,
                  "Plan Width": 0,
                  "Actual Startup Time": 287.871,
                  "Actual Total Time": 424.857,
                  "Actual Rows": 149421,
                  "Actual Loops": 6,
                  "Inner Unique": true,
                  "Hash Cond": "(mi.movie_id = t.id)",
                  "Plans": [
                    {
                      "Node Type": "Bitmap Heap Scan",
                      "Parent Relationship": "Outer",
                      "Parallel Aware": true,
                      "Relation Name": "movie_info",
                      "Alias": "mi",
                      "Startup Cost": 23754.83,
                      "Total Cost": 189033.77,
                      "Plan Rows": 262875,
                      "Plan Width": 4,
                      "Actual Startup Time": 41.455,
                      "Actual Total Time": 76.384,
                      "Actual Rows": 214821,
                      "Actual Loops": 6,
                      "Recheck Cond": "(info_type_id = 2)",
                      "Rows Removed by Index Recheck": 0,
                      "Exact Heap Blocks": 1870,
                      "Lossy Heap Blocks": 0,
                      "Plans": [
                        {
                          "Node Type": "Bitmap Index Scan",
                          "Parent Relationship": "Outer",
                          "Parallel Aware": false,
                          "Index Name": "info_type_id_movie_info",
                          "Startup Cost": 0.0,
                          "Total Cost": 23426.24,
                          "Plan Rows": 1314374,
                          "Plan Width": 0,
                          "Actual Startup Time": 40.052,
                          "Actual Total Time": 40.052,
                          "Actual Rows": 1288928,
                          "Actual Loops": 1,
                          "Index Cond": "(info_type_id = 2)"
                        }
                      ]
                    },
                    {
                      "Node Type": "Hash",
                      "Parent Relationship": "Inner",
                      "Parallel Aware": true,
                      "Startup Cost": 43899.32,
                      "Total Cost": 43899.32,
                      "Plan Rows": 387856,
                      "Plan Width": 4,
                      "Actual Startup Time": 241.29,
                      "Actual Total Time": 241.291,
                      "Actual Rows": 258621,
                      "Actual Loops": 6,
                      "Hash Buckets": 2097152,
                      "Original Hash Buckets": 2097152,
                      "Hash Batches": 1,
                      "Original Hash Batches": 1,
                      "Peak Memory Usage": 77184,
                      "Plans": [
                        {
                          "Node Type": "Seq Scan",
                          "Parent Relationship": "Outer",
                          "Parallel Aware": true,
                          "Relation Name": "title",
                          "Alias": "t",
                          "Startup Cost": 0.0,
                          "Total Cost": 43899.32,
                          "Plan Rows": 387856,
                          "Plan Width": 4,
                          "Actual Startup Time": 0.042,
                          "Actual Total Time": 105.699,
                          "Actual Rows": 258621,
                          "Actual Loops": 6,
                          "Filter": "(production_year < 2007)",
                          "Rows Removed by Filter": 162764
                        }
                      ]
                    }
                  ]
                }
              ]
            }
          ]
        }
      ]
    },
    "Planning Time": 0.45,
    "Triggers": [],
    "Execution Time": 479.895
  }
]