[
  {
    "Plan": {
      "Node Type": "Aggregate",
      "Strategy": "Plain",
      "Partial Mode": "Finalize",
      "Parallel Aware": false,
      "Startup Cost": 45837.45,
      "Total Cost": 45837.46,
      "Plan Rows": 1,
      "Plan Width": 8,
      "Actual Startup Time": 168.889,
      "Actual Total Time": 175.997,
      "Actual Rows": 1,
      "Actual Loops": 1,
      "Plans": [
        {
          "Node Type": "Gather",
          "Parent Relationship": "Outer",
          "Parallel Aware": false,
          "Startup Cost": 45837.13,
          "Total Cost": 45837.44,
          "Plan Rows": 3,
          "Plan Width": 8,
          "Actual Startup Time": 168.743,
          "Actual Total Time": 175.989,
          "Actual Rows": 4,
          "Actual Loops": 1,
          "Workers Planned": 3,
          "Workers Launched": 3,
          "Single Copy": false,
          "Plans": [
            {
              "Node Type": "Aggregate",
              "Strategy": "Plain",
              "Partial Mode": "Partial",
              "Parent Relationship": "Outer",
              "Parallel Aware": false,
              "Startup Cost": 44837.13,
              "Total Cost": 44837.14,
              "Plan Rows": 1,
              "Plan Width": 8,
              "Actual Startup Time": 162.227,
              "Actual Total Time": 162.228,
              "Actual Rows": 1,
              "Actual Loops": 4,
              "Plans": [
                {
                  "Node Type": "Seq Scan",
                  "Parent Relationship": "Outer",
                  "Parallel Aware": true,
                  "Relation Name": "movie_keyword",
                  "Alias": "mk",
                  "Startup Cost": 0.0,
                  "Total Cost": 42695.65,
                  "Plan Rows": 856590,
                  "Plan Width": 0,
                  "Actual Startup Time": 0.237,
                  "Actual Total Time": 127.918,
                  "Actual Rows": 663546,
                  "Actual Loops": 4,
                  "Filter": "(keyword_id > 3154)",
                  "Rows Removed by Filter": 467436
                }
              ]
            }
          ]
        }
      ]
    },
    "Planning Time": 0.109,
    "Triggers": [],
    "Execution Time": 176.033
  }
]