[
  {
    "Plan": {
      "Node Type": "Aggregate",
      "Strategy": "Plain",
      "Partial Mode": "Simple",
      "Parallel Aware": false,
      "Startup Cost": 39127.18,
      "Total Cost": 39127.19,
      "Plan Rows": 1,
      "Plan Width": 8,
      "Actual Startup Time": 75.36,
      "Actual Total Time": 75.361,
      "Actual Rows": 1,
      "Actual Loops": 1,
      "Plans": [
        {
          "Node Type": "Bitmap Heap Scan",
          "Parent Relationship": "Outer",
          "Parallel Aware": false,
          "Relation Name": "title",
          "Alias": "t",
          "Startup Cost": 1630.39,
          "Total Cost": 38988.61,
          "Plan Rows": 55427,
          "Plan Width": 0,
          "Actual Startup Time": 24.857,
          "Actual Total Time": 72.273,
          "Actual Rows": 60828,
          "Actual Loops": 1,
          "Recheck Cond": "(kind_id = 2)",
          "Rows Removed by Index Recheck": 0,
          "Filter": "(production_year < 2007)",
          "Rows Removed by Filter": 30024,
          "Exact Heap Blocks": 23872,
          "Lossy Heap Blocks": 0,
          "Plans": [
            {
              "Node Type": "Bitmap Index Scan",
              "Parent Relationship": "Outer",
              "Parallel Aware": false,
              "Index Name": "kind_id_title",
              "Startup Cost": 0.0,
              "Total Cost": 1616.54,
              "Plan Rows": 90681,
              "Plan Width": 0,
              "Actual Startup Time": 17.67,
              "Actual Total Time": 17.671,
              "Actual Rows": 90852,
              "Actual Loops": 1,
              "Index Cond": "(kind_id = 2)"
            }
          ]
        }
      ]
    },
    "Planning Time": 0.189,
    "Triggers": [],
    "Execution Time": 75.425
  }
]