{
  "Plan": {
    "Node Type": "Aggregate",
    "Strategy": "Plain",
    "Partial Mode": "Finalize",
    "Parallel Aware": false,
    "Startup Cost": 695331.82,
    "Total Cost": 695331.83,
    "Plan Rows": 1,
    "Plan Width": 8,
    "Actual Startup Time": 6588.505,
    "Actual Total Time": 6661.385,
    "Actual Rows": 1,
    "Actual Loops": 1,
    "Plans": [
      {
        "Node Type": "Gather",
        "Parent Relationship": "Outer",
        "Parallel Aware": false,
        "Startup Cost": 695331.7,
        "Total Cost": 695331.81,
        "Plan Rows": 1,
        "Plan Width": 8,
        "Actual Startup Time": 6584.646,
        "Actual Total Time": 6661.373,
        "Actual Rows": 2,
        "Actual Loops": 1,
        "Workers Planned": 1,
        "Workers Launched": 1,
        "Single Copy": false,
        "Plans": [
          {
            "Node Type": "Aggregate",
            "Strategy": "Plain",
            "Partial Mode": "Partial",
            "Parent Relationship": "Outer",
            "Parallel Aware": false,
            "Startup Cost": 694331.7,
            "Total Cost": 694331.71,
            "Plan Rows": 1,
            "Plan Width": 8,
            "Actual Startup Time": 6578.584,
            "Actual Total Time": 6579.214,
            "Actual Rows": 1,
            "Actual Loops": 2,
            "Plans": [
              {
                "Node Type": "Hash Join",
                "Parent Relationship": "Outer",
                "Parallel Aware": true,
                "Join Type": "Inner",
                "Startup Cost": 123981.57,
                "Total Cost": 686982.21,
                "Plan Rows": 2939796,
                "Plan Width": 0,
                "Actual Startup Time": 592.096,
                "Actual Total Time": 5809.404,
                "Actual Rows": 19627004,
                "Actual Loops": 2,
                "Inner Unique": false,
                "Hash Cond": "(ci.movie_id = t.id)",
                "Plans": [
                  {
                    "Node Type": "Seq Scan",
                    "Parent Relationship": "Outer",
                    "Parallel Aware": true,
                    "Relation Name": "cast_info",
                    "Alias": "ci",
                    "Startup Cost": 0.0,
                    "Total Cost": 465792.95,
                    "Plan Rows": 21310595,
                    "Plan Width": 4,
                    "Actual Startup Time": 0.015,
                    "Actual Total Time": 1339.917,
                    "Actual Rows": 18122172,
                    "Actual Loops": 2
                  },
                  {
                    "Node Type": "Hash",
                    "Parent Relationship": "Inner",
                    "Parallel Aware": true,
                    "Startup Cost": 121417.02,
                    "Total Cost": 121417.02,
                    "Plan Rows": 205164,
                    "Plan Width": 8,
                    "Actual Startup Time": 586.607,
                    "Actual Total Time": 587.235,
                    "Actual Rows": 339100,
                    "Actual Loops": 2,
                    "Hash Buckets": 1048576,
                    "Original Hash Buckets": 524288,
                    "Hash Batches": 1,
                    "Original Hash Batches": 1,
                    "Peak Memory Usage": 38848,
                    "Plans": [
                      {
                        "Node Type": "Hash Join",
                        "Parent Relationship": "Outer",
                        "Parallel Aware": true,
                        "Join Type": "Inner",
                        "Startup Cost": 87304.83,
                        "Total Cost": 121417.02,
                        "Plan Rows": 205164,
                        "Plan Width": 8,
                        "Actual Startup Time": 312.263,
                        "Actual Total Time": 513.545,
                        "Actual Rows": 339100,
                        "Actual Loops": 2,
                        "Inner Unique": true,
                        "Hash Cond": "(mk.movie_id = t.id)",
                        "Plans": [
                          {
                            "Node Type": "Bitmap Heap Scan",
                            "Parent Relationship": "Outer",
                            "Parallel Aware": true,
                            "Relation Name": "movie_keyword",
                            "Alias": "mk",
                            "Startup Cost": 23025.43,
                            "Total Cost": 55461.4,
                            "Plan Rows": 638558,
                            "Plan Width": 4,
                            "Actual Startup Time": 58.931,
                            "Actual Total Time": 155.938,
                            "Actual Rows": 544118,
                            "Actual Loops": 2,
                            "Recheck Cond": "(keyword_id > 16264)",
                            "Rows Removed by Index Recheck": 0,
                            "Exact Heap Blocks": 13490,
                            "Lossy Heap Blocks": 0,
                            "Plans": [
                              {
                                "Node Type": "Bitmap Index Scan",
                                "Parent Relationship": "Outer",
                                "Parallel Aware": false,
                                "Index Name": "keyword_id_movie_keyword",
                                "Startup Cost": 0.0,
                                "Total Cost": 22754.04,
                                "Plan Rows": 1085548,
                                "Plan Width": 0,
                                "Actual Startup Time": 55.306,
                                "Actual Total Time": 55.307,
                                "Actual Rows": 1088237,
                                "Actual Loops": 1,
                                "Index Cond": "(keyword_id > 16264)"
                              }
                            ]
                          },
                          {
                            "Node Type": "Hash",
                            "Parent Relationship": "Inner",
                            "Parallel Aware": true,
                            "Startup Cost": 58306.47,
                            "Total Cost": 58306.47,
                            "Plan Rows": 477835,
                            "Plan Width": 4,
                            "Actual Startup Time": 246.432,
                            "Actual Total Time": 246.432,
                            "Actual Rows": 359865,
                            "Actual Loops": 2,
                            "Hash Buckets": 1048576,
                            "Original Hash Buckets": 1048576,
                            "Hash Batches": 1,
                            "Original Hash Batches": 1,
                            "Peak Memory Usage": 36384,
                            "Plans": [
                              {
                                "Node Type": "Seq Scan",
                                "Parent Relationship": "Outer",
                                "Parallel Aware": true,
                                "Relation Name": "title",
                                "Alias": "t",
                                "Startup Cost": 0.0,
                                "Total Cost": 58306.47,
                                "Plan Rows": 477835,
                                "Plan Width": 4,
                                "Actual Startup Time": 0.04,
                                "Actual Total Time": 156.763,
                                "Actual Rows": 359865,
                                "Actual Loops": 2,
                                "Filter": "((kind_id < 7) AND (production_year > 1971))",
                                "Rows Removed by Filter": 904291
                              }
                            ]
                          }
                        ]
                      }
                    ]
                  }
                ]
              }
            ]
          }
        ]
      }
    ]
  },
  "Planning Time": 0.987,
  "Triggers": [],
  "Execution Time": 6661.547
}