[
  {
    "Plan": {
      "Node Type": "Aggregate",
      "Strategy": "Plain",
      "Partial Mode": "Finalize",
      "Parallel Aware": false,
      "Startup Cost": 44689.0,
      "Total Cost": 44689.01,
      "Plan Rows": 1,
      "Plan Width": 8,
      "Actual Startup Time": 145.683,
      "Actual Total Time": 155.062,
      "Actual Rows": 1,
      "Actual Loops": 1,
      "Plans": [
        {
          "Node Type": "Gather",
          "Parent Relationship": "Outer",
          "Parallel Aware": false,
          "Startup Cost": 44688.69,
          "Total Cost": 44689.0,
          "Plan Rows": 3,
          "Plan Width": 8,
          "Actual Startup Time": 145.61,
          "Actual Total Time": 155.053,
          "Actual Rows": 4,
          "Actual Loops": 1,
          "Workers Planned": 3,
          "Workers Launched": 3,
          "Single Copy": false,
          "Plans": [
            {
              "Node Type": "Aggregate",
              "Strategy": "Plain",
              "Partial Mode": "Partial",
              "Parent Relationship": "Outer",
              "Parallel Aware": false,
              "Startup Cost": 43688.69,
              "Total Cost": 43688.7,
              "Plan Rows": 1,
              "Plan Width": 8,
              "Actual Startup Time": 139.075,
              "Actual Total Time": 139.077,
              "Actual Rows": 1,
              "Actual Loops": 4,
              "Plans": [
                {
                  "Node Type": "Seq Scan",
                  "Parent Relationship": "Outer",
                  "Parallel Aware": true,
                  "Relation Name": "movie_keyword",
                  "Alias": "mk",
                  "Startup Cost": 0.0,
                  "Total Cost": 42695.65,
                  "Plan Rows": 397213,
                  "Plan Width": 0,
                  "Actual Startup Time": 2.134,
                  "Actual Total Time": 121.306,
                  "Actual Rows": 309454,
                  "Actual Loops": 4,
                  "Filter": "(keyword_id > 14619)",
                  "Rows Removed by Filter": 821529
                }
              ]
            }
          ]
        }
      ]
    },
    "Planning Time": 0.152,
    "Triggers": [],
    "Execution Time": 155.115
  }
]