{
  "Plan": {
    "Node Type": "Aggregate",
    "Strategy": "Plain",
    "Partial Mode": "Finalize",
    "Parallel Aware": false,
    "Startup Cost": 1672303.79,
    "Total Cost": 1672303.8,
    "Plan Rows": 1,
    "Plan Width": 8,
    "Actual Startup Time": 13569.872,
    "Actual Total Time": 13697.672,
    "Actual Rows": 1,
    "Actual Loops": 1,
    "Plans": [
      {
        "Node Type": "Gather",
        "Parent Relationship": "Outer",
        "Parallel Aware": false,
        "Startup Cost": 1672303.68,
        "Total Cost": 1672303.79,
        "Plan Rows": 1,
        "Plan Width": 8,
        "Actual Startup Time": 13568.508,
        "Actual Total Time": 13697.665,
        "Actual Rows": 2,
        "Actual Loops": 1,
        "Workers Planned": 1,
        "Workers Launched": 1,
        "Single Copy": false,
        "Plans": [
          {
            "Node Type": "Aggregate",
            "Strategy": "Plain",
            "Partial Mode": "Partial",
            "Parent Relationship": "Outer",
            "Parallel Aware": false,
            "Startup Cost": 1671303.68,
            "Total Cost": 1671303.69,
            "Plan Rows": 1,
            "Plan Width": 8,
            "Actual Startup Time": 13562.419,
            "Actual Total Time": 13562.424,
            "Actual Rows": 1,
            "Actual Loops": 2,
            "Plans": [
              {
                "Node Type": "Nested Loop",
                "Parent Relationship": "Outer",
                "Parallel Aware": false,
                "Join Type": "Inner",
                "Startup Cost": 58567.38,
                "Total Cost": 1647410.11,
                "Plan Rows": 9557428,
                "Plan Width": 0,
                "Actual Startup Time": 268.91,
                "Actual Total Time": 12829.855,
                "Actual Rows": 17272780,
                "Actual Loops": 2,
                "Inner Unique": false,
                "Join Filter": "(t.id = ci.movie_id)",
                "Rows Removed by Join Filter": 0,
                "Plans": [
                  {
                    "Node Type": "Hash Join",
                    "Parent Relationship": "Outer",
                    "Parallel Aware": true,
                    "Join Type": "Inner",
                    "Startup Cost": 58566.81,
                    "Total Cost": 337444.7,
                    "Plan Rows": 666997,
                    "Plan Width": 8,
                    "Actual Startup Time": 268.836,
                    "Actual Total Time": 1582.677,
                    "Actual Rows": 618024,
                    "Actual Loops": 2,
                    "Inner Unique": true,
                    "Hash Cond": "(mi.movie_id = t.id)",
                    "Plans": [
                      {
                        "Node Type": "Seq Scan",
                        "Parent Relationship": "Outer",
                        "Parallel Aware": true,
                        "Relation Name": "movie_info",
                        "Alias": "mi",
                        "Startup Cost": 0.0,
                        "Total Cost": 270696.42,
                        "Plan Rows": 3116745,
                        "Plan Width": 4,
                        "Actual Startup Time": 33.788,
                        "Actual Total Time": 675.876,
                        "Actual Rows": 2635284,
                        "Actual Loops": 2,
                        "Filter": "(info_type_id > 15)",
                        "Rows Removed by Filter": 4782576
                      },
                      {
                        "Node Type": "Hash",
                        "Parent Relationship": "Inner",
                        "Parallel Aware": true,
                        "Startup Cost": 54588.39,
                        "Total Cost": 54588.39,
                        "Plan Rows": 318274,
                        "Plan Width": 4,
                        "Actual Startup Time": 225.715,
                        "Actual Total Time": 225.716,
                        "Actual Rows": 276480,
                        "Actual Loops": 2,
                        "Hash Buckets": 1048576,
                        "Original Hash Buckets": 1048576,
                        "Hash Batches": 1,
                        "Original Hash Batches": 1,
                        "Peak Memory Usage": 29856,
                        "Plans": [
                          {
                            "Node Type": "Seq Scan",
                            "Parent Relationship": "Outer",
                            "Parallel Aware": true,
                            "Relation Name": "title",
                            "Alias": "t",
                            "Startup Cost": 0.0,
                            "Total Cost": 54588.39,
                            "Plan Rows": 318274,
                            "Plan Width": 4,
                            "Actual Startup Time": 0.039,
                            "Actual Total Time": 148.532,
                            "Actual Rows": 276480,
                            "Actual Loops": 2,
                            "Filter": "(production_year < 1983)",
                            "Rows Removed by Filter": 987676
                          }
                        ]
                      }
                    ]
                  },
                  {
                    "Node Type": "Index Only Scan",
                    "Parent Relationship": "Inner",
                    "Parallel Aware": false,
                    "Scan Direction": "Forward",
                    "Index Name": "movie_id_cast_info",
                    "Relation Name": "cast_info",
                    "Alias": "ci",
                    "Startup Cost": 0.56,
                    "Total Cost": 1.5,
                    "Plan Rows": 37,
                    "Plan Width": 4,
                    "Actual Startup Time": 0.003,
                    "Actual Total Time": 0.016,
                    "Actual Rows": 28,
                    "Actual Loops": 1236047,
                    "Index Cond": "(movie_id = mi.movie_id)",
                    "Rows Removed by Index Recheck": 0,
                    "Heap Fetches": 34545559
                  }
                ]
              }
            ]
          }
        ]
      }
    ]
  },
  "Planning Time": 0.986,
  "Triggers": [],
  "Execution Time": 13697.795
}