[
  {
    "Plan": {
      "Node Type": "Aggregate",
      "Strategy": "Plain",
      "Partial Mode": "Finalize",
      "Parallel Aware": false,
      "Startup Cost": 45430.31,
      "Total Cost": 45430.32,
      "Plan Rows": 1,
      "Plan Width": 8,
      "Actual Startup Time": 132.971,
      "Actual Total Time": 142.656,
      "Actual Rows": 1,
      "Actual Loops": 1,
      "Plans": [
        {
          "Node Type": "Gather",
          "Parent Relationship": "Outer",
          "Parallel Aware": false,
          "Startup Cost": 45430.0,
          "Total Cost": 45430.31,
          "Plan Rows": 3,
          "Plan Width": 8,
          "Actual Startup Time": 132.818,
          "Actual Total Time": 142.646,
          "Actual Rows": 4,
          "Actual Loops": 1,
          "Workers Planned": 3,
          "Workers Launched": 3,
          "Single Copy": false,
          "Plans": [
            {
              "Node Type": "Aggregate",
              "Strategy": "Plain",
              "Partial Mode": "Partial",
              "Parent Relationship": "Outer",
              "Parallel Aware": false,
              "Startup Cost": 44430.0,
              "Total Cost": 44430.01,
              "Plan Rows": 1,
              "Plan Width": 8,
              "Actual Startup Time": 128.546,
              "Actual Total Time": 128.548,
              "Actual Rows": 1,
              "Actual Loops": 4,
              "Plans": [
                {
                  "Node Type": "Seq Scan",
                  "Parent Relationship": "Outer",
                  "Parallel Aware": true,
                  "Relation Name": "movie_keyword",
                  "Alias": "mk",
                  "Startup Cost": 0.0,
                  "Total Cost": 42695.65,
                  "Plan Rows": 693737,
                  "Plan Width": 0,
                  "Actual Startup Time": 0.034,
                  "Actual Total Time": 104.995,
                  "Actual Rows": 541169,
                  "Actual Loops": 4,
                  "Filter": "(keyword_id < 4161)",
                  "Rows Removed by Filter": 589814
                }
              ]
            }
          ]
        }
      ]
    },
    "Planning Time": 0.192,
    "Triggers": [],
    "Execution Time": 142.712
  }
]