[
  {
    "Plan": {
      "Node Type": "Aggregate",
      "Strategy": "Plain",
      "Partial Mode": "Finalize",
      "Parallel Aware": false,
      "Startup Cost": 44691.72,
      "Total Cost": 44691.73,
      "Plan Rows": 1,
      "Plan Width": 8,
      "Actual Startup Time": 131.64,
      "Actual Total Time": 141.468,
      "Actual Rows": 1,
      "Actual Loops": 1,
      "Plans": [
        {
          "Node Type": "Gather",
          "Parent Relationship": "Outer",
          "Parallel Aware": false,
          "Startup Cost": 44691.4,
          "Total Cost": 44691.71,
          "Plan Rows": 3,
          "Plan Width": 8,
          "Actual Startup Time": 131.495,
          "Actual Total Time": 141.457,
          "Actual Rows": 4,
          "Actual Loops": 1,
          "Workers Planned": 3,
          "Workers Launched": 3,
          "Single Copy": false,
          "Plans": [
            {
              "Node Type": "Aggregate",
              "Strategy": "Plain",
              "Partial Mode": "Partial",
              "Parent Relationship": "Outer",
              "Parallel Aware": false,
              "Startup Cost": 43691.4,
              "Total Cost": 43691.41,
              "Plan Rows": 1,
              "Plan Width": 8,
              "Actual Startup Time": 124.394,
              "Actual Total Time": 124.395,
              "Actual Rows": 1,
              "Actual Loops": 4,
              "Plans": [
                {
                  "Node Type": "Seq Scan",
                  "Parent Relationship": "Outer",
                  "Parallel Aware": true,
                  "Relation Name": "movie_keyword",
                  "Alias": "mk",
                  "Startup Cost": 0.0,
                  "Total Cost": 42695.65,
                  "Plan Rows": 398300,
                  "Plan Width": 0,
                  "Actual Startup Time": 0.054,
                  "Actual Total Time": 107.825,
                  "Actual Rows": 309889,
                  "Actual Loops": 4,
                  "Filter": "(keyword_id < 1578)",
                  "Rows Removed by Filter": 821094
                }
              ]
            }
          ]
        }
      ]
    },
    "Planning Time": 0.164,
    "Triggers": [],
    "Execution Time": 141.524
  }
]