{
  "Plan": {
    "Node Type": "Aggregate",
    "Strategy": "Plain",
    "Partial Mode": "Finalize",
    "Parallel Aware": false,
    "Startup Cost": 448368.8,
    "Total Cost": 448368.81,
    "Plan Rows": 1,
    "Plan Width": 8,
    "Actual Startup Time": 2771.009,
    "Actual Total Time": 2803.225,
    "Actual Rows": 1,
    "Actual Loops": 1,
    "Plans": [
      {
        "Node Type": "Gather",
        "Parent Relationship": "Outer",
        "Parallel Aware": false,
        "Startup Cost": 448368.69,
        "Total Cost": 448368.8,
        "Plan Rows": 1,
        "Plan Width": 8,
        "Actual Startup Time": 2770.793,
        "Actual Total Time": 2803.216,
        "Actual Rows": 2,
        "Actual Loops": 1,
        "Workers Planned": 1,
        "Workers Launched": 1,
        "Single Copy": false,
        "Plans": [
          {
            "Node Type": "Aggregate",
            "Strategy": "Plain",
            "Partial Mode": "Partial",
            "Parent Relationship": "Outer",
            "Parallel Aware": false,
            "Startup Cost": 447368.69,
            "Total Cost": 447368.7,
            "Plan Rows": 1,
            "Plan Width": 8,
            "Actual Startup Time": 2766.914,
            "Actual Total Time": 2766.916,
            "Actual Rows": 1,
            "Actual Loops": 2,
            "Plans": [
              {
                "Node Type": "Merge Join",
                "Parent Relationship": "Outer",
                "Parallel Aware": false,
                "Join Type": "Inner",
                "Startup Cost": 20.26,
                "Total Cost": 446029.1,
                "Plan Rows": 535834,
                "Plan Width": 0,
                "Actual Startup Time": 66.175,
                "Actual Total Time": 2745.677,
                "Actual Rows": 458244,
                "Actual Loops": 2,
                "Inner Unique": false,
                "Merge Cond": "(t.id = mc.movie_id)",
                "Plans": [
                  {
                    "Node Type": "Merge Join",
                    "Parent Relationship": "Outer",
                    "Parallel Aware": false,
                    "Join Type": "Inner",
                    "Startup Cost": 14.16,
                    "Total Cost": 293088.05,
                    "Plan Rows": 519233,
                    "Plan Width": 8,
                    "Actual Startup Time": 40.575,
                    "Actual Total Time": 1777.505,
                    "Actual Rows": 205485,
                    "Actual Loops": 2,
                    "Inner Unique": true,
                    "Merge Cond": "(mk.movie_id = t.id)",
                    "Plans": [
                      {
                        "Node Type": "Index Scan",
                        "Parent Relationship": "Outer",
                        "Parallel Aware": true,
                        "Scan Direction": "Forward",
                        "Index Name": "movie_id_movie_keyword",
                        "Relation Name": "movie_keyword",
                        "Alias": "mk",
                        "Startup Cost": 0.43,
                        "Total Cost": 165212.95,
                        "Plan Rows": 785091,
                        "Plan Width": 4,
                        "Actual Startup Time": 5.521,
                        "Actual Total Time": 352.397,
                        "Actual Rows": 671288,
                        "Actual Loops": 2,
                        "Filter": "(keyword_id > 12744)",
                        "Rows Removed by Filter": 1590677
                      },
                      {
                        "Node Type": "Index Scan",
                        "Parent Relationship": "Inner",
                        "Parallel Aware": false,
                        "Scan Direction": "Forward",
                        "Index Name": "title_pkey",
                        "Relation Name": "title",
                        "Alias": "t",
                        "Startup Cost": 0.43,
                        "Total Cost": 116660.7,
                        "Plan Rows": 1672129,
                        "Plan Width": 4,
                        "Actual Startup Time": 0.073,
                        "Actual Total Time": 1271.751,
                        "Actual Rows": 1672974,
                        "Actual Loops": 2,
                        "Filter": "(kind_id > 3)",
                        "Rows Removed by Filter": 852848
                      }
                    ]
                  },
                  {
                    "Node Type": "Index Only Scan",
                    "Parent Relationship": "Inner",
                    "Parallel Aware": false,
                    "Scan Direction": "Forward",
                    "Index Name": "movie_id_movie_companies",
                    "Relation Name": "movie_companies",
                    "Alias": "mc",
                    "Startup Cost": 0.43,
                    "Total Cost": 140059.44,
                    "Plan Rows": 2609129,
                    "Plan Width": 4,
                    "Actual Startup Time": 0.041,
                    "Actual Total Time": 771.372,
                    "Actual Rows": 2963308,
                    "Actual Loops": 2,
                    "Heap Fetches": 5926615
                  }
                ]
              }
            ]
          }
        ]
      }
    ]
  },
  "Planning Time": 0.791,
  "Triggers": [],
  "Execution Time": 2803.3
}