[
  {
    "Plan": {
      "Node Type": "Aggregate",
      "Strategy": "Plain",
      "Partial Mode": "Finalize",
      "Parallel Aware": false,
      "Startup Cost": 28826.11,
      "Total Cost": 28826.12,
      "Plan Rows": 1,
      "Plan Width": 8,
      "Actual Startup Time": 89.673,
      "Actual Total Time": 94.698,
      "Actual Rows": 1,
      "Actual Loops": 1,
      "Plans": [
        {
          "Node Type": "Gather",
          "Parent Relationship": "Outer",
          "Parallel Aware": false,
          "Startup Cost": 28825.8,
          "Total Cost": 28826.11,
          "Plan Rows": 3,
          "Plan Width": 8,
          "Actual Startup Time": 89.406,
          "Actual Total Time": 94.689,
          "Actual Rows": 4,
          "Actual Loops": 1,
          "Workers Planned": 3,
          "Workers Launched": 3,
          "Single Copy": false,
          "Plans": [
            {
              "Node Type": "Aggregate",
              "Strategy": "Plain",
              "Partial Mode": "Partial",
              "Parent Relationship": "Outer",
              "Parallel Aware": false,
              "Startup Cost": 27825.8,
              "Total Cost": 27825.81,
              "Plan Rows": 1,
              "Plan Width": 8,
              "Actual Startup Time": 83.976,
              "Actual Total Time": 83.977,
              "Actual Rows": 1,
              "Actual Loops": 4,
              "Plans": [
                {
                  "Node Type": "Bitmap Heap Scan",
                  "Parent Relationship": "Outer",
                  "Parallel Aware": true,
                  "Relation Name": "movie_companies",
                  "Alias": "mc",
                  "Startup Cost": 7386.33,
                  "Total Cost": 27550.88,
                  "Plan Rows": 109965,
                  "Plan Width": 0,
                  "Actual Startup Time": 31.634,
                  "Actual Total Time": 78.114,
                  "Actual Rows": 83614,
                  "Actual Loops": 4,
                  "Recheck Cond": "(company_id < 166)",
                  "Rows Removed by Index Recheck": 0,
                  "Exact Heap Blocks": 8476,
                  "Lossy Heap Blocks": 0,
                  "Plans": [
                    {
                      "Node Type": "Bitmap Index Scan",
                      "Parent Relationship": "Outer",
                      "Parallel Aware": false,
                      "Index Name": "company_id_movie_companies",
                      "Startup Cost": 0.0,
                      "Total Cost": 7301.1,
                      "Plan Rows": 340890,
                      "Plan Width": 0,
                      "Actual Startup Time": 33.472,
                      "Actual Total Time": 33.473,
                      "Actual Rows": 334457,
                      "Actual Loops": 1,
                      "Index Cond": "(company_id < 166)"
                    }
                  ]
                }
              ]
            }
          ]
        }
      ]
    },
    "Planning Time": 0.148,
    "Triggers": [],
    "Execution Time": 94.754
  }
]