[
    {
        "Bao": {
            "Bao prediction": "NaN",
            "Bao recommended hint": "(no hint)"
        }
    },
    {
        "Plan": {
            "Node Type": "Aggregate",
            "Strategy": "Plain",
            "Partial Mode": "Finalize",
            "Parallel Aware": false,
            "Startup Cost": 424101.69,
            "Total Cost": 424101.7,
            "Plan Rows": 1,
            "Plan Width": 8,
            "Actual Startup Time": 1391.077,
            "Actual Total Time": 1423.577,
            "Actual Rows": 1,
            "Actual Loops": 1,
            "Output": [
                "count(*)"
            ],
            "Plans": [
                {
                    "Node Type": "Gather",
                    "Parent Relationship": "Outer",
                    "Parallel Aware": false,
                    "Startup Cost": 424101.07,
                    "Total Cost": 424101.68,
                    "Plan Rows": 6,
                    "Plan Width": 8,
                    "Actual Startup Time": 1377.729,
                    "Actual Total Time": 1423.566,
                    "Actual Rows": 7,
                    "Actual Loops": 1,
                    "Output": [
                        "(PARTIAL count(*))"
                    ],
                    "Workers Planned": 6,
                    "Workers Launched": 6,
                    "Single Copy": false,
                    "Plans": [
                        {
                            "Node Type": "Aggregate",
                            "Strategy": "Plain",
                            "Partial Mode": "Partial",
                            "Parent Relationship": "Outer",
                            "Parallel Aware": false,
                            "Startup Cost": 423101.07,
                            "Total Cost": 423101.08,
                            "Plan Rows": 1,
                            "Plan Width": 8,
                            "Actual Startup Time": 1367.5,
                            "Actual Total Time": 1367.716,
                            "Actual Rows": 1,
                            "Actual Loops": 7,
                            "Output": [
                                "PARTIAL count(*)"
                            ],
                            "Workers": [
                                {
                                    "Worker Number": 0,
                                    "Actual Startup Time": 1364.735,
                                    "Actual Total Time": 1364.741,
                                    "Actual Rows": 1,
                                    "Actual Loops": 1
                                },
                                {
                                    "Worker Number": 1,
                                    "Actual Startup Time": 1365.408,
                                    "Actual Total Time": 1365.414,
                                    "Actual Rows": 1,
                                    "Actual Loops": 1
                                },
                                {
                                    "Worker Number": 2,
                                    "Actual Startup Time": 1366.872,
                                    "Actual Total Time": 1366.878,
                                    "Actual Rows": 1,
                                    "Actual Loops": 1
                                },
                                {
                                    "Worker Number": 3,
                                    "Actual Startup Time": 1365.725,
                                    "Actual Total Time": 1365.729,
                                    "Actual Rows": 1,
                                    "Actual Loops": 1
                                },
                                {
                                    "Worker Number": 4,
                                    "Actual Startup Time": 1366.079,
                                    "Actual Total Time": 1366.084,
                                    "Actual Rows": 1,
                                    "Actual Loops": 1
                                },
                                {
                                    "Worker Number": 5,
                                    "Actual Startup Time": 1366.449,
                                    "Actual Total Time": 1366.455,
                                    "Actual Rows": 1,
                                    "Actual Loops": 1
                                }
                            ],
                            "Plans": [
                                {
                                    "Node Type": "Hash Join",
                                    "Parent Relationship": "Outer",
                                    "Parallel Aware": true,
                                    "Join Type": "Inner",
                                    "Startup Cost": 68448.64,
                                    "Total Cost": 421248.16,
                                    "Plan Rows": 741163,
                                    "Plan Width": 0,
                                    "Actual Startup Time": 503.556,
                                    "Actual Total Time": 1325.256,
                                    "Actual Rows": 914075,
                                    "Actual Loops": 7,
                                    "Inner Unique": false,
                                    "Hash Cond": "(ci.movie_id = t.id)",
                                    "Workers": [
                                        {
                                            "Worker Number": 0,
                                            "Actual Startup Time": 500.972,
                                            "Actual Total Time": 1318.173,
                                            "Actual Rows": 702017,
                                            "Actual Loops": 1
                                        },
                                        {
                                            "Worker Number": 1,
                                            "Actual Startup Time": 501.682,
                                            "Actual Total Time": 1324.993,
                                            "Actual Rows": 993127,
                                            "Actual Loops": 1
                                        },
                                        {
                                            "Worker Number": 2,
                                            "Actual Startup Time": 501.711,
                                            "Actual Total Time": 1321.256,
                                            "Actual Rows": 685772,
                                            "Actual Loops": 1
                                        },
                                        {
                                            "Worker Number": 3,
                                            "Actual Startup Time": 501.991,
                                            "Actual Total Time": 1325.548,
                                            "Actual Rows": 972729,
                                            "Actual Loops": 1
                                        },
                                        {
                                            "Worker Number": 4,
                                            "Actual Startup Time": 502.311,
                                            "Actual Total Time": 1325.779,
                                            "Actual Rows": 994814,
                                            "Actual Loops": 1
                                        },
                                        {
                                            "Worker Number": 5,
                                            "Actual Startup Time": 502.69,
                                            "Actual Total Time": 1325.149,
                                            "Actual Rows": 1000308,
                                            "Actual Loops": 1
                                        }
                                    ],
                                    "Plans": [
                                        {
                                            "Node Type": "Seq Scan",
                                            "Parent Relationship": "Outer",
                                            "Parallel Aware": true,
                                            "Relation Name": "cast_info",
                                            "Schema": "public",
                                            "Alias": "ci",
                                            "Startup Cost": 0.0,
                                            "Total Cost": 343318.94,
                                            "Plan Rows": 2034049,
                                            "Plan Width": 4,
                                            "Actual Startup Time": 197.601,
                                            "Actual Total Time": 616.572,
                                            "Actual Rows": 1399919,
                                            "Actual Loops": 7,
                                            "Output": [
                                                "ci.id",
                                                "ci.person_id",
                                                "ci.movie_id",
                                                "ci.person_role_id",
                                                "ci.note",
                                                "ci.nr_order",
                                                "ci.role_id"
                                            ],
                                            "Filter": "((ci.person_id > 1774957) AND (ci.role_id < 4))",
                                            "Rows Removed by Filter": 3777845,
                                            "Workers": [
                                                {
                                                    "Worker Number": 0,
                                                    "Actual Startup Time": 197.615,
                                                    "Actual Total Time": 633.533,
                                                    "Actual Rows": 1065277,
                                                    "Actual Loops": 1
                                                },
                                                {
                                                    "Worker Number": 1,
                                                    "Actual Startup Time": 197.64,
                                                    "Actual Total Time": 615.181,
                                                    "Actual Rows": 1520121,
                                                    "Actual Loops": 1
                                                },
                                                {
                                                    "Worker Number": 2,
                                                    "Actual Startup Time": 197.583,
                                                    "Actual Total Time": 633.225,
                                                    "Actual Rows": 1046788,
                                                    "Actual Loops": 1
                                                },
                                                {
                                                    "Worker Number": 3,
                                                    "Actual Startup Time": 197.554,
                                                    "Actual Total Time": 610.566,
                                                    "Actual Rows": 1500585,
                                                    "Actual Loops": 1
                                                },
                                                {
                                                    "Worker Number": 4,
                                                    "Actual Startup Time": 197.609,
                                                    "Actual Total Time": 613.845,
                                                    "Actual Rows": 1504703,
                                                    "Actual Loops": 1
                                                },
                                                {
                                                    "Worker Number": 5,
                                                    "Actual Startup Time": 197.603,
                                                    "Actual Total Time": 614.108,
                                                    "Actual Rows": 1534173,
                                                    "Actual Loops": 1
                                                }
                                            ]
                                        },
                                        {
                                            "Node Type": "Hash",
                                            "Parent Relationship": "Inner",
                                            "Parallel Aware": true,
                                            "Startup Cost": 65569.69,
                                            "Total Cost": 65569.69,
                                            "Plan Rows": 230316,
                                            "Plan Width": 8,
                                            "Actual Startup Time": 303.607,
                                            "Actual Total Time": 303.813,
                                            "Actual Rows": 131444,
                                            "Actual Loops": 7,
                                            "Output": [
                                                "t.id",
                                                "mi_idx.movie_id"
                                            ],
                                            "Hash Buckets": 1048576,
                                            "Original Hash Buckets": 1048576,
                                            "Hash Batches": 1,
                                            "Original Hash Batches": 1,
                                            "Peak Memory Usage": 44352,
                                            "Workers": [
                                                {
                                                    "Worker Number": 0,
                                                    "Actual Startup Time": 302.617,
                                                    "Actual Total Time": 302.621,
                                                    "Actual Rows": 103627,
                                                    "Actual Loops": 1
                                                },
                                                {
                                                    "Worker Number": 1,
                                                    "Actual Startup Time": 303.231,
                                                    "Actual Total Time": 303.235,
                                                    "Actual Rows": 142365,
                                                    "Actual Loops": 1
                                                },
                                                {
                                                    "Worker Number": 2,
                                                    "Actual Startup Time": 303.32,
                                                    "Actual Total Time": 303.323,
                                                    "Actual Rows": 102431,
                                                    "Actual Loops": 1
                                                },
                                                {
                                                    "Worker Number": 3,
                                                    "Actual Startup Time": 303.449,
                                                    "Actual Total Time": 303.452,
                                                    "Actual Rows": 134358,
                                                    "Actual Loops": 1
                                                },
                                                {
                                                    "Worker Number": 4,
                                                    "Actual Startup Time": 303.893,
                                                    "Actual Total Time": 303.897,
                                                    "Actual Rows": 141564,
                                                    "Actual Loops": 1
                                                },
                                                {
                                                    "Worker Number": 5,
                                                    "Actual Startup Time": 304.272,
                                                    "Actual Total Time": 304.276,
                                                    "Actual Rows": 137514,
                                                    "Actual Loops": 1
                                                }
                                            ],
                                            "Plans": [
                                                {
                                                    "Node Type": "Hash Join",
                                                    "Parent Relationship": "Outer",
                                                    "Parallel Aware": true,
                                                    "Join Type": "Inner",
                                                    "Startup Cost": 19920.93,
                                                    "Total Cost": 65569.69,
                                                    "Plan Rows": 230316,
                                                    "Plan Width": 8,
                                                    "Actual Startup Time": 90.966,
                                                    "Actual Total Time": 261.581,
                                                    "Actual Rows": 131444,
                                                    "Actual Loops": 7,
                                                    "Output": [
                                                        "t.id",
                                                        "mi_idx.movie_id"
                                                    ],
                                                    "Inner Unique": false,
                                                    "Hash Cond": "(t.id = mi_idx.movie_id)",
                                                    "Workers": [
                                                        {
                                                            "Worker Number": 0,
                                                            "Actual Startup Time": 89.899,
                                                            "Actual Total Time": 259.591,
                                                            "Actual Rows": 103627,
                                                            "Actual Loops": 1
                                                        },
                                                        {
                                                            "Worker Number": 1,
                                                            "Actual Startup Time": 90.607,
                                                            "Actual Total Time": 261.386,
                                                            "Actual Rows": 142365,
                                                            "Actual Loops": 1
                                                        },
                                                        {
                                                            "Worker Number": 2,
                                                            "Actual Startup Time": 90.669,
                                                            "Actual Total Time": 260.871,
                                                            "Actual Rows": 102431,
                                                            "Actual Loops": 1
                                                        },
                                                        {
                                                            "Worker Number": 3,
                                                            "Actual Startup Time": 90.892,
                                                            "Actual Total Time": 262.584,
                                                            "Actual Rows": 134358,
                                                            "Actual Loops": 1
                                                        },
                                                        {
                                                            "Worker Number": 4,
                                                            "Actual Startup Time": 91.221,
                                                            "Actual Total Time": 262.193,
                                                            "Actual Rows": 141564,
                                                            "Actual Loops": 1
                                                        },
                                                        {
                                                            "Worker Number": 5,
                                                            "Actual Startup Time": 91.568,
                                                            "Actual Total Time": 262.428,
                                                            "Actual Rows": 137514,
                                                            "Actual Loops": 1
                                                        }
                                                    ],
                                                    "Plans": [
                                                        {
                                                            "Node Type": "Seq Scan",
                                                            "Parent Relationship": "Outer",
                                                            "Parallel Aware": true,
                                                            "Relation Name": "title",
                                                            "Schema": "public",
                                                            "Alias": "t",
                                                            "Startup Cost": 0.0,
                                                            "Total Cost": 42318.81,
                                                            "Plan Rows": 632080,
                                                            "Plan Width": 4,
                                                            "Actual Startup Time": 0.016,
                                                            "Actual Total Time": 53.348,
                                                            "Actual Rows": 361187,
                                                            "Actual Loops": 7,
                                                            "Output": [
                                                                "t.id",
                                                                "t.title",
                                                                "t.imdb_index",
                                                                "t.kind_id",
                                                                "t.production_year",
                                                                "t.imdb_id",
                                                                "t.phonetic_code",
                                                                "t.episode_of_id",
                                                                "t.season_nr",
                                                                "t.episode_nr",
                                                                "t.series_years",
                                                                "t.md5sum"
                                                            ],
                                                            "Workers": [
                                                                {
                                                                    "Worker Number": 0,
                                                                    "Actual Startup Time": 0.02,
                                                                    "Actual Total Time": 59.228,
                                                                    "Actual Rows": 281575,
                                                                    "Actual Loops": 1
                                                                },
                                                                {
                                                                    "Worker Number": 1,
                                                                    "Actual Startup Time": 0.012,
                                                                    "Actual Total Time": 53.632,
                                                                    "Actual Rows": 389575,
                                                                    "Actual Loops": 1
                                                                },
                                                                {
                                                                    "Worker Number": 2,
                                                                    "Actual Startup Time": 0.028,
                                                                    "Actual Total Time": 58.912,
                                                                    "Actual Rows": 281178,
                                                                    "Actual Loops": 1
                                                                },
                                                                {
                                                                    "Worker Number": 3,
                                                                    "Actual Startup Time": 0.019,
                                                                    "Actual Total Time": 54.213,
                                                                    "Actual Rows": 370995,
                                                                    "Actual Loops": 1
                                                                },
                                                                {
                                                                    "Worker Number": 4,
                                                                    "Actual Startup Time": 0.017,
                                                                    "Actual Total Time": 53.58,
                                                                    "Actual Rows": 385325,
                                                                    "Actual Loops": 1
                                                                },
                                                                {
                                                                    "Worker Number": 5,
                                                                    "Actual Startup Time": 0.011,
                                                                    "Actual Total Time": 54.877,
                                                                    "Actual Rows": 378588,
                                                                    "Actual Loops": 1
                                                                }
                                                            ]
                                                        },
                                                        {
                                                            "Node Type": "Hash",
                                                            "Parent Relationship": "Inner",
                                                            "Parallel Aware": true,
                                                            "Startup Cost": 15122.68,
                                                            "Total Cost": 15122.68,
                                                            "Plan Rows": 383860,
                                                            "Plan Width": 4,
                                                            "Actual Startup Time": 89.878,
                                                            "Actual Total Time": 89.879,
                                                            "Actual Rows": 131444,
                                                            "Actual Loops": 7,
                                                            "Output": [
                                                                "mi_idx.movie_id"
                                                            ],
                                                            "Hash Buckets": 1048576,
                                                            "Original Hash Buckets": 1048576,
                                                            "Hash Batches": 1,
                                                            "Original Hash Batches": 1,
                                                            "Peak Memory Usage": 44320,
                                                            "Workers": [
                                                                {
                                                                    "Worker Number": 0,
                                                                    "Actual Startup Time": 89.801,
                                                                    "Actual Total Time": 89.803,
                                                                    "Actual Rows": 101219,
                                                                    "Actual Loops": 1
                                                                },
                                                                {
                                                                    "Worker Number": 1,
                                                                    "Actual Startup Time": 90.475,
                                                                    "Actual Total Time": 90.477,
                                                                    "Actual Rows": 122100,
                                                                    "Actual Loops": 1
                                                                },
                                                                {
                                                                    "Worker Number": 2,
                                                                    "Actual Startup Time": 90.532,
                                                                    "Actual Total Time": 90.534,
                                                                    "Actual Rows": 100984,
                                                                    "Actual Loops": 1
                                                                },
                                                                {
                                                                    "Worker Number": 3,
                                                                    "Actual Startup Time": 90.764,
                                                                    "Actual Total Time": 90.765,
                                                                    "Actual Rows": 120924,
                                                                    "Actual Loops": 1
                                                                },
                                                                {
                                                                    "Worker Number": 4,
                                                                    "Actual Startup Time": 91.11,
                                                                    "Actual Total Time": 91.112,
                                                                    "Actual Rows": 124409,
                                                                    "Actual Loops": 1
                                                                },
                                                                {
                                                                    "Worker Number": 5,
                                                                    "Actual Startup Time": 91.476,
                                                                    "Actual Total Time": 91.478,
                                                                    "Actual Rows": 126156,
                                                                    "Actual Loops": 1
                                                                }
                                                            ],
                                                            "Plans": [
                                                                {
                                                                    "Node Type": "Seq Scan",
                                                                    "Parent Relationship": "Outer",
                                                                    "Parallel Aware": true,
                                                                    "Relation Name": "movie_info_idx",
                                                                    "Schema": "public",
                                                                    "Alias": "mi_idx",
                                                                    "Startup Cost": 0.0,
                                                                    "Total Cost": 15122.68,
                                                                    "Plan Rows": 383860,
                                                                    "Plan Width": 4,
                                                                    "Actual Startup Time": 0.077,
                                                                    "Actual Total Time": 36.682,
                                                                    "Actual Rows": 131444,
                                                                    "Actual Loops": 7,
                                                                    "Output": [
                                                                        "mi_idx.movie_id"
                                                                    ],
                                                                    "Filter": "(mi_idx.info_type_id > 99)",
                                                                    "Rows Removed by Filter": 65704,
                                                                    "Workers": [
                                                                        {
                                                                            "Worker Number": 0,
                                                                            "Actual Startup Time": 0.086,
                                                                            "Actual Total Time": 37.276,
                                                                            "Actual Rows": 101219,
                                                                            "Actual Loops": 1
                                                                        },
                                                                        {
                                                                            "Worker Number": 1,
                                                                            "Actual Startup Time": 0.068,
                                                                            "Actual Total Time": 37.618,
                                                                            "Actual Rows": 122100,
                                                                            "Actual Loops": 1
                                                                        },
                                                                        {
                                                                            "Worker Number": 2,
                                                                            "Actual Startup Time": 0.099,
                                                                            "Actual Total Time": 38.117,
                                                                            "Actual Rows": 100984,
                                                                            "Actual Loops": 1
                                                                        },
                                                                        {
                                                                            "Worker Number": 3,
                                                                            "Actual Startup Time": 0.106,
                                                                            "Actual Total Time": 36.572,
                                                                            "Actual Rows": 120924,
                                                                            "Actual Loops": 1
                                                                        },
                                                                        {
                                                                            "Worker Number": 4,
                                                                            "Actual Startup Time": 0.088,
                                                                            "Actual Total Time": 37.76,
                                                                            "Actual Rows": 124409,
                                                                            "Actual Loops": 1
                                                                        },
                                                                        {
                                                                            "Worker Number": 5,
                                                                            "Actual Startup Time": 0.08,
                                                                            "Actual Total Time": 37.008,
                                                                            "Actual Rows": 126156,
                                                                            "Actual Loops": 1
                                                                        }
                                                                    ]
                                                                }
                                                            ]
                                                        }
                                                    ]
                                                }
                                            ]
                                        }
                                    ]
                                }
                            ]
                        }
                    ]
                }
            ]
        },
        "Planning Time": 201.179,
        "Triggers": [],
        "Execution Time": 1423.67
    }
]