[
  {
    "Plan": {
      "Node Type": "Aggregate",
      "Strategy": "Plain",
      "Partial Mode": "Finalize",
      "Parallel Aware": false,
      "Startup Cost": 33287.4,
      "Total Cost": 33287.41,
      "Plan Rows": 1,
      "Plan Width": 8,
      "Actual Startup Time": 101.541,
      "Actual Total Time": 107.804,
      "Actual Rows": 1,
      "Actual Loops": 1,
      "Plans": [
        {
          "Node Type": "Gather",
          "Parent Relationship": "Outer",
          "Parallel Aware": false,
          "Startup Cost": 33287.08,
          "Total Cost": 33287.39,
          "Plan Rows": 3,
          "Plan Width": 8,
          "Actual Startup Time": 101.409,
          "Actual Total Time": 107.795,
          "Actual Rows": 4,
          "Actual Loops": 1,
          "Workers Planned": 3,
          "Workers Launched": 3,
          "Single Copy": false,
          "Plans": [
            {
              "Node Type": "Aggregate",
              "Strategy": "Plain",
              "Partial Mode": "Partial",
              "Parent Relationship": "Outer",
              "Parallel Aware": false,
              "Startup Cost": 32287.08,
              "Total Cost": 32287.09,
              "Plan Rows": 1,
              "Plan Width": 8,
              "Actual Startup Time": 92.733,
              "Actual Total Time": 92.734,
              "Actual Rows": 1,
              "Actual Loops": 4,
              "Plans": [
                {
                  "Node Type": "Seq Scan",
                  "Parent Relationship": "Outer",
                  "Parallel Aware": true,
                  "Relation Name": "movie_companies",
                  "Alias": "mc",
                  "Startup Cost": 0.0,
                  "Total Cost": 31414.82,
                  "Plan Rows": 348906,
                  "Plan Width": 0,
                  "Actual Startup Time": 47.358,
                  "Actual Total Time": 83.017,
                  "Actual Rows": 211000,
                  "Actual Loops": 4,
                  "Filter": "((company_id < 74691) AND (company_type_id = 2))",
                  "Rows Removed by Filter": 441283
                }
              ]
            }
          ]
        }
      ]
    },
    "Planning Time": 0.103,
    "Triggers": [],
    "Execution Time": 107.836
  }
]