[
  {
    "Plan": {
      "Node Type": "Aggregate",
      "Strategy": "Plain",
      "Partial Mode": "Finalize",
      "Parallel Aware": false,
      "Startup Cost": 32841.6,
      "Total Cost": 32841.61,
      "Plan Rows": 1,
      "Plan Width": 8,
      "Actual Startup Time": 86.788,
      "Actual Total Time": 94.313,
      "Actual Rows": 1,
      "Actual Loops": 1,
      "Plans": [
        {
          "Node Type": "Gather",
          "Parent Relationship": "Outer",
          "Parallel Aware": false,
          "Startup Cost": 32841.28,
          "Total Cost": 32841.59,
          "Plan Rows": 3,
          "Plan Width": 8,
          "Actual Startup Time": 86.667,
          "Actual Total Time": 94.305,
          "Actual Rows": 4,
          "Actual Loops": 1,
          "Workers Planned": 3,
          "Workers Launched": 3,
          "Single Copy": false,
          "Plans": [
            {
              "Node Type": "Aggregate",
              "Strategy": "Plain",
              "Partial Mode": "Partial",
              "Parent Relationship": "Outer",
              "Parallel Aware": false,
              "Startup Cost": 31841.28,
              "Total Cost": 31841.29,
              "Plan Rows": 1,
              "Plan Width": 8,
              "Actual Startup Time": 78.146,
              "Actual Total Time": 78.147,
              "Actual Rows": 1,
              "Actual Loops": 4,
              "Plans": [
                {
                  "Node Type": "Seq Scan",
                  "Parent Relationship": "Outer",
                  "Parallel Aware": true,
                  "Relation Name": "movie_companies",
                  "Alias": "mc",
                  "Startup Cost": 0.0,
                  "Total Cost": 31414.82,
                  "Plan Rows": 170585,
                  "Plan Width": 0,
                  "Actual Startup Time": 22.497,
                  "Actual Total Time": 75.215,
                  "Actual Rows": 59358,
                  "Actual Loops": 4,
                  "Filter": "((company_id > 14344) AND (company_type_id < 2))",
                  "Rows Removed by Filter": 592924
                }
              ]
            }
          ]
        }
      ]
    },
    "Planning Time": 0.214,
    "Triggers": [],
    "Execution Time": 94.366
  }
]