[
  {
    "Plan": {
      "Node Type": "Aggregate",
      "Strategy": "Plain",
      "Partial Mode": "Finalize",
      "Parallel Aware": false,
      "Startup Cost": 46062.16,
      "Total Cost": 46062.17,
      "Plan Rows": 1,
      "Plan Width": 8,
      "Actual Startup Time": 137.738,
      "Actual Total Time": 145.033,
      "Actual Rows": 1,
      "Actual Loops": 1,
      "Plans": [
        {
          "Node Type": "Gather",
          "Parent Relationship": "Outer",
          "Parallel Aware": false,
          "Startup Cost": 46061.84,
          "Total Cost": 46062.15,
          "Plan Rows": 3,
          "Plan Width": 8,
          "Actual Startup Time": 137.607,
          "Actual Total Time": 145.026,
          "Actual Rows": 4,
          "Actual Loops": 1,
          "Workers Planned": 3,
          "Workers Launched": 3,
          "Single Copy": false,
          "Plans": [
            {
              "Node Type": "Aggregate",
              "Strategy": "Plain",
              "Partial Mode": "Partial",
              "Parent Relationship": "Outer",
              "Parallel Aware": false,
              "Startup Cost": 45061.84,
              "Total Cost": 45061.85,
              "Plan Rows": 1,
              "Plan Width": 8,
              "Actual Startup Time": 134.035,
              "Actual Total Time": 134.036,
              "Actual Rows": 1,
              "Actual Loops": 4,
              "Plans": [
                {
                  "Node Type": "Seq Scan",
                  "Parent Relationship": "Outer",
                  "Parallel Aware": true,
                  "Relation Name": "movie_keyword",
                  "Alias": "mk",
                  "Startup Cost": 0.0,
                  "Total Cost": 42695.65,
                  "Plan Rows": 946475,
                  "Plan Width": 0,
                  "Actual Startup Time": 0.027,
                  "Actual Total Time": 103.756,
                  "Actual Rows": 734928,
                  "Actual Loops": 4,
                  "Filter": "(keyword_id < 9829)",
                  "Rows Removed by Filter": 396055
                }
              ]
            }
          ]
        }
      ]
    },
    "Planning Time": 0.189,
    "Triggers": [],
    "Execution Time": 145.088
  }
]