[
  {
    "Plan": {
      "Node Type": "Aggregate",
      "Strategy": "Plain",
      "Partial Mode": "Finalize",
      "Parallel Aware": false,
      "Startup Cost": 346630.65,
      "Total Cost": 346630.66,
      "Plan Rows": 1,
      "Plan Width": 8,
      "Actual Startup Time": 648.561,
      "Actual Total Time": 674.005,
      "Actual Rows": 1,
      "Actual Loops": 1,
      "Plans": [
        {
          "Node Type": "Gather",
          "Parent Relationship": "Outer",
          "Parallel Aware": false,
          "Startup Cost": 346630.03,
          "Total Cost": 346630.64,
          "Plan Rows": 6,
          "Plan Width": 8,
          "Actual Startup Time": 648.443,
          "Actual Total Time": 673.997,
          "Actual Rows": 7,
          "Actual Loops": 1,
          "Workers Planned": 6,
          "Workers Launched": 6,
          "Single Copy": false,
          "Plans": [
            {
              "Node Type": "Aggregate",
              "Strategy": "Plain",
              "Partial Mode": "Partial",
              "Parent Relationship": "Outer",
              "Parallel Aware": false,
              "Startup Cost": 345630.03,
              "Total Cost": 345630.04,
              "Plan Rows": 1,
              "Plan Width": 8,
              "Actual Startup Time": 643.52,
              "Actual Total Time": 643.521,
              "Actual Rows": 1,
              "Actual Loops": 7,
              "Plans": [
                {
                  "Node Type": "Seq Scan",
                  "Parent Relationship": "Outer",
                  "Parallel Aware": true,
                  "Relation Name": "cast_info",
                  "Alias": "ci",
                  "Startup Cost": 0.0,
                  "Total Cost": 343318.94,
                  "Plan Rows": 924434,
                  "Plan Width": 0,
                  "Actual Startup Time": 298.17,
                  "Actual Total Time": 577.094,
                  "Actual Rows": 1496095,
                  "Actual Loops": 7,
                  "Filter": "((person_id > 2408757) AND (role_id > 2))",
                  "Rows Removed by Filter": 3681668
                }
              ]
            }
          ]
        }
      ]
    },
    "Planning Time": 0.229,
    "Triggers": [],
    "Execution Time": 674.065
  }
]