[
    {
        "Bao": {
            "Bao prediction": "NaN",
            "Bao recommended hint": "(no hint)"
        }
    },
    {
        "Plan": {
            "Node Type": "Aggregate",
            "Strategy": "Plain",
            "Partial Mode": "Finalize",
            "Parallel Aware": false,
            "Startup Cost": 274210.22,
            "Total Cost": 274210.23,
            "Plan Rows": 1,
            "Plan Width": 8,
            "Actual Startup Time": 815.839,
            "Actual Total Time": 833.301,
            "Actual Rows": 1,
            "Actual Loops": 1,
            "Output": [
                "count(*)"
            ],
            "Plans": [
                {
                    "Node Type": "Gather",
                    "Parent Relationship": "Outer",
                    "Parallel Aware": false,
                    "Startup Cost": 274209.91,
                    "Total Cost": 274210.22,
                    "Plan Rows": 3,
                    "Plan Width": 8,
                    "Actual Startup Time": 803.972,
                    "Actual Total Time": 833.291,
                    "Actual Rows": 4,
                    "Actual Loops": 1,
                    "Output": [
                        "(PARTIAL count(*))"
                    ],
                    "Workers Planned": 3,
                    "Workers Launched": 3,
                    "Single Copy": false,
                    "Plans": [
                        {
                            "Node Type": "Aggregate",
                            "Strategy": "Plain",
                            "Partial Mode": "Partial",
                            "Parent Relationship": "Outer",
                            "Parallel Aware": false,
                            "Startup Cost": 273209.91,
                            "Total Cost": 273209.92,
                            "Plan Rows": 1,
                            "Plan Width": 8,
                            "Actual Startup Time": 794.59,
                            "Actual Total Time": 794.881,
                            "Actual Rows": 1,
                            "Actual Loops": 4,
                            "Output": [
                                "PARTIAL count(*)"
                            ],
                            "Workers": [
                                {
                                    "Worker Number": 0,
                                    "Actual Startup Time": 790.895,
                                    "Actual Total Time": 790.901,
                                    "Actual Rows": 1,
                                    "Actual Loops": 1
                                },
                                {
                                    "Worker Number": 1,
                                    "Actual Startup Time": 791.539,
                                    "Actual Total Time": 791.545,
                                    "Actual Rows": 1,
                                    "Actual Loops": 1
                                },
                                {
                                    "Worker Number": 2,
                                    "Actual Startup Time": 792.488,
                                    "Actual Total Time": 792.494,
                                    "Actual Rows": 1,
                                    "Actual Loops": 1
                                }
                            ],
                            "Plans": [
                                {
                                    "Node Type": "Hash Join",
                                    "Parent Relationship": "Outer",
                                    "Parallel Aware": true,
                                    "Join Type": "Inner",
                                    "Startup Cost": 241531.81,
                                    "Total Cost": 272479.16,
                                    "Plan Rows": 292298,
                                    "Plan Width": 0,
                                    "Actual Startup Time": 587.771,
                                    "Actual Total Time": 786.774,
                                    "Actual Rows": 133678,
                                    "Actual Loops": 4,
                                    "Inner Unique": false,
                                    "Hash Cond": "(mc.movie_id = t.id)",
                                    "Workers": [
                                        {
                                            "Worker Number": 0,
                                            "Actual Startup Time": 584.23,
                                            "Actual Total Time": 783.744,
                                            "Actual Rows": 165364,
                                            "Actual Loops": 1
                                        },
                                        {
                                            "Worker Number": 1,
                                            "Actual Startup Time": 584.976,
                                            "Actual Total Time": 783.053,
                                            "Actual Rows": 119726,
                                            "Actual Loops": 1
                                        },
                                        {
                                            "Worker Number": 2,
                                            "Actual Startup Time": 585.159,
                                            "Actual Total Time": 783.977,
                                            "Actual Rows": 120139,
                                            "Actual Loops": 1
                                        }
                                    ],
                                    "Plans": [
                                        {
                                            "Node Type": "Seq Scan",
                                            "Parent Relationship": "Outer",
                                            "Parallel Aware": true,
                                            "Relation Name": "movie_companies",
                                            "Schema": "public",
                                            "Alias": "mc",
                                            "Startup Cost": 0.0,
                                            "Total Cost": 27206.55,
                                            "Plan Rows": 841655,
                                            "Plan Width": 4,
                                            "Actual Startup Time": 0.027,
                                            "Actual Total Time": 70.005,
                                            "Actual Rows": 652282,
                                            "Actual Loops": 4,
                                            "Output": [
                                                "mc.id",
                                                "mc.movie_id",
                                                "mc.company_id",
                                                "mc.company_type_id",
                                                "mc.note"
                                            ],
                                            "Workers": [
                                                {
                                                    "Worker Number": 0,
                                                    "Actual Startup Time": 0.025,
                                                    "Actual Total Time": 69.253,
                                                    "Actual Rows": 815521,
                                                    "Actual Loops": 1
                                                },
                                                {
                                                    "Worker Number": 1,
                                                    "Actual Startup Time": 0.033,
                                                    "Actual Total Time": 72.875,
                                                    "Actual Rows": 581990,
                                                    "Actual Loops": 1
                                                },
                                                {
                                                    "Worker Number": 2,
                                                    "Actual Startup Time": 0.039,
                                                    "Actual Total Time": 73.176,
                                                    "Actual Rows": 583824,
                                                    "Actual Loops": 1
                                                }
                                            ]
                                        },
                                        {
                                            "Node Type": "Hash",
                                            "Parent Relationship": "Inner",
                                            "Parallel Aware": true,
                                            "Startup Cost": 239336.66,
                                            "Total Cost": 239336.66,
                                            "Plan Rows": 175612,
                                            "Plan Width": 8,
                                            "Actual Startup Time": 584.2,
                                            "Actual Total Time": 584.489,
                                            "Actual Rows": 105146,
                                            "Actual Loops": 4,
                                            "Output": [
                                                "t.id",
                                                "mi.movie_id"
                                            ],
                                            "Hash Buckets": 1048576,
                                            "Original Hash Buckets": 1048576,
                                            "Hash Batches": 1,
                                            "Original Hash Batches": 1,
                                            "Peak Memory Usage": 24736,
                                            "Workers": [
                                                {
                                                    "Worker Number": 0,
                                                    "Actual Startup Time": 583.581,
                                                    "Actual Total Time": 583.585,
                                                    "Actual Rows": 133436,
                                                    "Actual Loops": 1
                                                },
                                                {
                                                    "Worker Number": 1,
                                                    "Actual Startup Time": 584.368,
                                                    "Actual Total Time": 584.373,
                                                    "Actual Rows": 94368,
                                                    "Actual Loops": 1
                                                },
                                                {
                                                    "Worker Number": 2,
                                                    "Actual Startup Time": 584.705,
                                                    "Actual Total Time": 584.709,
                                                    "Actual Rows": 95066,
                                                    "Actual Loops": 1
                                                }
                                            ],
                                            "Plans": [
                                                {
                                                    "Node Type": "Hash Join",
                                                    "Parent Relationship": "Outer",
                                                    "Parallel Aware": true,
                                                    "Join Type": "Inner",
                                                    "Startup Cost": 73305.76,
                                                    "Total Cost": 239336.66,
                                                    "Plan Rows": 175612,
                                                    "Plan Width": 8,
                                                    "Actual Startup Time": 360.03,
                                                    "Actual Total Time": 541.955,
                                                    "Actual Rows": 105146,
                                                    "Actual Loops": 4,
                                                    "Output": [
                                                        "t.id",
                                                        "mi.movie_id"
                                                    ],
                                                    "Inner Unique": true,
                                                    "Hash Cond": "(mi.movie_id = t.id)",
                                                    "Workers": [
                                                        {
                                                            "Worker Number": 0,
                                                            "Actual Startup Time": 359.475,
                                                            "Actual Total Time": 542.771,
                                                            "Actual Rows": 133436,
                                                            "Actual Loops": 1
                                                        },
                                                        {
                                                            "Worker Number": 1,
                                                            "Actual Startup Time": 360.39,
                                                            "Actual Total Time": 540.775,
                                                            "Actual Rows": 94368,
                                                            "Actual Loops": 1
                                                        },
                                                        {
                                                            "Worker Number": 2,
                                                            "Actual Startup Time": 360.017,
                                                            "Actual Total Time": 540.954,
                                                            "Actual Rows": 95066,
                                                            "Actual Loops": 1
                                                        }
                                                    ],
                                                    "Plans": [
                                                        {
                                                            "Node Type": "Bitmap Heap Scan",
                                                            "Parent Relationship": "Outer",
                                                            "Parallel Aware": true,
                                                            "Relation Name": "movie_info",
                                                            "Schema": "public",
                                                            "Alias": "mi",
                                                            "Startup Cost": 24209.48,
                                                            "Total Cost": 189539.59,
                                                            "Plan Rows": 266969,
                                                            "Plan Width": 4,
                                                            "Actual Startup Time": 46.132,
                                                            "Actual Total Time": 90.059,
                                                            "Actual Rows": 331340,
                                                            "Actual Loops": 4,
                                                            "Output": [
                                                                "mi.id",
                                                                "mi.movie_id",
                                                                "mi.info_type_id",
                                                                "mi.info",
                                                                "mi.note"
                                                            ],
                                                            "Recheck Cond": "(mi.info_type_id = 8)",
                                                            "Rows Removed by Index Recheck": 0,
                                                            "Exact Heap Blocks": 1824,
                                                            "Lossy Heap Blocks": 0,
                                                            "Workers": [
                                                                {
                                                                    "Worker Number": 0,
                                                                    "Actual Startup Time": 45.942,
                                                                    "Actual Total Time": 87.305,
                                                                    "Actual Rows": 408110,
                                                                    "Actual Loops": 1
                                                                },
                                                                {
                                                                    "Worker Number": 1,
                                                                    "Actual Startup Time": 46.248,
                                                                    "Actual Total Time": 92.248,
                                                                    "Actual Rows": 303973,
                                                                    "Actual Loops": 1
                                                                },
                                                                {
                                                                    "Worker Number": 2,
                                                                    "Actual Startup Time": 46.182,
                                                                    "Actual Total Time": 92.213,
                                                                    "Actual Rows": 304968,
                                                                    "Actual Loops": 1
                                                                }
                                                            ],
                                                            "Plans": [
                                                                {
                                                                    "Node Type": "Bitmap Index Scan",
                                                                    "Parent Relationship": "Outer",
                                                                    "Parallel Aware": false,
                                                                    "Index Name": "info_type_id_movie_info",
                                                                    "Startup Cost": 0.0,
                                                                    "Total Cost": 23875.77,
                                                                    "Plan Rows": 1334844,
                                                                    "Plan Width": 0,
                                                                    "Actual Startup Time": 44.818,
                                                                    "Actual Total Time": 44.818,
                                                                    "Actual Rows": 1325361,
                                                                    "Actual Loops": 1,
                                                                    "Index Cond": "(mi.info_type_id = 8)",
                                                                    "Workers": [
                                                                        {
                                                                            "Worker Number": 0,
                                                                            "Actual Startup Time": 44.818,
                                                                            "Actual Total Time": 44.818,
                                                                            "Actual Rows": 1325361,
                                                                            "Actual Loops": 1
                                                                        }
                                                                    ]
                                                                }
                                                            ]
                                                        },
                                                        {
                                                            "Node Type": "Hash",
                                                            "Parent Relationship": "Inner",
                                                            "Parallel Aware": true,
                                                            "Startup Cost": 43899.01,
                                                            "Total Cost": 43899.01,
                                                            "Plan Rows": 415782,
                                                            "Plan Width": 4,
                                                            "Actual Startup Time": 308.995,
                                                            "Actual Total Time": 308.996,
                                                            "Actual Rows": 418524,
                                                            "Actual Loops": 4,
                                                            "Output": [
                                                                "t.id"
                                                            ],
                                                            "Hash Buckets": 2097152,
                                                            "Original Hash Buckets": 2097152,
                                                            "Hash Batches": 1,
                                                            "Original Hash Batches": 1,
                                                            "Peak Memory Usage": 81920,
                                                            "Workers": [
                                                                {
                                                                    "Worker Number": 0,
                                                                    "Actual Startup Time": 313.42,
                                                                    "Actual Total Time": 313.421,
                                                                    "Actual Rows": 491929,
                                                                    "Actual Loops": 1
                                                                },
                                                                {
                                                                    "Worker Number": 1,
                                                                    "Actual Startup Time": 313.872,
                                                                    "Actual Total Time": 313.872,
                                                                    "Actual Rows": 366813,
                                                                    "Actual Loops": 1
                                                                },
                                                                {
                                                                    "Worker Number": 2,
                                                                    "Actual Startup Time": 313.683,
                                                                    "Actual Total Time": 313.684,
                                                                    "Actual Rows": 368000,
                                                                    "Actual Loops": 1
                                                                }
                                                            ],
                                                            "Plans": [
                                                                {
                                                                    "Node Type": "Seq Scan",
                                                                    "Parent Relationship": "Outer",
                                                                    "Parallel Aware": true,
                                                                    "Relation Name": "title",
                                                                    "Schema": "public",
                                                                    "Alias": "t",
                                                                    "Startup Cost": 0.0,
                                                                    "Total Cost": 43899.01,
                                                                    "Plan Rows": 415782,
                                                                    "Plan Width": 4,
                                                                    "Actual Startup Time": 0.063,
                                                                    "Actual Total Time": 122.668,
                                                                    "Actual Rows": 418524,
                                                                    "Actual Loops": 4,
                                                                    "Output": [
                                                                        "t.id"
                                                                    ],
                                                                    "Filter": "(t.kind_id > 3)",
                                                                    "Rows Removed by Filter": 213554,
                                                                    "Workers": [
                                                                        {
                                                                            "Worker Number": 0,
                                                                            "Actual Startup Time": 0.079,
                                                                            "Actual Total Time": 121.905,
                                                                            "Actual Rows": 491929,
                                                                            "Actual Loops": 1
                                                                        },
                                                                        {
                                                                            "Worker Number": 1,
                                                                            "Actual Startup Time": 0.079,
                                                                            "Actual Total Time": 126.648,
                                                                            "Actual Rows": 366813,
                                                                            "Actual Loops": 1
                                                                        },
                                                                        {
                                                                            "Worker Number": 2,
                                                                            "Actual Startup Time": 0.072,
                                                                            "Actual Total Time": 126.835,
                                                                            "Actual Rows": 368000,
                                                                            "Actual Loops": 1
                                                                        }
                                                                    ]
                                                                }
                                                            ]
                                                        }
                                                    ]
                                                }
                                            ]
                                        }
                                    ]
                                }
                            ]
                        }
                    ]
                }
            ]
        },
        "Planning Time": 307.309,
        "Triggers": [],
        "Execution Time": 833.417
    }
]