{
    "Plan": {
        "Node Type": "Aggregate",
        "Strategy": "Plain",
        "Partial Mode": "Finalize",
        "Parallel Aware": false,
        "Startup Cost": 92187.44,
        "Total Cost": 92187.45,
        "Plan Rows": 1,
        "Plan Width": 8,
        "Actual Startup Time": 145.999,
        "Actual Total Time": 160.764,
        "Actual Rows": 1,
        "Actual Loops": 1,
        "Output": [
            "count(*)"
        ],
        "Plans": [
            {
                "Node Type": "Gather",
                "Parent Relationship": "Outer",
                "Parallel Aware": false,
                "Startup Cost": 92186.92,
                "Total Cost": 92187.43,
                "Plan Rows": 5,
                "Plan Width": 8,
                "Actual Startup Time": 145.815,
                "Actual Total Time": 160.756,
                "Actual Rows": 6,
                "Actual Loops": 1,
                "Output": [
                    "(PARTIAL count(*))"
                ],
                "Workers Planned": 5,
                "Workers Launched": 5,
                "Single Copy": false,
                "Plans": [
                    {
                        "Node Type": "Aggregate",
                        "Strategy": "Plain",
                        "Partial Mode": "Partial",
                        "Parent Relationship": "Outer",
                        "Parallel Aware": false,
                        "Startup Cost": 91186.92,
                        "Total Cost": 91186.93,
                        "Plan Rows": 1,
                        "Plan Width": 8,
                        "Actual Startup Time": 135.584,
                        "Actual Total Time": 135.586,
                        "Actual Rows": 1,
                        "Actual Loops": 6,
                        "Output": [
                            "PARTIAL count(*)"
                        ],
                        "Workers": [
                            {
                                "Worker Number": 0,
                                "Actual Startup Time": 131.916,
                                "Actual Total Time": 131.918,
                                "Actual Rows": 1,
                                "Actual Loops": 1
                            },
                            {
                                "Worker Number": 1,
                                "Actual Startup Time": 132.304,
                                "Actual Total Time": 132.307,
                                "Actual Rows": 1,
                                "Actual Loops": 1
                            },
                            {
                                "Worker Number": 2,
                                "Actual Startup Time": 132.651,
                                "Actual Total Time": 132.653,
                                "Actual Rows": 1,
                                "Actual Loops": 1
                            },
                            {
                                "Worker Number": 3,
                                "Actual Startup Time": 133.017,
                                "Actual Total Time": 133.019,
                                "Actual Rows": 1,
                                "Actual Loops": 1
                            },
                            {
                                "Worker Number": 4,
                                "Actual Startup Time": 138.668,
                                "Actual Total Time": 138.672,
                                "Actual Rows": 1,
                                "Actual Loops": 1
                            }
                        ],
                        "Plans": [
                            {
                                "Node Type": "Nested Loop",
                                "Parent Relationship": "Outer",
                                "Parallel Aware": false,
                                "Join Type": "Inner",
                                "Startup Cost": 43990.28,
                                "Total Cost": 91184.65,
                                "Plan Rows": 907,
                                "Plan Width": 0,
                                "Actual Startup Time": 23.794,
                                "Actual Total Time": 135.465,
                                "Actual Rows": 1014,
                                "Actual Loops": 6,
                                "Inner Unique": true,
                                "Join Filter": "(mi.movie_id = t.id)",
                                "Rows Removed by Join Filter": 0,
                                "Workers": [
                                    {
                                        "Worker Number": 0,
                                        "Actual Startup Time": 39.536,
                                        "Actual Total Time": 131.81,
                                        "Actual Rows": 558,
                                        "Actual Loops": 1
                                    },
                                    {
                                        "Worker Number": 1,
                                        "Actual Startup Time": 29.956,
                                        "Actual Total Time": 132.192,
                                        "Actual Rows": 1140,
                                        "Actual Loops": 1
                                    },
                                    {
                                        "Worker Number": 2,
                                        "Actual Startup Time": 18.458,
                                        "Actual Total Time": 132.541,
                                        "Actual Rows": 1098,
                                        "Actual Loops": 1
                                    },
                                    {
                                        "Worker Number": 3,
                                        "Actual Startup Time": 18.553,
                                        "Actual Total Time": 132.898,
                                        "Actual Rows": 1143,
                                        "Actual Loops": 1
                                    },
                                    {
                                        "Worker Number": 4,
                                        "Actual Startup Time": 17.878,
                                        "Actual Total Time": 138.552,
                                        "Actual Rows": 699,
                                        "Actual Loops": 1
                                    }
                                ],
                                "Plans": [
                                    {
                                        "Node Type": "Merge Join",
                                        "Parent Relationship": "Outer",
                                        "Parallel Aware": false,
                                        "Join Type": "Inner",
                                        "Startup Cost": 43989.85,
                                        "Total Cost": 87389.87,
                                        "Plan Rows": 6400,
                                        "Plan Width": 8,
                                        "Actual Startup Time": 23.7,
                                        "Actual Total Time": 107.539,
                                        "Actual Rows": 6702,
                                        "Actual Loops": 6,
                                        "Output": [
                                            "mi.movie_id",
                                            "mi_idx.movie_id"
                                        ],
                                        "Inner Unique": false,
                                        "Merge Cond": "(mi_idx.movie_id = mi.movie_id)",
                                        "Workers": [
                                            {
                                                "Worker Number": 0,
                                                "Actual Startup Time": 39.44,
                                                "Actual Total Time": 104.09,
                                                "Actual Rows": 4312,
                                                "Actual Loops": 1
                                            },
                                            {
                                                "Worker Number": 1,
                                                "Actual Startup Time": 29.876,
                                                "Actual Total Time": 102.783,
                                                "Actual Rows": 7376,
                                                "Actual Loops": 1
                                            },
                                            {
                                                "Worker Number": 2,
                                                "Actual Startup Time": 18.344,
                                                "Actual Total Time": 102.337,
                                                "Actual Rows": 7094,
                                                "Actual Loops": 1
                                            },
                                            {
                                                "Worker Number": 3,
                                                "Actual Startup Time": 18.413,
                                                "Actual Total Time": 102.381,
                                                "Actual Rows": 7415,
                                                "Actual Loops": 1
                                            },
                                            {
                                                "Worker Number": 4,
                                                "Actual Startup Time": 17.775,
                                                "Actual Total Time": 109.645,
                                                "Actual Rows": 4522,
                                                "Actual Loops": 1
                                            }
                                        ],
                                        "Plans": [
                                            {
                                                "Node Type": "Index Only Scan",
                                                "Parent Relationship": "Outer",
                                                "Parallel Aware": true,
                                                "Scan Direction": "Forward",
                                                "Index Name": "movie_id_movie_info_idx",
                                                "Relation Name": "movie_info_idx",
                                                "Schema": "public",
                                                "Alias": "mi_idx",
                                                "Startup Cost": 0.43,
                                                "Total Cost": 42590.53,
                                                "Plan Rows": 276007,
                                                "Plan Width": 4,
                                                "Actual Startup Time": 0.111,
                                                "Actual Total Time": 75.308,
                                                "Actual Rows": 230006,
                                                "Actual Loops": 6,
                                                "Output": [
                                                    "mi_idx.movie_id"
                                                ],
                                                "Heap Fetches": 1380035,
                                                "Workers": [
                                                    {
                                                        "Worker Number": 0,
                                                        "Actual Startup Time": 0.143,
                                                        "Actual Total Time": 70.788,
                                                        "Actual Rows": 163271,
                                                        "Actual Loops": 1
                                                    },
                                                    {
                                                        "Worker Number": 1,
                                                        "Actual Startup Time": 0.145,
                                                        "Actual Total Time": 70.492,
                                                        "Actual Rows": 232803,
                                                        "Actual Loops": 1
                                                    },
                                                    {
                                                        "Worker Number": 2,
                                                        "Actual Startup Time": 0.148,
                                                        "Actual Total Time": 70.303,
                                                        "Actual Rows": 223234,
                                                        "Actual Loops": 1
                                                    },
                                                    {
                                                        "Worker Number": 3,
                                                        "Actual Startup Time": 0.114,
                                                        "Actual Total Time": 71.215,
                                                        "Actual Rows": 238436,
                                                        "Actual Loops": 1
                                                    },
                                                    {
                                                        "Worker Number": 4,
                                                        "Actual Startup Time": 0.066,
                                                        "Actual Total Time": 81.361,
                                                        "Actual Rows": 192778,
                                                        "Actual Loops": 1
                                                    }
                                                ]
                                            },
                                            {
                                                "Node Type": "Sort",
                                                "Parent Relationship": "Inner",
                                                "Parallel Aware": false,
                                                "Startup Cost": 43988.79,
                                                "Total Cost": 44017.07,
                                                "Plan Rows": 11312,
                                                "Plan Width": 4,
                                                "Actual Startup Time": 15.574,
                                                "Actual Total Time": 16.79,
                                                "Actual Rows": 17955,
                                                "Actual Loops": 6,
                                                "Output": [
                                                    "mi.movie_id"
                                                ],
                                                "Sort Key": [
                                                    "mi.movie_id"
                                                ],
                                                "Sort Method": "quicksort",
                                                "Sort Space Used": 1027,
                                                "Sort Space Type": "Memory",
                                                "Workers": [
                                                    {
                                                        "Worker Number": 0,
                                                        "Actual Startup Time": 16.944,
                                                        "Actual Total Time": 18.291,
                                                        "Actual Rows": 16357,
                                                        "Actual Loops": 1
                                                    },
                                                    {
                                                        "Worker Number": 1,
                                                        "Actual Startup Time": 17.412,
                                                        "Actual Total Time": 18.589,
                                                        "Actual Rows": 18405,
                                                        "Actual Loops": 1
                                                    },
                                                    {
                                                        "Worker Number": 2,
                                                        "Actual Startup Time": 17.241,
                                                        "Actual Total Time": 18.405,
                                                        "Actual Rows": 18221,
                                                        "Actual Loops": 1
                                                    },
                                                    {
                                                        "Worker Number": 3,
                                                        "Actual Startup Time": 15.954,
                                                        "Actual Total Time": 17.117,
                                                        "Actual Rows": 18431,
                                                        "Actual Loops": 1
                                                    },
                                                    {
                                                        "Worker Number": 4,
                                                        "Actual Startup Time": 9.617,
                                                        "Actual Total Time": 11.046,
                                                        "Actual Rows": 16498,
                                                        "Actual Loops": 1
                                                    }
                                                ],
                                                "Plans": [
                                                    {
                                                        "Node Type": "Index Scan",
                                                        "Parent Relationship": "Outer",
                                                        "Parallel Aware": false,
                                                        "Scan Direction": "Forward",
                                                        "Index Name": "info_type_id_movie_info",
                                                        "Relation Name": "movie_info",
                                                        "Schema": "public",
                                                        "Alias": "mi",
                                                        "Startup Cost": 0.43,
                                                        "Total Cost": 43227.18,
                                                        "Plan Rows": 11312,
                                                        "Plan Width": 4,
                                                        "Actual Startup Time": 0.205,
                                                        "Actual Total Time": 8.805,
                                                        "Actual Rows": 13698,
                                                        "Actual Loops": 6,
                                                        "Output": [
                                                            "mi.movie_id"
                                                        ],
                                                        "Index Cond": "(mi.info_type_id = 97)",
                                                        "Rows Removed by Index Recheck": 0,
                                                        "Workers": [
                                                            {
                                                                "Worker Number": 0,
                                                                "Actual Startup Time": 0.274,
                                                                "Actual Total Time": 9.573,
                                                                "Actual Rows": 13698,
                                                                "Actual Loops": 1
                                                            },
                                                            {
                                                                "Worker Number": 1,
                                                                "Actual Startup Time": 0.226,
                                                                "Actual Total Time": 9.809,
                                                                "Actual Rows": 13698,
                                                                "Actual Loops": 1
                                                            },
                                                            {
                                                                "Worker Number": 2,
                                                                "Actual Startup Time": 0.241,
                                                                "Actual Total Time": 9.971,
                                                                "Actual Rows": 13698,
                                                                "Actual Loops": 1
                                                            },
                                                            {
                                                                "Worker Number": 3,
                                                                "Actual Startup Time": 0.235,
                                                                "Actual Total Time": 8.87,
                                                                "Actual Rows": 13698,
                                                                "Actual Loops": 1
                                                            },
                                                            {
                                                                "Worker Number": 4,
                                                                "Actual Startup Time": 0.133,
                                                                "Actual Total Time": 5.359,
                                                                "Actual Rows": 13698,
                                                                "Actual Loops": 1
                                                            }
                                                        ]
                                                    }
                                                ]
                                            }
                                        ]
                                    },
                                    {
                                        "Node Type": "Index Scan",
                                        "Parent Relationship": "Inner",
                                        "Parallel Aware": false,
                                        "Scan Direction": "Forward",
                                        "Index Name": "title_pkey",
                                        "Relation Name": "title",
                                        "Schema": "public",
                                        "Alias": "t",
                                        "Startup Cost": 0.43,
                                        "Total Cost": 0.58,
                                        "Plan Rows": 1,
                                        "Plan Width": 4,
                                        "Actual Startup Time": 0.004,
                                        "Actual Total Time": 0.004,
                                        "Actual Rows": 0,
                                        "Actual Loops": 40213,
                                        "Output": [
                                            "t.id",
                                            "t.title",
                                            "t.imdb_index",
                                            "t.kind_id",
                                            "t.production_year",
                                            "t.imdb_id",
                                            "t.phonetic_code",
                                            "t.episode_of_id",
                                            "t.season_nr",
                                            "t.episode_nr",
                                            "t.series_years",
                                            "t.md5sum"
                                        ],
                                        "Index Cond": "(t.id = mi_idx.movie_id)",
                                        "Rows Removed by Index Recheck": 0,
                                        "Filter": "(t.kind_id > 1)",
                                        "Rows Removed by Filter": 1,
                                        "Workers": [
                                            {
                                                "Worker Number": 0,
                                                "Actual Startup Time": 0.006,
                                                "Actual Total Time": 0.006,
                                                "Actual Rows": 0,
                                                "Actual Loops": 4312
                                            },
                                            {
                                                "Worker Number": 1,
                                                "Actual Startup Time": 0.004,
                                                "Actual Total Time": 0.004,
                                                "Actual Rows": 0,
                                                "Actual Loops": 7376
                                            },
                                            {
                                                "Worker Number": 2,
                                                "Actual Startup Time": 0.004,
                                                "Actual Total Time": 0.004,
                                                "Actual Rows": 0,
                                                "Actual Loops": 7094
                                            },
                                            {
                                                "Worker Number": 3,
                                                "Actual Startup Time": 0.004,
                                                "Actual Total Time": 0.004,
                                                "Actual Rows": 0,
                                                "Actual Loops": 7415
                                            },
                                            {
                                                "Worker Number": 4,
                                                "Actual Startup Time": 0.006,
                                                "Actual Total Time": 0.006,
                                                "Actual Rows": 0,
                                                "Actual Loops": 4522
                                            }
                                        ]
                                    }
                                ]
                            }
                        ]
                    }
                ]
            }
        ]
    },
    "Planning Time": 1.554,
    "Triggers": [],
    "Execution Time": 160.871
}