{
  "Plan": {
    "Node Type": "Aggregate",
    "Strategy": "Plain",
    "Partial Mode": "Finalize",
    "Parallel Aware": false,
    "Startup Cost": 669218.42,
    "Total Cost": 669218.43,
    "Plan Rows": 1,
    "Plan Width": 8,
    "Actual Startup Time": 6475.924,
    "Actual Total Time": 6510.937,
    "Actual Rows": 1,
    "Actual Loops": 1,
    "Plans": [
      {
        "Node Type": "Gather",
        "Parent Relationship": "Outer",
        "Parallel Aware": false,
        "Startup Cost": 669218.31,
        "Total Cost": 669218.42,
        "Plan Rows": 1,
        "Plan Width": 8,
        "Actual Startup Time": 6471.091,
        "Actual Total Time": 6510.93,
        "Actual Rows": 2,
        "Actual Loops": 1,
        "Workers Planned": 1,
        "Workers Launched": 1,
        "Single Copy": false,
        "Plans": [
          {
            "Node Type": "Aggregate",
            "Strategy": "Plain",
            "Partial Mode": "Partial",
            "Parent Relationship": "Outer",
            "Parallel Aware": false,
            "Startup Cost": 668218.31,
            "Total Cost": 668218.32,
            "Plan Rows": 1,
            "Plan Width": 8,
            "Actual Startup Time": 6462.374,
            "Actual Total Time": 6462.379,
            "Actual Rows": 1,
            "Actual Loops": 2,
            "Plans": [
              {
                "Node Type": "Hash Join",
                "Parent Relationship": "Outer",
                "Parallel Aware": true,
                "Join Type": "Inner",
                "Startup Cost": 285450.68,
                "Total Cost": 657041.12,
                "Plan Rows": 4470875,
                "Plan Width": 0,
                "Actual Startup Time": 1370.091,
                "Actual Total Time": 6110.824,
                "Actual Rows": 8533086,
                "Actual Loops": 2,
                "Inner Unique": false,
                "Hash Cond": "(t.id = mc.movie_id)",
                "Plans": [
                  {
                    "Node Type": "Hash Join",
                    "Parent Relationship": "Outer",
                    "Parallel Aware": true,
                    "Join Type": "Inner",
                    "Startup Cost": 232128.08,
                    "Total Cost": 550342.02,
                    "Plan Rows": 4332358,
                    "Plan Width": 8,
                    "Actual Startup Time": 902.627,
                    "Actual Total Time": 3313.651,
                    "Actual Rows": 3784430,
                    "Actual Loops": 2,
                    "Inner Unique": true,
                    "Hash Cond": "(ci.movie_id = t.id)",
                    "Plans": [
                      {
                        "Node Type": "Bitmap Heap Scan",
                        "Parent Relationship": "Outer",
                        "Parallel Aware": true,
                        "Relation Name": "cast_info",
                        "Alias": "ci",
                        "Startup Cost": 162667.38,
                        "Total Cost": 469508.86,
                        "Plan Rows": 4332358,
                        "Plan Width": 4,
                        "Actual Startup Time": 353.877,
                        "Actual Total Time": 729.591,
                        "Actual Rows": 3784430,
                        "Actual Loops": 2,
                        "Recheck Cond": "(person_id < 733473)",
                        "Rows Removed by Index Recheck": 0,
                        "Exact Heap Blocks": 39807,
                        "Lossy Heap Blocks": 0,
                        "Plans": [
                          {
                            "Node Type": "Bitmap Index Scan",
                            "Parent Relationship": "Outer",
                            "Parallel Aware": false,
                            "Index Name": "person_id_cast_info",
                            "Startup Cost": 0.0,
                            "Total Cost": 160826.13,
                            "Plan Rows": 7365009,
                            "Plan Width": 0,
                            "Actual Startup Time": 339.992,
                            "Actual Total Time": 339.993,
                            "Actual Rows": 7568861,
                            "Actual Loops": 1,
                            "Index Cond": "(person_id < 733473)"
                          }
                        ]
                      },
                      {
                        "Node Type": "Hash",
                        "Parent Relationship": "Inner",
                        "Parallel Aware": true,
                        "Startup Cost": 50870.31,
                        "Total Cost": 50870.31,
                        "Plan Rows": 1487231,
                        "Plan Width": 4,
                        "Actual Startup Time": 536.718,
                        "Actual Total Time": 536.719,
                        "Actual Rows": 1264156,
                        "Actual Loops": 2,
                        "Hash Buckets": 4194304,
                        "Original Hash Buckets": 4194304,
                        "Hash Batches": 1,
                        "Original Hash Batches": 1,
                        "Peak Memory Usage": 131712,
                        "Plans": [
                          {
                            "Node Type": "Seq Scan",
                            "Parent Relationship": "Outer",
                            "Parallel Aware": true,
                            "Relation Name": "title",
                            "Alias": "t",
                            "Startup Cost": 0.0,
                            "Total Cost": 50870.31,
                            "Plan Rows": 1487231,
                            "Plan Width": 4,
                            "Actual Startup Time": 0.023,
                            "Actual Total Time": 147.395,
                            "Actual Rows": 1264156,
                            "Actual Loops": 2
                          }
                        ]
                      }
                    ]
                  },
                  {
                    "Node Type": "Hash",
                    "Parent Relationship": "Inner",
                    "Parallel Aware": true,
                    "Startup Cost": 34137.82,
                    "Total Cost": 34137.82,
                    "Plan Rows": 1534782,
                    "Plan Width": 4,
                    "Actual Startup Time": 451.471,
                    "Actual Total Time": 451.471,
                    "Actual Rows": 1304564,
                    "Actual Loops": 2,
                    "Hash Buckets": 4194304,
                    "Original Hash Buckets": 4194304,
                    "Hash Batches": 1,
                    "Original Hash Batches": 1,
                    "Peak Memory Usage": 134880,
                    "Plans": [
                      {
                        "Node Type": "Seq Scan",
                        "Parent Relationship": "Outer",
                        "Parallel Aware": true,
                        "Relation Name": "movie_companies",
                        "Alias": "mc",
                        "Startup Cost": 0.0,
                        "Total Cost": 34137.82,
                        "Plan Rows": 1534782,
                        "Plan Width": 4,
                        "Actual Startup Time": 0.03,
                        "Actual Total Time": 130.763,
                        "Actual Rows": 1304564,
                        "Actual Loops": 2
                      }
                    ]
                  }
                ]
              }
            ]
          }
        ]
      }
    ]
  },
  "Planning Time": 0.452,
  "Triggers": [],
  "Execution Time": 6511.0
}