[
  {
    "Plan": {
      "Node Type": "Aggregate",
      "Strategy": "Plain",
      "Partial Mode": "Finalize",
      "Parallel Aware": false,
      "Startup Cost": 127859.8,
      "Total Cost": 127859.81,
      "Plan Rows": 1,
      "Plan Width": 8,
      "Actual Startup Time": 894.894,
      "Actual Total Time": 918.807,
      "Actual Rows": 1,
      "Actual Loops": 1,
      "Plans": [
        {
          "Node Type": "Gather",
          "Parent Relationship": "Outer",
          "Parallel Aware": false,
          "Startup Cost": 127859.48,
          "Total Cost": 127859.79,
          "Plan Rows": 3,
          "Plan Width": 8,
          "Actual Startup Time": 881.053,
          "Actual Total Time": 918.798,
          "Actual Rows": 4,
          "Actual Loops": 1,
          "Workers Planned": 3,
          "Workers Launched": 3,
          "Single Copy": false,
          "Plans": [
            {
              "Node Type": "Aggregate",
              "Strategy": "Plain",
              "Partial Mode": "Partial",
              "Parent Relationship": "Outer",
              "Parallel Aware": false,
              "Startup Cost": 126859.48,
              "Total Cost": 126859.49,
              "Plan Rows": 1,
              "Plan Width": 8,
              "Actual Startup Time": 871.935,
              "Actual Total Time": 871.941,
              "Actual Rows": 1,
              "Actual Loops": 4,
              "Plans": [
                {
                  "Node Type": "Hash Join",
                  "Parent Relationship": "Outer",
                  "Parallel Aware": true,
                  "Join Type": "Inner",
                  "Startup Cost": 95198.18,
                  "Total Cost": 126292.51,
                  "Plan Rows": 226790,
                  "Plan Width": 0,
                  "Actual Startup Time": 558.698,
                  "Actual Total Time": 811.663,
                  "Actual Rows": 1341218,
                  "Actual Loops": 4,
                  "Inner Unique": false,
                  "Hash Cond": "(mc.movie_id = t.id)",
                  "Plans": [
                    {
                      "Node Type": "Seq Scan",
                      "Parent Relationship": "Outer",
                      "Parallel Aware": true,
                      "Relation Name": "movie_companies",
                      "Alias": "mc",
                      "Startup Cost": 0.0,
                      "Total Cost": 27206.55,
                      "Plan Rows": 841655,
                      "Plan Width": 4,
                      "Actual Startup Time": 0.014,
                      "Actual Total Time": 57.955,
                      "Actual Rows": 652282,
                      "Actual Loops": 4
                    },
                    {
                      "Node Type": "Hash",
                      "Parent Relationship": "Inner",
                      "Parallel Aware": true,
                      "Startup Cost": 92450.99,
                      "Total Cost": 92450.99,
                      "Plan Rows": 219775,
                      "Plan Width": 8,
                      "Actual Startup Time": 550.164,
                      "Actual Total Time": 550.168,
                      "Actual Rows": 169674,
                      "Actual Loops": 4,
                      "Hash Buckets": 1048576,
                      "Original Hash Buckets": 1048576,
                      "Hash Batches": 1,
                      "Original Hash Batches": 1,
                      "Peak Memory Usage": 34816,
                      "Plans": [
                        {
                          "Node Type": "Hash Join",
                          "Parent Relationship": "Outer",
                          "Parallel Aware": true,
                          "Join Type": "Inner",
                          "Startup Cost": 64672.9,
                          "Total Cost": 92450.99,
                          "Plan Rows": 219775,
                          "Plan Width": 8,
                          "Actual Startup Time": 378.584,
                          "Actual Total Time": 490.215,
                          "Actual Rows": 169674,
                          "Actual Loops": 4,
                          "Inner Unique": true,
                          "Hash Cond": "(mk.movie_id = t.id)",
                          "Plans": [
                            {
                              "Node Type": "Bitmap Heap Scan",
                              "Parent Relationship": "Outer",
                              "Parallel Aware": true,
                              "Relation Name": "movie_keyword",
                              "Alias": "mk",
                              "Startup Cost": 14452.52,
                              "Total Cost": 41653.7,
                              "Plan Rows": 219775,
                              "Plan Width": 4,
                              "Actual Startup Time": 40.196,
                              "Actual Total Time": 94.454,
                              "Actual Rows": 169674,
                              "Actual Loops": 4,
                              "Recheck Cond": "(keyword_id > 27586)",
                              "Rows Removed by Index Recheck": 0,
                              "Exact Heap Blocks": 7631,
                              "Lossy Heap Blocks": 0,
                              "Plans": [
                                {
                                  "Node Type": "Bitmap Index Scan",
                                  "Parent Relationship": "Outer",
                                  "Parallel Aware": false,
                                  "Index Name": "keyword_id_movie_keyword",
                                  "Startup Cost": 0.0,
                                  "Total Cost": 14282.19,
                                  "Plan Rows": 681301,
                                  "Plan Width": 0,
                                  "Actual Startup Time": 36.634,
                                  "Actual Total Time": 36.634,
                                  "Actual Rows": 678694,
                                  "Actual Loops": 1,
                                  "Index Cond": "(keyword_id > 27586)"
                                }
                              ]
                            },
                            {
                              "Node Type": "Hash",
                              "Parent Relationship": "Inner",
                              "Parallel Aware": true,
                              "Startup Cost": 42319.06,
                              "Total Cost": 42319.06,
                              "Plan Rows": 632106,
                              "Plan Width": 4,
                              "Actual Startup Time": 332.01,
                              "Actual Total Time": 332.011,
                              "Actual Rows": 632078,
                              "Actual Loops": 4,
                              "Hash Buckets": 4194304,
                              "Original Hash Buckets": 4194304,
                              "Hash Batches": 1,
                              "Original Hash Batches": 1,
                              "Peak Memory Usage": 131712,
                              "Plans": [
                                {
                                  "Node Type": "Seq Scan",
                                  "Parent Relationship": "Outer",
                                  "Parallel Aware": true,
                                  "Relation Name": "title",
                                  "Alias": "t",
                                  "Startup Cost": 0.0,
                                  "Total Cost": 42319.06,
                                  "Plan Rows": 632106,
                                  "Plan Width": 4,
                                  "Actual Startup Time": 0.036,
                                  "Actual Total Time": 97.867,
                                  "Actual Rows": 632078,
                                  "Actual Loops": 4
                                }
                              ]
                            }
                          ]
                        }
                      ]
                    }
                  ]
                }
              ]
            }
          ]
        }
      ]
    },
    "Planning Time": 0.48,
    "Triggers": [],
    "Execution Time": 918.861
  }
]