[
  {
    "Plan": {
      "Node Type": "Aggregate",
      "Strategy": "Plain",
      "Partial Mode": "Finalize",
      "Parallel Aware": false,
      "Startup Cost": 93553.89,
      "Total Cost": 93553.9,
      "Plan Rows": 1,
      "Plan Width": 8,
      "Actual Startup Time": 300.908,
      "Actual Total Time": 319.301,
      "Actual Rows": 1,
      "Actual Loops": 1,
      "Plans": [
        {
          "Node Type": "Gather",
          "Parent Relationship": "Outer",
          "Parallel Aware": false,
          "Startup Cost": 93553.47,
          "Total Cost": 93553.88,
          "Plan Rows": 4,
          "Plan Width": 8,
          "Actual Startup Time": 296.616,
          "Actual Total Time": 319.291,
          "Actual Rows": 5,
          "Actual Loops": 1,
          "Workers Planned": 4,
          "Workers Launched": 4,
          "Single Copy": false,
          "Plans": [
            {
              "Node Type": "Aggregate",
              "Strategy": "Plain",
              "Partial Mode": "Partial",
              "Parent Relationship": "Outer",
              "Parallel Aware": false,
              "Startup Cost": 92553.47,
              "Total Cost": 92553.48,
              "Plan Rows": 1,
              "Plan Width": 8,
              "Actual Startup Time": 284.316,
              "Actual Total Time": 284.322,
              "Actual Rows": 1,
              "Actual Loops": 5,
              "Plans": [
                {
                  "Node Type": "Hash Join",
                  "Parent Relationship": "Outer",
                  "Parallel Aware": true,
                  "Join Type": "Inner",
                  "Startup Cost": 47700.21,
                  "Total Cost": 92532.87,
                  "Plan Rows": 8238,
                  "Plan Width": 0,
                  "Actual Startup Time": 229.002,
                  "Actual Total Time": 283.072,
                  "Actual Rows": 27234,
                  "Actual Loops": 5,
                  "Inner Unique": false,
                  "Hash Cond": "(t.id = mi_idx.movie_id)",
                  "Plans": [
                    {
                      "Node Type": "Seq Scan",
                      "Parent Relationship": "Outer",
                      "Parallel Aware": true,
                      "Relation Name": "title",
                      "Alias": "t",
                      "Startup Cost": 0.0,
                      "Total Cost": 42318.73,
                      "Plan Rows": 632073,
                      "Plan Width": 4,
                      "Actual Startup Time": 0.017,
                      "Actual Total Time": 67.577,
                      "Actual Rows": 505662,
                      "Actual Loops": 5
                    },
                    {
                      "Node Type": "Hash",
                      "Parent Relationship": "Inner",
                      "Parallel Aware": true,
                      "Startup Cost": 46981.94,
                      "Total Cost": 46981.94,
                      "Plan Rows": 57462,
                      "Plan Width": 8,
                      "Actual Startup Time": 149.018,
                      "Actual Total Time": 149.023,
                      "Actual Rows": 27234,
                      "Actual Loops": 5,
                      "Hash Buckets": 262144,
                      "Original Hash Buckets": 262144,
                      "Hash Batches": 1,
                      "Original Hash Batches": 1,
                      "Peak Memory Usage": 7456,
                      "Plans": [
                        {
                          "Node Type": "Hash Join",
                          "Parent Relationship": "Outer",
                          "Parallel Aware": true,
                          "Join Type": "Inner",
                          "Startup Cost": 21348.21,
                          "Total Cost": 46981.94,
                          "Plan Rows": 57462,
                          "Plan Width": 8,
                          "Actual Startup Time": 93.86,
                          "Actual Total Time": 141.154,
                          "Actual Rows": 27234,
                          "Actual Loops": 5,
                          "Inner Unique": false,
                          "Hash Cond": "(mk.movie_id = mi_idx.movie_id)",
                          "Plans": [
                            {
                              "Node Type": "Bitmap Heap Scan",
                              "Parent Relationship": "Outer",
                              "Parallel Aware": true,
                              "Relation Name": "movie_keyword",
                              "Alias": "mk",
                              "Startup Cost": 3806.63,
                              "Total Cost": 28983.93,
                              "Plan Rows": 57865,
                              "Plan Width": 4,
                              "Actual Startup Time": 15.294,
                              "Actual Total Time": 49.64,
                              "Actual Rows": 34515,
                              "Actual Loops": 5,
                              "Recheck Cond": "(keyword_id > 72034)",
                              "Rows Removed by Index Recheck": 0,
                              "Exact Heap Blocks": 5382,
                              "Lossy Heap Blocks": 0,
                              "Plans": [
                                {
                                  "Node Type": "Bitmap Index Scan",
                                  "Parent Relationship": "Outer",
                                  "Parallel Aware": false,
                                  "Index Name": "keyword_id_movie_keyword",
                                  "Startup Cost": 0.0,
                                  "Total Cost": 3761.78,
                                  "Plan Rows": 179380,
                                  "Plan Width": 0,
                                  "Actual Startup Time": 12.293,
                                  "Actual Total Time": 12.294,
                                  "Actual Rows": 172573,
                                  "Actual Loops": 1,
                                  "Index Cond": "(keyword_id > 72034)"
                                }
                              ]
                            },
                            {
                              "Node Type": "Hash",
                              "Parent Relationship": "Inner",
                              "Parallel Aware": true,
                              "Startup Cost": 15122.68,
                              "Total Cost": 15122.68,
                              "Plan Rows": 193512,
                              "Plan Width": 4,
                              "Actual Startup Time": 76.99,
                              "Actual Total Time": 76.991,
                              "Actual Rows": 91985,
                              "Actual Loops": 5,
                              "Hash Buckets": 524288,
                              "Original Hash Buckets": 524288,
                              "Hash Batches": 1,
                              "Original Hash Batches": 1,
                              "Peak Memory Usage": 22176,
                              "Plans": [
                                {
                                  "Node Type": "Seq Scan",
                                  "Parent Relationship": "Outer",
                                  "Parallel Aware": true,
                                  "Relation Name": "movie_info_idx",
                                  "Alias": "mi_idx",
                                  "Startup Cost": 0.0,
                                  "Total Cost": 15122.68,
                                  "Plan Rows": 193512,
                                  "Plan Width": 4,
                                  "Actual Startup Time": 0.088,
                                  "Actual Total Time": 39.189,
                                  "Actual Rows": 91985,
                                  "Actual Loops": 5,
                                  "Filter": "(info_type_id = 100)",
                                  "Rows Removed by Filter": 184022
                                }
                              ]
                            }
                          ]
                        }
                      ]
                    }
                  ]
                }
              ]
            }
          ]
        }
      ]
    },
    "Planning Time": 1.374,
    "Triggers": [],
    "Execution Time": 319.403
  }
]