[
  {
    "Plan": {
      "Node Type": "Aggregate",
      "Strategy": "Plain",
      "Partial Mode": "Finalize",
      "Parallel Aware": false,
      "Startup Cost": 44995.25,
      "Total Cost": 44995.26,
      "Plan Rows": 1,
      "Plan Width": 8,
      "Actual Startup Time": 137.041,
      "Actual Total Time": 145.87,
      "Actual Rows": 1,
      "Actual Loops": 1,
      "Plans": [
        {
          "Node Type": "Gather",
          "Parent Relationship": "Outer",
          "Parallel Aware": false,
          "Startup Cost": 44994.93,
          "Total Cost": 44995.24,
          "Plan Rows": 3,
          "Plan Width": 8,
          "Actual Startup Time": 136.923,
          "Actual Total Time": 145.861,
          "Actual Rows": 4,
          "Actual Loops": 1,
          "Workers Planned": 3,
          "Workers Launched": 3,
          "Single Copy": false,
          "Plans": [
            {
              "Node Type": "Aggregate",
              "Strategy": "Plain",
              "Partial Mode": "Partial",
              "Parent Relationship": "Outer",
              "Parallel Aware": false,
              "Startup Cost": 43994.93,
              "Total Cost": 43994.94,
              "Plan Rows": 1,
              "Plan Width": 8,
              "Actual Startup Time": 131.964,
              "Actual Total Time": 131.965,
              "Actual Rows": 1,
              "Actual Loops": 4,
              "Plans": [
                {
                  "Node Type": "Seq Scan",
                  "Parent Relationship": "Outer",
                  "Parallel Aware": true,
                  "Relation Name": "movie_keyword",
                  "Alias": "mk",
                  "Startup Cost": 0.0,
                  "Total Cost": 42695.65,
                  "Plan Rows": 519711,
                  "Plan Width": 0,
                  "Actual Startup Time": 0.543,
                  "Actual Total Time": 112.041,
                  "Actual Rows": 400154,
                  "Actual Loops": 4,
                  "Filter": "(keyword_id > 9563)",
                  "Rows Removed by Filter": 730828
                }
              ]
            }
          ]
        }
      ]
    },
    "Planning Time": 0.091,
    "Triggers": [],
    "Execution Time": 145.899
  }
]