[
  {
    "Plan": {
      "Node Type": "Aggregate",
      "Strategy": "Plain",
      "Partial Mode": "Finalize",
      "Parallel Aware": false,
      "Startup Cost": 249562.6,
      "Total Cost": 249562.61,
      "Plan Rows": 1,
      "Plan Width": 8,
      "Actual Startup Time": 964.446,
      "Actual Total Time": 1011.236,
      "Actual Rows": 1,
      "Actual Loops": 1,
      "Plans": [
        {
          "Node Type": "Gather",
          "Parent Relationship": "Outer",
          "Parallel Aware": false,
          "Startup Cost": 249562.08,
          "Total Cost": 249562.59,
          "Plan Rows": 5,
          "Plan Width": 8,
          "Actual Startup Time": 960.65,
          "Actual Total Time": 1011.227,
          "Actual Rows": 6,
          "Actual Loops": 1,
          "Workers Planned": 5,
          "Workers Launched": 5,
          "Single Copy": false,
          "Plans": [
            {
              "Node Type": "Aggregate",
              "Strategy": "Plain",
              "Partial Mode": "Partial",
              "Parent Relationship": "Outer",
              "Parallel Aware": false,
              "Startup Cost": 248562.08,
              "Total Cost": 248562.09,
              "Plan Rows": 1,
              "Plan Width": 8,
              "Actual Startup Time": 950.845,
              "Actual Total Time": 950.848,
              "Actual Rows": 1,
              "Actual Loops": 6,
              "Plans": [
                {
                  "Node Type": "Hash Join",
                  "Parent Relationship": "Outer",
                  "Parallel Aware": true,
                  "Join Type": "Inner",
                  "Startup Cost": 47422.31,
                  "Total Cost": 246744.08,
                  "Plan Rows": 727202,
                  "Plan Width": 0,
                  "Actual Startup Time": 148.912,
                  "Actual Total Time": 938.253,
                  "Actual Rows": 234772,
                  "Actual Loops": 6,
                  "Inner Unique": true,
                  "Hash Cond": "(mi.movie_id = t.id)",
                  "Plans": [
                    {
                      "Node Type": "Seq Scan",
                      "Parent Relationship": "Outer",
                      "Parallel Aware": true,
                      "Relation Name": "movie_info",
                      "Alias": "mi",
                      "Startup Cost": 0.0,
                      "Total Cost": 191560.33,
                      "Plan Rows": 2956733,
                      "Plan Width": 4,
                      "Actual Startup Time": 0.034,
                      "Actual Total Time": 321.148,
                      "Actual Rows": 2472620,
                      "Actual Loops": 6
                    },
                    {
                      "Node Type": "Hash",
                      "Parent Relationship": "Inner",
                      "Parallel Aware": true,
                      "Startup Cost": 45479.1,
                      "Total Cost": 45479.1,
                      "Plan Rows": 155457,
                      "Plan Width": 4,
                      "Actual Startup Time": 144.073,
                      "Actual Total Time": 144.074,
                      "Actual Rows": 112821,
                      "Actual Loops": 6,
                      "Hash Buckets": 1048576,
                      "Original Hash Buckets": 1048576,
                      "Hash Batches": 1,
                      "Original Hash Batches": 1,
                      "Peak Memory Usage": 34784,
                      "Plans": [
                        {
                          "Node Type": "Seq Scan",
                          "Parent Relationship": "Outer",
                          "Parallel Aware": true,
                          "Relation Name": "title",
                          "Alias": "t",
                          "Startup Cost": 0.0,
                          "Total Cost": 45479.1,
                          "Plan Rows": 155457,
                          "Plan Width": 4,
                          "Actual Startup Time": 0.038,
                          "Actual Total Time": 89.308,
                          "Actual Rows": 112821,
                          "Actual Loops": 6,
                          "Filter": "((production_year > 2005) AND (kind_id = 7))",
                          "Rows Removed by Filter": 308564
                        }
                      ]
                    }
                  ]
                }
              ]
            }
          ]
        }
      ]
    },
    "Planning Time": 0.604,
    "Triggers": [],
    "Execution Time": 1011.317
  }
]