[
  {
    "Plan": {
      "Node Type": "Aggregate",
      "Strategy": "Plain",
      "Partial Mode": "Finalize",
      "Parallel Aware": false,
      "Startup Cost": 52831.87,
      "Total Cost": 52831.88,
      "Plan Rows": 1,
      "Plan Width": 8,
      "Actual Startup Time": 102.035,
      "Actual Total Time": 116.046,
      "Actual Rows": 1,
      "Actual Loops": 1,
      "Plans": [
        {
          "Node Type": "Gather",
          "Parent Relationship": "Outer",
          "Parallel Aware": false,
          "Startup Cost": 52831.45,
          "Total Cost": 52831.86,
          "Plan Rows": 4,
          "Plan Width": 8,
          "Actual Startup Time": 101.804,
          "Actual Total Time": 116.038,
          "Actual Rows": 5,
          "Actual Loops": 1,
          "Workers Planned": 4,
          "Workers Launched": 4,
          "Single Copy": false,
          "Plans": [
            {
              "Node Type": "Aggregate",
              "Strategy": "Plain",
              "Partial Mode": "Partial",
              "Parent Relationship": "Outer",
              "Parallel Aware": false,
              "Startup Cost": 51831.45,
              "Total Cost": 51831.46,
              "Plan Rows": 1,
              "Plan Width": 8,
              "Actual Startup Time": 91.605,
              "Actual Total Time": 91.607,
              "Actual Rows": 1,
              "Actual Loops": 5,
              "Plans": [
                {
                  "Node Type": "Nested Loop",
                  "Parent Relationship": "Outer",
                  "Parallel Aware": false,
                  "Join Type": "Inner",
                  "Startup Cost": 0.99,
                  "Total Cost": 51830.97,
                  "Plan Rows": 194,
                  "Plan Width": 0,
                  "Actual Startup Time": 34.541,
                  "Actual Total Time": 91.587,
                  "Actual Rows": 75,
                  "Actual Loops": 5,
                  "Inner Unique": false,
                  "Join Filter": "(t.id = ci.movie_id)",
                  "Rows Removed by Join Filter": 0,
                  "Plans": [
                    {
                      "Node Type": "Nested Loop",
                      "Parent Relationship": "Outer",
                      "Parallel Aware": false,
                      "Join Type": "Inner",
                      "Startup Cost": 0.43,
                      "Total Cost": 51628.15,
                      "Plan Rows": 14,
                      "Plan Width": 8,
                      "Actual Startup Time": 34.405,
                      "Actual Total Time": 90.388,
                      "Actual Rows": 8,
                      "Actual Loops": 5,
                      "Inner Unique": false,
                      "Plans": [
                        {
                          "Node Type": "Seq Scan",
                          "Parent Relationship": "Outer",
                          "Parallel Aware": true,
                          "Relation Name": "title",
                          "Alias": "t",
                          "Startup Cost": 0.0,
                          "Total Cost": 45479.1,
                          "Plan Rows": 334,
                          "Plan Width": 4,
                          "Actual Startup Time": 25.124,
                          "Actual Total Time": 89.702,
                          "Actual Rows": 19,
                          "Actual Loops": 5,
                          "Filter": "((kind_id > 1) AND (production_year = 1946))",
                          "Rows Removed by Filter": 505643
                        },
                        {
                          "Node Type": "Index Scan",
                          "Parent Relationship": "Inner",
                          "Parallel Aware": false,
                          "Scan Direction": "Forward",
                          "Index Name": "movie_id_movie_companies",
                          "Relation Name": "movie_companies",
                          "Alias": "mc",
                          "Startup Cost": 0.43,
                          "Total Cost": 18.4,
                          "Plan Rows": 1,
                          "Plan Width": 4,
                          "Actual Startup Time": 0.034,
                          "Actual Total Time": 0.034,
                          "Actual Rows": 0,
                          "Actual Loops": 95,
                          "Index Cond": "(movie_id = t.id)",
                          "Rows Removed by Index Recheck": 0,
                          "Filter": "((company_id < 57) AND (company_type_id = 2))",
                          "Rows Removed by Filter": 1
                        }
                      ]
                    },
                    {
                      "Node Type": "Index Only Scan",
                      "Parent Relationship": "Inner",
                      "Parallel Aware": false,
                      "Scan Direction": "Forward",
                      "Index Name": "movie_id_cast_info",
                      "Relation Name": "cast_info",
                      "Alias": "ci",
                      "Startup Cost": 0.56,
                      "Total Cost": 14.02,
                      "Plan Rows": 37,
                      "Plan Width": 4,
                      "Actual Startup Time": 0.047,
                      "Actual Total Time": 0.146,
                      "Actual Rows": 9,
                      "Actual Loops": 40,
                      "Index Cond": "(movie_id = mc.movie_id)",
                      "Rows Removed by Index Recheck": 0,
                      "Heap Fetches": 377
                    }
                  ]
                }
              ]
            }
          ]
        }
      ]
    },
    "Planning Time": 1.491,
    "Triggers": [],
    "Execution Time": 116.13
  }
]