[
  {
    "Plan": {
      "Node Type": "Aggregate",
      "Strategy": "Plain",
      "Partial Mode": "Finalize",
      "Parallel Aware": false,
      "Startup Cost": 319128.25,
      "Total Cost": 319128.26,
      "Plan Rows": 1,
      "Plan Width": 8,
      "Actual Startup Time": 221.331,
      "Actual Total Time": 228.184,
      "Actual Rows": 1,
      "Actual Loops": 1,
      "Plans": [
        {
          "Node Type": "Gather",
          "Parent Relationship": "Outer",
          "Parallel Aware": false,
          "Startup Cost": 319127.62,
          "Total Cost": 319128.23,
          "Plan Rows": 6,
          "Plan Width": 8,
          "Actual Startup Time": 220.563,
          "Actual Total Time": 228.177,
          "Actual Rows": 7,
          "Actual Loops": 1,
          "Workers Planned": 6,
          "Workers Launched": 6,
          "Single Copy": false,
          "Plans": [
            {
              "Node Type": "Aggregate",
              "Strategy": "Plain",
              "Partial Mode": "Partial",
              "Parent Relationship": "Outer",
              "Parallel Aware": false,
              "Startup Cost": 318127.62,
              "Total Cost": 318127.63,
              "Plan Rows": 1,
              "Plan Width": 8,
              "Actual Startup Time": 213.958,
              "Actual Total Time": 213.959,
              "Actual Rows": 1,
              "Actual Loops": 7,
              "Plans": [
                {
                  "Node Type": "Bitmap Heap Scan",
                  "Parent Relationship": "Outer",
                  "Parallel Aware": true,
                  "Relation Name": "cast_info",
                  "Alias": "ci",
                  "Startup Cost": 58784.03,
                  "Total Cost": 317018.19,
                  "Plan Rows": 443773,
                  "Plan Width": 0,
                  "Actual Startup Time": 89.039,
                  "Actual Total Time": 193.599,
                  "Actual Rows": 388582,
                  "Actual Loops": 7,
                  "Recheck Cond": "(person_id > 3541243)",
                  "Rows Removed by Index Recheck": 0,
                  "Exact Heap Blocks": 8830,
                  "Lossy Heap Blocks": 0,
                  "Plans": [
                    {
                      "Node Type": "Bitmap Index Scan",
                      "Parent Relationship": "Outer",
                      "Parallel Aware": false,
                      "Index Name": "person_id_cast_info",
                      "Startup Cost": 0.0,
                      "Total Cost": 58118.37,
                      "Plan Rows": 2662640,
                      "Plan Width": 0,
                      "Actual Startup Time": 88.704,
                      "Actual Total Time": 88.705,
                      "Actual Rows": 2720076,
                      "Actual Loops": 1,
                      "Index Cond": "(person_id > 3541243)"
                    }
                  ]
                }
              ]
            }
          ]
        }
      ]
    },
    "Planning Time": 0.057,
    "Triggers": [],
    "Execution Time": 228.213
  }
]