{
  "Plan": {
    "Node Type": "Aggregate",
    "Strategy": "Plain",
    "Partial Mode": "Finalize",
    "Parallel Aware": false,
    "Startup Cost": 345868.26,
    "Total Cost": 345868.27,
    "Plan Rows": 1,
    "Plan Width": 8,
    "Actual Startup Time": 1489.841,
    "Actual Total Time": 1528.091,
    "Actual Rows": 1,
    "Actual Loops": 1,
    "Plans": [
      {
        "Node Type": "Gather",
        "Parent Relationship": "Outer",
        "Parallel Aware": false,
        "Startup Cost": 345868.14,
        "Total Cost": 345868.25,
        "Plan Rows": 1,
        "Plan Width": 8,
        "Actual Startup Time": 1489.206,
        "Actual Total Time": 1528.084,
        "Actual Rows": 2,
        "Actual Loops": 1,
        "Workers Planned": 1,
        "Workers Launched": 1,
        "Single Copy": false,
        "Plans": [
          {
            "Node Type": "Aggregate",
            "Strategy": "Plain",
            "Partial Mode": "Partial",
            "Parent Relationship": "Outer",
            "Parallel Aware": false,
            "Startup Cost": 344868.14,
            "Total Cost": 344868.15,
            "Plan Rows": 1,
            "Plan Width": 8,
            "Actual Startup Time": 1483.557,
            "Actual Total Time": 1483.56,
            "Actual Rows": 1,
            "Actual Loops": 2,
            "Plans": [
              {
                "Node Type": "Hash Join",
                "Parent Relationship": "Outer",
                "Parallel Aware": true,
                "Join Type": "Inner",
                "Startup Cost": 59002.89,
                "Total Cost": 344345.6,
                "Plan Rows": 209018,
                "Plan Width": 0,
                "Actual Startup Time": 165.84,
                "Actual Total Time": 1446.141,
                "Actual Rows": 928466,
                "Actual Loops": 2,
                "Inner Unique": true,
                "Hash Cond": "(mi.movie_id = t.id)",
                "Plans": [
                  {
                    "Node Type": "Seq Scan",
                    "Parent Relationship": "Outer",
                    "Parallel Aware": true,
                    "Relation Name": "movie_info",
                    "Alias": "mi",
                    "Startup Cost": 0.0,
                    "Total Cost": 270696.42,
                    "Plan Rows": 5579529,
                    "Plan Width": 4,
                    "Actual Startup Time": 0.019,
                    "Actual Total Time": 709.925,
                    "Actual Rows": 4782576,
                    "Actual Loops": 2,
                    "Filter": "(info_type_id < 16)",
                    "Rows Removed by Filter": 2635284
                  },
                  {
                    "Node Type": "Hash",
                    "Parent Relationship": "Inner",
                    "Parallel Aware": true,
                    "Startup Cost": 58306.47,
                    "Total Cost": 58306.47,
                    "Plan Rows": 55714,
                    "Plan Width": 4,
                    "Actual Startup Time": 162.397,
                    "Actual Total Time": 162.397,
                    "Actual Rows": 99548,
                    "Actual Loops": 2,
                    "Hash Buckets": 262144,
                    "Original Hash Buckets": 131072,
                    "Hash Batches": 1,
                    "Original Hash Batches": 1,
                    "Peak Memory Usage": 10912,
                    "Plans": [
                      {
                        "Node Type": "Seq Scan",
                        "Parent Relationship": "Outer",
                        "Parallel Aware": true,
                        "Relation Name": "title",
                        "Alias": "t",
                        "Startup Cost": 0.0,
                        "Total Cost": 58306.47,
                        "Plan Rows": 55714,
                        "Plan Width": 4,
                        "Actual Startup Time": 0.41,
                        "Actual Total Time": 139.905,
                        "Actual Rows": 99548,
                        "Actual Loops": 2,
                        "Filter": "((kind_id < 7) AND (production_year < 1961))",
                        "Rows Removed by Filter": 1164608
                      }
                    ]
                  }
                ]
              }
            ]
          }
        ]
      }
    ]
  },
  "Planning Time": 0.481,
  "Triggers": [],
  "Execution Time": 1528.169
}