{
  "Plan": {
    "Node Type": "Aggregate",
    "Strategy": "Plain",
    "Partial Mode": "Finalize",
    "Parallel Aware": false,
    "Startup Cost": 832108.76,
    "Total Cost": 832108.77,
    "Plan Rows": 1,
    "Plan Width": 8,
    "Actual Startup Time": 9688.308,
    "Actual Total Time": 9786.108,
    "Actual Rows": 1,
    "Actual Loops": 1,
    "Plans": [
      {
        "Node Type": "Gather",
        "Parent Relationship": "Outer",
        "Parallel Aware": false,
        "Startup Cost": 832108.65,
        "Total Cost": 832108.76,
        "Plan Rows": 1,
        "Plan Width": 8,
        "Actual Startup Time": 9672.126,
        "Actual Total Time": 9786.099,
        "Actual Rows": 2,
        "Actual Loops": 1,
        "Workers Planned": 1,
        "Workers Launched": 1,
        "Single Copy": false,
        "Plans": [
          {
            "Node Type": "Aggregate",
            "Strategy": "Plain",
            "Partial Mode": "Partial",
            "Parent Relationship": "Outer",
            "Parallel Aware": false,
            "Startup Cost": 831108.65,
            "Total Cost": 831108.66,
            "Plan Rows": 1,
            "Plan Width": 8,
            "Actual Startup Time": 9642.316,
            "Actual Total Time": 9642.323,
            "Actual Rows": 1,
            "Actual Loops": 2,
            "Plans": [
              {
                "Node Type": "Hash Join",
                "Parent Relationship": "Outer",
                "Parallel Aware": true,
                "Join Type": "Inner",
                "Startup Cost": 703125.25,
                "Total Cost": 814897.64,
                "Plan Rows": 6484402,
                "Plan Width": 0,
                "Actual Startup Time": 6962.937,
                "Actual Total Time": 8823.466,
                "Actual Rows": 19572932,
                "Actual Loops": 2,
                "Inner Unique": false,
                "Hash Cond": "(mk.movie_id = t.id)",
                "Plans": [
                  {
                    "Node Type": "Seq Scan",
                    "Parent Relationship": "Outer",
                    "Parallel Aware": true,
                    "Relation Name": "movie_keyword",
                    "Alias": "mk",
                    "Startup Cost": 0.0,
                    "Total Cost": 57718.19,
                    "Plan Rows": 1272852,
                    "Plan Width": 4,
                    "Actual Startup Time": 0.414,
                    "Actual Total Time": 187.727,
                    "Actual Rows": 1080980,
                    "Actual Loops": 2,
                    "Filter": "(keyword_id > 5309)",
                    "Rows Removed by Filter": 1180984
                  },
                  {
                    "Node Type": "Hash",
                    "Parent Relationship": "Inner",
                    "Parallel Aware": true,
                    "Startup Cost": 608418.58,
                    "Total Cost": 608418.58,
                    "Plan Rows": 7576534,
                    "Plan Width": 8,
                    "Actual Startup Time": 6907.005,
                    "Actual Total Time": 6907.009,
                    "Actual Rows": 6439680,
                    "Actual Loops": 2,
                    "Hash Buckets": 16777216,
                    "Original Hash Buckets": 16777216,
                    "Hash Batches": 1,
                    "Original Hash Batches": 1,
                    "Peak Memory Usage": 634944,
                    "Plans": [
                      {
                        "Node Type": "Hash Join",
                        "Parent Relationship": "Outer",
                        "Parallel Aware": true,
                        "Join Type": "Inner",
                        "Startup Cost": 69460.7,
                        "Total Cost": 608418.58,
                        "Plan Rows": 7576534,
                        "Plan Width": 8,
                        "Actual Startup Time": 495.235,
                        "Actual Total Time": 4780.215,
                        "Actual Rows": 6439680,
                        "Actual Loops": 2,
                        "Inner Unique": true,
                        "Hash Cond": "(ci.movie_id = t.id)",
                        "Plans": [
                          {
                            "Node Type": "Seq Scan",
                            "Parent Relationship": "Outer",
                            "Parallel Aware": true,
                            "Relation Name": "cast_info",
                            "Alias": "ci",
                            "Startup Cost": 0.0,
                            "Total Cost": 519069.44,
                            "Plan Rows": 7576534,
                            "Plan Width": 4,
                            "Actual Startup Time": 0.017,
                            "Actual Total Time": 1414.283,
                            "Actual Rows": 6439680,
                            "Actual Loops": 2,
                            "Filter": "(person_id < 1271422)",
                            "Rows Removed by Filter": 11682492
                          },
                          {
                            "Node Type": "Hash",
                            "Parent Relationship": "Inner",
                            "Parallel Aware": true,
                            "Startup Cost": 50870.31,
                            "Total Cost": 50870.31,
                            "Plan Rows": 1487231,
                            "Plan Width": 4,
                            "Actual Startup Time": 484.489,
                            "Actual Total Time": 484.49,
                            "Actual Rows": 1264156,
                            "Actual Loops": 2,
                            "Hash Buckets": 4194304,
                            "Original Hash Buckets": 4194304,
                            "Hash Batches": 1,
                            "Original Hash Batches": 1,
                            "Peak Memory Usage": 131712,
                            "Plans": [
                              {
                                "Node Type": "Seq Scan",
                                "Parent Relationship": "Outer",
                                "Parallel Aware": true,
                                "Relation Name": "title",
                                "Alias": "t",
                                "Startup Cost": 0.0,
                                "Total Cost": 50870.31,
                                "Plan Rows": 1487231,
                                "Plan Width": 4,
                                "Actual Startup Time": 0.037,
                                "Actual Total Time": 147.317,
                                "Actual Rows": 1264156,
                                "Actual Loops": 2
                              }
                            ]
                          }
                        ]
                      }
                    ]
                  }
                ]
              }
            ]
          }
        ]
      }
    ]
  },
  "Planning Time": 1.138,
  "Triggers": [],
  "Execution Time": 9786.199
}