[
    {
        "Bao": {
            "Bao prediction": "NaN",
            "Bao recommended hint": "(no hint)"
        }
    },
    {
        "Plan": {
            "Node Type": "Aggregate",
            "Strategy": "Plain",
            "Partial Mode": "Finalize",
            "Parallel Aware": false,
            "Startup Cost": 33890.68,
            "Total Cost": 33890.69,
            "Plan Rows": 1,
            "Plan Width": 8,
            "Actual Startup Time": 118.642,
            "Actual Total Time": 125.062,
            "Actual Rows": 1,
            "Actual Loops": 1,
            "Output": [
                "count(*)"
            ],
            "Plans": [
                {
                    "Node Type": "Gather",
                    "Parent Relationship": "Outer",
                    "Parallel Aware": false,
                    "Startup Cost": 33890.37,
                    "Total Cost": 33890.68,
                    "Plan Rows": 3,
                    "Plan Width": 8,
                    "Actual Startup Time": 118.353,
                    "Actual Total Time": 125.053,
                    "Actual Rows": 4,
                    "Actual Loops": 1,
                    "Output": [
                        "(PARTIAL count(*))"
                    ],
                    "Workers Planned": 3,
                    "Workers Launched": 3,
                    "Single Copy": false,
                    "Plans": [
                        {
                            "Node Type": "Aggregate",
                            "Strategy": "Plain",
                            "Partial Mode": "Partial",
                            "Parent Relationship": "Outer",
                            "Parallel Aware": false,
                            "Startup Cost": 32890.37,
                            "Total Cost": 32890.38,
                            "Plan Rows": 1,
                            "Plan Width": 8,
                            "Actual Startup Time": 109.615,
                            "Actual Total Time": 109.616,
                            "Actual Rows": 1,
                            "Actual Loops": 4,
                            "Output": [
                                "PARTIAL count(*)"
                            ],
                            "Workers": [
                                {
                                    "Worker Number": 0,
                                    "Actual Startup Time": 106.7,
                                    "Actual Total Time": 106.702,
                                    "Actual Rows": 1,
                                    "Actual Loops": 1
                                },
                                {
                                    "Worker Number": 1,
                                    "Actual Startup Time": 106.792,
                                    "Actual Total Time": 106.793,
                                    "Actual Rows": 1,
                                    "Actual Loops": 1
                                },
                                {
                                    "Worker Number": 2,
                                    "Actual Startup Time": 107.097,
                                    "Actual Total Time": 107.098,
                                    "Actual Rows": 1,
                                    "Actual Loops": 1
                                }
                            ],
                            "Plans": [
                                {
                                    "Node Type": "Bitmap Heap Scan",
                                    "Parent Relationship": "Outer",
                                    "Parallel Aware": true,
                                    "Relation Name": "movie_keyword",
                                    "Schema": "public",
                                    "Alias": "mk",
                                    "Startup Cost": 6869.7,
                                    "Total Cost": 32629.26,
                                    "Plan Rows": 104444,
                                    "Plan Width": 0,
                                    "Actual Startup Time": 38.343,
                                    "Actual Total Time": 103.662,
                                    "Actual Rows": 80167,
                                    "Actual Loops": 4,
                                    "Recheck Cond": "(mk.keyword_id > 50976)",
                                    "Rows Removed by Index Recheck": 0,
                                    "Exact Heap Blocks": 9000,
                                    "Lossy Heap Blocks": 0,
                                    "Workers": [
                                        {
                                            "Worker Number": 0,
                                            "Actual Startup Time": 35.476,
                                            "Actual Total Time": 101.486,
                                            "Actual Rows": 69849,
                                            "Actual Loops": 1
                                        },
                                        {
                                            "Worker Number": 1,
                                            "Actual Startup Time": 35.643,
                                            "Actual Total Time": 101.721,
                                            "Actual Rows": 68089,
                                            "Actual Loops": 1
                                        },
                                        {
                                            "Worker Number": 2,
                                            "Actual Startup Time": 35.93,
                                            "Actual Total Time": 102.266,
                                            "Actual Rows": 51404,
                                            "Actual Loops": 1
                                        }
                                    ],
                                    "Plans": [
                                        {
                                            "Node Type": "Bitmap Index Scan",
                                            "Parent Relationship": "Outer",
                                            "Parallel Aware": false,
                                            "Index Name": "keyword_id_movie_keyword",
                                            "Startup Cost": 0.0,
                                            "Total Cost": 6788.76,
                                            "Plan Rows": 323777,
                                            "Plan Width": 0,
                                            "Actual Startup Time": 41.172,
                                            "Actual Total Time": 41.172,
                                            "Actual Rows": 320668,
                                            "Actual Loops": 1,
                                            "Index Cond": "(mk.keyword_id > 50976)"
                                        }
                                    ]
                                }
                            ]
                        }
                    ]
                }
            ]
        },
        "Planning Time": 271.873,
        "Triggers": [],
        "Execution Time": 125.133
    }
]