{
  "Plan": {
    "Node Type": "Aggregate",
    "Strategy": "Plain",
    "Partial Mode": "Finalize",
    "Parallel Aware": false,
    "Startup Cost": 595063.33,
    "Total Cost": 595063.34,
    "Plan Rows": 1,
    "Plan Width": 8,
    "Actual Startup Time": 2076.943,
    "Actual Total Time": 2143.714,
    "Actual Rows": 1,
    "Actual Loops": 1,
    "Plans": [
      {
        "Node Type": "Gather",
        "Parent Relationship": "Outer",
        "Parallel Aware": false,
        "Startup Cost": 595063.22,
        "Total Cost": 595063.33,
        "Plan Rows": 1,
        "Plan Width": 8,
        "Actual Startup Time": 2076.617,
        "Actual Total Time": 2143.704,
        "Actual Rows": 2,
        "Actual Loops": 1,
        "Workers Planned": 1,
        "Workers Launched": 1,
        "Single Copy": false,
        "Plans": [
          {
            "Node Type": "Aggregate",
            "Strategy": "Plain",
            "Partial Mode": "Partial",
            "Parent Relationship": "Outer",
            "Parallel Aware": false,
            "Startup Cost": 594063.22,
            "Total Cost": 594063.23,
            "Plan Rows": 1,
            "Plan Width": 8,
            "Actual Startup Time": 2070.972,
            "Actual Total Time": 2070.975,
            "Actual Rows": 1,
            "Actual Loops": 2,
            "Plans": [
              {
                "Node Type": "Hash Join",
                "Parent Relationship": "Outer",
                "Parallel Aware": true,
                "Join Type": "Inner",
                "Startup Cost": 58881.66,
                "Total Cost": 593602.03,
                "Plan Rows": 184474,
                "Plan Width": 0,
                "Actual Startup Time": 836.363,
                "Actual Total Time": 2060.11,
                "Actual Rows": 241282,
                "Actual Loops": 2,
                "Inner Unique": true,
                "Hash Cond": "(ci.movie_id = t.id)",
                "Plans": [
                  {
                    "Node Type": "Seq Scan",
                    "Parent Relationship": "Outer",
                    "Parallel Aware": true,
                    "Relation Name": "cast_info",
                    "Alias": "ci",
                    "Startup Cost": 0.0,
                    "Total Cost": 519069.44,
                    "Plan Rows": 5962252,
                    "Plan Width": 4,
                    "Actual Startup Time": 683.685,
                    "Actual Total Time": 1360.487,
                    "Actual Rows": 5021798,
                    "Actual Loops": 2,
                    "Filter": "(person_id > 2711329)",
                    "Rows Removed by Filter": 13100374
                  },
                  {
                    "Node Type": "Hash",
                    "Parent Relationship": "Inner",
                    "Parallel Aware": true,
                    "Startup Cost": 58306.47,
                    "Total Cost": 58306.47,
                    "Plan Rows": 46015,
                    "Plan Width": 4,
                    "Actual Startup Time": 150.052,
                    "Actual Total Time": 150.053,
                    "Actual Rows": 42342,
                    "Actual Loops": 2,
                    "Hash Buckets": 131072,
                    "Original Hash Buckets": 131072,
                    "Hash Batches": 1,
                    "Original Hash Batches": 1,
                    "Peak Memory Usage": 4384,
                    "Plans": [
                      {
                        "Node Type": "Seq Scan",
                        "Parent Relationship": "Outer",
                        "Parallel Aware": true,
                        "Relation Name": "title",
                        "Alias": "t",
                        "Startup Cost": 0.0,
                        "Total Cost": 58306.47,
                        "Plan Rows": 46015,
                        "Plan Width": 4,
                        "Actual Startup Time": 0.047,
                        "Actual Total Time": 138.626,
                        "Actual Rows": 42342,
                        "Actual Loops": 2,
                        "Filter": "((kind_id = 7) AND (production_year = 2009))",
                        "Rows Removed by Filter": 1221814
                      }
                    ]
                  }
                ]
              }
            ]
          }
        ]
      }
    ]
  },
  "Planning Time": 0.48,
  "Triggers": [],
  "Execution Time": 2143.801
}