{
  "Plan": {
    "Node Type": "Aggregate",
    "Strategy": "Plain",
    "Partial Mode": "Finalize",
    "Parallel Aware": false,
    "Startup Cost": 47190.62,
    "Total Cost": 47190.63,
    "Plan Rows": 1,
    "Plan Width": 8,
    "Actual Startup Time": 46.719,
    "Actual Total Time": 53.605,
    "Actual Rows": 1,
    "Actual Loops": 1,
    "Plans": [
      {
        "Node Type": "Gather",
        "Parent Relationship": "Outer",
        "Parallel Aware": false,
        "Startup Cost": 47190.51,
        "Total Cost": 47190.62,
        "Plan Rows": 1,
        "Plan Width": 8,
        "Actual Startup Time": 46.6,
        "Actual Total Time": 53.599,
        "Actual Rows": 2,
        "Actual Loops": 1,
        "Workers Planned": 1,
        "Workers Launched": 1,
        "Single Copy": false,
        "Plans": [
          {
            "Node Type": "Aggregate",
            "Strategy": "Plain",
            "Partial Mode": "Partial",
            "Parent Relationship": "Outer",
            "Parallel Aware": false,
            "Startup Cost": 46190.51,
            "Total Cost": 46190.52,
            "Plan Rows": 1,
            "Plan Width": 8,
            "Actual Startup Time": 40.583,
            "Actual Total Time": 40.584,
            "Actual Rows": 1,
            "Actual Loops": 2,
            "Plans": [
              {
                "Node Type": "Nested Loop",
                "Parent Relationship": "Outer",
                "Parallel Aware": false,
                "Join Type": "Inner",
                "Startup Cost": 145.89,
                "Total Cost": 46187.76,
                "Plan Rows": 1100,
                "Plan Width": 0,
                "Actual Startup Time": 4.696,
                "Actual Total Time": 40.473,
                "Actual Rows": 512,
                "Actual Loops": 2,
                "Inner Unique": false,
                "Plans": [
                  {
                    "Node Type": "Nested Loop",
                    "Parent Relationship": "Outer",
                    "Parallel Aware": false,
                    "Join Type": "Inner",
                    "Startup Cost": 145.45,
                    "Total Cost": 43206.38,
                    "Plan Rows": 1201,
                    "Plan Width": 8,
                    "Actual Startup Time": 4.61,
                    "Actual Total Time": 33.283,
                    "Actual Rows": 242,
                    "Actual Loops": 2,
                    "Inner Unique": true,
                    "Plans": [
                      {
                        "Node Type": "Bitmap Heap Scan",
                        "Parent Relationship": "Outer",
                        "Parallel Aware": true,
                        "Relation Name": "movie_keyword",
                        "Alias": "mk",
                        "Startup Cost": 145.02,
                        "Total Cost": 15207.87,
                        "Plan Rows": 3992,
                        "Plan Width": 4,
                        "Actual Startup Time": 3.426,
                        "Actual Total Time": 11.237,
                        "Actual Rows": 2936,
                        "Actual Loops": 2,
                        "Recheck Cond": "(keyword_id = 2860)",
                        "Rows Removed by Index Recheck": 0,
                        "Exact Heap Blocks": 3759,
                        "Lossy Heap Blocks": 0,
                        "Plans": [
                          {
                            "Node Type": "Bitmap Index Scan",
                            "Parent Relationship": "Outer",
                            "Parallel Aware": false,
                            "Index Name": "keyword_id_movie_keyword",
                            "Startup Cost": 0.0,
                            "Total Cost": 143.33,
                            "Plan Rows": 6786,
                            "Plan Width": 0,
                            "Actual Startup Time": 4.31,
                            "Actual Total Time": 4.31,
                            "Actual Rows": 5871,
                            "Actual Loops": 1,
                            "Index Cond": "(keyword_id = 2860)"
                          }
                        ]
                      },
                      {
                        "Node Type": "Index Scan",
                        "Parent Relationship": "Inner",
                        "Parallel Aware": false,
                        "Scan Direction": "Forward",
                        "Index Name": "title_pkey",
                        "Relation Name": "title",
                        "Alias": "t",
                        "Startup Cost": 0.43,
                        "Total Cost": 7.01,
                        "Plan Rows": 1,
                        "Plan Width": 4,
                        "Actual Startup Time": 0.007,
                        "Actual Total Time": 0.007,
                        "Actual Rows": 0,
                        "Actual Loops": 5871,
                        "Index Cond": "(id = mk.movie_id)",
                        "Rows Removed by Index Recheck": 0,
                        "Filter": "((production_year < 2004) AND (kind_id = 7))",
                        "Rows Removed by Filter": 1
                      }
                    ]
                  },
                  {
                    "Node Type": "Index Scan",
                    "Parent Relationship": "Inner",
                    "Parallel Aware": false,
                    "Scan Direction": "Forward",
                    "Index Name": "movie_id_movie_info",
                    "Relation Name": "movie_info",
                    "Alias": "mi",
                    "Startup Cost": 0.43,
                    "Total Cost": 2.41,
                    "Plan Rows": 7,
                    "Plan Width": 4,
                    "Actual Startup Time": 0.016,
                    "Actual Total Time": 0.029,
                    "Actual Rows": 2,
                    "Actual Loops": 485,
                    "Index Cond": "(movie_id = t.id)",
                    "Rows Removed by Index Recheck": 0,
                    "Filter": "(info_type_id > 16)",
                    "Rows Removed by Filter": 8
                  }
                ]
              }
            ]
          }
        ]
      }
    ]
  },
  "Planning Time": 1.017,
  "Triggers": [],
  "Execution Time": 53.7
}