{
  "Plan": {
    "Node Type": "Aggregate",
    "Strategy": "Plain",
    "Partial Mode": "Finalize",
    "Parallel Aware": false,
    "Startup Cost": 49864.29,
    "Total Cost": 49864.3,
    "Plan Rows": 1,
    "Plan Width": 8,
    "Actual Startup Time": 52.651,
    "Actual Total Time": 59.384,
    "Actual Rows": 1,
    "Actual Loops": 1,
    "Plans": [
      {
        "Node Type": "Gather",
        "Parent Relationship": "Outer",
        "Parallel Aware": false,
        "Startup Cost": 49864.18,
        "Total Cost": 49864.29,
        "Plan Rows": 1,
        "Plan Width": 8,
        "Actual Startup Time": 52.529,
        "Actual Total Time": 59.379,
        "Actual Rows": 2,
        "Actual Loops": 1,
        "Workers Planned": 1,
        "Workers Launched": 1,
        "Single Copy": false,
        "Plans": [
          {
            "Node Type": "Aggregate",
            "Strategy": "Plain",
            "Partial Mode": "Partial",
            "Parent Relationship": "Outer",
            "Parallel Aware": false,
            "Startup Cost": 48864.18,
            "Total Cost": 48864.19,
            "Plan Rows": 1,
            "Plan Width": 8,
            "Actual Startup Time": 46.518,
            "Actual Total Time": 46.52,
            "Actual Rows": 1,
            "Actual Loops": 2,
            "Plans": [
              {
                "Node Type": "Nested Loop",
                "Parent Relationship": "Outer",
                "Parallel Aware": false,
                "Join Type": "Inner",
                "Startup Cost": 170.8,
                "Total Cost": 48864.18,
                "Plan Rows": 2,
                "Plan Width": 0,
                "Actual Startup Time": 21.978,
                "Actual Total Time": 46.511,
                "Actual Rows": 4,
                "Actual Loops": 2,
                "Inner Unique": true,
                "Plans": [
                  {
                    "Node Type": "Bitmap Heap Scan",
                    "Parent Relationship": "Outer",
                    "Parallel Aware": true,
                    "Relation Name": "movie_keyword",
                    "Alias": "mk",
                    "Startup Cost": 170.37,
                    "Total Cost": 16785.14,
                    "Plan Rows": 4701,
                    "Plan Width": 4,
                    "Actual Startup Time": 4.083,
                    "Actual Total Time": 16.266,
                    "Actual Rows": 3336,
                    "Actual Loops": 2,
                    "Recheck Cond": "(keyword_id = 2879)",
                    "Rows Removed by Index Recheck": 0,
                    "Exact Heap Blocks": 4834,
                    "Lossy Heap Blocks": 0,
                    "Plans": [
                      {
                        "Node Type": "Bitmap Index Scan",
                        "Parent Relationship": "Outer",
                        "Parallel Aware": false,
                        "Index Name": "keyword_id_movie_keyword",
                        "Startup Cost": 0.0,
                        "Total Cost": 168.37,
                        "Plan Rows": 7992,
                        "Plan Width": 0,
                        "Actual Startup Time": 4.737,
                        "Actual Total Time": 4.738,
                        "Actual Rows": 6673,
                        "Actual Loops": 1,
                        "Index Cond": "(keyword_id = 2879)"
                      }
                    ]
                  },
                  {
                    "Node Type": "Index Scan",
                    "Parent Relationship": "Inner",
                    "Parallel Aware": false,
                    "Scan Direction": "Forward",
                    "Index Name": "title_pkey",
                    "Relation Name": "title",
                    "Alias": "t",
                    "Startup Cost": 0.43,
                    "Total Cost": 6.82,
                    "Plan Rows": 1,
                    "Plan Width": 4,
                    "Actual Startup Time": 0.008,
                    "Actual Total Time": 0.008,
                    "Actual Rows": 0,
                    "Actual Loops": 6673,
                    "Index Cond": "(id = mk.movie_id)",
                    "Rows Removed by Index Recheck": 0,
                    "Filter": "((kind_id < 3) AND (production_year > 2013))",
                    "Rows Removed by Filter": 1
                  }
                ]
              }
            ]
          }
        ]
      }
    ]
  },
  "Planning Time": 0.477,
  "Triggers": [],
  "Execution Time": 59.471
}