[
  {
    "Plan": {
      "Node Type": "Aggregate",
      "Strategy": "Plain",
      "Partial Mode": "Finalize",
      "Parallel Aware": false,
      "Startup Cost": 96750.48,
      "Total Cost": 96750.49,
      "Plan Rows": 1,
      "Plan Width": 8,
      "Actual Startup Time": 368.043,
      "Actual Total Time": 387.02,
      "Actual Rows": 1,
      "Actual Loops": 1,
      "Plans": [
        {
          "Node Type": "Gather",
          "Parent Relationship": "Outer",
          "Parallel Aware": false,
          "Startup Cost": 96750.16,
          "Total Cost": 96750.47,
          "Plan Rows": 3,
          "Plan Width": 8,
          "Actual Startup Time": 365.078,
          "Actual Total Time": 387.01,
          "Actual Rows": 4,
          "Actual Loops": 1,
          "Workers Planned": 3,
          "Workers Launched": 3,
          "Single Copy": false,
          "Plans": [
            {
              "Node Type": "Aggregate",
              "Strategy": "Plain",
              "Partial Mode": "Partial",
              "Parent Relationship": "Outer",
              "Parallel Aware": false,
              "Startup Cost": 95750.16,
              "Total Cost": 95750.17,
              "Plan Rows": 1,
              "Plan Width": 8,
              "Actual Startup Time": 356.358,
              "Actual Total Time": 356.489,
              "Actual Rows": 1,
              "Actual Loops": 4,
              "Plans": [
                {
                  "Node Type": "Hash Join",
                  "Parent Relationship": "Outer",
                  "Parallel Aware": true,
                  "Join Type": "Inner",
                  "Startup Cost": 63732.58,
                  "Total Cost": 95583.29,
                  "Plan Rows": 66746,
                  "Plan Width": 0,
                  "Actual Startup Time": 235.71,
                  "Actual Total Time": 355.089,
                  "Actual Rows": 32420,
                  "Actual Loops": 4,
                  "Inner Unique": false,
                  "Hash Cond": "(mc.movie_id = t.id)",
                  "Plans": [
                    {
                      "Node Type": "Seq Scan",
                      "Parent Relationship": "Outer",
                      "Parallel Aware": true,
                      "Relation Name": "movie_companies",
                      "Alias": "mc",
                      "Startup Cost": 0.0,
                      "Total Cost": 29310.68,
                      "Plan Rows": 603178,
                      "Plan Width": 4,
                      "Actual Startup Time": 0.477,
                      "Actual Total Time": 71.414,
                      "Actual Rows": 468512,
                      "Actual Loops": 4,
                      "Filter": "(company_id > 1434)",
                      "Rows Removed by Filter": 183770
                    },
                    {
                      "Node Type": "Hash",
                      "Parent Relationship": "Inner",
                      "Parallel Aware": true,
                      "Startup Cost": 62275.42,
                      "Total Cost": 62275.42,
                      "Plan Rows": 116573,
                      "Plan Width": 8,
                      "Actual Startup Time": 231.341,
                      "Actual Total Time": 231.47,
                      "Actual Rows": 37330,
                      "Actual Loops": 4,
                      "Hash Buckets": 524288,
                      "Original Hash Buckets": 524288,
                      "Hash Batches": 1,
                      "Original Hash Batches": 1,
                      "Peak Memory Usage": 9984,
                      "Plans": [
                        {
                          "Node Type": "Hash Join",
                          "Parent Relationship": "Outer",
                          "Parallel Aware": true,
                          "Join Type": "Inner",
                          "Startup Cost": 47080.86,
                          "Total Cost": 62275.42,
                          "Plan Rows": 116573,
                          "Plan Width": 8,
                          "Actual Startup Time": 142.688,
                          "Actual Total Time": 221.14,
                          "Actual Rows": 37330,
                          "Actual Loops": 4,
                          "Inner Unique": true,
                          "Hash Cond": "(mi_idx.movie_id = t.id)",
                          "Plans": [
                            {
                              "Node Type": "Seq Scan",
                              "Parent Relationship": "Outer",
                              "Parallel Aware": true,
                              "Relation Name": "movie_info_idx",
                              "Alias": "mi_idx",
                              "Startup Cost": 0.0,
                              "Total Cost": 13685.15,
                              "Plan Rows": 575015,
                              "Plan Width": 4,
                              "Actual Startup Time": 0.029,
                              "Actual Total Time": 29.077,
                              "Actual Rows": 345009,
                              "Actual Loops": 4
                            },
                            {
                              "Node Type": "Hash",
                              "Parent Relationship": "Inner",
                              "Parallel Aware": true,
                              "Startup Cost": 45479.1,
                              "Total Cost": 45479.1,
                              "Plan Rows": 128141,
                              "Plan Width": 4,
                              "Actual Startup Time": 140.725,
                              "Actual Total Time": 140.726,
                              "Actual Rows": 100987,
                              "Actual Loops": 4,
                              "Hash Buckets": 524288,
                              "Original Hash Buckets": 524288,
                              "Hash Batches": 1,
                              "Original Hash Batches": 1,
                              "Peak Memory Usage": 19936,
                              "Plans": [
                                {
                                  "Node Type": "Seq Scan",
                                  "Parent Relationship": "Outer",
                                  "Parallel Aware": true,
                                  "Relation Name": "title",
                                  "Alias": "t",
                                  "Startup Cost": 0.0,
                                  "Total Cost": 45479.1,
                                  "Plan Rows": 128141,
                                  "Plan Width": 4,
                                  "Actual Startup Time": 0.044,
                                  "Actual Total Time": 102.455,
                                  "Actual Rows": 100987,
                                  "Actual Loops": 4,
                                  "Filter": "((production_year < 1996) AND (kind_id = 7))",
                                  "Rows Removed by Filter": 531091
                                }
                              ]
                            }
                          ]
                        }
                      ]
                    }
                  ]
                }
              ]
            }
          ]
        }
      ]
    },
    "Planning Time": 1.425,
    "Triggers": [],
    "Execution Time": 387.151
  }
]