[
  {
    "Plan": {
      "Node Type": "Aggregate",
      "Strategy": "Plain",
      "Partial Mode": "Finalize",
      "Parallel Aware": false,
      "Startup Cost": 33277.57,
      "Total Cost": 33277.58,
      "Plan Rows": 1,
      "Plan Width": 8,
      "Actual Startup Time": 91.905,
      "Actual Total Time": 97.785,
      "Actual Rows": 1,
      "Actual Loops": 1,
      "Plans": [
        {
          "Node Type": "Gather",
          "Parent Relationship": "Outer",
          "Parallel Aware": false,
          "Startup Cost": 33277.25,
          "Total Cost": 33277.56,
          "Plan Rows": 3,
          "Plan Width": 8,
          "Actual Startup Time": 91.796,
          "Actual Total Time": 97.776,
          "Actual Rows": 4,
          "Actual Loops": 1,
          "Workers Planned": 3,
          "Workers Launched": 3,
          "Single Copy": false,
          "Plans": [
            {
              "Node Type": "Aggregate",
              "Strategy": "Plain",
              "Partial Mode": "Partial",
              "Parent Relationship": "Outer",
              "Parallel Aware": false,
              "Startup Cost": 32277.25,
              "Total Cost": 32277.26,
              "Plan Rows": 1,
              "Plan Width": 8,
              "Actual Startup Time": 85.552,
              "Actual Total Time": 85.553,
              "Actual Rows": 1,
              "Actual Loops": 4,
              "Plans": [
                {
                  "Node Type": "Seq Scan",
                  "Parent Relationship": "Outer",
                  "Parallel Aware": true,
                  "Relation Name": "movie_companies",
                  "Alias": "mc",
                  "Startup Cost": 0.0,
                  "Total Cost": 31414.82,
                  "Plan Rows": 344973,
                  "Plan Width": 0,
                  "Actual Startup Time": 44.947,
                  "Actual Total Time": 77.554,
                  "Actual Rows": 205432,
                  "Actual Loops": 4,
                  "Filter": "((company_id < 73671) AND (company_type_id > 1))",
                  "Rows Removed by Filter": 446850
                }
              ]
            }
          ]
        }
      ]
    },
    "Planning Time": 0.227,
    "Triggers": [],
    "Execution Time": 97.843
  }
]