[
  {
    "Plan": {
      "Node Type": "Aggregate",
      "Strategy": "Plain",
      "Partial Mode": "Finalize",
      "Parallel Aware": false,
      "Startup Cost": 32794.3,
      "Total Cost": 32794.31,
      "Plan Rows": 1,
      "Plan Width": 8,
      "Actual Startup Time": 101.228,
      "Actual Total Time": 110.905,
      "Actual Rows": 1,
      "Actual Loops": 1,
      "Plans": [
        {
          "Node Type": "Gather",
          "Parent Relationship": "Outer",
          "Parallel Aware": false,
          "Startup Cost": 32793.98,
          "Total Cost": 32794.29,
          "Plan Rows": 3,
          "Plan Width": 8,
          "Actual Startup Time": 101.094,
          "Actual Total Time": 110.895,
          "Actual Rows": 4,
          "Actual Loops": 1,
          "Workers Planned": 3,
          "Workers Launched": 3,
          "Single Copy": false,
          "Plans": [
            {
              "Node Type": "Aggregate",
              "Strategy": "Plain",
              "Partial Mode": "Partial",
              "Parent Relationship": "Outer",
              "Parallel Aware": false,
              "Startup Cost": 31793.98,
              "Total Cost": 31793.99,
              "Plan Rows": 1,
              "Plan Width": 8,
              "Actual Startup Time": 94.433,
              "Actual Total Time": 94.435,
              "Actual Rows": 1,
              "Actual Loops": 4,
              "Plans": [
                {
                  "Node Type": "Seq Scan",
                  "Parent Relationship": "Outer",
                  "Parallel Aware": true,
                  "Relation Name": "movie_companies",
                  "Alias": "mc",
                  "Startup Cost": 0.0,
                  "Total Cost": 31414.82,
                  "Plan Rows": 151666,
                  "Plan Width": 0,
                  "Actual Startup Time": 0.037,
                  "Actual Total Time": 83.809,
                  "Actual Rows": 169210,
                  "Actual Loops": 4,
                  "Filter": "((company_id < 3929) AND (company_type_id = 1))",
                  "Rows Removed by Filter": 483072
                }
              ]
            }
          ]
        }
      ]
    },
    "Planning Time": 0.091,
    "Triggers": [],
    "Execution Time": 110.933
  }
]