[
  {
    "Plan": {
      "Node Type": "Aggregate",
      "Strategy": "Plain",
      "Partial Mode": "Finalize",
      "Parallel Aware": false,
      "Startup Cost": 93502.27,
      "Total Cost": 93502.28,
      "Plan Rows": 1,
      "Plan Width": 8,
      "Actual Startup Time": 264.486,
      "Actual Total Time": 271.773,
      "Actual Rows": 1,
      "Actual Loops": 1,
      "Plans": [
        {
          "Node Type": "Gather",
          "Parent Relationship": "Outer",
          "Parallel Aware": false,
          "Startup Cost": 93501.96,
          "Total Cost": 93502.27,
          "Plan Rows": 3,
          "Plan Width": 8,
          "Actual Startup Time": 263.622,
          "Actual Total Time": 271.759,
          "Actual Rows": 4,
          "Actual Loops": 1,
          "Workers Planned": 3,
          "Workers Launched": 3,
          "Single Copy": false,
          "Plans": [
            {
              "Node Type": "Aggregate",
              "Strategy": "Plain",
              "Partial Mode": "Partial",
              "Parent Relationship": "Outer",
              "Parallel Aware": false,
              "Startup Cost": 92501.96,
              "Total Cost": 92501.97,
              "Plan Rows": 1,
              "Plan Width": 8,
              "Actual Startup Time": 259.5,
              "Actual Total Time": 259.503,
              "Actual Rows": 1,
              "Actual Loops": 4,
              "Plans": [
                {
                  "Node Type": "Hash Join",
                  "Parent Relationship": "Outer",
                  "Parallel Aware": true,
                  "Join Type": "Inner",
                  "Startup Cost": 46627.28,
                  "Total Cost": 92115.5,
                  "Plan Rows": 154583,
                  "Plan Width": 0,
                  "Actual Startup Time": 95.633,
                  "Actual Total Time": 258.512,
                  "Actual Rows": 22862,
                  "Actual Loops": 4,
                  "Inner Unique": true,
                  "Hash Cond": "(mk.movie_id = t.id)",
                  "Plans": [
                    {
                      "Node Type": "Seq Scan",
                      "Parent Relationship": "Outer",
                      "Parallel Aware": true,
                      "Relation Name": "movie_keyword",
                      "Alias": "mk",
                      "Startup Cost": 0.0,
                      "Total Cost": 42695.65,
                      "Plan Rows": 1063834,
                      "Plan Width": 4,
                      "Actual Startup Time": 0.013,
                      "Actual Total Time": 100.524,
                      "Actual Rows": 830926,
                      "Actual Loops": 4,
                      "Filter": "(keyword_id < 15321)",
                      "Rows Removed by Filter": 300056
                    },
                    {
                      "Node Type": "Hash",
                      "Parent Relationship": "Inner",
                      "Parallel Aware": true,
                      "Startup Cost": 45479.21,
                      "Total Cost": 45479.21,
                      "Plan Rows": 91846,
                      "Plan Width": 4,
                      "Actual Startup Time": 93.965,
                      "Actual Total Time": 93.966,
                      "Actual Rows": 63442,
                      "Actual Loops": 4,
                      "Hash Buckets": 524288,
                      "Original Hash Buckets": 524288,
                      "Hash Batches": 1,
                      "Original Hash Batches": 1,
                      "Peak Memory Usage": 14112,
                      "Plans": [
                        {
                          "Node Type": "Seq Scan",
                          "Parent Relationship": "Outer",
                          "Parallel Aware": true,
                          "Relation Name": "title",
                          "Alias": "t",
                          "Startup Cost": 0.0,
                          "Total Cost": 45479.21,
                          "Plan Rows": 91846,
                          "Plan Width": 4,
                          "Actual Startup Time": 0.024,
                          "Actual Total Time": 74.65,
                          "Actual Rows": 63442,
                          "Actual Loops": 4,
                          "Filter": "((production_year < 1986) AND (kind_id = 7))",
                          "Rows Removed by Filter": 568636
                        }
                      ]
                    }
                  ]
                }
              ]
            }
          ]
        }
      ]
    },
    "Planning Time": 0.218,
    "Triggers": [],
    "Execution Time": 271.804
  }
]