[
  {
    "Plan": {
      "Node Type": "Aggregate",
      "Strategy": "Plain",
      "Partial Mode": "Finalize",
      "Parallel Aware": false,
      "Startup Cost": 93510.96,
      "Total Cost": 93510.97,
      "Plan Rows": 1,
      "Plan Width": 8,
      "Actual Startup Time": 302.027,
      "Actual Total Time": 319.342,
      "Actual Rows": 1,
      "Actual Loops": 1,
      "Plans": [
        {
          "Node Type": "Gather",
          "Parent Relationship": "Outer",
          "Parallel Aware": false,
          "Startup Cost": 93510.64,
          "Total Cost": 93510.95,
          "Plan Rows": 3,
          "Plan Width": 8,
          "Actual Startup Time": 300.319,
          "Actual Total Time": 319.32,
          "Actual Rows": 4,
          "Actual Loops": 1,
          "Workers Planned": 3,
          "Workers Launched": 3,
          "Single Copy": false,
          "Plans": [
            {
              "Node Type": "Aggregate",
              "Strategy": "Plain",
              "Partial Mode": "Partial",
              "Parent Relationship": "Outer",
              "Parallel Aware": false,
              "Startup Cost": 92510.64,
              "Total Cost": 92510.65,
              "Plan Rows": 1,
              "Plan Width": 8,
              "Actual Startup Time": 294.581,
              "Actual Total Time": 294.584,
              "Actual Rows": 1,
              "Actual Loops": 4,
              "Plans": [
                {
                  "Node Type": "Hash Join",
                  "Parent Relationship": "Outer",
                  "Parallel Aware": true,
                  "Join Type": "Inner",
                  "Startup Cost": 46612.71,
                  "Total Cost": 92125.67,
                  "Plan Rows": 153990,
                  "Plan Width": 0,
                  "Actual Startup Time": 121.349,
                  "Actual Total Time": 293.641,
                  "Actual Rows": 22862,
                  "Actual Loops": 4,
                  "Inner Unique": true,
                  "Hash Cond": "(mk.movie_id = t.id)",
                  "Plans": [
                    {
                      "Node Type": "Seq Scan",
                      "Parent Relationship": "Outer",
                      "Parallel Aware": true,
                      "Relation Name": "movie_keyword",
                      "Alias": "mk",
                      "Startup Cost": 0.0,
                      "Total Cost": 42695.65,
                      "Plan Rows": 1073258,
                      "Plan Width": 4,
                      "Actual Startup Time": 0.029,
                      "Actual Total Time": 107.896,
                      "Actual Rows": 830926,
                      "Actual Loops": 4,
                      "Filter": "(keyword_id < 15321)",
                      "Rows Removed by Filter": 300056
                    },
                    {
                      "Node Type": "Hash",
                      "Parent Relationship": "Inner",
                      "Parallel Aware": true,
                      "Startup Cost": 45479.1,
                      "Total Cost": 45479.1,
                      "Plan Rows": 90689,
                      "Plan Width": 4,
                      "Actual Startup Time": 117.956,
                      "Actual Total Time": 117.957,
                      "Actual Rows": 63442,
                      "Actual Loops": 4,
                      "Hash Buckets": 524288,
                      "Original Hash Buckets": 524288,
                      "Hash Batches": 1,
                      "Original Hash Batches": 1,
                      "Peak Memory Usage": 14080,
                      "Plans": [
                        {
                          "Node Type": "Seq Scan",
                          "Parent Relationship": "Outer",
                          "Parallel Aware": true,
                          "Relation Name": "title",
                          "Alias": "t",
                          "Startup Cost": 0.0,
                          "Total Cost": 45479.1,
                          "Plan Rows": 90689,
                          "Plan Width": 4,
                          "Actual Startup Time": 0.031,
                          "Actual Total Time": 93.225,
                          "Actual Rows": 63442,
                          "Actual Loops": 4,
                          "Filter": "((production_year < 1986) AND (kind_id = 7))",
                          "Rows Removed by Filter": 568636
                        }
                      ]
                    }
                  ]
                }
              ]
            }
          ]
        }
      ]
    },
    "Planning Time": 0.506,
    "Triggers": [],
    "Execution Time": 319.401
  }
]