[
  {
    "Plan": {
      "Node Type": "Aggregate",
      "Strategy": "Plain",
      "Partial Mode": "Finalize",
      "Parallel Aware": false,
      "Startup Cost": 614794.27,
      "Total Cost": 614794.28,
      "Plan Rows": 1,
      "Plan Width": 8,
      "Actual Startup Time": 4143.474,
      "Actual Total Time": 4240.863,
      "Actual Rows": 1,
      "Actual Loops": 1,
      "Plans": [
        {
          "Node Type": "Gather",
          "Parent Relationship": "Outer",
          "Parallel Aware": false,
          "Startup Cost": 614793.75,
          "Total Cost": 614794.26,
          "Plan Rows": 5,
          "Plan Width": 8,
          "Actual Startup Time": 4124.478,
          "Actual Total Time": 4240.839,
          "Actual Rows": 6,
          "Actual Loops": 1,
          "Workers Planned": 5,
          "Workers Launched": 5,
          "Single Copy": false,
          "Plans": [
            {
              "Node Type": "Aggregate",
              "Strategy": "Plain",
              "Partial Mode": "Partial",
              "Parent Relationship": "Outer",
              "Parallel Aware": false,
              "Startup Cost": 613793.75,
              "Total Cost": 613793.76,
              "Plan Rows": 1,
              "Plan Width": 8,
              "Actual Startup Time": 4109.351,
              "Actual Total Time": 4109.93,
              "Actual Rows": 1,
              "Actual Loops": 6,
              "Plans": [
                {
                  "Node Type": "Hash Join",
                  "Parent Relationship": "Outer",
                  "Parallel Aware": true,
                  "Join Type": "Inner",
                  "Startup Cost": 400250.99,
                  "Total Cost": 609123.25,
                  "Plan Rows": 1868200,
                  "Plan Width": 0,
                  "Actual Startup Time": 1740.388,
                  "Actual Total Time": 3625.138,
                  "Actual Rows": 10148141,
                  "Actual Loops": 6,
                  "Inner Unique": false,
                  "Hash Cond": "(mi.movie_id = t.id)",
                  "Plans": [
                    {
                      "Node Type": "Seq Scan",
                      "Parent Relationship": "Outer",
                      "Parallel Aware": true,
                      "Relation Name": "movie_info",
                      "Alias": "mi",
                      "Startup Cost": 0.0,
                      "Total Cost": 199108.24,
                      "Plan Rows": 1773429,
                      "Plan Width": 4,
                      "Actual Startup Time": 19.4,
                      "Actual Total Time": 361.286,
                      "Actual Rows": 1491793,
                      "Actual Loops": 6,
                      "Filter": "(info_type_id > 6)",
                      "Rows Removed by Filter": 980827
                    },
                    {
                      "Node Type": "Hash",
                      "Parent Relationship": "Inner",
                      "Parallel Aware": true,
                      "Startup Cost": 394701.95,
                      "Total Cost": 394701.95,
                      "Plan Rows": 443923,
                      "Plan Width": 8,
                      "Actual Startup Time": 1714.867,
                      "Actual Total Time": 1715.443,
                      "Actual Rows": 674307,
                      "Actual Loops": 6,
                      "Hash Buckets": 4194304,
                      "Original Hash Buckets": 4194304,
                      "Hash Batches": 1,
                      "Original Hash Batches": 1,
                      "Peak Memory Usage": 191136,
                      "Plans": [
                        {
                          "Node Type": "Hash Join",
                          "Parent Relationship": "Outer",
                          "Parallel Aware": true,
                          "Join Type": "Inner",
                          "Startup Cost": 50220.38,
                          "Total Cost": 394701.95,
                          "Plan Rows": 443923,
                          "Plan Width": 8,
                          "Actual Startup Time": 819.845,
                          "Actual Total Time": 1379.517,
                          "Actual Rows": 674307,
                          "Actual Loops": 6,
                          "Inner Unique": true,
                          "Hash Cond": "(ci.movie_id = t.id)",
                          "Plans": [
                            {
                              "Node Type": "Seq Scan",
                              "Parent Relationship": "Outer",
                              "Parallel Aware": true,
                              "Relation Name": "cast_info",
                              "Alias": "ci",
                              "Startup Cost": 0.0,
                              "Total Cost": 343316.27,
                              "Plan Rows": 443923,
                              "Plan Width": 4,
                              "Actual Startup Time": 517.678,
                              "Actual Total Time": 715.531,
                              "Actual Rows": 674307,
                              "Actual Loops": 6,
                              "Filter": "((person_id > 3314582) AND (role_id > 1))",
                              "Rows Removed by Filter": 5366417
                            },
                            {
                              "Node Type": "Hash",
                              "Parent Relationship": "Inner",
                              "Parallel Aware": true,
                              "Startup Cost": 42319.06,
                              "Total Cost": 42319.06,
                              "Plan Rows": 632106,
                              "Plan Width": 4,
                              "Actual Startup Time": 297.633,
                              "Actual Total Time": 297.634,
                              "Actual Rows": 421385,
                              "Actual Loops": 6,
                              "Hash Buckets": 4194304,
                              "Original Hash Buckets": 4194304,
                              "Hash Batches": 1,
                              "Original Hash Batches": 1,
                              "Peak Memory Usage": 131776,
                              "Plans": [
                                {
                                  "Node Type": "Seq Scan",
                                  "Parent Relationship": "Outer",
                                  "Parallel Aware": true,
                                  "Relation Name": "title",
                                  "Alias": "t",
                                  "Startup Cost": 0.0,
                                  "Total Cost": 42319.06,
                                  "Plan Rows": 632106,
                                  "Plan Width": 4,
                                  "Actual Startup Time": 0.084,
                                  "Actual Total Time": 84.948,
                                  "Actual Rows": 421385,
                                  "Actual Loops": 6
                                }
                              ]
                            }
                          ]
                        }
                      ]
                    }
                  ]
                }
              ]
            }
          ]
        }
      ]
    },
    "Planning Time": 0.638,
    "Triggers": [],
    "Execution Time": 4240.932
  }
]