[
  {
    "Plan": {
      "Node Type": "Aggregate",
      "Strategy": "Plain",
      "Partial Mode": "Finalize",
      "Parallel Aware": false,
      "Startup Cost": 71646.72,
      "Total Cost": 71646.73,
      "Plan Rows": 1,
      "Plan Width": 8,
      "Actual Startup Time": 179.983,
      "Actual Total Time": 193.824,
      "Actual Rows": 1,
      "Actual Loops": 1,
      "Plans": [
        {
          "Node Type": "Gather",
          "Parent Relationship": "Outer",
          "Parallel Aware": false,
          "Startup Cost": 71646.41,
          "Total Cost": 71646.72,
          "Plan Rows": 3,
          "Plan Width": 8,
          "Actual Startup Time": 177.948,
          "Actual Total Time": 193.815,
          "Actual Rows": 4,
          "Actual Loops": 1,
          "Workers Planned": 3,
          "Workers Launched": 3,
          "Single Copy": false,
          "Plans": [
            {
              "Node Type": "Aggregate",
              "Strategy": "Plain",
              "Partial Mode": "Partial",
              "Parent Relationship": "Outer",
              "Parallel Aware": false,
              "Startup Cost": 70646.41,
              "Total Cost": 70646.42,
              "Plan Rows": 1,
              "Plan Width": 8,
              "Actual Startup Time": 171.852,
              "Actual Total Time": 171.856,
              "Actual Rows": 1,
              "Actual Loops": 4,
              "Plans": [
                {
                  "Node Type": "Hash Join",
                  "Parent Relationship": "Outer",
                  "Parallel Aware": true,
                  "Join Type": "Inner",
                  "Startup Cost": 50866.06,
                  "Total Cost": 70624.45,
                  "Plan Rows": 8782,
                  "Plan Width": 0,
                  "Actual Startup Time": 130.548,
                  "Actual Total Time": 170.897,
                  "Actual Rows": 19280,
                  "Actual Loops": 4,
                  "Inner Unique": true,
                  "Hash Cond": "(mc.movie_id = t.id)",
                  "Plans": [
                    {
                      "Node Type": "Bitmap Heap Scan",
                      "Parent Relationship": "Outer",
                      "Parallel Aware": true,
                      "Relation Name": "movie_companies",
                      "Alias": "mc",
                      "Startup Cost": 4302.66,
                      "Total Cost": 23892.98,
                      "Plan Rows": 64026,
                      "Plan Width": 4,
                      "Actual Startup Time": 11.586,
                      "Actual Total Time": 36.782,
                      "Actual Rows": 48010,
                      "Actual Loops": 4,
                      "Recheck Cond": "(company_id < 52)",
                      "Rows Removed by Index Recheck": 0,
                      "Exact Heap Blocks": 5524,
                      "Lossy Heap Blocks": 0,
                      "Plans": [
                        {
                          "Node Type": "Bitmap Index Scan",
                          "Parent Relationship": "Outer",
                          "Parallel Aware": false,
                          "Index Name": "company_id_movie_companies",
                          "Startup Cost": 0.0,
                          "Total Cost": 4253.04,
                          "Plan Rows": 198481,
                          "Plan Width": 0,
                          "Actual Startup Time": 9.551,
                          "Actual Total Time": 9.552,
                          "Actual Rows": 192038,
                          "Actual Loops": 1,
                          "Index Cond": "(company_id < 52)"
                        }
                      ]
                    },
                    {
                      "Node Type": "Hash",
                      "Parent Relationship": "Inner",
                      "Parallel Aware": true,
                      "Startup Cost": 45479.59,
                      "Total Cost": 45479.59,
                      "Plan Rows": 86705,
                      "Plan Width": 4,
                      "Actual Startup Time": 116.192,
                      "Actual Total Time": 116.193,
                      "Actual Rows": 60788,
                      "Actual Loops": 4,
                      "Hash Buckets": 524288,
                      "Original Hash Buckets": 524288,
                      "Hash Batches": 1,
                      "Original Hash Batches": 1,
                      "Peak Memory Usage": 13664,
                      "Plans": [
                        {
                          "Node Type": "Seq Scan",
                          "Parent Relationship": "Outer",
                          "Parallel Aware": true,
                          "Relation Name": "title",
                          "Alias": "t",
                          "Startup Cost": 0.0,
                          "Total Cost": 45479.59,
                          "Plan Rows": 86705,
                          "Plan Width": 4,
                          "Actual Startup Time": 0.034,
                          "Actual Total Time": 93.481,
                          "Actual Rows": 60788,
                          "Actual Loops": 4,
                          "Filter": "((production_year < 1985) AND (kind_id = 7))",
                          "Rows Removed by Filter": 571290
                        }
                      ]
                    }
                  ]
                }
              ]
            }
          ]
        }
      ]
    },
    "Planning Time": 0.405,
    "Triggers": [],
    "Execution Time": 193.882
  }
]