[
  {
    "Plan": {
      "Node Type": "Aggregate",
      "Strategy": "Plain",
      "Partial Mode": "Finalize",
      "Parallel Aware": false,
      "Startup Cost": 71513.53,
      "Total Cost": 71513.54,
      "Plan Rows": 1,
      "Plan Width": 8,
      "Actual Startup Time": 182.48,
      "Actual Total Time": 198.466,
      "Actual Rows": 1,
      "Actual Loops": 1,
      "Plans": [
        {
          "Node Type": "Gather",
          "Parent Relationship": "Outer",
          "Parallel Aware": false,
          "Startup Cost": 71513.11,
          "Total Cost": 71513.52,
          "Plan Rows": 4,
          "Plan Width": 8,
          "Actual Startup Time": 181.266,
          "Actual Total Time": 198.454,
          "Actual Rows": 5,
          "Actual Loops": 1,
          "Workers Planned": 4,
          "Workers Launched": 4,
          "Single Copy": false,
          "Plans": [
            {
              "Node Type": "Aggregate",
              "Strategy": "Plain",
              "Partial Mode": "Partial",
              "Parent Relationship": "Outer",
              "Parallel Aware": false,
              "Startup Cost": 70513.11,
              "Total Cost": 70513.12,
              "Plan Rows": 1,
              "Plan Width": 8,
              "Actual Startup Time": 171.232,
              "Actual Total Time": 171.236,
              "Actual Rows": 1,
              "Actual Loops": 5,
              "Plans": [
                {
                  "Node Type": "Hash Join",
                  "Parent Relationship": "Outer",
                  "Parallel Aware": true,
                  "Join Type": "Inner",
                  "Startup Cost": 24556.72,
                  "Total Cost": 70496.29,
                  "Plan Rows": 6730,
                  "Plan Width": 0,
                  "Actual Startup Time": 81.015,
                  "Actual Total Time": 170.33,
                  "Actual Rows": 15424,
                  "Actual Loops": 5,
                  "Inner Unique": false,
                  "Hash Cond": "(t.id = mc.movie_id)",
                  "Plans": [
                    {
                      "Node Type": "Seq Scan",
                      "Parent Relationship": "Outer",
                      "Parallel Aware": true,
                      "Relation Name": "title",
                      "Alias": "t",
                      "Startup Cost": 0.0,
                      "Total Cost": 45479.1,
                      "Plan Rows": 87752,
                      "Plan Width": 4,
                      "Actual Startup Time": 0.014,
                      "Actual Total Time": 73.004,
                      "Actual Rows": 48630,
                      "Actual Loops": 5,
                      "Filter": "((production_year < 1985) AND (kind_id = 7))",
                      "Rows Removed by Filter": 457032
                    },
                    {
                      "Node Type": "Hash",
                      "Parent Relationship": "Inner",
                      "Parallel Aware": true,
                      "Startup Cost": 23774.9,
                      "Total Cost": 23774.9,
                      "Plan Rows": 62545,
                      "Plan Width": 4,
                      "Actual Startup Time": 79.042,
                      "Actual Total Time": 79.044,
                      "Actual Rows": 38408,
                      "Actual Loops": 5,
                      "Hash Buckets": 262144,
                      "Original Hash Buckets": 262144,
                      "Hash Batches": 1,
                      "Original Hash Batches": 1,
                      "Peak Memory Usage": 9664,
                      "Plans": [
                        {
                          "Node Type": "Bitmap Heap Scan",
                          "Parent Relationship": "Outer",
                          "Parallel Aware": true,
                          "Relation Name": "movie_companies",
                          "Alias": "mc",
                          "Startup Cost": 4203.09,
                          "Total Cost": 23774.9,
                          "Plan Rows": 62545,
                          "Plan Width": 4,
                          "Actual Startup Time": 21.947,
                          "Actual Total Time": 60.084,
                          "Actual Rows": 38408,
                          "Actual Loops": 5,
                          "Recheck Cond": "(company_id < 52)",
                          "Rows Removed by Index Recheck": 0,
                          "Exact Heap Blocks": 5117,
                          "Lossy Heap Blocks": 0,
                          "Plans": [
                            {
                              "Node Type": "Bitmap Index Scan",
                              "Parent Relationship": "Outer",
                              "Parallel Aware": false,
                              "Index Name": "company_id_movie_companies",
                              "Startup Cost": 0.0,
                              "Total Cost": 4154.61,
                              "Plan Rows": 193891,
                              "Plan Width": 0,
                              "Actual Startup Time": 21.165,
                              "Actual Total Time": 21.165,
                              "Actual Rows": 192038,
                              "Actual Loops": 1,
                              "Index Cond": "(company_id < 52)"
                            }
                          ]
                        }
                      ]
                    }
                  ]
                }
              ]
            }
          ]
        }
      ]
    },
    "Planning Time": 0.652,
    "Triggers": [],
    "Execution Time": 198.561
  }
]