[
  {
    "Plan": {
      "Node Type": "Aggregate",
      "Strategy": "Plain",
      "Partial Mode": "Finalize",
      "Parallel Aware": false,
      "Startup Cost": 337034.04,
      "Total Cost": 337034.05,
      "Plan Rows": 1,
      "Plan Width": 8,
      "Actual Startup Time": 721.378,
      "Actual Total Time": 773.951,
      "Actual Rows": 1,
      "Actual Loops": 1,
      "Plans": [
        {
          "Node Type": "Gather",
          "Parent Relationship": "Outer",
          "Parallel Aware": false,
          "Startup Cost": 337033.41,
          "Total Cost": 337034.02,
          "Plan Rows": 6,
          "Plan Width": 8,
          "Actual Startup Time": 721.191,
          "Actual Total Time": 773.942,
          "Actual Rows": 7,
          "Actual Loops": 1,
          "Workers Planned": 6,
          "Workers Launched": 6,
          "Single Copy": false,
          "Plans": [
            {
              "Node Type": "Aggregate",
              "Strategy": "Plain",
              "Partial Mode": "Partial",
              "Parent Relationship": "Outer",
              "Parallel Aware": false,
              "Startup Cost": 336033.41,
              "Total Cost": 336033.42,
              "Plan Rows": 1,
              "Plan Width": 8,
              "Actual Startup Time": 714.331,
              "Actual Total Time": 714.332,
              "Actual Rows": 1,
              "Actual Loops": 7,
              "Plans": [
                {
                  "Node Type": "Seq Scan",
                  "Parent Relationship": "Outer",
                  "Parallel Aware": true,
                  "Relation Name": "cast_info",
                  "Alias": "ci",
                  "Startup Cost": 0.0,
                  "Total Cost": 328211.39,
                  "Plan Rows": 3128808,
                  "Plan Width": 0,
                  "Actual Startup Time": 187.765,
                  "Actual Total Time": 586.807,
                  "Actual Rows": 2663031,
                  "Actual Loops": 7,
                  "Filter": "(person_id > 1742052)",
                  "Rows Removed by Filter": 2514733
                }
              ]
            }
          ]
        }
      ]
    },
    "Planning Time": 0.202,
    "Triggers": [],
    "Execution Time": 774.018
  }
]