[
  {
    "Plan": {
      "Node Type": "Aggregate",
      "Strategy": "Plain",
      "Partial Mode": "Finalize",
      "Parallel Aware": false,
      "Startup Cost": 248312.3,
      "Total Cost": 248312.31,
      "Plan Rows": 1,
      "Plan Width": 8,
      "Actual Startup Time": 517.698,
      "Actual Total Time": 557.062,
      "Actual Rows": 1,
      "Actual Loops": 1,
      "Plans": [
        {
          "Node Type": "Gather",
          "Parent Relationship": "Outer",
          "Parallel Aware": false,
          "Startup Cost": 248311.78,
          "Total Cost": 248312.29,
          "Plan Rows": 5,
          "Plan Width": 8,
          "Actual Startup Time": 517.111,
          "Actual Total Time": 557.051,
          "Actual Rows": 6,
          "Actual Loops": 1,
          "Workers Planned": 5,
          "Workers Launched": 5,
          "Single Copy": false,
          "Plans": [
            {
              "Node Type": "Aggregate",
              "Strategy": "Plain",
              "Partial Mode": "Partial",
              "Parent Relationship": "Outer",
              "Parallel Aware": false,
              "Startup Cost": 247311.78,
              "Total Cost": 247311.79,
              "Plan Rows": 1,
              "Plan Width": 8,
              "Actual Startup Time": 510.865,
              "Actual Total Time": 510.869,
              "Actual Rows": 1,
              "Actual Loops": 6,
              "Plans": [
                {
                  "Node Type": "Hash Join",
                  "Parent Relationship": "Outer",
                  "Parallel Aware": true,
                  "Join Type": "Inner",
                  "Startup Cost": 44157.7,
                  "Total Cost": 247189.59,
                  "Plan Rows": 48876,
                  "Plan Width": 0,
                  "Actual Startup Time": 102.79,
                  "Actual Total Time": 508.967,
                  "Actual Rows": 36180,
                  "Actual Loops": 6,
                  "Inner Unique": true,
                  "Hash Cond": "(mi.movie_id = t.id)",
                  "Plans": [
                    {
                      "Node Type": "Seq Scan",
                      "Parent Relationship": "Outer",
                      "Parallel Aware": true,
                      "Relation Name": "movie_info",
                      "Alias": "mi",
                      "Startup Cost": 0.0,
                      "Total Cost": 199108.24,
                      "Plan Rows": 1494718,
                      "Plan Width": 4,
                      "Actual Startup Time": 14.61,
                      "Actual Total Time": 301.568,
                      "Actual Rows": 1258142,
                      "Actual Loops": 6,
                      "Filter": "(info_type_id > 7)",
                      "Rows Removed by Filter": 1214478
                    },
                    {
                      "Node Type": "Hash",
                      "Parent Relationship": "Inner",
                      "Parallel Aware": true,
                      "Startup Cost": 43899.32,
                      "Total Cost": 43899.32,
                      "Plan Rows": 20670,
                      "Plan Width": 4,
                      "Actual Startup Time": 76.327,
                      "Actual Total Time": 76.329,
                      "Actual Rows": 14210,
                      "Actual Loops": 6,
                      "Hash Buckets": 131072,
                      "Original Hash Buckets": 131072,
                      "Hash Batches": 1,
                      "Original Hash Batches": 1,
                      "Peak Memory Usage": 4480,
                      "Plans": [
                        {
                          "Node Type": "Seq Scan",
                          "Parent Relationship": "Outer",
                          "Parallel Aware": true,
                          "Relation Name": "title",
                          "Alias": "t",
                          "Startup Cost": 0.0,
                          "Total Cost": 43899.32,
                          "Plan Rows": 20670,
                          "Plan Width": 4,
                          "Actual Startup Time": 39.943,
                          "Actual Total Time": 70.687,
                          "Actual Rows": 14210,
                          "Actual Loops": 6,
                          "Filter": "(production_year < 1920)",
                          "Rows Removed by Filter": 407175
                        }
                      ]
                    }
                  ]
                }
              ]
            }
          ]
        }
      ]
    },
    "Planning Time": 0.564,
    "Triggers": [],
    "Execution Time": 557.189
  }
]