[
  {
    "Plan": {
      "Node Type": "Aggregate",
      "Strategy": "Plain",
      "Partial Mode": "Finalize",
      "Parallel Aware": false,
      "Startup Cost": 75989.2,
      "Total Cost": 75989.21,
      "Plan Rows": 1,
      "Plan Width": 8,
      "Actual Startup Time": 693.65,
      "Actual Total Time": 721.809,
      "Actual Rows": 1,
      "Actual Loops": 1,
      "Plans": [
        {
          "Node Type": "Gather",
          "Parent Relationship": "Outer",
          "Parallel Aware": false,
          "Startup Cost": 75988.88,
          "Total Cost": 75989.19,
          "Plan Rows": 3,
          "Plan Width": 8,
          "Actual Startup Time": 676.884,
          "Actual Total Time": 721.79,
          "Actual Rows": 4,
          "Actual Loops": 1,
          "Workers Planned": 3,
          "Workers Launched": 3,
          "Single Copy": false,
          "Plans": [
            {
              "Node Type": "Aggregate",
              "Strategy": "Plain",
              "Partial Mode": "Partial",
              "Parent Relationship": "Outer",
              "Parallel Aware": false,
              "Startup Cost": 74988.88,
              "Total Cost": 74988.89,
              "Plan Rows": 1,
              "Plan Width": 8,
              "Actual Startup Time": 662.883,
              "Actual Total Time": 662.892,
              "Actual Rows": 1,
              "Actual Loops": 4,
              "Plans": [
                {
                  "Node Type": "Hash Join",
                  "Parent Relationship": "Outer",
                  "Parallel Aware": true,
                  "Join Type": "Inner",
                  "Startup Cost": 54957.03,
                  "Total Cost": 74902.17,
                  "Plan Rows": 34685,
                  "Plan Width": 0,
                  "Actual Startup Time": 565.856,
                  "Actual Total Time": 659.858,
                  "Actual Rows": 41762,
                  "Actual Loops": 4,
                  "Inner Unique": true,
                  "Hash Cond": "(mc.movie_id = t.id)",
                  "Plans": [
                    {
                      "Node Type": "Bitmap Heap Scan",
                      "Parent Relationship": "Outer",
                      "Parallel Aware": true,
                      "Relation Name": "movie_companies",
                      "Alias": "mc",
                      "Startup Cost": 4736.65,
                      "Total Cost": 24590.74,
                      "Plan Rows": 34685,
                      "Plan Width": 4,
                      "Actual Startup Time": 20.729,
                      "Actual Total Time": 70.274,
                      "Actual Rows": 41762,
                      "Actual Loops": 4,
                      "Recheck Cond": "(company_id < 73)",
                      "Rows Removed by Index Recheck": 0,
                      "Filter": "(company_type_id < 2)",
                      "Rows Removed by Filter": 12039,
                      "Exact Heap Blocks": 6772,
                      "Lossy Heap Blocks": 0,
                      "Plans": [
                        {
                          "Node Type": "Bitmap Index Scan",
                          "Parent Relationship": "Outer",
                          "Parallel Aware": false,
                          "Index Name": "company_id_movie_companies",
                          "Startup Cost": 0.0,
                          "Total Cost": 4709.77,
                          "Plan Rows": 219912,
                          "Plan Width": 0,
                          "Actual Startup Time": 16.768,
                          "Actual Total Time": 16.77,
                          "Actual Rows": 215203,
                          "Actual Loops": 1,
                          "Index Cond": "(company_id < 73)"
                        }
                      ]
                    },
                    {
                      "Node Type": "Hash",
                      "Parent Relationship": "Inner",
                      "Parallel Aware": true,
                      "Startup Cost": 42319.06,
                      "Total Cost": 42319.06,
                      "Plan Rows": 632106,
                      "Plan Width": 4,
                      "Actual Startup Time": 534.897,
                      "Actual Total Time": 534.902,
                      "Actual Rows": 632078,
                      "Actual Loops": 4,
                      "Hash Buckets": 4194304,
                      "Original Hash Buckets": 4194304,
                      "Hash Batches": 1,
                      "Original Hash Batches": 1,
                      "Peak Memory Usage": 131744,
                      "Plans": [
                        {
                          "Node Type": "Seq Scan",
                          "Parent Relationship": "Outer",
                          "Parallel Aware": true,
                          "Relation Name": "title",
                          "Alias": "t",
                          "Startup Cost": 0.0,
                          "Total Cost": 42319.06,
                          "Plan Rows": 632106,
                          "Plan Width": 4,
                          "Actual Startup Time": 0.051,
                          "Actual Total Time": 154.137,
                          "Actual Rows": 632078,
                          "Actual Loops": 4
                        }
                      ]
                    }
                  ]
                }
              ]
            }
          ]
        }
      ]
    },
    "Planning Time": 0.316,
    "Triggers": [],
    "Execution Time": 721.874
  }
]