[
  {
    "Plan": {
      "Node Type": "Aggregate",
      "Strategy": "Plain",
      "Partial Mode": "Finalize",
      "Parallel Aware": false,
      "Startup Cost": 339671.76,
      "Total Cost": 339671.77,
      "Plan Rows": 1,
      "Plan Width": 8,
      "Actual Startup Time": 773.244,
      "Actual Total Time": 830.18,
      "Actual Rows": 1,
      "Actual Loops": 1,
      "Plans": [
        {
          "Node Type": "Gather",
          "Parent Relationship": "Outer",
          "Parallel Aware": false,
          "Startup Cost": 339671.13,
          "Total Cost": 339671.74,
          "Plan Rows": 6,
          "Plan Width": 8,
          "Actual Startup Time": 773.097,
          "Actual Total Time": 830.169,
          "Actual Rows": 7,
          "Actual Loops": 1,
          "Workers Planned": 6,
          "Workers Launched": 6,
          "Single Copy": false,
          "Plans": [
            {
              "Node Type": "Aggregate",
              "Strategy": "Plain",
              "Partial Mode": "Partial",
              "Parent Relationship": "Outer",
              "Parallel Aware": false,
              "Startup Cost": 338671.13,
              "Total Cost": 338671.14,
              "Plan Rows": 1,
              "Plan Width": 8,
              "Actual Startup Time": 765.845,
              "Actual Total Time": 765.847,
              "Actual Rows": 1,
              "Actual Loops": 7,
              "Plans": [
                {
                  "Node Type": "Seq Scan",
                  "Parent Relationship": "Outer",
                  "Parallel Aware": true,
                  "Relation Name": "cast_info",
                  "Alias": "ci",
                  "Startup Cost": 0.0,
                  "Total Cost": 328162.03,
                  "Plan Rows": 4203642,
                  "Plan Width": 0,
                  "Actual Startup Time": 0.043,
                  "Actual Total Time": 610.751,
                  "Actual Rows": 3619213,
                  "Actual Loops": 7,
                  "Filter": "(person_id < 2615326)",
                  "Rows Removed by Filter": 1558550
                }
              ]
            }
          ]
        }
      ]
    },
    "Planning Time": 0.205,
    "Triggers": [],
    "Execution Time": 830.29
  }
]