[
  {
    "Plan": {
      "Node Type": "Aggregate",
      "Strategy": "Plain",
      "Partial Mode": "Finalize",
      "Parallel Aware": false,
      "Startup Cost": 304206.57,
      "Total Cost": 304206.58,
      "Plan Rows": 1,
      "Plan Width": 8,
      "Actual Startup Time": 1965.298,
      "Actual Total Time": 2051.516,
      "Actual Rows": 1,
      "Actual Loops": 1,
      "Plans": [
        {
          "Node Type": "Gather",
          "Parent Relationship": "Outer",
          "Parallel Aware": false,
          "Startup Cost": 304206.25,
          "Total Cost": 304206.56,
          "Plan Rows": 3,
          "Plan Width": 8,
          "Actual Startup Time": 1963.976,
          "Actual Total Time": 2051.504,
          "Actual Rows": 4,
          "Actual Loops": 1,
          "Workers Planned": 3,
          "Workers Launched": 3,
          "Single Copy": false,
          "Plans": [
            {
              "Node Type": "Aggregate",
              "Strategy": "Plain",
              "Partial Mode": "Partial",
              "Parent Relationship": "Outer",
              "Parallel Aware": false,
              "Startup Cost": 303206.25,
              "Total Cost": 303206.26,
              "Plan Rows": 1,
              "Plan Width": 8,
              "Actual Startup Time": 1954.3,
              "Actual Total Time": 1954.303,
              "Actual Rows": 1,
              "Actual Loops": 4,
              "Plans": [
                {
                  "Node Type": "Nested Loop",
                  "Parent Relationship": "Outer",
                  "Parallel Aware": false,
                  "Join Type": "Inner",
                  "Startup Cost": 47179.74,
                  "Total Cost": 301729.3,
                  "Plan Rows": 590781,
                  "Plan Width": 0,
                  "Actual Startup Time": 186.861,
                  "Actual Total Time": 1914.152,
                  "Actual Rows": 779928,
                  "Actual Loops": 4,
                  "Inner Unique": false,
                  "Join Filter": "(t.id = ci.movie_id)",
                  "Rows Removed by Join Filter": 0,
                  "Plans": [
                    {
                      "Node Type": "Hash Join",
                      "Parent Relationship": "Outer",
                      "Parallel Aware": true,
                      "Join Type": "Inner",
                      "Startup Cost": 47179.17,
                      "Total Cost": 79503.64,
                      "Plan Rows": 74565,
                      "Plan Width": 8,
                      "Actual Startup Time": 186.728,
                      "Actual Total Time": 302.914,
                      "Actual Rows": 57851,
                      "Actual Loops": 4,
                      "Inner Unique": true,
                      "Hash Cond": "(mc.movie_id = t.id)",
                      "Plans": [
                        {
                          "Node Type": "Seq Scan",
                          "Parent Relationship": "Outer",
                          "Parallel Aware": true,
                          "Relation Name": "movie_companies",
                          "Alias": "mc",
                          "Startup Cost": 0.0,
                          "Total Cost": 31414.82,
                          "Plan Rows": 346533,
                          "Plan Width": 4,
                          "Actual Startup Time": 32.075,
                          "Actual Total Time": 73.174,
                          "Actual Rows": 208572,
                          "Actual Loops": 4,
                          "Filter": "((company_id < 74169) AND (company_type_id > 1))",
                          "Rows Removed by Filter": 443711
                        },
                        {
                          "Node Type": "Hash",
                          "Parent Relationship": "Inner",
                          "Parallel Aware": true,
                          "Startup Cost": 45479.1,
                          "Total Cost": 45479.1,
                          "Plan Rows": 136006,
                          "Plan Width": 4,
                          "Actual Startup Time": 149.822,
                          "Actual Total Time": 149.823,
                          "Actual Rows": 114952,
                          "Actual Loops": 4,
                          "Hash Buckets": 1048576,
                          "Original Hash Buckets": 1048576,
                          "Hash Batches": 1,
                          "Original Hash Batches": 1,
                          "Peak Memory Usage": 26272,
                          "Plans": [
                            {
                              "Node Type": "Seq Scan",
                              "Parent Relationship": "Outer",
                              "Parallel Aware": true,
                              "Relation Name": "title",
                              "Alias": "t",
                              "Startup Cost": 0.0,
                              "Total Cost": 45479.1,
                              "Plan Rows": 136006,
                              "Plan Width": 4,
                              "Actual Startup Time": 0.049,
                              "Actual Total Time": 105.899,
                              "Actual Rows": 114952,
                              "Actual Loops": 4,
                              "Filter": "((kind_id < 7) AND (production_year > 2000))",
                              "Rows Removed by Filter": 517126
                            }
                          ]
                        }
                      ]
                    },
                    {
                      "Node Type": "Index Scan",
                      "Parent Relationship": "Inner",
                      "Parallel Aware": false,
                      "Scan Direction": "Forward",
                      "Index Name": "movie_id_cast_info",
                      "Relation Name": "cast_info",
                      "Alias": "ci",
                      "Startup Cost": 0.56,
                      "Total Cost": 2.73,
                      "Plan Rows": 20,
                      "Plan Width": 4,
                      "Actual Startup Time": 0.005,
                      "Actual Total Time": 0.026,
                      "Actual Rows": 13,
                      "Actual Loops": 231405,
                      "Index Cond": "(movie_id = mc.movie_id)",
                      "Rows Removed by Index Recheck": 0,
                      "Filter": "(person_id < 2016426)",
                      "Rows Removed by Filter": 12
                    }
                  ]
                }
              ]
            }
          ]
        }
      ]
    },
    "Planning Time": 1.387,
    "Triggers": [],
    "Execution Time": 2051.625
  }
]