[
  {
    "Plan": {
      "Node Type": "Aggregate",
      "Strategy": "Plain",
      "Partial Mode": "Finalize",
      "Parallel Aware": false,
      "Startup Cost": 246354.74,
      "Total Cost": 246354.75,
      "Plan Rows": 1,
      "Plan Width": 8,
      "Actual Startup Time": 604.016,
      "Actual Total Time": 649.452,
      "Actual Rows": 1,
      "Actual Loops": 1,
      "Plans": [
        {
          "Node Type": "Gather",
          "Parent Relationship": "Outer",
          "Parallel Aware": false,
          "Startup Cost": 246354.21,
          "Total Cost": 246354.72,
          "Plan Rows": 5,
          "Plan Width": 8,
          "Actual Startup Time": 598.758,
          "Actual Total Time": 649.416,
          "Actual Rows": 6,
          "Actual Loops": 1,
          "Workers Planned": 5,
          "Workers Launched": 5,
          "Single Copy": false,
          "Plans": [
            {
              "Node Type": "Aggregate",
              "Strategy": "Plain",
              "Partial Mode": "Partial",
              "Parent Relationship": "Outer",
              "Parallel Aware": false,
              "Startup Cost": 245354.21,
              "Total Cost": 245354.22,
              "Plan Rows": 1,
              "Plan Width": 8,
              "Actual Startup Time": 590.398,
              "Actual Total Time": 590.401,
              "Actual Rows": 1,
              "Actual Loops": 6,
              "Plans": [
                {
                  "Node Type": "Hash Join",
                  "Parent Relationship": "Outer",
                  "Parallel Aware": true,
                  "Join Type": "Inner",
                  "Startup Cost": 44401.94,
                  "Total Cost": 245239.87,
                  "Plan Rows": 45737,
                  "Plan Width": 0,
                  "Actual Startup Time": 145.912,
                  "Actual Total Time": 587.78,
                  "Actual Rows": 36924,
                  "Actual Loops": 6,
                  "Inner Unique": true,
                  "Hash Cond": "(mi.movie_id = t.id)",
                  "Plans": [
                    {
                      "Node Type": "Seq Scan",
                      "Parent Relationship": "Outer",
                      "Parallel Aware": true,
                      "Relation Name": "movie_info",
                      "Alias": "mi",
                      "Startup Cost": 0.0,
                      "Total Cost": 198952.16,
                      "Plan Rows": 718388,
                      "Plan Width": 4,
                      "Actual Startup Time": 36.823,
                      "Actual Total Time": 379.54,
                      "Actual Rows": 604163,
                      "Actual Loops": 6,
                      "Filter": "(info_type_id < 4)",
                      "Rows Removed by Filter": 1868457
                    },
                    {
                      "Node Type": "Hash",
                      "Parent Relationship": "Inner",
                      "Parallel Aware": true,
                      "Startup Cost": 43898.92,
                      "Total Cost": 43898.92,
                      "Plan Rows": 40242,
                      "Plan Width": 4,
                      "Actual Startup Time": 107.334,
                      "Actual Total Time": 107.335,
                      "Actual Rows": 27384,
                      "Actual Loops": 6,
                      "Hash Buckets": 262144,
                      "Original Hash Buckets": 262144,
                      "Hash Batches": 1,
                      "Original Hash Batches": 1,
                      "Peak Memory Usage": 8640,
                      "Plans": [
                        {
                          "Node Type": "Seq Scan",
                          "Parent Relationship": "Outer",
                          "Parallel Aware": true,
                          "Relation Name": "title",
                          "Alias": "t",
                          "Startup Cost": 0.0,
                          "Total Cost": 43898.92,
                          "Plan Rows": 40242,
                          "Plan Width": 4,
                          "Actual Startup Time": 0.034,
                          "Actual Total Time": 86.894,
                          "Actual Rows": 27384,
                          "Actual Loops": 6,
                          "Filter": "(production_year = 2012)",
                          "Rows Removed by Filter": 394001
                        }
                      ]
                    }
                  ]
                }
              ]
            }
          ]
        }
      ]
    },
    "Planning Time": 0.393,
    "Triggers": [],
    "Execution Time": 649.553
  }
]