[
    {
        "Bao": {
            "Bao prediction": "NaN",
            "Bao recommended hint": "(no hint)"
        }
    },
    {
        "Plan": {
            "Node Type": "Aggregate",
            "Strategy": "Plain",
            "Partial Mode": "Finalize",
            "Parallel Aware": false,
            "Startup Cost": 608260.5,
            "Total Cost": 608260.51,
            "Plan Rows": 1,
            "Plan Width": 8,
            "Actual Startup Time": 3980.75,
            "Actual Total Time": 4019.866,
            "Actual Rows": 1,
            "Actual Loops": 1,
            "Output": [
                "count(*)"
            ],
            "Plans": [
                {
                    "Node Type": "Gather",
                    "Parent Relationship": "Outer",
                    "Parallel Aware": false,
                    "Startup Cost": 608259.88,
                    "Total Cost": 608260.49,
                    "Plan Rows": 6,
                    "Plan Width": 8,
                    "Actual Startup Time": 3950.671,
                    "Actual Total Time": 4019.853,
                    "Actual Rows": 7,
                    "Actual Loops": 1,
                    "Output": [
                        "(PARTIAL count(*))"
                    ],
                    "Workers Planned": 6,
                    "Workers Launched": 6,
                    "Single Copy": false,
                    "Plans": [
                        {
                            "Node Type": "Aggregate",
                            "Strategy": "Plain",
                            "Partial Mode": "Partial",
                            "Parent Relationship": "Outer",
                            "Parallel Aware": false,
                            "Startup Cost": 607259.88,
                            "Total Cost": 607259.89,
                            "Plan Rows": 1,
                            "Plan Width": 8,
                            "Actual Startup Time": 3940.657,
                            "Actual Total Time": 3941.208,
                            "Actual Rows": 1,
                            "Actual Loops": 7,
                            "Output": [
                                "PARTIAL count(*)"
                            ],
                            "Workers": [
                                {
                                    "Worker Number": 0,
                                    "Actual Startup Time": 3938.019,
                                    "Actual Total Time": 3938.025,
                                    "Actual Rows": 1,
                                    "Actual Loops": 1
                                },
                                {
                                    "Worker Number": 1,
                                    "Actual Startup Time": 3938.025,
                                    "Actual Total Time": 3938.03,
                                    "Actual Rows": 1,
                                    "Actual Loops": 1
                                },
                                {
                                    "Worker Number": 2,
                                    "Actual Startup Time": 3941.47,
                                    "Actual Total Time": 3941.475,
                                    "Actual Rows": 1,
                                    "Actual Loops": 1
                                },
                                {
                                    "Worker Number": 3,
                                    "Actual Startup Time": 3938.977,
                                    "Actual Total Time": 3938.983,
                                    "Actual Rows": 1,
                                    "Actual Loops": 1
                                },
                                {
                                    "Worker Number": 4,
                                    "Actual Startup Time": 3938.71,
                                    "Actual Total Time": 3938.716,
                                    "Actual Rows": 1,
                                    "Actual Loops": 1
                                },
                                {
                                    "Worker Number": 5,
                                    "Actual Startup Time": 3939.248,
                                    "Actual Total Time": 3939.253,
                                    "Actual Rows": 1,
                                    "Actual Loops": 1
                                }
                            ],
                            "Plans": [
                                {
                                    "Node Type": "Hash Join",
                                    "Parent Relationship": "Outer",
                                    "Parallel Aware": true,
                                    "Join Type": "Inner",
                                    "Startup Cost": 254237.75,
                                    "Total Cost": 602813.29,
                                    "Plan Rows": 1778633,
                                    "Plan Width": 0,
                                    "Actual Startup Time": 949.838,
                                    "Actual Total Time": 3641.846,
                                    "Actual Rows": 6664484,
                                    "Actual Loops": 7,
                                    "Inner Unique": false,
                                    "Hash Cond": "(ci.movie_id = t.id)",
                                    "Workers": [
                                        {
                                            "Worker Number": 0,
                                            "Actual Startup Time": 947.618,
                                            "Actual Total Time": 3651.245,
                                            "Actual Rows": 6696087,
                                            "Actual Loops": 1
                                        },
                                        {
                                            "Worker Number": 1,
                                            "Actual Startup Time": 947.712,
                                            "Actual Total Time": 3598.392,
                                            "Actual Rows": 5056968,
                                            "Actual Loops": 1
                                        },
                                        {
                                            "Worker Number": 2,
                                            "Actual Startup Time": 948.127,
                                            "Actual Total Time": 3644.235,
                                            "Actual Rows": 6973037,
                                            "Actual Loops": 1
                                        },
                                        {
                                            "Worker Number": 3,
                                            "Actual Startup Time": 948.516,
                                            "Actual Total Time": 3643.997,
                                            "Actual Rows": 6915921,
                                            "Actual Loops": 1
                                        },
                                        {
                                            "Worker Number": 4,
                                            "Actual Startup Time": 948.272,
                                            "Actual Total Time": 3650.423,
                                            "Actual Rows": 6728269,
                                            "Actual Loops": 1
                                        },
                                        {
                                            "Worker Number": 5,
                                            "Actual Startup Time": 948.834,
                                            "Actual Total Time": 3643.757,
                                            "Actual Rows": 6937556,
                                            "Actual Loops": 1
                                        }
                                    ],
                                    "Plans": [
                                        {
                                            "Node Type": "Seq Scan",
                                            "Parent Relationship": "Outer",
                                            "Parallel Aware": true,
                                            "Relation Name": "cast_info",
                                            "Schema": "public",
                                            "Alias": "ci",
                                            "Startup Cost": 0.0,
                                            "Total Cost": 328213.62,
                                            "Plan Rows": 4481246,
                                            "Plan Width": 4,
                                            "Actual Startup Time": 0.026,
                                            "Actual Total Time": 627.866,
                                            "Actual Rows": 3837092,
                                            "Actual Loops": 7,
                                            "Output": [
                                                "ci.id",
                                                "ci.person_id",
                                                "ci.movie_id",
                                                "ci.person_role_id",
                                                "ci.note",
                                                "ci.nr_order",
                                                "ci.role_id"
                                            ],
                                            "Filter": "(ci.role_id < 5)",
                                            "Rows Removed by Filter": 1340672,
                                            "Workers": [
                                                {
                                                    "Worker Number": 0,
                                                    "Actual Startup Time": 0.025,
                                                    "Actual Total Time": 622.736,
                                                    "Actual Rows": 3841450,
                                                    "Actual Loops": 1
                                                },
                                                {
                                                    "Worker Number": 1,
                                                    "Actual Startup Time": 0.036,
                                                    "Actual Total Time": 691.108,
                                                    "Actual Rows": 2919058,
                                                    "Actual Loops": 1
                                                },
                                                {
                                                    "Worker Number": 2,
                                                    "Actual Startup Time": 0.025,
                                                    "Actual Total Time": 626.57,
                                                    "Actual Rows": 3994130,
                                                    "Actual Loops": 1
                                                },
                                                {
                                                    "Worker Number": 3,
                                                    "Actual Startup Time": 0.027,
                                                    "Actual Total Time": 621.197,
                                                    "Actual Rows": 3934410,
                                                    "Actual Loops": 1
                                                },
                                                {
                                                    "Worker Number": 4,
                                                    "Actual Startup Time": 0.028,
                                                    "Actual Total Time": 629.98,
                                                    "Actual Rows": 3922743,
                                                    "Actual Loops": 1
                                                },
                                                {
                                                    "Worker Number": 5,
                                                    "Actual Startup Time": 0.027,
                                                    "Actual Total Time": 631.186,
                                                    "Actual Rows": 4038070,
                                                    "Actual Loops": 1
                                                }
                                            ]
                                        },
                                        {
                                            "Node Type": "Hash",
                                            "Parent Relationship": "Inner",
                                            "Parallel Aware": true,
                                            "Startup Cost": 251728.98,
                                            "Total Cost": 251728.98,
                                            "Plan Rows": 200701,
                                            "Plan Width": 8,
                                            "Actual Startup Time": 946.901,
                                            "Actual Total Time": 947.45,
                                            "Actual Rows": 442538,
                                            "Actual Loops": 7,
                                            "Output": [
                                                "t.id",
                                                "mi.movie_id"
                                            ],
                                            "Hash Buckets": 4194304,
                                            "Original Hash Buckets": 1048576,
                                            "Hash Batches": 1,
                                            "Original Hash Batches": 1,
                                            "Peak Memory Usage": 178624,
                                            "Workers": [
                                                {
                                                    "Worker Number": 0,
                                                    "Actual Startup Time": 946.487,
                                                    "Actual Total Time": 946.49,
                                                    "Actual Rows": 445221,
                                                    "Actual Loops": 1
                                                },
                                                {
                                                    "Worker Number": 1,
                                                    "Actual Startup Time": 946.638,
                                                    "Actual Total Time": 946.641,
                                                    "Actual Rows": 310617,
                                                    "Actual Loops": 1
                                                },
                                                {
                                                    "Worker Number": 2,
                                                    "Actual Startup Time": 947.298,
                                                    "Actual Total Time": 947.302,
                                                    "Actual Rows": 460038,
                                                    "Actual Loops": 1
                                                },
                                                {
                                                    "Worker Number": 3,
                                                    "Actual Startup Time": 947.665,
                                                    "Actual Total Time": 947.67,
                                                    "Actual Rows": 458052,
                                                    "Actual Loops": 1
                                                },
                                                {
                                                    "Worker Number": 4,
                                                    "Actual Startup Time": 947.394,
                                                    "Actual Total Time": 947.398,
                                                    "Actual Rows": 446791,
                                                    "Actual Loops": 1
                                                },
                                                {
                                                    "Worker Number": 5,
                                                    "Actual Startup Time": 947.776,
                                                    "Actual Total Time": 947.78,
                                                    "Actual Rows": 463391,
                                                    "Actual Loops": 1
                                                }
                                            ],
                                            "Plans": [
                                                {
                                                    "Node Type": "Hash Join",
                                                    "Parent Relationship": "Outer",
                                                    "Parallel Aware": true,
                                                    "Join Type": "Inner",
                                                    "Startup Cost": 46095.65,
                                                    "Total Cost": 251728.98,
                                                    "Plan Rows": 200701,
                                                    "Plan Width": 8,
                                                    "Actual Startup Time": 100.923,
                                                    "Actual Total Time": 720.396,
                                                    "Actual Rows": 442538,
                                                    "Actual Loops": 7,
                                                    "Output": [
                                                        "t.id",
                                                        "mi.movie_id"
                                                    ],
                                                    "Inner Unique": true,
                                                    "Hash Cond": "(mi.movie_id = t.id)",
                                                    "Workers": [
                                                        {
                                                            "Worker Number": 0,
                                                            "Actual Startup Time": 100.905,
                                                            "Actual Total Time": 720.331,
                                                            "Actual Rows": 445221,
                                                            "Actual Loops": 1
                                                        },
                                                        {
                                                            "Worker Number": 1,
                                                            "Actual Startup Time": 100.983,
                                                            "Actual Total Time": 726.532,
                                                            "Actual Rows": 310617,
                                                            "Actual Loops": 1
                                                        },
                                                        {
                                                            "Worker Number": 2,
                                                            "Actual Startup Time": 100.937,
                                                            "Actual Total Time": 722.545,
                                                            "Actual Rows": 460038,
                                                            "Actual Loops": 1
                                                        },
                                                        {
                                                            "Worker Number": 3,
                                                            "Actual Startup Time": 100.939,
                                                            "Actual Total Time": 719.0,
                                                            "Actual Rows": 458052,
                                                            "Actual Loops": 1
                                                        },
                                                        {
                                                            "Worker Number": 4,
                                                            "Actual Startup Time": 100.801,
                                                            "Actual Total Time": 719.797,
                                                            "Actual Rows": 446791,
                                                            "Actual Loops": 1
                                                        },
                                                        {
                                                            "Worker Number": 5,
                                                            "Actual Startup Time": 100.838,
                                                            "Actual Total Time": 720.497,
                                                            "Actual Rows": 463391,
                                                            "Actual Loops": 1
                                                        }
                                                    ],
                                                    "Plans": [
                                                        {
                                                            "Node Type": "Seq Scan",
                                                            "Parent Relationship": "Outer",
                                                            "Parallel Aware": true,
                                                            "Relation Name": "movie_info",
                                                            "Schema": "public",
                                                            "Alias": "mi",
                                                            "Startup Cost": 0.0,
                                                            "Total Cost": 198880.74,
                                                            "Plan Rows": 2572415,
                                                            "Plan Width": 4,
                                                            "Actual Startup Time": 0.021,
                                                            "Actual Total Time": 311.729,
                                                            "Actual Rows": 1852870,
                                                            "Actual Loops": 7,
                                                            "Output": [
                                                                "mi.id",
                                                                "mi.movie_id",
                                                                "mi.info_type_id",
                                                                "mi.info",
                                                                "mi.note"
                                                            ],
                                                            "Filter": "(mi.info_type_id < 18)",
                                                            "Rows Removed by Filter": 266519,
                                                            "Workers": [
                                                                {
                                                                    "Worker Number": 0,
                                                                    "Actual Startup Time": 0.022,
                                                                    "Actual Total Time": 312.51,
                                                                    "Actual Rows": 1841165,
                                                                    "Actual Loops": 1
                                                                },
                                                                {
                                                                    "Worker Number": 1,
                                                                    "Actual Startup Time": 0.03,
                                                                    "Actual Total Time": 324.914,
                                                                    "Actual Rows": 1286419,
                                                                    "Actual Loops": 1
                                                                },
                                                                {
                                                                    "Worker Number": 2,
                                                                    "Actual Startup Time": 0.021,
                                                                    "Actual Total Time": 316.003,
                                                                    "Actual Rows": 1912150,
                                                                    "Actual Loops": 1
                                                                },
                                                                {
                                                                    "Worker Number": 3,
                                                                    "Actual Startup Time": 0.021,
                                                                    "Actual Total Time": 315.055,
                                                                    "Actual Rows": 1891155,
                                                                    "Actual Loops": 1
                                                                },
                                                                {
                                                                    "Worker Number": 4,
                                                                    "Actual Startup Time": 0.023,
                                                                    "Actual Total Time": 313.57,
                                                                    "Actual Rows": 1862808,
                                                                    "Actual Loops": 1
                                                                },
                                                                {
                                                                    "Worker Number": 5,
                                                                    "Actual Startup Time": 0.023,
                                                                    "Actual Total Time": 316.407,
                                                                    "Actual Rows": 1928300,
                                                                    "Actual Loops": 1
                                                                }
                                                            ]
                                                        },
                                                        {
                                                            "Node Type": "Hash",
                                                            "Parent Relationship": "Inner",
                                                            "Parallel Aware": true,
                                                            "Startup Cost": 45479.21,
                                                            "Total Cost": 45479.21,
                                                            "Plan Rows": 49315,
                                                            "Plan Width": 4,
                                                            "Actual Startup Time": 99.777,
                                                            "Actual Total Time": 99.779,
                                                            "Actual Rows": 42949,
                                                            "Actual Loops": 7,
                                                            "Output": [
                                                                "t.id"
                                                            ],
                                                            "Hash Buckets": 524288,
                                                            "Original Hash Buckets": 262144,
                                                            "Hash Batches": 1,
                                                            "Original Hash Batches": 1,
                                                            "Peak Memory Usage": 17984,
                                                            "Workers": [
                                                                {
                                                                    "Worker Number": 0,
                                                                    "Actual Startup Time": 100.064,
                                                                    "Actual Total Time": 100.066,
                                                                    "Actual Rows": 40453,
                                                                    "Actual Loops": 1
                                                                },
                                                                {
                                                                    "Worker Number": 1,
                                                                    "Actual Startup Time": 100.033,
                                                                    "Actual Total Time": 100.034,
                                                                    "Actual Rows": 29323,
                                                                    "Actual Loops": 1
                                                                },
                                                                {
                                                                    "Worker Number": 2,
                                                                    "Actual Startup Time": 100.181,
                                                                    "Actual Total Time": 100.183,
                                                                    "Actual Rows": 43130,
                                                                    "Actual Loops": 1
                                                                },
                                                                {
                                                                    "Worker Number": 3,
                                                                    "Actual Startup Time": 100.133,
                                                                    "Actual Total Time": 100.135,
                                                                    "Actual Rows": 43096,
                                                                    "Actual Loops": 1
                                                                },
                                                                {
                                                                    "Worker Number": 4,
                                                                    "Actual Startup Time": 99.987,
                                                                    "Actual Total Time": 99.988,
                                                                    "Actual Rows": 40516,
                                                                    "Actual Loops": 1
                                                                },
                                                                {
                                                                    "Worker Number": 5,
                                                                    "Actual Startup Time": 100.002,
                                                                    "Actual Total Time": 100.003,
                                                                    "Actual Rows": 43018,
                                                                    "Actual Loops": 1
                                                                }
                                                            ],
                                                            "Plans": [
                                                                {
                                                                    "Node Type": "Seq Scan",
                                                                    "Parent Relationship": "Outer",
                                                                    "Parallel Aware": true,
                                                                    "Relation Name": "title",
                                                                    "Schema": "public",
                                                                    "Alias": "t",
                                                                    "Startup Cost": 0.0,
                                                                    "Total Cost": 45479.21,
                                                                    "Plan Rows": 49315,
                                                                    "Plan Width": 4,
                                                                    "Actual Startup Time": 0.093,
                                                                    "Actual Total Time": 74.875,
                                                                    "Actual Rows": 42949,
                                                                    "Actual Loops": 7,
                                                                    "Output": [
                                                                        "t.id"
                                                                    ],
                                                                    "Filter": "((t.kind_id < 7) AND (t.production_year < 1979))",
                                                                    "Rows Removed by Filter": 318238,
                                                                    "Workers": [
                                                                        {
                                                                            "Worker Number": 0,
                                                                            "Actual Startup Time": 0.062,
                                                                            "Actual Total Time": 74.567,
                                                                            "Actual Rows": 40453,
                                                                            "Actual Loops": 1
                                                                        },
                                                                        {
                                                                            "Worker Number": 1,
                                                                            "Actual Startup Time": 0.155,
                                                                            "Actual Total Time": 75.576,
                                                                            "Actual Rows": 29323,
                                                                            "Actual Loops": 1
                                                                        },
                                                                        {
                                                                            "Worker Number": 2,
                                                                            "Actual Startup Time": 0.057,
                                                                            "Actual Total Time": 75.755,
                                                                            "Actual Rows": 43130,
                                                                            "Actual Loops": 1
                                                                        },
                                                                        {
                                                                            "Worker Number": 3,
                                                                            "Actual Startup Time": 0.152,
                                                                            "Actual Total Time": 75.597,
                                                                            "Actual Rows": 43096,
                                                                            "Actual Loops": 1
                                                                        },
                                                                        {
                                                                            "Worker Number": 4,
                                                                            "Actual Startup Time": 0.067,
                                                                            "Actual Total Time": 74.869,
                                                                            "Actual Rows": 40516,
                                                                            "Actual Loops": 1
                                                                        },
                                                                        {
                                                                            "Worker Number": 5,
                                                                            "Actual Startup Time": 0.095,
                                                                            "Actual Total Time": 75.41,
                                                                            "Actual Rows": 43018,
                                                                            "Actual Loops": 1
                                                                        }
                                                                    ]
                                                                }
                                                            ]
                                                        }
                                                    ]
                                                }
                                            ]
                                        }
                                    ]
                                }
                            ]
                        }
                    ]
                }
            ]
        },
        "Planning Time": 221.424,
        "Triggers": [],
        "Execution Time": 4019.945
    }
]