[
  {
    "Plan": {
      "Node Type": "Aggregate",
      "Strategy": "Plain",
      "Partial Mode": "Finalize",
      "Parallel Aware": false,
      "Startup Cost": 70941.94,
      "Total Cost": 70941.95,
      "Plan Rows": 1,
      "Plan Width": 8,
      "Actual Startup Time": 237.587,
      "Actual Total Time": 251.614,
      "Actual Rows": 1,
      "Actual Loops": 1,
      "Plans": [
        {
          "Node Type": "Gather",
          "Parent Relationship": "Outer",
          "Parallel Aware": false,
          "Startup Cost": 70941.62,
          "Total Cost": 70941.93,
          "Plan Rows": 3,
          "Plan Width": 8,
          "Actual Startup Time": 236.756,
          "Actual Total Time": 251.606,
          "Actual Rows": 4,
          "Actual Loops": 1,
          "Workers Planned": 3,
          "Workers Launched": 3,
          "Single Copy": false,
          "Plans": [
            {
              "Node Type": "Aggregate",
              "Strategy": "Plain",
              "Partial Mode": "Partial",
              "Parent Relationship": "Outer",
              "Parallel Aware": false,
              "Startup Cost": 69941.62,
              "Total Cost": 69941.63,
              "Plan Rows": 1,
              "Plan Width": 8,
              "Actual Startup Time": 227.74,
              "Actual Total Time": 227.745,
              "Actual Rows": 1,
              "Actual Loops": 4,
              "Plans": [
                {
                  "Node Type": "Hash Join",
                  "Parent Relationship": "Outer",
                  "Parallel Aware": true,
                  "Join Type": "Inner",
                  "Startup Cost": 38463.36,
                  "Total Cost": 69880.75,
                  "Plan Rows": 24347,
                  "Plan Width": 0,
                  "Actual Startup Time": 86.739,
                  "Actual Total Time": 225.457,
                  "Actual Rows": 37363,
                  "Actual Loops": 4,
                  "Inner Unique": true,
                  "Hash Cond": "(mc.movie_id = t.id)",
                  "Plans": [
                    {
                      "Node Type": "Seq Scan",
                      "Parent Relationship": "Outer",
                      "Parallel Aware": true,
                      "Relation Name": "movie_companies",
                      "Alias": "mc",
                      "Startup Cost": 0.0,
                      "Total Cost": 29310.68,
                      "Plan Rows": 802557,
                      "Plan Width": 4,
                      "Actual Startup Time": 0.021,
                      "Actual Total Time": 91.485,
                      "Actual Rows": 623147,
                      "Actual Loops": 4,
                      "Filter": "(company_id < 148272)",
                      "Rows Removed by Filter": 29136
                    },
                    {
                      "Node Type": "Hash",
                      "Parent Relationship": "Inner",
                      "Parallel Aware": true,
                      "Startup Cost": 38223.66,
                      "Total Cost": 38223.66,
                      "Plan Rows": 19176,
                      "Plan Width": 4,
                      "Actual Startup Time": 55.926,
                      "Actual Total Time": 55.927,
                      "Actual Rows": 18247,
                      "Actual Loops": 4,
                      "Hash Buckets": 131072,
                      "Original Hash Buckets": 131072,
                      "Hash Batches": 1,
                      "Original Hash Batches": 1,
                      "Peak Memory Usage": 3936,
                      "Plans": [
                        {
                          "Node Type": "Bitmap Heap Scan",
                          "Parent Relationship": "Outer",
                          "Parallel Aware": true,
                          "Relation Name": "title",
                          "Alias": "t",
                          "Startup Cost": 1842.31,
                          "Total Cost": 38223.66,
                          "Plan Rows": 19176,
                          "Plan Width": 4,
                          "Actual Startup Time": 14.198,
                          "Actual Total Time": 49.15,
                          "Actual Rows": 18247,
                          "Actual Loops": 4,
                          "Recheck Cond": "(kind_id = 3)",
                          "Rows Removed by Index Recheck": 0,
                          "Filter": "(production_year > 1983)",
                          "Rows Removed by Filter": 6888,
                          "Exact Heap Blocks": 8107,
                          "Lossy Heap Blocks": 0,
                          "Plans": [
                            {
                              "Node Type": "Bitmap Index Scan",
                              "Parent Relationship": "Outer",
                              "Parallel Aware": false,
                              "Index Name": "kind_id_title",
                              "Startup Cost": 0.0,
                              "Total Cost": 1823.13,
                              "Plan Rows": 102227,
                              "Plan Width": 0,
                              "Actual Startup Time": 14.683,
                              "Actual Total Time": 14.683,
                              "Actual Rows": 100537,
                              "Actual Loops": 1,
                              "Index Cond": "(kind_id = 3)"
                            }
                          ]
                        }
                      ]
                    }
                  ]
                }
              ]
            }
          ]
        }
      ]
    },
    "Planning Time": 0.671,
    "Triggers": [],
    "Execution Time": 251.698
  }
]