{
  "Plan": {
    "Node Type": "Aggregate",
    "Strategy": "Plain",
    "Partial Mode": "Finalize",
    "Parallel Aware": false,
    "Startup Cost": 360219.06,
    "Total Cost": 360219.07,
    "Plan Rows": 1,
    "Plan Width": 8,
    "Actual Startup Time": 1090.786,
    "Actual Total Time": 1092.806,
    "Actual Rows": 1,
    "Actual Loops": 1,
    "Plans": [
      {
        "Node Type": "Gather",
        "Parent Relationship": "Outer",
        "Parallel Aware": false,
        "Startup Cost": 360218.95,
        "Total Cost": 360219.06,
        "Plan Rows": 1,
        "Plan Width": 8,
        "Actual Startup Time": 1090.776,
        "Actual Total Time": 1092.8,
        "Actual Rows": 2,
        "Actual Loops": 1,
        "Workers Planned": 1,
        "Workers Launched": 1,
        "Single Copy": false,
        "Plans": [
          {
            "Node Type": "Aggregate",
            "Strategy": "Plain",
            "Partial Mode": "Partial",
            "Parent Relationship": "Outer",
            "Parallel Aware": false,
            "Startup Cost": 359218.95,
            "Total Cost": 359218.96,
            "Plan Rows": 1,
            "Plan Width": 8,
            "Actual Startup Time": 1075.193,
            "Actual Total Time": 1075.199,
            "Actual Rows": 1,
            "Actual Loops": 2,
            "Plans": [
              {
                "Node Type": "Merge Join",
                "Parent Relationship": "Outer",
                "Parallel Aware": false,
                "Join Type": "Inner",
                "Startup Cost": 355052.61,
                "Total Cost": 359103.39,
                "Plan Rows": 46221,
                "Plan Width": 0,
                "Actual Startup Time": 997.869,
                "Actual Total Time": 1072.157,
                "Actual Rows": 70910,
                "Actual Loops": 2,
                "Inner Unique": false,
                "Merge Cond": "(mi.movie_id = t.id)",
                "Plans": [
                  {
                    "Node Type": "Sort",
                    "Parent Relationship": "Outer",
                    "Parallel Aware": false,
                    "Startup Cost": 226397.72,
                    "Total Cost": 227568.82,
                    "Plan Rows": 468439,
                    "Plan Width": 4,
                    "Actual Startup Time": 177.874,
                    "Actual Total Time": 192.634,
                    "Actual Rows": 401059,
                    "Actual Loops": 2,
                    "Sort Key": [
                      "mi.movie_id"
                    ],
                    "Sort Method": "quicksort",
                    "Sort Space Used": 34539,
                    "Sort Space Type": "Memory",
                    "Workers": [
                      {
                        "Worker Number": 0,
                        "Sort Method": "quicksort",
                        "Sort Space Used": 27638,
                        "Sort Space Type": "Memory"
                      }
                    ],
                    "Plans": [
                      {
                        "Node Type": "Bitmap Heap Scan",
                        "Parent Relationship": "Outer",
                        "Parallel Aware": true,
                        "Relation Name": "movie_info",
                        "Alias": "mi",
                        "Startup Cost": 14428.12,
                        "Total Cost": 182276.62,
                        "Plan Rows": 468439,
                        "Plan Width": 4,
                        "Actual Startup Time": 40.848,
                        "Actual Total Time": 92.725,
                        "Actual Rows": 401070,
                        "Actual Loops": 2,
                        "Recheck Cond": "(info_type_id < 2)",
                        "Rows Removed by Index Recheck": 0,
                        "Exact Heap Blocks": 2900,
                        "Lossy Heap Blocks": 0,
                        "Plans": [
                          {
                            "Node Type": "Bitmap Index Scan",
                            "Parent Relationship": "Outer",
                            "Parallel Aware": false,
                            "Index Name": "info_type_id_movie_info",
                            "Startup Cost": 0.0,
                            "Total Cost": 14229.04,
                            "Plan Rows": 796347,
                            "Plan Width": 0,
                            "Actual Startup Time": 45.79,
                            "Actual Total Time": 45.791,
                            "Actual Rows": 802140,
                            "Actual Loops": 1,
                            "Index Cond": "(info_type_id < 2)"
                          }
                        ]
                      }
                    ]
                  },
                  {
                    "Node Type": "Sort",
                    "Parent Relationship": "Inner",
                    "Parallel Aware": false,
                    "Startup Cost": 128654.86,
                    "Total Cost": 129278.54,
                    "Plan Rows": 249469,
                    "Plan Width": 8,
                    "Actual Startup Time": 819.852,
                    "Actual Total Time": 839.394,
                    "Actual Rows": 228258,
                    "Actual Loops": 2,
                    "Sort Key": [
                      "t.id"
                    ],
                    "Sort Method": "quicksort",
                    "Sort Space Used": 16519,
                    "Sort Space Type": "Memory",
                    "Workers": [
                      {
                        "Worker Number": 0,
                        "Sort Method": "quicksort",
                        "Sort Space Used": 16519,
                        "Sort Space Type": "Memory"
                      }
                    ],
                    "Plans": [
                      {
                        "Node Type": "Hash Join",
                        "Parent Relationship": "Outer",
                        "Parallel Aware": false,
                        "Join Type": "Inner",
                        "Startup Cost": 27524.56,
                        "Total Cost": 106291.84,
                        "Plan Rows": 249469,
                        "Plan Width": 8,
                        "Actual Startup Time": 156.187,
                        "Actual Total Time": 763.144,
                        "Actual Rows": 221314,
                        "Actual Loops": 2,
                        "Inner Unique": false,
                        "Hash Cond": "(t.id = mi_idx.movie_id)",
                        "Plans": [
                          {
                            "Node Type": "Seq Scan",
                            "Parent Relationship": "Outer",
                            "Parallel Aware": false,
                            "Relation Name": "title",
                            "Alias": "t",
                            "Startup Cost": 0.0,
                            "Total Cost": 67601.66,
                            "Plan Rows": 1387348,
                            "Plan Width": 4,
                            "Actual Startup Time": 0.029,
                            "Actual Total Time": 267.844,
                            "Actual Rows": 1381453,
                            "Actual Loops": 2,
                            "Filter": "(production_year > 2000)",
                            "Rows Removed by Filter": 1146859
                          },
                          {
                            "Node Type": "Hash",
                            "Parent Relationship": "Inner",
                            "Parallel Aware": false,
                            "Startup Cost": 21841.68,
                            "Total Cost": 21841.68,
                            "Plan Rows": 454630,
                            "Plan Width": 4,
                            "Actual Startup Time": 154.809,
                            "Actual Total Time": 154.811,
                            "Actual Rows": 459925,
                            "Actual Loops": 2,
                            "Hash Buckets": 524288,
                            "Original Hash Buckets": 524288,
                            "Hash Batches": 1,
                            "Original Hash Batches": 1,
                            "Peak Memory Usage": 20266,
                            "Plans": [
                              {
                                "Node Type": "Bitmap Heap Scan",
                                "Parent Relationship": "Outer",
                                "Parallel Aware": false,
                                "Relation Name": "movie_info_idx",
                                "Alias": "mi_idx",
                                "Startup Cost": 8223.81,
                                "Total Cost": 21841.68,
                                "Plan Rows": 454630,
                                "Plan Width": 4,
                                "Actual Startup Time": 22.338,
                                "Actual Total Time": 80.547,
                                "Actual Rows": 459925,
                                "Actual Loops": 2,
                                "Recheck Cond": "(info_type_id < 100)",
                                "Rows Removed by Index Recheck": 0,
                                "Exact Heap Blocks": 7934,
                                "Lossy Heap Blocks": 0,
                                "Plans": [
                                  {
                                    "Node Type": "Bitmap Index Scan",
                                    "Parent Relationship": "Outer",
                                    "Parallel Aware": false,
                                    "Index Name": "info_type_id_movie_info_idx",
                                    "Startup Cost": 0.0,
                                    "Total Cost": 8110.15,
                                    "Plan Rows": 454630,
                                    "Plan Width": 0,
                                    "Actual Startup Time": 21.412,
                                    "Actual Total Time": 21.412,
                                    "Actual Rows": 459925,
                                    "Actual Loops": 2,
                                    "Index Cond": "(info_type_id < 100)"
                                  }
                                ]
                              }
                            ]
                          }
                        ]
                      }
                    ]
                  }
                ]
              }
            ]
          }
        ]
      }
    ]
  },
  "Planning Time": 1.071,
  "Triggers": [],
  "Execution Time": 1097.159
}