[
  {
    "Plan": {
      "Node Type": "Aggregate",
      "Strategy": "Plain",
      "Partial Mode": "Finalize",
      "Parallel Aware": false,
      "Startup Cost": 84144.78,
      "Total Cost": 84144.79,
      "Plan Rows": 1,
      "Plan Width": 8,
      "Actual Startup Time": 548.378,
      "Actual Total Time": 572.174,
      "Actual Rows": 1,
      "Actual Loops": 1,
      "Plans": [
        {
          "Node Type": "Gather",
          "Parent Relationship": "Outer",
          "Parallel Aware": false,
          "Startup Cost": 84144.47,
          "Total Cost": 84144.78,
          "Plan Rows": 3,
          "Plan Width": 8,
          "Actual Startup Time": 536.195,
          "Actual Total Time": 572.162,
          "Actual Rows": 4,
          "Actual Loops": 1,
          "Workers Planned": 3,
          "Workers Launched": 3,
          "Single Copy": false,
          "Plans": [
            {
              "Node Type": "Aggregate",
              "Strategy": "Plain",
              "Partial Mode": "Partial",
              "Parent Relationship": "Outer",
              "Parallel Aware": false,
              "Startup Cost": 83144.47,
              "Total Cost": 83144.48,
              "Plan Rows": 1,
              "Plan Width": 8,
              "Actual Startup Time": 523.724,
              "Actual Total Time": 523.729,
              "Actual Rows": 1,
              "Actual Loops": 4,
              "Plans": [
                {
                  "Node Type": "Hash Join",
                  "Parent Relationship": "Outer",
                  "Parallel Aware": true,
                  "Join Type": "Inner",
                  "Startup Cost": 56900.61,
                  "Total Cost": 82890.59,
                  "Plan Rows": 101552,
                  "Plan Width": 0,
                  "Actual Startup Time": 421.848,
                  "Actual Total Time": 518.713,
                  "Actual Rows": 77872,
                  "Actual Loops": 4,
                  "Inner Unique": true,
                  "Hash Cond": "(mk.movie_id = t.id)",
                  "Plans": [
                    {
                      "Node Type": "Bitmap Heap Scan",
                      "Parent Relationship": "Outer",
                      "Parallel Aware": true,
                      "Relation Name": "movie_keyword",
                      "Alias": "mk",
                      "Startup Cost": 6680.23,
                      "Total Cost": 32403.63,
                      "Plan Rows": 101552,
                      "Plan Width": 4,
                      "Actual Startup Time": 29.41,
                      "Actual Total Time": 82.448,
                      "Actual Rows": 77872,
                      "Actual Loops": 4,
                      "Recheck Cond": "(keyword_id < 249)",
                      "Rows Removed by Index Recheck": 0,
                      "Exact Heap Blocks": 6852,
                      "Lossy Heap Blocks": 0,
                      "Plans": [
                        {
                          "Node Type": "Bitmap Index Scan",
                          "Parent Relationship": "Outer",
                          "Parallel Aware": false,
                          "Index Name": "keyword_id_movie_keyword",
                          "Startup Cost": 0.0,
                          "Total Cost": 6601.52,
                          "Plan Rows": 314812,
                          "Plan Width": 0,
                          "Actual Startup Time": 23.803,
                          "Actual Total Time": 23.805,
                          "Actual Rows": 311486,
                          "Actual Loops": 1,
                          "Index Cond": "(keyword_id < 249)"
                        }
                      ]
                    },
                    {
                      "Node Type": "Hash",
                      "Parent Relationship": "Inner",
                      "Parallel Aware": true,
                      "Startup Cost": 42319.06,
                      "Total Cost": 42319.06,
                      "Plan Rows": 632106,
                      "Plan Width": 4,
                      "Actual Startup Time": 382.962,
                      "Actual Total Time": 382.963,
                      "Actual Rows": 632078,
                      "Actual Loops": 4,
                      "Hash Buckets": 4194304,
                      "Original Hash Buckets": 4194304,
                      "Hash Batches": 1,
                      "Original Hash Batches": 1,
                      "Peak Memory Usage": 131712,
                      "Plans": [
                        {
                          "Node Type": "Seq Scan",
                          "Parent Relationship": "Outer",
                          "Parallel Aware": true,
                          "Relation Name": "title",
                          "Alias": "t",
                          "Startup Cost": 0.0,
                          "Total Cost": 42319.06,
                          "Plan Rows": 632106,
                          "Plan Width": 4,
                          "Actual Startup Time": 0.052,
                          "Actual Total Time": 111.934,
                          "Actual Rows": 632078,
                          "Actual Loops": 4
                        }
                      ]
                    }
                  ]
                }
              ]
            }
          ]
        }
      ]
    },
    "Planning Time": 0.245,
    "Triggers": [],
    "Execution Time": 572.222
  }
]