[
  {
    "Plan": {
      "Node Type": "Aggregate",
      "Strategy": "Plain",
      "Partial Mode": "Finalize",
      "Parallel Aware": false,
      "Startup Cost": 46149.3,
      "Total Cost": 46149.31,
      "Plan Rows": 1,
      "Plan Width": 8,
      "Actual Startup Time": 169.71,
      "Actual Total Time": 178.452,
      "Actual Rows": 1,
      "Actual Loops": 1,
      "Plans": [
        {
          "Node Type": "Gather",
          "Parent Relationship": "Outer",
          "Parallel Aware": false,
          "Startup Cost": 46148.98,
          "Total Cost": 46149.29,
          "Plan Rows": 3,
          "Plan Width": 8,
          "Actual Startup Time": 169.531,
          "Actual Total Time": 178.444,
          "Actual Rows": 4,
          "Actual Loops": 1,
          "Workers Planned": 3,
          "Workers Launched": 3,
          "Single Copy": false,
          "Plans": [
            {
              "Node Type": "Aggregate",
              "Strategy": "Plain",
              "Partial Mode": "Partial",
              "Parent Relationship": "Outer",
              "Parallel Aware": false,
              "Startup Cost": 45148.98,
              "Total Cost": 45148.99,
              "Plan Rows": 1,
              "Plan Width": 8,
              "Actual Startup Time": 165.696,
              "Actual Total Time": 165.697,
              "Actual Rows": 1,
              "Actual Loops": 4,
              "Plans": [
                {
                  "Node Type": "Seq Scan",
                  "Parent Relationship": "Outer",
                  "Parallel Aware": true,
                  "Relation Name": "movie_keyword",
                  "Alias": "mk",
                  "Startup Cost": 0.0,
                  "Total Cost": 42695.65,
                  "Plan Rows": 981330,
                  "Plan Width": 0,
                  "Actual Startup Time": 0.14,
                  "Actual Total Time": 127.153,
                  "Actual Rows": 760702,
                  "Actual Loops": 4,
                  "Filter": "(keyword_id > 2112)",
                  "Rows Removed by Filter": 370280
                }
              ]
            }
          ]
        }
      ]
    },
    "Planning Time": 0.101,
    "Triggers": [],
    "Execution Time": 178.487
  }
]