[
  {
    "Plan": {
      "Node Type": "Aggregate",
      "Strategy": "Plain",
      "Partial Mode": "Finalize",
      "Parallel Aware": false,
      "Startup Cost": 45932.6,
      "Total Cost": 45932.61,
      "Plan Rows": 1,
      "Plan Width": 8,
      "Actual Startup Time": 193.605,
      "Actual Total Time": 205.276,
      "Actual Rows": 1,
      "Actual Loops": 1,
      "Plans": [
        {
          "Node Type": "Gather",
          "Parent Relationship": "Outer",
          "Parallel Aware": false,
          "Startup Cost": 45932.28,
          "Total Cost": 45932.59,
          "Plan Rows": 3,
          "Plan Width": 8,
          "Actual Startup Time": 193.457,
          "Actual Total Time": 205.267,
          "Actual Rows": 4,
          "Actual Loops": 1,
          "Workers Planned": 3,
          "Workers Launched": 3,
          "Single Copy": false,
          "Plans": [
            {
              "Node Type": "Aggregate",
              "Strategy": "Plain",
              "Partial Mode": "Partial",
              "Parent Relationship": "Outer",
              "Parallel Aware": false,
              "Startup Cost": 44932.28,
              "Total Cost": 44932.29,
              "Plan Rows": 1,
              "Plan Width": 8,
              "Actual Startup Time": 187.924,
              "Actual Total Time": 187.925,
              "Actual Rows": 1,
              "Actual Loops": 4,
              "Plans": [
                {
                  "Node Type": "Seq Scan",
                  "Parent Relationship": "Outer",
                  "Parallel Aware": true,
                  "Relation Name": "movie_keyword",
                  "Alias": "mk",
                  "Startup Cost": 0.0,
                  "Total Cost": 42695.65,
                  "Plan Rows": 894651,
                  "Plan Width": 0,
                  "Actual Startup Time": 0.04,
                  "Actual Total Time": 146.92,
                  "Actual Rows": 696134,
                  "Actual Loops": 4,
                  "Filter": "(keyword_id < 8083)",
                  "Rows Removed by Filter": 434848
                }
              ]
            }
          ]
        }
      ]
    },
    "Planning Time": 0.107,
    "Triggers": [],
    "Execution Time": 205.311
  }
]