[
  {
    "Plan": {
      "Node Type": "Aggregate",
      "Strategy": "Plain",
      "Partial Mode": "Finalize",
      "Parallel Aware": false,
      "Startup Cost": 45948.39,
      "Total Cost": 45948.4,
      "Plan Rows": 1,
      "Plan Width": 8,
      "Actual Startup Time": 166.64,
      "Actual Total Time": 175.772,
      "Actual Rows": 1,
      "Actual Loops": 1,
      "Plans": [
        {
          "Node Type": "Gather",
          "Parent Relationship": "Outer",
          "Parallel Aware": false,
          "Startup Cost": 45948.07,
          "Total Cost": 45948.38,
          "Plan Rows": 3,
          "Plan Width": 8,
          "Actual Startup Time": 166.514,
          "Actual Total Time": 175.764,
          "Actual Rows": 4,
          "Actual Loops": 1,
          "Workers Planned": 3,
          "Workers Launched": 3,
          "Single Copy": false,
          "Plans": [
            {
              "Node Type": "Aggregate",
              "Strategy": "Plain",
              "Partial Mode": "Partial",
              "Parent Relationship": "Outer",
              "Parallel Aware": false,
              "Startup Cost": 44948.07,
              "Total Cost": 44948.08,
              "Plan Rows": 1,
              "Plan Width": 8,
              "Actual Startup Time": 159.913,
              "Actual Total Time": 159.914,
              "Actual Rows": 1,
              "Actual Loops": 4,
              "Plans": [
                {
                  "Node Type": "Seq Scan",
                  "Parent Relationship": "Outer",
                  "Parallel Aware": true,
                  "Relation Name": "movie_keyword",
                  "Alias": "mk",
                  "Startup Cost": 0.0,
                  "Total Cost": 42695.65,
                  "Plan Rows": 900967,
                  "Plan Width": 0,
                  "Actual Startup Time": 0.05,
                  "Actual Total Time": 125.433,
                  "Actual Rows": 696134,
                  "Actual Loops": 4,
                  "Filter": "(keyword_id < 8083)",
                  "Rows Removed by Filter": 434848
                }
              ]
            }
          ]
        }
      ]
    },
    "Planning Time": 0.18,
    "Triggers": [],
    "Execution Time": 175.826
  }
]