[
  {
    "Plan": {
      "Node Type": "Aggregate",
      "Strategy": "Plain",
      "Partial Mode": "Finalize",
      "Parallel Aware": false,
      "Startup Cost": 32865.21,
      "Total Cost": 32865.22,
      "Plan Rows": 1,
      "Plan Width": 8,
      "Actual Startup Time": 94.056,
      "Actual Total Time": 99.751,
      "Actual Rows": 1,
      "Actual Loops": 1,
      "Plans": [
        {
          "Node Type": "Gather",
          "Parent Relationship": "Outer",
          "Parallel Aware": false,
          "Startup Cost": 32864.89,
          "Total Cost": 32865.2,
          "Plan Rows": 3,
          "Plan Width": 8,
          "Actual Startup Time": 93.935,
          "Actual Total Time": 99.74,
          "Actual Rows": 4,
          "Actual Loops": 1,
          "Workers Planned": 3,
          "Workers Launched": 3,
          "Single Copy": false,
          "Plans": [
            {
              "Node Type": "Aggregate",
              "Strategy": "Plain",
              "Partial Mode": "Partial",
              "Parent Relationship": "Outer",
              "Parallel Aware": false,
              "Startup Cost": 31864.89,
              "Total Cost": 31864.9,
              "Plan Rows": 1,
              "Plan Width": 8,
              "Actual Startup Time": 88.342,
              "Actual Total Time": 88.343,
              "Actual Rows": 1,
              "Actual Loops": 4,
              "Plans": [
                {
                  "Node Type": "Seq Scan",
                  "Parent Relationship": "Outer",
                  "Parallel Aware": true,
                  "Relation Name": "movie_companies",
                  "Alias": "mc",
                  "Startup Cost": 0.0,
                  "Total Cost": 31414.82,
                  "Plan Rows": 180029,
                  "Plan Width": 0,
                  "Actual Startup Time": 0.028,
                  "Actual Total Time": 76.234,
                  "Actual Rows": 194077,
                  "Actual Loops": 4,
                  "Filter": "((company_id < 9019) AND (company_type_id < 2))",
                  "Rows Removed by Filter": 458205
                }
              ]
            }
          ]
        }
      ]
    },
    "Planning Time": 0.229,
    "Triggers": [],
    "Execution Time": 99.818
  }
]