[
  {
    "Plan": {
      "Node Type": "Aggregate",
      "Strategy": "Plain",
      "Partial Mode": "Finalize",
      "Parallel Aware": false,
      "Startup Cost": 331827.54,
      "Total Cost": 331827.55,
      "Plan Rows": 1,
      "Plan Width": 8,
      "Actual Startup Time": 565.202,
      "Actual Total Time": 606.123,
      "Actual Rows": 1,
      "Actual Loops": 1,
      "Plans": [
        {
          "Node Type": "Gather",
          "Parent Relationship": "Outer",
          "Parallel Aware": false,
          "Startup Cost": 331826.92,
          "Total Cost": 331827.53,
          "Plan Rows": 6,
          "Plan Width": 8,
          "Actual Startup Time": 565.107,
          "Actual Total Time": 606.116,
          "Actual Rows": 7,
          "Actual Loops": 1,
          "Workers Planned": 6,
          "Workers Launched": 6,
          "Single Copy": false,
          "Plans": [
            {
              "Node Type": "Aggregate",
              "Strategy": "Plain",
              "Partial Mode": "Partial",
              "Parent Relationship": "Outer",
              "Parallel Aware": false,
              "Startup Cost": 330826.92,
              "Total Cost": 330826.93,
              "Plan Rows": 1,
              "Plan Width": 8,
              "Actual Startup Time": 559.681,
              "Actual Total Time": 559.696,
              "Actual Rows": 1,
              "Actual Loops": 7,
              "Plans": [
                {
                  "Node Type": "Seq Scan",
                  "Parent Relationship": "Outer",
                  "Parallel Aware": true,
                  "Relation Name": "cast_info",
                  "Alias": "ci",
                  "Startup Cost": 0.0,
                  "Total Cost": 328213.62,
                  "Plan Rows": 1045320,
                  "Plan Width": 0,
                  "Actual Startup Time": 324.382,
                  "Actual Total Time": 517.401,
                  "Actual Rows": 890940,
                  "Actual Loops": 7,
                  "Filter": "(person_id > 3027534)",
                  "Rows Removed by Filter": 4286823
                }
              ]
            }
          ]
        }
      ]
    },
    "Planning Time": 0.063,
    "Triggers": [],
    "Execution Time": 606.152
  }
]