[
  {
    "Plan": {
      "Node Type": "Aggregate",
      "Strategy": "Plain",
      "Partial Mode": "Finalize",
      "Parallel Aware": false,
      "Startup Cost": 77664.79,
      "Total Cost": 77664.8,
      "Plan Rows": 1,
      "Plan Width": 8,
      "Actual Startup Time": 274.716,
      "Actual Total Time": 281.25,
      "Actual Rows": 1,
      "Actual Loops": 1,
      "Plans": [
        {
          "Node Type": "Gather",
          "Parent Relationship": "Outer",
          "Parallel Aware": false,
          "Startup Cost": 77664.47,
          "Total Cost": 77664.78,
          "Plan Rows": 3,
          "Plan Width": 8,
          "Actual Startup Time": 272.752,
          "Actual Total Time": 281.241,
          "Actual Rows": 4,
          "Actual Loops": 1,
          "Workers Planned": 3,
          "Workers Launched": 3,
          "Single Copy": false,
          "Plans": [
            {
              "Node Type": "Aggregate",
              "Strategy": "Plain",
              "Partial Mode": "Partial",
              "Parent Relationship": "Outer",
              "Parallel Aware": false,
              "Startup Cost": 76664.47,
              "Total Cost": 76664.48,
              "Plan Rows": 1,
              "Plan Width": 8,
              "Actual Startup Time": 268.037,
              "Actual Total Time": 268.04,
              "Actual Rows": 1,
              "Actual Loops": 4,
              "Plans": [
                {
                  "Node Type": "Hash Join",
                  "Parent Relationship": "Outer",
                  "Parallel Aware": true,
                  "Join Type": "Inner",
                  "Startup Cost": 45996.98,
                  "Total Cost": 76390.61,
                  "Plan Rows": 109546,
                  "Plan Width": 0,
                  "Actual Startup Time": 165.315,
                  "Actual Total Time": 260.334,
                  "Actual Rows": 166768,
                  "Actual Loops": 4,
                  "Inner Unique": true,
                  "Hash Cond": "(mc.movie_id = t.id)",
                  "Plans": [
                    {
                      "Node Type": "Seq Scan",
                      "Parent Relationship": "Outer",
                      "Parallel Aware": true,
                      "Relation Name": "movie_companies",
                      "Alias": "mc",
                      "Startup Cost": 0.0,
                      "Total Cost": 29310.68,
                      "Plan Rows": 412551,
                      "Plan Width": 4,
                      "Actual Startup Time": 0.021,
                      "Actual Total Time": 62.444,
                      "Actual Rows": 318562,
                      "Actual Loops": 4,
                      "Filter": "(company_type_id < 2)",
                      "Rows Removed by Filter": 333721
                    },
                    {
                      "Node Type": "Hash",
                      "Parent Relationship": "Inner",
                      "Parallel Aware": true,
                      "Startup Cost": 43899.01,
                      "Total Cost": 43899.01,
                      "Plan Rows": 167838,
                      "Plan Width": 4,
                      "Actual Startup Time": 131.911,
                      "Actual Total Time": 131.911,
                      "Actual Rows": 165706,
                      "Actual Loops": 4,
                      "Hash Buckets": 1048576,
                      "Original Hash Buckets": 1048576,
                      "Hash Batches": 1,
                      "Original Hash Batches": 1,
                      "Peak Memory Usage": 34208,
                      "Plans": [
                        {
                          "Node Type": "Seq Scan",
                          "Parent Relationship": "Outer",
                          "Parallel Aware": true,
                          "Relation Name": "title",
                          "Alias": "t",
                          "Startup Cost": 0.0,
                          "Total Cost": 43899.01,
                          "Plan Rows": 167838,
                          "Plan Width": 4,
                          "Actual Startup Time": 34.272,
                          "Actual Total Time": 83.087,
                          "Actual Rows": 165706,
                          "Actual Loops": 4,
                          "Filter": "(kind_id < 2)",
                          "Rows Removed by Filter": 466372
                        }
                      ]
                    }
                  ]
                }
              ]
            }
          ]
        }
      ]
    },
    "Planning Time": 0.261,
    "Triggers": [],
    "Execution Time": 281.285
  }
]