[
  {
    "Plan": {
      "Node Type": "Aggregate",
      "Strategy": "Plain",
      "Partial Mode": "Finalize",
      "Parallel Aware": false,
      "Startup Cost": 56402.82,
      "Total Cost": 56402.83,
      "Plan Rows": 1,
      "Plan Width": 8,
      "Actual Startup Time": 101.964,
      "Actual Total Time": 116.103,
      "Actual Rows": 1,
      "Actual Loops": 1,
      "Plans": [
        {
          "Node Type": "Gather",
          "Parent Relationship": "Outer",
          "Parallel Aware": false,
          "Startup Cost": 56402.4,
          "Total Cost": 56402.81,
          "Plan Rows": 4,
          "Plan Width": 8,
          "Actual Startup Time": 101.662,
          "Actual Total Time": 116.094,
          "Actual Rows": 5,
          "Actual Loops": 1,
          "Workers Planned": 4,
          "Workers Launched": 4,
          "Single Copy": false,
          "Plans": [
            {
              "Node Type": "Aggregate",
              "Strategy": "Plain",
              "Partial Mode": "Partial",
              "Parent Relationship": "Outer",
              "Parallel Aware": false,
              "Startup Cost": 55402.4,
              "Total Cost": 55402.41,
              "Plan Rows": 1,
              "Plan Width": 8,
              "Actual Startup Time": 95.894,
              "Actual Total Time": 95.896,
              "Actual Rows": 1,
              "Actual Loops": 5,
              "Plans": [
                {
                  "Node Type": "Nested Loop",
                  "Parent Relationship": "Outer",
                  "Parallel Aware": false,
                  "Join Type": "Inner",
                  "Startup Cost": 0.43,
                  "Total Cost": 55401.22,
                  "Plan Rows": 472,
                  "Plan Width": 0,
                  "Actual Startup Time": 55.062,
                  "Actual Total Time": 95.647,
                  "Actual Rows": 2351,
                  "Actual Loops": 5,
                  "Inner Unique": false,
                  "Plans": [
                    {
                      "Node Type": "Seq Scan",
                      "Parent Relationship": "Outer",
                      "Parallel Aware": true,
                      "Relation Name": "title",
                      "Alias": "t",
                      "Startup Cost": 0.0,
                      "Total Cost": 45479.59,
                      "Plan Rows": 584,
                      "Plan Width": 4,
                      "Actual Startup Time": 54.984,
                      "Actual Total Time": 81.268,
                      "Actual Rows": 1189,
                      "Actual Loops": 5,
                      "Filter": "((kind_id < 7) AND (production_year = 1911))",
                      "Rows Removed by Filter": 504473
                    },
                    {
                      "Node Type": "Index Scan",
                      "Parent Relationship": "Inner",
                      "Parallel Aware": false,
                      "Scan Direction": "Forward",
                      "Index Name": "movie_id_movie_companies",
                      "Relation Name": "movie_companies",
                      "Alias": "mc",
                      "Startup Cost": 0.43,
                      "Total Cost": 16.95,
                      "Plan Rows": 4,
                      "Plan Width": 4,
                      "Actual Startup Time": 0.009,
                      "Actual Total Time": 0.011,
                      "Actual Rows": 2,
                      "Actual Loops": 5945,
                      "Index Cond": "(movie_id = t.id)",
                      "Rows Removed by Index Recheck": 0,
                      "Filter": "(company_id > 595)",
                      "Rows Removed by Filter": 0
                    }
                  ]
                }
              ]
            }
          ]
        }
      ]
    },
    "Planning Time": 0.6,
    "Triggers": [],
    "Execution Time": 116.145
  }
]