[
  {
    "Plan": {
      "Node Type": "Aggregate",
      "Strategy": "Plain",
      "Partial Mode": "Finalize",
      "Parallel Aware": false,
      "Startup Cost": 32973.67,
      "Total Cost": 32973.68,
      "Plan Rows": 1,
      "Plan Width": 8,
      "Actual Startup Time": 82.608,
      "Actual Total Time": 88.955,
      "Actual Rows": 1,
      "Actual Loops": 1,
      "Plans": [
        {
          "Node Type": "Gather",
          "Parent Relationship": "Outer",
          "Parallel Aware": false,
          "Startup Cost": 32973.35,
          "Total Cost": 32973.66,
          "Plan Rows": 3,
          "Plan Width": 8,
          "Actual Startup Time": 82.508,
          "Actual Total Time": 88.949,
          "Actual Rows": 4,
          "Actual Loops": 1,
          "Workers Planned": 3,
          "Workers Launched": 3,
          "Single Copy": false,
          "Plans": [
            {
              "Node Type": "Aggregate",
              "Strategy": "Plain",
              "Partial Mode": "Partial",
              "Parent Relationship": "Outer",
              "Parallel Aware": false,
              "Startup Cost": 31973.35,
              "Total Cost": 31973.36,
              "Plan Rows": 1,
              "Plan Width": 8,
              "Actual Startup Time": 79.591,
              "Actual Total Time": 79.592,
              "Actual Rows": 1,
              "Actual Loops": 4,
              "Plans": [
                {
                  "Node Type": "Seq Scan",
                  "Parent Relationship": "Outer",
                  "Parallel Aware": true,
                  "Relation Name": "movie_companies",
                  "Alias": "mc",
                  "Startup Cost": 0.0,
                  "Total Cost": 31414.82,
                  "Plan Rows": 223413,
                  "Plan Width": 0,
                  "Actual Startup Time": 34.401,
                  "Actual Total Time": 69.333,
                  "Actual Rows": 232552,
                  "Actual Loops": 4,
                  "Filter": "((company_id > 11146) AND (company_type_id = 2))",
                  "Rows Removed by Filter": 419730
                }
              ]
            }
          ]
        }
      ]
    },
    "Planning Time": 0.1,
    "Triggers": [],
    "Execution Time": 88.983
  }
]