[
  {
    "Plan": {
      "Node Type": "Aggregate",
      "Strategy": "Plain",
      "Partial Mode": "Finalize",
      "Parallel Aware": false,
      "Startup Cost": 32971.48,
      "Total Cost": 32971.49,
      "Plan Rows": 1,
      "Plan Width": 8,
      "Actual Startup Time": 111.866,
      "Actual Total Time": 119.066,
      "Actual Rows": 1,
      "Actual Loops": 1,
      "Plans": [
        {
          "Node Type": "Gather",
          "Parent Relationship": "Outer",
          "Parallel Aware": false,
          "Startup Cost": 32971.17,
          "Total Cost": 32971.48,
          "Plan Rows": 3,
          "Plan Width": 8,
          "Actual Startup Time": 111.742,
          "Actual Total Time": 119.058,
          "Actual Rows": 4,
          "Actual Loops": 1,
          "Workers Planned": 3,
          "Workers Launched": 3,
          "Single Copy": false,
          "Plans": [
            {
              "Node Type": "Aggregate",
              "Strategy": "Plain",
              "Partial Mode": "Partial",
              "Parent Relationship": "Outer",
              "Parallel Aware": false,
              "Startup Cost": 31971.17,
              "Total Cost": 31971.18,
              "Plan Rows": 1,
              "Plan Width": 8,
              "Actual Startup Time": 103.581,
              "Actual Total Time": 103.582,
              "Actual Rows": 1,
              "Actual Loops": 4,
              "Plans": [
                {
                  "Node Type": "Seq Scan",
                  "Parent Relationship": "Outer",
                  "Parallel Aware": true,
                  "Relation Name": "movie_companies",
                  "Alias": "mc",
                  "Startup Cost": 0.0,
                  "Total Cost": 31414.82,
                  "Plan Rows": 222539,
                  "Plan Width": 0,
                  "Actual Startup Time": 51.401,
                  "Actual Total Time": 92.306,
                  "Actual Rows": 232552,
                  "Actual Loops": 4,
                  "Filter": "((company_id > 11146) AND (company_type_id = 2))",
                  "Rows Removed by Filter": 419730
                }
              ]
            }
          ]
        }
      ]
    },
    "Planning Time": 0.196,
    "Triggers": [],
    "Execution Time": 119.116
  }
]