{
  "Plan": {
    "Node Type": "Aggregate",
    "Strategy": "Plain",
    "Partial Mode": "Finalize",
    "Parallel Aware": false,
    "Startup Cost": 131067.18,
    "Total Cost": 131067.19,
    "Plan Rows": 1,
    "Plan Width": 8,
    "Actual Startup Time": 827.867,
    "Actual Total Time": 847.471,
    "Actual Rows": 1,
    "Actual Loops": 1,
    "Plans": [
      {
        "Node Type": "Gather",
        "Parent Relationship": "Outer",
        "Parallel Aware": false,
        "Startup Cost": 131067.06,
        "Total Cost": 131067.17,
        "Plan Rows": 1,
        "Plan Width": 8,
        "Actual Startup Time": 823.203,
        "Actual Total Time": 847.463,
        "Actual Rows": 2,
        "Actual Loops": 1,
        "Workers Planned": 1,
        "Workers Launched": 1,
        "Single Copy": false,
        "Plans": [
          {
            "Node Type": "Aggregate",
            "Strategy": "Plain",
            "Partial Mode": "Partial",
            "Parent Relationship": "Outer",
            "Parallel Aware": false,
            "Startup Cost": 130067.06,
            "Total Cost": 130067.07,
            "Plan Rows": 1,
            "Plan Width": 8,
            "Actual Startup Time": 815.939,
            "Actual Total Time": 815.943,
            "Actual Rows": 1,
            "Actual Loops": 2,
            "Plans": [
              {
                "Node Type": "Hash Join",
                "Parent Relationship": "Outer",
                "Parallel Aware": true,
                "Join Type": "Inner",
                "Startup Cost": 65984.91,
                "Total Cost": 127721.16,
                "Plan Rows": 938360,
                "Plan Width": 0,
                "Actual Startup Time": 420.96,
                "Actual Total Time": 805.325,
                "Actual Rows": 222618,
                "Actual Loops": 2,
                "Inner Unique": true,
                "Hash Cond": "(mk.movie_id = t.id)",
                "Plans": [
                  {
                    "Node Type": "Seq Scan",
                    "Parent Relationship": "Outer",
                    "Parallel Aware": true,
                    "Relation Name": "movie_keyword",
                    "Alias": "mk",
                    "Startup Cost": 0.0,
                    "Total Cost": 57718.19,
                    "Plan Rows": 1530684,
                    "Plan Width": 4,
                    "Actual Startup Time": 0.34,
                    "Actual Total Time": 222.567,
                    "Actual Rows": 1298012,
                    "Actual Loops": 2,
                    "Filter": "(keyword_id > 3313)",
                    "Rows Removed by Filter": 963953
                  },
                  {
                    "Node Type": "Hash",
                    "Parent Relationship": "Inner",
                    "Parallel Aware": true,
                    "Startup Cost": 54588.39,
                    "Total Cost": 54588.39,
                    "Plan Rows": 911722,
                    "Plan Width": 4,
                    "Actual Startup Time": 406.089,
                    "Actual Total Time": 406.09,
                    "Actual Rows": 777932,
                    "Actual Loops": 2,
                    "Hash Buckets": 2097152,
                    "Original Hash Buckets": 2097152,
                    "Hash Batches": 1,
                    "Original Hash Batches": 1,
                    "Peak Memory Usage": 77280,
                    "Plans": [
                      {
                        "Node Type": "Seq Scan",
                        "Parent Relationship": "Outer",
                        "Parallel Aware": true,
                        "Relation Name": "title",
                        "Alias": "t",
                        "Startup Cost": 0.0,
                        "Total Cost": 54588.39,
                        "Plan Rows": 911722,
                        "Plan Width": 4,
                        "Actual Startup Time": 0.028,
                        "Actual Total Time": 184.351,
                        "Actual Rows": 777932,
                        "Actual Loops": 2,
                        "Filter": "(kind_id > 4)",
                        "Rows Removed by Filter": 486224
                      }
                    ]
                  }
                ]
              }
            ]
          }
        ]
      }
    ]
  },
  "Planning Time": 0.665,
  "Triggers": [],
  "Execution Time": 847.535
}