[
  {
    "Plan": {
      "Node Type": "Aggregate",
      "Strategy": "Plain",
      "Partial Mode": "Finalize",
      "Parallel Aware": false,
      "Startup Cost": 293058.13,
      "Total Cost": 293058.14,
      "Plan Rows": 1,
      "Plan Width": 8,
      "Actual Startup Time": 1018.869,
      "Actual Total Time": 1065.953,
      "Actual Rows": 1,
      "Actual Loops": 1,
      "Plans": [
        {
          "Node Type": "Gather",
          "Parent Relationship": "Outer",
          "Parallel Aware": false,
          "Startup Cost": 293057.6,
          "Total Cost": 293058.11,
          "Plan Rows": 5,
          "Plan Width": 8,
          "Actual Startup Time": 1001.695,
          "Actual Total Time": 1065.938,
          "Actual Rows": 6,
          "Actual Loops": 1,
          "Workers Planned": 5,
          "Workers Launched": 5,
          "Single Copy": false,
          "Plans": [
            {
              "Node Type": "Aggregate",
              "Strategy": "Plain",
              "Partial Mode": "Partial",
              "Parent Relationship": "Outer",
              "Parallel Aware": false,
              "Startup Cost": 292057.6,
              "Total Cost": 292057.61,
              "Plan Rows": 1,
              "Plan Width": 8,
              "Actual Startup Time": 991.018,
              "Actual Total Time": 991.28,
              "Actual Rows": 1,
              "Actual Loops": 6,
              "Plans": [
                {
                  "Node Type": "Hash Join",
                  "Parent Relationship": "Outer",
                  "Parallel Aware": true,
                  "Join Type": "Inner",
                  "Startup Cost": 84584.01,
                  "Total Cost": 290852.47,
                  "Plan Rows": 482054,
                  "Plan Width": 0,
                  "Actual Startup Time": 407.376,
                  "Actual Total Time": 977.094,
                  "Actual Rows": 281277,
                  "Actual Loops": 6,
                  "Inner Unique": false,
                  "Hash Cond": "(mi.movie_id = t.id)",
                  "Plans": [
                    {
                      "Node Type": "Seq Scan",
                      "Parent Relationship": "Outer",
                      "Parallel Aware": true,
                      "Relation Name": "movie_info",
                      "Alias": "mi",
                      "Startup Cost": 0.0,
                      "Total Cost": 199108.24,
                      "Plan Rows": 1494718,
                      "Plan Width": 4,
                      "Actual Startup Time": 18.425,
                      "Actual Total Time": 369.838,
                      "Actual Rows": 1258142,
                      "Actual Loops": 6,
                      "Filter": "(info_type_id > 7)",
                      "Rows Removed by Filter": 1214478
                    },
                    {
                      "Node Type": "Hash",
                      "Parent Relationship": "Inner",
                      "Parallel Aware": true,
                      "Startup Cost": 81295.99,
                      "Total Cost": 81295.99,
                      "Plan Rows": 263042,
                      "Plan Width": 8,
                      "Actual Startup Time": 385.394,
                      "Actual Total Time": 385.654,
                      "Actual Rows": 68914,
                      "Actual Loops": 6,
                      "Hash Buckets": 1048576,
                      "Original Hash Buckets": 1048576,
                      "Hash Batches": 1,
                      "Original Hash Batches": 1,
                      "Peak Memory Usage": 24480,
                      "Plans": [
                        {
                          "Node Type": "Hash Join",
                          "Parent Relationship": "Outer",
                          "Parallel Aware": true,
                          "Join Type": "Inner",
                          "Startup Cost": 48758.37,
                          "Total Cost": 81295.99,
                          "Plan Rows": 263042,
                          "Plan Width": 8,
                          "Actual Startup Time": 254.734,
                          "Actual Total Time": 356.501,
                          "Actual Rows": 68914,
                          "Actual Loops": 6,
                          "Inner Unique": true,
                          "Hash Cond": "(mc.movie_id = t.id)",
                          "Plans": [
                            {
                              "Node Type": "Seq Scan",
                              "Parent Relationship": "Outer",
                              "Parallel Aware": true,
                              "Relation Name": "movie_companies",
                              "Alias": "mc",
                              "Startup Cost": 0.0,
                              "Total Cost": 31414.82,
                              "Plan Rows": 427733,
                              "Plan Width": 4,
                              "Actual Startup Time": 27.286,
                              "Actual Total Time": 60.066,
                              "Actual Rows": 220208,
                              "Actual Loops": 6,
                              "Filter": "((company_id < 222090) AND (company_type_id > 1))",
                              "Rows Removed by Filter": 214647
                            },
                            {
                              "Node Type": "Hash",
                              "Parent Relationship": "Inner",
                              "Parallel Aware": true,
                              "Startup Cost": 43899.32,
                              "Total Cost": 43899.32,
                              "Plan Rows": 388724,
                              "Plan Width": 4,
                              "Actual Startup Time": 224.375,
                              "Actual Total Time": 224.377,
                              "Actual Rows": 259311,
                              "Actual Loops": 6,
                              "Hash Buckets": 2097152,
                              "Original Hash Buckets": 2097152,
                              "Hash Batches": 1,
                              "Original Hash Batches": 1,
                              "Peak Memory Usage": 77344,
                              "Plans": [
                                {
                                  "Node Type": "Seq Scan",
                                  "Parent Relationship": "Outer",
                                  "Parallel Aware": true,
                                  "Relation Name": "title",
                                  "Alias": "t",
                                  "Startup Cost": 0.0,
                                  "Total Cost": 43899.32,
                                  "Plan Rows": 388724,
                                  "Plan Width": 4,
                                  "Actual Startup Time": 0.062,
                                  "Actual Total Time": 94.12,
                                  "Actual Rows": 259311,
                                  "Actual Loops": 6,
                                  "Filter": "(kind_id > 4)",
                                  "Rows Removed by Filter": 162075
                                }
                              ]
                            }
                          ]
                        }
                      ]
                    }
                  ]
                }
              ]
            }
          ]
        }
      ]
    },
    "Planning Time": 0.952,
    "Triggers": [],
    "Execution Time": 1066.025
  }
]