[
  {
    "Plan": {
      "Node Type": "Aggregate",
      "Strategy": "Plain",
      "Partial Mode": "Finalize",
      "Parallel Aware": false,
      "Startup Cost": 289881.27,
      "Total Cost": 289881.28,
      "Plan Rows": 1,
      "Plan Width": 8,
      "Actual Startup Time": 1915.242,
      "Actual Total Time": 1966.929,
      "Actual Rows": 1,
      "Actual Loops": 1,
      "Plans": [
        {
          "Node Type": "Gather",
          "Parent Relationship": "Outer",
          "Parallel Aware": false,
          "Startup Cost": 289880.75,
          "Total Cost": 289881.26,
          "Plan Rows": 5,
          "Plan Width": 8,
          "Actual Startup Time": 1905.686,
          "Actual Total Time": 1966.913,
          "Actual Rows": 6,
          "Actual Loops": 1,
          "Workers Planned": 5,
          "Workers Launched": 5,
          "Single Copy": false,
          "Plans": [
            {
              "Node Type": "Aggregate",
              "Strategy": "Plain",
              "Partial Mode": "Partial",
              "Parent Relationship": "Outer",
              "Parallel Aware": false,
              "Startup Cost": 288880.75,
              "Total Cost": 288880.76,
              "Plan Rows": 1,
              "Plan Width": 8,
              "Actual Startup Time": 1899.503,
              "Actual Total Time": 1899.825,
              "Actual Rows": 1,
              "Actual Loops": 6,
              "Plans": [
                {
                  "Node Type": "Hash Join",
                  "Parent Relationship": "Outer",
                  "Parallel Aware": true,
                  "Join Type": "Inner",
                  "Startup Cost": 79497.8,
                  "Total Cost": 288046.49,
                  "Plan Rows": 333706,
                  "Plan Width": 0,
                  "Actual Startup Time": 357.633,
                  "Actual Total Time": 1582.857,
                  "Actual Rows": 6298474,
                  "Actual Loops": 6,
                  "Inner Unique": false,
                  "Hash Cond": "(mi.movie_id = t.id)",
                  "Plans": [
                    {
                      "Node Type": "Seq Scan",
                      "Parent Relationship": "Outer",
                      "Parallel Aware": true,
                      "Relation Name": "movie_info",
                      "Alias": "mi",
                      "Startup Cost": 0.0,
                      "Total Cost": 199108.24,
                      "Plan Rows": 2230394,
                      "Plan Width": 4,
                      "Actual Startup Time": 0.038,
                      "Actual Total Time": 377.954,
                      "Actual Rows": 1868457,
                      "Actual Loops": 6,
                      "Filter": "(info_type_id > 3)",
                      "Rows Removed by Filter": 604163
                    },
                    {
                      "Node Type": "Hash",
                      "Parent Relationship": "Inner",
                      "Parallel Aware": true,
                      "Startup Cost": 77972.41,
                      "Total Cost": 77972.41,
                      "Plan Rows": 122031,
                      "Plan Width": 8,
                      "Actual Startup Time": 340.015,
                      "Actual Total Time": 340.334,
                      "Actual Rows": 136418,
                      "Actual Loops": 6,
                      "Hash Buckets": 1048576,
                      "Original Hash Buckets": 524288,
                      "Hash Batches": 1,
                      "Original Hash Batches": 1,
                      "Peak Memory Usage": 44416,
                      "Plans": [
                        {
                          "Node Type": "Hash Join",
                          "Parent Relationship": "Outer",
                          "Parallel Aware": true,
                          "Join Type": "Inner",
                          "Startup Cost": 47048.84,
                          "Total Cost": 77972.41,
                          "Plan Rows": 122031,
                          "Plan Width": 8,
                          "Actual Startup Time": 153.053,
                          "Actual Total Time": 271.865,
                          "Actual Rows": 136418,
                          "Actual Loops": 6,
                          "Inner Unique": true,
                          "Hash Cond": "(mc.movie_id = t.id)",
                          "Plans": [
                            {
                              "Node Type": "Seq Scan",
                              "Parent Relationship": "Outer",
                              "Parallel Aware": true,
                              "Relation Name": "movie_companies",
                              "Alias": "mc",
                              "Startup Cost": 0.0,
                              "Total Cost": 29310.68,
                              "Plan Rows": 614435,
                              "Plan Width": 4,
                              "Actual Startup Time": 0.015,
                              "Actual Total Time": 61.685,
                              "Actual Rows": 318495,
                              "Actual Loops": 6,
                              "Filter": "(company_id < 45837)",
                              "Rows Removed by Filter": 116360
                            },
                            {
                              "Node Type": "Hash",
                              "Parent Relationship": "Inner",
                              "Parallel Aware": true,
                              "Startup Cost": 45479.59,
                              "Total Cost": 45479.59,
                              "Plan Rows": 125540,
                              "Plan Width": 4,
                              "Actual Startup Time": 124.924,
                              "Actual Total Time": 124.925,
                              "Actual Rows": 87355,
                              "Actual Loops": 6,
                              "Hash Buckets": 524288,
                              "Original Hash Buckets": 524288,
                              "Hash Batches": 1,
                              "Original Hash Batches": 1,
                              "Peak Memory Usage": 24672,
                              "Plans": [
                                {
                                  "Node Type": "Seq Scan",
                                  "Parent Relationship": "Outer",
                                  "Parallel Aware": true,
                                  "Relation Name": "title",
                                  "Alias": "t",
                                  "Startup Cost": 0.0,
                                  "Total Cost": 45479.59,
                                  "Plan Rows": 125540,
                                  "Plan Width": 4,
                                  "Actual Startup Time": 49.453,
                                  "Actual Total Time": 87.41,
                                  "Actual Rows": 87355,
                                  "Actual Loops": 6,
                                  "Filter": "((production_year < 2010) AND (kind_id = 1))",
                                  "Rows Removed by Filter": 334030
                                }
                              ]
                            }
                          ]
                        }
                      ]
                    }
                  ]
                }
              ]
            }
          ]
        }
      ]
    },
    "Planning Time": 0.631,
    "Triggers": [],
    "Execution Time": 1966.988
  }
]