[
  {
    "Plan": {
      "Node Type": "Aggregate",
      "Strategy": "Plain",
      "Partial Mode": "Finalize",
      "Parallel Aware": false,
      "Startup Cost": 289834.65,
      "Total Cost": 289834.66,
      "Plan Rows": 1,
      "Plan Width": 8,
      "Actual Startup Time": 1828.138,
      "Actual Total Time": 1876.55,
      "Actual Rows": 1,
      "Actual Loops": 1,
      "Plans": [
        {
          "Node Type": "Gather",
          "Parent Relationship": "Outer",
          "Parallel Aware": false,
          "Startup Cost": 289834.12,
          "Total Cost": 289834.63,
          "Plan Rows": 5,
          "Plan Width": 8,
          "Actual Startup Time": 1822.003,
          "Actual Total Time": 1876.53,
          "Actual Rows": 6,
          "Actual Loops": 1,
          "Workers Planned": 5,
          "Workers Launched": 5,
          "Single Copy": false,
          "Plans": [
            {
              "Node Type": "Aggregate",
              "Strategy": "Plain",
              "Partial Mode": "Partial",
              "Parent Relationship": "Outer",
              "Parallel Aware": false,
              "Startup Cost": 288834.12,
              "Total Cost": 288834.13,
              "Plan Rows": 1,
              "Plan Width": 8,
              "Actual Startup Time": 1811.947,
              "Actual Total Time": 1812.163,
              "Actual Rows": 1,
              "Actual Loops": 6,
              "Plans": [
                {
                  "Node Type": "Hash Join",
                  "Parent Relationship": "Outer",
                  "Parallel Aware": true,
                  "Join Type": "Inner",
                  "Startup Cost": 79542.64,
                  "Total Cost": 287984.67,
                  "Plan Rows": 339781,
                  "Plan Width": 0,
                  "Actual Startup Time": 344.314,
                  "Actual Total Time": 1526.601,
                  "Actual Rows": 6298474,
                  "Actual Loops": 6,
                  "Inner Unique": false,
                  "Hash Cond": "(mi.movie_id = t.id)",
                  "Plans": [
                    {
                      "Node Type": "Seq Scan",
                      "Parent Relationship": "Outer",
                      "Parallel Aware": true,
                      "Relation Name": "movie_info",
                      "Alias": "mi",
                      "Startup Cost": 0.0,
                      "Total Cost": 198952.16,
                      "Plan Rows": 2238345,
                      "Plan Width": 4,
                      "Actual Startup Time": 0.014,
                      "Actual Total Time": 365.871,
                      "Actual Rows": 1868457,
                      "Actual Loops": 6,
                      "Filter": "(info_type_id > 3)",
                      "Rows Removed by Filter": 604163
                    },
                    {
                      "Node Type": "Hash",
                      "Parent Relationship": "Inner",
                      "Parallel Aware": true,
                      "Startup Cost": 77995.08,
                      "Total Cost": 77995.08,
                      "Plan Rows": 123805,
                      "Plan Width": 8,
                      "Actual Startup Time": 326.994,
                      "Actual Total Time": 327.208,
                      "Actual Rows": 136418,
                      "Actual Loops": 6,
                      "Hash Buckets": 1048576,
                      "Original Hash Buckets": 524288,
                      "Hash Batches": 1,
                      "Original Hash Batches": 1,
                      "Peak Memory Usage": 44448,
                      "Plans": [
                        {
                          "Node Type": "Hash Join",
                          "Parent Relationship": "Outer",
                          "Parallel Aware": true,
                          "Join Type": "Inner",
                          "Startup Cost": 47053.77,
                          "Total Cost": 77995.08,
                          "Plan Rows": 123805,
                          "Plan Width": 8,
                          "Actual Startup Time": 151.224,
                          "Actual Total Time": 264.181,
                          "Actual Rows": 136418,
                          "Actual Loops": 6,
                          "Inner Unique": true,
                          "Hash Cond": "(mc.movie_id = t.id)",
                          "Plans": [
                            {
                              "Node Type": "Seq Scan",
                              "Parent Relationship": "Outer",
                              "Parallel Aware": true,
                              "Relation Name": "movie_companies",
                              "Alias": "mc",
                              "Startup Cost": 0.0,
                              "Total Cost": 29310.68,
                              "Plan Rows": 621191,
                              "Plan Width": 4,
                              "Actual Startup Time": 0.023,
                              "Actual Total Time": 60.222,
                              "Actual Rows": 318495,
                              "Actual Loops": 6,
                              "Filter": "(company_id < 45837)",
                              "Rows Removed by Filter": 116360
                            },
                            {
                              "Node Type": "Hash",
                              "Parent Relationship": "Inner",
                              "Parallel Aware": true,
                              "Startup Cost": 45479.1,
                              "Total Cost": 45479.1,
                              "Plan Rows": 125974,
                              "Plan Width": 4,
                              "Actual Startup Time": 124.718,
                              "Actual Total Time": 124.719,
                              "Actual Rows": 87355,
                              "Actual Loops": 6,
                              "Hash Buckets": 524288,
                              "Original Hash Buckets": 524288,
                              "Hash Batches": 1,
                              "Original Hash Batches": 1,
                              "Peak Memory Usage": 24704,
                              "Plans": [
                                {
                                  "Node Type": "Seq Scan",
                                  "Parent Relationship": "Outer",
                                  "Parallel Aware": true,
                                  "Relation Name": "title",
                                  "Alias": "t",
                                  "Startup Cost": 0.0,
                                  "Total Cost": 45479.1,
                                  "Plan Rows": 125974,
                                  "Plan Width": 4,
                                  "Actual Startup Time": 55.24,
                                  "Actual Total Time": 89.686,
                                  "Actual Rows": 87355,
                                  "Actual Loops": 6,
                                  "Filter": "((production_year < 2010) AND (kind_id = 1))",
                                  "Rows Removed by Filter": 334030
                                }
                              ]
                            }
                          ]
                        }
                      ]
                    }
                  ]
                }
              ]
            }
          ]
        }
      ]
    },
    "Planning Time": 1.394,
    "Triggers": [],
    "Execution Time": 1876.639
  }
]