{
  "Plan": {
    "Node Type": "Aggregate",
    "Strategy": "Plain",
    "Partial Mode": "Finalize",
    "Parallel Aware": false,
    "Startup Cost": 110653.34,
    "Total Cost": 110653.35,
    "Plan Rows": 1,
    "Plan Width": 8,
    "Actual Startup Time": 681.032,
    "Actual Total Time": 696.612,
    "Actual Rows": 1,
    "Actual Loops": 1,
    "Plans": [
      {
        "Node Type": "Gather",
        "Parent Relationship": "Outer",
        "Parallel Aware": false,
        "Startup Cost": 110653.23,
        "Total Cost": 110653.34,
        "Plan Rows": 1,
        "Plan Width": 8,
        "Actual Startup Time": 676.363,
        "Actual Total Time": 696.603,
        "Actual Rows": 2,
        "Actual Loops": 1,
        "Workers Planned": 1,
        "Workers Launched": 1,
        "Single Copy": false,
        "Plans": [
          {
            "Node Type": "Aggregate",
            "Strategy": "Plain",
            "Partial Mode": "Partial",
            "Parent Relationship": "Outer",
            "Parallel Aware": false,
            "Startup Cost": 109653.23,
            "Total Cost": 109653.24,
            "Plan Rows": 1,
            "Plan Width": 8,
            "Actual Startup Time": 669.424,
            "Actual Total Time": 669.428,
            "Actual Rows": 1,
            "Actual Loops": 2,
            "Plans": [
              {
                "Node Type": "Hash Join",
                "Parent Relationship": "Outer",
                "Parallel Aware": true,
                "Join Type": "Inner",
                "Startup Cost": 68301.9,
                "Total Cost": 108259.92,
                "Plan Rows": 557323,
                "Plan Width": 0,
                "Actual Startup Time": 402.77,
                "Actual Total Time": 657.356,
                "Actual Rows": 303588,
                "Actual Loops": 2,
                "Inner Unique": true,
                "Hash Cond": "(mc.movie_id = t.id)",
                "Plans": [
                  {
                    "Node Type": "Seq Scan",
                    "Parent Relationship": "Outer",
                    "Parallel Aware": true,
                    "Relation Name": "movie_companies",
                    "Alias": "mc",
                    "Startup Cost": 0.0,
                    "Total Cost": 37974.77,
                    "Plan Rows": 755522,
                    "Plan Width": 4,
                    "Actual Startup Time": 0.014,
                    "Actual Total Time": 108.844,
                    "Actual Rows": 637123,
                    "Actual Loops": 2,
                    "Filter": "(company_type_id = 1)",
                    "Rows Removed by Filter": 667442
                  },
                  {
                    "Node Type": "Hash",
                    "Parent Relationship": "Inner",
                    "Parallel Aware": true,
                    "Startup Cost": 54588.39,
                    "Total Cost": 54588.39,
                    "Plan Rows": 1097081,
                    "Plan Width": 4,
                    "Actual Startup Time": 388.404,
                    "Actual Total Time": 388.405,
                    "Actual Rows": 932744,
                    "Actual Loops": 2,
                    "Hash Buckets": 2097152,
                    "Original Hash Buckets": 2097152,
                    "Hash Batches": 1,
                    "Original Hash Batches": 1,
                    "Peak Memory Usage": 89376,
                    "Plans": [
                      {
                        "Node Type": "Seq Scan",
                        "Parent Relationship": "Outer",
                        "Parallel Aware": true,
                        "Relation Name": "title",
                        "Alias": "t",
                        "Startup Cost": 0.0,
                        "Total Cost": 54588.39,
                        "Plan Rows": 1097081,
                        "Plan Width": 4,
                        "Actual Startup Time": 0.027,
                        "Actual Total Time": 165.336,
                        "Actual Rows": 932744,
                        "Actual Loops": 2,
                        "Filter": "(kind_id > 1)",
                        "Rows Removed by Filter": 331412
                      }
                    ]
                  }
                ]
              }
            ]
          }
        ]
      }
    ]
  },
  "Planning Time": 0.691,
  "Triggers": [],
  "Execution Time": 696.714
}