[
  {
    "Plan": {
      "Node Type": "Aggregate",
      "Strategy": "Plain",
      "Partial Mode": "Finalize",
      "Parallel Aware": false,
      "Startup Cost": 121994.3,
      "Total Cost": 121994.31,
      "Plan Rows": 1,
      "Plan Width": 8,
      "Actual Startup Time": 793.515,
      "Actual Total Time": 815.158,
      "Actual Rows": 1,
      "Actual Loops": 1,
      "Plans": [
        {
          "Node Type": "Gather",
          "Parent Relationship": "Outer",
          "Parallel Aware": false,
          "Startup Cost": 121993.98,
          "Total Cost": 121994.29,
          "Plan Rows": 3,
          "Plan Width": 8,
          "Actual Startup Time": 776.828,
          "Actual Total Time": 815.146,
          "Actual Rows": 4,
          "Actual Loops": 1,
          "Workers Planned": 3,
          "Workers Launched": 3,
          "Single Copy": false,
          "Plans": [
            {
              "Node Type": "Aggregate",
              "Strategy": "Plain",
              "Partial Mode": "Partial",
              "Parent Relationship": "Outer",
              "Parallel Aware": false,
              "Startup Cost": 120993.98,
              "Total Cost": 120993.99,
              "Plan Rows": 1,
              "Plan Width": 8,
              "Actual Startup Time": 767.358,
              "Actual Total Time": 767.365,
              "Actual Rows": 1,
              "Actual Loops": 4,
              "Plans": [
                {
                  "Node Type": "Hash Join",
                  "Parent Relationship": "Outer",
                  "Parallel Aware": true,
                  "Join Type": "Inner",
                  "Startup Cost": 89681.73,
                  "Total Cost": 120579.41,
                  "Plan Rows": 165828,
                  "Plan Width": 0,
                  "Actual Startup Time": 527.263,
                  "Actual Total Time": 737.07,
                  "Actual Rows": 748973,
                  "Actual Loops": 4,
                  "Inner Unique": false,
                  "Hash Cond": "(mc.movie_id = t.id)",
                  "Plans": [
                    {
                      "Node Type": "Seq Scan",
                      "Parent Relationship": "Outer",
                      "Parallel Aware": true,
                      "Relation Name": "movie_companies",
                      "Alias": "mc",
                      "Startup Cost": 0.0,
                      "Total Cost": 27206.55,
                      "Plan Rows": 841655,
                      "Plan Width": 4,
                      "Actual Startup Time": 0.022,
                      "Actual Total Time": 57.056,
                      "Actual Rows": 652282,
                      "Actual Loops": 4
                    },
                    {
                      "Node Type": "Hash",
                      "Parent Relationship": "Inner",
                      "Parallel Aware": true,
                      "Startup Cost": 87673.1,
                      "Total Cost": 87673.1,
                      "Plan Rows": 160690,
                      "Plan Width": 8,
                      "Actual Startup Time": 524.162,
                      "Actual Total Time": 524.166,
                      "Actual Rows": 127372,
                      "Actual Loops": 4,
                      "Hash Buckets": 524288,
                      "Original Hash Buckets": 524288,
                      "Hash Batches": 1,
                      "Original Hash Batches": 1,
                      "Peak Memory Usage": 24128,
                      "Plans": [
                        {
                          "Node Type": "Hash Join",
                          "Parent Relationship": "Outer",
                          "Parallel Aware": true,
                          "Join Type": "Inner",
                          "Startup Cost": 60788.66,
                          "Total Cost": 87673.1,
                          "Plan Rows": 160690,
                          "Plan Width": 8,
                          "Actual Startup Time": 381.681,
                          "Actual Total Time": 489.186,
                          "Actual Rows": 127372,
                          "Actual Loops": 4,
                          "Inner Unique": true,
                          "Hash Cond": "(mk.movie_id = t.id)",
                          "Plans": [
                            {
                              "Node Type": "Bitmap Heap Scan",
                              "Parent Relationship": "Outer",
                              "Parallel Aware": true,
                              "Relation Name": "movie_keyword",
                              "Alias": "mk",
                              "Startup Cost": 10569.02,
                              "Total Cost": 37031.65,
                              "Plan Rows": 160690,
                              "Plan Width": 4,
                              "Actual Startup Time": 27.455,
                              "Actual Total Time": 81.289,
                              "Actual Rows": 127372,
                              "Actual Loops": 4,
                              "Recheck Cond": "(keyword_id < 373)",
                              "Rows Removed by Index Recheck": 0,
                              "Exact Heap Blocks": 7207,
                              "Lossy Heap Blocks": 0,
                              "Plans": [
                                {
                                  "Node Type": "Bitmap Index Scan",
                                  "Parent Relationship": "Outer",
                                  "Parallel Aware": false,
                                  "Index Name": "keyword_id_movie_keyword",
                                  "Startup Cost": 0.0,
                                  "Total Cost": 10444.48,
                                  "Plan Rows": 498140,
                                  "Plan Width": 0,
                                  "Actual Startup Time": 23.807,
                                  "Actual Total Time": 23.807,
                                  "Actual Rows": 509486,
                                  "Actual Loops": 1,
                                  "Index Cond": "(keyword_id < 373)"
                                }
                              ]
                            },
                            {
                              "Node Type": "Hash",
                              "Parent Relationship": "Inner",
                              "Parallel Aware": true,
                              "Startup Cost": 42318.73,
                              "Total Cost": 42318.73,
                              "Plan Rows": 632073,
                              "Plan Width": 4,
                              "Actual Startup Time": 345.549,
                              "Actual Total Time": 345.55,
                              "Actual Rows": 632078,
                              "Actual Loops": 4,
                              "Hash Buckets": 4194304,
                              "Original Hash Buckets": 4194304,
                              "Hash Batches": 1,
                              "Original Hash Batches": 1,
                              "Peak Memory Usage": 131744,
                              "Plans": [
                                {
                                  "Node Type": "Seq Scan",
                                  "Parent Relationship": "Outer",
                                  "Parallel Aware": true,
                                  "Relation Name": "title",
                                  "Alias": "t",
                                  "Startup Cost": 0.0,
                                  "Total Cost": 42318.73,
                                  "Plan Rows": 632073,
                                  "Plan Width": 4,
                                  "Actual Startup Time": 0.053,
                                  "Actual Total Time": 97.606,
                                  "Actual Rows": 632078,
                                  "Actual Loops": 4
                                }
                              ]
                            }
                          ]
                        }
                      ]
                    }
                  ]
                }
              ]
            }
          ]
        }
      ]
    },
    "Planning Time": 1.368,
    "Triggers": [],
    "Execution Time": 815.265
  }
]