{
    "Plan": {
        "Node Type": "Aggregate",
        "Strategy": "Plain",
        "Partial Mode": "Simple",
        "Parallel Aware": false,
        "Startup Cost": 20001151061.99,
        "Total Cost": 20001151062.0,
        "Plan Rows": 1,
        "Plan Width": 96,
        "Actual Startup Time": 21912.366,
        "Actual Total Time": 22003.63,
        "Actual Rows": 1,
        "Actual Loops": 1,
        "Output": [
            "min(k.keyword)",
            "min(n.name)",
            "min(t.title)"
        ],
        "Plans": [
            {
                "Node Type": "Nested Loop",
                "Parent Relationship": "Outer",
                "Parallel Aware": false,
                "Join Type": "Inner",
                "Startup Cost": 20001151005.52,
                "Total Cost": 20001151061.98,
                "Plan Rows": 1,
                "Plan Width": 48,
                "Actual Startup Time": 18501.247,
                "Actual Total Time": 22002.365,
                "Actual Rows": 1098,
                "Actual Loops": 1,
                "Output": [
                    "k.keyword",
                    "n.name",
                    "t.title"
                ],
                "Inner Unique": true,
                "Join Filter": "(mk.movie_id = t.id)",
                "Rows Removed by Join Filter": 0,
                "Plans": [
                    {
                        "Node Type": "Gather",
                        "Parent Relationship": "Outer",
                        "Parallel Aware": false,
                        "Startup Cost": 10001151005.08,
                        "Total Cost": 10001151057.51,
                        "Plan Rows": 1,
                        "Plan Width": 39,
                        "Actual Startup Time": 18501.087,
                        "Actual Total Time": 21863.899,
                        "Actual Rows": 6930,
                        "Actual Loops": 1,
                        "Output": [
                            "ci.movie_id",
                            "mk.movie_id",
                            "k.keyword",
                            "n.name"
                        ],
                        "Workers Planned": 4,
                        "Workers Launched": 4,
                        "Single Copy": false,
                        "Plans": [
                            {
                                "Node Type": "Merge Join",
                                "Parent Relationship": "Outer",
                                "Parallel Aware": false,
                                "Join Type": "Inner",
                                "Startup Cost": 10001150005.08,
                                "Total Cost": 10001150057.41,
                                "Plan Rows": 1,
                                "Plan Width": 39,
                                "Actual Startup Time": 19528.318,
                                "Actual Total Time": 20207.241,
                                "Actual Rows": 1386,
                                "Actual Loops": 5,
                                "Output": [
                                    "ci.movie_id",
                                    "mk.movie_id",
                                    "k.keyword",
                                    "n.name"
                                ],
                                "Inner Unique": false,
                                "Merge Cond": "(n.id = ci.person_id)",
                                "Workers": [
                                    {
                                        "Worker Number": 0,
                                        "Actual Startup Time": 20043.471,
                                        "Actual Total Time": 20730.833,
                                        "Actual Rows": 1059,
                                        "Actual Loops": 1
                                    },
                                    {
                                        "Worker Number": 1,
                                        "Actual Startup Time": 21042.304,
                                        "Actual Total Time": 21742.525,
                                        "Actual Rows": 1287,
                                        "Actual Loops": 1
                                    },
                                    {
                                        "Worker Number": 2,
                                        "Actual Startup Time": 18422.469,
                                        "Actual Total Time": 18993.166,
                                        "Actual Rows": 1840,
                                        "Actual Loops": 1
                                    },
                                    {
                                        "Worker Number": 3,
                                        "Actual Startup Time": 19633.369,
                                        "Actual Total Time": 20321.898,
                                        "Actual Rows": 1221,
                                        "Actual Loops": 1
                                    }
                                ],
                                "Plans": [
                                    {
                                        "Node Type": "Sort",
                                        "Parent Relationship": "Outer",
                                        "Parallel Aware": false,
                                        "Startup Cost": 68640.07,
                                        "Total Cost": 68640.33,
                                        "Plan Rows": 104,
                                        "Plan Width": 19,
                                        "Actual Startup Time": 199.138,
                                        "Actual Total Time": 199.535,
                                        "Actual Rows": 2395,
                                        "Actual Loops": 5,
                                        "Output": [
                                            "n.name",
                                            "n.id"
                                        ],
                                        "Sort Key": [
                                            "n.id"
                                        ],
                                        "Sort Method": "quicksort",
                                        "Sort Space Used": 324,
                                        "Sort Space Type": "Memory",
                                        "Workers": [
                                            {
                                                "Worker Number": 0,
                                                "Actual Startup Time": 196.372,
                                                "Actual Total Time": 196.715,
                                                "Actual Rows": 2004,
                                                "Actual Loops": 1
                                            },
                                            {
                                                "Worker Number": 1,
                                                "Actual Startup Time": 196.427,
                                                "Actual Total Time": 196.764,
                                                "Actual Rows": 1878,
                                                "Actual Loops": 1
                                            },
                                            {
                                                "Worker Number": 2,
                                                "Actual Startup Time": 196.885,
                                                "Actual Total Time": 197.278,
                                                "Actual Rows": 3133,
                                                "Actual Loops": 1
                                            },
                                            {
                                                "Worker Number": 3,
                                                "Actual Startup Time": 196.877,
                                                "Actual Total Time": 197.239,
                                                "Actual Rows": 2023,
                                                "Actual Loops": 1
                                            }
                                        ],
                                        "Plans": [
                                            {
                                                "Node Type": "Seq Scan",
                                                "Parent Relationship": "Outer",
                                                "Parallel Aware": true,
                                                "Relation Name": "name",
                                                "Schema": "public",
                                                "Alias": "n",
                                                "Startup Cost": 0.0,
                                                "Total Cost": 68636.59,
                                                "Plan Rows": 104,
                                                "Plan Width": 19,
                                                "Actual Startup Time": 0.67,
                                                "Actual Total Time": 197.591,
                                                "Actual Rows": 2444,
                                                "Actual Loops": 5,
                                                "Output": [
                                                    "n.name",
                                                    "n.id"
                                                ],
                                                "Filter": "(n.name ~~ '%Angel%'::text)",
                                                "Rows Removed by Filter": 831054,
                                                "Workers": [
                                                    {
                                                        "Worker Number": 0,
                                                        "Actual Startup Time": 0.727,
                                                        "Actual Total Time": 194.774,
                                                        "Actual Rows": 2066,
                                                        "Actual Loops": 1
                                                    },
                                                    {
                                                        "Worker Number": 1,
                                                        "Actual Startup Time": 1.538,
                                                        "Actual Total Time": 194.838,
                                                        "Actual Rows": 1918,
                                                        "Actual Loops": 1
                                                    },
                                                    {
                                                        "Worker Number": 2,
                                                        "Actual Startup Time": 0.78,
                                                        "Actual Total Time": 195.246,
                                                        "Actual Rows": 3188,
                                                        "Actual Loops": 1
                                                    },
                                                    {
                                                        "Worker Number": 3,
                                                        "Actual Startup Time": 0.17,
                                                        "Actual Total Time": 195.185,
                                                        "Actual Rows": 2067,
                                                        "Actual Loops": 1
                                                    }
                                                ]
                                            }
                                        ]
                                    },
                                    {
                                        "Node Type": "Sort",
                                        "Parent Relationship": "Inner",
                                        "Parallel Aware": false,
                                        "Startup Cost": 10001081365.01,
                                        "Total Cost": 10001081390.92,
                                        "Plan Rows": 10363,
                                        "Plan Width": 28,
                                        "Actual Startup Time": 19321.512,
                                        "Actual Total Time": 19819.437,
                                        "Actual Rows": 2259983,
                                        "Actual Loops": 5,
                                        "Output": [
                                            "ci.movie_id",
                                            "ci.person_id",
                                            "mk.movie_id",
                                            "k.keyword"
                                        ],
                                        "Sort Key": [
                                            "ci.person_id"
                                        ],
                                        "Sort Method": "quicksort",
                                        "Sort Space Used": 274866,
                                        "Sort Space Type": "Memory",
                                        "Workers": [
                                            {
                                                "Worker Number": 0,
                                                "Actual Startup Time": 19837.433,
                                                "Actual Total Time": 20343.598,
                                                "Actual Rows": 2259983,
                                                "Actual Loops": 1
                                            },
                                            {
                                                "Worker Number": 1,
                                                "Actual Startup Time": 20834.985,
                                                "Actual Total Time": 21353.185,
                                                "Actual Rows": 2259983,
                                                "Actual Loops": 1
                                            },
                                            {
                                                "Worker Number": 2,
                                                "Actual Startup Time": 18217.714,
                                                "Actual Total Time": 18625.544,
                                                "Actual Rows": 2259983,
                                                "Actual Loops": 1
                                            },
                                            {
                                                "Worker Number": 3,
                                                "Actual Startup Time": 19426.606,
                                                "Actual Total Time": 19931.989,
                                                "Actual Rows": 2259983,
                                                "Actual Loops": 1
                                            }
                                        ],
                                        "Plans": [
                                            {
                                                "Node Type": "Hash Join",
                                                "Parent Relationship": "Outer",
                                                "Parallel Aware": false,
                                                "Join Type": "Inner",
                                                "Startup Cost": 10001068385.22,
                                                "Total Cost": 10001080673.84,
                                                "Plan Rows": 10363,
                                                "Plan Width": 28,
                                                "Actual Startup Time": 17624.362,
                                                "Actual Total Time": 18659.387,
                                                "Actual Rows": 2259983,
                                                "Actual Loops": 5,
                                                "Output": [
                                                    "ci.movie_id",
                                                    "ci.person_id",
                                                    "mk.movie_id",
                                                    "k.keyword"
                                                ],
                                                "Inner Unique": false,
                                                "Hash Cond": "(mk.movie_id = ci.movie_id)",
                                                "Workers": [
                                                    {
                                                        "Worker Number": 0,
                                                        "Actual Startup Time": 18106.134,
                                                        "Actual Total Time": 19156.108,
                                                        "Actual Rows": 2259983,
                                                        "Actual Loops": 1
                                                    },
                                                    {
                                                        "Worker Number": 1,
                                                        "Actual Startup Time": 19089.847,
                                                        "Actual Total Time": 20151.057,
                                                        "Actual Rows": 2259983,
                                                        "Actual Loops": 1
                                                    },
                                                    {
                                                        "Worker Number": 2,
                                                        "Actual Startup Time": 16614.159,
                                                        "Actual Total Time": 17543.387,
                                                        "Actual Rows": 2259983,
                                                        "Actual Loops": 1
                                                    },
                                                    {
                                                        "Worker Number": 3,
                                                        "Actual Startup Time": 17655.14,
                                                        "Actual Total Time": 18744.305,
                                                        "Actual Rows": 2259983,
                                                        "Actual Loops": 1
                                                    }
                                                ],
                                                "Plans": [
                                                    {
                                                        "Node Type": "Nested Loop",
                                                        "Parent Relationship": "Outer",
                                                        "Parallel Aware": false,
                                                        "Join Type": "Inner",
                                                        "Startup Cost": 10000000010.76,
                                                        "Total Cost": 10000012182.15,
                                                        "Plan Rows": 270,
                                                        "Plan Width": 20,
                                                        "Actual Startup Time": 0.839,
                                                        "Actual Total Time": 137.918,
                                                        "Actual Rows": 53786,
                                                        "Actual Loops": 5,
                                                        "Output": [
                                                            "k.keyword",
                                                            "mk.movie_id"
                                                        ],
                                                        "Inner Unique": false,
                                                        "Workers": [
                                                            {
                                                                "Worker Number": 0,
                                                                "Actual Startup Time": 0.849,
                                                                "Actual Total Time": 138.762,
                                                                "Actual Rows": 53786,
                                                                "Actual Loops": 1
                                                            },
                                                            {
                                                                "Worker Number": 1,
                                                                "Actual Startup Time": 0.859,
                                                                "Actual Total Time": 141.867,
                                                                "Actual Rows": 53786,
                                                                "Actual Loops": 1
                                                            },
                                                            {
                                                                "Worker Number": 2,
                                                                "Actual Startup Time": 0.935,
                                                                "Actual Total Time": 169.603,
                                                                "Actual Rows": 53786,
                                                                "Actual Loops": 1
                                                            },
                                                            {
                                                                "Worker Number": 3,
                                                                "Actual Startup Time": 0.855,
                                                                "Actual Total Time": 140.149,
                                                                "Actual Rows": 53786,
                                                                "Actual Loops": 1
                                                            }
                                                        ],
                                                        "Plans": [
                                                            {
                                                                "Node Type": "Seq Scan",
                                                                "Parent Relationship": "Outer",
                                                                "Parallel Aware": false,
                                                                "Relation Name": "keyword",
                                                                "Schema": "public",
                                                                "Alias": "k",
                                                                "Startup Cost": 0.0,
                                                                "Total Cost": 3632.4,
                                                                "Plan Rows": 8,
                                                                "Plan Width": 20,
                                                                "Actual Startup Time": 0.435,
                                                                "Actual Total Time": 21.233,
                                                                "Actual Rows": 7,
                                                                "Actual Loops": 5,
                                                                "Output": [
                                                                    "k.id",
                                                                    "k.keyword",
                                                                    "k.phonetic_code"
                                                                ],
                                                                "Filter": "(k.keyword = ANY ('{female-nudity,second-part,superhero,fight,fight,laser,tv-special,murder}'::text[]))",
                                                                "Rows Removed by Filter": 134163,
                                                                "Workers": [
                                                                    {
                                                                        "Worker Number": 0,
                                                                        "Actual Startup Time": 0.459,
                                                                        "Actual Total Time": 21.508,
                                                                        "Actual Rows": 7,
                                                                        "Actual Loops": 1
                                                                    },
                                                                    {
                                                                        "Worker Number": 1,
                                                                        "Actual Startup Time": 0.448,
                                                                        "Actual Total Time": 21.418,
                                                                        "Actual Rows": 7,
                                                                        "Actual Loops": 1
                                                                    },
                                                                    {
                                                                        "Worker Number": 2,
                                                                        "Actual Startup Time": 0.429,
                                                                        "Actual Total Time": 21.015,
                                                                        "Actual Rows": 7,
                                                                        "Actual Loops": 1
                                                                    },
                                                                    {
                                                                        "Worker Number": 3,
                                                                        "Actual Startup Time": 0.457,
                                                                        "Actual Total Time": 21.495,
                                                                        "Actual Rows": 7,
                                                                        "Actual Loops": 1
                                                                    }
                                                                ]
                                                            },
                                                            {
                                                                "Node Type": "Bitmap Heap Scan",
                                                                "Parent Relationship": "Inner",
                                                                "Parallel Aware": false,
                                                                "Relation Name": "movie_keyword",
                                                                "Schema": "public",
                                                                "Alias": "mk",
                                                                "Startup Cost": 10.76,
                                                                "Total Cost": 1065.72,
                                                                "Plan Rows": 300,
                                                                "Plan Width": 8,
                                                                "Actual Startup Time": 1.4,
                                                                "Actual Total Time": 15.746,
                                                                "Actual Rows": 7684,
                                                                "Actual Loops": 35,
                                                                "Output": [
                                                                    "mk.id",
                                                                    "mk.movie_id",
                                                                    "mk.keyword_id"
                                                                ],
                                                                "Recheck Cond": "(mk.keyword_id = k.id)",
                                                                "Rows Removed by Index Recheck": 0,
                                                                "Exact Heap Blocks": 32831,
                                                                "Lossy Heap Blocks": 0,
                                                                "Workers": [
                                                                    {
                                                                        "Worker Number": 0,
                                                                        "Actual Startup Time": 1.375,
                                                                        "Actual Total Time": 15.826,
                                                                        "Actual Rows": 7684,
                                                                        "Actual Loops": 7
                                                                    },
                                                                    {
                                                                        "Worker Number": 1,
                                                                        "Actual Startup Time": 1.45,
                                                                        "Actual Total Time": 16.285,
                                                                        "Actual Rows": 7684,
                                                                        "Actual Loops": 7
                                                                    },
                                                                    {
                                                                        "Worker Number": 2,
                                                                        "Actual Startup Time": 1.689,
                                                                        "Actual Total Time": 20.271,
                                                                        "Actual Rows": 7684,
                                                                        "Actual Loops": 7
                                                                    },
                                                                    {
                                                                        "Worker Number": 3,
                                                                        "Actual Startup Time": 1.407,
                                                                        "Actual Total Time": 16.049,
                                                                        "Actual Rows": 7684,
                                                                        "Actual Loops": 7
                                                                    }
                                                                ],
                                                                "Plans": [
                                                                    {
                                                                        "Node Type": "Bitmap Index Scan",
                                                                        "Parent Relationship": "Outer",
                                                                        "Parallel Aware": false,
                                                                        "Index Name": "keyword_id_movie_keyword",
                                                                        "Startup Cost": 0.0,
                                                                        "Total Cost": 10.68,
                                                                        "Plan Rows": 300,
                                                                        "Plan Width": 0,
                                                                        "Actual Startup Time": 0.876,
                                                                        "Actual Total Time": 0.876,
                                                                        "Actual Rows": 7684,
                                                                        "Actual Loops": 35,
                                                                        "Index Cond": "(mk.keyword_id = k.id)",
                                                                        "Workers": [
                                                                            {
                                                                                "Worker Number": 0,
                                                                                "Actual Startup Time": 0.852,
                                                                                "Actual Total Time": 0.853,
                                                                                "Actual Rows": 7684,
                                                                                "Actual Loops": 7
                                                                            },
                                                                            {
                                                                                "Worker Number": 1,
                                                                                "Actual Startup Time": 0.907,
                                                                                "Actual Total Time": 0.908,
                                                                                "Actual Rows": 7684,
                                                                                "Actual Loops": 7
                                                                            },
                                                                            {
                                                                                "Worker Number": 2,
                                                                                "Actual Startup Time": 1.164,
                                                                                "Actual Total Time": 1.164,
                                                                                "Actual Rows": 7684,
                                                                                "Actual Loops": 7
                                                                            },
                                                                            {
                                                                                "Worker Number": 3,
                                                                                "Actual Startup Time": 0.894,
                                                                                "Actual Total Time": 0.894,
                                                                                "Actual Rows": 7684,
                                                                                "Actual Loops": 7
                                                                            }
                                                                        ]
                                                                    }
                                                                ]
                                                            }
                                                        ]
                                                    },
                                                    {
                                                        "Node Type": "Hash",
                                                        "Parent Relationship": "Inner",
                                                        "Parallel Aware": false,
                                                        "Startup Cost": 615214.76,
                                                        "Total Cost": 615214.76,
                                                        "Plan Rows": 36252776,
                                                        "Plan Width": 8,
                                                        "Actual Startup Time": 17264.586,
                                                        "Actual Total Time": 17264.588,
                                                        "Actual Rows": 36244344,
                                                        "Actual Loops": 5,
                                                        "Output": [
                                                            "ci.movie_id",
                                                            "ci.person_id"
                                                        ],
                                                        "Hash Buckets": 67108864,
                                                        "Original Hash Buckets": 67108864,
                                                        "Hash Batches": 1,
                                                        "Original Hash Batches": 1,
                                                        "Peak Memory Usage": 1940083,
                                                        "Workers": [
                                                            {
                                                                "Worker Number": 0,
                                                                "Actual Startup Time": 17664.958,
                                                                "Actual Total Time": 17664.96,
                                                                "Actual Rows": 36244344,
                                                                "Actual Loops": 1
                                                            },
                                                            {
                                                                "Worker Number": 1,
                                                                "Actual Startup Time": 18629.603,
                                                                "Actual Total Time": 18629.605,
                                                                "Actual Rows": 36244344,
                                                                "Actual Loops": 1
                                                            },
                                                            {
                                                                "Worker Number": 2,
                                                                "Actual Startup Time": 16286.285,
                                                                "Actual Total Time": 16286.286,
                                                                "Actual Rows": 36244344,
                                                                "Actual Loops": 1
                                                            },
                                                            {
                                                                "Worker Number": 3,
                                                                "Actual Startup Time": 17221.752,
                                                                "Actual Total Time": 17221.754,
                                                                "Actual Rows": 36244344,
                                                                "Actual Loops": 1
                                                            }
                                                        ],
                                                        "Plans": [
                                                            {
                                                                "Node Type": "Seq Scan",
                                                                "Parent Relationship": "Outer",
                                                                "Parallel Aware": false,
                                                                "Relation Name": "cast_info",
                                                                "Schema": "public",
                                                                "Alias": "ci",
                                                                "Startup Cost": 0.0,
                                                                "Total Cost": 615214.76,
                                                                "Plan Rows": 36252776,
                                                                "Plan Width": 8,
                                                                "Actual Startup Time": 0.07,
                                                                "Actual Total Time": 4057.687,
                                                                "Actual Rows": 36244344,
                                                                "Actual Loops": 5,
                                                                "Output": [
                                                                    "ci.movie_id",
                                                                    "ci.person_id"
                                                                ],
                                                                "Workers": [
                                                                    {
                                                                        "Worker Number": 0,
                                                                        "Actual Startup Time": 0.078,
                                                                        "Actual Total Time": 3959.715,
                                                                        "Actual Rows": 36244344,
                                                                        "Actual Loops": 1
                                                                    },
                                                                    {
                                                                        "Worker Number": 1,
                                                                        "Actual Startup Time": 0.071,
                                                                        "Actual Total Time": 4181.421,
                                                                        "Actual Rows": 36244344,
                                                                        "Actual Loops": 1
                                                                    },
                                                                    {
                                                                        "Worker Number": 2,
                                                                        "Actual Startup Time": 0.073,
                                                                        "Actual Total Time": 4119.898,
                                                                        "Actual Rows": 36244344,
                                                                        "Actual Loops": 1
                                                                    },
                                                                    {
                                                                        "Worker Number": 3,
                                                                        "Actual Startup Time": 0.092,
                                                                        "Actual Total Time": 4079.76,
                                                                        "Actual Rows": 36244344,
                                                                        "Actual Loops": 1
                                                                    }
                                                                ]
                                                            }
                                                        ]
                                                    }
                                                ]
                                            }
                                        ]
                                    }
                                ]
                            }
                        ]
                    },
                    {
                        "Node Type": "Bitmap Heap Scan",
                        "Parent Relationship": "Inner",
                        "Parallel Aware": false,
                        "Relation Name": "title",
                        "Schema": "public",
                        "Alias": "t",
                        "Startup Cost": 0.44,
                        "Total Cost": 4.45,
                        "Plan Rows": 1,
                        "Plan Width": 21,
                        "Actual Startup Time": 0.015,
                        "Actual Total Time": 0.015,
                        "Actual Rows": 0,
                        "Actual Loops": 6930,
                        "Output": [
                            "t.id",
                            "t.title",
                            "t.imdb_index",
                            "t.kind_id",
                            "t.production_year",
                            "t.imdb_id",
                            "t.phonetic_code",
                            "t.episode_of_id",
                            "t.season_nr",
                            "t.episode_nr",
                            "t.series_years",
                            "t.md5sum"
                        ],
                        "Recheck Cond": "(t.id = ci.movie_id)",
                        "Rows Removed by Index Recheck": 0,
                        "Filter": "(t.production_year > 2008)",
                        "Rows Removed by Filter": 1,
                        "Exact Heap Blocks": 6930,
                        "Lossy Heap Blocks": 0,
                        "Plans": [
                            {
                                "Node Type": "Bitmap Index Scan",
                                "Parent Relationship": "Outer",
                                "Parallel Aware": false,
                                "Index Name": "title_pkey",
                                "Startup Cost": 0.0,
                                "Total Cost": 0.44,
                                "Plan Rows": 1,
                                "Plan Width": 0,
                                "Actual Startup Time": 0.01,
                                "Actual Total Time": 0.01,
                                "Actual Rows": 1,
                                "Actual Loops": 6930,
                                "Index Cond": "(t.id = ci.movie_id)"
                            }
                        ]
                    }
                ]
            }
        ]
    },
    "Planning Time": 2.39,
    "Triggers": [],
    "Execution Time": 22025.898
}