[
    {
        "Bao": {
            "Bao prediction": "NaN",
            "Bao recommended hint": "(no hint)"
        }
    },
    {
        "Plan": {
            "Node Type": "Aggregate",
            "Strategy": "Plain",
            "Partial Mode": "Finalize",
            "Parallel Aware": false,
            "Startup Cost": 43559.83,
            "Total Cost": 43559.84,
            "Plan Rows": 1,
            "Plan Width": 8,
            "Actual Startup Time": 150.184,
            "Actual Total Time": 156.478,
            "Actual Rows": 1,
            "Actual Loops": 1,
            "Output": [
                "count(*)"
            ],
            "Plans": [
                {
                    "Node Type": "Gather",
                    "Parent Relationship": "Outer",
                    "Parallel Aware": false,
                    "Startup Cost": 43559.51,
                    "Total Cost": 43559.82,
                    "Plan Rows": 3,
                    "Plan Width": 8,
                    "Actual Startup Time": 149.896,
                    "Actual Total Time": 156.469,
                    "Actual Rows": 4,
                    "Actual Loops": 1,
                    "Output": [
                        "(PARTIAL count(*))"
                    ],
                    "Workers Planned": 3,
                    "Workers Launched": 3,
                    "Single Copy": false,
                    "Plans": [
                        {
                            "Node Type": "Aggregate",
                            "Strategy": "Plain",
                            "Partial Mode": "Partial",
                            "Parent Relationship": "Outer",
                            "Parallel Aware": false,
                            "Startup Cost": 42559.51,
                            "Total Cost": 42559.52,
                            "Plan Rows": 1,
                            "Plan Width": 8,
                            "Actual Startup Time": 140.988,
                            "Actual Total Time": 140.99,
                            "Actual Rows": 1,
                            "Actual Loops": 4,
                            "Output": [
                                "PARTIAL count(*)"
                            ],
                            "Workers": [
                                {
                                    "Worker Number": 0,
                                    "Actual Startup Time": 140.719,
                                    "Actual Total Time": 140.72,
                                    "Actual Rows": 1,
                                    "Actual Loops": 1
                                },
                                {
                                    "Worker Number": 1,
                                    "Actual Startup Time": 137.274,
                                    "Actual Total Time": 137.276,
                                    "Actual Rows": 1,
                                    "Actual Loops": 1
                                },
                                {
                                    "Worker Number": 2,
                                    "Actual Startup Time": 137.472,
                                    "Actual Total Time": 137.474,
                                    "Actual Rows": 1,
                                    "Actual Loops": 1
                                }
                            ],
                            "Plans": [
                                {
                                    "Node Type": "Bitmap Heap Scan",
                                    "Parent Relationship": "Outer",
                                    "Parallel Aware": true,
                                    "Relation Name": "movie_keyword",
                                    "Schema": "public",
                                    "Alias": "mk",
                                    "Startup Cost": 14742.64,
                                    "Total Cost": 41999.03,
                                    "Plan Rows": 224192,
                                    "Plan Width": 0,
                                    "Actual Startup Time": 54.034,
                                    "Actual Total Time": 131.652,
                                    "Actual Rows": 169562,
                                    "Actual Loops": 4,
                                    "Recheck Cond": "(mk.keyword_id > 27608)",
                                    "Rows Removed by Index Recheck": 0,
                                    "Exact Heap Blocks": 10376,
                                    "Lossy Heap Blocks": 0,
                                    "Workers": [
                                        {
                                            "Worker Number": 0,
                                            "Actual Startup Time": 53.778,
                                            "Actual Total Time": 132.069,
                                            "Actual Rows": 105880,
                                            "Actual Loops": 1
                                        },
                                        {
                                            "Worker Number": 1,
                                            "Actual Startup Time": 50.561,
                                            "Actual Total Time": 128.799,
                                            "Actual Rows": 135335,
                                            "Actual Loops": 1
                                        },
                                        {
                                            "Worker Number": 2,
                                            "Actual Startup Time": 50.543,
                                            "Actual Total Time": 129.09,
                                            "Actual Rows": 136369,
                                            "Actual Loops": 1
                                        }
                                    ],
                                    "Plans": [
                                        {
                                            "Node Type": "Bitmap Index Scan",
                                            "Parent Relationship": "Outer",
                                            "Parallel Aware": false,
                                            "Index Name": "keyword_id_movie_keyword",
                                            "Startup Cost": 0.0,
                                            "Total Cost": 14568.89,
                                            "Plan Rows": 694994,
                                            "Plan Width": 0,
                                            "Actual Startup Time": 57.858,
                                            "Actual Total Time": 57.859,
                                            "Actual Rows": 678246,
                                            "Actual Loops": 1,
                                            "Index Cond": "(mk.keyword_id > 27608)"
                                        }
                                    ]
                                }
                            ]
                        }
                    ]
                }
            ]
        },
        "Planning Time": 196.216,
        "Triggers": [],
        "Execution Time": 156.54
    }
]