[
  {
    "Plan": {
      "Node Type": "Aggregate",
      "Strategy": "Plain",
      "Partial Mode": "Finalize",
      "Parallel Aware": false,
      "Startup Cost": 83095.92,
      "Total Cost": 83095.93,
      "Plan Rows": 1,
      "Plan Width": 8,
      "Actual Startup Time": 141.368,
      "Actual Total Time": 155.062,
      "Actual Rows": 1,
      "Actual Loops": 1,
      "Plans": [
        {
          "Node Type": "Gather",
          "Parent Relationship": "Outer",
          "Parallel Aware": false,
          "Startup Cost": 83095.61,
          "Total Cost": 83095.92,
          "Plan Rows": 3,
          "Plan Width": 8,
          "Actual Startup Time": 141.069,
          "Actual Total Time": 155.051,
          "Actual Rows": 4,
          "Actual Loops": 1,
          "Workers Planned": 3,
          "Workers Launched": 3,
          "Single Copy": false,
          "Plans": [
            {
              "Node Type": "Aggregate",
              "Strategy": "Plain",
              "Partial Mode": "Partial",
              "Parent Relationship": "Outer",
              "Parallel Aware": false,
              "Startup Cost": 82095.61,
              "Total Cost": 82095.62,
              "Plan Rows": 1,
              "Plan Width": 8,
              "Actual Startup Time": 133.702,
              "Actual Total Time": 133.704,
              "Actual Rows": 1,
              "Actual Loops": 4,
              "Plans": [
                {
                  "Node Type": "Nested Loop",
                  "Parent Relationship": "Outer",
                  "Parallel Aware": false,
                  "Join Type": "Inner",
                  "Startup Cost": 698.17,
                  "Total Cost": 82087.45,
                  "Plan Rows": 3263,
                  "Plan Width": 0,
                  "Actual Startup Time": 2.096,
                  "Actual Total Time": 132.934,
                  "Actual Rows": 6253,
                  "Actual Loops": 4,
                  "Inner Unique": false,
                  "Plans": [
                    {
                      "Node Type": "Nested Loop",
                      "Parent Relationship": "Outer",
                      "Parallel Aware": false,
                      "Join Type": "Inner",
                      "Startup Cost": 697.74,
                      "Total Cost": 65129.42,
                      "Plan Rows": 10359,
                      "Plan Width": 8,
                      "Actual Startup Time": 1.852,
                      "Actual Total Time": 32.21,
                      "Actual Rows": 7453,
                      "Actual Loops": 4,
                      "Inner Unique": true,
                      "Plans": [
                        {
                          "Node Type": "Bitmap Heap Scan",
                          "Parent Relationship": "Outer",
                          "Parallel Aware": true,
                          "Relation Name": "movie_companies",
                          "Alias": "mc",
                          "Startup Cost": 697.31,
                          "Total Cost": 20221.64,
                          "Plan Rows": 10359,
                          "Plan Width": 4,
                          "Actual Startup Time": 1.682,
                          "Actual Total Time": 4.827,
                          "Actual Rows": 7453,
                          "Actual Loops": 4,
                          "Recheck Cond": "(company_id > 207856)",
                          "Rows Removed by Index Recheck": 0,
                          "Exact Heap Blocks": 452,
                          "Lossy Heap Blocks": 0,
                          "Plans": [
                            {
                              "Node Type": "Bitmap Index Scan",
                              "Parent Relationship": "Outer",
                              "Parallel Aware": false,
                              "Index Name": "company_id_movie_companies",
                              "Startup Cost": 0.0,
                              "Total Cost": 689.28,
                              "Plan Rows": 32113,
                              "Plan Width": 0,
                              "Actual Startup Time": 5.845,
                              "Actual Total Time": 5.846,
                              "Actual Rows": 29812,
                              "Actual Loops": 1,
                              "Index Cond": "(company_id > 207856)"
                            }
                          ]
                        },
                        {
                          "Node Type": "Index Only Scan",
                          "Parent Relationship": "Inner",
                          "Parallel Aware": false,
                          "Scan Direction": "Forward",
                          "Index Name": "title_pkey",
                          "Relation Name": "title",
                          "Alias": "t",
                          "Startup Cost": 0.43,
                          "Total Cost": 4.34,
                          "Plan Rows": 1,
                          "Plan Width": 4,
                          "Actual Startup Time": 0.003,
                          "Actual Total Time": 0.003,
                          "Actual Rows": 1,
                          "Actual Loops": 29812,
                          "Index Cond": "(id = mc.movie_id)",
                          "Rows Removed by Index Recheck": 0,
                          "Heap Fetches": 29812
                        }
                      ]
                    },
                    {
                      "Node Type": "Index Scan",
                      "Parent Relationship": "Inner",
                      "Parallel Aware": false,
                      "Scan Direction": "Forward",
                      "Index Name": "movie_id_movie_info",
                      "Relation Name": "movie_info",
                      "Alias": "mi",
                      "Startup Cost": 0.43,
                      "Total Cost": 1.62,
                      "Plan Rows": 2,
                      "Plan Width": 4,
                      "Actual Startup Time": 0.006,
                      "Actual Total Time": 0.013,
                      "Actual Rows": 1,
                      "Actual Loops": 29812,
                      "Index Cond": "(movie_id = t.id)",
                      "Rows Removed by Index Recheck": 0,
                      "Filter": "(info_type_id < 2)",
                      "Rows Removed by Filter": 18
                    }
                  ]
                }
              ]
            }
          ]
        }
      ]
    },
    "Planning Time": 1.506,
    "Triggers": [],
    "Execution Time": 155.166
  }
]