{
  "Plan": {
    "Node Type": "Aggregate",
    "Strategy": "Plain",
    "Partial Mode": "Finalize",
    "Parallel Aware": false,
    "Startup Cost": 89653.51,
    "Total Cost": 89653.52,
    "Plan Rows": 1,
    "Plan Width": 8,
    "Actual Startup Time": 287.899,
    "Actual Total Time": 297.644,
    "Actual Rows": 1,
    "Actual Loops": 1,
    "Plans": [
      {
        "Node Type": "Gather",
        "Parent Relationship": "Outer",
        "Parallel Aware": false,
        "Startup Cost": 89653.4,
        "Total Cost": 89653.51,
        "Plan Rows": 1,
        "Plan Width": 8,
        "Actual Startup Time": 287.259,
        "Actual Total Time": 297.638,
        "Actual Rows": 2,
        "Actual Loops": 1,
        "Workers Planned": 1,
        "Workers Launched": 1,
        "Single Copy": false,
        "Plans": [
          {
            "Node Type": "Aggregate",
            "Strategy": "Plain",
            "Partial Mode": "Partial",
            "Parent Relationship": "Outer",
            "Parallel Aware": false,
            "Startup Cost": 88653.4,
            "Total Cost": 88653.41,
            "Plan Rows": 1,
            "Plan Width": 8,
            "Actual Startup Time": 283.415,
            "Actual Total Time": 283.419,
            "Actual Rows": 1,
            "Actual Loops": 2,
            "Plans": [
              {
                "Node Type": "Hash Join",
                "Parent Relationship": "Outer",
                "Parallel Aware": true,
                "Join Type": "Inner",
                "Startup Cost": 66412.75,
                "Total Cost": 88593.18,
                "Plan Rows": 24088,
                "Plan Width": 0,
                "Actual Startup Time": 208.442,
                "Actual Total Time": 281.263,
                "Actual Rows": 48344,
                "Actual Loops": 2,
                "Inner Unique": true,
                "Hash Cond": "(mc.movie_id = t.id)",
                "Plans": [
                  {
                    "Node Type": "Bitmap Heap Scan",
                    "Parent Relationship": "Outer",
                    "Parallel Aware": true,
                    "Relation Name": "movie_companies",
                    "Alias": "mc",
                    "Startup Cost": 8257.75,
                    "Total Cost": 29849.75,
                    "Plan Rows": 224161,
                    "Plan Width": 4,
                    "Actual Startup Time": 22.097,
                    "Actual Total Time": 52.928,
                    "Actual Rows": 193852,
                    "Actual Loops": 2,
                    "Recheck Cond": "(company_id > 83470)",
                    "Rows Removed by Index Recheck": 0,
                    "Exact Heap Blocks": 3441,
                    "Lossy Heap Blocks": 0,
                    "Plans": [
                      {
                        "Node Type": "Bitmap Index Scan",
                        "Parent Relationship": "Outer",
                        "Parallel Aware": false,
                        "Index Name": "company_id_movie_companies",
                        "Startup Cost": 0.0,
                        "Total Cost": 8162.48,
                        "Plan Rows": 381073,
                        "Plan Width": 0,
                        "Actual Startup Time": 21.164,
                        "Actual Total Time": 21.165,
                        "Actual Rows": 387705,
                        "Actual Loops": 1,
                        "Index Cond": "(company_id > 83470)"
                      }
                    ]
                  },
                  {
                    "Node Type": "Hash",
                    "Parent Relationship": "Inner",
                    "Parallel Aware": true,
                    "Startup Cost": 56157.27,
                    "Total Cost": 56157.27,
                    "Plan Rows": 159819,
                    "Plan Width": 4,
                    "Actual Startup Time": 181.891,
                    "Actual Total Time": 181.892,
                    "Actual Rows": 114996,
                    "Actual Loops": 2,
                    "Hash Buckets": 524288,
                    "Original Hash Buckets": 524288,
                    "Hash Batches": 1,
                    "Original Hash Batches": 1,
                    "Peak Memory Usage": 13152,
                    "Plans": [
                      {
                        "Node Type": "Bitmap Heap Scan",
                        "Parent Relationship": "Outer",
                        "Parallel Aware": true,
                        "Relation Name": "title",
                        "Alias": "t",
                        "Startup Cost": 13506.88,
                        "Total Cost": 56157.27,
                        "Plan Rows": 159819,
                        "Plan Width": 4,
                        "Actual Startup Time": 45.322,
                        "Actual Total Time": 148.894,
                        "Actual Rows": 114996,
                        "Actual Loops": 2,
                        "Recheck Cond": "(kind_id < 3)",
                        "Rows Removed by Index Recheck": 0,
                        "Filter": "(production_year > 2006)",
                        "Rows Removed by Filter": 261842,
                        "Exact Heap Blocks": 25998,
                        "Lossy Heap Blocks": 0,
                        "Plans": [
                          {
                            "Node Type": "Bitmap Index Scan",
                            "Parent Relationship": "Outer",
                            "Parallel Aware": false,
                            "Index Name": "kind_id_title",
                            "Startup Cost": 0.0,
                            "Total Cost": 13438.96,
                            "Plan Rows": 753937,
                            "Plan Width": 0,
                            "Actual Startup Time": 39.491,
                            "Actual Total Time": 39.492,
                            "Actual Rows": 753677,
                            "Actual Loops": 1,
                            "Index Cond": "(kind_id < 3)"
                          }
                        ]
                      }
                    ]
                  }
                ]
              }
            ]
          }
        ]
      }
    ]
  },
  "Planning Time": 0.323,
  "Triggers": [],
  "Execution Time": 297.719
}