[
  {
    "Plan": {
      "Node Type": "Aggregate",
      "Strategy": "Plain",
      "Partial Mode": "Finalize",
      "Parallel Aware": false,
      "Startup Cost": 46436.45,
      "Total Cost": 46436.46,
      "Plan Rows": 1,
      "Plan Width": 8,
      "Actual Startup Time": 191.407,
      "Actual Total Time": 203.769,
      "Actual Rows": 1,
      "Actual Loops": 1,
      "Plans": [
        {
          "Node Type": "Gather",
          "Parent Relationship": "Outer",
          "Parallel Aware": false,
          "Startup Cost": 46436.14,
          "Total Cost": 46436.45,
          "Plan Rows": 3,
          "Plan Width": 8,
          "Actual Startup Time": 191.242,
          "Actual Total Time": 203.757,
          "Actual Rows": 4,
          "Actual Loops": 1,
          "Workers Planned": 3,
          "Workers Launched": 3,
          "Single Copy": false,
          "Plans": [
            {
              "Node Type": "Aggregate",
              "Strategy": "Plain",
              "Partial Mode": "Partial",
              "Parent Relationship": "Outer",
              "Parallel Aware": false,
              "Startup Cost": 45436.14,
              "Total Cost": 45436.15,
              "Plan Rows": 1,
              "Plan Width": 8,
              "Actual Startup Time": 182.844,
              "Actual Total Time": 182.845,
              "Actual Rows": 1,
              "Actual Loops": 4,
              "Plans": [
                {
                  "Node Type": "Seq Scan",
                  "Parent Relationship": "Outer",
                  "Parallel Aware": true,
                  "Relation Name": "movie_keyword",
                  "Alias": "mk",
                  "Startup Cost": 0.0,
                  "Total Cost": 42695.65,
                  "Plan Rows": 1096193,
                  "Plan Width": 0,
                  "Actual Startup Time": 0.176,
                  "Actual Total Time": 138.894,
                  "Actual Rows": 847475,
                  "Actual Loops": 4,
                  "Filter": "(keyword_id > 1250)",
                  "Rows Removed by Filter": 283508
                }
              ]
            }
          ]
        }
      ]
    },
    "Planning Time": 0.157,
    "Triggers": [],
    "Execution Time": 203.821
  }
]