[
  {
    "Plan": {
      "Node Type": "Aggregate",
      "Strategy": "Plain",
      "Partial Mode": "Finalize",
      "Parallel Aware": false,
      "Startup Cost": 307777.33,
      "Total Cost": 307777.34,
      "Plan Rows": 1,
      "Plan Width": 8,
      "Actual Startup Time": 210.536,
      "Actual Total Time": 251.202,
      "Actual Rows": 1,
      "Actual Loops": 1,
      "Plans": [
        {
          "Node Type": "Gather",
          "Parent Relationship": "Outer",
          "Parallel Aware": false,
          "Startup Cost": 307776.91,
          "Total Cost": 307777.32,
          "Plan Rows": 4,
          "Plan Width": 8,
          "Actual Startup Time": 210.386,
          "Actual Total Time": 251.19,
          "Actual Rows": 5,
          "Actual Loops": 1,
          "Workers Planned": 4,
          "Workers Launched": 4,
          "Single Copy": false,
          "Plans": [
            {
              "Node Type": "Aggregate",
              "Strategy": "Plain",
              "Partial Mode": "Partial",
              "Parent Relationship": "Outer",
              "Parallel Aware": false,
              "Startup Cost": 306776.91,
              "Total Cost": 306776.92,
              "Plan Rows": 1,
              "Plan Width": 8,
              "Actual Startup Time": 200.59,
              "Actual Total Time": 200.591,
              "Actual Rows": 1,
              "Actual Loops": 5,
              "Plans": [
                {
                  "Node Type": "Nested Loop",
                  "Parent Relationship": "Outer",
                  "Parallel Aware": false,
                  "Join Type": "Inner",
                  "Startup Cost": 0.56,
                  "Total Cost": 306703.4,
                  "Plan Rows": 29404,
                  "Plan Width": 0,
                  "Actual Startup Time": 55.878,
                  "Actual Total Time": 198.868,
                  "Actual Rows": 18363,
                  "Actual Loops": 5,
                  "Inner Unique": false,
                  "Plans": [
                    {
                      "Node Type": "Seq Scan",
                      "Parent Relationship": "Outer",
                      "Parallel Aware": true,
                      "Relation Name": "title",
                      "Alias": "t",
                      "Startup Cost": 0.0,
                      "Total Cost": 45479.59,
                      "Plan Rows": 3350,
                      "Plan Width": 4,
                      "Actual Startup Time": 55.66,
                      "Actual Total Time": 80.916,
                      "Actual Rows": 1415,
                      "Actual Loops": 5,
                      "Filter": "((kind_id = 1) AND (production_year = 1998))",
                      "Rows Removed by Filter": 504247
                    },
                    {
                      "Node Type": "Index Scan",
                      "Parent Relationship": "Inner",
                      "Parallel Aware": false,
                      "Scan Direction": "Forward",
                      "Index Name": "movie_id_cast_info",
                      "Relation Name": "cast_info",
                      "Alias": "ci",
                      "Startup Cost": 0.56,
                      "Total Cost": 77.77,
                      "Plan Rows": 21,
                      "Plan Width": 4,
                      "Actual Startup Time": 0.036,
                      "Actual Total Time": 0.081,
                      "Actual Rows": 13,
                      "Actual Loops": 7075,
                      "Index Cond": "(movie_id = t.id)",
                      "Rows Removed by Index Recheck": 0,
                      "Filter": "((person_id > 210424) AND (role_id > 1))",
                      "Rows Removed by Filter": 7
                    }
                  ]
                }
              ]
            }
          ]
        }
      ]
    },
    "Planning Time": 0.304,
    "Triggers": [],
    "Execution Time": 251.251
  }
]