[
  {
    "Plan": {
      "Node Type": "Aggregate",
      "Strategy": "Plain",
      "Partial Mode": "Finalize",
      "Parallel Aware": false,
      "Startup Cost": 198945.13,
      "Total Cost": 198945.14,
      "Plan Rows": 1,
      "Plan Width": 8,
      "Actual Startup Time": 223.508,
      "Actual Total Time": 237.52,
      "Actual Rows": 1,
      "Actual Loops": 1,
      "Plans": [
        {
          "Node Type": "Gather",
          "Parent Relationship": "Outer",
          "Parallel Aware": false,
          "Startup Cost": 198944.51,
          "Total Cost": 198945.12,
          "Plan Rows": 6,
          "Plan Width": 8,
          "Actual Startup Time": 223.417,
          "Actual Total Time": 237.512,
          "Actual Rows": 7,
          "Actual Loops": 1,
          "Workers Planned": 6,
          "Workers Launched": 6,
          "Single Copy": false,
          "Plans": [
            {
              "Node Type": "Aggregate",
              "Strategy": "Plain",
              "Partial Mode": "Partial",
              "Parent Relationship": "Outer",
              "Parallel Aware": false,
              "Startup Cost": 197944.51,
              "Total Cost": 197944.52,
              "Plan Rows": 1,
              "Plan Width": 8,
              "Actual Startup Time": 213.323,
              "Actual Total Time": 213.324,
              "Actual Rows": 1,
              "Actual Loops": 7,
              "Plans": [
                {
                  "Node Type": "Index Scan",
                  "Parent Relationship": "Outer",
                  "Parallel Aware": true,
                  "Scan Direction": "Forward",
                  "Index Name": "role_id_cast_info",
                  "Relation Name": "cast_info",
                  "Alias": "ci",
                  "Startup Cost": 0.56,
                  "Total Cost": 197877.72,
                  "Plan Rows": 26713,
                  "Plan Width": 0,
                  "Actual Startup Time": 66.6,
                  "Actual Total Time": 213.31,
                  "Actual Rows": 21,
                  "Actual Loops": 7,
                  "Index Cond": "(role_id = 2)",
                  "Rows Removed by Index Recheck": 0,
                  "Filter": "(person_id < 81472)",
                  "Rows Removed by Filter": 1064546
                }
              ]
            }
          ]
        }
      ]
    },
    "Planning Time": 0.228,
    "Triggers": [],
    "Execution Time": 237.583
  }
]