[
  {
    "Plan": {
      "Node Type": "Aggregate",
      "Strategy": "Plain",
      "Partial Mode": "Finalize",
      "Parallel Aware": false,
      "Startup Cost": 59618.89,
      "Total Cost": 59618.9,
      "Plan Rows": 1,
      "Plan Width": 8,
      "Actual Startup Time": 99.408,
      "Actual Total Time": 113.551,
      "Actual Rows": 1,
      "Actual Loops": 1,
      "Plans": [
        {
          "Node Type": "Gather",
          "Parent Relationship": "Outer",
          "Parallel Aware": false,
          "Startup Cost": 59618.47,
          "Total Cost": 59618.88,
          "Plan Rows": 4,
          "Plan Width": 8,
          "Actual Startup Time": 99.238,
          "Actual Total Time": 113.541,
          "Actual Rows": 5,
          "Actual Loops": 1,
          "Workers Planned": 4,
          "Workers Launched": 4,
          "Single Copy": false,
          "Plans": [
            {
              "Node Type": "Aggregate",
              "Strategy": "Plain",
              "Partial Mode": "Partial",
              "Parent Relationship": "Outer",
              "Parallel Aware": false,
              "Startup Cost": 58618.47,
              "Total Cost": 58618.48,
              "Plan Rows": 1,
              "Plan Width": 8,
              "Actual Startup Time": 93.046,
              "Actual Total Time": 93.047,
              "Actual Rows": 1,
              "Actual Loops": 5,
              "Plans": [
                {
                  "Node Type": "Nested Loop",
                  "Parent Relationship": "Outer",
                  "Parallel Aware": false,
                  "Join Type": "Inner",
                  "Startup Cost": 0.43,
                  "Total Cost": 58611.78,
                  "Plan Rows": 2677,
                  "Plan Width": 0,
                  "Actual Startup Time": 2.299,
                  "Actual Total Time": 92.71,
                  "Actual Rows": 5657,
                  "Actual Loops": 5,
                  "Inner Unique": false,
                  "Plans": [
                    {
                      "Node Type": "Seq Scan",
                      "Parent Relationship": "Outer",
                      "Parallel Aware": true,
                      "Relation Name": "title",
                      "Alias": "t",
                      "Startup Cost": 0.0,
                      "Total Cost": 45479.59,
                      "Plan Rows": 1496,
                      "Plan Width": 4,
                      "Actual Startup Time": 1.59,
                      "Actual Total Time": 77.032,
                      "Actual Rows": 1310,
                      "Actual Loops": 5,
                      "Filter": "((kind_id < 7) AND (production_year = 1979))",
                      "Rows Removed by Filter": 504353
                    },
                    {
                      "Node Type": "Index Only Scan",
                      "Parent Relationship": "Inner",
                      "Parallel Aware": false,
                      "Scan Direction": "Forward",
                      "Index Name": "movie_id_movie_keyword",
                      "Relation Name": "movie_keyword",
                      "Alias": "mk",
                      "Startup Cost": 0.43,
                      "Total Cost": 8.32,
                      "Plan Rows": 46,
                      "Plan Width": 4,
                      "Actual Startup Time": 0.01,
                      "Actual Total Time": 0.011,
                      "Actual Rows": 4,
                      "Actual Loops": 6548,
                      "Index Cond": "(movie_id = t.id)",
                      "Rows Removed by Index Recheck": 0,
                      "Heap Fetches": 28286
                    }
                  ]
                }
              ]
            }
          ]
        }
      ]
    },
    "Planning Time": 0.455,
    "Triggers": [],
    "Execution Time": 113.599
  }
]