[
  {
    "Plan": {
      "Node Type": "Aggregate",
      "Strategy": "Plain",
      "Partial Mode": "Finalize",
      "Parallel Aware": false,
      "Startup Cost": 388614.75,
      "Total Cost": 388614.76,
      "Plan Rows": 1,
      "Plan Width": 8,
      "Actual Startup Time": 1754.888,
      "Actual Total Time": 1810.052,
      "Actual Rows": 1,
      "Actual Loops": 1,
      "Plans": [
        {
          "Node Type": "Gather",
          "Parent Relationship": "Outer",
          "Parallel Aware": false,
          "Startup Cost": 388614.13,
          "Total Cost": 388614.74,
          "Plan Rows": 6,
          "Plan Width": 8,
          "Actual Startup Time": 1746.846,
          "Actual Total Time": 1810.04,
          "Actual Rows": 7,
          "Actual Loops": 1,
          "Workers Planned": 6,
          "Workers Launched": 6,
          "Single Copy": false,
          "Plans": [
            {
              "Node Type": "Aggregate",
              "Strategy": "Plain",
              "Partial Mode": "Partial",
              "Parent Relationship": "Outer",
              "Parallel Aware": false,
              "Startup Cost": 387614.13,
              "Total Cost": 387614.14,
              "Plan Rows": 1,
              "Plan Width": 8,
              "Actual Startup Time": 1737.788,
              "Actual Total Time": 1737.791,
              "Actual Rows": 1,
              "Actual Loops": 7,
              "Plans": [
                {
                  "Node Type": "Hash Join",
                  "Parent Relationship": "Outer",
                  "Parallel Aware": true,
                  "Join Type": "Inner",
                  "Startup Cost": 46733.62,
                  "Total Cost": 384388.09,
                  "Plan Rows": 1290416,
                  "Plan Width": 0,
                  "Actual Startup Time": 299.376,
                  "Actual Total Time": 1688.9,
                  "Actual Rows": 937324,
                  "Actual Loops": 7,
                  "Inner Unique": true,
                  "Hash Cond": "(ci.movie_id = t.id)",
                  "Plans": [
                    {
                      "Node Type": "Seq Scan",
                      "Parent Relationship": "Outer",
                      "Parallel Aware": true,
                      "Relation Name": "cast_info",
                      "Alias": "ci",
                      "Startup Cost": 0.0,
                      "Total Cost": 328211.39,
                      "Plan Rows": 3597358,
                      "Plan Width": 4,
                      "Actual Startup Time": 156.186,
                      "Actual Total Time": 654.713,
                      "Actual Rows": 3063634,
                      "Actual Loops": 7,
                      "Filter": "(person_id > 1459521)",
                      "Rows Removed by Filter": 2114129
                    },
                    {
                      "Node Type": "Hash",
                      "Parent Relationship": "Inner",
                      "Parallel Aware": true,
                      "Startup Cost": 43899.32,
                      "Total Cost": 43899.32,
                      "Plan Rows": 226744,
                      "Plan Width": 4,
                      "Actual Startup Time": 140.653,
                      "Actual Total Time": 140.655,
                      "Actual Rows": 132086,
                      "Actual Loops": 7,
                      "Hash Buckets": 1048576,
                      "Original Hash Buckets": 1048576,
                      "Hash Batches": 1,
                      "Original Hash Batches": 1,
                      "Peak Memory Usage": 44512,
                      "Plans": [
                        {
                          "Node Type": "Seq Scan",
                          "Parent Relationship": "Outer",
                          "Parallel Aware": true,
                          "Relation Name": "title",
                          "Alias": "t",
                          "Startup Cost": 0.0,
                          "Total Cost": 43899.32,
                          "Plan Rows": 226744,
                          "Plan Width": 4,
                          "Actual Startup Time": 0.045,
                          "Actual Total Time": 79.19,
                          "Actual Rows": 132086,
                          "Actual Loops": 7,
                          "Filter": "(production_year < 1998)",
                          "Rows Removed by Filter": 229101
                        }
                      ]
                    }
                  ]
                }
              ]
            }
          ]
        }
      ]
    },
    "Planning Time": 0.263,
    "Triggers": [],
    "Execution Time": 1810.112
  }
]