[
  {
    "Plan": {
      "Node Type": "Aggregate",
      "Strategy": "Plain",
      "Partial Mode": "Finalize",
      "Parallel Aware": false,
      "Startup Cost": 388546.59,
      "Total Cost": 388546.6,
      "Plan Rows": 1,
      "Plan Width": 8,
      "Actual Startup Time": 1808.639,
      "Actual Total Time": 1882.739,
      "Actual Rows": 1,
      "Actual Loops": 1,
      "Plans": [
        {
          "Node Type": "Gather",
          "Parent Relationship": "Outer",
          "Parallel Aware": false,
          "Startup Cost": 388545.97,
          "Total Cost": 388546.58,
          "Plan Rows": 6,
          "Plan Width": 8,
          "Actual Startup Time": 1799.694,
          "Actual Total Time": 1882.725,
          "Actual Rows": 7,
          "Actual Loops": 1,
          "Workers Planned": 6,
          "Workers Launched": 6,
          "Single Copy": false,
          "Plans": [
            {
              "Node Type": "Aggregate",
              "Strategy": "Plain",
              "Partial Mode": "Partial",
              "Parent Relationship": "Outer",
              "Parallel Aware": false,
              "Startup Cost": 387545.97,
              "Total Cost": 387545.98,
              "Plan Rows": 1,
              "Plan Width": 8,
              "Actual Startup Time": 1789.944,
              "Actual Total Time": 1789.947,
              "Actual Rows": 1,
              "Actual Loops": 7,
              "Plans": [
                {
                  "Node Type": "Hash Join",
                  "Parent Relationship": "Outer",
                  "Parallel Aware": true,
                  "Join Type": "Inner",
                  "Startup Cost": 46769.59,
                  "Total Cost": 384303.13,
                  "Plan Rows": 1297136,
                  "Plan Width": 0,
                  "Actual Startup Time": 316.487,
                  "Actual Total Time": 1740.478,
                  "Actual Rows": 937324,
                  "Actual Loops": 7,
                  "Inner Unique": true,
                  "Hash Cond": "(ci.movie_id = t.id)",
                  "Plans": [
                    {
                      "Node Type": "Seq Scan",
                      "Parent Relationship": "Outer",
                      "Parallel Aware": true,
                      "Relation Name": "cast_info",
                      "Alias": "ci",
                      "Startup Cost": 0.0,
                      "Total Cost": 328162.03,
                      "Plan Rows": 3570095,
                      "Plan Width": 4,
                      "Actual Startup Time": 162.436,
                      "Actual Total Time": 678.587,
                      "Actual Rows": 3063634,
                      "Actual Loops": 7,
                      "Filter": "(person_id > 1459521)",
                      "Rows Removed by Filter": 2114129
                    },
                    {
                      "Node Type": "Hash",
                      "Parent Relationship": "Inner",
                      "Parallel Aware": true,
                      "Startup Cost": 43898.92,
                      "Total Cost": 43898.92,
                      "Plan Rows": 229654,
                      "Plan Width": 4,
                      "Actual Startup Time": 151.123,
                      "Actual Total Time": 151.124,
                      "Actual Rows": 132086,
                      "Actual Loops": 7,
                      "Hash Buckets": 1048576,
                      "Original Hash Buckets": 1048576,
                      "Hash Batches": 1,
                      "Original Hash Batches": 1,
                      "Peak Memory Usage": 44448,
                      "Plans": [
                        {
                          "Node Type": "Seq Scan",
                          "Parent Relationship": "Outer",
                          "Parallel Aware": true,
                          "Relation Name": "title",
                          "Alias": "t",
                          "Startup Cost": 0.0,
                          "Total Cost": 43898.92,
                          "Plan Rows": 229654,
                          "Plan Width": 4,
                          "Actual Startup Time": 0.045,
                          "Actual Total Time": 85.241,
                          "Actual Rows": 132086,
                          "Actual Loops": 7,
                          "Filter": "(production_year < 1998)",
                          "Rows Removed by Filter": 229101
                        }
                      ]
                    }
                  ]
                }
              ]
            }
          ]
        }
      ]
    },
    "Planning Time": 0.49,
    "Triggers": [],
    "Execution Time": 1882.818
  }
]