[
    {
        "Bao": {
            "Bao prediction": "NaN",
            "Bao recommended hint": "(no hint)"
        }
    },
    {
        "Plan": {
            "Node Type": "Aggregate",
            "Strategy": "Plain",
            "Partial Mode": "Simple",
            "Parallel Aware": false,
            "Startup Cost": 9021.45,
            "Total Cost": 9021.46,
            "Plan Rows": 1,
            "Plan Width": 8,
            "Actual Startup Time": 6.038,
            "Actual Total Time": 6.04,
            "Actual Rows": 1,
            "Actual Loops": 1,
            "Output": [
                "count(*)"
            ],
            "Plans": [
                {
                    "Node Type": "Index Only Scan",
                    "Parent Relationship": "Outer",
                    "Parallel Aware": false,
                    "Scan Direction": "Forward",
                    "Index Name": "company_id_movie_companies",
                    "Relation Name": "movie_companies",
                    "Schema": "public",
                    "Alias": "mc",
                    "Startup Cost": 0.43,
                    "Total Cost": 9012.1,
                    "Plan Rows": 3740,
                    "Plan Width": 0,
                    "Actual Startup Time": 0.074,
                    "Actual Total Time": 5.656,
                    "Actual Rows": 5080,
                    "Actual Loops": 1,
                    "Output": [
                        "company_id"
                    ],
                    "Index Cond": "(mc.company_id = 475)",
                    "Rows Removed by Index Recheck": 0,
                    "Heap Fetches": 5080
                }
            ]
        },
        "Planning Time": 310.708,
        "Triggers": [],
        "Execution Time": 6.083
    }
]