[
  {
    "Plan": {
      "Node Type": "Aggregate",
      "Strategy": "Plain",
      "Partial Mode": "Finalize",
      "Parallel Aware": false,
      "Startup Cost": 45846.82,
      "Total Cost": 45846.83,
      "Plan Rows": 1,
      "Plan Width": 8,
      "Actual Startup Time": 154.558,
      "Actual Total Time": 163.943,
      "Actual Rows": 1,
      "Actual Loops": 1,
      "Plans": [
        {
          "Node Type": "Gather",
          "Parent Relationship": "Outer",
          "Parallel Aware": false,
          "Startup Cost": 45846.5,
          "Total Cost": 45846.81,
          "Plan Rows": 3,
          "Plan Width": 8,
          "Actual Startup Time": 154.454,
          "Actual Total Time": 163.936,
          "Actual Rows": 4,
          "Actual Loops": 1,
          "Workers Planned": 3,
          "Workers Launched": 3,
          "Single Copy": false,
          "Plans": [
            {
              "Node Type": "Aggregate",
              "Strategy": "Plain",
              "Partial Mode": "Partial",
              "Parent Relationship": "Outer",
              "Parallel Aware": false,
              "Startup Cost": 44846.5,
              "Total Cost": 44846.51,
              "Plan Rows": 1,
              "Plan Width": 8,
              "Actual Startup Time": 146.048,
              "Actual Total Time": 146.049,
              "Actual Rows": 1,
              "Actual Loops": 4,
              "Plans": [
                {
                  "Node Type": "Seq Scan",
                  "Parent Relationship": "Outer",
                  "Parallel Aware": true,
                  "Relation Name": "movie_keyword",
                  "Alias": "mk",
                  "Startup Cost": 0.0,
                  "Total Cost": 42695.65,
                  "Plan Rows": 860340,
                  "Plan Width": 0,
                  "Actual Startup Time": 0.06,
                  "Actual Total Time": 116.261,
                  "Actual Rows": 666488,
                  "Actual Loops": 4,
                  "Filter": "(keyword_id < 7435)",
                  "Rows Removed by Filter": 464494
                }
              ]
            }
          ]
        }
      ]
    },
    "Planning Time": 0.153,
    "Triggers": [],
    "Execution Time": 163.991
  }
]