[
  {
    "Plan": {
      "Node Type": "Sort",
      "Parallel Aware": false,
      "Startup Cost": 106556.2,
      "Total Cost": 106557.22,
      "Plan Rows": 406,
      "Plan Width": 23,
      "Actual Startup Time": 15032.488,
      "Actual Total Time": 15046.089,
      "Actual Rows": 65120,
      "Actual Loops": 1,
      "Sort Key": [
        "(count(*)) DESC"
      ],
      "Sort Method": "quicksort",
      "Sort Space Used": 6616,
      "Sort Space Type": "Memory",
      "Plans": [
        {
          "Node Type": "Aggregate",
          "Strategy": "Sorted",
          "Partial Mode": "Simple",
          "Parent Relationship": "Outer",
          "Parallel Aware": false,
          "Startup Cost": 106531.5,
          "Total Cost": 106538.61,
          "Plan Rows": 406,
          "Plan Width": 23,
          "Actual Startup Time": 14934.97,
          "Actual Total Time": 15020.805,
          "Actual Rows": 65120,
          "Actual Loops": 1,
          "Group Key": [
            "n.name"
          ],
          "Plans": [
            {
              "Node Type": "Sort",
              "Parent Relationship": "Outer",
              "Parallel Aware": false,
              "Startup Cost": 106531.5,
              "Total Cost": 106532.52,
              "Plan Rows": 406,
              "Plan Width": 15,
              "Actual Startup Time": 14934.929,
              "Actual Total Time": 14970.204,
              "Actual Rows": 450299,
              "Actual Loops": 1,
              "Sort Key": [
                "n.name COLLATE \"C\""
              ],
              "Sort Method": "quicksort",
              "Sort Space Used": 37016,
              "Sort Space Type": "Memory",
              "Plans": [
                {
                  "Node Type": "Nested Loop",
                  "Parent Relationship": "Outer",
                  "Parallel Aware": false,
                  "Join Type": "Inner",
                  "Startup Cost": 1004.3,
                  "Total Cost": 106513.91,
                  "Plan Rows": 406,
                  "Plan Width": 15,
                  "Actual Startup Time": 9.11,
                  "Actual Total Time": 14730.058,
                  "Actual Rows": 450299,
                  "Actual Loops": 1,
                  "Inner Unique": false,
                  "Plans": [
                    {
                      "Node Type": "Seq Scan",
                      "Parent Relationship": "Outer",
                      "Parallel Aware": false,
                      "Relation Name": "info_type",
                      "Alias": "it1",
                      "Startup Cost": 0.0,
                      "Total Cost": 2.41,
                      "Plan Rows": 1,
                      "Plan Width": 4,
                      "Actual Startup Time": 0.023,
                      "Actual Total Time": 0.032,
                      "Actual Rows": 1,
                      "Actual Loops": 1,
                      "Filter": "(id = 3)",
                      "Rows Removed by Filter": 112
                    },
                    {
                      "Node Type": "Gather",
                      "Parent Relationship": "Inner",
                      "Parallel Aware": false,
                      "Startup Cost": 1004.3,
                      "Total Cost": 106507.44,
                      "Plan Rows": 406,
                      "Plan Width": 19,
                      "Actual Startup Time": 9.085,
                      "Actual Total Time": 14689.135,
                      "Actual Rows": 450299,
                      "Actual Loops": 1,
                      "Workers Planned": 4,
                      "Workers Launched": 4,
                      "Single Copy": false,
                      "Plans": [
                        {
                          "Node Type": "Nested Loop",
                          "Parent Relationship": "Outer",
                          "Parallel Aware": false,
                          "Join Type": "Inner",
                          "Startup Cost": 4.3,
                          "Total Cost": 105466.84,
                          "Plan Rows": 102,
                          "Plan Width": 19,
                          "Actual Startup Time": 5.709,
                          "Actual Total Time": 14758.006,
                          "Actual Rows": 90060,
                          "Actual Loops": 5,
                          "Inner Unique": true,
                          "Plans": [
                            {
                              "Node Type": "Nested Loop",
                              "Parent Relationship": "Outer",
                              "Parallel Aware": false,
                              "Join Type": "Inner",
                              "Startup Cost": 3.87,
                              "Total Cost": 105355.08,
                              "Plan Rows": 247,
                              "Plan Width": 27,
                              "Actual Startup Time": 5.503,
                              "Actual Total Time": 14332.175,
                              "Actual Rows": 90060,
                              "Actual Loops": 5,
                              "Inner Unique": false,
                              "Plans": [
                                {
                                  "Node Type": "Nested Loop",
                                  "Parent Relationship": "Outer",
                                  "Parallel Aware": false,
                                  "Join Type": "Inner",
                                  "Startup Cost": 3.43,
                                  "Total Cost": 85028.21,
                                  "Plan Rows": 13607,
                                  "Plan Width": 19,
                                  "Actual Startup Time": 1.21,
                                  "Actual Total Time": 1503.125,
                                  "Actual Rows": 1246939,
                                  "Actual Loops": 5,
                                  "Inner Unique": false,
                                  "Plans": [
                                    {
                                      "Node Type": "Nested Loop",
                                      "Parent Relationship": "Outer",
                                      "Parallel Aware": false,
                                      "Join Type": "Inner",
                                      "Startup Cost": 2.87,
                                      "Total Cost": 62495.42,
                                      "Plan Rows": 1564,
                                      "Plan Width": 23,
                                      "Actual Startup Time": 0.998,
                                      "Actual Total Time": 695.643,
                                      "Actual Rows": 26681,
                                      "Actual Loops": 5,
                                      "Inner Unique": true,
                                      "Plans": [
                                        {
                                          "Node Type": "Hash Join",
                                          "Parent Relationship": "Outer",
                                          "Parallel Aware": false,
                                          "Join Type": "Inner",
                                          "Startup Cost": 2.44,
                                          "Total Cost": 60545.79,
                                          "Plan Rows": 1564,
                                          "Plan Width": 4,
                                          "Actual Startup Time": 0.829,
                                          "Actual Total Time": 525.996,
                                          "Actual Rows": 26681,
                                          "Actual Loops": 5,
                                          "Inner Unique": true,
                                          "Hash Cond": "(pi.info_type_id = it2.id)",
                                          "Plans": [
                                            {
                                              "Node Type": "Seq Scan",
                                              "Parent Relationship": "Outer",
                                              "Parallel Aware": true,
                                              "Relation Name": "person_info",
                                              "Alias": "pi",
                                              "Startup Cost": 0.0,
                                              "Total Cost": 60302.65,
                                              "Plan Rows": 88383,
                                              "Plan Width": 8,
                                              "Actual Startup Time": 0.215,
                                              "Actual Total Time": 509.93,
                                              "Actual Rows": 79091,
                                              "Actual Loops": 5,
                                              "Filter": "(info ~~* '%usa%'::text)",
                                              "Rows Removed by Filter": 513641
                                            },
                                            {
                                              "Node Type": "Hash",
                                              "Parent Relationship": "Inner",
                                              "Parallel Aware": false,
                                              "Startup Cost": 2.41,
                                              "Total Cost": 2.41,
                                              "Plan Rows": 2,
                                              "Plan Width": 4,
                                              "Actual Startup Time": 0.148,
                                              "Actual Total Time": 0.149,
                                              "Actual Rows": 3,
                                              "Actual Loops": 5,
                                              "Hash Buckets": 1024,
                                              "Original Hash Buckets": 1024,
                                              "Hash Batches": 1,
                                              "Original Hash Batches": 1,
                                              "Peak Memory Usage": 9,
                                              "Plans": [
                                                {
                                                  "Node Type": "Seq Scan",
                                                  "Parent Relationship": "Outer",
                                                  "Parallel Aware": false,
                                                  "Relation Name": "info_type",
                                                  "Alias": "it2",
                                                  "Startup Cost": 0.0,
                                                  "Total Cost": 2.41,
                                                  "Plan Rows": 2,
                                                  "Plan Width": 4,
                                                  "Actual Startup Time": 0.067,
                                                  "Actual Total Time": 0.131,
                                                  "Actual Rows": 3,
                                                  "Actual Loops": 5,
                                                  "Filter": "((info)::text ~~* '%birth%'::text)",
                                                  "Rows Removed by Filter": 110
                                                }
                                              ]
                                            }
                                          ]
                                        },
                                        {
                                          "Node Type": "Index Scan",
                                          "Parent Relationship": "Inner",
                                          "Parallel Aware": false,
                                          "Scan Direction": "Forward",
                                          "Index Name": "name_pkey",
                                          "Relation Name": "name",
                                          "Alias": "n",
                                          "Startup Cost": 0.43,
                                          "Total Cost": 1.25,
                                          "Plan Rows": 1,
                                          "Plan Width": 19,
                                          "Actual Startup Time": 0.006,
                                          "Actual Total Time": 0.006,
                                          "Actual Rows": 1,
                                          "Actual Loops": 133406,
                                          "Index Cond": "(id = pi.person_id)",
                                          "Rows Removed by Index Recheck": 0
                                        }
                                      ]
                                    },
                                    {
                                      "Node Type": "Index Scan",
                                      "Parent Relationship": "Inner",
                                      "Parallel Aware": false,
                                      "Scan Direction": "Forward",
                                      "Index Name": "person_id_cast_info",
                                      "Relation Name": "cast_info",
                                      "Alias": "ci",
                                      "Startup Cost": 0.56,
                                      "Total Cost": 9.51,
                                      "Plan Rows": 490,
                                      "Plan Width": 8,
                                      "Actual Startup Time": 0.014,
                                      "Actual Total Time": 0.025,
                                      "Actual Rows": 47,
                                      "Actual Loops": 133406,
                                      "Index Cond": "(person_id = n.id)",
                                      "Rows Removed by Index Recheck": 0
                                    }
                                  ]
                                },
                                {
                                  "Node Type": "Index Scan",
                                  "Parent Relationship": "Inner",
                                  "Parallel Aware": false,
                                  "Scan Direction": "Forward",
                                  "Index Name": "movie_id_movie_info",
                                  "Relation Name": "movie_info",
                                  "Alias": "mi",
                                  "Startup Cost": 0.43,
                                  "Total Cost": 1.48,
                                  "Plan Rows": 1,
                                  "Plan Width": 8,
                                  "Actual Startup Time": 0.01,
                                  "Actual Total Time": 0.01,
                                  "Actual Rows": 0,
                                  "Actual Loops": 6234693,
                                  "Index Cond": "(movie_id = ci.movie_id)",
                                  "Rows Removed by Index Recheck": 0,
                                  "Filter": "((info_type_id = 3) AND ((info ~~* '%romance%'::text) OR (info ~~* '%action%'::text)))",
                                  "Rows Removed by Filter": 16
                                }
                              ]
                            },
                            {
                              "Node Type": "Index Only Scan",
                              "Parent Relationship": "Inner",
                              "Parallel Aware": false,
                              "Scan Direction": "Forward",
                              "Index Name": "title_pkey",
                              "Relation Name": "title",
                              "Alias": "t",
                              "Startup Cost": 0.43,
                              "Total Cost": 0.45,
                              "Plan Rows": 1,
                              "Plan Width": 4,
                              "Actual Startup Time": 0.004,
                              "Actual Total Time": 0.004,
                              "Actual Rows": 1,
                              "Actual Loops": 450299,
                              "Index Cond": "(id = ci.movie_id)",
                              "Rows Removed by Index Recheck": 0,
                              "Heap Fetches": 450299
                            }
                          ]
                        }
                      ]
                    }
                  ]
                }
              ]
            }
          ]
        }
      ]
    },
    "Planning Time": 11.356,
    "Triggers": [],
    "Execution Time": 15055.836
  }
]