{
  "Plan": {
    "Node Type": "Aggregate",
    "Strategy": "Plain",
    "Partial Mode": "Finalize",
    "Parallel Aware": false,
    "Startup Cost": 186695.5,
    "Total Cost": 186695.51,
    "Plan Rows": 1,
    "Plan Width": 8,
    "Actual Startup Time": 812.757,
    "Actual Total Time": 889.351,
    "Actual Rows": 1,
    "Actual Loops": 1,
    "Plans": [
      {
        "Node Type": "Gather",
        "Parent Relationship": "Outer",
        "Parallel Aware": false,
        "Startup Cost": 186695.39,
        "Total Cost": 186695.5,
        "Plan Rows": 1,
        "Plan Width": 8,
        "Actual Startup Time": 812.218,
        "Actual Total Time": 889.342,
        "Actual Rows": 2,
        "Actual Loops": 1,
        "Workers Planned": 1,
        "Workers Launched": 1,
        "Single Copy": false,
        "Plans": [
          {
            "Node Type": "Aggregate",
            "Strategy": "Plain",
            "Partial Mode": "Partial",
            "Parent Relationship": "Outer",
            "Parallel Aware": false,
            "Startup Cost": 185695.39,
            "Total Cost": 185695.4,
            "Plan Rows": 1,
            "Plan Width": 8,
            "Actual Startup Time": 805.855,
            "Actual Total Time": 805.859,
            "Actual Rows": 1,
            "Actual Loops": 2,
            "Plans": [
              {
                "Node Type": "Nested Loop",
                "Parent Relationship": "Outer",
                "Parallel Aware": false,
                "Join Type": "Inner",
                "Startup Cost": 28844.98,
                "Total Cost": 184758.82,
                "Plan Rows": 374629,
                "Plan Width": 0,
                "Actual Startup Time": 94.249,
                "Actual Total Time": 790.637,
                "Actual Rows": 303303,
                "Actual Loops": 2,
                "Inner Unique": false,
                "Plans": [
                  {
                    "Node Type": "Hash Join",
                    "Parent Relationship": "Outer",
                    "Parallel Aware": true,
                    "Join Type": "Inner",
                    "Startup Cost": 28844.41,
                    "Total Cost": 90064.89,
                    "Plan Rows": 26145,
                    "Plan Width": 8,
                    "Actual Startup Time": 94.167,
                    "Actual Total Time": 294.653,
                    "Actual Rows": 18736,
                    "Actual Loops": 2,
                    "Inner Unique": false,
                    "Hash Cond": "(t.id = mc.movie_id)",
                    "Plans": [
                      {
                        "Node Type": "Seq Scan",
                        "Parent Relationship": "Outer",
                        "Parallel Aware": true,
                        "Relation Name": "title",
                        "Alias": "t",
                        "Startup Cost": 0.0,
                        "Total Cost": 58306.47,
                        "Plan Rows": 441636,
                        "Plan Width": 4,
                        "Actual Startup Time": 0.011,
                        "Actual Total Time": 140.697,
                        "Actual Rows": 323778,
                        "Actual Loops": 2,
                        "Filter": "((kind_id > 1) AND (production_year < 2000))",
                        "Rows Removed by Filter": 940378
                      },
                      {
                        "Node Type": "Hash",
                        "Parent Relationship": "Inner",
                        "Parallel Aware": true,
                        "Startup Cost": 27743.86,
                        "Total Cost": 27743.86,
                        "Plan Rows": 88044,
                        "Plan Width": 4,
                        "Actual Startup Time": 90.759,
                        "Actual Total Time": 90.761,
                        "Actual Rows": 34246,
                        "Actual Loops": 2,
                        "Hash Buckets": 262144,
                        "Original Hash Buckets": 262144,
                        "Hash Batches": 1,
                        "Original Hash Batches": 1,
                        "Peak Memory Usage": 4736,
                        "Plans": [
                          {
                            "Node Type": "Bitmap Heap Scan",
                            "Parent Relationship": "Outer",
                            "Parallel Aware": true,
                            "Relation Name": "movie_companies",
                            "Alias": "mc",
                            "Startup Cost": 6352.77,
                            "Total Cost": 27743.86,
                            "Plan Rows": 88044,
                            "Plan Width": 4,
                            "Actual Startup Time": 66.844,
                            "Actual Total Time": 83.103,
                            "Actual Rows": 34246,
                            "Actual Loops": 2,
                            "Recheck Cond": "(company_id < 160)",
                            "Rows Removed by Index Recheck": 0,
                            "Filter": "(company_type_id > 1)",
                            "Rows Removed by Filter": 112192,
                            "Exact Heap Blocks": 13971,
                            "Lossy Heap Blocks": 0,
                            "Plans": [
                              {
                                "Node Type": "Bitmap Index Scan",
                                "Parent Relationship": "Outer",
                                "Parallel Aware": false,
                                "Index Name": "company_id_movie_companies",
                                "Startup Cost": 0.0,
                                "Total Cost": 6315.35,
                                "Plan Rows": 294790,
                                "Plan Width": 0,
                                "Actual Startup Time": 30.114,
                                "Actual Total Time": 30.115,
                                "Actual Rows": 292877,
                                "Actual Loops": 1,
                                "Index Cond": "(company_id < 160)"
                              }
                            ]
                          }
                        ]
                      }
                    ]
                  },
                  {
                    "Node Type": "Index Only Scan",
                    "Parent Relationship": "Inner",
                    "Parallel Aware": false,
                    "Scan Direction": "Forward",
                    "Index Name": "movie_id_cast_info",
                    "Relation Name": "cast_info",
                    "Alias": "ci",
                    "Startup Cost": 0.56,
                    "Total Cost": 3.25,
                    "Plan Rows": 37,
                    "Plan Width": 4,
                    "Actual Startup Time": 0.007,
                    "Actual Total Time": 0.025,
                    "Actual Rows": 16,
                    "Actual Loops": 37473,
                    "Index Cond": "(movie_id = t.id)",
                    "Rows Removed by Index Recheck": 0,
                    "Heap Fetches": 606606
                  }
                ]
              }
            ]
          }
        ]
      }
    ]
  },
  "Planning Time": 1.074,
  "Triggers": [],
  "Execution Time": 889.479
}