[
  {
    "Plan": {
      "Node Type": "Aggregate",
      "Strategy": "Plain",
      "Partial Mode": "Finalize",
      "Parallel Aware": false,
      "Startup Cost": 74341.9,
      "Total Cost": 74341.91,
      "Plan Rows": 1,
      "Plan Width": 8,
      "Actual Startup Time": 117.682,
      "Actual Total Time": 133.472,
      "Actual Rows": 1,
      "Actual Loops": 1,
      "Plans": [
        {
          "Node Type": "Gather",
          "Parent Relationship": "Outer",
          "Parallel Aware": false,
          "Startup Cost": 74341.48,
          "Total Cost": 74341.89,
          "Plan Rows": 4,
          "Plan Width": 8,
          "Actual Startup Time": 117.503,
          "Actual Total Time": 133.462,
          "Actual Rows": 5,
          "Actual Loops": 1,
          "Workers Planned": 4,
          "Workers Launched": 4,
          "Single Copy": false,
          "Plans": [
            {
              "Node Type": "Aggregate",
              "Strategy": "Plain",
              "Partial Mode": "Partial",
              "Parent Relationship": "Outer",
              "Parallel Aware": false,
              "Startup Cost": 73341.48,
              "Total Cost": 73341.49,
              "Plan Rows": 1,
              "Plan Width": 8,
              "Actual Startup Time": 108.99,
              "Actual Total Time": 108.992,
              "Actual Rows": 1,
              "Actual Loops": 5,
              "Plans": [
                {
                  "Node Type": "Nested Loop",
                  "Parent Relationship": "Outer",
                  "Parallel Aware": false,
                  "Join Type": "Inner",
                  "Startup Cost": 0.43,
                  "Total Cost": 73328.88,
                  "Plan Rows": 5041,
                  "Plan Width": 0,
                  "Actual Startup Time": 3.312,
                  "Actual Total Time": 108.447,
                  "Actual Rows": 9702,
                  "Actual Loops": 5,
                  "Inner Unique": false,
                  "Plans": [
                    {
                      "Node Type": "Seq Scan",
                      "Parent Relationship": "Outer",
                      "Parallel Aware": true,
                      "Relation Name": "title",
                      "Alias": "t",
                      "Startup Cost": 0.0,
                      "Total Cost": 45479.59,
                      "Plan Rows": 3568,
                      "Plan Width": 4,
                      "Actual Startup Time": 0.553,
                      "Actual Total Time": 81.56,
                      "Actual Rows": 2367,
                      "Actual Loops": 5,
                      "Filter": "((kind_id < 7) AND (production_year = 1995))",
                      "Rows Removed by Filter": 503295
                    },
                    {
                      "Node Type": "Index Scan",
                      "Parent Relationship": "Inner",
                      "Parallel Aware": false,
                      "Scan Direction": "Forward",
                      "Index Name": "movie_id_movie_keyword",
                      "Relation Name": "movie_keyword",
                      "Alias": "mk",
                      "Startup Cost": 0.43,
                      "Total Cost": 7.45,
                      "Plan Rows": 36,
                      "Plan Width": 4,
                      "Actual Startup Time": 0.01,
                      "Actual Total Time": 0.011,
                      "Actual Rows": 4,
                      "Actual Loops": 11835,
                      "Index Cond": "(movie_id = t.id)",
                      "Rows Removed by Index Recheck": 0,
                      "Filter": "(keyword_id > 895)",
                      "Rows Removed by Filter": 1
                    }
                  ]
                }
              ]
            }
          ]
        }
      ]
    },
    "Planning Time": 0.433,
    "Triggers": [],
    "Execution Time": 133.527
  }
]