[
  {
    "Plan": {
      "Node Type": "Aggregate",
      "Strategy": "Plain",
      "Partial Mode": "Finalize",
      "Parallel Aware": false,
      "Startup Cost": 354172.17,
      "Total Cost": 354172.18,
      "Plan Rows": 1,
      "Plan Width": 8,
      "Actual Startup Time": 665.68,
      "Actual Total Time": 685.338,
      "Actual Rows": 1,
      "Actual Loops": 1,
      "Plans": [
        {
          "Node Type": "Gather",
          "Parent Relationship": "Outer",
          "Parallel Aware": false,
          "Startup Cost": 354171.54,
          "Total Cost": 354172.15,
          "Plan Rows": 6,
          "Plan Width": 8,
          "Actual Startup Time": 646.683,
          "Actual Total Time": 685.327,
          "Actual Rows": 7,
          "Actual Loops": 1,
          "Workers Planned": 6,
          "Workers Launched": 6,
          "Single Copy": false,
          "Plans": [
            {
              "Node Type": "Aggregate",
              "Strategy": "Plain",
              "Partial Mode": "Partial",
              "Parent Relationship": "Outer",
              "Parallel Aware": false,
              "Startup Cost": 353171.54,
              "Total Cost": 353171.55,
              "Plan Rows": 1,
              "Plan Width": 8,
              "Actual Startup Time": 624.293,
              "Actual Total Time": 624.297,
              "Actual Rows": 1,
              "Actual Loops": 7,
              "Plans": [
                {
                  "Node Type": "Hash Join",
                  "Parent Relationship": "Outer",
                  "Parallel Aware": true,
                  "Join Type": "Inner",
                  "Startup Cost": 94347.24,
                  "Total Cost": 352623.64,
                  "Plan Rows": 219161,
                  "Plan Width": 0,
                  "Actual Startup Time": 379.794,
                  "Actual Total Time": 608.417,
                  "Actual Rows": 276220,
                  "Actual Loops": 7,
                  "Inner Unique": true,
                  "Hash Cond": "(ci.movie_id = t.id)",
                  "Plans": [
                    {
                      "Node Type": "Bitmap Heap Scan",
                      "Parent Relationship": "Outer",
                      "Parallel Aware": true,
                      "Relation Name": "cast_info",
                      "Alias": "ci",
                      "Startup Cost": 44127.6,
                      "Total Cost": 301828.7,
                      "Plan Rows": 219161,
                      "Plan Width": 4,
                      "Actual Startup Time": 108.776,
                      "Actual Total Time": 189.502,
                      "Actual Rows": 276220,
                      "Actual Loops": 7,
                      "Recheck Cond": "(person_id > 3681901)",
                      "Rows Removed by Index Recheck": 0,
                      "Filter": "(role_id > 1)",
                      "Rows Removed by Filter": 0,
                      "Exact Heap Blocks": 5122,
                      "Lossy Heap Blocks": 0,
                      "Plans": [
                        {
                          "Node Type": "Bitmap Index Scan",
                          "Parent Relationship": "Outer",
                          "Parallel Aware": false,
                          "Index Name": "person_id_cast_info",
                          "Startup Cost": 0.0,
                          "Total Cost": 43798.86,
                          "Plan Rows": 2005639,
                          "Plan Width": 0,
                          "Actual Startup Time": 101.231,
                          "Actual Total Time": 101.232,
                          "Actual Rows": 1933542,
                          "Actual Loops": 1,
                          "Index Cond": "(person_id > 3681901)"
                        }
                      ]
                    },
                    {
                      "Node Type": "Hash",
                      "Parent Relationship": "Inner",
                      "Parallel Aware": true,
                      "Startup Cost": 42318.73,
                      "Total Cost": 42318.73,
                      "Plan Rows": 632073,
                      "Plan Width": 4,
                      "Actual Startup Time": 264.271,
                      "Actual Total Time": 264.272,
                      "Actual Rows": 361187,
                      "Actual Loops": 7,
                      "Hash Buckets": 4194304,
                      "Original Hash Buckets": 4194304,
                      "Hash Batches": 1,
                      "Original Hash Batches": 1,
                      "Peak Memory Usage": 131808,
                      "Plans": [
                        {
                          "Node Type": "Seq Scan",
                          "Parent Relationship": "Outer",
                          "Parallel Aware": true,
                          "Relation Name": "title",
                          "Alias": "t",
                          "Startup Cost": 0.0,
                          "Total Cost": 42318.73,
                          "Plan Rows": 632073,
                          "Plan Width": 4,
                          "Actual Startup Time": 0.061,
                          "Actual Total Time": 80.11,
                          "Actual Rows": 361187,
                          "Actual Loops": 7
                        }
                      ]
                    }
                  ]
                }
              ]
            }
          ]
        }
      ]
    },
    "Planning Time": 0.63,
    "Triggers": [],
    "Execution Time": 685.433
  }
]