[
  {
    "Plan": {
      "Node Type": "Aggregate",
      "Strategy": "Plain",
      "Partial Mode": "Finalize",
      "Parallel Aware": false,
      "Startup Cost": 76462.13,
      "Total Cost": 76462.14,
      "Plan Rows": 1,
      "Plan Width": 8,
      "Actual Startup Time": 174.245,
      "Actual Total Time": 191.282,
      "Actual Rows": 1,
      "Actual Loops": 1,
      "Plans": [
        {
          "Node Type": "Gather",
          "Parent Relationship": "Outer",
          "Parallel Aware": false,
          "Startup Cost": 76461.81,
          "Total Cost": 76462.12,
          "Plan Rows": 3,
          "Plan Width": 8,
          "Actual Startup Time": 174.016,
          "Actual Total Time": 191.272,
          "Actual Rows": 4,
          "Actual Loops": 1,
          "Workers Planned": 3,
          "Workers Launched": 3,
          "Single Copy": false,
          "Plans": [
            {
              "Node Type": "Aggregate",
              "Strategy": "Plain",
              "Partial Mode": "Partial",
              "Parent Relationship": "Outer",
              "Parallel Aware": false,
              "Startup Cost": 75461.81,
              "Total Cost": 75461.82,
              "Plan Rows": 1,
              "Plan Width": 8,
              "Actual Startup Time": 170.365,
              "Actual Total Time": 170.368,
              "Actual Rows": 1,
              "Actual Loops": 4,
              "Plans": [
                {
                  "Node Type": "Hash Join",
                  "Parent Relationship": "Outer",
                  "Parallel Aware": true,
                  "Join Type": "Inner",
                  "Startup Cost": 45578.26,
                  "Total Cost": 75455.08,
                  "Plan Rows": 2694,
                  "Plan Width": 0,
                  "Actual Startup Time": 110.582,
                  "Actual Total Time": 170.14,
                  "Actual Rows": 3352,
                  "Actual Loops": 4,
                  "Inner Unique": true,
                  "Hash Cond": "(mc.movie_id = t.id)",
                  "Plans": [
                    {
                      "Node Type": "Seq Scan",
                      "Parent Relationship": "Outer",
                      "Parallel Aware": true,
                      "Relation Name": "movie_companies",
                      "Alias": "mc",
                      "Startup Cost": 0.0,
                      "Total Cost": 29310.68,
                      "Plan Rows": 215671,
                      "Plan Width": 4,
                      "Actual Startup Time": 20.207,
                      "Actual Total Time": 63.638,
                      "Actual Rows": 165537,
                      "Actual Loops": 4,
                      "Filter": "(company_id > 52091)",
                      "Rows Removed by Filter": 486745
                    },
                    {
                      "Node Type": "Hash",
                      "Parent Relationship": "Inner",
                      "Parallel Aware": true,
                      "Startup Cost": 45479.59,
                      "Total Cost": 45479.59,
                      "Plan Rows": 7894,
                      "Plan Width": 4,
                      "Actual Startup Time": 89.902,
                      "Actual Total Time": 89.903,
                      "Actual Rows": 4443,
                      "Actual Loops": 4,
                      "Hash Buckets": 32768,
                      "Original Hash Buckets": 32768,
                      "Hash Batches": 1,
                      "Original Hash Batches": 1,
                      "Peak Memory Usage": 1024,
                      "Plans": [
                        {
                          "Node Type": "Seq Scan",
                          "Parent Relationship": "Outer",
                          "Parallel Aware": true,
                          "Relation Name": "title",
                          "Alias": "t",
                          "Startup Cost": 0.0,
                          "Total Cost": 45479.59,
                          "Plan Rows": 7894,
                          "Plan Width": 4,
                          "Actual Startup Time": 50.144,
                          "Actual Total Time": 87.944,
                          "Actual Rows": 4443,
                          "Actual Loops": 4,
                          "Filter": "((kind_id = 1) AND (production_year = 2007))",
                          "Rows Removed by Filter": 627635
                        }
                      ]
                    }
                  ]
                }
              ]
            }
          ]
        }
      ]
    },
    "Planning Time": 0.28,
    "Triggers": [],
    "Execution Time": 191.318
  }
]