[
    {
        "Bao": {
            "Bao prediction": "NaN",
            "Bao recommended hint": "(no hint)"
        }
    },
    {
        "Plan": {
            "Node Type": "Aggregate",
            "Strategy": "Plain",
            "Partial Mode": "Finalize",
            "Parallel Aware": false,
            "Startup Cost": 42701.05,
            "Total Cost": 42701.06,
            "Plan Rows": 1,
            "Plan Width": 8,
            "Actual Startup Time": 130.439,
            "Actual Total Time": 137.948,
            "Actual Rows": 1,
            "Actual Loops": 1,
            "Output": [
                "count(*)"
            ],
            "Plans": [
                {
                    "Node Type": "Gather",
                    "Parent Relationship": "Outer",
                    "Parallel Aware": false,
                    "Startup Cost": 42700.74,
                    "Total Cost": 42701.05,
                    "Plan Rows": 3,
                    "Plan Width": 8,
                    "Actual Startup Time": 130.194,
                    "Actual Total Time": 137.939,
                    "Actual Rows": 4,
                    "Actual Loops": 1,
                    "Output": [
                        "(PARTIAL count(*))"
                    ],
                    "Workers Planned": 3,
                    "Workers Launched": 3,
                    "Single Copy": false,
                    "Plans": [
                        {
                            "Node Type": "Aggregate",
                            "Strategy": "Plain",
                            "Partial Mode": "Partial",
                            "Parent Relationship": "Outer",
                            "Parallel Aware": false,
                            "Startup Cost": 41700.74,
                            "Total Cost": 41700.75,
                            "Plan Rows": 1,
                            "Plan Width": 8,
                            "Actual Startup Time": 121.559,
                            "Actual Total Time": 121.56,
                            "Actual Rows": 1,
                            "Actual Loops": 4,
                            "Output": [
                                "PARTIAL count(*)"
                            ],
                            "Workers": [
                                {
                                    "Worker Number": 0,
                                    "Actual Startup Time": 118.448,
                                    "Actual Total Time": 118.45,
                                    "Actual Rows": 1,
                                    "Actual Loops": 1
                                },
                                {
                                    "Worker Number": 1,
                                    "Actual Startup Time": 118.742,
                                    "Actual Total Time": 118.744,
                                    "Actual Rows": 1,
                                    "Actual Loops": 1
                                },
                                {
                                    "Worker Number": 2,
                                    "Actual Startup Time": 119.1,
                                    "Actual Total Time": 119.102,
                                    "Actual Rows": 1,
                                    "Actual Loops": 1
                                }
                            ],
                            "Plans": [
                                {
                                    "Node Type": "Bitmap Heap Scan",
                                    "Parent Relationship": "Outer",
                                    "Parallel Aware": true,
                                    "Relation Name": "movie_keyword",
                                    "Schema": "public",
                                    "Alias": "mk",
                                    "Startup Cost": 14043.29,
                                    "Total Cost": 41166.83,
                                    "Plan Rows": 213563,
                                    "Plan Width": 0,
                                    "Actual Startup Time": 36.059,
                                    "Actual Total Time": 112.772,
                                    "Actual Rows": 166454,
                                    "Actual Loops": 4,
                                    "Recheck Cond": "(mk.keyword_id < 520)",
                                    "Rows Removed by Index Recheck": 0,
                                    "Exact Heap Blocks": 10196,
                                    "Lossy Heap Blocks": 0,
                                    "Workers": [
                                        {
                                            "Worker Number": 0,
                                            "Actual Startup Time": 33.166,
                                            "Actual Total Time": 110.523,
                                            "Actual Rows": 128717,
                                            "Actual Loops": 1
                                        },
                                        {
                                            "Worker Number": 1,
                                            "Actual Startup Time": 33.387,
                                            "Actual Total Time": 110.636,
                                            "Actual Rows": 133314,
                                            "Actual Loops": 1
                                        },
                                        {
                                            "Worker Number": 2,
                                            "Actual Startup Time": 33.649,
                                            "Actual Total Time": 111.314,
                                            "Actual Rows": 127060,
                                            "Actual Loops": 1
                                        }
                                    ],
                                    "Plans": [
                                        {
                                            "Node Type": "Bitmap Index Scan",
                                            "Parent Relationship": "Outer",
                                            "Parallel Aware": false,
                                            "Index Name": "keyword_id_movie_keyword",
                                            "Startup Cost": 0.0,
                                            "Total Cost": 13877.78,
                                            "Plan Rows": 662046,
                                            "Plan Width": 0,
                                            "Actual Startup Time": 40.481,
                                            "Actual Total Time": 40.481,
                                            "Actual Rows": 665815,
                                            "Actual Loops": 1,
                                            "Index Cond": "(mk.keyword_id < 520)"
                                        }
                                    ]
                                }
                            ]
                        }
                    ]
                }
            ]
        },
        "Planning Time": 173.79,
        "Triggers": [],
        "Execution Time": 137.998
    }
]