[
  {
    "Plan": {
      "Node Type": "Aggregate",
      "Strategy": "Plain",
      "Partial Mode": "Finalize",
      "Parallel Aware": false,
      "Startup Cost": 44296.32,
      "Total Cost": 44296.33,
      "Plan Rows": 1,
      "Plan Width": 8,
      "Actual Startup Time": 122.306,
      "Actual Total Time": 131.229,
      "Actual Rows": 1,
      "Actual Loops": 1,
      "Plans": [
        {
          "Node Type": "Gather",
          "Parent Relationship": "Outer",
          "Parallel Aware": false,
          "Startup Cost": 44296.01,
          "Total Cost": 44296.32,
          "Plan Rows": 3,
          "Plan Width": 8,
          "Actual Startup Time": 122.199,
          "Actual Total Time": 131.222,
          "Actual Rows": 4,
          "Actual Loops": 1,
          "Workers Planned": 3,
          "Workers Launched": 3,
          "Single Copy": false,
          "Plans": [
            {
              "Node Type": "Aggregate",
              "Strategy": "Plain",
              "Partial Mode": "Partial",
              "Parent Relationship": "Outer",
              "Parallel Aware": false,
              "Startup Cost": 43296.01,
              "Total Cost": 43296.02,
              "Plan Rows": 1,
              "Plan Width": 8,
              "Actual Startup Time": 115.671,
              "Actual Total Time": 115.672,
              "Actual Rows": 1,
              "Actual Loops": 4,
              "Plans": [
                {
                  "Node Type": "Seq Scan",
                  "Parent Relationship": "Outer",
                  "Parallel Aware": true,
                  "Relation Name": "movie_keyword",
                  "Alias": "mk",
                  "Startup Cost": 0.0,
                  "Total Cost": 42695.65,
                  "Plan Rows": 240141,
                  "Plan Width": 0,
                  "Actual Startup Time": 5.591,
                  "Actual Total Time": 105.916,
                  "Actual Rows": 184469,
                  "Actual Loops": 4,
                  "Filter": "(keyword_id > 25534)",
                  "Rows Removed by Filter": 946514
                }
              ]
            }
          ]
        }
      ]
    },
    "Planning Time": 0.168,
    "Triggers": [],
    "Execution Time": 131.279
  }
]