[
  {
    "Plan": {
      "Node Type": "Aggregate",
      "Strategy": "Plain",
      "Partial Mode": "Finalize",
      "Parallel Aware": false,
      "Startup Cost": 338216.04,
      "Total Cost": 338216.05,
      "Plan Rows": 1,
      "Plan Width": 8,
      "Actual Startup Time": 830.961,
      "Actual Total Time": 903.872,
      "Actual Rows": 1,
      "Actual Loops": 1,
      "Plans": [
        {
          "Node Type": "Gather",
          "Parent Relationship": "Outer",
          "Parallel Aware": false,
          "Startup Cost": 338215.42,
          "Total Cost": 338216.03,
          "Plan Rows": 6,
          "Plan Width": 8,
          "Actual Startup Time": 830.644,
          "Actual Total Time": 903.85,
          "Actual Rows": 7,
          "Actual Loops": 1,
          "Workers Planned": 6,
          "Workers Launched": 6,
          "Single Copy": false,
          "Plans": [
            {
              "Node Type": "Aggregate",
              "Strategy": "Plain",
              "Partial Mode": "Partial",
              "Parent Relationship": "Outer",
              "Parallel Aware": false,
              "Startup Cost": 337215.42,
              "Total Cost": 337215.43,
              "Plan Rows": 1,
              "Plan Width": 8,
              "Actual Startup Time": 823.52,
              "Actual Total Time": 823.523,
              "Actual Rows": 1,
              "Actual Loops": 7,
              "Plans": [
                {
                  "Node Type": "Seq Scan",
                  "Parent Relationship": "Outer",
                  "Parallel Aware": true,
                  "Relation Name": "cast_info",
                  "Alias": "ci",
                  "Startup Cost": 0.0,
                  "Total Cost": 328211.39,
                  "Plan Rows": 3601611,
                  "Plan Width": 0,
                  "Actual Startup Time": 0.045,
                  "Actual Total Time": 661.998,
                  "Actual Rows": 3123560,
                  "Actual Loops": 7,
                  "Filter": "(person_id < 2223656)",
                  "Rows Removed by Filter": 2054204
                }
              ]
            }
          ]
        }
      ]
    },
    "Planning Time": 0.198,
    "Triggers": [],
    "Execution Time": 903.944
  }
]