[
  {
    "Plan": {
      "Node Type": "Aggregate",
      "Strategy": "Plain",
      "Partial Mode": "Finalize",
      "Parallel Aware": false,
      "Startup Cost": 79017.09,
      "Total Cost": 79017.1,
      "Plan Rows": 1,
      "Plan Width": 8,
      "Actual Startup Time": 118.724,
      "Actual Total Time": 135.998,
      "Actual Rows": 1,
      "Actual Loops": 1,
      "Plans": [
        {
          "Node Type": "Gather",
          "Parent Relationship": "Outer",
          "Parallel Aware": false,
          "Startup Cost": 79016.67,
          "Total Cost": 79017.08,
          "Plan Rows": 4,
          "Plan Width": 8,
          "Actual Startup Time": 118.601,
          "Actual Total Time": 135.99,
          "Actual Rows": 5,
          "Actual Loops": 1,
          "Workers Planned": 4,
          "Workers Launched": 4,
          "Single Copy": false,
          "Plans": [
            {
              "Node Type": "Aggregate",
              "Strategy": "Plain",
              "Partial Mode": "Partial",
              "Parent Relationship": "Outer",
              "Parallel Aware": false,
              "Startup Cost": 78016.67,
              "Total Cost": 78016.68,
              "Plan Rows": 1,
              "Plan Width": 8,
              "Actual Startup Time": 112.109,
              "Actual Total Time": 112.11,
              "Actual Rows": 1,
              "Actual Loops": 5,
              "Plans": [
                {
                  "Node Type": "Nested Loop",
                  "Parent Relationship": "Outer",
                  "Parallel Aware": false,
                  "Join Type": "Inner",
                  "Startup Cost": 0.43,
                  "Total Cost": 77997.15,
                  "Plan Rows": 7806,
                  "Plan Width": 0,
                  "Actual Startup Time": 1.017,
                  "Actual Total Time": 111.221,
                  "Actual Rows": 15704,
                  "Actual Loops": 5,
                  "Inner Unique": false,
                  "Plans": [
                    {
                      "Node Type": "Seq Scan",
                      "Parent Relationship": "Outer",
                      "Parallel Aware": true,
                      "Relation Name": "title",
                      "Alias": "t",
                      "Startup Cost": 0.0,
                      "Total Cost": 45479.1,
                      "Plan Rows": 4362,
                      "Plan Width": 4,
                      "Actual Startup Time": 0.623,
                      "Actual Total Time": 79.418,
                      "Actual Rows": 2890,
                      "Actual Loops": 5,
                      "Filter": "((kind_id < 7) AND (production_year = 1998))",
                      "Rows Removed by Filter": 502773
                    },
                    {
                      "Node Type": "Index Only Scan",
                      "Parent Relationship": "Inner",
                      "Parallel Aware": false,
                      "Scan Direction": "Forward",
                      "Index Name": "movie_id_movie_keyword",
                      "Relation Name": "movie_keyword",
                      "Alias": "mk",
                      "Startup Cost": 0.43,
                      "Total Cost": 7.0,
                      "Plan Rows": 45,
                      "Plan Width": 4,
                      "Actual Startup Time": 0.009,
                      "Actual Total Time": 0.01,
                      "Actual Rows": 5,
                      "Actual Loops": 14449,
                      "Index Cond": "(movie_id = t.id)",
                      "Rows Removed by Index Recheck": 0,
                      "Heap Fetches": 78521
                    }
                  ]
                }
              ]
            }
          ]
        }
      ]
    },
    "Planning Time": 0.668,
    "Triggers": [],
    "Execution Time": 136.078
  }
]