[
  {
    "Plan": {
      "Node Type": "Aggregate",
      "Strategy": "Plain",
      "Partial Mode": "Finalize",
      "Parallel Aware": false,
      "Startup Cost": 252308.65,
      "Total Cost": 252308.66,
      "Plan Rows": 1,
      "Plan Width": 8,
      "Actual Startup Time": 813.876,
      "Actual Total Time": 866.958,
      "Actual Rows": 1,
      "Actual Loops": 1,
      "Plans": [
        {
          "Node Type": "Gather",
          "Parent Relationship": "Outer",
          "Parallel Aware": false,
          "Startup Cost": 252308.13,
          "Total Cost": 252308.64,
          "Plan Rows": 5,
          "Plan Width": 8,
          "Actual Startup Time": 810.773,
          "Actual Total Time": 866.949,
          "Actual Rows": 6,
          "Actual Loops": 1,
          "Workers Planned": 5,
          "Workers Launched": 5,
          "Single Copy": false,
          "Plans": [
            {
              "Node Type": "Aggregate",
              "Strategy": "Plain",
              "Partial Mode": "Partial",
              "Parent Relationship": "Outer",
              "Parallel Aware": false,
              "Startup Cost": 251308.13,
              "Total Cost": 251308.14,
              "Plan Rows": 1,
              "Plan Width": 8,
              "Actual Startup Time": 799.676,
              "Actual Total Time": 799.679,
              "Actual Rows": 1,
              "Actual Loops": 6,
              "Plans": [
                {
                  "Node Type": "Hash Join",
                  "Parent Relationship": "Outer",
                  "Parallel Aware": true,
                  "Join Type": "Inner",
                  "Startup Cost": 47425.34,
                  "Total Cost": 250401.09,
                  "Plan Rows": 362817,
                  "Plan Width": 0,
                  "Actual Startup Time": 160.015,
                  "Actual Total Time": 768.865,
                  "Actual Rows": 717748,
                  "Actual Loops": 6,
                  "Inner Unique": true,
                  "Hash Cond": "(mi.movie_id = t.id)",
                  "Plans": [
                    {
                      "Node Type": "Seq Scan",
                      "Parent Relationship": "Outer",
                      "Parallel Aware": true,
                      "Relation Name": "movie_info",
                      "Alias": "mi",
                      "Startup Cost": 0.0,
                      "Total Cost": 199108.24,
                      "Plan Rows": 1473332,
                      "Plan Width": 4,
                      "Actual Startup Time": 0.028,
                      "Actual Total Time": 356.685,
                      "Actual Rows": 1214478,
                      "Actual Loops": 6,
                      "Filter": "(info_type_id < 8)",
                      "Rows Removed by Filter": 1258142
                    },
                    {
                      "Node Type": "Hash",
                      "Parent Relationship": "Inner",
                      "Parallel Aware": true,
                      "Startup Cost": 45479.59,
                      "Total Cost": 45479.59,
                      "Plan Rows": 155660,
                      "Plan Width": 4,
                      "Actual Startup Time": 141.51,
                      "Actual Total Time": 141.51,
                      "Actual Rows": 105715,
                      "Actual Loops": 6,
                      "Hash Buckets": 1048576,
                      "Original Hash Buckets": 1048576,
                      "Hash Batches": 1,
                      "Original Hash Batches": 1,
                      "Peak Memory Usage": 33120,
                      "Plans": [
                        {
                          "Node Type": "Seq Scan",
                          "Parent Relationship": "Outer",
                          "Parallel Aware": true,
                          "Relation Name": "title",
                          "Alias": "t",
                          "Startup Cost": 0.0,
                          "Total Cost": 45479.59,
                          "Plan Rows": 155660,
                          "Plan Width": 4,
                          "Actual Startup Time": 49.166,
                          "Actual Total Time": 93.416,
                          "Actual Rows": 105715,
                          "Actual Loops": 6,
                          "Filter": "((production_year < 2013) AND (kind_id = 1))",
                          "Rows Removed by Filter": 315670
                        }
                      ]
                    }
                  ]
                }
              ]
            }
          ]
        }
      ]
    },
    "Planning Time": 0.739,
    "Triggers": [],
    "Execution Time": 867.047
  }
]