{
  "Plan": {
    "Node Type": "Aggregate",
    "Strategy": "Plain",
    "Partial Mode": "Simple",
    "Parallel Aware": false,
    "Startup Cost": 284124.23,
    "Total Cost": 284124.24,
    "Plan Rows": 1,
    "Plan Width": 8,
    "Actual Startup Time": 2188.473,
    "Actual Total Time": 2188.478,
    "Actual Rows": 1,
    "Actual Loops": 1,
    "Plans": [
      {
        "Node Type": "Hash Join",
        "Parent Relationship": "Outer",
        "Parallel Aware": false,
        "Join Type": "Inner",
        "Startup Cost": 283062.24,
        "Total Cost": 284123.78,
        "Plan Rows": 181,
        "Plan Width": 0,
        "Actual Startup Time": 2188.465,
        "Actual Total Time": 2188.47,
        "Actual Rows": 1,
        "Actual Loops": 1,
        "Inner Unique": false,
        "Hash Cond": "(ci.movie_id = t.id)",
        "Plans": [
          {
            "Node Type": "Index Scan",
            "Parent Relationship": "Outer",
            "Parallel Aware": false,
            "Scan Direction": "Forward",
            "Index Name": "person_id_cast_info",
            "Relation Name": "cast_info",
            "Alias": "ci",
            "Startup Cost": 0.56,
            "Total Cost": 1058.43,
            "Plan Rows": 497,
            "Plan Width": 4,
            "Actual Startup Time": 0.911,
            "Actual Total Time": 0.917,
            "Actual Rows": 2,
            "Actual Loops": 1,
            "Index Cond": "(person_id = 1646768)",
            "Rows Removed by Index Recheck": 0
          },
          {
            "Node Type": "Hash",
            "Parent Relationship": "Inner",
            "Parallel Aware": false,
            "Startup Cost": 271525.44,
            "Total Cost": 271525.44,
            "Plan Rows": 922899,
            "Plan Width": 8,
            "Actual Startup Time": 2185.288,
            "Actual Total Time": 2185.291,
            "Actual Rows": 1104693,
            "Actual Loops": 1,
            "Hash Buckets": 2097152,
            "Original Hash Buckets": 1048576,
            "Hash Batches": 1,
            "Original Hash Batches": 1,
            "Peak Memory Usage": 59537,
            "Plans": [
              {
                "Node Type": "Merge Join",
                "Parent Relationship": "Outer",
                "Parallel Aware": false,
                "Join Type": "Inner",
                "Startup Cost": 141142.02,
                "Total Cost": 271525.44,
                "Plan Rows": 922899,
                "Plan Width": 8,
                "Actual Startup Time": 468.139,
                "Actual Total Time": 1943.355,
                "Actual Rows": 1104693,
                "Actual Loops": 1,
                "Inner Unique": false,
                "Merge Cond": "(t.id = mc.movie_id)",
                "Plans": [
                  {
                    "Node Type": "Index Only Scan",
                    "Parent Relationship": "Outer",
                    "Parallel Aware": false,
                    "Scan Direction": "Forward",
                    "Index Name": "title_pkey",
                    "Relation Name": "title",
                    "Alias": "t",
                    "Startup Cost": 0.43,
                    "Total Cost": 110339.97,
                    "Plan Rows": 2528293,
                    "Plan Width": 4,
                    "Actual Startup Time": 0.052,
                    "Actual Total Time": 1088.39,
                    "Actual Rows": 2525746,
                    "Actual Loops": 1,
                    "Heap Fetches": 2525746
                  },
                  {
                    "Node Type": "Sort",
                    "Parent Relationship": "Inner",
                    "Parallel Aware": false,
                    "Startup Cost": 141139.24,
                    "Total Cost": 143446.49,
                    "Plan Rows": 922899,
                    "Plan Width": 4,
                    "Actual Startup Time": 468.066,
                    "Actual Total Time": 561.432,
                    "Actual Rows": 1104693,
                    "Actual Loops": 1,
                    "Sort Key": [
                      "mc.movie_id"
                    ],
                    "Sort Method": "quicksort",
                    "Sort Space Used": 100935,
                    "Sort Space Type": "Memory",
                    "Plans": [
                      {
                        "Node Type": "Index Scan",
                        "Parent Relationship": "Outer",
                        "Parallel Aware": false,
                        "Scan Direction": "Forward",
                        "Index Name": "company_type_id_movie_companies",
                        "Relation Name": "movie_companies",
                        "Alias": "mc",
                        "Startup Cost": 0.43,
                        "Total Cost": 49699.27,
                        "Plan Rows": 922899,
                        "Plan Width": 4,
                        "Actual Startup Time": 0.105,
                        "Actual Total Time": 234.522,
                        "Actual Rows": 1104693,
                        "Actual Loops": 1,
                        "Index Cond": "(company_type_id > 1)",
                        "Rows Removed by Index Recheck": 0,
                        "Filter": "(company_id > 1685)",
                        "Rows Removed by Filter": 230190
                      }
                    ]
                  }
                ]
              }
            ]
          }
        ]
      }
    ]
  },
  "Planning Time": 0.949,
  "Triggers": [],
  "Execution Time": 2192.911
}