[
  {
    "Plan": {
      "Node Type": "Aggregate",
      "Strategy": "Plain",
      "Partial Mode": "Finalize",
      "Parallel Aware": false,
      "Startup Cost": 16422.34,
      "Total Cost": 16422.35,
      "Plan Rows": 1,
      "Plan Width": 8,
      "Actual Startup Time": 6.465,
      "Actual Total Time": 7.673,
      "Actual Rows": 1,
      "Actual Loops": 1,
      "Plans": [
        {
          "Node Type": "Gather",
          "Parent Relationship": "Outer",
          "Parallel Aware": false,
          "Startup Cost": 16422.13,
          "Total Cost": 16422.34,
          "Plan Rows": 2,
          "Plan Width": 8,
          "Actual Startup Time": 6.404,
          "Actual Total Time": 7.667,
          "Actual Rows": 3,
          "Actual Loops": 1,
          "Workers Planned": 2,
          "Workers Launched": 2,
          "Single Copy": false,
          "Plans": [
            {
              "Node Type": "Aggregate",
              "Strategy": "Plain",
              "Partial Mode": "Partial",
              "Parent Relationship": "Outer",
              "Parallel Aware": false,
              "Startup Cost": 15422.13,
              "Total Cost": 15422.14,
              "Plan Rows": 1,
              "Plan Width": 8,
              "Actual Startup Time": 3.563,
              "Actual Total Time": 3.565,
              "Actual Rows": 1,
              "Actual Loops": 3,
              "Plans": [
                {
                  "Node Type": "Nested Loop",
                  "Parent Relationship": "Outer",
                  "Parallel Aware": false,
                  "Join Type": "Inner",
                  "Startup Cost": 80.72,
                  "Total Cost": 15421.62,
                  "Plan Rows": 202,
                  "Plan Width": 0,
                  "Actual Startup Time": 3.313,
                  "Actual Total Time": 3.56,
                  "Actual Rows": 3,
                  "Actual Loops": 3,
                  "Inner Unique": true,
                  "Plans": [
                    {
                      "Node Type": "Bitmap Heap Scan",
                      "Parent Relationship": "Outer",
                      "Parallel Aware": true,
                      "Relation Name": "movie_companies",
                      "Alias": "mc",
                      "Startup Cost": 80.29,
                      "Total Cost": 9217.56,
                      "Plan Rows": 778,
                      "Plan Width": 4,
                      "Actual Startup Time": 2.993,
                      "Actual Total Time": 3.124,
                      "Actual Rows": 25,
                      "Actual Loops": 3,
                      "Recheck Cond": "(company_id = 452)",
                      "Rows Removed by Index Recheck": 0,
                      "Filter": "(company_type_id > 1)",
                      "Rows Removed by Filter": 1046,
                      "Exact Heap Blocks": 1142,
                      "Lossy Heap Blocks": 0,
                      "Plans": [
                        {
                          "Node Type": "Bitmap Index Scan",
                          "Parent Relationship": "Outer",
                          "Parallel Aware": false,
                          "Index Name": "company_id_movie_companies",
                          "Startup Cost": 0.0,
                          "Total Cost": 79.83,
                          "Plan Rows": 3653,
                          "Plan Width": 0,
                          "Actual Startup Time": 2.067,
                          "Actual Total Time": 2.067,
                          "Actual Rows": 3213,
                          "Actual Loops": 1,
                          "Index Cond": "(company_id = 452)"
                        }
                      ]
                    },
                    {
                      "Node Type": "Index Scan",
                      "Parent Relationship": "Inner",
                      "Parallel Aware": false,
                      "Scan Direction": "Forward",
                      "Index Name": "title_pkey",
                      "Relation Name": "title",
                      "Alias": "t",
                      "Startup Cost": 0.43,
                      "Total Cost": 7.97,
                      "Plan Rows": 1,
                      "Plan Width": 4,
                      "Actual Startup Time": 0.017,
                      "Actual Total Time": 0.017,
                      "Actual Rows": 0,
                      "Actual Loops": 74,
                      "Index Cond": "(id = mc.movie_id)",
                      "Rows Removed by Index Recheck": 0,
                      "Filter": "(production_year > 2008)",
                      "Rows Removed by Filter": 1
                    }
                  ]
                }
              ]
            }
          ]
        }
      ]
    },
    "Planning Time": 0.672,
    "Triggers": [],
    "Execution Time": 7.738
  }
]