[
  {
    "Plan": {
      "Node Type": "Aggregate",
      "Strategy": "Plain",
      "Partial Mode": "Finalize",
      "Parallel Aware": false,
      "Startup Cost": 18099.14,
      "Total Cost": 18099.15,
      "Plan Rows": 1,
      "Plan Width": 8,
      "Actual Startup Time": 12.664,
      "Actual Total Time": 14.552,
      "Actual Rows": 1,
      "Actual Loops": 1,
      "Plans": [
        {
          "Node Type": "Gather",
          "Parent Relationship": "Outer",
          "Parallel Aware": false,
          "Startup Cost": 18098.92,
          "Total Cost": 18099.13,
          "Plan Rows": 2,
          "Plan Width": 8,
          "Actual Startup Time": 10.546,
          "Actual Total Time": 14.534,
          "Actual Rows": 3,
          "Actual Loops": 1,
          "Workers Planned": 2,
          "Workers Launched": 2,
          "Single Copy": false,
          "Plans": [
            {
              "Node Type": "Aggregate",
              "Strategy": "Plain",
              "Partial Mode": "Partial",
              "Parent Relationship": "Outer",
              "Parallel Aware": false,
              "Startup Cost": 17098.92,
              "Total Cost": 17098.93,
              "Plan Rows": 1,
              "Plan Width": 8,
              "Actual Startup Time": 3.348,
              "Actual Total Time": 3.351,
              "Actual Rows": 1,
              "Actual Loops": 3,
              "Plans": [
                {
                  "Node Type": "Nested Loop",
                  "Parent Relationship": "Outer",
                  "Parallel Aware": false,
                  "Join Type": "Inner",
                  "Startup Cost": 92.7,
                  "Total Cost": 17098.34,
                  "Plan Rows": 232,
                  "Plan Width": 0,
                  "Actual Startup Time": 2.976,
                  "Actual Total Time": 3.342,
                  "Actual Rows": 3,
                  "Actual Loops": 3,
                  "Inner Unique": true,
                  "Plans": [
                    {
                      "Node Type": "Bitmap Heap Scan",
                      "Parent Relationship": "Outer",
                      "Parallel Aware": true,
                      "Relation Name": "movie_companies",
                      "Alias": "mc",
                      "Startup Cost": 92.27,
                      "Total Cost": 10108.48,
                      "Plan Rows": 883,
                      "Plan Width": 4,
                      "Actual Startup Time": 2.943,
                      "Actual Total Time": 3.032,
                      "Actual Rows": 25,
                      "Actual Loops": 3,
                      "Recheck Cond": "(company_id = 452)",
                      "Rows Removed by Index Recheck": 0,
                      "Filter": "(company_type_id > 1)",
                      "Rows Removed by Filter": 1046,
                      "Exact Heap Blocks": 1389,
                      "Lossy Heap Blocks": 0,
                      "Plans": [
                        {
                          "Node Type": "Bitmap Index Scan",
                          "Parent Relationship": "Outer",
                          "Parallel Aware": false,
                          "Index Name": "company_id_movie_companies",
                          "Startup Cost": 0.0,
                          "Total Cost": 91.74,
                          "Plan Rows": 4175,
                          "Plan Width": 0,
                          "Actual Startup Time": 2.938,
                          "Actual Total Time": 2.939,
                          "Actual Rows": 3213,
                          "Actual Loops": 1,
                          "Index Cond": "(company_id = 452)"
                        }
                      ]
                    },
                    {
                      "Node Type": "Index Scan",
                      "Parent Relationship": "Inner",
                      "Parallel Aware": false,
                      "Scan Direction": "Forward",
                      "Index Name": "title_pkey",
                      "Relation Name": "title",
                      "Alias": "t",
                      "Startup Cost": 0.43,
                      "Total Cost": 7.92,
                      "Plan Rows": 1,
                      "Plan Width": 4,
                      "Actual Startup Time": 0.012,
                      "Actual Total Time": 0.012,
                      "Actual Rows": 0,
                      "Actual Loops": 74,
                      "Index Cond": "(id = mc.movie_id)",
                      "Rows Removed by Index Recheck": 0,
                      "Filter": "(production_year > 2008)",
                      "Rows Removed by Filter": 1
                    }
                  ]
                }
              ]
            }
          ]
        }
      ]
    },
    "Planning Time": 0.696,
    "Triggers": [],
    "Execution Time": 14.649
  }
]