[
  {
    "Plan": {
      "Node Type": "Aggregate",
      "Strategy": "Plain",
      "Partial Mode": "Finalize",
      "Parallel Aware": false,
      "Startup Cost": 33342.71,
      "Total Cost": 33342.72,
      "Plan Rows": 1,
      "Plan Width": 8,
      "Actual Startup Time": 109.744,
      "Actual Total Time": 117.6,
      "Actual Rows": 1,
      "Actual Loops": 1,
      "Plans": [
        {
          "Node Type": "Gather",
          "Parent Relationship": "Outer",
          "Parallel Aware": false,
          "Startup Cost": 33342.39,
          "Total Cost": 33342.7,
          "Plan Rows": 3,
          "Plan Width": 8,
          "Actual Startup Time": 109.166,
          "Actual Total Time": 117.587,
          "Actual Rows": 4,
          "Actual Loops": 1,
          "Workers Planned": 3,
          "Workers Launched": 3,
          "Single Copy": false,
          "Plans": [
            {
              "Node Type": "Aggregate",
              "Strategy": "Plain",
              "Partial Mode": "Partial",
              "Parent Relationship": "Outer",
              "Parallel Aware": false,
              "Startup Cost": 32342.39,
              "Total Cost": 32342.4,
              "Plan Rows": 1,
              "Plan Width": 8,
              "Actual Startup Time": 100.72,
              "Actual Total Time": 100.721,
              "Actual Rows": 1,
              "Actual Loops": 4,
              "Plans": [
                {
                  "Node Type": "Seq Scan",
                  "Parent Relationship": "Outer",
                  "Parallel Aware": true,
                  "Relation Name": "movie_companies",
                  "Alias": "mc",
                  "Startup Cost": 0.0,
                  "Total Cost": 31414.82,
                  "Plan Rows": 371028,
                  "Plan Width": 0,
                  "Actual Startup Time": 50.259,
                  "Actual Total Time": 87.284,
                  "Actual Rows": 314237,
                  "Actual Loops": 4,
                  "Filter": "((company_id > 169) AND (company_type_id > 1))",
                  "Rows Removed by Filter": 338046
                }
              ]
            }
          ]
        }
      ]
    },
    "Planning Time": 0.223,
    "Triggers": [],
    "Execution Time": 117.666
  }
]