[
  {
    "Plan": {
      "Node Type": "Aggregate",
      "Strategy": "Plain",
      "Partial Mode": "Finalize",
      "Parallel Aware": false,
      "Startup Cost": 218578.41,
      "Total Cost": 218578.42,
      "Plan Rows": 1,
      "Plan Width": 8,
      "Actual Startup Time": 125.979,
      "Actual Total Time": 150.751,
      "Actual Rows": 1,
      "Actual Loops": 1,
      "Plans": [
        {
          "Node Type": "Gather",
          "Parent Relationship": "Outer",
          "Parallel Aware": false,
          "Startup Cost": 218577.99,
          "Total Cost": 218578.4,
          "Plan Rows": 4,
          "Plan Width": 8,
          "Actual Startup Time": 125.841,
          "Actual Total Time": 150.746,
          "Actual Rows": 5,
          "Actual Loops": 1,
          "Workers Planned": 4,
          "Workers Launched": 4,
          "Single Copy": false,
          "Plans": [
            {
              "Node Type": "Aggregate",
              "Strategy": "Plain",
              "Partial Mode": "Partial",
              "Parent Relationship": "Outer",
              "Parallel Aware": false,
              "Startup Cost": 217577.99,
              "Total Cost": 217578.0,
              "Plan Rows": 1,
              "Plan Width": 8,
              "Actual Startup Time": 120.512,
              "Actual Total Time": 120.513,
              "Actual Rows": 1,
              "Actual Loops": 5,
              "Plans": [
                {
                  "Node Type": "Nested Loop",
                  "Parent Relationship": "Outer",
                  "Parallel Aware": false,
                  "Join Type": "Inner",
                  "Startup Cost": 0.43,
                  "Total Cost": 217574.21,
                  "Plan Rows": 1514,
                  "Plan Width": 0,
                  "Actual Startup Time": 49.955,
                  "Actual Total Time": 120.157,
                  "Actual Rows": 4378,
                  "Actual Loops": 5,
                  "Inner Unique": false,
                  "Plans": [
                    {
                      "Node Type": "Seq Scan",
                      "Parent Relationship": "Outer",
                      "Parallel Aware": true,
                      "Relation Name": "title",
                      "Alias": "t",
                      "Startup Cost": 0.0,
                      "Total Cost": 43899.32,
                      "Plan Rows": 2747,
                      "Plan Width": 4,
                      "Actual Startup Time": 45.053,
                      "Actual Total Time": 72.919,
                      "Actual Rows": 2247,
                      "Actual Loops": 5,
                      "Filter": "(production_year < 1903)",
                      "Rows Removed by Filter": 503416
                    },
                    {
                      "Node Type": "Index Scan",
                      "Parent Relationship": "Inner",
                      "Parallel Aware": false,
                      "Scan Direction": "Forward",
                      "Index Name": "movie_id_movie_info",
                      "Relation Name": "movie_info",
                      "Alias": "mi",
                      "Startup Cost": 0.43,
                      "Total Cost": 63.18,
                      "Plan Rows": 4,
                      "Plan Width": 4,
                      "Actual Startup Time": 0.013,
                      "Actual Total Time": 0.02,
                      "Actual Rows": 2,
                      "Actual Loops": 11234,
                      "Index Cond": "(movie_id = t.id)",
                      "Rows Removed by Index Recheck": 0,
                      "Filter": "(info_type_id = 7)",
                      "Rows Removed by Filter": 7
                    }
                  ]
                }
              ]
            }
          ]
        }
      ]
    },
    "Planning Time": 0.205,
    "Triggers": [],
    "Execution Time": 150.788
  }
]