[
  {
    "Plan": {
      "Node Type": "Aggregate",
      "Strategy": "Plain",
      "Partial Mode": "Finalize",
      "Parallel Aware": false,
      "Startup Cost": 218445.47,
      "Total Cost": 218445.48,
      "Plan Rows": 1,
      "Plan Width": 8,
      "Actual Startup Time": 140.85,
      "Actual Total Time": 164.028,
      "Actual Rows": 1,
      "Actual Loops": 1,
      "Plans": [
        {
          "Node Type": "Gather",
          "Parent Relationship": "Outer",
          "Parallel Aware": false,
          "Startup Cost": 218445.05,
          "Total Cost": 218445.46,
          "Plan Rows": 4,
          "Plan Width": 8,
          "Actual Startup Time": 140.729,
          "Actual Total Time": 164.019,
          "Actual Rows": 5,
          "Actual Loops": 1,
          "Workers Planned": 4,
          "Workers Launched": 4,
          "Single Copy": false,
          "Plans": [
            {
              "Node Type": "Aggregate",
              "Strategy": "Plain",
              "Partial Mode": "Partial",
              "Parent Relationship": "Outer",
              "Parallel Aware": false,
              "Startup Cost": 217445.05,
              "Total Cost": 217445.06,
              "Plan Rows": 1,
              "Plan Width": 8,
              "Actual Startup Time": 130.821,
              "Actual Total Time": 130.823,
              "Actual Rows": 1,
              "Actual Loops": 5,
              "Plans": [
                {
                  "Node Type": "Nested Loop",
                  "Parent Relationship": "Outer",
                  "Parallel Aware": false,
                  "Join Type": "Inner",
                  "Startup Cost": 0.43,
                  "Total Cost": 217441.32,
                  "Plan Rows": 1492,
                  "Plan Width": 0,
                  "Actual Startup Time": 59.519,
                  "Actual Total Time": 130.497,
                  "Actual Rows": 4378,
                  "Actual Loops": 5,
                  "Inner Unique": false,
                  "Plans": [
                    {
                      "Node Type": "Seq Scan",
                      "Parent Relationship": "Outer",
                      "Parallel Aware": true,
                      "Relation Name": "title",
                      "Alias": "t",
                      "Startup Cost": 0.0,
                      "Total Cost": 43898.92,
                      "Plan Rows": 2805,
                      "Plan Width": 4,
                      "Actual Startup Time": 55.065,
                      "Actual Total Time": 81.363,
                      "Actual Rows": 2247,
                      "Actual Loops": 5,
                      "Filter": "(production_year < 1903)",
                      "Rows Removed by Filter": 503416
                    },
                    {
                      "Node Type": "Index Scan",
                      "Parent Relationship": "Inner",
                      "Parallel Aware": false,
                      "Scan Direction": "Forward",
                      "Index Name": "movie_id_movie_info",
                      "Relation Name": "movie_info",
                      "Alias": "mi",
                      "Startup Cost": 0.43,
                      "Total Cost": 61.83,
                      "Plan Rows": 4,
                      "Plan Width": 4,
                      "Actual Startup Time": 0.014,
                      "Actual Total Time": 0.021,
                      "Actual Rows": 2,
                      "Actual Loops": 11234,
                      "Index Cond": "(movie_id = t.id)",
                      "Rows Removed by Index Recheck": 0,
                      "Filter": "(info_type_id = 7)",
                      "Rows Removed by Filter": 7
                    }
                  ]
                }
              ]
            }
          ]
        }
      ]
    },
    "Planning Time": 0.636,
    "Triggers": [],
    "Execution Time": 164.106
  }
]