[
  {
    "Plan": {
      "Node Type": "Aggregate",
      "Strategy": "Plain",
      "Partial Mode": "Finalize",
      "Parallel Aware": false,
      "Startup Cost": 31249.4,
      "Total Cost": 31249.41,
      "Plan Rows": 1,
      "Plan Width": 8,
      "Actual Startup Time": 93.666,
      "Actual Total Time": 101.53,
      "Actual Rows": 1,
      "Actual Loops": 1,
      "Plans": [
        {
          "Node Type": "Gather",
          "Parent Relationship": "Outer",
          "Parallel Aware": false,
          "Startup Cost": 31249.08,
          "Total Cost": 31249.39,
          "Plan Rows": 3,
          "Plan Width": 8,
          "Actual Startup Time": 93.537,
          "Actual Total Time": 101.522,
          "Actual Rows": 4,
          "Actual Loops": 1,
          "Workers Planned": 3,
          "Workers Launched": 3,
          "Single Copy": false,
          "Plans": [
            {
              "Node Type": "Aggregate",
              "Strategy": "Plain",
              "Partial Mode": "Partial",
              "Parent Relationship": "Outer",
              "Parallel Aware": false,
              "Startup Cost": 30249.08,
              "Total Cost": 30249.09,
              "Plan Rows": 1,
              "Plan Width": 8,
              "Actual Startup Time": 88.894,
              "Actual Total Time": 88.896,
              "Actual Rows": 1,
              "Actual Loops": 4,
              "Plans": [
                {
                  "Node Type": "Seq Scan",
                  "Parent Relationship": "Outer",
                  "Parallel Aware": true,
                  "Relation Name": "movie_companies",
                  "Alias": "mc",
                  "Startup Cost": 0.0,
                  "Total Cost": 29310.68,
                  "Plan Rows": 375360,
                  "Plan Width": 0,
                  "Actual Startup Time": 18.448,
                  "Actual Total Time": 76.433,
                  "Actual Rows": 291642,
                  "Actual Loops": 4,
                  "Filter": "(company_id > 12870)",
                  "Rows Removed by Filter": 360640
                }
              ]
            }
          ]
        }
      ]
    },
    "Planning Time": 0.196,
    "Triggers": [],
    "Execution Time": 101.588
  }
]