[
  {
    "Plan": {
      "Node Type": "Aggregate",
      "Strategy": "Plain",
      "Partial Mode": "Finalize",
      "Parallel Aware": false,
      "Startup Cost": 22893.01,
      "Total Cost": 22893.02,
      "Plan Rows": 1,
      "Plan Width": 8,
      "Actual Startup Time": 29.15,
      "Actual Total Time": 33.018,
      "Actual Rows": 1,
      "Actual Loops": 1,
      "Plans": [
        {
          "Node Type": "Gather",
          "Parent Relationship": "Outer",
          "Parallel Aware": false,
          "Startup Cost": 22892.9,
          "Total Cost": 22893.01,
          "Plan Rows": 1,
          "Plan Width": 8,
          "Actual Startup Time": 29.025,
          "Actual Total Time": 33.011,
          "Actual Rows": 2,
          "Actual Loops": 1,
          "Workers Planned": 1,
          "Workers Launched": 1,
          "Single Copy": false,
          "Plans": [
            {
              "Node Type": "Aggregate",
              "Strategy": "Plain",
              "Partial Mode": "Partial",
              "Parent Relationship": "Outer",
              "Parallel Aware": false,
              "Startup Cost": 21892.9,
              "Total Cost": 21892.91,
              "Plan Rows": 1,
              "Plan Width": 8,
              "Actual Startup Time": 22.943,
              "Actual Total Time": 22.945,
              "Actual Rows": 1,
              "Actual Loops": 2,
              "Plans": [
                {
                  "Node Type": "Nested Loop",
                  "Parent Relationship": "Outer",
                  "Parallel Aware": false,
                  "Join Type": "Inner",
                  "Startup Cost": 68.45,
                  "Total Cost": 21888.42,
                  "Plan Rows": 1791,
                  "Plan Width": 0,
                  "Actual Startup Time": 1.976,
                  "Actual Total Time": 22.599,
                  "Actual Rows": 1522,
                  "Actual Loops": 2,
                  "Inner Unique": true,
                  "Plans": [
                    {
                      "Node Type": "Bitmap Heap Scan",
                      "Parent Relationship": "Outer",
                      "Parallel Aware": true,
                      "Relation Name": "movie_companies",
                      "Alias": "mc",
                      "Startup Cost": 68.02,
                      "Total Cost": 8083.96,
                      "Plan Rows": 1791,
                      "Plan Width": 4,
                      "Actual Startup Time": 1.806,
                      "Actual Total Time": 6.377,
                      "Actual Rows": 1522,
                      "Actual Loops": 2,
                      "Recheck Cond": "(company_id = 11156)",
                      "Rows Removed by Index Recheck": 0,
                      "Exact Heap Blocks": 1556,
                      "Lossy Heap Blocks": 0,
                      "Plans": [
                        {
                          "Node Type": "Bitmap Index Scan",
                          "Parent Relationship": "Outer",
                          "Parallel Aware": false,
                          "Index Name": "company_id_movie_companies",
                          "Startup Cost": 0.0,
                          "Total Cost": 67.26,
                          "Plan Rows": 3044,
                          "Plan Width": 0,
                          "Actual Startup Time": 2.672,
                          "Actual Total Time": 2.672,
                          "Actual Rows": 3044,
                          "Actual Loops": 1,
                          "Index Cond": "(company_id = 11156)"
                        }
                      ]
                    },
                    {
                      "Node Type": "Index Only Scan",
                      "Parent Relationship": "Inner",
                      "Parallel Aware": false,
                      "Scan Direction": "Forward",
                      "Index Name": "title_pkey",
                      "Relation Name": "title",
                      "Alias": "t",
                      "Startup Cost": 0.43,
                      "Total Cost": 7.71,
                      "Plan Rows": 1,
                      "Plan Width": 4,
                      "Actual Startup Time": 0.01,
                      "Actual Total Time": 0.01,
                      "Actual Rows": 1,
                      "Actual Loops": 3044,
                      "Index Cond": "(id = mc.movie_id)",
                      "Rows Removed by Index Recheck": 0,
                      "Heap Fetches": 3044
                    }
                  ]
                }
              ]
            }
          ]
        }
      ]
    },
    "Planning Time": 0.619,
    "Triggers": [],
    "Execution Time": 33.103
  }
]