[
  {
    "Plan": {
      "Node Type": "Aggregate",
      "Strategy": "Plain",
      "Partial Mode": "Finalize",
      "Parallel Aware": false,
      "Startup Cost": 62218.62,
      "Total Cost": 62218.63,
      "Plan Rows": 1,
      "Plan Width": 8,
      "Actual Startup Time": 182.439,
      "Actual Total Time": 199.408,
      "Actual Rows": 1,
      "Actual Loops": 1,
      "Plans": [
        {
          "Node Type": "Gather",
          "Parent Relationship": "Outer",
          "Parallel Aware": false,
          "Startup Cost": 62218.4,
          "Total Cost": 62218.61,
          "Plan Rows": 2,
          "Plan Width": 8,
          "Actual Startup Time": 182.113,
          "Actual Total Time": 199.401,
          "Actual Rows": 3,
          "Actual Loops": 1,
          "Workers Planned": 2,
          "Workers Launched": 2,
          "Single Copy": false,
          "Plans": [
            {
              "Node Type": "Aggregate",
              "Strategy": "Plain",
              "Partial Mode": "Partial",
              "Parent Relationship": "Outer",
              "Parallel Aware": false,
              "Startup Cost": 61218.4,
              "Total Cost": 61218.41,
              "Plan Rows": 1,
              "Plan Width": 8,
              "Actual Startup Time": 178.65,
              "Actual Total Time": 178.654,
              "Actual Rows": 1,
              "Actual Loops": 3,
              "Plans": [
                {
                  "Node Type": "Hash Join",
                  "Parent Relationship": "Outer",
                  "Parallel Aware": true,
                  "Join Type": "Inner",
                  "Startup Cost": 45582.19,
                  "Total Cost": 61212.13,
                  "Plan Rows": 2509,
                  "Plan Width": 0,
                  "Actual Startup Time": 139.22,
                  "Actual Total Time": 178.424,
                  "Actual Rows": 2876,
                  "Actual Loops": 3,
                  "Inner Unique": true,
                  "Hash Cond": "(mi_idx.movie_id = t.id)",
                  "Plans": [
                    {
                      "Node Type": "Seq Scan",
                      "Parent Relationship": "Outer",
                      "Parallel Aware": true,
                      "Relation Name": "movie_info_idx",
                      "Alias": "mi_idx",
                      "Startup Cost": 0.0,
                      "Total Cost": 15122.68,
                      "Plan Rows": 193243,
                      "Plan Width": 4,
                      "Actual Startup Time": 0.018,
                      "Actual Total Time": 46.318,
                      "Actual Rows": 153308,
                      "Actual Loops": 3,
                      "Filter": "(info_type_id = 101)",
                      "Rows Removed by Filter": 306703
                    },
                    {
                      "Node Type": "Hash",
                      "Parent Relationship": "Inner",
                      "Parallel Aware": true,
                      "Startup Cost": 45479.59,
                      "Total Cost": 45479.59,
                      "Plan Rows": 8208,
                      "Plan Width": 4,
                      "Actual Startup Time": 113.03,
                      "Actual Total Time": 113.031,
                      "Actual Rows": 9368,
                      "Actual Loops": 3,
                      "Hash Buckets": 65536,
                      "Original Hash Buckets": 65536,
                      "Hash Batches": 1,
                      "Original Hash Batches": 1,
                      "Peak Memory Usage": 1664,
                      "Plans": [
                        {
                          "Node Type": "Seq Scan",
                          "Parent Relationship": "Outer",
                          "Parallel Aware": true,
                          "Relation Name": "title",
                          "Alias": "t",
                          "Startup Cost": 0.0,
                          "Total Cost": 45479.59,
                          "Plan Rows": 8208,
                          "Plan Width": 4,
                          "Actual Startup Time": 59.908,
                          "Actual Total Time": 109.275,
                          "Actual Rows": 9368,
                          "Actual Loops": 3,
                          "Filter": "((kind_id = 1) AND (production_year = 2009))",
                          "Rows Removed by Filter": 833403
                        }
                      ]
                    }
                  ]
                }
              ]
            }
          ]
        }
      ]
    },
    "Planning Time": 0.228,
    "Triggers": [],
    "Execution Time": 199.443
  }
]