[
  {
    "Plan": {
      "Node Type": "Aggregate",
      "Strategy": "Plain",
      "Partial Mode": "Finalize",
      "Parallel Aware": false,
      "Startup Cost": 206977.04,
      "Total Cost": 206977.05,
      "Plan Rows": 1,
      "Plan Width": 8,
      "Actual Startup Time": 540.418,
      "Actual Total Time": 582.294,
      "Actual Rows": 1,
      "Actual Loops": 1,
      "Plans": [
        {
          "Node Type": "Gather",
          "Parent Relationship": "Outer",
          "Parallel Aware": false,
          "Startup Cost": 206976.52,
          "Total Cost": 206977.03,
          "Plan Rows": 5,
          "Plan Width": 8,
          "Actual Startup Time": 540.23,
          "Actual Total Time": 582.275,
          "Actual Rows": 6,
          "Actual Loops": 1,
          "Workers Planned": 5,
          "Workers Launched": 5,
          "Single Copy": false,
          "Plans": [
            {
              "Node Type": "Aggregate",
              "Strategy": "Plain",
              "Partial Mode": "Partial",
              "Parent Relationship": "Outer",
              "Parallel Aware": false,
              "Startup Cost": 205976.52,
              "Total Cost": 205976.53,
              "Plan Rows": 1,
              "Plan Width": 8,
              "Actual Startup Time": 535.234,
              "Actual Total Time": 535.236,
              "Actual Rows": 1,
              "Actual Loops": 6,
              "Plans": [
                {
                  "Node Type": "Seq Scan",
                  "Parent Relationship": "Outer",
                  "Parallel Aware": true,
                  "Relation Name": "movie_info",
                  "Alias": "mi",
                  "Startup Cost": 0.0,
                  "Total Cost": 199108.24,
                  "Plan Rows": 2747311,
                  "Plan Width": 0,
                  "Actual Startup Time": 0.032,
                  "Actual Total Time": 416.622,
                  "Actual Rows": 2288900,
                  "Actual Loops": 6,
                  "Filter": "(info_type_id < 66)",
                  "Rows Removed by Filter": 183720
                }
              ]
            }
          ]
        }
      ]
    },
    "Planning Time": 0.185,
    "Triggers": [],
    "Execution Time": 582.347
  }
]