[
  {
    "Plan": {
      "Node Type": "Aggregate",
      "Strategy": "Plain",
      "Partial Mode": "Finalize",
      "Parallel Aware": false,
      "Startup Cost": 110605.46,
      "Total Cost": 110605.47,
      "Plan Rows": 1,
      "Plan Width": 8,
      "Actual Startup Time": 575.194,
      "Actual Total Time": 612.789,
      "Actual Rows": 1,
      "Actual Loops": 1,
      "Plans": [
        {
          "Node Type": "Gather",
          "Parent Relationship": "Outer",
          "Parallel Aware": false,
          "Startup Cost": 110605.14,
          "Total Cost": 110605.45,
          "Plan Rows": 3,
          "Plan Width": 8,
          "Actual Startup Time": 571.198,
          "Actual Total Time": 612.78,
          "Actual Rows": 4,
          "Actual Loops": 1,
          "Workers Planned": 3,
          "Workers Launched": 3,
          "Single Copy": false,
          "Plans": [
            {
              "Node Type": "Aggregate",
              "Strategy": "Plain",
              "Partial Mode": "Partial",
              "Parent Relationship": "Outer",
              "Parallel Aware": false,
              "Startup Cost": 109605.14,
              "Total Cost": 109605.15,
              "Plan Rows": 1,
              "Plan Width": 8,
              "Actual Startup Time": 564.207,
              "Actual Total Time": 564.211,
              "Actual Rows": 1,
              "Actual Loops": 4,
              "Plans": [
                {
                  "Node Type": "Nested Loop",
                  "Parent Relationship": "Outer",
                  "Parallel Aware": false,
                  "Join Type": "Inner",
                  "Startup Cost": 49655.41,
                  "Total Cost": 109547.65,
                  "Plan Rows": 22997,
                  "Plan Width": 0,
                  "Actual Startup Time": 211.469,
                  "Actual Total Time": 560.0,
                  "Actual Rows": 72967,
                  "Actual Loops": 4,
                  "Inner Unique": false,
                  "Plans": [
                    {
                      "Node Type": "Hash Join",
                      "Parent Relationship": "Outer",
                      "Parallel Aware": true,
                      "Join Type": "Inner",
                      "Startup Cost": 49654.98,
                      "Total Cost": 74705.16,
                      "Plan Rows": 15765,
                      "Plan Width": 8,
                      "Actual Startup Time": 211.283,
                      "Actual Total Time": 248.992,
                      "Actual Rows": 15743,
                      "Actual Loops": 4,
                      "Inner Unique": true,
                      "Hash Cond": "(mk.movie_id = t.id)",
                      "Plans": [
                        {
                          "Node Type": "Bitmap Heap Scan",
                          "Parent Relationship": "Outer",
                          "Parallel Aware": true,
                          "Relation Name": "movie_keyword",
                          "Alias": "mk",
                          "Startup Cost": 2595.42,
                          "Total Cost": 27542.13,
                          "Plan Rows": 39417,
                          "Plan Width": 4,
                          "Actual Startup Time": 13.972,
                          "Actual Total Time": 37.435,
                          "Actual Rows": 30046,
                          "Actual Loops": 4,
                          "Recheck Cond": "(keyword_id > 78026)",
                          "Rows Removed by Index Recheck": 0,
                          "Exact Heap Blocks": 6195,
                          "Lossy Heap Blocks": 0,
                          "Plans": [
                            {
                              "Node Type": "Bitmap Index Scan",
                              "Parent Relationship": "Outer",
                              "Parallel Aware": false,
                              "Index Name": "keyword_id_movie_keyword",
                              "Startup Cost": 0.0,
                              "Total Cost": 2564.87,
                              "Plan Rows": 122192,
                              "Plan Width": 0,
                              "Actual Startup Time": 11.158,
                              "Actual Total Time": 11.159,
                              "Actual Rows": 120186,
                              "Actual Loops": 1,
                              "Index Cond": "(keyword_id > 78026)"
                            }
                          ]
                        },
                        {
                          "Node Type": "Hash",
                          "Parent Relationship": "Inner",
                          "Parallel Aware": true,
                          "Startup Cost": 43899.32,
                          "Total Cost": 43899.32,
                          "Plan Rows": 252819,
                          "Plan Width": 4,
                          "Actual Startup Time": 193.769,
                          "Actual Total Time": 193.77,
                          "Actual Rows": 255438,
                          "Actual Loops": 4,
                          "Hash Buckets": 1048576,
                          "Original Hash Buckets": 1048576,
                          "Hash Batches": 1,
                          "Original Hash Batches": 1,
                          "Peak Memory Usage": 48224,
                          "Plans": [
                            {
                              "Node Type": "Seq Scan",
                              "Parent Relationship": "Outer",
                              "Parallel Aware": true,
                              "Relation Name": "title",
                              "Alias": "t",
                              "Startup Cost": 0.0,
                              "Total Cost": 43899.32,
                              "Plan Rows": 252819,
                              "Plan Width": 4,
                              "Actual Startup Time": 0.033,
                              "Actual Total Time": 103.225,
                              "Actual Rows": 255438,
                              "Actual Loops": 4,
                              "Filter": "(production_year < 2000)",
                              "Rows Removed by Filter": 376640
                            }
                          ]
                        }
                      ]
                    },
                    {
                      "Node Type": "Index Scan",
                      "Parent Relationship": "Inner",
                      "Parallel Aware": false,
                      "Scan Direction": "Forward",
                      "Index Name": "movie_id_movie_info",
                      "Relation Name": "movie_info",
                      "Alias": "mi",
                      "Startup Cost": 0.43,
                      "Total Cost": 2.11,
                      "Plan Rows": 10,
                      "Plan Width": 4,
                      "Actual Startup Time": 0.006,
                      "Actual Total Time": 0.019,
                      "Actual Rows": 5,
                      "Actual Loops": 62972,
                      "Index Cond": "(movie_id = t.id)",
                      "Rows Removed by Index Recheck": 0,
                      "Filter": "(info_type_id < 4)",
                      "Rows Removed by Filter": 55
                    }
                  ]
                }
              ]
            }
          ]
        }
      ]
    },
    "Planning Time": 0.749,
    "Triggers": [],
    "Execution Time": 612.86
  }
]