[
  {
    "Plan": {
      "Node Type": "Aggregate",
      "Strategy": "Plain",
      "Partial Mode": "Finalize",
      "Parallel Aware": false,
      "Startup Cost": 111382.96,
      "Total Cost": 111382.97,
      "Plan Rows": 1,
      "Plan Width": 8,
      "Actual Startup Time": 582.75,
      "Actual Total Time": 629.232,
      "Actual Rows": 1,
      "Actual Loops": 1,
      "Plans": [
        {
          "Node Type": "Gather",
          "Parent Relationship": "Outer",
          "Parallel Aware": false,
          "Startup Cost": 111382.64,
          "Total Cost": 111382.95,
          "Plan Rows": 3,
          "Plan Width": 8,
          "Actual Startup Time": 579.753,
          "Actual Total Time": 629.222,
          "Actual Rows": 4,
          "Actual Loops": 1,
          "Workers Planned": 3,
          "Workers Launched": 3,
          "Single Copy": false,
          "Plans": [
            {
              "Node Type": "Aggregate",
              "Strategy": "Plain",
              "Partial Mode": "Partial",
              "Parent Relationship": "Outer",
              "Parallel Aware": false,
              "Startup Cost": 110382.64,
              "Total Cost": 110382.65,
              "Plan Rows": 1,
              "Plan Width": 8,
              "Actual Startup Time": 570.509,
              "Actual Total Time": 570.513,
              "Actual Rows": 1,
              "Actual Loops": 4,
              "Plans": [
                {
                  "Node Type": "Nested Loop",
                  "Parent Relationship": "Outer",
                  "Parallel Aware": false,
                  "Join Type": "Inner",
                  "Startup Cost": 49694.74,
                  "Total Cost": 110325.84,
                  "Plan Rows": 22719,
                  "Plan Width": 0,
                  "Actual Startup Time": 213.312,
                  "Actual Total Time": 566.255,
                  "Actual Rows": 72967,
                  "Actual Loops": 4,
                  "Inner Unique": false,
                  "Plans": [
                    {
                      "Node Type": "Hash Join",
                      "Parent Relationship": "Outer",
                      "Parallel Aware": true,
                      "Join Type": "Inner",
                      "Startup Cost": 49694.3,
                      "Total Cost": 74749.15,
                      "Plan Rows": 15992,
                      "Plan Width": 8,
                      "Actual Startup Time": 213.184,
                      "Actual Total Time": 251.307,
                      "Actual Rows": 15743,
                      "Actual Loops": 4,
                      "Inner Unique": true,
                      "Hash Cond": "(mk.movie_id = t.id)",
                      "Plans": [
                        {
                          "Node Type": "Bitmap Heap Scan",
                          "Parent Relationship": "Outer",
                          "Parallel Aware": true,
                          "Relation Name": "movie_keyword",
                          "Alias": "mk",
                          "Startup Cost": 2614.84,
                          "Total Cost": 27565.41,
                          "Plan Rows": 39725,
                          "Plan Width": 4,
                          "Actual Startup Time": 13.547,
                          "Actual Total Time": 37.432,
                          "Actual Rows": 30046,
                          "Actual Loops": 4,
                          "Recheck Cond": "(keyword_id > 78026)",
                          "Rows Removed by Index Recheck": 0,
                          "Exact Heap Blocks": 6094,
                          "Lossy Heap Blocks": 0,
                          "Plans": [
                            {
                              "Node Type": "Bitmap Index Scan",
                              "Parent Relationship": "Outer",
                              "Parallel Aware": false,
                              "Index Name": "keyword_id_movie_keyword",
                              "Startup Cost": 0.0,
                              "Total Cost": 2584.05,
                              "Plan Rows": 123149,
                              "Plan Width": 0,
                              "Actual Startup Time": 10.687,
                              "Actual Total Time": 10.687,
                              "Actual Rows": 120186,
                              "Actual Loops": 1,
                              "Index Cond": "(keyword_id > 78026)"
                            }
                          ]
                        },
                        {
                          "Node Type": "Hash",
                          "Parent Relationship": "Inner",
                          "Parallel Aware": true,
                          "Startup Cost": 43898.92,
                          "Total Cost": 43898.92,
                          "Plan Rows": 254444,
                          "Plan Width": 4,
                          "Actual Startup Time": 194.637,
                          "Actual Total Time": 194.637,
                          "Actual Rows": 255438,
                          "Actual Loops": 4,
                          "Hash Buckets": 1048576,
                          "Original Hash Buckets": 1048576,
                          "Hash Batches": 1,
                          "Original Hash Batches": 1,
                          "Peak Memory Usage": 48224,
                          "Plans": [
                            {
                              "Node Type": "Seq Scan",
                              "Parent Relationship": "Outer",
                              "Parallel Aware": true,
                              "Relation Name": "title",
                              "Alias": "t",
                              "Startup Cost": 0.0,
                              "Total Cost": 43898.92,
                              "Plan Rows": 254444,
                              "Plan Width": 4,
                              "Actual Startup Time": 0.037,
                              "Actual Total Time": 104.778,
                              "Actual Rows": 255438,
                              "Actual Loops": 4,
                              "Filter": "(production_year < 2000)",
                              "Rows Removed by Filter": 376640
                            }
                          ]
                        }
                      ]
                    },
                    {
                      "Node Type": "Index Scan",
                      "Parent Relationship": "Inner",
                      "Parallel Aware": false,
                      "Scan Direction": "Forward",
                      "Index Name": "movie_id_movie_info",
                      "Relation Name": "movie_info",
                      "Alias": "mi",
                      "Startup Cost": 0.43,
                      "Total Cost": 2.12,
                      "Plan Rows": 10,
                      "Plan Width": 4,
                      "Actual Startup Time": 0.006,
                      "Actual Total Time": 0.019,
                      "Actual Rows": 5,
                      "Actual Loops": 62972,
                      "Index Cond": "(movie_id = t.id)",
                      "Rows Removed by Index Recheck": 0,
                      "Filter": "(info_type_id < 4)",
                      "Rows Removed by Filter": 55
                    }
                  ]
                }
              ]
            }
          ]
        }
      ]
    },
    "Planning Time": 1.436,
    "Triggers": [],
    "Execution Time": 629.35
  }
]