[
  {
    "Plan": {
      "Node Type": "Aggregate",
      "Strategy": "Plain",
      "Partial Mode": "Finalize",
      "Parallel Aware": false,
      "Startup Cost": 44976.86,
      "Total Cost": 44976.87,
      "Plan Rows": 1,
      "Plan Width": 8,
      "Actual Startup Time": 141.555,
      "Actual Total Time": 150.478,
      "Actual Rows": 1,
      "Actual Loops": 1,
      "Plans": [
        {
          "Node Type": "Gather",
          "Parent Relationship": "Outer",
          "Parallel Aware": false,
          "Startup Cost": 44976.55,
          "Total Cost": 44976.86,
          "Plan Rows": 3,
          "Plan Width": 8,
          "Actual Startup Time": 141.422,
          "Actual Total Time": 150.47,
          "Actual Rows": 4,
          "Actual Loops": 1,
          "Workers Planned": 3,
          "Workers Launched": 3,
          "Single Copy": false,
          "Plans": [
            {
              "Node Type": "Aggregate",
              "Strategy": "Plain",
              "Partial Mode": "Partial",
              "Parent Relationship": "Outer",
              "Parallel Aware": false,
              "Startup Cost": 43976.55,
              "Total Cost": 43976.56,
              "Plan Rows": 1,
              "Plan Width": 8,
              "Actual Startup Time": 135.858,
              "Actual Total Time": 135.859,
              "Actual Rows": 1,
              "Actual Loops": 4,
              "Plans": [
                {
                  "Node Type": "Seq Scan",
                  "Parent Relationship": "Outer",
                  "Parallel Aware": true,
                  "Relation Name": "movie_keyword",
                  "Alias": "mk",
                  "Startup Cost": 0.0,
                  "Total Cost": 42695.65,
                  "Plan Rows": 512357,
                  "Plan Width": 0,
                  "Actual Startup Time": 1.495,
                  "Actual Total Time": 115.749,
                  "Actual Rows": 398415,
                  "Actual Loops": 4,
                  "Filter": "(keyword_id > 9673)",
                  "Rows Removed by Filter": 732568
                }
              ]
            }
          ]
        }
      ]
    },
    "Planning Time": 0.191,
    "Triggers": [],
    "Execution Time": 150.543
  }
]