{
  "Plan": {
    "Node Type": "Aggregate",
    "Strategy": "Plain",
    "Partial Mode": "Finalize",
    "Parallel Aware": false,
    "Startup Cost": 645432.17,
    "Total Cost": 645432.18,
    "Plan Rows": 1,
    "Plan Width": 64,
    "Actual Startup Time": 26643.954,
    "Actual Total Time": 26644.19,
    "Actual Rows": 1,
    "Actual Loops": 1,
    "Plans": [
      {
        "Node Type": "Gather",
        "Parent Relationship": "Outer",
        "Parallel Aware": false,
        "Startup Cost": 645432.05,
        "Total Cost": 645432.16,
        "Plan Rows": 1,
        "Plan Width": 64,
        "Actual Startup Time": 26643.946,
        "Actual Total Time": 26644.182,
        "Actual Rows": 1,
        "Actual Loops": 1,
        "Workers Planned": 1,
        "Workers Launched": 0,
        "Single Copy": false,
        "Plans": [
          {
            "Node Type": "Aggregate",
            "Strategy": "Plain",
            "Partial Mode": "Partial",
            "Parent Relationship": "Outer",
            "Parallel Aware": false,
            "Startup Cost": 644432.05,
            "Total Cost": 644432.06,
            "Plan Rows": 1,
            "Plan Width": 64,
            "Actual Startup Time": 26643.021,
            "Actual Total Time": 26643.032,
            "Actual Rows": 1,
            "Actual Loops": 1,
            "Plans": [
              {
                "Node Type": "Nested Loop",
                "Parent Relationship": "Outer",
                "Parallel Aware": false,
                "Join Type": "Inner",
                "Startup Cost": 474086.05,
                "Total Cost": 644430.18,
                "Plan Rows": 375,
                "Plan Width": 33,
                "Actual Startup Time": 21717.619,
                "Actual Total Time": 26643.007,
                "Actual Rows": 50,
                "Actual Loops": 1,
                "Inner Unique": true,
                "Join Filter": "(an1.person_id = n1.id)",
                "Rows Removed by Join Filter": 0,
                "Plans": [
                  {
                    "Node Type": "Hash Join",
                    "Parent Relationship": "Outer",
                    "Parallel Aware": true,
                    "Join Type": "Inner",
                    "Startup Cost": 474085.62,
                    "Total Cost": 644254.75,
                    "Plan Rows": 375,
                    "Plan Width": 41,
                    "Actual Startup Time": 21717.573,
                    "Actual Total Time": 26642.811,
                    "Actual Rows": 50,
                    "Actual Loops": 1,
                    "Inner Unique": true,
                    "Hash Cond": "(mc.company_id = cn.id)",
                    "Plans": [
                      {
                        "Node Type": "Hash Join",
                        "Parent Relationship": "Outer",
                        "Parallel Aware": false,
                        "Join Type": "Inner",
                        "Startup Cost": 469362.55,
                        "Total Cost": 627981.34,
                        "Plan Rows": 4400052,
                        "Plan Width": 45,
                        "Actual Startup Time": 18448.171,
                        "Actual Total Time": 24727.812,
                        "Actual Rows": 37618112,
                        "Actual Loops": 1,
                        "Inner Unique": false,
                        "Hash Cond": "(mc.movie_id = ci.movie_id)",
                        "Plans": [
                          {
                            "Node Type": "Seq Scan",
                            "Parent Relationship": "Outer",
                            "Parallel Aware": true,
                            "Relation Name": "movie_companies",
                            "Alias": "mc",
                            "Startup Cost": 0.0,
                            "Total Cost": 34137.82,
                            "Plan Rows": 1534782,
                            "Plan Width": 8,
                            "Actual Startup Time": 0.006,
                            "Actual Total Time": 199.875,
                            "Actual Rows": 2609129,
                            "Actual Loops": 1
                          },
                          {
                            "Node Type": "Hash",
                            "Parent Relationship": "Inner",
                            "Parallel Aware": false,
                            "Startup Cost": 378753.64,
                            "Total Cost": 378753.64,
                            "Plan Rows": 7248713,
                            "Plan Width": 49,
                            "Actual Startup Time": 18411.876,
                            "Actual Total Time": 18411.882,
                            "Actual Rows": 16350376,
                            "Actual Loops": 1,
                            "Hash Buckets": 16777216,
                            "Original Hash Buckets": 8388608,
                            "Hash Batches": 1,
                            "Original Hash Batches": 1,
                            "Peak Memory Usage": 1513604,
                            "Plans": [
                              {
                                "Node Type": "Hash Join",
                                "Parent Relationship": "Outer",
                                "Parallel Aware": false,
                                "Join Type": "Inner",
                                "Startup Cost": 124564.3,
                                "Total Cost": 378753.64,
                                "Plan Rows": 7248713,
                                "Plan Width": 49,
                                "Actual Startup Time": 1384.98,
                                "Actual Total Time": 12455.15,
                                "Actual Rows": 16350376,
                                "Actual Loops": 1,
                                "Inner Unique": true,
                                "Hash Cond": "(ci.movie_id = t.id)",
                                "Plans": [
                                  {
                                    "Node Type": "Hash Join",
                                    "Parent Relationship": "Outer",
                                    "Parallel Aware": false,
                                    "Join Type": "Inner",
                                    "Startup Cost": 31676.78,
                                    "Total Cost": 266838.22,
                                    "Plan Rows": 7248713,
                                    "Plan Width": 28,
                                    "Actual Startup Time": 309.181,
                                    "Actual Total Time": 6160.538,
                                    "Actual Rows": 16350376,
                                    "Actual Loops": 1,
                                    "Inner Unique": false,
                                    "Hash Cond": "(ci.person_id = an1.person_id)",
                                    "Plans": [
                                      {
                                        "Node Type": "Nested Loop",
                                        "Parent Relationship": "Outer",
                                        "Parallel Aware": false,
                                        "Join Type": "Inner",
                                        "Startup Cost": 0.56,
                                        "Total Cost": 147569.99,
                                        "Plan Rows": 3020976,
                                        "Plan Width": 8,
                                        "Actual Startup Time": 0.061,
                                        "Actual Total Time": 3025.183,
                                        "Actual Rows": 12670688,
                                        "Actual Loops": 1,
                                        "Inner Unique": false,
                                        "Plans": [
                                          {
                                            "Node Type": "Seq Scan",
                                            "Parent Relationship": "Outer",
                                            "Parallel Aware": false,
                                            "Relation Name": "role_type",
                                            "Alias": "rt",
                                            "Startup Cost": 0.0,
                                            "Total Cost": 1.15,
                                            "Plan Rows": 1,
                                            "Plan Width": 4,
                                            "Actual Startup Time": 0.018,
                                            "Actual Total Time": 0.024,
                                            "Actual Rows": 1,
                                            "Actual Loops": 1,
                                            "Filter": "((role)::text = 'actor'::text)",
                                            "Rows Removed by Filter": 11
                                          },
                                          {
                                            "Node Type": "Index Scan",
                                            "Parent Relationship": "Inner",
                                            "Parallel Aware": false,
                                            "Scan Direction": "Forward",
                                            "Index Name": "role_id_cast_info",
                                            "Relation Name": "cast_info",
                                            "Alias": "ci",
                                            "Startup Cost": 0.56,
                                            "Total Cost": 114612.74,
                                            "Plan Rows": 3295610,
                                            "Plan Width": 12,
                                            "Actual Startup Time": 0.036,
                                            "Actual Total Time": 1884.615,
                                            "Actual Rows": 12670688,
                                            "Actual Loops": 1,
                                            "Index Cond": "(role_id = rt.id)",
                                            "Rows Removed by Index Recheck": 0
                                          }
                                        ]
                                      },
                                      {
                                        "Node Type": "Hash",
                                        "Parent Relationship": "Inner",
                                        "Parallel Aware": false,
                                        "Startup Cost": 20409.43,
                                        "Total Cost": 20409.43,
                                        "Plan Rows": 901343,
                                        "Plan Width": 20,
                                        "Actual Startup Time": 305.194,
                                        "Actual Total Time": 305.195,
                                        "Actual Rows": 901343,
                                        "Actual Loops": 1,
                                        "Hash Buckets": 1048576,
                                        "Original Hash Buckets": 1048576,
                                        "Hash Batches": 1,
                                        "Original Hash Batches": 1,
                                        "Peak Memory Usage": 55917,
                                        "Plans": [
                                          {
                                            "Node Type": "Seq Scan",
                                            "Parent Relationship": "Outer",
                                            "Parallel Aware": false,
                                            "Relation Name": "aka_name",
                                            "Alias": "an1",
                                            "Startup Cost": 0.0,
                                            "Total Cost": 20409.43,
                                            "Plan Rows": 901343,
                                            "Plan Width": 20,
                                            "Actual Startup Time": 0.013,
                                            "Actual Total Time": 100.542,
                                            "Actual Rows": 901343,
                                            "Actual Loops": 1
                                          }
                                        ]
                                      }
                                    ]
                                  },
                                  {
                                    "Node Type": "Hash",
                                    "Parent Relationship": "Inner",
                                    "Parallel Aware": false,
                                    "Startup Cost": 61282.23,
                                    "Total Cost": 61282.23,
                                    "Plan Rows": 2528423,
                                    "Plan Width": 21,
                                    "Actual Startup Time": 1057.469,
                                    "Actual Total Time": 1057.47,
                                    "Actual Rows": 2528312,
                                    "Actual Loops": 1,
                                    "Hash Buckets": 4194304,
                                    "Original Hash Buckets": 4194304,
                                    "Hash Batches": 1,
                                    "Original Hash Batches": 1,
                                    "Peak Memory Usage": 168637,
                                    "Plans": [
                                      {
                                        "Node Type": "Seq Scan",
                                        "Parent Relationship": "Outer",
                                        "Parallel Aware": false,
                                        "Relation Name": "title",
                                        "Alias": "t",
                                        "Startup Cost": 0.0,
                                        "Total Cost": 61282.23,
                                        "Plan Rows": 2528423,
                                        "Plan Width": 21,
                                        "Actual Startup Time": 0.02,
                                        "Actual Total Time": 294.494,
                                        "Actual Rows": 2528312,
                                        "Actual Loops": 1
                                      }
                                    ]
                                  }
                                ]
                              }
                            ]
                          }
                        ]
                      },
                      {
                        "Node Type": "Hash",
                        "Parent Relationship": "Inner",
                        "Parallel Aware": true,
                        "Startup Cost": 4722.92,
                        "Total Cost": 4722.92,
                        "Plan Rows": 12,
                        "Plan Width": 4,
                        "Actual Startup Time": 36.745,
                        "Actual Total Time": 36.745,
                        "Actual Rows": 1,
                        "Actual Loops": 1,
                        "Hash Buckets": 1024,
                        "Original Hash Buckets": 1024,
                        "Hash Batches": 1,
                        "Original Hash Batches": 1,
                        "Peak Memory Usage": 40,
                        "Plans": [
                          {
                            "Node Type": "Seq Scan",
                            "Parent Relationship": "Outer",
                            "Parallel Aware": true,
                            "Relation Name": "company_name",
                            "Alias": "cn",
                            "Startup Cost": 0.0,
                            "Total Cost": 4722.92,
                            "Plan Rows": 12,
                            "Plan Width": 4,
                            "Actual Startup Time": 11.368,
                            "Actual Total Time": 36.719,
                            "Actual Rows": 1,
                            "Actual Loops": 1,
                            "Filter": "((country_code)::text = '[sm]'::text)",
                            "Rows Removed by Filter": 234996
                          }
                        ]
                      }
                    ]
                  },
                  {
                    "Node Type": "Index Only Scan",
                    "Parent Relationship": "Inner",
                    "Parallel Aware": false,
                    "Scan Direction": "Forward",
                    "Index Name": "name_pkey",
                    "Relation Name": "name",
                    "Alias": "n1",
                    "Startup Cost": 0.43,
                    "Total Cost": 0.46,
                    "Plan Rows": 1,
                    "Plan Width": 4,
                    "Actual Startup Time": 0.003,
                    "Actual Total Time": 0.003,
                    "Actual Rows": 1,
                    "Actual Loops": 50,
                    "Index Cond": "(id = ci.person_id)",
                    "Rows Removed by Index Recheck": 0,
                    "Heap Fetches": 50
                  }
                ]
              }
            ]
          }
        ]
      }
    ]
  },
  "Planning Time": 1.454,
  "Triggers": [],
  "Execution Time": 26766.432
}