{
  "Plan": {
    "Node Type": "Aggregate",
    "Strategy": "Plain",
    "Partial Mode": "Finalize",
    "Parallel Aware": false,
    "Startup Cost": 234371.54,
    "Total Cost": 234371.55,
    "Plan Rows": 1,
    "Plan Width": 8,
    "Actual Startup Time": 1303.612,
    "Actual Total Time": 1325.983,
    "Actual Rows": 1,
    "Actual Loops": 1,
    "Plans": [
      {
        "Node Type": "Gather",
        "Parent Relationship": "Outer",
        "Parallel Aware": false,
        "Startup Cost": 234371.42,
        "Total Cost": 234371.53,
        "Plan Rows": 1,
        "Plan Width": 8,
        "Actual Startup Time": 1299.0,
        "Actual Total Time": 1325.976,
        "Actual Rows": 2,
        "Actual Loops": 1,
        "Workers Planned": 1,
        "Workers Launched": 1,
        "Single Copy": false,
        "Plans": [
          {
            "Node Type": "Aggregate",
            "Strategy": "Plain",
            "Partial Mode": "Partial",
            "Parent Relationship": "Outer",
            "Parallel Aware": false,
            "Startup Cost": 233371.42,
            "Total Cost": 233371.43,
            "Plan Rows": 1,
            "Plan Width": 8,
            "Actual Startup Time": 1286.539,
            "Actual Total Time": 1286.542,
            "Actual Rows": 1,
            "Actual Loops": 2,
            "Plans": [
              {
                "Node Type": "Hash Join",
                "Parent Relationship": "Outer",
                "Parallel Aware": true,
                "Join Type": "Inner",
                "Startup Cost": 71225.79,
                "Total Cost": 228004.86,
                "Plan Rows": 2146626,
                "Plan Width": 0,
                "Actual Startup Time": 517.12,
                "Actual Total Time": 1246.255,
                "Actual Rows": 959030,
                "Actual Loops": 2,
                "Inner Unique": true,
                "Hash Cond": "(ci.movie_id = t.id)",
                "Plans": [
                  {
                    "Node Type": "Index Scan",
                    "Parent Relationship": "Outer",
                    "Parallel Aware": true,
                    "Scan Direction": "Forward",
                    "Index Name": "role_id_cast_info",
                    "Relation Name": "cast_info",
                    "Alias": "ci",
                    "Startup Cost": 0.56,
                    "Total Cost": 150483.06,
                    "Plan Rows": 2398690,
                    "Plan Width": 4,
                    "Actual Startup Time": 0.122,
                    "Actual Total Time": 328.935,
                    "Actual Rows": 985943,
                    "Actual Loops": 2,
                    "Index Cond": "(role_id > 9)",
                    "Rows Removed by Index Recheck": 0,
                    "Filter": "(person_id < 3244638)",
                    "Rows Removed by Filter": 1333625
                  },
                  {
                    "Node Type": "Hash",
                    "Parent Relationship": "Inner",
                    "Parallel Aware": true,
                    "Startup Cost": 54588.39,
                    "Total Cost": 54588.39,
                    "Plan Rows": 1330947,
                    "Plan Width": 4,
                    "Actual Startup Time": 495.325,
                    "Actual Total Time": 495.326,
                    "Actual Rows": 1126611,
                    "Actual Loops": 2,
                    "Hash Buckets": 4194304,
                    "Original Hash Buckets": 4194304,
                    "Hash Batches": 1,
                    "Original Hash Batches": 1,
                    "Peak Memory Usage": 120928,
                    "Plans": [
                      {
                        "Node Type": "Seq Scan",
                        "Parent Relationship": "Outer",
                        "Parallel Aware": true,
                        "Relation Name": "title",
                        "Alias": "t",
                        "Startup Cost": 0.0,
                        "Total Cost": 54588.39,
                        "Plan Rows": 1330947,
                        "Plan Width": 4,
                        "Actual Startup Time": 0.029,
                        "Actual Total Time": 180.838,
                        "Actual Rows": 1126611,
                        "Actual Loops": 2,
                        "Filter": "(production_year > 1955)",
                        "Rows Removed by Filter": 137545
                      }
                    ]
                  }
                ]
              }
            ]
          }
        ]
      }
    ]
  },
  "Planning Time": 0.691,
  "Triggers": [],
  "Execution Time": 1326.057
}