{
  "Plan": {
    "Node Type": "Aggregate",
    "Strategy": "Plain",
    "Partial Mode": "Finalize",
    "Parallel Aware": false,
    "Startup Cost": 757770.84,
    "Total Cost": 757770.85,
    "Plan Rows": 1,
    "Plan Width": 8,
    "Actual Startup Time": 4628.831,
    "Actual Total Time": 4691.269,
    "Actual Rows": 1,
    "Actual Loops": 1,
    "Plans": [
      {
        "Node Type": "Gather",
        "Parent Relationship": "Outer",
        "Parallel Aware": false,
        "Startup Cost": 757770.73,
        "Total Cost": 757770.84,
        "Plan Rows": 1,
        "Plan Width": 8,
        "Actual Startup Time": 4626.447,
        "Actual Total Time": 4691.259,
        "Actual Rows": 2,
        "Actual Loops": 1,
        "Workers Planned": 1,
        "Workers Launched": 1,
        "Single Copy": false,
        "Plans": [
          {
            "Node Type": "Aggregate",
            "Strategy": "Plain",
            "Partial Mode": "Partial",
            "Parent Relationship": "Outer",
            "Parallel Aware": false,
            "Startup Cost": 756770.73,
            "Total Cost": 756770.74,
            "Plan Rows": 1,
            "Plan Width": 8,
            "Actual Startup Time": 4622.325,
            "Actual Total Time": 4622.656,
            "Actual Rows": 1,
            "Actual Loops": 2,
            "Plans": [
              {
                "Node Type": "Hash Join",
                "Parent Relationship": "Outer",
                "Parallel Aware": true,
                "Join Type": "Inner",
                "Startup Cost": 132606.84,
                "Total Cost": 743015.62,
                "Plan Rows": 5502042,
                "Plan Width": 0,
                "Actual Startup Time": 780.053,
                "Actual Total Time": 4484.608,
                "Actual Rows": 3024880,
                "Actual Loops": 2,
                "Inner Unique": false,
                "Hash Cond": "(ci.movie_id = t.id)",
                "Plans": [
                  {
                    "Node Type": "Seq Scan",
                    "Parent Relationship": "Outer",
                    "Parallel Aware": true,
                    "Relation Name": "cast_info",
                    "Alias": "ci",
                    "Startup Cost": 0.0,
                    "Total Cost": 519069.44,
                    "Plan Rows": 15726509,
                    "Plan Width": 4,
                    "Actual Startup Time": 0.022,
                    "Actual Total Time": 2026.543,
                    "Actual Rows": 13429820,
                    "Actual Loops": 2,
                    "Filter": "(role_id < 5)",
                    "Rows Removed by Filter": 4692352
                  },
                  {
                    "Node Type": "Hash",
                    "Parent Relationship": "Inner",
                    "Parallel Aware": true,
                    "Startup Cost": 126102.85,
                    "Total Cost": 126102.85,
                    "Plan Rows": 520319,
                    "Plan Width": 8,
                    "Actual Startup Time": 772.137,
                    "Actual Total Time": 772.46,
                    "Actual Rows": 110540,
                    "Actual Loops": 2,
                    "Hash Buckets": 1048576,
                    "Original Hash Buckets": 1048576,
                    "Hash Batches": 1,
                    "Original Hash Batches": 1,
                    "Peak Memory Usage": 16864,
                    "Plans": [
                      {
                        "Node Type": "Hash Join",
                        "Parent Relationship": "Outer",
                        "Parallel Aware": true,
                        "Join Type": "Inner",
                        "Startup Cost": 63313.92,
                        "Total Cost": 126102.85,
                        "Plan Rows": 520319,
                        "Plan Width": 8,
                        "Actual Startup Time": 316.947,
                        "Actual Total Time": 744.616,
                        "Actual Rows": 110540,
                        "Actual Loops": 2,
                        "Inner Unique": true,
                        "Hash Cond": "(mk.movie_id = t.id)",
                        "Plans": [
                          {
                            "Node Type": "Seq Scan",
                            "Parent Relationship": "Outer",
                            "Parallel Aware": true,
                            "Relation Name": "movie_keyword",
                            "Alias": "mk",
                            "Startup Cost": 0.0,
                            "Total Cost": 57718.19,
                            "Plan Rows": 1931708,
                            "Plan Width": 4,
                            "Actual Startup Time": 0.018,
                            "Actual Total Time": 235.011,
                            "Actual Rows": 1637810,
                            "Actual Loops": 2,
                            "Filter": "(keyword_id < 14465)",
                            "Rows Removed by Filter": 624156
                          },
                          {
                            "Node Type": "Hash",
                            "Parent Relationship": "Inner",
                            "Parallel Aware": true,
                            "Startup Cost": 58306.47,
                            "Total Cost": 58306.47,
                            "Plan Rows": 400596,
                            "Plan Width": 4,
                            "Actual Startup Time": 311.969,
                            "Actual Total Time": 311.971,
                            "Actual Rows": 369840,
                            "Actual Loops": 2,
                            "Hash Buckets": 1048576,
                            "Original Hash Buckets": 1048576,
                            "Hash Batches": 1,
                            "Original Hash Batches": 1,
                            "Peak Memory Usage": 37152,
                            "Plans": [
                              {
                                "Node Type": "Seq Scan",
                                "Parent Relationship": "Outer",
                                "Parallel Aware": true,
                                "Relation Name": "title",
                                "Alias": "t",
                                "Startup Cost": 0.0,
                                "Total Cost": 58306.47,
                                "Plan Rows": 400596,
                                "Plan Width": 4,
                                "Actual Startup Time": 0.039,
                                "Actual Total Time": 186.93,
                                "Actual Rows": 369840,
                                "Actual Loops": 2,
                                "Filter": "((production_year > 2004) AND (kind_id = 7))",
                                "Rows Removed by Filter": 894316
                              }
                            ]
                          }
                        ]
                      }
                    ]
                  }
                ]
              }
            ]
          }
        ]
      }
    ]
  },
  "Planning Time": 0.588,
  "Triggers": [],
  "Execution Time": 4691.371
}