{
  "Plan": {
    "Node Type": "Aggregate",
    "Strategy": "Plain",
    "Partial Mode": "Finalize",
    "Parallel Aware": false,
    "Startup Cost": 1424603.96,
    "Total Cost": 1424603.97,
    "Plan Rows": 1,
    "Plan Width": 8,
    "Actual Startup Time": 3693.795,
    "Actual Total Time": 3714.498,
    "Actual Rows": 1,
    "Actual Loops": 1,
    "Plans": [
      {
        "Node Type": "Gather",
        "Parent Relationship": "Outer",
        "Parallel Aware": false,
        "Startup Cost": 1424603.85,
        "Total Cost": 1424603.96,
        "Plan Rows": 1,
        "Plan Width": 8,
        "Actual Startup Time": 3693.784,
        "Actual Total Time": 3714.491,
        "Actual Rows": 2,
        "Actual Loops": 1,
        "Workers Planned": 1,
        "Workers Launched": 1,
        "Single Copy": false,
        "Plans": [
          {
            "Node Type": "Aggregate",
            "Strategy": "Plain",
            "Partial Mode": "Partial",
            "Parent Relationship": "Outer",
            "Parallel Aware": false,
            "Startup Cost": 1423603.85,
            "Total Cost": 1423603.86,
            "Plan Rows": 1,
            "Plan Width": 8,
            "Actual Startup Time": 3654.869,
            "Actual Total Time": 3654.873,
            "Actual Rows": 1,
            "Actual Loops": 2,
            "Plans": [
              {
                "Node Type": "Merge Join",
                "Parent Relationship": "Outer",
                "Parallel Aware": false,
                "Join Type": "Inner",
                "Startup Cost": 1310760.51,
                "Total Cost": 1411467.5,
                "Plan Rows": 4854541,
                "Plan Width": 0,
                "Actual Startup Time": 3256.499,
                "Actual Total Time": 3588.955,
                "Actual Rows": 1707224,
                "Actual Loops": 2,
                "Inner Unique": false,
                "Merge Cond": "(mi.movie_id = t.id)",
                "Plans": [
                  {
                    "Node Type": "Sort",
                    "Parent Relationship": "Outer",
                    "Parallel Aware": false,
                    "Startup Cost": 895930.4,
                    "Total Cost": 909879.22,
                    "Plan Rows": 5579529,
                    "Plan Width": 4,
                    "Actual Startup Time": 1792.782,
                    "Actual Total Time": 1837.833,
                    "Actual Rows": 1253048,
                    "Actual Loops": 2,
                    "Sort Key": [
                      "mi.movie_id"
                    ],
                    "Sort Method": "quicksort",
                    "Sort Space Used": 429713,
                    "Sort Space Type": "Memory",
                    "Workers": [
                      {
                        "Worker Number": 0,
                        "Sort Method": "quicksort",
                        "Sort Space Used": 411871,
                        "Sort Space Type": "Memory"
                      }
                    ],
                    "Plans": [
                      {
                        "Node Type": "Seq Scan",
                        "Parent Relationship": "Outer",
                        "Parallel Aware": true,
                        "Relation Name": "movie_info",
                        "Alias": "mi",
                        "Startup Cost": 0.0,
                        "Total Cost": 270696.42,
                        "Plan Rows": 5579529,
                        "Plan Width": 4,
                        "Actual Startup Time": 0.036,
                        "Actual Total Time": 782.725,
                        "Actual Rows": 4782576,
                        "Actual Loops": 2,
                        "Filter": "(info_type_id < 16)",
                        "Rows Removed by Filter": 2635284
                      }
                    ]
                  },
                  {
                    "Node Type": "Sort",
                    "Parent Relationship": "Inner",
                    "Parallel Aware": false,
                    "Startup Cost": 414829.76,
                    "Total Cost": 420329.2,
                    "Plan Rows": 2199774,
                    "Plan Width": 8,
                    "Actual Startup Time": 1463.698,
                    "Actual Total Time": 1528.513,
                    "Actual Rows": 1882503,
                    "Actual Loops": 2,
                    "Sort Key": [
                      "t.id"
                    ],
                    "Sort Method": "quicksort",
                    "Sort Space Used": 49416,
                    "Sort Space Type": "Memory",
                    "Workers": [
                      {
                        "Worker Number": 0,
                        "Sort Method": "quicksort",
                        "Sort Space Used": 49416,
                        "Sort Space Type": "Memory"
                      }
                    ],
                    "Plans": [
                      {
                        "Node Type": "Hash Join",
                        "Parent Relationship": "Outer",
                        "Parallel Aware": false,
                        "Join Type": "Inner",
                        "Startup Cost": 91993.92,
                        "Total Cost": 183095.41,
                        "Plan Rows": 2199774,
                        "Plan Width": 8,
                        "Actual Startup Time": 609.749,
                        "Actual Total Time": 1356.801,
                        "Actual Rows": 529901,
                        "Actual Loops": 2,
                        "Inner Unique": true,
                        "Hash Cond": "(mk.movie_id = t.id)",
                        "Plans": [
                          {
                            "Node Type": "Seq Scan",
                            "Parent Relationship": "Outer",
                            "Parallel Aware": false,
                            "Relation Name": "movie_keyword",
                            "Alias": "mk",
                            "Startup Cost": 0.0,
                            "Total Cost": 81003.12,
                            "Plan Rows": 3846986,
                            "Plan Width": 4,
                            "Actual Startup Time": 0.033,
                            "Actual Total Time": 382.158,
                            "Actual Rows": 3859365,
                            "Actual Loops": 2,
                            "Filter": "(keyword_id < 28246)",
                            "Rows Removed by Filter": 664565
                          },
                          {
                            "Node Type": "Hash",
                            "Parent Relationship": "Inner",
                            "Parallel Aware": false,
                            "Startup Cost": 73922.39,
                            "Total Cost": 73922.39,
                            "Plan Rows": 1445722,
                            "Plan Width": 4,
                            "Actual Startup Time": 602.049,
                            "Actual Total Time": 602.05,
                            "Actual Rows": 1478438,
                            "Actual Loops": 2,
                            "Hash Buckets": 2097152,
                            "Original Hash Buckets": 2097152,
                            "Hash Batches": 1,
                            "Original Hash Batches": 1,
                            "Peak Memory Usage": 68361,
                            "Plans": [
                              {
                                "Node Type": "Seq Scan",
                                "Parent Relationship": "Outer",
                                "Parallel Aware": false,
                                "Relation Name": "title",
                                "Alias": "t",
                                "Startup Cost": 0.0,
                                "Total Cost": 73922.39,
                                "Plan Rows": 1445722,
                                "Plan Width": 4,
                                "Actual Startup Time": 0.026,
                                "Actual Total Time": 281.951,
                                "Actual Rows": 1478438,
                                "Actual Loops": 2,
                                "Filter": "((production_year > 1918) AND (kind_id = 7))",
                                "Rows Removed by Filter": 1049874
                              }
                            ]
                          }
                        ]
                      }
                    ]
                  }
                ]
              }
            ]
          }
        ]
      }
    ]
  },
  "Planning Time": 1.033,
  "Triggers": [],
  "Execution Time": 3743.608
}