[
  {
    "Plan": {
      "Node Type": "Aggregate",
      "Strategy": "Plain",
      "Partial Mode": "Finalize",
      "Parallel Aware": false,
      "Startup Cost": 46379.34,
      "Total Cost": 46379.35,
      "Plan Rows": 1,
      "Plan Width": 8,
      "Actual Startup Time": 144.78,
      "Actual Total Time": 161.161,
      "Actual Rows": 1,
      "Actual Loops": 1,
      "Plans": [
        {
          "Node Type": "Gather",
          "Parent Relationship": "Outer",
          "Parallel Aware": false,
          "Startup Cost": 46378.92,
          "Total Cost": 46379.33,
          "Plan Rows": 4,
          "Plan Width": 8,
          "Actual Startup Time": 144.52,
          "Actual Total Time": 161.149,
          "Actual Rows": 5,
          "Actual Loops": 1,
          "Workers Planned": 4,
          "Workers Launched": 4,
          "Single Copy": false,
          "Plans": [
            {
              "Node Type": "Aggregate",
              "Strategy": "Plain",
              "Partial Mode": "Partial",
              "Parent Relationship": "Outer",
              "Parallel Aware": false,
              "Startup Cost": 45378.92,
              "Total Cost": 45378.93,
              "Plan Rows": 1,
              "Plan Width": 8,
              "Actual Startup Time": 138.054,
              "Actual Total Time": 138.055,
              "Actual Rows": 1,
              "Actual Loops": 5,
              "Plans": [
                {
                  "Node Type": "Seq Scan",
                  "Parent Relationship": "Outer",
                  "Parallel Aware": true,
                  "Relation Name": "title",
                  "Alias": "t",
                  "Startup Cost": 0.0,
                  "Total Cost": 43899.32,
                  "Plan Rows": 591841,
                  "Plan Width": 0,
                  "Actual Startup Time": 0.038,
                  "Actual Total Time": 110.131,
                  "Actual Rows": 473389,
                  "Actual Loops": 5,
                  "Filter": "(production_year > 1920)",
                  "Rows Removed by Filter": 32273
                }
              ]
            }
          ]
        }
      ]
    },
    "Planning Time": 0.067,
    "Triggers": [],
    "Execution Time": 161.19
  }
]