[
  {
    "Plan": {
      "Node Type": "Aggregate",
      "Strategy": "Plain",
      "Partial Mode": "Finalize",
      "Parallel Aware": false,
      "Startup Cost": 84682.37,
      "Total Cost": 84682.38,
      "Plan Rows": 1,
      "Plan Width": 8,
      "Actual Startup Time": 362.016,
      "Actual Total Time": 377.27,
      "Actual Rows": 1,
      "Actual Loops": 1,
      "Plans": [
        {
          "Node Type": "Gather",
          "Parent Relationship": "Outer",
          "Parallel Aware": false,
          "Startup Cost": 84682.05,
          "Total Cost": 84682.36,
          "Plan Rows": 3,
          "Plan Width": 8,
          "Actual Startup Time": 353.666,
          "Actual Total Time": 377.259,
          "Actual Rows": 4,
          "Actual Loops": 1,
          "Workers Planned": 3,
          "Workers Launched": 3,
          "Single Copy": false,
          "Plans": [
            {
              "Node Type": "Aggregate",
              "Strategy": "Plain",
              "Partial Mode": "Partial",
              "Parent Relationship": "Outer",
              "Parallel Aware": false,
              "Startup Cost": 83682.05,
              "Total Cost": 83682.06,
              "Plan Rows": 1,
              "Plan Width": 8,
              "Actual Startup Time": 341.503,
              "Actual Total Time": 341.508,
              "Actual Rows": 1,
              "Actual Loops": 4,
              "Plans": [
                {
                  "Node Type": "Hash Join",
                  "Parent Relationship": "Outer",
                  "Parallel Aware": true,
                  "Join Type": "Inner",
                  "Startup Cost": 57102.33,
                  "Total Cost": 83487.97,
                  "Plan Rows": 77632,
                  "Plan Width": 0,
                  "Actual Startup Time": 267.449,
                  "Actual Total Time": 340.796,
                  "Actual Rows": 10066,
                  "Actual Loops": 4,
                  "Inner Unique": true,
                  "Hash Cond": "(mk.movie_id = t.id)",
                  "Plans": [
                    {
                      "Node Type": "Bitmap Heap Scan",
                      "Parent Relationship": "Outer",
                      "Parallel Aware": true,
                      "Relation Name": "movie_keyword",
                      "Alias": "mk",
                      "Startup Cost": 8400.71,
                      "Total Cost": 34451.11,
                      "Plan Rows": 127712,
                      "Plan Width": 4,
                      "Actual Startup Time": 24.236,
                      "Actual Total Time": 71.736,
                      "Actual Rows": 96308,
                      "Actual Loops": 4,
                      "Recheck Cond": "(keyword_id > 44581)",
                      "Rows Removed by Index Recheck": 0,
                      "Exact Heap Blocks": 7964,
                      "Lossy Heap Blocks": 0,
                      "Plans": [
                        {
                          "Node Type": "Bitmap Index Scan",
                          "Parent Relationship": "Outer",
                          "Parallel Aware": false,
                          "Index Name": "keyword_id_movie_keyword",
                          "Startup Cost": 0.0,
                          "Total Cost": 8301.74,
                          "Plan Rows": 395907,
                          "Plan Width": 0,
                          "Actual Startup Time": 20.942,
                          "Actual Total Time": 20.942,
                          "Actual Rows": 385234,
                          "Actual Loops": 1,
                          "Index Cond": "(keyword_id > 44581)"
                        }
                      ]
                    },
                    {
                      "Node Type": "Hash",
                      "Parent Relationship": "Inner",
                      "Parallel Aware": true,
                      "Startup Cost": 43898.92,
                      "Total Cost": 43898.92,
                      "Plan Rows": 384216,
                      "Plan Width": 4,
                      "Actual Startup Time": 235.418,
                      "Actual Total Time": 235.42,
                      "Actual Rows": 385816,
                      "Actual Loops": 4,
                      "Hash Buckets": 2097152,
                      "Original Hash Buckets": 2097152,
                      "Hash Batches": 1,
                      "Original Hash Batches": 1,
                      "Peak Memory Usage": 76800,
                      "Plans": [
                        {
                          "Node Type": "Seq Scan",
                          "Parent Relationship": "Outer",
                          "Parallel Aware": true,
                          "Relation Name": "title",
                          "Alias": "t",
                          "Startup Cost": 0.0,
                          "Total Cost": 43898.92,
                          "Plan Rows": 384216,
                          "Plan Width": 4,
                          "Actual Startup Time": 0.034,
                          "Actual Total Time": 99.282,
                          "Actual Rows": 385816,
                          "Actual Loops": 4,
                          "Filter": "(kind_id = 7)",
                          "Rows Removed by Filter": 246262
                        }
                      ]
                    }
                  ]
                }
              ]
            }
          ]
        }
      ]
    },
    "Planning Time": 0.578,
    "Triggers": [],
    "Execution Time": 377.355
  }
]