[
  {
    "Plan": {
      "Node Type": "Aggregate",
      "Strategy": "Plain",
      "Partial Mode": "Finalize",
      "Parallel Aware": false,
      "Startup Cost": 82885.26,
      "Total Cost": 82885.27,
      "Plan Rows": 1,
      "Plan Width": 8,
      "Actual Startup Time": 342.701,
      "Actual Total Time": 358.227,
      "Actual Rows": 1,
      "Actual Loops": 1,
      "Plans": [
        {
          "Node Type": "Gather",
          "Parent Relationship": "Outer",
          "Parallel Aware": false,
          "Startup Cost": 82884.84,
          "Total Cost": 82885.25,
          "Plan Rows": 4,
          "Plan Width": 8,
          "Actual Startup Time": 336.581,
          "Actual Total Time": 358.205,
          "Actual Rows": 5,
          "Actual Loops": 1,
          "Workers Planned": 4,
          "Workers Launched": 4,
          "Single Copy": false,
          "Plans": [
            {
              "Node Type": "Aggregate",
              "Strategy": "Plain",
              "Partial Mode": "Partial",
              "Parent Relationship": "Outer",
              "Parallel Aware": false,
              "Startup Cost": 81884.84,
              "Total Cost": 81884.85,
              "Plan Rows": 1,
              "Plan Width": 8,
              "Actual Startup Time": 326.443,
              "Actual Total Time": 326.446,
              "Actual Rows": 1,
              "Actual Loops": 5,
              "Plans": [
                {
                  "Node Type": "Hash Join",
                  "Parent Relationship": "Outer",
                  "Parallel Aware": true,
                  "Join Type": "Inner",
                  "Startup Cost": 35098.16,
                  "Total Cost": 81313.92,
                  "Plan Rows": 228367,
                  "Plan Width": 0,
                  "Actual Startup Time": 128.188,
                  "Actual Total Time": 319.962,
                  "Actual Rows": 149674,
                  "Actual Loops": 5,
                  "Inner Unique": false,
                  "Hash Cond": "(t.id = mc.movie_id)",
                  "Plans": [
                    {
                      "Node Type": "Seq Scan",
                      "Parent Relationship": "Outer",
                      "Parallel Aware": true,
                      "Relation Name": "title",
                      "Alias": "t",
                      "Startup Cost": 0.0,
                      "Total Cost": 42318.73,
                      "Plan Rows": 632073,
                      "Plan Width": 4,
                      "Actual Startup Time": 0.011,
                      "Actual Total Time": 63.165,
                      "Actual Rows": 505662,
                      "Actual Loops": 5
                    },
                    {
                      "Node Type": "Hash",
                      "Parent Relationship": "Inner",
                      "Parallel Aware": true,
                      "Startup Cost": 31414.82,
                      "Total Cost": 31414.82,
                      "Plan Rows": 294667,
                      "Plan Width": 4,
                      "Actual Startup Time": 123.655,
                      "Actual Total Time": 123.656,
                      "Actual Rows": 149674,
                      "Actual Loops": 5,
                      "Hash Buckets": 1048576,
                      "Original Hash Buckets": 1048576,
                      "Hash Batches": 1,
                      "Original Hash Batches": 1,
                      "Peak Memory Usage": 37536,
                      "Plans": [
                        {
                          "Node Type": "Seq Scan",
                          "Parent Relationship": "Outer",
                          "Parallel Aware": true,
                          "Relation Name": "movie_companies",
                          "Alias": "mc",
                          "Startup Cost": 0.0,
                          "Total Cost": 31414.82,
                          "Plan Rows": 294667,
                          "Plan Width": 4,
                          "Actual Startup Time": 1.131,
                          "Actual Total Time": 69.754,
                          "Actual Rows": 149674,
                          "Actual Loops": 5,
                          "Filter": "((company_id > 1451) AND (company_type_id = 1))",
                          "Rows Removed by Filter": 372152
                        }
                      ]
                    }
                  ]
                }
              ]
            }
          ]
        }
      ]
    },
    "Planning Time": 0.646,
    "Triggers": [],
    "Execution Time": 358.298
  }
]