{
  "Plan": {
    "Node Type": "Aggregate",
    "Strategy": "Plain",
    "Partial Mode": "Finalize",
    "Parallel Aware": false,
    "Startup Cost": 16913.16,
    "Total Cost": 16913.17,
    "Plan Rows": 1,
    "Plan Width": 8,
    "Actual Startup Time": 40.982,
    "Actual Total Time": 46.346,
    "Actual Rows": 1,
    "Actual Loops": 1,
    "Plans": [
      {
        "Node Type": "Gather",
        "Parent Relationship": "Outer",
        "Parallel Aware": false,
        "Startup Cost": 16913.05,
        "Total Cost": 16913.16,
        "Plan Rows": 1,
        "Plan Width": 8,
        "Actual Startup Time": 40.885,
        "Actual Total Time": 46.339,
        "Actual Rows": 2,
        "Actual Loops": 1,
        "Workers Planned": 1,
        "Workers Launched": 1,
        "Single Copy": false,
        "Plans": [
          {
            "Node Type": "Aggregate",
            "Strategy": "Plain",
            "Partial Mode": "Partial",
            "Parent Relationship": "Outer",
            "Parallel Aware": false,
            "Startup Cost": 15913.05,
            "Total Cost": 15913.06,
            "Plan Rows": 1,
            "Plan Width": 8,
            "Actual Startup Time": 34.43,
            "Actual Total Time": 34.432,
            "Actual Rows": 1,
            "Actual Loops": 2,
            "Plans": [
              {
                "Node Type": "Nested Loop",
                "Parent Relationship": "Outer",
                "Parallel Aware": false,
                "Join Type": "Inner",
                "Startup Cost": 62.64,
                "Total Cost": 15887.91,
                "Plan Rows": 10055,
                "Plan Width": 0,
                "Actual Startup Time": 1.883,
                "Actual Total Time": 33.766,
                "Actual Rows": 5028,
                "Actual Loops": 2,
                "Inner Unique": false,
                "Plans": [
                  {
                    "Node Type": "Nested Loop",
                    "Parent Relationship": "Outer",
                    "Parallel Aware": false,
                    "Join Type": "Inner",
                    "Startup Cost": 62.08,
                    "Total Cost": 14090.05,
                    "Plan Rows": 806,
                    "Plan Width": 8,
                    "Actual Startup Time": 1.559,
                    "Actual Total Time": 8.047,
                    "Actual Rows": 322,
                    "Actual Loops": 2,
                    "Inner Unique": true,
                    "Plans": [
                      {
                        "Node Type": "Bitmap Heap Scan",
                        "Parent Relationship": "Outer",
                        "Parallel Aware": true,
                        "Relation Name": "movie_companies",
                        "Alias": "mc",
                        "Startup Cost": 61.65,
                        "Total Cost": 7566.11,
                        "Plan Rows": 806,
                        "Plan Width": 4,
                        "Actual Startup Time": 1.382,
                        "Actual Total Time": 3.821,
                        "Actual Rows": 322,
                        "Actual Loops": 2,
                        "Recheck Cond": "(company_id = 305)",
                        "Rows Removed by Index Recheck": 0,
                        "Filter": "(company_type_id = 1)",
                        "Rows Removed by Filter": 562,
                        "Exact Heap Blocks": 959,
                        "Lossy Heap Blocks": 0,
                        "Plans": [
                          {
                            "Node Type": "Bitmap Index Scan",
                            "Parent Relationship": "Outer",
                            "Parallel Aware": false,
                            "Index Name": "company_id_movie_companies",
                            "Startup Cost": 0.0,
                            "Total Cost": 61.3,
                            "Plan Rows": 2783,
                            "Plan Width": 0,
                            "Actual Startup Time": 2.028,
                            "Actual Total Time": 2.028,
                            "Actual Rows": 1768,
                            "Actual Loops": 1,
                            "Index Cond": "(company_id = 305)"
                          }
                        ]
                      },
                      {
                        "Node Type": "Index Only Scan",
                        "Parent Relationship": "Inner",
                        "Parallel Aware": false,
                        "Scan Direction": "Forward",
                        "Index Name": "title_pkey",
                        "Relation Name": "title",
                        "Alias": "t",
                        "Startup Cost": 0.43,
                        "Total Cost": 8.09,
                        "Plan Rows": 1,
                        "Plan Width": 4,
                        "Actual Startup Time": 0.012,
                        "Actual Total Time": 0.012,
                        "Actual Rows": 1,
                        "Actual Loops": 643,
                        "Index Cond": "(id = mc.movie_id)",
                        "Rows Removed by Index Recheck": 0,
                        "Heap Fetches": 643
                      }
                    ]
                  },
                  {
                    "Node Type": "Index Scan",
                    "Parent Relationship": "Inner",
                    "Parallel Aware": false,
                    "Scan Direction": "Forward",
                    "Index Name": "movie_id_cast_info",
                    "Relation Name": "cast_info",
                    "Alias": "ci",
                    "Startup Cost": 0.56,
                    "Total Cost": 1.91,
                    "Plan Rows": 32,
                    "Plan Width": 4,
                    "Actual Startup Time": 0.019,
                    "Actual Total Time": 0.076,
                    "Actual Rows": 16,
                    "Actual Loops": 643,
                    "Index Cond": "(movie_id = t.id)",
                    "Rows Removed by Index Recheck": 0,
                    "Filter": "(role_id < 10)",
                    "Rows Removed by Filter": 3
                  }
                ]
              }
            ]
          }
        ]
      }
    ]
  },
  "Planning Time": 0.885,
  "Triggers": [],
  "Execution Time": 46.441
}