{
    "Plan": {
        "Node Type": "Aggregate",
        "Strategy": "Plain",
        "Partial Mode": "Finalize",
        "Parallel Aware": false,
        "Startup Cost": 349504.85,
        "Total Cost": 349504.86,
        "Plan Rows": 1,
        "Plan Width": 8,
        "Actual Startup Time": 954.886,
        "Actual Total Time": 1019.956,
        "Actual Rows": 1,
        "Actual Loops": 1,
        "Output": [
            "count(*)"
        ],
        "Plans": [
            {
                "Node Type": "Gather",
                "Parent Relationship": "Outer",
                "Parallel Aware": false,
                "Startup Cost": 349504.22,
                "Total Cost": 349504.83,
                "Plan Rows": 6,
                "Plan Width": 8,
                "Actual Startup Time": 954.769,
                "Actual Total Time": 1019.944,
                "Actual Rows": 7,
                "Actual Loops": 1,
                "Output": [
                    "(PARTIAL count(*))"
                ],
                "Workers Planned": 6,
                "Workers Launched": 6,
                "Single Copy": false,
                "Plans": [
                    {
                        "Node Type": "Aggregate",
                        "Strategy": "Plain",
                        "Partial Mode": "Partial",
                        "Parent Relationship": "Outer",
                        "Parallel Aware": false,
                        "Startup Cost": 348504.22,
                        "Total Cost": 348504.23,
                        "Plan Rows": 1,
                        "Plan Width": 8,
                        "Actual Startup Time": 943.779,
                        "Actual Total Time": 943.78,
                        "Actual Rows": 1,
                        "Actual Loops": 7,
                        "Output": [
                            "PARTIAL count(*)"
                        ],
                        "Workers": [
                            {
                                "Worker Number": 0,
                                "Actual Startup Time": 941.858,
                                "Actual Total Time": 941.859,
                                "Actual Rows": 1,
                                "Actual Loops": 1
                            },
                            {
                                "Worker Number": 1,
                                "Actual Startup Time": 942.074,
                                "Actual Total Time": 942.075,
                                "Actual Rows": 1,
                                "Actual Loops": 1
                            },
                            {
                                "Worker Number": 2,
                                "Actual Startup Time": 942.058,
                                "Actual Total Time": 942.059,
                                "Actual Rows": 1,
                                "Actual Loops": 1
                            },
                            {
                                "Worker Number": 3,
                                "Actual Startup Time": 942.079,
                                "Actual Total Time": 942.08,
                                "Actual Rows": 1,
                                "Actual Loops": 1
                            },
                            {
                                "Worker Number": 4,
                                "Actual Startup Time": 942.071,
                                "Actual Total Time": 942.072,
                                "Actual Rows": 1,
                                "Actual Loops": 1
                            },
                            {
                                "Worker Number": 5,
                                "Actual Startup Time": 942.807,
                                "Actual Total Time": 942.808,
                                "Actual Rows": 1,
                                "Actual Loops": 1
                            }
                        ],
                        "Plans": [
                            {
                                "Node Type": "Seq Scan",
                                "Parent Relationship": "Outer",
                                "Parallel Aware": true,
                                "Relation Name": "cast_info",
                                "Schema": "public",
                                "Alias": "ci",
                                "Startup Cost": 0.0,
                                "Total Cost": 343318.94,
                                "Plan Rows": 2074114,
                                "Plan Width": 0,
                                "Actual Startup Time": 473.815,
                                "Actual Total Time": 876.89,
                                "Actual Rows": 1151617,
                                "Actual Loops": 7,
                                "Output": [
                                    "id",
                                    "person_id",
                                    "movie_id",
                                    "person_role_id",
                                    "note",
                                    "nr_order",
                                    "role_id"
                                ],
                                "Filter": "((ci.person_id < 2874433) AND (ci.role_id > 2))",
                                "Rows Removed by Filter": 4026146,
                                "Workers": [
                                    {
                                        "Worker Number": 0,
                                        "Actual Startup Time": 471.899,
                                        "Actual Total Time": 873.743,
                                        "Actual Rows": 1087662,
                                        "Actual Loops": 1
                                    },
                                    {
                                        "Worker Number": 1,
                                        "Actual Startup Time": 472.102,
                                        "Actual Total Time": 873.533,
                                        "Actual Rows": 1094104,
                                        "Actual Loops": 1
                                    },
                                    {
                                        "Worker Number": 2,
                                        "Actual Startup Time": 472.084,
                                        "Actual Total Time": 873.964,
                                        "Actual Rows": 1084297,
                                        "Actual Loops": 1
                                    },
                                    {
                                        "Worker Number": 3,
                                        "Actual Startup Time": 472.1,
                                        "Actual Total Time": 878.653,
                                        "Actual Rows": 1618990,
                                        "Actual Loops": 1
                                    },
                                    {
                                        "Worker Number": 4,
                                        "Actual Startup Time": 472.122,
                                        "Actual Total Time": 873.819,
                                        "Actual Rows": 1089175,
                                        "Actual Loops": 1
                                    },
                                    {
                                        "Worker Number": 5,
                                        "Actual Startup Time": 472.848,
                                        "Actual Total Time": 877.698,
                                        "Actual Rows": 1037113,
                                        "Actual Loops": 1
                                    }
                                ]
                            }
                        ]
                    }
                ]
            }
        ]
    },
    "Planning Time": 2.191,
    "Triggers": [],
    "Execution Time": 1020.348
}