[
  {
    "Plan": {
      "Node Type": "Aggregate",
      "Strategy": "Plain",
      "Partial Mode": "Finalize",
      "Parallel Aware": false,
      "Startup Cost": 185934.66,
      "Total Cost": 185934.67,
      "Plan Rows": 1,
      "Plan Width": 8,
      "Actual Startup Time": 130.811,
      "Actual Total Time": 150.24,
      "Actual Rows": 1,
      "Actual Loops": 1,
      "Plans": [
        {
          "Node Type": "Gather",
          "Parent Relationship": "Outer",
          "Parallel Aware": false,
          "Startup Cost": 185934.24,
          "Total Cost": 185934.65,
          "Plan Rows": 4,
          "Plan Width": 8,
          "Actual Startup Time": 130.63,
          "Actual Total Time": 150.227,
          "Actual Rows": 5,
          "Actual Loops": 1,
          "Workers Planned": 4,
          "Workers Launched": 4,
          "Single Copy": false,
          "Plans": [
            {
              "Node Type": "Aggregate",
              "Strategy": "Plain",
              "Partial Mode": "Partial",
              "Parent Relationship": "Outer",
              "Parallel Aware": false,
              "Startup Cost": 184934.24,
              "Total Cost": 184934.25,
              "Plan Rows": 1,
              "Plan Width": 8,
              "Actual Startup Time": 123.257,
              "Actual Total Time": 123.259,
              "Actual Rows": 1,
              "Actual Loops": 5,
              "Plans": [
                {
                  "Node Type": "Nested Loop",
                  "Parent Relationship": "Outer",
                  "Parallel Aware": false,
                  "Join Type": "Inner",
                  "Startup Cost": 0.43,
                  "Total Cost": 184913.89,
                  "Plan Rows": 8140,
                  "Plan Width": 0,
                  "Actual Startup Time": 57.692,
                  "Actual Total Time": 122.201,
                  "Actual Rows": 12861,
                  "Actual Loops": 5,
                  "Inner Unique": false,
                  "Plans": [
                    {
                      "Node Type": "Seq Scan",
                      "Parent Relationship": "Outer",
                      "Parallel Aware": true,
                      "Relation Name": "title",
                      "Alias": "t",
                      "Startup Cost": 0.0,
                      "Total Cost": 45479.59,
                      "Plan Rows": 1386,
                      "Plan Width": 4,
                      "Actual Startup Time": 57.561,
                      "Actual Total Time": 83.885,
                      "Actual Rows": 972,
                      "Actual Loops": 5,
                      "Filter": "((kind_id = 1) AND (production_year = 1988))",
                      "Rows Removed by Filter": 504690
                    },
                    {
                      "Node Type": "Index Only Scan",
                      "Parent Relationship": "Inner",
                      "Parallel Aware": false,
                      "Scan Direction": "Forward",
                      "Index Name": "movie_id_movie_info",
                      "Relation Name": "movie_info",
                      "Alias": "mi",
                      "Startup Cost": 0.43,
                      "Total Cost": 100.19,
                      "Plan Rows": 41,
                      "Plan Width": 4,
                      "Actual Startup Time": 0.013,
                      "Actual Total Time": 0.038,
                      "Actual Rows": 13,
                      "Actual Loops": 4860,
                      "Index Cond": "(movie_id = t.id)",
                      "Rows Removed by Index Recheck": 0,
                      "Heap Fetches": 64306
                    }
                  ]
                }
              ]
            }
          ]
        }
      ]
    },
    "Planning Time": 0.361,
    "Triggers": [],
    "Execution Time": 150.289
  }
]