[
    {
        "Bao": {
            "Bao prediction": "NaN",
            "Bao recommended hint": "(no hint)"
        }
    },
    {
        "Plan": {
            "Node Type": "Aggregate",
            "Strategy": "Plain",
            "Partial Mode": "Finalize",
            "Parallel Aware": false,
            "Startup Cost": 29054.17,
            "Total Cost": 29054.18,
            "Plan Rows": 1,
            "Plan Width": 8,
            "Actual Startup Time": 61.082,
            "Actual Total Time": 64.54,
            "Actual Rows": 1,
            "Actual Loops": 1,
            "Output": [
                "count(*)"
            ],
            "Plans": [
                {
                    "Node Type": "Gather",
                    "Parent Relationship": "Outer",
                    "Parallel Aware": false,
                    "Startup Cost": 29053.85,
                    "Total Cost": 29054.16,
                    "Plan Rows": 3,
                    "Plan Width": 8,
                    "Actual Startup Time": 60.952,
                    "Actual Total Time": 64.532,
                    "Actual Rows": 4,
                    "Actual Loops": 1,
                    "Output": [
                        "(PARTIAL count(*))"
                    ],
                    "Workers Planned": 3,
                    "Workers Launched": 3,
                    "Single Copy": false,
                    "Plans": [
                        {
                            "Node Type": "Aggregate",
                            "Strategy": "Plain",
                            "Partial Mode": "Partial",
                            "Parent Relationship": "Outer",
                            "Parallel Aware": false,
                            "Startup Cost": 28053.85,
                            "Total Cost": 28053.86,
                            "Plan Rows": 1,
                            "Plan Width": 8,
                            "Actual Startup Time": 52.014,
                            "Actual Total Time": 52.015,
                            "Actual Rows": 1,
                            "Actual Loops": 4,
                            "Output": [
                                "PARTIAL count(*)"
                            ],
                            "Workers": [
                                {
                                    "Worker Number": 0,
                                    "Actual Startup Time": 48.641,
                                    "Actual Total Time": 48.643,
                                    "Actual Rows": 1,
                                    "Actual Loops": 1
                                },
                                {
                                    "Worker Number": 1,
                                    "Actual Startup Time": 49.329,
                                    "Actual Total Time": 49.33,
                                    "Actual Rows": 1,
                                    "Actual Loops": 1
                                },
                                {
                                    "Worker Number": 2,
                                    "Actual Startup Time": 49.654,
                                    "Actual Total Time": 49.655,
                                    "Actual Rows": 1,
                                    "Actual Loops": 1
                                }
                            ],
                            "Plans": [
                                {
                                    "Node Type": "Bitmap Heap Scan",
                                    "Parent Relationship": "Outer",
                                    "Parallel Aware": true,
                                    "Relation Name": "movie_companies",
                                    "Schema": "public",
                                    "Alias": "mc",
                                    "Startup Cost": 7449.08,
                                    "Total Cost": 27911.72,
                                    "Plan Rows": 56851,
                                    "Plan Width": 0,
                                    "Actual Startup Time": 11.053,
                                    "Actual Total Time": 46.067,
                                    "Actual Rows": 88514,
                                    "Actual Loops": 4,
                                    "Recheck Cond": "(mc.company_id > 87847)",
                                    "Rows Removed by Index Recheck": 0,
                                    "Filter": "(mc.company_type_id = 2)",
                                    "Rows Removed by Filter": 0,
                                    "Exact Heap Blocks": 3146,
                                    "Lossy Heap Blocks": 0,
                                    "Workers": [
                                        {
                                            "Worker Number": 0,
                                            "Actual Startup Time": 7.682,
                                            "Actual Total Time": 43.434,
                                            "Actual Rows": 50800,
                                            "Actual Loops": 1
                                        },
                                        {
                                            "Worker Number": 1,
                                            "Actual Startup Time": 8.389,
                                            "Actual Total Time": 43.881,
                                            "Actual Rows": 51096,
                                            "Actual Loops": 1
                                        },
                                        {
                                            "Worker Number": 2,
                                            "Actual Startup Time": 8.848,
                                            "Actual Total Time": 44.158,
                                            "Actual Rows": 52121,
                                            "Actual Loops": 1
                                        }
                                    ],
                                    "Plans": [
                                        {
                                            "Node Type": "Bitmap Index Scan",
                                            "Parent Relationship": "Outer",
                                            "Parallel Aware": false,
                                            "Index Name": "company_id_movie_companies",
                                            "Startup Cost": 0.0,
                                            "Total Cost": 7405.02,
                                            "Plan Rows": 345679,
                                            "Plan Width": 0,
                                            "Actual Startup Time": 18.584,
                                            "Actual Total Time": 18.584,
                                            "Actual Rows": 354055,
                                            "Actual Loops": 1,
                                            "Index Cond": "(mc.company_id > 87847)"
                                        }
                                    ]
                                }
                            ]
                        }
                    ]
                }
            ]
        },
        "Planning Time": 175.282,
        "Triggers": [],
        "Execution Time": 64.641
    }
]