[
  {
    "Plan": {
      "Node Type": "Aggregate",
      "Strategy": "Plain",
      "Partial Mode": "Finalize",
      "Parallel Aware": false,
      "Startup Cost": 45178.9,
      "Total Cost": 45178.91,
      "Plan Rows": 1,
      "Plan Width": 8,
      "Actual Startup Time": 170.132,
      "Actual Total Time": 179.909,
      "Actual Rows": 1,
      "Actual Loops": 1,
      "Plans": [
        {
          "Node Type": "Gather",
          "Parent Relationship": "Outer",
          "Parallel Aware": false,
          "Startup Cost": 45178.58,
          "Total Cost": 45178.89,
          "Plan Rows": 3,
          "Plan Width": 8,
          "Actual Startup Time": 169.857,
          "Actual Total Time": 179.899,
          "Actual Rows": 4,
          "Actual Loops": 1,
          "Workers Planned": 3,
          "Workers Launched": 3,
          "Single Copy": false,
          "Plans": [
            {
              "Node Type": "Aggregate",
              "Strategy": "Plain",
              "Partial Mode": "Partial",
              "Parent Relationship": "Outer",
              "Parallel Aware": false,
              "Startup Cost": 44178.58,
              "Total Cost": 44178.59,
              "Plan Rows": 1,
              "Plan Width": 8,
              "Actual Startup Time": 164.986,
              "Actual Total Time": 164.988,
              "Actual Rows": 1,
              "Actual Loops": 4,
              "Plans": [
                {
                  "Node Type": "Seq Scan",
                  "Parent Relationship": "Outer",
                  "Parallel Aware": true,
                  "Relation Name": "movie_keyword",
                  "Alias": "mk",
                  "Startup Cost": 0.0,
                  "Total Cost": 42695.65,
                  "Plan Rows": 593171,
                  "Plan Width": 0,
                  "Actual Startup Time": 0.03,
                  "Actual Total Time": 135.708,
                  "Actual Rows": 459840,
                  "Actual Loops": 4,
                  "Filter": "(keyword_id < 3040)",
                  "Rows Removed by Filter": 671142
                }
              ]
            }
          ]
        }
      ]
    },
    "Planning Time": 0.188,
    "Triggers": [],
    "Execution Time": 179.965
  }
]