[
  {
    "Plan": {
      "Node Type": "Aggregate",
      "Strategy": "Plain",
      "Partial Mode": "Finalize",
      "Parallel Aware": false,
      "Startup Cost": 35624.98,
      "Total Cost": 35624.99,
      "Plan Rows": 1,
      "Plan Width": 8,
      "Actual Startup Time": 98.594,
      "Actual Total Time": 107.561,
      "Actual Rows": 1,
      "Actual Loops": 1,
      "Plans": [
        {
          "Node Type": "Gather",
          "Parent Relationship": "Outer",
          "Parallel Aware": false,
          "Startup Cost": 35624.66,
          "Total Cost": 35624.97,
          "Plan Rows": 3,
          "Plan Width": 8,
          "Actual Startup Time": 98.257,
          "Actual Total Time": 107.551,
          "Actual Rows": 4,
          "Actual Loops": 1,
          "Workers Planned": 3,
          "Workers Launched": 3,
          "Single Copy": false,
          "Plans": [
            {
              "Node Type": "Aggregate",
              "Strategy": "Plain",
              "Partial Mode": "Partial",
              "Parent Relationship": "Outer",
              "Parallel Aware": false,
              "Startup Cost": 34624.66,
              "Total Cost": 34624.67,
              "Plan Rows": 1,
              "Plan Width": 8,
              "Actual Startup Time": 92.938,
              "Actual Total Time": 92.939,
              "Actual Rows": 1,
              "Actual Loops": 4,
              "Plans": [
                {
                  "Node Type": "Bitmap Heap Scan",
                  "Parent Relationship": "Outer",
                  "Parallel Aware": true,
                  "Relation Name": "movie_keyword",
                  "Alias": "mk",
                  "Startup Cost": 8281.78,
                  "Total Cost": 34309.85,
                  "Plan Rows": 125925,
                  "Plan Width": 0,
                  "Actual Startup Time": 23.889,
                  "Actual Total Time": 87.32,
                  "Actual Rows": 97647,
                  "Actual Loops": 4,
                  "Recheck Cond": "(keyword_id > 44073)",
                  "Rows Removed by Index Recheck": 0,
                  "Exact Heap Blocks": 9270,
                  "Lossy Heap Blocks": 0,
                  "Plans": [
                    {
                      "Node Type": "Bitmap Index Scan",
                      "Parent Relationship": "Outer",
                      "Parallel Aware": false,
                      "Index Name": "keyword_id_movie_keyword",
                      "Startup Cost": 0.0,
                      "Total Cost": 8184.19,
                      "Plan Rows": 390368,
                      "Plan Width": 0,
                      "Actual Startup Time": 25.372,
                      "Actual Total Time": 25.372,
                      "Actual Rows": 390588,
                      "Actual Loops": 1,
                      "Index Cond": "(keyword_id > 44073)"
                    }
                  ]
                }
              ]
            }
          ]
        }
      ]
    },
    "Planning Time": 0.193,
    "Triggers": [],
    "Execution Time": 107.637
  }
]