[
  {
    "Plan": {
      "Node Type": "Aggregate",
      "Strategy": "Plain",
      "Partial Mode": "Finalize",
      "Parallel Aware": false,
      "Startup Cost": 35925.83,
      "Total Cost": 35925.84,
      "Plan Rows": 1,
      "Plan Width": 8,
      "Actual Startup Time": 118.248,
      "Actual Total Time": 125.917,
      "Actual Rows": 1,
      "Actual Loops": 1,
      "Plans": [
        {
          "Node Type": "Gather",
          "Parent Relationship": "Outer",
          "Parallel Aware": false,
          "Startup Cost": 35925.51,
          "Total Cost": 35925.82,
          "Plan Rows": 3,
          "Plan Width": 8,
          "Actual Startup Time": 117.95,
          "Actual Total Time": 125.908,
          "Actual Rows": 4,
          "Actual Loops": 1,
          "Workers Planned": 3,
          "Workers Launched": 3,
          "Single Copy": false,
          "Plans": [
            {
              "Node Type": "Aggregate",
              "Strategy": "Plain",
              "Partial Mode": "Partial",
              "Parent Relationship": "Outer",
              "Parallel Aware": false,
              "Startup Cost": 34925.51,
              "Total Cost": 34925.52,
              "Plan Rows": 1,
              "Plan Width": 8,
              "Actual Startup Time": 110.386,
              "Actual Total Time": 110.387,
              "Actual Rows": 1,
              "Actual Loops": 4,
              "Plans": [
                {
                  "Node Type": "Bitmap Heap Scan",
                  "Parent Relationship": "Outer",
                  "Parallel Aware": true,
                  "Relation Name": "movie_keyword",
                  "Alias": "mk",
                  "Startup Cost": 8526.96,
                  "Total Cost": 34601.42,
                  "Plan Rows": 129637,
                  "Plan Width": 0,
                  "Actual Startup Time": 39.088,
                  "Actual Total Time": 104.683,
                  "Actual Rows": 97647,
                  "Actual Loops": 4,
                  "Recheck Cond": "(keyword_id > 44073)",
                  "Rows Removed by Index Recheck": 0,
                  "Exact Heap Blocks": 10664,
                  "Lossy Heap Blocks": 0,
                  "Plans": [
                    {
                      "Node Type": "Bitmap Index Scan",
                      "Parent Relationship": "Outer",
                      "Parallel Aware": false,
                      "Index Name": "keyword_id_movie_keyword",
                      "Startup Cost": 0.0,
                      "Total Cost": 8426.49,
                      "Plan Rows": 401874,
                      "Plan Width": 0,
                      "Actual Startup Time": 42.556,
                      "Actual Total Time": 42.556,
                      "Actual Rows": 390588,
                      "Actual Loops": 1,
                      "Index Cond": "(keyword_id > 44073)"
                    }
                  ]
                }
              ]
            }
          ]
        }
      ]
    },
    "Planning Time": 0.152,
    "Triggers": [],
    "Execution Time": 125.982
  }
]