[
  {
    "Plan": {
      "Node Type": "Aggregate",
      "Strategy": "Plain",
      "Partial Mode": "Finalize",
      "Parallel Aware": false,
      "Startup Cost": 128026.5,
      "Total Cost": 128026.51,
      "Plan Rows": 1,
      "Plan Width": 8,
      "Actual Startup Time": 112.144,
      "Actual Total Time": 128.583,
      "Actual Rows": 1,
      "Actual Loops": 1,
      "Plans": [
        {
          "Node Type": "Gather",
          "Parent Relationship": "Outer",
          "Parallel Aware": false,
          "Startup Cost": 128026.08,
          "Total Cost": 128026.49,
          "Plan Rows": 4,
          "Plan Width": 8,
          "Actual Startup Time": 111.991,
          "Actual Total Time": 128.572,
          "Actual Rows": 5,
          "Actual Loops": 1,
          "Workers Planned": 4,
          "Workers Launched": 4,
          "Single Copy": false,
          "Plans": [
            {
              "Node Type": "Aggregate",
              "Strategy": "Plain",
              "Partial Mode": "Partial",
              "Parent Relationship": "Outer",
              "Parallel Aware": false,
              "Startup Cost": 127026.08,
              "Total Cost": 127026.09,
              "Plan Rows": 1,
              "Plan Width": 8,
              "Actual Startup Time": 105.734,
              "Actual Total Time": 105.735,
              "Actual Rows": 1,
              "Actual Loops": 5,
              "Plans": [
                {
                  "Node Type": "Nested Loop",
                  "Parent Relationship": "Outer",
                  "Parallel Aware": false,
                  "Join Type": "Inner",
                  "Startup Cost": 0.43,
                  "Total Cost": 127017.92,
                  "Plan Rows": 3266,
                  "Plan Width": 0,
                  "Actual Startup Time": 57.349,
                  "Actual Total Time": 105.198,
                  "Actual Rows": 6064,
                  "Actual Loops": 5,
                  "Inner Unique": false,
                  "Plans": [
                    {
                      "Node Type": "Seq Scan",
                      "Parent Relationship": "Outer",
                      "Parallel Aware": true,
                      "Relation Name": "title",
                      "Alias": "t",
                      "Startup Cost": 0.0,
                      "Total Cost": 43899.32,
                      "Plan Rows": 653,
                      "Plan Width": 4,
                      "Actual Startup Time": 57.233,
                      "Actual Total Time": 80.64,
                      "Actual Rows": 583,
                      "Actual Loops": 5,
                      "Filter": "(production_year = 1927)",
                      "Rows Removed by Filter": 505079
                    },
                    {
                      "Node Type": "Index Scan",
                      "Parent Relationship": "Inner",
                      "Parallel Aware": false,
                      "Scan Direction": "Forward",
                      "Index Name": "movie_id_movie_info",
                      "Relation Name": "movie_info",
                      "Alias": "mi",
                      "Startup Cost": 0.43,
                      "Total Cost": 126.94,
                      "Plan Rows": 35,
                      "Plan Width": 4,
                      "Actual Startup Time": 0.015,
                      "Actual Total Time": 0.041,
                      "Actual Rows": 10,
                      "Actual Loops": 2915,
                      "Index Cond": "(movie_id = t.id)",
                      "Rows Removed by Index Recheck": 0,
                      "Filter": "(info_type_id < 17)",
                      "Rows Removed by Filter": 1
                    }
                  ]
                }
              ]
            }
          ]
        }
      ]
    },
    "Planning Time": 0.474,
    "Triggers": [],
    "Execution Time": 128.637
  }
]