{
  "Plan": {
    "Node Type": "Aggregate",
    "Strategy": "Plain",
    "Partial Mode": "Finalize",
    "Parallel Aware": false,
    "Startup Cost": 619122.23,
    "Total Cost": 619122.24,
    "Plan Rows": 1,
    "Plan Width": 8,
    "Actual Startup Time": 3704.263,
    "Actual Total Time": 3772.137,
    "Actual Rows": 1,
    "Actual Loops": 1,
    "Plans": [
      {
        "Node Type": "Gather",
        "Parent Relationship": "Outer",
        "Parallel Aware": false,
        "Startup Cost": 619122.12,
        "Total Cost": 619122.23,
        "Plan Rows": 1,
        "Plan Width": 8,
        "Actual Startup Time": 3702.978,
        "Actual Total Time": 3772.128,
        "Actual Rows": 2,
        "Actual Loops": 1,
        "Workers Planned": 1,
        "Workers Launched": 1,
        "Single Copy": false,
        "Plans": [
          {
            "Node Type": "Aggregate",
            "Strategy": "Plain",
            "Partial Mode": "Partial",
            "Parent Relationship": "Outer",
            "Parallel Aware": false,
            "Startup Cost": 618122.12,
            "Total Cost": 618122.13,
            "Plan Rows": 1,
            "Plan Width": 8,
            "Actual Startup Time": 3697.303,
            "Actual Total Time": 3697.307,
            "Actual Rows": 1,
            "Actual Loops": 2,
            "Plans": [
              {
                "Node Type": "Hash Join",
                "Parent Relationship": "Outer",
                "Parallel Aware": true,
                "Join Type": "Inner",
                "Startup Cost": 62306.66,
                "Total Cost": 611872.54,
                "Plan Rows": 2499831,
                "Plan Width": 0,
                "Actual Startup Time": 247.848,
                "Actual Total Time": 3607.507,
                "Actual Rows": 1939634,
                "Actual Loops": 2,
                "Inner Unique": true,
                "Hash Cond": "(ci.movie_id = t.id)",
                "Plans": [
                  {
                    "Node Type": "Seq Scan",
                    "Parent Relationship": "Outer",
                    "Parallel Aware": true,
                    "Relation Name": "cast_info",
                    "Alias": "ci",
                    "Startup Cost": 0.0,
                    "Total Cost": 519069.44,
                    "Plan Rows": 11617671,
                    "Plan Width": 4,
                    "Actual Startup Time": 0.017,
                    "Actual Total Time": 1539.713,
                    "Actual Rows": 9903398,
                    "Actual Loops": 2,
                    "Filter": "(person_id < 1987123)",
                    "Rows Removed by Filter": 8218774
                  },
                  {
                    "Node Type": "Hash",
                    "Parent Relationship": "Inner",
                    "Parallel Aware": true,
                    "Startup Cost": 58306.47,
                    "Total Cost": 58306.47,
                    "Plan Rows": 320015,
                    "Plan Width": 4,
                    "Actual Startup Time": 238.334,
                    "Actual Total Time": 238.334,
                    "Actual Rows": 229905,
                    "Actual Loops": 2,
                    "Hash Buckets": 1048576,
                    "Original Hash Buckets": 1048576,
                    "Hash Batches": 1,
                    "Original Hash Batches": 1,
                    "Peak Memory Usage": 26240,
                    "Plans": [
                      {
                        "Node Type": "Seq Scan",
                        "Parent Relationship": "Outer",
                        "Parallel Aware": true,
                        "Relation Name": "title",
                        "Alias": "t",
                        "Startup Cost": 0.0,
                        "Total Cost": 58306.47,
                        "Plan Rows": 320015,
                        "Plan Width": 4,
                        "Actual Startup Time": 0.035,
                        "Actual Total Time": 169.539,
                        "Actual Rows": 229905,
                        "Actual Loops": 2,
                        "Filter": "((kind_id < 7) AND (production_year > 2000))",
                        "Rows Removed by Filter": 1034251
                      }
                    ]
                  }
                ]
              }
            ]
          }
        ]
      }
    ]
  },
  "Planning Time": 0.684,
  "Triggers": [],
  "Execution Time": 3772.248
}