[
  {
    "Plan": {
      "Node Type": "Aggregate",
      "Strategy": "Plain",
      "Partial Mode": "Finalize",
      "Parallel Aware": false,
      "Startup Cost": 63933.25,
      "Total Cost": 63933.26,
      "Plan Rows": 1,
      "Plan Width": 8,
      "Actual Startup Time": 265.305,
      "Actual Total Time": 277.719,
      "Actual Rows": 1,
      "Actual Loops": 1,
      "Plans": [
        {
          "Node Type": "Gather",
          "Parent Relationship": "Outer",
          "Parallel Aware": false,
          "Startup Cost": 63933.03,
          "Total Cost": 63933.24,
          "Plan Rows": 2,
          "Plan Width": 8,
          "Actual Startup Time": 263.086,
          "Actual Total Time": 277.711,
          "Actual Rows": 3,
          "Actual Loops": 1,
          "Workers Planned": 2,
          "Workers Launched": 2,
          "Single Copy": false,
          "Plans": [
            {
              "Node Type": "Aggregate",
              "Strategy": "Plain",
              "Partial Mode": "Partial",
              "Parent Relationship": "Outer",
              "Parallel Aware": false,
              "Startup Cost": 62933.03,
              "Total Cost": 62933.04,
              "Plan Rows": 1,
              "Plan Width": 8,
              "Actual Startup Time": 255.653,
              "Actual Total Time": 255.659,
              "Actual Rows": 1,
              "Actual Loops": 3,
              "Plans": [
                {
                  "Node Type": "Hash Join",
                  "Parent Relationship": "Outer",
                  "Parallel Aware": true,
                  "Join Type": "Inner",
                  "Startup Cost": 47201.76,
                  "Total Cost": 62828.39,
                  "Plan Rows": 41858,
                  "Plan Width": 0,
                  "Actual Startup Time": 205.286,
                  "Actual Total Time": 253.472,
                  "Actual Rows": 52107,
                  "Actual Loops": 3,
                  "Inner Unique": true,
                  "Hash Cond": "(mi_idx.movie_id = t.id)",
                  "Plans": [
                    {
                      "Node Type": "Seq Scan",
                      "Parent Relationship": "Outer",
                      "Parallel Aware": true,
                      "Relation Name": "movie_info_idx",
                      "Alias": "mi_idx",
                      "Startup Cost": 0.0,
                      "Total Cost": 15122.68,
                      "Plan Rows": 191978,
                      "Plan Width": 4,
                      "Actual Startup Time": 0.025,
                      "Actual Total Time": 37.751,
                      "Actual Rows": 153308,
                      "Actual Loops": 3,
                      "Filter": "(info_type_id = 101)",
                      "Rows Removed by Filter": 306703
                    },
                    {
                      "Node Type": "Hash",
                      "Parent Relationship": "Inner",
                      "Parallel Aware": true,
                      "Startup Cost": 45479.1,
                      "Total Cost": 45479.1,
                      "Plan Rows": 137813,
                      "Plan Width": 4,
                      "Actual Startup Time": 170.574,
                      "Actual Total Time": 170.578,
                      "Actual Rows": 143285,
                      "Actual Loops": 3,
                      "Hash Buckets": 1048576,
                      "Original Hash Buckets": 1048576,
                      "Hash Batches": 1,
                      "Original Hash Batches": 1,
                      "Peak Memory Usage": 25088,
                      "Plans": [
                        {
                          "Node Type": "Seq Scan",
                          "Parent Relationship": "Outer",
                          "Parallel Aware": true,
                          "Relation Name": "title",
                          "Alias": "t",
                          "Startup Cost": 0.0,
                          "Total Cost": 45479.1,
                          "Plan Rows": 137813,
                          "Plan Width": 4,
                          "Actual Startup Time": 50.648,
                          "Actual Total Time": 122.479,
                          "Actual Rows": 143285,
                          "Actual Loops": 3,
                          "Filter": "((production_year > 1969) AND (kind_id = 1))",
                          "Rows Removed by Filter": 699486
                        }
                      ]
                    }
                  ]
                }
              ]
            }
          ]
        }
      ]
    },
    "Planning Time": 0.619,
    "Triggers": [],
    "Execution Time": 277.787
  }
]