[
    {
        "Bao": {
            "Bao prediction": "NaN",
            "Bao recommended hint": "(no hint)"
        }
    },
    {
        "Plan": {
            "Node Type": "Aggregate",
            "Strategy": "Plain",
            "Partial Mode": "Finalize",
            "Parallel Aware": false,
            "Startup Cost": 39441.79,
            "Total Cost": 39441.8,
            "Plan Rows": 1,
            "Plan Width": 8,
            "Actual Startup Time": 147.975,
            "Actual Total Time": 157.349,
            "Actual Rows": 1,
            "Actual Loops": 1,
            "Output": [
                "count(*)"
            ],
            "Plans": [
                {
                    "Node Type": "Gather",
                    "Parent Relationship": "Outer",
                    "Parallel Aware": false,
                    "Startup Cost": 39441.48,
                    "Total Cost": 39441.79,
                    "Plan Rows": 3,
                    "Plan Width": 8,
                    "Actual Startup Time": 147.67,
                    "Actual Total Time": 157.338,
                    "Actual Rows": 4,
                    "Actual Loops": 1,
                    "Output": [
                        "(PARTIAL count(*))"
                    ],
                    "Workers Planned": 3,
                    "Workers Launched": 3,
                    "Single Copy": false,
                    "Plans": [
                        {
                            "Node Type": "Aggregate",
                            "Strategy": "Plain",
                            "Partial Mode": "Partial",
                            "Parent Relationship": "Outer",
                            "Parallel Aware": false,
                            "Startup Cost": 38441.48,
                            "Total Cost": 38441.49,
                            "Plan Rows": 1,
                            "Plan Width": 8,
                            "Actual Startup Time": 139.112,
                            "Actual Total Time": 139.113,
                            "Actual Rows": 1,
                            "Actual Loops": 4,
                            "Output": [
                                "PARTIAL count(*)"
                            ],
                            "Workers": [
                                {
                                    "Worker Number": 0,
                                    "Actual Startup Time": 136.156,
                                    "Actual Total Time": 136.157,
                                    "Actual Rows": 1,
                                    "Actual Loops": 1
                                },
                                {
                                    "Worker Number": 1,
                                    "Actual Startup Time": 136.321,
                                    "Actual Total Time": 136.322,
                                    "Actual Rows": 1,
                                    "Actual Loops": 1
                                },
                                {
                                    "Worker Number": 2,
                                    "Actual Startup Time": 136.614,
                                    "Actual Total Time": 136.616,
                                    "Actual Rows": 1,
                                    "Actual Loops": 1
                                }
                            ],
                            "Plans": [
                                {
                                    "Node Type": "Bitmap Heap Scan",
                                    "Parent Relationship": "Outer",
                                    "Parallel Aware": true,
                                    "Relation Name": "movie_keyword",
                                    "Schema": "public",
                                    "Alias": "mk",
                                    "Startup Cost": 11389.51,
                                    "Total Cost": 38008.48,
                                    "Plan Rows": 173198,
                                    "Plan Width": 0,
                                    "Actual Startup Time": 47.809,
                                    "Actual Total Time": 129.403,
                                    "Actual Rows": 132006,
                                    "Actual Loops": 4,
                                    "Recheck Cond": "(mk.keyword_id > 34482)",
                                    "Rows Removed by Index Recheck": 0,
                                    "Exact Heap Blocks": 8516,
                                    "Lossy Heap Blocks": 0,
                                    "Workers": [
                                        {
                                            "Worker Number": 0,
                                            "Actual Startup Time": 44.883,
                                            "Actual Total Time": 127.191,
                                            "Actual Rows": 103642,
                                            "Actual Loops": 1
                                        },
                                        {
                                            "Worker Number": 1,
                                            "Actual Startup Time": 45.35,
                                            "Actual Total Time": 127.516,
                                            "Actual Rows": 101020,
                                            "Actual Loops": 1
                                        },
                                        {
                                            "Worker Number": 2,
                                            "Actual Startup Time": 45.334,
                                            "Actual Total Time": 128.57,
                                            "Actual Rows": 130464,
                                            "Actual Loops": 1
                                        }
                                    ],
                                    "Plans": [
                                        {
                                            "Node Type": "Bitmap Index Scan",
                                            "Parent Relationship": "Outer",
                                            "Parallel Aware": false,
                                            "Index Name": "keyword_id_movie_keyword",
                                            "Startup Cost": 0.0,
                                            "Total Cost": 11255.28,
                                            "Plan Rows": 536913,
                                            "Plan Width": 0,
                                            "Actual Startup Time": 50.234,
                                            "Actual Total Time": 50.234,
                                            "Actual Rows": 528023,
                                            "Actual Loops": 1,
                                            "Index Cond": "(mk.keyword_id > 34482)"
                                        }
                                    ]
                                }
                            ]
                        }
                    ]
                }
            ]
        },
        "Planning Time": 322.739,
        "Triggers": [],
        "Execution Time": 157.413
    }
]