{
  "Plan": {
    "Node Type": "Aggregate",
    "Strategy": "Plain",
    "Partial Mode": "Finalize",
    "Parallel Aware": false,
    "Startup Cost": 137420.98,
    "Total Cost": 137420.99,
    "Plan Rows": 1,
    "Plan Width": 8,
    "Actual Startup Time": 1064.381,
    "Actual Total Time": 1088.29,
    "Actual Rows": 1,
    "Actual Loops": 1,
    "Plans": [
      {
        "Node Type": "Gather",
        "Parent Relationship": "Outer",
        "Parallel Aware": false,
        "Startup Cost": 137420.87,
        "Total Cost": 137420.98,
        "Plan Rows": 1,
        "Plan Width": 8,
        "Actual Startup Time": 1059.235,
        "Actual Total Time": 1088.283,
        "Actual Rows": 2,
        "Actual Loops": 1,
        "Workers Planned": 1,
        "Workers Launched": 1,
        "Single Copy": false,
        "Plans": [
          {
            "Node Type": "Aggregate",
            "Strategy": "Plain",
            "Partial Mode": "Partial",
            "Parent Relationship": "Outer",
            "Parallel Aware": false,
            "Startup Cost": 136420.87,
            "Total Cost": 136420.88,
            "Plan Rows": 1,
            "Plan Width": 8,
            "Actual Startup Time": 1052.503,
            "Actual Total Time": 1052.51,
            "Actual Rows": 1,
            "Actual Loops": 2,
            "Plans": [
              {
                "Node Type": "Hash Join",
                "Parent Relationship": "Outer",
                "Parallel Aware": true,
                "Join Type": "Inner",
                "Startup Cost": 115754.77,
                "Total Cost": 135952.9,
                "Plan Rows": 187185,
                "Plan Width": 0,
                "Actual Startup Time": 860.433,
                "Actual Total Time": 1026.092,
                "Actual Rows": 670823,
                "Actual Loops": 2,
                "Inner Unique": false,
                "Hash Cond": "(mi_idx.movie_id = t.id)",
                "Plans": [
                  {
                    "Node Type": "Seq Scan",
                    "Parent Relationship": "Outer",
                    "Parallel Aware": true,
                    "Relation Name": "movie_info_idx",
                    "Alias": "mi_idx",
                    "Startup Cost": 0.0,
                    "Total Cost": 16052.85,
                    "Plan Rows": 811785,
                    "Plan Width": 4,
                    "Actual Startup Time": 0.05,
                    "Actual Total Time": 49.342,
                    "Actual Rows": 690018,
                    "Actual Loops": 2
                  },
                  {
                    "Node Type": "Hash",
                    "Parent Relationship": "Inner",
                    "Parallel Aware": true,
                    "Startup Cost": 111468.12,
                    "Total Cost": 111468.12,
                    "Plan Rows": 342932,
                    "Plan Width": 8,
                    "Actual Startup Time": 840.124,
                    "Actual Total Time": 840.129,
                    "Actual Rows": 286492,
                    "Actual Loops": 2,
                    "Hash Buckets": 1048576,
                    "Original Hash Buckets": 1048576,
                    "Hash Batches": 1,
                    "Original Hash Batches": 1,
                    "Peak Memory Usage": 30624,
                    "Plans": [
                      {
                        "Node Type": "Hash Join",
                        "Parent Relationship": "Outer",
                        "Parallel Aware": true,
                        "Join Type": "Inner",
                        "Startup Cost": 81827.27,
                        "Total Cost": 111468.12,
                        "Plan Rows": 342932,
                        "Plan Width": 8,
                        "Actual Startup Time": 618.321,
                        "Actual Total Time": 776.812,
                        "Actual Rows": 286492,
                        "Actual Loops": 2,
                        "Inner Unique": true,
                        "Hash Cond": "(mk.movie_id = t.id)",
                        "Plans": [
                          {
                            "Node Type": "Bitmap Heap Scan",
                            "Parent Relationship": "Outer",
                            "Parallel Aware": true,
                            "Relation Name": "movie_keyword",
                            "Alias": "mk",
                            "Startup Cost": 12366.57,
                            "Total Cost": 41107.22,
                            "Plan Rows": 342932,
                            "Plan Width": 4,
                            "Actual Startup Time": 33.236,
                            "Actual Total Time": 112.712,
                            "Actual Rows": 286492,
                            "Actual Loops": 2,
                            "Recheck Cond": "(keyword_id > 32082)",
                            "Rows Removed by Index Recheck": 0,
                            "Exact Heap Blocks": 13120,
                            "Lossy Heap Blocks": 0,
                            "Plans": [
                              {
                                "Node Type": "Bitmap Index Scan",
                                "Parent Relationship": "Outer",
                                "Parallel Aware": false,
                                "Index Name": "keyword_id_movie_keyword",
                                "Startup Cost": 0.0,
                                "Total Cost": 12220.82,
                                "Plan Rows": 582985,
                                "Plan Width": 0,
                                "Actual Startup Time": 29.751,
                                "Actual Total Time": 29.751,
                                "Actual Rows": 572983,
                                "Actual Loops": 1,
                                "Index Cond": "(keyword_id > 32082)"
                              }
                            ]
                          },
                          {
                            "Node Type": "Hash",
                            "Parent Relationship": "Inner",
                            "Parallel Aware": true,
                            "Startup Cost": 50870.31,
                            "Total Cost": 50870.31,
                            "Plan Rows": 1487231,
                            "Plan Width": 4,
                            "Actual Startup Time": 569.268,
                            "Actual Total Time": 569.269,
                            "Actual Rows": 1264156,
                            "Actual Loops": 2,
                            "Hash Buckets": 4194304,
                            "Original Hash Buckets": 4194304,
                            "Hash Batches": 1,
                            "Original Hash Batches": 1,
                            "Peak Memory Usage": 131712,
                            "Plans": [
                              {
                                "Node Type": "Seq Scan",
                                "Parent Relationship": "Outer",
                                "Parallel Aware": true,
                                "Relation Name": "title",
                                "Alias": "t",
                                "Startup Cost": 0.0,
                                "Total Cost": 50870.31,
                                "Plan Rows": 1487231,
                                "Plan Width": 4,
                                "Actual Startup Time": 0.033,
                                "Actual Total Time": 159.036,
                                "Actual Rows": 1264156,
                                "Actual Loops": 2
                              }
                            ]
                          }
                        ]
                      }
                    ]
                  }
                ]
              }
            ]
          }
        ]
      }
    ]
  },
  "Planning Time": 1.065,
  "Triggers": [],
  "Execution Time": 1088.39
}