[
  {
    "Plan": {
      "Node Type": "Aggregate",
      "Strategy": "Plain",
      "Partial Mode": "Finalize",
      "Parallel Aware": false,
      "Startup Cost": 45894.75,
      "Total Cost": 45894.76,
      "Plan Rows": 1,
      "Plan Width": 8,
      "Actual Startup Time": 146.75,
      "Actual Total Time": 153.822,
      "Actual Rows": 1,
      "Actual Loops": 1,
      "Plans": [
        {
          "Node Type": "Gather",
          "Parent Relationship": "Outer",
          "Parallel Aware": false,
          "Startup Cost": 45894.44,
          "Total Cost": 45894.75,
          "Plan Rows": 3,
          "Plan Width": 8,
          "Actual Startup Time": 146.638,
          "Actual Total Time": 153.814,
          "Actual Rows": 4,
          "Actual Loops": 1,
          "Workers Planned": 3,
          "Workers Launched": 3,
          "Single Copy": false,
          "Plans": [
            {
              "Node Type": "Aggregate",
              "Strategy": "Plain",
              "Partial Mode": "Partial",
              "Parent Relationship": "Outer",
              "Parallel Aware": false,
              "Startup Cost": 44894.44,
              "Total Cost": 44894.45,
              "Plan Rows": 1,
              "Plan Width": 8,
              "Actual Startup Time": 139.967,
              "Actual Total Time": 139.968,
              "Actual Rows": 1,
              "Actual Loops": 4,
              "Plans": [
                {
                  "Node Type": "Seq Scan",
                  "Parent Relationship": "Outer",
                  "Parallel Aware": true,
                  "Relation Name": "movie_keyword",
                  "Alias": "mk",
                  "Startup Cost": 0.0,
                  "Total Cost": 42695.65,
                  "Plan Rows": 879513,
                  "Plan Width": 0,
                  "Actual Startup Time": 0.048,
                  "Actual Total Time": 109.482,
                  "Actual Rows": 686462,
                  "Actual Loops": 4,
                  "Filter": "(keyword_id < 7778)",
                  "Rows Removed by Filter": 444520
                }
              ]
            }
          ]
        }
      ]
    },
    "Planning Time": 0.184,
    "Triggers": [],
    "Execution Time": 153.875
  }
]