[
  {
    "Plan": {
      "Node Type": "Aggregate",
      "Strategy": "Plain",
      "Partial Mode": "Finalize",
      "Parallel Aware": false,
      "Startup Cost": 45913.45,
      "Total Cost": 45913.46,
      "Plan Rows": 1,
      "Plan Width": 8,
      "Actual Startup Time": 149.757,
      "Actual Total Time": 159.086,
      "Actual Rows": 1,
      "Actual Loops": 1,
      "Plans": [
        {
          "Node Type": "Gather",
          "Parent Relationship": "Outer",
          "Parallel Aware": false,
          "Startup Cost": 45913.13,
          "Total Cost": 45913.44,
          "Plan Rows": 3,
          "Plan Width": 8,
          "Actual Startup Time": 149.677,
          "Actual Total Time": 159.078,
          "Actual Rows": 4,
          "Actual Loops": 1,
          "Workers Planned": 3,
          "Workers Launched": 3,
          "Single Copy": false,
          "Plans": [
            {
              "Node Type": "Aggregate",
              "Strategy": "Plain",
              "Partial Mode": "Partial",
              "Parent Relationship": "Outer",
              "Parallel Aware": false,
              "Startup Cost": 44913.13,
              "Total Cost": 44913.14,
              "Plan Rows": 1,
              "Plan Width": 8,
              "Actual Startup Time": 144.449,
              "Actual Total Time": 144.45,
              "Actual Rows": 1,
              "Actual Loops": 4,
              "Plans": [
                {
                  "Node Type": "Seq Scan",
                  "Parent Relationship": "Outer",
                  "Parallel Aware": true,
                  "Relation Name": "movie_keyword",
                  "Alias": "mk",
                  "Startup Cost": 0.0,
                  "Total Cost": 42695.65,
                  "Plan Rows": 886991,
                  "Plan Width": 0,
                  "Actual Startup Time": 0.039,
                  "Actual Total Time": 114.856,
                  "Actual Rows": 686462,
                  "Actual Loops": 4,
                  "Filter": "(keyword_id < 7778)",
                  "Rows Removed by Filter": 444520
                }
              ]
            }
          ]
        }
      ]
    },
    "Planning Time": 0.126,
    "Triggers": [],
    "Execution Time": 159.127
  }
]