[
  {
    "Plan": {
      "Node Type": "Aggregate",
      "Strategy": "Plain",
      "Partial Mode": "Finalize",
      "Parallel Aware": false,
      "Startup Cost": 77603.42,
      "Total Cost": 77603.43,
      "Plan Rows": 1,
      "Plan Width": 8,
      "Actual Startup Time": 231.706,
      "Actual Total Time": 245.108,
      "Actual Rows": 1,
      "Actual Loops": 1,
      "Plans": [
        {
          "Node Type": "Gather",
          "Parent Relationship": "Outer",
          "Parallel Aware": false,
          "Startup Cost": 77603.0,
          "Total Cost": 77603.41,
          "Plan Rows": 4,
          "Plan Width": 8,
          "Actual Startup Time": 231.032,
          "Actual Total Time": 245.099,
          "Actual Rows": 5,
          "Actual Loops": 1,
          "Workers Planned": 4,
          "Workers Launched": 4,
          "Single Copy": false,
          "Plans": [
            {
              "Node Type": "Aggregate",
              "Strategy": "Plain",
              "Partial Mode": "Partial",
              "Parent Relationship": "Outer",
              "Parallel Aware": false,
              "Startup Cost": 76603.0,
              "Total Cost": 76603.01,
              "Plan Rows": 1,
              "Plan Width": 8,
              "Actual Startup Time": 221.223,
              "Actual Total Time": 221.226,
              "Actual Rows": 1,
              "Actual Loops": 5,
              "Plans": [
                {
                  "Node Type": "Hash Join",
                  "Parent Relationship": "Outer",
                  "Parallel Aware": true,
                  "Join Type": "Inner",
                  "Startup Cost": 30816.51,
                  "Total Cost": 76468.79,
                  "Plan Rows": 53685,
                  "Plan Width": 0,
                  "Actual Startup Time": 89.175,
                  "Actual Total Time": 219.982,
                  "Actual Rows": 19766,
                  "Actual Loops": 5,
                  "Inner Unique": false,
                  "Hash Cond": "(t.id = mc.movie_id)",
                  "Plans": [
                    {
                      "Node Type": "Seq Scan",
                      "Parent Relationship": "Outer",
                      "Parallel Aware": true,
                      "Relation Name": "title",
                      "Alias": "t",
                      "Startup Cost": 0.0,
                      "Total Cost": 42318.73,
                      "Plan Rows": 632073,
                      "Plan Width": 4,
                      "Actual Startup Time": 0.01,
                      "Actual Total Time": 63.039,
                      "Actual Rows": 505662,
                      "Actual Loops": 5
                    },
                    {
                      "Node Type": "Hash",
                      "Parent Relationship": "Inner",
                      "Parallel Aware": true,
                      "Startup Cost": 29950.62,
                      "Total Cost": 29950.62,
                      "Plan Rows": 69271,
                      "Plan Width": 4,
                      "Actual Startup Time": 87.188,
                      "Actual Total Time": 87.189,
                      "Actual Rows": 19766,
                      "Actual Loops": 5,
                      "Hash Buckets": 262144,
                      "Original Hash Buckets": 262144,
                      "Hash Batches": 1,
                      "Original Hash Batches": 1,
                      "Peak Memory Usage": 6016,
                      "Plans": [
                        {
                          "Node Type": "Bitmap Heap Scan",
                          "Parent Relationship": "Outer",
                          "Parallel Aware": true,
                          "Relation Name": "movie_companies",
                          "Alias": "mc",
                          "Startup Cost": 9114.15,
                          "Total Cost": 29950.62,
                          "Plan Rows": 69271,
                          "Plan Width": 4,
                          "Actual Startup Time": 69.069,
                          "Actual Total Time": 81.201,
                          "Actual Rows": 19766,
                          "Actual Loops": 5,
                          "Recheck Cond": "(company_id < 302)",
                          "Rows Removed by Index Recheck": 0,
                          "Filter": "(company_type_id > 1)",
                          "Rows Removed by Filter": 64641,
                          "Exact Heap Blocks": 8732,
                          "Lossy Heap Blocks": 0,
                          "Plans": [
                            {
                              "Node Type": "Bitmap Index Scan",
                              "Parent Relationship": "Outer",
                              "Parallel Aware": false,
                              "Index Name": "company_id_movie_companies",
                              "Startup Cost": 0.0,
                              "Total Cost": 9060.47,
                              "Plan Rows": 422938,
                              "Plan Width": 0,
                              "Actual Startup Time": 31.844,
                              "Actual Total Time": 31.844,
                              "Actual Rows": 422035,
                              "Actual Loops": 1,
                              "Index Cond": "(company_id < 302)"
                            }
                          ]
                        }
                      ]
                    }
                  ]
                }
              ]
            }
          ]
        }
      ]
    },
    "Planning Time": 0.658,
    "Triggers": [],
    "Execution Time": 245.205
  }
]