[
  {
    "Plan": {
      "Node Type": "Aggregate",
      "Strategy": "Plain",
      "Partial Mode": "Finalize",
      "Parallel Aware": false,
      "Startup Cost": 44800.34,
      "Total Cost": 44800.35,
      "Plan Rows": 1,
      "Plan Width": 8,
      "Actual Startup Time": 126.172,
      "Actual Total Time": 136.086,
      "Actual Rows": 1,
      "Actual Loops": 1,
      "Plans": [
        {
          "Node Type": "Gather",
          "Parent Relationship": "Outer",
          "Parallel Aware": false,
          "Startup Cost": 44800.02,
          "Total Cost": 44800.33,
          "Plan Rows": 3,
          "Plan Width": 8,
          "Actual Startup Time": 126.076,
          "Actual Total Time": 136.079,
          "Actual Rows": 4,
          "Actual Loops": 1,
          "Workers Planned": 3,
          "Workers Launched": 3,
          "Single Copy": false,
          "Plans": [
            {
              "Node Type": "Aggregate",
              "Strategy": "Plain",
              "Partial Mode": "Partial",
              "Parent Relationship": "Outer",
              "Parallel Aware": false,
              "Startup Cost": 43800.02,
              "Total Cost": 43800.03,
              "Plan Rows": 1,
              "Plan Width": 8,
              "Actual Startup Time": 120.844,
              "Actual Total Time": 120.845,
              "Actual Rows": 1,
              "Actual Loops": 4,
              "Plans": [
                {
                  "Node Type": "Seq Scan",
                  "Parent Relationship": "Outer",
                  "Parallel Aware": true,
                  "Relation Name": "movie_keyword",
                  "Alias": "mk",
                  "Startup Cost": 0.0,
                  "Total Cost": 42695.65,
                  "Plan Rows": 441747,
                  "Plan Width": 0,
                  "Actual Startup Time": 1.506,
                  "Actual Total Time": 104.455,
                  "Actual Rows": 343772,
                  "Actual Loops": 4,
                  "Filter": "(keyword_id > 12140)",
                  "Rows Removed by Filter": 787210
                }
              ]
            }
          ]
        }
      ]
    },
    "Planning Time": 0.115,
    "Triggers": [],
    "Execution Time": 136.127
  }
]