{
  "Plan": {
    "Node Type": "Aggregate",
    "Strategy": "Plain",
    "Partial Mode": "Finalize",
    "Parallel Aware": false,
    "Startup Cost": 213997.89,
    "Total Cost": 213997.9,
    "Plan Rows": 1,
    "Plan Width": 8,
    "Actual Startup Time": 710.525,
    "Actual Total Time": 753.773,
    "Actual Rows": 1,
    "Actual Loops": 1,
    "Plans": [
      {
        "Node Type": "Gather",
        "Parent Relationship": "Outer",
        "Parallel Aware": false,
        "Startup Cost": 213997.78,
        "Total Cost": 213997.89,
        "Plan Rows": 1,
        "Plan Width": 8,
        "Actual Startup Time": 709.886,
        "Actual Total Time": 753.765,
        "Actual Rows": 2,
        "Actual Loops": 1,
        "Workers Planned": 1,
        "Workers Launched": 1,
        "Single Copy": false,
        "Plans": [
          {
            "Node Type": "Aggregate",
            "Strategy": "Plain",
            "Partial Mode": "Partial",
            "Parent Relationship": "Outer",
            "Parallel Aware": false,
            "Startup Cost": 212997.78,
            "Total Cost": 212997.79,
            "Plan Rows": 1,
            "Plan Width": 8,
            "Actual Startup Time": 703.867,
            "Actual Total Time": 703.871,
            "Actual Rows": 1,
            "Actual Loops": 2,
            "Plans": [
              {
                "Node Type": "Nested Loop",
                "Parent Relationship": "Outer",
                "Parallel Aware": false,
                "Join Type": "Inner",
                "Startup Cost": 55772.41,
                "Total Cost": 212272.53,
                "Plan Rows": 290101,
                "Plan Width": 0,
                "Actual Startup Time": 220.813,
                "Actual Total Time": 687.683,
                "Actual Rows": 357601,
                "Actual Loops": 2,
                "Inner Unique": false,
                "Join Filter": "(t.id = mi.movie_id)",
                "Rows Removed by Join Filter": 0,
                "Plans": [
                  {
                    "Node Type": "Hash Join",
                    "Parent Relationship": "Outer",
                    "Parallel Aware": true,
                    "Join Type": "Inner",
                    "Startup Cost": 55771.98,
                    "Total Cost": 95792.31,
                    "Plan Rows": 49613,
                    "Plan Width": 8,
                    "Actual Startup Time": 220.753,
                    "Actual Total Time": 383.213,
                    "Actual Rows": 34338,
                    "Actual Loops": 2,
                    "Inner Unique": true,
                    "Hash Cond": "(mc.movie_id = t.id)",
                    "Plans": [
                      {
                        "Node Type": "Seq Scan",
                        "Parent Relationship": "Outer",
                        "Parallel Aware": true,
                        "Relation Name": "movie_companies",
                        "Alias": "mc",
                        "Startup Cost": 0.0,
                        "Total Cost": 37974.77,
                        "Plan Rows": 779260,
                        "Plan Width": 4,
                        "Actual Startup Time": 47.758,
                        "Actual Total Time": 112.642,
                        "Actual Rows": 667442,
                        "Actual Loops": 2,
                        "Filter": "(company_type_id = 2)",
                        "Rows Removed by Filter": 637123
                      },
                      {
                        "Node Type": "Hash",
                        "Parent Relationship": "Inner",
                        "Parallel Aware": true,
                        "Startup Cost": 54588.39,
                        "Total Cost": 54588.39,
                        "Plan Rows": 94687,
                        "Plan Width": 4,
                        "Actual Startup Time": 169.482,
                        "Actual Total Time": 169.483,
                        "Actual Rows": 82154,
                        "Actual Loops": 2,
                        "Hash Buckets": 262144,
                        "Original Hash Buckets": 262144,
                        "Hash Batches": 1,
                        "Original Hash Batches": 1,
                        "Peak Memory Usage": 8512,
                        "Plans": [
                          {
                            "Node Type": "Seq Scan",
                            "Parent Relationship": "Outer",
                            "Parallel Aware": true,
                            "Relation Name": "title",
                            "Alias": "t",
                            "Startup Cost": 0.0,
                            "Total Cost": 54588.39,
                            "Plan Rows": 94687,
                            "Plan Width": 4,
                            "Actual Startup Time": 0.026,
                            "Actual Total Time": 142.32,
                            "Actual Rows": 82154,
                            "Actual Loops": 2,
                            "Filter": "(production_year = 2012)",
                            "Rows Removed by Filter": 1182002
                          }
                        ]
                      }
                    ]
                  },
                  {
                    "Node Type": "Index Only Scan",
                    "Parent Relationship": "Inner",
                    "Parallel Aware": false,
                    "Scan Direction": "Forward",
                    "Index Name": "movie_id_movie_info",
                    "Relation Name": "movie_info",
                    "Alias": "mi",
                    "Startup Cost": 0.43,
                    "Total Cost": 1.82,
                    "Plan Rows": 42,
                    "Plan Width": 4,
                    "Actual Startup Time": 0.003,
                    "Actual Total Time": 0.008,
                    "Actual Rows": 10,
                    "Actual Loops": 68676,
                    "Index Cond": "(movie_id = mc.movie_id)",
                    "Rows Removed by Index Recheck": 0,
                    "Heap Fetches": 715202
                  }
                ]
              }
            ]
          }
        ]
      }
    ]
  },
  "Planning Time": 1.004,
  "Triggers": [],
  "Execution Time": 753.864
}