[
  {
    "Plan": {
      "Node Type": "Aggregate",
      "Strategy": "Plain",
      "Partial Mode": "Finalize",
      "Parallel Aware": false,
      "Startup Cost": 67555.64,
      "Total Cost": 67555.65,
      "Plan Rows": 1,
      "Plan Width": 8,
      "Actual Startup Time": 148.209,
      "Actual Total Time": 164.301,
      "Actual Rows": 1,
      "Actual Loops": 1,
      "Plans": [
        {
          "Node Type": "Gather",
          "Parent Relationship": "Outer",
          "Parallel Aware": false,
          "Startup Cost": 67555.33,
          "Total Cost": 67555.64,
          "Plan Rows": 3,
          "Plan Width": 8,
          "Actual Startup Time": 146.906,
          "Actual Total Time": 164.295,
          "Actual Rows": 4,
          "Actual Loops": 1,
          "Workers Planned": 3,
          "Workers Launched": 3,
          "Single Copy": false,
          "Plans": [
            {
              "Node Type": "Aggregate",
              "Strategy": "Plain",
              "Partial Mode": "Partial",
              "Parent Relationship": "Outer",
              "Parallel Aware": false,
              "Startup Cost": 66555.33,
              "Total Cost": 66555.34,
              "Plan Rows": 1,
              "Plan Width": 8,
              "Actual Startup Time": 137.888,
              "Actual Total Time": 137.892,
              "Actual Rows": 1,
              "Actual Loops": 4,
              "Plans": [
                {
                  "Node Type": "Hash Join",
                  "Parent Relationship": "Outer",
                  "Parallel Aware": true,
                  "Join Type": "Inner",
                  "Startup Cost": 47408.04,
                  "Total Cost": 66553.66,
                  "Plan Rows": 666,
                  "Plan Width": 0,
                  "Actual Startup Time": 135.092,
                  "Actual Total Time": 137.881,
                  "Actual Rows": 15,
                  "Actual Loops": 4,
                  "Inner Unique": true,
                  "Hash Cond": "(mc.movie_id = t.id)",
                  "Plans": [
                    {
                      "Node Type": "Bitmap Heap Scan",
                      "Parent Relationship": "Outer",
                      "Parallel Aware": true,
                      "Relation Name": "movie_companies",
                      "Alias": "mc",
                      "Startup Cost": 1455.01,
                      "Total Cost": 20571.43,
                      "Plan Rows": 11122,
                      "Plan Width": 4,
                      "Actual Startup Time": 16.362,
                      "Actual Total Time": 18.272,
                      "Actual Rows": 1984,
                      "Actual Loops": 4,
                      "Recheck Cond": "(company_id < 8)",
                      "Rows Removed by Index Recheck": 0,
                      "Filter": "(company_type_id = 2)",
                      "Rows Removed by Filter": 15035,
                      "Exact Heap Blocks": 3676,
                      "Lossy Heap Blocks": 0,
                      "Plans": [
                        {
                          "Node Type": "Bitmap Index Scan",
                          "Parent Relationship": "Outer",
                          "Parallel Aware": false,
                          "Index Name": "company_id_movie_companies",
                          "Startup Cost": 0.0,
                          "Total Cost": 1446.39,
                          "Plan Rows": 67461,
                          "Plan Width": 0,
                          "Actual Startup Time": 5.544,
                          "Actual Total Time": 5.544,
                          "Actual Rows": 68077,
                          "Actual Loops": 1,
                          "Index Cond": "(company_id < 8)"
                        }
                      ]
                    },
                    {
                      "Node Type": "Hash",
                      "Parent Relationship": "Inner",
                      "Parallel Aware": true,
                      "Startup Cost": 45479.59,
                      "Total Cost": 45479.59,
                      "Plan Rows": 37876,
                      "Plan Width": 4,
                      "Actual Startup Time": 117.53,
                      "Actual Total Time": 117.531,
                      "Actual Rows": 33690,
                      "Actual Loops": 4,
                      "Hash Buckets": 262144,
                      "Original Hash Buckets": 262144,
                      "Hash Batches": 1,
                      "Original Hash Batches": 1,
                      "Peak Memory Usage": 7392,
                      "Plans": [
                        {
                          "Node Type": "Seq Scan",
                          "Parent Relationship": "Outer",
                          "Parallel Aware": true,
                          "Relation Name": "title",
                          "Alias": "t",
                          "Startup Cost": 0.0,
                          "Total Cost": 45479.59,
                          "Plan Rows": 37876,
                          "Plan Width": 4,
                          "Actual Startup Time": 0.159,
                          "Actual Total Time": 103.83,
                          "Actual Rows": 33690,
                          "Actual Loops": 4,
                          "Filter": "((kind_id < 7) AND (production_year > 2010))",
                          "Rows Removed by Filter": 598388
                        }
                      ]
                    }
                  ]
                }
              ]
            }
          ]
        }
      ]
    },
    "Planning Time": 0.187,
    "Triggers": [],
    "Execution Time": 164.339
  }
]