[
  {
    "Plan": {
      "Node Type": "Aggregate",
      "Strategy": "Plain",
      "Partial Mode": "Finalize",
      "Parallel Aware": false,
      "Startup Cost": 67199.42,
      "Total Cost": 67199.43,
      "Plan Rows": 1,
      "Plan Width": 8,
      "Actual Startup Time": 47.347,
      "Actual Total Time": 53.305,
      "Actual Rows": 1,
      "Actual Loops": 1,
      "Plans": [
        {
          "Node Type": "Gather",
          "Parent Relationship": "Outer",
          "Parallel Aware": false,
          "Startup Cost": 67199.11,
          "Total Cost": 67199.42,
          "Plan Rows": 3,
          "Plan Width": 8,
          "Actual Startup Time": 47.254,
          "Actual Total Time": 53.3,
          "Actual Rows": 4,
          "Actual Loops": 1,
          "Workers Planned": 3,
          "Workers Launched": 3,
          "Single Copy": false,
          "Plans": [
            {
              "Node Type": "Aggregate",
              "Strategy": "Plain",
              "Partial Mode": "Partial",
              "Parent Relationship": "Outer",
              "Parallel Aware": false,
              "Startup Cost": 66199.11,
              "Total Cost": 66199.12,
              "Plan Rows": 1,
              "Plan Width": 8,
              "Actual Startup Time": 39.018,
              "Actual Total Time": 39.019,
              "Actual Rows": 1,
              "Actual Loops": 4,
              "Plans": [
                {
                  "Node Type": "Nested Loop",
                  "Parent Relationship": "Outer",
                  "Parallel Aware": false,
                  "Join Type": "Inner",
                  "Startup Cost": 1405.7,
                  "Total Cost": 66197.49,
                  "Plan Rows": 647,
                  "Plan Width": 0,
                  "Actual Startup Time": 29.679,
                  "Actual Total Time": 39.01,
                  "Actual Rows": 15,
                  "Actual Loops": 4,
                  "Inner Unique": true,
                  "Plans": [
                    {
                      "Node Type": "Bitmap Heap Scan",
                      "Parent Relationship": "Outer",
                      "Parallel Aware": true,
                      "Relation Name": "movie_companies",
                      "Alias": "mc",
                      "Startup Cost": 1405.27,
                      "Total Cost": 20510.48,
                      "Plan Rows": 10669,
                      "Plan Width": 4,
                      "Actual Startup Time": 21.873,
                      "Actual Total Time": 23.663,
                      "Actual Rows": 1984,
                      "Actual Loops": 4,
                      "Recheck Cond": "(company_id < 8)",
                      "Rows Removed by Index Recheck": 0,
                      "Filter": "(company_type_id = 2)",
                      "Rows Removed by Filter": 15035,
                      "Exact Heap Blocks": 4652,
                      "Lossy Heap Blocks": 0,
                      "Plans": [
                        {
                          "Node Type": "Bitmap Index Scan",
                          "Parent Relationship": "Outer",
                          "Parallel Aware": false,
                          "Index Name": "company_id_movie_companies",
                          "Startup Cost": 0.0,
                          "Total Cost": 1397.0,
                          "Plan Rows": 65143,
                          "Plan Width": 0,
                          "Actual Startup Time": 10.031,
                          "Actual Total Time": 10.031,
                          "Actual Rows": 68077,
                          "Actual Loops": 1,
                          "Index Cond": "(company_id < 8)"
                        }
                      ]
                    },
                    {
                      "Node Type": "Index Scan",
                      "Parent Relationship": "Inner",
                      "Parallel Aware": false,
                      "Scan Direction": "Forward",
                      "Index Name": "title_pkey",
                      "Relation Name": "title",
                      "Alias": "t",
                      "Startup Cost": 0.43,
                      "Total Cost": 4.28,
                      "Plan Rows": 1,
                      "Plan Width": 4,
                      "Actual Startup Time": 0.007,
                      "Actual Total Time": 0.007,
                      "Actual Rows": 0,
                      "Actual Loops": 7937,
                      "Index Cond": "(id = mc.movie_id)",
                      "Rows Removed by Index Recheck": 0,
                      "Filter": "((kind_id < 7) AND (production_year > 2010))",
                      "Rows Removed by Filter": 1
                    }
                  ]
                }
              ]
            }
          ]
        }
      ]
    },
    "Planning Time": 0.658,
    "Triggers": [],
    "Execution Time": 53.395
  }
]