[
    {
        "Bao": {
            "Bao prediction": "NaN",
            "Bao recommended hint": "(no hint)"
        }
    },
    {
        "Plan": {
            "Node Type": "Aggregate",
            "Strategy": "Plain",
            "Partial Mode": "Finalize",
            "Parallel Aware": false,
            "Startup Cost": 118553.4,
            "Total Cost": 118553.41,
            "Plan Rows": 1,
            "Plan Width": 8,
            "Actual Startup Time": 390.272,
            "Actual Total Time": 404.922,
            "Actual Rows": 1,
            "Actual Loops": 1,
            "Output": [
                "count(*)"
            ],
            "Plans": [
                {
                    "Node Type": "Gather",
                    "Parent Relationship": "Outer",
                    "Parallel Aware": false,
                    "Startup Cost": 118553.09,
                    "Total Cost": 118553.4,
                    "Plan Rows": 3,
                    "Plan Width": 8,
                    "Actual Startup Time": 387.202,
                    "Actual Total Time": 404.915,
                    "Actual Rows": 4,
                    "Actual Loops": 1,
                    "Output": [
                        "(PARTIAL count(*))"
                    ],
                    "Workers Planned": 3,
                    "Workers Launched": 3,
                    "Single Copy": false,
                    "Plans": [
                        {
                            "Node Type": "Aggregate",
                            "Strategy": "Plain",
                            "Partial Mode": "Partial",
                            "Parent Relationship": "Outer",
                            "Parallel Aware": false,
                            "Startup Cost": 117553.09,
                            "Total Cost": 117553.1,
                            "Plan Rows": 1,
                            "Plan Width": 8,
                            "Actual Startup Time": 378.021,
                            "Actual Total Time": 378.027,
                            "Actual Rows": 1,
                            "Actual Loops": 4,
                            "Output": [
                                "PARTIAL count(*)"
                            ],
                            "Workers": [
                                {
                                    "Worker Number": 0,
                                    "Actual Startup Time": 374.866,
                                    "Actual Total Time": 374.872,
                                    "Actual Rows": 1,
                                    "Actual Loops": 1
                                },
                                {
                                    "Worker Number": 1,
                                    "Actual Startup Time": 375.141,
                                    "Actual Total Time": 375.145,
                                    "Actual Rows": 1,
                                    "Actual Loops": 1
                                },
                                {
                                    "Worker Number": 2,
                                    "Actual Startup Time": 375.246,
                                    "Actual Total Time": 375.251,
                                    "Actual Rows": 1,
                                    "Actual Loops": 1
                                }
                            ],
                            "Plans": [
                                {
                                    "Node Type": "Hash Join",
                                    "Parent Relationship": "Outer",
                                    "Parallel Aware": true,
                                    "Join Type": "Inner",
                                    "Startup Cost": 85989.86,
                                    "Total Cost": 117466.78,
                                    "Plan Rows": 34523,
                                    "Plan Width": 0,
                                    "Actual Startup Time": 280.286,
                                    "Actual Total Time": 377.743,
                                    "Actual Rows": 5790,
                                    "Actual Loops": 4,
                                    "Inner Unique": false,
                                    "Hash Cond": "(mc.movie_id = t.id)",
                                    "Workers": [
                                        {
                                            "Worker Number": 0,
                                            "Actual Startup Time": 277.415,
                                            "Actual Total Time": 374.594,
                                            "Actual Rows": 5692,
                                            "Actual Loops": 1
                                        },
                                        {
                                            "Worker Number": 1,
                                            "Actual Startup Time": 277.244,
                                            "Actual Total Time": 374.897,
                                            "Actual Rows": 5017,
                                            "Actual Loops": 1
                                        },
                                        {
                                            "Worker Number": 2,
                                            "Actual Startup Time": 277.635,
                                            "Actual Total Time": 374.933,
                                            "Actual Rows": 5855,
                                            "Actual Loops": 1
                                        }
                                    ],
                                    "Plans": [
                                        {
                                            "Node Type": "Seq Scan",
                                            "Parent Relationship": "Outer",
                                            "Parallel Aware": true,
                                            "Relation Name": "movie_companies",
                                            "Schema": "public",
                                            "Alias": "mc",
                                            "Startup Cost": 0.0,
                                            "Total Cost": 29310.68,
                                            "Plan Rows": 547967,
                                            "Plan Width": 4,
                                            "Actual Startup Time": 0.871,
                                            "Actual Total Time": 65.003,
                                            "Actual Rows": 425512,
                                            "Actual Loops": 4,
                                            "Output": [
                                                "mc.id",
                                                "mc.movie_id",
                                                "mc.company_id",
                                                "mc.company_type_id",
                                                "mc.note"
                                            ],
                                            "Filter": "(mc.company_id > 2980)",
                                            "Rows Removed by Filter": 226770,
                                            "Workers": [
                                                {
                                                    "Worker Number": 0,
                                                    "Actual Startup Time": 0.823,
                                                    "Actual Total Time": 65.324,
                                                    "Actual Rows": 416371,
                                                    "Actual Loops": 1
                                                },
                                                {
                                                    "Worker Number": 1,
                                                    "Actual Startup Time": 0.885,
                                                    "Actual Total Time": 65.101,
                                                    "Actual Rows": 423574,
                                                    "Actual Loops": 1
                                                },
                                                {
                                                    "Worker Number": 2,
                                                    "Actual Startup Time": 0.888,
                                                    "Actual Total Time": 65.59,
                                                    "Actual Rows": 356491,
                                                    "Actual Loops": 1
                                                }
                                            ]
                                        },
                                        {
                                            "Node Type": "Hash",
                                            "Parent Relationship": "Inner",
                                            "Parallel Aware": true,
                                            "Startup Cost": 85347.57,
                                            "Total Cost": 85347.57,
                                            "Plan Rows": 51383,
                                            "Plan Width": 8,
                                            "Actual Startup Time": 276.302,
                                            "Actual Total Time": 276.307,
                                            "Actual Rows": 7102,
                                            "Actual Loops": 4,
                                            "Output": [
                                                "t.id",
                                                "mk.movie_id"
                                            ],
                                            "Hash Buckets": 262144,
                                            "Original Hash Buckets": 262144,
                                            "Hash Batches": 1,
                                            "Original Hash Batches": 1,
                                            "Peak Memory Usage": 3232,
                                            "Workers": [
                                                {
                                                    "Worker Number": 0,
                                                    "Actual Startup Time": 273.711,
                                                    "Actual Total Time": 273.716,
                                                    "Actual Rows": 5944,
                                                    "Actual Loops": 1
                                                },
                                                {
                                                    "Worker Number": 1,
                                                    "Actual Startup Time": 274.075,
                                                    "Actual Total Time": 274.078,
                                                    "Actual Rows": 5280,
                                                    "Actual Loops": 1
                                                },
                                                {
                                                    "Worker Number": 2,
                                                    "Actual Startup Time": 274.247,
                                                    "Actual Total Time": 274.251,
                                                    "Actual Rows": 4167,
                                                    "Actual Loops": 1
                                                }
                                            ],
                                            "Plans": [
                                                {
                                                    "Node Type": "Hash Join",
                                                    "Parent Relationship": "Outer",
                                                    "Parallel Aware": true,
                                                    "Join Type": "Inner",
                                                    "Startup Cost": 58488.86,
                                                    "Total Cost": 85347.57,
                                                    "Plan Rows": 51383,
                                                    "Plan Width": 8,
                                                    "Actual Startup Time": 191.3,
                                                    "Actual Total Time": 273.129,
                                                    "Actual Rows": 7102,
                                                    "Actual Loops": 4,
                                                    "Output": [
                                                        "t.id",
                                                        "mk.movie_id"
                                                    ],
                                                    "Inner Unique": true,
                                                    "Hash Cond": "(mk.movie_id = t.id)",
                                                    "Workers": [
                                                        {
                                                            "Worker Number": 0,
                                                            "Actual Startup Time": 188.84,
                                                            "Actual Total Time": 270.809,
                                                            "Actual Rows": 5944,
                                                            "Actual Loops": 1
                                                        },
                                                        {
                                                            "Worker Number": 1,
                                                            "Actual Startup Time": 189.129,
                                                            "Actual Total Time": 270.731,
                                                            "Actual Rows": 5280,
                                                            "Actual Loops": 1
                                                        },
                                                        {
                                                            "Worker Number": 2,
                                                            "Actual Startup Time": 189.252,
                                                            "Actual Total Time": 270.995,
                                                            "Actual Rows": 4167,
                                                            "Actual Loops": 1
                                                        }
                                                    ],
                                                    "Plans": [
                                                        {
                                                            "Node Type": "Bitmap Heap Scan",
                                                            "Parent Relationship": "Outer",
                                                            "Parallel Aware": true,
                                                            "Relation Name": "movie_keyword",
                                                            "Schema": "public",
                                                            "Alias": "mk",
                                                            "Startup Cost": 10456.15,
                                                            "Total Cost": 36897.52,
                                                            "Plan Rows": 158989,
                                                            "Plan Width": 4,
                                                            "Actual Startup Time": 32.207,
                                                            "Actual Total Time": 87.357,
                                                            "Actual Rows": 120991,
                                                            "Actual Loops": 4,
                                                            "Output": [
                                                                "mk.id",
                                                                "mk.movie_id",
                                                                "mk.keyword_id"
                                                            ],
                                                            "Recheck Cond": "(mk.keyword_id > 37065)",
                                                            "Rows Removed by Index Recheck": 0,
                                                            "Exact Heap Blocks": 7914,
                                                            "Lossy Heap Blocks": 0,
                                                            "Workers": [
                                                                {
                                                                    "Worker Number": 0,
                                                                    "Actual Startup Time": 32.247,
                                                                    "Actual Total Time": 88.0,
                                                                    "Actual Rows": 110723,
                                                                    "Actual Loops": 1
                                                                },
                                                                {
                                                                    "Worker Number": 1,
                                                                    "Actual Startup Time": 32.292,
                                                                    "Actual Total Time": 89.068,
                                                                    "Actual Rows": 107550,
                                                                    "Actual Loops": 1
                                                                },
                                                                {
                                                                    "Worker Number": 2,
                                                                    "Actual Startup Time": 32.222,
                                                                    "Actual Total Time": 88.669,
                                                                    "Actual Rows": 99010,
                                                                    "Actual Loops": 1
                                                                }
                                                            ],
                                                            "Plans": [
                                                                {
                                                                    "Node Type": "Bitmap Index Scan",
                                                                    "Parent Relationship": "Outer",
                                                                    "Parallel Aware": false,
                                                                    "Index Name": "keyword_id_movie_keyword",
                                                                    "Startup Cost": 0.0,
                                                                    "Total Cost": 10332.94,
                                                                    "Plan Rows": 492867,
                                                                    "Plan Width": 0,
                                                                    "Actual Startup Time": 28.682,
                                                                    "Actual Total Time": 28.683,
                                                                    "Actual Rows": 483965,
                                                                    "Actual Loops": 1,
                                                                    "Index Cond": "(mk.keyword_id > 37065)"
                                                                }
                                                            ]
                                                        },
                                                        {
                                                            "Node Type": "Hash",
                                                            "Parent Relationship": "Inner",
                                                            "Parallel Aware": true,
                                                            "Startup Cost": 45479.21,
                                                            "Total Cost": 45479.21,
                                                            "Plan Rows": 204280,
                                                            "Plan Width": 4,
                                                            "Actual Startup Time": 157.148,
                                                            "Actual Total Time": 157.149,
                                                            "Actual Rows": 184690,
                                                            "Actual Loops": 4,
                                                            "Output": [
                                                                "t.id"
                                                            ],
                                                            "Hash Buckets": 1048576,
                                                            "Original Hash Buckets": 1048576,
                                                            "Hash Batches": 1,
                                                            "Original Hash Batches": 1,
                                                            "Peak Memory Usage": 37152,
                                                            "Workers": [
                                                                {
                                                                    "Worker Number": 0,
                                                                    "Actual Startup Time": 156.428,
                                                                    "Actual Total Time": 156.429,
                                                                    "Actual Rows": 163684,
                                                                    "Actual Loops": 1
                                                                },
                                                                {
                                                                    "Worker Number": 1,
                                                                    "Actual Startup Time": 156.688,
                                                                    "Actual Total Time": 156.689,
                                                                    "Actual Rows": 166686,
                                                                    "Actual Loops": 1
                                                                },
                                                                {
                                                                    "Worker Number": 2,
                                                                    "Actual Startup Time": 156.909,
                                                                    "Actual Total Time": 156.91,
                                                                    "Actual Rows": 168066,
                                                                    "Actual Loops": 1
                                                                }
                                                            ],
                                                            "Plans": [
                                                                {
                                                                    "Node Type": "Seq Scan",
                                                                    "Parent Relationship": "Outer",
                                                                    "Parallel Aware": true,
                                                                    "Relation Name": "title",
                                                                    "Schema": "public",
                                                                    "Alias": "t",
                                                                    "Startup Cost": 0.0,
                                                                    "Total Cost": 45479.21,
                                                                    "Plan Rows": 204280,
                                                                    "Plan Width": 4,
                                                                    "Actual Startup Time": 0.039,
                                                                    "Actual Total Time": 92.602,
                                                                    "Actual Rows": 184690,
                                                                    "Actual Loops": 4,
                                                                    "Output": [
                                                                        "t.id"
                                                                    ],
                                                                    "Filter": "((t.production_year < 2005) AND (t.kind_id = 7))",
                                                                    "Rows Removed by Filter": 447388,
                                                                    "Workers": [
                                                                        {
                                                                            "Worker Number": 0,
                                                                            "Actual Startup Time": 0.053,
                                                                            "Actual Total Time": 94.154,
                                                                            "Actual Rows": 163684,
                                                                            "Actual Loops": 1
                                                                        },
                                                                        {
                                                                            "Worker Number": 1,
                                                                            "Actual Startup Time": 0.046,
                                                                            "Actual Total Time": 93.986,
                                                                            "Actual Rows": 166686,
                                                                            "Actual Loops": 1
                                                                        },
                                                                        {
                                                                            "Worker Number": 2,
                                                                            "Actual Startup Time": 0.045,
                                                                            "Actual Total Time": 93.81,
                                                                            "Actual Rows": 168066,
                                                                            "Actual Loops": 1
                                                                        }
                                                                    ]
                                                                }
                                                            ]
                                                        }
                                                    ]
                                                }
                                            ]
                                        }
                                    ]
                                }
                            ]
                        }
                    ]
                }
            ]
        },
        "Planning Time": 198.614,
        "Triggers": [],
        "Execution Time": 405.002
    }
]