[
  {
    "Plan": {
      "Node Type": "Aggregate",
      "Strategy": "Plain",
      "Partial Mode": "Finalize",
      "Parallel Aware": false,
      "Startup Cost": 336794.77,
      "Total Cost": 336794.78,
      "Plan Rows": 1,
      "Plan Width": 8,
      "Actual Startup Time": 769.168,
      "Actual Total Time": 818.895,
      "Actual Rows": 1,
      "Actual Loops": 1,
      "Plans": [
        {
          "Node Type": "Gather",
          "Parent Relationship": "Outer",
          "Parallel Aware": false,
          "Startup Cost": 336794.14,
          "Total Cost": 336794.75,
          "Plan Rows": 6,
          "Plan Width": 8,
          "Actual Startup Time": 768.842,
          "Actual Total Time": 818.877,
          "Actual Rows": 7,
          "Actual Loops": 1,
          "Workers Planned": 6,
          "Workers Launched": 6,
          "Single Copy": false,
          "Plans": [
            {
              "Node Type": "Aggregate",
              "Strategy": "Plain",
              "Partial Mode": "Partial",
              "Parent Relationship": "Outer",
              "Parallel Aware": false,
              "Startup Cost": 335794.14,
              "Total Cost": 335794.15,
              "Plan Rows": 1,
              "Plan Width": 8,
              "Actual Startup Time": 758.466,
              "Actual Total Time": 758.468,
              "Actual Rows": 1,
              "Actual Loops": 7,
              "Plans": [
                {
                  "Node Type": "Seq Scan",
                  "Parent Relationship": "Outer",
                  "Parallel Aware": true,
                  "Relation Name": "cast_info",
                  "Alias": "ci",
                  "Startup Cost": 0.0,
                  "Total Cost": 328211.39,
                  "Plan Rows": 3033100,
                  "Plan Width": 0,
                  "Actual Startup Time": 0.064,
                  "Actual Total Time": 625.625,
                  "Actual Rows": 2628593,
                  "Actual Loops": 7,
                  "Filter": "(person_id < 1829319)",
                  "Rows Removed by Filter": 2549170
                }
              ]
            }
          ]
        }
      ]
    },
    "Planning Time": 0.177,
    "Triggers": [],
    "Execution Time": 818.959
  }
]