[
    {
        "Bao": {
            "Bao prediction": "NaN",
            "Bao recommended hint": "(no hint)"
        }
    },
    {
        "Plan": {
            "Node Type": "Aggregate",
            "Strategy": "Plain",
            "Partial Mode": "Finalize",
            "Parallel Aware": false,
            "Startup Cost": 334217.75,
            "Total Cost": 334217.76,
            "Plan Rows": 1,
            "Plan Width": 8,
            "Actual Startup Time": 589.721,
            "Actual Total Time": 617.171,
            "Actual Rows": 1,
            "Actual Loops": 1,
            "Output": [
                "count(*)"
            ],
            "Plans": [
                {
                    "Node Type": "Gather",
                    "Parent Relationship": "Outer",
                    "Parallel Aware": false,
                    "Startup Cost": 334217.13,
                    "Total Cost": 334217.74,
                    "Plan Rows": 6,
                    "Plan Width": 8,
                    "Actual Startup Time": 589.601,
                    "Actual Total Time": 617.164,
                    "Actual Rows": 7,
                    "Actual Loops": 1,
                    "Output": [
                        "(PARTIAL count(*))"
                    ],
                    "Workers Planned": 6,
                    "Workers Launched": 6,
                    "Single Copy": false,
                    "Plans": [
                        {
                            "Node Type": "Aggregate",
                            "Strategy": "Plain",
                            "Partial Mode": "Partial",
                            "Parent Relationship": "Outer",
                            "Parallel Aware": false,
                            "Startup Cost": 333217.13,
                            "Total Cost": 333217.14,
                            "Plan Rows": 1,
                            "Plan Width": 8,
                            "Actual Startup Time": 579.989,
                            "Actual Total Time": 579.99,
                            "Actual Rows": 1,
                            "Actual Loops": 7,
                            "Output": [
                                "PARTIAL count(*)"
                            ],
                            "Workers": [
                                {
                                    "Worker Number": 0,
                                    "Actual Startup Time": 577.555,
                                    "Actual Total Time": 577.556,
                                    "Actual Rows": 1,
                                    "Actual Loops": 1
                                },
                                {
                                    "Worker Number": 1,
                                    "Actual Startup Time": 578.074,
                                    "Actual Total Time": 578.075,
                                    "Actual Rows": 1,
                                    "Actual Loops": 1
                                },
                                {
                                    "Worker Number": 2,
                                    "Actual Startup Time": 578.396,
                                    "Actual Total Time": 578.397,
                                    "Actual Rows": 1,
                                    "Actual Loops": 1
                                },
                                {
                                    "Worker Number": 3,
                                    "Actual Startup Time": 578.384,
                                    "Actual Total Time": 578.385,
                                    "Actual Rows": 1,
                                    "Actual Loops": 1
                                },
                                {
                                    "Worker Number": 4,
                                    "Actual Startup Time": 578.944,
                                    "Actual Total Time": 578.945,
                                    "Actual Rows": 1,
                                    "Actual Loops": 1
                                },
                                {
                                    "Worker Number": 5,
                                    "Actual Startup Time": 579.324,
                                    "Actual Total Time": 579.325,
                                    "Actual Rows": 1,
                                    "Actual Loops": 1
                                }
                            ],
                            "Plans": [
                                {
                                    "Node Type": "Seq Scan",
                                    "Parent Relationship": "Outer",
                                    "Parallel Aware": true,
                                    "Relation Name": "cast_info",
                                    "Schema": "public",
                                    "Alias": "ci",
                                    "Startup Cost": 0.0,
                                    "Total Cost": 328213.62,
                                    "Plan Rows": 2001405,
                                    "Plan Width": 0,
                                    "Actual Startup Time": 244.28,
                                    "Actual Total Time": 508.533,
                                    "Actual Rows": 1735727,
                                    "Actual Loops": 7,
                                    "Output": [
                                        "id",
                                        "person_id",
                                        "movie_id",
                                        "person_role_id",
                                        "note",
                                        "nr_order",
                                        "role_id"
                                    ],
                                    "Filter": "(ci.person_id > 2471106)",
                                    "Rows Removed by Filter": 3442036,
                                    "Workers": [
                                        {
                                            "Worker Number": 0,
                                            "Actual Startup Time": 241.846,
                                            "Actual Total Time": 510.715,
                                            "Actual Rows": 1626785,
                                            "Actual Loops": 1
                                        },
                                        {
                                            "Worker Number": 1,
                                            "Actual Startup Time": 242.369,
                                            "Actual Total Time": 508.633,
                                            "Actual Rows": 1684364,
                                            "Actual Loops": 1
                                        },
                                        {
                                            "Worker Number": 2,
                                            "Actual Startup Time": 242.687,
                                            "Actual Total Time": 509.122,
                                            "Actual Rows": 1681062,
                                            "Actual Loops": 1
                                        },
                                        {
                                            "Worker Number": 3,
                                            "Actual Startup Time": 242.691,
                                            "Actual Total Time": 508.681,
                                            "Actual Rows": 1689625,
                                            "Actual Loops": 1
                                        },
                                        {
                                            "Worker Number": 4,
                                            "Actual Startup Time": 243.225,
                                            "Actual Total Time": 511.524,
                                            "Actual Rows": 1642677,
                                            "Actual Loops": 1
                                        },
                                        {
                                            "Worker Number": 5,
                                            "Actual Startup Time": 243.613,
                                            "Actual Total Time": 509.947,
                                            "Actual Rows": 1684481,
                                            "Actual Loops": 1
                                        }
                                    ]
                                }
                            ]
                        }
                    ]
                }
            ]
        },
        "Planning Time": 176.537,
        "Triggers": [],
        "Execution Time": 617.22
    }
]