{
  "Plan": {
    "Node Type": "Aggregate",
    "Strategy": "Plain",
    "Partial Mode": "Finalize",
    "Parallel Aware": false,
    "Startup Cost": 329084.3,
    "Total Cost": 329084.31,
    "Plan Rows": 1,
    "Plan Width": 8,
    "Actual Startup Time": 1622.778,
    "Actual Total Time": 1672.752,
    "Actual Rows": 1,
    "Actual Loops": 1,
    "Plans": [
      {
        "Node Type": "Gather",
        "Parent Relationship": "Outer",
        "Parallel Aware": false,
        "Startup Cost": 329084.18,
        "Total Cost": 329084.29,
        "Plan Rows": 1,
        "Plan Width": 8,
        "Actual Startup Time": 1622.336,
        "Actual Total Time": 1672.743,
        "Actual Rows": 2,
        "Actual Loops": 1,
        "Workers Planned": 1,
        "Workers Launched": 1,
        "Single Copy": false,
        "Plans": [
          {
            "Node Type": "Aggregate",
            "Strategy": "Plain",
            "Partial Mode": "Partial",
            "Parent Relationship": "Outer",
            "Parallel Aware": false,
            "Startup Cost": 328084.18,
            "Total Cost": 328084.19,
            "Plan Rows": 1,
            "Plan Width": 8,
            "Actual Startup Time": 1616.667,
            "Actual Total Time": 1616.671,
            "Actual Rows": 1,
            "Actual Loops": 2,
            "Plans": [
              {
                "Node Type": "Hash Join",
                "Parent Relationship": "Outer",
                "Parallel Aware": true,
                "Join Type": "Inner",
                "Startup Cost": 55377.66,
                "Total Cost": 327161.15,
                "Plan Rows": 369212,
                "Plan Width": 0,
                "Actual Startup Time": 174.052,
                "Actual Total Time": 1592.893,
                "Actual Rows": 592096,
                "Actual Loops": 2,
                "Inner Unique": true,
                "Hash Cond": "(mi.movie_id = t.id)",
                "Plans": [
                  {
                    "Node Type": "Seq Scan",
                    "Parent Relationship": "Outer",
                    "Parallel Aware": true,
                    "Relation Name": "movie_info",
                    "Alias": "mi",
                    "Startup Cost": 0.0,
                    "Total Cost": 248955.74,
                    "Plan Rows": 8696274,
                    "Plan Width": 4,
                    "Actual Startup Time": 0.009,
                    "Actual Total Time": 620.947,
                    "Actual Rows": 7417860,
                    "Actual Loops": 2
                  },
                  {
                    "Node Type": "Hash",
                    "Parent Relationship": "Inner",
                    "Parallel Aware": true,
                    "Startup Cost": 54588.39,
                    "Total Cost": 54588.39,
                    "Plan Rows": 63142,
                    "Plan Width": 4,
                    "Actual Startup Time": 149.92,
                    "Actual Total Time": 149.921,
                    "Actual Rows": 54871,
                    "Actual Loops": 2,
                    "Hash Buckets": 131072,
                    "Original Hash Buckets": 131072,
                    "Hash Batches": 1,
                    "Original Hash Batches": 1,
                    "Peak Memory Usage": 5344,
                    "Plans": [
                      {
                        "Node Type": "Seq Scan",
                        "Parent Relationship": "Outer",
                        "Parallel Aware": true,
                        "Relation Name": "title",
                        "Alias": "t",
                        "Startup Cost": 0.0,
                        "Total Cost": 54588.39,
                        "Plan Rows": 63142,
                        "Plan Width": 4,
                        "Actual Startup Time": 56.411,
                        "Actual Total Time": 138.03,
                        "Actual Rows": 54871,
                        "Actual Loops": 2,
                        "Filter": "(production_year < 1928)",
                        "Rows Removed by Filter": 1209285
                      }
                    ]
                  }
                ]
              }
            ]
          }
        ]
      }
    ]
  },
  "Planning Time": 0.439,
  "Triggers": [],
  "Execution Time": 1672.83
}