{
    "Plan": {
        "Node Type": "Aggregate",
        "Strategy": "Plain",
        "Partial Mode": "Finalize",
        "Parallel Aware": false,
        "Startup Cost": 282792.33,
        "Total Cost": 282792.34,
        "Plan Rows": 1,
        "Plan Width": 8,
        "Actual Startup Time": 1104.902,
        "Actual Total Time": 1151.244,
        "Actual Rows": 1,
        "Actual Loops": 1,
        "Output": [
            "count(*)"
        ],
        "Plans": [
            {
                "Node Type": "Gather",
                "Parent Relationship": "Outer",
                "Parallel Aware": false,
                "Startup Cost": 282792.01,
                "Total Cost": 282792.32,
                "Plan Rows": 3,
                "Plan Width": 8,
                "Actual Startup Time": 1095.49,
                "Actual Total Time": 1151.232,
                "Actual Rows": 4,
                "Actual Loops": 1,
                "Output": [
                    "(PARTIAL count(*))"
                ],
                "Workers Planned": 3,
                "Workers Launched": 3,
                "Single Copy": false,
                "Plans": [
                    {
                        "Node Type": "Aggregate",
                        "Strategy": "Plain",
                        "Partial Mode": "Partial",
                        "Parent Relationship": "Outer",
                        "Parallel Aware": false,
                        "Startup Cost": 281792.01,
                        "Total Cost": 281792.02,
                        "Plan Rows": 1,
                        "Plan Width": 8,
                        "Actual Startup Time": 1085.421,
                        "Actual Total Time": 1085.427,
                        "Actual Rows": 1,
                        "Actual Loops": 4,
                        "Output": [
                            "PARTIAL count(*)"
                        ],
                        "Workers": [
                            {
                                "Worker Number": 0,
                                "Actual Startup Time": 1082.235,
                                "Actual Total Time": 1082.241,
                                "Actual Rows": 1,
                                "Actual Loops": 1
                            },
                            {
                                "Worker Number": 1,
                                "Actual Startup Time": 1082.254,
                                "Actual Total Time": 1082.259,
                                "Actual Rows": 1,
                                "Actual Loops": 1
                            },
                            {
                                "Worker Number": 2,
                                "Actual Startup Time": 1082.506,
                                "Actual Total Time": 1082.511,
                                "Actual Rows": 1,
                                "Actual Loops": 1
                            }
                        ],
                        "Plans": [
                            {
                                "Node Type": "Hash Join",
                                "Parent Relationship": "Outer",
                                "Parallel Aware": true,
                                "Join Type": "Inner",
                                "Startup Cost": 250240.64,
                                "Total Cost": 281131.67,
                                "Plan Rows": 264138,
                                "Plan Width": 0,
                                "Actual Startup Time": 893.554,
                                "Actual Total Time": 1079.519,
                                "Actual Rows": 121250,
                                "Actual Loops": 4,
                                "Inner Unique": false,
                                "Hash Cond": "(mc.movie_id = t.id)",
                                "Workers": [
                                    {
                                        "Worker Number": 0,
                                        "Actual Startup Time": 890.657,
                                        "Actual Total Time": 1076.984,
                                        "Actual Rows": 135247,
                                        "Actual Loops": 1
                                    },
                                    {
                                        "Worker Number": 1,
                                        "Actual Startup Time": 890.576,
                                        "Actual Total Time": 1076.681,
                                        "Actual Rows": 144692,
                                        "Actual Loops": 1
                                    },
                                    {
                                        "Worker Number": 2,
                                        "Actual Startup Time": 890.83,
                                        "Actual Total Time": 1076.465,
                                        "Actual Rows": 95937,
                                        "Actual Loops": 1
                                    }
                                ],
                                "Plans": [
                                    {
                                        "Node Type": "Seq Scan",
                                        "Parent Relationship": "Outer",
                                        "Parallel Aware": true,
                                        "Relation Name": "movie_companies",
                                        "Schema": "public",
                                        "Alias": "mc",
                                        "Startup Cost": 0.0,
                                        "Total Cost": 27206.55,
                                        "Plan Rows": 841655,
                                        "Plan Width": 4,
                                        "Actual Startup Time": 0.021,
                                        "Actual Total Time": 65.226,
                                        "Actual Rows": 652282,
                                        "Actual Loops": 4,
                                        "Output": [
                                            "mc.id",
                                            "mc.movie_id",
                                            "mc.company_id",
                                            "mc.company_type_id",
                                            "mc.note"
                                        ],
                                        "Workers": [
                                            {
                                                "Worker Number": 0,
                                                "Actual Startup Time": 0.019,
                                                "Actual Total Time": 65.262,
                                                "Actual Rows": 728764,
                                                "Actual Loops": 1
                                            },
                                            {
                                                "Worker Number": 1,
                                                "Actual Startup Time": 0.019,
                                                "Actual Total Time": 65.391,
                                                "Actual Rows": 774100,
                                                "Actual Loops": 1
                                            },
                                            {
                                                "Worker Number": 2,
                                                "Actual Startup Time": 0.035,
                                                "Actual Total Time": 68.957,
                                                "Actual Rows": 510588,
                                                "Actual Loops": 1
                                            }
                                        ]
                                    },
                                    {
                                        "Node Type": "Hash",
                                        "Parent Relationship": "Inner",
                                        "Parallel Aware": true,
                                        "Startup Cost": 248256.96,
                                        "Total Cost": 248256.96,
                                        "Plan Rows": 158694,
                                        "Plan Width": 8,
                                        "Actual Startup Time": 888.242,
                                        "Actual Total Time": 888.246,
                                        "Actual Rows": 88001,
                                        "Actual Loops": 4,
                                        "Output": [
                                            "t.id",
                                            "mi.movie_id"
                                        ],
                                        "Hash Buckets": 1048576,
                                        "Original Hash Buckets": 1048576,
                                        "Hash Batches": 1,
                                        "Original Hash Batches": 1,
                                        "Peak Memory Usage": 22080,
                                        "Workers": [
                                            {
                                                "Worker Number": 0,
                                                "Actual Startup Time": 889.758,
                                                "Actual Total Time": 889.762,
                                                "Actual Rows": 94072,
                                                "Actual Loops": 1
                                            },
                                            {
                                                "Worker Number": 1,
                                                "Actual Startup Time": 889.882,
                                                "Actual Total Time": 889.885,
                                                "Actual Rows": 104789,
                                                "Actual Loops": 1
                                            },
                                            {
                                                "Worker Number": 2,
                                                "Actual Startup Time": 890.198,
                                                "Actual Total Time": 890.201,
                                                "Actual Rows": 72833,
                                                "Actual Loops": 1
                                            }
                                        ],
                                        "Plans": [
                                            {
                                                "Node Type": "Hash Join",
                                                "Parent Relationship": "Outer",
                                                "Parallel Aware": true,
                                                "Join Type": "Inner",
                                                "Startup Cost": 48689.12,
                                                "Total Cost": 248256.96,
                                                "Plan Rows": 158694,
                                                "Plan Width": 8,
                                                "Actual Startup Time": 606.147,
                                                "Actual Total Time": 846.409,
                                                "Actual Rows": 88001,
                                                "Actual Loops": 4,
                                                "Output": [
                                                    "t.id",
                                                    "mi.movie_id"
                                                ],
                                                "Inner Unique": true,
                                                "Hash Cond": "(mi.movie_id = t.id)",
                                                "Workers": [
                                                    {
                                                        "Worker Number": 0,
                                                        "Actual Startup Time": 606.057,
                                                        "Actual Total Time": 847.583,
                                                        "Actual Rows": 94072,
                                                        "Actual Loops": 1
                                                    },
                                                    {
                                                        "Worker Number": 1,
                                                        "Actual Startup Time": 606.147,
                                                        "Actual Total Time": 845.795,
                                                        "Actual Rows": 104789,
                                                        "Actual Loops": 1
                                                    },
                                                    {
                                                        "Worker Number": 2,
                                                        "Actual Startup Time": 606.092,
                                                        "Actual Total Time": 846.315,
                                                        "Actual Rows": 72833,
                                                        "Actual Loops": 1
                                                    }
                                                ],
                                                "Plans": [
                                                    {
                                                        "Node Type": "Seq Scan",
                                                        "Parent Relationship": "Outer",
                                                        "Parallel Aware": true,
                                                        "Relation Name": "movie_info",
                                                        "Schema": "public",
                                                        "Alias": "mi",
                                                        "Startup Cost": 0.0,
                                                        "Total Cost": 198880.74,
                                                        "Plan Rows": 261755,
                                                        "Plan Width": 4,
                                                        "Actual Startup Time": 310.973,
                                                        "Actual Total Time": 419.873,
                                                        "Actual Rows": 322232,
                                                        "Actual Loops": 4,
                                                        "Output": [
                                                            "mi.id",
                                                            "mi.movie_id",
                                                            "mi.info_type_id",
                                                            "mi.info",
                                                            "mi.note"
                                                        ],
                                                        "Filter": "(mi.info_type_id = 2)",
                                                        "Rows Removed by Filter": 3386698,
                                                        "Workers": [
                                                            {
                                                                "Worker Number": 0,
                                                                "Actual Startup Time": 310.941,
                                                                "Actual Total Time": 417.09,
                                                                "Actual Rows": 343568,
                                                                "Actual Loops": 1
                                                            },
                                                            {
                                                                "Worker Number": 1,
                                                                "Actual Startup Time": 310.966,
                                                                "Actual Total Time": 418.609,
                                                                "Actual Rows": 380593,
                                                                "Actual Loops": 1
                                                            },
                                                            {
                                                                "Worker Number": 2,
                                                                "Actual Startup Time": 310.897,
                                                                "Actual Total Time": 423.594,
                                                                "Actual Rows": 265889,
                                                                "Actual Loops": 1
                                                            }
                                                        ]
                                                    },
                                                    {
                                                        "Node Type": "Hash",
                                                        "Parent Relationship": "Inner",
                                                        "Parallel Aware": true,
                                                        "Startup Cost": 43899.01,
                                                        "Total Cost": 43899.01,
                                                        "Plan Rows": 383209,
                                                        "Plan Width": 4,
                                                        "Actual Startup Time": 290.063,
                                                        "Actual Total Time": 290.064,
                                                        "Actual Rows": 385816,
                                                        "Actual Loops": 4,
                                                        "Output": [
                                                            "t.id"
                                                        ],
                                                        "Hash Buckets": 2097152,
                                                        "Original Hash Buckets": 2097152,
                                                        "Hash Batches": 1,
                                                        "Original Hash Batches": 1,
                                                        "Peak Memory Usage": 76832,
                                                        "Workers": [
                                                            {
                                                                "Worker Number": 0,
                                                                "Actual Startup Time": 294.823,
                                                                "Actual Total Time": 294.824,
                                                                "Actual Rows": 419478,
                                                                "Actual Loops": 1
                                                            },
                                                            {
                                                                "Worker Number": 1,
                                                                "Actual Startup Time": 294.924,
                                                                "Actual Total Time": 294.925,
                                                                "Actual Rows": 428766,
                                                                "Actual Loops": 1
                                                            },
                                                            {
                                                                "Worker Number": 2,
                                                                "Actual Startup Time": 294.92,
                                                                "Actual Total Time": 294.921,
                                                                "Actual Rows": 317767,
                                                                "Actual Loops": 1
                                                            }
                                                        ],
                                                        "Plans": [
                                                            {
                                                                "Node Type": "Seq Scan",
                                                                "Parent Relationship": "Outer",
                                                                "Parallel Aware": true,
                                                                "Relation Name": "title",
                                                                "Schema": "public",
                                                                "Alias": "t",
                                                                "Startup Cost": 0.0,
                                                                "Total Cost": 43899.01,
                                                                "Plan Rows": 383209,
                                                                "Plan Width": 4,
                                                                "Actual Startup Time": 0.065,
                                                                "Actual Total Time": 119.931,
                                                                "Actual Rows": 385816,
                                                                "Actual Loops": 4,
                                                                "Output": [
                                                                    "t.id"
                                                                ],
                                                                "Filter": "(t.kind_id = 7)",
                                                                "Rows Removed by Filter": 246262,
                                                                "Workers": [
                                                                    {
                                                                        "Worker Number": 0,
                                                                        "Actual Startup Time": 0.083,
                                                                        "Actual Total Time": 121.067,
                                                                        "Actual Rows": 419478,
                                                                        "Actual Loops": 1
                                                                    },
                                                                    {
                                                                        "Worker Number": 1,
                                                                        "Actual Startup Time": 0.079,
                                                                        "Actual Total Time": 119.458,
                                                                        "Actual Rows": 428766,
                                                                        "Actual Loops": 1
                                                                    },
                                                                    {
                                                                        "Worker Number": 2,
                                                                        "Actual Startup Time": 0.078,
                                                                        "Actual Total Time": 126.651,
                                                                        "Actual Rows": 317767,
                                                                        "Actual Loops": 1
                                                                    }
                                                                ]
                                                            }
                                                        ]
                                                    }
                                                ]
                                            }
                                        ]
                                    }
                                ]
                            }
                        ]
                    }
                ]
            }
        ]
    },
    "Planning Time": 1.666,
    "Triggers": [],
    "Execution Time": 1151.34
}