[
    {
        "Bao": {
            "Bao prediction": "NaN",
            "Bao recommended hint": "(no hint)"
        }
    },
    {
        "Plan": {
            "Node Type": "Aggregate",
            "Strategy": "Plain",
            "Partial Mode": "Finalize",
            "Parallel Aware": false,
            "Startup Cost": 46225.55,
            "Total Cost": 46225.56,
            "Plan Rows": 1,
            "Plan Width": 8,
            "Actual Startup Time": 161.08,
            "Actual Total Time": 166.712,
            "Actual Rows": 1,
            "Actual Loops": 1,
            "Output": [
                "count(*)"
            ],
            "Plans": [
                {
                    "Node Type": "Gather",
                    "Parent Relationship": "Outer",
                    "Parallel Aware": false,
                    "Startup Cost": 46225.23,
                    "Total Cost": 46225.54,
                    "Plan Rows": 3,
                    "Plan Width": 8,
                    "Actual Startup Time": 160.954,
                    "Actual Total Time": 166.706,
                    "Actual Rows": 4,
                    "Actual Loops": 1,
                    "Output": [
                        "(PARTIAL count(*))"
                    ],
                    "Workers Planned": 3,
                    "Workers Launched": 3,
                    "Single Copy": false,
                    "Plans": [
                        {
                            "Node Type": "Aggregate",
                            "Strategy": "Plain",
                            "Partial Mode": "Partial",
                            "Parent Relationship": "Outer",
                            "Parallel Aware": false,
                            "Startup Cost": 45225.23,
                            "Total Cost": 45225.24,
                            "Plan Rows": 1,
                            "Plan Width": 8,
                            "Actual Startup Time": 152.883,
                            "Actual Total Time": 152.884,
                            "Actual Rows": 1,
                            "Actual Loops": 4,
                            "Output": [
                                "PARTIAL count(*)"
                            ],
                            "Workers": [
                                {
                                    "Worker Number": 0,
                                    "Actual Startup Time": 149.974,
                                    "Actual Total Time": 149.976,
                                    "Actual Rows": 1,
                                    "Actual Loops": 1
                                },
                                {
                                    "Worker Number": 1,
                                    "Actual Startup Time": 150.216,
                                    "Actual Total Time": 150.217,
                                    "Actual Rows": 1,
                                    "Actual Loops": 1
                                },
                                {
                                    "Worker Number": 2,
                                    "Actual Startup Time": 150.782,
                                    "Actual Total Time": 150.784,
                                    "Actual Rows": 1,
                                    "Actual Loops": 1
                                }
                            ],
                            "Plans": [
                                {
                                    "Node Type": "Seq Scan",
                                    "Parent Relationship": "Outer",
                                    "Parallel Aware": true,
                                    "Relation Name": "movie_keyword",
                                    "Schema": "public",
                                    "Alias": "mk",
                                    "Startup Cost": 0.0,
                                    "Total Cost": 42695.65,
                                    "Plan Rows": 1011832,
                                    "Plan Width": 0,
                                    "Actual Startup Time": 0.242,
                                    "Actual Total Time": 116.006,
                                    "Actual Rows": 785252,
                                    "Actual Loops": 4,
                                    "Output": [
                                        "id",
                                        "movie_id",
                                        "keyword_id"
                                    ],
                                    "Filter": "(mk.keyword_id > 1852)",
                                    "Rows Removed by Filter": 345730,
                                    "Workers": [
                                        {
                                            "Worker Number": 0,
                                            "Actual Startup Time": 0.063,
                                            "Actual Total Time": 114.636,
                                            "Actual Rows": 726135,
                                            "Actual Loops": 1
                                        },
                                        {
                                            "Worker Number": 1,
                                            "Actual Startup Time": 0.06,
                                            "Actual Total Time": 114.598,
                                            "Actual Rows": 735285,
                                            "Actual Loops": 1
                                        },
                                        {
                                            "Worker Number": 2,
                                            "Actual Startup Time": 0.061,
                                            "Actual Total Time": 115.238,
                                            "Actual Rows": 737548,
                                            "Actual Loops": 1
                                        }
                                    ]
                                }
                            ]
                        }
                    ]
                }
            ]
        },
        "Planning Time": 205.323,
        "Triggers": [],
        "Execution Time": 166.763
    }
]