{
  "Plan": {
    "Node Type": "Aggregate",
    "Strategy": "Plain",
    "Partial Mode": "Finalize",
    "Parallel Aware": false,
    "Startup Cost": 169208.91,
    "Total Cost": 169208.92,
    "Plan Rows": 1,
    "Plan Width": 8,
    "Actual Startup Time": 1474.217,
    "Actual Total Time": 1497.878,
    "Actual Rows": 1,
    "Actual Loops": 1,
    "Plans": [
      {
        "Node Type": "Gather",
        "Parent Relationship": "Outer",
        "Parallel Aware": false,
        "Startup Cost": 169208.8,
        "Total Cost": 169208.91,
        "Plan Rows": 1,
        "Plan Width": 8,
        "Actual Startup Time": 1468.534,
        "Actual Total Time": 1497.868,
        "Actual Rows": 2,
        "Actual Loops": 1,
        "Workers Planned": 1,
        "Workers Launched": 1,
        "Single Copy": false,
        "Plans": [
          {
            "Node Type": "Aggregate",
            "Strategy": "Plain",
            "Partial Mode": "Partial",
            "Parent Relationship": "Outer",
            "Parallel Aware": false,
            "Startup Cost": 168208.8,
            "Total Cost": 168208.81,
            "Plan Rows": 1,
            "Plan Width": 8,
            "Actual Startup Time": 1462.98,
            "Actual Total Time": 1463.264,
            "Actual Rows": 1,
            "Actual Loops": 2,
            "Plans": [
              {
                "Node Type": "Hash Join",
                "Parent Relationship": "Outer",
                "Parallel Aware": true,
                "Join Type": "Inner",
                "Startup Cost": 124201.81,
                "Total Cost": 166981.89,
                "Plan Rows": 490761,
                "Plan Width": 0,
                "Actual Startup Time": 841.286,
                "Actual Total Time": 1334.434,
                "Actual Rows": 3203926,
                "Actual Loops": 2,
                "Inner Unique": false,
                "Hash Cond": "(mc.movie_id = t.id)",
                "Plans": [
                  {
                    "Node Type": "Seq Scan",
                    "Parent Relationship": "Outer",
                    "Parallel Aware": true,
                    "Relation Name": "movie_companies",
                    "Alias": "mc",
                    "Startup Cost": 0.0,
                    "Total Cost": 34137.82,
                    "Plan Rows": 1534782,
                    "Plan Width": 4,
                    "Actual Startup Time": 0.015,
                    "Actual Total Time": 93.871,
                    "Actual Rows": 1304564,
                    "Actual Loops": 2
                  },
                  {
                    "Node Type": "Hash",
                    "Parent Relationship": "Inner",
                    "Parallel Aware": true,
                    "Startup Cost": 118257.36,
                    "Total Cost": 118257.36,
                    "Plan Rows": 475556,
                    "Plan Width": 8,
                    "Actual Startup Time": 827.708,
                    "Actual Total Time": 827.99,
                    "Actual Rows": 398034,
                    "Actual Loops": 2,
                    "Hash Buckets": 1048576,
                    "Original Hash Buckets": 1048576,
                    "Hash Batches": 1,
                    "Original Hash Batches": 1,
                    "Peak Memory Usage": 39360,
                    "Plans": [
                      {
                        "Node Type": "Hash Join",
                        "Parent Relationship": "Outer",
                        "Parallel Aware": true,
                        "Join Type": "Inner",
                        "Startup Cost": 86610.58,
                        "Total Cost": 118257.36,
                        "Plan Rows": 475556,
                        "Plan Width": 8,
                        "Actual Startup Time": 567.594,
                        "Actual Total Time": 747.396,
                        "Actual Rows": 398034,
                        "Actual Loops": 2,
                        "Inner Unique": true,
                        "Hash Cond": "(mk.movie_id = t.id)",
                        "Plans": [
                          {
                            "Node Type": "Bitmap Heap Scan",
                            "Parent Relationship": "Outer",
                            "Parallel Aware": true,
                            "Relation Name": "movie_keyword",
                            "Alias": "mk",
                            "Startup Cost": 17149.88,
                            "Total Cost": 47548.33,
                            "Plan Rows": 475556,
                            "Plan Width": 4,
                            "Actual Startup Time": 42.401,
                            "Actual Total Time": 121.601,
                            "Actual Rows": 398034,
                            "Actual Loops": 2,
                            "Recheck Cond": "(keyword_id > 23315)",
                            "Rows Removed by Index Recheck": 0,
                            "Exact Heap Blocks": 12917,
                            "Lossy Heap Blocks": 0,
                            "Plans": [
                              {
                                "Node Type": "Bitmap Index Scan",
                                "Parent Relationship": "Outer",
                                "Parallel Aware": false,
                                "Index Name": "keyword_id_movie_keyword",
                                "Startup Cost": 0.0,
                                "Total Cost": 16947.77,
                                "Plan Rows": 808445,
                                "Plan Width": 0,
                                "Actual Startup Time": 38.93,
                                "Actual Total Time": 38.93,
                                "Actual Rows": 796068,
                                "Actual Loops": 1,
                                "Index Cond": "(keyword_id > 23315)"
                              }
                            ]
                          },
                          {
                            "Node Type": "Hash",
                            "Parent Relationship": "Inner",
                            "Parallel Aware": true,
                            "Startup Cost": 50870.31,
                            "Total Cost": 50870.31,
                            "Plan Rows": 1487231,
                            "Plan Width": 4,
                            "Actual Startup Time": 511.282,
                            "Actual Total Time": 511.283,
                            "Actual Rows": 1264156,
                            "Actual Loops": 2,
                            "Hash Buckets": 4194304,
                            "Original Hash Buckets": 4194304,
                            "Hash Batches": 1,
                            "Original Hash Batches": 1,
                            "Peak Memory Usage": 131712,
                            "Plans": [
                              {
                                "Node Type": "Seq Scan",
                                "Parent Relationship": "Outer",
                                "Parallel Aware": true,
                                "Relation Name": "title",
                                "Alias": "t",
                                "Startup Cost": 0.0,
                                "Total Cost": 50870.31,
                                "Plan Rows": 1487231,
                                "Plan Width": 4,
                                "Actual Startup Time": 0.033,
                                "Actual Total Time": 148.514,
                                "Actual Rows": 1264156,
                                "Actual Loops": 2
                              }
                            ]
                          }
                        ]
                      }
                    ]
                  }
                ]
              }
            ]
          }
        ]
      }
    ]
  },
  "Planning Time": 0.554,
  "Triggers": [],
  "Execution Time": 1497.941
}