[
    {
        "Bao": {
            "Bao prediction": "NaN",
            "Bao recommended hint": "(no hint)"
        }
    },
    {
        "Plan": {
            "Node Type": "Aggregate",
            "Strategy": "Plain",
            "Partial Mode": "Finalize",
            "Parallel Aware": false,
            "Startup Cost": 46640.91,
            "Total Cost": 46640.92,
            "Plan Rows": 1,
            "Plan Width": 8,
            "Actual Startup Time": 92.163,
            "Actual Total Time": 98.493,
            "Actual Rows": 1,
            "Actual Loops": 1,
            "Output": [
                "count(*)"
            ],
            "Plans": [
                {
                    "Node Type": "Gather",
                    "Parent Relationship": "Outer",
                    "Parallel Aware": false,
                    "Startup Cost": 46640.49,
                    "Total Cost": 46640.9,
                    "Plan Rows": 4,
                    "Plan Width": 8,
                    "Actual Startup Time": 91.887,
                    "Actual Total Time": 98.485,
                    "Actual Rows": 5,
                    "Actual Loops": 1,
                    "Output": [
                        "(PARTIAL count(*))"
                    ],
                    "Workers Planned": 4,
                    "Workers Launched": 4,
                    "Single Copy": false,
                    "Plans": [
                        {
                            "Node Type": "Aggregate",
                            "Strategy": "Plain",
                            "Partial Mode": "Partial",
                            "Parent Relationship": "Outer",
                            "Parallel Aware": false,
                            "Startup Cost": 45640.49,
                            "Total Cost": 45640.5,
                            "Plan Rows": 1,
                            "Plan Width": 8,
                            "Actual Startup Time": 83.01,
                            "Actual Total Time": 83.012,
                            "Actual Rows": 1,
                            "Actual Loops": 5,
                            "Output": [
                                "PARTIAL count(*)"
                            ],
                            "Workers": [
                                {
                                    "Worker Number": 0,
                                    "Actual Startup Time": 80.334,
                                    "Actual Total Time": 80.336,
                                    "Actual Rows": 1,
                                    "Actual Loops": 1
                                },
                                {
                                    "Worker Number": 1,
                                    "Actual Startup Time": 80.637,
                                    "Actual Total Time": 80.638,
                                    "Actual Rows": 1,
                                    "Actual Loops": 1
                                },
                                {
                                    "Worker Number": 2,
                                    "Actual Startup Time": 81.109,
                                    "Actual Total Time": 81.11,
                                    "Actual Rows": 1,
                                    "Actual Loops": 1
                                },
                                {
                                    "Worker Number": 3,
                                    "Actual Startup Time": 81.361,
                                    "Actual Total Time": 81.362,
                                    "Actual Rows": 1,
                                    "Actual Loops": 1
                                }
                            ],
                            "Plans": [
                                {
                                    "Node Type": "Seq Scan",
                                    "Parent Relationship": "Outer",
                                    "Parallel Aware": true,
                                    "Relation Name": "title",
                                    "Schema": "public",
                                    "Alias": "t",
                                    "Startup Cost": 0.0,
                                    "Total Cost": 45479.21,
                                    "Plan Rows": 64512,
                                    "Plan Width": 0,
                                    "Actual Startup Time": 46.261,
                                    "Actual Total Time": 79.291,
                                    "Actual Rows": 73324,
                                    "Actual Loops": 5,
                                    "Output": [
                                        "id",
                                        "title",
                                        "imdb_index",
                                        "kind_id",
                                        "production_year",
                                        "imdb_id",
                                        "phonetic_code",
                                        "episode_of_id",
                                        "season_nr",
                                        "episode_nr",
                                        "series_years",
                                        "md5sum"
                                    ],
                                    "Filter": "((t.kind_id < 2) AND (t.production_year < 1999))",
                                    "Rows Removed by Filter": 432339,
                                    "Workers": [
                                        {
                                            "Worker Number": 0,
                                            "Actual Startup Time": 43.492,
                                            "Actual Total Time": 76.745,
                                            "Actual Rows": 71911,
                                            "Actual Loops": 1
                                        },
                                        {
                                            "Worker Number": 1,
                                            "Actual Startup Time": 44.051,
                                            "Actual Total Time": 77.104,
                                            "Actual Rows": 47069,
                                            "Actual Loops": 1
                                        },
                                        {
                                            "Worker Number": 2,
                                            "Actual Startup Time": 44.606,
                                            "Actual Total Time": 77.56,
                                            "Actual Rows": 70896,
                                            "Actual Loops": 1
                                        },
                                        {
                                            "Worker Number": 3,
                                            "Actual Startup Time": 44.443,
                                            "Actual Total Time": 77.895,
                                            "Actual Rows": 69459,
                                            "Actual Loops": 1
                                        }
                                    ]
                                }
                            ]
                        }
                    ]
                }
            ]
        },
        "Planning Time": 176.542,
        "Triggers": [],
        "Execution Time": 98.532
    }
]