{
  "Plan": {
    "Node Type": "Aggregate",
    "Strategy": "Plain",
    "Partial Mode": "Finalize",
    "Parallel Aware": false,
    "Startup Cost": 99841.3,
    "Total Cost": 99841.31,
    "Plan Rows": 1,
    "Plan Width": 8,
    "Actual Startup Time": 336.952,
    "Actual Total Time": 353.082,
    "Actual Rows": 1,
    "Actual Loops": 1,
    "Plans": [
      {
        "Node Type": "Gather",
        "Parent Relationship": "Outer",
        "Parallel Aware": false,
        "Startup Cost": 99841.19,
        "Total Cost": 99841.3,
        "Plan Rows": 1,
        "Plan Width": 8,
        "Actual Startup Time": 336.378,
        "Actual Total Time": 353.074,
        "Actual Rows": 2,
        "Actual Loops": 1,
        "Workers Planned": 1,
        "Workers Launched": 1,
        "Single Copy": false,
        "Plans": [
          {
            "Node Type": "Aggregate",
            "Strategy": "Plain",
            "Partial Mode": "Partial",
            "Parent Relationship": "Outer",
            "Parallel Aware": false,
            "Startup Cost": 98841.19,
            "Total Cost": 98841.2,
            "Plan Rows": 1,
            "Plan Width": 8,
            "Actual Startup Time": 330.718,
            "Actual Total Time": 330.721,
            "Actual Rows": 1,
            "Actual Loops": 2,
            "Plans": [
              {
                "Node Type": "Hash Join",
                "Parent Relationship": "Outer",
                "Parallel Aware": true,
                "Join Type": "Inner",
                "Startup Cost": 55730.51,
                "Total Cost": 98769.39,
                "Plan Rows": 28721,
                "Plan Width": 0,
                "Actual Startup Time": 206.441,
                "Actual Total Time": 327.836,
                "Actual Rows": 68656,
                "Actual Loops": 2,
                "Inner Unique": true,
                "Hash Cond": "(mc.movie_id = t.id)",
                "Plans": [
                  {
                    "Node Type": "Seq Scan",
                    "Parent Relationship": "Outer",
                    "Parallel Aware": true,
                    "Relation Name": "movie_companies",
                    "Alias": "mc",
                    "Startup Cost": 0.0,
                    "Total Cost": 41811.73,
                    "Plan Rows": 467484,
                    "Plan Width": 4,
                    "Actual Startup Time": 48.283,
                    "Actual Total Time": 110.683,
                    "Actual Rows": 507824,
                    "Actual Loops": 2,
                    "Filter": "((company_id > 6012) AND (company_type_id = 2))",
                    "Rows Removed by Filter": 796740
                  },
                  {
                    "Node Type": "Hash",
                    "Parent Relationship": "Inner",
                    "Parallel Aware": true,
                    "Startup Cost": 54588.39,
                    "Total Cost": 54588.39,
                    "Plan Rows": 91370,
                    "Plan Width": 4,
                    "Actual Startup Time": 153.188,
                    "Actual Total Time": 153.189,
                    "Actual Rows": 80168,
                    "Actual Loops": 2,
                    "Hash Buckets": 262144,
                    "Original Hash Buckets": 262144,
                    "Hash Batches": 1,
                    "Original Hash Batches": 1,
                    "Peak Memory Usage": 8352,
                    "Plans": [
                      {
                        "Node Type": "Seq Scan",
                        "Parent Relationship": "Outer",
                        "Parallel Aware": true,
                        "Relation Name": "title",
                        "Alias": "t",
                        "Startup Cost": 0.0,
                        "Total Cost": 54588.39,
                        "Plan Rows": 91370,
                        "Plan Width": 4,
                        "Actual Startup Time": 0.81,
                        "Actual Total Time": 135.83,
                        "Actual Rows": 80168,
                        "Actual Loops": 2,
                        "Filter": "(production_year < 1949)",
                        "Rows Removed by Filter": 1183988
                      }
                    ]
                  }
                ]
              }
            ]
          }
        ]
      }
    ]
  },
  "Planning Time": 0.472,
  "Triggers": [],
  "Execution Time": 353.152
}