[
  {
    "Plan": {
      "Node Type": "Aggregate",
      "Strategy": "Plain",
      "Partial Mode": "Finalize",
      "Parallel Aware": false,
      "Startup Cost": 346609.33,
      "Total Cost": 346609.34,
      "Plan Rows": 1,
      "Plan Width": 8,
      "Actual Startup Time": 630.072,
      "Actual Total Time": 689.393,
      "Actual Rows": 1,
      "Actual Loops": 1,
      "Plans": [
        {
          "Node Type": "Gather",
          "Parent Relationship": "Outer",
          "Parallel Aware": false,
          "Startup Cost": 346608.71,
          "Total Cost": 346609.32,
          "Plan Rows": 6,
          "Plan Width": 8,
          "Actual Startup Time": 629.909,
          "Actual Total Time": 689.382,
          "Actual Rows": 7,
          "Actual Loops": 1,
          "Workers Planned": 6,
          "Workers Launched": 6,
          "Single Copy": false,
          "Plans": [
            {
              "Node Type": "Aggregate",
              "Strategy": "Plain",
              "Partial Mode": "Partial",
              "Parent Relationship": "Outer",
              "Parallel Aware": false,
              "Startup Cost": 345608.71,
              "Total Cost": 345608.72,
              "Plan Rows": 1,
              "Plan Width": 8,
              "Actual Startup Time": 623.013,
              "Actual Total Time": 623.015,
              "Actual Rows": 1,
              "Actual Loops": 7,
              "Plans": [
                {
                  "Node Type": "Seq Scan",
                  "Parent Relationship": "Outer",
                  "Parallel Aware": true,
                  "Relation Name": "cast_info",
                  "Alias": "ci",
                  "Startup Cost": 0.0,
                  "Total Cost": 343316.27,
                  "Plan Rows": 916974,
                  "Plan Width": 0,
                  "Actual Startup Time": 328.518,
                  "Actual Total Time": 599.77,
                  "Actual Rows": 496544,
                  "Actual Loops": 7,
                  "Filter": "((person_id < 1238315) AND (role_id > 2))",
                  "Rows Removed by Filter": 4681219
                }
              ]
            }
          ]
        }
      ]
    },
    "Planning Time": 0.123,
    "Triggers": [],
    "Execution Time": 689.444
  }
]