{
  "Plan": {
    "Node Type": "Aggregate",
    "Strategy": "Plain",
    "Partial Mode": "Finalize",
    "Parallel Aware": false,
    "Startup Cost": 138966.76,
    "Total Cost": 138966.77,
    "Plan Rows": 1,
    "Plan Width": 8,
    "Actual Startup Time": 1020.026,
    "Actual Total Time": 1045.998,
    "Actual Rows": 1,
    "Actual Loops": 1,
    "Plans": [
      {
        "Node Type": "Gather",
        "Parent Relationship": "Outer",
        "Parallel Aware": false,
        "Startup Cost": 138966.65,
        "Total Cost": 138966.76,
        "Plan Rows": 1,
        "Plan Width": 8,
        "Actual Startup Time": 1013.465,
        "Actual Total Time": 1045.991,
        "Actual Rows": 2,
        "Actual Loops": 1,
        "Workers Planned": 1,
        "Workers Launched": 1,
        "Single Copy": false,
        "Plans": [
          {
            "Node Type": "Aggregate",
            "Strategy": "Plain",
            "Partial Mode": "Partial",
            "Parent Relationship": "Outer",
            "Parallel Aware": false,
            "Startup Cost": 137966.65,
            "Total Cost": 137966.66,
            "Plan Rows": 1,
            "Plan Width": 8,
            "Actual Startup Time": 1007.251,
            "Actual Total Time": 1007.257,
            "Actual Rows": 1,
            "Actual Loops": 2,
            "Plans": [
              {
                "Node Type": "Hash Join",
                "Parent Relationship": "Outer",
                "Parallel Aware": true,
                "Join Type": "Inner",
                "Startup Cost": 117197.12,
                "Total Cost": 137467.84,
                "Plan Rows": 199525,
                "Plan Width": 0,
                "Actual Startup Time": 809.816,
                "Actual Total Time": 981.433,
                "Actual Rows": 654108,
                "Actual Loops": 2,
                "Inner Unique": false,
                "Hash Cond": "(mi_idx.movie_id = t.id)",
                "Plans": [
                  {
                    "Node Type": "Seq Scan",
                    "Parent Relationship": "Outer",
                    "Parallel Aware": true,
                    "Relation Name": "movie_info_idx",
                    "Alias": "mi_idx",
                    "Startup Cost": 0.0,
                    "Total Cost": 16052.85,
                    "Plan Rows": 811785,
                    "Plan Width": 4,
                    "Actual Startup Time": 0.029,
                    "Actual Total Time": 47.196,
                    "Actual Rows": 690018,
                    "Actual Loops": 2
                  },
                  {
                    "Node Type": "Hash",
                    "Parent Relationship": "Inner",
                    "Parallel Aware": true,
                    "Startup Cost": 112627.88,
                    "Total Cost": 112627.88,
                    "Plan Rows": 365539,
                    "Plan Width": 8,
                    "Actual Startup Time": 800.686,
                    "Actual Total Time": 800.69,
                    "Actual Rows": 316424,
                    "Actual Loops": 2,
                    "Hash Buckets": 1048576,
                    "Original Hash Buckets": 1048576,
                    "Hash Batches": 1,
                    "Original Hash Batches": 1,
                    "Peak Memory Usage": 32992,
                    "Plans": [
                      {
                        "Node Type": "Hash Join",
                        "Parent Relationship": "Outer",
                        "Parallel Aware": true,
                        "Join Type": "Inner",
                        "Startup Cost": 82645.11,
                        "Total Cost": 112627.88,
                        "Plan Rows": 365539,
                        "Plan Width": 8,
                        "Actual Startup Time": 552.918,
                        "Actual Total Time": 724.341,
                        "Actual Rows": 316424,
                        "Actual Loops": 2,
                        "Inner Unique": true,
                        "Hash Cond": "(mk.movie_id = t.id)",
                        "Plans": [
                          {
                            "Node Type": "Bitmap Heap Scan",
                            "Parent Relationship": "Outer",
                            "Parallel Aware": true,
                            "Relation Name": "movie_keyword",
                            "Alias": "mk",
                            "Startup Cost": 13184.41,
                            "Total Cost": 42207.64,
                            "Plan Rows": 365539,
                            "Plan Width": 4,
                            "Actual Startup Time": 35.546,
                            "Actual Total Time": 108.588,
                            "Actual Rows": 316424,
                            "Actual Loops": 2,
                            "Recheck Cond": "(keyword_id < 495)",
                            "Rows Removed by Index Recheck": 0,
                            "Exact Heap Blocks": 13014,
                            "Lossy Heap Blocks": 0,
                            "Plans": [
                              {
                                "Node Type": "Bitmap Index Scan",
                                "Parent Relationship": "Outer",
                                "Parallel Aware": false,
                                "Index Name": "keyword_id_movie_keyword",
                                "Startup Cost": 0.0,
                                "Total Cost": 13029.05,
                                "Plan Rows": 621416,
                                "Plan Width": 0,
                                "Actual Startup Time": 31.985,
                                "Actual Total Time": 31.985,
                                "Actual Rows": 632848,
                                "Actual Loops": 1,
                                "Index Cond": "(keyword_id < 495)"
                              }
                            ]
                          },
                          {
                            "Node Type": "Hash",
                            "Parent Relationship": "Inner",
                            "Parallel Aware": true,
                            "Startup Cost": 50870.31,
                            "Total Cost": 50870.31,
                            "Plan Rows": 1487231,
                            "Plan Width": 4,
                            "Actual Startup Time": 501.185,
                            "Actual Total Time": 501.186,
                            "Actual Rows": 1264156,
                            "Actual Loops": 2,
                            "Hash Buckets": 4194304,
                            "Original Hash Buckets": 4194304,
                            "Hash Batches": 1,
                            "Original Hash Batches": 1,
                            "Peak Memory Usage": 131712,
                            "Plans": [
                              {
                                "Node Type": "Seq Scan",
                                "Parent Relationship": "Outer",
                                "Parallel Aware": true,
                                "Relation Name": "title",
                                "Alias": "t",
                                "Startup Cost": 0.0,
                                "Total Cost": 50870.31,
                                "Plan Rows": 1487231,
                                "Plan Width": 4,
                                "Actual Startup Time": 0.033,
                                "Actual Total Time": 151.925,
                                "Actual Rows": 1264156,
                                "Actual Loops": 2
                              }
                            ]
                          }
                        ]
                      }
                    ]
                  }
                ]
              }
            ]
          }
        ]
      }
    ]
  },
  "Planning Time": 1.035,
  "Triggers": [],
  "Execution Time": 1046.1
}