[
  {
    "Plan": {
      "Node Type": "Aggregate",
      "Strategy": "Plain",
      "Partial Mode": "Finalize",
      "Parallel Aware": false,
      "Startup Cost": 72520.78,
      "Total Cost": 72520.79,
      "Plan Rows": 1,
      "Plan Width": 8,
      "Actual Startup Time": 97.114,
      "Actual Total Time": 111.433,
      "Actual Rows": 1,
      "Actual Loops": 1,
      "Plans": [
        {
          "Node Type": "Gather",
          "Parent Relationship": "Outer",
          "Parallel Aware": false,
          "Startup Cost": 72520.46,
          "Total Cost": 72520.77,
          "Plan Rows": 3,
          "Plan Width": 8,
          "Actual Startup Time": 96.803,
          "Actual Total Time": 111.425,
          "Actual Rows": 4,
          "Actual Loops": 1,
          "Workers Planned": 3,
          "Workers Launched": 3,
          "Single Copy": false,
          "Plans": [
            {
              "Node Type": "Aggregate",
              "Strategy": "Plain",
              "Partial Mode": "Partial",
              "Parent Relationship": "Outer",
              "Parallel Aware": false,
              "Startup Cost": 71520.46,
              "Total Cost": 71520.47,
              "Plan Rows": 1,
              "Plan Width": 8,
              "Actual Startup Time": 87.333,
              "Actual Total Time": 87.335,
              "Actual Rows": 1,
              "Actual Loops": 4,
              "Plans": [
                {
                  "Node Type": "Nested Loop",
                  "Parent Relationship": "Outer",
                  "Parallel Aware": false,
                  "Join Type": "Inner",
                  "Startup Cost": 681.52,
                  "Total Cost": 71511.42,
                  "Plan Rows": 3617,
                  "Plan Width": 0,
                  "Actual Startup Time": 8.976,
                  "Actual Total Time": 87.163,
                  "Actual Rows": 1000,
                  "Actual Loops": 4,
                  "Inner Unique": true,
                  "Plans": [
                    {
                      "Node Type": "Bitmap Heap Scan",
                      "Parent Relationship": "Outer",
                      "Parallel Aware": true,
                      "Relation Name": "movie_keyword",
                      "Alias": "mk",
                      "Startup Cost": 681.09,
                      "Total Cost": 26572.56,
                      "Plan Rows": 10350,
                      "Plan Width": 4,
                      "Actual Startup Time": 7.386,
                      "Actual Total Time": 23.708,
                      "Actual Rows": 6790,
                      "Actual Loops": 4,
                      "Recheck Cond": "(keyword_id < 24)",
                      "Rows Removed by Index Recheck": 0,
                      "Exact Heap Blocks": 4605,
                      "Lossy Heap Blocks": 0,
                      "Plans": [
                        {
                          "Node Type": "Bitmap Index Scan",
                          "Parent Relationship": "Outer",
                          "Parallel Aware": false,
                          "Index Name": "keyword_id_movie_keyword",
                          "Startup Cost": 0.0,
                          "Total Cost": 673.07,
                          "Plan Rows": 32085,
                          "Plan Width": 0,
                          "Actual Startup Time": 11.63,
                          "Actual Total Time": 11.63,
                          "Actual Rows": 27159,
                          "Actual Loops": 1,
                          "Index Cond": "(keyword_id < 24)"
                        }
                      ]
                    },
                    {
                      "Node Type": "Index Scan",
                      "Parent Relationship": "Inner",
                      "Parallel Aware": false,
                      "Scan Direction": "Forward",
                      "Index Name": "title_pkey",
                      "Relation Name": "title",
                      "Alias": "t",
                      "Startup Cost": 0.43,
                      "Total Cost": 4.34,
                      "Plan Rows": 1,
                      "Plan Width": 4,
                      "Actual Startup Time": 0.009,
                      "Actual Total Time": 0.009,
                      "Actual Rows": 0,
                      "Actual Loops": 27159,
                      "Index Cond": "(id = mk.movie_id)",
                      "Rows Removed by Index Recheck": 0,
                      "Filter": "((kind_id > 3) AND (production_year < 2005))",
                      "Rows Removed by Filter": 1
                    }
                  ]
                }
              ]
            }
          ]
        }
      ]
    },
    "Planning Time": 0.822,
    "Triggers": [],
    "Execution Time": 111.521
  }
]