{
  "Plan": {
    "Node Type": "Aggregate",
    "Strategy": "Plain",
    "Partial Mode": "Finalize",
    "Parallel Aware": false,
    "Startup Cost": 449416.89,
    "Total Cost": 449416.9,
    "Plan Rows": 1,
    "Plan Width": 8,
    "Actual Startup Time": 4733.14,
    "Actual Total Time": 4819.809,
    "Actual Rows": 1,
    "Actual Loops": 1,
    "Plans": [
      {
        "Node Type": "Gather",
        "Parent Relationship": "Outer",
        "Parallel Aware": false,
        "Startup Cost": 449416.78,
        "Total Cost": 449416.89,
        "Plan Rows": 1,
        "Plan Width": 8,
        "Actual Startup Time": 4710.53,
        "Actual Total Time": 4819.801,
        "Actual Rows": 2,
        "Actual Loops": 1,
        "Workers Planned": 1,
        "Workers Launched": 1,
        "Single Copy": false,
        "Plans": [
          {
            "Node Type": "Aggregate",
            "Strategy": "Plain",
            "Partial Mode": "Partial",
            "Parent Relationship": "Outer",
            "Parallel Aware": false,
            "Startup Cost": 448416.78,
            "Total Cost": 448416.79,
            "Plan Rows": 1,
            "Plan Width": 8,
            "Actual Startup Time": 4691.156,
            "Actual Total Time": 4693.797,
            "Actual Rows": 1,
            "Actual Loops": 2,
            "Plans": [
              {
                "Node Type": "Hash Join",
                "Parent Relationship": "Outer",
                "Parallel Aware": true,
                "Join Type": "Inner",
                "Startup Cost": 428590.11,
                "Total Cost": 448354.18,
                "Plan Rows": 25041,
                "Plan Width": 0,
                "Actual Startup Time": 4621.562,
                "Actual Total Time": 4683.001,
                "Actual Rows": 256162,
                "Actual Loops": 2,
                "Inner Unique": false,
                "Hash Cond": "(mk.movie_id = t.id)",
                "Plans": [
                  {
                    "Node Type": "Bitmap Heap Scan",
                    "Parent Relationship": "Outer",
                    "Parallel Aware": true,
                    "Relation Name": "movie_keyword",
                    "Alias": "mk",
                    "Startup Cost": 232.57,
                    "Total Cost": 19785.49,
                    "Plan Rows": 6386,
                    "Plan Width": 4,
                    "Actual Startup Time": 2.744,
                    "Actual Total Time": 17.998,
                    "Actual Rows": 5400,
                    "Actual Loops": 2,
                    "Recheck Cond": "(keyword_id = 347)",
                    "Rows Removed by Index Recheck": 0,
                    "Exact Heap Blocks": 4326,
                    "Lossy Heap Blocks": 0,
                    "Plans": [
                      {
                        "Node Type": "Bitmap Index Scan",
                        "Parent Relationship": "Outer",
                        "Parallel Aware": false,
                        "Index Name": "keyword_id_movie_keyword",
                        "Startup Cost": 0.0,
                        "Total Cost": 229.86,
                        "Plan Rows": 10857,
                        "Plan Width": 0,
                        "Actual Startup Time": 1.647,
                        "Actual Total Time": 1.648,
                        "Actual Rows": 10799,
                        "Actual Loops": 1,
                        "Index Cond": "(keyword_id = 347)"
                      }
                    ]
                  },
                  {
                    "Node Type": "Hash",
                    "Parent Relationship": "Inner",
                    "Parallel Aware": true,
                    "Startup Cost": 355464.65,
                    "Total Cost": 355464.65,
                    "Plan Rows": 5831431,
                    "Plan Width": 8,
                    "Actual Startup Time": 4569.308,
                    "Actual Total Time": 4571.947,
                    "Actual Rows": 4955877,
                    "Actual Loops": 2,
                    "Hash Buckets": 16777216,
                    "Original Hash Buckets": 16777216,
                    "Hash Batches": 1,
                    "Original Hash Batches": 1,
                    "Peak Memory Usage": 518848,
                    "Plans": [
                      {
                        "Node Type": "Hash Join",
                        "Parent Relationship": "Outer",
                        "Parallel Aware": true,
                        "Join Type": "Inner",
                        "Startup Cost": 69460.7,
                        "Total Cost": 355464.65,
                        "Plan Rows": 5831431,
                        "Plan Width": 8,
                        "Actual Startup Time": 657.106,
                        "Actual Total Time": 3134.231,
                        "Actual Rows": 4955877,
                        "Actual Loops": 2,
                        "Inner Unique": true,
                        "Hash Cond": "(mi.movie_id = t.id)",
                        "Plans": [
                          {
                            "Node Type": "Seq Scan",
                            "Parent Relationship": "Outer",
                            "Parallel Aware": true,
                            "Relation Name": "movie_info",
                            "Alias": "mi",
                            "Startup Cost": 0.0,
                            "Total Cost": 270696.42,
                            "Plan Rows": 5831431,
                            "Plan Width": 4,
                            "Actual Startup Time": 39.943,
                            "Actual Total Time": 853.722,
                            "Actual Rows": 4955877,
                            "Actual Loops": 2,
                            "Filter": "(info_type_id > 4)",
                            "Rows Removed by Filter": 2461983
                          },
                          {
                            "Node Type": "Hash",
                            "Parent Relationship": "Inner",
                            "Parallel Aware": true,
                            "Startup Cost": 50870.31,
                            "Total Cost": 50870.31,
                            "Plan Rows": 1487231,
                            "Plan Width": 4,
                            "Actual Startup Time": 606.332,
                            "Actual Total Time": 606.333,
                            "Actual Rows": 1264156,
                            "Actual Loops": 2,
                            "Hash Buckets": 4194304,
                            "Original Hash Buckets": 4194304,
                            "Hash Batches": 1,
                            "Original Hash Batches": 1,
                            "Peak Memory Usage": 131680,
                            "Plans": [
                              {
                                "Node Type": "Seq Scan",
                                "Parent Relationship": "Outer",
                                "Parallel Aware": true,
                                "Relation Name": "title",
                                "Alias": "t",
                                "Startup Cost": 0.0,
                                "Total Cost": 50870.31,
                                "Plan Rows": 1487231,
                                "Plan Width": 4,
                                "Actual Startup Time": 0.035,
                                "Actual Total Time": 184.436,
                                "Actual Rows": 1264156,
                                "Actual Loops": 2
                              }
                            ]
                          }
                        ]
                      }
                    ]
                  }
                ]
              }
            ]
          }
        ]
      }
    ]
  },
  "Planning Time": 0.429,
  "Triggers": [],
  "Execution Time": 4819.872
}