[
  {
    "Plan": {
      "Node Type": "Aggregate",
      "Strategy": "Plain",
      "Partial Mode": "Finalize",
      "Parallel Aware": false,
      "Startup Cost": 80667.68,
      "Total Cost": 80667.69,
      "Plan Rows": 1,
      "Plan Width": 8,
      "Actual Startup Time": 427.416,
      "Actual Total Time": 447.669,
      "Actual Rows": 1,
      "Actual Loops": 1,
      "Plans": [
        {
          "Node Type": "Gather",
          "Parent Relationship": "Outer",
          "Parallel Aware": false,
          "Startup Cost": 80667.37,
          "Total Cost": 80667.68,
          "Plan Rows": 3,
          "Plan Width": 8,
          "Actual Startup Time": 419.188,
          "Actual Total Time": 447.659,
          "Actual Rows": 4,
          "Actual Loops": 1,
          "Workers Planned": 3,
          "Workers Launched": 3,
          "Single Copy": false,
          "Plans": [
            {
              "Node Type": "Aggregate",
              "Strategy": "Plain",
              "Partial Mode": "Partial",
              "Parent Relationship": "Outer",
              "Parallel Aware": false,
              "Startup Cost": 79667.37,
              "Total Cost": 79667.38,
              "Plan Rows": 1,
              "Plan Width": 8,
              "Actual Startup Time": 408.061,
              "Actual Total Time": 408.064,
              "Actual Rows": 1,
              "Actual Loops": 4,
              "Plans": [
                {
                  "Node Type": "Hash Join",
                  "Parent Relationship": "Outer",
                  "Parallel Aware": true,
                  "Join Type": "Inner",
                  "Startup Cost": 54158.35,
                  "Total Cost": 79517.72,
                  "Plan Rows": 59859,
                  "Plan Width": 0,
                  "Actual Startup Time": 343.44,
                  "Actual Total Time": 405.384,
                  "Actual Rows": 44670,
                  "Actual Loops": 4,
                  "Inner Unique": true,
                  "Hash Cond": "(mk.movie_id = t.id)",
                  "Plans": [
                    {
                      "Node Type": "Bitmap Heap Scan",
                      "Parent Relationship": "Outer",
                      "Parallel Aware": true,
                      "Relation Name": "movie_keyword",
                      "Alias": "mk",
                      "Startup Cost": 3938.55,
                      "Total Cost": 29140.78,
                      "Plan Rows": 59859,
                      "Plan Width": 4,
                      "Actual Startup Time": 17.007,
                      "Actual Total Time": 54.406,
                      "Actual Rows": 44670,
                      "Actual Loops": 4,
                      "Recheck Cond": "(keyword_id < 128)",
                      "Rows Removed by Index Recheck": 0,
                      "Exact Heap Blocks": 6392,
                      "Lossy Heap Blocks": 0,
                      "Plans": [
                        {
                          "Node Type": "Bitmap Index Scan",
                          "Parent Relationship": "Outer",
                          "Parallel Aware": false,
                          "Index Name": "keyword_id_movie_keyword",
                          "Startup Cost": 0.0,
                          "Total Cost": 3892.15,
                          "Plan Rows": 185563,
                          "Plan Width": 0,
                          "Actual Startup Time": 13.615,
                          "Actual Total Time": 13.615,
                          "Actual Rows": 178682,
                          "Actual Loops": 1,
                          "Index Cond": "(keyword_id < 128)"
                        }
                      ]
                    },
                    {
                      "Node Type": "Hash",
                      "Parent Relationship": "Inner",
                      "Parallel Aware": true,
                      "Startup Cost": 42318.81,
                      "Total Cost": 42318.81,
                      "Plan Rows": 632080,
                      "Plan Width": 4,
                      "Actual Startup Time": 317.382,
                      "Actual Total Time": 317.382,
                      "Actual Rows": 632078,
                      "Actual Loops": 4,
                      "Hash Buckets": 4194304,
                      "Original Hash Buckets": 4194304,
                      "Hash Batches": 1,
                      "Original Hash Batches": 1,
                      "Peak Memory Usage": 131744,
                      "Plans": [
                        {
                          "Node Type": "Seq Scan",
                          "Parent Relationship": "Outer",
                          "Parallel Aware": true,
                          "Relation Name": "title",
                          "Alias": "t",
                          "Startup Cost": 0.0,
                          "Total Cost": 42318.81,
                          "Plan Rows": 632080,
                          "Plan Width": 4,
                          "Actual Startup Time": 0.023,
                          "Actual Total Time": 92.772,
                          "Actual Rows": 632078,
                          "Actual Loops": 4
                        }
                      ]
                    }
                  ]
                }
              ]
            }
          ]
        }
      ]
    },
    "Planning Time": 0.275,
    "Triggers": [],
    "Execution Time": 447.717
  }
]