[
  {
    "Plan": {
      "Node Type": "Aggregate",
      "Strategy": "Plain",
      "Partial Mode": "Finalize",
      "Parallel Aware": false,
      "Startup Cost": 382586.22,
      "Total Cost": 382586.23,
      "Plan Rows": 1,
      "Plan Width": 8,
      "Actual Startup Time": 1430.958,
      "Actual Total Time": 1493.444,
      "Actual Rows": 1,
      "Actual Loops": 1,
      "Plans": [
        {
          "Node Type": "Gather",
          "Parent Relationship": "Outer",
          "Parallel Aware": false,
          "Startup Cost": 382585.59,
          "Total Cost": 382586.2,
          "Plan Rows": 6,
          "Plan Width": 8,
          "Actual Startup Time": 1425.329,
          "Actual Total Time": 1493.429,
          "Actual Rows": 7,
          "Actual Loops": 1,
          "Workers Planned": 6,
          "Workers Launched": 6,
          "Single Copy": false,
          "Plans": [
            {
              "Node Type": "Aggregate",
              "Strategy": "Plain",
              "Partial Mode": "Partial",
              "Parent Relationship": "Outer",
              "Parallel Aware": false,
              "Startup Cost": 381585.59,
              "Total Cost": 381585.6,
              "Plan Rows": 1,
              "Plan Width": 8,
              "Actual Startup Time": 1414.899,
              "Actual Total Time": 1414.904,
              "Actual Rows": 1,
              "Actual Loops": 7,
              "Plans": [
                {
                  "Node Type": "Hash Join",
                  "Parent Relationship": "Outer",
                  "Parallel Aware": true,
                  "Join Type": "Inner",
                  "Startup Cost": 45962.36,
                  "Total Cost": 380109.56,
                  "Plan Rows": 590414,
                  "Plan Width": 0,
                  "Actual Startup Time": 442.413,
                  "Actual Total Time": 1383.4,
                  "Actual Rows": 531536,
                  "Actual Loops": 7,
                  "Inner Unique": true,
                  "Hash Cond": "(ci.movie_id = t.id)",
                  "Plans": [
                    {
                      "Node Type": "Seq Scan",
                      "Parent Relationship": "Outer",
                      "Parallel Aware": true,
                      "Relation Name": "cast_info",
                      "Alias": "ci",
                      "Startup Cost": 0.0,
                      "Total Cost": 328211.39,
                      "Plan Rows": 2261256,
                      "Plan Width": 4,
                      "Actual Startup Time": 292.756,
                      "Actual Total Time": 689.25,
                      "Actual Rows": 1902880,
                      "Actual Loops": 7,
                      "Filter": "(person_id > 2340145)",
                      "Rows Removed by Filter": 3274883
                    },
                    {
                      "Node Type": "Hash",
                      "Parent Relationship": "Inner",
                      "Parallel Aware": true,
                      "Startup Cost": 43899.32,
                      "Total Cost": 43899.32,
                      "Plan Rows": 165043,
                      "Plan Width": 4,
                      "Actual Startup Time": 146.148,
                      "Actual Total Time": 146.149,
                      "Actual Rows": 94689,
                      "Actual Loops": 7,
                      "Hash Buckets": 1048576,
                      "Original Hash Buckets": 1048576,
                      "Hash Batches": 1,
                      "Original Hash Batches": 1,
                      "Peak Memory Usage": 34240,
                      "Plans": [
                        {
                          "Node Type": "Seq Scan",
                          "Parent Relationship": "Outer",
                          "Parallel Aware": true,
                          "Relation Name": "title",
                          "Alias": "t",
                          "Startup Cost": 0.0,
                          "Total Cost": 43899.32,
                          "Plan Rows": 165043,
                          "Plan Width": 4,
                          "Actual Startup Time": 49.419,
                          "Actual Total Time": 95.301,
                          "Actual Rows": 94689,
                          "Actual Loops": 7,
                          "Filter": "(kind_id = 1)",
                          "Rows Removed by Filter": 266498
                        }
                      ]
                    }
                  ]
                }
              ]
            }
          ]
        }
      ]
    },
    "Planning Time": 0.689,
    "Triggers": [],
    "Execution Time": 1493.535
  }
]