[
  {
    "Plan": {
      "Node Type": "Aggregate",
      "Strategy": "Plain",
      "Partial Mode": "Finalize",
      "Parallel Aware": false,
      "Startup Cost": 456163.44,
      "Total Cost": 456163.45,
      "Plan Rows": 1,
      "Plan Width": 8,
      "Actual Startup Time": 3787.277,
      "Actual Total Time": 3842.951,
      "Actual Rows": 1,
      "Actual Loops": 1,
      "Plans": [
        {
          "Node Type": "Gather",
          "Parent Relationship": "Outer",
          "Parallel Aware": false,
          "Startup Cost": 456162.81,
          "Total Cost": 456163.42,
          "Plan Rows": 6,
          "Plan Width": 8,
          "Actual Startup Time": 3776.434,
          "Actual Total Time": 3842.933,
          "Actual Rows": 7,
          "Actual Loops": 1,
          "Workers Planned": 6,
          "Workers Launched": 6,
          "Single Copy": false,
          "Plans": [
            {
              "Node Type": "Aggregate",
              "Strategy": "Plain",
              "Partial Mode": "Partial",
              "Parent Relationship": "Outer",
              "Parallel Aware": false,
              "Startup Cost": 455162.81,
              "Total Cost": 455162.82,
              "Plan Rows": 1,
              "Plan Width": 8,
              "Actual Startup Time": 3766.604,
              "Actual Total Time": 3766.87,
              "Actual Rows": 1,
              "Actual Loops": 7,
              "Plans": [
                {
                  "Node Type": "Hash Join",
                  "Parent Relationship": "Outer",
                  "Parallel Aware": true,
                  "Join Type": "Inner",
                  "Startup Cost": 94913.38,
                  "Total Cost": 450439.82,
                  "Plan Rows": 1889197,
                  "Plan Width": 0,
                  "Actual Startup Time": 615.923,
                  "Actual Total Time": 3233.611,
                  "Actual Rows": 12174839,
                  "Actual Loops": 7,
                  "Inner Unique": false,
                  "Hash Cond": "(ci.movie_id = t.id)",
                  "Plans": [
                    {
                      "Node Type": "Seq Scan",
                      "Parent Relationship": "Outer",
                      "Parallel Aware": true,
                      "Relation Name": "cast_info",
                      "Alias": "ci",
                      "Startup Cost": 0.0,
                      "Total Cost": 328211.39,
                      "Plan Rows": 5658898,
                      "Plan Width": 4,
                      "Actual Startup Time": 29.439,
                      "Actual Total Time": 660.138,
                      "Actual Rows": 4839702,
                      "Actual Loops": 7,
                      "Filter": "(person_id > 230248)",
                      "Rows Removed by Filter": 338061
                    },
                    {
                      "Node Type": "Hash",
                      "Parent Relationship": "Inner",
                      "Parallel Aware": true,
                      "Startup Cost": 91509.75,
                      "Total Cost": 91509.75,
                      "Plan Rows": 272291,
                      "Plan Width": 8,
                      "Actual Startup Time": 583.304,
                      "Actual Total Time": 583.568,
                      "Actual Rows": 269579,
                      "Actual Loops": 7,
                      "Hash Buckets": 2097152,
                      "Original Hash Buckets": 1048576,
                      "Hash Batches": 1,
                      "Original Hash Batches": 1,
                      "Peak Memory Usage": 98528,
                      "Plans": [
                        {
                          "Node Type": "Hash Join",
                          "Parent Relationship": "Outer",
                          "Parallel Aware": true,
                          "Join Type": "Inner",
                          "Startup Cost": 46982.15,
                          "Total Cost": 91509.75,
                          "Plan Rows": 272291,
                          "Plan Width": 8,
                          "Actual Startup Time": 192.935,
                          "Actual Total Time": 353.282,
                          "Actual Rows": 269579,
                          "Actual Loops": 7,
                          "Inner Unique": true,
                          "Hash Cond": "(mk.movie_id = t.id)",
                          "Plans": [
                            {
                              "Node Type": "Seq Scan",
                              "Parent Relationship": "Outer",
                              "Parallel Aware": true,
                              "Relation Name": "movie_keyword",
                              "Alias": "mk",
                              "Startup Cost": 0.0,
                              "Total Cost": 42695.65,
                              "Plan Rows": 697884,
                              "Plan Width": 4,
                              "Actual Startup Time": 0.043,
                              "Actual Total Time": 83.756,
                              "Actual Rows": 310959,
                              "Actual Loops": 7,
                              "Filter": "(keyword_id < 4271)",
                              "Rows Removed by Filter": 335316
                            },
                            {
                              "Node Type": "Hash",
                              "Parent Relationship": "Inner",
                              "Parallel Aware": true,
                              "Startup Cost": 43899.32,
                              "Total Cost": 43899.32,
                              "Plan Rows": 246626,
                              "Plan Width": 4,
                              "Actual Startup Time": 191.128,
                              "Actual Total Time": 191.129,
                              "Actual Rows": 140721,
                              "Actual Loops": 7,
                              "Hash Buckets": 1048576,
                              "Original Hash Buckets": 1048576,
                              "Hash Batches": 1,
                              "Original Hash Batches": 1,
                              "Peak Memory Usage": 46816,
                              "Plans": [
                                {
                                  "Node Type": "Seq Scan",
                                  "Parent Relationship": "Outer",
                                  "Parallel Aware": true,
                                  "Relation Name": "title",
                                  "Alias": "t",
                                  "Startup Cost": 0.0,
                                  "Total Cost": 43899.32,
                                  "Plan Rows": 246626,
                                  "Plan Width": 4,
                                  "Actual Startup Time": 0.063,
                                  "Actual Total Time": 87.788,
                                  "Actual Rows": 140721,
                                  "Actual Loops": 7,
                                  "Filter": "(kind_id < 7)",
                                  "Rows Removed by Filter": 220466
                                }
                              ]
                            }
                          ]
                        }
                      ]
                    }
                  ]
                }
              ]
            }
          ]
        }
      ]
    },
    "Planning Time": 0.872,
    "Triggers": [],
    "Execution Time": 3843.024
  }
]