[
    {
        "Bao": {
            "Bao prediction": "NaN",
            "Bao recommended hint": "(no hint)"
        }
    },
    {
        "Plan": {
            "Node Type": "Aggregate",
            "Strategy": "Plain",
            "Partial Mode": "Finalize",
            "Parallel Aware": false,
            "Startup Cost": 33359.37,
            "Total Cost": 33359.38,
            "Plan Rows": 1,
            "Plan Width": 8,
            "Actual Startup Time": 107.373,
            "Actual Total Time": 113.0,
            "Actual Rows": 1,
            "Actual Loops": 1,
            "Output": [
                "count(*)"
            ],
            "Plans": [
                {
                    "Node Type": "Gather",
                    "Parent Relationship": "Outer",
                    "Parallel Aware": false,
                    "Startup Cost": 33359.06,
                    "Total Cost": 33359.37,
                    "Plan Rows": 3,
                    "Plan Width": 8,
                    "Actual Startup Time": 107.239,
                    "Actual Total Time": 112.99,
                    "Actual Rows": 4,
                    "Actual Loops": 1,
                    "Output": [
                        "(PARTIAL count(*))"
                    ],
                    "Workers Planned": 3,
                    "Workers Launched": 3,
                    "Single Copy": false,
                    "Plans": [
                        {
                            "Node Type": "Aggregate",
                            "Strategy": "Plain",
                            "Partial Mode": "Partial",
                            "Parent Relationship": "Outer",
                            "Parallel Aware": false,
                            "Startup Cost": 32359.06,
                            "Total Cost": 32359.07,
                            "Plan Rows": 1,
                            "Plan Width": 8,
                            "Actual Startup Time": 98.66,
                            "Actual Total Time": 98.661,
                            "Actual Rows": 1,
                            "Actual Loops": 4,
                            "Output": [
                                "PARTIAL count(*)"
                            ],
                            "Workers": [
                                {
                                    "Worker Number": 0,
                                    "Actual Startup Time": 95.804,
                                    "Actual Total Time": 95.805,
                                    "Actual Rows": 1,
                                    "Actual Loops": 1
                                },
                                {
                                    "Worker Number": 1,
                                    "Actual Startup Time": 96.116,
                                    "Actual Total Time": 96.117,
                                    "Actual Rows": 1,
                                    "Actual Loops": 1
                                },
                                {
                                    "Worker Number": 2,
                                    "Actual Startup Time": 96.117,
                                    "Actual Total Time": 96.119,
                                    "Actual Rows": 1,
                                    "Actual Loops": 1
                                }
                            ],
                            "Plans": [
                                {
                                    "Node Type": "Seq Scan",
                                    "Parent Relationship": "Outer",
                                    "Parallel Aware": true,
                                    "Relation Name": "movie_companies",
                                    "Schema": "public",
                                    "Alias": "mc",
                                    "Startup Cost": 0.0,
                                    "Total Cost": 31414.82,
                                    "Plan Rows": 377695,
                                    "Plan Width": 0,
                                    "Actual Startup Time": 0.103,
                                    "Actual Total Time": 82.984,
                                    "Actual Rows": 275857,
                                    "Actual Loops": 4,
                                    "Output": [
                                        "id",
                                        "movie_id",
                                        "company_id",
                                        "company_type_id",
                                        "note"
                                    ],
                                    "Filter": "((mc.company_id > 74) AND (mc.company_type_id < 2))",
                                    "Rows Removed by Filter": 376425,
                                    "Workers": [
                                        {
                                            "Worker Number": 0,
                                            "Actual Startup Time": 0.056,
                                            "Actual Total Time": 81.369,
                                            "Actual Rows": 259209,
                                            "Actual Loops": 1
                                        },
                                        {
                                            "Worker Number": 1,
                                            "Actual Startup Time": 0.101,
                                            "Actual Total Time": 81.454,
                                            "Actual Rows": 191378,
                                            "Actual Loops": 1
                                        },
                                        {
                                            "Worker Number": 2,
                                            "Actual Startup Time": 0.086,
                                            "Actual Total Time": 81.642,
                                            "Actual Rows": 188430,
                                            "Actual Loops": 1
                                        }
                                    ]
                                }
                            ]
                        }
                    ]
                }
            ]
        },
        "Planning Time": 179.78,
        "Triggers": [],
        "Execution Time": 113.092
    }
]