[
    {
        "Bao": {
            "Bao prediction": "NaN",
            "Bao recommended hint": "(no hint)"
        }
    },
    {
        "Plan": {
            "Node Type": "Aggregate",
            "Strategy": "Plain",
            "Partial Mode": "Finalize",
            "Parallel Aware": false,
            "Startup Cost": 247501.97,
            "Total Cost": 247501.98,
            "Plan Rows": 1,
            "Plan Width": 8,
            "Actual Startup Time": 525.834,
            "Actual Total Time": 550.327,
            "Actual Rows": 1,
            "Actual Loops": 1,
            "Output": [
                "count(*)"
            ],
            "Plans": [
                {
                    "Node Type": "Gather",
                    "Parent Relationship": "Outer",
                    "Parallel Aware": false,
                    "Startup Cost": 247501.44,
                    "Total Cost": 247501.95,
                    "Plan Rows": 5,
                    "Plan Width": 8,
                    "Actual Startup Time": 522.421,
                    "Actual Total Time": 550.314,
                    "Actual Rows": 6,
                    "Actual Loops": 1,
                    "Output": [
                        "(PARTIAL count(*))"
                    ],
                    "Workers Planned": 5,
                    "Workers Launched": 5,
                    "Single Copy": false,
                    "Plans": [
                        {
                            "Node Type": "Aggregate",
                            "Strategy": "Plain",
                            "Partial Mode": "Partial",
                            "Parent Relationship": "Outer",
                            "Parallel Aware": false,
                            "Startup Cost": 246501.44,
                            "Total Cost": 246501.45,
                            "Plan Rows": 1,
                            "Plan Width": 8,
                            "Actual Startup Time": 512.572,
                            "Actual Total Time": 512.577,
                            "Actual Rows": 1,
                            "Actual Loops": 6,
                            "Output": [
                                "PARTIAL count(*)"
                            ],
                            "Workers": [
                                {
                                    "Worker Number": 0,
                                    "Actual Startup Time": 510.152,
                                    "Actual Total Time": 510.156,
                                    "Actual Rows": 1,
                                    "Actual Loops": 1
                                },
                                {
                                    "Worker Number": 1,
                                    "Actual Startup Time": 510.337,
                                    "Actual Total Time": 510.34,
                                    "Actual Rows": 1,
                                    "Actual Loops": 1
                                },
                                {
                                    "Worker Number": 2,
                                    "Actual Startup Time": 511.041,
                                    "Actual Total Time": 511.044,
                                    "Actual Rows": 1,
                                    "Actual Loops": 1
                                },
                                {
                                    "Worker Number": 3,
                                    "Actual Startup Time": 510.685,
                                    "Actual Total Time": 510.688,
                                    "Actual Rows": 1,
                                    "Actual Loops": 1
                                },
                                {
                                    "Worker Number": 4,
                                    "Actual Startup Time": 511.358,
                                    "Actual Total Time": 511.363,
                                    "Actual Rows": 1,
                                    "Actual Loops": 1
                                }
                            ],
                            "Plans": [
                                {
                                    "Node Type": "Hash Join",
                                    "Parent Relationship": "Outer",
                                    "Parallel Aware": true,
                                    "Join Type": "Inner",
                                    "Startup Cost": 46418.07,
                                    "Total Cost": 246379.18,
                                    "Plan Rows": 48906,
                                    "Plan Width": 0,
                                    "Actual Startup Time": 156.385,
                                    "Actual Total Time": 507.332,
                                    "Actual Rows": 95896,
                                    "Actual Loops": 6,
                                    "Inner Unique": true,
                                    "Hash Cond": "(mi.movie_id = t.id)",
                                    "Workers": [
                                        {
                                            "Worker Number": 0,
                                            "Actual Startup Time": 154.048,
                                            "Actual Total Time": 505.123,
                                            "Actual Rows": 114225,
                                            "Actual Loops": 1
                                        },
                                        {
                                            "Worker Number": 1,
                                            "Actual Startup Time": 154.258,
                                            "Actual Total Time": 504.828,
                                            "Actual Rows": 73393,
                                            "Actual Loops": 1
                                        },
                                        {
                                            "Worker Number": 2,
                                            "Actual Startup Time": 154.463,
                                            "Actual Total Time": 505.652,
                                            "Actual Rows": 73628,
                                            "Actual Loops": 1
                                        },
                                        {
                                            "Worker Number": 3,
                                            "Actual Startup Time": 154.578,
                                            "Actual Total Time": 505.687,
                                            "Actual Rows": 113568,
                                            "Actual Loops": 1
                                        },
                                        {
                                            "Worker Number": 4,
                                            "Actual Startup Time": 155.232,
                                            "Actual Total Time": 505.932,
                                            "Actual Rows": 74901,
                                            "Actual Loops": 1
                                        }
                                    ],
                                    "Plans": [
                                        {
                                            "Node Type": "Seq Scan",
                                            "Parent Relationship": "Outer",
                                            "Parallel Aware": true,
                                            "Relation Name": "movie_info",
                                            "Schema": "public",
                                            "Alias": "mi",
                                            "Startup Cost": 0.0,
                                            "Total Cost": 198880.74,
                                            "Plan Rows": 411570,
                                            "Plan Width": 4,
                                            "Actual Startup Time": 29.856,
                                            "Actual Total Time": 312.645,
                                            "Actual Rows": 348511,
                                            "Actual Loops": 6,
                                            "Output": [
                                                "mi.id",
                                                "mi.movie_id",
                                                "mi.info_type_id",
                                                "mi.info",
                                                "mi.note"
                                            ],
                                            "Filter": "(mi.info_type_id < 3)",
                                            "Rows Removed by Filter": 2124109,
                                            "Workers": [
                                                {
                                                    "Worker Number": 0,
                                                    "Actual Startup Time": 29.857,
                                                    "Actual Total Time": 310.863,
                                                    "Actual Rows": 412074,
                                                    "Actual Loops": 1
                                                },
                                                {
                                                    "Worker Number": 1,
                                                    "Actual Startup Time": 29.863,
                                                    "Actual Total Time": 314.782,
                                                    "Actual Rows": 266457,
                                                    "Actual Loops": 1
                                                },
                                                {
                                                    "Worker Number": 2,
                                                    "Actual Startup Time": 29.85,
                                                    "Actual Total Time": 314.859,
                                                    "Actual Rows": 275874,
                                                    "Actual Loops": 1
                                                },
                                                {
                                                    "Worker Number": 3,
                                                    "Actual Startup Time": 29.848,
                                                    "Actual Total Time": 311.171,
                                                    "Actual Rows": 418134,
                                                    "Actual Loops": 1
                                                },
                                                {
                                                    "Worker Number": 4,
                                                    "Actual Startup Time": 29.849,
                                                    "Actual Total Time": 314.998,
                                                    "Actual Rows": 274199,
                                                    "Actual Loops": 1
                                                }
                                            ]
                                        },
                                        {
                                            "Node Type": "Hash",
                                            "Parent Relationship": "Inner",
                                            "Parallel Aware": true,
                                            "Startup Cost": 45479.21,
                                            "Total Cost": 45479.21,
                                            "Plan Rows": 75109,
                                            "Plan Width": 4,
                                            "Actual Startup Time": 108.983,
                                            "Actual Total Time": 108.984,
                                            "Actual Rows": 65173,
                                            "Actual Loops": 6,
                                            "Output": [
                                                "t.id"
                                            ],
                                            "Hash Buckets": 524288,
                                            "Original Hash Buckets": 524288,
                                            "Hash Batches": 1,
                                            "Original Hash Batches": 1,
                                            "Peak Memory Usage": 19488,
                                            "Workers": [
                                                {
                                                    "Worker Number": 0,
                                                    "Actual Startup Time": 107.674,
                                                    "Actual Total Time": 107.675,
                                                    "Actual Rows": 76724,
                                                    "Actual Loops": 1
                                                },
                                                {
                                                    "Worker Number": 1,
                                                    "Actual Startup Time": 107.84,
                                                    "Actual Total Time": 107.841,
                                                    "Actual Rows": 48900,
                                                    "Actual Loops": 1
                                                },
                                                {
                                                    "Worker Number": 2,
                                                    "Actual Startup Time": 108.107,
                                                    "Actual Total Time": 108.108,
                                                    "Actual Rows": 51756,
                                                    "Actual Loops": 1
                                                },
                                                {
                                                    "Worker Number": 3,
                                                    "Actual Startup Time": 108.229,
                                                    "Actual Total Time": 108.23,
                                                    "Actual Rows": 78099,
                                                    "Actual Loops": 1
                                                },
                                                {
                                                    "Worker Number": 4,
                                                    "Actual Startup Time": 108.846,
                                                    "Actual Total Time": 108.848,
                                                    "Actual Rows": 48634,
                                                    "Actual Loops": 1
                                                }
                                            ],
                                            "Plans": [
                                                {
                                                    "Node Type": "Seq Scan",
                                                    "Parent Relationship": "Outer",
                                                    "Parallel Aware": true,
                                                    "Relation Name": "title",
                                                    "Schema": "public",
                                                    "Alias": "t",
                                                    "Startup Cost": 0.0,
                                                    "Total Cost": 45479.21,
                                                    "Plan Rows": 75109,
                                                    "Plan Width": 4,
                                                    "Actual Startup Time": 48.928,
                                                    "Actual Total Time": 83.637,
                                                    "Actual Rows": 65173,
                                                    "Actual Loops": 6,
                                                    "Output": [
                                                        "t.id"
                                                    ],
                                                    "Filter": "((t.production_year < 2002) AND (t.kind_id = 1))",
                                                    "Rows Removed by Filter": 356213,
                                                    "Workers": [
                                                        {
                                                            "Worker Number": 0,
                                                            "Actual Startup Time": 47.634,
                                                            "Actual Total Time": 81.699,
                                                            "Actual Rows": 76724,
                                                            "Actual Loops": 1
                                                        },
                                                        {
                                                            "Worker Number": 1,
                                                            "Actual Startup Time": 47.692,
                                                            "Actual Total Time": 83.941,
                                                            "Actual Rows": 48900,
                                                            "Actual Loops": 1
                                                        },
                                                        {
                                                            "Worker Number": 2,
                                                            "Actual Startup Time": 48.141,
                                                            "Actual Total Time": 84.249,
                                                            "Actual Rows": 51756,
                                                            "Actual Loops": 1
                                                        },
                                                        {
                                                            "Worker Number": 3,
                                                            "Actual Startup Time": 48.035,
                                                            "Actual Total Time": 82.748,
                                                            "Actual Rows": 78099,
                                                            "Actual Loops": 1
                                                        },
                                                        {
                                                            "Worker Number": 4,
                                                            "Actual Startup Time": 49.017,
                                                            "Actual Total Time": 84.844,
                                                            "Actual Rows": 48634,
                                                            "Actual Loops": 1
                                                        }
                                                    ]
                                                }
                                            ]
                                        }
                                    ]
                                }
                            ]
                        }
                    ]
                }
            ]
        },
        "Planning Time": 186.034,
        "Triggers": [],
        "Execution Time": 550.444
    }
]