[
  {
    "Plan": {
      "Node Type": "Aggregate",
      "Strategy": "Plain",
      "Partial Mode": "Finalize",
      "Parallel Aware": false,
      "Startup Cost": 330509.38,
      "Total Cost": 330509.39,
      "Plan Rows": 1,
      "Plan Width": 8,
      "Actual Startup Time": 281.266,
      "Actual Total Time": 297.723,
      "Actual Rows": 1,
      "Actual Loops": 1,
      "Plans": [
        {
          "Node Type": "Gather",
          "Parent Relationship": "Outer",
          "Parallel Aware": false,
          "Startup Cost": 330508.75,
          "Total Cost": 330509.36,
          "Plan Rows": 6,
          "Plan Width": 8,
          "Actual Startup Time": 280.578,
          "Actual Total Time": 297.71,
          "Actual Rows": 7,
          "Actual Loops": 1,
          "Workers Planned": 6,
          "Workers Launched": 6,
          "Single Copy": false,
          "Plans": [
            {
              "Node Type": "Aggregate",
              "Strategy": "Plain",
              "Partial Mode": "Partial",
              "Parent Relationship": "Outer",
              "Parallel Aware": false,
              "Startup Cost": 329508.75,
              "Total Cost": 329508.76,
              "Plan Rows": 1,
              "Plan Width": 8,
              "Actual Startup Time": 269.445,
              "Actual Total Time": 269.447,
              "Actual Rows": 1,
              "Actual Loops": 7,
              "Plans": [
                {
                  "Node Type": "Bitmap Heap Scan",
                  "Parent Relationship": "Outer",
                  "Parallel Aware": true,
                  "Relation Name": "cast_info",
                  "Alias": "ci",
                  "Startup Cost": 67991.21,
                  "Total Cost": 328388.34,
                  "Plan Rows": 448164,
                  "Plan Width": 0,
                  "Actual Startup Time": 120.289,
                  "Actual Total Time": 264.004,
                  "Actual Rows": 63556,
                  "Actual Loops": 7,
                  "Recheck Cond": "(person_id > 3501707)",
                  "Rows Removed by Index Recheck": 0,
                  "Filter": "(role_id < 10)",
                  "Rows Removed by Filter": 368209,
                  "Exact Heap Blocks": 11541,
                  "Lossy Heap Blocks": 0,
                  "Plans": [
                    {
                      "Node Type": "Bitmap Index Scan",
                      "Parent Relationship": "Outer",
                      "Parallel Aware": false,
                      "Index Name": "person_id_cast_info",
                      "Startup Cost": 0.0,
                      "Total Cost": 67318.96,
                      "Plan Rows": 3084053,
                      "Plan Width": 0,
                      "Actual Startup Time": 123.601,
                      "Actual Total Time": 123.602,
                      "Actual Rows": 3022355,
                      "Actual Loops": 1,
                      "Index Cond": "(person_id > 3501707)"
                    }
                  ]
                }
              ]
            }
          ]
        }
      ]
    },
    "Planning Time": 0.274,
    "Triggers": [],
    "Execution Time": 297.807
  }
]