[
  {
    "Plan": {
      "Node Type": "Aggregate",
      "Strategy": "Plain",
      "Partial Mode": "Finalize",
      "Parallel Aware": false,
      "Startup Cost": 331563.35,
      "Total Cost": 331563.36,
      "Plan Rows": 1,
      "Plan Width": 8,
      "Actual Startup Time": 269.883,
      "Actual Total Time": 281.233,
      "Actual Rows": 1,
      "Actual Loops": 1,
      "Plans": [
        {
          "Node Type": "Gather",
          "Parent Relationship": "Outer",
          "Parallel Aware": false,
          "Startup Cost": 331562.73,
          "Total Cost": 331563.34,
          "Plan Rows": 6,
          "Plan Width": 8,
          "Actual Startup Time": 268.837,
          "Actual Total Time": 281.225,
          "Actual Rows": 7,
          "Actual Loops": 1,
          "Workers Planned": 6,
          "Workers Launched": 6,
          "Single Copy": false,
          "Plans": [
            {
              "Node Type": "Aggregate",
              "Strategy": "Plain",
              "Partial Mode": "Partial",
              "Parent Relationship": "Outer",
              "Parallel Aware": false,
              "Startup Cost": 330562.73,
              "Total Cost": 330562.74,
              "Plan Rows": 1,
              "Plan Width": 8,
              "Actual Startup Time": 261.001,
              "Actual Total Time": 261.002,
              "Actual Rows": 1,
              "Actual Loops": 7,
              "Plans": [
                {
                  "Node Type": "Bitmap Heap Scan",
                  "Parent Relationship": "Outer",
                  "Parallel Aware": true,
                  "Relation Name": "cast_info",
                  "Alias": "ci",
                  "Startup Cost": 68928.59,
                  "Total Cost": 329428.81,
                  "Plan Rows": 453566,
                  "Plan Width": 0,
                  "Actual Startup Time": 141.342,
                  "Actual Total Time": 255.759,
                  "Actual Rows": 63556,
                  "Actual Loops": 7,
                  "Recheck Cond": "(person_id > 3501707)",
                  "Rows Removed by Index Recheck": 0,
                  "Filter": "(role_id < 10)",
                  "Rows Removed by Filter": 368209,
                  "Exact Heap Blocks": 9968,
                  "Lossy Heap Blocks": 0,
                  "Plans": [
                    {
                      "Node Type": "Bitmap Index Scan",
                      "Parent Relationship": "Outer",
                      "Parallel Aware": false,
                      "Index Name": "person_id_cast_info",
                      "Startup Cost": 0.0,
                      "Total Cost": 68248.24,
                      "Plan Rows": 3125290,
                      "Plan Width": 0,
                      "Actual Startup Time": 141.26,
                      "Actual Total Time": 141.26,
                      "Actual Rows": 3022355,
                      "Actual Loops": 1,
                      "Index Cond": "(person_id > 3501707)"
                    }
                  ]
                }
              ]
            }
          ]
        }
      ]
    },
    "Planning Time": 0.223,
    "Triggers": [],
    "Execution Time": 281.312
  }
]