{
  "Plan": {
    "Node Type": "Aggregate",
    "Strategy": "Plain",
    "Partial Mode": "Finalize",
    "Parallel Aware": false,
    "Startup Cost": 363702.0,
    "Total Cost": 363702.01,
    "Plan Rows": 1,
    "Plan Width": 8,
    "Actual Startup Time": 970.878,
    "Actual Total Time": 991.37,
    "Actual Rows": 1,
    "Actual Loops": 1,
    "Plans": [
      {
        "Node Type": "Gather",
        "Parent Relationship": "Outer",
        "Parallel Aware": false,
        "Startup Cost": 363701.89,
        "Total Cost": 363702.0,
        "Plan Rows": 1,
        "Plan Width": 8,
        "Actual Startup Time": 964.721,
        "Actual Total Time": 991.361,
        "Actual Rows": 2,
        "Actual Loops": 1,
        "Workers Planned": 1,
        "Workers Launched": 1,
        "Single Copy": false,
        "Plans": [
          {
            "Node Type": "Aggregate",
            "Strategy": "Plain",
            "Partial Mode": "Partial",
            "Parent Relationship": "Outer",
            "Parallel Aware": false,
            "Startup Cost": 362701.89,
            "Total Cost": 362701.9,
            "Plan Rows": 1,
            "Plan Width": 8,
            "Actual Startup Time": 952.812,
            "Actual Total Time": 953.092,
            "Actual Rows": 1,
            "Actual Loops": 2,
            "Plans": [
              {
                "Node Type": "Hash Join",
                "Parent Relationship": "Outer",
                "Parallel Aware": true,
                "Join Type": "Inner",
                "Startup Cost": 343266.13,
                "Total Cost": 362600.87,
                "Plan Rows": 40408,
                "Plan Width": 0,
                "Actual Startup Time": 788.494,
                "Actual Total Time": 942.75,
                "Actual Rows": 199672,
                "Actual Loops": 2,
                "Inner Unique": false,
                "Hash Cond": "(mi_idx.movie_id = t.id)",
                "Plans": [
                  {
                    "Node Type": "Seq Scan",
                    "Parent Relationship": "Outer",
                    "Parallel Aware": true,
                    "Relation Name": "movie_info_idx",
                    "Alias": "mi_idx",
                    "Startup Cost": 0.0,
                    "Total Cost": 16052.85,
                    "Plan Rows": 811785,
                    "Plan Width": 4,
                    "Actual Startup Time": 0.017,
                    "Actual Total Time": 56.103,
                    "Actual Rows": 690018,
                    "Actual Loops": 2
                  },
                  {
                    "Node Type": "Hash",
                    "Parent Relationship": "Inner",
                    "Parallel Aware": true,
                    "Startup Cost": 342340.77,
                    "Total Cost": 342340.77,
                    "Plan Rows": 74029,
                    "Plan Width": 8,
                    "Actual Startup Time": 786.844,
                    "Actual Total Time": 787.123,
                    "Actual Rows": 140086,
                    "Actual Loops": 2,
                    "Hash Buckets": 524288,
                    "Original Hash Buckets": 131072,
                    "Hash Batches": 1,
                    "Original Hash Batches": 1,
                    "Peak Memory Usage": 18144,
                    "Plans": [
                      {
                        "Node Type": "Hash Join",
                        "Parent Relationship": "Outer",
                        "Parallel Aware": true,
                        "Join Type": "Inner",
                        "Startup Cost": 75571.24,
                        "Total Cost": 342340.77,
                        "Plan Rows": 74029,
                        "Plan Width": 8,
                        "Actual Startup Time": 634.826,
                        "Actual Total Time": 743.958,
                        "Actual Rows": 140086,
                        "Actual Loops": 2,
                        "Inner Unique": true,
                        "Hash Cond": "(ci.movie_id = t.id)",
                        "Plans": [
                          {
                            "Node Type": "Bitmap Heap Scan",
                            "Parent Relationship": "Outer",
                            "Parallel Aware": true,
                            "Relation Name": "cast_info",
                            "Alias": "ci",
                            "Startup Cost": 6110.54,
                            "Total Cost": 272685.74,
                            "Plan Rows": 74029,
                            "Plan Width": 4,
                            "Actual Startup Time": 15.989,
                            "Actual Total Time": 42.426,
                            "Actual Rows": 140086,
                            "Actual Loops": 2,
                            "Recheck Cond": "(person_id > 4011774)",
                            "Rows Removed by Index Recheck": 0,
                            "Filter": "(role_id > 2)",
                            "Rows Removed by Filter": 0,
                            "Exact Heap Blocks": 2028,
                            "Lossy Heap Blocks": 0,
                            "Plans": [
                              {
                                "Node Type": "Bitmap Index Scan",
                                "Parent Relationship": "Outer",
                                "Parallel Aware": false,
                                "Index Name": "person_id_cast_info",
                                "Startup Cost": 0.0,
                                "Total Cost": 6079.08,
                                "Plan Rows": 278202,
                                "Plan Width": 0,
                                "Actual Startup Time": 15.242,
                                "Actual Total Time": 15.242,
                                "Actual Rows": 280173,
                                "Actual Loops": 1,
                                "Index Cond": "(person_id > 4011774)"
                              }
                            ]
                          },
                          {
                            "Node Type": "Hash",
                            "Parent Relationship": "Inner",
                            "Parallel Aware": true,
                            "Startup Cost": 50870.31,
                            "Total Cost": 50870.31,
                            "Plan Rows": 1487231,
                            "Plan Width": 4,
                            "Actual Startup Time": 598.739,
                            "Actual Total Time": 598.74,
                            "Actual Rows": 1264156,
                            "Actual Loops": 2,
                            "Hash Buckets": 4194304,
                            "Original Hash Buckets": 4194304,
                            "Hash Batches": 1,
                            "Original Hash Batches": 1,
                            "Peak Memory Usage": 131712,
                            "Plans": [
                              {
                                "Node Type": "Seq Scan",
                                "Parent Relationship": "Outer",
                                "Parallel Aware": true,
                                "Relation Name": "title",
                                "Alias": "t",
                                "Startup Cost": 0.0,
                                "Total Cost": 50870.31,
                                "Plan Rows": 1487231,
                                "Plan Width": 4,
                                "Actual Startup Time": 0.026,
                                "Actual Total Time": 179.668,
                                "Actual Rows": 1264156,
                                "Actual Loops": 2
                              }
                            ]
                          }
                        ]
                      }
                    ]
                  }
                ]
              }
            ]
          }
        ]
      }
    ]
  },
  "Planning Time": 0.896,
  "Triggers": [],
  "Execution Time": 991.455
}