{
  "Plan": {
    "Node Type": "Aggregate",
    "Strategy": "Plain",
    "Partial Mode": "Finalize",
    "Parallel Aware": false,
    "Startup Cost": 1452675.97,
    "Total Cost": 1452675.98,
    "Plan Rows": 1,
    "Plan Width": 8,
    "Actual Startup Time": 12445.124,
    "Actual Total Time": 12551.421,
    "Actual Rows": 1,
    "Actual Loops": 1,
    "Plans": [
      {
        "Node Type": "Gather",
        "Parent Relationship": "Outer",
        "Parallel Aware": false,
        "Startup Cost": 1452675.86,
        "Total Cost": 1452675.97,
        "Plan Rows": 1,
        "Plan Width": 8,
        "Actual Startup Time": 12426.664,
        "Actual Total Time": 12551.409,
        "Actual Rows": 2,
        "Actual Loops": 1,
        "Workers Planned": 1,
        "Workers Launched": 1,
        "Single Copy": false,
        "Plans": [
          {
            "Node Type": "Aggregate",
            "Strategy": "Plain",
            "Partial Mode": "Partial",
            "Parent Relationship": "Outer",
            "Parallel Aware": false,
            "Startup Cost": 1451675.86,
            "Total Cost": 1451675.87,
            "Plan Rows": 1,
            "Plan Width": 8,
            "Actual Startup Time": 12418.308,
            "Actual Total Time": 12419.553,
            "Actual Rows": 1,
            "Actual Loops": 2,
            "Plans": [
              {
                "Node Type": "Hash Join",
                "Parent Relationship": "Outer",
                "Parallel Aware": true,
                "Join Type": "Inner",
                "Startup Cost": 807791.05,
                "Total Cost": 1422394.95,
                "Plan Rows": 11712364,
                "Plan Width": 0,
                "Actual Startup Time": 2894.616,
                "Actual Total Time": 11267.999,
                "Actual Rows": 29601704,
                "Actual Loops": 2,
                "Inner Unique": false,
                "Hash Cond": "(ci.movie_id = t.id)",
                "Plans": [
                  {
                    "Node Type": "Seq Scan",
                    "Parent Relationship": "Outer",
                    "Parallel Aware": true,
                    "Relation Name": "cast_info",
                    "Alias": "ci",
                    "Startup Cost": 0.0,
                    "Total Cost": 465792.95,
                    "Plan Rows": 21310595,
                    "Plan Width": 4,
                    "Actual Startup Time": 0.039,
                    "Actual Total Time": 1379.559,
                    "Actual Rows": 18122172,
                    "Actual Loops": 2
                  },
                  {
                    "Node Type": "Hash",
                    "Parent Relationship": "Inner",
                    "Parallel Aware": true,
                    "Startup Cost": 797573.72,
                    "Total Cost": 797573.72,
                    "Plan Rows": 817386,
                    "Plan Width": 8,
                    "Actual Startup Time": 2879.392,
                    "Actual Total Time": 2879.396,
                    "Actual Rows": 1278936,
                    "Actual Loops": 2,
                    "Hash Buckets": 4194304,
                    "Original Hash Buckets": 2097152,
                    "Hash Batches": 1,
                    "Original Hash Batches": 1,
                    "Peak Memory Usage": 149248,
                    "Plans": [
                      {
                        "Node Type": "Merge Join",
                        "Parent Relationship": "Outer",
                        "Parallel Aware": false,
                        "Join Type": "Inner",
                        "Startup Cost": 769252.39,
                        "Total Cost": 797573.72,
                        "Plan Rows": 817386,
                        "Plan Width": 8,
                        "Actual Startup Time": 1976.852,
                        "Actual Total Time": 2500.308,
                        "Actual Rows": 1278936,
                        "Actual Loops": 2,
                        "Inner Unique": true,
                        "Merge Cond": "(mi.movie_id = t.id)",
                        "Plans": [
                          {
                            "Node Type": "Sort",
                            "Parent Relationship": "Outer",
                            "Parallel Aware": false,
                            "Startup Cost": 642661.63,
                            "Total Cost": 651228.91,
                            "Plan Rows": 3426912,
                            "Plan Width": 4,
                            "Actual Startup Time": 1564.008,
                            "Actual Total Time": 1700.901,
                            "Actual Rows": 2942482,
                            "Actual Loops": 2,
                            "Sort Key": [
                              "mi.movie_id"
                            ],
                            "Sort Method": "quicksort",
                            "Sort Space Used": 270855,
                            "Sort Space Type": "Memory",
                            "Workers": [
                              {
                                "Worker Number": 0,
                                "Sort Method": "quicksort",
                                "Sort Space Used": 201612,
                                "Sort Space Type": "Memory"
                              }
                            ],
                            "Plans": [
                              {
                                "Node Type": "Seq Scan",
                                "Parent Relationship": "Outer",
                                "Parallel Aware": true,
                                "Relation Name": "movie_info",
                                "Alias": "mi",
                                "Startup Cost": 0.0,
                                "Total Cost": 270696.42,
                                "Plan Rows": 3426912,
                                "Plan Width": 4,
                                "Actual Startup Time": 0.032,
                                "Actual Total Time": 806.495,
                                "Actual Rows": 2942482,
                                "Actual Loops": 2,
                                "Filter": "(info_type_id < 7)",
                                "Rows Removed by Filter": 4475378
                              }
                            ]
                          },
                          {
                            "Node Type": "Sort",
                            "Parent Relationship": "Inner",
                            "Parallel Aware": false,
                            "Startup Cost": 126590.7,
                            "Total Cost": 128098.32,
                            "Plan Rows": 603048,
                            "Plan Width": 4,
                            "Actual Startup Time": 412.824,
                            "Actual Total Time": 491.669,
                            "Actual Rows": 507032,
                            "Actual Loops": 2,
                            "Sort Key": [
                              "t.id"
                            ],
                            "Sort Method": "quicksort",
                            "Sort Space Used": 36073,
                            "Sort Space Type": "Memory",
                            "Workers": [
                              {
                                "Worker Number": 0,
                                "Sort Method": "quicksort",
                                "Sort Space Used": 36073,
                                "Sort Space Type": "Memory"
                              }
                            ],
                            "Plans": [
                              {
                                "Node Type": "Bitmap Heap Scan",
                                "Parent Relationship": "Outer",
                                "Parallel Aware": false,
                                "Relation Name": "title",
                                "Alias": "t",
                                "Startup Cost": 17822.9,
                                "Total Cost": 68692.32,
                                "Plan Rows": 603048,
                                "Plan Width": 4,
                                "Actual Startup Time": 47.916,
                                "Actual Total Time": 250.172,
                                "Actual Rows": 507407,
                                "Actual Loops": 2,
                                "Recheck Cond": "(kind_id < 7)",
                                "Rows Removed by Index Recheck": 0,
                                "Filter": "(production_year > 1997)",
                                "Rows Removed by Filter": 477641,
                                "Exact Heap Blocks": 35472,
                                "Lossy Heap Blocks": 0,
                                "Plans": [
                                  {
                                    "Node Type": "Bitmap Index Scan",
                                    "Parent Relationship": "Outer",
                                    "Parallel Aware": false,
                                    "Index Name": "kind_id_title",
                                    "Startup Cost": 0.0,
                                    "Total Cost": 17672.14,
                                    "Plan Rows": 991428,
                                    "Plan Width": 0,
                                    "Actual Startup Time": 41.649,
                                    "Actual Total Time": 41.65,
                                    "Actual Rows": 985048,
                                    "Actual Loops": 2,
                                    "Index Cond": "(kind_id < 7)"
                                  }
                                ]
                              }
                            ]
                          }
                        ]
                      }
                    ]
                  }
                ]
              }
            ]
          }
        ]
      }
    ]
  },
  "Planning Time": 1.063,
  "Triggers": [],
  "Execution Time": 12586.385
}