[
  {
    "Plan": {
      "Node Type": "Aggregate",
      "Strategy": "Plain",
      "Partial Mode": "Finalize",
      "Parallel Aware": false,
      "Startup Cost": 109641.02,
      "Total Cost": 109641.03,
      "Plan Rows": 1,
      "Plan Width": 8,
      "Actual Startup Time": 453.72,
      "Actual Total Time": 473.318,
      "Actual Rows": 1,
      "Actual Loops": 1,
      "Plans": [
        {
          "Node Type": "Gather",
          "Parent Relationship": "Outer",
          "Parallel Aware": false,
          "Startup Cost": 109640.7,
          "Total Cost": 109641.01,
          "Plan Rows": 3,
          "Plan Width": 8,
          "Actual Startup Time": 451.561,
          "Actual Total Time": 473.308,
          "Actual Rows": 4,
          "Actual Loops": 1,
          "Workers Planned": 3,
          "Workers Launched": 3,
          "Single Copy": false,
          "Plans": [
            {
              "Node Type": "Aggregate",
              "Strategy": "Plain",
              "Partial Mode": "Partial",
              "Parent Relationship": "Outer",
              "Parallel Aware": false,
              "Startup Cost": 108640.7,
              "Total Cost": 108640.71,
              "Plan Rows": 1,
              "Plan Width": 8,
              "Actual Startup Time": 441.131,
              "Actual Total Time": 441.193,
              "Actual Rows": 1,
              "Actual Loops": 4,
              "Plans": [
                {
                  "Node Type": "Hash Join",
                  "Parent Relationship": "Outer",
                  "Parallel Aware": true,
                  "Join Type": "Inner",
                  "Startup Cost": 63572.91,
                  "Total Cost": 108435.21,
                  "Plan Rows": 82196,
                  "Plan Width": 0,
                  "Actual Startup Time": 244.766,
                  "Actual Total Time": 420.651,
                  "Actual Rows": 502344,
                  "Actual Loops": 4,
                  "Inner Unique": false,
                  "Hash Cond": "(mk.movie_id = t.id)",
                  "Plans": [
                    {
                      "Node Type": "Seq Scan",
                      "Parent Relationship": "Outer",
                      "Parallel Aware": true,
                      "Relation Name": "movie_keyword",
                      "Alias": "mk",
                      "Startup Cost": 0.0,
                      "Total Cost": 39047.32,
                      "Plan Rows": 1459332,
                      "Plan Width": 4,
                      "Actual Startup Time": 0.028,
                      "Actual Total Time": 88.119,
                      "Actual Rows": 1130982,
                      "Actual Loops": 4
                    },
                    {
                      "Node Type": "Hash",
                      "Parent Relationship": "Inner",
                      "Parallel Aware": true,
                      "Startup Cost": 62831.22,
                      "Total Cost": 62831.22,
                      "Plan Rows": 59335,
                      "Plan Width": 8,
                      "Actual Startup Time": 207.434,
                      "Actual Total Time": 207.495,
                      "Actual Rows": 47246,
                      "Actual Loops": 4,
                      "Hash Buckets": 262144,
                      "Original Hash Buckets": 262144,
                      "Hash Batches": 1,
                      "Original Hash Batches": 1,
                      "Peak Memory Usage": 9536,
                      "Plans": [
                        {
                          "Node Type": "Hash Join",
                          "Parent Relationship": "Outer",
                          "Parallel Aware": true,
                          "Join Type": "Inner",
                          "Startup Cost": 46703.32,
                          "Total Cost": 62831.22,
                          "Plan Rows": 59335,
                          "Plan Width": 8,
                          "Actual Startup Time": 149.883,
                          "Actual Total Time": 194.344,
                          "Actual Rows": 47246,
                          "Actual Loops": 4,
                          "Inner Unique": true,
                          "Hash Cond": "(mi_idx.movie_id = t.id)",
                          "Plans": [
                            {
                              "Node Type": "Seq Scan",
                              "Parent Relationship": "Outer",
                              "Parallel Aware": true,
                              "Relation Name": "movie_info_idx",
                              "Alias": "mi_idx",
                              "Startup Cost": 0.0,
                              "Total Cost": 15122.68,
                              "Plan Rows": 382940,
                              "Plan Width": 4,
                              "Actual Startup Time": 0.027,
                              "Actual Total Time": 34.082,
                              "Actual Rows": 229962,
                              "Actual Loops": 4,
                              "Filter": "(info_type_id < 101)",
                              "Rows Removed by Filter": 115046
                            },
                            {
                              "Node Type": "Hash",
                              "Parent Relationship": "Inner",
                              "Parallel Aware": true,
                              "Startup Cost": 45479.1,
                              "Total Cost": 45479.1,
                              "Plan Rows": 97938,
                              "Plan Width": 4,
                              "Actual Startup Time": 123.855,
                              "Actual Total Time": 123.856,
                              "Actual Rows": 72423,
                              "Actual Loops": 4,
                              "Hash Buckets": 524288,
                              "Original Hash Buckets": 524288,
                              "Hash Batches": 1,
                              "Original Hash Batches": 1,
                              "Peak Memory Usage": 15488,
                              "Plans": [
                                {
                                  "Node Type": "Seq Scan",
                                  "Parent Relationship": "Outer",
                                  "Parallel Aware": true,
                                  "Relation Name": "title",
                                  "Alias": "t",
                                  "Startup Cost": 0.0,
                                  "Total Cost": 45479.1,
                                  "Plan Rows": 97938,
                                  "Plan Width": 4,
                                  "Actual Startup Time": 48.306,
                                  "Actual Total Time": 100.754,
                                  "Actual Rows": 72423,
                                  "Actual Loops": 4,
                                  "Filter": "((production_year > 1998) AND (kind_id = 1))",
                                  "Rows Removed by Filter": 559655
                                }
                              ]
                            }
                          ]
                        }
                      ]
                    }
                  ]
                }
              ]
            }
          ]
        }
      ]
    },
    "Planning Time": 1.317,
    "Triggers": [],
    "Execution Time": 473.395
  }
]