[
  {
    "Plan": {
      "Node Type": "Aggregate",
      "Strategy": "Plain",
      "Partial Mode": "Finalize",
      "Parallel Aware": false,
      "Startup Cost": 109453.02,
      "Total Cost": 109453.03,
      "Plan Rows": 1,
      "Plan Width": 8,
      "Actual Startup Time": 522.177,
      "Actual Total Time": 545.673,
      "Actual Rows": 1,
      "Actual Loops": 1,
      "Plans": [
        {
          "Node Type": "Gather",
          "Parent Relationship": "Outer",
          "Parallel Aware": false,
          "Startup Cost": 109452.7,
          "Total Cost": 109453.01,
          "Plan Rows": 3,
          "Plan Width": 8,
          "Actual Startup Time": 519.845,
          "Actual Total Time": 545.663,
          "Actual Rows": 4,
          "Actual Loops": 1,
          "Workers Planned": 3,
          "Workers Launched": 3,
          "Single Copy": false,
          "Plans": [
            {
              "Node Type": "Aggregate",
              "Strategy": "Plain",
              "Partial Mode": "Partial",
              "Parent Relationship": "Outer",
              "Parallel Aware": false,
              "Startup Cost": 108452.7,
              "Total Cost": 108452.71,
              "Plan Rows": 1,
              "Plan Width": 8,
              "Actual Startup Time": 514.661,
              "Actual Total Time": 514.809,
              "Actual Rows": 1,
              "Actual Loops": 4,
              "Plans": [
                {
                  "Node Type": "Hash Join",
                  "Parent Relationship": "Outer",
                  "Parallel Aware": true,
                  "Join Type": "Inner",
                  "Startup Cost": 63084.6,
                  "Total Cost": 108134.59,
                  "Plan Rows": 127243,
                  "Plan Width": 0,
                  "Actual Startup Time": 269.502,
                  "Actual Total Time": 480.282,
                  "Actual Rows": 792038,
                  "Actual Loops": 4,
                  "Inner Unique": false,
                  "Hash Cond": "(mk.movie_id = t.id)",
                  "Plans": [
                    {
                      "Node Type": "Seq Scan",
                      "Parent Relationship": "Outer",
                      "Parallel Aware": true,
                      "Relation Name": "movie_keyword",
                      "Alias": "mk",
                      "Startup Cost": 0.0,
                      "Total Cost": 39047.32,
                      "Plan Rows": 1459332,
                      "Plan Width": 4,
                      "Actual Startup Time": 0.05,
                      "Actual Total Time": 89.678,
                      "Actual Rows": 1130982,
                      "Actual Loops": 4
                    },
                    {
                      "Node Type": "Hash",
                      "Parent Relationship": "Inner",
                      "Parallel Aware": true,
                      "Startup Cost": 61936.37,
                      "Total Cost": 61936.37,
                      "Plan Rows": 91858,
                      "Plan Width": 8,
                      "Actual Startup Time": 232.799,
                      "Actual Total Time": 232.945,
                      "Actual Rows": 73380,
                      "Actual Loops": 4,
                      "Hash Buckets": 524288,
                      "Original Hash Buckets": 262144,
                      "Hash Batches": 1,
                      "Original Hash Batches": 1,
                      "Peak Memory Usage": 17696,
                      "Plans": [
                        {
                          "Node Type": "Hash Join",
                          "Parent Relationship": "Outer",
                          "Parallel Aware": true,
                          "Join Type": "Inner",
                          "Startup Cost": 46741.81,
                          "Total Cost": 61936.37,
                          "Plan Rows": 91858,
                          "Plan Width": 8,
                          "Actual Startup Time": 152.569,
                          "Actual Total Time": 205.553,
                          "Actual Rows": 73380,
                          "Actual Loops": 4,
                          "Inner Unique": true,
                          "Hash Cond": "(mi_idx.movie_id = t.id)",
                          "Plans": [
                            {
                              "Node Type": "Seq Scan",
                              "Parent Relationship": "Outer",
                              "Parallel Aware": true,
                              "Relation Name": "movie_info_idx",
                              "Alias": "mi_idx",
                              "Startup Cost": 0.0,
                              "Total Cost": 13685.15,
                              "Plan Rows": 575015,
                              "Plan Width": 4,
                              "Actual Startup Time": 0.025,
                              "Actual Total Time": 31.963,
                              "Actual Rows": 345009,
                              "Actual Loops": 4
                            },
                            {
                              "Node Type": "Hash",
                              "Parent Relationship": "Inner",
                              "Parallel Aware": true,
                              "Startup Cost": 45479.59,
                              "Total Cost": 45479.59,
                              "Plan Rows": 100978,
                              "Plan Width": 4,
                              "Actual Startup Time": 122.616,
                              "Actual Total Time": 122.618,
                              "Actual Rows": 74192,
                              "Actual Loops": 4,
                              "Hash Buckets": 524288,
                              "Original Hash Buckets": 524288,
                              "Hash Batches": 1,
                              "Original Hash Batches": 1,
                              "Peak Memory Usage": 15776,
                              "Plans": [
                                {
                                  "Node Type": "Seq Scan",
                                  "Parent Relationship": "Outer",
                                  "Parallel Aware": true,
                                  "Relation Name": "title",
                                  "Alias": "t",
                                  "Startup Cost": 0.0,
                                  "Total Cost": 45479.59,
                                  "Plan Rows": 100978,
                                  "Plan Width": 4,
                                  "Actual Startup Time": 41.976,
                                  "Actual Total Time": 95.587,
                                  "Actual Rows": 74192,
                                  "Actual Loops": 4,
                                  "Filter": "((kind_id < 2) AND (production_year > 1997))",
                                  "Rows Removed by Filter": 557886
                                }
                              ]
                            }
                          ]
                        }
                      ]
                    }
                  ]
                }
              ]
            }
          ]
        }
      ]
    },
    "Planning Time": 1.069,
    "Triggers": [],
    "Execution Time": 545.755
  }
]