[
    {
        "Bao": {
            "Bao prediction": "NaN",
            "Bao recommended hint": "(no hint)"
        }
    },
    {
        "Plan": {
            "Node Type": "Aggregate",
            "Strategy": "Plain",
            "Partial Mode": "Simple",
            "Parallel Aware": false,
            "Startup Cost": 6873.53,
            "Total Cost": 6873.54,
            "Plan Rows": 1,
            "Plan Width": 8,
            "Actual Startup Time": 4.026,
            "Actual Total Time": 4.028,
            "Actual Rows": 1,
            "Actual Loops": 1,
            "Output": [
                "count(*)"
            ],
            "Plans": [
                {
                    "Node Type": "Index Scan",
                    "Parent Relationship": "Outer",
                    "Parallel Aware": false,
                    "Scan Direction": "Forward",
                    "Index Name": "company_id_movie_companies",
                    "Relation Name": "movie_companies",
                    "Schema": "public",
                    "Alias": "mc",
                    "Startup Cost": 0.43,
                    "Total Cost": 6869.99,
                    "Plan Rows": 1419,
                    "Plan Width": 0,
                    "Actual Startup Time": 1.993,
                    "Actual Total Time": 3.79,
                    "Actual Rows": 1269,
                    "Actual Loops": 1,
                    "Output": [
                        "id",
                        "movie_id",
                        "company_id",
                        "company_type_id",
                        "note"
                    ],
                    "Index Cond": "(mc.company_id = 1310)",
                    "Rows Removed by Index Recheck": 0,
                    "Filter": "(mc.company_type_id > 1)",
                    "Rows Removed by Filter": 1804
                }
            ]
        },
        "Planning Time": 208.615,
        "Triggers": [],
        "Execution Time": 4.096
    }
]