[
  {
    "Plan": {
      "Node Type": "Aggregate",
      "Strategy": "Plain",
      "Partial Mode": "Finalize",
      "Parallel Aware": false,
      "Startup Cost": 77792.53,
      "Total Cost": 77792.54,
      "Plan Rows": 1,
      "Plan Width": 8,
      "Actual Startup Time": 264.951,
      "Actual Total Time": 285.838,
      "Actual Rows": 1,
      "Actual Loops": 1,
      "Plans": [
        {
          "Node Type": "Gather",
          "Parent Relationship": "Outer",
          "Parallel Aware": false,
          "Startup Cost": 77792.21,
          "Total Cost": 77792.52,
          "Plan Rows": 3,
          "Plan Width": 8,
          "Actual Startup Time": 262.822,
          "Actual Total Time": 285.827,
          "Actual Rows": 4,
          "Actual Loops": 1,
          "Workers Planned": 3,
          "Workers Launched": 3,
          "Single Copy": false,
          "Plans": [
            {
              "Node Type": "Aggregate",
              "Strategy": "Plain",
              "Partial Mode": "Partial",
              "Parent Relationship": "Outer",
              "Parallel Aware": false,
              "Startup Cost": 76792.21,
              "Total Cost": 76792.22,
              "Plan Rows": 1,
              "Plan Width": 8,
              "Actual Startup Time": 256.398,
              "Actual Total Time": 256.402,
              "Actual Rows": 1,
              "Actual Loops": 4,
              "Plans": [
                {
                  "Node Type": "Hash Join",
                  "Parent Relationship": "Outer",
                  "Parallel Aware": true,
                  "Join Type": "Inner",
                  "Startup Cost": 46741.81,
                  "Total Cost": 76694.53,
                  "Plan Rows": 39072,
                  "Plan Width": 0,
                  "Actual Startup Time": 175.278,
                  "Actual Total Time": 255.597,
                  "Actual Rows": 12589,
                  "Actual Loops": 4,
                  "Inner Unique": true,
                  "Hash Cond": "(mc.movie_id = t.id)",
                  "Plans": [
                    {
                      "Node Type": "Seq Scan",
                      "Parent Relationship": "Outer",
                      "Parallel Aware": true,
                      "Relation Name": "movie_companies",
                      "Alias": "mc",
                      "Startup Cost": 0.0,
                      "Total Cost": 29310.68,
                      "Plan Rows": 244585,
                      "Plan Width": 4,
                      "Actual Startup Time": 0.01,
                      "Actual Total Time": 71.753,
                      "Actual Rows": 189410,
                      "Actual Loops": 4,
                      "Filter": "(company_id < 1517)",
                      "Rows Removed by Filter": 462873
                    },
                    {
                      "Node Type": "Hash",
                      "Parent Relationship": "Inner",
                      "Parallel Aware": true,
                      "Startup Cost": 45479.59,
                      "Total Cost": 45479.59,
                      "Plan Rows": 100978,
                      "Plan Width": 4,
                      "Actual Startup Time": 141.328,
                      "Actual Total Time": 141.329,
                      "Actual Rows": 74192,
                      "Actual Loops": 4,
                      "Hash Buckets": 524288,
                      "Original Hash Buckets": 524288,
                      "Hash Batches": 1,
                      "Original Hash Batches": 1,
                      "Peak Memory Usage": 15776,
                      "Plans": [
                        {
                          "Node Type": "Seq Scan",
                          "Parent Relationship": "Outer",
                          "Parallel Aware": true,
                          "Relation Name": "title",
                          "Alias": "t",
                          "Startup Cost": 0.0,
                          "Total Cost": 45479.59,
                          "Plan Rows": 100978,
                          "Plan Width": 4,
                          "Actual Startup Time": 49.641,
                          "Actual Total Time": 112.594,
                          "Actual Rows": 74192,
                          "Actual Loops": 4,
                          "Filter": "((production_year > 1997) AND (kind_id = 1))",
                          "Rows Removed by Filter": 557886
                        }
                      ]
                    }
                  ]
                }
              ]
            }
          ]
        }
      ]
    },
    "Planning Time": 0.467,
    "Triggers": [],
    "Execution Time": 285.892
  }
]