[
  {
    "Plan": {
      "Node Type": "Aggregate",
      "Strategy": "Plain",
      "Partial Mode": "Finalize",
      "Parallel Aware": false,
      "Startup Cost": 31557.08,
      "Total Cost": 31557.09,
      "Plan Rows": 1,
      "Plan Width": 8,
      "Actual Startup Time": 108.976,
      "Actual Total Time": 117.03,
      "Actual Rows": 1,
      "Actual Loops": 1,
      "Plans": [
        {
          "Node Type": "Gather",
          "Parent Relationship": "Outer",
          "Parallel Aware": false,
          "Startup Cost": 31556.76,
          "Total Cost": 31557.07,
          "Plan Rows": 3,
          "Plan Width": 8,
          "Actual Startup Time": 108.901,
          "Actual Total Time": 117.021,
          "Actual Rows": 4,
          "Actual Loops": 1,
          "Workers Planned": 3,
          "Workers Launched": 3,
          "Single Copy": false,
          "Plans": [
            {
              "Node Type": "Aggregate",
              "Strategy": "Plain",
              "Partial Mode": "Partial",
              "Parent Relationship": "Outer",
              "Parallel Aware": false,
              "Startup Cost": 30556.76,
              "Total Cost": 30556.77,
              "Plan Rows": 1,
              "Plan Width": 8,
              "Actual Startup Time": 101.181,
              "Actual Total Time": 101.182,
              "Actual Rows": 1,
              "Actual Loops": 4,
              "Plans": [
                {
                  "Node Type": "Seq Scan",
                  "Parent Relationship": "Outer",
                  "Parallel Aware": true,
                  "Relation Name": "movie_companies",
                  "Alias": "mc",
                  "Startup Cost": 0.0,
                  "Total Cost": 29310.68,
                  "Plan Rows": 498432,
                  "Plan Width": 0,
                  "Actual Startup Time": 0.034,
                  "Actual Total Time": 80.098,
                  "Actual Rows": 387910,
                  "Actual Loops": 4,
                  "Filter": "(company_id < 14811)",
                  "Rows Removed by Filter": 264372
                }
              ]
            }
          ]
        }
      ]
    },
    "Planning Time": 0.193,
    "Triggers": [],
    "Execution Time": 117.088
  }
]