[
  {
    "Plan": {
      "Node Type": "Aggregate",
      "Strategy": "Plain",
      "Partial Mode": "Finalize",
      "Parallel Aware": false,
      "Startup Cost": 109768.71,
      "Total Cost": 109768.72,
      "Plan Rows": 1,
      "Plan Width": 8,
      "Actual Startup Time": 933.322,
      "Actual Total Time": 953.543,
      "Actual Rows": 1,
      "Actual Loops": 1,
      "Plans": [
        {
          "Node Type": "Gather",
          "Parent Relationship": "Outer",
          "Parallel Aware": false,
          "Startup Cost": 109768.49,
          "Total Cost": 109768.7,
          "Plan Rows": 2,
          "Plan Width": 8,
          "Actual Startup Time": 924.285,
          "Actual Total Time": 953.534,
          "Actual Rows": 3,
          "Actual Loops": 1,
          "Workers Planned": 2,
          "Workers Launched": 2,
          "Single Copy": false,
          "Plans": [
            {
              "Node Type": "Aggregate",
              "Strategy": "Plain",
              "Partial Mode": "Partial",
              "Parent Relationship": "Outer",
              "Parallel Aware": false,
              "Startup Cost": 108768.49,
              "Total Cost": 108768.5,
              "Plan Rows": 1,
              "Plan Width": 8,
              "Actual Startup Time": 915.746,
              "Actual Total Time": 915.929,
              "Actual Rows": 1,
              "Actual Loops": 3,
              "Plans": [
                {
                  "Node Type": "Hash Join",
                  "Parent Relationship": "Outer",
                  "Parallel Aware": true,
                  "Join Type": "Inner",
                  "Startup Cost": 92170.81,
                  "Total Cost": 108438.31,
                  "Plan Rows": 132074,
                  "Plan Width": 0,
                  "Actual Startup Time": 749.288,
                  "Actual Total Time": 891.805,
                  "Actual Rows": 453375,
                  "Actual Loops": 3,
                  "Inner Unique": false,
                  "Hash Cond": "(mi_idx.movie_id = t.id)",
                  "Plans": [
                    {
                      "Node Type": "Seq Scan",
                      "Parent Relationship": "Outer",
                      "Parallel Aware": true,
                      "Relation Name": "movie_info_idx",
                      "Alias": "mi_idx",
                      "Startup Cost": 0.0,
                      "Total Cost": 13685.15,
                      "Plan Rows": 575015,
                      "Plan Width": 4,
                      "Actual Startup Time": 0.037,
                      "Actual Total Time": 45.306,
                      "Actual Rows": 460012,
                      "Actual Loops": 3
                    },
                    {
                      "Node Type": "Hash",
                      "Parent Relationship": "Inner",
                      "Parallel Aware": true,
                      "Startup Cost": 89829.09,
                      "Total Cost": 89829.09,
                      "Plan Rows": 187338,
                      "Plan Width": 8,
                      "Actual Startup Time": 731.111,
                      "Actual Total Time": 731.291,
                      "Actual Rows": 193391,
                      "Actual Loops": 3,
                      "Hash Buckets": 1048576,
                      "Original Hash Buckets": 1048576,
                      "Hash Batches": 1,
                      "Original Hash Batches": 1,
                      "Peak Memory Usage": 30976,
                      "Plans": [
                        {
                          "Node Type": "Hash Join",
                          "Parent Relationship": "Outer",
                          "Parallel Aware": true,
                          "Join Type": "Inner",
                          "Startup Cost": 62541.6,
                          "Total Cost": 89829.09,
                          "Plan Rows": 187338,
                          "Plan Width": 8,
                          "Actual Startup Time": 517.734,
                          "Actual Total Time": 661.043,
                          "Actual Rows": 193391,
                          "Actual Loops": 3,
                          "Inner Unique": true,
                          "Hash Cond": "(mk.movie_id = t.id)",
                          "Plans": [
                            {
                              "Node Type": "Bitmap Heap Scan",
                              "Parent Relationship": "Outer",
                              "Parallel Aware": true,
                              "Relation Name": "movie_keyword",
                              "Alias": "mk",
                              "Startup Cost": 12321.22,
                              "Total Cost": 39116.94,
                              "Plan Rows": 187338,
                              "Plan Width": 4,
                              "Actual Startup Time": 37.387,
                              "Actual Total Time": 113.737,
                              "Actual Rows": 193391,
                              "Actual Loops": 3,
                              "Recheck Cond": "(keyword_id > 31602)",
                              "Rows Removed by Index Recheck": 0,
                              "Exact Heap Blocks": 8469,
                              "Lossy Heap Blocks": 0,
                              "Plans": [
                                {
                                  "Node Type": "Bitmap Index Scan",
                                  "Parent Relationship": "Outer",
                                  "Parallel Aware": false,
                                  "Index Name": "keyword_id_movie_keyword",
                                  "Startup Cost": 0.0,
                                  "Total Cost": 12176.04,
                                  "Plan Rows": 580747,
                                  "Plan Width": 0,
                                  "Actual Startup Time": 33.936,
                                  "Actual Total Time": 33.936,
                                  "Actual Rows": 580174,
                                  "Actual Loops": 1,
                                  "Index Cond": "(keyword_id > 31602)"
                                }
                              ]
                            },
                            {
                              "Node Type": "Hash",
                              "Parent Relationship": "Inner",
                              "Parallel Aware": true,
                              "Startup Cost": 42319.06,
                              "Total Cost": 42319.06,
                              "Plan Rows": 632106,
                              "Plan Width": 4,
                              "Actual Startup Time": 469.218,
                              "Actual Total Time": 469.219,
                              "Actual Rows": 842771,
                              "Actual Loops": 3,
                              "Hash Buckets": 4194304,
                              "Original Hash Buckets": 4194304,
                              "Hash Batches": 1,
                              "Original Hash Batches": 1,
                              "Peak Memory Usage": 131712,
                              "Plans": [
                                {
                                  "Node Type": "Seq Scan",
                                  "Parent Relationship": "Outer",
                                  "Parallel Aware": true,
                                  "Relation Name": "title",
                                  "Alias": "t",
                                  "Startup Cost": 0.0,
                                  "Total Cost": 42319.06,
                                  "Plan Rows": 632106,
                                  "Plan Width": 4,
                                  "Actual Startup Time": 0.06,
                                  "Actual Total Time": 145.486,
                                  "Actual Rows": 842771,
                                  "Actual Loops": 3
                                }
                              ]
                            }
                          ]
                        }
                      ]
                    }
                  ]
                }
              ]
            }
          ]
        }
      ]
    },
    "Planning Time": 1.359,
    "Triggers": [],
    "Execution Time": 953.653
  }
]