[
  {
    "Plan": {
      "Node Type": "Aggregate",
      "Strategy": "Plain",
      "Partial Mode": "Finalize",
      "Parallel Aware": false,
      "Startup Cost": 205028.68,
      "Total Cost": 205028.69,
      "Plan Rows": 1,
      "Plan Width": 8,
      "Actual Startup Time": 385.069,
      "Actual Total Time": 415.788,
      "Actual Rows": 1,
      "Actual Loops": 1,
      "Plans": [
        {
          "Node Type": "Gather",
          "Parent Relationship": "Outer",
          "Parallel Aware": false,
          "Startup Cost": 205028.16,
          "Total Cost": 205028.67,
          "Plan Rows": 5,
          "Plan Width": 8,
          "Actual Startup Time": 384.867,
          "Actual Total Time": 415.78,
          "Actual Rows": 6,
          "Actual Loops": 1,
          "Workers Planned": 5,
          "Workers Launched": 5,
          "Single Copy": false,
          "Plans": [
            {
              "Node Type": "Aggregate",
              "Strategy": "Plain",
              "Partial Mode": "Partial",
              "Parent Relationship": "Outer",
              "Parallel Aware": false,
              "Startup Cost": 204028.16,
              "Total Cost": 204028.17,
              "Plan Rows": 1,
              "Plan Width": 8,
              "Actual Startup Time": 378.281,
              "Actual Total Time": 378.284,
              "Actual Rows": 1,
              "Actual Loops": 6,
              "Plans": [
                {
                  "Node Type": "Nested Loop",
                  "Parent Relationship": "Outer",
                  "Parallel Aware": false,
                  "Join Type": "Inner",
                  "Startup Cost": 45505.21,
                  "Total Cost": 204027.35,
                  "Plan Rows": 325,
                  "Plan Width": 0,
                  "Actual Startup Time": 71.876,
                  "Actual Total Time": 378.216,
                  "Actual Rows": 399,
                  "Actual Loops": 6,
                  "Inner Unique": false,
                  "Join Filter": "(t.id = mi.movie_id)",
                  "Rows Removed by Join Filter": 0,
                  "Plans": [
                    {
                      "Node Type": "Hash Join",
                      "Parent Relationship": "Outer",
                      "Parallel Aware": true,
                      "Join Type": "Inner",
                      "Startup Cost": 45504.78,
                      "Total Cost": 202214.93,
                      "Plan Rows": 995,
                      "Plan Width": 8,
                      "Actual Startup Time": 71.373,
                      "Actual Total Time": 364.485,
                      "Actual Rows": 1024,
                      "Actual Loops": 6,
                      "Inner Unique": true,
                      "Hash Cond": "(ci.movie_id = t.id)",
                      "Plans": [
                        {
                          "Node Type": "Index Scan",
                          "Parent Relationship": "Outer",
                          "Parallel Aware": true,
                          "Scan Direction": "Forward",
                          "Index Name": "role_id_cast_info",
                          "Relation Name": "cast_info",
                          "Alias": "ci",
                          "Startup Cost": 0.56,
                          "Total Cost": 155872.35,
                          "Plan Rows": 319382,
                          "Plan Width": 4,
                          "Actual Startup Time": 0.075,
                          "Actual Total Time": 212.922,
                          "Actual Rows": 726800,
                          "Actual Loops": 6,
                          "Index Cond": "(role_id > 8)",
                          "Rows Removed by Index Recheck": 0,
                          "Filter": "(person_id > 2713942)",
                          "Rows Removed by Filter": 228650
                        },
                        {
                          "Node Type": "Hash",
                          "Parent Relationship": "Inner",
                          "Parallel Aware": true,
                          "Startup Cost": 45479.59,
                          "Total Cost": 45479.59,
                          "Plan Rows": 1970,
                          "Plan Width": 4,
                          "Actual Startup Time": 69.406,
                          "Actual Total Time": 69.407,
                          "Actual Rows": 1310,
                          "Actual Loops": 6,
                          "Hash Buckets": 8192,
                          "Original Hash Buckets": 8192,
                          "Hash Batches": 1,
                          "Original Hash Batches": 1,
                          "Peak Memory Usage": 448,
                          "Plans": [
                            {
                              "Node Type": "Seq Scan",
                              "Parent Relationship": "Outer",
                              "Parallel Aware": true,
                              "Relation Name": "title",
                              "Alias": "t",
                              "Startup Cost": 0.0,
                              "Total Cost": 45479.59,
                              "Plan Rows": 1970,
                              "Plan Width": 4,
                              "Actual Startup Time": 0.174,
                              "Actual Total Time": 68.618,
                              "Actual Rows": 1310,
                              "Actual Loops": 6,
                              "Filter": "((kind_id > 4) AND (production_year = 1974))",
                              "Rows Removed by Filter": 420075
                            }
                          ]
                        }
                      ]
                    },
                    {
                      "Node Type": "Index Scan",
                      "Parent Relationship": "Inner",
                      "Parallel Aware": false,
                      "Scan Direction": "Forward",
                      "Index Name": "movie_id_movie_info",
                      "Relation Name": "movie_info",
                      "Alias": "mi",
                      "Startup Cost": 0.43,
                      "Total Cost": 1.8,
                      "Plan Rows": 2,
                      "Plan Width": 4,
                      "Actual Startup Time": 0.009,
                      "Actual Total Time": 0.013,
                      "Actual Rows": 0,
                      "Actual Loops": 6142,
                      "Index Cond": "(movie_id = ci.movie_id)",
                      "Rows Removed by Index Recheck": 0,
                      "Filter": "(info_type_id < 2)",
                      "Rows Removed by Filter": 6
                    }
                  ]
                }
              ]
            }
          ]
        }
      ]
    },
    "Planning Time": 0.517,
    "Triggers": [],
    "Execution Time": 415.855
  }
]