{
  "Plan": {
    "Node Type": "Aggregate",
    "Strategy": "Plain",
    "Partial Mode": "Finalize",
    "Parallel Aware": false,
    "Startup Cost": 29984.1,
    "Total Cost": 29984.11,
    "Plan Rows": 1,
    "Plan Width": 8,
    "Actual Startup Time": 37.434,
    "Actual Total Time": 41.721,
    "Actual Rows": 1,
    "Actual Loops": 1,
    "Plans": [
      {
        "Node Type": "Gather",
        "Parent Relationship": "Outer",
        "Parallel Aware": false,
        "Startup Cost": 29983.99,
        "Total Cost": 29984.1,
        "Plan Rows": 1,
        "Plan Width": 8,
        "Actual Startup Time": 37.178,
        "Actual Total Time": 41.713,
        "Actual Rows": 2,
        "Actual Loops": 1,
        "Workers Planned": 1,
        "Workers Launched": 1,
        "Single Copy": false,
        "Plans": [
          {
            "Node Type": "Aggregate",
            "Strategy": "Plain",
            "Partial Mode": "Partial",
            "Parent Relationship": "Outer",
            "Parallel Aware": false,
            "Startup Cost": 28983.99,
            "Total Cost": 28984.0,
            "Plan Rows": 1,
            "Plan Width": 8,
            "Actual Startup Time": 31.222,
            "Actual Total Time": 31.224,
            "Actual Rows": 1,
            "Actual Loops": 2,
            "Plans": [
              {
                "Node Type": "Nested Loop",
                "Parent Relationship": "Outer",
                "Parallel Aware": false,
                "Join Type": "Inner",
                "Startup Cost": 234.97,
                "Total Cost": 28983.53,
                "Plan Rows": 185,
                "Plan Width": 0,
                "Actual Startup Time": 9.655,
                "Actual Total Time": 31.148,
                "Actual Rows": 446,
                "Actual Loops": 2,
                "Inner Unique": false,
                "Plans": [
                  {
                    "Node Type": "Bitmap Heap Scan",
                    "Parent Relationship": "Outer",
                    "Parallel Aware": true,
                    "Relation Name": "title",
                    "Alias": "t",
                    "Startup Cost": 234.55,
                    "Total Cost": 26193.89,
                    "Plan Rows": 340,
                    "Plan Width": 4,
                    "Actual Startup Time": 7.677,
                    "Actual Total Time": 27.036,
                    "Actual Rows": 224,
                    "Actual Loops": 2,
                    "Recheck Cond": "(kind_id = 6)",
                    "Rows Removed by Index Recheck": 0,
                    "Filter": "(production_year = 2006)",
                    "Rows Removed by Filter": 6076,
                    "Exact Heap Blocks": 6871,
                    "Lossy Heap Blocks": 0,
                    "Plans": [
                      {
                        "Node Type": "Bitmap Index Scan",
                        "Parent Relationship": "Outer",
                        "Parallel Aware": false,
                        "Index Name": "kind_id_title",
                        "Startup Cost": 0.0,
                        "Total Cost": 234.4,
                        "Plan Rows": 13063,
                        "Plan Width": 0,
                        "Actual Startup Time": 8.307,
                        "Actual Total Time": 8.307,
                        "Actual Rows": 12600,
                        "Actual Loops": 1,
                        "Index Cond": "(kind_id = 6)"
                      }
                    ]
                  },
                  {
                    "Node Type": "Index Only Scan",
                    "Parent Relationship": "Inner",
                    "Parallel Aware": false,
                    "Scan Direction": "Forward",
                    "Index Name": "movie_id_movie_info_idx",
                    "Relation Name": "movie_info_idx",
                    "Alias": "mi_idx",
                    "Startup Cost": 0.43,
                    "Total Cost": 8.17,
                    "Plan Rows": 3,
                    "Plan Width": 4,
                    "Actual Startup Time": 0.016,
                    "Actual Total Time": 0.017,
                    "Actual Rows": 2,
                    "Actual Loops": 447,
                    "Index Cond": "(movie_id = t.id)",
                    "Rows Removed by Index Recheck": 0,
                    "Heap Fetches": 891
                  }
                ]
              }
            ]
          }
        ]
      }
    ]
  },
  "Planning Time": 0.526,
  "Triggers": [],
  "Execution Time": 41.828
}