[
  {
    "Plan": {
      "Node Type": "Aggregate",
      "Strategy": "Plain",
      "Partial Mode": "Finalize",
      "Parallel Aware": false,
      "Startup Cost": 88279.83,
      "Total Cost": 88279.84,
      "Plan Rows": 1,
      "Plan Width": 8,
      "Actual Startup Time": 219.692,
      "Actual Total Time": 238.042,
      "Actual Rows": 1,
      "Actual Loops": 1,
      "Plans": [
        {
          "Node Type": "Gather",
          "Parent Relationship": "Outer",
          "Parallel Aware": false,
          "Startup Cost": 88279.51,
          "Total Cost": 88279.82,
          "Plan Rows": 3,
          "Plan Width": 8,
          "Actual Startup Time": 219.372,
          "Actual Total Time": 238.034,
          "Actual Rows": 4,
          "Actual Loops": 1,
          "Workers Planned": 3,
          "Workers Launched": 3,
          "Single Copy": false,
          "Plans": [
            {
              "Node Type": "Aggregate",
              "Strategy": "Plain",
              "Partial Mode": "Partial",
              "Parent Relationship": "Outer",
              "Parallel Aware": false,
              "Startup Cost": 87279.51,
              "Total Cost": 87279.52,
              "Plan Rows": 1,
              "Plan Width": 8,
              "Actual Startup Time": 209.916,
              "Actual Total Time": 209.92,
              "Actual Rows": 1,
              "Actual Loops": 4,
              "Plans": [
                {
                  "Node Type": "Nested Loop",
                  "Parent Relationship": "Outer",
                  "Parallel Aware": false,
                  "Join Type": "Inner",
                  "Startup Cost": 45614.22,
                  "Total Cost": 87258.2,
                  "Plan Rows": 8525,
                  "Plan Width": 0,
                  "Actual Startup Time": 136.909,
                  "Actual Total Time": 208.882,
                  "Actual Rows": 22022,
                  "Actual Loops": 4,
                  "Inner Unique": false,
                  "Join Filter": "(t.id = mk.movie_id)",
                  "Rows Removed by Join Filter": 0,
                  "Plans": [
                    {
                      "Node Type": "Hash Join",
                      "Parent Relationship": "Outer",
                      "Parallel Aware": true,
                      "Join Type": "Inner",
                      "Startup Cost": 45613.79,
                      "Total Cost": 77762.24,
                      "Plan Rows": 4764,
                      "Plan Width": 8,
                      "Actual Startup Time": 136.689,
                      "Actual Total Time": 187.589,
                      "Actual Rows": 1909,
                      "Actual Loops": 4,
                      "Inner Unique": true,
                      "Hash Cond": "(mc.movie_id = t.id)",
                      "Plans": [
                        {
                          "Node Type": "Seq Scan",
                          "Parent Relationship": "Outer",
                          "Parallel Aware": true,
                          "Relation Name": "movie_companies",
                          "Alias": "mc",
                          "Startup Cost": 0.0,
                          "Total Cost": 31414.82,
                          "Plan Rows": 279481,
                          "Plan Width": 4,
                          "Actual Startup Time": 32.833,
                          "Actual Total Time": 67.254,
                          "Actual Rows": 137181,
                          "Actual Loops": 4,
                          "Filter": "((company_id < 20490) AND (company_type_id = 2))",
                          "Rows Removed by Filter": 515101
                        },
                        {
                          "Node Type": "Hash",
                          "Parent Relationship": "Inner",
                          "Parallel Aware": true,
                          "Startup Cost": 45479.1,
                          "Total Cost": 45479.1,
                          "Plan Rows": 10775,
                          "Plan Width": 4,
                          "Actual Startup Time": 102.412,
                          "Actual Total Time": 102.412,
                          "Actual Rows": 9402,
                          "Actual Loops": 4,
                          "Hash Buckets": 65536,
                          "Original Hash Buckets": 65536,
                          "Hash Batches": 1,
                          "Original Hash Batches": 1,
                          "Peak Memory Usage": 2048,
                          "Plans": [
                            {
                              "Node Type": "Seq Scan",
                              "Parent Relationship": "Outer",
                              "Parallel Aware": true,
                              "Relation Name": "title",
                              "Alias": "t",
                              "Startup Cost": 0.0,
                              "Total Cost": 45479.1,
                              "Plan Rows": 10775,
                              "Plan Width": 4,
                              "Actual Startup Time": 0.276,
                              "Actual Total Time": 98.385,
                              "Actual Rows": 9402,
                              "Actual Loops": 4,
                              "Filter": "((kind_id < 3) AND (production_year = 2010))",
                              "Rows Removed by Filter": 622676
                            }
                          ]
                        }
                      ]
                    },
                    {
                      "Node Type": "Index Only Scan",
                      "Parent Relationship": "Inner",
                      "Parallel Aware": false,
                      "Scan Direction": "Forward",
                      "Index Name": "movie_id_movie_keyword",
                      "Relation Name": "movie_keyword",
                      "Alias": "mk",
                      "Startup Cost": 0.43,
                      "Total Cost": 1.43,
                      "Plan Rows": 45,
                      "Plan Width": 4,
                      "Actual Startup Time": 0.008,
                      "Actual Total Time": 0.01,
                      "Actual Rows": 12,
                      "Actual Loops": 7637,
                      "Index Cond": "(movie_id = mc.movie_id)",
                      "Rows Removed by Index Recheck": 0,
                      "Heap Fetches": 88089
                    }
                  ]
                }
              ]
            }
          ]
        }
      ]
    },
    "Planning Time": 1.523,
    "Triggers": [],
    "Execution Time": 238.139
  }
]