[
  {
    "Plan": {
      "Node Type": "Aggregate",
      "Strategy": "Plain",
      "Partial Mode": "Finalize",
      "Parallel Aware": false,
      "Startup Cost": 263940.26,
      "Total Cost": 263940.27,
      "Plan Rows": 1,
      "Plan Width": 8,
      "Actual Startup Time": 537.519,
      "Actual Total Time": 582.895,
      "Actual Rows": 1,
      "Actual Loops": 1,
      "Plans": [
        {
          "Node Type": "Gather",
          "Parent Relationship": "Outer",
          "Parallel Aware": false,
          "Startup Cost": 263939.63,
          "Total Cost": 263940.24,
          "Plan Rows": 6,
          "Plan Width": 8,
          "Actual Startup Time": 536.945,
          "Actual Total Time": 582.885,
          "Actual Rows": 7,
          "Actual Loops": 1,
          "Workers Planned": 6,
          "Workers Launched": 6,
          "Single Copy": false,
          "Plans": [
            {
              "Node Type": "Aggregate",
              "Strategy": "Plain",
              "Partial Mode": "Partial",
              "Parent Relationship": "Outer",
              "Parallel Aware": false,
              "Startup Cost": 262939.63,
              "Total Cost": 262939.64,
              "Plan Rows": 1,
              "Plan Width": 8,
              "Actual Startup Time": 525.727,
              "Actual Total Time": 525.73,
              "Actual Rows": 1,
              "Actual Loops": 7,
              "Plans": [
                {
                  "Node Type": "Nested Loop",
                  "Parent Relationship": "Outer",
                  "Parallel Aware": false,
                  "Join Type": "Inner",
                  "Startup Cost": 44063.2,
                  "Total Cost": 262796.2,
                  "Plan Rows": 57372,
                  "Plan Width": 0,
                  "Actual Startup Time": 177.897,
                  "Actual Total Time": 518.843,
                  "Actual Rows": 138754,
                  "Actual Loops": 7,
                  "Inner Unique": false,
                  "Join Filter": "(t.id = mi.movie_id)",
                  "Rows Removed by Join Filter": 0,
                  "Plans": [
                    {
                      "Node Type": "Hash Join",
                      "Parent Relationship": "Outer",
                      "Parallel Aware": true,
                      "Join Type": "Inner",
                      "Startup Cost": 44062.77,
                      "Total Cost": 243186.18,
                      "Plan Rows": 9812,
                      "Plan Width": 8,
                      "Actual Startup Time": 177.806,
                      "Actual Total Time": 330.327,
                      "Actual Rows": 12053,
                      "Actual Loops": 7,
                      "Inner Unique": true,
                      "Hash Cond": "(ci.movie_id = t.id)",
                      "Plans": [
                        {
                          "Node Type": "Index Scan",
                          "Parent Relationship": "Outer",
                          "Parallel Aware": true,
                          "Scan Direction": "Forward",
                          "Index Name": "role_id_cast_info",
                          "Relation Name": "cast_info",
                          "Alias": "ci",
                          "Startup Cost": 0.56,
                          "Total Cost": 197877.72,
                          "Plan Rows": 474764,
                          "Plan Width": 4,
                          "Actual Startup Time": 102.581,
                          "Actual Total Time": 189.324,
                          "Actual Rows": 478834,
                          "Actual Loops": 7,
                          "Index Cond": "(role_id = 2)",
                          "Rows Removed by Index Recheck": 0,
                          "Filter": "(person_id > 2267983)",
                          "Rows Removed by Filter": 585733
                        },
                        {
                          "Node Type": "Hash",
                          "Parent Relationship": "Inner",
                          "Parallel Aware": true,
                          "Startup Cost": 43898.92,
                          "Total Cost": 43898.92,
                          "Plan Rows": 13063,
                          "Plan Width": 4,
                          "Actual Startup Time": 73.793,
                          "Actual Total Time": 73.794,
                          "Actual Rows": 8370,
                          "Actual Loops": 7,
                          "Hash Buckets": 65536,
                          "Original Hash Buckets": 65536,
                          "Hash Batches": 1,
                          "Original Hash Batches": 1,
                          "Peak Memory Usage": 2912,
                          "Plans": [
                            {
                              "Node Type": "Seq Scan",
                              "Parent Relationship": "Outer",
                              "Parallel Aware": true,
                              "Relation Name": "title",
                              "Alias": "t",
                              "Startup Cost": 0.0,
                              "Total Cost": 43898.92,
                              "Plan Rows": 13063,
                              "Plan Width": 4,
                              "Actual Startup Time": 0.06,
                              "Actual Total Time": 69.259,
                              "Actual Rows": 8370,
                              "Actual Loops": 7,
                              "Filter": "(production_year = 2001)",
                              "Rows Removed by Filter": 352817
                            }
                          ]
                        }
                      ]
                    },
                    {
                      "Node Type": "Index Only Scan",
                      "Parent Relationship": "Inner",
                      "Parallel Aware": false,
                      "Scan Direction": "Forward",
                      "Index Name": "movie_id_movie_info",
                      "Relation Name": "movie_info",
                      "Alias": "mi",
                      "Startup Cost": 0.43,
                      "Total Cost": 1.47,
                      "Plan Rows": 42,
                      "Plan Width": 4,
                      "Actual Startup Time": 0.006,
                      "Actual Total Time": 0.014,
                      "Actual Rows": 12,
                      "Actual Loops": 84368,
                      "Index Cond": "(movie_id = ci.movie_id)",
                      "Rows Removed by Index Recheck": 0,
                      "Heap Fetches": 971279
                    }
                  ]
                }
              ]
            }
          ]
        }
      ]
    },
    "Planning Time": 1.357,
    "Triggers": [],
    "Execution Time": 583.001
  }
]