{
  "Plan": {
    "Node Type": "Aggregate",
    "Strategy": "Plain",
    "Partial Mode": "Finalize",
    "Parallel Aware": false,
    "Startup Cost": 344905.32,
    "Total Cost": 344905.33,
    "Plan Rows": 1,
    "Plan Width": 8,
    "Actual Startup Time": 1253.374,
    "Actual Total Time": 1301.953,
    "Actual Rows": 1,
    "Actual Loops": 1,
    "Plans": [
      {
        "Node Type": "Gather",
        "Parent Relationship": "Outer",
        "Parallel Aware": false,
        "Startup Cost": 344905.21,
        "Total Cost": 344905.32,
        "Plan Rows": 1,
        "Plan Width": 8,
        "Actual Startup Time": 1253.262,
        "Actual Total Time": 1301.943,
        "Actual Rows": 2,
        "Actual Loops": 1,
        "Workers Planned": 1,
        "Workers Launched": 1,
        "Single Copy": false,
        "Plans": [
          {
            "Node Type": "Aggregate",
            "Strategy": "Plain",
            "Partial Mode": "Partial",
            "Parent Relationship": "Outer",
            "Parallel Aware": false,
            "Startup Cost": 343905.21,
            "Total Cost": 343905.22,
            "Plan Rows": 1,
            "Plan Width": 8,
            "Actual Startup Time": 1247.572,
            "Actual Total Time": 1247.575,
            "Actual Rows": 1,
            "Actual Loops": 2,
            "Plans": [
              {
                "Node Type": "Hash Join",
                "Parent Relationship": "Outer",
                "Parallel Aware": true,
                "Join Type": "Inner",
                "Startup Cost": 58452.74,
                "Total Cost": 343795.45,
                "Plan Rows": 43903,
                "Plan Width": 0,
                "Actual Startup Time": 157.55,
                "Actual Total Time": 1246.023,
                "Actual Rows": 27130,
                "Actual Loops": 2,
                "Inner Unique": true,
                "Hash Cond": "(mi.movie_id = t.id)",
                "Plans": [
                  {
                    "Node Type": "Seq Scan",
                    "Parent Relationship": "Outer",
                    "Parallel Aware": true,
                    "Relation Name": "movie_info",
                    "Alias": "mi",
                    "Startup Cost": 0.0,
                    "Total Cost": 270696.42,
                    "Plan Rows": 5579529,
                    "Plan Width": 4,
                    "Actual Startup Time": 0.013,
                    "Actual Total Time": 740.197,
                    "Actual Rows": 4782576,
                    "Actual Loops": 2,
                    "Filter": "(info_type_id < 16)",
                    "Rows Removed by Filter": 2635284
                  },
                  {
                    "Node Type": "Hash",
                    "Parent Relationship": "Inner",
                    "Parallel Aware": true,
                    "Startup Cost": 58306.47,
                    "Total Cost": 58306.47,
                    "Plan Rows": 11702,
                    "Plan Width": 4,
                    "Actual Startup Time": 156.211,
                    "Actual Total Time": 156.212,
                    "Actual Rows": 9864,
                    "Actual Loops": 2,
                    "Hash Buckets": 32768,
                    "Original Hash Buckets": 32768,
                    "Hash Batches": 1,
                    "Original Hash Batches": 1,
                    "Peak Memory Usage": 1056,
                    "Plans": [
                      {
                        "Node Type": "Seq Scan",
                        "Parent Relationship": "Outer",
                        "Parallel Aware": true,
                        "Relation Name": "title",
                        "Alias": "t",
                        "Startup Cost": 0.0,
                        "Total Cost": 58306.47,
                        "Plan Rows": 11702,
                        "Plan Width": 4,
                        "Actual Startup Time": 0.148,
                        "Actual Total Time": 151.722,
                        "Actual Rows": 9864,
                        "Actual Loops": 2,
                        "Filter": "((kind_id > 1) AND (production_year = 1992))",
                        "Rows Removed by Filter": 1254292
                      }
                    ]
                  }
                ]
              }
            ]
          }
        ]
      }
    ]
  },
  "Planning Time": 0.51,
  "Triggers": [],
  "Execution Time": 1302.042
}