[
  {
    "Plan": {
      "Node Type": "Aggregate",
      "Strategy": "Plain",
      "Partial Mode": "Finalize",
      "Parallel Aware": false,
      "Startup Cost": 296434.5,
      "Total Cost": 296434.51,
      "Plan Rows": 1,
      "Plan Width": 8,
      "Actual Startup Time": 1561.909,
      "Actual Total Time": 1610.76,
      "Actual Rows": 1,
      "Actual Loops": 1,
      "Plans": [
        {
          "Node Type": "Gather",
          "Parent Relationship": "Outer",
          "Parallel Aware": false,
          "Startup Cost": 296433.97,
          "Total Cost": 296434.48,
          "Plan Rows": 5,
          "Plan Width": 8,
          "Actual Startup Time": 1554.169,
          "Actual Total Time": 1610.749,
          "Actual Rows": 6,
          "Actual Loops": 1,
          "Workers Planned": 5,
          "Workers Launched": 5,
          "Single Copy": false,
          "Plans": [
            {
              "Node Type": "Aggregate",
              "Strategy": "Plain",
              "Partial Mode": "Partial",
              "Parent Relationship": "Outer",
              "Parallel Aware": false,
              "Startup Cost": 295433.97,
              "Total Cost": 295433.98,
              "Plan Rows": 1,
              "Plan Width": 8,
              "Actual Startup Time": 1543.274,
              "Actual Total Time": 1543.291,
              "Actual Rows": 1,
              "Actual Loops": 6,
              "Plans": [
                {
                  "Node Type": "Hash Join",
                  "Parent Relationship": "Outer",
                  "Parallel Aware": true,
                  "Join Type": "Inner",
                  "Startup Cost": 90937.07,
                  "Total Cost": 294626.74,
                  "Plan Rows": 322892,
                  "Plan Width": 0,
                  "Actual Startup Time": 343.983,
                  "Actual Total Time": 1352.084,
                  "Actual Rows": 4581303,
                  "Actual Loops": 6,
                  "Inner Unique": false,
                  "Hash Cond": "(mi.movie_id = t.id)",
                  "Plans": [
                    {
                      "Node Type": "Seq Scan",
                      "Parent Relationship": "Outer",
                      "Parallel Aware": true,
                      "Relation Name": "movie_info",
                      "Alias": "mi",
                      "Startup Cost": 0.0,
                      "Total Cost": 191560.33,
                      "Plan Rows": 2956733,
                      "Plan Width": 4,
                      "Actual Startup Time": 0.03,
                      "Actual Total Time": 299.523,
                      "Actual Rows": 2472620,
                      "Actual Loops": 6
                    },
                    {
                      "Node Type": "Hash",
                      "Parent Relationship": "Inner",
                      "Parallel Aware": true,
                      "Startup Cost": 89823.75,
                      "Total Cost": 89823.75,
                      "Plan Rows": 89066,
                      "Plan Width": 8,
                      "Actual Startup Time": 340.662,
                      "Actual Total Time": 340.678,
                      "Actual Rows": 105214,
                      "Actual Loops": 6,
                      "Hash Buckets": 1048576,
                      "Original Hash Buckets": 524288,
                      "Hash Batches": 1,
                      "Original Hash Batches": 1,
                      "Peak Memory Usage": 37088,
                      "Plans": [
                        {
                          "Node Type": "Hash Join",
                          "Parent Relationship": "Outer",
                          "Parallel Aware": true,
                          "Join Type": "Inner",
                          "Startup Cost": 61934.39,
                          "Total Cost": 89823.75,
                          "Plan Rows": 89066,
                          "Plan Width": 8,
                          "Actual Startup Time": 198.996,
                          "Actual Total Time": 297.864,
                          "Actual Rows": 105214,
                          "Actual Loops": 6,
                          "Inner Unique": true,
                          "Hash Cond": "(mk.movie_id = t.id)",
                          "Plans": [
                            {
                              "Node Type": "Bitmap Heap Scan",
                              "Parent Relationship": "Outer",
                              "Parallel Aware": true,
                              "Relation Name": "movie_keyword",
                              "Alias": "mk",
                              "Startup Cost": 14937.26,
                              "Total Cost": 42230.4,
                              "Plan Rows": 227131,
                              "Plan Width": 4,
                              "Actual Startup Time": 45.521,
                              "Actual Total Time": 98.696,
                              "Actual Rows": 118610,
                              "Actual Loops": 6,
                              "Recheck Cond": "(keyword_id < 613)",
                              "Rows Removed by Index Recheck": 0,
                              "Exact Heap Blocks": 3779,
                              "Lossy Heap Blocks": 0,
                              "Plans": [
                                {
                                  "Node Type": "Bitmap Index Scan",
                                  "Parent Relationship": "Outer",
                                  "Parallel Aware": false,
                                  "Index Name": "keyword_id_movie_keyword",
                                  "Startup Cost": 0.0,
                                  "Total Cost": 14761.24,
                                  "Plan Rows": 704107,
                                  "Plan Width": 0,
                                  "Actual Startup Time": 41.742,
                                  "Actual Total Time": 41.743,
                                  "Actual Rows": 711658,
                                  "Actual Loops": 1,
                                  "Index Cond": "(keyword_id < 613)"
                                }
                              ]
                            },
                            {
                              "Node Type": "Hash",
                              "Parent Relationship": "Inner",
                              "Parallel Aware": true,
                              "Startup Cost": 43898.92,
                              "Total Cost": 43898.92,
                              "Plan Rows": 247857,
                              "Plan Width": 4,
                              "Actual Startup Time": 151.138,
                              "Actual Total Time": 151.139,
                              "Actual Rows": 164175,
                              "Actual Loops": 6,
                              "Hash Buckets": 1048576,
                              "Original Hash Buckets": 1048576,
                              "Hash Batches": 1,
                              "Original Hash Batches": 1,
                              "Peak Memory Usage": 46816,
                              "Plans": [
                                {
                                  "Node Type": "Seq Scan",
                                  "Parent Relationship": "Outer",
                                  "Parallel Aware": true,
                                  "Relation Name": "title",
                                  "Alias": "t",
                                  "Startup Cost": 0.0,
                                  "Total Cost": 43898.92,
                                  "Plan Rows": 247857,
                                  "Plan Width": 4,
                                  "Actual Startup Time": 0.053,
                                  "Actual Total Time": 84.385,
                                  "Actual Rows": 164175,
                                  "Actual Loops": 6,
                                  "Filter": "(kind_id < 7)",
                                  "Rows Removed by Filter": 257211
                                }
                              ]
                            }
                          ]
                        }
                      ]
                    }
                  ]
                }
              ]
            }
          ]
        }
      ]
    },
    "Planning Time": 1.454,
    "Triggers": [],
    "Execution Time": 1610.882
  }
]