{
  "Plan": {
    "Node Type": "Aggregate",
    "Strategy": "Plain",
    "Partial Mode": "Finalize",
    "Parallel Aware": false,
    "Startup Cost": 295231.25,
    "Total Cost": 295231.26,
    "Plan Rows": 1,
    "Plan Width": 8,
    "Actual Startup Time": 1388.783,
    "Actual Total Time": 1405.745,
    "Actual Rows": 1,
    "Actual Loops": 1,
    "Plans": [
      {
        "Node Type": "Gather",
        "Parent Relationship": "Outer",
        "Parallel Aware": false,
        "Startup Cost": 295231.13,
        "Total Cost": 295231.24,
        "Plan Rows": 1,
        "Plan Width": 8,
        "Actual Startup Time": 1388.1,
        "Actual Total Time": 1405.734,
        "Actual Rows": 2,
        "Actual Loops": 1,
        "Workers Planned": 1,
        "Workers Launched": 1,
        "Single Copy": false,
        "Plans": [
          {
            "Node Type": "Aggregate",
            "Strategy": "Plain",
            "Partial Mode": "Partial",
            "Parent Relationship": "Outer",
            "Parallel Aware": false,
            "Startup Cost": 294231.13,
            "Total Cost": 294231.14,
            "Plan Rows": 1,
            "Plan Width": 8,
            "Actual Startup Time": 1382.124,
            "Actual Total Time": 1382.128,
            "Actual Rows": 1,
            "Actual Loops": 2,
            "Plans": [
              {
                "Node Type": "Hash Join",
                "Parent Relationship": "Outer",
                "Parallel Aware": true,
                "Join Type": "Inner",
                "Startup Cost": 55806.05,
                "Total Cost": 293029.82,
                "Plan Rows": 480527,
                "Plan Width": 0,
                "Actual Startup Time": 165.804,
                "Actual Total Time": 1359.448,
                "Actual Rows": 528554,
                "Actual Loops": 2,
                "Inner Unique": true,
                "Hash Cond": "(ci.movie_id = t.id)",
                "Plans": [
                  {
                    "Node Type": "Index Scan",
                    "Parent Relationship": "Outer",
                    "Parallel Aware": true,
                    "Scan Direction": "Forward",
                    "Index Name": "role_id_cast_info",
                    "Relation Name": "cast_info",
                    "Alias": "ci",
                    "Startup Cost": 0.56,
                    "Total Cost": 225853.5,
                    "Plan Rows": 4331734,
                    "Plan Width": 4,
                    "Actual Startup Time": 0.043,
                    "Actual Total Time": 521.185,
                    "Actual Rows": 3725986,
                    "Actual Loops": 2,
                    "Index Cond": "(role_id = 2)",
                    "Rows Removed by Index Recheck": 0
                  },
                  {
                    "Node Type": "Hash",
                    "Parent Relationship": "Inner",
                    "Parallel Aware": true,
                    "Startup Cost": 53743.23,
                    "Total Cost": 53743.23,
                    "Plan Rows": 164981,
                    "Plan Width": 4,
                    "Actual Startup Time": 160.023,
                    "Actual Total Time": 160.024,
                    "Actual Rows": 191148,
                    "Actual Loops": 2,
                    "Hash Buckets": 524288,
                    "Original Hash Buckets": 524288,
                    "Hash Batches": 1,
                    "Original Hash Batches": 1,
                    "Peak Memory Usage": 19104,
                    "Plans": [
                      {
                        "Node Type": "Bitmap Heap Scan",
                        "Parent Relationship": "Outer",
                        "Parallel Aware": true,
                        "Relation Name": "title",
                        "Alias": "t",
                        "Startup Cost": 11892.97,
                        "Total Cost": 53743.23,
                        "Plan Rows": 164981,
                        "Plan Width": 4,
                        "Actual Startup Time": 36.323,
                        "Actual Total Time": 107.36,
                        "Actual Rows": 191148,
                        "Actual Loops": 2,
                        "Recheck Cond": "(kind_id < 2)",
                        "Rows Removed by Index Recheck": 0,
                        "Filter": "(production_year < 2001)",
                        "Rows Removed by Filter": 140264,
                        "Exact Heap Blocks": 8055,
                        "Lossy Heap Blocks": 0,
                        "Plans": [
                          {
                            "Node Type": "Bitmap Index Scan",
                            "Parent Relationship": "Outer",
                            "Parallel Aware": false,
                            "Index Name": "kind_id_title",
                            "Startup Cost": 0.0,
                            "Total Cost": 11822.85,
                            "Plan Rows": 663256,
                            "Plan Width": 0,
                            "Actual Startup Time": 34.66,
                            "Actual Total Time": 34.66,
                            "Actual Rows": 662825,
                            "Actual Loops": 1,
                            "Index Cond": "(kind_id < 2)"
                          }
                        ]
                      }
                    ]
                  }
                ]
              }
            ]
          }
        ]
      }
    ]
  },
  "Planning Time": 0.704,
  "Triggers": [],
  "Execution Time": 1405.841
}