{
  "Plan": {
    "Node Type": "Aggregate",
    "Strategy": "Plain",
    "Partial Mode": "Finalize",
    "Parallel Aware": false,
    "Startup Cost": 720216.88,
    "Total Cost": 720216.89,
    "Plan Rows": 1,
    "Plan Width": 8,
    "Actual Startup Time": 3853.261,
    "Actual Total Time": 3920.85,
    "Actual Rows": 1,
    "Actual Loops": 1,
    "Plans": [
      {
        "Node Type": "Gather",
        "Parent Relationship": "Outer",
        "Parallel Aware": false,
        "Startup Cost": 720216.77,
        "Total Cost": 720216.88,
        "Plan Rows": 1,
        "Plan Width": 8,
        "Actual Startup Time": 3851.119,
        "Actual Total Time": 3920.84,
        "Actual Rows": 2,
        "Actual Loops": 1,
        "Workers Planned": 1,
        "Workers Launched": 1,
        "Single Copy": false,
        "Plans": [
          {
            "Node Type": "Aggregate",
            "Strategy": "Plain",
            "Partial Mode": "Partial",
            "Parent Relationship": "Outer",
            "Parallel Aware": false,
            "Startup Cost": 719216.77,
            "Total Cost": 719216.78,
            "Plan Rows": 1,
            "Plan Width": 8,
            "Actual Startup Time": 3844.667,
            "Actual Total Time": 3844.672,
            "Actual Rows": 1,
            "Actual Loops": 2,
            "Plans": [
              {
                "Node Type": "Hash Join",
                "Parent Relationship": "Outer",
                "Parallel Aware": true,
                "Join Type": "Inner",
                "Startup Cost": 172245.28,
                "Total Cost": 718839.85,
                "Plan Rows": 150767,
                "Plan Width": 0,
                "Actual Startup Time": 335.295,
                "Actual Total Time": 3725.335,
                "Actual Rows": 2712764,
                "Actual Loops": 2,
                "Inner Unique": false,
                "Hash Cond": "(ci.movie_id = t.id)",
                "Plans": [
                  {
                    "Node Type": "Seq Scan",
                    "Parent Relationship": "Outer",
                    "Parallel Aware": true,
                    "Relation Name": "cast_info",
                    "Alias": "ci",
                    "Startup Cost": 0.0,
                    "Total Cost": 465792.95,
                    "Plan Rows": 21310595,
                    "Plan Width": 4,
                    "Actual Startup Time": 0.016,
                    "Actual Total Time": 1401.537,
                    "Actual Rows": 18122172,
                    "Actual Loops": 2
                  },
                  {
                    "Node Type": "Hash",
                    "Parent Relationship": "Inner",
                    "Parallel Aware": true,
                    "Startup Cost": 172113.76,
                    "Total Cost": 172113.76,
                    "Plan Rows": 10522,
                    "Plan Width": 8,
                    "Actual Startup Time": 334.435,
                    "Actual Total Time": 334.439,
                    "Actual Rows": 25000,
                    "Actual Loops": 2,
                    "Hash Buckets": 65536,
                    "Original Hash Buckets": 32768,
                    "Hash Batches": 1,
                    "Original Hash Batches": 1,
                    "Peak Memory Usage": 2784,
                    "Plans": [
                      {
                        "Node Type": "Hash Join",
                        "Parent Relationship": "Outer",
                        "Parallel Aware": true,
                        "Join Type": "Inner",
                        "Startup Cost": 65889.76,
                        "Total Cost": 172113.76,
                        "Plan Rows": 10522,
                        "Plan Width": 8,
                        "Actual Startup Time": 306.551,
                        "Actual Total Time": 326.65,
                        "Actual Rows": 25000,
                        "Actual Loops": 2,
                        "Inner Unique": true,
                        "Hash Cond": "(mi.movie_id = t.id)",
                        "Plans": [
                          {
                            "Node Type": "Bitmap Heap Scan",
                            "Parent Relationship": "Outer",
                            "Parallel Aware": true,
                            "Relation Name": "movie_info",
                            "Alias": "mi",
                            "Startup Cost": 902.17,
                            "Total Cost": 107049.31,
                            "Plan Rows": 29278,
                            "Plan Width": 4,
                            "Actual Startup Time": 2.755,
                            "Actual Total Time": 13.054,
                            "Actual Rows": 25134,
                            "Actual Loops": 2,
                            "Recheck Cond": "(info_type_id > 107)",
                            "Rows Removed by Index Recheck": 0,
                            "Exact Heap Blocks": 3084,
                            "Lossy Heap Blocks": 0,
                            "Plans": [
                              {
                                "Node Type": "Bitmap Index Scan",
                                "Parent Relationship": "Outer",
                                "Parallel Aware": false,
                                "Index Name": "info_type_id_movie_info",
                                "Startup Cost": 0.0,
                                "Total Cost": 889.72,
                                "Plan Rows": 49772,
                                "Plan Width": 0,
                                "Actual Startup Time": 2.192,
                                "Actual Total Time": 2.192,
                                "Actual Rows": 50267,
                                "Actual Loops": 1,
                                "Index Cond": "(info_type_id > 107)"
                              }
                            ]
                          },
                          {
                            "Node Type": "Hash",
                            "Parent Relationship": "Inner",
                            "Parallel Aware": true,
                            "Startup Cost": 58306.47,
                            "Total Cost": 58306.47,
                            "Plan Rows": 534490,
                            "Plan Width": 4,
                            "Actual Startup Time": 295.702,
                            "Actual Total Time": 295.702,
                            "Actual Rows": 417240,
                            "Actual Loops": 2,
                            "Hash Buckets": 1048576,
                            "Original Hash Buckets": 1048576,
                            "Hash Batches": 1,
                            "Original Hash Batches": 1,
                            "Peak Memory Usage": 40864,
                            "Plans": [
                              {
                                "Node Type": "Seq Scan",
                                "Parent Relationship": "Outer",
                                "Parallel Aware": true,
                                "Relation Name": "title",
                                "Alias": "t",
                                "Startup Cost": 0.0,
                                "Total Cost": 58306.47,
                                "Plan Rows": 534490,
                                "Plan Width": 4,
                                "Actual Startup Time": 0.034,
                                "Actual Total Time": 181.615,
                                "Actual Rows": 417240,
                                "Actual Loops": 2,
                                "Filter": "((kind_id < 7) AND (production_year > 1940))",
                                "Rows Removed by Filter": 846916
                              }
                            ]
                          }
                        ]
                      }
                    ]
                  }
                ]
              }
            ]
          }
        ]
      }
    ]
  },
  "Planning Time": 1.038,
  "Triggers": [],
  "Execution Time": 3920.971
}