[
  {
    "Plan": {
      "Node Type": "Aggregate",
      "Strategy": "Plain",
      "Partial Mode": "Finalize",
      "Parallel Aware": false,
      "Startup Cost": 47335.16,
      "Total Cost": 47335.17,
      "Plan Rows": 1,
      "Plan Width": 8,
      "Actual Startup Time": 182.096,
      "Actual Total Time": 192.465,
      "Actual Rows": 1,
      "Actual Loops": 1,
      "Plans": [
        {
          "Node Type": "Gather",
          "Parent Relationship": "Outer",
          "Parallel Aware": false,
          "Startup Cost": 47334.84,
          "Total Cost": 47335.15,
          "Plan Rows": 3,
          "Plan Width": 8,
          "Actual Startup Time": 181.995,
          "Actual Total Time": 192.457,
          "Actual Rows": 4,
          "Actual Loops": 1,
          "Workers Planned": 3,
          "Workers Launched": 3,
          "Single Copy": false,
          "Plans": [
            {
              "Node Type": "Aggregate",
              "Strategy": "Plain",
              "Partial Mode": "Partial",
              "Parent Relationship": "Outer",
              "Parallel Aware": false,
              "Startup Cost": 46334.84,
              "Total Cost": 46334.85,
              "Plan Rows": 1,
              "Plan Width": 8,
              "Actual Startup Time": 173.832,
              "Actual Total Time": 173.833,
              "Actual Rows": 1,
              "Actual Loops": 4,
              "Plans": [
                {
                  "Node Type": "Seq Scan",
                  "Parent Relationship": "Outer",
                  "Parallel Aware": true,
                  "Relation Name": "movie_keyword",
                  "Alias": "mk",
                  "Startup Cost": 0.0,
                  "Total Cost": 42695.65,
                  "Plan Rows": 1455676,
                  "Plan Width": 0,
                  "Actual Startup Time": 0.073,
                  "Actual Total Time": 124.497,
                  "Actual Rows": 1128626,
                  "Actual Loops": 4,
                  "Filter": "(keyword_id < 125593)",
                  "Rows Removed by Filter": 2356
                }
              ]
            }
          ]
        }
      ]
    },
    "Planning Time": 0.224,
    "Triggers": [],
    "Execution Time": 192.515
  }
]