[
  {
    "Plan": {
      "Node Type": "Aggregate",
      "Strategy": "Plain",
      "Partial Mode": "Finalize",
      "Parallel Aware": false,
      "Startup Cost": 44967.24,
      "Total Cost": 44967.25,
      "Plan Rows": 1,
      "Plan Width": 8,
      "Actual Startup Time": 156.549,
      "Actual Total Time": 164.142,
      "Actual Rows": 1,
      "Actual Loops": 1,
      "Plans": [
        {
          "Node Type": "Gather",
          "Parent Relationship": "Outer",
          "Parallel Aware": false,
          "Startup Cost": 44966.92,
          "Total Cost": 44967.23,
          "Plan Rows": 3,
          "Plan Width": 8,
          "Actual Startup Time": 156.415,
          "Actual Total Time": 164.134,
          "Actual Rows": 4,
          "Actual Loops": 1,
          "Workers Planned": 3,
          "Workers Launched": 3,
          "Single Copy": false,
          "Plans": [
            {
              "Node Type": "Aggregate",
              "Strategy": "Plain",
              "Partial Mode": "Partial",
              "Parent Relationship": "Outer",
              "Parallel Aware": false,
              "Startup Cost": 43966.92,
              "Total Cost": 43966.93,
              "Plan Rows": 1,
              "Plan Width": 8,
              "Actual Startup Time": 148.308,
              "Actual Total Time": 148.309,
              "Actual Rows": 1,
              "Actual Loops": 4,
              "Plans": [
                {
                  "Node Type": "Seq Scan",
                  "Parent Relationship": "Outer",
                  "Parallel Aware": true,
                  "Relation Name": "movie_keyword",
                  "Alias": "mk",
                  "Startup Cost": 0.0,
                  "Total Cost": 42695.65,
                  "Plan Rows": 508506,
                  "Plan Width": 0,
                  "Actual Startup Time": 1.494,
                  "Actual Total Time": 125.373,
                  "Actual Rows": 396272,
                  "Actual Loops": 4,
                  "Filter": "(keyword_id > 9811)",
                  "Rows Removed by Filter": 734711
                }
              ]
            }
          ]
        }
      ]
    },
    "Planning Time": 0.187,
    "Triggers": [],
    "Execution Time": 164.199
  }
]