{
  "Plan": {
    "Node Type": "Aggregate",
    "Strategy": "Plain",
    "Partial Mode": "Finalize",
    "Parallel Aware": false,
    "Startup Cost": 619740.77,
    "Total Cost": 619740.78,
    "Plan Rows": 1,
    "Plan Width": 8,
    "Actual Startup Time": 2932.691,
    "Actual Total Time": 2991.057,
    "Actual Rows": 1,
    "Actual Loops": 1,
    "Plans": [
      {
        "Node Type": "Gather",
        "Parent Relationship": "Outer",
        "Parallel Aware": false,
        "Startup Cost": 619740.65,
        "Total Cost": 619740.76,
        "Plan Rows": 1,
        "Plan Width": 8,
        "Actual Startup Time": 2932.555,
        "Actual Total Time": 2991.049,
        "Actual Rows": 2,
        "Actual Loops": 1,
        "Workers Planned": 1,
        "Workers Launched": 1,
        "Single Copy": false,
        "Plans": [
          {
            "Node Type": "Aggregate",
            "Strategy": "Plain",
            "Partial Mode": "Partial",
            "Parent Relationship": "Outer",
            "Parallel Aware": false,
            "Startup Cost": 618740.65,
            "Total Cost": 618740.66,
            "Plan Rows": 1,
            "Plan Width": 8,
            "Actual Startup Time": 2929.709,
            "Actual Total Time": 2929.712,
            "Actual Rows": 1,
            "Actual Loops": 2,
            "Plans": [
              {
                "Node Type": "Hash Join",
                "Parent Relationship": "Outer",
                "Parallel Aware": true,
                "Join Type": "Inner",
                "Startup Cost": 54688.16,
                "Total Cost": 618511.9,
                "Plan Rows": 91501,
                "Plan Width": 0,
                "Actual Startup Time": 314.222,
                "Actual Total Time": 2925.146,
                "Actual Rows": 80624,
                "Actual Loops": 2,
                "Inner Unique": true,
                "Hash Cond": "(ci.movie_id = t.id)",
                "Plans": [
                  {
                    "Node Type": "Seq Scan",
                    "Parent Relationship": "Outer",
                    "Parallel Aware": true,
                    "Relation Name": "cast_info",
                    "Alias": "ci",
                    "Startup Cost": 0.0,
                    "Total Cost": 519069.44,
                    "Plan Rows": 17049226,
                    "Plan Width": 4,
                    "Actual Startup Time": 180.423,
                    "Actual Total Time": 1580.799,
                    "Actual Rows": 14402718,
                    "Actual Loops": 2,
                    "Filter": "(person_id > 720150)",
                    "Rows Removed by Filter": 3719454
                  },
                  {
                    "Node Type": "Hash",
                    "Parent Relationship": "Inner",
                    "Parallel Aware": true,
                    "Startup Cost": 54588.39,
                    "Total Cost": 54588.39,
                    "Plan Rows": 7982,
                    "Plan Width": 4,
                    "Actual Startup Time": 133.141,
                    "Actual Total Time": 133.142,
                    "Actual Rows": 7214,
                    "Actual Loops": 2,
                    "Hash Buckets": 16384,
                    "Original Hash Buckets": 16384,
                    "Hash Batches": 1,
                    "Original Hash Batches": 1,
                    "Peak Memory Usage": 736,
                    "Plans": [
                      {
                        "Node Type": "Seq Scan",
                        "Parent Relationship": "Outer",
                        "Parallel Aware": true,
                        "Relation Name": "title",
                        "Alias": "t",
                        "Startup Cost": 0.0,
                        "Total Cost": 54588.39,
                        "Plan Rows": 7982,
                        "Plan Width": 4,
                        "Actual Startup Time": 0.066,
                        "Actual Total Time": 130.654,
                        "Actual Rows": 7214,
                        "Actual Loops": 2,
                        "Filter": "(production_year = 1978)",
                        "Rows Removed by Filter": 1256942
                      }
                    ]
                  }
                ]
              }
            ]
          }
        ]
      }
    ]
  },
  "Planning Time": 0.286,
  "Triggers": [],
  "Execution Time": 2991.122
}