[
  {
    "Plan": {
      "Node Type": "Aggregate",
      "Strategy": "Plain",
      "Partial Mode": "Finalize",
      "Parallel Aware": false,
      "Startup Cost": 341769.37,
      "Total Cost": 341769.38,
      "Plan Rows": 1,
      "Plan Width": 8,
      "Actual Startup Time": 848.555,
      "Actual Total Time": 910.075,
      "Actual Rows": 1,
      "Actual Loops": 1,
      "Plans": [
        {
          "Node Type": "Gather",
          "Parent Relationship": "Outer",
          "Parallel Aware": false,
          "Startup Cost": 341768.74,
          "Total Cost": 341769.35,
          "Plan Rows": 6,
          "Plan Width": 8,
          "Actual Startup Time": 848.465,
          "Actual Total Time": 910.066,
          "Actual Rows": 7,
          "Actual Loops": 1,
          "Workers Planned": 6,
          "Workers Launched": 6,
          "Single Copy": false,
          "Plans": [
            {
              "Node Type": "Aggregate",
              "Strategy": "Plain",
              "Partial Mode": "Partial",
              "Parent Relationship": "Outer",
              "Parallel Aware": false,
              "Startup Cost": 340768.74,
              "Total Cost": 340768.75,
              "Plan Rows": 1,
              "Plan Width": 8,
              "Actual Startup Time": 838.086,
              "Actual Total Time": 838.087,
              "Actual Rows": 1,
              "Actual Loops": 7,
              "Plans": [
                {
                  "Node Type": "Seq Scan",
                  "Parent Relationship": "Outer",
                  "Parallel Aware": true,
                  "Relation Name": "cast_info",
                  "Alias": "ci",
                  "Startup Cost": 0.0,
                  "Total Cost": 328162.03,
                  "Plan Rows": 5042686,
                  "Plan Width": 0,
                  "Actual Startup Time": 80.659,
                  "Actual Total Time": 651.971,
                  "Actual Rows": 4298983,
                  "Actual Loops": 7,
                  "Filter": "(person_id > 593653)",
                  "Rows Removed by Filter": 878781
                }
              ]
            }
          ]
        }
      ]
    },
    "Planning Time": 0.196,
    "Triggers": [],
    "Execution Time": 910.144
  }
]