[
  {
    "Plan": {
      "Node Type": "Aggregate",
      "Strategy": "Plain",
      "Partial Mode": "Finalize",
      "Parallel Aware": false,
      "Startup Cost": 440913.2,
      "Total Cost": 440913.21,
      "Plan Rows": 1,
      "Plan Width": 8,
      "Actual Startup Time": 3329.433,
      "Actual Total Time": 3384.339,
      "Actual Rows": 1,
      "Actual Loops": 1,
      "Plans": [
        {
          "Node Type": "Gather",
          "Parent Relationship": "Outer",
          "Parallel Aware": false,
          "Startup Cost": 440912.58,
          "Total Cost": 440913.19,
          "Plan Rows": 6,
          "Plan Width": 8,
          "Actual Startup Time": 3308.865,
          "Actual Total Time": 3384.328,
          "Actual Rows": 7,
          "Actual Loops": 1,
          "Workers Planned": 6,
          "Workers Launched": 6,
          "Single Copy": false,
          "Plans": [
            {
              "Node Type": "Aggregate",
              "Strategy": "Plain",
              "Partial Mode": "Partial",
              "Parent Relationship": "Outer",
              "Parallel Aware": false,
              "Startup Cost": 439912.58,
              "Total Cost": 439912.59,
              "Plan Rows": 1,
              "Plan Width": 8,
              "Actual Startup Time": 3299.384,
              "Actual Total Time": 3300.119,
              "Actual Rows": 1,
              "Actual Loops": 7,
              "Plans": [
                {
                  "Node Type": "Hash Join",
                  "Parent Relationship": "Outer",
                  "Parallel Aware": true,
                  "Join Type": "Inner",
                  "Startup Cost": 86981.96,
                  "Total Cost": 432417.22,
                  "Plan Rows": 2998144,
                  "Plan Width": 0,
                  "Actual Startup Time": 490.496,
                  "Actual Total Time": 3047.543,
                  "Actual Rows": 5160064,
                  "Actual Loops": 7,
                  "Inner Unique": false,
                  "Hash Cond": "(ci.movie_id = t.id)",
                  "Plans": [
                    {
                      "Node Type": "Seq Scan",
                      "Parent Relationship": "Outer",
                      "Parallel Aware": true,
                      "Relation Name": "cast_info",
                      "Alias": "ci",
                      "Startup Cost": 0.0,
                      "Total Cost": 313106.51,
                      "Plan Rows": 6041951,
                      "Plan Width": 4,
                      "Actual Startup Time": 0.039,
                      "Actual Total Time": 569.209,
                      "Actual Rows": 5177763,
                      "Actual Loops": 7
                    },
                    {
                      "Node Type": "Hash",
                      "Parent Relationship": "Inner",
                      "Parallel Aware": true,
                      "Startup Cost": 81922.86,
                      "Total Cost": 81922.86,
                      "Plan Rows": 404728,
                      "Plan Width": 8,
                      "Actual Startup Time": 487.474,
                      "Actual Total Time": 488.207,
                      "Actual Rows": 179392,
                      "Actual Loops": 7,
                      "Hash Buckets": 2097152,
                      "Original Hash Buckets": 2097152,
                      "Hash Batches": 1,
                      "Original Hash Batches": 1,
                      "Peak Memory Usage": 65632,
                      "Plans": [
                        {
                          "Node Type": "Hash Join",
                          "Parent Relationship": "Outer",
                          "Parallel Aware": true,
                          "Join Type": "Inner",
                          "Startup Cost": 51509.06,
                          "Total Cost": 81922.86,
                          "Plan Rows": 404728,
                          "Plan Width": 8,
                          "Actual Startup Time": 283.854,
                          "Actual Total Time": 410.56,
                          "Actual Rows": 179392,
                          "Actual Loops": 7,
                          "Inner Unique": true,
                          "Hash Cond": "(mc.movie_id = t.id)",
                          "Plans": [
                            {
                              "Node Type": "Seq Scan",
                              "Parent Relationship": "Outer",
                              "Parallel Aware": true,
                              "Relation Name": "movie_companies",
                              "Alias": "mc",
                              "Startup Cost": 0.0,
                              "Total Cost": 29310.68,
                              "Plan Rows": 420236,
                              "Plan Width": 4,
                              "Actual Startup Time": 7.912,
                              "Actual Total Time": 51.787,
                              "Actual Rows": 184494,
                              "Actual Loops": 7,
                              "Filter": "(company_id > 11371)",
                              "Rows Removed by Filter": 188238
                            },
                            {
                              "Node Type": "Hash",
                              "Parent Relationship": "Inner",
                              "Parallel Aware": true,
                              "Startup Cost": 43899.32,
                              "Total Cost": 43899.32,
                              "Plan Rows": 608779,
                              "Plan Width": 4,
                              "Actual Startup Time": 272.125,
                              "Actual Total Time": 272.127,
                              "Actual Rows": 347875,
                              "Actual Loops": 7,
                              "Hash Buckets": 4194304,
                              "Original Hash Buckets": 4194304,
                              "Hash Batches": 1,
                              "Original Hash Batches": 1,
                              "Peak Memory Usage": 128160,
                              "Plans": [
                                {
                                  "Node Type": "Seq Scan",
                                  "Parent Relationship": "Outer",
                                  "Parallel Aware": true,
                                  "Relation Name": "title",
                                  "Alias": "t",
                                  "Startup Cost": 0.0,
                                  "Total Cost": 43899.32,
                                  "Plan Rows": 608779,
                                  "Plan Width": 4,
                                  "Actual Startup Time": 0.052,
                                  "Actual Total Time": 87.839,
                                  "Actual Rows": 347875,
                                  "Actual Loops": 7,
                                  "Filter": "(production_year > 1908)",
                                  "Rows Removed by Filter": 13312
                                }
                              ]
                            }
                          ]
                        }
                      ]
                    }
                  ]
                }
              ]
            }
          ]
        }
      ]
    },
    "Planning Time": 0.522,
    "Triggers": [],
    "Execution Time": 3384.384
  }
]