[
  {
    "Plan": {
      "Node Type": "Aggregate",
      "Strategy": "Plain",
      "Partial Mode": "Finalize",
      "Parallel Aware": false,
      "Startup Cost": 397218.37,
      "Total Cost": 397218.38,
      "Plan Rows": 1,
      "Plan Width": 8,
      "Actual Startup Time": 927.614,
      "Actual Total Time": 990.67,
      "Actual Rows": 1,
      "Actual Loops": 1,
      "Plans": [
        {
          "Node Type": "Gather",
          "Parent Relationship": "Outer",
          "Parallel Aware": false,
          "Startup Cost": 397217.75,
          "Total Cost": 397218.36,
          "Plan Rows": 6,
          "Plan Width": 8,
          "Actual Startup Time": 925.317,
          "Actual Total Time": 990.658,
          "Actual Rows": 7,
          "Actual Loops": 1,
          "Workers Planned": 6,
          "Workers Launched": 6,
          "Single Copy": false,
          "Plans": [
            {
              "Node Type": "Aggregate",
              "Strategy": "Plain",
              "Partial Mode": "Partial",
              "Parent Relationship": "Outer",
              "Parallel Aware": false,
              "Startup Cost": 396217.75,
              "Total Cost": 396217.76,
              "Plan Rows": 1,
              "Plan Width": 8,
              "Actual Startup Time": 914.605,
              "Actual Total Time": 914.608,
              "Actual Rows": 1,
              "Actual Loops": 7,
              "Plans": [
                {
                  "Node Type": "Hash Join",
                  "Parent Relationship": "Outer",
                  "Parallel Aware": true,
                  "Join Type": "Inner",
                  "Startup Cost": 46852.21,
                  "Total Cost": 395350.28,
                  "Plan Rows": 346988,
                  "Plan Width": 0,
                  "Actual Startup Time": 435.856,
                  "Actual Total Time": 906.41,
                  "Actual Rows": 182187,
                  "Actual Loops": 7,
                  "Inner Unique": true,
                  "Hash Cond": "(ci.movie_id = t.id)",
                  "Plans": [
                    {
                      "Node Type": "Seq Scan",
                      "Parent Relationship": "Outer",
                      "Parallel Aware": true,
                      "Relation Name": "cast_info",
                      "Alias": "ci",
                      "Startup Cost": 0.0,
                      "Total Cost": 343257.03,
                      "Plan Rows": 1996581,
                      "Plan Width": 4,
                      "Actual Startup Time": 329.647,
                      "Actual Total Time": 610.075,
                      "Actual Rows": 923617,
                      "Actual Loops": 7,
                      "Filter": "((person_id < 2742753) AND (role_id > 2))",
                      "Rows Removed by Filter": 4254147
                    },
                    {
                      "Node Type": "Hash",
                      "Parent Relationship": "Inner",
                      "Parallel Aware": true,
                      "Startup Cost": 45479.1,
                      "Total Cost": 45479.1,
                      "Plan Rows": 109849,
                      "Plan Width": 4,
                      "Actual Startup Time": 103.704,
                      "Actual Total Time": 103.705,
                      "Actual Rows": 66408,
                      "Actual Loops": 7,
                      "Hash Buckets": 524288,
                      "Original Hash Buckets": 524288,
                      "Hash Batches": 1,
                      "Original Hash Batches": 1,
                      "Peak Memory Usage": 22400,
                      "Plans": [
                        {
                          "Node Type": "Seq Scan",
                          "Parent Relationship": "Outer",
                          "Parallel Aware": true,
                          "Relation Name": "title",
                          "Alias": "t",
                          "Startup Cost": 0.0,
                          "Total Cost": 45479.1,
                          "Plan Rows": 109849,
                          "Plan Width": 4,
                          "Actual Startup Time": 0.038,
                          "Actual Total Time": 74.595,
                          "Actual Rows": 66408,
                          "Actual Loops": 7,
                          "Filter": "((kind_id > 3) AND (production_year > 2008))",
                          "Rows Removed by Filter": 294779
                        }
                      ]
                    }
                  ]
                }
              ]
            }
          ]
        }
      ]
    },
    "Planning Time": 0.641,
    "Triggers": [],
    "Execution Time": 990.755
  }
]