[
  {
    "Plan": {
      "Node Type": "Aggregate",
      "Strategy": "Plain",
      "Partial Mode": "Finalize",
      "Parallel Aware": false,
      "Startup Cost": 267326.18,
      "Total Cost": 267326.19,
      "Plan Rows": 1,
      "Plan Width": 8,
      "Actual Startup Time": 703.787,
      "Actual Total Time": 726.13,
      "Actual Rows": 1,
      "Actual Loops": 1,
      "Plans": [
        {
          "Node Type": "Gather",
          "Parent Relationship": "Outer",
          "Parallel Aware": false,
          "Startup Cost": 267325.65,
          "Total Cost": 267326.16,
          "Plan Rows": 5,
          "Plan Width": 8,
          "Actual Startup Time": 696.275,
          "Actual Total Time": 726.118,
          "Actual Rows": 6,
          "Actual Loops": 1,
          "Workers Planned": 5,
          "Workers Launched": 5,
          "Single Copy": false,
          "Plans": [
            {
              "Node Type": "Aggregate",
              "Strategy": "Plain",
              "Partial Mode": "Partial",
              "Parent Relationship": "Outer",
              "Parallel Aware": false,
              "Startup Cost": 266325.65,
              "Total Cost": 266325.66,
              "Plan Rows": 1,
              "Plan Width": 8,
              "Actual Startup Time": 687.831,
              "Actual Total Time": 687.838,
              "Actual Rows": 1,
              "Actual Loops": 6,
              "Plans": [
                {
                  "Node Type": "Nested Loop",
                  "Parent Relationship": "Outer",
                  "Parallel Aware": false,
                  "Join Type": "Inner",
                  "Startup Cost": 70240.5,
                  "Total Cost": 266209.47,
                  "Plan Rows": 46474,
                  "Plan Width": 0,
                  "Actual Startup Time": 232.377,
                  "Actual Total Time": 675.123,
                  "Actual Rows": 186308,
                  "Actual Loops": 6,
                  "Inner Unique": false,
                  "Join Filter": "(t.id = mc.movie_id)",
                  "Rows Removed by Join Filter": 0,
                  "Plans": [
                    {
                      "Node Type": "Hash Join",
                      "Parent Relationship": "Outer",
                      "Parallel Aware": true,
                      "Join Type": "Inner",
                      "Startup Cost": 70240.07,
                      "Total Cost": 236147.67,
                      "Plan Rows": 45036,
                      "Plan Width": 8,
                      "Actual Startup Time": 232.216,
                      "Actual Total Time": 351.809,
                      "Actual Rows": 81078,
                      "Actual Loops": 6,
                      "Inner Unique": true,
                      "Hash Cond": "(mi.movie_id = t.id)",
                      "Plans": [
                        {
                          "Node Type": "Bitmap Heap Scan",
                          "Parent Relationship": "Outer",
                          "Parallel Aware": true,
                          "Relation Name": "movie_info",
                          "Alias": "mi",
                          "Startup Cost": 23385.59,
                          "Total Cost": 188613.81,
                          "Plan Rows": 258817,
                          "Plan Width": 4,
                          "Actual Startup Time": 78.708,
                          "Actual Total Time": 115.469,
                          "Actual Rows": 216498,
                          "Actual Loops": 6,
                          "Recheck Cond": "(info_type_id = 4)",
                          "Rows Removed by Index Recheck": 0,
                          "Exact Heap Blocks": 2032,
                          "Lossy Heap Blocks": 0,
                          "Plans": [
                            {
                              "Node Type": "Bitmap Index Scan",
                              "Parent Relationship": "Outer",
                              "Parallel Aware": false,
                              "Index Name": "info_type_id_movie_info",
                              "Startup Cost": 0.0,
                              "Total Cost": 23062.07,
                              "Plan Rows": 1294085,
                              "Plan Width": 0,
                              "Actual Startup Time": 76.379,
                              "Actual Total Time": 76.379,
                              "Actual Rows": 1298989,
                              "Actual Loops": 1,
                              "Index Cond": "(info_type_id = 4)"
                            }
                          ]
                        },
                        {
                          "Node Type": "Hash",
                          "Parent Relationship": "Inner",
                          "Parallel Aware": true,
                          "Startup Cost": 45479.59,
                          "Total Cost": 45479.59,
                          "Plan Rows": 109991,
                          "Plan Width": 4,
                          "Actual Startup Time": 149.735,
                          "Actual Total Time": 149.738,
                          "Actual Rows": 89477,
                          "Actual Loops": 6,
                          "Hash Buckets": 1048576,
                          "Original Hash Buckets": 524288,
                          "Hash Batches": 1,
                          "Original Hash Batches": 1,
                          "Peak Memory Usage": 33376,
                          "Plans": [
                            {
                              "Node Type": "Seq Scan",
                              "Parent Relationship": "Outer",
                              "Parallel Aware": true,
                              "Relation Name": "title",
                              "Alias": "t",
                              "Startup Cost": 0.0,
                              "Total Cost": 45479.59,
                              "Plan Rows": 109991,
                              "Plan Width": 4,
                              "Actual Startup Time": 0.049,
                              "Actual Total Time": 91.826,
                              "Actual Rows": 89477,
                              "Actual Loops": 6,
                              "Filter": "((kind_id < 7) AND (production_year < 2002))",
                              "Rows Removed by Filter": 331909
                            }
                          ]
                        }
                      ]
                    },
                    {
                      "Node Type": "Index Only Scan",
                      "Parent Relationship": "Inner",
                      "Parallel Aware": false,
                      "Scan Direction": "Forward",
                      "Index Name": "movie_id_movie_companies",
                      "Relation Name": "movie_companies",
                      "Alias": "mc",
                      "Startup Cost": 0.43,
                      "Total Cost": 0.61,
                      "Plan Rows": 5,
                      "Plan Width": 4,
                      "Actual Startup Time": 0.003,
                      "Actual Total Time": 0.003,
                      "Actual Rows": 2,
                      "Actual Loops": 486468,
                      "Index Cond": "(movie_id = mi.movie_id)",
                      "Rows Removed by Index Recheck": 0,
                      "Heap Fetches": 1117850
                    }
                  ]
                }
              ]
            }
          ]
        }
      ]
    },
    "Planning Time": 0.768,
    "Triggers": [],
    "Execution Time": 726.192
  }
]