{
  "Plan": {
    "Node Type": "Aggregate",
    "Strategy": "Plain",
    "Partial Mode": "Finalize",
    "Parallel Aware": false,
    "Startup Cost": 345629.54,
    "Total Cost": 345629.55,
    "Plan Rows": 1,
    "Plan Width": 8,
    "Actual Startup Time": 1346.052,
    "Actual Total Time": 1395.998,
    "Actual Rows": 1,
    "Actual Loops": 1,
    "Plans": [
      {
        "Node Type": "Gather",
        "Parent Relationship": "Outer",
        "Parallel Aware": false,
        "Startup Cost": 345629.42,
        "Total Cost": 345629.53,
        "Plan Rows": 1,
        "Plan Width": 8,
        "Actual Startup Time": 1344.87,
        "Actual Total Time": 1395.987,
        "Actual Rows": 2,
        "Actual Loops": 1,
        "Workers Planned": 1,
        "Workers Launched": 1,
        "Single Copy": false,
        "Plans": [
          {
            "Node Type": "Aggregate",
            "Strategy": "Plain",
            "Partial Mode": "Partial",
            "Parent Relationship": "Outer",
            "Parallel Aware": false,
            "Startup Cost": 344629.42,
            "Total Cost": 344629.43,
            "Plan Rows": 1,
            "Plan Width": 8,
            "Actual Startup Time": 1339.222,
            "Actual Total Time": 1339.226,
            "Actual Rows": 1,
            "Actual Loops": 2,
            "Plans": [
              {
                "Node Type": "Hash Join",
                "Parent Relationship": "Outer",
                "Parallel Aware": true,
                "Join Type": "Inner",
                "Startup Cost": 61211.88,
                "Total Cost": 342981.29,
                "Plan Rows": 659255,
                "Plan Width": 0,
                "Actual Startup Time": 202.873,
                "Actual Total Time": 1331.416,
                "Actual Rows": 183129,
                "Actual Loops": 2,
                "Inner Unique": true,
                "Hash Cond": "(mi.movie_id = t.id)",
                "Plans": [
                  {
                    "Node Type": "Seq Scan",
                    "Parent Relationship": "Outer",
                    "Parallel Aware": true,
                    "Relation Name": "movie_info",
                    "Alias": "mi",
                    "Startup Cost": 0.0,
                    "Total Cost": 270696.42,
                    "Plan Rows": 4218272,
                    "Plan Width": 4,
                    "Actual Startup Time": 0.01,
                    "Actual Total Time": 657.599,
                    "Actual Rows": 3643432,
                    "Actual Loops": 2,
                    "Filter": "(info_type_id < 8)",
                    "Rows Removed by Filter": 3774428
                  },
                  {
                    "Node Type": "Hash",
                    "Parent Relationship": "Inner",
                    "Parallel Aware": true,
                    "Startup Cost": 58306.47,
                    "Total Cost": 58306.47,
                    "Plan Rows": 232433,
                    "Plan Width": 4,
                    "Actual Startup Time": 195.421,
                    "Actual Total Time": 195.422,
                    "Actual Rows": 200594,
                    "Actual Loops": 2,
                    "Hash Buckets": 524288,
                    "Original Hash Buckets": 524288,
                    "Hash Batches": 1,
                    "Original Hash Batches": 1,
                    "Peak Memory Usage": 19840,
                    "Plans": [
                      {
                        "Node Type": "Seq Scan",
                        "Parent Relationship": "Outer",
                        "Parallel Aware": true,
                        "Relation Name": "title",
                        "Alias": "t",
                        "Startup Cost": 0.0,
                        "Total Cost": 58306.47,
                        "Plan Rows": 232433,
                        "Plan Width": 4,
                        "Actual Startup Time": 0.027,
                        "Actual Total Time": 147.879,
                        "Actual Rows": 200594,
                        "Actual Loops": 2,
                        "Filter": "((kind_id > 1) AND (production_year > 2009))",
                        "Rows Removed by Filter": 1063562
                      }
                    ]
                  }
                ]
              }
            ]
          }
        ]
      }
    ]
  },
  "Planning Time": 0.558,
  "Triggers": [],
  "Execution Time": 1396.076
}