{
    "Plan": {
        "Node Type": "Aggregate",
        "Strategy": "Plain",
        "Partial Mode": "Simple",
        "Parallel Aware": false,
        "Startup Cost": 20000807722.23,
        "Total Cost": 20000807722.24,
        "Plan Rows": 1,
        "Plan Width": 8,
        "Actual Startup Time": 3040.648,
        "Actual Total Time": 3040.652,
        "Actual Rows": 1,
        "Actual Loops": 1,
        "Output": [
            "count(*)"
        ],
        "Plans": [
            {
                "Node Type": "Hash Join",
                "Parent Relationship": "Outer",
                "Parallel Aware": false,
                "Join Type": "Inner",
                "Startup Cost": 20000068188.18,
                "Total Cost": 20000807680.65,
                "Plan Rows": 16632,
                "Plan Width": 0,
                "Actual Startup Time": 2293.402,
                "Actual Total Time": 3039.411,
                "Actual Rows": 21934,
                "Actual Loops": 1,
                "Inner Unique": false,
                "Hash Cond": "(t.id = mc.movie_id)",
                "Plans": [
                    {
                        "Node Type": "Nested Loop",
                        "Parent Relationship": "Outer",
                        "Parallel Aware": false,
                        "Join Type": "Inner",
                        "Startup Cost": 20000000001.07,
                        "Total Cost": 20000738696.09,
                        "Plan Rows": 72130,
                        "Plan Width": 8,
                        "Actual Startup Time": 2.132,
                        "Actual Total Time": 2620.766,
                        "Actual Rows": 60340,
                        "Actual Loops": 1,
                        "Output": [
                            "t.id",
                            "mi_idx.movie_id"
                        ],
                        "Inner Unique": false,
                        "Plans": [
                            {
                                "Node Type": "Index Scan",
                                "Parent Relationship": "Outer",
                                "Parallel Aware": false,
                                "Scan Direction": "Forward",
                                "Index Name": "title_pkey",
                                "Relation Name": "title",
                                "Schema": "public",
                                "Alias": "t",
                                "Startup Cost": 10000000000.43,
                                "Total Cost": 10000116662.9,
                                "Plan Rows": 132147,
                                "Plan Width": 4,
                                "Actual Startup Time": 2.094,
                                "Actual Total Time": 1870.614,
                                "Actual Rows": 128696,
                                "Actual Loops": 1,
                                "Output": [
                                    "t.id",
                                    "t.title",
                                    "t.imdb_index",
                                    "t.kind_id",
                                    "t.production_year",
                                    "t.imdb_id",
                                    "t.phonetic_code",
                                    "t.episode_of_id",
                                    "t.season_nr",
                                    "t.episode_nr",
                                    "t.series_years",
                                    "t.md5sum"
                                ],
                                "Filter": "(t.production_year = 2009)",
                                "Rows Removed by Filter": 2399616
                            },
                            {
                                "Node Type": "Bitmap Heap Scan",
                                "Parent Relationship": "Inner",
                                "Parallel Aware": false,
                                "Relation Name": "movie_info_idx",
                                "Schema": "public",
                                "Alias": "mi_idx",
                                "Startup Cost": 0.64,
                                "Total Cost": 4.68,
                                "Plan Rows": 3,
                                "Plan Width": 4,
                                "Actual Startup Time": 0.004,
                                "Actual Total Time": 0.004,
                                "Actual Rows": 0,
                                "Actual Loops": 128696,
                                "Output": [
                                    "mi_idx.id",
                                    "mi_idx.movie_id",
                                    "mi_idx.info_type_id",
                                    "mi_idx.info",
                                    "mi_idx.note"
                                ],
                                "Recheck Cond": "(mi_idx.movie_id = t.id)",
                                "Rows Removed by Index Recheck": 0,
                                "Exact Heap Blocks": 20221,
                                "Lossy Heap Blocks": 0,
                                "Plans": [
                                    {
                                        "Node Type": "Bitmap Index Scan",
                                        "Parent Relationship": "Outer",
                                        "Parallel Aware": false,
                                        "Index Name": "movie_id_movie_info_idx",
                                        "Startup Cost": 0.0,
                                        "Total Cost": 0.64,
                                        "Plan Rows": 3,
                                        "Plan Width": 0,
                                        "Actual Startup Time": 0.003,
                                        "Actual Total Time": 0.003,
                                        "Actual Rows": 0,
                                        "Actual Loops": 128696,
                                        "Index Cond": "(mi_idx.movie_id = t.id)"
                                    }
                                ]
                            }
                        ]
                    },
                    {
                        "Node Type": "Hash",
                        "Parent Relationship": "Inner",
                        "Parallel Aware": false,
                        "Startup Cost": 60899.61,
                        "Total Cost": 60899.61,
                        "Plan Rows": 583000,
                        "Plan Width": 4,
                        "Actual Startup Time": 388.605,
                        "Actual Total Time": 388.607,
                        "Actual Rows": 314768,
                        "Actual Loops": 1,
                        "Output": [
                            "mc.movie_id"
                        ],
                        "Hash Buckets": 1048576,
                        "Original Hash Buckets": 1048576,
                        "Hash Batches": 1,
                        "Original Hash Batches": 1,
                        "Peak Memory Usage": 19259,
                        "Plans": [
                            {
                                "Node Type": "Bitmap Heap Scan",
                                "Parent Relationship": "Outer",
                                "Parallel Aware": false,
                                "Relation Name": "movie_companies",
                                "Schema": "public",
                                "Alias": "mc",
                                "Startup Cost": 22925.99,
                                "Total Cost": 60899.61,
                                "Plan Rows": 583000,
                                "Plan Width": 4,
                                "Actual Startup Time": 135.541,
                                "Actual Total Time": 293.086,
                                "Actual Rows": 314768,
                                "Actual Loops": 1,
                                "Output": [
                                    "mc.movie_id"
                                ],
                                "Recheck Cond": "(mc.company_type_id < 2)",
                                "Rows Removed by Index Recheck": 0,
                                "Filter": "(mc.company_id > 12381)",
                                "Rows Removed by Filter": 959478,
                                "Exact Heap Blocks": 11177,
                                "Lossy Heap Blocks": 0,
                                "Plans": [
                                    {
                                        "Node Type": "Bitmap Index Scan",
                                        "Parent Relationship": "Outer",
                                        "Parallel Aware": false,
                                        "Index Name": "company_type_id_movie_companies",
                                        "Startup Cost": 0.0,
                                        "Total Cost": 22780.24,
                                        "Plan Rows": 1278908,
                                        "Plan Width": 0,
                                        "Actual Startup Time": 72.91,
                                        "Actual Total Time": 72.91,
                                        "Actual Rows": 1274246,
                                        "Actual Loops": 1,
                                        "Index Cond": "(mc.company_type_id < 2)"
                                    }
                                ]
                            }
                        ]
                    }
                ]
            }
        ]
    },
    "Planning Time": 3.461,
    "Triggers": [],
    "Execution Time": 3041.811
}