[
    {
        "Bao": {
            "Bao prediction": "NaN",
            "Bao recommended hint": "(no hint)"
        }
    },
    {
        "Plan": {
            "Node Type": "Aggregate",
            "Strategy": "Plain",
            "Partial Mode": "Simple",
            "Parallel Aware": false,
            "Startup Cost": 15472.24,
            "Total Cost": 15472.25,
            "Plan Rows": 1,
            "Plan Width": 8,
            "Actual Startup Time": 19.511,
            "Actual Total Time": 19.513,
            "Actual Rows": 1,
            "Actual Loops": 1,
            "Output": [
                "count(*)"
            ],
            "Plans": [
                {
                    "Node Type": "Bitmap Heap Scan",
                    "Parent Relationship": "Outer",
                    "Parallel Aware": false,
                    "Relation Name": "movie_keyword",
                    "Schema": "public",
                    "Alias": "mk",
                    "Startup Cost": 150.19,
                    "Total Cost": 15454.9,
                    "Plan Rows": 6937,
                    "Plan Width": 0,
                    "Actual Startup Time": 4.284,
                    "Actual Total Time": 18.337,
                    "Actual Rows": 7640,
                    "Actual Loops": 1,
                    "Recheck Cond": "(mk.keyword_id = 3660)",
                    "Rows Removed by Index Recheck": 0,
                    "Exact Heap Blocks": 4259,
                    "Lossy Heap Blocks": 0,
                    "Plans": [
                        {
                            "Node Type": "Bitmap Index Scan",
                            "Parent Relationship": "Outer",
                            "Parallel Aware": false,
                            "Index Name": "keyword_id_movie_keyword",
                            "Startup Cost": 0.0,
                            "Total Cost": 148.46,
                            "Plan Rows": 6937,
                            "Plan Width": 0,
                            "Actual Startup Time": 2.299,
                            "Actual Total Time": 2.3,
                            "Actual Rows": 7640,
                            "Actual Loops": 1,
                            "Index Cond": "(mk.keyword_id = 3660)"
                        }
                    ]
                }
            ]
        },
        "Planning Time": 283.476,
        "Triggers": [],
        "Execution Time": 19.652
    }
]