[
  {
    "Plan": {
      "Node Type": "Aggregate",
      "Strategy": "Plain",
      "Partial Mode": "Finalize",
      "Parallel Aware": false,
      "Startup Cost": 47324.3,
      "Total Cost": 47324.31,
      "Plan Rows": 1,
      "Plan Width": 8,
      "Actual Startup Time": 178.881,
      "Actual Total Time": 188.845,
      "Actual Rows": 1,
      "Actual Loops": 1,
      "Plans": [
        {
          "Node Type": "Gather",
          "Parent Relationship": "Outer",
          "Parallel Aware": false,
          "Startup Cost": 47323.98,
          "Total Cost": 47324.29,
          "Plan Rows": 3,
          "Plan Width": 8,
          "Actual Startup Time": 178.757,
          "Actual Total Time": 188.835,
          "Actual Rows": 4,
          "Actual Loops": 1,
          "Workers Planned": 3,
          "Workers Launched": 3,
          "Single Copy": false,
          "Plans": [
            {
              "Node Type": "Aggregate",
              "Strategy": "Plain",
              "Partial Mode": "Partial",
              "Parent Relationship": "Outer",
              "Parallel Aware": false,
              "Startup Cost": 46323.98,
              "Total Cost": 46323.99,
              "Plan Rows": 1,
              "Plan Width": 8,
              "Actual Startup Time": 173.922,
              "Actual Total Time": 173.924,
              "Actual Rows": 1,
              "Actual Loops": 4,
              "Plans": [
                {
                  "Node Type": "Seq Scan",
                  "Parent Relationship": "Outer",
                  "Parallel Aware": true,
                  "Relation Name": "movie_keyword",
                  "Alias": "mk",
                  "Startup Cost": 0.0,
                  "Total Cost": 42695.65,
                  "Plan Rows": 1451332,
                  "Plan Width": 0,
                  "Actual Startup Time": 0.035,
                  "Actual Total Time": 123.74,
                  "Actual Rows": 1125067,
                  "Actual Loops": 4,
                  "Filter": "(keyword_id > 5)",
                  "Rows Removed by Filter": 5915
                }
              ]
            }
          ]
        }
      ]
    },
    "Planning Time": 0.126,
    "Triggers": [],
    "Execution Time": 188.878
  }
]