[
  {
    "Plan": {
      "Node Type": "Aggregate",
      "Strategy": "Plain",
      "Partial Mode": "Finalize",
      "Parallel Aware": false,
      "Startup Cost": 54608.76,
      "Total Cost": 54608.77,
      "Plan Rows": 1,
      "Plan Width": 8,
      "Actual Startup Time": 34.359,
      "Actual Total Time": 38.198,
      "Actual Rows": 1,
      "Actual Loops": 1,
      "Plans": [
        {
          "Node Type": "Gather",
          "Parent Relationship": "Outer",
          "Parallel Aware": false,
          "Startup Cost": 54608.54,
          "Total Cost": 54608.75,
          "Plan Rows": 2,
          "Plan Width": 8,
          "Actual Startup Time": 34.183,
          "Actual Total Time": 38.185,
          "Actual Rows": 3,
          "Actual Loops": 1,
          "Workers Planned": 2,
          "Workers Launched": 2,
          "Single Copy": false,
          "Plans": [
            {
              "Node Type": "Aggregate",
              "Strategy": "Plain",
              "Partial Mode": "Partial",
              "Parent Relationship": "Outer",
              "Parallel Aware": false,
              "Startup Cost": 53608.54,
              "Total Cost": 53608.55,
              "Plan Rows": 1,
              "Plan Width": 8,
              "Actual Startup Time": 26.149,
              "Actual Total Time": 26.151,
              "Actual Rows": 1,
              "Actual Loops": 3,
              "Plans": [
                {
                  "Node Type": "Nested Loop",
                  "Parent Relationship": "Outer",
                  "Parallel Aware": false,
                  "Join Type": "Inner",
                  "Startup Cost": 162.03,
                  "Total Cost": 53608.49,
                  "Plan Rows": 22,
                  "Plan Width": 0,
                  "Actual Startup Time": 7.888,
                  "Actual Total Time": 26.133,
                  "Actual Rows": 46,
                  "Actual Loops": 3,
                  "Inner Unique": false,
                  "Plans": [
                    {
                      "Node Type": "Nested Loop",
                      "Parent Relationship": "Outer",
                      "Parallel Aware": false,
                      "Join Type": "Inner",
                      "Startup Cost": 161.61,
                      "Total Cost": 53505.33,
                      "Plan Rows": 40,
                      "Plan Width": 8,
                      "Actual Startup Time": 7.698,
                      "Actual Total Time": 25.652,
                      "Actual Rows": 15,
                      "Actual Loops": 3,
                      "Inner Unique": true,
                      "Plans": [
                        {
                          "Node Type": "Bitmap Heap Scan",
                          "Parent Relationship": "Outer",
                          "Parallel Aware": true,
                          "Relation Name": "movie_info",
                          "Alias": "mi",
                          "Startup Cost": 161.18,
                          "Total Cost": 28763.51,
                          "Plan Rows": 3696,
                          "Plan Width": 4,
                          "Actual Startup Time": 1.262,
                          "Actual Total Time": 4.897,
                          "Actual Rows": 2207,
                          "Actual Loops": 3,
                          "Recheck Cond": "(info_type_id = 85)",
                          "Rows Removed by Index Recheck": 0,
                          "Exact Heap Blocks": 1028,
                          "Lossy Heap Blocks": 0,
                          "Plans": [
                            {
                              "Node Type": "Bitmap Index Scan",
                              "Parent Relationship": "Outer",
                              "Parallel Aware": false,
                              "Index Name": "info_type_id_movie_info",
                              "Startup Cost": 0.0,
                              "Total Cost": 158.96,
                              "Plan Rows": 8870,
                              "Plan Width": 0,
                              "Actual Startup Time": 2.885,
                              "Actual Total Time": 2.885,
                              "Actual Rows": 6621,
                              "Actual Loops": 1,
                              "Index Cond": "(info_type_id = 85)"
                            }
                          ]
                        },
                        {
                          "Node Type": "Index Scan",
                          "Parent Relationship": "Inner",
                          "Parallel Aware": false,
                          "Scan Direction": "Forward",
                          "Index Name": "title_pkey",
                          "Relation Name": "title",
                          "Alias": "t",
                          "Startup Cost": 0.43,
                          "Total Cost": 6.69,
                          "Plan Rows": 1,
                          "Plan Width": 4,
                          "Actual Startup Time": 0.009,
                          "Actual Total Time": 0.009,
                          "Actual Rows": 0,
                          "Actual Loops": 6621,
                          "Index Cond": "(id = mi.movie_id)",
                          "Rows Removed by Index Recheck": 0,
                          "Filter": "((production_year < 1990) AND (kind_id = 3))",
                          "Rows Removed by Filter": 1
                        }
                      ]
                    },
                    {
                      "Node Type": "Index Only Scan",
                      "Parent Relationship": "Inner",
                      "Parallel Aware": false,
                      "Scan Direction": "Forward",
                      "Index Name": "movie_id_movie_info_idx",
                      "Relation Name": "movie_info_idx",
                      "Alias": "mi_idx",
                      "Startup Cost": 0.43,
                      "Total Cost": 2.55,
                      "Plan Rows": 3,
                      "Plan Width": 4,
                      "Actual Startup Time": 0.028,
                      "Actual Total Time": 0.03,
                      "Actual Rows": 3,
                      "Actual Loops": 46,
                      "Index Cond": "(movie_id = t.id)",
                      "Rows Removed by Index Recheck": 0,
                      "Heap Fetches": 138
                    }
                  ]
                }
              ]
            }
          ]
        }
      ]
    },
    "Planning Time": 1.427,
    "Triggers": [],
    "Execution Time": 38.299
  }
]