[
  {
    "Plan": {
      "Node Type": "Aggregate",
      "Strategy": "Plain",
      "Partial Mode": "Finalize",
      "Parallel Aware": false,
      "Startup Cost": 381827.58,
      "Total Cost": 381827.59,
      "Plan Rows": 1,
      "Plan Width": 8,
      "Actual Startup Time": 1832.267,
      "Actual Total Time": 1883.092,
      "Actual Rows": 1,
      "Actual Loops": 1,
      "Plans": [
        {
          "Node Type": "Gather",
          "Parent Relationship": "Outer",
          "Parallel Aware": false,
          "Startup Cost": 381827.05,
          "Total Cost": 381827.56,
          "Plan Rows": 5,
          "Plan Width": 8,
          "Actual Startup Time": 1811.472,
          "Actual Total Time": 1883.078,
          "Actual Rows": 6,
          "Actual Loops": 1,
          "Workers Planned": 5,
          "Workers Launched": 5,
          "Single Copy": false,
          "Plans": [
            {
              "Node Type": "Aggregate",
              "Strategy": "Plain",
              "Partial Mode": "Partial",
              "Parent Relationship": "Outer",
              "Parallel Aware": false,
              "Startup Cost": 380827.05,
              "Total Cost": 380827.06,
              "Plan Rows": 1,
              "Plan Width": 8,
              "Actual Startup Time": 1797.053,
              "Actual Total Time": 1797.512,
              "Actual Rows": 1,
              "Actual Loops": 6,
              "Plans": [
                {
                  "Node Type": "Hash Join",
                  "Parent Relationship": "Outer",
                  "Parallel Aware": true,
                  "Join Type": "Inner",
                  "Startup Cost": 255369.04,
                  "Total Cost": 379284.86,
                  "Plan Rows": 616877,
                  "Plan Width": 0,
                  "Actual Startup Time": 736.081,
                  "Actual Total Time": 1554.336,
                  "Actual Rows": 6025273,
                  "Actual Loops": 6,
                  "Inner Unique": false,
                  "Hash Cond": "(ci.movie_id = t.id)",
                  "Plans": [
                    {
                      "Node Type": "Index Scan",
                      "Parent Relationship": "Outer",
                      "Parallel Aware": true,
                      "Scan Direction": "Forward",
                      "Index Name": "role_id_cast_info",
                      "Relation Name": "cast_info",
                      "Alias": "ci",
                      "Startup Cost": 0.56,
                      "Total Cost": 119623.46,
                      "Plan Rows": 815783,
                      "Plan Width": 4,
                      "Actual Startup Time": 0.215,
                      "Actual Total Time": 143.086,
                      "Actual Rows": 704078,
                      "Actual Loops": 6,
                      "Index Cond": "(role_id = 10)",
                      "Rows Removed by Index Recheck": 0,
                      "Filter": "(person_id > 245915)",
                      "Rows Removed by Filter": 16425
                    },
                    {
                      "Node Type": "Hash",
                      "Parent Relationship": "Inner",
                      "Parallel Aware": true,
                      "Startup Cost": 250588.87,
                      "Total Cost": 250588.87,
                      "Plan Rows": 382368,
                      "Plan Width": 8,
                      "Actual Startup Time": 730.506,
                      "Actual Total Time": 730.964,
                      "Actual Rows": 302660,
                      "Actual Loops": 6,
                      "Hash Buckets": 2097152,
                      "Original Hash Buckets": 2097152,
                      "Hash Batches": 1,
                      "Original Hash Batches": 1,
                      "Peak Memory Usage": 87520,
                      "Plans": [
                        {
                          "Node Type": "Hash Join",
                          "Parent Relationship": "Outer",
                          "Parallel Aware": true,
                          "Join Type": "Inner",
                          "Startup Cost": 50420.75,
                          "Total Cost": 250588.87,
                          "Plan Rows": 382368,
                          "Plan Width": 8,
                          "Actual Startup Time": 245.137,
                          "Actual Total Time": 633.855,
                          "Actual Rows": 302660,
                          "Actual Loops": 6,
                          "Inner Unique": true,
                          "Hash Cond": "(mi.movie_id = t.id)",
                          "Plans": [
                            {
                              "Node Type": "Seq Scan",
                              "Parent Relationship": "Outer",
                              "Parallel Aware": true,
                              "Relation Name": "movie_info",
                              "Alias": "mi",
                              "Startup Cost": 0.0,
                              "Total Cost": 198952.16,
                              "Plan Rows": 463221,
                              "Plan Width": 4,
                              "Actual Startup Time": 15.765,
                              "Actual Total Time": 289.638,
                              "Actual Rows": 372308,
                              "Actual Loops": 6,
                              "Filter": "(info_type_id > 16)",
                              "Rows Removed by Filter": 2100312
                            },
                            {
                              "Node Type": "Hash",
                              "Parent Relationship": "Inner",
                              "Parallel Aware": true,
                              "Startup Cost": 43898.92,
                              "Total Cost": 43898.92,
                              "Plan Rows": 521747,
                              "Plan Width": 4,
                              "Actual Startup Time": 226.869,
                              "Actual Total Time": 226.871,
                              "Actual Rows": 345798,
                              "Actual Loops": 6,
                              "Hash Buckets": 2097152,
                              "Original Hash Buckets": 2097152,
                              "Hash Batches": 1,
                              "Original Hash Batches": 1,
                              "Peak Memory Usage": 97632,
                              "Plans": [
                                {
                                  "Node Type": "Seq Scan",
                                  "Parent Relationship": "Outer",
                                  "Parallel Aware": true,
                                  "Relation Name": "title",
                                  "Alias": "t",
                                  "Startup Cost": 0.0,
                                  "Total Cost": 43898.92,
                                  "Plan Rows": 521747,
                                  "Plan Width": 4,
                                  "Actual Startup Time": 0.043,
                                  "Actual Total Time": 86.227,
                                  "Actual Rows": 345798,
                                  "Actual Loops": 6,
                                  "Filter": "(production_year > 1970)",
                                  "Rows Removed by Filter": 75587
                                }
                              ]
                            }
                          ]
                        }
                      ]
                    }
                  ]
                }
              ]
            }
          ]
        }
      ]
    },
    "Planning Time": 1.309,
    "Triggers": [],
    "Execution Time": 1883.193
  }
]