[
  {
    "Plan": {
      "Node Type": "Aggregate",
      "Strategy": "Plain",
      "Partial Mode": "Finalize",
      "Parallel Aware": false,
      "Startup Cost": 471440.14,
      "Total Cost": 471440.15,
      "Plan Rows": 1,
      "Plan Width": 8,
      "Actual Startup Time": 2505.551,
      "Actual Total Time": 2566.642,
      "Actual Rows": 1,
      "Actual Loops": 1,
      "Plans": [
        {
          "Node Type": "Gather",
          "Parent Relationship": "Outer",
          "Parallel Aware": false,
          "Startup Cost": 471439.52,
          "Total Cost": 471440.13,
          "Plan Rows": 6,
          "Plan Width": 8,
          "Actual Startup Time": 2496.133,
          "Actual Total Time": 2566.623,
          "Actual Rows": 7,
          "Actual Loops": 1,
          "Workers Planned": 6,
          "Workers Launched": 6,
          "Single Copy": false,
          "Plans": [
            {
              "Node Type": "Aggregate",
              "Strategy": "Plain",
              "Partial Mode": "Partial",
              "Parent Relationship": "Outer",
              "Parallel Aware": false,
              "Startup Cost": 470439.52,
              "Total Cost": 470439.53,
              "Plan Rows": 1,
              "Plan Width": 8,
              "Actual Startup Time": 2482.225,
              "Actual Total Time": 2482.574,
              "Actual Rows": 1,
              "Actual Loops": 7,
              "Plans": [
                {
                  "Node Type": "Hash Join",
                  "Parent Relationship": "Outer",
                  "Parallel Aware": true,
                  "Join Type": "Inner",
                  "Startup Cost": 99235.25,
                  "Total Cost": 460453.24,
                  "Plan Rows": 3994511,
                  "Plan Width": 0,
                  "Actual Startup Time": 412.311,
                  "Actual Total Time": 2315.122,
                  "Actual Rows": 3203218,
                  "Actual Loops": 7,
                  "Inner Unique": false,
                  "Hash Cond": "(ci.movie_id = t.id)",
                  "Plans": [
                    {
                      "Node Type": "Seq Scan",
                      "Parent Relationship": "Outer",
                      "Parallel Aware": true,
                      "Relation Name": "cast_info",
                      "Alias": "ci",
                      "Startup Cost": 0.0,
                      "Total Cost": 328211.39,
                      "Plan Rows": 5365620,
                      "Plan Width": 4,
                      "Actual Startup Time": 0.039,
                      "Actual Total Time": 741.303,
                      "Actual Rows": 4604442,
                      "Actual Loops": 7,
                      "Filter": "(person_id < 3321660)",
                      "Rows Removed by Filter": 573321
                    },
                    {
                      "Node Type": "Hash",
                      "Parent Relationship": "Inner",
                      "Parallel Aware": true,
                      "Startup Cost": 91645.25,
                      "Total Cost": 91645.25,
                      "Plan Rows": 607200,
                      "Plan Width": 8,
                      "Actual Startup Time": 407.925,
                      "Actual Total Time": 408.271,
                      "Actual Rows": 120316,
                      "Actual Loops": 7,
                      "Hash Buckets": 2097152,
                      "Original Hash Buckets": 2097152,
                      "Hash Batches": 1,
                      "Original Hash Batches": 1,
                      "Peak Memory Usage": 49472,
                      "Plans": [
                        {
                          "Node Type": "Hash Join",
                          "Parent Relationship": "Outer",
                          "Parallel Aware": true,
                          "Join Type": "Inner",
                          "Startup Cost": 48767.17,
                          "Total Cost": 91645.25,
                          "Plan Rows": 607200,
                          "Plan Width": 8,
                          "Actual Startup Time": 199.357,
                          "Actual Total Time": 358.096,
                          "Actual Rows": 120316,
                          "Actual Loops": 7,
                          "Inner Unique": true,
                          "Hash Cond": "(mk.movie_id = t.id)",
                          "Plans": [
                            {
                              "Node Type": "Seq Scan",
                              "Parent Relationship": "Outer",
                              "Parallel Aware": true,
                              "Relation Name": "movie_keyword",
                              "Alias": "mk",
                              "Startup Cost": 0.0,
                              "Total Cost": 39047.32,
                              "Plan Rows": 1459332,
                              "Plan Width": 4,
                              "Actual Startup Time": 0.038,
                              "Actual Total Time": 67.532,
                              "Actual Rows": 646276,
                              "Actual Loops": 7
                            },
                            {
                              "Node Type": "Hash",
                              "Parent Relationship": "Inner",
                              "Parallel Aware": true,
                              "Startup Cost": 45479.59,
                              "Total Cost": 45479.59,
                              "Plan Rows": 263007,
                              "Plan Width": 4,
                              "Actual Startup Time": 196.476,
                              "Actual Total Time": 196.478,
                              "Actual Rows": 165187,
                              "Actual Loops": 7,
                              "Hash Buckets": 2097152,
                              "Original Hash Buckets": 2097152,
                              "Hash Batches": 1,
                              "Original Hash Batches": 1,
                              "Peak Memory Usage": 61696,
                              "Plans": [
                                {
                                  "Node Type": "Seq Scan",
                                  "Parent Relationship": "Outer",
                                  "Parallel Aware": true,
                                  "Relation Name": "title",
                                  "Alias": "t",
                                  "Startup Cost": 0.0,
                                  "Total Cost": 45479.59,
                                  "Plan Rows": 263007,
                                  "Plan Width": 4,
                                  "Actual Startup Time": 0.069,
                                  "Actual Total Time": 92.415,
                                  "Actual Rows": 165187,
                                  "Actual Loops": 7,
                                  "Filter": "((kind_id > 3) AND (production_year > 1996))",
                                  "Rows Removed by Filter": 196000
                                }
                              ]
                            }
                          ]
                        }
                      ]
                    }
                  ]
                }
              ]
            }
          ]
        }
      ]
    },
    "Planning Time": 1.209,
    "Triggers": [],
    "Execution Time": 2566.739
  }
]