{
  "Plan": {
    "Node Type": "Aggregate",
    "Strategy": "Plain",
    "Partial Mode": "Finalize",
    "Parallel Aware": false,
    "Startup Cost": 31406.94,
    "Total Cost": 31406.95,
    "Plan Rows": 1,
    "Plan Width": 8,
    "Actual Startup Time": 32.182,
    "Actual Total Time": 35.942,
    "Actual Rows": 1,
    "Actual Loops": 1,
    "Plans": [
      {
        "Node Type": "Gather",
        "Parent Relationship": "Outer",
        "Parallel Aware": false,
        "Startup Cost": 31406.83,
        "Total Cost": 31406.94,
        "Plan Rows": 1,
        "Plan Width": 8,
        "Actual Startup Time": 31.905,
        "Actual Total Time": 35.932,
        "Actual Rows": 2,
        "Actual Loops": 1,
        "Workers Planned": 1,
        "Workers Launched": 1,
        "Single Copy": false,
        "Plans": [
          {
            "Node Type": "Aggregate",
            "Strategy": "Plain",
            "Partial Mode": "Partial",
            "Parent Relationship": "Outer",
            "Parallel Aware": false,
            "Startup Cost": 30406.83,
            "Total Cost": 30406.84,
            "Plan Rows": 1,
            "Plan Width": 8,
            "Actual Startup Time": 25.795,
            "Actual Total Time": 25.797,
            "Actual Rows": 1,
            "Actual Loops": 2,
            "Plans": [
              {
                "Node Type": "Nested Loop",
                "Parent Relationship": "Outer",
                "Parallel Aware": false,
                "Join Type": "Inner",
                "Startup Cost": 94.01,
                "Total Cost": 30404.77,
                "Plan Rows": 824,
                "Plan Width": 0,
                "Actual Startup Time": 12.352,
                "Actual Total Time": 25.788,
                "Actual Rows": 9,
                "Actual Loops": 2,
                "Inner Unique": false,
                "Plans": [
                  {
                    "Node Type": "Nested Loop",
                    "Parent Relationship": "Outer",
                    "Parallel Aware": false,
                    "Join Type": "Inner",
                    "Startup Cost": 93.58,
                    "Total Cost": 29579.5,
                    "Plan Rows": 1509,
                    "Plan Width": 8,
                    "Actual Startup Time": 12.339,
                    "Actual Total Time": 25.71,
                    "Actual Rows": 4,
                    "Actual Loops": 2,
                    "Inner Unique": true,
                    "Plans": [
                      {
                        "Node Type": "Bitmap Heap Scan",
                        "Parent Relationship": "Outer",
                        "Parallel Aware": true,
                        "Relation Name": "movie_keyword",
                        "Alias": "mk",
                        "Startup Cost": 93.15,
                        "Total Cost": 11023.11,
                        "Plan Rows": 2484,
                        "Plan Width": 4,
                        "Actual Startup Time": 2.259,
                        "Actual Total Time": 8.222,
                        "Actual Rows": 2076,
                        "Actual Loops": 2,
                        "Recheck Cond": "(keyword_id = 3644)",
                        "Rows Removed by Index Recheck": 0,
                        "Exact Heap Blocks": 2244,
                        "Lossy Heap Blocks": 0,
                        "Plans": [
                          {
                            "Node Type": "Bitmap Index Scan",
                            "Parent Relationship": "Outer",
                            "Parallel Aware": false,
                            "Index Name": "keyword_id_movie_keyword",
                            "Startup Cost": 0.0,
                            "Total Cost": 92.1,
                            "Plan Rows": 4222,
                            "Plan Width": 0,
                            "Actual Startup Time": 3.081,
                            "Actual Total Time": 3.082,
                            "Actual Rows": 4151,
                            "Actual Loops": 1,
                            "Index Cond": "(keyword_id = 3644)"
                          }
                        ]
                      },
                      {
                        "Node Type": "Index Scan",
                        "Parent Relationship": "Inner",
                        "Parallel Aware": false,
                        "Scan Direction": "Forward",
                        "Index Name": "title_pkey",
                        "Relation Name": "title",
                        "Alias": "t",
                        "Startup Cost": 0.43,
                        "Total Cost": 7.47,
                        "Plan Rows": 1,
                        "Plan Width": 4,
                        "Actual Startup Time": 0.008,
                        "Actual Total Time": 0.008,
                        "Actual Rows": 0,
                        "Actual Loops": 4151,
                        "Index Cond": "(id = mk.movie_id)",
                        "Rows Removed by Index Recheck": 0,
                        "Filter": "(kind_id = 7)",
                        "Rows Removed by Filter": 1
                      }
                    ]
                  },
                  {
                    "Node Type": "Index Only Scan",
                    "Parent Relationship": "Inner",
                    "Parallel Aware": false,
                    "Scan Direction": "Forward",
                    "Index Name": "movie_id_movie_info_idx",
                    "Relation Name": "movie_info_idx",
                    "Alias": "mi_idx",
                    "Startup Cost": 0.43,
                    "Total Cost": 0.52,
                    "Plan Rows": 3,
                    "Plan Width": 4,
                    "Actual Startup Time": 0.014,
                    "Actual Total Time": 0.015,
                    "Actual Rows": 2,
                    "Actual Loops": 9,
                    "Index Cond": "(movie_id = t.id)",
                    "Rows Removed by Index Recheck": 0,
                    "Heap Fetches": 18
                  }
                ]
              }
            ]
          }
        ]
      }
    ]
  },
  "Planning Time": 1.025,
  "Triggers": [],
  "Execution Time": 36.04
}