[
  {
    "Plan": {
      "Node Type": "Aggregate",
      "Strategy": "Plain",
      "Partial Mode": "Finalize",
      "Parallel Aware": false,
      "Startup Cost": 423226.66,
      "Total Cost": 423226.67,
      "Plan Rows": 1,
      "Plan Width": 8,
      "Actual Startup Time": 1727.146,
      "Actual Total Time": 1796.618,
      "Actual Rows": 1,
      "Actual Loops": 1,
      "Plans": [
        {
          "Node Type": "Gather",
          "Parent Relationship": "Outer",
          "Parallel Aware": false,
          "Startup Cost": 423226.04,
          "Total Cost": 423226.65,
          "Plan Rows": 6,
          "Plan Width": 8,
          "Actual Startup Time": 1718.578,
          "Actual Total Time": 1796.605,
          "Actual Rows": 7,
          "Actual Loops": 1,
          "Workers Planned": 6,
          "Workers Launched": 6,
          "Single Copy": false,
          "Plans": [
            {
              "Node Type": "Aggregate",
              "Strategy": "Plain",
              "Partial Mode": "Partial",
              "Parent Relationship": "Outer",
              "Parallel Aware": false,
              "Startup Cost": 422226.04,
              "Total Cost": 422226.05,
              "Plan Rows": 1,
              "Plan Width": 8,
              "Actual Startup Time": 1708.009,
              "Actual Total Time": 1708.137,
              "Actual Rows": 1,
              "Actual Loops": 7,
              "Plans": [
                {
                  "Node Type": "Hash Join",
                  "Parent Relationship": "Outer",
                  "Parallel Aware": true,
                  "Join Type": "Inner",
                  "Startup Cost": 78709.48,
                  "Total Cost": 420576.78,
                  "Plan Rows": 659705,
                  "Plan Width": 0,
                  "Actual Startup Time": 278.656,
                  "Actual Total Time": 1620.373,
                  "Actual Rows": 1944414,
                  "Actual Loops": 7,
                  "Inner Unique": false,
                  "Hash Cond": "(ci.movie_id = t.id)",
                  "Plans": [
                    {
                      "Node Type": "Seq Scan",
                      "Parent Relationship": "Outer",
                      "Parallel Aware": true,
                      "Relation Name": "cast_info",
                      "Alias": "ci",
                      "Startup Cost": 0.0,
                      "Total Cost": 328162.03,
                      "Plan Rows": 3087252,
                      "Plan Width": 4,
                      "Actual Startup Time": 0.04,
                      "Actual Total Time": 611.043,
                      "Actual Rows": 2649994,
                      "Actual Loops": 7,
                      "Filter": "(person_id < 1845776)",
                      "Rows Removed by Filter": 2527769
                    },
                    {
                      "Node Type": "Hash",
                      "Parent Relationship": "Inner",
                      "Parallel Aware": true,
                      "Startup Cost": 76531.0,
                      "Total Cost": 76531.0,
                      "Plan Rows": 174278,
                      "Plan Width": 8,
                      "Actual Startup Time": 275.244,
                      "Actual Total Time": 275.371,
                      "Actual Rows": 112229,
                      "Actual Loops": 7,
                      "Hash Buckets": 1048576,
                      "Original Hash Buckets": 1048576,
                      "Hash Batches": 1,
                      "Original Hash Batches": 1,
                      "Peak Memory Usage": 39072,
                      "Plans": [
                        {
                          "Node Type": "Hash Join",
                          "Parent Relationship": "Outer",
                          "Parallel Aware": true,
                          "Join Type": "Inner",
                          "Startup Cost": 47115.11,
                          "Total Cost": 76531.0,
                          "Plan Rows": 174278,
                          "Plan Width": 8,
                          "Actual Startup Time": 112.961,
                          "Actual Total Time": 232.852,
                          "Actual Rows": 112229,
                          "Actual Loops": 7,
                          "Inner Unique": true,
                          "Hash Cond": "(mc.movie_id = t.id)",
                          "Plans": [
                            {
                              "Node Type": "Seq Scan",
                              "Parent Relationship": "Outer",
                              "Parallel Aware": true,
                              "Relation Name": "movie_companies",
                              "Alias": "mc",
                              "Startup Cost": 0.0,
                              "Total Cost": 27206.55,
                              "Plan Rows": 841655,
                              "Plan Width": 4,
                              "Actual Startup Time": 0.019,
                              "Actual Total Time": 41.516,
                              "Actual Rows": 372733,
                              "Actual Loops": 7
                            },
                            {
                              "Node Type": "Hash",
                              "Parent Relationship": "Inner",
                              "Parallel Aware": true,
                              "Startup Cost": 45479.1,
                              "Total Cost": 45479.1,
                              "Plan Rows": 130881,
                              "Plan Width": 4,
                              "Actual Startup Time": 112.042,
                              "Actual Total Time": 112.043,
                              "Actual Rows": 62988,
                              "Actual Loops": 7,
                              "Hash Buckets": 524288,
                              "Original Hash Buckets": 524288,
                              "Hash Batches": 1,
                              "Original Hash Batches": 1,
                              "Peak Memory Usage": 21504,
                              "Plans": [
                                {
                                  "Node Type": "Seq Scan",
                                  "Parent Relationship": "Outer",
                                  "Parallel Aware": true,
                                  "Relation Name": "title",
                                  "Alias": "t",
                                  "Startup Cost": 0.0,
                                  "Total Cost": 45479.1,
                                  "Plan Rows": 130881,
                                  "Plan Width": 4,
                                  "Actual Startup Time": 0.048,
                                  "Actual Total Time": 80.671,
                                  "Actual Rows": 62988,
                                  "Actual Loops": 7,
                                  "Filter": "((kind_id < 7) AND (production_year > 2001))",
                                  "Rows Removed by Filter": 298199
                                }
                              ]
                            }
                          ]
                        }
                      ]
                    }
                  ]
                }
              ]
            }
          ]
        }
      ]
    },
    "Planning Time": 1.412,
    "Triggers": [],
    "Execution Time": 1796.722
  }
]