{
  "Plan": {
    "Node Type": "Aggregate",
    "Strategy": "Plain",
    "Partial Mode": "Simple",
    "Parallel Aware": false,
    "Startup Cost": 2854318.7,
    "Total Cost": 2854318.71,
    "Plan Rows": 1,
    "Plan Width": 96,
    "Actual Startup Time": 27296.312,
    "Actual Total Time": 27296.455,
    "Actual Rows": 1,
    "Actual Loops": 1,
    "Plans": [
      {
        "Node Type": "Merge Join",
        "Parent Relationship": "Outer",
        "Parallel Aware": false,
        "Join Type": "Inner",
        "Startup Cost": 2670560.0,
        "Total Cost": 2854318.7,
        "Plan Rows": 1,
        "Plan Width": 39,
        "Actual Startup Time": 26358.226,
        "Actual Total Time": 27296.399,
        "Actual Rows": 93,
        "Actual Loops": 1,
        "Inner Unique": false,
        "Merge Cond": "(n.id = ci.person_id)",
        "Plans": [
          {
            "Node Type": "Index Only Scan",
            "Parent Relationship": "Outer",
            "Parallel Aware": false,
            "Scan Direction": "Forward",
            "Index Name": "name_pkey",
            "Relation Name": "name",
            "Alias": "n",
            "Startup Cost": 0.43,
            "Total Cost": 178171.22,
            "Plan Rows": 4167377,
            "Plan Width": 4,
            "Actual Startup Time": 0.04,
            "Actual Total Time": 826.261,
            "Actual Rows": 2677020,
            "Actual Loops": 1,
            "Heap Fetches": 2677020
          },
          {
            "Node Type": "Sort",
            "Parent Relationship": "Inner",
            "Parallel Aware": false,
            "Startup Cost": 2670559.57,
            "Total Cost": 2670559.58,
            "Plan Rows": 1,
            "Plan Width": 43,
            "Actual Startup Time": 26343.048,
            "Actual Total Time": 26343.217,
            "Actual Rows": 93,
            "Actual Loops": 1,
            "Sort Key": [
              "ci.person_id"
            ],
            "Sort Method": "quicksort",
            "Sort Space Used": 32,
            "Sort Space Type": "Memory",
            "Plans": [
              {
                "Node Type": "Merge Join",
                "Parent Relationship": "Outer",
                "Parallel Aware": false,
                "Join Type": "Inner",
                "Startup Cost": 2669144.95,
                "Total Cost": 2670559.56,
                "Plan Rows": 1,
                "Plan Width": 43,
                "Actual Startup Time": 26308.019,
                "Actual Total Time": 26343.146,
                "Actual Rows": 93,
                "Actual Loops": 1,
                "Inner Unique": true,
                "Merge Cond": "(ci.person_role_id = chn.id)",
                "Plans": [
                  {
                    "Node Type": "Sort",
                    "Parent Relationship": "Outer",
                    "Parallel Aware": false,
                    "Startup Cost": 2559975.3,
                    "Total Cost": 2559975.34,
                    "Plan Rows": 14,
                    "Plan Width": 31,
                    "Actual Startup Time": 25754.231,
                    "Actual Total Time": 25754.476,
                    "Actual Rows": 894,
                    "Actual Loops": 1,
                    "Sort Key": [
                      "ci.person_role_id"
                    ],
                    "Sort Method": "quicksort",
                    "Sort Space Used": 276,
                    "Sort Space Type": "Memory",
                    "Plans": [
                      {
                        "Node Type": "Merge Join",
                        "Parent Relationship": "Outer",
                        "Parallel Aware": false,
                        "Join Type": "Inner",
                        "Startup Cost": 395078.61,
                        "Total Cost": 2559975.03,
                        "Plan Rows": 14,
                        "Plan Width": 31,
                        "Actual Startup Time": 19915.995,
                        "Actual Total Time": 25753.901,
                        "Actual Rows": 2300,
                        "Actual Loops": 1,
                        "Inner Unique": false,
                        "Merge Cond": "(ci.movie_id = mk.movie_id)",
                        "Plans": [
                          {
                            "Node Type": "Index Scan",
                            "Parent Relationship": "Outer",
                            "Parallel Aware": false,
                            "Scan Direction": "Forward",
                            "Index Name": "movie_id_cast_info",
                            "Relation Name": "cast_info",
                            "Alias": "ci",
                            "Startup Cost": 0.56,
                            "Total Cost": 2074802.47,
                            "Plan Rows": 36257824,
                            "Plan Width": 12,
                            "Actual Startup Time": 0.012,
                            "Actual Total Time": 20605.047,
                            "Actual Rows": 33630889,
                            "Actual Loops": 1
                          },
                          {
                            "Node Type": "Materialize",
                            "Parent Relationship": "Inner",
                            "Parallel Aware": false,
                            "Startup Cost": 394847.03,
                            "Total Cost": 394847.04,
                            "Plan Rows": 1,
                            "Plan Width": 39,
                            "Actual Startup Time": 3002.388,
                            "Actual Total Time": 3002.685,
                            "Actual Rows": 1998,
                            "Actual Loops": 1,
                            "Plans": [
                              {
                                "Node Type": "Sort",
                                "Parent Relationship": "Outer",
                                "Parallel Aware": false,
                                "Startup Cost": 394847.03,
                                "Total Cost": 394847.03,
                                "Plan Rows": 1,
                                "Plan Width": 39,
                                "Actual Startup Time": 3002.384,
                                "Actual Total Time": 3002.525,
                                "Actual Rows": 6,
                                "Actual Loops": 1,
                                "Sort Key": [
                                  "mk.movie_id"
                                ],
                                "Sort Method": "quicksort",
                                "Sort Space Used": 25,
                                "Sort Space Type": "Memory",
                                "Plans": [
                                  {
                                    "Node Type": "Merge Join",
                                    "Parent Relationship": "Outer",
                                    "Parallel Aware": false,
                                    "Join Type": "Inner",
                                    "Startup Cost": 394846.99,
                                    "Total Cost": 394847.02,
                                    "Plan Rows": 1,
                                    "Plan Width": 39,
                                    "Actual Startup Time": 3002.377,
                                    "Actual Total Time": 3002.515,
                                    "Actual Rows": 6,
                                    "Actual Loops": 1,
                                    "Inner Unique": true,
                                    "Merge Cond": "(cc.subject_id = cct1.id)",
                                    "Plans": [
                                      {
                                        "Node Type": "Sort",
                                        "Parent Relationship": "Outer",
                                        "Parallel Aware": false,
                                        "Startup Cost": 394845.93,
                                        "Total Cost": 394845.94,
                                        "Plan Rows": 1,
                                        "Plan Width": 43,
                                        "Actual Startup Time": 3002.363,
                                        "Actual Total Time": 3002.499,
                                        "Actual Rows": 7,
                                        "Actual Loops": 1,
                                        "Sort Key": [
                                          "cc.subject_id"
                                        ],
                                        "Sort Method": "quicksort",
                                        "Sort Space Used": 25,
                                        "Sort Space Type": "Memory",
                                        "Plans": [
                                          {
                                            "Node Type": "Merge Join",
                                            "Parent Relationship": "Outer",
                                            "Parallel Aware": false,
                                            "Join Type": "Inner",
                                            "Startup Cost": 394845.9,
                                            "Total Cost": 394845.92,
                                            "Plan Rows": 1,
                                            "Plan Width": 43,
                                            "Actual Startup Time": 3002.355,
                                            "Actual Total Time": 3002.492,
                                            "Actual Rows": 10,
                                            "Actual Loops": 1,
                                            "Inner Unique": true,
                                            "Merge Cond": "(cc.status_id = cct2.id)",
                                            "Plans": [
                                              {
                                                "Node Type": "Sort",
                                                "Parent Relationship": "Outer",
                                                "Parallel Aware": false,
                                                "Startup Cost": 394844.84,
                                                "Total Cost": 394844.84,
                                                "Plan Rows": 1,
                                                "Plan Width": 47,
                                                "Actual Startup Time": 3002.329,
                                                "Actual Total Time": 3002.462,
                                                "Actual Rows": 10,
                                                "Actual Loops": 1,
                                                "Sort Key": [
                                                  "cc.status_id"
                                                ],
                                                "Sort Method": "quicksort",
                                                "Sort Space Used": 25,
                                                "Sort Space Type": "Memory",
                                                "Plans": [
                                                  {
                                                    "Node Type": "Merge Join",
                                                    "Parent Relationship": "Outer",
                                                    "Parallel Aware": false,
                                                    "Join Type": "Inner",
                                                    "Startup Cost": 394844.8,
                                                    "Total Cost": 394844.83,
                                                    "Plan Rows": 1,
                                                    "Plan Width": 47,
                                                    "Actual Startup Time": 3002.32,
                                                    "Actual Total Time": 3002.454,
                                                    "Actual Rows": 10,
                                                    "Actual Loops": 1,
                                                    "Inner Unique": true,
                                                    "Merge Cond": "(t.kind_id = kt.id)",
                                                    "Plans": [
                                                      {
                                                        "Node Type": "Sort",
                                                        "Parent Relationship": "Outer",
                                                        "Parallel Aware": false,
                                                        "Startup Cost": 394843.71,
                                                        "Total Cost": 394843.71,
                                                        "Plan Rows": 1,
                                                        "Plan Width": 51,
                                                        "Actual Startup Time": 3002.288,
                                                        "Actual Total Time": 3002.418,
                                                        "Actual Rows": 11,
                                                        "Actual Loops": 1,
                                                        "Sort Key": [
                                                          "t.kind_id"
                                                        ],
                                                        "Sort Method": "quicksort",
                                                        "Sort Space Used": 30,
                                                        "Sort Space Type": "Memory",
                                                        "Plans": [
                                                          {
                                                            "Node Type": "Merge Join",
                                                            "Parent Relationship": "Outer",
                                                            "Parallel Aware": false,
                                                            "Join Type": "Inner",
                                                            "Startup Cost": 275750.42,
                                                            "Total Cost": 394843.7,
                                                            "Plan Rows": 1,
                                                            "Plan Width": 51,
                                                            "Actual Startup Time": 1977.376,
                                                            "Actual Total Time": 3002.375,
                                                            "Actual Rows": 53,
                                                            "Actual Loops": 1,
                                                            "Inner Unique": false,
                                                            "Merge Cond": "(t.id = mk.movie_id)",
                                                            "Plans": [
                                                              {
                                                                "Node Type": "Index Scan",
                                                                "Parent Relationship": "Outer",
                                                                "Parallel Aware": false,
                                                                "Scan Direction": "Forward",
                                                                "Index Name": "title_pkey",
                                                                "Relation Name": "title",
                                                                "Alias": "t",
                                                                "Startup Cost": 0.43,
                                                                "Total Cost": 116680.33,
                                                                "Plan Rows": 1022218,
                                                                "Plan Width": 25,
                                                                "Actual Startup Time": 0.022,
                                                                "Actual Total Time": 1055.462,
                                                                "Actual Rows": 1010298,
                                                                "Actual Loops": 1,
                                                                "Filter": "(production_year > 2005)",
                                                                "Rows Removed by Filter": 1506294
                                                              },
                                                              {
                                                                "Node Type": "Sort",
                                                                "Parent Relationship": "Inner",
                                                                "Parallel Aware": false,
                                                                "Startup Cost": 275736.46,
                                                                "Total Cost": 275736.46,
                                                                "Plan Rows": 1,
                                                                "Plan Width": 26,
                                                                "Actual Startup Time": 1895.692,
                                                                "Actual Total Time": 1895.872,
                                                                "Actual Rows": 144,
                                                                "Actual Loops": 1,
                                                                "Sort Key": [
                                                                  "mk.movie_id"
                                                                ],
                                                                "Sort Method": "quicksort",
                                                                "Sort Space Used": 36,
                                                                "Sort Space Type": "Memory",
                                                                "Plans": [
                                                                  {
                                                                    "Node Type": "Merge Join",
                                                                    "Parent Relationship": "Outer",
                                                                    "Parallel Aware": false,
                                                                    "Join Type": "Inner",
                                                                    "Startup Cost": 275736.34,
                                                                    "Total Cost": 275736.45,
                                                                    "Plan Rows": 1,
                                                                    "Plan Width": 26,
                                                                    "Actual Startup Time": 1895.638,
                                                                    "Actual Total Time": 1895.79,
                                                                    "Actual Rows": 144,
                                                                    "Actual Loops": 1,
                                                                    "Inner Unique": true,
                                                                    "Merge Cond": "(mi_idx.info_type_id = it2.id)",
                                                                    "Plans": [
                                                                      {
                                                                        "Node Type": "Sort",
                                                                        "Parent Relationship": "Outer",
                                                                        "Parallel Aware": false,
                                                                        "Startup Cost": 275733.91,
                                                                        "Total Cost": 275733.96,
                                                                        "Plan Rows": 20,
                                                                        "Plan Width": 30,
                                                                        "Actual Startup Time": 1895.578,
                                                                        "Actual Total Time": 1895.72,
                                                                        "Actual Rows": 456,
                                                                        "Actual Loops": 1,
                                                                        "Sort Key": [
                                                                          "mi_idx.info_type_id"
                                                                        ],
                                                                        "Sort Method": "quicksort",
                                                                        "Sort Space Used": 60,
                                                                        "Sort Space Type": "Memory",
                                                                        "Plans": [
                                                                          {
                                                                            "Node Type": "Merge Join",
                                                                            "Parent Relationship": "Outer",
                                                                            "Parallel Aware": false,
                                                                            "Join Type": "Inner",
                                                                            "Startup Cost": 268611.2,
                                                                            "Total Cost": 275733.48,
                                                                            "Plan Rows": 20,
                                                                            "Plan Width": 30,
                                                                            "Actual Startup Time": 1853.189,
                                                                            "Actual Total Time": 1895.584,
                                                                            "Actual Rows": 460,
                                                                            "Actual Loops": 1,
                                                                            "Inner Unique": false,
                                                                            "Merge Cond": "(mk.movie_id = mi_idx.movie_id)",
                                                                            "Plans": [
                                                                              {
                                                                                "Node Type": "Merge Join",
                                                                                "Parent Relationship": "Outer",
                                                                                "Parallel Aware": false,
                                                                                "Join Type": "Inner",
                                                                                "Startup Cost": 240828.68,
                                                                                "Total Cost": 247705.76,
                                                                                "Plan Rows": 187,
                                                                                "Plan Width": 16,
                                                                                "Actual Startup Time": 1761.924,
                                                                                "Actual Total Time": 1800.408,
                                                                                "Actual Rows": 3974,
                                                                                "Actual Loops": 1,
                                                                                "Inner Unique": false,
                                                                                "Merge Cond": "(cc.movie_id = mk.movie_id)",
                                                                                "Plans": [
                                                                                  {
                                                                                    "Node Type": "Index Scan",
                                                                                    "Parent Relationship": "Outer",
                                                                                    "Parallel Aware": false,
                                                                                    "Scan Direction": "Forward",
                                                                                    "Index Name": "movie_id_complete_cast",
                                                                                    "Relation Name": "complete_cast",
                                                                                    "Alias": "cc",
                                                                                    "Startup Cost": 0.42,
                                                                                    "Total Cost": 6650.11,
                                                                                    "Plan Rows": 135086,
                                                                                    "Plan Width": 12,
                                                                                    "Actual Startup Time": 0.019,
                                                                                    "Actual Total Time": 29.393,
                                                                                    "Actual Rows": 132405,
                                                                                    "Actual Loops": 1
                                                                                  },
                                                                                  {
                                                                                    "Node Type": "Sort",
                                                                                    "Parent Relationship": "Inner",
                                                                                    "Parallel Aware": false,
                                                                                    "Startup Cost": 240828.26,
                                                                                    "Total Cost": 240828.59,
                                                                                    "Plan Rows": 135,
                                                                                    "Plan Width": 4,
                                                                                    "Actual Startup Time": 1761.46,
                                                                                    "Actual Total Time": 1762.001,
                                                                                    "Actual Rows": 11234,
                                                                                    "Actual Loops": 1,
                                                                                    "Sort Key": [
                                                                                      "mk.movie_id"
                                                                                    ],
                                                                                    "Sort Method": "quicksort",
                                                                                    "Sort Space Used": 853,
                                                                                    "Sort Space Type": "Memory",
                                                                                    "Plans": [
                                                                                      {
                                                                                        "Node Type": "Merge Join",
                                                                                        "Parent Relationship": "Outer",
                                                                                        "Parallel Aware": false,
                                                                                        "Join Type": "Inner",
                                                                                        "Startup Cost": 3803.8,
                                                                                        "Total Cost": 240823.48,
                                                                                        "Plan Rows": 135,
                                                                                        "Plan Width": 4,
                                                                                        "Actual Startup Time": 354.824,
                                                                                        "Actual Total Time": 1759.922,
                                                                                        "Actual Rows": 9984,
                                                                                        "Actual Loops": 1,
                                                                                        "Inner Unique": true,
                                                                                        "Merge Cond": "(mk.keyword_id = k.id)",
                                                                                        "Plans": [
                                                                                          {
                                                                                            "Node Type": "Index Scan",
                                                                                            "Parent Relationship": "Outer",
                                                                                            "Parallel Aware": false,
                                                                                            "Scan Direction": "Forward",
                                                                                            "Index Name": "keyword_id_movie_keyword",
                                                                                            "Relation Name": "movie_keyword",
                                                                                            "Alias": "mk",
                                                                                            "Startup Cost": 0.43,
                                                                                            "Total Cost": 226550.7,
                                                                                            "Plan Rows": 4523930,
                                                                                            "Plan Width": 8,
                                                                                            "Actual Startup Time": 0.019,
                                                                                            "Actual Total Time": 1545.148,
                                                                                            "Actual Rows": 2796931,
                                                                                            "Actual Loops": 1
                                                                                          },
                                                                                          {
                                                                                            "Node Type": "Sort",
                                                                                            "Parent Relationship": "Inner",
                                                                                            "Parallel Aware": false,
                                                                                            "Startup Cost": 2961.59,
                                                                                            "Total Cost": 2961.6,
                                                                                            "Plan Rows": 4,
                                                                                            "Plan Width": 4,
                                                                                            "Actual Startup Time": 34.204,
                                                                                            "Actual Total Time": 34.215,
                                                                                            "Actual Rows": 4,
                                                                                            "Actual Loops": 1,
                                                                                            "Sort Key": [
                                                                                              "k.id"
                                                                                            ],
                                                                                            "Sort Method": "quicksort",
                                                                                            "Sort Space Used": 25,
                                                                                            "Sort Space Type": "Memory",
                                                                                            "Plans": [
                                                                                              {
                                                                                                "Node Type": "Seq Scan",
                                                                                                "Parent Relationship": "Outer",
                                                                                                "Parallel Aware": false,
                                                                                                "Relation Name": "keyword",
                                                                                                "Alias": "k",
                                                                                                "Startup Cost": 0.0,
                                                                                                "Total Cost": 2961.55,
                                                                                                "Plan Rows": 4,
                                                                                                "Plan Width": 4,
                                                                                                "Actual Startup Time": 0.214,
                                                                                                "Actual Total Time": 34.191,
                                                                                                "Actual Rows": 4,
                                                                                                "Actual Loops": 1,
                                                                                                "Filter": "(keyword = ANY ('{superhero,marvel-comics,based-on-comic,fight}'::text[]))",
                                                                                                "Rows Removed by Filter": 134166
                                                                                              }
                                                                                            ]
                                                                                          }
                                                                                        ]
                                                                                      }
                                                                                    ]
                                                                                  }
                                                                                ]
                                                                              },
                                                                              {
                                                                                "Node Type": "Sort",
                                                                                "Parent Relationship": "Inner",
                                                                                "Parallel Aware": false,
                                                                                "Startup Cost": 27782.51,
                                                                                "Total Cost": 27904.78,
                                                                                "Plan Rows": 48908,
                                                                                "Plan Width": 14,
                                                                                "Actual Startup Time": 90.023,
                                                                                "Actual Total Time": 92.098,
                                                                                "Actual Rows": 52776,
                                                                                "Actual Loops": 1,
                                                                                "Sort Key": [
                                                                                  "mi_idx.movie_id"
                                                                                ],
                                                                                "Sort Method": "quicksort",
                                                                                "Sort Space Used": 4022,
                                                                                "Sort Space Type": "Memory",
                                                                                "Plans": [
                                                                                  {
                                                                                    "Node Type": "Gather",
                                                                                    "Parent Relationship": "Outer",
                                                                                    "Parallel Aware": false,
                                                                                    "Startup Cost": 1000.0,
                                                                                    "Total Cost": 23973.12,
                                                                                    "Plan Rows": 48908,
                                                                                    "Plan Width": 14,
                                                                                    "Actual Startup Time": 0.361,
                                                                                    "Actual Total Time": 81.197,
                                                                                    "Actual Rows": 52629,
                                                                                    "Actual Loops": 1,
                                                                                    "Workers Planned": 1,
                                                                                    "Workers Launched": 1,
                                                                                    "Single Copy": false,
                                                                                    "Plans": [
                                                                                      {
                                                                                        "Node Type": "Seq Scan",
                                                                                        "Parent Relationship": "Outer",
                                                                                        "Parallel Aware": true,
                                                                                        "Relation Name": "movie_info_idx",
                                                                                        "Alias": "mi_idx",
                                                                                        "Startup Cost": 0.0,
                                                                                        "Total Cost": 18082.32,
                                                                                        "Plan Rows": 28769,
                                                                                        "Plan Width": 14,
                                                                                        "Actual Startup Time": 0.056,
                                                                                        "Actual Total Time": 71.897,
                                                                                        "Actual Rows": 26314,
                                                                                        "Actual Loops": 2,
                                                                                        "Filter": "(info > '8.0'::text)",
                                                                                        "Rows Removed by Filter": 663703
                                                                                      }
                                                                                    ]
                                                                                  }
                                                                                ]
                                                                              }
                                                                            ]
                                                                          }
                                                                        ]
                                                                      },
                                                                      {
                                                                        "Node Type": "Sort",
                                                                        "Parent Relationship": "Inner",
                                                                        "Parallel Aware": false,
                                                                        "Startup Cost": 2.42,
                                                                        "Total Cost": 2.43,
                                                                        "Plan Rows": 1,
                                                                        "Plan Width": 4,
                                                                        "Actual Startup Time": 0.027,
                                                                        "Actual Total Time": 0.028,
                                                                        "Actual Rows": 1,
                                                                        "Actual Loops": 1,
                                                                        "Sort Key": [
                                                                          "it2.id"
                                                                        ],
                                                                        "Sort Method": "quicksort",
                                                                        "Sort Space Used": 25,
                                                                        "Sort Space Type": "Memory",
                                                                        "Plans": [
                                                                          {
                                                                            "Node Type": "Seq Scan",
                                                                            "Parent Relationship": "Outer",
                                                                            "Parallel Aware": false,
                                                                            "Relation Name": "info_type",
                                                                            "Alias": "it2",
                                                                            "Startup Cost": 0.0,
                                                                            "Total Cost": 2.41,
                                                                            "Plan Rows": 1,
                                                                            "Plan Width": 4,
                                                                            "Actual Startup Time": 0.018,
                                                                            "Actual Total Time": 0.019,
                                                                            "Actual Rows": 1,
                                                                            "Actual Loops": 1,
                                                                            "Filter": "((info)::text = 'rating'::text)",
                                                                            "Rows Removed by Filter": 112
                                                                          }
                                                                        ]
                                                                      }
                                                                    ]
                                                                  }
                                                                ]
                                                              }
                                                            ]
                                                          }
                                                        ]
                                                      },
                                                      {
                                                        "Node Type": "Sort",
                                                        "Parent Relationship": "Inner",
                                                        "Parallel Aware": false,
                                                        "Startup Cost": 1.1,
                                                        "Total Cost": 1.1,
                                                        "Plan Rows": 1,
                                                        "Plan Width": 4,
                                                        "Actual Startup Time": 0.028,
                                                        "Actual Total Time": 0.029,
                                                        "Actual Rows": 1,
                                                        "Actual Loops": 1,
                                                        "Sort Key": [
                                                          "kt.id"
                                                        ],
                                                        "Sort Method": "quicksort",
                                                        "Sort Space Used": 25,
                                                        "Sort Space Type": "Memory",
                                                        "Plans": [
                                                          {
                                                            "Node Type": "Seq Scan",
                                                            "Parent Relationship": "Outer",
                                                            "Parallel Aware": false,
                                                            "Relation Name": "kind_type",
                                                            "Alias": "kt",
                                                            "Startup Cost": 0.0,
                                                            "Total Cost": 1.09,
                                                            "Plan Rows": 1,
                                                            "Plan Width": 4,
                                                            "Actual Startup Time": 0.017,
                                                            "Actual Total Time": 0.018,
                                                            "Actual Rows": 1,
                                                            "Actual Loops": 1,
                                                            "Filter": "((kind)::text = 'movie'::text)",
                                                            "Rows Removed by Filter": 6
                                                          }
                                                        ]
                                                      }
                                                    ]
                                                  }
                                                ]
                                              },
                                              {
                                                "Node Type": "Sort",
                                                "Parent Relationship": "Inner",
                                                "Parallel Aware": false,
                                                "Startup Cost": 1.06,
                                                "Total Cost": 1.06,
                                                "Plan Rows": 1,
                                                "Plan Width": 4,
                                                "Actual Startup Time": 0.022,
                                                "Actual Total Time": 0.024,
                                                "Actual Rows": 2,
                                                "Actual Loops": 1,
                                                "Sort Key": [
                                                  "cct2.id"
                                                ],
                                                "Sort Method": "quicksort",
                                                "Sort Space Used": 25,
                                                "Sort Space Type": "Memory",
                                                "Plans": [
                                                  {
                                                    "Node Type": "Seq Scan",
                                                    "Parent Relationship": "Outer",
                                                    "Parallel Aware": false,
                                                    "Relation Name": "comp_cast_type",
                                                    "Alias": "cct2",
                                                    "Startup Cost": 0.0,
                                                    "Total Cost": 1.05,
                                                    "Plan Rows": 1,
                                                    "Plan Width": 4,
                                                    "Actual Startup Time": 0.019,
                                                    "Actual Total Time": 0.02,
                                                    "Actual Rows": 2,
                                                    "Actual Loops": 1,
                                                    "Filter": "((kind)::text ~~ '%complete%'::text)",
                                                    "Rows Removed by Filter": 2
                                                  }
                                                ]
                                              }
                                            ]
                                          }
                                        ]
                                      },
                                      {
                                        "Node Type": "Sort",
                                        "Parent Relationship": "Inner",
                                        "Parallel Aware": false,
                                        "Startup Cost": 1.06,
                                        "Total Cost": 1.06,
                                        "Plan Rows": 1,
                                        "Plan Width": 4,
                                        "Actual Startup Time": 0.007,
                                        "Actual Total Time": 0.007,
                                        "Actual Rows": 1,
                                        "Actual Loops": 1,
                                        "Sort Key": [
                                          "cct1.id"
                                        ],
                                        "Sort Method": "quicksort",
                                        "Sort Space Used": 25,
                                        "Sort Space Type": "Memory",
                                        "Plans": [
                                          {
                                            "Node Type": "Seq Scan",
                                            "Parent Relationship": "Outer",
                                            "Parallel Aware": false,
                                            "Relation Name": "comp_cast_type",
                                            "Alias": "cct1",
                                            "Startup Cost": 0.0,
                                            "Total Cost": 1.05,
                                            "Plan Rows": 1,
                                            "Plan Width": 4,
                                            "Actual Startup Time": 0.003,
                                            "Actual Total Time": 0.004,
                                            "Actual Rows": 1,
                                            "Actual Loops": 1,
                                            "Filter": "((kind)::text = 'cast'::text)",
                                            "Rows Removed by Filter": 3
                                          }
                                        ]
                                      }
                                    ]
                                  }
                                ]
                              }
                            ]
                          }
                        ]
                      }
                    ]
                  },
                  {
                    "Node Type": "Sort",
                    "Parent Relationship": "Inner",
                    "Parallel Aware": false,
                    "Startup Cost": 109169.65,
                    "Total Cost": 109876.93,
                    "Plan Rows": 282914,
                    "Plan Width": 20,
                    "Actual Startup Time": 553.695,
                    "Actual Total Time": 572.509,
                    "Actual Rows": 178420,
                    "Actual Loops": 1,
                    "Sort Key": [
                      "chn.id"
                    ],
                    "Sort Method": "quicksort",
                    "Sort Space Used": 19675,
                    "Sort Space Type": "Memory",
                    "Plans": [
                      {
                        "Node Type": "Seq Scan",
                        "Parent Relationship": "Outer",
                        "Parallel Aware": false,
                        "Relation Name": "char_name",
                        "Alias": "chn",
                        "Startup Cost": 0.0,
                        "Total Cost": 83551.78,
                        "Plan Rows": 282914,
                        "Plan Width": 20,
                        "Actual Startup Time": 0.03,
                        "Actual Total Time": 507.844,
                        "Actual Rows": 180152,
                        "Actual Loops": 1,
                        "Filter": "((name IS NOT NULL) AND ((name ~~ '%man%'::text) OR (name ~~ '%Man%'::text)))",
                        "Rows Removed by Filter": 2960187
                      }
                    ]
                  }
                ]
              }
            ]
          }
        ]
      }
    ]
  },
  "Planning Time": 4.176,
  "Triggers": [],
  "Execution Time": 27296.706
}