[
  {
    "Plan": {
      "Node Type": "Aggregate",
      "Strategy": "Plain",
      "Partial Mode": "Finalize",
      "Parallel Aware": false,
      "Startup Cost": 46539.47,
      "Total Cost": 46539.48,
      "Plan Rows": 1,
      "Plan Width": 8,
      "Actual Startup Time": 152.379,
      "Actual Total Time": 162.146,
      "Actual Rows": 1,
      "Actual Loops": 1,
      "Plans": [
        {
          "Node Type": "Gather",
          "Parent Relationship": "Outer",
          "Parallel Aware": false,
          "Startup Cost": 46539.15,
          "Total Cost": 46539.46,
          "Plan Rows": 3,
          "Plan Width": 8,
          "Actual Startup Time": 152.257,
          "Actual Total Time": 162.135,
          "Actual Rows": 4,
          "Actual Loops": 1,
          "Workers Planned": 3,
          "Workers Launched": 3,
          "Single Copy": false,
          "Plans": [
            {
              "Node Type": "Aggregate",
              "Strategy": "Plain",
              "Partial Mode": "Partial",
              "Parent Relationship": "Outer",
              "Parallel Aware": false,
              "Startup Cost": 45539.15,
              "Total Cost": 45539.16,
              "Plan Rows": 1,
              "Plan Width": 8,
              "Actual Startup Time": 148.497,
              "Actual Total Time": 148.498,
              "Actual Rows": 1,
              "Actual Loops": 4,
              "Plans": [
                {
                  "Node Type": "Seq Scan",
                  "Parent Relationship": "Outer",
                  "Parallel Aware": true,
                  "Relation Name": "movie_keyword",
                  "Alias": "mk",
                  "Startup Cost": 0.0,
                  "Total Cost": 42695.65,
                  "Plan Rows": 1137400,
                  "Plan Width": 0,
                  "Actual Startup Time": 0.028,
                  "Actual Total Time": 112.21,
                  "Actual Rows": 881130,
                  "Actual Loops": 4,
                  "Filter": "(keyword_id < 18569)",
                  "Rows Removed by Filter": 249853
                }
              ]
            }
          ]
        }
      ]
    },
    "Planning Time": 0.228,
    "Triggers": [],
    "Execution Time": 162.219
  }
]