[
  {
    "Plan": {
      "Node Type": "Aggregate",
      "Strategy": "Plain",
      "Partial Mode": "Finalize",
      "Parallel Aware": false,
      "Startup Cost": 46537.24,
      "Total Cost": 46537.25,
      "Plan Rows": 1,
      "Plan Width": 8,
      "Actual Startup Time": 162.918,
      "Actual Total Time": 172.002,
      "Actual Rows": 1,
      "Actual Loops": 1,
      "Plans": [
        {
          "Node Type": "Gather",
          "Parent Relationship": "Outer",
          "Parallel Aware": false,
          "Startup Cost": 46536.92,
          "Total Cost": 46537.23,
          "Plan Rows": 3,
          "Plan Width": 8,
          "Actual Startup Time": 162.792,
          "Actual Total Time": 171.995,
          "Actual Rows": 4,
          "Actual Loops": 1,
          "Workers Planned": 3,
          "Workers Launched": 3,
          "Single Copy": false,
          "Plans": [
            {
              "Node Type": "Aggregate",
              "Strategy": "Plain",
              "Partial Mode": "Partial",
              "Parent Relationship": "Outer",
              "Parallel Aware": false,
              "Startup Cost": 45536.92,
              "Total Cost": 45536.93,
              "Plan Rows": 1,
              "Plan Width": 8,
              "Actual Startup Time": 155.89,
              "Actual Total Time": 155.891,
              "Actual Rows": 1,
              "Actual Loops": 4,
              "Plans": [
                {
                  "Node Type": "Seq Scan",
                  "Parent Relationship": "Outer",
                  "Parallel Aware": true,
                  "Relation Name": "movie_keyword",
                  "Alias": "mk",
                  "Startup Cost": 0.0,
                  "Total Cost": 42695.65,
                  "Plan Rows": 1136508,
                  "Plan Width": 0,
                  "Actual Startup Time": 0.046,
                  "Actual Total Time": 117.964,
                  "Actual Rows": 881130,
                  "Actual Loops": 4,
                  "Filter": "(keyword_id < 18569)",
                  "Rows Removed by Filter": 249853
                }
              ]
            }
          ]
        }
      ]
    },
    "Planning Time": 0.15,
    "Triggers": [],
    "Execution Time": 172.048
  }
]