{
  "Plan": {
    "Node Type": "Aggregate",
    "Strategy": "Plain",
    "Partial Mode": "Finalize",
    "Parallel Aware": false,
    "Startup Cost": 241059.72,
    "Total Cost": 241059.73,
    "Plan Rows": 1,
    "Plan Width": 8,
    "Actual Startup Time": 3498.785,
    "Actual Total Time": 3558.803,
    "Actual Rows": 1,
    "Actual Loops": 1,
    "Plans": [
      {
        "Node Type": "Gather",
        "Parent Relationship": "Outer",
        "Parallel Aware": false,
        "Startup Cost": 241059.61,
        "Total Cost": 241059.72,
        "Plan Rows": 1,
        "Plan Width": 8,
        "Actual Startup Time": 3498.183,
        "Actual Total Time": 3558.794,
        "Actual Rows": 2,
        "Actual Loops": 1,
        "Workers Planned": 1,
        "Workers Launched": 1,
        "Single Copy": false,
        "Plans": [
          {
            "Node Type": "Aggregate",
            "Strategy": "Plain",
            "Partial Mode": "Partial",
            "Parent Relationship": "Outer",
            "Parallel Aware": false,
            "Startup Cost": 240059.61,
            "Total Cost": 240059.62,
            "Plan Rows": 1,
            "Plan Width": 8,
            "Actual Startup Time": 3491.869,
            "Actual Total Time": 3491.873,
            "Actual Rows": 1,
            "Actual Loops": 2,
            "Plans": [
              {
                "Node Type": "Nested Loop",
                "Parent Relationship": "Outer",
                "Parallel Aware": false,
                "Join Type": "Inner",
                "Startup Cost": 26848.82,
                "Total Cost": 239697.79,
                "Plan Rows": 144728,
                "Plan Width": 0,
                "Actual Startup Time": 162.755,
                "Actual Total Time": 3457.771,
                "Actual Rows": 693630,
                "Actual Loops": 2,
                "Inner Unique": false,
                "Plans": [
                  {
                    "Node Type": "Hash Join",
                    "Parent Relationship": "Outer",
                    "Parallel Aware": true,
                    "Join Type": "Inner",
                    "Startup Cost": 26848.25,
                    "Total Cost": 88911.88,
                    "Plan Rows": 48652,
                    "Plan Width": 8,
                    "Actual Startup Time": 162.679,
                    "Actual Total Time": 420.546,
                    "Actual Rows": 107332,
                    "Actual Loops": 2,
                    "Inner Unique": false,
                    "Hash Cond": "(t.id = mc.movie_id)",
                    "Plans": [
                      {
                        "Node Type": "Seq Scan",
                        "Parent Relationship": "Outer",
                        "Parallel Aware": true,
                        "Relation Name": "title",
                        "Alias": "t",
                        "Startup Cost": 0.0,
                        "Total Cost": 58306.47,
                        "Plan Rows": 555355,
                        "Plan Width": 4,
                        "Actual Startup Time": 0.013,
                        "Actual Total Time": 138.404,
                        "Actual Rows": 463028,
                        "Actual Loops": 2,
                        "Filter": "((kind_id < 7) AND (production_year > 1913))",
                        "Rows Removed by Filter": 801128
                      },
                      {
                        "Node Type": "Hash",
                        "Parent Relationship": "Inner",
                        "Parallel Aware": true,
                        "Startup Cost": 25219.63,
                        "Total Cost": 25219.63,
                        "Plan Rows": 130290,
                        "Plan Width": 4,
                        "Actual Startup Time": 74.646,
                        "Actual Total Time": 74.648,
                        "Actual Rows": 109412,
                        "Actual Loops": 2,
                        "Hash Buckets": 262144,
                        "Original Hash Buckets": 262144,
                        "Hash Batches": 1,
                        "Original Hash Batches": 1,
                        "Peak Memory Usage": 10656,
                        "Plans": [
                          {
                            "Node Type": "Bitmap Heap Scan",
                            "Parent Relationship": "Outer",
                            "Parallel Aware": true,
                            "Relation Name": "movie_companies",
                            "Alias": "mc",
                            "Startup Cost": 4801.0,
                            "Total Cost": 25219.63,
                            "Plan Rows": 130290,
                            "Plan Width": 4,
                            "Actual Startup Time": 20.271,
                            "Actual Total Time": 50.308,
                            "Actual Rows": 109412,
                            "Actual Loops": 2,
                            "Recheck Cond": "(company_id > 108292)",
                            "Rows Removed by Index Recheck": 0,
                            "Exact Heap Blocks": 3151,
                            "Lossy Heap Blocks": 0,
                            "Plans": [
                              {
                                "Node Type": "Bitmap Index Scan",
                                "Parent Relationship": "Outer",
                                "Parallel Aware": false,
                                "Index Name": "company_id_movie_companies",
                                "Startup Cost": 0.0,
                                "Total Cost": 4745.63,
                                "Plan Rows": 221493,
                                "Plan Width": 0,
                                "Actual Startup Time": 21.827,
                                "Actual Total Time": 21.827,
                                "Actual Rows": 218825,
                                "Actual Loops": 1,
                                "Index Cond": "(company_id > 108292)"
                              }
                            ]
                          }
                        ]
                      }
                    ]
                  },
                  {
                    "Node Type": "Index Scan",
                    "Parent Relationship": "Inner",
                    "Parallel Aware": false,
                    "Scan Direction": "Forward",
                    "Index Name": "movie_id_cast_info",
                    "Relation Name": "cast_info",
                    "Alias": "ci",
                    "Startup Cost": 0.56,
                    "Total Cost": 3.02,
                    "Plan Rows": 8,
                    "Plan Width": 4,
                    "Actual Startup Time": 0.006,
                    "Actual Total Time": 0.028,
                    "Actual Rows": 6,
                    "Actual Loops": 214665,
                    "Index Cond": "(movie_id = t.id)",
                    "Rows Removed by Index Recheck": 0,
                    "Filter": "((person_id < 1007666) AND (role_id < 5))",
                    "Rows Removed by Filter": 20
                  }
                ]
              }
            ]
          }
        ]
      }
    ]
  },
  "Planning Time": 0.969,
  "Triggers": [],
  "Execution Time": 3558.933
}