[
  {
    "Plan": {
      "Node Type": "Aggregate",
      "Strategy": "Plain",
      "Partial Mode": "Finalize",
      "Parallel Aware": false,
      "Startup Cost": 350918.79,
      "Total Cost": 350918.8,
      "Plan Rows": 1,
      "Plan Width": 8,
      "Actual Startup Time": 859.565,
      "Actual Total Time": 918.925,
      "Actual Rows": 1,
      "Actual Loops": 1,
      "Plans": [
        {
          "Node Type": "Gather",
          "Parent Relationship": "Outer",
          "Parallel Aware": false,
          "Startup Cost": 350918.17,
          "Total Cost": 350918.78,
          "Plan Rows": 6,
          "Plan Width": 8,
          "Actual Startup Time": 859.352,
          "Actual Total Time": 918.911,
          "Actual Rows": 7,
          "Actual Loops": 1,
          "Workers Planned": 6,
          "Workers Launched": 6,
          "Single Copy": false,
          "Plans": [
            {
              "Node Type": "Aggregate",
              "Strategy": "Plain",
              "Partial Mode": "Partial",
              "Parent Relationship": "Outer",
              "Parallel Aware": false,
              "Startup Cost": 349918.17,
              "Total Cost": 349918.18,
              "Plan Rows": 1,
              "Plan Width": 8,
              "Actual Startup Time": 851.318,
              "Actual Total Time": 851.32,
              "Actual Rows": 1,
              "Actual Loops": 7,
              "Plans": [
                {
                  "Node Type": "Seq Scan",
                  "Parent Relationship": "Outer",
                  "Parallel Aware": true,
                  "Relation Name": "cast_info",
                  "Alias": "ci",
                  "Startup Cost": 0.0,
                  "Total Cost": 343316.27,
                  "Plan Rows": 2640758,
                  "Plan Width": 0,
                  "Actual Startup Time": 404.682,
                  "Actual Total Time": 749.186,
                  "Actual Rows": 2286947,
                  "Actual Loops": 7,
                  "Filter": "((person_id > 50594) AND (role_id > 2))",
                  "Rows Removed by Filter": 2890816
                }
              ]
            }
          ]
        }
      ]
    },
    "Planning Time": 0.104,
    "Triggers": [],
    "Execution Time": 918.969
  }
]