[
  {
    "Plan": {
      "Node Type": "Aggregate",
      "Strategy": "Plain",
      "Partial Mode": "Finalize",
      "Parallel Aware": false,
      "Startup Cost": 57752.91,
      "Total Cost": 57752.92,
      "Plan Rows": 1,
      "Plan Width": 8,
      "Actual Startup Time": 93.133,
      "Actual Total Time": 106.066,
      "Actual Rows": 1,
      "Actual Loops": 1,
      "Plans": [
        {
          "Node Type": "Gather",
          "Parent Relationship": "Outer",
          "Parallel Aware": false,
          "Startup Cost": 57752.49,
          "Total Cost": 57752.9,
          "Plan Rows": 4,
          "Plan Width": 8,
          "Actual Startup Time": 92.964,
          "Actual Total Time": 106.058,
          "Actual Rows": 5,
          "Actual Loops": 1,
          "Workers Planned": 4,
          "Workers Launched": 4,
          "Single Copy": false,
          "Plans": [
            {
              "Node Type": "Aggregate",
              "Strategy": "Plain",
              "Partial Mode": "Partial",
              "Parent Relationship": "Outer",
              "Parallel Aware": false,
              "Startup Cost": 56752.49,
              "Total Cost": 56752.5,
              "Plan Rows": 1,
              "Plan Width": 8,
              "Actual Startup Time": 87.395,
              "Actual Total Time": 87.398,
              "Actual Rows": 1,
              "Actual Loops": 5,
              "Plans": [
                {
                  "Node Type": "Nested Loop",
                  "Parent Relationship": "Outer",
                  "Parallel Aware": false,
                  "Join Type": "Inner",
                  "Startup Cost": 0.43,
                  "Total Cost": 56749.74,
                  "Plan Rows": 1099,
                  "Plan Width": 0,
                  "Actual Startup Time": 50.681,
                  "Actual Total Time": 87.273,
                  "Actual Rows": 1461,
                  "Actual Loops": 5,
                  "Inner Unique": false,
                  "Plans": [
                    {
                      "Node Type": "Seq Scan",
                      "Parent Relationship": "Outer",
                      "Parallel Aware": true,
                      "Relation Name": "title",
                      "Alias": "t",
                      "Startup Cost": 0.0,
                      "Total Cost": 45479.59,
                      "Plan Rows": 2014,
                      "Plan Width": 4,
                      "Actual Startup Time": 50.407,
                      "Actual Total Time": 78.02,
                      "Actual Rows": 1067,
                      "Actual Loops": 5,
                      "Filter": "((kind_id < 2) AND (production_year = 1994))",
                      "Rows Removed by Filter": 504595
                    },
                    {
                      "Node Type": "Index Only Scan",
                      "Parent Relationship": "Inner",
                      "Parallel Aware": false,
                      "Scan Direction": "Forward",
                      "Index Name": "movie_id_movie_info_idx",
                      "Relation Name": "movie_info_idx",
                      "Alias": "mi_idx",
                      "Startup Cost": 0.43,
                      "Total Cost": 5.57,
                      "Plan Rows": 3,
                      "Plan Width": 4,
                      "Actual Startup Time": 0.008,
                      "Actual Total Time": 0.008,
                      "Actual Rows": 1,
                      "Actual Loops": 5336,
                      "Index Cond": "(movie_id = t.id)",
                      "Rows Removed by Index Recheck": 0,
                      "Heap Fetches": 7305
                    }
                  ]
                }
              ]
            }
          ]
        }
      ]
    },
    "Planning Time": 0.238,
    "Triggers": [],
    "Execution Time": 106.099
  }
]