{
  "Plan": {
    "Node Type": "Aggregate",
    "Strategy": "Plain",
    "Partial Mode": "Finalize",
    "Parallel Aware": false,
    "Startup Cost": 120297.05,
    "Total Cost": 120297.06,
    "Plan Rows": 1,
    "Plan Width": 8,
    "Actual Startup Time": 790.28,
    "Actual Total Time": 810.626,
    "Actual Rows": 1,
    "Actual Loops": 1,
    "Plans": [
      {
        "Node Type": "Gather",
        "Parent Relationship": "Outer",
        "Parallel Aware": false,
        "Startup Cost": 120296.93,
        "Total Cost": 120297.04,
        "Plan Rows": 1,
        "Plan Width": 8,
        "Actual Startup Time": 784.7,
        "Actual Total Time": 810.618,
        "Actual Rows": 2,
        "Actual Loops": 1,
        "Workers Planned": 1,
        "Workers Launched": 1,
        "Single Copy": false,
        "Plans": [
          {
            "Node Type": "Aggregate",
            "Strategy": "Plain",
            "Partial Mode": "Partial",
            "Parent Relationship": "Outer",
            "Parallel Aware": false,
            "Startup Cost": 119296.93,
            "Total Cost": 119296.94,
            "Plan Rows": 1,
            "Plan Width": 8,
            "Actual Startup Time": 769.754,
            "Actual Total Time": 769.761,
            "Actual Rows": 1,
            "Actual Loops": 2,
            "Plans": [
              {
                "Node Type": "Hash Join",
                "Parent Relationship": "Outer",
                "Parallel Aware": true,
                "Join Type": "Inner",
                "Startup Cost": 99778.73,
                "Total Cost": 119171.32,
                "Plan Rows": 50244,
                "Plan Width": 0,
                "Actual Startup Time": 684.207,
                "Actual Total Time": 762.169,
                "Actual Rows": 185526,
                "Actual Loops": 2,
                "Inner Unique": false,
                "Hash Cond": "(mi_idx.movie_id = t.id)",
                "Plans": [
                  {
                    "Node Type": "Seq Scan",
                    "Parent Relationship": "Outer",
                    "Parallel Aware": true,
                    "Relation Name": "movie_info_idx",
                    "Alias": "mi_idx",
                    "Startup Cost": 0.0,
                    "Total Cost": 16052.85,
                    "Plan Rows": 811785,
                    "Plan Width": 4,
                    "Actual Startup Time": 0.023,
                    "Actual Total Time": 48.169,
                    "Actual Rows": 690018,
                    "Actual Loops": 2
                  },
                  {
                    "Node Type": "Hash",
                    "Parent Relationship": "Inner",
                    "Parallel Aware": true,
                    "Startup Cost": 98628.11,
                    "Total Cost": 98628.11,
                    "Plan Rows": 92049,
                    "Plan Width": 8,
                    "Actual Startup Time": 636.91,
                    "Actual Total Time": 636.915,
                    "Actual Rows": 75852,
                    "Actual Loops": 2,
                    "Hash Buckets": 262144,
                    "Original Hash Buckets": 262144,
                    "Hash Batches": 1,
                    "Original Hash Batches": 1,
                    "Peak Memory Usage": 8000,
                    "Plans": [
                      {
                        "Node Type": "Hash Join",
                        "Parent Relationship": "Outer",
                        "Parallel Aware": true,
                        "Join Type": "Inner",
                        "Startup Cost": 72781.88,
                        "Total Cost": 98628.11,
                        "Plan Rows": 92049,
                        "Plan Width": 8,
                        "Actual Startup Time": 559.186,
                        "Actual Total Time": 621.849,
                        "Actual Rows": 75852,
                        "Actual Loops": 2,
                        "Inner Unique": true,
                        "Hash Cond": "(mk.movie_id = t.id)",
                        "Plans": [
                          {
                            "Node Type": "Bitmap Heap Scan",
                            "Parent Relationship": "Outer",
                            "Parallel Aware": true,
                            "Relation Name": "movie_keyword",
                            "Alias": "mk",
                            "Startup Cost": 3321.18,
                            "Total Cost": 28925.79,
                            "Plan Rows": 92049,
                            "Plan Width": 4,
                            "Actual Startup Time": 11.171,
                            "Actual Total Time": 49.182,
                            "Actual Rows": 75852,
                            "Actual Loops": 2,
                            "Recheck Cond": "(keyword_id > 73686)",
                            "Rows Removed by Index Recheck": 0,
                            "Exact Heap Blocks": 11243,
                            "Lossy Heap Blocks": 0,
                            "Plans": [
                              {
                                "Node Type": "Bitmap Index Scan",
                                "Parent Relationship": "Outer",
                                "Parallel Aware": false,
                                "Index Name": "keyword_id_movie_keyword",
                                "Startup Cost": 0.0,
                                "Total Cost": 3282.05,
                                "Plan Rows": 156483,
                                "Plan Width": 0,
                                "Actual Startup Time": 8.343,
                                "Actual Total Time": 8.343,
                                "Actual Rows": 151705,
                                "Actual Loops": 1,
                                "Index Cond": "(keyword_id > 73686)"
                              }
                            ]
                          },
                          {
                            "Node Type": "Hash",
                            "Parent Relationship": "Inner",
                            "Parallel Aware": true,
                            "Startup Cost": 50870.31,
                            "Total Cost": 50870.31,
                            "Plan Rows": 1487231,
                            "Plan Width": 4,
                            "Actual Startup Time": 527.99,
                            "Actual Total Time": 527.991,
                            "Actual Rows": 1264156,
                            "Actual Loops": 2,
                            "Hash Buckets": 4194304,
                            "Original Hash Buckets": 4194304,
                            "Hash Batches": 1,
                            "Original Hash Batches": 1,
                            "Peak Memory Usage": 131680,
                            "Plans": [
                              {
                                "Node Type": "Seq Scan",
                                "Parent Relationship": "Outer",
                                "Parallel Aware": true,
                                "Relation Name": "title",
                                "Alias": "t",
                                "Startup Cost": 0.0,
                                "Total Cost": 50870.31,
                                "Plan Rows": 1487231,
                                "Plan Width": 4,
                                "Actual Startup Time": 0.025,
                                "Actual Total Time": 158.209,
                                "Actual Rows": 1264156,
                                "Actual Loops": 2
                              }
                            ]
                          }
                        ]
                      }
                    ]
                  }
                ]
              }
            ]
          }
        ]
      }
    ]
  },
  "Planning Time": 1.047,
  "Triggers": [],
  "Execution Time": 810.732
}