[
  {
    "Plan": {
      "Node Type": "Aggregate",
      "Strategy": "Plain",
      "Partial Mode": "Finalize",
      "Parallel Aware": false,
      "Startup Cost": 349413.42,
      "Total Cost": 349413.43,
      "Plan Rows": 1,
      "Plan Width": 8,
      "Actual Startup Time": 738.565,
      "Actual Total Time": 796.816,
      "Actual Rows": 1,
      "Actual Loops": 1,
      "Plans": [
        {
          "Node Type": "Gather",
          "Parent Relationship": "Outer",
          "Parallel Aware": false,
          "Startup Cost": 349412.8,
          "Total Cost": 349413.41,
          "Plan Rows": 6,
          "Plan Width": 8,
          "Actual Startup Time": 738.473,
          "Actual Total Time": 796.805,
          "Actual Rows": 7,
          "Actual Loops": 1,
          "Workers Planned": 6,
          "Workers Launched": 6,
          "Single Copy": false,
          "Plans": [
            {
              "Node Type": "Aggregate",
              "Strategy": "Plain",
              "Partial Mode": "Partial",
              "Parent Relationship": "Outer",
              "Parallel Aware": false,
              "Startup Cost": 348412.8,
              "Total Cost": 348412.81,
              "Plan Rows": 1,
              "Plan Width": 8,
              "Actual Startup Time": 728.058,
              "Actual Total Time": 728.06,
              "Actual Rows": 1,
              "Actual Loops": 7,
              "Plans": [
                {
                  "Node Type": "Seq Scan",
                  "Parent Relationship": "Outer",
                  "Parallel Aware": true,
                  "Relation Name": "cast_info",
                  "Alias": "ci",
                  "Startup Cost": 0.0,
                  "Total Cost": 343257.03,
                  "Plan Rows": 2062308,
                  "Plan Width": 0,
                  "Actual Startup Time": 267.771,
                  "Actual Total Time": 663.733,
                  "Actual Rows": 1437781,
                  "Actual Loops": 7,
                  "Filter": "((person_id > 2082131) AND (role_id < 8))",
                  "Rows Removed by Filter": 3739982
                }
              ]
            }
          ]
        }
      ]
    },
    "Planning Time": 0.244,
    "Triggers": [],
    "Execution Time": 796.888
  }
]