[
  {
    "Plan": {
      "Node Type": "Aggregate",
      "Strategy": "Plain",
      "Partial Mode": "Finalize",
      "Parallel Aware": false,
      "Startup Cost": 79133.98,
      "Total Cost": 79133.99,
      "Plan Rows": 1,
      "Plan Width": 8,
      "Actual Startup Time": 284.8,
      "Actual Total Time": 298.098,
      "Actual Rows": 1,
      "Actual Loops": 1,
      "Plans": [
        {
          "Node Type": "Gather",
          "Parent Relationship": "Outer",
          "Parallel Aware": false,
          "Startup Cost": 79133.67,
          "Total Cost": 79133.98,
          "Plan Rows": 3,
          "Plan Width": 8,
          "Actual Startup Time": 283.662,
          "Actual Total Time": 298.091,
          "Actual Rows": 4,
          "Actual Loops": 1,
          "Workers Planned": 3,
          "Workers Launched": 3,
          "Single Copy": false,
          "Plans": [
            {
              "Node Type": "Aggregate",
              "Strategy": "Plain",
              "Partial Mode": "Partial",
              "Parent Relationship": "Outer",
              "Parallel Aware": false,
              "Startup Cost": 78133.67,
              "Total Cost": 78133.68,
              "Plan Rows": 1,
              "Plan Width": 8,
              "Actual Startup Time": 275.762,
              "Actual Total Time": 275.765,
              "Actual Rows": 1,
              "Actual Loops": 4,
              "Plans": [
                {
                  "Node Type": "Hash Join",
                  "Parent Relationship": "Outer",
                  "Parallel Aware": true,
                  "Join Type": "Inner",
                  "Startup Cost": 46417.96,
                  "Total Cost": 77889.28,
                  "Plan Rows": 97753,
                  "Plan Width": 0,
                  "Actual Startup Time": 118.776,
                  "Actual Total Time": 272.909,
                  "Actual Rows": 53220,
                  "Actual Loops": 4,
                  "Inner Unique": true,
                  "Hash Cond": "(mc.movie_id = t.id)",
                  "Plans": [
                    {
                      "Node Type": "Seq Scan",
                      "Parent Relationship": "Outer",
                      "Parallel Aware": true,
                      "Relation Name": "movie_companies",
                      "Alias": "mc",
                      "Startup Cost": 0.0,
                      "Total Cost": 29310.68,
                      "Plan Rows": 823101,
                      "Plan Width": 4,
                      "Actual Startup Time": 0.032,
                      "Actual Total Time": 80.172,
                      "Actual Rows": 638125,
                      "Actual Loops": 4,
                      "Filter": "(company_id < 186322)",
                      "Rows Removed by Filter": 14158
                    },
                    {
                      "Node Type": "Hash",
                      "Parent Relationship": "Inner",
                      "Parallel Aware": true,
                      "Startup Cost": 45479.59,
                      "Total Cost": 45479.59,
                      "Plan Rows": 75070,
                      "Plan Width": 4,
                      "Actual Startup Time": 116.572,
                      "Actual Total Time": 116.573,
                      "Actual Rows": 44934,
                      "Actual Loops": 4,
                      "Hash Buckets": 524288,
                      "Original Hash Buckets": 524288,
                      "Hash Batches": 1,
                      "Original Hash Batches": 1,
                      "Peak Memory Usage": 11200,
                      "Plans": [
                        {
                          "Node Type": "Seq Scan",
                          "Parent Relationship": "Outer",
                          "Parallel Aware": true,
                          "Relation Name": "title",
                          "Alias": "t",
                          "Startup Cost": 0.0,
                          "Total Cost": 45479.59,
                          "Plan Rows": 75070,
                          "Plan Width": 4,
                          "Actual Startup Time": 0.041,
                          "Actual Total Time": 99.797,
                          "Actual Rows": 44934,
                          "Actual Loops": 4,
                          "Filter": "((kind_id > 1) AND (production_year < 1974))",
                          "Rows Removed by Filter": 587144
                        }
                      ]
                    }
                  ]
                }
              ]
            }
          ]
        }
      ]
    },
    "Planning Time": 0.201,
    "Triggers": [],
    "Execution Time": 298.126
  }
]