{
  "Plan": {
    "Node Type": "Aggregate",
    "Strategy": "Plain",
    "Partial Mode": "Simple",
    "Parallel Aware": false,
    "Startup Cost": 713.26,
    "Total Cost": 713.27,
    "Plan Rows": 1,
    "Plan Width": 8,
    "Actual Startup Time": 4.317,
    "Actual Total Time": 4.319,
    "Actual Rows": 1,
    "Actual Loops": 1,
    "Plans": [
      {
        "Node Type": "Nested Loop",
        "Parent Relationship": "Outer",
        "Parallel Aware": false,
        "Join Type": "Inner",
        "Startup Cost": 0.86,
        "Total Cost": 713.23,
        "Plan Rows": 11,
        "Plan Width": 0,
        "Actual Startup Time": 1.844,
        "Actual Total Time": 4.304,
        "Actual Rows": 22,
        "Actual Loops": 1,
        "Inner Unique": true,
        "Plans": [
          {
            "Node Type": "Index Scan",
            "Parent Relationship": "Outer",
            "Parallel Aware": false,
            "Scan Direction": "Forward",
            "Index Name": "company_id_movie_companies",
            "Relation Name": "movie_companies",
            "Alias": "mc",
            "Startup Cost": 0.43,
            "Total Cost": 273.83,
            "Plan Rows": 52,
            "Plan Width": 4,
            "Actual Startup Time": 1.812,
            "Actual Total Time": 2.16,
            "Actual Rows": 197,
            "Actual Loops": 1,
            "Index Cond": "(company_id = 125)",
            "Rows Removed by Index Recheck": 0,
            "Filter": "(company_type_id > 1)",
            "Rows Removed by Filter": 927
          },
          {
            "Node Type": "Index Scan",
            "Parent Relationship": "Inner",
            "Parallel Aware": false,
            "Scan Direction": "Forward",
            "Index Name": "title_pkey",
            "Relation Name": "title",
            "Alias": "t",
            "Startup Cost": 0.43,
            "Total Cost": 8.45,
            "Plan Rows": 1,
            "Plan Width": 4,
            "Actual Startup Time": 0.01,
            "Actual Total Time": 0.01,
            "Actual Rows": 0,
            "Actual Loops": 197,
            "Index Cond": "(id = mc.movie_id)",
            "Rows Removed by Index Recheck": 0,
            "Filter": "(production_year > 2009)",
            "Rows Removed by Filter": 1
          }
        ]
      }
    ]
  },
  "Planning Time": 0.456,
  "Triggers": [],
  "Execution Time": 4.385
}