[
  {
    "Plan": {
      "Node Type": "Aggregate",
      "Strategy": "Plain",
      "Partial Mode": "Finalize",
      "Parallel Aware": false,
      "Startup Cost": 119677.38,
      "Total Cost": 119677.39,
      "Plan Rows": 1,
      "Plan Width": 8,
      "Actual Startup Time": 226.391,
      "Actual Total Time": 240.759,
      "Actual Rows": 1,
      "Actual Loops": 1,
      "Plans": [
        {
          "Node Type": "Gather",
          "Parent Relationship": "Outer",
          "Parallel Aware": false,
          "Startup Cost": 119676.85,
          "Total Cost": 119677.36,
          "Plan Rows": 5,
          "Plan Width": 8,
          "Actual Startup Time": 226.282,
          "Actual Total Time": 240.749,
          "Actual Rows": 6,
          "Actual Loops": 1,
          "Workers Planned": 5,
          "Workers Launched": 5,
          "Single Copy": false,
          "Plans": [
            {
              "Node Type": "Aggregate",
              "Strategy": "Plain",
              "Partial Mode": "Partial",
              "Parent Relationship": "Outer",
              "Parallel Aware": false,
              "Startup Cost": 118676.85,
              "Total Cost": 118676.86,
              "Plan Rows": 1,
              "Plan Width": 8,
              "Actual Startup Time": 216.026,
              "Actual Total Time": 216.028,
              "Actual Rows": 1,
              "Actual Loops": 6,
              "Plans": [
                {
                  "Node Type": "Index Scan",
                  "Parent Relationship": "Outer",
                  "Parallel Aware": true,
                  "Scan Direction": "Forward",
                  "Index Name": "role_id_cast_info",
                  "Relation Name": "cast_info",
                  "Alias": "ci",
                  "Startup Cost": 0.56,
                  "Total Cost": 118067.1,
                  "Plan Rows": 243900,
                  "Plan Width": 0,
                  "Actual Startup Time": 0.178,
                  "Actual Total Time": 185.633,
                  "Actual Rows": 552609,
                  "Actual Loops": 6,
                  "Index Cond": "(role_id = 10)",
                  "Rows Removed by Index Recheck": 0,
                  "Filter": "(person_id > 2705219)",
                  "Rows Removed by Filter": 167894
                }
              ]
            }
          ]
        }
      ]
    },
    "Planning Time": 0.244,
    "Triggers": [],
    "Execution Time": 240.825
  }
]