[
  {
    "Plan": {
      "Node Type": "Aggregate",
      "Strategy": "Plain",
      "Partial Mode": "Finalize",
      "Parallel Aware": false,
      "Startup Cost": 152162.32,
      "Total Cost": 152162.33,
      "Plan Rows": 1,
      "Plan Width": 8,
      "Actual Startup Time": 121.73,
      "Actual Total Time": 140.401,
      "Actual Rows": 1,
      "Actual Loops": 1,
      "Plans": [
        {
          "Node Type": "Gather",
          "Parent Relationship": "Outer",
          "Parallel Aware": false,
          "Startup Cost": 152161.9,
          "Total Cost": 152162.31,
          "Plan Rows": 4,
          "Plan Width": 8,
          "Actual Startup Time": 121.606,
          "Actual Total Time": 140.395,
          "Actual Rows": 5,
          "Actual Loops": 1,
          "Workers Planned": 4,
          "Workers Launched": 4,
          "Single Copy": false,
          "Plans": [
            {
              "Node Type": "Aggregate",
              "Strategy": "Plain",
              "Partial Mode": "Partial",
              "Parent Relationship": "Outer",
              "Parallel Aware": false,
              "Startup Cost": 151161.9,
              "Total Cost": 151161.91,
              "Plan Rows": 1,
              "Plan Width": 8,
              "Actual Startup Time": 111.85,
              "Actual Total Time": 111.852,
              "Actual Rows": 1,
              "Actual Loops": 5,
              "Plans": [
                {
                  "Node Type": "Nested Loop",
                  "Parent Relationship": "Outer",
                  "Parallel Aware": false,
                  "Join Type": "Inner",
                  "Startup Cost": 0.43,
                  "Total Cost": 151148.89,
                  "Plan Rows": 5203,
                  "Plan Width": 0,
                  "Actual Startup Time": 58.765,
                  "Actual Total Time": 111.173,
                  "Actual Rows": 9763,
                  "Actual Loops": 5,
                  "Inner Unique": false,
                  "Plans": [
                    {
                      "Node Type": "Seq Scan",
                      "Parent Relationship": "Outer",
                      "Parallel Aware": true,
                      "Relation Name": "title",
                      "Alias": "t",
                      "Startup Cost": 0.0,
                      "Total Cost": 45479.1,
                      "Plan Rows": 890,
                      "Plan Width": 4,
                      "Actual Startup Time": 58.666,
                      "Actual Total Time": 80.419,
                      "Actual Rows": 856,
                      "Actual Loops": 5,
                      "Filter": "((kind_id = 1) AND (production_year = 1978))",
                      "Rows Removed by Filter": 504806
                    },
                    {
                      "Node Type": "Index Only Scan",
                      "Parent Relationship": "Inner",
                      "Parallel Aware": false,
                      "Scan Direction": "Forward",
                      "Index Name": "movie_id_movie_info",
                      "Relation Name": "movie_info",
                      "Alias": "mi",
                      "Startup Cost": 0.43,
                      "Total Cost": 118.31,
                      "Plan Rows": 42,
                      "Plan Width": 4,
                      "Actual Startup Time": 0.013,
                      "Actual Total Time": 0.035,
                      "Actual Rows": 11,
                      "Actual Loops": 4281,
                      "Index Cond": "(movie_id = t.id)",
                      "Rows Removed by Index Recheck": 0,
                      "Heap Fetches": 48815
                    }
                  ]
                }
              ]
            }
          ]
        }
      ]
    },
    "Planning Time": 0.596,
    "Triggers": [],
    "Execution Time": 140.468
  }
]