{
  "Plan": {
    "Node Type": "Aggregate",
    "Strategy": "Plain",
    "Partial Mode": "Finalize",
    "Parallel Aware": false,
    "Startup Cost": 108526.9,
    "Total Cost": 108526.91,
    "Plan Rows": 1,
    "Plan Width": 8,
    "Actual Startup Time": 686.953,
    "Actual Total Time": 703.794,
    "Actual Rows": 1,
    "Actual Loops": 1,
    "Plans": [
      {
        "Node Type": "Gather",
        "Parent Relationship": "Outer",
        "Parallel Aware": false,
        "Startup Cost": 108526.79,
        "Total Cost": 108526.9,
        "Plan Rows": 1,
        "Plan Width": 8,
        "Actual Startup Time": 683.939,
        "Actual Total Time": 703.787,
        "Actual Rows": 2,
        "Actual Loops": 1,
        "Workers Planned": 1,
        "Workers Launched": 1,
        "Single Copy": false,
        "Plans": [
          {
            "Node Type": "Aggregate",
            "Strategy": "Plain",
            "Partial Mode": "Partial",
            "Parent Relationship": "Outer",
            "Parallel Aware": false,
            "Startup Cost": 107526.79,
            "Total Cost": 107526.8,
            "Plan Rows": 1,
            "Plan Width": 8,
            "Actual Startup Time": 675.874,
            "Actual Total Time": 675.878,
            "Actual Rows": 1,
            "Actual Loops": 2,
            "Plans": [
              {
                "Node Type": "Hash Join",
                "Parent Relationship": "Outer",
                "Parallel Aware": true,
                "Join Type": "Inner",
                "Startup Cost": 78604.93,
                "Total Cost": 106893.05,
                "Plan Rows": 253495,
                "Plan Width": 0,
                "Actual Startup Time": 553.39,
                "Actual Total Time": 666.535,
                "Actual Rows": 209700,
                "Actual Loops": 2,
                "Inner Unique": true,
                "Hash Cond": "(mk.movie_id = t.id)",
                "Plans": [
                  {
                    "Node Type": "Bitmap Heap Scan",
                    "Parent Relationship": "Outer",
                    "Parallel Aware": true,
                    "Relation Name": "movie_keyword",
                    "Alias": "mk",
                    "Startup Cost": 9144.23,
                    "Total Cost": 36766.92,
                    "Plan Rows": 253495,
                    "Plan Width": 4,
                    "Actual Startup Time": 26.608,
                    "Actual Total Time": 82.609,
                    "Actual Rows": 209700,
                    "Actual Loops": 2,
                    "Recheck Cond": "(keyword_id > 41522)",
                    "Rows Removed by Index Recheck": 0,
                    "Exact Heap Blocks": 12927,
                    "Lossy Heap Blocks": 0,
                    "Plans": [
                      {
                        "Node Type": "Bitmap Index Scan",
                        "Parent Relationship": "Outer",
                        "Parallel Aware": false,
                        "Index Name": "keyword_id_movie_keyword",
                        "Startup Cost": 0.0,
                        "Total Cost": 9036.5,
                        "Plan Rows": 430942,
                        "Plan Width": 0,
                        "Actual Startup Time": 23.273,
                        "Actual Total Time": 23.274,
                        "Actual Rows": 419401,
                        "Actual Loops": 1,
                        "Index Cond": "(keyword_id > 41522)"
                      }
                    ]
                  },
                  {
                    "Node Type": "Hash",
                    "Parent Relationship": "Inner",
                    "Parallel Aware": true,
                    "Startup Cost": 50870.31,
                    "Total Cost": 50870.31,
                    "Plan Rows": 1487231,
                    "Plan Width": 4,
                    "Actual Startup Time": 511.56,
                    "Actual Total Time": 511.561,
                    "Actual Rows": 1264156,
                    "Actual Loops": 2,
                    "Hash Buckets": 4194304,
                    "Original Hash Buckets": 4194304,
                    "Hash Batches": 1,
                    "Original Hash Batches": 1,
                    "Peak Memory Usage": 131712,
                    "Plans": [
                      {
                        "Node Type": "Seq Scan",
                        "Parent Relationship": "Outer",
                        "Parallel Aware": true,
                        "Relation Name": "title",
                        "Alias": "t",
                        "Startup Cost": 0.0,
                        "Total Cost": 50870.31,
                        "Plan Rows": 1487231,
                        "Plan Width": 4,
                        "Actual Startup Time": 0.018,
                        "Actual Total Time": 146.501,
                        "Actual Rows": 1264156,
                        "Actual Loops": 2
                      }
                    ]
                  }
                ]
              }
            ]
          }
        ]
      }
    ]
  },
  "Planning Time": 0.327,
  "Triggers": [],
  "Execution Time": 703.845
}