[
  {
    "Plan": {
      "Node Type": "Aggregate",
      "Strategy": "Plain",
      "Partial Mode": "Finalize",
      "Parallel Aware": false,
      "Startup Cost": 149286.75,
      "Total Cost": 149286.76,
      "Plan Rows": 1,
      "Plan Width": 8,
      "Actual Startup Time": 146.487,
      "Actual Total Time": 167.088,
      "Actual Rows": 1,
      "Actual Loops": 1,
      "Plans": [
        {
          "Node Type": "Gather",
          "Parent Relationship": "Outer",
          "Parallel Aware": false,
          "Startup Cost": 149286.33,
          "Total Cost": 149286.74,
          "Plan Rows": 4,
          "Plan Width": 8,
          "Actual Startup Time": 146.353,
          "Actual Total Time": 167.08,
          "Actual Rows": 5,
          "Actual Loops": 1,
          "Workers Planned": 4,
          "Workers Launched": 4,
          "Single Copy": false,
          "Plans": [
            {
              "Node Type": "Aggregate",
              "Strategy": "Plain",
              "Partial Mode": "Partial",
              "Parent Relationship": "Outer",
              "Parallel Aware": false,
              "Startup Cost": 148286.33,
              "Total Cost": 148286.34,
              "Plan Rows": 1,
              "Plan Width": 8,
              "Actual Startup Time": 137.448,
              "Actual Total Time": 137.45,
              "Actual Rows": 1,
              "Actual Loops": 5,
              "Plans": [
                {
                  "Node Type": "Nested Loop",
                  "Parent Relationship": "Outer",
                  "Parallel Aware": false,
                  "Join Type": "Inner",
                  "Startup Cost": 0.43,
                  "Total Cost": 148273.54,
                  "Plan Rows": 5117,
                  "Plan Width": 0,
                  "Actual Startup Time": 1.819,
                  "Actual Total Time": 136.481,
                  "Actual Rows": 10436,
                  "Actual Loops": 5,
                  "Inner Unique": false,
                  "Plans": [
                    {
                      "Node Type": "Seq Scan",
                      "Parent Relationship": "Outer",
                      "Parallel Aware": true,
                      "Relation Name": "title",
                      "Alias": "t",
                      "Startup Cost": 0.0,
                      "Total Cost": 45479.59,
                      "Plan Rows": 872,
                      "Plan Width": 4,
                      "Actual Startup Time": 1.607,
                      "Actual Total Time": 91.29,
                      "Actual Rows": 992,
                      "Actual Loops": 5,
                      "Filter": "((kind_id < 7) AND (production_year = 1964))",
                      "Rows Removed by Filter": 504670
                    },
                    {
                      "Node Type": "Index Only Scan",
                      "Parent Relationship": "Inner",
                      "Parallel Aware": false,
                      "Scan Direction": "Forward",
                      "Index Name": "movie_id_movie_info",
                      "Relation Name": "movie_info",
                      "Alias": "mi",
                      "Startup Cost": 0.43,
                      "Total Cost": 117.47,
                      "Plan Rows": 41,
                      "Plan Width": 4,
                      "Actual Startup Time": 0.017,
                      "Actual Total Time": 0.044,
                      "Actual Rows": 11,
                      "Actual Loops": 4962,
                      "Index Cond": "(movie_id = t.id)",
                      "Rows Removed by Index Recheck": 0,
                      "Heap Fetches": 52178
                    }
                  ]
                }
              ]
            }
          ]
        }
      ]
    },
    "Planning Time": 0.625,
    "Triggers": [],
    "Execution Time": 167.167
  }
]