{
  "Plan": {
    "Node Type": "Aggregate",
    "Strategy": "Plain",
    "Partial Mode": "Simple",
    "Parallel Aware": false,
    "Startup Cost": 23468.6,
    "Total Cost": 23468.61,
    "Plan Rows": 1,
    "Plan Width": 96,
    "Actual Startup Time": 179.421,
    "Actual Total Time": 200.891,
    "Actual Rows": 1,
    "Actual Loops": 1,
    "Plans": [
      {
        "Node Type": "Gather",
        "Parent Relationship": "Outer",
        "Parallel Aware": false,
        "Startup Cost": 4781.16,
        "Total Cost": 23468.59,
        "Plan Rows": 1,
        "Plan Width": 48,
        "Actual Startup Time": 32.521,
        "Actual Total Time": 200.427,
        "Actual Rows": 1620,
        "Actual Loops": 1,
        "Workers Planned": 1,
        "Workers Launched": 1,
        "Single Copy": false,
        "Plans": [
          {
            "Node Type": "Hash Join",
            "Parent Relationship": "Outer",
            "Parallel Aware": false,
            "Join Type": "Inner",
            "Startup Cost": 3781.16,
            "Total Cost": 22468.49,
            "Plan Rows": 1,
            "Plan Width": 48,
            "Actual Startup Time": 73.756,
            "Actual Total Time": 147.46,
            "Actual Rows": 810,
            "Actual Loops": 2,
            "Inner Unique": true,
            "Hash Cond": "(pi.info_type_id = it3.id)",
            "Plans": [
              {
                "Node Type": "Nested Loop",
                "Parent Relationship": "Outer",
                "Parallel Aware": false,
                "Join Type": "Inner",
                "Startup Cost": 3778.74,
                "Total Cost": 22466.06,
                "Plan Rows": 1,
                "Plan Width": 52,
                "Actual Startup Time": 73.342,
                "Actual Total Time": 146.719,
                "Actual Rows": 2445,
                "Actual Loops": 2,
                "Inner Unique": false,
                "Join Filter": "(n.id = pi.person_id)",
                "Rows Removed by Join Filter": 0,
                "Plans": [
                  {
                    "Node Type": "Hash Join",
                    "Parent Relationship": "Outer",
                    "Parallel Aware": false,
                    "Join Type": "Inner",
                    "Startup Cost": 3778.31,
                    "Total Cost": 22464.59,
                    "Plan Rows": 1,
                    "Plan Width": 60,
                    "Actual Startup Time": 73.255,
                    "Actual Total Time": 145.521,
                    "Actual Rows": 15,
                    "Actual Loops": 2,
                    "Inner Unique": false,
                    "Hash Cond": "(an.person_id = n.id)",
                    "Plans": [
                      {
                        "Node Type": "Seq Scan",
                        "Parent Relationship": "Outer",
                        "Parallel Aware": true,
                        "Relation Name": "aka_name",
                        "Alias": "an",
                        "Startup Cost": 0.0,
                        "Total Cost": 16698.02,
                        "Plan Rows": 530202,
                        "Plan Width": 4,
                        "Actual Startup Time": 0.048,
                        "Actual Total Time": 62.488,
                        "Actual Rows": 450672,
                        "Actual Loops": 2
                      },
                      {
                        "Node Type": "Hash",
                        "Parent Relationship": "Inner",
                        "Parallel Aware": false,
                        "Startup Cost": 3778.3,
                        "Total Cost": 3778.3,
                        "Plan Rows": 1,
                        "Plan Width": 56,
                        "Actual Startup Time": 40.257,
                        "Actual Total Time": 40.291,
                        "Actual Rows": 10,
                        "Actual Loops": 2,
                        "Hash Buckets": 1024,
                        "Original Hash Buckets": 1024,
                        "Hash Batches": 1,
                        "Original Hash Batches": 1,
                        "Peak Memory Usage": 9,
                        "Plans": [
                          {
                            "Node Type": "Nested Loop",
                            "Parent Relationship": "Outer",
                            "Parallel Aware": false,
                            "Join Type": "Inner",
                            "Startup Cost": 15.76,
                            "Total Cost": 3778.3,
                            "Plan Rows": 1,
                            "Plan Width": 56,
                            "Actual Startup Time": 14.93,
                            "Actual Total Time": 40.275,
                            "Actual Rows": 10,
                            "Actual Loops": 2,
                            "Inner Unique": true,
                            "Plans": [
                              {
                                "Node Type": "Nested Loop",
                                "Parent Relationship": "Outer",
                                "Parallel Aware": false,
                                "Join Type": "Inner",
                                "Startup Cost": 15.34,
                                "Total Cost": 3777.85,
                                "Plan Rows": 1,
                                "Plan Width": 60,
                                "Actual Startup Time": 14.866,
                                "Actual Total Time": 39.599,
                                "Actual Rows": 44,
                                "Actual Loops": 2,
                                "Inner Unique": false,
                                "Join Filter": "(t.id = mc.movie_id)",
                                "Rows Removed by Join Filter": 0,
                                "Plans": [
                                  {
                                    "Node Type": "Nested Loop",
                                    "Parent Relationship": "Outer",
                                    "Parallel Aware": false,
                                    "Join Type": "Inner",
                                    "Startup Cost": 14.91,
                                    "Total Cost": 3777.24,
                                    "Plan Rows": 1,
                                    "Plan Width": 76,
                                    "Actual Startup Time": 14.801,
                                    "Actual Total Time": 39.477,
                                    "Actual Rows": 2,
                                    "Actual Loops": 2,
                                    "Inner Unique": true,
                                    "Plans": [
                                      {
                                        "Node Type": "Nested Loop",
                                        "Parent Relationship": "Outer",
                                        "Parallel Aware": false,
                                        "Join Type": "Inner",
                                        "Startup Cost": 14.78,
                                        "Total Cost": 3777.07,
                                        "Plan Rows": 1,
                                        "Plan Width": 80,
                                        "Actual Startup Time": 14.787,
                                        "Actual Total Time": 39.458,
                                        "Actual Rows": 2,
                                        "Actual Loops": 2,
                                        "Inner Unique": true,
                                        "Plans": [
                                          {
                                            "Node Type": "Nested Loop",
                                            "Parent Relationship": "Outer",
                                            "Parallel Aware": false,
                                            "Join Type": "Inner",
                                            "Startup Cost": 14.65,
                                            "Total Cost": 3776.9,
                                            "Plan Rows": 1,
                                            "Plan Width": 84,
                                            "Actual Startup Time": 14.768,
                                            "Actual Total Time": 39.432,
                                            "Actual Rows": 2,
                                            "Actual Loops": 2,
                                            "Inner Unique": false,
                                            "Join Filter": "(t.id = cc.movie_id)",
                                            "Rows Removed by Join Filter": 0,
                                            "Plans": [
                                              {
                                                "Node Type": "Nested Loop",
                                                "Parent Relationship": "Outer",
                                                "Parallel Aware": false,
                                                "Join Type": "Inner",
                                                "Startup Cost": 14.23,
                                                "Total Cost": 3776.42,
                                                "Plan Rows": 1,
                                                "Plan Width": 72,
                                                "Actual Startup Time": 14.713,
                                                "Actual Total Time": 39.365,
                                                "Actual Rows": 2,
                                                "Actual Loops": 2,
                                                "Inner Unique": true,
                                                "Join Filter": "(mi.info_type_id = it.id)",
                                                "Rows Removed by Join Filter": 0,
                                                "Plans": [
                                                  {
                                                    "Node Type": "Nested Loop",
                                                    "Parent Relationship": "Outer",
                                                    "Parallel Aware": false,
                                                    "Join Type": "Inner",
                                                    "Startup Cost": 14.23,
                                                    "Total Cost": 3774.0,
                                                    "Plan Rows": 1,
                                                    "Plan Width": 76,
                                                    "Actual Startup Time": 14.692,
                                                    "Actual Total Time": 39.33,
                                                    "Actual Rows": 2,
                                                    "Actual Loops": 2,
                                                    "Inner Unique": false,
                                                    "Join Filter": "(t.id = mi.movie_id)",
                                                    "Rows Removed by Join Filter": 0,
                                                    "Plans": [
                                                      {
                                                        "Node Type": "Nested Loop",
                                                        "Parent Relationship": "Outer",
                                                        "Parallel Aware": false,
                                                        "Join Type": "Inner",
                                                        "Startup Cost": 13.8,
                                                        "Total Cost": 3772.42,
                                                        "Plan Rows": 1,
                                                        "Plan Width": 68,
                                                        "Actual Startup Time": 14.499,
                                                        "Actual Total Time": 38.586,
                                                        "Actual Rows": 1,
                                                        "Actual Loops": 2,
                                                        "Inner Unique": true,
                                                        "Plans": [
                                                          {
                                                            "Node Type": "Hash Join",
                                                            "Parent Relationship": "Outer",
                                                            "Parallel Aware": false,
                                                            "Join Type": "Inner",
                                                            "Startup Cost": 13.37,
                                                            "Total Cost": 3771.52,
                                                            "Plan Rows": 1,
                                                            "Plan Width": 56,
                                                            "Actual Startup Time": 14.414,
                                                            "Actual Total Time": 38.499,
                                                            "Actual Rows": 1,
                                                            "Actual Loops": 2,
                                                            "Inner Unique": true,
                                                            "Hash Cond": "(ci.role_id = rt.id)",
                                                            "Plans": [
                                                              {
                                                                "Node Type": "Nested Loop",
                                                                "Parent Relationship": "Outer",
                                                                "Parallel Aware": false,
                                                                "Join Type": "Inner",
                                                                "Startup Cost": 12.21,
                                                                "Total Cost": 3770.36,
                                                                "Plan Rows": 1,
                                                                "Plan Width": 60,
                                                                "Actual Startup Time": 14.336,
                                                                "Actual Total Time": 38.413,
                                                                "Actual Rows": 1,
                                                                "Actual Loops": 2,
                                                                "Inner Unique": true,
                                                                "Plans": [
                                                                  {
                                                                    "Node Type": "Nested Loop",
                                                                    "Parent Relationship": "Outer",
                                                                    "Parallel Aware": false,
                                                                    "Join Type": "Inner",
                                                                    "Startup Cost": 11.78,
                                                                    "Total Cost": 3769.58,
                                                                    "Plan Rows": 1,
                                                                    "Plan Width": 41,
                                                                    "Actual Startup Time": 13.231,
                                                                    "Actual Total Time": 37.279,
                                                                    "Actual Rows": 38,
                                                                    "Actual Loops": 2,
                                                                    "Inner Unique": false,
                                                                    "Join Filter": "(t.id = ci.movie_id)",
                                                                    "Rows Removed by Join Filter": 0,
                                                                    "Plans": [
                                                                      {
                                                                        "Node Type": "Nested Loop",
                                                                        "Parent Relationship": "Outer",
                                                                        "Parallel Aware": false,
                                                                        "Join Type": "Inner",
                                                                        "Startup Cost": 11.21,
                                                                        "Total Cost": 3767.88,
                                                                        "Plan Rows": 1,
                                                                        "Plan Width": 25,
                                                                        "Actual Startup Time": 13.114,
                                                                        "Actual Total Time": 34.713,
                                                                        "Actual Rows": 1,
                                                                        "Actual Loops": 2,
                                                                        "Inner Unique": true,
                                                                        "Plans": [
                                                                          {
                                                                            "Node Type": "Nested Loop",
                                                                            "Parent Relationship": "Outer",
                                                                            "Parallel Aware": false,
                                                                            "Join Type": "Inner",
                                                                            "Startup Cost": 10.78,
                                                                            "Total Cost": 3751.04,
                                                                            "Plan Rows": 34,
                                                                            "Plan Width": 4,
                                                                            "Actual Startup Time": 0.605,
                                                                            "Actual Total Time": 23.511,
                                                                            "Actual Rows": 414,
                                                                            "Actual Loops": 2,
                                                                            "Inner Unique": false,
                                                                            "Plans": [
                                                                              {
                                                                                "Node Type": "Seq Scan",
                                                                                "Parent Relationship": "Outer",
                                                                                "Parallel Aware": false,
                                                                                "Relation Name": "keyword",
                                                                                "Alias": "k",
                                                                                "Startup Cost": 0.0,
                                                                                "Total Cost": 2626.12,
                                                                                "Plan Rows": 1,
                                                                                "Plan Width": 4,
                                                                                "Actual Startup Time": 0.143,
                                                                                "Actual Total Time": 18.672,
                                                                                "Actual Rows": 1,
                                                                                "Actual Loops": 2,
                                                                                "Filter": "(keyword = 'computer-animation'::text)",
                                                                                "Rows Removed by Filter": 134169
                                                                              },
                                                                              {
                                                                                "Node Type": "Bitmap Heap Scan",
                                                                                "Parent Relationship": "Inner",
                                                                                "Parallel Aware": false,
                                                                                "Relation Name": "movie_keyword",
                                                                                "Alias": "mk",
                                                                                "Startup Cost": 10.78,
                                                                                "Total Cost": 1121.89,
                                                                                "Plan Rows": 303,
                                                                                "Plan Width": 8,
                                                                                "Actual Startup Time": 0.444,
                                                                                "Actual Total Time": 4.663,
                                                                                "Actual Rows": 414,
                                                                                "Actual Loops": 2,
                                                                                "Recheck Cond": "(keyword_id = k.id)",
                                                                                "Rows Removed by Index Recheck": 0,
                                                                                "Exact Heap Blocks": 358,
                                                                                "Lossy Heap Blocks": 0,
                                                                                "Plans": [
                                                                                  {
                                                                                    "Node Type": "Bitmap Index Scan",
                                                                                    "Parent Relationship": "Outer",
                                                                                    "Parallel Aware": false,
                                                                                    "Index Name": "keyword_id_movie_keyword",
                                                                                    "Startup Cost": 0.0,
                                                                                    "Total Cost": 10.71,
                                                                                    "Plan Rows": 303,
                                                                                    "Plan Width": 0,
                                                                                    "Actual Startup Time": 0.292,
                                                                                    "Actual Total Time": 0.292,
                                                                                    "Actual Rows": 414,
                                                                                    "Actual Loops": 2,
                                                                                    "Index Cond": "(keyword_id = k.id)"
                                                                                  }
                                                                                ]
                                                                              }
                                                                            ]
                                                                          },
                                                                          {
                                                                            "Node Type": "Index Scan",
                                                                            "Parent Relationship": "Inner",
                                                                            "Parallel Aware": false,
                                                                            "Scan Direction": "Forward",
                                                                            "Index Name": "title_pkey",
                                                                            "Relation Name": "title",
                                                                            "Alias": "t",
                                                                            "Startup Cost": 0.43,
                                                                            "Total Cost": 0.49,
                                                                            "Plan Rows": 1,
                                                                            "Plan Width": 21,
                                                                            "Actual Startup Time": 0.026,
                                                                            "Actual Total Time": 0.026,
                                                                            "Actual Rows": 0,
                                                                            "Actual Loops": 828,
                                                                            "Index Cond": "(id = mk.movie_id)",
                                                                            "Rows Removed by Index Recheck": 0,
                                                                            "Filter": "((production_year >= 2000) AND (production_year <= 2010) AND (title = 'Shrek 2'::text))",
                                                                            "Rows Removed by Filter": 1
                                                                          }
                                                                        ]
                                                                      },
                                                                      {
                                                                        "Node Type": "Index Scan",
                                                                        "Parent Relationship": "Inner",
                                                                        "Parallel Aware": false,
                                                                        "Scan Direction": "Forward",
                                                                        "Index Name": "movie_id_cast_info",
                                                                        "Relation Name": "cast_info",
                                                                        "Alias": "ci",
                                                                        "Startup Cost": 0.56,
                                                                        "Total Cost": 1.69,
                                                                        "Plan Rows": 1,
                                                                        "Plan Width": 16,
                                                                        "Actual Startup Time": 0.112,
                                                                        "Actual Total Time": 2.543,
                                                                        "Actual Rows": 38,
                                                                        "Actual Loops": 2,
                                                                        "Index Cond": "(movie_id = mk.movie_id)",
                                                                        "Rows Removed by Index Recheck": 0,
                                                                        "Filter": "(note = ANY ('{(voice),\"(voice) (uncredited)\",\"(voice: English version)\"}'::text[]))",
                                                                        "Rows Removed by Filter": 191
                                                                      }
                                                                    ]
                                                                  },
                                                                  {
                                                                    "Node Type": "Index Scan",
                                                                    "Parent Relationship": "Inner",
                                                                    "Parallel Aware": false,
                                                                    "Scan Direction": "Forward",
                                                                    "Index Name": "name_pkey",
                                                                    "Relation Name": "name",
                                                                    "Alias": "n",
                                                                    "Startup Cost": 0.43,
                                                                    "Total Cost": 0.77,
                                                                    "Plan Rows": 1,
                                                                    "Plan Width": 19,
                                                                    "Actual Startup Time": 0.029,
                                                                    "Actual Total Time": 0.029,
                                                                    "Actual Rows": 0,
                                                                    "Actual Loops": 76,
                                                                    "Index Cond": "(id = ci.person_id)",
                                                                    "Rows Removed by Index Recheck": 0,
                                                                    "Filter": "((name ~~ '%An%'::text) AND ((gender)::text = 'f'::text))",
                                                                    "Rows Removed by Filter": 1
                                                                  }
                                                                ]
                                                              },
                                                              {
                                                                "Node Type": "Hash",
                                                                "Parent Relationship": "Inner",
                                                                "Parallel Aware": false,
                                                                "Startup Cost": 1.15,
                                                                "Total Cost": 1.15,
                                                                "Plan Rows": 1,
                                                                "Plan Width": 4,
                                                                "Actual Startup Time": 0.045,
                                                                "Actual Total Time": 0.047,
                                                                "Actual Rows": 1,
                                                                "Actual Loops": 2,
                                                                "Hash Buckets": 1024,
                                                                "Original Hash Buckets": 1024,
                                                                "Hash Batches": 1,
                                                                "Original Hash Batches": 1,
                                                                "Peak Memory Usage": 9,
                                                                "Plans": [
                                                                  {
                                                                    "Node Type": "Seq Scan",
                                                                    "Parent Relationship": "Outer",
                                                                    "Parallel Aware": false,
                                                                    "Relation Name": "role_type",
                                                                    "Alias": "rt",
                                                                    "Startup Cost": 0.0,
                                                                    "Total Cost": 1.15,
                                                                    "Plan Rows": 1,
                                                                    "Plan Width": 4,
                                                                    "Actual Startup Time": 0.034,
                                                                    "Actual Total Time": 0.038,
                                                                    "Actual Rows": 1,
                                                                    "Actual Loops": 2,
                                                                    "Filter": "((role)::text = 'actress'::text)",
                                                                    "Rows Removed by Filter": 11
                                                                  }
                                                                ]
                                                              }
                                                            ]
                                                          },
                                                          {
                                                            "Node Type": "Index Scan",
                                                            "Parent Relationship": "Inner",
                                                            "Parallel Aware": false,
                                                            "Scan Direction": "Forward",
                                                            "Index Name": "char_name_pkey",
                                                            "Relation Name": "char_name",
                                                            "Alias": "chn",
                                                            "Startup Cost": 0.43,
                                                            "Total Cost": 0.67,
                                                            "Plan Rows": 1,
                                                            "Plan Width": 20,
                                                            "Actual Startup Time": 0.081,
                                                            "Actual Total Time": 0.082,
                                                            "Actual Rows": 1,
                                                            "Actual Loops": 2,
                                                            "Index Cond": "(id = ci.person_role_id)",
                                                            "Rows Removed by Index Recheck": 0,
                                                            "Filter": "(name = 'Queen'::text)",
                                                            "Rows Removed by Filter": 0
                                                          }
                                                        ]
                                                      },
                                                      {
                                                        "Node Type": "Index Scan",
                                                        "Parent Relationship": "Inner",
                                                        "Parallel Aware": false,
                                                        "Scan Direction": "Forward",
                                                        "Index Name": "movie_id_movie_info",
                                                        "Relation Name": "movie_info",
                                                        "Alias": "mi",
                                                        "Startup Cost": 0.43,
                                                        "Total Cost": 1.55,
                                                        "Plan Rows": 2,
                                                        "Plan Width": 8,
                                                        "Actual Startup Time": 0.19,
                                                        "Actual Total Time": 0.736,
                                                        "Actual Rows": 2,
                                                        "Actual Loops": 2,
                                                        "Index Cond": "(movie_id = mk.movie_id)",
                                                        "Rows Removed by Index Recheck": 0,
                                                        "Filter": "((info IS NOT NULL) AND ((info ~~ 'Japan:%200%'::text) OR (info ~~ 'USA:%200%'::text)))",
                                                        "Rows Removed by Filter": 455
                                                      }
                                                    ]
                                                  },
                                                  {
                                                    "Node Type": "Seq Scan",
                                                    "Parent Relationship": "Inner",
                                                    "Parallel Aware": false,
                                                    "Relation Name": "info_type",
                                                    "Alias": "it",
                                                    "Startup Cost": 0.0,
                                                    "Total Cost": 2.41,
                                                    "Plan Rows": 1,
                                                    "Plan Width": 4,
                                                    "Actual Startup Time": 0.012,
                                                    "Actual Total Time": 0.012,
                                                    "Actual Rows": 1,
                                                    "Actual Loops": 4,
                                                    "Filter": "((info)::text = 'release dates'::text)",
                                                    "Rows Removed by Filter": 15
                                                  }
                                                ]
                                              },
                                              {
                                                "Node Type": "Index Scan",
                                                "Parent Relationship": "Inner",
                                                "Parallel Aware": false,
                                                "Scan Direction": "Forward",
                                                "Index Name": "movie_id_complete_cast",
                                                "Relation Name": "complete_cast",
                                                "Alias": "cc",
                                                "Startup Cost": 0.42,
                                                "Total Cost": 0.46,
                                                "Plan Rows": 2,
                                                "Plan Width": 12,
                                                "Actual Startup Time": 0.028,
                                                "Actual Total Time": 0.029,
                                                "Actual Rows": 1,
                                                "Actual Loops": 4,
                                                "Index Cond": "(movie_id = mk.movie_id)",
                                                "Rows Removed by Index Recheck": 0
                                              }
                                            ]
                                          },
                                          {
                                            "Node Type": "Index Scan",
                                            "Parent Relationship": "Inner",
                                            "Parallel Aware": false,
                                            "Scan Direction": "Forward",
                                            "Index Name": "comp_cast_type_pkey",
                                            "Relation Name": "comp_cast_type",
                                            "Alias": "cct1",
                                            "Startup Cost": 0.13,
                                            "Total Cost": 0.15,
                                            "Plan Rows": 1,
                                            "Plan Width": 4,
                                            "Actual Startup Time": 0.009,
                                            "Actual Total Time": 0.009,
                                            "Actual Rows": 1,
                                            "Actual Loops": 4,
                                            "Index Cond": "(id = cc.subject_id)",
                                            "Rows Removed by Index Recheck": 0,
                                            "Filter": "((kind)::text = 'cast'::text)",
                                            "Rows Removed by Filter": 0
                                          }
                                        ]
                                      },
                                      {
                                        "Node Type": "Index Scan",
                                        "Parent Relationship": "Inner",
                                        "Parallel Aware": false,
                                        "Scan Direction": "Forward",
                                        "Index Name": "comp_cast_type_pkey",
                                        "Relation Name": "comp_cast_type",
                                        "Alias": "cct2",
                                        "Startup Cost": 0.13,
                                        "Total Cost": 0.15,
                                        "Plan Rows": 1,
                                        "Plan Width": 4,
                                        "Actual Startup Time": 0.006,
                                        "Actual Total Time": 0.006,
                                        "Actual Rows": 1,
                                        "Actual Loops": 4,
                                        "Index Cond": "(id = cc.status_id)",
                                        "Rows Removed by Index Recheck": 0,
                                        "Filter": "((kind)::text = 'complete+verified'::text)",
                                        "Rows Removed by Filter": 0
                                      }
                                    ]
                                  },
                                  {
                                    "Node Type": "Index Scan",
                                    "Parent Relationship": "Inner",
                                    "Parallel Aware": false,
                                    "Scan Direction": "Forward",
                                    "Index Name": "movie_id_movie_companies",
                                    "Relation Name": "movie_companies",
                                    "Alias": "mc",
                                    "Startup Cost": 0.43,
                                    "Total Cost": 0.54,
                                    "Plan Rows": 5,
                                    "Plan Width": 8,
                                    "Actual Startup Time": 0.034,
                                    "Actual Total Time": 0.051,
                                    "Actual Rows": 22,
                                    "Actual Loops": 4,
                                    "Index Cond": "(movie_id = mk.movie_id)",
                                    "Rows Removed by Index Recheck": 0
                                  }
                                ]
                              },
                              {
                                "Node Type": "Index Scan",
                                "Parent Relationship": "Inner",
                                "Parallel Aware": false,
                                "Scan Direction": "Forward",
                                "Index Name": "company_name_pkey",
                                "Relation Name": "company_name",
                                "Alias": "cn",
                                "Startup Cost": 0.42,
                                "Total Cost": 0.45,
                                "Plan Rows": 1,
                                "Plan Width": 4,
                                "Actual Startup Time": 0.015,
                                "Actual Total Time": 0.015,
                                "Actual Rows": 0,
                                "Actual Loops": 88,
                                "Index Cond": "(id = mc.company_id)",
                                "Rows Removed by Index Recheck": 0,
                                "Filter": "((country_code)::text = '[us]'::text)",
                                "Rows Removed by Filter": 1
                              }
                            ]
                          }
                        ]
                      }
                    ]
                  },
                  {
                    "Node Type": "Index Scan",
                    "Parent Relationship": "Inner",
                    "Parallel Aware": false,
                    "Scan Direction": "Forward",
                    "Index Name": "person_id_person_info",
                    "Relation Name": "person_info",
                    "Alias": "pi",
                    "Startup Cost": 0.43,
                    "Total Cost": 1.16,
                    "Plan Rows": 25,
                    "Plan Width": 8,
                    "Actual Startup Time": 0.011,
                    "Actual Total Time": 0.047,
                    "Actual Rows": 163,
                    "Actual Loops": 30,
                    "Index Cond": "(person_id = an.person_id)",
                    "Rows Removed by Index Recheck": 0
                  }
                ]
              },
              {
                "Node Type": "Hash",
                "Parent Relationship": "Inner",
                "Parallel Aware": false,
                "Startup Cost": 2.41,
                "Total Cost": 2.41,
                "Plan Rows": 1,
                "Plan Width": 4,
                "Actual Startup Time": 0.099,
                "Actual Total Time": 0.101,
                "Actual Rows": 1,
                "Actual Loops": 2,
                "Hash Buckets": 1024,
                "Original Hash Buckets": 1024,
                "Hash Batches": 1,
                "Original Hash Batches": 1,
                "Peak Memory Usage": 9,
                "Plans": [
                  {
                    "Node Type": "Seq Scan",
                    "Parent Relationship": "Outer",
                    "Parallel Aware": false,
                    "Relation Name": "info_type",
                    "Alias": "it3",
                    "Startup Cost": 0.0,
                    "Total Cost": 2.41,
                    "Plan Rows": 1,
                    "Plan Width": 4,
                    "Actual Startup Time": 0.063,
                    "Actual Total Time": 0.081,
                    "Actual Rows": 1,
                    "Actual Loops": 2,
                    "Filter": "((info)::text = 'trivia'::text)",
                    "Rows Removed by Filter": 112
                  }
                ]
              }
            ]
          }
        ]
      }
    ]
  },
  "Planning Time": 6.563,
  "Triggers": [],
  "Execution Time": 201.274
}