[
  {
    "Plan": {
      "Node Type": "Aggregate",
      "Strategy": "Plain",
      "Partial Mode": "Finalize",
      "Parallel Aware": false,
      "Startup Cost": 50411.0,
      "Total Cost": 50411.01,
      "Plan Rows": 1,
      "Plan Width": 8,
      "Actual Startup Time": 114.598,
      "Actual Total Time": 130.685,
      "Actual Rows": 1,
      "Actual Loops": 1,
      "Plans": [
        {
          "Node Type": "Gather",
          "Parent Relationship": "Outer",
          "Parallel Aware": false,
          "Startup Cost": 50410.58,
          "Total Cost": 50410.99,
          "Plan Rows": 4,
          "Plan Width": 8,
          "Actual Startup Time": 114.455,
          "Actual Total Time": 130.674,
          "Actual Rows": 5,
          "Actual Loops": 1,
          "Workers Planned": 4,
          "Workers Launched": 4,
          "Single Copy": false,
          "Plans": [
            {
              "Node Type": "Aggregate",
              "Strategy": "Plain",
              "Partial Mode": "Partial",
              "Parent Relationship": "Outer",
              "Parallel Aware": false,
              "Startup Cost": 49410.58,
              "Total Cost": 49410.59,
              "Plan Rows": 1,
              "Plan Width": 8,
              "Actual Startup Time": 108.046,
              "Actual Total Time": 108.048,
              "Actual Rows": 1,
              "Actual Loops": 5,
              "Plans": [
                {
                  "Node Type": "Nested Loop",
                  "Parent Relationship": "Outer",
                  "Parallel Aware": false,
                  "Join Type": "Inner",
                  "Startup Cost": 0.43,
                  "Total Cost": 49409.86,
                  "Plan Rows": 287,
                  "Plan Width": 0,
                  "Actual Startup Time": 64.864,
                  "Actual Total Time": 108.015,
                  "Actual Rows": 148,
                  "Actual Loops": 5,
                  "Inner Unique": false,
                  "Plans": [
                    {
                      "Node Type": "Seq Scan",
                      "Parent Relationship": "Outer",
                      "Parallel Aware": true,
                      "Relation Name": "title",
                      "Alias": "t",
                      "Startup Cost": 0.0,
                      "Total Cost": 45479.59,
                      "Plan Rows": 526,
                      "Plan Width": 4,
                      "Actual Startup Time": 64.055,
                      "Actual Total Time": 96.72,
                      "Actual Rows": 1625,
                      "Actual Loops": 5,
                      "Filter": "((kind_id < 4) AND (production_year = 1914))",
                      "Rows Removed by Filter": 504037
                    },
                    {
                      "Node Type": "Index Only Scan",
                      "Parent Relationship": "Inner",
                      "Parallel Aware": false,
                      "Scan Direction": "Forward",
                      "Index Name": "movie_id_movie_info_idx",
                      "Relation Name": "movie_info_idx",
                      "Alias": "mi_idx",
                      "Startup Cost": 0.43,
                      "Total Cost": 7.44,
                      "Plan Rows": 3,
                      "Plan Width": 4,
                      "Actual Startup Time": 0.006,
                      "Actual Total Time": 0.006,
                      "Actual Rows": 0,
                      "Actual Loops": 8125,
                      "Index Cond": "(movie_id = t.id)",
                      "Rows Removed by Index Recheck": 0,
                      "Heap Fetches": 741
                    }
                  ]
                }
              ]
            }
          ]
        }
      ]
    },
    "Planning Time": 0.723,
    "Triggers": [],
    "Execution Time": 130.763
  }
]