[
  {
    "Plan": {
      "Node Type": "Aggregate",
      "Strategy": "Plain",
      "Partial Mode": "Finalize",
      "Parallel Aware": false,
      "Startup Cost": 47106.17,
      "Total Cost": 47106.18,
      "Plan Rows": 1,
      "Plan Width": 8,
      "Actual Startup Time": 106.345,
      "Actual Total Time": 117.872,
      "Actual Rows": 1,
      "Actual Loops": 1,
      "Plans": [
        {
          "Node Type": "Gather",
          "Parent Relationship": "Outer",
          "Parallel Aware": false,
          "Startup Cost": 47105.75,
          "Total Cost": 47106.16,
          "Plan Rows": 4,
          "Plan Width": 8,
          "Actual Startup Time": 106.095,
          "Actual Total Time": 117.863,
          "Actual Rows": 5,
          "Actual Loops": 1,
          "Workers Planned": 4,
          "Workers Launched": 4,
          "Single Copy": false,
          "Plans": [
            {
              "Node Type": "Aggregate",
              "Strategy": "Plain",
              "Partial Mode": "Partial",
              "Parent Relationship": "Outer",
              "Parallel Aware": false,
              "Startup Cost": 46105.75,
              "Total Cost": 46105.76,
              "Plan Rows": 1,
              "Plan Width": 8,
              "Actual Startup Time": 99.298,
              "Actual Total Time": 99.299,
              "Actual Rows": 1,
              "Actual Loops": 5,
              "Plans": [
                {
                  "Node Type": "Seq Scan",
                  "Parent Relationship": "Outer",
                  "Parallel Aware": true,
                  "Relation Name": "title",
                  "Alias": "t",
                  "Startup Cost": 0.0,
                  "Total Cost": 45479.1,
                  "Plan Rows": 250660,
                  "Plan Width": 0,
                  "Actual Startup Time": 0.032,
                  "Actual Total Time": 87.444,
                  "Actual Rows": 219819,
                  "Actual Loops": 5,
                  "Filter": "((production_year > 1994) AND (kind_id = 7))",
                  "Rows Removed by Filter": 285843
                }
              ]
            }
          ]
        }
      ]
    },
    "Planning Time": 0.143,
    "Triggers": [],
    "Execution Time": 117.917
  }
]