[
  {
    "Plan": {
      "Node Type": "Aggregate",
      "Strategy": "Plain",
      "Partial Mode": "Finalize",
      "Parallel Aware": false,
      "Startup Cost": 62001.98,
      "Total Cost": 62001.99,
      "Plan Rows": 1,
      "Plan Width": 8,
      "Actual Startup Time": 216.59,
      "Actual Total Time": 229.718,
      "Actual Rows": 1,
      "Actual Loops": 1,
      "Plans": [
        {
          "Node Type": "Gather",
          "Parent Relationship": "Outer",
          "Parallel Aware": false,
          "Startup Cost": 62001.77,
          "Total Cost": 62001.98,
          "Plan Rows": 2,
          "Plan Width": 8,
          "Actual Startup Time": 215.906,
          "Actual Total Time": 229.711,
          "Actual Rows": 3,
          "Actual Loops": 1,
          "Workers Planned": 2,
          "Workers Launched": 2,
          "Single Copy": false,
          "Plans": [
            {
              "Node Type": "Aggregate",
              "Strategy": "Plain",
              "Partial Mode": "Partial",
              "Parent Relationship": "Outer",
              "Parallel Aware": false,
              "Startup Cost": 61001.77,
              "Total Cost": 61001.78,
              "Plan Rows": 1,
              "Plan Width": 8,
              "Actual Startup Time": 208.691,
              "Actual Total Time": 208.694,
              "Actual Rows": 1,
              "Actual Loops": 3,
              "Plans": [
                {
                  "Node Type": "Hash Join",
                  "Parent Relationship": "Outer",
                  "Parallel Aware": true,
                  "Join Type": "Inner",
                  "Startup Cost": 45756.7,
                  "Total Cost": 60951.26,
                  "Plan Rows": 20203,
                  "Plan Width": 0,
                  "Actual Startup Time": 127.892,
                  "Actual Total Time": 206.843,
                  "Actual Rows": 44787,
                  "Actual Loops": 3,
                  "Inner Unique": true,
                  "Hash Cond": "(mi_idx.movie_id = t.id)",
                  "Plans": [
                    {
                      "Node Type": "Seq Scan",
                      "Parent Relationship": "Outer",
                      "Parallel Aware": true,
                      "Relation Name": "movie_info_idx",
                      "Alias": "mi_idx",
                      "Startup Cost": 0.0,
                      "Total Cost": 13685.15,
                      "Plan Rows": 575015,
                      "Plan Width": 4,
                      "Actual Startup Time": 0.021,
                      "Actual Total Time": 32.545,
                      "Actual Rows": 460012,
                      "Actual Loops": 3
                    },
                    {
                      "Node Type": "Hash",
                      "Parent Relationship": "Inner",
                      "Parallel Aware": true,
                      "Startup Cost": 45479.1,
                      "Total Cost": 45479.1,
                      "Plan Rows": 22208,
                      "Plan Width": 4,
                      "Actual Startup Time": 125.424,
                      "Actual Total Time": 125.425,
                      "Actual Rows": 69273,
                      "Actual Loops": 3,
                      "Hash Buckets": 262144,
                      "Original Hash Buckets": 131072,
                      "Hash Batches": 1,
                      "Original Hash Batches": 1,
                      "Peak Memory Usage": 11232,
                      "Plans": [
                        {
                          "Node Type": "Seq Scan",
                          "Parent Relationship": "Outer",
                          "Parallel Aware": true,
                          "Relation Name": "title",
                          "Alias": "t",
                          "Startup Cost": 0.0,
                          "Total Cost": 45479.1,
                          "Plan Rows": 22208,
                          "Plan Width": 4,
                          "Actual Startup Time": 0.228,
                          "Actual Total Time": 106.924,
                          "Actual Rows": 69273,
                          "Actual Loops": 3,
                          "Filter": "((kind_id < 4) AND (production_year < 1963))",
                          "Rows Removed by Filter": 773498
                        }
                      ]
                    }
                  ]
                }
              ]
            }
          ]
        }
      ]
    },
    "Planning Time": 0.577,
    "Triggers": [],
    "Execution Time": 229.784
  }
]