{
    "Plan": {
        "Node Type": "Aggregate",
        "Strategy": "Plain",
        "Partial Mode": "Finalize",
        "Parallel Aware": false,
        "Startup Cost": 401082.49,
        "Total Cost": 401082.5,
        "Plan Rows": 1,
        "Plan Width": 8,
        "Actual Startup Time": 1778.537,
        "Actual Total Time": 1826.203,
        "Actual Rows": 1,
        "Actual Loops": 1,
        "Output": [
            "count(*)"
        ],
        "Plans": [
            {
                "Node Type": "Gather",
                "Parent Relationship": "Outer",
                "Parallel Aware": false,
                "Startup Cost": 401081.86,
                "Total Cost": 401082.47,
                "Plan Rows": 6,
                "Plan Width": 8,
                "Actual Startup Time": 1768.07,
                "Actual Total Time": 1826.179,
                "Actual Rows": 7,
                "Actual Loops": 1,
                "Output": [
                    "(PARTIAL count(*))"
                ],
                "Workers Planned": 6,
                "Workers Launched": 6,
                "Single Copy": false,
                "Plans": [
                    {
                        "Node Type": "Aggregate",
                        "Strategy": "Plain",
                        "Partial Mode": "Partial",
                        "Parent Relationship": "Outer",
                        "Parallel Aware": false,
                        "Startup Cost": 400081.86,
                        "Total Cost": 400081.87,
                        "Plan Rows": 1,
                        "Plan Width": 8,
                        "Actual Startup Time": 1753.176,
                        "Actual Total Time": 1753.179,
                        "Actual Rows": 1,
                        "Actual Loops": 7,
                        "Output": [
                            "PARTIAL count(*)"
                        ],
                        "Workers": [
                            {
                                "Worker Number": 0,
                                "Actual Startup Time": 1750.46,
                                "Actual Total Time": 1750.463,
                                "Actual Rows": 1,
                                "Actual Loops": 1
                            },
                            {
                                "Worker Number": 1,
                                "Actual Startup Time": 1750.534,
                                "Actual Total Time": 1750.536,
                                "Actual Rows": 1,
                                "Actual Loops": 1
                            },
                            {
                                "Worker Number": 2,
                                "Actual Startup Time": 1751.631,
                                "Actual Total Time": 1751.634,
                                "Actual Rows": 1,
                                "Actual Loops": 1
                            },
                            {
                                "Worker Number": 3,
                                "Actual Startup Time": 1750.76,
                                "Actual Total Time": 1750.762,
                                "Actual Rows": 1,
                                "Actual Loops": 1
                            },
                            {
                                "Worker Number": 4,
                                "Actual Startup Time": 1750.749,
                                "Actual Total Time": 1750.752,
                                "Actual Rows": 1,
                                "Actual Loops": 1
                            },
                            {
                                "Worker Number": 5,
                                "Actual Startup Time": 1750.913,
                                "Actual Total Time": 1750.916,
                                "Actual Rows": 1,
                                "Actual Loops": 1
                            }
                        ],
                        "Plans": [
                            {
                                "Node Type": "Hash Join",
                                "Parent Relationship": "Outer",
                                "Parallel Aware": true,
                                "Join Type": "Inner",
                                "Startup Cost": 47352.58,
                                "Total Cost": 397315.88,
                                "Plan Rows": 1106393,
                                "Plan Width": 0,
                                "Actual Startup Time": 361.565,
                                "Actual Total Time": 1689.837,
                                "Actual Rows": 1484575,
                                "Actual Loops": 7,
                                "Inner Unique": true,
                                "Hash Cond": "(ci.movie_id = t.id)",
                                "Workers": [
                                    {
                                        "Worker Number": 0,
                                        "Actual Startup Time": 358.993,
                                        "Actual Total Time": 1687.838,
                                        "Actual Rows": 1577873,
                                        "Actual Loops": 1
                                    },
                                    {
                                        "Worker Number": 1,
                                        "Actual Startup Time": 359.021,
                                        "Actual Total Time": 1688.357,
                                        "Actual Rows": 1559979,
                                        "Actual Loops": 1
                                    },
                                    {
                                        "Worker Number": 2,
                                        "Actual Startup Time": 359.25,
                                        "Actual Total Time": 1683.16,
                                        "Actual Rows": 1042108,
                                        "Actual Loops": 1
                                    },
                                    {
                                        "Worker Number": 3,
                                        "Actual Startup Time": 359.307,
                                        "Actual Total Time": 1689.466,
                                        "Actual Rows": 1527730,
                                        "Actual Loops": 1
                                    },
                                    {
                                        "Worker Number": 4,
                                        "Actual Startup Time": 359.3,
                                        "Actual Total Time": 1692.576,
                                        "Actual Rows": 1463862,
                                        "Actual Loops": 1
                                    },
                                    {
                                        "Worker Number": 5,
                                        "Actual Startup Time": 359.424,
                                        "Actual Total Time": 1689.364,
                                        "Actual Rows": 1543724,
                                        "Actual Loops": 1
                                    }
                                ],
                                "Plans": [
                                    {
                                        "Node Type": "Seq Scan",
                                        "Parent Relationship": "Outer",
                                        "Parallel Aware": true,
                                        "Relation Name": "cast_info",
                                        "Schema": "public",
                                        "Alias": "ci",
                                        "Startup Cost": 0.0,
                                        "Total Cost": 343318.94,
                                        "Plan Rows": 2531180,
                                        "Plan Width": 4,
                                        "Actual Startup Time": 201.16,
                                        "Actual Total Time": 670.659,
                                        "Actual Rows": 2860247,
                                        "Actual Loops": 7,
                                        "Output": [
                                            "ci.id",
                                            "ci.person_id",
                                            "ci.movie_id",
                                            "ci.person_role_id",
                                            "ci.note",
                                            "ci.nr_order",
                                            "ci.role_id"
                                        ],
                                        "Filter": "((ci.person_id > 1264071) AND (ci.role_id > 1))",
                                        "Rows Removed by Filter": 2317516,
                                        "Workers": [
                                            {
                                                "Worker Number": 0,
                                                "Actual Startup Time": 201.149,
                                                "Actual Total Time": 679.928,
                                                "Actual Rows": 3036337,
                                                "Actual Loops": 1
                                            },
                                            {
                                                "Worker Number": 1,
                                                "Actual Startup Time": 201.173,
                                                "Actual Total Time": 678.327,
                                                "Actual Rows": 3010591,
                                                "Actual Loops": 1
                                            },
                                            {
                                                "Worker Number": 2,
                                                "Actual Startup Time": 201.156,
                                                "Actual Total Time": 702.721,
                                                "Actual Rows": 2003115,
                                                "Actual Loops": 1
                                            },
                                            {
                                                "Worker Number": 3,
                                                "Actual Startup Time": 201.133,
                                                "Actual Total Time": 674.218,
                                                "Actual Rows": 2955250,
                                                "Actual Loops": 1
                                            },
                                            {
                                                "Worker Number": 4,
                                                "Actual Startup Time": 201.175,
                                                "Actual Total Time": 660.842,
                                                "Actual Rows": 2809522,
                                                "Actual Loops": 1
                                            },
                                            {
                                                "Worker Number": 5,
                                                "Actual Startup Time": 201.167,
                                                "Actual Total Time": 674.234,
                                                "Actual Rows": 2970024,
                                                "Actual Loops": 1
                                            }
                                        ]
                                    },
                                    {
                                        "Node Type": "Hash",
                                        "Parent Relationship": "Inner",
                                        "Parallel Aware": true,
                                        "Startup Cost": 43899.01,
                                        "Total Cost": 43899.01,
                                        "Plan Rows": 276286,
                                        "Plan Width": 4,
                                        "Actual Startup Time": 155.526,
                                        "Actual Total Time": 155.527,
                                        "Actual Rows": 158275,
                                        "Actual Loops": 7,
                                        "Output": [
                                            "t.id"
                                        ],
                                        "Hash Buckets": 2097152,
                                        "Original Hash Buckets": 2097152,
                                        "Hash Batches": 1,
                                        "Original Hash Batches": 1,
                                        "Peak Memory Usage": 59840,
                                        "Workers": [
                                            {
                                                "Worker Number": 0,
                                                "Actual Startup Time": 157.2,
                                                "Actual Total Time": 157.201,
                                                "Actual Rows": 155102,
                                                "Actual Loops": 1
                                            },
                                            {
                                                "Worker Number": 1,
                                                "Actual Startup Time": 157.211,
                                                "Actual Total Time": 157.212,
                                                "Actual Rows": 153293,
                                                "Actual Loops": 1
                                            },
                                            {
                                                "Worker Number": 2,
                                                "Actual Startup Time": 157.336,
                                                "Actual Total Time": 157.337,
                                                "Actual Rows": 107151,
                                                "Actual Loops": 1
                                            },
                                            {
                                                "Worker Number": 3,
                                                "Actual Startup Time": 157.49,
                                                "Actual Total Time": 157.49,
                                                "Actual Rows": 153986,
                                                "Actual Loops": 1
                                            },
                                            {
                                                "Worker Number": 4,
                                                "Actual Startup Time": 157.514,
                                                "Actual Total Time": 157.515,
                                                "Actual Rows": 145221,
                                                "Actual Loops": 1
                                            },
                                            {
                                                "Worker Number": 5,
                                                "Actual Startup Time": 157.631,
                                                "Actual Total Time": 157.632,
                                                "Actual Rows": 152282,
                                                "Actual Loops": 1
                                            }
                                        ],
                                        "Plans": [
                                            {
                                                "Node Type": "Seq Scan",
                                                "Parent Relationship": "Outer",
                                                "Parallel Aware": true,
                                                "Relation Name": "title",
                                                "Schema": "public",
                                                "Alias": "t",
                                                "Startup Cost": 0.0,
                                                "Total Cost": 43899.01,
                                                "Plan Rows": 276286,
                                                "Plan Width": 4,
                                                "Actual Startup Time": 0.066,
                                                "Actual Total Time": 74.207,
                                                "Actual Rows": 158275,
                                                "Actual Loops": 7,
                                                "Output": [
                                                    "t.id"
                                                ],
                                                "Filter": "(t.production_year > 2004)",
                                                "Rows Removed by Filter": 202912,
                                                "Workers": [
                                                    {
                                                        "Worker Number": 0,
                                                        "Actual Startup Time": 0.077,
                                                        "Actual Total Time": 75.713,
                                                        "Actual Rows": 155102,
                                                        "Actual Loops": 1
                                                    },
                                                    {
                                                        "Worker Number": 1,
                                                        "Actual Startup Time": 0.073,
                                                        "Actual Total Time": 75.5,
                                                        "Actual Rows": 153293,
                                                        "Actual Loops": 1
                                                    },
                                                    {
                                                        "Worker Number": 2,
                                                        "Actual Startup Time": 0.077,
                                                        "Actual Total Time": 76.535,
                                                        "Actual Rows": 107151,
                                                        "Actual Loops": 1
                                                    },
                                                    {
                                                        "Worker Number": 3,
                                                        "Actual Startup Time": 0.066,
                                                        "Actual Total Time": 76.507,
                                                        "Actual Rows": 153986,
                                                        "Actual Loops": 1
                                                    },
                                                    {
                                                        "Worker Number": 4,
                                                        "Actual Startup Time": 0.077,
                                                        "Actual Total Time": 74.721,
                                                        "Actual Rows": 145221,
                                                        "Actual Loops": 1
                                                    },
                                                    {
                                                        "Worker Number": 5,
                                                        "Actual Startup Time": 0.076,
                                                        "Actual Total Time": 75.304,
                                                        "Actual Rows": 152282,
                                                        "Actual Loops": 1
                                                    }
                                                ]
                                            }
                                        ]
                                    }
                                ]
                            }
                        ]
                    }
                ]
            }
        ]
    },
    "Planning Time": 0.72,
    "Triggers": [],
    "Execution Time": 1826.291
}