[
  {
    "Plan": {
      "Node Type": "Aggregate",
      "Strategy": "Plain",
      "Partial Mode": "Finalize",
      "Parallel Aware": false,
      "Startup Cost": 481990.56,
      "Total Cost": 481990.57,
      "Plan Rows": 1,
      "Plan Width": 8,
      "Actual Startup Time": 8417.853,
      "Actual Total Time": 8524.875,
      "Actual Rows": 1,
      "Actual Loops": 1,
      "Plans": [
        {
          "Node Type": "Gather",
          "Parent Relationship": "Outer",
          "Parallel Aware": false,
          "Startup Cost": 481990.03,
          "Total Cost": 481990.54,
          "Plan Rows": 5,
          "Plan Width": 8,
          "Actual Startup Time": 8416.212,
          "Actual Total Time": 8524.865,
          "Actual Rows": 6,
          "Actual Loops": 1,
          "Workers Planned": 5,
          "Workers Launched": 5,
          "Single Copy": false,
          "Plans": [
            {
              "Node Type": "Aggregate",
              "Strategy": "Plain",
              "Partial Mode": "Partial",
              "Parent Relationship": "Outer",
              "Parallel Aware": false,
              "Startup Cost": 480990.03,
              "Total Cost": 480990.04,
              "Plan Rows": 1,
              "Plan Width": 8,
              "Actual Startup Time": 8405.015,
              "Actual Total Time": 8405.09,
              "Actual Rows": 1,
              "Actual Loops": 6,
              "Plans": [
                {
                  "Node Type": "Nested Loop",
                  "Parent Relationship": "Outer",
                  "Parallel Aware": false,
                  "Join Type": "Inner",
                  "Startup Cost": 45827.0,
                  "Total Cost": 476333.67,
                  "Plan Rows": 1862547,
                  "Plan Width": 0,
                  "Actual Startup Time": 98.569,
                  "Actual Total Time": 8053.322,
                  "Actual Rows": 7725380,
                  "Actual Loops": 6,
                  "Inner Unique": false,
                  "Join Filter": "(t.id = ci.movie_id)",
                  "Rows Removed by Join Filter": 0,
                  "Plans": [
                    {
                      "Node Type": "Hash Join",
                      "Parent Relationship": "Outer",
                      "Parallel Aware": true,
                      "Join Type": "Inner",
                      "Startup Cost": 45826.44,
                      "Total Cost": 245148.2,
                      "Plan Rows": 129984,
                      "Plan Width": 8,
                      "Actual Startup Time": 98.454,
                      "Actual Total Time": 991.998,
                      "Actual Rows": 425178,
                      "Actual Loops": 6,
                      "Inner Unique": true,
                      "Hash Cond": "(mi.movie_id = t.id)",
                      "Plans": [
                        {
                          "Node Type": "Seq Scan",
                          "Parent Relationship": "Outer",
                          "Parallel Aware": true,
                          "Relation Name": "movie_info",
                          "Alias": "mi",
                          "Startup Cost": 0.0,
                          "Total Cost": 191560.33,
                          "Plan Rows": 2956733,
                          "Plan Width": 4,
                          "Actual Startup Time": 0.03,
                          "Actual Total Time": 306.387,
                          "Actual Rows": 2472620,
                          "Actual Loops": 6
                        },
                        {
                          "Node Type": "Hash",
                          "Parent Relationship": "Inner",
                          "Parallel Aware": true,
                          "Startup Cost": 45479.1,
                          "Total Cost": 45479.1,
                          "Plan Rows": 27787,
                          "Plan Width": 4,
                          "Actual Startup Time": 96.219,
                          "Actual Total Time": 96.22,
                          "Actual Rows": 36230,
                          "Actual Loops": 6,
                          "Hash Buckets": 262144,
                          "Original Hash Buckets": 131072,
                          "Hash Batches": 1,
                          "Original Hash Batches": 1,
                          "Peak Memory Usage": 11648,
                          "Plans": [
                            {
                              "Node Type": "Seq Scan",
                              "Parent Relationship": "Outer",
                              "Parallel Aware": true,
                              "Relation Name": "title",
                              "Alias": "t",
                              "Startup Cost": 0.0,
                              "Total Cost": 45479.1,
                              "Plan Rows": 27787,
                              "Plan Width": 4,
                              "Actual Startup Time": 0.249,
                              "Actual Total Time": 78.698,
                              "Actual Rows": 36230,
                              "Actual Loops": 6,
                              "Filter": "((kind_id < 7) AND (production_year < 1965))",
                              "Rows Removed by Filter": 385156
                            }
                          ]
                        }
                      ]
                    },
                    {
                      "Node Type": "Index Only Scan",
                      "Parent Relationship": "Inner",
                      "Parallel Aware": false,
                      "Scan Direction": "Forward",
                      "Index Name": "movie_id_cast_info",
                      "Relation Name": "cast_info",
                      "Alias": "ci",
                      "Startup Cost": 0.56,
                      "Total Cost": 1.32,
                      "Plan Rows": 37,
                      "Plan Width": 4,
                      "Actual Startup Time": 0.003,
                      "Actual Total Time": 0.015,
                      "Actual Rows": 18,
                      "Actual Loops": 2551065,
                      "Index Cond": "(movie_id = mi.movie_id)",
                      "Rows Removed by Index Recheck": 0,
                      "Heap Fetches": 46352282
                    }
                  ]
                }
              ]
            }
          ]
        }
      ]
    },
    "Planning Time": 1.321,
    "Triggers": [],
    "Execution Time": 8524.982
  }
]