{
  "Plan": {
    "Node Type": "Aggregate",
    "Strategy": "Plain",
    "Partial Mode": "Finalize",
    "Parallel Aware": false,
    "Startup Cost": 97619.64,
    "Total Cost": 97619.65,
    "Plan Rows": 1,
    "Plan Width": 8,
    "Actual Startup Time": 384.788,
    "Actual Total Time": 400.427,
    "Actual Rows": 1,
    "Actual Loops": 1,
    "Plans": [
      {
        "Node Type": "Gather",
        "Parent Relationship": "Outer",
        "Parallel Aware": false,
        "Startup Cost": 97619.53,
        "Total Cost": 97619.64,
        "Plan Rows": 1,
        "Plan Width": 8,
        "Actual Startup Time": 384.341,
        "Actual Total Time": 400.42,
        "Actual Rows": 2,
        "Actual Loops": 1,
        "Workers Planned": 1,
        "Workers Launched": 1,
        "Single Copy": false,
        "Plans": [
          {
            "Node Type": "Aggregate",
            "Strategy": "Plain",
            "Partial Mode": "Partial",
            "Parent Relationship": "Outer",
            "Parallel Aware": false,
            "Startup Cost": 96619.53,
            "Total Cost": 96619.54,
            "Plan Rows": 1,
            "Plan Width": 8,
            "Actual Startup Time": 378.415,
            "Actual Total Time": 378.42,
            "Actual Rows": 1,
            "Actual Loops": 2,
            "Plans": [
              {
                "Node Type": "Hash Join",
                "Parent Relationship": "Outer",
                "Parallel Aware": true,
                "Join Type": "Inner",
                "Startup Cost": 32315.44,
                "Total Cost": 96339.88,
                "Plan Rows": 111862,
                "Plan Width": 0,
                "Actual Startup Time": 100.997,
                "Actual Total Time": 376.252,
                "Actual Rows": 45439,
                "Actual Loops": 2,
                "Inner Unique": false,
                "Hash Cond": "(t.id = mc.movie_id)",
                "Plans": [
                  {
                    "Node Type": "Seq Scan",
                    "Parent Relationship": "Outer",
                    "Parallel Aware": true,
                    "Relation Name": "title",
                    "Alias": "t",
                    "Startup Cost": 0.0,
                    "Total Cost": 54588.39,
                    "Plan Rows": 1404485,
                    "Plan Width": 4,
                    "Actual Startup Time": 0.011,
                    "Actual Total Time": 152.756,
                    "Actual Rows": 1194438,
                    "Actual Loops": 2,
                    "Filter": "(production_year < 2013)",
                    "Rows Removed by Filter": 69718
                  },
                  {
                    "Node Type": "Hash",
                    "Parent Relationship": "Inner",
                    "Parallel Aware": true,
                    "Startup Cost": 30834.78,
                    "Total Cost": 30834.78,
                    "Plan Rows": 118453,
                    "Plan Width": 4,
                    "Actual Startup Time": 97.689,
                    "Actual Total Time": 97.691,
                    "Actual Rows": 46456,
                    "Actual Loops": 2,
                    "Hash Buckets": 262144,
                    "Original Hash Buckets": 262144,
                    "Hash Batches": 1,
                    "Original Hash Batches": 1,
                    "Peak Memory Usage": 5728,
                    "Plans": [
                      {
                        "Node Type": "Bitmap Heap Scan",
                        "Parent Relationship": "Outer",
                        "Parallel Aware": true,
                        "Relation Name": "movie_companies",
                        "Alias": "mc",
                        "Startup Cost": 8545.32,
                        "Total Cost": 30834.78,
                        "Plan Rows": 118453,
                        "Plan Width": 4,
                        "Actual Startup Time": 71.194,
                        "Actual Total Time": 88.071,
                        "Actual Rows": 46456,
                        "Actual Loops": 2,
                        "Recheck Cond": "(company_id < 240)",
                        "Rows Removed by Index Recheck": 0,
                        "Filter": "(company_type_id > 1)",
                        "Rows Removed by Filter": 150064,
                        "Exact Heap Blocks": 13726,
                        "Lossy Heap Blocks": 0,
                        "Plans": [
                          {
                            "Node Type": "Bitmap Index Scan",
                            "Parent Relationship": "Outer",
                            "Parallel Aware": false,
                            "Index Name": "company_id_movie_companies",
                            "Startup Cost": 0.0,
                            "Total Cost": 8494.98,
                            "Plan Rows": 396606,
                            "Plan Width": 0,
                            "Actual Startup Time": 32.407,
                            "Actual Total Time": 32.407,
                            "Actual Rows": 393040,
                            "Actual Loops": 1,
                            "Index Cond": "(company_id < 240)"
                          }
                        ]
                      }
                    ]
                  }
                ]
              }
            ]
          }
        ]
      }
    ]
  },
  "Planning Time": 0.479,
  "Triggers": [],
  "Execution Time": 400.524
}