[
  {
    "Plan": {
      "Node Type": "Aggregate",
      "Strategy": "Plain",
      "Partial Mode": "Finalize",
      "Parallel Aware": false,
      "Startup Cost": 46509.98,
      "Total Cost": 46509.99,
      "Plan Rows": 1,
      "Plan Width": 8,
      "Actual Startup Time": 100.243,
      "Actual Total Time": 111.986,
      "Actual Rows": 1,
      "Actual Loops": 1,
      "Plans": [
        {
          "Node Type": "Gather",
          "Parent Relationship": "Outer",
          "Parallel Aware": false,
          "Startup Cost": 46509.56,
          "Total Cost": 46509.97,
          "Plan Rows": 4,
          "Plan Width": 8,
          "Actual Startup Time": 99.934,
          "Actual Total Time": 111.974,
          "Actual Rows": 5,
          "Actual Loops": 1,
          "Workers Planned": 4,
          "Workers Launched": 4,
          "Single Copy": false,
          "Plans": [
            {
              "Node Type": "Aggregate",
              "Strategy": "Plain",
              "Partial Mode": "Partial",
              "Parent Relationship": "Outer",
              "Parallel Aware": false,
              "Startup Cost": 45509.56,
              "Total Cost": 45509.57,
              "Plan Rows": 1,
              "Plan Width": 8,
              "Actual Startup Time": 90.442,
              "Actual Total Time": 90.443,
              "Actual Rows": 1,
              "Actual Loops": 5,
              "Plans": [
                {
                  "Node Type": "Seq Scan",
                  "Parent Relationship": "Outer",
                  "Parallel Aware": true,
                  "Relation Name": "title",
                  "Alias": "t",
                  "Startup Cost": 0.0,
                  "Total Cost": 45479.1,
                  "Plan Rows": 12186,
                  "Plan Width": 0,
                  "Actual Startup Time": 0.307,
                  "Actual Total Time": 89.83,
                  "Actual Rows": 7098,
                  "Actual Loops": 5,
                  "Filter": "((kind_id < 7) AND (production_year = 2007))",
                  "Rows Removed by Filter": 498565
                }
              ]
            }
          ]
        }
      ]
    },
    "Planning Time": 0.184,
    "Triggers": [],
    "Execution Time": 112.046
  }
]