{
  "Plan": {
    "Node Type": "Aggregate",
    "Strategy": "Plain",
    "Partial Mode": "Finalize",
    "Parallel Aware": false,
    "Startup Cost": 1073189.91,
    "Total Cost": 1073189.92,
    "Plan Rows": 1,
    "Plan Width": 8,
    "Actual Startup Time": 5512.464,
    "Actual Total Time": 5616.538,
    "Actual Rows": 1,
    "Actual Loops": 1,
    "Plans": [
      {
        "Node Type": "Gather",
        "Parent Relationship": "Outer",
        "Parallel Aware": false,
        "Startup Cost": 1073189.8,
        "Total Cost": 1073189.91,
        "Plan Rows": 1,
        "Plan Width": 8,
        "Actual Startup Time": 5508.73,
        "Actual Total Time": 5616.526,
        "Actual Rows": 2,
        "Actual Loops": 1,
        "Workers Planned": 1,
        "Workers Launched": 1,
        "Single Copy": false,
        "Plans": [
          {
            "Node Type": "Aggregate",
            "Strategy": "Plain",
            "Partial Mode": "Partial",
            "Parent Relationship": "Outer",
            "Parallel Aware": false,
            "Startup Cost": 1072189.8,
            "Total Cost": 1072189.81,
            "Plan Rows": 1,
            "Plan Width": 8,
            "Actual Startup Time": 5496.403,
            "Actual Total Time": 5496.729,
            "Actual Rows": 1,
            "Actual Loops": 2,
            "Plans": [
              {
                "Node Type": "Hash Join",
                "Parent Relationship": "Outer",
                "Parallel Aware": true,
                "Join Type": "Inner",
                "Startup Cost": 683972.4,
                "Total Cost": 1053349.84,
                "Plan Rows": 7535982,
                "Plan Width": 0,
                "Actual Startup Time": 3332.32,
                "Actual Total Time": 5389.256,
                "Actual Rows": 2716032,
                "Actual Loops": 2,
                "Inner Unique": false,
                "Hash Cond": "(mi.movie_id = t.id)",
                "Plans": [
                  {
                    "Node Type": "Seq Scan",
                    "Parent Relationship": "Outer",
                    "Parallel Aware": true,
                    "Relation Name": "movie_info",
                    "Alias": "mi",
                    "Startup Cost": 0.0,
                    "Total Cost": 248955.74,
                    "Plan Rows": 8696274,
                    "Plan Width": 4,
                    "Actual Startup Time": 0.014,
                    "Actual Total Time": 649.168,
                    "Actual Rows": 7417860,
                    "Actual Loops": 2
                  },
                  {
                    "Node Type": "Hash",
                    "Parent Relationship": "Inner",
                    "Parallel Aware": true,
                    "Startup Cost": 667862.41,
                    "Total Cost": 667862.41,
                    "Plan Rows": 1288799,
                    "Plan Width": 8,
                    "Actual Startup Time": 3307.716,
                    "Actual Total Time": 3308.04,
                    "Actual Rows": 380950,
                    "Actual Loops": 2,
                    "Hash Buckets": 4194304,
                    "Original Hash Buckets": 4194304,
                    "Hash Batches": 1,
                    "Original Hash Batches": 1,
                    "Peak Memory Usage": 62592,
                    "Plans": [
                      {
                        "Node Type": "Hash Join",
                        "Parent Relationship": "Outer",
                        "Parallel Aware": true,
                        "Join Type": "Inner",
                        "Startup Cost": 60081.36,
                        "Total Cost": 667862.41,
                        "Plan Rows": 1288799,
                        "Plan Width": 8,
                        "Actual Startup Time": 678.982,
                        "Actual Total Time": 3168.297,
                        "Actual Rows": 380950,
                        "Actual Loops": 2,
                        "Inner Unique": true,
                        "Hash Cond": "(ci.movie_id = t.id)",
                        "Plans": [
                          {
                            "Node Type": "Seq Scan",
                            "Parent Relationship": "Outer",
                            "Parallel Aware": true,
                            "Relation Name": "cast_info",
                            "Alias": "ci",
                            "Startup Cost": 0.0,
                            "Total Cost": 572345.93,
                            "Plan Rows": 13499075,
                            "Plan Width": 4,
                            "Actual Startup Time": 522.101,
                            "Actual Total Time": 1808.759,
                            "Actual Rows": 11186248,
                            "Actual Loops": 2,
                            "Filter": "((person_id < 3829053) AND (role_id > 1))",
                            "Rows Removed by Filter": 6935924
                          },
                          {
                            "Node Type": "Hash",
                            "Parent Relationship": "Inner",
                            "Parallel Aware": true,
                            "Startup Cost": 58306.47,
                            "Total Cost": 58306.47,
                            "Plan Rows": 141991,
                            "Plan Width": 4,
                            "Actual Startup Time": 155.79,
                            "Actual Total Time": 155.791,
                            "Actual Rows": 72729,
                            "Actual Loops": 2,
                            "Hash Buckets": 262144,
                            "Original Hash Buckets": 262144,
                            "Hash Batches": 1,
                            "Original Hash Batches": 1,
                            "Peak Memory Usage": 7776,
                            "Plans": [
                              {
                                "Node Type": "Seq Scan",
                                "Parent Relationship": "Outer",
                                "Parallel Aware": true,
                                "Relation Name": "title",
                                "Alias": "t",
                                "Startup Cost": 0.0,
                                "Total Cost": 58306.47,
                                "Plan Rows": 141991,
                                "Plan Width": 4,
                                "Actual Startup Time": 0.048,
                                "Actual Total Time": 137.292,
                                "Actual Rows": 72729,
                                "Actual Loops": 2,
                                "Filter": "((production_year < 1973) AND (kind_id = 7))",
                                "Rows Removed by Filter": 1191427
                              }
                            ]
                          }
                        ]
                      }
                    ]
                  }
                ]
              }
            ]
          }
        ]
      }
    ]
  },
  "Planning Time": 0.998,
  "Triggers": [],
  "Execution Time": 5616.644
}