[
  {
    "Plan": {
      "Node Type": "Aggregate",
      "Strategy": "Plain",
      "Partial Mode": "Finalize",
      "Parallel Aware": false,
      "Startup Cost": 77933.24,
      "Total Cost": 77933.25,
      "Plan Rows": 1,
      "Plan Width": 8,
      "Actual Startup Time": 810.617,
      "Actual Total Time": 848.9,
      "Actual Rows": 1,
      "Actual Loops": 1,
      "Plans": [
        {
          "Node Type": "Gather",
          "Parent Relationship": "Outer",
          "Parallel Aware": false,
          "Startup Cost": 77932.92,
          "Total Cost": 77933.23,
          "Plan Rows": 3,
          "Plan Width": 8,
          "Actual Startup Time": 787.562,
          "Actual Total Time": 848.869,
          "Actual Rows": 4,
          "Actual Loops": 1,
          "Workers Planned": 3,
          "Workers Launched": 3,
          "Single Copy": false,
          "Plans": [
            {
              "Node Type": "Aggregate",
              "Strategy": "Plain",
              "Partial Mode": "Partial",
              "Parent Relationship": "Outer",
              "Parallel Aware": false,
              "Startup Cost": 76932.92,
              "Total Cost": 76932.93,
              "Plan Rows": 1,
              "Plan Width": 8,
              "Actual Startup Time": 770.255,
              "Actual Total Time": 770.264,
              "Actual Rows": 1,
              "Actual Loops": 4,
              "Plans": [
                {
                  "Node Type": "Hash Join",
                  "Parent Relationship": "Outer",
                  "Parallel Aware": true,
                  "Join Type": "Inner",
                  "Startup Cost": 56496.75,
                  "Total Cost": 76699.42,
                  "Plan Rows": 93400,
                  "Plan Width": 0,
                  "Actual Startup Time": 621.699,
                  "Actual Total Time": 764.75,
                  "Actual Rows": 70850,
                  "Actual Loops": 4,
                  "Inner Unique": true,
                  "Hash Cond": "(mc.movie_id = t.id)",
                  "Plans": [
                    {
                      "Node Type": "Bitmap Heap Scan",
                      "Parent Relationship": "Outer",
                      "Parallel Aware": true,
                      "Relation Name": "movie_companies",
                      "Alias": "mc",
                      "Startup Cost": 6276.36,
                      "Total Cost": 26233.86,
                      "Plan Rows": 93400,
                      "Plan Width": 4,
                      "Actual Startup Time": 28.308,
                      "Actual Total Time": 89.493,
                      "Actual Rows": 70850,
                      "Actual Loops": 4,
                      "Recheck Cond": "(company_id < 154)",
                      "Rows Removed by Index Recheck": 0,
                      "Exact Heap Blocks": 5541,
                      "Lossy Heap Blocks": 0,
                      "Plans": [
                        {
                          "Node Type": "Bitmap Index Scan",
                          "Parent Relationship": "Outer",
                          "Parallel Aware": false,
                          "Index Name": "company_id_movie_companies",
                          "Startup Cost": 0.0,
                          "Total Cost": 6203.98,
                          "Plan Rows": 289540,
                          "Plan Width": 0,
                          "Actual Startup Time": 24.054,
                          "Actual Total Time": 24.056,
                          "Actual Rows": 283400,
                          "Actual Loops": 1,
                          "Index Cond": "(company_id < 154)"
                        }
                      ]
                    },
                    {
                      "Node Type": "Hash",
                      "Parent Relationship": "Inner",
                      "Parallel Aware": true,
                      "Startup Cost": 42319.06,
                      "Total Cost": 42319.06,
                      "Plan Rows": 632106,
                      "Plan Width": 4,
                      "Actual Startup Time": 581.61,
                      "Actual Total Time": 581.612,
                      "Actual Rows": 632078,
                      "Actual Loops": 4,
                      "Hash Buckets": 4194304,
                      "Original Hash Buckets": 4194304,
                      "Hash Batches": 1,
                      "Original Hash Batches": 1,
                      "Peak Memory Usage": 131744,
                      "Plans": [
                        {
                          "Node Type": "Seq Scan",
                          "Parent Relationship": "Outer",
                          "Parallel Aware": true,
                          "Relation Name": "title",
                          "Alias": "t",
                          "Startup Cost": 0.0,
                          "Total Cost": 42319.06,
                          "Plan Rows": 632106,
                          "Plan Width": 4,
                          "Actual Startup Time": 0.056,
                          "Actual Total Time": 158.873,
                          "Actual Rows": 632078,
                          "Actual Loops": 4
                        }
                      ]
                    }
                  ]
                }
              ]
            }
          ]
        }
      ]
    },
    "Planning Time": 0.441,
    "Triggers": [],
    "Execution Time": 848.99
  }
]