[
  {
    "Plan": {
      "Node Type": "Aggregate",
      "Strategy": "Plain",
      "Partial Mode": "Finalize",
      "Parallel Aware": false,
      "Startup Cost": 347961.03,
      "Total Cost": 347961.04,
      "Plan Rows": 1,
      "Plan Width": 8,
      "Actual Startup Time": 733.805,
      "Actual Total Time": 782.421,
      "Actual Rows": 1,
      "Actual Loops": 1,
      "Plans": [
        {
          "Node Type": "Gather",
          "Parent Relationship": "Outer",
          "Parallel Aware": false,
          "Startup Cost": 347960.41,
          "Total Cost": 347961.02,
          "Plan Rows": 6,
          "Plan Width": 8,
          "Actual Startup Time": 733.621,
          "Actual Total Time": 782.402,
          "Actual Rows": 7,
          "Actual Loops": 1,
          "Workers Planned": 6,
          "Workers Launched": 6,
          "Single Copy": false,
          "Plans": [
            {
              "Node Type": "Aggregate",
              "Strategy": "Plain",
              "Partial Mode": "Partial",
              "Parent Relationship": "Outer",
              "Parallel Aware": false,
              "Startup Cost": 346960.41,
              "Total Cost": 346960.42,
              "Plan Rows": 1,
              "Plan Width": 8,
              "Actual Startup Time": 727.248,
              "Actual Total Time": 727.251,
              "Actual Rows": 1,
              "Actual Loops": 7,
              "Plans": [
                {
                  "Node Type": "Seq Scan",
                  "Parent Relationship": "Outer",
                  "Parallel Aware": true,
                  "Relation Name": "cast_info",
                  "Alias": "ci",
                  "Startup Cost": 0.0,
                  "Total Cost": 343316.27,
                  "Plan Rows": 1457655,
                  "Plan Width": 0,
                  "Actual Startup Time": 0.039,
                  "Actual Total Time": 658.148,
                  "Actual Rows": 1509416,
                  "Actual Loops": 7,
                  "Filter": "((person_id < 1304704) AND (role_id < 4))",
                  "Rows Removed by Filter": 3668347
                }
              ]
            }
          ]
        }
      ]
    },
    "Planning Time": 0.134,
    "Triggers": [],
    "Execution Time": 782.468
  }
]