[
  {
    "Plan": {
      "Node Type": "Aggregate",
      "Strategy": "Plain",
      "Partial Mode": "Finalize",
      "Parallel Aware": false,
      "Startup Cost": 10261.91,
      "Total Cost": 10261.92,
      "Plan Rows": 1,
      "Plan Width": 8,
      "Actual Startup Time": 42.802,
      "Actual Total Time": 46.831,
      "Actual Rows": 1,
      "Actual Loops": 1,
      "Plans": [
        {
          "Node Type": "Gather",
          "Parent Relationship": "Outer",
          "Parallel Aware": false,
          "Startup Cost": 10261.6,
          "Total Cost": 10261.91,
          "Plan Rows": 3,
          "Plan Width": 8,
          "Actual Startup Time": 42.726,
          "Actual Total Time": 46.823,
          "Actual Rows": 4,
          "Actual Loops": 1,
          "Workers Planned": 3,
          "Workers Launched": 3,
          "Single Copy": false,
          "Plans": [
            {
              "Node Type": "Aggregate",
              "Strategy": "Plain",
              "Partial Mode": "Partial",
              "Parent Relationship": "Outer",
              "Parallel Aware": false,
              "Startup Cost": 9261.6,
              "Total Cost": 9261.61,
              "Plan Rows": 1,
              "Plan Width": 8,
              "Actual Startup Time": 33.687,
              "Actual Total Time": 33.687,
              "Actual Rows": 1,
              "Actual Loops": 4,
              "Plans": [
                {
                  "Node Type": "Index Scan",
                  "Parent Relationship": "Outer",
                  "Parallel Aware": true,
                  "Scan Direction": "Forward",
                  "Index Name": "role_id_cast_info",
                  "Relation Name": "cast_info",
                  "Alias": "ci",
                  "Startup Cost": 0.56,
                  "Total Cost": 9091.72,
                  "Plan Rows": 67949,
                  "Plan Width": 0,
                  "Actual Startup Time": 0.226,
                  "Actual Total Time": 31.495,
                  "Actual Rows": 20431,
                  "Actual Loops": 4,
                  "Index Cond": "(role_id > 10)",
                  "Rows Removed by Index Recheck": 0,
                  "Filter": "(person_id < 2500488)",
                  "Rows Removed by Filter": 58599
                }
              ]
            }
          ]
        }
      ]
    },
    "Planning Time": 0.259,
    "Triggers": [],
    "Execution Time": 46.892
  }
]