[
  {
    "Plan": {
      "Node Type": "Aggregate",
      "Strategy": "Plain",
      "Partial Mode": "Finalize",
      "Parallel Aware": false,
      "Startup Cost": 45628.5,
      "Total Cost": 45628.51,
      "Plan Rows": 1,
      "Plan Width": 8,
      "Actual Startup Time": 150.346,
      "Actual Total Time": 158.748,
      "Actual Rows": 1,
      "Actual Loops": 1,
      "Plans": [
        {
          "Node Type": "Gather",
          "Parent Relationship": "Outer",
          "Parallel Aware": false,
          "Startup Cost": 45628.19,
          "Total Cost": 45628.5,
          "Plan Rows": 3,
          "Plan Width": 8,
          "Actual Startup Time": 150.256,
          "Actual Total Time": 158.74,
          "Actual Rows": 4,
          "Actual Loops": 1,
          "Workers Planned": 3,
          "Workers Launched": 3,
          "Single Copy": false,
          "Plans": [
            {
              "Node Type": "Aggregate",
              "Strategy": "Plain",
              "Partial Mode": "Partial",
              "Parent Relationship": "Outer",
              "Parallel Aware": false,
              "Startup Cost": 44628.19,
              "Total Cost": 44628.2,
              "Plan Rows": 1,
              "Plan Width": 8,
              "Actual Startup Time": 142.81,
              "Actual Total Time": 142.811,
              "Actual Rows": 1,
              "Actual Loops": 4,
              "Plans": [
                {
                  "Node Type": "Seq Scan",
                  "Parent Relationship": "Outer",
                  "Parallel Aware": true,
                  "Relation Name": "movie_keyword",
                  "Alias": "mk",
                  "Startup Cost": 0.0,
                  "Total Cost": 42695.65,
                  "Plan Rows": 773013,
                  "Plan Width": 0,
                  "Actual Startup Time": 0.063,
                  "Actual Total Time": 115.286,
                  "Actual Rows": 599134,
                  "Actual Loops": 4,
                  "Filter": "(keyword_id < 5573)",
                  "Rows Removed by Filter": 531848
                }
              ]
            }
          ]
        }
      ]
    },
    "Planning Time": 0.182,
    "Triggers": [],
    "Execution Time": 158.804
  }
]