[
  {
    "Plan": {
      "Node Type": "Aggregate",
      "Strategy": "Plain",
      "Partial Mode": "Finalize",
      "Parallel Aware": false,
      "Startup Cost": 128093.18,
      "Total Cost": 128093.19,
      "Plan Rows": 1,
      "Plan Width": 8,
      "Actual Startup Time": 378.871,
      "Actual Total Time": 410.146,
      "Actual Rows": 1,
      "Actual Loops": 1,
      "Plans": [
        {
          "Node Type": "Gather",
          "Parent Relationship": "Outer",
          "Parallel Aware": false,
          "Startup Cost": 128092.86,
          "Total Cost": 128093.17,
          "Plan Rows": 3,
          "Plan Width": 8,
          "Actual Startup Time": 378.467,
          "Actual Total Time": 410.131,
          "Actual Rows": 4,
          "Actual Loops": 1,
          "Workers Planned": 3,
          "Workers Launched": 3,
          "Single Copy": false,
          "Plans": [
            {
              "Node Type": "Aggregate",
              "Strategy": "Plain",
              "Partial Mode": "Partial",
              "Parent Relationship": "Outer",
              "Parallel Aware": false,
              "Startup Cost": 127092.86,
              "Total Cost": 127092.87,
              "Plan Rows": 1,
              "Plan Width": 8,
              "Actual Startup Time": 370.562,
              "Actual Total Time": 370.565,
              "Actual Rows": 1,
              "Actual Loops": 4,
              "Plans": [
                {
                  "Node Type": "Nested Loop",
                  "Parent Relationship": "Outer",
                  "Parallel Aware": false,
                  "Join Type": "Inner",
                  "Startup Cost": 45757.81,
                  "Total Cost": 126921.91,
                  "Plan Rows": 68379,
                  "Plan Width": 0,
                  "Actual Startup Time": 95.039,
                  "Actual Total Time": 366.716,
                  "Actual Rows": 77152,
                  "Actual Loops": 4,
                  "Inner Unique": false,
                  "Join Filter": "(t.id = mi.movie_id)",
                  "Rows Removed by Join Filter": 0,
                  "Plans": [
                    {
                      "Node Type": "Hash Join",
                      "Parent Relationship": "Outer",
                      "Parallel Aware": true,
                      "Join Type": "Inner",
                      "Startup Cost": 45757.37,
                      "Total Cost": 75173.26,
                      "Plan Rows": 29631,
                      "Plan Width": 8,
                      "Actual Startup Time": 94.99,
                      "Actual Total Time": 217.285,
                      "Actual Rows": 14922,
                      "Actual Loops": 4,
                      "Inner Unique": true,
                      "Hash Cond": "(mc.movie_id = t.id)",
                      "Plans": [
                        {
                          "Node Type": "Seq Scan",
                          "Parent Relationship": "Outer",
                          "Parallel Aware": true,
                          "Relation Name": "movie_companies",
                          "Alias": "mc",
                          "Startup Cost": 0.0,
                          "Total Cost": 27206.55,
                          "Plan Rows": 841655,
                          "Plan Width": 4,
                          "Actual Startup Time": 0.016,
                          "Actual Total Time": 50.405,
                          "Actual Rows": 652282,
                          "Actual Loops": 4
                        },
                        {
                          "Node Type": "Hash",
                          "Parent Relationship": "Inner",
                          "Parallel Aware": true,
                          "Startup Cost": 45479.21,
                          "Total Cost": 45479.21,
                          "Plan Rows": 22253,
                          "Plan Width": 4,
                          "Actual Startup Time": 94.061,
                          "Actual Total Time": 94.062,
                          "Actual Rows": 25188,
                          "Actual Loops": 4,
                          "Hash Buckets": 131072,
                          "Original Hash Buckets": 131072,
                          "Hash Batches": 1,
                          "Original Hash Batches": 1,
                          "Peak Memory Usage": 5056,
                          "Plans": [
                            {
                              "Node Type": "Seq Scan",
                              "Parent Relationship": "Outer",
                              "Parallel Aware": true,
                              "Relation Name": "title",
                              "Alias": "t",
                              "Startup Cost": 0.0,
                              "Total Cost": 45479.21,
                              "Plan Rows": 22253,
                              "Plan Width": 4,
                              "Actual Startup Time": 0.042,
                              "Actual Total Time": 84.959,
                              "Actual Rows": 25188,
                              "Actual Loops": 4,
                              "Filter": "((kind_id > 1) AND (production_year = 2008))",
                              "Rows Removed by Filter": 606890
                            }
                          ]
                        }
                      ]
                    },
                    {
                      "Node Type": "Index Scan",
                      "Parent Relationship": "Inner",
                      "Parallel Aware": false,
                      "Scan Direction": "Forward",
                      "Index Name": "movie_id_movie_info",
                      "Relation Name": "movie_info",
                      "Alias": "mi",
                      "Startup Cost": 0.43,
                      "Total Cost": 1.55,
                      "Plan Rows": 16,
                      "Plan Width": 4,
                      "Actual Startup Time": 0.005,
                      "Actual Total Time": 0.009,
                      "Actual Rows": 5,
                      "Actual Loops": 59688,
                      "Index Cond": "(movie_id = mc.movie_id)",
                      "Rows Removed by Index Recheck": 0,
                      "Filter": "(info_type_id > 13)",
                      "Rows Removed by Filter": 5
                    }
                  ]
                }
              ]
            }
          ]
        }
      ]
    },
    "Planning Time": 0.521,
    "Triggers": [],
    "Execution Time": 410.197
  }
]