[
  {
    "Plan": {
      "Node Type": "Aggregate",
      "Strategy": "Plain",
      "Partial Mode": "Finalize",
      "Parallel Aware": false,
      "Startup Cost": 45276.04,
      "Total Cost": 45276.05,
      "Plan Rows": 1,
      "Plan Width": 8,
      "Actual Startup Time": 151.133,
      "Actual Total Time": 160.878,
      "Actual Rows": 1,
      "Actual Loops": 1,
      "Plans": [
        {
          "Node Type": "Gather",
          "Parent Relationship": "Outer",
          "Parallel Aware": false,
          "Startup Cost": 45275.72,
          "Total Cost": 45276.03,
          "Plan Rows": 3,
          "Plan Width": 8,
          "Actual Startup Time": 150.99,
          "Actual Total Time": 160.871,
          "Actual Rows": 4,
          "Actual Loops": 1,
          "Workers Planned": 3,
          "Workers Launched": 3,
          "Single Copy": false,
          "Plans": [
            {
              "Node Type": "Aggregate",
              "Strategy": "Plain",
              "Partial Mode": "Partial",
              "Parent Relationship": "Outer",
              "Parallel Aware": false,
              "Startup Cost": 44275.72,
              "Total Cost": 44275.73,
              "Plan Rows": 1,
              "Plan Width": 8,
              "Actual Startup Time": 145.881,
              "Actual Total Time": 145.882,
              "Actual Rows": 1,
              "Actual Loops": 4,
              "Plans": [
                {
                  "Node Type": "Seq Scan",
                  "Parent Relationship": "Outer",
                  "Parallel Aware": true,
                  "Relation Name": "movie_keyword",
                  "Alias": "mk",
                  "Startup Cost": 0.0,
                  "Total Cost": 42695.65,
                  "Plan Rows": 632028,
                  "Plan Width": 0,
                  "Actual Startup Time": 0.065,
                  "Actual Total Time": 120.573,
                  "Actual Rows": 490532,
                  "Actual Loops": 4,
                  "Filter": "(keyword_id < 3430)",
                  "Rows Removed by Filter": 640451
                }
              ]
            }
          ]
        }
      ]
    },
    "Planning Time": 0.092,
    "Triggers": [],
    "Execution Time": 160.906
  }
]