[
  {
    "Plan": {
      "Node Type": "Aggregate",
      "Strategy": "Plain",
      "Partial Mode": "Finalize",
      "Parallel Aware": false,
      "Startup Cost": 208361.33,
      "Total Cost": 208361.34,
      "Plan Rows": 1,
      "Plan Width": 8,
      "Actual Startup Time": 831.275,
      "Actual Total Time": 851.318,
      "Actual Rows": 1,
      "Actual Loops": 1,
      "Plans": [
        {
          "Node Type": "Gather",
          "Parent Relationship": "Outer",
          "Parallel Aware": false,
          "Startup Cost": 208360.81,
          "Total Cost": 208361.32,
          "Plan Rows": 5,
          "Plan Width": 8,
          "Actual Startup Time": 821.762,
          "Actual Total Time": 851.307,
          "Actual Rows": 6,
          "Actual Loops": 1,
          "Workers Planned": 5,
          "Workers Launched": 5,
          "Single Copy": false,
          "Plans": [
            {
              "Node Type": "Aggregate",
              "Strategy": "Plain",
              "Partial Mode": "Partial",
              "Parent Relationship": "Outer",
              "Parallel Aware": false,
              "Startup Cost": 207360.81,
              "Total Cost": 207360.82,
              "Plan Rows": 1,
              "Plan Width": 8,
              "Actual Startup Time": 805.63,
              "Actual Total Time": 805.634,
              "Actual Rows": 1,
              "Actual Loops": 6,
              "Plans": [
                {
                  "Node Type": "Hash Join",
                  "Parent Relationship": "Outer",
                  "Parallel Aware": true,
                  "Join Type": "Inner",
                  "Startup Cost": 50220.95,
                  "Total Cost": 206742.23,
                  "Plan Rows": 247431,
                  "Plan Width": 0,
                  "Actual Startup Time": 293.203,
                  "Actual Total Time": 774.184,
                  "Actual Rows": 645559,
                  "Actual Loops": 6,
                  "Inner Unique": true,
                  "Hash Cond": "(ci.movie_id = t.id)",
                  "Plans": [
                    {
                      "Node Type": "Index Scan",
                      "Parent Relationship": "Outer",
                      "Parallel Aware": true,
                      "Scan Direction": "Forward",
                      "Index Name": "role_id_cast_info",
                      "Relation Name": "cast_info",
                      "Alias": "ci",
                      "Startup Cost": 0.56,
                      "Total Cost": 155872.35,
                      "Plan Rows": 247431,
                      "Plan Width": 4,
                      "Actual Startup Time": 0.307,
                      "Actual Total Time": 193.395,
                      "Actual Rows": 645559,
                      "Actual Loops": 6,
                      "Index Cond": "(role_id > 8)",
                      "Rows Removed by Index Recheck": 0,
                      "Filter": "(person_id > 2897373)",
                      "Rows Removed by Filter": 309890
                    },
                    {
                      "Node Type": "Hash",
                      "Parent Relationship": "Inner",
                      "Parallel Aware": true,
                      "Startup Cost": 42319.06,
                      "Total Cost": 42319.06,
                      "Plan Rows": 632106,
                      "Plan Width": 4,
                      "Actual Startup Time": 286.972,
                      "Actual Total Time": 286.973,
                      "Actual Rows": 421385,
                      "Actual Loops": 6,
                      "Hash Buckets": 4194304,
                      "Original Hash Buckets": 4194304,
                      "Hash Batches": 1,
                      "Original Hash Batches": 1,
                      "Peak Memory Usage": 131776,
                      "Plans": [
                        {
                          "Node Type": "Seq Scan",
                          "Parent Relationship": "Outer",
                          "Parallel Aware": true,
                          "Relation Name": "title",
                          "Alias": "t",
                          "Startup Cost": 0.0,
                          "Total Cost": 42319.06,
                          "Plan Rows": 632106,
                          "Plan Width": 4,
                          "Actual Startup Time": 0.025,
                          "Actual Total Time": 86.605,
                          "Actual Rows": 421385,
                          "Actual Loops": 6
                        }
                      ]
                    }
                  ]
                }
              ]
            }
          ]
        }
      ]
    },
    "Planning Time": 0.318,
    "Triggers": [],
    "Execution Time": 851.366
  }
]