{
  "Plan": {
    "Node Type": "Aggregate",
    "Strategy": "Plain",
    "Partial Mode": "Finalize",
    "Parallel Aware": false,
    "Startup Cost": 110712.49,
    "Total Cost": 110712.5,
    "Plan Rows": 1,
    "Plan Width": 8,
    "Actual Startup Time": 307.471,
    "Actual Total Time": 339.783,
    "Actual Rows": 1,
    "Actual Loops": 1,
    "Plans": [
      {
        "Node Type": "Gather",
        "Parent Relationship": "Outer",
        "Parallel Aware": false,
        "Startup Cost": 110712.37,
        "Total Cost": 110712.48,
        "Plan Rows": 1,
        "Plan Width": 8,
        "Actual Startup Time": 307.063,
        "Actual Total Time": 339.777,
        "Actual Rows": 2,
        "Actual Loops": 1,
        "Workers Planned": 1,
        "Workers Launched": 1,
        "Single Copy": false,
        "Plans": [
          {
            "Node Type": "Aggregate",
            "Strategy": "Plain",
            "Partial Mode": "Partial",
            "Parent Relationship": "Outer",
            "Parallel Aware": false,
            "Startup Cost": 109712.37,
            "Total Cost": 109712.38,
            "Plan Rows": 1,
            "Plan Width": 8,
            "Actual Startup Time": 300.894,
            "Actual Total Time": 300.898,
            "Actual Rows": 1,
            "Actual Loops": 2,
            "Plans": [
              {
                "Node Type": "Nested Loop",
                "Parent Relationship": "Outer",
                "Parallel Aware": false,
                "Join Type": "Inner",
                "Startup Cost": 57781.11,
                "Total Cost": 109667.48,
                "Plan Rows": 17958,
                "Plan Width": 0,
                "Actual Startup Time": 173.325,
                "Actual Total Time": 296.273,
                "Actual Rows": 104456,
                "Actual Loops": 2,
                "Inner Unique": false,
                "Plans": [
                  {
                    "Node Type": "Hash Join",
                    "Parent Relationship": "Outer",
                    "Parallel Aware": true,
                    "Join Type": "Inner",
                    "Startup Cost": 57780.67,
                    "Total Cost": 83194.5,
                    "Plan Rows": 3071,
                    "Plan Width": 8,
                    "Actual Startup Time": 173.254,
                    "Actual Total Time": 220.44,
                    "Actual Rows": 2394,
                    "Actual Loops": 2,
                    "Inner Unique": true,
                    "Hash Cond": "(mk.movie_id = t.id)",
                    "Plans": [
                      {
                        "Node Type": "Bitmap Heap Scan",
                        "Parent Relationship": "Outer",
                        "Parallel Aware": true,
                        "Relation Name": "movie_keyword",
                        "Alias": "mk",
                        "Startup Cost": 2292.51,
                        "Total Cost": 27539.75,
                        "Plan Rows": 63459,
                        "Plan Width": 4,
                        "Actual Startup Time": 11.772,
                        "Actual Total Time": 45.439,
                        "Actual Rows": 60960,
                        "Actual Loops": 2,
                        "Recheck Cond": "(keyword_id < 117)",
                        "Rows Removed by Index Recheck": 0,
                        "Exact Heap Blocks": 15907,
                        "Lossy Heap Blocks": 0,
                        "Plans": [
                          {
                            "Node Type": "Bitmap Index Scan",
                            "Parent Relationship": "Outer",
                            "Parallel Aware": false,
                            "Index Name": "keyword_id_movie_keyword",
                            "Startup Cost": 0.0,
                            "Total Cost": 2265.54,
                            "Plan Rows": 107881,
                            "Plan Width": 0,
                            "Actual Startup Time": 8.404,
                            "Actual Total Time": 8.405,
                            "Actual Rows": 121921,
                            "Actual Loops": 1,
                            "Index Cond": "(keyword_id < 117)"
                          }
                        ]
                      },
                      {
                        "Node Type": "Hash",
                        "Parent Relationship": "Inner",
                        "Parallel Aware": true,
                        "Startup Cost": 54588.39,
                        "Total Cost": 54588.39,
                        "Plan Rows": 71982,
                        "Plan Width": 4,
                        "Actual Startup Time": 159.132,
                        "Actual Total Time": 159.133,
                        "Actual Rows": 61430,
                        "Actual Loops": 2,
                        "Hash Buckets": 131072,
                        "Original Hash Buckets": 131072,
                        "Hash Batches": 1,
                        "Original Hash Batches": 1,
                        "Peak Memory Usage": 5888,
                        "Plans": [
                          {
                            "Node Type": "Seq Scan",
                            "Parent Relationship": "Outer",
                            "Parallel Aware": true,
                            "Relation Name": "title",
                            "Alias": "t",
                            "Startup Cost": 0.0,
                            "Total Cost": 54588.39,
                            "Plan Rows": 71982,
                            "Plan Width": 4,
                            "Actual Startup Time": 0.032,
                            "Actual Total Time": 141.653,
                            "Actual Rows": 61430,
                            "Actual Loops": 2,
                            "Filter": "(production_year = 2008)",
                            "Rows Removed by Filter": 1202726
                          }
                        ]
                      }
                    ]
                  },
                  {
                    "Node Type": "Index Only Scan",
                    "Parent Relationship": "Inner",
                    "Parallel Aware": false,
                    "Scan Direction": "Forward",
                    "Index Name": "movie_id_movie_info",
                    "Relation Name": "movie_info",
                    "Alias": "mi",
                    "Startup Cost": 0.43,
                    "Total Cost": 8.2,
                    "Plan Rows": 42,
                    "Plan Width": 4,
                    "Actual Startup Time": 0.008,
                    "Actual Total Time": 0.028,
                    "Actual Rows": 44,
                    "Actual Loops": 4788,
                    "Index Cond": "(movie_id = t.id)",
                    "Rows Removed by Index Recheck": 0,
                    "Heap Fetches": 208911
                  }
                ]
              }
            ]
          }
        ]
      }
    ]
  },
  "Planning Time": 0.917,
  "Triggers": [],
  "Execution Time": 339.891
}