{
  "Plan": {
    "Node Type": "Aggregate",
    "Strategy": "Plain",
    "Partial Mode": "Finalize",
    "Parallel Aware": false,
    "Startup Cost": 249161.0,
    "Total Cost": 249161.01,
    "Plan Rows": 1,
    "Plan Width": 8,
    "Actual Startup Time": 1433.558,
    "Actual Total Time": 1456.87,
    "Actual Rows": 1,
    "Actual Loops": 1,
    "Plans": [
      {
        "Node Type": "Gather",
        "Parent Relationship": "Outer",
        "Parallel Aware": false,
        "Startup Cost": 249160.89,
        "Total Cost": 249161.0,
        "Plan Rows": 1,
        "Plan Width": 8,
        "Actual Startup Time": 1430.872,
        "Actual Total Time": 1456.861,
        "Actual Rows": 2,
        "Actual Loops": 1,
        "Workers Planned": 1,
        "Workers Launched": 1,
        "Single Copy": false,
        "Plans": [
          {
            "Node Type": "Aggregate",
            "Strategy": "Plain",
            "Partial Mode": "Partial",
            "Parent Relationship": "Outer",
            "Parallel Aware": false,
            "Startup Cost": 248160.89,
            "Total Cost": 248160.9,
            "Plan Rows": 1,
            "Plan Width": 8,
            "Actual Startup Time": 1428.245,
            "Actual Total Time": 1429.068,
            "Actual Rows": 1,
            "Actual Loops": 2,
            "Plans": [
              {
                "Node Type": "Hash Join",
                "Parent Relationship": "Outer",
                "Parallel Aware": true,
                "Join Type": "Inner",
                "Startup Cost": 111771.02,
                "Total Cost": 247162.23,
                "Plan Rows": 399464,
                "Plan Width": 0,
                "Actual Startup Time": 696.05,
                "Actual Total Time": 1403.99,
                "Actual Rows": 480360,
                "Actual Loops": 2,
                "Inner Unique": false,
                "Hash Cond": "(ci.movie_id = t.id)",
                "Plans": [
                  {
                    "Node Type": "Index Scan",
                    "Parent Relationship": "Outer",
                    "Parallel Aware": true,
                    "Scan Direction": "Forward",
                    "Index Name": "role_id_cast_info",
                    "Relation Name": "cast_info",
                    "Alias": "ci",
                    "Startup Cost": 0.56,
                    "Total Cost": 124115.52,
                    "Plan Rows": 2380394,
                    "Plan Width": 4,
                    "Actual Startup Time": 0.054,
                    "Actual Total Time": 322.154,
                    "Actual Rows": 2004018,
                    "Actual Loops": 2,
                    "Index Cond": "(role_id = 3)",
                    "Rows Removed by Index Recheck": 0
                  },
                  {
                    "Node Type": "Hash",
                    "Parent Relationship": "Inner",
                    "Parallel Aware": true,
                    "Startup Cost": 108650.73,
                    "Total Cost": 108650.73,
                    "Plan Rows": 249578,
                    "Plan Width": 8,
                    "Actual Startup Time": 692.355,
                    "Actual Total Time": 693.176,
                    "Actual Rows": 99516,
                    "Actual Loops": 2,
                    "Hash Buckets": 524288,
                    "Original Hash Buckets": 524288,
                    "Hash Batches": 1,
                    "Original Hash Batches": 1,
                    "Peak Memory Usage": 11904,
                    "Plans": [
                      {
                        "Node Type": "Hash Join",
                        "Parent Relationship": "Outer",
                        "Parallel Aware": true,
                        "Join Type": "Inner",
                        "Startup Cost": 46943.99,
                        "Total Cost": 108650.73,
                        "Plan Rows": 249578,
                        "Plan Width": 8,
                        "Actual Startup Time": 264.902,
                        "Actual Total Time": 661.409,
                        "Actual Rows": 99516,
                        "Actual Loops": 2,
                        "Inner Unique": false,
                        "Hash Cond": "(t.id = mc.movie_id)",
                        "Plans": [
                          {
                            "Node Type": "Seq Scan",
                            "Parent Relationship": "Outer",
                            "Parallel Aware": true,
                            "Relation Name": "title",
                            "Alias": "t",
                            "Startup Cost": 0.0,
                            "Total Cost": 54588.39,
                            "Plan Rows": 904038,
                            "Plan Width": 4,
                            "Actual Startup Time": 0.011,
                            "Actual Total Time": 158.202,
                            "Actual Rows": 771632,
                            "Actual Loops": 2,
                            "Filter": "(kind_id = 7)",
                            "Rows Removed by Filter": 492524
                          },
                          {
                            "Node Type": "Hash",
                            "Parent Relationship": "Inner",
                            "Parallel Aware": true,
                            "Startup Cost": 41811.73,
                            "Total Cost": 41811.73,
                            "Plan Rows": 410581,
                            "Plan Width": 4,
                            "Actual Startup Time": 260.253,
                            "Actual Total Time": 260.254,
                            "Actual Rows": 467771,
                            "Actual Loops": 2,
                            "Hash Buckets": 1048576,
                            "Original Hash Buckets": 1048576,
                            "Hash Batches": 1,
                            "Original Hash Batches": 1,
                            "Peak Memory Usage": 44800,
                            "Plans": [
                              {
                                "Node Type": "Seq Scan",
                                "Parent Relationship": "Outer",
                                "Parallel Aware": true,
                                "Relation Name": "movie_companies",
                                "Alias": "mc",
                                "Startup Cost": 0.0,
                                "Total Cost": 41811.73,
                                "Plan Rows": 410581,
                                "Plan Width": 4,
                                "Actual Startup Time": 63.586,
                                "Actual Total Time": 147.186,
                                "Actual Rows": 467771,
                                "Actual Loops": 2,
                                "Filter": "((company_id > 11138) AND (company_type_id = 2))",
                                "Rows Removed by Filter": 836794
                              }
                            ]
                          }
                        ]
                      }
                    ]
                  }
                ]
              }
            ]
          }
        ]
      }
    ]
  },
  "Planning Time": 0.687,
  "Triggers": [],
  "Execution Time": 1456.937
}