{
  "Plan": {
    "Node Type": "Aggregate",
    "Strategy": "Plain",
    "Partial Mode": "Finalize",
    "Parallel Aware": false,
    "Startup Cost": 112418.08,
    "Total Cost": 112418.09,
    "Plan Rows": 1,
    "Plan Width": 8,
    "Actual Startup Time": 654.984,
    "Actual Total Time": 673.498,
    "Actual Rows": 1,
    "Actual Loops": 1,
    "Plans": [
      {
        "Node Type": "Gather",
        "Parent Relationship": "Outer",
        "Parallel Aware": false,
        "Startup Cost": 112417.97,
        "Total Cost": 112418.08,
        "Plan Rows": 1,
        "Plan Width": 8,
        "Actual Startup Time": 653.362,
        "Actual Total Time": 673.489,
        "Actual Rows": 2,
        "Actual Loops": 1,
        "Workers Planned": 1,
        "Workers Launched": 1,
        "Single Copy": false,
        "Plans": [
          {
            "Node Type": "Aggregate",
            "Strategy": "Plain",
            "Partial Mode": "Partial",
            "Parent Relationship": "Outer",
            "Parallel Aware": false,
            "Startup Cost": 111417.97,
            "Total Cost": 111417.98,
            "Plan Rows": 1,
            "Plan Width": 8,
            "Actual Startup Time": 647.066,
            "Actual Total Time": 647.07,
            "Actual Rows": 1,
            "Actual Loops": 2,
            "Plans": [
              {
                "Node Type": "Hash Join",
                "Parent Relationship": "Outer",
                "Parallel Aware": true,
                "Join Type": "Inner",
                "Startup Cost": 47462.88,
                "Total Cost": 110287.74,
                "Plan Rows": 452092,
                "Plan Width": 0,
                "Actual Startup Time": 220.998,
                "Actual Total Time": 634.865,
                "Actual Rows": 241505,
                "Actual Loops": 2,
                "Inner Unique": false,
                "Hash Cond": "(t.id = mc.movie_id)",
                "Plans": [
                  {
                    "Node Type": "Seq Scan",
                    "Parent Relationship": "Outer",
                    "Parallel Aware": true,
                    "Relation Name": "title",
                    "Alias": "t",
                    "Startup Cost": 0.0,
                    "Total Cost": 50870.31,
                    "Plan Rows": 1487231,
                    "Plan Width": 4,
                    "Actual Startup Time": 0.011,
                    "Actual Total Time": 138.091,
                    "Actual Rows": 1264156,
                    "Actual Loops": 2
                  },
                  {
                    "Node Type": "Hash",
                    "Parent Relationship": "Inner",
                    "Parallel Aware": true,
                    "Startup Cost": 41811.73,
                    "Total Cost": 41811.73,
                    "Plan Rows": 452092,
                    "Plan Width": 4,
                    "Actual Startup Time": 211.307,
                    "Actual Total Time": 211.308,
                    "Actual Rows": 241505,
                    "Actual Loops": 2,
                    "Hash Buckets": 1048576,
                    "Original Hash Buckets": 1048576,
                    "Hash Batches": 1,
                    "Original Hash Batches": 1,
                    "Peak Memory Usage": 27136,
                    "Plans": [
                      {
                        "Node Type": "Seq Scan",
                        "Parent Relationship": "Outer",
                        "Parallel Aware": true,
                        "Relation Name": "movie_companies",
                        "Alias": "mc",
                        "Startup Cost": 0.0,
                        "Total Cost": 41811.73,
                        "Plan Rows": 452092,
                        "Plan Width": 4,
                        "Actual Startup Time": 74.098,
                        "Actual Total Time": 145.918,
                        "Actual Rows": 241505,
                        "Actual Loops": 2,
                        "Filter": "((company_id < 14059) AND (company_type_id > 1))",
                        "Rows Removed by Filter": 1063060
                      }
                    ]
                  }
                ]
              }
            ]
          }
        ]
      }
    ]
  },
  "Planning Time": 0.694,
  "Triggers": [],
  "Execution Time": 673.568
}