[
  {
    "Plan": {
      "Node Type": "Aggregate",
      "Strategy": "Plain",
      "Partial Mode": "Finalize",
      "Parallel Aware": false,
      "Startup Cost": 36243.02,
      "Total Cost": 36243.03,
      "Plan Rows": 1,
      "Plan Width": 8,
      "Actual Startup Time": 95.654,
      "Actual Total Time": 109.141,
      "Actual Rows": 1,
      "Actual Loops": 1,
      "Plans": [
        {
          "Node Type": "Gather",
          "Parent Relationship": "Outer",
          "Parallel Aware": false,
          "Startup Cost": 36242.8,
          "Total Cost": 36243.01,
          "Plan Rows": 2,
          "Plan Width": 8,
          "Actual Startup Time": 95.176,
          "Actual Total Time": 109.134,
          "Actual Rows": 3,
          "Actual Loops": 1,
          "Workers Planned": 2,
          "Workers Launched": 2,
          "Single Copy": false,
          "Plans": [
            {
              "Node Type": "Aggregate",
              "Strategy": "Plain",
              "Partial Mode": "Partial",
              "Parent Relationship": "Outer",
              "Parallel Aware": false,
              "Startup Cost": 35242.8,
              "Total Cost": 35242.81,
              "Plan Rows": 1,
              "Plan Width": 8,
              "Actual Startup Time": 93.045,
              "Actual Total Time": 93.047,
              "Actual Rows": 1,
              "Actual Loops": 3,
              "Plans": [
                {
                  "Node Type": "Nested Loop",
                  "Parent Relationship": "Outer",
                  "Parallel Aware": false,
                  "Join Type": "Inner",
                  "Startup Cost": 121.04,
                  "Total Cost": 35213.21,
                  "Plan Rows": 11836,
                  "Plan Width": 0,
                  "Actual Startup Time": 0.399,
                  "Actual Total Time": 91.312,
                  "Actual Rows": 28590,
                  "Actual Loops": 3,
                  "Inner Unique": false,
                  "Plans": [
                    {
                      "Node Type": "Nested Loop",
                      "Parent Relationship": "Outer",
                      "Parallel Aware": false,
                      "Join Type": "Inner",
                      "Startup Cost": 120.47,
                      "Total Cost": 30357.68,
                      "Plan Rows": 2345,
                      "Plan Width": 8,
                      "Actual Startup Time": 0.348,
                      "Actual Total Time": 6.926,
                      "Actual Rows": 1433,
                      "Actual Loops": 3,
                      "Inner Unique": true,
                      "Plans": [
                        {
                          "Node Type": "Bitmap Heap Scan",
                          "Parent Relationship": "Outer",
                          "Parallel Aware": true,
                          "Relation Name": "movie_keyword",
                          "Alias": "mk",
                          "Startup Cost": 120.04,
                          "Total Cost": 13458.81,
                          "Plan Rows": 2345,
                          "Plan Width": 4,
                          "Actual Startup Time": 0.302,
                          "Actual Total Time": 2.071,
                          "Actual Rows": 1433,
                          "Actual Loops": 3,
                          "Recheck Cond": "(keyword_id > 130148)",
                          "Rows Removed by Index Recheck": 0,
                          "Exact Heap Blocks": 823,
                          "Lossy Heap Blocks": 0,
                          "Plans": [
                            {
                              "Node Type": "Bitmap Index Scan",
                              "Parent Relationship": "Outer",
                              "Parallel Aware": false,
                              "Index Name": "keyword_id_movie_keyword",
                              "Startup Cost": 0.0,
                              "Total Cost": 118.64,
                              "Plan Rows": 5627,
                              "Plan Width": 0,
                              "Actual Startup Time": 0.618,
                              "Actual Total Time": 0.619,
                              "Actual Rows": 4298,
                              "Actual Loops": 1,
                              "Index Cond": "(keyword_id > 130148)"
                            }
                          ]
                        },
                        {
                          "Node Type": "Index Only Scan",
                          "Parent Relationship": "Inner",
                          "Parallel Aware": false,
                          "Scan Direction": "Forward",
                          "Index Name": "title_pkey",
                          "Relation Name": "title",
                          "Alias": "t",
                          "Startup Cost": 0.43,
                          "Total Cost": 7.21,
                          "Plan Rows": 1,
                          "Plan Width": 4,
                          "Actual Startup Time": 0.003,
                          "Actual Total Time": 0.003,
                          "Actual Rows": 1,
                          "Actual Loops": 4298,
                          "Index Cond": "(id = mk.movie_id)",
                          "Rows Removed by Index Recheck": 0,
                          "Heap Fetches": 4298
                        }
                      ]
                    },
                    {
                      "Node Type": "Index Scan",
                      "Parent Relationship": "Inner",
                      "Parallel Aware": false,
                      "Scan Direction": "Forward",
                      "Index Name": "movie_id_cast_info",
                      "Relation Name": "cast_info",
                      "Alias": "ci",
                      "Startup Cost": 0.56,
                      "Total Cost": 1.93,
                      "Plan Rows": 14,
                      "Plan Width": 4,
                      "Actual Startup Time": 0.006,
                      "Actual Total Time": 0.057,
                      "Actual Rows": 20,
                      "Actual Loops": 4298,
                      "Index Cond": "(movie_id = t.id)",
                      "Rows Removed by Index Recheck": 0,
                      "Filter": "(role_id < 2)",
                      "Rows Removed by Filter": 39
                    }
                  ]
                }
              ]
            }
          ]
        }
      ]
    },
    "Planning Time": 0.455,
    "Triggers": [],
    "Execution Time": 109.185
  }
]