[
  {
    "Plan": {
      "Node Type": "Aggregate",
      "Strategy": "Plain",
      "Partial Mode": "Finalize",
      "Parallel Aware": false,
      "Startup Cost": 348312.77,
      "Total Cost": 348312.78,
      "Plan Rows": 1,
      "Plan Width": 8,
      "Actual Startup Time": 728.399,
      "Actual Total Time": 776.793,
      "Actual Rows": 1,
      "Actual Loops": 1,
      "Plans": [
        {
          "Node Type": "Gather",
          "Parent Relationship": "Outer",
          "Parallel Aware": false,
          "Startup Cost": 348312.14,
          "Total Cost": 348312.75,
          "Plan Rows": 6,
          "Plan Width": 8,
          "Actual Startup Time": 728.184,
          "Actual Total Time": 776.778,
          "Actual Rows": 7,
          "Actual Loops": 1,
          "Workers Planned": 6,
          "Workers Launched": 6,
          "Single Copy": false,
          "Plans": [
            {
              "Node Type": "Aggregate",
              "Strategy": "Plain",
              "Partial Mode": "Partial",
              "Parent Relationship": "Outer",
              "Parallel Aware": false,
              "Startup Cost": 347312.14,
              "Total Cost": 347312.15,
              "Plan Rows": 1,
              "Plan Width": 8,
              "Actual Startup Time": 720.234,
              "Actual Total Time": 720.236,
              "Actual Rows": 1,
              "Actual Loops": 7,
              "Plans": [
                {
                  "Node Type": "Seq Scan",
                  "Parent Relationship": "Outer",
                  "Parallel Aware": true,
                  "Relation Name": "cast_info",
                  "Alias": "ci",
                  "Startup Cost": 0.0,
                  "Total Cost": 343316.27,
                  "Plan Rows": 1598349,
                  "Plan Width": 0,
                  "Actual Startup Time": 302.567,
                  "Actual Total Time": 673.739,
                  "Actual Rows": 850779,
                  "Actual Loops": 7,
                  "Filter": "((person_id > 2253502) AND (role_id < 4))",
                  "Rows Removed by Filter": 4326984
                }
              ]
            }
          ]
        }
      ]
    },
    "Planning Time": 0.757,
    "Triggers": [],
    "Execution Time": 776.855
  }
]