{
  "Plan": {
    "Node Type": "Aggregate",
    "Strategy": "Plain",
    "Partial Mode": "Finalize",
    "Parallel Aware": false,
    "Startup Cost": 153870.38,
    "Total Cost": 153870.39,
    "Plan Rows": 1,
    "Plan Width": 8,
    "Actual Startup Time": 1576.305,
    "Actual Total Time": 1608.05,
    "Actual Rows": 1,
    "Actual Loops": 1,
    "Plans": [
      {
        "Node Type": "Gather",
        "Parent Relationship": "Outer",
        "Parallel Aware": false,
        "Startup Cost": 153870.27,
        "Total Cost": 153870.38,
        "Plan Rows": 1,
        "Plan Width": 8,
        "Actual Startup Time": 1569.761,
        "Actual Total Time": 1608.035,
        "Actual Rows": 2,
        "Actual Loops": 1,
        "Workers Planned": 1,
        "Workers Launched": 1,
        "Single Copy": false,
        "Plans": [
          {
            "Node Type": "Aggregate",
            "Strategy": "Plain",
            "Partial Mode": "Partial",
            "Parent Relationship": "Outer",
            "Parallel Aware": false,
            "Startup Cost": 152870.27,
            "Total Cost": 152870.28,
            "Plan Rows": 1,
            "Plan Width": 8,
            "Actual Startup Time": 1566.374,
            "Actual Total Time": 1566.382,
            "Actual Rows": 1,
            "Actual Loops": 2,
            "Plans": [
              {
                "Node Type": "Nested Loop",
                "Parent Relationship": "Outer",
                "Parallel Aware": false,
                "Join Type": "Inner",
                "Startup Cost": 53930.22,
                "Total Cost": 152606.24,
                "Plan Rows": 105612,
                "Plan Width": 0,
                "Actual Startup Time": 171.149,
                "Actual Total Time": 1438.586,
                "Actual Rows": 2665356,
                "Actual Loops": 2,
                "Inner Unique": false,
                "Join Filter": "(t.id = mi.movie_id)",
                "Rows Removed by Join Filter": 0,
                "Plans": [
                  {
                    "Node Type": "Hash Join",
                    "Parent Relationship": "Outer",
                    "Parallel Aware": true,
                    "Join Type": "Inner",
                    "Startup Cost": 53929.79,
                    "Total Cost": 115198.7,
                    "Plan Rows": 18062,
                    "Plan Width": 8,
                    "Actual Startup Time": 171.066,
                    "Actual Total Time": 420.646,
                    "Actual Rows": 31323,
                    "Actual Loops": 2,
                    "Inner Unique": true,
                    "Hash Cond": "(mk.movie_id = t.id)",
                    "Plans": [
                      {
                        "Node Type": "Seq Scan",
                        "Parent Relationship": "Outer",
                        "Parallel Aware": true,
                        "Relation Name": "movie_keyword",
                        "Alias": "mk",
                        "Startup Cost": 0.0,
                        "Total Cost": 57718.19,
                        "Plan Rows": 1352653,
                        "Plan Width": 4,
                        "Actual Startup Time": 0.545,
                        "Actual Total Time": 215.213,
                        "Actual Rows": 1147958,
                        "Actual Loops": 2,
                        "Filter": "(keyword_id > 4577)",
                        "Rows Removed by Filter": 1114007
                      },
                      {
                        "Node Type": "Hash",
                        "Parent Relationship": "Inner",
                        "Parallel Aware": true,
                        "Startup Cost": 53681.55,
                        "Total Cost": 53681.55,
                        "Plan Rows": 19859,
                        "Plan Width": 4,
                        "Actual Startup Time": 110.667,
                        "Actual Total Time": 110.669,
                        "Actual Rows": 14052,
                        "Actual Loops": 2,
                        "Hash Buckets": 65536,
                        "Original Hash Buckets": 65536,
                        "Hash Batches": 1,
                        "Original Hash Batches": 1,
                        "Peak Memory Usage": 1632,
                        "Plans": [
                          {
                            "Node Type": "Bitmap Heap Scan",
                            "Parent Relationship": "Outer",
                            "Parallel Aware": true,
                            "Relation Name": "title",
                            "Alias": "t",
                            "Startup Cost": 11831.29,
                            "Total Cost": 53681.55,
                            "Plan Rows": 19859,
                            "Plan Width": 4,
                            "Actual Startup Time": 37.585,
                            "Actual Total Time": 106.082,
                            "Actual Rows": 14052,
                            "Actual Loops": 2,
                            "Recheck Cond": "(kind_id = 1)",
                            "Rows Removed by Index Recheck": 0,
                            "Filter": "(production_year = 2009)",
                            "Rows Removed by Filter": 317360,
                            "Exact Heap Blocks": 9595,
                            "Lossy Heap Blocks": 0,
                            "Plans": [
                              {
                                "Node Type": "Bitmap Index Scan",
                                "Parent Relationship": "Outer",
                                "Parallel Aware": false,
                                "Index Name": "kind_id_title",
                                "Startup Cost": 0.0,
                                "Total Cost": 11822.85,
                                "Plan Rows": 663256,
                                "Plan Width": 0,
                                "Actual Startup Time": 40.696,
                                "Actual Total Time": 40.696,
                                "Actual Rows": 662825,
                                "Actual Loops": 1,
                                "Index Cond": "(kind_id = 1)"
                              }
                            ]
                          }
                        ]
                      }
                    ]
                  },
                  {
                    "Node Type": "Index Only Scan",
                    "Parent Relationship": "Inner",
                    "Parallel Aware": false,
                    "Scan Direction": "Forward",
                    "Index Name": "movie_id_movie_info",
                    "Relation Name": "movie_info",
                    "Alias": "mi",
                    "Startup Cost": 0.43,
                    "Total Cost": 1.55,
                    "Plan Rows": 42,
                    "Plan Width": 4,
                    "Actual Startup Time": 0.005,
                    "Actual Total Time": 0.024,
                    "Actual Rows": 85,
                    "Actual Loops": 62646,
                    "Index Cond": "(movie_id = mk.movie_id)",
                    "Rows Removed by Index Recheck": 0,
                    "Heap Fetches": 5330712
                  }
                ]
              }
            ]
          }
        ]
      }
    ]
  },
  "Planning Time": 0.928,
  "Triggers": [],
  "Execution Time": 1608.181
}