[
  {
    "Plan": {
      "Node Type": "Aggregate",
      "Strategy": "Plain",
      "Partial Mode": "Finalize",
      "Parallel Aware": false,
      "Startup Cost": 238812.1,
      "Total Cost": 238812.11,
      "Plan Rows": 1,
      "Plan Width": 8,
      "Actual Startup Time": 601.759,
      "Actual Total Time": 639.549,
      "Actual Rows": 1,
      "Actual Loops": 1,
      "Plans": [
        {
          "Node Type": "Gather",
          "Parent Relationship": "Outer",
          "Parallel Aware": false,
          "Startup Cost": 238811.57,
          "Total Cost": 238812.08,
          "Plan Rows": 5,
          "Plan Width": 8,
          "Actual Startup Time": 601.055,
          "Actual Total Time": 639.54,
          "Actual Rows": 6,
          "Actual Loops": 1,
          "Workers Planned": 5,
          "Workers Launched": 5,
          "Single Copy": false,
          "Plans": [
            {
              "Node Type": "Aggregate",
              "Strategy": "Plain",
              "Partial Mode": "Partial",
              "Parent Relationship": "Outer",
              "Parallel Aware": false,
              "Startup Cost": 237811.57,
              "Total Cost": 237811.58,
              "Plan Rows": 1,
              "Plan Width": 8,
              "Actual Startup Time": 590.698,
              "Actual Total Time": 590.701,
              "Actual Rows": 1,
              "Actual Loops": 6,
              "Plans": [
                {
                  "Node Type": "Hash Join",
                  "Parent Relationship": "Outer",
                  "Parallel Aware": true,
                  "Join Type": "Inner",
                  "Startup Cost": 38357.37,
                  "Total Cost": 237679.14,
                  "Plan Rows": 52975,
                  "Plan Width": 0,
                  "Actual Startup Time": 58.71,
                  "Actual Total Time": 588.19,
                  "Actual Rows": 41980,
                  "Actual Loops": 6,
                  "Inner Unique": true,
                  "Hash Cond": "(mi.movie_id = t.id)",
                  "Plans": [
                    {
                      "Node Type": "Seq Scan",
                      "Parent Relationship": "Outer",
                      "Parallel Aware": true,
                      "Relation Name": "movie_info",
                      "Alias": "mi",
                      "Startup Cost": 0.0,
                      "Total Cost": 191560.33,
                      "Plan Rows": 2956733,
                      "Plan Width": 4,
                      "Actual Startup Time": 0.03,
                      "Actual Total Time": 303.225,
                      "Actual Rows": 2472620,
                      "Actual Loops": 6
                    },
                    {
                      "Node Type": "Hash",
                      "Parent Relationship": "Inner",
                      "Parallel Aware": true,
                      "Startup Cost": 38215.81,
                      "Total Cost": 38215.81,
                      "Plan Rows": 11325,
                      "Plan Width": 4,
                      "Actual Startup Time": 48.938,
                      "Actual Total Time": 48.939,
                      "Actual Rows": 5140,
                      "Actual Loops": 6,
                      "Hash Buckets": 65536,
                      "Original Hash Buckets": 65536,
                      "Hash Batches": 1,
                      "Original Hash Batches": 1,
                      "Peak Memory Usage": 1824,
                      "Plans": [
                        {
                          "Node Type": "Bitmap Heap Scan",
                          "Parent Relationship": "Outer",
                          "Parallel Aware": true,
                          "Relation Name": "title",
                          "Alias": "t",
                          "Startup Cost": 1834.46,
                          "Total Cost": 38215.81,
                          "Plan Rows": 11325,
                          "Plan Width": 4,
                          "Actual Startup Time": 11.93,
                          "Actual Total Time": 45.747,
                          "Actual Rows": 5140,
                          "Actual Loops": 6,
                          "Recheck Cond": "(kind_id = 3)",
                          "Rows Removed by Index Recheck": 0,
                          "Filter": "(production_year > 2004)",
                          "Rows Removed by Filter": 11616,
                          "Exact Heap Blocks": 6536,
                          "Lossy Heap Blocks": 0,
                          "Plans": [
                            {
                              "Node Type": "Bitmap Index Scan",
                              "Parent Relationship": "Outer",
                              "Parallel Aware": false,
                              "Index Name": "kind_id_title",
                              "Startup Cost": 0.0,
                              "Total Cost": 1823.13,
                              "Plan Rows": 102227,
                              "Plan Width": 0,
                              "Actual Startup Time": 13.814,
                              "Actual Total Time": 13.814,
                              "Actual Rows": 100537,
                              "Actual Loops": 1,
                              "Index Cond": "(kind_id = 3)"
                            }
                          ]
                        }
                      ]
                    }
                  ]
                }
              ]
            }
          ]
        }
      ]
    },
    "Planning Time": 0.635,
    "Triggers": [],
    "Execution Time": 639.649
  }
]