[
  {
    "Plan": {
      "Node Type": "Aggregate",
      "Strategy": "Plain",
      "Partial Mode": "Finalize",
      "Parallel Aware": false,
      "Startup Cost": 246823.29,
      "Total Cost": 246823.3,
      "Plan Rows": 1,
      "Plan Width": 8,
      "Actual Startup Time": 593.956,
      "Actual Total Time": 643.65,
      "Actual Rows": 1,
      "Actual Loops": 1,
      "Plans": [
        {
          "Node Type": "Gather",
          "Parent Relationship": "Outer",
          "Parallel Aware": false,
          "Startup Cost": 246822.77,
          "Total Cost": 246823.28,
          "Plan Rows": 5,
          "Plan Width": 8,
          "Actual Startup Time": 587.026,
          "Actual Total Time": 643.639,
          "Actual Rows": 6,
          "Actual Loops": 1,
          "Workers Planned": 5,
          "Workers Launched": 5,
          "Single Copy": false,
          "Plans": [
            {
              "Node Type": "Aggregate",
              "Strategy": "Plain",
              "Partial Mode": "Partial",
              "Parent Relationship": "Outer",
              "Parallel Aware": false,
              "Startup Cost": 245822.77,
              "Total Cost": 245822.78,
              "Plan Rows": 1,
              "Plan Width": 8,
              "Actual Startup Time": 576.279,
              "Actual Total Time": 576.282,
              "Actual Rows": 1,
              "Actual Loops": 6,
              "Plans": [
                {
                  "Node Type": "Hash Join",
                  "Parent Relationship": "Outer",
                  "Parallel Aware": true,
                  "Join Type": "Inner",
                  "Startup Cost": 45572.84,
                  "Total Cost": 245604.88,
                  "Plan Rows": 87157,
                  "Plan Width": 0,
                  "Actual Startup Time": 176.717,
                  "Actual Total Time": 572.799,
                  "Actual Rows": 62541,
                  "Actual Loops": 6,
                  "Inner Unique": true,
                  "Hash Cond": "(mi.movie_id = t.id)",
                  "Plans": [
                    {
                      "Node Type": "Seq Scan",
                      "Parent Relationship": "Outer",
                      "Parallel Aware": true,
                      "Relation Name": "movie_info",
                      "Alias": "mi",
                      "Startup Cost": 0.0,
                      "Total Cost": 198952.16,
                      "Plan Rows": 411380,
                      "Plan Width": 4,
                      "Actual Startup Time": 33.984,
                      "Actual Total Time": 340.538,
                      "Actual Rows": 348511,
                      "Actual Loops": 6,
                      "Filter": "(info_type_id < 3)",
                      "Rows Removed by Filter": 2124109
                    },
                    {
                      "Node Type": "Hash",
                      "Parent Relationship": "Inner",
                      "Parallel Aware": true,
                      "Startup Cost": 43898.92,
                      "Total Cost": 43898.92,
                      "Plan Rows": 133914,
                      "Plan Width": 4,
                      "Actual Startup Time": 138.738,
                      "Actual Total Time": 138.739,
                      "Actual Rows": 88895,
                      "Actual Loops": 6,
                      "Hash Buckets": 1048576,
                      "Original Hash Buckets": 1048576,
                      "Hash Batches": 1,
                      "Original Hash Batches": 1,
                      "Peak Memory Usage": 29152,
                      "Plans": [
                        {
                          "Node Type": "Seq Scan",
                          "Parent Relationship": "Outer",
                          "Parallel Aware": true,
                          "Relation Name": "title",
                          "Alias": "t",
                          "Startup Cost": 0.0,
                          "Total Cost": 43898.92,
                          "Plan Rows": 133914,
                          "Plan Width": 4,
                          "Actual Startup Time": 0.047,
                          "Actual Total Time": 91.9,
                          "Actual Rows": 88895,
                          "Actual Loops": 6,
                          "Filter": "(production_year > 2009)",
                          "Rows Removed by Filter": 332490
                        }
                      ]
                    }
                  ]
                }
              ]
            }
          ]
        }
      ]
    },
    "Planning Time": 0.599,
    "Triggers": [],
    "Execution Time": 643.734
  }
]