[
    {
        "Bao": {
            "Bao prediction": "NaN",
            "Bao recommended hint": "(no hint)"
        }
    },
    {
        "Plan": {
            "Node Type": "Aggregate",
            "Strategy": "Plain",
            "Partial Mode": "Finalize",
            "Parallel Aware": false,
            "Startup Cost": 338346.41,
            "Total Cost": 338346.42,
            "Plan Rows": 1,
            "Plan Width": 8,
            "Actual Startup Time": 860.386,
            "Actual Total Time": 891.561,
            "Actual Rows": 1,
            "Actual Loops": 1,
            "Output": [
                "count(*)"
            ],
            "Plans": [
                {
                    "Node Type": "Gather",
                    "Parent Relationship": "Outer",
                    "Parallel Aware": false,
                    "Startup Cost": 338345.79,
                    "Total Cost": 338346.4,
                    "Plan Rows": 6,
                    "Plan Width": 8,
                    "Actual Startup Time": 860.27,
                    "Actual Total Time": 891.552,
                    "Actual Rows": 7,
                    "Actual Loops": 1,
                    "Output": [
                        "(PARTIAL count(*))"
                    ],
                    "Workers Planned": 6,
                    "Workers Launched": 6,
                    "Single Copy": false,
                    "Plans": [
                        {
                            "Node Type": "Aggregate",
                            "Strategy": "Plain",
                            "Partial Mode": "Partial",
                            "Parent Relationship": "Outer",
                            "Parallel Aware": false,
                            "Startup Cost": 337345.79,
                            "Total Cost": 337345.8,
                            "Plan Rows": 1,
                            "Plan Width": 8,
                            "Actual Startup Time": 850.317,
                            "Actual Total Time": 850.318,
                            "Actual Rows": 1,
                            "Actual Loops": 7,
                            "Output": [
                                "PARTIAL count(*)"
                            ],
                            "Workers": [
                                {
                                    "Worker Number": 0,
                                    "Actual Startup Time": 848.241,
                                    "Actual Total Time": 848.243,
                                    "Actual Rows": 1,
                                    "Actual Loops": 1
                                },
                                {
                                    "Worker Number": 1,
                                    "Actual Startup Time": 847.994,
                                    "Actual Total Time": 847.996,
                                    "Actual Rows": 1,
                                    "Actual Loops": 1
                                },
                                {
                                    "Worker Number": 2,
                                    "Actual Startup Time": 848.009,
                                    "Actual Total Time": 848.011,
                                    "Actual Rows": 1,
                                    "Actual Loops": 1
                                },
                                {
                                    "Worker Number": 3,
                                    "Actual Startup Time": 849.292,
                                    "Actual Total Time": 849.294,
                                    "Actual Rows": 1,
                                    "Actual Loops": 1
                                },
                                {
                                    "Worker Number": 4,
                                    "Actual Startup Time": 849.37,
                                    "Actual Total Time": 849.371,
                                    "Actual Rows": 1,
                                    "Actual Loops": 1
                                },
                                {
                                    "Worker Number": 5,
                                    "Actual Startup Time": 849.497,
                                    "Actual Total Time": 849.498,
                                    "Actual Rows": 1,
                                    "Actual Loops": 1
                                }
                            ],
                            "Plans": [
                                {
                                    "Node Type": "Seq Scan",
                                    "Parent Relationship": "Outer",
                                    "Parallel Aware": true,
                                    "Relation Name": "cast_info",
                                    "Schema": "public",
                                    "Alias": "ci",
                                    "Startup Cost": 0.0,
                                    "Total Cost": 328213.62,
                                    "Plan Rows": 3652868,
                                    "Plan Width": 0,
                                    "Actual Startup Time": 0.073,
                                    "Actual Total Time": 672.734,
                                    "Actual Rows": 3115911,
                                    "Actual Loops": 7,
                                    "Output": [
                                        "id",
                                        "person_id",
                                        "movie_id",
                                        "person_role_id",
                                        "note",
                                        "nr_order",
                                        "role_id"
                                    ],
                                    "Filter": "(ci.person_id < 2217272)",
                                    "Rows Removed by Filter": 2061852,
                                    "Workers": [
                                        {
                                            "Worker Number": 0,
                                            "Actual Startup Time": 0.084,
                                            "Actual Total Time": 675.069,
                                            "Actual Rows": 2573892,
                                            "Actual Loops": 1
                                        },
                                        {
                                            "Worker Number": 1,
                                            "Actual Startup Time": 0.09,
                                            "Actual Total Time": 677.363,
                                            "Actual Rows": 2526421,
                                            "Actual Loops": 1
                                        },
                                        {
                                            "Worker Number": 2,
                                            "Actual Startup Time": 0.115,
                                            "Actual Total Time": 677.25,
                                            "Actual Rows": 2526085,
                                            "Actual Loops": 1
                                        },
                                        {
                                            "Worker Number": 3,
                                            "Actual Startup Time": 0.061,
                                            "Actual Total Time": 676.609,
                                            "Actual Rows": 4108236,
                                            "Actual Loops": 1
                                        },
                                        {
                                            "Worker Number": 4,
                                            "Actual Startup Time": 0.068,
                                            "Actual Total Time": 676.83,
                                            "Actual Rows": 4114583,
                                            "Actual Loops": 1
                                        },
                                        {
                                            "Worker Number": 5,
                                            "Actual Startup Time": 0.077,
                                            "Actual Total Time": 676.665,
                                            "Actual Rows": 2562641,
                                            "Actual Loops": 1
                                        }
                                    ]
                                }
                            ]
                        }
                    ]
                }
            ]
        },
        "Planning Time": 284.414,
        "Triggers": [],
        "Execution Time": 891.612
    }
]