{
  "Plan": {
    "Node Type": "Aggregate",
    "Strategy": "Plain",
    "Partial Mode": "Finalize",
    "Parallel Aware": false,
    "Startup Cost": 97924.46,
    "Total Cost": 97924.47,
    "Plan Rows": 1,
    "Plan Width": 8,
    "Actual Startup Time": 283.483,
    "Actual Total Time": 300.082,
    "Actual Rows": 1,
    "Actual Loops": 1,
    "Plans": [
      {
        "Node Type": "Gather",
        "Parent Relationship": "Outer",
        "Parallel Aware": false,
        "Startup Cost": 97924.35,
        "Total Cost": 97924.46,
        "Plan Rows": 1,
        "Plan Width": 8,
        "Actual Startup Time": 283.032,
        "Actual Total Time": 300.072,
        "Actual Rows": 2,
        "Actual Loops": 1,
        "Workers Planned": 1,
        "Workers Launched": 1,
        "Single Copy": false,
        "Plans": [
          {
            "Node Type": "Aggregate",
            "Strategy": "Plain",
            "Partial Mode": "Partial",
            "Parent Relationship": "Outer",
            "Parallel Aware": false,
            "Startup Cost": 96924.35,
            "Total Cost": 96924.36,
            "Plan Rows": 1,
            "Plan Width": 8,
            "Actual Startup Time": 277.024,
            "Actual Total Time": 277.028,
            "Actual Rows": 1,
            "Actual Loops": 2,
            "Plans": [
              {
                "Node Type": "Hash Join",
                "Parent Relationship": "Outer",
                "Parallel Aware": true,
                "Join Type": "Inner",
                "Startup Cost": 68435.71,
                "Total Cost": 96904.52,
                "Plan Rows": 7934,
                "Plan Width": 0,
                "Actual Startup Time": 186.923,
                "Actual Total Time": 276.955,
                "Actual Rows": 926,
                "Actual Loops": 2,
                "Inner Unique": true,
                "Hash Cond": "(mk.movie_id = t.id)",
                "Plans": [
                  {
                    "Node Type": "Bitmap Heap Scan",
                    "Parent Relationship": "Outer",
                    "Parallel Aware": true,
                    "Relation Name": "movie_keyword",
                    "Alias": "mk",
                    "Startup Cost": 9573.63,
                    "Total Cost": 37345.65,
                    "Plan Rows": 265442,
                    "Plan Width": 4,
                    "Actual Startup Time": 27.514,
                    "Actual Total Time": 92.622,
                    "Actual Rows": 220812,
                    "Actual Loops": 2,
                    "Recheck Cond": "(keyword_id > 39981)",
                    "Rows Removed by Index Recheck": 0,
                    "Exact Heap Blocks": 13918,
                    "Lossy Heap Blocks": 0,
                    "Plans": [
                      {
                        "Node Type": "Bitmap Index Scan",
                        "Parent Relationship": "Outer",
                        "Parallel Aware": false,
                        "Index Name": "keyword_id_movie_keyword",
                        "Startup Cost": 0.0,
                        "Total Cost": 9460.82,
                        "Plan Rows": 451251,
                        "Plan Width": 0,
                        "Actual Startup Time": 24.15,
                        "Actual Total Time": 24.15,
                        "Actual Rows": 441625,
                        "Actual Loops": 1,
                        "Index Cond": "(keyword_id > 39981)"
                      }
                    ]
                  },
                  {
                    "Node Type": "Hash",
                    "Parent Relationship": "Inner",
                    "Parallel Aware": true,
                    "Startup Cost": 58306.47,
                    "Total Cost": 58306.47,
                    "Plan Rows": 44449,
                    "Plan Width": 4,
                    "Actual Startup Time": 156.782,
                    "Actual Total Time": 156.782,
                    "Actual Rows": 42038,
                    "Actual Loops": 2,
                    "Hash Buckets": 131072,
                    "Original Hash Buckets": 131072,
                    "Hash Batches": 1,
                    "Original Hash Batches": 1,
                    "Peak Memory Usage": 4320,
                    "Plans": [
                      {
                        "Node Type": "Seq Scan",
                        "Parent Relationship": "Outer",
                        "Parallel Aware": true,
                        "Relation Name": "title",
                        "Alias": "t",
                        "Startup Cost": 0.0,
                        "Total Cost": 58306.47,
                        "Plan Rows": 44449,
                        "Plan Width": 4,
                        "Actual Startup Time": 0.05,
                        "Actual Total Time": 145.27,
                        "Actual Rows": 42038,
                        "Actual Loops": 2,
                        "Filter": "((kind_id = 7) AND (production_year = 2007))",
                        "Rows Removed by Filter": 1222118
                      }
                    ]
                  }
                ]
              }
            ]
          }
        ]
      }
    ]
  },
  "Planning Time": 0.611,
  "Triggers": [],
  "Execution Time": 300.181
}