[
  {
    "Plan": {
      "Node Type": "Aggregate",
      "Strategy": "Plain",
      "Partial Mode": "Finalize",
      "Parallel Aware": false,
      "Startup Cost": 90295.37,
      "Total Cost": 90295.38,
      "Plan Rows": 1,
      "Plan Width": 8,
      "Actual Startup Time": 360.96,
      "Actual Total Time": 379.032,
      "Actual Rows": 1,
      "Actual Loops": 1,
      "Plans": [
        {
          "Node Type": "Gather",
          "Parent Relationship": "Outer",
          "Parallel Aware": false,
          "Startup Cost": 90295.06,
          "Total Cost": 90295.37,
          "Plan Rows": 3,
          "Plan Width": 8,
          "Actual Startup Time": 358.436,
          "Actual Total Time": 379.019,
          "Actual Rows": 4,
          "Actual Loops": 1,
          "Workers Planned": 3,
          "Workers Launched": 3,
          "Single Copy": false,
          "Plans": [
            {
              "Node Type": "Aggregate",
              "Strategy": "Plain",
              "Partial Mode": "Partial",
              "Parent Relationship": "Outer",
              "Parallel Aware": false,
              "Startup Cost": 89295.06,
              "Total Cost": 89295.07,
              "Plan Rows": 1,
              "Plan Width": 8,
              "Actual Startup Time": 349.575,
              "Actual Total Time": 349.578,
              "Actual Rows": 1,
              "Actual Loops": 4,
              "Plans": [
                {
                  "Node Type": "Hash Join",
                  "Parent Relationship": "Outer",
                  "Parallel Aware": true,
                  "Join Type": "Inner",
                  "Startup Cost": 45112.8,
                  "Total Cost": 89105.36,
                  "Plan Rows": 75877,
                  "Plan Width": 0,
                  "Actual Startup Time": 164.667,
                  "Actual Total Time": 348.064,
                  "Actual Rows": 23628,
                  "Actual Loops": 4,
                  "Inner Unique": true,
                  "Hash Cond": "(mk.movie_id = t.id)",
                  "Plans": [
                    {
                      "Node Type": "Seq Scan",
                      "Parent Relationship": "Outer",
                      "Parallel Aware": true,
                      "Relation Name": "movie_keyword",
                      "Alias": "mk",
                      "Startup Cost": 0.0,
                      "Total Cost": 42695.65,
                      "Plan Rows": 494062,
                      "Plan Width": 4,
                      "Actual Startup Time": 0.036,
                      "Actual Total Time": 121.301,
                      "Actual Rows": 381871,
                      "Actual Loops": 4,
                      "Filter": "(keyword_id < 2217)",
                      "Rows Removed by Filter": 749112
                    },
                    {
                      "Node Type": "Hash",
                      "Parent Relationship": "Inner",
                      "Parallel Aware": true,
                      "Startup Cost": 43899.32,
                      "Total Cost": 43899.32,
                      "Plan Rows": 97078,
                      "Plan Width": 4,
                      "Actual Startup Time": 161.218,
                      "Actual Total Time": 161.219,
                      "Actual Rows": 97916,
                      "Actual Loops": 4,
                      "Hash Buckets": 524288,
                      "Original Hash Buckets": 524288,
                      "Hash Batches": 1,
                      "Original Hash Batches": 1,
                      "Peak Memory Usage": 19488,
                      "Plans": [
                        {
                          "Node Type": "Seq Scan",
                          "Parent Relationship": "Outer",
                          "Parallel Aware": true,
                          "Relation Name": "title",
                          "Alias": "t",
                          "Startup Cost": 0.0,
                          "Total Cost": 43899.32,
                          "Plan Rows": 97078,
                          "Plan Width": 4,
                          "Actual Startup Time": 0.038,
                          "Actual Total Time": 118.693,
                          "Actual Rows": 97916,
                          "Actual Loops": 4,
                          "Filter": "(production_year > 2010)",
                          "Rows Removed by Filter": 534162
                        }
                      ]
                    }
                  ]
                }
              ]
            }
          ]
        }
      ]
    },
    "Planning Time": 0.415,
    "Triggers": [],
    "Execution Time": 379.087
  }
]