[
  {
    "Plan": {
      "Node Type": "Aggregate",
      "Strategy": "Plain",
      "Partial Mode": "Finalize",
      "Parallel Aware": false,
      "Startup Cost": 221855.11,
      "Total Cost": 221855.12,
      "Plan Rows": 1,
      "Plan Width": 8,
      "Actual Startup Time": 135.846,
      "Actual Total Time": 153.647,
      "Actual Rows": 1,
      "Actual Loops": 1,
      "Plans": [
        {
          "Node Type": "Gather",
          "Parent Relationship": "Outer",
          "Parallel Aware": false,
          "Startup Cost": 221854.69,
          "Total Cost": 221855.1,
          "Plan Rows": 4,
          "Plan Width": 8,
          "Actual Startup Time": 135.688,
          "Actual Total Time": 153.638,
          "Actual Rows": 5,
          "Actual Loops": 1,
          "Workers Planned": 4,
          "Workers Launched": 4,
          "Single Copy": false,
          "Plans": [
            {
              "Node Type": "Aggregate",
              "Strategy": "Plain",
              "Partial Mode": "Partial",
              "Parent Relationship": "Outer",
              "Parallel Aware": false,
              "Startup Cost": 220854.69,
              "Total Cost": 220854.7,
              "Plan Rows": 1,
              "Plan Width": 8,
              "Actual Startup Time": 126.344,
              "Actual Total Time": 126.346,
              "Actual Rows": 1,
              "Actual Loops": 5,
              "Plans": [
                {
                  "Node Type": "Nested Loop",
                  "Parent Relationship": "Outer",
                  "Parallel Aware": false,
                  "Join Type": "Inner",
                  "Startup Cost": 0.43,
                  "Total Cost": 220810.61,
                  "Plan Rows": 17631,
                  "Plan Width": 0,
                  "Actual Startup Time": 0.416,
                  "Actual Total Time": 125.373,
                  "Actual Rows": 8742,
                  "Actual Loops": 5,
                  "Inner Unique": false,
                  "Plans": [
                    {
                      "Node Type": "Seq Scan",
                      "Parent Relationship": "Outer",
                      "Parallel Aware": true,
                      "Relation Name": "title",
                      "Alias": "t",
                      "Startup Cost": 0.0,
                      "Total Cost": 45479.1,
                      "Plan Rows": 3015,
                      "Plan Width": 4,
                      "Actual Startup Time": 0.206,
                      "Actual Total Time": 85.235,
                      "Actual Rows": 1936,
                      "Actual Loops": 5,
                      "Filter": "((kind_id > 1) AND (production_year = 1968))",
                      "Rows Removed by Filter": 503727
                    },
                    {
                      "Node Type": "Index Only Scan",
                      "Parent Relationship": "Inner",
                      "Parallel Aware": false,
                      "Scan Direction": "Forward",
                      "Index Name": "movie_id_movie_info",
                      "Relation Name": "movie_info",
                      "Alias": "mi",
                      "Startup Cost": 0.43,
                      "Total Cost": 57.73,
                      "Plan Rows": 42,
                      "Plan Width": 4,
                      "Actual Startup Time": 0.01,
                      "Actual Total Time": 0.02,
                      "Actual Rows": 5,
                      "Actual Loops": 9678,
                      "Index Cond": "(movie_id = t.id)",
                      "Rows Removed by Index Recheck": 0,
                      "Heap Fetches": 43711
                    }
                  ]
                }
              ]
            }
          ]
        }
      ]
    },
    "Planning Time": 0.597,
    "Triggers": [],
    "Execution Time": 153.719
  }
]