[
  {
    "Plan": {
      "Node Type": "Aggregate",
      "Strategy": "Plain",
      "Partial Mode": "Finalize",
      "Parallel Aware": false,
      "Startup Cost": 47277.85,
      "Total Cost": 47277.86,
      "Plan Rows": 1,
      "Plan Width": 8,
      "Actual Startup Time": 117.407,
      "Actual Total Time": 130.683,
      "Actual Rows": 1,
      "Actual Loops": 1,
      "Plans": [
        {
          "Node Type": "Gather",
          "Parent Relationship": "Outer",
          "Parallel Aware": false,
          "Startup Cost": 47277.43,
          "Total Cost": 47277.84,
          "Plan Rows": 4,
          "Plan Width": 8,
          "Actual Startup Time": 117.222,
          "Actual Total Time": 130.672,
          "Actual Rows": 5,
          "Actual Loops": 1,
          "Workers Planned": 4,
          "Workers Launched": 4,
          "Single Copy": false,
          "Plans": [
            {
              "Node Type": "Aggregate",
              "Strategy": "Plain",
              "Partial Mode": "Partial",
              "Parent Relationship": "Outer",
              "Parallel Aware": false,
              "Startup Cost": 46277.43,
              "Total Cost": 46277.44,
              "Plan Rows": 1,
              "Plan Width": 8,
              "Actual Startup Time": 109.289,
              "Actual Total Time": 109.29,
              "Actual Rows": 1,
              "Actual Loops": 5,
              "Plans": [
                {
                  "Node Type": "Seq Scan",
                  "Parent Relationship": "Outer",
                  "Parallel Aware": true,
                  "Relation Name": "title",
                  "Alias": "t",
                  "Startup Cost": 0.0,
                  "Total Cost": 45479.1,
                  "Plan Rows": 319334,
                  "Plan Width": 0,
                  "Actual Startup Time": 0.036,
                  "Actual Total Time": 94.344,
                  "Actual Rows": 271531,
                  "Actual Loops": 5,
                  "Filter": "((production_year > 1969) AND (kind_id = 7))",
                  "Rows Removed by Filter": 234132
                }
              ]
            }
          ]
        }
      ]
    },
    "Planning Time": 0.195,
    "Triggers": [],
    "Execution Time": 130.749
  }
]