[
  {
    "Plan": {
      "Node Type": "Aggregate",
      "Strategy": "Plain",
      "Partial Mode": "Finalize",
      "Parallel Aware": false,
      "Startup Cost": 97660.67,
      "Total Cost": 97660.68,
      "Plan Rows": 1,
      "Plan Width": 8,
      "Actual Startup Time": 363.339,
      "Actual Total Time": 381.433,
      "Actual Rows": 1,
      "Actual Loops": 1,
      "Plans": [
        {
          "Node Type": "Gather",
          "Parent Relationship": "Outer",
          "Parallel Aware": false,
          "Startup Cost": 97660.35,
          "Total Cost": 97660.66,
          "Plan Rows": 3,
          "Plan Width": 8,
          "Actual Startup Time": 353.822,
          "Actual Total Time": 381.425,
          "Actual Rows": 4,
          "Actual Loops": 1,
          "Workers Planned": 3,
          "Workers Launched": 3,
          "Single Copy": false,
          "Plans": [
            {
              "Node Type": "Aggregate",
              "Strategy": "Plain",
              "Partial Mode": "Partial",
              "Parent Relationship": "Outer",
              "Parallel Aware": false,
              "Startup Cost": 96660.35,
              "Total Cost": 96660.36,
              "Plan Rows": 1,
              "Plan Width": 8,
              "Actual Startup Time": 346.027,
              "Actual Total Time": 346.034,
              "Actual Rows": 1,
              "Actual Loops": 4,
              "Plans": [
                {
                  "Node Type": "Nested Loop",
                  "Parent Relationship": "Outer",
                  "Parallel Aware": false,
                  "Join Type": "Inner",
                  "Startup Cost": 53312.78,
                  "Total Cost": 96646.14,
                  "Plan Rows": 5685,
                  "Plan Width": 0,
                  "Actual Startup Time": 267.518,
                  "Actual Total Time": 345.767,
                  "Actual Rows": 2624,
                  "Actual Loops": 4,
                  "Inner Unique": false,
                  "Plans": [
                    {
                      "Node Type": "Hash Join",
                      "Parent Relationship": "Outer",
                      "Parallel Aware": true,
                      "Join Type": "Inner",
                      "Startup Cost": 53312.35,
                      "Total Cost": 78563.24,
                      "Plan Rows": 29117,
                      "Plan Width": 8,
                      "Actual Startup Time": 267.298,
                      "Actual Total Time": 312.22,
                      "Actual Rows": 5767,
                      "Actual Loops": 4,
                      "Inner Unique": true,
                      "Hash Cond": "(mk.movie_id = t.id)",
                      "Plans": [
                        {
                          "Node Type": "Bitmap Heap Scan",
                          "Parent Relationship": "Outer",
                          "Parallel Aware": true,
                          "Relation Name": "movie_keyword",
                          "Alias": "mk",
                          "Startup Cost": 3466.24,
                          "Total Cost": 28578.83,
                          "Plan Rows": 52687,
                          "Plan Width": 4,
                          "Actual Startup Time": 17.519,
                          "Actual Total Time": 46.787,
                          "Actual Rows": 40178,
                          "Actual Loops": 4,
                          "Recheck Cond": "(keyword_id > 72793)",
                          "Rows Removed by Index Recheck": 0,
                          "Exact Heap Blocks": 7808,
                          "Lossy Heap Blocks": 0,
                          "Plans": [
                            {
                              "Node Type": "Bitmap Index Scan",
                              "Parent Relationship": "Outer",
                              "Parallel Aware": false,
                              "Index Name": "keyword_id_movie_keyword",
                              "Startup Cost": 0.0,
                              "Total Cost": 3425.41,
                              "Plan Rows": 163330,
                              "Plan Width": 0,
                              "Actual Startup Time": 14.659,
                              "Actual Total Time": 14.66,
                              "Actual Rows": 160713,
                              "Actual Loops": 1,
                              "Index Cond": "(keyword_id > 72793)"
                            }
                          ]
                        },
                        {
                          "Node Type": "Hash",
                          "Parent Relationship": "Inner",
                          "Parallel Aware": true,
                          "Startup Cost": 45479.59,
                          "Total Cost": 45479.59,
                          "Plan Rows": 349322,
                          "Plan Width": 4,
                          "Actual Startup Time": 245.242,
                          "Actual Total Time": 245.242,
                          "Actual Rows": 375896,
                          "Actual Loops": 4,
                          "Hash Buckets": 2097152,
                          "Original Hash Buckets": 2097152,
                          "Hash Batches": 1,
                          "Original Hash Batches": 1,
                          "Peak Memory Usage": 75264,
                          "Plans": [
                            {
                              "Node Type": "Seq Scan",
                              "Parent Relationship": "Outer",
                              "Parallel Aware": true,
                              "Relation Name": "title",
                              "Alias": "t",
                              "Startup Cost": 0.0,
                              "Total Cost": 45479.59,
                              "Plan Rows": 349322,
                              "Plan Width": 4,
                              "Actual Startup Time": 0.03,
                              "Actual Total Time": 109.347,
                              "Actual Rows": 375896,
                              "Actual Loops": 4,
                              "Filter": "((kind_id > 2) AND (production_year > 1977))",
                              "Rows Removed by Filter": 256182
                            }
                          ]
                        }
                      ]
                    },
                    {
                      "Node Type": "Index Scan",
                      "Parent Relationship": "Inner",
                      "Parallel Aware": false,
                      "Scan Direction": "Forward",
                      "Index Name": "movie_id_movie_companies",
                      "Relation Name": "movie_companies",
                      "Alias": "mc",
                      "Startup Cost": 0.43,
                      "Total Cost": 0.61,
                      "Plan Rows": 1,
                      "Plan Width": 4,
                      "Actual Startup Time": 0.005,
                      "Actual Total Time": 0.005,
                      "Actual Rows": 0,
                      "Actual Loops": 23069,
                      "Index Cond": "(movie_id = t.id)",
                      "Rows Removed by Index Recheck": 0,
                      "Filter": "(company_id > 74642)",
                      "Rows Removed by Filter": 3
                    }
                  ]
                }
              ]
            }
          ]
        }
      ]
    },
    "Planning Time": 0.44,
    "Triggers": [],
    "Execution Time": 381.486
  }
]