[
  {
    "Plan": {
      "Node Type": "Aggregate",
      "Strategy": "Plain",
      "Partial Mode": "Finalize",
      "Parallel Aware": false,
      "Startup Cost": 65150.09,
      "Total Cost": 65150.1,
      "Plan Rows": 1,
      "Plan Width": 8,
      "Actual Startup Time": 108.653,
      "Actual Total Time": 123.923,
      "Actual Rows": 1,
      "Actual Loops": 1,
      "Plans": [
        {
          "Node Type": "Gather",
          "Parent Relationship": "Outer",
          "Parallel Aware": false,
          "Startup Cost": 65149.67,
          "Total Cost": 65150.08,
          "Plan Rows": 4,
          "Plan Width": 8,
          "Actual Startup Time": 108.533,
          "Actual Total Time": 123.916,
          "Actual Rows": 5,
          "Actual Loops": 1,
          "Workers Planned": 4,
          "Workers Launched": 4,
          "Single Copy": false,
          "Plans": [
            {
              "Node Type": "Aggregate",
              "Strategy": "Plain",
              "Partial Mode": "Partial",
              "Parent Relationship": "Outer",
              "Parallel Aware": false,
              "Startup Cost": 64149.67,
              "Total Cost": 64149.68,
              "Plan Rows": 1,
              "Plan Width": 8,
              "Actual Startup Time": 98.825,
              "Actual Total Time": 98.827,
              "Actual Rows": 1,
              "Actual Loops": 5,
              "Plans": [
                {
                  "Node Type": "Nested Loop",
                  "Parent Relationship": "Outer",
                  "Parallel Aware": false,
                  "Join Type": "Inner",
                  "Startup Cost": 0.43,
                  "Total Cost": 64148.82,
                  "Plan Rows": 340,
                  "Plan Width": 0,
                  "Actual Startup Time": 61.996,
                  "Actual Total Time": 98.774,
                  "Actual Rows": 460,
                  "Actual Loops": 5,
                  "Inner Unique": false,
                  "Plans": [
                    {
                      "Node Type": "Seq Scan",
                      "Parent Relationship": "Outer",
                      "Parallel Aware": true,
                      "Relation Name": "title",
                      "Alias": "t",
                      "Startup Cost": 0.0,
                      "Total Cost": 45479.1,
                      "Plan Rows": 1396,
                      "Plan Width": 4,
                      "Actual Startup Time": 0.318,
                      "Actual Total Time": 82.669,
                      "Actual Rows": 1330,
                      "Actual Loops": 5,
                      "Filter": "((kind_id < 7) AND (production_year = 1981))",
                      "Rows Removed by Filter": 504332
                    },
                    {
                      "Node Type": "Index Scan",
                      "Parent Relationship": "Inner",
                      "Parallel Aware": false,
                      "Scan Direction": "Forward",
                      "Index Name": "movie_id_movie_companies",
                      "Relation Name": "movie_companies",
                      "Alias": "mc",
                      "Startup Cost": 0.43,
                      "Total Cost": 13.36,
                      "Plan Rows": 1,
                      "Plan Width": 4,
                      "Actual Startup Time": 0.011,
                      "Actual Total Time": 0.012,
                      "Actual Rows": 0,
                      "Actual Loops": 6650,
                      "Index Cond": "(movie_id = t.id)",
                      "Rows Removed by Index Recheck": 0,
                      "Filter": "((company_id > 11620) AND (company_type_id = 1))",
                      "Rows Removed by Filter": 2
                    }
                  ]
                }
              ]
            }
          ]
        }
      ]
    },
    "Planning Time": 0.672,
    "Triggers": [],
    "Execution Time": 124.075
  }
]