{
  "Plan": {
    "Node Type": "Aggregate",
    "Strategy": "Plain",
    "Partial Mode": "Finalize",
    "Parallel Aware": false,
    "Startup Cost": 1418872.85,
    "Total Cost": 1418872.86,
    "Plan Rows": 1,
    "Plan Width": 8,
    "Actual Startup Time": 8890.959,
    "Actual Total Time": 8946.138,
    "Actual Rows": 1,
    "Actual Loops": 1,
    "Plans": [
      {
        "Node Type": "Gather",
        "Parent Relationship": "Outer",
        "Parallel Aware": false,
        "Startup Cost": 1418872.73,
        "Total Cost": 1418872.84,
        "Plan Rows": 1,
        "Plan Width": 8,
        "Actual Startup Time": 8890.502,
        "Actual Total Time": 8946.13,
        "Actual Rows": 2,
        "Actual Loops": 1,
        "Workers Planned": 1,
        "Workers Launched": 1,
        "Single Copy": false,
        "Plans": [
          {
            "Node Type": "Aggregate",
            "Strategy": "Plain",
            "Partial Mode": "Partial",
            "Parent Relationship": "Outer",
            "Parallel Aware": false,
            "Startup Cost": 1417872.73,
            "Total Cost": 1417872.74,
            "Plan Rows": 1,
            "Plan Width": 8,
            "Actual Startup Time": 8884.284,
            "Actual Total Time": 8884.286,
            "Actual Rows": 1,
            "Actual Loops": 2,
            "Plans": [
              {
                "Node Type": "Merge Join",
                "Parent Relationship": "Outer",
                "Parallel Aware": false,
                "Join Type": "Inner",
                "Startup Cost": 9.77,
                "Total Cost": 1404991.97,
                "Plan Rows": 5152306,
                "Plan Width": 0,
                "Actual Startup Time": 7.121,
                "Actual Total Time": 8001.464,
                "Actual Rows": 22851588,
                "Actual Loops": 2,
                "Inner Unique": false,
                "Merge Cond": "(mi.movie_id = t.id)",
                "Plans": [
                  {
                    "Node Type": "Index Only Scan",
                    "Parent Relationship": "Outer",
                    "Parallel Aware": true,
                    "Scan Direction": "Forward",
                    "Index Name": "movie_id_movie_info",
                    "Relation Name": "movie_info",
                    "Alias": "mi",
                    "Startup Cost": 0.43,
                    "Total Cost": 1018223.42,
                    "Plan Rows": 8696274,
                    "Plan Width": 4,
                    "Actual Startup Time": 0.11,
                    "Actual Total Time": 2324.217,
                    "Actual Rows": 7417052,
                    "Actual Loops": 2,
                    "Heap Fetches": 14834104
                  },
                  {
                    "Node Type": "Materialize",
                    "Parent Relationship": "Inner",
                    "Parallel Aware": false,
                    "Startup Cost": 3.31,
                    "Total Cost": 291710.82,
                    "Plan Rows": 1497945,
                    "Plan Width": 8,
                    "Actual Startup Time": 0.246,
                    "Actual Total Time": 3211.461,
                    "Actual Rows": 23535882,
                    "Actual Loops": 2,
                    "Plans": [
                      {
                        "Node Type": "Merge Join",
                        "Parent Relationship": "Outer",
                        "Parallel Aware": false,
                        "Join Type": "Inner",
                        "Startup Cost": 3.31,
                        "Total Cost": 287965.96,
                        "Plan Rows": 1497945,
                        "Plan Width": 8,
                        "Actual Startup Time": 0.235,
                        "Actual Total Time": 2267.543,
                        "Actual Rows": 1379224,
                        "Actual Loops": 2,
                        "Inner Unique": true,
                        "Merge Cond": "(mc.movie_id = t.id)",
                        "Plans": [
                          {
                            "Node Type": "Index Scan",
                            "Parent Relationship": "Outer",
                            "Parallel Aware": false,
                            "Scan Direction": "Forward",
                            "Index Name": "movie_id_movie_companies",
                            "Relation Name": "movie_companies",
                            "Alias": "mc",
                            "Startup Cost": 0.43,
                            "Total Cost": 146582.27,
                            "Plan Rows": 1645806,
                            "Plan Width": 4,
                            "Actual Startup Time": 0.108,
                            "Actual Total Time": 665.73,
                            "Actual Rows": 1634028,
                            "Actual Loops": 2,
                            "Filter": "(company_id < 17533)",
                            "Rows Removed by Filter": 975101
                          },
                          {
                            "Node Type": "Index Scan",
                            "Parent Relationship": "Inner",
                            "Parallel Aware": false,
                            "Scan Direction": "Forward",
                            "Index Name": "title_pkey",
                            "Relation Name": "title",
                            "Alias": "t",
                            "Startup Cost": 0.43,
                            "Total Cost": 116660.7,
                            "Plan Rows": 2301148,
                            "Plan Width": 4,
                            "Actual Startup Time": 0.102,
                            "Actual Total Time": 1287.867,
                            "Actual Rows": 2294760,
                            "Actual Loops": 2,
                            "Filter": "(production_year > 1948)",
                            "Rows Removed by Filter": 230949
                          }
                        ]
                      }
                    ]
                  }
                ]
              }
            ]
          }
        ]
      }
    ]
  },
  "Planning Time": 1.11,
  "Triggers": [],
  "Execution Time": 8946.25
}