[
  {
    "Plan": {
      "Node Type": "Aggregate",
      "Strategy": "Plain",
      "Partial Mode": "Finalize",
      "Parallel Aware": false,
      "Startup Cost": 107512.19,
      "Total Cost": 107512.2,
      "Plan Rows": 1,
      "Plan Width": 8,
      "Actual Startup Time": 787.494,
      "Actual Total Time": 808.482,
      "Actual Rows": 1,
      "Actual Loops": 1,
      "Plans": [
        {
          "Node Type": "Gather",
          "Parent Relationship": "Outer",
          "Parallel Aware": false,
          "Startup Cost": 107511.97,
          "Total Cost": 107512.18,
          "Plan Rows": 2,
          "Plan Width": 8,
          "Actual Startup Time": 779.053,
          "Actual Total Time": 808.474,
          "Actual Rows": 3,
          "Actual Loops": 1,
          "Workers Planned": 2,
          "Workers Launched": 2,
          "Single Copy": false,
          "Plans": [
            {
              "Node Type": "Aggregate",
              "Strategy": "Plain",
              "Partial Mode": "Partial",
              "Parent Relationship": "Outer",
              "Parallel Aware": false,
              "Startup Cost": 106511.97,
              "Total Cost": 106511.98,
              "Plan Rows": 1,
              "Plan Width": 8,
              "Actual Startup Time": 770.412,
              "Actual Total Time": 770.418,
              "Actual Rows": 1,
              "Actual Loops": 3,
              "Plans": [
                {
                  "Node Type": "Hash Join",
                  "Parent Relationship": "Outer",
                  "Parallel Aware": true,
                  "Join Type": "Inner",
                  "Startup Cost": 90007.61,
                  "Total Cost": 106222.54,
                  "Plan Rows": 115775,
                  "Plan Width": 0,
                  "Actual Startup Time": 635.223,
                  "Actual Total Time": 755.923,
                  "Actual Rows": 349104,
                  "Actual Loops": 3,
                  "Inner Unique": false,
                  "Hash Cond": "(mi_idx.movie_id = t.id)",
                  "Plans": [
                    {
                      "Node Type": "Seq Scan",
                      "Parent Relationship": "Outer",
                      "Parallel Aware": true,
                      "Relation Name": "movie_info_idx",
                      "Alias": "mi_idx",
                      "Startup Cost": 0.0,
                      "Total Cost": 13685.15,
                      "Plan Rows": 575015,
                      "Plan Width": 4,
                      "Actual Startup Time": 0.028,
                      "Actual Total Time": 35.352,
                      "Actual Rows": 460012,
                      "Actual Loops": 3
                    },
                    {
                      "Node Type": "Hash",
                      "Parent Relationship": "Inner",
                      "Parallel Aware": true,
                      "Startup Cost": 87954.96,
                      "Total Cost": 87954.96,
                      "Plan Rows": 164212,
                      "Plan Width": 8,
                      "Actual Startup Time": 631.048,
                      "Actual Total Time": 631.052,
                      "Actual Rows": 172747,
                      "Actual Loops": 3,
                      "Hash Buckets": 524288,
                      "Original Hash Buckets": 524288,
                      "Hash Batches": 1,
                      "Original Hash Batches": 1,
                      "Peak Memory Usage": 24416,
                      "Plans": [
                        {
                          "Node Type": "Hash Join",
                          "Parent Relationship": "Outer",
                          "Parallel Aware": true,
                          "Join Type": "Inner",
                          "Startup Cost": 61017.26,
                          "Total Cost": 87954.96,
                          "Plan Rows": 164212,
                          "Plan Width": 8,
                          "Actual Startup Time": 458.598,
                          "Actual Total Time": 587.163,
                          "Actual Rows": 172747,
                          "Actual Loops": 3,
                          "Inner Unique": true,
                          "Hash Cond": "(mk.movie_id = t.id)",
                          "Plans": [
                            {
                              "Node Type": "Bitmap Heap Scan",
                              "Parent Relationship": "Outer",
                              "Parallel Aware": true,
                              "Relation Name": "movie_keyword",
                              "Alias": "mk",
                              "Startup Cost": 10797.62,
                              "Total Cost": 37304.26,
                              "Plan Rows": 164212,
                              "Plan Width": 4,
                              "Actual Startup Time": 27.068,
                              "Actual Total Time": 87.922,
                              "Actual Rows": 172747,
                              "Actual Loops": 3,
                              "Recheck Cond": "(keyword_id < 381)",
                              "Rows Removed by Index Recheck": 0,
                              "Exact Heap Blocks": 9244,
                              "Lossy Heap Blocks": 0,
                              "Plans": [
                                {
                                  "Node Type": "Bitmap Index Scan",
                                  "Parent Relationship": "Outer",
                                  "Parallel Aware": false,
                                  "Index Name": "keyword_id_movie_keyword",
                                  "Startup Cost": 0.0,
                                  "Total Cost": 10670.35,
                                  "Plan Rows": 509056,
                                  "Plan Width": 0,
                                  "Actual Startup Time": 23.524,
                                  "Actual Total Time": 23.524,
                                  "Actual Rows": 518241,
                                  "Actual Loops": 1,
                                  "Index Cond": "(keyword_id < 381)"
                                }
                              ]
                            },
                            {
                              "Node Type": "Hash",
                              "Parent Relationship": "Inner",
                              "Parallel Aware": true,
                              "Startup Cost": 42318.73,
                              "Total Cost": 42318.73,
                              "Plan Rows": 632073,
                              "Plan Width": 4,
                              "Actual Startup Time": 419.483,
                              "Actual Total Time": 419.484,
                              "Actual Rows": 842771,
                              "Actual Loops": 3,
                              "Hash Buckets": 4194304,
                              "Original Hash Buckets": 4194304,
                              "Hash Batches": 1,
                              "Original Hash Batches": 1,
                              "Peak Memory Usage": 131744,
                              "Plans": [
                                {
                                  "Node Type": "Seq Scan",
                                  "Parent Relationship": "Outer",
                                  "Parallel Aware": true,
                                  "Relation Name": "title",
                                  "Alias": "t",
                                  "Startup Cost": 0.0,
                                  "Total Cost": 42318.73,
                                  "Plan Rows": 632073,
                                  "Plan Width": 4,
                                  "Actual Startup Time": 0.041,
                                  "Actual Total Time": 115.589,
                                  "Actual Rows": 842771,
                                  "Actual Loops": 3
                                }
                              ]
                            }
                          ]
                        }
                      ]
                    }
                  ]
                }
              ]
            }
          ]
        }
      ]
    },
    "Planning Time": 1.277,
    "Triggers": [],
    "Execution Time": 808.584
  }
]