[
  {
    "Plan": {
      "Node Type": "Aggregate",
      "Strategy": "Plain",
      "Partial Mode": "Finalize",
      "Parallel Aware": false,
      "Startup Cost": 45873.01,
      "Total Cost": 45873.02,
      "Plan Rows": 1,
      "Plan Width": 8,
      "Actual Startup Time": 165.534,
      "Actual Total Time": 175.196,
      "Actual Rows": 1,
      "Actual Loops": 1,
      "Plans": [
        {
          "Node Type": "Gather",
          "Parent Relationship": "Outer",
          "Parallel Aware": false,
          "Startup Cost": 45872.69,
          "Total Cost": 45873.0,
          "Plan Rows": 3,
          "Plan Width": 8,
          "Actual Startup Time": 165.426,
          "Actual Total Time": 175.187,
          "Actual Rows": 4,
          "Actual Loops": 1,
          "Workers Planned": 3,
          "Workers Launched": 3,
          "Single Copy": false,
          "Plans": [
            {
              "Node Type": "Aggregate",
              "Strategy": "Plain",
              "Partial Mode": "Partial",
              "Parent Relationship": "Outer",
              "Parallel Aware": false,
              "Startup Cost": 44872.69,
              "Total Cost": 44872.7,
              "Plan Rows": 1,
              "Plan Width": 8,
              "Actual Startup Time": 156.768,
              "Actual Total Time": 156.769,
              "Actual Rows": 1,
              "Actual Loops": 4,
              "Plans": [
                {
                  "Node Type": "Seq Scan",
                  "Parent Relationship": "Outer",
                  "Parallel Aware": true,
                  "Relation Name": "movie_keyword",
                  "Alias": "mk",
                  "Startup Cost": 0.0,
                  "Total Cost": 42695.65,
                  "Plan Rows": 870816,
                  "Plan Width": 0,
                  "Actual Startup Time": 0.062,
                  "Actual Total Time": 124.673,
                  "Actual Rows": 672423,
                  "Actual Loops": 4,
                  "Filter": "(keyword_id < 7601)",
                  "Rows Removed by Filter": 458559
                }
              ]
            }
          ]
        }
      ]
    },
    "Planning Time": 0.184,
    "Triggers": [],
    "Execution Time": 175.281
  }
]