{
  "Plan": {
    "Node Type": "Aggregate",
    "Strategy": "Plain",
    "Partial Mode": "Finalize",
    "Parallel Aware": false,
    "Startup Cost": 90589.27,
    "Total Cost": 90589.28,
    "Plan Rows": 1,
    "Plan Width": 8,
    "Actual Startup Time": 383.862,
    "Actual Total Time": 396.102,
    "Actual Rows": 1,
    "Actual Loops": 1,
    "Plans": [
      {
        "Node Type": "Gather",
        "Parent Relationship": "Outer",
        "Parallel Aware": false,
        "Startup Cost": 90589.16,
        "Total Cost": 90589.27,
        "Plan Rows": 1,
        "Plan Width": 8,
        "Actual Startup Time": 383.685,
        "Actual Total Time": 396.094,
        "Actual Rows": 2,
        "Actual Loops": 1,
        "Workers Planned": 1,
        "Workers Launched": 1,
        "Single Copy": false,
        "Plans": [
          {
            "Node Type": "Aggregate",
            "Strategy": "Plain",
            "Partial Mode": "Partial",
            "Parent Relationship": "Outer",
            "Parallel Aware": false,
            "Startup Cost": 89589.16,
            "Total Cost": 89589.17,
            "Plan Rows": 1,
            "Plan Width": 8,
            "Actual Startup Time": 377.674,
            "Actual Total Time": 377.678,
            "Actual Rows": 1,
            "Actual Loops": 2,
            "Plans": [
              {
                "Node Type": "Hash Join",
                "Parent Relationship": "Outer",
                "Parallel Aware": true,
                "Join Type": "Inner",
                "Startup Cost": 28507.72,
                "Total Cost": 89578.17,
                "Plan Rows": 4394,
                "Plan Width": 0,
                "Actual Startup Time": 93.941,
                "Actual Total Time": 377.627,
                "Actual Rows": 476,
                "Actual Loops": 2,
                "Inner Unique": false,
                "Hash Cond": "(mk.movie_id = t.id)",
                "Plans": [
                  {
                    "Node Type": "Seq Scan",
                    "Parent Relationship": "Outer",
                    "Parallel Aware": true,
                    "Relation Name": "movie_keyword",
                    "Alias": "mk",
                    "Startup Cost": 0.0,
                    "Total Cost": 51065.35,
                    "Plan Rows": 2661135,
                    "Plan Width": 4,
                    "Actual Startup Time": 0.013,
                    "Actual Total Time": 181.722,
                    "Actual Rows": 2261965,
                    "Actual Loops": 2
                  },
                  {
                    "Node Type": "Hash",
                    "Parent Relationship": "Inner",
                    "Parallel Aware": true,
                    "Startup Cost": 28477.02,
                    "Total Cost": 28477.02,
                    "Plan Rows": 2456,
                    "Plan Width": 8,
                    "Actual Startup Time": 21.94,
                    "Actual Total Time": 21.942,
                    "Actual Rows": 1898,
                    "Actual Loops": 2,
                    "Hash Buckets": 8192,
                    "Original Hash Buckets": 8192,
                    "Hash Batches": 1,
                    "Original Hash Batches": 1,
                    "Peak Memory Usage": 256,
                    "Plans": [
                      {
                        "Node Type": "Nested Loop",
                        "Parent Relationship": "Outer",
                        "Parallel Aware": false,
                        "Join Type": "Inner",
                        "Startup Cost": 93.22,
                        "Total Cost": 28477.02,
                        "Plan Rows": 2456,
                        "Plan Width": 8,
                        "Actual Startup Time": 1.312,
                        "Actual Total Time": 20.797,
                        "Actual Rows": 1898,
                        "Actual Loops": 2,
                        "Inner Unique": true,
                        "Plans": [
                          {
                            "Node Type": "Bitmap Heap Scan",
                            "Parent Relationship": "Outer",
                            "Parallel Aware": true,
                            "Relation Name": "movie_companies",
                            "Alias": "mc",
                            "Startup Cost": 92.79,
                            "Total Cost": 10113.6,
                            "Plan Rows": 2456,
                            "Plan Width": 4,
                            "Actual Startup Time": 1.162,
                            "Actual Total Time": 5.237,
                            "Actual Rows": 1898,
                            "Actual Loops": 2,
                            "Recheck Cond": "(company_id = 11244)",
                            "Rows Removed by Index Recheck": 0,
                            "Exact Heap Blocks": 1418,
                            "Lossy Heap Blocks": 0,
                            "Plans": [
                              {
                                "Node Type": "Bitmap Index Scan",
                                "Parent Relationship": "Outer",
                                "Parallel Aware": false,
                                "Index Name": "company_id_movie_companies",
                                "Startup Cost": 0.0,
                                "Total Cost": 91.74,
                                "Plan Rows": 4175,
                                "Plan Width": 0,
                                "Actual Startup Time": 1.494,
                                "Actual Total Time": 1.494,
                                "Actual Rows": 3796,
                                "Actual Loops": 1,
                                "Index Cond": "(company_id = 11244)"
                              }
                            ]
                          },
                          {
                            "Node Type": "Index Only Scan",
                            "Parent Relationship": "Inner",
                            "Parallel Aware": false,
                            "Scan Direction": "Forward",
                            "Index Name": "title_pkey",
                            "Relation Name": "title",
                            "Alias": "t",
                            "Startup Cost": 0.43,
                            "Total Cost": 7.48,
                            "Plan Rows": 1,
                            "Plan Width": 4,
                            "Actual Startup Time": 0.007,
                            "Actual Total Time": 0.007,
                            "Actual Rows": 1,
                            "Actual Loops": 3796,
                            "Index Cond": "(id = mc.movie_id)",
                            "Rows Removed by Index Recheck": 0,
                            "Heap Fetches": 3796
                          }
                        ]
                      }
                    ]
                  }
                ]
              }
            ]
          }
        ]
      }
    ]
  },
  "Planning Time": 1.014,
  "Triggers": [],
  "Execution Time": 396.203
}