[
  {
    "Plan": {
      "Node Type": "Aggregate",
      "Strategy": "Plain",
      "Partial Mode": "Finalize",
      "Parallel Aware": false,
      "Startup Cost": 57157.7,
      "Total Cost": 57157.71,
      "Plan Rows": 1,
      "Plan Width": 8,
      "Actual Startup Time": 58.422,
      "Actual Total Time": 62.868,
      "Actual Rows": 1,
      "Actual Loops": 1,
      "Plans": [
        {
          "Node Type": "Gather",
          "Parent Relationship": "Outer",
          "Parallel Aware": false,
          "Startup Cost": 57157.38,
          "Total Cost": 57157.69,
          "Plan Rows": 3,
          "Plan Width": 8,
          "Actual Startup Time": 57.998,
          "Actual Total Time": 62.858,
          "Actual Rows": 4,
          "Actual Loops": 1,
          "Workers Planned": 3,
          "Workers Launched": 3,
          "Single Copy": false,
          "Plans": [
            {
              "Node Type": "Aggregate",
              "Strategy": "Plain",
              "Partial Mode": "Partial",
              "Parent Relationship": "Outer",
              "Parallel Aware": false,
              "Startup Cost": 56157.38,
              "Total Cost": 56157.39,
              "Plan Rows": 1,
              "Plan Width": 8,
              "Actual Startup Time": 53.347,
              "Actual Total Time": 53.349,
              "Actual Rows": 1,
              "Actual Loops": 4,
              "Plans": [
                {
                  "Node Type": "Nested Loop",
                  "Parent Relationship": "Outer",
                  "Parallel Aware": false,
                  "Join Type": "Inner",
                  "Startup Cost": 216.04,
                  "Total Cost": 56130.88,
                  "Plan Rows": 10601,
                  "Plan Width": 0,
                  "Actual Startup Time": 23.518,
                  "Actual Total Time": 52.606,
                  "Actual Rows": 4534,
                  "Actual Loops": 4,
                  "Inner Unique": false,
                  "Plans": [
                    {
                      "Node Type": "Nested Loop",
                      "Parent Relationship": "Outer",
                      "Parallel Aware": false,
                      "Join Type": "Inner",
                      "Startup Cost": 215.6,
                      "Total Cost": 51054.46,
                      "Plan Rows": 2719,
                      "Plan Width": 8,
                      "Actual Startup Time": 23.352,
                      "Actual Total Time": 35.129,
                      "Actual Rows": 1000,
                      "Actual Loops": 4,
                      "Inner Unique": true,
                      "Plans": [
                        {
                          "Node Type": "Bitmap Heap Scan",
                          "Parent Relationship": "Outer",
                          "Parallel Aware": true,
                          "Relation Name": "cast_info",
                          "Alias": "ci",
                          "Startup Cost": 215.17,
                          "Total Cost": 32692.11,
                          "Plan Rows": 2719,
                          "Plan Width": 4,
                          "Actual Startup Time": 23.17,
                          "Actual Total Time": 23.733,
                          "Actual Rows": 1000,
                          "Actual Loops": 4,
                          "Recheck Cond": "(person_id = 1042909)",
                          "Rows Removed by Index Recheck": 0,
                          "Filter": "(role_id < 10)",
                          "Rows Removed by Filter": 1,
                          "Exact Heap Blocks": 15,
                          "Lossy Heap Blocks": 0,
                          "Plans": [
                            {
                              "Node Type": "Bitmap Index Scan",
                              "Parent Relationship": "Outer",
                              "Parallel Aware": false,
                              "Index Name": "person_id_cast_info",
                              "Startup Cost": 0.0,
                              "Total Cost": 213.07,
                              "Plan Rows": 9667,
                              "Plan Width": 0,
                              "Actual Startup Time": 26.772,
                              "Actual Total Time": 26.773,
                              "Actual Rows": 4006,
                              "Actual Loops": 1,
                              "Index Cond": "(person_id = 1042909)"
                            }
                          ]
                        },
                        {
                          "Node Type": "Index Only Scan",
                          "Parent Relationship": "Inner",
                          "Parallel Aware": false,
                          "Scan Direction": "Forward",
                          "Index Name": "title_pkey",
                          "Relation Name": "title",
                          "Alias": "t",
                          "Startup Cost": 0.43,
                          "Total Cost": 6.75,
                          "Plan Rows": 1,
                          "Plan Width": 4,
                          "Actual Startup Time": 0.011,
                          "Actual Total Time": 0.011,
                          "Actual Rows": 1,
                          "Actual Loops": 4001,
                          "Index Cond": "(id = ci.movie_id)",
                          "Rows Removed by Index Recheck": 0,
                          "Heap Fetches": 4001
                        }
                      ]
                    },
                    {
                      "Node Type": "Index Scan",
                      "Parent Relationship": "Inner",
                      "Parallel Aware": false,
                      "Scan Direction": "Forward",
                      "Index Name": "movie_id_movie_info",
                      "Relation Name": "movie_info",
                      "Alias": "mi",
                      "Startup Cost": 0.43,
                      "Total Cost": 1.6,
                      "Plan Rows": 27,
                      "Plan Width": 4,
                      "Actual Startup Time": 0.008,
                      "Actual Total Time": 0.016,
                      "Actual Rows": 5,
                      "Actual Loops": 4001,
                      "Index Cond": "(movie_id = t.id)",
                      "Rows Removed by Index Recheck": 0,
                      "Filter": "(info_type_id > 4)",
                      "Rows Removed by Filter": 2
                    }
                  ]
                }
              ]
            }
          ]
        }
      ]
    },
    "Planning Time": 1.348,
    "Triggers": [],
    "Execution Time": 62.986
  }
]