[
  {
    "Plan": {
      "Node Type": "Aggregate",
      "Strategy": "Plain",
      "Partial Mode": "Finalize",
      "Parallel Aware": false,
      "Startup Cost": 89225.31,
      "Total Cost": 89225.32,
      "Plan Rows": 1,
      "Plan Width": 8,
      "Actual Startup Time": 443.399,
      "Actual Total Time": 460.991,
      "Actual Rows": 1,
      "Actual Loops": 1,
      "Plans": [
        {
          "Node Type": "Gather",
          "Parent Relationship": "Outer",
          "Parallel Aware": false,
          "Startup Cost": 89224.99,
          "Total Cost": 89225.3,
          "Plan Rows": 3,
          "Plan Width": 8,
          "Actual Startup Time": 434.405,
          "Actual Total Time": 460.981,
          "Actual Rows": 4,
          "Actual Loops": 1,
          "Workers Planned": 3,
          "Workers Launched": 3,
          "Single Copy": false,
          "Plans": [
            {
              "Node Type": "Aggregate",
              "Strategy": "Plain",
              "Partial Mode": "Partial",
              "Parent Relationship": "Outer",
              "Parallel Aware": false,
              "Startup Cost": 88224.99,
              "Total Cost": 88225.0,
              "Plan Rows": 1,
              "Plan Width": 8,
              "Actual Startup Time": 421.974,
              "Actual Total Time": 421.978,
              "Actual Rows": 1,
              "Actual Loops": 4,
              "Plans": [
                {
                  "Node Type": "Hash Join",
                  "Parent Relationship": "Outer",
                  "Parallel Aware": true,
                  "Join Type": "Inner",
                  "Startup Cost": 60727.31,
                  "Total Cost": 87947.1,
                  "Plan Rows": 111156,
                  "Plan Width": 0,
                  "Actual Startup Time": 308.72,
                  "Actual Total Time": 420.846,
                  "Actual Rows": 16697,
                  "Actual Loops": 4,
                  "Inner Unique": true,
                  "Hash Cond": "(mk.movie_id = t.id)",
                  "Plans": [
                    {
                      "Node Type": "Bitmap Heap Scan",
                      "Parent Relationship": "Outer",
                      "Parallel Aware": true,
                      "Relation Name": "movie_keyword",
                      "Alias": "mk",
                      "Startup Cost": 12025.7,
                      "Total Cost": 38765.48,
                      "Plan Rows": 182862,
                      "Plan Width": 4,
                      "Actual Startup Time": 30.768,
                      "Actual Total Time": 96.794,
                      "Actual Rows": 144740,
                      "Actual Loops": 4,
                      "Recheck Cond": "(keyword_id < 411)",
                      "Rows Removed by Index Recheck": 0,
                      "Exact Heap Blocks": 8699,
                      "Lossy Heap Blocks": 0,
                      "Plans": [
                        {
                          "Node Type": "Bitmap Index Scan",
                          "Parent Relationship": "Outer",
                          "Parallel Aware": false,
                          "Index Name": "keyword_id_movie_keyword",
                          "Startup Cost": 0.0,
                          "Total Cost": 11883.98,
                          "Plan Rows": 566873,
                          "Plan Width": 0,
                          "Actual Startup Time": 27.099,
                          "Actual Total Time": 27.099,
                          "Actual Rows": 578959,
                          "Actual Loops": 1,
                          "Index Cond": "(keyword_id < 411)"
                        }
                      ]
                    },
                    {
                      "Node Type": "Hash",
                      "Parent Relationship": "Inner",
                      "Parallel Aware": true,
                      "Startup Cost": 43898.92,
                      "Total Cost": 43898.92,
                      "Plan Rows": 384216,
                      "Plan Width": 4,
                      "Actual Startup Time": 270.279,
                      "Actual Total Time": 270.28,
                      "Actual Rows": 385816,
                      "Actual Loops": 4,
                      "Hash Buckets": 2097152,
                      "Original Hash Buckets": 2097152,
                      "Hash Batches": 1,
                      "Original Hash Batches": 1,
                      "Peak Memory Usage": 76832,
                      "Plans": [
                        {
                          "Node Type": "Seq Scan",
                          "Parent Relationship": "Outer",
                          "Parallel Aware": true,
                          "Relation Name": "title",
                          "Alias": "t",
                          "Startup Cost": 0.0,
                          "Total Cost": 43898.92,
                          "Plan Rows": 384216,
                          "Plan Width": 4,
                          "Actual Startup Time": 0.046,
                          "Actual Total Time": 115.865,
                          "Actual Rows": 385816,
                          "Actual Loops": 4,
                          "Filter": "(kind_id = 7)",
                          "Rows Removed by Filter": 246262
                        }
                      ]
                    }
                  ]
                }
              ]
            }
          ]
        }
      ]
    },
    "Planning Time": 0.626,
    "Triggers": [],
    "Execution Time": 461.083
  }
]