[
  {
    "Plan": {
      "Node Type": "Aggregate",
      "Strategy": "Plain",
      "Partial Mode": "Finalize",
      "Parallel Aware": false,
      "Startup Cost": 116294.98,
      "Total Cost": 116294.99,
      "Plan Rows": 1,
      "Plan Width": 8,
      "Actual Startup Time": 1081.094,
      "Actual Total Time": 1131.233,
      "Actual Rows": 1,
      "Actual Loops": 1,
      "Plans": [
        {
          "Node Type": "Gather",
          "Parent Relationship": "Outer",
          "Parallel Aware": false,
          "Startup Cost": 116294.67,
          "Total Cost": 116294.98,
          "Plan Rows": 3,
          "Plan Width": 8,
          "Actual Startup Time": 1080.337,
          "Actual Total Time": 1131.222,
          "Actual Rows": 4,
          "Actual Loops": 1,
          "Workers Planned": 3,
          "Workers Launched": 3,
          "Single Copy": false,
          "Plans": [
            {
              "Node Type": "Aggregate",
              "Strategy": "Plain",
              "Partial Mode": "Partial",
              "Parent Relationship": "Outer",
              "Parallel Aware": false,
              "Startup Cost": 115294.67,
              "Total Cost": 115294.68,
              "Plan Rows": 1,
              "Plan Width": 8,
              "Actual Startup Time": 1070.898,
              "Actual Total Time": 1070.972,
              "Actual Rows": 1,
              "Actual Loops": 4,
              "Plans": [
                {
                  "Node Type": "Nested Loop",
                  "Parent Relationship": "Outer",
                  "Parallel Aware": false,
                  "Join Type": "Inner",
                  "Startup Cost": 45715.01,
                  "Total Cost": 115244.29,
                  "Plan Rows": 20150,
                  "Plan Width": 0,
                  "Actual Startup Time": 111.992,
                  "Actual Total Time": 1050.368,
                  "Actual Rows": 454312,
                  "Actual Loops": 4,
                  "Inner Unique": false,
                  "Join Filter": "(t.id = mi.movie_id)",
                  "Rows Removed by Join Filter": 0,
                  "Plans": [
                    {
                      "Node Type": "Hash Join",
                      "Parent Relationship": "Outer",
                      "Parallel Aware": true,
                      "Join Type": "Inner",
                      "Startup Cost": 45714.57,
                      "Total Cost": 76962.58,
                      "Plan Rows": 21995,
                      "Plan Width": 8,
                      "Actual Startup Time": 111.625,
                      "Actual Total Time": 289.826,
                      "Actual Rows": 91846,
                      "Actual Loops": 4,
                      "Inner Unique": true,
                      "Hash Cond": "(mc.movie_id = t.id)",
                      "Plans": [
                        {
                          "Node Type": "Seq Scan",
                          "Parent Relationship": "Outer",
                          "Parallel Aware": true,
                          "Relation Name": "movie_companies",
                          "Alias": "mc",
                          "Startup Cost": 0.0,
                          "Total Cost": 29310.68,
                          "Plan Rows": 738027,
                          "Plan Width": 4,
                          "Actual Startup Time": 0.017,
                          "Actual Total Time": 69.378,
                          "Actual Rows": 571924,
                          "Actual Loops": 4,
                          "Filter": "(company_id < 91464)",
                          "Rows Removed by Filter": 80358
                        },
                        {
                          "Node Type": "Hash",
                          "Parent Relationship": "Inner",
                          "Parallel Aware": true,
                          "Startup Cost": 45479.1,
                          "Total Cost": 45479.1,
                          "Plan Rows": 18838,
                          "Plan Width": 4,
                          "Actual Startup Time": 109.664,
                          "Actual Total Time": 109.665,
                          "Actual Rows": 49878,
                          "Actual Loops": 4,
                          "Hash Buckets": 262144,
                          "Original Hash Buckets": 131072,
                          "Hash Batches": 1,
                          "Original Hash Batches": 1,
                          "Peak Memory Usage": 10944,
                          "Plans": [
                            {
                              "Node Type": "Seq Scan",
                              "Parent Relationship": "Outer",
                              "Parallel Aware": true,
                              "Relation Name": "title",
                              "Alias": "t",
                              "Startup Cost": 0.0,
                              "Total Cost": 45479.1,
                              "Plan Rows": 18838,
                              "Plan Width": 4,
                              "Actual Startup Time": 0.126,
                              "Actual Total Time": 93.993,
                              "Actual Rows": 49878,
                              "Actual Loops": 4,
                              "Filter": "((kind_id < 3) AND (production_year < 1962))",
                              "Rows Removed by Filter": 582200
                            }
                          ]
                        }
                      ]
                    },
                    {
                      "Node Type": "Index Scan",
                      "Parent Relationship": "Inner",
                      "Parallel Aware": false,
                      "Scan Direction": "Forward",
                      "Index Name": "movie_id_movie_info",
                      "Relation Name": "movie_info",
                      "Alias": "mi",
                      "Startup Cost": 0.43,
                      "Total Cost": 1.65,
                      "Plan Rows": 7,
                      "Plan Width": 4,
                      "Actual Startup Time": 0.005,
                      "Actual Total Time": 0.008,
                      "Actual Rows": 5,
                      "Actual Loops": 367386,
                      "Index Cond": "(movie_id = mc.movie_id)",
                      "Rows Removed by Index Recheck": 0,
                      "Filter": "(info_type_id > 16)",
                      "Rows Removed by Filter": 17
                    }
                  ]
                }
              ]
            }
          ]
        }
      ]
    },
    "Planning Time": 1.525,
    "Triggers": [],
    "Execution Time": 1131.347
  }
]