[
  {
    "Plan": {
      "Node Type": "Aggregate",
      "Strategy": "Plain",
      "Partial Mode": "Finalize",
      "Parallel Aware": false,
      "Startup Cost": 65008.41,
      "Total Cost": 65008.42,
      "Plan Rows": 1,
      "Plan Width": 8,
      "Actual Startup Time": 266.617,
      "Actual Total Time": 281.331,
      "Actual Rows": 1,
      "Actual Loops": 1,
      "Plans": [
        {
          "Node Type": "Gather",
          "Parent Relationship": "Outer",
          "Parallel Aware": false,
          "Startup Cost": 65007.99,
          "Total Cost": 65008.4,
          "Plan Rows": 4,
          "Plan Width": 8,
          "Actual Startup Time": 263.225,
          "Actual Total Time": 281.321,
          "Actual Rows": 5,
          "Actual Loops": 1,
          "Workers Planned": 4,
          "Workers Launched": 4,
          "Single Copy": false,
          "Plans": [
            {
              "Node Type": "Aggregate",
              "Strategy": "Plain",
              "Partial Mode": "Partial",
              "Parent Relationship": "Outer",
              "Parallel Aware": false,
              "Startup Cost": 64007.99,
              "Total Cost": 64008.0,
              "Plan Rows": 1,
              "Plan Width": 8,
              "Actual Startup Time": 257.736,
              "Actual Total Time": 257.739,
              "Actual Rows": 1,
              "Actual Loops": 5,
              "Plans": [
                {
                  "Node Type": "Hash Join",
                  "Parent Relationship": "Outer",
                  "Parallel Aware": true,
                  "Join Type": "Inner",
                  "Startup Cost": 17540.14,
                  "Total Cost": 63771.0,
                  "Plan Rows": 94799,
                  "Plan Width": 0,
                  "Actual Startup Time": 68.553,
                  "Actual Total Time": 253.65,
                  "Actual Rows": 83255,
                  "Actual Loops": 5,
                  "Inner Unique": false,
                  "Hash Cond": "(t.id = mi_idx.movie_id)",
                  "Plans": [
                    {
                      "Node Type": "Seq Scan",
                      "Parent Relationship": "Outer",
                      "Parallel Aware": true,
                      "Relation Name": "title",
                      "Alias": "t",
                      "Startup Cost": 0.0,
                      "Total Cost": 43899.32,
                      "Plan Rows": 516408,
                      "Plan Width": 4,
                      "Actual Startup Time": 0.018,
                      "Actual Total Time": 86.284,
                      "Actual Rows": 412910,
                      "Actual Loops": 5,
                      "Filter": "(production_year < 2011)",
                      "Rows Removed by Filter": 92752
                    },
                    {
                      "Node Type": "Hash",
                      "Parent Relationship": "Inner",
                      "Parallel Aware": true,
                      "Startup Cost": 15122.68,
                      "Total Cost": 15122.68,
                      "Plan Rows": 193397,
                      "Plan Width": 4,
                      "Actual Startup Time": 66.822,
                      "Actual Total Time": 66.824,
                      "Actual Rows": 92037,
                      "Actual Loops": 5,
                      "Hash Buckets": 524288,
                      "Original Hash Buckets": 524288,
                      "Hash Batches": 1,
                      "Original Hash Batches": 1,
                      "Peak Memory Usage": 22208,
                      "Plans": [
                        {
                          "Node Type": "Seq Scan",
                          "Parent Relationship": "Outer",
                          "Parallel Aware": true,
                          "Relation Name": "movie_info_idx",
                          "Alias": "mi_idx",
                          "Startup Cost": 0.0,
                          "Total Cost": 15122.68,
                          "Plan Rows": 193397,
                          "Plan Width": 4,
                          "Actual Startup Time": 0.039,
                          "Actual Total Time": 35.534,
                          "Actual Rows": 92037,
                          "Actual Loops": 5,
                          "Filter": "(info_type_id > 100)",
                          "Rows Removed by Filter": 183970
                        }
                      ]
                    }
                  ]
                }
              ]
            }
          ]
        }
      ]
    },
    "Planning Time": 0.27,
    "Triggers": [],
    "Execution Time": 281.37
  }
]