[
  {
    "Plan": {
      "Node Type": "Aggregate",
      "Strategy": "Plain",
      "Partial Mode": "Finalize",
      "Parallel Aware": false,
      "Startup Cost": 767099.94,
      "Total Cost": 767099.95,
      "Plan Rows": 1,
      "Plan Width": 64,
      "Actual Startup Time": 5588.583,
      "Actual Total Time": 5764.09,
      "Actual Rows": 1,
      "Actual Loops": 1,
      "Plans": [
        {
          "Node Type": "Gather",
          "Parent Relationship": "Outer",
          "Parallel Aware": false,
          "Startup Cost": 767099.62,
          "Total Cost": 767099.93,
          "Plan Rows": 3,
          "Plan Width": 64,
          "Actual Startup Time": 5499.865,
          "Actual Total Time": 5764.067,
          "Actual Rows": 4,
          "Actual Loops": 1,
          "Workers Planned": 3,
          "Workers Launched": 3,
          "Single Copy": false,
          "Plans": [
            {
              "Node Type": "Aggregate",
              "Strategy": "Plain",
              "Partial Mode": "Partial",
              "Parent Relationship": "Outer",
              "Parallel Aware": false,
              "Startup Cost": 766099.62,
              "Total Cost": 766099.63,
              "Plan Rows": 1,
              "Plan Width": 64,
              "Actual Startup Time": 5489.895,
              "Actual Total Time": 5493.518,
              "Actual Rows": 1,
              "Actual Loops": 4,
              "Plans": [
                {
                  "Node Type": "Hash Join",
                  "Parent Relationship": "Outer",
                  "Parallel Aware": true,
                  "Join Type": "Inner",
                  "Startup Cost": 750691.32,
                  "Total Cost": 766086.02,
                  "Plan Rows": 2720,
                  "Plan Width": 32,
                  "Actual Startup Time": 5268.402,
                  "Actual Total Time": 5445.858,
                  "Actual Rows": 669532,
                  "Actual Loops": 4,
                  "Inner Unique": false,
                  "Hash Cond": "(an.person_id = n.id)",
                  "Plans": [
                    {
                      "Node Type": "Seq Scan",
                      "Parent Relationship": "Outer",
                      "Parallel Aware": true,
                      "Relation Name": "aka_name",
                      "Alias": "an",
                      "Startup Cost": 0.0,
                      "Total Cost": 14303.56,
                      "Plan Rows": 290756,
                      "Plan Width": 4,
                      "Actual Startup Time": 0.047,
                      "Actual Total Time": 32.666,
                      "Actual Rows": 225336,
                      "Actual Loops": 4
                    },
                    {
                      "Node Type": "Hash",
                      "Parent Relationship": "Inner",
                      "Parallel Aware": true,
                      "Startup Cost": 750676.82,
                      "Total Cost": 750676.82,
                      "Plan Rows": 1160,
                      "Plan Width": 40,
                      "Actual Startup Time": 5267.338,
                      "Actual Total Time": 5270.959,
                      "Actual Rows": 766622,
                      "Actual Loops": 4,
                      "Hash Buckets": 4194304,
                      "Original Hash Buckets": 4096,
                      "Hash Batches": 1,
                      "Original Hash Batches": 1,
                      "Peak Memory Usage": 297344,
                      "Plans": [
                        {
                          "Node Type": "Hash Join",
                          "Parent Relationship": "Outer",
                          "Parallel Aware": true,
                          "Join Type": "Inner",
                          "Startup Cost": 720304.16,
                          "Total Cost": 750676.82,
                          "Plan Rows": 1160,
                          "Plan Width": 40,
                          "Actual Startup Time": 4121.19,
                          "Actual Total Time": 4837.905,
                          "Actual Rows": 766622,
                          "Actual Loops": 4,
                          "Inner Unique": true,
                          "Hash Cond": "(mc.company_id = cn.id)",
                          "Plans": [
                            {
                              "Node Type": "Hash Join",
                              "Parent Relationship": "Outer",
                              "Parallel Aware": true,
                              "Join Type": "Inner",
                              "Startup Cost": 714954.53,
                              "Total Cost": 745318.79,
                              "Plan Rows": 3198,
                              "Plan Width": 44,
                              "Actual Startup Time": 4086.397,
                              "Actual Total Time": 4570.077,
                              "Actual Rows": 3005800,
                              "Actual Loops": 4,
                              "Inner Unique": false,
                              "Hash Cond": "(mc.movie_id = t.id)",
                              "Plans": [
                                {
                                  "Node Type": "Seq Scan",
                                  "Parent Relationship": "Outer",
                                  "Parallel Aware": true,
                                  "Relation Name": "movie_companies",
                                  "Alias": "mc",
                                  "Startup Cost": 0.0,
                                  "Total Cost": 27206.55,
                                  "Plan Rows": 841655,
                                  "Plan Width": 8,
                                  "Actual Startup Time": 0.023,
                                  "Actual Total Time": 67.548,
                                  "Actual Rows": 652282,
                                  "Actual Loops": 4
                                },
                                {
                                  "Node Type": "Hash",
                                  "Parent Relationship": "Inner",
                                  "Parallel Aware": true,
                                  "Startup Cost": 714948.85,
                                  "Total Cost": 714948.85,
                                  "Plan Rows": 454,
                                  "Plan Width": 52,
                                  "Actual Startup Time": 4086.171,
                                  "Actual Total Time": 4089.786,
                                  "Actual Rows": 151768,
                                  "Actual Loops": 4,
                                  "Hash Buckets": 1048576,
                                  "Original Hash Buckets": 2048,
                                  "Hash Batches": 1,
                                  "Original Hash Batches": 1,
                                  "Peak Memory Usage": 70128,
                                  "Plans": [
                                    {
                                      "Node Type": "Hash Join",
                                      "Parent Relationship": "Outer",
                                      "Parallel Aware": true,
                                      "Join Type": "Inner",
                                      "Startup Cost": 670199.58,
                                      "Total Cost": 714948.85,
                                      "Plan Rows": 454,
                                      "Plan Width": 52,
                                      "Actual Startup Time": 3719.701,
                                      "Actual Total Time": 3960.613,
                                      "Actual Rows": 151768,
                                      "Actual Loops": 4,
                                      "Inner Unique": true,
                                      "Hash Cond": "(ci.person_role_id = chn.id)",
                                      "Plans": [
                                        {
                                          "Node Type": "Hash Join",
                                          "Parent Relationship": "Outer",
                                          "Parallel Aware": true,
                                          "Join Type": "Inner",
                                          "Startup Cost": 616054.8,
                                          "Total Cost": 660802.88,
                                          "Plan Rows": 454,
                                          "Plan Width": 56,
                                          "Actual Startup Time": 3166.96,
                                          "Actual Total Time": 3363.919,
                                          "Actual Rows": 156676,
                                          "Actual Loops": 4,
                                          "Inner Unique": false,
                                          "Hash Cond": "(t.id = mi.movie_id)",
                                          "Plans": [
                                            {
                                              "Node Type": "Seq Scan",
                                              "Parent Relationship": "Outer",
                                              "Parallel Aware": true,
                                              "Relation Name": "title",
                                              "Alias": "t",
                                              "Startup Cost": 0.0,
                                              "Total Cost": 43898.62,
                                              "Plan Rows": 226281,
                                              "Plan Width": 21,
                                              "Actual Startup Time": 0.026,
                                              "Actual Total Time": 105.206,
                                              "Actual Rows": 226123,
                                              "Actual Loops": 4,
                                              "Filter": "(production_year > 2006)",
                                              "Rows Removed by Filter": 405955
                                            },
                                            {
                                              "Node Type": "Hash",
                                              "Parent Relationship": "Inner",
                                              "Parallel Aware": true,
                                              "Startup Cost": 616042.12,
                                              "Total Cost": 616042.12,
                                              "Plan Rows": 1014,
                                              "Plan Width": 35,
                                              "Actual Startup Time": 3163.265,
                                              "Actual Total Time": 3166.875,
                                              "Actual Rows": 428607,
                                              "Actual Loops": 4,
                                              "Hash Buckets": 2097152,
                                              "Original Hash Buckets": 8192,
                                              "Hash Batches": 1,
                                              "Original Hash Batches": 1,
                                              "Peak Memory Usage": 152352,
                                              "Plans": [
                                                {
                                                  "Node Type": "Hash Join",
                                                  "Parent Relationship": "Outer",
                                                  "Parallel Aware": true,
                                                  "Join Type": "Inner",
                                                  "Startup Cost": 416188.48,
                                                  "Total Cost": 616042.12,
                                                  "Plan Rows": 1014,
                                                  "Plan Width": 35,
                                                  "Actual Startup Time": 2165.217,
                                                  "Actual Total Time": 2942.163,
                                                  "Actual Rows": 428607,
                                                  "Actual Loops": 4,
                                                  "Inner Unique": false,
                                                  "Hash Cond": "(mi.movie_id = ci.movie_id)",
                                                  "Plans": [
                                                    {
                                                      "Node Type": "Hash Join",
                                                      "Parent Relationship": "Outer",
                                                      "Parallel Aware": false,
                                                      "Join Type": "Inner",
                                                      "Startup Cost": 2.43,
                                                      "Total Cost": 199755.89,
                                                      "Plan Rows": 26264,
                                                      "Plan Width": 4,
                                                      "Actual Startup Time": 225.64,
                                                      "Actual Total Time": 795.379,
                                                      "Actual Rows": 759180,
                                                      "Actual Loops": 4,
                                                      "Inner Unique": true,
                                                      "Hash Cond": "(mi.info_type_id = it.id)",
                                                      "Plans": [
                                                        {
                                                          "Node Type": "Seq Scan",
                                                          "Parent Relationship": "Outer",
                                                          "Parallel Aware": true,
                                                          "Relation Name": "movie_info",
                                                          "Alias": "mi",
                                                          "Startup Cost": 0.0,
                                                          "Total Cost": 191670.84,
                                                          "Plan Rows": 2967784,
                                                          "Plan Width": 8,
                                                          "Actual Startup Time": 0.044,
                                                          "Actual Total Time": 479.831,
                                                          "Actual Rows": 3708930,
                                                          "Actual Loops": 4
                                                        },
                                                        {
                                                          "Node Type": "Hash",
                                                          "Parent Relationship": "Inner",
                                                          "Parallel Aware": false,
                                                          "Startup Cost": 2.41,
                                                          "Total Cost": 2.41,
                                                          "Plan Rows": 1,
                                                          "Plan Width": 4,
                                                          "Actual Startup Time": 0.058,
                                                          "Actual Total Time": 0.06,
                                                          "Actual Rows": 1,
                                                          "Actual Loops": 4,
                                                          "Hash Buckets": 1024,
                                                          "Original Hash Buckets": 1024,
                                                          "Hash Batches": 1,
                                                          "Original Hash Batches": 1,
                                                          "Peak Memory Usage": 9,
                                                          "Plans": [
                                                            {
                                                              "Node Type": "Seq Scan",
                                                              "Parent Relationship": "Outer",
                                                              "Parallel Aware": false,
                                                              "Relation Name": "info_type",
                                                              "Alias": "it",
                                                              "Startup Cost": 0.0,
                                                              "Total Cost": 2.41,
                                                              "Plan Rows": 1,
                                                              "Plan Width": 4,
                                                              "Actual Startup Time": 0.041,
                                                              "Actual Total Time": 0.049,
                                                              "Actual Rows": 1,
                                                              "Actual Loops": 4,
                                                              "Filter": "((info)::text = 'release dates'::text)",
                                                              "Rows Removed by Filter": 112
                                                            }
                                                          ]
                                                        }
                                                      ]
                                                    },
                                                    {
                                                      "Node Type": "Hash",
                                                      "Parent Relationship": "Inner",
                                                      "Parallel Aware": true,
                                                      "Startup Cost": 416101.05,
                                                      "Total Cost": 416101.05,
                                                      "Plan Rows": 6801,
                                                      "Plan Width": 31,
                                                      "Actual Startup Time": 1939.149,
                                                      "Actual Total Time": 1942.752,
                                                      "Actual Rows": 97589,
                                                      "Actual Loops": 4,
                                                      "Hash Buckets": 524288,
                                                      "Original Hash Buckets": 65536,
                                                      "Hash Batches": 1,
                                                      "Original Hash Batches": 1,
                                                      "Peak Memory Usage": 32992,
                                                      "Plans": [
                                                        {
                                                          "Node Type": "Hash Join",
                                                          "Parent Relationship": "Outer",
                                                          "Parallel Aware": false,
                                                          "Join Type": "Inner",
                                                          "Startup Cost": 71615.01,
                                                          "Total Cost": 416101.05,
                                                          "Plan Rows": 6801,
                                                          "Plan Width": 31,
                                                          "Actual Startup Time": 848.829,
                                                          "Actual Total Time": 1880.452,
                                                          "Actual Rows": 97589,
                                                          "Actual Loops": 4,
                                                          "Inner Unique": true,
                                                          "Hash Cond": "(ci.role_id = rt.id)",
                                                          "Plans": [
                                                            {
                                                              "Node Type": "Hash Join",
                                                              "Parent Relationship": "Outer",
                                                              "Parallel Aware": true,
                                                              "Join Type": "Inner",
                                                              "Startup Cost": 71613.85,
                                                              "Total Cost": 415809.98,
                                                              "Plan Rows": 81615,
                                                              "Plan Width": 35,
                                                              "Actual Startup Time": 848.721,
                                                              "Actual Total Time": 1859.51,
                                                              "Actual Rows": 112674,
                                                              "Actual Loops": 4,
                                                              "Inner Unique": true,
                                                              "Hash Cond": "(ci.person_id = n.id)",
                                                              "Plans": [
                                                                {
                                                                  "Node Type": "Seq Scan",
                                                                  "Parent Relationship": "Outer",
                                                                  "Parallel Aware": true,
                                                                  "Relation Name": "cast_info",
                                                                  "Alias": "ci",
                                                                  "Startup Cost": 0.0,
                                                                  "Total Cost": 343259.37,
                                                                  "Plan Rows": 356863,
                                                                  "Plan Width": 16,
                                                                  "Actual Startup Time": 0.029,
                                                                  "Actual Total Time": 1388.345,
                                                                  "Actual Rows": 526286,
                                                                  "Actual Loops": 4,
                                                                  "Filter": "(note = ANY ('{(uncredited),(voice),(writer),\"(as Whitney)\"}'::text[]))",
                                                                  "Rows Removed by Filter": 8534800
                                                                },
                                                                {
                                                                  "Node Type": "Hash",
                                                                  "Parent Relationship": "Inner",
                                                                  "Parallel Aware": true,
                                                                  "Startup Cost": 68635.58,
                                                                  "Total Cost": 68635.58,
                                                                  "Plan Rows": 238261,
                                                                  "Plan Width": 19,
                                                                  "Actual Startup Time": 344.266,
                                                                  "Actual Total Time": 344.267,
                                                                  "Actual Rows": 240389,
                                                                  "Actual Loops": 4,
                                                                  "Hash Buckets": 1048576,
                                                                  "Original Hash Buckets": 1048576,
                                                                  "Hash Batches": 1,
                                                                  "Original Hash Batches": 1,
                                                                  "Peak Memory Usage": 60576,
                                                                  "Plans": [
                                                                    {
                                                                      "Node Type": "Seq Scan",
                                                                      "Parent Relationship": "Outer",
                                                                      "Parallel Aware": true,
                                                                      "Relation Name": "name",
                                                                      "Alias": "n",
                                                                      "Startup Cost": 0.0,
                                                                      "Total Cost": 68635.58,
                                                                      "Plan Rows": 238261,
                                                                      "Plan Width": 19,
                                                                      "Actual Startup Time": 92.328,
                                                                      "Actual Total Time": 220.865,
                                                                      "Actual Rows": 240389,
                                                                      "Actual Loops": 4,
                                                                      "Filter": "((gender)::text = 'f'::text)",
                                                                      "Rows Removed by Filter": 801484
                                                                    }
                                                                  ]
                                                                }
                                                              ]
                                                            },
                                                            {
                                                              "Node Type": "Hash",
                                                              "Parent Relationship": "Inner",
                                                              "Parallel Aware": false,
                                                              "Startup Cost": 1.15,
                                                              "Total Cost": 1.15,
                                                              "Plan Rows": 1,
                                                              "Plan Width": 4,
                                                              "Actual Startup Time": 0.064,
                                                              "Actual Total Time": 0.065,
                                                              "Actual Rows": 1,
                                                              "Actual Loops": 4,
                                                              "Hash Buckets": 1024,
                                                              "Original Hash Buckets": 1024,
                                                              "Hash Batches": 1,
                                                              "Original Hash Batches": 1,
                                                              "Peak Memory Usage": 9,
                                                              "Plans": [
                                                                {
                                                                  "Node Type": "Seq Scan",
                                                                  "Parent Relationship": "Outer",
                                                                  "Parallel Aware": false,
                                                                  "Relation Name": "role_type",
                                                                  "Alias": "rt",
                                                                  "Startup Cost": 0.0,
                                                                  "Total Cost": 1.15,
                                                                  "Plan Rows": 1,
                                                                  "Plan Width": 4,
                                                                  "Actual Startup Time": 0.052,
                                                                  "Actual Total Time": 0.055,
                                                                  "Actual Rows": 1,
                                                                  "Actual Loops": 4,
                                                                  "Filter": "((role)::text = 'actress'::text)",
                                                                  "Rows Removed by Filter": 11
                                                                }
                                                              ]
                                                            }
                                                          ]
                                                        }
                                                      ]
                                                    }
                                                  ]
                                                }
                                              ]
                                            }
                                          ]
                                        },
                                        {
                                          "Node Type": "Hash",
                                          "Parent Relationship": "Inner",
                                          "Parallel Aware": true,
                                          "Startup Cost": 44325.46,
                                          "Total Cost": 44325.46,
                                          "Plan Rows": 785546,
                                          "Plan Width": 4,
                                          "Actual Startup Time": 544.167,
                                          "Actual Total Time": 544.168,
                                          "Actual Rows": 785085,
                                          "Actual Loops": 4,
                                          "Hash Buckets": 4194304,
                                          "Original Hash Buckets": 4194304,
                                          "Hash Batches": 1,
                                          "Original Hash Batches": 1,
                                          "Peak Memory Usage": 155680,
                                          "Plans": [
                                            {
                                              "Node Type": "Seq Scan",
                                              "Parent Relationship": "Outer",
                                              "Parallel Aware": true,
                                              "Relation Name": "char_name",
                                              "Alias": "chn",
                                              "Startup Cost": 0.0,
                                              "Total Cost": 44325.46,
                                              "Plan Rows": 785546,
                                              "Plan Width": 4,
                                              "Actual Startup Time": 0.057,
                                              "Actual Total Time": 178.21,
                                              "Actual Rows": 785085,
                                              "Actual Loops": 4
                                            }
                                          ]
                                        }
                                      ]
                                    }
                                  ]
                                }
                              ]
                            },
                            {
                              "Node Type": "Hash",
                              "Parent Relationship": "Inner",
                              "Parallel Aware": true,
                              "Startup Cost": 4722.92,
                              "Total Cost": 4722.92,
                              "Plan Rows": 50137,
                              "Plan Width": 4,
                              "Actual Startup Time": 34.367,
                              "Actual Total Time": 34.368,
                              "Actual Rows": 21211,
                              "Actual Loops": 4,
                              "Hash Buckets": 131072,
                              "Original Hash Buckets": 131072,
                              "Hash Batches": 1,
                              "Original Hash Batches": 1,
                              "Peak Memory Usage": 4448,
                              "Plans": [
                                {
                                  "Node Type": "Seq Scan",
                                  "Parent Relationship": "Outer",
                                  "Parallel Aware": true,
                                  "Relation Name": "company_name",
                                  "Alias": "cn",
                                  "Startup Cost": 0.0,
                                  "Total Cost": 4722.92,
                                  "Plan Rows": 50137,
                                  "Plan Width": 4,
                                  "Actual Startup Time": 0.07,
                                  "Actual Total Time": 24.992,
                                  "Actual Rows": 21211,
                                  "Actual Loops": 4,
                                  "Filter": "((country_code)::text = '[us]'::text)",
                                  "Rows Removed by Filter": 37538
                                }
                              ]
                            }
                          ]
                        }
                      ]
                    }
                  ]
                }
              ]
            }
          ]
        }
      ]
    },
    "Planning Time": 36.905,
    "Triggers": [],
    "Execution Time": 5764.634
  }
]