[
    {
        "Bao": {
            "Bao prediction": "NaN",
            "Bao recommended hint": "(no hint)"
        }
    },
    {
        "Plan": {
            "Node Type": "Aggregate",
            "Strategy": "Plain",
            "Partial Mode": "Finalize",
            "Parallel Aware": false,
            "Startup Cost": 348731.14,
            "Total Cost": 348731.15,
            "Plan Rows": 1,
            "Plan Width": 8,
            "Actual Startup Time": 717.941,
            "Actual Total Time": 749.874,
            "Actual Rows": 1,
            "Actual Loops": 1,
            "Output": [
                "count(*)"
            ],
            "Plans": [
                {
                    "Node Type": "Gather",
                    "Parent Relationship": "Outer",
                    "Parallel Aware": false,
                    "Startup Cost": 348730.51,
                    "Total Cost": 348731.12,
                    "Plan Rows": 6,
                    "Plan Width": 8,
                    "Actual Startup Time": 717.85,
                    "Actual Total Time": 749.865,
                    "Actual Rows": 7,
                    "Actual Loops": 1,
                    "Output": [
                        "(PARTIAL count(*))"
                    ],
                    "Workers Planned": 6,
                    "Workers Launched": 6,
                    "Single Copy": false,
                    "Plans": [
                        {
                            "Node Type": "Aggregate",
                            "Strategy": "Plain",
                            "Partial Mode": "Partial",
                            "Parent Relationship": "Outer",
                            "Parallel Aware": false,
                            "Startup Cost": 347730.51,
                            "Total Cost": 347730.52,
                            "Plan Rows": 1,
                            "Plan Width": 8,
                            "Actual Startup Time": 708.162,
                            "Actual Total Time": 708.163,
                            "Actual Rows": 1,
                            "Actual Loops": 7,
                            "Output": [
                                "PARTIAL count(*)"
                            ],
                            "Workers": [
                                {
                                    "Worker Number": 0,
                                    "Actual Startup Time": 705.72,
                                    "Actual Total Time": 705.721,
                                    "Actual Rows": 1,
                                    "Actual Loops": 1
                                },
                                {
                                    "Worker Number": 1,
                                    "Actual Startup Time": 706.257,
                                    "Actual Total Time": 706.257,
                                    "Actual Rows": 1,
                                    "Actual Loops": 1
                                },
                                {
                                    "Worker Number": 2,
                                    "Actual Startup Time": 706.508,
                                    "Actual Total Time": 706.509,
                                    "Actual Rows": 1,
                                    "Actual Loops": 1
                                },
                                {
                                    "Worker Number": 3,
                                    "Actual Startup Time": 706.938,
                                    "Actual Total Time": 706.939,
                                    "Actual Rows": 1,
                                    "Actual Loops": 1
                                },
                                {
                                    "Worker Number": 4,
                                    "Actual Startup Time": 706.969,
                                    "Actual Total Time": 706.97,
                                    "Actual Rows": 1,
                                    "Actual Loops": 1
                                },
                                {
                                    "Worker Number": 5,
                                    "Actual Startup Time": 707.308,
                                    "Actual Total Time": 707.308,
                                    "Actual Rows": 1,
                                    "Actual Loops": 1
                                }
                            ],
                            "Plans": [
                                {
                                    "Node Type": "Seq Scan",
                                    "Parent Relationship": "Outer",
                                    "Parallel Aware": true,
                                    "Relation Name": "cast_info",
                                    "Schema": "public",
                                    "Alias": "ci",
                                    "Startup Cost": 0.0,
                                    "Total Cost": 343318.94,
                                    "Plan Rows": 1764629,
                                    "Plan Width": 0,
                                    "Actual Startup Time": 328.082,
                                    "Actual Total Time": 627.453,
                                    "Actual Rows": 1815232,
                                    "Actual Loops": 7,
                                    "Output": [
                                        "id",
                                        "person_id",
                                        "movie_id",
                                        "person_role_id",
                                        "note",
                                        "nr_order",
                                        "role_id"
                                    ],
                                    "Filter": "((ci.person_id > 1213590) AND (ci.role_id > 2))",
                                    "Rows Removed by Filter": 3362531,
                                    "Workers": [
                                        {
                                            "Worker Number": 0,
                                            "Actual Startup Time": 325.634,
                                            "Actual Total Time": 626.514,
                                            "Actual Rows": 1842125,
                                            "Actual Loops": 1
                                        },
                                        {
                                            "Worker Number": 1,
                                            "Actual Startup Time": 326.176,
                                            "Actual Total Time": 628.632,
                                            "Actual Rows": 1878258,
                                            "Actual Loops": 1
                                        },
                                        {
                                            "Worker Number": 2,
                                            "Actual Startup Time": 326.43,
                                            "Actual Total Time": 628.94,
                                            "Actual Rows": 1879582,
                                            "Actual Loops": 1
                                        },
                                        {
                                            "Worker Number": 3,
                                            "Actual Startup Time": 326.863,
                                            "Actual Total Time": 627.577,
                                            "Actual Rows": 1846411,
                                            "Actual Loops": 1
                                        },
                                        {
                                            "Worker Number": 4,
                                            "Actual Startup Time": 326.89,
                                            "Actual Total Time": 627.841,
                                            "Actual Rows": 1840897,
                                            "Actual Loops": 1
                                        },
                                        {
                                            "Worker Number": 5,
                                            "Actual Startup Time": 327.213,
                                            "Actual Total Time": 629.691,
                                            "Actual Rows": 1881285,
                                            "Actual Loops": 1
                                        }
                                    ]
                                }
                            ]
                        }
                    ]
                }
            ]
        },
        "Planning Time": 283.704,
        "Triggers": [],
        "Execution Time": 749.925
    }
]