{
  "Plan": {
    "Node Type": "Aggregate",
    "Strategy": "Plain",
    "Partial Mode": "Finalize",
    "Parallel Aware": false,
    "Startup Cost": 128544.38,
    "Total Cost": 128544.39,
    "Plan Rows": 1,
    "Plan Width": 8,
    "Actual Startup Time": 714.66,
    "Actual Total Time": 731.963,
    "Actual Rows": 1,
    "Actual Loops": 1,
    "Plans": [
      {
        "Node Type": "Gather",
        "Parent Relationship": "Outer",
        "Parallel Aware": false,
        "Startup Cost": 128544.27,
        "Total Cost": 128544.38,
        "Plan Rows": 1,
        "Plan Width": 8,
        "Actual Startup Time": 711.744,
        "Actual Total Time": 731.956,
        "Actual Rows": 2,
        "Actual Loops": 1,
        "Workers Planned": 1,
        "Workers Launched": 1,
        "Single Copy": false,
        "Plans": [
          {
            "Node Type": "Aggregate",
            "Strategy": "Plain",
            "Partial Mode": "Partial",
            "Parent Relationship": "Outer",
            "Parallel Aware": false,
            "Startup Cost": 127544.27,
            "Total Cost": 127544.28,
            "Plan Rows": 1,
            "Plan Width": 8,
            "Actual Startup Time": 705.458,
            "Actual Total Time": 705.461,
            "Actual Rows": 1,
            "Actual Loops": 2,
            "Plans": [
              {
                "Node Type": "Hash Join",
                "Parent Relationship": "Outer",
                "Parallel Aware": true,
                "Join Type": "Inner",
                "Startup Cost": 64405.08,
                "Total Cost": 125730.29,
                "Plan Rows": 725594,
                "Plan Width": 0,
                "Actual Startup Time": 361.577,
                "Actual Total Time": 687.055,
                "Actual Rows": 474620,
                "Actual Loops": 2,
                "Inner Unique": true,
                "Hash Cond": "(mk.movie_id = t.id)",
                "Plans": [
                  {
                    "Node Type": "Seq Scan",
                    "Parent Relationship": "Outer",
                    "Parallel Aware": true,
                    "Relation Name": "movie_keyword",
                    "Alias": "mk",
                    "Startup Cost": 0.0,
                    "Total Cost": 57718.19,
                    "Plan Rows": 1374098,
                    "Plan Width": 4,
                    "Actual Startup Time": 0.386,
                    "Actual Total Time": 182.193,
                    "Actual Rows": 1166454,
                    "Actual Loops": 2,
                    "Filter": "(keyword_id > 4333)",
                    "Rows Removed by Filter": 1095510
                  },
                  {
                    "Node Type": "Hash",
                    "Parent Relationship": "Inner",
                    "Parallel Aware": true,
                    "Startup Cost": 54588.39,
                    "Total Cost": 54588.39,
                    "Plan Rows": 785335,
                    "Plan Width": 4,
                    "Actual Startup Time": 348.982,
                    "Actual Total Time": 348.983,
                    "Actual Rows": 661432,
                    "Actual Loops": 2,
                    "Hash Buckets": 2097152,
                    "Original Hash Buckets": 2097152,
                    "Hash Batches": 1,
                    "Original Hash Batches": 1,
                    "Peak Memory Usage": 68192,
                    "Plans": [
                      {
                        "Node Type": "Seq Scan",
                        "Parent Relationship": "Outer",
                        "Parallel Aware": true,
                        "Relation Name": "title",
                        "Alias": "t",
                        "Startup Cost": 0.0,
                        "Total Cost": 54588.39,
                        "Plan Rows": 785335,
                        "Plan Width": 4,
                        "Actual Startup Time": 0.029,
                        "Actual Total Time": 168.796,
                        "Actual Rows": 661432,
                        "Actual Loops": 2,
                        "Filter": "(production_year > 2001)",
                        "Rows Removed by Filter": 602724
                      }
                    ]
                  }
                ]
              }
            ]
          }
        ]
      }
    ]
  },
  "Planning Time": 0.623,
  "Triggers": [],
  "Execution Time": 732.027
}