{
    "Plan": {
        "Node Type": "Aggregate",
        "Strategy": "Plain",
        "Partial Mode": "Finalize",
        "Parallel Aware": false,
        "Startup Cost": 247770.38,
        "Total Cost": 247770.39,
        "Plan Rows": 1,
        "Plan Width": 8,
        "Actual Startup Time": 614.738,
        "Actual Total Time": 648.31,
        "Actual Rows": 1,
        "Actual Loops": 1,
        "Output": [
            "count(*)"
        ],
        "Plans": [
            {
                "Node Type": "Gather",
                "Parent Relationship": "Outer",
                "Parallel Aware": false,
                "Startup Cost": 247769.75,
                "Total Cost": 247770.36,
                "Plan Rows": 6,
                "Plan Width": 8,
                "Actual Startup Time": 613.943,
                "Actual Total Time": 648.299,
                "Actual Rows": 7,
                "Actual Loops": 1,
                "Output": [
                    "(PARTIAL count(*))"
                ],
                "Workers Planned": 6,
                "Workers Launched": 6,
                "Single Copy": false,
                "Plans": [
                    {
                        "Node Type": "Aggregate",
                        "Strategy": "Plain",
                        "Partial Mode": "Partial",
                        "Parent Relationship": "Outer",
                        "Parallel Aware": false,
                        "Startup Cost": 246769.75,
                        "Total Cost": 246769.76,
                        "Plan Rows": 1,
                        "Plan Width": 8,
                        "Actual Startup Time": 602.658,
                        "Actual Total Time": 602.661,
                        "Actual Rows": 1,
                        "Actual Loops": 7,
                        "Output": [
                            "PARTIAL count(*)"
                        ],
                        "Workers": [
                            {
                                "Worker Number": 0,
                                "Actual Startup Time": 599.885,
                                "Actual Total Time": 599.889,
                                "Actual Rows": 1,
                                "Actual Loops": 1
                            },
                            {
                                "Worker Number": 1,
                                "Actual Startup Time": 600.414,
                                "Actual Total Time": 600.417,
                                "Actual Rows": 1,
                                "Actual Loops": 1
                            },
                            {
                                "Worker Number": 2,
                                "Actual Startup Time": 600.839,
                                "Actual Total Time": 600.842,
                                "Actual Rows": 1,
                                "Actual Loops": 1
                            },
                            {
                                "Worker Number": 3,
                                "Actual Startup Time": 601.016,
                                "Actual Total Time": 601.019,
                                "Actual Rows": 1,
                                "Actual Loops": 1
                            },
                            {
                                "Worker Number": 4,
                                "Actual Startup Time": 601.561,
                                "Actual Total Time": 601.566,
                                "Actual Rows": 1,
                                "Actual Loops": 1
                            },
                            {
                                "Worker Number": 5,
                                "Actual Startup Time": 601.866,
                                "Actual Total Time": 601.868,
                                "Actual Rows": 1,
                                "Actual Loops": 1
                            }
                        ],
                        "Plans": [
                            {
                                "Node Type": "Hash Join",
                                "Parent Relationship": "Outer",
                                "Parallel Aware": true,
                                "Join Type": "Inner",
                                "Startup Cost": 45709.37,
                                "Total Cost": 246679.22,
                                "Plan Rows": 36212,
                                "Plan Width": 0,
                                "Actual Startup Time": 92.304,
                                "Actual Total Time": 599.083,
                                "Actual Rows": 44652,
                                "Actual Loops": 7,
                                "Inner Unique": true,
                                "Hash Cond": "(ci.movie_id = t.id)",
                                "Workers": [
                                    {
                                        "Worker Number": 0,
                                        "Actual Startup Time": 89.383,
                                        "Actual Total Time": 596.532,
                                        "Actual Rows": 40782,
                                        "Actual Loops": 1
                                    },
                                    {
                                        "Worker Number": 1,
                                        "Actual Startup Time": 89.633,
                                        "Actual Total Time": 596.811,
                                        "Actual Rows": 43834,
                                        "Actual Loops": 1
                                    },
                                    {
                                        "Worker Number": 2,
                                        "Actual Startup Time": 90.174,
                                        "Actual Total Time": 597.164,
                                        "Actual Rows": 45576,
                                        "Actual Loops": 1
                                    },
                                    {
                                        "Worker Number": 3,
                                        "Actual Startup Time": 91.198,
                                        "Actual Total Time": 597.587,
                                        "Actual Rows": 41924,
                                        "Actual Loops": 1
                                    },
                                    {
                                        "Worker Number": 4,
                                        "Actual Startup Time": 91.868,
                                        "Actual Total Time": 598.086,
                                        "Actual Rows": 42683,
                                        "Actual Loops": 1
                                    },
                                    {
                                        "Worker Number": 5,
                                        "Actual Startup Time": 91.738,
                                        "Actual Total Time": 598.432,
                                        "Actual Rows": 42597,
                                        "Actual Loops": 1
                                    }
                                ],
                                "Plans": [
                                    {
                                        "Node Type": "Index Scan",
                                        "Parent Relationship": "Outer",
                                        "Parallel Aware": true,
                                        "Scan Direction": "Forward",
                                        "Index Name": "role_id_cast_info",
                                        "Relation Name": "cast_info",
                                        "Schema": "public",
                                        "Alias": "ci",
                                        "Startup Cost": 0.56,
                                        "Total Cost": 197699.43,
                                        "Plan Rows": 1246088,
                                        "Plan Width": 4,
                                        "Actual Startup Time": 0.194,
                                        "Actual Total Time": 283.823,
                                        "Actual Rows": 1064568,
                                        "Actual Loops": 7,
                                        "Output": [
                                            "ci.id",
                                            "ci.person_id",
                                            "ci.movie_id",
                                            "ci.person_role_id",
                                            "ci.note",
                                            "ci.nr_order",
                                            "ci.role_id"
                                        ],
                                        "Index Cond": "(ci.role_id = 2)",
                                        "Rows Removed by Index Recheck": 0,
                                        "Workers": [
                                            {
                                                "Worker Number": 0,
                                                "Actual Startup Time": 0.148,
                                                "Actual Total Time": 287.102,
                                                "Actual Rows": 1025941,
                                                "Actual Loops": 1
                                            },
                                            {
                                                "Worker Number": 1,
                                                "Actual Startup Time": 0.103,
                                                "Actual Total Time": 285.013,
                                                "Actual Rows": 1025700,
                                                "Actual Loops": 1
                                            },
                                            {
                                                "Worker Number": 2,
                                                "Actual Startup Time": 0.102,
                                                "Actual Total Time": 287.415,
                                                "Actual Rows": 1028431,
                                                "Actual Loops": 1
                                            },
                                            {
                                                "Worker Number": 3,
                                                "Actual Startup Time": 0.469,
                                                "Actual Total Time": 285.325,
                                                "Actual Rows": 1029601,
                                                "Actual Loops": 1
                                            },
                                            {
                                                "Worker Number": 4,
                                                "Actual Startup Time": 0.287,
                                                "Actual Total Time": 285.804,
                                                "Actual Rows": 1019850,
                                                "Actual Loops": 1
                                            },
                                            {
                                                "Worker Number": 5,
                                                "Actual Startup Time": 0.217,
                                                "Actual Total Time": 287.832,
                                                "Actual Rows": 1024920,
                                                "Actual Loops": 1
                                            }
                                        ]
                                    },
                                    {
                                        "Node Type": "Hash",
                                        "Parent Relationship": "Inner",
                                        "Parallel Aware": true,
                                        "Startup Cost": 45479.21,
                                        "Total Cost": 45479.21,
                                        "Plan Rows": 18368,
                                        "Plan Width": 4,
                                        "Actual Startup Time": 90.243,
                                        "Actual Total Time": 90.244,
                                        "Actual Rows": 12016,
                                        "Actual Loops": 7,
                                        "Output": [
                                            "t.id"
                                        ],
                                        "Hash Buckets": 131072,
                                        "Original Hash Buckets": 131072,
                                        "Hash Batches": 1,
                                        "Original Hash Batches": 1,
                                        "Peak Memory Usage": 4416,
                                        "Workers": [
                                            {
                                                "Worker Number": 0,
                                                "Actual Startup Time": 88.479,
                                                "Actual Total Time": 88.48,
                                                "Actual Rows": 10334,
                                                "Actual Loops": 1
                                            },
                                            {
                                                "Worker Number": 1,
                                                "Actual Startup Time": 88.975,
                                                "Actual Total Time": 88.976,
                                                "Actual Rows": 10383,
                                                "Actual Loops": 1
                                            },
                                            {
                                                "Worker Number": 2,
                                                "Actual Startup Time": 89.282,
                                                "Actual Total Time": 89.283,
                                                "Actual Rows": 10344,
                                                "Actual Loops": 1
                                            },
                                            {
                                                "Worker Number": 3,
                                                "Actual Startup Time": 89.664,
                                                "Actual Total Time": 89.665,
                                                "Actual Rows": 10989,
                                                "Actual Loops": 1
                                            },
                                            {
                                                "Worker Number": 4,
                                                "Actual Startup Time": 90.195,
                                                "Actual Total Time": 90.197,
                                                "Actual Rows": 10737,
                                                "Actual Loops": 1
                                            },
                                            {
                                                "Worker Number": 5,
                                                "Actual Startup Time": 90.421,
                                                "Actual Total Time": 90.422,
                                                "Actual Rows": 10465,
                                                "Actual Loops": 1
                                            }
                                        ],
                                        "Plans": [
                                            {
                                                "Node Type": "Seq Scan",
                                                "Parent Relationship": "Outer",
                                                "Parallel Aware": true,
                                                "Relation Name": "title",
                                                "Schema": "public",
                                                "Alias": "t",
                                                "Startup Cost": 0.0,
                                                "Total Cost": 45479.21,
                                                "Plan Rows": 18368,
                                                "Plan Width": 4,
                                                "Actual Startup Time": 0.066,
                                                "Actual Total Time": 82.722,
                                                "Actual Rows": 12016,
                                                "Actual Loops": 7,
                                                "Output": [
                                                    "t.id"
                                                ],
                                                "Filter": "((t.kind_id = 7) AND (t.production_year = 2008))",
                                                "Rows Removed by Filter": 349172,
                                                "Workers": [
                                                    {
                                                        "Worker Number": 0,
                                                        "Actual Startup Time": 0.069,
                                                        "Actual Total Time": 80.596,
                                                        "Actual Rows": 10334,
                                                        "Actual Loops": 1
                                                    },
                                                    {
                                                        "Worker Number": 1,
                                                        "Actual Startup Time": 0.079,
                                                        "Actual Total Time": 81.772,
                                                        "Actual Rows": 10383,
                                                        "Actual Loops": 1
                                                    },
                                                    {
                                                        "Worker Number": 2,
                                                        "Actual Startup Time": 0.081,
                                                        "Actual Total Time": 81.495,
                                                        "Actual Rows": 10344,
                                                        "Actual Loops": 1
                                                    },
                                                    {
                                                        "Worker Number": 3,
                                                        "Actual Startup Time": 0.054,
                                                        "Actual Total Time": 83.1,
                                                        "Actual Rows": 10989,
                                                        "Actual Loops": 1
                                                    },
                                                    {
                                                        "Worker Number": 4,
                                                        "Actual Startup Time": 0.073,
                                                        "Actual Total Time": 83.41,
                                                        "Actual Rows": 10737,
                                                        "Actual Loops": 1
                                                    },
                                                    {
                                                        "Worker Number": 5,
                                                        "Actual Startup Time": 0.079,
                                                        "Actual Total Time": 82.43,
                                                        "Actual Rows": 10465,
                                                        "Actual Loops": 1
                                                    }
                                                ]
                                            }
                                        ]
                                    }
                                ]
                            }
                        ]
                    }
                ]
            }
        ]
    },
    "Planning Time": 0.729,
    "Triggers": [],
    "Execution Time": 648.399
}