[
  {
    "Plan": {
      "Node Type": "Aggregate",
      "Strategy": "Plain",
      "Partial Mode": "Finalize",
      "Parallel Aware": false,
      "Startup Cost": 45603.63,
      "Total Cost": 45603.64,
      "Plan Rows": 1,
      "Plan Width": 8,
      "Actual Startup Time": 142.011,
      "Actual Total Time": 151.389,
      "Actual Rows": 1,
      "Actual Loops": 1,
      "Plans": [
        {
          "Node Type": "Gather",
          "Parent Relationship": "Outer",
          "Parallel Aware": false,
          "Startup Cost": 45603.31,
          "Total Cost": 45603.62,
          "Plan Rows": 3,
          "Plan Width": 8,
          "Actual Startup Time": 141.896,
          "Actual Total Time": 151.38,
          "Actual Rows": 4,
          "Actual Loops": 1,
          "Workers Planned": 3,
          "Workers Launched": 3,
          "Single Copy": false,
          "Plans": [
            {
              "Node Type": "Aggregate",
              "Strategy": "Plain",
              "Partial Mode": "Partial",
              "Parent Relationship": "Outer",
              "Parallel Aware": false,
              "Startup Cost": 44603.31,
              "Total Cost": 44603.32,
              "Plan Rows": 1,
              "Plan Width": 8,
              "Actual Startup Time": 136.136,
              "Actual Total Time": 136.137,
              "Actual Rows": 1,
              "Actual Loops": 4,
              "Plans": [
                {
                  "Node Type": "Seq Scan",
                  "Parent Relationship": "Outer",
                  "Parallel Aware": true,
                  "Relation Name": "movie_keyword",
                  "Alias": "mk",
                  "Startup Cost": 0.0,
                  "Total Cost": 42695.65,
                  "Plan Rows": 763064,
                  "Plan Width": 0,
                  "Actual Startup Time": 0.429,
                  "Actual Total Time": 110.097,
                  "Actual Rows": 587716,
                  "Actual Loops": 4,
                  "Filter": "(keyword_id > 4226)",
                  "Rows Removed by Filter": 543267
                }
              ]
            }
          ]
        }
      ]
    },
    "Planning Time": 0.146,
    "Triggers": [],
    "Execution Time": 151.433
  }
]