[
  {
    "Plan": {
      "Node Type": "Aggregate",
      "Strategy": "Plain",
      "Partial Mode": "Finalize",
      "Parallel Aware": false,
      "Startup Cost": 83003.1,
      "Total Cost": 83003.11,
      "Plan Rows": 1,
      "Plan Width": 8,
      "Actual Startup Time": 363.629,
      "Actual Total Time": 375.091,
      "Actual Rows": 1,
      "Actual Loops": 1,
      "Plans": [
        {
          "Node Type": "Gather",
          "Parent Relationship": "Outer",
          "Parallel Aware": false,
          "Startup Cost": 83002.79,
          "Total Cost": 83003.1,
          "Plan Rows": 3,
          "Plan Width": 8,
          "Actual Startup Time": 358.529,
          "Actual Total Time": 375.084,
          "Actual Rows": 4,
          "Actual Loops": 1,
          "Workers Planned": 3,
          "Workers Launched": 3,
          "Single Copy": false,
          "Plans": [
            {
              "Node Type": "Aggregate",
              "Strategy": "Plain",
              "Partial Mode": "Partial",
              "Parent Relationship": "Outer",
              "Parallel Aware": false,
              "Startup Cost": 82002.79,
              "Total Cost": 82002.8,
              "Plan Rows": 1,
              "Plan Width": 8,
              "Actual Startup Time": 353.39,
              "Actual Total Time": 353.393,
              "Actual Rows": 1,
              "Actual Loops": 4,
              "Plans": [
                {
                  "Node Type": "Hash Join",
                  "Parent Relationship": "Outer",
                  "Parallel Aware": true,
                  "Join Type": "Inner",
                  "Startup Cost": 49115.06,
                  "Total Cost": 81434.2,
                  "Plan Rows": 227434,
                  "Plan Width": 0,
                  "Actual Startup Time": 251.037,
                  "Actual Total Time": 348.634,
                  "Actual Rows": 111014,
                  "Actual Loops": 4,
                  "Inner Unique": true,
                  "Hash Cond": "(mc.movie_id = t.id)",
                  "Plans": [
                    {
                      "Node Type": "Seq Scan",
                      "Parent Relationship": "Outer",
                      "Parallel Aware": true,
                      "Relation Name": "movie_companies",
                      "Alias": "mc",
                      "Startup Cost": 0.0,
                      "Total Cost": 31414.82,
                      "Plan Rows": 344506,
                      "Plan Width": 4,
                      "Actual Startup Time": 27.266,
                      "Actual Total Time": 60.679,
                      "Actual Rows": 204606,
                      "Actual Loops": 4,
                      "Filter": "((company_id < 73520) AND (company_type_id > 1))",
                      "Rows Removed by Filter": 447676
                    },
                    {
                      "Node Type": "Hash",
                      "Parent Relationship": "Inner",
                      "Parallel Aware": true,
                      "Startup Cost": 43899.01,
                      "Total Cost": 43899.01,
                      "Plan Rows": 417284,
                      "Plan Width": 4,
                      "Actual Startup Time": 219.59,
                      "Actual Total Time": 219.591,
                      "Actual Rows": 418385,
                      "Actual Loops": 4,
                      "Hash Buckets": 2097152,
                      "Original Hash Buckets": 2097152,
                      "Hash Batches": 1,
                      "Original Hash Batches": 1,
                      "Peak Memory Usage": 81888,
                      "Plans": [
                        {
                          "Node Type": "Seq Scan",
                          "Parent Relationship": "Outer",
                          "Parallel Aware": true,
                          "Relation Name": "title",
                          "Alias": "t",
                          "Startup Cost": 0.0,
                          "Total Cost": 43899.01,
                          "Plan Rows": 417284,
                          "Plan Width": 4,
                          "Actual Startup Time": 0.021,
                          "Actual Total Time": 93.662,
                          "Actual Rows": 418385,
                          "Actual Loops": 4,
                          "Filter": "(production_year > 1993)",
                          "Rows Removed by Filter": 213693
                        }
                      ]
                    }
                  ]
                }
              ]
            }
          ]
        }
      ]
    },
    "Planning Time": 0.275,
    "Triggers": [],
    "Execution Time": 375.123
  }
]