[
  {
    "Plan": {
      "Node Type": "Aggregate",
      "Strategy": "Plain",
      "Partial Mode": "Finalize",
      "Parallel Aware": false,
      "Startup Cost": 83034.28,
      "Total Cost": 83034.29,
      "Plan Rows": 1,
      "Plan Width": 8,
      "Actual Startup Time": 930.414,
      "Actual Total Time": 944.398,
      "Actual Rows": 1,
      "Actual Loops": 1,
      "Plans": [
        {
          "Node Type": "Gather",
          "Parent Relationship": "Outer",
          "Parallel Aware": false,
          "Startup Cost": 83033.96,
          "Total Cost": 83034.27,
          "Plan Rows": 3,
          "Plan Width": 8,
          "Actual Startup Time": 923.395,
          "Actual Total Time": 944.388,
          "Actual Rows": 4,
          "Actual Loops": 1,
          "Workers Planned": 3,
          "Workers Launched": 3,
          "Single Copy": false,
          "Plans": [
            {
              "Node Type": "Aggregate",
              "Strategy": "Plain",
              "Partial Mode": "Partial",
              "Parent Relationship": "Outer",
              "Parallel Aware": false,
              "Startup Cost": 82033.96,
              "Total Cost": 82033.97,
              "Plan Rows": 1,
              "Plan Width": 8,
              "Actual Startup Time": 868.292,
              "Actual Total Time": 868.296,
              "Actual Rows": 1,
              "Actual Loops": 4,
              "Plans": [
                {
                  "Node Type": "Hash Join",
                  "Parent Relationship": "Outer",
                  "Parallel Aware": true,
                  "Join Type": "Inner",
                  "Startup Cost": 49143.05,
                  "Total Cost": 81462.26,
                  "Plan Rows": 228678,
                  "Plan Width": 0,
                  "Actual Startup Time": 747.96,
                  "Actual Total Time": 862.484,
                  "Actual Rows": 111014,
                  "Actual Loops": 4,
                  "Inner Unique": true,
                  "Hash Cond": "(mc.movie_id = t.id)",
                  "Plans": [
                    {
                      "Node Type": "Seq Scan",
                      "Parent Relationship": "Outer",
                      "Parallel Aware": true,
                      "Relation Name": "movie_companies",
                      "Alias": "mc",
                      "Startup Cost": 0.0,
                      "Total Cost": 31414.82,
                      "Plan Rows": 344531,
                      "Plan Width": 4,
                      "Actual Startup Time": 36.423,
                      "Actual Total Time": 78.786,
                      "Actual Rows": 204606,
                      "Actual Loops": 4,
                      "Filter": "((company_id < 73520) AND (company_type_id > 1))",
                      "Rows Removed by Filter": 447676
                    },
                    {
                      "Node Type": "Hash",
                      "Parent Relationship": "Inner",
                      "Parallel Aware": true,
                      "Startup Cost": 43898.92,
                      "Total Cost": 43898.92,
                      "Plan Rows": 419531,
                      "Plan Width": 4,
                      "Actual Startup Time": 691.245,
                      "Actual Total Time": 691.246,
                      "Actual Rows": 418385,
                      "Actual Loops": 4,
                      "Hash Buckets": 2097152,
                      "Original Hash Buckets": 2097152,
                      "Hash Batches": 1,
                      "Original Hash Batches": 1,
                      "Peak Memory Usage": 81920,
                      "Plans": [
                        {
                          "Node Type": "Seq Scan",
                          "Parent Relationship": "Outer",
                          "Parallel Aware": true,
                          "Relation Name": "title",
                          "Alias": "t",
                          "Startup Cost": 0.0,
                          "Total Cost": 43898.92,
                          "Plan Rows": 419531,
                          "Plan Width": 4,
                          "Actual Startup Time": 0.045,
                          "Actual Total Time": 190.033,
                          "Actual Rows": 418385,
                          "Actual Loops": 4,
                          "Filter": "(production_year > 1993)",
                          "Rows Removed by Filter": 213693
                        }
                      ]
                    }
                  ]
                }
              ]
            }
          ]
        }
      ]
    },
    "Planning Time": 1.138,
    "Triggers": [],
    "Execution Time": 944.495
  }
]