[
  {
    "Plan": {
      "Node Type": "Aggregate",
      "Strategy": "Plain",
      "Partial Mode": "Finalize",
      "Parallel Aware": false,
      "Startup Cost": 46650.21,
      "Total Cost": 46650.22,
      "Plan Rows": 1,
      "Plan Width": 8,
      "Actual Startup Time": 115.269,
      "Actual Total Time": 130.604,
      "Actual Rows": 1,
      "Actual Loops": 1,
      "Plans": [
        {
          "Node Type": "Gather",
          "Parent Relationship": "Outer",
          "Parallel Aware": false,
          "Startup Cost": 46649.79,
          "Total Cost": 46650.2,
          "Plan Rows": 4,
          "Plan Width": 8,
          "Actual Startup Time": 115.083,
          "Actual Total Time": 130.592,
          "Actual Rows": 5,
          "Actual Loops": 1,
          "Workers Planned": 4,
          "Workers Launched": 4,
          "Single Copy": false,
          "Plans": [
            {
              "Node Type": "Aggregate",
              "Strategy": "Plain",
              "Partial Mode": "Partial",
              "Parent Relationship": "Outer",
              "Parallel Aware": false,
              "Startup Cost": 45649.79,
              "Total Cost": 45649.8,
              "Plan Rows": 1,
              "Plan Width": 8,
              "Actual Startup Time": 105.705,
              "Actual Total Time": 105.707,
              "Actual Rows": 1,
              "Actual Loops": 5,
              "Plans": [
                {
                  "Node Type": "Seq Scan",
                  "Parent Relationship": "Outer",
                  "Parallel Aware": true,
                  "Relation Name": "title",
                  "Alias": "t",
                  "Startup Cost": 0.0,
                  "Total Cost": 45479.59,
                  "Plan Rows": 68081,
                  "Plan Width": 0,
                  "Actual Startup Time": 0.063,
                  "Actual Total Time": 101.5,
                  "Actual Rows": 55894,
                  "Actual Loops": 5,
                  "Filter": "((kind_id > 2) AND (production_year > 2010))",
                  "Rows Removed by Filter": 449768
                }
              ]
            }
          ]
        }
      ]
    },
    "Planning Time": 0.104,
    "Triggers": [],
    "Execution Time": 130.644
  }
]