[
  {
    "Plan": {
      "Node Type": "Aggregate",
      "Strategy": "Plain",
      "Partial Mode": "Finalize",
      "Parallel Aware": false,
      "Startup Cost": 47173.36,
      "Total Cost": 47173.37,
      "Plan Rows": 1,
      "Plan Width": 8,
      "Actual Startup Time": 179.272,
      "Actual Total Time": 190.042,
      "Actual Rows": 1,
      "Actual Loops": 1,
      "Plans": [
        {
          "Node Type": "Gather",
          "Parent Relationship": "Outer",
          "Parallel Aware": false,
          "Startup Cost": 47173.04,
          "Total Cost": 47173.35,
          "Plan Rows": 3,
          "Plan Width": 8,
          "Actual Startup Time": 179.118,
          "Actual Total Time": 190.033,
          "Actual Rows": 4,
          "Actual Loops": 1,
          "Workers Planned": 3,
          "Workers Launched": 3,
          "Single Copy": false,
          "Plans": [
            {
              "Node Type": "Aggregate",
              "Strategy": "Plain",
              "Partial Mode": "Partial",
              "Parent Relationship": "Outer",
              "Parallel Aware": false,
              "Startup Cost": 46173.04,
              "Total Cost": 46173.05,
              "Plan Rows": 1,
              "Plan Width": 8,
              "Actual Startup Time": 171.848,
              "Actual Total Time": 171.849,
              "Actual Rows": 1,
              "Actual Loops": 4,
              "Plans": [
                {
                  "Node Type": "Seq Scan",
                  "Parent Relationship": "Outer",
                  "Parallel Aware": true,
                  "Relation Name": "movie_keyword",
                  "Alias": "mk",
                  "Startup Cost": 0.0,
                  "Total Cost": 42695.65,
                  "Plan Rows": 1390956,
                  "Plan Width": 0,
                  "Actual Startup Time": 0.052,
                  "Actual Total Time": 124.689,
                  "Actual Rows": 1077978,
                  "Actual Loops": 4,
                  "Filter": "(keyword_id > 140)",
                  "Rows Removed by Filter": 53004
                }
              ]
            }
          ]
        }
      ]
    },
    "Planning Time": 0.189,
    "Triggers": [],
    "Execution Time": 190.099
  }
]