[
    {
        "Bao": {
            "Bao prediction": 750.959,
            "Bao recommended hint": "(no hint)"
        }
    },
    {
        "Plan": {
            "Node Type": "Aggregate",
            "Strategy": "Plain",
            "Partial Mode": "Finalize",
            "Parallel Aware": false,
            "Startup Cost": 106133.0,
            "Total Cost": 106133.01,
            "Plan Rows": 1,
            "Plan Width": 8,
            "Actual Startup Time": 466.468,
            "Actual Total Time": 486.171,
            "Actual Rows": 1,
            "Actual Loops": 1,
            "Output": [
                "count(*)"
            ],
            "Plans": [
                {
                    "Node Type": "Gather",
                    "Parent Relationship": "Outer",
                    "Parallel Aware": false,
                    "Startup Cost": 106132.69,
                    "Total Cost": 106133.0,
                    "Plan Rows": 3,
                    "Plan Width": 8,
                    "Actual Startup Time": 466.247,
                    "Actual Total Time": 486.165,
                    "Actual Rows": 4,
                    "Actual Loops": 1,
                    "Output": [
                        "(PARTIAL count(*))"
                    ],
                    "Workers Planned": 3,
                    "Workers Launched": 3,
                    "Single Copy": false,
                    "Plans": [
                        {
                            "Node Type": "Aggregate",
                            "Strategy": "Plain",
                            "Partial Mode": "Partial",
                            "Parent Relationship": "Outer",
                            "Parallel Aware": false,
                            "Startup Cost": 105132.69,
                            "Total Cost": 105132.7,
                            "Plan Rows": 1,
                            "Plan Width": 8,
                            "Actual Startup Time": 457.755,
                            "Actual Total Time": 457.759,
                            "Actual Rows": 1,
                            "Actual Loops": 4,
                            "Output": [
                                "PARTIAL count(*)"
                            ],
                            "Workers": [
                                {
                                    "Worker Number": 0,
                                    "Actual Startup Time": 455.081,
                                    "Actual Total Time": 455.084,
                                    "Actual Rows": 1,
                                    "Actual Loops": 1
                                },
                                {
                                    "Worker Number": 1,
                                    "Actual Startup Time": 455.173,
                                    "Actual Total Time": 455.176,
                                    "Actual Rows": 1,
                                    "Actual Loops": 1
                                },
                                {
                                    "Worker Number": 2,
                                    "Actual Startup Time": 455.294,
                                    "Actual Total Time": 455.297,
                                    "Actual Rows": 1,
                                    "Actual Loops": 1
                                }
                            ],
                            "Plans": [
                                {
                                    "Node Type": "Nested Loop",
                                    "Parent Relationship": "Outer",
                                    "Parallel Aware": false,
                                    "Join Type": "Inner",
                                    "Startup Cost": 45623.47,
                                    "Total Cost": 105067.92,
                                    "Plan Rows": 25905,
                                    "Plan Width": 0,
                                    "Actual Startup Time": 104.354,
                                    "Actual Total Time": 438.174,
                                    "Actual Rows": 352108,
                                    "Actual Loops": 4,
                                    "Inner Unique": false,
                                    "Join Filter": "(t.id = mk.movie_id)",
                                    "Rows Removed by Join Filter": 0,
                                    "Workers": [
                                        {
                                            "Worker Number": 0,
                                            "Actual Startup Time": 101.769,
                                            "Actual Total Time": 435.12,
                                            "Actual Rows": 304662,
                                            "Actual Loops": 1
                                        },
                                        {
                                            "Worker Number": 1,
                                            "Actual Startup Time": 101.691,
                                            "Actual Total Time": 435.859,
                                            "Actual Rows": 293749,
                                            "Actual Loops": 1
                                        },
                                        {
                                            "Worker Number": 2,
                                            "Actual Startup Time": 102.11,
                                            "Actual Total Time": 435.711,
                                            "Actual Rows": 297643,
                                            "Actual Loops": 1
                                        }
                                    ],
                                    "Plans": [
                                        {
                                            "Node Type": "Hash Join",
                                            "Parent Relationship": "Outer",
                                            "Parallel Aware": true,
                                            "Join Type": "Inner",
                                            "Startup Cost": 45623.03,
                                            "Total Cost": 75038.92,
                                            "Plan Rows": 15321,
                                            "Plan Width": 8,
                                            "Actual Startup Time": 104.15,
                                            "Actual Total Time": 251.677,
                                            "Actual Rows": 18050,
                                            "Actual Loops": 4,
                                            "Output": [
                                                "t.id",
                                                "mc.movie_id"
                                            ],
                                            "Inner Unique": true,
                                            "Hash Cond": "(mc.movie_id = t.id)",
                                            "Workers": [
                                                {
                                                    "Worker Number": 0,
                                                    "Actual Startup Time": 101.571,
                                                    "Actual Total Time": 242.927,
                                                    "Actual Rows": 14680,
                                                    "Actual Loops": 1
                                                },
                                                {
                                                    "Worker Number": 1,
                                                    "Actual Startup Time": 101.646,
                                                    "Actual Total Time": 246.235,
                                                    "Actual Rows": 15053,
                                                    "Actual Loops": 1
                                                },
                                                {
                                                    "Worker Number": 2,
                                                    "Actual Startup Time": 101.611,
                                                    "Actual Total Time": 245.266,
                                                    "Actual Rows": 15035,
                                                    "Actual Loops": 1
                                                }
                                            ],
                                            "Plans": [
                                                {
                                                    "Node Type": "Seq Scan",
                                                    "Parent Relationship": "Outer",
                                                    "Parallel Aware": true,
                                                    "Relation Name": "movie_companies",
                                                    "Schema": "public",
                                                    "Alias": "mc",
                                                    "Startup Cost": 0.0,
                                                    "Total Cost": 27206.55,
                                                    "Plan Rows": 841655,
                                                    "Plan Width": 4,
                                                    "Actual Startup Time": 0.021,
                                                    "Actual Total Time": 64.499,
                                                    "Actual Rows": 652282,
                                                    "Actual Loops": 4,
                                                    "Output": [
                                                        "mc.id",
                                                        "mc.movie_id",
                                                        "mc.company_id",
                                                        "mc.company_type_id",
                                                        "mc.note"
                                                    ],
                                                    "Workers": [
                                                        {
                                                            "Worker Number": 0,
                                                            "Actual Startup Time": 0.028,
                                                            "Actual Total Time": 61.609,
                                                            "Actual Rows": 527476,
                                                            "Actual Loops": 1
                                                        },
                                                        {
                                                            "Worker Number": 1,
                                                            "Actual Startup Time": 0.022,
                                                            "Actual Total Time": 62.926,
                                                            "Actual Rows": 539912,
                                                            "Actual Loops": 1
                                                        },
                                                        {
                                                            "Worker Number": 2,
                                                            "Actual Startup Time": 0.028,
                                                            "Actual Total Time": 62.336,
                                                            "Actual Rows": 535148,
                                                            "Actual Loops": 1
                                                        }
                                                    ]
                                                },
                                                {
                                                    "Node Type": "Hash",
                                                    "Parent Relationship": "Inner",
                                                    "Parallel Aware": true,
                                                    "Startup Cost": 45479.21,
                                                    "Total Cost": 45479.21,
                                                    "Plan Rows": 11506,
                                                    "Plan Width": 4,
                                                    "Actual Startup Time": 102.753,
                                                    "Actual Total Time": 102.753,
                                                    "Actual Rows": 8872,
                                                    "Actual Loops": 4,
                                                    "Output": [
                                                        "t.id"
                                                    ],
                                                    "Hash Buckets": 65536,
                                                    "Original Hash Buckets": 65536,
                                                    "Hash Batches": 1,
                                                    "Original Hash Batches": 1,
                                                    "Peak Memory Usage": 1920,
                                                    "Workers": [
                                                        {
                                                            "Worker Number": 0,
                                                            "Actual Startup Time": 100.903,
                                                            "Actual Total Time": 100.904,
                                                            "Actual Rows": 7265,
                                                            "Actual Loops": 1
                                                        },
                                                        {
                                                            "Worker Number": 1,
                                                            "Actual Startup Time": 101.001,
                                                            "Actual Total Time": 101.002,
                                                            "Actual Rows": 7334,
                                                            "Actual Loops": 1
                                                        },
                                                        {
                                                            "Worker Number": 2,
                                                            "Actual Startup Time": 101.074,
                                                            "Actual Total Time": 101.075,
                                                            "Actual Rows": 7166,
                                                            "Actual Loops": 1
                                                        }
                                                    ],
                                                    "Plans": [
                                                        {
                                                            "Node Type": "Seq Scan",
                                                            "Parent Relationship": "Outer",
                                                            "Parallel Aware": true,
                                                            "Relation Name": "title",
                                                            "Schema": "public",
                                                            "Alias": "t",
                                                            "Startup Cost": 0.0,
                                                            "Total Cost": 45479.21,
                                                            "Plan Rows": 11506,
                                                            "Plan Width": 4,
                                                            "Actual Startup Time": 0.204,
                                                            "Actual Total Time": 98.809,
                                                            "Actual Rows": 8872,
                                                            "Actual Loops": 4,
                                                            "Output": [
                                                                "t.id"
                                                            ],
                                                            "Filter": "((t.kind_id < 7) AND (t.production_year = 2007))",
                                                            "Rows Removed by Filter": 623206,
                                                            "Workers": [
                                                                {
                                                                    "Worker Number": 0,
                                                                    "Actual Startup Time": 0.272,
                                                                    "Actual Total Time": 97.087,
                                                                    "Actual Rows": 7265,
                                                                    "Actual Loops": 1
                                                                },
                                                                {
                                                                    "Worker Number": 1,
                                                                    "Actual Startup Time": 0.337,
                                                                    "Actual Total Time": 97.133,
                                                                    "Actual Rows": 7334,
                                                                    "Actual Loops": 1
                                                                },
                                                                {
                                                                    "Worker Number": 2,
                                                                    "Actual Startup Time": 0.06,
                                                                    "Actual Total Time": 97.243,
                                                                    "Actual Rows": 7166,
                                                                    "Actual Loops": 1
                                                                }
                                                            ]
                                                        }
                                                    ]
                                                }
                                            ]
                                        },
                                        {
                                            "Node Type": "Index Scan",
                                            "Parent Relationship": "Inner",
                                            "Parallel Aware": false,
                                            "Scan Direction": "Forward",
                                            "Index Name": "movie_id_movie_keyword",
                                            "Relation Name": "movie_keyword",
                                            "Schema": "public",
                                            "Alias": "mk",
                                            "Startup Cost": 0.43,
                                            "Total Cost": 1.42,
                                            "Plan Rows": 43,
                                            "Plan Width": 4,
                                            "Actual Startup Time": 0.004,
                                            "Actual Total Time": 0.008,
                                            "Actual Rows": 20,
                                            "Actual Loops": 72198,
                                            "Output": [
                                                "mk.id",
                                                "mk.movie_id",
                                                "mk.keyword_id"
                                            ],
                                            "Index Cond": "(mk.movie_id = mc.movie_id)",
                                            "Rows Removed by Index Recheck": 0,
                                            "Filter": "(mk.keyword_id > 196)",
                                            "Rows Removed by Filter": 1,
                                            "Workers": [
                                                {
                                                    "Worker Number": 0,
                                                    "Actual Startup Time": 0.006,
                                                    "Actual Total Time": 0.01,
                                                    "Actual Rows": 21,
                                                    "Actual Loops": 14680
                                                },
                                                {
                                                    "Worker Number": 1,
                                                    "Actual Startup Time": 0.006,
                                                    "Actual Total Time": 0.01,
                                                    "Actual Rows": 20,
                                                    "Actual Loops": 15053
                                                },
                                                {
                                                    "Worker Number": 2,
                                                    "Actual Startup Time": 0.006,
                                                    "Actual Total Time": 0.01,
                                                    "Actual Rows": 20,
                                                    "Actual Loops": 15035
                                                }
                                            ]
                                        }
                                    ]
                                }
                            ]
                        }
                    ]
                }
            ]
        },
        "Planning Time": 1390.366,
        "Triggers": [],
        "Execution Time": 486.314
    }
]