[
  {
    "Plan": {
      "Node Type": "Aggregate",
      "Strategy": "Plain",
      "Partial Mode": "Finalize",
      "Parallel Aware": false,
      "Startup Cost": 489254.19,
      "Total Cost": 489254.2,
      "Plan Rows": 1,
      "Plan Width": 96,
      "Actual Startup Time": 2503.962,
      "Actual Total Time": 2636.39,
      "Actual Rows": 1,
      "Actual Loops": 1,
      "Plans": [
        {
          "Node Type": "Gather",
          "Parent Relationship": "Outer",
          "Parallel Aware": false,
          "Startup Cost": 489253.75,
          "Total Cost": 489254.16,
          "Plan Rows": 4,
          "Plan Width": 96,
          "Actual Startup Time": 2503.625,
          "Actual Total Time": 2636.372,
          "Actual Rows": 5,
          "Actual Loops": 1,
          "Workers Planned": 4,
          "Workers Launched": 4,
          "Single Copy": false,
          "Plans": [
            {
              "Node Type": "Aggregate",
              "Strategy": "Plain",
              "Partial Mode": "Partial",
              "Parent Relationship": "Outer",
              "Parallel Aware": false,
              "Startup Cost": 488253.75,
              "Total Cost": 488253.76,
              "Plan Rows": 1,
              "Plan Width": 96,
              "Actual Startup Time": 2492.327,
              "Actual Total Time": 2492.342,
              "Actual Rows": 1,
              "Actual Loops": 5,
              "Plans": [
                {
                  "Node Type": "Hash Join",
                  "Parent Relationship": "Outer",
                  "Parallel Aware": true,
                  "Join Type": "Inner",
                  "Startup Cost": 443062.39,
                  "Total Cost": 488253.75,
                  "Plan Rows": 1,
                  "Plan Width": 48,
                  "Actual Startup Time": 2424.288,
                  "Actual Total Time": 2492.299,
                  "Actual Rows": 33,
                  "Actual Loops": 5,
                  "Inner Unique": false,
                  "Hash Cond": "(t.id = mk.movie_id)",
                  "Plans": [
                    {
                      "Node Type": "Seq Scan",
                      "Parent Relationship": "Outer",
                      "Parallel Aware": true,
                      "Relation Name": "title",
                      "Alias": "t",
                      "Startup Cost": 0.0,
                      "Total Cost": 43898.62,
                      "Plan Rows": 344727,
                      "Plan Width": 21,
                      "Actual Startup Time": 0.027,
                      "Actual Total Time": 102.755,
                      "Actual Rows": 276291,
                      "Actual Loops": 5,
                      "Filter": "(production_year > 2000)",
                      "Rows Removed by Filter": 229372
                    },
                    {
                      "Node Type": "Hash",
                      "Parent Relationship": "Inner",
                      "Parallel Aware": true,
                      "Startup Cost": 443062.38,
                      "Total Cost": 443062.38,
                      "Plan Rows": 1,
                      "Plan Width": 39,
                      "Actual Startup Time": 2365.974,
                      "Actual Total Time": 2365.988,
                      "Actual Rows": 57,
                      "Actual Loops": 5,
                      "Hash Buckets": 1024,
                      "Original Hash Buckets": 1024,
                      "Hash Batches": 1,
                      "Original Hash Batches": 1,
                      "Peak Memory Usage": 168,
                      "Plans": [
                        {
                          "Node Type": "Hash Join",
                          "Parent Relationship": "Outer",
                          "Parallel Aware": true,
                          "Join Type": "Inner",
                          "Startup Cost": 114141.35,
                          "Total Cost": 443062.38,
                          "Plan Rows": 1,
                          "Plan Width": 39,
                          "Actual Startup Time": 1016.542,
                          "Actual Total Time": 2365.73,
                          "Actual Rows": 57,
                          "Actual Loops": 5,
                          "Inner Unique": false,
                          "Hash Cond": "(ci.movie_id = mk.movie_id)",
                          "Plans": [
                            {
                              "Node Type": "Hash Join",
                              "Parent Relationship": "Outer",
                              "Parallel Aware": true,
                              "Join Type": "Inner",
                              "Startup Cost": 68636.88,
                              "Total Cost": 397555.64,
                              "Plan Rows": 604,
                              "Plan Width": 19,
                              "Actual Startup Time": 221.749,
                              "Actual Total Time": 2113.047,
                              "Actual Rows": 27110,
                              "Actual Loops": 5,
                              "Inner Unique": true,
                              "Hash Cond": "(ci.person_id = n.id)",
                              "Plans": [
                                {
                                  "Node Type": "Seq Scan",
                                  "Parent Relationship": "Outer",
                                  "Parallel Aware": true,
                                  "Relation Name": "cast_info",
                                  "Alias": "ci",
                                  "Startup Cost": 0.0,
                                  "Total Cost": 313068.58,
                                  "Plan Rows": 6038158,
                                  "Plan Width": 8,
                                  "Actual Startup Time": 0.017,
                                  "Actual Total Time": 1073.269,
                                  "Actual Rows": 7248869,
                                  "Actual Loops": 5
                                },
                                {
                                  "Node Type": "Hash",
                                  "Parent Relationship": "Inner",
                                  "Parallel Aware": true,
                                  "Startup Cost": 68635.58,
                                  "Total Cost": 68635.58,
                                  "Plan Rows": 104,
                                  "Plan Width": 19,
                                  "Actual Startup Time": 213.944,
                                  "Actual Total Time": 213.946,
                                  "Actual Rows": 3391,
                                  "Actual Loops": 5,
                                  "Hash Buckets": 16384,
                                  "Original Hash Buckets": 1024,
                                  "Hash Batches": 1,
                                  "Original Hash Batches": 1,
                                  "Peak Memory Usage": 1272,
                                  "Plans": [
                                    {
                                      "Node Type": "Seq Scan",
                                      "Parent Relationship": "Outer",
                                      "Parallel Aware": true,
                                      "Relation Name": "name",
                                      "Alias": "n",
                                      "Startup Cost": 0.0,
                                      "Total Cost": 68635.58,
                                      "Plan Rows": 104,
                                      "Plan Width": 19,
                                      "Actual Startup Time": 1.287,
                                      "Actual Total Time": 196.68,
                                      "Actual Rows": 3391,
                                      "Actual Loops": 5,
                                      "Filter": "(name ~~ '%Smith,%'::text)",
                                      "Rows Removed by Filter": 830107
                                    }
                                  ]
                                }
                              ]
                            },
                            {
                              "Node Type": "Hash",
                              "Parent Relationship": "Inner",
                              "Parallel Aware": true,
                              "Startup Cost": 45504.33,
                              "Total Cost": 45504.33,
                              "Plan Rows": 11,
                              "Plan Width": 20,
                              "Actual Startup Time": 247.888,
                              "Actual Total Time": 247.894,
                              "Actual Rows": 430,
                              "Actual Loops": 5,
                              "Hash Buckets": 1024,
                              "Original Hash Buckets": 1024,
                              "Hash Batches": 1,
                              "Original Hash Batches": 1,
                              "Peak Memory Usage": 168,
                              "Plans": [
                                {
                                  "Node Type": "Hash Join",
                                  "Parent Relationship": "Outer",
                                  "Parallel Aware": false,
                                  "Join Type": "Inner",
                                  "Startup Cost": 2626.14,
                                  "Total Cost": 45504.33,
                                  "Plan Rows": 11,
                                  "Plan Width": 20,
                                  "Actual Startup Time": 28.879,
                                  "Actual Total Time": 247.518,
                                  "Actual Rows": 430,
                                  "Actual Loops": 5,
                                  "Inner Unique": true,
                                  "Hash Cond": "(mk.keyword_id = k.id)",
                                  "Plans": [
                                    {
                                      "Node Type": "Seq Scan",
                                      "Parent Relationship": "Outer",
                                      "Parallel Aware": true,
                                      "Relation Name": "movie_keyword",
                                      "Alias": "mk",
                                      "Startup Cost": 0.0,
                                      "Total Cost": 39047.32,
                                      "Plan Rows": 1459332,
                                      "Plan Width": 8,
                                      "Actual Startup Time": 0.063,
                                      "Actual Total Time": 129.227,
                                      "Actual Rows": 904786,
                                      "Actual Loops": 5
                                    },
                                    {
                                      "Node Type": "Hash",
                                      "Parent Relationship": "Inner",
                                      "Parallel Aware": false,
                                      "Startup Cost": 2626.12,
                                      "Total Cost": 2626.12,
                                      "Plan Rows": 1,
                                      "Plan Width": 20,
                                      "Actual Startup Time": 28.19,
                                      "Actual Total Time": 28.193,
                                      "Actual Rows": 1,
                                      "Actual Loops": 5,
                                      "Hash Buckets": 1024,
                                      "Original Hash Buckets": 1024,
                                      "Hash Batches": 1,
                                      "Original Hash Batches": 1,
                                      "Peak Memory Usage": 9,
                                      "Plans": [
                                        {
                                          "Node Type": "Seq Scan",
                                          "Parent Relationship": "Outer",
                                          "Parallel Aware": false,
                                          "Relation Name": "keyword",
                                          "Alias": "k",
                                          "Startup Cost": 0.0,
                                          "Total Cost": 2626.12,
                                          "Plan Rows": 1,
                                          "Plan Width": 20,
                                          "Actual Startup Time": 0.261,
                                          "Actual Total Time": 28.17,
                                          "Actual Rows": 1,
                                          "Actual Loops": 5,
                                          "Filter": "(keyword = 'based-on-comic'::text)",
                                          "Rows Removed by Filter": 134169
                                        }
                                      ]
                                    }
                                  ]
                                }
                              ]
                            }
                          ]
                        }
                      ]
                    }
                  ]
                }
              ]
            }
          ]
        }
      ]
    },
    "Planning Time": 7.905,
    "Triggers": [],
    "Execution Time": 2636.959
  }
]