[
  {
    "Plan": {
      "Node Type": "Aggregate",
      "Strategy": "Plain",
      "Partial Mode": "Finalize",
      "Parallel Aware": false,
      "Startup Cost": 315315.59,
      "Total Cost": 315315.6,
      "Plan Rows": 1,
      "Plan Width": 8,
      "Actual Startup Time": 222.518,
      "Actual Total Time": 261.695,
      "Actual Rows": 1,
      "Actual Loops": 1,
      "Plans": [
        {
          "Node Type": "Gather",
          "Parent Relationship": "Outer",
          "Parallel Aware": false,
          "Startup Cost": 315315.17,
          "Total Cost": 315315.58,
          "Plan Rows": 4,
          "Plan Width": 8,
          "Actual Startup Time": 222.317,
          "Actual Total Time": 261.684,
          "Actual Rows": 5,
          "Actual Loops": 1,
          "Workers Planned": 4,
          "Workers Launched": 4,
          "Single Copy": false,
          "Plans": [
            {
              "Node Type": "Aggregate",
              "Strategy": "Plain",
              "Partial Mode": "Partial",
              "Parent Relationship": "Outer",
              "Parallel Aware": false,
              "Startup Cost": 314315.17,
              "Total Cost": 314315.18,
              "Plan Rows": 1,
              "Plan Width": 8,
              "Actual Startup Time": 211.172,
              "Actual Total Time": 211.174,
              "Actual Rows": 1,
              "Actual Loops": 5,
              "Plans": [
                {
                  "Node Type": "Nested Loop",
                  "Parent Relationship": "Outer",
                  "Parallel Aware": false,
                  "Join Type": "Inner",
                  "Startup Cost": 0.56,
                  "Total Cost": 314258.38,
                  "Plan Rows": 22716,
                  "Plan Width": 0,
                  "Actual Startup Time": 0.823,
                  "Actual Total Time": 209.956,
                  "Actual Rows": 11415,
                  "Actual Loops": 5,
                  "Inner Unique": false,
                  "Plans": [
                    {
                      "Node Type": "Seq Scan",
                      "Parent Relationship": "Outer",
                      "Parallel Aware": true,
                      "Relation Name": "title",
                      "Alias": "t",
                      "Startup Cost": 0.0,
                      "Total Cost": 43899.32,
                      "Plan Rows": 3582,
                      "Plan Width": 4,
                      "Actual Startup Time": 0.21,
                      "Actual Total Time": 69.247,
                      "Actual Rows": 2613,
                      "Actual Loops": 5,
                      "Filter": "(production_year = 1965)",
                      "Rows Removed by Filter": 503050
                    },
                    {
                      "Node Type": "Index Scan",
                      "Parent Relationship": "Inner",
                      "Parallel Aware": false,
                      "Scan Direction": "Forward",
                      "Index Name": "movie_id_cast_info",
                      "Relation Name": "cast_info",
                      "Alias": "ci",
                      "Startup Cost": 0.56,
                      "Total Cost": 75.33,
                      "Plan Rows": 15,
                      "Plan Width": 4,
                      "Actual Startup Time": 0.039,
                      "Actual Total Time": 0.053,
                      "Actual Rows": 4,
                      "Actual Loops": 13063,
                      "Index Cond": "(movie_id = t.id)",
                      "Rows Removed by Index Recheck": 0,
                      "Filter": "(role_id > 2)",
                      "Rows Removed by Filter": 8
                    }
                  ]
                }
              ]
            }
          ]
        }
      ]
    },
    "Planning Time": 0.641,
    "Triggers": [],
    "Execution Time": 261.783
  }
]