[
  {
    "Plan": {
      "Node Type": "Aggregate",
      "Strategy": "Plain",
      "Partial Mode": "Finalize",
      "Parallel Aware": false,
      "Startup Cost": 315924.51,
      "Total Cost": 315924.52,
      "Plan Rows": 1,
      "Plan Width": 8,
      "Actual Startup Time": 213.573,
      "Actual Total Time": 246.328,
      "Actual Rows": 1,
      "Actual Loops": 1,
      "Plans": [
        {
          "Node Type": "Gather",
          "Parent Relationship": "Outer",
          "Parallel Aware": false,
          "Startup Cost": 315924.09,
          "Total Cost": 315924.5,
          "Plan Rows": 4,
          "Plan Width": 8,
          "Actual Startup Time": 213.433,
          "Actual Total Time": 246.319,
          "Actual Rows": 5,
          "Actual Loops": 1,
          "Workers Planned": 4,
          "Workers Launched": 4,
          "Single Copy": false,
          "Plans": [
            {
              "Node Type": "Aggregate",
              "Strategy": "Plain",
              "Partial Mode": "Partial",
              "Parent Relationship": "Outer",
              "Parallel Aware": false,
              "Startup Cost": 314924.09,
              "Total Cost": 314924.1,
              "Plan Rows": 1,
              "Plan Width": 8,
              "Actual Startup Time": 203.616,
              "Actual Total Time": 203.618,
              "Actual Rows": 1,
              "Actual Loops": 5,
              "Plans": [
                {
                  "Node Type": "Nested Loop",
                  "Parent Relationship": "Outer",
                  "Parallel Aware": false,
                  "Join Type": "Inner",
                  "Startup Cost": 0.56,
                  "Total Cost": 314867.75,
                  "Plan Rows": 22534,
                  "Plan Width": 0,
                  "Actual Startup Time": 0.917,
                  "Actual Total Time": 202.348,
                  "Actual Rows": 11415,
                  "Actual Loops": 5,
                  "Inner Unique": false,
                  "Plans": [
                    {
                      "Node Type": "Seq Scan",
                      "Parent Relationship": "Outer",
                      "Parallel Aware": true,
                      "Relation Name": "title",
                      "Alias": "t",
                      "Startup Cost": 0.0,
                      "Total Cost": 43898.92,
                      "Plan Rows": 3476,
                      "Plan Width": 4,
                      "Actual Startup Time": 0.281,
                      "Actual Total Time": 69.736,
                      "Actual Rows": 2613,
                      "Actual Loops": 5,
                      "Filter": "(production_year = 1965)",
                      "Rows Removed by Filter": 503050
                    },
                    {
                      "Node Type": "Index Scan",
                      "Parent Relationship": "Inner",
                      "Parallel Aware": false,
                      "Scan Direction": "Forward",
                      "Index Name": "movie_id_cast_info",
                      "Relation Name": "cast_info",
                      "Alias": "ci",
                      "Startup Cost": 0.56,
                      "Total Cost": 77.78,
                      "Plan Rows": 17,
                      "Plan Width": 4,
                      "Actual Startup Time": 0.038,
                      "Actual Total Time": 0.05,
                      "Actual Rows": 4,
                      "Actual Loops": 13063,
                      "Index Cond": "(movie_id = t.id)",
                      "Rows Removed by Index Recheck": 0,
                      "Filter": "(role_id > 2)",
                      "Rows Removed by Filter": 8
                    }
                  ]
                }
              ]
            }
          ]
        }
      ]
    },
    "Planning Time": 0.552,
    "Triggers": [],
    "Execution Time": 246.407
  }
]