[
  {
    "Plan": {
      "Node Type": "Aggregate",
      "Strategy": "Plain",
      "Partial Mode": "Finalize",
      "Parallel Aware": false,
      "Startup Cost": 341467.96,
      "Total Cost": 341467.97,
      "Plan Rows": 1,
      "Plan Width": 8,
      "Actual Startup Time": 1064.275,
      "Actual Total Time": 1116.758,
      "Actual Rows": 1,
      "Actual Loops": 1,
      "Plans": [
        {
          "Node Type": "Gather",
          "Parent Relationship": "Outer",
          "Parallel Aware": false,
          "Startup Cost": 341467.34,
          "Total Cost": 341467.95,
          "Plan Rows": 6,
          "Plan Width": 8,
          "Actual Startup Time": 1064.043,
          "Actual Total Time": 1116.742,
          "Actual Rows": 7,
          "Actual Loops": 1,
          "Workers Planned": 6,
          "Workers Launched": 6,
          "Single Copy": false,
          "Plans": [
            {
              "Node Type": "Aggregate",
              "Strategy": "Plain",
              "Partial Mode": "Partial",
              "Parent Relationship": "Outer",
              "Parallel Aware": false,
              "Startup Cost": 340467.34,
              "Total Cost": 340467.35,
              "Plan Rows": 1,
              "Plan Width": 8,
              "Actual Startup Time": 1052.908,
              "Actual Total Time": 1052.91,
              "Actual Rows": 1,
              "Actual Loops": 7,
              "Plans": [
                {
                  "Node Type": "Seq Scan",
                  "Parent Relationship": "Outer",
                  "Parallel Aware": true,
                  "Relation Name": "cast_info",
                  "Alias": "ci",
                  "Startup Cost": 0.0,
                  "Total Cost": 328211.39,
                  "Plan Rows": 4902379,
                  "Plan Width": 0,
                  "Actual Startup Time": 104.624,
                  "Actual Total Time": 790.871,
                  "Actual Rows": 4183955,
                  "Actual Loops": 7,
                  "Filter": "(person_id > 672363)",
                  "Rows Removed by Filter": 993808
                }
              ]
            }
          ]
        }
      ]
    },
    "Planning Time": 0.22,
    "Triggers": [],
    "Execution Time": 1116.844
  }
]