[
  {
    "Plan": {
      "Node Type": "Aggregate",
      "Strategy": "Plain",
      "Partial Mode": "Finalize",
      "Parallel Aware": false,
      "Startup Cost": 341437.57,
      "Total Cost": 341437.58,
      "Plan Rows": 1,
      "Plan Width": 8,
      "Actual Startup Time": 837.627,
      "Actual Total Time": 895.963,
      "Actual Rows": 1,
      "Actual Loops": 1,
      "Plans": [
        {
          "Node Type": "Gather",
          "Parent Relationship": "Outer",
          "Parallel Aware": false,
          "Startup Cost": 341436.95,
          "Total Cost": 341437.55,
          "Plan Rows": 6,
          "Plan Width": 8,
          "Actual Startup Time": 837.49,
          "Actual Total Time": 895.953,
          "Actual Rows": 7,
          "Actual Loops": 1,
          "Workers Planned": 6,
          "Workers Launched": 6,
          "Single Copy": false,
          "Plans": [
            {
              "Node Type": "Aggregate",
              "Strategy": "Plain",
              "Partial Mode": "Partial",
              "Parent Relationship": "Outer",
              "Parallel Aware": false,
              "Startup Cost": 340436.95,
              "Total Cost": 340436.96,
              "Plan Rows": 1,
              "Plan Width": 8,
              "Actual Startup Time": 829.119,
              "Actual Total Time": 829.12,
              "Actual Rows": 1,
              "Actual Loops": 7,
              "Plans": [
                {
                  "Node Type": "Seq Scan",
                  "Parent Relationship": "Outer",
                  "Parallel Aware": true,
                  "Relation Name": "cast_info",
                  "Alias": "ci",
                  "Startup Cost": 0.0,
                  "Total Cost": 328162.03,
                  "Plan Rows": 4909968,
                  "Plan Width": 0,
                  "Actual Startup Time": 83.907,
                  "Actual Total Time": 643.818,
                  "Actual Rows": 4183955,
                  "Actual Loops": 7,
                  "Filter": "(person_id > 672363)",
                  "Rows Removed by Filter": 993808
                }
              ]
            }
          ]
        }
      ]
    },
    "Planning Time": 0.197,
    "Triggers": [],
    "Execution Time": 896.079
  }
]