[
  {
    "Plan": {
      "Node Type": "Aggregate",
      "Strategy": "Plain",
      "Partial Mode": "Finalize",
      "Parallel Aware": false,
      "Startup Cost": 29941.0,
      "Total Cost": 29941.01,
      "Plan Rows": 1,
      "Plan Width": 8,
      "Actual Startup Time": 75.039,
      "Actual Total Time": 82.195,
      "Actual Rows": 1,
      "Actual Loops": 1,
      "Plans": [
        {
          "Node Type": "Gather",
          "Parent Relationship": "Outer",
          "Parallel Aware": false,
          "Startup Cost": 29940.68,
          "Total Cost": 29940.99,
          "Plan Rows": 3,
          "Plan Width": 8,
          "Actual Startup Time": 74.72,
          "Actual Total Time": 82.187,
          "Actual Rows": 4,
          "Actual Loops": 1,
          "Workers Planned": 3,
          "Workers Launched": 3,
          "Single Copy": false,
          "Plans": [
            {
              "Node Type": "Aggregate",
              "Strategy": "Plain",
              "Partial Mode": "Partial",
              "Parent Relationship": "Outer",
              "Parallel Aware": false,
              "Startup Cost": 28940.68,
              "Total Cost": 28940.69,
              "Plan Rows": 1,
              "Plan Width": 8,
              "Actual Startup Time": 69.591,
              "Actual Total Time": 69.592,
              "Actual Rows": 1,
              "Actual Loops": 4,
              "Plans": [
                {
                  "Node Type": "Bitmap Heap Scan",
                  "Parent Relationship": "Outer",
                  "Parallel Aware": true,
                  "Relation Name": "movie_keyword",
                  "Alias": "mk",
                  "Startup Cost": 3654.04,
                  "Total Cost": 28801.91,
                  "Plan Rows": 55509,
                  "Plan Width": 0,
                  "Actual Startup Time": 20.502,
                  "Actual Total Time": 66.955,
                  "Actual Rows": 42782,
                  "Actual Loops": 4,
                  "Recheck Cond": "(keyword_id > 72105)",
                  "Rows Removed by Index Recheck": 0,
                  "Exact Heap Blocks": 9253,
                  "Lossy Heap Blocks": 0,
                  "Plans": [
                    {
                      "Node Type": "Bitmap Index Scan",
                      "Parent Relationship": "Outer",
                      "Parallel Aware": false,
                      "Index Name": "keyword_id_movie_keyword",
                      "Startup Cost": 0.0,
                      "Total Cost": 3611.02,
                      "Plan Rows": 172079,
                      "Plan Width": 0,
                      "Actual Startup Time": 20.325,
                      "Actual Total Time": 20.326,
                      "Actual Rows": 171127,
                      "Actual Loops": 1,
                      "Index Cond": "(keyword_id > 72105)"
                    }
                  ]
                }
              ]
            }
          ]
        }
      ]
    },
    "Planning Time": 0.123,
    "Triggers": [],
    "Execution Time": 82.241
  }
]