[
  {
    "Plan": {
      "Node Type": "Aggregate",
      "Strategy": "Plain",
      "Partial Mode": "Finalize",
      "Parallel Aware": false,
      "Startup Cost": 61024.75,
      "Total Cost": 61024.76,
      "Plan Rows": 1,
      "Plan Width": 8,
      "Actual Startup Time": 108.392,
      "Actual Total Time": 122.736,
      "Actual Rows": 1,
      "Actual Loops": 1,
      "Plans": [
        {
          "Node Type": "Gather",
          "Parent Relationship": "Outer",
          "Parallel Aware": false,
          "Startup Cost": 61024.33,
          "Total Cost": 61024.74,
          "Plan Rows": 4,
          "Plan Width": 8,
          "Actual Startup Time": 108.191,
          "Actual Total Time": 122.725,
          "Actual Rows": 5,
          "Actual Loops": 1,
          "Workers Planned": 4,
          "Workers Launched": 4,
          "Single Copy": false,
          "Plans": [
            {
              "Node Type": "Aggregate",
              "Strategy": "Plain",
              "Partial Mode": "Partial",
              "Parent Relationship": "Outer",
              "Parallel Aware": false,
              "Startup Cost": 60024.33,
              "Total Cost": 60024.34,
              "Plan Rows": 1,
              "Plan Width": 8,
              "Actual Startup Time": 99.792,
              "Actual Total Time": 99.794,
              "Actual Rows": 1,
              "Actual Loops": 5,
              "Plans": [
                {
                  "Node Type": "Nested Loop",
                  "Parent Relationship": "Outer",
                  "Parallel Aware": false,
                  "Join Type": "Inner",
                  "Startup Cost": 0.43,
                  "Total Cost": 60021.85,
                  "Plan Rows": 992,
                  "Plan Width": 0,
                  "Actual Startup Time": 3.039,
                  "Actual Total Time": 99.582,
                  "Actual Rows": 1684,
                  "Actual Loops": 5,
                  "Inner Unique": false,
                  "Plans": [
                    {
                      "Node Type": "Seq Scan",
                      "Parent Relationship": "Outer",
                      "Parallel Aware": true,
                      "Relation Name": "title",
                      "Alias": "t",
                      "Startup Cost": 0.0,
                      "Total Cost": 45479.59,
                      "Plan Rows": 962,
                      "Plan Width": 4,
                      "Actual Startup Time": 2.82,
                      "Actual Total Time": 86.413,
                      "Actual Rows": 878,
                      "Actual Loops": 5,
                      "Filter": "((kind_id < 7) AND (production_year = 1962))",
                      "Rows Removed by Filter": 504784
                    },
                    {
                      "Node Type": "Index Only Scan",
                      "Parent Relationship": "Inner",
                      "Parallel Aware": false,
                      "Scan Direction": "Forward",
                      "Index Name": "movie_id_movie_companies",
                      "Relation Name": "movie_companies",
                      "Alias": "mc",
                      "Startup Cost": 0.43,
                      "Total Cost": 15.07,
                      "Plan Rows": 5,
                      "Plan Width": 4,
                      "Actual Startup Time": 0.012,
                      "Actual Total Time": 0.014,
                      "Actual Rows": 2,
                      "Actual Loops": 4390,
                      "Index Cond": "(movie_id = t.id)",
                      "Rows Removed by Index Recheck": 0,
                      "Heap Fetches": 8419
                    }
                  ]
                }
              ]
            }
          ]
        }
      ]
    },
    "Planning Time": 0.348,
    "Triggers": [],
    "Execution Time": 122.779
  }
]