[
  {
    "Plan": {
      "Node Type": "Aggregate",
      "Strategy": "Plain",
      "Partial Mode": "Finalize",
      "Parallel Aware": false,
      "Startup Cost": 79574.41,
      "Total Cost": 79574.42,
      "Plan Rows": 1,
      "Plan Width": 8,
      "Actual Startup Time": 275.204,
      "Actual Total Time": 295.394,
      "Actual Rows": 1,
      "Actual Loops": 1,
      "Plans": [
        {
          "Node Type": "Gather",
          "Parent Relationship": "Outer",
          "Parallel Aware": false,
          "Startup Cost": 79574.09,
          "Total Cost": 79574.4,
          "Plan Rows": 3,
          "Plan Width": 8,
          "Actual Startup Time": 272.947,
          "Actual Total Time": 295.385,
          "Actual Rows": 4,
          "Actual Loops": 1,
          "Workers Planned": 3,
          "Workers Launched": 3,
          "Single Copy": false,
          "Plans": [
            {
              "Node Type": "Aggregate",
              "Strategy": "Plain",
              "Partial Mode": "Partial",
              "Parent Relationship": "Outer",
              "Parallel Aware": false,
              "Startup Cost": 78574.09,
              "Total Cost": 78574.1,
              "Plan Rows": 1,
              "Plan Width": 8,
              "Actual Startup Time": 265.464,
              "Actual Total Time": 265.468,
              "Actual Rows": 1,
              "Actual Loops": 4,
              "Plans": [
                {
                  "Node Type": "Hash Join",
                  "Parent Relationship": "Outer",
                  "Parallel Aware": true,
                  "Join Type": "Inner",
                  "Startup Cost": 46490.94,
                  "Total Cost": 78501.47,
                  "Plan Rows": 29048,
                  "Plan Width": 0,
                  "Actual Startup Time": 179.484,
                  "Actual Total Time": 264.885,
                  "Actual Rows": 10969,
                  "Actual Loops": 4,
                  "Inner Unique": true,
                  "Hash Cond": "(mc.movie_id = t.id)",
                  "Plans": [
                    {
                      "Node Type": "Seq Scan",
                      "Parent Relationship": "Outer",
                      "Parallel Aware": true,
                      "Relation Name": "movie_companies",
                      "Alias": "mc",
                      "Startup Cost": 0.0,
                      "Total Cost": 31414.82,
                      "Plan Rows": 226941,
                      "Plan Width": 4,
                      "Actual Startup Time": 35.271,
                      "Actual Total Time": 76.607,
                      "Actual Rows": 232488,
                      "Actual Loops": 4,
                      "Filter": "((company_id > 11147) AND (company_type_id > 1))",
                      "Rows Removed by Filter": 419794
                    },
                    {
                      "Node Type": "Hash",
                      "Parent Relationship": "Inner",
                      "Parallel Aware": true,
                      "Startup Cost": 45479.59,
                      "Total Cost": 45479.59,
                      "Plan Rows": 80908,
                      "Plan Width": 4,
                      "Actual Startup Time": 140.754,
                      "Actual Total Time": 140.755,
                      "Actual Rows": 87384,
                      "Actual Loops": 4,
                      "Hash Buckets": 524288,
                      "Original Hash Buckets": 524288,
                      "Hash Batches": 1,
                      "Original Hash Batches": 1,
                      "Peak Memory Usage": 17856,
                      "Plans": [
                        {
                          "Node Type": "Seq Scan",
                          "Parent Relationship": "Outer",
                          "Parallel Aware": true,
                          "Relation Name": "title",
                          "Alias": "t",
                          "Startup Cost": 0.0,
                          "Total Cost": 45479.59,
                          "Plan Rows": 80908,
                          "Plan Width": 4,
                          "Actual Startup Time": 0.053,
                          "Actual Total Time": 107.254,
                          "Actual Rows": 87384,
                          "Actual Loops": 4,
                          "Filter": "((production_year > 2009) AND (kind_id = 7))",
                          "Rows Removed by Filter": 544694
                        }
                      ]
                    }
                  ]
                }
              ]
            }
          ]
        }
      ]
    },
    "Planning Time": 0.687,
    "Triggers": [],
    "Execution Time": 295.464
  }
]