[
  {
    "Plan": {
      "Node Type": "Aggregate",
      "Strategy": "Plain",
      "Partial Mode": "Finalize",
      "Parallel Aware": false,
      "Startup Cost": 288553.59,
      "Total Cost": 288553.6,
      "Plan Rows": 1,
      "Plan Width": 8,
      "Actual Startup Time": 1611.612,
      "Actual Total Time": 1654.833,
      "Actual Rows": 1,
      "Actual Loops": 1,
      "Plans": [
        {
          "Node Type": "Gather",
          "Parent Relationship": "Outer",
          "Parallel Aware": false,
          "Startup Cost": 288553.07,
          "Total Cost": 288553.58,
          "Plan Rows": 5,
          "Plan Width": 8,
          "Actual Startup Time": 1601.502,
          "Actual Total Time": 1654.815,
          "Actual Rows": 6,
          "Actual Loops": 1,
          "Workers Planned": 5,
          "Workers Launched": 5,
          "Single Copy": false,
          "Plans": [
            {
              "Node Type": "Aggregate",
              "Strategy": "Plain",
              "Partial Mode": "Partial",
              "Parent Relationship": "Outer",
              "Parallel Aware": false,
              "Startup Cost": 287553.07,
              "Total Cost": 287553.08,
              "Plan Rows": 1,
              "Plan Width": 8,
              "Actual Startup Time": 1591.265,
              "Actual Total Time": 1591.353,
              "Actual Rows": 1,
              "Actual Loops": 6,
              "Plans": [
                {
                  "Node Type": "Hash Join",
                  "Parent Relationship": "Outer",
                  "Parallel Aware": true,
                  "Join Type": "Inner",
                  "Startup Cost": 79293.1,
                  "Total Cost": 286460.92,
                  "Plan Rows": 436858,
                  "Plan Width": 0,
                  "Actual Startup Time": 386.134,
                  "Actual Total Time": 1381.929,
                  "Actual Rows": 4195126,
                  "Actual Loops": 6,
                  "Inner Unique": false,
                  "Hash Cond": "(mi.movie_id = t.id)",
                  "Plans": [
                    {
                      "Node Type": "Seq Scan",
                      "Parent Relationship": "Outer",
                      "Parallel Aware": true,
                      "Relation Name": "movie_info",
                      "Alias": "mi",
                      "Startup Cost": 0.0,
                      "Total Cost": 199108.24,
                      "Plan Rows": 1773429,
                      "Plan Width": 4,
                      "Actual Startup Time": 17.904,
                      "Actual Total Time": 362.7,
                      "Actual Rows": 1491793,
                      "Actual Loops": 6,
                      "Filter": "(info_type_id > 6)",
                      "Rows Removed by Filter": 980827
                    },
                    {
                      "Node Type": "Hash",
                      "Parent Relationship": "Inner",
                      "Parallel Aware": true,
                      "Startup Cost": 76781.65,
                      "Total Cost": 76781.65,
                      "Plan Rows": 200916,
                      "Plan Width": 8,
                      "Actual Startup Time": 364.157,
                      "Actual Total Time": 364.244,
                      "Actual Rows": 154113,
                      "Actual Loops": 6,
                      "Hash Buckets": 1048576,
                      "Original Hash Buckets": 1048576,
                      "Hash Batches": 1,
                      "Original Hash Batches": 1,
                      "Peak Memory Usage": 44448,
                      "Plans": [
                        {
                          "Node Type": "Hash Join",
                          "Parent Relationship": "Outer",
                          "Parallel Aware": true,
                          "Join Type": "Inner",
                          "Startup Cost": 47365.76,
                          "Total Cost": 76781.65,
                          "Plan Rows": 200916,
                          "Plan Width": 8,
                          "Actual Startup Time": 145.588,
                          "Actual Total Time": 300.836,
                          "Actual Rows": 154113,
                          "Actual Loops": 6,
                          "Inner Unique": true,
                          "Hash Cond": "(mc.movie_id = t.id)",
                          "Plans": [
                            {
                              "Node Type": "Seq Scan",
                              "Parent Relationship": "Outer",
                              "Parallel Aware": true,
                              "Relation Name": "movie_companies",
                              "Alias": "mc",
                              "Startup Cost": 0.0,
                              "Total Cost": 27206.55,
                              "Plan Rows": 841655,
                              "Plan Width": 4,
                              "Actual Startup Time": 0.012,
                              "Actual Total Time": 49.514,
                              "Actual Rows": 434855,
                              "Actual Loops": 6
                            },
                            {
                              "Node Type": "Hash",
                              "Parent Relationship": "Inner",
                              "Parallel Aware": true,
                              "Startup Cost": 45479.59,
                              "Total Cost": 45479.59,
                              "Plan Rows": 150894,
                              "Plan Width": 4,
                              "Actual Startup Time": 143.402,
                              "Actual Total Time": 143.404,
                              "Actual Rows": 84568,
                              "Actual Loops": 6,
                              "Hash Buckets": 1048576,
                              "Original Hash Buckets": 1048576,
                              "Hash Batches": 1,
                              "Original Hash Batches": 1,
                              "Peak Memory Usage": 28128,
                              "Plans": [
                                {
                                  "Node Type": "Seq Scan",
                                  "Parent Relationship": "Outer",
                                  "Parallel Aware": true,
                                  "Relation Name": "title",
                                  "Alias": "t",
                                  "Startup Cost": 0.0,
                                  "Total Cost": 45479.59,
                                  "Plan Rows": 150894,
                                  "Plan Width": 4,
                                  "Actual Startup Time": 0.079,
                                  "Actual Total Time": 94.654,
                                  "Actual Rows": 84568,
                                  "Actual Loops": 6,
                                  "Filter": "((kind_id < 7) AND (production_year > 1997))",
                                  "Rows Removed by Filter": 336818
                                }
                              ]
                            }
                          ]
                        }
                      ]
                    }
                  ]
                }
              ]
            }
          ]
        }
      ]
    },
    "Planning Time": 1.506,
    "Triggers": [],
    "Execution Time": 1654.923
  }
]