{
  "Plan": {
    "Node Type": "Aggregate",
    "Strategy": "Plain",
    "Partial Mode": "Finalize",
    "Parallel Aware": false,
    "Startup Cost": 727357.53,
    "Total Cost": 727357.54,
    "Plan Rows": 1,
    "Plan Width": 8,
    "Actual Startup Time": 3573.153,
    "Actual Total Time": 3644.376,
    "Actual Rows": 1,
    "Actual Loops": 1,
    "Plans": [
      {
        "Node Type": "Gather",
        "Parent Relationship": "Outer",
        "Parallel Aware": false,
        "Startup Cost": 727357.42,
        "Total Cost": 727357.53,
        "Plan Rows": 1,
        "Plan Width": 8,
        "Actual Startup Time": 3572.927,
        "Actual Total Time": 3644.369,
        "Actual Rows": 2,
        "Actual Loops": 1,
        "Workers Planned": 1,
        "Workers Launched": 1,
        "Single Copy": false,
        "Plans": [
          {
            "Node Type": "Aggregate",
            "Strategy": "Plain",
            "Partial Mode": "Partial",
            "Parent Relationship": "Outer",
            "Parallel Aware": false,
            "Startup Cost": 726357.42,
            "Total Cost": 726357.43,
            "Plan Rows": 1,
            "Plan Width": 8,
            "Actual Startup Time": 3569.642,
            "Actual Total Time": 3569.646,
            "Actual Rows": 1,
            "Actual Loops": 2,
            "Plans": [
              {
                "Node Type": "Nested Loop",
                "Parent Relationship": "Outer",
                "Parallel Aware": false,
                "Join Type": "Inner",
                "Startup Cost": 58380.5,
                "Total Cost": 725124.16,
                "Plan Rows": 493302,
                "Plan Width": 0,
                "Actual Startup Time": 139.673,
                "Actual Total Time": 3547.649,
                "Actual Rows": 454954,
                "Actual Loops": 2,
                "Inner Unique": false,
                "Join Filter": "(t.id = mi.movie_id)",
                "Rows Removed by Join Filter": 0,
                "Plans": [
                  {
                    "Node Type": "Hash Join",
                    "Parent Relationship": "Outer",
                    "Parallel Aware": true,
                    "Join Type": "Inner",
                    "Startup Cost": 58380.07,
                    "Total Cost": 580113.42,
                    "Plan Rows": 84364,
                    "Plan Width": 8,
                    "Actual Startup Time": 139.591,
                    "Actual Total Time": 2993.944,
                    "Actual Rows": 69867,
                    "Actual Loops": 2,
                    "Inner Unique": true,
                    "Hash Cond": "(ci.movie_id = t.id)",
                    "Plans": [
                      {
                        "Node Type": "Seq Scan",
                        "Parent Relationship": "Outer",
                        "Parallel Aware": true,
                        "Relation Name": "cast_info",
                        "Alias": "ci",
                        "Startup Cost": 0.0,
                        "Total Cost": 465792.95,
                        "Plan Rows": 21310595,
                        "Plan Width": 4,
                        "Actual Startup Time": 0.013,
                        "Actual Total Time": 1338.244,
                        "Actual Rows": 18122172,
                        "Actual Loops": 2
                      },
                      {
                        "Node Type": "Hash",
                        "Parent Relationship": "Inner",
                        "Parallel Aware": true,
                        "Startup Cost": 58306.47,
                        "Total Cost": 58306.47,
                        "Plan Rows": 5888,
                        "Plan Width": 4,
                        "Actual Startup Time": 138.654,
                        "Actual Total Time": 138.655,
                        "Actual Rows": 5074,
                        "Actual Loops": 2,
                        "Hash Buckets": 16384,
                        "Original Hash Buckets": 16384,
                        "Hash Batches": 1,
                        "Original Hash Batches": 1,
                        "Peak Memory Usage": 576,
                        "Plans": [
                          {
                            "Node Type": "Seq Scan",
                            "Parent Relationship": "Outer",
                            "Parallel Aware": true,
                            "Relation Name": "title",
                            "Alias": "t",
                            "Startup Cost": 0.0,
                            "Total Cost": 58306.47,
                            "Plan Rows": 5888,
                            "Plan Width": 4,
                            "Actual Startup Time": 0.054,
                            "Actual Total Time": 136.445,
                            "Actual Rows": 5074,
                            "Actual Loops": 2,
                            "Filter": "((kind_id > 1) AND (production_year = 1978))",
                            "Rows Removed by Filter": 1259082
                          }
                        ]
                      }
                    ]
                  },
                  {
                    "Node Type": "Index Only Scan",
                    "Parent Relationship": "Inner",
                    "Parallel Aware": false,
                    "Scan Direction": "Forward",
                    "Index Name": "movie_id_movie_info",
                    "Relation Name": "movie_info",
                    "Alias": "mi",
                    "Startup Cost": 0.43,
                    "Total Cost": 1.19,
                    "Plan Rows": 42,
                    "Plan Width": 4,
                    "Actual Startup Time": 0.003,
                    "Actual Total Time": 0.007,
                    "Actual Rows": 7,
                    "Actual Loops": 139734,
                    "Index Cond": "(movie_id = ci.movie_id)",
                    "Rows Removed by Index Recheck": 0,
                    "Heap Fetches": 909909
                  }
                ]
              }
            ]
          }
        ]
      }
    ]
  },
  "Planning Time": 0.576,
  "Triggers": [],
  "Execution Time": 3644.449
}