[
  {
    "Plan": {
      "Node Type": "Aggregate",
      "Strategy": "Plain",
      "Partial Mode": "Finalize",
      "Parallel Aware": false,
      "Startup Cost": 32839.95,
      "Total Cost": 32839.96,
      "Plan Rows": 1,
      "Plan Width": 8,
      "Actual Startup Time": 66.892,
      "Actual Total Time": 72.495,
      "Actual Rows": 1,
      "Actual Loops": 1,
      "Plans": [
        {
          "Node Type": "Gather",
          "Parent Relationship": "Outer",
          "Parallel Aware": false,
          "Startup Cost": 32839.63,
          "Total Cost": 32839.94,
          "Plan Rows": 3,
          "Plan Width": 8,
          "Actual Startup Time": 66.823,
          "Actual Total Time": 72.49,
          "Actual Rows": 4,
          "Actual Loops": 1,
          "Workers Planned": 3,
          "Workers Launched": 3,
          "Single Copy": false,
          "Plans": [
            {
              "Node Type": "Aggregate",
              "Strategy": "Plain",
              "Partial Mode": "Partial",
              "Parent Relationship": "Outer",
              "Parallel Aware": false,
              "Startup Cost": 31839.63,
              "Total Cost": 31839.64,
              "Plan Rows": 1,
              "Plan Width": 8,
              "Actual Startup Time": 62.929,
              "Actual Total Time": 62.93,
              "Actual Rows": 1,
              "Actual Loops": 4,
              "Plans": [
                {
                  "Node Type": "Seq Scan",
                  "Parent Relationship": "Outer",
                  "Parallel Aware": true,
                  "Relation Name": "movie_companies",
                  "Alias": "mc",
                  "Startup Cost": 0.0,
                  "Total Cost": 31414.82,
                  "Plan Rows": 169924,
                  "Plan Width": 0,
                  "Actual Startup Time": 10.36,
                  "Actual Total Time": 60.048,
                  "Actual Rows": 58547,
                  "Actual Loops": 4,
                  "Filter": "((company_id > 14420) AND (company_type_id < 2))",
                  "Rows Removed by Filter": 593736
                }
              ]
            }
          ]
        }
      ]
    },
    "Planning Time": 0.053,
    "Triggers": [],
    "Execution Time": 72.514
  }
]