[
  {
    "Plan": {
      "Node Type": "Aggregate",
      "Strategy": "Plain",
      "Partial Mode": "Finalize",
      "Parallel Aware": false,
      "Startup Cost": 32839.49,
      "Total Cost": 32839.5,
      "Plan Rows": 1,
      "Plan Width": 8,
      "Actual Startup Time": 87.105,
      "Actual Total Time": 93.205,
      "Actual Rows": 1,
      "Actual Loops": 1,
      "Plans": [
        {
          "Node Type": "Gather",
          "Parent Relationship": "Outer",
          "Parallel Aware": false,
          "Startup Cost": 32839.17,
          "Total Cost": 32839.48,
          "Plan Rows": 3,
          "Plan Width": 8,
          "Actual Startup Time": 86.964,
          "Actual Total Time": 93.196,
          "Actual Rows": 4,
          "Actual Loops": 1,
          "Workers Planned": 3,
          "Workers Launched": 3,
          "Single Copy": false,
          "Plans": [
            {
              "Node Type": "Aggregate",
              "Strategy": "Plain",
              "Partial Mode": "Partial",
              "Parent Relationship": "Outer",
              "Parallel Aware": false,
              "Startup Cost": 31839.17,
              "Total Cost": 31839.18,
              "Plan Rows": 1,
              "Plan Width": 8,
              "Actual Startup Time": 78.721,
              "Actual Total Time": 78.722,
              "Actual Rows": 1,
              "Actual Loops": 4,
              "Plans": [
                {
                  "Node Type": "Seq Scan",
                  "Parent Relationship": "Outer",
                  "Parallel Aware": true,
                  "Relation Name": "movie_companies",
                  "Alias": "mc",
                  "Startup Cost": 0.0,
                  "Total Cost": 31414.82,
                  "Plan Rows": 169741,
                  "Plan Width": 0,
                  "Actual Startup Time": 23.664,
                  "Actual Total Time": 75.897,
                  "Actual Rows": 58547,
                  "Actual Loops": 4,
                  "Filter": "((company_id > 14420) AND (company_type_id < 2))",
                  "Rows Removed by Filter": 593736
                }
              ]
            }
          ]
        }
      ]
    },
    "Planning Time": 0.232,
    "Triggers": [],
    "Execution Time": 93.274
  }
]