[
    {
        "Bao": {
            "Bao prediction": "NaN",
            "Bao recommended hint": "(no hint)"
        }
    },
    {
        "Plan": {
            "Node Type": "Aggregate",
            "Strategy": "Plain",
            "Partial Mode": "Finalize",
            "Parallel Aware": false,
            "Startup Cost": 72349.02,
            "Total Cost": 72349.03,
            "Plan Rows": 1,
            "Plan Width": 8,
            "Actual Startup Time": 182.193,
            "Actual Total Time": 190.054,
            "Actual Rows": 1,
            "Actual Loops": 1,
            "Output": [
                "count(*)"
            ],
            "Plans": [
                {
                    "Node Type": "Gather",
                    "Parent Relationship": "Outer",
                    "Parallel Aware": false,
                    "Startup Cost": 72348.7,
                    "Total Cost": 72349.01,
                    "Plan Rows": 3,
                    "Plan Width": 8,
                    "Actual Startup Time": 180.811,
                    "Actual Total Time": 190.039,
                    "Actual Rows": 4,
                    "Actual Loops": 1,
                    "Output": [
                        "(PARTIAL count(*))"
                    ],
                    "Workers Planned": 3,
                    "Workers Launched": 3,
                    "Single Copy": false,
                    "Plans": [
                        {
                            "Node Type": "Aggregate",
                            "Strategy": "Plain",
                            "Partial Mode": "Partial",
                            "Parent Relationship": "Outer",
                            "Parallel Aware": false,
                            "Startup Cost": 71348.7,
                            "Total Cost": 71348.71,
                            "Plan Rows": 1,
                            "Plan Width": 8,
                            "Actual Startup Time": 171.984,
                            "Actual Total Time": 171.987,
                            "Actual Rows": 1,
                            "Actual Loops": 4,
                            "Output": [
                                "PARTIAL count(*)"
                            ],
                            "Workers": [
                                {
                                    "Worker Number": 0,
                                    "Actual Startup Time": 168.666,
                                    "Actual Total Time": 168.669,
                                    "Actual Rows": 1,
                                    "Actual Loops": 1
                                },
                                {
                                    "Worker Number": 1,
                                    "Actual Startup Time": 169.233,
                                    "Actual Total Time": 169.236,
                                    "Actual Rows": 1,
                                    "Actual Loops": 1
                                },
                                {
                                    "Worker Number": 2,
                                    "Actual Startup Time": 169.545,
                                    "Actual Total Time": 169.548,
                                    "Actual Rows": 1,
                                    "Actual Loops": 1
                                }
                            ],
                            "Plans": [
                                {
                                    "Node Type": "Hash Join",
                                    "Parent Relationship": "Outer",
                                    "Parallel Aware": true,
                                    "Join Type": "Inner",
                                    "Startup Cost": 51367.89,
                                    "Total Cost": 71332.22,
                                    "Plan Rows": 6593,
                                    "Plan Width": 0,
                                    "Actual Startup Time": 137.524,
                                    "Actual Total Time": 170.961,
                                    "Actual Rows": 17792,
                                    "Actual Loops": 4,
                                    "Inner Unique": true,
                                    "Hash Cond": "(mc.movie_id = t.id)",
                                    "Workers": [
                                        {
                                            "Worker Number": 0,
                                            "Actual Startup Time": 134.134,
                                            "Actual Total Time": 167.661,
                                            "Actual Rows": 15490,
                                            "Actual Loops": 1
                                        },
                                        {
                                            "Worker Number": 1,
                                            "Actual Startup Time": 134.879,
                                            "Actual Total Time": 168.169,
                                            "Actual Rows": 16576,
                                            "Actual Loops": 1
                                        },
                                        {
                                            "Worker Number": 2,
                                            "Actual Startup Time": 134.997,
                                            "Actual Total Time": 168.605,
                                            "Actual Rows": 19963,
                                            "Actual Loops": 1
                                        }
                                    ],
                                    "Plans": [
                                        {
                                            "Node Type": "Bitmap Heap Scan",
                                            "Parent Relationship": "Outer",
                                            "Parallel Aware": true,
                                            "Relation Name": "movie_companies",
                                            "Schema": "public",
                                            "Alias": "mc",
                                            "Startup Cost": 5217.76,
                                            "Total Cost": 24978.28,
                                            "Plan Rows": 77641,
                                            "Plan Width": 4,
                                            "Actual Startup Time": 18.088,
                                            "Actual Total Time": 33.595,
                                            "Actual Rows": 60862,
                                            "Actual Loops": 4,
                                            "Output": [
                                                "mc.id",
                                                "mc.movie_id",
                                                "mc.company_id",
                                                "mc.company_type_id",
                                                "mc.note"
                                            ],
                                            "Recheck Cond": "(mc.company_id > 102314)",
                                            "Rows Removed by Index Recheck": 0,
                                            "Exact Heap Blocks": 1222,
                                            "Lossy Heap Blocks": 0,
                                            "Workers": [
                                                {
                                                    "Worker Number": 0,
                                                    "Actual Startup Time": 18.146,
                                                    "Actual Total Time": 34.03,
                                                    "Actual Rows": 52462,
                                                    "Actual Loops": 1
                                                },
                                                {
                                                    "Worker Number": 1,
                                                    "Actual Startup Time": 18.138,
                                                    "Actual Total Time": 34.378,
                                                    "Actual Rows": 56698,
                                                    "Actual Loops": 1
                                                },
                                                {
                                                    "Worker Number": 2,
                                                    "Actual Startup Time": 17.962,
                                                    "Actual Total Time": 33.735,
                                                    "Actual Rows": 69345,
                                                    "Actual Loops": 1
                                                }
                                            ],
                                            "Plans": [
                                                {
                                                    "Node Type": "Bitmap Index Scan",
                                                    "Parent Relationship": "Outer",
                                                    "Parallel Aware": false,
                                                    "Index Name": "company_id_movie_companies",
                                                    "Startup Cost": 0.0,
                                                    "Total Cost": 5157.59,
                                                    "Plan Rows": 240688,
                                                    "Plan Width": 0,
                                                    "Actual Startup Time": 17.327,
                                                    "Actual Total Time": 17.328,
                                                    "Actual Rows": 243447,
                                                    "Actual Loops": 1,
                                                    "Index Cond": "(mc.company_id > 102314)",
                                                    "Workers": [
                                                        {
                                                            "Worker Number": 2,
                                                            "Actual Startup Time": 17.327,
                                                            "Actual Total Time": 17.328,
                                                            "Actual Rows": 243447,
                                                            "Actual Loops": 1
                                                        }
                                                    ]
                                                }
                                            ]
                                        },
                                        {
                                            "Node Type": "Hash",
                                            "Parent Relationship": "Inner",
                                            "Parallel Aware": true,
                                            "Startup Cost": 45479.21,
                                            "Total Cost": 45479.21,
                                            "Plan Rows": 53674,
                                            "Plan Width": 4,
                                            "Actual Startup Time": 118.181,
                                            "Actual Total Time": 118.182,
                                            "Actual Rows": 86381,
                                            "Actual Loops": 4,
                                            "Output": [
                                                "t.id"
                                            ],
                                            "Hash Buckets": 524288,
                                            "Original Hash Buckets": 262144,
                                            "Hash Batches": 1,
                                            "Original Hash Batches": 1,
                                            "Peak Memory Usage": 19744,
                                            "Workers": [
                                                {
                                                    "Worker Number": 0,
                                                    "Actual Startup Time": 115.557,
                                                    "Actual Total Time": 115.558,
                                                    "Actual Rows": 74639,
                                                    "Actual Loops": 1
                                                },
                                                {
                                                    "Worker Number": 1,
                                                    "Actual Startup Time": 116.34,
                                                    "Actual Total Time": 116.341,
                                                    "Actual Rows": 83022,
                                                    "Actual Loops": 1
                                                },
                                                {
                                                    "Worker Number": 2,
                                                    "Actual Startup Time": 116.637,
                                                    "Actual Total Time": 116.638,
                                                    "Actual Rows": 82961,
                                                    "Actual Loops": 1
                                                }
                                            ],
                                            "Plans": [
                                                {
                                                    "Node Type": "Seq Scan",
                                                    "Parent Relationship": "Outer",
                                                    "Parallel Aware": true,
                                                    "Relation Name": "title",
                                                    "Schema": "public",
                                                    "Alias": "t",
                                                    "Startup Cost": 0.0,
                                                    "Total Cost": 45479.21,
                                                    "Plan Rows": 53674,
                                                    "Plan Width": 4,
                                                    "Actual Startup Time": 0.102,
                                                    "Actual Total Time": 87.516,
                                                    "Actual Rows": 86381,
                                                    "Actual Loops": 4,
                                                    "Output": [
                                                        "t.id"
                                                    ],
                                                    "Filter": "((t.kind_id < 3) AND (t.production_year < 1991))",
                                                    "Rows Removed by Filter": 545697,
                                                    "Workers": [
                                                        {
                                                            "Worker Number": 0,
                                                            "Actual Startup Time": 0.17,
                                                            "Actual Total Time": 84.088,
                                                            "Actual Rows": 74639,
                                                            "Actual Loops": 1
                                                        },
                                                        {
                                                            "Worker Number": 1,
                                                            "Actual Startup Time": 0.061,
                                                            "Actual Total Time": 86.824,
                                                            "Actual Rows": 83022,
                                                            "Actual Loops": 1
                                                        },
                                                        {
                                                            "Worker Number": 2,
                                                            "Actual Startup Time": 0.153,
                                                            "Actual Total Time": 86.802,
                                                            "Actual Rows": 82961,
                                                            "Actual Loops": 1
                                                        }
                                                    ]
                                                }
                                            ]
                                        }
                                    ]
                                }
                            ]
                        }
                    ]
                }
            ]
        },
        "Planning Time": 195.29,
        "Triggers": [],
        "Execution Time": 190.115
    }
]