{
  "Plan": {
    "Node Type": "Aggregate",
    "Strategy": "Plain",
    "Partial Mode": "Finalize",
    "Parallel Aware": false,
    "Startup Cost": 111981.98,
    "Total Cost": 111981.99,
    "Plan Rows": 1,
    "Plan Width": 8,
    "Actual Startup Time": 708.955,
    "Actual Total Time": 725.078,
    "Actual Rows": 1,
    "Actual Loops": 1,
    "Plans": [
      {
        "Node Type": "Gather",
        "Parent Relationship": "Outer",
        "Parallel Aware": false,
        "Startup Cost": 111981.87,
        "Total Cost": 111981.98,
        "Plan Rows": 1,
        "Plan Width": 8,
        "Actual Startup Time": 707.69,
        "Actual Total Time": 725.069,
        "Actual Rows": 2,
        "Actual Loops": 1,
        "Workers Planned": 1,
        "Workers Launched": 1,
        "Single Copy": false,
        "Plans": [
          {
            "Node Type": "Aggregate",
            "Strategy": "Plain",
            "Partial Mode": "Partial",
            "Parent Relationship": "Outer",
            "Parallel Aware": false,
            "Startup Cost": 110981.87,
            "Total Cost": 110981.88,
            "Plan Rows": 1,
            "Plan Width": 8,
            "Actual Startup Time": 701.73,
            "Actual Total Time": 701.737,
            "Actual Rows": 1,
            "Actual Loops": 2,
            "Plans": [
              {
                "Node Type": "Hash Join",
                "Parent Relationship": "Outer",
                "Parallel Aware": true,
                "Join Type": "Inner",
                "Startup Cost": 47201.83,
                "Total Cost": 109903.85,
                "Plan Rows": 431208,
                "Plan Width": 0,
                "Actual Startup Time": 229.23,
                "Actual Total Time": 690.203,
                "Actual Rows": 230394,
                "Actual Loops": 2,
                "Inner Unique": false,
                "Hash Cond": "(t.id = mc.movie_id)",
                "Plans": [
                  {
                    "Node Type": "Seq Scan",
                    "Parent Relationship": "Outer",
                    "Parallel Aware": true,
                    "Relation Name": "title",
                    "Alias": "t",
                    "Startup Cost": 0.0,
                    "Total Cost": 50870.31,
                    "Plan Rows": 1487231,
                    "Plan Width": 4,
                    "Actual Startup Time": 0.016,
                    "Actual Total Time": 147.187,
                    "Actual Rows": 1264156,
                    "Actual Loops": 2
                  },
                  {
                    "Node Type": "Hash",
                    "Parent Relationship": "Inner",
                    "Parallel Aware": true,
                    "Startup Cost": 41811.73,
                    "Total Cost": 41811.73,
                    "Plan Rows": 431208,
                    "Plan Width": 4,
                    "Actual Startup Time": 219.662,
                    "Actual Total Time": 219.663,
                    "Actual Rows": 230394,
                    "Actual Loops": 2,
                    "Hash Buckets": 1048576,
                    "Original Hash Buckets": 1048576,
                    "Hash Batches": 1,
                    "Original Hash Batches": 1,
                    "Peak Memory Usage": 26240,
                    "Plans": [
                      {
                        "Node Type": "Seq Scan",
                        "Parent Relationship": "Outer",
                        "Parallel Aware": true,
                        "Relation Name": "movie_companies",
                        "Alias": "mc",
                        "Startup Cost": 0.0,
                        "Total Cost": 41811.73,
                        "Plan Rows": 431208,
                        "Plan Width": 4,
                        "Actual Startup Time": 74.714,
                        "Actual Total Time": 147.687,
                        "Actual Rows": 230394,
                        "Actual Loops": 2,
                        "Filter": "((company_id < 12844) AND (company_type_id = 2))",
                        "Rows Removed by Filter": 1074170
                      }
                    ]
                  }
                ]
              }
            ]
          }
        ]
      }
    ]
  },
  "Planning Time": 0.763,
  "Triggers": [],
  "Execution Time": 725.152
}