[
  {
    "Plan": {
      "Node Type": "Aggregate",
      "Strategy": "Plain",
      "Partial Mode": "Finalize",
      "Parallel Aware": false,
      "Startup Cost": 47265.59,
      "Total Cost": 47265.6,
      "Plan Rows": 1,
      "Plan Width": 8,
      "Actual Startup Time": 191.816,
      "Actual Total Time": 201.072,
      "Actual Rows": 1,
      "Actual Loops": 1,
      "Plans": [
        {
          "Node Type": "Gather",
          "Parent Relationship": "Outer",
          "Parallel Aware": false,
          "Startup Cost": 47265.27,
          "Total Cost": 47265.58,
          "Plan Rows": 3,
          "Plan Width": 8,
          "Actual Startup Time": 191.734,
          "Actual Total Time": 201.064,
          "Actual Rows": 4,
          "Actual Loops": 1,
          "Workers Planned": 3,
          "Workers Launched": 3,
          "Single Copy": false,
          "Plans": [
            {
              "Node Type": "Aggregate",
              "Strategy": "Plain",
              "Partial Mode": "Partial",
              "Parent Relationship": "Outer",
              "Parallel Aware": false,
              "Startup Cost": 46265.27,
              "Total Cost": 46265.28,
              "Plan Rows": 1,
              "Plan Width": 8,
              "Actual Startup Time": 185.838,
              "Actual Total Time": 185.839,
              "Actual Rows": 1,
              "Actual Loops": 4,
              "Plans": [
                {
                  "Node Type": "Seq Scan",
                  "Parent Relationship": "Outer",
                  "Parallel Aware": true,
                  "Relation Name": "movie_keyword",
                  "Alias": "mk",
                  "Startup Cost": 0.0,
                  "Total Cost": 42695.65,
                  "Plan Rows": 1427846,
                  "Plan Width": 0,
                  "Actual Startup Time": 0.047,
                  "Actual Total Time": 132.787,
                  "Actual Rows": 1107069,
                  "Actual Loops": 4,
                  "Filter": "(keyword_id < 83453)",
                  "Rows Removed by Filter": 23914
                }
              ]
            }
          ]
        }
      ]
    },
    "Planning Time": 0.15,
    "Triggers": [],
    "Execution Time": 201.122
  }
]