[
  {
    "Plan": {
      "Node Type": "Aggregate",
      "Strategy": "Plain",
      "Partial Mode": "Finalize",
      "Parallel Aware": false,
      "Startup Cost": 284830.22,
      "Total Cost": 284830.23,
      "Plan Rows": 1,
      "Plan Width": 8,
      "Actual Startup Time": 131.13,
      "Actual Total Time": 137.338,
      "Actual Rows": 1,
      "Actual Loops": 1,
      "Plans": [
        {
          "Node Type": "Gather",
          "Parent Relationship": "Outer",
          "Parallel Aware": false,
          "Startup Cost": 284829.59,
          "Total Cost": 284830.2,
          "Plan Rows": 6,
          "Plan Width": 8,
          "Actual Startup Time": 130.601,
          "Actual Total Time": 137.329,
          "Actual Rows": 7,
          "Actual Loops": 1,
          "Workers Planned": 6,
          "Workers Launched": 6,
          "Single Copy": false,
          "Plans": [
            {
              "Node Type": "Aggregate",
              "Strategy": "Plain",
              "Partial Mode": "Partial",
              "Parent Relationship": "Outer",
              "Parallel Aware": false,
              "Startup Cost": 283829.59,
              "Total Cost": 283829.6,
              "Plan Rows": 1,
              "Plan Width": 8,
              "Actual Startup Time": 121.847,
              "Actual Total Time": 121.848,
              "Actual Rows": 1,
              "Actual Loops": 7,
              "Plans": [
                {
                  "Node Type": "Bitmap Heap Scan",
                  "Parent Relationship": "Outer",
                  "Parallel Aware": true,
                  "Relation Name": "cast_info",
                  "Alias": "ci",
                  "Startup Cost": 27976.24,
                  "Total Cost": 283301.87,
                  "Plan Rows": 211090,
                  "Plan Width": 0,
                  "Actual Startup Time": 53.946,
                  "Actual Total Time": 111.3,
                  "Actual Rows": 178207,
                  "Actual Loops": 7,
                  "Recheck Cond": "(person_id > 3820438)",
                  "Rows Removed by Index Recheck": 0,
                  "Exact Heap Blocks": 5120,
                  "Lossy Heap Blocks": 0,
                  "Plans": [
                    {
                      "Node Type": "Bitmap Index Scan",
                      "Parent Relationship": "Outer",
                      "Parallel Aware": false,
                      "Index Name": "person_id_cast_info",
                      "Startup Cost": 0.0,
                      "Total Cost": 27659.61,
                      "Plan Rows": 1266539,
                      "Plan Width": 0,
                      "Actual Startup Time": 58.903,
                      "Actual Total Time": 58.904,
                      "Actual Rows": 1247451,
                      "Actual Loops": 1,
                      "Index Cond": "(person_id > 3820438)"
                    }
                  ]
                }
              ]
            }
          ]
        }
      ]
    },
    "Planning Time": 0.19,
    "Triggers": [],
    "Execution Time": 137.413
  }
]