[
  {
    "Plan": {
      "Node Type": "Aggregate",
      "Strategy": "Plain",
      "Partial Mode": "Finalize",
      "Parallel Aware": false,
      "Startup Cost": 91425.56,
      "Total Cost": 91425.57,
      "Plan Rows": 1,
      "Plan Width": 8,
      "Actual Startup Time": 235.863,
      "Actual Total Time": 251.272,
      "Actual Rows": 1,
      "Actual Loops": 1,
      "Plans": [
        {
          "Node Type": "Gather",
          "Parent Relationship": "Outer",
          "Parallel Aware": false,
          "Startup Cost": 91425.24,
          "Total Cost": 91425.55,
          "Plan Rows": 3,
          "Plan Width": 8,
          "Actual Startup Time": 235.39,
          "Actual Total Time": 251.266,
          "Actual Rows": 4,
          "Actual Loops": 1,
          "Workers Planned": 3,
          "Workers Launched": 3,
          "Single Copy": false,
          "Plans": [
            {
              "Node Type": "Aggregate",
              "Strategy": "Plain",
              "Partial Mode": "Partial",
              "Parent Relationship": "Outer",
              "Parallel Aware": false,
              "Startup Cost": 90425.24,
              "Total Cost": 90425.25,
              "Plan Rows": 1,
              "Plan Width": 8,
              "Actual Startup Time": 229.991,
              "Actual Total Time": 229.995,
              "Actual Rows": 1,
              "Actual Loops": 4,
              "Plans": [
                {
                  "Node Type": "Hash Join",
                  "Parent Relationship": "Outer",
                  "Parallel Aware": true,
                  "Join Type": "Inner",
                  "Startup Cost": 45653.15,
                  "Total Cost": 90382.69,
                  "Plan Rows": 17020,
                  "Plan Width": 0,
                  "Actual Startup Time": 88.236,
                  "Actual Total Time": 229.214,
                  "Actual Rows": 16178,
                  "Actual Loops": 4,
                  "Inner Unique": true,
                  "Hash Cond": "(mk.movie_id = t.id)",
                  "Plans": [
                    {
                      "Node Type": "Seq Scan",
                      "Parent Relationship": "Outer",
                      "Parallel Aware": true,
                      "Relation Name": "movie_keyword",
                      "Alias": "mk",
                      "Startup Cost": 0.0,
                      "Total Cost": 42695.65,
                      "Plan Rows": 774815,
                      "Plan Width": 4,
                      "Actual Startup Time": 0.028,
                      "Actual Total Time": 98.323,
                      "Actual Rows": 603587,
                      "Actual Loops": 4,
                      "Filter": "(keyword_id < 5678)",
                      "Rows Removed by Filter": 527396
                    },
                    {
                      "Node Type": "Hash",
                      "Parent Relationship": "Inner",
                      "Parallel Aware": true,
                      "Startup Cost": 45479.59,
                      "Total Cost": 45479.59,
                      "Plan Rows": 13885,
                      "Plan Width": 4,
                      "Actual Startup Time": 87.55,
                      "Actual Total Time": 87.552,
                      "Actual Rows": 12269,
                      "Actual Loops": 4,
                      "Hash Buckets": 65536,
                      "Original Hash Buckets": 65536,
                      "Hash Batches": 1,
                      "Original Hash Batches": 1,
                      "Peak Memory Usage": 2496,
                      "Plans": [
                        {
                          "Node Type": "Seq Scan",
                          "Parent Relationship": "Outer",
                          "Parallel Aware": true,
                          "Relation Name": "title",
                          "Alias": "t",
                          "Startup Cost": 0.0,
                          "Total Cost": 45479.59,
                          "Plan Rows": 13885,
                          "Plan Width": 4,
                          "Actual Startup Time": 0.18,
                          "Actual Total Time": 83.383,
                          "Actual Rows": 12269,
                          "Actual Loops": 4,
                          "Filter": "((kind_id < 7) AND (production_year = 2010))",
                          "Rows Removed by Filter": 619809
                        }
                      ]
                    }
                  ]
                }
              ]
            }
          ]
        }
      ]
    },
    "Planning Time": 0.211,
    "Triggers": [],
    "Execution Time": 251.3
  }
]