[
  {
    "Plan": {
      "Node Type": "Aggregate",
      "Strategy": "Plain",
      "Partial Mode": "Finalize",
      "Parallel Aware": false,
      "Startup Cost": 91437.57,
      "Total Cost": 91437.58,
      "Plan Rows": 1,
      "Plan Width": 8,
      "Actual Startup Time": 245.598,
      "Actual Total Time": 263.745,
      "Actual Rows": 1,
      "Actual Loops": 1,
      "Plans": [
        {
          "Node Type": "Gather",
          "Parent Relationship": "Outer",
          "Parallel Aware": false,
          "Startup Cost": 91437.25,
          "Total Cost": 91437.56,
          "Plan Rows": 3,
          "Plan Width": 8,
          "Actual Startup Time": 245.255,
          "Actual Total Time": 263.736,
          "Actual Rows": 4,
          "Actual Loops": 1,
          "Workers Planned": 3,
          "Workers Launched": 3,
          "Single Copy": false,
          "Plans": [
            {
              "Node Type": "Aggregate",
              "Strategy": "Plain",
              "Partial Mode": "Partial",
              "Parent Relationship": "Outer",
              "Parallel Aware": false,
              "Startup Cost": 90437.25,
              "Total Cost": 90437.26,
              "Plan Rows": 1,
              "Plan Width": 8,
              "Actual Startup Time": 239.557,
              "Actual Total Time": 239.559,
              "Actual Rows": 1,
              "Actual Loops": 4,
              "Plans": [
                {
                  "Node Type": "Hash Join",
                  "Parent Relationship": "Outer",
                  "Parallel Aware": true,
                  "Join Type": "Inner",
                  "Startup Cost": 45656.21,
                  "Total Cost": 90393.66,
                  "Plan Rows": 17437,
                  "Plan Width": 0,
                  "Actual Startup Time": 94.145,
                  "Actual Total Time": 238.773,
                  "Actual Rows": 16178,
                  "Actual Loops": 4,
                  "Inner Unique": true,
                  "Hash Cond": "(mk.movie_id = t.id)",
                  "Plans": [
                    {
                      "Node Type": "Seq Scan",
                      "Parent Relationship": "Outer",
                      "Parallel Aware": true,
                      "Relation Name": "movie_keyword",
                      "Alias": "mk",
                      "Startup Cost": 0.0,
                      "Total Cost": 42695.65,
                      "Plan Rows": 777827,
                      "Plan Width": 4,
                      "Actual Startup Time": 0.023,
                      "Actual Total Time": 101.49,
                      "Actual Rows": 603587,
                      "Actual Loops": 4,
                      "Filter": "(keyword_id < 5678)",
                      "Rows Removed by Filter": 527396
                    },
                    {
                      "Node Type": "Hash",
                      "Parent Relationship": "Inner",
                      "Parallel Aware": true,
                      "Startup Cost": 45479.1,
                      "Total Cost": 45479.1,
                      "Plan Rows": 14169,
                      "Plan Width": 4,
                      "Actual Startup Time": 92.782,
                      "Actual Total Time": 92.783,
                      "Actual Rows": 12269,
                      "Actual Loops": 4,
                      "Hash Buckets": 65536,
                      "Original Hash Buckets": 65536,
                      "Hash Batches": 1,
                      "Original Hash Batches": 1,
                      "Peak Memory Usage": 2496,
                      "Plans": [
                        {
                          "Node Type": "Seq Scan",
                          "Parent Relationship": "Outer",
                          "Parallel Aware": true,
                          "Relation Name": "title",
                          "Alias": "t",
                          "Startup Cost": 0.0,
                          "Total Cost": 45479.1,
                          "Plan Rows": 14169,
                          "Plan Width": 4,
                          "Actual Startup Time": 0.095,
                          "Actual Total Time": 88.36,
                          "Actual Rows": 12269,
                          "Actual Loops": 4,
                          "Filter": "((kind_id < 7) AND (production_year = 2010))",
                          "Rows Removed by Filter": 619809
                        }
                      ]
                    }
                  ]
                }
              ]
            }
          ]
        }
      ]
    },
    "Planning Time": 0.626,
    "Triggers": [],
    "Execution Time": 263.812
  }
]