[
  {
    "Plan": {
      "Node Type": "Aggregate",
      "Strategy": "Plain",
      "Partial Mode": "Finalize",
      "Parallel Aware": false,
      "Startup Cost": 106398.55,
      "Total Cost": 106398.56,
      "Plan Rows": 1,
      "Plan Width": 8,
      "Actual Startup Time": 116.415,
      "Actual Total Time": 135.39,
      "Actual Rows": 1,
      "Actual Loops": 1,
      "Plans": [
        {
          "Node Type": "Gather",
          "Parent Relationship": "Outer",
          "Parallel Aware": false,
          "Startup Cost": 106398.13,
          "Total Cost": 106398.54,
          "Plan Rows": 4,
          "Plan Width": 8,
          "Actual Startup Time": 116.277,
          "Actual Total Time": 135.382,
          "Actual Rows": 5,
          "Actual Loops": 1,
          "Workers Planned": 4,
          "Workers Launched": 4,
          "Single Copy": false,
          "Plans": [
            {
              "Node Type": "Aggregate",
              "Strategy": "Plain",
              "Partial Mode": "Partial",
              "Parent Relationship": "Outer",
              "Parallel Aware": false,
              "Startup Cost": 105398.13,
              "Total Cost": 105398.14,
              "Plan Rows": 1,
              "Plan Width": 8,
              "Actual Startup Time": 109.351,
              "Actual Total Time": 109.352,
              "Actual Rows": 1,
              "Actual Loops": 5,
              "Plans": [
                {
                  "Node Type": "Nested Loop",
                  "Parent Relationship": "Outer",
                  "Parallel Aware": false,
                  "Join Type": "Inner",
                  "Startup Cost": 0.56,
                  "Total Cost": 105397.86,
                  "Plan Rows": 110,
                  "Plan Width": 0,
                  "Actual Startup Time": 61.382,
                  "Actual Total Time": 109.338,
                  "Actual Rows": 18,
                  "Actual Loops": 5,
                  "Inner Unique": false,
                  "Plans": [
                    {
                      "Node Type": "Seq Scan",
                      "Parent Relationship": "Outer",
                      "Parallel Aware": true,
                      "Relation Name": "title",
                      "Alias": "t",
                      "Startup Cost": 0.0,
                      "Total Cost": 43898.92,
                      "Plan Rows": 452,
                      "Plan Width": 4,
                      "Actual Startup Time": 57.381,
                      "Actual Total Time": 79.389,
                      "Actual Rows": 583,
                      "Actual Loops": 5,
                      "Filter": "(production_year = 1927)",
                      "Rows Removed by Filter": 505079
                    },
                    {
                      "Node Type": "Index Scan",
                      "Parent Relationship": "Inner",
                      "Parallel Aware": false,
                      "Scan Direction": "Forward",
                      "Index Name": "movie_id_cast_info",
                      "Relation Name": "cast_info",
                      "Alias": "ci",
                      "Startup Cost": 0.56,
                      "Total Cost": 136.05,
                      "Plan Rows": 1,
                      "Plan Width": 4,
                      "Actual Startup Time": 0.051,
                      "Actual Total Time": 0.051,
                      "Actual Rows": 0,
                      "Actual Loops": 2915,
                      "Index Cond": "(movie_id = t.id)",
                      "Rows Removed by Index Recheck": 0,
                      "Filter": "((person_id > 3800601) AND (role_id > 2))",
                      "Rows Removed by Filter": 10
                    }
                  ]
                }
              ]
            }
          ]
        }
      ]
    },
    "Planning Time": 1.382,
    "Triggers": [],
    "Execution Time": 135.462
  }
]