{
  "Plan": {
    "Node Type": "Aggregate",
    "Strategy": "Plain",
    "Partial Mode": "Finalize",
    "Parallel Aware": false,
    "Startup Cost": 435309.3,
    "Total Cost": 435309.31,
    "Plan Rows": 1,
    "Plan Width": 8,
    "Actual Startup Time": 3810.46,
    "Actual Total Time": 3863.986,
    "Actual Rows": 1,
    "Actual Loops": 1,
    "Plans": [
      {
        "Node Type": "Gather",
        "Parent Relationship": "Outer",
        "Parallel Aware": false,
        "Startup Cost": 435309.18,
        "Total Cost": 435309.29,
        "Plan Rows": 1,
        "Plan Width": 8,
        "Actual Startup Time": 3803.047,
        "Actual Total Time": 3863.975,
        "Actual Rows": 2,
        "Actual Loops": 1,
        "Workers Planned": 1,
        "Workers Launched": 1,
        "Single Copy": false,
        "Plans": [
          {
            "Node Type": "Aggregate",
            "Strategy": "Plain",
            "Partial Mode": "Partial",
            "Parent Relationship": "Outer",
            "Parallel Aware": false,
            "Startup Cost": 434309.18,
            "Total Cost": 434309.19,
            "Plan Rows": 1,
            "Plan Width": 8,
            "Actual Startup Time": 3797.826,
            "Actual Total Time": 3797.831,
            "Actual Rows": 1,
            "Actual Loops": 2,
            "Plans": [
              {
                "Node Type": "Hash Join",
                "Parent Relationship": "Outer",
                "Parallel Aware": true,
                "Join Type": "Inner",
                "Startup Cost": 115445.19,
                "Total Cost": 431796.38,
                "Plan Rows": 1005122,
                "Plan Width": 0,
                "Actual Startup Time": 777.257,
                "Actual Total Time": 3643.802,
                "Actual Rows": 3715857,
                "Actual Loops": 2,
                "Inner Unique": false,
                "Hash Cond": "(t.id = mc.movie_id)",
                "Plans": [
                  {
                    "Node Type": "Hash Join",
                    "Parent Relationship": "Outer",
                    "Parallel Aware": true,
                    "Join Type": "Inner",
                    "Startup Cost": 69460.7,
                    "Total Cost": 351911.89,
                    "Plan Rows": 4478001,
                    "Plan Width": 8,
                    "Actual Startup Time": 541.647,
                    "Actual Total Time": 2346.245,
                    "Actual Rows": 3774428,
                    "Actual Loops": 2,
                    "Inner Unique": true,
                    "Hash Cond": "(mi.movie_id = t.id)",
                    "Plans": [
                      {
                        "Node Type": "Seq Scan",
                        "Parent Relationship": "Outer",
                        "Parallel Aware": true,
                        "Relation Name": "movie_info",
                        "Alias": "mi",
                        "Startup Cost": 0.0,
                        "Total Cost": 270696.42,
                        "Plan Rows": 4478001,
                        "Plan Width": 4,
                        "Actual Startup Time": 33.065,
                        "Actual Total Time": 688.289,
                        "Actual Rows": 3774428,
                        "Actual Loops": 2,
                        "Filter": "(info_type_id > 7)",
                        "Rows Removed by Filter": 3643432
                      },
                      {
                        "Node Type": "Hash",
                        "Parent Relationship": "Inner",
                        "Parallel Aware": true,
                        "Startup Cost": 50870.31,
                        "Total Cost": 50870.31,
                        "Plan Rows": 1487231,
                        "Plan Width": 4,
                        "Actual Startup Time": 497.264,
                        "Actual Total Time": 497.265,
                        "Actual Rows": 1264156,
                        "Actual Loops": 2,
                        "Hash Buckets": 4194304,
                        "Original Hash Buckets": 4194304,
                        "Hash Batches": 1,
                        "Original Hash Batches": 1,
                        "Peak Memory Usage": 131712,
                        "Plans": [
                          {
                            "Node Type": "Seq Scan",
                            "Parent Relationship": "Outer",
                            "Parallel Aware": true,
                            "Relation Name": "title",
                            "Alias": "t",
                            "Startup Cost": 0.0,
                            "Total Cost": 50870.31,
                            "Plan Rows": 1487231,
                            "Plan Width": 4,
                            "Actual Startup Time": 0.019,
                            "Actual Total Time": 145.432,
                            "Actual Rows": 1264156,
                            "Actual Loops": 2
                          }
                        ]
                      }
                    ]
                  },
                  {
                    "Node Type": "Hash",
                    "Parent Relationship": "Inner",
                    "Parallel Aware": true,
                    "Startup Cost": 41811.73,
                    "Total Cost": 41811.73,
                    "Plan Rows": 333821,
                    "Plan Width": 4,
                    "Actual Startup Time": 226.673,
                    "Actual Total Time": 226.674,
                    "Actual Rows": 429550,
                    "Actual Loops": 2,
                    "Hash Buckets": 1048576,
                    "Original Hash Buckets": 1048576,
                    "Hash Batches": 1,
                    "Original Hash Batches": 1,
                    "Peak Memory Usage": 41856,
                    "Plans": [
                      {
                        "Node Type": "Seq Scan",
                        "Parent Relationship": "Outer",
                        "Parallel Aware": true,
                        "Relation Name": "movie_companies",
                        "Alias": "mc",
                        "Startup Cost": 0.0,
                        "Total Cost": 41811.73,
                        "Plan Rows": 333821,
                        "Plan Width": 4,
                        "Actual Startup Time": 63.949,
                        "Actual Total Time": 136.159,
                        "Actual Rows": 429550,
                        "Actual Loops": 2,
                        "Filter": "((company_id > 13695) AND (company_type_id = 2))",
                        "Rows Removed by Filter": 875015
                      }
                    ]
                  }
                ]
              }
            ]
          }
        ]
      }
    ]
  },
  "Planning Time": 0.954,
  "Triggers": [],
  "Execution Time": 3864.078
}