[
  {
    "Plan": {
      "Node Type": "Aggregate",
      "Strategy": "Plain",
      "Partial Mode": "Finalize",
      "Parallel Aware": false,
      "Startup Cost": 363275.27,
      "Total Cost": 363275.28,
      "Plan Rows": 1,
      "Plan Width": 8,
      "Actual Startup Time": 5145.368,
      "Actual Total Time": 5225.081,
      "Actual Rows": 1,
      "Actual Loops": 1,
      "Plans": [
        {
          "Node Type": "Gather",
          "Parent Relationship": "Outer",
          "Parallel Aware": false,
          "Startup Cost": 363274.96,
          "Total Cost": 363275.27,
          "Plan Rows": 3,
          "Plan Width": 8,
          "Actual Startup Time": 5142.445,
          "Actual Total Time": 5225.071,
          "Actual Rows": 4,
          "Actual Loops": 1,
          "Workers Planned": 3,
          "Workers Launched": 3,
          "Single Copy": false,
          "Plans": [
            {
              "Node Type": "Aggregate",
              "Strategy": "Plain",
              "Partial Mode": "Partial",
              "Parent Relationship": "Outer",
              "Parallel Aware": false,
              "Startup Cost": 362274.96,
              "Total Cost": 362274.97,
              "Plan Rows": 1,
              "Plan Width": 8,
              "Actual Startup Time": 5134.147,
              "Actual Total Time": 5134.15,
              "Actual Rows": 1,
              "Actual Loops": 4,
              "Plans": [
                {
                  "Node Type": "Nested Loop",
                  "Parent Relationship": "Outer",
                  "Parallel Aware": false,
                  "Join Type": "Inner",
                  "Startup Cost": 46733.23,
                  "Total Cost": 358241.72,
                  "Plan Rows": 1613293,
                  "Plan Width": 0,
                  "Actual Startup Time": 138.106,
                  "Actual Total Time": 4764.802,
                  "Actual Rows": 7906726,
                  "Actual Loops": 4,
                  "Inner Unique": false,
                  "Join Filter": "(t.id = ci.movie_id)",
                  "Rows Removed by Join Filter": 0,
                  "Plans": [
                    {
                      "Node Type": "Hash Join",
                      "Parent Relationship": "Outer",
                      "Parallel Aware": true,
                      "Join Type": "Inner",
                      "Startup Cost": 46732.66,
                      "Total Cost": 91291.07,
                      "Plan Rows": 112589,
                      "Plan Width": 8,
                      "Actual Startup Time": 137.985,
                      "Actual Total Time": 330.729,
                      "Actual Rows": 120262,
                      "Actual Loops": 4,
                      "Inner Unique": true,
                      "Hash Cond": "(mk.movie_id = t.id)",
                      "Plans": [
                        {
                          "Node Type": "Seq Scan",
                          "Parent Relationship": "Outer",
                          "Parallel Aware": true,
                          "Relation Name": "movie_keyword",
                          "Alias": "mk",
                          "Startup Cost": 0.0,
                          "Total Cost": 42695.65,
                          "Plan Rows": 709623,
                          "Plan Width": 4,
                          "Actual Startup Time": 0.345,
                          "Actual Total Time": 110.159,
                          "Actual Rows": 549402,
                          "Actual Loops": 4,
                          "Filter": "(keyword_id > 5091)",
                          "Rows Removed by Filter": 581580
                        },
                        {
                          "Node Type": "Hash",
                          "Parent Relationship": "Inner",
                          "Parallel Aware": true,
                          "Startup Cost": 45479.1,
                          "Total Cost": 45479.1,
                          "Plan Rows": 100285,
                          "Plan Width": 4,
                          "Actual Startup Time": 134.302,
                          "Actual Total Time": 134.303,
                          "Actual Rows": 83998,
                          "Actual Loops": 4,
                          "Hash Buckets": 524288,
                          "Original Hash Buckets": 524288,
                          "Hash Batches": 1,
                          "Original Hash Batches": 1,
                          "Peak Memory Usage": 17312,
                          "Plans": [
                            {
                              "Node Type": "Seq Scan",
                              "Parent Relationship": "Outer",
                              "Parallel Aware": true,
                              "Relation Name": "title",
                              "Alias": "t",
                              "Startup Cost": 0.0,
                              "Total Cost": 45479.1,
                              "Plan Rows": 100285,
                              "Plan Width": 4,
                              "Actual Startup Time": 0.063,
                              "Actual Total Time": 104.504,
                              "Actual Rows": 83998,
                              "Actual Loops": 4,
                              "Filter": "((kind_id < 7) AND (production_year > 2005))",
                              "Rows Removed by Filter": 548080
                            }
                          ]
                        }
                      ]
                    },
                    {
                      "Node Type": "Index Only Scan",
                      "Parent Relationship": "Inner",
                      "Parallel Aware": false,
                      "Scan Direction": "Forward",
                      "Index Name": "movie_id_cast_info",
                      "Relation Name": "cast_info",
                      "Alias": "ci",
                      "Startup Cost": 0.56,
                      "Total Cost": 1.91,
                      "Plan Rows": 37,
                      "Plan Width": 4,
                      "Actual Startup Time": 0.004,
                      "Actual Total Time": 0.031,
                      "Actual Rows": 66,
                      "Actual Loops": 481046,
                      "Index Cond": "(movie_id = mk.movie_id)",
                      "Rows Removed by Index Recheck": 0,
                      "Heap Fetches": 31626903
                    }
                  ]
                }
              ]
            }
          ]
        }
      ]
    },
    "Planning Time": 1.279,
    "Triggers": [],
    "Execution Time": 5225.186
  }
]