{
  "Plan": {
    "Node Type": "Aggregate",
    "Strategy": "Plain",
    "Partial Mode": "Finalize",
    "Parallel Aware": false,
    "Startup Cost": 350738.42,
    "Total Cost": 350738.43,
    "Plan Rows": 1,
    "Plan Width": 8,
    "Actual Startup Time": 391.356,
    "Actual Total Time": 409.753,
    "Actual Rows": 1,
    "Actual Loops": 1,
    "Plans": [
      {
        "Node Type": "Gather",
        "Parent Relationship": "Outer",
        "Parallel Aware": false,
        "Startup Cost": 350738.31,
        "Total Cost": 350738.42,
        "Plan Rows": 1,
        "Plan Width": 8,
        "Actual Startup Time": 391.002,
        "Actual Total Time": 409.746,
        "Actual Rows": 2,
        "Actual Loops": 1,
        "Workers Planned": 1,
        "Workers Launched": 1,
        "Single Copy": false,
        "Plans": [
          {
            "Node Type": "Aggregate",
            "Strategy": "Plain",
            "Partial Mode": "Partial",
            "Parent Relationship": "Outer",
            "Parallel Aware": false,
            "Startup Cost": 349738.31,
            "Total Cost": 349738.32,
            "Plan Rows": 1,
            "Plan Width": 8,
            "Actual Startup Time": 385.001,
            "Actual Total Time": 385.01,
            "Actual Rows": 1,
            "Actual Loops": 2,
            "Plans": [
              {
                "Node Type": "Hash Join",
                "Parent Relationship": "Outer",
                "Parallel Aware": true,
                "Join Type": "Inner",
                "Startup Cost": 84877.65,
                "Total Cost": 349733.0,
                "Plan Rows": 2122,
                "Plan Width": 0,
                "Actual Startup Time": 224.956,
                "Actual Total Time": 384.831,
                "Actual Rows": 1925,
                "Actual Loops": 2,
                "Inner Unique": true,
                "Hash Cond": "(ci.movie_id = t.id)",
                "Plans": [
                  {
                    "Node Type": "Bitmap Heap Scan",
                    "Parent Relationship": "Outer",
                    "Parallel Aware": true,
                    "Relation Name": "cast_info",
                    "Alias": "ci",
                    "Startup Cost": 26504.88,
                    "Total Cost": 289798.25,
                    "Plan Rows": 595041,
                    "Plan Width": 4,
                    "Actual Startup Time": 68.952,
                    "Actual Total Time": 173.392,
                    "Actual Rows": 578893,
                    "Actual Loops": 2,
                    "Recheck Cond": "(person_id < 123523)",
                    "Rows Removed by Index Recheck": 0,
                    "Filter": "(role_id < 9)",
                    "Rows Removed by Filter": 32826,
                    "Exact Heap Blocks": 8257,
                    "Lossy Heap Blocks": 0,
                    "Plans": [
                      {
                        "Node Type": "Bitmap Index Scan",
                        "Parent Relationship": "Outer",
                        "Parallel Aware": false,
                        "Index Name": "person_id_cast_info",
                        "Startup Cost": 0.0,
                        "Total Cost": 26251.98,
                        "Plan Rows": 1202056,
                        "Plan Width": 0,
                        "Actual Startup Time": 65.993,
                        "Actual Total Time": 65.994,
                        "Actual Rows": 1223438,
                        "Actual Loops": 1,
                        "Index Cond": "(person_id < 123523)"
                      }
                    ]
                  },
                  {
                    "Node Type": "Hash",
                    "Parent Relationship": "Inner",
                    "Parallel Aware": true,
                    "Startup Cost": 58306.47,
                    "Total Cost": 58306.47,
                    "Plan Rows": 5304,
                    "Plan Width": 4,
                    "Actual Startup Time": 154.255,
                    "Actual Total Time": 154.26,
                    "Actual Rows": 3948,
                    "Actual Loops": 2,
                    "Hash Buckets": 16384,
                    "Original Hash Buckets": 16384,
                    "Hash Batches": 1,
                    "Original Hash Batches": 1,
                    "Peak Memory Usage": 480,
                    "Plans": [
                      {
                        "Node Type": "Seq Scan",
                        "Parent Relationship": "Outer",
                        "Parallel Aware": true,
                        "Relation Name": "title",
                        "Alias": "t",
                        "Startup Cost": 0.0,
                        "Total Cost": 58306.47,
                        "Plan Rows": 5304,
                        "Plan Width": 4,
                        "Actual Startup Time": 0.036,
                        "Actual Total Time": 152.392,
                        "Actual Rows": 3948,
                        "Actual Loops": 2,
                        "Filter": "((kind_id = 7) AND (production_year = 1982))",
                        "Rows Removed by Filter": 1260208
                      }
                    ]
                  }
                ]
              }
            ]
          }
        ]
      }
    ]
  },
  "Planning Time": 0.511,
  "Triggers": [],
  "Execution Time": 409.901
}