{
    "Plan": {
        "Node Type": "Aggregate",
        "Strategy": "Plain",
        "Partial Mode": "Finalize",
        "Parallel Aware": false,
        "Startup Cost": 491118.02,
        "Total Cost": 491118.03,
        "Plan Rows": 1,
        "Plan Width": 8,
        "Actual Startup Time": 2188.1,
        "Actual Total Time": 2295.302,
        "Actual Rows": 1,
        "Actual Loops": 1,
        "Output": [
            "count(*)"
        ],
        "Plans": [
            {
                "Node Type": "Gather",
                "Parent Relationship": "Outer",
                "Parallel Aware": false,
                "Startup Cost": 491117.5,
                "Total Cost": 491118.01,
                "Plan Rows": 5,
                "Plan Width": 8,
                "Actual Startup Time": 2179.401,
                "Actual Total Time": 2295.289,
                "Actual Rows": 6,
                "Actual Loops": 1,
                "Output": [
                    "(PARTIAL count(*))"
                ],
                "Workers Planned": 5,
                "Workers Launched": 5,
                "Single Copy": false,
                "Plans": [
                    {
                        "Node Type": "Aggregate",
                        "Strategy": "Plain",
                        "Partial Mode": "Partial",
                        "Parent Relationship": "Outer",
                        "Parallel Aware": false,
                        "Startup Cost": 490117.5,
                        "Total Cost": 490117.51,
                        "Plan Rows": 1,
                        "Plan Width": 8,
                        "Actual Startup Time": 2166.081,
                        "Actual Total Time": 2166.086,
                        "Actual Rows": 1,
                        "Actual Loops": 6,
                        "Output": [
                            "PARTIAL count(*)"
                        ],
                        "Workers": [
                            {
                                "Worker Number": 0,
                                "Actual Startup Time": 2163.256,
                                "Actual Total Time": 2163.262,
                                "Actual Rows": 1,
                                "Actual Loops": 1
                            },
                            {
                                "Worker Number": 1,
                                "Actual Startup Time": 2163.271,
                                "Actual Total Time": 2163.275,
                                "Actual Rows": 1,
                                "Actual Loops": 1
                            },
                            {
                                "Worker Number": 2,
                                "Actual Startup Time": 2163.273,
                                "Actual Total Time": 2163.278,
                                "Actual Rows": 1,
                                "Actual Loops": 1
                            },
                            {
                                "Worker Number": 3,
                                "Actual Startup Time": 2164.857,
                                "Actual Total Time": 2164.861,
                                "Actual Rows": 1,
                                "Actual Loops": 1
                            },
                            {
                                "Worker Number": 4,
                                "Actual Startup Time": 2163.399,
                                "Actual Total Time": 2163.404,
                                "Actual Rows": 1,
                                "Actual Loops": 1
                            }
                        ],
                        "Plans": [
                            {
                                "Node Type": "Nested Loop",
                                "Parent Relationship": "Outer",
                                "Parallel Aware": false,
                                "Join Type": "Inner",
                                "Startup Cost": 49702.6,
                                "Total Cost": 488964.17,
                                "Plan Rows": 461330,
                                "Plan Width": 0,
                                "Actual Startup Time": 267.25,
                                "Actual Total Time": 2141.613,
                                "Actual Rows": 336037,
                                "Actual Loops": 6,
                                "Inner Unique": false,
                                "Workers": [
                                    {
                                        "Worker Number": 0,
                                        "Actual Startup Time": 264.625,
                                        "Actual Total Time": 2139.874,
                                        "Actual Rows": 287100,
                                        "Actual Loops": 1
                                    },
                                    {
                                        "Worker Number": 1,
                                        "Actual Startup Time": 264.697,
                                        "Actual Total Time": 2137.451,
                                        "Actual Rows": 319494,
                                        "Actual Loops": 1
                                    },
                                    {
                                        "Worker Number": 2,
                                        "Actual Startup Time": 264.694,
                                        "Actual Total Time": 2138.033,
                                        "Actual Rows": 304717,
                                        "Actual Loops": 1
                                    },
                                    {
                                        "Worker Number": 3,
                                        "Actual Startup Time": 264.761,
                                        "Actual Total Time": 2140.793,
                                        "Actual Rows": 290490,
                                        "Actual Loops": 1
                                    },
                                    {
                                        "Worker Number": 4,
                                        "Actual Startup Time": 265.027,
                                        "Actual Total Time": 2140.228,
                                        "Actual Rows": 281077,
                                        "Actual Loops": 1
                                    }
                                ],
                                "Plans": [
                                    {
                                        "Node Type": "Hash Join",
                                        "Parent Relationship": "Outer",
                                        "Parallel Aware": true,
                                        "Join Type": "Inner",
                                        "Startup Cost": 49702.03,
                                        "Total Cost": 248945.56,
                                        "Plan Rows": 101508,
                                        "Plan Width": 8,
                                        "Actual Startup Time": 267.08,
                                        "Actual Total Time": 661.6,
                                        "Actual Rows": 49562,
                                        "Actual Loops": 6,
                                        "Output": [
                                            "t.id",
                                            "mi.movie_id"
                                        ],
                                        "Inner Unique": true,
                                        "Hash Cond": "(mi.movie_id = t.id)",
                                        "Workers": [
                                            {
                                                "Worker Number": 0,
                                                "Actual Startup Time": 264.495,
                                                "Actual Total Time": 657.836,
                                                "Actual Rows": 42616,
                                                "Actual Loops": 1
                                            },
                                            {
                                                "Worker Number": 1,
                                                "Actual Startup Time": 264.511,
                                                "Actual Total Time": 659.084,
                                                "Actual Rows": 45544,
                                                "Actual Loops": 1
                                            },
                                            {
                                                "Worker Number": 2,
                                                "Actual Startup Time": 264.524,
                                                "Actual Total Time": 656.781,
                                                "Actual Rows": 44571,
                                                "Actual Loops": 1
                                            },
                                            {
                                                "Worker Number": 3,
                                                "Actual Startup Time": 264.658,
                                                "Actual Total Time": 660.357,
                                                "Actual Rows": 42635,
                                                "Actual Loops": 1
                                            },
                                            {
                                                "Worker Number": 4,
                                                "Actual Startup Time": 264.634,
                                                "Actual Total Time": 658.289,
                                                "Actual Rows": 41967,
                                                "Actual Loops": 1
                                            }
                                        ],
                                        "Plans": [
                                            {
                                                "Node Type": "Seq Scan",
                                                "Parent Relationship": "Outer",
                                                "Parallel Aware": true,
                                                "Relation Name": "movie_info",
                                                "Schema": "public",
                                                "Alias": "mi",
                                                "Startup Cost": 0.0,
                                                "Total Cost": 198880.74,
                                                "Plan Rows": 138206,
                                                "Plan Width": 4,
                                                "Actual Startup Time": 20.265,
                                                "Actual Total Time": 355.257,
                                                "Actual Rows": 110154,
                                                "Actual Loops": 6,
                                                "Output": [
                                                    "mi.id",
                                                    "mi.movie_id",
                                                    "mi.info_type_id",
                                                    "mi.info",
                                                    "mi.note"
                                                ],
                                                "Filter": "(mi.info_type_id = 18)",
                                                "Rows Removed by Filter": 2362466,
                                                "Workers": [
                                                    {
                                                        "Worker Number": 0,
                                                        "Actual Startup Time": 20.23,
                                                        "Actual Total Time": 355.381,
                                                        "Actual Rows": 95670,
                                                        "Actual Loops": 1
                                                    },
                                                    {
                                                        "Worker Number": 1,
                                                        "Actual Startup Time": 20.238,
                                                        "Actual Total Time": 356.916,
                                                        "Actual Rows": 106161,
                                                        "Actual Loops": 1
                                                    },
                                                    {
                                                        "Worker Number": 2,
                                                        "Actual Startup Time": 20.243,
                                                        "Actual Total Time": 355.877,
                                                        "Actual Rows": 100784,
                                                        "Actual Loops": 1
                                                    },
                                                    {
                                                        "Worker Number": 3,
                                                        "Actual Startup Time": 20.37,
                                                        "Actual Total Time": 356.114,
                                                        "Actual Rows": 96161,
                                                        "Actual Loops": 1
                                                    },
                                                    {
                                                        "Worker Number": 4,
                                                        "Actual Startup Time": 20.25,
                                                        "Actual Total Time": 356.028,
                                                        "Actual Rows": 96671,
                                                        "Actual Loops": 1
                                                    }
                                                ]
                                            },
                                            {
                                                "Node Type": "Hash",
                                                "Parent Relationship": "Inner",
                                                "Parallel Aware": true,
                                                "Startup Cost": 43899.01,
                                                "Total Cost": 43899.01,
                                                "Plan Rows": 464242,
                                                "Plan Width": 4,
                                                "Actual Startup Time": 241.649,
                                                "Actual Total Time": 241.65,
                                                "Actual Rows": 310914,
                                                "Actual Loops": 6,
                                                "Output": [
                                                    "t.id"
                                                ],
                                                "Hash Buckets": 2097152,
                                                "Original Hash Buckets": 2097152,
                                                "Hash Batches": 1,
                                                "Original Hash Batches": 1,
                                                "Peak Memory Usage": 89408,
                                                "Workers": [
                                                    {
                                                        "Worker Number": 0,
                                                        "Actual Startup Time": 243.626,
                                                        "Actual Total Time": 243.628,
                                                        "Actual Rows": 268894,
                                                        "Actual Loops": 1
                                                    },
                                                    {
                                                        "Worker Number": 1,
                                                        "Actual Startup Time": 243.572,
                                                        "Actual Total Time": 243.573,
                                                        "Actual Rows": 278898,
                                                        "Actual Loops": 1
                                                    },
                                                    {
                                                        "Worker Number": 2,
                                                        "Actual Startup Time": 243.596,
                                                        "Actual Total Time": 243.597,
                                                        "Actual Rows": 281328,
                                                        "Actual Loops": 1
                                                    },
                                                    {
                                                        "Worker Number": 3,
                                                        "Actual Startup Time": 243.868,
                                                        "Actual Total Time": 243.869,
                                                        "Actual Rows": 267769,
                                                        "Actual Loops": 1
                                                    },
                                                    {
                                                        "Worker Number": 4,
                                                        "Actual Startup Time": 243.698,
                                                        "Actual Total Time": 243.7,
                                                        "Actual Rows": 271295,
                                                        "Actual Loops": 1
                                                    }
                                                ],
                                                "Plans": [
                                                    {
                                                        "Node Type": "Seq Scan",
                                                        "Parent Relationship": "Outer",
                                                        "Parallel Aware": true,
                                                        "Relation Name": "title",
                                                        "Schema": "public",
                                                        "Alias": "t",
                                                        "Startup Cost": 0.0,
                                                        "Total Cost": 43899.01,
                                                        "Plan Rows": 464242,
                                                        "Plan Width": 4,
                                                        "Actual Startup Time": 0.084,
                                                        "Actual Total Time": 100.007,
                                                        "Actual Rows": 310914,
                                                        "Actual Loops": 6,
                                                        "Output": [
                                                            "t.id"
                                                        ],
                                                        "Filter": "(t.kind_id > 1)",
                                                        "Rows Removed by Filter": 110471,
                                                        "Workers": [
                                                            {
                                                                "Worker Number": 0,
                                                                "Actual Startup Time": 0.106,
                                                                "Actual Total Time": 103.264,
                                                                "Actual Rows": 268894,
                                                                "Actual Loops": 1
                                                            },
                                                            {
                                                                "Worker Number": 1,
                                                                "Actual Startup Time": 0.099,
                                                                "Actual Total Time": 103.364,
                                                                "Actual Rows": 278898,
                                                                "Actual Loops": 1
                                                            },
                                                            {
                                                                "Worker Number": 2,
                                                                "Actual Startup Time": 0.107,
                                                                "Actual Total Time": 103.78,
                                                                "Actual Rows": 281328,
                                                                "Actual Loops": 1
                                                            },
                                                            {
                                                                "Worker Number": 3,
                                                                "Actual Startup Time": 0.102,
                                                                "Actual Total Time": 103.239,
                                                                "Actual Rows": 267769,
                                                                "Actual Loops": 1
                                                            },
                                                            {
                                                                "Worker Number": 4,
                                                                "Actual Startup Time": 0.071,
                                                                "Actual Total Time": 103.732,
                                                                "Actual Rows": 271295,
                                                                "Actual Loops": 1
                                                            }
                                                        ]
                                                    }
                                                ]
                                            }
                                        ]
                                    },
                                    {
                                        "Node Type": "Index Scan",
                                        "Parent Relationship": "Inner",
                                        "Parallel Aware": false,
                                        "Scan Direction": "Forward",
                                        "Index Name": "movie_id_cast_info",
                                        "Relation Name": "cast_info",
                                        "Schema": "public",
                                        "Alias": "ci",
                                        "Startup Cost": 0.56,
                                        "Total Cost": 2.24,
                                        "Plan Rows": 12,
                                        "Plan Width": 4,
                                        "Actual Startup Time": 0.008,
                                        "Actual Total Time": 0.029,
                                        "Actual Rows": 7,
                                        "Actual Loops": 297371,
                                        "Output": [
                                            "ci.id",
                                            "ci.person_id",
                                            "ci.movie_id",
                                            "ci.person_role_id",
                                            "ci.note",
                                            "ci.nr_order",
                                            "ci.role_id"
                                        ],
                                        "Index Cond": "(ci.movie_id = t.id)",
                                        "Rows Removed by Index Recheck": 0,
                                        "Filter": "((ci.person_id > 351533) AND (ci.role_id = 1))",
                                        "Rows Removed by Filter": 20,
                                        "Workers": [
                                            {
                                                "Worker Number": 0,
                                                "Actual Startup Time": 0.009,
                                                "Actual Total Time": 0.034,
                                                "Actual Rows": 7,
                                                "Actual Loops": 42616
                                            },
                                            {
                                                "Worker Number": 1,
                                                "Actual Startup Time": 0.009,
                                                "Actual Total Time": 0.031,
                                                "Actual Rows": 7,
                                                "Actual Loops": 45544
                                            },
                                            {
                                                "Worker Number": 2,
                                                "Actual Startup Time": 0.009,
                                                "Actual Total Time": 0.032,
                                                "Actual Rows": 7,
                                                "Actual Loops": 44571
                                            },
                                            {
                                                "Worker Number": 3,
                                                "Actual Startup Time": 0.009,
                                                "Actual Total Time": 0.034,
                                                "Actual Rows": 7,
                                                "Actual Loops": 42635
                                            },
                                            {
                                                "Worker Number": 4,
                                                "Actual Startup Time": 0.009,
                                                "Actual Total Time": 0.034,
                                                "Actual Rows": 7,
                                                "Actual Loops": 41967
                                            }
                                        ]
                                    }
                                ]
                            }
                        ]
                    }
                ]
            }
        ]
    },
    "Planning Time": 1.535,
    "Triggers": [],
    "Execution Time": 2295.411
}