{
  "Plan": {
    "Node Type": "Aggregate",
    "Strategy": "Plain",
    "Partial Mode": "Finalize",
    "Parallel Aware": false,
    "Startup Cost": 552444.63,
    "Total Cost": 552444.64,
    "Plan Rows": 1,
    "Plan Width": 8,
    "Actual Startup Time": 2425.105,
    "Actual Total Time": 2459.534,
    "Actual Rows": 1,
    "Actual Loops": 1,
    "Plans": [
      {
        "Node Type": "Gather",
        "Parent Relationship": "Outer",
        "Parallel Aware": false,
        "Startup Cost": 552444.52,
        "Total Cost": 552444.63,
        "Plan Rows": 1,
        "Plan Width": 8,
        "Actual Startup Time": 2424.388,
        "Actual Total Time": 2459.528,
        "Actual Rows": 2,
        "Actual Loops": 1,
        "Workers Planned": 1,
        "Workers Launched": 1,
        "Single Copy": false,
        "Plans": [
          {
            "Node Type": "Aggregate",
            "Strategy": "Plain",
            "Partial Mode": "Partial",
            "Parent Relationship": "Outer",
            "Parallel Aware": false,
            "Startup Cost": 551444.52,
            "Total Cost": 551444.53,
            "Plan Rows": 1,
            "Plan Width": 8,
            "Actual Startup Time": 2418.298,
            "Actual Total Time": 2418.303,
            "Actual Rows": 1,
            "Actual Loops": 2,
            "Plans": [
              {
                "Node Type": "Hash Join",
                "Parent Relationship": "Outer",
                "Parallel Aware": true,
                "Join Type": "Inner",
                "Startup Cost": 474915.1,
                "Total Cost": 550703.15,
                "Plan Rows": 296548,
                "Plan Width": 0,
                "Actual Startup Time": 1924.33,
                "Actual Total Time": 2367.59,
                "Actual Rows": 1236315,
                "Actual Loops": 2,
                "Inner Unique": false,
                "Hash Cond": "(mk.movie_id = t.id)",
                "Plans": [
                  {
                    "Node Type": "Seq Scan",
                    "Parent Relationship": "Outer",
                    "Parallel Aware": true,
                    "Relation Name": "movie_keyword",
                    "Alias": "mk",
                    "Startup Cost": 0.0,
                    "Total Cost": 57718.19,
                    "Plan Rows": 2612073,
                    "Plan Width": 4,
                    "Actual Startup Time": 0.019,
                    "Actual Total Time": 193.864,
                    "Actual Rows": 2216058,
                    "Actual Loops": 2,
                    "Filter": "(keyword_id > 77)",
                    "Rows Removed by Filter": 45908
                  },
                  {
                    "Node Type": "Hash",
                    "Parent Relationship": "Inner",
                    "Parallel Aware": true,
                    "Startup Cost": 472804.54,
                    "Total Cost": 472804.54,
                    "Plan Rows": 168845,
                    "Plan Width": 8,
                    "Actual Startup Time": 1918.404,
                    "Actual Total Time": 1918.407,
                    "Actual Rows": 170864,
                    "Actual Loops": 2,
                    "Hash Buckets": 524288,
                    "Original Hash Buckets": 524288,
                    "Hash Batches": 1,
                    "Original Hash Batches": 1,
                    "Peak Memory Usage": 17472,
                    "Plans": [
                      {
                        "Node Type": "Hash Join",
                        "Parent Relationship": "Outer",
                        "Parallel Aware": true,
                        "Join Type": "Inner",
                        "Startup Cost": 55080.98,
                        "Total Cost": 472804.54,
                        "Plan Rows": 168845,
                        "Plan Width": 8,
                        "Actual Startup Time": 142.971,
                        "Actual Total Time": 1865.55,
                        "Actual Rows": 170864,
                        "Actual Loops": 2,
                        "Inner Unique": true,
                        "Hash Cond": "(ci.movie_id = t.id)",
                        "Plans": [
                          {
                            "Node Type": "Index Scan",
                            "Parent Relationship": "Outer",
                            "Parallel Aware": true,
                            "Scan Direction": "Forward",
                            "Index Name": "role_id_cast_info",
                            "Relation Name": "cast_info",
                            "Alias": "ci",
                            "Startup Cost": 0.56,
                            "Total Cost": 400977.7,
                            "Plan Rows": 6379578,
                            "Plan Width": 4,
                            "Actual Startup Time": 0.164,
                            "Actual Total Time": 1019.277,
                            "Actual Rows": 6335344,
                            "Actual Loops": 2,
                            "Index Cond": "(role_id < 2)",
                            "Rows Removed by Index Recheck": 0,
                            "Filter": "(person_id < 3235002)",
                            "Rows Removed by Filter": 0
                          },
                          {
                            "Node Type": "Hash",
                            "Parent Relationship": "Inner",
                            "Parallel Aware": true,
                            "Startup Cost": 54588.39,
                            "Total Cost": 54588.39,
                            "Plan Rows": 39362,
                            "Plan Width": 4,
                            "Actual Startup Time": 141.864,
                            "Actual Total Time": 141.865,
                            "Actual Rows": 33888,
                            "Actual Loops": 2,
                            "Hash Buckets": 131072,
                            "Original Hash Buckets": 131072,
                            "Hash Batches": 1,
                            "Original Hash Batches": 1,
                            "Peak Memory Usage": 3712,
                            "Plans": [
                              {
                                "Node Type": "Seq Scan",
                                "Parent Relationship": "Outer",
                                "Parallel Aware": true,
                                "Relation Name": "title",
                                "Alias": "t",
                                "Startup Cost": 0.0,
                                "Total Cost": 54588.39,
                                "Plan Rows": 39362,
                                "Plan Width": 4,
                                "Actual Startup Time": 0.039,
                                "Actual Total Time": 130.337,
                                "Actual Rows": 33888,
                                "Actual Loops": 2,
                                "Filter": "(production_year = 2003)",
                                "Rows Removed by Filter": 1230268
                              }
                            ]
                          }
                        ]
                      }
                    ]
                  }
                ]
              }
            ]
          }
        ]
      }
    ]
  },
  "Planning Time": 0.888,
  "Triggers": [],
  "Execution Time": 2459.622
}