{
  "Plan": {
    "Node Type": "Aggregate",
    "Strategy": "Plain",
    "Partial Mode": "Finalize",
    "Parallel Aware": false,
    "Startup Cost": 269660.84,
    "Total Cost": 269660.85,
    "Plan Rows": 1,
    "Plan Width": 8,
    "Actual Startup Time": 596.536,
    "Actual Total Time": 633.44,
    "Actual Rows": 1,
    "Actual Loops": 1,
    "Plans": [
      {
        "Node Type": "Gather",
        "Parent Relationship": "Outer",
        "Parallel Aware": false,
        "Startup Cost": 269660.73,
        "Total Cost": 269660.84,
        "Plan Rows": 1,
        "Plan Width": 8,
        "Actual Startup Time": 594.46,
        "Actual Total Time": 633.431,
        "Actual Rows": 2,
        "Actual Loops": 1,
        "Workers Planned": 1,
        "Workers Launched": 1,
        "Single Copy": false,
        "Plans": [
          {
            "Node Type": "Aggregate",
            "Strategy": "Plain",
            "Partial Mode": "Partial",
            "Parent Relationship": "Outer",
            "Parallel Aware": false,
            "Startup Cost": 268660.73,
            "Total Cost": 268660.74,
            "Plan Rows": 1,
            "Plan Width": 8,
            "Actual Startup Time": 589.41,
            "Actual Total Time": 589.414,
            "Actual Rows": 1,
            "Actual Loops": 2,
            "Plans": [
              {
                "Node Type": "Nested Loop",
                "Parent Relationship": "Outer",
                "Parallel Aware": false,
                "Join Type": "Inner",
                "Startup Cost": 62574.37,
                "Total Cost": 268075.72,
                "Plan Rows": 234005,
                "Plan Width": 0,
                "Actual Startup Time": 328.367,
                "Actual Total Time": 582.713,
                "Actual Rows": 107443,
                "Actual Loops": 2,
                "Inner Unique": false,
                "Plans": [
                  {
                    "Node Type": "Hash Join",
                    "Parent Relationship": "Outer",
                    "Parallel Aware": true,
                    "Join Type": "Inner",
                    "Startup Cost": 62573.93,
                    "Total Cost": 104990.17,
                    "Plan Rows": 52864,
                    "Plan Width": 8,
                    "Actual Startup Time": 328.316,
                    "Actual Total Time": 424.56,
                    "Actual Rows": 21246,
                    "Actual Loops": 2,
                    "Inner Unique": true,
                    "Hash Cond": "(mc.movie_id = t.id)",
                    "Plans": [
                      {
                        "Node Type": "Seq Scan",
                        "Parent Relationship": "Outer",
                        "Parallel Aware": true,
                        "Relation Name": "movie_companies",
                        "Alias": "mc",
                        "Startup Cost": 0.0,
                        "Total Cost": 41811.73,
                        "Plan Rows": 230289,
                        "Plan Width": 4,
                        "Actual Startup Time": 54.881,
                        "Actual Total Time": 109.553,
                        "Actual Rows": 113124,
                        "Actual Loops": 2,
                        "Filter": "((company_id < 1571) AND (company_type_id > 1))",
                        "Rows Removed by Filter": 1191440
                      },
                      {
                        "Node Type": "Hash",
                        "Parent Relationship": "Inner",
                        "Parallel Aware": true,
                        "Startup Cost": 58306.47,
                        "Total Cost": 58306.47,
                        "Plan Rows": 341397,
                        "Plan Width": 4,
                        "Actual Startup Time": 264.309,
                        "Actual Total Time": 264.31,
                        "Actual Rows": 301266,
                        "Actual Loops": 2,
                        "Hash Buckets": 1048576,
                        "Original Hash Buckets": 1048576,
                        "Hash Batches": 1,
                        "Original Hash Batches": 1,
                        "Peak Memory Usage": 31808,
                        "Plans": [
                          {
                            "Node Type": "Seq Scan",
                            "Parent Relationship": "Outer",
                            "Parallel Aware": true,
                            "Relation Name": "title",
                            "Alias": "t",
                            "Startup Cost": 0.0,
                            "Total Cost": 58306.47,
                            "Plan Rows": 341397,
                            "Plan Width": 4,
                            "Actual Startup Time": 0.028,
                            "Actual Total Time": 172.077,
                            "Actual Rows": 301266,
                            "Actual Loops": 2,
                            "Filter": "((kind_id > 1) AND (production_year > 2007))",
                            "Rows Removed by Filter": 962890
                          }
                        ]
                      }
                    ]
                  },
                  {
                    "Node Type": "Index Scan",
                    "Parent Relationship": "Inner",
                    "Parallel Aware": false,
                    "Scan Direction": "Forward",
                    "Index Name": "movie_id_movie_info",
                    "Relation Name": "movie_info",
                    "Alias": "mi",
                    "Startup Cost": 0.43,
                    "Total Cost": 2.77,
                    "Plan Rows": 32,
                    "Plan Width": 4,
                    "Actual Startup Time": 0.003,
                    "Actual Total Time": 0.007,
                    "Actual Rows": 5,
                    "Actual Loops": 42493,
                    "Index Cond": "(movie_id = t.id)",
                    "Rows Removed by Index Recheck": 0,
                    "Filter": "(info_type_id > 3)",
                    "Rows Removed by Filter": 1
                  }
                ]
              }
            ]
          }
        ]
      }
    ]
  },
  "Planning Time": 1.029,
  "Triggers": [],
  "Execution Time": 633.531
}