[
  {
    "Plan": {
      "Node Type": "Aggregate",
      "Strategy": "Plain",
      "Partial Mode": "Finalize",
      "Parallel Aware": false,
      "Startup Cost": 37017.83,
      "Total Cost": 37017.84,
      "Plan Rows": 1,
      "Plan Width": 8,
      "Actual Startup Time": 126.019,
      "Actual Total Time": 133.877,
      "Actual Rows": 1,
      "Actual Loops": 1,
      "Plans": [
        {
          "Node Type": "Gather",
          "Parent Relationship": "Outer",
          "Parallel Aware": false,
          "Startup Cost": 37017.52,
          "Total Cost": 37017.83,
          "Plan Rows": 3,
          "Plan Width": 8,
          "Actual Startup Time": 125.753,
          "Actual Total Time": 133.868,
          "Actual Rows": 4,
          "Actual Loops": 1,
          "Workers Planned": 3,
          "Workers Launched": 3,
          "Single Copy": false,
          "Plans": [
            {
              "Node Type": "Aggregate",
              "Strategy": "Plain",
              "Partial Mode": "Partial",
              "Parent Relationship": "Outer",
              "Parallel Aware": false,
              "Startup Cost": 36017.52,
              "Total Cost": 36017.53,
              "Plan Rows": 1,
              "Plan Width": 8,
              "Actual Startup Time": 118.874,
              "Actual Total Time": 118.876,
              "Actual Rows": 1,
              "Actual Loops": 4,
              "Plans": [
                {
                  "Node Type": "Bitmap Heap Scan",
                  "Parent Relationship": "Outer",
                  "Parallel Aware": true,
                  "Relation Name": "movie_keyword",
                  "Alias": "mk",
                  "Startup Cost": 9416.01,
                  "Total Cost": 35659.6,
                  "Plan Rows": 143167,
                  "Plan Width": 0,
                  "Actual Startup Time": 44.655,
                  "Actual Total Time": 112.62,
                  "Actual Rows": 108150,
                  "Actual Loops": 4,
                  "Recheck Cond": "(keyword_id > 40497)",
                  "Rows Removed by Index Recheck": 0,
                  "Exact Heap Blocks": 10206,
                  "Lossy Heap Blocks": 0,
                  "Plans": [
                    {
                      "Node Type": "Bitmap Index Scan",
                      "Parent Relationship": "Outer",
                      "Parallel Aware": false,
                      "Index Name": "keyword_id_movie_keyword",
                      "Startup Cost": 0.0,
                      "Total Cost": 9305.06,
                      "Plan Rows": 443817,
                      "Plan Width": 0,
                      "Actual Startup Time": 47.366,
                      "Actual Total Time": 47.366,
                      "Actual Rows": 432600,
                      "Actual Loops": 1,
                      "Index Cond": "(keyword_id > 40497)"
                    }
                  ]
                }
              ]
            }
          ]
        }
      ]
    },
    "Planning Time": 0.16,
    "Triggers": [],
    "Execution Time": 133.936
  }
]