[
  {
    "Plan": {
      "Node Type": "Aggregate",
      "Strategy": "Plain",
      "Partial Mode": "Finalize",
      "Parallel Aware": false,
      "Startup Cost": 92895.28,
      "Total Cost": 92895.29,
      "Plan Rows": 1,
      "Plan Width": 8,
      "Actual Startup Time": 396.249,
      "Actual Total Time": 418.101,
      "Actual Rows": 1,
      "Actual Loops": 1,
      "Plans": [
        {
          "Node Type": "Gather",
          "Parent Relationship": "Outer",
          "Parallel Aware": false,
          "Startup Cost": 92894.97,
          "Total Cost": 92895.28,
          "Plan Rows": 3,
          "Plan Width": 8,
          "Actual Startup Time": 395.849,
          "Actual Total Time": 418.091,
          "Actual Rows": 4,
          "Actual Loops": 1,
          "Workers Planned": 3,
          "Workers Launched": 3,
          "Single Copy": false,
          "Plans": [
            {
              "Node Type": "Aggregate",
              "Strategy": "Plain",
              "Partial Mode": "Partial",
              "Parent Relationship": "Outer",
              "Parallel Aware": false,
              "Startup Cost": 91894.97,
              "Total Cost": 91894.98,
              "Plan Rows": 1,
              "Plan Width": 8,
              "Actual Startup Time": 387.321,
              "Actual Total Time": 387.325,
              "Actual Rows": 1,
              "Actual Loops": 4,
              "Plans": [
                {
                  "Node Type": "Hash Join",
                  "Parent Relationship": "Outer",
                  "Parallel Aware": true,
                  "Join Type": "Inner",
                  "Startup Cost": 45576.6,
                  "Total Cost": 91852.89,
                  "Plan Rows": 16832,
                  "Plan Width": 0,
                  "Actual Startup Time": 150.708,
                  "Actual Total Time": 387.067,
                  "Actual Rows": 2952,
                  "Actual Loops": 4,
                  "Inner Unique": true,
                  "Hash Cond": "(mk.movie_id = t.id)",
                  "Plans": [
                    {
                      "Node Type": "Seq Scan",
                      "Parent Relationship": "Outer",
                      "Parallel Aware": true,
                      "Relation Name": "movie_keyword",
                      "Alias": "mk",
                      "Startup Cost": 0.0,
                      "Total Cost": 42695.65,
                      "Plan Rows": 1364047,
                      "Plan Width": 4,
                      "Actual Startup Time": 0.078,
                      "Actual Total Time": 148.969,
                      "Actual Rows": 1053360,
                      "Actual Loops": 4,
                      "Filter": "(keyword_id > 245)",
                      "Rows Removed by Filter": 77622
                    },
                    {
                      "Node Type": "Hash",
                      "Parent Relationship": "Inner",
                      "Parallel Aware": true,
                      "Startup Cost": 45479.1,
                      "Total Cost": 45479.1,
                      "Plan Rows": 7800,
                      "Plan Width": 4,
                      "Actual Startup Time": 148.325,
                      "Actual Total Time": 148.325,
                      "Actual Rows": 8914,
                      "Actual Loops": 4,
                      "Hash Buckets": 65536,
                      "Original Hash Buckets": 32768,
                      "Hash Batches": 1,
                      "Original Hash Batches": 1,
                      "Peak Memory Usage": 2240,
                      "Plans": [
                        {
                          "Node Type": "Seq Scan",
                          "Parent Relationship": "Outer",
                          "Parallel Aware": true,
                          "Relation Name": "title",
                          "Alias": "t",
                          "Startup Cost": 0.0,
                          "Total Cost": 45479.1,
                          "Plan Rows": 7800,
                          "Plan Width": 4,
                          "Actual Startup Time": 0.052,
                          "Actual Total Time": 107.748,
                          "Actual Rows": 8914,
                          "Actual Loops": 4,
                          "Filter": "((kind_id = 7) AND (production_year = 2000))",
                          "Rows Removed by Filter": 623164
                        }
                      ]
                    }
                  ]
                }
              ]
            }
          ]
        }
      ]
    },
    "Planning Time": 0.615,
    "Triggers": [],
    "Execution Time": 418.171
  }
]