[
  {
    "Plan": {
      "Node Type": "Aggregate",
      "Strategy": "Plain",
      "Partial Mode": "Finalize",
      "Parallel Aware": false,
      "Startup Cost": 80163.14,
      "Total Cost": 80163.15,
      "Plan Rows": 1,
      "Plan Width": 8,
      "Actual Startup Time": 152.667,
      "Actual Total Time": 159.661,
      "Actual Rows": 1,
      "Actual Loops": 1,
      "Plans": [
        {
          "Node Type": "Gather",
          "Parent Relationship": "Outer",
          "Parallel Aware": false,
          "Startup Cost": 80162.61,
          "Total Cost": 80163.12,
          "Plan Rows": 5,
          "Plan Width": 8,
          "Actual Startup Time": 152.656,
          "Actual Total Time": 159.654,
          "Actual Rows": 6,
          "Actual Loops": 1,
          "Workers Planned": 5,
          "Workers Launched": 5,
          "Single Copy": false,
          "Plans": [
            {
              "Node Type": "Aggregate",
              "Strategy": "Plain",
              "Partial Mode": "Partial",
              "Parent Relationship": "Outer",
              "Parallel Aware": false,
              "Startup Cost": 79162.61,
              "Total Cost": 79162.62,
              "Plan Rows": 1,
              "Plan Width": 8,
              "Actual Startup Time": 143.486,
              "Actual Total Time": 143.487,
              "Actual Rows": 1,
              "Actual Loops": 6,
              "Plans": [
                {
                  "Node Type": "Index Scan",
                  "Parent Relationship": "Outer",
                  "Parallel Aware": true,
                  "Scan Direction": "Forward",
                  "Index Name": "role_id_cast_info",
                  "Relation Name": "cast_info",
                  "Alias": "ci",
                  "Startup Cost": 0.56,
                  "Total Cost": 77740.85,
                  "Plan Rows": 568704,
                  "Plan Width": 0,
                  "Actual Startup Time": 0.133,
                  "Actual Total Time": 115.737,
                  "Actual Rows": 453928,
                  "Actual Loops": 6,
                  "Index Cond": "(role_id = 4)",
                  "Rows Removed by Index Recheck": 0,
                  "Filter": "(person_id > 7956)",
                  "Rows Removed by Filter": 895
                }
              ]
            }
          ]
        }
      ]
    },
    "Planning Time": 0.299,
    "Triggers": [],
    "Execution Time": 159.714
  }
]