[
  {
    "Plan": {
      "Node Type": "Aggregate",
      "Strategy": "Plain",
      "Partial Mode": "Finalize",
      "Parallel Aware": false,
      "Startup Cost": 322216.12,
      "Total Cost": 322216.13,
      "Plan Rows": 1,
      "Plan Width": 8,
      "Actual Startup Time": 262.935,
      "Actual Total Time": 280.718,
      "Actual Rows": 1,
      "Actual Loops": 1,
      "Plans": [
        {
          "Node Type": "Gather",
          "Parent Relationship": "Outer",
          "Parallel Aware": false,
          "Startup Cost": 322215.49,
          "Total Cost": 322216.1,
          "Plan Rows": 6,
          "Plan Width": 8,
          "Actual Startup Time": 259.59,
          "Actual Total Time": 280.703,
          "Actual Rows": 7,
          "Actual Loops": 1,
          "Workers Planned": 6,
          "Workers Launched": 6,
          "Single Copy": false,
          "Plans": [
            {
              "Node Type": "Aggregate",
              "Strategy": "Plain",
              "Partial Mode": "Partial",
              "Parent Relationship": "Outer",
              "Parallel Aware": false,
              "Startup Cost": 321215.49,
              "Total Cost": 321215.5,
              "Plan Rows": 1,
              "Plan Width": 8,
              "Actual Startup Time": 251.937,
              "Actual Total Time": 251.942,
              "Actual Rows": 1,
              "Actual Loops": 7,
              "Plans": [
                {
                  "Node Type": "Hash Join",
                  "Parent Relationship": "Outer",
                  "Parallel Aware": true,
                  "Join Type": "Inner",
                  "Startup Cost": 66248.83,
                  "Total Cost": 321152.74,
                  "Plan Rows": 25100,
                  "Plan Width": 0,
                  "Actual Startup Time": 168.852,
                  "Actual Total Time": 250.187,
                  "Actual Rows": 20913,
                  "Actual Loops": 7,
                  "Inner Unique": true,
                  "Hash Cond": "(ci.movie_id = t.id)",
                  "Plans": [
                    {
                      "Node Type": "Bitmap Heap Scan",
                      "Parent Relationship": "Outer",
                      "Parallel Aware": true,
                      "Relation Name": "cast_info",
                      "Alias": "ci",
                      "Startup Cost": 19416.19,
                      "Total Cost": 273935.35,
                      "Plan Rows": 146573,
                      "Plan Width": 4,
                      "Actual Startup Time": 54.504,
                      "Actual Total Time": 91.466,
                      "Actual Rows": 129203,
                      "Actual Loops": 7,
                      "Recheck Cond": "(person_id < 94423)",
                      "Rows Removed by Index Recheck": 0,
                      "Exact Heap Blocks": 2284,
                      "Lossy Heap Blocks": 0,
                      "Plans": [
                        {
                          "Node Type": "Bitmap Index Scan",
                          "Parent Relationship": "Outer",
                          "Parallel Aware": false,
                          "Index Name": "person_id_cast_info",
                          "Startup Cost": 0.0,
                          "Total Cost": 19196.33,
                          "Plan Rows": 879436,
                          "Plan Width": 0,
                          "Actual Startup Time": 52.078,
                          "Actual Total Time": 52.079,
                          "Actual Rows": 904422,
                          "Actual Loops": 1,
                          "Index Cond": "(person_id < 94423)"
                        }
                      ]
                    },
                    {
                      "Node Type": "Hash",
                      "Parent Relationship": "Inner",
                      "Parallel Aware": true,
                      "Startup Cost": 45479.59,
                      "Total Cost": 45479.59,
                      "Plan Rows": 108244,
                      "Plan Width": 4,
                      "Actual Startup Time": 112.756,
                      "Actual Total Time": 112.757,
                      "Actual Rows": 52607,
                      "Actual Loops": 7,
                      "Hash Buckets": 524288,
                      "Original Hash Buckets": 524288,
                      "Hash Batches": 1,
                      "Original Hash Batches": 1,
                      "Peak Memory Usage": 18624,
                      "Plans": [
                        {
                          "Node Type": "Seq Scan",
                          "Parent Relationship": "Outer",
                          "Parallel Aware": true,
                          "Relation Name": "title",
                          "Alias": "t",
                          "Startup Cost": 0.0,
                          "Total Cost": 45479.59,
                          "Plan Rows": 108244,
                          "Plan Width": 4,
                          "Actual Startup Time": 0.051,
                          "Actual Total Time": 84.17,
                          "Actual Rows": 52607,
                          "Actual Loops": 7,
                          "Filter": "((kind_id < 7) AND (production_year > 2004))",
                          "Rows Removed by Filter": 308581
                        }
                      ]
                    }
                  ]
                }
              ]
            }
          ]
        }
      ]
    },
    "Planning Time": 0.539,
    "Triggers": [],
    "Execution Time": 280.768
  }
]