[
  {
    "Plan": {
      "Node Type": "Aggregate",
      "Strategy": "Plain",
      "Partial Mode": "Finalize",
      "Parallel Aware": false,
      "Startup Cost": 323070.39,
      "Total Cost": 323070.4,
      "Plan Rows": 1,
      "Plan Width": 8,
      "Actual Startup Time": 216.383,
      "Actual Total Time": 229.195,
      "Actual Rows": 1,
      "Actual Loops": 1,
      "Plans": [
        {
          "Node Type": "Gather",
          "Parent Relationship": "Outer",
          "Parallel Aware": false,
          "Startup Cost": 323069.76,
          "Total Cost": 323070.37,
          "Plan Rows": 6,
          "Plan Width": 8,
          "Actual Startup Time": 213.908,
          "Actual Total Time": 229.171,
          "Actual Rows": 7,
          "Actual Loops": 1,
          "Workers Planned": 6,
          "Workers Launched": 6,
          "Single Copy": false,
          "Plans": [
            {
              "Node Type": "Aggregate",
              "Strategy": "Plain",
              "Partial Mode": "Partial",
              "Parent Relationship": "Outer",
              "Parallel Aware": false,
              "Startup Cost": 322069.76,
              "Total Cost": 322069.77,
              "Plan Rows": 1,
              "Plan Width": 8,
              "Actual Startup Time": 200.11,
              "Actual Total Time": 200.113,
              "Actual Rows": 1,
              "Actual Loops": 7,
              "Plans": [
                {
                  "Node Type": "Hash Join",
                  "Parent Relationship": "Outer",
                  "Parallel Aware": true,
                  "Join Type": "Inner",
                  "Startup Cost": 67015.43,
                  "Total Cost": 322003.67,
                  "Plan Rows": 26438,
                  "Plan Width": 0,
                  "Actual Startup Time": 134.846,
                  "Actual Total Time": 198.74,
                  "Actual Rows": 20913,
                  "Actual Loops": 7,
                  "Inner Unique": true,
                  "Hash Cond": "(ci.movie_id = t.id)",
                  "Plans": [
                    {
                      "Node Type": "Bitmap Heap Scan",
                      "Parent Relationship": "Outer",
                      "Parallel Aware": true,
                      "Relation Name": "cast_info",
                      "Alias": "ci",
                      "Startup Cost": 20163.45,
                      "Total Cost": 274752.31,
                      "Plan Rows": 152148,
                      "Plan Width": 4,
                      "Actual Startup Time": 32.719,
                      "Actual Total Time": 62.703,
                      "Actual Rows": 129203,
                      "Actual Loops": 7,
                      "Recheck Cond": "(person_id < 94423)",
                      "Rows Removed by Index Recheck": 0,
                      "Exact Heap Blocks": 1536,
                      "Lossy Heap Blocks": 0,
                      "Plans": [
                        {
                          "Node Type": "Bitmap Index Scan",
                          "Parent Relationship": "Outer",
                          "Parallel Aware": false,
                          "Index Name": "person_id_cast_info",
                          "Startup Cost": 0.0,
                          "Total Cost": 19935.23,
                          "Plan Rows": 912889,
                          "Plan Width": 0,
                          "Actual Startup Time": 31.201,
                          "Actual Total Time": 31.202,
                          "Actual Rows": 904422,
                          "Actual Loops": 1,
                          "Index Cond": "(person_id < 94423)"
                        }
                      ]
                    },
                    {
                      "Node Type": "Hash",
                      "Parent Relationship": "Inner",
                      "Parallel Aware": true,
                      "Startup Cost": 45479.1,
                      "Total Cost": 45479.1,
                      "Plan Rows": 109830,
                      "Plan Width": 4,
                      "Actual Startup Time": 99.773,
                      "Actual Total Time": 99.774,
                      "Actual Rows": 52607,
                      "Actual Loops": 7,
                      "Hash Buckets": 524288,
                      "Original Hash Buckets": 524288,
                      "Hash Batches": 1,
                      "Original Hash Batches": 1,
                      "Peak Memory Usage": 18656,
                      "Plans": [
                        {
                          "Node Type": "Seq Scan",
                          "Parent Relationship": "Outer",
                          "Parallel Aware": true,
                          "Relation Name": "title",
                          "Alias": "t",
                          "Startup Cost": 0.0,
                          "Total Cost": 45479.1,
                          "Plan Rows": 109830,
                          "Plan Width": 4,
                          "Actual Startup Time": 0.051,
                          "Actual Total Time": 78.014,
                          "Actual Rows": 52607,
                          "Actual Loops": 7,
                          "Filter": "((kind_id < 7) AND (production_year > 2004))",
                          "Rows Removed by Filter": 308581
                        }
                      ]
                    }
                  ]
                }
              ]
            }
          ]
        }
      ]
    },
    "Planning Time": 0.581,
    "Triggers": [],
    "Execution Time": 229.285
  }
]