[
  {
    "Plan": {
      "Node Type": "Aggregate",
      "Strategy": "Plain",
      "Partial Mode": "Finalize",
      "Parallel Aware": false,
      "Startup Cost": 32981.05,
      "Total Cost": 32981.06,
      "Plan Rows": 1,
      "Plan Width": 8,
      "Actual Startup Time": 91.229,
      "Actual Total Time": 99.004,
      "Actual Rows": 1,
      "Actual Loops": 1,
      "Plans": [
        {
          "Node Type": "Gather",
          "Parent Relationship": "Outer",
          "Parallel Aware": false,
          "Startup Cost": 32980.73,
          "Total Cost": 32981.04,
          "Plan Rows": 3,
          "Plan Width": 8,
          "Actual Startup Time": 91.132,
          "Actual Total Time": 98.995,
          "Actual Rows": 4,
          "Actual Loops": 1,
          "Workers Planned": 3,
          "Workers Launched": 3,
          "Single Copy": false,
          "Plans": [
            {
              "Node Type": "Aggregate",
              "Strategy": "Plain",
              "Partial Mode": "Partial",
              "Parent Relationship": "Outer",
              "Parallel Aware": false,
              "Startup Cost": 31980.73,
              "Total Cost": 31980.74,
              "Plan Rows": 1,
              "Plan Width": 8,
              "Actual Startup Time": 85.637,
              "Actual Total Time": 85.638,
              "Actual Rows": 1,
              "Actual Loops": 4,
              "Plans": [
                {
                  "Node Type": "Seq Scan",
                  "Parent Relationship": "Outer",
                  "Parallel Aware": true,
                  "Relation Name": "movie_companies",
                  "Alias": "mc",
                  "Startup Cost": 0.0,
                  "Total Cost": 31414.82,
                  "Plan Rows": 226365,
                  "Plan Width": 0,
                  "Actual Startup Time": 19.016,
                  "Actual Total Time": 79.528,
                  "Actual Rows": 120783,
                  "Actual Loops": 4,
                  "Filter": "((company_id > 10265) AND (company_type_id = 1))",
                  "Rows Removed by Filter": 531499
                }
              ]
            }
          ]
        }
      ]
    },
    "Planning Time": 0.19,
    "Triggers": [],
    "Execution Time": 99.054
  }
]