[
    {
        "Bao": {
            "Bao prediction": 513.748,
            "Bao recommended hint": "(no hint)"
        }
    },
    {
        "Plan": {
            "Node Type": "Aggregate",
            "Strategy": "Plain",
            "Partial Mode": "Simple",
            "Parallel Aware": false,
            "Startup Cost": 1882.01,
            "Total Cost": 1882.02,
            "Plan Rows": 1,
            "Plan Width": 8,
            "Actual Startup Time": 46.813,
            "Actual Total Time": 46.815,
            "Actual Rows": 1,
            "Actual Loops": 1,
            "Output": [
                "count(*)"
            ],
            "Plans": [
                {
                    "Node Type": "Nested Loop",
                    "Parent Relationship": "Outer",
                    "Parallel Aware": false,
                    "Join Type": "Inner",
                    "Startup Cost": 1.29,
                    "Total Cost": 1881.6,
                    "Plan Rows": 164,
                    "Plan Width": 0,
                    "Actual Startup Time": 0.176,
                    "Actual Total Time": 45.688,
                    "Actual Rows": 10522,
                    "Actual Loops": 1,
                    "Inner Unique": false,
                    "Plans": [
                        {
                            "Node Type": "Nested Loop",
                            "Parent Relationship": "Outer",
                            "Parallel Aware": false,
                            "Join Type": "Inner",
                            "Startup Cost": 0.86,
                            "Total Cost": 1655.69,
                            "Plan Rows": 138,
                            "Plan Width": 8,
                            "Actual Startup Time": 0.082,
                            "Actual Total Time": 2.163,
                            "Actual Rows": 260,
                            "Actual Loops": 1,
                            "Output": [
                                "t.id",
                                "mi_idx.movie_id"
                            ],
                            "Inner Unique": true,
                            "Plans": [
                                {
                                    "Node Type": "Index Scan",
                                    "Parent Relationship": "Outer",
                                    "Parallel Aware": false,
                                    "Scan Direction": "Forward",
                                    "Index Name": "info_type_id_movie_info_idx",
                                    "Relation Name": "movie_info_idx",
                                    "Schema": "public",
                                    "Alias": "mi_idx",
                                    "Startup Cost": 0.43,
                                    "Total Cost": 493.93,
                                    "Plan Rows": 138,
                                    "Plan Width": 4,
                                    "Actual Startup Time": 0.052,
                                    "Actual Total Time": 0.152,
                                    "Actual Rows": 260,
                                    "Actual Loops": 1,
                                    "Output": [
                                        "mi_idx.id",
                                        "mi_idx.movie_id",
                                        "mi_idx.info_type_id",
                                        "mi_idx.info",
                                        "mi_idx.note"
                                    ],
                                    "Index Cond": "(mi_idx.info_type_id > 101)",
                                    "Rows Removed by Index Recheck": 0
                                },
                                {
                                    "Node Type": "Index Only Scan",
                                    "Parent Relationship": "Inner",
                                    "Parallel Aware": false,
                                    "Scan Direction": "Forward",
                                    "Index Name": "title_pkey",
                                    "Relation Name": "title",
                                    "Schema": "public",
                                    "Alias": "t",
                                    "Startup Cost": 0.43,
                                    "Total Cost": 8.42,
                                    "Plan Rows": 1,
                                    "Plan Width": 4,
                                    "Actual Startup Time": 0.007,
                                    "Actual Total Time": 0.007,
                                    "Actual Rows": 1,
                                    "Actual Loops": 260,
                                    "Output": [
                                        "t.id"
                                    ],
                                    "Index Cond": "(t.id = mi_idx.movie_id)",
                                    "Rows Removed by Index Recheck": 0,
                                    "Heap Fetches": 260
                                }
                            ]
                        },
                        {
                            "Node Type": "Index Scan",
                            "Parent Relationship": "Inner",
                            "Parallel Aware": false,
                            "Scan Direction": "Forward",
                            "Index Name": "movie_id_movie_info",
                            "Relation Name": "movie_info",
                            "Schema": "public",
                            "Alias": "mi",
                            "Startup Cost": 0.43,
                            "Total Cost": 1.56,
                            "Plan Rows": 8,
                            "Plan Width": 4,
                            "Actual Startup Time": 0.033,
                            "Actual Total Time": 0.161,
                            "Actual Rows": 40,
                            "Actual Loops": 260,
                            "Output": [
                                "mi.id",
                                "mi.movie_id",
                                "mi.info_type_id",
                                "mi.info",
                                "mi.note"
                            ],
                            "Index Cond": "(mi.movie_id = t.id)",
                            "Rows Removed by Index Recheck": 0,
                            "Filter": "(mi.info_type_id = 16)",
                            "Rows Removed by Filter": 321
                        }
                    ]
                }
            ]
        },
        "Planning Time": 2012.823,
        "Triggers": [],
        "Execution Time": 46.93
    }
]