[
  {
    "Plan": {
      "Node Type": "Aggregate",
      "Strategy": "Plain",
      "Partial Mode": "Finalize",
      "Parallel Aware": false,
      "Startup Cost": 32934.82,
      "Total Cost": 32934.83,
      "Plan Rows": 1,
      "Plan Width": 8,
      "Actual Startup Time": 94.013,
      "Actual Total Time": 98.55,
      "Actual Rows": 1,
      "Actual Loops": 1,
      "Plans": [
        {
          "Node Type": "Gather",
          "Parent Relationship": "Outer",
          "Parallel Aware": false,
          "Startup Cost": 32934.5,
          "Total Cost": 32934.81,
          "Plan Rows": 3,
          "Plan Width": 8,
          "Actual Startup Time": 93.937,
          "Actual Total Time": 98.543,
          "Actual Rows": 4,
          "Actual Loops": 1,
          "Workers Planned": 3,
          "Workers Launched": 3,
          "Single Copy": false,
          "Plans": [
            {
              "Node Type": "Aggregate",
              "Strategy": "Plain",
              "Partial Mode": "Partial",
              "Parent Relationship": "Outer",
              "Parallel Aware": false,
              "Startup Cost": 31934.5,
              "Total Cost": 31934.51,
              "Plan Rows": 1,
              "Plan Width": 8,
              "Actual Startup Time": 86.372,
              "Actual Total Time": 86.373,
              "Actual Rows": 1,
              "Actual Loops": 4,
              "Plans": [
                {
                  "Node Type": "Seq Scan",
                  "Parent Relationship": "Outer",
                  "Parallel Aware": true,
                  "Relation Name": "movie_companies",
                  "Alias": "mc",
                  "Startup Cost": 0.0,
                  "Total Cost": 31414.82,
                  "Plan Rows": 207874,
                  "Plan Width": 0,
                  "Actual Startup Time": 49.869,
                  "Actual Total Time": 81.48,
                  "Actual Rows": 102404,
                  "Actual Loops": 4,
                  "Filter": "((company_id < 11170) AND (company_type_id = 2))",
                  "Rows Removed by Filter": 549878
                }
              ]
            }
          ]
        }
      ]
    },
    "Planning Time": 0.203,
    "Triggers": [],
    "Execution Time": 98.603
  }
]