[
    {
        "Bao": {
            "Bao prediction": "NaN",
            "Bao recommended hint": "(no hint)"
        }
    },
    {
        "Plan": {
            "Node Type": "Aggregate",
            "Strategy": "Plain",
            "Partial Mode": "Finalize",
            "Parallel Aware": false,
            "Startup Cost": 41229.98,
            "Total Cost": 41229.99,
            "Plan Rows": 1,
            "Plan Width": 8,
            "Actual Startup Time": 123.562,
            "Actual Total Time": 130.992,
            "Actual Rows": 1,
            "Actual Loops": 1,
            "Output": [
                "count(*)"
            ],
            "Plans": [
                {
                    "Node Type": "Gather",
                    "Parent Relationship": "Outer",
                    "Parallel Aware": false,
                    "Startup Cost": 41229.66,
                    "Total Cost": 41229.97,
                    "Plan Rows": 3,
                    "Plan Width": 8,
                    "Actual Startup Time": 123.328,
                    "Actual Total Time": 130.986,
                    "Actual Rows": 4,
                    "Actual Loops": 1,
                    "Output": [
                        "(PARTIAL count(*))"
                    ],
                    "Workers Planned": 3,
                    "Workers Launched": 3,
                    "Single Copy": false,
                    "Plans": [
                        {
                            "Node Type": "Aggregate",
                            "Strategy": "Plain",
                            "Partial Mode": "Partial",
                            "Parent Relationship": "Outer",
                            "Parallel Aware": false,
                            "Startup Cost": 40229.66,
                            "Total Cost": 40229.67,
                            "Plan Rows": 1,
                            "Plan Width": 8,
                            "Actual Startup Time": 114.814,
                            "Actual Total Time": 114.816,
                            "Actual Rows": 1,
                            "Actual Loops": 4,
                            "Output": [
                                "PARTIAL count(*)"
                            ],
                            "Workers": [
                                {
                                    "Worker Number": 0,
                                    "Actual Startup Time": 111.803,
                                    "Actual Total Time": 111.805,
                                    "Actual Rows": 1,
                                    "Actual Loops": 1
                                },
                                {
                                    "Worker Number": 1,
                                    "Actual Startup Time": 111.996,
                                    "Actual Total Time": 111.998,
                                    "Actual Rows": 1,
                                    "Actual Loops": 1
                                },
                                {
                                    "Worker Number": 2,
                                    "Actual Startup Time": 112.422,
                                    "Actual Total Time": 112.423,
                                    "Actual Rows": 1,
                                    "Actual Loops": 1
                                }
                            ],
                            "Plans": [
                                {
                                    "Node Type": "Bitmap Heap Scan",
                                    "Parent Relationship": "Outer",
                                    "Parallel Aware": true,
                                    "Relation Name": "movie_keyword",
                                    "Schema": "public",
                                    "Alias": "mk",
                                    "Startup Cost": 12845.53,
                                    "Total Cost": 39741.31,
                                    "Plan Rows": 195342,
                                    "Plan Width": 0,
                                    "Actual Startup Time": 35.712,
                                    "Actual Total Time": 106.952,
                                    "Actual Rows": 149159,
                                    "Actual Loops": 4,
                                    "Recheck Cond": "(mk.keyword_id > 30778)",
                                    "Rows Removed by Index Recheck": 0,
                                    "Exact Heap Blocks": 9908,
                                    "Lossy Heap Blocks": 0,
                                    "Workers": [
                                        {
                                            "Worker Number": 0,
                                            "Actual Startup Time": 33.0,
                                            "Actual Total Time": 104.596,
                                            "Actual Rows": 116826,
                                            "Actual Loops": 1
                                        },
                                        {
                                            "Worker Number": 1,
                                            "Actual Startup Time": 33.017,
                                            "Actual Total Time": 104.961,
                                            "Actual Rows": 110238,
                                            "Actual Loops": 1
                                        },
                                        {
                                            "Worker Number": 2,
                                            "Actual Startup Time": 33.333,
                                            "Actual Total Time": 105.134,
                                            "Actual Rows": 116505,
                                            "Actual Loops": 1
                                        }
                                    ],
                                    "Plans": [
                                        {
                                            "Node Type": "Bitmap Index Scan",
                                            "Parent Relationship": "Outer",
                                            "Parallel Aware": false,
                                            "Index Name": "keyword_id_movie_keyword",
                                            "Startup Cost": 0.0,
                                            "Total Cost": 12694.14,
                                            "Plan Rows": 605561,
                                            "Plan Width": 0,
                                            "Actual Startup Time": 40.134,
                                            "Actual Total Time": 40.135,
                                            "Actual Rows": 596636,
                                            "Actual Loops": 1,
                                            "Index Cond": "(mk.keyword_id > 30778)"
                                        }
                                    ]
                                }
                            ]
                        }
                    ]
                }
            ]
        },
        "Planning Time": 218.889,
        "Triggers": [],
        "Execution Time": 131.053
    }
]