{
    "Plan": {
        "Node Type": "Aggregate",
        "Strategy": "Plain",
        "Partial Mode": "Finalize",
        "Parallel Aware": false,
        "Startup Cost": 233939.28,
        "Total Cost": 233939.29,
        "Plan Rows": 1,
        "Plan Width": 8,
        "Actual Startup Time": 543.547,
        "Actual Total Time": 569.12,
        "Actual Rows": 1,
        "Actual Loops": 1,
        "Output": [
            "count(*)"
        ],
        "Plans": [
            {
                "Node Type": "Gather",
                "Parent Relationship": "Outer",
                "Parallel Aware": false,
                "Startup Cost": 233938.86,
                "Total Cost": 233939.27,
                "Plan Rows": 4,
                "Plan Width": 8,
                "Actual Startup Time": 541.391,
                "Actual Total Time": 569.107,
                "Actual Rows": 5,
                "Actual Loops": 1,
                "Output": [
                    "(PARTIAL count(*))"
                ],
                "Workers Planned": 4,
                "Workers Launched": 4,
                "Single Copy": false,
                "Plans": [
                    {
                        "Node Type": "Aggregate",
                        "Strategy": "Plain",
                        "Partial Mode": "Partial",
                        "Parent Relationship": "Outer",
                        "Parallel Aware": false,
                        "Startup Cost": 232938.86,
                        "Total Cost": 232938.87,
                        "Plan Rows": 1,
                        "Plan Width": 8,
                        "Actual Startup Time": 531.163,
                        "Actual Total Time": 531.167,
                        "Actual Rows": 1,
                        "Actual Loops": 5,
                        "Output": [
                            "PARTIAL count(*)"
                        ],
                        "Workers": [
                            {
                                "Worker Number": 0,
                                "Actual Startup Time": 528.402,
                                "Actual Total Time": 528.406,
                                "Actual Rows": 1,
                                "Actual Loops": 1
                            },
                            {
                                "Worker Number": 1,
                                "Actual Startup Time": 529.085,
                                "Actual Total Time": 529.089,
                                "Actual Rows": 1,
                                "Actual Loops": 1
                            },
                            {
                                "Worker Number": 2,
                                "Actual Startup Time": 528.724,
                                "Actual Total Time": 528.728,
                                "Actual Rows": 1,
                                "Actual Loops": 1
                            },
                            {
                                "Worker Number": 3,
                                "Actual Startup Time": 529.106,
                                "Actual Total Time": 529.109,
                                "Actual Rows": 1,
                                "Actual Loops": 1
                            }
                        ],
                        "Plans": [
                            {
                                "Node Type": "Nested Loop",
                                "Parent Relationship": "Outer",
                                "Parallel Aware": false,
                                "Join Type": "Inner",
                                "Startup Cost": 46739.48,
                                "Total Cost": 231984.86,
                                "Plan Rows": 381598,
                                "Plan Width": 0,
                                "Actual Startup Time": 129.316,
                                "Actual Total Time": 524.526,
                                "Actual Rows": 121082,
                                "Actual Loops": 5,
                                "Inner Unique": false,
                                "Join Filter": "(t.id = mi.movie_id)",
                                "Rows Removed by Join Filter": 0,
                                "Workers": [
                                    {
                                        "Worker Number": 0,
                                        "Actual Startup Time": 126.371,
                                        "Actual Total Time": 521.883,
                                        "Actual Rows": 117038,
                                        "Actual Loops": 1
                                    },
                                    {
                                        "Worker Number": 1,
                                        "Actual Startup Time": 126.713,
                                        "Actual Total Time": 522.375,
                                        "Actual Rows": 121161,
                                        "Actual Loops": 1
                                    },
                                    {
                                        "Worker Number": 2,
                                        "Actual Startup Time": 127.871,
                                        "Actual Total Time": 522.013,
                                        "Actual Rows": 118865,
                                        "Actual Loops": 1
                                    },
                                    {
                                        "Worker Number": 3,
                                        "Actual Startup Time": 127.065,
                                        "Actual Total Time": 522.443,
                                        "Actual Rows": 119233,
                                        "Actual Loops": 1
                                    }
                                ],
                                "Plans": [
                                    {
                                        "Node Type": "Hash Join",
                                        "Parent Relationship": "Outer",
                                        "Parallel Aware": true,
                                        "Join Type": "Inner",
                                        "Startup Cost": 46739.05,
                                        "Total Cost": 92580.4,
                                        "Plan Rows": 65388,
                                        "Plan Width": 8,
                                        "Actual Startup Time": 129.194,
                                        "Actual Total Time": 320.956,
                                        "Actual Rows": 47598,
                                        "Actual Loops": 5,
                                        "Output": [
                                            "t.id",
                                            "ci.movie_id"
                                        ],
                                        "Inner Unique": true,
                                        "Hash Cond": "(ci.movie_id = t.id)",
                                        "Workers": [
                                            {
                                                "Worker Number": 0,
                                                "Actual Startup Time": 126.205,
                                                "Actual Total Time": 315.607,
                                                "Actual Rows": 46609,
                                                "Actual Loops": 1
                                            },
                                            {
                                                "Worker Number": 1,
                                                "Actual Startup Time": 126.555,
                                                "Actual Total Time": 315.309,
                                                "Actual Rows": 45781,
                                                "Actual Loops": 1
                                            },
                                            {
                                                "Worker Number": 2,
                                                "Actual Startup Time": 127.74,
                                                "Actual Total Time": 314.407,
                                                "Actual Rows": 47394,
                                                "Actual Loops": 1
                                            },
                                            {
                                                "Worker Number": 3,
                                                "Actual Startup Time": 126.942,
                                                "Actual Total Time": 316.897,
                                                "Actual Rows": 45760,
                                                "Actual Loops": 1
                                            }
                                        ],
                                        "Plans": [
                                            {
                                                "Node Type": "Index Scan",
                                                "Parent Relationship": "Outer",
                                                "Parallel Aware": true,
                                                "Scan Direction": "Forward",
                                                "Index Name": "role_id_cast_info",
                                                "Relation Name": "cast_info",
                                                "Schema": "public",
                                                "Alias": "ci",
                                                "Startup Cost": 0.56,
                                                "Total Cost": 44764.99,
                                                "Plan Rows": 410260,
                                                "Plan Width": 4,
                                                "Actual Startup Time": 0.414,
                                                "Actual Total Time": 67.003,
                                                "Actual Rows": 340709,
                                                "Actual Loops": 5,
                                                "Output": [
                                                    "ci.id",
                                                    "ci.person_id",
                                                    "ci.movie_id",
                                                    "ci.person_role_id",
                                                    "ci.note",
                                                    "ci.nr_order",
                                                    "ci.role_id"
                                                ],
                                                "Index Cond": "(ci.role_id = 8)",
                                                "Rows Removed by Index Recheck": 0,
                                                "Workers": [
                                                    {
                                                        "Worker Number": 0,
                                                        "Actual Startup Time": 0.289,
                                                        "Actual Total Time": 69.866,
                                                        "Actual Rows": 330720,
                                                        "Actual Loops": 1
                                                    },
                                                    {
                                                        "Worker Number": 1,
                                                        "Actual Startup Time": 0.43,
                                                        "Actual Total Time": 69.552,
                                                        "Actual Rows": 331890,
                                                        "Actual Loops": 1
                                                    },
                                                    {
                                                        "Worker Number": 2,
                                                        "Actual Startup Time": 0.664,
                                                        "Actual Total Time": 68.713,
                                                        "Actual Rows": 324870,
                                                        "Actual Loops": 1
                                                    },
                                                    {
                                                        "Worker Number": 3,
                                                        "Actual Startup Time": 0.15,
                                                        "Actual Total Time": 69.411,
                                                        "Actual Rows": 332670,
                                                        "Actual Loops": 1
                                                    }
                                                ]
                                            },
                                            {
                                                "Node Type": "Hash",
                                                "Parent Relationship": "Inner",
                                                "Parallel Aware": true,
                                                "Startup Cost": 45479.21,
                                                "Total Cost": 45479.21,
                                                "Plan Rows": 100742,
                                                "Plan Width": 4,
                                                "Actual Startup Time": 125.499,
                                                "Actual Total Time": 125.5,
                                                "Actual Rows": 86844,
                                                "Actual Loops": 5,
                                                "Output": [
                                                    "t.id"
                                                ],
                                                "Hash Buckets": 524288,
                                                "Original Hash Buckets": 524288,
                                                "Hash Batches": 1,
                                                "Original Hash Batches": 1,
                                                "Peak Memory Usage": 21152,
                                                "Workers": [
                                                    {
                                                        "Worker Number": 0,
                                                        "Actual Startup Time": 125.291,
                                                        "Actual Total Time": 125.292,
                                                        "Actual Rows": 80950,
                                                        "Actual Loops": 1
                                                    },
                                                    {
                                                        "Worker Number": 1,
                                                        "Actual Startup Time": 125.621,
                                                        "Actual Total Time": 125.622,
                                                        "Actual Rows": 85305,
                                                        "Actual Loops": 1
                                                    },
                                                    {
                                                        "Worker Number": 2,
                                                        "Actual Startup Time": 125.737,
                                                        "Actual Total Time": 125.738,
                                                        "Actual Rows": 79685,
                                                        "Actual Loops": 1
                                                    },
                                                    {
                                                        "Worker Number": 3,
                                                        "Actual Startup Time": 125.934,
                                                        "Actual Total Time": 125.935,
                                                        "Actual Rows": 74944,
                                                        "Actual Loops": 1
                                                    }
                                                ],
                                                "Plans": [
                                                    {
                                                        "Node Type": "Seq Scan",
                                                        "Parent Relationship": "Outer",
                                                        "Parallel Aware": true,
                                                        "Relation Name": "title",
                                                        "Schema": "public",
                                                        "Alias": "t",
                                                        "Startup Cost": 0.0,
                                                        "Total Cost": 45479.21,
                                                        "Plan Rows": 100742,
                                                        "Plan Width": 4,
                                                        "Actual Startup Time": 0.071,
                                                        "Actual Total Time": 87.58,
                                                        "Actual Rows": 86844,
                                                        "Actual Loops": 5,
                                                        "Output": [
                                                            "t.id"
                                                        ],
                                                        "Filter": "((t.production_year > 2008) AND (t.kind_id = 7))",
                                                        "Rows Removed by Filter": 418819,
                                                        "Workers": [
                                                            {
                                                                "Worker Number": 0,
                                                                "Actual Startup Time": 0.087,
                                                                "Actual Total Time": 90.248,
                                                                "Actual Rows": 80950,
                                                                "Actual Loops": 1
                                                            },
                                                            {
                                                                "Worker Number": 1,
                                                                "Actual Startup Time": 0.086,
                                                                "Actual Total Time": 90.7,
                                                                "Actual Rows": 85305,
                                                                "Actual Loops": 1
                                                            },
                                                            {
                                                                "Worker Number": 2,
                                                                "Actual Startup Time": 0.084,
                                                                "Actual Total Time": 91.047,
                                                                "Actual Rows": 79685,
                                                                "Actual Loops": 1
                                                            },
                                                            {
                                                                "Worker Number": 3,
                                                                "Actual Startup Time": 0.076,
                                                                "Actual Total Time": 83.859,
                                                                "Actual Rows": 74944,
                                                                "Actual Loops": 1
                                                            }
                                                        ]
                                                    }
                                                ]
                                            }
                                        ]
                                    },
                                    {
                                        "Node Type": "Index Only Scan",
                                        "Parent Relationship": "Inner",
                                        "Parallel Aware": false,
                                        "Scan Direction": "Forward",
                                        "Index Name": "movie_id_movie_info",
                                        "Relation Name": "movie_info",
                                        "Schema": "public",
                                        "Alias": "mi",
                                        "Startup Cost": 0.43,
                                        "Total Cost": 1.64,
                                        "Plan Rows": 39,
                                        "Plan Width": 4,
                                        "Actual Startup Time": 0.003,
                                        "Actual Total Time": 0.004,
                                        "Actual Rows": 3,
                                        "Actual Loops": 237992,
                                        "Output": [
                                            "mi.movie_id"
                                        ],
                                        "Index Cond": "(mi.movie_id = ci.movie_id)",
                                        "Rows Removed by Index Recheck": 0,
                                        "Heap Fetches": 605412,
                                        "Workers": [
                                            {
                                                "Worker Number": 0,
                                                "Actual Startup Time": 0.003,
                                                "Actual Total Time": 0.004,
                                                "Actual Rows": 3,
                                                "Actual Loops": 46609
                                            },
                                            {
                                                "Worker Number": 1,
                                                "Actual Startup Time": 0.003,
                                                "Actual Total Time": 0.004,
                                                "Actual Rows": 3,
                                                "Actual Loops": 45781
                                            },
                                            {
                                                "Worker Number": 2,
                                                "Actual Startup Time": 0.003,
                                                "Actual Total Time": 0.004,
                                                "Actual Rows": 3,
                                                "Actual Loops": 47394
                                            },
                                            {
                                                "Worker Number": 3,
                                                "Actual Startup Time": 0.003,
                                                "Actual Total Time": 0.004,
                                                "Actual Rows": 3,
                                                "Actual Loops": 45760
                                            }
                                        ]
                                    }
                                ]
                            }
                        ]
                    }
                ]
            }
        ]
    },
    "Planning Time": 1.587,
    "Triggers": [],
    "Execution Time": 569.238
}