[
  {
    "Plan": {
      "Node Type": "Aggregate",
      "Strategy": "Plain",
      "Partial Mode": "Finalize",
      "Parallel Aware": false,
      "Startup Cost": 347130.64,
      "Total Cost": 347130.65,
      "Plan Rows": 1,
      "Plan Width": 8,
      "Actual Startup Time": 735.886,
      "Actual Total Time": 792.666,
      "Actual Rows": 1,
      "Actual Loops": 1,
      "Plans": [
        {
          "Node Type": "Gather",
          "Parent Relationship": "Outer",
          "Parallel Aware": false,
          "Startup Cost": 347130.01,
          "Total Cost": 347130.62,
          "Plan Rows": 6,
          "Plan Width": 8,
          "Actual Startup Time": 735.707,
          "Actual Total Time": 792.65,
          "Actual Rows": 7,
          "Actual Loops": 1,
          "Workers Planned": 6,
          "Workers Launched": 6,
          "Single Copy": false,
          "Plans": [
            {
              "Node Type": "Aggregate",
              "Strategy": "Plain",
              "Partial Mode": "Partial",
              "Parent Relationship": "Outer",
              "Parallel Aware": false,
              "Startup Cost": 346130.01,
              "Total Cost": 346130.02,
              "Plan Rows": 1,
              "Plan Width": 8,
              "Actual Startup Time": 726.342,
              "Actual Total Time": 726.343,
              "Actual Rows": 1,
              "Actual Loops": 7,
              "Plans": [
                {
                  "Node Type": "Seq Scan",
                  "Parent Relationship": "Outer",
                  "Parallel Aware": true,
                  "Relation Name": "cast_info",
                  "Alias": "ci",
                  "Startup Cost": 0.0,
                  "Total Cost": 343316.27,
                  "Plan Rows": 1125496,
                  "Plan Width": 0,
                  "Actual Startup Time": 261.982,
                  "Actual Total Time": 701.412,
                  "Actual Rows": 416616,
                  "Actual Loops": 7,
                  "Filter": "((person_id < 1022252) AND (role_id > 1))",
                  "Rows Removed by Filter": 4761148
                }
              ]
            }
          ]
        }
      ]
    },
    "Planning Time": 0.202,
    "Triggers": [],
    "Execution Time": 792.735
  }
]