[
  {
    "Plan": {
      "Node Type": "Aggregate",
      "Strategy": "Plain",
      "Partial Mode": "Finalize",
      "Parallel Aware": false,
      "Startup Cost": 15322.38,
      "Total Cost": 15322.39,
      "Plan Rows": 1,
      "Plan Width": 8,
      "Actual Startup Time": 16.222,
      "Actual Total Time": 19.274,
      "Actual Rows": 1,
      "Actual Loops": 1,
      "Plans": [
        {
          "Node Type": "Gather",
          "Parent Relationship": "Outer",
          "Parallel Aware": false,
          "Startup Cost": 15322.26,
          "Total Cost": 15322.37,
          "Plan Rows": 1,
          "Plan Width": 8,
          "Actual Startup Time": 16.165,
          "Actual Total Time": 19.264,
          "Actual Rows": 2,
          "Actual Loops": 1,
          "Workers Planned": 1,
          "Workers Launched": 1,
          "Single Copy": false,
          "Plans": [
            {
              "Node Type": "Aggregate",
              "Strategy": "Plain",
              "Partial Mode": "Partial",
              "Parent Relationship": "Outer",
              "Parallel Aware": false,
              "Startup Cost": 14322.26,
              "Total Cost": 14322.27,
              "Plan Rows": 1,
              "Plan Width": 8,
              "Actual Startup Time": 13.521,
              "Actual Total Time": 13.523,
              "Actual Rows": 1,
              "Actual Loops": 2,
              "Plans": [
                {
                  "Node Type": "Nested Loop",
                  "Parent Relationship": "Outer",
                  "Parallel Aware": false,
                  "Join Type": "Inner",
                  "Startup Cost": 62.09,
                  "Total Cost": 14320.17,
                  "Plan Rows": 836,
                  "Plan Width": 0,
                  "Actual Startup Time": 5.712,
                  "Actual Total Time": 13.401,
                  "Actual Rows": 564,
                  "Actual Loops": 2,
                  "Inner Unique": true,
                  "Plans": [
                    {
                      "Node Type": "Bitmap Heap Scan",
                      "Parent Relationship": "Outer",
                      "Parallel Aware": true,
                      "Relation Name": "movie_companies",
                      "Alias": "mc",
                      "Startup Cost": 61.66,
                      "Total Cost": 7566.13,
                      "Plan Rows": 836,
                      "Plan Width": 4,
                      "Actual Startup Time": 5.641,
                      "Actual Total Time": 7.141,
                      "Actual Rows": 564,
                      "Actual Loops": 2,
                      "Recheck Cond": "(company_id = 240)",
                      "Rows Removed by Index Recheck": 0,
                      "Filter": "(company_type_id = 2)",
                      "Rows Removed by Filter": 1382,
                      "Exact Heap Blocks": 1376,
                      "Lossy Heap Blocks": 0,
                      "Plans": [
                        {
                          "Node Type": "Bitmap Index Scan",
                          "Parent Relationship": "Outer",
                          "Parallel Aware": false,
                          "Index Name": "company_id_movie_companies",
                          "Startup Cost": 0.0,
                          "Total Cost": 61.3,
                          "Plan Rows": 2783,
                          "Plan Width": 0,
                          "Actual Startup Time": 2.641,
                          "Actual Total Time": 2.641,
                          "Actual Rows": 3890,
                          "Actual Loops": 1,
                          "Index Cond": "(company_id = 240)"
                        }
                      ]
                    },
                    {
                      "Node Type": "Index Only Scan",
                      "Parent Relationship": "Inner",
                      "Parallel Aware": false,
                      "Scan Direction": "Forward",
                      "Index Name": "title_pkey",
                      "Relation Name": "title",
                      "Alias": "t",
                      "Startup Cost": 0.43,
                      "Total Cost": 8.08,
                      "Plan Rows": 1,
                      "Plan Width": 4,
                      "Actual Startup Time": 0.01,
                      "Actual Total Time": 0.01,
                      "Actual Rows": 1,
                      "Actual Loops": 1127,
                      "Index Cond": "(id = mc.movie_id)",
                      "Rows Removed by Index Recheck": 0,
                      "Heap Fetches": 1127
                    }
                  ]
                }
              ]
            }
          ]
        }
      ]
    },
    "Planning Time": 0.703,
    "Triggers": [],
    "Execution Time": 19.359
  }
]