[
  {
    "Plan": {
      "Node Type": "Aggregate",
      "Strategy": "Plain",
      "Partial Mode": "Finalize",
      "Parallel Aware": false,
      "Startup Cost": 15494.51,
      "Total Cost": 15494.52,
      "Plan Rows": 1,
      "Plan Width": 8,
      "Actual Startup Time": 19.994,
      "Actual Total Time": 23.593,
      "Actual Rows": 1,
      "Actual Loops": 1,
      "Plans": [
        {
          "Node Type": "Gather",
          "Parent Relationship": "Outer",
          "Parallel Aware": false,
          "Startup Cost": 15494.29,
          "Total Cost": 15494.5,
          "Plan Rows": 2,
          "Plan Width": 8,
          "Actual Startup Time": 19.754,
          "Actual Total Time": 23.583,
          "Actual Rows": 3,
          "Actual Loops": 1,
          "Workers Planned": 2,
          "Workers Launched": 2,
          "Single Copy": false,
          "Plans": [
            {
              "Node Type": "Aggregate",
              "Strategy": "Plain",
              "Partial Mode": "Partial",
              "Parent Relationship": "Outer",
              "Parallel Aware": false,
              "Startup Cost": 14494.29,
              "Total Cost": 14494.3,
              "Plan Rows": 1,
              "Plan Width": 8,
              "Actual Startup Time": 12.228,
              "Actual Total Time": 12.23,
              "Actual Rows": 1,
              "Actual Loops": 3,
              "Plans": [
                {
                  "Node Type": "Nested Loop",
                  "Parent Relationship": "Outer",
                  "Parallel Aware": false,
                  "Join Type": "Inner",
                  "Startup Cost": 74.73,
                  "Total Cost": 14492.5,
                  "Plan Rows": 718,
                  "Plan Width": 0,
                  "Actual Startup Time": 3.329,
                  "Actual Total Time": 12.122,
                  "Actual Rows": 376,
                  "Actual Loops": 3,
                  "Inner Unique": true,
                  "Plans": [
                    {
                      "Node Type": "Bitmap Heap Scan",
                      "Parent Relationship": "Outer",
                      "Parallel Aware": true,
                      "Relation Name": "movie_companies",
                      "Alias": "mc",
                      "Startup Cost": 74.3,
                      "Total Cost": 8744.08,
                      "Plan Rows": 718,
                      "Plan Width": 4,
                      "Actual Startup Time": 3.141,
                      "Actual Total Time": 4.99,
                      "Actual Rows": 376,
                      "Actual Loops": 3,
                      "Recheck Cond": "(company_id = 240)",
                      "Rows Removed by Index Recheck": 0,
                      "Filter": "(company_type_id = 2)",
                      "Rows Removed by Filter": 921,
                      "Exact Heap Blocks": 1583,
                      "Lossy Heap Blocks": 0,
                      "Plans": [
                        {
                          "Node Type": "Bitmap Index Scan",
                          "Parent Relationship": "Outer",
                          "Parallel Aware": false,
                          "Index Name": "company_id_movie_companies",
                          "Startup Cost": 0.0,
                          "Total Cost": 73.87,
                          "Plan Rows": 3392,
                          "Plan Width": 0,
                          "Actual Startup Time": 3.763,
                          "Actual Total Time": 3.764,
                          "Actual Rows": 3890,
                          "Actual Loops": 1,
                          "Index Cond": "(company_id = 240)"
                        }
                      ]
                    },
                    {
                      "Node Type": "Index Only Scan",
                      "Parent Relationship": "Inner",
                      "Parallel Aware": false,
                      "Scan Direction": "Forward",
                      "Index Name": "title_pkey",
                      "Relation Name": "title",
                      "Alias": "t",
                      "Startup Cost": 0.43,
                      "Total Cost": 8.01,
                      "Plan Rows": 1,
                      "Plan Width": 4,
                      "Actual Startup Time": 0.018,
                      "Actual Total Time": 0.018,
                      "Actual Rows": 1,
                      "Actual Loops": 1127,
                      "Index Cond": "(id = mc.movie_id)",
                      "Rows Removed by Index Recheck": 0,
                      "Heap Fetches": 1127
                    }
                  ]
                }
              ]
            }
          ]
        }
      ]
    },
    "Planning Time": 0.714,
    "Triggers": [],
    "Execution Time": 23.69
  }
]