[
  {
    "Plan": {
      "Node Type": "Aggregate",
      "Strategy": "Plain",
      "Partial Mode": "Finalize",
      "Parallel Aware": false,
      "Startup Cost": 42490.91,
      "Total Cost": 42490.92,
      "Plan Rows": 1,
      "Plan Width": 8,
      "Actual Startup Time": 137.249,
      "Actual Total Time": 148.044,
      "Actual Rows": 1,
      "Actual Loops": 1,
      "Plans": [
        {
          "Node Type": "Gather",
          "Parent Relationship": "Outer",
          "Parallel Aware": false,
          "Startup Cost": 42490.6,
          "Total Cost": 42490.91,
          "Plan Rows": 3,
          "Plan Width": 8,
          "Actual Startup Time": 133.503,
          "Actual Total Time": 148.032,
          "Actual Rows": 4,
          "Actual Loops": 1,
          "Workers Planned": 3,
          "Workers Launched": 3,
          "Single Copy": false,
          "Plans": [
            {
              "Node Type": "Aggregate",
              "Strategy": "Plain",
              "Partial Mode": "Partial",
              "Parent Relationship": "Outer",
              "Parallel Aware": false,
              "Startup Cost": 41490.6,
              "Total Cost": 41490.61,
              "Plan Rows": 1,
              "Plan Width": 8,
              "Actual Startup Time": 125.081,
              "Actual Total Time": 125.086,
              "Actual Rows": 1,
              "Actual Loops": 4,
              "Plans": [
                {
                  "Node Type": "Nested Loop",
                  "Parent Relationship": "Outer",
                  "Parallel Aware": false,
                  "Join Type": "Inner",
                  "Startup Cost": 18095.77,
                  "Total Cost": 41488.53,
                  "Plan Rows": 826,
                  "Plan Width": 0,
                  "Actual Startup Time": 101.41,
                  "Actual Total Time": 124.88,
                  "Actual Rows": 1600,
                  "Actual Loops": 4,
                  "Inner Unique": true,
                  "Join Filter": "(mc.movie_id = t.id)",
                  "Rows Removed by Join Filter": 0,
                  "Plans": [
                    {
                      "Node Type": "Hash Join",
                      "Parent Relationship": "Outer",
                      "Parallel Aware": true,
                      "Join Type": "Inner",
                      "Startup Cost": 18095.34,
                      "Total Cost": 37972.58,
                      "Plan Rows": 4111,
                      "Plan Width": 8,
                      "Actual Startup Time": 101.33,
                      "Actual Total Time": 109.322,
                      "Actual Rows": 1600,
                      "Actual Loops": 4,
                      "Inner Unique": false,
                      "Hash Cond": "(mc.movie_id = mi_idx.movie_id)",
                      "Plans": [
                        {
                          "Node Type": "Bitmap Heap Scan",
                          "Parent Relationship": "Outer",
                          "Parallel Aware": true,
                          "Relation Name": "movie_companies",
                          "Alias": "mc",
                          "Startup Cost": 600.72,
                          "Total Cost": 20443.62,
                          "Plan Rows": 4588,
                          "Plan Width": 4,
                          "Actual Startup Time": 11.572,
                          "Actual Total Time": 16.29,
                          "Actual Rows": 3618,
                          "Actual Loops": 4,
                          "Recheck Cond": "(company_id = 27)",
                          "Rows Removed by Index Recheck": 0,
                          "Filter": "(company_type_id = 2)",
                          "Rows Removed by Filter": 3208,
                          "Exact Heap Blocks": 3848,
                          "Lossy Heap Blocks": 0,
                          "Plans": [
                            {
                              "Node Type": "Bitmap Index Scan",
                              "Parent Relationship": "Outer",
                              "Parallel Aware": false,
                              "Index Name": "company_id_movie_companies",
                              "Startup Cost": 0.0,
                              "Total Cost": 597.16,
                              "Plan Rows": 27831,
                              "Plan Width": 0,
                              "Actual Startup Time": 3.962,
                              "Actual Total Time": 3.963,
                              "Actual Rows": 27303,
                              "Actual Loops": 1,
                              "Index Cond": "(company_id = 27)"
                            }
                          ]
                        },
                        {
                          "Node Type": "Hash",
                          "Parent Relationship": "Inner",
                          "Parallel Aware": true,
                          "Startup Cost": 15122.68,
                          "Total Cost": 15122.68,
                          "Plan Rows": 189755,
                          "Plan Width": 4,
                          "Actual Startup Time": 86.407,
                          "Actual Total Time": 86.408,
                          "Actual Rows": 114981,
                          "Actual Loops": 4,
                          "Hash Buckets": 524288,
                          "Original Hash Buckets": 524288,
                          "Hash Batches": 1,
                          "Original Hash Batches": 1,
                          "Peak Memory Usage": 22176,
                          "Plans": [
                            {
                              "Node Type": "Seq Scan",
                              "Parent Relationship": "Outer",
                              "Parallel Aware": true,
                              "Relation Name": "movie_info_idx",
                              "Alias": "mi_idx",
                              "Startup Cost": 0.0,
                              "Total Cost": 15122.68,
                              "Plan Rows": 189755,
                              "Plan Width": 4,
                              "Actual Startup Time": 0.043,
                              "Actual Total Time": 46.579,
                              "Actual Rows": 114981,
                              "Actual Loops": 4,
                              "Filter": "(info_type_id = 99)",
                              "Rows Removed by Filter": 230028
                            }
                          ]
                        }
                      ]
                    },
                    {
                      "Node Type": "Index Only Scan",
                      "Parent Relationship": "Inner",
                      "Parallel Aware": false,
                      "Scan Direction": "Forward",
                      "Index Name": "title_pkey",
                      "Relation Name": "title",
                      "Alias": "t",
                      "Startup Cost": 0.43,
                      "Total Cost": 0.84,
                      "Plan Rows": 1,
                      "Plan Width": 4,
                      "Actual Startup Time": 0.009,
                      "Actual Total Time": 0.009,
                      "Actual Rows": 1,
                      "Actual Loops": 6399,
                      "Index Cond": "(id = mi_idx.movie_id)",
                      "Rows Removed by Index Recheck": 0,
                      "Heap Fetches": 6399
                    }
                  ]
                }
              ]
            }
          ]
        }
      ]
    },
    "Planning Time": 1.481,
    "Triggers": [],
    "Execution Time": 148.168
  }
]