[
  {
    "Plan": {
      "Node Type": "Aggregate",
      "Strategy": "Plain",
      "Partial Mode": "Finalize",
      "Parallel Aware": false,
      "Startup Cost": 90963.65,
      "Total Cost": 90963.66,
      "Plan Rows": 1,
      "Plan Width": 8,
      "Actual Startup Time": 252.175,
      "Actual Total Time": 269.618,
      "Actual Rows": 1,
      "Actual Loops": 1,
      "Plans": [
        {
          "Node Type": "Gather",
          "Parent Relationship": "Outer",
          "Parallel Aware": false,
          "Startup Cost": 90963.34,
          "Total Cost": 90963.65,
          "Plan Rows": 3,
          "Plan Width": 8,
          "Actual Startup Time": 250.357,
          "Actual Total Time": 269.609,
          "Actual Rows": 4,
          "Actual Loops": 1,
          "Workers Planned": 3,
          "Workers Launched": 3,
          "Single Copy": false,
          "Plans": [
            {
              "Node Type": "Aggregate",
              "Strategy": "Plain",
              "Partial Mode": "Partial",
              "Parent Relationship": "Outer",
              "Parallel Aware": false,
              "Startup Cost": 89963.34,
              "Total Cost": 89963.35,
              "Plan Rows": 1,
              "Plan Width": 8,
              "Actual Startup Time": 241.52,
              "Actual Total Time": 241.523,
              "Actual Rows": 1,
              "Actual Loops": 4,
              "Plans": [
                {
                  "Node Type": "Hash Join",
                  "Parent Relationship": "Outer",
                  "Parallel Aware": true,
                  "Join Type": "Inner",
                  "Startup Cost": 46443.22,
                  "Total Cost": 89877.5,
                  "Plan Rows": 34336,
                  "Plan Width": 0,
                  "Actual Startup Time": 125.905,
                  "Actual Total Time": 239.93,
                  "Actual Rows": 34802,
                  "Actual Loops": 4,
                  "Inner Unique": true,
                  "Hash Cond": "(mk.movie_id = t.id)",
                  "Plans": [
                    {
                      "Node Type": "Seq Scan",
                      "Parent Relationship": "Outer",
                      "Parallel Aware": true,
                      "Relation Name": "movie_keyword",
                      "Alias": "mk",
                      "Startup Cost": 0.0,
                      "Total Cost": 42695.65,
                      "Plan Rows": 281379,
                      "Plan Width": 4,
                      "Actual Startup Time": 1.595,
                      "Actual Total Time": 88.217,
                      "Actual Rows": 216934,
                      "Actual Loops": 4,
                      "Filter": "(keyword_id > 21219)",
                      "Rows Removed by Filter": 914048
                    },
                    {
                      "Node Type": "Hash",
                      "Parent Relationship": "Inner",
                      "Parallel Aware": true,
                      "Startup Cost": 45479.1,
                      "Total Cost": 45479.1,
                      "Plan Rows": 77130,
                      "Plan Width": 4,
                      "Actual Startup Time": 120.972,
                      "Actual Total Time": 120.973,
                      "Actual Rows": 66650,
                      "Actual Loops": 4,
                      "Hash Buckets": 524288,
                      "Original Hash Buckets": 524288,
                      "Hash Batches": 1,
                      "Original Hash Batches": 1,
                      "Peak Memory Usage": 14592,
                      "Plans": [
                        {
                          "Node Type": "Seq Scan",
                          "Parent Relationship": "Outer",
                          "Parallel Aware": true,
                          "Relation Name": "title",
                          "Alias": "t",
                          "Startup Cost": 0.0,
                          "Total Cost": 45479.1,
                          "Plan Rows": 77130,
                          "Plan Width": 4,
                          "Actual Startup Time": 0.047,
                          "Actual Total Time": 96.998,
                          "Actual Rows": 66650,
                          "Actual Loops": 4,
                          "Filter": "((kind_id < 7) AND (production_year > 2007))",
                          "Rows Removed by Filter": 565428
                        }
                      ]
                    }
                  ]
                }
              ]
            }
          ]
        }
      ]
    },
    "Planning Time": 0.561,
    "Triggers": [],
    "Execution Time": 269.683
  }
]