[
    {
        "Bao": {
            "Bao prediction": "NaN",
            "Bao recommended hint": "(no hint)"
        }
    },
    {
        "Plan": {
            "Node Type": "Aggregate",
            "Strategy": "Plain",
            "Partial Mode": "Finalize",
            "Parallel Aware": false,
            "Startup Cost": 246713.9,
            "Total Cost": 246713.91,
            "Plan Rows": 1,
            "Plan Width": 8,
            "Actual Startup Time": 445.408,
            "Actual Total Time": 470.435,
            "Actual Rows": 1,
            "Actual Loops": 1,
            "Output": [
                "count(*)"
            ],
            "Plans": [
                {
                    "Node Type": "Gather",
                    "Parent Relationship": "Outer",
                    "Parallel Aware": false,
                    "Startup Cost": 246713.38,
                    "Total Cost": 246713.89,
                    "Plan Rows": 5,
                    "Plan Width": 8,
                    "Actual Startup Time": 443.136,
                    "Actual Total Time": 470.425,
                    "Actual Rows": 6,
                    "Actual Loops": 1,
                    "Output": [
                        "(PARTIAL count(*))"
                    ],
                    "Workers Planned": 5,
                    "Workers Launched": 5,
                    "Single Copy": false,
                    "Plans": [
                        {
                            "Node Type": "Aggregate",
                            "Strategy": "Plain",
                            "Partial Mode": "Partial",
                            "Parent Relationship": "Outer",
                            "Parallel Aware": false,
                            "Startup Cost": 245713.38,
                            "Total Cost": 245713.39,
                            "Plan Rows": 1,
                            "Plan Width": 8,
                            "Actual Startup Time": 432.056,
                            "Actual Total Time": 432.107,
                            "Actual Rows": 1,
                            "Actual Loops": 6,
                            "Output": [
                                "PARTIAL count(*)"
                            ],
                            "Workers": [
                                {
                                    "Worker Number": 0,
                                    "Actual Startup Time": 430.051,
                                    "Actual Total Time": 430.055,
                                    "Actual Rows": 1,
                                    "Actual Loops": 1
                                },
                                {
                                    "Worker Number": 1,
                                    "Actual Startup Time": 428.95,
                                    "Actual Total Time": 428.953,
                                    "Actual Rows": 1,
                                    "Actual Loops": 1
                                },
                                {
                                    "Worker Number": 2,
                                    "Actual Startup Time": 429.574,
                                    "Actual Total Time": 429.576,
                                    "Actual Rows": 1,
                                    "Actual Loops": 1
                                },
                                {
                                    "Worker Number": 3,
                                    "Actual Startup Time": 429.561,
                                    "Actual Total Time": 429.564,
                                    "Actual Rows": 1,
                                    "Actual Loops": 1
                                },
                                {
                                    "Worker Number": 4,
                                    "Actual Startup Time": 431.619,
                                    "Actual Total Time": 431.622,
                                    "Actual Rows": 1,
                                    "Actual Loops": 1
                                }
                            ],
                            "Plans": [
                                {
                                    "Node Type": "Hash Join",
                                    "Parent Relationship": "Outer",
                                    "Parallel Aware": true,
                                    "Join Type": "Inner",
                                    "Startup Cost": 45640.03,
                                    "Total Cost": 245690.7,
                                    "Plan Rows": 9072,
                                    "Plan Width": 0,
                                    "Actual Startup Time": 113.81,
                                    "Actual Total Time": 430.175,
                                    "Actual Rows": 33844,
                                    "Actual Loops": 6,
                                    "Inner Unique": true,
                                    "Hash Cond": "(mi.movie_id = t.id)",
                                    "Workers": [
                                        {
                                            "Worker Number": 0,
                                            "Actual Startup Time": 111.227,
                                            "Actual Total Time": 428.101,
                                            "Actual Rows": 22544,
                                            "Actual Loops": 1
                                        },
                                        {
                                            "Worker Number": 1,
                                            "Actual Startup Time": 110.818,
                                            "Actual Total Time": 427.037,
                                            "Actual Rows": 36992,
                                            "Actual Loops": 1
                                        },
                                        {
                                            "Worker Number": 2,
                                            "Actual Startup Time": 111.47,
                                            "Actual Total Time": 427.709,
                                            "Actual Rows": 36441,
                                            "Actual Loops": 1
                                        },
                                        {
                                            "Worker Number": 3,
                                            "Actual Startup Time": 111.431,
                                            "Actual Total Time": 427.499,
                                            "Actual Rows": 23773,
                                            "Actual Loops": 1
                                        },
                                        {
                                            "Worker Number": 4,
                                            "Actual Startup Time": 113.478,
                                            "Actual Total Time": 429.829,
                                            "Actual Rows": 33990,
                                            "Actual Loops": 1
                                        }
                                    ],
                                    "Plans": [
                                        {
                                            "Node Type": "Seq Scan",
                                            "Parent Relationship": "Outer",
                                            "Parallel Aware": true,
                                            "Relation Name": "movie_info",
                                            "Schema": "public",
                                            "Alias": "mi",
                                            "Startup Cost": 0.0,
                                            "Total Cost": 198880.74,
                                            "Plan Rows": 445687,
                                            "Plan Width": 4,
                                            "Actual Startup Time": 15.186,
                                            "Actual Total Time": 294.579,
                                            "Actual Rows": 372308,
                                            "Actual Loops": 6,
                                            "Output": [
                                                "mi.id",
                                                "mi.movie_id",
                                                "mi.info_type_id",
                                                "mi.info",
                                                "mi.note"
                                            ],
                                            "Filter": "(mi.info_type_id > 16)",
                                            "Rows Removed by Filter": 2100312,
                                            "Workers": [
                                                {
                                                    "Worker Number": 0,
                                                    "Actual Startup Time": 15.173,
                                                    "Actual Total Time": 296.197,
                                                    "Actual Rows": 251871,
                                                    "Actual Loops": 1
                                                },
                                                {
                                                    "Worker Number": 1,
                                                    "Actual Startup Time": 15.188,
                                                    "Actual Total Time": 296.922,
                                                    "Actual Rows": 396859,
                                                    "Actual Loops": 1
                                                },
                                                {
                                                    "Worker Number": 2,
                                                    "Actual Startup Time": 15.192,
                                                    "Actual Total Time": 297.072,
                                                    "Actual Rows": 398262,
                                                    "Actual Loops": 1
                                                },
                                                {
                                                    "Worker Number": 3,
                                                    "Actual Startup Time": 15.189,
                                                    "Actual Total Time": 297.805,
                                                    "Actual Rows": 259950,
                                                    "Actual Loops": 1
                                                },
                                                {
                                                    "Worker Number": 4,
                                                    "Actual Startup Time": 15.18,
                                                    "Actual Total Time": 294.179,
                                                    "Actual Rows": 374500,
                                                    "Actual Loops": 1
                                                }
                                            ]
                                        },
                                        {
                                            "Node Type": "Hash",
                                            "Parent Relationship": "Inner",
                                            "Parallel Aware": true,
                                            "Startup Cost": 45479.21,
                                            "Total Cost": 45479.21,
                                            "Plan Rows": 12866,
                                            "Plan Width": 4,
                                            "Actual Startup Time": 85.972,
                                            "Actual Total Time": 85.973,
                                            "Actual Rows": 29066,
                                            "Actual Loops": 6,
                                            "Output": [
                                                "t.id"
                                            ],
                                            "Hash Buckets": 262144,
                                            "Original Hash Buckets": 65536,
                                            "Hash Batches": 1,
                                            "Original Hash Batches": 1,
                                            "Peak Memory Usage": 10496,
                                            "Workers": [
                                                {
                                                    "Worker Number": 0,
                                                    "Actual Startup Time": 83.282,
                                                    "Actual Total Time": 83.283,
                                                    "Actual Rows": 20094,
                                                    "Actual Loops": 1
                                                },
                                                {
                                                    "Worker Number": 1,
                                                    "Actual Startup Time": 82.99,
                                                    "Actual Total Time": 82.991,
                                                    "Actual Rows": 31595,
                                                    "Actual Loops": 1
                                                },
                                                {
                                                    "Worker Number": 2,
                                                    "Actual Startup Time": 83.642,
                                                    "Actual Total Time": 83.642,
                                                    "Actual Rows": 31444,
                                                    "Actual Loops": 1
                                                },
                                                {
                                                    "Worker Number": 3,
                                                    "Actual Startup Time": 83.649,
                                                    "Actual Total Time": 83.65,
                                                    "Actual Rows": 21579,
                                                    "Actual Loops": 1
                                                },
                                                {
                                                    "Worker Number": 4,
                                                    "Actual Startup Time": 85.576,
                                                    "Actual Total Time": 85.577,
                                                    "Actual Rows": 27733,
                                                    "Actual Loops": 1
                                                }
                                            ],
                                            "Plans": [
                                                {
                                                    "Node Type": "Seq Scan",
                                                    "Parent Relationship": "Outer",
                                                    "Parallel Aware": true,
                                                    "Relation Name": "title",
                                                    "Schema": "public",
                                                    "Alias": "t",
                                                    "Startup Cost": 0.0,
                                                    "Total Cost": 45479.21,
                                                    "Plan Rows": 12866,
                                                    "Plan Width": 4,
                                                    "Actual Startup Time": 43.828,
                                                    "Actual Total Time": 71.386,
                                                    "Actual Rows": 29066,
                                                    "Actual Loops": 6,
                                                    "Output": [
                                                        "t.id"
                                                    ],
                                                    "Filter": "((t.production_year < 1955) AND (t.kind_id = 1))",
                                                    "Rows Removed by Filter": 392319,
                                                    "Workers": [
                                                        {
                                                            "Worker Number": 0,
                                                            "Actual Startup Time": 39.649,
                                                            "Actual Total Time": 69.616,
                                                            "Actual Rows": 20094,
                                                            "Actual Loops": 1
                                                        },
                                                        {
                                                            "Worker Number": 1,
                                                            "Actual Startup Time": 40.837,
                                                            "Actual Total Time": 68.88,
                                                            "Actual Rows": 31595,
                                                            "Actual Loops": 1
                                                        },
                                                        {
                                                            "Worker Number": 2,
                                                            "Actual Startup Time": 40.061,
                                                            "Actual Total Time": 69.642,
                                                            "Actual Rows": 31444,
                                                            "Actual Loops": 1
                                                        },
                                                        {
                                                            "Worker Number": 3,
                                                            "Actual Startup Time": 44.653,
                                                            "Actual Total Time": 70.321,
                                                            "Actual Rows": 21579,
                                                            "Actual Loops": 1
                                                        },
                                                        {
                                                            "Worker Number": 4,
                                                            "Actual Startup Time": 43.987,
                                                            "Actual Total Time": 70.324,
                                                            "Actual Rows": 27733,
                                                            "Actual Loops": 1
                                                        }
                                                    ]
                                                }
                                            ]
                                        }
                                    ]
                                }
                            ]
                        }
                    ]
                }
            ]
        },
        "Planning Time": 173.866,
        "Triggers": [],
        "Execution Time": 470.526
    }
]