[
  {
    "Plan": {
      "Node Type": "Aggregate",
      "Strategy": "Plain",
      "Partial Mode": "Finalize",
      "Parallel Aware": false,
      "Startup Cost": 44955.23,
      "Total Cost": 44955.24,
      "Plan Rows": 1,
      "Plan Width": 8,
      "Actual Startup Time": 121.348,
      "Actual Total Time": 129.891,
      "Actual Rows": 1,
      "Actual Loops": 1,
      "Plans": [
        {
          "Node Type": "Gather",
          "Parent Relationship": "Outer",
          "Parallel Aware": false,
          "Startup Cost": 44954.91,
          "Total Cost": 44955.22,
          "Plan Rows": 3,
          "Plan Width": 8,
          "Actual Startup Time": 121.211,
          "Actual Total Time": 129.882,
          "Actual Rows": 4,
          "Actual Loops": 1,
          "Workers Planned": 3,
          "Workers Launched": 3,
          "Single Copy": false,
          "Plans": [
            {
              "Node Type": "Aggregate",
              "Strategy": "Plain",
              "Partial Mode": "Partial",
              "Parent Relationship": "Outer",
              "Parallel Aware": false,
              "Startup Cost": 43954.91,
              "Total Cost": 43954.92,
              "Plan Rows": 1,
              "Plan Width": 8,
              "Actual Startup Time": 116.419,
              "Actual Total Time": 116.42,
              "Actual Rows": 1,
              "Actual Loops": 4,
              "Plans": [
                {
                  "Node Type": "Seq Scan",
                  "Parent Relationship": "Outer",
                  "Parallel Aware": true,
                  "Relation Name": "movie_keyword",
                  "Alias": "mk",
                  "Startup Cost": 0.0,
                  "Total Cost": 42695.65,
                  "Plan Rows": 503703,
                  "Plan Width": 0,
                  "Actual Startup Time": 0.551,
                  "Actual Total Time": 99.282,
                  "Actual Rows": 388091,
                  "Actual Loops": 4,
                  "Filter": "(keyword_id > 10156)",
                  "Rows Removed by Filter": 742892
                }
              ]
            }
          ]
        }
      ]
    },
    "Planning Time": 0.087,
    "Triggers": [],
    "Execution Time": 129.919
  }
]