[
  {
    "Plan": {
      "Node Type": "Aggregate",
      "Strategy": "Plain",
      "Partial Mode": "Finalize",
      "Parallel Aware": false,
      "Startup Cost": 44943.86,
      "Total Cost": 44943.87,
      "Plan Rows": 1,
      "Plan Width": 8,
      "Actual Startup Time": 130.589,
      "Actual Total Time": 139.738,
      "Actual Rows": 1,
      "Actual Loops": 1,
      "Plans": [
        {
          "Node Type": "Gather",
          "Parent Relationship": "Outer",
          "Parallel Aware": false,
          "Startup Cost": 44943.54,
          "Total Cost": 44943.85,
          "Plan Rows": 3,
          "Plan Width": 8,
          "Actual Startup Time": 130.48,
          "Actual Total Time": 139.729,
          "Actual Rows": 4,
          "Actual Loops": 1,
          "Workers Planned": 3,
          "Workers Launched": 3,
          "Single Copy": false,
          "Plans": [
            {
              "Node Type": "Aggregate",
              "Strategy": "Plain",
              "Partial Mode": "Partial",
              "Parent Relationship": "Outer",
              "Parallel Aware": false,
              "Startup Cost": 43943.54,
              "Total Cost": 43943.55,
              "Plan Rows": 1,
              "Plan Width": 8,
              "Actual Startup Time": 124.492,
              "Actual Total Time": 124.493,
              "Actual Rows": 1,
              "Actual Loops": 4,
              "Plans": [
                {
                  "Node Type": "Seq Scan",
                  "Parent Relationship": "Outer",
                  "Parallel Aware": true,
                  "Relation Name": "movie_keyword",
                  "Alias": "mk",
                  "Startup Cost": 0.0,
                  "Total Cost": 42695.65,
                  "Plan Rows": 499155,
                  "Plan Width": 0,
                  "Actual Startup Time": 1.52,
                  "Actual Total Time": 105.939,
                  "Actual Rows": 388091,
                  "Actual Loops": 4,
                  "Filter": "(keyword_id > 10156)",
                  "Rows Removed by Filter": 742892
                }
              ]
            }
          ]
        }
      ]
    },
    "Planning Time": 0.249,
    "Triggers": [],
    "Execution Time": 139.794
  }
]