[
  {
    "Plan": {
      "Node Type": "Aggregate",
      "Strategy": "Plain",
      "Partial Mode": "Finalize",
      "Parallel Aware": false,
      "Startup Cost": 349509.46,
      "Total Cost": 349509.47,
      "Plan Rows": 1,
      "Plan Width": 8,
      "Actual Startup Time": 748.354,
      "Actual Total Time": 806.72,
      "Actual Rows": 1,
      "Actual Loops": 1,
      "Plans": [
        {
          "Node Type": "Gather",
          "Parent Relationship": "Outer",
          "Parallel Aware": false,
          "Startup Cost": 349508.83,
          "Total Cost": 349509.44,
          "Plan Rows": 6,
          "Plan Width": 8,
          "Actual Startup Time": 748.212,
          "Actual Total Time": 806.71,
          "Actual Rows": 7,
          "Actual Loops": 1,
          "Workers Planned": 6,
          "Workers Launched": 6,
          "Single Copy": false,
          "Plans": [
            {
              "Node Type": "Aggregate",
              "Strategy": "Plain",
              "Partial Mode": "Partial",
              "Parent Relationship": "Outer",
              "Parallel Aware": false,
              "Startup Cost": 348508.83,
              "Total Cost": 348508.84,
              "Plan Rows": 1,
              "Plan Width": 8,
              "Actual Startup Time": 738.958,
              "Actual Total Time": 738.959,
              "Actual Rows": 1,
              "Actual Loops": 7,
              "Plans": [
                {
                  "Node Type": "Seq Scan",
                  "Parent Relationship": "Outer",
                  "Parallel Aware": true,
                  "Relation Name": "cast_info",
                  "Alias": "ci",
                  "Startup Cost": 0.0,
                  "Total Cost": 343257.03,
                  "Plan Rows": 2100722,
                  "Plan Width": 0,
                  "Actual Startup Time": 342.796,
                  "Actual Total Time": 657.309,
                  "Actual Rows": 1965201,
                  "Actual Loops": 7,
                  "Filter": "((person_id > 835173) AND (role_id > 2))",
                  "Rows Removed by Filter": 3212562
                }
              ]
            }
          ]
        }
      ]
    },
    "Planning Time": 0.206,
    "Triggers": [],
    "Execution Time": 806.784
  }
]