[
  {
    "Plan": {
      "Node Type": "Aggregate",
      "Strategy": "Plain",
      "Partial Mode": "Simple",
      "Parallel Aware": false,
      "Startup Cost": 1253815.26,
      "Total Cost": 1253815.27,
      "Plan Rows": 1,
      "Plan Width": 128,
      "Actual Startup Time": 11522.542,
      "Actual Total Time": 11522.875,
      "Actual Rows": 1,
      "Actual Loops": 1,
      "Plans": [
        {
          "Node Type": "Merge Join",
          "Parent Relationship": "Outer",
          "Parallel Aware": false,
          "Join Type": "Inner",
          "Startup Cost": 1065651.44,
          "Total Cost": 1253815.25,
          "Plan Rows": 1,
          "Plan Width": 81,
          "Actual Startup Time": 9481.165,
          "Actual Total Time": 11522.594,
          "Actual Rows": 1273,
          "Actual Loops": 1,
          "Inner Unique": false,
          "Merge Cond": "(n.id = ci.person_id)",
          "Plans": [
            {
              "Node Type": "Index Scan",
              "Parent Relationship": "Outer",
              "Parallel Aware": false,
              "Scan Direction": "Forward",
              "Index Name": "name_pkey",
              "Relation Name": "name",
              "Alias": "n",
              "Startup Cost": 0.43,
              "Total Cost": 188590.4,
              "Plan Rows": 1751705,
              "Plan Width": 19,
              "Actual Startup Time": 0.024,
              "Actual Total Time": 1966.45,
              "Actual Rows": 1739579,
              "Actual Loops": 1,
              "Filter": "((gender)::text = 'm'::text)",
              "Rows Removed by Filter": 2427912
            },
            {
              "Node Type": "Sort",
              "Parent Relationship": "Inner",
              "Parallel Aware": false,
              "Startup Cost": 1065627.65,
              "Total Cost": 1065627.66,
              "Plan Rows": 1,
              "Plan Width": 70,
              "Actual Startup Time": 9470.66,
              "Actual Total Time": 9471.202,
              "Actual Rows": 1274,
              "Actual Loops": 1,
              "Sort Key": [
                "ci.person_id"
              ],
              "Sort Method": "quicksort",
              "Sort Space Used": 171,
              "Sort Space Type": "Memory",
              "Plans": [
                {
                  "Node Type": "Merge Join",
                  "Parent Relationship": "Outer",
                  "Parallel Aware": false,
                  "Join Type": "Inner",
                  "Startup Cost": 945980.14,
                  "Total Cost": 1065627.64,
                  "Plan Rows": 1,
                  "Plan Width": 70,
                  "Actual Startup Time": 8704.271,
                  "Actual Total Time": 9470.366,
                  "Actual Rows": 1556,
                  "Actual Loops": 1,
                  "Inner Unique": false,
                  "Merge Cond": "(mi_idx.movie_id = t.id)",
                  "Plans": [
                    {
                      "Node Type": "Gather Merge",
                      "Parent Relationship": "Outer",
                      "Parallel Aware": false,
                      "Startup Cost": 439793.19,
                      "Total Cost": 442969.81,
                      "Plan Rows": 16427,
                      "Plan Width": 18,
                      "Actual Startup Time": 2104.284,
                      "Actual Total Time": 2251.043,
                      "Actual Rows": 332103,
                      "Actual Loops": 1,
                      "Workers Planned": 6,
                      "Workers Launched": 6,
                      "Plans": [
                        {
                          "Node Type": "Merge Join",
                          "Parent Relationship": "Outer",
                          "Parallel Aware": false,
                          "Join Type": "Inner",
                          "Startup Cost": 438793.09,
                          "Total Cost": 439973.23,
                          "Plan Rows": 2738,
                          "Plan Width": 18,
                          "Actual Startup Time": 2052.899,
                          "Actual Total Time": 2228.607,
                          "Actual Rows": 47626,
                          "Actual Loops": 7,
                          "Inner Unique": false,
                          "Merge Cond": "(ci.movie_id = mi_idx.movie_id)",
                          "Plans": [
                            {
                              "Node Type": "Sort",
                              "Parent Relationship": "Outer",
                              "Parallel Aware": false,
                              "Startup Cost": 370261.84,
                              "Total Cost": 370807.78,
                              "Plan Rows": 218376,
                              "Plan Width": 8,
                              "Actual Startup Time": 1440.273,
                              "Actual Total Time": 1467.671,
                              "Actual Rows": 177756,
                              "Actual Loops": 7,
                              "Sort Key": [
                                "ci.movie_id"
                              ],
                              "Sort Method": "quicksort",
                              "Sort Space Used": 13995,
                              "Sort Space Type": "Memory",
                              "Workers": [
                                {
                                  "Worker Number": 0,
                                  "Sort Method": "quicksort",
                                  "Sort Space Used": 13789,
                                  "Sort Space Type": "Memory"
                                },
                                {
                                  "Worker Number": 1,
                                  "Sort Method": "quicksort",
                                  "Sort Space Used": 16009,
                                  "Sort Space Type": "Memory"
                                },
                                {
                                  "Worker Number": 2,
                                  "Sort Method": "quicksort",
                                  "Sort Space Used": 13907,
                                  "Sort Space Type": "Memory"
                                },
                                {
                                  "Worker Number": 3,
                                  "Sort Method": "quicksort",
                                  "Sort Space Used": 13847,
                                  "Sort Space Type": "Memory"
                                },
                                {
                                  "Worker Number": 4,
                                  "Sort Method": "quicksort",
                                  "Sort Space Used": 15925,
                                  "Sort Space Type": "Memory"
                                },
                                {
                                  "Worker Number": 5,
                                  "Sort Method": "quicksort",
                                  "Sort Space Used": 13885,
                                  "Sort Space Type": "Memory"
                                }
                              ],
                              "Plans": [
                                {
                                  "Node Type": "Seq Scan",
                                  "Parent Relationship": "Outer",
                                  "Parallel Aware": true,
                                  "Relation Name": "cast_info",
                                  "Alias": "ci",
                                  "Startup Cost": 0.0,
                                  "Total Cost": 350895.76,
                                  "Plan Rows": 218376,
                                  "Plan Width": 8,
                                  "Actual Startup Time": 154.778,
                                  "Actual Total Time": 1354.899,
                                  "Actual Rows": 177817,
                                  "Actual Loops": 7,
                                  "Filter": "(note = ANY ('{(writer),\"(head writer)\",\"(written by)\",(story),\"(story editor)\"}'::text[]))",
                                  "Rows Removed by Filter": 4999947
                                }
                              ]
                            },
                            {
                              "Node Type": "Sort",
                              "Parent Relationship": "Inner",
                              "Parallel Aware": false,
                              "Startup Cost": 68531.25,
                              "Total Cost": 68561.78,
                              "Plan Rows": 12213,
                              "Plan Width": 10,
                              "Actual Startup Time": 612.593,
                              "Actual Total Time": 657.359,
                              "Actual Rows": 466602,
                              "Actual Loops": 7,
                              "Sort Key": [
                                "mi_idx.movie_id"
                              ],
                              "Sort Method": "quicksort",
                              "Sort Space Used": 33847,
                              "Sort Space Type": "Memory",
                              "Workers": [
                                {
                                  "Worker Number": 0,
                                  "Sort Method": "quicksort",
                                  "Sort Space Used": 33847,
                                  "Sort Space Type": "Memory"
                                },
                                {
                                  "Worker Number": 1,
                                  "Sort Method": "quicksort",
                                  "Sort Space Used": 33847,
                                  "Sort Space Type": "Memory"
                                },
                                {
                                  "Worker Number": 2,
                                  "Sort Method": "quicksort",
                                  "Sort Space Used": 33847,
                                  "Sort Space Type": "Memory"
                                },
                                {
                                  "Worker Number": 3,
                                  "Sort Method": "quicksort",
                                  "Sort Space Used": 33847,
                                  "Sort Space Type": "Memory"
                                },
                                {
                                  "Worker Number": 4,
                                  "Sort Method": "quicksort",
                                  "Sort Space Used": 33847,
                                  "Sort Space Type": "Memory"
                                },
                                {
                                  "Worker Number": 5,
                                  "Sort Method": "quicksort",
                                  "Sort Space Used": 33847,
                                  "Sort Space Type": "Memory"
                                }
                              ],
                              "Plans": [
                                {
                                  "Node Type": "Merge Join",
                                  "Parent Relationship": "Outer",
                                  "Parallel Aware": false,
                                  "Join Type": "Inner",
                                  "Startup Cost": 2.86,
                                  "Total Cost": 67702.22,
                                  "Plan Rows": 12213,
                                  "Plan Width": 10,
                                  "Actual Startup Time": 254.113,
                                  "Actual Total Time": 451.216,
                                  "Actual Rows": 459925,
                                  "Actual Loops": 7,
                                  "Inner Unique": true,
                                  "Merge Cond": "(mi_idx.info_type_id = it2.id)",
                                  "Plans": [
                                    {
                                      "Node Type": "Index Scan",
                                      "Parent Relationship": "Outer",
                                      "Parallel Aware": false,
                                      "Scan Direction": "Forward",
                                      "Index Name": "info_type_id_movie_info_idx",
                                      "Relation Name": "movie_info_idx",
                                      "Alias": "mi_idx",
                                      "Startup Cost": 0.43,
                                      "Total Cost": 64127.57,
                                      "Plan Rows": 1380035,
                                      "Plan Width": 14,
                                      "Actual Startup Time": 0.117,
                                      "Actual Total Time": 319.88,
                                      "Actual Rows": 919851,
                                      "Actual Loops": 7
                                    },
                                    {
                                      "Node Type": "Sort",
                                      "Parent Relationship": "Inner",
                                      "Parallel Aware": false,
                                      "Startup Cost": 2.42,
                                      "Total Cost": 2.43,
                                      "Plan Rows": 1,
                                      "Plan Width": 4,
                                      "Actual Startup Time": 0.093,
                                      "Actual Total Time": 0.096,
                                      "Actual Rows": 1,
                                      "Actual Loops": 7,
                                      "Sort Key": [
                                        "it2.id"
                                      ],
                                      "Sort Method": "quicksort",
                                      "Sort Space Used": 25,
                                      "Sort Space Type": "Memory",
                                      "Workers": [
                                        {
                                          "Worker Number": 0,
                                          "Sort Method": "quicksort",
                                          "Sort Space Used": 25,
                                          "Sort Space Type": "Memory"
                                        },
                                        {
                                          "Worker Number": 1,
                                          "Sort Method": "quicksort",
                                          "Sort Space Used": 25,
                                          "Sort Space Type": "Memory"
                                        },
                                        {
                                          "Worker Number": 2,
                                          "Sort Method": "quicksort",
                                          "Sort Space Used": 25,
                                          "Sort Space Type": "Memory"
                                        },
                                        {
                                          "Worker Number": 3,
                                          "Sort Method": "quicksort",
                                          "Sort Space Used": 25,
                                          "Sort Space Type": "Memory"
                                        },
                                        {
                                          "Worker Number": 4,
                                          "Sort Method": "quicksort",
                                          "Sort Space Used": 25,
                                          "Sort Space Type": "Memory"
                                        },
                                        {
                                          "Worker Number": 5,
                                          "Sort Method": "quicksort",
                                          "Sort Space Used": 25,
                                          "Sort Space Type": "Memory"
                                        }
                                      ],
                                      "Plans": [
                                        {
                                          "Node Type": "Seq Scan",
                                          "Parent Relationship": "Outer",
                                          "Parallel Aware": false,
                                          "Relation Name": "info_type",
                                          "Alias": "it2",
                                          "Startup Cost": 0.0,
                                          "Total Cost": 2.41,
                                          "Plan Rows": 1,
                                          "Plan Width": 4,
                                          "Actual Startup Time": 0.077,
                                          "Actual Total Time": 0.079,
                                          "Actual Rows": 1,
                                          "Actual Loops": 7,
                                          "Filter": "((info)::text = 'votes'::text)",
                                          "Rows Removed by Filter": 112
                                        }
                                      ]
                                    }
                                  ]
                                }
                              ]
                            }
                          ]
                        }
                      ]
                    },
                    {
                      "Node Type": "Materialize",
                      "Parent Relationship": "Inner",
                      "Parallel Aware": false,
                      "Startup Cost": 506186.96,
                      "Total Cost": 622616.75,
                      "Plan Rows": 1,
                      "Plan Width": 76,
                      "Actual Startup Time": 6498.849,
                      "Actual Total Time": 7197.203,
                      "Actual Rows": 2201,
                      "Actual Loops": 1,
                      "Plans": [
                        {
                          "Node Type": "Merge Join",
                          "Parent Relationship": "Outer",
                          "Parallel Aware": false,
                          "Join Type": "Inner",
                          "Startup Cost": 506186.96,
                          "Total Cost": 622616.75,
                          "Plan Rows": 1,
                          "Plan Width": 76,
                          "Actual Startup Time": 6498.836,
                          "Actual Total Time": 7196.524,
                          "Actual Rows": 1528,
                          "Actual Loops": 1,
                          "Inner Unique": false,
                          "Merge Cond": "(t.id = mk.movie_id)",
                          "Plans": [
                            {
                              "Node Type": "Merge Join",
                              "Parent Relationship": "Outer",
                              "Parallel Aware": false,
                              "Join Type": "Inner",
                              "Startup Cost": 201475.51,
                              "Total Cost": 318060.12,
                              "Plan Rows": 744,
                              "Plan Width": 68,
                              "Actual Startup Time": 1888.301,
                              "Actual Total Time": 3761.923,
                              "Actual Rows": 71454,
                              "Actual Loops": 1,
                              "Inner Unique": false,
                              "Merge Cond": "(t.id = mi.movie_id)",
                              "Plans": [
                                {
                                  "Node Type": "Index Scan",
                                  "Parent Relationship": "Outer",
                                  "Parallel Aware": false,
                                  "Scan Direction": "Forward",
                                  "Index Name": "title_pkey",
                                  "Relation Name": "title",
                                  "Alias": "t",
                                  "Startup Cost": 0.43,
                                  "Total Cost": 110348.87,
                                  "Plan Rows": 2528252,
                                  "Plan Width": 21,
                                  "Actual Startup Time": 0.055,
                                  "Actual Total Time": 1677.294,
                                  "Actual Rows": 2514430,
                                  "Actual Loops": 1
                                },
                                {
                                  "Node Type": "Sort",
                                  "Parent Relationship": "Inner",
                                  "Parallel Aware": false,
                                  "Startup Cost": 201473.92,
                                  "Total Cost": 201475.78,
                                  "Plan Rows": 744,
                                  "Plan Width": 47,
                                  "Actual Startup Time": 1883.409,
                                  "Actual Total Time": 1891.8,
                                  "Actual Rows": 71454,
                                  "Actual Loops": 1,
                                  "Sort Key": [
                                    "mi.movie_id"
                                  ],
                                  "Sort Method": "quicksort",
                                  "Sort Space Used": 6460,
                                  "Sort Space Type": "Memory",
                                  "Plans": [
                                    {
                                      "Node Type": "Gather",
                                      "Parent Relationship": "Outer",
                                      "Parallel Aware": false,
                                      "Startup Cost": 201278.44,
                                      "Total Cost": 201438.44,
                                      "Plan Rows": 744,
                                      "Plan Width": 47,
                                      "Actual Startup Time": 1842.531,
                                      "Actual Total Time": 1859.832,
                                      "Actual Rows": 72258,
                                      "Actual Loops": 1,
                                      "Workers Planned": 5,
                                      "Workers Launched": 1,
                                      "Single Copy": false,
                                      "Plans": [
                                        {
                                          "Node Type": "Merge Join",
                                          "Parent Relationship": "Outer",
                                          "Parallel Aware": false,
                                          "Join Type": "Inner",
                                          "Startup Cost": 200278.44,
                                          "Total Cost": 200364.04,
                                          "Plan Rows": 149,
                                          "Plan Width": 47,
                                          "Actual Startup Time": 1836.006,
                                          "Actual Total Time": 1843.241,
                                          "Actual Rows": 36129,
                                          "Actual Loops": 2,
                                          "Inner Unique": true,
                                          "Merge Cond": "(mi.info_type_id = it1.id)",
                                          "Plans": [
                                            {
                                              "Node Type": "Sort",
                                              "Parent Relationship": "Outer",
                                              "Parallel Aware": false,
                                              "Startup Cost": 200276.02,
                                              "Total Cost": 200318.07,
                                              "Plan Rows": 16820,
                                              "Plan Width": 51,
                                              "Actual Startup Time": 1835.919,
                                              "Actual Total Time": 1837.589,
                                              "Actual Rows": 36130,
                                              "Actual Loops": 2,
                                              "Sort Key": [
                                                "mi.info_type_id"
                                              ],
                                              "Sort Method": "quicksort",
                                              "Sort Space Used": 2724,
                                              "Sort Space Type": "Memory",
                                              "Workers": [
                                                {
                                                  "Worker Number": 0,
                                                  "Sort Method": "quicksort",
                                                  "Sort Space Used": 4325,
                                                  "Sort Space Type": "Memory"
                                                }
                                              ],
                                              "Plans": [
                                                {
                                                  "Node Type": "Seq Scan",
                                                  "Parent Relationship": "Outer",
                                                  "Parallel Aware": true,
                                                  "Relation Name": "movie_info",
                                                  "Alias": "mi",
                                                  "Startup Cost": 0.0,
                                                  "Total Cost": 199095.43,
                                                  "Plan Rows": 16820,
                                                  "Plan Width": 51,
                                                  "Actual Startup Time": 1198.149,
                                                  "Actual Total Time": 1824.168,
                                                  "Actual Rows": 36524,
                                                  "Actual Loops": 2,
                                                  "Filter": "(info = ANY ('{Horror,Thriller}'::text[]))",
                                                  "Rows Removed by Filter": 7381336
                                                }
                                              ]
                                            },
                                            {
                                              "Node Type": "Sort",
                                              "Parent Relationship": "Inner",
                                              "Parallel Aware": false,
                                              "Startup Cost": 2.42,
                                              "Total Cost": 2.43,
                                              "Plan Rows": 1,
                                              "Plan Width": 4,
                                              "Actual Startup Time": 0.077,
                                              "Actual Total Time": 0.079,
                                              "Actual Rows": 1,
                                              "Actual Loops": 2,
                                              "Sort Key": [
                                                "it1.id"
                                              ],
                                              "Sort Method": "quicksort",
                                              "Sort Space Used": 25,
                                              "Sort Space Type": "Memory",
                                              "Workers": [
                                                {
                                                  "Worker Number": 0,
                                                  "Sort Method": "quicksort",
                                                  "Sort Space Used": 25,
                                                  "Sort Space Type": "Memory"
                                                }
                                              ],
                                              "Plans": [
                                                {
                                                  "Node Type": "Seq Scan",
                                                  "Parent Relationship": "Outer",
                                                  "Parallel Aware": false,
                                                  "Relation Name": "info_type",
                                                  "Alias": "it1",
                                                  "Startup Cost": 0.0,
                                                  "Total Cost": 2.41,
                                                  "Plan Rows": 1,
                                                  "Plan Width": 4,
                                                  "Actual Startup Time": 0.052,
                                                  "Actual Total Time": 0.059,
                                                  "Actual Rows": 1,
                                                  "Actual Loops": 2,
                                                  "Filter": "((info)::text = 'genres'::text)",
                                                  "Rows Removed by Filter": 112
                                                }
                                              ]
                                            }
                                          ]
                                        }
                                      ]
                                    }
                                  ]
                                }
                              ]
                            },
                            {
                              "Node Type": "Sort",
                              "Parent Relationship": "Inner",
                              "Parallel Aware": false,
                              "Startup Cost": 304711.45,
                              "Total Cost": 304711.46,
                              "Plan Rows": 1,
                              "Plan Width": 8,
                              "Actual Startup Time": 3429.477,
                              "Actual Total Time": 3429.957,
                              "Actual Rows": 1969,
                              "Actual Loops": 1,
                              "Sort Key": [
                                "mc.movie_id"
                              ],
                              "Sort Method": "quicksort",
                              "Sort Space Used": 121,
                              "Sort Space Type": "Memory",
                              "Plans": [
                                {
                                  "Node Type": "Gather",
                                  "Parent Relationship": "Outer",
                                  "Parallel Aware": false,
                                  "Startup Cost": 304707.48,
                                  "Total Cost": 304711.44,
                                  "Plan Rows": 1,
                                  "Plan Width": 8,
                                  "Actual Startup Time": 3427.108,
                                  "Actual Total Time": 3429.278,
                                  "Actual Rows": 1551,
                                  "Actual Loops": 1,
                                  "Workers Planned": 3,
                                  "Workers Launched": 0,
                                  "Single Copy": false,
                                  "Plans": [
                                    {
                                      "Node Type": "Merge Join",
                                      "Parent Relationship": "Outer",
                                      "Parallel Aware": false,
                                      "Join Type": "Inner",
                                      "Startup Cost": 303707.48,
                                      "Total Cost": 303711.34,
                                      "Plan Rows": 1,
                                      "Plan Width": 8,
                                      "Actual Startup Time": 3426.463,
                                      "Actual Total Time": 3428.484,
                                      "Actual Rows": 1551,
                                      "Actual Loops": 1,
                                      "Inner Unique": true,
                                      "Merge Cond": "(mk.keyword_id = k.id)",
                                      "Plans": [
                                        {
                                          "Node Type": "Sort",
                                          "Parent Relationship": "Outer",
                                          "Parallel Aware": false,
                                          "Startup Cost": 300242.68,
                                          "Total Cost": 300244.6,
                                          "Plan Rows": 765,
                                          "Plan Width": 12,
                                          "Actual Startup Time": 3398.183,
                                          "Actual Total Time": 3399.574,
                                          "Actual Rows": 10663,
                                          "Actual Loops": 1,
                                          "Sort Key": [
                                            "mk.keyword_id"
                                          ],
                                          "Sort Method": "quicksort",
                                          "Sort Space Used": 6481,
                                          "Sort Space Type": "Memory",
                                          "Plans": [
                                            {
                                              "Node Type": "Merge Join",
                                              "Parent Relationship": "Outer",
                                              "Parallel Aware": false,
                                              "Join Type": "Inner",
                                              "Startup Cost": 150064.74,
                                              "Total Cost": 300206.04,
                                              "Plan Rows": 765,
                                              "Plan Width": 12,
                                              "Actual Startup Time": 2326.202,
                                              "Actual Total Time": 3379.076,
                                              "Actual Rows": 72721,
                                              "Actual Loops": 1,
                                              "Inner Unique": false,
                                              "Merge Cond": "(mk.movie_id = mc.movie_id)",
                                              "Plans": [
                                                {
                                                  "Node Type": "Index Scan",
                                                  "Parent Relationship": "Outer",
                                                  "Parallel Aware": true,
                                                  "Scan Direction": "Forward",
                                                  "Index Name": "movie_id_movie_keyword",
                                                  "Relation Name": "movie_keyword",
                                                  "Alias": "mk",
                                                  "Startup Cost": 0.43,
                                                  "Total Cost": 146510.84,
                                                  "Plan Rows": 1459332,
                                                  "Plan Width": 8,
                                                  "Actual Startup Time": 0.022,
                                                  "Actual Total Time": 760.924,
                                                  "Actual Rows": 4485506,
                                                  "Actual Loops": 1
                                                },
                                                {
                                                  "Node Type": "Sort",
                                                  "Parent Relationship": "Inner",
                                                  "Parallel Aware": false,
                                                  "Startup Cost": 150064.31,
                                                  "Total Cost": 150064.95,
                                                  "Plan Rows": 255,
                                                  "Plan Width": 4,
                                                  "Actual Startup Time": 2316.683,
                                                  "Actual Total Time": 2319.879,
                                                  "Actual Rows": 73425,
                                                  "Actual Loops": 1,
                                                  "Sort Key": [
                                                    "mc.movie_id"
                                                  ],
                                                  "Sort Method": "quicksort",
                                                  "Sort Space Used": 134,
                                                  "Sort Space Type": "Memory",
                                                  "Plans": [
                                                    {
                                                      "Node Type": "Merge Join",
                                                      "Parent Relationship": "Outer",
                                                      "Parallel Aware": false,
                                                      "Join Type": "Inner",
                                                      "Startup Cost": 49.73,
                                                      "Total Cost": 150054.12,
                                                      "Plan Rows": 255,
                                                      "Plan Width": 4,
                                                      "Actual Startup Time": 969.443,
                                                      "Actual Total Time": 2316.096,
                                                      "Actual Rows": 1814,
                                                      "Actual Loops": 1,
                                                      "Inner Unique": false,
                                                      "Merge Cond": "(cn.id = mc.company_id)",
                                                      "Plans": [
                                                        {
                                                          "Node Type": "Index Scan",
                                                          "Parent Relationship": "Outer",
                                                          "Parallel Aware": false,
                                                          "Scan Direction": "Forward",
                                                          "Index Name": "company_name_pkey",
                                                          "Relation Name": "company_name",
                                                          "Alias": "cn",
                                                          "Startup Cost": 0.42,
                                                          "Total Cost": 12474.79,
                                                          "Plan Rows": 23,
                                                          "Plan Width": 4,
                                                          "Actual Startup Time": 12.744,
                                                          "Actual Total Time": 176.878,
                                                          "Actual Rows": 10,
                                                          "Actual Loops": 1,
                                                          "Filter": "(name ~~ 'Lionsgate%'::text)",
                                                          "Rows Removed by Filter": 234987
                                                        },
                                                        {
                                                          "Node Type": "Index Scan",
                                                          "Parent Relationship": "Inner",
                                                          "Parallel Aware": false,
                                                          "Scan Direction": "Forward",
                                                          "Index Name": "company_id_movie_companies",
                                                          "Relation Name": "movie_companies",
                                                          "Alias": "mc",
                                                          "Startup Cost": 0.43,
                                                          "Total Cost": 131053.9,
                                                          "Plan Rows": 2609129,
                                                          "Plan Width": 8,
                                                          "Actual Startup Time": 0.057,
                                                          "Actual Total Time": 1915.364,
                                                          "Actual Rows": 2562825,
                                                          "Actual Loops": 1
                                                        }
                                                      ]
                                                    }
                                                  ]
                                                }
                                              ]
                                            }
                                          ]
                                        },
                                        {
                                          "Node Type": "Sort",
                                          "Parent Relationship": "Inner",
                                          "Parallel Aware": false,
                                          "Startup Cost": 3464.79,
                                          "Total Cost": 3464.8,
                                          "Plan Rows": 7,
                                          "Plan Width": 4,
                                          "Actual Startup Time": 27.889,
                                          "Actual Total Time": 27.891,
                                          "Actual Rows": 7,
                                          "Actual Loops": 1,
                                          "Sort Key": [
                                            "k.id"
                                          ],
                                          "Sort Method": "quicksort",
                                          "Sort Space Used": 25,
                                          "Sort Space Type": "Memory",
                                          "Plans": [
                                            {
                                              "Node Type": "Seq Scan",
                                              "Parent Relationship": "Outer",
                                              "Parallel Aware": false,
                                              "Relation Name": "keyword",
                                              "Alias": "k",
                                              "Startup Cost": 0.0,
                                              "Total Cost": 3464.69,
                                              "Plan Rows": 7,
                                              "Plan Width": 4,
                                              "Actual Startup Time": 0.829,
                                              "Actual Total Time": 27.872,
                                              "Actual Rows": 7,
                                              "Actual Loops": 1,
                                              "Filter": "(keyword = ANY ('{murder,violence,blood,gore,death,female-nudity,hospital}'::text[]))",
                                              "Rows Removed by Filter": 134163
                                            }
                                          ]
                                        }
                                      ]
                                    }
                                  ]
                                }
                              ]
                            }
                          ]
                        }
                      ]
                    }
                  ]
                }
              ]
            }
          ]
        }
      ]
    },
    "Planning Time": 73.948,
    "Triggers": [],
    "Execution Time": 11528.785
  }
]