[
  {
    "Plan": {
      "Node Type": "Aggregate",
      "Strategy": "Plain",
      "Partial Mode": "Finalize",
      "Parallel Aware": false,
      "Startup Cost": 9615.66,
      "Total Cost": 9615.67,
      "Plan Rows": 1,
      "Plan Width": 8,
      "Actual Startup Time": 32.198,
      "Actual Total Time": 33.998,
      "Actual Rows": 1,
      "Actual Loops": 1,
      "Plans": [
        {
          "Node Type": "Gather",
          "Parent Relationship": "Outer",
          "Parallel Aware": false,
          "Startup Cost": 9615.35,
          "Total Cost": 9615.66,
          "Plan Rows": 3,
          "Plan Width": 8,
          "Actual Startup Time": 32.039,
          "Actual Total Time": 33.982,
          "Actual Rows": 4,
          "Actual Loops": 1,
          "Workers Planned": 3,
          "Workers Launched": 3,
          "Single Copy": false,
          "Plans": [
            {
              "Node Type": "Aggregate",
              "Strategy": "Plain",
              "Partial Mode": "Partial",
              "Parent Relationship": "Outer",
              "Parallel Aware": false,
              "Startup Cost": 8615.35,
              "Total Cost": 8615.36,
              "Plan Rows": 1,
              "Plan Width": 8,
              "Actual Startup Time": 25.264,
              "Actual Total Time": 25.265,
              "Actual Rows": 1,
              "Actual Loops": 4,
              "Plans": [
                {
                  "Node Type": "Index Scan",
                  "Parent Relationship": "Outer",
                  "Parallel Aware": true,
                  "Scan Direction": "Forward",
                  "Index Name": "role_id_cast_info",
                  "Relation Name": "cast_info",
                  "Alias": "ci",
                  "Startup Cost": 0.56,
                  "Total Cost": 8600.37,
                  "Plan Rows": 5990,
                  "Plan Width": 0,
                  "Actual Startup Time": 0.137,
                  "Actual Total Time": 24.965,
                  "Actual Rows": 2004,
                  "Actual Loops": 4,
                  "Index Cond": "(role_id > 10)",
                  "Rows Removed by Index Recheck": 0,
                  "Filter": "(person_id < 220294)",
                  "Rows Removed by Filter": 77026
                }
              ]
            }
          ]
        }
      ]
    },
    "Planning Time": 0.236,
    "Triggers": [],
    "Execution Time": 34.072
  }
]