[
  {
    "Plan": {
      "Node Type": "Aggregate",
      "Strategy": "Plain",
      "Partial Mode": "Finalize",
      "Parallel Aware": false,
      "Startup Cost": 307845.75,
      "Total Cost": 307845.76,
      "Plan Rows": 1,
      "Plan Width": 8,
      "Actual Startup Time": 734.458,
      "Actual Total Time": 772.533,
      "Actual Rows": 1,
      "Actual Loops": 1,
      "Plans": [
        {
          "Node Type": "Gather",
          "Parent Relationship": "Outer",
          "Parallel Aware": false,
          "Startup Cost": 307845.43,
          "Total Cost": 307845.74,
          "Plan Rows": 3,
          "Plan Width": 8,
          "Actual Startup Time": 728.348,
          "Actual Total Time": 772.522,
          "Actual Rows": 4,
          "Actual Loops": 1,
          "Workers Planned": 3,
          "Workers Launched": 3,
          "Single Copy": false,
          "Plans": [
            {
              "Node Type": "Aggregate",
              "Strategy": "Plain",
              "Partial Mode": "Partial",
              "Parent Relationship": "Outer",
              "Parallel Aware": false,
              "Startup Cost": 306845.43,
              "Total Cost": 306845.44,
              "Plan Rows": 1,
              "Plan Width": 8,
              "Actual Startup Time": 719.524,
              "Actual Total Time": 719.531,
              "Actual Rows": 1,
              "Actual Loops": 4,
              "Plans": [
                {
                  "Node Type": "Hash Join",
                  "Parent Relationship": "Outer",
                  "Parallel Aware": true,
                  "Join Type": "Inner",
                  "Startup Cost": 258428.51,
                  "Total Cost": 305204.08,
                  "Plan Rows": 656541,
                  "Plan Width": 0,
                  "Actual Startup Time": 573.102,
                  "Actual Total Time": 719.493,
                  "Actual Rows": 372,
                  "Actual Loops": 4,
                  "Inner Unique": false,
                  "Hash Cond": "(mk.movie_id = t.id)",
                  "Plans": [
                    {
                      "Node Type": "Seq Scan",
                      "Parent Relationship": "Outer",
                      "Parallel Aware": true,
                      "Relation Name": "movie_keyword",
                      "Alias": "mk",
                      "Startup Cost": 0.0,
                      "Total Cost": 42695.65,
                      "Plan Rows": 796182,
                      "Plan Width": 4,
                      "Actual Startup Time": 0.251,
                      "Actual Total Time": 100.382,
                      "Actual Rows": 616299,
                      "Actual Loops": 4,
                      "Filter": "(keyword_id > 3660)",
                      "Rows Removed by Filter": 514683
                    },
                    {
                      "Node Type": "Hash",
                      "Parent Relationship": "Inner",
                      "Parallel Aware": true,
                      "Startup Cost": 254084.84,
                      "Total Cost": 254084.84,
                      "Plan Rows": 347494,
                      "Plan Width": 8,
                      "Actual Startup Time": 566.207,
                      "Actual Total Time": 566.212,
                      "Actual Rows": 474,
                      "Actual Loops": 4,
                      "Hash Buckets": 2097152,
                      "Original Hash Buckets": 2097152,
                      "Hash Batches": 1,
                      "Original Hash Batches": 1,
                      "Peak Memory Usage": 16512,
                      "Plans": [
                        {
                          "Node Type": "Hash Join",
                          "Parent Relationship": "Outer",
                          "Parallel Aware": true,
                          "Join Type": "Inner",
                          "Startup Cost": 50861.35,
                          "Total Cost": 254084.84,
                          "Plan Rows": 347494,
                          "Plan Width": 8,
                          "Actual Startup Time": 276.659,
                          "Actual Total Time": 556.571,
                          "Actual Rows": 474,
                          "Actual Loops": 4,
                          "Inner Unique": true,
                          "Hash Cond": "(ci.movie_id = t.id)",
                          "Plans": [
                            {
                              "Node Type": "Index Scan",
                              "Parent Relationship": "Outer",
                              "Parallel Aware": true,
                              "Scan Direction": "Forward",
                              "Index Name": "role_id_cast_info",
                              "Relation Name": "cast_info",
                              "Alias": "ci",
                              "Startup Cost": 0.56,
                              "Total Cost": 201884.69,
                              "Plan Rows": 510232,
                              "Plan Width": 4,
                              "Actual Startup Time": 3.482,
                              "Actual Total Time": 280.552,
                              "Actual Rows": 665,
                              "Actual Loops": 4,
                              "Index Cond": "(role_id = 2)",
                              "Rows Removed by Index Recheck": 0,
                              "Filter": "(person_id < 1469753)",
                              "Rows Removed by Filter": 1862328
                            },
                            {
                              "Node Type": "Hash",
                              "Parent Relationship": "Inner",
                              "Parallel Aware": true,
                              "Startup Cost": 45479.59,
                              "Total Cost": 45479.59,
                              "Plan Rows": 430496,
                              "Plan Width": 4,
                              "Actual Startup Time": 269.364,
                              "Actual Total Time": 269.365,
                              "Actual Rows": 427313,
                              "Actual Loops": 4,
                              "Hash Buckets": 2097152,
                              "Original Hash Buckets": 2097152,
                              "Hash Batches": 1,
                              "Original Hash Batches": 1,
                              "Peak Memory Usage": 83296,
                              "Plans": [
                                {
                                  "Node Type": "Seq Scan",
                                  "Parent Relationship": "Outer",
                                  "Parallel Aware": true,
                                  "Relation Name": "title",
                                  "Alias": "t",
                                  "Startup Cost": 0.0,
                                  "Total Cost": 45479.59,
                                  "Plan Rows": 430496,
                                  "Plan Width": 4,
                                  "Actual Startup Time": 0.056,
                                  "Actual Total Time": 111.332,
                                  "Actual Rows": 427313,
                                  "Actual Loops": 4,
                                  "Filter": "((kind_id > 2) AND (production_year > 0))",
                                  "Rows Removed by Filter": 204765
                                }
                              ]
                            }
                          ]
                        }
                      ]
                    }
                  ]
                }
              ]
            }
          ]
        }
      ]
    },
    "Planning Time": 0.765,
    "Triggers": [],
    "Execution Time": 772.598
  }
]