[
    {
        "Bao": {
            "Bao prediction": 40.23,
            "Bao recommended hint": "(no hint)"
        }
    },
    {
        "Plan": {
            "Node Type": "Aggregate",
            "Strategy": "Plain",
            "Partial Mode": "Simple",
            "Parallel Aware": false,
            "Startup Cost": 3831.23,
            "Total Cost": 3831.24,
            "Plan Rows": 1,
            "Plan Width": 192,
            "Actual Startup Time": 210.834,
            "Actual Total Time": 210.924,
            "Actual Rows": 1,
            "Actual Loops": 1,
            "Output": [
                "min(cn1.name)",
                "min(cn2.name)",
                "min(mi_idx1.info)",
                "min(mi_idx2.info)",
                "min(t1.title)",
                "min(t2.title)"
            ],
            "Plans": [
                {
                    "Node Type": "Nested Loop",
                    "Parent Relationship": "Outer",
                    "Parallel Aware": false,
                    "Join Type": "Inner",
                    "Startup Cost": 878.22,
                    "Total Cost": 3831.21,
                    "Plan Rows": 1,
                    "Plan Width": 82,
                    "Actual Startup Time": 56.786,
                    "Actual Total Time": 210.831,
                    "Actual Rows": 8,
                    "Actual Loops": 1,
                    "Output": [
                        "cn1.name",
                        "cn2.name",
                        "mi_idx1.info",
                        "mi_idx2.info",
                        "t1.title",
                        "t2.title"
                    ],
                    "Inner Unique": true,
                    "Plans": [
                        {
                            "Node Type": "Nested Loop",
                            "Parent Relationship": "Outer",
                            "Parallel Aware": false,
                            "Join Type": "Inner",
                            "Startup Cost": 878.09,
                            "Total Cost": 3831.04,
                            "Plan Rows": 1,
                            "Plan Width": 86,
                            "Actual Startup Time": 56.235,
                            "Actual Total Time": 210.255,
                            "Actual Rows": 8,
                            "Actual Loops": 1,
                            "Output": [
                                "cn1.name",
                                "mi_idx1.info",
                                "mi_idx2.info",
                                "cn2.name",
                                "t1.title",
                                "t2.title",
                                "t2.kind_id"
                            ],
                            "Inner Unique": true,
                            "Plans": [
                                {
                                    "Node Type": "Nested Loop",
                                    "Parent Relationship": "Outer",
                                    "Parallel Aware": false,
                                    "Join Type": "Inner",
                                    "Startup Cost": 877.67,
                                    "Total Cost": 3830.6,
                                    "Plan Rows": 1,
                                    "Plan Width": 71,
                                    "Actual Startup Time": 56.217,
                                    "Actual Total Time": 210.164,
                                    "Actual Rows": 8,
                                    "Actual Loops": 1,
                                    "Output": [
                                        "cn1.name",
                                        "mi_idx1.info",
                                        "mi_idx2.info",
                                        "mc2.company_id",
                                        "t1.title",
                                        "t2.title",
                                        "t2.kind_id"
                                    ],
                                    "Inner Unique": true,
                                    "Plans": [
                                        {
                                            "Node Type": "Nested Loop",
                                            "Parent Relationship": "Outer",
                                            "Parallel Aware": false,
                                            "Join Type": "Inner",
                                            "Startup Cost": 877.25,
                                            "Total Cost": 3830.15,
                                            "Plan Rows": 1,
                                            "Plan Width": 56,
                                            "Actual Startup Time": 55.972,
                                            "Actual Total Time": 209.251,
                                            "Actual Rows": 28,
                                            "Actual Loops": 1,
                                            "Output": [
                                                "mi_idx1.info",
                                                "mc1.company_id",
                                                "mi_idx2.info",
                                                "mc2.company_id",
                                                "t1.title",
                                                "t2.title",
                                                "t2.kind_id"
                                            ],
                                            "Inner Unique": false,
                                            "Plans": [
                                                {
                                                    "Node Type": "Nested Loop",
                                                    "Parent Relationship": "Outer",
                                                    "Parallel Aware": false,
                                                    "Join Type": "Inner",
                                                    "Startup Cost": 876.82,
                                                    "Total Cost": 3829.54,
                                                    "Plan Rows": 1,
                                                    "Plan Width": 64,
                                                    "Actual Startup Time": 55.908,
                                                    "Actual Total Time": 208.309,
                                                    "Actual Rows": 10,
                                                    "Actual Loops": 1,
                                                    "Output": [
                                                        "mi_idx1.info",
                                                        "mi_idx1.movie_id",
                                                        "mi_idx2.info",
                                                        "mc2.company_id",
                                                        "ml.movie_id",
                                                        "t1.title",
                                                        "t1.id",
                                                        "t2.title",
                                                        "t2.kind_id"
                                                    ],
                                                    "Inner Unique": true,
                                                    "Join Filter": "(ml.linked_movie_id = t2.id)",
                                                    "Rows Removed by Join Filter": 0,
                                                    "Plans": [
                                                        {
                                                            "Node Type": "Nested Loop",
                                                            "Parent Relationship": "Outer",
                                                            "Parallel Aware": false,
                                                            "Join Type": "Inner",
                                                            "Startup Cost": 876.39,
                                                            "Total Cost": 3829.01,
                                                            "Plan Rows": 1,
                                                            "Plan Width": 55,
                                                            "Actual Startup Time": 55.836,
                                                            "Actual Total Time": 204.189,
                                                            "Actual Rows": 54,
                                                            "Actual Loops": 1,
                                                            "Output": [
                                                                "mi_idx1.info",
                                                                "mi_idx1.movie_id",
                                                                "mi_idx2.info",
                                                                "mi_idx2.movie_id",
                                                                "mc2.company_id",
                                                                "mc2.movie_id",
                                                                "ml.movie_id",
                                                                "ml.linked_movie_id",
                                                                "t1.title",
                                                                "t1.id"
                                                            ],
                                                            "Inner Unique": false,
                                                            "Join Filter": "(ml.linked_movie_id = mc2.movie_id)",
                                                            "Rows Removed by Join Filter": 0,
                                                            "Plans": [
                                                                {
                                                                    "Node Type": "Hash Join",
                                                                    "Parent Relationship": "Outer",
                                                                    "Parallel Aware": false,
                                                                    "Join Type": "Inner",
                                                                    "Startup Cost": 875.96,
                                                                    "Total Cost": 3828.26,
                                                                    "Plan Rows": 1,
                                                                    "Plan Width": 47,
                                                                    "Actual Startup Time": 55.609,
                                                                    "Actual Total Time": 200.952,
                                                                    "Actual Rows": 28,
                                                                    "Actual Loops": 1,
                                                                    "Output": [
                                                                        "mi_idx1.info",
                                                                        "mi_idx1.movie_id",
                                                                        "mi_idx2.info",
                                                                        "mi_idx2.movie_id",
                                                                        "ml.movie_id",
                                                                        "ml.linked_movie_id",
                                                                        "t1.title",
                                                                        "t1.id"
                                                                    ],
                                                                    "Inner Unique": true,
                                                                    "Hash Cond": "(mi_idx2.info_type_id = it2.id)",
                                                                    "Plans": [
                                                                        {
                                                                            "Node Type": "Nested Loop",
                                                                            "Parent Relationship": "Outer",
                                                                            "Parallel Aware": false,
                                                                            "Join Type": "Inner",
                                                                            "Startup Cost": 873.53,
                                                                            "Total Cost": 3825.77,
                                                                            "Plan Rows": 25,
                                                                            "Plan Width": 51,
                                                                            "Actual Startup Time": 31.91,
                                                                            "Actual Total Time": 200.145,
                                                                            "Actual Rows": 1623,
                                                                            "Actual Loops": 1,
                                                                            "Output": [
                                                                                "mi_idx1.info",
                                                                                "mi_idx1.movie_id",
                                                                                "ml.movie_id",
                                                                                "ml.linked_movie_id",
                                                                                "mi_idx2.info",
                                                                                "mi_idx2.info_type_id",
                                                                                "mi_idx2.movie_id",
                                                                                "t1.title",
                                                                                "t1.id"
                                                                            ],
                                                                            "Inner Unique": false,
                                                                            "Plans": [
                                                                                {
                                                                                    "Node Type": "Hash Join",
                                                                                    "Parent Relationship": "Outer",
                                                                                    "Parallel Aware": false,
                                                                                    "Join Type": "Inner",
                                                                                    "Startup Cost": 873.11,
                                                                                    "Total Cost": 3782.79,
                                                                                    "Plan Rows": 18,
                                                                                    "Plan Width": 38,
                                                                                    "Actual Startup Time": 31.772,
                                                                                    "Actual Total Time": 153.352,
                                                                                    "Actual Rows": 1220,
                                                                                    "Actual Loops": 1,
                                                                                    "Output": [
                                                                                        "mi_idx1.info",
                                                                                        "mi_idx1.movie_id",
                                                                                        "ml.movie_id",
                                                                                        "ml.linked_movie_id",
                                                                                        "t1.title",
                                                                                        "t1.id"
                                                                                    ],
                                                                                    "Inner Unique": true,
                                                                                    "Hash Cond": "(t1.kind_id = kt1.id)",
                                                                                    "Plans": [
                                                                                        {
                                                                                            "Node Type": "Nested Loop",
                                                                                            "Parent Relationship": "Outer",
                                                                                            "Parallel Aware": false,
                                                                                            "Join Type": "Inner",
                                                                                            "Startup Cost": 872.01,
                                                                                            "Total Cost": 3781.16,
                                                                                            "Plan Rows": 125,
                                                                                            "Plan Width": 42,
                                                                                            "Actual Startup Time": 31.568,
                                                                                            "Actual Total Time": 152.55,
                                                                                            "Actual Rows": 2064,
                                                                                            "Actual Loops": 1,
                                                                                            "Output": [
                                                                                                "mi_idx1.info",
                                                                                                "mi_idx1.movie_id",
                                                                                                "ml.movie_id",
                                                                                                "ml.linked_movie_id",
                                                                                                "t1.title",
                                                                                                "t1.id",
                                                                                                "t1.kind_id"
                                                                                            ],
                                                                                            "Inner Unique": true,
                                                                                            "Join Filter": "(ml.movie_id = t1.id)",
                                                                                            "Rows Removed by Join Filter": 0,
                                                                                            "Plans": [
                                                                                                {
                                                                                                    "Node Type": "Hash Join",
                                                                                                    "Parent Relationship": "Outer",
                                                                                                    "Parallel Aware": false,
                                                                                                    "Join Type": "Inner",
                                                                                                    "Startup Cost": 871.58,
                                                                                                    "Total Cost": 3707.36,
                                                                                                    "Plan Rows": 125,
                                                                                                    "Plan Width": 17,
                                                                                                    "Actual Startup Time": 31.405,
                                                                                                    "Actual Total Time": 95.793,
                                                                                                    "Actual Rows": 2064,
                                                                                                    "Actual Loops": 1,
                                                                                                    "Output": [
                                                                                                        "mi_idx1.info",
                                                                                                        "mi_idx1.movie_id",
                                                                                                        "ml.movie_id",
                                                                                                        "ml.linked_movie_id"
                                                                                                    ],
                                                                                                    "Inner Unique": true,
                                                                                                    "Hash Cond": "(mi_idx1.info_type_id = it1.id)",
                                                                                                    "Plans": [
                                                                                                        {
                                                                                                            "Node Type": "Merge Join",
                                                                                                            "Parent Relationship": "Outer",
                                                                                                            "Parallel Aware": false,
                                                                                                            "Join Type": "Inner",
                                                                                                            "Startup Cost": 869.15,
                                                                                                            "Total Cost": 3666.41,
                                                                                                            "Plan Rows": 14144,
                                                                                                            "Plan Width": 21,
                                                                                                            "Actual Startup Time": 30.706,
                                                                                                            "Actual Total Time": 94.06,
                                                                                                            "Actual Rows": 6192,
                                                                                                            "Actual Loops": 1,
                                                                                                            "Output": [
                                                                                                                "ml.movie_id",
                                                                                                                "ml.linked_movie_id",
                                                                                                                "mi_idx1.info",
                                                                                                                "mi_idx1.info_type_id",
                                                                                                                "mi_idx1.movie_id"
                                                                                                            ],
                                                                                                            "Inner Unique": false,
                                                                                                            "Merge Cond": "(mi_idx1.movie_id = ml.movie_id)",
                                                                                                            "Plans": [
                                                                                                                {
                                                                                                                    "Node Type": "Index Scan",
                                                                                                                    "Parent Relationship": "Outer",
                                                                                                                    "Parallel Aware": false,
                                                                                                                    "Scan Direction": "Forward",
                                                                                                                    "Index Name": "movie_id_movie_info_idx",
                                                                                                                    "Relation Name": "movie_info_idx",
                                                                                                                    "Schema": "public",
                                                                                                                    "Alias": "mi_idx1",
                                                                                                                    "Startup Cost": 0.43,
                                                                                                                    "Total Cost": 53630.81,
                                                                                                                    "Plan Rows": 1380035,
                                                                                                                    "Plan Width": 13,
                                                                                                                    "Actual Startup Time": 0.378,
                                                                                                                    "Actual Total Time": 53.927,
                                                                                                                    "Actual Rows": 63901,
                                                                                                                    "Actual Loops": 1,
                                                                                                                    "Output": [
                                                                                                                        "mi_idx1.id",
                                                                                                                        "mi_idx1.movie_id",
                                                                                                                        "mi_idx1.info_type_id",
                                                                                                                        "mi_idx1.info",
                                                                                                                        "mi_idx1.note"
                                                                                                                    ]
                                                                                                                },
                                                                                                                {
                                                                                                                    "Node Type": "Sort",
                                                                                                                    "Parent Relationship": "Inner",
                                                                                                                    "Parallel Aware": false,
                                                                                                                    "Startup Cost": 868.72,
                                                                                                                    "Total Cost": 881.22,
                                                                                                                    "Plan Rows": 5000,
                                                                                                                    "Plan Width": 8,
                                                                                                                    "Actual Startup Time": 30.268,
                                                                                                                    "Actual Total Time": 31.423,
                                                                                                                    "Actual Rows": 6443,
                                                                                                                    "Actual Loops": 1,
                                                                                                                    "Output": [
                                                                                                                        "ml.movie_id",
                                                                                                                        "ml.linked_movie_id"
                                                                                                                    ],
                                                                                                                    "Sort Key": [
                                                                                                                        "ml.movie_id"
                                                                                                                    ],
                                                                                                                    "Sort Method": "quicksort",
                                                                                                                    "Sort Space Used": 205,
                                                                                                                    "Sort Space Type": "Memory",
                                                                                                                    "Plans": [
                                                                                                                        {
                                                                                                                            "Node Type": "Hash Join",
                                                                                                                            "Parent Relationship": "Outer",
                                                                                                                            "Parallel Aware": false,
                                                                                                                            "Join Type": "Inner",
                                                                                                                            "Startup Cost": 1.29,
                                                                                                                            "Total Cost": 561.53,
                                                                                                                            "Plan Rows": 5000,
                                                                                                                            "Plan Width": 8,
                                                                                                                            "Actual Startup Time": 0.394,
                                                                                                                            "Actual Total Time": 27.586,
                                                                                                                            "Actual Rows": 2315,
                                                                                                                            "Actual Loops": 1,
                                                                                                                            "Output": [
                                                                                                                                "ml.movie_id",
                                                                                                                                "ml.linked_movie_id"
                                                                                                                            ],
                                                                                                                            "Inner Unique": true,
                                                                                                                            "Hash Cond": "(ml.link_type_id = lt.id)",
                                                                                                                            "Plans": [
                                                                                                                                {
                                                                                                                                    "Node Type": "Seq Scan",
                                                                                                                                    "Parent Relationship": "Outer",
                                                                                                                                    "Parallel Aware": false,
                                                                                                                                    "Relation Name": "movie_link",
                                                                                                                                    "Schema": "public",
                                                                                                                                    "Alias": "ml",
                                                                                                                                    "Startup Cost": 0.0,
                                                                                                                                    "Total Cost": 462.97,
                                                                                                                                    "Plan Rows": 29997,
                                                                                                                                    "Plan Width": 12,
                                                                                                                                    "Actual Startup Time": 0.15,
                                                                                                                                    "Actual Total Time": 21.884,
                                                                                                                                    "Actual Rows": 29997,
                                                                                                                                    "Actual Loops": 1,
                                                                                                                                    "Output": [
                                                                                                                                        "ml.id",
                                                                                                                                        "ml.movie_id",
                                                                                                                                        "ml.linked_movie_id",
                                                                                                                                        "ml.link_type_id"
                                                                                                                                    ]
                                                                                                                                },
                                                                                                                                {
                                                                                                                                    "Node Type": "Hash",
                                                                                                                                    "Parent Relationship": "Inner",
                                                                                                                                    "Parallel Aware": false,
                                                                                                                                    "Startup Cost": 1.25,
                                                                                                                                    "Total Cost": 1.25,
                                                                                                                                    "Plan Rows": 3,
                                                                                                                                    "Plan Width": 4,
                                                                                                                                    "Actual Startup Time": 0.156,
                                                                                                                                    "Actual Total Time": 0.161,
                                                                                                                                    "Actual Rows": 2,
                                                                                                                                    "Actual Loops": 1,
                                                                                                                                    "Output": [
                                                                                                                                        "lt.id"
                                                                                                                                    ],
                                                                                                                                    "Hash Buckets": 1024,
                                                                                                                                    "Original Hash Buckets": 1024,
                                                                                                                                    "Hash Batches": 1,
                                                                                                                                    "Original Hash Batches": 1,
                                                                                                                                    "Peak Memory Usage": 9,
                                                                                                                                    "Plans": [
                                                                                                                                        {
                                                                                                                                            "Node Type": "Seq Scan",
                                                                                                                                            "Parent Relationship": "Outer",
                                                                                                                                            "Parallel Aware": false,
                                                                                                                                            "Relation Name": "link_type",
                                                                                                                                            "Schema": "public",
                                                                                                                                            "Alias": "lt",
                                                                                                                                            "Startup Cost": 0.0,
                                                                                                                                            "Total Cost": 1.25,
                                                                                                                                            "Plan Rows": 3,
                                                                                                                                            "Plan Width": 4,
                                                                                                                                            "Actual Startup Time": 0.125,
                                                                                                                                            "Actual Total Time": 0.134,
                                                                                                                                            "Actual Rows": 2,
                                                                                                                                            "Actual Loops": 1,
                                                                                                                                            "Output": [
                                                                                                                                                "lt.id"
                                                                                                                                            ],
                                                                                                                                            "Filter": "((lt.link)::text = ANY ('{sequel,follows,\"followed by\"}'::text[]))",
                                                                                                                                            "Rows Removed by Filter": 16
                                                                                                                                        }
                                                                                                                                    ]
                                                                                                                                }
                                                                                                                            ]
                                                                                                                        }
                                                                                                                    ]
                                                                                                                }
                                                                                                            ]
                                                                                                        },
                                                                                                        {
                                                                                                            "Node Type": "Hash",
                                                                                                            "Parent Relationship": "Inner",
                                                                                                            "Parallel Aware": false,
                                                                                                            "Startup Cost": 2.41,
                                                                                                            "Total Cost": 2.41,
                                                                                                            "Plan Rows": 1,
                                                                                                            "Plan Width": 4,
                                                                                                            "Actual Startup Time": 0.081,
                                                                                                            "Actual Total Time": 0.082,
                                                                                                            "Actual Rows": 1,
                                                                                                            "Actual Loops": 1,
                                                                                                            "Output": [
                                                                                                                "it1.id"
                                                                                                            ],
                                                                                                            "Hash Buckets": 1024,
                                                                                                            "Original Hash Buckets": 1024,
                                                                                                            "Hash Batches": 1,
                                                                                                            "Original Hash Batches": 1,
                                                                                                            "Peak Memory Usage": 9,
                                                                                                            "Plans": [
                                                                                                                {
                                                                                                                    "Node Type": "Seq Scan",
                                                                                                                    "Parent Relationship": "Outer",
                                                                                                                    "Parallel Aware": false,
                                                                                                                    "Relation Name": "info_type",
                                                                                                                    "Schema": "public",
                                                                                                                    "Alias": "it1",
                                                                                                                    "Startup Cost": 0.0,
                                                                                                                    "Total Cost": 2.41,
                                                                                                                    "Plan Rows": 1,
                                                                                                                    "Plan Width": 4,
                                                                                                                    "Actual Startup Time": 0.058,
                                                                                                                    "Actual Total Time": 0.062,
                                                                                                                    "Actual Rows": 1,
                                                                                                                    "Actual Loops": 1,
                                                                                                                    "Output": [
                                                                                                                        "it1.id"
                                                                                                                    ],
                                                                                                                    "Filter": "((it1.info)::text = 'rating'::text COLLATE \"C\")",
                                                                                                                    "Rows Removed by Filter": 112
                                                                                                                }
                                                                                                            ]
                                                                                                        }
                                                                                                    ]
                                                                                                },
                                                                                                {
                                                                                                    "Node Type": "Index Scan",
                                                                                                    "Parent Relationship": "Inner",
                                                                                                    "Parallel Aware": false,
                                                                                                    "Scan Direction": "Forward",
                                                                                                    "Index Name": "title_pkey",
                                                                                                    "Relation Name": "title",
                                                                                                    "Schema": "public",
                                                                                                    "Alias": "t1",
                                                                                                    "Startup Cost": 0.43,
                                                                                                    "Total Cost": 0.58,
                                                                                                    "Plan Rows": 1,
                                                                                                    "Plan Width": 25,
                                                                                                    "Actual Startup Time": 0.027,
                                                                                                    "Actual Total Time": 0.027,
                                                                                                    "Actual Rows": 1,
                                                                                                    "Actual Loops": 2064,
                                                                                                    "Output": [
                                                                                                        "t1.id",
                                                                                                        "t1.title",
                                                                                                        "t1.imdb_index",
                                                                                                        "t1.kind_id",
                                                                                                        "t1.production_year",
                                                                                                        "t1.imdb_id",
                                                                                                        "t1.phonetic_code",
                                                                                                        "t1.episode_of_id",
                                                                                                        "t1.season_nr",
                                                                                                        "t1.episode_nr",
                                                                                                        "t1.series_years",
                                                                                                        "t1.md5sum"
                                                                                                    ],
                                                                                                    "Index Cond": "(t1.id = mi_idx1.movie_id)",
                                                                                                    "Rows Removed by Index Recheck": 0
                                                                                                }
                                                                                            ]
                                                                                        },
                                                                                        {
                                                                                            "Node Type": "Hash",
                                                                                            "Parent Relationship": "Inner",
                                                                                            "Parallel Aware": false,
                                                                                            "Startup Cost": 1.09,
                                                                                            "Total Cost": 1.09,
                                                                                            "Plan Rows": 1,
                                                                                            "Plan Width": 4,
                                                                                            "Actual Startup Time": 0.135,
                                                                                            "Actual Total Time": 0.136,
                                                                                            "Actual Rows": 1,
                                                                                            "Actual Loops": 1,
                                                                                            "Output": [
                                                                                                "kt1.id"
                                                                                            ],
                                                                                            "Hash Buckets": 1024,
                                                                                            "Original Hash Buckets": 1024,
                                                                                            "Hash Batches": 1,
                                                                                            "Original Hash Batches": 1,
                                                                                            "Peak Memory Usage": 9,
                                                                                            "Plans": [
                                                                                                {
                                                                                                    "Node Type": "Seq Scan",
                                                                                                    "Parent Relationship": "Outer",
                                                                                                    "Parallel Aware": false,
                                                                                                    "Relation Name": "kind_type",
                                                                                                    "Schema": "public",
                                                                                                    "Alias": "kt1",
                                                                                                    "Startup Cost": 0.0,
                                                                                                    "Total Cost": 1.09,
                                                                                                    "Plan Rows": 1,
                                                                                                    "Plan Width": 4,
                                                                                                    "Actual Startup Time": 0.116,
                                                                                                    "Actual Total Time": 0.118,
                                                                                                    "Actual Rows": 1,
                                                                                                    "Actual Loops": 1,
                                                                                                    "Output": [
                                                                                                        "kt1.id"
                                                                                                    ],
                                                                                                    "Filter": "((kt1.kind)::text = 'tv series'::text COLLATE \"C\")",
                                                                                                    "Rows Removed by Filter": 6
                                                                                                }
                                                                                            ]
                                                                                        }
                                                                                    ]
                                                                                },
                                                                                {
                                                                                    "Node Type": "Index Scan",
                                                                                    "Parent Relationship": "Inner",
                                                                                    "Parallel Aware": false,
                                                                                    "Scan Direction": "Forward",
                                                                                    "Index Name": "movie_id_movie_info_idx",
                                                                                    "Relation Name": "movie_info_idx",
                                                                                    "Schema": "public",
                                                                                    "Alias": "mi_idx2",
                                                                                    "Startup Cost": 0.43,
                                                                                    "Total Cost": 2.38,
                                                                                    "Plan Rows": 1,
                                                                                    "Plan Width": 13,
                                                                                    "Actual Startup Time": 0.037,
                                                                                    "Actual Total Time": 0.038,
                                                                                    "Actual Rows": 1,
                                                                                    "Actual Loops": 1220,
                                                                                    "Output": [
                                                                                        "mi_idx2.id",
                                                                                        "mi_idx2.movie_id",
                                                                                        "mi_idx2.info_type_id",
                                                                                        "mi_idx2.info",
                                                                                        "mi_idx2.note"
                                                                                    ],
                                                                                    "Index Cond": "(mi_idx2.movie_id = ml.linked_movie_id)",
                                                                                    "Rows Removed by Index Recheck": 0,
                                                                                    "Filter": "(mi_idx2.info < '3.0'::text)",
                                                                                    "Rows Removed by Filter": 1
                                                                                }
                                                                            ]
                                                                        },
                                                                        {
                                                                            "Node Type": "Hash",
                                                                            "Parent Relationship": "Inner",
                                                                            "Parallel Aware": false,
                                                                            "Startup Cost": 2.41,
                                                                            "Total Cost": 2.41,
                                                                            "Plan Rows": 1,
                                                                            "Plan Width": 4,
                                                                            "Actual Startup Time": 0.365,
                                                                            "Actual Total Time": 0.365,
                                                                            "Actual Rows": 1,
                                                                            "Actual Loops": 1,
                                                                            "Output": [
                                                                                "it2.id"
                                                                            ],
                                                                            "Hash Buckets": 1024,
                                                                            "Original Hash Buckets": 1024,
                                                                            "Hash Batches": 1,
                                                                            "Original Hash Batches": 1,
                                                                            "Peak Memory Usage": 9,
                                                                            "Plans": [
                                                                                {
                                                                                    "Node Type": "Seq Scan",
                                                                                    "Parent Relationship": "Outer",
                                                                                    "Parallel Aware": false,
                                                                                    "Relation Name": "info_type",
                                                                                    "Schema": "public",
                                                                                    "Alias": "it2",
                                                                                    "Startup Cost": 0.0,
                                                                                    "Total Cost": 2.41,
                                                                                    "Plan Rows": 1,
                                                                                    "Plan Width": 4,
                                                                                    "Actual Startup Time": 0.287,
                                                                                    "Actual Total Time": 0.291,
                                                                                    "Actual Rows": 1,
                                                                                    "Actual Loops": 1,
                                                                                    "Output": [
                                                                                        "it2.id"
                                                                                    ],
                                                                                    "Filter": "((it2.info)::text = 'rating'::text COLLATE \"C\")",
                                                                                    "Rows Removed by Filter": 112
                                                                                }
                                                                            ]
                                                                        }
                                                                    ]
                                                                },
                                                                {
                                                                    "Node Type": "Index Scan",
                                                                    "Parent Relationship": "Inner",
                                                                    "Parallel Aware": false,
                                                                    "Scan Direction": "Forward",
                                                                    "Index Name": "movie_id_movie_companies",
                                                                    "Relation Name": "movie_companies",
                                                                    "Schema": "public",
                                                                    "Alias": "mc2",
                                                                    "Startup Cost": 0.43,
                                                                    "Total Cost": 0.69,
                                                                    "Plan Rows": 5,
                                                                    "Plan Width": 8,
                                                                    "Actual Startup Time": 0.102,
                                                                    "Actual Total Time": 0.112,
                                                                    "Actual Rows": 2,
                                                                    "Actual Loops": 28,
                                                                    "Output": [
                                                                        "mc2.id",
                                                                        "mc2.movie_id",
                                                                        "mc2.company_id",
                                                                        "mc2.company_type_id",
                                                                        "mc2.note"
                                                                    ],
                                                                    "Index Cond": "(mc2.movie_id = mi_idx2.movie_id)",
                                                                    "Rows Removed by Index Recheck": 0
                                                                }
                                                            ]
                                                        },
                                                        {
                                                            "Node Type": "Index Scan",
                                                            "Parent Relationship": "Inner",
                                                            "Parallel Aware": false,
                                                            "Scan Direction": "Forward",
                                                            "Index Name": "title_pkey",
                                                            "Relation Name": "title",
                                                            "Schema": "public",
                                                            "Alias": "t2",
                                                            "Startup Cost": 0.43,
                                                            "Total Cost": 0.52,
                                                            "Plan Rows": 1,
                                                            "Plan Width": 25,
                                                            "Actual Startup Time": 0.075,
                                                            "Actual Total Time": 0.075,
                                                            "Actual Rows": 0,
                                                            "Actual Loops": 54,
                                                            "Output": [
                                                                "t2.id",
                                                                "t2.title",
                                                                "t2.imdb_index",
                                                                "t2.kind_id",
                                                                "t2.production_year",
                                                                "t2.imdb_id",
                                                                "t2.phonetic_code",
                                                                "t2.episode_of_id",
                                                                "t2.season_nr",
                                                                "t2.episode_nr",
                                                                "t2.series_years",
                                                                "t2.md5sum"
                                                            ],
                                                            "Index Cond": "(t2.id = mc2.movie_id)",
                                                            "Rows Removed by Index Recheck": 0,
                                                            "Filter": "((t2.production_year >= 2005) AND (t2.production_year <= 2008))",
                                                            "Rows Removed by Filter": 1
                                                        }
                                                    ]
                                                },
                                                {
                                                    "Node Type": "Index Scan",
                                                    "Parent Relationship": "Inner",
                                                    "Parallel Aware": false,
                                                    "Scan Direction": "Forward",
                                                    "Index Name": "movie_id_movie_companies",
                                                    "Relation Name": "movie_companies",
                                                    "Schema": "public",
                                                    "Alias": "mc1",
                                                    "Startup Cost": 0.43,
                                                    "Total Cost": 0.56,
                                                    "Plan Rows": 5,
                                                    "Plan Width": 8,
                                                    "Actual Startup Time": 0.081,
                                                    "Actual Total Time": 0.092,
                                                    "Actual Rows": 3,
                                                    "Actual Loops": 10,
                                                    "Output": [
                                                        "mc1.id",
                                                        "mc1.movie_id",
                                                        "mc1.company_id",
                                                        "mc1.company_type_id",
                                                        "mc1.note"
                                                    ],
                                                    "Index Cond": "(mc1.movie_id = t1.id)",
                                                    "Rows Removed by Index Recheck": 0
                                                }
                                            ]
                                        },
                                        {
                                            "Node Type": "Index Scan",
                                            "Parent Relationship": "Inner",
                                            "Parallel Aware": false,
                                            "Scan Direction": "Forward",
                                            "Index Name": "company_name_pkey",
                                            "Relation Name": "company_name",
                                            "Schema": "public",
                                            "Alias": "cn1",
                                            "Startup Cost": 0.42,
                                            "Total Cost": 0.45,
                                            "Plan Rows": 1,
                                            "Plan Width": 23,
                                            "Actual Startup Time": 0.031,
                                            "Actual Total Time": 0.031,
                                            "Actual Rows": 0,
                                            "Actual Loops": 28,
                                            "Output": [
                                                "cn1.id",
                                                "cn1.name",
                                                "cn1.country_code",
                                                "cn1.imdb_id",
                                                "cn1.name_pcode_nf",
                                                "cn1.name_pcode_sf",
                                                "cn1.md5sum"
                                            ],
                                            "Index Cond": "(cn1.id = mc1.company_id)",
                                            "Rows Removed by Index Recheck": 0,
                                            "Filter": "((cn1.country_code)::text = '[us]'::text)",
                                            "Rows Removed by Filter": 1
                                        }
                                    ]
                                },
                                {
                                    "Node Type": "Index Scan",
                                    "Parent Relationship": "Inner",
                                    "Parallel Aware": false,
                                    "Scan Direction": "Forward",
                                    "Index Name": "company_name_pkey",
                                    "Relation Name": "company_name",
                                    "Schema": "public",
                                    "Alias": "cn2",
                                    "Startup Cost": 0.42,
                                    "Total Cost": 0.44,
                                    "Plan Rows": 1,
                                    "Plan Width": 23,
                                    "Actual Startup Time": 0.01,
                                    "Actual Total Time": 0.01,
                                    "Actual Rows": 1,
                                    "Actual Loops": 8,
                                    "Output": [
                                        "cn2.id",
                                        "cn2.name",
                                        "cn2.country_code",
                                        "cn2.imdb_id",
                                        "cn2.name_pcode_nf",
                                        "cn2.name_pcode_sf",
                                        "cn2.md5sum"
                                    ],
                                    "Index Cond": "(cn2.id = mc2.company_id)",
                                    "Rows Removed by Index Recheck": 0
                                }
                            ]
                        },
                        {
                            "Node Type": "Index Scan",
                            "Parent Relationship": "Inner",
                            "Parallel Aware": false,
                            "Scan Direction": "Forward",
                            "Index Name": "kind_type_pkey",
                            "Relation Name": "kind_type",
                            "Schema": "public",
                            "Alias": "kt2",
                            "Startup Cost": 0.13,
                            "Total Cost": 0.15,
                            "Plan Rows": 1,
                            "Plan Width": 4,
                            "Actual Startup Time": 0.069,
                            "Actual Total Time": 0.07,
                            "Actual Rows": 1,
                            "Actual Loops": 8,
                            "Output": [
                                "kt2.id",
                                "kt2.kind"
                            ],
                            "Index Cond": "(kt2.id = t2.kind_id)",
                            "Rows Removed by Index Recheck": 0,
                            "Filter": "((kt2.kind)::text = 'tv series'::text COLLATE \"C\")",
                            "Rows Removed by Filter": 0
                        }
                    ]
                }
            ]
        },
        "Planning Time": 4630.048,
        "Triggers": [],
        "Execution Time": 218.219
    }
]