{
  "Plan": {
    "Node Type": "Aggregate",
    "Strategy": "Plain",
    "Partial Mode": "Finalize",
    "Parallel Aware": false,
    "Startup Cost": 459587.33,
    "Total Cost": 459587.34,
    "Plan Rows": 1,
    "Plan Width": 8,
    "Actual Startup Time": 12918.927,
    "Actual Total Time": 12962.911,
    "Actual Rows": 1,
    "Actual Loops": 1,
    "Plans": [
      {
        "Node Type": "Gather",
        "Parent Relationship": "Outer",
        "Parallel Aware": false,
        "Startup Cost": 459587.21,
        "Total Cost": 459587.32,
        "Plan Rows": 1,
        "Plan Width": 8,
        "Actual Startup Time": 12910.311,
        "Actual Total Time": 12962.902,
        "Actual Rows": 2,
        "Actual Loops": 1,
        "Workers Planned": 1,
        "Workers Launched": 1,
        "Single Copy": false,
        "Plans": [
          {
            "Node Type": "Aggregate",
            "Strategy": "Plain",
            "Partial Mode": "Partial",
            "Parent Relationship": "Outer",
            "Parallel Aware": false,
            "Startup Cost": 458587.21,
            "Total Cost": 458587.22,
            "Plan Rows": 1,
            "Plan Width": 8,
            "Actual Startup Time": 12904.329,
            "Actual Total Time": 12908.278,
            "Actual Rows": 1,
            "Actual Loops": 2,
            "Plans": [
              {
                "Node Type": "Hash Join",
                "Parent Relationship": "Outer",
                "Parallel Aware": true,
                "Join Type": "Inner",
                "Startup Cost": 135755.91,
                "Total Cost": 446280.25,
                "Plan Rows": 4922786,
                "Plan Width": 0,
                "Actual Startup Time": 1182.731,
                "Actual Total Time": 9289.723,
                "Actual Rows": 90962251,
                "Actual Loops": 2,
                "Inner Unique": false,
                "Hash Cond": "(mi.movie_id = t.id)",
                "Plans": [
                  {
                    "Node Type": "Seq Scan",
                    "Parent Relationship": "Outer",
                    "Parallel Aware": true,
                    "Relation Name": "movie_info",
                    "Alias": "mi",
                    "Startup Cost": 0.0,
                    "Total Cost": 248955.74,
                    "Plan Rows": 8696274,
                    "Plan Width": 4,
                    "Actual Startup Time": 0.031,
                    "Actual Total Time": 675.776,
                    "Actual Rows": 7417860,
                    "Actual Loops": 2
                  },
                  {
                    "Node Type": "Hash",
                    "Parent Relationship": "Inner",
                    "Parallel Aware": true,
                    "Startup Cost": 125232.26,
                    "Total Cost": 125232.26,
                    "Plan Rows": 841892,
                    "Plan Width": 8,
                    "Actual Startup Time": 1167.144,
                    "Actual Total Time": 1171.091,
                    "Actual Rows": 1575072,
                    "Actual Loops": 2,
                    "Hash Buckets": 4194304,
                    "Original Hash Buckets": 2097152,
                    "Hash Batches": 1,
                    "Original Hash Batches": 1,
                    "Peak Memory Usage": 172448,
                    "Plans": [
                      {
                        "Node Type": "Hash Join",
                        "Parent Relationship": "Outer",
                        "Parallel Aware": true,
                        "Join Type": "Inner",
                        "Startup Cost": 61878.3,
                        "Total Cost": 125232.26,
                        "Plan Rows": 841892,
                        "Plan Width": 8,
                        "Actual Startup Time": 299.48,
                        "Actual Total Time": 826.471,
                        "Actual Rows": 1575072,
                        "Actual Loops": 2,
                        "Inner Unique": true,
                        "Hash Cond": "(mk.movie_id = t.id)",
                        "Plans": [
                          {
                            "Node Type": "Seq Scan",
                            "Parent Relationship": "Outer",
                            "Parallel Aware": true,
                            "Relation Name": "movie_keyword",
                            "Alias": "mk",
                            "Startup Cost": 0.0,
                            "Total Cost": 57718.19,
                            "Plan Rows": 2146953,
                            "Plan Width": 4,
                            "Actual Startup Time": 0.017,
                            "Actual Total Time": 218.356,
                            "Actual Rows": 1825924,
                            "Actual Loops": 2,
                            "Filter": "(keyword_id < 21179)",
                            "Rows Removed by Filter": 436040
                          },
                          {
                            "Node Type": "Hash",
                            "Parent Relationship": "Inner",
                            "Parallel Aware": true,
                            "Startup Cost": 54588.39,
                            "Total Cost": 54588.39,
                            "Plan Rows": 583193,
                            "Plan Width": 4,
                            "Actual Startup Time": 295.434,
                            "Actual Total Time": 295.435,
                            "Actual Rows": 492524,
                            "Actual Loops": 2,
                            "Hash Buckets": 1048576,
                            "Original Hash Buckets": 1048576,
                            "Hash Batches": 1,
                            "Original Hash Batches": 1,
                            "Peak Memory Usage": 46752,
                            "Plans": [
                              {
                                "Node Type": "Seq Scan",
                                "Parent Relationship": "Outer",
                                "Parallel Aware": true,
                                "Relation Name": "title",
                                "Alias": "t",
                                "Startup Cost": 0.0,
                                "Total Cost": 54588.39,
                                "Plan Rows": 583193,
                                "Plan Width": 4,
                                "Actual Startup Time": 0.036,
                                "Actual Total Time": 151.828,
                                "Actual Rows": 492524,
                                "Actual Loops": 2,
                                "Filter": "(kind_id < 7)",
                                "Rows Removed by Filter": 771632
                              }
                            ]
                          }
                        ]
                      }
                    ]
                  }
                ]
              }
            ]
          }
        ]
      }
    ]
  },
  "Planning Time": 0.97,
  "Triggers": [],
  "Execution Time": 12962.991
}