{
    "Plan": {
        "Node Type": "Aggregate",
        "Strategy": "Plain",
        "Partial Mode": "Finalize",
        "Parallel Aware": false,
        "Startup Cost": 247650.78,
        "Total Cost": 247650.79,
        "Plan Rows": 1,
        "Plan Width": 8,
        "Actual Startup Time": 450.152,
        "Actual Total Time": 478.165,
        "Actual Rows": 1,
        "Actual Loops": 1,
        "Output": [
            "count(*)"
        ],
        "Plans": [
            {
                "Node Type": "Gather",
                "Parent Relationship": "Outer",
                "Parallel Aware": false,
                "Startup Cost": 247650.16,
                "Total Cost": 247650.77,
                "Plan Rows": 6,
                "Plan Width": 8,
                "Actual Startup Time": 449.789,
                "Actual Total Time": 478.153,
                "Actual Rows": 7,
                "Actual Loops": 1,
                "Output": [
                    "(PARTIAL count(*))"
                ],
                "Workers Planned": 6,
                "Workers Launched": 6,
                "Single Copy": false,
                "Plans": [
                    {
                        "Node Type": "Aggregate",
                        "Strategy": "Plain",
                        "Partial Mode": "Partial",
                        "Parent Relationship": "Outer",
                        "Parallel Aware": false,
                        "Startup Cost": 246650.16,
                        "Total Cost": 246650.17,
                        "Plan Rows": 1,
                        "Plan Width": 8,
                        "Actual Startup Time": 438.112,
                        "Actual Total Time": 438.116,
                        "Actual Rows": 1,
                        "Actual Loops": 7,
                        "Output": [
                            "PARTIAL count(*)"
                        ],
                        "Workers": [
                            {
                                "Worker Number": 0,
                                "Actual Startup Time": 435.737,
                                "Actual Total Time": 435.741,
                                "Actual Rows": 1,
                                "Actual Loops": 1
                            },
                            {
                                "Worker Number": 1,
                                "Actual Startup Time": 435.698,
                                "Actual Total Time": 435.701,
                                "Actual Rows": 1,
                                "Actual Loops": 1
                            },
                            {
                                "Worker Number": 2,
                                "Actual Startup Time": 436.005,
                                "Actual Total Time": 436.009,
                                "Actual Rows": 1,
                                "Actual Loops": 1
                            },
                            {
                                "Worker Number": 3,
                                "Actual Startup Time": 435.699,
                                "Actual Total Time": 435.701,
                                "Actual Rows": 1,
                                "Actual Loops": 1
                            },
                            {
                                "Worker Number": 4,
                                "Actual Startup Time": 437.22,
                                "Actual Total Time": 437.222,
                                "Actual Rows": 1,
                                "Actual Loops": 1
                            },
                            {
                                "Worker Number": 5,
                                "Actual Startup Time": 437.637,
                                "Actual Total Time": 437.642,
                                "Actual Rows": 1,
                                "Actual Loops": 1
                            }
                        ],
                        "Plans": [
                            {
                                "Node Type": "Hash Join",
                                "Parent Relationship": "Outer",
                                "Parallel Aware": true,
                                "Join Type": "Inner",
                                "Startup Cost": 45623.6,
                                "Total Cost": 246593.45,
                                "Plan Rows": 22684,
                                "Plan Width": 0,
                                "Actual Startup Time": 75.857,
                                "Actual Total Time": 436.841,
                                "Actual Rows": 16126,
                                "Actual Loops": 7,
                                "Inner Unique": true,
                                "Hash Cond": "(ci.movie_id = t.id)",
                                "Workers": [
                                    {
                                        "Worker Number": 0,
                                        "Actual Startup Time": 73.601,
                                        "Actual Total Time": 434.395,
                                        "Actual Rows": 11707,
                                        "Actual Loops": 1
                                    },
                                    {
                                        "Worker Number": 1,
                                        "Actual Startup Time": 73.254,
                                        "Actual Total Time": 434.431,
                                        "Actual Rows": 17546,
                                        "Actual Loops": 1
                                    },
                                    {
                                        "Worker Number": 2,
                                        "Actual Startup Time": 73.797,
                                        "Actual Total Time": 434.663,
                                        "Actual Rows": 11592,
                                        "Actual Loops": 1
                                    },
                                    {
                                        "Worker Number": 3,
                                        "Actual Startup Time": 73.309,
                                        "Actual Total Time": 434.44,
                                        "Actual Rows": 17146,
                                        "Actual Loops": 1
                                    },
                                    {
                                        "Worker Number": 4,
                                        "Actual Startup Time": 74.848,
                                        "Actual Total Time": 435.977,
                                        "Actual Rows": 16556,
                                        "Actual Loops": 1
                                    },
                                    {
                                        "Worker Number": 5,
                                        "Actual Startup Time": 75.771,
                                        "Actual Total Time": 436.398,
                                        "Actual Rows": 17453,
                                        "Actual Loops": 1
                                    }
                                ],
                                "Plans": [
                                    {
                                        "Node Type": "Index Scan",
                                        "Parent Relationship": "Outer",
                                        "Parallel Aware": true,
                                        "Scan Direction": "Forward",
                                        "Index Name": "role_id_cast_info",
                                        "Relation Name": "cast_info",
                                        "Schema": "public",
                                        "Alias": "ci",
                                        "Startup Cost": 0.56,
                                        "Total Cost": 197699.43,
                                        "Plan Rows": 1246088,
                                        "Plan Width": 4,
                                        "Actual Startup Time": 0.146,
                                        "Actual Total Time": 218.717,
                                        "Actual Rows": 1064568,
                                        "Actual Loops": 7,
                                        "Output": [
                                            "ci.id",
                                            "ci.person_id",
                                            "ci.movie_id",
                                            "ci.person_role_id",
                                            "ci.note",
                                            "ci.nr_order",
                                            "ci.role_id"
                                        ],
                                        "Index Cond": "(ci.role_id = 2)",
                                        "Rows Removed by Index Recheck": 0,
                                        "Workers": [
                                            {
                                                "Worker Number": 0,
                                                "Actual Startup Time": 0.385,
                                                "Actual Total Time": 218.954,
                                                "Actual Rows": 766350,
                                                "Actual Loops": 1
                                            },
                                            {
                                                "Worker Number": 1,
                                                "Actual Startup Time": 0.138,
                                                "Actual Total Time": 220.016,
                                                "Actual Rows": 1135681,
                                                "Actual Loops": 1
                                            },
                                            {
                                                "Worker Number": 2,
                                                "Actual Startup Time": 0.1,
                                                "Actual Total Time": 220.775,
                                                "Actual Rows": 749580,
                                                "Actual Loops": 1
                                            },
                                            {
                                                "Worker Number": 3,
                                                "Actual Startup Time": 0.102,
                                                "Actual Total Time": 220.773,
                                                "Actual Rows": 1131000,
                                                "Actual Loops": 1
                                            },
                                            {
                                                "Worker Number": 4,
                                                "Actual Startup Time": 0.071,
                                                "Actual Total Time": 219.29,
                                                "Actual Rows": 1125001,
                                                "Actual Loops": 1
                                            },
                                            {
                                                "Worker Number": 5,
                                                "Actual Startup Time": 0.178,
                                                "Actual Total Time": 224.239,
                                                "Actual Rows": 1129830,
                                                "Actual Loops": 1
                                            }
                                        ]
                                    },
                                    {
                                        "Node Type": "Hash",
                                        "Parent Relationship": "Inner",
                                        "Parallel Aware": true,
                                        "Startup Cost": 45479.21,
                                        "Total Cost": 45479.21,
                                        "Plan Rows": 11506,
                                        "Plan Width": 4,
                                        "Actual Startup Time": 74.235,
                                        "Actual Total Time": 74.236,
                                        "Actual Rows": 5070,
                                        "Actual Loops": 7,
                                        "Output": [
                                            "t.id"
                                        ],
                                        "Hash Buckets": 65536,
                                        "Original Hash Buckets": 65536,
                                        "Hash Batches": 1,
                                        "Original Hash Batches": 1,
                                        "Peak Memory Usage": 2048,
                                        "Workers": [
                                            {
                                                "Worker Number": 0,
                                                "Actual Startup Time": 72.562,
                                                "Actual Total Time": 72.563,
                                                "Actual Rows": 3696,
                                                "Actual Loops": 1
                                            },
                                            {
                                                "Worker Number": 1,
                                                "Actual Startup Time": 72.624,
                                                "Actual Total Time": 72.625,
                                                "Actual Rows": 5006,
                                                "Actual Loops": 1
                                            },
                                            {
                                                "Worker Number": 2,
                                                "Actual Startup Time": 72.982,
                                                "Actual Total Time": 72.983,
                                                "Actual Rows": 3525,
                                                "Actual Loops": 1
                                            },
                                            {
                                                "Worker Number": 3,
                                                "Actual Startup Time": 72.63,
                                                "Actual Total Time": 72.631,
                                                "Actual Rows": 5074,
                                                "Actual Loops": 1
                                            },
                                            {
                                                "Worker Number": 4,
                                                "Actual Startup Time": 74.142,
                                                "Actual Total Time": 74.143,
                                                "Actual Rows": 5093,
                                                "Actual Loops": 1
                                            },
                                            {
                                                "Worker Number": 5,
                                                "Actual Startup Time": 74.613,
                                                "Actual Total Time": 74.615,
                                                "Actual Rows": 4982,
                                                "Actual Loops": 1
                                            }
                                        ],
                                        "Plans": [
                                            {
                                                "Node Type": "Seq Scan",
                                                "Parent Relationship": "Outer",
                                                "Parallel Aware": true,
                                                "Relation Name": "title",
                                                "Schema": "public",
                                                "Alias": "t",
                                                "Startup Cost": 0.0,
                                                "Total Cost": 45479.21,
                                                "Plan Rows": 11506,
                                                "Plan Width": 4,
                                                "Actual Startup Time": 0.501,
                                                "Actual Total Time": 71.483,
                                                "Actual Rows": 5070,
                                                "Actual Loops": 7,
                                                "Output": [
                                                    "t.id"
                                                ],
                                                "Filter": "((t.kind_id < 7) AND (t.production_year = 2007))",
                                                "Rows Removed by Filter": 356118,
                                                "Workers": [
                                                    {
                                                        "Worker Number": 0,
                                                        "Actual Startup Time": 0.217,
                                                        "Actual Total Time": 69.707,
                                                        "Actual Rows": 3696,
                                                        "Actual Loops": 1
                                                    },
                                                    {
                                                        "Worker Number": 1,
                                                        "Actual Startup Time": 0.436,
                                                        "Actual Total Time": 69.846,
                                                        "Actual Rows": 5006,
                                                        "Actual Loops": 1
                                                    },
                                                    {
                                                        "Worker Number": 2,
                                                        "Actual Startup Time": 0.87,
                                                        "Actual Total Time": 69.914,
                                                        "Actual Rows": 3525,
                                                        "Actual Loops": 1
                                                    },
                                                    {
                                                        "Worker Number": 3,
                                                        "Actual Startup Time": 0.857,
                                                        "Actual Total Time": 69.894,
                                                        "Actual Rows": 5074,
                                                        "Actual Loops": 1
                                                    },
                                                    {
                                                        "Worker Number": 4,
                                                        "Actual Startup Time": 0.175,
                                                        "Actual Total Time": 71.344,
                                                        "Actual Rows": 5093,
                                                        "Actual Loops": 1
                                                    },
                                                    {
                                                        "Worker Number": 5,
                                                        "Actual Startup Time": 0.801,
                                                        "Actual Total Time": 72.089,
                                                        "Actual Rows": 4982,
                                                        "Actual Loops": 1
                                                    }
                                                ]
                                            }
                                        ]
                                    }
                                ]
                            }
                        ]
                    }
                ]
            }
        ]
    },
    "Planning Time": 0.737,
    "Triggers": [],
    "Execution Time": 478.257
}