{
  "Plan": {
    "Node Type": "Aggregate",
    "Strategy": "Plain",
    "Partial Mode": "Finalize",
    "Parallel Aware": false,
    "Startup Cost": 316643.7,
    "Total Cost": 316643.71,
    "Plan Rows": 1,
    "Plan Width": 8,
    "Actual Startup Time": 711.543,
    "Actual Total Time": 752.17,
    "Actual Rows": 1,
    "Actual Loops": 1,
    "Plans": [
      {
        "Node Type": "Gather",
        "Parent Relationship": "Outer",
        "Parallel Aware": false,
        "Startup Cost": 316643.59,
        "Total Cost": 316643.7,
        "Plan Rows": 1,
        "Plan Width": 8,
        "Actual Startup Time": 711.206,
        "Actual Total Time": 752.162,
        "Actual Rows": 2,
        "Actual Loops": 1,
        "Workers Planned": 1,
        "Workers Launched": 1,
        "Single Copy": false,
        "Plans": [
          {
            "Node Type": "Aggregate",
            "Strategy": "Plain",
            "Partial Mode": "Partial",
            "Parent Relationship": "Outer",
            "Parallel Aware": false,
            "Startup Cost": 315643.59,
            "Total Cost": 315643.6,
            "Plan Rows": 1,
            "Plan Width": 8,
            "Actual Startup Time": 704.987,
            "Actual Total Time": 704.99,
            "Actual Rows": 1,
            "Actual Loops": 2,
            "Plans": [
              {
                "Node Type": "Nested Loop",
                "Parent Relationship": "Outer",
                "Parallel Aware": false,
                "Join Type": "Inner",
                "Startup Cost": 60233.28,
                "Total Cost": 312630.43,
                "Plan Rows": 1205266,
                "Plan Width": 0,
                "Actual Startup Time": 162.623,
                "Actual Total Time": 678.568,
                "Actual Rows": 560337,
                "Actual Loops": 2,
                "Inner Unique": false,
                "Join Filter": "(t.id = ci.movie_id)",
                "Rows Removed by Join Filter": 0,
                "Plans": [
                  {
                    "Node Type": "Hash Join",
                    "Parent Relationship": "Outer",
                    "Parallel Aware": true,
                    "Join Type": "Inner",
                    "Startup Cost": 60232.72,
                    "Total Cost": 78416.51,
                    "Plan Rows": 84114,
                    "Plan Width": 8,
                    "Actual Startup Time": 162.559,
                    "Actual Total Time": 284.735,
                    "Actual Rows": 29012,
                    "Actual Loops": 2,
                    "Inner Unique": true,
                    "Hash Cond": "(mi_idx.movie_id = t.id)",
                    "Plans": [
                      {
                        "Node Type": "Seq Scan",
                        "Parent Relationship": "Outer",
                        "Parallel Aware": true,
                        "Relation Name": "movie_info_idx",
                        "Alias": "mi_idx",
                        "Startup Cost": 0.0,
                        "Total Cost": 16052.85,
                        "Plan Rows": 811785,
                        "Plan Width": 4,
                        "Actual Startup Time": 0.02,
                        "Actual Total Time": 45.641,
                        "Actual Rows": 690018,
                        "Actual Loops": 2
                      },
                      {
                        "Node Type": "Hash",
                        "Parent Relationship": "Inner",
                        "Parallel Aware": true,
                        "Startup Cost": 58306.47,
                        "Total Cost": 58306.47,
                        "Plan Rows": 154100,
                        "Plan Width": 4,
                        "Actual Startup Time": 158.732,
                        "Actual Total Time": 158.733,
                        "Actual Rows": 69987,
                        "Actual Loops": 2,
                        "Hash Buckets": 262144,
                        "Original Hash Buckets": 262144,
                        "Hash Batches": 1,
                        "Original Hash Batches": 1,
                        "Peak Memory Usage": 7552,
                        "Plans": [
                          {
                            "Node Type": "Seq Scan",
                            "Parent Relationship": "Outer",
                            "Parallel Aware": true,
                            "Relation Name": "title",
                            "Alias": "t",
                            "Startup Cost": 0.0,
                            "Total Cost": 58306.47,
                            "Plan Rows": 154100,
                            "Plan Width": 4,
                            "Actual Startup Time": 0.036,
                            "Actual Total Time": 140.259,
                            "Actual Rows": 69987,
                            "Actual Loops": 2,
                            "Filter": "((kind_id > 1) AND (production_year < 1970))",
                            "Rows Removed by Filter": 1194169
                          }
                        ]
                      }
                    ]
                  },
                  {
                    "Node Type": "Index Only Scan",
                    "Parent Relationship": "Inner",
                    "Parallel Aware": false,
                    "Scan Direction": "Forward",
                    "Index Name": "movie_id_cast_info",
                    "Relation Name": "cast_info",
                    "Alias": "ci",
                    "Startup Cost": 0.56,
                    "Total Cost": 2.32,
                    "Plan Rows": 37,
                    "Plan Width": 4,
                    "Actual Startup Time": 0.003,
                    "Actual Total Time": 0.012,
                    "Actual Rows": 19,
                    "Actual Loops": 58023,
                    "Index Cond": "(movie_id = mi_idx.movie_id)",
                    "Rows Removed by Index Recheck": 0,
                    "Heap Fetches": 1120674
                  }
                ]
              }
            ]
          }
        ]
      }
    ]
  },
  "Planning Time": 0.942,
  "Triggers": [],
  "Execution Time": 752.262
}