[
  {
    "Plan": {
      "Node Type": "Aggregate",
      "Strategy": "Plain",
      "Partial Mode": "Finalize",
      "Parallel Aware": false,
      "Startup Cost": 96506.61,
      "Total Cost": 96506.62,
      "Plan Rows": 1,
      "Plan Width": 8,
      "Actual Startup Time": 485.986,
      "Actual Total Time": 502.491,
      "Actual Rows": 1,
      "Actual Loops": 1,
      "Plans": [
        {
          "Node Type": "Gather",
          "Parent Relationship": "Outer",
          "Parallel Aware": false,
          "Startup Cost": 96506.39,
          "Total Cost": 96506.6,
          "Plan Rows": 2,
          "Plan Width": 8,
          "Actual Startup Time": 484.032,
          "Actual Total Time": 502.477,
          "Actual Rows": 3,
          "Actual Loops": 1,
          "Workers Planned": 2,
          "Workers Launched": 2,
          "Single Copy": false,
          "Plans": [
            {
              "Node Type": "Aggregate",
              "Strategy": "Plain",
              "Partial Mode": "Partial",
              "Parent Relationship": "Outer",
              "Parallel Aware": false,
              "Startup Cost": 95506.39,
              "Total Cost": 95506.4,
              "Plan Rows": 1,
              "Plan Width": 8,
              "Actual Startup Time": 476.337,
              "Actual Total Time": 476.751,
              "Actual Rows": 1,
              "Actual Loops": 3,
              "Plans": [
                {
                  "Node Type": "Hash Join",
                  "Parent Relationship": "Outer",
                  "Parallel Aware": true,
                  "Join Type": "Inner",
                  "Startup Cost": 79318.7,
                  "Total Cost": 95333.27,
                  "Plan Rows": 69248,
                  "Plan Width": 0,
                  "Actual Startup Time": 374.902,
                  "Actual Total Time": 473.44,
                  "Actual Rows": 69868,
                  "Actual Loops": 3,
                  "Inner Unique": false,
                  "Hash Cond": "(mi_idx.movie_id = t.id)",
                  "Plans": [
                    {
                      "Node Type": "Seq Scan",
                      "Parent Relationship": "Outer",
                      "Parallel Aware": true,
                      "Relation Name": "movie_info_idx",
                      "Alias": "mi_idx",
                      "Startup Cost": 0.0,
                      "Total Cost": 13685.15,
                      "Plan Rows": 575015,
                      "Plan Width": 4,
                      "Actual Startup Time": 0.033,
                      "Actual Total Time": 40.113,
                      "Actual Rows": 460012,
                      "Actual Loops": 3
                    },
                    {
                      "Node Type": "Hash",
                      "Parent Relationship": "Inner",
                      "Parallel Aware": true,
                      "Startup Cost": 78367.2,
                      "Total Cost": 78367.2,
                      "Plan Rows": 76120,
                      "Plan Width": 8,
                      "Actual Startup Time": 370.685,
                      "Actual Total Time": 371.097,
                      "Actual Rows": 55099,
                      "Actual Loops": 3,
                      "Hash Buckets": 524288,
                      "Original Hash Buckets": 524288,
                      "Hash Batches": 1,
                      "Original Hash Batches": 1,
                      "Peak Memory Usage": 10592,
                      "Plans": [
                        {
                          "Node Type": "Hash Join",
                          "Parent Relationship": "Outer",
                          "Parallel Aware": true,
                          "Join Type": "Inner",
                          "Startup Cost": 32642.56,
                          "Total Cost": 78367.2,
                          "Plan Rows": 76120,
                          "Plan Width": 8,
                          "Actual Startup Time": 120.561,
                          "Actual Total Time": 350.822,
                          "Actual Rows": 55099,
                          "Actual Loops": 3,
                          "Inner Unique": false,
                          "Hash Cond": "(t.id = mc.movie_id)",
                          "Plans": [
                            {
                              "Node Type": "Seq Scan",
                              "Parent Relationship": "Outer",
                              "Parallel Aware": true,
                              "Relation Name": "title",
                              "Alias": "t",
                              "Startup Cost": 0.0,
                              "Total Cost": 42318.73,
                              "Plan Rows": 632073,
                              "Plan Width": 4,
                              "Actual Startup Time": 0.016,
                              "Actual Total Time": 98.025,
                              "Actual Rows": 842771,
                              "Actual Loops": 3
                            },
                            {
                              "Node Type": "Hash",
                              "Parent Relationship": "Inner",
                              "Parallel Aware": true,
                              "Startup Cost": 31414.82,
                              "Total Cost": 31414.82,
                              "Plan Rows": 98219,
                              "Plan Width": 4,
                              "Actual Startup Time": 118.141,
                              "Actual Total Time": 118.142,
                              "Actual Rows": 55099,
                              "Actual Loops": 3,
                              "Hash Buckets": 524288,
                              "Original Hash Buckets": 524288,
                              "Hash Batches": 1,
                              "Original Hash Batches": 1,
                              "Peak Memory Usage": 10624,
                              "Plans": [
                                {
                                  "Node Type": "Seq Scan",
                                  "Parent Relationship": "Outer",
                                  "Parallel Aware": true,
                                  "Relation Name": "movie_companies",
                                  "Alias": "mc",
                                  "Startup Cost": 0.0,
                                  "Total Cost": 31414.82,
                                  "Plan Rows": 98219,
                                  "Plan Width": 4,
                                  "Actual Startup Time": 56.414,
                                  "Actual Total Time": 97.181,
                                  "Actual Rows": 55099,
                                  "Actual Loops": 3,
                                  "Filter": "((company_id < 685) AND (company_type_id > 1))",
                                  "Rows Removed by Filter": 814611
                                }
                              ]
                            }
                          ]
                        }
                      ]
                    }
                  ]
                }
              ]
            }
          ]
        }
      ]
    },
    "Planning Time": 1.37,
    "Triggers": [],
    "Execution Time": 502.631
  }
]