[
  {
    "Plan": {
      "Node Type": "Aggregate",
      "Strategy": "Plain",
      "Partial Mode": "Finalize",
      "Parallel Aware": false,
      "Startup Cost": 30967.12,
      "Total Cost": 30967.13,
      "Plan Rows": 1,
      "Plan Width": 8,
      "Actual Startup Time": 86.892,
      "Actual Total Time": 96.342,
      "Actual Rows": 1,
      "Actual Loops": 1,
      "Plans": [
        {
          "Node Type": "Gather",
          "Parent Relationship": "Outer",
          "Parallel Aware": false,
          "Startup Cost": 30966.81,
          "Total Cost": 30967.12,
          "Plan Rows": 3,
          "Plan Width": 8,
          "Actual Startup Time": 86.758,
          "Actual Total Time": 96.333,
          "Actual Rows": 4,
          "Actual Loops": 1,
          "Workers Planned": 3,
          "Workers Launched": 3,
          "Single Copy": false,
          "Plans": [
            {
              "Node Type": "Aggregate",
              "Strategy": "Plain",
              "Partial Mode": "Partial",
              "Parent Relationship": "Outer",
              "Parallel Aware": false,
              "Startup Cost": 29966.81,
              "Total Cost": 29966.82,
              "Plan Rows": 1,
              "Plan Width": 8,
              "Actual Startup Time": 83.067,
              "Actual Total Time": 83.068,
              "Actual Rows": 1,
              "Actual Loops": 4,
              "Plans": [
                {
                  "Node Type": "Seq Scan",
                  "Parent Relationship": "Outer",
                  "Parallel Aware": true,
                  "Relation Name": "movie_companies",
                  "Alias": "mc",
                  "Startup Cost": 0.0,
                  "Total Cost": 29310.68,
                  "Plan Rows": 262450,
                  "Plan Width": 0,
                  "Actual Startup Time": 17.359,
                  "Actual Total Time": 73.691,
                  "Actual Rows": 200671,
                  "Actual Loops": 4,
                  "Filter": "(company_id > 30109)",
                  "Rows Removed by Filter": 451611
                }
              ]
            }
          ]
        }
      ]
    },
    "Planning Time": 0.113,
    "Triggers": [],
    "Execution Time": 96.379
  }
]