[
  {
    "Plan": {
      "Node Type": "Aggregate",
      "Strategy": "Plain",
      "Partial Mode": "Finalize",
      "Parallel Aware": false,
      "Startup Cost": 46181.15,
      "Total Cost": 46181.16,
      "Plan Rows": 1,
      "Plan Width": 8,
      "Actual Startup Time": 139.292,
      "Actual Total Time": 149.071,
      "Actual Rows": 1,
      "Actual Loops": 1,
      "Plans": [
        {
          "Node Type": "Gather",
          "Parent Relationship": "Outer",
          "Parallel Aware": false,
          "Startup Cost": 46180.84,
          "Total Cost": 46181.15,
          "Plan Rows": 3,
          "Plan Width": 8,
          "Actual Startup Time": 139.16,
          "Actual Total Time": 149.064,
          "Actual Rows": 4,
          "Actual Loops": 1,
          "Workers Planned": 3,
          "Workers Launched": 3,
          "Single Copy": false,
          "Plans": [
            {
              "Node Type": "Aggregate",
              "Strategy": "Plain",
              "Partial Mode": "Partial",
              "Parent Relationship": "Outer",
              "Parallel Aware": false,
              "Startup Cost": 45180.84,
              "Total Cost": 45180.85,
              "Plan Rows": 1,
              "Plan Width": 8,
              "Actual Startup Time": 135.609,
              "Actual Total Time": 135.61,
              "Actual Rows": 1,
              "Actual Loops": 4,
              "Plans": [
                {
                  "Node Type": "Seq Scan",
                  "Parent Relationship": "Outer",
                  "Parallel Aware": true,
                  "Relation Name": "movie_keyword",
                  "Alias": "mk",
                  "Startup Cost": 0.0,
                  "Total Cost": 42695.65,
                  "Plan Rows": 994073,
                  "Plan Width": 0,
                  "Actual Startup Time": 0.026,
                  "Actual Total Time": 104.623,
                  "Actual Rows": 771912,
                  "Actual Loops": 4,
                  "Filter": "(keyword_id < 11652)",
                  "Rows Removed by Filter": 359070
                }
              ]
            }
          ]
        }
      ]
    },
    "Planning Time": 0.187,
    "Triggers": [],
    "Execution Time": 149.124
  }
]