[
  {
    "Plan": {
      "Node Type": "Aggregate",
      "Strategy": "Plain",
      "Partial Mode": "Finalize",
      "Parallel Aware": false,
      "Startup Cost": 46190.76,
      "Total Cost": 46190.77,
      "Plan Rows": 1,
      "Plan Width": 8,
      "Actual Startup Time": 160.333,
      "Actual Total Time": 170.001,
      "Actual Rows": 1,
      "Actual Loops": 1,
      "Plans": [
        {
          "Node Type": "Gather",
          "Parent Relationship": "Outer",
          "Parallel Aware": false,
          "Startup Cost": 46190.44,
          "Total Cost": 46190.75,
          "Plan Rows": 3,
          "Plan Width": 8,
          "Actual Startup Time": 160.219,
          "Actual Total Time": 169.994,
          "Actual Rows": 4,
          "Actual Loops": 1,
          "Workers Planned": 3,
          "Workers Launched": 3,
          "Single Copy": false,
          "Plans": [
            {
              "Node Type": "Aggregate",
              "Strategy": "Plain",
              "Partial Mode": "Partial",
              "Parent Relationship": "Outer",
              "Parallel Aware": false,
              "Startup Cost": 45190.44,
              "Total Cost": 45190.45,
              "Plan Rows": 1,
              "Plan Width": 8,
              "Actual Startup Time": 153.705,
              "Actual Total Time": 153.707,
              "Actual Rows": 1,
              "Actual Loops": 4,
              "Plans": [
                {
                  "Node Type": "Seq Scan",
                  "Parent Relationship": "Outer",
                  "Parallel Aware": true,
                  "Relation Name": "movie_keyword",
                  "Alias": "mk",
                  "Startup Cost": 0.0,
                  "Total Cost": 42695.65,
                  "Plan Rows": 997915,
                  "Plan Width": 0,
                  "Actual Startup Time": 0.05,
                  "Actual Total Time": 119.823,
                  "Actual Rows": 771912,
                  "Actual Loops": 4,
                  "Filter": "(keyword_id < 11652)",
                  "Rows Removed by Filter": 359070
                }
              ]
            }
          ]
        }
      ]
    },
    "Planning Time": 0.178,
    "Triggers": [],
    "Execution Time": 170.055
  }
]