[
  {
    "Plan": {
      "Node Type": "Aggregate",
      "Strategy": "Plain",
      "Partial Mode": "Finalize",
      "Parallel Aware": false,
      "Startup Cost": 355098.29,
      "Total Cost": 355098.3,
      "Plan Rows": 1,
      "Plan Width": 8,
      "Actual Startup Time": 924.038,
      "Actual Total Time": 980.53,
      "Actual Rows": 1,
      "Actual Loops": 1,
      "Plans": [
        {
          "Node Type": "Gather",
          "Parent Relationship": "Outer",
          "Parallel Aware": false,
          "Startup Cost": 355097.67,
          "Total Cost": 355098.28,
          "Plan Rows": 6,
          "Plan Width": 8,
          "Actual Startup Time": 923.933,
          "Actual Total Time": 980.52,
          "Actual Rows": 7,
          "Actual Loops": 1,
          "Workers Planned": 6,
          "Workers Launched": 6,
          "Single Copy": false,
          "Plans": [
            {
              "Node Type": "Aggregate",
              "Strategy": "Plain",
              "Partial Mode": "Partial",
              "Parent Relationship": "Outer",
              "Parallel Aware": false,
              "Startup Cost": 354097.67,
              "Total Cost": 354097.68,
              "Plan Rows": 1,
              "Plan Width": 8,
              "Actual Startup Time": 914.69,
              "Actual Total Time": 914.692,
              "Actual Rows": 1,
              "Actual Loops": 7,
              "Plans": [
                {
                  "Node Type": "Seq Scan",
                  "Parent Relationship": "Outer",
                  "Parallel Aware": true,
                  "Relation Name": "cast_info",
                  "Alias": "ci",
                  "Startup Cost": 0.0,
                  "Total Cost": 343257.03,
                  "Plan Rows": 4336255,
                  "Plan Width": 0,
                  "Actual Startup Time": 0.052,
                  "Actual Total Time": 735.556,
                  "Actual Rows": 4045066,
                  "Actual Loops": 7,
                  "Filter": "((person_id < 3032543) AND (role_id < 10))",
                  "Rows Removed by Filter": 1132698
                }
              ]
            }
          ]
        }
      ]
    },
    "Planning Time": 0.224,
    "Triggers": [],
    "Execution Time": 980.602
  }
]