[
  {
    "Plan": {
      "Node Type": "Aggregate",
      "Strategy": "Plain",
      "Partial Mode": "Finalize",
      "Parallel Aware": false,
      "Startup Cost": 87215.08,
      "Total Cost": 87215.09,
      "Plan Rows": 1,
      "Plan Width": 8,
      "Actual Startup Time": 232.968,
      "Actual Total Time": 248.357,
      "Actual Rows": 1,
      "Actual Loops": 1,
      "Plans": [
        {
          "Node Type": "Gather",
          "Parent Relationship": "Outer",
          "Parallel Aware": false,
          "Startup Cost": 87214.76,
          "Total Cost": 87215.07,
          "Plan Rows": 3,
          "Plan Width": 8,
          "Actual Startup Time": 232.254,
          "Actual Total Time": 248.346,
          "Actual Rows": 4,
          "Actual Loops": 1,
          "Workers Planned": 3,
          "Workers Launched": 3,
          "Single Copy": false,
          "Plans": [
            {
              "Node Type": "Aggregate",
              "Strategy": "Plain",
              "Partial Mode": "Partial",
              "Parent Relationship": "Outer",
              "Parallel Aware": false,
              "Startup Cost": 86214.76,
              "Total Cost": 86214.77,
              "Plan Rows": 1,
              "Plan Width": 8,
              "Actual Startup Time": 225.163,
              "Actual Total Time": 225.17,
              "Actual Rows": 1,
              "Actual Loops": 4,
              "Plans": [
                {
                  "Node Type": "Hash Join",
                  "Parent Relationship": "Outer",
                  "Parallel Aware": true,
                  "Join Type": "Inner",
                  "Startup Cost": 58442.06,
                  "Total Cost": 86203.67,
                  "Plan Rows": 4439,
                  "Plan Width": 0,
                  "Actual Startup Time": 134.562,
                  "Actual Total Time": 224.848,
                  "Actual Rows": 3656,
                  "Actual Loops": 4,
                  "Inner Unique": true,
                  "Hash Cond": "(mk.movie_id = t.id)",
                  "Plans": [
                    {
                      "Node Type": "Bitmap Heap Scan",
                      "Parent Relationship": "Outer",
                      "Parallel Aware": true,
                      "Relation Name": "movie_keyword",
                      "Alias": "mk",
                      "Startup Cost": 14382.34,
                      "Total Cost": 41569.9,
                      "Plan Rows": 218685,
                      "Plan Width": 4,
                      "Actual Startup Time": 39.189,
                      "Actual Total Time": 106.772,
                      "Actual Rows": 170046,
                      "Actual Loops": 4,
                      "Recheck Cond": "(keyword_id < 561)",
                      "Rows Removed by Index Recheck": 0,
                      "Exact Heap Blocks": 8293,
                      "Lossy Heap Blocks": 0,
                      "Plans": [
                        {
                          "Node Type": "Bitmap Index Scan",
                          "Parent Relationship": "Outer",
                          "Parallel Aware": false,
                          "Index Name": "keyword_id_movie_keyword",
                          "Startup Cost": 0.0,
                          "Total Cost": 14212.86,
                          "Plan Rows": 677923,
                          "Plan Width": 0,
                          "Actual Startup Time": 35.523,
                          "Actual Total Time": 35.524,
                          "Actual Rows": 680183,
                          "Actual Loops": 1,
                          "Index Cond": "(keyword_id < 561)"
                        }
                      ]
                    },
                    {
                      "Node Type": "Hash",
                      "Parent Relationship": "Inner",
                      "Parallel Aware": true,
                      "Startup Cost": 43899.32,
                      "Total Cost": 43899.32,
                      "Plan Rows": 12832,
                      "Plan Width": 4,
                      "Actual Startup Time": 94.416,
                      "Actual Total Time": 94.418,
                      "Actual Rows": 11646,
                      "Actual Loops": 4,
                      "Hash Buckets": 65536,
                      "Original Hash Buckets": 65536,
                      "Hash Batches": 1,
                      "Original Hash Batches": 1,
                      "Peak Memory Usage": 2400,
                      "Plans": [
                        {
                          "Node Type": "Seq Scan",
                          "Parent Relationship": "Outer",
                          "Parallel Aware": true,
                          "Relation Name": "title",
                          "Alias": "t",
                          "Startup Cost": 0.0,
                          "Total Cost": 43899.32,
                          "Plan Rows": 12832,
                          "Plan Width": 4,
                          "Actual Startup Time": 0.037,
                          "Actual Total Time": 89.24,
                          "Actual Rows": 11646,
                          "Actual Loops": 4,
                          "Filter": "(production_year = 1998)",
                          "Rows Removed by Filter": 620432
                        }
                      ]
                    }
                  ]
                }
              ]
            }
          ]
        }
      ]
    },
    "Planning Time": 0.254,
    "Triggers": [],
    "Execution Time": 248.399
  }
]