[
  {
    "Plan": {
      "Node Type": "Aggregate",
      "Strategy": "Plain",
      "Partial Mode": "Finalize",
      "Parallel Aware": false,
      "Startup Cost": 193559.84,
      "Total Cost": 193559.85,
      "Plan Rows": 1,
      "Plan Width": 8,
      "Actual Startup Time": 1064.308,
      "Actual Total Time": 1125.968,
      "Actual Rows": 1,
      "Actual Loops": 1,
      "Plans": [
        {
          "Node Type": "Gather",
          "Parent Relationship": "Outer",
          "Parallel Aware": false,
          "Startup Cost": 193559.52,
          "Total Cost": 193559.83,
          "Plan Rows": 3,
          "Plan Width": 8,
          "Actual Startup Time": 1062.735,
          "Actual Total Time": 1125.958,
          "Actual Rows": 4,
          "Actual Loops": 1,
          "Workers Planned": 3,
          "Workers Launched": 3,
          "Single Copy": false,
          "Plans": [
            {
              "Node Type": "Aggregate",
              "Strategy": "Plain",
              "Partial Mode": "Partial",
              "Parent Relationship": "Outer",
              "Parallel Aware": false,
              "Startup Cost": 192559.52,
              "Total Cost": 192559.53,
              "Plan Rows": 1,
              "Plan Width": 8,
              "Actual Startup Time": 1057.156,
              "Actual Total Time": 1057.16,
              "Actual Rows": 1,
              "Actual Loops": 4,
              "Plans": [
                {
                  "Node Type": "Nested Loop",
                  "Parent Relationship": "Outer",
                  "Parallel Aware": false,
                  "Join Type": "Inner",
                  "Startup Cost": 44284.51,
                  "Total Cost": 192380.45,
                  "Plan Rows": 71629,
                  "Plan Width": 0,
                  "Actual Startup Time": 140.049,
                  "Actual Total Time": 1052.305,
                  "Actual Rows": 61090,
                  "Actual Loops": 4,
                  "Inner Unique": false,
                  "Join Filter": "(t.id = ci.movie_id)",
                  "Rows Removed by Join Filter": 0,
                  "Plans": [
                    {
                      "Node Type": "Hash Join",
                      "Parent Relationship": "Outer",
                      "Parallel Aware": true,
                      "Join Type": "Inner",
                      "Startup Cost": 44283.95,
                      "Total Cost": 90018.01,
                      "Plan Rows": 56345,
                      "Plan Width": 8,
                      "Actual Startup Time": 131.246,
                      "Actual Total Time": 328.228,
                      "Actual Rows": 46665,
                      "Actual Loops": 4,
                      "Inner Unique": true,
                      "Hash Cond": "(mk.movie_id = t.id)",
                      "Plans": [
                        {
                          "Node Type": "Seq Scan",
                          "Parent Relationship": "Outer",
                          "Parallel Aware": true,
                          "Relation Name": "movie_keyword",
                          "Alias": "mk",
                          "Startup Cost": 0.0,
                          "Total Cost": 42695.65,
                          "Plan Rows": 1157490,
                          "Plan Width": 4,
                          "Actual Startup Time": 0.037,
                          "Actual Total Time": 125.011,
                          "Actual Rows": 898183,
                          "Actual Loops": 4,
                          "Filter": "(keyword_id < 20321)",
                          "Rows Removed by Filter": 232800
                        },
                        {
                          "Node Type": "Hash",
                          "Parent Relationship": "Inner",
                          "Parallel Aware": true,
                          "Startup Cost": 43899.32,
                          "Total Cost": 43899.32,
                          "Plan Rows": 30770,
                          "Plan Width": 4,
                          "Actual Startup Time": 111.95,
                          "Actual Total Time": 111.95,
                          "Actual Rows": 33281,
                          "Actual Loops": 4,
                          "Hash Buckets": 262144,
                          "Original Hash Buckets": 131072,
                          "Hash Batches": 1,
                          "Original Hash Batches": 1,
                          "Peak Memory Usage": 8352,
                          "Plans": [
                            {
                              "Node Type": "Seq Scan",
                              "Parent Relationship": "Outer",
                              "Parallel Aware": true,
                              "Relation Name": "title",
                              "Alias": "t",
                              "Startup Cost": 0.0,
                              "Total Cost": 43899.32,
                              "Plan Rows": 30770,
                              "Plan Width": 4,
                              "Actual Startup Time": 28.282,
                              "Actual Total Time": 95.781,
                              "Actual Rows": 33281,
                              "Actual Loops": 4,
                              "Filter": "(production_year < 1937)",
                              "Rows Removed by Filter": 598797
                            }
                          ]
                        }
                      ]
                    },
                    {
                      "Node Type": "Index Scan",
                      "Parent Relationship": "Inner",
                      "Parallel Aware": false,
                      "Scan Direction": "Forward",
                      "Index Name": "movie_id_cast_info",
                      "Relation Name": "cast_info",
                      "Alias": "ci",
                      "Startup Cost": 0.56,
                      "Total Cost": 1.78,
                      "Plan Rows": 3,
                      "Plan Width": 4,
                      "Actual Startup Time": 0.013,
                      "Actual Total Time": 0.015,
                      "Actual Rows": 1,
                      "Actual Loops": 186660,
                      "Index Cond": "(movie_id = mk.movie_id)",
                      "Rows Removed by Index Recheck": 0,
                      "Filter": "((person_id < 716114) AND (role_id > 2))",
                      "Rows Removed by Filter": 23
                    }
                  ]
                }
              ]
            }
          ]
        }
      ]
    },
    "Planning Time": 0.522,
    "Triggers": [],
    "Execution Time": 1126.037
  }
]