[
  {
    "Plan": {
      "Node Type": "Aggregate",
      "Strategy": "Plain",
      "Partial Mode": "Finalize",
      "Parallel Aware": false,
      "Startup Cost": 203790.95,
      "Total Cost": 203790.96,
      "Plan Rows": 1,
      "Plan Width": 8,
      "Actual Startup Time": 1133.257,
      "Actual Total Time": 1190.465,
      "Actual Rows": 1,
      "Actual Loops": 1,
      "Plans": [
        {
          "Node Type": "Gather",
          "Parent Relationship": "Outer",
          "Parallel Aware": false,
          "Startup Cost": 203790.64,
          "Total Cost": 203790.95,
          "Plan Rows": 3,
          "Plan Width": 8,
          "Actual Startup Time": 1133.225,
          "Actual Total Time": 1190.456,
          "Actual Rows": 4,
          "Actual Loops": 1,
          "Workers Planned": 3,
          "Workers Launched": 3,
          "Single Copy": false,
          "Plans": [
            {
              "Node Type": "Aggregate",
              "Strategy": "Plain",
              "Partial Mode": "Partial",
              "Parent Relationship": "Outer",
              "Parallel Aware": false,
              "Startup Cost": 202790.64,
              "Total Cost": 202790.65,
              "Plan Rows": 1,
              "Plan Width": 8,
              "Actual Startup Time": 1122.034,
              "Actual Total Time": 1122.037,
              "Actual Rows": 1,
              "Actual Loops": 4,
              "Plans": [
                {
                  "Node Type": "Nested Loop",
                  "Parent Relationship": "Outer",
                  "Parallel Aware": false,
                  "Join Type": "Inner",
                  "Startup Cost": 44311.51,
                  "Total Cost": 202595.66,
                  "Plan Rows": 77990,
                  "Plan Width": 0,
                  "Actual Startup Time": 162.598,
                  "Actual Total Time": 1116.957,
                  "Actual Rows": 61090,
                  "Actual Loops": 4,
                  "Inner Unique": false,
                  "Join Filter": "(t.id = ci.movie_id)",
                  "Rows Removed by Join Filter": 0,
                  "Plans": [
                    {
                      "Node Type": "Hash Join",
                      "Parent Relationship": "Outer",
                      "Parallel Aware": true,
                      "Join Type": "Inner",
                      "Startup Cost": 44310.94,
                      "Total Cost": 90050.84,
                      "Plan Rows": 60479,
                      "Plan Width": 8,
                      "Actual Startup Time": 151.336,
                      "Actual Total Time": 370.743,
                      "Actual Rows": 46665,
                      "Actual Loops": 4,
                      "Inner Unique": true,
                      "Hash Cond": "(mk.movie_id = t.id)",
                      "Plans": [
                        {
                          "Node Type": "Seq Scan",
                          "Parent Relationship": "Outer",
                          "Parallel Aware": true,
                          "Relation Name": "movie_keyword",
                          "Alias": "mk",
                          "Startup Cost": 0.0,
                          "Total Cost": 42695.65,
                          "Plan Rows": 1159712,
                          "Plan Width": 4,
                          "Actual Startup Time": 0.033,
                          "Actual Total Time": 139.952,
                          "Actual Rows": 898183,
                          "Actual Loops": 4,
                          "Filter": "(keyword_id < 20321)",
                          "Rows Removed by Filter": 232800
                        },
                        {
                          "Node Type": "Hash",
                          "Parent Relationship": "Inner",
                          "Parallel Aware": true,
                          "Startup Cost": 43898.92,
                          "Total Cost": 43898.92,
                          "Plan Rows": 32962,
                          "Plan Width": 4,
                          "Actual Startup Time": 129.196,
                          "Actual Total Time": 129.197,
                          "Actual Rows": 33281,
                          "Actual Loops": 4,
                          "Hash Buckets": 262144,
                          "Original Hash Buckets": 262144,
                          "Hash Batches": 1,
                          "Original Hash Batches": 1,
                          "Peak Memory Usage": 7296,
                          "Plans": [
                            {
                              "Node Type": "Seq Scan",
                              "Parent Relationship": "Outer",
                              "Parallel Aware": true,
                              "Relation Name": "title",
                              "Alias": "t",
                              "Startup Cost": 0.0,
                              "Total Cost": 43898.92,
                              "Plan Rows": 32962,
                              "Plan Width": 4,
                              "Actual Startup Time": 48.306,
                              "Actual Total Time": 116.527,
                              "Actual Rows": 33281,
                              "Actual Loops": 4,
                              "Filter": "(production_year < 1937)",
                              "Rows Removed by Filter": 598797
                            }
                          ]
                        }
                      ]
                    },
                    {
                      "Node Type": "Index Scan",
                      "Parent Relationship": "Inner",
                      "Parallel Aware": false,
                      "Scan Direction": "Forward",
                      "Index Name": "movie_id_cast_info",
                      "Relation Name": "cast_info",
                      "Alias": "ci",
                      "Startup Cost": 0.56,
                      "Total Cost": 1.82,
                      "Plan Rows": 3,
                      "Plan Width": 4,
                      "Actual Startup Time": 0.014,
                      "Actual Total Time": 0.016,
                      "Actual Rows": 1,
                      "Actual Loops": 186660,
                      "Index Cond": "(movie_id = mk.movie_id)",
                      "Rows Removed by Index Recheck": 0,
                      "Filter": "((person_id < 716114) AND (role_id > 2))",
                      "Rows Removed by Filter": 23
                    }
                  ]
                }
              ]
            }
          ]
        }
      ]
    },
    "Planning Time": 1.446,
    "Triggers": [],
    "Execution Time": 1190.581
  }
]