[
    {
        "Bao": {
            "Bao prediction": 1383.429,
            "Bao recommended hint": "SET enable_nestloop TO off; "
        }
    },
    {
        "Plan": {
            "Node Type": "Aggregate",
            "Strategy": "Plain",
            "Partial Mode": "Finalize",
            "Parallel Aware": false,
            "Startup Cost": 546572.42,
            "Total Cost": 546572.43,
            "Plan Rows": 1,
            "Plan Width": 64,
            "Actual Startup Time": 3944.79,
            "Actual Total Time": 4070.231,
            "Actual Rows": 1,
            "Actual Loops": 1,
            "Output": [
                "min(an.name)",
                "min(t.title)"
            ],
            "Plans": [
                {
                    "Node Type": "Gather",
                    "Parent Relationship": "Outer",
                    "Parallel Aware": false,
                    "Startup Cost": 546572.09,
                    "Total Cost": 546572.4,
                    "Plan Rows": 3,
                    "Plan Width": 64,
                    "Actual Startup Time": 3940.134,
                    "Actual Total Time": 4070.202,
                    "Actual Rows": 4,
                    "Actual Loops": 1,
                    "Output": [
                        "(PARTIAL min(an.name))",
                        "(PARTIAL min(t.title))"
                    ],
                    "Workers Planned": 3,
                    "Workers Launched": 3,
                    "Single Copy": false,
                    "Plans": [
                        {
                            "Node Type": "Aggregate",
                            "Strategy": "Plain",
                            "Partial Mode": "Partial",
                            "Parent Relationship": "Outer",
                            "Parallel Aware": false,
                            "Startup Cost": 545572.09,
                            "Total Cost": 545572.1,
                            "Plan Rows": 1,
                            "Plan Width": 64,
                            "Actual Startup Time": 3928.41,
                            "Actual Total Time": 3928.702,
                            "Actual Rows": 1,
                            "Actual Loops": 4,
                            "Output": [
                                "PARTIAL min(an.name)",
                                "PARTIAL min(t.title)"
                            ],
                            "Workers": [
                                {
                                    "Worker Number": 0,
                                    "Actual Startup Time": 3924.729,
                                    "Actual Total Time": 3924.75,
                                    "Actual Rows": 1,
                                    "Actual Loops": 1
                                },
                                {
                                    "Worker Number": 1,
                                    "Actual Startup Time": 3925.807,
                                    "Actual Total Time": 3925.826,
                                    "Actual Rows": 1,
                                    "Actual Loops": 1
                                },
                                {
                                    "Worker Number": 2,
                                    "Actual Startup Time": 3924.883,
                                    "Actual Total Time": 3924.901,
                                    "Actual Rows": 1,
                                    "Actual Loops": 1
                                }
                            ],
                            "Plans": [
                                {
                                    "Node Type": "Hash Join",
                                    "Parent Relationship": "Outer",
                                    "Parallel Aware": true,
                                    "Join Type": "Inner",
                                    "Startup Cost": 530177.85,
                                    "Total Cost": 545571.76,
                                    "Plan Rows": 66,
                                    "Plan Width": 33,
                                    "Actual Startup Time": 3833.835,
                                    "Actual Total Time": 3921.94,
                                    "Actual Rows": 56229,
                                    "Actual Loops": 4,
                                    "Output": [
                                        "an.name",
                                        "t.title"
                                    ],
                                    "Inner Unique": false,
                                    "Hash Cond": "(an.person_id = n.id)",
                                    "Workers": [
                                        {
                                            "Worker Number": 0,
                                            "Actual Startup Time": 3830.688,
                                            "Actual Total Time": 3918.315,
                                            "Actual Rows": 47984,
                                            "Actual Loops": 1
                                        },
                                        {
                                            "Worker Number": 1,
                                            "Actual Startup Time": 3830.443,
                                            "Actual Total Time": 3918.727,
                                            "Actual Rows": 50870,
                                            "Actual Loops": 1
                                        },
                                        {
                                            "Worker Number": 2,
                                            "Actual Startup Time": 3830.403,
                                            "Actual Total Time": 3917.724,
                                            "Actual Rows": 50895,
                                            "Actual Loops": 1
                                        }
                                    ],
                                    "Plans": [
                                        {
                                            "Node Type": "Seq Scan",
                                            "Parent Relationship": "Outer",
                                            "Parallel Aware": true,
                                            "Relation Name": "aka_name",
                                            "Schema": "public",
                                            "Alias": "an",
                                            "Startup Cost": 0.0,
                                            "Total Cost": 14303.56,
                                            "Plan Rows": 290756,
                                            "Plan Width": 20,
                                            "Actual Startup Time": 0.019,
                                            "Actual Total Time": 34.139,
                                            "Actual Rows": 225336,
                                            "Actual Loops": 4,
                                            "Output": [
                                                "an.id",
                                                "an.person_id",
                                                "an.name",
                                                "an.imdb_index",
                                                "an.name_pcode_cf",
                                                "an.name_pcode_nf",
                                                "an.surname_pcode",
                                                "an.md5sum"
                                            ],
                                            "Workers": [
                                                {
                                                    "Worker Number": 0,
                                                    "Actual Startup Time": 0.022,
                                                    "Actual Total Time": 33.653,
                                                    "Actual Rows": 183360,
                                                    "Actual Loops": 1
                                                },
                                                {
                                                    "Worker Number": 1,
                                                    "Actual Startup Time": 0.03,
                                                    "Actual Total Time": 34.535,
                                                    "Actual Rows": 205867,
                                                    "Actual Loops": 1
                                                },
                                                {
                                                    "Worker Number": 2,
                                                    "Actual Startup Time": 0.016,
                                                    "Actual Total Time": 34.875,
                                                    "Actual Rows": 203379,
                                                    "Actual Loops": 1
                                                }
                                            ]
                                        },
                                        {
                                            "Node Type": "Hash",
                                            "Parent Relationship": "Inner",
                                            "Parallel Aware": true,
                                            "Startup Cost": 530177.57,
                                            "Total Cost": 530177.57,
                                            "Plan Rows": 22,
                                            "Plan Width": 25,
                                            "Actual Startup Time": 3831.785,
                                            "Actual Total Time": 3832.075,
                                            "Actual Rows": 57433,
                                            "Actual Loops": 4,
                                            "Output": [
                                                "ci.person_id",
                                                "n.id",
                                                "t.title"
                                            ],
                                            "Hash Buckets": 262144,
                                            "Original Hash Buckets": 1024,
                                            "Hash Batches": 1,
                                            "Original Hash Batches": 1,
                                            "Peak Memory Usage": 18424,
                                            "Workers": [
                                                {
                                                    "Worker Number": 0,
                                                    "Actual Startup Time": 3829.314,
                                                    "Actual Total Time": 3829.333,
                                                    "Actual Rows": 53299,
                                                    "Actual Loops": 1
                                                },
                                                {
                                                    "Worker Number": 1,
                                                    "Actual Startup Time": 3829.279,
                                                    "Actual Total Time": 3829.297,
                                                    "Actual Rows": 57763,
                                                    "Actual Loops": 1
                                                },
                                                {
                                                    "Worker Number": 2,
                                                    "Actual Startup Time": 3829.134,
                                                    "Actual Total Time": 3829.151,
                                                    "Actual Rows": 56720,
                                                    "Actual Loops": 1
                                                }
                                            ],
                                            "Plans": [
                                                {
                                                    "Node Type": "Hash Join",
                                                    "Parent Relationship": "Outer",
                                                    "Parallel Aware": true,
                                                    "Join Type": "Inner",
                                                    "Startup Cost": 460238.5,
                                                    "Total Cost": 530177.57,
                                                    "Plan Rows": 22,
                                                    "Plan Width": 25,
                                                    "Actual Startup Time": 3354.92,
                                                    "Actual Total Time": 3780.418,
                                                    "Actual Rows": 57433,
                                                    "Actual Loops": 4,
                                                    "Output": [
                                                        "ci.person_id",
                                                        "n.id",
                                                        "t.title"
                                                    ],
                                                    "Inner Unique": false,
                                                    "Hash Cond": "(n.id = ci.person_id)",
                                                    "Workers": [
                                                        {
                                                            "Worker Number": 0,
                                                            "Actual Startup Time": 3352.389,
                                                            "Actual Total Time": 3781.718,
                                                            "Actual Rows": 53299,
                                                            "Actual Loops": 1
                                                        },
                                                        {
                                                            "Worker Number": 1,
                                                            "Actual Startup Time": 3352.296,
                                                            "Actual Total Time": 3772.924,
                                                            "Actual Rows": 57763,
                                                            "Actual Loops": 1
                                                        },
                                                        {
                                                            "Worker Number": 2,
                                                            "Actual Startup Time": 3352.421,
                                                            "Actual Total Time": 3775.281,
                                                            "Actual Rows": 56720,
                                                            "Actual Loops": 1
                                                        }
                                                    ],
                                                    "Plans": [
                                                        {
                                                            "Node Type": "Seq Scan",
                                                            "Parent Relationship": "Outer",
                                                            "Parallel Aware": true,
                                                            "Relation Name": "name",
                                                            "Schema": "public",
                                                            "Alias": "n",
                                                            "Startup Cost": 0.0,
                                                            "Total Cost": 66031.94,
                                                            "Plan Rows": 1041894,
                                                            "Plan Width": 4,
                                                            "Actual Startup Time": 0.033,
                                                            "Actual Total Time": 181.623,
                                                            "Actual Rows": 1041873,
                                                            "Actual Loops": 4,
                                                            "Output": [
                                                                "n.id",
                                                                "n.name",
                                                                "n.imdb_index",
                                                                "n.imdb_id",
                                                                "n.gender",
                                                                "n.name_pcode_cf",
                                                                "n.name_pcode_nf",
                                                                "n.surname_pcode",
                                                                "n.md5sum"
                                                            ],
                                                            "Workers": [
                                                                {
                                                                    "Worker Number": 0,
                                                                    "Actual Startup Time": 0.036,
                                                                    "Actual Total Time": 182.775,
                                                                    "Actual Rows": 974929,
                                                                    "Actual Loops": 1
                                                                },
                                                                {
                                                                    "Worker Number": 1,
                                                                    "Actual Startup Time": 0.037,
                                                                    "Actual Total Time": 181.595,
                                                                    "Actual Rows": 1034998,
                                                                    "Actual Loops": 1
                                                                },
                                                                {
                                                                    "Worker Number": 2,
                                                                    "Actual Startup Time": 0.04,
                                                                    "Actual Total Time": 185.602,
                                                                    "Actual Rows": 1030849,
                                                                    "Actual Loops": 1
                                                                }
                                                            ]
                                                        },
                                                        {
                                                            "Node Type": "Hash",
                                                            "Parent Relationship": "Inner",
                                                            "Parallel Aware": true,
                                                            "Startup Cost": 460238.32,
                                                            "Total Cost": 460238.32,
                                                            "Plan Rows": 14,
                                                            "Plan Width": 21,
                                                            "Actual Startup Time": 3354.574,
                                                            "Actual Total Time": 3354.862,
                                                            "Actual Rows": 57433,
                                                            "Actual Loops": 4,
                                                            "Output": [
                                                                "ci.person_id",
                                                                "t.title"
                                                            ],
                                                            "Hash Buckets": 262144,
                                                            "Original Hash Buckets": 1024,
                                                            "Hash Batches": 1,
                                                            "Original Hash Batches": 1,
                                                            "Peak Memory Usage": 17656,
                                                            "Workers": [
                                                                {
                                                                    "Worker Number": 0,
                                                                    "Actual Startup Time": 3352.048,
                                                                    "Actual Total Time": 3352.065,
                                                                    "Actual Rows": 58933,
                                                                    "Actual Loops": 1
                                                                },
                                                                {
                                                                    "Worker Number": 1,
                                                                    "Actual Startup Time": 3352.089,
                                                                    "Actual Total Time": 3352.105,
                                                                    "Actual Rows": 56772,
                                                                    "Actual Loops": 1
                                                                },
                                                                {
                                                                    "Worker Number": 2,
                                                                    "Actual Startup Time": 3351.994,
                                                                    "Actual Total Time": 3352.008,
                                                                    "Actual Rows": 56455,
                                                                    "Actual Loops": 1
                                                                }
                                                            ],
                                                            "Plans": [
                                                                {
                                                                    "Node Type": "Hash Join",
                                                                    "Parent Relationship": "Outer",
                                                                    "Parallel Aware": true,
                                                                    "Join Type": "Inner",
                                                                    "Startup Cost": 124474.47,
                                                                    "Total Cost": 460238.32,
                                                                    "Plan Rows": 14,
                                                                    "Plan Width": 21,
                                                                    "Actual Startup Time": 802.739,
                                                                    "Actual Total Time": 3214.891,
                                                                    "Actual Rows": 57433,
                                                                    "Actual Loops": 4,
                                                                    "Output": [
                                                                        "ci.person_id",
                                                                        "t.title"
                                                                    ],
                                                                    "Inner Unique": false,
                                                                    "Hash Cond": "(ci.movie_id = t.id)",
                                                                    "Workers": [
                                                                        {
                                                                            "Worker Number": 0,
                                                                            "Actual Startup Time": 799.914,
                                                                            "Actual Total Time": 3264.183,
                                                                            "Actual Rows": 58933,
                                                                            "Actual Loops": 1
                                                                        },
                                                                        {
                                                                            "Worker Number": 1,
                                                                            "Actual Startup Time": 799.899,
                                                                            "Actual Total Time": 3182.314,
                                                                            "Actual Rows": 56772,
                                                                            "Actual Loops": 1
                                                                        },
                                                                        {
                                                                            "Worker Number": 2,
                                                                            "Actual Startup Time": 800.596,
                                                                            "Actual Total Time": 3180.195,
                                                                            "Actual Rows": 56455,
                                                                            "Actual Loops": 1
                                                                        }
                                                                    ],
                                                                    "Plans": [
                                                                        {
                                                                            "Node Type": "Seq Scan",
                                                                            "Parent Relationship": "Outer",
                                                                            "Parallel Aware": true,
                                                                            "Relation Name": "cast_info",
                                                                            "Schema": "public",
                                                                            "Alias": "ci",
                                                                            "Startup Cost": 0.0,
                                                                            "Total Cost": 313106.51,
                                                                            "Plan Rows": 6041951,
                                                                            "Plan Width": 8,
                                                                            "Actual Startup Time": 0.011,
                                                                            "Actual Total Time": 1116.881,
                                                                            "Actual Rows": 9061086,
                                                                            "Actual Loops": 4,
                                                                            "Output": [
                                                                                "ci.id",
                                                                                "ci.person_id",
                                                                                "ci.movie_id",
                                                                                "ci.person_role_id",
                                                                                "ci.note",
                                                                                "ci.nr_order",
                                                                                "ci.role_id"
                                                                            ],
                                                                            "Workers": [
                                                                                {
                                                                                    "Worker Number": 0,
                                                                                    "Actual Startup Time": 0.01,
                                                                                    "Actual Total Time": 1152.486,
                                                                                    "Actual Rows": 9216834,
                                                                                    "Actual Loops": 1
                                                                                },
                                                                                {
                                                                                    "Worker Number": 1,
                                                                                    "Actual Startup Time": 0.013,
                                                                                    "Actual Total Time": 1097.014,
                                                                                    "Actual Rows": 9140038,
                                                                                    "Actual Loops": 1
                                                                                },
                                                                                {
                                                                                    "Worker Number": 2,
                                                                                    "Actual Startup Time": 0.012,
                                                                                    "Actual Total Time": 1101.669,
                                                                                    "Actual Rows": 8814663,
                                                                                    "Actual Loops": 1
                                                                                }
                                                                            ]
                                                                        },
                                                                        {
                                                                            "Node Type": "Hash",
                                                                            "Parent Relationship": "Inner",
                                                                            "Parallel Aware": true,
                                                                            "Startup Cost": 124474.46,
                                                                            "Total Cost": 124474.46,
                                                                            "Plan Rows": 1,
                                                                            "Plan Width": 29,
                                                                            "Actual Startup Time": 802.259,
                                                                            "Actual Total Time": 802.544,
                                                                            "Actual Rows": 1121,
                                                                            "Actual Loops": 4,
                                                                            "Output": [
                                                                                "mc.movie_id",
                                                                                "mk.movie_id",
                                                                                "t.title",
                                                                                "t.id"
                                                                            ],
                                                                            "Hash Buckets": 4096,
                                                                            "Original Hash Buckets": 1024,
                                                                            "Hash Batches": 1,
                                                                            "Original Hash Batches": 1,
                                                                            "Peak Memory Usage": 408,
                                                                            "Workers": [
                                                                                {
                                                                                    "Worker Number": 0,
                                                                                    "Actual Startup Time": 799.79,
                                                                                    "Actual Total Time": 799.804,
                                                                                    "Actual Rows": 1310,
                                                                                    "Actual Loops": 1
                                                                                },
                                                                                {
                                                                                    "Worker Number": 1,
                                                                                    "Actual Startup Time": 799.677,
                                                                                    "Actual Total Time": 799.69,
                                                                                    "Actual Rows": 696,
                                                                                    "Actual Loops": 1
                                                                                },
                                                                                {
                                                                                    "Worker Number": 2,
                                                                                    "Actual Startup Time": 799.718,
                                                                                    "Actual Total Time": 799.73,
                                                                                    "Actual Rows": 652,
                                                                                    "Actual Loops": 1
                                                                                }
                                                                            ],
                                                                            "Plans": [
                                                                                {
                                                                                    "Node Type": "Hash Join",
                                                                                    "Parent Relationship": "Outer",
                                                                                    "Parallel Aware": true,
                                                                                    "Join Type": "Inner",
                                                                                    "Startup Cost": 79785.0,
                                                                                    "Total Cost": 124474.46,
                                                                                    "Plan Rows": 1,
                                                                                    "Plan Width": 29,
                                                                                    "Actual Startup Time": 565.624,
                                                                                    "Actual Total Time": 768.709,
                                                                                    "Actual Rows": 1121,
                                                                                    "Actual Loops": 4,
                                                                                    "Output": [
                                                                                        "mc.movie_id",
                                                                                        "mk.movie_id",
                                                                                        "t.title",
                                                                                        "t.id"
                                                                                    ],
                                                                                    "Inner Unique": false,
                                                                                    "Hash Cond": "(t.id = mk.movie_id)",
                                                                                    "Workers": [
                                                                                        {
                                                                                            "Worker Number": 0,
                                                                                            "Actual Startup Time": 563.546,
                                                                                            "Actual Total Time": 771.551,
                                                                                            "Actual Rows": 1310,
                                                                                            "Actual Loops": 1
                                                                                        },
                                                                                        {
                                                                                            "Worker Number": 1,
                                                                                            "Actual Startup Time": 563.751,
                                                                                            "Actual Total Time": 750.256,
                                                                                            "Actual Rows": 696,
                                                                                            "Actual Loops": 1
                                                                                        },
                                                                                        {
                                                                                            "Worker Number": 2,
                                                                                            "Actual Startup Time": 562.882,
                                                                                            "Actual Total Time": 744.011,
                                                                                            "Actual Rows": 652,
                                                                                            "Actual Loops": 1
                                                                                        }
                                                                                    ],
                                                                                    "Plans": [
                                                                                        {
                                                                                            "Node Type": "Seq Scan",
                                                                                            "Parent Relationship": "Outer",
                                                                                            "Parallel Aware": true,
                                                                                            "Relation Name": "title",
                                                                                            "Schema": "public",
                                                                                            "Alias": "t",
                                                                                            "Startup Cost": 0.0,
                                                                                            "Total Cost": 42319.06,
                                                                                            "Plan Rows": 632106,
                                                                                            "Plan Width": 21,
                                                                                            "Actual Startup Time": 0.028,
                                                                                            "Actual Total Time": 110.621,
                                                                                            "Actual Rows": 632078,
                                                                                            "Actual Loops": 4,
                                                                                            "Output": [
                                                                                                "t.id",
                                                                                                "t.title",
                                                                                                "t.imdb_index",
                                                                                                "t.kind_id",
                                                                                                "t.production_year",
                                                                                                "t.imdb_id",
                                                                                                "t.phonetic_code",
                                                                                                "t.episode_of_id",
                                                                                                "t.season_nr",
                                                                                                "t.episode_nr",
                                                                                                "t.series_years",
                                                                                                "t.md5sum"
                                                                                            ],
                                                                                            "Workers": [
                                                                                                {
                                                                                                    "Worker Number": 0,
                                                                                                    "Actual Startup Time": 0.027,
                                                                                                    "Actual Total Time": 113.795,
                                                                                                    "Actual Rows": 669065,
                                                                                                    "Actual Loops": 1
                                                                                                },
                                                                                                {
                                                                                                    "Worker Number": 1,
                                                                                                    "Actual Startup Time": 0.028,
                                                                                                    "Actual Total Time": 101.643,
                                                                                                    "Actual Rows": 558442,
                                                                                                    "Actual Loops": 1
                                                                                                },
                                                                                                {
                                                                                                    "Worker Number": 2,
                                                                                                    "Actual Startup Time": 0.038,
                                                                                                    "Actual Total Time": 99.973,
                                                                                                    "Actual Rows": 521376,
                                                                                                    "Actual Loops": 1
                                                                                                }
                                                                                            ]
                                                                                        },
                                                                                        {
                                                                                            "Node Type": "Hash",
                                                                                            "Parent Relationship": "Inner",
                                                                                            "Parallel Aware": true,
                                                                                            "Startup Cost": 79784.97,
                                                                                            "Total Cost": 79784.97,
                                                                                            "Plan Rows": 2,
                                                                                            "Plan Width": 8,
                                                                                            "Actual Startup Time": 564.589,
                                                                                            "Actual Total Time": 564.872,
                                                                                            "Actual Rows": 1121,
                                                                                            "Actual Loops": 4,
                                                                                            "Output": [
                                                                                                "mc.movie_id",
                                                                                                "mk.movie_id"
                                                                                            ],
                                                                                            "Hash Buckets": 4096,
                                                                                            "Original Hash Buckets": 1024,
                                                                                            "Hash Batches": 1,
                                                                                            "Original Hash Batches": 1,
                                                                                            "Peak Memory Usage": 344,
                                                                                            "Workers": [
                                                                                                {
                                                                                                    "Worker Number": 0,
                                                                                                    "Actual Startup Time": 562.118,
                                                                                                    "Actual Total Time": 562.129,
                                                                                                    "Actual Rows": 1822,
                                                                                                    "Actual Loops": 1
                                                                                                },
                                                                                                {
                                                                                                    "Worker Number": 1,
                                                                                                    "Actual Startup Time": 562.038,
                                                                                                    "Actual Total Time": 562.048,
                                                                                                    "Actual Rows": 876,
                                                                                                    "Actual Loops": 1
                                                                                                },
                                                                                                {
                                                                                                    "Worker Number": 2,
                                                                                                    "Actual Startup Time": 562.022,
                                                                                                    "Actual Total Time": 562.033,
                                                                                                    "Actual Rows": 884,
                                                                                                    "Actual Loops": 1
                                                                                                }
                                                                                            ],
                                                                                            "Plans": [
                                                                                                {
                                                                                                    "Node Type": "Hash Join",
                                                                                                    "Parent Relationship": "Outer",
                                                                                                    "Parallel Aware": true,
                                                                                                    "Join Type": "Inner",
                                                                                                    "Startup Cost": 50277.5,
                                                                                                    "Total Cost": 79784.97,
                                                                                                    "Plan Rows": 2,
                                                                                                    "Plan Width": 8,
                                                                                                    "Actual Startup Time": 306.727,
                                                                                                    "Actual Total Time": 494.421,
                                                                                                    "Actual Rows": 1121,
                                                                                                    "Actual Loops": 4,
                                                                                                    "Output": [
                                                                                                        "mc.movie_id",
                                                                                                        "mk.movie_id"
                                                                                                    ],
                                                                                                    "Inner Unique": false,
                                                                                                    "Hash Cond": "(mc.movie_id = mk.movie_id)",
                                                                                                    "Workers": [
                                                                                                        {
                                                                                                            "Worker Number": 0,
                                                                                                            "Actual Startup Time": 304.717,
                                                                                                            "Actual Total Time": 560.057,
                                                                                                            "Actual Rows": 1822,
                                                                                                            "Actual Loops": 1
                                                                                                        },
                                                                                                        {
                                                                                                            "Worker Number": 1,
                                                                                                            "Actual Startup Time": 303.687,
                                                                                                            "Actual Total Time": 474.763,
                                                                                                            "Actual Rows": 876,
                                                                                                            "Actual Loops": 1
                                                                                                        },
                                                                                                        {
                                                                                                            "Worker Number": 2,
                                                                                                            "Actual Startup Time": 303.712,
                                                                                                            "Actual Total Time": 476.005,
                                                                                                            "Actual Rows": 884,
                                                                                                            "Actual Loops": 1
                                                                                                        }
                                                                                                    ],
                                                                                                    "Plans": [
                                                                                                        {
                                                                                                            "Node Type": "Hash Join",
                                                                                                            "Parent Relationship": "Outer",
                                                                                                            "Parallel Aware": true,
                                                                                                            "Join Type": "Inner",
                                                                                                            "Startup Cost": 4773.03,
                                                                                                            "Total Cost": 34188.97,
                                                                                                            "Plan Rows": 24408,
                                                                                                            "Plan Width": 4,
                                                                                                            "Actual Startup Time": 12.233,
                                                                                                            "Actual Total Time": 193.365,
                                                                                                            "Actual Rows": 26249,
                                                                                                            "Actual Loops": 4,
                                                                                                            "Output": [
                                                                                                                "mc.movie_id"
                                                                                                            ],
                                                                                                            "Inner Unique": true,
                                                                                                            "Hash Cond": "(mc.company_id = cn.id)",
                                                                                                            "Workers": [
                                                                                                                {
                                                                                                                    "Worker Number": 0,
                                                                                                                    "Actual Startup Time": 12.237,
                                                                                                                    "Actual Total Time": 257.404,
                                                                                                                    "Actual Rows": 40896,
                                                                                                                    "Actual Loops": 1
                                                                                                                },
                                                                                                                {
                                                                                                                    "Worker Number": 1,
                                                                                                                    "Actual Startup Time": 12.236,
                                                                                                                    "Actual Total Time": 177.466,
                                                                                                                    "Actual Rows": 22509,
                                                                                                                    "Actual Loops": 1
                                                                                                                },
                                                                                                                {
                                                                                                                    "Worker Number": 2,
                                                                                                                    "Actual Startup Time": 12.258,
                                                                                                                    "Actual Total Time": 178.887,
                                                                                                                    "Actual Rows": 20831,
                                                                                                                    "Actual Loops": 1
                                                                                                                }
                                                                                                            ],
                                                                                                            "Plans": [
                                                                                                                {
                                                                                                                    "Node Type": "Seq Scan",
                                                                                                                    "Parent Relationship": "Outer",
                                                                                                                    "Parallel Aware": true,
                                                                                                                    "Relation Name": "movie_companies",
                                                                                                                    "Schema": "public",
                                                                                                                    "Alias": "mc",
                                                                                                                    "Startup Cost": 0.0,
                                                                                                                    "Total Cost": 27206.55,
                                                                                                                    "Plan Rows": 841655,
                                                                                                                    "Plan Width": 8,
                                                                                                                    "Actual Startup Time": 0.024,
                                                                                                                    "Actual Total Time": 86.829,
                                                                                                                    "Actual Rows": 652282,
                                                                                                                    "Actual Loops": 4,
                                                                                                                    "Output": [
                                                                                                                        "mc.id",
                                                                                                                        "mc.movie_id",
                                                                                                                        "mc.company_id",
                                                                                                                        "mc.company_type_id",
                                                                                                                        "mc.note"
                                                                                                                    ],
                                                                                                                    "Workers": [
                                                                                                                        {
                                                                                                                            "Worker Number": 0,
                                                                                                                            "Actual Startup Time": 0.023,
                                                                                                                            "Actual Total Time": 114.86,
                                                                                                                            "Actual Rows": 962516,
                                                                                                                            "Actual Loops": 1
                                                                                                                        },
                                                                                                                        {
                                                                                                                            "Worker Number": 1,
                                                                                                                            "Actual Startup Time": 0.03,
                                                                                                                            "Actual Total Time": 78.756,
                                                                                                                            "Actual Rows": 582221,
                                                                                                                            "Actual Loops": 1
                                                                                                                        },
                                                                                                                        {
                                                                                                                            "Worker Number": 2,
                                                                                                                            "Actual Startup Time": 0.029,
                                                                                                                            "Actual Total Time": 83.799,
                                                                                                                            "Actual Rows": 552374,
                                                                                                                            "Actual Loops": 1
                                                                                                                        }
                                                                                                                    ]
                                                                                                                },
                                                                                                                {
                                                                                                                    "Node Type": "Hash",
                                                                                                                    "Parent Relationship": "Inner",
                                                                                                                    "Parallel Aware": true,
                                                                                                                    "Startup Cost": 4722.92,
                                                                                                                    "Total Cost": 4722.92,
                                                                                                                    "Plan Rows": 4009,
                                                                                                                    "Plan Width": 4,
                                                                                                                    "Actual Startup Time": 12.074,
                                                                                                                    "Actual Total Time": 12.075,
                                                                                                                    "Actual Rows": 1688,
                                                                                                                    "Actual Loops": 4,
                                                                                                                    "Output": [
                                                                                                                        "cn.id"
                                                                                                                    ],
                                                                                                                    "Hash Buckets": 8192,
                                                                                                                    "Original Hash Buckets": 8192,
                                                                                                                    "Hash Batches": 1,
                                                                                                                    "Original Hash Batches": 1,
                                                                                                                    "Peak Memory Usage": 416,
                                                                                                                    "Workers": [
                                                                                                                        {
                                                                                                                            "Worker Number": 0,
                                                                                                                            "Actual Startup Time": 12.041,
                                                                                                                            "Actual Total Time": 12.043,
                                                                                                                            "Actual Rows": 1596,
                                                                                                                            "Actual Loops": 1
                                                                                                                        },
                                                                                                                        {
                                                                                                                            "Worker Number": 1,
                                                                                                                            "Actual Startup Time": 12.086,
                                                                                                                            "Actual Total Time": 12.087,
                                                                                                                            "Actual Rows": 1706,
                                                                                                                            "Actual Loops": 1
                                                                                                                        },
                                                                                                                        {
                                                                                                                            "Worker Number": 2,
                                                                                                                            "Actual Startup Time": 12.092,
                                                                                                                            "Actual Total Time": 12.093,
                                                                                                                            "Actual Rows": 1783,
                                                                                                                            "Actual Loops": 1
                                                                                                                        }
                                                                                                                    ],
                                                                                                                    "Plans": [
                                                                                                                        {
                                                                                                                            "Node Type": "Seq Scan",
                                                                                                                            "Parent Relationship": "Outer",
                                                                                                                            "Parallel Aware": true,
                                                                                                                            "Relation Name": "company_name",
                                                                                                                            "Schema": "public",
                                                                                                                            "Alias": "cn",
                                                                                                                            "Startup Cost": 0.0,
                                                                                                                            "Total Cost": 4722.92,
                                                                                                                            "Plan Rows": 4009,
                                                                                                                            "Plan Width": 4,
                                                                                                                            "Actual Startup Time": 0.026,
                                                                                                                            "Actual Total Time": 11.149,
                                                                                                                            "Actual Rows": 1688,
                                                                                                                            "Actual Loops": 4,
                                                                                                                            "Output": [
                                                                                                                                "cn.id"
                                                                                                                            ],
                                                                                                                            "Filter": "((cn.country_code)::text = '[jp]'::text)",
                                                                                                                            "Rows Removed by Filter": 57061,
                                                                                                                            "Workers": [
                                                                                                                                {
                                                                                                                                    "Worker Number": 0,
                                                                                                                                    "Actual Startup Time": 0.033,
                                                                                                                                    "Actual Total Time": 11.21,
                                                                                                                                    "Actual Rows": 1596,
                                                                                                                                    "Actual Loops": 1
                                                                                                                                },
                                                                                                                                {
                                                                                                                                    "Worker Number": 1,
                                                                                                                                    "Actual Startup Time": 0.03,
                                                                                                                                    "Actual Total Time": 11.167,
                                                                                                                                    "Actual Rows": 1706,
                                                                                                                                    "Actual Loops": 1
                                                                                                                                },
                                                                                                                                {
                                                                                                                                    "Worker Number": 2,
                                                                                                                                    "Actual Startup Time": 0.03,
                                                                                                                                    "Actual Total Time": 11.101,
                                                                                                                                    "Actual Rows": 1783,
                                                                                                                                    "Actual Loops": 1
                                                                                                                                }
                                                                                                                            ]
                                                                                                                        }
                                                                                                                    ]
                                                                                                                }
                                                                                                            ]
                                                                                                        },
                                                                                                        {
                                                                                                            "Node Type": "Hash",
                                                                                                            "Parent Relationship": "Inner",
                                                                                                            "Parallel Aware": true,
                                                                                                            "Startup Cost": 45504.33,
                                                                                                            "Total Cost": 45504.33,
                                                                                                            "Plan Rows": 11,
                                                                                                            "Plan Width": 4,
                                                                                                            "Actual Startup Time": 293.906,
                                                                                                            "Actual Total Time": 293.909,
                                                                                                            "Actual Rows": 10460,
                                                                                                            "Actual Loops": 4,
                                                                                                            "Output": [
                                                                                                                "mk.movie_id"
                                                                                                            ],
                                                                                                            "Hash Buckets": 65536,
                                                                                                            "Original Hash Buckets": 1024,
                                                                                                            "Hash Batches": 1,
                                                                                                            "Original Hash Batches": 1,
                                                                                                            "Peak Memory Usage": 2712,
                                                                                                            "Workers": [
                                                                                                                {
                                                                                                                    "Worker Number": 0,
                                                                                                                    "Actual Startup Time": 291.45,
                                                                                                                    "Actual Total Time": 291.453,
                                                                                                                    "Actual Rows": 10373,
                                                                                                                    "Actual Loops": 1
                                                                                                                },
                                                                                                                {
                                                                                                                    "Worker Number": 1,
                                                                                                                    "Actual Startup Time": 291.333,
                                                                                                                    "Actual Total Time": 291.337,
                                                                                                                    "Actual Rows": 10359,
                                                                                                                    "Actual Loops": 1
                                                                                                                },
                                                                                                                {
                                                                                                                    "Worker Number": 2,
                                                                                                                    "Actual Startup Time": 291.347,
                                                                                                                    "Actual Total Time": 291.351,
                                                                                                                    "Actual Rows": 10440,
                                                                                                                    "Actual Loops": 1
                                                                                                                }
                                                                                                            ],
                                                                                                            "Plans": [
                                                                                                                {
                                                                                                                    "Node Type": "Hash Join",
                                                                                                                    "Parent Relationship": "Outer",
                                                                                                                    "Parallel Aware": false,
                                                                                                                    "Join Type": "Inner",
                                                                                                                    "Startup Cost": 2626.14,
                                                                                                                    "Total Cost": 45504.33,
                                                                                                                    "Plan Rows": 11,
                                                                                                                    "Plan Width": 4,
                                                                                                                    "Actual Startup Time": 25.191,
                                                                                                                    "Actual Total Time": 269.149,
                                                                                                                    "Actual Rows": 10460,
                                                                                                                    "Actual Loops": 4,
                                                                                                                    "Output": [
                                                                                                                        "mk.movie_id"
                                                                                                                    ],
                                                                                                                    "Inner Unique": true,
                                                                                                                    "Hash Cond": "(mk.keyword_id = k.id)",
                                                                                                                    "Workers": [
                                                                                                                        {
                                                                                                                            "Worker Number": 0,
                                                                                                                            "Actual Startup Time": 23.419,
                                                                                                                            "Actual Total Time": 265.907,
                                                                                                                            "Actual Rows": 10373,
                                                                                                                            "Actual Loops": 1
                                                                                                                        },
                                                                                                                        {
                                                                                                                            "Worker Number": 1,
                                                                                                                            "Actual Startup Time": 24.513,
                                                                                                                            "Actual Total Time": 270.948,
                                                                                                                            "Actual Rows": 10359,
                                                                                                                            "Actual Loops": 1
                                                                                                                        },
                                                                                                                        {
                                                                                                                            "Worker Number": 2,
                                                                                                                            "Actual Startup Time": 24.507,
                                                                                                                            "Actual Total Time": 265.641,
                                                                                                                            "Actual Rows": 10440,
                                                                                                                            "Actual Loops": 1
                                                                                                                        }
                                                                                                                    ],
                                                                                                                    "Plans": [
                                                                                                                        {
                                                                                                                            "Node Type": "Seq Scan",
                                                                                                                            "Parent Relationship": "Outer",
                                                                                                                            "Parallel Aware": true,
                                                                                                                            "Relation Name": "movie_keyword",
                                                                                                                            "Schema": "public",
                                                                                                                            "Alias": "mk",
                                                                                                                            "Startup Cost": 0.0,
                                                                                                                            "Total Cost": 39047.32,
                                                                                                                            "Plan Rows": 1459332,
                                                                                                                            "Plan Width": 8,
                                                                                                                            "Actual Startup Time": 0.05,
                                                                                                                            "Actual Total Time": 131.353,
                                                                                                                            "Actual Rows": 1130982,
                                                                                                                            "Actual Loops": 4,
                                                                                                                            "Output": [
                                                                                                                                "mk.id",
                                                                                                                                "mk.movie_id",
                                                                                                                                "mk.keyword_id"
                                                                                                                            ],
                                                                                                                            "Workers": [
                                                                                                                                {
                                                                                                                                    "Worker Number": 0,
                                                                                                                                    "Actual Startup Time": 0.05,
                                                                                                                                    "Actual Total Time": 131.597,
                                                                                                                                    "Actual Rows": 1119250,
                                                                                                                                    "Actual Loops": 1
                                                                                                                                },
                                                                                                                                {
                                                                                                                                    "Worker Number": 1,
                                                                                                                                    "Actual Startup Time": 0.066,
                                                                                                                                    "Actual Total Time": 132.534,
                                                                                                                                    "Actual Rows": 1150515,
                                                                                                                                    "Actual Loops": 1
                                                                                                                                },
                                                                                                                                {
                                                                                                                                    "Worker Number": 2,
                                                                                                                                    "Actual Startup Time": 0.062,
                                                                                                                                    "Actual Total Time": 129.463,
                                                                                                                                    "Actual Rows": 1117340,
                                                                                                                                    "Actual Loops": 1
                                                                                                                                }
                                                                                                                            ]
                                                                                                                        },
                                                                                                                        {
                                                                                                                            "Node Type": "Hash",
                                                                                                                            "Parent Relationship": "Inner",
                                                                                                                            "Parallel Aware": false,
                                                                                                                            "Startup Cost": 2626.12,
                                                                                                                            "Total Cost": 2626.12,
                                                                                                                            "Plan Rows": 1,
                                                                                                                            "Plan Width": 4,
                                                                                                                            "Actual Startup Time": 25.032,
                                                                                                                            "Actual Total Time": 25.033,
                                                                                                                            "Actual Rows": 1,
                                                                                                                            "Actual Loops": 4,
                                                                                                                            "Output": [
                                                                                                                                "k.id"
                                                                                                                            ],
                                                                                                                            "Hash Buckets": 1024,
                                                                                                                            "Original Hash Buckets": 1024,
                                                                                                                            "Hash Batches": 1,
                                                                                                                            "Original Hash Batches": 1,
                                                                                                                            "Peak Memory Usage": 9,
                                                                                                                            "Workers": [
                                                                                                                                {
                                                                                                                                    "Worker Number": 0,
                                                                                                                                    "Actual Startup Time": 23.222,
                                                                                                                                    "Actual Total Time": 23.223,
                                                                                                                                    "Actual Rows": 1,
                                                                                                                                    "Actual Loops": 1
                                                                                                                                },
                                                                                                                                {
                                                                                                                                    "Worker Number": 1,
                                                                                                                                    "Actual Startup Time": 24.378,
                                                                                                                                    "Actual Total Time": 24.379,
                                                                                                                                    "Actual Rows": 1,
                                                                                                                                    "Actual Loops": 1
                                                                                                                                },
                                                                                                                                {
                                                                                                                                    "Worker Number": 2,
                                                                                                                                    "Actual Startup Time": 24.375,
                                                                                                                                    "Actual Total Time": 24.376,
                                                                                                                                    "Actual Rows": 1,
                                                                                                                                    "Actual Loops": 1
                                                                                                                                }
                                                                                                                            ],
                                                                                                                            "Plans": [
                                                                                                                                {
                                                                                                                                    "Node Type": "Seq Scan",
                                                                                                                                    "Parent Relationship": "Outer",
                                                                                                                                    "Parallel Aware": false,
                                                                                                                                    "Relation Name": "keyword",
                                                                                                                                    "Schema": "public",
                                                                                                                                    "Alias": "k",
                                                                                                                                    "Startup Cost": 0.0,
                                                                                                                                    "Total Cost": 2626.12,
                                                                                                                                    "Plan Rows": 1,
                                                                                                                                    "Plan Width": 4,
                                                                                                                                    "Actual Startup Time": 1.881,
                                                                                                                                    "Actual Total Time": 25.008,
                                                                                                                                    "Actual Rows": 1,
                                                                                                                                    "Actual Loops": 4,
                                                                                                                                    "Output": [
                                                                                                                                        "k.id"
                                                                                                                                    ],
                                                                                                                                    "Filter": "(k.keyword = 'character-name-in-title'::text)",
                                                                                                                                    "Rows Removed by Filter": 134169,
                                                                                                                                    "Workers": [
                                                                                                                                        {
                                                                                                                                            "Worker Number": 0,
                                                                                                                                            "Actual Startup Time": 1.596,
                                                                                                                                            "Actual Total Time": 23.201,
                                                                                                                                            "Actual Rows": 1,
                                                                                                                                            "Actual Loops": 1
                                                                                                                                        },
                                                                                                                                        {
                                                                                                                                            "Worker Number": 1,
                                                                                                                                            "Actual Startup Time": 1.999,
                                                                                                                                            "Actual Total Time": 24.358,
                                                                                                                                            "Actual Rows": 1,
                                                                                                                                            "Actual Loops": 1
                                                                                                                                        },
                                                                                                                                        {
                                                                                                                                            "Worker Number": 2,
                                                                                                                                            "Actual Startup Time": 1.994,
                                                                                                                                            "Actual Total Time": 24.354,
                                                                                                                                            "Actual Rows": 1,
                                                                                                                                            "Actual Loops": 1
                                                                                                                                        }
                                                                                                                                    ]
                                                                                                                                }
                                                                                                                            ]
                                                                                                                        }
                                                                                                                    ]
                                                                                                                }
                                                                                                            ]
                                                                                                        }
                                                                                                    ]
                                                                                                }
                                                                                            ]
                                                                                        }
                                                                                    ]
                                                                                }
                                                                            ]
                                                                        }
                                                                    ]
                                                                }
                                                            ]
                                                        }
                                                    ]
                                                }
                                            ]
                                        }
                                    ]
                                }
                            ]
                        }
                    ]
                }
            ]
        },
        "Planning Time": 1283.928,
        "Triggers": [],
        "Execution Time": 4071.223
    }
]