[
    {
        "Bao": {
            "Bao prediction": "NaN",
            "Bao recommended hint": "(no hint)"
        }
    },
    {
        "Plan": {
            "Node Type": "Aggregate",
            "Strategy": "Plain",
            "Partial Mode": "Finalize",
            "Parallel Aware": false,
            "Startup Cost": 382543.54,
            "Total Cost": 382543.55,
            "Plan Rows": 1,
            "Plan Width": 8,
            "Actual Startup Time": 1004.698,
            "Actual Total Time": 1035.512,
            "Actual Rows": 1,
            "Actual Loops": 1,
            "Output": [
                "count(*)"
            ],
            "Plans": [
                {
                    "Node Type": "Gather",
                    "Parent Relationship": "Outer",
                    "Parallel Aware": false,
                    "Startup Cost": 382542.92,
                    "Total Cost": 382543.53,
                    "Plan Rows": 6,
                    "Plan Width": 8,
                    "Actual Startup Time": 998.009,
                    "Actual Total Time": 1035.488,
                    "Actual Rows": 7,
                    "Actual Loops": 1,
                    "Output": [
                        "(PARTIAL count(*))"
                    ],
                    "Workers Planned": 6,
                    "Workers Launched": 6,
                    "Single Copy": false,
                    "Plans": [
                        {
                            "Node Type": "Aggregate",
                            "Strategy": "Plain",
                            "Partial Mode": "Partial",
                            "Parent Relationship": "Outer",
                            "Parallel Aware": false,
                            "Startup Cost": 381542.92,
                            "Total Cost": 381542.93,
                            "Plan Rows": 1,
                            "Plan Width": 8,
                            "Actual Startup Time": 988.087,
                            "Actual Total Time": 988.09,
                            "Actual Rows": 1,
                            "Actual Loops": 7,
                            "Output": [
                                "PARTIAL count(*)"
                            ],
                            "Workers": [
                                {
                                    "Worker Number": 0,
                                    "Actual Startup Time": 985.921,
                                    "Actual Total Time": 985.925,
                                    "Actual Rows": 1,
                                    "Actual Loops": 1
                                },
                                {
                                    "Worker Number": 1,
                                    "Actual Startup Time": 986.192,
                                    "Actual Total Time": 986.195,
                                    "Actual Rows": 1,
                                    "Actual Loops": 1
                                },
                                {
                                    "Worker Number": 2,
                                    "Actual Startup Time": 986.457,
                                    "Actual Total Time": 986.46,
                                    "Actual Rows": 1,
                                    "Actual Loops": 1
                                },
                                {
                                    "Worker Number": 3,
                                    "Actual Startup Time": 986.853,
                                    "Actual Total Time": 986.855,
                                    "Actual Rows": 1,
                                    "Actual Loops": 1
                                },
                                {
                                    "Worker Number": 4,
                                    "Actual Startup Time": 986.413,
                                    "Actual Total Time": 986.415,
                                    "Actual Rows": 1,
                                    "Actual Loops": 1
                                },
                                {
                                    "Worker Number": 5,
                                    "Actual Startup Time": 987.165,
                                    "Actual Total Time": 987.168,
                                    "Actual Rows": 1,
                                    "Actual Loops": 1
                                }
                            ],
                            "Plans": [
                                {
                                    "Node Type": "Hash Join",
                                    "Parent Relationship": "Outer",
                                    "Parallel Aware": true,
                                    "Join Type": "Inner",
                                    "Startup Cost": 47680.07,
                                    "Total Cost": 380358.46,
                                    "Plan Rows": 473783,
                                    "Plan Width": 0,
                                    "Actual Startup Time": 371.063,
                                    "Actual Total Time": 964.911,
                                    "Actual Rows": 444643,
                                    "Actual Loops": 7,
                                    "Inner Unique": true,
                                    "Hash Cond": "(ci.movie_id = t.id)",
                                    "Workers": [
                                        {
                                            "Worker Number": 0,
                                            "Actual Startup Time": 368.951,
                                            "Actual Total Time": 960.343,
                                            "Actual Rows": 340737,
                                            "Actual Loops": 1
                                        },
                                        {
                                            "Worker Number": 1,
                                            "Actual Startup Time": 369.214,
                                            "Actual Total Time": 960.289,
                                            "Actual Rows": 343571,
                                            "Actual Loops": 1
                                        },
                                        {
                                            "Worker Number": 2,
                                            "Actual Startup Time": 369.465,
                                            "Actual Total Time": 964.891,
                                            "Actual Rows": 467319,
                                            "Actual Loops": 1
                                        },
                                        {
                                            "Worker Number": 3,
                                            "Actual Startup Time": 369.597,
                                            "Actual Total Time": 963.073,
                                            "Actual Rows": 469655,
                                            "Actual Loops": 1
                                        },
                                        {
                                            "Worker Number": 4,
                                            "Actual Startup Time": 369.424,
                                            "Actual Total Time": 962.808,
                                            "Actual Rows": 489906,
                                            "Actual Loops": 1
                                        },
                                        {
                                            "Worker Number": 5,
                                            "Actual Startup Time": 370.181,
                                            "Actual Total Time": 965.662,
                                            "Actual Rows": 465410,
                                            "Actual Loops": 1
                                        }
                                    ],
                                    "Plans": [
                                        {
                                            "Node Type": "Seq Scan",
                                            "Parent Relationship": "Outer",
                                            "Parallel Aware": true,
                                            "Relation Name": "cast_info",
                                            "Schema": "public",
                                            "Alias": "ci",
                                            "Startup Cost": 0.0,
                                            "Total Cost": 328213.62,
                                            "Plan Rows": 1700861,
                                            "Plan Width": 4,
                                            "Actual Startup Time": 262.005,
                                            "Actual Total Time": 522.09,
                                            "Actual Rows": 1462144,
                                            "Actual Loops": 7,
                                            "Output": [
                                                "ci.id",
                                                "ci.person_id",
                                                "ci.movie_id",
                                                "ci.person_role_id",
                                                "ci.note",
                                                "ci.nr_order",
                                                "ci.role_id"
                                            ],
                                            "Filter": "(ci.person_id > 2690195)",
                                            "Rows Removed by Filter": 3715620,
                                            "Workers": [
                                                {
                                                    "Worker Number": 0,
                                                    "Actual Startup Time": 262.042,
                                                    "Actual Total Time": 537.837,
                                                    "Actual Rows": 1128872,
                                                    "Actual Loops": 1
                                                },
                                                {
                                                    "Worker Number": 1,
                                                    "Actual Startup Time": 261.886,
                                                    "Actual Total Time": 538.18,
                                                    "Actual Rows": 1135225,
                                                    "Actual Loops": 1
                                                },
                                                {
                                                    "Worker Number": 2,
                                                    "Actual Startup Time": 262.047,
                                                    "Actual Total Time": 519.082,
                                                    "Actual Rows": 1523550,
                                                    "Actual Loops": 1
                                                },
                                                {
                                                    "Worker Number": 3,
                                                    "Actual Startup Time": 262.044,
                                                    "Actual Total Time": 524.847,
                                                    "Actual Rows": 1537717,
                                                    "Actual Loops": 1
                                                },
                                                {
                                                    "Worker Number": 4,
                                                    "Actual Startup Time": 261.918,
                                                    "Actual Total Time": 523.394,
                                                    "Actual Rows": 1598597,
                                                    "Actual Loops": 1
                                                },
                                                {
                                                    "Worker Number": 5,
                                                    "Actual Startup Time": 262.056,
                                                    "Actual Total Time": 519.824,
                                                    "Actual Rows": 1546128,
                                                    "Actual Loops": 1
                                                }
                                            ]
                                        },
                                        {
                                            "Node Type": "Hash",
                                            "Parent Relationship": "Inner",
                                            "Parallel Aware": true,
                                            "Startup Cost": 45479.21,
                                            "Total Cost": 45479.21,
                                            "Plan Rows": 176069,
                                            "Plan Width": 4,
                                            "Actual Startup Time": 106.796,
                                            "Actual Total Time": 106.796,
                                            "Actual Rows": 86262,
                                            "Actual Loops": 7,
                                            "Output": [
                                                "t.id"
                                            ],
                                            "Hash Buckets": 1048576,
                                            "Original Hash Buckets": 1048576,
                                            "Hash Batches": 1,
                                            "Original Hash Batches": 1,
                                            "Peak Memory Usage": 31904,
                                            "Workers": [
                                                {
                                                    "Worker Number": 0,
                                                    "Actual Startup Time": 106.146,
                                                    "Actual Total Time": 106.147,
                                                    "Actual Rows": 63320,
                                                    "Actual Loops": 1
                                                },
                                                {
                                                    "Worker Number": 1,
                                                    "Actual Startup Time": 106.41,
                                                    "Actual Total Time": 106.411,
                                                    "Actual Rows": 63367,
                                                    "Actual Loops": 1
                                                },
                                                {
                                                    "Worker Number": 2,
                                                    "Actual Startup Time": 106.597,
                                                    "Actual Total Time": 106.598,
                                                    "Actual Rows": 89715,
                                                    "Actual Loops": 1
                                                },
                                                {
                                                    "Worker Number": 3,
                                                    "Actual Startup Time": 106.55,
                                                    "Actual Total Time": 106.551,
                                                    "Actual Rows": 88677,
                                                    "Actual Loops": 1
                                                },
                                                {
                                                    "Worker Number": 4,
                                                    "Actual Startup Time": 106.509,
                                                    "Actual Total Time": 106.51,
                                                    "Actual Rows": 87960,
                                                    "Actual Loops": 1
                                                },
                                                {
                                                    "Worker Number": 5,
                                                    "Actual Startup Time": 107.292,
                                                    "Actual Total Time": 107.294,
                                                    "Actual Rows": 88252,
                                                    "Actual Loops": 1
                                                }
                                            ],
                                            "Plans": [
                                                {
                                                    "Node Type": "Seq Scan",
                                                    "Parent Relationship": "Outer",
                                                    "Parallel Aware": true,
                                                    "Relation Name": "title",
                                                    "Schema": "public",
                                                    "Alias": "t",
                                                    "Startup Cost": 0.0,
                                                    "Total Cost": 45479.21,
                                                    "Plan Rows": 176069,
                                                    "Plan Width": 4,
                                                    "Actual Startup Time": 0.047,
                                                    "Actual Total Time": 72.314,
                                                    "Actual Rows": 86262,
                                                    "Actual Loops": 7,
                                                    "Output": [
                                                        "t.id"
                                                    ],
                                                    "Filter": "((t.kind_id < 7) AND (t.production_year > 1988))",
                                                    "Rows Removed by Filter": 274925,
                                                    "Workers": [
                                                        {
                                                            "Worker Number": 0,
                                                            "Actual Startup Time": 0.053,
                                                            "Actual Total Time": 73.044,
                                                            "Actual Rows": 63320,
                                                            "Actual Loops": 1
                                                        },
                                                        {
                                                            "Worker Number": 1,
                                                            "Actual Startup Time": 0.045,
                                                            "Actual Total Time": 73.497,
                                                            "Actual Rows": 63367,
                                                            "Actual Loops": 1
                                                        },
                                                        {
                                                            "Worker Number": 2,
                                                            "Actual Startup Time": 0.045,
                                                            "Actual Total Time": 72.926,
                                                            "Actual Rows": 89715,
                                                            "Actual Loops": 1
                                                        },
                                                        {
                                                            "Worker Number": 3,
                                                            "Actual Startup Time": 0.046,
                                                            "Actual Total Time": 72.425,
                                                            "Actual Rows": 88677,
                                                            "Actual Loops": 1
                                                        },
                                                        {
                                                            "Worker Number": 4,
                                                            "Actual Startup Time": 0.049,
                                                            "Actual Total Time": 71.28,
                                                            "Actual Rows": 87960,
                                                            "Actual Loops": 1
                                                        },
                                                        {
                                                            "Worker Number": 5,
                                                            "Actual Startup Time": 0.079,
                                                            "Actual Total Time": 73.23,
                                                            "Actual Rows": 88252,
                                                            "Actual Loops": 1
                                                        }
                                                    ]
                                                }
                                            ]
                                        }
                                    ]
                                }
                            ]
                        }
                    ]
                }
            ]
        },
        "Planning Time": 192.214,
        "Triggers": [],
        "Execution Time": 1035.574
    }
]