[
  {
    "Plan": {
      "Node Type": "Aggregate",
      "Strategy": "Plain",
      "Partial Mode": "Finalize",
      "Parallel Aware": false,
      "Startup Cost": 77777.42,
      "Total Cost": 77777.43,
      "Plan Rows": 1,
      "Plan Width": 8,
      "Actual Startup Time": 180.008,
      "Actual Total Time": 187.02,
      "Actual Rows": 1,
      "Actual Loops": 1,
      "Plans": [
        {
          "Node Type": "Gather",
          "Parent Relationship": "Outer",
          "Parallel Aware": false,
          "Startup Cost": 77777.0,
          "Total Cost": 77777.41,
          "Plan Rows": 4,
          "Plan Width": 8,
          "Actual Startup Time": 179.267,
          "Actual Total Time": 187.013,
          "Actual Rows": 5,
          "Actual Loops": 1,
          "Workers Planned": 4,
          "Workers Launched": 4,
          "Single Copy": false,
          "Plans": [
            {
              "Node Type": "Aggregate",
              "Strategy": "Plain",
              "Partial Mode": "Partial",
              "Parent Relationship": "Outer",
              "Parallel Aware": false,
              "Startup Cost": 76777.0,
              "Total Cost": 76777.01,
              "Plan Rows": 1,
              "Plan Width": 8,
              "Actual Startup Time": 174.84,
              "Actual Total Time": 174.843,
              "Actual Rows": 1,
              "Actual Loops": 5,
              "Plans": [
                {
                  "Node Type": "Hash Join",
                  "Parent Relationship": "Outer",
                  "Parallel Aware": true,
                  "Join Type": "Inner",
                  "Startup Cost": 29605.53,
                  "Total Cost": 76717.35,
                  "Plan Rows": 23861,
                  "Plan Width": 0,
                  "Actual Startup Time": 72.123,
                  "Actual Total Time": 174.186,
                  "Actual Rows": 8993,
                  "Actual Loops": 5,
                  "Inner Unique": false,
                  "Hash Cond": "(t.id = mc.movie_id)",
                  "Plans": [
                    {
                      "Node Type": "Seq Scan",
                      "Parent Relationship": "Outer",
                      "Parallel Aware": true,
                      "Relation Name": "title",
                      "Alias": "t",
                      "Startup Cost": 0.0,
                      "Total Cost": 45479.21,
                      "Plan Rows": 311129,
                      "Plan Width": 4,
                      "Actual Startup Time": 0.007,
                      "Actual Total Time": 70.189,
                      "Actual Rows": 275045,
                      "Actual Loops": 5,
                      "Filter": "((kind_id > 1) AND (production_year > 1992))",
                      "Rows Removed by Filter": 230617
                    },
                    {
                      "Node Type": "Hash",
                      "Parent Relationship": "Inner",
                      "Parallel Aware": true,
                      "Startup Cost": 28823.65,
                      "Total Cost": 28823.65,
                      "Plan Rows": 62550,
                      "Plan Width": 4,
                      "Actual Startup Time": 71.2,
                      "Actual Total Time": 71.201,
                      "Actual Rows": 17407,
                      "Actual Loops": 5,
                      "Hash Buckets": 262144,
                      "Original Hash Buckets": 262144,
                      "Hash Batches": 1,
                      "Original Hash Batches": 1,
                      "Peak Memory Usage": 5568,
                      "Plans": [
                        {
                          "Node Type": "Bitmap Heap Scan",
                          "Parent Relationship": "Outer",
                          "Parallel Aware": true,
                          "Relation Name": "movie_companies",
                          "Alias": "mc",
                          "Startup Cost": 8193.36,
                          "Total Cost": 28823.65,
                          "Plan Rows": 62550,
                          "Plan Width": 4,
                          "Actual Startup Time": 53.35,
                          "Actual Total Time": 65.432,
                          "Actual Rows": 17407,
                          "Actual Loops": 5,
                          "Recheck Cond": "(company_id < 225)",
                          "Rows Removed by Index Recheck": 0,
                          "Filter": "(company_type_id = 2)",
                          "Rows Removed by Filter": 57918,
                          "Exact Heap Blocks": 7517,
                          "Lossy Heap Blocks": 0,
                          "Plans": [
                            {
                              "Node Type": "Bitmap Index Scan",
                              "Parent Relationship": "Outer",
                              "Parallel Aware": false,
                              "Index Name": "company_id_movie_companies",
                              "Startup Cost": 0.0,
                              "Total Cost": 8144.88,
                              "Plan Rows": 380327,
                              "Plan Width": 0,
                              "Actual Startup Time": 19.783,
                              "Actual Total Time": 19.783,
                              "Actual Rows": 376622,
                              "Actual Loops": 1,
                              "Index Cond": "(company_id < 225)"
                            }
                          ]
                        }
                      ]
                    }
                  ]
                }
              ]
            }
          ]
        }
      ]
    },
    "Planning Time": 0.251,
    "Triggers": [],
    "Execution Time": 187.06
  }
]