[
  {
    "Plan": {
      "Node Type": "Aggregate",
      "Strategy": "Plain",
      "Partial Mode": "Finalize",
      "Parallel Aware": false,
      "Startup Cost": 44912.1,
      "Total Cost": 44912.11,
      "Plan Rows": 1,
      "Plan Width": 8,
      "Actual Startup Time": 129.528,
      "Actual Total Time": 138.619,
      "Actual Rows": 1,
      "Actual Loops": 1,
      "Plans": [
        {
          "Node Type": "Gather",
          "Parent Relationship": "Outer",
          "Parallel Aware": false,
          "Startup Cost": 44911.78,
          "Total Cost": 44912.09,
          "Plan Rows": 3,
          "Plan Width": 8,
          "Actual Startup Time": 129.416,
          "Actual Total Time": 138.61,
          "Actual Rows": 4,
          "Actual Loops": 1,
          "Workers Planned": 3,
          "Workers Launched": 3,
          "Single Copy": false,
          "Plans": [
            {
              "Node Type": "Aggregate",
              "Strategy": "Plain",
              "Partial Mode": "Partial",
              "Parent Relationship": "Outer",
              "Parallel Aware": false,
              "Startup Cost": 43911.78,
              "Total Cost": 43911.79,
              "Plan Rows": 1,
              "Plan Width": 8,
              "Actual Startup Time": 124.057,
              "Actual Total Time": 124.059,
              "Actual Rows": 1,
              "Actual Loops": 4,
              "Plans": [
                {
                  "Node Type": "Seq Scan",
                  "Parent Relationship": "Outer",
                  "Parallel Aware": true,
                  "Relation Name": "movie_keyword",
                  "Alias": "mk",
                  "Startup Cost": 0.0,
                  "Total Cost": 42695.65,
                  "Plan Rows": 486451,
                  "Plan Width": 0,
                  "Actual Startup Time": 0.043,
                  "Actual Total Time": 106.225,
                  "Actual Rows": 375215,
                  "Actual Loops": 4,
                  "Filter": "(keyword_id < 2163)",
                  "Rows Removed by Filter": 755768
                }
              ]
            }
          ]
        }
      ]
    },
    "Planning Time": 0.104,
    "Triggers": [],
    "Execution Time": 138.659
  }
]