[
  {
    "Plan": {
      "Node Type": "Aggregate",
      "Strategy": "Plain",
      "Partial Mode": "Finalize",
      "Parallel Aware": false,
      "Startup Cost": 44895.2,
      "Total Cost": 44895.21,
      "Plan Rows": 1,
      "Plan Width": 8,
      "Actual Startup Time": 131.586,
      "Actual Total Time": 139.173,
      "Actual Rows": 1,
      "Actual Loops": 1,
      "Plans": [
        {
          "Node Type": "Gather",
          "Parent Relationship": "Outer",
          "Parallel Aware": false,
          "Startup Cost": 44894.89,
          "Total Cost": 44895.2,
          "Plan Rows": 3,
          "Plan Width": 8,
          "Actual Startup Time": 131.472,
          "Actual Total Time": 139.165,
          "Actual Rows": 4,
          "Actual Loops": 1,
          "Workers Planned": 3,
          "Workers Launched": 3,
          "Single Copy": false,
          "Plans": [
            {
              "Node Type": "Aggregate",
              "Strategy": "Plain",
              "Partial Mode": "Partial",
              "Parent Relationship": "Outer",
              "Parallel Aware": false,
              "Startup Cost": 43894.89,
              "Total Cost": 43894.9,
              "Plan Rows": 1,
              "Plan Width": 8,
              "Actual Startup Time": 125.942,
              "Actual Total Time": 125.943,
              "Actual Rows": 1,
              "Actual Loops": 4,
              "Plans": [
                {
                  "Node Type": "Seq Scan",
                  "Parent Relationship": "Outer",
                  "Parallel Aware": true,
                  "Relation Name": "movie_keyword",
                  "Alias": "mk",
                  "Startup Cost": 0.0,
                  "Total Cost": 42695.65,
                  "Plan Rows": 479693,
                  "Plan Width": 0,
                  "Actual Startup Time": 0.052,
                  "Actual Total Time": 107.481,
                  "Actual Rows": 375215,
                  "Actual Loops": 4,
                  "Filter": "(keyword_id < 2163)",
                  "Rows Removed by Filter": 755768
                }
              ]
            }
          ]
        }
      ]
    },
    "Planning Time": 0.188,
    "Triggers": [],
    "Execution Time": 139.229
  }
]