[
  {
    "Plan": {
      "Node Type": "Aggregate",
      "Strategy": "Plain",
      "Partial Mode": "Finalize",
      "Parallel Aware": false,
      "Startup Cost": 343097.73,
      "Total Cost": 343097.74,
      "Plan Rows": 1,
      "Plan Width": 8,
      "Actual Startup Time": 815.103,
      "Actual Total Time": 872.097,
      "Actual Rows": 1,
      "Actual Loops": 1,
      "Plans": [
        {
          "Node Type": "Gather",
          "Parent Relationship": "Outer",
          "Parallel Aware": false,
          "Startup Cost": 343097.1,
          "Total Cost": 343097.71,
          "Plan Rows": 6,
          "Plan Width": 8,
          "Actual Startup Time": 814.979,
          "Actual Total Time": 872.089,
          "Actual Rows": 7,
          "Actual Loops": 1,
          "Workers Planned": 6,
          "Workers Launched": 6,
          "Single Copy": false,
          "Plans": [
            {
              "Node Type": "Aggregate",
              "Strategy": "Plain",
              "Partial Mode": "Partial",
              "Parent Relationship": "Outer",
              "Parallel Aware": false,
              "Startup Cost": 342097.1,
              "Total Cost": 342097.11,
              "Plan Rows": 1,
              "Plan Width": 8,
              "Actual Startup Time": 805.151,
              "Actual Total Time": 805.152,
              "Actual Rows": 1,
              "Actual Loops": 7,
              "Plans": [
                {
                  "Node Type": "Seq Scan",
                  "Parent Relationship": "Outer",
                  "Parallel Aware": true,
                  "Relation Name": "cast_info",
                  "Alias": "ci",
                  "Startup Cost": 0.0,
                  "Total Cost": 328162.03,
                  "Plan Rows": 5574030,
                  "Plan Width": 0,
                  "Actual Startup Time": 43.415,
                  "Actual Total Time": 620.507,
                  "Actual Rows": 4771167,
                  "Actual Loops": 7,
                  "Filter": "(person_id > 275248)",
                  "Rows Removed by Filter": 406597
                }
              ]
            }
          ]
        }
      ]
    },
    "Planning Time": 0.127,
    "Triggers": [],
    "Execution Time": 872.153
  }
]