[
  {
    "Plan": {
      "Node Type": "Aggregate",
      "Strategy": "Plain",
      "Partial Mode": "Simple",
      "Parallel Aware": false,
      "Startup Cost": 11055.39,
      "Total Cost": 11055.4,
      "Plan Rows": 1,
      "Plan Width": 8,
      "Actual Startup Time": 11.739,
      "Actual Total Time": 11.741,
      "Actual Rows": 1,
      "Actual Loops": 1,
      "Plans": [
        {
          "Node Type": "Bitmap Heap Scan",
          "Parent Relationship": "Outer",
          "Parallel Aware": false,
          "Relation Name": "movie_keyword",
          "Alias": "mk",
          "Startup Cost": 93.15,
          "Total Cost": 11044.84,
          "Plan Rows": 4222,
          "Plan Width": 0,
          "Actual Startup Time": 2.578,
          "Actual Total Time": 11.187,
          "Actual Rows": 3016,
          "Actual Loops": 1,
          "Recheck Cond": "(keyword_id = 3316)",
          "Rows Removed by Index Recheck": 0,
          "Exact Heap Blocks": 2787,
          "Lossy Heap Blocks": 0,
          "Plans": [
            {
              "Node Type": "Bitmap Index Scan",
              "Parent Relationship": "Outer",
              "Parallel Aware": false,
              "Index Name": "keyword_id_movie_keyword",
              "Startup Cost": 0.0,
              "Total Cost": 92.1,
              "Plan Rows": 4222,
              "Plan Width": 0,
              "Actual Startup Time": 1.419,
              "Actual Total Time": 1.42,
              "Actual Rows": 3016,
              "Actual Loops": 1,
              "Index Cond": "(keyword_id = 3316)"
            }
          ]
        }
      ]
    },
    "Planning Time": 0.176,
    "Triggers": [],
    "Execution Time": 11.811
  }
]