[
  {
    "Plan": {
      "Node Type": "Aggregate",
      "Strategy": "Plain",
      "Partial Mode": "Finalize",
      "Parallel Aware": false,
      "Startup Cost": 374873.19,
      "Total Cost": 374873.2,
      "Plan Rows": 1,
      "Plan Width": 8,
      "Actual Startup Time": 906.999,
      "Actual Total Time": 945.567,
      "Actual Rows": 1,
      "Actual Loops": 1,
      "Plans": [
        {
          "Node Type": "Gather",
          "Parent Relationship": "Outer",
          "Parallel Aware": false,
          "Startup Cost": 374872.56,
          "Total Cost": 374873.17,
          "Plan Rows": 6,
          "Plan Width": 8,
          "Actual Startup Time": 904.377,
          "Actual Total Time": 945.554,
          "Actual Rows": 7,
          "Actual Loops": 1,
          "Workers Planned": 6,
          "Workers Launched": 6,
          "Single Copy": false,
          "Plans": [
            {
              "Node Type": "Aggregate",
              "Strategy": "Plain",
              "Partial Mode": "Partial",
              "Parent Relationship": "Outer",
              "Parallel Aware": false,
              "Startup Cost": 373872.56,
              "Total Cost": 373872.57,
              "Plan Rows": 1,
              "Plan Width": 8,
              "Actual Startup Time": 893.403,
              "Actual Total Time": 893.408,
              "Actual Rows": 1,
              "Actual Loops": 7,
              "Plans": [
                {
                  "Node Type": "Hash Join",
                  "Parent Relationship": "Outer",
                  "Parallel Aware": true,
                  "Join Type": "Inner",
                  "Startup Cost": 47303.71,
                  "Total Cost": 372708.44,
                  "Plan Rows": 465647,
                  "Plan Width": 0,
                  "Actual Startup Time": 122.352,
                  "Actual Total Time": 872.218,
                  "Actual Rows": 435104,
                  "Actual Loops": 7,
                  "Inner Unique": true,
                  "Hash Cond": "(ci.movie_id = t.id)",
                  "Plans": [
                    {
                      "Node Type": "Index Scan",
                      "Parent Relationship": "Outer",
                      "Parallel Aware": true,
                      "Scan Direction": "Forward",
                      "Index Name": "role_id_cast_info",
                      "Relation Name": "cast_info",
                      "Alias": "ci",
                      "Startup Cost": 0.56,
                      "Total Cost": 320109.06,
                      "Plan Rows": 2017609,
                      "Plan Width": 4,
                      "Actual Startup Time": 0.289,
                      "Actual Total Time": 354.118,
                      "Actual Rows": 1730521,
                      "Actual Loops": 7,
                      "Index Cond": "(role_id > 3)",
                      "Rows Removed by Index Recheck": 0
                    },
                    {
                      "Node Type": "Hash",
                      "Parent Relationship": "Inner",
                      "Parallel Aware": true,
                      "Startup Cost": 45479.59,
                      "Total Cost": 45479.59,
                      "Plan Rows": 145885,
                      "Plan Width": 4,
                      "Actual Startup Time": 118.839,
                      "Actual Total Time": 118.841,
                      "Actual Rows": 70423,
                      "Actual Loops": 7,
                      "Hash Buckets": 1048576,
                      "Original Hash Buckets": 1048576,
                      "Hash Batches": 1,
                      "Original Hash Batches": 1,
                      "Peak Memory Usage": 27584,
                      "Plans": [
                        {
                          "Node Type": "Seq Scan",
                          "Parent Relationship": "Outer",
                          "Parallel Aware": true,
                          "Relation Name": "title",
                          "Alias": "t",
                          "Startup Cost": 0.0,
                          "Total Cost": 45479.59,
                          "Plan Rows": 145885,
                          "Plan Width": 4,
                          "Actual Startup Time": 0.044,
                          "Actual Total Time": 78.404,
                          "Actual Rows": 70423,
                          "Actual Loops": 7,
                          "Filter": "((kind_id < 7) AND (production_year > 1998))",
                          "Rows Removed by Filter": 290765
                        }
                      ]
                    }
                  ]
                }
              ]
            }
          ]
        }
      ]
    },
    "Planning Time": 0.684,
    "Triggers": [],
    "Execution Time": 945.654
  }
]