[
  {
    "Plan": {
      "Node Type": "Aggregate",
      "Strategy": "Plain",
      "Partial Mode": "Finalize",
      "Parallel Aware": false,
      "Startup Cost": 330504.9,
      "Total Cost": 330504.91,
      "Plan Rows": 1,
      "Plan Width": 8,
      "Actual Startup Time": 601.492,
      "Actual Total Time": 658.831,
      "Actual Rows": 1,
      "Actual Loops": 1,
      "Plans": [
        {
          "Node Type": "Gather",
          "Parent Relationship": "Outer",
          "Parallel Aware": false,
          "Startup Cost": 330504.27,
          "Total Cost": 330504.88,
          "Plan Rows": 6,
          "Plan Width": 8,
          "Actual Startup Time": 601.363,
          "Actual Total Time": 658.819,
          "Actual Rows": 7,
          "Actual Loops": 1,
          "Workers Planned": 6,
          "Workers Launched": 6,
          "Single Copy": false,
          "Plans": [
            {
              "Node Type": "Aggregate",
              "Strategy": "Plain",
              "Partial Mode": "Partial",
              "Parent Relationship": "Outer",
              "Parallel Aware": false,
              "Startup Cost": 329504.27,
              "Total Cost": 329504.28,
              "Plan Rows": 1,
              "Plan Width": 8,
              "Actual Startup Time": 591.663,
              "Actual Total Time": 591.664,
              "Actual Rows": 1,
              "Actual Loops": 7,
              "Plans": [
                {
                  "Node Type": "Seq Scan",
                  "Parent Relationship": "Outer",
                  "Parallel Aware": true,
                  "Relation Name": "cast_info",
                  "Alias": "ci",
                  "Startup Cost": 0.0,
                  "Total Cost": 328162.03,
                  "Plan Rows": 536898,
                  "Plan Width": 0,
                  "Actual Startup Time": 466.99,
                  "Actual Total Time": 571.082,
                  "Actual Rows": 444679,
                  "Actual Loops": 7,
                  "Filter": "(person_id > 3488346)",
                  "Rows Removed by Filter": 4733084
                }
              ]
            }
          ]
        }
      ]
    },
    "Planning Time": 0.176,
    "Triggers": [],
    "Execution Time": 658.902
  }
]