{
  "Plan": {
    "Node Type": "Aggregate",
    "Strategy": "Plain",
    "Partial Mode": "Finalize",
    "Parallel Aware": false,
    "Startup Cost": 463911.09,
    "Total Cost": 463911.1,
    "Plan Rows": 1,
    "Plan Width": 8,
    "Actual Startup Time": 6126.746,
    "Actual Total Time": 6181.179,
    "Actual Rows": 1,
    "Actual Loops": 1,
    "Plans": [
      {
        "Node Type": "Gather",
        "Parent Relationship": "Outer",
        "Parallel Aware": false,
        "Startup Cost": 463910.98,
        "Total Cost": 463911.09,
        "Plan Rows": 1,
        "Plan Width": 8,
        "Actual Startup Time": 6120.67,
        "Actual Total Time": 6181.172,
        "Actual Rows": 2,
        "Actual Loops": 1,
        "Workers Planned": 1,
        "Workers Launched": 1,
        "Single Copy": false,
        "Plans": [
          {
            "Node Type": "Aggregate",
            "Strategy": "Plain",
            "Partial Mode": "Partial",
            "Parent Relationship": "Outer",
            "Parallel Aware": false,
            "Startup Cost": 462910.98,
            "Total Cost": 462910.99,
            "Plan Rows": 1,
            "Plan Width": 8,
            "Actual Startup Time": 6107.193,
            "Actual Total Time": 6107.198,
            "Actual Rows": 1,
            "Actual Loops": 2,
            "Plans": [
              {
                "Node Type": "Hash Join",
                "Parent Relationship": "Outer",
                "Parallel Aware": true,
                "Join Type": "Inner",
                "Startup Cost": 120274.82,
                "Total Cost": 451354.03,
                "Plan Rows": 4622782,
                "Plan Width": 0,
                "Actual Startup Time": 790.124,
                "Actual Total Time": 5453.984,
                "Actual Rows": 16170552,
                "Actual Loops": 2,
                "Inner Unique": false,
                "Hash Cond": "(t.id = mc.movie_id)",
                "Plans": [
                  {
                    "Node Type": "Hash Join",
                    "Parent Relationship": "Outer",
                    "Parallel Aware": true,
                    "Join Type": "Inner",
                    "Startup Cost": 65568.81,
                    "Total Cost": 337352.3,
                    "Plan Rows": 5136460,
                    "Plan Width": 8,
                    "Actual Startup Time": 350.855,
                    "Actual Total Time": 2946.698,
                    "Actual Rows": 3783266,
                    "Actual Loops": 2,
                    "Inner Unique": true,
                    "Hash Cond": "(mi.movie_id = t.id)",
                    "Plans": [
                      {
                        "Node Type": "Seq Scan",
                        "Parent Relationship": "Outer",
                        "Parallel Aware": true,
                        "Relation Name": "movie_info",
                        "Alias": "mi",
                        "Startup Cost": 0.0,
                        "Total Cost": 248955.74,
                        "Plan Rows": 8696274,
                        "Plan Width": 4,
                        "Actual Startup Time": 0.021,
                        "Actual Total Time": 708.059,
                        "Actual Rows": 7417860,
                        "Actual Loops": 2
                      },
                      {
                        "Node Type": "Hash",
                        "Parent Relationship": "Inner",
                        "Parallel Aware": true,
                        "Startup Cost": 54588.39,
                        "Total Cost": 54588.39,
                        "Plan Rows": 878434,
                        "Plan Width": 4,
                        "Actual Startup Time": 344.216,
                        "Actual Total Time": 344.216,
                        "Actual Rows": 742515,
                        "Actual Loops": 2,
                        "Hash Buckets": 2097152,
                        "Original Hash Buckets": 2097152,
                        "Hash Batches": 1,
                        "Original Hash Batches": 1,
                        "Peak Memory Usage": 74528,
                        "Plans": [
                          {
                            "Node Type": "Seq Scan",
                            "Parent Relationship": "Outer",
                            "Parallel Aware": true,
                            "Relation Name": "title",
                            "Alias": "t",
                            "Startup Cost": 0.0,
                            "Total Cost": 54588.39,
                            "Plan Rows": 878434,
                            "Plan Width": 4,
                            "Actual Startup Time": 0.018,
                            "Actual Total Time": 163.759,
                            "Actual Rows": 742515,
                            "Actual Loops": 2,
                            "Filter": "(production_year > 1998)",
                            "Rows Removed by Filter": 521641
                          }
                        ]
                      }
                    ]
                  },
                  {
                    "Node Type": "Hash",
                    "Parent Relationship": "Inner",
                    "Parallel Aware": true,
                    "Startup Cost": 37974.77,
                    "Total Cost": 37974.77,
                    "Plan Rows": 1338499,
                    "Plan Width": 4,
                    "Actual Startup Time": 414.642,
                    "Actual Total Time": 414.642,
                    "Actual Rows": 1140058,
                    "Actual Loops": 2,
                    "Hash Buckets": 4194304,
                    "Original Hash Buckets": 4194304,
                    "Hash Batches": 1,
                    "Original Hash Batches": 1,
                    "Peak Memory Usage": 122016,
                    "Plans": [
                      {
                        "Node Type": "Seq Scan",
                        "Parent Relationship": "Outer",
                        "Parallel Aware": true,
                        "Relation Name": "movie_companies",
                        "Alias": "mc",
                        "Startup Cost": 0.0,
                        "Total Cost": 37974.77,
                        "Plan Rows": 1338499,
                        "Plan Width": 4,
                        "Actual Startup Time": 0.077,
                        "Actual Total Time": 151.453,
                        "Actual Rows": 1140058,
                        "Actual Loops": 2,
                        "Filter": "(company_id > 160)",
                        "Rows Removed by Filter": 164506
                      }
                    ]
                  }
                ]
              }
            ]
          }
        ]
      }
    ]
  },
  "Planning Time": 0.959,
  "Triggers": [],
  "Execution Time": 6181.265
}