{
  "Plan": {
    "Node Type": "Aggregate",
    "Strategy": "Plain",
    "Partial Mode": "Simple",
    "Parallel Aware": false,
    "Startup Cost": 717.18,
    "Total Cost": 717.19,
    "Plan Rows": 1,
    "Plan Width": 8,
    "Actual Startup Time": 13.753,
    "Actual Total Time": 13.755,
    "Actual Rows": 1,
    "Actual Loops": 1,
    "Plans": [
      {
        "Node Type": "Nested Loop",
        "Parent Relationship": "Outer",
        "Parallel Aware": false,
        "Join Type": "Inner",
        "Startup Cost": 1.42,
        "Total Cost": 717.18,
        "Plan Rows": 1,
        "Plan Width": 0,
        "Actual Startup Time": 1.533,
        "Actual Total Time": 13.738,
        "Actual Rows": 39,
        "Actual Loops": 1,
        "Inner Unique": false,
        "Plans": [
          {
            "Node Type": "Nested Loop",
            "Parent Relationship": "Outer",
            "Parallel Aware": false,
            "Join Type": "Inner",
            "Startup Cost": 0.86,
            "Total Cost": 696.33,
            "Plan Rows": 1,
            "Plan Width": 8,
            "Actual Startup Time": 1.479,
            "Actual Total Time": 11.443,
            "Actual Rows": 46,
            "Actual Loops": 1,
            "Inner Unique": true,
            "Plans": [
              {
                "Node Type": "Index Scan",
                "Parent Relationship": "Outer",
                "Parallel Aware": false,
                "Scan Direction": "Forward",
                "Index Name": "company_id_movie_companies",
                "Relation Name": "movie_companies",
                "Alias": "mc",
                "Startup Cost": 0.43,
                "Total Cost": 273.83,
                "Plan Rows": 50,
                "Plan Width": 4,
                "Actual Startup Time": 0.058,
                "Actual Total Time": 2.517,
                "Actual Rows": 1270,
                "Actual Loops": 1,
                "Index Cond": "(company_id = 420)",
                "Rows Removed by Index Recheck": 0,
                "Filter": "(company_type_id = 1)",
                "Rows Removed by Filter": 283
              },
              {
                "Node Type": "Index Scan",
                "Parent Relationship": "Inner",
                "Parallel Aware": false,
                "Scan Direction": "Forward",
                "Index Name": "title_pkey",
                "Relation Name": "title",
                "Alias": "t",
                "Startup Cost": 0.43,
                "Total Cost": 8.45,
                "Plan Rows": 1,
                "Plan Width": 4,
                "Actual Startup Time": 0.006,
                "Actual Total Time": 0.006,
                "Actual Rows": 0,
                "Actual Loops": 1270,
                "Index Cond": "(id = mc.movie_id)",
                "Rows Removed by Index Recheck": 0,
                "Filter": "(production_year = 2002)",
                "Rows Removed by Filter": 1
              }
            ]
          },
          {
            "Node Type": "Index Scan",
            "Parent Relationship": "Inner",
            "Parallel Aware": false,
            "Scan Direction": "Forward",
            "Index Name": "movie_id_cast_info",
            "Relation Name": "cast_info",
            "Alias": "ci",
            "Startup Cost": 0.56,
            "Total Cost": 20.83,
            "Plan Rows": 2,
            "Plan Width": 4,
            "Actual Startup Time": 0.03,
            "Actual Total Time": 0.049,
            "Actual Rows": 1,
            "Actual Loops": 46,
            "Index Cond": "(movie_id = t.id)",
            "Rows Removed by Index Recheck": 0,
            "Filter": "((person_id < 531802) AND (role_id = 1))",
            "Rows Removed by Filter": 15
          }
        ]
      }
    ]
  },
  "Planning Time": 0.822,
  "Triggers": [],
  "Execution Time": 13.814
}