[
  {
    "Plan": {
      "Node Type": "Aggregate",
      "Strategy": "Plain",
      "Partial Mode": "Finalize",
      "Parallel Aware": false,
      "Startup Cost": 91801.52,
      "Total Cost": 91801.53,
      "Plan Rows": 1,
      "Plan Width": 8,
      "Actual Startup Time": 284.969,
      "Actual Total Time": 303.527,
      "Actual Rows": 1,
      "Actual Loops": 1,
      "Plans": [
        {
          "Node Type": "Gather",
          "Parent Relationship": "Outer",
          "Parallel Aware": false,
          "Startup Cost": 91801.2,
          "Total Cost": 91801.51,
          "Plan Rows": 3,
          "Plan Width": 8,
          "Actual Startup Time": 283.725,
          "Actual Total Time": 303.519,
          "Actual Rows": 4,
          "Actual Loops": 1,
          "Workers Planned": 3,
          "Workers Launched": 3,
          "Single Copy": false,
          "Plans": [
            {
              "Node Type": "Aggregate",
              "Strategy": "Plain",
              "Partial Mode": "Partial",
              "Parent Relationship": "Outer",
              "Parallel Aware": false,
              "Startup Cost": 90801.2,
              "Total Cost": 90801.21,
              "Plan Rows": 1,
              "Plan Width": 8,
              "Actual Startup Time": 276.715,
              "Actual Total Time": 276.719,
              "Actual Rows": 1,
              "Actual Loops": 4,
              "Plans": [
                {
                  "Node Type": "Hash Join",
                  "Parent Relationship": "Outer",
                  "Parallel Aware": true,
                  "Join Type": "Inner",
                  "Startup Cost": 46599.26,
                  "Total Cost": 90622.09,
                  "Plan Rows": 71645,
                  "Plan Width": 0,
                  "Actual Startup Time": 124.677,
                  "Actual Total Time": 276.095,
                  "Actual Rows": 11908,
                  "Actual Loops": 4,
                  "Inner Unique": true,
                  "Hash Cond": "(mk.movie_id = t.id)",
                  "Plans": [
                    {
                      "Node Type": "Seq Scan",
                      "Parent Relationship": "Outer",
                      "Parallel Aware": true,
                      "Relation Name": "movie_keyword",
                      "Alias": "mk",
                      "Startup Cost": 0.0,
                      "Total Cost": 42695.65,
                      "Plan Rows": 505589,
                      "Plan Width": 4,
                      "Actual Startup Time": 0.649,
                      "Actual Total Time": 107.934,
                      "Actual Rows": 390044,
                      "Actual Loops": 4,
                      "Filter": "(keyword_id > 10081)",
                      "Rows Removed by Filter": 740938
                    },
                    {
                      "Node Type": "Hash",
                      "Parent Relationship": "Inner",
                      "Parallel Aware": true,
                      "Startup Cost": 45479.59,
                      "Total Cost": 45479.59,
                      "Plan Rows": 89574,
                      "Plan Width": 4,
                      "Actual Startup Time": 121.737,
                      "Actual Total Time": 121.738,
                      "Actual Rows": 63442,
                      "Actual Loops": 4,
                      "Hash Buckets": 524288,
                      "Original Hash Buckets": 524288,
                      "Hash Batches": 1,
                      "Original Hash Batches": 1,
                      "Peak Memory Usage": 14080,
                      "Plans": [
                        {
                          "Node Type": "Seq Scan",
                          "Parent Relationship": "Outer",
                          "Parallel Aware": true,
                          "Relation Name": "title",
                          "Alias": "t",
                          "Startup Cost": 0.0,
                          "Total Cost": 45479.59,
                          "Plan Rows": 89574,
                          "Plan Width": 4,
                          "Actual Startup Time": 0.049,
                          "Actual Total Time": 100.409,
                          "Actual Rows": 63442,
                          "Actual Loops": 4,
                          "Filter": "((production_year < 1986) AND (kind_id = 7))",
                          "Rows Removed by Filter": 568636
                        }
                      ]
                    }
                  ]
                }
              ]
            }
          ]
        }
      ]
    },
    "Planning Time": 0.259,
    "Triggers": [],
    "Execution Time": 303.562
  }
]