[
  {
    "Plan": {
      "Node Type": "Aggregate",
      "Strategy": "Plain",
      "Partial Mode": "Finalize",
      "Parallel Aware": false,
      "Startup Cost": 95044.28,
      "Total Cost": 95044.29,
      "Plan Rows": 1,
      "Plan Width": 8,
      "Actual Startup Time": 386.266,
      "Actual Total Time": 401.846,
      "Actual Rows": 1,
      "Actual Loops": 1,
      "Plans": [
        {
          "Node Type": "Gather",
          "Parent Relationship": "Outer",
          "Parallel Aware": false,
          "Startup Cost": 95043.96,
          "Total Cost": 95044.27,
          "Plan Rows": 3,
          "Plan Width": 8,
          "Actual Startup Time": 384.113,
          "Actual Total Time": 401.837,
          "Actual Rows": 4,
          "Actual Loops": 1,
          "Workers Planned": 3,
          "Workers Launched": 3,
          "Single Copy": false,
          "Plans": [
            {
              "Node Type": "Aggregate",
              "Strategy": "Plain",
              "Partial Mode": "Partial",
              "Parent Relationship": "Outer",
              "Parallel Aware": false,
              "Startup Cost": 94043.96,
              "Total Cost": 94043.97,
              "Plan Rows": 1,
              "Plan Width": 8,
              "Actual Startup Time": 377.38,
              "Actual Total Time": 377.462,
              "Actual Rows": 1,
              "Actual Loops": 4,
              "Plans": [
                {
                  "Node Type": "Hash Join",
                  "Parent Relationship": "Outer",
                  "Parallel Aware": true,
                  "Join Type": "Inner",
                  "Startup Cost": 63394.09,
                  "Total Cost": 93936.29,
                  "Plan Rows": 43069,
                  "Plan Width": 0,
                  "Actual Startup Time": 220.28,
                  "Actual Total Time": 370.263,
                  "Actual Rows": 156694,
                  "Actual Loops": 4,
                  "Inner Unique": false,
                  "Hash Cond": "(mc.movie_id = t.id)",
                  "Plans": [
                    {
                      "Node Type": "Seq Scan",
                      "Parent Relationship": "Outer",
                      "Parallel Aware": true,
                      "Relation Name": "movie_companies",
                      "Alias": "mc",
                      "Startup Cost": 0.0,
                      "Total Cost": 27206.55,
                      "Plan Rows": 841655,
                      "Plan Width": 4,
                      "Actual Startup Time": 0.011,
                      "Actual Total Time": 58.588,
                      "Actual Rows": 652282,
                      "Actual Loops": 4
                    },
                    {
                      "Node Type": "Hash",
                      "Parent Relationship": "Inner",
                      "Parallel Aware": true,
                      "Startup Cost": 62720.22,
                      "Total Cost": 62720.22,
                      "Plan Rows": 53910,
                      "Plan Width": 8,
                      "Actual Startup Time": 219.363,
                      "Actual Total Time": 219.443,
                      "Actual Rows": 44359,
                      "Actual Loops": 4,
                      "Hash Buckets": 262144,
                      "Original Hash Buckets": 131072,
                      "Hash Batches": 1,
                      "Original Hash Batches": 1,
                      "Peak Memory Usage": 10080,
                      "Plans": [
                        {
                          "Node Type": "Hash Join",
                          "Parent Relationship": "Outer",
                          "Parallel Aware": true,
                          "Join Type": "Inner",
                          "Startup Cost": 46595.79,
                          "Total Cost": 62720.22,
                          "Plan Rows": 53910,
                          "Plan Width": 8,
                          "Actual Startup Time": 129.563,
                          "Actual Total Time": 204.167,
                          "Actual Rows": 44359,
                          "Actual Loops": 4,
                          "Inner Unique": true,
                          "Hash Cond": "(mi_idx.movie_id = t.id)",
                          "Plans": [
                            {
                              "Node Type": "Seq Scan",
                              "Parent Relationship": "Outer",
                              "Parallel Aware": true,
                              "Relation Name": "movie_info_idx",
                              "Alias": "mi_idx",
                              "Startup Cost": 0.0,
                              "Total Cost": 15122.68,
                              "Plan Rows": 381618,
                              "Plan Width": 4,
                              "Actual Startup Time": 0.017,
                              "Actual Total Time": 37.87,
                              "Actual Rows": 229962,
                              "Actual Loops": 4,
                              "Filter": "(info_type_id < 101)",
                              "Rows Removed by Filter": 115046
                            },
                            {
                              "Node Type": "Hash",
                              "Parent Relationship": "Inner",
                              "Parallel Aware": true,
                              "Startup Cost": 45479.59,
                              "Total Cost": 45479.59,
                              "Plan Rows": 89296,
                              "Plan Width": 4,
                              "Actual Startup Time": 128.129,
                              "Actual Total Time": 128.131,
                              "Actual Rows": 71400,
                              "Actual Loops": 4,
                              "Hash Buckets": 524288,
                              "Original Hash Buckets": 524288,
                              "Hash Batches": 1,
                              "Original Hash Batches": 1,
                              "Peak Memory Usage": 15328,
                              "Plans": [
                                {
                                  "Node Type": "Seq Scan",
                                  "Parent Relationship": "Outer",
                                  "Parallel Aware": true,
                                  "Relation Name": "title",
                                  "Alias": "t",
                                  "Startup Cost": 0.0,
                                  "Total Cost": 45479.59,
                                  "Plan Rows": 89296,
                                  "Plan Width": 4,
                                  "Actual Startup Time": 0.044,
                                  "Actual Total Time": 99.721,
                                  "Actual Rows": 71400,
                                  "Actual Loops": 4,
                                  "Filter": "((kind_id < 3) AND (production_year > 2003))",
                                  "Rows Removed by Filter": 560678
                                }
                              ]
                            }
                          ]
                        }
                      ]
                    }
                  ]
                }
              ]
            }
          ]
        }
      ]
    },
    "Planning Time": 0.565,
    "Triggers": [],
    "Execution Time": 401.897
  }
]