[
  {
    "Plan": {
      "Node Type": "Aggregate",
      "Strategy": "Plain",
      "Partial Mode": "Finalize",
      "Parallel Aware": false,
      "Startup Cost": 121769.38,
      "Total Cost": 121769.39,
      "Plan Rows": 1,
      "Plan Width": 8,
      "Actual Startup Time": 560.543,
      "Actual Total Time": 578.335,
      "Actual Rows": 1,
      "Actual Loops": 1,
      "Plans": [
        {
          "Node Type": "Gather",
          "Parent Relationship": "Outer",
          "Parallel Aware": false,
          "Startup Cost": 121769.06,
          "Total Cost": 121769.37,
          "Plan Rows": 3,
          "Plan Width": 8,
          "Actual Startup Time": 557.976,
          "Actual Total Time": 578.327,
          "Actual Rows": 4,
          "Actual Loops": 1,
          "Workers Planned": 3,
          "Workers Launched": 3,
          "Single Copy": false,
          "Plans": [
            {
              "Node Type": "Aggregate",
              "Strategy": "Plain",
              "Partial Mode": "Partial",
              "Parent Relationship": "Outer",
              "Parallel Aware": false,
              "Startup Cost": 120769.06,
              "Total Cost": 120769.07,
              "Plan Rows": 1,
              "Plan Width": 8,
              "Actual Startup Time": 548.211,
              "Actual Total Time": 548.291,
              "Actual Rows": 1,
              "Actual Loops": 4,
              "Plans": [
                {
                  "Node Type": "Hash Join",
                  "Parent Relationship": "Outer",
                  "Parallel Aware": true,
                  "Join Type": "Inner",
                  "Startup Cost": 72342.0,
                  "Total Cost": 120578.97,
                  "Plan Rows": 76038,
                  "Plan Width": 0,
                  "Actual Startup Time": 338.826,
                  "Actual Total Time": 526.54,
                  "Actual Rows": 547702,
                  "Actual Loops": 4,
                  "Inner Unique": false,
                  "Hash Cond": "(mk.movie_id = t.id)",
                  "Plans": [
                    {
                      "Node Type": "Seq Scan",
                      "Parent Relationship": "Outer",
                      "Parallel Aware": true,
                      "Relation Name": "movie_keyword",
                      "Alias": "mk",
                      "Startup Cost": 0.0,
                      "Total Cost": 42695.65,
                      "Plan Rows": 1426993,
                      "Plan Width": 4,
                      "Actual Startup Time": 0.058,
                      "Actual Total Time": 111.447,
                      "Actual Rows": 1103517,
                      "Actual Loops": 4,
                      "Filter": "(keyword_id > 107)",
                      "Rows Removed by Filter": 27465
                    },
                    {
                      "Node Type": "Hash",
                      "Parent Relationship": "Inner",
                      "Parallel Aware": true,
                      "Startup Cost": 71921.0,
                      "Total Cost": 71921.0,
                      "Plan Rows": 33680,
                      "Plan Width": 8,
                      "Actual Startup Time": 294.603,
                      "Actual Total Time": 294.682,
                      "Actual Rows": 65788,
                      "Actual Loops": 4,
                      "Hash Buckets": 524288,
                      "Original Hash Buckets": 262144,
                      "Hash Batches": 1,
                      "Original Hash Batches": 1,
                      "Peak Memory Usage": 16544,
                      "Plans": [
                        {
                          "Node Type": "Hash Join",
                          "Parent Relationship": "Outer",
                          "Parallel Aware": true,
                          "Join Type": "Inner",
                          "Startup Cost": 26333.26,
                          "Total Cost": 71921.0,
                          "Plan Rows": 33680,
                          "Plan Width": 8,
                          "Actual Startup Time": 180.717,
                          "Actual Total Time": 264.595,
                          "Actual Rows": 65788,
                          "Actual Loops": 4,
                          "Inner Unique": false,
                          "Hash Cond": "(t.id = mc.movie_id)",
                          "Plans": [
                            {
                              "Node Type": "Seq Scan",
                              "Parent Relationship": "Outer",
                              "Parallel Aware": true,
                              "Relation Name": "title",
                              "Alias": "t",
                              "Startup Cost": 0.0,
                              "Total Cost": 42318.73,
                              "Plan Rows": 632073,
                              "Plan Width": 4,
                              "Actual Startup Time": 0.012,
                              "Actual Total Time": 74.488,
                              "Actual Rows": 632078,
                              "Actual Loops": 4
                            },
                            {
                              "Node Type": "Hash",
                              "Parent Relationship": "Inner",
                              "Parallel Aware": true,
                              "Startup Cost": 25790.04,
                              "Total Cost": 25790.04,
                              "Plan Rows": 43458,
                              "Plan Width": 4,
                              "Actual Startup Time": 77.998,
                              "Actual Total Time": 77.999,
                              "Actual Rows": 65788,
                              "Actual Loops": 4,
                              "Hash Buckets": 262144,
                              "Original Hash Buckets": 262144,
                              "Hash Batches": 1,
                              "Original Hash Batches": 1,
                              "Peak Memory Usage": 12416,
                              "Plans": [
                                {
                                  "Node Type": "Bitmap Heap Scan",
                                  "Parent Relationship": "Outer",
                                  "Parallel Aware": true,
                                  "Relation Name": "movie_companies",
                                  "Alias": "mc",
                                  "Startup Cost": 5716.15,
                                  "Total Cost": 25790.04,
                                  "Plan Rows": 43458,
                                  "Plan Width": 4,
                                  "Actual Startup Time": 22.215,
                                  "Actual Total Time": 52.2,
                                  "Actual Rows": 65788,
                                  "Actual Loops": 4,
                                  "Recheck Cond": "(company_id > 98774)",
                                  "Rows Removed by Index Recheck": 0,
                                  "Filter": "(company_type_id = 2)",
                                  "Rows Removed by Filter": 0,
                                  "Exact Heap Blocks": 2163,
                                  "Lossy Heap Blocks": 0,
                                  "Plans": [
                                    {
                                      "Node Type": "Bitmap Index Scan",
                                      "Parent Relationship": "Outer",
                                      "Parallel Aware": false,
                                      "Index Name": "company_id_movie_companies",
                                      "Startup Cost": 0.0,
                                      "Total Cost": 5682.47,
                                      "Plan Rows": 265338,
                                      "Plan Width": 0,
                                      "Actual Startup Time": 21.62,
                                      "Actual Total Time": 21.62,
                                      "Actual Rows": 263152,
                                      "Actual Loops": 1,
                                      "Index Cond": "(company_id > 98774)"
                                    }
                                  ]
                                }
                              ]
                            }
                          ]
                        }
                      ]
                    }
                  ]
                }
              ]
            }
          ]
        }
      ]
    },
    "Planning Time": 1.5,
    "Triggers": [],
    "Execution Time": 578.441
  }
]