{
  "Plan": {
    "Node Type": "Aggregate",
    "Strategy": "Plain",
    "Partial Mode": "Finalize",
    "Parallel Aware": false,
    "Startup Cost": 112369.45,
    "Total Cost": 112369.46,
    "Plan Rows": 1,
    "Plan Width": 8,
    "Actual Startup Time": 830.1,
    "Actual Total Time": 845.4,
    "Actual Rows": 1,
    "Actual Loops": 1,
    "Plans": [
      {
        "Node Type": "Gather",
        "Parent Relationship": "Outer",
        "Parallel Aware": false,
        "Startup Cost": 112369.34,
        "Total Cost": 112369.45,
        "Plan Rows": 1,
        "Plan Width": 8,
        "Actual Startup Time": 827.615,
        "Actual Total Time": 845.388,
        "Actual Rows": 2,
        "Actual Loops": 1,
        "Workers Planned": 1,
        "Workers Launched": 1,
        "Single Copy": false,
        "Plans": [
          {
            "Node Type": "Aggregate",
            "Strategy": "Plain",
            "Partial Mode": "Partial",
            "Parent Relationship": "Outer",
            "Parallel Aware": false,
            "Startup Cost": 111369.34,
            "Total Cost": 111369.35,
            "Plan Rows": 1,
            "Plan Width": 8,
            "Actual Startup Time": 822.245,
            "Actual Total Time": 822.25,
            "Actual Rows": 1,
            "Actual Loops": 2,
            "Plans": [
              {
                "Node Type": "Hash Join",
                "Parent Relationship": "Outer",
                "Parallel Aware": true,
                "Join Type": "Inner",
                "Startup Cost": 47433.76,
                "Total Cost": 110244.93,
                "Plan Rows": 449763,
                "Plan Width": 0,
                "Actual Startup Time": 259.153,
                "Actual Total Time": 802.262,
                "Actual Rows": 493478,
                "Actual Loops": 2,
                "Inner Unique": false,
                "Hash Cond": "(t.id = mc.movie_id)",
                "Plans": [
                  {
                    "Node Type": "Seq Scan",
                    "Parent Relationship": "Outer",
                    "Parallel Aware": true,
                    "Relation Name": "title",
                    "Alias": "t",
                    "Startup Cost": 0.0,
                    "Total Cost": 50870.31,
                    "Plan Rows": 1487231,
                    "Plan Width": 4,
                    "Actual Startup Time": 0.012,
                    "Actual Total Time": 133.978,
                    "Actual Rows": 1264156,
                    "Actual Loops": 2
                  },
                  {
                    "Node Type": "Hash",
                    "Parent Relationship": "Inner",
                    "Parallel Aware": true,
                    "Startup Cost": 41811.73,
                    "Total Cost": 41811.73,
                    "Plan Rows": 449763,
                    "Plan Width": 4,
                    "Actual Startup Time": 253.476,
                    "Actual Total Time": 253.477,
                    "Actual Rows": 493478,
                    "Actual Loops": 2,
                    "Hash Buckets": 1048576,
                    "Original Hash Buckets": 1048576,
                    "Hash Batches": 1,
                    "Original Hash Batches": 1,
                    "Peak Memory Usage": 46848,
                    "Plans": [
                      {
                        "Node Type": "Seq Scan",
                        "Parent Relationship": "Outer",
                        "Parallel Aware": true,
                        "Relation Name": "movie_companies",
                        "Alias": "mc",
                        "Startup Cost": 0.0,
                        "Total Cost": 41811.73,
                        "Plan Rows": 449763,
                        "Plan Width": 4,
                        "Actual Startup Time": 62.971,
                        "Actual Total Time": 135.395,
                        "Actual Rows": 493478,
                        "Actual Loops": 2,
                        "Filter": "((company_id > 7548) AND (company_type_id = 2))",
                        "Rows Removed by Filter": 811086
                      }
                    ]
                  }
                ]
              }
            ]
          }
        ]
      }
    ]
  },
  "Planning Time": 0.433,
  "Triggers": [],
  "Execution Time": 845.45
}