[
    {
        "Bao": {
            "Bao prediction": "NaN",
            "Bao recommended hint": "(no hint)"
        }
    },
    {
        "Plan": {
            "Node Type": "Aggregate",
            "Strategy": "Plain",
            "Partial Mode": "Simple",
            "Parallel Aware": false,
            "Startup Cost": 20976.87,
            "Total Cost": 20976.88,
            "Plan Rows": 1,
            "Plan Width": 8,
            "Actual Startup Time": 17.301,
            "Actual Total Time": 17.303,
            "Actual Rows": 1,
            "Actual Loops": 1,
            "Output": [
                "count(*)"
            ],
            "Plans": [
                {
                    "Node Type": "Bitmap Heap Scan",
                    "Parent Relationship": "Outer",
                    "Parallel Aware": false,
                    "Relation Name": "movie_companies",
                    "Schema": "public",
                    "Alias": "mc",
                    "Startup Cost": 1293.83,
                    "Total Cost": 20828.03,
                    "Plan Rows": 59536,
                    "Plan Width": 0,
                    "Actual Startup Time": 2.491,
                    "Actual Total Time": 14.225,
                    "Actual Rows": 61662,
                    "Actual Loops": 1,
                    "Recheck Cond": "(mc.company_id > 182610)",
                    "Rows Removed by Index Recheck": 0,
                    "Exact Heap Blocks": 2203,
                    "Lossy Heap Blocks": 0,
                    "Plans": [
                        {
                            "Node Type": "Bitmap Index Scan",
                            "Parent Relationship": "Outer",
                            "Parallel Aware": false,
                            "Index Name": "company_id_movie_companies",
                            "Startup Cost": 0.0,
                            "Total Cost": 1278.95,
                            "Plan Rows": 59536,
                            "Plan Width": 0,
                            "Actual Startup Time": 2.268,
                            "Actual Total Time": 2.269,
                            "Actual Rows": 61662,
                            "Actual Loops": 1,
                            "Index Cond": "(mc.company_id > 182610)"
                        }
                    ]
                }
            ]
        },
        "Planning Time": 180.414,
        "Triggers": [],
        "Execution Time": 17.342
    }
]