[
    {
        "Bao": {
            "Bao prediction": "NaN",
            "Bao recommended hint": "(no hint)"
        }
    },
    {
        "Plan": {
            "Node Type": "Aggregate",
            "Strategy": "Plain",
            "Partial Mode": "Finalize",
            "Parallel Aware": false,
            "Startup Cost": 44234.12,
            "Total Cost": 44234.13,
            "Plan Rows": 1,
            "Plan Width": 8,
            "Actual Startup Time": 171.517,
            "Actual Total Time": 177.175,
            "Actual Rows": 1,
            "Actual Loops": 1,
            "Output": [
                "count(*)"
            ],
            "Plans": [
                {
                    "Node Type": "Gather",
                    "Parent Relationship": "Outer",
                    "Parallel Aware": false,
                    "Startup Cost": 44233.8,
                    "Total Cost": 44234.11,
                    "Plan Rows": 3,
                    "Plan Width": 8,
                    "Actual Startup Time": 171.253,
                    "Actual Total Time": 177.164,
                    "Actual Rows": 4,
                    "Actual Loops": 1,
                    "Output": [
                        "(PARTIAL count(*))"
                    ],
                    "Workers Planned": 3,
                    "Workers Launched": 3,
                    "Single Copy": false,
                    "Plans": [
                        {
                            "Node Type": "Aggregate",
                            "Strategy": "Plain",
                            "Partial Mode": "Partial",
                            "Parent Relationship": "Outer",
                            "Parallel Aware": false,
                            "Startup Cost": 43233.8,
                            "Total Cost": 43233.81,
                            "Plan Rows": 1,
                            "Plan Width": 8,
                            "Actual Startup Time": 162.658,
                            "Actual Total Time": 162.66,
                            "Actual Rows": 1,
                            "Actual Loops": 4,
                            "Output": [
                                "PARTIAL count(*)"
                            ],
                            "Workers": [
                                {
                                    "Worker Number": 0,
                                    "Actual Startup Time": 159.728,
                                    "Actual Total Time": 159.73,
                                    "Actual Rows": 1,
                                    "Actual Loops": 1
                                },
                                {
                                    "Worker Number": 1,
                                    "Actual Startup Time": 159.976,
                                    "Actual Total Time": 159.977,
                                    "Actual Rows": 1,
                                    "Actual Loops": 1
                                },
                                {
                                    "Worker Number": 2,
                                    "Actual Startup Time": 160.152,
                                    "Actual Total Time": 160.154,
                                    "Actual Rows": 1,
                                    "Actual Loops": 1
                                }
                            ],
                            "Plans": [
                                {
                                    "Node Type": "Bitmap Heap Scan",
                                    "Parent Relationship": "Outer",
                                    "Parallel Aware": true,
                                    "Relation Name": "movie_keyword",
                                    "Schema": "public",
                                    "Alias": "mk",
                                    "Startup Cost": 15291.51,
                                    "Total Cost": 42652.42,
                                    "Plan Rows": 232553,
                                    "Plan Width": 0,
                                    "Actual Startup Time": 60.059,
                                    "Actual Total Time": 150.33,
                                    "Actual Rows": 177378,
                                    "Actual Loops": 4,
                                    "Recheck Cond": "(mk.keyword_id > 26623)",
                                    "Rows Removed by Index Recheck": 0,
                                    "Exact Heap Blocks": 7638,
                                    "Lossy Heap Blocks": 0,
                                    "Workers": [
                                        {
                                            "Worker Number": 0,
                                            "Actual Startup Time": 57.461,
                                            "Actual Total Time": 148.585,
                                            "Actual Rows": 195885,
                                            "Actual Loops": 1
                                        },
                                        {
                                            "Worker Number": 1,
                                            "Actual Startup Time": 57.414,
                                            "Actual Total Time": 148.385,
                                            "Actual Rows": 140879,
                                            "Actual Loops": 1
                                        },
                                        {
                                            "Worker Number": 2,
                                            "Actual Startup Time": 57.569,
                                            "Actual Total Time": 148.523,
                                            "Actual Rows": 140923,
                                            "Actual Loops": 1
                                        }
                                    ],
                                    "Plans": [
                                        {
                                            "Node Type": "Bitmap Index Scan",
                                            "Parent Relationship": "Outer",
                                            "Parallel Aware": false,
                                            "Index Name": "keyword_id_movie_keyword",
                                            "Startup Cost": 0.0,
                                            "Total Cost": 15111.28,
                                            "Plan Rows": 720913,
                                            "Plan Width": 0,
                                            "Actual Startup Time": 62.252,
                                            "Actual Total Time": 62.253,
                                            "Actual Rows": 709512,
                                            "Actual Loops": 1,
                                            "Index Cond": "(mk.keyword_id > 26623)"
                                        }
                                    ]
                                }
                            ]
                        }
                    ]
                }
            ]
        },
        "Planning Time": 277.729,
        "Triggers": [],
        "Execution Time": 177.284
    }
]