{
    "Plan": {
        "Node Type": "Aggregate",
        "Strategy": "Plain",
        "Partial Mode": "Simple",
        "Parallel Aware": false,
        "Startup Cost": 50018400802.77,
        "Total Cost": 50018400802.78,
        "Plan Rows": 1,
        "Plan Width": 128,
        "Actual Startup Time": 397708.985,
        "Actual Total Time": 397709.061,
        "Actual Rows": 1,
        "Actual Loops": 1,
        "Output": [
            "min(chn.name)",
            "min(mi_idx.info)",
            "min(n.name)",
            "min(t.title)"
        ],
        "Plans": [
            {
                "Node Type": "Nested Loop",
                "Parent Relationship": "Outer",
                "Parallel Aware": false,
                "Join Type": "Inner",
                "Startup Cost": 50018400166.73,
                "Total Cost": 50018400802.76,
                "Plan Rows": 1,
                "Plan Width": 53,
                "Actual Startup Time": 397638.353,
                "Actual Total Time": 397708.179,
                "Actual Rows": 2900,
                "Actual Loops": 1,
                "Output": [
                    "chn.name",
                    "mi_idx.info",
                    "n.name",
                    "t.title"
                ],
                "Inner Unique": true,
                "Plans": [
                    {
                        "Node Type": "Merge Join",
                        "Parent Relationship": "Outer",
                        "Parallel Aware": false,
                        "Join Type": "Inner",
                        "Startup Cost": 40018400166.59,
                        "Total Cost": 40018400794.59,
                        "Plan Rows": 1,
                        "Plan Width": 57,
                        "Actual Startup Time": 397638.241,
                        "Actual Total Time": 397695.407,
                        "Actual Rows": 3432,
                        "Actual Loops": 1,
                        "Output": [
                            "chn.name",
                            "mi_idx.info",
                            "n.name",
                            "t.title",
                            "t.kind_id"
                        ],
                        "Inner Unique": false,
                        "Merge Cond": "(chn.id = ci.person_role_id)",
                        "Plans": [
                            {
                                "Node Type": "Sort",
                                "Parent Relationship": "Outer",
                                "Parallel Aware": false,
                                "Startup Cost": 10000094188.4,
                                "Total Cost": 10000094502.39,
                                "Plan Rows": 125596,
                                "Plan Width": 20,
                                "Actual Startup Time": 1000.977,
                                "Actual Total Time": 1027.631,
                                "Actual Rows": 180135,
                                "Actual Loops": 1,
                                "Output": [
                                    "chn.name",
                                    "chn.id"
                                ],
                                "Sort Key": [
                                    "chn.id"
                                ],
                                "Sort Method": "quicksort",
                                "Sort Space Used": 19675,
                                "Sort Space Type": "Memory",
                                "Plans": [
                                    {
                                        "Node Type": "Seq Scan",
                                        "Parent Relationship": "Outer",
                                        "Parallel Aware": false,
                                        "Relation Name": "char_name",
                                        "Schema": "public",
                                        "Alias": "chn",
                                        "Startup Cost": 10000000000.0,
                                        "Total Cost": 10000083551.41,
                                        "Plan Rows": 125596,
                                        "Plan Width": 20,
                                        "Actual Startup Time": 0.032,
                                        "Actual Total Time": 930.128,
                                        "Actual Rows": 180152,
                                        "Actual Loops": 1,
                                        "Output": [
                                            "chn.name",
                                            "chn.id"
                                        ],
                                        "Filter": "((chn.name IS NOT NULL) AND ((chn.name ~~ '%man%'::text) OR (chn.name ~~ '%Man%'::text)))",
                                        "Rows Removed by Filter": 2960187
                                    }
                                ]
                            },
                            {
                                "Node Type": "Sort",
                                "Parent Relationship": "Inner",
                                "Parallel Aware": false,
                                "Startup Cost": 30018305978.19,
                                "Total Cost": 30018305978.19,
                                "Plan Rows": 1,
                                "Plan Width": 45,
                                "Actual Startup Time": 396636.997,
                                "Actual Total Time": 396646.784,
                                "Actual Rows": 50678,
                                "Actual Loops": 1,
                                "Output": [
                                    "ci.person_role_id",
                                    "mi_idx.info",
                                    "n.name",
                                    "t.title",
                                    "t.kind_id"
                                ],
                                "Sort Key": [
                                    "ci.person_role_id"
                                ],
                                "Sort Method": "quicksort",
                                "Sort Space Used": 14305,
                                "Sort Space Type": "Memory",
                                "Plans": [
                                    {
                                        "Node Type": "Merge Join",
                                        "Parent Relationship": "Outer",
                                        "Parallel Aware": false,
                                        "Join Type": "Inner",
                                        "Startup Cost": 30018305971.47,
                                        "Total Cost": 30018305978.18,
                                        "Plan Rows": 1,
                                        "Plan Width": 45,
                                        "Actual Startup Time": 394289.034,
                                        "Actual Total Time": 396602.618,
                                        "Actual Rows": 126623,
                                        "Actual Loops": 1,
                                        "Output": [
                                            "ci.person_role_id",
                                            "mi_idx.info",
                                            "n.name",
                                            "t.title",
                                            "t.kind_id"
                                        ],
                                        "Inner Unique": false,
                                        "Merge Cond": "(k.id = mk.keyword_id)",
                                        "Plans": [
                                            {
                                                "Node Type": "Sort",
                                                "Parent Relationship": "Outer",
                                                "Parallel Aware": false,
                                                "Startup Cost": 10000003967.99,
                                                "Total Cost": 10000003968.02,
                                                "Plan Rows": 10,
                                                "Plan Width": 4,
                                                "Actual Startup Time": 37.871,
                                                "Actual Total Time": 37.886,
                                                "Actual Rows": 7,
                                                "Actual Loops": 1,
                                                "Output": [
                                                    "k.id"
                                                ],
                                                "Sort Key": [
                                                    "k.id"
                                                ],
                                                "Sort Method": "quicksort",
                                                "Sort Space Used": 25,
                                                "Sort Space Type": "Memory",
                                                "Plans": [
                                                    {
                                                        "Node Type": "Seq Scan",
                                                        "Parent Relationship": "Outer",
                                                        "Parallel Aware": false,
                                                        "Relation Name": "keyword",
                                                        "Schema": "public",
                                                        "Alias": "k",
                                                        "Startup Cost": 10000000000.0,
                                                        "Total Cost": 10000003967.83,
                                                        "Plan Rows": 10,
                                                        "Plan Width": 4,
                                                        "Actual Startup Time": 0.147,
                                                        "Actual Total Time": 37.865,
                                                        "Actual Rows": 7,
                                                        "Actual Loops": 1,
                                                        "Output": [
                                                            "k.id"
                                                        ],
                                                        "Filter": "(k.keyword = ANY ('{violence,blood,fight,fight,based-on-novel,marvel-comics,murder,based-on-comic,fight,marvel-comics}'::text[]))",
                                                        "Rows Removed by Filter": 134163
                                                    }
                                                ]
                                            },
                                            {
                                                "Node Type": "Sort",
                                                "Parent Relationship": "Inner",
                                                "Parallel Aware": false,
                                                "Startup Cost": 20018302003.48,
                                                "Total Cost": 20018302006.8,
                                                "Plan Rows": 1330,
                                                "Plan Width": 49,
                                                "Actual Startup Time": 394065.561,
                                                "Actual Total Time": 395876.56,
                                                "Actual Rows": 6943765,
                                                "Actual Loops": 1,
                                                "Output": [
                                                    "ci.person_role_id",
                                                    "mi_idx.info",
                                                    "mk.keyword_id",
                                                    "n.name",
                                                    "t.title",
                                                    "t.kind_id"
                                                ],
                                                "Sort Key": [
                                                    "mk.keyword_id"
                                                ],
                                                "Sort Method": "quicksort",
                                                "Sort Space Used": 1529403,
                                                "Sort Space Type": "Memory",
                                                "Plans": [
                                                    {
                                                        "Node Type": "Hash Join",
                                                        "Parent Relationship": "Outer",
                                                        "Parallel Aware": false,
                                                        "Join Type": "Inner",
                                                        "Startup Cost": 20018287669.91,
                                                        "Total Cost": 20018301934.47,
                                                        "Plan Rows": 1330,
                                                        "Plan Width": 49,
                                                        "Actual Startup Time": 201128.734,
                                                        "Actual Total Time": 386508.019,
                                                        "Actual Rows": 11791875,
                                                        "Actual Loops": 1,
                                                        "Output": [
                                                            "ci.person_role_id",
                                                            "mi_idx.info",
                                                            "mk.keyword_id",
                                                            "n.name",
                                                            "t.title",
                                                            "t.kind_id"
                                                        ],
                                                        "Inner Unique": false,
                                                        "Hash Cond": "(ci.person_id = n.id)",
                                                        "Plans": [
                                                            {
                                                                "Node Type": "Nested Loop",
                                                                "Parent Relationship": "Outer",
                                                                "Parallel Aware": false,
                                                                "Join Type": "Inner",
                                                                "Startup Cost": 20018138287.05,
                                                                "Total Cost": 20018152528.34,
                                                                "Plan Rows": 1330,
                                                                "Plan Width": 38,
                                                                "Actual Startup Time": 199405.23,
                                                                "Actual Total Time": 379840.268,
                                                                "Actual Rows": 11791875,
                                                                "Actual Loops": 1,
                                                                "Output": [
                                                                    "ci.person_role_id",
                                                                    "ci.person_id",
                                                                    "mi_idx.info",
                                                                    "mk.keyword_id",
                                                                    "t.title",
                                                                    "t.kind_id"
                                                                ],
                                                                "Inner Unique": true,
                                                                "Plans": [
                                                                    {
                                                                        "Node Type": "Merge Join",
                                                                        "Parent Relationship": "Outer",
                                                                        "Parallel Aware": false,
                                                                        "Join Type": "Inner",
                                                                        "Startup Cost": 10018138286.61,
                                                                        "Total Cost": 10018139913.45,
                                                                        "Plan Rows": 2828,
                                                                        "Plan Width": 33,
                                                                        "Actual Startup Time": 199387.942,
                                                                        "Actual Total Time": 225127.975,
                                                                        "Actual Rows": 34675563,
                                                                        "Actual Loops": 1,
                                                                        "Output": [
                                                                            "cc.movie_id",
                                                                            "ci.movie_id",
                                                                            "ci.person_role_id",
                                                                            "ci.person_id",
                                                                            "mi_idx.info",
                                                                            "mi_idx.movie_id",
                                                                            "mk.movie_id",
                                                                            "mk.keyword_id"
                                                                        ],
                                                                        "Inner Unique": false,
                                                                        "Merge Cond": "(mi_idx.info_type_id = it2.id)",
                                                                        "Plans": [
                                                                            {
                                                                                "Node Type": "Sort",
                                                                                "Parent Relationship": "Outer",
                                                                                "Parallel Aware": false,
                                                                                "Startup Cost": 10018138277.11,
                                                                                "Total Cost": 10018139076.39,
                                                                                "Plan Rows": 319711,
                                                                                "Plan Width": 37,
                                                                                "Actual Startup Time": 196720.389,
                                                                                "Actual Total Time": 211154.901,
                                                                                "Actual Rows": 50967784,
                                                                                "Actual Loops": 1,
                                                                                "Output": [
                                                                                    "cc.movie_id",
                                                                                    "ci.movie_id",
                                                                                    "ci.person_role_id",
                                                                                    "ci.person_id",
                                                                                    "mi_idx.info",
                                                                                    "mi_idx.movie_id",
                                                                                    "mi_idx.info_type_id",
                                                                                    "mk.movie_id",
                                                                                    "mk.keyword_id"
                                                                                ],
                                                                                "Sort Key": [
                                                                                    "mi_idx.info_type_id"
                                                                                ],
                                                                                "Sort Method": "external merge",
                                                                                "Sort Space Used": 2463432,
                                                                                "Sort Space Type": "Disk",
                                                                                "Plans": [
                                                                                    {
                                                                                        "Node Type": "Hash Join",
                                                                                        "Parent Relationship": "Outer",
                                                                                        "Parallel Aware": false,
                                                                                        "Join Type": "Inner",
                                                                                        "Startup Cost": 10018084108.97,
                                                                                        "Total Cost": 10018109045.28,
                                                                                        "Plan Rows": 319711,
                                                                                        "Plan Width": 37,
                                                                                        "Actual Startup Time": 158447.579,
                                                                                        "Actual Total Time": 178391.832,
                                                                                        "Actual Rows": 51515937,
                                                                                        "Actual Loops": 1,
                                                                                        "Output": [
                                                                                            "cc.movie_id",
                                                                                            "ci.movie_id",
                                                                                            "ci.person_role_id",
                                                                                            "ci.person_id",
                                                                                            "mi_idx.info",
                                                                                            "mi_idx.movie_id",
                                                                                            "mi_idx.info_type_id",
                                                                                            "mk.movie_id",
                                                                                            "mk.keyword_id"
                                                                                        ],
                                                                                        "Inner Unique": true,
                                                                                        "Hash Cond": "(cc.subject_id = cct1.id)",
                                                                                        "Plans": [
                                                                                            {
                                                                                                "Node Type": "Hash Join",
                                                                                                "Parent Relationship": "Outer",
                                                                                                "Parallel Aware": false,
                                                                                                "Join Type": "Inner",
                                                                                                "Startup Cost": 10018084096.76,
                                                                                                "Total Cost": 10018102119.3,
                                                                                                "Plan Rows": 1278847,
                                                                                                "Plan Width": 41,
                                                                                                "Actual Startup Time": 157948.063,
                                                                                                "Actual Total Time": 170432.31,
                                                                                                "Actual Rows": 79136862,
                                                                                                "Actual Loops": 1,
                                                                                                "Output": [
                                                                                                    "cc.movie_id",
                                                                                                    "cc.subject_id",
                                                                                                    "ci.movie_id",
                                                                                                    "ci.person_role_id",
                                                                                                    "ci.person_id",
                                                                                                    "mi_idx.info",
                                                                                                    "mi_idx.movie_id",
                                                                                                    "mi_idx.info_type_id",
                                                                                                    "mk.movie_id",
                                                                                                    "mk.keyword_id"
                                                                                                ],
                                                                                                "Inner Unique": false,
                                                                                                "Hash Cond": "(cct2.id = cc.status_id)",
                                                                                                "Plans": [
                                                                                                    {
                                                                                                        "Node Type": "Seq Scan",
                                                                                                        "Parent Relationship": "Outer",
                                                                                                        "Parallel Aware": false,
                                                                                                        "Relation Name": "comp_cast_type",
                                                                                                        "Schema": "public",
                                                                                                        "Alias": "cct2",
                                                                                                        "Startup Cost": 10000000000.0,
                                                                                                        "Total Cost": 10000000001.05,
                                                                                                        "Plan Rows": 1,
                                                                                                        "Plan Width": 4,
                                                                                                        "Actual Startup Time": 0.02,
                                                                                                        "Actual Total Time": 0.026,
                                                                                                        "Actual Rows": 2,
                                                                                                        "Actual Loops": 1,
                                                                                                        "Output": [
                                                                                                            "cct2.id",
                                                                                                            "cct2.kind"
                                                                                                        ],
                                                                                                        "Filter": "((cct2.kind)::text ~~ '%complete%'::text)",
                                                                                                        "Rows Removed by Filter": 2
                                                                                                    },
                                                                                                    {
                                                                                                        "Node Type": "Hash",
                                                                                                        "Parent Relationship": "Inner",
                                                                                                        "Parallel Aware": false,
                                                                                                        "Startup Cost": 18020155.26,
                                                                                                        "Total Cost": 18020155.26,
                                                                                                        "Plan Rows": 5115320,
                                                                                                        "Plan Width": 45,
                                                                                                        "Actual Startup Time": 157940.793,
                                                                                                        "Actual Total Time": 157940.828,
                                                                                                        "Actual Rows": 79136862,
                                                                                                        "Actual Loops": 1,
                                                                                                        "Output": [
                                                                                                            "cc.movie_id",
                                                                                                            "cc.subject_id",
                                                                                                            "cc.status_id",
                                                                                                            "ci.movie_id",
                                                                                                            "ci.person_role_id",
                                                                                                            "ci.person_id",
                                                                                                            "mi_idx.info",
                                                                                                            "mi_idx.movie_id",
                                                                                                            "mi_idx.info_type_id",
                                                                                                            "mk.movie_id",
                                                                                                            "mk.keyword_id"
                                                                                                        ],
                                                                                                        "Hash Buckets": 67108864,
                                                                                                        "Original Hash Buckets": 8388608,
                                                                                                        "Hash Batches": 2,
                                                                                                        "Original Hash Batches": 1,
                                                                                                        "Peak Memory Usage": 3960262,
                                                                                                        "Plans": [
                                                                                                            {
                                                                                                                "Node Type": "Hash Join",
                                                                                                                "Parent Relationship": "Outer",
                                                                                                                "Parallel Aware": false,
                                                                                                                "Join Type": "Inner",
                                                                                                                "Startup Cost": 7574204.92,
                                                                                                                "Total Cost": 18020155.26,
                                                                                                                "Plan Rows": 5115320,
                                                                                                                "Plan Width": 45,
                                                                                                                "Actual Startup Time": 99838.173,
                                                                                                                "Actual Total Time": 140045.89,
                                                                                                                "Actual Rows": 79136862,
                                                                                                                "Actual Loops": 1,
                                                                                                                "Output": [
                                                                                                                    "cc.movie_id",
                                                                                                                    "cc.subject_id",
                                                                                                                    "cc.status_id",
                                                                                                                    "ci.movie_id",
                                                                                                                    "ci.person_role_id",
                                                                                                                    "ci.person_id",
                                                                                                                    "mi_idx.info",
                                                                                                                    "mi_idx.movie_id",
                                                                                                                    "mi_idx.info_type_id",
                                                                                                                    "mk.movie_id",
                                                                                                                    "mk.keyword_id"
                                                                                                                ],
                                                                                                                "Inner Unique": false,
                                                                                                                "Hash Cond": "(mk.movie_id = mi_idx.movie_id)",
                                                                                                                "Plans": [
                                                                                                                    {
                                                                                                                        "Node Type": "Hash Join",
                                                                                                                        "Parent Relationship": "Outer",
                                                                                                                        "Parallel Aware": false,
                                                                                                                        "Join Type": "Inner",
                                                                                                                        "Startup Cost": 7514698.67,
                                                                                                                        "Total Cost": 17706207.11,
                                                                                                                        "Plan Rows": 24878727,
                                                                                                                        "Plan Width": 32,
                                                                                                                        "Actual Startup Time": 99624.235,
                                                                                                                        "Actual Total Time": 124243.919,
                                                                                                                        "Actual Rows": 157283028,
                                                                                                                        "Actual Loops": 1,
                                                                                                                        "Output": [
                                                                                                                            "cc.movie_id",
                                                                                                                            "cc.subject_id",
                                                                                                                            "cc.status_id",
                                                                                                                            "ci.movie_id",
                                                                                                                            "ci.person_role_id",
                                                                                                                            "ci.person_id",
                                                                                                                            "mk.movie_id",
                                                                                                                            "mk.keyword_id"
                                                                                                                        ],
                                                                                                                        "Inner Unique": false,
                                                                                                                        "Hash Cond": "(cc.movie_id = mk.movie_id)",
                                                                                                                        "Plans": [
                                                                                                                            {
                                                                                                                                "Node Type": "Index Scan",
                                                                                                                                "Parent Relationship": "Outer",
                                                                                                                                "Parallel Aware": false,
                                                                                                                                "Scan Direction": "Forward",
                                                                                                                                "Index Name": "subject_id_complete_cast",
                                                                                                                                "Relation Name": "complete_cast",
                                                                                                                                "Schema": "public",
                                                                                                                                "Alias": "cc",
                                                                                                                                "Startup Cost": 0.42,
                                                                                                                                "Total Cost": 4164.71,
                                                                                                                                "Plan Rows": 135086,
                                                                                                                                "Plan Width": 12,
                                                                                                                                "Actual Startup Time": 0.071,
                                                                                                                                "Actual Total Time": 27.542,
                                                                                                                                "Actual Rows": 135086,
                                                                                                                                "Actual Loops": 1,
                                                                                                                                "Output": [
                                                                                                                                    "cc.id",
                                                                                                                                    "cc.movie_id",
                                                                                                                                    "cc.subject_id",
                                                                                                                                    "cc.status_id"
                                                                                                                                ]
                                                                                                                            },
                                                                                                                            {
                                                                                                                                "Node Type": "Hash",
                                                                                                                                "Parent Relationship": "Inner",
                                                                                                                                "Parallel Aware": false,
                                                                                                                                "Startup Cost": 5342259.86,
                                                                                                                                "Total Cost": 5342259.86,
                                                                                                                                "Plan Rows": 173795071,
                                                                                                                                "Plan Width": 20,
                                                                                                                                "Actual Startup Time": 99563.781,
                                                                                                                                "Actual Total Time": 99563.801,
                                                                                                                                "Actual Rows": 215765477,
                                                                                                                                "Actual Loops": 1,
                                                                                                                                "Output": [
                                                                                                                                    "ci.movie_id",
                                                                                                                                    "ci.person_role_id",
                                                                                                                                    "ci.person_id",
                                                                                                                                    "mk.movie_id",
                                                                                                                                    "mk.keyword_id"
                                                                                                                                ],
                                                                                                                                "Hash Buckets": 67108864,
                                                                                                                                "Original Hash Buckets": 67108864,
                                                                                                                                "Hash Batches": 4,
                                                                                                                                "Original Hash Batches": 4,
                                                                                                                                "Peak Memory Usage": 3130506,
                                                                                                                                "Plans": [
                                                                                                                                    {
                                                                                                                                        "Node Type": "Merge Join",
                                                                                                                                        "Parent Relationship": "Outer",
                                                                                                                                        "Parallel Aware": false,
                                                                                                                                        "Join Type": "Inner",
                                                                                                                                        "Startup Cost": 570298.55,
                                                                                                                                        "Total Cost": 5342259.86,
                                                                                                                                        "Plan Rows": 173795071,
                                                                                                                                        "Plan Width": 20,
                                                                                                                                        "Actual Startup Time": 1022.874,
                                                                                                                                        "Actual Total Time": 65802.669,
                                                                                                                                        "Actual Rows": 215765477,
                                                                                                                                        "Actual Loops": 1,
                                                                                                                                        "Output": [
                                                                                                                                            "ci.movie_id",
                                                                                                                                            "ci.person_role_id",
                                                                                                                                            "ci.person_id",
                                                                                                                                            "mk.movie_id",
                                                                                                                                            "mk.keyword_id"
                                                                                                                                        ],
                                                                                                                                        "Inner Unique": false,
                                                                                                                                        "Merge Cond": "(ci.movie_id = mk.movie_id)",
                                                                                                                                        "Plans": [
                                                                                                                                            {
                                                                                                                                                "Node Type": "Index Scan",
                                                                                                                                                "Parent Relationship": "Outer",
                                                                                                                                                "Parallel Aware": false,
                                                                                                                                                "Scan Direction": "Forward",
                                                                                                                                                "Index Name": "movie_id_cast_info",
                                                                                                                                                "Relation Name": "cast_info",
                                                                                                                                                "Schema": "public",
                                                                                                                                                "Alias": "ci",
                                                                                                                                                "Startup Cost": 0.56,
                                                                                                                                                "Total Cost": 2074909.69,
                                                                                                                                                "Plan Rows": 36252776,
                                                                                                                                                "Plan Width": 12,
                                                                                                                                                "Actual Startup Time": 0.027,
                                                                                                                                                "Actual Total Time": 30847.387,
                                                                                                                                                "Actual Rows": 36244332,
                                                                                                                                                "Actual Loops": 1,
                                                                                                                                                "Output": [
                                                                                                                                                    "ci.id",
                                                                                                                                                    "ci.person_id",
                                                                                                                                                    "ci.movie_id",
                                                                                                                                                    "ci.person_role_id",
                                                                                                                                                    "ci.note",
                                                                                                                                                    "ci.nr_order",
                                                                                                                                                    "ci.role_id"
                                                                                                                                                ]
                                                                                                                                            },
                                                                                                                                            {
                                                                                                                                                "Node Type": "Sort",
                                                                                                                                                "Parent Relationship": "Inner",
                                                                                                                                                "Parallel Aware": false,
                                                                                                                                                "Startup Cost": 569794.43,
                                                                                                                                                "Total Cost": 581104.25,
                                                                                                                                                "Plan Rows": 4523930,
                                                                                                                                                "Plan Width": 8,
                                                                                                                                                "Actual Startup Time": 1022.779,
                                                                                                                                                "Actual Total Time": 9382.335,
                                                                                                                                                "Actual Rows": 215826630,
                                                                                                                                                "Actual Loops": 1,
                                                                                                                                                "Output": [
                                                                                                                                                    "mk.movie_id",
                                                                                                                                                    "mk.keyword_id"
                                                                                                                                                ],
                                                                                                                                                "Sort Key": [
                                                                                                                                                    "mk.movie_id"
                                                                                                                                                ],
                                                                                                                                                "Sort Method": "quicksort",
                                                                                                                                                "Sort Space Used": 408668,
                                                                                                                                                "Sort Space Type": "Memory",
                                                                                                                                                "Plans": [
                                                                                                                                                    {
                                                                                                                                                        "Node Type": "Seq Scan",
                                                                                                                                                        "Parent Relationship": "Outer",
                                                                                                                                                        "Parallel Aware": false,
                                                                                                                                                        "Relation Name": "movie_keyword",
                                                                                                                                                        "Schema": "public",
                                                                                                                                                        "Alias": "mk",
                                                                                                                                                        "Startup Cost": 0.0,
                                                                                                                                                        "Total Cost": 69693.3,
                                                                                                                                                        "Plan Rows": 4523930,
                                                                                                                                                        "Plan Width": 8,
                                                                                                                                                        "Actual Startup Time": 0.016,
                                                                                                                                                        "Actual Total Time": 367.498,
                                                                                                                                                        "Actual Rows": 4523930,
                                                                                                                                                        "Actual Loops": 1,
                                                                                                                                                        "Output": [
                                                                                                                                                            "mk.movie_id",
                                                                                                                                                            "mk.keyword_id"
                                                                                                                                                        ]
                                                                                                                                                    }
                                                                                                                                                ]
                                                                                                                                            }
                                                                                                                                        ]
                                                                                                                                    }
                                                                                                                                ]
                                                                                                                            }
                                                                                                                        ]
                                                                                                                    },
                                                                                                                    {
                                                                                                                        "Node Type": "Hash",
                                                                                                                        "Parent Relationship": "Inner",
                                                                                                                        "Parallel Aware": false,
                                                                                                                        "Startup Cost": 57080.9,
                                                                                                                        "Total Cost": 57080.9,
                                                                                                                        "Plan Rows": 194028,
                                                                                                                        "Plan Width": 13,
                                                                                                                        "Actual Startup Time": 212.765,
                                                                                                                        "Actual Total Time": 212.766,
                                                                                                                        "Actual Rows": 192839,
                                                                                                                        "Actual Loops": 1,
                                                                                                                        "Output": [
                                                                                                                            "mi_idx.info",
                                                                                                                            "mi_idx.movie_id",
                                                                                                                            "mi_idx.info_type_id"
                                                                                                                        ],
                                                                                                                        "Hash Buckets": 262144,
                                                                                                                        "Original Hash Buckets": 262144,
                                                                                                                        "Hash Batches": 1,
                                                                                                                        "Original Hash Batches": 1,
                                                                                                                        "Peak Memory Usage": 10355,
                                                                                                                        "Plans": [
                                                                                                                            {
                                                                                                                                "Node Type": "Index Scan",
                                                                                                                                "Parent Relationship": "Outer",
                                                                                                                                "Parallel Aware": false,
                                                                                                                                "Scan Direction": "Forward",
                                                                                                                                "Index Name": "movie_id_movie_info_idx",
                                                                                                                                "Relation Name": "movie_info_idx",
                                                                                                                                "Schema": "public",
                                                                                                                                "Alias": "mi_idx",
                                                                                                                                "Startup Cost": 0.43,
                                                                                                                                "Total Cost": 57080.9,
                                                                                                                                "Plan Rows": 194028,
                                                                                                                                "Plan Width": 13,
                                                                                                                                "Actual Startup Time": 0.03,
                                                                                                                                "Actual Total Time": 183.863,
                                                                                                                                "Actual Rows": 192839,
                                                                                                                                "Actual Loops": 1,
                                                                                                                                "Output": [
                                                                                                                                    "mi_idx.info",
                                                                                                                                    "mi_idx.movie_id",
                                                                                                                                    "mi_idx.info_type_id"
                                                                                                                                ],
                                                                                                                                "Filter": "(mi_idx.info > '7.0'::text)",
                                                                                                                                "Rows Removed by Filter": 1187196
                                                                                                                            }
                                                                                                                        ]
                                                                                                                    }
                                                                                                                ]
                                                                                                            }
                                                                                                        ]
                                                                                                    }
                                                                                                ]
                                                                                            },
                                                                                            {
                                                                                                "Node Type": "Hash",
                                                                                                "Parent Relationship": "Inner",
                                                                                                "Parallel Aware": false,
                                                                                                "Startup Cost": 12.2,
                                                                                                "Total Cost": 12.2,
                                                                                                "Plan Rows": 1,
                                                                                                "Plan Width": 4,
                                                                                                "Actual Startup Time": 0.018,
                                                                                                "Actual Total Time": 0.02,
                                                                                                "Actual Rows": 1,
                                                                                                "Actual Loops": 1,
                                                                                                "Output": [
                                                                                                    "cct1.id"
                                                                                                ],
                                                                                                "Hash Buckets": 1024,
                                                                                                "Original Hash Buckets": 1024,
                                                                                                "Hash Batches": 1,
                                                                                                "Original Hash Batches": 1,
                                                                                                "Peak Memory Usage": 9,
                                                                                                "Plans": [
                                                                                                    {
                                                                                                        "Node Type": "Index Scan",
                                                                                                        "Parent Relationship": "Outer",
                                                                                                        "Parallel Aware": false,
                                                                                                        "Scan Direction": "Forward",
                                                                                                        "Index Name": "comp_cast_type_pkey",
                                                                                                        "Relation Name": "comp_cast_type",
                                                                                                        "Schema": "public",
                                                                                                        "Alias": "cct1",
                                                                                                        "Startup Cost": 0.13,
                                                                                                        "Total Cost": 12.2,
                                                                                                        "Plan Rows": 1,
                                                                                                        "Plan Width": 4,
                                                                                                        "Actual Startup Time": 0.016,
                                                                                                        "Actual Total Time": 0.018,
                                                                                                        "Actual Rows": 1,
                                                                                                        "Actual Loops": 1,
                                                                                                        "Output": [
                                                                                                            "cct1.id"
                                                                                                        ],
                                                                                                        "Filter": "((cct1.kind)::text = 'cast'::text)",
                                                                                                        "Rows Removed by Filter": 3
                                                                                                    }
                                                                                                ]
                                                                                            }
                                                                                        ]
                                                                                    }
                                                                                ]
                                                                            },
                                                                            {
                                                                                "Node Type": "Sort",
                                                                                "Parent Relationship": "Inner",
                                                                                "Parallel Aware": false,
                                                                                "Startup Cost": 2.42,
                                                                                "Total Cost": 2.43,
                                                                                "Plan Rows": 1,
                                                                                "Plan Width": 4,
                                                                                "Actual Startup Time": 0.098,
                                                                                "Actual Total Time": 2682.552,
                                                                                "Actual Rows": 1,
                                                                                "Actual Loops": 1,
                                                                                "Output": [
                                                                                    "it2.id"
                                                                                ],
                                                                                "Sort Key": [
                                                                                    "it2.id"
                                                                                ],
                                                                                "Sort Method": "quicksort",
                                                                                "Sort Space Used": 25,
                                                                                "Sort Space Type": "Memory",
                                                                                "Plans": [
                                                                                    {
                                                                                        "Node Type": "Seq Scan",
                                                                                        "Parent Relationship": "Outer",
                                                                                        "Parallel Aware": false,
                                                                                        "Relation Name": "info_type",
                                                                                        "Schema": "public",
                                                                                        "Alias": "it2",
                                                                                        "Startup Cost": 0.0,
                                                                                        "Total Cost": 2.41,
                                                                                        "Plan Rows": 1,
                                                                                        "Plan Width": 4,
                                                                                        "Actual Startup Time": 0.071,
                                                                                        "Actual Total Time": 0.072,
                                                                                        "Actual Rows": 1,
                                                                                        "Actual Loops": 1,
                                                                                        "Output": [
                                                                                            "it2.id"
                                                                                        ],
                                                                                        "Filter": "((it2.info)::text = 'rating'::text)",
                                                                                        "Rows Removed by Filter": 112
                                                                                    }
                                                                                ]
                                                                            }
                                                                        ]
                                                                    },
                                                                    {
                                                                        "Node Type": "Bitmap Heap Scan",
                                                                        "Parent Relationship": "Inner",
                                                                        "Parallel Aware": false,
                                                                        "Relation Name": "title",
                                                                        "Schema": "public",
                                                                        "Alias": "t",
                                                                        "Startup Cost": 0.45,
                                                                        "Total Cost": 4.46,
                                                                        "Plan Rows": 1,
                                                                        "Plan Width": 25,
                                                                        "Actual Startup Time": 0.003,
                                                                        "Actual Total Time": 0.003,
                                                                        "Actual Rows": 0,
                                                                        "Actual Loops": 34675563,
                                                                        "Output": [
                                                                            "t.id",
                                                                            "t.title",
                                                                            "t.imdb_index",
                                                                            "t.kind_id",
                                                                            "t.production_year",
                                                                            "t.imdb_id",
                                                                            "t.phonetic_code",
                                                                            "t.episode_of_id",
                                                                            "t.season_nr",
                                                                            "t.episode_nr",
                                                                            "t.series_years",
                                                                            "t.md5sum"
                                                                        ],
                                                                        "Recheck Cond": "(t.id = mk.movie_id)",
                                                                        "Rows Removed by Index Recheck": 0,
                                                                        "Filter": "(t.production_year > 2003)",
                                                                        "Rows Removed by Filter": 1,
                                                                        "Exact Heap Blocks": 34675563,
                                                                        "Lossy Heap Blocks": 0,
                                                                        "Plans": [
                                                                            {
                                                                                "Node Type": "Bitmap Index Scan",
                                                                                "Parent Relationship": "Outer",
                                                                                "Parallel Aware": false,
                                                                                "Index Name": "title_pkey",
                                                                                "Startup Cost": 0.0,
                                                                                "Total Cost": 0.45,
                                                                                "Plan Rows": 1,
                                                                                "Plan Width": 0,
                                                                                "Actual Startup Time": 0.002,
                                                                                "Actual Total Time": 0.002,
                                                                                "Actual Rows": 1,
                                                                                "Actual Loops": 34675563,
                                                                                "Index Cond": "(t.id = mk.movie_id)"
                                                                            }
                                                                        ]
                                                                    }
                                                                ]
                                                            },
                                                            {
                                                                "Node Type": "Hash",
                                                                "Parent Relationship": "Inner",
                                                                "Parallel Aware": false,
                                                                "Startup Cost": 97288.49,
                                                                "Total Cost": 97288.49,
                                                                "Plan Rows": 4167549,
                                                                "Plan Width": 19,
                                                                "Actual Startup Time": 1719.196,
                                                                "Actual Total Time": 1719.197,
                                                                "Actual Rows": 4167491,
                                                                "Actual Loops": 1,
                                                                "Output": [
                                                                    "n.name",
                                                                    "n.id"
                                                                ],
                                                                "Hash Buckets": 4194304,
                                                                "Original Hash Buckets": 4194304,
                                                                "Hash Batches": 1,
                                                                "Original Hash Batches": 1,
                                                                "Peak Memory Usage": 248744,
                                                                "Plans": [
                                                                    {
                                                                        "Node Type": "Seq Scan",
                                                                        "Parent Relationship": "Outer",
                                                                        "Parallel Aware": false,
                                                                        "Relation Name": "name",
                                                                        "Schema": "public",
                                                                        "Alias": "n",
                                                                        "Startup Cost": 0.0,
                                                                        "Total Cost": 97288.49,
                                                                        "Plan Rows": 4167549,
                                                                        "Plan Width": 19,
                                                                        "Actual Startup Time": 0.016,
                                                                        "Actual Total Time": 516.722,
                                                                        "Actual Rows": 4167491,
                                                                        "Actual Loops": 1,
                                                                        "Output": [
                                                                            "n.name",
                                                                            "n.id"
                                                                        ]
                                                                    }
                                                                ]
                                                            }
                                                        ]
                                                    }
                                                ]
                                            }
                                        ]
                                    }
                                ]
                            }
                        ]
                    },
                    {
                        "Node Type": "Bitmap Heap Scan",
                        "Parent Relationship": "Inner",
                        "Parallel Aware": false,
                        "Relation Name": "kind_type",
                        "Schema": "public",
                        "Alias": "kt",
                        "Startup Cost": 0.14,
                        "Total Cost": 4.16,
                        "Plan Rows": 1,
                        "Plan Width": 4,
                        "Actual Startup Time": 0.002,
                        "Actual Total Time": 0.002,
                        "Actual Rows": 1,
                        "Actual Loops": 3432,
                        "Output": [
                            "kt.id",
                            "kt.kind"
                        ],
                        "Recheck Cond": "(kt.id = t.kind_id)",
                        "Rows Removed by Index Recheck": 0,
                        "Filter": "((kt.kind)::text = 'movie'::text)",
                        "Rows Removed by Filter": 0,
                        "Exact Heap Blocks": 3432,
                        "Lossy Heap Blocks": 0,
                        "Plans": [
                            {
                                "Node Type": "Bitmap Index Scan",
                                "Parent Relationship": "Outer",
                                "Parallel Aware": false,
                                "Index Name": "kind_type_pkey",
                                "Startup Cost": 0.0,
                                "Total Cost": 0.14,
                                "Plan Rows": 1,
                                "Plan Width": 0,
                                "Actual Startup Time": 0.001,
                                "Actual Total Time": 0.001,
                                "Actual Rows": 1,
                                "Actual Loops": 3432,
                                "Index Cond": "(kt.id = t.kind_id)"
                            }
                        ]
                    }
                ]
            }
        ]
    },
    "Planning Time": 43.812,
    "Triggers": [],
    "Execution Time": 398581.384
}