[
  {
    "Plan": {
      "Node Type": "Aggregate",
      "Strategy": "Plain",
      "Partial Mode": "Finalize",
      "Parallel Aware": false,
      "Startup Cost": 453631.48,
      "Total Cost": 453631.49,
      "Plan Rows": 1,
      "Plan Width": 8,
      "Actual Startup Time": 2149.671,
      "Actual Total Time": 2217.139,
      "Actual Rows": 1,
      "Actual Loops": 1,
      "Plans": [
        {
          "Node Type": "Gather",
          "Parent Relationship": "Outer",
          "Parallel Aware": false,
          "Startup Cost": 453630.85,
          "Total Cost": 453631.46,
          "Plan Rows": 6,
          "Plan Width": 8,
          "Actual Startup Time": 2134.731,
          "Actual Total Time": 2217.126,
          "Actual Rows": 7,
          "Actual Loops": 1,
          "Workers Planned": 6,
          "Workers Launched": 6,
          "Single Copy": false,
          "Plans": [
            {
              "Node Type": "Aggregate",
              "Strategy": "Plain",
              "Partial Mode": "Partial",
              "Parent Relationship": "Outer",
              "Parallel Aware": false,
              "Startup Cost": 452630.85,
              "Total Cost": 452630.86,
              "Plan Rows": 1,
              "Plan Width": 8,
              "Actual Startup Time": 2119.255,
              "Actual Total Time": 2119.573,
              "Actual Rows": 1,
              "Actual Loops": 7,
              "Plans": [
                {
                  "Node Type": "Hash Join",
                  "Parent Relationship": "Outer",
                  "Parallel Aware": true,
                  "Join Type": "Inner",
                  "Startup Cost": 99333.48,
                  "Total Cost": 444951.66,
                  "Plan Rows": 3071677,
                  "Plan Width": 0,
                  "Actual Startup Time": 355.328,
                  "Actual Total Time": 1987.533,
                  "Actual Rows": 2989059,
                  "Actual Loops": 7,
                  "Inner Unique": false,
                  "Hash Cond": "(ci.movie_id = t.id)",
                  "Plans": [
                    {
                      "Node Type": "Seq Scan",
                      "Parent Relationship": "Outer",
                      "Parallel Aware": true,
                      "Relation Name": "cast_info",
                      "Alias": "ci",
                      "Startup Cost": 0.0,
                      "Total Cost": 313067.02,
                      "Plan Rows": 6038002,
                      "Plan Width": 4,
                      "Actual Startup Time": 0.02,
                      "Actual Total Time": 545.645,
                      "Actual Rows": 5177763,
                      "Actual Loops": 7
                    },
                    {
                      "Node Type": "Hash",
                      "Parent Relationship": "Inner",
                      "Parallel Aware": true,
                      "Startup Cost": 94147.17,
                      "Total Cost": 94147.17,
                      "Plan Rows": 414905,
                      "Plan Width": 8,
                      "Actual Startup Time": 350.33,
                      "Actual Total Time": 350.646,
                      "Actual Rows": 92515,
                      "Actual Loops": 7,
                      "Hash Buckets": 2097152,
                      "Original Hash Buckets": 2097152,
                      "Hash Batches": 1,
                      "Original Hash Batches": 1,
                      "Peak Memory Usage": 41824,
                      "Plans": [
                        {
                          "Node Type": "Hash Join",
                          "Parent Relationship": "Outer",
                          "Parallel Aware": true,
                          "Join Type": "Inner",
                          "Startup Cost": 49024.2,
                          "Total Cost": 94147.17,
                          "Plan Rows": 414905,
                          "Plan Width": 8,
                          "Actual Startup Time": 178.167,
                          "Actual Total Time": 310.385,
                          "Actual Rows": 92515,
                          "Actual Loops": 7,
                          "Inner Unique": true,
                          "Hash Cond": "(mk.movie_id = t.id)",
                          "Plans": [
                            {
                              "Node Type": "Seq Scan",
                              "Parent Relationship": "Outer",
                              "Parallel Aware": true,
                              "Relation Name": "movie_keyword",
                              "Alias": "mk",
                              "Startup Cost": 0.0,
                              "Total Cost": 42695.65,
                              "Plan Rows": 924693,
                              "Plan Width": 4,
                              "Actual Startup Time": 0.031,
                              "Actual Total Time": 74.96,
                              "Actual Rows": 408964,
                              "Actual Loops": 7,
                              "Filter": "(keyword_id < 8797)",
                              "Rows Removed by Filter": 237312
                            },
                            {
                              "Node Type": "Hash",
                              "Parent Relationship": "Inner",
                              "Parallel Aware": true,
                              "Startup Cost": 45479.1,
                              "Total Cost": 45479.1,
                              "Plan Rows": 283608,
                              "Plan Width": 4,
                              "Actual Startup Time": 175.562,
                              "Actual Total Time": 175.563,
                              "Actual Rows": 176406,
                              "Actual Loops": 7,
                              "Hash Buckets": 2097152,
                              "Original Hash Buckets": 2097152,
                              "Hash Batches": 1,
                              "Original Hash Batches": 1,
                              "Peak Memory Usage": 64800,
                              "Plans": [
                                {
                                  "Node Type": "Seq Scan",
                                  "Parent Relationship": "Outer",
                                  "Parallel Aware": true,
                                  "Relation Name": "title",
                                  "Alias": "t",
                                  "Startup Cost": 0.0,
                                  "Total Cost": 45479.1,
                                  "Plan Rows": 283608,
                                  "Plan Width": 4,
                                  "Actual Startup Time": 0.042,
                                  "Actual Total Time": 82.513,
                                  "Actual Rows": 176406,
                                  "Actual Loops": 7,
                                  "Filter": "((kind_id > 1) AND (production_year > 1997))",
                                  "Rows Removed by Filter": 184781
                                }
                              ]
                            }
                          ]
                        }
                      ]
                    }
                  ]
                }
              ]
            }
          ]
        }
      ]
    },
    "Planning Time": 1.387,
    "Triggers": [],
    "Execution Time": 2217.249
  }
]