[
    {
        "Bao": {
            "Bao prediction": "NaN",
            "Bao recommended hint": "(no hint)"
        }
    },
    {
        "Plan": {
            "Node Type": "Aggregate",
            "Strategy": "Plain",
            "Partial Mode": "Finalize",
            "Parallel Aware": false,
            "Startup Cost": 89651.59,
            "Total Cost": 89651.6,
            "Plan Rows": 1,
            "Plan Width": 8,
            "Actual Startup Time": 257.504,
            "Actual Total Time": 271.296,
            "Actual Rows": 1,
            "Actual Loops": 1,
            "Output": [
                "count(*)"
            ],
            "Plans": [
                {
                    "Node Type": "Gather",
                    "Parent Relationship": "Outer",
                    "Parallel Aware": false,
                    "Startup Cost": 89651.27,
                    "Total Cost": 89651.58,
                    "Plan Rows": 3,
                    "Plan Width": 8,
                    "Actual Startup Time": 256.591,
                    "Actual Total Time": 271.29,
                    "Actual Rows": 4,
                    "Actual Loops": 1,
                    "Output": [
                        "(PARTIAL count(*))"
                    ],
                    "Workers Planned": 3,
                    "Workers Launched": 3,
                    "Single Copy": false,
                    "Plans": [
                        {
                            "Node Type": "Aggregate",
                            "Strategy": "Plain",
                            "Partial Mode": "Partial",
                            "Parent Relationship": "Outer",
                            "Parallel Aware": false,
                            "Startup Cost": 88651.27,
                            "Total Cost": 88651.28,
                            "Plan Rows": 1,
                            "Plan Width": 8,
                            "Actual Startup Time": 248.428,
                            "Actual Total Time": 248.431,
                            "Actual Rows": 1,
                            "Actual Loops": 4,
                            "Output": [
                                "PARTIAL count(*)"
                            ],
                            "Workers": [
                                {
                                    "Worker Number": 0,
                                    "Actual Startup Time": 245.991,
                                    "Actual Total Time": 245.994,
                                    "Actual Rows": 1,
                                    "Actual Loops": 1
                                },
                                {
                                    "Worker Number": 1,
                                    "Actual Startup Time": 245.949,
                                    "Actual Total Time": 245.951,
                                    "Actual Rows": 1,
                                    "Actual Loops": 1
                                },
                                {
                                    "Worker Number": 2,
                                    "Actual Startup Time": 245.957,
                                    "Actual Total Time": 245.959,
                                    "Actual Rows": 1,
                                    "Actual Loops": 1
                                }
                            ],
                            "Plans": [
                                {
                                    "Node Type": "Hash Join",
                                    "Parent Relationship": "Outer",
                                    "Parallel Aware": true,
                                    "Join Type": "Inner",
                                    "Startup Cost": 44625.26,
                                    "Total Cost": 88544.18,
                                    "Plan Rows": 42835,
                                    "Plan Width": 0,
                                    "Actual Startup Time": 108.306,
                                    "Actual Total Time": 247.721,
                                    "Actual Rows": 11435,
                                    "Actual Loops": 4,
                                    "Inner Unique": true,
                                    "Hash Cond": "(mk.movie_id = t.id)",
                                    "Workers": [
                                        {
                                            "Worker Number": 0,
                                            "Actual Startup Time": 106.021,
                                            "Actual Total Time": 245.267,
                                            "Actual Rows": 7391,
                                            "Actual Loops": 1
                                        },
                                        {
                                            "Worker Number": 1,
                                            "Actual Startup Time": 105.805,
                                            "Actual Total Time": 245.224,
                                            "Actual Rows": 12491,
                                            "Actual Loops": 1
                                        },
                                        {
                                            "Worker Number": 2,
                                            "Actual Startup Time": 105.913,
                                            "Actual Total Time": 245.24,
                                            "Actual Rows": 12182,
                                            "Actual Loops": 1
                                        }
                                    ],
                                    "Plans": [
                                        {
                                            "Node Type": "Seq Scan",
                                            "Parent Relationship": "Outer",
                                            "Parallel Aware": true,
                                            "Relation Name": "movie_keyword",
                                            "Schema": "public",
                                            "Alias": "mk",
                                            "Startup Cost": 0.0,
                                            "Total Cost": 42695.65,
                                            "Plan Rows": 466009,
                                            "Plan Width": 4,
                                            "Actual Startup Time": 0.016,
                                            "Actual Total Time": 96.91,
                                            "Actual Rows": 360485,
                                            "Actual Loops": 4,
                                            "Output": [
                                                "mk.id",
                                                "mk.movie_id",
                                                "mk.keyword_id"
                                            ],
                                            "Filter": "(mk.keyword_id < 2021)",
                                            "Rows Removed by Filter": 770498,
                                            "Workers": [
                                                {
                                                    "Worker Number": 0,
                                                    "Actual Startup Time": 0.016,
                                                    "Actual Total Time": 98.163,
                                                    "Actual Rows": 234314,
                                                    "Actual Loops": 1
                                                },
                                                {
                                                    "Worker Number": 1,
                                                    "Actual Startup Time": 0.02,
                                                    "Actual Total Time": 97.442,
                                                    "Actual Rows": 384473,
                                                    "Actual Loops": 1
                                                },
                                                {
                                                    "Worker Number": 2,
                                                    "Actual Startup Time": 0.02,
                                                    "Actual Total Time": 97.042,
                                                    "Actual Rows": 383690,
                                                    "Actual Loops": 1
                                                }
                                            ]
                                        },
                                        {
                                            "Node Type": "Hash",
                                            "Parent Relationship": "Inner",
                                            "Parallel Aware": true,
                                            "Startup Cost": 43899.01,
                                            "Total Cost": 43899.01,
                                            "Plan Rows": 58100,
                                            "Plan Width": 4,
                                            "Actual Startup Time": 106.74,
                                            "Actual Total Time": 106.74,
                                            "Actual Rows": 57912,
                                            "Actual Loops": 4,
                                            "Output": [
                                                "t.id"
                                            ],
                                            "Hash Buckets": 262144,
                                            "Original Hash Buckets": 262144,
                                            "Hash Batches": 1,
                                            "Original Hash Batches": 1,
                                            "Peak Memory Usage": 11168,
                                            "Workers": [
                                                {
                                                    "Worker Number": 0,
                                                    "Actual Startup Time": 104.664,
                                                    "Actual Total Time": 104.665,
                                                    "Actual Rows": 33098,
                                                    "Actual Loops": 1
                                                },
                                                {
                                                    "Worker Number": 1,
                                                    "Actual Startup Time": 104.856,
                                                    "Actual Total Time": 104.857,
                                                    "Actual Rows": 51958,
                                                    "Actual Loops": 1
                                                },
                                                {
                                                    "Worker Number": 2,
                                                    "Actual Startup Time": 104.854,
                                                    "Actual Total Time": 104.855,
                                                    "Actual Rows": 51951,
                                                    "Actual Loops": 1
                                                }
                                            ],
                                            "Plans": [
                                                {
                                                    "Node Type": "Seq Scan",
                                                    "Parent Relationship": "Outer",
                                                    "Parallel Aware": true,
                                                    "Relation Name": "title",
                                                    "Schema": "public",
                                                    "Alias": "t",
                                                    "Startup Cost": 0.0,
                                                    "Total Cost": 43899.01,
                                                    "Plan Rows": 58100,
                                                    "Plan Width": 4,
                                                    "Actual Startup Time": 0.041,
                                                    "Actual Total Time": 86.629,
                                                    "Actual Rows": 57912,
                                                    "Actual Loops": 4,
                                                    "Output": [
                                                        "t.id"
                                                    ],
                                                    "Filter": "(t.production_year > 2011)",
                                                    "Rows Removed by Filter": 574166,
                                                    "Workers": [
                                                        {
                                                            "Worker Number": 0,
                                                            "Actual Startup Time": 0.049,
                                                            "Actual Total Time": 86.31,
                                                            "Actual Rows": 33098,
                                                            "Actual Loops": 1
                                                        },
                                                        {
                                                            "Worker Number": 1,
                                                            "Actual Startup Time": 0.047,
                                                            "Actual Total Time": 86.374,
                                                            "Actual Rows": 51958,
                                                            "Actual Loops": 1
                                                        },
                                                        {
                                                            "Worker Number": 2,
                                                            "Actual Startup Time": 0.055,
                                                            "Actual Total Time": 85.931,
                                                            "Actual Rows": 51951,
                                                            "Actual Loops": 1
                                                        }
                                                    ]
                                                }
                                            ]
                                        }
                                    ]
                                }
                            ]
                        }
                    ]
                }
            ]
        },
        "Planning Time": 176.131,
        "Triggers": [],
        "Execution Time": 271.349
    }
]