[
  {
    "Plan": {
      "Node Type": "Aggregate",
      "Strategy": "Plain",
      "Partial Mode": "Finalize",
      "Parallel Aware": false,
      "Startup Cost": 382973.29,
      "Total Cost": 382973.3,
      "Plan Rows": 1,
      "Plan Width": 8,
      "Actual Startup Time": 1181.035,
      "Actual Total Time": 1235.61,
      "Actual Rows": 1,
      "Actual Loops": 1,
      "Plans": [
        {
          "Node Type": "Gather",
          "Parent Relationship": "Outer",
          "Parallel Aware": false,
          "Startup Cost": 382972.67,
          "Total Cost": 382973.28,
          "Plan Rows": 6,
          "Plan Width": 8,
          "Actual Startup Time": 1173.209,
          "Actual Total Time": 1235.596,
          "Actual Rows": 7,
          "Actual Loops": 1,
          "Workers Planned": 6,
          "Workers Launched": 6,
          "Single Copy": false,
          "Plans": [
            {
              "Node Type": "Aggregate",
              "Strategy": "Plain",
              "Partial Mode": "Partial",
              "Parent Relationship": "Outer",
              "Parallel Aware": false,
              "Startup Cost": 381972.67,
              "Total Cost": 381972.68,
              "Plan Rows": 1,
              "Plan Width": 8,
              "Actual Startup Time": 1165.24,
              "Actual Total Time": 1165.243,
              "Actual Rows": 1,
              "Actual Loops": 7,
              "Plans": [
                {
                  "Node Type": "Hash Join",
                  "Parent Relationship": "Outer",
                  "Parallel Aware": true,
                  "Join Type": "Inner",
                  "Startup Cost": 46063.08,
                  "Total Cost": 380380.24,
                  "Plan Rows": 636972,
                  "Plan Width": 0,
                  "Actual Startup Time": 372.007,
                  "Actual Total Time": 1147.294,
                  "Actual Rows": 385367,
                  "Actual Loops": 7,
                  "Inner Unique": true,
                  "Hash Cond": "(ci.movie_id = t.id)",
                  "Plans": [
                    {
                      "Node Type": "Seq Scan",
                      "Parent Relationship": "Outer",
                      "Parallel Aware": true,
                      "Relation Name": "cast_info",
                      "Alias": "ci",
                      "Startup Cost": 0.0,
                      "Total Cost": 328211.39,
                      "Plan Rows": 2326001,
                      "Plan Width": 4,
                      "Actual Startup Time": 242.274,
                      "Actual Total Time": 567.728,
                      "Actual Rows": 1952804,
                      "Actual Loops": 7,
                      "Filter": "(person_id > 2303097)",
                      "Rows Removed by Filter": 3224959
                    },
                    {
                      "Node Type": "Hash",
                      "Parent Relationship": "Inner",
                      "Parallel Aware": true,
                      "Startup Cost": 43899.32,
                      "Total Cost": 43899.32,
                      "Plan Rows": 173101,
                      "Plan Width": 4,
                      "Actual Startup Time": 126.717,
                      "Actual Total Time": 126.718,
                      "Actual Rows": 101027,
                      "Actual Loops": 7,
                      "Hash Buckets": 1048576,
                      "Original Hash Buckets": 1048576,
                      "Hash Batches": 1,
                      "Original Hash Batches": 1,
                      "Peak Memory Usage": 36000,
                      "Plans": [
                        {
                          "Node Type": "Seq Scan",
                          "Parent Relationship": "Outer",
                          "Parallel Aware": true,
                          "Relation Name": "title",
                          "Alias": "t",
                          "Startup Cost": 0.0,
                          "Total Cost": 43899.32,
                          "Plan Rows": 173101,
                          "Plan Width": 4,
                          "Actual Startup Time": 0.03,
                          "Actual Total Time": 75.041,
                          "Actual Rows": 101027,
                          "Actual Loops": 7,
                          "Filter": "(production_year < 1991)",
                          "Rows Removed by Filter": 260161
                        }
                      ]
                    }
                  ]
                }
              ]
            }
          ]
        }
      ]
    },
    "Planning Time": 0.35,
    "Triggers": [],
    "Execution Time": 1235.672
  }
]