[
  {
    "Plan": {
      "Node Type": "Aggregate",
      "Strategy": "Plain",
      "Partial Mode": "Finalize",
      "Parallel Aware": false,
      "Startup Cost": 276693.32,
      "Total Cost": 276693.33,
      "Plan Rows": 1,
      "Plan Width": 8,
      "Actual Startup Time": 1134.624,
      "Actual Total Time": 1191.265,
      "Actual Rows": 1,
      "Actual Loops": 1,
      "Plans": [
        {
          "Node Type": "Gather",
          "Parent Relationship": "Outer",
          "Parallel Aware": false,
          "Startup Cost": 276692.69,
          "Total Cost": 276693.3,
          "Plan Rows": 6,
          "Plan Width": 8,
          "Actual Startup Time": 1106.807,
          "Actual Total Time": 1191.211,
          "Actual Rows": 7,
          "Actual Loops": 1,
          "Workers Planned": 6,
          "Workers Launched": 6,
          "Single Copy": false,
          "Plans": [
            {
              "Node Type": "Aggregate",
              "Strategy": "Plain",
              "Partial Mode": "Partial",
              "Parent Relationship": "Outer",
              "Parallel Aware": false,
              "Startup Cost": 275692.69,
              "Total Cost": 275692.7,
              "Plan Rows": 1,
              "Plan Width": 8,
              "Actual Startup Time": 1095.628,
              "Actual Total Time": 1096.309,
              "Actual Rows": 1,
              "Actual Loops": 7,
              "Plans": [
                {
                  "Node Type": "Hash Join",
                  "Parent Relationship": "Outer",
                  "Parallel Aware": true,
                  "Join Type": "Inner",
                  "Startup Cost": 69558.89,
                  "Total Cost": 274686.26,
                  "Plan Rows": 402571,
                  "Plan Width": 0,
                  "Actual Startup Time": 385.572,
                  "Actual Total Time": 1071.204,
                  "Actual Rows": 375976,
                  "Actual Loops": 7,
                  "Inner Unique": false,
                  "Hash Cond": "(ci.movie_id = t.id)",
                  "Plans": [
                    {
                      "Node Type": "Index Scan",
                      "Parent Relationship": "Outer",
                      "Parallel Aware": true,
                      "Scan Direction": "Forward",
                      "Index Name": "role_id_cast_info",
                      "Relation Name": "cast_info",
                      "Alias": "ci",
                      "Startup Cost": 0.56,
                      "Total Cost": 198752.95,
                      "Plan Rows": 1252698,
                      "Plan Width": 4,
                      "Actual Startup Time": 0.666,
                      "Actual Total Time": 334.992,
                      "Actual Rows": 1064568,
                      "Actual Loops": 7,
                      "Index Cond": "(role_id = 2)",
                      "Rows Removed by Index Recheck": 0
                    },
                    {
                      "Node Type": "Hash",
                      "Parent Relationship": "Inner",
                      "Parallel Aware": true,
                      "Startup Cost": 65326.32,
                      "Total Cost": 65326.32,
                      "Plan Rows": 338560,
                      "Plan Width": 8,
                      "Actual Startup Time": 382.238,
                      "Actual Total Time": 382.916,
                      "Actual Rows": 74064,
                      "Actual Loops": 7,
                      "Hash Buckets": 1048576,
                      "Original Hash Buckets": 1048576,
                      "Hash Batches": 1,
                      "Original Hash Batches": 1,
                      "Peak Memory Usage": 28576,
                      "Plans": [
                        {
                          "Node Type": "Hash Join",
                          "Parent Relationship": "Outer",
                          "Parallel Aware": true,
                          "Join Type": "Inner",
                          "Startup Cost": 50131.76,
                          "Total Cost": 65326.32,
                          "Plan Rows": 338560,
                          "Plan Width": 8,
                          "Actual Startup Time": 258.107,
                          "Actual Total Time": 351.057,
                          "Actual Rows": 74064,
                          "Actual Loops": 7,
                          "Inner Unique": true,
                          "Hash Cond": "(mi_idx.movie_id = t.id)",
                          "Plans": [
                            {
                              "Node Type": "Seq Scan",
                              "Parent Relationship": "Outer",
                              "Parallel Aware": true,
                              "Relation Name": "movie_info_idx",
                              "Alias": "mi_idx",
                              "Startup Cost": 0.0,
                              "Total Cost": 13685.15,
                              "Plan Rows": 575015,
                              "Plan Width": 4,
                              "Actual Startup Time": 0.022,
                              "Actual Total Time": 29.03,
                              "Actual Rows": 197148,
                              "Actual Loops": 7
                            },
                            {
                              "Node Type": "Hash",
                              "Parent Relationship": "Inner",
                              "Parallel Aware": true,
                              "Startup Cost": 45479.59,
                              "Total Cost": 45479.59,
                              "Plan Rows": 372174,
                              "Plan Width": 4,
                              "Actual Startup Time": 255.094,
                              "Actual Total Time": 255.096,
                              "Actual Rows": 225020,
                              "Actual Loops": 7,
                              "Hash Buckets": 2097152,
                              "Original Hash Buckets": 2097152,
                              "Hash Batches": 1,
                              "Original Hash Batches": 1,
                              "Peak Memory Usage": 78080,
                              "Plans": [
                                {
                                  "Node Type": "Seq Scan",
                                  "Parent Relationship": "Outer",
                                  "Parallel Aware": true,
                                  "Relation Name": "title",
                                  "Alias": "t",
                                  "Startup Cost": 0.0,
                                  "Total Cost": 45479.59,
                                  "Plan Rows": 372174,
                                  "Plan Width": 4,
                                  "Actual Startup Time": 0.075,
                                  "Actual Total Time": 110.552,
                                  "Actual Rows": 225020,
                                  "Actual Loops": 7,
                                  "Filter": "((kind_id > 3) AND (production_year > 1957))",
                                  "Rows Removed by Filter": 136168
                                }
                              ]
                            }
                          ]
                        }
                      ]
                    }
                  ]
                }
              ]
            }
          ]
        }
      ]
    },
    "Planning Time": 0.607,
    "Triggers": [],
    "Execution Time": 1191.35
  }
]