{
  "Plan": {
    "Node Type": "Aggregate",
    "Strategy": "Plain",
    "Partial Mode": "Finalize",
    "Parallel Aware": false,
    "Startup Cost": 598259.74,
    "Total Cost": 598259.75,
    "Plan Rows": 1,
    "Plan Width": 8,
    "Actual Startup Time": 2382.313,
    "Actual Total Time": 2432.449,
    "Actual Rows": 1,
    "Actual Loops": 1,
    "Plans": [
      {
        "Node Type": "Gather",
        "Parent Relationship": "Outer",
        "Parallel Aware": false,
        "Startup Cost": 598259.63,
        "Total Cost": 598259.74,
        "Plan Rows": 1,
        "Plan Width": 8,
        "Actual Startup Time": 2381.808,
        "Actual Total Time": 2432.442,
        "Actual Rows": 2,
        "Actual Loops": 1,
        "Workers Planned": 1,
        "Workers Launched": 1,
        "Single Copy": false,
        "Plans": [
          {
            "Node Type": "Aggregate",
            "Strategy": "Plain",
            "Partial Mode": "Partial",
            "Parent Relationship": "Outer",
            "Parallel Aware": false,
            "Startup Cost": 597259.63,
            "Total Cost": 597259.64,
            "Plan Rows": 1,
            "Plan Width": 8,
            "Actual Startup Time": 2378.896,
            "Actual Total Time": 2378.9,
            "Actual Rows": 1,
            "Actual Loops": 2,
            "Plans": [
              {
                "Node Type": "Hash Join",
                "Parent Relationship": "Outer",
                "Parallel Aware": true,
                "Join Type": "Inner",
                "Startup Cost": 53991.04,
                "Total Cost": 596884.37,
                "Plan Rows": 150106,
                "Plan Width": 0,
                "Actual Startup Time": 589.906,
                "Actual Total Time": 2368.799,
                "Actual Rows": 223496,
                "Actual Loops": 2,
                "Inner Unique": true,
                "Hash Cond": "(ci.movie_id = t.id)",
                "Plans": [
                  {
                    "Node Type": "Seq Scan",
                    "Parent Relationship": "Outer",
                    "Parallel Aware": true,
                    "Relation Name": "cast_info",
                    "Alias": "ci",
                    "Startup Cost": 0.0,
                    "Total Cost": 519069.44,
                    "Plan Rows": 9075750,
                    "Plan Width": 4,
                    "Actual Startup Time": 479.867,
                    "Actual Total Time": 1352.13,
                    "Actual Rows": 7700046,
                    "Actual Loops": 2,
                    "Filter": "(person_id > 2100378)",
                    "Rows Removed by Filter": 10422126
                  },
                  {
                    "Node Type": "Hash",
                    "Parent Relationship": "Inner",
                    "Parallel Aware": true,
                    "Startup Cost": 53683.56,
                    "Total Cost": 53683.56,
                    "Plan Rows": 24598,
                    "Plan Width": 4,
                    "Actual Startup Time": 109.19,
                    "Actual Total Time": 109.191,
                    "Actual Rows": 80683,
                    "Actual Loops": 2,
                    "Hash Buckets": 262144,
                    "Original Hash Buckets": 65536,
                    "Hash Batches": 1,
                    "Original Hash Batches": 1,
                    "Peak Memory Usage": 9952,
                    "Plans": [
                      {
                        "Node Type": "Bitmap Heap Scan",
                        "Parent Relationship": "Outer",
                        "Parallel Aware": true,
                        "Relation Name": "title",
                        "Alias": "t",
                        "Startup Cost": 11833.3,
                        "Total Cost": 53683.56,
                        "Plan Rows": 24598,
                        "Plan Width": 4,
                        "Actual Startup Time": 29.604,
                        "Actual Total Time": 88.784,
                        "Actual Rows": 80683,
                        "Actual Loops": 2,
                        "Recheck Cond": "(kind_id = 1)",
                        "Rows Removed by Index Recheck": 0,
                        "Filter": "(production_year < 1950)",
                        "Rows Removed by Filter": 250730,
                        "Exact Heap Blocks": 8835,
                        "Lossy Heap Blocks": 0,
                        "Plans": [
                          {
                            "Node Type": "Bitmap Index Scan",
                            "Parent Relationship": "Outer",
                            "Parallel Aware": false,
                            "Index Name": "kind_id_title",
                            "Startup Cost": 0.0,
                            "Total Cost": 11822.85,
                            "Plan Rows": 663256,
                            "Plan Width": 0,
                            "Actual Startup Time": 29.652,
                            "Actual Total Time": 29.653,
                            "Actual Rows": 662825,
                            "Actual Loops": 1,
                            "Index Cond": "(kind_id = 1)"
                          }
                        ]
                      }
                    ]
                  }
                ]
              }
            ]
          }
        ]
      }
    ]
  },
  "Planning Time": 0.327,
  "Triggers": [],
  "Execution Time": 2432.53
}