[
  {
    "Plan": {
      "Node Type": "Aggregate",
      "Strategy": "Plain",
      "Partial Mode": "Finalize",
      "Parallel Aware": false,
      "Startup Cost": 75971.25,
      "Total Cost": 75971.26,
      "Plan Rows": 1,
      "Plan Width": 8,
      "Actual Startup Time": 228.943,
      "Actual Total Time": 246.658,
      "Actual Rows": 1,
      "Actual Loops": 1,
      "Plans": [
        {
          "Node Type": "Gather",
          "Parent Relationship": "Outer",
          "Parallel Aware": false,
          "Startup Cost": 75970.94,
          "Total Cost": 75971.25,
          "Plan Rows": 3,
          "Plan Width": 8,
          "Actual Startup Time": 228.511,
          "Actual Total Time": 246.65,
          "Actual Rows": 4,
          "Actual Loops": 1,
          "Workers Planned": 3,
          "Workers Launched": 3,
          "Single Copy": false,
          "Plans": [
            {
              "Node Type": "Aggregate",
              "Strategy": "Plain",
              "Partial Mode": "Partial",
              "Parent Relationship": "Outer",
              "Parallel Aware": false,
              "Startup Cost": 74970.94,
              "Total Cost": 74970.95,
              "Plan Rows": 1,
              "Plan Width": 8,
              "Actual Startup Time": 220.062,
              "Actual Total Time": 220.065,
              "Actual Rows": 1,
              "Actual Loops": 4,
              "Plans": [
                {
                  "Node Type": "Hash Join",
                  "Parent Relationship": "Outer",
                  "Parallel Aware": true,
                  "Join Type": "Inner",
                  "Startup Cost": 45539.07,
                  "Total Cost": 74954.96,
                  "Plan Rows": 6389,
                  "Plan Width": 0,
                  "Actual Startup Time": 119.901,
                  "Actual Total Time": 218.907,
                  "Actual Rows": 25152,
                  "Actual Loops": 4,
                  "Inner Unique": true,
                  "Hash Cond": "(mc.movie_id = t.id)",
                  "Plans": [
                    {
                      "Node Type": "Seq Scan",
                      "Parent Relationship": "Outer",
                      "Parallel Aware": true,
                      "Relation Name": "movie_companies",
                      "Alias": "mc",
                      "Startup Cost": 0.0,
                      "Total Cost": 27206.55,
                      "Plan Rows": 841655,
                      "Plan Width": 4,
                      "Actual Startup Time": 0.016,
                      "Actual Total Time": 53.696,
                      "Actual Rows": 652282,
                      "Actual Loops": 4
                    },
                    {
                      "Node Type": "Hash",
                      "Parent Relationship": "Inner",
                      "Parallel Aware": true,
                      "Startup Cost": 45479.1,
                      "Total Cost": 45479.1,
                      "Plan Rows": 4798,
                      "Plan Width": 4,
                      "Actual Startup Time": 98.025,
                      "Actual Total Time": 98.026,
                      "Actual Rows": 12930,
                      "Actual Loops": 4,
                      "Hash Buckets": 65536,
                      "Original Hash Buckets": 32768,
                      "Hash Batches": 1,
                      "Original Hash Batches": 1,
                      "Peak Memory Usage": 2816,
                      "Plans": [
                        {
                          "Node Type": "Seq Scan",
                          "Parent Relationship": "Outer",
                          "Parallel Aware": true,
                          "Relation Name": "title",
                          "Alias": "t",
                          "Startup Cost": 0.0,
                          "Total Cost": 45479.1,
                          "Plan Rows": 4798,
                          "Plan Width": 4,
                          "Actual Startup Time": 62.704,
                          "Actual Total Time": 91.619,
                          "Actual Rows": 12930,
                          "Actual Loops": 4,
                          "Filter": "((kind_id < 7) AND (production_year < 1914))",
                          "Rows Removed by Filter": 619148
                        }
                      ]
                    }
                  ]
                }
              ]
            }
          ]
        }
      ]
    },
    "Planning Time": 0.555,
    "Triggers": [],
    "Execution Time": 246.716
  }
]