[
  {
    "Plan": {
      "Node Type": "Aggregate",
      "Strategy": "Plain",
      "Partial Mode": "Finalize",
      "Parallel Aware": false,
      "Startup Cost": 331143.91,
      "Total Cost": 331143.92,
      "Plan Rows": 1,
      "Plan Width": 8,
      "Actual Startup Time": 563.85,
      "Actual Total Time": 623.825,
      "Actual Rows": 1,
      "Actual Loops": 1,
      "Plans": [
        {
          "Node Type": "Gather",
          "Parent Relationship": "Outer",
          "Parallel Aware": false,
          "Startup Cost": 331143.29,
          "Total Cost": 331143.9,
          "Plan Rows": 6,
          "Plan Width": 8,
          "Actual Startup Time": 563.734,
          "Actual Total Time": 623.815,
          "Actual Rows": 7,
          "Actual Loops": 1,
          "Workers Planned": 6,
          "Workers Launched": 6,
          "Single Copy": false,
          "Plans": [
            {
              "Node Type": "Aggregate",
              "Strategy": "Plain",
              "Partial Mode": "Partial",
              "Parent Relationship": "Outer",
              "Parallel Aware": false,
              "Startup Cost": 330143.29,
              "Total Cost": 330143.3,
              "Plan Rows": 1,
              "Plan Width": 8,
              "Actual Startup Time": 554.934,
              "Actual Total Time": 554.935,
              "Actual Rows": 1,
              "Actual Loops": 7,
              "Plans": [
                {
                  "Node Type": "Seq Scan",
                  "Parent Relationship": "Outer",
                  "Parallel Aware": true,
                  "Relation Name": "cast_info",
                  "Alias": "ci",
                  "Startup Cost": 0.0,
                  "Total Cost": 328162.03,
                  "Plan Rows": 792504,
                  "Plan Width": 0,
                  "Actual Startup Time": 0.05,
                  "Actual Total Time": 521.276,
                  "Actual Rows": 699672,
                  "Actual Loops": 7,
                  "Filter": "(person_id < 475983)",
                  "Rows Removed by Filter": 4478092
                }
              ]
            }
          ]
        }
      ]
    },
    "Planning Time": 0.194,
    "Triggers": [],
    "Execution Time": 623.897
  }
]