[
  {
    "Plan": {
      "Node Type": "Aggregate",
      "Strategy": "Plain",
      "Partial Mode": "Finalize",
      "Parallel Aware": false,
      "Startup Cost": 85304.55,
      "Total Cost": 85304.56,
      "Plan Rows": 1,
      "Plan Width": 8,
      "Actual Startup Time": 480.791,
      "Actual Total Time": 502.924,
      "Actual Rows": 1,
      "Actual Loops": 1,
      "Plans": [
        {
          "Node Type": "Gather",
          "Parent Relationship": "Outer",
          "Parallel Aware": false,
          "Startup Cost": 85304.23,
          "Total Cost": 85304.54,
          "Plan Rows": 3,
          "Plan Width": 8,
          "Actual Startup Time": 468.327,
          "Actual Total Time": 502.917,
          "Actual Rows": 4,
          "Actual Loops": 1,
          "Workers Planned": 3,
          "Workers Launched": 3,
          "Single Copy": false,
          "Plans": [
            {
              "Node Type": "Aggregate",
              "Strategy": "Plain",
              "Partial Mode": "Partial",
              "Parent Relationship": "Outer",
              "Parallel Aware": false,
              "Startup Cost": 84304.23,
              "Total Cost": 84304.24,
              "Plan Rows": 1,
              "Plan Width": 8,
              "Actual Startup Time": 454.819,
              "Actual Total Time": 454.823,
              "Actual Rows": 1,
              "Actual Loops": 4,
              "Plans": [
                {
                  "Node Type": "Hash Join",
                  "Parent Relationship": "Outer",
                  "Parallel Aware": true,
                  "Join Type": "Inner",
                  "Startup Cost": 57815.04,
                  "Total Cost": 84015.55,
                  "Plan Rows": 115472,
                  "Plan Width": 0,
                  "Actual Startup Time": 369.953,
                  "Actual Total Time": 450.531,
                  "Actual Rows": 89093,
                  "Actual Loops": 4,
                  "Inner Unique": true,
                  "Hash Cond": "(mk.movie_id = t.id)",
                  "Plans": [
                    {
                      "Node Type": "Bitmap Heap Scan",
                      "Parent Relationship": "Outer",
                      "Parallel Aware": true,
                      "Relation Name": "movie_keyword",
                      "Alias": "mk",
                      "Startup Cost": 7594.65,
                      "Total Cost": 33492.06,
                      "Plan Rows": 115472,
                      "Plan Width": 4,
                      "Actual Startup Time": 22.002,
                      "Actual Total Time": 70.016,
                      "Actual Rows": 89093,
                      "Actual Loops": 4,
                      "Recheck Cond": "(keyword_id > 46846)",
                      "Rows Removed by Index Recheck": 0,
                      "Exact Heap Blocks": 6964,
                      "Lossy Heap Blocks": 0,
                      "Plans": [
                        {
                          "Node Type": "Bitmap Index Scan",
                          "Parent Relationship": "Outer",
                          "Parallel Aware": false,
                          "Index Name": "keyword_id_movie_keyword",
                          "Startup Cost": 0.0,
                          "Total Cost": 7505.16,
                          "Plan Rows": 357964,
                          "Plan Width": 0,
                          "Actual Startup Time": 18.799,
                          "Actual Total Time": 18.8,
                          "Actual Rows": 356373,
                          "Actual Loops": 1,
                          "Index Cond": "(keyword_id > 46846)"
                        }
                      ]
                    },
                    {
                      "Node Type": "Hash",
                      "Parent Relationship": "Inner",
                      "Parallel Aware": true,
                      "Startup Cost": 42319.06,
                      "Total Cost": 42319.06,
                      "Plan Rows": 632106,
                      "Plan Width": 4,
                      "Actual Startup Time": 340.242,
                      "Actual Total Time": 340.243,
                      "Actual Rows": 632078,
                      "Actual Loops": 4,
                      "Hash Buckets": 4194304,
                      "Original Hash Buckets": 4194304,
                      "Hash Batches": 1,
                      "Original Hash Batches": 1,
                      "Peak Memory Usage": 131712,
                      "Plans": [
                        {
                          "Node Type": "Seq Scan",
                          "Parent Relationship": "Outer",
                          "Parallel Aware": true,
                          "Relation Name": "title",
                          "Alias": "t",
                          "Startup Cost": 0.0,
                          "Total Cost": 42319.06,
                          "Plan Rows": 632106,
                          "Plan Width": 4,
                          "Actual Startup Time": 0.037,
                          "Actual Total Time": 97.626,
                          "Actual Rows": 632078,
                          "Actual Loops": 4
                        }
                      ]
                    }
                  ]
                }
              ]
            }
          ]
        }
      ]
    },
    "Planning Time": 0.167,
    "Triggers": [],
    "Execution Time": 502.961
  }
]