[
  {
    "Plan": {
      "Node Type": "Aggregate",
      "Strategy": "Plain",
      "Partial Mode": "Finalize",
      "Parallel Aware": false,
      "Startup Cost": 80172.4,
      "Total Cost": 80172.41,
      "Plan Rows": 1,
      "Plan Width": 8,
      "Actual Startup Time": 262.634,
      "Actual Total Time": 279.173,
      "Actual Rows": 1,
      "Actual Loops": 1,
      "Plans": [
        {
          "Node Type": "Gather",
          "Parent Relationship": "Outer",
          "Parallel Aware": false,
          "Startup Cost": 80171.98,
          "Total Cost": 80172.39,
          "Plan Rows": 4,
          "Plan Width": 8,
          "Actual Startup Time": 258.768,
          "Actual Total Time": 279.163,
          "Actual Rows": 5,
          "Actual Loops": 1,
          "Workers Planned": 4,
          "Workers Launched": 4,
          "Single Copy": false,
          "Plans": [
            {
              "Node Type": "Aggregate",
              "Strategy": "Plain",
              "Partial Mode": "Partial",
              "Parent Relationship": "Outer",
              "Parallel Aware": false,
              "Startup Cost": 79171.98,
              "Total Cost": 79171.99,
              "Plan Rows": 1,
              "Plan Width": 8,
              "Actual Startup Time": 249.45,
              "Actual Total Time": 249.536,
              "Actual Rows": 1,
              "Actual Loops": 5,
              "Plans": [
                {
                  "Node Type": "Hash Join",
                  "Parent Relationship": "Outer",
                  "Parallel Aware": true,
                  "Join Type": "Inner",
                  "Startup Cost": 32794.84,
                  "Total Cost": 79119.36,
                  "Plan Rows": 21050,
                  "Plan Width": 0,
                  "Actual Startup Time": 132.866,
                  "Actual Total Time": 248.252,
                  "Actual Rows": 19919,
                  "Actual Loops": 5,
                  "Inner Unique": false,
                  "Hash Cond": "(t.id = mc.movie_id)",
                  "Plans": [
                    {
                      "Node Type": "Seq Scan",
                      "Parent Relationship": "Outer",
                      "Parallel Aware": true,
                      "Relation Name": "title",
                      "Alias": "t",
                      "Startup Cost": 0.0,
                      "Total Cost": 45479.1,
                      "Plan Rows": 155503,
                      "Plan Width": 4,
                      "Actual Startup Time": 0.017,
                      "Actual Total Time": 79.408,
                      "Actual Rows": 100386,
                      "Actual Loops": 5,
                      "Filter": "((kind_id > 1) AND (production_year < 1996))",
                      "Rows Removed by Filter": 405277
                    },
                    {
                      "Node Type": "Hash",
                      "Parent Relationship": "Inner",
                      "Parallel Aware": true,
                      "Startup Cost": 31414.82,
                      "Total Cost": 31414.82,
                      "Plan Rows": 110402,
                      "Plan Width": 4,
                      "Actual Startup Time": 129.901,
                      "Actual Total Time": 129.902,
                      "Actual Rows": 131309,
                      "Actual Loops": 5,
                      "Hash Buckets": 1048576,
                      "Original Hash Buckets": 524288,
                      "Hash Batches": 1,
                      "Original Hash Batches": 1,
                      "Peak Memory Usage": 38016,
                      "Plans": [
                        {
                          "Node Type": "Seq Scan",
                          "Parent Relationship": "Outer",
                          "Parallel Aware": true,
                          "Relation Name": "movie_companies",
                          "Alias": "mc",
                          "Startup Cost": 0.0,
                          "Total Cost": 31414.82,
                          "Plan Rows": 110402,
                          "Plan Width": 4,
                          "Actual Startup Time": 41.26,
                          "Actual Total Time": 75.816,
                          "Actual Rows": 131309,
                          "Actual Loops": 5,
                          "Filter": "((company_id > 47507) AND (company_type_id > 1))",
                          "Rows Removed by Filter": 390516
                        }
                      ]
                    }
                  ]
                }
              ]
            }
          ]
        }
      ]
    },
    "Planning Time": 0.629,
    "Triggers": [],
    "Execution Time": 279.24
  }
]