[
    {
        "Bao": {
            "Bao prediction": "NaN",
            "Bao recommended hint": "(no hint)"
        }
    },
    {
        "Plan": {
            "Node Type": "Aggregate",
            "Strategy": "Plain",
            "Partial Mode": "Simple",
            "Parallel Aware": false,
            "Startup Cost": 11615.15,
            "Total Cost": 11615.16,
            "Plan Rows": 1,
            "Plan Width": 8,
            "Actual Startup Time": 6.47,
            "Actual Total Time": 6.472,
            "Actual Rows": 1,
            "Actual Loops": 1,
            "Output": [
                "count(*)"
            ],
            "Plans": [
                {
                    "Node Type": "Bitmap Heap Scan",
                    "Parent Relationship": "Outer",
                    "Parallel Aware": false,
                    "Relation Name": "movie_companies",
                    "Schema": "public",
                    "Alias": "mc",
                    "Startup Cost": 111.54,
                    "Total Cost": 11608.87,
                    "Plan Rows": 2515,
                    "Plan Width": 0,
                    "Actual Startup Time": 1.629,
                    "Actual Total Time": 6.191,
                    "Actual Rows": 4898,
                    "Actual Loops": 1,
                    "Recheck Cond": "(mc.company_id = 1709)",
                    "Rows Removed by Index Recheck": 0,
                    "Filter": "(mc.company_type_id = 1)",
                    "Rows Removed by Filter": 266,
                    "Exact Heap Blocks": 3075,
                    "Lossy Heap Blocks": 0,
                    "Plans": [
                        {
                            "Node Type": "Bitmap Index Scan",
                            "Parent Relationship": "Outer",
                            "Parallel Aware": false,
                            "Index Name": "company_id_movie_companies",
                            "Startup Cost": 0.0,
                            "Total Cost": 110.91,
                            "Plan Rows": 5131,
                            "Plan Width": 0,
                            "Actual Startup Time": 1.206,
                            "Actual Total Time": 1.207,
                            "Actual Rows": 5164,
                            "Actual Loops": 1,
                            "Index Cond": "(mc.company_id = 1709)"
                        }
                    ]
                }
            ]
        },
        "Planning Time": 226.076,
        "Triggers": [],
        "Execution Time": 6.555
    }
]