[
  {
    "Plan": {
      "Node Type": "Aggregate",
      "Strategy": "Plain",
      "Partial Mode": "Finalize",
      "Parallel Aware": false,
      "Startup Cost": 49588.99,
      "Total Cost": 49589.0,
      "Plan Rows": 1,
      "Plan Width": 8,
      "Actual Startup Time": 94.328,
      "Actual Total Time": 106.365,
      "Actual Rows": 1,
      "Actual Loops": 1,
      "Plans": [
        {
          "Node Type": "Gather",
          "Parent Relationship": "Outer",
          "Parallel Aware": false,
          "Startup Cost": 49588.57,
          "Total Cost": 49588.98,
          "Plan Rows": 4,
          "Plan Width": 8,
          "Actual Startup Time": 94.111,
          "Actual Total Time": 106.358,
          "Actual Rows": 5,
          "Actual Loops": 1,
          "Workers Planned": 4,
          "Workers Launched": 4,
          "Single Copy": false,
          "Plans": [
            {
              "Node Type": "Aggregate",
              "Strategy": "Plain",
              "Partial Mode": "Partial",
              "Parent Relationship": "Outer",
              "Parallel Aware": false,
              "Startup Cost": 48588.57,
              "Total Cost": 48588.58,
              "Plan Rows": 1,
              "Plan Width": 8,
              "Actual Startup Time": 85.043,
              "Actual Total Time": 85.045,
              "Actual Rows": 1,
              "Actual Loops": 5,
              "Plans": [
                {
                  "Node Type": "Nested Loop",
                  "Parent Relationship": "Outer",
                  "Parallel Aware": false,
                  "Join Type": "Inner",
                  "Startup Cost": 0.43,
                  "Total Cost": 48588.39,
                  "Plan Rows": 73,
                  "Plan Width": 0,
                  "Actual Startup Time": 58.012,
                  "Actual Total Time": 85.03,
                  "Actual Rows": 37,
                  "Actual Loops": 5,
                  "Inner Unique": false,
                  "Plans": [
                    {
                      "Node Type": "Seq Scan",
                      "Parent Relationship": "Outer",
                      "Parallel Aware": true,
                      "Relation Name": "title",
                      "Alias": "t",
                      "Startup Cost": 0.0,
                      "Total Cost": 45479.1,
                      "Plan Rows": 405,
                      "Plan Width": 4,
                      "Actual Startup Time": 57.6,
                      "Actual Total Time": 80.701,
                      "Actual Rows": 756,
                      "Actual Loops": 5,
                      "Filter": "((kind_id < 7) AND (production_year = 1918))",
                      "Rows Removed by Filter": 504906
                    },
                    {
                      "Node Type": "Index Scan",
                      "Parent Relationship": "Inner",
                      "Parallel Aware": false,
                      "Scan Direction": "Forward",
                      "Index Name": "movie_id_movie_info_idx",
                      "Relation Name": "movie_info_idx",
                      "Alias": "mi_idx",
                      "Startup Cost": 0.43,
                      "Total Cost": 7.67,
                      "Plan Rows": 1,
                      "Plan Width": 4,
                      "Actual Startup Time": 0.005,
                      "Actual Total Time": 0.005,
                      "Actual Rows": 0,
                      "Actual Loops": 3781,
                      "Index Cond": "(movie_id = t.id)",
                      "Rows Removed by Index Recheck": 0,
                      "Filter": "(info_type_id = 99)",
                      "Rows Removed by Filter": 0
                    }
                  ]
                }
              ]
            }
          ]
        }
      ]
    },
    "Planning Time": 0.66,
    "Triggers": [],
    "Execution Time": 106.435
  }
]