[
  {
    "Plan": {
      "Node Type": "Aggregate",
      "Strategy": "Plain",
      "Partial Mode": "Finalize",
      "Parallel Aware": false,
      "Startup Cost": 341305.77,
      "Total Cost": 341305.78,
      "Plan Rows": 1,
      "Plan Width": 8,
      "Actual Startup Time": 871.765,
      "Actual Total Time": 919.992,
      "Actual Rows": 1,
      "Actual Loops": 1,
      "Plans": [
        {
          "Node Type": "Gather",
          "Parent Relationship": "Outer",
          "Parallel Aware": false,
          "Startup Cost": 341305.15,
          "Total Cost": 341305.76,
          "Plan Rows": 6,
          "Plan Width": 8,
          "Actual Startup Time": 871.577,
          "Actual Total Time": 919.981,
          "Actual Rows": 7,
          "Actual Loops": 1,
          "Workers Planned": 6,
          "Workers Launched": 6,
          "Single Copy": false,
          "Plans": [
            {
              "Node Type": "Aggregate",
              "Strategy": "Plain",
              "Partial Mode": "Partial",
              "Parent Relationship": "Outer",
              "Parallel Aware": false,
              "Startup Cost": 340305.15,
              "Total Cost": 340305.16,
              "Plan Rows": 1,
              "Plan Width": 8,
              "Actual Startup Time": 863.326,
              "Actual Total Time": 863.329,
              "Actual Rows": 1,
              "Actual Loops": 7,
              "Plans": [
                {
                  "Node Type": "Seq Scan",
                  "Parent Relationship": "Outer",
                  "Parallel Aware": true,
                  "Relation Name": "cast_info",
                  "Alias": "ci",
                  "Startup Cost": 0.0,
                  "Total Cost": 328211.39,
                  "Plan Rows": 4837502,
                  "Plan Width": 0,
                  "Actual Startup Time": 0.054,
                  "Actual Total Time": 657.04,
                  "Actual Rows": 4158617,
                  "Actual Loops": 7,
                  "Filter": "(person_id < 2953832)",
                  "Rows Removed by Filter": 1019146
                }
              ]
            }
          ]
        }
      ]
    },
    "Planning Time": 0.196,
    "Triggers": [],
    "Execution Time": 920.073
  }
]