{
  "Plan": {
    "Node Type": "Aggregate",
    "Strategy": "Plain",
    "Partial Mode": "Finalize",
    "Parallel Aware": false,
    "Startup Cost": 75220.29,
    "Total Cost": 75220.3,
    "Plan Rows": 1,
    "Plan Width": 8,
    "Actual Startup Time": 252.638,
    "Actual Total Time": 260.093,
    "Actual Rows": 1,
    "Actual Loops": 1,
    "Plans": [
      {
        "Node Type": "Gather",
        "Parent Relationship": "Outer",
        "Parallel Aware": false,
        "Startup Cost": 75220.18,
        "Total Cost": 75220.29,
        "Plan Rows": 1,
        "Plan Width": 8,
        "Actual Startup Time": 251.509,
        "Actual Total Time": 260.085,
        "Actual Rows": 2,
        "Actual Loops": 1,
        "Workers Planned": 1,
        "Workers Launched": 1,
        "Single Copy": false,
        "Plans": [
          {
            "Node Type": "Aggregate",
            "Strategy": "Plain",
            "Partial Mode": "Partial",
            "Parent Relationship": "Outer",
            "Parallel Aware": false,
            "Startup Cost": 74220.18,
            "Total Cost": 74220.19,
            "Plan Rows": 1,
            "Plan Width": 8,
            "Actual Startup Time": 245.508,
            "Actual Total Time": 245.512,
            "Actual Rows": 1,
            "Actual Loops": 2,
            "Plans": [
              {
                "Node Type": "Hash Join",
                "Parent Relationship": "Outer",
                "Parallel Aware": true,
                "Join Type": "Inner",
                "Startup Cost": 54640.44,
                "Total Cost": 74151.69,
                "Plan Rows": 27394,
                "Plan Width": 0,
                "Actual Startup Time": 176.295,
                "Actual Total Time": 242.697,
                "Actual Rows": 69633,
                "Actual Loops": 2,
                "Inner Unique": true,
                "Hash Cond": "(mi_idx.movie_id = t.id)",
                "Plans": [
                  {
                    "Node Type": "Seq Scan",
                    "Parent Relationship": "Outer",
                    "Parallel Aware": true,
                    "Relation Name": "movie_info_idx",
                    "Alias": "mi_idx",
                    "Startup Cost": 0.0,
                    "Total Cost": 18082.32,
                    "Plan Rows": 544356,
                    "Plan Width": 4,
                    "Actual Startup Time": 0.021,
                    "Actual Total Time": 56.774,
                    "Actual Rows": 460055,
                    "Actual Loops": 2,
                    "Filter": "(info_type_id > 99)",
                    "Rows Removed by Filter": 229962
                  },
                  {
                    "Node Type": "Hash",
                    "Parent Relationship": "Inner",
                    "Parallel Aware": true,
                    "Startup Cost": 53704.92,
                    "Total Cost": 53704.92,
                    "Plan Rows": 74842,
                    "Plan Width": 4,
                    "Actual Startup Time": 135.969,
                    "Actual Total Time": 135.971,
                    "Actual Rows": 132677,
                    "Actual Loops": 2,
                    "Hash Buckets": 524288,
                    "Original Hash Buckets": 131072,
                    "Hash Batches": 1,
                    "Original Hash Batches": 1,
                    "Peak Memory Usage": 17600,
                    "Plans": [
                      {
                        "Node Type": "Bitmap Heap Scan",
                        "Parent Relationship": "Outer",
                        "Parallel Aware": true,
                        "Relation Name": "title",
                        "Alias": "t",
                        "Startup Cost": 11854.66,
                        "Total Cost": 53704.92,
                        "Plan Rows": 74842,
                        "Plan Width": 4,
                        "Actual Startup Time": 36.479,
                        "Actual Total Time": 101.02,
                        "Actual Rows": 132677,
                        "Actual Loops": 2,
                        "Recheck Cond": "(kind_id = 1)",
                        "Rows Removed by Index Recheck": 0,
                        "Filter": "(production_year < 1979)",
                        "Rows Removed by Filter": 198736,
                        "Exact Heap Blocks": 8489,
                        "Lossy Heap Blocks": 0,
                        "Plans": [
                          {
                            "Node Type": "Bitmap Index Scan",
                            "Parent Relationship": "Outer",
                            "Parallel Aware": false,
                            "Index Name": "kind_id_title",
                            "Startup Cost": 0.0,
                            "Total Cost": 11822.85,
                            "Plan Rows": 663256,
                            "Plan Width": 0,
                            "Actual Startup Time": 38.091,
                            "Actual Total Time": 38.091,
                            "Actual Rows": 662825,
                            "Actual Loops": 1,
                            "Index Cond": "(kind_id = 1)"
                          }
                        ]
                      }
                    ]
                  }
                ]
              }
            ]
          }
        ]
      }
    ]
  },
  "Planning Time": 0.474,
  "Triggers": [],
  "Execution Time": 260.189
}