[
  {
    "Plan": {
      "Node Type": "Aggregate",
      "Strategy": "Plain",
      "Partial Mode": "Finalize",
      "Parallel Aware": false,
      "Startup Cost": 340172.04,
      "Total Cost": 340172.05,
      "Plan Rows": 1,
      "Plan Width": 8,
      "Actual Startup Time": 421.416,
      "Actual Total Time": 442.559,
      "Actual Rows": 1,
      "Actual Loops": 1,
      "Plans": [
        {
          "Node Type": "Gather",
          "Parent Relationship": "Outer",
          "Parallel Aware": false,
          "Startup Cost": 340171.41,
          "Total Cost": 340172.02,
          "Plan Rows": 6,
          "Plan Width": 8,
          "Actual Startup Time": 421.307,
          "Actual Total Time": 442.547,
          "Actual Rows": 7,
          "Actual Loops": 1,
          "Workers Planned": 6,
          "Workers Launched": 6,
          "Single Copy": false,
          "Plans": [
            {
              "Node Type": "Aggregate",
              "Strategy": "Plain",
              "Partial Mode": "Partial",
              "Parent Relationship": "Outer",
              "Parallel Aware": false,
              "Startup Cost": 339171.41,
              "Total Cost": 339171.42,
              "Plan Rows": 1,
              "Plan Width": 8,
              "Actual Startup Time": 412.069,
              "Actual Total Time": 412.07,
              "Actual Rows": 1,
              "Actual Loops": 7,
              "Plans": [
                {
                  "Node Type": "Index Scan",
                  "Parent Relationship": "Outer",
                  "Parallel Aware": true,
                  "Scan Direction": "Forward",
                  "Index Name": "role_id_cast_info",
                  "Relation Name": "cast_info",
                  "Alias": "ci",
                  "Startup Cost": 0.56,
                  "Total Cost": 335235.55,
                  "Plan Rows": 1574346,
                  "Plan Width": 0,
                  "Actual Startup Time": 194.467,
                  "Actual Total Time": 373.559,
                  "Actual Rows": 889899,
                  "Actual Loops": 7,
                  "Index Cond": "(role_id = 1)",
                  "Rows Removed by Index Recheck": 0,
                  "Filter": "(person_id > 879270)",
                  "Rows Removed by Filter": 920200
                }
              ]
            }
          ]
        }
      ]
    },
    "Planning Time": 0.259,
    "Triggers": [],
    "Execution Time": 442.632
  }
]