[
  {
    "Plan": {
      "Node Type": "Aggregate",
      "Strategy": "Plain",
      "Partial Mode": "Finalize",
      "Parallel Aware": false,
      "Startup Cost": 31908.7,
      "Total Cost": 31908.71,
      "Plan Rows": 1,
      "Plan Width": 8,
      "Actual Startup Time": 102.664,
      "Actual Total Time": 110.467,
      "Actual Rows": 1,
      "Actual Loops": 1,
      "Plans": [
        {
          "Node Type": "Gather",
          "Parent Relationship": "Outer",
          "Parallel Aware": false,
          "Startup Cost": 31908.38,
          "Total Cost": 31908.69,
          "Plan Rows": 3,
          "Plan Width": 8,
          "Actual Startup Time": 102.572,
          "Actual Total Time": 110.459,
          "Actual Rows": 4,
          "Actual Loops": 1,
          "Workers Planned": 3,
          "Workers Launched": 3,
          "Single Copy": false,
          "Plans": [
            {
              "Node Type": "Aggregate",
              "Strategy": "Plain",
              "Partial Mode": "Partial",
              "Parent Relationship": "Outer",
              "Parallel Aware": false,
              "Startup Cost": 30908.38,
              "Total Cost": 30908.39,
              "Plan Rows": 1,
              "Plan Width": 8,
              "Actual Startup Time": 97.745,
              "Actual Total Time": 97.746,
              "Actual Rows": 1,
              "Actual Loops": 4,
              "Plans": [
                {
                  "Node Type": "Seq Scan",
                  "Parent Relationship": "Outer",
                  "Parallel Aware": true,
                  "Relation Name": "movie_companies",
                  "Alias": "mc",
                  "Startup Cost": 0.0,
                  "Total Cost": 29310.68,
                  "Plan Rows": 639081,
                  "Plan Width": 0,
                  "Actual Startup Time": 0.028,
                  "Actual Total Time": 75.269,
                  "Actual Rows": 492264,
                  "Actual Loops": 4,
                  "Filter": "(company_id < 57118)",
                  "Rows Removed by Filter": 160018
                }
              ]
            }
          ]
        }
      ]
    },
    "Planning Time": 0.142,
    "Triggers": [],
    "Execution Time": 110.506
  }
]