[
  {
    "Plan": {
      "Node Type": "Aggregate",
      "Strategy": "Plain",
      "Partial Mode": "Finalize",
      "Parallel Aware": false,
      "Startup Cost": 45038.66,
      "Total Cost": 45038.67,
      "Plan Rows": 1,
      "Plan Width": 8,
      "Actual Startup Time": 140.112,
      "Actual Total Time": 149.858,
      "Actual Rows": 1,
      "Actual Loops": 1,
      "Plans": [
        {
          "Node Type": "Gather",
          "Parent Relationship": "Outer",
          "Parallel Aware": false,
          "Startup Cost": 45038.34,
          "Total Cost": 45038.65,
          "Plan Rows": 3,
          "Plan Width": 8,
          "Actual Startup Time": 139.998,
          "Actual Total Time": 149.85,
          "Actual Rows": 4,
          "Actual Loops": 1,
          "Workers Planned": 3,
          "Workers Launched": 3,
          "Single Copy": false,
          "Plans": [
            {
              "Node Type": "Aggregate",
              "Strategy": "Plain",
              "Partial Mode": "Partial",
              "Parent Relationship": "Outer",
              "Parallel Aware": false,
              "Startup Cost": 44038.34,
              "Total Cost": 44038.35,
              "Plan Rows": 1,
              "Plan Width": 8,
              "Actual Startup Time": 131.741,
              "Actual Total Time": 131.742,
              "Actual Rows": 1,
              "Actual Loops": 4,
              "Plans": [
                {
                  "Node Type": "Seq Scan",
                  "Parent Relationship": "Outer",
                  "Parallel Aware": true,
                  "Relation Name": "movie_keyword",
                  "Alias": "mk",
                  "Startup Cost": 0.0,
                  "Total Cost": 42695.65,
                  "Plan Rows": 537075,
                  "Plan Width": 0,
                  "Actual Startup Time": 0.059,
                  "Actual Total Time": 111.742,
                  "Actual Rows": 420760,
                  "Actual Loops": 4,
                  "Filter": "(keyword_id < 2609)",
                  "Rows Removed by Filter": 710222
                }
              ]
            }
          ]
        }
      ]
    },
    "Planning Time": 0.123,
    "Triggers": [],
    "Execution Time": 149.898
  }
]