[
    {
        "Bao": {
            "Bao prediction": "NaN",
            "Bao recommended hint": "(no hint)"
        }
    },
    {
        "Plan": {
            "Node Type": "Aggregate",
            "Strategy": "Plain",
            "Partial Mode": "Finalize",
            "Parallel Aware": false,
            "Startup Cost": 53361.19,
            "Total Cost": 53361.2,
            "Plan Rows": 1,
            "Plan Width": 8,
            "Actual Startup Time": 46.808,
            "Actual Total Time": 51.911,
            "Actual Rows": 1,
            "Actual Loops": 1,
            "Output": [
                "count(*)"
            ],
            "Plans": [
                {
                    "Node Type": "Gather",
                    "Parent Relationship": "Outer",
                    "Parallel Aware": false,
                    "Startup Cost": 53360.77,
                    "Total Cost": 53361.18,
                    "Plan Rows": 4,
                    "Plan Width": 8,
                    "Actual Startup Time": 46.514,
                    "Actual Total Time": 51.905,
                    "Actual Rows": 5,
                    "Actual Loops": 1,
                    "Output": [
                        "(PARTIAL count(*))"
                    ],
                    "Workers Planned": 4,
                    "Workers Launched": 4,
                    "Single Copy": false,
                    "Plans": [
                        {
                            "Node Type": "Aggregate",
                            "Strategy": "Plain",
                            "Partial Mode": "Partial",
                            "Parent Relationship": "Outer",
                            "Parallel Aware": false,
                            "Startup Cost": 52360.77,
                            "Total Cost": 52360.78,
                            "Plan Rows": 1,
                            "Plan Width": 8,
                            "Actual Startup Time": 36.786,
                            "Actual Total Time": 36.787,
                            "Actual Rows": 1,
                            "Actual Loops": 5,
                            "Output": [
                                "PARTIAL count(*)"
                            ],
                            "Workers": [
                                {
                                    "Worker Number": 0,
                                    "Actual Startup Time": 33.778,
                                    "Actual Total Time": 33.78,
                                    "Actual Rows": 1,
                                    "Actual Loops": 1
                                },
                                {
                                    "Worker Number": 1,
                                    "Actual Startup Time": 34.451,
                                    "Actual Total Time": 34.452,
                                    "Actual Rows": 1,
                                    "Actual Loops": 1
                                },
                                {
                                    "Worker Number": 2,
                                    "Actual Startup Time": 34.754,
                                    "Actual Total Time": 34.755,
                                    "Actual Rows": 1,
                                    "Actual Loops": 1
                                },
                                {
                                    "Worker Number": 3,
                                    "Actual Startup Time": 34.84,
                                    "Actual Total Time": 34.842,
                                    "Actual Rows": 1,
                                    "Actual Loops": 1
                                }
                            ],
                            "Plans": [
                                {
                                    "Node Type": "Nested Loop",
                                    "Parent Relationship": "Outer",
                                    "Parallel Aware": false,
                                    "Join Type": "Inner",
                                    "Startup Cost": 1800.93,
                                    "Total Cost": 52359.41,
                                    "Plan Rows": 544,
                                    "Plan Width": 0,
                                    "Actual Startup Time": 4.519,
                                    "Actual Total Time": 36.643,
                                    "Actual Rows": 903,
                                    "Actual Loops": 5,
                                    "Inner Unique": false,
                                    "Workers": [
                                        {
                                            "Worker Number": 0,
                                            "Actual Startup Time": 4.957,
                                            "Actual Total Time": 33.678,
                                            "Actual Rows": 378,
                                            "Actual Loops": 1
                                        },
                                        {
                                            "Worker Number": 1,
                                            "Actual Startup Time": 2.084,
                                            "Actual Total Time": 34.314,
                                            "Actual Rows": 541,
                                            "Actual Loops": 1
                                        },
                                        {
                                            "Worker Number": 2,
                                            "Actual Startup Time": 1.787,
                                            "Actual Total Time": 34.595,
                                            "Actual Rows": 594,
                                            "Actual Loops": 1
                                        },
                                        {
                                            "Worker Number": 3,
                                            "Actual Startup Time": 1.621,
                                            "Actual Total Time": 34.684,
                                            "Actual Rows": 582,
                                            "Actual Loops": 1
                                        }
                                    ],
                                    "Plans": [
                                        {
                                            "Node Type": "Bitmap Heap Scan",
                                            "Parent Relationship": "Outer",
                                            "Parallel Aware": true,
                                            "Relation Name": "title",
                                            "Schema": "public",
                                            "Alias": "t",
                                            "Startup Cost": 1800.49,
                                            "Total Cost": 38176.48,
                                            "Plan Rows": 93,
                                            "Plan Width": 4,
                                            "Actual Startup Time": 4.322,
                                            "Actual Total Time": 28.473,
                                            "Actual Rows": 143,
                                            "Actual Loops": 5,
                                            "Output": [
                                                "t.id",
                                                "t.title",
                                                "t.imdb_index",
                                                "t.kind_id",
                                                "t.production_year",
                                                "t.imdb_id",
                                                "t.phonetic_code",
                                                "t.episode_of_id",
                                                "t.season_nr",
                                                "t.episode_nr",
                                                "t.series_years",
                                                "t.md5sum"
                                            ],
                                            "Recheck Cond": "(t.kind_id = 3)",
                                            "Rows Removed by Index Recheck": 0,
                                            "Filter": "(t.production_year = 1962)",
                                            "Rows Removed by Filter": 19964,
                                            "Exact Heap Blocks": 7165,
                                            "Lossy Heap Blocks": 0,
                                            "Workers": [
                                                {
                                                    "Worker Number": 0,
                                                    "Actual Startup Time": 4.78,
                                                    "Actual Total Time": 27.177,
                                                    "Actual Rows": 54,
                                                    "Actual Loops": 1
                                                },
                                                {
                                                    "Worker Number": 1,
                                                    "Actual Startup Time": 1.816,
                                                    "Actual Total Time": 25.614,
                                                    "Actual Rows": 88,
                                                    "Actual Loops": 1
                                                },
                                                {
                                                    "Worker Number": 2,
                                                    "Actual Startup Time": 1.531,
                                                    "Actual Total Time": 24.375,
                                                    "Actual Rows": 98,
                                                    "Actual Loops": 1
                                                },
                                                {
                                                    "Worker Number": 3,
                                                    "Actual Startup Time": 1.361,
                                                    "Actual Total Time": 24.624,
                                                    "Actual Rows": 90,
                                                    "Actual Loops": 1
                                                }
                                            ],
                                            "Plans": [
                                                {
                                                    "Node Type": "Bitmap Index Scan",
                                                    "Parent Relationship": "Outer",
                                                    "Parallel Aware": false,
                                                    "Index Name": "kind_id_title",
                                                    "Startup Cost": 0.0,
                                                    "Total Cost": 1800.4,
                                                    "Plan Rows": 100796,
                                                    "Plan Width": 0,
                                                    "Actual Startup Time": 8.242,
                                                    "Actual Total Time": 8.243,
                                                    "Actual Rows": 100537,
                                                    "Actual Loops": 1,
                                                    "Index Cond": "(t.kind_id = 3)"
                                                }
                                            ]
                                        },
                                        {
                                            "Node Type": "Index Only Scan",
                                            "Parent Relationship": "Inner",
                                            "Parallel Aware": false,
                                            "Scan Direction": "Forward",
                                            "Index Name": "movie_id_movie_info",
                                            "Relation Name": "movie_info",
                                            "Schema": "public",
                                            "Alias": "mi",
                                            "Startup Cost": 0.43,
                                            "Total Cost": 152.11,
                                            "Plan Rows": 39,
                                            "Plan Width": 4,
                                            "Actual Startup Time": 0.025,
                                            "Actual Total Time": 0.055,
                                            "Actual Rows": 6,
                                            "Actual Loops": 715,
                                            "Output": [
                                                "mi.movie_id"
                                            ],
                                            "Index Cond": "(mi.movie_id = t.id)",
                                            "Rows Removed by Index Recheck": 0,
                                            "Heap Fetches": 4514,
                                            "Workers": [
                                                {
                                                    "Worker Number": 0,
                                                    "Actual Startup Time": 0.053,
                                                    "Actual Total Time": 0.117,
                                                    "Actual Rows": 7,
                                                    "Actual Loops": 54
                                                },
                                                {
                                                    "Worker Number": 1,
                                                    "Actual Startup Time": 0.045,
                                                    "Actual Total Time": 0.096,
                                                    "Actual Rows": 6,
                                                    "Actual Loops": 88
                                                },
                                                {
                                                    "Worker Number": 2,
                                                    "Actual Startup Time": 0.046,
                                                    "Actual Total Time": 0.101,
                                                    "Actual Rows": 6,
                                                    "Actual Loops": 98
                                                },
                                                {
                                                    "Worker Number": 3,
                                                    "Actual Startup Time": 0.049,
                                                    "Actual Total Time": 0.108,
                                                    "Actual Rows": 6,
                                                    "Actual Loops": 90
                                                }
                                            ]
                                        }
                                    ]
                                }
                            ]
                        }
                    ]
                }
            ]
        },
        "Planning Time": 254.502,
        "Triggers": [],
        "Execution Time": 51.985
    }
]