{
  "Plan": {
    "Node Type": "Aggregate",
    "Strategy": "Plain",
    "Partial Mode": "Finalize",
    "Parallel Aware": false,
    "Startup Cost": 1025748.81,
    "Total Cost": 1025748.82,
    "Plan Rows": 1,
    "Plan Width": 8,
    "Actual Startup Time": 10070.96,
    "Actual Total Time": 10174.775,
    "Actual Rows": 1,
    "Actual Loops": 1,
    "Plans": [
      {
        "Node Type": "Gather",
        "Parent Relationship": "Outer",
        "Parallel Aware": false,
        "Startup Cost": 1025748.7,
        "Total Cost": 1025748.81,
        "Plan Rows": 1,
        "Plan Width": 8,
        "Actual Startup Time": 10062.407,
        "Actual Total Time": 10174.763,
        "Actual Rows": 2,
        "Actual Loops": 1,
        "Workers Planned": 1,
        "Workers Launched": 1,
        "Single Copy": false,
        "Plans": [
          {
            "Node Type": "Aggregate",
            "Strategy": "Plain",
            "Partial Mode": "Partial",
            "Parent Relationship": "Outer",
            "Parallel Aware": false,
            "Startup Cost": 1024748.7,
            "Total Cost": 1024748.71,
            "Plan Rows": 1,
            "Plan Width": 8,
            "Actual Startup Time": 10055.078,
            "Actual Total Time": 10056.414,
            "Actual Rows": 1,
            "Actual Loops": 2,
            "Plans": [
              {
                "Node Type": "Hash Join",
                "Parent Relationship": "Outer",
                "Parallel Aware": true,
                "Join Type": "Inner",
                "Startup Cost": 359405.61,
                "Total Cost": 1004182.69,
                "Plan Rows": 8226402,
                "Plan Width": 0,
                "Actual Startup Time": 2773.599,
                "Actual Total Time": 9337.092,
                "Actual Rows": 17071062,
                "Actual Loops": 2,
                "Inner Unique": false,
                "Hash Cond": "(ci.movie_id = t.id)",
                "Plans": [
                  {
                    "Node Type": "Seq Scan",
                    "Parent Relationship": "Outer",
                    "Parallel Aware": true,
                    "Relation Name": "cast_info",
                    "Alias": "ci",
                    "Startup Cost": 0.0,
                    "Total Cost": 519069.44,
                    "Plan Rows": 12370727,
                    "Plan Width": 4,
                    "Actual Startup Time": 0.021,
                    "Actual Total Time": 1542.269,
                    "Actual Rows": 10545844,
                    "Actual Loops": 2,
                    "Filter": "(person_id < 2129464)",
                    "Rows Removed by Filter": 7576328
                  },
                  {
                    "Node Type": "Hash",
                    "Parent Relationship": "Inner",
                    "Parallel Aware": true,
                    "Startup Cost": 347043.19,
                    "Total Cost": 347043.19,
                    "Plan Rows": 988993,
                    "Plan Width": 8,
                    "Actual Startup Time": 2758.718,
                    "Actual Total Time": 2760.053,
                    "Actual Rows": 1498669,
                    "Actual Loops": 2,
                    "Hash Buckets": 4194304,
                    "Original Hash Buckets": 2097152,
                    "Hash Batches": 1,
                    "Original Hash Batches": 1,
                    "Peak Memory Usage": 166432,
                    "Plans": [
                      {
                        "Node Type": "Hash Join",
                        "Parent Relationship": "Outer",
                        "Parallel Aware": true,
                        "Join Type": "Inner",
                        "Startup Cost": 57095.36,
                        "Total Cost": 347043.19,
                        "Plan Rows": 988993,
                        "Plan Width": 8,
                        "Actual Startup Time": 215.517,
                        "Actual Total Time": 2283.543,
                        "Actual Rows": 1498669,
                        "Actual Loops": 2,
                        "Inner Unique": true,
                        "Hash Cond": "(mi.movie_id = t.id)",
                        "Plans": [
                          {
                            "Node Type": "Seq Scan",
                            "Parent Relationship": "Outer",
                            "Parallel Aware": true,
                            "Relation Name": "movie_info",
                            "Alias": "mi",
                            "Startup Cost": 0.0,
                            "Total Cost": 270696.42,
                            "Plan Rows": 7333858,
                            "Plan Width": 4,
                            "Actual Startup Time": 0.018,
                            "Actual Total Time": 971.111,
                            "Actual Rows": 6300935,
                            "Actual Loops": 2,
                            "Filter": "(info_type_id < 17)",
                            "Rows Removed by Filter": 1116925
                          },
                          {
                            "Node Type": "Hash",
                            "Parent Relationship": "Inner",
                            "Parallel Aware": true,
                            "Startup Cost": 54588.39,
                            "Total Cost": 54588.39,
                            "Plan Rows": 200558,
                            "Plan Width": 4,
                            "Actual Startup Time": 211.396,
                            "Actual Total Time": 211.397,
                            "Actual Rows": 176040,
                            "Actual Loops": 2,
                            "Hash Buckets": 524288,
                            "Original Hash Buckets": 524288,
                            "Hash Batches": 1,
                            "Original Hash Batches": 1,
                            "Peak Memory Usage": 17888,
                            "Plans": [
                              {
                                "Node Type": "Seq Scan",
                                "Parent Relationship": "Outer",
                                "Parallel Aware": true,
                                "Relation Name": "title",
                                "Alias": "t",
                                "Startup Cost": 0.0,
                                "Total Cost": 54588.39,
                                "Plan Rows": 200558,
                                "Plan Width": 4,
                                "Actual Startup Time": 0.047,
                                "Actual Total Time": 160.167,
                                "Actual Rows": 176040,
                                "Actual Loops": 2,
                                "Filter": "(production_year < 1969)",
                                "Rows Removed by Filter": 1088116
                              }
                            ]
                          }
                        ]
                      }
                    ]
                  }
                ]
              }
            ]
          }
        ]
      }
    ]
  },
  "Planning Time": 0.979,
  "Triggers": [],
  "Execution Time": 10174.909
}