[
  {
    "Plan": {
      "Node Type": "Aggregate",
      "Strategy": "Plain",
      "Partial Mode": "Finalize",
      "Parallel Aware": false,
      "Startup Cost": 20072.67,
      "Total Cost": 20072.68,
      "Plan Rows": 1,
      "Plan Width": 8,
      "Actual Startup Time": 14.62,
      "Actual Total Time": 17.321,
      "Actual Rows": 1,
      "Actual Loops": 1,
      "Plans": [
        {
          "Node Type": "Gather",
          "Parent Relationship": "Outer",
          "Parallel Aware": false,
          "Startup Cost": 20072.56,
          "Total Cost": 20072.67,
          "Plan Rows": 1,
          "Plan Width": 8,
          "Actual Startup Time": 14.489,
          "Actual Total Time": 17.316,
          "Actual Rows": 2,
          "Actual Loops": 1,
          "Workers Planned": 1,
          "Workers Launched": 1,
          "Single Copy": false,
          "Plans": [
            {
              "Node Type": "Aggregate",
              "Strategy": "Plain",
              "Partial Mode": "Partial",
              "Parent Relationship": "Outer",
              "Parallel Aware": false,
              "Startup Cost": 19072.56,
              "Total Cost": 19072.57,
              "Plan Rows": 1,
              "Plan Width": 8,
              "Actual Startup Time": 11.318,
              "Actual Total Time": 11.319,
              "Actual Rows": 1,
              "Actual Loops": 2,
              "Plans": [
                {
                  "Node Type": "Nested Loop",
                  "Parent Relationship": "Outer",
                  "Parallel Aware": false,
                  "Join Type": "Inner",
                  "Startup Cost": 56.84,
                  "Total Cost": 19072.4,
                  "Plan Rows": 62,
                  "Plan Width": 0,
                  "Actual Startup Time": 5.03,
                  "Actual Total Time": 11.301,
                  "Actual Rows": 166,
                  "Actual Loops": 2,
                  "Inner Unique": false,
                  "Plans": [
                    {
                      "Node Type": "Nested Loop",
                      "Parent Relationship": "Outer",
                      "Parallel Aware": false,
                      "Join Type": "Inner",
                      "Startup Cost": 56.41,
                      "Total Cost": 18631.15,
                      "Plan Rows": 11,
                      "Plan Width": 8,
                      "Actual Startup Time": 4.939,
                      "Actual Total Time": 10.725,
                      "Actual Rows": 8,
                      "Actual Loops": 2,
                      "Inner Unique": true,
                      "Plans": [
                        {
                          "Node Type": "Bitmap Heap Scan",
                          "Parent Relationship": "Outer",
                          "Parallel Aware": true,
                          "Relation Name": "movie_companies",
                          "Alias": "mc",
                          "Startup Cost": 55.98,
                          "Total Cost": 7014.99,
                          "Plan Rows": 1484,
                          "Plan Width": 4,
                          "Actual Startup Time": 0.835,
                          "Actual Total Time": 2.934,
                          "Actual Rows": 1206,
                          "Actual Loops": 2,
                          "Recheck Cond": "(company_id = 708)",
                          "Rows Removed by Index Recheck": 0,
                          "Exact Heap Blocks": 1254,
                          "Lossy Heap Blocks": 0,
                          "Plans": [
                            {
                              "Node Type": "Bitmap Index Scan",
                              "Parent Relationship": "Outer",
                              "Parallel Aware": false,
                              "Index Name": "company_id_movie_companies",
                              "Startup Cost": 0.0,
                              "Total Cost": 55.34,
                              "Plan Rows": 2522,
                              "Plan Width": 0,
                              "Actual Startup Time": 1.335,
                              "Actual Total Time": 1.335,
                              "Actual Rows": 2411,
                              "Actual Loops": 1,
                              "Index Cond": "(company_id = 708)"
                            }
                          ]
                        },
                        {
                          "Node Type": "Index Scan",
                          "Parent Relationship": "Inner",
                          "Parallel Aware": false,
                          "Scan Direction": "Forward",
                          "Index Name": "title_pkey",
                          "Relation Name": "title",
                          "Alias": "t",
                          "Startup Cost": 0.43,
                          "Total Cost": 7.83,
                          "Plan Rows": 1,
                          "Plan Width": 4,
                          "Actual Startup Time": 0.006,
                          "Actual Total Time": 0.006,
                          "Actual Rows": 0,
                          "Actual Loops": 2411,
                          "Index Cond": "(id = mc.movie_id)",
                          "Rows Removed by Index Recheck": 0,
                          "Filter": "((kind_id = 1) AND (production_year = 2003))",
                          "Rows Removed by Filter": 1
                        }
                      ]
                    },
                    {
                      "Node Type": "Index Only Scan",
                      "Parent Relationship": "Inner",
                      "Parallel Aware": false,
                      "Scan Direction": "Forward",
                      "Index Name": "movie_id_movie_info",
                      "Relation Name": "movie_info",
                      "Alias": "mi",
                      "Startup Cost": 0.43,
                      "Total Cost": 39.7,
                      "Plan Rows": 41,
                      "Plan Width": 4,
                      "Actual Startup Time": 0.029,
                      "Actual Total Time": 0.074,
                      "Actual Rows": 22,
                      "Actual Loops": 15,
                      "Index Cond": "(movie_id = t.id)",
                      "Rows Removed by Index Recheck": 0,
                      "Heap Fetches": 331
                    }
                  ]
                }
              ]
            }
          ]
        }
      ]
    },
    "Planning Time": 0.669,
    "Triggers": [],
    "Execution Time": 17.389
  }
]