{
  "Plan": {
    "Node Type": "Aggregate",
    "Strategy": "Plain",
    "Partial Mode": "Finalize",
    "Parallel Aware": false,
    "Startup Cost": 385226.49,
    "Total Cost": 385226.5,
    "Plan Rows": 1,
    "Plan Width": 8,
    "Actual Startup Time": 2566.795,
    "Actual Total Time": 2634.368,
    "Actual Rows": 1,
    "Actual Loops": 1,
    "Plans": [
      {
        "Node Type": "Gather",
        "Parent Relationship": "Outer",
        "Parallel Aware": false,
        "Startup Cost": 385226.37,
        "Total Cost": 385226.48,
        "Plan Rows": 1,
        "Plan Width": 8,
        "Actual Startup Time": 2565.814,
        "Actual Total Time": 2634.361,
        "Actual Rows": 2,
        "Actual Loops": 1,
        "Workers Planned": 1,
        "Workers Launched": 1,
        "Single Copy": false,
        "Plans": [
          {
            "Node Type": "Aggregate",
            "Strategy": "Plain",
            "Partial Mode": "Partial",
            "Parent Relationship": "Outer",
            "Parallel Aware": false,
            "Startup Cost": 384226.37,
            "Total Cost": 384226.38,
            "Plan Rows": 1,
            "Plan Width": 8,
            "Actual Startup Time": 2559.591,
            "Actual Total Time": 2559.596,
            "Actual Rows": 1,
            "Actual Loops": 2,
            "Plans": [
              {
                "Node Type": "Nested Loop",
                "Parent Relationship": "Outer",
                "Parallel Aware": false,
                "Join Type": "Inner",
                "Startup Cost": 21425.61,
                "Total Cost": 382292.43,
                "Plan Rows": 773579,
                "Plan Width": 0,
                "Actual Startup Time": 135.695,
                "Actual Total Time": 2440.453,
                "Actual Rows": 2224520,
                "Actual Loops": 2,
                "Inner Unique": false,
                "Plans": [
                  {
                    "Node Type": "Hash Join",
                    "Parent Relationship": "Outer",
                    "Parallel Aware": true,
                    "Join Type": "Inner",
                    "Startup Cost": 21425.18,
                    "Total Cost": 80470.44,
                    "Plan Rows": 132297,
                    "Plan Width": 8,
                    "Actual Startup Time": 135.611,
                    "Actual Total Time": 578.529,
                    "Actual Rows": 139988,
                    "Actual Loops": 2,
                    "Inner Unique": false,
                    "Hash Cond": "(t.id = mi_idx.movie_id)",
                    "Plans": [
                      {
                        "Node Type": "Seq Scan",
                        "Parent Relationship": "Outer",
                        "Parallel Aware": true,
                        "Relation Name": "title",
                        "Alias": "t",
                        "Startup Cost": 0.0,
                        "Total Cost": 54588.39,
                        "Plan Rows": 735731,
                        "Plan Width": 4,
                        "Actual Startup Time": 0.015,
                        "Actual Total Time": 181.374,
                        "Actual Rows": 631850,
                        "Actual Loops": 2,
                        "Filter": "(production_year < 2004)",
                        "Rows Removed by Filter": 632306
                      },
                      {
                        "Node Type": "Hash",
                        "Parent Relationship": "Inner",
                        "Parallel Aware": true,
                        "Startup Cost": 18082.32,
                        "Total Cost": 18082.32,
                        "Plan Rows": 267429,
                        "Plan Width": 4,
                        "Actual Startup Time": 130.246,
                        "Actual Total Time": 130.247,
                        "Actual Rows": 229962,
                        "Actual Loops": 2,
                        "Hash Buckets": 524288,
                        "Original Hash Buckets": 524288,
                        "Hash Batches": 1,
                        "Original Hash Batches": 1,
                        "Peak Memory Usage": 22112,
                        "Plans": [
                          {
                            "Node Type": "Seq Scan",
                            "Parent Relationship": "Outer",
                            "Parallel Aware": true,
                            "Relation Name": "movie_info_idx",
                            "Alias": "mi_idx",
                            "Startup Cost": 0.0,
                            "Total Cost": 18082.32,
                            "Plan Rows": 267429,
                            "Plan Width": 4,
                            "Actual Startup Time": 0.058,
                            "Actual Total Time": 76.324,
                            "Actual Rows": 229962,
                            "Actual Loops": 2,
                            "Filter": "(info_type_id < 100)",
                            "Rows Removed by Filter": 460055
                          }
                        ]
                      }
                    ]
                  },
                  {
                    "Node Type": "Index Only Scan",
                    "Parent Relationship": "Inner",
                    "Parallel Aware": false,
                    "Scan Direction": "Forward",
                    "Index Name": "movie_id_movie_info",
                    "Relation Name": "movie_info",
                    "Alias": "mi",
                    "Startup Cost": 0.43,
                    "Total Cost": 1.86,
                    "Plan Rows": 42,
                    "Plan Width": 4,
                    "Actual Startup Time": 0.004,
                    "Actual Total Time": 0.012,
                    "Actual Rows": 16,
                    "Actual Loops": 279975,
                    "Index Cond": "(movie_id = t.id)",
                    "Rows Removed by Index Recheck": 0,
                    "Heap Fetches": 4449040
                  }
                ]
              }
            ]
          }
        ]
      }
    ]
  },
  "Planning Time": 1.052,
  "Triggers": [],
  "Execution Time": 2634.484
}