[
  {
    "Plan": {
      "Node Type": "Aggregate",
      "Strategy": "Plain",
      "Partial Mode": "Finalize",
      "Parallel Aware": false,
      "Startup Cost": 72534.57,
      "Total Cost": 72534.58,
      "Plan Rows": 1,
      "Plan Width": 8,
      "Actual Startup Time": 116.426,
      "Actual Total Time": 133.893,
      "Actual Rows": 1,
      "Actual Loops": 1,
      "Plans": [
        {
          "Node Type": "Gather",
          "Parent Relationship": "Outer",
          "Parallel Aware": false,
          "Startup Cost": 72534.15,
          "Total Cost": 72534.56,
          "Plan Rows": 4,
          "Plan Width": 8,
          "Actual Startup Time": 116.272,
          "Actual Total Time": 133.884,
          "Actual Rows": 5,
          "Actual Loops": 1,
          "Workers Planned": 4,
          "Workers Launched": 4,
          "Single Copy": false,
          "Plans": [
            {
              "Node Type": "Aggregate",
              "Strategy": "Plain",
              "Partial Mode": "Partial",
              "Parent Relationship": "Outer",
              "Parallel Aware": false,
              "Startup Cost": 71534.15,
              "Total Cost": 71534.16,
              "Plan Rows": 1,
              "Plan Width": 8,
              "Actual Startup Time": 106.372,
              "Actual Total Time": 106.373,
              "Actual Rows": 1,
              "Actual Loops": 5,
              "Plans": [
                {
                  "Node Type": "Nested Loop",
                  "Parent Relationship": "Outer",
                  "Parallel Aware": false,
                  "Join Type": "Inner",
                  "Startup Cost": 0.56,
                  "Total Cost": 71527.99,
                  "Plan Rows": 2461,
                  "Plan Width": 0,
                  "Actual Startup Time": 57.203,
                  "Actual Total Time": 105.897,
                  "Actual Rows": 5405,
                  "Actual Loops": 5,
                  "Inner Unique": false,
                  "Plans": [
                    {
                      "Node Type": "Seq Scan",
                      "Parent Relationship": "Outer",
                      "Parallel Aware": true,
                      "Relation Name": "title",
                      "Alias": "t",
                      "Startup Cost": 0.0,
                      "Total Cost": 45479.1,
                      "Plan Rows": 178,
                      "Plan Width": 4,
                      "Actual Startup Time": 57.12,
                      "Actual Total Time": 78.301,
                      "Actual Rows": 560,
                      "Actual Loops": 5,
                      "Filter": "((kind_id < 7) AND (production_year = 1929))",
                      "Rows Removed by Filter": 505102
                    },
                    {
                      "Node Type": "Index Scan",
                      "Parent Relationship": "Inner",
                      "Parallel Aware": false,
                      "Scan Direction": "Forward",
                      "Index Name": "movie_id_cast_info",
                      "Relation Name": "cast_info",
                      "Alias": "ci",
                      "Startup Cost": 0.56,
                      "Total Cost": 145.98,
                      "Plan Rows": 36,
                      "Plan Width": 4,
                      "Actual Startup Time": 0.013,
                      "Actual Total Time": 0.048,
                      "Actual Rows": 10,
                      "Actual Loops": 2800,
                      "Index Cond": "(movie_id = t.id)",
                      "Rows Removed by Index Recheck": 0,
                      "Filter": "(person_id < 3839354)",
                      "Rows Removed by Filter": 0
                    }
                  ]
                }
              ]
            }
          ]
        }
      ]
    },
    "Planning Time": 0.655,
    "Triggers": [],
    "Execution Time": 133.969
  }
]