{
  "Plan": {
    "Node Type": "Aggregate",
    "Strategy": "Plain",
    "Partial Mode": "Finalize",
    "Parallel Aware": false,
    "Startup Cost": 123863.59,
    "Total Cost": 123863.6,
    "Plan Rows": 1,
    "Plan Width": 8,
    "Actual Startup Time": 273.134,
    "Actual Total Time": 298.579,
    "Actual Rows": 1,
    "Actual Loops": 1,
    "Plans": [
      {
        "Node Type": "Gather",
        "Parent Relationship": "Outer",
        "Parallel Aware": false,
        "Startup Cost": 123863.47,
        "Total Cost": 123863.58,
        "Plan Rows": 1,
        "Plan Width": 8,
        "Actual Startup Time": 272.889,
        "Actual Total Time": 298.571,
        "Actual Rows": 2,
        "Actual Loops": 1,
        "Workers Planned": 1,
        "Workers Launched": 1,
        "Single Copy": false,
        "Plans": [
          {
            "Node Type": "Aggregate",
            "Strategy": "Plain",
            "Partial Mode": "Partial",
            "Parent Relationship": "Outer",
            "Parallel Aware": false,
            "Startup Cost": 122863.47,
            "Total Cost": 122863.48,
            "Plan Rows": 1,
            "Plan Width": 8,
            "Actual Startup Time": 266.803,
            "Actual Total Time": 266.805,
            "Actual Rows": 1,
            "Actual Loops": 2,
            "Plans": [
              {
                "Node Type": "Nested Loop",
                "Parent Relationship": "Outer",
                "Parallel Aware": false,
                "Join Type": "Inner",
                "Startup Cost": 0.99,
                "Total Cost": 122858.18,
                "Plan Rows": 2118,
                "Plan Width": 0,
                "Actual Startup Time": 99.532,
                "Actual Total Time": 265.263,
                "Actual Rows": 15856,
                "Actual Loops": 2,
                "Inner Unique": false,
                "Join Filter": "(t.id = mc.movie_id)",
                "Rows Removed by Join Filter": 0,
                "Plans": [
                  {
                    "Node Type": "Nested Loop",
                    "Parent Relationship": "Outer",
                    "Parallel Aware": false,
                    "Join Type": "Inner",
                    "Startup Cost": 0.56,
                    "Total Cost": 119442.98,
                    "Plan Rows": 5985,
                    "Plan Width": 8,
                    "Actual Startup Time": 99.426,
                    "Actual Total Time": 208.943,
                    "Actual Rows": 18499,
                    "Actual Loops": 2,
                    "Inner Unique": false,
                    "Plans": [
                      {
                        "Node Type": "Seq Scan",
                        "Parent Relationship": "Outer",
                        "Parallel Aware": true,
                        "Relation Name": "title",
                        "Alias": "t",
                        "Startup Cost": 0.0,
                        "Total Cost": 58306.47,
                        "Plan Rows": 418,
                        "Plan Width": 4,
                        "Actual Startup Time": 99.325,
                        "Actual Total Time": 146.146,
                        "Actual Rows": 1216,
                        "Actual Loops": 2,
                        "Filter": "((kind_id < 7) AND (production_year = 1933))",
                        "Rows Removed by Filter": 1262940
                      },
                      {
                        "Node Type": "Index Only Scan",
                        "Parent Relationship": "Inner",
                        "Parallel Aware": false,
                        "Scan Direction": "Forward",
                        "Index Name": "movie_id_cast_info",
                        "Relation Name": "cast_info",
                        "Alias": "ci",
                        "Startup Cost": 0.56,
                        "Total Cost": 145.89,
                        "Plan Rows": 37,
                        "Plan Width": 4,
                        "Actual Startup Time": 0.012,
                        "Actual Total Time": 0.049,
                        "Actual Rows": 15,
                        "Actual Loops": 2433,
                        "Index Cond": "(movie_id = t.id)",
                        "Rows Removed by Index Recheck": 0,
                        "Heap Fetches": 36998
                      }
                    ]
                  },
                  {
                    "Node Type": "Index Scan",
                    "Parent Relationship": "Inner",
                    "Parallel Aware": false,
                    "Scan Direction": "Forward",
                    "Index Name": "movie_id_movie_companies",
                    "Relation Name": "movie_companies",
                    "Alias": "mc",
                    "Startup Cost": 0.43,
                    "Total Cost": 0.55,
                    "Plan Rows": 2,
                    "Plan Width": 4,
                    "Actual Startup Time": 0.003,
                    "Actual Total Time": 0.003,
                    "Actual Rows": 1,
                    "Actual Loops": 36998,
                    "Index Cond": "(movie_id = ci.movie_id)",
                    "Rows Removed by Index Recheck": 0,
                    "Filter": "((company_id > 2234) AND (company_type_id > 1))",
                    "Rows Removed by Filter": 3
                  }
                ]
              }
            ]
          }
        ]
      }
    ]
  },
  "Planning Time": 1.128,
  "Triggers": [],
  "Execution Time": 298.67
}