[
  {
    "Plan": {
      "Node Type": "Aggregate",
      "Strategy": "Plain",
      "Partial Mode": "Finalize",
      "Parallel Aware": false,
      "Startup Cost": 27339.31,
      "Total Cost": 27339.32,
      "Plan Rows": 1,
      "Plan Width": 8,
      "Actual Startup Time": 59.322,
      "Actual Total Time": 65.911,
      "Actual Rows": 1,
      "Actual Loops": 1,
      "Plans": [
        {
          "Node Type": "Gather",
          "Parent Relationship": "Outer",
          "Parallel Aware": false,
          "Startup Cost": 27338.99,
          "Total Cost": 27339.3,
          "Plan Rows": 3,
          "Plan Width": 8,
          "Actual Startup Time": 58.994,
          "Actual Total Time": 65.905,
          "Actual Rows": 4,
          "Actual Loops": 1,
          "Workers Planned": 3,
          "Workers Launched": 3,
          "Single Copy": false,
          "Plans": [
            {
              "Node Type": "Aggregate",
              "Strategy": "Plain",
              "Partial Mode": "Partial",
              "Parent Relationship": "Outer",
              "Parallel Aware": false,
              "Startup Cost": 26338.99,
              "Total Cost": 26339.0,
              "Plan Rows": 1,
              "Plan Width": 8,
              "Actual Startup Time": 55.648,
              "Actual Total Time": 55.649,
              "Actual Rows": 1,
              "Actual Loops": 4,
              "Plans": [
                {
                  "Node Type": "Bitmap Heap Scan",
                  "Parent Relationship": "Outer",
                  "Parallel Aware": true,
                  "Relation Name": "movie_companies",
                  "Alias": "mc",
                  "Startup Cost": 6171.2,
                  "Total Cost": 26109.36,
                  "Plan Rows": 91853,
                  "Plan Width": 0,
                  "Actual Startup Time": 14.99,
                  "Actual Total Time": 51.904,
                  "Actual Rows": 69720,
                  "Actual Loops": 4,
                  "Recheck Cond": "(company_id < 150)",
                  "Rows Removed by Index Recheck": 0,
                  "Exact Heap Blocks": 8423,
                  "Lossy Heap Blocks": 0,
                  "Plans": [
                    {
                      "Node Type": "Bitmap Index Scan",
                      "Parent Relationship": "Outer",
                      "Parallel Aware": false,
                      "Index Name": "company_id_movie_companies",
                      "Startup Cost": 0.0,
                      "Total Cost": 6100.01,
                      "Plan Rows": 284744,
                      "Plan Width": 0,
                      "Actual Startup Time": 14.813,
                      "Actual Total Time": 14.813,
                      "Actual Rows": 278880,
                      "Actual Loops": 1,
                      "Index Cond": "(company_id < 150)"
                    }
                  ]
                }
              ]
            }
          ]
        }
      ]
    },
    "Planning Time": 0.084,
    "Triggers": [],
    "Execution Time": 65.944
  }
]