[
  {
    "Plan": {
      "Node Type": "Aggregate",
      "Strategy": "Plain",
      "Partial Mode": "Finalize",
      "Parallel Aware": false,
      "Startup Cost": 78167.41,
      "Total Cost": 78167.42,
      "Plan Rows": 1,
      "Plan Width": 8,
      "Actual Startup Time": 394.962,
      "Actual Total Time": 412.049,
      "Actual Rows": 1,
      "Actual Loops": 1,
      "Plans": [
        {
          "Node Type": "Gather",
          "Parent Relationship": "Outer",
          "Parallel Aware": false,
          "Startup Cost": 78167.09,
          "Total Cost": 78167.4,
          "Plan Rows": 3,
          "Plan Width": 8,
          "Actual Startup Time": 391.994,
          "Actual Total Time": 412.036,
          "Actual Rows": 4,
          "Actual Loops": 1,
          "Workers Planned": 3,
          "Workers Launched": 3,
          "Single Copy": false,
          "Plans": [
            {
              "Node Type": "Aggregate",
              "Strategy": "Plain",
              "Partial Mode": "Partial",
              "Parent Relationship": "Outer",
              "Parallel Aware": false,
              "Startup Cost": 77167.09,
              "Total Cost": 77167.1,
              "Plan Rows": 1,
              "Plan Width": 8,
              "Actual Startup Time": 383.151,
              "Actual Total Time": 383.155,
              "Actual Rows": 1,
              "Actual Loops": 4,
              "Plans": [
                {
                  "Node Type": "Hash Join",
                  "Parent Relationship": "Outer",
                  "Parallel Aware": true,
                  "Join Type": "Inner",
                  "Startup Cost": 47273.36,
                  "Total Cost": 76689.25,
                  "Plan Rows": 191136,
                  "Plan Width": 0,
                  "Actual Startup Time": 175.817,
                  "Actual Total Time": 376.544,
                  "Actual Rows": 112162,
                  "Actual Loops": 4,
                  "Inner Unique": true,
                  "Hash Cond": "(mc.movie_id = t.id)",
                  "Plans": [
                    {
                      "Node Type": "Seq Scan",
                      "Parent Relationship": "Outer",
                      "Parallel Aware": true,
                      "Relation Name": "movie_companies",
                      "Alias": "mc",
                      "Startup Cost": 0.0,
                      "Total Cost": 27206.55,
                      "Plan Rows": 841655,
                      "Plan Width": 4,
                      "Actual Startup Time": 0.021,
                      "Actual Total Time": 70.942,
                      "Actual Rows": 652282,
                      "Actual Loops": 4
                    },
                    {
                      "Node Type": "Hash",
                      "Parent Relationship": "Inner",
                      "Parallel Aware": true,
                      "Startup Cost": 45479.1,
                      "Total Cost": 45479.1,
                      "Plan Rows": 143541,
                      "Plan Width": 4,
                      "Actual Startup Time": 170.603,
                      "Actual Total Time": 170.603,
                      "Actual Rows": 111597,
                      "Actual Loops": 4,
                      "Hash Buckets": 1048576,
                      "Original Hash Buckets": 1048576,
                      "Hash Batches": 1,
                      "Original Hash Batches": 1,
                      "Peak Memory Usage": 25696,
                      "Plans": [
                        {
                          "Node Type": "Seq Scan",
                          "Parent Relationship": "Outer",
                          "Parallel Aware": true,
                          "Relation Name": "title",
                          "Alias": "t",
                          "Startup Cost": 0.0,
                          "Total Cost": 45479.1,
                          "Plan Rows": 143541,
                          "Plan Width": 4,
                          "Actual Startup Time": 0.042,
                          "Actual Total Time": 119.841,
                          "Actual Rows": 111597,
                          "Actual Loops": 4,
                          "Filter": "((kind_id > 1) AND (production_year < 1994))",
                          "Rows Removed by Filter": 520481
                        }
                      ]
                    }
                  ]
                }
              ]
            }
          ]
        }
      ]
    },
    "Planning Time": 0.663,
    "Triggers": [],
    "Execution Time": 412.12
  }
]