[
  {
    "Plan": {
      "Node Type": "Aggregate",
      "Strategy": "Plain",
      "Partial Mode": "Finalize",
      "Parallel Aware": false,
      "Startup Cost": 249004.21,
      "Total Cost": 249004.22,
      "Plan Rows": 1,
      "Plan Width": 8,
      "Actual Startup Time": 823.292,
      "Actual Total Time": 902.999,
      "Actual Rows": 1,
      "Actual Loops": 1,
      "Plans": [
        {
          "Node Type": "Gather",
          "Parent Relationship": "Outer",
          "Parallel Aware": false,
          "Startup Cost": 249003.69,
          "Total Cost": 249004.2,
          "Plan Rows": 5,
          "Plan Width": 8,
          "Actual Startup Time": 822.461,
          "Actual Total Time": 902.978,
          "Actual Rows": 6,
          "Actual Loops": 1,
          "Workers Planned": 5,
          "Workers Launched": 5,
          "Single Copy": false,
          "Plans": [
            {
              "Node Type": "Aggregate",
              "Strategy": "Plain",
              "Partial Mode": "Partial",
              "Parent Relationship": "Outer",
              "Parallel Aware": false,
              "Startup Cost": 248003.69,
              "Total Cost": 248003.7,
              "Plan Rows": 1,
              "Plan Width": 8,
              "Actual Startup Time": 812.024,
              "Actual Total Time": 812.03,
              "Actual Rows": 1,
              "Actual Loops": 6,
              "Plans": [
                {
                  "Node Type": "Hash Join",
                  "Parent Relationship": "Outer",
                  "Parallel Aware": true,
                  "Join Type": "Inner",
                  "Startup Cost": 45610.17,
                  "Total Cost": 247952.78,
                  "Plan Rows": 20364,
                  "Plan Width": 0,
                  "Actual Startup Time": 157.472,
                  "Actual Total Time": 810.089,
                  "Actual Rows": 21302,
                  "Actual Loops": 6,
                  "Inner Unique": true,
                  "Hash Cond": "(mi.movie_id = t.id)",
                  "Plans": [
                    {
                      "Node Type": "Seq Scan",
                      "Parent Relationship": "Outer",
                      "Parallel Aware": true,
                      "Relation Name": "movie_info",
                      "Alias": "mi",
                      "Startup Cost": 0.0,
                      "Total Cost": 199108.24,
                      "Plan Rows": 1232139,
                      "Plan Width": 4,
                      "Actual Startup Time": 23.958,
                      "Actual Total Time": 533.87,
                      "Actual Rows": 1037249,
                      "Actual Loops": 6,
                      "Filter": "(info_type_id > 8)",
                      "Rows Removed by Filter": 1435371
                    },
                    {
                      "Node Type": "Hash",
                      "Parent Relationship": "Inner",
                      "Parallel Aware": true,
                      "Startup Cost": 45479.59,
                      "Total Cost": 45479.59,
                      "Plan Rows": 10447,
                      "Plan Width": 4,
                      "Actual Startup Time": 117.27,
                      "Actual Total Time": 117.272,
                      "Actual Rows": 6593,
                      "Actual Loops": 6,
                      "Hash Buckets": 65536,
                      "Original Hash Buckets": 65536,
                      "Hash Batches": 1,
                      "Original Hash Batches": 1,
                      "Peak Memory Usage": 2144,
                      "Plans": [
                        {
                          "Node Type": "Seq Scan",
                          "Parent Relationship": "Outer",
                          "Parallel Aware": true,
                          "Relation Name": "title",
                          "Alias": "t",
                          "Startup Cost": 0.0,
                          "Total Cost": 45479.59,
                          "Plan Rows": 10447,
                          "Plan Width": 4,
                          "Actual Startup Time": 55.115,
                          "Actual Total Time": 112.478,
                          "Actual Rows": 6593,
                          "Actual Loops": 6,
                          "Filter": "((kind_id = 1) AND (production_year = 2012))",
                          "Rows Removed by Filter": 414792
                        }
                      ]
                    }
                  ]
                }
              ]
            }
          ]
        }
      ]
    },
    "Planning Time": 0.635,
    "Triggers": [],
    "Execution Time": 903.09
  }
]