[
  {
    "Plan": {
      "Node Type": "Aggregate",
      "Strategy": "Plain",
      "Partial Mode": "Finalize",
      "Parallel Aware": false,
      "Startup Cost": 38336.08,
      "Total Cost": 38336.09,
      "Plan Rows": 1,
      "Plan Width": 8,
      "Actual Startup Time": 98.886,
      "Actual Total Time": 104.946,
      "Actual Rows": 1,
      "Actual Loops": 1,
      "Plans": [
        {
          "Node Type": "Gather",
          "Parent Relationship": "Outer",
          "Parallel Aware": false,
          "Startup Cost": 38335.86,
          "Total Cost": 38336.07,
          "Plan Rows": 2,
          "Plan Width": 8,
          "Actual Startup Time": 98.791,
          "Actual Total Time": 104.94,
          "Actual Rows": 3,
          "Actual Loops": 1,
          "Workers Planned": 2,
          "Workers Launched": 2,
          "Single Copy": false,
          "Plans": [
            {
              "Node Type": "Aggregate",
              "Strategy": "Plain",
              "Partial Mode": "Partial",
              "Parent Relationship": "Outer",
              "Parallel Aware": false,
              "Startup Cost": 37335.86,
              "Total Cost": 37335.87,
              "Plan Rows": 1,
              "Plan Width": 8,
              "Actual Startup Time": 93.572,
              "Actual Total Time": 93.575,
              "Actual Rows": 1,
              "Actual Loops": 3,
              "Plans": [
                {
                  "Node Type": "Nested Loop",
                  "Parent Relationship": "Outer",
                  "Parallel Aware": false,
                  "Join Type": "Inner",
                  "Startup Cost": 15687.25,
                  "Total Cost": 37332.49,
                  "Plan Rows": 1347,
                  "Plan Width": 0,
                  "Actual Startup Time": 16.024,
                  "Actual Total Time": 93.259,
                  "Actual Rows": 4775,
                  "Actual Loops": 3,
                  "Inner Unique": true,
                  "Join Filter": "(mc.movie_id = t.id)",
                  "Rows Removed by Join Filter": 0,
                  "Plans": [
                    {
                      "Node Type": "Hash Join",
                      "Parent Relationship": "Outer",
                      "Parallel Aware": true,
                      "Join Type": "Inner",
                      "Startup Cost": 15686.82,
                      "Total Cost": 32757.89,
                      "Plan Rows": 6980,
                      "Plan Width": 8,
                      "Actual Startup Time": 15.943,
                      "Actual Total Time": 77.889,
                      "Actual Rows": 4775,
                      "Actual Loops": 3,
                      "Inner Unique": false,
                      "Hash Cond": "(mi_idx.movie_id = mc.movie_id)",
                      "Plans": [
                        {
                          "Node Type": "Seq Scan",
                          "Parent Relationship": "Outer",
                          "Parallel Aware": true,
                          "Relation Name": "movie_info_idx",
                          "Alias": "mi_idx",
                          "Startup Cost": 0.0,
                          "Total Cost": 15122.68,
                          "Plan Rows": 383860,
                          "Plan Width": 4,
                          "Actual Startup Time": 0.028,
                          "Actual Total Time": 44.169,
                          "Actual Rows": 306703,
                          "Actual Loops": 3,
                          "Filter": "(info_type_id > 99)",
                          "Rows Removed by Filter": 153308
                        },
                        {
                          "Node Type": "Hash",
                          "Parent Relationship": "Inner",
                          "Parallel Aware": true,
                          "Startup Cost": 15640.62,
                          "Total Cost": 15640.62,
                          "Plan Rows": 3696,
                          "Plan Width": 4,
                          "Actual Startup Time": 10.561,
                          "Actual Total Time": 10.562,
                          "Actual Rows": 3388,
                          "Actual Loops": 3,
                          "Hash Buckets": 16384,
                          "Original Hash Buckets": 16384,
                          "Hash Batches": 1,
                          "Original Hash Batches": 1,
                          "Peak Memory Usage": 576,
                          "Plans": [
                            {
                              "Node Type": "Bitmap Heap Scan",
                              "Parent Relationship": "Outer",
                              "Parallel Aware": true,
                              "Relation Name": "movie_companies",
                              "Alias": "mc",
                              "Startup Cost": 193.18,
                              "Total Cost": 15640.62,
                              "Plan Rows": 3696,
                              "Plan Width": 4,
                              "Actual Startup Time": 1.037,
                              "Actual Total Time": 9.471,
                              "Actual Rows": 3388,
                              "Actual Loops": 3,
                              "Recheck Cond": "(company_id = 846)",
                              "Rows Removed by Index Recheck": 0,
                              "Exact Heap Blocks": 4815,
                              "Lossy Heap Blocks": 0,
                              "Plans": [
                                {
                                  "Node Type": "Bitmap Index Scan",
                                  "Parent Relationship": "Outer",
                                  "Parallel Aware": false,
                                  "Index Name": "company_id_movie_companies",
                                  "Startup Cost": 0.0,
                                  "Total Cost": 190.96,
                                  "Plan Rows": 8871,
                                  "Plan Width": 0,
                                  "Actual Startup Time": 1.56,
                                  "Actual Total Time": 1.561,
                                  "Actual Rows": 10163,
                                  "Actual Loops": 1,
                                  "Index Cond": "(company_id = 846)"
                                }
                              ]
                            }
                          ]
                        }
                      ]
                    },
                    {
                      "Node Type": "Index Only Scan",
                      "Parent Relationship": "Inner",
                      "Parallel Aware": false,
                      "Scan Direction": "Forward",
                      "Index Name": "title_pkey",
                      "Relation Name": "title",
                      "Alias": "t",
                      "Startup Cost": 0.43,
                      "Total Cost": 0.64,
                      "Plan Rows": 1,
                      "Plan Width": 4,
                      "Actual Startup Time": 0.003,
                      "Actual Total Time": 0.003,
                      "Actual Rows": 1,
                      "Actual Loops": 14324,
                      "Index Cond": "(id = mi_idx.movie_id)",
                      "Rows Removed by Index Recheck": 0,
                      "Heap Fetches": 14324
                    }
                  ]
                }
              ]
            }
          ]
        }
      ]
    },
    "Planning Time": 0.689,
    "Triggers": [],
    "Execution Time": 105.003
  }
]