{
  "Plan": {
    "Node Type": "Aggregate",
    "Strategy": "Plain",
    "Partial Mode": "Finalize",
    "Parallel Aware": false,
    "Startup Cost": 239101.19,
    "Total Cost": 239101.2,
    "Plan Rows": 1,
    "Plan Width": 8,
    "Actual Startup Time": 1019.489,
    "Actual Total Time": 1043.856,
    "Actual Rows": 1,
    "Actual Loops": 1,
    "Plans": [
      {
        "Node Type": "Gather",
        "Parent Relationship": "Outer",
        "Parallel Aware": false,
        "Startup Cost": 239101.08,
        "Total Cost": 239101.19,
        "Plan Rows": 1,
        "Plan Width": 8,
        "Actual Startup Time": 1015.273,
        "Actual Total Time": 1043.846,
        "Actual Rows": 2,
        "Actual Loops": 1,
        "Workers Planned": 1,
        "Workers Launched": 1,
        "Single Copy": false,
        "Plans": [
          {
            "Node Type": "Aggregate",
            "Strategy": "Plain",
            "Partial Mode": "Partial",
            "Parent Relationship": "Outer",
            "Parallel Aware": false,
            "Startup Cost": 238101.08,
            "Total Cost": 238101.09,
            "Plan Rows": 1,
            "Plan Width": 8,
            "Actual Startup Time": 1002.612,
            "Actual Total Time": 1002.622,
            "Actual Rows": 1,
            "Actual Loops": 2,
            "Plans": [
              {
                "Node Type": "Hash Join",
                "Parent Relationship": "Outer",
                "Parallel Aware": true,
                "Join Type": "Inner",
                "Startup Cost": 176952.84,
                "Total Cost": 238057.96,
                "Plan Rows": 17248,
                "Plan Width": 0,
                "Actual Startup Time": 644.136,
                "Actual Total Time": 963.814,
                "Actual Rows": 730482,
                "Actual Loops": 2,
                "Inner Unique": false,
                "Hash Cond": "(mk.movie_id = t.id)",
                "Plans": [
                  {
                    "Node Type": "Seq Scan",
                    "Parent Relationship": "Outer",
                    "Parallel Aware": true,
                    "Relation Name": "movie_keyword",
                    "Alias": "mk",
                    "Startup Cost": 0.0,
                    "Total Cost": 57718.19,
                    "Plan Rows": 876124,
                    "Plan Width": 4,
                    "Actual Startup Time": 1.265,
                    "Actual Total Time": 192.831,
                    "Actual Rows": 748430,
                    "Actual Loops": 2,
                    "Filter": "(keyword_id > 10833)",
                    "Rows Removed by Filter": 1513534
                  },
                  {
                    "Node Type": "Hash",
                    "Parent Relationship": "Inner",
                    "Parallel Aware": true,
                    "Startup Cost": 176586.86,
                    "Total Cost": 176586.86,
                    "Plan Rows": 29278,
                    "Plan Width": 8,
                    "Actual Startup Time": 641.097,
                    "Actual Total Time": 641.106,
                    "Actual Rows": 25134,
                    "Actual Loops": 2,
                    "Hash Buckets": 65536,
                    "Original Hash Buckets": 65536,
                    "Hash Batches": 1,
                    "Original Hash Batches": 1,
                    "Peak Memory Usage": 2496,
                    "Plans": [
                      {
                        "Node Type": "Hash Join",
                        "Parent Relationship": "Outer",
                        "Parallel Aware": true,
                        "Join Type": "Inner",
                        "Startup Cost": 70362.87,
                        "Total Cost": 176586.86,
                        "Plan Rows": 29278,
                        "Plan Width": 8,
                        "Actual Startup Time": 613.271,
                        "Actual Total Time": 635.242,
                        "Actual Rows": 25134,
                        "Actual Loops": 2,
                        "Inner Unique": true,
                        "Hash Cond": "(mi.movie_id = t.id)",
                        "Plans": [
                          {
                            "Node Type": "Bitmap Heap Scan",
                            "Parent Relationship": "Outer",
                            "Parallel Aware": true,
                            "Relation Name": "movie_info",
                            "Alias": "mi",
                            "Startup Cost": 902.17,
                            "Total Cost": 107049.31,
                            "Plan Rows": 29278,
                            "Plan Width": 4,
                            "Actual Startup Time": 4.35,
                            "Actual Total Time": 15.343,
                            "Actual Rows": 25134,
                            "Actual Loops": 2,
                            "Recheck Cond": "(info_type_id > 107)",
                            "Rows Removed by Index Recheck": 0,
                            "Exact Heap Blocks": 2099,
                            "Lossy Heap Blocks": 0,
                            "Plans": [
                              {
                                "Node Type": "Bitmap Index Scan",
                                "Parent Relationship": "Outer",
                                "Parallel Aware": false,
                                "Index Name": "info_type_id_movie_info",
                                "Startup Cost": 0.0,
                                "Total Cost": 889.72,
                                "Plan Rows": 49772,
                                "Plan Width": 0,
                                "Actual Startup Time": 3.338,
                                "Actual Total Time": 3.338,
                                "Actual Rows": 50267,
                                "Actual Loops": 1,
                                "Index Cond": "(info_type_id > 107)"
                              }
                            ]
                          },
                          {
                            "Node Type": "Hash",
                            "Parent Relationship": "Inner",
                            "Parallel Aware": true,
                            "Startup Cost": 50870.31,
                            "Total Cost": 50870.31,
                            "Plan Rows": 1487231,
                            "Plan Width": 4,
                            "Actual Startup Time": 588.419,
                            "Actual Total Time": 588.42,
                            "Actual Rows": 1264156,
                            "Actual Loops": 2,
                            "Hash Buckets": 4194304,
                            "Original Hash Buckets": 4194304,
                            "Hash Batches": 1,
                            "Original Hash Batches": 1,
                            "Peak Memory Usage": 131712,
                            "Plans": [
                              {
                                "Node Type": "Seq Scan",
                                "Parent Relationship": "Outer",
                                "Parallel Aware": true,
                                "Relation Name": "title",
                                "Alias": "t",
                                "Startup Cost": 0.0,
                                "Total Cost": 50870.31,
                                "Plan Rows": 1487231,
                                "Plan Width": 4,
                                "Actual Startup Time": 0.025,
                                "Actual Total Time": 169.742,
                                "Actual Rows": 1264156,
                                "Actual Loops": 2
                              }
                            ]
                          }
                        ]
                      }
                    ]
                  }
                ]
              }
            ]
          }
        ]
      }
    ]
  },
  "Planning Time": 1.112,
  "Triggers": [],
  "Execution Time": 1043.963
}